<?xml version="1.0" encoding="UTF-8"?>
<testsuite name="com.github.traderjoe95.mls.protocol.tree.TreeMath" tests="10168" skipped="0" failures="0" errors="0" timestamp="2024-03-25T12:32:33" hostname="ataleb-ThinkPad-X13-Gen-1" time="4.56">
  <properties/>
  <testcase name="there should be 1 nodes" classname="com.github.traderjoe95.mls.protocol.tree.TreeMath" time="0.0"/>
  <testcase name="the root should have index 0" classname="com.github.traderjoe95.mls.protocol.tree.TreeMath" time="0.0"/>
  <testcase name="there should be 3 nodes" classname="com.github.traderjoe95.mls.protocol.tree.TreeMath" time="0.0"/>
  <testcase name="the root should have index 1" classname="com.github.traderjoe95.mls.protocol.tree.TreeMath" time="0.0"/>
  <testcase name="of node 1 should be 0" classname="com.github.traderjoe95.mls.protocol.tree.TreeMath" time="0.0"/>
  <testcase name="of node 1 should be 2" classname="com.github.traderjoe95.mls.protocol.tree.TreeMath" time="0.0"/>
  <testcase name="of node 0 should be 1" classname="com.github.traderjoe95.mls.protocol.tree.TreeMath" time="0.001"/>
  <testcase name="of node 2 should be 1" classname="com.github.traderjoe95.mls.protocol.tree.TreeMath" time="0.0"/>
  <testcase name="of node 0 should be 2" classname="com.github.traderjoe95.mls.protocol.tree.TreeMath" time="0.0"/>
  <testcase name="of node 2 should be 0" classname="com.github.traderjoe95.mls.protocol.tree.TreeMath" time="0.0"/>
  <testcase name="there should be 7 nodes" classname="com.github.traderjoe95.mls.protocol.tree.TreeMath" time="0.0"/>
  <testcase name="the root should have index 3" classname="com.github.traderjoe95.mls.protocol.tree.TreeMath" time="0.0"/>
  <testcase name="of node 1 should be 0" classname="com.github.traderjoe95.mls.protocol.tree.TreeMath" time="0.0"/>
  <testcase name="of node 3 should be 1" classname="com.github.traderjoe95.mls.protocol.tree.TreeMath" time="0.0"/>
  <testcase name="of node 5 should be 4" classname="com.github.traderjoe95.mls.protocol.tree.TreeMath" time="0.0"/>
  <testcase name="of node 1 should be 2" classname="com.github.traderjoe95.mls.protocol.tree.TreeMath" time="0.0"/>
  <testcase name="of node 3 should be 5" classname="com.github.traderjoe95.mls.protocol.tree.TreeMath" time="0.0"/>
  <testcase name="of node 5 should be 6" classname="com.github.traderjoe95.mls.protocol.tree.TreeMath" time="0.0"/>
  <testcase name="of node 0 should be 1" classname="com.github.traderjoe95.mls.protocol.tree.TreeMath" time="0.0"/>
  <testcase name="of node 1 should be 3" classname="com.github.traderjoe95.mls.protocol.tree.TreeMath" time="0.0"/>
  <testcase name="of node 2 should be 1" classname="com.github.traderjoe95.mls.protocol.tree.TreeMath" time="0.0"/>
  <testcase name="of node 4 should be 5" classname="com.github.traderjoe95.mls.protocol.tree.TreeMath" time="0.0"/>
  <testcase name="of node 5 should be 3" classname="com.github.traderjoe95.mls.protocol.tree.TreeMath" time="0.0"/>
  <testcase name="of node 6 should be 5" classname="com.github.traderjoe95.mls.protocol.tree.TreeMath" time="0.0"/>
  <testcase name="of node 0 should be 2" classname="com.github.traderjoe95.mls.protocol.tree.TreeMath" time="0.0"/>
  <testcase name="of node 1 should be 5" classname="com.github.traderjoe95.mls.protocol.tree.TreeMath" time="0.0"/>
  <testcase name="of node 2 should be 0" classname="com.github.traderjoe95.mls.protocol.tree.TreeMath" time="0.0"/>
  <testcase name="of node 4 should be 6" classname="com.github.traderjoe95.mls.protocol.tree.TreeMath" time="0.0"/>
  <testcase name="of node 5 should be 1" classname="com.github.traderjoe95.mls.protocol.tree.TreeMath" time="0.0"/>
  <testcase name="of node 6 should be 4" classname="com.github.traderjoe95.mls.protocol.tree.TreeMath" time="0.001"/>
  <testcase name="there should be 15 nodes" classname="com.github.traderjoe95.mls.protocol.tree.TreeMath" time="0.0"/>
  <testcase name="the root should have index 7" classname="com.github.traderjoe95.mls.protocol.tree.TreeMath" time="0.0"/>
  <testcase name="of node 1 should be 0" classname="com.github.traderjoe95.mls.protocol.tree.TreeMath" time="0.0"/>
  <testcase name="of node 3 should be 1" classname="com.github.traderjoe95.mls.protocol.tree.TreeMath" time="0.0"/>
  <testcase name="of node 5 should be 4" classname="com.github.traderjoe95.mls.protocol.tree.TreeMath" time="0.0"/>
  <testcase name="of node 7 should be 3" classname="com.github.traderjoe95.mls.protocol.tree.TreeMath" time="0.0"/>
  <testcase name="of node 9 should be 8" classname="com.github.traderjoe95.mls.protocol.tree.TreeMath" time="0.0"/>
  <testcase name="of node 11 should be 9" classname="com.github.traderjoe95.mls.protocol.tree.TreeMath" time="0.0"/>
  <testcase name="of node 13 should be 12" classname="com.github.traderjoe95.mls.protocol.tree.TreeMath" time="0.0"/>
  <testcase name="of node 1 should be 2" classname="com.github.traderjoe95.mls.protocol.tree.TreeMath" time="0.0"/>
  <testcase name="of node 3 should be 5" classname="com.github.traderjoe95.mls.protocol.tree.TreeMath" time="0.0"/>
  <testcase name="of node 5 should be 6" classname="com.github.traderjoe95.mls.protocol.tree.TreeMath" time="0.0"/>
  <testcase name="of node 7 should be 11" classname="com.github.traderjoe95.mls.protocol.tree.TreeMath" time="0.0"/>
  <testcase name="of node 9 should be 10" classname="com.github.traderjoe95.mls.protocol.tree.TreeMath" time="0.0"/>
  <testcase name="of node 11 should be 13" classname="com.github.traderjoe95.mls.protocol.tree.TreeMath" time="0.0"/>
  <testcase name="of node 13 should be 14" classname="com.github.traderjoe95.mls.protocol.tree.TreeMath" time="0.0"/>
  <testcase name="of node 0 should be 1" classname="com.github.traderjoe95.mls.protocol.tree.TreeMath" time="0.0"/>
  <testcase name="of node 1 should be 3" classname="com.github.traderjoe95.mls.protocol.tree.TreeMath" time="0.0"/>
  <testcase name="of node 2 should be 1" classname="com.github.traderjoe95.mls.protocol.tree.TreeMath" time="0.0"/>
  <testcase name="of node 3 should be 7" classname="com.github.traderjoe95.mls.protocol.tree.TreeMath" time="0.0"/>
  <testcase name="of node 4 should be 5" classname="com.github.traderjoe95.mls.protocol.tree.TreeMath" time="0.0"/>
  <testcase name="of node 5 should be 3" classname="com.github.traderjoe95.mls.protocol.tree.TreeMath" time="0.0"/>
  <testcase name="of node 6 should be 5" classname="com.github.traderjoe95.mls.protocol.tree.TreeMath" time="0.0"/>
  <testcase name="of node 8 should be 9" classname="com.github.traderjoe95.mls.protocol.tree.TreeMath" time="0.0"/>
  <testcase name="of node 9 should be 11" classname="com.github.traderjoe95.mls.protocol.tree.TreeMath" time="0.0"/>
  <testcase name="of node 10 should be 9" classname="com.github.traderjoe95.mls.protocol.tree.TreeMath" time="0.0"/>
  <testcase name="of node 11 should be 7" classname="com.github.traderjoe95.mls.protocol.tree.TreeMath" time="0.0"/>
  <testcase name="of node 12 should be 13" classname="com.github.traderjoe95.mls.protocol.tree.TreeMath" time="0.0"/>
  <testcase name="of node 13 should be 11" classname="com.github.traderjoe95.mls.protocol.tree.TreeMath" time="0.0"/>
  <testcase name="of node 14 should be 13" classname="com.github.traderjoe95.mls.protocol.tree.TreeMath" time="0.0"/>
  <testcase name="of node 0 should be 2" classname="com.github.traderjoe95.mls.protocol.tree.TreeMath" time="0.0"/>
  <testcase name="of node 1 should be 5" classname="com.github.traderjoe95.mls.protocol.tree.TreeMath" time="0.0"/>
  <testcase name="of node 2 should be 0" classname="com.github.traderjoe95.mls.protocol.tree.TreeMath" time="0.0"/>
  <testcase name="of node 3 should be 11" classname="com.github.traderjoe95.mls.protocol.tree.TreeMath" time="0.0"/>
  <testcase name="of node 4 should be 6" classname="com.github.traderjoe95.mls.protocol.tree.TreeMath" time="0.0"/>
  <testcase name="of node 5 should be 1" classname="com.github.traderjoe95.mls.protocol.tree.TreeMath" time="0.0"/>
  <testcase name="of node 6 should be 4" classname="com.github.traderjoe95.mls.protocol.tree.TreeMath" time="0.0"/>
  <testcase name="of node 8 should be 10" classname="com.github.traderjoe95.mls.protocol.tree.TreeMath" time="0.0"/>
  <testcase name="of node 9 should be 13" classname="com.github.traderjoe95.mls.protocol.tree.TreeMath" time="0.0"/>
  <testcase name="of node 10 should be 8" classname="com.github.traderjoe95.mls.protocol.tree.TreeMath" time="0.0"/>
  <testcase name="of node 11 should be 3" classname="com.github.traderjoe95.mls.protocol.tree.TreeMath" time="0.0"/>
  <testcase name="of node 12 should be 14" classname="com.github.traderjoe95.mls.protocol.tree.TreeMath" time="0.0"/>
  <testcase name="of node 13 should be 9" classname="com.github.traderjoe95.mls.protocol.tree.TreeMath" time="0.0"/>
  <testcase name="of node 14 should be 12" classname="com.github.traderjoe95.mls.protocol.tree.TreeMath" time="0.0"/>
  <testcase name="there should be 31 nodes" classname="com.github.traderjoe95.mls.protocol.tree.TreeMath" time="0.0"/>
  <testcase name="the root should have index 15" classname="com.github.traderjoe95.mls.protocol.tree.TreeMath" time="0.0"/>
  <testcase name="of node 1 should be 0" classname="com.github.traderjoe95.mls.protocol.tree.TreeMath" time="0.0"/>
  <testcase name="of node 3 should be 1" classname="com.github.traderjoe95.mls.protocol.tree.TreeMath" time="0.0"/>
  <testcase name="of node 5 should be 4" classname="com.github.traderjoe95.mls.protocol.tree.TreeMath" time="0.0"/>
  <testcase name="of node 7 should be 3" classname="com.github.traderjoe95.mls.protocol.tree.TreeMath" time="0.0"/>
  <testcase name="of node 9 should be 8" classname="com.github.traderjoe95.mls.protocol.tree.TreeMath" time="0.0"/>
  <testcase name="of node 11 should be 9" classname="com.github.traderjoe95.mls.protocol.tree.TreeMath" time="0.0"/>
  <testcase name="of node 13 should be 12" classname="com.github.traderjoe95.mls.protocol.tree.TreeMath" time="0.0"/>
  <testcase name="of node 15 should be 7" classname="com.github.traderjoe95.mls.protocol.tree.TreeMath" time="0.0"/>
  <testcase name="of node 17 should be 16" classname="com.github.traderjoe95.mls.protocol.tree.TreeMath" time="0.0"/>
  <testcase name="of node 19 should be 17" classname="com.github.traderjoe95.mls.protocol.tree.TreeMath" time="0.0"/>
  <testcase name="of node 21 should be 20" classname="com.github.traderjoe95.mls.protocol.tree.TreeMath" time="0.0"/>
  <testcase name="of node 23 should be 19" classname="com.github.traderjoe95.mls.protocol.tree.TreeMath" time="0.0"/>
  <testcase name="of node 25 should be 24" classname="com.github.traderjoe95.mls.protocol.tree.TreeMath" time="0.0"/>
  <testcase name="of node 27 should be 25" classname="com.github.traderjoe95.mls.protocol.tree.TreeMath" time="0.0"/>
  <testcase name="of node 29 should be 28" classname="com.github.traderjoe95.mls.protocol.tree.TreeMath" time="0.0"/>
  <testcase name="of node 1 should be 2" classname="com.github.traderjoe95.mls.protocol.tree.TreeMath" time="0.0"/>
  <testcase name="of node 3 should be 5" classname="com.github.traderjoe95.mls.protocol.tree.TreeMath" time="0.0"/>
  <testcase name="of node 5 should be 6" classname="com.github.traderjoe95.mls.protocol.tree.TreeMath" time="0.0"/>
  <testcase name="of node 7 should be 11" classname="com.github.traderjoe95.mls.protocol.tree.TreeMath" time="0.001"/>
  <testcase name="of node 9 should be 10" classname="com.github.traderjoe95.mls.protocol.tree.TreeMath" time="0.0"/>
  <testcase name="of node 11 should be 13" classname="com.github.traderjoe95.mls.protocol.tree.TreeMath" time="0.0"/>
  <testcase name="of node 13 should be 14" classname="com.github.traderjoe95.mls.protocol.tree.TreeMath" time="0.0"/>
  <testcase name="of node 15 should be 23" classname="com.github.traderjoe95.mls.protocol.tree.TreeMath" time="0.0"/>
  <testcase name="of node 17 should be 18" classname="com.github.traderjoe95.mls.protocol.tree.TreeMath" time="0.0"/>
  <testcase name="of node 19 should be 21" classname="com.github.traderjoe95.mls.protocol.tree.TreeMath" time="0.0"/>
  <testcase name="of node 21 should be 22" classname="com.github.traderjoe95.mls.protocol.tree.TreeMath" time="0.001"/>
  <testcase name="of node 23 should be 27" classname="com.github.traderjoe95.mls.protocol.tree.TreeMath" time="0.0"/>
  <testcase name="of node 25 should be 26" classname="com.github.traderjoe95.mls.protocol.tree.TreeMath" time="0.0"/>
  <testcase name="of node 27 should be 29" classname="com.github.traderjoe95.mls.protocol.tree.TreeMath" time="0.0"/>
  <testcase name="of node 29 should be 30" classname="com.github.traderjoe95.mls.protocol.tree.TreeMath" time="0.0"/>
  <testcase name="of node 0 should be 1" classname="com.github.traderjoe95.mls.protocol.tree.TreeMath" time="0.0"/>
  <testcase name="of node 1 should be 3" classname="com.github.traderjoe95.mls.protocol.tree.TreeMath" time="0.0"/>
  <testcase name="of node 2 should be 1" classname="com.github.traderjoe95.mls.protocol.tree.TreeMath" time="0.0"/>
  <testcase name="of node 3 should be 7" classname="com.github.traderjoe95.mls.protocol.tree.TreeMath" time="0.0"/>
  <testcase name="of node 4 should be 5" classname="com.github.traderjoe95.mls.protocol.tree.TreeMath" time="0.0"/>
  <testcase name="of node 5 should be 3" classname="com.github.traderjoe95.mls.protocol.tree.TreeMath" time="0.0"/>
  <testcase name="of node 6 should be 5" classname="com.github.traderjoe95.mls.protocol.tree.TreeMath" time="0.0"/>
  <testcase name="of node 7 should be 15" classname="com.github.traderjoe95.mls.protocol.tree.TreeMath" time="0.0"/>
  <testcase name="of node 8 should be 9" classname="com.github.traderjoe95.mls.protocol.tree.TreeMath" time="0.0"/>
  <testcase name="of node 9 should be 11" classname="com.github.traderjoe95.mls.protocol.tree.TreeMath" time="0.0"/>
  <testcase name="of node 10 should be 9" classname="com.github.traderjoe95.mls.protocol.tree.TreeMath" time="0.0"/>
  <testcase name="of node 11 should be 7" classname="com.github.traderjoe95.mls.protocol.tree.TreeMath" time="0.0"/>
  <testcase name="of node 12 should be 13" classname="com.github.traderjoe95.mls.protocol.tree.TreeMath" time="0.0"/>
  <testcase name="of node 13 should be 11" classname="com.github.traderjoe95.mls.protocol.tree.TreeMath" time="0.0"/>
  <testcase name="of node 14 should be 13" classname="com.github.traderjoe95.mls.protocol.tree.TreeMath" time="0.0"/>
  <testcase name="of node 16 should be 17" classname="com.github.traderjoe95.mls.protocol.tree.TreeMath" time="0.0"/>
  <testcase name="of node 17 should be 19" classname="com.github.traderjoe95.mls.protocol.tree.TreeMath" time="0.0"/>
  <testcase name="of node 18 should be 17" classname="com.github.traderjoe95.mls.protocol.tree.TreeMath" time="0.0"/>
  <testcase name="of node 19 should be 23" classname="com.github.traderjoe95.mls.protocol.tree.TreeMath" time="0.0"/>
  <testcase name="of node 20 should be 21" classname="com.github.traderjoe95.mls.protocol.tree.TreeMath" time="0.0"/>
  <testcase name="of node 21 should be 19" classname="com.github.traderjoe95.mls.protocol.tree.TreeMath" time="0.0"/>
  <testcase name="of node 22 should be 21" classname="com.github.traderjoe95.mls.protocol.tree.TreeMath" time="0.0"/>
  <testcase name="of node 23 should be 15" classname="com.github.traderjoe95.mls.protocol.tree.TreeMath" time="0.0"/>
  <testcase name="of node 24 should be 25" classname="com.github.traderjoe95.mls.protocol.tree.TreeMath" time="0.0"/>
  <testcase name="of node 25 should be 27" classname="com.github.traderjoe95.mls.protocol.tree.TreeMath" time="0.0"/>
  <testcase name="of node 26 should be 25" classname="com.github.traderjoe95.mls.protocol.tree.TreeMath" time="0.0"/>
  <testcase name="of node 27 should be 23" classname="com.github.traderjoe95.mls.protocol.tree.TreeMath" time="0.0"/>
  <testcase name="of node 28 should be 29" classname="com.github.traderjoe95.mls.protocol.tree.TreeMath" time="0.0"/>
  <testcase name="of node 29 should be 27" classname="com.github.traderjoe95.mls.protocol.tree.TreeMath" time="0.0"/>
  <testcase name="of node 30 should be 29" classname="com.github.traderjoe95.mls.protocol.tree.TreeMath" time="0.0"/>
  <testcase name="of node 0 should be 2" classname="com.github.traderjoe95.mls.protocol.tree.TreeMath" time="0.0"/>
  <testcase name="of node 1 should be 5" classname="com.github.traderjoe95.mls.protocol.tree.TreeMath" time="0.0"/>
  <testcase name="of node 2 should be 0" classname="com.github.traderjoe95.mls.protocol.tree.TreeMath" time="0.001"/>
  <testcase name="of node 3 should be 11" classname="com.github.traderjoe95.mls.protocol.tree.TreeMath" time="0.0"/>
  <testcase name="of node 4 should be 6" classname="com.github.traderjoe95.mls.protocol.tree.TreeMath" time="0.0"/>
  <testcase name="of node 5 should be 1" classname="com.github.traderjoe95.mls.protocol.tree.TreeMath" time="0.0"/>
  <testcase name="of node 6 should be 4" classname="com.github.traderjoe95.mls.protocol.tree.TreeMath" time="0.0"/>
  <testcase name="of node 7 should be 23" classname="com.github.traderjoe95.mls.protocol.tree.TreeMath" time="0.0"/>
  <testcase name="of node 8 should be 10" classname="com.github.traderjoe95.mls.protocol.tree.TreeMath" time="0.0"/>
  <testcase name="of node 9 should be 13" classname="com.github.traderjoe95.mls.protocol.tree.TreeMath" time="0.0"/>
  <testcase name="of node 10 should be 8" classname="com.github.traderjoe95.mls.protocol.tree.TreeMath" time="0.0"/>
  <testcase name="of node 11 should be 3" classname="com.github.traderjoe95.mls.protocol.tree.TreeMath" time="0.0"/>
  <testcase name="of node 12 should be 14" classname="com.github.traderjoe95.mls.protocol.tree.TreeMath" time="0.0"/>
  <testcase name="of node 13 should be 9" classname="com.github.traderjoe95.mls.protocol.tree.TreeMath" time="0.0"/>
  <testcase name="of node 14 should be 12" classname="com.github.traderjoe95.mls.protocol.tree.TreeMath" time="0.0"/>
  <testcase name="of node 16 should be 18" classname="com.github.traderjoe95.mls.protocol.tree.TreeMath" time="0.0"/>
  <testcase name="of node 17 should be 21" classname="com.github.traderjoe95.mls.protocol.tree.TreeMath" time="0.0"/>
  <testcase name="of node 18 should be 16" classname="com.github.traderjoe95.mls.protocol.tree.TreeMath" time="0.0"/>
  <testcase name="of node 19 should be 27" classname="com.github.traderjoe95.mls.protocol.tree.TreeMath" time="0.001"/>
  <testcase name="of node 20 should be 22" classname="com.github.traderjoe95.mls.protocol.tree.TreeMath" time="0.0"/>
  <testcase name="of node 21 should be 17" classname="com.github.traderjoe95.mls.protocol.tree.TreeMath" time="0.0"/>
  <testcase name="of node 22 should be 20" classname="com.github.traderjoe95.mls.protocol.tree.TreeMath" time="0.0"/>
  <testcase name="of node 23 should be 7" classname="com.github.traderjoe95.mls.protocol.tree.TreeMath" time="0.0"/>
  <testcase name="of node 24 should be 26" classname="com.github.traderjoe95.mls.protocol.tree.TreeMath" time="0.0"/>
  <testcase name="of node 25 should be 29" classname="com.github.traderjoe95.mls.protocol.tree.TreeMath" time="0.0"/>
  <testcase name="of node 26 should be 24" classname="com.github.traderjoe95.mls.protocol.tree.TreeMath" time="0.0"/>
  <testcase name="of node 27 should be 19" classname="com.github.traderjoe95.mls.protocol.tree.TreeMath" time="0.0"/>
  <testcase name="of node 28 should be 30" classname="com.github.traderjoe95.mls.protocol.tree.TreeMath" time="0.0"/>
  <testcase name="of node 29 should be 25" classname="com.github.traderjoe95.mls.protocol.tree.TreeMath" time="0.0"/>
  <testcase name="of node 30 should be 28" classname="com.github.traderjoe95.mls.protocol.tree.TreeMath" time="0.0"/>
  <testcase name="there should be 63 nodes" classname="com.github.traderjoe95.mls.protocol.tree.TreeMath" time="0.0"/>
  <testcase name="the root should have index 31" classname="com.github.traderjoe95.mls.protocol.tree.TreeMath" time="0.0"/>
  <testcase name="of node 1 should be 0" classname="com.github.traderjoe95.mls.protocol.tree.TreeMath" time="0.0"/>
  <testcase name="of node 3 should be 1" classname="com.github.traderjoe95.mls.protocol.tree.TreeMath" time="0.0"/>
  <testcase name="of node 5 should be 4" classname="com.github.traderjoe95.mls.protocol.tree.TreeMath" time="0.0"/>
  <testcase name="of node 7 should be 3" classname="com.github.traderjoe95.mls.protocol.tree.TreeMath" time="0.0"/>
  <testcase name="of node 9 should be 8" classname="com.github.traderjoe95.mls.protocol.tree.TreeMath" time="0.0"/>
  <testcase name="of node 11 should be 9" classname="com.github.traderjoe95.mls.protocol.tree.TreeMath" time="0.0"/>
  <testcase name="of node 13 should be 12" classname="com.github.traderjoe95.mls.protocol.tree.TreeMath" time="0.0"/>
  <testcase name="of node 15 should be 7" classname="com.github.traderjoe95.mls.protocol.tree.TreeMath" time="0.0"/>
  <testcase name="of node 17 should be 16" classname="com.github.traderjoe95.mls.protocol.tree.TreeMath" time="0.0"/>
  <testcase name="of node 19 should be 17" classname="com.github.traderjoe95.mls.protocol.tree.TreeMath" time="0.0"/>
  <testcase name="of node 21 should be 20" classname="com.github.traderjoe95.mls.protocol.tree.TreeMath" time="0.0"/>
  <testcase name="of node 23 should be 19" classname="com.github.traderjoe95.mls.protocol.tree.TreeMath" time="0.0"/>
  <testcase name="of node 25 should be 24" classname="com.github.traderjoe95.mls.protocol.tree.TreeMath" time="0.0"/>
  <testcase name="of node 27 should be 25" classname="com.github.traderjoe95.mls.protocol.tree.TreeMath" time="0.0"/>
  <testcase name="of node 29 should be 28" classname="com.github.traderjoe95.mls.protocol.tree.TreeMath" time="0.0"/>
  <testcase name="of node 31 should be 15" classname="com.github.traderjoe95.mls.protocol.tree.TreeMath" time="0.0"/>
  <testcase name="of node 33 should be 32" classname="com.github.traderjoe95.mls.protocol.tree.TreeMath" time="0.0"/>
  <testcase name="of node 35 should be 33" classname="com.github.traderjoe95.mls.protocol.tree.TreeMath" time="0.0"/>
  <testcase name="of node 37 should be 36" classname="com.github.traderjoe95.mls.protocol.tree.TreeMath" time="0.0"/>
  <testcase name="of node 39 should be 35" classname="com.github.traderjoe95.mls.protocol.tree.TreeMath" time="0.0"/>
  <testcase name="of node 41 should be 40" classname="com.github.traderjoe95.mls.protocol.tree.TreeMath" time="0.0"/>
  <testcase name="of node 43 should be 41" classname="com.github.traderjoe95.mls.protocol.tree.TreeMath" time="0.001"/>
  <testcase name="of node 45 should be 44" classname="com.github.traderjoe95.mls.protocol.tree.TreeMath" time="0.0"/>
  <testcase name="of node 47 should be 39" classname="com.github.traderjoe95.mls.protocol.tree.TreeMath" time="0.0"/>
  <testcase name="of node 49 should be 48" classname="com.github.traderjoe95.mls.protocol.tree.TreeMath" time="0.001"/>
  <testcase name="of node 51 should be 49" classname="com.github.traderjoe95.mls.protocol.tree.TreeMath" time="0.0"/>
  <testcase name="of node 53 should be 52" classname="com.github.traderjoe95.mls.protocol.tree.TreeMath" time="0.0"/>
  <testcase name="of node 55 should be 51" classname="com.github.traderjoe95.mls.protocol.tree.TreeMath" time="0.0"/>
  <testcase name="of node 57 should be 56" classname="com.github.traderjoe95.mls.protocol.tree.TreeMath" time="0.0"/>
  <testcase name="of node 59 should be 57" classname="com.github.traderjoe95.mls.protocol.tree.TreeMath" time="0.0"/>
  <testcase name="of node 61 should be 60" classname="com.github.traderjoe95.mls.protocol.tree.TreeMath" time="0.001"/>
  <testcase name="of node 1 should be 2" classname="com.github.traderjoe95.mls.protocol.tree.TreeMath" time="0.0"/>
  <testcase name="of node 3 should be 5" classname="com.github.traderjoe95.mls.protocol.tree.TreeMath" time="0.0"/>
  <testcase name="of node 5 should be 6" classname="com.github.traderjoe95.mls.protocol.tree.TreeMath" time="0.0"/>
  <testcase name="of node 7 should be 11" classname="com.github.traderjoe95.mls.protocol.tree.TreeMath" time="0.0"/>
  <testcase name="of node 9 should be 10" classname="com.github.traderjoe95.mls.protocol.tree.TreeMath" time="0.0"/>
  <testcase name="of node 11 should be 13" classname="com.github.traderjoe95.mls.protocol.tree.TreeMath" time="0.0"/>
  <testcase name="of node 13 should be 14" classname="com.github.traderjoe95.mls.protocol.tree.TreeMath" time="0.0"/>
  <testcase name="of node 15 should be 23" classname="com.github.traderjoe95.mls.protocol.tree.TreeMath" time="0.0"/>
  <testcase name="of node 17 should be 18" classname="com.github.traderjoe95.mls.protocol.tree.TreeMath" time="0.0"/>
  <testcase name="of node 19 should be 21" classname="com.github.traderjoe95.mls.protocol.tree.TreeMath" time="0.0"/>
  <testcase name="of node 21 should be 22" classname="com.github.traderjoe95.mls.protocol.tree.TreeMath" time="0.0"/>
  <testcase name="of node 23 should be 27" classname="com.github.traderjoe95.mls.protocol.tree.TreeMath" time="0.0"/>
  <testcase name="of node 25 should be 26" classname="com.github.traderjoe95.mls.protocol.tree.TreeMath" time="0.0"/>
  <testcase name="of node 27 should be 29" classname="com.github.traderjoe95.mls.protocol.tree.TreeMath" time="0.0"/>
  <testcase name="of node 29 should be 30" classname="com.github.traderjoe95.mls.protocol.tree.TreeMath" time="0.0"/>
  <testcase name="of node 31 should be 47" classname="com.github.traderjoe95.mls.protocol.tree.TreeMath" time="0.0"/>
  <testcase name="of node 33 should be 34" classname="com.github.traderjoe95.mls.protocol.tree.TreeMath" time="0.0"/>
  <testcase name="of node 35 should be 37" classname="com.github.traderjoe95.mls.protocol.tree.TreeMath" time="0.0"/>
  <testcase name="of node 37 should be 38" classname="com.github.traderjoe95.mls.protocol.tree.TreeMath" time="0.0"/>
  <testcase name="of node 39 should be 43" classname="com.github.traderjoe95.mls.protocol.tree.TreeMath" time="0.0"/>
  <testcase name="of node 41 should be 42" classname="com.github.traderjoe95.mls.protocol.tree.TreeMath" time="0.0"/>
  <testcase name="of node 43 should be 45" classname="com.github.traderjoe95.mls.protocol.tree.TreeMath" time="0.0"/>
  <testcase name="of node 45 should be 46" classname="com.github.traderjoe95.mls.protocol.tree.TreeMath" time="0.0"/>
  <testcase name="of node 47 should be 55" classname="com.github.traderjoe95.mls.protocol.tree.TreeMath" time="0.0"/>
  <testcase name="of node 49 should be 50" classname="com.github.traderjoe95.mls.protocol.tree.TreeMath" time="0.0"/>
  <testcase name="of node 51 should be 53" classname="com.github.traderjoe95.mls.protocol.tree.TreeMath" time="0.0"/>
  <testcase name="of node 53 should be 54" classname="com.github.traderjoe95.mls.protocol.tree.TreeMath" time="0.0"/>
  <testcase name="of node 55 should be 59" classname="com.github.traderjoe95.mls.protocol.tree.TreeMath" time="0.0"/>
  <testcase name="of node 57 should be 58" classname="com.github.traderjoe95.mls.protocol.tree.TreeMath" time="0.0"/>
  <testcase name="of node 59 should be 61" classname="com.github.traderjoe95.mls.protocol.tree.TreeMath" time="0.001"/>
  <testcase name="of node 61 should be 62" classname="com.github.traderjoe95.mls.protocol.tree.TreeMath" time="0.0"/>
  <testcase name="of node 0 should be 1" classname="com.github.traderjoe95.mls.protocol.tree.TreeMath" time="0.0"/>
  <testcase name="of node 1 should be 3" classname="com.github.traderjoe95.mls.protocol.tree.TreeMath" time="0.0"/>
  <testcase name="of node 2 should be 1" classname="com.github.traderjoe95.mls.protocol.tree.TreeMath" time="0.0"/>
  <testcase name="of node 3 should be 7" classname="com.github.traderjoe95.mls.protocol.tree.TreeMath" time="0.0"/>
  <testcase name="of node 4 should be 5" classname="com.github.traderjoe95.mls.protocol.tree.TreeMath" time="0.0"/>
  <testcase name="of node 5 should be 3" classname="com.github.traderjoe95.mls.protocol.tree.TreeMath" time="0.0"/>
  <testcase name="of node 6 should be 5" classname="com.github.traderjoe95.mls.protocol.tree.TreeMath" time="0.0"/>
  <testcase name="of node 7 should be 15" classname="com.github.traderjoe95.mls.protocol.tree.TreeMath" time="0.0"/>
  <testcase name="of node 8 should be 9" classname="com.github.traderjoe95.mls.protocol.tree.TreeMath" time="0.0"/>
  <testcase name="of node 9 should be 11" classname="com.github.traderjoe95.mls.protocol.tree.TreeMath" time="0.0"/>
  <testcase name="of node 10 should be 9" classname="com.github.traderjoe95.mls.protocol.tree.TreeMath" time="0.0"/>
  <testcase name="of node 11 should be 7" classname="com.github.traderjoe95.mls.protocol.tree.TreeMath" time="0.0"/>
  <testcase name="of node 12 should be 13" classname="com.github.traderjoe95.mls.protocol.tree.TreeMath" time="0.0"/>
  <testcase name="of node 13 should be 11" classname="com.github.traderjoe95.mls.protocol.tree.TreeMath" time="0.0"/>
  <testcase name="of node 14 should be 13" classname="com.github.traderjoe95.mls.protocol.tree.TreeMath" time="0.0"/>
  <testcase name="of node 15 should be 31" classname="com.github.traderjoe95.mls.protocol.tree.TreeMath" time="0.0"/>
  <testcase name="of node 16 should be 17" classname="com.github.traderjoe95.mls.protocol.tree.TreeMath" time="0.0"/>
  <testcase name="of node 17 should be 19" classname="com.github.traderjoe95.mls.protocol.tree.TreeMath" time="0.0"/>
  <testcase name="of node 18 should be 17" classname="com.github.traderjoe95.mls.protocol.tree.TreeMath" time="0.0"/>
  <testcase name="of node 19 should be 23" classname="com.github.traderjoe95.mls.protocol.tree.TreeMath" time="0.0"/>
  <testcase name="of node 20 should be 21" classname="com.github.traderjoe95.mls.protocol.tree.TreeMath" time="0.0"/>
  <testcase name="of node 21 should be 19" classname="com.github.traderjoe95.mls.protocol.tree.TreeMath" time="0.0"/>
  <testcase name="of node 22 should be 21" classname="com.github.traderjoe95.mls.protocol.tree.TreeMath" time="0.0"/>
  <testcase name="of node 23 should be 15" classname="com.github.traderjoe95.mls.protocol.tree.TreeMath" time="0.0"/>
  <testcase name="of node 24 should be 25" classname="com.github.traderjoe95.mls.protocol.tree.TreeMath" time="0.0"/>
  <testcase name="of node 25 should be 27" classname="com.github.traderjoe95.mls.protocol.tree.TreeMath" time="0.0"/>
  <testcase name="of node 26 should be 25" classname="com.github.traderjoe95.mls.protocol.tree.TreeMath" time="0.0"/>
  <testcase name="of node 27 should be 23" classname="com.github.traderjoe95.mls.protocol.tree.TreeMath" time="0.0"/>
  <testcase name="of node 28 should be 29" classname="com.github.traderjoe95.mls.protocol.tree.TreeMath" time="0.0"/>
  <testcase name="of node 29 should be 27" classname="com.github.traderjoe95.mls.protocol.tree.TreeMath" time="0.0"/>
  <testcase name="of node 30 should be 29" classname="com.github.traderjoe95.mls.protocol.tree.TreeMath" time="0.0"/>
  <testcase name="of node 32 should be 33" classname="com.github.traderjoe95.mls.protocol.tree.TreeMath" time="0.0"/>
  <testcase name="of node 33 should be 35" classname="com.github.traderjoe95.mls.protocol.tree.TreeMath" time="0.0"/>
  <testcase name="of node 34 should be 33" classname="com.github.traderjoe95.mls.protocol.tree.TreeMath" time="0.0"/>
  <testcase name="of node 35 should be 39" classname="com.github.traderjoe95.mls.protocol.tree.TreeMath" time="0.0"/>
  <testcase name="of node 36 should be 37" classname="com.github.traderjoe95.mls.protocol.tree.TreeMath" time="0.0"/>
  <testcase name="of node 37 should be 35" classname="com.github.traderjoe95.mls.protocol.tree.TreeMath" time="0.0"/>
  <testcase name="of node 38 should be 37" classname="com.github.traderjoe95.mls.protocol.tree.TreeMath" time="0.0"/>
  <testcase name="of node 39 should be 47" classname="com.github.traderjoe95.mls.protocol.tree.TreeMath" time="0.0"/>
  <testcase name="of node 40 should be 41" classname="com.github.traderjoe95.mls.protocol.tree.TreeMath" time="0.0"/>
  <testcase name="of node 41 should be 43" classname="com.github.traderjoe95.mls.protocol.tree.TreeMath" time="0.0"/>
  <testcase name="of node 42 should be 41" classname="com.github.traderjoe95.mls.protocol.tree.TreeMath" time="0.0"/>
  <testcase name="of node 43 should be 39" classname="com.github.traderjoe95.mls.protocol.tree.TreeMath" time="0.0"/>
  <testcase name="of node 44 should be 45" classname="com.github.traderjoe95.mls.protocol.tree.TreeMath" time="0.0"/>
  <testcase name="of node 45 should be 43" classname="com.github.traderjoe95.mls.protocol.tree.TreeMath" time="0.0"/>
  <testcase name="of node 46 should be 45" classname="com.github.traderjoe95.mls.protocol.tree.TreeMath" time="0.0"/>
  <testcase name="of node 47 should be 31" classname="com.github.traderjoe95.mls.protocol.tree.TreeMath" time="0.0"/>
  <testcase name="of node 48 should be 49" classname="com.github.traderjoe95.mls.protocol.tree.TreeMath" time="0.0"/>
  <testcase name="of node 49 should be 51" classname="com.github.traderjoe95.mls.protocol.tree.TreeMath" time="0.0"/>
  <testcase name="of node 50 should be 49" classname="com.github.traderjoe95.mls.protocol.tree.TreeMath" time="0.0"/>
  <testcase name="of node 51 should be 55" classname="com.github.traderjoe95.mls.protocol.tree.TreeMath" time="0.0"/>
  <testcase name="of node 52 should be 53" classname="com.github.traderjoe95.mls.protocol.tree.TreeMath" time="0.0"/>
  <testcase name="of node 53 should be 51" classname="com.github.traderjoe95.mls.protocol.tree.TreeMath" time="0.0"/>
  <testcase name="of node 54 should be 53" classname="com.github.traderjoe95.mls.protocol.tree.TreeMath" time="0.0"/>
  <testcase name="of node 55 should be 47" classname="com.github.traderjoe95.mls.protocol.tree.TreeMath" time="0.0"/>
  <testcase name="of node 56 should be 57" classname="com.github.traderjoe95.mls.protocol.tree.TreeMath" time="0.0"/>
  <testcase name="of node 57 should be 59" classname="com.github.traderjoe95.mls.protocol.tree.TreeMath" time="0.0"/>
  <testcase name="of node 58 should be 57" classname="com.github.traderjoe95.mls.protocol.tree.TreeMath" time="0.0"/>
  <testcase name="of node 59 should be 55" classname="com.github.traderjoe95.mls.protocol.tree.TreeMath" time="0.0"/>
  <testcase name="of node 60 should be 61" classname="com.github.traderjoe95.mls.protocol.tree.TreeMath" time="0.0"/>
  <testcase name="of node 61 should be 59" classname="com.github.traderjoe95.mls.protocol.tree.TreeMath" time="0.0"/>
  <testcase name="of node 62 should be 61" classname="com.github.traderjoe95.mls.protocol.tree.TreeMath" time="0.0"/>
  <testcase name="of node 0 should be 2" classname="com.github.traderjoe95.mls.protocol.tree.TreeMath" time="0.0"/>
  <testcase name="of node 1 should be 5" classname="com.github.traderjoe95.mls.protocol.tree.TreeMath" time="0.0"/>
  <testcase name="of node 2 should be 0" classname="com.github.traderjoe95.mls.protocol.tree.TreeMath" time="0.0"/>
  <testcase name="of node 3 should be 11" classname="com.github.traderjoe95.mls.protocol.tree.TreeMath" time="0.0"/>
  <testcase name="of node 4 should be 6" classname="com.github.traderjoe95.mls.protocol.tree.TreeMath" time="0.0"/>
  <testcase name="of node 5 should be 1" classname="com.github.traderjoe95.mls.protocol.tree.TreeMath" time="0.0"/>
  <testcase name="of node 6 should be 4" classname="com.github.traderjoe95.mls.protocol.tree.TreeMath" time="0.0"/>
  <testcase name="of node 7 should be 23" classname="com.github.traderjoe95.mls.protocol.tree.TreeMath" time="0.0"/>
  <testcase name="of node 8 should be 10" classname="com.github.traderjoe95.mls.protocol.tree.TreeMath" time="0.0"/>
  <testcase name="of node 9 should be 13" classname="com.github.traderjoe95.mls.protocol.tree.TreeMath" time="0.0"/>
  <testcase name="of node 10 should be 8" classname="com.github.traderjoe95.mls.protocol.tree.TreeMath" time="0.0"/>
  <testcase name="of node 11 should be 3" classname="com.github.traderjoe95.mls.protocol.tree.TreeMath" time="0.0"/>
  <testcase name="of node 12 should be 14" classname="com.github.traderjoe95.mls.protocol.tree.TreeMath" time="0.0"/>
  <testcase name="of node 13 should be 9" classname="com.github.traderjoe95.mls.protocol.tree.TreeMath" time="0.0"/>
  <testcase name="of node 14 should be 12" classname="com.github.traderjoe95.mls.protocol.tree.TreeMath" time="0.0"/>
  <testcase name="of node 15 should be 47" classname="com.github.traderjoe95.mls.protocol.tree.TreeMath" time="0.0"/>
  <testcase name="of node 16 should be 18" classname="com.github.traderjoe95.mls.protocol.tree.TreeMath" time="0.0"/>
  <testcase name="of node 17 should be 21" classname="com.github.traderjoe95.mls.protocol.tree.TreeMath" time="0.0"/>
  <testcase name="of node 18 should be 16" classname="com.github.traderjoe95.mls.protocol.tree.TreeMath" time="0.0"/>
  <testcase name="of node 19 should be 27" classname="com.github.traderjoe95.mls.protocol.tree.TreeMath" time="0.0"/>
  <testcase name="of node 20 should be 22" classname="com.github.traderjoe95.mls.protocol.tree.TreeMath" time="0.0"/>
  <testcase name="of node 21 should be 17" classname="com.github.traderjoe95.mls.protocol.tree.TreeMath" time="0.0"/>
  <testcase name="of node 22 should be 20" classname="com.github.traderjoe95.mls.protocol.tree.TreeMath" time="0.0"/>
  <testcase name="of node 23 should be 7" classname="com.github.traderjoe95.mls.protocol.tree.TreeMath" time="0.0"/>
  <testcase name="of node 24 should be 26" classname="com.github.traderjoe95.mls.protocol.tree.TreeMath" time="0.0"/>
  <testcase name="of node 25 should be 29" classname="com.github.traderjoe95.mls.protocol.tree.TreeMath" time="0.0"/>
  <testcase name="of node 26 should be 24" classname="com.github.traderjoe95.mls.protocol.tree.TreeMath" time="0.0"/>
  <testcase name="of node 27 should be 19" classname="com.github.traderjoe95.mls.protocol.tree.TreeMath" time="0.0"/>
  <testcase name="of node 28 should be 30" classname="com.github.traderjoe95.mls.protocol.tree.TreeMath" time="0.0"/>
  <testcase name="of node 29 should be 25" classname="com.github.traderjoe95.mls.protocol.tree.TreeMath" time="0.0"/>
  <testcase name="of node 30 should be 28" classname="com.github.traderjoe95.mls.protocol.tree.TreeMath" time="0.0"/>
  <testcase name="of node 32 should be 34" classname="com.github.traderjoe95.mls.protocol.tree.TreeMath" time="0.0"/>
  <testcase name="of node 33 should be 37" classname="com.github.traderjoe95.mls.protocol.tree.TreeMath" time="0.0"/>
  <testcase name="of node 34 should be 32" classname="com.github.traderjoe95.mls.protocol.tree.TreeMath" time="0.0"/>
  <testcase name="of node 35 should be 43" classname="com.github.traderjoe95.mls.protocol.tree.TreeMath" time="0.0"/>
  <testcase name="of node 36 should be 38" classname="com.github.traderjoe95.mls.protocol.tree.TreeMath" time="0.0"/>
  <testcase name="of node 37 should be 33" classname="com.github.traderjoe95.mls.protocol.tree.TreeMath" time="0.0"/>
  <testcase name="of node 38 should be 36" classname="com.github.traderjoe95.mls.protocol.tree.TreeMath" time="0.0"/>
  <testcase name="of node 39 should be 55" classname="com.github.traderjoe95.mls.protocol.tree.TreeMath" time="0.0"/>
  <testcase name="of node 40 should be 42" classname="com.github.traderjoe95.mls.protocol.tree.TreeMath" time="0.0"/>
  <testcase name="of node 41 should be 45" classname="com.github.traderjoe95.mls.protocol.tree.TreeMath" time="0.001"/>
  <testcase name="of node 42 should be 40" classname="com.github.traderjoe95.mls.protocol.tree.TreeMath" time="0.0"/>
  <testcase name="of node 43 should be 35" classname="com.github.traderjoe95.mls.protocol.tree.TreeMath" time="0.0"/>
  <testcase name="of node 44 should be 46" classname="com.github.traderjoe95.mls.protocol.tree.TreeMath" time="0.0"/>
  <testcase name="of node 45 should be 41" classname="com.github.traderjoe95.mls.protocol.tree.TreeMath" time="0.0"/>
  <testcase name="of node 46 should be 44" classname="com.github.traderjoe95.mls.protocol.tree.TreeMath" time="0.0"/>
  <testcase name="of node 47 should be 15" classname="com.github.traderjoe95.mls.protocol.tree.TreeMath" time="0.0"/>
  <testcase name="of node 48 should be 50" classname="com.github.traderjoe95.mls.protocol.tree.TreeMath" time="0.0"/>
  <testcase name="of node 49 should be 53" classname="com.github.traderjoe95.mls.protocol.tree.TreeMath" time="0.0"/>
  <testcase name="of node 50 should be 48" classname="com.github.traderjoe95.mls.protocol.tree.TreeMath" time="0.0"/>
  <testcase name="of node 51 should be 59" classname="com.github.traderjoe95.mls.protocol.tree.TreeMath" time="0.0"/>
  <testcase name="of node 52 should be 54" classname="com.github.traderjoe95.mls.protocol.tree.TreeMath" time="0.0"/>
  <testcase name="of node 53 should be 49" classname="com.github.traderjoe95.mls.protocol.tree.TreeMath" time="0.0"/>
  <testcase name="of node 54 should be 52" classname="com.github.traderjoe95.mls.protocol.tree.TreeMath" time="0.0"/>
  <testcase name="of node 55 should be 39" classname="com.github.traderjoe95.mls.protocol.tree.TreeMath" time="0.0"/>
  <testcase name="of node 56 should be 58" classname="com.github.traderjoe95.mls.protocol.tree.TreeMath" time="0.0"/>
  <testcase name="of node 57 should be 61" classname="com.github.traderjoe95.mls.protocol.tree.TreeMath" time="0.0"/>
  <testcase name="of node 58 should be 56" classname="com.github.traderjoe95.mls.protocol.tree.TreeMath" time="0.0"/>
  <testcase name="of node 59 should be 51" classname="com.github.traderjoe95.mls.protocol.tree.TreeMath" time="0.0"/>
  <testcase name="of node 60 should be 62" classname="com.github.traderjoe95.mls.protocol.tree.TreeMath" time="0.0"/>
  <testcase name="of node 61 should be 57" classname="com.github.traderjoe95.mls.protocol.tree.TreeMath" time="0.0"/>
  <testcase name="of node 62 should be 60" classname="com.github.traderjoe95.mls.protocol.tree.TreeMath" time="0.0"/>
  <testcase name="there should be 127 nodes" classname="com.github.traderjoe95.mls.protocol.tree.TreeMath" time="0.0"/>
  <testcase name="the root should have index 63" classname="com.github.traderjoe95.mls.protocol.tree.TreeMath" time="0.0"/>
  <testcase name="of node 1 should be 0" classname="com.github.traderjoe95.mls.protocol.tree.TreeMath" time="0.0"/>
  <testcase name="of node 3 should be 1" classname="com.github.traderjoe95.mls.protocol.tree.TreeMath" time="0.0"/>
  <testcase name="of node 5 should be 4" classname="com.github.traderjoe95.mls.protocol.tree.TreeMath" time="0.0"/>
  <testcase name="of node 7 should be 3" classname="com.github.traderjoe95.mls.protocol.tree.TreeMath" time="0.0"/>
  <testcase name="of node 9 should be 8" classname="com.github.traderjoe95.mls.protocol.tree.TreeMath" time="0.0"/>
  <testcase name="of node 11 should be 9" classname="com.github.traderjoe95.mls.protocol.tree.TreeMath" time="0.0"/>
  <testcase name="of node 13 should be 12" classname="com.github.traderjoe95.mls.protocol.tree.TreeMath" time="0.0"/>
  <testcase name="of node 15 should be 7" classname="com.github.traderjoe95.mls.protocol.tree.TreeMath" time="0.0"/>
  <testcase name="of node 17 should be 16" classname="com.github.traderjoe95.mls.protocol.tree.TreeMath" time="0.001"/>
  <testcase name="of node 19 should be 17" classname="com.github.traderjoe95.mls.protocol.tree.TreeMath" time="0.0"/>
  <testcase name="of node 21 should be 20" classname="com.github.traderjoe95.mls.protocol.tree.TreeMath" time="0.0"/>
  <testcase name="of node 23 should be 19" classname="com.github.traderjoe95.mls.protocol.tree.TreeMath" time="0.0"/>
  <testcase name="of node 25 should be 24" classname="com.github.traderjoe95.mls.protocol.tree.TreeMath" time="0.0"/>
  <testcase name="of node 27 should be 25" classname="com.github.traderjoe95.mls.protocol.tree.TreeMath" time="0.0"/>
  <testcase name="of node 29 should be 28" classname="com.github.traderjoe95.mls.protocol.tree.TreeMath" time="0.0"/>
  <testcase name="of node 31 should be 15" classname="com.github.traderjoe95.mls.protocol.tree.TreeMath" time="0.0"/>
  <testcase name="of node 33 should be 32" classname="com.github.traderjoe95.mls.protocol.tree.TreeMath" time="0.0"/>
  <testcase name="of node 35 should be 33" classname="com.github.traderjoe95.mls.protocol.tree.TreeMath" time="0.0"/>
  <testcase name="of node 37 should be 36" classname="com.github.traderjoe95.mls.protocol.tree.TreeMath" time="0.0"/>
  <testcase name="of node 39 should be 35" classname="com.github.traderjoe95.mls.protocol.tree.TreeMath" time="0.0"/>
  <testcase name="of node 41 should be 40" classname="com.github.traderjoe95.mls.protocol.tree.TreeMath" time="0.0"/>
  <testcase name="of node 43 should be 41" classname="com.github.traderjoe95.mls.protocol.tree.TreeMath" time="0.0"/>
  <testcase name="of node 45 should be 44" classname="com.github.traderjoe95.mls.protocol.tree.TreeMath" time="0.0"/>
  <testcase name="of node 47 should be 39" classname="com.github.traderjoe95.mls.protocol.tree.TreeMath" time="0.0"/>
  <testcase name="of node 49 should be 48" classname="com.github.traderjoe95.mls.protocol.tree.TreeMath" time="0.0"/>
  <testcase name="of node 51 should be 49" classname="com.github.traderjoe95.mls.protocol.tree.TreeMath" time="0.0"/>
  <testcase name="of node 53 should be 52" classname="com.github.traderjoe95.mls.protocol.tree.TreeMath" time="0.0"/>
  <testcase name="of node 55 should be 51" classname="com.github.traderjoe95.mls.protocol.tree.TreeMath" time="0.0"/>
  <testcase name="of node 57 should be 56" classname="com.github.traderjoe95.mls.protocol.tree.TreeMath" time="0.0"/>
  <testcase name="of node 59 should be 57" classname="com.github.traderjoe95.mls.protocol.tree.TreeMath" time="0.0"/>
  <testcase name="of node 61 should be 60" classname="com.github.traderjoe95.mls.protocol.tree.TreeMath" time="0.0"/>
  <testcase name="of node 63 should be 31" classname="com.github.traderjoe95.mls.protocol.tree.TreeMath" time="0.0"/>
  <testcase name="of node 65 should be 64" classname="com.github.traderjoe95.mls.protocol.tree.TreeMath" time="0.0"/>
  <testcase name="of node 67 should be 65" classname="com.github.traderjoe95.mls.protocol.tree.TreeMath" time="0.0"/>
  <testcase name="of node 69 should be 68" classname="com.github.traderjoe95.mls.protocol.tree.TreeMath" time="0.0"/>
  <testcase name="of node 71 should be 67" classname="com.github.traderjoe95.mls.protocol.tree.TreeMath" time="0.0"/>
  <testcase name="of node 73 should be 72" classname="com.github.traderjoe95.mls.protocol.tree.TreeMath" time="0.0"/>
  <testcase name="of node 75 should be 73" classname="com.github.traderjoe95.mls.protocol.tree.TreeMath" time="0.0"/>
  <testcase name="of node 77 should be 76" classname="com.github.traderjoe95.mls.protocol.tree.TreeMath" time="0.0"/>
  <testcase name="of node 79 should be 71" classname="com.github.traderjoe95.mls.protocol.tree.TreeMath" time="0.001"/>
  <testcase name="of node 81 should be 80" classname="com.github.traderjoe95.mls.protocol.tree.TreeMath" time="0.0"/>
  <testcase name="of node 83 should be 81" classname="com.github.traderjoe95.mls.protocol.tree.TreeMath" time="0.0"/>
  <testcase name="of node 85 should be 84" classname="com.github.traderjoe95.mls.protocol.tree.TreeMath" time="0.0"/>
  <testcase name="of node 87 should be 83" classname="com.github.traderjoe95.mls.protocol.tree.TreeMath" time="0.0"/>
  <testcase name="of node 89 should be 88" classname="com.github.traderjoe95.mls.protocol.tree.TreeMath" time="0.0"/>
  <testcase name="of node 91 should be 89" classname="com.github.traderjoe95.mls.protocol.tree.TreeMath" time="0.0"/>
  <testcase name="of node 93 should be 92" classname="com.github.traderjoe95.mls.protocol.tree.TreeMath" time="0.0"/>
  <testcase name="of node 95 should be 79" classname="com.github.traderjoe95.mls.protocol.tree.TreeMath" time="0.0"/>
  <testcase name="of node 97 should be 96" classname="com.github.traderjoe95.mls.protocol.tree.TreeMath" time="0.0"/>
  <testcase name="of node 99 should be 97" classname="com.github.traderjoe95.mls.protocol.tree.TreeMath" time="0.0"/>
  <testcase name="of node 101 should be 100" classname="com.github.traderjoe95.mls.protocol.tree.TreeMath" time="0.0"/>
  <testcase name="of node 103 should be 99" classname="com.github.traderjoe95.mls.protocol.tree.TreeMath" time="0.0"/>
  <testcase name="of node 105 should be 104" classname="com.github.traderjoe95.mls.protocol.tree.TreeMath" time="0.0"/>
  <testcase name="of node 107 should be 105" classname="com.github.traderjoe95.mls.protocol.tree.TreeMath" time="0.0"/>
  <testcase name="of node 109 should be 108" classname="com.github.traderjoe95.mls.protocol.tree.TreeMath" time="0.0"/>
  <testcase name="of node 111 should be 103" classname="com.github.traderjoe95.mls.protocol.tree.TreeMath" time="0.001"/>
  <testcase name="of node 113 should be 112" classname="com.github.traderjoe95.mls.protocol.tree.TreeMath" time="0.0"/>
  <testcase name="of node 115 should be 113" classname="com.github.traderjoe95.mls.protocol.tree.TreeMath" time="0.0"/>
  <testcase name="of node 117 should be 116" classname="com.github.traderjoe95.mls.protocol.tree.TreeMath" time="0.0"/>
  <testcase name="of node 119 should be 115" classname="com.github.traderjoe95.mls.protocol.tree.TreeMath" time="0.0"/>
  <testcase name="of node 121 should be 120" classname="com.github.traderjoe95.mls.protocol.tree.TreeMath" time="0.0"/>
  <testcase name="of node 123 should be 121" classname="com.github.traderjoe95.mls.protocol.tree.TreeMath" time="0.0"/>
  <testcase name="of node 125 should be 124" classname="com.github.traderjoe95.mls.protocol.tree.TreeMath" time="0.0"/>
  <testcase name="of node 1 should be 2" classname="com.github.traderjoe95.mls.protocol.tree.TreeMath" time="0.0"/>
  <testcase name="of node 3 should be 5" classname="com.github.traderjoe95.mls.protocol.tree.TreeMath" time="0.0"/>
  <testcase name="of node 5 should be 6" classname="com.github.traderjoe95.mls.protocol.tree.TreeMath" time="0.0"/>
  <testcase name="of node 7 should be 11" classname="com.github.traderjoe95.mls.protocol.tree.TreeMath" time="0.0"/>
  <testcase name="of node 9 should be 10" classname="com.github.traderjoe95.mls.protocol.tree.TreeMath" time="0.0"/>
  <testcase name="of node 11 should be 13" classname="com.github.traderjoe95.mls.protocol.tree.TreeMath" time="0.0"/>
  <testcase name="of node 13 should be 14" classname="com.github.traderjoe95.mls.protocol.tree.TreeMath" time="0.0"/>
  <testcase name="of node 15 should be 23" classname="com.github.traderjoe95.mls.protocol.tree.TreeMath" time="0.0"/>
  <testcase name="of node 17 should be 18" classname="com.github.traderjoe95.mls.protocol.tree.TreeMath" time="0.0"/>
  <testcase name="of node 19 should be 21" classname="com.github.traderjoe95.mls.protocol.tree.TreeMath" time="0.0"/>
  <testcase name="of node 21 should be 22" classname="com.github.traderjoe95.mls.protocol.tree.TreeMath" time="0.0"/>
  <testcase name="of node 23 should be 27" classname="com.github.traderjoe95.mls.protocol.tree.TreeMath" time="0.0"/>
  <testcase name="of node 25 should be 26" classname="com.github.traderjoe95.mls.protocol.tree.TreeMath" time="0.001"/>
  <testcase name="of node 27 should be 29" classname="com.github.traderjoe95.mls.protocol.tree.TreeMath" time="0.0"/>
  <testcase name="of node 29 should be 30" classname="com.github.traderjoe95.mls.protocol.tree.TreeMath" time="0.0"/>
  <testcase name="of node 31 should be 47" classname="com.github.traderjoe95.mls.protocol.tree.TreeMath" time="0.0"/>
  <testcase name="of node 33 should be 34" classname="com.github.traderjoe95.mls.protocol.tree.TreeMath" time="0.0"/>
  <testcase name="of node 35 should be 37" classname="com.github.traderjoe95.mls.protocol.tree.TreeMath" time="0.0"/>
  <testcase name="of node 37 should be 38" classname="com.github.traderjoe95.mls.protocol.tree.TreeMath" time="0.001"/>
  <testcase name="of node 39 should be 43" classname="com.github.traderjoe95.mls.protocol.tree.TreeMath" time="0.0"/>
  <testcase name="of node 41 should be 42" classname="com.github.traderjoe95.mls.protocol.tree.TreeMath" time="0.0"/>
  <testcase name="of node 43 should be 45" classname="com.github.traderjoe95.mls.protocol.tree.TreeMath" time="0.0"/>
  <testcase name="of node 45 should be 46" classname="com.github.traderjoe95.mls.protocol.tree.TreeMath" time="0.0"/>
  <testcase name="of node 47 should be 55" classname="com.github.traderjoe95.mls.protocol.tree.TreeMath" time="0.0"/>
  <testcase name="of node 49 should be 50" classname="com.github.traderjoe95.mls.protocol.tree.TreeMath" time="0.0"/>
  <testcase name="of node 51 should be 53" classname="com.github.traderjoe95.mls.protocol.tree.TreeMath" time="0.0"/>
  <testcase name="of node 53 should be 54" classname="com.github.traderjoe95.mls.protocol.tree.TreeMath" time="0.0"/>
  <testcase name="of node 55 should be 59" classname="com.github.traderjoe95.mls.protocol.tree.TreeMath" time="0.0"/>
  <testcase name="of node 57 should be 58" classname="com.github.traderjoe95.mls.protocol.tree.TreeMath" time="0.0"/>
  <testcase name="of node 59 should be 61" classname="com.github.traderjoe95.mls.protocol.tree.TreeMath" time="0.0"/>
  <testcase name="of node 61 should be 62" classname="com.github.traderjoe95.mls.protocol.tree.TreeMath" time="0.0"/>
  <testcase name="of node 63 should be 95" classname="com.github.traderjoe95.mls.protocol.tree.TreeMath" time="0.001"/>
  <testcase name="of node 65 should be 66" classname="com.github.traderjoe95.mls.protocol.tree.TreeMath" time="0.0"/>
  <testcase name="of node 67 should be 69" classname="com.github.traderjoe95.mls.protocol.tree.TreeMath" time="0.0"/>
  <testcase name="of node 69 should be 70" classname="com.github.traderjoe95.mls.protocol.tree.TreeMath" time="0.0"/>
  <testcase name="of node 71 should be 75" classname="com.github.traderjoe95.mls.protocol.tree.TreeMath" time="0.0"/>
  <testcase name="of node 73 should be 74" classname="com.github.traderjoe95.mls.protocol.tree.TreeMath" time="0.0"/>
  <testcase name="of node 75 should be 77" classname="com.github.traderjoe95.mls.protocol.tree.TreeMath" time="0.0"/>
  <testcase name="of node 77 should be 78" classname="com.github.traderjoe95.mls.protocol.tree.TreeMath" time="0.0"/>
  <testcase name="of node 79 should be 87" classname="com.github.traderjoe95.mls.protocol.tree.TreeMath" time="0.0"/>
  <testcase name="of node 81 should be 82" classname="com.github.traderjoe95.mls.protocol.tree.TreeMath" time="0.0"/>
  <testcase name="of node 83 should be 85" classname="com.github.traderjoe95.mls.protocol.tree.TreeMath" time="0.0"/>
  <testcase name="of node 85 should be 86" classname="com.github.traderjoe95.mls.protocol.tree.TreeMath" time="0.0"/>
  <testcase name="of node 87 should be 91" classname="com.github.traderjoe95.mls.protocol.tree.TreeMath" time="0.0"/>
  <testcase name="of node 89 should be 90" classname="com.github.traderjoe95.mls.protocol.tree.TreeMath" time="0.0"/>
  <testcase name="of node 91 should be 93" classname="com.github.traderjoe95.mls.protocol.tree.TreeMath" time="0.0"/>
  <testcase name="of node 93 should be 94" classname="com.github.traderjoe95.mls.protocol.tree.TreeMath" time="0.0"/>
  <testcase name="of node 95 should be 111" classname="com.github.traderjoe95.mls.protocol.tree.TreeMath" time="0.0"/>
  <testcase name="of node 97 should be 98" classname="com.github.traderjoe95.mls.protocol.tree.TreeMath" time="0.0"/>
  <testcase name="of node 99 should be 101" classname="com.github.traderjoe95.mls.protocol.tree.TreeMath" time="0.0"/>
  <testcase name="of node 101 should be 102" classname="com.github.traderjoe95.mls.protocol.tree.TreeMath" time="0.0"/>
  <testcase name="of node 103 should be 107" classname="com.github.traderjoe95.mls.protocol.tree.TreeMath" time="0.0"/>
  <testcase name="of node 105 should be 106" classname="com.github.traderjoe95.mls.protocol.tree.TreeMath" time="0.0"/>
  <testcase name="of node 107 should be 109" classname="com.github.traderjoe95.mls.protocol.tree.TreeMath" time="0.001"/>
  <testcase name="of node 109 should be 110" classname="com.github.traderjoe95.mls.protocol.tree.TreeMath" time="0.0"/>
  <testcase name="of node 111 should be 119" classname="com.github.traderjoe95.mls.protocol.tree.TreeMath" time="0.0"/>
  <testcase name="of node 113 should be 114" classname="com.github.traderjoe95.mls.protocol.tree.TreeMath" time="0.0"/>
  <testcase name="of node 115 should be 117" classname="com.github.traderjoe95.mls.protocol.tree.TreeMath" time="0.0"/>
  <testcase name="of node 117 should be 118" classname="com.github.traderjoe95.mls.protocol.tree.TreeMath" time="0.0"/>
  <testcase name="of node 119 should be 123" classname="com.github.traderjoe95.mls.protocol.tree.TreeMath" time="0.0"/>
  <testcase name="of node 121 should be 122" classname="com.github.traderjoe95.mls.protocol.tree.TreeMath" time="0.0"/>
  <testcase name="of node 123 should be 125" classname="com.github.traderjoe95.mls.protocol.tree.TreeMath" time="0.0"/>
  <testcase name="of node 125 should be 126" classname="com.github.traderjoe95.mls.protocol.tree.TreeMath" time="0.0"/>
  <testcase name="of node 0 should be 1" classname="com.github.traderjoe95.mls.protocol.tree.TreeMath" time="0.0"/>
  <testcase name="of node 1 should be 3" classname="com.github.traderjoe95.mls.protocol.tree.TreeMath" time="0.0"/>
  <testcase name="of node 2 should be 1" classname="com.github.traderjoe95.mls.protocol.tree.TreeMath" time="0.0"/>
  <testcase name="of node 3 should be 7" classname="com.github.traderjoe95.mls.protocol.tree.TreeMath" time="0.0"/>
  <testcase name="of node 4 should be 5" classname="com.github.traderjoe95.mls.protocol.tree.TreeMath" time="0.0"/>
  <testcase name="of node 5 should be 3" classname="com.github.traderjoe95.mls.protocol.tree.TreeMath" time="0.0"/>
  <testcase name="of node 6 should be 5" classname="com.github.traderjoe95.mls.protocol.tree.TreeMath" time="0.0"/>
  <testcase name="of node 7 should be 15" classname="com.github.traderjoe95.mls.protocol.tree.TreeMath" time="0.0"/>
  <testcase name="of node 8 should be 9" classname="com.github.traderjoe95.mls.protocol.tree.TreeMath" time="0.0"/>
  <testcase name="of node 9 should be 11" classname="com.github.traderjoe95.mls.protocol.tree.TreeMath" time="0.0"/>
  <testcase name="of node 10 should be 9" classname="com.github.traderjoe95.mls.protocol.tree.TreeMath" time="0.0"/>
  <testcase name="of node 11 should be 7" classname="com.github.traderjoe95.mls.protocol.tree.TreeMath" time="0.0"/>
  <testcase name="of node 12 should be 13" classname="com.github.traderjoe95.mls.protocol.tree.TreeMath" time="0.0"/>
  <testcase name="of node 13 should be 11" classname="com.github.traderjoe95.mls.protocol.tree.TreeMath" time="0.0"/>
  <testcase name="of node 14 should be 13" classname="com.github.traderjoe95.mls.protocol.tree.TreeMath" time="0.0"/>
  <testcase name="of node 15 should be 31" classname="com.github.traderjoe95.mls.protocol.tree.TreeMath" time="0.0"/>
  <testcase name="of node 16 should be 17" classname="com.github.traderjoe95.mls.protocol.tree.TreeMath" time="0.0"/>
  <testcase name="of node 17 should be 19" classname="com.github.traderjoe95.mls.protocol.tree.TreeMath" time="0.001"/>
  <testcase name="of node 18 should be 17" classname="com.github.traderjoe95.mls.protocol.tree.TreeMath" time="0.0"/>
  <testcase name="of node 19 should be 23" classname="com.github.traderjoe95.mls.protocol.tree.TreeMath" time="0.0"/>
  <testcase name="of node 20 should be 21" classname="com.github.traderjoe95.mls.protocol.tree.TreeMath" time="0.0"/>
  <testcase name="of node 21 should be 19" classname="com.github.traderjoe95.mls.protocol.tree.TreeMath" time="0.0"/>
  <testcase name="of node 22 should be 21" classname="com.github.traderjoe95.mls.protocol.tree.TreeMath" time="0.0"/>
  <testcase name="of node 23 should be 15" classname="com.github.traderjoe95.mls.protocol.tree.TreeMath" time="0.001"/>
  <testcase name="of node 24 should be 25" classname="com.github.traderjoe95.mls.protocol.tree.TreeMath" time="0.0"/>
  <testcase name="of node 25 should be 27" classname="com.github.traderjoe95.mls.protocol.tree.TreeMath" time="0.0"/>
  <testcase name="of node 26 should be 25" classname="com.github.traderjoe95.mls.protocol.tree.TreeMath" time="0.0"/>
  <testcase name="of node 27 should be 23" classname="com.github.traderjoe95.mls.protocol.tree.TreeMath" time="0.0"/>
  <testcase name="of node 28 should be 29" classname="com.github.traderjoe95.mls.protocol.tree.TreeMath" time="0.0"/>
  <testcase name="of node 29 should be 27" classname="com.github.traderjoe95.mls.protocol.tree.TreeMath" time="0.0"/>
  <testcase name="of node 30 should be 29" classname="com.github.traderjoe95.mls.protocol.tree.TreeMath" time="0.0"/>
  <testcase name="of node 31 should be 63" classname="com.github.traderjoe95.mls.protocol.tree.TreeMath" time="0.0"/>
  <testcase name="of node 32 should be 33" classname="com.github.traderjoe95.mls.protocol.tree.TreeMath" time="0.0"/>
  <testcase name="of node 33 should be 35" classname="com.github.traderjoe95.mls.protocol.tree.TreeMath" time="0.0"/>
  <testcase name="of node 34 should be 33" classname="com.github.traderjoe95.mls.protocol.tree.TreeMath" time="0.0"/>
  <testcase name="of node 35 should be 39" classname="com.github.traderjoe95.mls.protocol.tree.TreeMath" time="0.0"/>
  <testcase name="of node 36 should be 37" classname="com.github.traderjoe95.mls.protocol.tree.TreeMath" time="0.0"/>
  <testcase name="of node 37 should be 35" classname="com.github.traderjoe95.mls.protocol.tree.TreeMath" time="0.0"/>
  <testcase name="of node 38 should be 37" classname="com.github.traderjoe95.mls.protocol.tree.TreeMath" time="0.0"/>
  <testcase name="of node 39 should be 47" classname="com.github.traderjoe95.mls.protocol.tree.TreeMath" time="0.0"/>
  <testcase name="of node 40 should be 41" classname="com.github.traderjoe95.mls.protocol.tree.TreeMath" time="0.0"/>
  <testcase name="of node 41 should be 43" classname="com.github.traderjoe95.mls.protocol.tree.TreeMath" time="0.0"/>
  <testcase name="of node 42 should be 41" classname="com.github.traderjoe95.mls.protocol.tree.TreeMath" time="0.001"/>
  <testcase name="of node 43 should be 39" classname="com.github.traderjoe95.mls.protocol.tree.TreeMath" time="0.0"/>
  <testcase name="of node 44 should be 45" classname="com.github.traderjoe95.mls.protocol.tree.TreeMath" time="0.0"/>
  <testcase name="of node 45 should be 43" classname="com.github.traderjoe95.mls.protocol.tree.TreeMath" time="0.0"/>
  <testcase name="of node 46 should be 45" classname="com.github.traderjoe95.mls.protocol.tree.TreeMath" time="0.0"/>
  <testcase name="of node 47 should be 31" classname="com.github.traderjoe95.mls.protocol.tree.TreeMath" time="0.0"/>
  <testcase name="of node 48 should be 49" classname="com.github.traderjoe95.mls.protocol.tree.TreeMath" time="0.0"/>
  <testcase name="of node 49 should be 51" classname="com.github.traderjoe95.mls.protocol.tree.TreeMath" time="0.0"/>
  <testcase name="of node 50 should be 49" classname="com.github.traderjoe95.mls.protocol.tree.TreeMath" time="0.0"/>
  <testcase name="of node 51 should be 55" classname="com.github.traderjoe95.mls.protocol.tree.TreeMath" time="0.0"/>
  <testcase name="of node 52 should be 53" classname="com.github.traderjoe95.mls.protocol.tree.TreeMath" time="0.0"/>
  <testcase name="of node 53 should be 51" classname="com.github.traderjoe95.mls.protocol.tree.TreeMath" time="0.0"/>
  <testcase name="of node 54 should be 53" classname="com.github.traderjoe95.mls.protocol.tree.TreeMath" time="0.0"/>
  <testcase name="of node 55 should be 47" classname="com.github.traderjoe95.mls.protocol.tree.TreeMath" time="0.0"/>
  <testcase name="of node 56 should be 57" classname="com.github.traderjoe95.mls.protocol.tree.TreeMath" time="0.0"/>
  <testcase name="of node 57 should be 59" classname="com.github.traderjoe95.mls.protocol.tree.TreeMath" time="0.0"/>
  <testcase name="of node 58 should be 57" classname="com.github.traderjoe95.mls.protocol.tree.TreeMath" time="0.0"/>
  <testcase name="of node 59 should be 55" classname="com.github.traderjoe95.mls.protocol.tree.TreeMath" time="0.0"/>
  <testcase name="of node 60 should be 61" classname="com.github.traderjoe95.mls.protocol.tree.TreeMath" time="0.0"/>
  <testcase name="of node 61 should be 59" classname="com.github.traderjoe95.mls.protocol.tree.TreeMath" time="0.0"/>
  <testcase name="of node 62 should be 61" classname="com.github.traderjoe95.mls.protocol.tree.TreeMath" time="0.0"/>
  <testcase name="of node 64 should be 65" classname="com.github.traderjoe95.mls.protocol.tree.TreeMath" time="0.0"/>
  <testcase name="of node 65 should be 67" classname="com.github.traderjoe95.mls.protocol.tree.TreeMath" time="0.0"/>
  <testcase name="of node 66 should be 65" classname="com.github.traderjoe95.mls.protocol.tree.TreeMath" time="0.001"/>
  <testcase name="of node 67 should be 71" classname="com.github.traderjoe95.mls.protocol.tree.TreeMath" time="0.0"/>
  <testcase name="of node 68 should be 69" classname="com.github.traderjoe95.mls.protocol.tree.TreeMath" time="0.0"/>
  <testcase name="of node 69 should be 67" classname="com.github.traderjoe95.mls.protocol.tree.TreeMath" time="0.0"/>
  <testcase name="of node 70 should be 69" classname="com.github.traderjoe95.mls.protocol.tree.TreeMath" time="0.0"/>
  <testcase name="of node 71 should be 79" classname="com.github.traderjoe95.mls.protocol.tree.TreeMath" time="0.0"/>
  <testcase name="of node 72 should be 73" classname="com.github.traderjoe95.mls.protocol.tree.TreeMath" time="0.0"/>
  <testcase name="of node 73 should be 75" classname="com.github.traderjoe95.mls.protocol.tree.TreeMath" time="0.0"/>
  <testcase name="of node 74 should be 73" classname="com.github.traderjoe95.mls.protocol.tree.TreeMath" time="0.0"/>
  <testcase name="of node 75 should be 71" classname="com.github.traderjoe95.mls.protocol.tree.TreeMath" time="0.0"/>
  <testcase name="of node 76 should be 77" classname="com.github.traderjoe95.mls.protocol.tree.TreeMath" time="0.0"/>
  <testcase name="of node 77 should be 75" classname="com.github.traderjoe95.mls.protocol.tree.TreeMath" time="0.0"/>
  <testcase name="of node 78 should be 77" classname="com.github.traderjoe95.mls.protocol.tree.TreeMath" time="0.0"/>
  <testcase name="of node 79 should be 95" classname="com.github.traderjoe95.mls.protocol.tree.TreeMath" time="0.0"/>
  <testcase name="of node 80 should be 81" classname="com.github.traderjoe95.mls.protocol.tree.TreeMath" time="0.0"/>
  <testcase name="of node 81 should be 83" classname="com.github.traderjoe95.mls.protocol.tree.TreeMath" time="0.0"/>
  <testcase name="of node 82 should be 81" classname="com.github.traderjoe95.mls.protocol.tree.TreeMath" time="0.0"/>
  <testcase name="of node 83 should be 87" classname="com.github.traderjoe95.mls.protocol.tree.TreeMath" time="0.0"/>
  <testcase name="of node 84 should be 85" classname="com.github.traderjoe95.mls.protocol.tree.TreeMath" time="0.0"/>
  <testcase name="of node 85 should be 83" classname="com.github.traderjoe95.mls.protocol.tree.TreeMath" time="0.0"/>
  <testcase name="of node 86 should be 85" classname="com.github.traderjoe95.mls.protocol.tree.TreeMath" time="0.0"/>
  <testcase name="of node 87 should be 79" classname="com.github.traderjoe95.mls.protocol.tree.TreeMath" time="0.0"/>
  <testcase name="of node 88 should be 89" classname="com.github.traderjoe95.mls.protocol.tree.TreeMath" time="0.0"/>
  <testcase name="of node 89 should be 91" classname="com.github.traderjoe95.mls.protocol.tree.TreeMath" time="0.0"/>
  <testcase name="of node 90 should be 89" classname="com.github.traderjoe95.mls.protocol.tree.TreeMath" time="0.0"/>
  <testcase name="of node 91 should be 87" classname="com.github.traderjoe95.mls.protocol.tree.TreeMath" time="0.0"/>
  <testcase name="of node 92 should be 93" classname="com.github.traderjoe95.mls.protocol.tree.TreeMath" time="0.0"/>
  <testcase name="of node 93 should be 91" classname="com.github.traderjoe95.mls.protocol.tree.TreeMath" time="0.0"/>
  <testcase name="of node 94 should be 93" classname="com.github.traderjoe95.mls.protocol.tree.TreeMath" time="0.0"/>
  <testcase name="of node 95 should be 63" classname="com.github.traderjoe95.mls.protocol.tree.TreeMath" time="0.0"/>
  <testcase name="of node 96 should be 97" classname="com.github.traderjoe95.mls.protocol.tree.TreeMath" time="0.0"/>
  <testcase name="of node 97 should be 99" classname="com.github.traderjoe95.mls.protocol.tree.TreeMath" time="0.0"/>
  <testcase name="of node 98 should be 97" classname="com.github.traderjoe95.mls.protocol.tree.TreeMath" time="0.0"/>
  <testcase name="of node 99 should be 103" classname="com.github.traderjoe95.mls.protocol.tree.TreeMath" time="0.0"/>
  <testcase name="of node 100 should be 101" classname="com.github.traderjoe95.mls.protocol.tree.TreeMath" time="0.0"/>
  <testcase name="of node 101 should be 99" classname="com.github.traderjoe95.mls.protocol.tree.TreeMath" time="0.0"/>
  <testcase name="of node 102 should be 101" classname="com.github.traderjoe95.mls.protocol.tree.TreeMath" time="0.0"/>
  <testcase name="of node 103 should be 111" classname="com.github.traderjoe95.mls.protocol.tree.TreeMath" time="0.0"/>
  <testcase name="of node 104 should be 105" classname="com.github.traderjoe95.mls.protocol.tree.TreeMath" time="0.0"/>
  <testcase name="of node 105 should be 107" classname="com.github.traderjoe95.mls.protocol.tree.TreeMath" time="0.0"/>
  <testcase name="of node 106 should be 105" classname="com.github.traderjoe95.mls.protocol.tree.TreeMath" time="0.0"/>
  <testcase name="of node 107 should be 103" classname="com.github.traderjoe95.mls.protocol.tree.TreeMath" time="0.0"/>
  <testcase name="of node 108 should be 109" classname="com.github.traderjoe95.mls.protocol.tree.TreeMath" time="0.0"/>
  <testcase name="of node 109 should be 107" classname="com.github.traderjoe95.mls.protocol.tree.TreeMath" time="0.001"/>
  <testcase name="of node 110 should be 109" classname="com.github.traderjoe95.mls.protocol.tree.TreeMath" time="0.0"/>
  <testcase name="of node 111 should be 95" classname="com.github.traderjoe95.mls.protocol.tree.TreeMath" time="0.0"/>
  <testcase name="of node 112 should be 113" classname="com.github.traderjoe95.mls.protocol.tree.TreeMath" time="0.0"/>
  <testcase name="of node 113 should be 115" classname="com.github.traderjoe95.mls.protocol.tree.TreeMath" time="0.0"/>
  <testcase name="of node 114 should be 113" classname="com.github.traderjoe95.mls.protocol.tree.TreeMath" time="0.0"/>
  <testcase name="of node 115 should be 119" classname="com.github.traderjoe95.mls.protocol.tree.TreeMath" time="0.0"/>
  <testcase name="of node 116 should be 117" classname="com.github.traderjoe95.mls.protocol.tree.TreeMath" time="0.0"/>
  <testcase name="of node 117 should be 115" classname="com.github.traderjoe95.mls.protocol.tree.TreeMath" time="0.0"/>
  <testcase name="of node 118 should be 117" classname="com.github.traderjoe95.mls.protocol.tree.TreeMath" time="0.0"/>
  <testcase name="of node 119 should be 111" classname="com.github.traderjoe95.mls.protocol.tree.TreeMath" time="0.001"/>
  <testcase name="of node 120 should be 121" classname="com.github.traderjoe95.mls.protocol.tree.TreeMath" time="0.0"/>
  <testcase name="of node 121 should be 123" classname="com.github.traderjoe95.mls.protocol.tree.TreeMath" time="0.0"/>
  <testcase name="of node 122 should be 121" classname="com.github.traderjoe95.mls.protocol.tree.TreeMath" time="0.0"/>
  <testcase name="of node 123 should be 119" classname="com.github.traderjoe95.mls.protocol.tree.TreeMath" time="0.0"/>
  <testcase name="of node 124 should be 125" classname="com.github.traderjoe95.mls.protocol.tree.TreeMath" time="0.0"/>
  <testcase name="of node 125 should be 123" classname="com.github.traderjoe95.mls.protocol.tree.TreeMath" time="0.0"/>
  <testcase name="of node 126 should be 125" classname="com.github.traderjoe95.mls.protocol.tree.TreeMath" time="0.0"/>
  <testcase name="of node 0 should be 2" classname="com.github.traderjoe95.mls.protocol.tree.TreeMath" time="0.0"/>
  <testcase name="of node 1 should be 5" classname="com.github.traderjoe95.mls.protocol.tree.TreeMath" time="0.0"/>
  <testcase name="of node 2 should be 0" classname="com.github.traderjoe95.mls.protocol.tree.TreeMath" time="0.0"/>
  <testcase name="of node 3 should be 11" classname="com.github.traderjoe95.mls.protocol.tree.TreeMath" time="0.0"/>
  <testcase name="of node 4 should be 6" classname="com.github.traderjoe95.mls.protocol.tree.TreeMath" time="0.0"/>
  <testcase name="of node 5 should be 1" classname="com.github.traderjoe95.mls.protocol.tree.TreeMath" time="0.001"/>
  <testcase name="of node 6 should be 4" classname="com.github.traderjoe95.mls.protocol.tree.TreeMath" time="0.0"/>
  <testcase name="of node 7 should be 23" classname="com.github.traderjoe95.mls.protocol.tree.TreeMath" time="0.0"/>
  <testcase name="of node 8 should be 10" classname="com.github.traderjoe95.mls.protocol.tree.TreeMath" time="0.0"/>
  <testcase name="of node 9 should be 13" classname="com.github.traderjoe95.mls.protocol.tree.TreeMath" time="0.0"/>
  <testcase name="of node 10 should be 8" classname="com.github.traderjoe95.mls.protocol.tree.TreeMath" time="0.0"/>
  <testcase name="of node 11 should be 3" classname="com.github.traderjoe95.mls.protocol.tree.TreeMath" time="0.0"/>
  <testcase name="of node 12 should be 14" classname="com.github.traderjoe95.mls.protocol.tree.TreeMath" time="0.0"/>
  <testcase name="of node 13 should be 9" classname="com.github.traderjoe95.mls.protocol.tree.TreeMath" time="0.0"/>
  <testcase name="of node 14 should be 12" classname="com.github.traderjoe95.mls.protocol.tree.TreeMath" time="0.0"/>
  <testcase name="of node 15 should be 47" classname="com.github.traderjoe95.mls.protocol.tree.TreeMath" time="0.0"/>
  <testcase name="of node 16 should be 18" classname="com.github.traderjoe95.mls.protocol.tree.TreeMath" time="0.0"/>
  <testcase name="of node 17 should be 21" classname="com.github.traderjoe95.mls.protocol.tree.TreeMath" time="0.0"/>
  <testcase name="of node 18 should be 16" classname="com.github.traderjoe95.mls.protocol.tree.TreeMath" time="0.0"/>
  <testcase name="of node 19 should be 27" classname="com.github.traderjoe95.mls.protocol.tree.TreeMath" time="0.0"/>
  <testcase name="of node 20 should be 22" classname="com.github.traderjoe95.mls.protocol.tree.TreeMath" time="0.0"/>
  <testcase name="of node 21 should be 17" classname="com.github.traderjoe95.mls.protocol.tree.TreeMath" time="0.0"/>
  <testcase name="of node 22 should be 20" classname="com.github.traderjoe95.mls.protocol.tree.TreeMath" time="0.0"/>
  <testcase name="of node 23 should be 7" classname="com.github.traderjoe95.mls.protocol.tree.TreeMath" time="0.0"/>
  <testcase name="of node 24 should be 26" classname="com.github.traderjoe95.mls.protocol.tree.TreeMath" time="0.0"/>
  <testcase name="of node 25 should be 29" classname="com.github.traderjoe95.mls.protocol.tree.TreeMath" time="0.0"/>
  <testcase name="of node 26 should be 24" classname="com.github.traderjoe95.mls.protocol.tree.TreeMath" time="0.001"/>
  <testcase name="of node 27 should be 19" classname="com.github.traderjoe95.mls.protocol.tree.TreeMath" time="0.0"/>
  <testcase name="of node 28 should be 30" classname="com.github.traderjoe95.mls.protocol.tree.TreeMath" time="0.0"/>
  <testcase name="of node 29 should be 25" classname="com.github.traderjoe95.mls.protocol.tree.TreeMath" time="0.0"/>
  <testcase name="of node 30 should be 28" classname="com.github.traderjoe95.mls.protocol.tree.TreeMath" time="0.0"/>
  <testcase name="of node 31 should be 95" classname="com.github.traderjoe95.mls.protocol.tree.TreeMath" time="0.001"/>
  <testcase name="of node 32 should be 34" classname="com.github.traderjoe95.mls.protocol.tree.TreeMath" time="0.0"/>
  <testcase name="of node 33 should be 37" classname="com.github.traderjoe95.mls.protocol.tree.TreeMath" time="0.0"/>
  <testcase name="of node 34 should be 32" classname="com.github.traderjoe95.mls.protocol.tree.TreeMath" time="0.0"/>
  <testcase name="of node 35 should be 43" classname="com.github.traderjoe95.mls.protocol.tree.TreeMath" time="0.0"/>
  <testcase name="of node 36 should be 38" classname="com.github.traderjoe95.mls.protocol.tree.TreeMath" time="0.0"/>
  <testcase name="of node 37 should be 33" classname="com.github.traderjoe95.mls.protocol.tree.TreeMath" time="0.0"/>
  <testcase name="of node 38 should be 36" classname="com.github.traderjoe95.mls.protocol.tree.TreeMath" time="0.0"/>
  <testcase name="of node 39 should be 55" classname="com.github.traderjoe95.mls.protocol.tree.TreeMath" time="0.0"/>
  <testcase name="of node 40 should be 42" classname="com.github.traderjoe95.mls.protocol.tree.TreeMath" time="0.0"/>
  <testcase name="of node 41 should be 45" classname="com.github.traderjoe95.mls.protocol.tree.TreeMath" time="0.0"/>
  <testcase name="of node 42 should be 40" classname="com.github.traderjoe95.mls.protocol.tree.TreeMath" time="0.0"/>
  <testcase name="of node 43 should be 35" classname="com.github.traderjoe95.mls.protocol.tree.TreeMath" time="0.0"/>
  <testcase name="of node 44 should be 46" classname="com.github.traderjoe95.mls.protocol.tree.TreeMath" time="0.0"/>
  <testcase name="of node 45 should be 41" classname="com.github.traderjoe95.mls.protocol.tree.TreeMath" time="0.0"/>
  <testcase name="of node 46 should be 44" classname="com.github.traderjoe95.mls.protocol.tree.TreeMath" time="0.0"/>
  <testcase name="of node 47 should be 15" classname="com.github.traderjoe95.mls.protocol.tree.TreeMath" time="0.0"/>
  <testcase name="of node 48 should be 50" classname="com.github.traderjoe95.mls.protocol.tree.TreeMath" time="0.0"/>
  <testcase name="of node 49 should be 53" classname="com.github.traderjoe95.mls.protocol.tree.TreeMath" time="0.0"/>
  <testcase name="of node 50 should be 48" classname="com.github.traderjoe95.mls.protocol.tree.TreeMath" time="0.0"/>
  <testcase name="of node 51 should be 59" classname="com.github.traderjoe95.mls.protocol.tree.TreeMath" time="0.001"/>
  <testcase name="of node 52 should be 54" classname="com.github.traderjoe95.mls.protocol.tree.TreeMath" time="0.0"/>
  <testcase name="of node 53 should be 49" classname="com.github.traderjoe95.mls.protocol.tree.TreeMath" time="0.0"/>
  <testcase name="of node 54 should be 52" classname="com.github.traderjoe95.mls.protocol.tree.TreeMath" time="0.0"/>
  <testcase name="of node 55 should be 39" classname="com.github.traderjoe95.mls.protocol.tree.TreeMath" time="0.0"/>
  <testcase name="of node 56 should be 58" classname="com.github.traderjoe95.mls.protocol.tree.TreeMath" time="0.0"/>
  <testcase name="of node 57 should be 61" classname="com.github.traderjoe95.mls.protocol.tree.TreeMath" time="0.0"/>
  <testcase name="of node 58 should be 56" classname="com.github.traderjoe95.mls.protocol.tree.TreeMath" time="0.0"/>
  <testcase name="of node 59 should be 51" classname="com.github.traderjoe95.mls.protocol.tree.TreeMath" time="0.0"/>
  <testcase name="of node 60 should be 62" classname="com.github.traderjoe95.mls.protocol.tree.TreeMath" time="0.0"/>
  <testcase name="of node 61 should be 57" classname="com.github.traderjoe95.mls.protocol.tree.TreeMath" time="0.0"/>
  <testcase name="of node 62 should be 60" classname="com.github.traderjoe95.mls.protocol.tree.TreeMath" time="0.001"/>
  <testcase name="of node 64 should be 66" classname="com.github.traderjoe95.mls.protocol.tree.TreeMath" time="0.0"/>
  <testcase name="of node 65 should be 69" classname="com.github.traderjoe95.mls.protocol.tree.TreeMath" time="0.0"/>
  <testcase name="of node 66 should be 64" classname="com.github.traderjoe95.mls.protocol.tree.TreeMath" time="0.0"/>
  <testcase name="of node 67 should be 75" classname="com.github.traderjoe95.mls.protocol.tree.TreeMath" time="0.0"/>
  <testcase name="of node 68 should be 70" classname="com.github.traderjoe95.mls.protocol.tree.TreeMath" time="0.0"/>
  <testcase name="of node 69 should be 65" classname="com.github.traderjoe95.mls.protocol.tree.TreeMath" time="0.0"/>
  <testcase name="of node 70 should be 68" classname="com.github.traderjoe95.mls.protocol.tree.TreeMath" time="0.0"/>
  <testcase name="of node 71 should be 87" classname="com.github.traderjoe95.mls.protocol.tree.TreeMath" time="0.0"/>
  <testcase name="of node 72 should be 74" classname="com.github.traderjoe95.mls.protocol.tree.TreeMath" time="0.0"/>
  <testcase name="of node 73 should be 77" classname="com.github.traderjoe95.mls.protocol.tree.TreeMath" time="0.0"/>
  <testcase name="of node 74 should be 72" classname="com.github.traderjoe95.mls.protocol.tree.TreeMath" time="0.0"/>
  <testcase name="of node 75 should be 67" classname="com.github.traderjoe95.mls.protocol.tree.TreeMath" time="0.0"/>
  <testcase name="of node 76 should be 78" classname="com.github.traderjoe95.mls.protocol.tree.TreeMath" time="0.0"/>
  <testcase name="of node 77 should be 73" classname="com.github.traderjoe95.mls.protocol.tree.TreeMath" time="0.0"/>
  <testcase name="of node 78 should be 76" classname="com.github.traderjoe95.mls.protocol.tree.TreeMath" time="0.0"/>
  <testcase name="of node 79 should be 111" classname="com.github.traderjoe95.mls.protocol.tree.TreeMath" time="0.0"/>
  <testcase name="of node 80 should be 82" classname="com.github.traderjoe95.mls.protocol.tree.TreeMath" time="0.0"/>
  <testcase name="of node 81 should be 85" classname="com.github.traderjoe95.mls.protocol.tree.TreeMath" time="0.0"/>
  <testcase name="of node 82 should be 80" classname="com.github.traderjoe95.mls.protocol.tree.TreeMath" time="0.0"/>
  <testcase name="of node 83 should be 91" classname="com.github.traderjoe95.mls.protocol.tree.TreeMath" time="0.0"/>
  <testcase name="of node 84 should be 86" classname="com.github.traderjoe95.mls.protocol.tree.TreeMath" time="0.0"/>
  <testcase name="of node 85 should be 81" classname="com.github.traderjoe95.mls.protocol.tree.TreeMath" time="0.0"/>
  <testcase name="of node 86 should be 84" classname="com.github.traderjoe95.mls.protocol.tree.TreeMath" time="0.0"/>
  <testcase name="of node 87 should be 71" classname="com.github.traderjoe95.mls.protocol.tree.TreeMath" time="0.0"/>
  <testcase name="of node 88 should be 90" classname="com.github.traderjoe95.mls.protocol.tree.TreeMath" time="0.0"/>
  <testcase name="of node 89 should be 93" classname="com.github.traderjoe95.mls.protocol.tree.TreeMath" time="0.0"/>
  <testcase name="of node 90 should be 88" classname="com.github.traderjoe95.mls.protocol.tree.TreeMath" time="0.0"/>
  <testcase name="of node 91 should be 83" classname="com.github.traderjoe95.mls.protocol.tree.TreeMath" time="0.0"/>
  <testcase name="of node 92 should be 94" classname="com.github.traderjoe95.mls.protocol.tree.TreeMath" time="0.0"/>
  <testcase name="of node 93 should be 89" classname="com.github.traderjoe95.mls.protocol.tree.TreeMath" time="0.0"/>
  <testcase name="of node 94 should be 92" classname="com.github.traderjoe95.mls.protocol.tree.TreeMath" time="0.0"/>
  <testcase name="of node 95 should be 31" classname="com.github.traderjoe95.mls.protocol.tree.TreeMath" time="0.0"/>
  <testcase name="of node 96 should be 98" classname="com.github.traderjoe95.mls.protocol.tree.TreeMath" time="0.0"/>
  <testcase name="of node 97 should be 101" classname="com.github.traderjoe95.mls.protocol.tree.TreeMath" time="0.0"/>
  <testcase name="of node 98 should be 96" classname="com.github.traderjoe95.mls.protocol.tree.TreeMath" time="0.0"/>
  <testcase name="of node 99 should be 107" classname="com.github.traderjoe95.mls.protocol.tree.TreeMath" time="0.001"/>
  <testcase name="of node 100 should be 102" classname="com.github.traderjoe95.mls.protocol.tree.TreeMath" time="0.0"/>
  <testcase name="of node 101 should be 97" classname="com.github.traderjoe95.mls.protocol.tree.TreeMath" time="0.0"/>
  <testcase name="of node 102 should be 100" classname="com.github.traderjoe95.mls.protocol.tree.TreeMath" time="0.0"/>
  <testcase name="of node 103 should be 119" classname="com.github.traderjoe95.mls.protocol.tree.TreeMath" time="0.0"/>
  <testcase name="of node 104 should be 106" classname="com.github.traderjoe95.mls.protocol.tree.TreeMath" time="0.001"/>
  <testcase name="of node 105 should be 109" classname="com.github.traderjoe95.mls.protocol.tree.TreeMath" time="0.0"/>
  <testcase name="of node 106 should be 104" classname="com.github.traderjoe95.mls.protocol.tree.TreeMath" time="0.0"/>
  <testcase name="of node 107 should be 99" classname="com.github.traderjoe95.mls.protocol.tree.TreeMath" time="0.0"/>
  <testcase name="of node 108 should be 110" classname="com.github.traderjoe95.mls.protocol.tree.TreeMath" time="0.0"/>
  <testcase name="of node 109 should be 105" classname="com.github.traderjoe95.mls.protocol.tree.TreeMath" time="0.0"/>
  <testcase name="of node 110 should be 108" classname="com.github.traderjoe95.mls.protocol.tree.TreeMath" time="0.0"/>
  <testcase name="of node 111 should be 79" classname="com.github.traderjoe95.mls.protocol.tree.TreeMath" time="0.0"/>
  <testcase name="of node 112 should be 114" classname="com.github.traderjoe95.mls.protocol.tree.TreeMath" time="0.0"/>
  <testcase name="of node 113 should be 117" classname="com.github.traderjoe95.mls.protocol.tree.TreeMath" time="0.0"/>
  <testcase name="of node 114 should be 112" classname="com.github.traderjoe95.mls.protocol.tree.TreeMath" time="0.001"/>
  <testcase name="of node 115 should be 123" classname="com.github.traderjoe95.mls.protocol.tree.TreeMath" time="0.0"/>
  <testcase name="of node 116 should be 118" classname="com.github.traderjoe95.mls.protocol.tree.TreeMath" time="0.0"/>
  <testcase name="of node 117 should be 113" classname="com.github.traderjoe95.mls.protocol.tree.TreeMath" time="0.0"/>
  <testcase name="of node 118 should be 116" classname="com.github.traderjoe95.mls.protocol.tree.TreeMath" time="0.0"/>
  <testcase name="of node 119 should be 103" classname="com.github.traderjoe95.mls.protocol.tree.TreeMath" time="0.0"/>
  <testcase name="of node 120 should be 122" classname="com.github.traderjoe95.mls.protocol.tree.TreeMath" time="0.0"/>
  <testcase name="of node 121 should be 125" classname="com.github.traderjoe95.mls.protocol.tree.TreeMath" time="0.0"/>
  <testcase name="of node 122 should be 120" classname="com.github.traderjoe95.mls.protocol.tree.TreeMath" time="0.0"/>
  <testcase name="of node 123 should be 115" classname="com.github.traderjoe95.mls.protocol.tree.TreeMath" time="0.0"/>
  <testcase name="of node 124 should be 126" classname="com.github.traderjoe95.mls.protocol.tree.TreeMath" time="0.0"/>
  <testcase name="of node 125 should be 121" classname="com.github.traderjoe95.mls.protocol.tree.TreeMath" time="0.0"/>
  <testcase name="of node 126 should be 124" classname="com.github.traderjoe95.mls.protocol.tree.TreeMath" time="0.0"/>
  <testcase name="there should be 255 nodes" classname="com.github.traderjoe95.mls.protocol.tree.TreeMath" time="0.0"/>
  <testcase name="the root should have index 127" classname="com.github.traderjoe95.mls.protocol.tree.TreeMath" time="0.0"/>
  <testcase name="of node 1 should be 0" classname="com.github.traderjoe95.mls.protocol.tree.TreeMath" time="0.0"/>
  <testcase name="of node 3 should be 1" classname="com.github.traderjoe95.mls.protocol.tree.TreeMath" time="0.0"/>
  <testcase name="of node 5 should be 4" classname="com.github.traderjoe95.mls.protocol.tree.TreeMath" time="0.0"/>
  <testcase name="of node 7 should be 3" classname="com.github.traderjoe95.mls.protocol.tree.TreeMath" time="0.0"/>
  <testcase name="of node 9 should be 8" classname="com.github.traderjoe95.mls.protocol.tree.TreeMath" time="0.0"/>
  <testcase name="of node 11 should be 9" classname="com.github.traderjoe95.mls.protocol.tree.TreeMath" time="0.0"/>
  <testcase name="of node 13 should be 12" classname="com.github.traderjoe95.mls.protocol.tree.TreeMath" time="0.0"/>
  <testcase name="of node 15 should be 7" classname="com.github.traderjoe95.mls.protocol.tree.TreeMath" time="0.0"/>
  <testcase name="of node 17 should be 16" classname="com.github.traderjoe95.mls.protocol.tree.TreeMath" time="0.0"/>
  <testcase name="of node 19 should be 17" classname="com.github.traderjoe95.mls.protocol.tree.TreeMath" time="0.0"/>
  <testcase name="of node 21 should be 20" classname="com.github.traderjoe95.mls.protocol.tree.TreeMath" time="0.0"/>
  <testcase name="of node 23 should be 19" classname="com.github.traderjoe95.mls.protocol.tree.TreeMath" time="0.0"/>
  <testcase name="of node 25 should be 24" classname="com.github.traderjoe95.mls.protocol.tree.TreeMath" time="0.0"/>
  <testcase name="of node 27 should be 25" classname="com.github.traderjoe95.mls.protocol.tree.TreeMath" time="0.0"/>
  <testcase name="of node 29 should be 28" classname="com.github.traderjoe95.mls.protocol.tree.TreeMath" time="0.0"/>
  <testcase name="of node 31 should be 15" classname="com.github.traderjoe95.mls.protocol.tree.TreeMath" time="0.0"/>
  <testcase name="of node 33 should be 32" classname="com.github.traderjoe95.mls.protocol.tree.TreeMath" time="0.0"/>
  <testcase name="of node 35 should be 33" classname="com.github.traderjoe95.mls.protocol.tree.TreeMath" time="0.0"/>
  <testcase name="of node 37 should be 36" classname="com.github.traderjoe95.mls.protocol.tree.TreeMath" time="0.0"/>
  <testcase name="of node 39 should be 35" classname="com.github.traderjoe95.mls.protocol.tree.TreeMath" time="0.0"/>
  <testcase name="of node 41 should be 40" classname="com.github.traderjoe95.mls.protocol.tree.TreeMath" time="0.0"/>
  <testcase name="of node 43 should be 41" classname="com.github.traderjoe95.mls.protocol.tree.TreeMath" time="0.0"/>
  <testcase name="of node 45 should be 44" classname="com.github.traderjoe95.mls.protocol.tree.TreeMath" time="0.0"/>
  <testcase name="of node 47 should be 39" classname="com.github.traderjoe95.mls.protocol.tree.TreeMath" time="0.0"/>
  <testcase name="of node 49 should be 48" classname="com.github.traderjoe95.mls.protocol.tree.TreeMath" time="0.0"/>
  <testcase name="of node 51 should be 49" classname="com.github.traderjoe95.mls.protocol.tree.TreeMath" time="0.0"/>
  <testcase name="of node 53 should be 52" classname="com.github.traderjoe95.mls.protocol.tree.TreeMath" time="0.0"/>
  <testcase name="of node 55 should be 51" classname="com.github.traderjoe95.mls.protocol.tree.TreeMath" time="0.0"/>
  <testcase name="of node 57 should be 56" classname="com.github.traderjoe95.mls.protocol.tree.TreeMath" time="0.0"/>
  <testcase name="of node 59 should be 57" classname="com.github.traderjoe95.mls.protocol.tree.TreeMath" time="0.0"/>
  <testcase name="of node 61 should be 60" classname="com.github.traderjoe95.mls.protocol.tree.TreeMath" time="0.0"/>
  <testcase name="of node 63 should be 31" classname="com.github.traderjoe95.mls.protocol.tree.TreeMath" time="0.0"/>
  <testcase name="of node 65 should be 64" classname="com.github.traderjoe95.mls.protocol.tree.TreeMath" time="0.0"/>
  <testcase name="of node 67 should be 65" classname="com.github.traderjoe95.mls.protocol.tree.TreeMath" time="0.0"/>
  <testcase name="of node 69 should be 68" classname="com.github.traderjoe95.mls.protocol.tree.TreeMath" time="0.0"/>
  <testcase name="of node 71 should be 67" classname="com.github.traderjoe95.mls.protocol.tree.TreeMath" time="0.0"/>
  <testcase name="of node 73 should be 72" classname="com.github.traderjoe95.mls.protocol.tree.TreeMath" time="0.0"/>
  <testcase name="of node 75 should be 73" classname="com.github.traderjoe95.mls.protocol.tree.TreeMath" time="0.0"/>
  <testcase name="of node 77 should be 76" classname="com.github.traderjoe95.mls.protocol.tree.TreeMath" time="0.0"/>
  <testcase name="of node 79 should be 71" classname="com.github.traderjoe95.mls.protocol.tree.TreeMath" time="0.0"/>
  <testcase name="of node 81 should be 80" classname="com.github.traderjoe95.mls.protocol.tree.TreeMath" time="0.0"/>
  <testcase name="of node 83 should be 81" classname="com.github.traderjoe95.mls.protocol.tree.TreeMath" time="0.0"/>
  <testcase name="of node 85 should be 84" classname="com.github.traderjoe95.mls.protocol.tree.TreeMath" time="0.0"/>
  <testcase name="of node 87 should be 83" classname="com.github.traderjoe95.mls.protocol.tree.TreeMath" time="0.0"/>
  <testcase name="of node 89 should be 88" classname="com.github.traderjoe95.mls.protocol.tree.TreeMath" time="0.0"/>
  <testcase name="of node 91 should be 89" classname="com.github.traderjoe95.mls.protocol.tree.TreeMath" time="0.0"/>
  <testcase name="of node 93 should be 92" classname="com.github.traderjoe95.mls.protocol.tree.TreeMath" time="0.0"/>
  <testcase name="of node 95 should be 79" classname="com.github.traderjoe95.mls.protocol.tree.TreeMath" time="0.0"/>
  <testcase name="of node 97 should be 96" classname="com.github.traderjoe95.mls.protocol.tree.TreeMath" time="0.0"/>
  <testcase name="of node 99 should be 97" classname="com.github.traderjoe95.mls.protocol.tree.TreeMath" time="0.0"/>
  <testcase name="of node 101 should be 100" classname="com.github.traderjoe95.mls.protocol.tree.TreeMath" time="0.0"/>
  <testcase name="of node 103 should be 99" classname="com.github.traderjoe95.mls.protocol.tree.TreeMath" time="0.001"/>
  <testcase name="of node 105 should be 104" classname="com.github.traderjoe95.mls.protocol.tree.TreeMath" time="0.0"/>
  <testcase name="of node 107 should be 105" classname="com.github.traderjoe95.mls.protocol.tree.TreeMath" time="0.0"/>
  <testcase name="of node 109 should be 108" classname="com.github.traderjoe95.mls.protocol.tree.TreeMath" time="0.0"/>
  <testcase name="of node 111 should be 103" classname="com.github.traderjoe95.mls.protocol.tree.TreeMath" time="0.0"/>
  <testcase name="of node 113 should be 112" classname="com.github.traderjoe95.mls.protocol.tree.TreeMath" time="0.0"/>
  <testcase name="of node 115 should be 113" classname="com.github.traderjoe95.mls.protocol.tree.TreeMath" time="0.0"/>
  <testcase name="of node 117 should be 116" classname="com.github.traderjoe95.mls.protocol.tree.TreeMath" time="0.0"/>
  <testcase name="of node 119 should be 115" classname="com.github.traderjoe95.mls.protocol.tree.TreeMath" time="0.0"/>
  <testcase name="of node 121 should be 120" classname="com.github.traderjoe95.mls.protocol.tree.TreeMath" time="0.0"/>
  <testcase name="of node 123 should be 121" classname="com.github.traderjoe95.mls.protocol.tree.TreeMath" time="0.0"/>
  <testcase name="of node 125 should be 124" classname="com.github.traderjoe95.mls.protocol.tree.TreeMath" time="0.0"/>
  <testcase name="of node 127 should be 63" classname="com.github.traderjoe95.mls.protocol.tree.TreeMath" time="0.0"/>
  <testcase name="of node 129 should be 128" classname="com.github.traderjoe95.mls.protocol.tree.TreeMath" time="0.0"/>
  <testcase name="of node 131 should be 129" classname="com.github.traderjoe95.mls.protocol.tree.TreeMath" time="0.0"/>
  <testcase name="of node 133 should be 132" classname="com.github.traderjoe95.mls.protocol.tree.TreeMath" time="0.0"/>
  <testcase name="of node 135 should be 131" classname="com.github.traderjoe95.mls.protocol.tree.TreeMath" time="0.0"/>
  <testcase name="of node 137 should be 136" classname="com.github.traderjoe95.mls.protocol.tree.TreeMath" time="0.0"/>
  <testcase name="of node 139 should be 137" classname="com.github.traderjoe95.mls.protocol.tree.TreeMath" time="0.0"/>
  <testcase name="of node 141 should be 140" classname="com.github.traderjoe95.mls.protocol.tree.TreeMath" time="0.0"/>
  <testcase name="of node 143 should be 135" classname="com.github.traderjoe95.mls.protocol.tree.TreeMath" time="0.0"/>
  <testcase name="of node 145 should be 144" classname="com.github.traderjoe95.mls.protocol.tree.TreeMath" time="0.0"/>
  <testcase name="of node 147 should be 145" classname="com.github.traderjoe95.mls.protocol.tree.TreeMath" time="0.0"/>
  <testcase name="of node 149 should be 148" classname="com.github.traderjoe95.mls.protocol.tree.TreeMath" time="0.0"/>
  <testcase name="of node 151 should be 147" classname="com.github.traderjoe95.mls.protocol.tree.TreeMath" time="0.0"/>
  <testcase name="of node 153 should be 152" classname="com.github.traderjoe95.mls.protocol.tree.TreeMath" time="0.0"/>
  <testcase name="of node 155 should be 153" classname="com.github.traderjoe95.mls.protocol.tree.TreeMath" time="0.001"/>
  <testcase name="of node 157 should be 156" classname="com.github.traderjoe95.mls.protocol.tree.TreeMath" time="0.0"/>
  <testcase name="of node 159 should be 143" classname="com.github.traderjoe95.mls.protocol.tree.TreeMath" time="0.0"/>
  <testcase name="of node 161 should be 160" classname="com.github.traderjoe95.mls.protocol.tree.TreeMath" time="0.0"/>
  <testcase name="of node 163 should be 161" classname="com.github.traderjoe95.mls.protocol.tree.TreeMath" time="0.0"/>
  <testcase name="of node 165 should be 164" classname="com.github.traderjoe95.mls.protocol.tree.TreeMath" time="0.0"/>
  <testcase name="of node 167 should be 163" classname="com.github.traderjoe95.mls.protocol.tree.TreeMath" time="0.0"/>
  <testcase name="of node 169 should be 168" classname="com.github.traderjoe95.mls.protocol.tree.TreeMath" time="0.0"/>
  <testcase name="of node 171 should be 169" classname="com.github.traderjoe95.mls.protocol.tree.TreeMath" time="0.0"/>
  <testcase name="of node 173 should be 172" classname="com.github.traderjoe95.mls.protocol.tree.TreeMath" time="0.001"/>
  <testcase name="of node 175 should be 167" classname="com.github.traderjoe95.mls.protocol.tree.TreeMath" time="0.0"/>
  <testcase name="of node 177 should be 176" classname="com.github.traderjoe95.mls.protocol.tree.TreeMath" time="0.0"/>
  <testcase name="of node 179 should be 177" classname="com.github.traderjoe95.mls.protocol.tree.TreeMath" time="0.0"/>
  <testcase name="of node 181 should be 180" classname="com.github.traderjoe95.mls.protocol.tree.TreeMath" time="0.0"/>
  <testcase name="of node 183 should be 179" classname="com.github.traderjoe95.mls.protocol.tree.TreeMath" time="0.0"/>
  <testcase name="of node 185 should be 184" classname="com.github.traderjoe95.mls.protocol.tree.TreeMath" time="0.0"/>
  <testcase name="of node 187 should be 185" classname="com.github.traderjoe95.mls.protocol.tree.TreeMath" time="0.0"/>
  <testcase name="of node 189 should be 188" classname="com.github.traderjoe95.mls.protocol.tree.TreeMath" time="0.0"/>
  <testcase name="of node 191 should be 159" classname="com.github.traderjoe95.mls.protocol.tree.TreeMath" time="0.0"/>
  <testcase name="of node 193 should be 192" classname="com.github.traderjoe95.mls.protocol.tree.TreeMath" time="0.0"/>
  <testcase name="of node 195 should be 193" classname="com.github.traderjoe95.mls.protocol.tree.TreeMath" time="0.0"/>
  <testcase name="of node 197 should be 196" classname="com.github.traderjoe95.mls.protocol.tree.TreeMath" time="0.0"/>
  <testcase name="of node 199 should be 195" classname="com.github.traderjoe95.mls.protocol.tree.TreeMath" time="0.0"/>
  <testcase name="of node 201 should be 200" classname="com.github.traderjoe95.mls.protocol.tree.TreeMath" time="0.0"/>
  <testcase name="of node 203 should be 201" classname="com.github.traderjoe95.mls.protocol.tree.TreeMath" time="0.0"/>
  <testcase name="of node 205 should be 204" classname="com.github.traderjoe95.mls.protocol.tree.TreeMath" time="0.0"/>
  <testcase name="of node 207 should be 199" classname="com.github.traderjoe95.mls.protocol.tree.TreeMath" time="0.0"/>
  <testcase name="of node 209 should be 208" classname="com.github.traderjoe95.mls.protocol.tree.TreeMath" time="0.0"/>
  <testcase name="of node 211 should be 209" classname="com.github.traderjoe95.mls.protocol.tree.TreeMath" time="0.0"/>
  <testcase name="of node 213 should be 212" classname="com.github.traderjoe95.mls.protocol.tree.TreeMath" time="0.0"/>
  <testcase name="of node 215 should be 211" classname="com.github.traderjoe95.mls.protocol.tree.TreeMath" time="0.0"/>
  <testcase name="of node 217 should be 216" classname="com.github.traderjoe95.mls.protocol.tree.TreeMath" time="0.0"/>
  <testcase name="of node 219 should be 217" classname="com.github.traderjoe95.mls.protocol.tree.TreeMath" time="0.0"/>
  <testcase name="of node 221 should be 220" classname="com.github.traderjoe95.mls.protocol.tree.TreeMath" time="0.0"/>
  <testcase name="of node 223 should be 207" classname="com.github.traderjoe95.mls.protocol.tree.TreeMath" time="0.0"/>
  <testcase name="of node 225 should be 224" classname="com.github.traderjoe95.mls.protocol.tree.TreeMath" time="0.0"/>
  <testcase name="of node 227 should be 225" classname="com.github.traderjoe95.mls.protocol.tree.TreeMath" time="0.0"/>
  <testcase name="of node 229 should be 228" classname="com.github.traderjoe95.mls.protocol.tree.TreeMath" time="0.0"/>
  <testcase name="of node 231 should be 227" classname="com.github.traderjoe95.mls.protocol.tree.TreeMath" time="0.0"/>
  <testcase name="of node 233 should be 232" classname="com.github.traderjoe95.mls.protocol.tree.TreeMath" time="0.001"/>
  <testcase name="of node 235 should be 233" classname="com.github.traderjoe95.mls.protocol.tree.TreeMath" time="0.0"/>
  <testcase name="of node 237 should be 236" classname="com.github.traderjoe95.mls.protocol.tree.TreeMath" time="0.0"/>
  <testcase name="of node 239 should be 231" classname="com.github.traderjoe95.mls.protocol.tree.TreeMath" time="0.0"/>
  <testcase name="of node 241 should be 240" classname="com.github.traderjoe95.mls.protocol.tree.TreeMath" time="0.0"/>
  <testcase name="of node 243 should be 241" classname="com.github.traderjoe95.mls.protocol.tree.TreeMath" time="0.0"/>
  <testcase name="of node 245 should be 244" classname="com.github.traderjoe95.mls.protocol.tree.TreeMath" time="0.001"/>
  <testcase name="of node 247 should be 243" classname="com.github.traderjoe95.mls.protocol.tree.TreeMath" time="0.0"/>
  <testcase name="of node 249 should be 248" classname="com.github.traderjoe95.mls.protocol.tree.TreeMath" time="0.0"/>
  <testcase name="of node 251 should be 249" classname="com.github.traderjoe95.mls.protocol.tree.TreeMath" time="0.0"/>
  <testcase name="of node 253 should be 252" classname="com.github.traderjoe95.mls.protocol.tree.TreeMath" time="0.0"/>
  <testcase name="of node 1 should be 2" classname="com.github.traderjoe95.mls.protocol.tree.TreeMath" time="0.0"/>
  <testcase name="of node 3 should be 5" classname="com.github.traderjoe95.mls.protocol.tree.TreeMath" time="0.0"/>
  <testcase name="of node 5 should be 6" classname="com.github.traderjoe95.mls.protocol.tree.TreeMath" time="0.0"/>
  <testcase name="of node 7 should be 11" classname="com.github.traderjoe95.mls.protocol.tree.TreeMath" time="0.0"/>
  <testcase name="of node 9 should be 10" classname="com.github.traderjoe95.mls.protocol.tree.TreeMath" time="0.0"/>
  <testcase name="of node 11 should be 13" classname="com.github.traderjoe95.mls.protocol.tree.TreeMath" time="0.0"/>
  <testcase name="of node 13 should be 14" classname="com.github.traderjoe95.mls.protocol.tree.TreeMath" time="0.0"/>
  <testcase name="of node 15 should be 23" classname="com.github.traderjoe95.mls.protocol.tree.TreeMath" time="0.0"/>
  <testcase name="of node 17 should be 18" classname="com.github.traderjoe95.mls.protocol.tree.TreeMath" time="0.0"/>
  <testcase name="of node 19 should be 21" classname="com.github.traderjoe95.mls.protocol.tree.TreeMath" time="0.0"/>
  <testcase name="of node 21 should be 22" classname="com.github.traderjoe95.mls.protocol.tree.TreeMath" time="0.0"/>
  <testcase name="of node 23 should be 27" classname="com.github.traderjoe95.mls.protocol.tree.TreeMath" time="0.0"/>
  <testcase name="of node 25 should be 26" classname="com.github.traderjoe95.mls.protocol.tree.TreeMath" time="0.0"/>
  <testcase name="of node 27 should be 29" classname="com.github.traderjoe95.mls.protocol.tree.TreeMath" time="0.0"/>
  <testcase name="of node 29 should be 30" classname="com.github.traderjoe95.mls.protocol.tree.TreeMath" time="0.0"/>
  <testcase name="of node 31 should be 47" classname="com.github.traderjoe95.mls.protocol.tree.TreeMath" time="0.0"/>
  <testcase name="of node 33 should be 34" classname="com.github.traderjoe95.mls.protocol.tree.TreeMath" time="0.0"/>
  <testcase name="of node 35 should be 37" classname="com.github.traderjoe95.mls.protocol.tree.TreeMath" time="0.0"/>
  <testcase name="of node 37 should be 38" classname="com.github.traderjoe95.mls.protocol.tree.TreeMath" time="0.0"/>
  <testcase name="of node 39 should be 43" classname="com.github.traderjoe95.mls.protocol.tree.TreeMath" time="0.0"/>
  <testcase name="of node 41 should be 42" classname="com.github.traderjoe95.mls.protocol.tree.TreeMath" time="0.0"/>
  <testcase name="of node 43 should be 45" classname="com.github.traderjoe95.mls.protocol.tree.TreeMath" time="0.0"/>
  <testcase name="of node 45 should be 46" classname="com.github.traderjoe95.mls.protocol.tree.TreeMath" time="0.0"/>
  <testcase name="of node 47 should be 55" classname="com.github.traderjoe95.mls.protocol.tree.TreeMath" time="0.0"/>
  <testcase name="of node 49 should be 50" classname="com.github.traderjoe95.mls.protocol.tree.TreeMath" time="0.0"/>
  <testcase name="of node 51 should be 53" classname="com.github.traderjoe95.mls.protocol.tree.TreeMath" time="0.0"/>
  <testcase name="of node 53 should be 54" classname="com.github.traderjoe95.mls.protocol.tree.TreeMath" time="0.0"/>
  <testcase name="of node 55 should be 59" classname="com.github.traderjoe95.mls.protocol.tree.TreeMath" time="0.0"/>
  <testcase name="of node 57 should be 58" classname="com.github.traderjoe95.mls.protocol.tree.TreeMath" time="0.0"/>
  <testcase name="of node 59 should be 61" classname="com.github.traderjoe95.mls.protocol.tree.TreeMath" time="0.0"/>
  <testcase name="of node 61 should be 62" classname="com.github.traderjoe95.mls.protocol.tree.TreeMath" time="0.0"/>
  <testcase name="of node 63 should be 95" classname="com.github.traderjoe95.mls.protocol.tree.TreeMath" time="0.0"/>
  <testcase name="of node 65 should be 66" classname="com.github.traderjoe95.mls.protocol.tree.TreeMath" time="0.0"/>
  <testcase name="of node 67 should be 69" classname="com.github.traderjoe95.mls.protocol.tree.TreeMath" time="0.0"/>
  <testcase name="of node 69 should be 70" classname="com.github.traderjoe95.mls.protocol.tree.TreeMath" time="0.0"/>
  <testcase name="of node 71 should be 75" classname="com.github.traderjoe95.mls.protocol.tree.TreeMath" time="0.0"/>
  <testcase name="of node 73 should be 74" classname="com.github.traderjoe95.mls.protocol.tree.TreeMath" time="0.0"/>
  <testcase name="of node 75 should be 77" classname="com.github.traderjoe95.mls.protocol.tree.TreeMath" time="0.0"/>
  <testcase name="of node 77 should be 78" classname="com.github.traderjoe95.mls.protocol.tree.TreeMath" time="0.0"/>
  <testcase name="of node 79 should be 87" classname="com.github.traderjoe95.mls.protocol.tree.TreeMath" time="0.001"/>
  <testcase name="of node 81 should be 82" classname="com.github.traderjoe95.mls.protocol.tree.TreeMath" time="0.0"/>
  <testcase name="of node 83 should be 85" classname="com.github.traderjoe95.mls.protocol.tree.TreeMath" time="0.0"/>
  <testcase name="of node 85 should be 86" classname="com.github.traderjoe95.mls.protocol.tree.TreeMath" time="0.0"/>
  <testcase name="of node 87 should be 91" classname="com.github.traderjoe95.mls.protocol.tree.TreeMath" time="0.0"/>
  <testcase name="of node 89 should be 90" classname="com.github.traderjoe95.mls.protocol.tree.TreeMath" time="0.0"/>
  <testcase name="of node 91 should be 93" classname="com.github.traderjoe95.mls.protocol.tree.TreeMath" time="0.0"/>
  <testcase name="of node 93 should be 94" classname="com.github.traderjoe95.mls.protocol.tree.TreeMath" time="0.0"/>
  <testcase name="of node 95 should be 111" classname="com.github.traderjoe95.mls.protocol.tree.TreeMath" time="0.0"/>
  <testcase name="of node 97 should be 98" classname="com.github.traderjoe95.mls.protocol.tree.TreeMath" time="0.0"/>
  <testcase name="of node 99 should be 101" classname="com.github.traderjoe95.mls.protocol.tree.TreeMath" time="0.0"/>
  <testcase name="of node 101 should be 102" classname="com.github.traderjoe95.mls.protocol.tree.TreeMath" time="0.0"/>
  <testcase name="of node 103 should be 107" classname="com.github.traderjoe95.mls.protocol.tree.TreeMath" time="0.0"/>
  <testcase name="of node 105 should be 106" classname="com.github.traderjoe95.mls.protocol.tree.TreeMath" time="0.0"/>
  <testcase name="of node 107 should be 109" classname="com.github.traderjoe95.mls.protocol.tree.TreeMath" time="0.0"/>
  <testcase name="of node 109 should be 110" classname="com.github.traderjoe95.mls.protocol.tree.TreeMath" time="0.0"/>
  <testcase name="of node 111 should be 119" classname="com.github.traderjoe95.mls.protocol.tree.TreeMath" time="0.0"/>
  <testcase name="of node 113 should be 114" classname="com.github.traderjoe95.mls.protocol.tree.TreeMath" time="0.0"/>
  <testcase name="of node 115 should be 117" classname="com.github.traderjoe95.mls.protocol.tree.TreeMath" time="0.0"/>
  <testcase name="of node 117 should be 118" classname="com.github.traderjoe95.mls.protocol.tree.TreeMath" time="0.0"/>
  <testcase name="of node 119 should be 123" classname="com.github.traderjoe95.mls.protocol.tree.TreeMath" time="0.0"/>
  <testcase name="of node 121 should be 122" classname="com.github.traderjoe95.mls.protocol.tree.TreeMath" time="0.0"/>
  <testcase name="of node 123 should be 125" classname="com.github.traderjoe95.mls.protocol.tree.TreeMath" time="0.0"/>
  <testcase name="of node 125 should be 126" classname="com.github.traderjoe95.mls.protocol.tree.TreeMath" time="0.0"/>
  <testcase name="of node 127 should be 191" classname="com.github.traderjoe95.mls.protocol.tree.TreeMath" time="0.0"/>
  <testcase name="of node 129 should be 130" classname="com.github.traderjoe95.mls.protocol.tree.TreeMath" time="0.0"/>
  <testcase name="of node 131 should be 133" classname="com.github.traderjoe95.mls.protocol.tree.TreeMath" time="0.0"/>
  <testcase name="of node 133 should be 134" classname="com.github.traderjoe95.mls.protocol.tree.TreeMath" time="0.0"/>
  <testcase name="of node 135 should be 139" classname="com.github.traderjoe95.mls.protocol.tree.TreeMath" time="0.0"/>
  <testcase name="of node 137 should be 138" classname="com.github.traderjoe95.mls.protocol.tree.TreeMath" time="0.0"/>
  <testcase name="of node 139 should be 141" classname="com.github.traderjoe95.mls.protocol.tree.TreeMath" time="0.0"/>
  <testcase name="of node 141 should be 142" classname="com.github.traderjoe95.mls.protocol.tree.TreeMath" time="0.0"/>
  <testcase name="of node 143 should be 151" classname="com.github.traderjoe95.mls.protocol.tree.TreeMath" time="0.0"/>
  <testcase name="of node 145 should be 146" classname="com.github.traderjoe95.mls.protocol.tree.TreeMath" time="0.0"/>
  <testcase name="of node 147 should be 149" classname="com.github.traderjoe95.mls.protocol.tree.TreeMath" time="0.0"/>
  <testcase name="of node 149 should be 150" classname="com.github.traderjoe95.mls.protocol.tree.TreeMath" time="0.0"/>
  <testcase name="of node 151 should be 155" classname="com.github.traderjoe95.mls.protocol.tree.TreeMath" time="0.0"/>
  <testcase name="of node 153 should be 154" classname="com.github.traderjoe95.mls.protocol.tree.TreeMath" time="0.0"/>
  <testcase name="of node 155 should be 157" classname="com.github.traderjoe95.mls.protocol.tree.TreeMath" time="0.0"/>
  <testcase name="of node 157 should be 158" classname="com.github.traderjoe95.mls.protocol.tree.TreeMath" time="0.0"/>
  <testcase name="of node 159 should be 175" classname="com.github.traderjoe95.mls.protocol.tree.TreeMath" time="0.0"/>
  <testcase name="of node 161 should be 162" classname="com.github.traderjoe95.mls.protocol.tree.TreeMath" time="0.0"/>
  <testcase name="of node 163 should be 165" classname="com.github.traderjoe95.mls.protocol.tree.TreeMath" time="0.0"/>
  <testcase name="of node 165 should be 166" classname="com.github.traderjoe95.mls.protocol.tree.TreeMath" time="0.0"/>
  <testcase name="of node 167 should be 171" classname="com.github.traderjoe95.mls.protocol.tree.TreeMath" time="0.0"/>
  <testcase name="of node 169 should be 170" classname="com.github.traderjoe95.mls.protocol.tree.TreeMath" time="0.001"/>
  <testcase name="of node 171 should be 173" classname="com.github.traderjoe95.mls.protocol.tree.TreeMath" time="0.0"/>
  <testcase name="of node 173 should be 174" classname="com.github.traderjoe95.mls.protocol.tree.TreeMath" time="0.0"/>
  <testcase name="of node 175 should be 183" classname="com.github.traderjoe95.mls.protocol.tree.TreeMath" time="0.0"/>
  <testcase name="of node 177 should be 178" classname="com.github.traderjoe95.mls.protocol.tree.TreeMath" time="0.0"/>
  <testcase name="of node 179 should be 181" classname="com.github.traderjoe95.mls.protocol.tree.TreeMath" time="0.0"/>
  <testcase name="of node 181 should be 182" classname="com.github.traderjoe95.mls.protocol.tree.TreeMath" time="0.0"/>
  <testcase name="of node 183 should be 187" classname="com.github.traderjoe95.mls.protocol.tree.TreeMath" time="0.0"/>
  <testcase name="of node 185 should be 186" classname="com.github.traderjoe95.mls.protocol.tree.TreeMath" time="0.0"/>
  <testcase name="of node 187 should be 189" classname="com.github.traderjoe95.mls.protocol.tree.TreeMath" time="0.0"/>
  <testcase name="of node 189 should be 190" classname="com.github.traderjoe95.mls.protocol.tree.TreeMath" time="0.0"/>
  <testcase name="of node 191 should be 223" classname="com.github.traderjoe95.mls.protocol.tree.TreeMath" time="0.0"/>
  <testcase name="of node 193 should be 194" classname="com.github.traderjoe95.mls.protocol.tree.TreeMath" time="0.0"/>
  <testcase name="of node 195 should be 197" classname="com.github.traderjoe95.mls.protocol.tree.TreeMath" time="0.0"/>
  <testcase name="of node 197 should be 198" classname="com.github.traderjoe95.mls.protocol.tree.TreeMath" time="0.0"/>
  <testcase name="of node 199 should be 203" classname="com.github.traderjoe95.mls.protocol.tree.TreeMath" time="0.0"/>
  <testcase name="of node 201 should be 202" classname="com.github.traderjoe95.mls.protocol.tree.TreeMath" time="0.0"/>
  <testcase name="of node 203 should be 205" classname="com.github.traderjoe95.mls.protocol.tree.TreeMath" time="0.001"/>
  <testcase name="of node 205 should be 206" classname="com.github.traderjoe95.mls.protocol.tree.TreeMath" time="0.0"/>
  <testcase name="of node 207 should be 215" classname="com.github.traderjoe95.mls.protocol.tree.TreeMath" time="0.0"/>
  <testcase name="of node 209 should be 210" classname="com.github.traderjoe95.mls.protocol.tree.TreeMath" time="0.0"/>
  <testcase name="of node 211 should be 213" classname="com.github.traderjoe95.mls.protocol.tree.TreeMath" time="0.0"/>
  <testcase name="of node 213 should be 214" classname="com.github.traderjoe95.mls.protocol.tree.TreeMath" time="0.0"/>
  <testcase name="of node 215 should be 219" classname="com.github.traderjoe95.mls.protocol.tree.TreeMath" time="0.0"/>
  <testcase name="of node 217 should be 218" classname="com.github.traderjoe95.mls.protocol.tree.TreeMath" time="0.0"/>
  <testcase name="of node 219 should be 221" classname="com.github.traderjoe95.mls.protocol.tree.TreeMath" time="0.0"/>
  <testcase name="of node 221 should be 222" classname="com.github.traderjoe95.mls.protocol.tree.TreeMath" time="0.0"/>
  <testcase name="of node 223 should be 239" classname="com.github.traderjoe95.mls.protocol.tree.TreeMath" time="0.0"/>
  <testcase name="of node 225 should be 226" classname="com.github.traderjoe95.mls.protocol.tree.TreeMath" time="0.0"/>
  <testcase name="of node 227 should be 229" classname="com.github.traderjoe95.mls.protocol.tree.TreeMath" time="0.0"/>
  <testcase name="of node 229 should be 230" classname="com.github.traderjoe95.mls.protocol.tree.TreeMath" time="0.0"/>
  <testcase name="of node 231 should be 235" classname="com.github.traderjoe95.mls.protocol.tree.TreeMath" time="0.0"/>
  <testcase name="of node 233 should be 234" classname="com.github.traderjoe95.mls.protocol.tree.TreeMath" time="0.0"/>
  <testcase name="of node 235 should be 237" classname="com.github.traderjoe95.mls.protocol.tree.TreeMath" time="0.0"/>
  <testcase name="of node 237 should be 238" classname="com.github.traderjoe95.mls.protocol.tree.TreeMath" time="0.0"/>
  <testcase name="of node 239 should be 247" classname="com.github.traderjoe95.mls.protocol.tree.TreeMath" time="0.0"/>
  <testcase name="of node 241 should be 242" classname="com.github.traderjoe95.mls.protocol.tree.TreeMath" time="0.0"/>
  <testcase name="of node 243 should be 245" classname="com.github.traderjoe95.mls.protocol.tree.TreeMath" time="0.0"/>
  <testcase name="of node 245 should be 246" classname="com.github.traderjoe95.mls.protocol.tree.TreeMath" time="0.0"/>
  <testcase name="of node 247 should be 251" classname="com.github.traderjoe95.mls.protocol.tree.TreeMath" time="0.0"/>
  <testcase name="of node 249 should be 250" classname="com.github.traderjoe95.mls.protocol.tree.TreeMath" time="0.0"/>
  <testcase name="of node 251 should be 253" classname="com.github.traderjoe95.mls.protocol.tree.TreeMath" time="0.0"/>
  <testcase name="of node 253 should be 254" classname="com.github.traderjoe95.mls.protocol.tree.TreeMath" time="0.0"/>
  <testcase name="of node 0 should be 1" classname="com.github.traderjoe95.mls.protocol.tree.TreeMath" time="0.0"/>
  <testcase name="of node 1 should be 3" classname="com.github.traderjoe95.mls.protocol.tree.TreeMath" time="0.0"/>
  <testcase name="of node 2 should be 1" classname="com.github.traderjoe95.mls.protocol.tree.TreeMath" time="0.001"/>
  <testcase name="of node 3 should be 7" classname="com.github.traderjoe95.mls.protocol.tree.TreeMath" time="0.0"/>
  <testcase name="of node 4 should be 5" classname="com.github.traderjoe95.mls.protocol.tree.TreeMath" time="0.0"/>
  <testcase name="of node 5 should be 3" classname="com.github.traderjoe95.mls.protocol.tree.TreeMath" time="0.001"/>
  <testcase name="of node 6 should be 5" classname="com.github.traderjoe95.mls.protocol.tree.TreeMath" time="0.0"/>
  <testcase name="of node 7 should be 15" classname="com.github.traderjoe95.mls.protocol.tree.TreeMath" time="0.0"/>
  <testcase name="of node 8 should be 9" classname="com.github.traderjoe95.mls.protocol.tree.TreeMath" time="0.0"/>
  <testcase name="of node 9 should be 11" classname="com.github.traderjoe95.mls.protocol.tree.TreeMath" time="0.0"/>
  <testcase name="of node 10 should be 9" classname="com.github.traderjoe95.mls.protocol.tree.TreeMath" time="0.0"/>
  <testcase name="of node 11 should be 7" classname="com.github.traderjoe95.mls.protocol.tree.TreeMath" time="0.0"/>
  <testcase name="of node 12 should be 13" classname="com.github.traderjoe95.mls.protocol.tree.TreeMath" time="0.0"/>
  <testcase name="of node 13 should be 11" classname="com.github.traderjoe95.mls.protocol.tree.TreeMath" time="0.0"/>
  <testcase name="of node 14 should be 13" classname="com.github.traderjoe95.mls.protocol.tree.TreeMath" time="0.0"/>
  <testcase name="of node 15 should be 31" classname="com.github.traderjoe95.mls.protocol.tree.TreeMath" time="0.0"/>
  <testcase name="of node 16 should be 17" classname="com.github.traderjoe95.mls.protocol.tree.TreeMath" time="0.001"/>
  <testcase name="of node 17 should be 19" classname="com.github.traderjoe95.mls.protocol.tree.TreeMath" time="0.0"/>
  <testcase name="of node 18 should be 17" classname="com.github.traderjoe95.mls.protocol.tree.TreeMath" time="0.0"/>
  <testcase name="of node 19 should be 23" classname="com.github.traderjoe95.mls.protocol.tree.TreeMath" time="0.0"/>
  <testcase name="of node 20 should be 21" classname="com.github.traderjoe95.mls.protocol.tree.TreeMath" time="0.0"/>
  <testcase name="of node 21 should be 19" classname="com.github.traderjoe95.mls.protocol.tree.TreeMath" time="0.0"/>
  <testcase name="of node 22 should be 21" classname="com.github.traderjoe95.mls.protocol.tree.TreeMath" time="0.0"/>
  <testcase name="of node 23 should be 15" classname="com.github.traderjoe95.mls.protocol.tree.TreeMath" time="0.0"/>
  <testcase name="of node 24 should be 25" classname="com.github.traderjoe95.mls.protocol.tree.TreeMath" time="0.0"/>
  <testcase name="of node 25 should be 27" classname="com.github.traderjoe95.mls.protocol.tree.TreeMath" time="0.0"/>
  <testcase name="of node 26 should be 25" classname="com.github.traderjoe95.mls.protocol.tree.TreeMath" time="0.0"/>
  <testcase name="of node 27 should be 23" classname="com.github.traderjoe95.mls.protocol.tree.TreeMath" time="0.0"/>
  <testcase name="of node 28 should be 29" classname="com.github.traderjoe95.mls.protocol.tree.TreeMath" time="0.0"/>
  <testcase name="of node 29 should be 27" classname="com.github.traderjoe95.mls.protocol.tree.TreeMath" time="0.0"/>
  <testcase name="of node 30 should be 29" classname="com.github.traderjoe95.mls.protocol.tree.TreeMath" time="0.0"/>
  <testcase name="of node 31 should be 63" classname="com.github.traderjoe95.mls.protocol.tree.TreeMath" time="0.0"/>
  <testcase name="of node 32 should be 33" classname="com.github.traderjoe95.mls.protocol.tree.TreeMath" time="0.0"/>
  <testcase name="of node 33 should be 35" classname="com.github.traderjoe95.mls.protocol.tree.TreeMath" time="0.0"/>
  <testcase name="of node 34 should be 33" classname="com.github.traderjoe95.mls.protocol.tree.TreeMath" time="0.0"/>
  <testcase name="of node 35 should be 39" classname="com.github.traderjoe95.mls.protocol.tree.TreeMath" time="0.0"/>
  <testcase name="of node 36 should be 37" classname="com.github.traderjoe95.mls.protocol.tree.TreeMath" time="0.0"/>
  <testcase name="of node 37 should be 35" classname="com.github.traderjoe95.mls.protocol.tree.TreeMath" time="0.0"/>
  <testcase name="of node 38 should be 37" classname="com.github.traderjoe95.mls.protocol.tree.TreeMath" time="0.0"/>
  <testcase name="of node 39 should be 47" classname="com.github.traderjoe95.mls.protocol.tree.TreeMath" time="0.0"/>
  <testcase name="of node 40 should be 41" classname="com.github.traderjoe95.mls.protocol.tree.TreeMath" time="0.0"/>
  <testcase name="of node 41 should be 43" classname="com.github.traderjoe95.mls.protocol.tree.TreeMath" time="0.0"/>
  <testcase name="of node 42 should be 41" classname="com.github.traderjoe95.mls.protocol.tree.TreeMath" time="0.0"/>
  <testcase name="of node 43 should be 39" classname="com.github.traderjoe95.mls.protocol.tree.TreeMath" time="0.0"/>
  <testcase name="of node 44 should be 45" classname="com.github.traderjoe95.mls.protocol.tree.TreeMath" time="0.0"/>
  <testcase name="of node 45 should be 43" classname="com.github.traderjoe95.mls.protocol.tree.TreeMath" time="0.0"/>
  <testcase name="of node 46 should be 45" classname="com.github.traderjoe95.mls.protocol.tree.TreeMath" time="0.0"/>
  <testcase name="of node 47 should be 31" classname="com.github.traderjoe95.mls.protocol.tree.TreeMath" time="0.0"/>
  <testcase name="of node 48 should be 49" classname="com.github.traderjoe95.mls.protocol.tree.TreeMath" time="0.0"/>
  <testcase name="of node 49 should be 51" classname="com.github.traderjoe95.mls.protocol.tree.TreeMath" time="0.0"/>
  <testcase name="of node 50 should be 49" classname="com.github.traderjoe95.mls.protocol.tree.TreeMath" time="0.0"/>
  <testcase name="of node 51 should be 55" classname="com.github.traderjoe95.mls.protocol.tree.TreeMath" time="0.0"/>
  <testcase name="of node 52 should be 53" classname="com.github.traderjoe95.mls.protocol.tree.TreeMath" time="0.0"/>
  <testcase name="of node 53 should be 51" classname="com.github.traderjoe95.mls.protocol.tree.TreeMath" time="0.0"/>
  <testcase name="of node 54 should be 53" classname="com.github.traderjoe95.mls.protocol.tree.TreeMath" time="0.0"/>
  <testcase name="of node 55 should be 47" classname="com.github.traderjoe95.mls.protocol.tree.TreeMath" time="0.0"/>
  <testcase name="of node 56 should be 57" classname="com.github.traderjoe95.mls.protocol.tree.TreeMath" time="0.0"/>
  <testcase name="of node 57 should be 59" classname="com.github.traderjoe95.mls.protocol.tree.TreeMath" time="0.0"/>
  <testcase name="of node 58 should be 57" classname="com.github.traderjoe95.mls.protocol.tree.TreeMath" time="0.0"/>
  <testcase name="of node 59 should be 55" classname="com.github.traderjoe95.mls.protocol.tree.TreeMath" time="0.0"/>
  <testcase name="of node 60 should be 61" classname="com.github.traderjoe95.mls.protocol.tree.TreeMath" time="0.0"/>
  <testcase name="of node 61 should be 59" classname="com.github.traderjoe95.mls.protocol.tree.TreeMath" time="0.0"/>
  <testcase name="of node 62 should be 61" classname="com.github.traderjoe95.mls.protocol.tree.TreeMath" time="0.0"/>
  <testcase name="of node 63 should be 127" classname="com.github.traderjoe95.mls.protocol.tree.TreeMath" time="0.0"/>
  <testcase name="of node 64 should be 65" classname="com.github.traderjoe95.mls.protocol.tree.TreeMath" time="0.0"/>
  <testcase name="of node 65 should be 67" classname="com.github.traderjoe95.mls.protocol.tree.TreeMath" time="0.0"/>
  <testcase name="of node 66 should be 65" classname="com.github.traderjoe95.mls.protocol.tree.TreeMath" time="0.0"/>
  <testcase name="of node 67 should be 71" classname="com.github.traderjoe95.mls.protocol.tree.TreeMath" time="0.0"/>
  <testcase name="of node 68 should be 69" classname="com.github.traderjoe95.mls.protocol.tree.TreeMath" time="0.0"/>
  <testcase name="of node 69 should be 67" classname="com.github.traderjoe95.mls.protocol.tree.TreeMath" time="0.0"/>
  <testcase name="of node 70 should be 69" classname="com.github.traderjoe95.mls.protocol.tree.TreeMath" time="0.0"/>
  <testcase name="of node 71 should be 79" classname="com.github.traderjoe95.mls.protocol.tree.TreeMath" time="0.0"/>
  <testcase name="of node 72 should be 73" classname="com.github.traderjoe95.mls.protocol.tree.TreeMath" time="0.0"/>
  <testcase name="of node 73 should be 75" classname="com.github.traderjoe95.mls.protocol.tree.TreeMath" time="0.0"/>
  <testcase name="of node 74 should be 73" classname="com.github.traderjoe95.mls.protocol.tree.TreeMath" time="0.0"/>
  <testcase name="of node 75 should be 71" classname="com.github.traderjoe95.mls.protocol.tree.TreeMath" time="0.0"/>
  <testcase name="of node 76 should be 77" classname="com.github.traderjoe95.mls.protocol.tree.TreeMath" time="0.0"/>
  <testcase name="of node 77 should be 75" classname="com.github.traderjoe95.mls.protocol.tree.TreeMath" time="0.001"/>
  <testcase name="of node 78 should be 77" classname="com.github.traderjoe95.mls.protocol.tree.TreeMath" time="0.0"/>
  <testcase name="of node 79 should be 95" classname="com.github.traderjoe95.mls.protocol.tree.TreeMath" time="0.0"/>
  <testcase name="of node 80 should be 81" classname="com.github.traderjoe95.mls.protocol.tree.TreeMath" time="0.0"/>
  <testcase name="of node 81 should be 83" classname="com.github.traderjoe95.mls.protocol.tree.TreeMath" time="0.0"/>
  <testcase name="of node 82 should be 81" classname="com.github.traderjoe95.mls.protocol.tree.TreeMath" time="0.001"/>
  <testcase name="of node 83 should be 87" classname="com.github.traderjoe95.mls.protocol.tree.TreeMath" time="0.0"/>
  <testcase name="of node 84 should be 85" classname="com.github.traderjoe95.mls.protocol.tree.TreeMath" time="0.0"/>
  <testcase name="of node 85 should be 83" classname="com.github.traderjoe95.mls.protocol.tree.TreeMath" time="0.0"/>
  <testcase name="of node 86 should be 85" classname="com.github.traderjoe95.mls.protocol.tree.TreeMath" time="0.0"/>
  <testcase name="of node 87 should be 79" classname="com.github.traderjoe95.mls.protocol.tree.TreeMath" time="0.0"/>
  <testcase name="of node 88 should be 89" classname="com.github.traderjoe95.mls.protocol.tree.TreeMath" time="0.0"/>
  <testcase name="of node 89 should be 91" classname="com.github.traderjoe95.mls.protocol.tree.TreeMath" time="0.0"/>
  <testcase name="of node 90 should be 89" classname="com.github.traderjoe95.mls.protocol.tree.TreeMath" time="0.0"/>
  <testcase name="of node 91 should be 87" classname="com.github.traderjoe95.mls.protocol.tree.TreeMath" time="0.0"/>
  <testcase name="of node 92 should be 93" classname="com.github.traderjoe95.mls.protocol.tree.TreeMath" time="0.0"/>
  <testcase name="of node 93 should be 91" classname="com.github.traderjoe95.mls.protocol.tree.TreeMath" time="0.0"/>
  <testcase name="of node 94 should be 93" classname="com.github.traderjoe95.mls.protocol.tree.TreeMath" time="0.0"/>
  <testcase name="of node 95 should be 63" classname="com.github.traderjoe95.mls.protocol.tree.TreeMath" time="0.0"/>
  <testcase name="of node 96 should be 97" classname="com.github.traderjoe95.mls.protocol.tree.TreeMath" time="0.0"/>
  <testcase name="of node 97 should be 99" classname="com.github.traderjoe95.mls.protocol.tree.TreeMath" time="0.0"/>
  <testcase name="of node 98 should be 97" classname="com.github.traderjoe95.mls.protocol.tree.TreeMath" time="0.0"/>
  <testcase name="of node 99 should be 103" classname="com.github.traderjoe95.mls.protocol.tree.TreeMath" time="0.0"/>
  <testcase name="of node 100 should be 101" classname="com.github.traderjoe95.mls.protocol.tree.TreeMath" time="0.0"/>
  <testcase name="of node 101 should be 99" classname="com.github.traderjoe95.mls.protocol.tree.TreeMath" time="0.0"/>
  <testcase name="of node 102 should be 101" classname="com.github.traderjoe95.mls.protocol.tree.TreeMath" time="0.0"/>
  <testcase name="of node 103 should be 111" classname="com.github.traderjoe95.mls.protocol.tree.TreeMath" time="0.0"/>
  <testcase name="of node 104 should be 105" classname="com.github.traderjoe95.mls.protocol.tree.TreeMath" time="0.0"/>
  <testcase name="of node 105 should be 107" classname="com.github.traderjoe95.mls.protocol.tree.TreeMath" time="0.001"/>
  <testcase name="of node 106 should be 105" classname="com.github.traderjoe95.mls.protocol.tree.TreeMath" time="0.0"/>
  <testcase name="of node 107 should be 103" classname="com.github.traderjoe95.mls.protocol.tree.TreeMath" time="0.0"/>
  <testcase name="of node 108 should be 109" classname="com.github.traderjoe95.mls.protocol.tree.TreeMath" time="0.001"/>
  <testcase name="of node 109 should be 107" classname="com.github.traderjoe95.mls.protocol.tree.TreeMath" time="0.0"/>
  <testcase name="of node 110 should be 109" classname="com.github.traderjoe95.mls.protocol.tree.TreeMath" time="0.0"/>
  <testcase name="of node 111 should be 95" classname="com.github.traderjoe95.mls.protocol.tree.TreeMath" time="0.0"/>
  <testcase name="of node 112 should be 113" classname="com.github.traderjoe95.mls.protocol.tree.TreeMath" time="0.0"/>
  <testcase name="of node 113 should be 115" classname="com.github.traderjoe95.mls.protocol.tree.TreeMath" time="0.0"/>
  <testcase name="of node 114 should be 113" classname="com.github.traderjoe95.mls.protocol.tree.TreeMath" time="0.001"/>
  <testcase name="of node 115 should be 119" classname="com.github.traderjoe95.mls.protocol.tree.TreeMath" time="0.0"/>
  <testcase name="of node 116 should be 117" classname="com.github.traderjoe95.mls.protocol.tree.TreeMath" time="0.0"/>
  <testcase name="of node 117 should be 115" classname="com.github.traderjoe95.mls.protocol.tree.TreeMath" time="0.0"/>
  <testcase name="of node 118 should be 117" classname="com.github.traderjoe95.mls.protocol.tree.TreeMath" time="0.0"/>
  <testcase name="of node 119 should be 111" classname="com.github.traderjoe95.mls.protocol.tree.TreeMath" time="0.0"/>
  <testcase name="of node 120 should be 121" classname="com.github.traderjoe95.mls.protocol.tree.TreeMath" time="0.0"/>
  <testcase name="of node 121 should be 123" classname="com.github.traderjoe95.mls.protocol.tree.TreeMath" time="0.0"/>
  <testcase name="of node 122 should be 121" classname="com.github.traderjoe95.mls.protocol.tree.TreeMath" time="0.0"/>
  <testcase name="of node 123 should be 119" classname="com.github.traderjoe95.mls.protocol.tree.TreeMath" time="0.0"/>
  <testcase name="of node 124 should be 125" classname="com.github.traderjoe95.mls.protocol.tree.TreeMath" time="0.0"/>
  <testcase name="of node 125 should be 123" classname="com.github.traderjoe95.mls.protocol.tree.TreeMath" time="0.0"/>
  <testcase name="of node 126 should be 125" classname="com.github.traderjoe95.mls.protocol.tree.TreeMath" time="0.0"/>
  <testcase name="of node 128 should be 129" classname="com.github.traderjoe95.mls.protocol.tree.TreeMath" time="0.0"/>
  <testcase name="of node 129 should be 131" classname="com.github.traderjoe95.mls.protocol.tree.TreeMath" time="0.0"/>
  <testcase name="of node 130 should be 129" classname="com.github.traderjoe95.mls.protocol.tree.TreeMath" time="0.0"/>
  <testcase name="of node 131 should be 135" classname="com.github.traderjoe95.mls.protocol.tree.TreeMath" time="0.0"/>
  <testcase name="of node 132 should be 133" classname="com.github.traderjoe95.mls.protocol.tree.TreeMath" time="0.0"/>
  <testcase name="of node 133 should be 131" classname="com.github.traderjoe95.mls.protocol.tree.TreeMath" time="0.0"/>
  <testcase name="of node 134 should be 133" classname="com.github.traderjoe95.mls.protocol.tree.TreeMath" time="0.0"/>
  <testcase name="of node 135 should be 143" classname="com.github.traderjoe95.mls.protocol.tree.TreeMath" time="0.0"/>
  <testcase name="of node 136 should be 137" classname="com.github.traderjoe95.mls.protocol.tree.TreeMath" time="0.0"/>
  <testcase name="of node 137 should be 139" classname="com.github.traderjoe95.mls.protocol.tree.TreeMath" time="0.0"/>
  <testcase name="of node 138 should be 137" classname="com.github.traderjoe95.mls.protocol.tree.TreeMath" time="0.0"/>
  <testcase name="of node 139 should be 135" classname="com.github.traderjoe95.mls.protocol.tree.TreeMath" time="0.001"/>
  <testcase name="of node 140 should be 141" classname="com.github.traderjoe95.mls.protocol.tree.TreeMath" time="0.0"/>
  <testcase name="of node 141 should be 139" classname="com.github.traderjoe95.mls.protocol.tree.TreeMath" time="0.0"/>
  <testcase name="of node 142 should be 141" classname="com.github.traderjoe95.mls.protocol.tree.TreeMath" time="0.0"/>
  <testcase name="of node 143 should be 159" classname="com.github.traderjoe95.mls.protocol.tree.TreeMath" time="0.0"/>
  <testcase name="of node 144 should be 145" classname="com.github.traderjoe95.mls.protocol.tree.TreeMath" time="0.0"/>
  <testcase name="of node 145 should be 147" classname="com.github.traderjoe95.mls.protocol.tree.TreeMath" time="0.0"/>
  <testcase name="of node 146 should be 145" classname="com.github.traderjoe95.mls.protocol.tree.TreeMath" time="0.0"/>
  <testcase name="of node 147 should be 151" classname="com.github.traderjoe95.mls.protocol.tree.TreeMath" time="0.001"/>
  <testcase name="of node 148 should be 149" classname="com.github.traderjoe95.mls.protocol.tree.TreeMath" time="0.0"/>
  <testcase name="of node 149 should be 147" classname="com.github.traderjoe95.mls.protocol.tree.TreeMath" time="0.0"/>
  <testcase name="of node 150 should be 149" classname="com.github.traderjoe95.mls.protocol.tree.TreeMath" time="0.0"/>
  <testcase name="of node 151 should be 143" classname="com.github.traderjoe95.mls.protocol.tree.TreeMath" time="0.0"/>
  <testcase name="of node 152 should be 153" classname="com.github.traderjoe95.mls.protocol.tree.TreeMath" time="0.0"/>
  <testcase name="of node 153 should be 155" classname="com.github.traderjoe95.mls.protocol.tree.TreeMath" time="0.0"/>
  <testcase name="of node 154 should be 153" classname="com.github.traderjoe95.mls.protocol.tree.TreeMath" time="0.0"/>
  <testcase name="of node 155 should be 151" classname="com.github.traderjoe95.mls.protocol.tree.TreeMath" time="0.0"/>
  <testcase name="of node 156 should be 157" classname="com.github.traderjoe95.mls.protocol.tree.TreeMath" time="0.0"/>
  <testcase name="of node 157 should be 155" classname="com.github.traderjoe95.mls.protocol.tree.TreeMath" time="0.0"/>
  <testcase name="of node 158 should be 157" classname="com.github.traderjoe95.mls.protocol.tree.TreeMath" time="0.0"/>
  <testcase name="of node 159 should be 191" classname="com.github.traderjoe95.mls.protocol.tree.TreeMath" time="0.0"/>
  <testcase name="of node 160 should be 161" classname="com.github.traderjoe95.mls.protocol.tree.TreeMath" time="0.0"/>
  <testcase name="of node 161 should be 163" classname="com.github.traderjoe95.mls.protocol.tree.TreeMath" time="0.0"/>
  <testcase name="of node 162 should be 161" classname="com.github.traderjoe95.mls.protocol.tree.TreeMath" time="0.0"/>
  <testcase name="of node 163 should be 167" classname="com.github.traderjoe95.mls.protocol.tree.TreeMath" time="0.0"/>
  <testcase name="of node 164 should be 165" classname="com.github.traderjoe95.mls.protocol.tree.TreeMath" time="0.0"/>
  <testcase name="of node 165 should be 163" classname="com.github.traderjoe95.mls.protocol.tree.TreeMath" time="0.0"/>
  <testcase name="of node 166 should be 165" classname="com.github.traderjoe95.mls.protocol.tree.TreeMath" time="0.0"/>
  <testcase name="of node 167 should be 175" classname="com.github.traderjoe95.mls.protocol.tree.TreeMath" time="0.0"/>
  <testcase name="of node 168 should be 169" classname="com.github.traderjoe95.mls.protocol.tree.TreeMath" time="0.0"/>
  <testcase name="of node 169 should be 171" classname="com.github.traderjoe95.mls.protocol.tree.TreeMath" time="0.0"/>
  <testcase name="of node 170 should be 169" classname="com.github.traderjoe95.mls.protocol.tree.TreeMath" time="0.0"/>
  <testcase name="of node 171 should be 167" classname="com.github.traderjoe95.mls.protocol.tree.TreeMath" time="0.0"/>
  <testcase name="of node 172 should be 173" classname="com.github.traderjoe95.mls.protocol.tree.TreeMath" time="0.0"/>
  <testcase name="of node 173 should be 171" classname="com.github.traderjoe95.mls.protocol.tree.TreeMath" time="0.0"/>
  <testcase name="of node 174 should be 173" classname="com.github.traderjoe95.mls.protocol.tree.TreeMath" time="0.0"/>
  <testcase name="of node 175 should be 159" classname="com.github.traderjoe95.mls.protocol.tree.TreeMath" time="0.0"/>
  <testcase name="of node 176 should be 177" classname="com.github.traderjoe95.mls.protocol.tree.TreeMath" time="0.0"/>
  <testcase name="of node 177 should be 179" classname="com.github.traderjoe95.mls.protocol.tree.TreeMath" time="0.0"/>
  <testcase name="of node 178 should be 177" classname="com.github.traderjoe95.mls.protocol.tree.TreeMath" time="0.0"/>
  <testcase name="of node 179 should be 183" classname="com.github.traderjoe95.mls.protocol.tree.TreeMath" time="0.0"/>
  <testcase name="of node 180 should be 181" classname="com.github.traderjoe95.mls.protocol.tree.TreeMath" time="0.0"/>
  <testcase name="of node 181 should be 179" classname="com.github.traderjoe95.mls.protocol.tree.TreeMath" time="0.0"/>
  <testcase name="of node 182 should be 181" classname="com.github.traderjoe95.mls.protocol.tree.TreeMath" time="0.0"/>
  <testcase name="of node 183 should be 175" classname="com.github.traderjoe95.mls.protocol.tree.TreeMath" time="0.0"/>
  <testcase name="of node 184 should be 185" classname="com.github.traderjoe95.mls.protocol.tree.TreeMath" time="0.0"/>
  <testcase name="of node 185 should be 187" classname="com.github.traderjoe95.mls.protocol.tree.TreeMath" time="0.0"/>
  <testcase name="of node 186 should be 185" classname="com.github.traderjoe95.mls.protocol.tree.TreeMath" time="0.0"/>
  <testcase name="of node 187 should be 183" classname="com.github.traderjoe95.mls.protocol.tree.TreeMath" time="0.0"/>
  <testcase name="of node 188 should be 189" classname="com.github.traderjoe95.mls.protocol.tree.TreeMath" time="0.0"/>
  <testcase name="of node 189 should be 187" classname="com.github.traderjoe95.mls.protocol.tree.TreeMath" time="0.0"/>
  <testcase name="of node 190 should be 189" classname="com.github.traderjoe95.mls.protocol.tree.TreeMath" time="0.0"/>
  <testcase name="of node 191 should be 127" classname="com.github.traderjoe95.mls.protocol.tree.TreeMath" time="0.0"/>
  <testcase name="of node 192 should be 193" classname="com.github.traderjoe95.mls.protocol.tree.TreeMath" time="0.0"/>
  <testcase name="of node 193 should be 195" classname="com.github.traderjoe95.mls.protocol.tree.TreeMath" time="0.0"/>
  <testcase name="of node 194 should be 193" classname="com.github.traderjoe95.mls.protocol.tree.TreeMath" time="0.0"/>
  <testcase name="of node 195 should be 199" classname="com.github.traderjoe95.mls.protocol.tree.TreeMath" time="0.0"/>
  <testcase name="of node 196 should be 197" classname="com.github.traderjoe95.mls.protocol.tree.TreeMath" time="0.0"/>
  <testcase name="of node 197 should be 195" classname="com.github.traderjoe95.mls.protocol.tree.TreeMath" time="0.0"/>
  <testcase name="of node 198 should be 197" classname="com.github.traderjoe95.mls.protocol.tree.TreeMath" time="0.0"/>
  <testcase name="of node 199 should be 207" classname="com.github.traderjoe95.mls.protocol.tree.TreeMath" time="0.0"/>
  <testcase name="of node 200 should be 201" classname="com.github.traderjoe95.mls.protocol.tree.TreeMath" time="0.0"/>
  <testcase name="of node 201 should be 203" classname="com.github.traderjoe95.mls.protocol.tree.TreeMath" time="0.0"/>
  <testcase name="of node 202 should be 201" classname="com.github.traderjoe95.mls.protocol.tree.TreeMath" time="0.0"/>
  <testcase name="of node 203 should be 199" classname="com.github.traderjoe95.mls.protocol.tree.TreeMath" time="0.0"/>
  <testcase name="of node 204 should be 205" classname="com.github.traderjoe95.mls.protocol.tree.TreeMath" time="0.0"/>
  <testcase name="of node 205 should be 203" classname="com.github.traderjoe95.mls.protocol.tree.TreeMath" time="0.0"/>
  <testcase name="of node 206 should be 205" classname="com.github.traderjoe95.mls.protocol.tree.TreeMath" time="0.0"/>
  <testcase name="of node 207 should be 223" classname="com.github.traderjoe95.mls.protocol.tree.TreeMath" time="0.0"/>
  <testcase name="of node 208 should be 209" classname="com.github.traderjoe95.mls.protocol.tree.TreeMath" time="0.0"/>
  <testcase name="of node 209 should be 211" classname="com.github.traderjoe95.mls.protocol.tree.TreeMath" time="0.0"/>
  <testcase name="of node 210 should be 209" classname="com.github.traderjoe95.mls.protocol.tree.TreeMath" time="0.0"/>
  <testcase name="of node 211 should be 215" classname="com.github.traderjoe95.mls.protocol.tree.TreeMath" time="0.0"/>
  <testcase name="of node 212 should be 213" classname="com.github.traderjoe95.mls.protocol.tree.TreeMath" time="0.0"/>
  <testcase name="of node 213 should be 211" classname="com.github.traderjoe95.mls.protocol.tree.TreeMath" time="0.0"/>
  <testcase name="of node 214 should be 213" classname="com.github.traderjoe95.mls.protocol.tree.TreeMath" time="0.0"/>
  <testcase name="of node 215 should be 207" classname="com.github.traderjoe95.mls.protocol.tree.TreeMath" time="0.0"/>
  <testcase name="of node 216 should be 217" classname="com.github.traderjoe95.mls.protocol.tree.TreeMath" time="0.001"/>
  <testcase name="of node 217 should be 219" classname="com.github.traderjoe95.mls.protocol.tree.TreeMath" time="0.0"/>
  <testcase name="of node 218 should be 217" classname="com.github.traderjoe95.mls.protocol.tree.TreeMath" time="0.0"/>
  <testcase name="of node 219 should be 215" classname="com.github.traderjoe95.mls.protocol.tree.TreeMath" time="0.0"/>
  <testcase name="of node 220 should be 221" classname="com.github.traderjoe95.mls.protocol.tree.TreeMath" time="0.0"/>
  <testcase name="of node 221 should be 219" classname="com.github.traderjoe95.mls.protocol.tree.TreeMath" time="0.0"/>
  <testcase name="of node 222 should be 221" classname="com.github.traderjoe95.mls.protocol.tree.TreeMath" time="0.0"/>
  <testcase name="of node 223 should be 191" classname="com.github.traderjoe95.mls.protocol.tree.TreeMath" time="0.0"/>
  <testcase name="of node 224 should be 225" classname="com.github.traderjoe95.mls.protocol.tree.TreeMath" time="0.001"/>
  <testcase name="of node 225 should be 227" classname="com.github.traderjoe95.mls.protocol.tree.TreeMath" time="0.0"/>
  <testcase name="of node 226 should be 225" classname="com.github.traderjoe95.mls.protocol.tree.TreeMath" time="0.0"/>
  <testcase name="of node 227 should be 231" classname="com.github.traderjoe95.mls.protocol.tree.TreeMath" time="0.0"/>
  <testcase name="of node 228 should be 229" classname="com.github.traderjoe95.mls.protocol.tree.TreeMath" time="0.0"/>
  <testcase name="of node 229 should be 227" classname="com.github.traderjoe95.mls.protocol.tree.TreeMath" time="0.0"/>
  <testcase name="of node 230 should be 229" classname="com.github.traderjoe95.mls.protocol.tree.TreeMath" time="0.0"/>
  <testcase name="of node 231 should be 239" classname="com.github.traderjoe95.mls.protocol.tree.TreeMath" time="0.0"/>
  <testcase name="of node 232 should be 233" classname="com.github.traderjoe95.mls.protocol.tree.TreeMath" time="0.001"/>
  <testcase name="of node 233 should be 235" classname="com.github.traderjoe95.mls.protocol.tree.TreeMath" time="0.0"/>
  <testcase name="of node 234 should be 233" classname="com.github.traderjoe95.mls.protocol.tree.TreeMath" time="0.0"/>
  <testcase name="of node 235 should be 231" classname="com.github.traderjoe95.mls.protocol.tree.TreeMath" time="0.0"/>
  <testcase name="of node 236 should be 237" classname="com.github.traderjoe95.mls.protocol.tree.TreeMath" time="0.0"/>
  <testcase name="of node 237 should be 235" classname="com.github.traderjoe95.mls.protocol.tree.TreeMath" time="0.0"/>
  <testcase name="of node 238 should be 237" classname="com.github.traderjoe95.mls.protocol.tree.TreeMath" time="0.0"/>
  <testcase name="of node 239 should be 223" classname="com.github.traderjoe95.mls.protocol.tree.TreeMath" time="0.0"/>
  <testcase name="of node 240 should be 241" classname="com.github.traderjoe95.mls.protocol.tree.TreeMath" time="0.0"/>
  <testcase name="of node 241 should be 243" classname="com.github.traderjoe95.mls.protocol.tree.TreeMath" time="0.0"/>
  <testcase name="of node 242 should be 241" classname="com.github.traderjoe95.mls.protocol.tree.TreeMath" time="0.0"/>
  <testcase name="of node 243 should be 247" classname="com.github.traderjoe95.mls.protocol.tree.TreeMath" time="0.0"/>
  <testcase name="of node 244 should be 245" classname="com.github.traderjoe95.mls.protocol.tree.TreeMath" time="0.0"/>
  <testcase name="of node 245 should be 243" classname="com.github.traderjoe95.mls.protocol.tree.TreeMath" time="0.0"/>
  <testcase name="of node 246 should be 245" classname="com.github.traderjoe95.mls.protocol.tree.TreeMath" time="0.0"/>
  <testcase name="of node 247 should be 239" classname="com.github.traderjoe95.mls.protocol.tree.TreeMath" time="0.0"/>
  <testcase name="of node 248 should be 249" classname="com.github.traderjoe95.mls.protocol.tree.TreeMath" time="0.0"/>
  <testcase name="of node 249 should be 251" classname="com.github.traderjoe95.mls.protocol.tree.TreeMath" time="0.0"/>
  <testcase name="of node 250 should be 249" classname="com.github.traderjoe95.mls.protocol.tree.TreeMath" time="0.0"/>
  <testcase name="of node 251 should be 247" classname="com.github.traderjoe95.mls.protocol.tree.TreeMath" time="0.001"/>
  <testcase name="of node 252 should be 253" classname="com.github.traderjoe95.mls.protocol.tree.TreeMath" time="0.0"/>
  <testcase name="of node 253 should be 251" classname="com.github.traderjoe95.mls.protocol.tree.TreeMath" time="0.0"/>
  <testcase name="of node 254 should be 253" classname="com.github.traderjoe95.mls.protocol.tree.TreeMath" time="0.0"/>
  <testcase name="of node 0 should be 2" classname="com.github.traderjoe95.mls.protocol.tree.TreeMath" time="0.0"/>
  <testcase name="of node 1 should be 5" classname="com.github.traderjoe95.mls.protocol.tree.TreeMath" time="0.0"/>
  <testcase name="of node 2 should be 0" classname="com.github.traderjoe95.mls.protocol.tree.TreeMath" time="0.0"/>
  <testcase name="of node 3 should be 11" classname="com.github.traderjoe95.mls.protocol.tree.TreeMath" time="0.0"/>
  <testcase name="of node 4 should be 6" classname="com.github.traderjoe95.mls.protocol.tree.TreeMath" time="0.0"/>
  <testcase name="of node 5 should be 1" classname="com.github.traderjoe95.mls.protocol.tree.TreeMath" time="0.0"/>
  <testcase name="of node 6 should be 4" classname="com.github.traderjoe95.mls.protocol.tree.TreeMath" time="0.0"/>
  <testcase name="of node 7 should be 23" classname="com.github.traderjoe95.mls.protocol.tree.TreeMath" time="0.0"/>
  <testcase name="of node 8 should be 10" classname="com.github.traderjoe95.mls.protocol.tree.TreeMath" time="0.0"/>
  <testcase name="of node 9 should be 13" classname="com.github.traderjoe95.mls.protocol.tree.TreeMath" time="0.0"/>
  <testcase name="of node 10 should be 8" classname="com.github.traderjoe95.mls.protocol.tree.TreeMath" time="0.0"/>
  <testcase name="of node 11 should be 3" classname="com.github.traderjoe95.mls.protocol.tree.TreeMath" time="0.0"/>
  <testcase name="of node 12 should be 14" classname="com.github.traderjoe95.mls.protocol.tree.TreeMath" time="0.0"/>
  <testcase name="of node 13 should be 9" classname="com.github.traderjoe95.mls.protocol.tree.TreeMath" time="0.0"/>
  <testcase name="of node 14 should be 12" classname="com.github.traderjoe95.mls.protocol.tree.TreeMath" time="0.0"/>
  <testcase name="of node 15 should be 47" classname="com.github.traderjoe95.mls.protocol.tree.TreeMath" time="0.0"/>
  <testcase name="of node 16 should be 18" classname="com.github.traderjoe95.mls.protocol.tree.TreeMath" time="0.0"/>
  <testcase name="of node 17 should be 21" classname="com.github.traderjoe95.mls.protocol.tree.TreeMath" time="0.0"/>
  <testcase name="of node 18 should be 16" classname="com.github.traderjoe95.mls.protocol.tree.TreeMath" time="0.0"/>
  <testcase name="of node 19 should be 27" classname="com.github.traderjoe95.mls.protocol.tree.TreeMath" time="0.0"/>
  <testcase name="of node 20 should be 22" classname="com.github.traderjoe95.mls.protocol.tree.TreeMath" time="0.001"/>
  <testcase name="of node 21 should be 17" classname="com.github.traderjoe95.mls.protocol.tree.TreeMath" time="0.0"/>
  <testcase name="of node 22 should be 20" classname="com.github.traderjoe95.mls.protocol.tree.TreeMath" time="0.0"/>
  <testcase name="of node 23 should be 7" classname="com.github.traderjoe95.mls.protocol.tree.TreeMath" time="0.0"/>
  <testcase name="of node 24 should be 26" classname="com.github.traderjoe95.mls.protocol.tree.TreeMath" time="0.0"/>
  <testcase name="of node 25 should be 29" classname="com.github.traderjoe95.mls.protocol.tree.TreeMath" time="0.0"/>
  <testcase name="of node 26 should be 24" classname="com.github.traderjoe95.mls.protocol.tree.TreeMath" time="0.0"/>
  <testcase name="of node 27 should be 19" classname="com.github.traderjoe95.mls.protocol.tree.TreeMath" time="0.0"/>
  <testcase name="of node 28 should be 30" classname="com.github.traderjoe95.mls.protocol.tree.TreeMath" time="0.001"/>
  <testcase name="of node 29 should be 25" classname="com.github.traderjoe95.mls.protocol.tree.TreeMath" time="0.0"/>
  <testcase name="of node 30 should be 28" classname="com.github.traderjoe95.mls.protocol.tree.TreeMath" time="0.0"/>
  <testcase name="of node 31 should be 95" classname="com.github.traderjoe95.mls.protocol.tree.TreeMath" time="0.0"/>
  <testcase name="of node 32 should be 34" classname="com.github.traderjoe95.mls.protocol.tree.TreeMath" time="0.001"/>
  <testcase name="of node 33 should be 37" classname="com.github.traderjoe95.mls.protocol.tree.TreeMath" time="0.0"/>
  <testcase name="of node 34 should be 32" classname="com.github.traderjoe95.mls.protocol.tree.TreeMath" time="0.0"/>
  <testcase name="of node 35 should be 43" classname="com.github.traderjoe95.mls.protocol.tree.TreeMath" time="0.0"/>
  <testcase name="of node 36 should be 38" classname="com.github.traderjoe95.mls.protocol.tree.TreeMath" time="0.0"/>
  <testcase name="of node 37 should be 33" classname="com.github.traderjoe95.mls.protocol.tree.TreeMath" time="0.0"/>
  <testcase name="of node 38 should be 36" classname="com.github.traderjoe95.mls.protocol.tree.TreeMath" time="0.0"/>
  <testcase name="of node 39 should be 55" classname="com.github.traderjoe95.mls.protocol.tree.TreeMath" time="0.0"/>
  <testcase name="of node 40 should be 42" classname="com.github.traderjoe95.mls.protocol.tree.TreeMath" time="0.001"/>
  <testcase name="of node 41 should be 45" classname="com.github.traderjoe95.mls.protocol.tree.TreeMath" time="0.0"/>
  <testcase name="of node 42 should be 40" classname="com.github.traderjoe95.mls.protocol.tree.TreeMath" time="0.0"/>
  <testcase name="of node 43 should be 35" classname="com.github.traderjoe95.mls.protocol.tree.TreeMath" time="0.0"/>
  <testcase name="of node 44 should be 46" classname="com.github.traderjoe95.mls.protocol.tree.TreeMath" time="0.0"/>
  <testcase name="of node 45 should be 41" classname="com.github.traderjoe95.mls.protocol.tree.TreeMath" time="0.0"/>
  <testcase name="of node 46 should be 44" classname="com.github.traderjoe95.mls.protocol.tree.TreeMath" time="0.0"/>
  <testcase name="of node 47 should be 15" classname="com.github.traderjoe95.mls.protocol.tree.TreeMath" time="0.0"/>
  <testcase name="of node 48 should be 50" classname="com.github.traderjoe95.mls.protocol.tree.TreeMath" time="0.0"/>
  <testcase name="of node 49 should be 53" classname="com.github.traderjoe95.mls.protocol.tree.TreeMath" time="0.001"/>
  <testcase name="of node 50 should be 48" classname="com.github.traderjoe95.mls.protocol.tree.TreeMath" time="0.0"/>
  <testcase name="of node 51 should be 59" classname="com.github.traderjoe95.mls.protocol.tree.TreeMath" time="0.001"/>
  <testcase name="of node 52 should be 54" classname="com.github.traderjoe95.mls.protocol.tree.TreeMath" time="0.0"/>
  <testcase name="of node 53 should be 49" classname="com.github.traderjoe95.mls.protocol.tree.TreeMath" time="0.001"/>
  <testcase name="of node 54 should be 52" classname="com.github.traderjoe95.mls.protocol.tree.TreeMath" time="0.0"/>
  <testcase name="of node 55 should be 39" classname="com.github.traderjoe95.mls.protocol.tree.TreeMath" time="0.0"/>
  <testcase name="of node 56 should be 58" classname="com.github.traderjoe95.mls.protocol.tree.TreeMath" time="0.0"/>
  <testcase name="of node 57 should be 61" classname="com.github.traderjoe95.mls.protocol.tree.TreeMath" time="0.0"/>
  <testcase name="of node 58 should be 56" classname="com.github.traderjoe95.mls.protocol.tree.TreeMath" time="0.0"/>
  <testcase name="of node 59 should be 51" classname="com.github.traderjoe95.mls.protocol.tree.TreeMath" time="0.0"/>
  <testcase name="of node 60 should be 62" classname="com.github.traderjoe95.mls.protocol.tree.TreeMath" time="0.0"/>
  <testcase name="of node 61 should be 57" classname="com.github.traderjoe95.mls.protocol.tree.TreeMath" time="0.001"/>
  <testcase name="of node 62 should be 60" classname="com.github.traderjoe95.mls.protocol.tree.TreeMath" time="0.0"/>
  <testcase name="of node 63 should be 191" classname="com.github.traderjoe95.mls.protocol.tree.TreeMath" time="0.001"/>
  <testcase name="of node 64 should be 66" classname="com.github.traderjoe95.mls.protocol.tree.TreeMath" time="0.0"/>
  <testcase name="of node 65 should be 69" classname="com.github.traderjoe95.mls.protocol.tree.TreeMath" time="0.0"/>
  <testcase name="of node 66 should be 64" classname="com.github.traderjoe95.mls.protocol.tree.TreeMath" time="0.0"/>
  <testcase name="of node 67 should be 75" classname="com.github.traderjoe95.mls.protocol.tree.TreeMath" time="0.001"/>
  <testcase name="of node 68 should be 70" classname="com.github.traderjoe95.mls.protocol.tree.TreeMath" time="0.0"/>
  <testcase name="of node 69 should be 65" classname="com.github.traderjoe95.mls.protocol.tree.TreeMath" time="0.0"/>
  <testcase name="of node 70 should be 68" classname="com.github.traderjoe95.mls.protocol.tree.TreeMath" time="0.0"/>
  <testcase name="of node 71 should be 87" classname="com.github.traderjoe95.mls.protocol.tree.TreeMath" time="0.0"/>
  <testcase name="of node 72 should be 74" classname="com.github.traderjoe95.mls.protocol.tree.TreeMath" time="0.0"/>
  <testcase name="of node 73 should be 77" classname="com.github.traderjoe95.mls.protocol.tree.TreeMath" time="0.0"/>
  <testcase name="of node 74 should be 72" classname="com.github.traderjoe95.mls.protocol.tree.TreeMath" time="0.0"/>
  <testcase name="of node 75 should be 67" classname="com.github.traderjoe95.mls.protocol.tree.TreeMath" time="0.0"/>
  <testcase name="of node 76 should be 78" classname="com.github.traderjoe95.mls.protocol.tree.TreeMath" time="0.0"/>
  <testcase name="of node 77 should be 73" classname="com.github.traderjoe95.mls.protocol.tree.TreeMath" time="0.001"/>
  <testcase name="of node 78 should be 76" classname="com.github.traderjoe95.mls.protocol.tree.TreeMath" time="0.0"/>
  <testcase name="of node 79 should be 111" classname="com.github.traderjoe95.mls.protocol.tree.TreeMath" time="0.001"/>
  <testcase name="of node 80 should be 82" classname="com.github.traderjoe95.mls.protocol.tree.TreeMath" time="0.0"/>
  <testcase name="of node 81 should be 85" classname="com.github.traderjoe95.mls.protocol.tree.TreeMath" time="0.0"/>
  <testcase name="of node 82 should be 80" classname="com.github.traderjoe95.mls.protocol.tree.TreeMath" time="0.0"/>
  <testcase name="of node 83 should be 91" classname="com.github.traderjoe95.mls.protocol.tree.TreeMath" time="0.0"/>
  <testcase name="of node 84 should be 86" classname="com.github.traderjoe95.mls.protocol.tree.TreeMath" time="0.0"/>
  <testcase name="of node 85 should be 81" classname="com.github.traderjoe95.mls.protocol.tree.TreeMath" time="0.0"/>
  <testcase name="of node 86 should be 84" classname="com.github.traderjoe95.mls.protocol.tree.TreeMath" time="0.0"/>
  <testcase name="of node 87 should be 71" classname="com.github.traderjoe95.mls.protocol.tree.TreeMath" time="0.001"/>
  <testcase name="of node 88 should be 90" classname="com.github.traderjoe95.mls.protocol.tree.TreeMath" time="0.0"/>
  <testcase name="of node 89 should be 93" classname="com.github.traderjoe95.mls.protocol.tree.TreeMath" time="0.0"/>
  <testcase name="of node 90 should be 88" classname="com.github.traderjoe95.mls.protocol.tree.TreeMath" time="0.0"/>
  <testcase name="of node 91 should be 83" classname="com.github.traderjoe95.mls.protocol.tree.TreeMath" time="0.0"/>
  <testcase name="of node 92 should be 94" classname="com.github.traderjoe95.mls.protocol.tree.TreeMath" time="0.0"/>
  <testcase name="of node 93 should be 89" classname="com.github.traderjoe95.mls.protocol.tree.TreeMath" time="0.001"/>
  <testcase name="of node 94 should be 92" classname="com.github.traderjoe95.mls.protocol.tree.TreeMath" time="0.0"/>
  <testcase name="of node 95 should be 31" classname="com.github.traderjoe95.mls.protocol.tree.TreeMath" time="0.0"/>
  <testcase name="of node 96 should be 98" classname="com.github.traderjoe95.mls.protocol.tree.TreeMath" time="0.0"/>
  <testcase name="of node 97 should be 101" classname="com.github.traderjoe95.mls.protocol.tree.TreeMath" time="0.0"/>
  <testcase name="of node 98 should be 96" classname="com.github.traderjoe95.mls.protocol.tree.TreeMath" time="0.0"/>
  <testcase name="of node 99 should be 107" classname="com.github.traderjoe95.mls.protocol.tree.TreeMath" time="0.0"/>
  <testcase name="of node 100 should be 102" classname="com.github.traderjoe95.mls.protocol.tree.TreeMath" time="0.0"/>
  <testcase name="of node 101 should be 97" classname="com.github.traderjoe95.mls.protocol.tree.TreeMath" time="0.0"/>
  <testcase name="of node 102 should be 100" classname="com.github.traderjoe95.mls.protocol.tree.TreeMath" time="0.0"/>
  <testcase name="of node 103 should be 119" classname="com.github.traderjoe95.mls.protocol.tree.TreeMath" time="0.0"/>
  <testcase name="of node 104 should be 106" classname="com.github.traderjoe95.mls.protocol.tree.TreeMath" time="0.0"/>
  <testcase name="of node 105 should be 109" classname="com.github.traderjoe95.mls.protocol.tree.TreeMath" time="0.0"/>
  <testcase name="of node 106 should be 104" classname="com.github.traderjoe95.mls.protocol.tree.TreeMath" time="0.0"/>
  <testcase name="of node 107 should be 99" classname="com.github.traderjoe95.mls.protocol.tree.TreeMath" time="0.0"/>
  <testcase name="of node 108 should be 110" classname="com.github.traderjoe95.mls.protocol.tree.TreeMath" time="0.0"/>
  <testcase name="of node 109 should be 105" classname="com.github.traderjoe95.mls.protocol.tree.TreeMath" time="0.0"/>
  <testcase name="of node 110 should be 108" classname="com.github.traderjoe95.mls.protocol.tree.TreeMath" time="0.0"/>
  <testcase name="of node 111 should be 79" classname="com.github.traderjoe95.mls.protocol.tree.TreeMath" time="0.0"/>
  <testcase name="of node 112 should be 114" classname="com.github.traderjoe95.mls.protocol.tree.TreeMath" time="0.0"/>
  <testcase name="of node 113 should be 117" classname="com.github.traderjoe95.mls.protocol.tree.TreeMath" time="0.0"/>
  <testcase name="of node 114 should be 112" classname="com.github.traderjoe95.mls.protocol.tree.TreeMath" time="0.0"/>
  <testcase name="of node 115 should be 123" classname="com.github.traderjoe95.mls.protocol.tree.TreeMath" time="0.0"/>
  <testcase name="of node 116 should be 118" classname="com.github.traderjoe95.mls.protocol.tree.TreeMath" time="0.0"/>
  <testcase name="of node 117 should be 113" classname="com.github.traderjoe95.mls.protocol.tree.TreeMath" time="0.0"/>
  <testcase name="of node 118 should be 116" classname="com.github.traderjoe95.mls.protocol.tree.TreeMath" time="0.0"/>
  <testcase name="of node 119 should be 103" classname="com.github.traderjoe95.mls.protocol.tree.TreeMath" time="0.0"/>
  <testcase name="of node 120 should be 122" classname="com.github.traderjoe95.mls.protocol.tree.TreeMath" time="0.0"/>
  <testcase name="of node 121 should be 125" classname="com.github.traderjoe95.mls.protocol.tree.TreeMath" time="0.0"/>
  <testcase name="of node 122 should be 120" classname="com.github.traderjoe95.mls.protocol.tree.TreeMath" time="0.0"/>
  <testcase name="of node 123 should be 115" classname="com.github.traderjoe95.mls.protocol.tree.TreeMath" time="0.0"/>
  <testcase name="of node 124 should be 126" classname="com.github.traderjoe95.mls.protocol.tree.TreeMath" time="0.0"/>
  <testcase name="of node 125 should be 121" classname="com.github.traderjoe95.mls.protocol.tree.TreeMath" time="0.0"/>
  <testcase name="of node 126 should be 124" classname="com.github.traderjoe95.mls.protocol.tree.TreeMath" time="0.0"/>
  <testcase name="of node 128 should be 130" classname="com.github.traderjoe95.mls.protocol.tree.TreeMath" time="0.0"/>
  <testcase name="of node 129 should be 133" classname="com.github.traderjoe95.mls.protocol.tree.TreeMath" time="0.0"/>
  <testcase name="of node 130 should be 128" classname="com.github.traderjoe95.mls.protocol.tree.TreeMath" time="0.0"/>
  <testcase name="of node 131 should be 139" classname="com.github.traderjoe95.mls.protocol.tree.TreeMath" time="0.0"/>
  <testcase name="of node 132 should be 134" classname="com.github.traderjoe95.mls.protocol.tree.TreeMath" time="0.0"/>
  <testcase name="of node 133 should be 129" classname="com.github.traderjoe95.mls.protocol.tree.TreeMath" time="0.0"/>
  <testcase name="of node 134 should be 132" classname="com.github.traderjoe95.mls.protocol.tree.TreeMath" time="0.0"/>
  <testcase name="of node 135 should be 151" classname="com.github.traderjoe95.mls.protocol.tree.TreeMath" time="0.001"/>
  <testcase name="of node 136 should be 138" classname="com.github.traderjoe95.mls.protocol.tree.TreeMath" time="0.0"/>
  <testcase name="of node 137 should be 141" classname="com.github.traderjoe95.mls.protocol.tree.TreeMath" time="0.0"/>
  <testcase name="of node 138 should be 136" classname="com.github.traderjoe95.mls.protocol.tree.TreeMath" time="0.0"/>
  <testcase name="of node 139 should be 131" classname="com.github.traderjoe95.mls.protocol.tree.TreeMath" time="0.0"/>
  <testcase name="of node 140 should be 142" classname="com.github.traderjoe95.mls.protocol.tree.TreeMath" time="0.0"/>
  <testcase name="of node 141 should be 137" classname="com.github.traderjoe95.mls.protocol.tree.TreeMath" time="0.0"/>
  <testcase name="of node 142 should be 140" classname="com.github.traderjoe95.mls.protocol.tree.TreeMath" time="0.0"/>
  <testcase name="of node 143 should be 175" classname="com.github.traderjoe95.mls.protocol.tree.TreeMath" time="0.0"/>
  <testcase name="of node 144 should be 146" classname="com.github.traderjoe95.mls.protocol.tree.TreeMath" time="0.0"/>
  <testcase name="of node 145 should be 149" classname="com.github.traderjoe95.mls.protocol.tree.TreeMath" time="0.0"/>
  <testcase name="of node 146 should be 144" classname="com.github.traderjoe95.mls.protocol.tree.TreeMath" time="0.0"/>
  <testcase name="of node 147 should be 155" classname="com.github.traderjoe95.mls.protocol.tree.TreeMath" time="0.0"/>
  <testcase name="of node 148 should be 150" classname="com.github.traderjoe95.mls.protocol.tree.TreeMath" time="0.0"/>
  <testcase name="of node 149 should be 145" classname="com.github.traderjoe95.mls.protocol.tree.TreeMath" time="0.0"/>
  <testcase name="of node 150 should be 148" classname="com.github.traderjoe95.mls.protocol.tree.TreeMath" time="0.0"/>
  <testcase name="of node 151 should be 135" classname="com.github.traderjoe95.mls.protocol.tree.TreeMath" time="0.0"/>
  <testcase name="of node 152 should be 154" classname="com.github.traderjoe95.mls.protocol.tree.TreeMath" time="0.0"/>
  <testcase name="of node 153 should be 157" classname="com.github.traderjoe95.mls.protocol.tree.TreeMath" time="0.0"/>
  <testcase name="of node 154 should be 152" classname="com.github.traderjoe95.mls.protocol.tree.TreeMath" time="0.0"/>
  <testcase name="of node 155 should be 147" classname="com.github.traderjoe95.mls.protocol.tree.TreeMath" time="0.0"/>
  <testcase name="of node 156 should be 158" classname="com.github.traderjoe95.mls.protocol.tree.TreeMath" time="0.0"/>
  <testcase name="of node 157 should be 153" classname="com.github.traderjoe95.mls.protocol.tree.TreeMath" time="0.0"/>
  <testcase name="of node 158 should be 156" classname="com.github.traderjoe95.mls.protocol.tree.TreeMath" time="0.0"/>
  <testcase name="of node 159 should be 223" classname="com.github.traderjoe95.mls.protocol.tree.TreeMath" time="0.0"/>
  <testcase name="of node 160 should be 162" classname="com.github.traderjoe95.mls.protocol.tree.TreeMath" time="0.0"/>
  <testcase name="of node 161 should be 165" classname="com.github.traderjoe95.mls.protocol.tree.TreeMath" time="0.0"/>
  <testcase name="of node 162 should be 160" classname="com.github.traderjoe95.mls.protocol.tree.TreeMath" time="0.0"/>
  <testcase name="of node 163 should be 171" classname="com.github.traderjoe95.mls.protocol.tree.TreeMath" time="0.0"/>
  <testcase name="of node 164 should be 166" classname="com.github.traderjoe95.mls.protocol.tree.TreeMath" time="0.0"/>
  <testcase name="of node 165 should be 161" classname="com.github.traderjoe95.mls.protocol.tree.TreeMath" time="0.0"/>
  <testcase name="of node 166 should be 164" classname="com.github.traderjoe95.mls.protocol.tree.TreeMath" time="0.0"/>
  <testcase name="of node 167 should be 183" classname="com.github.traderjoe95.mls.protocol.tree.TreeMath" time="0.0"/>
  <testcase name="of node 168 should be 170" classname="com.github.traderjoe95.mls.protocol.tree.TreeMath" time="0.0"/>
  <testcase name="of node 169 should be 173" classname="com.github.traderjoe95.mls.protocol.tree.TreeMath" time="0.0"/>
  <testcase name="of node 170 should be 168" classname="com.github.traderjoe95.mls.protocol.tree.TreeMath" time="0.0"/>
  <testcase name="of node 171 should be 163" classname="com.github.traderjoe95.mls.protocol.tree.TreeMath" time="0.0"/>
  <testcase name="of node 172 should be 174" classname="com.github.traderjoe95.mls.protocol.tree.TreeMath" time="0.0"/>
  <testcase name="of node 173 should be 169" classname="com.github.traderjoe95.mls.protocol.tree.TreeMath" time="0.0"/>
  <testcase name="of node 174 should be 172" classname="com.github.traderjoe95.mls.protocol.tree.TreeMath" time="0.0"/>
  <testcase name="of node 175 should be 143" classname="com.github.traderjoe95.mls.protocol.tree.TreeMath" time="0.0"/>
  <testcase name="of node 176 should be 178" classname="com.github.traderjoe95.mls.protocol.tree.TreeMath" time="0.0"/>
  <testcase name="of node 177 should be 181" classname="com.github.traderjoe95.mls.protocol.tree.TreeMath" time="0.0"/>
  <testcase name="of node 178 should be 176" classname="com.github.traderjoe95.mls.protocol.tree.TreeMath" time="0.0"/>
  <testcase name="of node 179 should be 187" classname="com.github.traderjoe95.mls.protocol.tree.TreeMath" time="0.0"/>
  <testcase name="of node 180 should be 182" classname="com.github.traderjoe95.mls.protocol.tree.TreeMath" time="0.0"/>
  <testcase name="of node 181 should be 177" classname="com.github.traderjoe95.mls.protocol.tree.TreeMath" time="0.001"/>
  <testcase name="of node 182 should be 180" classname="com.github.traderjoe95.mls.protocol.tree.TreeMath" time="0.0"/>
  <testcase name="of node 183 should be 167" classname="com.github.traderjoe95.mls.protocol.tree.TreeMath" time="0.0"/>
  <testcase name="of node 184 should be 186" classname="com.github.traderjoe95.mls.protocol.tree.TreeMath" time="0.0"/>
  <testcase name="of node 185 should be 189" classname="com.github.traderjoe95.mls.protocol.tree.TreeMath" time="0.0"/>
  <testcase name="of node 186 should be 184" classname="com.github.traderjoe95.mls.protocol.tree.TreeMath" time="0.0"/>
  <testcase name="of node 187 should be 179" classname="com.github.traderjoe95.mls.protocol.tree.TreeMath" time="0.0"/>
  <testcase name="of node 188 should be 190" classname="com.github.traderjoe95.mls.protocol.tree.TreeMath" time="0.0"/>
  <testcase name="of node 189 should be 185" classname="com.github.traderjoe95.mls.protocol.tree.TreeMath" time="0.0"/>
  <testcase name="of node 190 should be 188" classname="com.github.traderjoe95.mls.protocol.tree.TreeMath" time="0.0"/>
  <testcase name="of node 191 should be 63" classname="com.github.traderjoe95.mls.protocol.tree.TreeMath" time="0.0"/>
  <testcase name="of node 192 should be 194" classname="com.github.traderjoe95.mls.protocol.tree.TreeMath" time="0.0"/>
  <testcase name="of node 193 should be 197" classname="com.github.traderjoe95.mls.protocol.tree.TreeMath" time="0.0"/>
  <testcase name="of node 194 should be 192" classname="com.github.traderjoe95.mls.protocol.tree.TreeMath" time="0.0"/>
  <testcase name="of node 195 should be 203" classname="com.github.traderjoe95.mls.protocol.tree.TreeMath" time="0.0"/>
  <testcase name="of node 196 should be 198" classname="com.github.traderjoe95.mls.protocol.tree.TreeMath" time="0.0"/>
  <testcase name="of node 197 should be 193" classname="com.github.traderjoe95.mls.protocol.tree.TreeMath" time="0.001"/>
  <testcase name="of node 198 should be 196" classname="com.github.traderjoe95.mls.protocol.tree.TreeMath" time="0.0"/>
  <testcase name="of node 199 should be 215" classname="com.github.traderjoe95.mls.protocol.tree.TreeMath" time="0.0"/>
  <testcase name="of node 200 should be 202" classname="com.github.traderjoe95.mls.protocol.tree.TreeMath" time="0.0"/>
  <testcase name="of node 201 should be 205" classname="com.github.traderjoe95.mls.protocol.tree.TreeMath" time="0.0"/>
  <testcase name="of node 202 should be 200" classname="com.github.traderjoe95.mls.protocol.tree.TreeMath" time="0.0"/>
  <testcase name="of node 203 should be 195" classname="com.github.traderjoe95.mls.protocol.tree.TreeMath" time="0.0"/>
  <testcase name="of node 204 should be 206" classname="com.github.traderjoe95.mls.protocol.tree.TreeMath" time="0.0"/>
  <testcase name="of node 205 should be 201" classname="com.github.traderjoe95.mls.protocol.tree.TreeMath" time="0.0"/>
  <testcase name="of node 206 should be 204" classname="com.github.traderjoe95.mls.protocol.tree.TreeMath" time="0.0"/>
  <testcase name="of node 207 should be 239" classname="com.github.traderjoe95.mls.protocol.tree.TreeMath" time="0.0"/>
  <testcase name="of node 208 should be 210" classname="com.github.traderjoe95.mls.protocol.tree.TreeMath" time="0.0"/>
  <testcase name="of node 209 should be 213" classname="com.github.traderjoe95.mls.protocol.tree.TreeMath" time="0.0"/>
  <testcase name="of node 210 should be 208" classname="com.github.traderjoe95.mls.protocol.tree.TreeMath" time="0.0"/>
  <testcase name="of node 211 should be 219" classname="com.github.traderjoe95.mls.protocol.tree.TreeMath" time="0.0"/>
  <testcase name="of node 212 should be 214" classname="com.github.traderjoe95.mls.protocol.tree.TreeMath" time="0.0"/>
  <testcase name="of node 213 should be 209" classname="com.github.traderjoe95.mls.protocol.tree.TreeMath" time="0.001"/>
  <testcase name="of node 214 should be 212" classname="com.github.traderjoe95.mls.protocol.tree.TreeMath" time="0.0"/>
  <testcase name="of node 215 should be 199" classname="com.github.traderjoe95.mls.protocol.tree.TreeMath" time="0.0"/>
  <testcase name="of node 216 should be 218" classname="com.github.traderjoe95.mls.protocol.tree.TreeMath" time="0.0"/>
  <testcase name="of node 217 should be 221" classname="com.github.traderjoe95.mls.protocol.tree.TreeMath" time="0.0"/>
  <testcase name="of node 218 should be 216" classname="com.github.traderjoe95.mls.protocol.tree.TreeMath" time="0.0"/>
  <testcase name="of node 219 should be 211" classname="com.github.traderjoe95.mls.protocol.tree.TreeMath" time="0.0"/>
  <testcase name="of node 220 should be 222" classname="com.github.traderjoe95.mls.protocol.tree.TreeMath" time="0.0"/>
  <testcase name="of node 221 should be 217" classname="com.github.traderjoe95.mls.protocol.tree.TreeMath" time="0.0"/>
  <testcase name="of node 222 should be 220" classname="com.github.traderjoe95.mls.protocol.tree.TreeMath" time="0.0"/>
  <testcase name="of node 223 should be 159" classname="com.github.traderjoe95.mls.protocol.tree.TreeMath" time="0.0"/>
  <testcase name="of node 224 should be 226" classname="com.github.traderjoe95.mls.protocol.tree.TreeMath" time="0.0"/>
  <testcase name="of node 225 should be 229" classname="com.github.traderjoe95.mls.protocol.tree.TreeMath" time="0.0"/>
  <testcase name="of node 226 should be 224" classname="com.github.traderjoe95.mls.protocol.tree.TreeMath" time="0.0"/>
  <testcase name="of node 227 should be 235" classname="com.github.traderjoe95.mls.protocol.tree.TreeMath" time="0.0"/>
  <testcase name="of node 228 should be 230" classname="com.github.traderjoe95.mls.protocol.tree.TreeMath" time="0.0"/>
  <testcase name="of node 229 should be 225" classname="com.github.traderjoe95.mls.protocol.tree.TreeMath" time="0.0"/>
  <testcase name="of node 230 should be 228" classname="com.github.traderjoe95.mls.protocol.tree.TreeMath" time="0.0"/>
  <testcase name="of node 231 should be 247" classname="com.github.traderjoe95.mls.protocol.tree.TreeMath" time="0.0"/>
  <testcase name="of node 232 should be 234" classname="com.github.traderjoe95.mls.protocol.tree.TreeMath" time="0.0"/>
  <testcase name="of node 233 should be 237" classname="com.github.traderjoe95.mls.protocol.tree.TreeMath" time="0.0"/>
  <testcase name="of node 234 should be 232" classname="com.github.traderjoe95.mls.protocol.tree.TreeMath" time="0.001"/>
  <testcase name="of node 235 should be 227" classname="com.github.traderjoe95.mls.protocol.tree.TreeMath" time="0.0"/>
  <testcase name="of node 236 should be 238" classname="com.github.traderjoe95.mls.protocol.tree.TreeMath" time="0.0"/>
  <testcase name="of node 237 should be 233" classname="com.github.traderjoe95.mls.protocol.tree.TreeMath" time="0.0"/>
  <testcase name="of node 238 should be 236" classname="com.github.traderjoe95.mls.protocol.tree.TreeMath" time="0.0"/>
  <testcase name="of node 239 should be 207" classname="com.github.traderjoe95.mls.protocol.tree.TreeMath" time="0.0"/>
  <testcase name="of node 240 should be 242" classname="com.github.traderjoe95.mls.protocol.tree.TreeMath" time="0.0"/>
  <testcase name="of node 241 should be 245" classname="com.github.traderjoe95.mls.protocol.tree.TreeMath" time="0.0"/>
  <testcase name="of node 242 should be 240" classname="com.github.traderjoe95.mls.protocol.tree.TreeMath" time="0.0"/>
  <testcase name="of node 243 should be 251" classname="com.github.traderjoe95.mls.protocol.tree.TreeMath" time="0.0"/>
  <testcase name="of node 244 should be 246" classname="com.github.traderjoe95.mls.protocol.tree.TreeMath" time="0.0"/>
  <testcase name="of node 245 should be 241" classname="com.github.traderjoe95.mls.protocol.tree.TreeMath" time="0.0"/>
  <testcase name="of node 246 should be 244" classname="com.github.traderjoe95.mls.protocol.tree.TreeMath" time="0.0"/>
  <testcase name="of node 247 should be 231" classname="com.github.traderjoe95.mls.protocol.tree.TreeMath" time="0.0"/>
  <testcase name="of node 248 should be 250" classname="com.github.traderjoe95.mls.protocol.tree.TreeMath" time="0.001"/>
  <testcase name="of node 249 should be 253" classname="com.github.traderjoe95.mls.protocol.tree.TreeMath" time="0.0"/>
  <testcase name="of node 250 should be 248" classname="com.github.traderjoe95.mls.protocol.tree.TreeMath" time="0.0"/>
  <testcase name="of node 251 should be 243" classname="com.github.traderjoe95.mls.protocol.tree.TreeMath" time="0.0"/>
  <testcase name="of node 252 should be 254" classname="com.github.traderjoe95.mls.protocol.tree.TreeMath" time="0.0"/>
  <testcase name="of node 253 should be 249" classname="com.github.traderjoe95.mls.protocol.tree.TreeMath" time="0.0"/>
  <testcase name="of node 254 should be 252" classname="com.github.traderjoe95.mls.protocol.tree.TreeMath" time="0.0"/>
  <testcase name="there should be 511 nodes" classname="com.github.traderjoe95.mls.protocol.tree.TreeMath" time="0.0"/>
  <testcase name="the root should have index 255" classname="com.github.traderjoe95.mls.protocol.tree.TreeMath" time="0.0"/>
  <testcase name="of node 1 should be 0" classname="com.github.traderjoe95.mls.protocol.tree.TreeMath" time="0.0"/>
  <testcase name="of node 3 should be 1" classname="com.github.traderjoe95.mls.protocol.tree.TreeMath" time="0.001"/>
  <testcase name="of node 5 should be 4" classname="com.github.traderjoe95.mls.protocol.tree.TreeMath" time="0.0"/>
  <testcase name="of node 7 should be 3" classname="com.github.traderjoe95.mls.protocol.tree.TreeMath" time="0.0"/>
  <testcase name="of node 9 should be 8" classname="com.github.traderjoe95.mls.protocol.tree.TreeMath" time="0.0"/>
  <testcase name="of node 11 should be 9" classname="com.github.traderjoe95.mls.protocol.tree.TreeMath" time="0.0"/>
  <testcase name="of node 13 should be 12" classname="com.github.traderjoe95.mls.protocol.tree.TreeMath" time="0.0"/>
  <testcase name="of node 15 should be 7" classname="com.github.traderjoe95.mls.protocol.tree.TreeMath" time="0.0"/>
  <testcase name="of node 17 should be 16" classname="com.github.traderjoe95.mls.protocol.tree.TreeMath" time="0.001"/>
  <testcase name="of node 19 should be 17" classname="com.github.traderjoe95.mls.protocol.tree.TreeMath" time="0.0"/>
  <testcase name="of node 21 should be 20" classname="com.github.traderjoe95.mls.protocol.tree.TreeMath" time="0.0"/>
  <testcase name="of node 23 should be 19" classname="com.github.traderjoe95.mls.protocol.tree.TreeMath" time="0.0"/>
  <testcase name="of node 25 should be 24" classname="com.github.traderjoe95.mls.protocol.tree.TreeMath" time="0.0"/>
  <testcase name="of node 27 should be 25" classname="com.github.traderjoe95.mls.protocol.tree.TreeMath" time="0.0"/>
  <testcase name="of node 29 should be 28" classname="com.github.traderjoe95.mls.protocol.tree.TreeMath" time="0.0"/>
  <testcase name="of node 31 should be 15" classname="com.github.traderjoe95.mls.protocol.tree.TreeMath" time="0.0"/>
  <testcase name="of node 33 should be 32" classname="com.github.traderjoe95.mls.protocol.tree.TreeMath" time="0.0"/>
  <testcase name="of node 35 should be 33" classname="com.github.traderjoe95.mls.protocol.tree.TreeMath" time="0.0"/>
  <testcase name="of node 37 should be 36" classname="com.github.traderjoe95.mls.protocol.tree.TreeMath" time="0.0"/>
  <testcase name="of node 39 should be 35" classname="com.github.traderjoe95.mls.protocol.tree.TreeMath" time="0.0"/>
  <testcase name="of node 41 should be 40" classname="com.github.traderjoe95.mls.protocol.tree.TreeMath" time="0.0"/>
  <testcase name="of node 43 should be 41" classname="com.github.traderjoe95.mls.protocol.tree.TreeMath" time="0.0"/>
  <testcase name="of node 45 should be 44" classname="com.github.traderjoe95.mls.protocol.tree.TreeMath" time="0.0"/>
  <testcase name="of node 47 should be 39" classname="com.github.traderjoe95.mls.protocol.tree.TreeMath" time="0.0"/>
  <testcase name="of node 49 should be 48" classname="com.github.traderjoe95.mls.protocol.tree.TreeMath" time="0.0"/>
  <testcase name="of node 51 should be 49" classname="com.github.traderjoe95.mls.protocol.tree.TreeMath" time="0.0"/>
  <testcase name="of node 53 should be 52" classname="com.github.traderjoe95.mls.protocol.tree.TreeMath" time="0.0"/>
  <testcase name="of node 55 should be 51" classname="com.github.traderjoe95.mls.protocol.tree.TreeMath" time="0.0"/>
  <testcase name="of node 57 should be 56" classname="com.github.traderjoe95.mls.protocol.tree.TreeMath" time="0.0"/>
  <testcase name="of node 59 should be 57" classname="com.github.traderjoe95.mls.protocol.tree.TreeMath" time="0.0"/>
  <testcase name="of node 61 should be 60" classname="com.github.traderjoe95.mls.protocol.tree.TreeMath" time="0.0"/>
  <testcase name="of node 63 should be 31" classname="com.github.traderjoe95.mls.protocol.tree.TreeMath" time="0.0"/>
  <testcase name="of node 65 should be 64" classname="com.github.traderjoe95.mls.protocol.tree.TreeMath" time="0.0"/>
  <testcase name="of node 67 should be 65" classname="com.github.traderjoe95.mls.protocol.tree.TreeMath" time="0.0"/>
  <testcase name="of node 69 should be 68" classname="com.github.traderjoe95.mls.protocol.tree.TreeMath" time="0.0"/>
  <testcase name="of node 71 should be 67" classname="com.github.traderjoe95.mls.protocol.tree.TreeMath" time="0.0"/>
  <testcase name="of node 73 should be 72" classname="com.github.traderjoe95.mls.protocol.tree.TreeMath" time="0.0"/>
  <testcase name="of node 75 should be 73" classname="com.github.traderjoe95.mls.protocol.tree.TreeMath" time="0.0"/>
  <testcase name="of node 77 should be 76" classname="com.github.traderjoe95.mls.protocol.tree.TreeMath" time="0.0"/>
  <testcase name="of node 79 should be 71" classname="com.github.traderjoe95.mls.protocol.tree.TreeMath" time="0.0"/>
  <testcase name="of node 81 should be 80" classname="com.github.traderjoe95.mls.protocol.tree.TreeMath" time="0.0"/>
  <testcase name="of node 83 should be 81" classname="com.github.traderjoe95.mls.protocol.tree.TreeMath" time="0.0"/>
  <testcase name="of node 85 should be 84" classname="com.github.traderjoe95.mls.protocol.tree.TreeMath" time="0.0"/>
  <testcase name="of node 87 should be 83" classname="com.github.traderjoe95.mls.protocol.tree.TreeMath" time="0.0"/>
  <testcase name="of node 89 should be 88" classname="com.github.traderjoe95.mls.protocol.tree.TreeMath" time="0.0"/>
  <testcase name="of node 91 should be 89" classname="com.github.traderjoe95.mls.protocol.tree.TreeMath" time="0.0"/>
  <testcase name="of node 93 should be 92" classname="com.github.traderjoe95.mls.protocol.tree.TreeMath" time="0.0"/>
  <testcase name="of node 95 should be 79" classname="com.github.traderjoe95.mls.protocol.tree.TreeMath" time="0.0"/>
  <testcase name="of node 97 should be 96" classname="com.github.traderjoe95.mls.protocol.tree.TreeMath" time="0.0"/>
  <testcase name="of node 99 should be 97" classname="com.github.traderjoe95.mls.protocol.tree.TreeMath" time="0.0"/>
  <testcase name="of node 101 should be 100" classname="com.github.traderjoe95.mls.protocol.tree.TreeMath" time="0.0"/>
  <testcase name="of node 103 should be 99" classname="com.github.traderjoe95.mls.protocol.tree.TreeMath" time="0.0"/>
  <testcase name="of node 105 should be 104" classname="com.github.traderjoe95.mls.protocol.tree.TreeMath" time="0.0"/>
  <testcase name="of node 107 should be 105" classname="com.github.traderjoe95.mls.protocol.tree.TreeMath" time="0.0"/>
  <testcase name="of node 109 should be 108" classname="com.github.traderjoe95.mls.protocol.tree.TreeMath" time="0.0"/>
  <testcase name="of node 111 should be 103" classname="com.github.traderjoe95.mls.protocol.tree.TreeMath" time="0.0"/>
  <testcase name="of node 113 should be 112" classname="com.github.traderjoe95.mls.protocol.tree.TreeMath" time="0.001"/>
  <testcase name="of node 115 should be 113" classname="com.github.traderjoe95.mls.protocol.tree.TreeMath" time="0.0"/>
  <testcase name="of node 117 should be 116" classname="com.github.traderjoe95.mls.protocol.tree.TreeMath" time="0.0"/>
  <testcase name="of node 119 should be 115" classname="com.github.traderjoe95.mls.protocol.tree.TreeMath" time="0.0"/>
  <testcase name="of node 121 should be 120" classname="com.github.traderjoe95.mls.protocol.tree.TreeMath" time="0.0"/>
  <testcase name="of node 123 should be 121" classname="com.github.traderjoe95.mls.protocol.tree.TreeMath" time="0.0"/>
  <testcase name="of node 125 should be 124" classname="com.github.traderjoe95.mls.protocol.tree.TreeMath" time="0.0"/>
  <testcase name="of node 127 should be 63" classname="com.github.traderjoe95.mls.protocol.tree.TreeMath" time="0.0"/>
  <testcase name="of node 129 should be 128" classname="com.github.traderjoe95.mls.protocol.tree.TreeMath" time="0.0"/>
  <testcase name="of node 131 should be 129" classname="com.github.traderjoe95.mls.protocol.tree.TreeMath" time="0.0"/>
  <testcase name="of node 133 should be 132" classname="com.github.traderjoe95.mls.protocol.tree.TreeMath" time="0.0"/>
  <testcase name="of node 135 should be 131" classname="com.github.traderjoe95.mls.protocol.tree.TreeMath" time="0.0"/>
  <testcase name="of node 137 should be 136" classname="com.github.traderjoe95.mls.protocol.tree.TreeMath" time="0.0"/>
  <testcase name="of node 139 should be 137" classname="com.github.traderjoe95.mls.protocol.tree.TreeMath" time="0.0"/>
  <testcase name="of node 141 should be 140" classname="com.github.traderjoe95.mls.protocol.tree.TreeMath" time="0.0"/>
  <testcase name="of node 143 should be 135" classname="com.github.traderjoe95.mls.protocol.tree.TreeMath" time="0.0"/>
  <testcase name="of node 145 should be 144" classname="com.github.traderjoe95.mls.protocol.tree.TreeMath" time="0.0"/>
  <testcase name="of node 147 should be 145" classname="com.github.traderjoe95.mls.protocol.tree.TreeMath" time="0.0"/>
  <testcase name="of node 149 should be 148" classname="com.github.traderjoe95.mls.protocol.tree.TreeMath" time="0.0"/>
  <testcase name="of node 151 should be 147" classname="com.github.traderjoe95.mls.protocol.tree.TreeMath" time="0.0"/>
  <testcase name="of node 153 should be 152" classname="com.github.traderjoe95.mls.protocol.tree.TreeMath" time="0.0"/>
  <testcase name="of node 155 should be 153" classname="com.github.traderjoe95.mls.protocol.tree.TreeMath" time="0.0"/>
  <testcase name="of node 157 should be 156" classname="com.github.traderjoe95.mls.protocol.tree.TreeMath" time="0.0"/>
  <testcase name="of node 159 should be 143" classname="com.github.traderjoe95.mls.protocol.tree.TreeMath" time="0.0"/>
  <testcase name="of node 161 should be 160" classname="com.github.traderjoe95.mls.protocol.tree.TreeMath" time="0.0"/>
  <testcase name="of node 163 should be 161" classname="com.github.traderjoe95.mls.protocol.tree.TreeMath" time="0.0"/>
  <testcase name="of node 165 should be 164" classname="com.github.traderjoe95.mls.protocol.tree.TreeMath" time="0.0"/>
  <testcase name="of node 167 should be 163" classname="com.github.traderjoe95.mls.protocol.tree.TreeMath" time="0.0"/>
  <testcase name="of node 169 should be 168" classname="com.github.traderjoe95.mls.protocol.tree.TreeMath" time="0.0"/>
  <testcase name="of node 171 should be 169" classname="com.github.traderjoe95.mls.protocol.tree.TreeMath" time="0.0"/>
  <testcase name="of node 173 should be 172" classname="com.github.traderjoe95.mls.protocol.tree.TreeMath" time="0.0"/>
  <testcase name="of node 175 should be 167" classname="com.github.traderjoe95.mls.protocol.tree.TreeMath" time="0.0"/>
  <testcase name="of node 177 should be 176" classname="com.github.traderjoe95.mls.protocol.tree.TreeMath" time="0.0"/>
  <testcase name="of node 179 should be 177" classname="com.github.traderjoe95.mls.protocol.tree.TreeMath" time="0.0"/>
  <testcase name="of node 181 should be 180" classname="com.github.traderjoe95.mls.protocol.tree.TreeMath" time="0.0"/>
  <testcase name="of node 183 should be 179" classname="com.github.traderjoe95.mls.protocol.tree.TreeMath" time="0.0"/>
  <testcase name="of node 185 should be 184" classname="com.github.traderjoe95.mls.protocol.tree.TreeMath" time="0.0"/>
  <testcase name="of node 187 should be 185" classname="com.github.traderjoe95.mls.protocol.tree.TreeMath" time="0.0"/>
  <testcase name="of node 189 should be 188" classname="com.github.traderjoe95.mls.protocol.tree.TreeMath" time="0.0"/>
  <testcase name="of node 191 should be 159" classname="com.github.traderjoe95.mls.protocol.tree.TreeMath" time="0.0"/>
  <testcase name="of node 193 should be 192" classname="com.github.traderjoe95.mls.protocol.tree.TreeMath" time="0.0"/>
  <testcase name="of node 195 should be 193" classname="com.github.traderjoe95.mls.protocol.tree.TreeMath" time="0.0"/>
  <testcase name="of node 197 should be 196" classname="com.github.traderjoe95.mls.protocol.tree.TreeMath" time="0.0"/>
  <testcase name="of node 199 should be 195" classname="com.github.traderjoe95.mls.protocol.tree.TreeMath" time="0.0"/>
  <testcase name="of node 201 should be 200" classname="com.github.traderjoe95.mls.protocol.tree.TreeMath" time="0.0"/>
  <testcase name="of node 203 should be 201" classname="com.github.traderjoe95.mls.protocol.tree.TreeMath" time="0.001"/>
  <testcase name="of node 205 should be 204" classname="com.github.traderjoe95.mls.protocol.tree.TreeMath" time="0.0"/>
  <testcase name="of node 207 should be 199" classname="com.github.traderjoe95.mls.protocol.tree.TreeMath" time="0.0"/>
  <testcase name="of node 209 should be 208" classname="com.github.traderjoe95.mls.protocol.tree.TreeMath" time="0.0"/>
  <testcase name="of node 211 should be 209" classname="com.github.traderjoe95.mls.protocol.tree.TreeMath" time="0.0"/>
  <testcase name="of node 213 should be 212" classname="com.github.traderjoe95.mls.protocol.tree.TreeMath" time="0.0"/>
  <testcase name="of node 215 should be 211" classname="com.github.traderjoe95.mls.protocol.tree.TreeMath" time="0.0"/>
  <testcase name="of node 217 should be 216" classname="com.github.traderjoe95.mls.protocol.tree.TreeMath" time="0.0"/>
  <testcase name="of node 219 should be 217" classname="com.github.traderjoe95.mls.protocol.tree.TreeMath" time="0.0"/>
  <testcase name="of node 221 should be 220" classname="com.github.traderjoe95.mls.protocol.tree.TreeMath" time="0.0"/>
  <testcase name="of node 223 should be 207" classname="com.github.traderjoe95.mls.protocol.tree.TreeMath" time="0.0"/>
  <testcase name="of node 225 should be 224" classname="com.github.traderjoe95.mls.protocol.tree.TreeMath" time="0.0"/>
  <testcase name="of node 227 should be 225" classname="com.github.traderjoe95.mls.protocol.tree.TreeMath" time="0.0"/>
  <testcase name="of node 229 should be 228" classname="com.github.traderjoe95.mls.protocol.tree.TreeMath" time="0.0"/>
  <testcase name="of node 231 should be 227" classname="com.github.traderjoe95.mls.protocol.tree.TreeMath" time="0.0"/>
  <testcase name="of node 233 should be 232" classname="com.github.traderjoe95.mls.protocol.tree.TreeMath" time="0.0"/>
  <testcase name="of node 235 should be 233" classname="com.github.traderjoe95.mls.protocol.tree.TreeMath" time="0.0"/>
  <testcase name="of node 237 should be 236" classname="com.github.traderjoe95.mls.protocol.tree.TreeMath" time="0.0"/>
  <testcase name="of node 239 should be 231" classname="com.github.traderjoe95.mls.protocol.tree.TreeMath" time="0.0"/>
  <testcase name="of node 241 should be 240" classname="com.github.traderjoe95.mls.protocol.tree.TreeMath" time="0.0"/>
  <testcase name="of node 243 should be 241" classname="com.github.traderjoe95.mls.protocol.tree.TreeMath" time="0.0"/>
  <testcase name="of node 245 should be 244" classname="com.github.traderjoe95.mls.protocol.tree.TreeMath" time="0.0"/>
  <testcase name="of node 247 should be 243" classname="com.github.traderjoe95.mls.protocol.tree.TreeMath" time="0.0"/>
  <testcase name="of node 249 should be 248" classname="com.github.traderjoe95.mls.protocol.tree.TreeMath" time="0.0"/>
  <testcase name="of node 251 should be 249" classname="com.github.traderjoe95.mls.protocol.tree.TreeMath" time="0.0"/>
  <testcase name="of node 253 should be 252" classname="com.github.traderjoe95.mls.protocol.tree.TreeMath" time="0.0"/>
  <testcase name="of node 255 should be 127" classname="com.github.traderjoe95.mls.protocol.tree.TreeMath" time="0.0"/>
  <testcase name="of node 257 should be 256" classname="com.github.traderjoe95.mls.protocol.tree.TreeMath" time="0.0"/>
  <testcase name="of node 259 should be 257" classname="com.github.traderjoe95.mls.protocol.tree.TreeMath" time="0.0"/>
  <testcase name="of node 261 should be 260" classname="com.github.traderjoe95.mls.protocol.tree.TreeMath" time="0.0"/>
  <testcase name="of node 263 should be 259" classname="com.github.traderjoe95.mls.protocol.tree.TreeMath" time="0.0"/>
  <testcase name="of node 265 should be 264" classname="com.github.traderjoe95.mls.protocol.tree.TreeMath" time="0.0"/>
  <testcase name="of node 267 should be 265" classname="com.github.traderjoe95.mls.protocol.tree.TreeMath" time="0.0"/>
  <testcase name="of node 269 should be 268" classname="com.github.traderjoe95.mls.protocol.tree.TreeMath" time="0.0"/>
  <testcase name="of node 271 should be 263" classname="com.github.traderjoe95.mls.protocol.tree.TreeMath" time="0.001"/>
  <testcase name="of node 273 should be 272" classname="com.github.traderjoe95.mls.protocol.tree.TreeMath" time="0.0"/>
  <testcase name="of node 275 should be 273" classname="com.github.traderjoe95.mls.protocol.tree.TreeMath" time="0.0"/>
  <testcase name="of node 277 should be 276" classname="com.github.traderjoe95.mls.protocol.tree.TreeMath" time="0.0"/>
  <testcase name="of node 279 should be 275" classname="com.github.traderjoe95.mls.protocol.tree.TreeMath" time="0.0"/>
  <testcase name="of node 281 should be 280" classname="com.github.traderjoe95.mls.protocol.tree.TreeMath" time="0.0"/>
  <testcase name="of node 283 should be 281" classname="com.github.traderjoe95.mls.protocol.tree.TreeMath" time="0.0"/>
  <testcase name="of node 285 should be 284" classname="com.github.traderjoe95.mls.protocol.tree.TreeMath" time="0.0"/>
  <testcase name="of node 287 should be 271" classname="com.github.traderjoe95.mls.protocol.tree.TreeMath" time="0.001"/>
  <testcase name="of node 289 should be 288" classname="com.github.traderjoe95.mls.protocol.tree.TreeMath" time="0.0"/>
  <testcase name="of node 291 should be 289" classname="com.github.traderjoe95.mls.protocol.tree.TreeMath" time="0.0"/>
  <testcase name="of node 293 should be 292" classname="com.github.traderjoe95.mls.protocol.tree.TreeMath" time="0.0"/>
  <testcase name="of node 295 should be 291" classname="com.github.traderjoe95.mls.protocol.tree.TreeMath" time="0.0"/>
  <testcase name="of node 297 should be 296" classname="com.github.traderjoe95.mls.protocol.tree.TreeMath" time="0.0"/>
  <testcase name="of node 299 should be 297" classname="com.github.traderjoe95.mls.protocol.tree.TreeMath" time="0.0"/>
  <testcase name="of node 301 should be 300" classname="com.github.traderjoe95.mls.protocol.tree.TreeMath" time="0.0"/>
  <testcase name="of node 303 should be 295" classname="com.github.traderjoe95.mls.protocol.tree.TreeMath" time="0.001"/>
  <testcase name="of node 305 should be 304" classname="com.github.traderjoe95.mls.protocol.tree.TreeMath" time="0.0"/>
  <testcase name="of node 307 should be 305" classname="com.github.traderjoe95.mls.protocol.tree.TreeMath" time="0.0"/>
  <testcase name="of node 309 should be 308" classname="com.github.traderjoe95.mls.protocol.tree.TreeMath" time="0.0"/>
  <testcase name="of node 311 should be 307" classname="com.github.traderjoe95.mls.protocol.tree.TreeMath" time="0.0"/>
  <testcase name="of node 313 should be 312" classname="com.github.traderjoe95.mls.protocol.tree.TreeMath" time="0.0"/>
  <testcase name="of node 315 should be 313" classname="com.github.traderjoe95.mls.protocol.tree.TreeMath" time="0.0"/>
  <testcase name="of node 317 should be 316" classname="com.github.traderjoe95.mls.protocol.tree.TreeMath" time="0.0"/>
  <testcase name="of node 319 should be 287" classname="com.github.traderjoe95.mls.protocol.tree.TreeMath" time="0.0"/>
  <testcase name="of node 321 should be 320" classname="com.github.traderjoe95.mls.protocol.tree.TreeMath" time="0.0"/>
  <testcase name="of node 323 should be 321" classname="com.github.traderjoe95.mls.protocol.tree.TreeMath" time="0.0"/>
  <testcase name="of node 325 should be 324" classname="com.github.traderjoe95.mls.protocol.tree.TreeMath" time="0.0"/>
  <testcase name="of node 327 should be 323" classname="com.github.traderjoe95.mls.protocol.tree.TreeMath" time="0.0"/>
  <testcase name="of node 329 should be 328" classname="com.github.traderjoe95.mls.protocol.tree.TreeMath" time="0.001"/>
  <testcase name="of node 331 should be 329" classname="com.github.traderjoe95.mls.protocol.tree.TreeMath" time="0.0"/>
  <testcase name="of node 333 should be 332" classname="com.github.traderjoe95.mls.protocol.tree.TreeMath" time="0.0"/>
  <testcase name="of node 335 should be 327" classname="com.github.traderjoe95.mls.protocol.tree.TreeMath" time="0.0"/>
  <testcase name="of node 337 should be 336" classname="com.github.traderjoe95.mls.protocol.tree.TreeMath" time="0.0"/>
  <testcase name="of node 339 should be 337" classname="com.github.traderjoe95.mls.protocol.tree.TreeMath" time="0.0"/>
  <testcase name="of node 341 should be 340" classname="com.github.traderjoe95.mls.protocol.tree.TreeMath" time="0.0"/>
  <testcase name="of node 343 should be 339" classname="com.github.traderjoe95.mls.protocol.tree.TreeMath" time="0.0"/>
  <testcase name="of node 345 should be 344" classname="com.github.traderjoe95.mls.protocol.tree.TreeMath" time="0.0"/>
  <testcase name="of node 347 should be 345" classname="com.github.traderjoe95.mls.protocol.tree.TreeMath" time="0.0"/>
  <testcase name="of node 349 should be 348" classname="com.github.traderjoe95.mls.protocol.tree.TreeMath" time="0.0"/>
  <testcase name="of node 351 should be 335" classname="com.github.traderjoe95.mls.protocol.tree.TreeMath" time="0.0"/>
  <testcase name="of node 353 should be 352" classname="com.github.traderjoe95.mls.protocol.tree.TreeMath" time="0.0"/>
  <testcase name="of node 355 should be 353" classname="com.github.traderjoe95.mls.protocol.tree.TreeMath" time="0.0"/>
  <testcase name="of node 357 should be 356" classname="com.github.traderjoe95.mls.protocol.tree.TreeMath" time="0.0"/>
  <testcase name="of node 359 should be 355" classname="com.github.traderjoe95.mls.protocol.tree.TreeMath" time="0.0"/>
  <testcase name="of node 361 should be 360" classname="com.github.traderjoe95.mls.protocol.tree.TreeMath" time="0.0"/>
  <testcase name="of node 363 should be 361" classname="com.github.traderjoe95.mls.protocol.tree.TreeMath" time="0.0"/>
  <testcase name="of node 365 should be 364" classname="com.github.traderjoe95.mls.protocol.tree.TreeMath" time="0.0"/>
  <testcase name="of node 367 should be 359" classname="com.github.traderjoe95.mls.protocol.tree.TreeMath" time="0.0"/>
  <testcase name="of node 369 should be 368" classname="com.github.traderjoe95.mls.protocol.tree.TreeMath" time="0.0"/>
  <testcase name="of node 371 should be 369" classname="com.github.traderjoe95.mls.protocol.tree.TreeMath" time="0.0"/>
  <testcase name="of node 373 should be 372" classname="com.github.traderjoe95.mls.protocol.tree.TreeMath" time="0.0"/>
  <testcase name="of node 375 should be 371" classname="com.github.traderjoe95.mls.protocol.tree.TreeMath" time="0.0"/>
  <testcase name="of node 377 should be 376" classname="com.github.traderjoe95.mls.protocol.tree.TreeMath" time="0.0"/>
  <testcase name="of node 379 should be 377" classname="com.github.traderjoe95.mls.protocol.tree.TreeMath" time="0.0"/>
  <testcase name="of node 381 should be 380" classname="com.github.traderjoe95.mls.protocol.tree.TreeMath" time="0.0"/>
  <testcase name="of node 383 should be 319" classname="com.github.traderjoe95.mls.protocol.tree.TreeMath" time="0.0"/>
  <testcase name="of node 385 should be 384" classname="com.github.traderjoe95.mls.protocol.tree.TreeMath" time="0.0"/>
  <testcase name="of node 387 should be 385" classname="com.github.traderjoe95.mls.protocol.tree.TreeMath" time="0.001"/>
  <testcase name="of node 389 should be 388" classname="com.github.traderjoe95.mls.protocol.tree.TreeMath" time="0.0"/>
  <testcase name="of node 391 should be 387" classname="com.github.traderjoe95.mls.protocol.tree.TreeMath" time="0.0"/>
  <testcase name="of node 393 should be 392" classname="com.github.traderjoe95.mls.protocol.tree.TreeMath" time="0.0"/>
  <testcase name="of node 395 should be 393" classname="com.github.traderjoe95.mls.protocol.tree.TreeMath" time="0.0"/>
  <testcase name="of node 397 should be 396" classname="com.github.traderjoe95.mls.protocol.tree.TreeMath" time="0.0"/>
  <testcase name="of node 399 should be 391" classname="com.github.traderjoe95.mls.protocol.tree.TreeMath" time="0.0"/>
  <testcase name="of node 401 should be 400" classname="com.github.traderjoe95.mls.protocol.tree.TreeMath" time="0.0"/>
  <testcase name="of node 403 should be 401" classname="com.github.traderjoe95.mls.protocol.tree.TreeMath" time="0.001"/>
  <testcase name="of node 405 should be 404" classname="com.github.traderjoe95.mls.protocol.tree.TreeMath" time="0.0"/>
  <testcase name="of node 407 should be 403" classname="com.github.traderjoe95.mls.protocol.tree.TreeMath" time="0.0"/>
  <testcase name="of node 409 should be 408" classname="com.github.traderjoe95.mls.protocol.tree.TreeMath" time="0.0"/>
  <testcase name="of node 411 should be 409" classname="com.github.traderjoe95.mls.protocol.tree.TreeMath" time="0.0"/>
  <testcase name="of node 413 should be 412" classname="com.github.traderjoe95.mls.protocol.tree.TreeMath" time="0.0"/>
  <testcase name="of node 415 should be 399" classname="com.github.traderjoe95.mls.protocol.tree.TreeMath" time="0.0"/>
  <testcase name="of node 417 should be 416" classname="com.github.traderjoe95.mls.protocol.tree.TreeMath" time="0.0"/>
  <testcase name="of node 419 should be 417" classname="com.github.traderjoe95.mls.protocol.tree.TreeMath" time="0.0"/>
  <testcase name="of node 421 should be 420" classname="com.github.traderjoe95.mls.protocol.tree.TreeMath" time="0.0"/>
  <testcase name="of node 423 should be 419" classname="com.github.traderjoe95.mls.protocol.tree.TreeMath" time="0.0"/>
  <testcase name="of node 425 should be 424" classname="com.github.traderjoe95.mls.protocol.tree.TreeMath" time="0.0"/>
  <testcase name="of node 427 should be 425" classname="com.github.traderjoe95.mls.protocol.tree.TreeMath" time="0.0"/>
  <testcase name="of node 429 should be 428" classname="com.github.traderjoe95.mls.protocol.tree.TreeMath" time="0.0"/>
  <testcase name="of node 431 should be 423" classname="com.github.traderjoe95.mls.protocol.tree.TreeMath" time="0.0"/>
  <testcase name="of node 433 should be 432" classname="com.github.traderjoe95.mls.protocol.tree.TreeMath" time="0.001"/>
  <testcase name="of node 435 should be 433" classname="com.github.traderjoe95.mls.protocol.tree.TreeMath" time="0.0"/>
  <testcase name="of node 437 should be 436" classname="com.github.traderjoe95.mls.protocol.tree.TreeMath" time="0.0"/>
  <testcase name="of node 439 should be 435" classname="com.github.traderjoe95.mls.protocol.tree.TreeMath" time="0.0"/>
  <testcase name="of node 441 should be 440" classname="com.github.traderjoe95.mls.protocol.tree.TreeMath" time="0.0"/>
  <testcase name="of node 443 should be 441" classname="com.github.traderjoe95.mls.protocol.tree.TreeMath" time="0.0"/>
  <testcase name="of node 445 should be 444" classname="com.github.traderjoe95.mls.protocol.tree.TreeMath" time="0.0"/>
  <testcase name="of node 447 should be 415" classname="com.github.traderjoe95.mls.protocol.tree.TreeMath" time="0.0"/>
  <testcase name="of node 449 should be 448" classname="com.github.traderjoe95.mls.protocol.tree.TreeMath" time="0.0"/>
  <testcase name="of node 451 should be 449" classname="com.github.traderjoe95.mls.protocol.tree.TreeMath" time="0.0"/>
  <testcase name="of node 453 should be 452" classname="com.github.traderjoe95.mls.protocol.tree.TreeMath" time="0.0"/>
  <testcase name="of node 455 should be 451" classname="com.github.traderjoe95.mls.protocol.tree.TreeMath" time="0.0"/>
  <testcase name="of node 457 should be 456" classname="com.github.traderjoe95.mls.protocol.tree.TreeMath" time="0.0"/>
  <testcase name="of node 459 should be 457" classname="com.github.traderjoe95.mls.protocol.tree.TreeMath" time="0.001"/>
  <testcase name="of node 461 should be 460" classname="com.github.traderjoe95.mls.protocol.tree.TreeMath" time="0.0"/>
  <testcase name="of node 463 should be 455" classname="com.github.traderjoe95.mls.protocol.tree.TreeMath" time="0.0"/>
  <testcase name="of node 465 should be 464" classname="com.github.traderjoe95.mls.protocol.tree.TreeMath" time="0.0"/>
  <testcase name="of node 467 should be 465" classname="com.github.traderjoe95.mls.protocol.tree.TreeMath" time="0.0"/>
  <testcase name="of node 469 should be 468" classname="com.github.traderjoe95.mls.protocol.tree.TreeMath" time="0.0"/>
  <testcase name="of node 471 should be 467" classname="com.github.traderjoe95.mls.protocol.tree.TreeMath" time="0.0"/>
  <testcase name="of node 473 should be 472" classname="com.github.traderjoe95.mls.protocol.tree.TreeMath" time="0.0"/>
  <testcase name="of node 475 should be 473" classname="com.github.traderjoe95.mls.protocol.tree.TreeMath" time="0.0"/>
  <testcase name="of node 477 should be 476" classname="com.github.traderjoe95.mls.protocol.tree.TreeMath" time="0.0"/>
  <testcase name="of node 479 should be 463" classname="com.github.traderjoe95.mls.protocol.tree.TreeMath" time="0.0"/>
  <testcase name="of node 481 should be 480" classname="com.github.traderjoe95.mls.protocol.tree.TreeMath" time="0.0"/>
  <testcase name="of node 483 should be 481" classname="com.github.traderjoe95.mls.protocol.tree.TreeMath" time="0.0"/>
  <testcase name="of node 485 should be 484" classname="com.github.traderjoe95.mls.protocol.tree.TreeMath" time="0.0"/>
  <testcase name="of node 487 should be 483" classname="com.github.traderjoe95.mls.protocol.tree.TreeMath" time="0.0"/>
  <testcase name="of node 489 should be 488" classname="com.github.traderjoe95.mls.protocol.tree.TreeMath" time="0.0"/>
  <testcase name="of node 491 should be 489" classname="com.github.traderjoe95.mls.protocol.tree.TreeMath" time="0.0"/>
  <testcase name="of node 493 should be 492" classname="com.github.traderjoe95.mls.protocol.tree.TreeMath" time="0.0"/>
  <testcase name="of node 495 should be 487" classname="com.github.traderjoe95.mls.protocol.tree.TreeMath" time="0.0"/>
  <testcase name="of node 497 should be 496" classname="com.github.traderjoe95.mls.protocol.tree.TreeMath" time="0.0"/>
  <testcase name="of node 499 should be 497" classname="com.github.traderjoe95.mls.protocol.tree.TreeMath" time="0.0"/>
  <testcase name="of node 501 should be 500" classname="com.github.traderjoe95.mls.protocol.tree.TreeMath" time="0.0"/>
  <testcase name="of node 503 should be 499" classname="com.github.traderjoe95.mls.protocol.tree.TreeMath" time="0.0"/>
  <testcase name="of node 505 should be 504" classname="com.github.traderjoe95.mls.protocol.tree.TreeMath" time="0.0"/>
  <testcase name="of node 507 should be 505" classname="com.github.traderjoe95.mls.protocol.tree.TreeMath" time="0.0"/>
  <testcase name="of node 509 should be 508" classname="com.github.traderjoe95.mls.protocol.tree.TreeMath" time="0.0"/>
  <testcase name="of node 1 should be 2" classname="com.github.traderjoe95.mls.protocol.tree.TreeMath" time="0.0"/>
  <testcase name="of node 3 should be 5" classname="com.github.traderjoe95.mls.protocol.tree.TreeMath" time="0.0"/>
  <testcase name="of node 5 should be 6" classname="com.github.traderjoe95.mls.protocol.tree.TreeMath" time="0.0"/>
  <testcase name="of node 7 should be 11" classname="com.github.traderjoe95.mls.protocol.tree.TreeMath" time="0.0"/>
  <testcase name="of node 9 should be 10" classname="com.github.traderjoe95.mls.protocol.tree.TreeMath" time="0.0"/>
  <testcase name="of node 11 should be 13" classname="com.github.traderjoe95.mls.protocol.tree.TreeMath" time="0.0"/>
  <testcase name="of node 13 should be 14" classname="com.github.traderjoe95.mls.protocol.tree.TreeMath" time="0.0"/>
  <testcase name="of node 15 should be 23" classname="com.github.traderjoe95.mls.protocol.tree.TreeMath" time="0.0"/>
  <testcase name="of node 17 should be 18" classname="com.github.traderjoe95.mls.protocol.tree.TreeMath" time="0.0"/>
  <testcase name="of node 19 should be 21" classname="com.github.traderjoe95.mls.protocol.tree.TreeMath" time="0.001"/>
  <testcase name="of node 21 should be 22" classname="com.github.traderjoe95.mls.protocol.tree.TreeMath" time="0.0"/>
  <testcase name="of node 23 should be 27" classname="com.github.traderjoe95.mls.protocol.tree.TreeMath" time="0.0"/>
  <testcase name="of node 25 should be 26" classname="com.github.traderjoe95.mls.protocol.tree.TreeMath" time="0.0"/>
  <testcase name="of node 27 should be 29" classname="com.github.traderjoe95.mls.protocol.tree.TreeMath" time="0.0"/>
  <testcase name="of node 29 should be 30" classname="com.github.traderjoe95.mls.protocol.tree.TreeMath" time="0.0"/>
  <testcase name="of node 31 should be 47" classname="com.github.traderjoe95.mls.protocol.tree.TreeMath" time="0.0"/>
  <testcase name="of node 33 should be 34" classname="com.github.traderjoe95.mls.protocol.tree.TreeMath" time="0.0"/>
  <testcase name="of node 35 should be 37" classname="com.github.traderjoe95.mls.protocol.tree.TreeMath" time="0.0"/>
  <testcase name="of node 37 should be 38" classname="com.github.traderjoe95.mls.protocol.tree.TreeMath" time="0.0"/>
  <testcase name="of node 39 should be 43" classname="com.github.traderjoe95.mls.protocol.tree.TreeMath" time="0.0"/>
  <testcase name="of node 41 should be 42" classname="com.github.traderjoe95.mls.protocol.tree.TreeMath" time="0.0"/>
  <testcase name="of node 43 should be 45" classname="com.github.traderjoe95.mls.protocol.tree.TreeMath" time="0.0"/>
  <testcase name="of node 45 should be 46" classname="com.github.traderjoe95.mls.protocol.tree.TreeMath" time="0.0"/>
  <testcase name="of node 47 should be 55" classname="com.github.traderjoe95.mls.protocol.tree.TreeMath" time="0.0"/>
  <testcase name="of node 49 should be 50" classname="com.github.traderjoe95.mls.protocol.tree.TreeMath" time="0.0"/>
  <testcase name="of node 51 should be 53" classname="com.github.traderjoe95.mls.protocol.tree.TreeMath" time="0.0"/>
  <testcase name="of node 53 should be 54" classname="com.github.traderjoe95.mls.protocol.tree.TreeMath" time="0.0"/>
  <testcase name="of node 55 should be 59" classname="com.github.traderjoe95.mls.protocol.tree.TreeMath" time="0.0"/>
  <testcase name="of node 57 should be 58" classname="com.github.traderjoe95.mls.protocol.tree.TreeMath" time="0.0"/>
  <testcase name="of node 59 should be 61" classname="com.github.traderjoe95.mls.protocol.tree.TreeMath" time="0.001"/>
  <testcase name="of node 61 should be 62" classname="com.github.traderjoe95.mls.protocol.tree.TreeMath" time="0.0"/>
  <testcase name="of node 63 should be 95" classname="com.github.traderjoe95.mls.protocol.tree.TreeMath" time="0.001"/>
  <testcase name="of node 65 should be 66" classname="com.github.traderjoe95.mls.protocol.tree.TreeMath" time="0.0"/>
  <testcase name="of node 67 should be 69" classname="com.github.traderjoe95.mls.protocol.tree.TreeMath" time="0.0"/>
  <testcase name="of node 69 should be 70" classname="com.github.traderjoe95.mls.protocol.tree.TreeMath" time="0.0"/>
  <testcase name="of node 71 should be 75" classname="com.github.traderjoe95.mls.protocol.tree.TreeMath" time="0.0"/>
  <testcase name="of node 73 should be 74" classname="com.github.traderjoe95.mls.protocol.tree.TreeMath" time="0.0"/>
  <testcase name="of node 75 should be 77" classname="com.github.traderjoe95.mls.protocol.tree.TreeMath" time="0.0"/>
  <testcase name="of node 77 should be 78" classname="com.github.traderjoe95.mls.protocol.tree.TreeMath" time="0.0"/>
  <testcase name="of node 79 should be 87" classname="com.github.traderjoe95.mls.protocol.tree.TreeMath" time="0.001"/>
  <testcase name="of node 81 should be 82" classname="com.github.traderjoe95.mls.protocol.tree.TreeMath" time="0.0"/>
  <testcase name="of node 83 should be 85" classname="com.github.traderjoe95.mls.protocol.tree.TreeMath" time="0.0"/>
  <testcase name="of node 85 should be 86" classname="com.github.traderjoe95.mls.protocol.tree.TreeMath" time="0.0"/>
  <testcase name="of node 87 should be 91" classname="com.github.traderjoe95.mls.protocol.tree.TreeMath" time="0.0"/>
  <testcase name="of node 89 should be 90" classname="com.github.traderjoe95.mls.protocol.tree.TreeMath" time="0.0"/>
  <testcase name="of node 91 should be 93" classname="com.github.traderjoe95.mls.protocol.tree.TreeMath" time="0.0"/>
  <testcase name="of node 93 should be 94" classname="com.github.traderjoe95.mls.protocol.tree.TreeMath" time="0.0"/>
  <testcase name="of node 95 should be 111" classname="com.github.traderjoe95.mls.protocol.tree.TreeMath" time="0.001"/>
  <testcase name="of node 97 should be 98" classname="com.github.traderjoe95.mls.protocol.tree.TreeMath" time="0.0"/>
  <testcase name="of node 99 should be 101" classname="com.github.traderjoe95.mls.protocol.tree.TreeMath" time="0.0"/>
  <testcase name="of node 101 should be 102" classname="com.github.traderjoe95.mls.protocol.tree.TreeMath" time="0.0"/>
  <testcase name="of node 103 should be 107" classname="com.github.traderjoe95.mls.protocol.tree.TreeMath" time="0.0"/>
  <testcase name="of node 105 should be 106" classname="com.github.traderjoe95.mls.protocol.tree.TreeMath" time="0.0"/>
  <testcase name="of node 107 should be 109" classname="com.github.traderjoe95.mls.protocol.tree.TreeMath" time="0.0"/>
  <testcase name="of node 109 should be 110" classname="com.github.traderjoe95.mls.protocol.tree.TreeMath" time="0.0"/>
  <testcase name="of node 111 should be 119" classname="com.github.traderjoe95.mls.protocol.tree.TreeMath" time="0.0"/>
  <testcase name="of node 113 should be 114" classname="com.github.traderjoe95.mls.protocol.tree.TreeMath" time="0.0"/>
  <testcase name="of node 115 should be 117" classname="com.github.traderjoe95.mls.protocol.tree.TreeMath" time="0.0"/>
  <testcase name="of node 117 should be 118" classname="com.github.traderjoe95.mls.protocol.tree.TreeMath" time="0.0"/>
  <testcase name="of node 119 should be 123" classname="com.github.traderjoe95.mls.protocol.tree.TreeMath" time="0.0"/>
  <testcase name="of node 121 should be 122" classname="com.github.traderjoe95.mls.protocol.tree.TreeMath" time="0.0"/>
  <testcase name="of node 123 should be 125" classname="com.github.traderjoe95.mls.protocol.tree.TreeMath" time="0.0"/>
  <testcase name="of node 125 should be 126" classname="com.github.traderjoe95.mls.protocol.tree.TreeMath" time="0.0"/>
  <testcase name="of node 127 should be 191" classname="com.github.traderjoe95.mls.protocol.tree.TreeMath" time="0.0"/>
  <testcase name="of node 129 should be 130" classname="com.github.traderjoe95.mls.protocol.tree.TreeMath" time="0.0"/>
  <testcase name="of node 131 should be 133" classname="com.github.traderjoe95.mls.protocol.tree.TreeMath" time="0.0"/>
  <testcase name="of node 133 should be 134" classname="com.github.traderjoe95.mls.protocol.tree.TreeMath" time="0.0"/>
  <testcase name="of node 135 should be 139" classname="com.github.traderjoe95.mls.protocol.tree.TreeMath" time="0.0"/>
  <testcase name="of node 137 should be 138" classname="com.github.traderjoe95.mls.protocol.tree.TreeMath" time="0.0"/>
  <testcase name="of node 139 should be 141" classname="com.github.traderjoe95.mls.protocol.tree.TreeMath" time="0.0"/>
  <testcase name="of node 141 should be 142" classname="com.github.traderjoe95.mls.protocol.tree.TreeMath" time="0.0"/>
  <testcase name="of node 143 should be 151" classname="com.github.traderjoe95.mls.protocol.tree.TreeMath" time="0.001"/>
  <testcase name="of node 145 should be 146" classname="com.github.traderjoe95.mls.protocol.tree.TreeMath" time="0.0"/>
  <testcase name="of node 147 should be 149" classname="com.github.traderjoe95.mls.protocol.tree.TreeMath" time="0.0"/>
  <testcase name="of node 149 should be 150" classname="com.github.traderjoe95.mls.protocol.tree.TreeMath" time="0.0"/>
  <testcase name="of node 151 should be 155" classname="com.github.traderjoe95.mls.protocol.tree.TreeMath" time="0.0"/>
  <testcase name="of node 153 should be 154" classname="com.github.traderjoe95.mls.protocol.tree.TreeMath" time="0.0"/>
  <testcase name="of node 155 should be 157" classname="com.github.traderjoe95.mls.protocol.tree.TreeMath" time="0.0"/>
  <testcase name="of node 157 should be 158" classname="com.github.traderjoe95.mls.protocol.tree.TreeMath" time="0.0"/>
  <testcase name="of node 159 should be 175" classname="com.github.traderjoe95.mls.protocol.tree.TreeMath" time="0.0"/>
  <testcase name="of node 161 should be 162" classname="com.github.traderjoe95.mls.protocol.tree.TreeMath" time="0.001"/>
  <testcase name="of node 163 should be 165" classname="com.github.traderjoe95.mls.protocol.tree.TreeMath" time="0.0"/>
  <testcase name="of node 165 should be 166" classname="com.github.traderjoe95.mls.protocol.tree.TreeMath" time="0.0"/>
  <testcase name="of node 167 should be 171" classname="com.github.traderjoe95.mls.protocol.tree.TreeMath" time="0.0"/>
  <testcase name="of node 169 should be 170" classname="com.github.traderjoe95.mls.protocol.tree.TreeMath" time="0.0"/>
  <testcase name="of node 171 should be 173" classname="com.github.traderjoe95.mls.protocol.tree.TreeMath" time="0.0"/>
  <testcase name="of node 173 should be 174" classname="com.github.traderjoe95.mls.protocol.tree.TreeMath" time="0.0"/>
  <testcase name="of node 175 should be 183" classname="com.github.traderjoe95.mls.protocol.tree.TreeMath" time="0.0"/>
  <testcase name="of node 177 should be 178" classname="com.github.traderjoe95.mls.protocol.tree.TreeMath" time="0.0"/>
  <testcase name="of node 179 should be 181" classname="com.github.traderjoe95.mls.protocol.tree.TreeMath" time="0.0"/>
  <testcase name="of node 181 should be 182" classname="com.github.traderjoe95.mls.protocol.tree.TreeMath" time="0.0"/>
  <testcase name="of node 183 should be 187" classname="com.github.traderjoe95.mls.protocol.tree.TreeMath" time="0.0"/>
  <testcase name="of node 185 should be 186" classname="com.github.traderjoe95.mls.protocol.tree.TreeMath" time="0.0"/>
  <testcase name="of node 187 should be 189" classname="com.github.traderjoe95.mls.protocol.tree.TreeMath" time="0.0"/>
  <testcase name="of node 189 should be 190" classname="com.github.traderjoe95.mls.protocol.tree.TreeMath" time="0.0"/>
  <testcase name="of node 191 should be 223" classname="com.github.traderjoe95.mls.protocol.tree.TreeMath" time="0.0"/>
  <testcase name="of node 193 should be 194" classname="com.github.traderjoe95.mls.protocol.tree.TreeMath" time="0.0"/>
  <testcase name="of node 195 should be 197" classname="com.github.traderjoe95.mls.protocol.tree.TreeMath" time="0.0"/>
  <testcase name="of node 197 should be 198" classname="com.github.traderjoe95.mls.protocol.tree.TreeMath" time="0.0"/>
  <testcase name="of node 199 should be 203" classname="com.github.traderjoe95.mls.protocol.tree.TreeMath" time="0.0"/>
  <testcase name="of node 201 should be 202" classname="com.github.traderjoe95.mls.protocol.tree.TreeMath" time="0.001"/>
  <testcase name="of node 203 should be 205" classname="com.github.traderjoe95.mls.protocol.tree.TreeMath" time="0.0"/>
  <testcase name="of node 205 should be 206" classname="com.github.traderjoe95.mls.protocol.tree.TreeMath" time="0.0"/>
  <testcase name="of node 207 should be 215" classname="com.github.traderjoe95.mls.protocol.tree.TreeMath" time="0.0"/>
  <testcase name="of node 209 should be 210" classname="com.github.traderjoe95.mls.protocol.tree.TreeMath" time="0.0"/>
  <testcase name="of node 211 should be 213" classname="com.github.traderjoe95.mls.protocol.tree.TreeMath" time="0.0"/>
  <testcase name="of node 213 should be 214" classname="com.github.traderjoe95.mls.protocol.tree.TreeMath" time="0.0"/>
  <testcase name="of node 215 should be 219" classname="com.github.traderjoe95.mls.protocol.tree.TreeMath" time="0.0"/>
  <testcase name="of node 217 should be 218" classname="com.github.traderjoe95.mls.protocol.tree.TreeMath" time="0.0"/>
  <testcase name="of node 219 should be 221" classname="com.github.traderjoe95.mls.protocol.tree.TreeMath" time="0.0"/>
  <testcase name="of node 221 should be 222" classname="com.github.traderjoe95.mls.protocol.tree.TreeMath" time="0.0"/>
  <testcase name="of node 223 should be 239" classname="com.github.traderjoe95.mls.protocol.tree.TreeMath" time="0.0"/>
  <testcase name="of node 225 should be 226" classname="com.github.traderjoe95.mls.protocol.tree.TreeMath" time="0.0"/>
  <testcase name="of node 227 should be 229" classname="com.github.traderjoe95.mls.protocol.tree.TreeMath" time="0.0"/>
  <testcase name="of node 229 should be 230" classname="com.github.traderjoe95.mls.protocol.tree.TreeMath" time="0.0"/>
  <testcase name="of node 231 should be 235" classname="com.github.traderjoe95.mls.protocol.tree.TreeMath" time="0.0"/>
  <testcase name="of node 233 should be 234" classname="com.github.traderjoe95.mls.protocol.tree.TreeMath" time="0.0"/>
  <testcase name="of node 235 should be 237" classname="com.github.traderjoe95.mls.protocol.tree.TreeMath" time="0.0"/>
  <testcase name="of node 237 should be 238" classname="com.github.traderjoe95.mls.protocol.tree.TreeMath" time="0.0"/>
  <testcase name="of node 239 should be 247" classname="com.github.traderjoe95.mls.protocol.tree.TreeMath" time="0.001"/>
  <testcase name="of node 241 should be 242" classname="com.github.traderjoe95.mls.protocol.tree.TreeMath" time="0.0"/>
  <testcase name="of node 243 should be 245" classname="com.github.traderjoe95.mls.protocol.tree.TreeMath" time="0.0"/>
  <testcase name="of node 245 should be 246" classname="com.github.traderjoe95.mls.protocol.tree.TreeMath" time="0.0"/>
  <testcase name="of node 247 should be 251" classname="com.github.traderjoe95.mls.protocol.tree.TreeMath" time="0.0"/>
  <testcase name="of node 249 should be 250" classname="com.github.traderjoe95.mls.protocol.tree.TreeMath" time="0.0"/>
  <testcase name="of node 251 should be 253" classname="com.github.traderjoe95.mls.protocol.tree.TreeMath" time="0.0"/>
  <testcase name="of node 253 should be 254" classname="com.github.traderjoe95.mls.protocol.tree.TreeMath" time="0.0"/>
  <testcase name="of node 255 should be 383" classname="com.github.traderjoe95.mls.protocol.tree.TreeMath" time="0.0"/>
  <testcase name="of node 257 should be 258" classname="com.github.traderjoe95.mls.protocol.tree.TreeMath" time="0.0"/>
  <testcase name="of node 259 should be 261" classname="com.github.traderjoe95.mls.protocol.tree.TreeMath" time="0.0"/>
  <testcase name="of node 261 should be 262" classname="com.github.traderjoe95.mls.protocol.tree.TreeMath" time="0.0"/>
  <testcase name="of node 263 should be 267" classname="com.github.traderjoe95.mls.protocol.tree.TreeMath" time="0.0"/>
  <testcase name="of node 265 should be 266" classname="com.github.traderjoe95.mls.protocol.tree.TreeMath" time="0.0"/>
  <testcase name="of node 267 should be 269" classname="com.github.traderjoe95.mls.protocol.tree.TreeMath" time="0.0"/>
  <testcase name="of node 269 should be 270" classname="com.github.traderjoe95.mls.protocol.tree.TreeMath" time="0.0"/>
  <testcase name="of node 271 should be 279" classname="com.github.traderjoe95.mls.protocol.tree.TreeMath" time="0.0"/>
  <testcase name="of node 273 should be 274" classname="com.github.traderjoe95.mls.protocol.tree.TreeMath" time="0.0"/>
  <testcase name="of node 275 should be 277" classname="com.github.traderjoe95.mls.protocol.tree.TreeMath" time="0.0"/>
  <testcase name="of node 277 should be 278" classname="com.github.traderjoe95.mls.protocol.tree.TreeMath" time="0.001"/>
  <testcase name="of node 279 should be 283" classname="com.github.traderjoe95.mls.protocol.tree.TreeMath" time="0.0"/>
  <testcase name="of node 281 should be 282" classname="com.github.traderjoe95.mls.protocol.tree.TreeMath" time="0.0"/>
  <testcase name="of node 283 should be 285" classname="com.github.traderjoe95.mls.protocol.tree.TreeMath" time="0.0"/>
  <testcase name="of node 285 should be 286" classname="com.github.traderjoe95.mls.protocol.tree.TreeMath" time="0.0"/>
  <testcase name="of node 287 should be 303" classname="com.github.traderjoe95.mls.protocol.tree.TreeMath" time="0.0"/>
  <testcase name="of node 289 should be 290" classname="com.github.traderjoe95.mls.protocol.tree.TreeMath" time="0.0"/>
  <testcase name="of node 291 should be 293" classname="com.github.traderjoe95.mls.protocol.tree.TreeMath" time="0.0"/>
  <testcase name="of node 293 should be 294" classname="com.github.traderjoe95.mls.protocol.tree.TreeMath" time="0.0"/>
  <testcase name="of node 295 should be 299" classname="com.github.traderjoe95.mls.protocol.tree.TreeMath" time="0.0"/>
  <testcase name="of node 297 should be 298" classname="com.github.traderjoe95.mls.protocol.tree.TreeMath" time="0.0"/>
  <testcase name="of node 299 should be 301" classname="com.github.traderjoe95.mls.protocol.tree.TreeMath" time="0.0"/>
  <testcase name="of node 301 should be 302" classname="com.github.traderjoe95.mls.protocol.tree.TreeMath" time="0.0"/>
  <testcase name="of node 303 should be 311" classname="com.github.traderjoe95.mls.protocol.tree.TreeMath" time="0.0"/>
  <testcase name="of node 305 should be 306" classname="com.github.traderjoe95.mls.protocol.tree.TreeMath" time="0.001"/>
  <testcase name="of node 307 should be 309" classname="com.github.traderjoe95.mls.protocol.tree.TreeMath" time="0.0"/>
  <testcase name="of node 309 should be 310" classname="com.github.traderjoe95.mls.protocol.tree.TreeMath" time="0.0"/>
  <testcase name="of node 311 should be 315" classname="com.github.traderjoe95.mls.protocol.tree.TreeMath" time="0.0"/>
  <testcase name="of node 313 should be 314" classname="com.github.traderjoe95.mls.protocol.tree.TreeMath" time="0.0"/>
  <testcase name="of node 315 should be 317" classname="com.github.traderjoe95.mls.protocol.tree.TreeMath" time="0.0"/>
  <testcase name="of node 317 should be 318" classname="com.github.traderjoe95.mls.protocol.tree.TreeMath" time="0.0"/>
  <testcase name="of node 319 should be 351" classname="com.github.traderjoe95.mls.protocol.tree.TreeMath" time="0.0"/>
  <testcase name="of node 321 should be 322" classname="com.github.traderjoe95.mls.protocol.tree.TreeMath" time="0.0"/>
  <testcase name="of node 323 should be 325" classname="com.github.traderjoe95.mls.protocol.tree.TreeMath" time="0.0"/>
  <testcase name="of node 325 should be 326" classname="com.github.traderjoe95.mls.protocol.tree.TreeMath" time="0.0"/>
  <testcase name="of node 327 should be 331" classname="com.github.traderjoe95.mls.protocol.tree.TreeMath" time="0.0"/>
  <testcase name="of node 329 should be 330" classname="com.github.traderjoe95.mls.protocol.tree.TreeMath" time="0.001"/>
  <testcase name="of node 331 should be 333" classname="com.github.traderjoe95.mls.protocol.tree.TreeMath" time="0.0"/>
  <testcase name="of node 333 should be 334" classname="com.github.traderjoe95.mls.protocol.tree.TreeMath" time="0.0"/>
  <testcase name="of node 335 should be 343" classname="com.github.traderjoe95.mls.protocol.tree.TreeMath" time="0.0"/>
  <testcase name="of node 337 should be 338" classname="com.github.traderjoe95.mls.protocol.tree.TreeMath" time="0.0"/>
  <testcase name="of node 339 should be 341" classname="com.github.traderjoe95.mls.protocol.tree.TreeMath" time="0.0"/>
  <testcase name="of node 341 should be 342" classname="com.github.traderjoe95.mls.protocol.tree.TreeMath" time="0.0"/>
  <testcase name="of node 343 should be 347" classname="com.github.traderjoe95.mls.protocol.tree.TreeMath" time="0.0"/>
  <testcase name="of node 345 should be 346" classname="com.github.traderjoe95.mls.protocol.tree.TreeMath" time="0.0"/>
  <testcase name="of node 347 should be 349" classname="com.github.traderjoe95.mls.protocol.tree.TreeMath" time="0.0"/>
  <testcase name="of node 349 should be 350" classname="com.github.traderjoe95.mls.protocol.tree.TreeMath" time="0.0"/>
  <testcase name="of node 351 should be 367" classname="com.github.traderjoe95.mls.protocol.tree.TreeMath" time="0.0"/>
  <testcase name="of node 353 should be 354" classname="com.github.traderjoe95.mls.protocol.tree.TreeMath" time="0.0"/>
  <testcase name="of node 355 should be 357" classname="com.github.traderjoe95.mls.protocol.tree.TreeMath" time="0.0"/>
  <testcase name="of node 357 should be 358" classname="com.github.traderjoe95.mls.protocol.tree.TreeMath" time="0.0"/>
  <testcase name="of node 359 should be 363" classname="com.github.traderjoe95.mls.protocol.tree.TreeMath" time="0.0"/>
  <testcase name="of node 361 should be 362" classname="com.github.traderjoe95.mls.protocol.tree.TreeMath" time="0.0"/>
  <testcase name="of node 363 should be 365" classname="com.github.traderjoe95.mls.protocol.tree.TreeMath" time="0.001"/>
  <testcase name="of node 365 should be 366" classname="com.github.traderjoe95.mls.protocol.tree.TreeMath" time="0.0"/>
  <testcase name="of node 367 should be 375" classname="com.github.traderjoe95.mls.protocol.tree.TreeMath" time="0.0"/>
  <testcase name="of node 369 should be 370" classname="com.github.traderjoe95.mls.protocol.tree.TreeMath" time="0.0"/>
  <testcase name="of node 371 should be 373" classname="com.github.traderjoe95.mls.protocol.tree.TreeMath" time="0.0"/>
  <testcase name="of node 373 should be 374" classname="com.github.traderjoe95.mls.protocol.tree.TreeMath" time="0.0"/>
  <testcase name="of node 375 should be 379" classname="com.github.traderjoe95.mls.protocol.tree.TreeMath" time="0.0"/>
  <testcase name="of node 377 should be 378" classname="com.github.traderjoe95.mls.protocol.tree.TreeMath" time="0.001"/>
  <testcase name="of node 379 should be 381" classname="com.github.traderjoe95.mls.protocol.tree.TreeMath" time="0.0"/>
  <testcase name="of node 381 should be 382" classname="com.github.traderjoe95.mls.protocol.tree.TreeMath" time="0.0"/>
  <testcase name="of node 383 should be 447" classname="com.github.traderjoe95.mls.protocol.tree.TreeMath" time="0.0"/>
  <testcase name="of node 385 should be 386" classname="com.github.traderjoe95.mls.protocol.tree.TreeMath" time="0.0"/>
  <testcase name="of node 387 should be 389" classname="com.github.traderjoe95.mls.protocol.tree.TreeMath" time="0.0"/>
  <testcase name="of node 389 should be 390" classname="com.github.traderjoe95.mls.protocol.tree.TreeMath" time="0.0"/>
  <testcase name="of node 391 should be 395" classname="com.github.traderjoe95.mls.protocol.tree.TreeMath" time="0.001"/>
  <testcase name="of node 393 should be 394" classname="com.github.traderjoe95.mls.protocol.tree.TreeMath" time="0.0"/>
  <testcase name="of node 395 should be 397" classname="com.github.traderjoe95.mls.protocol.tree.TreeMath" time="0.0"/>
  <testcase name="of node 397 should be 398" classname="com.github.traderjoe95.mls.protocol.tree.TreeMath" time="0.0"/>
  <testcase name="of node 399 should be 407" classname="com.github.traderjoe95.mls.protocol.tree.TreeMath" time="0.0"/>
  <testcase name="of node 401 should be 402" classname="com.github.traderjoe95.mls.protocol.tree.TreeMath" time="0.0"/>
  <testcase name="of node 403 should be 405" classname="com.github.traderjoe95.mls.protocol.tree.TreeMath" time="0.0"/>
  <testcase name="of node 405 should be 406" classname="com.github.traderjoe95.mls.protocol.tree.TreeMath" time="0.0"/>
  <testcase name="of node 407 should be 411" classname="com.github.traderjoe95.mls.protocol.tree.TreeMath" time="0.0"/>
  <testcase name="of node 409 should be 410" classname="com.github.traderjoe95.mls.protocol.tree.TreeMath" time="0.001"/>
  <testcase name="of node 411 should be 413" classname="com.github.traderjoe95.mls.protocol.tree.TreeMath" time="0.0"/>
  <testcase name="of node 413 should be 414" classname="com.github.traderjoe95.mls.protocol.tree.TreeMath" time="0.0"/>
  <testcase name="of node 415 should be 431" classname="com.github.traderjoe95.mls.protocol.tree.TreeMath" time="0.0"/>
  <testcase name="of node 417 should be 418" classname="com.github.traderjoe95.mls.protocol.tree.TreeMath" time="0.0"/>
  <testcase name="of node 419 should be 421" classname="com.github.traderjoe95.mls.protocol.tree.TreeMath" time="0.0"/>
  <testcase name="of node 421 should be 422" classname="com.github.traderjoe95.mls.protocol.tree.TreeMath" time="0.0"/>
  <testcase name="of node 423 should be 427" classname="com.github.traderjoe95.mls.protocol.tree.TreeMath" time="0.0"/>
  <testcase name="of node 425 should be 426" classname="com.github.traderjoe95.mls.protocol.tree.TreeMath" time="0.0"/>
  <testcase name="of node 427 should be 429" classname="com.github.traderjoe95.mls.protocol.tree.TreeMath" time="0.0"/>
  <testcase name="of node 429 should be 430" classname="com.github.traderjoe95.mls.protocol.tree.TreeMath" time="0.0"/>
  <testcase name="of node 431 should be 439" classname="com.github.traderjoe95.mls.protocol.tree.TreeMath" time="0.0"/>
  <testcase name="of node 433 should be 434" classname="com.github.traderjoe95.mls.protocol.tree.TreeMath" time="0.0"/>
  <testcase name="of node 435 should be 437" classname="com.github.traderjoe95.mls.protocol.tree.TreeMath" time="0.0"/>
  <testcase name="of node 437 should be 438" classname="com.github.traderjoe95.mls.protocol.tree.TreeMath" time="0.001"/>
  <testcase name="of node 439 should be 443" classname="com.github.traderjoe95.mls.protocol.tree.TreeMath" time="0.0"/>
  <testcase name="of node 441 should be 442" classname="com.github.traderjoe95.mls.protocol.tree.TreeMath" time="0.0"/>
  <testcase name="of node 443 should be 445" classname="com.github.traderjoe95.mls.protocol.tree.TreeMath" time="0.0"/>
  <testcase name="of node 445 should be 446" classname="com.github.traderjoe95.mls.protocol.tree.TreeMath" time="0.0"/>
  <testcase name="of node 447 should be 479" classname="com.github.traderjoe95.mls.protocol.tree.TreeMath" time="0.0"/>
  <testcase name="of node 449 should be 450" classname="com.github.traderjoe95.mls.protocol.tree.TreeMath" time="0.0"/>
  <testcase name="of node 451 should be 453" classname="com.github.traderjoe95.mls.protocol.tree.TreeMath" time="0.0"/>
  <testcase name="of node 453 should be 454" classname="com.github.traderjoe95.mls.protocol.tree.TreeMath" time="0.0"/>
  <testcase name="of node 455 should be 459" classname="com.github.traderjoe95.mls.protocol.tree.TreeMath" time="0.0"/>
  <testcase name="of node 457 should be 458" classname="com.github.traderjoe95.mls.protocol.tree.TreeMath" time="0.0"/>
  <testcase name="of node 459 should be 461" classname="com.github.traderjoe95.mls.protocol.tree.TreeMath" time="0.0"/>
  <testcase name="of node 461 should be 462" classname="com.github.traderjoe95.mls.protocol.tree.TreeMath" time="0.0"/>
  <testcase name="of node 463 should be 471" classname="com.github.traderjoe95.mls.protocol.tree.TreeMath" time="0.0"/>
  <testcase name="of node 465 should be 466" classname="com.github.traderjoe95.mls.protocol.tree.TreeMath" time="0.0"/>
  <testcase name="of node 467 should be 469" classname="com.github.traderjoe95.mls.protocol.tree.TreeMath" time="0.0"/>
  <testcase name="of node 469 should be 470" classname="com.github.traderjoe95.mls.protocol.tree.TreeMath" time="0.0"/>
  <testcase name="of node 471 should be 475" classname="com.github.traderjoe95.mls.protocol.tree.TreeMath" time="0.001"/>
  <testcase name="of node 473 should be 474" classname="com.github.traderjoe95.mls.protocol.tree.TreeMath" time="0.0"/>
  <testcase name="of node 475 should be 477" classname="com.github.traderjoe95.mls.protocol.tree.TreeMath" time="0.0"/>
  <testcase name="of node 477 should be 478" classname="com.github.traderjoe95.mls.protocol.tree.TreeMath" time="0.0"/>
  <testcase name="of node 479 should be 495" classname="com.github.traderjoe95.mls.protocol.tree.TreeMath" time="0.0"/>
  <testcase name="of node 481 should be 482" classname="com.github.traderjoe95.mls.protocol.tree.TreeMath" time="0.0"/>
  <testcase name="of node 483 should be 485" classname="com.github.traderjoe95.mls.protocol.tree.TreeMath" time="0.0"/>
  <testcase name="of node 485 should be 486" classname="com.github.traderjoe95.mls.protocol.tree.TreeMath" time="0.0"/>
  <testcase name="of node 487 should be 491" classname="com.github.traderjoe95.mls.protocol.tree.TreeMath" time="0.0"/>
  <testcase name="of node 489 should be 490" classname="com.github.traderjoe95.mls.protocol.tree.TreeMath" time="0.0"/>
  <testcase name="of node 491 should be 493" classname="com.github.traderjoe95.mls.protocol.tree.TreeMath" time="0.0"/>
  <testcase name="of node 493 should be 494" classname="com.github.traderjoe95.mls.protocol.tree.TreeMath" time="0.0"/>
  <testcase name="of node 495 should be 503" classname="com.github.traderjoe95.mls.protocol.tree.TreeMath" time="0.0"/>
  <testcase name="of node 497 should be 498" classname="com.github.traderjoe95.mls.protocol.tree.TreeMath" time="0.001"/>
  <testcase name="of node 499 should be 501" classname="com.github.traderjoe95.mls.protocol.tree.TreeMath" time="0.0"/>
  <testcase name="of node 501 should be 502" classname="com.github.traderjoe95.mls.protocol.tree.TreeMath" time="0.0"/>
  <testcase name="of node 503 should be 507" classname="com.github.traderjoe95.mls.protocol.tree.TreeMath" time="0.0"/>
  <testcase name="of node 505 should be 506" classname="com.github.traderjoe95.mls.protocol.tree.TreeMath" time="0.0"/>
  <testcase name="of node 507 should be 509" classname="com.github.traderjoe95.mls.protocol.tree.TreeMath" time="0.0"/>
  <testcase name="of node 509 should be 510" classname="com.github.traderjoe95.mls.protocol.tree.TreeMath" time="0.0"/>
  <testcase name="of node 0 should be 1" classname="com.github.traderjoe95.mls.protocol.tree.TreeMath" time="0.0"/>
  <testcase name="of node 1 should be 3" classname="com.github.traderjoe95.mls.protocol.tree.TreeMath" time="0.0"/>
  <testcase name="of node 2 should be 1" classname="com.github.traderjoe95.mls.protocol.tree.TreeMath" time="0.0"/>
  <testcase name="of node 3 should be 7" classname="com.github.traderjoe95.mls.protocol.tree.TreeMath" time="0.0"/>
  <testcase name="of node 4 should be 5" classname="com.github.traderjoe95.mls.protocol.tree.TreeMath" time="0.0"/>
  <testcase name="of node 5 should be 3" classname="com.github.traderjoe95.mls.protocol.tree.TreeMath" time="0.0"/>
  <testcase name="of node 6 should be 5" classname="com.github.traderjoe95.mls.protocol.tree.TreeMath" time="0.0"/>
  <testcase name="of node 7 should be 15" classname="com.github.traderjoe95.mls.protocol.tree.TreeMath" time="0.0"/>
  <testcase name="of node 8 should be 9" classname="com.github.traderjoe95.mls.protocol.tree.TreeMath" time="0.0"/>
  <testcase name="of node 9 should be 11" classname="com.github.traderjoe95.mls.protocol.tree.TreeMath" time="0.001"/>
  <testcase name="of node 10 should be 9" classname="com.github.traderjoe95.mls.protocol.tree.TreeMath" time="0.0"/>
  <testcase name="of node 11 should be 7" classname="com.github.traderjoe95.mls.protocol.tree.TreeMath" time="0.0"/>
  <testcase name="of node 12 should be 13" classname="com.github.traderjoe95.mls.protocol.tree.TreeMath" time="0.0"/>
  <testcase name="of node 13 should be 11" classname="com.github.traderjoe95.mls.protocol.tree.TreeMath" time="0.0"/>
  <testcase name="of node 14 should be 13" classname="com.github.traderjoe95.mls.protocol.tree.TreeMath" time="0.0"/>
  <testcase name="of node 15 should be 31" classname="com.github.traderjoe95.mls.protocol.tree.TreeMath" time="0.0"/>
  <testcase name="of node 16 should be 17" classname="com.github.traderjoe95.mls.protocol.tree.TreeMath" time="0.0"/>
  <testcase name="of node 17 should be 19" classname="com.github.traderjoe95.mls.protocol.tree.TreeMath" time="0.0"/>
  <testcase name="of node 18 should be 17" classname="com.github.traderjoe95.mls.protocol.tree.TreeMath" time="0.0"/>
  <testcase name="of node 19 should be 23" classname="com.github.traderjoe95.mls.protocol.tree.TreeMath" time="0.0"/>
  <testcase name="of node 20 should be 21" classname="com.github.traderjoe95.mls.protocol.tree.TreeMath" time="0.0"/>
  <testcase name="of node 21 should be 19" classname="com.github.traderjoe95.mls.protocol.tree.TreeMath" time="0.0"/>
  <testcase name="of node 22 should be 21" classname="com.github.traderjoe95.mls.protocol.tree.TreeMath" time="0.0"/>
  <testcase name="of node 23 should be 15" classname="com.github.traderjoe95.mls.protocol.tree.TreeMath" time="0.0"/>
  <testcase name="of node 24 should be 25" classname="com.github.traderjoe95.mls.protocol.tree.TreeMath" time="0.0"/>
  <testcase name="of node 25 should be 27" classname="com.github.traderjoe95.mls.protocol.tree.TreeMath" time="0.0"/>
  <testcase name="of node 26 should be 25" classname="com.github.traderjoe95.mls.protocol.tree.TreeMath" time="0.0"/>
  <testcase name="of node 27 should be 23" classname="com.github.traderjoe95.mls.protocol.tree.TreeMath" time="0.0"/>
  <testcase name="of node 28 should be 29" classname="com.github.traderjoe95.mls.protocol.tree.TreeMath" time="0.0"/>
  <testcase name="of node 29 should be 27" classname="com.github.traderjoe95.mls.protocol.tree.TreeMath" time="0.0"/>
  <testcase name="of node 30 should be 29" classname="com.github.traderjoe95.mls.protocol.tree.TreeMath" time="0.0"/>
  <testcase name="of node 31 should be 63" classname="com.github.traderjoe95.mls.protocol.tree.TreeMath" time="0.0"/>
  <testcase name="of node 32 should be 33" classname="com.github.traderjoe95.mls.protocol.tree.TreeMath" time="0.0"/>
  <testcase name="of node 33 should be 35" classname="com.github.traderjoe95.mls.protocol.tree.TreeMath" time="0.0"/>
  <testcase name="of node 34 should be 33" classname="com.github.traderjoe95.mls.protocol.tree.TreeMath" time="0.0"/>
  <testcase name="of node 35 should be 39" classname="com.github.traderjoe95.mls.protocol.tree.TreeMath" time="0.0"/>
  <testcase name="of node 36 should be 37" classname="com.github.traderjoe95.mls.protocol.tree.TreeMath" time="0.0"/>
  <testcase name="of node 37 should be 35" classname="com.github.traderjoe95.mls.protocol.tree.TreeMath" time="0.0"/>
  <testcase name="of node 38 should be 37" classname="com.github.traderjoe95.mls.protocol.tree.TreeMath" time="0.0"/>
  <testcase name="of node 39 should be 47" classname="com.github.traderjoe95.mls.protocol.tree.TreeMath" time="0.001"/>
  <testcase name="of node 40 should be 41" classname="com.github.traderjoe95.mls.protocol.tree.TreeMath" time="0.0"/>
  <testcase name="of node 41 should be 43" classname="com.github.traderjoe95.mls.protocol.tree.TreeMath" time="0.0"/>
  <testcase name="of node 42 should be 41" classname="com.github.traderjoe95.mls.protocol.tree.TreeMath" time="0.001"/>
  <testcase name="of node 43 should be 39" classname="com.github.traderjoe95.mls.protocol.tree.TreeMath" time="0.0"/>
  <testcase name="of node 44 should be 45" classname="com.github.traderjoe95.mls.protocol.tree.TreeMath" time="0.0"/>
  <testcase name="of node 45 should be 43" classname="com.github.traderjoe95.mls.protocol.tree.TreeMath" time="0.001"/>
  <testcase name="of node 46 should be 45" classname="com.github.traderjoe95.mls.protocol.tree.TreeMath" time="0.0"/>
  <testcase name="of node 47 should be 31" classname="com.github.traderjoe95.mls.protocol.tree.TreeMath" time="0.0"/>
  <testcase name="of node 48 should be 49" classname="com.github.traderjoe95.mls.protocol.tree.TreeMath" time="0.0"/>
  <testcase name="of node 49 should be 51" classname="com.github.traderjoe95.mls.protocol.tree.TreeMath" time="0.0"/>
  <testcase name="of node 50 should be 49" classname="com.github.traderjoe95.mls.protocol.tree.TreeMath" time="0.0"/>
  <testcase name="of node 51 should be 55" classname="com.github.traderjoe95.mls.protocol.tree.TreeMath" time="0.0"/>
  <testcase name="of node 52 should be 53" classname="com.github.traderjoe95.mls.protocol.tree.TreeMath" time="0.0"/>
  <testcase name="of node 53 should be 51" classname="com.github.traderjoe95.mls.protocol.tree.TreeMath" time="0.0"/>
  <testcase name="of node 54 should be 53" classname="com.github.traderjoe95.mls.protocol.tree.TreeMath" time="0.0"/>
  <testcase name="of node 55 should be 47" classname="com.github.traderjoe95.mls.protocol.tree.TreeMath" time="0.0"/>
  <testcase name="of node 56 should be 57" classname="com.github.traderjoe95.mls.protocol.tree.TreeMath" time="0.0"/>
  <testcase name="of node 57 should be 59" classname="com.github.traderjoe95.mls.protocol.tree.TreeMath" time="0.0"/>
  <testcase name="of node 58 should be 57" classname="com.github.traderjoe95.mls.protocol.tree.TreeMath" time="0.0"/>
  <testcase name="of node 59 should be 55" classname="com.github.traderjoe95.mls.protocol.tree.TreeMath" time="0.0"/>
  <testcase name="of node 60 should be 61" classname="com.github.traderjoe95.mls.protocol.tree.TreeMath" time="0.0"/>
  <testcase name="of node 61 should be 59" classname="com.github.traderjoe95.mls.protocol.tree.TreeMath" time="0.0"/>
  <testcase name="of node 62 should be 61" classname="com.github.traderjoe95.mls.protocol.tree.TreeMath" time="0.0"/>
  <testcase name="of node 63 should be 127" classname="com.github.traderjoe95.mls.protocol.tree.TreeMath" time="0.0"/>
  <testcase name="of node 64 should be 65" classname="com.github.traderjoe95.mls.protocol.tree.TreeMath" time="0.0"/>
  <testcase name="of node 65 should be 67" classname="com.github.traderjoe95.mls.protocol.tree.TreeMath" time="0.0"/>
  <testcase name="of node 66 should be 65" classname="com.github.traderjoe95.mls.protocol.tree.TreeMath" time="0.0"/>
  <testcase name="of node 67 should be 71" classname="com.github.traderjoe95.mls.protocol.tree.TreeMath" time="0.0"/>
  <testcase name="of node 68 should be 69" classname="com.github.traderjoe95.mls.protocol.tree.TreeMath" time="0.0"/>
  <testcase name="of node 69 should be 67" classname="com.github.traderjoe95.mls.protocol.tree.TreeMath" time="0.0"/>
  <testcase name="of node 70 should be 69" classname="com.github.traderjoe95.mls.protocol.tree.TreeMath" time="0.0"/>
  <testcase name="of node 71 should be 79" classname="com.github.traderjoe95.mls.protocol.tree.TreeMath" time="0.0"/>
  <testcase name="of node 72 should be 73" classname="com.github.traderjoe95.mls.protocol.tree.TreeMath" time="0.0"/>
  <testcase name="of node 73 should be 75" classname="com.github.traderjoe95.mls.protocol.tree.TreeMath" time="0.0"/>
  <testcase name="of node 74 should be 73" classname="com.github.traderjoe95.mls.protocol.tree.TreeMath" time="0.0"/>
  <testcase name="of node 75 should be 71" classname="com.github.traderjoe95.mls.protocol.tree.TreeMath" time="0.0"/>
  <testcase name="of node 76 should be 77" classname="com.github.traderjoe95.mls.protocol.tree.TreeMath" time="0.0"/>
  <testcase name="of node 77 should be 75" classname="com.github.traderjoe95.mls.protocol.tree.TreeMath" time="0.0"/>
  <testcase name="of node 78 should be 77" classname="com.github.traderjoe95.mls.protocol.tree.TreeMath" time="0.0"/>
  <testcase name="of node 79 should be 95" classname="com.github.traderjoe95.mls.protocol.tree.TreeMath" time="0.001"/>
  <testcase name="of node 80 should be 81" classname="com.github.traderjoe95.mls.protocol.tree.TreeMath" time="0.0"/>
  <testcase name="of node 81 should be 83" classname="com.github.traderjoe95.mls.protocol.tree.TreeMath" time="0.0"/>
  <testcase name="of node 82 should be 81" classname="com.github.traderjoe95.mls.protocol.tree.TreeMath" time="0.0"/>
  <testcase name="of node 83 should be 87" classname="com.github.traderjoe95.mls.protocol.tree.TreeMath" time="0.0"/>
  <testcase name="of node 84 should be 85" classname="com.github.traderjoe95.mls.protocol.tree.TreeMath" time="0.0"/>
  <testcase name="of node 85 should be 83" classname="com.github.traderjoe95.mls.protocol.tree.TreeMath" time="0.0"/>
  <testcase name="of node 86 should be 85" classname="com.github.traderjoe95.mls.protocol.tree.TreeMath" time="0.0"/>
  <testcase name="of node 87 should be 79" classname="com.github.traderjoe95.mls.protocol.tree.TreeMath" time="0.0"/>
  <testcase name="of node 88 should be 89" classname="com.github.traderjoe95.mls.protocol.tree.TreeMath" time="0.0"/>
  <testcase name="of node 89 should be 91" classname="com.github.traderjoe95.mls.protocol.tree.TreeMath" time="0.0"/>
  <testcase name="of node 90 should be 89" classname="com.github.traderjoe95.mls.protocol.tree.TreeMath" time="0.0"/>
  <testcase name="of node 91 should be 87" classname="com.github.traderjoe95.mls.protocol.tree.TreeMath" time="0.0"/>
  <testcase name="of node 92 should be 93" classname="com.github.traderjoe95.mls.protocol.tree.TreeMath" time="0.0"/>
  <testcase name="of node 93 should be 91" classname="com.github.traderjoe95.mls.protocol.tree.TreeMath" time="0.0"/>
  <testcase name="of node 94 should be 93" classname="com.github.traderjoe95.mls.protocol.tree.TreeMath" time="0.0"/>
  <testcase name="of node 95 should be 63" classname="com.github.traderjoe95.mls.protocol.tree.TreeMath" time="0.0"/>
  <testcase name="of node 96 should be 97" classname="com.github.traderjoe95.mls.protocol.tree.TreeMath" time="0.0"/>
  <testcase name="of node 97 should be 99" classname="com.github.traderjoe95.mls.protocol.tree.TreeMath" time="0.0"/>
  <testcase name="of node 98 should be 97" classname="com.github.traderjoe95.mls.protocol.tree.TreeMath" time="0.0"/>
  <testcase name="of node 99 should be 103" classname="com.github.traderjoe95.mls.protocol.tree.TreeMath" time="0.0"/>
  <testcase name="of node 100 should be 101" classname="com.github.traderjoe95.mls.protocol.tree.TreeMath" time="0.0"/>
  <testcase name="of node 101 should be 99" classname="com.github.traderjoe95.mls.protocol.tree.TreeMath" time="0.0"/>
  <testcase name="of node 102 should be 101" classname="com.github.traderjoe95.mls.protocol.tree.TreeMath" time="0.0"/>
  <testcase name="of node 103 should be 111" classname="com.github.traderjoe95.mls.protocol.tree.TreeMath" time="0.0"/>
  <testcase name="of node 104 should be 105" classname="com.github.traderjoe95.mls.protocol.tree.TreeMath" time="0.0"/>
  <testcase name="of node 105 should be 107" classname="com.github.traderjoe95.mls.protocol.tree.TreeMath" time="0.0"/>
  <testcase name="of node 106 should be 105" classname="com.github.traderjoe95.mls.protocol.tree.TreeMath" time="0.0"/>
  <testcase name="of node 107 should be 103" classname="com.github.traderjoe95.mls.protocol.tree.TreeMath" time="0.0"/>
  <testcase name="of node 108 should be 109" classname="com.github.traderjoe95.mls.protocol.tree.TreeMath" time="0.0"/>
  <testcase name="of node 109 should be 107" classname="com.github.traderjoe95.mls.protocol.tree.TreeMath" time="0.0"/>
  <testcase name="of node 110 should be 109" classname="com.github.traderjoe95.mls.protocol.tree.TreeMath" time="0.0"/>
  <testcase name="of node 111 should be 95" classname="com.github.traderjoe95.mls.protocol.tree.TreeMath" time="0.0"/>
  <testcase name="of node 112 should be 113" classname="com.github.traderjoe95.mls.protocol.tree.TreeMath" time="0.0"/>
  <testcase name="of node 113 should be 115" classname="com.github.traderjoe95.mls.protocol.tree.TreeMath" time="0.0"/>
  <testcase name="of node 114 should be 113" classname="com.github.traderjoe95.mls.protocol.tree.TreeMath" time="0.0"/>
  <testcase name="of node 115 should be 119" classname="com.github.traderjoe95.mls.protocol.tree.TreeMath" time="0.0"/>
  <testcase name="of node 116 should be 117" classname="com.github.traderjoe95.mls.protocol.tree.TreeMath" time="0.0"/>
  <testcase name="of node 117 should be 115" classname="com.github.traderjoe95.mls.protocol.tree.TreeMath" time="0.0"/>
  <testcase name="of node 118 should be 117" classname="com.github.traderjoe95.mls.protocol.tree.TreeMath" time="0.0"/>
  <testcase name="of node 119 should be 111" classname="com.github.traderjoe95.mls.protocol.tree.TreeMath" time="0.0"/>
  <testcase name="of node 120 should be 121" classname="com.github.traderjoe95.mls.protocol.tree.TreeMath" time="0.0"/>
  <testcase name="of node 121 should be 123" classname="com.github.traderjoe95.mls.protocol.tree.TreeMath" time="0.0"/>
  <testcase name="of node 122 should be 121" classname="com.github.traderjoe95.mls.protocol.tree.TreeMath" time="0.0"/>
  <testcase name="of node 123 should be 119" classname="com.github.traderjoe95.mls.protocol.tree.TreeMath" time="0.0"/>
  <testcase name="of node 124 should be 125" classname="com.github.traderjoe95.mls.protocol.tree.TreeMath" time="0.0"/>
  <testcase name="of node 125 should be 123" classname="com.github.traderjoe95.mls.protocol.tree.TreeMath" time="0.0"/>
  <testcase name="of node 126 should be 125" classname="com.github.traderjoe95.mls.protocol.tree.TreeMath" time="0.0"/>
  <testcase name="of node 127 should be 255" classname="com.github.traderjoe95.mls.protocol.tree.TreeMath" time="0.0"/>
  <testcase name="of node 128 should be 129" classname="com.github.traderjoe95.mls.protocol.tree.TreeMath" time="0.0"/>
  <testcase name="of node 129 should be 131" classname="com.github.traderjoe95.mls.protocol.tree.TreeMath" time="0.0"/>
  <testcase name="of node 130 should be 129" classname="com.github.traderjoe95.mls.protocol.tree.TreeMath" time="0.001"/>
  <testcase name="of node 131 should be 135" classname="com.github.traderjoe95.mls.protocol.tree.TreeMath" time="0.0"/>
  <testcase name="of node 132 should be 133" classname="com.github.traderjoe95.mls.protocol.tree.TreeMath" time="0.0"/>
  <testcase name="of node 133 should be 131" classname="com.github.traderjoe95.mls.protocol.tree.TreeMath" time="0.0"/>
  <testcase name="of node 134 should be 133" classname="com.github.traderjoe95.mls.protocol.tree.TreeMath" time="0.0"/>
  <testcase name="of node 135 should be 143" classname="com.github.traderjoe95.mls.protocol.tree.TreeMath" time="0.0"/>
  <testcase name="of node 136 should be 137" classname="com.github.traderjoe95.mls.protocol.tree.TreeMath" time="0.0"/>
  <testcase name="of node 137 should be 139" classname="com.github.traderjoe95.mls.protocol.tree.TreeMath" time="0.0"/>
  <testcase name="of node 138 should be 137" classname="com.github.traderjoe95.mls.protocol.tree.TreeMath" time="0.0"/>
  <testcase name="of node 139 should be 135" classname="com.github.traderjoe95.mls.protocol.tree.TreeMath" time="0.0"/>
  <testcase name="of node 140 should be 141" classname="com.github.traderjoe95.mls.protocol.tree.TreeMath" time="0.0"/>
  <testcase name="of node 141 should be 139" classname="com.github.traderjoe95.mls.protocol.tree.TreeMath" time="0.0"/>
  <testcase name="of node 142 should be 141" classname="com.github.traderjoe95.mls.protocol.tree.TreeMath" time="0.0"/>
  <testcase name="of node 143 should be 159" classname="com.github.traderjoe95.mls.protocol.tree.TreeMath" time="0.0"/>
  <testcase name="of node 144 should be 145" classname="com.github.traderjoe95.mls.protocol.tree.TreeMath" time="0.0"/>
  <testcase name="of node 145 should be 147" classname="com.github.traderjoe95.mls.protocol.tree.TreeMath" time="0.0"/>
  <testcase name="of node 146 should be 145" classname="com.github.traderjoe95.mls.protocol.tree.TreeMath" time="0.0"/>
  <testcase name="of node 147 should be 151" classname="com.github.traderjoe95.mls.protocol.tree.TreeMath" time="0.0"/>
  <testcase name="of node 148 should be 149" classname="com.github.traderjoe95.mls.protocol.tree.TreeMath" time="0.0"/>
  <testcase name="of node 149 should be 147" classname="com.github.traderjoe95.mls.protocol.tree.TreeMath" time="0.0"/>
  <testcase name="of node 150 should be 149" classname="com.github.traderjoe95.mls.protocol.tree.TreeMath" time="0.0"/>
  <testcase name="of node 151 should be 143" classname="com.github.traderjoe95.mls.protocol.tree.TreeMath" time="0.0"/>
  <testcase name="of node 152 should be 153" classname="com.github.traderjoe95.mls.protocol.tree.TreeMath" time="0.0"/>
  <testcase name="of node 153 should be 155" classname="com.github.traderjoe95.mls.protocol.tree.TreeMath" time="0.0"/>
  <testcase name="of node 154 should be 153" classname="com.github.traderjoe95.mls.protocol.tree.TreeMath" time="0.0"/>
  <testcase name="of node 155 should be 151" classname="com.github.traderjoe95.mls.protocol.tree.TreeMath" time="0.0"/>
  <testcase name="of node 156 should be 157" classname="com.github.traderjoe95.mls.protocol.tree.TreeMath" time="0.0"/>
  <testcase name="of node 157 should be 155" classname="com.github.traderjoe95.mls.protocol.tree.TreeMath" time="0.0"/>
  <testcase name="of node 158 should be 157" classname="com.github.traderjoe95.mls.protocol.tree.TreeMath" time="0.0"/>
  <testcase name="of node 159 should be 191" classname="com.github.traderjoe95.mls.protocol.tree.TreeMath" time="0.0"/>
  <testcase name="of node 160 should be 161" classname="com.github.traderjoe95.mls.protocol.tree.TreeMath" time="0.0"/>
  <testcase name="of node 161 should be 163" classname="com.github.traderjoe95.mls.protocol.tree.TreeMath" time="0.0"/>
  <testcase name="of node 162 should be 161" classname="com.github.traderjoe95.mls.protocol.tree.TreeMath" time="0.0"/>
  <testcase name="of node 163 should be 167" classname="com.github.traderjoe95.mls.protocol.tree.TreeMath" time="0.0"/>
  <testcase name="of node 164 should be 165" classname="com.github.traderjoe95.mls.protocol.tree.TreeMath" time="0.0"/>
  <testcase name="of node 165 should be 163" classname="com.github.traderjoe95.mls.protocol.tree.TreeMath" time="0.0"/>
  <testcase name="of node 166 should be 165" classname="com.github.traderjoe95.mls.protocol.tree.TreeMath" time="0.001"/>
  <testcase name="of node 167 should be 175" classname="com.github.traderjoe95.mls.protocol.tree.TreeMath" time="0.0"/>
  <testcase name="of node 168 should be 169" classname="com.github.traderjoe95.mls.protocol.tree.TreeMath" time="0.001"/>
  <testcase name="of node 169 should be 171" classname="com.github.traderjoe95.mls.protocol.tree.TreeMath" time="0.0"/>
  <testcase name="of node 170 should be 169" classname="com.github.traderjoe95.mls.protocol.tree.TreeMath" time="0.001"/>
  <testcase name="of node 171 should be 167" classname="com.github.traderjoe95.mls.protocol.tree.TreeMath" time="0.0"/>
  <testcase name="of node 172 should be 173" classname="com.github.traderjoe95.mls.protocol.tree.TreeMath" time="0.0"/>
  <testcase name="of node 173 should be 171" classname="com.github.traderjoe95.mls.protocol.tree.TreeMath" time="0.0"/>
  <testcase name="of node 174 should be 173" classname="com.github.traderjoe95.mls.protocol.tree.TreeMath" time="0.0"/>
  <testcase name="of node 175 should be 159" classname="com.github.traderjoe95.mls.protocol.tree.TreeMath" time="0.0"/>
  <testcase name="of node 176 should be 177" classname="com.github.traderjoe95.mls.protocol.tree.TreeMath" time="0.0"/>
  <testcase name="of node 177 should be 179" classname="com.github.traderjoe95.mls.protocol.tree.TreeMath" time="0.0"/>
  <testcase name="of node 178 should be 177" classname="com.github.traderjoe95.mls.protocol.tree.TreeMath" time="0.0"/>
  <testcase name="of node 179 should be 183" classname="com.github.traderjoe95.mls.protocol.tree.TreeMath" time="0.0"/>
  <testcase name="of node 180 should be 181" classname="com.github.traderjoe95.mls.protocol.tree.TreeMath" time="0.0"/>
  <testcase name="of node 181 should be 179" classname="com.github.traderjoe95.mls.protocol.tree.TreeMath" time="0.0"/>
  <testcase name="of node 182 should be 181" classname="com.github.traderjoe95.mls.protocol.tree.TreeMath" time="0.0"/>
  <testcase name="of node 183 should be 175" classname="com.github.traderjoe95.mls.protocol.tree.TreeMath" time="0.0"/>
  <testcase name="of node 184 should be 185" classname="com.github.traderjoe95.mls.protocol.tree.TreeMath" time="0.0"/>
  <testcase name="of node 185 should be 187" classname="com.github.traderjoe95.mls.protocol.tree.TreeMath" time="0.0"/>
  <testcase name="of node 186 should be 185" classname="com.github.traderjoe95.mls.protocol.tree.TreeMath" time="0.001"/>
  <testcase name="of node 187 should be 183" classname="com.github.traderjoe95.mls.protocol.tree.TreeMath" time="0.0"/>
  <testcase name="of node 188 should be 189" classname="com.github.traderjoe95.mls.protocol.tree.TreeMath" time="0.001"/>
  <testcase name="of node 189 should be 187" classname="com.github.traderjoe95.mls.protocol.tree.TreeMath" time="0.0"/>
  <testcase name="of node 190 should be 189" classname="com.github.traderjoe95.mls.protocol.tree.TreeMath" time="0.0"/>
  <testcase name="of node 191 should be 127" classname="com.github.traderjoe95.mls.protocol.tree.TreeMath" time="0.0"/>
  <testcase name="of node 192 should be 193" classname="com.github.traderjoe95.mls.protocol.tree.TreeMath" time="0.0"/>
  <testcase name="of node 193 should be 195" classname="com.github.traderjoe95.mls.protocol.tree.TreeMath" time="0.0"/>
  <testcase name="of node 194 should be 193" classname="com.github.traderjoe95.mls.protocol.tree.TreeMath" time="0.0"/>
  <testcase name="of node 195 should be 199" classname="com.github.traderjoe95.mls.protocol.tree.TreeMath" time="0.0"/>
  <testcase name="of node 196 should be 197" classname="com.github.traderjoe95.mls.protocol.tree.TreeMath" time="0.0"/>
  <testcase name="of node 197 should be 195" classname="com.github.traderjoe95.mls.protocol.tree.TreeMath" time="0.001"/>
  <testcase name="of node 198 should be 197" classname="com.github.traderjoe95.mls.protocol.tree.TreeMath" time="0.0"/>
  <testcase name="of node 199 should be 207" classname="com.github.traderjoe95.mls.protocol.tree.TreeMath" time="0.001"/>
  <testcase name="of node 200 should be 201" classname="com.github.traderjoe95.mls.protocol.tree.TreeMath" time="0.0"/>
  <testcase name="of node 201 should be 203" classname="com.github.traderjoe95.mls.protocol.tree.TreeMath" time="0.0"/>
  <testcase name="of node 202 should be 201" classname="com.github.traderjoe95.mls.protocol.tree.TreeMath" time="0.0"/>
  <testcase name="of node 203 should be 199" classname="com.github.traderjoe95.mls.protocol.tree.TreeMath" time="0.0"/>
  <testcase name="of node 204 should be 205" classname="com.github.traderjoe95.mls.protocol.tree.TreeMath" time="0.0"/>
  <testcase name="of node 205 should be 203" classname="com.github.traderjoe95.mls.protocol.tree.TreeMath" time="0.0"/>
  <testcase name="of node 206 should be 205" classname="com.github.traderjoe95.mls.protocol.tree.TreeMath" time="0.0"/>
  <testcase name="of node 207 should be 223" classname="com.github.traderjoe95.mls.protocol.tree.TreeMath" time="0.0"/>
  <testcase name="of node 208 should be 209" classname="com.github.traderjoe95.mls.protocol.tree.TreeMath" time="0.0"/>
  <testcase name="of node 209 should be 211" classname="com.github.traderjoe95.mls.protocol.tree.TreeMath" time="0.0"/>
  <testcase name="of node 210 should be 209" classname="com.github.traderjoe95.mls.protocol.tree.TreeMath" time="0.0"/>
  <testcase name="of node 211 should be 215" classname="com.github.traderjoe95.mls.protocol.tree.TreeMath" time="0.0"/>
  <testcase name="of node 212 should be 213" classname="com.github.traderjoe95.mls.protocol.tree.TreeMath" time="0.0"/>
  <testcase name="of node 213 should be 211" classname="com.github.traderjoe95.mls.protocol.tree.TreeMath" time="0.0"/>
  <testcase name="of node 214 should be 213" classname="com.github.traderjoe95.mls.protocol.tree.TreeMath" time="0.0"/>
  <testcase name="of node 215 should be 207" classname="com.github.traderjoe95.mls.protocol.tree.TreeMath" time="0.0"/>
  <testcase name="of node 216 should be 217" classname="com.github.traderjoe95.mls.protocol.tree.TreeMath" time="0.0"/>
  <testcase name="of node 217 should be 219" classname="com.github.traderjoe95.mls.protocol.tree.TreeMath" time="0.0"/>
  <testcase name="of node 218 should be 217" classname="com.github.traderjoe95.mls.protocol.tree.TreeMath" time="0.0"/>
  <testcase name="of node 219 should be 215" classname="com.github.traderjoe95.mls.protocol.tree.TreeMath" time="0.0"/>
  <testcase name="of node 220 should be 221" classname="com.github.traderjoe95.mls.protocol.tree.TreeMath" time="0.0"/>
  <testcase name="of node 221 should be 219" classname="com.github.traderjoe95.mls.protocol.tree.TreeMath" time="0.0"/>
  <testcase name="of node 222 should be 221" classname="com.github.traderjoe95.mls.protocol.tree.TreeMath" time="0.0"/>
  <testcase name="of node 223 should be 191" classname="com.github.traderjoe95.mls.protocol.tree.TreeMath" time="0.0"/>
  <testcase name="of node 224 should be 225" classname="com.github.traderjoe95.mls.protocol.tree.TreeMath" time="0.0"/>
  <testcase name="of node 225 should be 227" classname="com.github.traderjoe95.mls.protocol.tree.TreeMath" time="0.0"/>
  <testcase name="of node 226 should be 225" classname="com.github.traderjoe95.mls.protocol.tree.TreeMath" time="0.0"/>
  <testcase name="of node 227 should be 231" classname="com.github.traderjoe95.mls.protocol.tree.TreeMath" time="0.0"/>
  <testcase name="of node 228 should be 229" classname="com.github.traderjoe95.mls.protocol.tree.TreeMath" time="0.0"/>
  <testcase name="of node 229 should be 227" classname="com.github.traderjoe95.mls.protocol.tree.TreeMath" time="0.0"/>
  <testcase name="of node 230 should be 229" classname="com.github.traderjoe95.mls.protocol.tree.TreeMath" time="0.0"/>
  <testcase name="of node 231 should be 239" classname="com.github.traderjoe95.mls.protocol.tree.TreeMath" time="0.0"/>
  <testcase name="of node 232 should be 233" classname="com.github.traderjoe95.mls.protocol.tree.TreeMath" time="0.001"/>
  <testcase name="of node 233 should be 235" classname="com.github.traderjoe95.mls.protocol.tree.TreeMath" time="0.0"/>
  <testcase name="of node 234 should be 233" classname="com.github.traderjoe95.mls.protocol.tree.TreeMath" time="0.0"/>
  <testcase name="of node 235 should be 231" classname="com.github.traderjoe95.mls.protocol.tree.TreeMath" time="0.0"/>
  <testcase name="of node 236 should be 237" classname="com.github.traderjoe95.mls.protocol.tree.TreeMath" time="0.0"/>
  <testcase name="of node 237 should be 235" classname="com.github.traderjoe95.mls.protocol.tree.TreeMath" time="0.0"/>
  <testcase name="of node 238 should be 237" classname="com.github.traderjoe95.mls.protocol.tree.TreeMath" time="0.0"/>
  <testcase name="of node 239 should be 223" classname="com.github.traderjoe95.mls.protocol.tree.TreeMath" time="0.0"/>
  <testcase name="of node 240 should be 241" classname="com.github.traderjoe95.mls.protocol.tree.TreeMath" time="0.0"/>
  <testcase name="of node 241 should be 243" classname="com.github.traderjoe95.mls.protocol.tree.TreeMath" time="0.0"/>
  <testcase name="of node 242 should be 241" classname="com.github.traderjoe95.mls.protocol.tree.TreeMath" time="0.0"/>
  <testcase name="of node 243 should be 247" classname="com.github.traderjoe95.mls.protocol.tree.TreeMath" time="0.0"/>
  <testcase name="of node 244 should be 245" classname="com.github.traderjoe95.mls.protocol.tree.TreeMath" time="0.0"/>
  <testcase name="of node 245 should be 243" classname="com.github.traderjoe95.mls.protocol.tree.TreeMath" time="0.0"/>
  <testcase name="of node 246 should be 245" classname="com.github.traderjoe95.mls.protocol.tree.TreeMath" time="0.0"/>
  <testcase name="of node 247 should be 239" classname="com.github.traderjoe95.mls.protocol.tree.TreeMath" time="0.0"/>
  <testcase name="of node 248 should be 249" classname="com.github.traderjoe95.mls.protocol.tree.TreeMath" time="0.0"/>
  <testcase name="of node 249 should be 251" classname="com.github.traderjoe95.mls.protocol.tree.TreeMath" time="0.0"/>
  <testcase name="of node 250 should be 249" classname="com.github.traderjoe95.mls.protocol.tree.TreeMath" time="0.0"/>
  <testcase name="of node 251 should be 247" classname="com.github.traderjoe95.mls.protocol.tree.TreeMath" time="0.0"/>
  <testcase name="of node 252 should be 253" classname="com.github.traderjoe95.mls.protocol.tree.TreeMath" time="0.001"/>
  <testcase name="of node 253 should be 251" classname="com.github.traderjoe95.mls.protocol.tree.TreeMath" time="0.0"/>
  <testcase name="of node 254 should be 253" classname="com.github.traderjoe95.mls.protocol.tree.TreeMath" time="0.0"/>
  <testcase name="of node 256 should be 257" classname="com.github.traderjoe95.mls.protocol.tree.TreeMath" time="0.0"/>
  <testcase name="of node 257 should be 259" classname="com.github.traderjoe95.mls.protocol.tree.TreeMath" time="0.0"/>
  <testcase name="of node 258 should be 257" classname="com.github.traderjoe95.mls.protocol.tree.TreeMath" time="0.0"/>
  <testcase name="of node 259 should be 263" classname="com.github.traderjoe95.mls.protocol.tree.TreeMath" time="0.0"/>
  <testcase name="of node 260 should be 261" classname="com.github.traderjoe95.mls.protocol.tree.TreeMath" time="0.0"/>
  <testcase name="of node 261 should be 259" classname="com.github.traderjoe95.mls.protocol.tree.TreeMath" time="0.0"/>
  <testcase name="of node 262 should be 261" classname="com.github.traderjoe95.mls.protocol.tree.TreeMath" time="0.0"/>
  <testcase name="of node 263 should be 271" classname="com.github.traderjoe95.mls.protocol.tree.TreeMath" time="0.0"/>
  <testcase name="of node 264 should be 265" classname="com.github.traderjoe95.mls.protocol.tree.TreeMath" time="0.0"/>
  <testcase name="of node 265 should be 267" classname="com.github.traderjoe95.mls.protocol.tree.TreeMath" time="0.0"/>
  <testcase name="of node 266 should be 265" classname="com.github.traderjoe95.mls.protocol.tree.TreeMath" time="0.0"/>
  <testcase name="of node 267 should be 263" classname="com.github.traderjoe95.mls.protocol.tree.TreeMath" time="0.0"/>
  <testcase name="of node 268 should be 269" classname="com.github.traderjoe95.mls.protocol.tree.TreeMath" time="0.0"/>
  <testcase name="of node 269 should be 267" classname="com.github.traderjoe95.mls.protocol.tree.TreeMath" time="0.0"/>
  <testcase name="of node 270 should be 269" classname="com.github.traderjoe95.mls.protocol.tree.TreeMath" time="0.0"/>
  <testcase name="of node 271 should be 287" classname="com.github.traderjoe95.mls.protocol.tree.TreeMath" time="0.0"/>
  <testcase name="of node 272 should be 273" classname="com.github.traderjoe95.mls.protocol.tree.TreeMath" time="0.0"/>
  <testcase name="of node 273 should be 275" classname="com.github.traderjoe95.mls.protocol.tree.TreeMath" time="0.0"/>
  <testcase name="of node 274 should be 273" classname="com.github.traderjoe95.mls.protocol.tree.TreeMath" time="0.0"/>
  <testcase name="of node 275 should be 279" classname="com.github.traderjoe95.mls.protocol.tree.TreeMath" time="0.0"/>
  <testcase name="of node 276 should be 277" classname="com.github.traderjoe95.mls.protocol.tree.TreeMath" time="0.0"/>
  <testcase name="of node 277 should be 275" classname="com.github.traderjoe95.mls.protocol.tree.TreeMath" time="0.0"/>
  <testcase name="of node 278 should be 277" classname="com.github.traderjoe95.mls.protocol.tree.TreeMath" time="0.001"/>
  <testcase name="of node 279 should be 271" classname="com.github.traderjoe95.mls.protocol.tree.TreeMath" time="0.0"/>
  <testcase name="of node 280 should be 281" classname="com.github.traderjoe95.mls.protocol.tree.TreeMath" time="0.0"/>
  <testcase name="of node 281 should be 283" classname="com.github.traderjoe95.mls.protocol.tree.TreeMath" time="0.0"/>
  <testcase name="of node 282 should be 281" classname="com.github.traderjoe95.mls.protocol.tree.TreeMath" time="0.0"/>
  <testcase name="of node 283 should be 279" classname="com.github.traderjoe95.mls.protocol.tree.TreeMath" time="0.0"/>
  <testcase name="of node 284 should be 285" classname="com.github.traderjoe95.mls.protocol.tree.TreeMath" time="0.0"/>
  <testcase name="of node 285 should be 283" classname="com.github.traderjoe95.mls.protocol.tree.TreeMath" time="0.0"/>
  <testcase name="of node 286 should be 285" classname="com.github.traderjoe95.mls.protocol.tree.TreeMath" time="0.0"/>
  <testcase name="of node 287 should be 319" classname="com.github.traderjoe95.mls.protocol.tree.TreeMath" time="0.0"/>
  <testcase name="of node 288 should be 289" classname="com.github.traderjoe95.mls.protocol.tree.TreeMath" time="0.0"/>
  <testcase name="of node 289 should be 291" classname="com.github.traderjoe95.mls.protocol.tree.TreeMath" time="0.0"/>
  <testcase name="of node 290 should be 289" classname="com.github.traderjoe95.mls.protocol.tree.TreeMath" time="0.0"/>
  <testcase name="of node 291 should be 295" classname="com.github.traderjoe95.mls.protocol.tree.TreeMath" time="0.0"/>
  <testcase name="of node 292 should be 293" classname="com.github.traderjoe95.mls.protocol.tree.TreeMath" time="0.001"/>
  <testcase name="of node 293 should be 291" classname="com.github.traderjoe95.mls.protocol.tree.TreeMath" time="0.0"/>
  <testcase name="of node 294 should be 293" classname="com.github.traderjoe95.mls.protocol.tree.TreeMath" time="0.0"/>
  <testcase name="of node 295 should be 303" classname="com.github.traderjoe95.mls.protocol.tree.TreeMath" time="0.0"/>
  <testcase name="of node 296 should be 297" classname="com.github.traderjoe95.mls.protocol.tree.TreeMath" time="0.0"/>
  <testcase name="of node 297 should be 299" classname="com.github.traderjoe95.mls.protocol.tree.TreeMath" time="0.0"/>
  <testcase name="of node 298 should be 297" classname="com.github.traderjoe95.mls.protocol.tree.TreeMath" time="0.0"/>
  <testcase name="of node 299 should be 295" classname="com.github.traderjoe95.mls.protocol.tree.TreeMath" time="0.0"/>
  <testcase name="of node 300 should be 301" classname="com.github.traderjoe95.mls.protocol.tree.TreeMath" time="0.0"/>
  <testcase name="of node 301 should be 299" classname="com.github.traderjoe95.mls.protocol.tree.TreeMath" time="0.0"/>
  <testcase name="of node 302 should be 301" classname="com.github.traderjoe95.mls.protocol.tree.TreeMath" time="0.0"/>
  <testcase name="of node 303 should be 287" classname="com.github.traderjoe95.mls.protocol.tree.TreeMath" time="0.0"/>
  <testcase name="of node 304 should be 305" classname="com.github.traderjoe95.mls.protocol.tree.TreeMath" time="0.0"/>
  <testcase name="of node 305 should be 307" classname="com.github.traderjoe95.mls.protocol.tree.TreeMath" time="0.0"/>
  <testcase name="of node 306 should be 305" classname="com.github.traderjoe95.mls.protocol.tree.TreeMath" time="0.001"/>
  <testcase name="of node 307 should be 311" classname="com.github.traderjoe95.mls.protocol.tree.TreeMath" time="0.0"/>
  <testcase name="of node 308 should be 309" classname="com.github.traderjoe95.mls.protocol.tree.TreeMath" time="0.0"/>
  <testcase name="of node 309 should be 307" classname="com.github.traderjoe95.mls.protocol.tree.TreeMath" time="0.0"/>
  <testcase name="of node 310 should be 309" classname="com.github.traderjoe95.mls.protocol.tree.TreeMath" time="0.0"/>
  <testcase name="of node 311 should be 303" classname="com.github.traderjoe95.mls.protocol.tree.TreeMath" time="0.0"/>
  <testcase name="of node 312 should be 313" classname="com.github.traderjoe95.mls.protocol.tree.TreeMath" time="0.0"/>
  <testcase name="of node 313 should be 315" classname="com.github.traderjoe95.mls.protocol.tree.TreeMath" time="0.0"/>
  <testcase name="of node 314 should be 313" classname="com.github.traderjoe95.mls.protocol.tree.TreeMath" time="0.0"/>
  <testcase name="of node 315 should be 311" classname="com.github.traderjoe95.mls.protocol.tree.TreeMath" time="0.0"/>
  <testcase name="of node 316 should be 317" classname="com.github.traderjoe95.mls.protocol.tree.TreeMath" time="0.0"/>
  <testcase name="of node 317 should be 315" classname="com.github.traderjoe95.mls.protocol.tree.TreeMath" time="0.0"/>
  <testcase name="of node 318 should be 317" classname="com.github.traderjoe95.mls.protocol.tree.TreeMath" time="0.0"/>
  <testcase name="of node 319 should be 383" classname="com.github.traderjoe95.mls.protocol.tree.TreeMath" time="0.0"/>
  <testcase name="of node 320 should be 321" classname="com.github.traderjoe95.mls.protocol.tree.TreeMath" time="0.0"/>
  <testcase name="of node 321 should be 323" classname="com.github.traderjoe95.mls.protocol.tree.TreeMath" time="0.0"/>
  <testcase name="of node 322 should be 321" classname="com.github.traderjoe95.mls.protocol.tree.TreeMath" time="0.0"/>
  <testcase name="of node 323 should be 327" classname="com.github.traderjoe95.mls.protocol.tree.TreeMath" time="0.0"/>
  <testcase name="of node 324 should be 325" classname="com.github.traderjoe95.mls.protocol.tree.TreeMath" time="0.0"/>
  <testcase name="of node 325 should be 323" classname="com.github.traderjoe95.mls.protocol.tree.TreeMath" time="0.0"/>
  <testcase name="of node 326 should be 325" classname="com.github.traderjoe95.mls.protocol.tree.TreeMath" time="0.0"/>
  <testcase name="of node 327 should be 335" classname="com.github.traderjoe95.mls.protocol.tree.TreeMath" time="0.0"/>
  <testcase name="of node 328 should be 329" classname="com.github.traderjoe95.mls.protocol.tree.TreeMath" time="0.0"/>
  <testcase name="of node 329 should be 331" classname="com.github.traderjoe95.mls.protocol.tree.TreeMath" time="0.0"/>
  <testcase name="of node 330 should be 329" classname="com.github.traderjoe95.mls.protocol.tree.TreeMath" time="0.0"/>
  <testcase name="of node 331 should be 327" classname="com.github.traderjoe95.mls.protocol.tree.TreeMath" time="0.0"/>
  <testcase name="of node 332 should be 333" classname="com.github.traderjoe95.mls.protocol.tree.TreeMath" time="0.0"/>
  <testcase name="of node 333 should be 331" classname="com.github.traderjoe95.mls.protocol.tree.TreeMath" time="0.0"/>
  <testcase name="of node 334 should be 333" classname="com.github.traderjoe95.mls.protocol.tree.TreeMath" time="0.001"/>
  <testcase name="of node 335 should be 351" classname="com.github.traderjoe95.mls.protocol.tree.TreeMath" time="0.0"/>
  <testcase name="of node 336 should be 337" classname="com.github.traderjoe95.mls.protocol.tree.TreeMath" time="0.0"/>
  <testcase name="of node 337 should be 339" classname="com.github.traderjoe95.mls.protocol.tree.TreeMath" time="0.0"/>
  <testcase name="of node 338 should be 337" classname="com.github.traderjoe95.mls.protocol.tree.TreeMath" time="0.0"/>
  <testcase name="of node 339 should be 343" classname="com.github.traderjoe95.mls.protocol.tree.TreeMath" time="0.0"/>
  <testcase name="of node 340 should be 341" classname="com.github.traderjoe95.mls.protocol.tree.TreeMath" time="0.0"/>
  <testcase name="of node 341 should be 339" classname="com.github.traderjoe95.mls.protocol.tree.TreeMath" time="0.0"/>
  <testcase name="of node 342 should be 341" classname="com.github.traderjoe95.mls.protocol.tree.TreeMath" time="0.0"/>
  <testcase name="of node 343 should be 335" classname="com.github.traderjoe95.mls.protocol.tree.TreeMath" time="0.0"/>
  <testcase name="of node 344 should be 345" classname="com.github.traderjoe95.mls.protocol.tree.TreeMath" time="0.0"/>
  <testcase name="of node 345 should be 347" classname="com.github.traderjoe95.mls.protocol.tree.TreeMath" time="0.0"/>
  <testcase name="of node 346 should be 345" classname="com.github.traderjoe95.mls.protocol.tree.TreeMath" time="0.0"/>
  <testcase name="of node 347 should be 343" classname="com.github.traderjoe95.mls.protocol.tree.TreeMath" time="0.001"/>
  <testcase name="of node 348 should be 349" classname="com.github.traderjoe95.mls.protocol.tree.TreeMath" time="0.0"/>
  <testcase name="of node 349 should be 347" classname="com.github.traderjoe95.mls.protocol.tree.TreeMath" time="0.0"/>
  <testcase name="of node 350 should be 349" classname="com.github.traderjoe95.mls.protocol.tree.TreeMath" time="0.0"/>
  <testcase name="of node 351 should be 319" classname="com.github.traderjoe95.mls.protocol.tree.TreeMath" time="0.0"/>
  <testcase name="of node 352 should be 353" classname="com.github.traderjoe95.mls.protocol.tree.TreeMath" time="0.0"/>
  <testcase name="of node 353 should be 355" classname="com.github.traderjoe95.mls.protocol.tree.TreeMath" time="0.0"/>
  <testcase name="of node 354 should be 353" classname="com.github.traderjoe95.mls.protocol.tree.TreeMath" time="0.0"/>
  <testcase name="of node 355 should be 359" classname="com.github.traderjoe95.mls.protocol.tree.TreeMath" time="0.0"/>
  <testcase name="of node 356 should be 357" classname="com.github.traderjoe95.mls.protocol.tree.TreeMath" time="0.0"/>
  <testcase name="of node 357 should be 355" classname="com.github.traderjoe95.mls.protocol.tree.TreeMath" time="0.0"/>
  <testcase name="of node 358 should be 357" classname="com.github.traderjoe95.mls.protocol.tree.TreeMath" time="0.0"/>
  <testcase name="of node 359 should be 367" classname="com.github.traderjoe95.mls.protocol.tree.TreeMath" time="0.0"/>
  <testcase name="of node 360 should be 361" classname="com.github.traderjoe95.mls.protocol.tree.TreeMath" time="0.0"/>
  <testcase name="of node 361 should be 363" classname="com.github.traderjoe95.mls.protocol.tree.TreeMath" time="0.0"/>
  <testcase name="of node 362 should be 361" classname="com.github.traderjoe95.mls.protocol.tree.TreeMath" time="0.0"/>
  <testcase name="of node 363 should be 359" classname="com.github.traderjoe95.mls.protocol.tree.TreeMath" time="0.0"/>
  <testcase name="of node 364 should be 365" classname="com.github.traderjoe95.mls.protocol.tree.TreeMath" time="0.0"/>
  <testcase name="of node 365 should be 363" classname="com.github.traderjoe95.mls.protocol.tree.TreeMath" time="0.0"/>
  <testcase name="of node 366 should be 365" classname="com.github.traderjoe95.mls.protocol.tree.TreeMath" time="0.0"/>
  <testcase name="of node 367 should be 351" classname="com.github.traderjoe95.mls.protocol.tree.TreeMath" time="0.0"/>
  <testcase name="of node 368 should be 369" classname="com.github.traderjoe95.mls.protocol.tree.TreeMath" time="0.0"/>
  <testcase name="of node 369 should be 371" classname="com.github.traderjoe95.mls.protocol.tree.TreeMath" time="0.001"/>
  <testcase name="of node 370 should be 369" classname="com.github.traderjoe95.mls.protocol.tree.TreeMath" time="0.0"/>
  <testcase name="of node 371 should be 375" classname="com.github.traderjoe95.mls.protocol.tree.TreeMath" time="0.0"/>
  <testcase name="of node 372 should be 373" classname="com.github.traderjoe95.mls.protocol.tree.TreeMath" time="0.001"/>
  <testcase name="of node 373 should be 371" classname="com.github.traderjoe95.mls.protocol.tree.TreeMath" time="0.0"/>
  <testcase name="of node 374 should be 373" classname="com.github.traderjoe95.mls.protocol.tree.TreeMath" time="0.0"/>
  <testcase name="of node 375 should be 367" classname="com.github.traderjoe95.mls.protocol.tree.TreeMath" time="0.001"/>
  <testcase name="of node 376 should be 377" classname="com.github.traderjoe95.mls.protocol.tree.TreeMath" time="0.0"/>
  <testcase name="of node 377 should be 379" classname="com.github.traderjoe95.mls.protocol.tree.TreeMath" time="0.0"/>
  <testcase name="of node 378 should be 377" classname="com.github.traderjoe95.mls.protocol.tree.TreeMath" time="0.001"/>
  <testcase name="of node 379 should be 375" classname="com.github.traderjoe95.mls.protocol.tree.TreeMath" time="0.0"/>
  <testcase name="of node 380 should be 381" classname="com.github.traderjoe95.mls.protocol.tree.TreeMath" time="0.0"/>
  <testcase name="of node 381 should be 379" classname="com.github.traderjoe95.mls.protocol.tree.TreeMath" time="0.0"/>
  <testcase name="of node 382 should be 381" classname="com.github.traderjoe95.mls.protocol.tree.TreeMath" time="0.0"/>
  <testcase name="of node 383 should be 255" classname="com.github.traderjoe95.mls.protocol.tree.TreeMath" time="0.0"/>
  <testcase name="of node 384 should be 385" classname="com.github.traderjoe95.mls.protocol.tree.TreeMath" time="0.0"/>
  <testcase name="of node 385 should be 387" classname="com.github.traderjoe95.mls.protocol.tree.TreeMath" time="0.0"/>
  <testcase name="of node 386 should be 385" classname="com.github.traderjoe95.mls.protocol.tree.TreeMath" time="0.0"/>
  <testcase name="of node 387 should be 391" classname="com.github.traderjoe95.mls.protocol.tree.TreeMath" time="0.0"/>
  <testcase name="of node 388 should be 389" classname="com.github.traderjoe95.mls.protocol.tree.TreeMath" time="0.0"/>
  <testcase name="of node 389 should be 387" classname="com.github.traderjoe95.mls.protocol.tree.TreeMath" time="0.0"/>
  <testcase name="of node 390 should be 389" classname="com.github.traderjoe95.mls.protocol.tree.TreeMath" time="0.0"/>
  <testcase name="of node 391 should be 399" classname="com.github.traderjoe95.mls.protocol.tree.TreeMath" time="0.0"/>
  <testcase name="of node 392 should be 393" classname="com.github.traderjoe95.mls.protocol.tree.TreeMath" time="0.0"/>
  <testcase name="of node 393 should be 395" classname="com.github.traderjoe95.mls.protocol.tree.TreeMath" time="0.0"/>
  <testcase name="of node 394 should be 393" classname="com.github.traderjoe95.mls.protocol.tree.TreeMath" time="0.0"/>
  <testcase name="of node 395 should be 391" classname="com.github.traderjoe95.mls.protocol.tree.TreeMath" time="0.0"/>
  <testcase name="of node 396 should be 397" classname="com.github.traderjoe95.mls.protocol.tree.TreeMath" time="0.0"/>
  <testcase name="of node 397 should be 395" classname="com.github.traderjoe95.mls.protocol.tree.TreeMath" time="0.001"/>
  <testcase name="of node 398 should be 397" classname="com.github.traderjoe95.mls.protocol.tree.TreeMath" time="0.0"/>
  <testcase name="of node 399 should be 415" classname="com.github.traderjoe95.mls.protocol.tree.TreeMath" time="0.0"/>
  <testcase name="of node 400 should be 401" classname="com.github.traderjoe95.mls.protocol.tree.TreeMath" time="0.0"/>
  <testcase name="of node 401 should be 403" classname="com.github.traderjoe95.mls.protocol.tree.TreeMath" time="0.0"/>
  <testcase name="of node 402 should be 401" classname="com.github.traderjoe95.mls.protocol.tree.TreeMath" time="0.0"/>
  <testcase name="of node 403 should be 407" classname="com.github.traderjoe95.mls.protocol.tree.TreeMath" time="0.0"/>
  <testcase name="of node 404 should be 405" classname="com.github.traderjoe95.mls.protocol.tree.TreeMath" time="0.0"/>
  <testcase name="of node 405 should be 403" classname="com.github.traderjoe95.mls.protocol.tree.TreeMath" time="0.0"/>
  <testcase name="of node 406 should be 405" classname="com.github.traderjoe95.mls.protocol.tree.TreeMath" time="0.0"/>
  <testcase name="of node 407 should be 399" classname="com.github.traderjoe95.mls.protocol.tree.TreeMath" time="0.0"/>
  <testcase name="of node 408 should be 409" classname="com.github.traderjoe95.mls.protocol.tree.TreeMath" time="0.0"/>
  <testcase name="of node 409 should be 411" classname="com.github.traderjoe95.mls.protocol.tree.TreeMath" time="0.0"/>
  <testcase name="of node 410 should be 409" classname="com.github.traderjoe95.mls.protocol.tree.TreeMath" time="0.0"/>
  <testcase name="of node 411 should be 407" classname="com.github.traderjoe95.mls.protocol.tree.TreeMath" time="0.0"/>
  <testcase name="of node 412 should be 413" classname="com.github.traderjoe95.mls.protocol.tree.TreeMath" time="0.0"/>
  <testcase name="of node 413 should be 411" classname="com.github.traderjoe95.mls.protocol.tree.TreeMath" time="0.0"/>
  <testcase name="of node 414 should be 413" classname="com.github.traderjoe95.mls.protocol.tree.TreeMath" time="0.0"/>
  <testcase name="of node 415 should be 447" classname="com.github.traderjoe95.mls.protocol.tree.TreeMath" time="0.0"/>
  <testcase name="of node 416 should be 417" classname="com.github.traderjoe95.mls.protocol.tree.TreeMath" time="0.0"/>
  <testcase name="of node 417 should be 419" classname="com.github.traderjoe95.mls.protocol.tree.TreeMath" time="0.0"/>
  <testcase name="of node 418 should be 417" classname="com.github.traderjoe95.mls.protocol.tree.TreeMath" time="0.0"/>
  <testcase name="of node 419 should be 423" classname="com.github.traderjoe95.mls.protocol.tree.TreeMath" time="0.0"/>
  <testcase name="of node 420 should be 421" classname="com.github.traderjoe95.mls.protocol.tree.TreeMath" time="0.0"/>
  <testcase name="of node 421 should be 419" classname="com.github.traderjoe95.mls.protocol.tree.TreeMath" time="0.0"/>
  <testcase name="of node 422 should be 421" classname="com.github.traderjoe95.mls.protocol.tree.TreeMath" time="0.0"/>
  <testcase name="of node 423 should be 431" classname="com.github.traderjoe95.mls.protocol.tree.TreeMath" time="0.0"/>
  <testcase name="of node 424 should be 425" classname="com.github.traderjoe95.mls.protocol.tree.TreeMath" time="0.0"/>
  <testcase name="of node 425 should be 427" classname="com.github.traderjoe95.mls.protocol.tree.TreeMath" time="0.0"/>
  <testcase name="of node 426 should be 425" classname="com.github.traderjoe95.mls.protocol.tree.TreeMath" time="0.0"/>
  <testcase name="of node 427 should be 423" classname="com.github.traderjoe95.mls.protocol.tree.TreeMath" time="0.0"/>
  <testcase name="of node 428 should be 429" classname="com.github.traderjoe95.mls.protocol.tree.TreeMath" time="0.0"/>
  <testcase name="of node 429 should be 427" classname="com.github.traderjoe95.mls.protocol.tree.TreeMath" time="0.0"/>
  <testcase name="of node 430 should be 429" classname="com.github.traderjoe95.mls.protocol.tree.TreeMath" time="0.0"/>
  <testcase name="of node 431 should be 415" classname="com.github.traderjoe95.mls.protocol.tree.TreeMath" time="0.0"/>
  <testcase name="of node 432 should be 433" classname="com.github.traderjoe95.mls.protocol.tree.TreeMath" time="0.0"/>
  <testcase name="of node 433 should be 435" classname="com.github.traderjoe95.mls.protocol.tree.TreeMath" time="0.001"/>
  <testcase name="of node 434 should be 433" classname="com.github.traderjoe95.mls.protocol.tree.TreeMath" time="0.0"/>
  <testcase name="of node 435 should be 439" classname="com.github.traderjoe95.mls.protocol.tree.TreeMath" time="0.0"/>
  <testcase name="of node 436 should be 437" classname="com.github.traderjoe95.mls.protocol.tree.TreeMath" time="0.0"/>
  <testcase name="of node 437 should be 435" classname="com.github.traderjoe95.mls.protocol.tree.TreeMath" time="0.0"/>
  <testcase name="of node 438 should be 437" classname="com.github.traderjoe95.mls.protocol.tree.TreeMath" time="0.0"/>
  <testcase name="of node 439 should be 431" classname="com.github.traderjoe95.mls.protocol.tree.TreeMath" time="0.0"/>
  <testcase name="of node 440 should be 441" classname="com.github.traderjoe95.mls.protocol.tree.TreeMath" time="0.0"/>
  <testcase name="of node 441 should be 443" classname="com.github.traderjoe95.mls.protocol.tree.TreeMath" time="0.0"/>
  <testcase name="of node 442 should be 441" classname="com.github.traderjoe95.mls.protocol.tree.TreeMath" time="0.0"/>
  <testcase name="of node 443 should be 439" classname="com.github.traderjoe95.mls.protocol.tree.TreeMath" time="0.0"/>
  <testcase name="of node 444 should be 445" classname="com.github.traderjoe95.mls.protocol.tree.TreeMath" time="0.0"/>
  <testcase name="of node 445 should be 443" classname="com.github.traderjoe95.mls.protocol.tree.TreeMath" time="0.0"/>
  <testcase name="of node 446 should be 445" classname="com.github.traderjoe95.mls.protocol.tree.TreeMath" time="0.0"/>
  <testcase name="of node 447 should be 383" classname="com.github.traderjoe95.mls.protocol.tree.TreeMath" time="0.0"/>
  <testcase name="of node 448 should be 449" classname="com.github.traderjoe95.mls.protocol.tree.TreeMath" time="0.0"/>
  <testcase name="of node 449 should be 451" classname="com.github.traderjoe95.mls.protocol.tree.TreeMath" time="0.0"/>
  <testcase name="of node 450 should be 449" classname="com.github.traderjoe95.mls.protocol.tree.TreeMath" time="0.0"/>
  <testcase name="of node 451 should be 455" classname="com.github.traderjoe95.mls.protocol.tree.TreeMath" time="0.0"/>
  <testcase name="of node 452 should be 453" classname="com.github.traderjoe95.mls.protocol.tree.TreeMath" time="0.0"/>
  <testcase name="of node 453 should be 451" classname="com.github.traderjoe95.mls.protocol.tree.TreeMath" time="0.0"/>
  <testcase name="of node 454 should be 453" classname="com.github.traderjoe95.mls.protocol.tree.TreeMath" time="0.001"/>
  <testcase name="of node 455 should be 463" classname="com.github.traderjoe95.mls.protocol.tree.TreeMath" time="0.0"/>
  <testcase name="of node 456 should be 457" classname="com.github.traderjoe95.mls.protocol.tree.TreeMath" time="0.0"/>
  <testcase name="of node 457 should be 459" classname="com.github.traderjoe95.mls.protocol.tree.TreeMath" time="0.0"/>
  <testcase name="of node 458 should be 457" classname="com.github.traderjoe95.mls.protocol.tree.TreeMath" time="0.0"/>
  <testcase name="of node 459 should be 455" classname="com.github.traderjoe95.mls.protocol.tree.TreeMath" time="0.0"/>
  <testcase name="of node 460 should be 461" classname="com.github.traderjoe95.mls.protocol.tree.TreeMath" time="0.0"/>
  <testcase name="of node 461 should be 459" classname="com.github.traderjoe95.mls.protocol.tree.TreeMath" time="0.0"/>
  <testcase name="of node 462 should be 461" classname="com.github.traderjoe95.mls.protocol.tree.TreeMath" time="0.0"/>
  <testcase name="of node 463 should be 479" classname="com.github.traderjoe95.mls.protocol.tree.TreeMath" time="0.0"/>
  <testcase name="of node 464 should be 465" classname="com.github.traderjoe95.mls.protocol.tree.TreeMath" time="0.0"/>
  <testcase name="of node 465 should be 467" classname="com.github.traderjoe95.mls.protocol.tree.TreeMath" time="0.0"/>
  <testcase name="of node 466 should be 465" classname="com.github.traderjoe95.mls.protocol.tree.TreeMath" time="0.001"/>
  <testcase name="of node 467 should be 471" classname="com.github.traderjoe95.mls.protocol.tree.TreeMath" time="0.0"/>
  <testcase name="of node 468 should be 469" classname="com.github.traderjoe95.mls.protocol.tree.TreeMath" time="0.0"/>
  <testcase name="of node 469 should be 467" classname="com.github.traderjoe95.mls.protocol.tree.TreeMath" time="0.0"/>
  <testcase name="of node 470 should be 469" classname="com.github.traderjoe95.mls.protocol.tree.TreeMath" time="0.0"/>
  <testcase name="of node 471 should be 463" classname="com.github.traderjoe95.mls.protocol.tree.TreeMath" time="0.0"/>
  <testcase name="of node 472 should be 473" classname="com.github.traderjoe95.mls.protocol.tree.TreeMath" time="0.0"/>
  <testcase name="of node 473 should be 475" classname="com.github.traderjoe95.mls.protocol.tree.TreeMath" time="0.0"/>
  <testcase name="of node 474 should be 473" classname="com.github.traderjoe95.mls.protocol.tree.TreeMath" time="0.001"/>
  <testcase name="of node 475 should be 471" classname="com.github.traderjoe95.mls.protocol.tree.TreeMath" time="0.0"/>
  <testcase name="of node 476 should be 477" classname="com.github.traderjoe95.mls.protocol.tree.TreeMath" time="0.0"/>
  <testcase name="of node 477 should be 475" classname="com.github.traderjoe95.mls.protocol.tree.TreeMath" time="0.0"/>
  <testcase name="of node 478 should be 477" classname="com.github.traderjoe95.mls.protocol.tree.TreeMath" time="0.0"/>
  <testcase name="of node 479 should be 447" classname="com.github.traderjoe95.mls.protocol.tree.TreeMath" time="0.0"/>
  <testcase name="of node 480 should be 481" classname="com.github.traderjoe95.mls.protocol.tree.TreeMath" time="0.0"/>
  <testcase name="of node 481 should be 483" classname="com.github.traderjoe95.mls.protocol.tree.TreeMath" time="0.0"/>
  <testcase name="of node 482 should be 481" classname="com.github.traderjoe95.mls.protocol.tree.TreeMath" time="0.0"/>
  <testcase name="of node 483 should be 487" classname="com.github.traderjoe95.mls.protocol.tree.TreeMath" time="0.0"/>
  <testcase name="of node 484 should be 485" classname="com.github.traderjoe95.mls.protocol.tree.TreeMath" time="0.0"/>
  <testcase name="of node 485 should be 483" classname="com.github.traderjoe95.mls.protocol.tree.TreeMath" time="0.0"/>
  <testcase name="of node 486 should be 485" classname="com.github.traderjoe95.mls.protocol.tree.TreeMath" time="0.0"/>
  <testcase name="of node 487 should be 495" classname="com.github.traderjoe95.mls.protocol.tree.TreeMath" time="0.0"/>
  <testcase name="of node 488 should be 489" classname="com.github.traderjoe95.mls.protocol.tree.TreeMath" time="0.0"/>
  <testcase name="of node 489 should be 491" classname="com.github.traderjoe95.mls.protocol.tree.TreeMath" time="0.0"/>
  <testcase name="of node 490 should be 489" classname="com.github.traderjoe95.mls.protocol.tree.TreeMath" time="0.0"/>
  <testcase name="of node 491 should be 487" classname="com.github.traderjoe95.mls.protocol.tree.TreeMath" time="0.0"/>
  <testcase name="of node 492 should be 493" classname="com.github.traderjoe95.mls.protocol.tree.TreeMath" time="0.0"/>
  <testcase name="of node 493 should be 491" classname="com.github.traderjoe95.mls.protocol.tree.TreeMath" time="0.0"/>
  <testcase name="of node 494 should be 493" classname="com.github.traderjoe95.mls.protocol.tree.TreeMath" time="0.0"/>
  <testcase name="of node 495 should be 479" classname="com.github.traderjoe95.mls.protocol.tree.TreeMath" time="0.0"/>
  <testcase name="of node 496 should be 497" classname="com.github.traderjoe95.mls.protocol.tree.TreeMath" time="0.0"/>
  <testcase name="of node 497 should be 499" classname="com.github.traderjoe95.mls.protocol.tree.TreeMath" time="0.0"/>
  <testcase name="of node 498 should be 497" classname="com.github.traderjoe95.mls.protocol.tree.TreeMath" time="0.0"/>
  <testcase name="of node 499 should be 503" classname="com.github.traderjoe95.mls.protocol.tree.TreeMath" time="0.0"/>
  <testcase name="of node 500 should be 501" classname="com.github.traderjoe95.mls.protocol.tree.TreeMath" time="0.0"/>
  <testcase name="of node 501 should be 499" classname="com.github.traderjoe95.mls.protocol.tree.TreeMath" time="0.0"/>
  <testcase name="of node 502 should be 501" classname="com.github.traderjoe95.mls.protocol.tree.TreeMath" time="0.0"/>
  <testcase name="of node 503 should be 495" classname="com.github.traderjoe95.mls.protocol.tree.TreeMath" time="0.0"/>
  <testcase name="of node 504 should be 505" classname="com.github.traderjoe95.mls.protocol.tree.TreeMath" time="0.0"/>
  <testcase name="of node 505 should be 507" classname="com.github.traderjoe95.mls.protocol.tree.TreeMath" time="0.0"/>
  <testcase name="of node 506 should be 505" classname="com.github.traderjoe95.mls.protocol.tree.TreeMath" time="0.0"/>
  <testcase name="of node 507 should be 503" classname="com.github.traderjoe95.mls.protocol.tree.TreeMath" time="0.0"/>
  <testcase name="of node 508 should be 509" classname="com.github.traderjoe95.mls.protocol.tree.TreeMath" time="0.0"/>
  <testcase name="of node 509 should be 507" classname="com.github.traderjoe95.mls.protocol.tree.TreeMath" time="0.0"/>
  <testcase name="of node 510 should be 509" classname="com.github.traderjoe95.mls.protocol.tree.TreeMath" time="0.0"/>
  <testcase name="of node 0 should be 2" classname="com.github.traderjoe95.mls.protocol.tree.TreeMath" time="0.0"/>
  <testcase name="of node 1 should be 5" classname="com.github.traderjoe95.mls.protocol.tree.TreeMath" time="0.0"/>
  <testcase name="of node 2 should be 0" classname="com.github.traderjoe95.mls.protocol.tree.TreeMath" time="0.0"/>
  <testcase name="of node 3 should be 11" classname="com.github.traderjoe95.mls.protocol.tree.TreeMath" time="0.0"/>
  <testcase name="of node 4 should be 6" classname="com.github.traderjoe95.mls.protocol.tree.TreeMath" time="0.0"/>
  <testcase name="of node 5 should be 1" classname="com.github.traderjoe95.mls.protocol.tree.TreeMath" time="0.0"/>
  <testcase name="of node 6 should be 4" classname="com.github.traderjoe95.mls.protocol.tree.TreeMath" time="0.0"/>
  <testcase name="of node 7 should be 23" classname="com.github.traderjoe95.mls.protocol.tree.TreeMath" time="0.0"/>
  <testcase name="of node 8 should be 10" classname="com.github.traderjoe95.mls.protocol.tree.TreeMath" time="0.0"/>
  <testcase name="of node 9 should be 13" classname="com.github.traderjoe95.mls.protocol.tree.TreeMath" time="0.0"/>
  <testcase name="of node 10 should be 8" classname="com.github.traderjoe95.mls.protocol.tree.TreeMath" time="0.0"/>
  <testcase name="of node 11 should be 3" classname="com.github.traderjoe95.mls.protocol.tree.TreeMath" time="0.0"/>
  <testcase name="of node 12 should be 14" classname="com.github.traderjoe95.mls.protocol.tree.TreeMath" time="0.0"/>
  <testcase name="of node 13 should be 9" classname="com.github.traderjoe95.mls.protocol.tree.TreeMath" time="0.0"/>
  <testcase name="of node 14 should be 12" classname="com.github.traderjoe95.mls.protocol.tree.TreeMath" time="0.0"/>
  <testcase name="of node 15 should be 47" classname="com.github.traderjoe95.mls.protocol.tree.TreeMath" time="0.0"/>
  <testcase name="of node 16 should be 18" classname="com.github.traderjoe95.mls.protocol.tree.TreeMath" time="0.0"/>
  <testcase name="of node 17 should be 21" classname="com.github.traderjoe95.mls.protocol.tree.TreeMath" time="0.001"/>
  <testcase name="of node 18 should be 16" classname="com.github.traderjoe95.mls.protocol.tree.TreeMath" time="0.0"/>
  <testcase name="of node 19 should be 27" classname="com.github.traderjoe95.mls.protocol.tree.TreeMath" time="0.0"/>
  <testcase name="of node 20 should be 22" classname="com.github.traderjoe95.mls.protocol.tree.TreeMath" time="0.0"/>
  <testcase name="of node 21 should be 17" classname="com.github.traderjoe95.mls.protocol.tree.TreeMath" time="0.0"/>
  <testcase name="of node 22 should be 20" classname="com.github.traderjoe95.mls.protocol.tree.TreeMath" time="0.0"/>
  <testcase name="of node 23 should be 7" classname="com.github.traderjoe95.mls.protocol.tree.TreeMath" time="0.0"/>
  <testcase name="of node 24 should be 26" classname="com.github.traderjoe95.mls.protocol.tree.TreeMath" time="0.0"/>
  <testcase name="of node 25 should be 29" classname="com.github.traderjoe95.mls.protocol.tree.TreeMath" time="0.0"/>
  <testcase name="of node 26 should be 24" classname="com.github.traderjoe95.mls.protocol.tree.TreeMath" time="0.0"/>
  <testcase name="of node 27 should be 19" classname="com.github.traderjoe95.mls.protocol.tree.TreeMath" time="0.0"/>
  <testcase name="of node 28 should be 30" classname="com.github.traderjoe95.mls.protocol.tree.TreeMath" time="0.0"/>
  <testcase name="of node 29 should be 25" classname="com.github.traderjoe95.mls.protocol.tree.TreeMath" time="0.0"/>
  <testcase name="of node 30 should be 28" classname="com.github.traderjoe95.mls.protocol.tree.TreeMath" time="0.0"/>
  <testcase name="of node 31 should be 95" classname="com.github.traderjoe95.mls.protocol.tree.TreeMath" time="0.0"/>
  <testcase name="of node 32 should be 34" classname="com.github.traderjoe95.mls.protocol.tree.TreeMath" time="0.0"/>
  <testcase name="of node 33 should be 37" classname="com.github.traderjoe95.mls.protocol.tree.TreeMath" time="0.0"/>
  <testcase name="of node 34 should be 32" classname="com.github.traderjoe95.mls.protocol.tree.TreeMath" time="0.001"/>
  <testcase name="of node 35 should be 43" classname="com.github.traderjoe95.mls.protocol.tree.TreeMath" time="0.0"/>
  <testcase name="of node 36 should be 38" classname="com.github.traderjoe95.mls.protocol.tree.TreeMath" time="0.0"/>
  <testcase name="of node 37 should be 33" classname="com.github.traderjoe95.mls.protocol.tree.TreeMath" time="0.0"/>
  <testcase name="of node 38 should be 36" classname="com.github.traderjoe95.mls.protocol.tree.TreeMath" time="0.0"/>
  <testcase name="of node 39 should be 55" classname="com.github.traderjoe95.mls.protocol.tree.TreeMath" time="0.0"/>
  <testcase name="of node 40 should be 42" classname="com.github.traderjoe95.mls.protocol.tree.TreeMath" time="0.0"/>
  <testcase name="of node 41 should be 45" classname="com.github.traderjoe95.mls.protocol.tree.TreeMath" time="0.0"/>
  <testcase name="of node 42 should be 40" classname="com.github.traderjoe95.mls.protocol.tree.TreeMath" time="0.0"/>
  <testcase name="of node 43 should be 35" classname="com.github.traderjoe95.mls.protocol.tree.TreeMath" time="0.0"/>
  <testcase name="of node 44 should be 46" classname="com.github.traderjoe95.mls.protocol.tree.TreeMath" time="0.0"/>
  <testcase name="of node 45 should be 41" classname="com.github.traderjoe95.mls.protocol.tree.TreeMath" time="0.001"/>
  <testcase name="of node 46 should be 44" classname="com.github.traderjoe95.mls.protocol.tree.TreeMath" time="0.0"/>
  <testcase name="of node 47 should be 15" classname="com.github.traderjoe95.mls.protocol.tree.TreeMath" time="0.0"/>
  <testcase name="of node 48 should be 50" classname="com.github.traderjoe95.mls.protocol.tree.TreeMath" time="0.0"/>
  <testcase name="of node 49 should be 53" classname="com.github.traderjoe95.mls.protocol.tree.TreeMath" time="0.0"/>
  <testcase name="of node 50 should be 48" classname="com.github.traderjoe95.mls.protocol.tree.TreeMath" time="0.0"/>
  <testcase name="of node 51 should be 59" classname="com.github.traderjoe95.mls.protocol.tree.TreeMath" time="0.0"/>
  <testcase name="of node 52 should be 54" classname="com.github.traderjoe95.mls.protocol.tree.TreeMath" time="0.0"/>
  <testcase name="of node 53 should be 49" classname="com.github.traderjoe95.mls.protocol.tree.TreeMath" time="0.001"/>
  <testcase name="of node 54 should be 52" classname="com.github.traderjoe95.mls.protocol.tree.TreeMath" time="0.0"/>
  <testcase name="of node 55 should be 39" classname="com.github.traderjoe95.mls.protocol.tree.TreeMath" time="0.0"/>
  <testcase name="of node 56 should be 58" classname="com.github.traderjoe95.mls.protocol.tree.TreeMath" time="0.0"/>
  <testcase name="of node 57 should be 61" classname="com.github.traderjoe95.mls.protocol.tree.TreeMath" time="0.0"/>
  <testcase name="of node 58 should be 56" classname="com.github.traderjoe95.mls.protocol.tree.TreeMath" time="0.0"/>
  <testcase name="of node 59 should be 51" classname="com.github.traderjoe95.mls.protocol.tree.TreeMath" time="0.0"/>
  <testcase name="of node 60 should be 62" classname="com.github.traderjoe95.mls.protocol.tree.TreeMath" time="0.0"/>
  <testcase name="of node 61 should be 57" classname="com.github.traderjoe95.mls.protocol.tree.TreeMath" time="0.0"/>
  <testcase name="of node 62 should be 60" classname="com.github.traderjoe95.mls.protocol.tree.TreeMath" time="0.0"/>
  <testcase name="of node 63 should be 191" classname="com.github.traderjoe95.mls.protocol.tree.TreeMath" time="0.0"/>
  <testcase name="of node 64 should be 66" classname="com.github.traderjoe95.mls.protocol.tree.TreeMath" time="0.0"/>
  <testcase name="of node 65 should be 69" classname="com.github.traderjoe95.mls.protocol.tree.TreeMath" time="0.0"/>
  <testcase name="of node 66 should be 64" classname="com.github.traderjoe95.mls.protocol.tree.TreeMath" time="0.0"/>
  <testcase name="of node 67 should be 75" classname="com.github.traderjoe95.mls.protocol.tree.TreeMath" time="0.0"/>
  <testcase name="of node 68 should be 70" classname="com.github.traderjoe95.mls.protocol.tree.TreeMath" time="0.0"/>
  <testcase name="of node 69 should be 65" classname="com.github.traderjoe95.mls.protocol.tree.TreeMath" time="0.0"/>
  <testcase name="of node 70 should be 68" classname="com.github.traderjoe95.mls.protocol.tree.TreeMath" time="0.0"/>
  <testcase name="of node 71 should be 87" classname="com.github.traderjoe95.mls.protocol.tree.TreeMath" time="0.0"/>
  <testcase name="of node 72 should be 74" classname="com.github.traderjoe95.mls.protocol.tree.TreeMath" time="0.0"/>
  <testcase name="of node 73 should be 77" classname="com.github.traderjoe95.mls.protocol.tree.TreeMath" time="0.0"/>
  <testcase name="of node 74 should be 72" classname="com.github.traderjoe95.mls.protocol.tree.TreeMath" time="0.0"/>
  <testcase name="of node 75 should be 67" classname="com.github.traderjoe95.mls.protocol.tree.TreeMath" time="0.0"/>
  <testcase name="of node 76 should be 78" classname="com.github.traderjoe95.mls.protocol.tree.TreeMath" time="0.0"/>
  <testcase name="of node 77 should be 73" classname="com.github.traderjoe95.mls.protocol.tree.TreeMath" time="0.0"/>
  <testcase name="of node 78 should be 76" classname="com.github.traderjoe95.mls.protocol.tree.TreeMath" time="0.001"/>
  <testcase name="of node 79 should be 111" classname="com.github.traderjoe95.mls.protocol.tree.TreeMath" time="0.0"/>
  <testcase name="of node 80 should be 82" classname="com.github.traderjoe95.mls.protocol.tree.TreeMath" time="0.0"/>
  <testcase name="of node 81 should be 85" classname="com.github.traderjoe95.mls.protocol.tree.TreeMath" time="0.0"/>
  <testcase name="of node 82 should be 80" classname="com.github.traderjoe95.mls.protocol.tree.TreeMath" time="0.0"/>
  <testcase name="of node 83 should be 91" classname="com.github.traderjoe95.mls.protocol.tree.TreeMath" time="0.0"/>
  <testcase name="of node 84 should be 86" classname="com.github.traderjoe95.mls.protocol.tree.TreeMath" time="0.0"/>
  <testcase name="of node 85 should be 81" classname="com.github.traderjoe95.mls.protocol.tree.TreeMath" time="0.0"/>
  <testcase name="of node 86 should be 84" classname="com.github.traderjoe95.mls.protocol.tree.TreeMath" time="0.0"/>
  <testcase name="of node 87 should be 71" classname="com.github.traderjoe95.mls.protocol.tree.TreeMath" time="0.0"/>
  <testcase name="of node 88 should be 90" classname="com.github.traderjoe95.mls.protocol.tree.TreeMath" time="0.0"/>
  <testcase name="of node 89 should be 93" classname="com.github.traderjoe95.mls.protocol.tree.TreeMath" time="0.0"/>
  <testcase name="of node 90 should be 88" classname="com.github.traderjoe95.mls.protocol.tree.TreeMath" time="0.0"/>
  <testcase name="of node 91 should be 83" classname="com.github.traderjoe95.mls.protocol.tree.TreeMath" time="0.0"/>
  <testcase name="of node 92 should be 94" classname="com.github.traderjoe95.mls.protocol.tree.TreeMath" time="0.0"/>
  <testcase name="of node 93 should be 89" classname="com.github.traderjoe95.mls.protocol.tree.TreeMath" time="0.0"/>
  <testcase name="of node 94 should be 92" classname="com.github.traderjoe95.mls.protocol.tree.TreeMath" time="0.0"/>
  <testcase name="of node 95 should be 31" classname="com.github.traderjoe95.mls.protocol.tree.TreeMath" time="0.001"/>
  <testcase name="of node 96 should be 98" classname="com.github.traderjoe95.mls.protocol.tree.TreeMath" time="0.0"/>
  <testcase name="of node 97 should be 101" classname="com.github.traderjoe95.mls.protocol.tree.TreeMath" time="0.0"/>
  <testcase name="of node 98 should be 96" classname="com.github.traderjoe95.mls.protocol.tree.TreeMath" time="0.0"/>
  <testcase name="of node 99 should be 107" classname="com.github.traderjoe95.mls.protocol.tree.TreeMath" time="0.0"/>
  <testcase name="of node 100 should be 102" classname="com.github.traderjoe95.mls.protocol.tree.TreeMath" time="0.0"/>
  <testcase name="of node 101 should be 97" classname="com.github.traderjoe95.mls.protocol.tree.TreeMath" time="0.0"/>
  <testcase name="of node 102 should be 100" classname="com.github.traderjoe95.mls.protocol.tree.TreeMath" time="0.0"/>
  <testcase name="of node 103 should be 119" classname="com.github.traderjoe95.mls.protocol.tree.TreeMath" time="0.0"/>
  <testcase name="of node 104 should be 106" classname="com.github.traderjoe95.mls.protocol.tree.TreeMath" time="0.0"/>
  <testcase name="of node 105 should be 109" classname="com.github.traderjoe95.mls.protocol.tree.TreeMath" time="0.0"/>
  <testcase name="of node 106 should be 104" classname="com.github.traderjoe95.mls.protocol.tree.TreeMath" time="0.0"/>
  <testcase name="of node 107 should be 99" classname="com.github.traderjoe95.mls.protocol.tree.TreeMath" time="0.0"/>
  <testcase name="of node 108 should be 110" classname="com.github.traderjoe95.mls.protocol.tree.TreeMath" time="0.0"/>
  <testcase name="of node 109 should be 105" classname="com.github.traderjoe95.mls.protocol.tree.TreeMath" time="0.0"/>
  <testcase name="of node 110 should be 108" classname="com.github.traderjoe95.mls.protocol.tree.TreeMath" time="0.0"/>
  <testcase name="of node 111 should be 79" classname="com.github.traderjoe95.mls.protocol.tree.TreeMath" time="0.0"/>
  <testcase name="of node 112 should be 114" classname="com.github.traderjoe95.mls.protocol.tree.TreeMath" time="0.0"/>
  <testcase name="of node 113 should be 117" classname="com.github.traderjoe95.mls.protocol.tree.TreeMath" time="0.0"/>
  <testcase name="of node 114 should be 112" classname="com.github.traderjoe95.mls.protocol.tree.TreeMath" time="0.0"/>
  <testcase name="of node 115 should be 123" classname="com.github.traderjoe95.mls.protocol.tree.TreeMath" time="0.001"/>
  <testcase name="of node 116 should be 118" classname="com.github.traderjoe95.mls.protocol.tree.TreeMath" time="0.0"/>
  <testcase name="of node 117 should be 113" classname="com.github.traderjoe95.mls.protocol.tree.TreeMath" time="0.0"/>
  <testcase name="of node 118 should be 116" classname="com.github.traderjoe95.mls.protocol.tree.TreeMath" time="0.0"/>
  <testcase name="of node 119 should be 103" classname="com.github.traderjoe95.mls.protocol.tree.TreeMath" time="0.0"/>
  <testcase name="of node 120 should be 122" classname="com.github.traderjoe95.mls.protocol.tree.TreeMath" time="0.0"/>
  <testcase name="of node 121 should be 125" classname="com.github.traderjoe95.mls.protocol.tree.TreeMath" time="0.0"/>
  <testcase name="of node 122 should be 120" classname="com.github.traderjoe95.mls.protocol.tree.TreeMath" time="0.0"/>
  <testcase name="of node 123 should be 115" classname="com.github.traderjoe95.mls.protocol.tree.TreeMath" time="0.0"/>
  <testcase name="of node 124 should be 126" classname="com.github.traderjoe95.mls.protocol.tree.TreeMath" time="0.0"/>
  <testcase name="of node 125 should be 121" classname="com.github.traderjoe95.mls.protocol.tree.TreeMath" time="0.0"/>
  <testcase name="of node 126 should be 124" classname="com.github.traderjoe95.mls.protocol.tree.TreeMath" time="0.0"/>
  <testcase name="of node 127 should be 383" classname="com.github.traderjoe95.mls.protocol.tree.TreeMath" time="0.0"/>
  <testcase name="of node 128 should be 130" classname="com.github.traderjoe95.mls.protocol.tree.TreeMath" time="0.0"/>
  <testcase name="of node 129 should be 133" classname="com.github.traderjoe95.mls.protocol.tree.TreeMath" time="0.0"/>
  <testcase name="of node 130 should be 128" classname="com.github.traderjoe95.mls.protocol.tree.TreeMath" time="0.0"/>
  <testcase name="of node 131 should be 139" classname="com.github.traderjoe95.mls.protocol.tree.TreeMath" time="0.0"/>
  <testcase name="of node 132 should be 134" classname="com.github.traderjoe95.mls.protocol.tree.TreeMath" time="0.0"/>
  <testcase name="of node 133 should be 129" classname="com.github.traderjoe95.mls.protocol.tree.TreeMath" time="0.0"/>
  <testcase name="of node 134 should be 132" classname="com.github.traderjoe95.mls.protocol.tree.TreeMath" time="0.0"/>
  <testcase name="of node 135 should be 151" classname="com.github.traderjoe95.mls.protocol.tree.TreeMath" time="0.0"/>
  <testcase name="of node 136 should be 138" classname="com.github.traderjoe95.mls.protocol.tree.TreeMath" time="0.0"/>
  <testcase name="of node 137 should be 141" classname="com.github.traderjoe95.mls.protocol.tree.TreeMath" time="0.0"/>
  <testcase name="of node 138 should be 136" classname="com.github.traderjoe95.mls.protocol.tree.TreeMath" time="0.001"/>
  <testcase name="of node 139 should be 131" classname="com.github.traderjoe95.mls.protocol.tree.TreeMath" time="0.0"/>
  <testcase name="of node 140 should be 142" classname="com.github.traderjoe95.mls.protocol.tree.TreeMath" time="0.0"/>
  <testcase name="of node 141 should be 137" classname="com.github.traderjoe95.mls.protocol.tree.TreeMath" time="0.0"/>
  <testcase name="of node 142 should be 140" classname="com.github.traderjoe95.mls.protocol.tree.TreeMath" time="0.0"/>
  <testcase name="of node 143 should be 175" classname="com.github.traderjoe95.mls.protocol.tree.TreeMath" time="0.0"/>
  <testcase name="of node 144 should be 146" classname="com.github.traderjoe95.mls.protocol.tree.TreeMath" time="0.0"/>
  <testcase name="of node 145 should be 149" classname="com.github.traderjoe95.mls.protocol.tree.TreeMath" time="0.0"/>
  <testcase name="of node 146 should be 144" classname="com.github.traderjoe95.mls.protocol.tree.TreeMath" time="0.0"/>
  <testcase name="of node 147 should be 155" classname="com.github.traderjoe95.mls.protocol.tree.TreeMath" time="0.0"/>
  <testcase name="of node 148 should be 150" classname="com.github.traderjoe95.mls.protocol.tree.TreeMath" time="0.0"/>
  <testcase name="of node 149 should be 145" classname="com.github.traderjoe95.mls.protocol.tree.TreeMath" time="0.0"/>
  <testcase name="of node 150 should be 148" classname="com.github.traderjoe95.mls.protocol.tree.TreeMath" time="0.0"/>
  <testcase name="of node 151 should be 135" classname="com.github.traderjoe95.mls.protocol.tree.TreeMath" time="0.0"/>
  <testcase name="of node 152 should be 154" classname="com.github.traderjoe95.mls.protocol.tree.TreeMath" time="0.0"/>
  <testcase name="of node 153 should be 157" classname="com.github.traderjoe95.mls.protocol.tree.TreeMath" time="0.0"/>
  <testcase name="of node 154 should be 152" classname="com.github.traderjoe95.mls.protocol.tree.TreeMath" time="0.0"/>
  <testcase name="of node 155 should be 147" classname="com.github.traderjoe95.mls.protocol.tree.TreeMath" time="0.0"/>
  <testcase name="of node 156 should be 158" classname="com.github.traderjoe95.mls.protocol.tree.TreeMath" time="0.0"/>
  <testcase name="of node 157 should be 153" classname="com.github.traderjoe95.mls.protocol.tree.TreeMath" time="0.0"/>
  <testcase name="of node 158 should be 156" classname="com.github.traderjoe95.mls.protocol.tree.TreeMath" time="0.0"/>
  <testcase name="of node 159 should be 223" classname="com.github.traderjoe95.mls.protocol.tree.TreeMath" time="0.001"/>
  <testcase name="of node 160 should be 162" classname="com.github.traderjoe95.mls.protocol.tree.TreeMath" time="0.0"/>
  <testcase name="of node 161 should be 165" classname="com.github.traderjoe95.mls.protocol.tree.TreeMath" time="0.0"/>
  <testcase name="of node 162 should be 160" classname="com.github.traderjoe95.mls.protocol.tree.TreeMath" time="0.0"/>
  <testcase name="of node 163 should be 171" classname="com.github.traderjoe95.mls.protocol.tree.TreeMath" time="0.0"/>
  <testcase name="of node 164 should be 166" classname="com.github.traderjoe95.mls.protocol.tree.TreeMath" time="0.001"/>
  <testcase name="of node 165 should be 161" classname="com.github.traderjoe95.mls.protocol.tree.TreeMath" time="0.0"/>
  <testcase name="of node 166 should be 164" classname="com.github.traderjoe95.mls.protocol.tree.TreeMath" time="0.0"/>
  <testcase name="of node 167 should be 183" classname="com.github.traderjoe95.mls.protocol.tree.TreeMath" time="0.001"/>
  <testcase name="of node 168 should be 170" classname="com.github.traderjoe95.mls.protocol.tree.TreeMath" time="0.0"/>
  <testcase name="of node 169 should be 173" classname="com.github.traderjoe95.mls.protocol.tree.TreeMath" time="0.0"/>
  <testcase name="of node 170 should be 168" classname="com.github.traderjoe95.mls.protocol.tree.TreeMath" time="0.0"/>
  <testcase name="of node 171 should be 163" classname="com.github.traderjoe95.mls.protocol.tree.TreeMath" time="0.0"/>
  <testcase name="of node 172 should be 174" classname="com.github.traderjoe95.mls.protocol.tree.TreeMath" time="0.0"/>
  <testcase name="of node 173 should be 169" classname="com.github.traderjoe95.mls.protocol.tree.TreeMath" time="0.0"/>
  <testcase name="of node 174 should be 172" classname="com.github.traderjoe95.mls.protocol.tree.TreeMath" time="0.0"/>
  <testcase name="of node 175 should be 143" classname="com.github.traderjoe95.mls.protocol.tree.TreeMath" time="0.0"/>
  <testcase name="of node 176 should be 178" classname="com.github.traderjoe95.mls.protocol.tree.TreeMath" time="0.0"/>
  <testcase name="of node 177 should be 181" classname="com.github.traderjoe95.mls.protocol.tree.TreeMath" time="0.0"/>
  <testcase name="of node 178 should be 176" classname="com.github.traderjoe95.mls.protocol.tree.TreeMath" time="0.0"/>
  <testcase name="of node 179 should be 187" classname="com.github.traderjoe95.mls.protocol.tree.TreeMath" time="0.0"/>
  <testcase name="of node 180 should be 182" classname="com.github.traderjoe95.mls.protocol.tree.TreeMath" time="0.0"/>
  <testcase name="of node 181 should be 177" classname="com.github.traderjoe95.mls.protocol.tree.TreeMath" time="0.001"/>
  <testcase name="of node 182 should be 180" classname="com.github.traderjoe95.mls.protocol.tree.TreeMath" time="0.0"/>
  <testcase name="of node 183 should be 167" classname="com.github.traderjoe95.mls.protocol.tree.TreeMath" time="0.0"/>
  <testcase name="of node 184 should be 186" classname="com.github.traderjoe95.mls.protocol.tree.TreeMath" time="0.0"/>
  <testcase name="of node 185 should be 189" classname="com.github.traderjoe95.mls.protocol.tree.TreeMath" time="0.0"/>
  <testcase name="of node 186 should be 184" classname="com.github.traderjoe95.mls.protocol.tree.TreeMath" time="0.0"/>
  <testcase name="of node 187 should be 179" classname="com.github.traderjoe95.mls.protocol.tree.TreeMath" time="0.001"/>
  <testcase name="of node 188 should be 190" classname="com.github.traderjoe95.mls.protocol.tree.TreeMath" time="0.0"/>
  <testcase name="of node 189 should be 185" classname="com.github.traderjoe95.mls.protocol.tree.TreeMath" time="0.0"/>
  <testcase name="of node 190 should be 188" classname="com.github.traderjoe95.mls.protocol.tree.TreeMath" time="0.0"/>
  <testcase name="of node 191 should be 63" classname="com.github.traderjoe95.mls.protocol.tree.TreeMath" time="0.0"/>
  <testcase name="of node 192 should be 194" classname="com.github.traderjoe95.mls.protocol.tree.TreeMath" time="0.0"/>
  <testcase name="of node 193 should be 197" classname="com.github.traderjoe95.mls.protocol.tree.TreeMath" time="0.0"/>
  <testcase name="of node 194 should be 192" classname="com.github.traderjoe95.mls.protocol.tree.TreeMath" time="0.0"/>
  <testcase name="of node 195 should be 203" classname="com.github.traderjoe95.mls.protocol.tree.TreeMath" time="0.0"/>
  <testcase name="of node 196 should be 198" classname="com.github.traderjoe95.mls.protocol.tree.TreeMath" time="0.0"/>
  <testcase name="of node 197 should be 193" classname="com.github.traderjoe95.mls.protocol.tree.TreeMath" time="0.0"/>
  <testcase name="of node 198 should be 196" classname="com.github.traderjoe95.mls.protocol.tree.TreeMath" time="0.0"/>
  <testcase name="of node 199 should be 215" classname="com.github.traderjoe95.mls.protocol.tree.TreeMath" time="0.0"/>
  <testcase name="of node 200 should be 202" classname="com.github.traderjoe95.mls.protocol.tree.TreeMath" time="0.0"/>
  <testcase name="of node 201 should be 205" classname="com.github.traderjoe95.mls.protocol.tree.TreeMath" time="0.0"/>
  <testcase name="of node 202 should be 200" classname="com.github.traderjoe95.mls.protocol.tree.TreeMath" time="0.0"/>
  <testcase name="of node 203 should be 195" classname="com.github.traderjoe95.mls.protocol.tree.TreeMath" time="0.001"/>
  <testcase name="of node 204 should be 206" classname="com.github.traderjoe95.mls.protocol.tree.TreeMath" time="0.0"/>
  <testcase name="of node 205 should be 201" classname="com.github.traderjoe95.mls.protocol.tree.TreeMath" time="0.0"/>
  <testcase name="of node 206 should be 204" classname="com.github.traderjoe95.mls.protocol.tree.TreeMath" time="0.0"/>
  <testcase name="of node 207 should be 239" classname="com.github.traderjoe95.mls.protocol.tree.TreeMath" time="0.0"/>
  <testcase name="of node 208 should be 210" classname="com.github.traderjoe95.mls.protocol.tree.TreeMath" time="0.0"/>
  <testcase name="of node 209 should be 213" classname="com.github.traderjoe95.mls.protocol.tree.TreeMath" time="0.0"/>
  <testcase name="of node 210 should be 208" classname="com.github.traderjoe95.mls.protocol.tree.TreeMath" time="0.0"/>
  <testcase name="of node 211 should be 219" classname="com.github.traderjoe95.mls.protocol.tree.TreeMath" time="0.0"/>
  <testcase name="of node 212 should be 214" classname="com.github.traderjoe95.mls.protocol.tree.TreeMath" time="0.0"/>
  <testcase name="of node 213 should be 209" classname="com.github.traderjoe95.mls.protocol.tree.TreeMath" time="0.0"/>
  <testcase name="of node 214 should be 212" classname="com.github.traderjoe95.mls.protocol.tree.TreeMath" time="0.0"/>
  <testcase name="of node 215 should be 199" classname="com.github.traderjoe95.mls.protocol.tree.TreeMath" time="0.0"/>
  <testcase name="of node 216 should be 218" classname="com.github.traderjoe95.mls.protocol.tree.TreeMath" time="0.0"/>
  <testcase name="of node 217 should be 221" classname="com.github.traderjoe95.mls.protocol.tree.TreeMath" time="0.0"/>
  <testcase name="of node 218 should be 216" classname="com.github.traderjoe95.mls.protocol.tree.TreeMath" time="0.0"/>
  <testcase name="of node 219 should be 211" classname="com.github.traderjoe95.mls.protocol.tree.TreeMath" time="0.0"/>
  <testcase name="of node 220 should be 222" classname="com.github.traderjoe95.mls.protocol.tree.TreeMath" time="0.0"/>
  <testcase name="of node 221 should be 217" classname="com.github.traderjoe95.mls.protocol.tree.TreeMath" time="0.0"/>
  <testcase name="of node 222 should be 220" classname="com.github.traderjoe95.mls.protocol.tree.TreeMath" time="0.0"/>
  <testcase name="of node 223 should be 159" classname="com.github.traderjoe95.mls.protocol.tree.TreeMath" time="0.0"/>
  <testcase name="of node 224 should be 226" classname="com.github.traderjoe95.mls.protocol.tree.TreeMath" time="0.0"/>
  <testcase name="of node 225 should be 229" classname="com.github.traderjoe95.mls.protocol.tree.TreeMath" time="0.0"/>
  <testcase name="of node 226 should be 224" classname="com.github.traderjoe95.mls.protocol.tree.TreeMath" time="0.0"/>
  <testcase name="of node 227 should be 235" classname="com.github.traderjoe95.mls.protocol.tree.TreeMath" time="0.0"/>
  <testcase name="of node 228 should be 230" classname="com.github.traderjoe95.mls.protocol.tree.TreeMath" time="0.0"/>
  <testcase name="of node 229 should be 225" classname="com.github.traderjoe95.mls.protocol.tree.TreeMath" time="0.0"/>
  <testcase name="of node 230 should be 228" classname="com.github.traderjoe95.mls.protocol.tree.TreeMath" time="0.0"/>
  <testcase name="of node 231 should be 247" classname="com.github.traderjoe95.mls.protocol.tree.TreeMath" time="0.0"/>
  <testcase name="of node 232 should be 234" classname="com.github.traderjoe95.mls.protocol.tree.TreeMath" time="0.0"/>
  <testcase name="of node 233 should be 237" classname="com.github.traderjoe95.mls.protocol.tree.TreeMath" time="0.0"/>
  <testcase name="of node 234 should be 232" classname="com.github.traderjoe95.mls.protocol.tree.TreeMath" time="0.0"/>
  <testcase name="of node 235 should be 227" classname="com.github.traderjoe95.mls.protocol.tree.TreeMath" time="0.0"/>
  <testcase name="of node 236 should be 238" classname="com.github.traderjoe95.mls.protocol.tree.TreeMath" time="0.0"/>
  <testcase name="of node 237 should be 233" classname="com.github.traderjoe95.mls.protocol.tree.TreeMath" time="0.0"/>
  <testcase name="of node 238 should be 236" classname="com.github.traderjoe95.mls.protocol.tree.TreeMath" time="0.0"/>
  <testcase name="of node 239 should be 207" classname="com.github.traderjoe95.mls.protocol.tree.TreeMath" time="0.0"/>
  <testcase name="of node 240 should be 242" classname="com.github.traderjoe95.mls.protocol.tree.TreeMath" time="0.0"/>
  <testcase name="of node 241 should be 245" classname="com.github.traderjoe95.mls.protocol.tree.TreeMath" time="0.0"/>
  <testcase name="of node 242 should be 240" classname="com.github.traderjoe95.mls.protocol.tree.TreeMath" time="0.0"/>
  <testcase name="of node 243 should be 251" classname="com.github.traderjoe95.mls.protocol.tree.TreeMath" time="0.0"/>
  <testcase name="of node 244 should be 246" classname="com.github.traderjoe95.mls.protocol.tree.TreeMath" time="0.0"/>
  <testcase name="of node 245 should be 241" classname="com.github.traderjoe95.mls.protocol.tree.TreeMath" time="0.0"/>
  <testcase name="of node 246 should be 244" classname="com.github.traderjoe95.mls.protocol.tree.TreeMath" time="0.0"/>
  <testcase name="of node 247 should be 231" classname="com.github.traderjoe95.mls.protocol.tree.TreeMath" time="0.0"/>
  <testcase name="of node 248 should be 250" classname="com.github.traderjoe95.mls.protocol.tree.TreeMath" time="0.0"/>
  <testcase name="of node 249 should be 253" classname="com.github.traderjoe95.mls.protocol.tree.TreeMath" time="0.0"/>
  <testcase name="of node 250 should be 248" classname="com.github.traderjoe95.mls.protocol.tree.TreeMath" time="0.0"/>
  <testcase name="of node 251 should be 243" classname="com.github.traderjoe95.mls.protocol.tree.TreeMath" time="0.0"/>
  <testcase name="of node 252 should be 254" classname="com.github.traderjoe95.mls.protocol.tree.TreeMath" time="0.0"/>
  <testcase name="of node 253 should be 249" classname="com.github.traderjoe95.mls.protocol.tree.TreeMath" time="0.0"/>
  <testcase name="of node 254 should be 252" classname="com.github.traderjoe95.mls.protocol.tree.TreeMath" time="0.0"/>
  <testcase name="of node 256 should be 258" classname="com.github.traderjoe95.mls.protocol.tree.TreeMath" time="0.0"/>
  <testcase name="of node 257 should be 261" classname="com.github.traderjoe95.mls.protocol.tree.TreeMath" time="0.0"/>
  <testcase name="of node 258 should be 256" classname="com.github.traderjoe95.mls.protocol.tree.TreeMath" time="0.0"/>
  <testcase name="of node 259 should be 267" classname="com.github.traderjoe95.mls.protocol.tree.TreeMath" time="0.0"/>
  <testcase name="of node 260 should be 262" classname="com.github.traderjoe95.mls.protocol.tree.TreeMath" time="0.0"/>
  <testcase name="of node 261 should be 257" classname="com.github.traderjoe95.mls.protocol.tree.TreeMath" time="0.0"/>
  <testcase name="of node 262 should be 260" classname="com.github.traderjoe95.mls.protocol.tree.TreeMath" time="0.001"/>
  <testcase name="of node 263 should be 279" classname="com.github.traderjoe95.mls.protocol.tree.TreeMath" time="0.0"/>
  <testcase name="of node 264 should be 266" classname="com.github.traderjoe95.mls.protocol.tree.TreeMath" time="0.0"/>
  <testcase name="of node 265 should be 269" classname="com.github.traderjoe95.mls.protocol.tree.TreeMath" time="0.001"/>
  <testcase name="of node 266 should be 264" classname="com.github.traderjoe95.mls.protocol.tree.TreeMath" time="0.0"/>
  <testcase name="of node 267 should be 259" classname="com.github.traderjoe95.mls.protocol.tree.TreeMath" time="0.0"/>
  <testcase name="of node 268 should be 270" classname="com.github.traderjoe95.mls.protocol.tree.TreeMath" time="0.0"/>
  <testcase name="of node 269 should be 265" classname="com.github.traderjoe95.mls.protocol.tree.TreeMath" time="0.0"/>
  <testcase name="of node 270 should be 268" classname="com.github.traderjoe95.mls.protocol.tree.TreeMath" time="0.0"/>
  <testcase name="of node 271 should be 303" classname="com.github.traderjoe95.mls.protocol.tree.TreeMath" time="0.0"/>
  <testcase name="of node 272 should be 274" classname="com.github.traderjoe95.mls.protocol.tree.TreeMath" time="0.0"/>
  <testcase name="of node 273 should be 277" classname="com.github.traderjoe95.mls.protocol.tree.TreeMath" time="0.0"/>
  <testcase name="of node 274 should be 272" classname="com.github.traderjoe95.mls.protocol.tree.TreeMath" time="0.0"/>
  <testcase name="of node 275 should be 283" classname="com.github.traderjoe95.mls.protocol.tree.TreeMath" time="0.0"/>
  <testcase name="of node 276 should be 278" classname="com.github.traderjoe95.mls.protocol.tree.TreeMath" time="0.0"/>
  <testcase name="of node 277 should be 273" classname="com.github.traderjoe95.mls.protocol.tree.TreeMath" time="0.0"/>
  <testcase name="of node 278 should be 276" classname="com.github.traderjoe95.mls.protocol.tree.TreeMath" time="0.0"/>
  <testcase name="of node 279 should be 263" classname="com.github.traderjoe95.mls.protocol.tree.TreeMath" time="0.0"/>
  <testcase name="of node 280 should be 282" classname="com.github.traderjoe95.mls.protocol.tree.TreeMath" time="0.0"/>
  <testcase name="of node 281 should be 285" classname="com.github.traderjoe95.mls.protocol.tree.TreeMath" time="0.0"/>
  <testcase name="of node 282 should be 280" classname="com.github.traderjoe95.mls.protocol.tree.TreeMath" time="0.0"/>
  <testcase name="of node 283 should be 275" classname="com.github.traderjoe95.mls.protocol.tree.TreeMath" time="0.0"/>
  <testcase name="of node 284 should be 286" classname="com.github.traderjoe95.mls.protocol.tree.TreeMath" time="0.0"/>
  <testcase name="of node 285 should be 281" classname="com.github.traderjoe95.mls.protocol.tree.TreeMath" time="0.0"/>
  <testcase name="of node 286 should be 284" classname="com.github.traderjoe95.mls.protocol.tree.TreeMath" time="0.0"/>
  <testcase name="of node 287 should be 351" classname="com.github.traderjoe95.mls.protocol.tree.TreeMath" time="0.0"/>
  <testcase name="of node 288 should be 290" classname="com.github.traderjoe95.mls.protocol.tree.TreeMath" time="0.0"/>
  <testcase name="of node 289 should be 293" classname="com.github.traderjoe95.mls.protocol.tree.TreeMath" time="0.0"/>
  <testcase name="of node 290 should be 288" classname="com.github.traderjoe95.mls.protocol.tree.TreeMath" time="0.0"/>
  <testcase name="of node 291 should be 299" classname="com.github.traderjoe95.mls.protocol.tree.TreeMath" time="0.0"/>
  <testcase name="of node 292 should be 294" classname="com.github.traderjoe95.mls.protocol.tree.TreeMath" time="0.0"/>
  <testcase name="of node 293 should be 289" classname="com.github.traderjoe95.mls.protocol.tree.TreeMath" time="0.0"/>
  <testcase name="of node 294 should be 292" classname="com.github.traderjoe95.mls.protocol.tree.TreeMath" time="0.0"/>
  <testcase name="of node 295 should be 311" classname="com.github.traderjoe95.mls.protocol.tree.TreeMath" time="0.0"/>
  <testcase name="of node 296 should be 298" classname="com.github.traderjoe95.mls.protocol.tree.TreeMath" time="0.0"/>
  <testcase name="of node 297 should be 301" classname="com.github.traderjoe95.mls.protocol.tree.TreeMath" time="0.0"/>
  <testcase name="of node 298 should be 296" classname="com.github.traderjoe95.mls.protocol.tree.TreeMath" time="0.0"/>
  <testcase name="of node 299 should be 291" classname="com.github.traderjoe95.mls.protocol.tree.TreeMath" time="0.001"/>
  <testcase name="of node 300 should be 302" classname="com.github.traderjoe95.mls.protocol.tree.TreeMath" time="0.0"/>
  <testcase name="of node 301 should be 297" classname="com.github.traderjoe95.mls.protocol.tree.TreeMath" time="0.0"/>
  <testcase name="of node 302 should be 300" classname="com.github.traderjoe95.mls.protocol.tree.TreeMath" time="0.0"/>
  <testcase name="of node 303 should be 271" classname="com.github.traderjoe95.mls.protocol.tree.TreeMath" time="0.0"/>
  <testcase name="of node 304 should be 306" classname="com.github.traderjoe95.mls.protocol.tree.TreeMath" time="0.0"/>
  <testcase name="of node 305 should be 309" classname="com.github.traderjoe95.mls.protocol.tree.TreeMath" time="0.0"/>
  <testcase name="of node 306 should be 304" classname="com.github.traderjoe95.mls.protocol.tree.TreeMath" time="0.0"/>
  <testcase name="of node 307 should be 315" classname="com.github.traderjoe95.mls.protocol.tree.TreeMath" time="0.0"/>
  <testcase name="of node 308 should be 310" classname="com.github.traderjoe95.mls.protocol.tree.TreeMath" time="0.0"/>
  <testcase name="of node 309 should be 305" classname="com.github.traderjoe95.mls.protocol.tree.TreeMath" time="0.0"/>
  <testcase name="of node 310 should be 308" classname="com.github.traderjoe95.mls.protocol.tree.TreeMath" time="0.001"/>
  <testcase name="of node 311 should be 295" classname="com.github.traderjoe95.mls.protocol.tree.TreeMath" time="0.0"/>
  <testcase name="of node 312 should be 314" classname="com.github.traderjoe95.mls.protocol.tree.TreeMath" time="0.0"/>
  <testcase name="of node 313 should be 317" classname="com.github.traderjoe95.mls.protocol.tree.TreeMath" time="0.0"/>
  <testcase name="of node 314 should be 312" classname="com.github.traderjoe95.mls.protocol.tree.TreeMath" time="0.0"/>
  <testcase name="of node 315 should be 307" classname="com.github.traderjoe95.mls.protocol.tree.TreeMath" time="0.0"/>
  <testcase name="of node 316 should be 318" classname="com.github.traderjoe95.mls.protocol.tree.TreeMath" time="0.0"/>
  <testcase name="of node 317 should be 313" classname="com.github.traderjoe95.mls.protocol.tree.TreeMath" time="0.0"/>
  <testcase name="of node 318 should be 316" classname="com.github.traderjoe95.mls.protocol.tree.TreeMath" time="0.0"/>
  <testcase name="of node 319 should be 447" classname="com.github.traderjoe95.mls.protocol.tree.TreeMath" time="0.0"/>
  <testcase name="of node 320 should be 322" classname="com.github.traderjoe95.mls.protocol.tree.TreeMath" time="0.0"/>
  <testcase name="of node 321 should be 325" classname="com.github.traderjoe95.mls.protocol.tree.TreeMath" time="0.0"/>
  <testcase name="of node 322 should be 320" classname="com.github.traderjoe95.mls.protocol.tree.TreeMath" time="0.0"/>
  <testcase name="of node 323 should be 331" classname="com.github.traderjoe95.mls.protocol.tree.TreeMath" time="0.0"/>
  <testcase name="of node 324 should be 326" classname="com.github.traderjoe95.mls.protocol.tree.TreeMath" time="0.0"/>
  <testcase name="of node 325 should be 321" classname="com.github.traderjoe95.mls.protocol.tree.TreeMath" time="0.0"/>
  <testcase name="of node 326 should be 324" classname="com.github.traderjoe95.mls.protocol.tree.TreeMath" time="0.0"/>
  <testcase name="of node 327 should be 343" classname="com.github.traderjoe95.mls.protocol.tree.TreeMath" time="0.001"/>
  <testcase name="of node 328 should be 330" classname="com.github.traderjoe95.mls.protocol.tree.TreeMath" time="0.0"/>
  <testcase name="of node 329 should be 333" classname="com.github.traderjoe95.mls.protocol.tree.TreeMath" time="0.0"/>
  <testcase name="of node 330 should be 328" classname="com.github.traderjoe95.mls.protocol.tree.TreeMath" time="0.0"/>
  <testcase name="of node 331 should be 323" classname="com.github.traderjoe95.mls.protocol.tree.TreeMath" time="0.0"/>
  <testcase name="of node 332 should be 334" classname="com.github.traderjoe95.mls.protocol.tree.TreeMath" time="0.0"/>
  <testcase name="of node 333 should be 329" classname="com.github.traderjoe95.mls.protocol.tree.TreeMath" time="0.0"/>
  <testcase name="of node 334 should be 332" classname="com.github.traderjoe95.mls.protocol.tree.TreeMath" time="0.0"/>
  <testcase name="of node 335 should be 367" classname="com.github.traderjoe95.mls.protocol.tree.TreeMath" time="0.0"/>
  <testcase name="of node 336 should be 338" classname="com.github.traderjoe95.mls.protocol.tree.TreeMath" time="0.0"/>
  <testcase name="of node 337 should be 341" classname="com.github.traderjoe95.mls.protocol.tree.TreeMath" time="0.0"/>
  <testcase name="of node 338 should be 336" classname="com.github.traderjoe95.mls.protocol.tree.TreeMath" time="0.0"/>
  <testcase name="of node 339 should be 347" classname="com.github.traderjoe95.mls.protocol.tree.TreeMath" time="0.0"/>
  <testcase name="of node 340 should be 342" classname="com.github.traderjoe95.mls.protocol.tree.TreeMath" time="0.0"/>
  <testcase name="of node 341 should be 337" classname="com.github.traderjoe95.mls.protocol.tree.TreeMath" time="0.0"/>
  <testcase name="of node 342 should be 340" classname="com.github.traderjoe95.mls.protocol.tree.TreeMath" time="0.0"/>
  <testcase name="of node 343 should be 327" classname="com.github.traderjoe95.mls.protocol.tree.TreeMath" time="0.0"/>
  <testcase name="of node 344 should be 346" classname="com.github.traderjoe95.mls.protocol.tree.TreeMath" time="0.0"/>
  <testcase name="of node 345 should be 349" classname="com.github.traderjoe95.mls.protocol.tree.TreeMath" time="0.0"/>
  <testcase name="of node 346 should be 344" classname="com.github.traderjoe95.mls.protocol.tree.TreeMath" time="0.0"/>
  <testcase name="of node 347 should be 339" classname="com.github.traderjoe95.mls.protocol.tree.TreeMath" time="0.0"/>
  <testcase name="of node 348 should be 350" classname="com.github.traderjoe95.mls.protocol.tree.TreeMath" time="0.0"/>
  <testcase name="of node 349 should be 345" classname="com.github.traderjoe95.mls.protocol.tree.TreeMath" time="0.0"/>
  <testcase name="of node 350 should be 348" classname="com.github.traderjoe95.mls.protocol.tree.TreeMath" time="0.0"/>
  <testcase name="of node 351 should be 287" classname="com.github.traderjoe95.mls.protocol.tree.TreeMath" time="0.0"/>
  <testcase name="of node 352 should be 354" classname="com.github.traderjoe95.mls.protocol.tree.TreeMath" time="0.0"/>
  <testcase name="of node 353 should be 357" classname="com.github.traderjoe95.mls.protocol.tree.TreeMath" time="0.0"/>
  <testcase name="of node 354 should be 352" classname="com.github.traderjoe95.mls.protocol.tree.TreeMath" time="0.0"/>
  <testcase name="of node 355 should be 363" classname="com.github.traderjoe95.mls.protocol.tree.TreeMath" time="0.0"/>
  <testcase name="of node 356 should be 358" classname="com.github.traderjoe95.mls.protocol.tree.TreeMath" time="0.0"/>
  <testcase name="of node 357 should be 353" classname="com.github.traderjoe95.mls.protocol.tree.TreeMath" time="0.0"/>
  <testcase name="of node 358 should be 356" classname="com.github.traderjoe95.mls.protocol.tree.TreeMath" time="0.0"/>
  <testcase name="of node 359 should be 375" classname="com.github.traderjoe95.mls.protocol.tree.TreeMath" time="0.0"/>
  <testcase name="of node 360 should be 362" classname="com.github.traderjoe95.mls.protocol.tree.TreeMath" time="0.0"/>
  <testcase name="of node 361 should be 365" classname="com.github.traderjoe95.mls.protocol.tree.TreeMath" time="0.0"/>
  <testcase name="of node 362 should be 360" classname="com.github.traderjoe95.mls.protocol.tree.TreeMath" time="0.0"/>
  <testcase name="of node 363 should be 355" classname="com.github.traderjoe95.mls.protocol.tree.TreeMath" time="0.0"/>
  <testcase name="of node 364 should be 366" classname="com.github.traderjoe95.mls.protocol.tree.TreeMath" time="0.0"/>
  <testcase name="of node 365 should be 361" classname="com.github.traderjoe95.mls.protocol.tree.TreeMath" time="0.0"/>
  <testcase name="of node 366 should be 364" classname="com.github.traderjoe95.mls.protocol.tree.TreeMath" time="0.0"/>
  <testcase name="of node 367 should be 335" classname="com.github.traderjoe95.mls.protocol.tree.TreeMath" time="0.0"/>
  <testcase name="of node 368 should be 370" classname="com.github.traderjoe95.mls.protocol.tree.TreeMath" time="0.0"/>
  <testcase name="of node 369 should be 373" classname="com.github.traderjoe95.mls.protocol.tree.TreeMath" time="0.0"/>
  <testcase name="of node 370 should be 368" classname="com.github.traderjoe95.mls.protocol.tree.TreeMath" time="0.0"/>
  <testcase name="of node 371 should be 379" classname="com.github.traderjoe95.mls.protocol.tree.TreeMath" time="0.0"/>
  <testcase name="of node 372 should be 374" classname="com.github.traderjoe95.mls.protocol.tree.TreeMath" time="0.0"/>
  <testcase name="of node 373 should be 369" classname="com.github.traderjoe95.mls.protocol.tree.TreeMath" time="0.0"/>
  <testcase name="of node 374 should be 372" classname="com.github.traderjoe95.mls.protocol.tree.TreeMath" time="0.0"/>
  <testcase name="of node 375 should be 359" classname="com.github.traderjoe95.mls.protocol.tree.TreeMath" time="0.001"/>
  <testcase name="of node 376 should be 378" classname="com.github.traderjoe95.mls.protocol.tree.TreeMath" time="0.0"/>
  <testcase name="of node 377 should be 381" classname="com.github.traderjoe95.mls.protocol.tree.TreeMath" time="0.0"/>
  <testcase name="of node 378 should be 376" classname="com.github.traderjoe95.mls.protocol.tree.TreeMath" time="0.0"/>
  <testcase name="of node 379 should be 371" classname="com.github.traderjoe95.mls.protocol.tree.TreeMath" time="0.0"/>
  <testcase name="of node 380 should be 382" classname="com.github.traderjoe95.mls.protocol.tree.TreeMath" time="0.001"/>
  <testcase name="of node 381 should be 377" classname="com.github.traderjoe95.mls.protocol.tree.TreeMath" time="0.0"/>
  <testcase name="of node 382 should be 380" classname="com.github.traderjoe95.mls.protocol.tree.TreeMath" time="0.0"/>
  <testcase name="of node 383 should be 127" classname="com.github.traderjoe95.mls.protocol.tree.TreeMath" time="0.0"/>
  <testcase name="of node 384 should be 386" classname="com.github.traderjoe95.mls.protocol.tree.TreeMath" time="0.0"/>
  <testcase name="of node 385 should be 389" classname="com.github.traderjoe95.mls.protocol.tree.TreeMath" time="0.0"/>
  <testcase name="of node 386 should be 384" classname="com.github.traderjoe95.mls.protocol.tree.TreeMath" time="0.0"/>
  <testcase name="of node 387 should be 395" classname="com.github.traderjoe95.mls.protocol.tree.TreeMath" time="0.0"/>
  <testcase name="of node 388 should be 390" classname="com.github.traderjoe95.mls.protocol.tree.TreeMath" time="0.0"/>
  <testcase name="of node 389 should be 385" classname="com.github.traderjoe95.mls.protocol.tree.TreeMath" time="0.0"/>
  <testcase name="of node 390 should be 388" classname="com.github.traderjoe95.mls.protocol.tree.TreeMath" time="0.0"/>
  <testcase name="of node 391 should be 407" classname="com.github.traderjoe95.mls.protocol.tree.TreeMath" time="0.0"/>
  <testcase name="of node 392 should be 394" classname="com.github.traderjoe95.mls.protocol.tree.TreeMath" time="0.0"/>
  <testcase name="of node 393 should be 397" classname="com.github.traderjoe95.mls.protocol.tree.TreeMath" time="0.0"/>
  <testcase name="of node 394 should be 392" classname="com.github.traderjoe95.mls.protocol.tree.TreeMath" time="0.0"/>
  <testcase name="of node 395 should be 387" classname="com.github.traderjoe95.mls.protocol.tree.TreeMath" time="0.0"/>
  <testcase name="of node 396 should be 398" classname="com.github.traderjoe95.mls.protocol.tree.TreeMath" time="0.0"/>
  <testcase name="of node 397 should be 393" classname="com.github.traderjoe95.mls.protocol.tree.TreeMath" time="0.0"/>
  <testcase name="of node 398 should be 396" classname="com.github.traderjoe95.mls.protocol.tree.TreeMath" time="0.0"/>
  <testcase name="of node 399 should be 431" classname="com.github.traderjoe95.mls.protocol.tree.TreeMath" time="0.001"/>
  <testcase name="of node 400 should be 402" classname="com.github.traderjoe95.mls.protocol.tree.TreeMath" time="0.0"/>
  <testcase name="of node 401 should be 405" classname="com.github.traderjoe95.mls.protocol.tree.TreeMath" time="0.0"/>
  <testcase name="of node 402 should be 400" classname="com.github.traderjoe95.mls.protocol.tree.TreeMath" time="0.0"/>
  <testcase name="of node 403 should be 411" classname="com.github.traderjoe95.mls.protocol.tree.TreeMath" time="0.0"/>
  <testcase name="of node 404 should be 406" classname="com.github.traderjoe95.mls.protocol.tree.TreeMath" time="0.0"/>
  <testcase name="of node 405 should be 401" classname="com.github.traderjoe95.mls.protocol.tree.TreeMath" time="0.0"/>
  <testcase name="of node 406 should be 404" classname="com.github.traderjoe95.mls.protocol.tree.TreeMath" time="0.0"/>
  <testcase name="of node 407 should be 391" classname="com.github.traderjoe95.mls.protocol.tree.TreeMath" time="0.0"/>
  <testcase name="of node 408 should be 410" classname="com.github.traderjoe95.mls.protocol.tree.TreeMath" time="0.0"/>
  <testcase name="of node 409 should be 413" classname="com.github.traderjoe95.mls.protocol.tree.TreeMath" time="0.0"/>
  <testcase name="of node 410 should be 408" classname="com.github.traderjoe95.mls.protocol.tree.TreeMath" time="0.0"/>
  <testcase name="of node 411 should be 403" classname="com.github.traderjoe95.mls.protocol.tree.TreeMath" time="0.0"/>
  <testcase name="of node 412 should be 414" classname="com.github.traderjoe95.mls.protocol.tree.TreeMath" time="0.0"/>
  <testcase name="of node 413 should be 409" classname="com.github.traderjoe95.mls.protocol.tree.TreeMath" time="0.0"/>
  <testcase name="of node 414 should be 412" classname="com.github.traderjoe95.mls.protocol.tree.TreeMath" time="0.0"/>
  <testcase name="of node 415 should be 479" classname="com.github.traderjoe95.mls.protocol.tree.TreeMath" time="0.0"/>
  <testcase name="of node 416 should be 418" classname="com.github.traderjoe95.mls.protocol.tree.TreeMath" time="0.0"/>
  <testcase name="of node 417 should be 421" classname="com.github.traderjoe95.mls.protocol.tree.TreeMath" time="0.0"/>
  <testcase name="of node 418 should be 416" classname="com.github.traderjoe95.mls.protocol.tree.TreeMath" time="0.0"/>
  <testcase name="of node 419 should be 427" classname="com.github.traderjoe95.mls.protocol.tree.TreeMath" time="0.0"/>
  <testcase name="of node 420 should be 422" classname="com.github.traderjoe95.mls.protocol.tree.TreeMath" time="0.0"/>
  <testcase name="of node 421 should be 417" classname="com.github.traderjoe95.mls.protocol.tree.TreeMath" time="0.0"/>
  <testcase name="of node 422 should be 420" classname="com.github.traderjoe95.mls.protocol.tree.TreeMath" time="0.0"/>
  <testcase name="of node 423 should be 439" classname="com.github.traderjoe95.mls.protocol.tree.TreeMath" time="0.0"/>
  <testcase name="of node 424 should be 426" classname="com.github.traderjoe95.mls.protocol.tree.TreeMath" time="0.0"/>
  <testcase name="of node 425 should be 429" classname="com.github.traderjoe95.mls.protocol.tree.TreeMath" time="0.0"/>
  <testcase name="of node 426 should be 424" classname="com.github.traderjoe95.mls.protocol.tree.TreeMath" time="0.0"/>
  <testcase name="of node 427 should be 419" classname="com.github.traderjoe95.mls.protocol.tree.TreeMath" time="0.0"/>
  <testcase name="of node 428 should be 430" classname="com.github.traderjoe95.mls.protocol.tree.TreeMath" time="0.0"/>
  <testcase name="of node 429 should be 425" classname="com.github.traderjoe95.mls.protocol.tree.TreeMath" time="0.0"/>
  <testcase name="of node 430 should be 428" classname="com.github.traderjoe95.mls.protocol.tree.TreeMath" time="0.0"/>
  <testcase name="of node 431 should be 399" classname="com.github.traderjoe95.mls.protocol.tree.TreeMath" time="0.0"/>
  <testcase name="of node 432 should be 434" classname="com.github.traderjoe95.mls.protocol.tree.TreeMath" time="0.0"/>
  <testcase name="of node 433 should be 437" classname="com.github.traderjoe95.mls.protocol.tree.TreeMath" time="0.0"/>
  <testcase name="of node 434 should be 432" classname="com.github.traderjoe95.mls.protocol.tree.TreeMath" time="0.0"/>
  <testcase name="of node 435 should be 443" classname="com.github.traderjoe95.mls.protocol.tree.TreeMath" time="0.0"/>
  <testcase name="of node 436 should be 438" classname="com.github.traderjoe95.mls.protocol.tree.TreeMath" time="0.0"/>
  <testcase name="of node 437 should be 433" classname="com.github.traderjoe95.mls.protocol.tree.TreeMath" time="0.0"/>
  <testcase name="of node 438 should be 436" classname="com.github.traderjoe95.mls.protocol.tree.TreeMath" time="0.0"/>
  <testcase name="of node 439 should be 423" classname="com.github.traderjoe95.mls.protocol.tree.TreeMath" time="0.0"/>
  <testcase name="of node 440 should be 442" classname="com.github.traderjoe95.mls.protocol.tree.TreeMath" time="0.001"/>
  <testcase name="of node 441 should be 445" classname="com.github.traderjoe95.mls.protocol.tree.TreeMath" time="0.0"/>
  <testcase name="of node 442 should be 440" classname="com.github.traderjoe95.mls.protocol.tree.TreeMath" time="0.0"/>
  <testcase name="of node 443 should be 435" classname="com.github.traderjoe95.mls.protocol.tree.TreeMath" time="0.0"/>
  <testcase name="of node 444 should be 446" classname="com.github.traderjoe95.mls.protocol.tree.TreeMath" time="0.0"/>
  <testcase name="of node 445 should be 441" classname="com.github.traderjoe95.mls.protocol.tree.TreeMath" time="0.0"/>
  <testcase name="of node 446 should be 444" classname="com.github.traderjoe95.mls.protocol.tree.TreeMath" time="0.0"/>
  <testcase name="of node 447 should be 319" classname="com.github.traderjoe95.mls.protocol.tree.TreeMath" time="0.0"/>
  <testcase name="of node 448 should be 450" classname="com.github.traderjoe95.mls.protocol.tree.TreeMath" time="0.0"/>
  <testcase name="of node 449 should be 453" classname="com.github.traderjoe95.mls.protocol.tree.TreeMath" time="0.001"/>
  <testcase name="of node 450 should be 448" classname="com.github.traderjoe95.mls.protocol.tree.TreeMath" time="0.0"/>
  <testcase name="of node 451 should be 459" classname="com.github.traderjoe95.mls.protocol.tree.TreeMath" time="0.0"/>
  <testcase name="of node 452 should be 454" classname="com.github.traderjoe95.mls.protocol.tree.TreeMath" time="0.0"/>
  <testcase name="of node 453 should be 449" classname="com.github.traderjoe95.mls.protocol.tree.TreeMath" time="0.0"/>
  <testcase name="of node 454 should be 452" classname="com.github.traderjoe95.mls.protocol.tree.TreeMath" time="0.0"/>
  <testcase name="of node 455 should be 471" classname="com.github.traderjoe95.mls.protocol.tree.TreeMath" time="0.0"/>
  <testcase name="of node 456 should be 458" classname="com.github.traderjoe95.mls.protocol.tree.TreeMath" time="0.0"/>
  <testcase name="of node 457 should be 461" classname="com.github.traderjoe95.mls.protocol.tree.TreeMath" time="0.0"/>
  <testcase name="of node 458 should be 456" classname="com.github.traderjoe95.mls.protocol.tree.TreeMath" time="0.0"/>
  <testcase name="of node 459 should be 451" classname="com.github.traderjoe95.mls.protocol.tree.TreeMath" time="0.0"/>
  <testcase name="of node 460 should be 462" classname="com.github.traderjoe95.mls.protocol.tree.TreeMath" time="0.0"/>
  <testcase name="of node 461 should be 457" classname="com.github.traderjoe95.mls.protocol.tree.TreeMath" time="0.0"/>
  <testcase name="of node 462 should be 460" classname="com.github.traderjoe95.mls.protocol.tree.TreeMath" time="0.0"/>
  <testcase name="of node 463 should be 495" classname="com.github.traderjoe95.mls.protocol.tree.TreeMath" time="0.0"/>
  <testcase name="of node 464 should be 466" classname="com.github.traderjoe95.mls.protocol.tree.TreeMath" time="0.0"/>
  <testcase name="of node 465 should be 469" classname="com.github.traderjoe95.mls.protocol.tree.TreeMath" time="0.0"/>
  <testcase name="of node 466 should be 464" classname="com.github.traderjoe95.mls.protocol.tree.TreeMath" time="0.0"/>
  <testcase name="of node 467 should be 475" classname="com.github.traderjoe95.mls.protocol.tree.TreeMath" time="0.0"/>
  <testcase name="of node 468 should be 470" classname="com.github.traderjoe95.mls.protocol.tree.TreeMath" time="0.0"/>
  <testcase name="of node 469 should be 465" classname="com.github.traderjoe95.mls.protocol.tree.TreeMath" time="0.0"/>
  <testcase name="of node 470 should be 468" classname="com.github.traderjoe95.mls.protocol.tree.TreeMath" time="0.0"/>
  <testcase name="of node 471 should be 455" classname="com.github.traderjoe95.mls.protocol.tree.TreeMath" time="0.0"/>
  <testcase name="of node 472 should be 474" classname="com.github.traderjoe95.mls.protocol.tree.TreeMath" time="0.0"/>
  <testcase name="of node 473 should be 477" classname="com.github.traderjoe95.mls.protocol.tree.TreeMath" time="0.0"/>
  <testcase name="of node 474 should be 472" classname="com.github.traderjoe95.mls.protocol.tree.TreeMath" time="0.0"/>
  <testcase name="of node 475 should be 467" classname="com.github.traderjoe95.mls.protocol.tree.TreeMath" time="0.0"/>
  <testcase name="of node 476 should be 478" classname="com.github.traderjoe95.mls.protocol.tree.TreeMath" time="0.0"/>
  <testcase name="of node 477 should be 473" classname="com.github.traderjoe95.mls.protocol.tree.TreeMath" time="0.0"/>
  <testcase name="of node 478 should be 476" classname="com.github.traderjoe95.mls.protocol.tree.TreeMath" time="0.0"/>
  <testcase name="of node 479 should be 415" classname="com.github.traderjoe95.mls.protocol.tree.TreeMath" time="0.0"/>
  <testcase name="of node 480 should be 482" classname="com.github.traderjoe95.mls.protocol.tree.TreeMath" time="0.0"/>
  <testcase name="of node 481 should be 485" classname="com.github.traderjoe95.mls.protocol.tree.TreeMath" time="0.0"/>
  <testcase name="of node 482 should be 480" classname="com.github.traderjoe95.mls.protocol.tree.TreeMath" time="0.0"/>
  <testcase name="of node 483 should be 491" classname="com.github.traderjoe95.mls.protocol.tree.TreeMath" time="0.0"/>
  <testcase name="of node 484 should be 486" classname="com.github.traderjoe95.mls.protocol.tree.TreeMath" time="0.0"/>
  <testcase name="of node 485 should be 481" classname="com.github.traderjoe95.mls.protocol.tree.TreeMath" time="0.001"/>
  <testcase name="of node 486 should be 484" classname="com.github.traderjoe95.mls.protocol.tree.TreeMath" time="0.0"/>
  <testcase name="of node 487 should be 503" classname="com.github.traderjoe95.mls.protocol.tree.TreeMath" time="0.0"/>
  <testcase name="of node 488 should be 490" classname="com.github.traderjoe95.mls.protocol.tree.TreeMath" time="0.0"/>
  <testcase name="of node 489 should be 493" classname="com.github.traderjoe95.mls.protocol.tree.TreeMath" time="0.0"/>
  <testcase name="of node 490 should be 488" classname="com.github.traderjoe95.mls.protocol.tree.TreeMath" time="0.0"/>
  <testcase name="of node 491 should be 483" classname="com.github.traderjoe95.mls.protocol.tree.TreeMath" time="0.0"/>
  <testcase name="of node 492 should be 494" classname="com.github.traderjoe95.mls.protocol.tree.TreeMath" time="0.0"/>
  <testcase name="of node 493 should be 489" classname="com.github.traderjoe95.mls.protocol.tree.TreeMath" time="0.0"/>
  <testcase name="of node 494 should be 492" classname="com.github.traderjoe95.mls.protocol.tree.TreeMath" time="0.0"/>
  <testcase name="of node 495 should be 463" classname="com.github.traderjoe95.mls.protocol.tree.TreeMath" time="0.0"/>
  <testcase name="of node 496 should be 498" classname="com.github.traderjoe95.mls.protocol.tree.TreeMath" time="0.0"/>
  <testcase name="of node 497 should be 501" classname="com.github.traderjoe95.mls.protocol.tree.TreeMath" time="0.0"/>
  <testcase name="of node 498 should be 496" classname="com.github.traderjoe95.mls.protocol.tree.TreeMath" time="0.0"/>
  <testcase name="of node 499 should be 507" classname="com.github.traderjoe95.mls.protocol.tree.TreeMath" time="0.0"/>
  <testcase name="of node 500 should be 502" classname="com.github.traderjoe95.mls.protocol.tree.TreeMath" time="0.0"/>
  <testcase name="of node 501 should be 497" classname="com.github.traderjoe95.mls.protocol.tree.TreeMath" time="0.0"/>
  <testcase name="of node 502 should be 500" classname="com.github.traderjoe95.mls.protocol.tree.TreeMath" time="0.0"/>
  <testcase name="of node 503 should be 487" classname="com.github.traderjoe95.mls.protocol.tree.TreeMath" time="0.0"/>
  <testcase name="of node 504 should be 506" classname="com.github.traderjoe95.mls.protocol.tree.TreeMath" time="0.0"/>
  <testcase name="of node 505 should be 509" classname="com.github.traderjoe95.mls.protocol.tree.TreeMath" time="0.0"/>
  <testcase name="of node 506 should be 504" classname="com.github.traderjoe95.mls.protocol.tree.TreeMath" time="0.0"/>
  <testcase name="of node 507 should be 499" classname="com.github.traderjoe95.mls.protocol.tree.TreeMath" time="0.0"/>
  <testcase name="of node 508 should be 510" classname="com.github.traderjoe95.mls.protocol.tree.TreeMath" time="0.0"/>
  <testcase name="of node 509 should be 505" classname="com.github.traderjoe95.mls.protocol.tree.TreeMath" time="0.0"/>
  <testcase name="of node 510 should be 508" classname="com.github.traderjoe95.mls.protocol.tree.TreeMath" time="0.0"/>
  <testcase name="there should be 1023 nodes" classname="com.github.traderjoe95.mls.protocol.tree.TreeMath" time="0.001"/>
  <testcase name="the root should have index 511" classname="com.github.traderjoe95.mls.protocol.tree.TreeMath" time="0.0"/>
  <testcase name="of node 1 should be 0" classname="com.github.traderjoe95.mls.protocol.tree.TreeMath" time="0.0"/>
  <testcase name="of node 3 should be 1" classname="com.github.traderjoe95.mls.protocol.tree.TreeMath" time="0.0"/>
  <testcase name="of node 5 should be 4" classname="com.github.traderjoe95.mls.protocol.tree.TreeMath" time="0.0"/>
  <testcase name="of node 7 should be 3" classname="com.github.traderjoe95.mls.protocol.tree.TreeMath" time="0.0"/>
  <testcase name="of node 9 should be 8" classname="com.github.traderjoe95.mls.protocol.tree.TreeMath" time="0.0"/>
  <testcase name="of node 11 should be 9" classname="com.github.traderjoe95.mls.protocol.tree.TreeMath" time="0.0"/>
  <testcase name="of node 13 should be 12" classname="com.github.traderjoe95.mls.protocol.tree.TreeMath" time="0.0"/>
  <testcase name="of node 15 should be 7" classname="com.github.traderjoe95.mls.protocol.tree.TreeMath" time="0.0"/>
  <testcase name="of node 17 should be 16" classname="com.github.traderjoe95.mls.protocol.tree.TreeMath" time="0.0"/>
  <testcase name="of node 19 should be 17" classname="com.github.traderjoe95.mls.protocol.tree.TreeMath" time="0.0"/>
  <testcase name="of node 21 should be 20" classname="com.github.traderjoe95.mls.protocol.tree.TreeMath" time="0.0"/>
  <testcase name="of node 23 should be 19" classname="com.github.traderjoe95.mls.protocol.tree.TreeMath" time="0.0"/>
  <testcase name="of node 25 should be 24" classname="com.github.traderjoe95.mls.protocol.tree.TreeMath" time="0.0"/>
  <testcase name="of node 27 should be 25" classname="com.github.traderjoe95.mls.protocol.tree.TreeMath" time="0.0"/>
  <testcase name="of node 29 should be 28" classname="com.github.traderjoe95.mls.protocol.tree.TreeMath" time="0.0"/>
  <testcase name="of node 31 should be 15" classname="com.github.traderjoe95.mls.protocol.tree.TreeMath" time="0.0"/>
  <testcase name="of node 33 should be 32" classname="com.github.traderjoe95.mls.protocol.tree.TreeMath" time="0.0"/>
  <testcase name="of node 35 should be 33" classname="com.github.traderjoe95.mls.protocol.tree.TreeMath" time="0.0"/>
  <testcase name="of node 37 should be 36" classname="com.github.traderjoe95.mls.protocol.tree.TreeMath" time="0.0"/>
  <testcase name="of node 39 should be 35" classname="com.github.traderjoe95.mls.protocol.tree.TreeMath" time="0.0"/>
  <testcase name="of node 41 should be 40" classname="com.github.traderjoe95.mls.protocol.tree.TreeMath" time="0.0"/>
  <testcase name="of node 43 should be 41" classname="com.github.traderjoe95.mls.protocol.tree.TreeMath" time="0.0"/>
  <testcase name="of node 45 should be 44" classname="com.github.traderjoe95.mls.protocol.tree.TreeMath" time="0.0"/>
  <testcase name="of node 47 should be 39" classname="com.github.traderjoe95.mls.protocol.tree.TreeMath" time="0.0"/>
  <testcase name="of node 49 should be 48" classname="com.github.traderjoe95.mls.protocol.tree.TreeMath" time="0.0"/>
  <testcase name="of node 51 should be 49" classname="com.github.traderjoe95.mls.protocol.tree.TreeMath" time="0.0"/>
  <testcase name="of node 53 should be 52" classname="com.github.traderjoe95.mls.protocol.tree.TreeMath" time="0.0"/>
  <testcase name="of node 55 should be 51" classname="com.github.traderjoe95.mls.protocol.tree.TreeMath" time="0.0"/>
  <testcase name="of node 57 should be 56" classname="com.github.traderjoe95.mls.protocol.tree.TreeMath" time="0.001"/>
  <testcase name="of node 59 should be 57" classname="com.github.traderjoe95.mls.protocol.tree.TreeMath" time="0.0"/>
  <testcase name="of node 61 should be 60" classname="com.github.traderjoe95.mls.protocol.tree.TreeMath" time="0.0"/>
  <testcase name="of node 63 should be 31" classname="com.github.traderjoe95.mls.protocol.tree.TreeMath" time="0.0"/>
  <testcase name="of node 65 should be 64" classname="com.github.traderjoe95.mls.protocol.tree.TreeMath" time="0.0"/>
  <testcase name="of node 67 should be 65" classname="com.github.traderjoe95.mls.protocol.tree.TreeMath" time="0.0"/>
  <testcase name="of node 69 should be 68" classname="com.github.traderjoe95.mls.protocol.tree.TreeMath" time="0.0"/>
  <testcase name="of node 71 should be 67" classname="com.github.traderjoe95.mls.protocol.tree.TreeMath" time="0.0"/>
  <testcase name="of node 73 should be 72" classname="com.github.traderjoe95.mls.protocol.tree.TreeMath" time="0.0"/>
  <testcase name="of node 75 should be 73" classname="com.github.traderjoe95.mls.protocol.tree.TreeMath" time="0.001"/>
  <testcase name="of node 77 should be 76" classname="com.github.traderjoe95.mls.protocol.tree.TreeMath" time="0.0"/>
  <testcase name="of node 79 should be 71" classname="com.github.traderjoe95.mls.protocol.tree.TreeMath" time="0.0"/>
  <testcase name="of node 81 should be 80" classname="com.github.traderjoe95.mls.protocol.tree.TreeMath" time="0.0"/>
  <testcase name="of node 83 should be 81" classname="com.github.traderjoe95.mls.protocol.tree.TreeMath" time="0.0"/>
  <testcase name="of node 85 should be 84" classname="com.github.traderjoe95.mls.protocol.tree.TreeMath" time="0.0"/>
  <testcase name="of node 87 should be 83" classname="com.github.traderjoe95.mls.protocol.tree.TreeMath" time="0.0"/>
  <testcase name="of node 89 should be 88" classname="com.github.traderjoe95.mls.protocol.tree.TreeMath" time="0.0"/>
  <testcase name="of node 91 should be 89" classname="com.github.traderjoe95.mls.protocol.tree.TreeMath" time="0.0"/>
  <testcase name="of node 93 should be 92" classname="com.github.traderjoe95.mls.protocol.tree.TreeMath" time="0.0"/>
  <testcase name="of node 95 should be 79" classname="com.github.traderjoe95.mls.protocol.tree.TreeMath" time="0.0"/>
  <testcase name="of node 97 should be 96" classname="com.github.traderjoe95.mls.protocol.tree.TreeMath" time="0.0"/>
  <testcase name="of node 99 should be 97" classname="com.github.traderjoe95.mls.protocol.tree.TreeMath" time="0.0"/>
  <testcase name="of node 101 should be 100" classname="com.github.traderjoe95.mls.protocol.tree.TreeMath" time="0.0"/>
  <testcase name="of node 103 should be 99" classname="com.github.traderjoe95.mls.protocol.tree.TreeMath" time="0.0"/>
  <testcase name="of node 105 should be 104" classname="com.github.traderjoe95.mls.protocol.tree.TreeMath" time="0.0"/>
  <testcase name="of node 107 should be 105" classname="com.github.traderjoe95.mls.protocol.tree.TreeMath" time="0.0"/>
  <testcase name="of node 109 should be 108" classname="com.github.traderjoe95.mls.protocol.tree.TreeMath" time="0.0"/>
  <testcase name="of node 111 should be 103" classname="com.github.traderjoe95.mls.protocol.tree.TreeMath" time="0.0"/>
  <testcase name="of node 113 should be 112" classname="com.github.traderjoe95.mls.protocol.tree.TreeMath" time="0.001"/>
  <testcase name="of node 115 should be 113" classname="com.github.traderjoe95.mls.protocol.tree.TreeMath" time="0.0"/>
  <testcase name="of node 117 should be 116" classname="com.github.traderjoe95.mls.protocol.tree.TreeMath" time="0.0"/>
  <testcase name="of node 119 should be 115" classname="com.github.traderjoe95.mls.protocol.tree.TreeMath" time="0.0"/>
  <testcase name="of node 121 should be 120" classname="com.github.traderjoe95.mls.protocol.tree.TreeMath" time="0.0"/>
  <testcase name="of node 123 should be 121" classname="com.github.traderjoe95.mls.protocol.tree.TreeMath" time="0.0"/>
  <testcase name="of node 125 should be 124" classname="com.github.traderjoe95.mls.protocol.tree.TreeMath" time="0.0"/>
  <testcase name="of node 127 should be 63" classname="com.github.traderjoe95.mls.protocol.tree.TreeMath" time="0.0"/>
  <testcase name="of node 129 should be 128" classname="com.github.traderjoe95.mls.protocol.tree.TreeMath" time="0.0"/>
  <testcase name="of node 131 should be 129" classname="com.github.traderjoe95.mls.protocol.tree.TreeMath" time="0.0"/>
  <testcase name="of node 133 should be 132" classname="com.github.traderjoe95.mls.protocol.tree.TreeMath" time="0.0"/>
  <testcase name="of node 135 should be 131" classname="com.github.traderjoe95.mls.protocol.tree.TreeMath" time="0.0"/>
  <testcase name="of node 137 should be 136" classname="com.github.traderjoe95.mls.protocol.tree.TreeMath" time="0.0"/>
  <testcase name="of node 139 should be 137" classname="com.github.traderjoe95.mls.protocol.tree.TreeMath" time="0.0"/>
  <testcase name="of node 141 should be 140" classname="com.github.traderjoe95.mls.protocol.tree.TreeMath" time="0.0"/>
  <testcase name="of node 143 should be 135" classname="com.github.traderjoe95.mls.protocol.tree.TreeMath" time="0.0"/>
  <testcase name="of node 145 should be 144" classname="com.github.traderjoe95.mls.protocol.tree.TreeMath" time="0.0"/>
  <testcase name="of node 147 should be 145" classname="com.github.traderjoe95.mls.protocol.tree.TreeMath" time="0.0"/>
  <testcase name="of node 149 should be 148" classname="com.github.traderjoe95.mls.protocol.tree.TreeMath" time="0.0"/>
  <testcase name="of node 151 should be 147" classname="com.github.traderjoe95.mls.protocol.tree.TreeMath" time="0.0"/>
  <testcase name="of node 153 should be 152" classname="com.github.traderjoe95.mls.protocol.tree.TreeMath" time="0.0"/>
  <testcase name="of node 155 should be 153" classname="com.github.traderjoe95.mls.protocol.tree.TreeMath" time="0.0"/>
  <testcase name="of node 157 should be 156" classname="com.github.traderjoe95.mls.protocol.tree.TreeMath" time="0.0"/>
  <testcase name="of node 159 should be 143" classname="com.github.traderjoe95.mls.protocol.tree.TreeMath" time="0.0"/>
  <testcase name="of node 161 should be 160" classname="com.github.traderjoe95.mls.protocol.tree.TreeMath" time="0.0"/>
  <testcase name="of node 163 should be 161" classname="com.github.traderjoe95.mls.protocol.tree.TreeMath" time="0.0"/>
  <testcase name="of node 165 should be 164" classname="com.github.traderjoe95.mls.protocol.tree.TreeMath" time="0.0"/>
  <testcase name="of node 167 should be 163" classname="com.github.traderjoe95.mls.protocol.tree.TreeMath" time="0.0"/>
  <testcase name="of node 169 should be 168" classname="com.github.traderjoe95.mls.protocol.tree.TreeMath" time="0.0"/>
  <testcase name="of node 171 should be 169" classname="com.github.traderjoe95.mls.protocol.tree.TreeMath" time="0.0"/>
  <testcase name="of node 173 should be 172" classname="com.github.traderjoe95.mls.protocol.tree.TreeMath" time="0.0"/>
  <testcase name="of node 175 should be 167" classname="com.github.traderjoe95.mls.protocol.tree.TreeMath" time="0.0"/>
  <testcase name="of node 177 should be 176" classname="com.github.traderjoe95.mls.protocol.tree.TreeMath" time="0.0"/>
  <testcase name="of node 179 should be 177" classname="com.github.traderjoe95.mls.protocol.tree.TreeMath" time="0.0"/>
  <testcase name="of node 181 should be 180" classname="com.github.traderjoe95.mls.protocol.tree.TreeMath" time="0.0"/>
  <testcase name="of node 183 should be 179" classname="com.github.traderjoe95.mls.protocol.tree.TreeMath" time="0.0"/>
  <testcase name="of node 185 should be 184" classname="com.github.traderjoe95.mls.protocol.tree.TreeMath" time="0.0"/>
  <testcase name="of node 187 should be 185" classname="com.github.traderjoe95.mls.protocol.tree.TreeMath" time="0.0"/>
  <testcase name="of node 189 should be 188" classname="com.github.traderjoe95.mls.protocol.tree.TreeMath" time="0.0"/>
  <testcase name="of node 191 should be 159" classname="com.github.traderjoe95.mls.protocol.tree.TreeMath" time="0.0"/>
  <testcase name="of node 193 should be 192" classname="com.github.traderjoe95.mls.protocol.tree.TreeMath" time="0.0"/>
  <testcase name="of node 195 should be 193" classname="com.github.traderjoe95.mls.protocol.tree.TreeMath" time="0.0"/>
  <testcase name="of node 197 should be 196" classname="com.github.traderjoe95.mls.protocol.tree.TreeMath" time="0.0"/>
  <testcase name="of node 199 should be 195" classname="com.github.traderjoe95.mls.protocol.tree.TreeMath" time="0.0"/>
  <testcase name="of node 201 should be 200" classname="com.github.traderjoe95.mls.protocol.tree.TreeMath" time="0.0"/>
  <testcase name="of node 203 should be 201" classname="com.github.traderjoe95.mls.protocol.tree.TreeMath" time="0.0"/>
  <testcase name="of node 205 should be 204" classname="com.github.traderjoe95.mls.protocol.tree.TreeMath" time="0.0"/>
  <testcase name="of node 207 should be 199" classname="com.github.traderjoe95.mls.protocol.tree.TreeMath" time="0.0"/>
  <testcase name="of node 209 should be 208" classname="com.github.traderjoe95.mls.protocol.tree.TreeMath" time="0.0"/>
  <testcase name="of node 211 should be 209" classname="com.github.traderjoe95.mls.protocol.tree.TreeMath" time="0.0"/>
  <testcase name="of node 213 should be 212" classname="com.github.traderjoe95.mls.protocol.tree.TreeMath" time="0.0"/>
  <testcase name="of node 215 should be 211" classname="com.github.traderjoe95.mls.protocol.tree.TreeMath" time="0.0"/>
  <testcase name="of node 217 should be 216" classname="com.github.traderjoe95.mls.protocol.tree.TreeMath" time="0.0"/>
  <testcase name="of node 219 should be 217" classname="com.github.traderjoe95.mls.protocol.tree.TreeMath" time="0.0"/>
  <testcase name="of node 221 should be 220" classname="com.github.traderjoe95.mls.protocol.tree.TreeMath" time="0.0"/>
  <testcase name="of node 223 should be 207" classname="com.github.traderjoe95.mls.protocol.tree.TreeMath" time="0.0"/>
  <testcase name="of node 225 should be 224" classname="com.github.traderjoe95.mls.protocol.tree.TreeMath" time="0.0"/>
  <testcase name="of node 227 should be 225" classname="com.github.traderjoe95.mls.protocol.tree.TreeMath" time="0.0"/>
  <testcase name="of node 229 should be 228" classname="com.github.traderjoe95.mls.protocol.tree.TreeMath" time="0.0"/>
  <testcase name="of node 231 should be 227" classname="com.github.traderjoe95.mls.protocol.tree.TreeMath" time="0.0"/>
  <testcase name="of node 233 should be 232" classname="com.github.traderjoe95.mls.protocol.tree.TreeMath" time="0.0"/>
  <testcase name="of node 235 should be 233" classname="com.github.traderjoe95.mls.protocol.tree.TreeMath" time="0.001"/>
  <testcase name="of node 237 should be 236" classname="com.github.traderjoe95.mls.protocol.tree.TreeMath" time="0.0"/>
  <testcase name="of node 239 should be 231" classname="com.github.traderjoe95.mls.protocol.tree.TreeMath" time="0.0"/>
  <testcase name="of node 241 should be 240" classname="com.github.traderjoe95.mls.protocol.tree.TreeMath" time="0.0"/>
  <testcase name="of node 243 should be 241" classname="com.github.traderjoe95.mls.protocol.tree.TreeMath" time="0.0"/>
  <testcase name="of node 245 should be 244" classname="com.github.traderjoe95.mls.protocol.tree.TreeMath" time="0.0"/>
  <testcase name="of node 247 should be 243" classname="com.github.traderjoe95.mls.protocol.tree.TreeMath" time="0.0"/>
  <testcase name="of node 249 should be 248" classname="com.github.traderjoe95.mls.protocol.tree.TreeMath" time="0.0"/>
  <testcase name="of node 251 should be 249" classname="com.github.traderjoe95.mls.protocol.tree.TreeMath" time="0.0"/>
  <testcase name="of node 253 should be 252" classname="com.github.traderjoe95.mls.protocol.tree.TreeMath" time="0.0"/>
  <testcase name="of node 255 should be 127" classname="com.github.traderjoe95.mls.protocol.tree.TreeMath" time="0.0"/>
  <testcase name="of node 257 should be 256" classname="com.github.traderjoe95.mls.protocol.tree.TreeMath" time="0.0"/>
  <testcase name="of node 259 should be 257" classname="com.github.traderjoe95.mls.protocol.tree.TreeMath" time="0.0"/>
  <testcase name="of node 261 should be 260" classname="com.github.traderjoe95.mls.protocol.tree.TreeMath" time="0.0"/>
  <testcase name="of node 263 should be 259" classname="com.github.traderjoe95.mls.protocol.tree.TreeMath" time="0.0"/>
  <testcase name="of node 265 should be 264" classname="com.github.traderjoe95.mls.protocol.tree.TreeMath" time="0.0"/>
  <testcase name="of node 267 should be 265" classname="com.github.traderjoe95.mls.protocol.tree.TreeMath" time="0.0"/>
  <testcase name="of node 269 should be 268" classname="com.github.traderjoe95.mls.protocol.tree.TreeMath" time="0.0"/>
  <testcase name="of node 271 should be 263" classname="com.github.traderjoe95.mls.protocol.tree.TreeMath" time="0.0"/>
  <testcase name="of node 273 should be 272" classname="com.github.traderjoe95.mls.protocol.tree.TreeMath" time="0.0"/>
  <testcase name="of node 275 should be 273" classname="com.github.traderjoe95.mls.protocol.tree.TreeMath" time="0.0"/>
  <testcase name="of node 277 should be 276" classname="com.github.traderjoe95.mls.protocol.tree.TreeMath" time="0.001"/>
  <testcase name="of node 279 should be 275" classname="com.github.traderjoe95.mls.protocol.tree.TreeMath" time="0.0"/>
  <testcase name="of node 281 should be 280" classname="com.github.traderjoe95.mls.protocol.tree.TreeMath" time="0.0"/>
  <testcase name="of node 283 should be 281" classname="com.github.traderjoe95.mls.protocol.tree.TreeMath" time="0.0"/>
  <testcase name="of node 285 should be 284" classname="com.github.traderjoe95.mls.protocol.tree.TreeMath" time="0.0"/>
  <testcase name="of node 287 should be 271" classname="com.github.traderjoe95.mls.protocol.tree.TreeMath" time="0.0"/>
  <testcase name="of node 289 should be 288" classname="com.github.traderjoe95.mls.protocol.tree.TreeMath" time="0.0"/>
  <testcase name="of node 291 should be 289" classname="com.github.traderjoe95.mls.protocol.tree.TreeMath" time="0.0"/>
  <testcase name="of node 293 should be 292" classname="com.github.traderjoe95.mls.protocol.tree.TreeMath" time="0.0"/>
  <testcase name="of node 295 should be 291" classname="com.github.traderjoe95.mls.protocol.tree.TreeMath" time="0.0"/>
  <testcase name="of node 297 should be 296" classname="com.github.traderjoe95.mls.protocol.tree.TreeMath" time="0.0"/>
  <testcase name="of node 299 should be 297" classname="com.github.traderjoe95.mls.protocol.tree.TreeMath" time="0.001"/>
  <testcase name="of node 301 should be 300" classname="com.github.traderjoe95.mls.protocol.tree.TreeMath" time="0.0"/>
  <testcase name="of node 303 should be 295" classname="com.github.traderjoe95.mls.protocol.tree.TreeMath" time="0.0"/>
  <testcase name="of node 305 should be 304" classname="com.github.traderjoe95.mls.protocol.tree.TreeMath" time="0.0"/>
  <testcase name="of node 307 should be 305" classname="com.github.traderjoe95.mls.protocol.tree.TreeMath" time="0.0"/>
  <testcase name="of node 309 should be 308" classname="com.github.traderjoe95.mls.protocol.tree.TreeMath" time="0.001"/>
  <testcase name="of node 311 should be 307" classname="com.github.traderjoe95.mls.protocol.tree.TreeMath" time="0.0"/>
  <testcase name="of node 313 should be 312" classname="com.github.traderjoe95.mls.protocol.tree.TreeMath" time="0.0"/>
  <testcase name="of node 315 should be 313" classname="com.github.traderjoe95.mls.protocol.tree.TreeMath" time="0.0"/>
  <testcase name="of node 317 should be 316" classname="com.github.traderjoe95.mls.protocol.tree.TreeMath" time="0.0"/>
  <testcase name="of node 319 should be 287" classname="com.github.traderjoe95.mls.protocol.tree.TreeMath" time="0.0"/>
  <testcase name="of node 321 should be 320" classname="com.github.traderjoe95.mls.protocol.tree.TreeMath" time="0.0"/>
  <testcase name="of node 323 should be 321" classname="com.github.traderjoe95.mls.protocol.tree.TreeMath" time="0.0"/>
  <testcase name="of node 325 should be 324" classname="com.github.traderjoe95.mls.protocol.tree.TreeMath" time="0.0"/>
  <testcase name="of node 327 should be 323" classname="com.github.traderjoe95.mls.protocol.tree.TreeMath" time="0.0"/>
  <testcase name="of node 329 should be 328" classname="com.github.traderjoe95.mls.protocol.tree.TreeMath" time="0.0"/>
  <testcase name="of node 331 should be 329" classname="com.github.traderjoe95.mls.protocol.tree.TreeMath" time="0.0"/>
  <testcase name="of node 333 should be 332" classname="com.github.traderjoe95.mls.protocol.tree.TreeMath" time="0.0"/>
  <testcase name="of node 335 should be 327" classname="com.github.traderjoe95.mls.protocol.tree.TreeMath" time="0.0"/>
  <testcase name="of node 337 should be 336" classname="com.github.traderjoe95.mls.protocol.tree.TreeMath" time="0.0"/>
  <testcase name="of node 339 should be 337" classname="com.github.traderjoe95.mls.protocol.tree.TreeMath" time="0.0"/>
  <testcase name="of node 341 should be 340" classname="com.github.traderjoe95.mls.protocol.tree.TreeMath" time="0.0"/>
  <testcase name="of node 343 should be 339" classname="com.github.traderjoe95.mls.protocol.tree.TreeMath" time="0.0"/>
  <testcase name="of node 345 should be 344" classname="com.github.traderjoe95.mls.protocol.tree.TreeMath" time="0.0"/>
  <testcase name="of node 347 should be 345" classname="com.github.traderjoe95.mls.protocol.tree.TreeMath" time="0.001"/>
  <testcase name="of node 349 should be 348" classname="com.github.traderjoe95.mls.protocol.tree.TreeMath" time="0.0"/>
  <testcase name="of node 351 should be 335" classname="com.github.traderjoe95.mls.protocol.tree.TreeMath" time="0.0"/>
  <testcase name="of node 353 should be 352" classname="com.github.traderjoe95.mls.protocol.tree.TreeMath" time="0.0"/>
  <testcase name="of node 355 should be 353" classname="com.github.traderjoe95.mls.protocol.tree.TreeMath" time="0.0"/>
  <testcase name="of node 357 should be 356" classname="com.github.traderjoe95.mls.protocol.tree.TreeMath" time="0.0"/>
  <testcase name="of node 359 should be 355" classname="com.github.traderjoe95.mls.protocol.tree.TreeMath" time="0.0"/>
  <testcase name="of node 361 should be 360" classname="com.github.traderjoe95.mls.protocol.tree.TreeMath" time="0.0"/>
  <testcase name="of node 363 should be 361" classname="com.github.traderjoe95.mls.protocol.tree.TreeMath" time="0.0"/>
  <testcase name="of node 365 should be 364" classname="com.github.traderjoe95.mls.protocol.tree.TreeMath" time="0.0"/>
  <testcase name="of node 367 should be 359" classname="com.github.traderjoe95.mls.protocol.tree.TreeMath" time="0.0"/>
  <testcase name="of node 369 should be 368" classname="com.github.traderjoe95.mls.protocol.tree.TreeMath" time="0.0"/>
  <testcase name="of node 371 should be 369" classname="com.github.traderjoe95.mls.protocol.tree.TreeMath" time="0.0"/>
  <testcase name="of node 373 should be 372" classname="com.github.traderjoe95.mls.protocol.tree.TreeMath" time="0.0"/>
  <testcase name="of node 375 should be 371" classname="com.github.traderjoe95.mls.protocol.tree.TreeMath" time="0.0"/>
  <testcase name="of node 377 should be 376" classname="com.github.traderjoe95.mls.protocol.tree.TreeMath" time="0.0"/>
  <testcase name="of node 379 should be 377" classname="com.github.traderjoe95.mls.protocol.tree.TreeMath" time="0.0"/>
  <testcase name="of node 381 should be 380" classname="com.github.traderjoe95.mls.protocol.tree.TreeMath" time="0.0"/>
  <testcase name="of node 383 should be 319" classname="com.github.traderjoe95.mls.protocol.tree.TreeMath" time="0.0"/>
  <testcase name="of node 385 should be 384" classname="com.github.traderjoe95.mls.protocol.tree.TreeMath" time="0.0"/>
  <testcase name="of node 387 should be 385" classname="com.github.traderjoe95.mls.protocol.tree.TreeMath" time="0.0"/>
  <testcase name="of node 389 should be 388" classname="com.github.traderjoe95.mls.protocol.tree.TreeMath" time="0.0"/>
  <testcase name="of node 391 should be 387" classname="com.github.traderjoe95.mls.protocol.tree.TreeMath" time="0.0"/>
  <testcase name="of node 393 should be 392" classname="com.github.traderjoe95.mls.protocol.tree.TreeMath" time="0.0"/>
  <testcase name="of node 395 should be 393" classname="com.github.traderjoe95.mls.protocol.tree.TreeMath" time="0.0"/>
  <testcase name="of node 397 should be 396" classname="com.github.traderjoe95.mls.protocol.tree.TreeMath" time="0.0"/>
  <testcase name="of node 399 should be 391" classname="com.github.traderjoe95.mls.protocol.tree.TreeMath" time="0.0"/>
  <testcase name="of node 401 should be 400" classname="com.github.traderjoe95.mls.protocol.tree.TreeMath" time="0.0"/>
  <testcase name="of node 403 should be 401" classname="com.github.traderjoe95.mls.protocol.tree.TreeMath" time="0.0"/>
  <testcase name="of node 405 should be 404" classname="com.github.traderjoe95.mls.protocol.tree.TreeMath" time="0.0"/>
  <testcase name="of node 407 should be 403" classname="com.github.traderjoe95.mls.protocol.tree.TreeMath" time="0.0"/>
  <testcase name="of node 409 should be 408" classname="com.github.traderjoe95.mls.protocol.tree.TreeMath" time="0.001"/>
  <testcase name="of node 411 should be 409" classname="com.github.traderjoe95.mls.protocol.tree.TreeMath" time="0.0"/>
  <testcase name="of node 413 should be 412" classname="com.github.traderjoe95.mls.protocol.tree.TreeMath" time="0.0"/>
  <testcase name="of node 415 should be 399" classname="com.github.traderjoe95.mls.protocol.tree.TreeMath" time="0.0"/>
  <testcase name="of node 417 should be 416" classname="com.github.traderjoe95.mls.protocol.tree.TreeMath" time="0.0"/>
  <testcase name="of node 419 should be 417" classname="com.github.traderjoe95.mls.protocol.tree.TreeMath" time="0.0"/>
  <testcase name="of node 421 should be 420" classname="com.github.traderjoe95.mls.protocol.tree.TreeMath" time="0.0"/>
  <testcase name="of node 423 should be 419" classname="com.github.traderjoe95.mls.protocol.tree.TreeMath" time="0.0"/>
  <testcase name="of node 425 should be 424" classname="com.github.traderjoe95.mls.protocol.tree.TreeMath" time="0.001"/>
  <testcase name="of node 427 should be 425" classname="com.github.traderjoe95.mls.protocol.tree.TreeMath" time="0.0"/>
  <testcase name="of node 429 should be 428" classname="com.github.traderjoe95.mls.protocol.tree.TreeMath" time="0.0"/>
  <testcase name="of node 431 should be 423" classname="com.github.traderjoe95.mls.protocol.tree.TreeMath" time="0.0"/>
  <testcase name="of node 433 should be 432" classname="com.github.traderjoe95.mls.protocol.tree.TreeMath" time="0.0"/>
  <testcase name="of node 435 should be 433" classname="com.github.traderjoe95.mls.protocol.tree.TreeMath" time="0.0"/>
  <testcase name="of node 437 should be 436" classname="com.github.traderjoe95.mls.protocol.tree.TreeMath" time="0.0"/>
  <testcase name="of node 439 should be 435" classname="com.github.traderjoe95.mls.protocol.tree.TreeMath" time="0.0"/>
  <testcase name="of node 441 should be 440" classname="com.github.traderjoe95.mls.protocol.tree.TreeMath" time="0.0"/>
  <testcase name="of node 443 should be 441" classname="com.github.traderjoe95.mls.protocol.tree.TreeMath" time="0.0"/>
  <testcase name="of node 445 should be 444" classname="com.github.traderjoe95.mls.protocol.tree.TreeMath" time="0.0"/>
  <testcase name="of node 447 should be 415" classname="com.github.traderjoe95.mls.protocol.tree.TreeMath" time="0.0"/>
  <testcase name="of node 449 should be 448" classname="com.github.traderjoe95.mls.protocol.tree.TreeMath" time="0.0"/>
  <testcase name="of node 451 should be 449" classname="com.github.traderjoe95.mls.protocol.tree.TreeMath" time="0.0"/>
  <testcase name="of node 453 should be 452" classname="com.github.traderjoe95.mls.protocol.tree.TreeMath" time="0.001"/>
  <testcase name="of node 455 should be 451" classname="com.github.traderjoe95.mls.protocol.tree.TreeMath" time="0.0"/>
  <testcase name="of node 457 should be 456" classname="com.github.traderjoe95.mls.protocol.tree.TreeMath" time="0.0"/>
  <testcase name="of node 459 should be 457" classname="com.github.traderjoe95.mls.protocol.tree.TreeMath" time="0.0"/>
  <testcase name="of node 461 should be 460" classname="com.github.traderjoe95.mls.protocol.tree.TreeMath" time="0.0"/>
  <testcase name="of node 463 should be 455" classname="com.github.traderjoe95.mls.protocol.tree.TreeMath" time="0.0"/>
  <testcase name="of node 465 should be 464" classname="com.github.traderjoe95.mls.protocol.tree.TreeMath" time="0.0"/>
  <testcase name="of node 467 should be 465" classname="com.github.traderjoe95.mls.protocol.tree.TreeMath" time="0.0"/>
  <testcase name="of node 469 should be 468" classname="com.github.traderjoe95.mls.protocol.tree.TreeMath" time="0.0"/>
  <testcase name="of node 471 should be 467" classname="com.github.traderjoe95.mls.protocol.tree.TreeMath" time="0.0"/>
  <testcase name="of node 473 should be 472" classname="com.github.traderjoe95.mls.protocol.tree.TreeMath" time="0.0"/>
  <testcase name="of node 475 should be 473" classname="com.github.traderjoe95.mls.protocol.tree.TreeMath" time="0.001"/>
  <testcase name="of node 477 should be 476" classname="com.github.traderjoe95.mls.protocol.tree.TreeMath" time="0.0"/>
  <testcase name="of node 479 should be 463" classname="com.github.traderjoe95.mls.protocol.tree.TreeMath" time="0.0"/>
  <testcase name="of node 481 should be 480" classname="com.github.traderjoe95.mls.protocol.tree.TreeMath" time="0.0"/>
  <testcase name="of node 483 should be 481" classname="com.github.traderjoe95.mls.protocol.tree.TreeMath" time="0.0"/>
  <testcase name="of node 485 should be 484" classname="com.github.traderjoe95.mls.protocol.tree.TreeMath" time="0.0"/>
  <testcase name="of node 487 should be 483" classname="com.github.traderjoe95.mls.protocol.tree.TreeMath" time="0.0"/>
  <testcase name="of node 489 should be 488" classname="com.github.traderjoe95.mls.protocol.tree.TreeMath" time="0.0"/>
  <testcase name="of node 491 should be 489" classname="com.github.traderjoe95.mls.protocol.tree.TreeMath" time="0.001"/>
  <testcase name="of node 493 should be 492" classname="com.github.traderjoe95.mls.protocol.tree.TreeMath" time="0.0"/>
  <testcase name="of node 495 should be 487" classname="com.github.traderjoe95.mls.protocol.tree.TreeMath" time="0.001"/>
  <testcase name="of node 497 should be 496" classname="com.github.traderjoe95.mls.protocol.tree.TreeMath" time="0.0"/>
  <testcase name="of node 499 should be 497" classname="com.github.traderjoe95.mls.protocol.tree.TreeMath" time="0.0"/>
  <testcase name="of node 501 should be 500" classname="com.github.traderjoe95.mls.protocol.tree.TreeMath" time="0.0"/>
  <testcase name="of node 503 should be 499" classname="com.github.traderjoe95.mls.protocol.tree.TreeMath" time="0.001"/>
  <testcase name="of node 505 should be 504" classname="com.github.traderjoe95.mls.protocol.tree.TreeMath" time="0.0"/>
  <testcase name="of node 507 should be 505" classname="com.github.traderjoe95.mls.protocol.tree.TreeMath" time="0.0"/>
  <testcase name="of node 509 should be 508" classname="com.github.traderjoe95.mls.protocol.tree.TreeMath" time="0.0"/>
  <testcase name="of node 511 should be 255" classname="com.github.traderjoe95.mls.protocol.tree.TreeMath" time="0.0"/>
  <testcase name="of node 513 should be 512" classname="com.github.traderjoe95.mls.protocol.tree.TreeMath" time="0.0"/>
  <testcase name="of node 515 should be 513" classname="com.github.traderjoe95.mls.protocol.tree.TreeMath" time="0.0"/>
  <testcase name="of node 517 should be 516" classname="com.github.traderjoe95.mls.protocol.tree.TreeMath" time="0.0"/>
  <testcase name="of node 519 should be 515" classname="com.github.traderjoe95.mls.protocol.tree.TreeMath" time="0.001"/>
  <testcase name="of node 521 should be 520" classname="com.github.traderjoe95.mls.protocol.tree.TreeMath" time="0.0"/>
  <testcase name="of node 523 should be 521" classname="com.github.traderjoe95.mls.protocol.tree.TreeMath" time="0.0"/>
  <testcase name="of node 525 should be 524" classname="com.github.traderjoe95.mls.protocol.tree.TreeMath" time="0.0"/>
  <testcase name="of node 527 should be 519" classname="com.github.traderjoe95.mls.protocol.tree.TreeMath" time="0.0"/>
  <testcase name="of node 529 should be 528" classname="com.github.traderjoe95.mls.protocol.tree.TreeMath" time="0.0"/>
  <testcase name="of node 531 should be 529" classname="com.github.traderjoe95.mls.protocol.tree.TreeMath" time="0.0"/>
  <testcase name="of node 533 should be 532" classname="com.github.traderjoe95.mls.protocol.tree.TreeMath" time="0.0"/>
  <testcase name="of node 535 should be 531" classname="com.github.traderjoe95.mls.protocol.tree.TreeMath" time="0.0"/>
  <testcase name="of node 537 should be 536" classname="com.github.traderjoe95.mls.protocol.tree.TreeMath" time="0.0"/>
  <testcase name="of node 539 should be 537" classname="com.github.traderjoe95.mls.protocol.tree.TreeMath" time="0.0"/>
  <testcase name="of node 541 should be 540" classname="com.github.traderjoe95.mls.protocol.tree.TreeMath" time="0.0"/>
  <testcase name="of node 543 should be 527" classname="com.github.traderjoe95.mls.protocol.tree.TreeMath" time="0.0"/>
  <testcase name="of node 545 should be 544" classname="com.github.traderjoe95.mls.protocol.tree.TreeMath" time="0.0"/>
  <testcase name="of node 547 should be 545" classname="com.github.traderjoe95.mls.protocol.tree.TreeMath" time="0.0"/>
  <testcase name="of node 549 should be 548" classname="com.github.traderjoe95.mls.protocol.tree.TreeMath" time="0.0"/>
  <testcase name="of node 551 should be 547" classname="com.github.traderjoe95.mls.protocol.tree.TreeMath" time="0.0"/>
  <testcase name="of node 553 should be 552" classname="com.github.traderjoe95.mls.protocol.tree.TreeMath" time="0.0"/>
  <testcase name="of node 555 should be 553" classname="com.github.traderjoe95.mls.protocol.tree.TreeMath" time="0.0"/>
  <testcase name="of node 557 should be 556" classname="com.github.traderjoe95.mls.protocol.tree.TreeMath" time="0.0"/>
  <testcase name="of node 559 should be 551" classname="com.github.traderjoe95.mls.protocol.tree.TreeMath" time="0.0"/>
  <testcase name="of node 561 should be 560" classname="com.github.traderjoe95.mls.protocol.tree.TreeMath" time="0.0"/>
  <testcase name="of node 563 should be 561" classname="com.github.traderjoe95.mls.protocol.tree.TreeMath" time="0.0"/>
  <testcase name="of node 565 should be 564" classname="com.github.traderjoe95.mls.protocol.tree.TreeMath" time="0.0"/>
  <testcase name="of node 567 should be 563" classname="com.github.traderjoe95.mls.protocol.tree.TreeMath" time="0.0"/>
  <testcase name="of node 569 should be 568" classname="com.github.traderjoe95.mls.protocol.tree.TreeMath" time="0.0"/>
  <testcase name="of node 571 should be 569" classname="com.github.traderjoe95.mls.protocol.tree.TreeMath" time="0.001"/>
  <testcase name="of node 573 should be 572" classname="com.github.traderjoe95.mls.protocol.tree.TreeMath" time="0.0"/>
  <testcase name="of node 575 should be 543" classname="com.github.traderjoe95.mls.protocol.tree.TreeMath" time="0.0"/>
  <testcase name="of node 577 should be 576" classname="com.github.traderjoe95.mls.protocol.tree.TreeMath" time="0.001"/>
  <testcase name="of node 579 should be 577" classname="com.github.traderjoe95.mls.protocol.tree.TreeMath" time="0.0"/>
  <testcase name="of node 581 should be 580" classname="com.github.traderjoe95.mls.protocol.tree.TreeMath" time="0.0"/>
  <testcase name="of node 583 should be 579" classname="com.github.traderjoe95.mls.protocol.tree.TreeMath" time="0.0"/>
  <testcase name="of node 585 should be 584" classname="com.github.traderjoe95.mls.protocol.tree.TreeMath" time="0.0"/>
  <testcase name="of node 587 should be 585" classname="com.github.traderjoe95.mls.protocol.tree.TreeMath" time="0.0"/>
  <testcase name="of node 589 should be 588" classname="com.github.traderjoe95.mls.protocol.tree.TreeMath" time="0.001"/>
  <testcase name="of node 591 should be 583" classname="com.github.traderjoe95.mls.protocol.tree.TreeMath" time="0.0"/>
  <testcase name="of node 593 should be 592" classname="com.github.traderjoe95.mls.protocol.tree.TreeMath" time="0.0"/>
  <testcase name="of node 595 should be 593" classname="com.github.traderjoe95.mls.protocol.tree.TreeMath" time="0.0"/>
  <testcase name="of node 597 should be 596" classname="com.github.traderjoe95.mls.protocol.tree.TreeMath" time="0.0"/>
  <testcase name="of node 599 should be 595" classname="com.github.traderjoe95.mls.protocol.tree.TreeMath" time="0.0"/>
  <testcase name="of node 601 should be 600" classname="com.github.traderjoe95.mls.protocol.tree.TreeMath" time="0.0"/>
  <testcase name="of node 603 should be 601" classname="com.github.traderjoe95.mls.protocol.tree.TreeMath" time="0.0"/>
  <testcase name="of node 605 should be 604" classname="com.github.traderjoe95.mls.protocol.tree.TreeMath" time="0.0"/>
  <testcase name="of node 607 should be 591" classname="com.github.traderjoe95.mls.protocol.tree.TreeMath" time="0.0"/>
  <testcase name="of node 609 should be 608" classname="com.github.traderjoe95.mls.protocol.tree.TreeMath" time="0.0"/>
  <testcase name="of node 611 should be 609" classname="com.github.traderjoe95.mls.protocol.tree.TreeMath" time="0.0"/>
  <testcase name="of node 613 should be 612" classname="com.github.traderjoe95.mls.protocol.tree.TreeMath" time="0.001"/>
  <testcase name="of node 615 should be 611" classname="com.github.traderjoe95.mls.protocol.tree.TreeMath" time="0.0"/>
  <testcase name="of node 617 should be 616" classname="com.github.traderjoe95.mls.protocol.tree.TreeMath" time="0.0"/>
  <testcase name="of node 619 should be 617" classname="com.github.traderjoe95.mls.protocol.tree.TreeMath" time="0.0"/>
  <testcase name="of node 621 should be 620" classname="com.github.traderjoe95.mls.protocol.tree.TreeMath" time="0.0"/>
  <testcase name="of node 623 should be 615" classname="com.github.traderjoe95.mls.protocol.tree.TreeMath" time="0.0"/>
  <testcase name="of node 625 should be 624" classname="com.github.traderjoe95.mls.protocol.tree.TreeMath" time="0.0"/>
  <testcase name="of node 627 should be 625" classname="com.github.traderjoe95.mls.protocol.tree.TreeMath" time="0.0"/>
  <testcase name="of node 629 should be 628" classname="com.github.traderjoe95.mls.protocol.tree.TreeMath" time="0.0"/>
  <testcase name="of node 631 should be 627" classname="com.github.traderjoe95.mls.protocol.tree.TreeMath" time="0.0"/>
  <testcase name="of node 633 should be 632" classname="com.github.traderjoe95.mls.protocol.tree.TreeMath" time="0.0"/>
  <testcase name="of node 635 should be 633" classname="com.github.traderjoe95.mls.protocol.tree.TreeMath" time="0.0"/>
  <testcase name="of node 637 should be 636" classname="com.github.traderjoe95.mls.protocol.tree.TreeMath" time="0.0"/>
  <testcase name="of node 639 should be 575" classname="com.github.traderjoe95.mls.protocol.tree.TreeMath" time="0.0"/>
  <testcase name="of node 641 should be 640" classname="com.github.traderjoe95.mls.protocol.tree.TreeMath" time="0.0"/>
  <testcase name="of node 643 should be 641" classname="com.github.traderjoe95.mls.protocol.tree.TreeMath" time="0.0"/>
  <testcase name="of node 645 should be 644" classname="com.github.traderjoe95.mls.protocol.tree.TreeMath" time="0.0"/>
  <testcase name="of node 647 should be 643" classname="com.github.traderjoe95.mls.protocol.tree.TreeMath" time="0.0"/>
  <testcase name="of node 649 should be 648" classname="com.github.traderjoe95.mls.protocol.tree.TreeMath" time="0.001"/>
  <testcase name="of node 651 should be 649" classname="com.github.traderjoe95.mls.protocol.tree.TreeMath" time="0.0"/>
  <testcase name="of node 653 should be 652" classname="com.github.traderjoe95.mls.protocol.tree.TreeMath" time="0.0"/>
  <testcase name="of node 655 should be 647" classname="com.github.traderjoe95.mls.protocol.tree.TreeMath" time="0.0"/>
  <testcase name="of node 657 should be 656" classname="com.github.traderjoe95.mls.protocol.tree.TreeMath" time="0.0"/>
  <testcase name="of node 659 should be 657" classname="com.github.traderjoe95.mls.protocol.tree.TreeMath" time="0.0"/>
  <testcase name="of node 661 should be 660" classname="com.github.traderjoe95.mls.protocol.tree.TreeMath" time="0.001"/>
  <testcase name="of node 663 should be 659" classname="com.github.traderjoe95.mls.protocol.tree.TreeMath" time="0.0"/>
  <testcase name="of node 665 should be 664" classname="com.github.traderjoe95.mls.protocol.tree.TreeMath" time="0.0"/>
  <testcase name="of node 667 should be 665" classname="com.github.traderjoe95.mls.protocol.tree.TreeMath" time="0.001"/>
  <testcase name="of node 669 should be 668" classname="com.github.traderjoe95.mls.protocol.tree.TreeMath" time="0.0"/>
  <testcase name="of node 671 should be 655" classname="com.github.traderjoe95.mls.protocol.tree.TreeMath" time="0.0"/>
  <testcase name="of node 673 should be 672" classname="com.github.traderjoe95.mls.protocol.tree.TreeMath" time="0.0"/>
  <testcase name="of node 675 should be 673" classname="com.github.traderjoe95.mls.protocol.tree.TreeMath" time="0.0"/>
  <testcase name="of node 677 should be 676" classname="com.github.traderjoe95.mls.protocol.tree.TreeMath" time="0.0"/>
  <testcase name="of node 679 should be 675" classname="com.github.traderjoe95.mls.protocol.tree.TreeMath" time="0.0"/>
  <testcase name="of node 681 should be 680" classname="com.github.traderjoe95.mls.protocol.tree.TreeMath" time="0.0"/>
  <testcase name="of node 683 should be 681" classname="com.github.traderjoe95.mls.protocol.tree.TreeMath" time="0.0"/>
  <testcase name="of node 685 should be 684" classname="com.github.traderjoe95.mls.protocol.tree.TreeMath" time="0.0"/>
  <testcase name="of node 687 should be 679" classname="com.github.traderjoe95.mls.protocol.tree.TreeMath" time="0.0"/>
  <testcase name="of node 689 should be 688" classname="com.github.traderjoe95.mls.protocol.tree.TreeMath" time="0.0"/>
  <testcase name="of node 691 should be 689" classname="com.github.traderjoe95.mls.protocol.tree.TreeMath" time="0.001"/>
  <testcase name="of node 693 should be 692" classname="com.github.traderjoe95.mls.protocol.tree.TreeMath" time="0.0"/>
  <testcase name="of node 695 should be 691" classname="com.github.traderjoe95.mls.protocol.tree.TreeMath" time="0.0"/>
  <testcase name="of node 697 should be 696" classname="com.github.traderjoe95.mls.protocol.tree.TreeMath" time="0.0"/>
  <testcase name="of node 699 should be 697" classname="com.github.traderjoe95.mls.protocol.tree.TreeMath" time="0.0"/>
  <testcase name="of node 701 should be 700" classname="com.github.traderjoe95.mls.protocol.tree.TreeMath" time="0.0"/>
  <testcase name="of node 703 should be 671" classname="com.github.traderjoe95.mls.protocol.tree.TreeMath" time="0.0"/>
  <testcase name="of node 705 should be 704" classname="com.github.traderjoe95.mls.protocol.tree.TreeMath" time="0.0"/>
  <testcase name="of node 707 should be 705" classname="com.github.traderjoe95.mls.protocol.tree.TreeMath" time="0.0"/>
  <testcase name="of node 709 should be 708" classname="com.github.traderjoe95.mls.protocol.tree.TreeMath" time="0.0"/>
  <testcase name="of node 711 should be 707" classname="com.github.traderjoe95.mls.protocol.tree.TreeMath" time="0.0"/>
  <testcase name="of node 713 should be 712" classname="com.github.traderjoe95.mls.protocol.tree.TreeMath" time="0.0"/>
  <testcase name="of node 715 should be 713" classname="com.github.traderjoe95.mls.protocol.tree.TreeMath" time="0.0"/>
  <testcase name="of node 717 should be 716" classname="com.github.traderjoe95.mls.protocol.tree.TreeMath" time="0.0"/>
  <testcase name="of node 719 should be 711" classname="com.github.traderjoe95.mls.protocol.tree.TreeMath" time="0.0"/>
  <testcase name="of node 721 should be 720" classname="com.github.traderjoe95.mls.protocol.tree.TreeMath" time="0.0"/>
  <testcase name="of node 723 should be 721" classname="com.github.traderjoe95.mls.protocol.tree.TreeMath" time="0.0"/>
  <testcase name="of node 725 should be 724" classname="com.github.traderjoe95.mls.protocol.tree.TreeMath" time="0.0"/>
  <testcase name="of node 727 should be 723" classname="com.github.traderjoe95.mls.protocol.tree.TreeMath" time="0.001"/>
  <testcase name="of node 729 should be 728" classname="com.github.traderjoe95.mls.protocol.tree.TreeMath" time="0.0"/>
  <testcase name="of node 731 should be 729" classname="com.github.traderjoe95.mls.protocol.tree.TreeMath" time="0.0"/>
  <testcase name="of node 733 should be 732" classname="com.github.traderjoe95.mls.protocol.tree.TreeMath" time="0.0"/>
  <testcase name="of node 735 should be 719" classname="com.github.traderjoe95.mls.protocol.tree.TreeMath" time="0.0"/>
  <testcase name="of node 737 should be 736" classname="com.github.traderjoe95.mls.protocol.tree.TreeMath" time="0.0"/>
  <testcase name="of node 739 should be 737" classname="com.github.traderjoe95.mls.protocol.tree.TreeMath" time="0.0"/>
  <testcase name="of node 741 should be 740" classname="com.github.traderjoe95.mls.protocol.tree.TreeMath" time="0.0"/>
  <testcase name="of node 743 should be 739" classname="com.github.traderjoe95.mls.protocol.tree.TreeMath" time="0.0"/>
  <testcase name="of node 745 should be 744" classname="com.github.traderjoe95.mls.protocol.tree.TreeMath" time="0.0"/>
  <testcase name="of node 747 should be 745" classname="com.github.traderjoe95.mls.protocol.tree.TreeMath" time="0.0"/>
  <testcase name="of node 749 should be 748" classname="com.github.traderjoe95.mls.protocol.tree.TreeMath" time="0.0"/>
  <testcase name="of node 751 should be 743" classname="com.github.traderjoe95.mls.protocol.tree.TreeMath" time="0.0"/>
  <testcase name="of node 753 should be 752" classname="com.github.traderjoe95.mls.protocol.tree.TreeMath" time="0.0"/>
  <testcase name="of node 755 should be 753" classname="com.github.traderjoe95.mls.protocol.tree.TreeMath" time="0.0"/>
  <testcase name="of node 757 should be 756" classname="com.github.traderjoe95.mls.protocol.tree.TreeMath" time="0.0"/>
  <testcase name="of node 759 should be 755" classname="com.github.traderjoe95.mls.protocol.tree.TreeMath" time="0.0"/>
  <testcase name="of node 761 should be 760" classname="com.github.traderjoe95.mls.protocol.tree.TreeMath" time="0.0"/>
  <testcase name="of node 763 should be 761" classname="com.github.traderjoe95.mls.protocol.tree.TreeMath" time="0.0"/>
  <testcase name="of node 765 should be 764" classname="com.github.traderjoe95.mls.protocol.tree.TreeMath" time="0.0"/>
  <testcase name="of node 767 should be 639" classname="com.github.traderjoe95.mls.protocol.tree.TreeMath" time="0.0"/>
  <testcase name="of node 769 should be 768" classname="com.github.traderjoe95.mls.protocol.tree.TreeMath" time="0.0"/>
  <testcase name="of node 771 should be 769" classname="com.github.traderjoe95.mls.protocol.tree.TreeMath" time="0.0"/>
  <testcase name="of node 773 should be 772" classname="com.github.traderjoe95.mls.protocol.tree.TreeMath" time="0.0"/>
  <testcase name="of node 775 should be 771" classname="com.github.traderjoe95.mls.protocol.tree.TreeMath" time="0.0"/>
  <testcase name="of node 777 should be 776" classname="com.github.traderjoe95.mls.protocol.tree.TreeMath" time="0.0"/>
  <testcase name="of node 779 should be 777" classname="com.github.traderjoe95.mls.protocol.tree.TreeMath" time="0.0"/>
  <testcase name="of node 781 should be 780" classname="com.github.traderjoe95.mls.protocol.tree.TreeMath" time="0.0"/>
  <testcase name="of node 783 should be 775" classname="com.github.traderjoe95.mls.protocol.tree.TreeMath" time="0.0"/>
  <testcase name="of node 785 should be 784" classname="com.github.traderjoe95.mls.protocol.tree.TreeMath" time="0.0"/>
  <testcase name="of node 787 should be 785" classname="com.github.traderjoe95.mls.protocol.tree.TreeMath" time="0.0"/>
  <testcase name="of node 789 should be 788" classname="com.github.traderjoe95.mls.protocol.tree.TreeMath" time="0.0"/>
  <testcase name="of node 791 should be 787" classname="com.github.traderjoe95.mls.protocol.tree.TreeMath" time="0.0"/>
  <testcase name="of node 793 should be 792" classname="com.github.traderjoe95.mls.protocol.tree.TreeMath" time="0.0"/>
  <testcase name="of node 795 should be 793" classname="com.github.traderjoe95.mls.protocol.tree.TreeMath" time="0.0"/>
  <testcase name="of node 797 should be 796" classname="com.github.traderjoe95.mls.protocol.tree.TreeMath" time="0.0"/>
  <testcase name="of node 799 should be 783" classname="com.github.traderjoe95.mls.protocol.tree.TreeMath" time="0.0"/>
  <testcase name="of node 801 should be 800" classname="com.github.traderjoe95.mls.protocol.tree.TreeMath" time="0.0"/>
  <testcase name="of node 803 should be 801" classname="com.github.traderjoe95.mls.protocol.tree.TreeMath" time="0.0"/>
  <testcase name="of node 805 should be 804" classname="com.github.traderjoe95.mls.protocol.tree.TreeMath" time="0.0"/>
  <testcase name="of node 807 should be 803" classname="com.github.traderjoe95.mls.protocol.tree.TreeMath" time="0.0"/>
  <testcase name="of node 809 should be 808" classname="com.github.traderjoe95.mls.protocol.tree.TreeMath" time="0.0"/>
  <testcase name="of node 811 should be 809" classname="com.github.traderjoe95.mls.protocol.tree.TreeMath" time="0.0"/>
  <testcase name="of node 813 should be 812" classname="com.github.traderjoe95.mls.protocol.tree.TreeMath" time="0.0"/>
  <testcase name="of node 815 should be 807" classname="com.github.traderjoe95.mls.protocol.tree.TreeMath" time="0.0"/>
  <testcase name="of node 817 should be 816" classname="com.github.traderjoe95.mls.protocol.tree.TreeMath" time="0.0"/>
  <testcase name="of node 819 should be 817" classname="com.github.traderjoe95.mls.protocol.tree.TreeMath" time="0.0"/>
  <testcase name="of node 821 should be 820" classname="com.github.traderjoe95.mls.protocol.tree.TreeMath" time="0.0"/>
  <testcase name="of node 823 should be 819" classname="com.github.traderjoe95.mls.protocol.tree.TreeMath" time="0.0"/>
  <testcase name="of node 825 should be 824" classname="com.github.traderjoe95.mls.protocol.tree.TreeMath" time="0.0"/>
  <testcase name="of node 827 should be 825" classname="com.github.traderjoe95.mls.protocol.tree.TreeMath" time="0.0"/>
  <testcase name="of node 829 should be 828" classname="com.github.traderjoe95.mls.protocol.tree.TreeMath" time="0.0"/>
  <testcase name="of node 831 should be 799" classname="com.github.traderjoe95.mls.protocol.tree.TreeMath" time="0.0"/>
  <testcase name="of node 833 should be 832" classname="com.github.traderjoe95.mls.protocol.tree.TreeMath" time="0.0"/>
  <testcase name="of node 835 should be 833" classname="com.github.traderjoe95.mls.protocol.tree.TreeMath" time="0.0"/>
  <testcase name="of node 837 should be 836" classname="com.github.traderjoe95.mls.protocol.tree.TreeMath" time="0.0"/>
  <testcase name="of node 839 should be 835" classname="com.github.traderjoe95.mls.protocol.tree.TreeMath" time="0.0"/>
  <testcase name="of node 841 should be 840" classname="com.github.traderjoe95.mls.protocol.tree.TreeMath" time="0.0"/>
  <testcase name="of node 843 should be 841" classname="com.github.traderjoe95.mls.protocol.tree.TreeMath" time="0.0"/>
  <testcase name="of node 845 should be 844" classname="com.github.traderjoe95.mls.protocol.tree.TreeMath" time="0.0"/>
  <testcase name="of node 847 should be 839" classname="com.github.traderjoe95.mls.protocol.tree.TreeMath" time="0.0"/>
  <testcase name="of node 849 should be 848" classname="com.github.traderjoe95.mls.protocol.tree.TreeMath" time="0.0"/>
  <testcase name="of node 851 should be 849" classname="com.github.traderjoe95.mls.protocol.tree.TreeMath" time="0.0"/>
  <testcase name="of node 853 should be 852" classname="com.github.traderjoe95.mls.protocol.tree.TreeMath" time="0.0"/>
  <testcase name="of node 855 should be 851" classname="com.github.traderjoe95.mls.protocol.tree.TreeMath" time="0.0"/>
  <testcase name="of node 857 should be 856" classname="com.github.traderjoe95.mls.protocol.tree.TreeMath" time="0.0"/>
  <testcase name="of node 859 should be 857" classname="com.github.traderjoe95.mls.protocol.tree.TreeMath" time="0.0"/>
  <testcase name="of node 861 should be 860" classname="com.github.traderjoe95.mls.protocol.tree.TreeMath" time="0.0"/>
  <testcase name="of node 863 should be 847" classname="com.github.traderjoe95.mls.protocol.tree.TreeMath" time="0.0"/>
  <testcase name="of node 865 should be 864" classname="com.github.traderjoe95.mls.protocol.tree.TreeMath" time="0.0"/>
  <testcase name="of node 867 should be 865" classname="com.github.traderjoe95.mls.protocol.tree.TreeMath" time="0.0"/>
  <testcase name="of node 869 should be 868" classname="com.github.traderjoe95.mls.protocol.tree.TreeMath" time="0.0"/>
  <testcase name="of node 871 should be 867" classname="com.github.traderjoe95.mls.protocol.tree.TreeMath" time="0.0"/>
  <testcase name="of node 873 should be 872" classname="com.github.traderjoe95.mls.protocol.tree.TreeMath" time="0.0"/>
  <testcase name="of node 875 should be 873" classname="com.github.traderjoe95.mls.protocol.tree.TreeMath" time="0.0"/>
  <testcase name="of node 877 should be 876" classname="com.github.traderjoe95.mls.protocol.tree.TreeMath" time="0.0"/>
  <testcase name="of node 879 should be 871" classname="com.github.traderjoe95.mls.protocol.tree.TreeMath" time="0.0"/>
  <testcase name="of node 881 should be 880" classname="com.github.traderjoe95.mls.protocol.tree.TreeMath" time="0.0"/>
  <testcase name="of node 883 should be 881" classname="com.github.traderjoe95.mls.protocol.tree.TreeMath" time="0.0"/>
  <testcase name="of node 885 should be 884" classname="com.github.traderjoe95.mls.protocol.tree.TreeMath" time="0.0"/>
  <testcase name="of node 887 should be 883" classname="com.github.traderjoe95.mls.protocol.tree.TreeMath" time="0.0"/>
  <testcase name="of node 889 should be 888" classname="com.github.traderjoe95.mls.protocol.tree.TreeMath" time="0.0"/>
  <testcase name="of node 891 should be 889" classname="com.github.traderjoe95.mls.protocol.tree.TreeMath" time="0.0"/>
  <testcase name="of node 893 should be 892" classname="com.github.traderjoe95.mls.protocol.tree.TreeMath" time="0.0"/>
  <testcase name="of node 895 should be 831" classname="com.github.traderjoe95.mls.protocol.tree.TreeMath" time="0.0"/>
  <testcase name="of node 897 should be 896" classname="com.github.traderjoe95.mls.protocol.tree.TreeMath" time="0.0"/>
  <testcase name="of node 899 should be 897" classname="com.github.traderjoe95.mls.protocol.tree.TreeMath" time="0.0"/>
  <testcase name="of node 901 should be 900" classname="com.github.traderjoe95.mls.protocol.tree.TreeMath" time="0.0"/>
  <testcase name="of node 903 should be 899" classname="com.github.traderjoe95.mls.protocol.tree.TreeMath" time="0.0"/>
  <testcase name="of node 905 should be 904" classname="com.github.traderjoe95.mls.protocol.tree.TreeMath" time="0.0"/>
  <testcase name="of node 907 should be 905" classname="com.github.traderjoe95.mls.protocol.tree.TreeMath" time="0.0"/>
  <testcase name="of node 909 should be 908" classname="com.github.traderjoe95.mls.protocol.tree.TreeMath" time="0.0"/>
  <testcase name="of node 911 should be 903" classname="com.github.traderjoe95.mls.protocol.tree.TreeMath" time="0.0"/>
  <testcase name="of node 913 should be 912" classname="com.github.traderjoe95.mls.protocol.tree.TreeMath" time="0.0"/>
  <testcase name="of node 915 should be 913" classname="com.github.traderjoe95.mls.protocol.tree.TreeMath" time="0.0"/>
  <testcase name="of node 917 should be 916" classname="com.github.traderjoe95.mls.protocol.tree.TreeMath" time="0.0"/>
  <testcase name="of node 919 should be 915" classname="com.github.traderjoe95.mls.protocol.tree.TreeMath" time="0.0"/>
  <testcase name="of node 921 should be 920" classname="com.github.traderjoe95.mls.protocol.tree.TreeMath" time="0.0"/>
  <testcase name="of node 923 should be 921" classname="com.github.traderjoe95.mls.protocol.tree.TreeMath" time="0.0"/>
  <testcase name="of node 925 should be 924" classname="com.github.traderjoe95.mls.protocol.tree.TreeMath" time="0.0"/>
  <testcase name="of node 927 should be 911" classname="com.github.traderjoe95.mls.protocol.tree.TreeMath" time="0.0"/>
  <testcase name="of node 929 should be 928" classname="com.github.traderjoe95.mls.protocol.tree.TreeMath" time="0.0"/>
  <testcase name="of node 931 should be 929" classname="com.github.traderjoe95.mls.protocol.tree.TreeMath" time="0.0"/>
  <testcase name="of node 933 should be 932" classname="com.github.traderjoe95.mls.protocol.tree.TreeMath" time="0.0"/>
  <testcase name="of node 935 should be 931" classname="com.github.traderjoe95.mls.protocol.tree.TreeMath" time="0.0"/>
  <testcase name="of node 937 should be 936" classname="com.github.traderjoe95.mls.protocol.tree.TreeMath" time="0.0"/>
  <testcase name="of node 939 should be 937" classname="com.github.traderjoe95.mls.protocol.tree.TreeMath" time="0.0"/>
  <testcase name="of node 941 should be 940" classname="com.github.traderjoe95.mls.protocol.tree.TreeMath" time="0.0"/>
  <testcase name="of node 943 should be 935" classname="com.github.traderjoe95.mls.protocol.tree.TreeMath" time="0.0"/>
  <testcase name="of node 945 should be 944" classname="com.github.traderjoe95.mls.protocol.tree.TreeMath" time="0.0"/>
  <testcase name="of node 947 should be 945" classname="com.github.traderjoe95.mls.protocol.tree.TreeMath" time="0.0"/>
  <testcase name="of node 949 should be 948" classname="com.github.traderjoe95.mls.protocol.tree.TreeMath" time="0.0"/>
  <testcase name="of node 951 should be 947" classname="com.github.traderjoe95.mls.protocol.tree.TreeMath" time="0.0"/>
  <testcase name="of node 953 should be 952" classname="com.github.traderjoe95.mls.protocol.tree.TreeMath" time="0.0"/>
  <testcase name="of node 955 should be 953" classname="com.github.traderjoe95.mls.protocol.tree.TreeMath" time="0.0"/>
  <testcase name="of node 957 should be 956" classname="com.github.traderjoe95.mls.protocol.tree.TreeMath" time="0.0"/>
  <testcase name="of node 959 should be 927" classname="com.github.traderjoe95.mls.protocol.tree.TreeMath" time="0.0"/>
  <testcase name="of node 961 should be 960" classname="com.github.traderjoe95.mls.protocol.tree.TreeMath" time="0.0"/>
  <testcase name="of node 963 should be 961" classname="com.github.traderjoe95.mls.protocol.tree.TreeMath" time="0.0"/>
  <testcase name="of node 965 should be 964" classname="com.github.traderjoe95.mls.protocol.tree.TreeMath" time="0.0"/>
  <testcase name="of node 967 should be 963" classname="com.github.traderjoe95.mls.protocol.tree.TreeMath" time="0.0"/>
  <testcase name="of node 969 should be 968" classname="com.github.traderjoe95.mls.protocol.tree.TreeMath" time="0.0"/>
  <testcase name="of node 971 should be 969" classname="com.github.traderjoe95.mls.protocol.tree.TreeMath" time="0.0"/>
  <testcase name="of node 973 should be 972" classname="com.github.traderjoe95.mls.protocol.tree.TreeMath" time="0.0"/>
  <testcase name="of node 975 should be 967" classname="com.github.traderjoe95.mls.protocol.tree.TreeMath" time="0.0"/>
  <testcase name="of node 977 should be 976" classname="com.github.traderjoe95.mls.protocol.tree.TreeMath" time="0.0"/>
  <testcase name="of node 979 should be 977" classname="com.github.traderjoe95.mls.protocol.tree.TreeMath" time="0.001"/>
  <testcase name="of node 981 should be 980" classname="com.github.traderjoe95.mls.protocol.tree.TreeMath" time="0.0"/>
  <testcase name="of node 983 should be 979" classname="com.github.traderjoe95.mls.protocol.tree.TreeMath" time="0.0"/>
  <testcase name="of node 985 should be 984" classname="com.github.traderjoe95.mls.protocol.tree.TreeMath" time="0.0"/>
  <testcase name="of node 987 should be 985" classname="com.github.traderjoe95.mls.protocol.tree.TreeMath" time="0.0"/>
  <testcase name="of node 989 should be 988" classname="com.github.traderjoe95.mls.protocol.tree.TreeMath" time="0.0"/>
  <testcase name="of node 991 should be 975" classname="com.github.traderjoe95.mls.protocol.tree.TreeMath" time="0.0"/>
  <testcase name="of node 993 should be 992" classname="com.github.traderjoe95.mls.protocol.tree.TreeMath" time="0.0"/>
  <testcase name="of node 995 should be 993" classname="com.github.traderjoe95.mls.protocol.tree.TreeMath" time="0.0"/>
  <testcase name="of node 997 should be 996" classname="com.github.traderjoe95.mls.protocol.tree.TreeMath" time="0.0"/>
  <testcase name="of node 999 should be 995" classname="com.github.traderjoe95.mls.protocol.tree.TreeMath" time="0.0"/>
  <testcase name="of node 1001 should be 1000" classname="com.github.traderjoe95.mls.protocol.tree.TreeMath" time="0.0"/>
  <testcase name="of node 1003 should be 1001" classname="com.github.traderjoe95.mls.protocol.tree.TreeMath" time="0.0"/>
  <testcase name="of node 1005 should be 1004" classname="com.github.traderjoe95.mls.protocol.tree.TreeMath" time="0.0"/>
  <testcase name="of node 1007 should be 999" classname="com.github.traderjoe95.mls.protocol.tree.TreeMath" time="0.0"/>
  <testcase name="of node 1009 should be 1008" classname="com.github.traderjoe95.mls.protocol.tree.TreeMath" time="0.0"/>
  <testcase name="of node 1011 should be 1009" classname="com.github.traderjoe95.mls.protocol.tree.TreeMath" time="0.0"/>
  <testcase name="of node 1013 should be 1012" classname="com.github.traderjoe95.mls.protocol.tree.TreeMath" time="0.0"/>
  <testcase name="of node 1015 should be 1011" classname="com.github.traderjoe95.mls.protocol.tree.TreeMath" time="0.0"/>
  <testcase name="of node 1017 should be 1016" classname="com.github.traderjoe95.mls.protocol.tree.TreeMath" time="0.0"/>
  <testcase name="of node 1019 should be 1017" classname="com.github.traderjoe95.mls.protocol.tree.TreeMath" time="0.0"/>
  <testcase name="of node 1021 should be 1020" classname="com.github.traderjoe95.mls.protocol.tree.TreeMath" time="0.0"/>
  <testcase name="of node 1 should be 2" classname="com.github.traderjoe95.mls.protocol.tree.TreeMath" time="0.0"/>
  <testcase name="of node 3 should be 5" classname="com.github.traderjoe95.mls.protocol.tree.TreeMath" time="0.0"/>
  <testcase name="of node 5 should be 6" classname="com.github.traderjoe95.mls.protocol.tree.TreeMath" time="0.0"/>
  <testcase name="of node 7 should be 11" classname="com.github.traderjoe95.mls.protocol.tree.TreeMath" time="0.0"/>
  <testcase name="of node 9 should be 10" classname="com.github.traderjoe95.mls.protocol.tree.TreeMath" time="0.0"/>
  <testcase name="of node 11 should be 13" classname="com.github.traderjoe95.mls.protocol.tree.TreeMath" time="0.0"/>
  <testcase name="of node 13 should be 14" classname="com.github.traderjoe95.mls.protocol.tree.TreeMath" time="0.0"/>
  <testcase name="of node 15 should be 23" classname="com.github.traderjoe95.mls.protocol.tree.TreeMath" time="0.0"/>
  <testcase name="of node 17 should be 18" classname="com.github.traderjoe95.mls.protocol.tree.TreeMath" time="0.0"/>
  <testcase name="of node 19 should be 21" classname="com.github.traderjoe95.mls.protocol.tree.TreeMath" time="0.0"/>
  <testcase name="of node 21 should be 22" classname="com.github.traderjoe95.mls.protocol.tree.TreeMath" time="0.0"/>
  <testcase name="of node 23 should be 27" classname="com.github.traderjoe95.mls.protocol.tree.TreeMath" time="0.0"/>
  <testcase name="of node 25 should be 26" classname="com.github.traderjoe95.mls.protocol.tree.TreeMath" time="0.0"/>
  <testcase name="of node 27 should be 29" classname="com.github.traderjoe95.mls.protocol.tree.TreeMath" time="0.0"/>
  <testcase name="of node 29 should be 30" classname="com.github.traderjoe95.mls.protocol.tree.TreeMath" time="0.0"/>
  <testcase name="of node 31 should be 47" classname="com.github.traderjoe95.mls.protocol.tree.TreeMath" time="0.0"/>
  <testcase name="of node 33 should be 34" classname="com.github.traderjoe95.mls.protocol.tree.TreeMath" time="0.0"/>
  <testcase name="of node 35 should be 37" classname="com.github.traderjoe95.mls.protocol.tree.TreeMath" time="0.0"/>
  <testcase name="of node 37 should be 38" classname="com.github.traderjoe95.mls.protocol.tree.TreeMath" time="0.0"/>
  <testcase name="of node 39 should be 43" classname="com.github.traderjoe95.mls.protocol.tree.TreeMath" time="0.0"/>
  <testcase name="of node 41 should be 42" classname="com.github.traderjoe95.mls.protocol.tree.TreeMath" time="0.0"/>
  <testcase name="of node 43 should be 45" classname="com.github.traderjoe95.mls.protocol.tree.TreeMath" time="0.0"/>
  <testcase name="of node 45 should be 46" classname="com.github.traderjoe95.mls.protocol.tree.TreeMath" time="0.0"/>
  <testcase name="of node 47 should be 55" classname="com.github.traderjoe95.mls.protocol.tree.TreeMath" time="0.0"/>
  <testcase name="of node 49 should be 50" classname="com.github.traderjoe95.mls.protocol.tree.TreeMath" time="0.0"/>
  <testcase name="of node 51 should be 53" classname="com.github.traderjoe95.mls.protocol.tree.TreeMath" time="0.0"/>
  <testcase name="of node 53 should be 54" classname="com.github.traderjoe95.mls.protocol.tree.TreeMath" time="0.0"/>
  <testcase name="of node 55 should be 59" classname="com.github.traderjoe95.mls.protocol.tree.TreeMath" time="0.001"/>
  <testcase name="of node 57 should be 58" classname="com.github.traderjoe95.mls.protocol.tree.TreeMath" time="0.0"/>
  <testcase name="of node 59 should be 61" classname="com.github.traderjoe95.mls.protocol.tree.TreeMath" time="0.0"/>
  <testcase name="of node 61 should be 62" classname="com.github.traderjoe95.mls.protocol.tree.TreeMath" time="0.0"/>
  <testcase name="of node 63 should be 95" classname="com.github.traderjoe95.mls.protocol.tree.TreeMath" time="0.0"/>
  <testcase name="of node 65 should be 66" classname="com.github.traderjoe95.mls.protocol.tree.TreeMath" time="0.0"/>
  <testcase name="of node 67 should be 69" classname="com.github.traderjoe95.mls.protocol.tree.TreeMath" time="0.0"/>
  <testcase name="of node 69 should be 70" classname="com.github.traderjoe95.mls.protocol.tree.TreeMath" time="0.0"/>
  <testcase name="of node 71 should be 75" classname="com.github.traderjoe95.mls.protocol.tree.TreeMath" time="0.0"/>
  <testcase name="of node 73 should be 74" classname="com.github.traderjoe95.mls.protocol.tree.TreeMath" time="0.0"/>
  <testcase name="of node 75 should be 77" classname="com.github.traderjoe95.mls.protocol.tree.TreeMath" time="0.0"/>
  <testcase name="of node 77 should be 78" classname="com.github.traderjoe95.mls.protocol.tree.TreeMath" time="0.0"/>
  <testcase name="of node 79 should be 87" classname="com.github.traderjoe95.mls.protocol.tree.TreeMath" time="0.0"/>
  <testcase name="of node 81 should be 82" classname="com.github.traderjoe95.mls.protocol.tree.TreeMath" time="0.0"/>
  <testcase name="of node 83 should be 85" classname="com.github.traderjoe95.mls.protocol.tree.TreeMath" time="0.0"/>
  <testcase name="of node 85 should be 86" classname="com.github.traderjoe95.mls.protocol.tree.TreeMath" time="0.0"/>
  <testcase name="of node 87 should be 91" classname="com.github.traderjoe95.mls.protocol.tree.TreeMath" time="0.0"/>
  <testcase name="of node 89 should be 90" classname="com.github.traderjoe95.mls.protocol.tree.TreeMath" time="0.0"/>
  <testcase name="of node 91 should be 93" classname="com.github.traderjoe95.mls.protocol.tree.TreeMath" time="0.0"/>
  <testcase name="of node 93 should be 94" classname="com.github.traderjoe95.mls.protocol.tree.TreeMath" time="0.0"/>
  <testcase name="of node 95 should be 111" classname="com.github.traderjoe95.mls.protocol.tree.TreeMath" time="0.0"/>
  <testcase name="of node 97 should be 98" classname="com.github.traderjoe95.mls.protocol.tree.TreeMath" time="0.0"/>
  <testcase name="of node 99 should be 101" classname="com.github.traderjoe95.mls.protocol.tree.TreeMath" time="0.0"/>
  <testcase name="of node 101 should be 102" classname="com.github.traderjoe95.mls.protocol.tree.TreeMath" time="0.0"/>
  <testcase name="of node 103 should be 107" classname="com.github.traderjoe95.mls.protocol.tree.TreeMath" time="0.0"/>
  <testcase name="of node 105 should be 106" classname="com.github.traderjoe95.mls.protocol.tree.TreeMath" time="0.0"/>
  <testcase name="of node 107 should be 109" classname="com.github.traderjoe95.mls.protocol.tree.TreeMath" time="0.0"/>
  <testcase name="of node 109 should be 110" classname="com.github.traderjoe95.mls.protocol.tree.TreeMath" time="0.0"/>
  <testcase name="of node 111 should be 119" classname="com.github.traderjoe95.mls.protocol.tree.TreeMath" time="0.0"/>
  <testcase name="of node 113 should be 114" classname="com.github.traderjoe95.mls.protocol.tree.TreeMath" time="0.0"/>
  <testcase name="of node 115 should be 117" classname="com.github.traderjoe95.mls.protocol.tree.TreeMath" time="0.0"/>
  <testcase name="of node 117 should be 118" classname="com.github.traderjoe95.mls.protocol.tree.TreeMath" time="0.0"/>
  <testcase name="of node 119 should be 123" classname="com.github.traderjoe95.mls.protocol.tree.TreeMath" time="0.0"/>
  <testcase name="of node 121 should be 122" classname="com.github.traderjoe95.mls.protocol.tree.TreeMath" time="0.0"/>
  <testcase name="of node 123 should be 125" classname="com.github.traderjoe95.mls.protocol.tree.TreeMath" time="0.0"/>
  <testcase name="of node 125 should be 126" classname="com.github.traderjoe95.mls.protocol.tree.TreeMath" time="0.0"/>
  <testcase name="of node 127 should be 191" classname="com.github.traderjoe95.mls.protocol.tree.TreeMath" time="0.0"/>
  <testcase name="of node 129 should be 130" classname="com.github.traderjoe95.mls.protocol.tree.TreeMath" time="0.0"/>
  <testcase name="of node 131 should be 133" classname="com.github.traderjoe95.mls.protocol.tree.TreeMath" time="0.0"/>
  <testcase name="of node 133 should be 134" classname="com.github.traderjoe95.mls.protocol.tree.TreeMath" time="0.0"/>
  <testcase name="of node 135 should be 139" classname="com.github.traderjoe95.mls.protocol.tree.TreeMath" time="0.0"/>
  <testcase name="of node 137 should be 138" classname="com.github.traderjoe95.mls.protocol.tree.TreeMath" time="0.0"/>
  <testcase name="of node 139 should be 141" classname="com.github.traderjoe95.mls.protocol.tree.TreeMath" time="0.0"/>
  <testcase name="of node 141 should be 142" classname="com.github.traderjoe95.mls.protocol.tree.TreeMath" time="0.0"/>
  <testcase name="of node 143 should be 151" classname="com.github.traderjoe95.mls.protocol.tree.TreeMath" time="0.0"/>
  <testcase name="of node 145 should be 146" classname="com.github.traderjoe95.mls.protocol.tree.TreeMath" time="0.0"/>
  <testcase name="of node 147 should be 149" classname="com.github.traderjoe95.mls.protocol.tree.TreeMath" time="0.0"/>
  <testcase name="of node 149 should be 150" classname="com.github.traderjoe95.mls.protocol.tree.TreeMath" time="0.001"/>
  <testcase name="of node 151 should be 155" classname="com.github.traderjoe95.mls.protocol.tree.TreeMath" time="0.0"/>
  <testcase name="of node 153 should be 154" classname="com.github.traderjoe95.mls.protocol.tree.TreeMath" time="0.0"/>
  <testcase name="of node 155 should be 157" classname="com.github.traderjoe95.mls.protocol.tree.TreeMath" time="0.0"/>
  <testcase name="of node 157 should be 158" classname="com.github.traderjoe95.mls.protocol.tree.TreeMath" time="0.0"/>
  <testcase name="of node 159 should be 175" classname="com.github.traderjoe95.mls.protocol.tree.TreeMath" time="0.0"/>
  <testcase name="of node 161 should be 162" classname="com.github.traderjoe95.mls.protocol.tree.TreeMath" time="0.0"/>
  <testcase name="of node 163 should be 165" classname="com.github.traderjoe95.mls.protocol.tree.TreeMath" time="0.0"/>
  <testcase name="of node 165 should be 166" classname="com.github.traderjoe95.mls.protocol.tree.TreeMath" time="0.001"/>
  <testcase name="of node 167 should be 171" classname="com.github.traderjoe95.mls.protocol.tree.TreeMath" time="0.0"/>
  <testcase name="of node 169 should be 170" classname="com.github.traderjoe95.mls.protocol.tree.TreeMath" time="0.0"/>
  <testcase name="of node 171 should be 173" classname="com.github.traderjoe95.mls.protocol.tree.TreeMath" time="0.0"/>
  <testcase name="of node 173 should be 174" classname="com.github.traderjoe95.mls.protocol.tree.TreeMath" time="0.0"/>
  <testcase name="of node 175 should be 183" classname="com.github.traderjoe95.mls.protocol.tree.TreeMath" time="0.0"/>
  <testcase name="of node 177 should be 178" classname="com.github.traderjoe95.mls.protocol.tree.TreeMath" time="0.0"/>
  <testcase name="of node 179 should be 181" classname="com.github.traderjoe95.mls.protocol.tree.TreeMath" time="0.0"/>
  <testcase name="of node 181 should be 182" classname="com.github.traderjoe95.mls.protocol.tree.TreeMath" time="0.0"/>
  <testcase name="of node 183 should be 187" classname="com.github.traderjoe95.mls.protocol.tree.TreeMath" time="0.0"/>
  <testcase name="of node 185 should be 186" classname="com.github.traderjoe95.mls.protocol.tree.TreeMath" time="0.0"/>
  <testcase name="of node 187 should be 189" classname="com.github.traderjoe95.mls.protocol.tree.TreeMath" time="0.0"/>
  <testcase name="of node 189 should be 190" classname="com.github.traderjoe95.mls.protocol.tree.TreeMath" time="0.0"/>
  <testcase name="of node 191 should be 223" classname="com.github.traderjoe95.mls.protocol.tree.TreeMath" time="0.0"/>
  <testcase name="of node 193 should be 194" classname="com.github.traderjoe95.mls.protocol.tree.TreeMath" time="0.0"/>
  <testcase name="of node 195 should be 197" classname="com.github.traderjoe95.mls.protocol.tree.TreeMath" time="0.0"/>
  <testcase name="of node 197 should be 198" classname="com.github.traderjoe95.mls.protocol.tree.TreeMath" time="0.0"/>
  <testcase name="of node 199 should be 203" classname="com.github.traderjoe95.mls.protocol.tree.TreeMath" time="0.0"/>
  <testcase name="of node 201 should be 202" classname="com.github.traderjoe95.mls.protocol.tree.TreeMath" time="0.0"/>
  <testcase name="of node 203 should be 205" classname="com.github.traderjoe95.mls.protocol.tree.TreeMath" time="0.0"/>
  <testcase name="of node 205 should be 206" classname="com.github.traderjoe95.mls.protocol.tree.TreeMath" time="0.0"/>
  <testcase name="of node 207 should be 215" classname="com.github.traderjoe95.mls.protocol.tree.TreeMath" time="0.0"/>
  <testcase name="of node 209 should be 210" classname="com.github.traderjoe95.mls.protocol.tree.TreeMath" time="0.0"/>
  <testcase name="of node 211 should be 213" classname="com.github.traderjoe95.mls.protocol.tree.TreeMath" time="0.0"/>
  <testcase name="of node 213 should be 214" classname="com.github.traderjoe95.mls.protocol.tree.TreeMath" time="0.0"/>
  <testcase name="of node 215 should be 219" classname="com.github.traderjoe95.mls.protocol.tree.TreeMath" time="0.0"/>
  <testcase name="of node 217 should be 218" classname="com.github.traderjoe95.mls.protocol.tree.TreeMath" time="0.0"/>
  <testcase name="of node 219 should be 221" classname="com.github.traderjoe95.mls.protocol.tree.TreeMath" time="0.0"/>
  <testcase name="of node 221 should be 222" classname="com.github.traderjoe95.mls.protocol.tree.TreeMath" time="0.0"/>
  <testcase name="of node 223 should be 239" classname="com.github.traderjoe95.mls.protocol.tree.TreeMath" time="0.0"/>
  <testcase name="of node 225 should be 226" classname="com.github.traderjoe95.mls.protocol.tree.TreeMath" time="0.0"/>
  <testcase name="of node 227 should be 229" classname="com.github.traderjoe95.mls.protocol.tree.TreeMath" time="0.0"/>
  <testcase name="of node 229 should be 230" classname="com.github.traderjoe95.mls.protocol.tree.TreeMath" time="0.0"/>
  <testcase name="of node 231 should be 235" classname="com.github.traderjoe95.mls.protocol.tree.TreeMath" time="0.0"/>
  <testcase name="of node 233 should be 234" classname="com.github.traderjoe95.mls.protocol.tree.TreeMath" time="0.0"/>
  <testcase name="of node 235 should be 237" classname="com.github.traderjoe95.mls.protocol.tree.TreeMath" time="0.0"/>
  <testcase name="of node 237 should be 238" classname="com.github.traderjoe95.mls.protocol.tree.TreeMath" time="0.001"/>
  <testcase name="of node 239 should be 247" classname="com.github.traderjoe95.mls.protocol.tree.TreeMath" time="0.0"/>
  <testcase name="of node 241 should be 242" classname="com.github.traderjoe95.mls.protocol.tree.TreeMath" time="0.0"/>
  <testcase name="of node 243 should be 245" classname="com.github.traderjoe95.mls.protocol.tree.TreeMath" time="0.0"/>
  <testcase name="of node 245 should be 246" classname="com.github.traderjoe95.mls.protocol.tree.TreeMath" time="0.0"/>
  <testcase name="of node 247 should be 251" classname="com.github.traderjoe95.mls.protocol.tree.TreeMath" time="0.0"/>
  <testcase name="of node 249 should be 250" classname="com.github.traderjoe95.mls.protocol.tree.TreeMath" time="0.0"/>
  <testcase name="of node 251 should be 253" classname="com.github.traderjoe95.mls.protocol.tree.TreeMath" time="0.0"/>
  <testcase name="of node 253 should be 254" classname="com.github.traderjoe95.mls.protocol.tree.TreeMath" time="0.0"/>
  <testcase name="of node 255 should be 383" classname="com.github.traderjoe95.mls.protocol.tree.TreeMath" time="0.0"/>
  <testcase name="of node 257 should be 258" classname="com.github.traderjoe95.mls.protocol.tree.TreeMath" time="0.0"/>
  <testcase name="of node 259 should be 261" classname="com.github.traderjoe95.mls.protocol.tree.TreeMath" time="0.0"/>
  <testcase name="of node 261 should be 262" classname="com.github.traderjoe95.mls.protocol.tree.TreeMath" time="0.0"/>
  <testcase name="of node 263 should be 267" classname="com.github.traderjoe95.mls.protocol.tree.TreeMath" time="0.0"/>
  <testcase name="of node 265 should be 266" classname="com.github.traderjoe95.mls.protocol.tree.TreeMath" time="0.001"/>
  <testcase name="of node 267 should be 269" classname="com.github.traderjoe95.mls.protocol.tree.TreeMath" time="0.0"/>
  <testcase name="of node 269 should be 270" classname="com.github.traderjoe95.mls.protocol.tree.TreeMath" time="0.0"/>
  <testcase name="of node 271 should be 279" classname="com.github.traderjoe95.mls.protocol.tree.TreeMath" time="0.0"/>
  <testcase name="of node 273 should be 274" classname="com.github.traderjoe95.mls.protocol.tree.TreeMath" time="0.0"/>
  <testcase name="of node 275 should be 277" classname="com.github.traderjoe95.mls.protocol.tree.TreeMath" time="0.0"/>
  <testcase name="of node 277 should be 278" classname="com.github.traderjoe95.mls.protocol.tree.TreeMath" time="0.0"/>
  <testcase name="of node 279 should be 283" classname="com.github.traderjoe95.mls.protocol.tree.TreeMath" time="0.0"/>
  <testcase name="of node 281 should be 282" classname="com.github.traderjoe95.mls.protocol.tree.TreeMath" time="0.0"/>
  <testcase name="of node 283 should be 285" classname="com.github.traderjoe95.mls.protocol.tree.TreeMath" time="0.0"/>
  <testcase name="of node 285 should be 286" classname="com.github.traderjoe95.mls.protocol.tree.TreeMath" time="0.0"/>
  <testcase name="of node 287 should be 303" classname="com.github.traderjoe95.mls.protocol.tree.TreeMath" time="0.0"/>
  <testcase name="of node 289 should be 290" classname="com.github.traderjoe95.mls.protocol.tree.TreeMath" time="0.0"/>
  <testcase name="of node 291 should be 293" classname="com.github.traderjoe95.mls.protocol.tree.TreeMath" time="0.0"/>
  <testcase name="of node 293 should be 294" classname="com.github.traderjoe95.mls.protocol.tree.TreeMath" time="0.0"/>
  <testcase name="of node 295 should be 299" classname="com.github.traderjoe95.mls.protocol.tree.TreeMath" time="0.0"/>
  <testcase name="of node 297 should be 298" classname="com.github.traderjoe95.mls.protocol.tree.TreeMath" time="0.0"/>
  <testcase name="of node 299 should be 301" classname="com.github.traderjoe95.mls.protocol.tree.TreeMath" time="0.0"/>
  <testcase name="of node 301 should be 302" classname="com.github.traderjoe95.mls.protocol.tree.TreeMath" time="0.0"/>
  <testcase name="of node 303 should be 311" classname="com.github.traderjoe95.mls.protocol.tree.TreeMath" time="0.0"/>
  <testcase name="of node 305 should be 306" classname="com.github.traderjoe95.mls.protocol.tree.TreeMath" time="0.0"/>
  <testcase name="of node 307 should be 309" classname="com.github.traderjoe95.mls.protocol.tree.TreeMath" time="0.0"/>
  <testcase name="of node 309 should be 310" classname="com.github.traderjoe95.mls.protocol.tree.TreeMath" time="0.0"/>
  <testcase name="of node 311 should be 315" classname="com.github.traderjoe95.mls.protocol.tree.TreeMath" time="0.0"/>
  <testcase name="of node 313 should be 314" classname="com.github.traderjoe95.mls.protocol.tree.TreeMath" time="0.0"/>
  <testcase name="of node 315 should be 317" classname="com.github.traderjoe95.mls.protocol.tree.TreeMath" time="0.0"/>
  <testcase name="of node 317 should be 318" classname="com.github.traderjoe95.mls.protocol.tree.TreeMath" time="0.0"/>
  <testcase name="of node 319 should be 351" classname="com.github.traderjoe95.mls.protocol.tree.TreeMath" time="0.001"/>
  <testcase name="of node 321 should be 322" classname="com.github.traderjoe95.mls.protocol.tree.TreeMath" time="0.0"/>
  <testcase name="of node 323 should be 325" classname="com.github.traderjoe95.mls.protocol.tree.TreeMath" time="0.0"/>
  <testcase name="of node 325 should be 326" classname="com.github.traderjoe95.mls.protocol.tree.TreeMath" time="0.0"/>
  <testcase name="of node 327 should be 331" classname="com.github.traderjoe95.mls.protocol.tree.TreeMath" time="0.0"/>
  <testcase name="of node 329 should be 330" classname="com.github.traderjoe95.mls.protocol.tree.TreeMath" time="0.0"/>
  <testcase name="of node 331 should be 333" classname="com.github.traderjoe95.mls.protocol.tree.TreeMath" time="0.0"/>
  <testcase name="of node 333 should be 334" classname="com.github.traderjoe95.mls.protocol.tree.TreeMath" time="0.0"/>
  <testcase name="of node 335 should be 343" classname="com.github.traderjoe95.mls.protocol.tree.TreeMath" time="0.0"/>
  <testcase name="of node 337 should be 338" classname="com.github.traderjoe95.mls.protocol.tree.TreeMath" time="0.0"/>
  <testcase name="of node 339 should be 341" classname="com.github.traderjoe95.mls.protocol.tree.TreeMath" time="0.0"/>
  <testcase name="of node 341 should be 342" classname="com.github.traderjoe95.mls.protocol.tree.TreeMath" time="0.001"/>
  <testcase name="of node 343 should be 347" classname="com.github.traderjoe95.mls.protocol.tree.TreeMath" time="0.0"/>
  <testcase name="of node 345 should be 346" classname="com.github.traderjoe95.mls.protocol.tree.TreeMath" time="0.0"/>
  <testcase name="of node 347 should be 349" classname="com.github.traderjoe95.mls.protocol.tree.TreeMath" time="0.0"/>
  <testcase name="of node 349 should be 350" classname="com.github.traderjoe95.mls.protocol.tree.TreeMath" time="0.0"/>
  <testcase name="of node 351 should be 367" classname="com.github.traderjoe95.mls.protocol.tree.TreeMath" time="0.0"/>
  <testcase name="of node 353 should be 354" classname="com.github.traderjoe95.mls.protocol.tree.TreeMath" time="0.0"/>
  <testcase name="of node 355 should be 357" classname="com.github.traderjoe95.mls.protocol.tree.TreeMath" time="0.0"/>
  <testcase name="of node 357 should be 358" classname="com.github.traderjoe95.mls.protocol.tree.TreeMath" time="0.0"/>
  <testcase name="of node 359 should be 363" classname="com.github.traderjoe95.mls.protocol.tree.TreeMath" time="0.0"/>
  <testcase name="of node 361 should be 362" classname="com.github.traderjoe95.mls.protocol.tree.TreeMath" time="0.0"/>
  <testcase name="of node 363 should be 365" classname="com.github.traderjoe95.mls.protocol.tree.TreeMath" time="0.0"/>
  <testcase name="of node 365 should be 366" classname="com.github.traderjoe95.mls.protocol.tree.TreeMath" time="0.0"/>
  <testcase name="of node 367 should be 375" classname="com.github.traderjoe95.mls.protocol.tree.TreeMath" time="0.0"/>
  <testcase name="of node 369 should be 370" classname="com.github.traderjoe95.mls.protocol.tree.TreeMath" time="0.0"/>
  <testcase name="of node 371 should be 373" classname="com.github.traderjoe95.mls.protocol.tree.TreeMath" time="0.0"/>
  <testcase name="of node 373 should be 374" classname="com.github.traderjoe95.mls.protocol.tree.TreeMath" time="0.0"/>
  <testcase name="of node 375 should be 379" classname="com.github.traderjoe95.mls.protocol.tree.TreeMath" time="0.0"/>
  <testcase name="of node 377 should be 378" classname="com.github.traderjoe95.mls.protocol.tree.TreeMath" time="0.0"/>
  <testcase name="of node 379 should be 381" classname="com.github.traderjoe95.mls.protocol.tree.TreeMath" time="0.0"/>
  <testcase name="of node 381 should be 382" classname="com.github.traderjoe95.mls.protocol.tree.TreeMath" time="0.0"/>
  <testcase name="of node 383 should be 447" classname="com.github.traderjoe95.mls.protocol.tree.TreeMath" time="0.0"/>
  <testcase name="of node 385 should be 386" classname="com.github.traderjoe95.mls.protocol.tree.TreeMath" time="0.0"/>
  <testcase name="of node 387 should be 389" classname="com.github.traderjoe95.mls.protocol.tree.TreeMath" time="0.0"/>
  <testcase name="of node 389 should be 390" classname="com.github.traderjoe95.mls.protocol.tree.TreeMath" time="0.001"/>
  <testcase name="of node 391 should be 395" classname="com.github.traderjoe95.mls.protocol.tree.TreeMath" time="0.0"/>
  <testcase name="of node 393 should be 394" classname="com.github.traderjoe95.mls.protocol.tree.TreeMath" time="0.0"/>
  <testcase name="of node 395 should be 397" classname="com.github.traderjoe95.mls.protocol.tree.TreeMath" time="0.0"/>
  <testcase name="of node 397 should be 398" classname="com.github.traderjoe95.mls.protocol.tree.TreeMath" time="0.0"/>
  <testcase name="of node 399 should be 407" classname="com.github.traderjoe95.mls.protocol.tree.TreeMath" time="0.0"/>
  <testcase name="of node 401 should be 402" classname="com.github.traderjoe95.mls.protocol.tree.TreeMath" time="0.0"/>
  <testcase name="of node 403 should be 405" classname="com.github.traderjoe95.mls.protocol.tree.TreeMath" time="0.0"/>
  <testcase name="of node 405 should be 406" classname="com.github.traderjoe95.mls.protocol.tree.TreeMath" time="0.0"/>
  <testcase name="of node 407 should be 411" classname="com.github.traderjoe95.mls.protocol.tree.TreeMath" time="0.0"/>
  <testcase name="of node 409 should be 410" classname="com.github.traderjoe95.mls.protocol.tree.TreeMath" time="0.0"/>
  <testcase name="of node 411 should be 413" classname="com.github.traderjoe95.mls.protocol.tree.TreeMath" time="0.0"/>
  <testcase name="of node 413 should be 414" classname="com.github.traderjoe95.mls.protocol.tree.TreeMath" time="0.0"/>
  <testcase name="of node 415 should be 431" classname="com.github.traderjoe95.mls.protocol.tree.TreeMath" time="0.0"/>
  <testcase name="of node 417 should be 418" classname="com.github.traderjoe95.mls.protocol.tree.TreeMath" time="0.0"/>
  <testcase name="of node 419 should be 421" classname="com.github.traderjoe95.mls.protocol.tree.TreeMath" time="0.0"/>
  <testcase name="of node 421 should be 422" classname="com.github.traderjoe95.mls.protocol.tree.TreeMath" time="0.001"/>
  <testcase name="of node 423 should be 427" classname="com.github.traderjoe95.mls.protocol.tree.TreeMath" time="0.0"/>
  <testcase name="of node 425 should be 426" classname="com.github.traderjoe95.mls.protocol.tree.TreeMath" time="0.0"/>
  <testcase name="of node 427 should be 429" classname="com.github.traderjoe95.mls.protocol.tree.TreeMath" time="0.0"/>
  <testcase name="of node 429 should be 430" classname="com.github.traderjoe95.mls.protocol.tree.TreeMath" time="0.0"/>
  <testcase name="of node 431 should be 439" classname="com.github.traderjoe95.mls.protocol.tree.TreeMath" time="0.0"/>
  <testcase name="of node 433 should be 434" classname="com.github.traderjoe95.mls.protocol.tree.TreeMath" time="0.0"/>
  <testcase name="of node 435 should be 437" classname="com.github.traderjoe95.mls.protocol.tree.TreeMath" time="0.0"/>
  <testcase name="of node 437 should be 438" classname="com.github.traderjoe95.mls.protocol.tree.TreeMath" time="0.0"/>
  <testcase name="of node 439 should be 443" classname="com.github.traderjoe95.mls.protocol.tree.TreeMath" time="0.0"/>
  <testcase name="of node 441 should be 442" classname="com.github.traderjoe95.mls.protocol.tree.TreeMath" time="0.0"/>
  <testcase name="of node 443 should be 445" classname="com.github.traderjoe95.mls.protocol.tree.TreeMath" time="0.001"/>
  <testcase name="of node 445 should be 446" classname="com.github.traderjoe95.mls.protocol.tree.TreeMath" time="0.0"/>
  <testcase name="of node 447 should be 479" classname="com.github.traderjoe95.mls.protocol.tree.TreeMath" time="0.0"/>
  <testcase name="of node 449 should be 450" classname="com.github.traderjoe95.mls.protocol.tree.TreeMath" time="0.0"/>
  <testcase name="of node 451 should be 453" classname="com.github.traderjoe95.mls.protocol.tree.TreeMath" time="0.0"/>
  <testcase name="of node 453 should be 454" classname="com.github.traderjoe95.mls.protocol.tree.TreeMath" time="0.0"/>
  <testcase name="of node 455 should be 459" classname="com.github.traderjoe95.mls.protocol.tree.TreeMath" time="0.0"/>
  <testcase name="of node 457 should be 458" classname="com.github.traderjoe95.mls.protocol.tree.TreeMath" time="0.0"/>
  <testcase name="of node 459 should be 461" classname="com.github.traderjoe95.mls.protocol.tree.TreeMath" time="0.0"/>
  <testcase name="of node 461 should be 462" classname="com.github.traderjoe95.mls.protocol.tree.TreeMath" time="0.0"/>
  <testcase name="of node 463 should be 471" classname="com.github.traderjoe95.mls.protocol.tree.TreeMath" time="0.0"/>
  <testcase name="of node 465 should be 466" classname="com.github.traderjoe95.mls.protocol.tree.TreeMath" time="0.0"/>
  <testcase name="of node 467 should be 469" classname="com.github.traderjoe95.mls.protocol.tree.TreeMath" time="0.0"/>
  <testcase name="of node 469 should be 470" classname="com.github.traderjoe95.mls.protocol.tree.TreeMath" time="0.0"/>
  <testcase name="of node 471 should be 475" classname="com.github.traderjoe95.mls.protocol.tree.TreeMath" time="0.0"/>
  <testcase name="of node 473 should be 474" classname="com.github.traderjoe95.mls.protocol.tree.TreeMath" time="0.0"/>
  <testcase name="of node 475 should be 477" classname="com.github.traderjoe95.mls.protocol.tree.TreeMath" time="0.0"/>
  <testcase name="of node 477 should be 478" classname="com.github.traderjoe95.mls.protocol.tree.TreeMath" time="0.0"/>
  <testcase name="of node 479 should be 495" classname="com.github.traderjoe95.mls.protocol.tree.TreeMath" time="0.0"/>
  <testcase name="of node 481 should be 482" classname="com.github.traderjoe95.mls.protocol.tree.TreeMath" time="0.0"/>
  <testcase name="of node 483 should be 485" classname="com.github.traderjoe95.mls.protocol.tree.TreeMath" time="0.0"/>
  <testcase name="of node 485 should be 486" classname="com.github.traderjoe95.mls.protocol.tree.TreeMath" time="0.0"/>
  <testcase name="of node 487 should be 491" classname="com.github.traderjoe95.mls.protocol.tree.TreeMath" time="0.0"/>
  <testcase name="of node 489 should be 490" classname="com.github.traderjoe95.mls.protocol.tree.TreeMath" time="0.0"/>
  <testcase name="of node 491 should be 493" classname="com.github.traderjoe95.mls.protocol.tree.TreeMath" time="0.0"/>
  <testcase name="of node 493 should be 494" classname="com.github.traderjoe95.mls.protocol.tree.TreeMath" time="0.0"/>
  <testcase name="of node 495 should be 503" classname="com.github.traderjoe95.mls.protocol.tree.TreeMath" time="0.0"/>
  <testcase name="of node 497 should be 498" classname="com.github.traderjoe95.mls.protocol.tree.TreeMath" time="0.0"/>
  <testcase name="of node 499 should be 501" classname="com.github.traderjoe95.mls.protocol.tree.TreeMath" time="0.0"/>
  <testcase name="of node 501 should be 502" classname="com.github.traderjoe95.mls.protocol.tree.TreeMath" time="0.0"/>
  <testcase name="of node 503 should be 507" classname="com.github.traderjoe95.mls.protocol.tree.TreeMath" time="0.0"/>
  <testcase name="of node 505 should be 506" classname="com.github.traderjoe95.mls.protocol.tree.TreeMath" time="0.0"/>
  <testcase name="of node 507 should be 509" classname="com.github.traderjoe95.mls.protocol.tree.TreeMath" time="0.0"/>
  <testcase name="of node 509 should be 510" classname="com.github.traderjoe95.mls.protocol.tree.TreeMath" time="0.0"/>
  <testcase name="of node 511 should be 767" classname="com.github.traderjoe95.mls.protocol.tree.TreeMath" time="0.0"/>
  <testcase name="of node 513 should be 514" classname="com.github.traderjoe95.mls.protocol.tree.TreeMath" time="0.0"/>
  <testcase name="of node 515 should be 517" classname="com.github.traderjoe95.mls.protocol.tree.TreeMath" time="0.0"/>
  <testcase name="of node 517 should be 518" classname="com.github.traderjoe95.mls.protocol.tree.TreeMath" time="0.0"/>
  <testcase name="of node 519 should be 523" classname="com.github.traderjoe95.mls.protocol.tree.TreeMath" time="0.0"/>
  <testcase name="of node 521 should be 522" classname="com.github.traderjoe95.mls.protocol.tree.TreeMath" time="0.0"/>
  <testcase name="of node 523 should be 525" classname="com.github.traderjoe95.mls.protocol.tree.TreeMath" time="0.0"/>
  <testcase name="of node 525 should be 526" classname="com.github.traderjoe95.mls.protocol.tree.TreeMath" time="0.0"/>
  <testcase name="of node 527 should be 535" classname="com.github.traderjoe95.mls.protocol.tree.TreeMath" time="0.0"/>
  <testcase name="of node 529 should be 530" classname="com.github.traderjoe95.mls.protocol.tree.TreeMath" time="0.0"/>
  <testcase name="of node 531 should be 533" classname="com.github.traderjoe95.mls.protocol.tree.TreeMath" time="0.0"/>
  <testcase name="of node 533 should be 534" classname="com.github.traderjoe95.mls.protocol.tree.TreeMath" time="0.0"/>
  <testcase name="of node 535 should be 539" classname="com.github.traderjoe95.mls.protocol.tree.TreeMath" time="0.0"/>
  <testcase name="of node 537 should be 538" classname="com.github.traderjoe95.mls.protocol.tree.TreeMath" time="0.0"/>
  <testcase name="of node 539 should be 541" classname="com.github.traderjoe95.mls.protocol.tree.TreeMath" time="0.0"/>
  <testcase name="of node 541 should be 542" classname="com.github.traderjoe95.mls.protocol.tree.TreeMath" time="0.0"/>
  <testcase name="of node 543 should be 559" classname="com.github.traderjoe95.mls.protocol.tree.TreeMath" time="0.0"/>
  <testcase name="of node 545 should be 546" classname="com.github.traderjoe95.mls.protocol.tree.TreeMath" time="0.0"/>
  <testcase name="of node 547 should be 549" classname="com.github.traderjoe95.mls.protocol.tree.TreeMath" time="0.0"/>
  <testcase name="of node 549 should be 550" classname="com.github.traderjoe95.mls.protocol.tree.TreeMath" time="0.001"/>
  <testcase name="of node 551 should be 555" classname="com.github.traderjoe95.mls.protocol.tree.TreeMath" time="0.0"/>
  <testcase name="of node 553 should be 554" classname="com.github.traderjoe95.mls.protocol.tree.TreeMath" time="0.0"/>
  <testcase name="of node 555 should be 557" classname="com.github.traderjoe95.mls.protocol.tree.TreeMath" time="0.0"/>
  <testcase name="of node 557 should be 558" classname="com.github.traderjoe95.mls.protocol.tree.TreeMath" time="0.0"/>
  <testcase name="of node 559 should be 567" classname="com.github.traderjoe95.mls.protocol.tree.TreeMath" time="0.0"/>
  <testcase name="of node 561 should be 562" classname="com.github.traderjoe95.mls.protocol.tree.TreeMath" time="0.0"/>
  <testcase name="of node 563 should be 565" classname="com.github.traderjoe95.mls.protocol.tree.TreeMath" time="0.0"/>
  <testcase name="of node 565 should be 566" classname="com.github.traderjoe95.mls.protocol.tree.TreeMath" time="0.0"/>
  <testcase name="of node 567 should be 571" classname="com.github.traderjoe95.mls.protocol.tree.TreeMath" time="0.0"/>
  <testcase name="of node 569 should be 570" classname="com.github.traderjoe95.mls.protocol.tree.TreeMath" time="0.0"/>
  <testcase name="of node 571 should be 573" classname="com.github.traderjoe95.mls.protocol.tree.TreeMath" time="0.0"/>
  <testcase name="of node 573 should be 574" classname="com.github.traderjoe95.mls.protocol.tree.TreeMath" time="0.0"/>
  <testcase name="of node 575 should be 607" classname="com.github.traderjoe95.mls.protocol.tree.TreeMath" time="0.0"/>
  <testcase name="of node 577 should be 578" classname="com.github.traderjoe95.mls.protocol.tree.TreeMath" time="0.0"/>
  <testcase name="of node 579 should be 581" classname="com.github.traderjoe95.mls.protocol.tree.TreeMath" time="0.0"/>
  <testcase name="of node 581 should be 582" classname="com.github.traderjoe95.mls.protocol.tree.TreeMath" time="0.0"/>
  <testcase name="of node 583 should be 587" classname="com.github.traderjoe95.mls.protocol.tree.TreeMath" time="0.0"/>
  <testcase name="of node 585 should be 586" classname="com.github.traderjoe95.mls.protocol.tree.TreeMath" time="0.0"/>
  <testcase name="of node 587 should be 589" classname="com.github.traderjoe95.mls.protocol.tree.TreeMath" time="0.0"/>
  <testcase name="of node 589 should be 590" classname="com.github.traderjoe95.mls.protocol.tree.TreeMath" time="0.0"/>
  <testcase name="of node 591 should be 599" classname="com.github.traderjoe95.mls.protocol.tree.TreeMath" time="0.0"/>
  <testcase name="of node 593 should be 594" classname="com.github.traderjoe95.mls.protocol.tree.TreeMath" time="0.0"/>
  <testcase name="of node 595 should be 597" classname="com.github.traderjoe95.mls.protocol.tree.TreeMath" time="0.0"/>
  <testcase name="of node 597 should be 598" classname="com.github.traderjoe95.mls.protocol.tree.TreeMath" time="0.0"/>
  <testcase name="of node 599 should be 603" classname="com.github.traderjoe95.mls.protocol.tree.TreeMath" time="0.0"/>
  <testcase name="of node 601 should be 602" classname="com.github.traderjoe95.mls.protocol.tree.TreeMath" time="0.0"/>
  <testcase name="of node 603 should be 605" classname="com.github.traderjoe95.mls.protocol.tree.TreeMath" time="0.0"/>
  <testcase name="of node 605 should be 606" classname="com.github.traderjoe95.mls.protocol.tree.TreeMath" time="0.0"/>
  <testcase name="of node 607 should be 623" classname="com.github.traderjoe95.mls.protocol.tree.TreeMath" time="0.0"/>
  <testcase name="of node 609 should be 610" classname="com.github.traderjoe95.mls.protocol.tree.TreeMath" time="0.0"/>
  <testcase name="of node 611 should be 613" classname="com.github.traderjoe95.mls.protocol.tree.TreeMath" time="0.0"/>
  <testcase name="of node 613 should be 614" classname="com.github.traderjoe95.mls.protocol.tree.TreeMath" time="0.0"/>
  <testcase name="of node 615 should be 619" classname="com.github.traderjoe95.mls.protocol.tree.TreeMath" time="0.0"/>
  <testcase name="of node 617 should be 618" classname="com.github.traderjoe95.mls.protocol.tree.TreeMath" time="0.0"/>
  <testcase name="of node 619 should be 621" classname="com.github.traderjoe95.mls.protocol.tree.TreeMath" time="0.0"/>
  <testcase name="of node 621 should be 622" classname="com.github.traderjoe95.mls.protocol.tree.TreeMath" time="0.0"/>
  <testcase name="of node 623 should be 631" classname="com.github.traderjoe95.mls.protocol.tree.TreeMath" time="0.0"/>
  <testcase name="of node 625 should be 626" classname="com.github.traderjoe95.mls.protocol.tree.TreeMath" time="0.0"/>
  <testcase name="of node 627 should be 629" classname="com.github.traderjoe95.mls.protocol.tree.TreeMath" time="0.0"/>
  <testcase name="of node 629 should be 630" classname="com.github.traderjoe95.mls.protocol.tree.TreeMath" time="0.0"/>
  <testcase name="of node 631 should be 635" classname="com.github.traderjoe95.mls.protocol.tree.TreeMath" time="0.0"/>
  <testcase name="of node 633 should be 634" classname="com.github.traderjoe95.mls.protocol.tree.TreeMath" time="0.0"/>
  <testcase name="of node 635 should be 637" classname="com.github.traderjoe95.mls.protocol.tree.TreeMath" time="0.0"/>
  <testcase name="of node 637 should be 638" classname="com.github.traderjoe95.mls.protocol.tree.TreeMath" time="0.0"/>
  <testcase name="of node 639 should be 703" classname="com.github.traderjoe95.mls.protocol.tree.TreeMath" time="0.0"/>
  <testcase name="of node 641 should be 642" classname="com.github.traderjoe95.mls.protocol.tree.TreeMath" time="0.0"/>
  <testcase name="of node 643 should be 645" classname="com.github.traderjoe95.mls.protocol.tree.TreeMath" time="0.0"/>
  <testcase name="of node 645 should be 646" classname="com.github.traderjoe95.mls.protocol.tree.TreeMath" time="0.0"/>
  <testcase name="of node 647 should be 651" classname="com.github.traderjoe95.mls.protocol.tree.TreeMath" time="0.0"/>
  <testcase name="of node 649 should be 650" classname="com.github.traderjoe95.mls.protocol.tree.TreeMath" time="0.0"/>
  <testcase name="of node 651 should be 653" classname="com.github.traderjoe95.mls.protocol.tree.TreeMath" time="0.0"/>
  <testcase name="of node 653 should be 654" classname="com.github.traderjoe95.mls.protocol.tree.TreeMath" time="0.0"/>
  <testcase name="of node 655 should be 663" classname="com.github.traderjoe95.mls.protocol.tree.TreeMath" time="0.0"/>
  <testcase name="of node 657 should be 658" classname="com.github.traderjoe95.mls.protocol.tree.TreeMath" time="0.0"/>
  <testcase name="of node 659 should be 661" classname="com.github.traderjoe95.mls.protocol.tree.TreeMath" time="0.0"/>
  <testcase name="of node 661 should be 662" classname="com.github.traderjoe95.mls.protocol.tree.TreeMath" time="0.0"/>
  <testcase name="of node 663 should be 667" classname="com.github.traderjoe95.mls.protocol.tree.TreeMath" time="0.0"/>
  <testcase name="of node 665 should be 666" classname="com.github.traderjoe95.mls.protocol.tree.TreeMath" time="0.0"/>
  <testcase name="of node 667 should be 669" classname="com.github.traderjoe95.mls.protocol.tree.TreeMath" time="0.0"/>
  <testcase name="of node 669 should be 670" classname="com.github.traderjoe95.mls.protocol.tree.TreeMath" time="0.001"/>
  <testcase name="of node 671 should be 687" classname="com.github.traderjoe95.mls.protocol.tree.TreeMath" time="0.0"/>
  <testcase name="of node 673 should be 674" classname="com.github.traderjoe95.mls.protocol.tree.TreeMath" time="0.0"/>
  <testcase name="of node 675 should be 677" classname="com.github.traderjoe95.mls.protocol.tree.TreeMath" time="0.0"/>
  <testcase name="of node 677 should be 678" classname="com.github.traderjoe95.mls.protocol.tree.TreeMath" time="0.0"/>
  <testcase name="of node 679 should be 683" classname="com.github.traderjoe95.mls.protocol.tree.TreeMath" time="0.0"/>
  <testcase name="of node 681 should be 682" classname="com.github.traderjoe95.mls.protocol.tree.TreeMath" time="0.0"/>
  <testcase name="of node 683 should be 685" classname="com.github.traderjoe95.mls.protocol.tree.TreeMath" time="0.0"/>
  <testcase name="of node 685 should be 686" classname="com.github.traderjoe95.mls.protocol.tree.TreeMath" time="0.0"/>
  <testcase name="of node 687 should be 695" classname="com.github.traderjoe95.mls.protocol.tree.TreeMath" time="0.0"/>
  <testcase name="of node 689 should be 690" classname="com.github.traderjoe95.mls.protocol.tree.TreeMath" time="0.0"/>
  <testcase name="of node 691 should be 693" classname="com.github.traderjoe95.mls.protocol.tree.TreeMath" time="0.0"/>
  <testcase name="of node 693 should be 694" classname="com.github.traderjoe95.mls.protocol.tree.TreeMath" time="0.0"/>
  <testcase name="of node 695 should be 699" classname="com.github.traderjoe95.mls.protocol.tree.TreeMath" time="0.0"/>
  <testcase name="of node 697 should be 698" classname="com.github.traderjoe95.mls.protocol.tree.TreeMath" time="0.0"/>
  <testcase name="of node 699 should be 701" classname="com.github.traderjoe95.mls.protocol.tree.TreeMath" time="0.0"/>
  <testcase name="of node 701 should be 702" classname="com.github.traderjoe95.mls.protocol.tree.TreeMath" time="0.0"/>
  <testcase name="of node 703 should be 735" classname="com.github.traderjoe95.mls.protocol.tree.TreeMath" time="0.001"/>
  <testcase name="of node 705 should be 706" classname="com.github.traderjoe95.mls.protocol.tree.TreeMath" time="0.0"/>
  <testcase name="of node 707 should be 709" classname="com.github.traderjoe95.mls.protocol.tree.TreeMath" time="0.0"/>
  <testcase name="of node 709 should be 710" classname="com.github.traderjoe95.mls.protocol.tree.TreeMath" time="0.0"/>
  <testcase name="of node 711 should be 715" classname="com.github.traderjoe95.mls.protocol.tree.TreeMath" time="0.0"/>
  <testcase name="of node 713 should be 714" classname="com.github.traderjoe95.mls.protocol.tree.TreeMath" time="0.0"/>
  <testcase name="of node 715 should be 717" classname="com.github.traderjoe95.mls.protocol.tree.TreeMath" time="0.0"/>
  <testcase name="of node 717 should be 718" classname="com.github.traderjoe95.mls.protocol.tree.TreeMath" time="0.0"/>
  <testcase name="of node 719 should be 727" classname="com.github.traderjoe95.mls.protocol.tree.TreeMath" time="0.0"/>
  <testcase name="of node 721 should be 722" classname="com.github.traderjoe95.mls.protocol.tree.TreeMath" time="0.0"/>
  <testcase name="of node 723 should be 725" classname="com.github.traderjoe95.mls.protocol.tree.TreeMath" time="0.0"/>
  <testcase name="of node 725 should be 726" classname="com.github.traderjoe95.mls.protocol.tree.TreeMath" time="0.0"/>
  <testcase name="of node 727 should be 731" classname="com.github.traderjoe95.mls.protocol.tree.TreeMath" time="0.0"/>
  <testcase name="of node 729 should be 730" classname="com.github.traderjoe95.mls.protocol.tree.TreeMath" time="0.0"/>
  <testcase name="of node 731 should be 733" classname="com.github.traderjoe95.mls.protocol.tree.TreeMath" time="0.0"/>
  <testcase name="of node 733 should be 734" classname="com.github.traderjoe95.mls.protocol.tree.TreeMath" time="0.0"/>
  <testcase name="of node 735 should be 751" classname="com.github.traderjoe95.mls.protocol.tree.TreeMath" time="0.0"/>
  <testcase name="of node 737 should be 738" classname="com.github.traderjoe95.mls.protocol.tree.TreeMath" time="0.0"/>
  <testcase name="of node 739 should be 741" classname="com.github.traderjoe95.mls.protocol.tree.TreeMath" time="0.0"/>
  <testcase name="of node 741 should be 742" classname="com.github.traderjoe95.mls.protocol.tree.TreeMath" time="0.0"/>
  <testcase name="of node 743 should be 747" classname="com.github.traderjoe95.mls.protocol.tree.TreeMath" time="0.0"/>
  <testcase name="of node 745 should be 746" classname="com.github.traderjoe95.mls.protocol.tree.TreeMath" time="0.0"/>
  <testcase name="of node 747 should be 749" classname="com.github.traderjoe95.mls.protocol.tree.TreeMath" time="0.0"/>
  <testcase name="of node 749 should be 750" classname="com.github.traderjoe95.mls.protocol.tree.TreeMath" time="0.0"/>
  <testcase name="of node 751 should be 759" classname="com.github.traderjoe95.mls.protocol.tree.TreeMath" time="0.0"/>
  <testcase name="of node 753 should be 754" classname="com.github.traderjoe95.mls.protocol.tree.TreeMath" time="0.0"/>
  <testcase name="of node 755 should be 757" classname="com.github.traderjoe95.mls.protocol.tree.TreeMath" time="0.0"/>
  <testcase name="of node 757 should be 758" classname="com.github.traderjoe95.mls.protocol.tree.TreeMath" time="0.0"/>
  <testcase name="of node 759 should be 763" classname="com.github.traderjoe95.mls.protocol.tree.TreeMath" time="0.0"/>
  <testcase name="of node 761 should be 762" classname="com.github.traderjoe95.mls.protocol.tree.TreeMath" time="0.0"/>
  <testcase name="of node 763 should be 765" classname="com.github.traderjoe95.mls.protocol.tree.TreeMath" time="0.0"/>
  <testcase name="of node 765 should be 766" classname="com.github.traderjoe95.mls.protocol.tree.TreeMath" time="0.0"/>
  <testcase name="of node 767 should be 895" classname="com.github.traderjoe95.mls.protocol.tree.TreeMath" time="0.0"/>
  <testcase name="of node 769 should be 770" classname="com.github.traderjoe95.mls.protocol.tree.TreeMath" time="0.001"/>
  <testcase name="of node 771 should be 773" classname="com.github.traderjoe95.mls.protocol.tree.TreeMath" time="0.0"/>
  <testcase name="of node 773 should be 774" classname="com.github.traderjoe95.mls.protocol.tree.TreeMath" time="0.0"/>
  <testcase name="of node 775 should be 779" classname="com.github.traderjoe95.mls.protocol.tree.TreeMath" time="0.0"/>
  <testcase name="of node 777 should be 778" classname="com.github.traderjoe95.mls.protocol.tree.TreeMath" time="0.0"/>
  <testcase name="of node 779 should be 781" classname="com.github.traderjoe95.mls.protocol.tree.TreeMath" time="0.0"/>
  <testcase name="of node 781 should be 782" classname="com.github.traderjoe95.mls.protocol.tree.TreeMath" time="0.0"/>
  <testcase name="of node 783 should be 791" classname="com.github.traderjoe95.mls.protocol.tree.TreeMath" time="0.0"/>
  <testcase name="of node 785 should be 786" classname="com.github.traderjoe95.mls.protocol.tree.TreeMath" time="0.0"/>
  <testcase name="of node 787 should be 789" classname="com.github.traderjoe95.mls.protocol.tree.TreeMath" time="0.0"/>
  <testcase name="of node 789 should be 790" classname="com.github.traderjoe95.mls.protocol.tree.TreeMath" time="0.0"/>
  <testcase name="of node 791 should be 795" classname="com.github.traderjoe95.mls.protocol.tree.TreeMath" time="0.0"/>
  <testcase name="of node 793 should be 794" classname="com.github.traderjoe95.mls.protocol.tree.TreeMath" time="0.0"/>
  <testcase name="of node 795 should be 797" classname="com.github.traderjoe95.mls.protocol.tree.TreeMath" time="0.001"/>
  <testcase name="of node 797 should be 798" classname="com.github.traderjoe95.mls.protocol.tree.TreeMath" time="0.0"/>
  <testcase name="of node 799 should be 815" classname="com.github.traderjoe95.mls.protocol.tree.TreeMath" time="0.0"/>
  <testcase name="of node 801 should be 802" classname="com.github.traderjoe95.mls.protocol.tree.TreeMath" time="0.0"/>
  <testcase name="of node 803 should be 805" classname="com.github.traderjoe95.mls.protocol.tree.TreeMath" time="0.0"/>
  <testcase name="of node 805 should be 806" classname="com.github.traderjoe95.mls.protocol.tree.TreeMath" time="0.0"/>
  <testcase name="of node 807 should be 811" classname="com.github.traderjoe95.mls.protocol.tree.TreeMath" time="0.0"/>
  <testcase name="of node 809 should be 810" classname="com.github.traderjoe95.mls.protocol.tree.TreeMath" time="0.0"/>
  <testcase name="of node 811 should be 813" classname="com.github.traderjoe95.mls.protocol.tree.TreeMath" time="0.0"/>
  <testcase name="of node 813 should be 814" classname="com.github.traderjoe95.mls.protocol.tree.TreeMath" time="0.0"/>
  <testcase name="of node 815 should be 823" classname="com.github.traderjoe95.mls.protocol.tree.TreeMath" time="0.0"/>
  <testcase name="of node 817 should be 818" classname="com.github.traderjoe95.mls.protocol.tree.TreeMath" time="0.0"/>
  <testcase name="of node 819 should be 821" classname="com.github.traderjoe95.mls.protocol.tree.TreeMath" time="0.0"/>
  <testcase name="of node 821 should be 822" classname="com.github.traderjoe95.mls.protocol.tree.TreeMath" time="0.0"/>
  <testcase name="of node 823 should be 827" classname="com.github.traderjoe95.mls.protocol.tree.TreeMath" time="0.0"/>
  <testcase name="of node 825 should be 826" classname="com.github.traderjoe95.mls.protocol.tree.TreeMath" time="0.0"/>
  <testcase name="of node 827 should be 829" classname="com.github.traderjoe95.mls.protocol.tree.TreeMath" time="0.0"/>
  <testcase name="of node 829 should be 830" classname="com.github.traderjoe95.mls.protocol.tree.TreeMath" time="0.0"/>
  <testcase name="of node 831 should be 863" classname="com.github.traderjoe95.mls.protocol.tree.TreeMath" time="0.0"/>
  <testcase name="of node 833 should be 834" classname="com.github.traderjoe95.mls.protocol.tree.TreeMath" time="0.0"/>
  <testcase name="of node 835 should be 837" classname="com.github.traderjoe95.mls.protocol.tree.TreeMath" time="0.0"/>
  <testcase name="of node 837 should be 838" classname="com.github.traderjoe95.mls.protocol.tree.TreeMath" time="0.0"/>
  <testcase name="of node 839 should be 843" classname="com.github.traderjoe95.mls.protocol.tree.TreeMath" time="0.0"/>
  <testcase name="of node 841 should be 842" classname="com.github.traderjoe95.mls.protocol.tree.TreeMath" time="0.0"/>
  <testcase name="of node 843 should be 845" classname="com.github.traderjoe95.mls.protocol.tree.TreeMath" time="0.0"/>
  <testcase name="of node 845 should be 846" classname="com.github.traderjoe95.mls.protocol.tree.TreeMath" time="0.0"/>
  <testcase name="of node 847 should be 855" classname="com.github.traderjoe95.mls.protocol.tree.TreeMath" time="0.0"/>
  <testcase name="of node 849 should be 850" classname="com.github.traderjoe95.mls.protocol.tree.TreeMath" time="0.0"/>
  <testcase name="of node 851 should be 853" classname="com.github.traderjoe95.mls.protocol.tree.TreeMath" time="0.0"/>
  <testcase name="of node 853 should be 854" classname="com.github.traderjoe95.mls.protocol.tree.TreeMath" time="0.0"/>
  <testcase name="of node 855 should be 859" classname="com.github.traderjoe95.mls.protocol.tree.TreeMath" time="0.0"/>
  <testcase name="of node 857 should be 858" classname="com.github.traderjoe95.mls.protocol.tree.TreeMath" time="0.0"/>
  <testcase name="of node 859 should be 861" classname="com.github.traderjoe95.mls.protocol.tree.TreeMath" time="0.0"/>
  <testcase name="of node 861 should be 862" classname="com.github.traderjoe95.mls.protocol.tree.TreeMath" time="0.0"/>
  <testcase name="of node 863 should be 879" classname="com.github.traderjoe95.mls.protocol.tree.TreeMath" time="0.0"/>
  <testcase name="of node 865 should be 866" classname="com.github.traderjoe95.mls.protocol.tree.TreeMath" time="0.0"/>
  <testcase name="of node 867 should be 869" classname="com.github.traderjoe95.mls.protocol.tree.TreeMath" time="0.0"/>
  <testcase name="of node 869 should be 870" classname="com.github.traderjoe95.mls.protocol.tree.TreeMath" time="0.0"/>
  <testcase name="of node 871 should be 875" classname="com.github.traderjoe95.mls.protocol.tree.TreeMath" time="0.0"/>
  <testcase name="of node 873 should be 874" classname="com.github.traderjoe95.mls.protocol.tree.TreeMath" time="0.0"/>
  <testcase name="of node 875 should be 877" classname="com.github.traderjoe95.mls.protocol.tree.TreeMath" time="0.0"/>
  <testcase name="of node 877 should be 878" classname="com.github.traderjoe95.mls.protocol.tree.TreeMath" time="0.0"/>
  <testcase name="of node 879 should be 887" classname="com.github.traderjoe95.mls.protocol.tree.TreeMath" time="0.0"/>
  <testcase name="of node 881 should be 882" classname="com.github.traderjoe95.mls.protocol.tree.TreeMath" time="0.001"/>
  <testcase name="of node 883 should be 885" classname="com.github.traderjoe95.mls.protocol.tree.TreeMath" time="0.0"/>
  <testcase name="of node 885 should be 886" classname="com.github.traderjoe95.mls.protocol.tree.TreeMath" time="0.0"/>
  <testcase name="of node 887 should be 891" classname="com.github.traderjoe95.mls.protocol.tree.TreeMath" time="0.0"/>
  <testcase name="of node 889 should be 890" classname="com.github.traderjoe95.mls.protocol.tree.TreeMath" time="0.0"/>
  <testcase name="of node 891 should be 893" classname="com.github.traderjoe95.mls.protocol.tree.TreeMath" time="0.0"/>
  <testcase name="of node 893 should be 894" classname="com.github.traderjoe95.mls.protocol.tree.TreeMath" time="0.0"/>
  <testcase name="of node 895 should be 959" classname="com.github.traderjoe95.mls.protocol.tree.TreeMath" time="0.0"/>
  <testcase name="of node 897 should be 898" classname="com.github.traderjoe95.mls.protocol.tree.TreeMath" time="0.0"/>
  <testcase name="of node 899 should be 901" classname="com.github.traderjoe95.mls.protocol.tree.TreeMath" time="0.0"/>
  <testcase name="of node 901 should be 902" classname="com.github.traderjoe95.mls.protocol.tree.TreeMath" time="0.0"/>
  <testcase name="of node 903 should be 907" classname="com.github.traderjoe95.mls.protocol.tree.TreeMath" time="0.0"/>
  <testcase name="of node 905 should be 906" classname="com.github.traderjoe95.mls.protocol.tree.TreeMath" time="0.0"/>
  <testcase name="of node 907 should be 909" classname="com.github.traderjoe95.mls.protocol.tree.TreeMath" time="0.0"/>
  <testcase name="of node 909 should be 910" classname="com.github.traderjoe95.mls.protocol.tree.TreeMath" time="0.0"/>
  <testcase name="of node 911 should be 919" classname="com.github.traderjoe95.mls.protocol.tree.TreeMath" time="0.0"/>
  <testcase name="of node 913 should be 914" classname="com.github.traderjoe95.mls.protocol.tree.TreeMath" time="0.0"/>
  <testcase name="of node 915 should be 917" classname="com.github.traderjoe95.mls.protocol.tree.TreeMath" time="0.001"/>
  <testcase name="of node 917 should be 918" classname="com.github.traderjoe95.mls.protocol.tree.TreeMath" time="0.0"/>
  <testcase name="of node 919 should be 923" classname="com.github.traderjoe95.mls.protocol.tree.TreeMath" time="0.0"/>
  <testcase name="of node 921 should be 922" classname="com.github.traderjoe95.mls.protocol.tree.TreeMath" time="0.0"/>
  <testcase name="of node 923 should be 925" classname="com.github.traderjoe95.mls.protocol.tree.TreeMath" time="0.0"/>
  <testcase name="of node 925 should be 926" classname="com.github.traderjoe95.mls.protocol.tree.TreeMath" time="0.0"/>
  <testcase name="of node 927 should be 943" classname="com.github.traderjoe95.mls.protocol.tree.TreeMath" time="0.0"/>
  <testcase name="of node 929 should be 930" classname="com.github.traderjoe95.mls.protocol.tree.TreeMath" time="0.0"/>
  <testcase name="of node 931 should be 933" classname="com.github.traderjoe95.mls.protocol.tree.TreeMath" time="0.0"/>
  <testcase name="of node 933 should be 934" classname="com.github.traderjoe95.mls.protocol.tree.TreeMath" time="0.0"/>
  <testcase name="of node 935 should be 939" classname="com.github.traderjoe95.mls.protocol.tree.TreeMath" time="0.0"/>
  <testcase name="of node 937 should be 938" classname="com.github.traderjoe95.mls.protocol.tree.TreeMath" time="0.0"/>
  <testcase name="of node 939 should be 941" classname="com.github.traderjoe95.mls.protocol.tree.TreeMath" time="0.0"/>
  <testcase name="of node 941 should be 942" classname="com.github.traderjoe95.mls.protocol.tree.TreeMath" time="0.0"/>
  <testcase name="of node 943 should be 951" classname="com.github.traderjoe95.mls.protocol.tree.TreeMath" time="0.0"/>
  <testcase name="of node 945 should be 946" classname="com.github.traderjoe95.mls.protocol.tree.TreeMath" time="0.0"/>
  <testcase name="of node 947 should be 949" classname="com.github.traderjoe95.mls.protocol.tree.TreeMath" time="0.0"/>
  <testcase name="of node 949 should be 950" classname="com.github.traderjoe95.mls.protocol.tree.TreeMath" time="0.0"/>
  <testcase name="of node 951 should be 955" classname="com.github.traderjoe95.mls.protocol.tree.TreeMath" time="0.0"/>
  <testcase name="of node 953 should be 954" classname="com.github.traderjoe95.mls.protocol.tree.TreeMath" time="0.0"/>
  <testcase name="of node 955 should be 957" classname="com.github.traderjoe95.mls.protocol.tree.TreeMath" time="0.0"/>
  <testcase name="of node 957 should be 958" classname="com.github.traderjoe95.mls.protocol.tree.TreeMath" time="0.0"/>
  <testcase name="of node 959 should be 991" classname="com.github.traderjoe95.mls.protocol.tree.TreeMath" time="0.001"/>
  <testcase name="of node 961 should be 962" classname="com.github.traderjoe95.mls.protocol.tree.TreeMath" time="0.0"/>
  <testcase name="of node 963 should be 965" classname="com.github.traderjoe95.mls.protocol.tree.TreeMath" time="0.0"/>
  <testcase name="of node 965 should be 966" classname="com.github.traderjoe95.mls.protocol.tree.TreeMath" time="0.0"/>
  <testcase name="of node 967 should be 971" classname="com.github.traderjoe95.mls.protocol.tree.TreeMath" time="0.0"/>
  <testcase name="of node 969 should be 970" classname="com.github.traderjoe95.mls.protocol.tree.TreeMath" time="0.001"/>
  <testcase name="of node 971 should be 973" classname="com.github.traderjoe95.mls.protocol.tree.TreeMath" time="0.0"/>
  <testcase name="of node 973 should be 974" classname="com.github.traderjoe95.mls.protocol.tree.TreeMath" time="0.0"/>
  <testcase name="of node 975 should be 983" classname="com.github.traderjoe95.mls.protocol.tree.TreeMath" time="0.0"/>
  <testcase name="of node 977 should be 978" classname="com.github.traderjoe95.mls.protocol.tree.TreeMath" time="0.0"/>
  <testcase name="of node 979 should be 981" classname="com.github.traderjoe95.mls.protocol.tree.TreeMath" time="0.001"/>
  <testcase name="of node 981 should be 982" classname="com.github.traderjoe95.mls.protocol.tree.TreeMath" time="0.0"/>
  <testcase name="of node 983 should be 987" classname="com.github.traderjoe95.mls.protocol.tree.TreeMath" time="0.0"/>
  <testcase name="of node 985 should be 986" classname="com.github.traderjoe95.mls.protocol.tree.TreeMath" time="0.0"/>
  <testcase name="of node 987 should be 989" classname="com.github.traderjoe95.mls.protocol.tree.TreeMath" time="0.0"/>
  <testcase name="of node 989 should be 990" classname="com.github.traderjoe95.mls.protocol.tree.TreeMath" time="0.001"/>
  <testcase name="of node 991 should be 1007" classname="com.github.traderjoe95.mls.protocol.tree.TreeMath" time="0.0"/>
  <testcase name="of node 993 should be 994" classname="com.github.traderjoe95.mls.protocol.tree.TreeMath" time="0.0"/>
  <testcase name="of node 995 should be 997" classname="com.github.traderjoe95.mls.protocol.tree.TreeMath" time="0.0"/>
  <testcase name="of node 997 should be 998" classname="com.github.traderjoe95.mls.protocol.tree.TreeMath" time="0.0"/>
  <testcase name="of node 999 should be 1003" classname="com.github.traderjoe95.mls.protocol.tree.TreeMath" time="0.0"/>
  <testcase name="of node 1001 should be 1002" classname="com.github.traderjoe95.mls.protocol.tree.TreeMath" time="0.0"/>
  <testcase name="of node 1003 should be 1005" classname="com.github.traderjoe95.mls.protocol.tree.TreeMath" time="0.0"/>
  <testcase name="of node 1005 should be 1006" classname="com.github.traderjoe95.mls.protocol.tree.TreeMath" time="0.0"/>
  <testcase name="of node 1007 should be 1015" classname="com.github.traderjoe95.mls.protocol.tree.TreeMath" time="0.0"/>
  <testcase name="of node 1009 should be 1010" classname="com.github.traderjoe95.mls.protocol.tree.TreeMath" time="0.0"/>
  <testcase name="of node 1011 should be 1013" classname="com.github.traderjoe95.mls.protocol.tree.TreeMath" time="0.0"/>
  <testcase name="of node 1013 should be 1014" classname="com.github.traderjoe95.mls.protocol.tree.TreeMath" time="0.0"/>
  <testcase name="of node 1015 should be 1019" classname="com.github.traderjoe95.mls.protocol.tree.TreeMath" time="0.001"/>
  <testcase name="of node 1017 should be 1018" classname="com.github.traderjoe95.mls.protocol.tree.TreeMath" time="0.0"/>
  <testcase name="of node 1019 should be 1021" classname="com.github.traderjoe95.mls.protocol.tree.TreeMath" time="0.0"/>
  <testcase name="of node 1021 should be 1022" classname="com.github.traderjoe95.mls.protocol.tree.TreeMath" time="0.0"/>
  <testcase name="of node 0 should be 1" classname="com.github.traderjoe95.mls.protocol.tree.TreeMath" time="0.0"/>
  <testcase name="of node 1 should be 3" classname="com.github.traderjoe95.mls.protocol.tree.TreeMath" time="0.0"/>
  <testcase name="of node 2 should be 1" classname="com.github.traderjoe95.mls.protocol.tree.TreeMath" time="0.0"/>
  <testcase name="of node 3 should be 7" classname="com.github.traderjoe95.mls.protocol.tree.TreeMath" time="0.0"/>
  <testcase name="of node 4 should be 5" classname="com.github.traderjoe95.mls.protocol.tree.TreeMath" time="0.0"/>
  <testcase name="of node 5 should be 3" classname="com.github.traderjoe95.mls.protocol.tree.TreeMath" time="0.0"/>
  <testcase name="of node 6 should be 5" classname="com.github.traderjoe95.mls.protocol.tree.TreeMath" time="0.0"/>
  <testcase name="of node 7 should be 15" classname="com.github.traderjoe95.mls.protocol.tree.TreeMath" time="0.0"/>
  <testcase name="of node 8 should be 9" classname="com.github.traderjoe95.mls.protocol.tree.TreeMath" time="0.0"/>
  <testcase name="of node 9 should be 11" classname="com.github.traderjoe95.mls.protocol.tree.TreeMath" time="0.0"/>
  <testcase name="of node 10 should be 9" classname="com.github.traderjoe95.mls.protocol.tree.TreeMath" time="0.001"/>
  <testcase name="of node 11 should be 7" classname="com.github.traderjoe95.mls.protocol.tree.TreeMath" time="0.0"/>
  <testcase name="of node 12 should be 13" classname="com.github.traderjoe95.mls.protocol.tree.TreeMath" time="0.0"/>
  <testcase name="of node 13 should be 11" classname="com.github.traderjoe95.mls.protocol.tree.TreeMath" time="0.0"/>
  <testcase name="of node 14 should be 13" classname="com.github.traderjoe95.mls.protocol.tree.TreeMath" time="0.0"/>
  <testcase name="of node 15 should be 31" classname="com.github.traderjoe95.mls.protocol.tree.TreeMath" time="0.0"/>
  <testcase name="of node 16 should be 17" classname="com.github.traderjoe95.mls.protocol.tree.TreeMath" time="0.0"/>
  <testcase name="of node 17 should be 19" classname="com.github.traderjoe95.mls.protocol.tree.TreeMath" time="0.0"/>
  <testcase name="of node 18 should be 17" classname="com.github.traderjoe95.mls.protocol.tree.TreeMath" time="0.0"/>
  <testcase name="of node 19 should be 23" classname="com.github.traderjoe95.mls.protocol.tree.TreeMath" time="0.0"/>
  <testcase name="of node 20 should be 21" classname="com.github.traderjoe95.mls.protocol.tree.TreeMath" time="0.0"/>
  <testcase name="of node 21 should be 19" classname="com.github.traderjoe95.mls.protocol.tree.TreeMath" time="0.0"/>
  <testcase name="of node 22 should be 21" classname="com.github.traderjoe95.mls.protocol.tree.TreeMath" time="0.0"/>
  <testcase name="of node 23 should be 15" classname="com.github.traderjoe95.mls.protocol.tree.TreeMath" time="0.0"/>
  <testcase name="of node 24 should be 25" classname="com.github.traderjoe95.mls.protocol.tree.TreeMath" time="0.0"/>
  <testcase name="of node 25 should be 27" classname="com.github.traderjoe95.mls.protocol.tree.TreeMath" time="0.0"/>
  <testcase name="of node 26 should be 25" classname="com.github.traderjoe95.mls.protocol.tree.TreeMath" time="0.0"/>
  <testcase name="of node 27 should be 23" classname="com.github.traderjoe95.mls.protocol.tree.TreeMath" time="0.0"/>
  <testcase name="of node 28 should be 29" classname="com.github.traderjoe95.mls.protocol.tree.TreeMath" time="0.0"/>
  <testcase name="of node 29 should be 27" classname="com.github.traderjoe95.mls.protocol.tree.TreeMath" time="0.001"/>
  <testcase name="of node 30 should be 29" classname="com.github.traderjoe95.mls.protocol.tree.TreeMath" time="0.0"/>
  <testcase name="of node 31 should be 63" classname="com.github.traderjoe95.mls.protocol.tree.TreeMath" time="0.0"/>
  <testcase name="of node 32 should be 33" classname="com.github.traderjoe95.mls.protocol.tree.TreeMath" time="0.0"/>
  <testcase name="of node 33 should be 35" classname="com.github.traderjoe95.mls.protocol.tree.TreeMath" time="0.0"/>
  <testcase name="of node 34 should be 33" classname="com.github.traderjoe95.mls.protocol.tree.TreeMath" time="0.0"/>
  <testcase name="of node 35 should be 39" classname="com.github.traderjoe95.mls.protocol.tree.TreeMath" time="0.0"/>
  <testcase name="of node 36 should be 37" classname="com.github.traderjoe95.mls.protocol.tree.TreeMath" time="0.0"/>
  <testcase name="of node 37 should be 35" classname="com.github.traderjoe95.mls.protocol.tree.TreeMath" time="0.0"/>
  <testcase name="of node 38 should be 37" classname="com.github.traderjoe95.mls.protocol.tree.TreeMath" time="0.0"/>
  <testcase name="of node 39 should be 47" classname="com.github.traderjoe95.mls.protocol.tree.TreeMath" time="0.0"/>
  <testcase name="of node 40 should be 41" classname="com.github.traderjoe95.mls.protocol.tree.TreeMath" time="0.0"/>
  <testcase name="of node 41 should be 43" classname="com.github.traderjoe95.mls.protocol.tree.TreeMath" time="0.0"/>
  <testcase name="of node 42 should be 41" classname="com.github.traderjoe95.mls.protocol.tree.TreeMath" time="0.001"/>
  <testcase name="of node 43 should be 39" classname="com.github.traderjoe95.mls.protocol.tree.TreeMath" time="0.0"/>
  <testcase name="of node 44 should be 45" classname="com.github.traderjoe95.mls.protocol.tree.TreeMath" time="0.0"/>
  <testcase name="of node 45 should be 43" classname="com.github.traderjoe95.mls.protocol.tree.TreeMath" time="0.0"/>
  <testcase name="of node 46 should be 45" classname="com.github.traderjoe95.mls.protocol.tree.TreeMath" time="0.0"/>
  <testcase name="of node 47 should be 31" classname="com.github.traderjoe95.mls.protocol.tree.TreeMath" time="0.0"/>
  <testcase name="of node 48 should be 49" classname="com.github.traderjoe95.mls.protocol.tree.TreeMath" time="0.0"/>
  <testcase name="of node 49 should be 51" classname="com.github.traderjoe95.mls.protocol.tree.TreeMath" time="0.0"/>
  <testcase name="of node 50 should be 49" classname="com.github.traderjoe95.mls.protocol.tree.TreeMath" time="0.001"/>
  <testcase name="of node 51 should be 55" classname="com.github.traderjoe95.mls.protocol.tree.TreeMath" time="0.0"/>
  <testcase name="of node 52 should be 53" classname="com.github.traderjoe95.mls.protocol.tree.TreeMath" time="0.0"/>
  <testcase name="of node 53 should be 51" classname="com.github.traderjoe95.mls.protocol.tree.TreeMath" time="0.0"/>
  <testcase name="of node 54 should be 53" classname="com.github.traderjoe95.mls.protocol.tree.TreeMath" time="0.0"/>
  <testcase name="of node 55 should be 47" classname="com.github.traderjoe95.mls.protocol.tree.TreeMath" time="0.0"/>
  <testcase name="of node 56 should be 57" classname="com.github.traderjoe95.mls.protocol.tree.TreeMath" time="0.0"/>
  <testcase name="of node 57 should be 59" classname="com.github.traderjoe95.mls.protocol.tree.TreeMath" time="0.0"/>
  <testcase name="of node 58 should be 57" classname="com.github.traderjoe95.mls.protocol.tree.TreeMath" time="0.0"/>
  <testcase name="of node 59 should be 55" classname="com.github.traderjoe95.mls.protocol.tree.TreeMath" time="0.0"/>
  <testcase name="of node 60 should be 61" classname="com.github.traderjoe95.mls.protocol.tree.TreeMath" time="0.0"/>
  <testcase name="of node 61 should be 59" classname="com.github.traderjoe95.mls.protocol.tree.TreeMath" time="0.0"/>
  <testcase name="of node 62 should be 61" classname="com.github.traderjoe95.mls.protocol.tree.TreeMath" time="0.0"/>
  <testcase name="of node 63 should be 127" classname="com.github.traderjoe95.mls.protocol.tree.TreeMath" time="0.0"/>
  <testcase name="of node 64 should be 65" classname="com.github.traderjoe95.mls.protocol.tree.TreeMath" time="0.0"/>
  <testcase name="of node 65 should be 67" classname="com.github.traderjoe95.mls.protocol.tree.TreeMath" time="0.0"/>
  <testcase name="of node 66 should be 65" classname="com.github.traderjoe95.mls.protocol.tree.TreeMath" time="0.0"/>
  <testcase name="of node 67 should be 71" classname="com.github.traderjoe95.mls.protocol.tree.TreeMath" time="0.0"/>
  <testcase name="of node 68 should be 69" classname="com.github.traderjoe95.mls.protocol.tree.TreeMath" time="0.0"/>
  <testcase name="of node 69 should be 67" classname="com.github.traderjoe95.mls.protocol.tree.TreeMath" time="0.0"/>
  <testcase name="of node 70 should be 69" classname="com.github.traderjoe95.mls.protocol.tree.TreeMath" time="0.0"/>
  <testcase name="of node 71 should be 79" classname="com.github.traderjoe95.mls.protocol.tree.TreeMath" time="0.0"/>
  <testcase name="of node 72 should be 73" classname="com.github.traderjoe95.mls.protocol.tree.TreeMath" time="0.0"/>
  <testcase name="of node 73 should be 75" classname="com.github.traderjoe95.mls.protocol.tree.TreeMath" time="0.0"/>
  <testcase name="of node 74 should be 73" classname="com.github.traderjoe95.mls.protocol.tree.TreeMath" time="0.0"/>
  <testcase name="of node 75 should be 71" classname="com.github.traderjoe95.mls.protocol.tree.TreeMath" time="0.0"/>
  <testcase name="of node 76 should be 77" classname="com.github.traderjoe95.mls.protocol.tree.TreeMath" time="0.0"/>
  <testcase name="of node 77 should be 75" classname="com.github.traderjoe95.mls.protocol.tree.TreeMath" time="0.0"/>
  <testcase name="of node 78 should be 77" classname="com.github.traderjoe95.mls.protocol.tree.TreeMath" time="0.0"/>
  <testcase name="of node 79 should be 95" classname="com.github.traderjoe95.mls.protocol.tree.TreeMath" time="0.0"/>
  <testcase name="of node 80 should be 81" classname="com.github.traderjoe95.mls.protocol.tree.TreeMath" time="0.0"/>
  <testcase name="of node 81 should be 83" classname="com.github.traderjoe95.mls.protocol.tree.TreeMath" time="0.0"/>
  <testcase name="of node 82 should be 81" classname="com.github.traderjoe95.mls.protocol.tree.TreeMath" time="0.0"/>
  <testcase name="of node 83 should be 87" classname="com.github.traderjoe95.mls.protocol.tree.TreeMath" time="0.0"/>
  <testcase name="of node 84 should be 85" classname="com.github.traderjoe95.mls.protocol.tree.TreeMath" time="0.0"/>
  <testcase name="of node 85 should be 83" classname="com.github.traderjoe95.mls.protocol.tree.TreeMath" time="0.0"/>
  <testcase name="of node 86 should be 85" classname="com.github.traderjoe95.mls.protocol.tree.TreeMath" time="0.0"/>
  <testcase name="of node 87 should be 79" classname="com.github.traderjoe95.mls.protocol.tree.TreeMath" time="0.0"/>
  <testcase name="of node 88 should be 89" classname="com.github.traderjoe95.mls.protocol.tree.TreeMath" time="0.0"/>
  <testcase name="of node 89 should be 91" classname="com.github.traderjoe95.mls.protocol.tree.TreeMath" time="0.0"/>
  <testcase name="of node 90 should be 89" classname="com.github.traderjoe95.mls.protocol.tree.TreeMath" time="0.0"/>
  <testcase name="of node 91 should be 87" classname="com.github.traderjoe95.mls.protocol.tree.TreeMath" time="0.0"/>
  <testcase name="of node 92 should be 93" classname="com.github.traderjoe95.mls.protocol.tree.TreeMath" time="0.0"/>
  <testcase name="of node 93 should be 91" classname="com.github.traderjoe95.mls.protocol.tree.TreeMath" time="0.0"/>
  <testcase name="of node 94 should be 93" classname="com.github.traderjoe95.mls.protocol.tree.TreeMath" time="0.0"/>
  <testcase name="of node 95 should be 63" classname="com.github.traderjoe95.mls.protocol.tree.TreeMath" time="0.0"/>
  <testcase name="of node 96 should be 97" classname="com.github.traderjoe95.mls.protocol.tree.TreeMath" time="0.0"/>
  <testcase name="of node 97 should be 99" classname="com.github.traderjoe95.mls.protocol.tree.TreeMath" time="0.0"/>
  <testcase name="of node 98 should be 97" classname="com.github.traderjoe95.mls.protocol.tree.TreeMath" time="0.0"/>
  <testcase name="of node 99 should be 103" classname="com.github.traderjoe95.mls.protocol.tree.TreeMath" time="0.0"/>
  <testcase name="of node 100 should be 101" classname="com.github.traderjoe95.mls.protocol.tree.TreeMath" time="0.0"/>
  <testcase name="of node 101 should be 99" classname="com.github.traderjoe95.mls.protocol.tree.TreeMath" time="0.0"/>
  <testcase name="of node 102 should be 101" classname="com.github.traderjoe95.mls.protocol.tree.TreeMath" time="0.0"/>
  <testcase name="of node 103 should be 111" classname="com.github.traderjoe95.mls.protocol.tree.TreeMath" time="0.0"/>
  <testcase name="of node 104 should be 105" classname="com.github.traderjoe95.mls.protocol.tree.TreeMath" time="0.0"/>
  <testcase name="of node 105 should be 107" classname="com.github.traderjoe95.mls.protocol.tree.TreeMath" time="0.0"/>
  <testcase name="of node 106 should be 105" classname="com.github.traderjoe95.mls.protocol.tree.TreeMath" time="0.0"/>
  <testcase name="of node 107 should be 103" classname="com.github.traderjoe95.mls.protocol.tree.TreeMath" time="0.0"/>
  <testcase name="of node 108 should be 109" classname="com.github.traderjoe95.mls.protocol.tree.TreeMath" time="0.0"/>
  <testcase name="of node 109 should be 107" classname="com.github.traderjoe95.mls.protocol.tree.TreeMath" time="0.0"/>
  <testcase name="of node 110 should be 109" classname="com.github.traderjoe95.mls.protocol.tree.TreeMath" time="0.001"/>
  <testcase name="of node 111 should be 95" classname="com.github.traderjoe95.mls.protocol.tree.TreeMath" time="0.0"/>
  <testcase name="of node 112 should be 113" classname="com.github.traderjoe95.mls.protocol.tree.TreeMath" time="0.0"/>
  <testcase name="of node 113 should be 115" classname="com.github.traderjoe95.mls.protocol.tree.TreeMath" time="0.0"/>
  <testcase name="of node 114 should be 113" classname="com.github.traderjoe95.mls.protocol.tree.TreeMath" time="0.0"/>
  <testcase name="of node 115 should be 119" classname="com.github.traderjoe95.mls.protocol.tree.TreeMath" time="0.0"/>
  <testcase name="of node 116 should be 117" classname="com.github.traderjoe95.mls.protocol.tree.TreeMath" time="0.0"/>
  <testcase name="of node 117 should be 115" classname="com.github.traderjoe95.mls.protocol.tree.TreeMath" time="0.0"/>
  <testcase name="of node 118 should be 117" classname="com.github.traderjoe95.mls.protocol.tree.TreeMath" time="0.001"/>
  <testcase name="of node 119 should be 111" classname="com.github.traderjoe95.mls.protocol.tree.TreeMath" time="0.0"/>
  <testcase name="of node 120 should be 121" classname="com.github.traderjoe95.mls.protocol.tree.TreeMath" time="0.0"/>
  <testcase name="of node 121 should be 123" classname="com.github.traderjoe95.mls.protocol.tree.TreeMath" time="0.001"/>
  <testcase name="of node 122 should be 121" classname="com.github.traderjoe95.mls.protocol.tree.TreeMath" time="0.0"/>
  <testcase name="of node 123 should be 119" classname="com.github.traderjoe95.mls.protocol.tree.TreeMath" time="0.0"/>
  <testcase name="of node 124 should be 125" classname="com.github.traderjoe95.mls.protocol.tree.TreeMath" time="0.0"/>
  <testcase name="of node 125 should be 123" classname="com.github.traderjoe95.mls.protocol.tree.TreeMath" time="0.0"/>
  <testcase name="of node 126 should be 125" classname="com.github.traderjoe95.mls.protocol.tree.TreeMath" time="0.0"/>
  <testcase name="of node 127 should be 255" classname="com.github.traderjoe95.mls.protocol.tree.TreeMath" time="0.0"/>
  <testcase name="of node 128 should be 129" classname="com.github.traderjoe95.mls.protocol.tree.TreeMath" time="0.0"/>
  <testcase name="of node 129 should be 131" classname="com.github.traderjoe95.mls.protocol.tree.TreeMath" time="0.0"/>
  <testcase name="of node 130 should be 129" classname="com.github.traderjoe95.mls.protocol.tree.TreeMath" time="0.001"/>
  <testcase name="of node 131 should be 135" classname="com.github.traderjoe95.mls.protocol.tree.TreeMath" time="0.0"/>
  <testcase name="of node 132 should be 133" classname="com.github.traderjoe95.mls.protocol.tree.TreeMath" time="0.0"/>
  <testcase name="of node 133 should be 131" classname="com.github.traderjoe95.mls.protocol.tree.TreeMath" time="0.0"/>
  <testcase name="of node 134 should be 133" classname="com.github.traderjoe95.mls.protocol.tree.TreeMath" time="0.0"/>
  <testcase name="of node 135 should be 143" classname="com.github.traderjoe95.mls.protocol.tree.TreeMath" time="0.0"/>
  <testcase name="of node 136 should be 137" classname="com.github.traderjoe95.mls.protocol.tree.TreeMath" time="0.001"/>
  <testcase name="of node 137 should be 139" classname="com.github.traderjoe95.mls.protocol.tree.TreeMath" time="0.0"/>
  <testcase name="of node 138 should be 137" classname="com.github.traderjoe95.mls.protocol.tree.TreeMath" time="0.0"/>
  <testcase name="of node 139 should be 135" classname="com.github.traderjoe95.mls.protocol.tree.TreeMath" time="0.0"/>
  <testcase name="of node 140 should be 141" classname="com.github.traderjoe95.mls.protocol.tree.TreeMath" time="0.0"/>
  <testcase name="of node 141 should be 139" classname="com.github.traderjoe95.mls.protocol.tree.TreeMath" time="0.0"/>
  <testcase name="of node 142 should be 141" classname="com.github.traderjoe95.mls.protocol.tree.TreeMath" time="0.0"/>
  <testcase name="of node 143 should be 159" classname="com.github.traderjoe95.mls.protocol.tree.TreeMath" time="0.0"/>
  <testcase name="of node 144 should be 145" classname="com.github.traderjoe95.mls.protocol.tree.TreeMath" time="0.0"/>
  <testcase name="of node 145 should be 147" classname="com.github.traderjoe95.mls.protocol.tree.TreeMath" time="0.0"/>
  <testcase name="of node 146 should be 145" classname="com.github.traderjoe95.mls.protocol.tree.TreeMath" time="0.0"/>
  <testcase name="of node 147 should be 151" classname="com.github.traderjoe95.mls.protocol.tree.TreeMath" time="0.0"/>
  <testcase name="of node 148 should be 149" classname="com.github.traderjoe95.mls.protocol.tree.TreeMath" time="0.0"/>
  <testcase name="of node 149 should be 147" classname="com.github.traderjoe95.mls.protocol.tree.TreeMath" time="0.0"/>
  <testcase name="of node 150 should be 149" classname="com.github.traderjoe95.mls.protocol.tree.TreeMath" time="0.0"/>
  <testcase name="of node 151 should be 143" classname="com.github.traderjoe95.mls.protocol.tree.TreeMath" time="0.0"/>
  <testcase name="of node 152 should be 153" classname="com.github.traderjoe95.mls.protocol.tree.TreeMath" time="0.0"/>
  <testcase name="of node 153 should be 155" classname="com.github.traderjoe95.mls.protocol.tree.TreeMath" time="0.0"/>
  <testcase name="of node 154 should be 153" classname="com.github.traderjoe95.mls.protocol.tree.TreeMath" time="0.0"/>
  <testcase name="of node 155 should be 151" classname="com.github.traderjoe95.mls.protocol.tree.TreeMath" time="0.0"/>
  <testcase name="of node 156 should be 157" classname="com.github.traderjoe95.mls.protocol.tree.TreeMath" time="0.001"/>
  <testcase name="of node 157 should be 155" classname="com.github.traderjoe95.mls.protocol.tree.TreeMath" time="0.0"/>
  <testcase name="of node 158 should be 157" classname="com.github.traderjoe95.mls.protocol.tree.TreeMath" time="0.0"/>
  <testcase name="of node 159 should be 191" classname="com.github.traderjoe95.mls.protocol.tree.TreeMath" time="0.0"/>
  <testcase name="of node 160 should be 161" classname="com.github.traderjoe95.mls.protocol.tree.TreeMath" time="0.0"/>
  <testcase name="of node 161 should be 163" classname="com.github.traderjoe95.mls.protocol.tree.TreeMath" time="0.0"/>
  <testcase name="of node 162 should be 161" classname="com.github.traderjoe95.mls.protocol.tree.TreeMath" time="0.0"/>
  <testcase name="of node 163 should be 167" classname="com.github.traderjoe95.mls.protocol.tree.TreeMath" time="0.0"/>
  <testcase name="of node 164 should be 165" classname="com.github.traderjoe95.mls.protocol.tree.TreeMath" time="0.0"/>
  <testcase name="of node 165 should be 163" classname="com.github.traderjoe95.mls.protocol.tree.TreeMath" time="0.0"/>
  <testcase name="of node 166 should be 165" classname="com.github.traderjoe95.mls.protocol.tree.TreeMath" time="0.0"/>
  <testcase name="of node 167 should be 175" classname="com.github.traderjoe95.mls.protocol.tree.TreeMath" time="0.0"/>
  <testcase name="of node 168 should be 169" classname="com.github.traderjoe95.mls.protocol.tree.TreeMath" time="0.0"/>
  <testcase name="of node 169 should be 171" classname="com.github.traderjoe95.mls.protocol.tree.TreeMath" time="0.0"/>
  <testcase name="of node 170 should be 169" classname="com.github.traderjoe95.mls.protocol.tree.TreeMath" time="0.0"/>
  <testcase name="of node 171 should be 167" classname="com.github.traderjoe95.mls.protocol.tree.TreeMath" time="0.0"/>
  <testcase name="of node 172 should be 173" classname="com.github.traderjoe95.mls.protocol.tree.TreeMath" time="0.0"/>
  <testcase name="of node 173 should be 171" classname="com.github.traderjoe95.mls.protocol.tree.TreeMath" time="0.0"/>
  <testcase name="of node 174 should be 173" classname="com.github.traderjoe95.mls.protocol.tree.TreeMath" time="0.0"/>
  <testcase name="of node 175 should be 159" classname="com.github.traderjoe95.mls.protocol.tree.TreeMath" time="0.0"/>
  <testcase name="of node 176 should be 177" classname="com.github.traderjoe95.mls.protocol.tree.TreeMath" time="0.0"/>
  <testcase name="of node 177 should be 179" classname="com.github.traderjoe95.mls.protocol.tree.TreeMath" time="0.0"/>
  <testcase name="of node 178 should be 177" classname="com.github.traderjoe95.mls.protocol.tree.TreeMath" time="0.0"/>
  <testcase name="of node 179 should be 183" classname="com.github.traderjoe95.mls.protocol.tree.TreeMath" time="0.0"/>
  <testcase name="of node 180 should be 181" classname="com.github.traderjoe95.mls.protocol.tree.TreeMath" time="0.0"/>
  <testcase name="of node 181 should be 179" classname="com.github.traderjoe95.mls.protocol.tree.TreeMath" time="0.0"/>
  <testcase name="of node 182 should be 181" classname="com.github.traderjoe95.mls.protocol.tree.TreeMath" time="0.0"/>
  <testcase name="of node 183 should be 175" classname="com.github.traderjoe95.mls.protocol.tree.TreeMath" time="0.001"/>
  <testcase name="of node 184 should be 185" classname="com.github.traderjoe95.mls.protocol.tree.TreeMath" time="0.0"/>
  <testcase name="of node 185 should be 187" classname="com.github.traderjoe95.mls.protocol.tree.TreeMath" time="0.001"/>
  <testcase name="of node 186 should be 185" classname="com.github.traderjoe95.mls.protocol.tree.TreeMath" time="0.0"/>
  <testcase name="of node 187 should be 183" classname="com.github.traderjoe95.mls.protocol.tree.TreeMath" time="0.0"/>
  <testcase name="of node 188 should be 189" classname="com.github.traderjoe95.mls.protocol.tree.TreeMath" time="0.0"/>
  <testcase name="of node 189 should be 187" classname="com.github.traderjoe95.mls.protocol.tree.TreeMath" time="0.0"/>
  <testcase name="of node 190 should be 189" classname="com.github.traderjoe95.mls.protocol.tree.TreeMath" time="0.0"/>
  <testcase name="of node 191 should be 127" classname="com.github.traderjoe95.mls.protocol.tree.TreeMath" time="0.0"/>
  <testcase name="of node 192 should be 193" classname="com.github.traderjoe95.mls.protocol.tree.TreeMath" time="0.0"/>
  <testcase name="of node 193 should be 195" classname="com.github.traderjoe95.mls.protocol.tree.TreeMath" time="0.0"/>
  <testcase name="of node 194 should be 193" classname="com.github.traderjoe95.mls.protocol.tree.TreeMath" time="0.0"/>
  <testcase name="of node 195 should be 199" classname="com.github.traderjoe95.mls.protocol.tree.TreeMath" time="0.0"/>
  <testcase name="of node 196 should be 197" classname="com.github.traderjoe95.mls.protocol.tree.TreeMath" time="0.0"/>
  <testcase name="of node 197 should be 195" classname="com.github.traderjoe95.mls.protocol.tree.TreeMath" time="0.0"/>
  <testcase name="of node 198 should be 197" classname="com.github.traderjoe95.mls.protocol.tree.TreeMath" time="0.0"/>
  <testcase name="of node 199 should be 207" classname="com.github.traderjoe95.mls.protocol.tree.TreeMath" time="0.0"/>
  <testcase name="of node 200 should be 201" classname="com.github.traderjoe95.mls.protocol.tree.TreeMath" time="0.0"/>
  <testcase name="of node 201 should be 203" classname="com.github.traderjoe95.mls.protocol.tree.TreeMath" time="0.0"/>
  <testcase name="of node 202 should be 201" classname="com.github.traderjoe95.mls.protocol.tree.TreeMath" time="0.0"/>
  <testcase name="of node 203 should be 199" classname="com.github.traderjoe95.mls.protocol.tree.TreeMath" time="0.0"/>
  <testcase name="of node 204 should be 205" classname="com.github.traderjoe95.mls.protocol.tree.TreeMath" time="0.0"/>
  <testcase name="of node 205 should be 203" classname="com.github.traderjoe95.mls.protocol.tree.TreeMath" time="0.0"/>
  <testcase name="of node 206 should be 205" classname="com.github.traderjoe95.mls.protocol.tree.TreeMath" time="0.0"/>
  <testcase name="of node 207 should be 223" classname="com.github.traderjoe95.mls.protocol.tree.TreeMath" time="0.0"/>
  <testcase name="of node 208 should be 209" classname="com.github.traderjoe95.mls.protocol.tree.TreeMath" time="0.0"/>
  <testcase name="of node 209 should be 211" classname="com.github.traderjoe95.mls.protocol.tree.TreeMath" time="0.0"/>
  <testcase name="of node 210 should be 209" classname="com.github.traderjoe95.mls.protocol.tree.TreeMath" time="0.0"/>
  <testcase name="of node 211 should be 215" classname="com.github.traderjoe95.mls.protocol.tree.TreeMath" time="0.0"/>
  <testcase name="of node 212 should be 213" classname="com.github.traderjoe95.mls.protocol.tree.TreeMath" time="0.001"/>
  <testcase name="of node 213 should be 211" classname="com.github.traderjoe95.mls.protocol.tree.TreeMath" time="0.0"/>
  <testcase name="of node 214 should be 213" classname="com.github.traderjoe95.mls.protocol.tree.TreeMath" time="0.0"/>
  <testcase name="of node 215 should be 207" classname="com.github.traderjoe95.mls.protocol.tree.TreeMath" time="0.0"/>
  <testcase name="of node 216 should be 217" classname="com.github.traderjoe95.mls.protocol.tree.TreeMath" time="0.0"/>
  <testcase name="of node 217 should be 219" classname="com.github.traderjoe95.mls.protocol.tree.TreeMath" time="0.0"/>
  <testcase name="of node 218 should be 217" classname="com.github.traderjoe95.mls.protocol.tree.TreeMath" time="0.0"/>
  <testcase name="of node 219 should be 215" classname="com.github.traderjoe95.mls.protocol.tree.TreeMath" time="0.0"/>
  <testcase name="of node 220 should be 221" classname="com.github.traderjoe95.mls.protocol.tree.TreeMath" time="0.0"/>
  <testcase name="of node 221 should be 219" classname="com.github.traderjoe95.mls.protocol.tree.TreeMath" time="0.0"/>
  <testcase name="of node 222 should be 221" classname="com.github.traderjoe95.mls.protocol.tree.TreeMath" time="0.0"/>
  <testcase name="of node 223 should be 191" classname="com.github.traderjoe95.mls.protocol.tree.TreeMath" time="0.0"/>
  <testcase name="of node 224 should be 225" classname="com.github.traderjoe95.mls.protocol.tree.TreeMath" time="0.0"/>
  <testcase name="of node 225 should be 227" classname="com.github.traderjoe95.mls.protocol.tree.TreeMath" time="0.0"/>
  <testcase name="of node 226 should be 225" classname="com.github.traderjoe95.mls.protocol.tree.TreeMath" time="0.0"/>
  <testcase name="of node 227 should be 231" classname="com.github.traderjoe95.mls.protocol.tree.TreeMath" time="0.0"/>
  <testcase name="of node 228 should be 229" classname="com.github.traderjoe95.mls.protocol.tree.TreeMath" time="0.0"/>
  <testcase name="of node 229 should be 227" classname="com.github.traderjoe95.mls.protocol.tree.TreeMath" time="0.0"/>
  <testcase name="of node 230 should be 229" classname="com.github.traderjoe95.mls.protocol.tree.TreeMath" time="0.0"/>
  <testcase name="of node 231 should be 239" classname="com.github.traderjoe95.mls.protocol.tree.TreeMath" time="0.0"/>
  <testcase name="of node 232 should be 233" classname="com.github.traderjoe95.mls.protocol.tree.TreeMath" time="0.0"/>
  <testcase name="of node 233 should be 235" classname="com.github.traderjoe95.mls.protocol.tree.TreeMath" time="0.001"/>
  <testcase name="of node 234 should be 233" classname="com.github.traderjoe95.mls.protocol.tree.TreeMath" time="0.0"/>
  <testcase name="of node 235 should be 231" classname="com.github.traderjoe95.mls.protocol.tree.TreeMath" time="0.0"/>
  <testcase name="of node 236 should be 237" classname="com.github.traderjoe95.mls.protocol.tree.TreeMath" time="0.0"/>
  <testcase name="of node 237 should be 235" classname="com.github.traderjoe95.mls.protocol.tree.TreeMath" time="0.001"/>
  <testcase name="of node 238 should be 237" classname="com.github.traderjoe95.mls.protocol.tree.TreeMath" time="0.0"/>
  <testcase name="of node 239 should be 223" classname="com.github.traderjoe95.mls.protocol.tree.TreeMath" time="0.0"/>
  <testcase name="of node 240 should be 241" classname="com.github.traderjoe95.mls.protocol.tree.TreeMath" time="0.0"/>
  <testcase name="of node 241 should be 243" classname="com.github.traderjoe95.mls.protocol.tree.TreeMath" time="0.0"/>
  <testcase name="of node 242 should be 241" classname="com.github.traderjoe95.mls.protocol.tree.TreeMath" time="0.0"/>
  <testcase name="of node 243 should be 247" classname="com.github.traderjoe95.mls.protocol.tree.TreeMath" time="0.0"/>
  <testcase name="of node 244 should be 245" classname="com.github.traderjoe95.mls.protocol.tree.TreeMath" time="0.0"/>
  <testcase name="of node 245 should be 243" classname="com.github.traderjoe95.mls.protocol.tree.TreeMath" time="0.001"/>
  <testcase name="of node 246 should be 245" classname="com.github.traderjoe95.mls.protocol.tree.TreeMath" time="0.0"/>
  <testcase name="of node 247 should be 239" classname="com.github.traderjoe95.mls.protocol.tree.TreeMath" time="0.0"/>
  <testcase name="of node 248 should be 249" classname="com.github.traderjoe95.mls.protocol.tree.TreeMath" time="0.0"/>
  <testcase name="of node 249 should be 251" classname="com.github.traderjoe95.mls.protocol.tree.TreeMath" time="0.0"/>
  <testcase name="of node 250 should be 249" classname="com.github.traderjoe95.mls.protocol.tree.TreeMath" time="0.0"/>
  <testcase name="of node 251 should be 247" classname="com.github.traderjoe95.mls.protocol.tree.TreeMath" time="0.0"/>
  <testcase name="of node 252 should be 253" classname="com.github.traderjoe95.mls.protocol.tree.TreeMath" time="0.0"/>
  <testcase name="of node 253 should be 251" classname="com.github.traderjoe95.mls.protocol.tree.TreeMath" time="0.0"/>
  <testcase name="of node 254 should be 253" classname="com.github.traderjoe95.mls.protocol.tree.TreeMath" time="0.0"/>
  <testcase name="of node 255 should be 511" classname="com.github.traderjoe95.mls.protocol.tree.TreeMath" time="0.0"/>
  <testcase name="of node 256 should be 257" classname="com.github.traderjoe95.mls.protocol.tree.TreeMath" time="0.0"/>
  <testcase name="of node 257 should be 259" classname="com.github.traderjoe95.mls.protocol.tree.TreeMath" time="0.0"/>
  <testcase name="of node 258 should be 257" classname="com.github.traderjoe95.mls.protocol.tree.TreeMath" time="0.0"/>
  <testcase name="of node 259 should be 263" classname="com.github.traderjoe95.mls.protocol.tree.TreeMath" time="0.0"/>
  <testcase name="of node 260 should be 261" classname="com.github.traderjoe95.mls.protocol.tree.TreeMath" time="0.0"/>
  <testcase name="of node 261 should be 259" classname="com.github.traderjoe95.mls.protocol.tree.TreeMath" time="0.0"/>
  <testcase name="of node 262 should be 261" classname="com.github.traderjoe95.mls.protocol.tree.TreeMath" time="0.0"/>
  <testcase name="of node 263 should be 271" classname="com.github.traderjoe95.mls.protocol.tree.TreeMath" time="0.0"/>
  <testcase name="of node 264 should be 265" classname="com.github.traderjoe95.mls.protocol.tree.TreeMath" time="0.0"/>
  <testcase name="of node 265 should be 267" classname="com.github.traderjoe95.mls.protocol.tree.TreeMath" time="0.0"/>
  <testcase name="of node 266 should be 265" classname="com.github.traderjoe95.mls.protocol.tree.TreeMath" time="0.0"/>
  <testcase name="of node 267 should be 263" classname="com.github.traderjoe95.mls.protocol.tree.TreeMath" time="0.0"/>
  <testcase name="of node 268 should be 269" classname="com.github.traderjoe95.mls.protocol.tree.TreeMath" time="0.0"/>
  <testcase name="of node 269 should be 267" classname="com.github.traderjoe95.mls.protocol.tree.TreeMath" time="0.0"/>
  <testcase name="of node 270 should be 269" classname="com.github.traderjoe95.mls.protocol.tree.TreeMath" time="0.0"/>
  <testcase name="of node 271 should be 287" classname="com.github.traderjoe95.mls.protocol.tree.TreeMath" time="0.0"/>
  <testcase name="of node 272 should be 273" classname="com.github.traderjoe95.mls.protocol.tree.TreeMath" time="0.0"/>
  <testcase name="of node 273 should be 275" classname="com.github.traderjoe95.mls.protocol.tree.TreeMath" time="0.0"/>
  <testcase name="of node 274 should be 273" classname="com.github.traderjoe95.mls.protocol.tree.TreeMath" time="0.0"/>
  <testcase name="of node 275 should be 279" classname="com.github.traderjoe95.mls.protocol.tree.TreeMath" time="0.0"/>
  <testcase name="of node 276 should be 277" classname="com.github.traderjoe95.mls.protocol.tree.TreeMath" time="0.0"/>
  <testcase name="of node 277 should be 275" classname="com.github.traderjoe95.mls.protocol.tree.TreeMath" time="0.0"/>
  <testcase name="of node 278 should be 277" classname="com.github.traderjoe95.mls.protocol.tree.TreeMath" time="0.0"/>
  <testcase name="of node 279 should be 271" classname="com.github.traderjoe95.mls.protocol.tree.TreeMath" time="0.0"/>
  <testcase name="of node 280 should be 281" classname="com.github.traderjoe95.mls.protocol.tree.TreeMath" time="0.0"/>
  <testcase name="of node 281 should be 283" classname="com.github.traderjoe95.mls.protocol.tree.TreeMath" time="0.0"/>
  <testcase name="of node 282 should be 281" classname="com.github.traderjoe95.mls.protocol.tree.TreeMath" time="0.0"/>
  <testcase name="of node 283 should be 279" classname="com.github.traderjoe95.mls.protocol.tree.TreeMath" time="0.0"/>
  <testcase name="of node 284 should be 285" classname="com.github.traderjoe95.mls.protocol.tree.TreeMath" time="0.0"/>
  <testcase name="of node 285 should be 283" classname="com.github.traderjoe95.mls.protocol.tree.TreeMath" time="0.0"/>
  <testcase name="of node 286 should be 285" classname="com.github.traderjoe95.mls.protocol.tree.TreeMath" time="0.0"/>
  <testcase name="of node 287 should be 319" classname="com.github.traderjoe95.mls.protocol.tree.TreeMath" time="0.0"/>
  <testcase name="of node 288 should be 289" classname="com.github.traderjoe95.mls.protocol.tree.TreeMath" time="0.0"/>
  <testcase name="of node 289 should be 291" classname="com.github.traderjoe95.mls.protocol.tree.TreeMath" time="0.0"/>
  <testcase name="of node 290 should be 289" classname="com.github.traderjoe95.mls.protocol.tree.TreeMath" time="0.001"/>
  <testcase name="of node 291 should be 295" classname="com.github.traderjoe95.mls.protocol.tree.TreeMath" time="0.0"/>
  <testcase name="of node 292 should be 293" classname="com.github.traderjoe95.mls.protocol.tree.TreeMath" time="0.0"/>
  <testcase name="of node 293 should be 291" classname="com.github.traderjoe95.mls.protocol.tree.TreeMath" time="0.0"/>
  <testcase name="of node 294 should be 293" classname="com.github.traderjoe95.mls.protocol.tree.TreeMath" time="0.0"/>
  <testcase name="of node 295 should be 303" classname="com.github.traderjoe95.mls.protocol.tree.TreeMath" time="0.0"/>
  <testcase name="of node 296 should be 297" classname="com.github.traderjoe95.mls.protocol.tree.TreeMath" time="0.0"/>
  <testcase name="of node 297 should be 299" classname="com.github.traderjoe95.mls.protocol.tree.TreeMath" time="0.0"/>
  <testcase name="of node 298 should be 297" classname="com.github.traderjoe95.mls.protocol.tree.TreeMath" time="0.0"/>
  <testcase name="of node 299 should be 295" classname="com.github.traderjoe95.mls.protocol.tree.TreeMath" time="0.0"/>
  <testcase name="of node 300 should be 301" classname="com.github.traderjoe95.mls.protocol.tree.TreeMath" time="0.0"/>
  <testcase name="of node 301 should be 299" classname="com.github.traderjoe95.mls.protocol.tree.TreeMath" time="0.0"/>
  <testcase name="of node 302 should be 301" classname="com.github.traderjoe95.mls.protocol.tree.TreeMath" time="0.0"/>
  <testcase name="of node 303 should be 287" classname="com.github.traderjoe95.mls.protocol.tree.TreeMath" time="0.0"/>
  <testcase name="of node 304 should be 305" classname="com.github.traderjoe95.mls.protocol.tree.TreeMath" time="0.0"/>
  <testcase name="of node 305 should be 307" classname="com.github.traderjoe95.mls.protocol.tree.TreeMath" time="0.0"/>
  <testcase name="of node 306 should be 305" classname="com.github.traderjoe95.mls.protocol.tree.TreeMath" time="0.0"/>
  <testcase name="of node 307 should be 311" classname="com.github.traderjoe95.mls.protocol.tree.TreeMath" time="0.0"/>
  <testcase name="of node 308 should be 309" classname="com.github.traderjoe95.mls.protocol.tree.TreeMath" time="0.0"/>
  <testcase name="of node 309 should be 307" classname="com.github.traderjoe95.mls.protocol.tree.TreeMath" time="0.0"/>
  <testcase name="of node 310 should be 309" classname="com.github.traderjoe95.mls.protocol.tree.TreeMath" time="0.0"/>
  <testcase name="of node 311 should be 303" classname="com.github.traderjoe95.mls.protocol.tree.TreeMath" time="0.0"/>
  <testcase name="of node 312 should be 313" classname="com.github.traderjoe95.mls.protocol.tree.TreeMath" time="0.0"/>
  <testcase name="of node 313 should be 315" classname="com.github.traderjoe95.mls.protocol.tree.TreeMath" time="0.0"/>
  <testcase name="of node 314 should be 313" classname="com.github.traderjoe95.mls.protocol.tree.TreeMath" time="0.001"/>
  <testcase name="of node 315 should be 311" classname="com.github.traderjoe95.mls.protocol.tree.TreeMath" time="0.0"/>
  <testcase name="of node 316 should be 317" classname="com.github.traderjoe95.mls.protocol.tree.TreeMath" time="0.0"/>
  <testcase name="of node 317 should be 315" classname="com.github.traderjoe95.mls.protocol.tree.TreeMath" time="0.0"/>
  <testcase name="of node 318 should be 317" classname="com.github.traderjoe95.mls.protocol.tree.TreeMath" time="0.0"/>
  <testcase name="of node 319 should be 383" classname="com.github.traderjoe95.mls.protocol.tree.TreeMath" time="0.0"/>
  <testcase name="of node 320 should be 321" classname="com.github.traderjoe95.mls.protocol.tree.TreeMath" time="0.0"/>
  <testcase name="of node 321 should be 323" classname="com.github.traderjoe95.mls.protocol.tree.TreeMath" time="0.0"/>
  <testcase name="of node 322 should be 321" classname="com.github.traderjoe95.mls.protocol.tree.TreeMath" time="0.0"/>
  <testcase name="of node 323 should be 327" classname="com.github.traderjoe95.mls.protocol.tree.TreeMath" time="0.0"/>
  <testcase name="of node 324 should be 325" classname="com.github.traderjoe95.mls.protocol.tree.TreeMath" time="0.0"/>
  <testcase name="of node 325 should be 323" classname="com.github.traderjoe95.mls.protocol.tree.TreeMath" time="0.0"/>
  <testcase name="of node 326 should be 325" classname="com.github.traderjoe95.mls.protocol.tree.TreeMath" time="0.0"/>
  <testcase name="of node 327 should be 335" classname="com.github.traderjoe95.mls.protocol.tree.TreeMath" time="0.0"/>
  <testcase name="of node 328 should be 329" classname="com.github.traderjoe95.mls.protocol.tree.TreeMath" time="0.001"/>
  <testcase name="of node 329 should be 331" classname="com.github.traderjoe95.mls.protocol.tree.TreeMath" time="0.0"/>
  <testcase name="of node 330 should be 329" classname="com.github.traderjoe95.mls.protocol.tree.TreeMath" time="0.0"/>
  <testcase name="of node 331 should be 327" classname="com.github.traderjoe95.mls.protocol.tree.TreeMath" time="0.0"/>
  <testcase name="of node 332 should be 333" classname="com.github.traderjoe95.mls.protocol.tree.TreeMath" time="0.0"/>
  <testcase name="of node 333 should be 331" classname="com.github.traderjoe95.mls.protocol.tree.TreeMath" time="0.0"/>
  <testcase name="of node 334 should be 333" classname="com.github.traderjoe95.mls.protocol.tree.TreeMath" time="0.001"/>
  <testcase name="of node 335 should be 351" classname="com.github.traderjoe95.mls.protocol.tree.TreeMath" time="0.0"/>
  <testcase name="of node 336 should be 337" classname="com.github.traderjoe95.mls.protocol.tree.TreeMath" time="0.0"/>
  <testcase name="of node 337 should be 339" classname="com.github.traderjoe95.mls.protocol.tree.TreeMath" time="0.0"/>
  <testcase name="of node 338 should be 337" classname="com.github.traderjoe95.mls.protocol.tree.TreeMath" time="0.0"/>
  <testcase name="of node 339 should be 343" classname="com.github.traderjoe95.mls.protocol.tree.TreeMath" time="0.0"/>
  <testcase name="of node 340 should be 341" classname="com.github.traderjoe95.mls.protocol.tree.TreeMath" time="0.0"/>
  <testcase name="of node 341 should be 339" classname="com.github.traderjoe95.mls.protocol.tree.TreeMath" time="0.0"/>
  <testcase name="of node 342 should be 341" classname="com.github.traderjoe95.mls.protocol.tree.TreeMath" time="0.0"/>
  <testcase name="of node 343 should be 335" classname="com.github.traderjoe95.mls.protocol.tree.TreeMath" time="0.0"/>
  <testcase name="of node 344 should be 345" classname="com.github.traderjoe95.mls.protocol.tree.TreeMath" time="0.0"/>
  <testcase name="of node 345 should be 347" classname="com.github.traderjoe95.mls.protocol.tree.TreeMath" time="0.0"/>
  <testcase name="of node 346 should be 345" classname="com.github.traderjoe95.mls.protocol.tree.TreeMath" time="0.0"/>
  <testcase name="of node 347 should be 343" classname="com.github.traderjoe95.mls.protocol.tree.TreeMath" time="0.0"/>
  <testcase name="of node 348 should be 349" classname="com.github.traderjoe95.mls.protocol.tree.TreeMath" time="0.0"/>
  <testcase name="of node 349 should be 347" classname="com.github.traderjoe95.mls.protocol.tree.TreeMath" time="0.0"/>
  <testcase name="of node 350 should be 349" classname="com.github.traderjoe95.mls.protocol.tree.TreeMath" time="0.0"/>
  <testcase name="of node 351 should be 319" classname="com.github.traderjoe95.mls.protocol.tree.TreeMath" time="0.0"/>
  <testcase name="of node 352 should be 353" classname="com.github.traderjoe95.mls.protocol.tree.TreeMath" time="0.0"/>
  <testcase name="of node 353 should be 355" classname="com.github.traderjoe95.mls.protocol.tree.TreeMath" time="0.0"/>
  <testcase name="of node 354 should be 353" classname="com.github.traderjoe95.mls.protocol.tree.TreeMath" time="0.0"/>
  <testcase name="of node 355 should be 359" classname="com.github.traderjoe95.mls.protocol.tree.TreeMath" time="0.0"/>
  <testcase name="of node 356 should be 357" classname="com.github.traderjoe95.mls.protocol.tree.TreeMath" time="0.0"/>
  <testcase name="of node 357 should be 355" classname="com.github.traderjoe95.mls.protocol.tree.TreeMath" time="0.0"/>
  <testcase name="of node 358 should be 357" classname="com.github.traderjoe95.mls.protocol.tree.TreeMath" time="0.0"/>
  <testcase name="of node 359 should be 367" classname="com.github.traderjoe95.mls.protocol.tree.TreeMath" time="0.0"/>
  <testcase name="of node 360 should be 361" classname="com.github.traderjoe95.mls.protocol.tree.TreeMath" time="0.0"/>
  <testcase name="of node 361 should be 363" classname="com.github.traderjoe95.mls.protocol.tree.TreeMath" time="0.001"/>
  <testcase name="of node 362 should be 361" classname="com.github.traderjoe95.mls.protocol.tree.TreeMath" time="0.0"/>
  <testcase name="of node 363 should be 359" classname="com.github.traderjoe95.mls.protocol.tree.TreeMath" time="0.0"/>
  <testcase name="of node 364 should be 365" classname="com.github.traderjoe95.mls.protocol.tree.TreeMath" time="0.0"/>
  <testcase name="of node 365 should be 363" classname="com.github.traderjoe95.mls.protocol.tree.TreeMath" time="0.0"/>
  <testcase name="of node 366 should be 365" classname="com.github.traderjoe95.mls.protocol.tree.TreeMath" time="0.0"/>
  <testcase name="of node 367 should be 351" classname="com.github.traderjoe95.mls.protocol.tree.TreeMath" time="0.0"/>
  <testcase name="of node 368 should be 369" classname="com.github.traderjoe95.mls.protocol.tree.TreeMath" time="0.0"/>
  <testcase name="of node 369 should be 371" classname="com.github.traderjoe95.mls.protocol.tree.TreeMath" time="0.0"/>
  <testcase name="of node 370 should be 369" classname="com.github.traderjoe95.mls.protocol.tree.TreeMath" time="0.0"/>
  <testcase name="of node 371 should be 375" classname="com.github.traderjoe95.mls.protocol.tree.TreeMath" time="0.0"/>
  <testcase name="of node 372 should be 373" classname="com.github.traderjoe95.mls.protocol.tree.TreeMath" time="0.0"/>
  <testcase name="of node 373 should be 371" classname="com.github.traderjoe95.mls.protocol.tree.TreeMath" time="0.0"/>
  <testcase name="of node 374 should be 373" classname="com.github.traderjoe95.mls.protocol.tree.TreeMath" time="0.0"/>
  <testcase name="of node 375 should be 367" classname="com.github.traderjoe95.mls.protocol.tree.TreeMath" time="0.0"/>
  <testcase name="of node 376 should be 377" classname="com.github.traderjoe95.mls.protocol.tree.TreeMath" time="0.0"/>
  <testcase name="of node 377 should be 379" classname="com.github.traderjoe95.mls.protocol.tree.TreeMath" time="0.0"/>
  <testcase name="of node 378 should be 377" classname="com.github.traderjoe95.mls.protocol.tree.TreeMath" time="0.0"/>
  <testcase name="of node 379 should be 375" classname="com.github.traderjoe95.mls.protocol.tree.TreeMath" time="0.0"/>
  <testcase name="of node 380 should be 381" classname="com.github.traderjoe95.mls.protocol.tree.TreeMath" time="0.0"/>
  <testcase name="of node 381 should be 379" classname="com.github.traderjoe95.mls.protocol.tree.TreeMath" time="0.0"/>
  <testcase name="of node 382 should be 381" classname="com.github.traderjoe95.mls.protocol.tree.TreeMath" time="0.0"/>
  <testcase name="of node 383 should be 255" classname="com.github.traderjoe95.mls.protocol.tree.TreeMath" time="0.0"/>
  <testcase name="of node 384 should be 385" classname="com.github.traderjoe95.mls.protocol.tree.TreeMath" time="0.0"/>
  <testcase name="of node 385 should be 387" classname="com.github.traderjoe95.mls.protocol.tree.TreeMath" time="0.0"/>
  <testcase name="of node 386 should be 385" classname="com.github.traderjoe95.mls.protocol.tree.TreeMath" time="0.0"/>
  <testcase name="of node 387 should be 391" classname="com.github.traderjoe95.mls.protocol.tree.TreeMath" time="0.0"/>
  <testcase name="of node 388 should be 389" classname="com.github.traderjoe95.mls.protocol.tree.TreeMath" time="0.0"/>
  <testcase name="of node 389 should be 387" classname="com.github.traderjoe95.mls.protocol.tree.TreeMath" time="0.0"/>
  <testcase name="of node 390 should be 389" classname="com.github.traderjoe95.mls.protocol.tree.TreeMath" time="0.0"/>
  <testcase name="of node 391 should be 399" classname="com.github.traderjoe95.mls.protocol.tree.TreeMath" time="0.0"/>
  <testcase name="of node 392 should be 393" classname="com.github.traderjoe95.mls.protocol.tree.TreeMath" time="0.0"/>
  <testcase name="of node 393 should be 395" classname="com.github.traderjoe95.mls.protocol.tree.TreeMath" time="0.0"/>
  <testcase name="of node 394 should be 393" classname="com.github.traderjoe95.mls.protocol.tree.TreeMath" time="0.0"/>
  <testcase name="of node 395 should be 391" classname="com.github.traderjoe95.mls.protocol.tree.TreeMath" time="0.0"/>
  <testcase name="of node 396 should be 397" classname="com.github.traderjoe95.mls.protocol.tree.TreeMath" time="0.0"/>
  <testcase name="of node 397 should be 395" classname="com.github.traderjoe95.mls.protocol.tree.TreeMath" time="0.0"/>
  <testcase name="of node 398 should be 397" classname="com.github.traderjoe95.mls.protocol.tree.TreeMath" time="0.0"/>
  <testcase name="of node 399 should be 415" classname="com.github.traderjoe95.mls.protocol.tree.TreeMath" time="0.0"/>
  <testcase name="of node 400 should be 401" classname="com.github.traderjoe95.mls.protocol.tree.TreeMath" time="0.0"/>
  <testcase name="of node 401 should be 403" classname="com.github.traderjoe95.mls.protocol.tree.TreeMath" time="0.001"/>
  <testcase name="of node 402 should be 401" classname="com.github.traderjoe95.mls.protocol.tree.TreeMath" time="0.0"/>
  <testcase name="of node 403 should be 407" classname="com.github.traderjoe95.mls.protocol.tree.TreeMath" time="0.001"/>
  <testcase name="of node 404 should be 405" classname="com.github.traderjoe95.mls.protocol.tree.TreeMath" time="0.0"/>
  <testcase name="of node 405 should be 403" classname="com.github.traderjoe95.mls.protocol.tree.TreeMath" time="0.0"/>
  <testcase name="of node 406 should be 405" classname="com.github.traderjoe95.mls.protocol.tree.TreeMath" time="0.0"/>
  <testcase name="of node 407 should be 399" classname="com.github.traderjoe95.mls.protocol.tree.TreeMath" time="0.0"/>
  <testcase name="of node 408 should be 409" classname="com.github.traderjoe95.mls.protocol.tree.TreeMath" time="0.0"/>
  <testcase name="of node 409 should be 411" classname="com.github.traderjoe95.mls.protocol.tree.TreeMath" time="0.0"/>
  <testcase name="of node 410 should be 409" classname="com.github.traderjoe95.mls.protocol.tree.TreeMath" time="0.0"/>
  <testcase name="of node 411 should be 407" classname="com.github.traderjoe95.mls.protocol.tree.TreeMath" time="0.0"/>
  <testcase name="of node 412 should be 413" classname="com.github.traderjoe95.mls.protocol.tree.TreeMath" time="0.0"/>
  <testcase name="of node 413 should be 411" classname="com.github.traderjoe95.mls.protocol.tree.TreeMath" time="0.0"/>
  <testcase name="of node 414 should be 413" classname="com.github.traderjoe95.mls.protocol.tree.TreeMath" time="0.0"/>
  <testcase name="of node 415 should be 447" classname="com.github.traderjoe95.mls.protocol.tree.TreeMath" time="0.0"/>
  <testcase name="of node 416 should be 417" classname="com.github.traderjoe95.mls.protocol.tree.TreeMath" time="0.0"/>
  <testcase name="of node 417 should be 419" classname="com.github.traderjoe95.mls.protocol.tree.TreeMath" time="0.0"/>
  <testcase name="of node 418 should be 417" classname="com.github.traderjoe95.mls.protocol.tree.TreeMath" time="0.0"/>
  <testcase name="of node 419 should be 423" classname="com.github.traderjoe95.mls.protocol.tree.TreeMath" time="0.0"/>
  <testcase name="of node 420 should be 421" classname="com.github.traderjoe95.mls.protocol.tree.TreeMath" time="0.0"/>
  <testcase name="of node 421 should be 419" classname="com.github.traderjoe95.mls.protocol.tree.TreeMath" time="0.0"/>
  <testcase name="of node 422 should be 421" classname="com.github.traderjoe95.mls.protocol.tree.TreeMath" time="0.0"/>
  <testcase name="of node 423 should be 431" classname="com.github.traderjoe95.mls.protocol.tree.TreeMath" time="0.0"/>
  <testcase name="of node 424 should be 425" classname="com.github.traderjoe95.mls.protocol.tree.TreeMath" time="0.0"/>
  <testcase name="of node 425 should be 427" classname="com.github.traderjoe95.mls.protocol.tree.TreeMath" time="0.0"/>
  <testcase name="of node 426 should be 425" classname="com.github.traderjoe95.mls.protocol.tree.TreeMath" time="0.0"/>
  <testcase name="of node 427 should be 423" classname="com.github.traderjoe95.mls.protocol.tree.TreeMath" time="0.001"/>
  <testcase name="of node 428 should be 429" classname="com.github.traderjoe95.mls.protocol.tree.TreeMath" time="0.0"/>
  <testcase name="of node 429 should be 427" classname="com.github.traderjoe95.mls.protocol.tree.TreeMath" time="0.001"/>
  <testcase name="of node 430 should be 429" classname="com.github.traderjoe95.mls.protocol.tree.TreeMath" time="0.0"/>
  <testcase name="of node 431 should be 415" classname="com.github.traderjoe95.mls.protocol.tree.TreeMath" time="0.0"/>
  <testcase name="of node 432 should be 433" classname="com.github.traderjoe95.mls.protocol.tree.TreeMath" time="0.0"/>
  <testcase name="of node 433 should be 435" classname="com.github.traderjoe95.mls.protocol.tree.TreeMath" time="0.0"/>
  <testcase name="of node 434 should be 433" classname="com.github.traderjoe95.mls.protocol.tree.TreeMath" time="0.0"/>
  <testcase name="of node 435 should be 439" classname="com.github.traderjoe95.mls.protocol.tree.TreeMath" time="0.0"/>
  <testcase name="of node 436 should be 437" classname="com.github.traderjoe95.mls.protocol.tree.TreeMath" time="0.0"/>
  <testcase name="of node 437 should be 435" classname="com.github.traderjoe95.mls.protocol.tree.TreeMath" time="0.0"/>
  <testcase name="of node 438 should be 437" classname="com.github.traderjoe95.mls.protocol.tree.TreeMath" time="0.0"/>
  <testcase name="of node 439 should be 431" classname="com.github.traderjoe95.mls.protocol.tree.TreeMath" time="0.0"/>
  <testcase name="of node 440 should be 441" classname="com.github.traderjoe95.mls.protocol.tree.TreeMath" time="0.0"/>
  <testcase name="of node 441 should be 443" classname="com.github.traderjoe95.mls.protocol.tree.TreeMath" time="0.0"/>
  <testcase name="of node 442 should be 441" classname="com.github.traderjoe95.mls.protocol.tree.TreeMath" time="0.0"/>
  <testcase name="of node 443 should be 439" classname="com.github.traderjoe95.mls.protocol.tree.TreeMath" time="0.0"/>
  <testcase name="of node 444 should be 445" classname="com.github.traderjoe95.mls.protocol.tree.TreeMath" time="0.0"/>
  <testcase name="of node 445 should be 443" classname="com.github.traderjoe95.mls.protocol.tree.TreeMath" time="0.0"/>
  <testcase name="of node 446 should be 445" classname="com.github.traderjoe95.mls.protocol.tree.TreeMath" time="0.0"/>
  <testcase name="of node 447 should be 383" classname="com.github.traderjoe95.mls.protocol.tree.TreeMath" time="0.0"/>
  <testcase name="of node 448 should be 449" classname="com.github.traderjoe95.mls.protocol.tree.TreeMath" time="0.0"/>
  <testcase name="of node 449 should be 451" classname="com.github.traderjoe95.mls.protocol.tree.TreeMath" time="0.0"/>
  <testcase name="of node 450 should be 449" classname="com.github.traderjoe95.mls.protocol.tree.TreeMath" time="0.0"/>
  <testcase name="of node 451 should be 455" classname="com.github.traderjoe95.mls.protocol.tree.TreeMath" time="0.0"/>
  <testcase name="of node 452 should be 453" classname="com.github.traderjoe95.mls.protocol.tree.TreeMath" time="0.0"/>
  <testcase name="of node 453 should be 451" classname="com.github.traderjoe95.mls.protocol.tree.TreeMath" time="0.0"/>
  <testcase name="of node 454 should be 453" classname="com.github.traderjoe95.mls.protocol.tree.TreeMath" time="0.0"/>
  <testcase name="of node 455 should be 463" classname="com.github.traderjoe95.mls.protocol.tree.TreeMath" time="0.0"/>
  <testcase name="of node 456 should be 457" classname="com.github.traderjoe95.mls.protocol.tree.TreeMath" time="0.0"/>
  <testcase name="of node 457 should be 459" classname="com.github.traderjoe95.mls.protocol.tree.TreeMath" time="0.0"/>
  <testcase name="of node 458 should be 457" classname="com.github.traderjoe95.mls.protocol.tree.TreeMath" time="0.0"/>
  <testcase name="of node 459 should be 455" classname="com.github.traderjoe95.mls.protocol.tree.TreeMath" time="0.0"/>
  <testcase name="of node 460 should be 461" classname="com.github.traderjoe95.mls.protocol.tree.TreeMath" time="0.001"/>
  <testcase name="of node 461 should be 459" classname="com.github.traderjoe95.mls.protocol.tree.TreeMath" time="0.0"/>
  <testcase name="of node 462 should be 461" classname="com.github.traderjoe95.mls.protocol.tree.TreeMath" time="0.0"/>
  <testcase name="of node 463 should be 479" classname="com.github.traderjoe95.mls.protocol.tree.TreeMath" time="0.0"/>
  <testcase name="of node 464 should be 465" classname="com.github.traderjoe95.mls.protocol.tree.TreeMath" time="0.0"/>
  <testcase name="of node 465 should be 467" classname="com.github.traderjoe95.mls.protocol.tree.TreeMath" time="0.0"/>
  <testcase name="of node 466 should be 465" classname="com.github.traderjoe95.mls.protocol.tree.TreeMath" time="0.0"/>
  <testcase name="of node 467 should be 471" classname="com.github.traderjoe95.mls.protocol.tree.TreeMath" time="0.0"/>
  <testcase name="of node 468 should be 469" classname="com.github.traderjoe95.mls.protocol.tree.TreeMath" time="0.0"/>
  <testcase name="of node 469 should be 467" classname="com.github.traderjoe95.mls.protocol.tree.TreeMath" time="0.0"/>
  <testcase name="of node 470 should be 469" classname="com.github.traderjoe95.mls.protocol.tree.TreeMath" time="0.0"/>
  <testcase name="of node 471 should be 463" classname="com.github.traderjoe95.mls.protocol.tree.TreeMath" time="0.0"/>
  <testcase name="of node 472 should be 473" classname="com.github.traderjoe95.mls.protocol.tree.TreeMath" time="0.0"/>
  <testcase name="of node 473 should be 475" classname="com.github.traderjoe95.mls.protocol.tree.TreeMath" time="0.0"/>
  <testcase name="of node 474 should be 473" classname="com.github.traderjoe95.mls.protocol.tree.TreeMath" time="0.0"/>
  <testcase name="of node 475 should be 471" classname="com.github.traderjoe95.mls.protocol.tree.TreeMath" time="0.0"/>
  <testcase name="of node 476 should be 477" classname="com.github.traderjoe95.mls.protocol.tree.TreeMath" time="0.0"/>
  <testcase name="of node 477 should be 475" classname="com.github.traderjoe95.mls.protocol.tree.TreeMath" time="0.0"/>
  <testcase name="of node 478 should be 477" classname="com.github.traderjoe95.mls.protocol.tree.TreeMath" time="0.0"/>
  <testcase name="of node 479 should be 447" classname="com.github.traderjoe95.mls.protocol.tree.TreeMath" time="0.0"/>
  <testcase name="of node 480 should be 481" classname="com.github.traderjoe95.mls.protocol.tree.TreeMath" time="0.0"/>
  <testcase name="of node 481 should be 483" classname="com.github.traderjoe95.mls.protocol.tree.TreeMath" time="0.0"/>
  <testcase name="of node 482 should be 481" classname="com.github.traderjoe95.mls.protocol.tree.TreeMath" time="0.0"/>
  <testcase name="of node 483 should be 487" classname="com.github.traderjoe95.mls.protocol.tree.TreeMath" time="0.0"/>
  <testcase name="of node 484 should be 485" classname="com.github.traderjoe95.mls.protocol.tree.TreeMath" time="0.001"/>
  <testcase name="of node 485 should be 483" classname="com.github.traderjoe95.mls.protocol.tree.TreeMath" time="0.0"/>
  <testcase name="of node 486 should be 485" classname="com.github.traderjoe95.mls.protocol.tree.TreeMath" time="0.0"/>
  <testcase name="of node 487 should be 495" classname="com.github.traderjoe95.mls.protocol.tree.TreeMath" time="0.0"/>
  <testcase name="of node 488 should be 489" classname="com.github.traderjoe95.mls.protocol.tree.TreeMath" time="0.0"/>
  <testcase name="of node 489 should be 491" classname="com.github.traderjoe95.mls.protocol.tree.TreeMath" time="0.0"/>
  <testcase name="of node 490 should be 489" classname="com.github.traderjoe95.mls.protocol.tree.TreeMath" time="0.0"/>
  <testcase name="of node 491 should be 487" classname="com.github.traderjoe95.mls.protocol.tree.TreeMath" time="0.0"/>
  <testcase name="of node 492 should be 493" classname="com.github.traderjoe95.mls.protocol.tree.TreeMath" time="0.0"/>
  <testcase name="of node 493 should be 491" classname="com.github.traderjoe95.mls.protocol.tree.TreeMath" time="0.0"/>
  <testcase name="of node 494 should be 493" classname="com.github.traderjoe95.mls.protocol.tree.TreeMath" time="0.0"/>
  <testcase name="of node 495 should be 479" classname="com.github.traderjoe95.mls.protocol.tree.TreeMath" time="0.0"/>
  <testcase name="of node 496 should be 497" classname="com.github.traderjoe95.mls.protocol.tree.TreeMath" time="0.0"/>
  <testcase name="of node 497 should be 499" classname="com.github.traderjoe95.mls.protocol.tree.TreeMath" time="0.0"/>
  <testcase name="of node 498 should be 497" classname="com.github.traderjoe95.mls.protocol.tree.TreeMath" time="0.0"/>
  <testcase name="of node 499 should be 503" classname="com.github.traderjoe95.mls.protocol.tree.TreeMath" time="0.0"/>
  <testcase name="of node 500 should be 501" classname="com.github.traderjoe95.mls.protocol.tree.TreeMath" time="0.0"/>
  <testcase name="of node 501 should be 499" classname="com.github.traderjoe95.mls.protocol.tree.TreeMath" time="0.0"/>
  <testcase name="of node 502 should be 501" classname="com.github.traderjoe95.mls.protocol.tree.TreeMath" time="0.0"/>
  <testcase name="of node 503 should be 495" classname="com.github.traderjoe95.mls.protocol.tree.TreeMath" time="0.0"/>
  <testcase name="of node 504 should be 505" classname="com.github.traderjoe95.mls.protocol.tree.TreeMath" time="0.0"/>
  <testcase name="of node 505 should be 507" classname="com.github.traderjoe95.mls.protocol.tree.TreeMath" time="0.0"/>
  <testcase name="of node 506 should be 505" classname="com.github.traderjoe95.mls.protocol.tree.TreeMath" time="0.0"/>
  <testcase name="of node 507 should be 503" classname="com.github.traderjoe95.mls.protocol.tree.TreeMath" time="0.0"/>
  <testcase name="of node 508 should be 509" classname="com.github.traderjoe95.mls.protocol.tree.TreeMath" time="0.0"/>
  <testcase name="of node 509 should be 507" classname="com.github.traderjoe95.mls.protocol.tree.TreeMath" time="0.0"/>
  <testcase name="of node 510 should be 509" classname="com.github.traderjoe95.mls.protocol.tree.TreeMath" time="0.0"/>
  <testcase name="of node 512 should be 513" classname="com.github.traderjoe95.mls.protocol.tree.TreeMath" time="0.0"/>
  <testcase name="of node 513 should be 515" classname="com.github.traderjoe95.mls.protocol.tree.TreeMath" time="0.001"/>
  <testcase name="of node 514 should be 513" classname="com.github.traderjoe95.mls.protocol.tree.TreeMath" time="0.0"/>
  <testcase name="of node 515 should be 519" classname="com.github.traderjoe95.mls.protocol.tree.TreeMath" time="0.0"/>
  <testcase name="of node 516 should be 517" classname="com.github.traderjoe95.mls.protocol.tree.TreeMath" time="0.0"/>
  <testcase name="of node 517 should be 515" classname="com.github.traderjoe95.mls.protocol.tree.TreeMath" time="0.0"/>
  <testcase name="of node 518 should be 517" classname="com.github.traderjoe95.mls.protocol.tree.TreeMath" time="0.0"/>
  <testcase name="of node 519 should be 527" classname="com.github.traderjoe95.mls.protocol.tree.TreeMath" time="0.0"/>
  <testcase name="of node 520 should be 521" classname="com.github.traderjoe95.mls.protocol.tree.TreeMath" time="0.0"/>
  <testcase name="of node 521 should be 523" classname="com.github.traderjoe95.mls.protocol.tree.TreeMath" time="0.001"/>
  <testcase name="of node 522 should be 521" classname="com.github.traderjoe95.mls.protocol.tree.TreeMath" time="0.0"/>
  <testcase name="of node 523 should be 519" classname="com.github.traderjoe95.mls.protocol.tree.TreeMath" time="0.0"/>
  <testcase name="of node 524 should be 525" classname="com.github.traderjoe95.mls.protocol.tree.TreeMath" time="0.001"/>
  <testcase name="of node 525 should be 523" classname="com.github.traderjoe95.mls.protocol.tree.TreeMath" time="0.0"/>
  <testcase name="of node 526 should be 525" classname="com.github.traderjoe95.mls.protocol.tree.TreeMath" time="0.0"/>
  <testcase name="of node 527 should be 543" classname="com.github.traderjoe95.mls.protocol.tree.TreeMath" time="0.001"/>
  <testcase name="of node 528 should be 529" classname="com.github.traderjoe95.mls.protocol.tree.TreeMath" time="0.0"/>
  <testcase name="of node 529 should be 531" classname="com.github.traderjoe95.mls.protocol.tree.TreeMath" time="0.0"/>
  <testcase name="of node 530 should be 529" classname="com.github.traderjoe95.mls.protocol.tree.TreeMath" time="0.0"/>
  <testcase name="of node 531 should be 535" classname="com.github.traderjoe95.mls.protocol.tree.TreeMath" time="0.0"/>
  <testcase name="of node 532 should be 533" classname="com.github.traderjoe95.mls.protocol.tree.TreeMath" time="0.0"/>
  <testcase name="of node 533 should be 531" classname="com.github.traderjoe95.mls.protocol.tree.TreeMath" time="0.0"/>
  <testcase name="of node 534 should be 533" classname="com.github.traderjoe95.mls.protocol.tree.TreeMath" time="0.0"/>
  <testcase name="of node 535 should be 527" classname="com.github.traderjoe95.mls.protocol.tree.TreeMath" time="0.0"/>
  <testcase name="of node 536 should be 537" classname="com.github.traderjoe95.mls.protocol.tree.TreeMath" time="0.0"/>
  <testcase name="of node 537 should be 539" classname="com.github.traderjoe95.mls.protocol.tree.TreeMath" time="0.0"/>
  <testcase name="of node 538 should be 537" classname="com.github.traderjoe95.mls.protocol.tree.TreeMath" time="0.0"/>
  <testcase name="of node 539 should be 535" classname="com.github.traderjoe95.mls.protocol.tree.TreeMath" time="0.0"/>
  <testcase name="of node 540 should be 541" classname="com.github.traderjoe95.mls.protocol.tree.TreeMath" time="0.0"/>
  <testcase name="of node 541 should be 539" classname="com.github.traderjoe95.mls.protocol.tree.TreeMath" time="0.0"/>
  <testcase name="of node 542 should be 541" classname="com.github.traderjoe95.mls.protocol.tree.TreeMath" time="0.0"/>
  <testcase name="of node 543 should be 575" classname="com.github.traderjoe95.mls.protocol.tree.TreeMath" time="0.0"/>
  <testcase name="of node 544 should be 545" classname="com.github.traderjoe95.mls.protocol.tree.TreeMath" time="0.0"/>
  <testcase name="of node 545 should be 547" classname="com.github.traderjoe95.mls.protocol.tree.TreeMath" time="0.0"/>
  <testcase name="of node 546 should be 545" classname="com.github.traderjoe95.mls.protocol.tree.TreeMath" time="0.0"/>
  <testcase name="of node 547 should be 551" classname="com.github.traderjoe95.mls.protocol.tree.TreeMath" time="0.0"/>
  <testcase name="of node 548 should be 549" classname="com.github.traderjoe95.mls.protocol.tree.TreeMath" time="0.0"/>
  <testcase name="of node 549 should be 547" classname="com.github.traderjoe95.mls.protocol.tree.TreeMath" time="0.0"/>
  <testcase name="of node 550 should be 549" classname="com.github.traderjoe95.mls.protocol.tree.TreeMath" time="0.001"/>
  <testcase name="of node 551 should be 559" classname="com.github.traderjoe95.mls.protocol.tree.TreeMath" time="0.0"/>
  <testcase name="of node 552 should be 553" classname="com.github.traderjoe95.mls.protocol.tree.TreeMath" time="0.0"/>
  <testcase name="of node 553 should be 555" classname="com.github.traderjoe95.mls.protocol.tree.TreeMath" time="0.001"/>
  <testcase name="of node 554 should be 553" classname="com.github.traderjoe95.mls.protocol.tree.TreeMath" time="0.0"/>
  <testcase name="of node 555 should be 551" classname="com.github.traderjoe95.mls.protocol.tree.TreeMath" time="0.0"/>
  <testcase name="of node 556 should be 557" classname="com.github.traderjoe95.mls.protocol.tree.TreeMath" time="0.0"/>
  <testcase name="of node 557 should be 555" classname="com.github.traderjoe95.mls.protocol.tree.TreeMath" time="0.0"/>
  <testcase name="of node 558 should be 557" classname="com.github.traderjoe95.mls.protocol.tree.TreeMath" time="0.0"/>
  <testcase name="of node 559 should be 543" classname="com.github.traderjoe95.mls.protocol.tree.TreeMath" time="0.0"/>
  <testcase name="of node 560 should be 561" classname="com.github.traderjoe95.mls.protocol.tree.TreeMath" time="0.0"/>
  <testcase name="of node 561 should be 563" classname="com.github.traderjoe95.mls.protocol.tree.TreeMath" time="0.0"/>
  <testcase name="of node 562 should be 561" classname="com.github.traderjoe95.mls.protocol.tree.TreeMath" time="0.0"/>
  <testcase name="of node 563 should be 567" classname="com.github.traderjoe95.mls.protocol.tree.TreeMath" time="0.0"/>
  <testcase name="of node 564 should be 565" classname="com.github.traderjoe95.mls.protocol.tree.TreeMath" time="0.0"/>
  <testcase name="of node 565 should be 563" classname="com.github.traderjoe95.mls.protocol.tree.TreeMath" time="0.0"/>
  <testcase name="of node 566 should be 565" classname="com.github.traderjoe95.mls.protocol.tree.TreeMath" time="0.0"/>
  <testcase name="of node 567 should be 559" classname="com.github.traderjoe95.mls.protocol.tree.TreeMath" time="0.0"/>
  <testcase name="of node 568 should be 569" classname="com.github.traderjoe95.mls.protocol.tree.TreeMath" time="0.0"/>
  <testcase name="of node 569 should be 571" classname="com.github.traderjoe95.mls.protocol.tree.TreeMath" time="0.0"/>
  <testcase name="of node 570 should be 569" classname="com.github.traderjoe95.mls.protocol.tree.TreeMath" time="0.0"/>
  <testcase name="of node 571 should be 567" classname="com.github.traderjoe95.mls.protocol.tree.TreeMath" time="0.0"/>
  <testcase name="of node 572 should be 573" classname="com.github.traderjoe95.mls.protocol.tree.TreeMath" time="0.0"/>
  <testcase name="of node 573 should be 571" classname="com.github.traderjoe95.mls.protocol.tree.TreeMath" time="0.0"/>
  <testcase name="of node 574 should be 573" classname="com.github.traderjoe95.mls.protocol.tree.TreeMath" time="0.0"/>
  <testcase name="of node 575 should be 639" classname="com.github.traderjoe95.mls.protocol.tree.TreeMath" time="0.0"/>
  <testcase name="of node 576 should be 577" classname="com.github.traderjoe95.mls.protocol.tree.TreeMath" time="0.0"/>
  <testcase name="of node 577 should be 579" classname="com.github.traderjoe95.mls.protocol.tree.TreeMath" time="0.0"/>
  <testcase name="of node 578 should be 577" classname="com.github.traderjoe95.mls.protocol.tree.TreeMath" time="0.0"/>
  <testcase name="of node 579 should be 583" classname="com.github.traderjoe95.mls.protocol.tree.TreeMath" time="0.0"/>
  <testcase name="of node 580 should be 581" classname="com.github.traderjoe95.mls.protocol.tree.TreeMath" time="0.0"/>
  <testcase name="of node 581 should be 579" classname="com.github.traderjoe95.mls.protocol.tree.TreeMath" time="0.0"/>
  <testcase name="of node 582 should be 581" classname="com.github.traderjoe95.mls.protocol.tree.TreeMath" time="0.0"/>
  <testcase name="of node 583 should be 591" classname="com.github.traderjoe95.mls.protocol.tree.TreeMath" time="0.0"/>
  <testcase name="of node 584 should be 585" classname="com.github.traderjoe95.mls.protocol.tree.TreeMath" time="0.0"/>
  <testcase name="of node 585 should be 587" classname="com.github.traderjoe95.mls.protocol.tree.TreeMath" time="0.0"/>
  <testcase name="of node 586 should be 585" classname="com.github.traderjoe95.mls.protocol.tree.TreeMath" time="0.001"/>
  <testcase name="of node 587 should be 583" classname="com.github.traderjoe95.mls.protocol.tree.TreeMath" time="0.0"/>
  <testcase name="of node 588 should be 589" classname="com.github.traderjoe95.mls.protocol.tree.TreeMath" time="0.0"/>
  <testcase name="of node 589 should be 587" classname="com.github.traderjoe95.mls.protocol.tree.TreeMath" time="0.0"/>
  <testcase name="of node 590 should be 589" classname="com.github.traderjoe95.mls.protocol.tree.TreeMath" time="0.0"/>
  <testcase name="of node 591 should be 607" classname="com.github.traderjoe95.mls.protocol.tree.TreeMath" time="0.0"/>
  <testcase name="of node 592 should be 593" classname="com.github.traderjoe95.mls.protocol.tree.TreeMath" time="0.0"/>
  <testcase name="of node 593 should be 595" classname="com.github.traderjoe95.mls.protocol.tree.TreeMath" time="0.0"/>
  <testcase name="of node 594 should be 593" classname="com.github.traderjoe95.mls.protocol.tree.TreeMath" time="0.001"/>
  <testcase name="of node 595 should be 599" classname="com.github.traderjoe95.mls.protocol.tree.TreeMath" time="0.0"/>
  <testcase name="of node 596 should be 597" classname="com.github.traderjoe95.mls.protocol.tree.TreeMath" time="0.0"/>
  <testcase name="of node 597 should be 595" classname="com.github.traderjoe95.mls.protocol.tree.TreeMath" time="0.0"/>
  <testcase name="of node 598 should be 597" classname="com.github.traderjoe95.mls.protocol.tree.TreeMath" time="0.0"/>
  <testcase name="of node 599 should be 591" classname="com.github.traderjoe95.mls.protocol.tree.TreeMath" time="0.0"/>
  <testcase name="of node 600 should be 601" classname="com.github.traderjoe95.mls.protocol.tree.TreeMath" time="0.0"/>
  <testcase name="of node 601 should be 603" classname="com.github.traderjoe95.mls.protocol.tree.TreeMath" time="0.0"/>
  <testcase name="of node 602 should be 601" classname="com.github.traderjoe95.mls.protocol.tree.TreeMath" time="0.0"/>
  <testcase name="of node 603 should be 599" classname="com.github.traderjoe95.mls.protocol.tree.TreeMath" time="0.0"/>
  <testcase name="of node 604 should be 605" classname="com.github.traderjoe95.mls.protocol.tree.TreeMath" time="0.0"/>
  <testcase name="of node 605 should be 603" classname="com.github.traderjoe95.mls.protocol.tree.TreeMath" time="0.0"/>
  <testcase name="of node 606 should be 605" classname="com.github.traderjoe95.mls.protocol.tree.TreeMath" time="0.0"/>
  <testcase name="of node 607 should be 575" classname="com.github.traderjoe95.mls.protocol.tree.TreeMath" time="0.0"/>
  <testcase name="of node 608 should be 609" classname="com.github.traderjoe95.mls.protocol.tree.TreeMath" time="0.0"/>
  <testcase name="of node 609 should be 611" classname="com.github.traderjoe95.mls.protocol.tree.TreeMath" time="0.0"/>
  <testcase name="of node 610 should be 609" classname="com.github.traderjoe95.mls.protocol.tree.TreeMath" time="0.0"/>
  <testcase name="of node 611 should be 615" classname="com.github.traderjoe95.mls.protocol.tree.TreeMath" time="0.0"/>
  <testcase name="of node 612 should be 613" classname="com.github.traderjoe95.mls.protocol.tree.TreeMath" time="0.0"/>
  <testcase name="of node 613 should be 611" classname="com.github.traderjoe95.mls.protocol.tree.TreeMath" time="0.0"/>
  <testcase name="of node 614 should be 613" classname="com.github.traderjoe95.mls.protocol.tree.TreeMath" time="0.0"/>
  <testcase name="of node 615 should be 623" classname="com.github.traderjoe95.mls.protocol.tree.TreeMath" time="0.0"/>
  <testcase name="of node 616 should be 617" classname="com.github.traderjoe95.mls.protocol.tree.TreeMath" time="0.0"/>
  <testcase name="of node 617 should be 619" classname="com.github.traderjoe95.mls.protocol.tree.TreeMath" time="0.0"/>
  <testcase name="of node 618 should be 617" classname="com.github.traderjoe95.mls.protocol.tree.TreeMath" time="0.0"/>
  <testcase name="of node 619 should be 615" classname="com.github.traderjoe95.mls.protocol.tree.TreeMath" time="0.0"/>
  <testcase name="of node 620 should be 621" classname="com.github.traderjoe95.mls.protocol.tree.TreeMath" time="0.0"/>
  <testcase name="of node 621 should be 619" classname="com.github.traderjoe95.mls.protocol.tree.TreeMath" time="0.0"/>
  <testcase name="of node 622 should be 621" classname="com.github.traderjoe95.mls.protocol.tree.TreeMath" time="0.0"/>
  <testcase name="of node 623 should be 607" classname="com.github.traderjoe95.mls.protocol.tree.TreeMath" time="0.0"/>
  <testcase name="of node 624 should be 625" classname="com.github.traderjoe95.mls.protocol.tree.TreeMath" time="0.0"/>
  <testcase name="of node 625 should be 627" classname="com.github.traderjoe95.mls.protocol.tree.TreeMath" time="0.0"/>
  <testcase name="of node 626 should be 625" classname="com.github.traderjoe95.mls.protocol.tree.TreeMath" time="0.0"/>
  <testcase name="of node 627 should be 631" classname="com.github.traderjoe95.mls.protocol.tree.TreeMath" time="0.0"/>
  <testcase name="of node 628 should be 629" classname="com.github.traderjoe95.mls.protocol.tree.TreeMath" time="0.0"/>
  <testcase name="of node 629 should be 627" classname="com.github.traderjoe95.mls.protocol.tree.TreeMath" time="0.0"/>
  <testcase name="of node 630 should be 629" classname="com.github.traderjoe95.mls.protocol.tree.TreeMath" time="0.0"/>
  <testcase name="of node 631 should be 623" classname="com.github.traderjoe95.mls.protocol.tree.TreeMath" time="0.0"/>
  <testcase name="of node 632 should be 633" classname="com.github.traderjoe95.mls.protocol.tree.TreeMath" time="0.0"/>
  <testcase name="of node 633 should be 635" classname="com.github.traderjoe95.mls.protocol.tree.TreeMath" time="0.0"/>
  <testcase name="of node 634 should be 633" classname="com.github.traderjoe95.mls.protocol.tree.TreeMath" time="0.0"/>
  <testcase name="of node 635 should be 631" classname="com.github.traderjoe95.mls.protocol.tree.TreeMath" time="0.0"/>
  <testcase name="of node 636 should be 637" classname="com.github.traderjoe95.mls.protocol.tree.TreeMath" time="0.0"/>
  <testcase name="of node 637 should be 635" classname="com.github.traderjoe95.mls.protocol.tree.TreeMath" time="0.001"/>
  <testcase name="of node 638 should be 637" classname="com.github.traderjoe95.mls.protocol.tree.TreeMath" time="0.0"/>
  <testcase name="of node 639 should be 767" classname="com.github.traderjoe95.mls.protocol.tree.TreeMath" time="0.0"/>
  <testcase name="of node 640 should be 641" classname="com.github.traderjoe95.mls.protocol.tree.TreeMath" time="0.001"/>
  <testcase name="of node 641 should be 643" classname="com.github.traderjoe95.mls.protocol.tree.TreeMath" time="0.0"/>
  <testcase name="of node 642 should be 641" classname="com.github.traderjoe95.mls.protocol.tree.TreeMath" time="0.0"/>
  <testcase name="of node 643 should be 647" classname="com.github.traderjoe95.mls.protocol.tree.TreeMath" time="0.0"/>
  <testcase name="of node 644 should be 645" classname="com.github.traderjoe95.mls.protocol.tree.TreeMath" time="0.0"/>
  <testcase name="of node 645 should be 643" classname="com.github.traderjoe95.mls.protocol.tree.TreeMath" time="0.0"/>
  <testcase name="of node 646 should be 645" classname="com.github.traderjoe95.mls.protocol.tree.TreeMath" time="0.0"/>
  <testcase name="of node 647 should be 655" classname="com.github.traderjoe95.mls.protocol.tree.TreeMath" time="0.0"/>
  <testcase name="of node 648 should be 649" classname="com.github.traderjoe95.mls.protocol.tree.TreeMath" time="0.0"/>
  <testcase name="of node 649 should be 651" classname="com.github.traderjoe95.mls.protocol.tree.TreeMath" time="0.0"/>
  <testcase name="of node 650 should be 649" classname="com.github.traderjoe95.mls.protocol.tree.TreeMath" time="0.0"/>
  <testcase name="of node 651 should be 647" classname="com.github.traderjoe95.mls.protocol.tree.TreeMath" time="0.0"/>
  <testcase name="of node 652 should be 653" classname="com.github.traderjoe95.mls.protocol.tree.TreeMath" time="0.0"/>
  <testcase name="of node 653 should be 651" classname="com.github.traderjoe95.mls.protocol.tree.TreeMath" time="0.0"/>
  <testcase name="of node 654 should be 653" classname="com.github.traderjoe95.mls.protocol.tree.TreeMath" time="0.0"/>
  <testcase name="of node 655 should be 671" classname="com.github.traderjoe95.mls.protocol.tree.TreeMath" time="0.0"/>
  <testcase name="of node 656 should be 657" classname="com.github.traderjoe95.mls.protocol.tree.TreeMath" time="0.0"/>
  <testcase name="of node 657 should be 659" classname="com.github.traderjoe95.mls.protocol.tree.TreeMath" time="0.0"/>
  <testcase name="of node 658 should be 657" classname="com.github.traderjoe95.mls.protocol.tree.TreeMath" time="0.0"/>
  <testcase name="of node 659 should be 663" classname="com.github.traderjoe95.mls.protocol.tree.TreeMath" time="0.0"/>
  <testcase name="of node 660 should be 661" classname="com.github.traderjoe95.mls.protocol.tree.TreeMath" time="0.0"/>
  <testcase name="of node 661 should be 659" classname="com.github.traderjoe95.mls.protocol.tree.TreeMath" time="0.0"/>
  <testcase name="of node 662 should be 661" classname="com.github.traderjoe95.mls.protocol.tree.TreeMath" time="0.0"/>
  <testcase name="of node 663 should be 655" classname="com.github.traderjoe95.mls.protocol.tree.TreeMath" time="0.0"/>
  <testcase name="of node 664 should be 665" classname="com.github.traderjoe95.mls.protocol.tree.TreeMath" time="0.0"/>
  <testcase name="of node 665 should be 667" classname="com.github.traderjoe95.mls.protocol.tree.TreeMath" time="0.0"/>
  <testcase name="of node 666 should be 665" classname="com.github.traderjoe95.mls.protocol.tree.TreeMath" time="0.0"/>
  <testcase name="of node 667 should be 663" classname="com.github.traderjoe95.mls.protocol.tree.TreeMath" time="0.0"/>
  <testcase name="of node 668 should be 669" classname="com.github.traderjoe95.mls.protocol.tree.TreeMath" time="0.0"/>
  <testcase name="of node 669 should be 667" classname="com.github.traderjoe95.mls.protocol.tree.TreeMath" time="0.0"/>
  <testcase name="of node 670 should be 669" classname="com.github.traderjoe95.mls.protocol.tree.TreeMath" time="0.0"/>
  <testcase name="of node 671 should be 703" classname="com.github.traderjoe95.mls.protocol.tree.TreeMath" time="0.0"/>
  <testcase name="of node 672 should be 673" classname="com.github.traderjoe95.mls.protocol.tree.TreeMath" time="0.0"/>
  <testcase name="of node 673 should be 675" classname="com.github.traderjoe95.mls.protocol.tree.TreeMath" time="0.0"/>
  <testcase name="of node 674 should be 673" classname="com.github.traderjoe95.mls.protocol.tree.TreeMath" time="0.0"/>
  <testcase name="of node 675 should be 679" classname="com.github.traderjoe95.mls.protocol.tree.TreeMath" time="0.0"/>
  <testcase name="of node 676 should be 677" classname="com.github.traderjoe95.mls.protocol.tree.TreeMath" time="0.0"/>
  <testcase name="of node 677 should be 675" classname="com.github.traderjoe95.mls.protocol.tree.TreeMath" time="0.0"/>
  <testcase name="of node 678 should be 677" classname="com.github.traderjoe95.mls.protocol.tree.TreeMath" time="0.0"/>
  <testcase name="of node 679 should be 687" classname="com.github.traderjoe95.mls.protocol.tree.TreeMath" time="0.0"/>
  <testcase name="of node 680 should be 681" classname="com.github.traderjoe95.mls.protocol.tree.TreeMath" time="0.0"/>
  <testcase name="of node 681 should be 683" classname="com.github.traderjoe95.mls.protocol.tree.TreeMath" time="0.0"/>
  <testcase name="of node 682 should be 681" classname="com.github.traderjoe95.mls.protocol.tree.TreeMath" time="0.0"/>
  <testcase name="of node 683 should be 679" classname="com.github.traderjoe95.mls.protocol.tree.TreeMath" time="0.0"/>
  <testcase name="of node 684 should be 685" classname="com.github.traderjoe95.mls.protocol.tree.TreeMath" time="0.0"/>
  <testcase name="of node 685 should be 683" classname="com.github.traderjoe95.mls.protocol.tree.TreeMath" time="0.0"/>
  <testcase name="of node 686 should be 685" classname="com.github.traderjoe95.mls.protocol.tree.TreeMath" time="0.0"/>
  <testcase name="of node 687 should be 671" classname="com.github.traderjoe95.mls.protocol.tree.TreeMath" time="0.0"/>
  <testcase name="of node 688 should be 689" classname="com.github.traderjoe95.mls.protocol.tree.TreeMath" time="0.0"/>
  <testcase name="of node 689 should be 691" classname="com.github.traderjoe95.mls.protocol.tree.TreeMath" time="0.0"/>
  <testcase name="of node 690 should be 689" classname="com.github.traderjoe95.mls.protocol.tree.TreeMath" time="0.0"/>
  <testcase name="of node 691 should be 695" classname="com.github.traderjoe95.mls.protocol.tree.TreeMath" time="0.0"/>
  <testcase name="of node 692 should be 693" classname="com.github.traderjoe95.mls.protocol.tree.TreeMath" time="0.0"/>
  <testcase name="of node 693 should be 691" classname="com.github.traderjoe95.mls.protocol.tree.TreeMath" time="0.0"/>
  <testcase name="of node 694 should be 693" classname="com.github.traderjoe95.mls.protocol.tree.TreeMath" time="0.0"/>
  <testcase name="of node 695 should be 687" classname="com.github.traderjoe95.mls.protocol.tree.TreeMath" time="0.0"/>
  <testcase name="of node 696 should be 697" classname="com.github.traderjoe95.mls.protocol.tree.TreeMath" time="0.0"/>
  <testcase name="of node 697 should be 699" classname="com.github.traderjoe95.mls.protocol.tree.TreeMath" time="0.0"/>
  <testcase name="of node 698 should be 697" classname="com.github.traderjoe95.mls.protocol.tree.TreeMath" time="0.0"/>
  <testcase name="of node 699 should be 695" classname="com.github.traderjoe95.mls.protocol.tree.TreeMath" time="0.0"/>
  <testcase name="of node 700 should be 701" classname="com.github.traderjoe95.mls.protocol.tree.TreeMath" time="0.0"/>
  <testcase name="of node 701 should be 699" classname="com.github.traderjoe95.mls.protocol.tree.TreeMath" time="0.0"/>
  <testcase name="of node 702 should be 701" classname="com.github.traderjoe95.mls.protocol.tree.TreeMath" time="0.0"/>
  <testcase name="of node 703 should be 639" classname="com.github.traderjoe95.mls.protocol.tree.TreeMath" time="0.0"/>
  <testcase name="of node 704 should be 705" classname="com.github.traderjoe95.mls.protocol.tree.TreeMath" time="0.0"/>
  <testcase name="of node 705 should be 707" classname="com.github.traderjoe95.mls.protocol.tree.TreeMath" time="0.0"/>
  <testcase name="of node 706 should be 705" classname="com.github.traderjoe95.mls.protocol.tree.TreeMath" time="0.0"/>
  <testcase name="of node 707 should be 711" classname="com.github.traderjoe95.mls.protocol.tree.TreeMath" time="0.0"/>
  <testcase name="of node 708 should be 709" classname="com.github.traderjoe95.mls.protocol.tree.TreeMath" time="0.0"/>
  <testcase name="of node 709 should be 707" classname="com.github.traderjoe95.mls.protocol.tree.TreeMath" time="0.0"/>
  <testcase name="of node 710 should be 709" classname="com.github.traderjoe95.mls.protocol.tree.TreeMath" time="0.0"/>
  <testcase name="of node 711 should be 719" classname="com.github.traderjoe95.mls.protocol.tree.TreeMath" time="0.0"/>
  <testcase name="of node 712 should be 713" classname="com.github.traderjoe95.mls.protocol.tree.TreeMath" time="0.0"/>
  <testcase name="of node 713 should be 715" classname="com.github.traderjoe95.mls.protocol.tree.TreeMath" time="0.0"/>
  <testcase name="of node 714 should be 713" classname="com.github.traderjoe95.mls.protocol.tree.TreeMath" time="0.0"/>
  <testcase name="of node 715 should be 711" classname="com.github.traderjoe95.mls.protocol.tree.TreeMath" time="0.0"/>
  <testcase name="of node 716 should be 717" classname="com.github.traderjoe95.mls.protocol.tree.TreeMath" time="0.0"/>
  <testcase name="of node 717 should be 715" classname="com.github.traderjoe95.mls.protocol.tree.TreeMath" time="0.0"/>
  <testcase name="of node 718 should be 717" classname="com.github.traderjoe95.mls.protocol.tree.TreeMath" time="0.0"/>
  <testcase name="of node 719 should be 735" classname="com.github.traderjoe95.mls.protocol.tree.TreeMath" time="0.0"/>
  <testcase name="of node 720 should be 721" classname="com.github.traderjoe95.mls.protocol.tree.TreeMath" time="0.0"/>
  <testcase name="of node 721 should be 723" classname="com.github.traderjoe95.mls.protocol.tree.TreeMath" time="0.0"/>
  <testcase name="of node 722 should be 721" classname="com.github.traderjoe95.mls.protocol.tree.TreeMath" time="0.0"/>
  <testcase name="of node 723 should be 727" classname="com.github.traderjoe95.mls.protocol.tree.TreeMath" time="0.0"/>
  <testcase name="of node 724 should be 725" classname="com.github.traderjoe95.mls.protocol.tree.TreeMath" time="0.0"/>
  <testcase name="of node 725 should be 723" classname="com.github.traderjoe95.mls.protocol.tree.TreeMath" time="0.0"/>
  <testcase name="of node 726 should be 725" classname="com.github.traderjoe95.mls.protocol.tree.TreeMath" time="0.0"/>
  <testcase name="of node 727 should be 719" classname="com.github.traderjoe95.mls.protocol.tree.TreeMath" time="0.0"/>
  <testcase name="of node 728 should be 729" classname="com.github.traderjoe95.mls.protocol.tree.TreeMath" time="0.0"/>
  <testcase name="of node 729 should be 731" classname="com.github.traderjoe95.mls.protocol.tree.TreeMath" time="0.0"/>
  <testcase name="of node 730 should be 729" classname="com.github.traderjoe95.mls.protocol.tree.TreeMath" time="0.0"/>
  <testcase name="of node 731 should be 727" classname="com.github.traderjoe95.mls.protocol.tree.TreeMath" time="0.0"/>
  <testcase name="of node 732 should be 733" classname="com.github.traderjoe95.mls.protocol.tree.TreeMath" time="0.0"/>
  <testcase name="of node 733 should be 731" classname="com.github.traderjoe95.mls.protocol.tree.TreeMath" time="0.0"/>
  <testcase name="of node 734 should be 733" classname="com.github.traderjoe95.mls.protocol.tree.TreeMath" time="0.0"/>
  <testcase name="of node 735 should be 703" classname="com.github.traderjoe95.mls.protocol.tree.TreeMath" time="0.0"/>
  <testcase name="of node 736 should be 737" classname="com.github.traderjoe95.mls.protocol.tree.TreeMath" time="0.0"/>
  <testcase name="of node 737 should be 739" classname="com.github.traderjoe95.mls.protocol.tree.TreeMath" time="0.0"/>
  <testcase name="of node 738 should be 737" classname="com.github.traderjoe95.mls.protocol.tree.TreeMath" time="0.0"/>
  <testcase name="of node 739 should be 743" classname="com.github.traderjoe95.mls.protocol.tree.TreeMath" time="0.0"/>
  <testcase name="of node 740 should be 741" classname="com.github.traderjoe95.mls.protocol.tree.TreeMath" time="0.0"/>
  <testcase name="of node 741 should be 739" classname="com.github.traderjoe95.mls.protocol.tree.TreeMath" time="0.0"/>
  <testcase name="of node 742 should be 741" classname="com.github.traderjoe95.mls.protocol.tree.TreeMath" time="0.0"/>
  <testcase name="of node 743 should be 751" classname="com.github.traderjoe95.mls.protocol.tree.TreeMath" time="0.0"/>
  <testcase name="of node 744 should be 745" classname="com.github.traderjoe95.mls.protocol.tree.TreeMath" time="0.0"/>
  <testcase name="of node 745 should be 747" classname="com.github.traderjoe95.mls.protocol.tree.TreeMath" time="0.0"/>
  <testcase name="of node 746 should be 745" classname="com.github.traderjoe95.mls.protocol.tree.TreeMath" time="0.0"/>
  <testcase name="of node 747 should be 743" classname="com.github.traderjoe95.mls.protocol.tree.TreeMath" time="0.0"/>
  <testcase name="of node 748 should be 749" classname="com.github.traderjoe95.mls.protocol.tree.TreeMath" time="0.001"/>
  <testcase name="of node 749 should be 747" classname="com.github.traderjoe95.mls.protocol.tree.TreeMath" time="0.0"/>
  <testcase name="of node 750 should be 749" classname="com.github.traderjoe95.mls.protocol.tree.TreeMath" time="0.0"/>
  <testcase name="of node 751 should be 735" classname="com.github.traderjoe95.mls.protocol.tree.TreeMath" time="0.0"/>
  <testcase name="of node 752 should be 753" classname="com.github.traderjoe95.mls.protocol.tree.TreeMath" time="0.0"/>
  <testcase name="of node 753 should be 755" classname="com.github.traderjoe95.mls.protocol.tree.TreeMath" time="0.0"/>
  <testcase name="of node 754 should be 753" classname="com.github.traderjoe95.mls.protocol.tree.TreeMath" time="0.0"/>
  <testcase name="of node 755 should be 759" classname="com.github.traderjoe95.mls.protocol.tree.TreeMath" time="0.0"/>
  <testcase name="of node 756 should be 757" classname="com.github.traderjoe95.mls.protocol.tree.TreeMath" time="0.0"/>
  <testcase name="of node 757 should be 755" classname="com.github.traderjoe95.mls.protocol.tree.TreeMath" time="0.0"/>
  <testcase name="of node 758 should be 757" classname="com.github.traderjoe95.mls.protocol.tree.TreeMath" time="0.0"/>
  <testcase name="of node 759 should be 751" classname="com.github.traderjoe95.mls.protocol.tree.TreeMath" time="0.0"/>
  <testcase name="of node 760 should be 761" classname="com.github.traderjoe95.mls.protocol.tree.TreeMath" time="0.0"/>
  <testcase name="of node 761 should be 763" classname="com.github.traderjoe95.mls.protocol.tree.TreeMath" time="0.0"/>
  <testcase name="of node 762 should be 761" classname="com.github.traderjoe95.mls.protocol.tree.TreeMath" time="0.0"/>
  <testcase name="of node 763 should be 759" classname="com.github.traderjoe95.mls.protocol.tree.TreeMath" time="0.0"/>
  <testcase name="of node 764 should be 765" classname="com.github.traderjoe95.mls.protocol.tree.TreeMath" time="0.0"/>
  <testcase name="of node 765 should be 763" classname="com.github.traderjoe95.mls.protocol.tree.TreeMath" time="0.001"/>
  <testcase name="of node 766 should be 765" classname="com.github.traderjoe95.mls.protocol.tree.TreeMath" time="0.0"/>
  <testcase name="of node 767 should be 511" classname="com.github.traderjoe95.mls.protocol.tree.TreeMath" time="0.0"/>
  <testcase name="of node 768 should be 769" classname="com.github.traderjoe95.mls.protocol.tree.TreeMath" time="0.0"/>
  <testcase name="of node 769 should be 771" classname="com.github.traderjoe95.mls.protocol.tree.TreeMath" time="0.0"/>
  <testcase name="of node 770 should be 769" classname="com.github.traderjoe95.mls.protocol.tree.TreeMath" time="0.0"/>
  <testcase name="of node 771 should be 775" classname="com.github.traderjoe95.mls.protocol.tree.TreeMath" time="0.0"/>
  <testcase name="of node 772 should be 773" classname="com.github.traderjoe95.mls.protocol.tree.TreeMath" time="0.0"/>
  <testcase name="of node 773 should be 771" classname="com.github.traderjoe95.mls.protocol.tree.TreeMath" time="0.0"/>
  <testcase name="of node 774 should be 773" classname="com.github.traderjoe95.mls.protocol.tree.TreeMath" time="0.0"/>
  <testcase name="of node 775 should be 783" classname="com.github.traderjoe95.mls.protocol.tree.TreeMath" time="0.001"/>
  <testcase name="of node 776 should be 777" classname="com.github.traderjoe95.mls.protocol.tree.TreeMath" time="0.0"/>
  <testcase name="of node 777 should be 779" classname="com.github.traderjoe95.mls.protocol.tree.TreeMath" time="0.0"/>
  <testcase name="of node 778 should be 777" classname="com.github.traderjoe95.mls.protocol.tree.TreeMath" time="0.0"/>
  <testcase name="of node 779 should be 775" classname="com.github.traderjoe95.mls.protocol.tree.TreeMath" time="0.0"/>
  <testcase name="of node 780 should be 781" classname="com.github.traderjoe95.mls.protocol.tree.TreeMath" time="0.0"/>
  <testcase name="of node 781 should be 779" classname="com.github.traderjoe95.mls.protocol.tree.TreeMath" time="0.0"/>
  <testcase name="of node 782 should be 781" classname="com.github.traderjoe95.mls.protocol.tree.TreeMath" time="0.0"/>
  <testcase name="of node 783 should be 799" classname="com.github.traderjoe95.mls.protocol.tree.TreeMath" time="0.0"/>
  <testcase name="of node 784 should be 785" classname="com.github.traderjoe95.mls.protocol.tree.TreeMath" time="0.0"/>
  <testcase name="of node 785 should be 787" classname="com.github.traderjoe95.mls.protocol.tree.TreeMath" time="0.0"/>
  <testcase name="of node 786 should be 785" classname="com.github.traderjoe95.mls.protocol.tree.TreeMath" time="0.0"/>
  <testcase name="of node 787 should be 791" classname="com.github.traderjoe95.mls.protocol.tree.TreeMath" time="0.0"/>
  <testcase name="of node 788 should be 789" classname="com.github.traderjoe95.mls.protocol.tree.TreeMath" time="0.0"/>
  <testcase name="of node 789 should be 787" classname="com.github.traderjoe95.mls.protocol.tree.TreeMath" time="0.0"/>
  <testcase name="of node 790 should be 789" classname="com.github.traderjoe95.mls.protocol.tree.TreeMath" time="0.0"/>
  <testcase name="of node 791 should be 783" classname="com.github.traderjoe95.mls.protocol.tree.TreeMath" time="0.0"/>
  <testcase name="of node 792 should be 793" classname="com.github.traderjoe95.mls.protocol.tree.TreeMath" time="0.0"/>
  <testcase name="of node 793 should be 795" classname="com.github.traderjoe95.mls.protocol.tree.TreeMath" time="0.0"/>
  <testcase name="of node 794 should be 793" classname="com.github.traderjoe95.mls.protocol.tree.TreeMath" time="0.0"/>
  <testcase name="of node 795 should be 791" classname="com.github.traderjoe95.mls.protocol.tree.TreeMath" time="0.0"/>
  <testcase name="of node 796 should be 797" classname="com.github.traderjoe95.mls.protocol.tree.TreeMath" time="0.0"/>
  <testcase name="of node 797 should be 795" classname="com.github.traderjoe95.mls.protocol.tree.TreeMath" time="0.0"/>
  <testcase name="of node 798 should be 797" classname="com.github.traderjoe95.mls.protocol.tree.TreeMath" time="0.0"/>
  <testcase name="of node 799 should be 831" classname="com.github.traderjoe95.mls.protocol.tree.TreeMath" time="0.0"/>
  <testcase name="of node 800 should be 801" classname="com.github.traderjoe95.mls.protocol.tree.TreeMath" time="0.0"/>
  <testcase name="of node 801 should be 803" classname="com.github.traderjoe95.mls.protocol.tree.TreeMath" time="0.0"/>
  <testcase name="of node 802 should be 801" classname="com.github.traderjoe95.mls.protocol.tree.TreeMath" time="0.0"/>
  <testcase name="of node 803 should be 807" classname="com.github.traderjoe95.mls.protocol.tree.TreeMath" time="0.0"/>
  <testcase name="of node 804 should be 805" classname="com.github.traderjoe95.mls.protocol.tree.TreeMath" time="0.0"/>
  <testcase name="of node 805 should be 803" classname="com.github.traderjoe95.mls.protocol.tree.TreeMath" time="0.0"/>
  <testcase name="of node 806 should be 805" classname="com.github.traderjoe95.mls.protocol.tree.TreeMath" time="0.0"/>
  <testcase name="of node 807 should be 815" classname="com.github.traderjoe95.mls.protocol.tree.TreeMath" time="0.0"/>
  <testcase name="of node 808 should be 809" classname="com.github.traderjoe95.mls.protocol.tree.TreeMath" time="0.0"/>
  <testcase name="of node 809 should be 811" classname="com.github.traderjoe95.mls.protocol.tree.TreeMath" time="0.0"/>
  <testcase name="of node 810 should be 809" classname="com.github.traderjoe95.mls.protocol.tree.TreeMath" time="0.0"/>
  <testcase name="of node 811 should be 807" classname="com.github.traderjoe95.mls.protocol.tree.TreeMath" time="0.0"/>
  <testcase name="of node 812 should be 813" classname="com.github.traderjoe95.mls.protocol.tree.TreeMath" time="0.0"/>
  <testcase name="of node 813 should be 811" classname="com.github.traderjoe95.mls.protocol.tree.TreeMath" time="0.0"/>
  <testcase name="of node 814 should be 813" classname="com.github.traderjoe95.mls.protocol.tree.TreeMath" time="0.001"/>
  <testcase name="of node 815 should be 799" classname="com.github.traderjoe95.mls.protocol.tree.TreeMath" time="0.0"/>
  <testcase name="of node 816 should be 817" classname="com.github.traderjoe95.mls.protocol.tree.TreeMath" time="0.0"/>
  <testcase name="of node 817 should be 819" classname="com.github.traderjoe95.mls.protocol.tree.TreeMath" time="0.0"/>
  <testcase name="of node 818 should be 817" classname="com.github.traderjoe95.mls.protocol.tree.TreeMath" time="0.0"/>
  <testcase name="of node 819 should be 823" classname="com.github.traderjoe95.mls.protocol.tree.TreeMath" time="0.0"/>
  <testcase name="of node 820 should be 821" classname="com.github.traderjoe95.mls.protocol.tree.TreeMath" time="0.0"/>
  <testcase name="of node 821 should be 819" classname="com.github.traderjoe95.mls.protocol.tree.TreeMath" time="0.0"/>
  <testcase name="of node 822 should be 821" classname="com.github.traderjoe95.mls.protocol.tree.TreeMath" time="0.0"/>
  <testcase name="of node 823 should be 815" classname="com.github.traderjoe95.mls.protocol.tree.TreeMath" time="0.0"/>
  <testcase name="of node 824 should be 825" classname="com.github.traderjoe95.mls.protocol.tree.TreeMath" time="0.0"/>
  <testcase name="of node 825 should be 827" classname="com.github.traderjoe95.mls.protocol.tree.TreeMath" time="0.001"/>
  <testcase name="of node 826 should be 825" classname="com.github.traderjoe95.mls.protocol.tree.TreeMath" time="0.0"/>
  <testcase name="of node 827 should be 823" classname="com.github.traderjoe95.mls.protocol.tree.TreeMath" time="0.0"/>
  <testcase name="of node 828 should be 829" classname="com.github.traderjoe95.mls.protocol.tree.TreeMath" time="0.001"/>
  <testcase name="of node 829 should be 827" classname="com.github.traderjoe95.mls.protocol.tree.TreeMath" time="0.0"/>
  <testcase name="of node 830 should be 829" classname="com.github.traderjoe95.mls.protocol.tree.TreeMath" time="0.0"/>
  <testcase name="of node 831 should be 895" classname="com.github.traderjoe95.mls.protocol.tree.TreeMath" time="0.001"/>
  <testcase name="of node 832 should be 833" classname="com.github.traderjoe95.mls.protocol.tree.TreeMath" time="0.0"/>
  <testcase name="of node 833 should be 835" classname="com.github.traderjoe95.mls.protocol.tree.TreeMath" time="0.0"/>
  <testcase name="of node 834 should be 833" classname="com.github.traderjoe95.mls.protocol.tree.TreeMath" time="0.0"/>
  <testcase name="of node 835 should be 839" classname="com.github.traderjoe95.mls.protocol.tree.TreeMath" time="0.0"/>
  <testcase name="of node 836 should be 837" classname="com.github.traderjoe95.mls.protocol.tree.TreeMath" time="0.0"/>
  <testcase name="of node 837 should be 835" classname="com.github.traderjoe95.mls.protocol.tree.TreeMath" time="0.0"/>
  <testcase name="of node 838 should be 837" classname="com.github.traderjoe95.mls.protocol.tree.TreeMath" time="0.0"/>
  <testcase name="of node 839 should be 847" classname="com.github.traderjoe95.mls.protocol.tree.TreeMath" time="0.0"/>
  <testcase name="of node 840 should be 841" classname="com.github.traderjoe95.mls.protocol.tree.TreeMath" time="0.0"/>
  <testcase name="of node 841 should be 843" classname="com.github.traderjoe95.mls.protocol.tree.TreeMath" time="0.0"/>
  <testcase name="of node 842 should be 841" classname="com.github.traderjoe95.mls.protocol.tree.TreeMath" time="0.0"/>
  <testcase name="of node 843 should be 839" classname="com.github.traderjoe95.mls.protocol.tree.TreeMath" time="0.0"/>
  <testcase name="of node 844 should be 845" classname="com.github.traderjoe95.mls.protocol.tree.TreeMath" time="0.0"/>
  <testcase name="of node 845 should be 843" classname="com.github.traderjoe95.mls.protocol.tree.TreeMath" time="0.0"/>
  <testcase name="of node 846 should be 845" classname="com.github.traderjoe95.mls.protocol.tree.TreeMath" time="0.0"/>
  <testcase name="of node 847 should be 863" classname="com.github.traderjoe95.mls.protocol.tree.TreeMath" time="0.0"/>
  <testcase name="of node 848 should be 849" classname="com.github.traderjoe95.mls.protocol.tree.TreeMath" time="0.0"/>
  <testcase name="of node 849 should be 851" classname="com.github.traderjoe95.mls.protocol.tree.TreeMath" time="0.0"/>
  <testcase name="of node 850 should be 849" classname="com.github.traderjoe95.mls.protocol.tree.TreeMath" time="0.0"/>
  <testcase name="of node 851 should be 855" classname="com.github.traderjoe95.mls.protocol.tree.TreeMath" time="0.0"/>
  <testcase name="of node 852 should be 853" classname="com.github.traderjoe95.mls.protocol.tree.TreeMath" time="0.0"/>
  <testcase name="of node 853 should be 851" classname="com.github.traderjoe95.mls.protocol.tree.TreeMath" time="0.0"/>
  <testcase name="of node 854 should be 853" classname="com.github.traderjoe95.mls.protocol.tree.TreeMath" time="0.0"/>
  <testcase name="of node 855 should be 847" classname="com.github.traderjoe95.mls.protocol.tree.TreeMath" time="0.0"/>
  <testcase name="of node 856 should be 857" classname="com.github.traderjoe95.mls.protocol.tree.TreeMath" time="0.0"/>
  <testcase name="of node 857 should be 859" classname="com.github.traderjoe95.mls.protocol.tree.TreeMath" time="0.0"/>
  <testcase name="of node 858 should be 857" classname="com.github.traderjoe95.mls.protocol.tree.TreeMath" time="0.0"/>
  <testcase name="of node 859 should be 855" classname="com.github.traderjoe95.mls.protocol.tree.TreeMath" time="0.0"/>
  <testcase name="of node 860 should be 861" classname="com.github.traderjoe95.mls.protocol.tree.TreeMath" time="0.0"/>
  <testcase name="of node 861 should be 859" classname="com.github.traderjoe95.mls.protocol.tree.TreeMath" time="0.0"/>
  <testcase name="of node 862 should be 861" classname="com.github.traderjoe95.mls.protocol.tree.TreeMath" time="0.0"/>
  <testcase name="of node 863 should be 831" classname="com.github.traderjoe95.mls.protocol.tree.TreeMath" time="0.0"/>
  <testcase name="of node 864 should be 865" classname="com.github.traderjoe95.mls.protocol.tree.TreeMath" time="0.0"/>
  <testcase name="of node 865 should be 867" classname="com.github.traderjoe95.mls.protocol.tree.TreeMath" time="0.0"/>
  <testcase name="of node 866 should be 865" classname="com.github.traderjoe95.mls.protocol.tree.TreeMath" time="0.0"/>
  <testcase name="of node 867 should be 871" classname="com.github.traderjoe95.mls.protocol.tree.TreeMath" time="0.0"/>
  <testcase name="of node 868 should be 869" classname="com.github.traderjoe95.mls.protocol.tree.TreeMath" time="0.0"/>
  <testcase name="of node 869 should be 867" classname="com.github.traderjoe95.mls.protocol.tree.TreeMath" time="0.0"/>
  <testcase name="of node 870 should be 869" classname="com.github.traderjoe95.mls.protocol.tree.TreeMath" time="0.0"/>
  <testcase name="of node 871 should be 879" classname="com.github.traderjoe95.mls.protocol.tree.TreeMath" time="0.0"/>
  <testcase name="of node 872 should be 873" classname="com.github.traderjoe95.mls.protocol.tree.TreeMath" time="0.0"/>
  <testcase name="of node 873 should be 875" classname="com.github.traderjoe95.mls.protocol.tree.TreeMath" time="0.0"/>
  <testcase name="of node 874 should be 873" classname="com.github.traderjoe95.mls.protocol.tree.TreeMath" time="0.0"/>
  <testcase name="of node 875 should be 871" classname="com.github.traderjoe95.mls.protocol.tree.TreeMath" time="0.0"/>
  <testcase name="of node 876 should be 877" classname="com.github.traderjoe95.mls.protocol.tree.TreeMath" time="0.0"/>
  <testcase name="of node 877 should be 875" classname="com.github.traderjoe95.mls.protocol.tree.TreeMath" time="0.0"/>
  <testcase name="of node 878 should be 877" classname="com.github.traderjoe95.mls.protocol.tree.TreeMath" time="0.0"/>
  <testcase name="of node 879 should be 863" classname="com.github.traderjoe95.mls.protocol.tree.TreeMath" time="0.0"/>
  <testcase name="of node 880 should be 881" classname="com.github.traderjoe95.mls.protocol.tree.TreeMath" time="0.0"/>
  <testcase name="of node 881 should be 883" classname="com.github.traderjoe95.mls.protocol.tree.TreeMath" time="0.001"/>
  <testcase name="of node 882 should be 881" classname="com.github.traderjoe95.mls.protocol.tree.TreeMath" time="0.0"/>
  <testcase name="of node 883 should be 887" classname="com.github.traderjoe95.mls.protocol.tree.TreeMath" time="0.0"/>
  <testcase name="of node 884 should be 885" classname="com.github.traderjoe95.mls.protocol.tree.TreeMath" time="0.0"/>
  <testcase name="of node 885 should be 883" classname="com.github.traderjoe95.mls.protocol.tree.TreeMath" time="0.0"/>
  <testcase name="of node 886 should be 885" classname="com.github.traderjoe95.mls.protocol.tree.TreeMath" time="0.0"/>
  <testcase name="of node 887 should be 879" classname="com.github.traderjoe95.mls.protocol.tree.TreeMath" time="0.0"/>
  <testcase name="of node 888 should be 889" classname="com.github.traderjoe95.mls.protocol.tree.TreeMath" time="0.0"/>
  <testcase name="of node 889 should be 891" classname="com.github.traderjoe95.mls.protocol.tree.TreeMath" time="0.0"/>
  <testcase name="of node 890 should be 889" classname="com.github.traderjoe95.mls.protocol.tree.TreeMath" time="0.0"/>
  <testcase name="of node 891 should be 887" classname="com.github.traderjoe95.mls.protocol.tree.TreeMath" time="0.001"/>
  <testcase name="of node 892 should be 893" classname="com.github.traderjoe95.mls.protocol.tree.TreeMath" time="0.0"/>
  <testcase name="of node 893 should be 891" classname="com.github.traderjoe95.mls.protocol.tree.TreeMath" time="0.0"/>
  <testcase name="of node 894 should be 893" classname="com.github.traderjoe95.mls.protocol.tree.TreeMath" time="0.0"/>
  <testcase name="of node 895 should be 767" classname="com.github.traderjoe95.mls.protocol.tree.TreeMath" time="0.001"/>
  <testcase name="of node 896 should be 897" classname="com.github.traderjoe95.mls.protocol.tree.TreeMath" time="0.0"/>
  <testcase name="of node 897 should be 899" classname="com.github.traderjoe95.mls.protocol.tree.TreeMath" time="0.001"/>
  <testcase name="of node 898 should be 897" classname="com.github.traderjoe95.mls.protocol.tree.TreeMath" time="0.0"/>
  <testcase name="of node 899 should be 903" classname="com.github.traderjoe95.mls.protocol.tree.TreeMath" time="0.0"/>
  <testcase name="of node 900 should be 901" classname="com.github.traderjoe95.mls.protocol.tree.TreeMath" time="0.0"/>
  <testcase name="of node 901 should be 899" classname="com.github.traderjoe95.mls.protocol.tree.TreeMath" time="0.0"/>
  <testcase name="of node 902 should be 901" classname="com.github.traderjoe95.mls.protocol.tree.TreeMath" time="0.0"/>
  <testcase name="of node 903 should be 911" classname="com.github.traderjoe95.mls.protocol.tree.TreeMath" time="0.0"/>
  <testcase name="of node 904 should be 905" classname="com.github.traderjoe95.mls.protocol.tree.TreeMath" time="0.0"/>
  <testcase name="of node 905 should be 907" classname="com.github.traderjoe95.mls.protocol.tree.TreeMath" time="0.0"/>
  <testcase name="of node 906 should be 905" classname="com.github.traderjoe95.mls.protocol.tree.TreeMath" time="0.0"/>
  <testcase name="of node 907 should be 903" classname="com.github.traderjoe95.mls.protocol.tree.TreeMath" time="0.0"/>
  <testcase name="of node 908 should be 909" classname="com.github.traderjoe95.mls.protocol.tree.TreeMath" time="0.0"/>
  <testcase name="of node 909 should be 907" classname="com.github.traderjoe95.mls.protocol.tree.TreeMath" time="0.0"/>
  <testcase name="of node 910 should be 909" classname="com.github.traderjoe95.mls.protocol.tree.TreeMath" time="0.0"/>
  <testcase name="of node 911 should be 927" classname="com.github.traderjoe95.mls.protocol.tree.TreeMath" time="0.0"/>
  <testcase name="of node 912 should be 913" classname="com.github.traderjoe95.mls.protocol.tree.TreeMath" time="0.0"/>
  <testcase name="of node 913 should be 915" classname="com.github.traderjoe95.mls.protocol.tree.TreeMath" time="0.0"/>
  <testcase name="of node 914 should be 913" classname="com.github.traderjoe95.mls.protocol.tree.TreeMath" time="0.0"/>
  <testcase name="of node 915 should be 919" classname="com.github.traderjoe95.mls.protocol.tree.TreeMath" time="0.0"/>
  <testcase name="of node 916 should be 917" classname="com.github.traderjoe95.mls.protocol.tree.TreeMath" time="0.0"/>
  <testcase name="of node 917 should be 915" classname="com.github.traderjoe95.mls.protocol.tree.TreeMath" time="0.0"/>
  <testcase name="of node 918 should be 917" classname="com.github.traderjoe95.mls.protocol.tree.TreeMath" time="0.0"/>
  <testcase name="of node 919 should be 911" classname="com.github.traderjoe95.mls.protocol.tree.TreeMath" time="0.0"/>
  <testcase name="of node 920 should be 921" classname="com.github.traderjoe95.mls.protocol.tree.TreeMath" time="0.0"/>
  <testcase name="of node 921 should be 923" classname="com.github.traderjoe95.mls.protocol.tree.TreeMath" time="0.0"/>
  <testcase name="of node 922 should be 921" classname="com.github.traderjoe95.mls.protocol.tree.TreeMath" time="0.0"/>
  <testcase name="of node 923 should be 919" classname="com.github.traderjoe95.mls.protocol.tree.TreeMath" time="0.0"/>
  <testcase name="of node 924 should be 925" classname="com.github.traderjoe95.mls.protocol.tree.TreeMath" time="0.0"/>
  <testcase name="of node 925 should be 923" classname="com.github.traderjoe95.mls.protocol.tree.TreeMath" time="0.0"/>
  <testcase name="of node 926 should be 925" classname="com.github.traderjoe95.mls.protocol.tree.TreeMath" time="0.0"/>
  <testcase name="of node 927 should be 959" classname="com.github.traderjoe95.mls.protocol.tree.TreeMath" time="0.0"/>
  <testcase name="of node 928 should be 929" classname="com.github.traderjoe95.mls.protocol.tree.TreeMath" time="0.0"/>
  <testcase name="of node 929 should be 931" classname="com.github.traderjoe95.mls.protocol.tree.TreeMath" time="0.0"/>
  <testcase name="of node 930 should be 929" classname="com.github.traderjoe95.mls.protocol.tree.TreeMath" time="0.0"/>
  <testcase name="of node 931 should be 935" classname="com.github.traderjoe95.mls.protocol.tree.TreeMath" time="0.001"/>
  <testcase name="of node 932 should be 933" classname="com.github.traderjoe95.mls.protocol.tree.TreeMath" time="0.0"/>
  <testcase name="of node 933 should be 931" classname="com.github.traderjoe95.mls.protocol.tree.TreeMath" time="0.0"/>
  <testcase name="of node 934 should be 933" classname="com.github.traderjoe95.mls.protocol.tree.TreeMath" time="0.0"/>
  <testcase name="of node 935 should be 943" classname="com.github.traderjoe95.mls.protocol.tree.TreeMath" time="0.0"/>
  <testcase name="of node 936 should be 937" classname="com.github.traderjoe95.mls.protocol.tree.TreeMath" time="0.0"/>
  <testcase name="of node 937 should be 939" classname="com.github.traderjoe95.mls.protocol.tree.TreeMath" time="0.0"/>
  <testcase name="of node 938 should be 937" classname="com.github.traderjoe95.mls.protocol.tree.TreeMath" time="0.0"/>
  <testcase name="of node 939 should be 935" classname="com.github.traderjoe95.mls.protocol.tree.TreeMath" time="0.0"/>
  <testcase name="of node 940 should be 941" classname="com.github.traderjoe95.mls.protocol.tree.TreeMath" time="0.0"/>
  <testcase name="of node 941 should be 939" classname="com.github.traderjoe95.mls.protocol.tree.TreeMath" time="0.0"/>
  <testcase name="of node 942 should be 941" classname="com.github.traderjoe95.mls.protocol.tree.TreeMath" time="0.0"/>
  <testcase name="of node 943 should be 927" classname="com.github.traderjoe95.mls.protocol.tree.TreeMath" time="0.0"/>
  <testcase name="of node 944 should be 945" classname="com.github.traderjoe95.mls.protocol.tree.TreeMath" time="0.0"/>
  <testcase name="of node 945 should be 947" classname="com.github.traderjoe95.mls.protocol.tree.TreeMath" time="0.0"/>
  <testcase name="of node 946 should be 945" classname="com.github.traderjoe95.mls.protocol.tree.TreeMath" time="0.0"/>
  <testcase name="of node 947 should be 951" classname="com.github.traderjoe95.mls.protocol.tree.TreeMath" time="0.0"/>
  <testcase name="of node 948 should be 949" classname="com.github.traderjoe95.mls.protocol.tree.TreeMath" time="0.0"/>
  <testcase name="of node 949 should be 947" classname="com.github.traderjoe95.mls.protocol.tree.TreeMath" time="0.0"/>
  <testcase name="of node 950 should be 949" classname="com.github.traderjoe95.mls.protocol.tree.TreeMath" time="0.0"/>
  <testcase name="of node 951 should be 943" classname="com.github.traderjoe95.mls.protocol.tree.TreeMath" time="0.0"/>
  <testcase name="of node 952 should be 953" classname="com.github.traderjoe95.mls.protocol.tree.TreeMath" time="0.0"/>
  <testcase name="of node 953 should be 955" classname="com.github.traderjoe95.mls.protocol.tree.TreeMath" time="0.0"/>
  <testcase name="of node 954 should be 953" classname="com.github.traderjoe95.mls.protocol.tree.TreeMath" time="0.0"/>
  <testcase name="of node 955 should be 951" classname="com.github.traderjoe95.mls.protocol.tree.TreeMath" time="0.0"/>
  <testcase name="of node 956 should be 957" classname="com.github.traderjoe95.mls.protocol.tree.TreeMath" time="0.0"/>
  <testcase name="of node 957 should be 955" classname="com.github.traderjoe95.mls.protocol.tree.TreeMath" time="0.0"/>
  <testcase name="of node 958 should be 957" classname="com.github.traderjoe95.mls.protocol.tree.TreeMath" time="0.0"/>
  <testcase name="of node 959 should be 895" classname="com.github.traderjoe95.mls.protocol.tree.TreeMath" time="0.0"/>
  <testcase name="of node 960 should be 961" classname="com.github.traderjoe95.mls.protocol.tree.TreeMath" time="0.001"/>
  <testcase name="of node 961 should be 963" classname="com.github.traderjoe95.mls.protocol.tree.TreeMath" time="0.0"/>
  <testcase name="of node 962 should be 961" classname="com.github.traderjoe95.mls.protocol.tree.TreeMath" time="0.0"/>
  <testcase name="of node 963 should be 967" classname="com.github.traderjoe95.mls.protocol.tree.TreeMath" time="0.0"/>
  <testcase name="of node 964 should be 965" classname="com.github.traderjoe95.mls.protocol.tree.TreeMath" time="0.0"/>
  <testcase name="of node 965 should be 963" classname="com.github.traderjoe95.mls.protocol.tree.TreeMath" time="0.0"/>
  <testcase name="of node 966 should be 965" classname="com.github.traderjoe95.mls.protocol.tree.TreeMath" time="0.0"/>
  <testcase name="of node 967 should be 975" classname="com.github.traderjoe95.mls.protocol.tree.TreeMath" time="0.0"/>
  <testcase name="of node 968 should be 969" classname="com.github.traderjoe95.mls.protocol.tree.TreeMath" time="0.0"/>
  <testcase name="of node 969 should be 971" classname="com.github.traderjoe95.mls.protocol.tree.TreeMath" time="0.0"/>
  <testcase name="of node 970 should be 969" classname="com.github.traderjoe95.mls.protocol.tree.TreeMath" time="0.0"/>
  <testcase name="of node 971 should be 967" classname="com.github.traderjoe95.mls.protocol.tree.TreeMath" time="0.0"/>
  <testcase name="of node 972 should be 973" classname="com.github.traderjoe95.mls.protocol.tree.TreeMath" time="0.0"/>
  <testcase name="of node 973 should be 971" classname="com.github.traderjoe95.mls.protocol.tree.TreeMath" time="0.0"/>
  <testcase name="of node 974 should be 973" classname="com.github.traderjoe95.mls.protocol.tree.TreeMath" time="0.0"/>
  <testcase name="of node 975 should be 991" classname="com.github.traderjoe95.mls.protocol.tree.TreeMath" time="0.0"/>
  <testcase name="of node 976 should be 977" classname="com.github.traderjoe95.mls.protocol.tree.TreeMath" time="0.0"/>
  <testcase name="of node 977 should be 979" classname="com.github.traderjoe95.mls.protocol.tree.TreeMath" time="0.0"/>
  <testcase name="of node 978 should be 977" classname="com.github.traderjoe95.mls.protocol.tree.TreeMath" time="0.0"/>
  <testcase name="of node 979 should be 983" classname="com.github.traderjoe95.mls.protocol.tree.TreeMath" time="0.0"/>
  <testcase name="of node 980 should be 981" classname="com.github.traderjoe95.mls.protocol.tree.TreeMath" time="0.0"/>
  <testcase name="of node 981 should be 979" classname="com.github.traderjoe95.mls.protocol.tree.TreeMath" time="0.0"/>
  <testcase name="of node 982 should be 981" classname="com.github.traderjoe95.mls.protocol.tree.TreeMath" time="0.0"/>
  <testcase name="of node 983 should be 975" classname="com.github.traderjoe95.mls.protocol.tree.TreeMath" time="0.0"/>
  <testcase name="of node 984 should be 985" classname="com.github.traderjoe95.mls.protocol.tree.TreeMath" time="0.001"/>
  <testcase name="of node 985 should be 987" classname="com.github.traderjoe95.mls.protocol.tree.TreeMath" time="0.0"/>
  <testcase name="of node 986 should be 985" classname="com.github.traderjoe95.mls.protocol.tree.TreeMath" time="0.0"/>
  <testcase name="of node 987 should be 983" classname="com.github.traderjoe95.mls.protocol.tree.TreeMath" time="0.0"/>
  <testcase name="of node 988 should be 989" classname="com.github.traderjoe95.mls.protocol.tree.TreeMath" time="0.0"/>
  <testcase name="of node 989 should be 987" classname="com.github.traderjoe95.mls.protocol.tree.TreeMath" time="0.0"/>
  <testcase name="of node 990 should be 989" classname="com.github.traderjoe95.mls.protocol.tree.TreeMath" time="0.0"/>
  <testcase name="of node 991 should be 959" classname="com.github.traderjoe95.mls.protocol.tree.TreeMath" time="0.0"/>
  <testcase name="of node 992 should be 993" classname="com.github.traderjoe95.mls.protocol.tree.TreeMath" time="0.0"/>
  <testcase name="of node 993 should be 995" classname="com.github.traderjoe95.mls.protocol.tree.TreeMath" time="0.0"/>
  <testcase name="of node 994 should be 993" classname="com.github.traderjoe95.mls.protocol.tree.TreeMath" time="0.0"/>
  <testcase name="of node 995 should be 999" classname="com.github.traderjoe95.mls.protocol.tree.TreeMath" time="0.0"/>
  <testcase name="of node 996 should be 997" classname="com.github.traderjoe95.mls.protocol.tree.TreeMath" time="0.0"/>
  <testcase name="of node 997 should be 995" classname="com.github.traderjoe95.mls.protocol.tree.TreeMath" time="0.0"/>
  <testcase name="of node 998 should be 997" classname="com.github.traderjoe95.mls.protocol.tree.TreeMath" time="0.0"/>
  <testcase name="of node 999 should be 1007" classname="com.github.traderjoe95.mls.protocol.tree.TreeMath" time="0.0"/>
  <testcase name="of node 1000 should be 1001" classname="com.github.traderjoe95.mls.protocol.tree.TreeMath" time="0.0"/>
  <testcase name="of node 1001 should be 1003" classname="com.github.traderjoe95.mls.protocol.tree.TreeMath" time="0.001"/>
  <testcase name="of node 1002 should be 1001" classname="com.github.traderjoe95.mls.protocol.tree.TreeMath" time="0.0"/>
  <testcase name="of node 1003 should be 999" classname="com.github.traderjoe95.mls.protocol.tree.TreeMath" time="0.0"/>
  <testcase name="of node 1004 should be 1005" classname="com.github.traderjoe95.mls.protocol.tree.TreeMath" time="0.0"/>
  <testcase name="of node 1005 should be 1003" classname="com.github.traderjoe95.mls.protocol.tree.TreeMath" time="0.0"/>
  <testcase name="of node 1006 should be 1005" classname="com.github.traderjoe95.mls.protocol.tree.TreeMath" time="0.0"/>
  <testcase name="of node 1007 should be 991" classname="com.github.traderjoe95.mls.protocol.tree.TreeMath" time="0.0"/>
  <testcase name="of node 1008 should be 1009" classname="com.github.traderjoe95.mls.protocol.tree.TreeMath" time="0.0"/>
  <testcase name="of node 1009 should be 1011" classname="com.github.traderjoe95.mls.protocol.tree.TreeMath" time="0.0"/>
  <testcase name="of node 1010 should be 1009" classname="com.github.traderjoe95.mls.protocol.tree.TreeMath" time="0.0"/>
  <testcase name="of node 1011 should be 1015" classname="com.github.traderjoe95.mls.protocol.tree.TreeMath" time="0.0"/>
  <testcase name="of node 1012 should be 1013" classname="com.github.traderjoe95.mls.protocol.tree.TreeMath" time="0.0"/>
  <testcase name="of node 1013 should be 1011" classname="com.github.traderjoe95.mls.protocol.tree.TreeMath" time="0.0"/>
  <testcase name="of node 1014 should be 1013" classname="com.github.traderjoe95.mls.protocol.tree.TreeMath" time="0.0"/>
  <testcase name="of node 1015 should be 1007" classname="com.github.traderjoe95.mls.protocol.tree.TreeMath" time="0.0"/>
  <testcase name="of node 1016 should be 1017" classname="com.github.traderjoe95.mls.protocol.tree.TreeMath" time="0.0"/>
  <testcase name="of node 1017 should be 1019" classname="com.github.traderjoe95.mls.protocol.tree.TreeMath" time="0.0"/>
  <testcase name="of node 1018 should be 1017" classname="com.github.traderjoe95.mls.protocol.tree.TreeMath" time="0.0"/>
  <testcase name="of node 1019 should be 1015" classname="com.github.traderjoe95.mls.protocol.tree.TreeMath" time="0.0"/>
  <testcase name="of node 1020 should be 1021" classname="com.github.traderjoe95.mls.protocol.tree.TreeMath" time="0.0"/>
  <testcase name="of node 1021 should be 1019" classname="com.github.traderjoe95.mls.protocol.tree.TreeMath" time="0.0"/>
  <testcase name="of node 1022 should be 1021" classname="com.github.traderjoe95.mls.protocol.tree.TreeMath" time="0.0"/>
  <testcase name="of node 0 should be 2" classname="com.github.traderjoe95.mls.protocol.tree.TreeMath" time="0.0"/>
  <testcase name="of node 1 should be 5" classname="com.github.traderjoe95.mls.protocol.tree.TreeMath" time="0.0"/>
  <testcase name="of node 2 should be 0" classname="com.github.traderjoe95.mls.protocol.tree.TreeMath" time="0.0"/>
  <testcase name="of node 3 should be 11" classname="com.github.traderjoe95.mls.protocol.tree.TreeMath" time="0.0"/>
  <testcase name="of node 4 should be 6" classname="com.github.traderjoe95.mls.protocol.tree.TreeMath" time="0.0"/>
  <testcase name="of node 5 should be 1" classname="com.github.traderjoe95.mls.protocol.tree.TreeMath" time="0.0"/>
  <testcase name="of node 6 should be 4" classname="com.github.traderjoe95.mls.protocol.tree.TreeMath" time="0.0"/>
  <testcase name="of node 7 should be 23" classname="com.github.traderjoe95.mls.protocol.tree.TreeMath" time="0.0"/>
  <testcase name="of node 8 should be 10" classname="com.github.traderjoe95.mls.protocol.tree.TreeMath" time="0.0"/>
  <testcase name="of node 9 should be 13" classname="com.github.traderjoe95.mls.protocol.tree.TreeMath" time="0.0"/>
  <testcase name="of node 10 should be 8" classname="com.github.traderjoe95.mls.protocol.tree.TreeMath" time="0.0"/>
  <testcase name="of node 11 should be 3" classname="com.github.traderjoe95.mls.protocol.tree.TreeMath" time="0.0"/>
  <testcase name="of node 12 should be 14" classname="com.github.traderjoe95.mls.protocol.tree.TreeMath" time="0.0"/>
  <testcase name="of node 13 should be 9" classname="com.github.traderjoe95.mls.protocol.tree.TreeMath" time="0.0"/>
  <testcase name="of node 14 should be 12" classname="com.github.traderjoe95.mls.protocol.tree.TreeMath" time="0.0"/>
  <testcase name="of node 15 should be 47" classname="com.github.traderjoe95.mls.protocol.tree.TreeMath" time="0.0"/>
  <testcase name="of node 16 should be 18" classname="com.github.traderjoe95.mls.protocol.tree.TreeMath" time="0.0"/>
  <testcase name="of node 17 should be 21" classname="com.github.traderjoe95.mls.protocol.tree.TreeMath" time="0.0"/>
  <testcase name="of node 18 should be 16" classname="com.github.traderjoe95.mls.protocol.tree.TreeMath" time="0.0"/>
  <testcase name="of node 19 should be 27" classname="com.github.traderjoe95.mls.protocol.tree.TreeMath" time="0.0"/>
  <testcase name="of node 20 should be 22" classname="com.github.traderjoe95.mls.protocol.tree.TreeMath" time="0.0"/>
  <testcase name="of node 21 should be 17" classname="com.github.traderjoe95.mls.protocol.tree.TreeMath" time="0.0"/>
  <testcase name="of node 22 should be 20" classname="com.github.traderjoe95.mls.protocol.tree.TreeMath" time="0.0"/>
  <testcase name="of node 23 should be 7" classname="com.github.traderjoe95.mls.protocol.tree.TreeMath" time="0.0"/>
  <testcase name="of node 24 should be 26" classname="com.github.traderjoe95.mls.protocol.tree.TreeMath" time="0.0"/>
  <testcase name="of node 25 should be 29" classname="com.github.traderjoe95.mls.protocol.tree.TreeMath" time="0.0"/>
  <testcase name="of node 26 should be 24" classname="com.github.traderjoe95.mls.protocol.tree.TreeMath" time="0.0"/>
  <testcase name="of node 27 should be 19" classname="com.github.traderjoe95.mls.protocol.tree.TreeMath" time="0.0"/>
  <testcase name="of node 28 should be 30" classname="com.github.traderjoe95.mls.protocol.tree.TreeMath" time="0.0"/>
  <testcase name="of node 29 should be 25" classname="com.github.traderjoe95.mls.protocol.tree.TreeMath" time="0.0"/>
  <testcase name="of node 30 should be 28" classname="com.github.traderjoe95.mls.protocol.tree.TreeMath" time="0.0"/>
  <testcase name="of node 31 should be 95" classname="com.github.traderjoe95.mls.protocol.tree.TreeMath" time="0.0"/>
  <testcase name="of node 32 should be 34" classname="com.github.traderjoe95.mls.protocol.tree.TreeMath" time="0.0"/>
  <testcase name="of node 33 should be 37" classname="com.github.traderjoe95.mls.protocol.tree.TreeMath" time="0.0"/>
  <testcase name="of node 34 should be 32" classname="com.github.traderjoe95.mls.protocol.tree.TreeMath" time="0.0"/>
  <testcase name="of node 35 should be 43" classname="com.github.traderjoe95.mls.protocol.tree.TreeMath" time="0.0"/>
  <testcase name="of node 36 should be 38" classname="com.github.traderjoe95.mls.protocol.tree.TreeMath" time="0.0"/>
  <testcase name="of node 37 should be 33" classname="com.github.traderjoe95.mls.protocol.tree.TreeMath" time="0.0"/>
  <testcase name="of node 38 should be 36" classname="com.github.traderjoe95.mls.protocol.tree.TreeMath" time="0.0"/>
  <testcase name="of node 39 should be 55" classname="com.github.traderjoe95.mls.protocol.tree.TreeMath" time="0.0"/>
  <testcase name="of node 40 should be 42" classname="com.github.traderjoe95.mls.protocol.tree.TreeMath" time="0.0"/>
  <testcase name="of node 41 should be 45" classname="com.github.traderjoe95.mls.protocol.tree.TreeMath" time="0.0"/>
  <testcase name="of node 42 should be 40" classname="com.github.traderjoe95.mls.protocol.tree.TreeMath" time="0.0"/>
  <testcase name="of node 43 should be 35" classname="com.github.traderjoe95.mls.protocol.tree.TreeMath" time="0.001"/>
  <testcase name="of node 44 should be 46" classname="com.github.traderjoe95.mls.protocol.tree.TreeMath" time="0.0"/>
  <testcase name="of node 45 should be 41" classname="com.github.traderjoe95.mls.protocol.tree.TreeMath" time="0.0"/>
  <testcase name="of node 46 should be 44" classname="com.github.traderjoe95.mls.protocol.tree.TreeMath" time="0.0"/>
  <testcase name="of node 47 should be 15" classname="com.github.traderjoe95.mls.protocol.tree.TreeMath" time="0.0"/>
  <testcase name="of node 48 should be 50" classname="com.github.traderjoe95.mls.protocol.tree.TreeMath" time="0.0"/>
  <testcase name="of node 49 should be 53" classname="com.github.traderjoe95.mls.protocol.tree.TreeMath" time="0.0"/>
  <testcase name="of node 50 should be 48" classname="com.github.traderjoe95.mls.protocol.tree.TreeMath" time="0.0"/>
  <testcase name="of node 51 should be 59" classname="com.github.traderjoe95.mls.protocol.tree.TreeMath" time="0.0"/>
  <testcase name="of node 52 should be 54" classname="com.github.traderjoe95.mls.protocol.tree.TreeMath" time="0.0"/>
  <testcase name="of node 53 should be 49" classname="com.github.traderjoe95.mls.protocol.tree.TreeMath" time="0.0"/>
  <testcase name="of node 54 should be 52" classname="com.github.traderjoe95.mls.protocol.tree.TreeMath" time="0.0"/>
  <testcase name="of node 55 should be 39" classname="com.github.traderjoe95.mls.protocol.tree.TreeMath" time="0.0"/>
  <testcase name="of node 56 should be 58" classname="com.github.traderjoe95.mls.protocol.tree.TreeMath" time="0.0"/>
  <testcase name="of node 57 should be 61" classname="com.github.traderjoe95.mls.protocol.tree.TreeMath" time="0.0"/>
  <testcase name="of node 58 should be 56" classname="com.github.traderjoe95.mls.protocol.tree.TreeMath" time="0.0"/>
  <testcase name="of node 59 should be 51" classname="com.github.traderjoe95.mls.protocol.tree.TreeMath" time="0.0"/>
  <testcase name="of node 60 should be 62" classname="com.github.traderjoe95.mls.protocol.tree.TreeMath" time="0.0"/>
  <testcase name="of node 61 should be 57" classname="com.github.traderjoe95.mls.protocol.tree.TreeMath" time="0.0"/>
  <testcase name="of node 62 should be 60" classname="com.github.traderjoe95.mls.protocol.tree.TreeMath" time="0.0"/>
  <testcase name="of node 63 should be 191" classname="com.github.traderjoe95.mls.protocol.tree.TreeMath" time="0.0"/>
  <testcase name="of node 64 should be 66" classname="com.github.traderjoe95.mls.protocol.tree.TreeMath" time="0.0"/>
  <testcase name="of node 65 should be 69" classname="com.github.traderjoe95.mls.protocol.tree.TreeMath" time="0.0"/>
  <testcase name="of node 66 should be 64" classname="com.github.traderjoe95.mls.protocol.tree.TreeMath" time="0.0"/>
  <testcase name="of node 67 should be 75" classname="com.github.traderjoe95.mls.protocol.tree.TreeMath" time="0.0"/>
  <testcase name="of node 68 should be 70" classname="com.github.traderjoe95.mls.protocol.tree.TreeMath" time="0.0"/>
  <testcase name="of node 69 should be 65" classname="com.github.traderjoe95.mls.protocol.tree.TreeMath" time="0.0"/>
  <testcase name="of node 70 should be 68" classname="com.github.traderjoe95.mls.protocol.tree.TreeMath" time="0.0"/>
  <testcase name="of node 71 should be 87" classname="com.github.traderjoe95.mls.protocol.tree.TreeMath" time="0.0"/>
  <testcase name="of node 72 should be 74" classname="com.github.traderjoe95.mls.protocol.tree.TreeMath" time="0.0"/>
  <testcase name="of node 73 should be 77" classname="com.github.traderjoe95.mls.protocol.tree.TreeMath" time="0.001"/>
  <testcase name="of node 74 should be 72" classname="com.github.traderjoe95.mls.protocol.tree.TreeMath" time="0.0"/>
  <testcase name="of node 75 should be 67" classname="com.github.traderjoe95.mls.protocol.tree.TreeMath" time="0.0"/>
  <testcase name="of node 76 should be 78" classname="com.github.traderjoe95.mls.protocol.tree.TreeMath" time="0.001"/>
  <testcase name="of node 77 should be 73" classname="com.github.traderjoe95.mls.protocol.tree.TreeMath" time="0.0"/>
  <testcase name="of node 78 should be 76" classname="com.github.traderjoe95.mls.protocol.tree.TreeMath" time="0.0"/>
  <testcase name="of node 79 should be 111" classname="com.github.traderjoe95.mls.protocol.tree.TreeMath" time="0.0"/>
  <testcase name="of node 80 should be 82" classname="com.github.traderjoe95.mls.protocol.tree.TreeMath" time="0.0"/>
  <testcase name="of node 81 should be 85" classname="com.github.traderjoe95.mls.protocol.tree.TreeMath" time="0.0"/>
  <testcase name="of node 82 should be 80" classname="com.github.traderjoe95.mls.protocol.tree.TreeMath" time="0.0"/>
  <testcase name="of node 83 should be 91" classname="com.github.traderjoe95.mls.protocol.tree.TreeMath" time="0.0"/>
  <testcase name="of node 84 should be 86" classname="com.github.traderjoe95.mls.protocol.tree.TreeMath" time="0.0"/>
  <testcase name="of node 85 should be 81" classname="com.github.traderjoe95.mls.protocol.tree.TreeMath" time="0.0"/>
  <testcase name="of node 86 should be 84" classname="com.github.traderjoe95.mls.protocol.tree.TreeMath" time="0.0"/>
  <testcase name="of node 87 should be 71" classname="com.github.traderjoe95.mls.protocol.tree.TreeMath" time="0.0"/>
  <testcase name="of node 88 should be 90" classname="com.github.traderjoe95.mls.protocol.tree.TreeMath" time="0.0"/>
  <testcase name="of node 89 should be 93" classname="com.github.traderjoe95.mls.protocol.tree.TreeMath" time="0.0"/>
  <testcase name="of node 90 should be 88" classname="com.github.traderjoe95.mls.protocol.tree.TreeMath" time="0.0"/>
  <testcase name="of node 91 should be 83" classname="com.github.traderjoe95.mls.protocol.tree.TreeMath" time="0.0"/>
  <testcase name="of node 92 should be 94" classname="com.github.traderjoe95.mls.protocol.tree.TreeMath" time="0.0"/>
  <testcase name="of node 93 should be 89" classname="com.github.traderjoe95.mls.protocol.tree.TreeMath" time="0.0"/>
  <testcase name="of node 94 should be 92" classname="com.github.traderjoe95.mls.protocol.tree.TreeMath" time="0.0"/>
  <testcase name="of node 95 should be 31" classname="com.github.traderjoe95.mls.protocol.tree.TreeMath" time="0.0"/>
  <testcase name="of node 96 should be 98" classname="com.github.traderjoe95.mls.protocol.tree.TreeMath" time="0.0"/>
  <testcase name="of node 97 should be 101" classname="com.github.traderjoe95.mls.protocol.tree.TreeMath" time="0.0"/>
  <testcase name="of node 98 should be 96" classname="com.github.traderjoe95.mls.protocol.tree.TreeMath" time="0.0"/>
  <testcase name="of node 99 should be 107" classname="com.github.traderjoe95.mls.protocol.tree.TreeMath" time="0.0"/>
  <testcase name="of node 100 should be 102" classname="com.github.traderjoe95.mls.protocol.tree.TreeMath" time="0.0"/>
  <testcase name="of node 101 should be 97" classname="com.github.traderjoe95.mls.protocol.tree.TreeMath" time="0.0"/>
  <testcase name="of node 102 should be 100" classname="com.github.traderjoe95.mls.protocol.tree.TreeMath" time="0.0"/>
  <testcase name="of node 103 should be 119" classname="com.github.traderjoe95.mls.protocol.tree.TreeMath" time="0.0"/>
  <testcase name="of node 104 should be 106" classname="com.github.traderjoe95.mls.protocol.tree.TreeMath" time="0.0"/>
  <testcase name="of node 105 should be 109" classname="com.github.traderjoe95.mls.protocol.tree.TreeMath" time="0.0"/>
  <testcase name="of node 106 should be 104" classname="com.github.traderjoe95.mls.protocol.tree.TreeMath" time="0.0"/>
  <testcase name="of node 107 should be 99" classname="com.github.traderjoe95.mls.protocol.tree.TreeMath" time="0.0"/>
  <testcase name="of node 108 should be 110" classname="com.github.traderjoe95.mls.protocol.tree.TreeMath" time="0.0"/>
  <testcase name="of node 109 should be 105" classname="com.github.traderjoe95.mls.protocol.tree.TreeMath" time="0.0"/>
  <testcase name="of node 110 should be 108" classname="com.github.traderjoe95.mls.protocol.tree.TreeMath" time="0.0"/>
  <testcase name="of node 111 should be 79" classname="com.github.traderjoe95.mls.protocol.tree.TreeMath" time="0.0"/>
  <testcase name="of node 112 should be 114" classname="com.github.traderjoe95.mls.protocol.tree.TreeMath" time="0.0"/>
  <testcase name="of node 113 should be 117" classname="com.github.traderjoe95.mls.protocol.tree.TreeMath" time="0.0"/>
  <testcase name="of node 114 should be 112" classname="com.github.traderjoe95.mls.protocol.tree.TreeMath" time="0.0"/>
  <testcase name="of node 115 should be 123" classname="com.github.traderjoe95.mls.protocol.tree.TreeMath" time="0.001"/>
  <testcase name="of node 116 should be 118" classname="com.github.traderjoe95.mls.protocol.tree.TreeMath" time="0.0"/>
  <testcase name="of node 117 should be 113" classname="com.github.traderjoe95.mls.protocol.tree.TreeMath" time="0.0"/>
  <testcase name="of node 118 should be 116" classname="com.github.traderjoe95.mls.protocol.tree.TreeMath" time="0.001"/>
  <testcase name="of node 119 should be 103" classname="com.github.traderjoe95.mls.protocol.tree.TreeMath" time="0.0"/>
  <testcase name="of node 120 should be 122" classname="com.github.traderjoe95.mls.protocol.tree.TreeMath" time="0.0"/>
  <testcase name="of node 121 should be 125" classname="com.github.traderjoe95.mls.protocol.tree.TreeMath" time="0.0"/>
  <testcase name="of node 122 should be 120" classname="com.github.traderjoe95.mls.protocol.tree.TreeMath" time="0.0"/>
  <testcase name="of node 123 should be 115" classname="com.github.traderjoe95.mls.protocol.tree.TreeMath" time="0.0"/>
  <testcase name="of node 124 should be 126" classname="com.github.traderjoe95.mls.protocol.tree.TreeMath" time="0.0"/>
  <testcase name="of node 125 should be 121" classname="com.github.traderjoe95.mls.protocol.tree.TreeMath" time="0.0"/>
  <testcase name="of node 126 should be 124" classname="com.github.traderjoe95.mls.protocol.tree.TreeMath" time="0.0"/>
  <testcase name="of node 127 should be 383" classname="com.github.traderjoe95.mls.protocol.tree.TreeMath" time="0.0"/>
  <testcase name="of node 128 should be 130" classname="com.github.traderjoe95.mls.protocol.tree.TreeMath" time="0.0"/>
  <testcase name="of node 129 should be 133" classname="com.github.traderjoe95.mls.protocol.tree.TreeMath" time="0.0"/>
  <testcase name="of node 130 should be 128" classname="com.github.traderjoe95.mls.protocol.tree.TreeMath" time="0.0"/>
  <testcase name="of node 131 should be 139" classname="com.github.traderjoe95.mls.protocol.tree.TreeMath" time="0.0"/>
  <testcase name="of node 132 should be 134" classname="com.github.traderjoe95.mls.protocol.tree.TreeMath" time="0.0"/>
  <testcase name="of node 133 should be 129" classname="com.github.traderjoe95.mls.protocol.tree.TreeMath" time="0.0"/>
  <testcase name="of node 134 should be 132" classname="com.github.traderjoe95.mls.protocol.tree.TreeMath" time="0.0"/>
  <testcase name="of node 135 should be 151" classname="com.github.traderjoe95.mls.protocol.tree.TreeMath" time="0.0"/>
  <testcase name="of node 136 should be 138" classname="com.github.traderjoe95.mls.protocol.tree.TreeMath" time="0.0"/>
  <testcase name="of node 137 should be 141" classname="com.github.traderjoe95.mls.protocol.tree.TreeMath" time="0.0"/>
  <testcase name="of node 138 should be 136" classname="com.github.traderjoe95.mls.protocol.tree.TreeMath" time="0.0"/>
  <testcase name="of node 139 should be 131" classname="com.github.traderjoe95.mls.protocol.tree.TreeMath" time="0.0"/>
  <testcase name="of node 140 should be 142" classname="com.github.traderjoe95.mls.protocol.tree.TreeMath" time="0.0"/>
  <testcase name="of node 141 should be 137" classname="com.github.traderjoe95.mls.protocol.tree.TreeMath" time="0.0"/>
  <testcase name="of node 142 should be 140" classname="com.github.traderjoe95.mls.protocol.tree.TreeMath" time="0.0"/>
  <testcase name="of node 143 should be 175" classname="com.github.traderjoe95.mls.protocol.tree.TreeMath" time="0.0"/>
  <testcase name="of node 144 should be 146" classname="com.github.traderjoe95.mls.protocol.tree.TreeMath" time="0.0"/>
  <testcase name="of node 145 should be 149" classname="com.github.traderjoe95.mls.protocol.tree.TreeMath" time="0.0"/>
  <testcase name="of node 146 should be 144" classname="com.github.traderjoe95.mls.protocol.tree.TreeMath" time="0.001"/>
  <testcase name="of node 147 should be 155" classname="com.github.traderjoe95.mls.protocol.tree.TreeMath" time="0.0"/>
  <testcase name="of node 148 should be 150" classname="com.github.traderjoe95.mls.protocol.tree.TreeMath" time="0.001"/>
  <testcase name="of node 149 should be 145" classname="com.github.traderjoe95.mls.protocol.tree.TreeMath" time="0.0"/>
  <testcase name="of node 150 should be 148" classname="com.github.traderjoe95.mls.protocol.tree.TreeMath" time="0.0"/>
  <testcase name="of node 151 should be 135" classname="com.github.traderjoe95.mls.protocol.tree.TreeMath" time="0.0"/>
  <testcase name="of node 152 should be 154" classname="com.github.traderjoe95.mls.protocol.tree.TreeMath" time="0.0"/>
  <testcase name="of node 153 should be 157" classname="com.github.traderjoe95.mls.protocol.tree.TreeMath" time="0.0"/>
  <testcase name="of node 154 should be 152" classname="com.github.traderjoe95.mls.protocol.tree.TreeMath" time="0.0"/>
  <testcase name="of node 155 should be 147" classname="com.github.traderjoe95.mls.protocol.tree.TreeMath" time="0.0"/>
  <testcase name="of node 156 should be 158" classname="com.github.traderjoe95.mls.protocol.tree.TreeMath" time="0.0"/>
  <testcase name="of node 157 should be 153" classname="com.github.traderjoe95.mls.protocol.tree.TreeMath" time="0.0"/>
  <testcase name="of node 158 should be 156" classname="com.github.traderjoe95.mls.protocol.tree.TreeMath" time="0.0"/>
  <testcase name="of node 159 should be 223" classname="com.github.traderjoe95.mls.protocol.tree.TreeMath" time="0.0"/>
  <testcase name="of node 160 should be 162" classname="com.github.traderjoe95.mls.protocol.tree.TreeMath" time="0.0"/>
  <testcase name="of node 161 should be 165" classname="com.github.traderjoe95.mls.protocol.tree.TreeMath" time="0.0"/>
  <testcase name="of node 162 should be 160" classname="com.github.traderjoe95.mls.protocol.tree.TreeMath" time="0.0"/>
  <testcase name="of node 163 should be 171" classname="com.github.traderjoe95.mls.protocol.tree.TreeMath" time="0.0"/>
  <testcase name="of node 164 should be 166" classname="com.github.traderjoe95.mls.protocol.tree.TreeMath" time="0.0"/>
  <testcase name="of node 165 should be 161" classname="com.github.traderjoe95.mls.protocol.tree.TreeMath" time="0.0"/>
  <testcase name="of node 166 should be 164" classname="com.github.traderjoe95.mls.protocol.tree.TreeMath" time="0.0"/>
  <testcase name="of node 167 should be 183" classname="com.github.traderjoe95.mls.protocol.tree.TreeMath" time="0.0"/>
  <testcase name="of node 168 should be 170" classname="com.github.traderjoe95.mls.protocol.tree.TreeMath" time="0.0"/>
  <testcase name="of node 169 should be 173" classname="com.github.traderjoe95.mls.protocol.tree.TreeMath" time="0.0"/>
  <testcase name="of node 170 should be 168" classname="com.github.traderjoe95.mls.protocol.tree.TreeMath" time="0.0"/>
  <testcase name="of node 171 should be 163" classname="com.github.traderjoe95.mls.protocol.tree.TreeMath" time="0.0"/>
  <testcase name="of node 172 should be 174" classname="com.github.traderjoe95.mls.protocol.tree.TreeMath" time="0.0"/>
  <testcase name="of node 173 should be 169" classname="com.github.traderjoe95.mls.protocol.tree.TreeMath" time="0.0"/>
  <testcase name="of node 174 should be 172" classname="com.github.traderjoe95.mls.protocol.tree.TreeMath" time="0.0"/>
  <testcase name="of node 175 should be 143" classname="com.github.traderjoe95.mls.protocol.tree.TreeMath" time="0.0"/>
  <testcase name="of node 176 should be 178" classname="com.github.traderjoe95.mls.protocol.tree.TreeMath" time="0.001"/>
  <testcase name="of node 177 should be 181" classname="com.github.traderjoe95.mls.protocol.tree.TreeMath" time="0.0"/>
  <testcase name="of node 178 should be 176" classname="com.github.traderjoe95.mls.protocol.tree.TreeMath" time="0.0"/>
  <testcase name="of node 179 should be 187" classname="com.github.traderjoe95.mls.protocol.tree.TreeMath" time="0.001"/>
  <testcase name="of node 180 should be 182" classname="com.github.traderjoe95.mls.protocol.tree.TreeMath" time="0.0"/>
  <testcase name="of node 181 should be 177" classname="com.github.traderjoe95.mls.protocol.tree.TreeMath" time="0.0"/>
  <testcase name="of node 182 should be 180" classname="com.github.traderjoe95.mls.protocol.tree.TreeMath" time="0.001"/>
  <testcase name="of node 183 should be 167" classname="com.github.traderjoe95.mls.protocol.tree.TreeMath" time="0.0"/>
  <testcase name="of node 184 should be 186" classname="com.github.traderjoe95.mls.protocol.tree.TreeMath" time="0.0"/>
  <testcase name="of node 185 should be 189" classname="com.github.traderjoe95.mls.protocol.tree.TreeMath" time="0.0"/>
  <testcase name="of node 186 should be 184" classname="com.github.traderjoe95.mls.protocol.tree.TreeMath" time="0.0"/>
  <testcase name="of node 187 should be 179" classname="com.github.traderjoe95.mls.protocol.tree.TreeMath" time="0.0"/>
  <testcase name="of node 188 should be 190" classname="com.github.traderjoe95.mls.protocol.tree.TreeMath" time="0.0"/>
  <testcase name="of node 189 should be 185" classname="com.github.traderjoe95.mls.protocol.tree.TreeMath" time="0.0"/>
  <testcase name="of node 190 should be 188" classname="com.github.traderjoe95.mls.protocol.tree.TreeMath" time="0.0"/>
  <testcase name="of node 191 should be 63" classname="com.github.traderjoe95.mls.protocol.tree.TreeMath" time="0.0"/>
  <testcase name="of node 192 should be 194" classname="com.github.traderjoe95.mls.protocol.tree.TreeMath" time="0.0"/>
  <testcase name="of node 193 should be 197" classname="com.github.traderjoe95.mls.protocol.tree.TreeMath" time="0.0"/>
  <testcase name="of node 194 should be 192" classname="com.github.traderjoe95.mls.protocol.tree.TreeMath" time="0.0"/>
  <testcase name="of node 195 should be 203" classname="com.github.traderjoe95.mls.protocol.tree.TreeMath" time="0.0"/>
  <testcase name="of node 196 should be 198" classname="com.github.traderjoe95.mls.protocol.tree.TreeMath" time="0.0"/>
  <testcase name="of node 197 should be 193" classname="com.github.traderjoe95.mls.protocol.tree.TreeMath" time="0.0"/>
  <testcase name="of node 198 should be 196" classname="com.github.traderjoe95.mls.protocol.tree.TreeMath" time="0.0"/>
  <testcase name="of node 199 should be 215" classname="com.github.traderjoe95.mls.protocol.tree.TreeMath" time="0.0"/>
  <testcase name="of node 200 should be 202" classname="com.github.traderjoe95.mls.protocol.tree.TreeMath" time="0.0"/>
  <testcase name="of node 201 should be 205" classname="com.github.traderjoe95.mls.protocol.tree.TreeMath" time="0.0"/>
  <testcase name="of node 202 should be 200" classname="com.github.traderjoe95.mls.protocol.tree.TreeMath" time="0.0"/>
  <testcase name="of node 203 should be 195" classname="com.github.traderjoe95.mls.protocol.tree.TreeMath" time="0.0"/>
  <testcase name="of node 204 should be 206" classname="com.github.traderjoe95.mls.protocol.tree.TreeMath" time="0.0"/>
  <testcase name="of node 205 should be 201" classname="com.github.traderjoe95.mls.protocol.tree.TreeMath" time="0.0"/>
  <testcase name="of node 206 should be 204" classname="com.github.traderjoe95.mls.protocol.tree.TreeMath" time="0.0"/>
  <testcase name="of node 207 should be 239" classname="com.github.traderjoe95.mls.protocol.tree.TreeMath" time="0.0"/>
  <testcase name="of node 208 should be 210" classname="com.github.traderjoe95.mls.protocol.tree.TreeMath" time="0.0"/>
  <testcase name="of node 209 should be 213" classname="com.github.traderjoe95.mls.protocol.tree.TreeMath" time="0.0"/>
  <testcase name="of node 210 should be 208" classname="com.github.traderjoe95.mls.protocol.tree.TreeMath" time="0.0"/>
  <testcase name="of node 211 should be 219" classname="com.github.traderjoe95.mls.protocol.tree.TreeMath" time="0.0"/>
  <testcase name="of node 212 should be 214" classname="com.github.traderjoe95.mls.protocol.tree.TreeMath" time="0.0"/>
  <testcase name="of node 213 should be 209" classname="com.github.traderjoe95.mls.protocol.tree.TreeMath" time="0.0"/>
  <testcase name="of node 214 should be 212" classname="com.github.traderjoe95.mls.protocol.tree.TreeMath" time="0.0"/>
  <testcase name="of node 215 should be 199" classname="com.github.traderjoe95.mls.protocol.tree.TreeMath" time="0.0"/>
  <testcase name="of node 216 should be 218" classname="com.github.traderjoe95.mls.protocol.tree.TreeMath" time="0.0"/>
  <testcase name="of node 217 should be 221" classname="com.github.traderjoe95.mls.protocol.tree.TreeMath" time="0.0"/>
  <testcase name="of node 218 should be 216" classname="com.github.traderjoe95.mls.protocol.tree.TreeMath" time="0.0"/>
  <testcase name="of node 219 should be 211" classname="com.github.traderjoe95.mls.protocol.tree.TreeMath" time="0.0"/>
  <testcase name="of node 220 should be 222" classname="com.github.traderjoe95.mls.protocol.tree.TreeMath" time="0.0"/>
  <testcase name="of node 221 should be 217" classname="com.github.traderjoe95.mls.protocol.tree.TreeMath" time="0.0"/>
  <testcase name="of node 222 should be 220" classname="com.github.traderjoe95.mls.protocol.tree.TreeMath" time="0.0"/>
  <testcase name="of node 223 should be 159" classname="com.github.traderjoe95.mls.protocol.tree.TreeMath" time="0.0"/>
  <testcase name="of node 224 should be 226" classname="com.github.traderjoe95.mls.protocol.tree.TreeMath" time="0.0"/>
  <testcase name="of node 225 should be 229" classname="com.github.traderjoe95.mls.protocol.tree.TreeMath" time="0.001"/>
  <testcase name="of node 226 should be 224" classname="com.github.traderjoe95.mls.protocol.tree.TreeMath" time="0.0"/>
  <testcase name="of node 227 should be 235" classname="com.github.traderjoe95.mls.protocol.tree.TreeMath" time="0.0"/>
  <testcase name="of node 228 should be 230" classname="com.github.traderjoe95.mls.protocol.tree.TreeMath" time="0.0"/>
  <testcase name="of node 229 should be 225" classname="com.github.traderjoe95.mls.protocol.tree.TreeMath" time="0.0"/>
  <testcase name="of node 230 should be 228" classname="com.github.traderjoe95.mls.protocol.tree.TreeMath" time="0.0"/>
  <testcase name="of node 231 should be 247" classname="com.github.traderjoe95.mls.protocol.tree.TreeMath" time="0.0"/>
  <testcase name="of node 232 should be 234" classname="com.github.traderjoe95.mls.protocol.tree.TreeMath" time="0.0"/>
  <testcase name="of node 233 should be 237" classname="com.github.traderjoe95.mls.protocol.tree.TreeMath" time="0.0"/>
  <testcase name="of node 234 should be 232" classname="com.github.traderjoe95.mls.protocol.tree.TreeMath" time="0.0"/>
  <testcase name="of node 235 should be 227" classname="com.github.traderjoe95.mls.protocol.tree.TreeMath" time="0.0"/>
  <testcase name="of node 236 should be 238" classname="com.github.traderjoe95.mls.protocol.tree.TreeMath" time="0.0"/>
  <testcase name="of node 237 should be 233" classname="com.github.traderjoe95.mls.protocol.tree.TreeMath" time="0.0"/>
  <testcase name="of node 238 should be 236" classname="com.github.traderjoe95.mls.protocol.tree.TreeMath" time="0.0"/>
  <testcase name="of node 239 should be 207" classname="com.github.traderjoe95.mls.protocol.tree.TreeMath" time="0.0"/>
  <testcase name="of node 240 should be 242" classname="com.github.traderjoe95.mls.protocol.tree.TreeMath" time="0.0"/>
  <testcase name="of node 241 should be 245" classname="com.github.traderjoe95.mls.protocol.tree.TreeMath" time="0.0"/>
  <testcase name="of node 242 should be 240" classname="com.github.traderjoe95.mls.protocol.tree.TreeMath" time="0.0"/>
  <testcase name="of node 243 should be 251" classname="com.github.traderjoe95.mls.protocol.tree.TreeMath" time="0.0"/>
  <testcase name="of node 244 should be 246" classname="com.github.traderjoe95.mls.protocol.tree.TreeMath" time="0.0"/>
  <testcase name="of node 245 should be 241" classname="com.github.traderjoe95.mls.protocol.tree.TreeMath" time="0.0"/>
  <testcase name="of node 246 should be 244" classname="com.github.traderjoe95.mls.protocol.tree.TreeMath" time="0.0"/>
  <testcase name="of node 247 should be 231" classname="com.github.traderjoe95.mls.protocol.tree.TreeMath" time="0.0"/>
  <testcase name="of node 248 should be 250" classname="com.github.traderjoe95.mls.protocol.tree.TreeMath" time="0.0"/>
  <testcase name="of node 249 should be 253" classname="com.github.traderjoe95.mls.protocol.tree.TreeMath" time="0.0"/>
  <testcase name="of node 250 should be 248" classname="com.github.traderjoe95.mls.protocol.tree.TreeMath" time="0.0"/>
  <testcase name="of node 251 should be 243" classname="com.github.traderjoe95.mls.protocol.tree.TreeMath" time="0.001"/>
  <testcase name="of node 252 should be 254" classname="com.github.traderjoe95.mls.protocol.tree.TreeMath" time="0.0"/>
  <testcase name="of node 253 should be 249" classname="com.github.traderjoe95.mls.protocol.tree.TreeMath" time="0.0"/>
  <testcase name="of node 254 should be 252" classname="com.github.traderjoe95.mls.protocol.tree.TreeMath" time="0.0"/>
  <testcase name="of node 255 should be 767" classname="com.github.traderjoe95.mls.protocol.tree.TreeMath" time="0.0"/>
  <testcase name="of node 256 should be 258" classname="com.github.traderjoe95.mls.protocol.tree.TreeMath" time="0.001"/>
  <testcase name="of node 257 should be 261" classname="com.github.traderjoe95.mls.protocol.tree.TreeMath" time="0.0"/>
  <testcase name="of node 258 should be 256" classname="com.github.traderjoe95.mls.protocol.tree.TreeMath" time="0.0"/>
  <testcase name="of node 259 should be 267" classname="com.github.traderjoe95.mls.protocol.tree.TreeMath" time="0.0"/>
  <testcase name="of node 260 should be 262" classname="com.github.traderjoe95.mls.protocol.tree.TreeMath" time="0.0"/>
  <testcase name="of node 261 should be 257" classname="com.github.traderjoe95.mls.protocol.tree.TreeMath" time="0.001"/>
  <testcase name="of node 262 should be 260" classname="com.github.traderjoe95.mls.protocol.tree.TreeMath" time="0.0"/>
  <testcase name="of node 263 should be 279" classname="com.github.traderjoe95.mls.protocol.tree.TreeMath" time="0.0"/>
  <testcase name="of node 264 should be 266" classname="com.github.traderjoe95.mls.protocol.tree.TreeMath" time="0.0"/>
  <testcase name="of node 265 should be 269" classname="com.github.traderjoe95.mls.protocol.tree.TreeMath" time="0.0"/>
  <testcase name="of node 266 should be 264" classname="com.github.traderjoe95.mls.protocol.tree.TreeMath" time="0.0"/>
  <testcase name="of node 267 should be 259" classname="com.github.traderjoe95.mls.protocol.tree.TreeMath" time="0.0"/>
  <testcase name="of node 268 should be 270" classname="com.github.traderjoe95.mls.protocol.tree.TreeMath" time="0.0"/>
  <testcase name="of node 269 should be 265" classname="com.github.traderjoe95.mls.protocol.tree.TreeMath" time="0.0"/>
  <testcase name="of node 270 should be 268" classname="com.github.traderjoe95.mls.protocol.tree.TreeMath" time="0.0"/>
  <testcase name="of node 271 should be 303" classname="com.github.traderjoe95.mls.protocol.tree.TreeMath" time="0.0"/>
  <testcase name="of node 272 should be 274" classname="com.github.traderjoe95.mls.protocol.tree.TreeMath" time="0.001"/>
  <testcase name="of node 273 should be 277" classname="com.github.traderjoe95.mls.protocol.tree.TreeMath" time="0.0"/>
  <testcase name="of node 274 should be 272" classname="com.github.traderjoe95.mls.protocol.tree.TreeMath" time="0.0"/>
  <testcase name="of node 275 should be 283" classname="com.github.traderjoe95.mls.protocol.tree.TreeMath" time="0.001"/>
  <testcase name="of node 276 should be 278" classname="com.github.traderjoe95.mls.protocol.tree.TreeMath" time="0.0"/>
  <testcase name="of node 277 should be 273" classname="com.github.traderjoe95.mls.protocol.tree.TreeMath" time="0.0"/>
  <testcase name="of node 278 should be 276" classname="com.github.traderjoe95.mls.protocol.tree.TreeMath" time="0.0"/>
  <testcase name="of node 279 should be 263" classname="com.github.traderjoe95.mls.protocol.tree.TreeMath" time="0.0"/>
  <testcase name="of node 280 should be 282" classname="com.github.traderjoe95.mls.protocol.tree.TreeMath" time="0.0"/>
  <testcase name="of node 281 should be 285" classname="com.github.traderjoe95.mls.protocol.tree.TreeMath" time="0.0"/>
  <testcase name="of node 282 should be 280" classname="com.github.traderjoe95.mls.protocol.tree.TreeMath" time="0.0"/>
  <testcase name="of node 283 should be 275" classname="com.github.traderjoe95.mls.protocol.tree.TreeMath" time="0.0"/>
  <testcase name="of node 284 should be 286" classname="com.github.traderjoe95.mls.protocol.tree.TreeMath" time="0.0"/>
  <testcase name="of node 285 should be 281" classname="com.github.traderjoe95.mls.protocol.tree.TreeMath" time="0.0"/>
  <testcase name="of node 286 should be 284" classname="com.github.traderjoe95.mls.protocol.tree.TreeMath" time="0.0"/>
  <testcase name="of node 287 should be 351" classname="com.github.traderjoe95.mls.protocol.tree.TreeMath" time="0.0"/>
  <testcase name="of node 288 should be 290" classname="com.github.traderjoe95.mls.protocol.tree.TreeMath" time="0.0"/>
  <testcase name="of node 289 should be 293" classname="com.github.traderjoe95.mls.protocol.tree.TreeMath" time="0.001"/>
  <testcase name="of node 290 should be 288" classname="com.github.traderjoe95.mls.protocol.tree.TreeMath" time="0.0"/>
  <testcase name="of node 291 should be 299" classname="com.github.traderjoe95.mls.protocol.tree.TreeMath" time="0.0"/>
  <testcase name="of node 292 should be 294" classname="com.github.traderjoe95.mls.protocol.tree.TreeMath" time="0.0"/>
  <testcase name="of node 293 should be 289" classname="com.github.traderjoe95.mls.protocol.tree.TreeMath" time="0.0"/>
  <testcase name="of node 294 should be 292" classname="com.github.traderjoe95.mls.protocol.tree.TreeMath" time="0.0"/>
  <testcase name="of node 295 should be 311" classname="com.github.traderjoe95.mls.protocol.tree.TreeMath" time="0.0"/>
  <testcase name="of node 296 should be 298" classname="com.github.traderjoe95.mls.protocol.tree.TreeMath" time="0.0"/>
  <testcase name="of node 297 should be 301" classname="com.github.traderjoe95.mls.protocol.tree.TreeMath" time="0.001"/>
  <testcase name="of node 298 should be 296" classname="com.github.traderjoe95.mls.protocol.tree.TreeMath" time="0.0"/>
  <testcase name="of node 299 should be 291" classname="com.github.traderjoe95.mls.protocol.tree.TreeMath" time="0.0"/>
  <testcase name="of node 300 should be 302" classname="com.github.traderjoe95.mls.protocol.tree.TreeMath" time="0.0"/>
  <testcase name="of node 301 should be 297" classname="com.github.traderjoe95.mls.protocol.tree.TreeMath" time="0.0"/>
  <testcase name="of node 302 should be 300" classname="com.github.traderjoe95.mls.protocol.tree.TreeMath" time="0.0"/>
  <testcase name="of node 303 should be 271" classname="com.github.traderjoe95.mls.protocol.tree.TreeMath" time="0.0"/>
  <testcase name="of node 304 should be 306" classname="com.github.traderjoe95.mls.protocol.tree.TreeMath" time="0.0"/>
  <testcase name="of node 305 should be 309" classname="com.github.traderjoe95.mls.protocol.tree.TreeMath" time="0.0"/>
  <testcase name="of node 306 should be 304" classname="com.github.traderjoe95.mls.protocol.tree.TreeMath" time="0.0"/>
  <testcase name="of node 307 should be 315" classname="com.github.traderjoe95.mls.protocol.tree.TreeMath" time="0.0"/>
  <testcase name="of node 308 should be 310" classname="com.github.traderjoe95.mls.protocol.tree.TreeMath" time="0.0"/>
  <testcase name="of node 309 should be 305" classname="com.github.traderjoe95.mls.protocol.tree.TreeMath" time="0.0"/>
  <testcase name="of node 310 should be 308" classname="com.github.traderjoe95.mls.protocol.tree.TreeMath" time="0.0"/>
  <testcase name="of node 311 should be 295" classname="com.github.traderjoe95.mls.protocol.tree.TreeMath" time="0.0"/>
  <testcase name="of node 312 should be 314" classname="com.github.traderjoe95.mls.protocol.tree.TreeMath" time="0.0"/>
  <testcase name="of node 313 should be 317" classname="com.github.traderjoe95.mls.protocol.tree.TreeMath" time="0.0"/>
  <testcase name="of node 314 should be 312" classname="com.github.traderjoe95.mls.protocol.tree.TreeMath" time="0.0"/>
  <testcase name="of node 315 should be 307" classname="com.github.traderjoe95.mls.protocol.tree.TreeMath" time="0.0"/>
  <testcase name="of node 316 should be 318" classname="com.github.traderjoe95.mls.protocol.tree.TreeMath" time="0.0"/>
  <testcase name="of node 317 should be 313" classname="com.github.traderjoe95.mls.protocol.tree.TreeMath" time="0.0"/>
  <testcase name="of node 318 should be 316" classname="com.github.traderjoe95.mls.protocol.tree.TreeMath" time="0.0"/>
  <testcase name="of node 319 should be 447" classname="com.github.traderjoe95.mls.protocol.tree.TreeMath" time="0.0"/>
  <testcase name="of node 320 should be 322" classname="com.github.traderjoe95.mls.protocol.tree.TreeMath" time="0.0"/>
  <testcase name="of node 321 should be 325" classname="com.github.traderjoe95.mls.protocol.tree.TreeMath" time="0.0"/>
  <testcase name="of node 322 should be 320" classname="com.github.traderjoe95.mls.protocol.tree.TreeMath" time="0.0"/>
  <testcase name="of node 323 should be 331" classname="com.github.traderjoe95.mls.protocol.tree.TreeMath" time="0.0"/>
  <testcase name="of node 324 should be 326" classname="com.github.traderjoe95.mls.protocol.tree.TreeMath" time="0.0"/>
  <testcase name="of node 325 should be 321" classname="com.github.traderjoe95.mls.protocol.tree.TreeMath" time="0.001"/>
  <testcase name="of node 326 should be 324" classname="com.github.traderjoe95.mls.protocol.tree.TreeMath" time="0.0"/>
  <testcase name="of node 327 should be 343" classname="com.github.traderjoe95.mls.protocol.tree.TreeMath" time="0.0"/>
  <testcase name="of node 328 should be 330" classname="com.github.traderjoe95.mls.protocol.tree.TreeMath" time="0.0"/>
  <testcase name="of node 329 should be 333" classname="com.github.traderjoe95.mls.protocol.tree.TreeMath" time="0.0"/>
  <testcase name="of node 330 should be 328" classname="com.github.traderjoe95.mls.protocol.tree.TreeMath" time="0.0"/>
  <testcase name="of node 331 should be 323" classname="com.github.traderjoe95.mls.protocol.tree.TreeMath" time="0.0"/>
  <testcase name="of node 332 should be 334" classname="com.github.traderjoe95.mls.protocol.tree.TreeMath" time="0.0"/>
  <testcase name="of node 333 should be 329" classname="com.github.traderjoe95.mls.protocol.tree.TreeMath" time="0.0"/>
  <testcase name="of node 334 should be 332" classname="com.github.traderjoe95.mls.protocol.tree.TreeMath" time="0.0"/>
  <testcase name="of node 335 should be 367" classname="com.github.traderjoe95.mls.protocol.tree.TreeMath" time="0.0"/>
  <testcase name="of node 336 should be 338" classname="com.github.traderjoe95.mls.protocol.tree.TreeMath" time="0.001"/>
  <testcase name="of node 337 should be 341" classname="com.github.traderjoe95.mls.protocol.tree.TreeMath" time="0.0"/>
  <testcase name="of node 338 should be 336" classname="com.github.traderjoe95.mls.protocol.tree.TreeMath" time="0.0"/>
  <testcase name="of node 339 should be 347" classname="com.github.traderjoe95.mls.protocol.tree.TreeMath" time="0.0"/>
  <testcase name="of node 340 should be 342" classname="com.github.traderjoe95.mls.protocol.tree.TreeMath" time="0.0"/>
  <testcase name="of node 341 should be 337" classname="com.github.traderjoe95.mls.protocol.tree.TreeMath" time="0.0"/>
  <testcase name="of node 342 should be 340" classname="com.github.traderjoe95.mls.protocol.tree.TreeMath" time="0.0"/>
  <testcase name="of node 343 should be 327" classname="com.github.traderjoe95.mls.protocol.tree.TreeMath" time="0.0"/>
  <testcase name="of node 344 should be 346" classname="com.github.traderjoe95.mls.protocol.tree.TreeMath" time="0.0"/>
  <testcase name="of node 345 should be 349" classname="com.github.traderjoe95.mls.protocol.tree.TreeMath" time="0.0"/>
  <testcase name="of node 346 should be 344" classname="com.github.traderjoe95.mls.protocol.tree.TreeMath" time="0.0"/>
  <testcase name="of node 347 should be 339" classname="com.github.traderjoe95.mls.protocol.tree.TreeMath" time="0.0"/>
  <testcase name="of node 348 should be 350" classname="com.github.traderjoe95.mls.protocol.tree.TreeMath" time="0.0"/>
  <testcase name="of node 349 should be 345" classname="com.github.traderjoe95.mls.protocol.tree.TreeMath" time="0.0"/>
  <testcase name="of node 350 should be 348" classname="com.github.traderjoe95.mls.protocol.tree.TreeMath" time="0.0"/>
  <testcase name="of node 351 should be 287" classname="com.github.traderjoe95.mls.protocol.tree.TreeMath" time="0.0"/>
  <testcase name="of node 352 should be 354" classname="com.github.traderjoe95.mls.protocol.tree.TreeMath" time="0.0"/>
  <testcase name="of node 353 should be 357" classname="com.github.traderjoe95.mls.protocol.tree.TreeMath" time="0.0"/>
  <testcase name="of node 354 should be 352" classname="com.github.traderjoe95.mls.protocol.tree.TreeMath" time="0.0"/>
  <testcase name="of node 355 should be 363" classname="com.github.traderjoe95.mls.protocol.tree.TreeMath" time="0.0"/>
  <testcase name="of node 356 should be 358" classname="com.github.traderjoe95.mls.protocol.tree.TreeMath" time="0.0"/>
  <testcase name="of node 357 should be 353" classname="com.github.traderjoe95.mls.protocol.tree.TreeMath" time="0.0"/>
  <testcase name="of node 358 should be 356" classname="com.github.traderjoe95.mls.protocol.tree.TreeMath" time="0.001"/>
  <testcase name="of node 359 should be 375" classname="com.github.traderjoe95.mls.protocol.tree.TreeMath" time="0.0"/>
  <testcase name="of node 360 should be 362" classname="com.github.traderjoe95.mls.protocol.tree.TreeMath" time="0.0"/>
  <testcase name="of node 361 should be 365" classname="com.github.traderjoe95.mls.protocol.tree.TreeMath" time="0.0"/>
  <testcase name="of node 362 should be 360" classname="com.github.traderjoe95.mls.protocol.tree.TreeMath" time="0.0"/>
  <testcase name="of node 363 should be 355" classname="com.github.traderjoe95.mls.protocol.tree.TreeMath" time="0.0"/>
  <testcase name="of node 364 should be 366" classname="com.github.traderjoe95.mls.protocol.tree.TreeMath" time="0.0"/>
  <testcase name="of node 365 should be 361" classname="com.github.traderjoe95.mls.protocol.tree.TreeMath" time="0.0"/>
  <testcase name="of node 366 should be 364" classname="com.github.traderjoe95.mls.protocol.tree.TreeMath" time="0.0"/>
  <testcase name="of node 367 should be 335" classname="com.github.traderjoe95.mls.protocol.tree.TreeMath" time="0.001"/>
  <testcase name="of node 368 should be 370" classname="com.github.traderjoe95.mls.protocol.tree.TreeMath" time="0.0"/>
  <testcase name="of node 369 should be 373" classname="com.github.traderjoe95.mls.protocol.tree.TreeMath" time="0.0"/>
  <testcase name="of node 370 should be 368" classname="com.github.traderjoe95.mls.protocol.tree.TreeMath" time="0.001"/>
  <testcase name="of node 371 should be 379" classname="com.github.traderjoe95.mls.protocol.tree.TreeMath" time="0.0"/>
  <testcase name="of node 372 should be 374" classname="com.github.traderjoe95.mls.protocol.tree.TreeMath" time="0.0"/>
  <testcase name="of node 373 should be 369" classname="com.github.traderjoe95.mls.protocol.tree.TreeMath" time="0.0"/>
  <testcase name="of node 374 should be 372" classname="com.github.traderjoe95.mls.protocol.tree.TreeMath" time="0.0"/>
  <testcase name="of node 375 should be 359" classname="com.github.traderjoe95.mls.protocol.tree.TreeMath" time="0.0"/>
  <testcase name="of node 376 should be 378" classname="com.github.traderjoe95.mls.protocol.tree.TreeMath" time="0.0"/>
  <testcase name="of node 377 should be 381" classname="com.github.traderjoe95.mls.protocol.tree.TreeMath" time="0.0"/>
  <testcase name="of node 378 should be 376" classname="com.github.traderjoe95.mls.protocol.tree.TreeMath" time="0.0"/>
  <testcase name="of node 379 should be 371" classname="com.github.traderjoe95.mls.protocol.tree.TreeMath" time="0.0"/>
  <testcase name="of node 380 should be 382" classname="com.github.traderjoe95.mls.protocol.tree.TreeMath" time="0.0"/>
  <testcase name="of node 381 should be 377" classname="com.github.traderjoe95.mls.protocol.tree.TreeMath" time="0.001"/>
  <testcase name="of node 382 should be 380" classname="com.github.traderjoe95.mls.protocol.tree.TreeMath" time="0.0"/>
  <testcase name="of node 383 should be 127" classname="com.github.traderjoe95.mls.protocol.tree.TreeMath" time="0.0"/>
  <testcase name="of node 384 should be 386" classname="com.github.traderjoe95.mls.protocol.tree.TreeMath" time="0.001"/>
  <testcase name="of node 385 should be 389" classname="com.github.traderjoe95.mls.protocol.tree.TreeMath" time="0.0"/>
  <testcase name="of node 386 should be 384" classname="com.github.traderjoe95.mls.protocol.tree.TreeMath" time="0.0"/>
  <testcase name="of node 387 should be 395" classname="com.github.traderjoe95.mls.protocol.tree.TreeMath" time="0.0"/>
  <testcase name="of node 388 should be 390" classname="com.github.traderjoe95.mls.protocol.tree.TreeMath" time="0.0"/>
  <testcase name="of node 389 should be 385" classname="com.github.traderjoe95.mls.protocol.tree.TreeMath" time="0.001"/>
  <testcase name="of node 390 should be 388" classname="com.github.traderjoe95.mls.protocol.tree.TreeMath" time="0.0"/>
  <testcase name="of node 391 should be 407" classname="com.github.traderjoe95.mls.protocol.tree.TreeMath" time="0.0"/>
  <testcase name="of node 392 should be 394" classname="com.github.traderjoe95.mls.protocol.tree.TreeMath" time="0.0"/>
  <testcase name="of node 393 should be 397" classname="com.github.traderjoe95.mls.protocol.tree.TreeMath" time="0.0"/>
  <testcase name="of node 394 should be 392" classname="com.github.traderjoe95.mls.protocol.tree.TreeMath" time="0.0"/>
  <testcase name="of node 395 should be 387" classname="com.github.traderjoe95.mls.protocol.tree.TreeMath" time="0.0"/>
  <testcase name="of node 396 should be 398" classname="com.github.traderjoe95.mls.protocol.tree.TreeMath" time="0.0"/>
  <testcase name="of node 397 should be 393" classname="com.github.traderjoe95.mls.protocol.tree.TreeMath" time="0.0"/>
  <testcase name="of node 398 should be 396" classname="com.github.traderjoe95.mls.protocol.tree.TreeMath" time="0.0"/>
  <testcase name="of node 399 should be 431" classname="com.github.traderjoe95.mls.protocol.tree.TreeMath" time="0.0"/>
  <testcase name="of node 400 should be 402" classname="com.github.traderjoe95.mls.protocol.tree.TreeMath" time="0.0"/>
  <testcase name="of node 401 should be 405" classname="com.github.traderjoe95.mls.protocol.tree.TreeMath" time="0.0"/>
  <testcase name="of node 402 should be 400" classname="com.github.traderjoe95.mls.protocol.tree.TreeMath" time="0.0"/>
  <testcase name="of node 403 should be 411" classname="com.github.traderjoe95.mls.protocol.tree.TreeMath" time="0.0"/>
  <testcase name="of node 404 should be 406" classname="com.github.traderjoe95.mls.protocol.tree.TreeMath" time="0.0"/>
  <testcase name="of node 405 should be 401" classname="com.github.traderjoe95.mls.protocol.tree.TreeMath" time="0.0"/>
  <testcase name="of node 406 should be 404" classname="com.github.traderjoe95.mls.protocol.tree.TreeMath" time="0.0"/>
  <testcase name="of node 407 should be 391" classname="com.github.traderjoe95.mls.protocol.tree.TreeMath" time="0.0"/>
  <testcase name="of node 408 should be 410" classname="com.github.traderjoe95.mls.protocol.tree.TreeMath" time="0.0"/>
  <testcase name="of node 409 should be 413" classname="com.github.traderjoe95.mls.protocol.tree.TreeMath" time="0.0"/>
  <testcase name="of node 410 should be 408" classname="com.github.traderjoe95.mls.protocol.tree.TreeMath" time="0.0"/>
  <testcase name="of node 411 should be 403" classname="com.github.traderjoe95.mls.protocol.tree.TreeMath" time="0.0"/>
  <testcase name="of node 412 should be 414" classname="com.github.traderjoe95.mls.protocol.tree.TreeMath" time="0.0"/>
  <testcase name="of node 413 should be 409" classname="com.github.traderjoe95.mls.protocol.tree.TreeMath" time="0.0"/>
  <testcase name="of node 414 should be 412" classname="com.github.traderjoe95.mls.protocol.tree.TreeMath" time="0.0"/>
  <testcase name="of node 415 should be 479" classname="com.github.traderjoe95.mls.protocol.tree.TreeMath" time="0.001"/>
  <testcase name="of node 416 should be 418" classname="com.github.traderjoe95.mls.protocol.tree.TreeMath" time="0.0"/>
  <testcase name="of node 417 should be 421" classname="com.github.traderjoe95.mls.protocol.tree.TreeMath" time="0.0"/>
  <testcase name="of node 418 should be 416" classname="com.github.traderjoe95.mls.protocol.tree.TreeMath" time="0.0"/>
  <testcase name="of node 419 should be 427" classname="com.github.traderjoe95.mls.protocol.tree.TreeMath" time="0.0"/>
  <testcase name="of node 420 should be 422" classname="com.github.traderjoe95.mls.protocol.tree.TreeMath" time="0.0"/>
  <testcase name="of node 421 should be 417" classname="com.github.traderjoe95.mls.protocol.tree.TreeMath" time="0.0"/>
  <testcase name="of node 422 should be 420" classname="com.github.traderjoe95.mls.protocol.tree.TreeMath" time="0.0"/>
  <testcase name="of node 423 should be 439" classname="com.github.traderjoe95.mls.protocol.tree.TreeMath" time="0.0"/>
  <testcase name="of node 424 should be 426" classname="com.github.traderjoe95.mls.protocol.tree.TreeMath" time="0.0"/>
  <testcase name="of node 425 should be 429" classname="com.github.traderjoe95.mls.protocol.tree.TreeMath" time="0.0"/>
  <testcase name="of node 426 should be 424" classname="com.github.traderjoe95.mls.protocol.tree.TreeMath" time="0.0"/>
  <testcase name="of node 427 should be 419" classname="com.github.traderjoe95.mls.protocol.tree.TreeMath" time="0.0"/>
  <testcase name="of node 428 should be 430" classname="com.github.traderjoe95.mls.protocol.tree.TreeMath" time="0.0"/>
  <testcase name="of node 429 should be 425" classname="com.github.traderjoe95.mls.protocol.tree.TreeMath" time="0.0"/>
  <testcase name="of node 430 should be 428" classname="com.github.traderjoe95.mls.protocol.tree.TreeMath" time="0.0"/>
  <testcase name="of node 431 should be 399" classname="com.github.traderjoe95.mls.protocol.tree.TreeMath" time="0.0"/>
  <testcase name="of node 432 should be 434" classname="com.github.traderjoe95.mls.protocol.tree.TreeMath" time="0.0"/>
  <testcase name="of node 433 should be 437" classname="com.github.traderjoe95.mls.protocol.tree.TreeMath" time="0.0"/>
  <testcase name="of node 434 should be 432" classname="com.github.traderjoe95.mls.protocol.tree.TreeMath" time="0.0"/>
  <testcase name="of node 435 should be 443" classname="com.github.traderjoe95.mls.protocol.tree.TreeMath" time="0.0"/>
  <testcase name="of node 436 should be 438" classname="com.github.traderjoe95.mls.protocol.tree.TreeMath" time="0.0"/>
  <testcase name="of node 437 should be 433" classname="com.github.traderjoe95.mls.protocol.tree.TreeMath" time="0.0"/>
  <testcase name="of node 438 should be 436" classname="com.github.traderjoe95.mls.protocol.tree.TreeMath" time="0.0"/>
  <testcase name="of node 439 should be 423" classname="com.github.traderjoe95.mls.protocol.tree.TreeMath" time="0.0"/>
  <testcase name="of node 440 should be 442" classname="com.github.traderjoe95.mls.protocol.tree.TreeMath" time="0.0"/>
  <testcase name="of node 441 should be 445" classname="com.github.traderjoe95.mls.protocol.tree.TreeMath" time="0.001"/>
  <testcase name="of node 442 should be 440" classname="com.github.traderjoe95.mls.protocol.tree.TreeMath" time="0.0"/>
  <testcase name="of node 443 should be 435" classname="com.github.traderjoe95.mls.protocol.tree.TreeMath" time="0.0"/>
  <testcase name="of node 444 should be 446" classname="com.github.traderjoe95.mls.protocol.tree.TreeMath" time="0.0"/>
  <testcase name="of node 445 should be 441" classname="com.github.traderjoe95.mls.protocol.tree.TreeMath" time="0.0"/>
  <testcase name="of node 446 should be 444" classname="com.github.traderjoe95.mls.protocol.tree.TreeMath" time="0.0"/>
  <testcase name="of node 447 should be 319" classname="com.github.traderjoe95.mls.protocol.tree.TreeMath" time="0.0"/>
  <testcase name="of node 448 should be 450" classname="com.github.traderjoe95.mls.protocol.tree.TreeMath" time="0.0"/>
  <testcase name="of node 449 should be 453" classname="com.github.traderjoe95.mls.protocol.tree.TreeMath" time="0.0"/>
  <testcase name="of node 450 should be 448" classname="com.github.traderjoe95.mls.protocol.tree.TreeMath" time="0.001"/>
  <testcase name="of node 451 should be 459" classname="com.github.traderjoe95.mls.protocol.tree.TreeMath" time="0.0"/>
  <testcase name="of node 452 should be 454" classname="com.github.traderjoe95.mls.protocol.tree.TreeMath" time="0.0"/>
  <testcase name="of node 453 should be 449" classname="com.github.traderjoe95.mls.protocol.tree.TreeMath" time="0.0"/>
  <testcase name="of node 454 should be 452" classname="com.github.traderjoe95.mls.protocol.tree.TreeMath" time="0.0"/>
  <testcase name="of node 455 should be 471" classname="com.github.traderjoe95.mls.protocol.tree.TreeMath" time="0.0"/>
  <testcase name="of node 456 should be 458" classname="com.github.traderjoe95.mls.protocol.tree.TreeMath" time="0.0"/>
  <testcase name="of node 457 should be 461" classname="com.github.traderjoe95.mls.protocol.tree.TreeMath" time="0.0"/>
  <testcase name="of node 458 should be 456" classname="com.github.traderjoe95.mls.protocol.tree.TreeMath" time="0.0"/>
  <testcase name="of node 459 should be 451" classname="com.github.traderjoe95.mls.protocol.tree.TreeMath" time="0.0"/>
  <testcase name="of node 460 should be 462" classname="com.github.traderjoe95.mls.protocol.tree.TreeMath" time="0.0"/>
  <testcase name="of node 461 should be 457" classname="com.github.traderjoe95.mls.protocol.tree.TreeMath" time="0.0"/>
  <testcase name="of node 462 should be 460" classname="com.github.traderjoe95.mls.protocol.tree.TreeMath" time="0.0"/>
  <testcase name="of node 463 should be 495" classname="com.github.traderjoe95.mls.protocol.tree.TreeMath" time="0.0"/>
  <testcase name="of node 464 should be 466" classname="com.github.traderjoe95.mls.protocol.tree.TreeMath" time="0.0"/>
  <testcase name="of node 465 should be 469" classname="com.github.traderjoe95.mls.protocol.tree.TreeMath" time="0.0"/>
  <testcase name="of node 466 should be 464" classname="com.github.traderjoe95.mls.protocol.tree.TreeMath" time="0.0"/>
  <testcase name="of node 467 should be 475" classname="com.github.traderjoe95.mls.protocol.tree.TreeMath" time="0.0"/>
  <testcase name="of node 468 should be 470" classname="com.github.traderjoe95.mls.protocol.tree.TreeMath" time="0.0"/>
  <testcase name="of node 469 should be 465" classname="com.github.traderjoe95.mls.protocol.tree.TreeMath" time="0.0"/>
  <testcase name="of node 470 should be 468" classname="com.github.traderjoe95.mls.protocol.tree.TreeMath" time="0.0"/>
  <testcase name="of node 471 should be 455" classname="com.github.traderjoe95.mls.protocol.tree.TreeMath" time="0.0"/>
  <testcase name="of node 472 should be 474" classname="com.github.traderjoe95.mls.protocol.tree.TreeMath" time="0.0"/>
  <testcase name="of node 473 should be 477" classname="com.github.traderjoe95.mls.protocol.tree.TreeMath" time="0.0"/>
  <testcase name="of node 474 should be 472" classname="com.github.traderjoe95.mls.protocol.tree.TreeMath" time="0.0"/>
  <testcase name="of node 475 should be 467" classname="com.github.traderjoe95.mls.protocol.tree.TreeMath" time="0.0"/>
  <testcase name="of node 476 should be 478" classname="com.github.traderjoe95.mls.protocol.tree.TreeMath" time="0.0"/>
  <testcase name="of node 477 should be 473" classname="com.github.traderjoe95.mls.protocol.tree.TreeMath" time="0.0"/>
  <testcase name="of node 478 should be 476" classname="com.github.traderjoe95.mls.protocol.tree.TreeMath" time="0.0"/>
  <testcase name="of node 479 should be 415" classname="com.github.traderjoe95.mls.protocol.tree.TreeMath" time="0.0"/>
  <testcase name="of node 480 should be 482" classname="com.github.traderjoe95.mls.protocol.tree.TreeMath" time="0.0"/>
  <testcase name="of node 481 should be 485" classname="com.github.traderjoe95.mls.protocol.tree.TreeMath" time="0.0"/>
  <testcase name="of node 482 should be 480" classname="com.github.traderjoe95.mls.protocol.tree.TreeMath" time="0.001"/>
  <testcase name="of node 483 should be 491" classname="com.github.traderjoe95.mls.protocol.tree.TreeMath" time="0.0"/>
  <testcase name="of node 484 should be 486" classname="com.github.traderjoe95.mls.protocol.tree.TreeMath" time="0.0"/>
  <testcase name="of node 485 should be 481" classname="com.github.traderjoe95.mls.protocol.tree.TreeMath" time="0.0"/>
  <testcase name="of node 486 should be 484" classname="com.github.traderjoe95.mls.protocol.tree.TreeMath" time="0.0"/>
  <testcase name="of node 487 should be 503" classname="com.github.traderjoe95.mls.protocol.tree.TreeMath" time="0.0"/>
  <testcase name="of node 488 should be 490" classname="com.github.traderjoe95.mls.protocol.tree.TreeMath" time="0.0"/>
  <testcase name="of node 489 should be 493" classname="com.github.traderjoe95.mls.protocol.tree.TreeMath" time="0.0"/>
  <testcase name="of node 490 should be 488" classname="com.github.traderjoe95.mls.protocol.tree.TreeMath" time="0.0"/>
  <testcase name="of node 491 should be 483" classname="com.github.traderjoe95.mls.protocol.tree.TreeMath" time="0.0"/>
  <testcase name="of node 492 should be 494" classname="com.github.traderjoe95.mls.protocol.tree.TreeMath" time="0.0"/>
  <testcase name="of node 493 should be 489" classname="com.github.traderjoe95.mls.protocol.tree.TreeMath" time="0.0"/>
  <testcase name="of node 494 should be 492" classname="com.github.traderjoe95.mls.protocol.tree.TreeMath" time="0.0"/>
  <testcase name="of node 495 should be 463" classname="com.github.traderjoe95.mls.protocol.tree.TreeMath" time="0.0"/>
  <testcase name="of node 496 should be 498" classname="com.github.traderjoe95.mls.protocol.tree.TreeMath" time="0.0"/>
  <testcase name="of node 497 should be 501" classname="com.github.traderjoe95.mls.protocol.tree.TreeMath" time="0.0"/>
  <testcase name="of node 498 should be 496" classname="com.github.traderjoe95.mls.protocol.tree.TreeMath" time="0.0"/>
  <testcase name="of node 499 should be 507" classname="com.github.traderjoe95.mls.protocol.tree.TreeMath" time="0.0"/>
  <testcase name="of node 500 should be 502" classname="com.github.traderjoe95.mls.protocol.tree.TreeMath" time="0.0"/>
  <testcase name="of node 501 should be 497" classname="com.github.traderjoe95.mls.protocol.tree.TreeMath" time="0.0"/>
  <testcase name="of node 502 should be 500" classname="com.github.traderjoe95.mls.protocol.tree.TreeMath" time="0.0"/>
  <testcase name="of node 503 should be 487" classname="com.github.traderjoe95.mls.protocol.tree.TreeMath" time="0.0"/>
  <testcase name="of node 504 should be 506" classname="com.github.traderjoe95.mls.protocol.tree.TreeMath" time="0.0"/>
  <testcase name="of node 505 should be 509" classname="com.github.traderjoe95.mls.protocol.tree.TreeMath" time="0.0"/>
  <testcase name="of node 506 should be 504" classname="com.github.traderjoe95.mls.protocol.tree.TreeMath" time="0.0"/>
  <testcase name="of node 507 should be 499" classname="com.github.traderjoe95.mls.protocol.tree.TreeMath" time="0.0"/>
  <testcase name="of node 508 should be 510" classname="com.github.traderjoe95.mls.protocol.tree.TreeMath" time="0.0"/>
  <testcase name="of node 509 should be 505" classname="com.github.traderjoe95.mls.protocol.tree.TreeMath" time="0.0"/>
  <testcase name="of node 510 should be 508" classname="com.github.traderjoe95.mls.protocol.tree.TreeMath" time="0.0"/>
  <testcase name="of node 512 should be 514" classname="com.github.traderjoe95.mls.protocol.tree.TreeMath" time="0.0"/>
  <testcase name="of node 513 should be 517" classname="com.github.traderjoe95.mls.protocol.tree.TreeMath" time="0.0"/>
  <testcase name="of node 514 should be 512" classname="com.github.traderjoe95.mls.protocol.tree.TreeMath" time="0.0"/>
  <testcase name="of node 515 should be 523" classname="com.github.traderjoe95.mls.protocol.tree.TreeMath" time="0.0"/>
  <testcase name="of node 516 should be 518" classname="com.github.traderjoe95.mls.protocol.tree.TreeMath" time="0.0"/>
  <testcase name="of node 517 should be 513" classname="com.github.traderjoe95.mls.protocol.tree.TreeMath" time="0.0"/>
  <testcase name="of node 518 should be 516" classname="com.github.traderjoe95.mls.protocol.tree.TreeMath" time="0.0"/>
  <testcase name="of node 519 should be 535" classname="com.github.traderjoe95.mls.protocol.tree.TreeMath" time="0.0"/>
  <testcase name="of node 520 should be 522" classname="com.github.traderjoe95.mls.protocol.tree.TreeMath" time="0.0"/>
  <testcase name="of node 521 should be 525" classname="com.github.traderjoe95.mls.protocol.tree.TreeMath" time="0.0"/>
  <testcase name="of node 522 should be 520" classname="com.github.traderjoe95.mls.protocol.tree.TreeMath" time="0.0"/>
  <testcase name="of node 523 should be 515" classname="com.github.traderjoe95.mls.protocol.tree.TreeMath" time="0.0"/>
  <testcase name="of node 524 should be 526" classname="com.github.traderjoe95.mls.protocol.tree.TreeMath" time="0.0"/>
  <testcase name="of node 525 should be 521" classname="com.github.traderjoe95.mls.protocol.tree.TreeMath" time="0.0"/>
  <testcase name="of node 526 should be 524" classname="com.github.traderjoe95.mls.protocol.tree.TreeMath" time="0.0"/>
  <testcase name="of node 527 should be 559" classname="com.github.traderjoe95.mls.protocol.tree.TreeMath" time="0.0"/>
  <testcase name="of node 528 should be 530" classname="com.github.traderjoe95.mls.protocol.tree.TreeMath" time="0.0"/>
  <testcase name="of node 529 should be 533" classname="com.github.traderjoe95.mls.protocol.tree.TreeMath" time="0.0"/>
  <testcase name="of node 530 should be 528" classname="com.github.traderjoe95.mls.protocol.tree.TreeMath" time="0.0"/>
  <testcase name="of node 531 should be 539" classname="com.github.traderjoe95.mls.protocol.tree.TreeMath" time="0.0"/>
  <testcase name="of node 532 should be 534" classname="com.github.traderjoe95.mls.protocol.tree.TreeMath" time="0.0"/>
  <testcase name="of node 533 should be 529" classname="com.github.traderjoe95.mls.protocol.tree.TreeMath" time="0.0"/>
  <testcase name="of node 534 should be 532" classname="com.github.traderjoe95.mls.protocol.tree.TreeMath" time="0.0"/>
  <testcase name="of node 535 should be 519" classname="com.github.traderjoe95.mls.protocol.tree.TreeMath" time="0.0"/>
  <testcase name="of node 536 should be 538" classname="com.github.traderjoe95.mls.protocol.tree.TreeMath" time="0.0"/>
  <testcase name="of node 537 should be 541" classname="com.github.traderjoe95.mls.protocol.tree.TreeMath" time="0.0"/>
  <testcase name="of node 538 should be 536" classname="com.github.traderjoe95.mls.protocol.tree.TreeMath" time="0.0"/>
  <testcase name="of node 539 should be 531" classname="com.github.traderjoe95.mls.protocol.tree.TreeMath" time="0.0"/>
  <testcase name="of node 540 should be 542" classname="com.github.traderjoe95.mls.protocol.tree.TreeMath" time="0.0"/>
  <testcase name="of node 541 should be 537" classname="com.github.traderjoe95.mls.protocol.tree.TreeMath" time="0.0"/>
  <testcase name="of node 542 should be 540" classname="com.github.traderjoe95.mls.protocol.tree.TreeMath" time="0.0"/>
  <testcase name="of node 543 should be 607" classname="com.github.traderjoe95.mls.protocol.tree.TreeMath" time="0.0"/>
  <testcase name="of node 544 should be 546" classname="com.github.traderjoe95.mls.protocol.tree.TreeMath" time="0.0"/>
  <testcase name="of node 545 should be 549" classname="com.github.traderjoe95.mls.protocol.tree.TreeMath" time="0.0"/>
  <testcase name="of node 546 should be 544" classname="com.github.traderjoe95.mls.protocol.tree.TreeMath" time="0.0"/>
  <testcase name="of node 547 should be 555" classname="com.github.traderjoe95.mls.protocol.tree.TreeMath" time="0.0"/>
  <testcase name="of node 548 should be 550" classname="com.github.traderjoe95.mls.protocol.tree.TreeMath" time="0.0"/>
  <testcase name="of node 549 should be 545" classname="com.github.traderjoe95.mls.protocol.tree.TreeMath" time="0.0"/>
  <testcase name="of node 550 should be 548" classname="com.github.traderjoe95.mls.protocol.tree.TreeMath" time="0.0"/>
  <testcase name="of node 551 should be 567" classname="com.github.traderjoe95.mls.protocol.tree.TreeMath" time="0.0"/>
  <testcase name="of node 552 should be 554" classname="com.github.traderjoe95.mls.protocol.tree.TreeMath" time="0.0"/>
  <testcase name="of node 553 should be 557" classname="com.github.traderjoe95.mls.protocol.tree.TreeMath" time="0.0"/>
  <testcase name="of node 554 should be 552" classname="com.github.traderjoe95.mls.protocol.tree.TreeMath" time="0.0"/>
  <testcase name="of node 555 should be 547" classname="com.github.traderjoe95.mls.protocol.tree.TreeMath" time="0.0"/>
  <testcase name="of node 556 should be 558" classname="com.github.traderjoe95.mls.protocol.tree.TreeMath" time="0.0"/>
  <testcase name="of node 557 should be 553" classname="com.github.traderjoe95.mls.protocol.tree.TreeMath" time="0.0"/>
  <testcase name="of node 558 should be 556" classname="com.github.traderjoe95.mls.protocol.tree.TreeMath" time="0.0"/>
  <testcase name="of node 559 should be 527" classname="com.github.traderjoe95.mls.protocol.tree.TreeMath" time="0.0"/>
  <testcase name="of node 560 should be 562" classname="com.github.traderjoe95.mls.protocol.tree.TreeMath" time="0.0"/>
  <testcase name="of node 561 should be 565" classname="com.github.traderjoe95.mls.protocol.tree.TreeMath" time="0.0"/>
  <testcase name="of node 562 should be 560" classname="com.github.traderjoe95.mls.protocol.tree.TreeMath" time="0.0"/>
  <testcase name="of node 563 should be 571" classname="com.github.traderjoe95.mls.protocol.tree.TreeMath" time="0.0"/>
  <testcase name="of node 564 should be 566" classname="com.github.traderjoe95.mls.protocol.tree.TreeMath" time="0.0"/>
  <testcase name="of node 565 should be 561" classname="com.github.traderjoe95.mls.protocol.tree.TreeMath" time="0.0"/>
  <testcase name="of node 566 should be 564" classname="com.github.traderjoe95.mls.protocol.tree.TreeMath" time="0.0"/>
  <testcase name="of node 567 should be 551" classname="com.github.traderjoe95.mls.protocol.tree.TreeMath" time="0.0"/>
  <testcase name="of node 568 should be 570" classname="com.github.traderjoe95.mls.protocol.tree.TreeMath" time="0.0"/>
  <testcase name="of node 569 should be 573" classname="com.github.traderjoe95.mls.protocol.tree.TreeMath" time="0.0"/>
  <testcase name="of node 570 should be 568" classname="com.github.traderjoe95.mls.protocol.tree.TreeMath" time="0.0"/>
  <testcase name="of node 571 should be 563" classname="com.github.traderjoe95.mls.protocol.tree.TreeMath" time="0.0"/>
  <testcase name="of node 572 should be 574" classname="com.github.traderjoe95.mls.protocol.tree.TreeMath" time="0.0"/>
  <testcase name="of node 573 should be 569" classname="com.github.traderjoe95.mls.protocol.tree.TreeMath" time="0.0"/>
  <testcase name="of node 574 should be 572" classname="com.github.traderjoe95.mls.protocol.tree.TreeMath" time="0.0"/>
  <testcase name="of node 575 should be 703" classname="com.github.traderjoe95.mls.protocol.tree.TreeMath" time="0.0"/>
  <testcase name="of node 576 should be 578" classname="com.github.traderjoe95.mls.protocol.tree.TreeMath" time="0.0"/>
  <testcase name="of node 577 should be 581" classname="com.github.traderjoe95.mls.protocol.tree.TreeMath" time="0.0"/>
  <testcase name="of node 578 should be 576" classname="com.github.traderjoe95.mls.protocol.tree.TreeMath" time="0.0"/>
  <testcase name="of node 579 should be 587" classname="com.github.traderjoe95.mls.protocol.tree.TreeMath" time="0.0"/>
  <testcase name="of node 580 should be 582" classname="com.github.traderjoe95.mls.protocol.tree.TreeMath" time="0.0"/>
  <testcase name="of node 581 should be 577" classname="com.github.traderjoe95.mls.protocol.tree.TreeMath" time="0.0"/>
  <testcase name="of node 582 should be 580" classname="com.github.traderjoe95.mls.protocol.tree.TreeMath" time="0.0"/>
  <testcase name="of node 583 should be 599" classname="com.github.traderjoe95.mls.protocol.tree.TreeMath" time="0.0"/>
  <testcase name="of node 584 should be 586" classname="com.github.traderjoe95.mls.protocol.tree.TreeMath" time="0.0"/>
  <testcase name="of node 585 should be 589" classname="com.github.traderjoe95.mls.protocol.tree.TreeMath" time="0.0"/>
  <testcase name="of node 586 should be 584" classname="com.github.traderjoe95.mls.protocol.tree.TreeMath" time="0.0"/>
  <testcase name="of node 587 should be 579" classname="com.github.traderjoe95.mls.protocol.tree.TreeMath" time="0.0"/>
  <testcase name="of node 588 should be 590" classname="com.github.traderjoe95.mls.protocol.tree.TreeMath" time="0.0"/>
  <testcase name="of node 589 should be 585" classname="com.github.traderjoe95.mls.protocol.tree.TreeMath" time="0.0"/>
  <testcase name="of node 590 should be 588" classname="com.github.traderjoe95.mls.protocol.tree.TreeMath" time="0.0"/>
  <testcase name="of node 591 should be 623" classname="com.github.traderjoe95.mls.protocol.tree.TreeMath" time="0.0"/>
  <testcase name="of node 592 should be 594" classname="com.github.traderjoe95.mls.protocol.tree.TreeMath" time="0.0"/>
  <testcase name="of node 593 should be 597" classname="com.github.traderjoe95.mls.protocol.tree.TreeMath" time="0.0"/>
  <testcase name="of node 594 should be 592" classname="com.github.traderjoe95.mls.protocol.tree.TreeMath" time="0.0"/>
  <testcase name="of node 595 should be 603" classname="com.github.traderjoe95.mls.protocol.tree.TreeMath" time="0.0"/>
  <testcase name="of node 596 should be 598" classname="com.github.traderjoe95.mls.protocol.tree.TreeMath" time="0.0"/>
  <testcase name="of node 597 should be 593" classname="com.github.traderjoe95.mls.protocol.tree.TreeMath" time="0.0"/>
  <testcase name="of node 598 should be 596" classname="com.github.traderjoe95.mls.protocol.tree.TreeMath" time="0.0"/>
  <testcase name="of node 599 should be 583" classname="com.github.traderjoe95.mls.protocol.tree.TreeMath" time="0.0"/>
  <testcase name="of node 600 should be 602" classname="com.github.traderjoe95.mls.protocol.tree.TreeMath" time="0.0"/>
  <testcase name="of node 601 should be 605" classname="com.github.traderjoe95.mls.protocol.tree.TreeMath" time="0.0"/>
  <testcase name="of node 602 should be 600" classname="com.github.traderjoe95.mls.protocol.tree.TreeMath" time="0.0"/>
  <testcase name="of node 603 should be 595" classname="com.github.traderjoe95.mls.protocol.tree.TreeMath" time="0.0"/>
  <testcase name="of node 604 should be 606" classname="com.github.traderjoe95.mls.protocol.tree.TreeMath" time="0.0"/>
  <testcase name="of node 605 should be 601" classname="com.github.traderjoe95.mls.protocol.tree.TreeMath" time="0.001"/>
  <testcase name="of node 606 should be 604" classname="com.github.traderjoe95.mls.protocol.tree.TreeMath" time="0.0"/>
  <testcase name="of node 607 should be 543" classname="com.github.traderjoe95.mls.protocol.tree.TreeMath" time="0.0"/>
  <testcase name="of node 608 should be 610" classname="com.github.traderjoe95.mls.protocol.tree.TreeMath" time="0.0"/>
  <testcase name="of node 609 should be 613" classname="com.github.traderjoe95.mls.protocol.tree.TreeMath" time="0.0"/>
  <testcase name="of node 610 should be 608" classname="com.github.traderjoe95.mls.protocol.tree.TreeMath" time="0.0"/>
  <testcase name="of node 611 should be 619" classname="com.github.traderjoe95.mls.protocol.tree.TreeMath" time="0.0"/>
  <testcase name="of node 612 should be 614" classname="com.github.traderjoe95.mls.protocol.tree.TreeMath" time="0.0"/>
  <testcase name="of node 613 should be 609" classname="com.github.traderjoe95.mls.protocol.tree.TreeMath" time="0.001"/>
  <testcase name="of node 614 should be 612" classname="com.github.traderjoe95.mls.protocol.tree.TreeMath" time="0.0"/>
  <testcase name="of node 615 should be 631" classname="com.github.traderjoe95.mls.protocol.tree.TreeMath" time="0.0"/>
  <testcase name="of node 616 should be 618" classname="com.github.traderjoe95.mls.protocol.tree.TreeMath" time="0.0"/>
  <testcase name="of node 617 should be 621" classname="com.github.traderjoe95.mls.protocol.tree.TreeMath" time="0.0"/>
  <testcase name="of node 618 should be 616" classname="com.github.traderjoe95.mls.protocol.tree.TreeMath" time="0.0"/>
  <testcase name="of node 619 should be 611" classname="com.github.traderjoe95.mls.protocol.tree.TreeMath" time="0.0"/>
  <testcase name="of node 620 should be 622" classname="com.github.traderjoe95.mls.protocol.tree.TreeMath" time="0.0"/>
  <testcase name="of node 621 should be 617" classname="com.github.traderjoe95.mls.protocol.tree.TreeMath" time="0.0"/>
  <testcase name="of node 622 should be 620" classname="com.github.traderjoe95.mls.protocol.tree.TreeMath" time="0.0"/>
  <testcase name="of node 623 should be 591" classname="com.github.traderjoe95.mls.protocol.tree.TreeMath" time="0.0"/>
  <testcase name="of node 624 should be 626" classname="com.github.traderjoe95.mls.protocol.tree.TreeMath" time="0.001"/>
  <testcase name="of node 625 should be 629" classname="com.github.traderjoe95.mls.protocol.tree.TreeMath" time="0.0"/>
  <testcase name="of node 626 should be 624" classname="com.github.traderjoe95.mls.protocol.tree.TreeMath" time="0.0"/>
  <testcase name="of node 627 should be 635" classname="com.github.traderjoe95.mls.protocol.tree.TreeMath" time="0.0"/>
  <testcase name="of node 628 should be 630" classname="com.github.traderjoe95.mls.protocol.tree.TreeMath" time="0.0"/>
  <testcase name="of node 629 should be 625" classname="com.github.traderjoe95.mls.protocol.tree.TreeMath" time="0.0"/>
  <testcase name="of node 630 should be 628" classname="com.github.traderjoe95.mls.protocol.tree.TreeMath" time="0.0"/>
  <testcase name="of node 631 should be 615" classname="com.github.traderjoe95.mls.protocol.tree.TreeMath" time="0.0"/>
  <testcase name="of node 632 should be 634" classname="com.github.traderjoe95.mls.protocol.tree.TreeMath" time="0.0"/>
  <testcase name="of node 633 should be 637" classname="com.github.traderjoe95.mls.protocol.tree.TreeMath" time="0.0"/>
  <testcase name="of node 634 should be 632" classname="com.github.traderjoe95.mls.protocol.tree.TreeMath" time="0.001"/>
  <testcase name="of node 635 should be 627" classname="com.github.traderjoe95.mls.protocol.tree.TreeMath" time="0.0"/>
  <testcase name="of node 636 should be 638" classname="com.github.traderjoe95.mls.protocol.tree.TreeMath" time="0.0"/>
  <testcase name="of node 637 should be 633" classname="com.github.traderjoe95.mls.protocol.tree.TreeMath" time="0.001"/>
  <testcase name="of node 638 should be 636" classname="com.github.traderjoe95.mls.protocol.tree.TreeMath" time="0.0"/>
  <testcase name="of node 639 should be 895" classname="com.github.traderjoe95.mls.protocol.tree.TreeMath" time="0.0"/>
  <testcase name="of node 640 should be 642" classname="com.github.traderjoe95.mls.protocol.tree.TreeMath" time="0.0"/>
  <testcase name="of node 641 should be 645" classname="com.github.traderjoe95.mls.protocol.tree.TreeMath" time="0.0"/>
  <testcase name="of node 642 should be 640" classname="com.github.traderjoe95.mls.protocol.tree.TreeMath" time="0.0"/>
  <testcase name="of node 643 should be 651" classname="com.github.traderjoe95.mls.protocol.tree.TreeMath" time="0.0"/>
  <testcase name="of node 644 should be 646" classname="com.github.traderjoe95.mls.protocol.tree.TreeMath" time="0.0"/>
  <testcase name="of node 645 should be 641" classname="com.github.traderjoe95.mls.protocol.tree.TreeMath" time="0.0"/>
  <testcase name="of node 646 should be 644" classname="com.github.traderjoe95.mls.protocol.tree.TreeMath" time="0.0"/>
  <testcase name="of node 647 should be 663" classname="com.github.traderjoe95.mls.protocol.tree.TreeMath" time="0.0"/>
  <testcase name="of node 648 should be 650" classname="com.github.traderjoe95.mls.protocol.tree.TreeMath" time="0.0"/>
  <testcase name="of node 649 should be 653" classname="com.github.traderjoe95.mls.protocol.tree.TreeMath" time="0.0"/>
  <testcase name="of node 650 should be 648" classname="com.github.traderjoe95.mls.protocol.tree.TreeMath" time="0.0"/>
  <testcase name="of node 651 should be 643" classname="com.github.traderjoe95.mls.protocol.tree.TreeMath" time="0.0"/>
  <testcase name="of node 652 should be 654" classname="com.github.traderjoe95.mls.protocol.tree.TreeMath" time="0.0"/>
  <testcase name="of node 653 should be 649" classname="com.github.traderjoe95.mls.protocol.tree.TreeMath" time="0.0"/>
  <testcase name="of node 654 should be 652" classname="com.github.traderjoe95.mls.protocol.tree.TreeMath" time="0.0"/>
  <testcase name="of node 655 should be 687" classname="com.github.traderjoe95.mls.protocol.tree.TreeMath" time="0.0"/>
  <testcase name="of node 656 should be 658" classname="com.github.traderjoe95.mls.protocol.tree.TreeMath" time="0.0"/>
  <testcase name="of node 657 should be 661" classname="com.github.traderjoe95.mls.protocol.tree.TreeMath" time="0.0"/>
  <testcase name="of node 658 should be 656" classname="com.github.traderjoe95.mls.protocol.tree.TreeMath" time="0.0"/>
  <testcase name="of node 659 should be 667" classname="com.github.traderjoe95.mls.protocol.tree.TreeMath" time="0.0"/>
  <testcase name="of node 660 should be 662" classname="com.github.traderjoe95.mls.protocol.tree.TreeMath" time="0.0"/>
  <testcase name="of node 661 should be 657" classname="com.github.traderjoe95.mls.protocol.tree.TreeMath" time="0.0"/>
  <testcase name="of node 662 should be 660" classname="com.github.traderjoe95.mls.protocol.tree.TreeMath" time="0.0"/>
  <testcase name="of node 663 should be 647" classname="com.github.traderjoe95.mls.protocol.tree.TreeMath" time="0.0"/>
  <testcase name="of node 664 should be 666" classname="com.github.traderjoe95.mls.protocol.tree.TreeMath" time="0.0"/>
  <testcase name="of node 665 should be 669" classname="com.github.traderjoe95.mls.protocol.tree.TreeMath" time="0.0"/>
  <testcase name="of node 666 should be 664" classname="com.github.traderjoe95.mls.protocol.tree.TreeMath" time="0.0"/>
  <testcase name="of node 667 should be 659" classname="com.github.traderjoe95.mls.protocol.tree.TreeMath" time="0.0"/>
  <testcase name="of node 668 should be 670" classname="com.github.traderjoe95.mls.protocol.tree.TreeMath" time="0.0"/>
  <testcase name="of node 669 should be 665" classname="com.github.traderjoe95.mls.protocol.tree.TreeMath" time="0.0"/>
  <testcase name="of node 670 should be 668" classname="com.github.traderjoe95.mls.protocol.tree.TreeMath" time="0.0"/>
  <testcase name="of node 671 should be 735" classname="com.github.traderjoe95.mls.protocol.tree.TreeMath" time="0.0"/>
  <testcase name="of node 672 should be 674" classname="com.github.traderjoe95.mls.protocol.tree.TreeMath" time="0.001"/>
  <testcase name="of node 673 should be 677" classname="com.github.traderjoe95.mls.protocol.tree.TreeMath" time="0.0"/>
  <testcase name="of node 674 should be 672" classname="com.github.traderjoe95.mls.protocol.tree.TreeMath" time="0.0"/>
  <testcase name="of node 675 should be 683" classname="com.github.traderjoe95.mls.protocol.tree.TreeMath" time="0.0"/>
  <testcase name="of node 676 should be 678" classname="com.github.traderjoe95.mls.protocol.tree.TreeMath" time="0.0"/>
  <testcase name="of node 677 should be 673" classname="com.github.traderjoe95.mls.protocol.tree.TreeMath" time="0.0"/>
  <testcase name="of node 678 should be 676" classname="com.github.traderjoe95.mls.protocol.tree.TreeMath" time="0.0"/>
  <testcase name="of node 679 should be 695" classname="com.github.traderjoe95.mls.protocol.tree.TreeMath" time="0.0"/>
  <testcase name="of node 680 should be 682" classname="com.github.traderjoe95.mls.protocol.tree.TreeMath" time="0.0"/>
  <testcase name="of node 681 should be 685" classname="com.github.traderjoe95.mls.protocol.tree.TreeMath" time="0.0"/>
  <testcase name="of node 682 should be 680" classname="com.github.traderjoe95.mls.protocol.tree.TreeMath" time="0.0"/>
  <testcase name="of node 683 should be 675" classname="com.github.traderjoe95.mls.protocol.tree.TreeMath" time="0.001"/>
  <testcase name="of node 684 should be 686" classname="com.github.traderjoe95.mls.protocol.tree.TreeMath" time="0.0"/>
  <testcase name="of node 685 should be 681" classname="com.github.traderjoe95.mls.protocol.tree.TreeMath" time="0.0"/>
  <testcase name="of node 686 should be 684" classname="com.github.traderjoe95.mls.protocol.tree.TreeMath" time="0.001"/>
  <testcase name="of node 687 should be 655" classname="com.github.traderjoe95.mls.protocol.tree.TreeMath" time="0.0"/>
  <testcase name="of node 688 should be 690" classname="com.github.traderjoe95.mls.protocol.tree.TreeMath" time="0.0"/>
  <testcase name="of node 689 should be 693" classname="com.github.traderjoe95.mls.protocol.tree.TreeMath" time="0.001"/>
  <testcase name="of node 690 should be 688" classname="com.github.traderjoe95.mls.protocol.tree.TreeMath" time="0.0"/>
  <testcase name="of node 691 should be 699" classname="com.github.traderjoe95.mls.protocol.tree.TreeMath" time="0.0"/>
  <testcase name="of node 692 should be 694" classname="com.github.traderjoe95.mls.protocol.tree.TreeMath" time="0.0"/>
  <testcase name="of node 693 should be 689" classname="com.github.traderjoe95.mls.protocol.tree.TreeMath" time="0.0"/>
  <testcase name="of node 694 should be 692" classname="com.github.traderjoe95.mls.protocol.tree.TreeMath" time="0.0"/>
  <testcase name="of node 695 should be 679" classname="com.github.traderjoe95.mls.protocol.tree.TreeMath" time="0.0"/>
  <testcase name="of node 696 should be 698" classname="com.github.traderjoe95.mls.protocol.tree.TreeMath" time="0.0"/>
  <testcase name="of node 697 should be 701" classname="com.github.traderjoe95.mls.protocol.tree.TreeMath" time="0.0"/>
  <testcase name="of node 698 should be 696" classname="com.github.traderjoe95.mls.protocol.tree.TreeMath" time="0.0"/>
  <testcase name="of node 699 should be 691" classname="com.github.traderjoe95.mls.protocol.tree.TreeMath" time="0.0"/>
  <testcase name="of node 700 should be 702" classname="com.github.traderjoe95.mls.protocol.tree.TreeMath" time="0.0"/>
  <testcase name="of node 701 should be 697" classname="com.github.traderjoe95.mls.protocol.tree.TreeMath" time="0.0"/>
  <testcase name="of node 702 should be 700" classname="com.github.traderjoe95.mls.protocol.tree.TreeMath" time="0.0"/>
  <testcase name="of node 703 should be 575" classname="com.github.traderjoe95.mls.protocol.tree.TreeMath" time="0.0"/>
  <testcase name="of node 704 should be 706" classname="com.github.traderjoe95.mls.protocol.tree.TreeMath" time="0.0"/>
  <testcase name="of node 705 should be 709" classname="com.github.traderjoe95.mls.protocol.tree.TreeMath" time="0.0"/>
  <testcase name="of node 706 should be 704" classname="com.github.traderjoe95.mls.protocol.tree.TreeMath" time="0.0"/>
  <testcase name="of node 707 should be 715" classname="com.github.traderjoe95.mls.protocol.tree.TreeMath" time="0.0"/>
  <testcase name="of node 708 should be 710" classname="com.github.traderjoe95.mls.protocol.tree.TreeMath" time="0.0"/>
  <testcase name="of node 709 should be 705" classname="com.github.traderjoe95.mls.protocol.tree.TreeMath" time="0.0"/>
  <testcase name="of node 710 should be 708" classname="com.github.traderjoe95.mls.protocol.tree.TreeMath" time="0.0"/>
  <testcase name="of node 711 should be 727" classname="com.github.traderjoe95.mls.protocol.tree.TreeMath" time="0.0"/>
  <testcase name="of node 712 should be 714" classname="com.github.traderjoe95.mls.protocol.tree.TreeMath" time="0.0"/>
  <testcase name="of node 713 should be 717" classname="com.github.traderjoe95.mls.protocol.tree.TreeMath" time="0.0"/>
  <testcase name="of node 714 should be 712" classname="com.github.traderjoe95.mls.protocol.tree.TreeMath" time="0.0"/>
  <testcase name="of node 715 should be 707" classname="com.github.traderjoe95.mls.protocol.tree.TreeMath" time="0.0"/>
  <testcase name="of node 716 should be 718" classname="com.github.traderjoe95.mls.protocol.tree.TreeMath" time="0.0"/>
  <testcase name="of node 717 should be 713" classname="com.github.traderjoe95.mls.protocol.tree.TreeMath" time="0.0"/>
  <testcase name="of node 718 should be 716" classname="com.github.traderjoe95.mls.protocol.tree.TreeMath" time="0.0"/>
  <testcase name="of node 719 should be 751" classname="com.github.traderjoe95.mls.protocol.tree.TreeMath" time="0.0"/>
  <testcase name="of node 720 should be 722" classname="com.github.traderjoe95.mls.protocol.tree.TreeMath" time="0.0"/>
  <testcase name="of node 721 should be 725" classname="com.github.traderjoe95.mls.protocol.tree.TreeMath" time="0.001"/>
  <testcase name="of node 722 should be 720" classname="com.github.traderjoe95.mls.protocol.tree.TreeMath" time="0.0"/>
  <testcase name="of node 723 should be 731" classname="com.github.traderjoe95.mls.protocol.tree.TreeMath" time="0.0"/>
  <testcase name="of node 724 should be 726" classname="com.github.traderjoe95.mls.protocol.tree.TreeMath" time="0.0"/>
  <testcase name="of node 725 should be 721" classname="com.github.traderjoe95.mls.protocol.tree.TreeMath" time="0.0"/>
  <testcase name="of node 726 should be 724" classname="com.github.traderjoe95.mls.protocol.tree.TreeMath" time="0.0"/>
  <testcase name="of node 727 should be 711" classname="com.github.traderjoe95.mls.protocol.tree.TreeMath" time="0.0"/>
  <testcase name="of node 728 should be 730" classname="com.github.traderjoe95.mls.protocol.tree.TreeMath" time="0.0"/>
  <testcase name="of node 729 should be 733" classname="com.github.traderjoe95.mls.protocol.tree.TreeMath" time="0.0"/>
  <testcase name="of node 730 should be 728" classname="com.github.traderjoe95.mls.protocol.tree.TreeMath" time="0.0"/>
  <testcase name="of node 731 should be 723" classname="com.github.traderjoe95.mls.protocol.tree.TreeMath" time="0.0"/>
  <testcase name="of node 732 should be 734" classname="com.github.traderjoe95.mls.protocol.tree.TreeMath" time="0.0"/>
  <testcase name="of node 733 should be 729" classname="com.github.traderjoe95.mls.protocol.tree.TreeMath" time="0.0"/>
  <testcase name="of node 734 should be 732" classname="com.github.traderjoe95.mls.protocol.tree.TreeMath" time="0.0"/>
  <testcase name="of node 735 should be 671" classname="com.github.traderjoe95.mls.protocol.tree.TreeMath" time="0.0"/>
  <testcase name="of node 736 should be 738" classname="com.github.traderjoe95.mls.protocol.tree.TreeMath" time="0.0"/>
  <testcase name="of node 737 should be 741" classname="com.github.traderjoe95.mls.protocol.tree.TreeMath" time="0.0"/>
  <testcase name="of node 738 should be 736" classname="com.github.traderjoe95.mls.protocol.tree.TreeMath" time="0.0"/>
  <testcase name="of node 739 should be 747" classname="com.github.traderjoe95.mls.protocol.tree.TreeMath" time="0.0"/>
  <testcase name="of node 740 should be 742" classname="com.github.traderjoe95.mls.protocol.tree.TreeMath" time="0.0"/>
  <testcase name="of node 741 should be 737" classname="com.github.traderjoe95.mls.protocol.tree.TreeMath" time="0.0"/>
  <testcase name="of node 742 should be 740" classname="com.github.traderjoe95.mls.protocol.tree.TreeMath" time="0.001"/>
  <testcase name="of node 743 should be 759" classname="com.github.traderjoe95.mls.protocol.tree.TreeMath" time="0.0"/>
  <testcase name="of node 744 should be 746" classname="com.github.traderjoe95.mls.protocol.tree.TreeMath" time="0.0"/>
  <testcase name="of node 745 should be 749" classname="com.github.traderjoe95.mls.protocol.tree.TreeMath" time="0.0"/>
  <testcase name="of node 746 should be 744" classname="com.github.traderjoe95.mls.protocol.tree.TreeMath" time="0.0"/>
  <testcase name="of node 747 should be 739" classname="com.github.traderjoe95.mls.protocol.tree.TreeMath" time="0.0"/>
  <testcase name="of node 748 should be 750" classname="com.github.traderjoe95.mls.protocol.tree.TreeMath" time="0.0"/>
  <testcase name="of node 749 should be 745" classname="com.github.traderjoe95.mls.protocol.tree.TreeMath" time="0.0"/>
  <testcase name="of node 750 should be 748" classname="com.github.traderjoe95.mls.protocol.tree.TreeMath" time="0.0"/>
  <testcase name="of node 751 should be 719" classname="com.github.traderjoe95.mls.protocol.tree.TreeMath" time="0.0"/>
  <testcase name="of node 752 should be 754" classname="com.github.traderjoe95.mls.protocol.tree.TreeMath" time="0.0"/>
  <testcase name="of node 753 should be 757" classname="com.github.traderjoe95.mls.protocol.tree.TreeMath" time="0.0"/>
  <testcase name="of node 754 should be 752" classname="com.github.traderjoe95.mls.protocol.tree.TreeMath" time="0.0"/>
  <testcase name="of node 755 should be 763" classname="com.github.traderjoe95.mls.protocol.tree.TreeMath" time="0.0"/>
  <testcase name="of node 756 should be 758" classname="com.github.traderjoe95.mls.protocol.tree.TreeMath" time="0.0"/>
  <testcase name="of node 757 should be 753" classname="com.github.traderjoe95.mls.protocol.tree.TreeMath" time="0.0"/>
  <testcase name="of node 758 should be 756" classname="com.github.traderjoe95.mls.protocol.tree.TreeMath" time="0.0"/>
  <testcase name="of node 759 should be 743" classname="com.github.traderjoe95.mls.protocol.tree.TreeMath" time="0.0"/>
  <testcase name="of node 760 should be 762" classname="com.github.traderjoe95.mls.protocol.tree.TreeMath" time="0.0"/>
  <testcase name="of node 761 should be 765" classname="com.github.traderjoe95.mls.protocol.tree.TreeMath" time="0.001"/>
  <testcase name="of node 762 should be 760" classname="com.github.traderjoe95.mls.protocol.tree.TreeMath" time="0.0"/>
  <testcase name="of node 763 should be 755" classname="com.github.traderjoe95.mls.protocol.tree.TreeMath" time="0.0"/>
  <testcase name="of node 764 should be 766" classname="com.github.traderjoe95.mls.protocol.tree.TreeMath" time="0.0"/>
  <testcase name="of node 765 should be 761" classname="com.github.traderjoe95.mls.protocol.tree.TreeMath" time="0.0"/>
  <testcase name="of node 766 should be 764" classname="com.github.traderjoe95.mls.protocol.tree.TreeMath" time="0.0"/>
  <testcase name="of node 767 should be 255" classname="com.github.traderjoe95.mls.protocol.tree.TreeMath" time="0.0"/>
  <testcase name="of node 768 should be 770" classname="com.github.traderjoe95.mls.protocol.tree.TreeMath" time="0.0"/>
  <testcase name="of node 769 should be 773" classname="com.github.traderjoe95.mls.protocol.tree.TreeMath" time="0.0"/>
  <testcase name="of node 770 should be 768" classname="com.github.traderjoe95.mls.protocol.tree.TreeMath" time="0.0"/>
  <testcase name="of node 771 should be 779" classname="com.github.traderjoe95.mls.protocol.tree.TreeMath" time="0.0"/>
  <testcase name="of node 772 should be 774" classname="com.github.traderjoe95.mls.protocol.tree.TreeMath" time="0.001"/>
  <testcase name="of node 773 should be 769" classname="com.github.traderjoe95.mls.protocol.tree.TreeMath" time="0.0"/>
  <testcase name="of node 774 should be 772" classname="com.github.traderjoe95.mls.protocol.tree.TreeMath" time="0.0"/>
  <testcase name="of node 775 should be 791" classname="com.github.traderjoe95.mls.protocol.tree.TreeMath" time="0.0"/>
  <testcase name="of node 776 should be 778" classname="com.github.traderjoe95.mls.protocol.tree.TreeMath" time="0.0"/>
  <testcase name="of node 777 should be 781" classname="com.github.traderjoe95.mls.protocol.tree.TreeMath" time="0.0"/>
  <testcase name="of node 778 should be 776" classname="com.github.traderjoe95.mls.protocol.tree.TreeMath" time="0.0"/>
  <testcase name="of node 779 should be 771" classname="com.github.traderjoe95.mls.protocol.tree.TreeMath" time="0.0"/>
  <testcase name="of node 780 should be 782" classname="com.github.traderjoe95.mls.protocol.tree.TreeMath" time="0.0"/>
  <testcase name="of node 781 should be 777" classname="com.github.traderjoe95.mls.protocol.tree.TreeMath" time="0.0"/>
  <testcase name="of node 782 should be 780" classname="com.github.traderjoe95.mls.protocol.tree.TreeMath" time="0.0"/>
  <testcase name="of node 783 should be 815" classname="com.github.traderjoe95.mls.protocol.tree.TreeMath" time="0.0"/>
  <testcase name="of node 784 should be 786" classname="com.github.traderjoe95.mls.protocol.tree.TreeMath" time="0.0"/>
  <testcase name="of node 785 should be 789" classname="com.github.traderjoe95.mls.protocol.tree.TreeMath" time="0.0"/>
  <testcase name="of node 786 should be 784" classname="com.github.traderjoe95.mls.protocol.tree.TreeMath" time="0.0"/>
  <testcase name="of node 787 should be 795" classname="com.github.traderjoe95.mls.protocol.tree.TreeMath" time="0.0"/>
  <testcase name="of node 788 should be 790" classname="com.github.traderjoe95.mls.protocol.tree.TreeMath" time="0.0"/>
  <testcase name="of node 789 should be 785" classname="com.github.traderjoe95.mls.protocol.tree.TreeMath" time="0.001"/>
  <testcase name="of node 790 should be 788" classname="com.github.traderjoe95.mls.protocol.tree.TreeMath" time="0.0"/>
  <testcase name="of node 791 should be 775" classname="com.github.traderjoe95.mls.protocol.tree.TreeMath" time="0.0"/>
  <testcase name="of node 792 should be 794" classname="com.github.traderjoe95.mls.protocol.tree.TreeMath" time="0.0"/>
  <testcase name="of node 793 should be 797" classname="com.github.traderjoe95.mls.protocol.tree.TreeMath" time="0.0"/>
  <testcase name="of node 794 should be 792" classname="com.github.traderjoe95.mls.protocol.tree.TreeMath" time="0.0"/>
  <testcase name="of node 795 should be 787" classname="com.github.traderjoe95.mls.protocol.tree.TreeMath" time="0.0"/>
  <testcase name="of node 796 should be 798" classname="com.github.traderjoe95.mls.protocol.tree.TreeMath" time="0.0"/>
  <testcase name="of node 797 should be 793" classname="com.github.traderjoe95.mls.protocol.tree.TreeMath" time="0.0"/>
  <testcase name="of node 798 should be 796" classname="com.github.traderjoe95.mls.protocol.tree.TreeMath" time="0.0"/>
  <testcase name="of node 799 should be 863" classname="com.github.traderjoe95.mls.protocol.tree.TreeMath" time="0.0"/>
  <testcase name="of node 800 should be 802" classname="com.github.traderjoe95.mls.protocol.tree.TreeMath" time="0.0"/>
  <testcase name="of node 801 should be 805" classname="com.github.traderjoe95.mls.protocol.tree.TreeMath" time="0.0"/>
  <testcase name="of node 802 should be 800" classname="com.github.traderjoe95.mls.protocol.tree.TreeMath" time="0.0"/>
  <testcase name="of node 803 should be 811" classname="com.github.traderjoe95.mls.protocol.tree.TreeMath" time="0.0"/>
  <testcase name="of node 804 should be 806" classname="com.github.traderjoe95.mls.protocol.tree.TreeMath" time="0.0"/>
  <testcase name="of node 805 should be 801" classname="com.github.traderjoe95.mls.protocol.tree.TreeMath" time="0.0"/>
  <testcase name="of node 806 should be 804" classname="com.github.traderjoe95.mls.protocol.tree.TreeMath" time="0.0"/>
  <testcase name="of node 807 should be 823" classname="com.github.traderjoe95.mls.protocol.tree.TreeMath" time="0.0"/>
  <testcase name="of node 808 should be 810" classname="com.github.traderjoe95.mls.protocol.tree.TreeMath" time="0.001"/>
  <testcase name="of node 809 should be 813" classname="com.github.traderjoe95.mls.protocol.tree.TreeMath" time="0.0"/>
  <testcase name="of node 810 should be 808" classname="com.github.traderjoe95.mls.protocol.tree.TreeMath" time="0.0"/>
  <testcase name="of node 811 should be 803" classname="com.github.traderjoe95.mls.protocol.tree.TreeMath" time="0.0"/>
  <testcase name="of node 812 should be 814" classname="com.github.traderjoe95.mls.protocol.tree.TreeMath" time="0.0"/>
  <testcase name="of node 813 should be 809" classname="com.github.traderjoe95.mls.protocol.tree.TreeMath" time="0.001"/>
  <testcase name="of node 814 should be 812" classname="com.github.traderjoe95.mls.protocol.tree.TreeMath" time="0.0"/>
  <testcase name="of node 815 should be 783" classname="com.github.traderjoe95.mls.protocol.tree.TreeMath" time="0.0"/>
  <testcase name="of node 816 should be 818" classname="com.github.traderjoe95.mls.protocol.tree.TreeMath" time="0.0"/>
  <testcase name="of node 817 should be 821" classname="com.github.traderjoe95.mls.protocol.tree.TreeMath" time="0.0"/>
  <testcase name="of node 818 should be 816" classname="com.github.traderjoe95.mls.protocol.tree.TreeMath" time="0.0"/>
  <testcase name="of node 819 should be 827" classname="com.github.traderjoe95.mls.protocol.tree.TreeMath" time="0.0"/>
  <testcase name="of node 820 should be 822" classname="com.github.traderjoe95.mls.protocol.tree.TreeMath" time="0.0"/>
  <testcase name="of node 821 should be 817" classname="com.github.traderjoe95.mls.protocol.tree.TreeMath" time="0.0"/>
  <testcase name="of node 822 should be 820" classname="com.github.traderjoe95.mls.protocol.tree.TreeMath" time="0.0"/>
  <testcase name="of node 823 should be 807" classname="com.github.traderjoe95.mls.protocol.tree.TreeMath" time="0.001"/>
  <testcase name="of node 824 should be 826" classname="com.github.traderjoe95.mls.protocol.tree.TreeMath" time="0.0"/>
  <testcase name="of node 825 should be 829" classname="com.github.traderjoe95.mls.protocol.tree.TreeMath" time="0.001"/>
  <testcase name="of node 826 should be 824" classname="com.github.traderjoe95.mls.protocol.tree.TreeMath" time="0.0"/>
  <testcase name="of node 827 should be 819" classname="com.github.traderjoe95.mls.protocol.tree.TreeMath" time="0.0"/>
  <testcase name="of node 828 should be 830" classname="com.github.traderjoe95.mls.protocol.tree.TreeMath" time="0.0"/>
  <testcase name="of node 829 should be 825" classname="com.github.traderjoe95.mls.protocol.tree.TreeMath" time="0.001"/>
  <testcase name="of node 830 should be 828" classname="com.github.traderjoe95.mls.protocol.tree.TreeMath" time="0.0"/>
  <testcase name="of node 831 should be 959" classname="com.github.traderjoe95.mls.protocol.tree.TreeMath" time="0.0"/>
  <testcase name="of node 832 should be 834" classname="com.github.traderjoe95.mls.protocol.tree.TreeMath" time="0.0"/>
  <testcase name="of node 833 should be 837" classname="com.github.traderjoe95.mls.protocol.tree.TreeMath" time="0.001"/>
  <testcase name="of node 834 should be 832" classname="com.github.traderjoe95.mls.protocol.tree.TreeMath" time="0.0"/>
  <testcase name="of node 835 should be 843" classname="com.github.traderjoe95.mls.protocol.tree.TreeMath" time="0.0"/>
  <testcase name="of node 836 should be 838" classname="com.github.traderjoe95.mls.protocol.tree.TreeMath" time="0.0"/>
  <testcase name="of node 837 should be 833" classname="com.github.traderjoe95.mls.protocol.tree.TreeMath" time="0.0"/>
  <testcase name="of node 838 should be 836" classname="com.github.traderjoe95.mls.protocol.tree.TreeMath" time="0.0"/>
  <testcase name="of node 839 should be 855" classname="com.github.traderjoe95.mls.protocol.tree.TreeMath" time="0.001"/>
  <testcase name="of node 840 should be 842" classname="com.github.traderjoe95.mls.protocol.tree.TreeMath" time="0.0"/>
  <testcase name="of node 841 should be 845" classname="com.github.traderjoe95.mls.protocol.tree.TreeMath" time="0.0"/>
  <testcase name="of node 842 should be 840" classname="com.github.traderjoe95.mls.protocol.tree.TreeMath" time="0.0"/>
  <testcase name="of node 843 should be 835" classname="com.github.traderjoe95.mls.protocol.tree.TreeMath" time="0.0"/>
  <testcase name="of node 844 should be 846" classname="com.github.traderjoe95.mls.protocol.tree.TreeMath" time="0.0"/>
  <testcase name="of node 845 should be 841" classname="com.github.traderjoe95.mls.protocol.tree.TreeMath" time="0.0"/>
  <testcase name="of node 846 should be 844" classname="com.github.traderjoe95.mls.protocol.tree.TreeMath" time="0.0"/>
  <testcase name="of node 847 should be 879" classname="com.github.traderjoe95.mls.protocol.tree.TreeMath" time="0.0"/>
  <testcase name="of node 848 should be 850" classname="com.github.traderjoe95.mls.protocol.tree.TreeMath" time="0.0"/>
  <testcase name="of node 849 should be 853" classname="com.github.traderjoe95.mls.protocol.tree.TreeMath" time="0.0"/>
  <testcase name="of node 850 should be 848" classname="com.github.traderjoe95.mls.protocol.tree.TreeMath" time="0.0"/>
  <testcase name="of node 851 should be 859" classname="com.github.traderjoe95.mls.protocol.tree.TreeMath" time="0.0"/>
  <testcase name="of node 852 should be 854" classname="com.github.traderjoe95.mls.protocol.tree.TreeMath" time="0.0"/>
  <testcase name="of node 853 should be 849" classname="com.github.traderjoe95.mls.protocol.tree.TreeMath" time="0.0"/>
  <testcase name="of node 854 should be 852" classname="com.github.traderjoe95.mls.protocol.tree.TreeMath" time="0.0"/>
  <testcase name="of node 855 should be 839" classname="com.github.traderjoe95.mls.protocol.tree.TreeMath" time="0.0"/>
  <testcase name="of node 856 should be 858" classname="com.github.traderjoe95.mls.protocol.tree.TreeMath" time="0.0"/>
  <testcase name="of node 857 should be 861" classname="com.github.traderjoe95.mls.protocol.tree.TreeMath" time="0.0"/>
  <testcase name="of node 858 should be 856" classname="com.github.traderjoe95.mls.protocol.tree.TreeMath" time="0.0"/>
  <testcase name="of node 859 should be 851" classname="com.github.traderjoe95.mls.protocol.tree.TreeMath" time="0.0"/>
  <testcase name="of node 860 should be 862" classname="com.github.traderjoe95.mls.protocol.tree.TreeMath" time="0.0"/>
  <testcase name="of node 861 should be 857" classname="com.github.traderjoe95.mls.protocol.tree.TreeMath" time="0.0"/>
  <testcase name="of node 862 should be 860" classname="com.github.traderjoe95.mls.protocol.tree.TreeMath" time="0.0"/>
  <testcase name="of node 863 should be 799" classname="com.github.traderjoe95.mls.protocol.tree.TreeMath" time="0.0"/>
  <testcase name="of node 864 should be 866" classname="com.github.traderjoe95.mls.protocol.tree.TreeMath" time="0.0"/>
  <testcase name="of node 865 should be 869" classname="com.github.traderjoe95.mls.protocol.tree.TreeMath" time="0.0"/>
  <testcase name="of node 866 should be 864" classname="com.github.traderjoe95.mls.protocol.tree.TreeMath" time="0.0"/>
  <testcase name="of node 867 should be 875" classname="com.github.traderjoe95.mls.protocol.tree.TreeMath" time="0.0"/>
  <testcase name="of node 868 should be 870" classname="com.github.traderjoe95.mls.protocol.tree.TreeMath" time="0.0"/>
  <testcase name="of node 869 should be 865" classname="com.github.traderjoe95.mls.protocol.tree.TreeMath" time="0.0"/>
  <testcase name="of node 870 should be 868" classname="com.github.traderjoe95.mls.protocol.tree.TreeMath" time="0.0"/>
  <testcase name="of node 871 should be 887" classname="com.github.traderjoe95.mls.protocol.tree.TreeMath" time="0.0"/>
  <testcase name="of node 872 should be 874" classname="com.github.traderjoe95.mls.protocol.tree.TreeMath" time="0.0"/>
  <testcase name="of node 873 should be 877" classname="com.github.traderjoe95.mls.protocol.tree.TreeMath" time="0.0"/>
  <testcase name="of node 874 should be 872" classname="com.github.traderjoe95.mls.protocol.tree.TreeMath" time="0.0"/>
  <testcase name="of node 875 should be 867" classname="com.github.traderjoe95.mls.protocol.tree.TreeMath" time="0.0"/>
  <testcase name="of node 876 should be 878" classname="com.github.traderjoe95.mls.protocol.tree.TreeMath" time="0.0"/>
  <testcase name="of node 877 should be 873" classname="com.github.traderjoe95.mls.protocol.tree.TreeMath" time="0.0"/>
  <testcase name="of node 878 should be 876" classname="com.github.traderjoe95.mls.protocol.tree.TreeMath" time="0.0"/>
  <testcase name="of node 879 should be 847" classname="com.github.traderjoe95.mls.protocol.tree.TreeMath" time="0.0"/>
  <testcase name="of node 880 should be 882" classname="com.github.traderjoe95.mls.protocol.tree.TreeMath" time="0.0"/>
  <testcase name="of node 881 should be 885" classname="com.github.traderjoe95.mls.protocol.tree.TreeMath" time="0.0"/>
  <testcase name="of node 882 should be 880" classname="com.github.traderjoe95.mls.protocol.tree.TreeMath" time="0.0"/>
  <testcase name="of node 883 should be 891" classname="com.github.traderjoe95.mls.protocol.tree.TreeMath" time="0.0"/>
  <testcase name="of node 884 should be 886" classname="com.github.traderjoe95.mls.protocol.tree.TreeMath" time="0.0"/>
  <testcase name="of node 885 should be 881" classname="com.github.traderjoe95.mls.protocol.tree.TreeMath" time="0.0"/>
  <testcase name="of node 886 should be 884" classname="com.github.traderjoe95.mls.protocol.tree.TreeMath" time="0.0"/>
  <testcase name="of node 887 should be 871" classname="com.github.traderjoe95.mls.protocol.tree.TreeMath" time="0.0"/>
  <testcase name="of node 888 should be 890" classname="com.github.traderjoe95.mls.protocol.tree.TreeMath" time="0.0"/>
  <testcase name="of node 889 should be 893" classname="com.github.traderjoe95.mls.protocol.tree.TreeMath" time="0.0"/>
  <testcase name="of node 890 should be 888" classname="com.github.traderjoe95.mls.protocol.tree.TreeMath" time="0.0"/>
  <testcase name="of node 891 should be 883" classname="com.github.traderjoe95.mls.protocol.tree.TreeMath" time="0.001"/>
  <testcase name="of node 892 should be 894" classname="com.github.traderjoe95.mls.protocol.tree.TreeMath" time="0.0"/>
  <testcase name="of node 893 should be 889" classname="com.github.traderjoe95.mls.protocol.tree.TreeMath" time="0.0"/>
  <testcase name="of node 894 should be 892" classname="com.github.traderjoe95.mls.protocol.tree.TreeMath" time="0.0"/>
  <testcase name="of node 895 should be 639" classname="com.github.traderjoe95.mls.protocol.tree.TreeMath" time="0.0"/>
  <testcase name="of node 896 should be 898" classname="com.github.traderjoe95.mls.protocol.tree.TreeMath" time="0.0"/>
  <testcase name="of node 897 should be 901" classname="com.github.traderjoe95.mls.protocol.tree.TreeMath" time="0.0"/>
  <testcase name="of node 898 should be 896" classname="com.github.traderjoe95.mls.protocol.tree.TreeMath" time="0.0"/>
  <testcase name="of node 899 should be 907" classname="com.github.traderjoe95.mls.protocol.tree.TreeMath" time="0.0"/>
  <testcase name="of node 900 should be 902" classname="com.github.traderjoe95.mls.protocol.tree.TreeMath" time="0.0"/>
  <testcase name="of node 901 should be 897" classname="com.github.traderjoe95.mls.protocol.tree.TreeMath" time="0.0"/>
  <testcase name="of node 902 should be 900" classname="com.github.traderjoe95.mls.protocol.tree.TreeMath" time="0.0"/>
  <testcase name="of node 903 should be 919" classname="com.github.traderjoe95.mls.protocol.tree.TreeMath" time="0.0"/>
  <testcase name="of node 904 should be 906" classname="com.github.traderjoe95.mls.protocol.tree.TreeMath" time="0.0"/>
  <testcase name="of node 905 should be 909" classname="com.github.traderjoe95.mls.protocol.tree.TreeMath" time="0.001"/>
  <testcase name="of node 906 should be 904" classname="com.github.traderjoe95.mls.protocol.tree.TreeMath" time="0.0"/>
  <testcase name="of node 907 should be 899" classname="com.github.traderjoe95.mls.protocol.tree.TreeMath" time="0.0"/>
  <testcase name="of node 908 should be 910" classname="com.github.traderjoe95.mls.protocol.tree.TreeMath" time="0.0"/>
  <testcase name="of node 909 should be 905" classname="com.github.traderjoe95.mls.protocol.tree.TreeMath" time="0.0"/>
  <testcase name="of node 910 should be 908" classname="com.github.traderjoe95.mls.protocol.tree.TreeMath" time="0.0"/>
  <testcase name="of node 911 should be 943" classname="com.github.traderjoe95.mls.protocol.tree.TreeMath" time="0.0"/>
  <testcase name="of node 912 should be 914" classname="com.github.traderjoe95.mls.protocol.tree.TreeMath" time="0.0"/>
  <testcase name="of node 913 should be 917" classname="com.github.traderjoe95.mls.protocol.tree.TreeMath" time="0.0"/>
  <testcase name="of node 914 should be 912" classname="com.github.traderjoe95.mls.protocol.tree.TreeMath" time="0.0"/>
  <testcase name="of node 915 should be 923" classname="com.github.traderjoe95.mls.protocol.tree.TreeMath" time="0.001"/>
  <testcase name="of node 916 should be 918" classname="com.github.traderjoe95.mls.protocol.tree.TreeMath" time="0.0"/>
  <testcase name="of node 917 should be 913" classname="com.github.traderjoe95.mls.protocol.tree.TreeMath" time="0.0"/>
  <testcase name="of node 918 should be 916" classname="com.github.traderjoe95.mls.protocol.tree.TreeMath" time="0.0"/>
  <testcase name="of node 919 should be 903" classname="com.github.traderjoe95.mls.protocol.tree.TreeMath" time="0.0"/>
  <testcase name="of node 920 should be 922" classname="com.github.traderjoe95.mls.protocol.tree.TreeMath" time="0.0"/>
  <testcase name="of node 921 should be 925" classname="com.github.traderjoe95.mls.protocol.tree.TreeMath" time="0.0"/>
  <testcase name="of node 922 should be 920" classname="com.github.traderjoe95.mls.protocol.tree.TreeMath" time="0.0"/>
  <testcase name="of node 923 should be 915" classname="com.github.traderjoe95.mls.protocol.tree.TreeMath" time="0.0"/>
  <testcase name="of node 924 should be 926" classname="com.github.traderjoe95.mls.protocol.tree.TreeMath" time="0.0"/>
  <testcase name="of node 925 should be 921" classname="com.github.traderjoe95.mls.protocol.tree.TreeMath" time="0.0"/>
  <testcase name="of node 926 should be 924" classname="com.github.traderjoe95.mls.protocol.tree.TreeMath" time="0.0"/>
  <testcase name="of node 927 should be 991" classname="com.github.traderjoe95.mls.protocol.tree.TreeMath" time="0.0"/>
  <testcase name="of node 928 should be 930" classname="com.github.traderjoe95.mls.protocol.tree.TreeMath" time="0.0"/>
  <testcase name="of node 929 should be 933" classname="com.github.traderjoe95.mls.protocol.tree.TreeMath" time="0.0"/>
  <testcase name="of node 930 should be 928" classname="com.github.traderjoe95.mls.protocol.tree.TreeMath" time="0.0"/>
  <testcase name="of node 931 should be 939" classname="com.github.traderjoe95.mls.protocol.tree.TreeMath" time="0.0"/>
  <testcase name="of node 932 should be 934" classname="com.github.traderjoe95.mls.protocol.tree.TreeMath" time="0.0"/>
  <testcase name="of node 933 should be 929" classname="com.github.traderjoe95.mls.protocol.tree.TreeMath" time="0.0"/>
  <testcase name="of node 934 should be 932" classname="com.github.traderjoe95.mls.protocol.tree.TreeMath" time="0.001"/>
  <testcase name="of node 935 should be 951" classname="com.github.traderjoe95.mls.protocol.tree.TreeMath" time="0.0"/>
  <testcase name="of node 936 should be 938" classname="com.github.traderjoe95.mls.protocol.tree.TreeMath" time="0.0"/>
  <testcase name="of node 937 should be 941" classname="com.github.traderjoe95.mls.protocol.tree.TreeMath" time="0.0"/>
  <testcase name="of node 938 should be 936" classname="com.github.traderjoe95.mls.protocol.tree.TreeMath" time="0.0"/>
  <testcase name="of node 939 should be 931" classname="com.github.traderjoe95.mls.protocol.tree.TreeMath" time="0.0"/>
  <testcase name="of node 940 should be 942" classname="com.github.traderjoe95.mls.protocol.tree.TreeMath" time="0.0"/>
  <testcase name="of node 941 should be 937" classname="com.github.traderjoe95.mls.protocol.tree.TreeMath" time="0.0"/>
  <testcase name="of node 942 should be 940" classname="com.github.traderjoe95.mls.protocol.tree.TreeMath" time="0.0"/>
  <testcase name="of node 943 should be 911" classname="com.github.traderjoe95.mls.protocol.tree.TreeMath" time="0.0"/>
  <testcase name="of node 944 should be 946" classname="com.github.traderjoe95.mls.protocol.tree.TreeMath" time="0.0"/>
  <testcase name="of node 945 should be 949" classname="com.github.traderjoe95.mls.protocol.tree.TreeMath" time="0.0"/>
  <testcase name="of node 946 should be 944" classname="com.github.traderjoe95.mls.protocol.tree.TreeMath" time="0.0"/>
  <testcase name="of node 947 should be 955" classname="com.github.traderjoe95.mls.protocol.tree.TreeMath" time="0.0"/>
  <testcase name="of node 948 should be 950" classname="com.github.traderjoe95.mls.protocol.tree.TreeMath" time="0.0"/>
  <testcase name="of node 949 should be 945" classname="com.github.traderjoe95.mls.protocol.tree.TreeMath" time="0.0"/>
  <testcase name="of node 950 should be 948" classname="com.github.traderjoe95.mls.protocol.tree.TreeMath" time="0.0"/>
  <testcase name="of node 951 should be 935" classname="com.github.traderjoe95.mls.protocol.tree.TreeMath" time="0.0"/>
  <testcase name="of node 952 should be 954" classname="com.github.traderjoe95.mls.protocol.tree.TreeMath" time="0.001"/>
  <testcase name="of node 953 should be 957" classname="com.github.traderjoe95.mls.protocol.tree.TreeMath" time="0.0"/>
  <testcase name="of node 954 should be 952" classname="com.github.traderjoe95.mls.protocol.tree.TreeMath" time="0.0"/>
  <testcase name="of node 955 should be 947" classname="com.github.traderjoe95.mls.protocol.tree.TreeMath" time="0.0"/>
  <testcase name="of node 956 should be 958" classname="com.github.traderjoe95.mls.protocol.tree.TreeMath" time="0.0"/>
  <testcase name="of node 957 should be 953" classname="com.github.traderjoe95.mls.protocol.tree.TreeMath" time="0.0"/>
  <testcase name="of node 958 should be 956" classname="com.github.traderjoe95.mls.protocol.tree.TreeMath" time="0.0"/>
  <testcase name="of node 959 should be 831" classname="com.github.traderjoe95.mls.protocol.tree.TreeMath" time="0.0"/>
  <testcase name="of node 960 should be 962" classname="com.github.traderjoe95.mls.protocol.tree.TreeMath" time="0.0"/>
  <testcase name="of node 961 should be 965" classname="com.github.traderjoe95.mls.protocol.tree.TreeMath" time="0.0"/>
  <testcase name="of node 962 should be 960" classname="com.github.traderjoe95.mls.protocol.tree.TreeMath" time="0.0"/>
  <testcase name="of node 963 should be 971" classname="com.github.traderjoe95.mls.protocol.tree.TreeMath" time="0.0"/>
  <testcase name="of node 964 should be 966" classname="com.github.traderjoe95.mls.protocol.tree.TreeMath" time="0.0"/>
  <testcase name="of node 965 should be 961" classname="com.github.traderjoe95.mls.protocol.tree.TreeMath" time="0.0"/>
  <testcase name="of node 966 should be 964" classname="com.github.traderjoe95.mls.protocol.tree.TreeMath" time="0.0"/>
  <testcase name="of node 967 should be 983" classname="com.github.traderjoe95.mls.protocol.tree.TreeMath" time="0.0"/>
  <testcase name="of node 968 should be 970" classname="com.github.traderjoe95.mls.protocol.tree.TreeMath" time="0.0"/>
  <testcase name="of node 969 should be 973" classname="com.github.traderjoe95.mls.protocol.tree.TreeMath" time="0.0"/>
  <testcase name="of node 970 should be 968" classname="com.github.traderjoe95.mls.protocol.tree.TreeMath" time="0.0"/>
  <testcase name="of node 971 should be 963" classname="com.github.traderjoe95.mls.protocol.tree.TreeMath" time="0.0"/>
  <testcase name="of node 972 should be 974" classname="com.github.traderjoe95.mls.protocol.tree.TreeMath" time="0.0"/>
  <testcase name="of node 973 should be 969" classname="com.github.traderjoe95.mls.protocol.tree.TreeMath" time="0.0"/>
  <testcase name="of node 974 should be 972" classname="com.github.traderjoe95.mls.protocol.tree.TreeMath" time="0.0"/>
  <testcase name="of node 975 should be 1007" classname="com.github.traderjoe95.mls.protocol.tree.TreeMath" time="0.0"/>
  <testcase name="of node 976 should be 978" classname="com.github.traderjoe95.mls.protocol.tree.TreeMath" time="0.0"/>
  <testcase name="of node 977 should be 981" classname="com.github.traderjoe95.mls.protocol.tree.TreeMath" time="0.0"/>
  <testcase name="of node 978 should be 976" classname="com.github.traderjoe95.mls.protocol.tree.TreeMath" time="0.0"/>
  <testcase name="of node 979 should be 987" classname="com.github.traderjoe95.mls.protocol.tree.TreeMath" time="0.0"/>
  <testcase name="of node 980 should be 982" classname="com.github.traderjoe95.mls.protocol.tree.TreeMath" time="0.0"/>
  <testcase name="of node 981 should be 977" classname="com.github.traderjoe95.mls.protocol.tree.TreeMath" time="0.0"/>
  <testcase name="of node 982 should be 980" classname="com.github.traderjoe95.mls.protocol.tree.TreeMath" time="0.0"/>
  <testcase name="of node 983 should be 967" classname="com.github.traderjoe95.mls.protocol.tree.TreeMath" time="0.0"/>
  <testcase name="of node 984 should be 986" classname="com.github.traderjoe95.mls.protocol.tree.TreeMath" time="0.0"/>
  <testcase name="of node 985 should be 989" classname="com.github.traderjoe95.mls.protocol.tree.TreeMath" time="0.0"/>
  <testcase name="of node 986 should be 984" classname="com.github.traderjoe95.mls.protocol.tree.TreeMath" time="0.0"/>
  <testcase name="of node 987 should be 979" classname="com.github.traderjoe95.mls.protocol.tree.TreeMath" time="0.0"/>
  <testcase name="of node 988 should be 990" classname="com.github.traderjoe95.mls.protocol.tree.TreeMath" time="0.0"/>
  <testcase name="of node 989 should be 985" classname="com.github.traderjoe95.mls.protocol.tree.TreeMath" time="0.0"/>
  <testcase name="of node 990 should be 988" classname="com.github.traderjoe95.mls.protocol.tree.TreeMath" time="0.0"/>
  <testcase name="of node 991 should be 927" classname="com.github.traderjoe95.mls.protocol.tree.TreeMath" time="0.0"/>
  <testcase name="of node 992 should be 994" classname="com.github.traderjoe95.mls.protocol.tree.TreeMath" time="0.0"/>
  <testcase name="of node 993 should be 997" classname="com.github.traderjoe95.mls.protocol.tree.TreeMath" time="0.0"/>
  <testcase name="of node 994 should be 992" classname="com.github.traderjoe95.mls.protocol.tree.TreeMath" time="0.0"/>
  <testcase name="of node 995 should be 1003" classname="com.github.traderjoe95.mls.protocol.tree.TreeMath" time="0.0"/>
  <testcase name="of node 996 should be 998" classname="com.github.traderjoe95.mls.protocol.tree.TreeMath" time="0.0"/>
  <testcase name="of node 997 should be 993" classname="com.github.traderjoe95.mls.protocol.tree.TreeMath" time="0.0"/>
  <testcase name="of node 998 should be 996" classname="com.github.traderjoe95.mls.protocol.tree.TreeMath" time="0.0"/>
  <testcase name="of node 999 should be 1015" classname="com.github.traderjoe95.mls.protocol.tree.TreeMath" time="0.0"/>
  <testcase name="of node 1000 should be 1002" classname="com.github.traderjoe95.mls.protocol.tree.TreeMath" time="0.0"/>
  <testcase name="of node 1001 should be 1005" classname="com.github.traderjoe95.mls.protocol.tree.TreeMath" time="0.0"/>
  <testcase name="of node 1002 should be 1000" classname="com.github.traderjoe95.mls.protocol.tree.TreeMath" time="0.0"/>
  <testcase name="of node 1003 should be 995" classname="com.github.traderjoe95.mls.protocol.tree.TreeMath" time="0.0"/>
  <testcase name="of node 1004 should be 1006" classname="com.github.traderjoe95.mls.protocol.tree.TreeMath" time="0.001"/>
  <testcase name="of node 1005 should be 1001" classname="com.github.traderjoe95.mls.protocol.tree.TreeMath" time="0.0"/>
  <testcase name="of node 1006 should be 1004" classname="com.github.traderjoe95.mls.protocol.tree.TreeMath" time="0.0"/>
  <testcase name="of node 1007 should be 975" classname="com.github.traderjoe95.mls.protocol.tree.TreeMath" time="0.0"/>
  <testcase name="of node 1008 should be 1010" classname="com.github.traderjoe95.mls.protocol.tree.TreeMath" time="0.0"/>
  <testcase name="of node 1009 should be 1013" classname="com.github.traderjoe95.mls.protocol.tree.TreeMath" time="0.0"/>
  <testcase name="of node 1010 should be 1008" classname="com.github.traderjoe95.mls.protocol.tree.TreeMath" time="0.0"/>
  <testcase name="of node 1011 should be 1019" classname="com.github.traderjoe95.mls.protocol.tree.TreeMath" time="0.0"/>
  <testcase name="of node 1012 should be 1014" classname="com.github.traderjoe95.mls.protocol.tree.TreeMath" time="0.0"/>
  <testcase name="of node 1013 should be 1009" classname="com.github.traderjoe95.mls.protocol.tree.TreeMath" time="0.0"/>
  <testcase name="of node 1014 should be 1012" classname="com.github.traderjoe95.mls.protocol.tree.TreeMath" time="0.0"/>
  <testcase name="of node 1015 should be 999" classname="com.github.traderjoe95.mls.protocol.tree.TreeMath" time="0.0"/>
  <testcase name="of node 1016 should be 1018" classname="com.github.traderjoe95.mls.protocol.tree.TreeMath" time="0.0"/>
  <testcase name="of node 1017 should be 1021" classname="com.github.traderjoe95.mls.protocol.tree.TreeMath" time="0.001"/>
  <testcase name="of node 1018 should be 1016" classname="com.github.traderjoe95.mls.protocol.tree.TreeMath" time="0.0"/>
  <testcase name="of node 1019 should be 1011" classname="com.github.traderjoe95.mls.protocol.tree.TreeMath" time="0.0"/>
  <testcase name="of node 1020 should be 1022" classname="com.github.traderjoe95.mls.protocol.tree.TreeMath" time="0.0"/>
  <testcase name="of node 1021 should be 1017" classname="com.github.traderjoe95.mls.protocol.tree.TreeMath" time="0.0"/>
  <testcase name="of node 1022 should be 1020" classname="com.github.traderjoe95.mls.protocol.tree.TreeMath" time="0.0"/>
  <testcase name="there should be 1 nodes" classname="com.github.traderjoe95.mls.protocol.tree.TreeMath" time="0.0"/>
  <testcase name="the root should have index 0" classname="com.github.traderjoe95.mls.protocol.tree.TreeMath" time="0.0"/>
  <testcase name="of node 0 should be 2147483648" classname="com.github.traderjoe95.mls.protocol.tree.TreeMath" time="0.0"/>
  <testcase name="of node 0 should be 2147483648" classname="com.github.traderjoe95.mls.protocol.tree.TreeMath" time="0.0"/>
  <testcase name="of node 0 should be 1" classname="com.github.traderjoe95.mls.protocol.tree.TreeMath" time="0.0"/>
  <testcase name="of node 0 should be 2" classname="com.github.traderjoe95.mls.protocol.tree.TreeMath" time="0.0"/>
  <testcase name="there should be 3 nodes" classname="com.github.traderjoe95.mls.protocol.tree.TreeMath" time="0.0"/>
  <testcase name="the root should have index 1" classname="com.github.traderjoe95.mls.protocol.tree.TreeMath" time="0.0"/>
  <testcase name="of node 0 should be 2147483648" classname="com.github.traderjoe95.mls.protocol.tree.TreeMath" time="0.001"/>
  <testcase name="of node 1 should be 0" classname="com.github.traderjoe95.mls.protocol.tree.TreeMath" time="0.0"/>
  <testcase name="of node 2 should be 2147483650" classname="com.github.traderjoe95.mls.protocol.tree.TreeMath" time="0.0"/>
  <testcase name="of node 0 should be 2147483648" classname="com.github.traderjoe95.mls.protocol.tree.TreeMath" time="0.0"/>
  <testcase name="of node 1 should be 2" classname="com.github.traderjoe95.mls.protocol.tree.TreeMath" time="0.0"/>
  <testcase name="of node 2 should be 2147483650" classname="com.github.traderjoe95.mls.protocol.tree.TreeMath" time="0.0"/>
  <testcase name="of node 0 should be 1" classname="com.github.traderjoe95.mls.protocol.tree.TreeMath" time="0.0"/>
  <testcase name="of node 1 should be 3" classname="com.github.traderjoe95.mls.protocol.tree.TreeMath" time="0.0"/>
  <testcase name="of node 2 should be 1" classname="com.github.traderjoe95.mls.protocol.tree.TreeMath" time="0.0"/>
  <testcase name="of node 0 should be 2" classname="com.github.traderjoe95.mls.protocol.tree.TreeMath" time="0.0"/>
  <testcase name="of node 1 should be 5" classname="com.github.traderjoe95.mls.protocol.tree.TreeMath" time="0.0"/>
  <testcase name="of node 2 should be 0" classname="com.github.traderjoe95.mls.protocol.tree.TreeMath" time="0.0"/>
  <testcase name="there should be 7 nodes" classname="com.github.traderjoe95.mls.protocol.tree.TreeMath" time="0.001"/>
  <testcase name="the root should have index 3" classname="com.github.traderjoe95.mls.protocol.tree.TreeMath" time="0.0"/>
  <testcase name="of node 0 should be 2147483648" classname="com.github.traderjoe95.mls.protocol.tree.TreeMath" time="0.0"/>
  <testcase name="of node 1 should be 0" classname="com.github.traderjoe95.mls.protocol.tree.TreeMath" time="0.0"/>
  <testcase name="of node 2 should be 2147483650" classname="com.github.traderjoe95.mls.protocol.tree.TreeMath" time="0.0"/>
  <testcase name="of node 3 should be 1" classname="com.github.traderjoe95.mls.protocol.tree.TreeMath" time="0.0"/>
  <testcase name="of node 4 should be 2147483652" classname="com.github.traderjoe95.mls.protocol.tree.TreeMath" time="0.0"/>
  <testcase name="of node 5 should be 4" classname="com.github.traderjoe95.mls.protocol.tree.TreeMath" time="0.0"/>
  <testcase name="of node 6 should be 2147483654" classname="com.github.traderjoe95.mls.protocol.tree.TreeMath" time="0.0"/>
  <testcase name="of node 0 should be 2147483648" classname="com.github.traderjoe95.mls.protocol.tree.TreeMath" time="0.0"/>
  <testcase name="of node 1 should be 2" classname="com.github.traderjoe95.mls.protocol.tree.TreeMath" time="0.0"/>
  <testcase name="of node 2 should be 2147483650" classname="com.github.traderjoe95.mls.protocol.tree.TreeMath" time="0.0"/>
  <testcase name="of node 3 should be 5" classname="com.github.traderjoe95.mls.protocol.tree.TreeMath" time="0.0"/>
  <testcase name="of node 4 should be 2147483652" classname="com.github.traderjoe95.mls.protocol.tree.TreeMath" time="0.0"/>
  <testcase name="of node 5 should be 6" classname="com.github.traderjoe95.mls.protocol.tree.TreeMath" time="0.0"/>
  <testcase name="of node 6 should be 2147483654" classname="com.github.traderjoe95.mls.protocol.tree.TreeMath" time="0.0"/>
  <testcase name="of node 0 should be 1" classname="com.github.traderjoe95.mls.protocol.tree.TreeMath" time="0.0"/>
  <testcase name="of node 1 should be 3" classname="com.github.traderjoe95.mls.protocol.tree.TreeMath" time="0.0"/>
  <testcase name="of node 2 should be 1" classname="com.github.traderjoe95.mls.protocol.tree.TreeMath" time="0.0"/>
  <testcase name="of node 3 should be 7" classname="com.github.traderjoe95.mls.protocol.tree.TreeMath" time="0.0"/>
  <testcase name="of node 4 should be 5" classname="com.github.traderjoe95.mls.protocol.tree.TreeMath" time="0.0"/>
  <testcase name="of node 5 should be 3" classname="com.github.traderjoe95.mls.protocol.tree.TreeMath" time="0.0"/>
  <testcase name="of node 6 should be 5" classname="com.github.traderjoe95.mls.protocol.tree.TreeMath" time="0.0"/>
  <testcase name="of node 0 should be 2" classname="com.github.traderjoe95.mls.protocol.tree.TreeMath" time="0.0"/>
  <testcase name="of node 1 should be 5" classname="com.github.traderjoe95.mls.protocol.tree.TreeMath" time="0.0"/>
  <testcase name="of node 2 should be 0" classname="com.github.traderjoe95.mls.protocol.tree.TreeMath" time="0.0"/>
  <testcase name="of node 3 should be 11" classname="com.github.traderjoe95.mls.protocol.tree.TreeMath" time="0.0"/>
  <testcase name="of node 4 should be 6" classname="com.github.traderjoe95.mls.protocol.tree.TreeMath" time="0.0"/>
  <testcase name="of node 5 should be 1" classname="com.github.traderjoe95.mls.protocol.tree.TreeMath" time="0.0"/>
  <testcase name="of node 6 should be 4" classname="com.github.traderjoe95.mls.protocol.tree.TreeMath" time="0.0"/>
  <testcase name="there should be 15 nodes" classname="com.github.traderjoe95.mls.protocol.tree.TreeMath" time="0.0"/>
  <testcase name="the root should have index 7" classname="com.github.traderjoe95.mls.protocol.tree.TreeMath" time="0.0"/>
  <testcase name="of node 0 should be 2147483648" classname="com.github.traderjoe95.mls.protocol.tree.TreeMath" time="0.0"/>
  <testcase name="of node 1 should be 0" classname="com.github.traderjoe95.mls.protocol.tree.TreeMath" time="0.0"/>
  <testcase name="of node 2 should be 2147483650" classname="com.github.traderjoe95.mls.protocol.tree.TreeMath" time="0.0"/>
  <testcase name="of node 3 should be 1" classname="com.github.traderjoe95.mls.protocol.tree.TreeMath" time="0.0"/>
  <testcase name="of node 4 should be 2147483652" classname="com.github.traderjoe95.mls.protocol.tree.TreeMath" time="0.0"/>
  <testcase name="of node 5 should be 4" classname="com.github.traderjoe95.mls.protocol.tree.TreeMath" time="0.0"/>
  <testcase name="of node 6 should be 2147483654" classname="com.github.traderjoe95.mls.protocol.tree.TreeMath" time="0.0"/>
  <testcase name="of node 7 should be 3" classname="com.github.traderjoe95.mls.protocol.tree.TreeMath" time="0.0"/>
  <testcase name="of node 8 should be 2147483656" classname="com.github.traderjoe95.mls.protocol.tree.TreeMath" time="0.0"/>
  <testcase name="of node 9 should be 8" classname="com.github.traderjoe95.mls.protocol.tree.TreeMath" time="0.0"/>
  <testcase name="of node 10 should be 2147483658" classname="com.github.traderjoe95.mls.protocol.tree.TreeMath" time="0.0"/>
  <testcase name="of node 11 should be 9" classname="com.github.traderjoe95.mls.protocol.tree.TreeMath" time="0.0"/>
  <testcase name="of node 12 should be 2147483660" classname="com.github.traderjoe95.mls.protocol.tree.TreeMath" time="0.0"/>
  <testcase name="of node 13 should be 12" classname="com.github.traderjoe95.mls.protocol.tree.TreeMath" time="0.0"/>
  <testcase name="of node 14 should be 2147483662" classname="com.github.traderjoe95.mls.protocol.tree.TreeMath" time="0.0"/>
  <testcase name="of node 0 should be 2147483648" classname="com.github.traderjoe95.mls.protocol.tree.TreeMath" time="0.0"/>
  <testcase name="of node 1 should be 2" classname="com.github.traderjoe95.mls.protocol.tree.TreeMath" time="0.0"/>
  <testcase name="of node 2 should be 2147483650" classname="com.github.traderjoe95.mls.protocol.tree.TreeMath" time="0.0"/>
  <testcase name="of node 3 should be 5" classname="com.github.traderjoe95.mls.protocol.tree.TreeMath" time="0.0"/>
  <testcase name="of node 4 should be 2147483652" classname="com.github.traderjoe95.mls.protocol.tree.TreeMath" time="0.0"/>
  <testcase name="of node 5 should be 6" classname="com.github.traderjoe95.mls.protocol.tree.TreeMath" time="0.0"/>
  <testcase name="of node 6 should be 2147483654" classname="com.github.traderjoe95.mls.protocol.tree.TreeMath" time="0.001"/>
  <testcase name="of node 7 should be 11" classname="com.github.traderjoe95.mls.protocol.tree.TreeMath" time="0.0"/>
  <testcase name="of node 8 should be 2147483656" classname="com.github.traderjoe95.mls.protocol.tree.TreeMath" time="0.0"/>
  <testcase name="of node 9 should be 10" classname="com.github.traderjoe95.mls.protocol.tree.TreeMath" time="0.0"/>
  <testcase name="of node 10 should be 2147483658" classname="com.github.traderjoe95.mls.protocol.tree.TreeMath" time="0.0"/>
  <testcase name="of node 11 should be 13" classname="com.github.traderjoe95.mls.protocol.tree.TreeMath" time="0.0"/>
  <testcase name="of node 12 should be 2147483660" classname="com.github.traderjoe95.mls.protocol.tree.TreeMath" time="0.0"/>
  <testcase name="of node 13 should be 14" classname="com.github.traderjoe95.mls.protocol.tree.TreeMath" time="0.0"/>
  <testcase name="of node 14 should be 2147483662" classname="com.github.traderjoe95.mls.protocol.tree.TreeMath" time="0.0"/>
  <testcase name="of node 0 should be 1" classname="com.github.traderjoe95.mls.protocol.tree.TreeMath" time="0.0"/>
  <testcase name="of node 1 should be 3" classname="com.github.traderjoe95.mls.protocol.tree.TreeMath" time="0.0"/>
  <testcase name="of node 2 should be 1" classname="com.github.traderjoe95.mls.protocol.tree.TreeMath" time="0.0"/>
  <testcase name="of node 3 should be 7" classname="com.github.traderjoe95.mls.protocol.tree.TreeMath" time="0.0"/>
  <testcase name="of node 4 should be 5" classname="com.github.traderjoe95.mls.protocol.tree.TreeMath" time="0.0"/>
  <testcase name="of node 5 should be 3" classname="com.github.traderjoe95.mls.protocol.tree.TreeMath" time="0.0"/>
  <testcase name="of node 6 should be 5" classname="com.github.traderjoe95.mls.protocol.tree.TreeMath" time="0.0"/>
  <testcase name="of node 7 should be 15" classname="com.github.traderjoe95.mls.protocol.tree.TreeMath" time="0.0"/>
  <testcase name="of node 8 should be 9" classname="com.github.traderjoe95.mls.protocol.tree.TreeMath" time="0.0"/>
  <testcase name="of node 9 should be 11" classname="com.github.traderjoe95.mls.protocol.tree.TreeMath" time="0.0"/>
  <testcase name="of node 10 should be 9" classname="com.github.traderjoe95.mls.protocol.tree.TreeMath" time="0.0"/>
  <testcase name="of node 11 should be 7" classname="com.github.traderjoe95.mls.protocol.tree.TreeMath" time="0.0"/>
  <testcase name="of node 12 should be 13" classname="com.github.traderjoe95.mls.protocol.tree.TreeMath" time="0.0"/>
  <testcase name="of node 13 should be 11" classname="com.github.traderjoe95.mls.protocol.tree.TreeMath" time="0.0"/>
  <testcase name="of node 14 should be 13" classname="com.github.traderjoe95.mls.protocol.tree.TreeMath" time="0.0"/>
  <testcase name="of node 0 should be 2" classname="com.github.traderjoe95.mls.protocol.tree.TreeMath" time="0.0"/>
  <testcase name="of node 1 should be 5" classname="com.github.traderjoe95.mls.protocol.tree.TreeMath" time="0.0"/>
  <testcase name="of node 2 should be 0" classname="com.github.traderjoe95.mls.protocol.tree.TreeMath" time="0.0"/>
  <testcase name="of node 3 should be 11" classname="com.github.traderjoe95.mls.protocol.tree.TreeMath" time="0.0"/>
  <testcase name="of node 4 should be 6" classname="com.github.traderjoe95.mls.protocol.tree.TreeMath" time="0.0"/>
  <testcase name="of node 5 should be 1" classname="com.github.traderjoe95.mls.protocol.tree.TreeMath" time="0.0"/>
  <testcase name="of node 6 should be 4" classname="com.github.traderjoe95.mls.protocol.tree.TreeMath" time="0.0"/>
  <testcase name="of node 7 should be 23" classname="com.github.traderjoe95.mls.protocol.tree.TreeMath" time="0.0"/>
  <testcase name="of node 8 should be 10" classname="com.github.traderjoe95.mls.protocol.tree.TreeMath" time="0.0"/>
  <testcase name="of node 9 should be 13" classname="com.github.traderjoe95.mls.protocol.tree.TreeMath" time="0.0"/>
  <testcase name="of node 10 should be 8" classname="com.github.traderjoe95.mls.protocol.tree.TreeMath" time="0.0"/>
  <testcase name="of node 11 should be 3" classname="com.github.traderjoe95.mls.protocol.tree.TreeMath" time="0.0"/>
  <testcase name="of node 12 should be 14" classname="com.github.traderjoe95.mls.protocol.tree.TreeMath" time="0.0"/>
  <testcase name="of node 13 should be 9" classname="com.github.traderjoe95.mls.protocol.tree.TreeMath" time="0.0"/>
  <testcase name="of node 14 should be 12" classname="com.github.traderjoe95.mls.protocol.tree.TreeMath" time="0.0"/>
  <testcase name="there should be 31 nodes" classname="com.github.traderjoe95.mls.protocol.tree.TreeMath" time="0.0"/>
  <testcase name="the root should have index 15" classname="com.github.traderjoe95.mls.protocol.tree.TreeMath" time="0.0"/>
  <testcase name="of node 0 should be 2147483648" classname="com.github.traderjoe95.mls.protocol.tree.TreeMath" time="0.0"/>
  <testcase name="of node 1 should be 0" classname="com.github.traderjoe95.mls.protocol.tree.TreeMath" time="0.0"/>
  <testcase name="of node 2 should be 2147483650" classname="com.github.traderjoe95.mls.protocol.tree.TreeMath" time="0.0"/>
  <testcase name="of node 3 should be 1" classname="com.github.traderjoe95.mls.protocol.tree.TreeMath" time="0.0"/>
  <testcase name="of node 4 should be 2147483652" classname="com.github.traderjoe95.mls.protocol.tree.TreeMath" time="0.0"/>
  <testcase name="of node 5 should be 4" classname="com.github.traderjoe95.mls.protocol.tree.TreeMath" time="0.0"/>
  <testcase name="of node 6 should be 2147483654" classname="com.github.traderjoe95.mls.protocol.tree.TreeMath" time="0.0"/>
  <testcase name="of node 7 should be 3" classname="com.github.traderjoe95.mls.protocol.tree.TreeMath" time="0.0"/>
  <testcase name="of node 8 should be 2147483656" classname="com.github.traderjoe95.mls.protocol.tree.TreeMath" time="0.0"/>
  <testcase name="of node 9 should be 8" classname="com.github.traderjoe95.mls.protocol.tree.TreeMath" time="0.0"/>
  <testcase name="of node 10 should be 2147483658" classname="com.github.traderjoe95.mls.protocol.tree.TreeMath" time="0.0"/>
  <testcase name="of node 11 should be 9" classname="com.github.traderjoe95.mls.protocol.tree.TreeMath" time="0.0"/>
  <testcase name="of node 12 should be 2147483660" classname="com.github.traderjoe95.mls.protocol.tree.TreeMath" time="0.0"/>
  <testcase name="of node 13 should be 12" classname="com.github.traderjoe95.mls.protocol.tree.TreeMath" time="0.0"/>
  <testcase name="of node 14 should be 2147483662" classname="com.github.traderjoe95.mls.protocol.tree.TreeMath" time="0.0"/>
  <testcase name="of node 15 should be 7" classname="com.github.traderjoe95.mls.protocol.tree.TreeMath" time="0.0"/>
  <testcase name="of node 16 should be 2147483664" classname="com.github.traderjoe95.mls.protocol.tree.TreeMath" time="0.0"/>
  <testcase name="of node 17 should be 16" classname="com.github.traderjoe95.mls.protocol.tree.TreeMath" time="0.0"/>
  <testcase name="of node 18 should be 2147483666" classname="com.github.traderjoe95.mls.protocol.tree.TreeMath" time="0.0"/>
  <testcase name="of node 19 should be 17" classname="com.github.traderjoe95.mls.protocol.tree.TreeMath" time="0.0"/>
  <testcase name="of node 20 should be 2147483668" classname="com.github.traderjoe95.mls.protocol.tree.TreeMath" time="0.0"/>
  <testcase name="of node 21 should be 20" classname="com.github.traderjoe95.mls.protocol.tree.TreeMath" time="0.0"/>
  <testcase name="of node 22 should be 2147483670" classname="com.github.traderjoe95.mls.protocol.tree.TreeMath" time="0.0"/>
  <testcase name="of node 23 should be 19" classname="com.github.traderjoe95.mls.protocol.tree.TreeMath" time="0.0"/>
  <testcase name="of node 24 should be 2147483672" classname="com.github.traderjoe95.mls.protocol.tree.TreeMath" time="0.0"/>
  <testcase name="of node 25 should be 24" classname="com.github.traderjoe95.mls.protocol.tree.TreeMath" time="0.0"/>
  <testcase name="of node 26 should be 2147483674" classname="com.github.traderjoe95.mls.protocol.tree.TreeMath" time="0.0"/>
  <testcase name="of node 27 should be 25" classname="com.github.traderjoe95.mls.protocol.tree.TreeMath" time="0.0"/>
  <testcase name="of node 28 should be 2147483676" classname="com.github.traderjoe95.mls.protocol.tree.TreeMath" time="0.0"/>
  <testcase name="of node 29 should be 28" classname="com.github.traderjoe95.mls.protocol.tree.TreeMath" time="0.0"/>
  <testcase name="of node 30 should be 2147483678" classname="com.github.traderjoe95.mls.protocol.tree.TreeMath" time="0.0"/>
  <testcase name="of node 0 should be 2147483648" classname="com.github.traderjoe95.mls.protocol.tree.TreeMath" time="0.0"/>
  <testcase name="of node 1 should be 2" classname="com.github.traderjoe95.mls.protocol.tree.TreeMath" time="0.0"/>
  <testcase name="of node 2 should be 2147483650" classname="com.github.traderjoe95.mls.protocol.tree.TreeMath" time="0.0"/>
  <testcase name="of node 3 should be 5" classname="com.github.traderjoe95.mls.protocol.tree.TreeMath" time="0.0"/>
  <testcase name="of node 4 should be 2147483652" classname="com.github.traderjoe95.mls.protocol.tree.TreeMath" time="0.0"/>
  <testcase name="of node 5 should be 6" classname="com.github.traderjoe95.mls.protocol.tree.TreeMath" time="0.0"/>
  <testcase name="of node 6 should be 2147483654" classname="com.github.traderjoe95.mls.protocol.tree.TreeMath" time="0.0"/>
  <testcase name="of node 7 should be 11" classname="com.github.traderjoe95.mls.protocol.tree.TreeMath" time="0.0"/>
  <testcase name="of node 8 should be 2147483656" classname="com.github.traderjoe95.mls.protocol.tree.TreeMath" time="0.0"/>
  <testcase name="of node 9 should be 10" classname="com.github.traderjoe95.mls.protocol.tree.TreeMath" time="0.0"/>
  <testcase name="of node 10 should be 2147483658" classname="com.github.traderjoe95.mls.protocol.tree.TreeMath" time="0.0"/>
  <testcase name="of node 11 should be 13" classname="com.github.traderjoe95.mls.protocol.tree.TreeMath" time="0.0"/>
  <testcase name="of node 12 should be 2147483660" classname="com.github.traderjoe95.mls.protocol.tree.TreeMath" time="0.0"/>
  <testcase name="of node 13 should be 14" classname="com.github.traderjoe95.mls.protocol.tree.TreeMath" time="0.0"/>
  <testcase name="of node 14 should be 2147483662" classname="com.github.traderjoe95.mls.protocol.tree.TreeMath" time="0.0"/>
  <testcase name="of node 15 should be 23" classname="com.github.traderjoe95.mls.protocol.tree.TreeMath" time="0.0"/>
  <testcase name="of node 16 should be 2147483664" classname="com.github.traderjoe95.mls.protocol.tree.TreeMath" time="0.0"/>
  <testcase name="of node 17 should be 18" classname="com.github.traderjoe95.mls.protocol.tree.TreeMath" time="0.0"/>
  <testcase name="of node 18 should be 2147483666" classname="com.github.traderjoe95.mls.protocol.tree.TreeMath" time="0.0"/>
  <testcase name="of node 19 should be 21" classname="com.github.traderjoe95.mls.protocol.tree.TreeMath" time="0.0"/>
  <testcase name="of node 20 should be 2147483668" classname="com.github.traderjoe95.mls.protocol.tree.TreeMath" time="0.0"/>
  <testcase name="of node 21 should be 22" classname="com.github.traderjoe95.mls.protocol.tree.TreeMath" time="0.0"/>
  <testcase name="of node 22 should be 2147483670" classname="com.github.traderjoe95.mls.protocol.tree.TreeMath" time="0.0"/>
  <testcase name="of node 23 should be 27" classname="com.github.traderjoe95.mls.protocol.tree.TreeMath" time="0.0"/>
  <testcase name="of node 24 should be 2147483672" classname="com.github.traderjoe95.mls.protocol.tree.TreeMath" time="0.0"/>
  <testcase name="of node 25 should be 26" classname="com.github.traderjoe95.mls.protocol.tree.TreeMath" time="0.0"/>
  <testcase name="of node 26 should be 2147483674" classname="com.github.traderjoe95.mls.protocol.tree.TreeMath" time="0.0"/>
  <testcase name="of node 27 should be 29" classname="com.github.traderjoe95.mls.protocol.tree.TreeMath" time="0.0"/>
  <testcase name="of node 28 should be 2147483676" classname="com.github.traderjoe95.mls.protocol.tree.TreeMath" time="0.0"/>
  <testcase name="of node 29 should be 30" classname="com.github.traderjoe95.mls.protocol.tree.TreeMath" time="0.0"/>
  <testcase name="of node 30 should be 2147483678" classname="com.github.traderjoe95.mls.protocol.tree.TreeMath" time="0.0"/>
  <testcase name="of node 0 should be 1" classname="com.github.traderjoe95.mls.protocol.tree.TreeMath" time="0.0"/>
  <testcase name="of node 1 should be 3" classname="com.github.traderjoe95.mls.protocol.tree.TreeMath" time="0.0"/>
  <testcase name="of node 2 should be 1" classname="com.github.traderjoe95.mls.protocol.tree.TreeMath" time="0.0"/>
  <testcase name="of node 3 should be 7" classname="com.github.traderjoe95.mls.protocol.tree.TreeMath" time="0.0"/>
  <testcase name="of node 4 should be 5" classname="com.github.traderjoe95.mls.protocol.tree.TreeMath" time="0.0"/>
  <testcase name="of node 5 should be 3" classname="com.github.traderjoe95.mls.protocol.tree.TreeMath" time="0.0"/>
  <testcase name="of node 6 should be 5" classname="com.github.traderjoe95.mls.protocol.tree.TreeMath" time="0.0"/>
  <testcase name="of node 7 should be 15" classname="com.github.traderjoe95.mls.protocol.tree.TreeMath" time="0.0"/>
  <testcase name="of node 8 should be 9" classname="com.github.traderjoe95.mls.protocol.tree.TreeMath" time="0.0"/>
  <testcase name="of node 9 should be 11" classname="com.github.traderjoe95.mls.protocol.tree.TreeMath" time="0.0"/>
  <testcase name="of node 10 should be 9" classname="com.github.traderjoe95.mls.protocol.tree.TreeMath" time="0.0"/>
  <testcase name="of node 11 should be 7" classname="com.github.traderjoe95.mls.protocol.tree.TreeMath" time="0.0"/>
  <testcase name="of node 12 should be 13" classname="com.github.traderjoe95.mls.protocol.tree.TreeMath" time="0.0"/>
  <testcase name="of node 13 should be 11" classname="com.github.traderjoe95.mls.protocol.tree.TreeMath" time="0.0"/>
  <testcase name="of node 14 should be 13" classname="com.github.traderjoe95.mls.protocol.tree.TreeMath" time="0.0"/>
  <testcase name="of node 15 should be 31" classname="com.github.traderjoe95.mls.protocol.tree.TreeMath" time="0.0"/>
  <testcase name="of node 16 should be 17" classname="com.github.traderjoe95.mls.protocol.tree.TreeMath" time="0.0"/>
  <testcase name="of node 17 should be 19" classname="com.github.traderjoe95.mls.protocol.tree.TreeMath" time="0.0"/>
  <testcase name="of node 18 should be 17" classname="com.github.traderjoe95.mls.protocol.tree.TreeMath" time="0.0"/>
  <testcase name="of node 19 should be 23" classname="com.github.traderjoe95.mls.protocol.tree.TreeMath" time="0.0"/>
  <testcase name="of node 20 should be 21" classname="com.github.traderjoe95.mls.protocol.tree.TreeMath" time="0.0"/>
  <testcase name="of node 21 should be 19" classname="com.github.traderjoe95.mls.protocol.tree.TreeMath" time="0.0"/>
  <testcase name="of node 22 should be 21" classname="com.github.traderjoe95.mls.protocol.tree.TreeMath" time="0.0"/>
  <testcase name="of node 23 should be 15" classname="com.github.traderjoe95.mls.protocol.tree.TreeMath" time="0.0"/>
  <testcase name="of node 24 should be 25" classname="com.github.traderjoe95.mls.protocol.tree.TreeMath" time="0.0"/>
  <testcase name="of node 25 should be 27" classname="com.github.traderjoe95.mls.protocol.tree.TreeMath" time="0.0"/>
  <testcase name="of node 26 should be 25" classname="com.github.traderjoe95.mls.protocol.tree.TreeMath" time="0.0"/>
  <testcase name="of node 27 should be 23" classname="com.github.traderjoe95.mls.protocol.tree.TreeMath" time="0.0"/>
  <testcase name="of node 28 should be 29" classname="com.github.traderjoe95.mls.protocol.tree.TreeMath" time="0.0"/>
  <testcase name="of node 29 should be 27" classname="com.github.traderjoe95.mls.protocol.tree.TreeMath" time="0.0"/>
  <testcase name="of node 30 should be 29" classname="com.github.traderjoe95.mls.protocol.tree.TreeMath" time="0.0"/>
  <testcase name="of node 0 should be 2" classname="com.github.traderjoe95.mls.protocol.tree.TreeMath" time="0.0"/>
  <testcase name="of node 1 should be 5" classname="com.github.traderjoe95.mls.protocol.tree.TreeMath" time="0.0"/>
  <testcase name="of node 2 should be 0" classname="com.github.traderjoe95.mls.protocol.tree.TreeMath" time="0.0"/>
  <testcase name="of node 3 should be 11" classname="com.github.traderjoe95.mls.protocol.tree.TreeMath" time="0.0"/>
  <testcase name="of node 4 should be 6" classname="com.github.traderjoe95.mls.protocol.tree.TreeMath" time="0.0"/>
  <testcase name="of node 5 should be 1" classname="com.github.traderjoe95.mls.protocol.tree.TreeMath" time="0.0"/>
  <testcase name="of node 6 should be 4" classname="com.github.traderjoe95.mls.protocol.tree.TreeMath" time="0.0"/>
  <testcase name="of node 7 should be 23" classname="com.github.traderjoe95.mls.protocol.tree.TreeMath" time="0.0"/>
  <testcase name="of node 8 should be 10" classname="com.github.traderjoe95.mls.protocol.tree.TreeMath" time="0.0"/>
  <testcase name="of node 9 should be 13" classname="com.github.traderjoe95.mls.protocol.tree.TreeMath" time="0.0"/>
  <testcase name="of node 10 should be 8" classname="com.github.traderjoe95.mls.protocol.tree.TreeMath" time="0.0"/>
  <testcase name="of node 11 should be 3" classname="com.github.traderjoe95.mls.protocol.tree.TreeMath" time="0.0"/>
  <testcase name="of node 12 should be 14" classname="com.github.traderjoe95.mls.protocol.tree.TreeMath" time="0.0"/>
  <testcase name="of node 13 should be 9" classname="com.github.traderjoe95.mls.protocol.tree.TreeMath" time="0.0"/>
  <testcase name="of node 14 should be 12" classname="com.github.traderjoe95.mls.protocol.tree.TreeMath" time="0.001"/>
  <testcase name="of node 15 should be 47" classname="com.github.traderjoe95.mls.protocol.tree.TreeMath" time="0.0"/>
  <testcase name="of node 16 should be 18" classname="com.github.traderjoe95.mls.protocol.tree.TreeMath" time="0.0"/>
  <testcase name="of node 17 should be 21" classname="com.github.traderjoe95.mls.protocol.tree.TreeMath" time="0.0"/>
  <testcase name="of node 18 should be 16" classname="com.github.traderjoe95.mls.protocol.tree.TreeMath" time="0.0"/>
  <testcase name="of node 19 should be 27" classname="com.github.traderjoe95.mls.protocol.tree.TreeMath" time="0.0"/>
  <testcase name="of node 20 should be 22" classname="com.github.traderjoe95.mls.protocol.tree.TreeMath" time="0.0"/>
  <testcase name="of node 21 should be 17" classname="com.github.traderjoe95.mls.protocol.tree.TreeMath" time="0.0"/>
  <testcase name="of node 22 should be 20" classname="com.github.traderjoe95.mls.protocol.tree.TreeMath" time="0.0"/>
  <testcase name="of node 23 should be 7" classname="com.github.traderjoe95.mls.protocol.tree.TreeMath" time="0.0"/>
  <testcase name="of node 24 should be 26" classname="com.github.traderjoe95.mls.protocol.tree.TreeMath" time="0.0"/>
  <testcase name="of node 25 should be 29" classname="com.github.traderjoe95.mls.protocol.tree.TreeMath" time="0.0"/>
  <testcase name="of node 26 should be 24" classname="com.github.traderjoe95.mls.protocol.tree.TreeMath" time="0.0"/>
  <testcase name="of node 27 should be 19" classname="com.github.traderjoe95.mls.protocol.tree.TreeMath" time="0.0"/>
  <testcase name="of node 28 should be 30" classname="com.github.traderjoe95.mls.protocol.tree.TreeMath" time="0.0"/>
  <testcase name="of node 29 should be 25" classname="com.github.traderjoe95.mls.protocol.tree.TreeMath" time="0.0"/>
  <testcase name="of node 30 should be 28" classname="com.github.traderjoe95.mls.protocol.tree.TreeMath" time="0.0"/>
  <testcase name="there should be 63 nodes" classname="com.github.traderjoe95.mls.protocol.tree.TreeMath" time="0.0"/>
  <testcase name="the root should have index 31" classname="com.github.traderjoe95.mls.protocol.tree.TreeMath" time="0.0"/>
  <testcase name="of node 0 should be 2147483648" classname="com.github.traderjoe95.mls.protocol.tree.TreeMath" time="0.0"/>
  <testcase name="of node 1 should be 0" classname="com.github.traderjoe95.mls.protocol.tree.TreeMath" time="0.0"/>
  <testcase name="of node 2 should be 2147483650" classname="com.github.traderjoe95.mls.protocol.tree.TreeMath" time="0.0"/>
  <testcase name="of node 3 should be 1" classname="com.github.traderjoe95.mls.protocol.tree.TreeMath" time="0.0"/>
  <testcase name="of node 4 should be 2147483652" classname="com.github.traderjoe95.mls.protocol.tree.TreeMath" time="0.0"/>
  <testcase name="of node 5 should be 4" classname="com.github.traderjoe95.mls.protocol.tree.TreeMath" time="0.0"/>
  <testcase name="of node 6 should be 2147483654" classname="com.github.traderjoe95.mls.protocol.tree.TreeMath" time="0.0"/>
  <testcase name="of node 7 should be 3" classname="com.github.traderjoe95.mls.protocol.tree.TreeMath" time="0.0"/>
  <testcase name="of node 8 should be 2147483656" classname="com.github.traderjoe95.mls.protocol.tree.TreeMath" time="0.0"/>
  <testcase name="of node 9 should be 8" classname="com.github.traderjoe95.mls.protocol.tree.TreeMath" time="0.0"/>
  <testcase name="of node 10 should be 2147483658" classname="com.github.traderjoe95.mls.protocol.tree.TreeMath" time="0.0"/>
  <testcase name="of node 11 should be 9" classname="com.github.traderjoe95.mls.protocol.tree.TreeMath" time="0.0"/>
  <testcase name="of node 12 should be 2147483660" classname="com.github.traderjoe95.mls.protocol.tree.TreeMath" time="0.0"/>
  <testcase name="of node 13 should be 12" classname="com.github.traderjoe95.mls.protocol.tree.TreeMath" time="0.0"/>
  <testcase name="of node 14 should be 2147483662" classname="com.github.traderjoe95.mls.protocol.tree.TreeMath" time="0.0"/>
  <testcase name="of node 15 should be 7" classname="com.github.traderjoe95.mls.protocol.tree.TreeMath" time="0.001"/>
  <testcase name="of node 16 should be 2147483664" classname="com.github.traderjoe95.mls.protocol.tree.TreeMath" time="0.0"/>
  <testcase name="of node 17 should be 16" classname="com.github.traderjoe95.mls.protocol.tree.TreeMath" time="0.0"/>
  <testcase name="of node 18 should be 2147483666" classname="com.github.traderjoe95.mls.protocol.tree.TreeMath" time="0.0"/>
  <testcase name="of node 19 should be 17" classname="com.github.traderjoe95.mls.protocol.tree.TreeMath" time="0.0"/>
  <testcase name="of node 20 should be 2147483668" classname="com.github.traderjoe95.mls.protocol.tree.TreeMath" time="0.0"/>
  <testcase name="of node 21 should be 20" classname="com.github.traderjoe95.mls.protocol.tree.TreeMath" time="0.0"/>
  <testcase name="of node 22 should be 2147483670" classname="com.github.traderjoe95.mls.protocol.tree.TreeMath" time="0.0"/>
  <testcase name="of node 23 should be 19" classname="com.github.traderjoe95.mls.protocol.tree.TreeMath" time="0.0"/>
  <testcase name="of node 24 should be 2147483672" classname="com.github.traderjoe95.mls.protocol.tree.TreeMath" time="0.0"/>
  <testcase name="of node 25 should be 24" classname="com.github.traderjoe95.mls.protocol.tree.TreeMath" time="0.0"/>
  <testcase name="of node 26 should be 2147483674" classname="com.github.traderjoe95.mls.protocol.tree.TreeMath" time="0.001"/>
  <testcase name="of node 27 should be 25" classname="com.github.traderjoe95.mls.protocol.tree.TreeMath" time="0.0"/>
  <testcase name="of node 28 should be 2147483676" classname="com.github.traderjoe95.mls.protocol.tree.TreeMath" time="0.0"/>
  <testcase name="of node 29 should be 28" classname="com.github.traderjoe95.mls.protocol.tree.TreeMath" time="0.0"/>
  <testcase name="of node 30 should be 2147483678" classname="com.github.traderjoe95.mls.protocol.tree.TreeMath" time="0.0"/>
  <testcase name="of node 31 should be 15" classname="com.github.traderjoe95.mls.protocol.tree.TreeMath" time="0.0"/>
  <testcase name="of node 32 should be 2147483680" classname="com.github.traderjoe95.mls.protocol.tree.TreeMath" time="0.0"/>
  <testcase name="of node 33 should be 32" classname="com.github.traderjoe95.mls.protocol.tree.TreeMath" time="0.0"/>
  <testcase name="of node 34 should be 2147483682" classname="com.github.traderjoe95.mls.protocol.tree.TreeMath" time="0.0"/>
  <testcase name="of node 35 should be 33" classname="com.github.traderjoe95.mls.protocol.tree.TreeMath" time="0.0"/>
  <testcase name="of node 36 should be 2147483684" classname="com.github.traderjoe95.mls.protocol.tree.TreeMath" time="0.0"/>
  <testcase name="of node 37 should be 36" classname="com.github.traderjoe95.mls.protocol.tree.TreeMath" time="0.0"/>
  <testcase name="of node 38 should be 2147483686" classname="com.github.traderjoe95.mls.protocol.tree.TreeMath" time="0.0"/>
  <testcase name="of node 39 should be 35" classname="com.github.traderjoe95.mls.protocol.tree.TreeMath" time="0.0"/>
  <testcase name="of node 40 should be 2147483688" classname="com.github.traderjoe95.mls.protocol.tree.TreeMath" time="0.0"/>
  <testcase name="of node 41 should be 40" classname="com.github.traderjoe95.mls.protocol.tree.TreeMath" time="0.001"/>
  <testcase name="of node 42 should be 2147483690" classname="com.github.traderjoe95.mls.protocol.tree.TreeMath" time="0.0"/>
  <testcase name="of node 43 should be 41" classname="com.github.traderjoe95.mls.protocol.tree.TreeMath" time="0.0"/>
  <testcase name="of node 44 should be 2147483692" classname="com.github.traderjoe95.mls.protocol.tree.TreeMath" time="0.0"/>
  <testcase name="of node 45 should be 44" classname="com.github.traderjoe95.mls.protocol.tree.TreeMath" time="0.0"/>
  <testcase name="of node 46 should be 2147483694" classname="com.github.traderjoe95.mls.protocol.tree.TreeMath" time="0.0"/>
  <testcase name="of node 47 should be 39" classname="com.github.traderjoe95.mls.protocol.tree.TreeMath" time="0.0"/>
  <testcase name="of node 48 should be 2147483696" classname="com.github.traderjoe95.mls.protocol.tree.TreeMath" time="0.0"/>
  <testcase name="of node 49 should be 48" classname="com.github.traderjoe95.mls.protocol.tree.TreeMath" time="0.0"/>
  <testcase name="of node 50 should be 2147483698" classname="com.github.traderjoe95.mls.protocol.tree.TreeMath" time="0.0"/>
  <testcase name="of node 51 should be 49" classname="com.github.traderjoe95.mls.protocol.tree.TreeMath" time="0.0"/>
  <testcase name="of node 52 should be 2147483700" classname="com.github.traderjoe95.mls.protocol.tree.TreeMath" time="0.0"/>
  <testcase name="of node 53 should be 52" classname="com.github.traderjoe95.mls.protocol.tree.TreeMath" time="0.0"/>
  <testcase name="of node 54 should be 2147483702" classname="com.github.traderjoe95.mls.protocol.tree.TreeMath" time="0.0"/>
  <testcase name="of node 55 should be 51" classname="com.github.traderjoe95.mls.protocol.tree.TreeMath" time="0.0"/>
  <testcase name="of node 56 should be 2147483704" classname="com.github.traderjoe95.mls.protocol.tree.TreeMath" time="0.001"/>
  <testcase name="of node 57 should be 56" classname="com.github.traderjoe95.mls.protocol.tree.TreeMath" time="0.0"/>
  <testcase name="of node 58 should be 2147483706" classname="com.github.traderjoe95.mls.protocol.tree.TreeMath" time="0.001"/>
  <testcase name="of node 59 should be 57" classname="com.github.traderjoe95.mls.protocol.tree.TreeMath" time="0.0"/>
  <testcase name="of node 60 should be 2147483708" classname="com.github.traderjoe95.mls.protocol.tree.TreeMath" time="0.001"/>
  <testcase name="of node 61 should be 60" classname="com.github.traderjoe95.mls.protocol.tree.TreeMath" time="0.0"/>
  <testcase name="of node 62 should be 2147483710" classname="com.github.traderjoe95.mls.protocol.tree.TreeMath" time="0.0"/>
  <testcase name="of node 0 should be 2147483648" classname="com.github.traderjoe95.mls.protocol.tree.TreeMath" time="0.0"/>
  <testcase name="of node 1 should be 2" classname="com.github.traderjoe95.mls.protocol.tree.TreeMath" time="0.0"/>
  <testcase name="of node 2 should be 2147483650" classname="com.github.traderjoe95.mls.protocol.tree.TreeMath" time="0.0"/>
  <testcase name="of node 3 should be 5" classname="com.github.traderjoe95.mls.protocol.tree.TreeMath" time="0.0"/>
  <testcase name="of node 4 should be 2147483652" classname="com.github.traderjoe95.mls.protocol.tree.TreeMath" time="0.0"/>
  <testcase name="of node 5 should be 6" classname="com.github.traderjoe95.mls.protocol.tree.TreeMath" time="0.0"/>
  <testcase name="of node 6 should be 2147483654" classname="com.github.traderjoe95.mls.protocol.tree.TreeMath" time="0.0"/>
  <testcase name="of node 7 should be 11" classname="com.github.traderjoe95.mls.protocol.tree.TreeMath" time="0.0"/>
  <testcase name="of node 8 should be 2147483656" classname="com.github.traderjoe95.mls.protocol.tree.TreeMath" time="0.0"/>
  <testcase name="of node 9 should be 10" classname="com.github.traderjoe95.mls.protocol.tree.TreeMath" time="0.0"/>
  <testcase name="of node 10 should be 2147483658" classname="com.github.traderjoe95.mls.protocol.tree.TreeMath" time="0.0"/>
  <testcase name="of node 11 should be 13" classname="com.github.traderjoe95.mls.protocol.tree.TreeMath" time="0.0"/>
  <testcase name="of node 12 should be 2147483660" classname="com.github.traderjoe95.mls.protocol.tree.TreeMath" time="0.0"/>
  <testcase name="of node 13 should be 14" classname="com.github.traderjoe95.mls.protocol.tree.TreeMath" time="0.0"/>
  <testcase name="of node 14 should be 2147483662" classname="com.github.traderjoe95.mls.protocol.tree.TreeMath" time="0.0"/>
  <testcase name="of node 15 should be 23" classname="com.github.traderjoe95.mls.protocol.tree.TreeMath" time="0.0"/>
  <testcase name="of node 16 should be 2147483664" classname="com.github.traderjoe95.mls.protocol.tree.TreeMath" time="0.0"/>
  <testcase name="of node 17 should be 18" classname="com.github.traderjoe95.mls.protocol.tree.TreeMath" time="0.0"/>
  <testcase name="of node 18 should be 2147483666" classname="com.github.traderjoe95.mls.protocol.tree.TreeMath" time="0.0"/>
  <testcase name="of node 19 should be 21" classname="com.github.traderjoe95.mls.protocol.tree.TreeMath" time="0.0"/>
  <testcase name="of node 20 should be 2147483668" classname="com.github.traderjoe95.mls.protocol.tree.TreeMath" time="0.0"/>
  <testcase name="of node 21 should be 22" classname="com.github.traderjoe95.mls.protocol.tree.TreeMath" time="0.0"/>
  <testcase name="of node 22 should be 2147483670" classname="com.github.traderjoe95.mls.protocol.tree.TreeMath" time="0.0"/>
  <testcase name="of node 23 should be 27" classname="com.github.traderjoe95.mls.protocol.tree.TreeMath" time="0.0"/>
  <testcase name="of node 24 should be 2147483672" classname="com.github.traderjoe95.mls.protocol.tree.TreeMath" time="0.001"/>
  <testcase name="of node 25 should be 26" classname="com.github.traderjoe95.mls.protocol.tree.TreeMath" time="0.0"/>
  <testcase name="of node 26 should be 2147483674" classname="com.github.traderjoe95.mls.protocol.tree.TreeMath" time="0.001"/>
  <testcase name="of node 27 should be 29" classname="com.github.traderjoe95.mls.protocol.tree.TreeMath" time="0.0"/>
  <testcase name="of node 28 should be 2147483676" classname="com.github.traderjoe95.mls.protocol.tree.TreeMath" time="0.0"/>
  <testcase name="of node 29 should be 30" classname="com.github.traderjoe95.mls.protocol.tree.TreeMath" time="0.0"/>
  <testcase name="of node 30 should be 2147483678" classname="com.github.traderjoe95.mls.protocol.tree.TreeMath" time="0.0"/>
  <testcase name="of node 31 should be 47" classname="com.github.traderjoe95.mls.protocol.tree.TreeMath" time="0.0"/>
  <testcase name="of node 32 should be 2147483680" classname="com.github.traderjoe95.mls.protocol.tree.TreeMath" time="0.0"/>
  <testcase name="of node 33 should be 34" classname="com.github.traderjoe95.mls.protocol.tree.TreeMath" time="0.0"/>
  <testcase name="of node 34 should be 2147483682" classname="com.github.traderjoe95.mls.protocol.tree.TreeMath" time="0.0"/>
  <testcase name="of node 35 should be 37" classname="com.github.traderjoe95.mls.protocol.tree.TreeMath" time="0.0"/>
  <testcase name="of node 36 should be 2147483684" classname="com.github.traderjoe95.mls.protocol.tree.TreeMath" time="0.0"/>
  <testcase name="of node 37 should be 38" classname="com.github.traderjoe95.mls.protocol.tree.TreeMath" time="0.0"/>
  <testcase name="of node 38 should be 2147483686" classname="com.github.traderjoe95.mls.protocol.tree.TreeMath" time="0.0"/>
  <testcase name="of node 39 should be 43" classname="com.github.traderjoe95.mls.protocol.tree.TreeMath" time="0.0"/>
  <testcase name="of node 40 should be 2147483688" classname="com.github.traderjoe95.mls.protocol.tree.TreeMath" time="0.0"/>
  <testcase name="of node 41 should be 42" classname="com.github.traderjoe95.mls.protocol.tree.TreeMath" time="0.0"/>
  <testcase name="of node 42 should be 2147483690" classname="com.github.traderjoe95.mls.protocol.tree.TreeMath" time="0.0"/>
  <testcase name="of node 43 should be 45" classname="com.github.traderjoe95.mls.protocol.tree.TreeMath" time="0.0"/>
  <testcase name="of node 44 should be 2147483692" classname="com.github.traderjoe95.mls.protocol.tree.TreeMath" time="0.0"/>
  <testcase name="of node 45 should be 46" classname="com.github.traderjoe95.mls.protocol.tree.TreeMath" time="0.0"/>
  <testcase name="of node 46 should be 2147483694" classname="com.github.traderjoe95.mls.protocol.tree.TreeMath" time="0.0"/>
  <testcase name="of node 47 should be 55" classname="com.github.traderjoe95.mls.protocol.tree.TreeMath" time="0.0"/>
  <testcase name="of node 48 should be 2147483696" classname="com.github.traderjoe95.mls.protocol.tree.TreeMath" time="0.0"/>
  <testcase name="of node 49 should be 50" classname="com.github.traderjoe95.mls.protocol.tree.TreeMath" time="0.0"/>
  <testcase name="of node 50 should be 2147483698" classname="com.github.traderjoe95.mls.protocol.tree.TreeMath" time="0.0"/>
  <testcase name="of node 51 should be 53" classname="com.github.traderjoe95.mls.protocol.tree.TreeMath" time="0.0"/>
  <testcase name="of node 52 should be 2147483700" classname="com.github.traderjoe95.mls.protocol.tree.TreeMath" time="0.0"/>
  <testcase name="of node 53 should be 54" classname="com.github.traderjoe95.mls.protocol.tree.TreeMath" time="0.0"/>
  <testcase name="of node 54 should be 2147483702" classname="com.github.traderjoe95.mls.protocol.tree.TreeMath" time="0.0"/>
  <testcase name="of node 55 should be 59" classname="com.github.traderjoe95.mls.protocol.tree.TreeMath" time="0.0"/>
  <testcase name="of node 56 should be 2147483704" classname="com.github.traderjoe95.mls.protocol.tree.TreeMath" time="0.0"/>
  <testcase name="of node 57 should be 58" classname="com.github.traderjoe95.mls.protocol.tree.TreeMath" time="0.0"/>
  <testcase name="of node 58 should be 2147483706" classname="com.github.traderjoe95.mls.protocol.tree.TreeMath" time="0.0"/>
  <testcase name="of node 59 should be 61" classname="com.github.traderjoe95.mls.protocol.tree.TreeMath" time="0.0"/>
  <testcase name="of node 60 should be 2147483708" classname="com.github.traderjoe95.mls.protocol.tree.TreeMath" time="0.0"/>
  <testcase name="of node 61 should be 62" classname="com.github.traderjoe95.mls.protocol.tree.TreeMath" time="0.0"/>
  <testcase name="of node 62 should be 2147483710" classname="com.github.traderjoe95.mls.protocol.tree.TreeMath" time="0.0"/>
  <testcase name="of node 0 should be 1" classname="com.github.traderjoe95.mls.protocol.tree.TreeMath" time="0.001"/>
  <testcase name="of node 1 should be 3" classname="com.github.traderjoe95.mls.protocol.tree.TreeMath" time="0.0"/>
  <testcase name="of node 2 should be 1" classname="com.github.traderjoe95.mls.protocol.tree.TreeMath" time="0.0"/>
  <testcase name="of node 3 should be 7" classname="com.github.traderjoe95.mls.protocol.tree.TreeMath" time="0.0"/>
  <testcase name="of node 4 should be 5" classname="com.github.traderjoe95.mls.protocol.tree.TreeMath" time="0.0"/>
  <testcase name="of node 5 should be 3" classname="com.github.traderjoe95.mls.protocol.tree.TreeMath" time="0.0"/>
  <testcase name="of node 6 should be 5" classname="com.github.traderjoe95.mls.protocol.tree.TreeMath" time="0.0"/>
  <testcase name="of node 7 should be 15" classname="com.github.traderjoe95.mls.protocol.tree.TreeMath" time="0.0"/>
  <testcase name="of node 8 should be 9" classname="com.github.traderjoe95.mls.protocol.tree.TreeMath" time="0.0"/>
  <testcase name="of node 9 should be 11" classname="com.github.traderjoe95.mls.protocol.tree.TreeMath" time="0.0"/>
  <testcase name="of node 10 should be 9" classname="com.github.traderjoe95.mls.protocol.tree.TreeMath" time="0.0"/>
  <testcase name="of node 11 should be 7" classname="com.github.traderjoe95.mls.protocol.tree.TreeMath" time="0.001"/>
  <testcase name="of node 12 should be 13" classname="com.github.traderjoe95.mls.protocol.tree.TreeMath" time="0.0"/>
  <testcase name="of node 13 should be 11" classname="com.github.traderjoe95.mls.protocol.tree.TreeMath" time="0.0"/>
  <testcase name="of node 14 should be 13" classname="com.github.traderjoe95.mls.protocol.tree.TreeMath" time="0.0"/>
  <testcase name="of node 15 should be 31" classname="com.github.traderjoe95.mls.protocol.tree.TreeMath" time="0.0"/>
  <testcase name="of node 16 should be 17" classname="com.github.traderjoe95.mls.protocol.tree.TreeMath" time="0.0"/>
  <testcase name="of node 17 should be 19" classname="com.github.traderjoe95.mls.protocol.tree.TreeMath" time="0.0"/>
  <testcase name="of node 18 should be 17" classname="com.github.traderjoe95.mls.protocol.tree.TreeMath" time="0.0"/>
  <testcase name="of node 19 should be 23" classname="com.github.traderjoe95.mls.protocol.tree.TreeMath" time="0.001"/>
  <testcase name="of node 20 should be 21" classname="com.github.traderjoe95.mls.protocol.tree.TreeMath" time="0.0"/>
  <testcase name="of node 21 should be 19" classname="com.github.traderjoe95.mls.protocol.tree.TreeMath" time="0.0"/>
  <testcase name="of node 22 should be 21" classname="com.github.traderjoe95.mls.protocol.tree.TreeMath" time="0.0"/>
  <testcase name="of node 23 should be 15" classname="com.github.traderjoe95.mls.protocol.tree.TreeMath" time="0.0"/>
  <testcase name="of node 24 should be 25" classname="com.github.traderjoe95.mls.protocol.tree.TreeMath" time="0.0"/>
  <testcase name="of node 25 should be 27" classname="com.github.traderjoe95.mls.protocol.tree.TreeMath" time="0.0"/>
  <testcase name="of node 26 should be 25" classname="com.github.traderjoe95.mls.protocol.tree.TreeMath" time="0.0"/>
  <testcase name="of node 27 should be 23" classname="com.github.traderjoe95.mls.protocol.tree.TreeMath" time="0.0"/>
  <testcase name="of node 28 should be 29" classname="com.github.traderjoe95.mls.protocol.tree.TreeMath" time="0.0"/>
  <testcase name="of node 29 should be 27" classname="com.github.traderjoe95.mls.protocol.tree.TreeMath" time="0.0"/>
  <testcase name="of node 30 should be 29" classname="com.github.traderjoe95.mls.protocol.tree.TreeMath" time="0.0"/>
  <testcase name="of node 31 should be 63" classname="com.github.traderjoe95.mls.protocol.tree.TreeMath" time="0.0"/>
  <testcase name="of node 32 should be 33" classname="com.github.traderjoe95.mls.protocol.tree.TreeMath" time="0.0"/>
  <testcase name="of node 33 should be 35" classname="com.github.traderjoe95.mls.protocol.tree.TreeMath" time="0.0"/>
  <testcase name="of node 34 should be 33" classname="com.github.traderjoe95.mls.protocol.tree.TreeMath" time="0.0"/>
  <testcase name="of node 35 should be 39" classname="com.github.traderjoe95.mls.protocol.tree.TreeMath" time="0.0"/>
  <testcase name="of node 36 should be 37" classname="com.github.traderjoe95.mls.protocol.tree.TreeMath" time="0.0"/>
  <testcase name="of node 37 should be 35" classname="com.github.traderjoe95.mls.protocol.tree.TreeMath" time="0.0"/>
  <testcase name="of node 38 should be 37" classname="com.github.traderjoe95.mls.protocol.tree.TreeMath" time="0.0"/>
  <testcase name="of node 39 should be 47" classname="com.github.traderjoe95.mls.protocol.tree.TreeMath" time="0.0"/>
  <testcase name="of node 40 should be 41" classname="com.github.traderjoe95.mls.protocol.tree.TreeMath" time="0.0"/>
  <testcase name="of node 41 should be 43" classname="com.github.traderjoe95.mls.protocol.tree.TreeMath" time="0.0"/>
  <testcase name="of node 42 should be 41" classname="com.github.traderjoe95.mls.protocol.tree.TreeMath" time="0.0"/>
  <testcase name="of node 43 should be 39" classname="com.github.traderjoe95.mls.protocol.tree.TreeMath" time="0.0"/>
  <testcase name="of node 44 should be 45" classname="com.github.traderjoe95.mls.protocol.tree.TreeMath" time="0.0"/>
  <testcase name="of node 45 should be 43" classname="com.github.traderjoe95.mls.protocol.tree.TreeMath" time="0.0"/>
  <testcase name="of node 46 should be 45" classname="com.github.traderjoe95.mls.protocol.tree.TreeMath" time="0.0"/>
  <testcase name="of node 47 should be 31" classname="com.github.traderjoe95.mls.protocol.tree.TreeMath" time="0.0"/>
  <testcase name="of node 48 should be 49" classname="com.github.traderjoe95.mls.protocol.tree.TreeMath" time="0.0"/>
  <testcase name="of node 49 should be 51" classname="com.github.traderjoe95.mls.protocol.tree.TreeMath" time="0.0"/>
  <testcase name="of node 50 should be 49" classname="com.github.traderjoe95.mls.protocol.tree.TreeMath" time="0.0"/>
  <testcase name="of node 51 should be 55" classname="com.github.traderjoe95.mls.protocol.tree.TreeMath" time="0.0"/>
  <testcase name="of node 52 should be 53" classname="com.github.traderjoe95.mls.protocol.tree.TreeMath" time="0.0"/>
  <testcase name="of node 53 should be 51" classname="com.github.traderjoe95.mls.protocol.tree.TreeMath" time="0.0"/>
  <testcase name="of node 54 should be 53" classname="com.github.traderjoe95.mls.protocol.tree.TreeMath" time="0.0"/>
  <testcase name="of node 55 should be 47" classname="com.github.traderjoe95.mls.protocol.tree.TreeMath" time="0.001"/>
  <testcase name="of node 56 should be 57" classname="com.github.traderjoe95.mls.protocol.tree.TreeMath" time="0.0"/>
  <testcase name="of node 57 should be 59" classname="com.github.traderjoe95.mls.protocol.tree.TreeMath" time="0.0"/>
  <testcase name="of node 58 should be 57" classname="com.github.traderjoe95.mls.protocol.tree.TreeMath" time="0.0"/>
  <testcase name="of node 59 should be 55" classname="com.github.traderjoe95.mls.protocol.tree.TreeMath" time="0.0"/>
  <testcase name="of node 60 should be 61" classname="com.github.traderjoe95.mls.protocol.tree.TreeMath" time="0.0"/>
  <testcase name="of node 61 should be 59" classname="com.github.traderjoe95.mls.protocol.tree.TreeMath" time="0.0"/>
  <testcase name="of node 62 should be 61" classname="com.github.traderjoe95.mls.protocol.tree.TreeMath" time="0.0"/>
  <testcase name="of node 0 should be 2" classname="com.github.traderjoe95.mls.protocol.tree.TreeMath" time="0.001"/>
  <testcase name="of node 1 should be 5" classname="com.github.traderjoe95.mls.protocol.tree.TreeMath" time="0.0"/>
  <testcase name="of node 2 should be 0" classname="com.github.traderjoe95.mls.protocol.tree.TreeMath" time="0.0"/>
  <testcase name="of node 3 should be 11" classname="com.github.traderjoe95.mls.protocol.tree.TreeMath" time="0.0"/>
  <testcase name="of node 4 should be 6" classname="com.github.traderjoe95.mls.protocol.tree.TreeMath" time="0.0"/>
  <testcase name="of node 5 should be 1" classname="com.github.traderjoe95.mls.protocol.tree.TreeMath" time="0.0"/>
  <testcase name="of node 6 should be 4" classname="com.github.traderjoe95.mls.protocol.tree.TreeMath" time="0.0"/>
  <testcase name="of node 7 should be 23" classname="com.github.traderjoe95.mls.protocol.tree.TreeMath" time="0.0"/>
  <testcase name="of node 8 should be 10" classname="com.github.traderjoe95.mls.protocol.tree.TreeMath" time="0.0"/>
  <testcase name="of node 9 should be 13" classname="com.github.traderjoe95.mls.protocol.tree.TreeMath" time="0.0"/>
  <testcase name="of node 10 should be 8" classname="com.github.traderjoe95.mls.protocol.tree.TreeMath" time="0.0"/>
  <testcase name="of node 11 should be 3" classname="com.github.traderjoe95.mls.protocol.tree.TreeMath" time="0.0"/>
  <testcase name="of node 12 should be 14" classname="com.github.traderjoe95.mls.protocol.tree.TreeMath" time="0.0"/>
  <testcase name="of node 13 should be 9" classname="com.github.traderjoe95.mls.protocol.tree.TreeMath" time="0.0"/>
  <testcase name="of node 14 should be 12" classname="com.github.traderjoe95.mls.protocol.tree.TreeMath" time="0.001"/>
  <testcase name="of node 15 should be 47" classname="com.github.traderjoe95.mls.protocol.tree.TreeMath" time="0.0"/>
  <testcase name="of node 16 should be 18" classname="com.github.traderjoe95.mls.protocol.tree.TreeMath" time="0.0"/>
  <testcase name="of node 17 should be 21" classname="com.github.traderjoe95.mls.protocol.tree.TreeMath" time="0.0"/>
  <testcase name="of node 18 should be 16" classname="com.github.traderjoe95.mls.protocol.tree.TreeMath" time="0.0"/>
  <testcase name="of node 19 should be 27" classname="com.github.traderjoe95.mls.protocol.tree.TreeMath" time="0.0"/>
  <testcase name="of node 20 should be 22" classname="com.github.traderjoe95.mls.protocol.tree.TreeMath" time="0.0"/>
  <testcase name="of node 21 should be 17" classname="com.github.traderjoe95.mls.protocol.tree.TreeMath" time="0.0"/>
  <testcase name="of node 22 should be 20" classname="com.github.traderjoe95.mls.protocol.tree.TreeMath" time="0.0"/>
  <testcase name="of node 23 should be 7" classname="com.github.traderjoe95.mls.protocol.tree.TreeMath" time="0.0"/>
  <testcase name="of node 24 should be 26" classname="com.github.traderjoe95.mls.protocol.tree.TreeMath" time="0.0"/>
  <testcase name="of node 25 should be 29" classname="com.github.traderjoe95.mls.protocol.tree.TreeMath" time="0.0"/>
  <testcase name="of node 26 should be 24" classname="com.github.traderjoe95.mls.protocol.tree.TreeMath" time="0.0"/>
  <testcase name="of node 27 should be 19" classname="com.github.traderjoe95.mls.protocol.tree.TreeMath" time="0.0"/>
  <testcase name="of node 28 should be 30" classname="com.github.traderjoe95.mls.protocol.tree.TreeMath" time="0.0"/>
  <testcase name="of node 29 should be 25" classname="com.github.traderjoe95.mls.protocol.tree.TreeMath" time="0.0"/>
  <testcase name="of node 30 should be 28" classname="com.github.traderjoe95.mls.protocol.tree.TreeMath" time="0.0"/>
  <testcase name="of node 31 should be 95" classname="com.github.traderjoe95.mls.protocol.tree.TreeMath" time="0.0"/>
  <testcase name="of node 32 should be 34" classname="com.github.traderjoe95.mls.protocol.tree.TreeMath" time="0.0"/>
  <testcase name="of node 33 should be 37" classname="com.github.traderjoe95.mls.protocol.tree.TreeMath" time="0.0"/>
  <testcase name="of node 34 should be 32" classname="com.github.traderjoe95.mls.protocol.tree.TreeMath" time="0.0"/>
  <testcase name="of node 35 should be 43" classname="com.github.traderjoe95.mls.protocol.tree.TreeMath" time="0.0"/>
  <testcase name="of node 36 should be 38" classname="com.github.traderjoe95.mls.protocol.tree.TreeMath" time="0.0"/>
  <testcase name="of node 37 should be 33" classname="com.github.traderjoe95.mls.protocol.tree.TreeMath" time="0.001"/>
  <testcase name="of node 38 should be 36" classname="com.github.traderjoe95.mls.protocol.tree.TreeMath" time="0.0"/>
  <testcase name="of node 39 should be 55" classname="com.github.traderjoe95.mls.protocol.tree.TreeMath" time="0.0"/>
  <testcase name="of node 40 should be 42" classname="com.github.traderjoe95.mls.protocol.tree.TreeMath" time="0.0"/>
  <testcase name="of node 41 should be 45" classname="com.github.traderjoe95.mls.protocol.tree.TreeMath" time="0.0"/>
  <testcase name="of node 42 should be 40" classname="com.github.traderjoe95.mls.protocol.tree.TreeMath" time="0.0"/>
  <testcase name="of node 43 should be 35" classname="com.github.traderjoe95.mls.protocol.tree.TreeMath" time="0.0"/>
  <testcase name="of node 44 should be 46" classname="com.github.traderjoe95.mls.protocol.tree.TreeMath" time="0.0"/>
  <testcase name="of node 45 should be 41" classname="com.github.traderjoe95.mls.protocol.tree.TreeMath" time="0.0"/>
  <testcase name="of node 46 should be 44" classname="com.github.traderjoe95.mls.protocol.tree.TreeMath" time="0.0"/>
  <testcase name="of node 47 should be 15" classname="com.github.traderjoe95.mls.protocol.tree.TreeMath" time="0.0"/>
  <testcase name="of node 48 should be 50" classname="com.github.traderjoe95.mls.protocol.tree.TreeMath" time="0.0"/>
  <testcase name="of node 49 should be 53" classname="com.github.traderjoe95.mls.protocol.tree.TreeMath" time="0.0"/>
  <testcase name="of node 50 should be 48" classname="com.github.traderjoe95.mls.protocol.tree.TreeMath" time="0.0"/>
  <testcase name="of node 51 should be 59" classname="com.github.traderjoe95.mls.protocol.tree.TreeMath" time="0.0"/>
  <testcase name="of node 52 should be 54" classname="com.github.traderjoe95.mls.protocol.tree.TreeMath" time="0.0"/>
  <testcase name="of node 53 should be 49" classname="com.github.traderjoe95.mls.protocol.tree.TreeMath" time="0.0"/>
  <testcase name="of node 54 should be 52" classname="com.github.traderjoe95.mls.protocol.tree.TreeMath" time="0.0"/>
  <testcase name="of node 55 should be 39" classname="com.github.traderjoe95.mls.protocol.tree.TreeMath" time="0.0"/>
  <testcase name="of node 56 should be 58" classname="com.github.traderjoe95.mls.protocol.tree.TreeMath" time="0.0"/>
  <testcase name="of node 57 should be 61" classname="com.github.traderjoe95.mls.protocol.tree.TreeMath" time="0.0"/>
  <testcase name="of node 58 should be 56" classname="com.github.traderjoe95.mls.protocol.tree.TreeMath" time="0.0"/>
  <testcase name="of node 59 should be 51" classname="com.github.traderjoe95.mls.protocol.tree.TreeMath" time="0.0"/>
  <testcase name="of node 60 should be 62" classname="com.github.traderjoe95.mls.protocol.tree.TreeMath" time="0.0"/>
  <testcase name="of node 61 should be 57" classname="com.github.traderjoe95.mls.protocol.tree.TreeMath" time="0.0"/>
  <testcase name="of node 62 should be 60" classname="com.github.traderjoe95.mls.protocol.tree.TreeMath" time="0.0"/>
  <testcase name="there should be 127 nodes" classname="com.github.traderjoe95.mls.protocol.tree.TreeMath" time="0.0"/>
  <testcase name="the root should have index 63" classname="com.github.traderjoe95.mls.protocol.tree.TreeMath" time="0.0"/>
  <testcase name="of node 0 should be 2147483648" classname="com.github.traderjoe95.mls.protocol.tree.TreeMath" time="0.0"/>
  <testcase name="of node 1 should be 0" classname="com.github.traderjoe95.mls.protocol.tree.TreeMath" time="0.0"/>
  <testcase name="of node 2 should be 2147483650" classname="com.github.traderjoe95.mls.protocol.tree.TreeMath" time="0.0"/>
  <testcase name="of node 3 should be 1" classname="com.github.traderjoe95.mls.protocol.tree.TreeMath" time="0.0"/>
  <testcase name="of node 4 should be 2147483652" classname="com.github.traderjoe95.mls.protocol.tree.TreeMath" time="0.0"/>
  <testcase name="of node 5 should be 4" classname="com.github.traderjoe95.mls.protocol.tree.TreeMath" time="0.0"/>
  <testcase name="of node 6 should be 2147483654" classname="com.github.traderjoe95.mls.protocol.tree.TreeMath" time="0.0"/>
  <testcase name="of node 7 should be 3" classname="com.github.traderjoe95.mls.protocol.tree.TreeMath" time="0.0"/>
  <testcase name="of node 8 should be 2147483656" classname="com.github.traderjoe95.mls.protocol.tree.TreeMath" time="0.0"/>
  <testcase name="of node 9 should be 8" classname="com.github.traderjoe95.mls.protocol.tree.TreeMath" time="0.0"/>
  <testcase name="of node 10 should be 2147483658" classname="com.github.traderjoe95.mls.protocol.tree.TreeMath" time="0.001"/>
  <testcase name="of node 11 should be 9" classname="com.github.traderjoe95.mls.protocol.tree.TreeMath" time="0.0"/>
  <testcase name="of node 12 should be 2147483660" classname="com.github.traderjoe95.mls.protocol.tree.TreeMath" time="0.0"/>
  <testcase name="of node 13 should be 12" classname="com.github.traderjoe95.mls.protocol.tree.TreeMath" time="0.0"/>
  <testcase name="of node 14 should be 2147483662" classname="com.github.traderjoe95.mls.protocol.tree.TreeMath" time="0.0"/>
  <testcase name="of node 15 should be 7" classname="com.github.traderjoe95.mls.protocol.tree.TreeMath" time="0.001"/>
  <testcase name="of node 16 should be 2147483664" classname="com.github.traderjoe95.mls.protocol.tree.TreeMath" time="0.0"/>
  <testcase name="of node 17 should be 16" classname="com.github.traderjoe95.mls.protocol.tree.TreeMath" time="0.0"/>
  <testcase name="of node 18 should be 2147483666" classname="com.github.traderjoe95.mls.protocol.tree.TreeMath" time="0.001"/>
  <testcase name="of node 19 should be 17" classname="com.github.traderjoe95.mls.protocol.tree.TreeMath" time="0.0"/>
  <testcase name="of node 20 should be 2147483668" classname="com.github.traderjoe95.mls.protocol.tree.TreeMath" time="0.0"/>
  <testcase name="of node 21 should be 20" classname="com.github.traderjoe95.mls.protocol.tree.TreeMath" time="0.0"/>
  <testcase name="of node 22 should be 2147483670" classname="com.github.traderjoe95.mls.protocol.tree.TreeMath" time="0.0"/>
  <testcase name="of node 23 should be 19" classname="com.github.traderjoe95.mls.protocol.tree.TreeMath" time="0.0"/>
  <testcase name="of node 24 should be 2147483672" classname="com.github.traderjoe95.mls.protocol.tree.TreeMath" time="0.0"/>
  <testcase name="of node 25 should be 24" classname="com.github.traderjoe95.mls.protocol.tree.TreeMath" time="0.0"/>
  <testcase name="of node 26 should be 2147483674" classname="com.github.traderjoe95.mls.protocol.tree.TreeMath" time="0.0"/>
  <testcase name="of node 27 should be 25" classname="com.github.traderjoe95.mls.protocol.tree.TreeMath" time="0.0"/>
  <testcase name="of node 28 should be 2147483676" classname="com.github.traderjoe95.mls.protocol.tree.TreeMath" time="0.0"/>
  <testcase name="of node 29 should be 28" classname="com.github.traderjoe95.mls.protocol.tree.TreeMath" time="0.0"/>
  <testcase name="of node 30 should be 2147483678" classname="com.github.traderjoe95.mls.protocol.tree.TreeMath" time="0.0"/>
  <testcase name="of node 31 should be 15" classname="com.github.traderjoe95.mls.protocol.tree.TreeMath" time="0.0"/>
  <testcase name="of node 32 should be 2147483680" classname="com.github.traderjoe95.mls.protocol.tree.TreeMath" time="0.0"/>
  <testcase name="of node 33 should be 32" classname="com.github.traderjoe95.mls.protocol.tree.TreeMath" time="0.0"/>
  <testcase name="of node 34 should be 2147483682" classname="com.github.traderjoe95.mls.protocol.tree.TreeMath" time="0.0"/>
  <testcase name="of node 35 should be 33" classname="com.github.traderjoe95.mls.protocol.tree.TreeMath" time="0.0"/>
  <testcase name="of node 36 should be 2147483684" classname="com.github.traderjoe95.mls.protocol.tree.TreeMath" time="0.0"/>
  <testcase name="of node 37 should be 36" classname="com.github.traderjoe95.mls.protocol.tree.TreeMath" time="0.001"/>
  <testcase name="of node 38 should be 2147483686" classname="com.github.traderjoe95.mls.protocol.tree.TreeMath" time="0.0"/>
  <testcase name="of node 39 should be 35" classname="com.github.traderjoe95.mls.protocol.tree.TreeMath" time="0.0"/>
  <testcase name="of node 40 should be 2147483688" classname="com.github.traderjoe95.mls.protocol.tree.TreeMath" time="0.0"/>
  <testcase name="of node 41 should be 40" classname="com.github.traderjoe95.mls.protocol.tree.TreeMath" time="0.0"/>
  <testcase name="of node 42 should be 2147483690" classname="com.github.traderjoe95.mls.protocol.tree.TreeMath" time="0.001"/>
  <testcase name="of node 43 should be 41" classname="com.github.traderjoe95.mls.protocol.tree.TreeMath" time="0.0"/>
  <testcase name="of node 44 should be 2147483692" classname="com.github.traderjoe95.mls.protocol.tree.TreeMath" time="0.0"/>
  <testcase name="of node 45 should be 44" classname="com.github.traderjoe95.mls.protocol.tree.TreeMath" time="0.0"/>
  <testcase name="of node 46 should be 2147483694" classname="com.github.traderjoe95.mls.protocol.tree.TreeMath" time="0.001"/>
  <testcase name="of node 47 should be 39" classname="com.github.traderjoe95.mls.protocol.tree.TreeMath" time="0.0"/>
  <testcase name="of node 48 should be 2147483696" classname="com.github.traderjoe95.mls.protocol.tree.TreeMath" time="0.0"/>
  <testcase name="of node 49 should be 48" classname="com.github.traderjoe95.mls.protocol.tree.TreeMath" time="0.0"/>
  <testcase name="of node 50 should be 2147483698" classname="com.github.traderjoe95.mls.protocol.tree.TreeMath" time="0.0"/>
  <testcase name="of node 51 should be 49" classname="com.github.traderjoe95.mls.protocol.tree.TreeMath" time="0.0"/>
  <testcase name="of node 52 should be 2147483700" classname="com.github.traderjoe95.mls.protocol.tree.TreeMath" time="0.0"/>
  <testcase name="of node 53 should be 52" classname="com.github.traderjoe95.mls.protocol.tree.TreeMath" time="0.0"/>
  <testcase name="of node 54 should be 2147483702" classname="com.github.traderjoe95.mls.protocol.tree.TreeMath" time="0.0"/>
  <testcase name="of node 55 should be 51" classname="com.github.traderjoe95.mls.protocol.tree.TreeMath" time="0.0"/>
  <testcase name="of node 56 should be 2147483704" classname="com.github.traderjoe95.mls.protocol.tree.TreeMath" time="0.0"/>
  <testcase name="of node 57 should be 56" classname="com.github.traderjoe95.mls.protocol.tree.TreeMath" time="0.0"/>
  <testcase name="of node 58 should be 2147483706" classname="com.github.traderjoe95.mls.protocol.tree.TreeMath" time="0.0"/>
  <testcase name="of node 59 should be 57" classname="com.github.traderjoe95.mls.protocol.tree.TreeMath" time="0.0"/>
  <testcase name="of node 60 should be 2147483708" classname="com.github.traderjoe95.mls.protocol.tree.TreeMath" time="0.0"/>
  <testcase name="of node 61 should be 60" classname="com.github.traderjoe95.mls.protocol.tree.TreeMath" time="0.0"/>
  <testcase name="of node 62 should be 2147483710" classname="com.github.traderjoe95.mls.protocol.tree.TreeMath" time="0.0"/>
  <testcase name="of node 63 should be 31" classname="com.github.traderjoe95.mls.protocol.tree.TreeMath" time="0.0"/>
  <testcase name="of node 64 should be 2147483712" classname="com.github.traderjoe95.mls.protocol.tree.TreeMath" time="0.0"/>
  <testcase name="of node 65 should be 64" classname="com.github.traderjoe95.mls.protocol.tree.TreeMath" time="0.0"/>
  <testcase name="of node 66 should be 2147483714" classname="com.github.traderjoe95.mls.protocol.tree.TreeMath" time="0.0"/>
  <testcase name="of node 67 should be 65" classname="com.github.traderjoe95.mls.protocol.tree.TreeMath" time="0.0"/>
  <testcase name="of node 68 should be 2147483716" classname="com.github.traderjoe95.mls.protocol.tree.TreeMath" time="0.0"/>
  <testcase name="of node 69 should be 68" classname="com.github.traderjoe95.mls.protocol.tree.TreeMath" time="0.0"/>
  <testcase name="of node 70 should be 2147483718" classname="com.github.traderjoe95.mls.protocol.tree.TreeMath" time="0.0"/>
  <testcase name="of node 71 should be 67" classname="com.github.traderjoe95.mls.protocol.tree.TreeMath" time="0.0"/>
  <testcase name="of node 72 should be 2147483720" classname="com.github.traderjoe95.mls.protocol.tree.TreeMath" time="0.0"/>
  <testcase name="of node 73 should be 72" classname="com.github.traderjoe95.mls.protocol.tree.TreeMath" time="0.0"/>
  <testcase name="of node 74 should be 2147483722" classname="com.github.traderjoe95.mls.protocol.tree.TreeMath" time="0.0"/>
  <testcase name="of node 75 should be 73" classname="com.github.traderjoe95.mls.protocol.tree.TreeMath" time="0.0"/>
  <testcase name="of node 76 should be 2147483724" classname="com.github.traderjoe95.mls.protocol.tree.TreeMath" time="0.0"/>
  <testcase name="of node 77 should be 76" classname="com.github.traderjoe95.mls.protocol.tree.TreeMath" time="0.0"/>
  <testcase name="of node 78 should be 2147483726" classname="com.github.traderjoe95.mls.protocol.tree.TreeMath" time="0.0"/>
  <testcase name="of node 79 should be 71" classname="com.github.traderjoe95.mls.protocol.tree.TreeMath" time="0.0"/>
  <testcase name="of node 80 should be 2147483728" classname="com.github.traderjoe95.mls.protocol.tree.TreeMath" time="0.0"/>
  <testcase name="of node 81 should be 80" classname="com.github.traderjoe95.mls.protocol.tree.TreeMath" time="0.0"/>
  <testcase name="of node 82 should be 2147483730" classname="com.github.traderjoe95.mls.protocol.tree.TreeMath" time="0.0"/>
  <testcase name="of node 83 should be 81" classname="com.github.traderjoe95.mls.protocol.tree.TreeMath" time="0.0"/>
  <testcase name="of node 84 should be 2147483732" classname="com.github.traderjoe95.mls.protocol.tree.TreeMath" time="0.0"/>
  <testcase name="of node 85 should be 84" classname="com.github.traderjoe95.mls.protocol.tree.TreeMath" time="0.0"/>
  <testcase name="of node 86 should be 2147483734" classname="com.github.traderjoe95.mls.protocol.tree.TreeMath" time="0.0"/>
  <testcase name="of node 87 should be 83" classname="com.github.traderjoe95.mls.protocol.tree.TreeMath" time="0.0"/>
  <testcase name="of node 88 should be 2147483736" classname="com.github.traderjoe95.mls.protocol.tree.TreeMath" time="0.0"/>
  <testcase name="of node 89 should be 88" classname="com.github.traderjoe95.mls.protocol.tree.TreeMath" time="0.0"/>
  <testcase name="of node 90 should be 2147483738" classname="com.github.traderjoe95.mls.protocol.tree.TreeMath" time="0.0"/>
  <testcase name="of node 91 should be 89" classname="com.github.traderjoe95.mls.protocol.tree.TreeMath" time="0.0"/>
  <testcase name="of node 92 should be 2147483740" classname="com.github.traderjoe95.mls.protocol.tree.TreeMath" time="0.0"/>
  <testcase name="of node 93 should be 92" classname="com.github.traderjoe95.mls.protocol.tree.TreeMath" time="0.0"/>
  <testcase name="of node 94 should be 2147483742" classname="com.github.traderjoe95.mls.protocol.tree.TreeMath" time="0.0"/>
  <testcase name="of node 95 should be 79" classname="com.github.traderjoe95.mls.protocol.tree.TreeMath" time="0.0"/>
  <testcase name="of node 96 should be 2147483744" classname="com.github.traderjoe95.mls.protocol.tree.TreeMath" time="0.0"/>
  <testcase name="of node 97 should be 96" classname="com.github.traderjoe95.mls.protocol.tree.TreeMath" time="0.0"/>
  <testcase name="of node 98 should be 2147483746" classname="com.github.traderjoe95.mls.protocol.tree.TreeMath" time="0.0"/>
  <testcase name="of node 99 should be 97" classname="com.github.traderjoe95.mls.protocol.tree.TreeMath" time="0.0"/>
  <testcase name="of node 100 should be 2147483748" classname="com.github.traderjoe95.mls.protocol.tree.TreeMath" time="0.0"/>
  <testcase name="of node 101 should be 100" classname="com.github.traderjoe95.mls.protocol.tree.TreeMath" time="0.0"/>
  <testcase name="of node 102 should be 2147483750" classname="com.github.traderjoe95.mls.protocol.tree.TreeMath" time="0.0"/>
  <testcase name="of node 103 should be 99" classname="com.github.traderjoe95.mls.protocol.tree.TreeMath" time="0.0"/>
  <testcase name="of node 104 should be 2147483752" classname="com.github.traderjoe95.mls.protocol.tree.TreeMath" time="0.0"/>
  <testcase name="of node 105 should be 104" classname="com.github.traderjoe95.mls.protocol.tree.TreeMath" time="0.0"/>
  <testcase name="of node 106 should be 2147483754" classname="com.github.traderjoe95.mls.protocol.tree.TreeMath" time="0.0"/>
  <testcase name="of node 107 should be 105" classname="com.github.traderjoe95.mls.protocol.tree.TreeMath" time="0.0"/>
  <testcase name="of node 108 should be 2147483756" classname="com.github.traderjoe95.mls.protocol.tree.TreeMath" time="0.0"/>
  <testcase name="of node 109 should be 108" classname="com.github.traderjoe95.mls.protocol.tree.TreeMath" time="0.0"/>
  <testcase name="of node 110 should be 2147483758" classname="com.github.traderjoe95.mls.protocol.tree.TreeMath" time="0.0"/>
  <testcase name="of node 111 should be 103" classname="com.github.traderjoe95.mls.protocol.tree.TreeMath" time="0.0"/>
  <testcase name="of node 112 should be 2147483760" classname="com.github.traderjoe95.mls.protocol.tree.TreeMath" time="0.0"/>
  <testcase name="of node 113 should be 112" classname="com.github.traderjoe95.mls.protocol.tree.TreeMath" time="0.0"/>
  <testcase name="of node 114 should be 2147483762" classname="com.github.traderjoe95.mls.protocol.tree.TreeMath" time="0.0"/>
  <testcase name="of node 115 should be 113" classname="com.github.traderjoe95.mls.protocol.tree.TreeMath" time="0.0"/>
  <testcase name="of node 116 should be 2147483764" classname="com.github.traderjoe95.mls.protocol.tree.TreeMath" time="0.0"/>
  <testcase name="of node 117 should be 116" classname="com.github.traderjoe95.mls.protocol.tree.TreeMath" time="0.0"/>
  <testcase name="of node 118 should be 2147483766" classname="com.github.traderjoe95.mls.protocol.tree.TreeMath" time="0.0"/>
  <testcase name="of node 119 should be 115" classname="com.github.traderjoe95.mls.protocol.tree.TreeMath" time="0.0"/>
  <testcase name="of node 120 should be 2147483768" classname="com.github.traderjoe95.mls.protocol.tree.TreeMath" time="0.0"/>
  <testcase name="of node 121 should be 120" classname="com.github.traderjoe95.mls.protocol.tree.TreeMath" time="0.001"/>
  <testcase name="of node 122 should be 2147483770" classname="com.github.traderjoe95.mls.protocol.tree.TreeMath" time="0.0"/>
  <testcase name="of node 123 should be 121" classname="com.github.traderjoe95.mls.protocol.tree.TreeMath" time="0.0"/>
  <testcase name="of node 124 should be 2147483772" classname="com.github.traderjoe95.mls.protocol.tree.TreeMath" time="0.0"/>
  <testcase name="of node 125 should be 124" classname="com.github.traderjoe95.mls.protocol.tree.TreeMath" time="0.0"/>
  <testcase name="of node 126 should be 2147483774" classname="com.github.traderjoe95.mls.protocol.tree.TreeMath" time="0.0"/>
  <testcase name="of node 0 should be 2147483648" classname="com.github.traderjoe95.mls.protocol.tree.TreeMath" time="0.0"/>
  <testcase name="of node 1 should be 2" classname="com.github.traderjoe95.mls.protocol.tree.TreeMath" time="0.0"/>
  <testcase name="of node 2 should be 2147483650" classname="com.github.traderjoe95.mls.protocol.tree.TreeMath" time="0.0"/>
  <testcase name="of node 3 should be 5" classname="com.github.traderjoe95.mls.protocol.tree.TreeMath" time="0.0"/>
  <testcase name="of node 4 should be 2147483652" classname="com.github.traderjoe95.mls.protocol.tree.TreeMath" time="0.0"/>
  <testcase name="of node 5 should be 6" classname="com.github.traderjoe95.mls.protocol.tree.TreeMath" time="0.0"/>
  <testcase name="of node 6 should be 2147483654" classname="com.github.traderjoe95.mls.protocol.tree.TreeMath" time="0.0"/>
  <testcase name="of node 7 should be 11" classname="com.github.traderjoe95.mls.protocol.tree.TreeMath" time="0.0"/>
  <testcase name="of node 8 should be 2147483656" classname="com.github.traderjoe95.mls.protocol.tree.TreeMath" time="0.0"/>
  <testcase name="of node 9 should be 10" classname="com.github.traderjoe95.mls.protocol.tree.TreeMath" time="0.0"/>
  <testcase name="of node 10 should be 2147483658" classname="com.github.traderjoe95.mls.protocol.tree.TreeMath" time="0.0"/>
  <testcase name="of node 11 should be 13" classname="com.github.traderjoe95.mls.protocol.tree.TreeMath" time="0.0"/>
  <testcase name="of node 12 should be 2147483660" classname="com.github.traderjoe95.mls.protocol.tree.TreeMath" time="0.0"/>
  <testcase name="of node 13 should be 14" classname="com.github.traderjoe95.mls.protocol.tree.TreeMath" time="0.0"/>
  <testcase name="of node 14 should be 2147483662" classname="com.github.traderjoe95.mls.protocol.tree.TreeMath" time="0.0"/>
  <testcase name="of node 15 should be 23" classname="com.github.traderjoe95.mls.protocol.tree.TreeMath" time="0.0"/>
  <testcase name="of node 16 should be 2147483664" classname="com.github.traderjoe95.mls.protocol.tree.TreeMath" time="0.0"/>
  <testcase name="of node 17 should be 18" classname="com.github.traderjoe95.mls.protocol.tree.TreeMath" time="0.0"/>
  <testcase name="of node 18 should be 2147483666" classname="com.github.traderjoe95.mls.protocol.tree.TreeMath" time="0.0"/>
  <testcase name="of node 19 should be 21" classname="com.github.traderjoe95.mls.protocol.tree.TreeMath" time="0.0"/>
  <testcase name="of node 20 should be 2147483668" classname="com.github.traderjoe95.mls.protocol.tree.TreeMath" time="0.0"/>
  <testcase name="of node 21 should be 22" classname="com.github.traderjoe95.mls.protocol.tree.TreeMath" time="0.001"/>
  <testcase name="of node 22 should be 2147483670" classname="com.github.traderjoe95.mls.protocol.tree.TreeMath" time="0.0"/>
  <testcase name="of node 23 should be 27" classname="com.github.traderjoe95.mls.protocol.tree.TreeMath" time="0.0"/>
  <testcase name="of node 24 should be 2147483672" classname="com.github.traderjoe95.mls.protocol.tree.TreeMath" time="0.0"/>
  <testcase name="of node 25 should be 26" classname="com.github.traderjoe95.mls.protocol.tree.TreeMath" time="0.0"/>
  <testcase name="of node 26 should be 2147483674" classname="com.github.traderjoe95.mls.protocol.tree.TreeMath" time="0.0"/>
  <testcase name="of node 27 should be 29" classname="com.github.traderjoe95.mls.protocol.tree.TreeMath" time="0.0"/>
  <testcase name="of node 28 should be 2147483676" classname="com.github.traderjoe95.mls.protocol.tree.TreeMath" time="0.0"/>
  <testcase name="of node 29 should be 30" classname="com.github.traderjoe95.mls.protocol.tree.TreeMath" time="0.0"/>
  <testcase name="of node 30 should be 2147483678" classname="com.github.traderjoe95.mls.protocol.tree.TreeMath" time="0.0"/>
  <testcase name="of node 31 should be 47" classname="com.github.traderjoe95.mls.protocol.tree.TreeMath" time="0.0"/>
  <testcase name="of node 32 should be 2147483680" classname="com.github.traderjoe95.mls.protocol.tree.TreeMath" time="0.0"/>
  <testcase name="of node 33 should be 34" classname="com.github.traderjoe95.mls.protocol.tree.TreeMath" time="0.0"/>
  <testcase name="of node 34 should be 2147483682" classname="com.github.traderjoe95.mls.protocol.tree.TreeMath" time="0.0"/>
  <testcase name="of node 35 should be 37" classname="com.github.traderjoe95.mls.protocol.tree.TreeMath" time="0.0"/>
  <testcase name="of node 36 should be 2147483684" classname="com.github.traderjoe95.mls.protocol.tree.TreeMath" time="0.0"/>
  <testcase name="of node 37 should be 38" classname="com.github.traderjoe95.mls.protocol.tree.TreeMath" time="0.0"/>
  <testcase name="of node 38 should be 2147483686" classname="com.github.traderjoe95.mls.protocol.tree.TreeMath" time="0.0"/>
  <testcase name="of node 39 should be 43" classname="com.github.traderjoe95.mls.protocol.tree.TreeMath" time="0.0"/>
  <testcase name="of node 40 should be 2147483688" classname="com.github.traderjoe95.mls.protocol.tree.TreeMath" time="0.0"/>
  <testcase name="of node 41 should be 42" classname="com.github.traderjoe95.mls.protocol.tree.TreeMath" time="0.0"/>
  <testcase name="of node 42 should be 2147483690" classname="com.github.traderjoe95.mls.protocol.tree.TreeMath" time="0.0"/>
  <testcase name="of node 43 should be 45" classname="com.github.traderjoe95.mls.protocol.tree.TreeMath" time="0.0"/>
  <testcase name="of node 44 should be 2147483692" classname="com.github.traderjoe95.mls.protocol.tree.TreeMath" time="0.0"/>
  <testcase name="of node 45 should be 46" classname="com.github.traderjoe95.mls.protocol.tree.TreeMath" time="0.0"/>
  <testcase name="of node 46 should be 2147483694" classname="com.github.traderjoe95.mls.protocol.tree.TreeMath" time="0.0"/>
  <testcase name="of node 47 should be 55" classname="com.github.traderjoe95.mls.protocol.tree.TreeMath" time="0.0"/>
  <testcase name="of node 48 should be 2147483696" classname="com.github.traderjoe95.mls.protocol.tree.TreeMath" time="0.0"/>
  <testcase name="of node 49 should be 50" classname="com.github.traderjoe95.mls.protocol.tree.TreeMath" time="0.0"/>
  <testcase name="of node 50 should be 2147483698" classname="com.github.traderjoe95.mls.protocol.tree.TreeMath" time="0.0"/>
  <testcase name="of node 51 should be 53" classname="com.github.traderjoe95.mls.protocol.tree.TreeMath" time="0.0"/>
  <testcase name="of node 52 should be 2147483700" classname="com.github.traderjoe95.mls.protocol.tree.TreeMath" time="0.0"/>
  <testcase name="of node 53 should be 54" classname="com.github.traderjoe95.mls.protocol.tree.TreeMath" time="0.0"/>
  <testcase name="of node 54 should be 2147483702" classname="com.github.traderjoe95.mls.protocol.tree.TreeMath" time="0.0"/>
  <testcase name="of node 55 should be 59" classname="com.github.traderjoe95.mls.protocol.tree.TreeMath" time="0.0"/>
  <testcase name="of node 56 should be 2147483704" classname="com.github.traderjoe95.mls.protocol.tree.TreeMath" time="0.0"/>
  <testcase name="of node 57 should be 58" classname="com.github.traderjoe95.mls.protocol.tree.TreeMath" time="0.0"/>
  <testcase name="of node 58 should be 2147483706" classname="com.github.traderjoe95.mls.protocol.tree.TreeMath" time="0.0"/>
  <testcase name="of node 59 should be 61" classname="com.github.traderjoe95.mls.protocol.tree.TreeMath" time="0.0"/>
  <testcase name="of node 60 should be 2147483708" classname="com.github.traderjoe95.mls.protocol.tree.TreeMath" time="0.0"/>
  <testcase name="of node 61 should be 62" classname="com.github.traderjoe95.mls.protocol.tree.TreeMath" time="0.0"/>
  <testcase name="of node 62 should be 2147483710" classname="com.github.traderjoe95.mls.protocol.tree.TreeMath" time="0.0"/>
  <testcase name="of node 63 should be 95" classname="com.github.traderjoe95.mls.protocol.tree.TreeMath" time="0.0"/>
  <testcase name="of node 64 should be 2147483712" classname="com.github.traderjoe95.mls.protocol.tree.TreeMath" time="0.0"/>
  <testcase name="of node 65 should be 66" classname="com.github.traderjoe95.mls.protocol.tree.TreeMath" time="0.0"/>
  <testcase name="of node 66 should be 2147483714" classname="com.github.traderjoe95.mls.protocol.tree.TreeMath" time="0.0"/>
  <testcase name="of node 67 should be 69" classname="com.github.traderjoe95.mls.protocol.tree.TreeMath" time="0.0"/>
  <testcase name="of node 68 should be 2147483716" classname="com.github.traderjoe95.mls.protocol.tree.TreeMath" time="0.0"/>
  <testcase name="of node 69 should be 70" classname="com.github.traderjoe95.mls.protocol.tree.TreeMath" time="0.0"/>
  <testcase name="of node 70 should be 2147483718" classname="com.github.traderjoe95.mls.protocol.tree.TreeMath" time="0.0"/>
  <testcase name="of node 71 should be 75" classname="com.github.traderjoe95.mls.protocol.tree.TreeMath" time="0.0"/>
  <testcase name="of node 72 should be 2147483720" classname="com.github.traderjoe95.mls.protocol.tree.TreeMath" time="0.0"/>
  <testcase name="of node 73 should be 74" classname="com.github.traderjoe95.mls.protocol.tree.TreeMath" time="0.0"/>
  <testcase name="of node 74 should be 2147483722" classname="com.github.traderjoe95.mls.protocol.tree.TreeMath" time="0.0"/>
  <testcase name="of node 75 should be 77" classname="com.github.traderjoe95.mls.protocol.tree.TreeMath" time="0.0"/>
  <testcase name="of node 76 should be 2147483724" classname="com.github.traderjoe95.mls.protocol.tree.TreeMath" time="0.0"/>
  <testcase name="of node 77 should be 78" classname="com.github.traderjoe95.mls.protocol.tree.TreeMath" time="0.0"/>
  <testcase name="of node 78 should be 2147483726" classname="com.github.traderjoe95.mls.protocol.tree.TreeMath" time="0.001"/>
  <testcase name="of node 79 should be 87" classname="com.github.traderjoe95.mls.protocol.tree.TreeMath" time="0.0"/>
  <testcase name="of node 80 should be 2147483728" classname="com.github.traderjoe95.mls.protocol.tree.TreeMath" time="0.0"/>
  <testcase name="of node 81 should be 82" classname="com.github.traderjoe95.mls.protocol.tree.TreeMath" time="0.0"/>
  <testcase name="of node 82 should be 2147483730" classname="com.github.traderjoe95.mls.protocol.tree.TreeMath" time="0.0"/>
  <testcase name="of node 83 should be 85" classname="com.github.traderjoe95.mls.protocol.tree.TreeMath" time="0.0"/>
  <testcase name="of node 84 should be 2147483732" classname="com.github.traderjoe95.mls.protocol.tree.TreeMath" time="0.0"/>
  <testcase name="of node 85 should be 86" classname="com.github.traderjoe95.mls.protocol.tree.TreeMath" time="0.0"/>
  <testcase name="of node 86 should be 2147483734" classname="com.github.traderjoe95.mls.protocol.tree.TreeMath" time="0.0"/>
  <testcase name="of node 87 should be 91" classname="com.github.traderjoe95.mls.protocol.tree.TreeMath" time="0.001"/>
  <testcase name="of node 88 should be 2147483736" classname="com.github.traderjoe95.mls.protocol.tree.TreeMath" time="0.0"/>
  <testcase name="of node 89 should be 90" classname="com.github.traderjoe95.mls.protocol.tree.TreeMath" time="0.0"/>
  <testcase name="of node 90 should be 2147483738" classname="com.github.traderjoe95.mls.protocol.tree.TreeMath" time="0.0"/>
  <testcase name="of node 91 should be 93" classname="com.github.traderjoe95.mls.protocol.tree.TreeMath" time="0.0"/>
  <testcase name="of node 92 should be 2147483740" classname="com.github.traderjoe95.mls.protocol.tree.TreeMath" time="0.0"/>
  <testcase name="of node 93 should be 94" classname="com.github.traderjoe95.mls.protocol.tree.TreeMath" time="0.001"/>
  <testcase name="of node 94 should be 2147483742" classname="com.github.traderjoe95.mls.protocol.tree.TreeMath" time="0.0"/>
  <testcase name="of node 95 should be 111" classname="com.github.traderjoe95.mls.protocol.tree.TreeMath" time="0.0"/>
  <testcase name="of node 96 should be 2147483744" classname="com.github.traderjoe95.mls.protocol.tree.TreeMath" time="0.0"/>
  <testcase name="of node 97 should be 98" classname="com.github.traderjoe95.mls.protocol.tree.TreeMath" time="0.0"/>
  <testcase name="of node 98 should be 2147483746" classname="com.github.traderjoe95.mls.protocol.tree.TreeMath" time="0.0"/>
  <testcase name="of node 99 should be 101" classname="com.github.traderjoe95.mls.protocol.tree.TreeMath" time="0.0"/>
  <testcase name="of node 100 should be 2147483748" classname="com.github.traderjoe95.mls.protocol.tree.TreeMath" time="0.0"/>
  <testcase name="of node 101 should be 102" classname="com.github.traderjoe95.mls.protocol.tree.TreeMath" time="0.0"/>
  <testcase name="of node 102 should be 2147483750" classname="com.github.traderjoe95.mls.protocol.tree.TreeMath" time="0.0"/>
  <testcase name="of node 103 should be 107" classname="com.github.traderjoe95.mls.protocol.tree.TreeMath" time="0.0"/>
  <testcase name="of node 104 should be 2147483752" classname="com.github.traderjoe95.mls.protocol.tree.TreeMath" time="0.0"/>
  <testcase name="of node 105 should be 106" classname="com.github.traderjoe95.mls.protocol.tree.TreeMath" time="0.0"/>
  <testcase name="of node 106 should be 2147483754" classname="com.github.traderjoe95.mls.protocol.tree.TreeMath" time="0.0"/>
  <testcase name="of node 107 should be 109" classname="com.github.traderjoe95.mls.protocol.tree.TreeMath" time="0.0"/>
  <testcase name="of node 108 should be 2147483756" classname="com.github.traderjoe95.mls.protocol.tree.TreeMath" time="0.0"/>
  <testcase name="of node 109 should be 110" classname="com.github.traderjoe95.mls.protocol.tree.TreeMath" time="0.0"/>
  <testcase name="of node 110 should be 2147483758" classname="com.github.traderjoe95.mls.protocol.tree.TreeMath" time="0.001"/>
  <testcase name="of node 111 should be 119" classname="com.github.traderjoe95.mls.protocol.tree.TreeMath" time="0.0"/>
  <testcase name="of node 112 should be 2147483760" classname="com.github.traderjoe95.mls.protocol.tree.TreeMath" time="0.0"/>
  <testcase name="of node 113 should be 114" classname="com.github.traderjoe95.mls.protocol.tree.TreeMath" time="0.0"/>
  <testcase name="of node 114 should be 2147483762" classname="com.github.traderjoe95.mls.protocol.tree.TreeMath" time="0.0"/>
  <testcase name="of node 115 should be 117" classname="com.github.traderjoe95.mls.protocol.tree.TreeMath" time="0.0"/>
  <testcase name="of node 116 should be 2147483764" classname="com.github.traderjoe95.mls.protocol.tree.TreeMath" time="0.0"/>
  <testcase name="of node 117 should be 118" classname="com.github.traderjoe95.mls.protocol.tree.TreeMath" time="0.0"/>
  <testcase name="of node 118 should be 2147483766" classname="com.github.traderjoe95.mls.protocol.tree.TreeMath" time="0.0"/>
  <testcase name="of node 119 should be 123" classname="com.github.traderjoe95.mls.protocol.tree.TreeMath" time="0.001"/>
  <testcase name="of node 120 should be 2147483768" classname="com.github.traderjoe95.mls.protocol.tree.TreeMath" time="0.0"/>
  <testcase name="of node 121 should be 122" classname="com.github.traderjoe95.mls.protocol.tree.TreeMath" time="0.0"/>
  <testcase name="of node 122 should be 2147483770" classname="com.github.traderjoe95.mls.protocol.tree.TreeMath" time="0.0"/>
  <testcase name="of node 123 should be 125" classname="com.github.traderjoe95.mls.protocol.tree.TreeMath" time="0.0"/>
  <testcase name="of node 124 should be 2147483772" classname="com.github.traderjoe95.mls.protocol.tree.TreeMath" time="0.0"/>
  <testcase name="of node 125 should be 126" classname="com.github.traderjoe95.mls.protocol.tree.TreeMath" time="0.0"/>
  <testcase name="of node 126 should be 2147483774" classname="com.github.traderjoe95.mls.protocol.tree.TreeMath" time="0.0"/>
  <testcase name="of node 0 should be 1" classname="com.github.traderjoe95.mls.protocol.tree.TreeMath" time="0.0"/>
  <testcase name="of node 1 should be 3" classname="com.github.traderjoe95.mls.protocol.tree.TreeMath" time="0.0"/>
  <testcase name="of node 2 should be 1" classname="com.github.traderjoe95.mls.protocol.tree.TreeMath" time="0.0"/>
  <testcase name="of node 3 should be 7" classname="com.github.traderjoe95.mls.protocol.tree.TreeMath" time="0.0"/>
  <testcase name="of node 4 should be 5" classname="com.github.traderjoe95.mls.protocol.tree.TreeMath" time="0.0"/>
  <testcase name="of node 5 should be 3" classname="com.github.traderjoe95.mls.protocol.tree.TreeMath" time="0.0"/>
  <testcase name="of node 6 should be 5" classname="com.github.traderjoe95.mls.protocol.tree.TreeMath" time="0.0"/>
  <testcase name="of node 7 should be 15" classname="com.github.traderjoe95.mls.protocol.tree.TreeMath" time="0.0"/>
  <testcase name="of node 8 should be 9" classname="com.github.traderjoe95.mls.protocol.tree.TreeMath" time="0.0"/>
  <testcase name="of node 9 should be 11" classname="com.github.traderjoe95.mls.protocol.tree.TreeMath" time="0.0"/>
  <testcase name="of node 10 should be 9" classname="com.github.traderjoe95.mls.protocol.tree.TreeMath" time="0.0"/>
  <testcase name="of node 11 should be 7" classname="com.github.traderjoe95.mls.protocol.tree.TreeMath" time="0.0"/>
  <testcase name="of node 12 should be 13" classname="com.github.traderjoe95.mls.protocol.tree.TreeMath" time="0.0"/>
  <testcase name="of node 13 should be 11" classname="com.github.traderjoe95.mls.protocol.tree.TreeMath" time="0.0"/>
  <testcase name="of node 14 should be 13" classname="com.github.traderjoe95.mls.protocol.tree.TreeMath" time="0.0"/>
  <testcase name="of node 15 should be 31" classname="com.github.traderjoe95.mls.protocol.tree.TreeMath" time="0.0"/>
  <testcase name="of node 16 should be 17" classname="com.github.traderjoe95.mls.protocol.tree.TreeMath" time="0.0"/>
  <testcase name="of node 17 should be 19" classname="com.github.traderjoe95.mls.protocol.tree.TreeMath" time="0.0"/>
  <testcase name="of node 18 should be 17" classname="com.github.traderjoe95.mls.protocol.tree.TreeMath" time="0.0"/>
  <testcase name="of node 19 should be 23" classname="com.github.traderjoe95.mls.protocol.tree.TreeMath" time="0.0"/>
  <testcase name="of node 20 should be 21" classname="com.github.traderjoe95.mls.protocol.tree.TreeMath" time="0.0"/>
  <testcase name="of node 21 should be 19" classname="com.github.traderjoe95.mls.protocol.tree.TreeMath" time="0.0"/>
  <testcase name="of node 22 should be 21" classname="com.github.traderjoe95.mls.protocol.tree.TreeMath" time="0.0"/>
  <testcase name="of node 23 should be 15" classname="com.github.traderjoe95.mls.protocol.tree.TreeMath" time="0.0"/>
  <testcase name="of node 24 should be 25" classname="com.github.traderjoe95.mls.protocol.tree.TreeMath" time="0.0"/>
  <testcase name="of node 25 should be 27" classname="com.github.traderjoe95.mls.protocol.tree.TreeMath" time="0.0"/>
  <testcase name="of node 26 should be 25" classname="com.github.traderjoe95.mls.protocol.tree.TreeMath" time="0.0"/>
  <testcase name="of node 27 should be 23" classname="com.github.traderjoe95.mls.protocol.tree.TreeMath" time="0.0"/>
  <testcase name="of node 28 should be 29" classname="com.github.traderjoe95.mls.protocol.tree.TreeMath" time="0.0"/>
  <testcase name="of node 29 should be 27" classname="com.github.traderjoe95.mls.protocol.tree.TreeMath" time="0.0"/>
  <testcase name="of node 30 should be 29" classname="com.github.traderjoe95.mls.protocol.tree.TreeMath" time="0.0"/>
  <testcase name="of node 31 should be 63" classname="com.github.traderjoe95.mls.protocol.tree.TreeMath" time="0.0"/>
  <testcase name="of node 32 should be 33" classname="com.github.traderjoe95.mls.protocol.tree.TreeMath" time="0.0"/>
  <testcase name="of node 33 should be 35" classname="com.github.traderjoe95.mls.protocol.tree.TreeMath" time="0.0"/>
  <testcase name="of node 34 should be 33" classname="com.github.traderjoe95.mls.protocol.tree.TreeMath" time="0.0"/>
  <testcase name="of node 35 should be 39" classname="com.github.traderjoe95.mls.protocol.tree.TreeMath" time="0.0"/>
  <testcase name="of node 36 should be 37" classname="com.github.traderjoe95.mls.protocol.tree.TreeMath" time="0.0"/>
  <testcase name="of node 37 should be 35" classname="com.github.traderjoe95.mls.protocol.tree.TreeMath" time="0.0"/>
  <testcase name="of node 38 should be 37" classname="com.github.traderjoe95.mls.protocol.tree.TreeMath" time="0.0"/>
  <testcase name="of node 39 should be 47" classname="com.github.traderjoe95.mls.protocol.tree.TreeMath" time="0.0"/>
  <testcase name="of node 40 should be 41" classname="com.github.traderjoe95.mls.protocol.tree.TreeMath" time="0.0"/>
  <testcase name="of node 41 should be 43" classname="com.github.traderjoe95.mls.protocol.tree.TreeMath" time="0.0"/>
  <testcase name="of node 42 should be 41" classname="com.github.traderjoe95.mls.protocol.tree.TreeMath" time="0.0"/>
  <testcase name="of node 43 should be 39" classname="com.github.traderjoe95.mls.protocol.tree.TreeMath" time="0.0"/>
  <testcase name="of node 44 should be 45" classname="com.github.traderjoe95.mls.protocol.tree.TreeMath" time="0.0"/>
  <testcase name="of node 45 should be 43" classname="com.github.traderjoe95.mls.protocol.tree.TreeMath" time="0.0"/>
  <testcase name="of node 46 should be 45" classname="com.github.traderjoe95.mls.protocol.tree.TreeMath" time="0.001"/>
  <testcase name="of node 47 should be 31" classname="com.github.traderjoe95.mls.protocol.tree.TreeMath" time="0.0"/>
  <testcase name="of node 48 should be 49" classname="com.github.traderjoe95.mls.protocol.tree.TreeMath" time="0.0"/>
  <testcase name="of node 49 should be 51" classname="com.github.traderjoe95.mls.protocol.tree.TreeMath" time="0.0"/>
  <testcase name="of node 50 should be 49" classname="com.github.traderjoe95.mls.protocol.tree.TreeMath" time="0.0"/>
  <testcase name="of node 51 should be 55" classname="com.github.traderjoe95.mls.protocol.tree.TreeMath" time="0.0"/>
  <testcase name="of node 52 should be 53" classname="com.github.traderjoe95.mls.protocol.tree.TreeMath" time="0.0"/>
  <testcase name="of node 53 should be 51" classname="com.github.traderjoe95.mls.protocol.tree.TreeMath" time="0.0"/>
  <testcase name="of node 54 should be 53" classname="com.github.traderjoe95.mls.protocol.tree.TreeMath" time="0.0"/>
  <testcase name="of node 55 should be 47" classname="com.github.traderjoe95.mls.protocol.tree.TreeMath" time="0.0"/>
  <testcase name="of node 56 should be 57" classname="com.github.traderjoe95.mls.protocol.tree.TreeMath" time="0.0"/>
  <testcase name="of node 57 should be 59" classname="com.github.traderjoe95.mls.protocol.tree.TreeMath" time="0.0"/>
  <testcase name="of node 58 should be 57" classname="com.github.traderjoe95.mls.protocol.tree.TreeMath" time="0.0"/>
  <testcase name="of node 59 should be 55" classname="com.github.traderjoe95.mls.protocol.tree.TreeMath" time="0.0"/>
  <testcase name="of node 60 should be 61" classname="com.github.traderjoe95.mls.protocol.tree.TreeMath" time="0.0"/>
  <testcase name="of node 61 should be 59" classname="com.github.traderjoe95.mls.protocol.tree.TreeMath" time="0.0"/>
  <testcase name="of node 62 should be 61" classname="com.github.traderjoe95.mls.protocol.tree.TreeMath" time="0.001"/>
  <testcase name="of node 63 should be 127" classname="com.github.traderjoe95.mls.protocol.tree.TreeMath" time="0.0"/>
  <testcase name="of node 64 should be 65" classname="com.github.traderjoe95.mls.protocol.tree.TreeMath" time="0.0"/>
  <testcase name="of node 65 should be 67" classname="com.github.traderjoe95.mls.protocol.tree.TreeMath" time="0.0"/>
  <testcase name="of node 66 should be 65" classname="com.github.traderjoe95.mls.protocol.tree.TreeMath" time="0.0"/>
  <testcase name="of node 67 should be 71" classname="com.github.traderjoe95.mls.protocol.tree.TreeMath" time="0.0"/>
  <testcase name="of node 68 should be 69" classname="com.github.traderjoe95.mls.protocol.tree.TreeMath" time="0.0"/>
  <testcase name="of node 69 should be 67" classname="com.github.traderjoe95.mls.protocol.tree.TreeMath" time="0.0"/>
  <testcase name="of node 70 should be 69" classname="com.github.traderjoe95.mls.protocol.tree.TreeMath" time="0.0"/>
  <testcase name="of node 71 should be 79" classname="com.github.traderjoe95.mls.protocol.tree.TreeMath" time="0.0"/>
  <testcase name="of node 72 should be 73" classname="com.github.traderjoe95.mls.protocol.tree.TreeMath" time="0.0"/>
  <testcase name="of node 73 should be 75" classname="com.github.traderjoe95.mls.protocol.tree.TreeMath" time="0.0"/>
  <testcase name="of node 74 should be 73" classname="com.github.traderjoe95.mls.protocol.tree.TreeMath" time="0.0"/>
  <testcase name="of node 75 should be 71" classname="com.github.traderjoe95.mls.protocol.tree.TreeMath" time="0.0"/>
  <testcase name="of node 76 should be 77" classname="com.github.traderjoe95.mls.protocol.tree.TreeMath" time="0.0"/>
  <testcase name="of node 77 should be 75" classname="com.github.traderjoe95.mls.protocol.tree.TreeMath" time="0.0"/>
  <testcase name="of node 78 should be 77" classname="com.github.traderjoe95.mls.protocol.tree.TreeMath" time="0.001"/>
  <testcase name="of node 79 should be 95" classname="com.github.traderjoe95.mls.protocol.tree.TreeMath" time="0.0"/>
  <testcase name="of node 80 should be 81" classname="com.github.traderjoe95.mls.protocol.tree.TreeMath" time="0.0"/>
  <testcase name="of node 81 should be 83" classname="com.github.traderjoe95.mls.protocol.tree.TreeMath" time="0.0"/>
  <testcase name="of node 82 should be 81" classname="com.github.traderjoe95.mls.protocol.tree.TreeMath" time="0.0"/>
  <testcase name="of node 83 should be 87" classname="com.github.traderjoe95.mls.protocol.tree.TreeMath" time="0.0"/>
  <testcase name="of node 84 should be 85" classname="com.github.traderjoe95.mls.protocol.tree.TreeMath" time="0.0"/>
  <testcase name="of node 85 should be 83" classname="com.github.traderjoe95.mls.protocol.tree.TreeMath" time="0.0"/>
  <testcase name="of node 86 should be 85" classname="com.github.traderjoe95.mls.protocol.tree.TreeMath" time="0.0"/>
  <testcase name="of node 87 should be 79" classname="com.github.traderjoe95.mls.protocol.tree.TreeMath" time="0.0"/>
  <testcase name="of node 88 should be 89" classname="com.github.traderjoe95.mls.protocol.tree.TreeMath" time="0.0"/>
  <testcase name="of node 89 should be 91" classname="com.github.traderjoe95.mls.protocol.tree.TreeMath" time="0.0"/>
  <testcase name="of node 90 should be 89" classname="com.github.traderjoe95.mls.protocol.tree.TreeMath" time="0.0"/>
  <testcase name="of node 91 should be 87" classname="com.github.traderjoe95.mls.protocol.tree.TreeMath" time="0.0"/>
  <testcase name="of node 92 should be 93" classname="com.github.traderjoe95.mls.protocol.tree.TreeMath" time="0.0"/>
  <testcase name="of node 93 should be 91" classname="com.github.traderjoe95.mls.protocol.tree.TreeMath" time="0.0"/>
  <testcase name="of node 94 should be 93" classname="com.github.traderjoe95.mls.protocol.tree.TreeMath" time="0.0"/>
  <testcase name="of node 95 should be 63" classname="com.github.traderjoe95.mls.protocol.tree.TreeMath" time="0.0"/>
  <testcase name="of node 96 should be 97" classname="com.github.traderjoe95.mls.protocol.tree.TreeMath" time="0.0"/>
  <testcase name="of node 97 should be 99" classname="com.github.traderjoe95.mls.protocol.tree.TreeMath" time="0.0"/>
  <testcase name="of node 98 should be 97" classname="com.github.traderjoe95.mls.protocol.tree.TreeMath" time="0.0"/>
  <testcase name="of node 99 should be 103" classname="com.github.traderjoe95.mls.protocol.tree.TreeMath" time="0.0"/>
  <testcase name="of node 100 should be 101" classname="com.github.traderjoe95.mls.protocol.tree.TreeMath" time="0.0"/>
  <testcase name="of node 101 should be 99" classname="com.github.traderjoe95.mls.protocol.tree.TreeMath" time="0.001"/>
  <testcase name="of node 102 should be 101" classname="com.github.traderjoe95.mls.protocol.tree.TreeMath" time="0.0"/>
  <testcase name="of node 103 should be 111" classname="com.github.traderjoe95.mls.protocol.tree.TreeMath" time="0.0"/>
  <testcase name="of node 104 should be 105" classname="com.github.traderjoe95.mls.protocol.tree.TreeMath" time="0.0"/>
  <testcase name="of node 105 should be 107" classname="com.github.traderjoe95.mls.protocol.tree.TreeMath" time="0.0"/>
  <testcase name="of node 106 should be 105" classname="com.github.traderjoe95.mls.protocol.tree.TreeMath" time="0.0"/>
  <testcase name="of node 107 should be 103" classname="com.github.traderjoe95.mls.protocol.tree.TreeMath" time="0.0"/>
  <testcase name="of node 108 should be 109" classname="com.github.traderjoe95.mls.protocol.tree.TreeMath" time="0.0"/>
  <testcase name="of node 109 should be 107" classname="com.github.traderjoe95.mls.protocol.tree.TreeMath" time="0.0"/>
  <testcase name="of node 110 should be 109" classname="com.github.traderjoe95.mls.protocol.tree.TreeMath" time="0.0"/>
  <testcase name="of node 111 should be 95" classname="com.github.traderjoe95.mls.protocol.tree.TreeMath" time="0.0"/>
  <testcase name="of node 112 should be 113" classname="com.github.traderjoe95.mls.protocol.tree.TreeMath" time="0.0"/>
  <testcase name="of node 113 should be 115" classname="com.github.traderjoe95.mls.protocol.tree.TreeMath" time="0.0"/>
  <testcase name="of node 114 should be 113" classname="com.github.traderjoe95.mls.protocol.tree.TreeMath" time="0.0"/>
  <testcase name="of node 115 should be 119" classname="com.github.traderjoe95.mls.protocol.tree.TreeMath" time="0.0"/>
  <testcase name="of node 116 should be 117" classname="com.github.traderjoe95.mls.protocol.tree.TreeMath" time="0.0"/>
  <testcase name="of node 117 should be 115" classname="com.github.traderjoe95.mls.protocol.tree.TreeMath" time="0.0"/>
  <testcase name="of node 118 should be 117" classname="com.github.traderjoe95.mls.protocol.tree.TreeMath" time="0.0"/>
  <testcase name="of node 119 should be 111" classname="com.github.traderjoe95.mls.protocol.tree.TreeMath" time="0.0"/>
  <testcase name="of node 120 should be 121" classname="com.github.traderjoe95.mls.protocol.tree.TreeMath" time="0.0"/>
  <testcase name="of node 121 should be 123" classname="com.github.traderjoe95.mls.protocol.tree.TreeMath" time="0.0"/>
  <testcase name="of node 122 should be 121" classname="com.github.traderjoe95.mls.protocol.tree.TreeMath" time="0.0"/>
  <testcase name="of node 123 should be 119" classname="com.github.traderjoe95.mls.protocol.tree.TreeMath" time="0.0"/>
  <testcase name="of node 124 should be 125" classname="com.github.traderjoe95.mls.protocol.tree.TreeMath" time="0.0"/>
  <testcase name="of node 125 should be 123" classname="com.github.traderjoe95.mls.protocol.tree.TreeMath" time="0.0"/>
  <testcase name="of node 126 should be 125" classname="com.github.traderjoe95.mls.protocol.tree.TreeMath" time="0.0"/>
  <testcase name="of node 0 should be 2" classname="com.github.traderjoe95.mls.protocol.tree.TreeMath" time="0.0"/>
  <testcase name="of node 1 should be 5" classname="com.github.traderjoe95.mls.protocol.tree.TreeMath" time="0.0"/>
  <testcase name="of node 2 should be 0" classname="com.github.traderjoe95.mls.protocol.tree.TreeMath" time="0.0"/>
  <testcase name="of node 3 should be 11" classname="com.github.traderjoe95.mls.protocol.tree.TreeMath" time="0.0"/>
  <testcase name="of node 4 should be 6" classname="com.github.traderjoe95.mls.protocol.tree.TreeMath" time="0.0"/>
  <testcase name="of node 5 should be 1" classname="com.github.traderjoe95.mls.protocol.tree.TreeMath" time="0.0"/>
  <testcase name="of node 6 should be 4" classname="com.github.traderjoe95.mls.protocol.tree.TreeMath" time="0.0"/>
  <testcase name="of node 7 should be 23" classname="com.github.traderjoe95.mls.protocol.tree.TreeMath" time="0.0"/>
  <testcase name="of node 8 should be 10" classname="com.github.traderjoe95.mls.protocol.tree.TreeMath" time="0.0"/>
  <testcase name="of node 9 should be 13" classname="com.github.traderjoe95.mls.protocol.tree.TreeMath" time="0.0"/>
  <testcase name="of node 10 should be 8" classname="com.github.traderjoe95.mls.protocol.tree.TreeMath" time="0.0"/>
  <testcase name="of node 11 should be 3" classname="com.github.traderjoe95.mls.protocol.tree.TreeMath" time="0.0"/>
  <testcase name="of node 12 should be 14" classname="com.github.traderjoe95.mls.protocol.tree.TreeMath" time="0.0"/>
  <testcase name="of node 13 should be 9" classname="com.github.traderjoe95.mls.protocol.tree.TreeMath" time="0.0"/>
  <testcase name="of node 14 should be 12" classname="com.github.traderjoe95.mls.protocol.tree.TreeMath" time="0.0"/>
  <testcase name="of node 15 should be 47" classname="com.github.traderjoe95.mls.protocol.tree.TreeMath" time="0.0"/>
  <testcase name="of node 16 should be 18" classname="com.github.traderjoe95.mls.protocol.tree.TreeMath" time="0.0"/>
  <testcase name="of node 17 should be 21" classname="com.github.traderjoe95.mls.protocol.tree.TreeMath" time="0.0"/>
  <testcase name="of node 18 should be 16" classname="com.github.traderjoe95.mls.protocol.tree.TreeMath" time="0.0"/>
  <testcase name="of node 19 should be 27" classname="com.github.traderjoe95.mls.protocol.tree.TreeMath" time="0.0"/>
  <testcase name="of node 20 should be 22" classname="com.github.traderjoe95.mls.protocol.tree.TreeMath" time="0.0"/>
  <testcase name="of node 21 should be 17" classname="com.github.traderjoe95.mls.protocol.tree.TreeMath" time="0.0"/>
  <testcase name="of node 22 should be 20" classname="com.github.traderjoe95.mls.protocol.tree.TreeMath" time="0.0"/>
  <testcase name="of node 23 should be 7" classname="com.github.traderjoe95.mls.protocol.tree.TreeMath" time="0.0"/>
  <testcase name="of node 24 should be 26" classname="com.github.traderjoe95.mls.protocol.tree.TreeMath" time="0.0"/>
  <testcase name="of node 25 should be 29" classname="com.github.traderjoe95.mls.protocol.tree.TreeMath" time="0.0"/>
  <testcase name="of node 26 should be 24" classname="com.github.traderjoe95.mls.protocol.tree.TreeMath" time="0.0"/>
  <testcase name="of node 27 should be 19" classname="com.github.traderjoe95.mls.protocol.tree.TreeMath" time="0.0"/>
  <testcase name="of node 28 should be 30" classname="com.github.traderjoe95.mls.protocol.tree.TreeMath" time="0.0"/>
  <testcase name="of node 29 should be 25" classname="com.github.traderjoe95.mls.protocol.tree.TreeMath" time="0.0"/>
  <testcase name="of node 30 should be 28" classname="com.github.traderjoe95.mls.protocol.tree.TreeMath" time="0.0"/>
  <testcase name="of node 31 should be 95" classname="com.github.traderjoe95.mls.protocol.tree.TreeMath" time="0.0"/>
  <testcase name="of node 32 should be 34" classname="com.github.traderjoe95.mls.protocol.tree.TreeMath" time="0.001"/>
  <testcase name="of node 33 should be 37" classname="com.github.traderjoe95.mls.protocol.tree.TreeMath" time="0.0"/>
  <testcase name="of node 34 should be 32" classname="com.github.traderjoe95.mls.protocol.tree.TreeMath" time="0.0"/>
  <testcase name="of node 35 should be 43" classname="com.github.traderjoe95.mls.protocol.tree.TreeMath" time="0.0"/>
  <testcase name="of node 36 should be 38" classname="com.github.traderjoe95.mls.protocol.tree.TreeMath" time="0.0"/>
  <testcase name="of node 37 should be 33" classname="com.github.traderjoe95.mls.protocol.tree.TreeMath" time="0.0"/>
  <testcase name="of node 38 should be 36" classname="com.github.traderjoe95.mls.protocol.tree.TreeMath" time="0.0"/>
  <testcase name="of node 39 should be 55" classname="com.github.traderjoe95.mls.protocol.tree.TreeMath" time="0.0"/>
  <testcase name="of node 40 should be 42" classname="com.github.traderjoe95.mls.protocol.tree.TreeMath" time="0.0"/>
  <testcase name="of node 41 should be 45" classname="com.github.traderjoe95.mls.protocol.tree.TreeMath" time="0.0"/>
  <testcase name="of node 42 should be 40" classname="com.github.traderjoe95.mls.protocol.tree.TreeMath" time="0.0"/>
  <testcase name="of node 43 should be 35" classname="com.github.traderjoe95.mls.protocol.tree.TreeMath" time="0.0"/>
  <testcase name="of node 44 should be 46" classname="com.github.traderjoe95.mls.protocol.tree.TreeMath" time="0.001"/>
  <testcase name="of node 45 should be 41" classname="com.github.traderjoe95.mls.protocol.tree.TreeMath" time="0.0"/>
  <testcase name="of node 46 should be 44" classname="com.github.traderjoe95.mls.protocol.tree.TreeMath" time="0.001"/>
  <testcase name="of node 47 should be 15" classname="com.github.traderjoe95.mls.protocol.tree.TreeMath" time="0.0"/>
  <testcase name="of node 48 should be 50" classname="com.github.traderjoe95.mls.protocol.tree.TreeMath" time="0.0"/>
  <testcase name="of node 49 should be 53" classname="com.github.traderjoe95.mls.protocol.tree.TreeMath" time="0.0"/>
  <testcase name="of node 50 should be 48" classname="com.github.traderjoe95.mls.protocol.tree.TreeMath" time="0.001"/>
  <testcase name="of node 51 should be 59" classname="com.github.traderjoe95.mls.protocol.tree.TreeMath" time="0.0"/>
  <testcase name="of node 52 should be 54" classname="com.github.traderjoe95.mls.protocol.tree.TreeMath" time="0.001"/>
  <testcase name="of node 53 should be 49" classname="com.github.traderjoe95.mls.protocol.tree.TreeMath" time="0.0"/>
  <testcase name="of node 54 should be 52" classname="com.github.traderjoe95.mls.protocol.tree.TreeMath" time="0.0"/>
  <testcase name="of node 55 should be 39" classname="com.github.traderjoe95.mls.protocol.tree.TreeMath" time="0.0"/>
  <testcase name="of node 56 should be 58" classname="com.github.traderjoe95.mls.protocol.tree.TreeMath" time="0.0"/>
  <testcase name="of node 57 should be 61" classname="com.github.traderjoe95.mls.protocol.tree.TreeMath" time="0.0"/>
  <testcase name="of node 58 should be 56" classname="com.github.traderjoe95.mls.protocol.tree.TreeMath" time="0.0"/>
  <testcase name="of node 59 should be 51" classname="com.github.traderjoe95.mls.protocol.tree.TreeMath" time="0.0"/>
  <testcase name="of node 60 should be 62" classname="com.github.traderjoe95.mls.protocol.tree.TreeMath" time="0.0"/>
  <testcase name="of node 61 should be 57" classname="com.github.traderjoe95.mls.protocol.tree.TreeMath" time="0.001"/>
  <testcase name="of node 62 should be 60" classname="com.github.traderjoe95.mls.protocol.tree.TreeMath" time="0.0"/>
  <testcase name="of node 63 should be 191" classname="com.github.traderjoe95.mls.protocol.tree.TreeMath" time="0.0"/>
  <testcase name="of node 64 should be 66" classname="com.github.traderjoe95.mls.protocol.tree.TreeMath" time="0.0"/>
  <testcase name="of node 65 should be 69" classname="com.github.traderjoe95.mls.protocol.tree.TreeMath" time="0.0"/>
  <testcase name="of node 66 should be 64" classname="com.github.traderjoe95.mls.protocol.tree.TreeMath" time="0.0"/>
  <testcase name="of node 67 should be 75" classname="com.github.traderjoe95.mls.protocol.tree.TreeMath" time="0.0"/>
  <testcase name="of node 68 should be 70" classname="com.github.traderjoe95.mls.protocol.tree.TreeMath" time="0.0"/>
  <testcase name="of node 69 should be 65" classname="com.github.traderjoe95.mls.protocol.tree.TreeMath" time="0.0"/>
  <testcase name="of node 70 should be 68" classname="com.github.traderjoe95.mls.protocol.tree.TreeMath" time="0.0"/>
  <testcase name="of node 71 should be 87" classname="com.github.traderjoe95.mls.protocol.tree.TreeMath" time="0.0"/>
  <testcase name="of node 72 should be 74" classname="com.github.traderjoe95.mls.protocol.tree.TreeMath" time="0.0"/>
  <testcase name="of node 73 should be 77" classname="com.github.traderjoe95.mls.protocol.tree.TreeMath" time="0.0"/>
  <testcase name="of node 74 should be 72" classname="com.github.traderjoe95.mls.protocol.tree.TreeMath" time="0.0"/>
  <testcase name="of node 75 should be 67" classname="com.github.traderjoe95.mls.protocol.tree.TreeMath" time="0.0"/>
  <testcase name="of node 76 should be 78" classname="com.github.traderjoe95.mls.protocol.tree.TreeMath" time="0.0"/>
  <testcase name="of node 77 should be 73" classname="com.github.traderjoe95.mls.protocol.tree.TreeMath" time="0.001"/>
  <testcase name="of node 78 should be 76" classname="com.github.traderjoe95.mls.protocol.tree.TreeMath" time="0.0"/>
  <testcase name="of node 79 should be 111" classname="com.github.traderjoe95.mls.protocol.tree.TreeMath" time="0.0"/>
  <testcase name="of node 80 should be 82" classname="com.github.traderjoe95.mls.protocol.tree.TreeMath" time="0.0"/>
  <testcase name="of node 81 should be 85" classname="com.github.traderjoe95.mls.protocol.tree.TreeMath" time="0.0"/>
  <testcase name="of node 82 should be 80" classname="com.github.traderjoe95.mls.protocol.tree.TreeMath" time="0.0"/>
  <testcase name="of node 83 should be 91" classname="com.github.traderjoe95.mls.protocol.tree.TreeMath" time="0.0"/>
  <testcase name="of node 84 should be 86" classname="com.github.traderjoe95.mls.protocol.tree.TreeMath" time="0.0"/>
  <testcase name="of node 85 should be 81" classname="com.github.traderjoe95.mls.protocol.tree.TreeMath" time="0.0"/>
  <testcase name="of node 86 should be 84" classname="com.github.traderjoe95.mls.protocol.tree.TreeMath" time="0.0"/>
  <testcase name="of node 87 should be 71" classname="com.github.traderjoe95.mls.protocol.tree.TreeMath" time="0.0"/>
  <testcase name="of node 88 should be 90" classname="com.github.traderjoe95.mls.protocol.tree.TreeMath" time="0.0"/>
  <testcase name="of node 89 should be 93" classname="com.github.traderjoe95.mls.protocol.tree.TreeMath" time="0.0"/>
  <testcase name="of node 90 should be 88" classname="com.github.traderjoe95.mls.protocol.tree.TreeMath" time="0.0"/>
  <testcase name="of node 91 should be 83" classname="com.github.traderjoe95.mls.protocol.tree.TreeMath" time="0.0"/>
  <testcase name="of node 92 should be 94" classname="com.github.traderjoe95.mls.protocol.tree.TreeMath" time="0.0"/>
  <testcase name="of node 93 should be 89" classname="com.github.traderjoe95.mls.protocol.tree.TreeMath" time="0.0"/>
  <testcase name="of node 94 should be 92" classname="com.github.traderjoe95.mls.protocol.tree.TreeMath" time="0.0"/>
  <testcase name="of node 95 should be 31" classname="com.github.traderjoe95.mls.protocol.tree.TreeMath" time="0.0"/>
  <testcase name="of node 96 should be 98" classname="com.github.traderjoe95.mls.protocol.tree.TreeMath" time="0.0"/>
  <testcase name="of node 97 should be 101" classname="com.github.traderjoe95.mls.protocol.tree.TreeMath" time="0.0"/>
  <testcase name="of node 98 should be 96" classname="com.github.traderjoe95.mls.protocol.tree.TreeMath" time="0.0"/>
  <testcase name="of node 99 should be 107" classname="com.github.traderjoe95.mls.protocol.tree.TreeMath" time="0.0"/>
  <testcase name="of node 100 should be 102" classname="com.github.traderjoe95.mls.protocol.tree.TreeMath" time="0.0"/>
  <testcase name="of node 101 should be 97" classname="com.github.traderjoe95.mls.protocol.tree.TreeMath" time="0.0"/>
  <testcase name="of node 102 should be 100" classname="com.github.traderjoe95.mls.protocol.tree.TreeMath" time="0.0"/>
  <testcase name="of node 103 should be 119" classname="com.github.traderjoe95.mls.protocol.tree.TreeMath" time="0.0"/>
  <testcase name="of node 104 should be 106" classname="com.github.traderjoe95.mls.protocol.tree.TreeMath" time="0.0"/>
  <testcase name="of node 105 should be 109" classname="com.github.traderjoe95.mls.protocol.tree.TreeMath" time="0.0"/>
  <testcase name="of node 106 should be 104" classname="com.github.traderjoe95.mls.protocol.tree.TreeMath" time="0.0"/>
  <testcase name="of node 107 should be 99" classname="com.github.traderjoe95.mls.protocol.tree.TreeMath" time="0.0"/>
  <testcase name="of node 108 should be 110" classname="com.github.traderjoe95.mls.protocol.tree.TreeMath" time="0.0"/>
  <testcase name="of node 109 should be 105" classname="com.github.traderjoe95.mls.protocol.tree.TreeMath" time="0.0"/>
  <testcase name="of node 110 should be 108" classname="com.github.traderjoe95.mls.protocol.tree.TreeMath" time="0.0"/>
  <testcase name="of node 111 should be 79" classname="com.github.traderjoe95.mls.protocol.tree.TreeMath" time="0.0"/>
  <testcase name="of node 112 should be 114" classname="com.github.traderjoe95.mls.protocol.tree.TreeMath" time="0.0"/>
  <testcase name="of node 113 should be 117" classname="com.github.traderjoe95.mls.protocol.tree.TreeMath" time="0.0"/>
  <testcase name="of node 114 should be 112" classname="com.github.traderjoe95.mls.protocol.tree.TreeMath" time="0.0"/>
  <testcase name="of node 115 should be 123" classname="com.github.traderjoe95.mls.protocol.tree.TreeMath" time="0.0"/>
  <testcase name="of node 116 should be 118" classname="com.github.traderjoe95.mls.protocol.tree.TreeMath" time="0.0"/>
  <testcase name="of node 117 should be 113" classname="com.github.traderjoe95.mls.protocol.tree.TreeMath" time="0.0"/>
  <testcase name="of node 118 should be 116" classname="com.github.traderjoe95.mls.protocol.tree.TreeMath" time="0.0"/>
  <testcase name="of node 119 should be 103" classname="com.github.traderjoe95.mls.protocol.tree.TreeMath" time="0.0"/>
  <testcase name="of node 120 should be 122" classname="com.github.traderjoe95.mls.protocol.tree.TreeMath" time="0.001"/>
  <testcase name="of node 121 should be 125" classname="com.github.traderjoe95.mls.protocol.tree.TreeMath" time="0.0"/>
  <testcase name="of node 122 should be 120" classname="com.github.traderjoe95.mls.protocol.tree.TreeMath" time="0.0"/>
  <testcase name="of node 123 should be 115" classname="com.github.traderjoe95.mls.protocol.tree.TreeMath" time="0.0"/>
  <testcase name="of node 124 should be 126" classname="com.github.traderjoe95.mls.protocol.tree.TreeMath" time="0.0"/>
  <testcase name="of node 125 should be 121" classname="com.github.traderjoe95.mls.protocol.tree.TreeMath" time="0.0"/>
  <testcase name="of node 126 should be 124" classname="com.github.traderjoe95.mls.protocol.tree.TreeMath" time="0.0"/>
  <testcase name="there should be 255 nodes" classname="com.github.traderjoe95.mls.protocol.tree.TreeMath" time="0.0"/>
  <testcase name="the root should have index 127" classname="com.github.traderjoe95.mls.protocol.tree.TreeMath" time="0.0"/>
  <testcase name="of node 0 should be 2147483648" classname="com.github.traderjoe95.mls.protocol.tree.TreeMath" time="0.0"/>
  <testcase name="of node 1 should be 0" classname="com.github.traderjoe95.mls.protocol.tree.TreeMath" time="0.0"/>
  <testcase name="of node 2 should be 2147483650" classname="com.github.traderjoe95.mls.protocol.tree.TreeMath" time="0.0"/>
  <testcase name="of node 3 should be 1" classname="com.github.traderjoe95.mls.protocol.tree.TreeMath" time="0.0"/>
  <testcase name="of node 4 should be 2147483652" classname="com.github.traderjoe95.mls.protocol.tree.TreeMath" time="0.0"/>
  <testcase name="of node 5 should be 4" classname="com.github.traderjoe95.mls.protocol.tree.TreeMath" time="0.0"/>
  <testcase name="of node 6 should be 2147483654" classname="com.github.traderjoe95.mls.protocol.tree.TreeMath" time="0.0"/>
  <testcase name="of node 7 should be 3" classname="com.github.traderjoe95.mls.protocol.tree.TreeMath" time="0.0"/>
  <testcase name="of node 8 should be 2147483656" classname="com.github.traderjoe95.mls.protocol.tree.TreeMath" time="0.0"/>
  <testcase name="of node 9 should be 8" classname="com.github.traderjoe95.mls.protocol.tree.TreeMath" time="0.0"/>
  <testcase name="of node 10 should be 2147483658" classname="com.github.traderjoe95.mls.protocol.tree.TreeMath" time="0.0"/>
  <testcase name="of node 11 should be 9" classname="com.github.traderjoe95.mls.protocol.tree.TreeMath" time="0.0"/>
  <testcase name="of node 12 should be 2147483660" classname="com.github.traderjoe95.mls.protocol.tree.TreeMath" time="0.0"/>
  <testcase name="of node 13 should be 12" classname="com.github.traderjoe95.mls.protocol.tree.TreeMath" time="0.0"/>
  <testcase name="of node 14 should be 2147483662" classname="com.github.traderjoe95.mls.protocol.tree.TreeMath" time="0.0"/>
  <testcase name="of node 15 should be 7" classname="com.github.traderjoe95.mls.protocol.tree.TreeMath" time="0.0"/>
  <testcase name="of node 16 should be 2147483664" classname="com.github.traderjoe95.mls.protocol.tree.TreeMath" time="0.0"/>
  <testcase name="of node 17 should be 16" classname="com.github.traderjoe95.mls.protocol.tree.TreeMath" time="0.0"/>
  <testcase name="of node 18 should be 2147483666" classname="com.github.traderjoe95.mls.protocol.tree.TreeMath" time="0.0"/>
  <testcase name="of node 19 should be 17" classname="com.github.traderjoe95.mls.protocol.tree.TreeMath" time="0.0"/>
  <testcase name="of node 20 should be 2147483668" classname="com.github.traderjoe95.mls.protocol.tree.TreeMath" time="0.0"/>
  <testcase name="of node 21 should be 20" classname="com.github.traderjoe95.mls.protocol.tree.TreeMath" time="0.0"/>
  <testcase name="of node 22 should be 2147483670" classname="com.github.traderjoe95.mls.protocol.tree.TreeMath" time="0.0"/>
  <testcase name="of node 23 should be 19" classname="com.github.traderjoe95.mls.protocol.tree.TreeMath" time="0.0"/>
  <testcase name="of node 24 should be 2147483672" classname="com.github.traderjoe95.mls.protocol.tree.TreeMath" time="0.0"/>
  <testcase name="of node 25 should be 24" classname="com.github.traderjoe95.mls.protocol.tree.TreeMath" time="0.0"/>
  <testcase name="of node 26 should be 2147483674" classname="com.github.traderjoe95.mls.protocol.tree.TreeMath" time="0.0"/>
  <testcase name="of node 27 should be 25" classname="com.github.traderjoe95.mls.protocol.tree.TreeMath" time="0.0"/>
  <testcase name="of node 28 should be 2147483676" classname="com.github.traderjoe95.mls.protocol.tree.TreeMath" time="0.0"/>
  <testcase name="of node 29 should be 28" classname="com.github.traderjoe95.mls.protocol.tree.TreeMath" time="0.0"/>
  <testcase name="of node 30 should be 2147483678" classname="com.github.traderjoe95.mls.protocol.tree.TreeMath" time="0.0"/>
  <testcase name="of node 31 should be 15" classname="com.github.traderjoe95.mls.protocol.tree.TreeMath" time="0.0"/>
  <testcase name="of node 32 should be 2147483680" classname="com.github.traderjoe95.mls.protocol.tree.TreeMath" time="0.0"/>
  <testcase name="of node 33 should be 32" classname="com.github.traderjoe95.mls.protocol.tree.TreeMath" time="0.0"/>
  <testcase name="of node 34 should be 2147483682" classname="com.github.traderjoe95.mls.protocol.tree.TreeMath" time="0.0"/>
  <testcase name="of node 35 should be 33" classname="com.github.traderjoe95.mls.protocol.tree.TreeMath" time="0.0"/>
  <testcase name="of node 36 should be 2147483684" classname="com.github.traderjoe95.mls.protocol.tree.TreeMath" time="0.0"/>
  <testcase name="of node 37 should be 36" classname="com.github.traderjoe95.mls.protocol.tree.TreeMath" time="0.0"/>
  <testcase name="of node 38 should be 2147483686" classname="com.github.traderjoe95.mls.protocol.tree.TreeMath" time="0.0"/>
  <testcase name="of node 39 should be 35" classname="com.github.traderjoe95.mls.protocol.tree.TreeMath" time="0.0"/>
  <testcase name="of node 40 should be 2147483688" classname="com.github.traderjoe95.mls.protocol.tree.TreeMath" time="0.0"/>
  <testcase name="of node 41 should be 40" classname="com.github.traderjoe95.mls.protocol.tree.TreeMath" time="0.0"/>
  <testcase name="of node 42 should be 2147483690" classname="com.github.traderjoe95.mls.protocol.tree.TreeMath" time="0.0"/>
  <testcase name="of node 43 should be 41" classname="com.github.traderjoe95.mls.protocol.tree.TreeMath" time="0.0"/>
  <testcase name="of node 44 should be 2147483692" classname="com.github.traderjoe95.mls.protocol.tree.TreeMath" time="0.0"/>
  <testcase name="of node 45 should be 44" classname="com.github.traderjoe95.mls.protocol.tree.TreeMath" time="0.0"/>
  <testcase name="of node 46 should be 2147483694" classname="com.github.traderjoe95.mls.protocol.tree.TreeMath" time="0.0"/>
  <testcase name="of node 47 should be 39" classname="com.github.traderjoe95.mls.protocol.tree.TreeMath" time="0.0"/>
  <testcase name="of node 48 should be 2147483696" classname="com.github.traderjoe95.mls.protocol.tree.TreeMath" time="0.0"/>
  <testcase name="of node 49 should be 48" classname="com.github.traderjoe95.mls.protocol.tree.TreeMath" time="0.0"/>
  <testcase name="of node 50 should be 2147483698" classname="com.github.traderjoe95.mls.protocol.tree.TreeMath" time="0.0"/>
  <testcase name="of node 51 should be 49" classname="com.github.traderjoe95.mls.protocol.tree.TreeMath" time="0.0"/>
  <testcase name="of node 52 should be 2147483700" classname="com.github.traderjoe95.mls.protocol.tree.TreeMath" time="0.0"/>
  <testcase name="of node 53 should be 52" classname="com.github.traderjoe95.mls.protocol.tree.TreeMath" time="0.0"/>
  <testcase name="of node 54 should be 2147483702" classname="com.github.traderjoe95.mls.protocol.tree.TreeMath" time="0.0"/>
  <testcase name="of node 55 should be 51" classname="com.github.traderjoe95.mls.protocol.tree.TreeMath" time="0.0"/>
  <testcase name="of node 56 should be 2147483704" classname="com.github.traderjoe95.mls.protocol.tree.TreeMath" time="0.0"/>
  <testcase name="of node 57 should be 56" classname="com.github.traderjoe95.mls.protocol.tree.TreeMath" time="0.0"/>
  <testcase name="of node 58 should be 2147483706" classname="com.github.traderjoe95.mls.protocol.tree.TreeMath" time="0.0"/>
  <testcase name="of node 59 should be 57" classname="com.github.traderjoe95.mls.protocol.tree.TreeMath" time="0.0"/>
  <testcase name="of node 60 should be 2147483708" classname="com.github.traderjoe95.mls.protocol.tree.TreeMath" time="0.0"/>
  <testcase name="of node 61 should be 60" classname="com.github.traderjoe95.mls.protocol.tree.TreeMath" time="0.0"/>
  <testcase name="of node 62 should be 2147483710" classname="com.github.traderjoe95.mls.protocol.tree.TreeMath" time="0.0"/>
  <testcase name="of node 63 should be 31" classname="com.github.traderjoe95.mls.protocol.tree.TreeMath" time="0.0"/>
  <testcase name="of node 64 should be 2147483712" classname="com.github.traderjoe95.mls.protocol.tree.TreeMath" time="0.0"/>
  <testcase name="of node 65 should be 64" classname="com.github.traderjoe95.mls.protocol.tree.TreeMath" time="0.0"/>
  <testcase name="of node 66 should be 2147483714" classname="com.github.traderjoe95.mls.protocol.tree.TreeMath" time="0.0"/>
  <testcase name="of node 67 should be 65" classname="com.github.traderjoe95.mls.protocol.tree.TreeMath" time="0.0"/>
  <testcase name="of node 68 should be 2147483716" classname="com.github.traderjoe95.mls.protocol.tree.TreeMath" time="0.0"/>
  <testcase name="of node 69 should be 68" classname="com.github.traderjoe95.mls.protocol.tree.TreeMath" time="0.001"/>
  <testcase name="of node 70 should be 2147483718" classname="com.github.traderjoe95.mls.protocol.tree.TreeMath" time="0.0"/>
  <testcase name="of node 71 should be 67" classname="com.github.traderjoe95.mls.protocol.tree.TreeMath" time="0.0"/>
  <testcase name="of node 72 should be 2147483720" classname="com.github.traderjoe95.mls.protocol.tree.TreeMath" time="0.0"/>
  <testcase name="of node 73 should be 72" classname="com.github.traderjoe95.mls.protocol.tree.TreeMath" time="0.0"/>
  <testcase name="of node 74 should be 2147483722" classname="com.github.traderjoe95.mls.protocol.tree.TreeMath" time="0.0"/>
  <testcase name="of node 75 should be 73" classname="com.github.traderjoe95.mls.protocol.tree.TreeMath" time="0.0"/>
  <testcase name="of node 76 should be 2147483724" classname="com.github.traderjoe95.mls.protocol.tree.TreeMath" time="0.0"/>
  <testcase name="of node 77 should be 76" classname="com.github.traderjoe95.mls.protocol.tree.TreeMath" time="0.0"/>
  <testcase name="of node 78 should be 2147483726" classname="com.github.traderjoe95.mls.protocol.tree.TreeMath" time="0.0"/>
  <testcase name="of node 79 should be 71" classname="com.github.traderjoe95.mls.protocol.tree.TreeMath" time="0.0"/>
  <testcase name="of node 80 should be 2147483728" classname="com.github.traderjoe95.mls.protocol.tree.TreeMath" time="0.0"/>
  <testcase name="of node 81 should be 80" classname="com.github.traderjoe95.mls.protocol.tree.TreeMath" time="0.0"/>
  <testcase name="of node 82 should be 2147483730" classname="com.github.traderjoe95.mls.protocol.tree.TreeMath" time="0.0"/>
  <testcase name="of node 83 should be 81" classname="com.github.traderjoe95.mls.protocol.tree.TreeMath" time="0.0"/>
  <testcase name="of node 84 should be 2147483732" classname="com.github.traderjoe95.mls.protocol.tree.TreeMath" time="0.0"/>
  <testcase name="of node 85 should be 84" classname="com.github.traderjoe95.mls.protocol.tree.TreeMath" time="0.0"/>
  <testcase name="of node 86 should be 2147483734" classname="com.github.traderjoe95.mls.protocol.tree.TreeMath" time="0.0"/>
  <testcase name="of node 87 should be 83" classname="com.github.traderjoe95.mls.protocol.tree.TreeMath" time="0.0"/>
  <testcase name="of node 88 should be 2147483736" classname="com.github.traderjoe95.mls.protocol.tree.TreeMath" time="0.0"/>
  <testcase name="of node 89 should be 88" classname="com.github.traderjoe95.mls.protocol.tree.TreeMath" time="0.001"/>
  <testcase name="of node 90 should be 2147483738" classname="com.github.traderjoe95.mls.protocol.tree.TreeMath" time="0.0"/>
  <testcase name="of node 91 should be 89" classname="com.github.traderjoe95.mls.protocol.tree.TreeMath" time="0.001"/>
  <testcase name="of node 92 should be 2147483740" classname="com.github.traderjoe95.mls.protocol.tree.TreeMath" time="0.0"/>
  <testcase name="of node 93 should be 92" classname="com.github.traderjoe95.mls.protocol.tree.TreeMath" time="0.001"/>
  <testcase name="of node 94 should be 2147483742" classname="com.github.traderjoe95.mls.protocol.tree.TreeMath" time="0.0"/>
  <testcase name="of node 95 should be 79" classname="com.github.traderjoe95.mls.protocol.tree.TreeMath" time="0.0"/>
  <testcase name="of node 96 should be 2147483744" classname="com.github.traderjoe95.mls.protocol.tree.TreeMath" time="0.0"/>
  <testcase name="of node 97 should be 96" classname="com.github.traderjoe95.mls.protocol.tree.TreeMath" time="0.0"/>
  <testcase name="of node 98 should be 2147483746" classname="com.github.traderjoe95.mls.protocol.tree.TreeMath" time="0.0"/>
  <testcase name="of node 99 should be 97" classname="com.github.traderjoe95.mls.protocol.tree.TreeMath" time="0.001"/>
  <testcase name="of node 100 should be 2147483748" classname="com.github.traderjoe95.mls.protocol.tree.TreeMath" time="0.0"/>
  <testcase name="of node 101 should be 100" classname="com.github.traderjoe95.mls.protocol.tree.TreeMath" time="0.0"/>
  <testcase name="of node 102 should be 2147483750" classname="com.github.traderjoe95.mls.protocol.tree.TreeMath" time="0.0"/>
  <testcase name="of node 103 should be 99" classname="com.github.traderjoe95.mls.protocol.tree.TreeMath" time="0.0"/>
  <testcase name="of node 104 should be 2147483752" classname="com.github.traderjoe95.mls.protocol.tree.TreeMath" time="0.0"/>
  <testcase name="of node 105 should be 104" classname="com.github.traderjoe95.mls.protocol.tree.TreeMath" time="0.0"/>
  <testcase name="of node 106 should be 2147483754" classname="com.github.traderjoe95.mls.protocol.tree.TreeMath" time="0.0"/>
  <testcase name="of node 107 should be 105" classname="com.github.traderjoe95.mls.protocol.tree.TreeMath" time="0.0"/>
  <testcase name="of node 108 should be 2147483756" classname="com.github.traderjoe95.mls.protocol.tree.TreeMath" time="0.001"/>
  <testcase name="of node 109 should be 108" classname="com.github.traderjoe95.mls.protocol.tree.TreeMath" time="0.0"/>
  <testcase name="of node 110 should be 2147483758" classname="com.github.traderjoe95.mls.protocol.tree.TreeMath" time="0.0"/>
  <testcase name="of node 111 should be 103" classname="com.github.traderjoe95.mls.protocol.tree.TreeMath" time="0.0"/>
  <testcase name="of node 112 should be 2147483760" classname="com.github.traderjoe95.mls.protocol.tree.TreeMath" time="0.0"/>
  <testcase name="of node 113 should be 112" classname="com.github.traderjoe95.mls.protocol.tree.TreeMath" time="0.0"/>
  <testcase name="of node 114 should be 2147483762" classname="com.github.traderjoe95.mls.protocol.tree.TreeMath" time="0.0"/>
  <testcase name="of node 115 should be 113" classname="com.github.traderjoe95.mls.protocol.tree.TreeMath" time="0.0"/>
  <testcase name="of node 116 should be 2147483764" classname="com.github.traderjoe95.mls.protocol.tree.TreeMath" time="0.0"/>
  <testcase name="of node 117 should be 116" classname="com.github.traderjoe95.mls.protocol.tree.TreeMath" time="0.0"/>
  <testcase name="of node 118 should be 2147483766" classname="com.github.traderjoe95.mls.protocol.tree.TreeMath" time="0.0"/>
  <testcase name="of node 119 should be 115" classname="com.github.traderjoe95.mls.protocol.tree.TreeMath" time="0.0"/>
  <testcase name="of node 120 should be 2147483768" classname="com.github.traderjoe95.mls.protocol.tree.TreeMath" time="0.0"/>
  <testcase name="of node 121 should be 120" classname="com.github.traderjoe95.mls.protocol.tree.TreeMath" time="0.001"/>
  <testcase name="of node 122 should be 2147483770" classname="com.github.traderjoe95.mls.protocol.tree.TreeMath" time="0.0"/>
  <testcase name="of node 123 should be 121" classname="com.github.traderjoe95.mls.protocol.tree.TreeMath" time="0.0"/>
  <testcase name="of node 124 should be 2147483772" classname="com.github.traderjoe95.mls.protocol.tree.TreeMath" time="0.0"/>
  <testcase name="of node 125 should be 124" classname="com.github.traderjoe95.mls.protocol.tree.TreeMath" time="0.001"/>
  <testcase name="of node 126 should be 2147483774" classname="com.github.traderjoe95.mls.protocol.tree.TreeMath" time="0.0"/>
  <testcase name="of node 127 should be 63" classname="com.github.traderjoe95.mls.protocol.tree.TreeMath" time="0.0"/>
  <testcase name="of node 128 should be 2147483776" classname="com.github.traderjoe95.mls.protocol.tree.TreeMath" time="0.0"/>
  <testcase name="of node 129 should be 128" classname="com.github.traderjoe95.mls.protocol.tree.TreeMath" time="0.0"/>
  <testcase name="of node 130 should be 2147483778" classname="com.github.traderjoe95.mls.protocol.tree.TreeMath" time="0.0"/>
  <testcase name="of node 131 should be 129" classname="com.github.traderjoe95.mls.protocol.tree.TreeMath" time="0.0"/>
  <testcase name="of node 132 should be 2147483780" classname="com.github.traderjoe95.mls.protocol.tree.TreeMath" time="0.0"/>
  <testcase name="of node 133 should be 132" classname="com.github.traderjoe95.mls.protocol.tree.TreeMath" time="0.0"/>
  <testcase name="of node 134 should be 2147483782" classname="com.github.traderjoe95.mls.protocol.tree.TreeMath" time="0.0"/>
  <testcase name="of node 135 should be 131" classname="com.github.traderjoe95.mls.protocol.tree.TreeMath" time="0.0"/>
  <testcase name="of node 136 should be 2147483784" classname="com.github.traderjoe95.mls.protocol.tree.TreeMath" time="0.0"/>
  <testcase name="of node 137 should be 136" classname="com.github.traderjoe95.mls.protocol.tree.TreeMath" time="0.0"/>
  <testcase name="of node 138 should be 2147483786" classname="com.github.traderjoe95.mls.protocol.tree.TreeMath" time="0.0"/>
  <testcase name="of node 139 should be 137" classname="com.github.traderjoe95.mls.protocol.tree.TreeMath" time="0.0"/>
  <testcase name="of node 140 should be 2147483788" classname="com.github.traderjoe95.mls.protocol.tree.TreeMath" time="0.0"/>
  <testcase name="of node 141 should be 140" classname="com.github.traderjoe95.mls.protocol.tree.TreeMath" time="0.0"/>
  <testcase name="of node 142 should be 2147483790" classname="com.github.traderjoe95.mls.protocol.tree.TreeMath" time="0.0"/>
  <testcase name="of node 143 should be 135" classname="com.github.traderjoe95.mls.protocol.tree.TreeMath" time="0.0"/>
  <testcase name="of node 144 should be 2147483792" classname="com.github.traderjoe95.mls.protocol.tree.TreeMath" time="0.0"/>
  <testcase name="of node 145 should be 144" classname="com.github.traderjoe95.mls.protocol.tree.TreeMath" time="0.0"/>
  <testcase name="of node 146 should be 2147483794" classname="com.github.traderjoe95.mls.protocol.tree.TreeMath" time="0.0"/>
  <testcase name="of node 147 should be 145" classname="com.github.traderjoe95.mls.protocol.tree.TreeMath" time="0.0"/>
  <testcase name="of node 148 should be 2147483796" classname="com.github.traderjoe95.mls.protocol.tree.TreeMath" time="0.0"/>
  <testcase name="of node 149 should be 148" classname="com.github.traderjoe95.mls.protocol.tree.TreeMath" time="0.0"/>
  <testcase name="of node 150 should be 2147483798" classname="com.github.traderjoe95.mls.protocol.tree.TreeMath" time="0.0"/>
  <testcase name="of node 151 should be 147" classname="com.github.traderjoe95.mls.protocol.tree.TreeMath" time="0.0"/>
  <testcase name="of node 152 should be 2147483800" classname="com.github.traderjoe95.mls.protocol.tree.TreeMath" time="0.0"/>
  <testcase name="of node 153 should be 152" classname="com.github.traderjoe95.mls.protocol.tree.TreeMath" time="0.0"/>
  <testcase name="of node 154 should be 2147483802" classname="com.github.traderjoe95.mls.protocol.tree.TreeMath" time="0.0"/>
  <testcase name="of node 155 should be 153" classname="com.github.traderjoe95.mls.protocol.tree.TreeMath" time="0.0"/>
  <testcase name="of node 156 should be 2147483804" classname="com.github.traderjoe95.mls.protocol.tree.TreeMath" time="0.0"/>
  <testcase name="of node 157 should be 156" classname="com.github.traderjoe95.mls.protocol.tree.TreeMath" time="0.0"/>
  <testcase name="of node 158 should be 2147483806" classname="com.github.traderjoe95.mls.protocol.tree.TreeMath" time="0.0"/>
  <testcase name="of node 159 should be 143" classname="com.github.traderjoe95.mls.protocol.tree.TreeMath" time="0.0"/>
  <testcase name="of node 160 should be 2147483808" classname="com.github.traderjoe95.mls.protocol.tree.TreeMath" time="0.0"/>
  <testcase name="of node 161 should be 160" classname="com.github.traderjoe95.mls.protocol.tree.TreeMath" time="0.0"/>
  <testcase name="of node 162 should be 2147483810" classname="com.github.traderjoe95.mls.protocol.tree.TreeMath" time="0.0"/>
  <testcase name="of node 163 should be 161" classname="com.github.traderjoe95.mls.protocol.tree.TreeMath" time="0.0"/>
  <testcase name="of node 164 should be 2147483812" classname="com.github.traderjoe95.mls.protocol.tree.TreeMath" time="0.0"/>
  <testcase name="of node 165 should be 164" classname="com.github.traderjoe95.mls.protocol.tree.TreeMath" time="0.0"/>
  <testcase name="of node 166 should be 2147483814" classname="com.github.traderjoe95.mls.protocol.tree.TreeMath" time="0.0"/>
  <testcase name="of node 167 should be 163" classname="com.github.traderjoe95.mls.protocol.tree.TreeMath" time="0.0"/>
  <testcase name="of node 168 should be 2147483816" classname="com.github.traderjoe95.mls.protocol.tree.TreeMath" time="0.001"/>
  <testcase name="of node 169 should be 168" classname="com.github.traderjoe95.mls.protocol.tree.TreeMath" time="0.0"/>
  <testcase name="of node 170 should be 2147483818" classname="com.github.traderjoe95.mls.protocol.tree.TreeMath" time="0.0"/>
  <testcase name="of node 171 should be 169" classname="com.github.traderjoe95.mls.protocol.tree.TreeMath" time="0.0"/>
  <testcase name="of node 172 should be 2147483820" classname="com.github.traderjoe95.mls.protocol.tree.TreeMath" time="0.0"/>
  <testcase name="of node 173 should be 172" classname="com.github.traderjoe95.mls.protocol.tree.TreeMath" time="0.0"/>
  <testcase name="of node 174 should be 2147483822" classname="com.github.traderjoe95.mls.protocol.tree.TreeMath" time="0.0"/>
  <testcase name="of node 175 should be 167" classname="com.github.traderjoe95.mls.protocol.tree.TreeMath" time="0.0"/>
  <testcase name="of node 176 should be 2147483824" classname="com.github.traderjoe95.mls.protocol.tree.TreeMath" time="0.0"/>
  <testcase name="of node 177 should be 176" classname="com.github.traderjoe95.mls.protocol.tree.TreeMath" time="0.0"/>
  <testcase name="of node 178 should be 2147483826" classname="com.github.traderjoe95.mls.protocol.tree.TreeMath" time="0.0"/>
  <testcase name="of node 179 should be 177" classname="com.github.traderjoe95.mls.protocol.tree.TreeMath" time="0.0"/>
  <testcase name="of node 180 should be 2147483828" classname="com.github.traderjoe95.mls.protocol.tree.TreeMath" time="0.0"/>
  <testcase name="of node 181 should be 180" classname="com.github.traderjoe95.mls.protocol.tree.TreeMath" time="0.0"/>
  <testcase name="of node 182 should be 2147483830" classname="com.github.traderjoe95.mls.protocol.tree.TreeMath" time="0.0"/>
  <testcase name="of node 183 should be 179" classname="com.github.traderjoe95.mls.protocol.tree.TreeMath" time="0.0"/>
  <testcase name="of node 184 should be 2147483832" classname="com.github.traderjoe95.mls.protocol.tree.TreeMath" time="0.0"/>
  <testcase name="of node 185 should be 184" classname="com.github.traderjoe95.mls.protocol.tree.TreeMath" time="0.0"/>
  <testcase name="of node 186 should be 2147483834" classname="com.github.traderjoe95.mls.protocol.tree.TreeMath" time="0.0"/>
  <testcase name="of node 187 should be 185" classname="com.github.traderjoe95.mls.protocol.tree.TreeMath" time="0.0"/>
  <testcase name="of node 188 should be 2147483836" classname="com.github.traderjoe95.mls.protocol.tree.TreeMath" time="0.0"/>
  <testcase name="of node 189 should be 188" classname="com.github.traderjoe95.mls.protocol.tree.TreeMath" time="0.0"/>
  <testcase name="of node 190 should be 2147483838" classname="com.github.traderjoe95.mls.protocol.tree.TreeMath" time="0.0"/>
  <testcase name="of node 191 should be 159" classname="com.github.traderjoe95.mls.protocol.tree.TreeMath" time="0.0"/>
  <testcase name="of node 192 should be 2147483840" classname="com.github.traderjoe95.mls.protocol.tree.TreeMath" time="0.0"/>
  <testcase name="of node 193 should be 192" classname="com.github.traderjoe95.mls.protocol.tree.TreeMath" time="0.0"/>
  <testcase name="of node 194 should be 2147483842" classname="com.github.traderjoe95.mls.protocol.tree.TreeMath" time="0.0"/>
  <testcase name="of node 195 should be 193" classname="com.github.traderjoe95.mls.protocol.tree.TreeMath" time="0.0"/>
  <testcase name="of node 196 should be 2147483844" classname="com.github.traderjoe95.mls.protocol.tree.TreeMath" time="0.0"/>
  <testcase name="of node 197 should be 196" classname="com.github.traderjoe95.mls.protocol.tree.TreeMath" time="0.0"/>
  <testcase name="of node 198 should be 2147483846" classname="com.github.traderjoe95.mls.protocol.tree.TreeMath" time="0.0"/>
  <testcase name="of node 199 should be 195" classname="com.github.traderjoe95.mls.protocol.tree.TreeMath" time="0.0"/>
  <testcase name="of node 200 should be 2147483848" classname="com.github.traderjoe95.mls.protocol.tree.TreeMath" time="0.0"/>
  <testcase name="of node 201 should be 200" classname="com.github.traderjoe95.mls.protocol.tree.TreeMath" time="0.0"/>
  <testcase name="of node 202 should be 2147483850" classname="com.github.traderjoe95.mls.protocol.tree.TreeMath" time="0.0"/>
  <testcase name="of node 203 should be 201" classname="com.github.traderjoe95.mls.protocol.tree.TreeMath" time="0.0"/>
  <testcase name="of node 204 should be 2147483852" classname="com.github.traderjoe95.mls.protocol.tree.TreeMath" time="0.0"/>
  <testcase name="of node 205 should be 204" classname="com.github.traderjoe95.mls.protocol.tree.TreeMath" time="0.0"/>
  <testcase name="of node 206 should be 2147483854" classname="com.github.traderjoe95.mls.protocol.tree.TreeMath" time="0.0"/>
  <testcase name="of node 207 should be 199" classname="com.github.traderjoe95.mls.protocol.tree.TreeMath" time="0.0"/>
  <testcase name="of node 208 should be 2147483856" classname="com.github.traderjoe95.mls.protocol.tree.TreeMath" time="0.0"/>
  <testcase name="of node 209 should be 208" classname="com.github.traderjoe95.mls.protocol.tree.TreeMath" time="0.0"/>
  <testcase name="of node 210 should be 2147483858" classname="com.github.traderjoe95.mls.protocol.tree.TreeMath" time="0.0"/>
  <testcase name="of node 211 should be 209" classname="com.github.traderjoe95.mls.protocol.tree.TreeMath" time="0.0"/>
  <testcase name="of node 212 should be 2147483860" classname="com.github.traderjoe95.mls.protocol.tree.TreeMath" time="0.0"/>
  <testcase name="of node 213 should be 212" classname="com.github.traderjoe95.mls.protocol.tree.TreeMath" time="0.0"/>
  <testcase name="of node 214 should be 2147483862" classname="com.github.traderjoe95.mls.protocol.tree.TreeMath" time="0.001"/>
  <testcase name="of node 215 should be 211" classname="com.github.traderjoe95.mls.protocol.tree.TreeMath" time="0.0"/>
  <testcase name="of node 216 should be 2147483864" classname="com.github.traderjoe95.mls.protocol.tree.TreeMath" time="0.0"/>
  <testcase name="of node 217 should be 216" classname="com.github.traderjoe95.mls.protocol.tree.TreeMath" time="0.0"/>
  <testcase name="of node 218 should be 2147483866" classname="com.github.traderjoe95.mls.protocol.tree.TreeMath" time="0.0"/>
  <testcase name="of node 219 should be 217" classname="com.github.traderjoe95.mls.protocol.tree.TreeMath" time="0.0"/>
  <testcase name="of node 220 should be 2147483868" classname="com.github.traderjoe95.mls.protocol.tree.TreeMath" time="0.0"/>
  <testcase name="of node 221 should be 220" classname="com.github.traderjoe95.mls.protocol.tree.TreeMath" time="0.0"/>
  <testcase name="of node 222 should be 2147483870" classname="com.github.traderjoe95.mls.protocol.tree.TreeMath" time="0.0"/>
  <testcase name="of node 223 should be 207" classname="com.github.traderjoe95.mls.protocol.tree.TreeMath" time="0.0"/>
  <testcase name="of node 224 should be 2147483872" classname="com.github.traderjoe95.mls.protocol.tree.TreeMath" time="0.0"/>
  <testcase name="of node 225 should be 224" classname="com.github.traderjoe95.mls.protocol.tree.TreeMath" time="0.0"/>
  <testcase name="of node 226 should be 2147483874" classname="com.github.traderjoe95.mls.protocol.tree.TreeMath" time="0.0"/>
  <testcase name="of node 227 should be 225" classname="com.github.traderjoe95.mls.protocol.tree.TreeMath" time="0.0"/>
  <testcase name="of node 228 should be 2147483876" classname="com.github.traderjoe95.mls.protocol.tree.TreeMath" time="0.0"/>
  <testcase name="of node 229 should be 228" classname="com.github.traderjoe95.mls.protocol.tree.TreeMath" time="0.0"/>
  <testcase name="of node 230 should be 2147483878" classname="com.github.traderjoe95.mls.protocol.tree.TreeMath" time="0.0"/>
  <testcase name="of node 231 should be 227" classname="com.github.traderjoe95.mls.protocol.tree.TreeMath" time="0.0"/>
  <testcase name="of node 232 should be 2147483880" classname="com.github.traderjoe95.mls.protocol.tree.TreeMath" time="0.0"/>
  <testcase name="of node 233 should be 232" classname="com.github.traderjoe95.mls.protocol.tree.TreeMath" time="0.0"/>
  <testcase name="of node 234 should be 2147483882" classname="com.github.traderjoe95.mls.protocol.tree.TreeMath" time="0.0"/>
  <testcase name="of node 235 should be 233" classname="com.github.traderjoe95.mls.protocol.tree.TreeMath" time="0.0"/>
  <testcase name="of node 236 should be 2147483884" classname="com.github.traderjoe95.mls.protocol.tree.TreeMath" time="0.0"/>
  <testcase name="of node 237 should be 236" classname="com.github.traderjoe95.mls.protocol.tree.TreeMath" time="0.0"/>
  <testcase name="of node 238 should be 2147483886" classname="com.github.traderjoe95.mls.protocol.tree.TreeMath" time="0.0"/>
  <testcase name="of node 239 should be 231" classname="com.github.traderjoe95.mls.protocol.tree.TreeMath" time="0.0"/>
  <testcase name="of node 240 should be 2147483888" classname="com.github.traderjoe95.mls.protocol.tree.TreeMath" time="0.0"/>
  <testcase name="of node 241 should be 240" classname="com.github.traderjoe95.mls.protocol.tree.TreeMath" time="0.0"/>
  <testcase name="of node 242 should be 2147483890" classname="com.github.traderjoe95.mls.protocol.tree.TreeMath" time="0.0"/>
  <testcase name="of node 243 should be 241" classname="com.github.traderjoe95.mls.protocol.tree.TreeMath" time="0.0"/>
  <testcase name="of node 244 should be 2147483892" classname="com.github.traderjoe95.mls.protocol.tree.TreeMath" time="0.0"/>
  <testcase name="of node 245 should be 244" classname="com.github.traderjoe95.mls.protocol.tree.TreeMath" time="0.0"/>
  <testcase name="of node 246 should be 2147483894" classname="com.github.traderjoe95.mls.protocol.tree.TreeMath" time="0.0"/>
  <testcase name="of node 247 should be 243" classname="com.github.traderjoe95.mls.protocol.tree.TreeMath" time="0.0"/>
  <testcase name="of node 248 should be 2147483896" classname="com.github.traderjoe95.mls.protocol.tree.TreeMath" time="0.0"/>
  <testcase name="of node 249 should be 248" classname="com.github.traderjoe95.mls.protocol.tree.TreeMath" time="0.0"/>
  <testcase name="of node 250 should be 2147483898" classname="com.github.traderjoe95.mls.protocol.tree.TreeMath" time="0.0"/>
  <testcase name="of node 251 should be 249" classname="com.github.traderjoe95.mls.protocol.tree.TreeMath" time="0.0"/>
  <testcase name="of node 252 should be 2147483900" classname="com.github.traderjoe95.mls.protocol.tree.TreeMath" time="0.0"/>
  <testcase name="of node 253 should be 252" classname="com.github.traderjoe95.mls.protocol.tree.TreeMath" time="0.0"/>
  <testcase name="of node 254 should be 2147483902" classname="com.github.traderjoe95.mls.protocol.tree.TreeMath" time="0.0"/>
  <testcase name="of node 0 should be 2147483648" classname="com.github.traderjoe95.mls.protocol.tree.TreeMath" time="0.0"/>
  <testcase name="of node 1 should be 2" classname="com.github.traderjoe95.mls.protocol.tree.TreeMath" time="0.0"/>
  <testcase name="of node 2 should be 2147483650" classname="com.github.traderjoe95.mls.protocol.tree.TreeMath" time="0.0"/>
  <testcase name="of node 3 should be 5" classname="com.github.traderjoe95.mls.protocol.tree.TreeMath" time="0.0"/>
  <testcase name="of node 4 should be 2147483652" classname="com.github.traderjoe95.mls.protocol.tree.TreeMath" time="0.0"/>
  <testcase name="of node 5 should be 6" classname="com.github.traderjoe95.mls.protocol.tree.TreeMath" time="0.0"/>
  <testcase name="of node 6 should be 2147483654" classname="com.github.traderjoe95.mls.protocol.tree.TreeMath" time="0.0"/>
  <testcase name="of node 7 should be 11" classname="com.github.traderjoe95.mls.protocol.tree.TreeMath" time="0.0"/>
  <testcase name="of node 8 should be 2147483656" classname="com.github.traderjoe95.mls.protocol.tree.TreeMath" time="0.0"/>
  <testcase name="of node 9 should be 10" classname="com.github.traderjoe95.mls.protocol.tree.TreeMath" time="0.0"/>
  <testcase name="of node 10 should be 2147483658" classname="com.github.traderjoe95.mls.protocol.tree.TreeMath" time="0.0"/>
  <testcase name="of node 11 should be 13" classname="com.github.traderjoe95.mls.protocol.tree.TreeMath" time="0.0"/>
  <testcase name="of node 12 should be 2147483660" classname="com.github.traderjoe95.mls.protocol.tree.TreeMath" time="0.0"/>
  <testcase name="of node 13 should be 14" classname="com.github.traderjoe95.mls.protocol.tree.TreeMath" time="0.0"/>
  <testcase name="of node 14 should be 2147483662" classname="com.github.traderjoe95.mls.protocol.tree.TreeMath" time="0.0"/>
  <testcase name="of node 15 should be 23" classname="com.github.traderjoe95.mls.protocol.tree.TreeMath" time="0.0"/>
  <testcase name="of node 16 should be 2147483664" classname="com.github.traderjoe95.mls.protocol.tree.TreeMath" time="0.0"/>
  <testcase name="of node 17 should be 18" classname="com.github.traderjoe95.mls.protocol.tree.TreeMath" time="0.0"/>
  <testcase name="of node 18 should be 2147483666" classname="com.github.traderjoe95.mls.protocol.tree.TreeMath" time="0.0"/>
  <testcase name="of node 19 should be 21" classname="com.github.traderjoe95.mls.protocol.tree.TreeMath" time="0.0"/>
  <testcase name="of node 20 should be 2147483668" classname="com.github.traderjoe95.mls.protocol.tree.TreeMath" time="0.0"/>
  <testcase name="of node 21 should be 22" classname="com.github.traderjoe95.mls.protocol.tree.TreeMath" time="0.001"/>
  <testcase name="of node 22 should be 2147483670" classname="com.github.traderjoe95.mls.protocol.tree.TreeMath" time="0.0"/>
  <testcase name="of node 23 should be 27" classname="com.github.traderjoe95.mls.protocol.tree.TreeMath" time="0.0"/>
  <testcase name="of node 24 should be 2147483672" classname="com.github.traderjoe95.mls.protocol.tree.TreeMath" time="0.0"/>
  <testcase name="of node 25 should be 26" classname="com.github.traderjoe95.mls.protocol.tree.TreeMath" time="0.0"/>
  <testcase name="of node 26 should be 2147483674" classname="com.github.traderjoe95.mls.protocol.tree.TreeMath" time="0.0"/>
  <testcase name="of node 27 should be 29" classname="com.github.traderjoe95.mls.protocol.tree.TreeMath" time="0.0"/>
  <testcase name="of node 28 should be 2147483676" classname="com.github.traderjoe95.mls.protocol.tree.TreeMath" time="0.0"/>
  <testcase name="of node 29 should be 30" classname="com.github.traderjoe95.mls.protocol.tree.TreeMath" time="0.0"/>
  <testcase name="of node 30 should be 2147483678" classname="com.github.traderjoe95.mls.protocol.tree.TreeMath" time="0.0"/>
  <testcase name="of node 31 should be 47" classname="com.github.traderjoe95.mls.protocol.tree.TreeMath" time="0.0"/>
  <testcase name="of node 32 should be 2147483680" classname="com.github.traderjoe95.mls.protocol.tree.TreeMath" time="0.0"/>
  <testcase name="of node 33 should be 34" classname="com.github.traderjoe95.mls.protocol.tree.TreeMath" time="0.0"/>
  <testcase name="of node 34 should be 2147483682" classname="com.github.traderjoe95.mls.protocol.tree.TreeMath" time="0.0"/>
  <testcase name="of node 35 should be 37" classname="com.github.traderjoe95.mls.protocol.tree.TreeMath" time="0.0"/>
  <testcase name="of node 36 should be 2147483684" classname="com.github.traderjoe95.mls.protocol.tree.TreeMath" time="0.0"/>
  <testcase name="of node 37 should be 38" classname="com.github.traderjoe95.mls.protocol.tree.TreeMath" time="0.0"/>
  <testcase name="of node 38 should be 2147483686" classname="com.github.traderjoe95.mls.protocol.tree.TreeMath" time="0.0"/>
  <testcase name="of node 39 should be 43" classname="com.github.traderjoe95.mls.protocol.tree.TreeMath" time="0.0"/>
  <testcase name="of node 40 should be 2147483688" classname="com.github.traderjoe95.mls.protocol.tree.TreeMath" time="0.0"/>
  <testcase name="of node 41 should be 42" classname="com.github.traderjoe95.mls.protocol.tree.TreeMath" time="0.0"/>
  <testcase name="of node 42 should be 2147483690" classname="com.github.traderjoe95.mls.protocol.tree.TreeMath" time="0.0"/>
  <testcase name="of node 43 should be 45" classname="com.github.traderjoe95.mls.protocol.tree.TreeMath" time="0.0"/>
  <testcase name="of node 44 should be 2147483692" classname="com.github.traderjoe95.mls.protocol.tree.TreeMath" time="0.001"/>
  <testcase name="of node 45 should be 46" classname="com.github.traderjoe95.mls.protocol.tree.TreeMath" time="0.0"/>
  <testcase name="of node 46 should be 2147483694" classname="com.github.traderjoe95.mls.protocol.tree.TreeMath" time="0.0"/>
  <testcase name="of node 47 should be 55" classname="com.github.traderjoe95.mls.protocol.tree.TreeMath" time="0.0"/>
  <testcase name="of node 48 should be 2147483696" classname="com.github.traderjoe95.mls.protocol.tree.TreeMath" time="0.0"/>
  <testcase name="of node 49 should be 50" classname="com.github.traderjoe95.mls.protocol.tree.TreeMath" time="0.0"/>
  <testcase name="of node 50 should be 2147483698" classname="com.github.traderjoe95.mls.protocol.tree.TreeMath" time="0.0"/>
  <testcase name="of node 51 should be 53" classname="com.github.traderjoe95.mls.protocol.tree.TreeMath" time="0.0"/>
  <testcase name="of node 52 should be 2147483700" classname="com.github.traderjoe95.mls.protocol.tree.TreeMath" time="0.0"/>
  <testcase name="of node 53 should be 54" classname="com.github.traderjoe95.mls.protocol.tree.TreeMath" time="0.0"/>
  <testcase name="of node 54 should be 2147483702" classname="com.github.traderjoe95.mls.protocol.tree.TreeMath" time="0.0"/>
  <testcase name="of node 55 should be 59" classname="com.github.traderjoe95.mls.protocol.tree.TreeMath" time="0.0"/>
  <testcase name="of node 56 should be 2147483704" classname="com.github.traderjoe95.mls.protocol.tree.TreeMath" time="0.0"/>
  <testcase name="of node 57 should be 58" classname="com.github.traderjoe95.mls.protocol.tree.TreeMath" time="0.0"/>
  <testcase name="of node 58 should be 2147483706" classname="com.github.traderjoe95.mls.protocol.tree.TreeMath" time="0.0"/>
  <testcase name="of node 59 should be 61" classname="com.github.traderjoe95.mls.protocol.tree.TreeMath" time="0.0"/>
  <testcase name="of node 60 should be 2147483708" classname="com.github.traderjoe95.mls.protocol.tree.TreeMath" time="0.0"/>
  <testcase name="of node 61 should be 62" classname="com.github.traderjoe95.mls.protocol.tree.TreeMath" time="0.0"/>
  <testcase name="of node 62 should be 2147483710" classname="com.github.traderjoe95.mls.protocol.tree.TreeMath" time="0.0"/>
  <testcase name="of node 63 should be 95" classname="com.github.traderjoe95.mls.protocol.tree.TreeMath" time="0.0"/>
  <testcase name="of node 64 should be 2147483712" classname="com.github.traderjoe95.mls.protocol.tree.TreeMath" time="0.0"/>
  <testcase name="of node 65 should be 66" classname="com.github.traderjoe95.mls.protocol.tree.TreeMath" time="0.0"/>
  <testcase name="of node 66 should be 2147483714" classname="com.github.traderjoe95.mls.protocol.tree.TreeMath" time="0.0"/>
  <testcase name="of node 67 should be 69" classname="com.github.traderjoe95.mls.protocol.tree.TreeMath" time="0.0"/>
  <testcase name="of node 68 should be 2147483716" classname="com.github.traderjoe95.mls.protocol.tree.TreeMath" time="0.0"/>
  <testcase name="of node 69 should be 70" classname="com.github.traderjoe95.mls.protocol.tree.TreeMath" time="0.0"/>
  <testcase name="of node 70 should be 2147483718" classname="com.github.traderjoe95.mls.protocol.tree.TreeMath" time="0.0"/>
  <testcase name="of node 71 should be 75" classname="com.github.traderjoe95.mls.protocol.tree.TreeMath" time="0.0"/>
  <testcase name="of node 72 should be 2147483720" classname="com.github.traderjoe95.mls.protocol.tree.TreeMath" time="0.0"/>
  <testcase name="of node 73 should be 74" classname="com.github.traderjoe95.mls.protocol.tree.TreeMath" time="0.0"/>
  <testcase name="of node 74 should be 2147483722" classname="com.github.traderjoe95.mls.protocol.tree.TreeMath" time="0.0"/>
  <testcase name="of node 75 should be 77" classname="com.github.traderjoe95.mls.protocol.tree.TreeMath" time="0.0"/>
  <testcase name="of node 76 should be 2147483724" classname="com.github.traderjoe95.mls.protocol.tree.TreeMath" time="0.0"/>
  <testcase name="of node 77 should be 78" classname="com.github.traderjoe95.mls.protocol.tree.TreeMath" time="0.0"/>
  <testcase name="of node 78 should be 2147483726" classname="com.github.traderjoe95.mls.protocol.tree.TreeMath" time="0.0"/>
  <testcase name="of node 79 should be 87" classname="com.github.traderjoe95.mls.protocol.tree.TreeMath" time="0.0"/>
  <testcase name="of node 80 should be 2147483728" classname="com.github.traderjoe95.mls.protocol.tree.TreeMath" time="0.001"/>
  <testcase name="of node 81 should be 82" classname="com.github.traderjoe95.mls.protocol.tree.TreeMath" time="0.0"/>
  <testcase name="of node 82 should be 2147483730" classname="com.github.traderjoe95.mls.protocol.tree.TreeMath" time="0.0"/>
  <testcase name="of node 83 should be 85" classname="com.github.traderjoe95.mls.protocol.tree.TreeMath" time="0.001"/>
  <testcase name="of node 84 should be 2147483732" classname="com.github.traderjoe95.mls.protocol.tree.TreeMath" time="0.0"/>
  <testcase name="of node 85 should be 86" classname="com.github.traderjoe95.mls.protocol.tree.TreeMath" time="0.0"/>
  <testcase name="of node 86 should be 2147483734" classname="com.github.traderjoe95.mls.protocol.tree.TreeMath" time="0.0"/>
  <testcase name="of node 87 should be 91" classname="com.github.traderjoe95.mls.protocol.tree.TreeMath" time="0.0"/>
  <testcase name="of node 88 should be 2147483736" classname="com.github.traderjoe95.mls.protocol.tree.TreeMath" time="0.0"/>
  <testcase name="of node 89 should be 90" classname="com.github.traderjoe95.mls.protocol.tree.TreeMath" time="0.0"/>
  <testcase name="of node 90 should be 2147483738" classname="com.github.traderjoe95.mls.protocol.tree.TreeMath" time="0.0"/>
  <testcase name="of node 91 should be 93" classname="com.github.traderjoe95.mls.protocol.tree.TreeMath" time="0.0"/>
  <testcase name="of node 92 should be 2147483740" classname="com.github.traderjoe95.mls.protocol.tree.TreeMath" time="0.0"/>
  <testcase name="of node 93 should be 94" classname="com.github.traderjoe95.mls.protocol.tree.TreeMath" time="0.0"/>
  <testcase name="of node 94 should be 2147483742" classname="com.github.traderjoe95.mls.protocol.tree.TreeMath" time="0.0"/>
  <testcase name="of node 95 should be 111" classname="com.github.traderjoe95.mls.protocol.tree.TreeMath" time="0.0"/>
  <testcase name="of node 96 should be 2147483744" classname="com.github.traderjoe95.mls.protocol.tree.TreeMath" time="0.0"/>
  <testcase name="of node 97 should be 98" classname="com.github.traderjoe95.mls.protocol.tree.TreeMath" time="0.0"/>
  <testcase name="of node 98 should be 2147483746" classname="com.github.traderjoe95.mls.protocol.tree.TreeMath" time="0.0"/>
  <testcase name="of node 99 should be 101" classname="com.github.traderjoe95.mls.protocol.tree.TreeMath" time="0.0"/>
  <testcase name="of node 100 should be 2147483748" classname="com.github.traderjoe95.mls.protocol.tree.TreeMath" time="0.0"/>
  <testcase name="of node 101 should be 102" classname="com.github.traderjoe95.mls.protocol.tree.TreeMath" time="0.0"/>
  <testcase name="of node 102 should be 2147483750" classname="com.github.traderjoe95.mls.protocol.tree.TreeMath" time="0.0"/>
  <testcase name="of node 103 should be 107" classname="com.github.traderjoe95.mls.protocol.tree.TreeMath" time="0.0"/>
  <testcase name="of node 104 should be 2147483752" classname="com.github.traderjoe95.mls.protocol.tree.TreeMath" time="0.0"/>
  <testcase name="of node 105 should be 106" classname="com.github.traderjoe95.mls.protocol.tree.TreeMath" time="0.0"/>
  <testcase name="of node 106 should be 2147483754" classname="com.github.traderjoe95.mls.protocol.tree.TreeMath" time="0.0"/>
  <testcase name="of node 107 should be 109" classname="com.github.traderjoe95.mls.protocol.tree.TreeMath" time="0.0"/>
  <testcase name="of node 108 should be 2147483756" classname="com.github.traderjoe95.mls.protocol.tree.TreeMath" time="0.0"/>
  <testcase name="of node 109 should be 110" classname="com.github.traderjoe95.mls.protocol.tree.TreeMath" time="0.0"/>
  <testcase name="of node 110 should be 2147483758" classname="com.github.traderjoe95.mls.protocol.tree.TreeMath" time="0.0"/>
  <testcase name="of node 111 should be 119" classname="com.github.traderjoe95.mls.protocol.tree.TreeMath" time="0.0"/>
  <testcase name="of node 112 should be 2147483760" classname="com.github.traderjoe95.mls.protocol.tree.TreeMath" time="0.0"/>
  <testcase name="of node 113 should be 114" classname="com.github.traderjoe95.mls.protocol.tree.TreeMath" time="0.0"/>
  <testcase name="of node 114 should be 2147483762" classname="com.github.traderjoe95.mls.protocol.tree.TreeMath" time="0.0"/>
  <testcase name="of node 115 should be 117" classname="com.github.traderjoe95.mls.protocol.tree.TreeMath" time="0.0"/>
  <testcase name="of node 116 should be 2147483764" classname="com.github.traderjoe95.mls.protocol.tree.TreeMath" time="0.0"/>
  <testcase name="of node 117 should be 118" classname="com.github.traderjoe95.mls.protocol.tree.TreeMath" time="0.0"/>
  <testcase name="of node 118 should be 2147483766" classname="com.github.traderjoe95.mls.protocol.tree.TreeMath" time="0.0"/>
  <testcase name="of node 119 should be 123" classname="com.github.traderjoe95.mls.protocol.tree.TreeMath" time="0.0"/>
  <testcase name="of node 120 should be 2147483768" classname="com.github.traderjoe95.mls.protocol.tree.TreeMath" time="0.0"/>
  <testcase name="of node 121 should be 122" classname="com.github.traderjoe95.mls.protocol.tree.TreeMath" time="0.0"/>
  <testcase name="of node 122 should be 2147483770" classname="com.github.traderjoe95.mls.protocol.tree.TreeMath" time="0.0"/>
  <testcase name="of node 123 should be 125" classname="com.github.traderjoe95.mls.protocol.tree.TreeMath" time="0.0"/>
  <testcase name="of node 124 should be 2147483772" classname="com.github.traderjoe95.mls.protocol.tree.TreeMath" time="0.0"/>
  <testcase name="of node 125 should be 126" classname="com.github.traderjoe95.mls.protocol.tree.TreeMath" time="0.0"/>
  <testcase name="of node 126 should be 2147483774" classname="com.github.traderjoe95.mls.protocol.tree.TreeMath" time="0.0"/>
  <testcase name="of node 127 should be 191" classname="com.github.traderjoe95.mls.protocol.tree.TreeMath" time="0.0"/>
  <testcase name="of node 128 should be 2147483776" classname="com.github.traderjoe95.mls.protocol.tree.TreeMath" time="0.0"/>
  <testcase name="of node 129 should be 130" classname="com.github.traderjoe95.mls.protocol.tree.TreeMath" time="0.0"/>
  <testcase name="of node 130 should be 2147483778" classname="com.github.traderjoe95.mls.protocol.tree.TreeMath" time="0.0"/>
  <testcase name="of node 131 should be 133" classname="com.github.traderjoe95.mls.protocol.tree.TreeMath" time="0.0"/>
  <testcase name="of node 132 should be 2147483780" classname="com.github.traderjoe95.mls.protocol.tree.TreeMath" time="0.0"/>
  <testcase name="of node 133 should be 134" classname="com.github.traderjoe95.mls.protocol.tree.TreeMath" time="0.0"/>
  <testcase name="of node 134 should be 2147483782" classname="com.github.traderjoe95.mls.protocol.tree.TreeMath" time="0.001"/>
  <testcase name="of node 135 should be 139" classname="com.github.traderjoe95.mls.protocol.tree.TreeMath" time="0.0"/>
  <testcase name="of node 136 should be 2147483784" classname="com.github.traderjoe95.mls.protocol.tree.TreeMath" time="0.0"/>
  <testcase name="of node 137 should be 138" classname="com.github.traderjoe95.mls.protocol.tree.TreeMath" time="0.0"/>
  <testcase name="of node 138 should be 2147483786" classname="com.github.traderjoe95.mls.protocol.tree.TreeMath" time="0.0"/>
  <testcase name="of node 139 should be 141" classname="com.github.traderjoe95.mls.protocol.tree.TreeMath" time="0.0"/>
  <testcase name="of node 140 should be 2147483788" classname="com.github.traderjoe95.mls.protocol.tree.TreeMath" time="0.0"/>
  <testcase name="of node 141 should be 142" classname="com.github.traderjoe95.mls.protocol.tree.TreeMath" time="0.0"/>
  <testcase name="of node 142 should be 2147483790" classname="com.github.traderjoe95.mls.protocol.tree.TreeMath" time="0.0"/>
  <testcase name="of node 143 should be 151" classname="com.github.traderjoe95.mls.protocol.tree.TreeMath" time="0.0"/>
  <testcase name="of node 144 should be 2147483792" classname="com.github.traderjoe95.mls.protocol.tree.TreeMath" time="0.001"/>
  <testcase name="of node 145 should be 146" classname="com.github.traderjoe95.mls.protocol.tree.TreeMath" time="0.0"/>
  <testcase name="of node 146 should be 2147483794" classname="com.github.traderjoe95.mls.protocol.tree.TreeMath" time="0.001"/>
  <testcase name="of node 147 should be 149" classname="com.github.traderjoe95.mls.protocol.tree.TreeMath" time="0.0"/>
  <testcase name="of node 148 should be 2147483796" classname="com.github.traderjoe95.mls.protocol.tree.TreeMath" time="0.0"/>
  <testcase name="of node 149 should be 150" classname="com.github.traderjoe95.mls.protocol.tree.TreeMath" time="0.0"/>
  <testcase name="of node 150 should be 2147483798" classname="com.github.traderjoe95.mls.protocol.tree.TreeMath" time="0.0"/>
  <testcase name="of node 151 should be 155" classname="com.github.traderjoe95.mls.protocol.tree.TreeMath" time="0.0"/>
  <testcase name="of node 152 should be 2147483800" classname="com.github.traderjoe95.mls.protocol.tree.TreeMath" time="0.0"/>
  <testcase name="of node 153 should be 154" classname="com.github.traderjoe95.mls.protocol.tree.TreeMath" time="0.0"/>
  <testcase name="of node 154 should be 2147483802" classname="com.github.traderjoe95.mls.protocol.tree.TreeMath" time="0.0"/>
  <testcase name="of node 155 should be 157" classname="com.github.traderjoe95.mls.protocol.tree.TreeMath" time="0.0"/>
  <testcase name="of node 156 should be 2147483804" classname="com.github.traderjoe95.mls.protocol.tree.TreeMath" time="0.0"/>
  <testcase name="of node 157 should be 158" classname="com.github.traderjoe95.mls.protocol.tree.TreeMath" time="0.0"/>
  <testcase name="of node 158 should be 2147483806" classname="com.github.traderjoe95.mls.protocol.tree.TreeMath" time="0.0"/>
  <testcase name="of node 159 should be 175" classname="com.github.traderjoe95.mls.protocol.tree.TreeMath" time="0.0"/>
  <testcase name="of node 160 should be 2147483808" classname="com.github.traderjoe95.mls.protocol.tree.TreeMath" time="0.0"/>
  <testcase name="of node 161 should be 162" classname="com.github.traderjoe95.mls.protocol.tree.TreeMath" time="0.0"/>
  <testcase name="of node 162 should be 2147483810" classname="com.github.traderjoe95.mls.protocol.tree.TreeMath" time="0.0"/>
  <testcase name="of node 163 should be 165" classname="com.github.traderjoe95.mls.protocol.tree.TreeMath" time="0.0"/>
  <testcase name="of node 164 should be 2147483812" classname="com.github.traderjoe95.mls.protocol.tree.TreeMath" time="0.0"/>
  <testcase name="of node 165 should be 166" classname="com.github.traderjoe95.mls.protocol.tree.TreeMath" time="0.0"/>
  <testcase name="of node 166 should be 2147483814" classname="com.github.traderjoe95.mls.protocol.tree.TreeMath" time="0.0"/>
  <testcase name="of node 167 should be 171" classname="com.github.traderjoe95.mls.protocol.tree.TreeMath" time="0.0"/>
  <testcase name="of node 168 should be 2147483816" classname="com.github.traderjoe95.mls.protocol.tree.TreeMath" time="0.0"/>
  <testcase name="of node 169 should be 170" classname="com.github.traderjoe95.mls.protocol.tree.TreeMath" time="0.0"/>
  <testcase name="of node 170 should be 2147483818" classname="com.github.traderjoe95.mls.protocol.tree.TreeMath" time="0.0"/>
  <testcase name="of node 171 should be 173" classname="com.github.traderjoe95.mls.protocol.tree.TreeMath" time="0.0"/>
  <testcase name="of node 172 should be 2147483820" classname="com.github.traderjoe95.mls.protocol.tree.TreeMath" time="0.0"/>
  <testcase name="of node 173 should be 174" classname="com.github.traderjoe95.mls.protocol.tree.TreeMath" time="0.0"/>
  <testcase name="of node 174 should be 2147483822" classname="com.github.traderjoe95.mls.protocol.tree.TreeMath" time="0.0"/>
  <testcase name="of node 175 should be 183" classname="com.github.traderjoe95.mls.protocol.tree.TreeMath" time="0.0"/>
  <testcase name="of node 176 should be 2147483824" classname="com.github.traderjoe95.mls.protocol.tree.TreeMath" time="0.0"/>
  <testcase name="of node 177 should be 178" classname="com.github.traderjoe95.mls.protocol.tree.TreeMath" time="0.0"/>
  <testcase name="of node 178 should be 2147483826" classname="com.github.traderjoe95.mls.protocol.tree.TreeMath" time="0.001"/>
  <testcase name="of node 179 should be 181" classname="com.github.traderjoe95.mls.protocol.tree.TreeMath" time="0.0"/>
  <testcase name="of node 180 should be 2147483828" classname="com.github.traderjoe95.mls.protocol.tree.TreeMath" time="0.0"/>
  <testcase name="of node 181 should be 182" classname="com.github.traderjoe95.mls.protocol.tree.TreeMath" time="0.0"/>
  <testcase name="of node 182 should be 2147483830" classname="com.github.traderjoe95.mls.protocol.tree.TreeMath" time="0.0"/>
  <testcase name="of node 183 should be 187" classname="com.github.traderjoe95.mls.protocol.tree.TreeMath" time="0.0"/>
  <testcase name="of node 184 should be 2147483832" classname="com.github.traderjoe95.mls.protocol.tree.TreeMath" time="0.0"/>
  <testcase name="of node 185 should be 186" classname="com.github.traderjoe95.mls.protocol.tree.TreeMath" time="0.0"/>
  <testcase name="of node 186 should be 2147483834" classname="com.github.traderjoe95.mls.protocol.tree.TreeMath" time="0.0"/>
  <testcase name="of node 187 should be 189" classname="com.github.traderjoe95.mls.protocol.tree.TreeMath" time="0.0"/>
  <testcase name="of node 188 should be 2147483836" classname="com.github.traderjoe95.mls.protocol.tree.TreeMath" time="0.0"/>
  <testcase name="of node 189 should be 190" classname="com.github.traderjoe95.mls.protocol.tree.TreeMath" time="0.0"/>
  <testcase name="of node 190 should be 2147483838" classname="com.github.traderjoe95.mls.protocol.tree.TreeMath" time="0.0"/>
  <testcase name="of node 191 should be 223" classname="com.github.traderjoe95.mls.protocol.tree.TreeMath" time="0.0"/>
  <testcase name="of node 192 should be 2147483840" classname="com.github.traderjoe95.mls.protocol.tree.TreeMath" time="0.0"/>
  <testcase name="of node 193 should be 194" classname="com.github.traderjoe95.mls.protocol.tree.TreeMath" time="0.0"/>
  <testcase name="of node 194 should be 2147483842" classname="com.github.traderjoe95.mls.protocol.tree.TreeMath" time="0.001"/>
  <testcase name="of node 195 should be 197" classname="com.github.traderjoe95.mls.protocol.tree.TreeMath" time="0.0"/>
  <testcase name="of node 196 should be 2147483844" classname="com.github.traderjoe95.mls.protocol.tree.TreeMath" time="0.0"/>
  <testcase name="of node 197 should be 198" classname="com.github.traderjoe95.mls.protocol.tree.TreeMath" time="0.0"/>
  <testcase name="of node 198 should be 2147483846" classname="com.github.traderjoe95.mls.protocol.tree.TreeMath" time="0.0"/>
  <testcase name="of node 199 should be 203" classname="com.github.traderjoe95.mls.protocol.tree.TreeMath" time="0.0"/>
  <testcase name="of node 200 should be 2147483848" classname="com.github.traderjoe95.mls.protocol.tree.TreeMath" time="0.0"/>
  <testcase name="of node 201 should be 202" classname="com.github.traderjoe95.mls.protocol.tree.TreeMath" time="0.001"/>
  <testcase name="of node 202 should be 2147483850" classname="com.github.traderjoe95.mls.protocol.tree.TreeMath" time="0.0"/>
  <testcase name="of node 203 should be 205" classname="com.github.traderjoe95.mls.protocol.tree.TreeMath" time="0.0"/>
  <testcase name="of node 204 should be 2147483852" classname="com.github.traderjoe95.mls.protocol.tree.TreeMath" time="0.0"/>
  <testcase name="of node 205 should be 206" classname="com.github.traderjoe95.mls.protocol.tree.TreeMath" time="0.0"/>
  <testcase name="of node 206 should be 2147483854" classname="com.github.traderjoe95.mls.protocol.tree.TreeMath" time="0.0"/>
  <testcase name="of node 207 should be 215" classname="com.github.traderjoe95.mls.protocol.tree.TreeMath" time="0.0"/>
  <testcase name="of node 208 should be 2147483856" classname="com.github.traderjoe95.mls.protocol.tree.TreeMath" time="0.0"/>
  <testcase name="of node 209 should be 210" classname="com.github.traderjoe95.mls.protocol.tree.TreeMath" time="0.0"/>
  <testcase name="of node 210 should be 2147483858" classname="com.github.traderjoe95.mls.protocol.tree.TreeMath" time="0.0"/>
  <testcase name="of node 211 should be 213" classname="com.github.traderjoe95.mls.protocol.tree.TreeMath" time="0.0"/>
  <testcase name="of node 212 should be 2147483860" classname="com.github.traderjoe95.mls.protocol.tree.TreeMath" time="0.0"/>
  <testcase name="of node 213 should be 214" classname="com.github.traderjoe95.mls.protocol.tree.TreeMath" time="0.0"/>
  <testcase name="of node 214 should be 2147483862" classname="com.github.traderjoe95.mls.protocol.tree.TreeMath" time="0.0"/>
  <testcase name="of node 215 should be 219" classname="com.github.traderjoe95.mls.protocol.tree.TreeMath" time="0.0"/>
  <testcase name="of node 216 should be 2147483864" classname="com.github.traderjoe95.mls.protocol.tree.TreeMath" time="0.0"/>
  <testcase name="of node 217 should be 218" classname="com.github.traderjoe95.mls.protocol.tree.TreeMath" time="0.0"/>
  <testcase name="of node 218 should be 2147483866" classname="com.github.traderjoe95.mls.protocol.tree.TreeMath" time="0.0"/>
  <testcase name="of node 219 should be 221" classname="com.github.traderjoe95.mls.protocol.tree.TreeMath" time="0.0"/>
  <testcase name="of node 220 should be 2147483868" classname="com.github.traderjoe95.mls.protocol.tree.TreeMath" time="0.0"/>
  <testcase name="of node 221 should be 222" classname="com.github.traderjoe95.mls.protocol.tree.TreeMath" time="0.0"/>
  <testcase name="of node 222 should be 2147483870" classname="com.github.traderjoe95.mls.protocol.tree.TreeMath" time="0.0"/>
  <testcase name="of node 223 should be 239" classname="com.github.traderjoe95.mls.protocol.tree.TreeMath" time="0.001"/>
  <testcase name="of node 224 should be 2147483872" classname="com.github.traderjoe95.mls.protocol.tree.TreeMath" time="0.0"/>
  <testcase name="of node 225 should be 226" classname="com.github.traderjoe95.mls.protocol.tree.TreeMath" time="0.0"/>
  <testcase name="of node 226 should be 2147483874" classname="com.github.traderjoe95.mls.protocol.tree.TreeMath" time="0.0"/>
  <testcase name="of node 227 should be 229" classname="com.github.traderjoe95.mls.protocol.tree.TreeMath" time="0.0"/>
  <testcase name="of node 228 should be 2147483876" classname="com.github.traderjoe95.mls.protocol.tree.TreeMath" time="0.0"/>
  <testcase name="of node 229 should be 230" classname="com.github.traderjoe95.mls.protocol.tree.TreeMath" time="0.0"/>
  <testcase name="of node 230 should be 2147483878" classname="com.github.traderjoe95.mls.protocol.tree.TreeMath" time="0.0"/>
  <testcase name="of node 231 should be 235" classname="com.github.traderjoe95.mls.protocol.tree.TreeMath" time="0.0"/>
  <testcase name="of node 232 should be 2147483880" classname="com.github.traderjoe95.mls.protocol.tree.TreeMath" time="0.0"/>
  <testcase name="of node 233 should be 234" classname="com.github.traderjoe95.mls.protocol.tree.TreeMath" time="0.0"/>
  <testcase name="of node 234 should be 2147483882" classname="com.github.traderjoe95.mls.protocol.tree.TreeMath" time="0.0"/>
  <testcase name="of node 235 should be 237" classname="com.github.traderjoe95.mls.protocol.tree.TreeMath" time="0.0"/>
  <testcase name="of node 236 should be 2147483884" classname="com.github.traderjoe95.mls.protocol.tree.TreeMath" time="0.0"/>
  <testcase name="of node 237 should be 238" classname="com.github.traderjoe95.mls.protocol.tree.TreeMath" time="0.001"/>
  <testcase name="of node 238 should be 2147483886" classname="com.github.traderjoe95.mls.protocol.tree.TreeMath" time="0.0"/>
  <testcase name="of node 239 should be 247" classname="com.github.traderjoe95.mls.protocol.tree.TreeMath" time="0.0"/>
  <testcase name="of node 240 should be 2147483888" classname="com.github.traderjoe95.mls.protocol.tree.TreeMath" time="0.0"/>
  <testcase name="of node 241 should be 242" classname="com.github.traderjoe95.mls.protocol.tree.TreeMath" time="0.0"/>
  <testcase name="of node 242 should be 2147483890" classname="com.github.traderjoe95.mls.protocol.tree.TreeMath" time="0.0"/>
  <testcase name="of node 243 should be 245" classname="com.github.traderjoe95.mls.protocol.tree.TreeMath" time="0.0"/>
  <testcase name="of node 244 should be 2147483892" classname="com.github.traderjoe95.mls.protocol.tree.TreeMath" time="0.0"/>
  <testcase name="of node 245 should be 246" classname="com.github.traderjoe95.mls.protocol.tree.TreeMath" time="0.0"/>
  <testcase name="of node 246 should be 2147483894" classname="com.github.traderjoe95.mls.protocol.tree.TreeMath" time="0.0"/>
  <testcase name="of node 247 should be 251" classname="com.github.traderjoe95.mls.protocol.tree.TreeMath" time="0.0"/>
  <testcase name="of node 248 should be 2147483896" classname="com.github.traderjoe95.mls.protocol.tree.TreeMath" time="0.0"/>
  <testcase name="of node 249 should be 250" classname="com.github.traderjoe95.mls.protocol.tree.TreeMath" time="0.0"/>
  <testcase name="of node 250 should be 2147483898" classname="com.github.traderjoe95.mls.protocol.tree.TreeMath" time="0.0"/>
  <testcase name="of node 251 should be 253" classname="com.github.traderjoe95.mls.protocol.tree.TreeMath" time="0.0"/>
  <testcase name="of node 252 should be 2147483900" classname="com.github.traderjoe95.mls.protocol.tree.TreeMath" time="0.0"/>
  <testcase name="of node 253 should be 254" classname="com.github.traderjoe95.mls.protocol.tree.TreeMath" time="0.0"/>
  <testcase name="of node 254 should be 2147483902" classname="com.github.traderjoe95.mls.protocol.tree.TreeMath" time="0.0"/>
  <testcase name="of node 0 should be 1" classname="com.github.traderjoe95.mls.protocol.tree.TreeMath" time="0.0"/>
  <testcase name="of node 1 should be 3" classname="com.github.traderjoe95.mls.protocol.tree.TreeMath" time="0.0"/>
  <testcase name="of node 2 should be 1" classname="com.github.traderjoe95.mls.protocol.tree.TreeMath" time="0.0"/>
  <testcase name="of node 3 should be 7" classname="com.github.traderjoe95.mls.protocol.tree.TreeMath" time="0.0"/>
  <testcase name="of node 4 should be 5" classname="com.github.traderjoe95.mls.protocol.tree.TreeMath" time="0.0"/>
  <testcase name="of node 5 should be 3" classname="com.github.traderjoe95.mls.protocol.tree.TreeMath" time="0.0"/>
  <testcase name="of node 6 should be 5" classname="com.github.traderjoe95.mls.protocol.tree.TreeMath" time="0.0"/>
  <testcase name="of node 7 should be 15" classname="com.github.traderjoe95.mls.protocol.tree.TreeMath" time="0.0"/>
  <testcase name="of node 8 should be 9" classname="com.github.traderjoe95.mls.protocol.tree.TreeMath" time="0.0"/>
  <testcase name="of node 9 should be 11" classname="com.github.traderjoe95.mls.protocol.tree.TreeMath" time="0.001"/>
  <testcase name="of node 10 should be 9" classname="com.github.traderjoe95.mls.protocol.tree.TreeMath" time="0.0"/>
  <testcase name="of node 11 should be 7" classname="com.github.traderjoe95.mls.protocol.tree.TreeMath" time="0.0"/>
  <testcase name="of node 12 should be 13" classname="com.github.traderjoe95.mls.protocol.tree.TreeMath" time="0.0"/>
  <testcase name="of node 13 should be 11" classname="com.github.traderjoe95.mls.protocol.tree.TreeMath" time="0.0"/>
  <testcase name="of node 14 should be 13" classname="com.github.traderjoe95.mls.protocol.tree.TreeMath" time="0.0"/>
  <testcase name="of node 15 should be 31" classname="com.github.traderjoe95.mls.protocol.tree.TreeMath" time="0.0"/>
  <testcase name="of node 16 should be 17" classname="com.github.traderjoe95.mls.protocol.tree.TreeMath" time="0.0"/>
  <testcase name="of node 17 should be 19" classname="com.github.traderjoe95.mls.protocol.tree.TreeMath" time="0.0"/>
  <testcase name="of node 18 should be 17" classname="com.github.traderjoe95.mls.protocol.tree.TreeMath" time="0.0"/>
  <testcase name="of node 19 should be 23" classname="com.github.traderjoe95.mls.protocol.tree.TreeMath" time="0.0"/>
  <testcase name="of node 20 should be 21" classname="com.github.traderjoe95.mls.protocol.tree.TreeMath" time="0.0"/>
  <testcase name="of node 21 should be 19" classname="com.github.traderjoe95.mls.protocol.tree.TreeMath" time="0.0"/>
  <testcase name="of node 22 should be 21" classname="com.github.traderjoe95.mls.protocol.tree.TreeMath" time="0.0"/>
  <testcase name="of node 23 should be 15" classname="com.github.traderjoe95.mls.protocol.tree.TreeMath" time="0.0"/>
  <testcase name="of node 24 should be 25" classname="com.github.traderjoe95.mls.protocol.tree.TreeMath" time="0.0"/>
  <testcase name="of node 25 should be 27" classname="com.github.traderjoe95.mls.protocol.tree.TreeMath" time="0.001"/>
  <testcase name="of node 26 should be 25" classname="com.github.traderjoe95.mls.protocol.tree.TreeMath" time="0.0"/>
  <testcase name="of node 27 should be 23" classname="com.github.traderjoe95.mls.protocol.tree.TreeMath" time="0.0"/>
  <testcase name="of node 28 should be 29" classname="com.github.traderjoe95.mls.protocol.tree.TreeMath" time="0.0"/>
  <testcase name="of node 29 should be 27" classname="com.github.traderjoe95.mls.protocol.tree.TreeMath" time="0.0"/>
  <testcase name="of node 30 should be 29" classname="com.github.traderjoe95.mls.protocol.tree.TreeMath" time="0.0"/>
  <testcase name="of node 31 should be 63" classname="com.github.traderjoe95.mls.protocol.tree.TreeMath" time="0.0"/>
  <testcase name="of node 32 should be 33" classname="com.github.traderjoe95.mls.protocol.tree.TreeMath" time="0.0"/>
  <testcase name="of node 33 should be 35" classname="com.github.traderjoe95.mls.protocol.tree.TreeMath" time="0.0"/>
  <testcase name="of node 34 should be 33" classname="com.github.traderjoe95.mls.protocol.tree.TreeMath" time="0.0"/>
  <testcase name="of node 35 should be 39" classname="com.github.traderjoe95.mls.protocol.tree.TreeMath" time="0.0"/>
  <testcase name="of node 36 should be 37" classname="com.github.traderjoe95.mls.protocol.tree.TreeMath" time="0.0"/>
  <testcase name="of node 37 should be 35" classname="com.github.traderjoe95.mls.protocol.tree.TreeMath" time="0.0"/>
  <testcase name="of node 38 should be 37" classname="com.github.traderjoe95.mls.protocol.tree.TreeMath" time="0.0"/>
  <testcase name="of node 39 should be 47" classname="com.github.traderjoe95.mls.protocol.tree.TreeMath" time="0.0"/>
  <testcase name="of node 40 should be 41" classname="com.github.traderjoe95.mls.protocol.tree.TreeMath" time="0.0"/>
  <testcase name="of node 41 should be 43" classname="com.github.traderjoe95.mls.protocol.tree.TreeMath" time="0.0"/>
  <testcase name="of node 42 should be 41" classname="com.github.traderjoe95.mls.protocol.tree.TreeMath" time="0.001"/>
  <testcase name="of node 43 should be 39" classname="com.github.traderjoe95.mls.protocol.tree.TreeMath" time="0.0"/>
  <testcase name="of node 44 should be 45" classname="com.github.traderjoe95.mls.protocol.tree.TreeMath" time="0.0"/>
  <testcase name="of node 45 should be 43" classname="com.github.traderjoe95.mls.protocol.tree.TreeMath" time="0.0"/>
  <testcase name="of node 46 should be 45" classname="com.github.traderjoe95.mls.protocol.tree.TreeMath" time="0.0"/>
  <testcase name="of node 47 should be 31" classname="com.github.traderjoe95.mls.protocol.tree.TreeMath" time="0.001"/>
  <testcase name="of node 48 should be 49" classname="com.github.traderjoe95.mls.protocol.tree.TreeMath" time="0.0"/>
  <testcase name="of node 49 should be 51" classname="com.github.traderjoe95.mls.protocol.tree.TreeMath" time="0.0"/>
  <testcase name="of node 50 should be 49" classname="com.github.traderjoe95.mls.protocol.tree.TreeMath" time="0.0"/>
  <testcase name="of node 51 should be 55" classname="com.github.traderjoe95.mls.protocol.tree.TreeMath" time="0.0"/>
  <testcase name="of node 52 should be 53" classname="com.github.traderjoe95.mls.protocol.tree.TreeMath" time="0.0"/>
  <testcase name="of node 53 should be 51" classname="com.github.traderjoe95.mls.protocol.tree.TreeMath" time="0.0"/>
  <testcase name="of node 54 should be 53" classname="com.github.traderjoe95.mls.protocol.tree.TreeMath" time="0.0"/>
  <testcase name="of node 55 should be 47" classname="com.github.traderjoe95.mls.protocol.tree.TreeMath" time="0.0"/>
  <testcase name="of node 56 should be 57" classname="com.github.traderjoe95.mls.protocol.tree.TreeMath" time="0.0"/>
  <testcase name="of node 57 should be 59" classname="com.github.traderjoe95.mls.protocol.tree.TreeMath" time="0.0"/>
  <testcase name="of node 58 should be 57" classname="com.github.traderjoe95.mls.protocol.tree.TreeMath" time="0.0"/>
  <testcase name="of node 59 should be 55" classname="com.github.traderjoe95.mls.protocol.tree.TreeMath" time="0.0"/>
  <testcase name="of node 60 should be 61" classname="com.github.traderjoe95.mls.protocol.tree.TreeMath" time="0.0"/>
  <testcase name="of node 61 should be 59" classname="com.github.traderjoe95.mls.protocol.tree.TreeMath" time="0.0"/>
  <testcase name="of node 62 should be 61" classname="com.github.traderjoe95.mls.protocol.tree.TreeMath" time="0.0"/>
  <testcase name="of node 63 should be 127" classname="com.github.traderjoe95.mls.protocol.tree.TreeMath" time="0.0"/>
  <testcase name="of node 64 should be 65" classname="com.github.traderjoe95.mls.protocol.tree.TreeMath" time="0.0"/>
  <testcase name="of node 65 should be 67" classname="com.github.traderjoe95.mls.protocol.tree.TreeMath" time="0.0"/>
  <testcase name="of node 66 should be 65" classname="com.github.traderjoe95.mls.protocol.tree.TreeMath" time="0.0"/>
  <testcase name="of node 67 should be 71" classname="com.github.traderjoe95.mls.protocol.tree.TreeMath" time="0.0"/>
  <testcase name="of node 68 should be 69" classname="com.github.traderjoe95.mls.protocol.tree.TreeMath" time="0.0"/>
  <testcase name="of node 69 should be 67" classname="com.github.traderjoe95.mls.protocol.tree.TreeMath" time="0.0"/>
  <testcase name="of node 70 should be 69" classname="com.github.traderjoe95.mls.protocol.tree.TreeMath" time="0.0"/>
  <testcase name="of node 71 should be 79" classname="com.github.traderjoe95.mls.protocol.tree.TreeMath" time="0.0"/>
  <testcase name="of node 72 should be 73" classname="com.github.traderjoe95.mls.protocol.tree.TreeMath" time="0.0"/>
  <testcase name="of node 73 should be 75" classname="com.github.traderjoe95.mls.protocol.tree.TreeMath" time="0.0"/>
  <testcase name="of node 74 should be 73" classname="com.github.traderjoe95.mls.protocol.tree.TreeMath" time="0.0"/>
  <testcase name="of node 75 should be 71" classname="com.github.traderjoe95.mls.protocol.tree.TreeMath" time="0.0"/>
  <testcase name="of node 76 should be 77" classname="com.github.traderjoe95.mls.protocol.tree.TreeMath" time="0.0"/>
  <testcase name="of node 77 should be 75" classname="com.github.traderjoe95.mls.protocol.tree.TreeMath" time="0.0"/>
  <testcase name="of node 78 should be 77" classname="com.github.traderjoe95.mls.protocol.tree.TreeMath" time="0.0"/>
  <testcase name="of node 79 should be 95" classname="com.github.traderjoe95.mls.protocol.tree.TreeMath" time="0.0"/>
  <testcase name="of node 80 should be 81" classname="com.github.traderjoe95.mls.protocol.tree.TreeMath" time="0.0"/>
  <testcase name="of node 81 should be 83" classname="com.github.traderjoe95.mls.protocol.tree.TreeMath" time="0.0"/>
  <testcase name="of node 82 should be 81" classname="com.github.traderjoe95.mls.protocol.tree.TreeMath" time="0.0"/>
  <testcase name="of node 83 should be 87" classname="com.github.traderjoe95.mls.protocol.tree.TreeMath" time="0.0"/>
  <testcase name="of node 84 should be 85" classname="com.github.traderjoe95.mls.protocol.tree.TreeMath" time="0.001"/>
  <testcase name="of node 85 should be 83" classname="com.github.traderjoe95.mls.protocol.tree.TreeMath" time="0.0"/>
  <testcase name="of node 86 should be 85" classname="com.github.traderjoe95.mls.protocol.tree.TreeMath" time="0.0"/>
  <testcase name="of node 87 should be 79" classname="com.github.traderjoe95.mls.protocol.tree.TreeMath" time="0.0"/>
  <testcase name="of node 88 should be 89" classname="com.github.traderjoe95.mls.protocol.tree.TreeMath" time="0.0"/>
  <testcase name="of node 89 should be 91" classname="com.github.traderjoe95.mls.protocol.tree.TreeMath" time="0.0"/>
  <testcase name="of node 90 should be 89" classname="com.github.traderjoe95.mls.protocol.tree.TreeMath" time="0.0"/>
  <testcase name="of node 91 should be 87" classname="com.github.traderjoe95.mls.protocol.tree.TreeMath" time="0.0"/>
  <testcase name="of node 92 should be 93" classname="com.github.traderjoe95.mls.protocol.tree.TreeMath" time="0.0"/>
  <testcase name="of node 93 should be 91" classname="com.github.traderjoe95.mls.protocol.tree.TreeMath" time="0.0"/>
  <testcase name="of node 94 should be 93" classname="com.github.traderjoe95.mls.protocol.tree.TreeMath" time="0.0"/>
  <testcase name="of node 95 should be 63" classname="com.github.traderjoe95.mls.protocol.tree.TreeMath" time="0.0"/>
  <testcase name="of node 96 should be 97" classname="com.github.traderjoe95.mls.protocol.tree.TreeMath" time="0.0"/>
  <testcase name="of node 97 should be 99" classname="com.github.traderjoe95.mls.protocol.tree.TreeMath" time="0.0"/>
  <testcase name="of node 98 should be 97" classname="com.github.traderjoe95.mls.protocol.tree.TreeMath" time="0.001"/>
  <testcase name="of node 99 should be 103" classname="com.github.traderjoe95.mls.protocol.tree.TreeMath" time="0.0"/>
  <testcase name="of node 100 should be 101" classname="com.github.traderjoe95.mls.protocol.tree.TreeMath" time="0.0"/>
  <testcase name="of node 101 should be 99" classname="com.github.traderjoe95.mls.protocol.tree.TreeMath" time="0.0"/>
  <testcase name="of node 102 should be 101" classname="com.github.traderjoe95.mls.protocol.tree.TreeMath" time="0.0"/>
  <testcase name="of node 103 should be 111" classname="com.github.traderjoe95.mls.protocol.tree.TreeMath" time="0.0"/>
  <testcase name="of node 104 should be 105" classname="com.github.traderjoe95.mls.protocol.tree.TreeMath" time="0.0"/>
  <testcase name="of node 105 should be 107" classname="com.github.traderjoe95.mls.protocol.tree.TreeMath" time="0.0"/>
  <testcase name="of node 106 should be 105" classname="com.github.traderjoe95.mls.protocol.tree.TreeMath" time="0.0"/>
  <testcase name="of node 107 should be 103" classname="com.github.traderjoe95.mls.protocol.tree.TreeMath" time="0.0"/>
  <testcase name="of node 108 should be 109" classname="com.github.traderjoe95.mls.protocol.tree.TreeMath" time="0.0"/>
  <testcase name="of node 109 should be 107" classname="com.github.traderjoe95.mls.protocol.tree.TreeMath" time="0.0"/>
  <testcase name="of node 110 should be 109" classname="com.github.traderjoe95.mls.protocol.tree.TreeMath" time="0.0"/>
  <testcase name="of node 111 should be 95" classname="com.github.traderjoe95.mls.protocol.tree.TreeMath" time="0.0"/>
  <testcase name="of node 112 should be 113" classname="com.github.traderjoe95.mls.protocol.tree.TreeMath" time="0.0"/>
  <testcase name="of node 113 should be 115" classname="com.github.traderjoe95.mls.protocol.tree.TreeMath" time="0.0"/>
  <testcase name="of node 114 should be 113" classname="com.github.traderjoe95.mls.protocol.tree.TreeMath" time="0.0"/>
  <testcase name="of node 115 should be 119" classname="com.github.traderjoe95.mls.protocol.tree.TreeMath" time="0.001"/>
  <testcase name="of node 116 should be 117" classname="com.github.traderjoe95.mls.protocol.tree.TreeMath" time="0.0"/>
  <testcase name="of node 117 should be 115" classname="com.github.traderjoe95.mls.protocol.tree.TreeMath" time="0.0"/>
  <testcase name="of node 118 should be 117" classname="com.github.traderjoe95.mls.protocol.tree.TreeMath" time="0.0"/>
  <testcase name="of node 119 should be 111" classname="com.github.traderjoe95.mls.protocol.tree.TreeMath" time="0.0"/>
  <testcase name="of node 120 should be 121" classname="com.github.traderjoe95.mls.protocol.tree.TreeMath" time="0.0"/>
  <testcase name="of node 121 should be 123" classname="com.github.traderjoe95.mls.protocol.tree.TreeMath" time="0.0"/>
  <testcase name="of node 122 should be 121" classname="com.github.traderjoe95.mls.protocol.tree.TreeMath" time="0.0"/>
  <testcase name="of node 123 should be 119" classname="com.github.traderjoe95.mls.protocol.tree.TreeMath" time="0.0"/>
  <testcase name="of node 124 should be 125" classname="com.github.traderjoe95.mls.protocol.tree.TreeMath" time="0.0"/>
  <testcase name="of node 125 should be 123" classname="com.github.traderjoe95.mls.protocol.tree.TreeMath" time="0.0"/>
  <testcase name="of node 126 should be 125" classname="com.github.traderjoe95.mls.protocol.tree.TreeMath" time="0.0"/>
  <testcase name="of node 127 should be 255" classname="com.github.traderjoe95.mls.protocol.tree.TreeMath" time="0.0"/>
  <testcase name="of node 128 should be 129" classname="com.github.traderjoe95.mls.protocol.tree.TreeMath" time="0.0"/>
  <testcase name="of node 129 should be 131" classname="com.github.traderjoe95.mls.protocol.tree.TreeMath" time="0.0"/>
  <testcase name="of node 130 should be 129" classname="com.github.traderjoe95.mls.protocol.tree.TreeMath" time="0.0"/>
  <testcase name="of node 131 should be 135" classname="com.github.traderjoe95.mls.protocol.tree.TreeMath" time="0.0"/>
  <testcase name="of node 132 should be 133" classname="com.github.traderjoe95.mls.protocol.tree.TreeMath" time="0.0"/>
  <testcase name="of node 133 should be 131" classname="com.github.traderjoe95.mls.protocol.tree.TreeMath" time="0.0"/>
  <testcase name="of node 134 should be 133" classname="com.github.traderjoe95.mls.protocol.tree.TreeMath" time="0.0"/>
  <testcase name="of node 135 should be 143" classname="com.github.traderjoe95.mls.protocol.tree.TreeMath" time="0.0"/>
  <testcase name="of node 136 should be 137" classname="com.github.traderjoe95.mls.protocol.tree.TreeMath" time="0.0"/>
  <testcase name="of node 137 should be 139" classname="com.github.traderjoe95.mls.protocol.tree.TreeMath" time="0.0"/>
  <testcase name="of node 138 should be 137" classname="com.github.traderjoe95.mls.protocol.tree.TreeMath" time="0.0"/>
  <testcase name="of node 139 should be 135" classname="com.github.traderjoe95.mls.protocol.tree.TreeMath" time="0.0"/>
  <testcase name="of node 140 should be 141" classname="com.github.traderjoe95.mls.protocol.tree.TreeMath" time="0.0"/>
  <testcase name="of node 141 should be 139" classname="com.github.traderjoe95.mls.protocol.tree.TreeMath" time="0.0"/>
  <testcase name="of node 142 should be 141" classname="com.github.traderjoe95.mls.protocol.tree.TreeMath" time="0.0"/>
  <testcase name="of node 143 should be 159" classname="com.github.traderjoe95.mls.protocol.tree.TreeMath" time="0.0"/>
  <testcase name="of node 144 should be 145" classname="com.github.traderjoe95.mls.protocol.tree.TreeMath" time="0.0"/>
  <testcase name="of node 145 should be 147" classname="com.github.traderjoe95.mls.protocol.tree.TreeMath" time="0.0"/>
  <testcase name="of node 146 should be 145" classname="com.github.traderjoe95.mls.protocol.tree.TreeMath" time="0.0"/>
  <testcase name="of node 147 should be 151" classname="com.github.traderjoe95.mls.protocol.tree.TreeMath" time="0.0"/>
  <testcase name="of node 148 should be 149" classname="com.github.traderjoe95.mls.protocol.tree.TreeMath" time="0.0"/>
  <testcase name="of node 149 should be 147" classname="com.github.traderjoe95.mls.protocol.tree.TreeMath" time="0.0"/>
  <testcase name="of node 150 should be 149" classname="com.github.traderjoe95.mls.protocol.tree.TreeMath" time="0.0"/>
  <testcase name="of node 151 should be 143" classname="com.github.traderjoe95.mls.protocol.tree.TreeMath" time="0.0"/>
  <testcase name="of node 152 should be 153" classname="com.github.traderjoe95.mls.protocol.tree.TreeMath" time="0.0"/>
  <testcase name="of node 153 should be 155" classname="com.github.traderjoe95.mls.protocol.tree.TreeMath" time="0.0"/>
  <testcase name="of node 154 should be 153" classname="com.github.traderjoe95.mls.protocol.tree.TreeMath" time="0.0"/>
  <testcase name="of node 155 should be 151" classname="com.github.traderjoe95.mls.protocol.tree.TreeMath" time="0.0"/>
  <testcase name="of node 156 should be 157" classname="com.github.traderjoe95.mls.protocol.tree.TreeMath" time="0.001"/>
  <testcase name="of node 157 should be 155" classname="com.github.traderjoe95.mls.protocol.tree.TreeMath" time="0.0"/>
  <testcase name="of node 158 should be 157" classname="com.github.traderjoe95.mls.protocol.tree.TreeMath" time="0.0"/>
  <testcase name="of node 159 should be 191" classname="com.github.traderjoe95.mls.protocol.tree.TreeMath" time="0.0"/>
  <testcase name="of node 160 should be 161" classname="com.github.traderjoe95.mls.protocol.tree.TreeMath" time="0.0"/>
  <testcase name="of node 161 should be 163" classname="com.github.traderjoe95.mls.protocol.tree.TreeMath" time="0.0"/>
  <testcase name="of node 162 should be 161" classname="com.github.traderjoe95.mls.protocol.tree.TreeMath" time="0.0"/>
  <testcase name="of node 163 should be 167" classname="com.github.traderjoe95.mls.protocol.tree.TreeMath" time="0.0"/>
  <testcase name="of node 164 should be 165" classname="com.github.traderjoe95.mls.protocol.tree.TreeMath" time="0.0"/>
  <testcase name="of node 165 should be 163" classname="com.github.traderjoe95.mls.protocol.tree.TreeMath" time="0.0"/>
  <testcase name="of node 166 should be 165" classname="com.github.traderjoe95.mls.protocol.tree.TreeMath" time="0.0"/>
  <testcase name="of node 167 should be 175" classname="com.github.traderjoe95.mls.protocol.tree.TreeMath" time="0.0"/>
  <testcase name="of node 168 should be 169" classname="com.github.traderjoe95.mls.protocol.tree.TreeMath" time="0.0"/>
  <testcase name="of node 169 should be 171" classname="com.github.traderjoe95.mls.protocol.tree.TreeMath" time="0.0"/>
  <testcase name="of node 170 should be 169" classname="com.github.traderjoe95.mls.protocol.tree.TreeMath" time="0.0"/>
  <testcase name="of node 171 should be 167" classname="com.github.traderjoe95.mls.protocol.tree.TreeMath" time="0.001"/>
  <testcase name="of node 172 should be 173" classname="com.github.traderjoe95.mls.protocol.tree.TreeMath" time="0.0"/>
  <testcase name="of node 173 should be 171" classname="com.github.traderjoe95.mls.protocol.tree.TreeMath" time="0.001"/>
  <testcase name="of node 174 should be 173" classname="com.github.traderjoe95.mls.protocol.tree.TreeMath" time="0.0"/>
  <testcase name="of node 175 should be 159" classname="com.github.traderjoe95.mls.protocol.tree.TreeMath" time="0.0"/>
  <testcase name="of node 176 should be 177" classname="com.github.traderjoe95.mls.protocol.tree.TreeMath" time="0.0"/>
  <testcase name="of node 177 should be 179" classname="com.github.traderjoe95.mls.protocol.tree.TreeMath" time="0.0"/>
  <testcase name="of node 178 should be 177" classname="com.github.traderjoe95.mls.protocol.tree.TreeMath" time="0.0"/>
  <testcase name="of node 179 should be 183" classname="com.github.traderjoe95.mls.protocol.tree.TreeMath" time="0.0"/>
  <testcase name="of node 180 should be 181" classname="com.github.traderjoe95.mls.protocol.tree.TreeMath" time="0.0"/>
  <testcase name="of node 181 should be 179" classname="com.github.traderjoe95.mls.protocol.tree.TreeMath" time="0.0"/>
  <testcase name="of node 182 should be 181" classname="com.github.traderjoe95.mls.protocol.tree.TreeMath" time="0.0"/>
  <testcase name="of node 183 should be 175" classname="com.github.traderjoe95.mls.protocol.tree.TreeMath" time="0.0"/>
  <testcase name="of node 184 should be 185" classname="com.github.traderjoe95.mls.protocol.tree.TreeMath" time="0.0"/>
  <testcase name="of node 185 should be 187" classname="com.github.traderjoe95.mls.protocol.tree.TreeMath" time="0.0"/>
  <testcase name="of node 186 should be 185" classname="com.github.traderjoe95.mls.protocol.tree.TreeMath" time="0.001"/>
  <testcase name="of node 187 should be 183" classname="com.github.traderjoe95.mls.protocol.tree.TreeMath" time="0.0"/>
  <testcase name="of node 188 should be 189" classname="com.github.traderjoe95.mls.protocol.tree.TreeMath" time="0.0"/>
  <testcase name="of node 189 should be 187" classname="com.github.traderjoe95.mls.protocol.tree.TreeMath" time="0.0"/>
  <testcase name="of node 190 should be 189" classname="com.github.traderjoe95.mls.protocol.tree.TreeMath" time="0.0"/>
  <testcase name="of node 191 should be 127" classname="com.github.traderjoe95.mls.protocol.tree.TreeMath" time="0.0"/>
  <testcase name="of node 192 should be 193" classname="com.github.traderjoe95.mls.protocol.tree.TreeMath" time="0.001"/>
  <testcase name="of node 193 should be 195" classname="com.github.traderjoe95.mls.protocol.tree.TreeMath" time="0.0"/>
  <testcase name="of node 194 should be 193" classname="com.github.traderjoe95.mls.protocol.tree.TreeMath" time="0.001"/>
  <testcase name="of node 195 should be 199" classname="com.github.traderjoe95.mls.protocol.tree.TreeMath" time="0.0"/>
  <testcase name="of node 196 should be 197" classname="com.github.traderjoe95.mls.protocol.tree.TreeMath" time="0.0"/>
  <testcase name="of node 197 should be 195" classname="com.github.traderjoe95.mls.protocol.tree.TreeMath" time="0.0"/>
  <testcase name="of node 198 should be 197" classname="com.github.traderjoe95.mls.protocol.tree.TreeMath" time="0.0"/>
  <testcase name="of node 199 should be 207" classname="com.github.traderjoe95.mls.protocol.tree.TreeMath" time="0.0"/>
  <testcase name="of node 200 should be 201" classname="com.github.traderjoe95.mls.protocol.tree.TreeMath" time="0.0"/>
  <testcase name="of node 201 should be 203" classname="com.github.traderjoe95.mls.protocol.tree.TreeMath" time="0.0"/>
  <testcase name="of node 202 should be 201" classname="com.github.traderjoe95.mls.protocol.tree.TreeMath" time="0.0"/>
  <testcase name="of node 203 should be 199" classname="com.github.traderjoe95.mls.protocol.tree.TreeMath" time="0.0"/>
  <testcase name="of node 204 should be 205" classname="com.github.traderjoe95.mls.protocol.tree.TreeMath" time="0.0"/>
  <testcase name="of node 205 should be 203" classname="com.github.traderjoe95.mls.protocol.tree.TreeMath" time="0.0"/>
  <testcase name="of node 206 should be 205" classname="com.github.traderjoe95.mls.protocol.tree.TreeMath" time="0.0"/>
  <testcase name="of node 207 should be 223" classname="com.github.traderjoe95.mls.protocol.tree.TreeMath" time="0.0"/>
  <testcase name="of node 208 should be 209" classname="com.github.traderjoe95.mls.protocol.tree.TreeMath" time="0.001"/>
  <testcase name="of node 209 should be 211" classname="com.github.traderjoe95.mls.protocol.tree.TreeMath" time="0.0"/>
  <testcase name="of node 210 should be 209" classname="com.github.traderjoe95.mls.protocol.tree.TreeMath" time="0.0"/>
  <testcase name="of node 211 should be 215" classname="com.github.traderjoe95.mls.protocol.tree.TreeMath" time="0.0"/>
  <testcase name="of node 212 should be 213" classname="com.github.traderjoe95.mls.protocol.tree.TreeMath" time="0.0"/>
  <testcase name="of node 213 should be 211" classname="com.github.traderjoe95.mls.protocol.tree.TreeMath" time="0.0"/>
  <testcase name="of node 214 should be 213" classname="com.github.traderjoe95.mls.protocol.tree.TreeMath" time="0.0"/>
  <testcase name="of node 215 should be 207" classname="com.github.traderjoe95.mls.protocol.tree.TreeMath" time="0.0"/>
  <testcase name="of node 216 should be 217" classname="com.github.traderjoe95.mls.protocol.tree.TreeMath" time="0.0"/>
  <testcase name="of node 217 should be 219" classname="com.github.traderjoe95.mls.protocol.tree.TreeMath" time="0.0"/>
  <testcase name="of node 218 should be 217" classname="com.github.traderjoe95.mls.protocol.tree.TreeMath" time="0.0"/>
  <testcase name="of node 219 should be 215" classname="com.github.traderjoe95.mls.protocol.tree.TreeMath" time="0.0"/>
  <testcase name="of node 220 should be 221" classname="com.github.traderjoe95.mls.protocol.tree.TreeMath" time="0.0"/>
  <testcase name="of node 221 should be 219" classname="com.github.traderjoe95.mls.protocol.tree.TreeMath" time="0.0"/>
  <testcase name="of node 222 should be 221" classname="com.github.traderjoe95.mls.protocol.tree.TreeMath" time="0.0"/>
  <testcase name="of node 223 should be 191" classname="com.github.traderjoe95.mls.protocol.tree.TreeMath" time="0.0"/>
  <testcase name="of node 224 should be 225" classname="com.github.traderjoe95.mls.protocol.tree.TreeMath" time="0.0"/>
  <testcase name="of node 225 should be 227" classname="com.github.traderjoe95.mls.protocol.tree.TreeMath" time="0.0"/>
  <testcase name="of node 226 should be 225" classname="com.github.traderjoe95.mls.protocol.tree.TreeMath" time="0.0"/>
  <testcase name="of node 227 should be 231" classname="com.github.traderjoe95.mls.protocol.tree.TreeMath" time="0.0"/>
  <testcase name="of node 228 should be 229" classname="com.github.traderjoe95.mls.protocol.tree.TreeMath" time="0.0"/>
  <testcase name="of node 229 should be 227" classname="com.github.traderjoe95.mls.protocol.tree.TreeMath" time="0.001"/>
  <testcase name="of node 230 should be 229" classname="com.github.traderjoe95.mls.protocol.tree.TreeMath" time="0.0"/>
  <testcase name="of node 231 should be 239" classname="com.github.traderjoe95.mls.protocol.tree.TreeMath" time="0.0"/>
  <testcase name="of node 232 should be 233" classname="com.github.traderjoe95.mls.protocol.tree.TreeMath" time="0.0"/>
  <testcase name="of node 233 should be 235" classname="com.github.traderjoe95.mls.protocol.tree.TreeMath" time="0.0"/>
  <testcase name="of node 234 should be 233" classname="com.github.traderjoe95.mls.protocol.tree.TreeMath" time="0.0"/>
  <testcase name="of node 235 should be 231" classname="com.github.traderjoe95.mls.protocol.tree.TreeMath" time="0.0"/>
  <testcase name="of node 236 should be 237" classname="com.github.traderjoe95.mls.protocol.tree.TreeMath" time="0.0"/>
  <testcase name="of node 237 should be 235" classname="com.github.traderjoe95.mls.protocol.tree.TreeMath" time="0.0"/>
  <testcase name="of node 238 should be 237" classname="com.github.traderjoe95.mls.protocol.tree.TreeMath" time="0.0"/>
  <testcase name="of node 239 should be 223" classname="com.github.traderjoe95.mls.protocol.tree.TreeMath" time="0.0"/>
  <testcase name="of node 240 should be 241" classname="com.github.traderjoe95.mls.protocol.tree.TreeMath" time="0.0"/>
  <testcase name="of node 241 should be 243" classname="com.github.traderjoe95.mls.protocol.tree.TreeMath" time="0.0"/>
  <testcase name="of node 242 should be 241" classname="com.github.traderjoe95.mls.protocol.tree.TreeMath" time="0.0"/>
  <testcase name="of node 243 should be 247" classname="com.github.traderjoe95.mls.protocol.tree.TreeMath" time="0.0"/>
  <testcase name="of node 244 should be 245" classname="com.github.traderjoe95.mls.protocol.tree.TreeMath" time="0.0"/>
  <testcase name="of node 245 should be 243" classname="com.github.traderjoe95.mls.protocol.tree.TreeMath" time="0.0"/>
  <testcase name="of node 246 should be 245" classname="com.github.traderjoe95.mls.protocol.tree.TreeMath" time="0.0"/>
  <testcase name="of node 247 should be 239" classname="com.github.traderjoe95.mls.protocol.tree.TreeMath" time="0.0"/>
  <testcase name="of node 248 should be 249" classname="com.github.traderjoe95.mls.protocol.tree.TreeMath" time="0.0"/>
  <testcase name="of node 249 should be 251" classname="com.github.traderjoe95.mls.protocol.tree.TreeMath" time="0.0"/>
  <testcase name="of node 250 should be 249" classname="com.github.traderjoe95.mls.protocol.tree.TreeMath" time="0.0"/>
  <testcase name="of node 251 should be 247" classname="com.github.traderjoe95.mls.protocol.tree.TreeMath" time="0.0"/>
  <testcase name="of node 252 should be 253" classname="com.github.traderjoe95.mls.protocol.tree.TreeMath" time="0.0"/>
  <testcase name="of node 253 should be 251" classname="com.github.traderjoe95.mls.protocol.tree.TreeMath" time="0.0"/>
  <testcase name="of node 254 should be 253" classname="com.github.traderjoe95.mls.protocol.tree.TreeMath" time="0.0"/>
  <testcase name="of node 0 should be 2" classname="com.github.traderjoe95.mls.protocol.tree.TreeMath" time="0.0"/>
  <testcase name="of node 1 should be 5" classname="com.github.traderjoe95.mls.protocol.tree.TreeMath" time="0.0"/>
  <testcase name="of node 2 should be 0" classname="com.github.traderjoe95.mls.protocol.tree.TreeMath" time="0.0"/>
  <testcase name="of node 3 should be 11" classname="com.github.traderjoe95.mls.protocol.tree.TreeMath" time="0.001"/>
  <testcase name="of node 4 should be 6" classname="com.github.traderjoe95.mls.protocol.tree.TreeMath" time="0.0"/>
  <testcase name="of node 5 should be 1" classname="com.github.traderjoe95.mls.protocol.tree.TreeMath" time="0.0"/>
  <testcase name="of node 6 should be 4" classname="com.github.traderjoe95.mls.protocol.tree.TreeMath" time="0.0"/>
  <testcase name="of node 7 should be 23" classname="com.github.traderjoe95.mls.protocol.tree.TreeMath" time="0.0"/>
  <testcase name="of node 8 should be 10" classname="com.github.traderjoe95.mls.protocol.tree.TreeMath" time="0.0"/>
  <testcase name="of node 9 should be 13" classname="com.github.traderjoe95.mls.protocol.tree.TreeMath" time="0.0"/>
  <testcase name="of node 10 should be 8" classname="com.github.traderjoe95.mls.protocol.tree.TreeMath" time="0.0"/>
  <testcase name="of node 11 should be 3" classname="com.github.traderjoe95.mls.protocol.tree.TreeMath" time="0.0"/>
  <testcase name="of node 12 should be 14" classname="com.github.traderjoe95.mls.protocol.tree.TreeMath" time="0.0"/>
  <testcase name="of node 13 should be 9" classname="com.github.traderjoe95.mls.protocol.tree.TreeMath" time="0.0"/>
  <testcase name="of node 14 should be 12" classname="com.github.traderjoe95.mls.protocol.tree.TreeMath" time="0.0"/>
  <testcase name="of node 15 should be 47" classname="com.github.traderjoe95.mls.protocol.tree.TreeMath" time="0.0"/>
  <testcase name="of node 16 should be 18" classname="com.github.traderjoe95.mls.protocol.tree.TreeMath" time="0.0"/>
  <testcase name="of node 17 should be 21" classname="com.github.traderjoe95.mls.protocol.tree.TreeMath" time="0.0"/>
  <testcase name="of node 18 should be 16" classname="com.github.traderjoe95.mls.protocol.tree.TreeMath" time="0.0"/>
  <testcase name="of node 19 should be 27" classname="com.github.traderjoe95.mls.protocol.tree.TreeMath" time="0.0"/>
  <testcase name="of node 20 should be 22" classname="com.github.traderjoe95.mls.protocol.tree.TreeMath" time="0.0"/>
  <testcase name="of node 21 should be 17" classname="com.github.traderjoe95.mls.protocol.tree.TreeMath" time="0.0"/>
  <testcase name="of node 22 should be 20" classname="com.github.traderjoe95.mls.protocol.tree.TreeMath" time="0.0"/>
  <testcase name="of node 23 should be 7" classname="com.github.traderjoe95.mls.protocol.tree.TreeMath" time="0.0"/>
  <testcase name="of node 24 should be 26" classname="com.github.traderjoe95.mls.protocol.tree.TreeMath" time="0.0"/>
  <testcase name="of node 25 should be 29" classname="com.github.traderjoe95.mls.protocol.tree.TreeMath" time="0.0"/>
  <testcase name="of node 26 should be 24" classname="com.github.traderjoe95.mls.protocol.tree.TreeMath" time="0.0"/>
  <testcase name="of node 27 should be 19" classname="com.github.traderjoe95.mls.protocol.tree.TreeMath" time="0.0"/>
  <testcase name="of node 28 should be 30" classname="com.github.traderjoe95.mls.protocol.tree.TreeMath" time="0.0"/>
  <testcase name="of node 29 should be 25" classname="com.github.traderjoe95.mls.protocol.tree.TreeMath" time="0.0"/>
  <testcase name="of node 30 should be 28" classname="com.github.traderjoe95.mls.protocol.tree.TreeMath" time="0.0"/>
  <testcase name="of node 31 should be 95" classname="com.github.traderjoe95.mls.protocol.tree.TreeMath" time="0.0"/>
  <testcase name="of node 32 should be 34" classname="com.github.traderjoe95.mls.protocol.tree.TreeMath" time="0.0"/>
  <testcase name="of node 33 should be 37" classname="com.github.traderjoe95.mls.protocol.tree.TreeMath" time="0.0"/>
  <testcase name="of node 34 should be 32" classname="com.github.traderjoe95.mls.protocol.tree.TreeMath" time="0.0"/>
  <testcase name="of node 35 should be 43" classname="com.github.traderjoe95.mls.protocol.tree.TreeMath" time="0.0"/>
  <testcase name="of node 36 should be 38" classname="com.github.traderjoe95.mls.protocol.tree.TreeMath" time="0.0"/>
  <testcase name="of node 37 should be 33" classname="com.github.traderjoe95.mls.protocol.tree.TreeMath" time="0.0"/>
  <testcase name="of node 38 should be 36" classname="com.github.traderjoe95.mls.protocol.tree.TreeMath" time="0.0"/>
  <testcase name="of node 39 should be 55" classname="com.github.traderjoe95.mls.protocol.tree.TreeMath" time="0.0"/>
  <testcase name="of node 40 should be 42" classname="com.github.traderjoe95.mls.protocol.tree.TreeMath" time="0.0"/>
  <testcase name="of node 41 should be 45" classname="com.github.traderjoe95.mls.protocol.tree.TreeMath" time="0.0"/>
  <testcase name="of node 42 should be 40" classname="com.github.traderjoe95.mls.protocol.tree.TreeMath" time="0.0"/>
  <testcase name="of node 43 should be 35" classname="com.github.traderjoe95.mls.protocol.tree.TreeMath" time="0.0"/>
  <testcase name="of node 44 should be 46" classname="com.github.traderjoe95.mls.protocol.tree.TreeMath" time="0.0"/>
  <testcase name="of node 45 should be 41" classname="com.github.traderjoe95.mls.protocol.tree.TreeMath" time="0.0"/>
  <testcase name="of node 46 should be 44" classname="com.github.traderjoe95.mls.protocol.tree.TreeMath" time="0.0"/>
  <testcase name="of node 47 should be 15" classname="com.github.traderjoe95.mls.protocol.tree.TreeMath" time="0.0"/>
  <testcase name="of node 48 should be 50" classname="com.github.traderjoe95.mls.protocol.tree.TreeMath" time="0.0"/>
  <testcase name="of node 49 should be 53" classname="com.github.traderjoe95.mls.protocol.tree.TreeMath" time="0.0"/>
  <testcase name="of node 50 should be 48" classname="com.github.traderjoe95.mls.protocol.tree.TreeMath" time="0.0"/>
  <testcase name="of node 51 should be 59" classname="com.github.traderjoe95.mls.protocol.tree.TreeMath" time="0.0"/>
  <testcase name="of node 52 should be 54" classname="com.github.traderjoe95.mls.protocol.tree.TreeMath" time="0.0"/>
  <testcase name="of node 53 should be 49" classname="com.github.traderjoe95.mls.protocol.tree.TreeMath" time="0.0"/>
  <testcase name="of node 54 should be 52" classname="com.github.traderjoe95.mls.protocol.tree.TreeMath" time="0.0"/>
  <testcase name="of node 55 should be 39" classname="com.github.traderjoe95.mls.protocol.tree.TreeMath" time="0.0"/>
  <testcase name="of node 56 should be 58" classname="com.github.traderjoe95.mls.protocol.tree.TreeMath" time="0.0"/>
  <testcase name="of node 57 should be 61" classname="com.github.traderjoe95.mls.protocol.tree.TreeMath" time="0.0"/>
  <testcase name="of node 58 should be 56" classname="com.github.traderjoe95.mls.protocol.tree.TreeMath" time="0.0"/>
  <testcase name="of node 59 should be 51" classname="com.github.traderjoe95.mls.protocol.tree.TreeMath" time="0.001"/>
  <testcase name="of node 60 should be 62" classname="com.github.traderjoe95.mls.protocol.tree.TreeMath" time="0.0"/>
  <testcase name="of node 61 should be 57" classname="com.github.traderjoe95.mls.protocol.tree.TreeMath" time="0.0"/>
  <testcase name="of node 62 should be 60" classname="com.github.traderjoe95.mls.protocol.tree.TreeMath" time="0.0"/>
  <testcase name="of node 63 should be 191" classname="com.github.traderjoe95.mls.protocol.tree.TreeMath" time="0.0"/>
  <testcase name="of node 64 should be 66" classname="com.github.traderjoe95.mls.protocol.tree.TreeMath" time="0.0"/>
  <testcase name="of node 65 should be 69" classname="com.github.traderjoe95.mls.protocol.tree.TreeMath" time="0.0"/>
  <testcase name="of node 66 should be 64" classname="com.github.traderjoe95.mls.protocol.tree.TreeMath" time="0.0"/>
  <testcase name="of node 67 should be 75" classname="com.github.traderjoe95.mls.protocol.tree.TreeMath" time="0.0"/>
  <testcase name="of node 68 should be 70" classname="com.github.traderjoe95.mls.protocol.tree.TreeMath" time="0.0"/>
  <testcase name="of node 69 should be 65" classname="com.github.traderjoe95.mls.protocol.tree.TreeMath" time="0.0"/>
  <testcase name="of node 70 should be 68" classname="com.github.traderjoe95.mls.protocol.tree.TreeMath" time="0.0"/>
  <testcase name="of node 71 should be 87" classname="com.github.traderjoe95.mls.protocol.tree.TreeMath" time="0.0"/>
  <testcase name="of node 72 should be 74" classname="com.github.traderjoe95.mls.protocol.tree.TreeMath" time="0.0"/>
  <testcase name="of node 73 should be 77" classname="com.github.traderjoe95.mls.protocol.tree.TreeMath" time="0.0"/>
  <testcase name="of node 74 should be 72" classname="com.github.traderjoe95.mls.protocol.tree.TreeMath" time="0.0"/>
  <testcase name="of node 75 should be 67" classname="com.github.traderjoe95.mls.protocol.tree.TreeMath" time="0.0"/>
  <testcase name="of node 76 should be 78" classname="com.github.traderjoe95.mls.protocol.tree.TreeMath" time="0.0"/>
  <testcase name="of node 77 should be 73" classname="com.github.traderjoe95.mls.protocol.tree.TreeMath" time="0.0"/>
  <testcase name="of node 78 should be 76" classname="com.github.traderjoe95.mls.protocol.tree.TreeMath" time="0.0"/>
  <testcase name="of node 79 should be 111" classname="com.github.traderjoe95.mls.protocol.tree.TreeMath" time="0.0"/>
  <testcase name="of node 80 should be 82" classname="com.github.traderjoe95.mls.protocol.tree.TreeMath" time="0.0"/>
  <testcase name="of node 81 should be 85" classname="com.github.traderjoe95.mls.protocol.tree.TreeMath" time="0.0"/>
  <testcase name="of node 82 should be 80" classname="com.github.traderjoe95.mls.protocol.tree.TreeMath" time="0.0"/>
  <testcase name="of node 83 should be 91" classname="com.github.traderjoe95.mls.protocol.tree.TreeMath" time="0.0"/>
  <testcase name="of node 84 should be 86" classname="com.github.traderjoe95.mls.protocol.tree.TreeMath" time="0.0"/>
  <testcase name="of node 85 should be 81" classname="com.github.traderjoe95.mls.protocol.tree.TreeMath" time="0.0"/>
  <testcase name="of node 86 should be 84" classname="com.github.traderjoe95.mls.protocol.tree.TreeMath" time="0.0"/>
  <testcase name="of node 87 should be 71" classname="com.github.traderjoe95.mls.protocol.tree.TreeMath" time="0.0"/>
  <testcase name="of node 88 should be 90" classname="com.github.traderjoe95.mls.protocol.tree.TreeMath" time="0.0"/>
  <testcase name="of node 89 should be 93" classname="com.github.traderjoe95.mls.protocol.tree.TreeMath" time="0.0"/>
  <testcase name="of node 90 should be 88" classname="com.github.traderjoe95.mls.protocol.tree.TreeMath" time="0.0"/>
  <testcase name="of node 91 should be 83" classname="com.github.traderjoe95.mls.protocol.tree.TreeMath" time="0.0"/>
  <testcase name="of node 92 should be 94" classname="com.github.traderjoe95.mls.protocol.tree.TreeMath" time="0.0"/>
  <testcase name="of node 93 should be 89" classname="com.github.traderjoe95.mls.protocol.tree.TreeMath" time="0.0"/>
  <testcase name="of node 94 should be 92" classname="com.github.traderjoe95.mls.protocol.tree.TreeMath" time="0.0"/>
  <testcase name="of node 95 should be 31" classname="com.github.traderjoe95.mls.protocol.tree.TreeMath" time="0.0"/>
  <testcase name="of node 96 should be 98" classname="com.github.traderjoe95.mls.protocol.tree.TreeMath" time="0.0"/>
  <testcase name="of node 97 should be 101" classname="com.github.traderjoe95.mls.protocol.tree.TreeMath" time="0.0"/>
  <testcase name="of node 98 should be 96" classname="com.github.traderjoe95.mls.protocol.tree.TreeMath" time="0.0"/>
  <testcase name="of node 99 should be 107" classname="com.github.traderjoe95.mls.protocol.tree.TreeMath" time="0.0"/>
  <testcase name="of node 100 should be 102" classname="com.github.traderjoe95.mls.protocol.tree.TreeMath" time="0.0"/>
  <testcase name="of node 101 should be 97" classname="com.github.traderjoe95.mls.protocol.tree.TreeMath" time="0.0"/>
  <testcase name="of node 102 should be 100" classname="com.github.traderjoe95.mls.protocol.tree.TreeMath" time="0.0"/>
  <testcase name="of node 103 should be 119" classname="com.github.traderjoe95.mls.protocol.tree.TreeMath" time="0.0"/>
  <testcase name="of node 104 should be 106" classname="com.github.traderjoe95.mls.protocol.tree.TreeMath" time="0.0"/>
  <testcase name="of node 105 should be 109" classname="com.github.traderjoe95.mls.protocol.tree.TreeMath" time="0.0"/>
  <testcase name="of node 106 should be 104" classname="com.github.traderjoe95.mls.protocol.tree.TreeMath" time="0.0"/>
  <testcase name="of node 107 should be 99" classname="com.github.traderjoe95.mls.protocol.tree.TreeMath" time="0.0"/>
  <testcase name="of node 108 should be 110" classname="com.github.traderjoe95.mls.protocol.tree.TreeMath" time="0.0"/>
  <testcase name="of node 109 should be 105" classname="com.github.traderjoe95.mls.protocol.tree.TreeMath" time="0.0"/>
  <testcase name="of node 110 should be 108" classname="com.github.traderjoe95.mls.protocol.tree.TreeMath" time="0.0"/>
  <testcase name="of node 111 should be 79" classname="com.github.traderjoe95.mls.protocol.tree.TreeMath" time="0.0"/>
  <testcase name="of node 112 should be 114" classname="com.github.traderjoe95.mls.protocol.tree.TreeMath" time="0.0"/>
  <testcase name="of node 113 should be 117" classname="com.github.traderjoe95.mls.protocol.tree.TreeMath" time="0.0"/>
  <testcase name="of node 114 should be 112" classname="com.github.traderjoe95.mls.protocol.tree.TreeMath" time="0.0"/>
  <testcase name="of node 115 should be 123" classname="com.github.traderjoe95.mls.protocol.tree.TreeMath" time="0.0"/>
  <testcase name="of node 116 should be 118" classname="com.github.traderjoe95.mls.protocol.tree.TreeMath" time="0.0"/>
  <testcase name="of node 117 should be 113" classname="com.github.traderjoe95.mls.protocol.tree.TreeMath" time="0.0"/>
  <testcase name="of node 118 should be 116" classname="com.github.traderjoe95.mls.protocol.tree.TreeMath" time="0.0"/>
  <testcase name="of node 119 should be 103" classname="com.github.traderjoe95.mls.protocol.tree.TreeMath" time="0.0"/>
  <testcase name="of node 120 should be 122" classname="com.github.traderjoe95.mls.protocol.tree.TreeMath" time="0.0"/>
  <testcase name="of node 121 should be 125" classname="com.github.traderjoe95.mls.protocol.tree.TreeMath" time="0.0"/>
  <testcase name="of node 122 should be 120" classname="com.github.traderjoe95.mls.protocol.tree.TreeMath" time="0.0"/>
  <testcase name="of node 123 should be 115" classname="com.github.traderjoe95.mls.protocol.tree.TreeMath" time="0.0"/>
  <testcase name="of node 124 should be 126" classname="com.github.traderjoe95.mls.protocol.tree.TreeMath" time="0.0"/>
  <testcase name="of node 125 should be 121" classname="com.github.traderjoe95.mls.protocol.tree.TreeMath" time="0.0"/>
  <testcase name="of node 126 should be 124" classname="com.github.traderjoe95.mls.protocol.tree.TreeMath" time="0.0"/>
  <testcase name="of node 127 should be 383" classname="com.github.traderjoe95.mls.protocol.tree.TreeMath" time="0.0"/>
  <testcase name="of node 128 should be 130" classname="com.github.traderjoe95.mls.protocol.tree.TreeMath" time="0.0"/>
  <testcase name="of node 129 should be 133" classname="com.github.traderjoe95.mls.protocol.tree.TreeMath" time="0.0"/>
  <testcase name="of node 130 should be 128" classname="com.github.traderjoe95.mls.protocol.tree.TreeMath" time="0.0"/>
  <testcase name="of node 131 should be 139" classname="com.github.traderjoe95.mls.protocol.tree.TreeMath" time="0.0"/>
  <testcase name="of node 132 should be 134" classname="com.github.traderjoe95.mls.protocol.tree.TreeMath" time="0.0"/>
  <testcase name="of node 133 should be 129" classname="com.github.traderjoe95.mls.protocol.tree.TreeMath" time="0.0"/>
  <testcase name="of node 134 should be 132" classname="com.github.traderjoe95.mls.protocol.tree.TreeMath" time="0.0"/>
  <testcase name="of node 135 should be 151" classname="com.github.traderjoe95.mls.protocol.tree.TreeMath" time="0.0"/>
  <testcase name="of node 136 should be 138" classname="com.github.traderjoe95.mls.protocol.tree.TreeMath" time="0.0"/>
  <testcase name="of node 137 should be 141" classname="com.github.traderjoe95.mls.protocol.tree.TreeMath" time="0.0"/>
  <testcase name="of node 138 should be 136" classname="com.github.traderjoe95.mls.protocol.tree.TreeMath" time="0.0"/>
  <testcase name="of node 139 should be 131" classname="com.github.traderjoe95.mls.protocol.tree.TreeMath" time="0.0"/>
  <testcase name="of node 140 should be 142" classname="com.github.traderjoe95.mls.protocol.tree.TreeMath" time="0.0"/>
  <testcase name="of node 141 should be 137" classname="com.github.traderjoe95.mls.protocol.tree.TreeMath" time="0.0"/>
  <testcase name="of node 142 should be 140" classname="com.github.traderjoe95.mls.protocol.tree.TreeMath" time="0.0"/>
  <testcase name="of node 143 should be 175" classname="com.github.traderjoe95.mls.protocol.tree.TreeMath" time="0.0"/>
  <testcase name="of node 144 should be 146" classname="com.github.traderjoe95.mls.protocol.tree.TreeMath" time="0.0"/>
  <testcase name="of node 145 should be 149" classname="com.github.traderjoe95.mls.protocol.tree.TreeMath" time="0.0"/>
  <testcase name="of node 146 should be 144" classname="com.github.traderjoe95.mls.protocol.tree.TreeMath" time="0.0"/>
  <testcase name="of node 147 should be 155" classname="com.github.traderjoe95.mls.protocol.tree.TreeMath" time="0.0"/>
  <testcase name="of node 148 should be 150" classname="com.github.traderjoe95.mls.protocol.tree.TreeMath" time="0.0"/>
  <testcase name="of node 149 should be 145" classname="com.github.traderjoe95.mls.protocol.tree.TreeMath" time="0.0"/>
  <testcase name="of node 150 should be 148" classname="com.github.traderjoe95.mls.protocol.tree.TreeMath" time="0.0"/>
  <testcase name="of node 151 should be 135" classname="com.github.traderjoe95.mls.protocol.tree.TreeMath" time="0.0"/>
  <testcase name="of node 152 should be 154" classname="com.github.traderjoe95.mls.protocol.tree.TreeMath" time="0.0"/>
  <testcase name="of node 153 should be 157" classname="com.github.traderjoe95.mls.protocol.tree.TreeMath" time="0.0"/>
  <testcase name="of node 154 should be 152" classname="com.github.traderjoe95.mls.protocol.tree.TreeMath" time="0.0"/>
  <testcase name="of node 155 should be 147" classname="com.github.traderjoe95.mls.protocol.tree.TreeMath" time="0.0"/>
  <testcase name="of node 156 should be 158" classname="com.github.traderjoe95.mls.protocol.tree.TreeMath" time="0.0"/>
  <testcase name="of node 157 should be 153" classname="com.github.traderjoe95.mls.protocol.tree.TreeMath" time="0.0"/>
  <testcase name="of node 158 should be 156" classname="com.github.traderjoe95.mls.protocol.tree.TreeMath" time="0.0"/>
  <testcase name="of node 159 should be 223" classname="com.github.traderjoe95.mls.protocol.tree.TreeMath" time="0.0"/>
  <testcase name="of node 160 should be 162" classname="com.github.traderjoe95.mls.protocol.tree.TreeMath" time="0.0"/>
  <testcase name="of node 161 should be 165" classname="com.github.traderjoe95.mls.protocol.tree.TreeMath" time="0.0"/>
  <testcase name="of node 162 should be 160" classname="com.github.traderjoe95.mls.protocol.tree.TreeMath" time="0.0"/>
  <testcase name="of node 163 should be 171" classname="com.github.traderjoe95.mls.protocol.tree.TreeMath" time="0.0"/>
  <testcase name="of node 164 should be 166" classname="com.github.traderjoe95.mls.protocol.tree.TreeMath" time="0.0"/>
  <testcase name="of node 165 should be 161" classname="com.github.traderjoe95.mls.protocol.tree.TreeMath" time="0.0"/>
  <testcase name="of node 166 should be 164" classname="com.github.traderjoe95.mls.protocol.tree.TreeMath" time="0.0"/>
  <testcase name="of node 167 should be 183" classname="com.github.traderjoe95.mls.protocol.tree.TreeMath" time="0.0"/>
  <testcase name="of node 168 should be 170" classname="com.github.traderjoe95.mls.protocol.tree.TreeMath" time="0.0"/>
  <testcase name="of node 169 should be 173" classname="com.github.traderjoe95.mls.protocol.tree.TreeMath" time="0.0"/>
  <testcase name="of node 170 should be 168" classname="com.github.traderjoe95.mls.protocol.tree.TreeMath" time="0.001"/>
  <testcase name="of node 171 should be 163" classname="com.github.traderjoe95.mls.protocol.tree.TreeMath" time="0.0"/>
  <testcase name="of node 172 should be 174" classname="com.github.traderjoe95.mls.protocol.tree.TreeMath" time="0.0"/>
  <testcase name="of node 173 should be 169" classname="com.github.traderjoe95.mls.protocol.tree.TreeMath" time="0.0"/>
  <testcase name="of node 174 should be 172" classname="com.github.traderjoe95.mls.protocol.tree.TreeMath" time="0.0"/>
  <testcase name="of node 175 should be 143" classname="com.github.traderjoe95.mls.protocol.tree.TreeMath" time="0.0"/>
  <testcase name="of node 176 should be 178" classname="com.github.traderjoe95.mls.protocol.tree.TreeMath" time="0.0"/>
  <testcase name="of node 177 should be 181" classname="com.github.traderjoe95.mls.protocol.tree.TreeMath" time="0.0"/>
  <testcase name="of node 178 should be 176" classname="com.github.traderjoe95.mls.protocol.tree.TreeMath" time="0.0"/>
  <testcase name="of node 179 should be 187" classname="com.github.traderjoe95.mls.protocol.tree.TreeMath" time="0.0"/>
  <testcase name="of node 180 should be 182" classname="com.github.traderjoe95.mls.protocol.tree.TreeMath" time="0.0"/>
  <testcase name="of node 181 should be 177" classname="com.github.traderjoe95.mls.protocol.tree.TreeMath" time="0.0"/>
  <testcase name="of node 182 should be 180" classname="com.github.traderjoe95.mls.protocol.tree.TreeMath" time="0.0"/>
  <testcase name="of node 183 should be 167" classname="com.github.traderjoe95.mls.protocol.tree.TreeMath" time="0.0"/>
  <testcase name="of node 184 should be 186" classname="com.github.traderjoe95.mls.protocol.tree.TreeMath" time="0.0"/>
  <testcase name="of node 185 should be 189" classname="com.github.traderjoe95.mls.protocol.tree.TreeMath" time="0.0"/>
  <testcase name="of node 186 should be 184" classname="com.github.traderjoe95.mls.protocol.tree.TreeMath" time="0.0"/>
  <testcase name="of node 187 should be 179" classname="com.github.traderjoe95.mls.protocol.tree.TreeMath" time="0.0"/>
  <testcase name="of node 188 should be 190" classname="com.github.traderjoe95.mls.protocol.tree.TreeMath" time="0.0"/>
  <testcase name="of node 189 should be 185" classname="com.github.traderjoe95.mls.protocol.tree.TreeMath" time="0.0"/>
  <testcase name="of node 190 should be 188" classname="com.github.traderjoe95.mls.protocol.tree.TreeMath" time="0.0"/>
  <testcase name="of node 191 should be 63" classname="com.github.traderjoe95.mls.protocol.tree.TreeMath" time="0.0"/>
  <testcase name="of node 192 should be 194" classname="com.github.traderjoe95.mls.protocol.tree.TreeMath" time="0.0"/>
  <testcase name="of node 193 should be 197" classname="com.github.traderjoe95.mls.protocol.tree.TreeMath" time="0.0"/>
  <testcase name="of node 194 should be 192" classname="com.github.traderjoe95.mls.protocol.tree.TreeMath" time="0.0"/>
  <testcase name="of node 195 should be 203" classname="com.github.traderjoe95.mls.protocol.tree.TreeMath" time="0.0"/>
  <testcase name="of node 196 should be 198" classname="com.github.traderjoe95.mls.protocol.tree.TreeMath" time="0.0"/>
  <testcase name="of node 197 should be 193" classname="com.github.traderjoe95.mls.protocol.tree.TreeMath" time="0.0"/>
  <testcase name="of node 198 should be 196" classname="com.github.traderjoe95.mls.protocol.tree.TreeMath" time="0.0"/>
  <testcase name="of node 199 should be 215" classname="com.github.traderjoe95.mls.protocol.tree.TreeMath" time="0.0"/>
  <testcase name="of node 200 should be 202" classname="com.github.traderjoe95.mls.protocol.tree.TreeMath" time="0.0"/>
  <testcase name="of node 201 should be 205" classname="com.github.traderjoe95.mls.protocol.tree.TreeMath" time="0.0"/>
  <testcase name="of node 202 should be 200" classname="com.github.traderjoe95.mls.protocol.tree.TreeMath" time="0.0"/>
  <testcase name="of node 203 should be 195" classname="com.github.traderjoe95.mls.protocol.tree.TreeMath" time="0.0"/>
  <testcase name="of node 204 should be 206" classname="com.github.traderjoe95.mls.protocol.tree.TreeMath" time="0.001"/>
  <testcase name="of node 205 should be 201" classname="com.github.traderjoe95.mls.protocol.tree.TreeMath" time="0.0"/>
  <testcase name="of node 206 should be 204" classname="com.github.traderjoe95.mls.protocol.tree.TreeMath" time="0.0"/>
  <testcase name="of node 207 should be 239" classname="com.github.traderjoe95.mls.protocol.tree.TreeMath" time="0.0"/>
  <testcase name="of node 208 should be 210" classname="com.github.traderjoe95.mls.protocol.tree.TreeMath" time="0.0"/>
  <testcase name="of node 209 should be 213" classname="com.github.traderjoe95.mls.protocol.tree.TreeMath" time="0.0"/>
  <testcase name="of node 210 should be 208" classname="com.github.traderjoe95.mls.protocol.tree.TreeMath" time="0.0"/>
  <testcase name="of node 211 should be 219" classname="com.github.traderjoe95.mls.protocol.tree.TreeMath" time="0.0"/>
  <testcase name="of node 212 should be 214" classname="com.github.traderjoe95.mls.protocol.tree.TreeMath" time="0.0"/>
  <testcase name="of node 213 should be 209" classname="com.github.traderjoe95.mls.protocol.tree.TreeMath" time="0.0"/>
  <testcase name="of node 214 should be 212" classname="com.github.traderjoe95.mls.protocol.tree.TreeMath" time="0.0"/>
  <testcase name="of node 215 should be 199" classname="com.github.traderjoe95.mls.protocol.tree.TreeMath" time="0.0"/>
  <testcase name="of node 216 should be 218" classname="com.github.traderjoe95.mls.protocol.tree.TreeMath" time="0.0"/>
  <testcase name="of node 217 should be 221" classname="com.github.traderjoe95.mls.protocol.tree.TreeMath" time="0.0"/>
  <testcase name="of node 218 should be 216" classname="com.github.traderjoe95.mls.protocol.tree.TreeMath" time="0.0"/>
  <testcase name="of node 219 should be 211" classname="com.github.traderjoe95.mls.protocol.tree.TreeMath" time="0.0"/>
  <testcase name="of node 220 should be 222" classname="com.github.traderjoe95.mls.protocol.tree.TreeMath" time="0.001"/>
  <testcase name="of node 221 should be 217" classname="com.github.traderjoe95.mls.protocol.tree.TreeMath" time="0.0"/>
  <testcase name="of node 222 should be 220" classname="com.github.traderjoe95.mls.protocol.tree.TreeMath" time="0.0"/>
  <testcase name="of node 223 should be 159" classname="com.github.traderjoe95.mls.protocol.tree.TreeMath" time="0.0"/>
  <testcase name="of node 224 should be 226" classname="com.github.traderjoe95.mls.protocol.tree.TreeMath" time="0.0"/>
  <testcase name="of node 225 should be 229" classname="com.github.traderjoe95.mls.protocol.tree.TreeMath" time="0.0"/>
  <testcase name="of node 226 should be 224" classname="com.github.traderjoe95.mls.protocol.tree.TreeMath" time="0.0"/>
  <testcase name="of node 227 should be 235" classname="com.github.traderjoe95.mls.protocol.tree.TreeMath" time="0.0"/>
  <testcase name="of node 228 should be 230" classname="com.github.traderjoe95.mls.protocol.tree.TreeMath" time="0.0"/>
  <testcase name="of node 229 should be 225" classname="com.github.traderjoe95.mls.protocol.tree.TreeMath" time="0.0"/>
  <testcase name="of node 230 should be 228" classname="com.github.traderjoe95.mls.protocol.tree.TreeMath" time="0.0"/>
  <testcase name="of node 231 should be 247" classname="com.github.traderjoe95.mls.protocol.tree.TreeMath" time="0.0"/>
  <testcase name="of node 232 should be 234" classname="com.github.traderjoe95.mls.protocol.tree.TreeMath" time="0.0"/>
  <testcase name="of node 233 should be 237" classname="com.github.traderjoe95.mls.protocol.tree.TreeMath" time="0.0"/>
  <testcase name="of node 234 should be 232" classname="com.github.traderjoe95.mls.protocol.tree.TreeMath" time="0.0"/>
  <testcase name="of node 235 should be 227" classname="com.github.traderjoe95.mls.protocol.tree.TreeMath" time="0.0"/>
  <testcase name="of node 236 should be 238" classname="com.github.traderjoe95.mls.protocol.tree.TreeMath" time="0.0"/>
  <testcase name="of node 237 should be 233" classname="com.github.traderjoe95.mls.protocol.tree.TreeMath" time="0.0"/>
  <testcase name="of node 238 should be 236" classname="com.github.traderjoe95.mls.protocol.tree.TreeMath" time="0.0"/>
  <testcase name="of node 239 should be 207" classname="com.github.traderjoe95.mls.protocol.tree.TreeMath" time="0.0"/>
  <testcase name="of node 240 should be 242" classname="com.github.traderjoe95.mls.protocol.tree.TreeMath" time="0.0"/>
  <testcase name="of node 241 should be 245" classname="com.github.traderjoe95.mls.protocol.tree.TreeMath" time="0.0"/>
  <testcase name="of node 242 should be 240" classname="com.github.traderjoe95.mls.protocol.tree.TreeMath" time="0.0"/>
  <testcase name="of node 243 should be 251" classname="com.github.traderjoe95.mls.protocol.tree.TreeMath" time="0.0"/>
  <testcase name="of node 244 should be 246" classname="com.github.traderjoe95.mls.protocol.tree.TreeMath" time="0.0"/>
  <testcase name="of node 245 should be 241" classname="com.github.traderjoe95.mls.protocol.tree.TreeMath" time="0.001"/>
  <testcase name="of node 246 should be 244" classname="com.github.traderjoe95.mls.protocol.tree.TreeMath" time="0.0"/>
  <testcase name="of node 247 should be 231" classname="com.github.traderjoe95.mls.protocol.tree.TreeMath" time="0.0"/>
  <testcase name="of node 248 should be 250" classname="com.github.traderjoe95.mls.protocol.tree.TreeMath" time="0.0"/>
  <testcase name="of node 249 should be 253" classname="com.github.traderjoe95.mls.protocol.tree.TreeMath" time="0.0"/>
  <testcase name="of node 250 should be 248" classname="com.github.traderjoe95.mls.protocol.tree.TreeMath" time="0.0"/>
  <testcase name="of node 251 should be 243" classname="com.github.traderjoe95.mls.protocol.tree.TreeMath" time="0.0"/>
  <testcase name="of node 252 should be 254" classname="com.github.traderjoe95.mls.protocol.tree.TreeMath" time="0.0"/>
  <testcase name="of node 253 should be 249" classname="com.github.traderjoe95.mls.protocol.tree.TreeMath" time="0.001"/>
  <testcase name="of node 254 should be 252" classname="com.github.traderjoe95.mls.protocol.tree.TreeMath" time="0.0"/>
  <testcase name="there should be 511 nodes" classname="com.github.traderjoe95.mls.protocol.tree.TreeMath" time="0.0"/>
  <testcase name="the root should have index 255" classname="com.github.traderjoe95.mls.protocol.tree.TreeMath" time="0.0"/>
  <testcase name="of node 0 should be 2147483648" classname="com.github.traderjoe95.mls.protocol.tree.TreeMath" time="0.0"/>
  <testcase name="of node 1 should be 0" classname="com.github.traderjoe95.mls.protocol.tree.TreeMath" time="0.0"/>
  <testcase name="of node 2 should be 2147483650" classname="com.github.traderjoe95.mls.protocol.tree.TreeMath" time="0.0"/>
  <testcase name="of node 3 should be 1" classname="com.github.traderjoe95.mls.protocol.tree.TreeMath" time="0.0"/>
  <testcase name="of node 4 should be 2147483652" classname="com.github.traderjoe95.mls.protocol.tree.TreeMath" time="0.0"/>
  <testcase name="of node 5 should be 4" classname="com.github.traderjoe95.mls.protocol.tree.TreeMath" time="0.0"/>
  <testcase name="of node 6 should be 2147483654" classname="com.github.traderjoe95.mls.protocol.tree.TreeMath" time="0.0"/>
  <testcase name="of node 7 should be 3" classname="com.github.traderjoe95.mls.protocol.tree.TreeMath" time="0.0"/>
  <testcase name="of node 8 should be 2147483656" classname="com.github.traderjoe95.mls.protocol.tree.TreeMath" time="0.0"/>
  <testcase name="of node 9 should be 8" classname="com.github.traderjoe95.mls.protocol.tree.TreeMath" time="0.0"/>
  <testcase name="of node 10 should be 2147483658" classname="com.github.traderjoe95.mls.protocol.tree.TreeMath" time="0.0"/>
  <testcase name="of node 11 should be 9" classname="com.github.traderjoe95.mls.protocol.tree.TreeMath" time="0.0"/>
  <testcase name="of node 12 should be 2147483660" classname="com.github.traderjoe95.mls.protocol.tree.TreeMath" time="0.0"/>
  <testcase name="of node 13 should be 12" classname="com.github.traderjoe95.mls.protocol.tree.TreeMath" time="0.0"/>
  <testcase name="of node 14 should be 2147483662" classname="com.github.traderjoe95.mls.protocol.tree.TreeMath" time="0.0"/>
  <testcase name="of node 15 should be 7" classname="com.github.traderjoe95.mls.protocol.tree.TreeMath" time="0.001"/>
  <testcase name="of node 16 should be 2147483664" classname="com.github.traderjoe95.mls.protocol.tree.TreeMath" time="0.0"/>
  <testcase name="of node 17 should be 16" classname="com.github.traderjoe95.mls.protocol.tree.TreeMath" time="0.0"/>
  <testcase name="of node 18 should be 2147483666" classname="com.github.traderjoe95.mls.protocol.tree.TreeMath" time="0.0"/>
  <testcase name="of node 19 should be 17" classname="com.github.traderjoe95.mls.protocol.tree.TreeMath" time="0.0"/>
  <testcase name="of node 20 should be 2147483668" classname="com.github.traderjoe95.mls.protocol.tree.TreeMath" time="0.0"/>
  <testcase name="of node 21 should be 20" classname="com.github.traderjoe95.mls.protocol.tree.TreeMath" time="0.0"/>
  <testcase name="of node 22 should be 2147483670" classname="com.github.traderjoe95.mls.protocol.tree.TreeMath" time="0.0"/>
  <testcase name="of node 23 should be 19" classname="com.github.traderjoe95.mls.protocol.tree.TreeMath" time="0.0"/>
  <testcase name="of node 24 should be 2147483672" classname="com.github.traderjoe95.mls.protocol.tree.TreeMath" time="0.0"/>
  <testcase name="of node 25 should be 24" classname="com.github.traderjoe95.mls.protocol.tree.TreeMath" time="0.0"/>
  <testcase name="of node 26 should be 2147483674" classname="com.github.traderjoe95.mls.protocol.tree.TreeMath" time="0.0"/>
  <testcase name="of node 27 should be 25" classname="com.github.traderjoe95.mls.protocol.tree.TreeMath" time="0.0"/>
  <testcase name="of node 28 should be 2147483676" classname="com.github.traderjoe95.mls.protocol.tree.TreeMath" time="0.0"/>
  <testcase name="of node 29 should be 28" classname="com.github.traderjoe95.mls.protocol.tree.TreeMath" time="0.0"/>
  <testcase name="of node 30 should be 2147483678" classname="com.github.traderjoe95.mls.protocol.tree.TreeMath" time="0.0"/>
  <testcase name="of node 31 should be 15" classname="com.github.traderjoe95.mls.protocol.tree.TreeMath" time="0.0"/>
  <testcase name="of node 32 should be 2147483680" classname="com.github.traderjoe95.mls.protocol.tree.TreeMath" time="0.0"/>
  <testcase name="of node 33 should be 32" classname="com.github.traderjoe95.mls.protocol.tree.TreeMath" time="0.0"/>
  <testcase name="of node 34 should be 2147483682" classname="com.github.traderjoe95.mls.protocol.tree.TreeMath" time="0.0"/>
  <testcase name="of node 35 should be 33" classname="com.github.traderjoe95.mls.protocol.tree.TreeMath" time="0.0"/>
  <testcase name="of node 36 should be 2147483684" classname="com.github.traderjoe95.mls.protocol.tree.TreeMath" time="0.0"/>
  <testcase name="of node 37 should be 36" classname="com.github.traderjoe95.mls.protocol.tree.TreeMath" time="0.0"/>
  <testcase name="of node 38 should be 2147483686" classname="com.github.traderjoe95.mls.protocol.tree.TreeMath" time="0.0"/>
  <testcase name="of node 39 should be 35" classname="com.github.traderjoe95.mls.protocol.tree.TreeMath" time="0.0"/>
  <testcase name="of node 40 should be 2147483688" classname="com.github.traderjoe95.mls.protocol.tree.TreeMath" time="0.0"/>
  <testcase name="of node 41 should be 40" classname="com.github.traderjoe95.mls.protocol.tree.TreeMath" time="0.0"/>
  <testcase name="of node 42 should be 2147483690" classname="com.github.traderjoe95.mls.protocol.tree.TreeMath" time="0.0"/>
  <testcase name="of node 43 should be 41" classname="com.github.traderjoe95.mls.protocol.tree.TreeMath" time="0.0"/>
  <testcase name="of node 44 should be 2147483692" classname="com.github.traderjoe95.mls.protocol.tree.TreeMath" time="0.0"/>
  <testcase name="of node 45 should be 44" classname="com.github.traderjoe95.mls.protocol.tree.TreeMath" time="0.0"/>
  <testcase name="of node 46 should be 2147483694" classname="com.github.traderjoe95.mls.protocol.tree.TreeMath" time="0.0"/>
  <testcase name="of node 47 should be 39" classname="com.github.traderjoe95.mls.protocol.tree.TreeMath" time="0.0"/>
  <testcase name="of node 48 should be 2147483696" classname="com.github.traderjoe95.mls.protocol.tree.TreeMath" time="0.0"/>
  <testcase name="of node 49 should be 48" classname="com.github.traderjoe95.mls.protocol.tree.TreeMath" time="0.0"/>
  <testcase name="of node 50 should be 2147483698" classname="com.github.traderjoe95.mls.protocol.tree.TreeMath" time="0.0"/>
  <testcase name="of node 51 should be 49" classname="com.github.traderjoe95.mls.protocol.tree.TreeMath" time="0.0"/>
  <testcase name="of node 52 should be 2147483700" classname="com.github.traderjoe95.mls.protocol.tree.TreeMath" time="0.0"/>
  <testcase name="of node 53 should be 52" classname="com.github.traderjoe95.mls.protocol.tree.TreeMath" time="0.0"/>
  <testcase name="of node 54 should be 2147483702" classname="com.github.traderjoe95.mls.protocol.tree.TreeMath" time="0.0"/>
  <testcase name="of node 55 should be 51" classname="com.github.traderjoe95.mls.protocol.tree.TreeMath" time="0.0"/>
  <testcase name="of node 56 should be 2147483704" classname="com.github.traderjoe95.mls.protocol.tree.TreeMath" time="0.0"/>
  <testcase name="of node 57 should be 56" classname="com.github.traderjoe95.mls.protocol.tree.TreeMath" time="0.0"/>
  <testcase name="of node 58 should be 2147483706" classname="com.github.traderjoe95.mls.protocol.tree.TreeMath" time="0.0"/>
  <testcase name="of node 59 should be 57" classname="com.github.traderjoe95.mls.protocol.tree.TreeMath" time="0.0"/>
  <testcase name="of node 60 should be 2147483708" classname="com.github.traderjoe95.mls.protocol.tree.TreeMath" time="0.0"/>
  <testcase name="of node 61 should be 60" classname="com.github.traderjoe95.mls.protocol.tree.TreeMath" time="0.0"/>
  <testcase name="of node 62 should be 2147483710" classname="com.github.traderjoe95.mls.protocol.tree.TreeMath" time="0.0"/>
  <testcase name="of node 63 should be 31" classname="com.github.traderjoe95.mls.protocol.tree.TreeMath" time="0.0"/>
  <testcase name="of node 64 should be 2147483712" classname="com.github.traderjoe95.mls.protocol.tree.TreeMath" time="0.0"/>
  <testcase name="of node 65 should be 64" classname="com.github.traderjoe95.mls.protocol.tree.TreeMath" time="0.0"/>
  <testcase name="of node 66 should be 2147483714" classname="com.github.traderjoe95.mls.protocol.tree.TreeMath" time="0.0"/>
  <testcase name="of node 67 should be 65" classname="com.github.traderjoe95.mls.protocol.tree.TreeMath" time="0.0"/>
  <testcase name="of node 68 should be 2147483716" classname="com.github.traderjoe95.mls.protocol.tree.TreeMath" time="0.0"/>
  <testcase name="of node 69 should be 68" classname="com.github.traderjoe95.mls.protocol.tree.TreeMath" time="0.001"/>
  <testcase name="of node 70 should be 2147483718" classname="com.github.traderjoe95.mls.protocol.tree.TreeMath" time="0.0"/>
  <testcase name="of node 71 should be 67" classname="com.github.traderjoe95.mls.protocol.tree.TreeMath" time="0.001"/>
  <testcase name="of node 72 should be 2147483720" classname="com.github.traderjoe95.mls.protocol.tree.TreeMath" time="0.0"/>
  <testcase name="of node 73 should be 72" classname="com.github.traderjoe95.mls.protocol.tree.TreeMath" time="0.0"/>
  <testcase name="of node 74 should be 2147483722" classname="com.github.traderjoe95.mls.protocol.tree.TreeMath" time="0.0"/>
  <testcase name="of node 75 should be 73" classname="com.github.traderjoe95.mls.protocol.tree.TreeMath" time="0.0"/>
  <testcase name="of node 76 should be 2147483724" classname="com.github.traderjoe95.mls.protocol.tree.TreeMath" time="0.0"/>
  <testcase name="of node 77 should be 76" classname="com.github.traderjoe95.mls.protocol.tree.TreeMath" time="0.0"/>
  <testcase name="of node 78 should be 2147483726" classname="com.github.traderjoe95.mls.protocol.tree.TreeMath" time="0.0"/>
  <testcase name="of node 79 should be 71" classname="com.github.traderjoe95.mls.protocol.tree.TreeMath" time="0.0"/>
  <testcase name="of node 80 should be 2147483728" classname="com.github.traderjoe95.mls.protocol.tree.TreeMath" time="0.0"/>
  <testcase name="of node 81 should be 80" classname="com.github.traderjoe95.mls.protocol.tree.TreeMath" time="0.0"/>
  <testcase name="of node 82 should be 2147483730" classname="com.github.traderjoe95.mls.protocol.tree.TreeMath" time="0.0"/>
  <testcase name="of node 83 should be 81" classname="com.github.traderjoe95.mls.protocol.tree.TreeMath" time="0.0"/>
  <testcase name="of node 84 should be 2147483732" classname="com.github.traderjoe95.mls.protocol.tree.TreeMath" time="0.0"/>
  <testcase name="of node 85 should be 84" classname="com.github.traderjoe95.mls.protocol.tree.TreeMath" time="0.0"/>
  <testcase name="of node 86 should be 2147483734" classname="com.github.traderjoe95.mls.protocol.tree.TreeMath" time="0.0"/>
  <testcase name="of node 87 should be 83" classname="com.github.traderjoe95.mls.protocol.tree.TreeMath" time="0.0"/>
  <testcase name="of node 88 should be 2147483736" classname="com.github.traderjoe95.mls.protocol.tree.TreeMath" time="0.0"/>
  <testcase name="of node 89 should be 88" classname="com.github.traderjoe95.mls.protocol.tree.TreeMath" time="0.0"/>
  <testcase name="of node 90 should be 2147483738" classname="com.github.traderjoe95.mls.protocol.tree.TreeMath" time="0.0"/>
  <testcase name="of node 91 should be 89" classname="com.github.traderjoe95.mls.protocol.tree.TreeMath" time="0.0"/>
  <testcase name="of node 92 should be 2147483740" classname="com.github.traderjoe95.mls.protocol.tree.TreeMath" time="0.0"/>
  <testcase name="of node 93 should be 92" classname="com.github.traderjoe95.mls.protocol.tree.TreeMath" time="0.0"/>
  <testcase name="of node 94 should be 2147483742" classname="com.github.traderjoe95.mls.protocol.tree.TreeMath" time="0.0"/>
  <testcase name="of node 95 should be 79" classname="com.github.traderjoe95.mls.protocol.tree.TreeMath" time="0.0"/>
  <testcase name="of node 96 should be 2147483744" classname="com.github.traderjoe95.mls.protocol.tree.TreeMath" time="0.0"/>
  <testcase name="of node 97 should be 96" classname="com.github.traderjoe95.mls.protocol.tree.TreeMath" time="0.0"/>
  <testcase name="of node 98 should be 2147483746" classname="com.github.traderjoe95.mls.protocol.tree.TreeMath" time="0.0"/>
  <testcase name="of node 99 should be 97" classname="com.github.traderjoe95.mls.protocol.tree.TreeMath" time="0.0"/>
  <testcase name="of node 100 should be 2147483748" classname="com.github.traderjoe95.mls.protocol.tree.TreeMath" time="0.0"/>
  <testcase name="of node 101 should be 100" classname="com.github.traderjoe95.mls.protocol.tree.TreeMath" time="0.0"/>
  <testcase name="of node 102 should be 2147483750" classname="com.github.traderjoe95.mls.protocol.tree.TreeMath" time="0.001"/>
  <testcase name="of node 103 should be 99" classname="com.github.traderjoe95.mls.protocol.tree.TreeMath" time="0.0"/>
  <testcase name="of node 104 should be 2147483752" classname="com.github.traderjoe95.mls.protocol.tree.TreeMath" time="0.0"/>
  <testcase name="of node 105 should be 104" classname="com.github.traderjoe95.mls.protocol.tree.TreeMath" time="0.0"/>
  <testcase name="of node 106 should be 2147483754" classname="com.github.traderjoe95.mls.protocol.tree.TreeMath" time="0.0"/>
  <testcase name="of node 107 should be 105" classname="com.github.traderjoe95.mls.protocol.tree.TreeMath" time="0.0"/>
  <testcase name="of node 108 should be 2147483756" classname="com.github.traderjoe95.mls.protocol.tree.TreeMath" time="0.0"/>
  <testcase name="of node 109 should be 108" classname="com.github.traderjoe95.mls.protocol.tree.TreeMath" time="0.0"/>
  <testcase name="of node 110 should be 2147483758" classname="com.github.traderjoe95.mls.protocol.tree.TreeMath" time="0.0"/>
  <testcase name="of node 111 should be 103" classname="com.github.traderjoe95.mls.protocol.tree.TreeMath" time="0.0"/>
  <testcase name="of node 112 should be 2147483760" classname="com.github.traderjoe95.mls.protocol.tree.TreeMath" time="0.0"/>
  <testcase name="of node 113 should be 112" classname="com.github.traderjoe95.mls.protocol.tree.TreeMath" time="0.0"/>
  <testcase name="of node 114 should be 2147483762" classname="com.github.traderjoe95.mls.protocol.tree.TreeMath" time="0.0"/>
  <testcase name="of node 115 should be 113" classname="com.github.traderjoe95.mls.protocol.tree.TreeMath" time="0.0"/>
  <testcase name="of node 116 should be 2147483764" classname="com.github.traderjoe95.mls.protocol.tree.TreeMath" time="0.0"/>
  <testcase name="of node 117 should be 116" classname="com.github.traderjoe95.mls.protocol.tree.TreeMath" time="0.0"/>
  <testcase name="of node 118 should be 2147483766" classname="com.github.traderjoe95.mls.protocol.tree.TreeMath" time="0.0"/>
  <testcase name="of node 119 should be 115" classname="com.github.traderjoe95.mls.protocol.tree.TreeMath" time="0.0"/>
  <testcase name="of node 120 should be 2147483768" classname="com.github.traderjoe95.mls.protocol.tree.TreeMath" time="0.0"/>
  <testcase name="of node 121 should be 120" classname="com.github.traderjoe95.mls.protocol.tree.TreeMath" time="0.0"/>
  <testcase name="of node 122 should be 2147483770" classname="com.github.traderjoe95.mls.protocol.tree.TreeMath" time="0.0"/>
  <testcase name="of node 123 should be 121" classname="com.github.traderjoe95.mls.protocol.tree.TreeMath" time="0.0"/>
  <testcase name="of node 124 should be 2147483772" classname="com.github.traderjoe95.mls.protocol.tree.TreeMath" time="0.0"/>
  <testcase name="of node 125 should be 124" classname="com.github.traderjoe95.mls.protocol.tree.TreeMath" time="0.0"/>
  <testcase name="of node 126 should be 2147483774" classname="com.github.traderjoe95.mls.protocol.tree.TreeMath" time="0.0"/>
  <testcase name="of node 127 should be 63" classname="com.github.traderjoe95.mls.protocol.tree.TreeMath" time="0.001"/>
  <testcase name="of node 128 should be 2147483776" classname="com.github.traderjoe95.mls.protocol.tree.TreeMath" time="0.0"/>
  <testcase name="of node 129 should be 128" classname="com.github.traderjoe95.mls.protocol.tree.TreeMath" time="0.0"/>
  <testcase name="of node 130 should be 2147483778" classname="com.github.traderjoe95.mls.protocol.tree.TreeMath" time="0.0"/>
  <testcase name="of node 131 should be 129" classname="com.github.traderjoe95.mls.protocol.tree.TreeMath" time="0.0"/>
  <testcase name="of node 132 should be 2147483780" classname="com.github.traderjoe95.mls.protocol.tree.TreeMath" time="0.0"/>
  <testcase name="of node 133 should be 132" classname="com.github.traderjoe95.mls.protocol.tree.TreeMath" time="0.0"/>
  <testcase name="of node 134 should be 2147483782" classname="com.github.traderjoe95.mls.protocol.tree.TreeMath" time="0.0"/>
  <testcase name="of node 135 should be 131" classname="com.github.traderjoe95.mls.protocol.tree.TreeMath" time="0.0"/>
  <testcase name="of node 136 should be 2147483784" classname="com.github.traderjoe95.mls.protocol.tree.TreeMath" time="0.0"/>
  <testcase name="of node 137 should be 136" classname="com.github.traderjoe95.mls.protocol.tree.TreeMath" time="0.0"/>
  <testcase name="of node 138 should be 2147483786" classname="com.github.traderjoe95.mls.protocol.tree.TreeMath" time="0.0"/>
  <testcase name="of node 139 should be 137" classname="com.github.traderjoe95.mls.protocol.tree.TreeMath" time="0.0"/>
  <testcase name="of node 140 should be 2147483788" classname="com.github.traderjoe95.mls.protocol.tree.TreeMath" time="0.0"/>
  <testcase name="of node 141 should be 140" classname="com.github.traderjoe95.mls.protocol.tree.TreeMath" time="0.0"/>
  <testcase name="of node 142 should be 2147483790" classname="com.github.traderjoe95.mls.protocol.tree.TreeMath" time="0.0"/>
  <testcase name="of node 143 should be 135" classname="com.github.traderjoe95.mls.protocol.tree.TreeMath" time="0.0"/>
  <testcase name="of node 144 should be 2147483792" classname="com.github.traderjoe95.mls.protocol.tree.TreeMath" time="0.0"/>
  <testcase name="of node 145 should be 144" classname="com.github.traderjoe95.mls.protocol.tree.TreeMath" time="0.0"/>
  <testcase name="of node 146 should be 2147483794" classname="com.github.traderjoe95.mls.protocol.tree.TreeMath" time="0.001"/>
  <testcase name="of node 147 should be 145" classname="com.github.traderjoe95.mls.protocol.tree.TreeMath" time="0.0"/>
  <testcase name="of node 148 should be 2147483796" classname="com.github.traderjoe95.mls.protocol.tree.TreeMath" time="0.0"/>
  <testcase name="of node 149 should be 148" classname="com.github.traderjoe95.mls.protocol.tree.TreeMath" time="0.0"/>
  <testcase name="of node 150 should be 2147483798" classname="com.github.traderjoe95.mls.protocol.tree.TreeMath" time="0.0"/>
  <testcase name="of node 151 should be 147" classname="com.github.traderjoe95.mls.protocol.tree.TreeMath" time="0.0"/>
  <testcase name="of node 152 should be 2147483800" classname="com.github.traderjoe95.mls.protocol.tree.TreeMath" time="0.0"/>
  <testcase name="of node 153 should be 152" classname="com.github.traderjoe95.mls.protocol.tree.TreeMath" time="0.0"/>
  <testcase name="of node 154 should be 2147483802" classname="com.github.traderjoe95.mls.protocol.tree.TreeMath" time="0.0"/>
  <testcase name="of node 155 should be 153" classname="com.github.traderjoe95.mls.protocol.tree.TreeMath" time="0.0"/>
  <testcase name="of node 156 should be 2147483804" classname="com.github.traderjoe95.mls.protocol.tree.TreeMath" time="0.0"/>
  <testcase name="of node 157 should be 156" classname="com.github.traderjoe95.mls.protocol.tree.TreeMath" time="0.0"/>
  <testcase name="of node 158 should be 2147483806" classname="com.github.traderjoe95.mls.protocol.tree.TreeMath" time="0.0"/>
  <testcase name="of node 159 should be 143" classname="com.github.traderjoe95.mls.protocol.tree.TreeMath" time="0.0"/>
  <testcase name="of node 160 should be 2147483808" classname="com.github.traderjoe95.mls.protocol.tree.TreeMath" time="0.0"/>
  <testcase name="of node 161 should be 160" classname="com.github.traderjoe95.mls.protocol.tree.TreeMath" time="0.0"/>
  <testcase name="of node 162 should be 2147483810" classname="com.github.traderjoe95.mls.protocol.tree.TreeMath" time="0.0"/>
  <testcase name="of node 163 should be 161" classname="com.github.traderjoe95.mls.protocol.tree.TreeMath" time="0.0"/>
  <testcase name="of node 164 should be 2147483812" classname="com.github.traderjoe95.mls.protocol.tree.TreeMath" time="0.0"/>
  <testcase name="of node 165 should be 164" classname="com.github.traderjoe95.mls.protocol.tree.TreeMath" time="0.0"/>
  <testcase name="of node 166 should be 2147483814" classname="com.github.traderjoe95.mls.protocol.tree.TreeMath" time="0.0"/>
  <testcase name="of node 167 should be 163" classname="com.github.traderjoe95.mls.protocol.tree.TreeMath" time="0.001"/>
  <testcase name="of node 168 should be 2147483816" classname="com.github.traderjoe95.mls.protocol.tree.TreeMath" time="0.0"/>
  <testcase name="of node 169 should be 168" classname="com.github.traderjoe95.mls.protocol.tree.TreeMath" time="0.0"/>
  <testcase name="of node 170 should be 2147483818" classname="com.github.traderjoe95.mls.protocol.tree.TreeMath" time="0.0"/>
  <testcase name="of node 171 should be 169" classname="com.github.traderjoe95.mls.protocol.tree.TreeMath" time="0.0"/>
  <testcase name="of node 172 should be 2147483820" classname="com.github.traderjoe95.mls.protocol.tree.TreeMath" time="0.0"/>
  <testcase name="of node 173 should be 172" classname="com.github.traderjoe95.mls.protocol.tree.TreeMath" time="0.0"/>
  <testcase name="of node 174 should be 2147483822" classname="com.github.traderjoe95.mls.protocol.tree.TreeMath" time="0.0"/>
  <testcase name="of node 175 should be 167" classname="com.github.traderjoe95.mls.protocol.tree.TreeMath" time="0.0"/>
  <testcase name="of node 176 should be 2147483824" classname="com.github.traderjoe95.mls.protocol.tree.TreeMath" time="0.0"/>
  <testcase name="of node 177 should be 176" classname="com.github.traderjoe95.mls.protocol.tree.TreeMath" time="0.001"/>
  <testcase name="of node 178 should be 2147483826" classname="com.github.traderjoe95.mls.protocol.tree.TreeMath" time="0.0"/>
  <testcase name="of node 179 should be 177" classname="com.github.traderjoe95.mls.protocol.tree.TreeMath" time="0.0"/>
  <testcase name="of node 180 should be 2147483828" classname="com.github.traderjoe95.mls.protocol.tree.TreeMath" time="0.0"/>
  <testcase name="of node 181 should be 180" classname="com.github.traderjoe95.mls.protocol.tree.TreeMath" time="0.0"/>
  <testcase name="of node 182 should be 2147483830" classname="com.github.traderjoe95.mls.protocol.tree.TreeMath" time="0.0"/>
  <testcase name="of node 183 should be 179" classname="com.github.traderjoe95.mls.protocol.tree.TreeMath" time="0.0"/>
  <testcase name="of node 184 should be 2147483832" classname="com.github.traderjoe95.mls.protocol.tree.TreeMath" time="0.0"/>
  <testcase name="of node 185 should be 184" classname="com.github.traderjoe95.mls.protocol.tree.TreeMath" time="0.0"/>
  <testcase name="of node 186 should be 2147483834" classname="com.github.traderjoe95.mls.protocol.tree.TreeMath" time="0.0"/>
  <testcase name="of node 187 should be 185" classname="com.github.traderjoe95.mls.protocol.tree.TreeMath" time="0.0"/>
  <testcase name="of node 188 should be 2147483836" classname="com.github.traderjoe95.mls.protocol.tree.TreeMath" time="0.0"/>
  <testcase name="of node 189 should be 188" classname="com.github.traderjoe95.mls.protocol.tree.TreeMath" time="0.0"/>
  <testcase name="of node 190 should be 2147483838" classname="com.github.traderjoe95.mls.protocol.tree.TreeMath" time="0.0"/>
  <testcase name="of node 191 should be 159" classname="com.github.traderjoe95.mls.protocol.tree.TreeMath" time="0.0"/>
  <testcase name="of node 192 should be 2147483840" classname="com.github.traderjoe95.mls.protocol.tree.TreeMath" time="0.0"/>
  <testcase name="of node 193 should be 192" classname="com.github.traderjoe95.mls.protocol.tree.TreeMath" time="0.0"/>
  <testcase name="of node 194 should be 2147483842" classname="com.github.traderjoe95.mls.protocol.tree.TreeMath" time="0.0"/>
  <testcase name="of node 195 should be 193" classname="com.github.traderjoe95.mls.protocol.tree.TreeMath" time="0.0"/>
  <testcase name="of node 196 should be 2147483844" classname="com.github.traderjoe95.mls.protocol.tree.TreeMath" time="0.0"/>
  <testcase name="of node 197 should be 196" classname="com.github.traderjoe95.mls.protocol.tree.TreeMath" time="0.0"/>
  <testcase name="of node 198 should be 2147483846" classname="com.github.traderjoe95.mls.protocol.tree.TreeMath" time="0.001"/>
  <testcase name="of node 199 should be 195" classname="com.github.traderjoe95.mls.protocol.tree.TreeMath" time="0.0"/>
  <testcase name="of node 200 should be 2147483848" classname="com.github.traderjoe95.mls.protocol.tree.TreeMath" time="0.0"/>
  <testcase name="of node 201 should be 200" classname="com.github.traderjoe95.mls.protocol.tree.TreeMath" time="0.0"/>
  <testcase name="of node 202 should be 2147483850" classname="com.github.traderjoe95.mls.protocol.tree.TreeMath" time="0.0"/>
  <testcase name="of node 203 should be 201" classname="com.github.traderjoe95.mls.protocol.tree.TreeMath" time="0.0"/>
  <testcase name="of node 204 should be 2147483852" classname="com.github.traderjoe95.mls.protocol.tree.TreeMath" time="0.0"/>
  <testcase name="of node 205 should be 204" classname="com.github.traderjoe95.mls.protocol.tree.TreeMath" time="0.0"/>
  <testcase name="of node 206 should be 2147483854" classname="com.github.traderjoe95.mls.protocol.tree.TreeMath" time="0.0"/>
  <testcase name="of node 207 should be 199" classname="com.github.traderjoe95.mls.protocol.tree.TreeMath" time="0.0"/>
  <testcase name="of node 208 should be 2147483856" classname="com.github.traderjoe95.mls.protocol.tree.TreeMath" time="0.0"/>
  <testcase name="of node 209 should be 208" classname="com.github.traderjoe95.mls.protocol.tree.TreeMath" time="0.0"/>
  <testcase name="of node 210 should be 2147483858" classname="com.github.traderjoe95.mls.protocol.tree.TreeMath" time="0.0"/>
  <testcase name="of node 211 should be 209" classname="com.github.traderjoe95.mls.protocol.tree.TreeMath" time="0.001"/>
  <testcase name="of node 212 should be 2147483860" classname="com.github.traderjoe95.mls.protocol.tree.TreeMath" time="0.0"/>
  <testcase name="of node 213 should be 212" classname="com.github.traderjoe95.mls.protocol.tree.TreeMath" time="0.0"/>
  <testcase name="of node 214 should be 2147483862" classname="com.github.traderjoe95.mls.protocol.tree.TreeMath" time="0.0"/>
  <testcase name="of node 215 should be 211" classname="com.github.traderjoe95.mls.protocol.tree.TreeMath" time="0.0"/>
  <testcase name="of node 216 should be 2147483864" classname="com.github.traderjoe95.mls.protocol.tree.TreeMath" time="0.0"/>
  <testcase name="of node 217 should be 216" classname="com.github.traderjoe95.mls.protocol.tree.TreeMath" time="0.0"/>
  <testcase name="of node 218 should be 2147483866" classname="com.github.traderjoe95.mls.protocol.tree.TreeMath" time="0.0"/>
  <testcase name="of node 219 should be 217" classname="com.github.traderjoe95.mls.protocol.tree.TreeMath" time="0.0"/>
  <testcase name="of node 220 should be 2147483868" classname="com.github.traderjoe95.mls.protocol.tree.TreeMath" time="0.001"/>
  <testcase name="of node 221 should be 220" classname="com.github.traderjoe95.mls.protocol.tree.TreeMath" time="0.0"/>
  <testcase name="of node 222 should be 2147483870" classname="com.github.traderjoe95.mls.protocol.tree.TreeMath" time="0.0"/>
  <testcase name="of node 223 should be 207" classname="com.github.traderjoe95.mls.protocol.tree.TreeMath" time="0.0"/>
  <testcase name="of node 224 should be 2147483872" classname="com.github.traderjoe95.mls.protocol.tree.TreeMath" time="0.0"/>
  <testcase name="of node 225 should be 224" classname="com.github.traderjoe95.mls.protocol.tree.TreeMath" time="0.0"/>
  <testcase name="of node 226 should be 2147483874" classname="com.github.traderjoe95.mls.protocol.tree.TreeMath" time="0.0"/>
  <testcase name="of node 227 should be 225" classname="com.github.traderjoe95.mls.protocol.tree.TreeMath" time="0.0"/>
  <testcase name="of node 228 should be 2147483876" classname="com.github.traderjoe95.mls.protocol.tree.TreeMath" time="0.0"/>
  <testcase name="of node 229 should be 228" classname="com.github.traderjoe95.mls.protocol.tree.TreeMath" time="0.0"/>
  <testcase name="of node 230 should be 2147483878" classname="com.github.traderjoe95.mls.protocol.tree.TreeMath" time="0.0"/>
  <testcase name="of node 231 should be 227" classname="com.github.traderjoe95.mls.protocol.tree.TreeMath" time="0.0"/>
  <testcase name="of node 232 should be 2147483880" classname="com.github.traderjoe95.mls.protocol.tree.TreeMath" time="0.0"/>
  <testcase name="of node 233 should be 232" classname="com.github.traderjoe95.mls.protocol.tree.TreeMath" time="0.0"/>
  <testcase name="of node 234 should be 2147483882" classname="com.github.traderjoe95.mls.protocol.tree.TreeMath" time="0.001"/>
  <testcase name="of node 235 should be 233" classname="com.github.traderjoe95.mls.protocol.tree.TreeMath" time="0.0"/>
  <testcase name="of node 236 should be 2147483884" classname="com.github.traderjoe95.mls.protocol.tree.TreeMath" time="0.0"/>
  <testcase name="of node 237 should be 236" classname="com.github.traderjoe95.mls.protocol.tree.TreeMath" time="0.0"/>
  <testcase name="of node 238 should be 2147483886" classname="com.github.traderjoe95.mls.protocol.tree.TreeMath" time="0.0"/>
  <testcase name="of node 239 should be 231" classname="com.github.traderjoe95.mls.protocol.tree.TreeMath" time="0.0"/>
  <testcase name="of node 240 should be 2147483888" classname="com.github.traderjoe95.mls.protocol.tree.TreeMath" time="0.0"/>
  <testcase name="of node 241 should be 240" classname="com.github.traderjoe95.mls.protocol.tree.TreeMath" time="0.0"/>
  <testcase name="of node 242 should be 2147483890" classname="com.github.traderjoe95.mls.protocol.tree.TreeMath" time="0.0"/>
  <testcase name="of node 243 should be 241" classname="com.github.traderjoe95.mls.protocol.tree.TreeMath" time="0.0"/>
  <testcase name="of node 244 should be 2147483892" classname="com.github.traderjoe95.mls.protocol.tree.TreeMath" time="0.0"/>
  <testcase name="of node 245 should be 244" classname="com.github.traderjoe95.mls.protocol.tree.TreeMath" time="0.0"/>
  <testcase name="of node 246 should be 2147483894" classname="com.github.traderjoe95.mls.protocol.tree.TreeMath" time="0.0"/>
  <testcase name="of node 247 should be 243" classname="com.github.traderjoe95.mls.protocol.tree.TreeMath" time="0.0"/>
  <testcase name="of node 248 should be 2147483896" classname="com.github.traderjoe95.mls.protocol.tree.TreeMath" time="0.0"/>
  <testcase name="of node 249 should be 248" classname="com.github.traderjoe95.mls.protocol.tree.TreeMath" time="0.0"/>
  <testcase name="of node 250 should be 2147483898" classname="com.github.traderjoe95.mls.protocol.tree.TreeMath" time="0.0"/>
  <testcase name="of node 251 should be 249" classname="com.github.traderjoe95.mls.protocol.tree.TreeMath" time="0.0"/>
  <testcase name="of node 252 should be 2147483900" classname="com.github.traderjoe95.mls.protocol.tree.TreeMath" time="0.0"/>
  <testcase name="of node 253 should be 252" classname="com.github.traderjoe95.mls.protocol.tree.TreeMath" time="0.0"/>
  <testcase name="of node 254 should be 2147483902" classname="com.github.traderjoe95.mls.protocol.tree.TreeMath" time="0.001"/>
  <testcase name="of node 255 should be 127" classname="com.github.traderjoe95.mls.protocol.tree.TreeMath" time="0.0"/>
  <testcase name="of node 256 should be 2147483904" classname="com.github.traderjoe95.mls.protocol.tree.TreeMath" time="0.0"/>
  <testcase name="of node 257 should be 256" classname="com.github.traderjoe95.mls.protocol.tree.TreeMath" time="0.0"/>
  <testcase name="of node 258 should be 2147483906" classname="com.github.traderjoe95.mls.protocol.tree.TreeMath" time="0.0"/>
  <testcase name="of node 259 should be 257" classname="com.github.traderjoe95.mls.protocol.tree.TreeMath" time="0.0"/>
  <testcase name="of node 260 should be 2147483908" classname="com.github.traderjoe95.mls.protocol.tree.TreeMath" time="0.0"/>
  <testcase name="of node 261 should be 260" classname="com.github.traderjoe95.mls.protocol.tree.TreeMath" time="0.0"/>
  <testcase name="of node 262 should be 2147483910" classname="com.github.traderjoe95.mls.protocol.tree.TreeMath" time="0.0"/>
  <testcase name="of node 263 should be 259" classname="com.github.traderjoe95.mls.protocol.tree.TreeMath" time="0.0"/>
  <testcase name="of node 264 should be 2147483912" classname="com.github.traderjoe95.mls.protocol.tree.TreeMath" time="0.0"/>
  <testcase name="of node 265 should be 264" classname="com.github.traderjoe95.mls.protocol.tree.TreeMath" time="0.0"/>
  <testcase name="of node 266 should be 2147483914" classname="com.github.traderjoe95.mls.protocol.tree.TreeMath" time="0.0"/>
  <testcase name="of node 267 should be 265" classname="com.github.traderjoe95.mls.protocol.tree.TreeMath" time="0.0"/>
  <testcase name="of node 268 should be 2147483916" classname="com.github.traderjoe95.mls.protocol.tree.TreeMath" time="0.0"/>
  <testcase name="of node 269 should be 268" classname="com.github.traderjoe95.mls.protocol.tree.TreeMath" time="0.0"/>
  <testcase name="of node 270 should be 2147483918" classname="com.github.traderjoe95.mls.protocol.tree.TreeMath" time="0.0"/>
  <testcase name="of node 271 should be 263" classname="com.github.traderjoe95.mls.protocol.tree.TreeMath" time="0.0"/>
  <testcase name="of node 272 should be 2147483920" classname="com.github.traderjoe95.mls.protocol.tree.TreeMath" time="0.0"/>
  <testcase name="of node 273 should be 272" classname="com.github.traderjoe95.mls.protocol.tree.TreeMath" time="0.0"/>
  <testcase name="of node 274 should be 2147483922" classname="com.github.traderjoe95.mls.protocol.tree.TreeMath" time="0.001"/>
  <testcase name="of node 275 should be 273" classname="com.github.traderjoe95.mls.protocol.tree.TreeMath" time="0.0"/>
  <testcase name="of node 276 should be 2147483924" classname="com.github.traderjoe95.mls.protocol.tree.TreeMath" time="0.0"/>
  <testcase name="of node 277 should be 276" classname="com.github.traderjoe95.mls.protocol.tree.TreeMath" time="0.0"/>
  <testcase name="of node 278 should be 2147483926" classname="com.github.traderjoe95.mls.protocol.tree.TreeMath" time="0.0"/>
  <testcase name="of node 279 should be 275" classname="com.github.traderjoe95.mls.protocol.tree.TreeMath" time="0.001"/>
  <testcase name="of node 280 should be 2147483928" classname="com.github.traderjoe95.mls.protocol.tree.TreeMath" time="0.0"/>
  <testcase name="of node 281 should be 280" classname="com.github.traderjoe95.mls.protocol.tree.TreeMath" time="0.0"/>
  <testcase name="of node 282 should be 2147483930" classname="com.github.traderjoe95.mls.protocol.tree.TreeMath" time="0.0"/>
  <testcase name="of node 283 should be 281" classname="com.github.traderjoe95.mls.protocol.tree.TreeMath" time="0.0"/>
  <testcase name="of node 284 should be 2147483932" classname="com.github.traderjoe95.mls.protocol.tree.TreeMath" time="0.0"/>
  <testcase name="of node 285 should be 284" classname="com.github.traderjoe95.mls.protocol.tree.TreeMath" time="0.0"/>
  <testcase name="of node 286 should be 2147483934" classname="com.github.traderjoe95.mls.protocol.tree.TreeMath" time="0.0"/>
  <testcase name="of node 287 should be 271" classname="com.github.traderjoe95.mls.protocol.tree.TreeMath" time="0.0"/>
  <testcase name="of node 288 should be 2147483936" classname="com.github.traderjoe95.mls.protocol.tree.TreeMath" time="0.0"/>
  <testcase name="of node 289 should be 288" classname="com.github.traderjoe95.mls.protocol.tree.TreeMath" time="0.0"/>
  <testcase name="of node 290 should be 2147483938" classname="com.github.traderjoe95.mls.protocol.tree.TreeMath" time="0.0"/>
  <testcase name="of node 291 should be 289" classname="com.github.traderjoe95.mls.protocol.tree.TreeMath" time="0.0"/>
  <testcase name="of node 292 should be 2147483940" classname="com.github.traderjoe95.mls.protocol.tree.TreeMath" time="0.0"/>
  <testcase name="of node 293 should be 292" classname="com.github.traderjoe95.mls.protocol.tree.TreeMath" time="0.001"/>
  <testcase name="of node 294 should be 2147483942" classname="com.github.traderjoe95.mls.protocol.tree.TreeMath" time="0.0"/>
  <testcase name="of node 295 should be 291" classname="com.github.traderjoe95.mls.protocol.tree.TreeMath" time="0.001"/>
  <testcase name="of node 296 should be 2147483944" classname="com.github.traderjoe95.mls.protocol.tree.TreeMath" time="0.0"/>
  <testcase name="of node 297 should be 296" classname="com.github.traderjoe95.mls.protocol.tree.TreeMath" time="0.0"/>
  <testcase name="of node 298 should be 2147483946" classname="com.github.traderjoe95.mls.protocol.tree.TreeMath" time="0.0"/>
  <testcase name="of node 299 should be 297" classname="com.github.traderjoe95.mls.protocol.tree.TreeMath" time="0.0"/>
  <testcase name="of node 300 should be 2147483948" classname="com.github.traderjoe95.mls.protocol.tree.TreeMath" time="0.0"/>
  <testcase name="of node 301 should be 300" classname="com.github.traderjoe95.mls.protocol.tree.TreeMath" time="0.0"/>
  <testcase name="of node 302 should be 2147483950" classname="com.github.traderjoe95.mls.protocol.tree.TreeMath" time="0.0"/>
  <testcase name="of node 303 should be 295" classname="com.github.traderjoe95.mls.protocol.tree.TreeMath" time="0.0"/>
  <testcase name="of node 304 should be 2147483952" classname="com.github.traderjoe95.mls.protocol.tree.TreeMath" time="0.0"/>
  <testcase name="of node 305 should be 304" classname="com.github.traderjoe95.mls.protocol.tree.TreeMath" time="0.0"/>
  <testcase name="of node 306 should be 2147483954" classname="com.github.traderjoe95.mls.protocol.tree.TreeMath" time="0.0"/>
  <testcase name="of node 307 should be 305" classname="com.github.traderjoe95.mls.protocol.tree.TreeMath" time="0.0"/>
  <testcase name="of node 308 should be 2147483956" classname="com.github.traderjoe95.mls.protocol.tree.TreeMath" time="0.0"/>
  <testcase name="of node 309 should be 308" classname="com.github.traderjoe95.mls.protocol.tree.TreeMath" time="0.001"/>
  <testcase name="of node 310 should be 2147483958" classname="com.github.traderjoe95.mls.protocol.tree.TreeMath" time="0.0"/>
  <testcase name="of node 311 should be 307" classname="com.github.traderjoe95.mls.protocol.tree.TreeMath" time="0.0"/>
  <testcase name="of node 312 should be 2147483960" classname="com.github.traderjoe95.mls.protocol.tree.TreeMath" time="0.0"/>
  <testcase name="of node 313 should be 312" classname="com.github.traderjoe95.mls.protocol.tree.TreeMath" time="0.0"/>
  <testcase name="of node 314 should be 2147483962" classname="com.github.traderjoe95.mls.protocol.tree.TreeMath" time="0.0"/>
  <testcase name="of node 315 should be 313" classname="com.github.traderjoe95.mls.protocol.tree.TreeMath" time="0.001"/>
  <testcase name="of node 316 should be 2147483964" classname="com.github.traderjoe95.mls.protocol.tree.TreeMath" time="0.0"/>
  <testcase name="of node 317 should be 316" classname="com.github.traderjoe95.mls.protocol.tree.TreeMath" time="0.0"/>
  <testcase name="of node 318 should be 2147483966" classname="com.github.traderjoe95.mls.protocol.tree.TreeMath" time="0.0"/>
  <testcase name="of node 319 should be 287" classname="com.github.traderjoe95.mls.protocol.tree.TreeMath" time="0.0"/>
  <testcase name="of node 320 should be 2147483968" classname="com.github.traderjoe95.mls.protocol.tree.TreeMath" time="0.0"/>
  <testcase name="of node 321 should be 320" classname="com.github.traderjoe95.mls.protocol.tree.TreeMath" time="0.0"/>
  <testcase name="of node 322 should be 2147483970" classname="com.github.traderjoe95.mls.protocol.tree.TreeMath" time="0.001"/>
  <testcase name="of node 323 should be 321" classname="com.github.traderjoe95.mls.protocol.tree.TreeMath" time="0.0"/>
  <testcase name="of node 324 should be 2147483972" classname="com.github.traderjoe95.mls.protocol.tree.TreeMath" time="0.001"/>
  <testcase name="of node 325 should be 324" classname="com.github.traderjoe95.mls.protocol.tree.TreeMath" time="0.0"/>
  <testcase name="of node 326 should be 2147483974" classname="com.github.traderjoe95.mls.protocol.tree.TreeMath" time="0.001"/>
  <testcase name="of node 327 should be 323" classname="com.github.traderjoe95.mls.protocol.tree.TreeMath" time="0.0"/>
  <testcase name="of node 328 should be 2147483976" classname="com.github.traderjoe95.mls.protocol.tree.TreeMath" time="0.0"/>
  <testcase name="of node 329 should be 328" classname="com.github.traderjoe95.mls.protocol.tree.TreeMath" time="0.0"/>
  <testcase name="of node 330 should be 2147483978" classname="com.github.traderjoe95.mls.protocol.tree.TreeMath" time="0.0"/>
  <testcase name="of node 331 should be 329" classname="com.github.traderjoe95.mls.protocol.tree.TreeMath" time="0.0"/>
  <testcase name="of node 332 should be 2147483980" classname="com.github.traderjoe95.mls.protocol.tree.TreeMath" time="0.0"/>
  <testcase name="of node 333 should be 332" classname="com.github.traderjoe95.mls.protocol.tree.TreeMath" time="0.0"/>
  <testcase name="of node 334 should be 2147483982" classname="com.github.traderjoe95.mls.protocol.tree.TreeMath" time="0.0"/>
  <testcase name="of node 335 should be 327" classname="com.github.traderjoe95.mls.protocol.tree.TreeMath" time="0.0"/>
  <testcase name="of node 336 should be 2147483984" classname="com.github.traderjoe95.mls.protocol.tree.TreeMath" time="0.0"/>
  <testcase name="of node 337 should be 336" classname="com.github.traderjoe95.mls.protocol.tree.TreeMath" time="0.0"/>
  <testcase name="of node 338 should be 2147483986" classname="com.github.traderjoe95.mls.protocol.tree.TreeMath" time="0.0"/>
  <testcase name="of node 339 should be 337" classname="com.github.traderjoe95.mls.protocol.tree.TreeMath" time="0.0"/>
  <testcase name="of node 340 should be 2147483988" classname="com.github.traderjoe95.mls.protocol.tree.TreeMath" time="0.0"/>
  <testcase name="of node 341 should be 340" classname="com.github.traderjoe95.mls.protocol.tree.TreeMath" time="0.0"/>
  <testcase name="of node 342 should be 2147483990" classname="com.github.traderjoe95.mls.protocol.tree.TreeMath" time="0.0"/>
  <testcase name="of node 343 should be 339" classname="com.github.traderjoe95.mls.protocol.tree.TreeMath" time="0.0"/>
  <testcase name="of node 344 should be 2147483992" classname="com.github.traderjoe95.mls.protocol.tree.TreeMath" time="0.0"/>
  <testcase name="of node 345 should be 344" classname="com.github.traderjoe95.mls.protocol.tree.TreeMath" time="0.0"/>
  <testcase name="of node 346 should be 2147483994" classname="com.github.traderjoe95.mls.protocol.tree.TreeMath" time="0.0"/>
  <testcase name="of node 347 should be 345" classname="com.github.traderjoe95.mls.protocol.tree.TreeMath" time="0.0"/>
  <testcase name="of node 348 should be 2147483996" classname="com.github.traderjoe95.mls.protocol.tree.TreeMath" time="0.0"/>
  <testcase name="of node 349 should be 348" classname="com.github.traderjoe95.mls.protocol.tree.TreeMath" time="0.001"/>
  <testcase name="of node 350 should be 2147483998" classname="com.github.traderjoe95.mls.protocol.tree.TreeMath" time="0.0"/>
  <testcase name="of node 351 should be 335" classname="com.github.traderjoe95.mls.protocol.tree.TreeMath" time="0.0"/>
  <testcase name="of node 352 should be 2147484000" classname="com.github.traderjoe95.mls.protocol.tree.TreeMath" time="0.0"/>
  <testcase name="of node 353 should be 352" classname="com.github.traderjoe95.mls.protocol.tree.TreeMath" time="0.0"/>
  <testcase name="of node 354 should be 2147484002" classname="com.github.traderjoe95.mls.protocol.tree.TreeMath" time="0.0"/>
  <testcase name="of node 355 should be 353" classname="com.github.traderjoe95.mls.protocol.tree.TreeMath" time="0.0"/>
  <testcase name="of node 356 should be 2147484004" classname="com.github.traderjoe95.mls.protocol.tree.TreeMath" time="0.0"/>
  <testcase name="of node 357 should be 356" classname="com.github.traderjoe95.mls.protocol.tree.TreeMath" time="0.0"/>
  <testcase name="of node 358 should be 2147484006" classname="com.github.traderjoe95.mls.protocol.tree.TreeMath" time="0.0"/>
  <testcase name="of node 359 should be 355" classname="com.github.traderjoe95.mls.protocol.tree.TreeMath" time="0.0"/>
  <testcase name="of node 360 should be 2147484008" classname="com.github.traderjoe95.mls.protocol.tree.TreeMath" time="0.0"/>
  <testcase name="of node 361 should be 360" classname="com.github.traderjoe95.mls.protocol.tree.TreeMath" time="0.0"/>
  <testcase name="of node 362 should be 2147484010" classname="com.github.traderjoe95.mls.protocol.tree.TreeMath" time="0.0"/>
  <testcase name="of node 363 should be 361" classname="com.github.traderjoe95.mls.protocol.tree.TreeMath" time="0.0"/>
  <testcase name="of node 364 should be 2147484012" classname="com.github.traderjoe95.mls.protocol.tree.TreeMath" time="0.0"/>
  <testcase name="of node 365 should be 364" classname="com.github.traderjoe95.mls.protocol.tree.TreeMath" time="0.001"/>
  <testcase name="of node 366 should be 2147484014" classname="com.github.traderjoe95.mls.protocol.tree.TreeMath" time="0.0"/>
  <testcase name="of node 367 should be 359" classname="com.github.traderjoe95.mls.protocol.tree.TreeMath" time="0.0"/>
  <testcase name="of node 368 should be 2147484016" classname="com.github.traderjoe95.mls.protocol.tree.TreeMath" time="0.0"/>
  <testcase name="of node 369 should be 368" classname="com.github.traderjoe95.mls.protocol.tree.TreeMath" time="0.0"/>
  <testcase name="of node 370 should be 2147484018" classname="com.github.traderjoe95.mls.protocol.tree.TreeMath" time="0.0"/>
  <testcase name="of node 371 should be 369" classname="com.github.traderjoe95.mls.protocol.tree.TreeMath" time="0.0"/>
  <testcase name="of node 372 should be 2147484020" classname="com.github.traderjoe95.mls.protocol.tree.TreeMath" time="0.0"/>
  <testcase name="of node 373 should be 372" classname="com.github.traderjoe95.mls.protocol.tree.TreeMath" time="0.0"/>
  <testcase name="of node 374 should be 2147484022" classname="com.github.traderjoe95.mls.protocol.tree.TreeMath" time="0.0"/>
  <testcase name="of node 375 should be 371" classname="com.github.traderjoe95.mls.protocol.tree.TreeMath" time="0.0"/>
  <testcase name="of node 376 should be 2147484024" classname="com.github.traderjoe95.mls.protocol.tree.TreeMath" time="0.0"/>
  <testcase name="of node 377 should be 376" classname="com.github.traderjoe95.mls.protocol.tree.TreeMath" time="0.0"/>
  <testcase name="of node 378 should be 2147484026" classname="com.github.traderjoe95.mls.protocol.tree.TreeMath" time="0.0"/>
  <testcase name="of node 379 should be 377" classname="com.github.traderjoe95.mls.protocol.tree.TreeMath" time="0.0"/>
  <testcase name="of node 380 should be 2147484028" classname="com.github.traderjoe95.mls.protocol.tree.TreeMath" time="0.0"/>
  <testcase name="of node 381 should be 380" classname="com.github.traderjoe95.mls.protocol.tree.TreeMath" time="0.001"/>
  <testcase name="of node 382 should be 2147484030" classname="com.github.traderjoe95.mls.protocol.tree.TreeMath" time="0.0"/>
  <testcase name="of node 383 should be 319" classname="com.github.traderjoe95.mls.protocol.tree.TreeMath" time="0.0"/>
  <testcase name="of node 384 should be 2147484032" classname="com.github.traderjoe95.mls.protocol.tree.TreeMath" time="0.0"/>
  <testcase name="of node 385 should be 384" classname="com.github.traderjoe95.mls.protocol.tree.TreeMath" time="0.0"/>
  <testcase name="of node 386 should be 2147484034" classname="com.github.traderjoe95.mls.protocol.tree.TreeMath" time="0.0"/>
  <testcase name="of node 387 should be 385" classname="com.github.traderjoe95.mls.protocol.tree.TreeMath" time="0.0"/>
  <testcase name="of node 388 should be 2147484036" classname="com.github.traderjoe95.mls.protocol.tree.TreeMath" time="0.0"/>
  <testcase name="of node 389 should be 388" classname="com.github.traderjoe95.mls.protocol.tree.TreeMath" time="0.0"/>
  <testcase name="of node 390 should be 2147484038" classname="com.github.traderjoe95.mls.protocol.tree.TreeMath" time="0.0"/>
  <testcase name="of node 391 should be 387" classname="com.github.traderjoe95.mls.protocol.tree.TreeMath" time="0.0"/>
  <testcase name="of node 392 should be 2147484040" classname="com.github.traderjoe95.mls.protocol.tree.TreeMath" time="0.0"/>
  <testcase name="of node 393 should be 392" classname="com.github.traderjoe95.mls.protocol.tree.TreeMath" time="0.0"/>
  <testcase name="of node 394 should be 2147484042" classname="com.github.traderjoe95.mls.protocol.tree.TreeMath" time="0.0"/>
  <testcase name="of node 395 should be 393" classname="com.github.traderjoe95.mls.protocol.tree.TreeMath" time="0.0"/>
  <testcase name="of node 396 should be 2147484044" classname="com.github.traderjoe95.mls.protocol.tree.TreeMath" time="0.0"/>
  <testcase name="of node 397 should be 396" classname="com.github.traderjoe95.mls.protocol.tree.TreeMath" time="0.0"/>
  <testcase name="of node 398 should be 2147484046" classname="com.github.traderjoe95.mls.protocol.tree.TreeMath" time="0.0"/>
  <testcase name="of node 399 should be 391" classname="com.github.traderjoe95.mls.protocol.tree.TreeMath" time="0.0"/>
  <testcase name="of node 400 should be 2147484048" classname="com.github.traderjoe95.mls.protocol.tree.TreeMath" time="0.0"/>
  <testcase name="of node 401 should be 400" classname="com.github.traderjoe95.mls.protocol.tree.TreeMath" time="0.0"/>
  <testcase name="of node 402 should be 2147484050" classname="com.github.traderjoe95.mls.protocol.tree.TreeMath" time="0.0"/>
  <testcase name="of node 403 should be 401" classname="com.github.traderjoe95.mls.protocol.tree.TreeMath" time="0.0"/>
  <testcase name="of node 404 should be 2147484052" classname="com.github.traderjoe95.mls.protocol.tree.TreeMath" time="0.0"/>
  <testcase name="of node 405 should be 404" classname="com.github.traderjoe95.mls.protocol.tree.TreeMath" time="0.0"/>
  <testcase name="of node 406 should be 2147484054" classname="com.github.traderjoe95.mls.protocol.tree.TreeMath" time="0.0"/>
  <testcase name="of node 407 should be 403" classname="com.github.traderjoe95.mls.protocol.tree.TreeMath" time="0.0"/>
  <testcase name="of node 408 should be 2147484056" classname="com.github.traderjoe95.mls.protocol.tree.TreeMath" time="0.0"/>
  <testcase name="of node 409 should be 408" classname="com.github.traderjoe95.mls.protocol.tree.TreeMath" time="0.0"/>
  <testcase name="of node 410 should be 2147484058" classname="com.github.traderjoe95.mls.protocol.tree.TreeMath" time="0.0"/>
  <testcase name="of node 411 should be 409" classname="com.github.traderjoe95.mls.protocol.tree.TreeMath" time="0.0"/>
  <testcase name="of node 412 should be 2147484060" classname="com.github.traderjoe95.mls.protocol.tree.TreeMath" time="0.0"/>
  <testcase name="of node 413 should be 412" classname="com.github.traderjoe95.mls.protocol.tree.TreeMath" time="0.001"/>
  <testcase name="of node 414 should be 2147484062" classname="com.github.traderjoe95.mls.protocol.tree.TreeMath" time="0.0"/>
  <testcase name="of node 415 should be 399" classname="com.github.traderjoe95.mls.protocol.tree.TreeMath" time="0.0"/>
  <testcase name="of node 416 should be 2147484064" classname="com.github.traderjoe95.mls.protocol.tree.TreeMath" time="0.0"/>
  <testcase name="of node 417 should be 416" classname="com.github.traderjoe95.mls.protocol.tree.TreeMath" time="0.0"/>
  <testcase name="of node 418 should be 2147484066" classname="com.github.traderjoe95.mls.protocol.tree.TreeMath" time="0.0"/>
  <testcase name="of node 419 should be 417" classname="com.github.traderjoe95.mls.protocol.tree.TreeMath" time="0.0"/>
  <testcase name="of node 420 should be 2147484068" classname="com.github.traderjoe95.mls.protocol.tree.TreeMath" time="0.0"/>
  <testcase name="of node 421 should be 420" classname="com.github.traderjoe95.mls.protocol.tree.TreeMath" time="0.0"/>
  <testcase name="of node 422 should be 2147484070" classname="com.github.traderjoe95.mls.protocol.tree.TreeMath" time="0.0"/>
  <testcase name="of node 423 should be 419" classname="com.github.traderjoe95.mls.protocol.tree.TreeMath" time="0.0"/>
  <testcase name="of node 424 should be 2147484072" classname="com.github.traderjoe95.mls.protocol.tree.TreeMath" time="0.0"/>
  <testcase name="of node 425 should be 424" classname="com.github.traderjoe95.mls.protocol.tree.TreeMath" time="0.001"/>
  <testcase name="of node 426 should be 2147484074" classname="com.github.traderjoe95.mls.protocol.tree.TreeMath" time="0.0"/>
  <testcase name="of node 427 should be 425" classname="com.github.traderjoe95.mls.protocol.tree.TreeMath" time="0.0"/>
  <testcase name="of node 428 should be 2147484076" classname="com.github.traderjoe95.mls.protocol.tree.TreeMath" time="0.0"/>
  <testcase name="of node 429 should be 428" classname="com.github.traderjoe95.mls.protocol.tree.TreeMath" time="0.0"/>
  <testcase name="of node 430 should be 2147484078" classname="com.github.traderjoe95.mls.protocol.tree.TreeMath" time="0.0"/>
  <testcase name="of node 431 should be 423" classname="com.github.traderjoe95.mls.protocol.tree.TreeMath" time="0.001"/>
  <testcase name="of node 432 should be 2147484080" classname="com.github.traderjoe95.mls.protocol.tree.TreeMath" time="0.0"/>
  <testcase name="of node 433 should be 432" classname="com.github.traderjoe95.mls.protocol.tree.TreeMath" time="0.0"/>
  <testcase name="of node 434 should be 2147484082" classname="com.github.traderjoe95.mls.protocol.tree.TreeMath" time="0.0"/>
  <testcase name="of node 435 should be 433" classname="com.github.traderjoe95.mls.protocol.tree.TreeMath" time="0.0"/>
  <testcase name="of node 436 should be 2147484084" classname="com.github.traderjoe95.mls.protocol.tree.TreeMath" time="0.0"/>
  <testcase name="of node 437 should be 436" classname="com.github.traderjoe95.mls.protocol.tree.TreeMath" time="0.0"/>
  <testcase name="of node 438 should be 2147484086" classname="com.github.traderjoe95.mls.protocol.tree.TreeMath" time="0.0"/>
  <testcase name="of node 439 should be 435" classname="com.github.traderjoe95.mls.protocol.tree.TreeMath" time="0.0"/>
  <testcase name="of node 440 should be 2147484088" classname="com.github.traderjoe95.mls.protocol.tree.TreeMath" time="0.0"/>
  <testcase name="of node 441 should be 440" classname="com.github.traderjoe95.mls.protocol.tree.TreeMath" time="0.0"/>
  <testcase name="of node 442 should be 2147484090" classname="com.github.traderjoe95.mls.protocol.tree.TreeMath" time="0.0"/>
  <testcase name="of node 443 should be 441" classname="com.github.traderjoe95.mls.protocol.tree.TreeMath" time="0.0"/>
  <testcase name="of node 444 should be 2147484092" classname="com.github.traderjoe95.mls.protocol.tree.TreeMath" time="0.0"/>
  <testcase name="of node 445 should be 444" classname="com.github.traderjoe95.mls.protocol.tree.TreeMath" time="0.0"/>
  <testcase name="of node 446 should be 2147484094" classname="com.github.traderjoe95.mls.protocol.tree.TreeMath" time="0.0"/>
  <testcase name="of node 447 should be 415" classname="com.github.traderjoe95.mls.protocol.tree.TreeMath" time="0.0"/>
  <testcase name="of node 448 should be 2147484096" classname="com.github.traderjoe95.mls.protocol.tree.TreeMath" time="0.0"/>
  <testcase name="of node 449 should be 448" classname="com.github.traderjoe95.mls.protocol.tree.TreeMath" time="0.0"/>
  <testcase name="of node 450 should be 2147484098" classname="com.github.traderjoe95.mls.protocol.tree.TreeMath" time="0.0"/>
  <testcase name="of node 451 should be 449" classname="com.github.traderjoe95.mls.protocol.tree.TreeMath" time="0.0"/>
  <testcase name="of node 452 should be 2147484100" classname="com.github.traderjoe95.mls.protocol.tree.TreeMath" time="0.001"/>
  <testcase name="of node 453 should be 452" classname="com.github.traderjoe95.mls.protocol.tree.TreeMath" time="0.0"/>
  <testcase name="of node 454 should be 2147484102" classname="com.github.traderjoe95.mls.protocol.tree.TreeMath" time="0.0"/>
  <testcase name="of node 455 should be 451" classname="com.github.traderjoe95.mls.protocol.tree.TreeMath" time="0.0"/>
  <testcase name="of node 456 should be 2147484104" classname="com.github.traderjoe95.mls.protocol.tree.TreeMath" time="0.0"/>
  <testcase name="of node 457 should be 456" classname="com.github.traderjoe95.mls.protocol.tree.TreeMath" time="0.0"/>
  <testcase name="of node 458 should be 2147484106" classname="com.github.traderjoe95.mls.protocol.tree.TreeMath" time="0.0"/>
  <testcase name="of node 459 should be 457" classname="com.github.traderjoe95.mls.protocol.tree.TreeMath" time="0.0"/>
  <testcase name="of node 460 should be 2147484108" classname="com.github.traderjoe95.mls.protocol.tree.TreeMath" time="0.0"/>
  <testcase name="of node 461 should be 460" classname="com.github.traderjoe95.mls.protocol.tree.TreeMath" time="0.0"/>
  <testcase name="of node 462 should be 2147484110" classname="com.github.traderjoe95.mls.protocol.tree.TreeMath" time="0.0"/>
  <testcase name="of node 463 should be 455" classname="com.github.traderjoe95.mls.protocol.tree.TreeMath" time="0.0"/>
  <testcase name="of node 464 should be 2147484112" classname="com.github.traderjoe95.mls.protocol.tree.TreeMath" time="0.0"/>
  <testcase name="of node 465 should be 464" classname="com.github.traderjoe95.mls.protocol.tree.TreeMath" time="0.0"/>
  <testcase name="of node 466 should be 2147484114" classname="com.github.traderjoe95.mls.protocol.tree.TreeMath" time="0.0"/>
  <testcase name="of node 467 should be 465" classname="com.github.traderjoe95.mls.protocol.tree.TreeMath" time="0.0"/>
  <testcase name="of node 468 should be 2147484116" classname="com.github.traderjoe95.mls.protocol.tree.TreeMath" time="0.0"/>
  <testcase name="of node 469 should be 468" classname="com.github.traderjoe95.mls.protocol.tree.TreeMath" time="0.0"/>
  <testcase name="of node 470 should be 2147484118" classname="com.github.traderjoe95.mls.protocol.tree.TreeMath" time="0.0"/>
  <testcase name="of node 471 should be 467" classname="com.github.traderjoe95.mls.protocol.tree.TreeMath" time="0.0"/>
  <testcase name="of node 472 should be 2147484120" classname="com.github.traderjoe95.mls.protocol.tree.TreeMath" time="0.0"/>
  <testcase name="of node 473 should be 472" classname="com.github.traderjoe95.mls.protocol.tree.TreeMath" time="0.0"/>
  <testcase name="of node 474 should be 2147484122" classname="com.github.traderjoe95.mls.protocol.tree.TreeMath" time="0.0"/>
  <testcase name="of node 475 should be 473" classname="com.github.traderjoe95.mls.protocol.tree.TreeMath" time="0.0"/>
  <testcase name="of node 476 should be 2147484124" classname="com.github.traderjoe95.mls.protocol.tree.TreeMath" time="0.0"/>
  <testcase name="of node 477 should be 476" classname="com.github.traderjoe95.mls.protocol.tree.TreeMath" time="0.0"/>
  <testcase name="of node 478 should be 2147484126" classname="com.github.traderjoe95.mls.protocol.tree.TreeMath" time="0.0"/>
  <testcase name="of node 479 should be 463" classname="com.github.traderjoe95.mls.protocol.tree.TreeMath" time="0.0"/>
  <testcase name="of node 480 should be 2147484128" classname="com.github.traderjoe95.mls.protocol.tree.TreeMath" time="0.0"/>
  <testcase name="of node 481 should be 480" classname="com.github.traderjoe95.mls.protocol.tree.TreeMath" time="0.0"/>
  <testcase name="of node 482 should be 2147484130" classname="com.github.traderjoe95.mls.protocol.tree.TreeMath" time="0.0"/>
  <testcase name="of node 483 should be 481" classname="com.github.traderjoe95.mls.protocol.tree.TreeMath" time="0.0"/>
  <testcase name="of node 484 should be 2147484132" classname="com.github.traderjoe95.mls.protocol.tree.TreeMath" time="0.0"/>
  <testcase name="of node 485 should be 484" classname="com.github.traderjoe95.mls.protocol.tree.TreeMath" time="0.0"/>
  <testcase name="of node 486 should be 2147484134" classname="com.github.traderjoe95.mls.protocol.tree.TreeMath" time="0.0"/>
  <testcase name="of node 487 should be 483" classname="com.github.traderjoe95.mls.protocol.tree.TreeMath" time="0.0"/>
  <testcase name="of node 488 should be 2147484136" classname="com.github.traderjoe95.mls.protocol.tree.TreeMath" time="0.0"/>
  <testcase name="of node 489 should be 488" classname="com.github.traderjoe95.mls.protocol.tree.TreeMath" time="0.0"/>
  <testcase name="of node 490 should be 2147484138" classname="com.github.traderjoe95.mls.protocol.tree.TreeMath" time="0.0"/>
  <testcase name="of node 491 should be 489" classname="com.github.traderjoe95.mls.protocol.tree.TreeMath" time="0.0"/>
  <testcase name="of node 492 should be 2147484140" classname="com.github.traderjoe95.mls.protocol.tree.TreeMath" time="0.0"/>
  <testcase name="of node 493 should be 492" classname="com.github.traderjoe95.mls.protocol.tree.TreeMath" time="0.0"/>
  <testcase name="of node 494 should be 2147484142" classname="com.github.traderjoe95.mls.protocol.tree.TreeMath" time="0.0"/>
  <testcase name="of node 495 should be 487" classname="com.github.traderjoe95.mls.protocol.tree.TreeMath" time="0.0"/>
  <testcase name="of node 496 should be 2147484144" classname="com.github.traderjoe95.mls.protocol.tree.TreeMath" time="0.0"/>
  <testcase name="of node 497 should be 496" classname="com.github.traderjoe95.mls.protocol.tree.TreeMath" time="0.0"/>
  <testcase name="of node 498 should be 2147484146" classname="com.github.traderjoe95.mls.protocol.tree.TreeMath" time="0.0"/>
  <testcase name="of node 499 should be 497" classname="com.github.traderjoe95.mls.protocol.tree.TreeMath" time="0.0"/>
  <testcase name="of node 500 should be 2147484148" classname="com.github.traderjoe95.mls.protocol.tree.TreeMath" time="0.0"/>
  <testcase name="of node 501 should be 500" classname="com.github.traderjoe95.mls.protocol.tree.TreeMath" time="0.0"/>
  <testcase name="of node 502 should be 2147484150" classname="com.github.traderjoe95.mls.protocol.tree.TreeMath" time="0.0"/>
  <testcase name="of node 503 should be 499" classname="com.github.traderjoe95.mls.protocol.tree.TreeMath" time="0.0"/>
  <testcase name="of node 504 should be 2147484152" classname="com.github.traderjoe95.mls.protocol.tree.TreeMath" time="0.0"/>
  <testcase name="of node 505 should be 504" classname="com.github.traderjoe95.mls.protocol.tree.TreeMath" time="0.0"/>
  <testcase name="of node 506 should be 2147484154" classname="com.github.traderjoe95.mls.protocol.tree.TreeMath" time="0.0"/>
  <testcase name="of node 507 should be 505" classname="com.github.traderjoe95.mls.protocol.tree.TreeMath" time="0.0"/>
  <testcase name="of node 508 should be 2147484156" classname="com.github.traderjoe95.mls.protocol.tree.TreeMath" time="0.0"/>
  <testcase name="of node 509 should be 508" classname="com.github.traderjoe95.mls.protocol.tree.TreeMath" time="0.001"/>
  <testcase name="of node 510 should be 2147484158" classname="com.github.traderjoe95.mls.protocol.tree.TreeMath" time="0.0"/>
  <testcase name="of node 0 should be 2147483648" classname="com.github.traderjoe95.mls.protocol.tree.TreeMath" time="0.0"/>
  <testcase name="of node 1 should be 2" classname="com.github.traderjoe95.mls.protocol.tree.TreeMath" time="0.0"/>
  <testcase name="of node 2 should be 2147483650" classname="com.github.traderjoe95.mls.protocol.tree.TreeMath" time="0.0"/>
  <testcase name="of node 3 should be 5" classname="com.github.traderjoe95.mls.protocol.tree.TreeMath" time="0.0"/>
  <testcase name="of node 4 should be 2147483652" classname="com.github.traderjoe95.mls.protocol.tree.TreeMath" time="0.0"/>
  <testcase name="of node 5 should be 6" classname="com.github.traderjoe95.mls.protocol.tree.TreeMath" time="0.0"/>
  <testcase name="of node 6 should be 2147483654" classname="com.github.traderjoe95.mls.protocol.tree.TreeMath" time="0.0"/>
  <testcase name="of node 7 should be 11" classname="com.github.traderjoe95.mls.protocol.tree.TreeMath" time="0.0"/>
  <testcase name="of node 8 should be 2147483656" classname="com.github.traderjoe95.mls.protocol.tree.TreeMath" time="0.0"/>
  <testcase name="of node 9 should be 10" classname="com.github.traderjoe95.mls.protocol.tree.TreeMath" time="0.0"/>
  <testcase name="of node 10 should be 2147483658" classname="com.github.traderjoe95.mls.protocol.tree.TreeMath" time="0.0"/>
  <testcase name="of node 11 should be 13" classname="com.github.traderjoe95.mls.protocol.tree.TreeMath" time="0.0"/>
  <testcase name="of node 12 should be 2147483660" classname="com.github.traderjoe95.mls.protocol.tree.TreeMath" time="0.0"/>
  <testcase name="of node 13 should be 14" classname="com.github.traderjoe95.mls.protocol.tree.TreeMath" time="0.0"/>
  <testcase name="of node 14 should be 2147483662" classname="com.github.traderjoe95.mls.protocol.tree.TreeMath" time="0.0"/>
  <testcase name="of node 15 should be 23" classname="com.github.traderjoe95.mls.protocol.tree.TreeMath" time="0.0"/>
  <testcase name="of node 16 should be 2147483664" classname="com.github.traderjoe95.mls.protocol.tree.TreeMath" time="0.0"/>
  <testcase name="of node 17 should be 18" classname="com.github.traderjoe95.mls.protocol.tree.TreeMath" time="0.0"/>
  <testcase name="of node 18 should be 2147483666" classname="com.github.traderjoe95.mls.protocol.tree.TreeMath" time="0.0"/>
  <testcase name="of node 19 should be 21" classname="com.github.traderjoe95.mls.protocol.tree.TreeMath" time="0.0"/>
  <testcase name="of node 20 should be 2147483668" classname="com.github.traderjoe95.mls.protocol.tree.TreeMath" time="0.001"/>
  <testcase name="of node 21 should be 22" classname="com.github.traderjoe95.mls.protocol.tree.TreeMath" time="0.0"/>
  <testcase name="of node 22 should be 2147483670" classname="com.github.traderjoe95.mls.protocol.tree.TreeMath" time="0.0"/>
  <testcase name="of node 23 should be 27" classname="com.github.traderjoe95.mls.protocol.tree.TreeMath" time="0.0"/>
  <testcase name="of node 24 should be 2147483672" classname="com.github.traderjoe95.mls.protocol.tree.TreeMath" time="0.0"/>
  <testcase name="of node 25 should be 26" classname="com.github.traderjoe95.mls.protocol.tree.TreeMath" time="0.001"/>
  <testcase name="of node 26 should be 2147483674" classname="com.github.traderjoe95.mls.protocol.tree.TreeMath" time="0.0"/>
  <testcase name="of node 27 should be 29" classname="com.github.traderjoe95.mls.protocol.tree.TreeMath" time="0.0"/>
  <testcase name="of node 28 should be 2147483676" classname="com.github.traderjoe95.mls.protocol.tree.TreeMath" time="0.0"/>
  <testcase name="of node 29 should be 30" classname="com.github.traderjoe95.mls.protocol.tree.TreeMath" time="0.0"/>
  <testcase name="of node 30 should be 2147483678" classname="com.github.traderjoe95.mls.protocol.tree.TreeMath" time="0.001"/>
  <testcase name="of node 31 should be 47" classname="com.github.traderjoe95.mls.protocol.tree.TreeMath" time="0.0"/>
  <testcase name="of node 32 should be 2147483680" classname="com.github.traderjoe95.mls.protocol.tree.TreeMath" time="0.0"/>
  <testcase name="of node 33 should be 34" classname="com.github.traderjoe95.mls.protocol.tree.TreeMath" time="0.0"/>
  <testcase name="of node 34 should be 2147483682" classname="com.github.traderjoe95.mls.protocol.tree.TreeMath" time="0.0"/>
  <testcase name="of node 35 should be 37" classname="com.github.traderjoe95.mls.protocol.tree.TreeMath" time="0.001"/>
  <testcase name="of node 36 should be 2147483684" classname="com.github.traderjoe95.mls.protocol.tree.TreeMath" time="0.0"/>
  <testcase name="of node 37 should be 38" classname="com.github.traderjoe95.mls.protocol.tree.TreeMath" time="0.0"/>
  <testcase name="of node 38 should be 2147483686" classname="com.github.traderjoe95.mls.protocol.tree.TreeMath" time="0.0"/>
  <testcase name="of node 39 should be 43" classname="com.github.traderjoe95.mls.protocol.tree.TreeMath" time="0.0"/>
  <testcase name="of node 40 should be 2147483688" classname="com.github.traderjoe95.mls.protocol.tree.TreeMath" time="0.001"/>
  <testcase name="of node 41 should be 42" classname="com.github.traderjoe95.mls.protocol.tree.TreeMath" time="0.0"/>
  <testcase name="of node 42 should be 2147483690" classname="com.github.traderjoe95.mls.protocol.tree.TreeMath" time="0.0"/>
  <testcase name="of node 43 should be 45" classname="com.github.traderjoe95.mls.protocol.tree.TreeMath" time="0.0"/>
  <testcase name="of node 44 should be 2147483692" classname="com.github.traderjoe95.mls.protocol.tree.TreeMath" time="0.0"/>
  <testcase name="of node 45 should be 46" classname="com.github.traderjoe95.mls.protocol.tree.TreeMath" time="0.0"/>
  <testcase name="of node 46 should be 2147483694" classname="com.github.traderjoe95.mls.protocol.tree.TreeMath" time="0.0"/>
  <testcase name="of node 47 should be 55" classname="com.github.traderjoe95.mls.protocol.tree.TreeMath" time="0.001"/>
  <testcase name="of node 48 should be 2147483696" classname="com.github.traderjoe95.mls.protocol.tree.TreeMath" time="0.0"/>
  <testcase name="of node 49 should be 50" classname="com.github.traderjoe95.mls.protocol.tree.TreeMath" time="0.0"/>
  <testcase name="of node 50 should be 2147483698" classname="com.github.traderjoe95.mls.protocol.tree.TreeMath" time="0.0"/>
  <testcase name="of node 51 should be 53" classname="com.github.traderjoe95.mls.protocol.tree.TreeMath" time="0.0"/>
  <testcase name="of node 52 should be 2147483700" classname="com.github.traderjoe95.mls.protocol.tree.TreeMath" time="0.0"/>
  <testcase name="of node 53 should be 54" classname="com.github.traderjoe95.mls.protocol.tree.TreeMath" time="0.0"/>
  <testcase name="of node 54 should be 2147483702" classname="com.github.traderjoe95.mls.protocol.tree.TreeMath" time="0.0"/>
  <testcase name="of node 55 should be 59" classname="com.github.traderjoe95.mls.protocol.tree.TreeMath" time="0.0"/>
  <testcase name="of node 56 should be 2147483704" classname="com.github.traderjoe95.mls.protocol.tree.TreeMath" time="0.0"/>
  <testcase name="of node 57 should be 58" classname="com.github.traderjoe95.mls.protocol.tree.TreeMath" time="0.0"/>
  <testcase name="of node 58 should be 2147483706" classname="com.github.traderjoe95.mls.protocol.tree.TreeMath" time="0.0"/>
  <testcase name="of node 59 should be 61" classname="com.github.traderjoe95.mls.protocol.tree.TreeMath" time="0.0"/>
  <testcase name="of node 60 should be 2147483708" classname="com.github.traderjoe95.mls.protocol.tree.TreeMath" time="0.0"/>
  <testcase name="of node 61 should be 62" classname="com.github.traderjoe95.mls.protocol.tree.TreeMath" time="0.0"/>
  <testcase name="of node 62 should be 2147483710" classname="com.github.traderjoe95.mls.protocol.tree.TreeMath" time="0.0"/>
  <testcase name="of node 63 should be 95" classname="com.github.traderjoe95.mls.protocol.tree.TreeMath" time="0.0"/>
  <testcase name="of node 64 should be 2147483712" classname="com.github.traderjoe95.mls.protocol.tree.TreeMath" time="0.0"/>
  <testcase name="of node 65 should be 66" classname="com.github.traderjoe95.mls.protocol.tree.TreeMath" time="0.0"/>
  <testcase name="of node 66 should be 2147483714" classname="com.github.traderjoe95.mls.protocol.tree.TreeMath" time="0.0"/>
  <testcase name="of node 67 should be 69" classname="com.github.traderjoe95.mls.protocol.tree.TreeMath" time="0.0"/>
  <testcase name="of node 68 should be 2147483716" classname="com.github.traderjoe95.mls.protocol.tree.TreeMath" time="0.0"/>
  <testcase name="of node 69 should be 70" classname="com.github.traderjoe95.mls.protocol.tree.TreeMath" time="0.0"/>
  <testcase name="of node 70 should be 2147483718" classname="com.github.traderjoe95.mls.protocol.tree.TreeMath" time="0.0"/>
  <testcase name="of node 71 should be 75" classname="com.github.traderjoe95.mls.protocol.tree.TreeMath" time="0.0"/>
  <testcase name="of node 72 should be 2147483720" classname="com.github.traderjoe95.mls.protocol.tree.TreeMath" time="0.0"/>
  <testcase name="of node 73 should be 74" classname="com.github.traderjoe95.mls.protocol.tree.TreeMath" time="0.0"/>
  <testcase name="of node 74 should be 2147483722" classname="com.github.traderjoe95.mls.protocol.tree.TreeMath" time="0.0"/>
  <testcase name="of node 75 should be 77" classname="com.github.traderjoe95.mls.protocol.tree.TreeMath" time="0.0"/>
  <testcase name="of node 76 should be 2147483724" classname="com.github.traderjoe95.mls.protocol.tree.TreeMath" time="0.0"/>
  <testcase name="of node 77 should be 78" classname="com.github.traderjoe95.mls.protocol.tree.TreeMath" time="0.001"/>
  <testcase name="of node 78 should be 2147483726" classname="com.github.traderjoe95.mls.protocol.tree.TreeMath" time="0.0"/>
  <testcase name="of node 79 should be 87" classname="com.github.traderjoe95.mls.protocol.tree.TreeMath" time="0.0"/>
  <testcase name="of node 80 should be 2147483728" classname="com.github.traderjoe95.mls.protocol.tree.TreeMath" time="0.0"/>
  <testcase name="of node 81 should be 82" classname="com.github.traderjoe95.mls.protocol.tree.TreeMath" time="0.0"/>
  <testcase name="of node 82 should be 2147483730" classname="com.github.traderjoe95.mls.protocol.tree.TreeMath" time="0.0"/>
  <testcase name="of node 83 should be 85" classname="com.github.traderjoe95.mls.protocol.tree.TreeMath" time="0.0"/>
  <testcase name="of node 84 should be 2147483732" classname="com.github.traderjoe95.mls.protocol.tree.TreeMath" time="0.0"/>
  <testcase name="of node 85 should be 86" classname="com.github.traderjoe95.mls.protocol.tree.TreeMath" time="0.0"/>
  <testcase name="of node 86 should be 2147483734" classname="com.github.traderjoe95.mls.protocol.tree.TreeMath" time="0.0"/>
  <testcase name="of node 87 should be 91" classname="com.github.traderjoe95.mls.protocol.tree.TreeMath" time="0.0"/>
  <testcase name="of node 88 should be 2147483736" classname="com.github.traderjoe95.mls.protocol.tree.TreeMath" time="0.0"/>
  <testcase name="of node 89 should be 90" classname="com.github.traderjoe95.mls.protocol.tree.TreeMath" time="0.0"/>
  <testcase name="of node 90 should be 2147483738" classname="com.github.traderjoe95.mls.protocol.tree.TreeMath" time="0.0"/>
  <testcase name="of node 91 should be 93" classname="com.github.traderjoe95.mls.protocol.tree.TreeMath" time="0.0"/>
  <testcase name="of node 92 should be 2147483740" classname="com.github.traderjoe95.mls.protocol.tree.TreeMath" time="0.0"/>
  <testcase name="of node 93 should be 94" classname="com.github.traderjoe95.mls.protocol.tree.TreeMath" time="0.0"/>
  <testcase name="of node 94 should be 2147483742" classname="com.github.traderjoe95.mls.protocol.tree.TreeMath" time="0.0"/>
  <testcase name="of node 95 should be 111" classname="com.github.traderjoe95.mls.protocol.tree.TreeMath" time="0.0"/>
  <testcase name="of node 96 should be 2147483744" classname="com.github.traderjoe95.mls.protocol.tree.TreeMath" time="0.0"/>
  <testcase name="of node 97 should be 98" classname="com.github.traderjoe95.mls.protocol.tree.TreeMath" time="0.0"/>
  <testcase name="of node 98 should be 2147483746" classname="com.github.traderjoe95.mls.protocol.tree.TreeMath" time="0.0"/>
  <testcase name="of node 99 should be 101" classname="com.github.traderjoe95.mls.protocol.tree.TreeMath" time="0.0"/>
  <testcase name="of node 100 should be 2147483748" classname="com.github.traderjoe95.mls.protocol.tree.TreeMath" time="0.0"/>
  <testcase name="of node 101 should be 102" classname="com.github.traderjoe95.mls.protocol.tree.TreeMath" time="0.0"/>
  <testcase name="of node 102 should be 2147483750" classname="com.github.traderjoe95.mls.protocol.tree.TreeMath" time="0.0"/>
  <testcase name="of node 103 should be 107" classname="com.github.traderjoe95.mls.protocol.tree.TreeMath" time="0.0"/>
  <testcase name="of node 104 should be 2147483752" classname="com.github.traderjoe95.mls.protocol.tree.TreeMath" time="0.0"/>
  <testcase name="of node 105 should be 106" classname="com.github.traderjoe95.mls.protocol.tree.TreeMath" time="0.0"/>
  <testcase name="of node 106 should be 2147483754" classname="com.github.traderjoe95.mls.protocol.tree.TreeMath" time="0.0"/>
  <testcase name="of node 107 should be 109" classname="com.github.traderjoe95.mls.protocol.tree.TreeMath" time="0.0"/>
  <testcase name="of node 108 should be 2147483756" classname="com.github.traderjoe95.mls.protocol.tree.TreeMath" time="0.0"/>
  <testcase name="of node 109 should be 110" classname="com.github.traderjoe95.mls.protocol.tree.TreeMath" time="0.0"/>
  <testcase name="of node 110 should be 2147483758" classname="com.github.traderjoe95.mls.protocol.tree.TreeMath" time="0.0"/>
  <testcase name="of node 111 should be 119" classname="com.github.traderjoe95.mls.protocol.tree.TreeMath" time="0.0"/>
  <testcase name="of node 112 should be 2147483760" classname="com.github.traderjoe95.mls.protocol.tree.TreeMath" time="0.0"/>
  <testcase name="of node 113 should be 114" classname="com.github.traderjoe95.mls.protocol.tree.TreeMath" time="0.0"/>
  <testcase name="of node 114 should be 2147483762" classname="com.github.traderjoe95.mls.protocol.tree.TreeMath" time="0.0"/>
  <testcase name="of node 115 should be 117" classname="com.github.traderjoe95.mls.protocol.tree.TreeMath" time="0.0"/>
  <testcase name="of node 116 should be 2147483764" classname="com.github.traderjoe95.mls.protocol.tree.TreeMath" time="0.0"/>
  <testcase name="of node 117 should be 118" classname="com.github.traderjoe95.mls.protocol.tree.TreeMath" time="0.0"/>
  <testcase name="of node 118 should be 2147483766" classname="com.github.traderjoe95.mls.protocol.tree.TreeMath" time="0.0"/>
  <testcase name="of node 119 should be 123" classname="com.github.traderjoe95.mls.protocol.tree.TreeMath" time="0.0"/>
  <testcase name="of node 120 should be 2147483768" classname="com.github.traderjoe95.mls.protocol.tree.TreeMath" time="0.0"/>
  <testcase name="of node 121 should be 122" classname="com.github.traderjoe95.mls.protocol.tree.TreeMath" time="0.0"/>
  <testcase name="of node 122 should be 2147483770" classname="com.github.traderjoe95.mls.protocol.tree.TreeMath" time="0.0"/>
  <testcase name="of node 123 should be 125" classname="com.github.traderjoe95.mls.protocol.tree.TreeMath" time="0.0"/>
  <testcase name="of node 124 should be 2147483772" classname="com.github.traderjoe95.mls.protocol.tree.TreeMath" time="0.0"/>
  <testcase name="of node 125 should be 126" classname="com.github.traderjoe95.mls.protocol.tree.TreeMath" time="0.0"/>
  <testcase name="of node 126 should be 2147483774" classname="com.github.traderjoe95.mls.protocol.tree.TreeMath" time="0.0"/>
  <testcase name="of node 127 should be 191" classname="com.github.traderjoe95.mls.protocol.tree.TreeMath" time="0.0"/>
  <testcase name="of node 128 should be 2147483776" classname="com.github.traderjoe95.mls.protocol.tree.TreeMath" time="0.0"/>
  <testcase name="of node 129 should be 130" classname="com.github.traderjoe95.mls.protocol.tree.TreeMath" time="0.0"/>
  <testcase name="of node 130 should be 2147483778" classname="com.github.traderjoe95.mls.protocol.tree.TreeMath" time="0.0"/>
  <testcase name="of node 131 should be 133" classname="com.github.traderjoe95.mls.protocol.tree.TreeMath" time="0.0"/>
  <testcase name="of node 132 should be 2147483780" classname="com.github.traderjoe95.mls.protocol.tree.TreeMath" time="0.0"/>
  <testcase name="of node 133 should be 134" classname="com.github.traderjoe95.mls.protocol.tree.TreeMath" time="0.0"/>
  <testcase name="of node 134 should be 2147483782" classname="com.github.traderjoe95.mls.protocol.tree.TreeMath" time="0.0"/>
  <testcase name="of node 135 should be 139" classname="com.github.traderjoe95.mls.protocol.tree.TreeMath" time="0.0"/>
  <testcase name="of node 136 should be 2147483784" classname="com.github.traderjoe95.mls.protocol.tree.TreeMath" time="0.0"/>
  <testcase name="of node 137 should be 138" classname="com.github.traderjoe95.mls.protocol.tree.TreeMath" time="0.0"/>
  <testcase name="of node 138 should be 2147483786" classname="com.github.traderjoe95.mls.protocol.tree.TreeMath" time="0.0"/>
  <testcase name="of node 139 should be 141" classname="com.github.traderjoe95.mls.protocol.tree.TreeMath" time="0.0"/>
  <testcase name="of node 140 should be 2147483788" classname="com.github.traderjoe95.mls.protocol.tree.TreeMath" time="0.0"/>
  <testcase name="of node 141 should be 142" classname="com.github.traderjoe95.mls.protocol.tree.TreeMath" time="0.0"/>
  <testcase name="of node 142 should be 2147483790" classname="com.github.traderjoe95.mls.protocol.tree.TreeMath" time="0.0"/>
  <testcase name="of node 143 should be 151" classname="com.github.traderjoe95.mls.protocol.tree.TreeMath" time="0.0"/>
  <testcase name="of node 144 should be 2147483792" classname="com.github.traderjoe95.mls.protocol.tree.TreeMath" time="0.0"/>
  <testcase name="of node 145 should be 146" classname="com.github.traderjoe95.mls.protocol.tree.TreeMath" time="0.0"/>
  <testcase name="of node 146 should be 2147483794" classname="com.github.traderjoe95.mls.protocol.tree.TreeMath" time="0.0"/>
  <testcase name="of node 147 should be 149" classname="com.github.traderjoe95.mls.protocol.tree.TreeMath" time="0.0"/>
  <testcase name="of node 148 should be 2147483796" classname="com.github.traderjoe95.mls.protocol.tree.TreeMath" time="0.0"/>
  <testcase name="of node 149 should be 150" classname="com.github.traderjoe95.mls.protocol.tree.TreeMath" time="0.0"/>
  <testcase name="of node 150 should be 2147483798" classname="com.github.traderjoe95.mls.protocol.tree.TreeMath" time="0.0"/>
  <testcase name="of node 151 should be 155" classname="com.github.traderjoe95.mls.protocol.tree.TreeMath" time="0.0"/>
  <testcase name="of node 152 should be 2147483800" classname="com.github.traderjoe95.mls.protocol.tree.TreeMath" time="0.0"/>
  <testcase name="of node 153 should be 154" classname="com.github.traderjoe95.mls.protocol.tree.TreeMath" time="0.0"/>
  <testcase name="of node 154 should be 2147483802" classname="com.github.traderjoe95.mls.protocol.tree.TreeMath" time="0.0"/>
  <testcase name="of node 155 should be 157" classname="com.github.traderjoe95.mls.protocol.tree.TreeMath" time="0.0"/>
  <testcase name="of node 156 should be 2147483804" classname="com.github.traderjoe95.mls.protocol.tree.TreeMath" time="0.0"/>
  <testcase name="of node 157 should be 158" classname="com.github.traderjoe95.mls.protocol.tree.TreeMath" time="0.0"/>
  <testcase name="of node 158 should be 2147483806" classname="com.github.traderjoe95.mls.protocol.tree.TreeMath" time="0.0"/>
  <testcase name="of node 159 should be 175" classname="com.github.traderjoe95.mls.protocol.tree.TreeMath" time="0.0"/>
  <testcase name="of node 160 should be 2147483808" classname="com.github.traderjoe95.mls.protocol.tree.TreeMath" time="0.0"/>
  <testcase name="of node 161 should be 162" classname="com.github.traderjoe95.mls.protocol.tree.TreeMath" time="0.0"/>
  <testcase name="of node 162 should be 2147483810" classname="com.github.traderjoe95.mls.protocol.tree.TreeMath" time="0.0"/>
  <testcase name="of node 163 should be 165" classname="com.github.traderjoe95.mls.protocol.tree.TreeMath" time="0.001"/>
  <testcase name="of node 164 should be 2147483812" classname="com.github.traderjoe95.mls.protocol.tree.TreeMath" time="0.0"/>
  <testcase name="of node 165 should be 166" classname="com.github.traderjoe95.mls.protocol.tree.TreeMath" time="0.0"/>
  <testcase name="of node 166 should be 2147483814" classname="com.github.traderjoe95.mls.protocol.tree.TreeMath" time="0.0"/>
  <testcase name="of node 167 should be 171" classname="com.github.traderjoe95.mls.protocol.tree.TreeMath" time="0.0"/>
  <testcase name="of node 168 should be 2147483816" classname="com.github.traderjoe95.mls.protocol.tree.TreeMath" time="0.0"/>
  <testcase name="of node 169 should be 170" classname="com.github.traderjoe95.mls.protocol.tree.TreeMath" time="0.0"/>
  <testcase name="of node 170 should be 2147483818" classname="com.github.traderjoe95.mls.protocol.tree.TreeMath" time="0.0"/>
  <testcase name="of node 171 should be 173" classname="com.github.traderjoe95.mls.protocol.tree.TreeMath" time="0.0"/>
  <testcase name="of node 172 should be 2147483820" classname="com.github.traderjoe95.mls.protocol.tree.TreeMath" time="0.0"/>
  <testcase name="of node 173 should be 174" classname="com.github.traderjoe95.mls.protocol.tree.TreeMath" time="0.001"/>
  <testcase name="of node 174 should be 2147483822" classname="com.github.traderjoe95.mls.protocol.tree.TreeMath" time="0.0"/>
  <testcase name="of node 175 should be 183" classname="com.github.traderjoe95.mls.protocol.tree.TreeMath" time="0.0"/>
  <testcase name="of node 176 should be 2147483824" classname="com.github.traderjoe95.mls.protocol.tree.TreeMath" time="0.001"/>
  <testcase name="of node 177 should be 178" classname="com.github.traderjoe95.mls.protocol.tree.TreeMath" time="0.0"/>
  <testcase name="of node 178 should be 2147483826" classname="com.github.traderjoe95.mls.protocol.tree.TreeMath" time="0.0"/>
  <testcase name="of node 179 should be 181" classname="com.github.traderjoe95.mls.protocol.tree.TreeMath" time="0.0"/>
  <testcase name="of node 180 should be 2147483828" classname="com.github.traderjoe95.mls.protocol.tree.TreeMath" time="0.0"/>
  <testcase name="of node 181 should be 182" classname="com.github.traderjoe95.mls.protocol.tree.TreeMath" time="0.0"/>
  <testcase name="of node 182 should be 2147483830" classname="com.github.traderjoe95.mls.protocol.tree.TreeMath" time="0.0"/>
  <testcase name="of node 183 should be 187" classname="com.github.traderjoe95.mls.protocol.tree.TreeMath" time="0.001"/>
  <testcase name="of node 184 should be 2147483832" classname="com.github.traderjoe95.mls.protocol.tree.TreeMath" time="0.0"/>
  <testcase name="of node 185 should be 186" classname="com.github.traderjoe95.mls.protocol.tree.TreeMath" time="0.0"/>
  <testcase name="of node 186 should be 2147483834" classname="com.github.traderjoe95.mls.protocol.tree.TreeMath" time="0.0"/>
  <testcase name="of node 187 should be 189" classname="com.github.traderjoe95.mls.protocol.tree.TreeMath" time="0.0"/>
  <testcase name="of node 188 should be 2147483836" classname="com.github.traderjoe95.mls.protocol.tree.TreeMath" time="0.0"/>
  <testcase name="of node 189 should be 190" classname="com.github.traderjoe95.mls.protocol.tree.TreeMath" time="0.0"/>
  <testcase name="of node 190 should be 2147483838" classname="com.github.traderjoe95.mls.protocol.tree.TreeMath" time="0.0"/>
  <testcase name="of node 191 should be 223" classname="com.github.traderjoe95.mls.protocol.tree.TreeMath" time="0.0"/>
  <testcase name="of node 192 should be 2147483840" classname="com.github.traderjoe95.mls.protocol.tree.TreeMath" time="0.0"/>
  <testcase name="of node 193 should be 194" classname="com.github.traderjoe95.mls.protocol.tree.TreeMath" time="0.0"/>
  <testcase name="of node 194 should be 2147483842" classname="com.github.traderjoe95.mls.protocol.tree.TreeMath" time="0.0"/>
  <testcase name="of node 195 should be 197" classname="com.github.traderjoe95.mls.protocol.tree.TreeMath" time="0.0"/>
  <testcase name="of node 196 should be 2147483844" classname="com.github.traderjoe95.mls.protocol.tree.TreeMath" time="0.0"/>
  <testcase name="of node 197 should be 198" classname="com.github.traderjoe95.mls.protocol.tree.TreeMath" time="0.0"/>
  <testcase name="of node 198 should be 2147483846" classname="com.github.traderjoe95.mls.protocol.tree.TreeMath" time="0.0"/>
  <testcase name="of node 199 should be 203" classname="com.github.traderjoe95.mls.protocol.tree.TreeMath" time="0.0"/>
  <testcase name="of node 200 should be 2147483848" classname="com.github.traderjoe95.mls.protocol.tree.TreeMath" time="0.0"/>
  <testcase name="of node 201 should be 202" classname="com.github.traderjoe95.mls.protocol.tree.TreeMath" time="0.0"/>
  <testcase name="of node 202 should be 2147483850" classname="com.github.traderjoe95.mls.protocol.tree.TreeMath" time="0.0"/>
  <testcase name="of node 203 should be 205" classname="com.github.traderjoe95.mls.protocol.tree.TreeMath" time="0.0"/>
  <testcase name="of node 204 should be 2147483852" classname="com.github.traderjoe95.mls.protocol.tree.TreeMath" time="0.0"/>
  <testcase name="of node 205 should be 206" classname="com.github.traderjoe95.mls.protocol.tree.TreeMath" time="0.0"/>
  <testcase name="of node 206 should be 2147483854" classname="com.github.traderjoe95.mls.protocol.tree.TreeMath" time="0.0"/>
  <testcase name="of node 207 should be 215" classname="com.github.traderjoe95.mls.protocol.tree.TreeMath" time="0.0"/>
  <testcase name="of node 208 should be 2147483856" classname="com.github.traderjoe95.mls.protocol.tree.TreeMath" time="0.0"/>
  <testcase name="of node 209 should be 210" classname="com.github.traderjoe95.mls.protocol.tree.TreeMath" time="0.0"/>
  <testcase name="of node 210 should be 2147483858" classname="com.github.traderjoe95.mls.protocol.tree.TreeMath" time="0.0"/>
  <testcase name="of node 211 should be 213" classname="com.github.traderjoe95.mls.protocol.tree.TreeMath" time="0.0"/>
  <testcase name="of node 212 should be 2147483860" classname="com.github.traderjoe95.mls.protocol.tree.TreeMath" time="0.0"/>
  <testcase name="of node 213 should be 214" classname="com.github.traderjoe95.mls.protocol.tree.TreeMath" time="0.0"/>
  <testcase name="of node 214 should be 2147483862" classname="com.github.traderjoe95.mls.protocol.tree.TreeMath" time="0.0"/>
  <testcase name="of node 215 should be 219" classname="com.github.traderjoe95.mls.protocol.tree.TreeMath" time="0.0"/>
  <testcase name="of node 216 should be 2147483864" classname="com.github.traderjoe95.mls.protocol.tree.TreeMath" time="0.0"/>
  <testcase name="of node 217 should be 218" classname="com.github.traderjoe95.mls.protocol.tree.TreeMath" time="0.0"/>
  <testcase name="of node 218 should be 2147483866" classname="com.github.traderjoe95.mls.protocol.tree.TreeMath" time="0.0"/>
  <testcase name="of node 219 should be 221" classname="com.github.traderjoe95.mls.protocol.tree.TreeMath" time="0.0"/>
  <testcase name="of node 220 should be 2147483868" classname="com.github.traderjoe95.mls.protocol.tree.TreeMath" time="0.001"/>
  <testcase name="of node 221 should be 222" classname="com.github.traderjoe95.mls.protocol.tree.TreeMath" time="0.0"/>
  <testcase name="of node 222 should be 2147483870" classname="com.github.traderjoe95.mls.protocol.tree.TreeMath" time="0.0"/>
  <testcase name="of node 223 should be 239" classname="com.github.traderjoe95.mls.protocol.tree.TreeMath" time="0.0"/>
  <testcase name="of node 224 should be 2147483872" classname="com.github.traderjoe95.mls.protocol.tree.TreeMath" time="0.0"/>
  <testcase name="of node 225 should be 226" classname="com.github.traderjoe95.mls.protocol.tree.TreeMath" time="0.0"/>
  <testcase name="of node 226 should be 2147483874" classname="com.github.traderjoe95.mls.protocol.tree.TreeMath" time="0.0"/>
  <testcase name="of node 227 should be 229" classname="com.github.traderjoe95.mls.protocol.tree.TreeMath" time="0.0"/>
  <testcase name="of node 228 should be 2147483876" classname="com.github.traderjoe95.mls.protocol.tree.TreeMath" time="0.0"/>
  <testcase name="of node 229 should be 230" classname="com.github.traderjoe95.mls.protocol.tree.TreeMath" time="0.0"/>
  <testcase name="of node 230 should be 2147483878" classname="com.github.traderjoe95.mls.protocol.tree.TreeMath" time="0.0"/>
  <testcase name="of node 231 should be 235" classname="com.github.traderjoe95.mls.protocol.tree.TreeMath" time="0.0"/>
  <testcase name="of node 232 should be 2147483880" classname="com.github.traderjoe95.mls.protocol.tree.TreeMath" time="0.001"/>
  <testcase name="of node 233 should be 234" classname="com.github.traderjoe95.mls.protocol.tree.TreeMath" time="0.0"/>
  <testcase name="of node 234 should be 2147483882" classname="com.github.traderjoe95.mls.protocol.tree.TreeMath" time="0.0"/>
  <testcase name="of node 235 should be 237" classname="com.github.traderjoe95.mls.protocol.tree.TreeMath" time="0.0"/>
  <testcase name="of node 236 should be 2147483884" classname="com.github.traderjoe95.mls.protocol.tree.TreeMath" time="0.0"/>
  <testcase name="of node 237 should be 238" classname="com.github.traderjoe95.mls.protocol.tree.TreeMath" time="0.0"/>
  <testcase name="of node 238 should be 2147483886" classname="com.github.traderjoe95.mls.protocol.tree.TreeMath" time="0.0"/>
  <testcase name="of node 239 should be 247" classname="com.github.traderjoe95.mls.protocol.tree.TreeMath" time="0.0"/>
  <testcase name="of node 240 should be 2147483888" classname="com.github.traderjoe95.mls.protocol.tree.TreeMath" time="0.0"/>
  <testcase name="of node 241 should be 242" classname="com.github.traderjoe95.mls.protocol.tree.TreeMath" time="0.0"/>
  <testcase name="of node 242 should be 2147483890" classname="com.github.traderjoe95.mls.protocol.tree.TreeMath" time="0.0"/>
  <testcase name="of node 243 should be 245" classname="com.github.traderjoe95.mls.protocol.tree.TreeMath" time="0.0"/>
  <testcase name="of node 244 should be 2147483892" classname="com.github.traderjoe95.mls.protocol.tree.TreeMath" time="0.0"/>
  <testcase name="of node 245 should be 246" classname="com.github.traderjoe95.mls.protocol.tree.TreeMath" time="0.0"/>
  <testcase name="of node 246 should be 2147483894" classname="com.github.traderjoe95.mls.protocol.tree.TreeMath" time="0.0"/>
  <testcase name="of node 247 should be 251" classname="com.github.traderjoe95.mls.protocol.tree.TreeMath" time="0.0"/>
  <testcase name="of node 248 should be 2147483896" classname="com.github.traderjoe95.mls.protocol.tree.TreeMath" time="0.0"/>
  <testcase name="of node 249 should be 250" classname="com.github.traderjoe95.mls.protocol.tree.TreeMath" time="0.0"/>
  <testcase name="of node 250 should be 2147483898" classname="com.github.traderjoe95.mls.protocol.tree.TreeMath" time="0.0"/>
  <testcase name="of node 251 should be 253" classname="com.github.traderjoe95.mls.protocol.tree.TreeMath" time="0.0"/>
  <testcase name="of node 252 should be 2147483900" classname="com.github.traderjoe95.mls.protocol.tree.TreeMath" time="0.0"/>
  <testcase name="of node 253 should be 254" classname="com.github.traderjoe95.mls.protocol.tree.TreeMath" time="0.0"/>
  <testcase name="of node 254 should be 2147483902" classname="com.github.traderjoe95.mls.protocol.tree.TreeMath" time="0.0"/>
  <testcase name="of node 255 should be 383" classname="com.github.traderjoe95.mls.protocol.tree.TreeMath" time="0.0"/>
  <testcase name="of node 256 should be 2147483904" classname="com.github.traderjoe95.mls.protocol.tree.TreeMath" time="0.0"/>
  <testcase name="of node 257 should be 258" classname="com.github.traderjoe95.mls.protocol.tree.TreeMath" time="0.0"/>
  <testcase name="of node 258 should be 2147483906" classname="com.github.traderjoe95.mls.protocol.tree.TreeMath" time="0.0"/>
  <testcase name="of node 259 should be 261" classname="com.github.traderjoe95.mls.protocol.tree.TreeMath" time="0.0"/>
  <testcase name="of node 260 should be 2147483908" classname="com.github.traderjoe95.mls.protocol.tree.TreeMath" time="0.0"/>
  <testcase name="of node 261 should be 262" classname="com.github.traderjoe95.mls.protocol.tree.TreeMath" time="0.0"/>
  <testcase name="of node 262 should be 2147483910" classname="com.github.traderjoe95.mls.protocol.tree.TreeMath" time="0.0"/>
  <testcase name="of node 263 should be 267" classname="com.github.traderjoe95.mls.protocol.tree.TreeMath" time="0.0"/>
  <testcase name="of node 264 should be 2147483912" classname="com.github.traderjoe95.mls.protocol.tree.TreeMath" time="0.0"/>
  <testcase name="of node 265 should be 266" classname="com.github.traderjoe95.mls.protocol.tree.TreeMath" time="0.0"/>
  <testcase name="of node 266 should be 2147483914" classname="com.github.traderjoe95.mls.protocol.tree.TreeMath" time="0.0"/>
  <testcase name="of node 267 should be 269" classname="com.github.traderjoe95.mls.protocol.tree.TreeMath" time="0.001"/>
  <testcase name="of node 268 should be 2147483916" classname="com.github.traderjoe95.mls.protocol.tree.TreeMath" time="0.0"/>
  <testcase name="of node 269 should be 270" classname="com.github.traderjoe95.mls.protocol.tree.TreeMath" time="0.0"/>
  <testcase name="of node 270 should be 2147483918" classname="com.github.traderjoe95.mls.protocol.tree.TreeMath" time="0.0"/>
  <testcase name="of node 271 should be 279" classname="com.github.traderjoe95.mls.protocol.tree.TreeMath" time="0.0"/>
  <testcase name="of node 272 should be 2147483920" classname="com.github.traderjoe95.mls.protocol.tree.TreeMath" time="0.0"/>
  <testcase name="of node 273 should be 274" classname="com.github.traderjoe95.mls.protocol.tree.TreeMath" time="0.0"/>
  <testcase name="of node 274 should be 2147483922" classname="com.github.traderjoe95.mls.protocol.tree.TreeMath" time="0.0"/>
  <testcase name="of node 275 should be 277" classname="com.github.traderjoe95.mls.protocol.tree.TreeMath" time="0.0"/>
  <testcase name="of node 276 should be 2147483924" classname="com.github.traderjoe95.mls.protocol.tree.TreeMath" time="0.0"/>
  <testcase name="of node 277 should be 278" classname="com.github.traderjoe95.mls.protocol.tree.TreeMath" time="0.0"/>
  <testcase name="of node 278 should be 2147483926" classname="com.github.traderjoe95.mls.protocol.tree.TreeMath" time="0.0"/>
  <testcase name="of node 279 should be 283" classname="com.github.traderjoe95.mls.protocol.tree.TreeMath" time="0.0"/>
  <testcase name="of node 280 should be 2147483928" classname="com.github.traderjoe95.mls.protocol.tree.TreeMath" time="0.0"/>
  <testcase name="of node 281 should be 282" classname="com.github.traderjoe95.mls.protocol.tree.TreeMath" time="0.0"/>
  <testcase name="of node 282 should be 2147483930" classname="com.github.traderjoe95.mls.protocol.tree.TreeMath" time="0.0"/>
  <testcase name="of node 283 should be 285" classname="com.github.traderjoe95.mls.protocol.tree.TreeMath" time="0.0"/>
  <testcase name="of node 284 should be 2147483932" classname="com.github.traderjoe95.mls.protocol.tree.TreeMath" time="0.0"/>
  <testcase name="of node 285 should be 286" classname="com.github.traderjoe95.mls.protocol.tree.TreeMath" time="0.0"/>
  <testcase name="of node 286 should be 2147483934" classname="com.github.traderjoe95.mls.protocol.tree.TreeMath" time="0.0"/>
  <testcase name="of node 287 should be 303" classname="com.github.traderjoe95.mls.protocol.tree.TreeMath" time="0.0"/>
  <testcase name="of node 288 should be 2147483936" classname="com.github.traderjoe95.mls.protocol.tree.TreeMath" time="0.0"/>
  <testcase name="of node 289 should be 290" classname="com.github.traderjoe95.mls.protocol.tree.TreeMath" time="0.0"/>
  <testcase name="of node 290 should be 2147483938" classname="com.github.traderjoe95.mls.protocol.tree.TreeMath" time="0.0"/>
  <testcase name="of node 291 should be 293" classname="com.github.traderjoe95.mls.protocol.tree.TreeMath" time="0.001"/>
  <testcase name="of node 292 should be 2147483940" classname="com.github.traderjoe95.mls.protocol.tree.TreeMath" time="0.0"/>
  <testcase name="of node 293 should be 294" classname="com.github.traderjoe95.mls.protocol.tree.TreeMath" time="0.0"/>
  <testcase name="of node 294 should be 2147483942" classname="com.github.traderjoe95.mls.protocol.tree.TreeMath" time="0.0"/>
  <testcase name="of node 295 should be 299" classname="com.github.traderjoe95.mls.protocol.tree.TreeMath" time="0.0"/>
  <testcase name="of node 296 should be 2147483944" classname="com.github.traderjoe95.mls.protocol.tree.TreeMath" time="0.0"/>
  <testcase name="of node 297 should be 298" classname="com.github.traderjoe95.mls.protocol.tree.TreeMath" time="0.0"/>
  <testcase name="of node 298 should be 2147483946" classname="com.github.traderjoe95.mls.protocol.tree.TreeMath" time="0.0"/>
  <testcase name="of node 299 should be 301" classname="com.github.traderjoe95.mls.protocol.tree.TreeMath" time="0.0"/>
  <testcase name="of node 300 should be 2147483948" classname="com.github.traderjoe95.mls.protocol.tree.TreeMath" time="0.0"/>
  <testcase name="of node 301 should be 302" classname="com.github.traderjoe95.mls.protocol.tree.TreeMath" time="0.0"/>
  <testcase name="of node 302 should be 2147483950" classname="com.github.traderjoe95.mls.protocol.tree.TreeMath" time="0.0"/>
  <testcase name="of node 303 should be 311" classname="com.github.traderjoe95.mls.protocol.tree.TreeMath" time="0.0"/>
  <testcase name="of node 304 should be 2147483952" classname="com.github.traderjoe95.mls.protocol.tree.TreeMath" time="0.0"/>
  <testcase name="of node 305 should be 306" classname="com.github.traderjoe95.mls.protocol.tree.TreeMath" time="0.0"/>
  <testcase name="of node 306 should be 2147483954" classname="com.github.traderjoe95.mls.protocol.tree.TreeMath" time="0.0"/>
  <testcase name="of node 307 should be 309" classname="com.github.traderjoe95.mls.protocol.tree.TreeMath" time="0.0"/>
  <testcase name="of node 308 should be 2147483956" classname="com.github.traderjoe95.mls.protocol.tree.TreeMath" time="0.0"/>
  <testcase name="of node 309 should be 310" classname="com.github.traderjoe95.mls.protocol.tree.TreeMath" time="0.0"/>
  <testcase name="of node 310 should be 2147483958" classname="com.github.traderjoe95.mls.protocol.tree.TreeMath" time="0.0"/>
  <testcase name="of node 311 should be 315" classname="com.github.traderjoe95.mls.protocol.tree.TreeMath" time="0.0"/>
  <testcase name="of node 312 should be 2147483960" classname="com.github.traderjoe95.mls.protocol.tree.TreeMath" time="0.0"/>
  <testcase name="of node 313 should be 314" classname="com.github.traderjoe95.mls.protocol.tree.TreeMath" time="0.0"/>
  <testcase name="of node 314 should be 2147483962" classname="com.github.traderjoe95.mls.protocol.tree.TreeMath" time="0.0"/>
  <testcase name="of node 315 should be 317" classname="com.github.traderjoe95.mls.protocol.tree.TreeMath" time="0.0"/>
  <testcase name="of node 316 should be 2147483964" classname="com.github.traderjoe95.mls.protocol.tree.TreeMath" time="0.0"/>
  <testcase name="of node 317 should be 318" classname="com.github.traderjoe95.mls.protocol.tree.TreeMath" time="0.0"/>
  <testcase name="of node 318 should be 2147483966" classname="com.github.traderjoe95.mls.protocol.tree.TreeMath" time="0.0"/>
  <testcase name="of node 319 should be 351" classname="com.github.traderjoe95.mls.protocol.tree.TreeMath" time="0.0"/>
  <testcase name="of node 320 should be 2147483968" classname="com.github.traderjoe95.mls.protocol.tree.TreeMath" time="0.0"/>
  <testcase name="of node 321 should be 322" classname="com.github.traderjoe95.mls.protocol.tree.TreeMath" time="0.0"/>
  <testcase name="of node 322 should be 2147483970" classname="com.github.traderjoe95.mls.protocol.tree.TreeMath" time="0.0"/>
  <testcase name="of node 323 should be 325" classname="com.github.traderjoe95.mls.protocol.tree.TreeMath" time="0.0"/>
  <testcase name="of node 324 should be 2147483972" classname="com.github.traderjoe95.mls.protocol.tree.TreeMath" time="0.0"/>
  <testcase name="of node 325 should be 326" classname="com.github.traderjoe95.mls.protocol.tree.TreeMath" time="0.0"/>
  <testcase name="of node 326 should be 2147483974" classname="com.github.traderjoe95.mls.protocol.tree.TreeMath" time="0.0"/>
  <testcase name="of node 327 should be 331" classname="com.github.traderjoe95.mls.protocol.tree.TreeMath" time="0.0"/>
  <testcase name="of node 328 should be 2147483976" classname="com.github.traderjoe95.mls.protocol.tree.TreeMath" time="0.0"/>
  <testcase name="of node 329 should be 330" classname="com.github.traderjoe95.mls.protocol.tree.TreeMath" time="0.0"/>
  <testcase name="of node 330 should be 2147483978" classname="com.github.traderjoe95.mls.protocol.tree.TreeMath" time="0.001"/>
  <testcase name="of node 331 should be 333" classname="com.github.traderjoe95.mls.protocol.tree.TreeMath" time="0.0"/>
  <testcase name="of node 332 should be 2147483980" classname="com.github.traderjoe95.mls.protocol.tree.TreeMath" time="0.0"/>
  <testcase name="of node 333 should be 334" classname="com.github.traderjoe95.mls.protocol.tree.TreeMath" time="0.0"/>
  <testcase name="of node 334 should be 2147483982" classname="com.github.traderjoe95.mls.protocol.tree.TreeMath" time="0.0"/>
  <testcase name="of node 335 should be 343" classname="com.github.traderjoe95.mls.protocol.tree.TreeMath" time="0.0"/>
  <testcase name="of node 336 should be 2147483984" classname="com.github.traderjoe95.mls.protocol.tree.TreeMath" time="0.0"/>
  <testcase name="of node 337 should be 338" classname="com.github.traderjoe95.mls.protocol.tree.TreeMath" time="0.0"/>
  <testcase name="of node 338 should be 2147483986" classname="com.github.traderjoe95.mls.protocol.tree.TreeMath" time="0.0"/>
  <testcase name="of node 339 should be 341" classname="com.github.traderjoe95.mls.protocol.tree.TreeMath" time="0.0"/>
  <testcase name="of node 340 should be 2147483988" classname="com.github.traderjoe95.mls.protocol.tree.TreeMath" time="0.0"/>
  <testcase name="of node 341 should be 342" classname="com.github.traderjoe95.mls.protocol.tree.TreeMath" time="0.0"/>
  <testcase name="of node 342 should be 2147483990" classname="com.github.traderjoe95.mls.protocol.tree.TreeMath" time="0.0"/>
  <testcase name="of node 343 should be 347" classname="com.github.traderjoe95.mls.protocol.tree.TreeMath" time="0.0"/>
  <testcase name="of node 344 should be 2147483992" classname="com.github.traderjoe95.mls.protocol.tree.TreeMath" time="0.0"/>
  <testcase name="of node 345 should be 346" classname="com.github.traderjoe95.mls.protocol.tree.TreeMath" time="0.0"/>
  <testcase name="of node 346 should be 2147483994" classname="com.github.traderjoe95.mls.protocol.tree.TreeMath" time="0.0"/>
  <testcase name="of node 347 should be 349" classname="com.github.traderjoe95.mls.protocol.tree.TreeMath" time="0.0"/>
  <testcase name="of node 348 should be 2147483996" classname="com.github.traderjoe95.mls.protocol.tree.TreeMath" time="0.0"/>
  <testcase name="of node 349 should be 350" classname="com.github.traderjoe95.mls.protocol.tree.TreeMath" time="0.001"/>
  <testcase name="of node 350 should be 2147483998" classname="com.github.traderjoe95.mls.protocol.tree.TreeMath" time="0.0"/>
  <testcase name="of node 351 should be 367" classname="com.github.traderjoe95.mls.protocol.tree.TreeMath" time="0.0"/>
  <testcase name="of node 352 should be 2147484000" classname="com.github.traderjoe95.mls.protocol.tree.TreeMath" time="0.0"/>
  <testcase name="of node 353 should be 354" classname="com.github.traderjoe95.mls.protocol.tree.TreeMath" time="0.0"/>
  <testcase name="of node 354 should be 2147484002" classname="com.github.traderjoe95.mls.protocol.tree.TreeMath" time="0.0"/>
  <testcase name="of node 355 should be 357" classname="com.github.traderjoe95.mls.protocol.tree.TreeMath" time="0.0"/>
  <testcase name="of node 356 should be 2147484004" classname="com.github.traderjoe95.mls.protocol.tree.TreeMath" time="0.0"/>
  <testcase name="of node 357 should be 358" classname="com.github.traderjoe95.mls.protocol.tree.TreeMath" time="0.0"/>
  <testcase name="of node 358 should be 2147484006" classname="com.github.traderjoe95.mls.protocol.tree.TreeMath" time="0.0"/>
  <testcase name="of node 359 should be 363" classname="com.github.traderjoe95.mls.protocol.tree.TreeMath" time="0.0"/>
  <testcase name="of node 360 should be 2147484008" classname="com.github.traderjoe95.mls.protocol.tree.TreeMath" time="0.0"/>
  <testcase name="of node 361 should be 362" classname="com.github.traderjoe95.mls.protocol.tree.TreeMath" time="0.0"/>
  <testcase name="of node 362 should be 2147484010" classname="com.github.traderjoe95.mls.protocol.tree.TreeMath" time="0.0"/>
  <testcase name="of node 363 should be 365" classname="com.github.traderjoe95.mls.protocol.tree.TreeMath" time="0.0"/>
  <testcase name="of node 364 should be 2147484012" classname="com.github.traderjoe95.mls.protocol.tree.TreeMath" time="0.0"/>
  <testcase name="of node 365 should be 366" classname="com.github.traderjoe95.mls.protocol.tree.TreeMath" time="0.0"/>
  <testcase name="of node 366 should be 2147484014" classname="com.github.traderjoe95.mls.protocol.tree.TreeMath" time="0.0"/>
  <testcase name="of node 367 should be 375" classname="com.github.traderjoe95.mls.protocol.tree.TreeMath" time="0.0"/>
  <testcase name="of node 368 should be 2147484016" classname="com.github.traderjoe95.mls.protocol.tree.TreeMath" time="0.0"/>
  <testcase name="of node 369 should be 370" classname="com.github.traderjoe95.mls.protocol.tree.TreeMath" time="0.0"/>
  <testcase name="of node 370 should be 2147484018" classname="com.github.traderjoe95.mls.protocol.tree.TreeMath" time="0.0"/>
  <testcase name="of node 371 should be 373" classname="com.github.traderjoe95.mls.protocol.tree.TreeMath" time="0.0"/>
  <testcase name="of node 372 should be 2147484020" classname="com.github.traderjoe95.mls.protocol.tree.TreeMath" time="0.0"/>
  <testcase name="of node 373 should be 374" classname="com.github.traderjoe95.mls.protocol.tree.TreeMath" time="0.0"/>
  <testcase name="of node 374 should be 2147484022" classname="com.github.traderjoe95.mls.protocol.tree.TreeMath" time="0.0"/>
  <testcase name="of node 375 should be 379" classname="com.github.traderjoe95.mls.protocol.tree.TreeMath" time="0.0"/>
  <testcase name="of node 376 should be 2147484024" classname="com.github.traderjoe95.mls.protocol.tree.TreeMath" time="0.0"/>
  <testcase name="of node 377 should be 378" classname="com.github.traderjoe95.mls.protocol.tree.TreeMath" time="0.0"/>
  <testcase name="of node 378 should be 2147484026" classname="com.github.traderjoe95.mls.protocol.tree.TreeMath" time="0.0"/>
  <testcase name="of node 379 should be 381" classname="com.github.traderjoe95.mls.protocol.tree.TreeMath" time="0.0"/>
  <testcase name="of node 380 should be 2147484028" classname="com.github.traderjoe95.mls.protocol.tree.TreeMath" time="0.0"/>
  <testcase name="of node 381 should be 382" classname="com.github.traderjoe95.mls.protocol.tree.TreeMath" time="0.0"/>
  <testcase name="of node 382 should be 2147484030" classname="com.github.traderjoe95.mls.protocol.tree.TreeMath" time="0.0"/>
  <testcase name="of node 383 should be 447" classname="com.github.traderjoe95.mls.protocol.tree.TreeMath" time="0.0"/>
  <testcase name="of node 384 should be 2147484032" classname="com.github.traderjoe95.mls.protocol.tree.TreeMath" time="0.0"/>
  <testcase name="of node 385 should be 386" classname="com.github.traderjoe95.mls.protocol.tree.TreeMath" time="0.0"/>
  <testcase name="of node 386 should be 2147484034" classname="com.github.traderjoe95.mls.protocol.tree.TreeMath" time="0.0"/>
  <testcase name="of node 387 should be 389" classname="com.github.traderjoe95.mls.protocol.tree.TreeMath" time="0.0"/>
  <testcase name="of node 388 should be 2147484036" classname="com.github.traderjoe95.mls.protocol.tree.TreeMath" time="0.0"/>
  <testcase name="of node 389 should be 390" classname="com.github.traderjoe95.mls.protocol.tree.TreeMath" time="0.001"/>
  <testcase name="of node 390 should be 2147484038" classname="com.github.traderjoe95.mls.protocol.tree.TreeMath" time="0.0"/>
  <testcase name="of node 391 should be 395" classname="com.github.traderjoe95.mls.protocol.tree.TreeMath" time="0.0"/>
  <testcase name="of node 392 should be 2147484040" classname="com.github.traderjoe95.mls.protocol.tree.TreeMath" time="0.0"/>
  <testcase name="of node 393 should be 394" classname="com.github.traderjoe95.mls.protocol.tree.TreeMath" time="0.0"/>
  <testcase name="of node 394 should be 2147484042" classname="com.github.traderjoe95.mls.protocol.tree.TreeMath" time="0.0"/>
  <testcase name="of node 395 should be 397" classname="com.github.traderjoe95.mls.protocol.tree.TreeMath" time="0.0"/>
  <testcase name="of node 396 should be 2147484044" classname="com.github.traderjoe95.mls.protocol.tree.TreeMath" time="0.0"/>
  <testcase name="of node 397 should be 398" classname="com.github.traderjoe95.mls.protocol.tree.TreeMath" time="0.0"/>
  <testcase name="of node 398 should be 2147484046" classname="com.github.traderjoe95.mls.protocol.tree.TreeMath" time="0.0"/>
  <testcase name="of node 399 should be 407" classname="com.github.traderjoe95.mls.protocol.tree.TreeMath" time="0.0"/>
  <testcase name="of node 400 should be 2147484048" classname="com.github.traderjoe95.mls.protocol.tree.TreeMath" time="0.0"/>
  <testcase name="of node 401 should be 402" classname="com.github.traderjoe95.mls.protocol.tree.TreeMath" time="0.0"/>
  <testcase name="of node 402 should be 2147484050" classname="com.github.traderjoe95.mls.protocol.tree.TreeMath" time="0.0"/>
  <testcase name="of node 403 should be 405" classname="com.github.traderjoe95.mls.protocol.tree.TreeMath" time="0.0"/>
  <testcase name="of node 404 should be 2147484052" classname="com.github.traderjoe95.mls.protocol.tree.TreeMath" time="0.0"/>
  <testcase name="of node 405 should be 406" classname="com.github.traderjoe95.mls.protocol.tree.TreeMath" time="0.0"/>
  <testcase name="of node 406 should be 2147484054" classname="com.github.traderjoe95.mls.protocol.tree.TreeMath" time="0.0"/>
  <testcase name="of node 407 should be 411" classname="com.github.traderjoe95.mls.protocol.tree.TreeMath" time="0.0"/>
  <testcase name="of node 408 should be 2147484056" classname="com.github.traderjoe95.mls.protocol.tree.TreeMath" time="0.0"/>
  <testcase name="of node 409 should be 410" classname="com.github.traderjoe95.mls.protocol.tree.TreeMath" time="0.0"/>
  <testcase name="of node 410 should be 2147484058" classname="com.github.traderjoe95.mls.protocol.tree.TreeMath" time="0.0"/>
  <testcase name="of node 411 should be 413" classname="com.github.traderjoe95.mls.protocol.tree.TreeMath" time="0.0"/>
  <testcase name="of node 412 should be 2147484060" classname="com.github.traderjoe95.mls.protocol.tree.TreeMath" time="0.0"/>
  <testcase name="of node 413 should be 414" classname="com.github.traderjoe95.mls.protocol.tree.TreeMath" time="0.0"/>
  <testcase name="of node 414 should be 2147484062" classname="com.github.traderjoe95.mls.protocol.tree.TreeMath" time="0.001"/>
  <testcase name="of node 415 should be 431" classname="com.github.traderjoe95.mls.protocol.tree.TreeMath" time="0.0"/>
  <testcase name="of node 416 should be 2147484064" classname="com.github.traderjoe95.mls.protocol.tree.TreeMath" time="0.0"/>
  <testcase name="of node 417 should be 418" classname="com.github.traderjoe95.mls.protocol.tree.TreeMath" time="0.0"/>
  <testcase name="of node 418 should be 2147484066" classname="com.github.traderjoe95.mls.protocol.tree.TreeMath" time="0.0"/>
  <testcase name="of node 419 should be 421" classname="com.github.traderjoe95.mls.protocol.tree.TreeMath" time="0.0"/>
  <testcase name="of node 420 should be 2147484068" classname="com.github.traderjoe95.mls.protocol.tree.TreeMath" time="0.0"/>
  <testcase name="of node 421 should be 422" classname="com.github.traderjoe95.mls.protocol.tree.TreeMath" time="0.0"/>
  <testcase name="of node 422 should be 2147484070" classname="com.github.traderjoe95.mls.protocol.tree.TreeMath" time="0.0"/>
  <testcase name="of node 423 should be 427" classname="com.github.traderjoe95.mls.protocol.tree.TreeMath" time="0.0"/>
  <testcase name="of node 424 should be 2147484072" classname="com.github.traderjoe95.mls.protocol.tree.TreeMath" time="0.0"/>
  <testcase name="of node 425 should be 426" classname="com.github.traderjoe95.mls.protocol.tree.TreeMath" time="0.0"/>
  <testcase name="of node 426 should be 2147484074" classname="com.github.traderjoe95.mls.protocol.tree.TreeMath" time="0.0"/>
  <testcase name="of node 427 should be 429" classname="com.github.traderjoe95.mls.protocol.tree.TreeMath" time="0.0"/>
  <testcase name="of node 428 should be 2147484076" classname="com.github.traderjoe95.mls.protocol.tree.TreeMath" time="0.0"/>
  <testcase name="of node 429 should be 430" classname="com.github.traderjoe95.mls.protocol.tree.TreeMath" time="0.0"/>
  <testcase name="of node 430 should be 2147484078" classname="com.github.traderjoe95.mls.protocol.tree.TreeMath" time="0.001"/>
  <testcase name="of node 431 should be 439" classname="com.github.traderjoe95.mls.protocol.tree.TreeMath" time="0.0"/>
  <testcase name="of node 432 should be 2147484080" classname="com.github.traderjoe95.mls.protocol.tree.TreeMath" time="0.001"/>
  <testcase name="of node 433 should be 434" classname="com.github.traderjoe95.mls.protocol.tree.TreeMath" time="0.0"/>
  <testcase name="of node 434 should be 2147484082" classname="com.github.traderjoe95.mls.protocol.tree.TreeMath" time="0.0"/>
  <testcase name="of node 435 should be 437" classname="com.github.traderjoe95.mls.protocol.tree.TreeMath" time="0.0"/>
  <testcase name="of node 436 should be 2147484084" classname="com.github.traderjoe95.mls.protocol.tree.TreeMath" time="0.0"/>
  <testcase name="of node 437 should be 438" classname="com.github.traderjoe95.mls.protocol.tree.TreeMath" time="0.0"/>
  <testcase name="of node 438 should be 2147484086" classname="com.github.traderjoe95.mls.protocol.tree.TreeMath" time="0.0"/>
  <testcase name="of node 439 should be 443" classname="com.github.traderjoe95.mls.protocol.tree.TreeMath" time="0.001"/>
  <testcase name="of node 440 should be 2147484088" classname="com.github.traderjoe95.mls.protocol.tree.TreeMath" time="0.0"/>
  <testcase name="of node 441 should be 442" classname="com.github.traderjoe95.mls.protocol.tree.TreeMath" time="0.001"/>
  <testcase name="of node 442 should be 2147484090" classname="com.github.traderjoe95.mls.protocol.tree.TreeMath" time="0.0"/>
  <testcase name="of node 443 should be 445" classname="com.github.traderjoe95.mls.protocol.tree.TreeMath" time="0.0"/>
  <testcase name="of node 444 should be 2147484092" classname="com.github.traderjoe95.mls.protocol.tree.TreeMath" time="0.0"/>
  <testcase name="of node 445 should be 446" classname="com.github.traderjoe95.mls.protocol.tree.TreeMath" time="0.0"/>
  <testcase name="of node 446 should be 2147484094" classname="com.github.traderjoe95.mls.protocol.tree.TreeMath" time="0.001"/>
  <testcase name="of node 447 should be 479" classname="com.github.traderjoe95.mls.protocol.tree.TreeMath" time="0.0"/>
  <testcase name="of node 448 should be 2147484096" classname="com.github.traderjoe95.mls.protocol.tree.TreeMath" time="0.0"/>
  <testcase name="of node 449 should be 450" classname="com.github.traderjoe95.mls.protocol.tree.TreeMath" time="0.0"/>
  <testcase name="of node 450 should be 2147484098" classname="com.github.traderjoe95.mls.protocol.tree.TreeMath" time="0.0"/>
  <testcase name="of node 451 should be 453" classname="com.github.traderjoe95.mls.protocol.tree.TreeMath" time="0.0"/>
  <testcase name="of node 452 should be 2147484100" classname="com.github.traderjoe95.mls.protocol.tree.TreeMath" time="0.0"/>
  <testcase name="of node 453 should be 454" classname="com.github.traderjoe95.mls.protocol.tree.TreeMath" time="0.001"/>
  <testcase name="of node 454 should be 2147484102" classname="com.github.traderjoe95.mls.protocol.tree.TreeMath" time="0.0"/>
  <testcase name="of node 455 should be 459" classname="com.github.traderjoe95.mls.protocol.tree.TreeMath" time="0.0"/>
  <testcase name="of node 456 should be 2147484104" classname="com.github.traderjoe95.mls.protocol.tree.TreeMath" time="0.0"/>
  <testcase name="of node 457 should be 458" classname="com.github.traderjoe95.mls.protocol.tree.TreeMath" time="0.0"/>
  <testcase name="of node 458 should be 2147484106" classname="com.github.traderjoe95.mls.protocol.tree.TreeMath" time="0.0"/>
  <testcase name="of node 459 should be 461" classname="com.github.traderjoe95.mls.protocol.tree.TreeMath" time="0.0"/>
  <testcase name="of node 460 should be 2147484108" classname="com.github.traderjoe95.mls.protocol.tree.TreeMath" time="0.0"/>
  <testcase name="of node 461 should be 462" classname="com.github.traderjoe95.mls.protocol.tree.TreeMath" time="0.0"/>
  <testcase name="of node 462 should be 2147484110" classname="com.github.traderjoe95.mls.protocol.tree.TreeMath" time="0.0"/>
  <testcase name="of node 463 should be 471" classname="com.github.traderjoe95.mls.protocol.tree.TreeMath" time="0.0"/>
  <testcase name="of node 464 should be 2147484112" classname="com.github.traderjoe95.mls.protocol.tree.TreeMath" time="0.0"/>
  <testcase name="of node 465 should be 466" classname="com.github.traderjoe95.mls.protocol.tree.TreeMath" time="0.001"/>
  <testcase name="of node 466 should be 2147484114" classname="com.github.traderjoe95.mls.protocol.tree.TreeMath" time="0.0"/>
  <testcase name="of node 467 should be 469" classname="com.github.traderjoe95.mls.protocol.tree.TreeMath" time="0.0"/>
  <testcase name="of node 468 should be 2147484116" classname="com.github.traderjoe95.mls.protocol.tree.TreeMath" time="0.0"/>
  <testcase name="of node 469 should be 470" classname="com.github.traderjoe95.mls.protocol.tree.TreeMath" time="0.0"/>
  <testcase name="of node 470 should be 2147484118" classname="com.github.traderjoe95.mls.protocol.tree.TreeMath" time="0.0"/>
  <testcase name="of node 471 should be 475" classname="com.github.traderjoe95.mls.protocol.tree.TreeMath" time="0.0"/>
  <testcase name="of node 472 should be 2147484120" classname="com.github.traderjoe95.mls.protocol.tree.TreeMath" time="0.0"/>
  <testcase name="of node 473 should be 474" classname="com.github.traderjoe95.mls.protocol.tree.TreeMath" time="0.0"/>
  <testcase name="of node 474 should be 2147484122" classname="com.github.traderjoe95.mls.protocol.tree.TreeMath" time="0.001"/>
  <testcase name="of node 475 should be 477" classname="com.github.traderjoe95.mls.protocol.tree.TreeMath" time="0.0"/>
  <testcase name="of node 476 should be 2147484124" classname="com.github.traderjoe95.mls.protocol.tree.TreeMath" time="0.0"/>
  <testcase name="of node 477 should be 478" classname="com.github.traderjoe95.mls.protocol.tree.TreeMath" time="0.0"/>
  <testcase name="of node 478 should be 2147484126" classname="com.github.traderjoe95.mls.protocol.tree.TreeMath" time="0.0"/>
  <testcase name="of node 479 should be 495" classname="com.github.traderjoe95.mls.protocol.tree.TreeMath" time="0.0"/>
  <testcase name="of node 480 should be 2147484128" classname="com.github.traderjoe95.mls.protocol.tree.TreeMath" time="0.0"/>
  <testcase name="of node 481 should be 482" classname="com.github.traderjoe95.mls.protocol.tree.TreeMath" time="0.0"/>
  <testcase name="of node 482 should be 2147484130" classname="com.github.traderjoe95.mls.protocol.tree.TreeMath" time="0.0"/>
  <testcase name="of node 483 should be 485" classname="com.github.traderjoe95.mls.protocol.tree.TreeMath" time="0.0"/>
  <testcase name="of node 484 should be 2147484132" classname="com.github.traderjoe95.mls.protocol.tree.TreeMath" time="0.0"/>
  <testcase name="of node 485 should be 486" classname="com.github.traderjoe95.mls.protocol.tree.TreeMath" time="0.001"/>
  <testcase name="of node 486 should be 2147484134" classname="com.github.traderjoe95.mls.protocol.tree.TreeMath" time="0.0"/>
  <testcase name="of node 487 should be 491" classname="com.github.traderjoe95.mls.protocol.tree.TreeMath" time="0.0"/>
  <testcase name="of node 488 should be 2147484136" classname="com.github.traderjoe95.mls.protocol.tree.TreeMath" time="0.0"/>
  <testcase name="of node 489 should be 490" classname="com.github.traderjoe95.mls.protocol.tree.TreeMath" time="0.0"/>
  <testcase name="of node 490 should be 2147484138" classname="com.github.traderjoe95.mls.protocol.tree.TreeMath" time="0.0"/>
  <testcase name="of node 491 should be 493" classname="com.github.traderjoe95.mls.protocol.tree.TreeMath" time="0.0"/>
  <testcase name="of node 492 should be 2147484140" classname="com.github.traderjoe95.mls.protocol.tree.TreeMath" time="0.0"/>
  <testcase name="of node 493 should be 494" classname="com.github.traderjoe95.mls.protocol.tree.TreeMath" time="0.0"/>
  <testcase name="of node 494 should be 2147484142" classname="com.github.traderjoe95.mls.protocol.tree.TreeMath" time="0.0"/>
  <testcase name="of node 495 should be 503" classname="com.github.traderjoe95.mls.protocol.tree.TreeMath" time="0.0"/>
  <testcase name="of node 496 should be 2147484144" classname="com.github.traderjoe95.mls.protocol.tree.TreeMath" time="0.0"/>
  <testcase name="of node 497 should be 498" classname="com.github.traderjoe95.mls.protocol.tree.TreeMath" time="0.0"/>
  <testcase name="of node 498 should be 2147484146" classname="com.github.traderjoe95.mls.protocol.tree.TreeMath" time="0.0"/>
  <testcase name="of node 499 should be 501" classname="com.github.traderjoe95.mls.protocol.tree.TreeMath" time="0.0"/>
  <testcase name="of node 500 should be 2147484148" classname="com.github.traderjoe95.mls.protocol.tree.TreeMath" time="0.0"/>
  <testcase name="of node 501 should be 502" classname="com.github.traderjoe95.mls.protocol.tree.TreeMath" time="0.0"/>
  <testcase name="of node 502 should be 2147484150" classname="com.github.traderjoe95.mls.protocol.tree.TreeMath" time="0.0"/>
  <testcase name="of node 503 should be 507" classname="com.github.traderjoe95.mls.protocol.tree.TreeMath" time="0.0"/>
  <testcase name="of node 504 should be 2147484152" classname="com.github.traderjoe95.mls.protocol.tree.TreeMath" time="0.0"/>
  <testcase name="of node 505 should be 506" classname="com.github.traderjoe95.mls.protocol.tree.TreeMath" time="0.0"/>
  <testcase name="of node 506 should be 2147484154" classname="com.github.traderjoe95.mls.protocol.tree.TreeMath" time="0.0"/>
  <testcase name="of node 507 should be 509" classname="com.github.traderjoe95.mls.protocol.tree.TreeMath" time="0.0"/>
  <testcase name="of node 508 should be 2147484156" classname="com.github.traderjoe95.mls.protocol.tree.TreeMath" time="0.0"/>
  <testcase name="of node 509 should be 510" classname="com.github.traderjoe95.mls.protocol.tree.TreeMath" time="0.0"/>
  <testcase name="of node 510 should be 2147484158" classname="com.github.traderjoe95.mls.protocol.tree.TreeMath" time="0.0"/>
  <testcase name="of node 0 should be 1" classname="com.github.traderjoe95.mls.protocol.tree.TreeMath" time="0.0"/>
  <testcase name="of node 1 should be 3" classname="com.github.traderjoe95.mls.protocol.tree.TreeMath" time="0.0"/>
  <testcase name="of node 2 should be 1" classname="com.github.traderjoe95.mls.protocol.tree.TreeMath" time="0.0"/>
  <testcase name="of node 3 should be 7" classname="com.github.traderjoe95.mls.protocol.tree.TreeMath" time="0.0"/>
  <testcase name="of node 4 should be 5" classname="com.github.traderjoe95.mls.protocol.tree.TreeMath" time="0.0"/>
  <testcase name="of node 5 should be 3" classname="com.github.traderjoe95.mls.protocol.tree.TreeMath" time="0.001"/>
  <testcase name="of node 6 should be 5" classname="com.github.traderjoe95.mls.protocol.tree.TreeMath" time="0.0"/>
  <testcase name="of node 7 should be 15" classname="com.github.traderjoe95.mls.protocol.tree.TreeMath" time="0.0"/>
  <testcase name="of node 8 should be 9" classname="com.github.traderjoe95.mls.protocol.tree.TreeMath" time="0.0"/>
  <testcase name="of node 9 should be 11" classname="com.github.traderjoe95.mls.protocol.tree.TreeMath" time="0.0"/>
  <testcase name="of node 10 should be 9" classname="com.github.traderjoe95.mls.protocol.tree.TreeMath" time="0.0"/>
  <testcase name="of node 11 should be 7" classname="com.github.traderjoe95.mls.protocol.tree.TreeMath" time="0.0"/>
  <testcase name="of node 12 should be 13" classname="com.github.traderjoe95.mls.protocol.tree.TreeMath" time="0.0"/>
  <testcase name="of node 13 should be 11" classname="com.github.traderjoe95.mls.protocol.tree.TreeMath" time="0.0"/>
  <testcase name="of node 14 should be 13" classname="com.github.traderjoe95.mls.protocol.tree.TreeMath" time="0.0"/>
  <testcase name="of node 15 should be 31" classname="com.github.traderjoe95.mls.protocol.tree.TreeMath" time="0.0"/>
  <testcase name="of node 16 should be 17" classname="com.github.traderjoe95.mls.protocol.tree.TreeMath" time="0.0"/>
  <testcase name="of node 17 should be 19" classname="com.github.traderjoe95.mls.protocol.tree.TreeMath" time="0.0"/>
  <testcase name="of node 18 should be 17" classname="com.github.traderjoe95.mls.protocol.tree.TreeMath" time="0.0"/>
  <testcase name="of node 19 should be 23" classname="com.github.traderjoe95.mls.protocol.tree.TreeMath" time="0.0"/>
  <testcase name="of node 20 should be 21" classname="com.github.traderjoe95.mls.protocol.tree.TreeMath" time="0.0"/>
  <testcase name="of node 21 should be 19" classname="com.github.traderjoe95.mls.protocol.tree.TreeMath" time="0.0"/>
  <testcase name="of node 22 should be 21" classname="com.github.traderjoe95.mls.protocol.tree.TreeMath" time="0.0"/>
  <testcase name="of node 23 should be 15" classname="com.github.traderjoe95.mls.protocol.tree.TreeMath" time="0.0"/>
  <testcase name="of node 24 should be 25" classname="com.github.traderjoe95.mls.protocol.tree.TreeMath" time="0.0"/>
  <testcase name="of node 25 should be 27" classname="com.github.traderjoe95.mls.protocol.tree.TreeMath" time="0.0"/>
  <testcase name="of node 26 should be 25" classname="com.github.traderjoe95.mls.protocol.tree.TreeMath" time="0.0"/>
  <testcase name="of node 27 should be 23" classname="com.github.traderjoe95.mls.protocol.tree.TreeMath" time="0.0"/>
  <testcase name="of node 28 should be 29" classname="com.github.traderjoe95.mls.protocol.tree.TreeMath" time="0.0"/>
  <testcase name="of node 29 should be 27" classname="com.github.traderjoe95.mls.protocol.tree.TreeMath" time="0.0"/>
  <testcase name="of node 30 should be 29" classname="com.github.traderjoe95.mls.protocol.tree.TreeMath" time="0.0"/>
  <testcase name="of node 31 should be 63" classname="com.github.traderjoe95.mls.protocol.tree.TreeMath" time="0.0"/>
  <testcase name="of node 32 should be 33" classname="com.github.traderjoe95.mls.protocol.tree.TreeMath" time="0.0"/>
  <testcase name="of node 33 should be 35" classname="com.github.traderjoe95.mls.protocol.tree.TreeMath" time="0.0"/>
  <testcase name="of node 34 should be 33" classname="com.github.traderjoe95.mls.protocol.tree.TreeMath" time="0.0"/>
  <testcase name="of node 35 should be 39" classname="com.github.traderjoe95.mls.protocol.tree.TreeMath" time="0.0"/>
  <testcase name="of node 36 should be 37" classname="com.github.traderjoe95.mls.protocol.tree.TreeMath" time="0.0"/>
  <testcase name="of node 37 should be 35" classname="com.github.traderjoe95.mls.protocol.tree.TreeMath" time="0.0"/>
  <testcase name="of node 38 should be 37" classname="com.github.traderjoe95.mls.protocol.tree.TreeMath" time="0.0"/>
  <testcase name="of node 39 should be 47" classname="com.github.traderjoe95.mls.protocol.tree.TreeMath" time="0.0"/>
  <testcase name="of node 40 should be 41" classname="com.github.traderjoe95.mls.protocol.tree.TreeMath" time="0.0"/>
  <testcase name="of node 41 should be 43" classname="com.github.traderjoe95.mls.protocol.tree.TreeMath" time="0.0"/>
  <testcase name="of node 42 should be 41" classname="com.github.traderjoe95.mls.protocol.tree.TreeMath" time="0.0"/>
  <testcase name="of node 43 should be 39" classname="com.github.traderjoe95.mls.protocol.tree.TreeMath" time="0.0"/>
  <testcase name="of node 44 should be 45" classname="com.github.traderjoe95.mls.protocol.tree.TreeMath" time="0.0"/>
  <testcase name="of node 45 should be 43" classname="com.github.traderjoe95.mls.protocol.tree.TreeMath" time="0.001"/>
  <testcase name="of node 46 should be 45" classname="com.github.traderjoe95.mls.protocol.tree.TreeMath" time="0.0"/>
  <testcase name="of node 47 should be 31" classname="com.github.traderjoe95.mls.protocol.tree.TreeMath" time="0.0"/>
  <testcase name="of node 48 should be 49" classname="com.github.traderjoe95.mls.protocol.tree.TreeMath" time="0.0"/>
  <testcase name="of node 49 should be 51" classname="com.github.traderjoe95.mls.protocol.tree.TreeMath" time="0.0"/>
  <testcase name="of node 50 should be 49" classname="com.github.traderjoe95.mls.protocol.tree.TreeMath" time="0.001"/>
  <testcase name="of node 51 should be 55" classname="com.github.traderjoe95.mls.protocol.tree.TreeMath" time="0.0"/>
  <testcase name="of node 52 should be 53" classname="com.github.traderjoe95.mls.protocol.tree.TreeMath" time="0.0"/>
  <testcase name="of node 53 should be 51" classname="com.github.traderjoe95.mls.protocol.tree.TreeMath" time="0.0"/>
  <testcase name="of node 54 should be 53" classname="com.github.traderjoe95.mls.protocol.tree.TreeMath" time="0.0"/>
  <testcase name="of node 55 should be 47" classname="com.github.traderjoe95.mls.protocol.tree.TreeMath" time="0.0"/>
  <testcase name="of node 56 should be 57" classname="com.github.traderjoe95.mls.protocol.tree.TreeMath" time="0.0"/>
  <testcase name="of node 57 should be 59" classname="com.github.traderjoe95.mls.protocol.tree.TreeMath" time="0.0"/>
  <testcase name="of node 58 should be 57" classname="com.github.traderjoe95.mls.protocol.tree.TreeMath" time="0.0"/>
  <testcase name="of node 59 should be 55" classname="com.github.traderjoe95.mls.protocol.tree.TreeMath" time="0.0"/>
  <testcase name="of node 60 should be 61" classname="com.github.traderjoe95.mls.protocol.tree.TreeMath" time="0.001"/>
  <testcase name="of node 61 should be 59" classname="com.github.traderjoe95.mls.protocol.tree.TreeMath" time="0.0"/>
  <testcase name="of node 62 should be 61" classname="com.github.traderjoe95.mls.protocol.tree.TreeMath" time="0.0"/>
  <testcase name="of node 63 should be 127" classname="com.github.traderjoe95.mls.protocol.tree.TreeMath" time="0.0"/>
  <testcase name="of node 64 should be 65" classname="com.github.traderjoe95.mls.protocol.tree.TreeMath" time="0.0"/>
  <testcase name="of node 65 should be 67" classname="com.github.traderjoe95.mls.protocol.tree.TreeMath" time="0.0"/>
  <testcase name="of node 66 should be 65" classname="com.github.traderjoe95.mls.protocol.tree.TreeMath" time="0.0"/>
  <testcase name="of node 67 should be 71" classname="com.github.traderjoe95.mls.protocol.tree.TreeMath" time="0.0"/>
  <testcase name="of node 68 should be 69" classname="com.github.traderjoe95.mls.protocol.tree.TreeMath" time="0.0"/>
  <testcase name="of node 69 should be 67" classname="com.github.traderjoe95.mls.protocol.tree.TreeMath" time="0.0"/>
  <testcase name="of node 70 should be 69" classname="com.github.traderjoe95.mls.protocol.tree.TreeMath" time="0.001"/>
  <testcase name="of node 71 should be 79" classname="com.github.traderjoe95.mls.protocol.tree.TreeMath" time="0.0"/>
  <testcase name="of node 72 should be 73" classname="com.github.traderjoe95.mls.protocol.tree.TreeMath" time="0.0"/>
  <testcase name="of node 73 should be 75" classname="com.github.traderjoe95.mls.protocol.tree.TreeMath" time="0.0"/>
  <testcase name="of node 74 should be 73" classname="com.github.traderjoe95.mls.protocol.tree.TreeMath" time="0.0"/>
  <testcase name="of node 75 should be 71" classname="com.github.traderjoe95.mls.protocol.tree.TreeMath" time="0.0"/>
  <testcase name="of node 76 should be 77" classname="com.github.traderjoe95.mls.protocol.tree.TreeMath" time="0.0"/>
  <testcase name="of node 77 should be 75" classname="com.github.traderjoe95.mls.protocol.tree.TreeMath" time="0.0"/>
  <testcase name="of node 78 should be 77" classname="com.github.traderjoe95.mls.protocol.tree.TreeMath" time="0.0"/>
  <testcase name="of node 79 should be 95" classname="com.github.traderjoe95.mls.protocol.tree.TreeMath" time="0.0"/>
  <testcase name="of node 80 should be 81" classname="com.github.traderjoe95.mls.protocol.tree.TreeMath" time="0.001"/>
  <testcase name="of node 81 should be 83" classname="com.github.traderjoe95.mls.protocol.tree.TreeMath" time="0.0"/>
  <testcase name="of node 82 should be 81" classname="com.github.traderjoe95.mls.protocol.tree.TreeMath" time="0.0"/>
  <testcase name="of node 83 should be 87" classname="com.github.traderjoe95.mls.protocol.tree.TreeMath" time="0.0"/>
  <testcase name="of node 84 should be 85" classname="com.github.traderjoe95.mls.protocol.tree.TreeMath" time="0.0"/>
  <testcase name="of node 85 should be 83" classname="com.github.traderjoe95.mls.protocol.tree.TreeMath" time="0.0"/>
  <testcase name="of node 86 should be 85" classname="com.github.traderjoe95.mls.protocol.tree.TreeMath" time="0.0"/>
  <testcase name="of node 87 should be 79" classname="com.github.traderjoe95.mls.protocol.tree.TreeMath" time="0.0"/>
  <testcase name="of node 88 should be 89" classname="com.github.traderjoe95.mls.protocol.tree.TreeMath" time="0.0"/>
  <testcase name="of node 89 should be 91" classname="com.github.traderjoe95.mls.protocol.tree.TreeMath" time="0.0"/>
  <testcase name="of node 90 should be 89" classname="com.github.traderjoe95.mls.protocol.tree.TreeMath" time="0.0"/>
  <testcase name="of node 91 should be 87" classname="com.github.traderjoe95.mls.protocol.tree.TreeMath" time="0.0"/>
  <testcase name="of node 92 should be 93" classname="com.github.traderjoe95.mls.protocol.tree.TreeMath" time="0.0"/>
  <testcase name="of node 93 should be 91" classname="com.github.traderjoe95.mls.protocol.tree.TreeMath" time="0.0"/>
  <testcase name="of node 94 should be 93" classname="com.github.traderjoe95.mls.protocol.tree.TreeMath" time="0.0"/>
  <testcase name="of node 95 should be 63" classname="com.github.traderjoe95.mls.protocol.tree.TreeMath" time="0.0"/>
  <testcase name="of node 96 should be 97" classname="com.github.traderjoe95.mls.protocol.tree.TreeMath" time="0.0"/>
  <testcase name="of node 97 should be 99" classname="com.github.traderjoe95.mls.protocol.tree.TreeMath" time="0.0"/>
  <testcase name="of node 98 should be 97" classname="com.github.traderjoe95.mls.protocol.tree.TreeMath" time="0.0"/>
  <testcase name="of node 99 should be 103" classname="com.github.traderjoe95.mls.protocol.tree.TreeMath" time="0.0"/>
  <testcase name="of node 100 should be 101" classname="com.github.traderjoe95.mls.protocol.tree.TreeMath" time="0.0"/>
  <testcase name="of node 101 should be 99" classname="com.github.traderjoe95.mls.protocol.tree.TreeMath" time="0.0"/>
  <testcase name="of node 102 should be 101" classname="com.github.traderjoe95.mls.protocol.tree.TreeMath" time="0.001"/>
  <testcase name="of node 103 should be 111" classname="com.github.traderjoe95.mls.protocol.tree.TreeMath" time="0.0"/>
  <testcase name="of node 104 should be 105" classname="com.github.traderjoe95.mls.protocol.tree.TreeMath" time="0.0"/>
  <testcase name="of node 105 should be 107" classname="com.github.traderjoe95.mls.protocol.tree.TreeMath" time="0.0"/>
  <testcase name="of node 106 should be 105" classname="com.github.traderjoe95.mls.protocol.tree.TreeMath" time="0.0"/>
  <testcase name="of node 107 should be 103" classname="com.github.traderjoe95.mls.protocol.tree.TreeMath" time="0.0"/>
  <testcase name="of node 108 should be 109" classname="com.github.traderjoe95.mls.protocol.tree.TreeMath" time="0.0"/>
  <testcase name="of node 109 should be 107" classname="com.github.traderjoe95.mls.protocol.tree.TreeMath" time="0.0"/>
  <testcase name="of node 110 should be 109" classname="com.github.traderjoe95.mls.protocol.tree.TreeMath" time="0.0"/>
  <testcase name="of node 111 should be 95" classname="com.github.traderjoe95.mls.protocol.tree.TreeMath" time="0.0"/>
  <testcase name="of node 112 should be 113" classname="com.github.traderjoe95.mls.protocol.tree.TreeMath" time="0.0"/>
  <testcase name="of node 113 should be 115" classname="com.github.traderjoe95.mls.protocol.tree.TreeMath" time="0.001"/>
  <testcase name="of node 114 should be 113" classname="com.github.traderjoe95.mls.protocol.tree.TreeMath" time="0.0"/>
  <testcase name="of node 115 should be 119" classname="com.github.traderjoe95.mls.protocol.tree.TreeMath" time="0.0"/>
  <testcase name="of node 116 should be 117" classname="com.github.traderjoe95.mls.protocol.tree.TreeMath" time="0.0"/>
  <testcase name="of node 117 should be 115" classname="com.github.traderjoe95.mls.protocol.tree.TreeMath" time="0.0"/>
  <testcase name="of node 118 should be 117" classname="com.github.traderjoe95.mls.protocol.tree.TreeMath" time="0.0"/>
  <testcase name="of node 119 should be 111" classname="com.github.traderjoe95.mls.protocol.tree.TreeMath" time="0.0"/>
  <testcase name="of node 120 should be 121" classname="com.github.traderjoe95.mls.protocol.tree.TreeMath" time="0.0"/>
  <testcase name="of node 121 should be 123" classname="com.github.traderjoe95.mls.protocol.tree.TreeMath" time="0.0"/>
  <testcase name="of node 122 should be 121" classname="com.github.traderjoe95.mls.protocol.tree.TreeMath" time="0.0"/>
  <testcase name="of node 123 should be 119" classname="com.github.traderjoe95.mls.protocol.tree.TreeMath" time="0.0"/>
  <testcase name="of node 124 should be 125" classname="com.github.traderjoe95.mls.protocol.tree.TreeMath" time="0.001"/>
  <testcase name="of node 125 should be 123" classname="com.github.traderjoe95.mls.protocol.tree.TreeMath" time="0.0"/>
  <testcase name="of node 126 should be 125" classname="com.github.traderjoe95.mls.protocol.tree.TreeMath" time="0.0"/>
  <testcase name="of node 127 should be 255" classname="com.github.traderjoe95.mls.protocol.tree.TreeMath" time="0.0"/>
  <testcase name="of node 128 should be 129" classname="com.github.traderjoe95.mls.protocol.tree.TreeMath" time="0.0"/>
  <testcase name="of node 129 should be 131" classname="com.github.traderjoe95.mls.protocol.tree.TreeMath" time="0.0"/>
  <testcase name="of node 130 should be 129" classname="com.github.traderjoe95.mls.protocol.tree.TreeMath" time="0.0"/>
  <testcase name="of node 131 should be 135" classname="com.github.traderjoe95.mls.protocol.tree.TreeMath" time="0.0"/>
  <testcase name="of node 132 should be 133" classname="com.github.traderjoe95.mls.protocol.tree.TreeMath" time="0.0"/>
  <testcase name="of node 133 should be 131" classname="com.github.traderjoe95.mls.protocol.tree.TreeMath" time="0.0"/>
  <testcase name="of node 134 should be 133" classname="com.github.traderjoe95.mls.protocol.tree.TreeMath" time="0.0"/>
  <testcase name="of node 135 should be 143" classname="com.github.traderjoe95.mls.protocol.tree.TreeMath" time="0.0"/>
  <testcase name="of node 136 should be 137" classname="com.github.traderjoe95.mls.protocol.tree.TreeMath" time="0.001"/>
  <testcase name="of node 137 should be 139" classname="com.github.traderjoe95.mls.protocol.tree.TreeMath" time="0.0"/>
  <testcase name="of node 138 should be 137" classname="com.github.traderjoe95.mls.protocol.tree.TreeMath" time="0.0"/>
  <testcase name="of node 139 should be 135" classname="com.github.traderjoe95.mls.protocol.tree.TreeMath" time="0.001"/>
  <testcase name="of node 140 should be 141" classname="com.github.traderjoe95.mls.protocol.tree.TreeMath" time="0.0"/>
  <testcase name="of node 141 should be 139" classname="com.github.traderjoe95.mls.protocol.tree.TreeMath" time="0.0"/>
  <testcase name="of node 142 should be 141" classname="com.github.traderjoe95.mls.protocol.tree.TreeMath" time="0.0"/>
  <testcase name="of node 143 should be 159" classname="com.github.traderjoe95.mls.protocol.tree.TreeMath" time="0.0"/>
  <testcase name="of node 144 should be 145" classname="com.github.traderjoe95.mls.protocol.tree.TreeMath" time="0.0"/>
  <testcase name="of node 145 should be 147" classname="com.github.traderjoe95.mls.protocol.tree.TreeMath" time="0.0"/>
  <testcase name="of node 146 should be 145" classname="com.github.traderjoe95.mls.protocol.tree.TreeMath" time="0.0"/>
  <testcase name="of node 147 should be 151" classname="com.github.traderjoe95.mls.protocol.tree.TreeMath" time="0.0"/>
  <testcase name="of node 148 should be 149" classname="com.github.traderjoe95.mls.protocol.tree.TreeMath" time="0.0"/>
  <testcase name="of node 149 should be 147" classname="com.github.traderjoe95.mls.protocol.tree.TreeMath" time="0.0"/>
  <testcase name="of node 150 should be 149" classname="com.github.traderjoe95.mls.protocol.tree.TreeMath" time="0.0"/>
  <testcase name="of node 151 should be 143" classname="com.github.traderjoe95.mls.protocol.tree.TreeMath" time="0.0"/>
  <testcase name="of node 152 should be 153" classname="com.github.traderjoe95.mls.protocol.tree.TreeMath" time="0.0"/>
  <testcase name="of node 153 should be 155" classname="com.github.traderjoe95.mls.protocol.tree.TreeMath" time="0.0"/>
  <testcase name="of node 154 should be 153" classname="com.github.traderjoe95.mls.protocol.tree.TreeMath" time="0.0"/>
  <testcase name="of node 155 should be 151" classname="com.github.traderjoe95.mls.protocol.tree.TreeMath" time="0.0"/>
  <testcase name="of node 156 should be 157" classname="com.github.traderjoe95.mls.protocol.tree.TreeMath" time="0.0"/>
  <testcase name="of node 157 should be 155" classname="com.github.traderjoe95.mls.protocol.tree.TreeMath" time="0.0"/>
  <testcase name="of node 158 should be 157" classname="com.github.traderjoe95.mls.protocol.tree.TreeMath" time="0.0"/>
  <testcase name="of node 159 should be 191" classname="com.github.traderjoe95.mls.protocol.tree.TreeMath" time="0.0"/>
  <testcase name="of node 160 should be 161" classname="com.github.traderjoe95.mls.protocol.tree.TreeMath" time="0.0"/>
  <testcase name="of node 161 should be 163" classname="com.github.traderjoe95.mls.protocol.tree.TreeMath" time="0.0"/>
  <testcase name="of node 162 should be 161" classname="com.github.traderjoe95.mls.protocol.tree.TreeMath" time="0.0"/>
  <testcase name="of node 163 should be 167" classname="com.github.traderjoe95.mls.protocol.tree.TreeMath" time="0.0"/>
  <testcase name="of node 164 should be 165" classname="com.github.traderjoe95.mls.protocol.tree.TreeMath" time="0.0"/>
  <testcase name="of node 165 should be 163" classname="com.github.traderjoe95.mls.protocol.tree.TreeMath" time="0.0"/>
  <testcase name="of node 166 should be 165" classname="com.github.traderjoe95.mls.protocol.tree.TreeMath" time="0.0"/>
  <testcase name="of node 167 should be 175" classname="com.github.traderjoe95.mls.protocol.tree.TreeMath" time="0.0"/>
  <testcase name="of node 168 should be 169" classname="com.github.traderjoe95.mls.protocol.tree.TreeMath" time="0.0"/>
  <testcase name="of node 169 should be 171" classname="com.github.traderjoe95.mls.protocol.tree.TreeMath" time="0.0"/>
  <testcase name="of node 170 should be 169" classname="com.github.traderjoe95.mls.protocol.tree.TreeMath" time="0.0"/>
  <testcase name="of node 171 should be 167" classname="com.github.traderjoe95.mls.protocol.tree.TreeMath" time="0.0"/>
  <testcase name="of node 172 should be 173" classname="com.github.traderjoe95.mls.protocol.tree.TreeMath" time="0.0"/>
  <testcase name="of node 173 should be 171" classname="com.github.traderjoe95.mls.protocol.tree.TreeMath" time="0.0"/>
  <testcase name="of node 174 should be 173" classname="com.github.traderjoe95.mls.protocol.tree.TreeMath" time="0.0"/>
  <testcase name="of node 175 should be 159" classname="com.github.traderjoe95.mls.protocol.tree.TreeMath" time="0.0"/>
  <testcase name="of node 176 should be 177" classname="com.github.traderjoe95.mls.protocol.tree.TreeMath" time="0.001"/>
  <testcase name="of node 177 should be 179" classname="com.github.traderjoe95.mls.protocol.tree.TreeMath" time="0.0"/>
  <testcase name="of node 178 should be 177" classname="com.github.traderjoe95.mls.protocol.tree.TreeMath" time="0.0"/>
  <testcase name="of node 179 should be 183" classname="com.github.traderjoe95.mls.protocol.tree.TreeMath" time="0.0"/>
  <testcase name="of node 180 should be 181" classname="com.github.traderjoe95.mls.protocol.tree.TreeMath" time="0.0"/>
  <testcase name="of node 181 should be 179" classname="com.github.traderjoe95.mls.protocol.tree.TreeMath" time="0.0"/>
  <testcase name="of node 182 should be 181" classname="com.github.traderjoe95.mls.protocol.tree.TreeMath" time="0.0"/>
  <testcase name="of node 183 should be 175" classname="com.github.traderjoe95.mls.protocol.tree.TreeMath" time="0.0"/>
  <testcase name="of node 184 should be 185" classname="com.github.traderjoe95.mls.protocol.tree.TreeMath" time="0.0"/>
  <testcase name="of node 185 should be 187" classname="com.github.traderjoe95.mls.protocol.tree.TreeMath" time="0.0"/>
  <testcase name="of node 186 should be 185" classname="com.github.traderjoe95.mls.protocol.tree.TreeMath" time="0.0"/>
  <testcase name="of node 187 should be 183" classname="com.github.traderjoe95.mls.protocol.tree.TreeMath" time="0.0"/>
  <testcase name="of node 188 should be 189" classname="com.github.traderjoe95.mls.protocol.tree.TreeMath" time="0.0"/>
  <testcase name="of node 189 should be 187" classname="com.github.traderjoe95.mls.protocol.tree.TreeMath" time="0.0"/>
  <testcase name="of node 190 should be 189" classname="com.github.traderjoe95.mls.protocol.tree.TreeMath" time="0.0"/>
  <testcase name="of node 191 should be 127" classname="com.github.traderjoe95.mls.protocol.tree.TreeMath" time="0.0"/>
  <testcase name="of node 192 should be 193" classname="com.github.traderjoe95.mls.protocol.tree.TreeMath" time="0.0"/>
  <testcase name="of node 193 should be 195" classname="com.github.traderjoe95.mls.protocol.tree.TreeMath" time="0.0"/>
  <testcase name="of node 194 should be 193" classname="com.github.traderjoe95.mls.protocol.tree.TreeMath" time="0.0"/>
  <testcase name="of node 195 should be 199" classname="com.github.traderjoe95.mls.protocol.tree.TreeMath" time="0.001"/>
  <testcase name="of node 196 should be 197" classname="com.github.traderjoe95.mls.protocol.tree.TreeMath" time="0.0"/>
  <testcase name="of node 197 should be 195" classname="com.github.traderjoe95.mls.protocol.tree.TreeMath" time="0.0"/>
  <testcase name="of node 198 should be 197" classname="com.github.traderjoe95.mls.protocol.tree.TreeMath" time="0.0"/>
  <testcase name="of node 199 should be 207" classname="com.github.traderjoe95.mls.protocol.tree.TreeMath" time="0.0"/>
  <testcase name="of node 200 should be 201" classname="com.github.traderjoe95.mls.protocol.tree.TreeMath" time="0.0"/>
  <testcase name="of node 201 should be 203" classname="com.github.traderjoe95.mls.protocol.tree.TreeMath" time="0.0"/>
  <testcase name="of node 202 should be 201" classname="com.github.traderjoe95.mls.protocol.tree.TreeMath" time="0.0"/>
  <testcase name="of node 203 should be 199" classname="com.github.traderjoe95.mls.protocol.tree.TreeMath" time="0.0"/>
  <testcase name="of node 204 should be 205" classname="com.github.traderjoe95.mls.protocol.tree.TreeMath" time="0.0"/>
  <testcase name="of node 205 should be 203" classname="com.github.traderjoe95.mls.protocol.tree.TreeMath" time="0.0"/>
  <testcase name="of node 206 should be 205" classname="com.github.traderjoe95.mls.protocol.tree.TreeMath" time="0.0"/>
  <testcase name="of node 207 should be 223" classname="com.github.traderjoe95.mls.protocol.tree.TreeMath" time="0.0"/>
  <testcase name="of node 208 should be 209" classname="com.github.traderjoe95.mls.protocol.tree.TreeMath" time="0.0"/>
  <testcase name="of node 209 should be 211" classname="com.github.traderjoe95.mls.protocol.tree.TreeMath" time="0.0"/>
  <testcase name="of node 210 should be 209" classname="com.github.traderjoe95.mls.protocol.tree.TreeMath" time="0.0"/>
  <testcase name="of node 211 should be 215" classname="com.github.traderjoe95.mls.protocol.tree.TreeMath" time="0.0"/>
  <testcase name="of node 212 should be 213" classname="com.github.traderjoe95.mls.protocol.tree.TreeMath" time="0.0"/>
  <testcase name="of node 213 should be 211" classname="com.github.traderjoe95.mls.protocol.tree.TreeMath" time="0.0"/>
  <testcase name="of node 214 should be 213" classname="com.github.traderjoe95.mls.protocol.tree.TreeMath" time="0.0"/>
  <testcase name="of node 215 should be 207" classname="com.github.traderjoe95.mls.protocol.tree.TreeMath" time="0.0"/>
  <testcase name="of node 216 should be 217" classname="com.github.traderjoe95.mls.protocol.tree.TreeMath" time="0.0"/>
  <testcase name="of node 217 should be 219" classname="com.github.traderjoe95.mls.protocol.tree.TreeMath" time="0.0"/>
  <testcase name="of node 218 should be 217" classname="com.github.traderjoe95.mls.protocol.tree.TreeMath" time="0.0"/>
  <testcase name="of node 219 should be 215" classname="com.github.traderjoe95.mls.protocol.tree.TreeMath" time="0.0"/>
  <testcase name="of node 220 should be 221" classname="com.github.traderjoe95.mls.protocol.tree.TreeMath" time="0.0"/>
  <testcase name="of node 221 should be 219" classname="com.github.traderjoe95.mls.protocol.tree.TreeMath" time="0.0"/>
  <testcase name="of node 222 should be 221" classname="com.github.traderjoe95.mls.protocol.tree.TreeMath" time="0.001"/>
  <testcase name="of node 223 should be 191" classname="com.github.traderjoe95.mls.protocol.tree.TreeMath" time="0.0"/>
  <testcase name="of node 224 should be 225" classname="com.github.traderjoe95.mls.protocol.tree.TreeMath" time="0.0"/>
  <testcase name="of node 225 should be 227" classname="com.github.traderjoe95.mls.protocol.tree.TreeMath" time="0.0"/>
  <testcase name="of node 226 should be 225" classname="com.github.traderjoe95.mls.protocol.tree.TreeMath" time="0.0"/>
  <testcase name="of node 227 should be 231" classname="com.github.traderjoe95.mls.protocol.tree.TreeMath" time="0.0"/>
  <testcase name="of node 228 should be 229" classname="com.github.traderjoe95.mls.protocol.tree.TreeMath" time="0.0"/>
  <testcase name="of node 229 should be 227" classname="com.github.traderjoe95.mls.protocol.tree.TreeMath" time="0.0"/>
  <testcase name="of node 230 should be 229" classname="com.github.traderjoe95.mls.protocol.tree.TreeMath" time="0.0"/>
  <testcase name="of node 231 should be 239" classname="com.github.traderjoe95.mls.protocol.tree.TreeMath" time="0.0"/>
  <testcase name="of node 232 should be 233" classname="com.github.traderjoe95.mls.protocol.tree.TreeMath" time="0.0"/>
  <testcase name="of node 233 should be 235" classname="com.github.traderjoe95.mls.protocol.tree.TreeMath" time="0.0"/>
  <testcase name="of node 234 should be 233" classname="com.github.traderjoe95.mls.protocol.tree.TreeMath" time="0.0"/>
  <testcase name="of node 235 should be 231" classname="com.github.traderjoe95.mls.protocol.tree.TreeMath" time="0.0"/>
  <testcase name="of node 236 should be 237" classname="com.github.traderjoe95.mls.protocol.tree.TreeMath" time="0.0"/>
  <testcase name="of node 237 should be 235" classname="com.github.traderjoe95.mls.protocol.tree.TreeMath" time="0.0"/>
  <testcase name="of node 238 should be 237" classname="com.github.traderjoe95.mls.protocol.tree.TreeMath" time="0.0"/>
  <testcase name="of node 239 should be 223" classname="com.github.traderjoe95.mls.protocol.tree.TreeMath" time="0.0"/>
  <testcase name="of node 240 should be 241" classname="com.github.traderjoe95.mls.protocol.tree.TreeMath" time="0.0"/>
  <testcase name="of node 241 should be 243" classname="com.github.traderjoe95.mls.protocol.tree.TreeMath" time="0.0"/>
  <testcase name="of node 242 should be 241" classname="com.github.traderjoe95.mls.protocol.tree.TreeMath" time="0.0"/>
  <testcase name="of node 243 should be 247" classname="com.github.traderjoe95.mls.protocol.tree.TreeMath" time="0.0"/>
  <testcase name="of node 244 should be 245" classname="com.github.traderjoe95.mls.protocol.tree.TreeMath" time="0.0"/>
  <testcase name="of node 245 should be 243" classname="com.github.traderjoe95.mls.protocol.tree.TreeMath" time="0.0"/>
  <testcase name="of node 246 should be 245" classname="com.github.traderjoe95.mls.protocol.tree.TreeMath" time="0.0"/>
  <testcase name="of node 247 should be 239" classname="com.github.traderjoe95.mls.protocol.tree.TreeMath" time="0.0"/>
  <testcase name="of node 248 should be 249" classname="com.github.traderjoe95.mls.protocol.tree.TreeMath" time="0.0"/>
  <testcase name="of node 249 should be 251" classname="com.github.traderjoe95.mls.protocol.tree.TreeMath" time="0.0"/>
  <testcase name="of node 250 should be 249" classname="com.github.traderjoe95.mls.protocol.tree.TreeMath" time="0.0"/>
  <testcase name="of node 251 should be 247" classname="com.github.traderjoe95.mls.protocol.tree.TreeMath" time="0.0"/>
  <testcase name="of node 252 should be 253" classname="com.github.traderjoe95.mls.protocol.tree.TreeMath" time="0.0"/>
  <testcase name="of node 253 should be 251" classname="com.github.traderjoe95.mls.protocol.tree.TreeMath" time="0.0"/>
  <testcase name="of node 254 should be 253" classname="com.github.traderjoe95.mls.protocol.tree.TreeMath" time="0.0"/>
  <testcase name="of node 255 should be 511" classname="com.github.traderjoe95.mls.protocol.tree.TreeMath" time="0.0"/>
  <testcase name="of node 256 should be 257" classname="com.github.traderjoe95.mls.protocol.tree.TreeMath" time="0.0"/>
  <testcase name="of node 257 should be 259" classname="com.github.traderjoe95.mls.protocol.tree.TreeMath" time="0.0"/>
  <testcase name="of node 258 should be 257" classname="com.github.traderjoe95.mls.protocol.tree.TreeMath" time="0.0"/>
  <testcase name="of node 259 should be 263" classname="com.github.traderjoe95.mls.protocol.tree.TreeMath" time="0.0"/>
  <testcase name="of node 260 should be 261" classname="com.github.traderjoe95.mls.protocol.tree.TreeMath" time="0.0"/>
  <testcase name="of node 261 should be 259" classname="com.github.traderjoe95.mls.protocol.tree.TreeMath" time="0.0"/>
  <testcase name="of node 262 should be 261" classname="com.github.traderjoe95.mls.protocol.tree.TreeMath" time="0.0"/>
  <testcase name="of node 263 should be 271" classname="com.github.traderjoe95.mls.protocol.tree.TreeMath" time="0.0"/>
  <testcase name="of node 264 should be 265" classname="com.github.traderjoe95.mls.protocol.tree.TreeMath" time="0.0"/>
  <testcase name="of node 265 should be 267" classname="com.github.traderjoe95.mls.protocol.tree.TreeMath" time="0.0"/>
  <testcase name="of node 266 should be 265" classname="com.github.traderjoe95.mls.protocol.tree.TreeMath" time="0.0"/>
  <testcase name="of node 267 should be 263" classname="com.github.traderjoe95.mls.protocol.tree.TreeMath" time="0.0"/>
  <testcase name="of node 268 should be 269" classname="com.github.traderjoe95.mls.protocol.tree.TreeMath" time="0.0"/>
  <testcase name="of node 269 should be 267" classname="com.github.traderjoe95.mls.protocol.tree.TreeMath" time="0.0"/>
  <testcase name="of node 270 should be 269" classname="com.github.traderjoe95.mls.protocol.tree.TreeMath" time="0.0"/>
  <testcase name="of node 271 should be 287" classname="com.github.traderjoe95.mls.protocol.tree.TreeMath" time="0.0"/>
  <testcase name="of node 272 should be 273" classname="com.github.traderjoe95.mls.protocol.tree.TreeMath" time="0.0"/>
  <testcase name="of node 273 should be 275" classname="com.github.traderjoe95.mls.protocol.tree.TreeMath" time="0.0"/>
  <testcase name="of node 274 should be 273" classname="com.github.traderjoe95.mls.protocol.tree.TreeMath" time="0.0"/>
  <testcase name="of node 275 should be 279" classname="com.github.traderjoe95.mls.protocol.tree.TreeMath" time="0.001"/>
  <testcase name="of node 276 should be 277" classname="com.github.traderjoe95.mls.protocol.tree.TreeMath" time="0.0"/>
  <testcase name="of node 277 should be 275" classname="com.github.traderjoe95.mls.protocol.tree.TreeMath" time="0.0"/>
  <testcase name="of node 278 should be 277" classname="com.github.traderjoe95.mls.protocol.tree.TreeMath" time="0.0"/>
  <testcase name="of node 279 should be 271" classname="com.github.traderjoe95.mls.protocol.tree.TreeMath" time="0.0"/>
  <testcase name="of node 280 should be 281" classname="com.github.traderjoe95.mls.protocol.tree.TreeMath" time="0.0"/>
  <testcase name="of node 281 should be 283" classname="com.github.traderjoe95.mls.protocol.tree.TreeMath" time="0.0"/>
  <testcase name="of node 282 should be 281" classname="com.github.traderjoe95.mls.protocol.tree.TreeMath" time="0.0"/>
  <testcase name="of node 283 should be 279" classname="com.github.traderjoe95.mls.protocol.tree.TreeMath" time="0.0"/>
  <testcase name="of node 284 should be 285" classname="com.github.traderjoe95.mls.protocol.tree.TreeMath" time="0.0"/>
  <testcase name="of node 285 should be 283" classname="com.github.traderjoe95.mls.protocol.tree.TreeMath" time="0.0"/>
  <testcase name="of node 286 should be 285" classname="com.github.traderjoe95.mls.protocol.tree.TreeMath" time="0.0"/>
  <testcase name="of node 287 should be 319" classname="com.github.traderjoe95.mls.protocol.tree.TreeMath" time="0.0"/>
  <testcase name="of node 288 should be 289" classname="com.github.traderjoe95.mls.protocol.tree.TreeMath" time="0.0"/>
  <testcase name="of node 289 should be 291" classname="com.github.traderjoe95.mls.protocol.tree.TreeMath" time="0.001"/>
  <testcase name="of node 290 should be 289" classname="com.github.traderjoe95.mls.protocol.tree.TreeMath" time="0.0"/>
  <testcase name="of node 291 should be 295" classname="com.github.traderjoe95.mls.protocol.tree.TreeMath" time="0.0"/>
  <testcase name="of node 292 should be 293" classname="com.github.traderjoe95.mls.protocol.tree.TreeMath" time="0.0"/>
  <testcase name="of node 293 should be 291" classname="com.github.traderjoe95.mls.protocol.tree.TreeMath" time="0.0"/>
  <testcase name="of node 294 should be 293" classname="com.github.traderjoe95.mls.protocol.tree.TreeMath" time="0.0"/>
  <testcase name="of node 295 should be 303" classname="com.github.traderjoe95.mls.protocol.tree.TreeMath" time="0.0"/>
  <testcase name="of node 296 should be 297" classname="com.github.traderjoe95.mls.protocol.tree.TreeMath" time="0.0"/>
  <testcase name="of node 297 should be 299" classname="com.github.traderjoe95.mls.protocol.tree.TreeMath" time="0.0"/>
  <testcase name="of node 298 should be 297" classname="com.github.traderjoe95.mls.protocol.tree.TreeMath" time="0.0"/>
  <testcase name="of node 299 should be 295" classname="com.github.traderjoe95.mls.protocol.tree.TreeMath" time="0.0"/>
  <testcase name="of node 300 should be 301" classname="com.github.traderjoe95.mls.protocol.tree.TreeMath" time="0.0"/>
  <testcase name="of node 301 should be 299" classname="com.github.traderjoe95.mls.protocol.tree.TreeMath" time="0.0"/>
  <testcase name="of node 302 should be 301" classname="com.github.traderjoe95.mls.protocol.tree.TreeMath" time="0.0"/>
  <testcase name="of node 303 should be 287" classname="com.github.traderjoe95.mls.protocol.tree.TreeMath" time="0.0"/>
  <testcase name="of node 304 should be 305" classname="com.github.traderjoe95.mls.protocol.tree.TreeMath" time="0.0"/>
  <testcase name="of node 305 should be 307" classname="com.github.traderjoe95.mls.protocol.tree.TreeMath" time="0.0"/>
  <testcase name="of node 306 should be 305" classname="com.github.traderjoe95.mls.protocol.tree.TreeMath" time="0.0"/>
  <testcase name="of node 307 should be 311" classname="com.github.traderjoe95.mls.protocol.tree.TreeMath" time="0.0"/>
  <testcase name="of node 308 should be 309" classname="com.github.traderjoe95.mls.protocol.tree.TreeMath" time="0.0"/>
  <testcase name="of node 309 should be 307" classname="com.github.traderjoe95.mls.protocol.tree.TreeMath" time="0.0"/>
  <testcase name="of node 310 should be 309" classname="com.github.traderjoe95.mls.protocol.tree.TreeMath" time="0.0"/>
  <testcase name="of node 311 should be 303" classname="com.github.traderjoe95.mls.protocol.tree.TreeMath" time="0.0"/>
  <testcase name="of node 312 should be 313" classname="com.github.traderjoe95.mls.protocol.tree.TreeMath" time="0.0"/>
  <testcase name="of node 313 should be 315" classname="com.github.traderjoe95.mls.protocol.tree.TreeMath" time="0.0"/>
  <testcase name="of node 314 should be 313" classname="com.github.traderjoe95.mls.protocol.tree.TreeMath" time="0.0"/>
  <testcase name="of node 315 should be 311" classname="com.github.traderjoe95.mls.protocol.tree.TreeMath" time="0.0"/>
  <testcase name="of node 316 should be 317" classname="com.github.traderjoe95.mls.protocol.tree.TreeMath" time="0.0"/>
  <testcase name="of node 317 should be 315" classname="com.github.traderjoe95.mls.protocol.tree.TreeMath" time="0.0"/>
  <testcase name="of node 318 should be 317" classname="com.github.traderjoe95.mls.protocol.tree.TreeMath" time="0.001"/>
  <testcase name="of node 319 should be 383" classname="com.github.traderjoe95.mls.protocol.tree.TreeMath" time="0.0"/>
  <testcase name="of node 320 should be 321" classname="com.github.traderjoe95.mls.protocol.tree.TreeMath" time="0.0"/>
  <testcase name="of node 321 should be 323" classname="com.github.traderjoe95.mls.protocol.tree.TreeMath" time="0.0"/>
  <testcase name="of node 322 should be 321" classname="com.github.traderjoe95.mls.protocol.tree.TreeMath" time="0.0"/>
  <testcase name="of node 323 should be 327" classname="com.github.traderjoe95.mls.protocol.tree.TreeMath" time="0.0"/>
  <testcase name="of node 324 should be 325" classname="com.github.traderjoe95.mls.protocol.tree.TreeMath" time="0.0"/>
  <testcase name="of node 325 should be 323" classname="com.github.traderjoe95.mls.protocol.tree.TreeMath" time="0.0"/>
  <testcase name="of node 326 should be 325" classname="com.github.traderjoe95.mls.protocol.tree.TreeMath" time="0.001"/>
  <testcase name="of node 327 should be 335" classname="com.github.traderjoe95.mls.protocol.tree.TreeMath" time="0.0"/>
  <testcase name="of node 328 should be 329" classname="com.github.traderjoe95.mls.protocol.tree.TreeMath" time="0.0"/>
  <testcase name="of node 329 should be 331" classname="com.github.traderjoe95.mls.protocol.tree.TreeMath" time="0.0"/>
  <testcase name="of node 330 should be 329" classname="com.github.traderjoe95.mls.protocol.tree.TreeMath" time="0.0"/>
  <testcase name="of node 331 should be 327" classname="com.github.traderjoe95.mls.protocol.tree.TreeMath" time="0.0"/>
  <testcase name="of node 332 should be 333" classname="com.github.traderjoe95.mls.protocol.tree.TreeMath" time="0.0"/>
  <testcase name="of node 333 should be 331" classname="com.github.traderjoe95.mls.protocol.tree.TreeMath" time="0.0"/>
  <testcase name="of node 334 should be 333" classname="com.github.traderjoe95.mls.protocol.tree.TreeMath" time="0.0"/>
  <testcase name="of node 335 should be 351" classname="com.github.traderjoe95.mls.protocol.tree.TreeMath" time="0.0"/>
  <testcase name="of node 336 should be 337" classname="com.github.traderjoe95.mls.protocol.tree.TreeMath" time="0.0"/>
  <testcase name="of node 337 should be 339" classname="com.github.traderjoe95.mls.protocol.tree.TreeMath" time="0.0"/>
  <testcase name="of node 338 should be 337" classname="com.github.traderjoe95.mls.protocol.tree.TreeMath" time="0.0"/>
  <testcase name="of node 339 should be 343" classname="com.github.traderjoe95.mls.protocol.tree.TreeMath" time="0.0"/>
  <testcase name="of node 340 should be 341" classname="com.github.traderjoe95.mls.protocol.tree.TreeMath" time="0.0"/>
  <testcase name="of node 341 should be 339" classname="com.github.traderjoe95.mls.protocol.tree.TreeMath" time="0.001"/>
  <testcase name="of node 342 should be 341" classname="com.github.traderjoe95.mls.protocol.tree.TreeMath" time="0.0"/>
  <testcase name="of node 343 should be 335" classname="com.github.traderjoe95.mls.protocol.tree.TreeMath" time="0.0"/>
  <testcase name="of node 344 should be 345" classname="com.github.traderjoe95.mls.protocol.tree.TreeMath" time="0.0"/>
  <testcase name="of node 345 should be 347" classname="com.github.traderjoe95.mls.protocol.tree.TreeMath" time="0.0"/>
  <testcase name="of node 346 should be 345" classname="com.github.traderjoe95.mls.protocol.tree.TreeMath" time="0.0"/>
  <testcase name="of node 347 should be 343" classname="com.github.traderjoe95.mls.protocol.tree.TreeMath" time="0.0"/>
  <testcase name="of node 348 should be 349" classname="com.github.traderjoe95.mls.protocol.tree.TreeMath" time="0.001"/>
  <testcase name="of node 349 should be 347" classname="com.github.traderjoe95.mls.protocol.tree.TreeMath" time="0.0"/>
  <testcase name="of node 350 should be 349" classname="com.github.traderjoe95.mls.protocol.tree.TreeMath" time="0.0"/>
  <testcase name="of node 351 should be 319" classname="com.github.traderjoe95.mls.protocol.tree.TreeMath" time="0.0"/>
  <testcase name="of node 352 should be 353" classname="com.github.traderjoe95.mls.protocol.tree.TreeMath" time="0.0"/>
  <testcase name="of node 353 should be 355" classname="com.github.traderjoe95.mls.protocol.tree.TreeMath" time="0.0"/>
  <testcase name="of node 354 should be 353" classname="com.github.traderjoe95.mls.protocol.tree.TreeMath" time="0.0"/>
  <testcase name="of node 355 should be 359" classname="com.github.traderjoe95.mls.protocol.tree.TreeMath" time="0.0"/>
  <testcase name="of node 356 should be 357" classname="com.github.traderjoe95.mls.protocol.tree.TreeMath" time="0.0"/>
  <testcase name="of node 357 should be 355" classname="com.github.traderjoe95.mls.protocol.tree.TreeMath" time="0.0"/>
  <testcase name="of node 358 should be 357" classname="com.github.traderjoe95.mls.protocol.tree.TreeMath" time="0.0"/>
  <testcase name="of node 359 should be 367" classname="com.github.traderjoe95.mls.protocol.tree.TreeMath" time="0.0"/>
  <testcase name="of node 360 should be 361" classname="com.github.traderjoe95.mls.protocol.tree.TreeMath" time="0.0"/>
  <testcase name="of node 361 should be 363" classname="com.github.traderjoe95.mls.protocol.tree.TreeMath" time="0.0"/>
  <testcase name="of node 362 should be 361" classname="com.github.traderjoe95.mls.protocol.tree.TreeMath" time="0.0"/>
  <testcase name="of node 363 should be 359" classname="com.github.traderjoe95.mls.protocol.tree.TreeMath" time="0.0"/>
  <testcase name="of node 364 should be 365" classname="com.github.traderjoe95.mls.protocol.tree.TreeMath" time="0.0"/>
  <testcase name="of node 365 should be 363" classname="com.github.traderjoe95.mls.protocol.tree.TreeMath" time="0.0"/>
  <testcase name="of node 366 should be 365" classname="com.github.traderjoe95.mls.protocol.tree.TreeMath" time="0.0"/>
  <testcase name="of node 367 should be 351" classname="com.github.traderjoe95.mls.protocol.tree.TreeMath" time="0.0"/>
  <testcase name="of node 368 should be 369" classname="com.github.traderjoe95.mls.protocol.tree.TreeMath" time="0.0"/>
  <testcase name="of node 369 should be 371" classname="com.github.traderjoe95.mls.protocol.tree.TreeMath" time="0.0"/>
  <testcase name="of node 370 should be 369" classname="com.github.traderjoe95.mls.protocol.tree.TreeMath" time="0.0"/>
  <testcase name="of node 371 should be 375" classname="com.github.traderjoe95.mls.protocol.tree.TreeMath" time="0.0"/>
  <testcase name="of node 372 should be 373" classname="com.github.traderjoe95.mls.protocol.tree.TreeMath" time="0.0"/>
  <testcase name="of node 373 should be 371" classname="com.github.traderjoe95.mls.protocol.tree.TreeMath" time="0.0"/>
  <testcase name="of node 374 should be 373" classname="com.github.traderjoe95.mls.protocol.tree.TreeMath" time="0.0"/>
  <testcase name="of node 375 should be 367" classname="com.github.traderjoe95.mls.protocol.tree.TreeMath" time="0.0"/>
  <testcase name="of node 376 should be 377" classname="com.github.traderjoe95.mls.protocol.tree.TreeMath" time="0.0"/>
  <testcase name="of node 377 should be 379" classname="com.github.traderjoe95.mls.protocol.tree.TreeMath" time="0.0"/>
  <testcase name="of node 378 should be 377" classname="com.github.traderjoe95.mls.protocol.tree.TreeMath" time="0.0"/>
  <testcase name="of node 379 should be 375" classname="com.github.traderjoe95.mls.protocol.tree.TreeMath" time="0.0"/>
  <testcase name="of node 380 should be 381" classname="com.github.traderjoe95.mls.protocol.tree.TreeMath" time="0.0"/>
  <testcase name="of node 381 should be 379" classname="com.github.traderjoe95.mls.protocol.tree.TreeMath" time="0.0"/>
  <testcase name="of node 382 should be 381" classname="com.github.traderjoe95.mls.protocol.tree.TreeMath" time="0.0"/>
  <testcase name="of node 383 should be 255" classname="com.github.traderjoe95.mls.protocol.tree.TreeMath" time="0.0"/>
  <testcase name="of node 384 should be 385" classname="com.github.traderjoe95.mls.protocol.tree.TreeMath" time="0.0"/>
  <testcase name="of node 385 should be 387" classname="com.github.traderjoe95.mls.protocol.tree.TreeMath" time="0.0"/>
  <testcase name="of node 386 should be 385" classname="com.github.traderjoe95.mls.protocol.tree.TreeMath" time="0.0"/>
  <testcase name="of node 387 should be 391" classname="com.github.traderjoe95.mls.protocol.tree.TreeMath" time="0.0"/>
  <testcase name="of node 388 should be 389" classname="com.github.traderjoe95.mls.protocol.tree.TreeMath" time="0.001"/>
  <testcase name="of node 389 should be 387" classname="com.github.traderjoe95.mls.protocol.tree.TreeMath" time="0.0"/>
  <testcase name="of node 390 should be 389" classname="com.github.traderjoe95.mls.protocol.tree.TreeMath" time="0.0"/>
  <testcase name="of node 391 should be 399" classname="com.github.traderjoe95.mls.protocol.tree.TreeMath" time="0.0"/>
  <testcase name="of node 392 should be 393" classname="com.github.traderjoe95.mls.protocol.tree.TreeMath" time="0.0"/>
  <testcase name="of node 393 should be 395" classname="com.github.traderjoe95.mls.protocol.tree.TreeMath" time="0.0"/>
  <testcase name="of node 394 should be 393" classname="com.github.traderjoe95.mls.protocol.tree.TreeMath" time="0.0"/>
  <testcase name="of node 395 should be 391" classname="com.github.traderjoe95.mls.protocol.tree.TreeMath" time="0.0"/>
  <testcase name="of node 396 should be 397" classname="com.github.traderjoe95.mls.protocol.tree.TreeMath" time="0.0"/>
  <testcase name="of node 397 should be 395" classname="com.github.traderjoe95.mls.protocol.tree.TreeMath" time="0.0"/>
  <testcase name="of node 398 should be 397" classname="com.github.traderjoe95.mls.protocol.tree.TreeMath" time="0.0"/>
  <testcase name="of node 399 should be 415" classname="com.github.traderjoe95.mls.protocol.tree.TreeMath" time="0.001"/>
  <testcase name="of node 400 should be 401" classname="com.github.traderjoe95.mls.protocol.tree.TreeMath" time="0.0"/>
  <testcase name="of node 401 should be 403" classname="com.github.traderjoe95.mls.protocol.tree.TreeMath" time="0.0"/>
  <testcase name="of node 402 should be 401" classname="com.github.traderjoe95.mls.protocol.tree.TreeMath" time="0.0"/>
  <testcase name="of node 403 should be 407" classname="com.github.traderjoe95.mls.protocol.tree.TreeMath" time="0.0"/>
  <testcase name="of node 404 should be 405" classname="com.github.traderjoe95.mls.protocol.tree.TreeMath" time="0.0"/>
  <testcase name="of node 405 should be 403" classname="com.github.traderjoe95.mls.protocol.tree.TreeMath" time="0.0"/>
  <testcase name="of node 406 should be 405" classname="com.github.traderjoe95.mls.protocol.tree.TreeMath" time="0.001"/>
  <testcase name="of node 407 should be 399" classname="com.github.traderjoe95.mls.protocol.tree.TreeMath" time="0.0"/>
  <testcase name="of node 408 should be 409" classname="com.github.traderjoe95.mls.protocol.tree.TreeMath" time="0.0"/>
  <testcase name="of node 409 should be 411" classname="com.github.traderjoe95.mls.protocol.tree.TreeMath" time="0.0"/>
  <testcase name="of node 410 should be 409" classname="com.github.traderjoe95.mls.protocol.tree.TreeMath" time="0.0"/>
  <testcase name="of node 411 should be 407" classname="com.github.traderjoe95.mls.protocol.tree.TreeMath" time="0.0"/>
  <testcase name="of node 412 should be 413" classname="com.github.traderjoe95.mls.protocol.tree.TreeMath" time="0.0"/>
  <testcase name="of node 413 should be 411" classname="com.github.traderjoe95.mls.protocol.tree.TreeMath" time="0.0"/>
  <testcase name="of node 414 should be 413" classname="com.github.traderjoe95.mls.protocol.tree.TreeMath" time="0.0"/>
  <testcase name="of node 415 should be 447" classname="com.github.traderjoe95.mls.protocol.tree.TreeMath" time="0.0"/>
  <testcase name="of node 416 should be 417" classname="com.github.traderjoe95.mls.protocol.tree.TreeMath" time="0.0"/>
  <testcase name="of node 417 should be 419" classname="com.github.traderjoe95.mls.protocol.tree.TreeMath" time="0.0"/>
  <testcase name="of node 418 should be 417" classname="com.github.traderjoe95.mls.protocol.tree.TreeMath" time="0.0"/>
  <testcase name="of node 419 should be 423" classname="com.github.traderjoe95.mls.protocol.tree.TreeMath" time="0.0"/>
  <testcase name="of node 420 should be 421" classname="com.github.traderjoe95.mls.protocol.tree.TreeMath" time="0.0"/>
  <testcase name="of node 421 should be 419" classname="com.github.traderjoe95.mls.protocol.tree.TreeMath" time="0.0"/>
  <testcase name="of node 422 should be 421" classname="com.github.traderjoe95.mls.protocol.tree.TreeMath" time="0.0"/>
  <testcase name="of node 423 should be 431" classname="com.github.traderjoe95.mls.protocol.tree.TreeMath" time="0.0"/>
  <testcase name="of node 424 should be 425" classname="com.github.traderjoe95.mls.protocol.tree.TreeMath" time="0.0"/>
  <testcase name="of node 425 should be 427" classname="com.github.traderjoe95.mls.protocol.tree.TreeMath" time="0.0"/>
  <testcase name="of node 426 should be 425" classname="com.github.traderjoe95.mls.protocol.tree.TreeMath" time="0.0"/>
  <testcase name="of node 427 should be 423" classname="com.github.traderjoe95.mls.protocol.tree.TreeMath" time="0.0"/>
  <testcase name="of node 428 should be 429" classname="com.github.traderjoe95.mls.protocol.tree.TreeMath" time="0.0"/>
  <testcase name="of node 429 should be 427" classname="com.github.traderjoe95.mls.protocol.tree.TreeMath" time="0.0"/>
  <testcase name="of node 430 should be 429" classname="com.github.traderjoe95.mls.protocol.tree.TreeMath" time="0.0"/>
  <testcase name="of node 431 should be 415" classname="com.github.traderjoe95.mls.protocol.tree.TreeMath" time="0.0"/>
  <testcase name="of node 432 should be 433" classname="com.github.traderjoe95.mls.protocol.tree.TreeMath" time="0.0"/>
  <testcase name="of node 433 should be 435" classname="com.github.traderjoe95.mls.protocol.tree.TreeMath" time="0.0"/>
  <testcase name="of node 434 should be 433" classname="com.github.traderjoe95.mls.protocol.tree.TreeMath" time="0.0"/>
  <testcase name="of node 435 should be 439" classname="com.github.traderjoe95.mls.protocol.tree.TreeMath" time="0.0"/>
  <testcase name="of node 436 should be 437" classname="com.github.traderjoe95.mls.protocol.tree.TreeMath" time="0.0"/>
  <testcase name="of node 437 should be 435" classname="com.github.traderjoe95.mls.protocol.tree.TreeMath" time="0.0"/>
  <testcase name="of node 438 should be 437" classname="com.github.traderjoe95.mls.protocol.tree.TreeMath" time="0.0"/>
  <testcase name="of node 439 should be 431" classname="com.github.traderjoe95.mls.protocol.tree.TreeMath" time="0.0"/>
  <testcase name="of node 440 should be 441" classname="com.github.traderjoe95.mls.protocol.tree.TreeMath" time="0.001"/>
  <testcase name="of node 441 should be 443" classname="com.github.traderjoe95.mls.protocol.tree.TreeMath" time="0.0"/>
  <testcase name="of node 442 should be 441" classname="com.github.traderjoe95.mls.protocol.tree.TreeMath" time="0.0"/>
  <testcase name="of node 443 should be 439" classname="com.github.traderjoe95.mls.protocol.tree.TreeMath" time="0.0"/>
  <testcase name="of node 444 should be 445" classname="com.github.traderjoe95.mls.protocol.tree.TreeMath" time="0.0"/>
  <testcase name="of node 445 should be 443" classname="com.github.traderjoe95.mls.protocol.tree.TreeMath" time="0.0"/>
  <testcase name="of node 446 should be 445" classname="com.github.traderjoe95.mls.protocol.tree.TreeMath" time="0.0"/>
  <testcase name="of node 447 should be 383" classname="com.github.traderjoe95.mls.protocol.tree.TreeMath" time="0.0"/>
  <testcase name="of node 448 should be 449" classname="com.github.traderjoe95.mls.protocol.tree.TreeMath" time="0.0"/>
  <testcase name="of node 449 should be 451" classname="com.github.traderjoe95.mls.protocol.tree.TreeMath" time="0.0"/>
  <testcase name="of node 450 should be 449" classname="com.github.traderjoe95.mls.protocol.tree.TreeMath" time="0.0"/>
  <testcase name="of node 451 should be 455" classname="com.github.traderjoe95.mls.protocol.tree.TreeMath" time="0.0"/>
  <testcase name="of node 452 should be 453" classname="com.github.traderjoe95.mls.protocol.tree.TreeMath" time="0.0"/>
  <testcase name="of node 453 should be 451" classname="com.github.traderjoe95.mls.protocol.tree.TreeMath" time="0.0"/>
  <testcase name="of node 454 should be 453" classname="com.github.traderjoe95.mls.protocol.tree.TreeMath" time="0.0"/>
  <testcase name="of node 455 should be 463" classname="com.github.traderjoe95.mls.protocol.tree.TreeMath" time="0.0"/>
  <testcase name="of node 456 should be 457" classname="com.github.traderjoe95.mls.protocol.tree.TreeMath" time="0.0"/>
  <testcase name="of node 457 should be 459" classname="com.github.traderjoe95.mls.protocol.tree.TreeMath" time="0.0"/>
  <testcase name="of node 458 should be 457" classname="com.github.traderjoe95.mls.protocol.tree.TreeMath" time="0.0"/>
  <testcase name="of node 459 should be 455" classname="com.github.traderjoe95.mls.protocol.tree.TreeMath" time="0.0"/>
  <testcase name="of node 460 should be 461" classname="com.github.traderjoe95.mls.protocol.tree.TreeMath" time="0.0"/>
  <testcase name="of node 461 should be 459" classname="com.github.traderjoe95.mls.protocol.tree.TreeMath" time="0.0"/>
  <testcase name="of node 462 should be 461" classname="com.github.traderjoe95.mls.protocol.tree.TreeMath" time="0.0"/>
  <testcase name="of node 463 should be 479" classname="com.github.traderjoe95.mls.protocol.tree.TreeMath" time="0.0"/>
  <testcase name="of node 464 should be 465" classname="com.github.traderjoe95.mls.protocol.tree.TreeMath" time="0.0"/>
  <testcase name="of node 465 should be 467" classname="com.github.traderjoe95.mls.protocol.tree.TreeMath" time="0.0"/>
  <testcase name="of node 466 should be 465" classname="com.github.traderjoe95.mls.protocol.tree.TreeMath" time="0.0"/>
  <testcase name="of node 467 should be 471" classname="com.github.traderjoe95.mls.protocol.tree.TreeMath" time="0.0"/>
  <testcase name="of node 468 should be 469" classname="com.github.traderjoe95.mls.protocol.tree.TreeMath" time="0.0"/>
  <testcase name="of node 469 should be 467" classname="com.github.traderjoe95.mls.protocol.tree.TreeMath" time="0.0"/>
  <testcase name="of node 470 should be 469" classname="com.github.traderjoe95.mls.protocol.tree.TreeMath" time="0.0"/>
  <testcase name="of node 471 should be 463" classname="com.github.traderjoe95.mls.protocol.tree.TreeMath" time="0.0"/>
  <testcase name="of node 472 should be 473" classname="com.github.traderjoe95.mls.protocol.tree.TreeMath" time="0.0"/>
  <testcase name="of node 473 should be 475" classname="com.github.traderjoe95.mls.protocol.tree.TreeMath" time="0.0"/>
  <testcase name="of node 474 should be 473" classname="com.github.traderjoe95.mls.protocol.tree.TreeMath" time="0.0"/>
  <testcase name="of node 475 should be 471" classname="com.github.traderjoe95.mls.protocol.tree.TreeMath" time="0.001"/>
  <testcase name="of node 476 should be 477" classname="com.github.traderjoe95.mls.protocol.tree.TreeMath" time="0.0"/>
  <testcase name="of node 477 should be 475" classname="com.github.traderjoe95.mls.protocol.tree.TreeMath" time="0.0"/>
  <testcase name="of node 478 should be 477" classname="com.github.traderjoe95.mls.protocol.tree.TreeMath" time="0.0"/>
  <testcase name="of node 479 should be 447" classname="com.github.traderjoe95.mls.protocol.tree.TreeMath" time="0.0"/>
  <testcase name="of node 480 should be 481" classname="com.github.traderjoe95.mls.protocol.tree.TreeMath" time="0.0"/>
  <testcase name="of node 481 should be 483" classname="com.github.traderjoe95.mls.protocol.tree.TreeMath" time="0.0"/>
  <testcase name="of node 482 should be 481" classname="com.github.traderjoe95.mls.protocol.tree.TreeMath" time="0.0"/>
  <testcase name="of node 483 should be 487" classname="com.github.traderjoe95.mls.protocol.tree.TreeMath" time="0.0"/>
  <testcase name="of node 484 should be 485" classname="com.github.traderjoe95.mls.protocol.tree.TreeMath" time="0.0"/>
  <testcase name="of node 485 should be 483" classname="com.github.traderjoe95.mls.protocol.tree.TreeMath" time="0.0"/>
  <testcase name="of node 486 should be 485" classname="com.github.traderjoe95.mls.protocol.tree.TreeMath" time="0.0"/>
  <testcase name="of node 487 should be 495" classname="com.github.traderjoe95.mls.protocol.tree.TreeMath" time="0.0"/>
  <testcase name="of node 488 should be 489" classname="com.github.traderjoe95.mls.protocol.tree.TreeMath" time="0.0"/>
  <testcase name="of node 489 should be 491" classname="com.github.traderjoe95.mls.protocol.tree.TreeMath" time="0.0"/>
  <testcase name="of node 490 should be 489" classname="com.github.traderjoe95.mls.protocol.tree.TreeMath" time="0.0"/>
  <testcase name="of node 491 should be 487" classname="com.github.traderjoe95.mls.protocol.tree.TreeMath" time="0.0"/>
  <testcase name="of node 492 should be 493" classname="com.github.traderjoe95.mls.protocol.tree.TreeMath" time="0.0"/>
  <testcase name="of node 493 should be 491" classname="com.github.traderjoe95.mls.protocol.tree.TreeMath" time="0.0"/>
  <testcase name="of node 494 should be 493" classname="com.github.traderjoe95.mls.protocol.tree.TreeMath" time="0.0"/>
  <testcase name="of node 495 should be 479" classname="com.github.traderjoe95.mls.protocol.tree.TreeMath" time="0.0"/>
  <testcase name="of node 496 should be 497" classname="com.github.traderjoe95.mls.protocol.tree.TreeMath" time="0.0"/>
  <testcase name="of node 497 should be 499" classname="com.github.traderjoe95.mls.protocol.tree.TreeMath" time="0.0"/>
  <testcase name="of node 498 should be 497" classname="com.github.traderjoe95.mls.protocol.tree.TreeMath" time="0.0"/>
  <testcase name="of node 499 should be 503" classname="com.github.traderjoe95.mls.protocol.tree.TreeMath" time="0.0"/>
  <testcase name="of node 500 should be 501" classname="com.github.traderjoe95.mls.protocol.tree.TreeMath" time="0.0"/>
  <testcase name="of node 501 should be 499" classname="com.github.traderjoe95.mls.protocol.tree.TreeMath" time="0.0"/>
  <testcase name="of node 502 should be 501" classname="com.github.traderjoe95.mls.protocol.tree.TreeMath" time="0.0"/>
  <testcase name="of node 503 should be 495" classname="com.github.traderjoe95.mls.protocol.tree.TreeMath" time="0.0"/>
  <testcase name="of node 504 should be 505" classname="com.github.traderjoe95.mls.protocol.tree.TreeMath" time="0.0"/>
  <testcase name="of node 505 should be 507" classname="com.github.traderjoe95.mls.protocol.tree.TreeMath" time="0.0"/>
  <testcase name="of node 506 should be 505" classname="com.github.traderjoe95.mls.protocol.tree.TreeMath" time="0.0"/>
  <testcase name="of node 507 should be 503" classname="com.github.traderjoe95.mls.protocol.tree.TreeMath" time="0.0"/>
  <testcase name="of node 508 should be 509" classname="com.github.traderjoe95.mls.protocol.tree.TreeMath" time="0.0"/>
  <testcase name="of node 509 should be 507" classname="com.github.traderjoe95.mls.protocol.tree.TreeMath" time="0.0"/>
  <testcase name="of node 510 should be 509" classname="com.github.traderjoe95.mls.protocol.tree.TreeMath" time="0.0"/>
  <testcase name="of node 0 should be 2" classname="com.github.traderjoe95.mls.protocol.tree.TreeMath" time="0.0"/>
  <testcase name="of node 1 should be 5" classname="com.github.traderjoe95.mls.protocol.tree.TreeMath" time="0.0"/>
  <testcase name="of node 2 should be 0" classname="com.github.traderjoe95.mls.protocol.tree.TreeMath" time="0.0"/>
  <testcase name="of node 3 should be 11" classname="com.github.traderjoe95.mls.protocol.tree.TreeMath" time="0.0"/>
  <testcase name="of node 4 should be 6" classname="com.github.traderjoe95.mls.protocol.tree.TreeMath" time="0.0"/>
  <testcase name="of node 5 should be 1" classname="com.github.traderjoe95.mls.protocol.tree.TreeMath" time="0.0"/>
  <testcase name="of node 6 should be 4" classname="com.github.traderjoe95.mls.protocol.tree.TreeMath" time="0.0"/>
  <testcase name="of node 7 should be 23" classname="com.github.traderjoe95.mls.protocol.tree.TreeMath" time="0.0"/>
  <testcase name="of node 8 should be 10" classname="com.github.traderjoe95.mls.protocol.tree.TreeMath" time="0.0"/>
  <testcase name="of node 9 should be 13" classname="com.github.traderjoe95.mls.protocol.tree.TreeMath" time="0.001"/>
  <testcase name="of node 10 should be 8" classname="com.github.traderjoe95.mls.protocol.tree.TreeMath" time="0.0"/>
  <testcase name="of node 11 should be 3" classname="com.github.traderjoe95.mls.protocol.tree.TreeMath" time="0.0"/>
  <testcase name="of node 12 should be 14" classname="com.github.traderjoe95.mls.protocol.tree.TreeMath" time="0.0"/>
  <testcase name="of node 13 should be 9" classname="com.github.traderjoe95.mls.protocol.tree.TreeMath" time="0.0"/>
  <testcase name="of node 14 should be 12" classname="com.github.traderjoe95.mls.protocol.tree.TreeMath" time="0.0"/>
  <testcase name="of node 15 should be 47" classname="com.github.traderjoe95.mls.protocol.tree.TreeMath" time="0.0"/>
  <testcase name="of node 16 should be 18" classname="com.github.traderjoe95.mls.protocol.tree.TreeMath" time="0.0"/>
  <testcase name="of node 17 should be 21" classname="com.github.traderjoe95.mls.protocol.tree.TreeMath" time="0.0"/>
  <testcase name="of node 18 should be 16" classname="com.github.traderjoe95.mls.protocol.tree.TreeMath" time="0.0"/>
  <testcase name="of node 19 should be 27" classname="com.github.traderjoe95.mls.protocol.tree.TreeMath" time="0.0"/>
  <testcase name="of node 20 should be 22" classname="com.github.traderjoe95.mls.protocol.tree.TreeMath" time="0.0"/>
  <testcase name="of node 21 should be 17" classname="com.github.traderjoe95.mls.protocol.tree.TreeMath" time="0.0"/>
  <testcase name="of node 22 should be 20" classname="com.github.traderjoe95.mls.protocol.tree.TreeMath" time="0.0"/>
  <testcase name="of node 23 should be 7" classname="com.github.traderjoe95.mls.protocol.tree.TreeMath" time="0.0"/>
  <testcase name="of node 24 should be 26" classname="com.github.traderjoe95.mls.protocol.tree.TreeMath" time="0.0"/>
  <testcase name="of node 25 should be 29" classname="com.github.traderjoe95.mls.protocol.tree.TreeMath" time="0.0"/>
  <testcase name="of node 26 should be 24" classname="com.github.traderjoe95.mls.protocol.tree.TreeMath" time="0.0"/>
  <testcase name="of node 27 should be 19" classname="com.github.traderjoe95.mls.protocol.tree.TreeMath" time="0.0"/>
  <testcase name="of node 28 should be 30" classname="com.github.traderjoe95.mls.protocol.tree.TreeMath" time="0.0"/>
  <testcase name="of node 29 should be 25" classname="com.github.traderjoe95.mls.protocol.tree.TreeMath" time="0.0"/>
  <testcase name="of node 30 should be 28" classname="com.github.traderjoe95.mls.protocol.tree.TreeMath" time="0.0"/>
  <testcase name="of node 31 should be 95" classname="com.github.traderjoe95.mls.protocol.tree.TreeMath" time="0.0"/>
  <testcase name="of node 32 should be 34" classname="com.github.traderjoe95.mls.protocol.tree.TreeMath" time="0.0"/>
  <testcase name="of node 33 should be 37" classname="com.github.traderjoe95.mls.protocol.tree.TreeMath" time="0.0"/>
  <testcase name="of node 34 should be 32" classname="com.github.traderjoe95.mls.protocol.tree.TreeMath" time="0.001"/>
  <testcase name="of node 35 should be 43" classname="com.github.traderjoe95.mls.protocol.tree.TreeMath" time="0.0"/>
  <testcase name="of node 36 should be 38" classname="com.github.traderjoe95.mls.protocol.tree.TreeMath" time="0.0"/>
  <testcase name="of node 37 should be 33" classname="com.github.traderjoe95.mls.protocol.tree.TreeMath" time="0.0"/>
  <testcase name="of node 38 should be 36" classname="com.github.traderjoe95.mls.protocol.tree.TreeMath" time="0.0"/>
  <testcase name="of node 39 should be 55" classname="com.github.traderjoe95.mls.protocol.tree.TreeMath" time="0.0"/>
  <testcase name="of node 40 should be 42" classname="com.github.traderjoe95.mls.protocol.tree.TreeMath" time="0.0"/>
  <testcase name="of node 41 should be 45" classname="com.github.traderjoe95.mls.protocol.tree.TreeMath" time="0.0"/>
  <testcase name="of node 42 should be 40" classname="com.github.traderjoe95.mls.protocol.tree.TreeMath" time="0.0"/>
  <testcase name="of node 43 should be 35" classname="com.github.traderjoe95.mls.protocol.tree.TreeMath" time="0.0"/>
  <testcase name="of node 44 should be 46" classname="com.github.traderjoe95.mls.protocol.tree.TreeMath" time="0.0"/>
  <testcase name="of node 45 should be 41" classname="com.github.traderjoe95.mls.protocol.tree.TreeMath" time="0.0"/>
  <testcase name="of node 46 should be 44" classname="com.github.traderjoe95.mls.protocol.tree.TreeMath" time="0.0"/>
  <testcase name="of node 47 should be 15" classname="com.github.traderjoe95.mls.protocol.tree.TreeMath" time="0.0"/>
  <testcase name="of node 48 should be 50" classname="com.github.traderjoe95.mls.protocol.tree.TreeMath" time="0.001"/>
  <testcase name="of node 49 should be 53" classname="com.github.traderjoe95.mls.protocol.tree.TreeMath" time="0.0"/>
  <testcase name="of node 50 should be 48" classname="com.github.traderjoe95.mls.protocol.tree.TreeMath" time="0.0"/>
  <testcase name="of node 51 should be 59" classname="com.github.traderjoe95.mls.protocol.tree.TreeMath" time="0.0"/>
  <testcase name="of node 52 should be 54" classname="com.github.traderjoe95.mls.protocol.tree.TreeMath" time="0.0"/>
  <testcase name="of node 53 should be 49" classname="com.github.traderjoe95.mls.protocol.tree.TreeMath" time="0.0"/>
  <testcase name="of node 54 should be 52" classname="com.github.traderjoe95.mls.protocol.tree.TreeMath" time="0.0"/>
  <testcase name="of node 55 should be 39" classname="com.github.traderjoe95.mls.protocol.tree.TreeMath" time="0.0"/>
  <testcase name="of node 56 should be 58" classname="com.github.traderjoe95.mls.protocol.tree.TreeMath" time="0.0"/>
  <testcase name="of node 57 should be 61" classname="com.github.traderjoe95.mls.protocol.tree.TreeMath" time="0.0"/>
  <testcase name="of node 58 should be 56" classname="com.github.traderjoe95.mls.protocol.tree.TreeMath" time="0.0"/>
  <testcase name="of node 59 should be 51" classname="com.github.traderjoe95.mls.protocol.tree.TreeMath" time="0.0"/>
  <testcase name="of node 60 should be 62" classname="com.github.traderjoe95.mls.protocol.tree.TreeMath" time="0.0"/>
  <testcase name="of node 61 should be 57" classname="com.github.traderjoe95.mls.protocol.tree.TreeMath" time="0.0"/>
  <testcase name="of node 62 should be 60" classname="com.github.traderjoe95.mls.protocol.tree.TreeMath" time="0.001"/>
  <testcase name="of node 63 should be 191" classname="com.github.traderjoe95.mls.protocol.tree.TreeMath" time="0.0"/>
  <testcase name="of node 64 should be 66" classname="com.github.traderjoe95.mls.protocol.tree.TreeMath" time="0.0"/>
  <testcase name="of node 65 should be 69" classname="com.github.traderjoe95.mls.protocol.tree.TreeMath" time="0.0"/>
  <testcase name="of node 66 should be 64" classname="com.github.traderjoe95.mls.protocol.tree.TreeMath" time="0.0"/>
  <testcase name="of node 67 should be 75" classname="com.github.traderjoe95.mls.protocol.tree.TreeMath" time="0.0"/>
  <testcase name="of node 68 should be 70" classname="com.github.traderjoe95.mls.protocol.tree.TreeMath" time="0.0"/>
  <testcase name="of node 69 should be 65" classname="com.github.traderjoe95.mls.protocol.tree.TreeMath" time="0.0"/>
  <testcase name="of node 70 should be 68" classname="com.github.traderjoe95.mls.protocol.tree.TreeMath" time="0.0"/>
  <testcase name="of node 71 should be 87" classname="com.github.traderjoe95.mls.protocol.tree.TreeMath" time="0.0"/>
  <testcase name="of node 72 should be 74" classname="com.github.traderjoe95.mls.protocol.tree.TreeMath" time="0.0"/>
  <testcase name="of node 73 should be 77" classname="com.github.traderjoe95.mls.protocol.tree.TreeMath" time="0.0"/>
  <testcase name="of node 74 should be 72" classname="com.github.traderjoe95.mls.protocol.tree.TreeMath" time="0.0"/>
  <testcase name="of node 75 should be 67" classname="com.github.traderjoe95.mls.protocol.tree.TreeMath" time="0.001"/>
  <testcase name="of node 76 should be 78" classname="com.github.traderjoe95.mls.protocol.tree.TreeMath" time="0.0"/>
  <testcase name="of node 77 should be 73" classname="com.github.traderjoe95.mls.protocol.tree.TreeMath" time="0.0"/>
  <testcase name="of node 78 should be 76" classname="com.github.traderjoe95.mls.protocol.tree.TreeMath" time="0.0"/>
  <testcase name="of node 79 should be 111" classname="com.github.traderjoe95.mls.protocol.tree.TreeMath" time="0.0"/>
  <testcase name="of node 80 should be 82" classname="com.github.traderjoe95.mls.protocol.tree.TreeMath" time="0.001"/>
  <testcase name="of node 81 should be 85" classname="com.github.traderjoe95.mls.protocol.tree.TreeMath" time="0.0"/>
  <testcase name="of node 82 should be 80" classname="com.github.traderjoe95.mls.protocol.tree.TreeMath" time="0.0"/>
  <testcase name="of node 83 should be 91" classname="com.github.traderjoe95.mls.protocol.tree.TreeMath" time="0.0"/>
  <testcase name="of node 84 should be 86" classname="com.github.traderjoe95.mls.protocol.tree.TreeMath" time="0.0"/>
  <testcase name="of node 85 should be 81" classname="com.github.traderjoe95.mls.protocol.tree.TreeMath" time="0.0"/>
  <testcase name="of node 86 should be 84" classname="com.github.traderjoe95.mls.protocol.tree.TreeMath" time="0.0"/>
  <testcase name="of node 87 should be 71" classname="com.github.traderjoe95.mls.protocol.tree.TreeMath" time="0.0"/>
  <testcase name="of node 88 should be 90" classname="com.github.traderjoe95.mls.protocol.tree.TreeMath" time="0.0"/>
  <testcase name="of node 89 should be 93" classname="com.github.traderjoe95.mls.protocol.tree.TreeMath" time="0.0"/>
  <testcase name="of node 90 should be 88" classname="com.github.traderjoe95.mls.protocol.tree.TreeMath" time="0.0"/>
  <testcase name="of node 91 should be 83" classname="com.github.traderjoe95.mls.protocol.tree.TreeMath" time="0.0"/>
  <testcase name="of node 92 should be 94" classname="com.github.traderjoe95.mls.protocol.tree.TreeMath" time="0.0"/>
  <testcase name="of node 93 should be 89" classname="com.github.traderjoe95.mls.protocol.tree.TreeMath" time="0.0"/>
  <testcase name="of node 94 should be 92" classname="com.github.traderjoe95.mls.protocol.tree.TreeMath" time="0.0"/>
  <testcase name="of node 95 should be 31" classname="com.github.traderjoe95.mls.protocol.tree.TreeMath" time="0.0"/>
  <testcase name="of node 96 should be 98" classname="com.github.traderjoe95.mls.protocol.tree.TreeMath" time="0.0"/>
  <testcase name="of node 97 should be 101" classname="com.github.traderjoe95.mls.protocol.tree.TreeMath" time="0.0"/>
  <testcase name="of node 98 should be 96" classname="com.github.traderjoe95.mls.protocol.tree.TreeMath" time="0.0"/>
  <testcase name="of node 99 should be 107" classname="com.github.traderjoe95.mls.protocol.tree.TreeMath" time="0.0"/>
  <testcase name="of node 100 should be 102" classname="com.github.traderjoe95.mls.protocol.tree.TreeMath" time="0.0"/>
  <testcase name="of node 101 should be 97" classname="com.github.traderjoe95.mls.protocol.tree.TreeMath" time="0.0"/>
  <testcase name="of node 102 should be 100" classname="com.github.traderjoe95.mls.protocol.tree.TreeMath" time="0.0"/>
  <testcase name="of node 103 should be 119" classname="com.github.traderjoe95.mls.protocol.tree.TreeMath" time="0.0"/>
  <testcase name="of node 104 should be 106" classname="com.github.traderjoe95.mls.protocol.tree.TreeMath" time="0.001"/>
  <testcase name="of node 105 should be 109" classname="com.github.traderjoe95.mls.protocol.tree.TreeMath" time="0.0"/>
  <testcase name="of node 106 should be 104" classname="com.github.traderjoe95.mls.protocol.tree.TreeMath" time="0.0"/>
  <testcase name="of node 107 should be 99" classname="com.github.traderjoe95.mls.protocol.tree.TreeMath" time="0.0"/>
  <testcase name="of node 108 should be 110" classname="com.github.traderjoe95.mls.protocol.tree.TreeMath" time="0.0"/>
  <testcase name="of node 109 should be 105" classname="com.github.traderjoe95.mls.protocol.tree.TreeMath" time="0.0"/>
  <testcase name="of node 110 should be 108" classname="com.github.traderjoe95.mls.protocol.tree.TreeMath" time="0.0"/>
  <testcase name="of node 111 should be 79" classname="com.github.traderjoe95.mls.protocol.tree.TreeMath" time="0.0"/>
  <testcase name="of node 112 should be 114" classname="com.github.traderjoe95.mls.protocol.tree.TreeMath" time="0.0"/>
  <testcase name="of node 113 should be 117" classname="com.github.traderjoe95.mls.protocol.tree.TreeMath" time="0.0"/>
  <testcase name="of node 114 should be 112" classname="com.github.traderjoe95.mls.protocol.tree.TreeMath" time="0.0"/>
  <testcase name="of node 115 should be 123" classname="com.github.traderjoe95.mls.protocol.tree.TreeMath" time="0.0"/>
  <testcase name="of node 116 should be 118" classname="com.github.traderjoe95.mls.protocol.tree.TreeMath" time="0.0"/>
  <testcase name="of node 117 should be 113" classname="com.github.traderjoe95.mls.protocol.tree.TreeMath" time="0.0"/>
  <testcase name="of node 118 should be 116" classname="com.github.traderjoe95.mls.protocol.tree.TreeMath" time="0.0"/>
  <testcase name="of node 119 should be 103" classname="com.github.traderjoe95.mls.protocol.tree.TreeMath" time="0.0"/>
  <testcase name="of node 120 should be 122" classname="com.github.traderjoe95.mls.protocol.tree.TreeMath" time="0.0"/>
  <testcase name="of node 121 should be 125" classname="com.github.traderjoe95.mls.protocol.tree.TreeMath" time="0.0"/>
  <testcase name="of node 122 should be 120" classname="com.github.traderjoe95.mls.protocol.tree.TreeMath" time="0.0"/>
  <testcase name="of node 123 should be 115" classname="com.github.traderjoe95.mls.protocol.tree.TreeMath" time="0.0"/>
  <testcase name="of node 124 should be 126" classname="com.github.traderjoe95.mls.protocol.tree.TreeMath" time="0.0"/>
  <testcase name="of node 125 should be 121" classname="com.github.traderjoe95.mls.protocol.tree.TreeMath" time="0.0"/>
  <testcase name="of node 126 should be 124" classname="com.github.traderjoe95.mls.protocol.tree.TreeMath" time="0.0"/>
  <testcase name="of node 127 should be 383" classname="com.github.traderjoe95.mls.protocol.tree.TreeMath" time="0.0"/>
  <testcase name="of node 128 should be 130" classname="com.github.traderjoe95.mls.protocol.tree.TreeMath" time="0.0"/>
  <testcase name="of node 129 should be 133" classname="com.github.traderjoe95.mls.protocol.tree.TreeMath" time="0.0"/>
  <testcase name="of node 130 should be 128" classname="com.github.traderjoe95.mls.protocol.tree.TreeMath" time="0.0"/>
  <testcase name="of node 131 should be 139" classname="com.github.traderjoe95.mls.protocol.tree.TreeMath" time="0.0"/>
  <testcase name="of node 132 should be 134" classname="com.github.traderjoe95.mls.protocol.tree.TreeMath" time="0.0"/>
  <testcase name="of node 133 should be 129" classname="com.github.traderjoe95.mls.protocol.tree.TreeMath" time="0.001"/>
  <testcase name="of node 134 should be 132" classname="com.github.traderjoe95.mls.protocol.tree.TreeMath" time="0.0"/>
  <testcase name="of node 135 should be 151" classname="com.github.traderjoe95.mls.protocol.tree.TreeMath" time="0.0"/>
  <testcase name="of node 136 should be 138" classname="com.github.traderjoe95.mls.protocol.tree.TreeMath" time="0.0"/>
  <testcase name="of node 137 should be 141" classname="com.github.traderjoe95.mls.protocol.tree.TreeMath" time="0.0"/>
  <testcase name="of node 138 should be 136" classname="com.github.traderjoe95.mls.protocol.tree.TreeMath" time="0.0"/>
  <testcase name="of node 139 should be 131" classname="com.github.traderjoe95.mls.protocol.tree.TreeMath" time="0.0"/>
  <testcase name="of node 140 should be 142" classname="com.github.traderjoe95.mls.protocol.tree.TreeMath" time="0.0"/>
  <testcase name="of node 141 should be 137" classname="com.github.traderjoe95.mls.protocol.tree.TreeMath" time="0.001"/>
  <testcase name="of node 142 should be 140" classname="com.github.traderjoe95.mls.protocol.tree.TreeMath" time="0.0"/>
  <testcase name="of node 143 should be 175" classname="com.github.traderjoe95.mls.protocol.tree.TreeMath" time="0.0"/>
  <testcase name="of node 144 should be 146" classname="com.github.traderjoe95.mls.protocol.tree.TreeMath" time="0.001"/>
  <testcase name="of node 145 should be 149" classname="com.github.traderjoe95.mls.protocol.tree.TreeMath" time="0.0"/>
  <testcase name="of node 146 should be 144" classname="com.github.traderjoe95.mls.protocol.tree.TreeMath" time="0.0"/>
  <testcase name="of node 147 should be 155" classname="com.github.traderjoe95.mls.protocol.tree.TreeMath" time="0.0"/>
  <testcase name="of node 148 should be 150" classname="com.github.traderjoe95.mls.protocol.tree.TreeMath" time="0.0"/>
  <testcase name="of node 149 should be 145" classname="com.github.traderjoe95.mls.protocol.tree.TreeMath" time="0.0"/>
  <testcase name="of node 150 should be 148" classname="com.github.traderjoe95.mls.protocol.tree.TreeMath" time="0.0"/>
  <testcase name="of node 151 should be 135" classname="com.github.traderjoe95.mls.protocol.tree.TreeMath" time="0.0"/>
  <testcase name="of node 152 should be 154" classname="com.github.traderjoe95.mls.protocol.tree.TreeMath" time="0.0"/>
  <testcase name="of node 153 should be 157" classname="com.github.traderjoe95.mls.protocol.tree.TreeMath" time="0.0"/>
  <testcase name="of node 154 should be 152" classname="com.github.traderjoe95.mls.protocol.tree.TreeMath" time="0.0"/>
  <testcase name="of node 155 should be 147" classname="com.github.traderjoe95.mls.protocol.tree.TreeMath" time="0.0"/>
  <testcase name="of node 156 should be 158" classname="com.github.traderjoe95.mls.protocol.tree.TreeMath" time="0.0"/>
  <testcase name="of node 157 should be 153" classname="com.github.traderjoe95.mls.protocol.tree.TreeMath" time="0.0"/>
  <testcase name="of node 158 should be 156" classname="com.github.traderjoe95.mls.protocol.tree.TreeMath" time="0.0"/>
  <testcase name="of node 159 should be 223" classname="com.github.traderjoe95.mls.protocol.tree.TreeMath" time="0.0"/>
  <testcase name="of node 160 should be 162" classname="com.github.traderjoe95.mls.protocol.tree.TreeMath" time="0.0"/>
  <testcase name="of node 161 should be 165" classname="com.github.traderjoe95.mls.protocol.tree.TreeMath" time="0.0"/>
  <testcase name="of node 162 should be 160" classname="com.github.traderjoe95.mls.protocol.tree.TreeMath" time="0.0"/>
  <testcase name="of node 163 should be 171" classname="com.github.traderjoe95.mls.protocol.tree.TreeMath" time="0.0"/>
  <testcase name="of node 164 should be 166" classname="com.github.traderjoe95.mls.protocol.tree.TreeMath" time="0.0"/>
  <testcase name="of node 165 should be 161" classname="com.github.traderjoe95.mls.protocol.tree.TreeMath" time="0.0"/>
  <testcase name="of node 166 should be 164" classname="com.github.traderjoe95.mls.protocol.tree.TreeMath" time="0.0"/>
  <testcase name="of node 167 should be 183" classname="com.github.traderjoe95.mls.protocol.tree.TreeMath" time="0.0"/>
  <testcase name="of node 168 should be 170" classname="com.github.traderjoe95.mls.protocol.tree.TreeMath" time="0.0"/>
  <testcase name="of node 169 should be 173" classname="com.github.traderjoe95.mls.protocol.tree.TreeMath" time="0.0"/>
  <testcase name="of node 170 should be 168" classname="com.github.traderjoe95.mls.protocol.tree.TreeMath" time="0.0"/>
  <testcase name="of node 171 should be 163" classname="com.github.traderjoe95.mls.protocol.tree.TreeMath" time="0.0"/>
  <testcase name="of node 172 should be 174" classname="com.github.traderjoe95.mls.protocol.tree.TreeMath" time="0.0"/>
  <testcase name="of node 173 should be 169" classname="com.github.traderjoe95.mls.protocol.tree.TreeMath" time="0.0"/>
  <testcase name="of node 174 should be 172" classname="com.github.traderjoe95.mls.protocol.tree.TreeMath" time="0.0"/>
  <testcase name="of node 175 should be 143" classname="com.github.traderjoe95.mls.protocol.tree.TreeMath" time="0.0"/>
  <testcase name="of node 176 should be 178" classname="com.github.traderjoe95.mls.protocol.tree.TreeMath" time="0.0"/>
  <testcase name="of node 177 should be 181" classname="com.github.traderjoe95.mls.protocol.tree.TreeMath" time="0.0"/>
  <testcase name="of node 178 should be 176" classname="com.github.traderjoe95.mls.protocol.tree.TreeMath" time="0.0"/>
  <testcase name="of node 179 should be 187" classname="com.github.traderjoe95.mls.protocol.tree.TreeMath" time="0.0"/>
  <testcase name="of node 180 should be 182" classname="com.github.traderjoe95.mls.protocol.tree.TreeMath" time="0.0"/>
  <testcase name="of node 181 should be 177" classname="com.github.traderjoe95.mls.protocol.tree.TreeMath" time="0.001"/>
  <testcase name="of node 182 should be 180" classname="com.github.traderjoe95.mls.protocol.tree.TreeMath" time="0.0"/>
  <testcase name="of node 183 should be 167" classname="com.github.traderjoe95.mls.protocol.tree.TreeMath" time="0.0"/>
  <testcase name="of node 184 should be 186" classname="com.github.traderjoe95.mls.protocol.tree.TreeMath" time="0.0"/>
  <testcase name="of node 185 should be 189" classname="com.github.traderjoe95.mls.protocol.tree.TreeMath" time="0.0"/>
  <testcase name="of node 186 should be 184" classname="com.github.traderjoe95.mls.protocol.tree.TreeMath" time="0.0"/>
  <testcase name="of node 187 should be 179" classname="com.github.traderjoe95.mls.protocol.tree.TreeMath" time="0.0"/>
  <testcase name="of node 188 should be 190" classname="com.github.traderjoe95.mls.protocol.tree.TreeMath" time="0.0"/>
  <testcase name="of node 189 should be 185" classname="com.github.traderjoe95.mls.protocol.tree.TreeMath" time="0.0"/>
  <testcase name="of node 190 should be 188" classname="com.github.traderjoe95.mls.protocol.tree.TreeMath" time="0.0"/>
  <testcase name="of node 191 should be 63" classname="com.github.traderjoe95.mls.protocol.tree.TreeMath" time="0.0"/>
  <testcase name="of node 192 should be 194" classname="com.github.traderjoe95.mls.protocol.tree.TreeMath" time="0.0"/>
  <testcase name="of node 193 should be 197" classname="com.github.traderjoe95.mls.protocol.tree.TreeMath" time="0.0"/>
  <testcase name="of node 194 should be 192" classname="com.github.traderjoe95.mls.protocol.tree.TreeMath" time="0.0"/>
  <testcase name="of node 195 should be 203" classname="com.github.traderjoe95.mls.protocol.tree.TreeMath" time="0.0"/>
  <testcase name="of node 196 should be 198" classname="com.github.traderjoe95.mls.protocol.tree.TreeMath" time="0.0"/>
  <testcase name="of node 197 should be 193" classname="com.github.traderjoe95.mls.protocol.tree.TreeMath" time="0.0"/>
  <testcase name="of node 198 should be 196" classname="com.github.traderjoe95.mls.protocol.tree.TreeMath" time="0.0"/>
  <testcase name="of node 199 should be 215" classname="com.github.traderjoe95.mls.protocol.tree.TreeMath" time="0.0"/>
  <testcase name="of node 200 should be 202" classname="com.github.traderjoe95.mls.protocol.tree.TreeMath" time="0.0"/>
  <testcase name="of node 201 should be 205" classname="com.github.traderjoe95.mls.protocol.tree.TreeMath" time="0.0"/>
  <testcase name="of node 202 should be 200" classname="com.github.traderjoe95.mls.protocol.tree.TreeMath" time="0.0"/>
  <testcase name="of node 203 should be 195" classname="com.github.traderjoe95.mls.protocol.tree.TreeMath" time="0.0"/>
  <testcase name="of node 204 should be 206" classname="com.github.traderjoe95.mls.protocol.tree.TreeMath" time="0.0"/>
  <testcase name="of node 205 should be 201" classname="com.github.traderjoe95.mls.protocol.tree.TreeMath" time="0.0"/>
  <testcase name="of node 206 should be 204" classname="com.github.traderjoe95.mls.protocol.tree.TreeMath" time="0.0"/>
  <testcase name="of node 207 should be 239" classname="com.github.traderjoe95.mls.protocol.tree.TreeMath" time="0.0"/>
  <testcase name="of node 208 should be 210" classname="com.github.traderjoe95.mls.protocol.tree.TreeMath" time="0.0"/>
  <testcase name="of node 209 should be 213" classname="com.github.traderjoe95.mls.protocol.tree.TreeMath" time="0.0"/>
  <testcase name="of node 210 should be 208" classname="com.github.traderjoe95.mls.protocol.tree.TreeMath" time="0.0"/>
  <testcase name="of node 211 should be 219" classname="com.github.traderjoe95.mls.protocol.tree.TreeMath" time="0.0"/>
  <testcase name="of node 212 should be 214" classname="com.github.traderjoe95.mls.protocol.tree.TreeMath" time="0.0"/>
  <testcase name="of node 213 should be 209" classname="com.github.traderjoe95.mls.protocol.tree.TreeMath" time="0.0"/>
  <testcase name="of node 214 should be 212" classname="com.github.traderjoe95.mls.protocol.tree.TreeMath" time="0.0"/>
  <testcase name="of node 215 should be 199" classname="com.github.traderjoe95.mls.protocol.tree.TreeMath" time="0.0"/>
  <testcase name="of node 216 should be 218" classname="com.github.traderjoe95.mls.protocol.tree.TreeMath" time="0.0"/>
  <testcase name="of node 217 should be 221" classname="com.github.traderjoe95.mls.protocol.tree.TreeMath" time="0.0"/>
  <testcase name="of node 218 should be 216" classname="com.github.traderjoe95.mls.protocol.tree.TreeMath" time="0.0"/>
  <testcase name="of node 219 should be 211" classname="com.github.traderjoe95.mls.protocol.tree.TreeMath" time="0.0"/>
  <testcase name="of node 220 should be 222" classname="com.github.traderjoe95.mls.protocol.tree.TreeMath" time="0.0"/>
  <testcase name="of node 221 should be 217" classname="com.github.traderjoe95.mls.protocol.tree.TreeMath" time="0.0"/>
  <testcase name="of node 222 should be 220" classname="com.github.traderjoe95.mls.protocol.tree.TreeMath" time="0.0"/>
  <testcase name="of node 223 should be 159" classname="com.github.traderjoe95.mls.protocol.tree.TreeMath" time="0.0"/>
  <testcase name="of node 224 should be 226" classname="com.github.traderjoe95.mls.protocol.tree.TreeMath" time="0.0"/>
  <testcase name="of node 225 should be 229" classname="com.github.traderjoe95.mls.protocol.tree.TreeMath" time="0.0"/>
  <testcase name="of node 226 should be 224" classname="com.github.traderjoe95.mls.protocol.tree.TreeMath" time="0.0"/>
  <testcase name="of node 227 should be 235" classname="com.github.traderjoe95.mls.protocol.tree.TreeMath" time="0.0"/>
  <testcase name="of node 228 should be 230" classname="com.github.traderjoe95.mls.protocol.tree.TreeMath" time="0.0"/>
  <testcase name="of node 229 should be 225" classname="com.github.traderjoe95.mls.protocol.tree.TreeMath" time="0.001"/>
  <testcase name="of node 230 should be 228" classname="com.github.traderjoe95.mls.protocol.tree.TreeMath" time="0.0"/>
  <testcase name="of node 231 should be 247" classname="com.github.traderjoe95.mls.protocol.tree.TreeMath" time="0.0"/>
  <testcase name="of node 232 should be 234" classname="com.github.traderjoe95.mls.protocol.tree.TreeMath" time="0.0"/>
  <testcase name="of node 233 should be 237" classname="com.github.traderjoe95.mls.protocol.tree.TreeMath" time="0.0"/>
  <testcase name="of node 234 should be 232" classname="com.github.traderjoe95.mls.protocol.tree.TreeMath" time="0.0"/>
  <testcase name="of node 235 should be 227" classname="com.github.traderjoe95.mls.protocol.tree.TreeMath" time="0.0"/>
  <testcase name="of node 236 should be 238" classname="com.github.traderjoe95.mls.protocol.tree.TreeMath" time="0.0"/>
  <testcase name="of node 237 should be 233" classname="com.github.traderjoe95.mls.protocol.tree.TreeMath" time="0.0"/>
  <testcase name="of node 238 should be 236" classname="com.github.traderjoe95.mls.protocol.tree.TreeMath" time="0.0"/>
  <testcase name="of node 239 should be 207" classname="com.github.traderjoe95.mls.protocol.tree.TreeMath" time="0.0"/>
  <testcase name="of node 240 should be 242" classname="com.github.traderjoe95.mls.protocol.tree.TreeMath" time="0.0"/>
  <testcase name="of node 241 should be 245" classname="com.github.traderjoe95.mls.protocol.tree.TreeMath" time="0.0"/>
  <testcase name="of node 242 should be 240" classname="com.github.traderjoe95.mls.protocol.tree.TreeMath" time="0.0"/>
  <testcase name="of node 243 should be 251" classname="com.github.traderjoe95.mls.protocol.tree.TreeMath" time="0.0"/>
  <testcase name="of node 244 should be 246" classname="com.github.traderjoe95.mls.protocol.tree.TreeMath" time="0.0"/>
  <testcase name="of node 245 should be 241" classname="com.github.traderjoe95.mls.protocol.tree.TreeMath" time="0.0"/>
  <testcase name="of node 246 should be 244" classname="com.github.traderjoe95.mls.protocol.tree.TreeMath" time="0.0"/>
  <testcase name="of node 247 should be 231" classname="com.github.traderjoe95.mls.protocol.tree.TreeMath" time="0.0"/>
  <testcase name="of node 248 should be 250" classname="com.github.traderjoe95.mls.protocol.tree.TreeMath" time="0.0"/>
  <testcase name="of node 249 should be 253" classname="com.github.traderjoe95.mls.protocol.tree.TreeMath" time="0.0"/>
  <testcase name="of node 250 should be 248" classname="com.github.traderjoe95.mls.protocol.tree.TreeMath" time="0.0"/>
  <testcase name="of node 251 should be 243" classname="com.github.traderjoe95.mls.protocol.tree.TreeMath" time="0.0"/>
  <testcase name="of node 252 should be 254" classname="com.github.traderjoe95.mls.protocol.tree.TreeMath" time="0.0"/>
  <testcase name="of node 253 should be 249" classname="com.github.traderjoe95.mls.protocol.tree.TreeMath" time="0.0"/>
  <testcase name="of node 254 should be 252" classname="com.github.traderjoe95.mls.protocol.tree.TreeMath" time="0.0"/>
  <testcase name="of node 255 should be 767" classname="com.github.traderjoe95.mls.protocol.tree.TreeMath" time="0.0"/>
  <testcase name="of node 256 should be 258" classname="com.github.traderjoe95.mls.protocol.tree.TreeMath" time="0.0"/>
  <testcase name="of node 257 should be 261" classname="com.github.traderjoe95.mls.protocol.tree.TreeMath" time="0.001"/>
  <testcase name="of node 258 should be 256" classname="com.github.traderjoe95.mls.protocol.tree.TreeMath" time="0.0"/>
  <testcase name="of node 259 should be 267" classname="com.github.traderjoe95.mls.protocol.tree.TreeMath" time="0.0"/>
  <testcase name="of node 260 should be 262" classname="com.github.traderjoe95.mls.protocol.tree.TreeMath" time="0.0"/>
  <testcase name="of node 261 should be 257" classname="com.github.traderjoe95.mls.protocol.tree.TreeMath" time="0.0"/>
  <testcase name="of node 262 should be 260" classname="com.github.traderjoe95.mls.protocol.tree.TreeMath" time="0.0"/>
  <testcase name="of node 263 should be 279" classname="com.github.traderjoe95.mls.protocol.tree.TreeMath" time="0.0"/>
  <testcase name="of node 264 should be 266" classname="com.github.traderjoe95.mls.protocol.tree.TreeMath" time="0.0"/>
  <testcase name="of node 265 should be 269" classname="com.github.traderjoe95.mls.protocol.tree.TreeMath" time="0.0"/>
  <testcase name="of node 266 should be 264" classname="com.github.traderjoe95.mls.protocol.tree.TreeMath" time="0.0"/>
  <testcase name="of node 267 should be 259" classname="com.github.traderjoe95.mls.protocol.tree.TreeMath" time="0.0"/>
  <testcase name="of node 268 should be 270" classname="com.github.traderjoe95.mls.protocol.tree.TreeMath" time="0.0"/>
  <testcase name="of node 269 should be 265" classname="com.github.traderjoe95.mls.protocol.tree.TreeMath" time="0.0"/>
  <testcase name="of node 270 should be 268" classname="com.github.traderjoe95.mls.protocol.tree.TreeMath" time="0.0"/>
  <testcase name="of node 271 should be 303" classname="com.github.traderjoe95.mls.protocol.tree.TreeMath" time="0.0"/>
  <testcase name="of node 272 should be 274" classname="com.github.traderjoe95.mls.protocol.tree.TreeMath" time="0.0"/>
  <testcase name="of node 273 should be 277" classname="com.github.traderjoe95.mls.protocol.tree.TreeMath" time="0.0"/>
  <testcase name="of node 274 should be 272" classname="com.github.traderjoe95.mls.protocol.tree.TreeMath" time="0.0"/>
  <testcase name="of node 275 should be 283" classname="com.github.traderjoe95.mls.protocol.tree.TreeMath" time="0.0"/>
  <testcase name="of node 276 should be 278" classname="com.github.traderjoe95.mls.protocol.tree.TreeMath" time="0.0"/>
  <testcase name="of node 277 should be 273" classname="com.github.traderjoe95.mls.protocol.tree.TreeMath" time="0.0"/>
  <testcase name="of node 278 should be 276" classname="com.github.traderjoe95.mls.protocol.tree.TreeMath" time="0.0"/>
  <testcase name="of node 279 should be 263" classname="com.github.traderjoe95.mls.protocol.tree.TreeMath" time="0.0"/>
  <testcase name="of node 280 should be 282" classname="com.github.traderjoe95.mls.protocol.tree.TreeMath" time="0.0"/>
  <testcase name="of node 281 should be 285" classname="com.github.traderjoe95.mls.protocol.tree.TreeMath" time="0.0"/>
  <testcase name="of node 282 should be 280" classname="com.github.traderjoe95.mls.protocol.tree.TreeMath" time="0.0"/>
  <testcase name="of node 283 should be 275" classname="com.github.traderjoe95.mls.protocol.tree.TreeMath" time="0.0"/>
  <testcase name="of node 284 should be 286" classname="com.github.traderjoe95.mls.protocol.tree.TreeMath" time="0.0"/>
  <testcase name="of node 285 should be 281" classname="com.github.traderjoe95.mls.protocol.tree.TreeMath" time="0.001"/>
  <testcase name="of node 286 should be 284" classname="com.github.traderjoe95.mls.protocol.tree.TreeMath" time="0.0"/>
  <testcase name="of node 287 should be 351" classname="com.github.traderjoe95.mls.protocol.tree.TreeMath" time="0.0"/>
  <testcase name="of node 288 should be 290" classname="com.github.traderjoe95.mls.protocol.tree.TreeMath" time="0.0"/>
  <testcase name="of node 289 should be 293" classname="com.github.traderjoe95.mls.protocol.tree.TreeMath" time="0.0"/>
  <testcase name="of node 290 should be 288" classname="com.github.traderjoe95.mls.protocol.tree.TreeMath" time="0.0"/>
  <testcase name="of node 291 should be 299" classname="com.github.traderjoe95.mls.protocol.tree.TreeMath" time="0.0"/>
  <testcase name="of node 292 should be 294" classname="com.github.traderjoe95.mls.protocol.tree.TreeMath" time="0.0"/>
  <testcase name="of node 293 should be 289" classname="com.github.traderjoe95.mls.protocol.tree.TreeMath" time="0.0"/>
  <testcase name="of node 294 should be 292" classname="com.github.traderjoe95.mls.protocol.tree.TreeMath" time="0.0"/>
  <testcase name="of node 295 should be 311" classname="com.github.traderjoe95.mls.protocol.tree.TreeMath" time="0.0"/>
  <testcase name="of node 296 should be 298" classname="com.github.traderjoe95.mls.protocol.tree.TreeMath" time="0.0"/>
  <testcase name="of node 297 should be 301" classname="com.github.traderjoe95.mls.protocol.tree.TreeMath" time="0.0"/>
  <testcase name="of node 298 should be 296" classname="com.github.traderjoe95.mls.protocol.tree.TreeMath" time="0.0"/>
  <testcase name="of node 299 should be 291" classname="com.github.traderjoe95.mls.protocol.tree.TreeMath" time="0.001"/>
  <testcase name="of node 300 should be 302" classname="com.github.traderjoe95.mls.protocol.tree.TreeMath" time="0.0"/>
  <testcase name="of node 301 should be 297" classname="com.github.traderjoe95.mls.protocol.tree.TreeMath" time="0.0"/>
  <testcase name="of node 302 should be 300" classname="com.github.traderjoe95.mls.protocol.tree.TreeMath" time="0.0"/>
  <testcase name="of node 303 should be 271" classname="com.github.traderjoe95.mls.protocol.tree.TreeMath" time="0.0"/>
  <testcase name="of node 304 should be 306" classname="com.github.traderjoe95.mls.protocol.tree.TreeMath" time="0.0"/>
  <testcase name="of node 305 should be 309" classname="com.github.traderjoe95.mls.protocol.tree.TreeMath" time="0.0"/>
  <testcase name="of node 306 should be 304" classname="com.github.traderjoe95.mls.protocol.tree.TreeMath" time="0.0"/>
  <testcase name="of node 307 should be 315" classname="com.github.traderjoe95.mls.protocol.tree.TreeMath" time="0.0"/>
  <testcase name="of node 308 should be 310" classname="com.github.traderjoe95.mls.protocol.tree.TreeMath" time="0.0"/>
  <testcase name="of node 309 should be 305" classname="com.github.traderjoe95.mls.protocol.tree.TreeMath" time="0.0"/>
  <testcase name="of node 310 should be 308" classname="com.github.traderjoe95.mls.protocol.tree.TreeMath" time="0.0"/>
  <testcase name="of node 311 should be 295" classname="com.github.traderjoe95.mls.protocol.tree.TreeMath" time="0.0"/>
  <testcase name="of node 312 should be 314" classname="com.github.traderjoe95.mls.protocol.tree.TreeMath" time="0.0"/>
  <testcase name="of node 313 should be 317" classname="com.github.traderjoe95.mls.protocol.tree.TreeMath" time="0.0"/>
  <testcase name="of node 314 should be 312" classname="com.github.traderjoe95.mls.protocol.tree.TreeMath" time="0.0"/>
  <testcase name="of node 315 should be 307" classname="com.github.traderjoe95.mls.protocol.tree.TreeMath" time="0.0"/>
  <testcase name="of node 316 should be 318" classname="com.github.traderjoe95.mls.protocol.tree.TreeMath" time="0.0"/>
  <testcase name="of node 317 should be 313" classname="com.github.traderjoe95.mls.protocol.tree.TreeMath" time="0.0"/>
  <testcase name="of node 318 should be 316" classname="com.github.traderjoe95.mls.protocol.tree.TreeMath" time="0.0"/>
  <testcase name="of node 319 should be 447" classname="com.github.traderjoe95.mls.protocol.tree.TreeMath" time="0.0"/>
  <testcase name="of node 320 should be 322" classname="com.github.traderjoe95.mls.protocol.tree.TreeMath" time="0.0"/>
  <testcase name="of node 321 should be 325" classname="com.github.traderjoe95.mls.protocol.tree.TreeMath" time="0.0"/>
  <testcase name="of node 322 should be 320" classname="com.github.traderjoe95.mls.protocol.tree.TreeMath" time="0.0"/>
  <testcase name="of node 323 should be 331" classname="com.github.traderjoe95.mls.protocol.tree.TreeMath" time="0.0"/>
  <testcase name="of node 324 should be 326" classname="com.github.traderjoe95.mls.protocol.tree.TreeMath" time="0.0"/>
  <testcase name="of node 325 should be 321" classname="com.github.traderjoe95.mls.protocol.tree.TreeMath" time="0.0"/>
  <testcase name="of node 326 should be 324" classname="com.github.traderjoe95.mls.protocol.tree.TreeMath" time="0.0"/>
  <testcase name="of node 327 should be 343" classname="com.github.traderjoe95.mls.protocol.tree.TreeMath" time="0.0"/>
  <testcase name="of node 328 should be 330" classname="com.github.traderjoe95.mls.protocol.tree.TreeMath" time="0.0"/>
  <testcase name="of node 329 should be 333" classname="com.github.traderjoe95.mls.protocol.tree.TreeMath" time="0.0"/>
  <testcase name="of node 330 should be 328" classname="com.github.traderjoe95.mls.protocol.tree.TreeMath" time="0.0"/>
  <testcase name="of node 331 should be 323" classname="com.github.traderjoe95.mls.protocol.tree.TreeMath" time="0.0"/>
  <testcase name="of node 332 should be 334" classname="com.github.traderjoe95.mls.protocol.tree.TreeMath" time="0.0"/>
  <testcase name="of node 333 should be 329" classname="com.github.traderjoe95.mls.protocol.tree.TreeMath" time="0.0"/>
  <testcase name="of node 334 should be 332" classname="com.github.traderjoe95.mls.protocol.tree.TreeMath" time="0.0"/>
  <testcase name="of node 335 should be 367" classname="com.github.traderjoe95.mls.protocol.tree.TreeMath" time="0.0"/>
  <testcase name="of node 336 should be 338" classname="com.github.traderjoe95.mls.protocol.tree.TreeMath" time="0.001"/>
  <testcase name="of node 337 should be 341" classname="com.github.traderjoe95.mls.protocol.tree.TreeMath" time="0.0"/>
  <testcase name="of node 338 should be 336" classname="com.github.traderjoe95.mls.protocol.tree.TreeMath" time="0.0"/>
  <testcase name="of node 339 should be 347" classname="com.github.traderjoe95.mls.protocol.tree.TreeMath" time="0.0"/>
  <testcase name="of node 340 should be 342" classname="com.github.traderjoe95.mls.protocol.tree.TreeMath" time="0.0"/>
  <testcase name="of node 341 should be 337" classname="com.github.traderjoe95.mls.protocol.tree.TreeMath" time="0.0"/>
  <testcase name="of node 342 should be 340" classname="com.github.traderjoe95.mls.protocol.tree.TreeMath" time="0.0"/>
  <testcase name="of node 343 should be 327" classname="com.github.traderjoe95.mls.protocol.tree.TreeMath" time="0.0"/>
  <testcase name="of node 344 should be 346" classname="com.github.traderjoe95.mls.protocol.tree.TreeMath" time="0.0"/>
  <testcase name="of node 345 should be 349" classname="com.github.traderjoe95.mls.protocol.tree.TreeMath" time="0.0"/>
  <testcase name="of node 346 should be 344" classname="com.github.traderjoe95.mls.protocol.tree.TreeMath" time="0.0"/>
  <testcase name="of node 347 should be 339" classname="com.github.traderjoe95.mls.protocol.tree.TreeMath" time="0.0"/>
  <testcase name="of node 348 should be 350" classname="com.github.traderjoe95.mls.protocol.tree.TreeMath" time="0.0"/>
  <testcase name="of node 349 should be 345" classname="com.github.traderjoe95.mls.protocol.tree.TreeMath" time="0.0"/>
  <testcase name="of node 350 should be 348" classname="com.github.traderjoe95.mls.protocol.tree.TreeMath" time="0.0"/>
  <testcase name="of node 351 should be 287" classname="com.github.traderjoe95.mls.protocol.tree.TreeMath" time="0.0"/>
  <testcase name="of node 352 should be 354" classname="com.github.traderjoe95.mls.protocol.tree.TreeMath" time="0.0"/>
  <testcase name="of node 353 should be 357" classname="com.github.traderjoe95.mls.protocol.tree.TreeMath" time="0.0"/>
  <testcase name="of node 354 should be 352" classname="com.github.traderjoe95.mls.protocol.tree.TreeMath" time="0.0"/>
  <testcase name="of node 355 should be 363" classname="com.github.traderjoe95.mls.protocol.tree.TreeMath" time="0.0"/>
  <testcase name="of node 356 should be 358" classname="com.github.traderjoe95.mls.protocol.tree.TreeMath" time="0.0"/>
  <testcase name="of node 357 should be 353" classname="com.github.traderjoe95.mls.protocol.tree.TreeMath" time="0.0"/>
  <testcase name="of node 358 should be 356" classname="com.github.traderjoe95.mls.protocol.tree.TreeMath" time="0.0"/>
  <testcase name="of node 359 should be 375" classname="com.github.traderjoe95.mls.protocol.tree.TreeMath" time="0.0"/>
  <testcase name="of node 360 should be 362" classname="com.github.traderjoe95.mls.protocol.tree.TreeMath" time="0.0"/>
  <testcase name="of node 361 should be 365" classname="com.github.traderjoe95.mls.protocol.tree.TreeMath" time="0.001"/>
  <testcase name="of node 362 should be 360" classname="com.github.traderjoe95.mls.protocol.tree.TreeMath" time="0.0"/>
  <testcase name="of node 363 should be 355" classname="com.github.traderjoe95.mls.protocol.tree.TreeMath" time="0.001"/>
  <testcase name="of node 364 should be 366" classname="com.github.traderjoe95.mls.protocol.tree.TreeMath" time="0.0"/>
  <testcase name="of node 365 should be 361" classname="com.github.traderjoe95.mls.protocol.tree.TreeMath" time="0.0"/>
  <testcase name="of node 366 should be 364" classname="com.github.traderjoe95.mls.protocol.tree.TreeMath" time="0.0"/>
  <testcase name="of node 367 should be 335" classname="com.github.traderjoe95.mls.protocol.tree.TreeMath" time="0.0"/>
  <testcase name="of node 368 should be 370" classname="com.github.traderjoe95.mls.protocol.tree.TreeMath" time="0.0"/>
  <testcase name="of node 369 should be 373" classname="com.github.traderjoe95.mls.protocol.tree.TreeMath" time="0.0"/>
  <testcase name="of node 370 should be 368" classname="com.github.traderjoe95.mls.protocol.tree.TreeMath" time="0.0"/>
  <testcase name="of node 371 should be 379" classname="com.github.traderjoe95.mls.protocol.tree.TreeMath" time="0.0"/>
  <testcase name="of node 372 should be 374" classname="com.github.traderjoe95.mls.protocol.tree.TreeMath" time="0.0"/>
  <testcase name="of node 373 should be 369" classname="com.github.traderjoe95.mls.protocol.tree.TreeMath" time="0.0"/>
  <testcase name="of node 374 should be 372" classname="com.github.traderjoe95.mls.protocol.tree.TreeMath" time="0.0"/>
  <testcase name="of node 375 should be 359" classname="com.github.traderjoe95.mls.protocol.tree.TreeMath" time="0.0"/>
  <testcase name="of node 376 should be 378" classname="com.github.traderjoe95.mls.protocol.tree.TreeMath" time="0.0"/>
  <testcase name="of node 377 should be 381" classname="com.github.traderjoe95.mls.protocol.tree.TreeMath" time="0.0"/>
  <testcase name="of node 378 should be 376" classname="com.github.traderjoe95.mls.protocol.tree.TreeMath" time="0.0"/>
  <testcase name="of node 379 should be 371" classname="com.github.traderjoe95.mls.protocol.tree.TreeMath" time="0.0"/>
  <testcase name="of node 380 should be 382" classname="com.github.traderjoe95.mls.protocol.tree.TreeMath" time="0.0"/>
  <testcase name="of node 381 should be 377" classname="com.github.traderjoe95.mls.protocol.tree.TreeMath" time="0.0"/>
  <testcase name="of node 382 should be 380" classname="com.github.traderjoe95.mls.protocol.tree.TreeMath" time="0.0"/>
  <testcase name="of node 383 should be 127" classname="com.github.traderjoe95.mls.protocol.tree.TreeMath" time="0.0"/>
  <testcase name="of node 384 should be 386" classname="com.github.traderjoe95.mls.protocol.tree.TreeMath" time="0.0"/>
  <testcase name="of node 385 should be 389" classname="com.github.traderjoe95.mls.protocol.tree.TreeMath" time="0.0"/>
  <testcase name="of node 386 should be 384" classname="com.github.traderjoe95.mls.protocol.tree.TreeMath" time="0.0"/>
  <testcase name="of node 387 should be 395" classname="com.github.traderjoe95.mls.protocol.tree.TreeMath" time="0.0"/>
  <testcase name="of node 388 should be 390" classname="com.github.traderjoe95.mls.protocol.tree.TreeMath" time="0.0"/>
  <testcase name="of node 389 should be 385" classname="com.github.traderjoe95.mls.protocol.tree.TreeMath" time="0.0"/>
  <testcase name="of node 390 should be 388" classname="com.github.traderjoe95.mls.protocol.tree.TreeMath" time="0.0"/>
  <testcase name="of node 391 should be 407" classname="com.github.traderjoe95.mls.protocol.tree.TreeMath" time="0.0"/>
  <testcase name="of node 392 should be 394" classname="com.github.traderjoe95.mls.protocol.tree.TreeMath" time="0.0"/>
  <testcase name="of node 393 should be 397" classname="com.github.traderjoe95.mls.protocol.tree.TreeMath" time="0.0"/>
  <testcase name="of node 394 should be 392" classname="com.github.traderjoe95.mls.protocol.tree.TreeMath" time="0.0"/>
  <testcase name="of node 395 should be 387" classname="com.github.traderjoe95.mls.protocol.tree.TreeMath" time="0.0"/>
  <testcase name="of node 396 should be 398" classname="com.github.traderjoe95.mls.protocol.tree.TreeMath" time="0.0"/>
  <testcase name="of node 397 should be 393" classname="com.github.traderjoe95.mls.protocol.tree.TreeMath" time="0.0"/>
  <testcase name="of node 398 should be 396" classname="com.github.traderjoe95.mls.protocol.tree.TreeMath" time="0.0"/>
  <testcase name="of node 399 should be 431" classname="com.github.traderjoe95.mls.protocol.tree.TreeMath" time="0.0"/>
  <testcase name="of node 400 should be 402" classname="com.github.traderjoe95.mls.protocol.tree.TreeMath" time="0.0"/>
  <testcase name="of node 401 should be 405" classname="com.github.traderjoe95.mls.protocol.tree.TreeMath" time="0.0"/>
  <testcase name="of node 402 should be 400" classname="com.github.traderjoe95.mls.protocol.tree.TreeMath" time="0.0"/>
  <testcase name="of node 403 should be 411" classname="com.github.traderjoe95.mls.protocol.tree.TreeMath" time="0.0"/>
  <testcase name="of node 404 should be 406" classname="com.github.traderjoe95.mls.protocol.tree.TreeMath" time="0.0"/>
  <testcase name="of node 405 should be 401" classname="com.github.traderjoe95.mls.protocol.tree.TreeMath" time="0.0"/>
  <testcase name="of node 406 should be 404" classname="com.github.traderjoe95.mls.protocol.tree.TreeMath" time="0.0"/>
  <testcase name="of node 407 should be 391" classname="com.github.traderjoe95.mls.protocol.tree.TreeMath" time="0.0"/>
  <testcase name="of node 408 should be 410" classname="com.github.traderjoe95.mls.protocol.tree.TreeMath" time="0.0"/>
  <testcase name="of node 409 should be 413" classname="com.github.traderjoe95.mls.protocol.tree.TreeMath" time="0.0"/>
  <testcase name="of node 410 should be 408" classname="com.github.traderjoe95.mls.protocol.tree.TreeMath" time="0.0"/>
  <testcase name="of node 411 should be 403" classname="com.github.traderjoe95.mls.protocol.tree.TreeMath" time="0.0"/>
  <testcase name="of node 412 should be 414" classname="com.github.traderjoe95.mls.protocol.tree.TreeMath" time="0.0"/>
  <testcase name="of node 413 should be 409" classname="com.github.traderjoe95.mls.protocol.tree.TreeMath" time="0.0"/>
  <testcase name="of node 414 should be 412" classname="com.github.traderjoe95.mls.protocol.tree.TreeMath" time="0.0"/>
  <testcase name="of node 415 should be 479" classname="com.github.traderjoe95.mls.protocol.tree.TreeMath" time="0.0"/>
  <testcase name="of node 416 should be 418" classname="com.github.traderjoe95.mls.protocol.tree.TreeMath" time="0.0"/>
  <testcase name="of node 417 should be 421" classname="com.github.traderjoe95.mls.protocol.tree.TreeMath" time="0.0"/>
  <testcase name="of node 418 should be 416" classname="com.github.traderjoe95.mls.protocol.tree.TreeMath" time="0.0"/>
  <testcase name="of node 419 should be 427" classname="com.github.traderjoe95.mls.protocol.tree.TreeMath" time="0.0"/>
  <testcase name="of node 420 should be 422" classname="com.github.traderjoe95.mls.protocol.tree.TreeMath" time="0.0"/>
  <testcase name="of node 421 should be 417" classname="com.github.traderjoe95.mls.protocol.tree.TreeMath" time="0.0"/>
  <testcase name="of node 422 should be 420" classname="com.github.traderjoe95.mls.protocol.tree.TreeMath" time="0.0"/>
  <testcase name="of node 423 should be 439" classname="com.github.traderjoe95.mls.protocol.tree.TreeMath" time="0.0"/>
  <testcase name="of node 424 should be 426" classname="com.github.traderjoe95.mls.protocol.tree.TreeMath" time="0.0"/>
  <testcase name="of node 425 should be 429" classname="com.github.traderjoe95.mls.protocol.tree.TreeMath" time="0.0"/>
  <testcase name="of node 426 should be 424" classname="com.github.traderjoe95.mls.protocol.tree.TreeMath" time="0.0"/>
  <testcase name="of node 427 should be 419" classname="com.github.traderjoe95.mls.protocol.tree.TreeMath" time="0.0"/>
  <testcase name="of node 428 should be 430" classname="com.github.traderjoe95.mls.protocol.tree.TreeMath" time="0.0"/>
  <testcase name="of node 429 should be 425" classname="com.github.traderjoe95.mls.protocol.tree.TreeMath" time="0.0"/>
  <testcase name="of node 430 should be 428" classname="com.github.traderjoe95.mls.protocol.tree.TreeMath" time="0.0"/>
  <testcase name="of node 431 should be 399" classname="com.github.traderjoe95.mls.protocol.tree.TreeMath" time="0.0"/>
  <testcase name="of node 432 should be 434" classname="com.github.traderjoe95.mls.protocol.tree.TreeMath" time="0.0"/>
  <testcase name="of node 433 should be 437" classname="com.github.traderjoe95.mls.protocol.tree.TreeMath" time="0.0"/>
  <testcase name="of node 434 should be 432" classname="com.github.traderjoe95.mls.protocol.tree.TreeMath" time="0.0"/>
  <testcase name="of node 435 should be 443" classname="com.github.traderjoe95.mls.protocol.tree.TreeMath" time="0.0"/>
  <testcase name="of node 436 should be 438" classname="com.github.traderjoe95.mls.protocol.tree.TreeMath" time="0.0"/>
  <testcase name="of node 437 should be 433" classname="com.github.traderjoe95.mls.protocol.tree.TreeMath" time="0.0"/>
  <testcase name="of node 438 should be 436" classname="com.github.traderjoe95.mls.protocol.tree.TreeMath" time="0.0"/>
  <testcase name="of node 439 should be 423" classname="com.github.traderjoe95.mls.protocol.tree.TreeMath" time="0.0"/>
  <testcase name="of node 440 should be 442" classname="com.github.traderjoe95.mls.protocol.tree.TreeMath" time="0.0"/>
  <testcase name="of node 441 should be 445" classname="com.github.traderjoe95.mls.protocol.tree.TreeMath" time="0.0"/>
  <testcase name="of node 442 should be 440" classname="com.github.traderjoe95.mls.protocol.tree.TreeMath" time="0.0"/>
  <testcase name="of node 443 should be 435" classname="com.github.traderjoe95.mls.protocol.tree.TreeMath" time="0.0"/>
  <testcase name="of node 444 should be 446" classname="com.github.traderjoe95.mls.protocol.tree.TreeMath" time="0.0"/>
  <testcase name="of node 445 should be 441" classname="com.github.traderjoe95.mls.protocol.tree.TreeMath" time="0.0"/>
  <testcase name="of node 446 should be 444" classname="com.github.traderjoe95.mls.protocol.tree.TreeMath" time="0.0"/>
  <testcase name="of node 447 should be 319" classname="com.github.traderjoe95.mls.protocol.tree.TreeMath" time="0.001"/>
  <testcase name="of node 448 should be 450" classname="com.github.traderjoe95.mls.protocol.tree.TreeMath" time="0.0"/>
  <testcase name="of node 449 should be 453" classname="com.github.traderjoe95.mls.protocol.tree.TreeMath" time="0.0"/>
  <testcase name="of node 450 should be 448" classname="com.github.traderjoe95.mls.protocol.tree.TreeMath" time="0.0"/>
  <testcase name="of node 451 should be 459" classname="com.github.traderjoe95.mls.protocol.tree.TreeMath" time="0.0"/>
  <testcase name="of node 452 should be 454" classname="com.github.traderjoe95.mls.protocol.tree.TreeMath" time="0.0"/>
  <testcase name="of node 453 should be 449" classname="com.github.traderjoe95.mls.protocol.tree.TreeMath" time="0.0"/>
  <testcase name="of node 454 should be 452" classname="com.github.traderjoe95.mls.protocol.tree.TreeMath" time="0.0"/>
  <testcase name="of node 455 should be 471" classname="com.github.traderjoe95.mls.protocol.tree.TreeMath" time="0.0"/>
  <testcase name="of node 456 should be 458" classname="com.github.traderjoe95.mls.protocol.tree.TreeMath" time="0.0"/>
  <testcase name="of node 457 should be 461" classname="com.github.traderjoe95.mls.protocol.tree.TreeMath" time="0.0"/>
  <testcase name="of node 458 should be 456" classname="com.github.traderjoe95.mls.protocol.tree.TreeMath" time="0.0"/>
  <testcase name="of node 459 should be 451" classname="com.github.traderjoe95.mls.protocol.tree.TreeMath" time="0.0"/>
  <testcase name="of node 460 should be 462" classname="com.github.traderjoe95.mls.protocol.tree.TreeMath" time="0.0"/>
  <testcase name="of node 461 should be 457" classname="com.github.traderjoe95.mls.protocol.tree.TreeMath" time="0.001"/>
  <testcase name="of node 462 should be 460" classname="com.github.traderjoe95.mls.protocol.tree.TreeMath" time="0.0"/>
  <testcase name="of node 463 should be 495" classname="com.github.traderjoe95.mls.protocol.tree.TreeMath" time="0.0"/>
  <testcase name="of node 464 should be 466" classname="com.github.traderjoe95.mls.protocol.tree.TreeMath" time="0.0"/>
  <testcase name="of node 465 should be 469" classname="com.github.traderjoe95.mls.protocol.tree.TreeMath" time="0.0"/>
  <testcase name="of node 466 should be 464" classname="com.github.traderjoe95.mls.protocol.tree.TreeMath" time="0.0"/>
  <testcase name="of node 467 should be 475" classname="com.github.traderjoe95.mls.protocol.tree.TreeMath" time="0.0"/>
  <testcase name="of node 468 should be 470" classname="com.github.traderjoe95.mls.protocol.tree.TreeMath" time="0.0"/>
  <testcase name="of node 469 should be 465" classname="com.github.traderjoe95.mls.protocol.tree.TreeMath" time="0.0"/>
  <testcase name="of node 470 should be 468" classname="com.github.traderjoe95.mls.protocol.tree.TreeMath" time="0.0"/>
  <testcase name="of node 471 should be 455" classname="com.github.traderjoe95.mls.protocol.tree.TreeMath" time="0.0"/>
  <testcase name="of node 472 should be 474" classname="com.github.traderjoe95.mls.protocol.tree.TreeMath" time="0.0"/>
  <testcase name="of node 473 should be 477" classname="com.github.traderjoe95.mls.protocol.tree.TreeMath" time="0.0"/>
  <testcase name="of node 474 should be 472" classname="com.github.traderjoe95.mls.protocol.tree.TreeMath" time="0.0"/>
  <testcase name="of node 475 should be 467" classname="com.github.traderjoe95.mls.protocol.tree.TreeMath" time="0.0"/>
  <testcase name="of node 476 should be 478" classname="com.github.traderjoe95.mls.protocol.tree.TreeMath" time="0.0"/>
  <testcase name="of node 477 should be 473" classname="com.github.traderjoe95.mls.protocol.tree.TreeMath" time="0.0"/>
  <testcase name="of node 478 should be 476" classname="com.github.traderjoe95.mls.protocol.tree.TreeMath" time="0.0"/>
  <testcase name="of node 479 should be 415" classname="com.github.traderjoe95.mls.protocol.tree.TreeMath" time="0.0"/>
  <testcase name="of node 480 should be 482" classname="com.github.traderjoe95.mls.protocol.tree.TreeMath" time="0.0"/>
  <testcase name="of node 481 should be 485" classname="com.github.traderjoe95.mls.protocol.tree.TreeMath" time="0.0"/>
  <testcase name="of node 482 should be 480" classname="com.github.traderjoe95.mls.protocol.tree.TreeMath" time="0.0"/>
  <testcase name="of node 483 should be 491" classname="com.github.traderjoe95.mls.protocol.tree.TreeMath" time="0.0"/>
  <testcase name="of node 484 should be 486" classname="com.github.traderjoe95.mls.protocol.tree.TreeMath" time="0.0"/>
  <testcase name="of node 485 should be 481" classname="com.github.traderjoe95.mls.protocol.tree.TreeMath" time="0.0"/>
  <testcase name="of node 486 should be 484" classname="com.github.traderjoe95.mls.protocol.tree.TreeMath" time="0.001"/>
  <testcase name="of node 487 should be 503" classname="com.github.traderjoe95.mls.protocol.tree.TreeMath" time="0.0"/>
  <testcase name="of node 488 should be 490" classname="com.github.traderjoe95.mls.protocol.tree.TreeMath" time="0.0"/>
  <testcase name="of node 489 should be 493" classname="com.github.traderjoe95.mls.protocol.tree.TreeMath" time="0.0"/>
  <testcase name="of node 490 should be 488" classname="com.github.traderjoe95.mls.protocol.tree.TreeMath" time="0.0"/>
  <testcase name="of node 491 should be 483" classname="com.github.traderjoe95.mls.protocol.tree.TreeMath" time="0.0"/>
  <testcase name="of node 492 should be 494" classname="com.github.traderjoe95.mls.protocol.tree.TreeMath" time="0.0"/>
  <testcase name="of node 493 should be 489" classname="com.github.traderjoe95.mls.protocol.tree.TreeMath" time="0.0"/>
  <testcase name="of node 494 should be 492" classname="com.github.traderjoe95.mls.protocol.tree.TreeMath" time="0.0"/>
  <testcase name="of node 495 should be 463" classname="com.github.traderjoe95.mls.protocol.tree.TreeMath" time="0.0"/>
  <testcase name="of node 496 should be 498" classname="com.github.traderjoe95.mls.protocol.tree.TreeMath" time="0.0"/>
  <testcase name="of node 497 should be 501" classname="com.github.traderjoe95.mls.protocol.tree.TreeMath" time="0.0"/>
  <testcase name="of node 498 should be 496" classname="com.github.traderjoe95.mls.protocol.tree.TreeMath" time="0.0"/>
  <testcase name="of node 499 should be 507" classname="com.github.traderjoe95.mls.protocol.tree.TreeMath" time="0.0"/>
  <testcase name="of node 500 should be 502" classname="com.github.traderjoe95.mls.protocol.tree.TreeMath" time="0.0"/>
  <testcase name="of node 501 should be 497" classname="com.github.traderjoe95.mls.protocol.tree.TreeMath" time="0.0"/>
  <testcase name="of node 502 should be 500" classname="com.github.traderjoe95.mls.protocol.tree.TreeMath" time="0.0"/>
  <testcase name="of node 503 should be 487" classname="com.github.traderjoe95.mls.protocol.tree.TreeMath" time="0.0"/>
  <testcase name="of node 504 should be 506" classname="com.github.traderjoe95.mls.protocol.tree.TreeMath" time="0.0"/>
  <testcase name="of node 505 should be 509" classname="com.github.traderjoe95.mls.protocol.tree.TreeMath" time="0.0"/>
  <testcase name="of node 506 should be 504" classname="com.github.traderjoe95.mls.protocol.tree.TreeMath" time="0.0"/>
  <testcase name="of node 507 should be 499" classname="com.github.traderjoe95.mls.protocol.tree.TreeMath" time="0.0"/>
  <testcase name="of node 508 should be 510" classname="com.github.traderjoe95.mls.protocol.tree.TreeMath" time="0.0"/>
  <testcase name="of node 509 should be 505" classname="com.github.traderjoe95.mls.protocol.tree.TreeMath" time="0.0"/>
  <testcase name="of node 510 should be 508" classname="com.github.traderjoe95.mls.protocol.tree.TreeMath" time="0.0"/>
  <system-out><![CDATA[]]></system-out>
  <system-err><![CDATA[]]></system-err>
</testsuite>
