<?xml version="1.0" encoding="UTF-8"?>
<testsuite name="com.github.traderjoe95.mls.protocol.group.MyTest" tests="1" skipped="0" failures="0" errors="0" timestamp="2024-03-25T12:31:26" hostname="ataleb-ThinkPad-X13-Gen-1" time="0.002">
  <properties/>
  <testcase name="My group test" classname="com.github.traderjoe95.mls.protocol.group.MyTest" time="0.002"/>
  <system-out><![CDATA[]]></system-out>
  <system-err><![CDATA[]]></system-err>
</testsuite>
