<?xml version="1.0" encoding="UTF-8"?>
<testsuite name="com.github.traderjoe95.mls.protocol.codec.VariableLengthDeserialization" tests="428" skipped="0" failures="0" errors="0" timestamp="2024-03-25T12:31:20" hostname="ataleb-ThinkPad-X13-Gen-1" time="1.292">
  <properties/>
  <testcase name="The header should be decoded to the same length" classname="com.github.traderjoe95.mls.protocol.codec.VariableLengthDeserialization" time="0.11"/>
  <testcase name="The length should be encoded to the same header bytes" classname="com.github.traderjoe95.mls.protocol.codec.VariableLengthDeserialization" time="0.006"/>
  <testcase name="The header should be decoded to the same length" classname="com.github.traderjoe95.mls.protocol.codec.VariableLengthDeserialization" time="0.001"/>
  <testcase name="The length should be encoded to the same header bytes" classname="com.github.traderjoe95.mls.protocol.codec.VariableLengthDeserialization" time="0.001"/>
  <testcase name="The header should be decoded to the same length" classname="com.github.traderjoe95.mls.protocol.codec.VariableLengthDeserialization" time="0.001"/>
  <testcase name="The length should be encoded to the same header bytes" classname="com.github.traderjoe95.mls.protocol.codec.VariableLengthDeserialization" time="0.001"/>
  <testcase name="The header should be decoded to the same length" classname="com.github.traderjoe95.mls.protocol.codec.VariableLengthDeserialization" time="0.001"/>
  <testcase name="The length should be encoded to the same header bytes" classname="com.github.traderjoe95.mls.protocol.codec.VariableLengthDeserialization" time="0.001"/>
  <testcase name="The header should be decoded to the same length" classname="com.github.traderjoe95.mls.protocol.codec.VariableLengthDeserialization" time="0.004"/>
  <testcase name="The length should be encoded to the same header bytes" classname="com.github.traderjoe95.mls.protocol.codec.VariableLengthDeserialization" time="0.003"/>
  <testcase name="The header should be decoded to the same length" classname="com.github.traderjoe95.mls.protocol.codec.VariableLengthDeserialization" time="0.001"/>
  <testcase name="The length should be encoded to the same header bytes" classname="com.github.traderjoe95.mls.protocol.codec.VariableLengthDeserialization" time="0.002"/>
  <testcase name="The header should be decoded to the same length" classname="com.github.traderjoe95.mls.protocol.codec.VariableLengthDeserialization" time="0.001"/>
  <testcase name="The length should be encoded to the same header bytes" classname="com.github.traderjoe95.mls.protocol.codec.VariableLengthDeserialization" time="0.001"/>
  <testcase name="The header should be decoded to the same length" classname="com.github.traderjoe95.mls.protocol.codec.VariableLengthDeserialization" time="0.001"/>
  <testcase name="The length should be encoded to the same header bytes" classname="com.github.traderjoe95.mls.protocol.codec.VariableLengthDeserialization" time="0.001"/>
  <testcase name="The header should be decoded to the same length" classname="com.github.traderjoe95.mls.protocol.codec.VariableLengthDeserialization" time="0.001"/>
  <testcase name="The length should be encoded to the same header bytes" classname="com.github.traderjoe95.mls.protocol.codec.VariableLengthDeserialization" time="0.002"/>
  <testcase name="The header should be decoded to the same length" classname="com.github.traderjoe95.mls.protocol.codec.VariableLengthDeserialization" time="0.002"/>
  <testcase name="The length should be encoded to the same header bytes" classname="com.github.traderjoe95.mls.protocol.codec.VariableLengthDeserialization" time="0.001"/>
  <testcase name="The header should be decoded to the same length" classname="com.github.traderjoe95.mls.protocol.codec.VariableLengthDeserialization" time="0.003"/>
  <testcase name="The length should be encoded to the same header bytes" classname="com.github.traderjoe95.mls.protocol.codec.VariableLengthDeserialization" time="0.001"/>
  <testcase name="The header should be decoded to the same length" classname="com.github.traderjoe95.mls.protocol.codec.VariableLengthDeserialization" time="0.001"/>
  <testcase name="The length should be encoded to the same header bytes" classname="com.github.traderjoe95.mls.protocol.codec.VariableLengthDeserialization" time="0.001"/>
  <testcase name="The header should be decoded to the same length" classname="com.github.traderjoe95.mls.protocol.codec.VariableLengthDeserialization" time="0.001"/>
  <testcase name="The length should be encoded to the same header bytes" classname="com.github.traderjoe95.mls.protocol.codec.VariableLengthDeserialization" time="0.003"/>
  <testcase name="The header should be decoded to the same length" classname="com.github.traderjoe95.mls.protocol.codec.VariableLengthDeserialization" time="0.001"/>
  <testcase name="The length should be encoded to the same header bytes" classname="com.github.traderjoe95.mls.protocol.codec.VariableLengthDeserialization" time="0.001"/>
  <testcase name="The header should be decoded to the same length" classname="com.github.traderjoe95.mls.protocol.codec.VariableLengthDeserialization" time="0.001"/>
  <testcase name="The length should be encoded to the same header bytes" classname="com.github.traderjoe95.mls.protocol.codec.VariableLengthDeserialization" time="0.001"/>
  <testcase name="The header should be decoded to the same length" classname="com.github.traderjoe95.mls.protocol.codec.VariableLengthDeserialization" time="0.0"/>
  <testcase name="The length should be encoded to the same header bytes" classname="com.github.traderjoe95.mls.protocol.codec.VariableLengthDeserialization" time="0.001"/>
  <testcase name="The header should be decoded to the same length" classname="com.github.traderjoe95.mls.protocol.codec.VariableLengthDeserialization" time="0.0"/>
  <testcase name="The length should be encoded to the same header bytes" classname="com.github.traderjoe95.mls.protocol.codec.VariableLengthDeserialization" time="0.001"/>
  <testcase name="The header should be decoded to the same length" classname="com.github.traderjoe95.mls.protocol.codec.VariableLengthDeserialization" time="0.001"/>
  <testcase name="The length should be encoded to the same header bytes" classname="com.github.traderjoe95.mls.protocol.codec.VariableLengthDeserialization" time="0.001"/>
  <testcase name="The header should be decoded to the same length" classname="com.github.traderjoe95.mls.protocol.codec.VariableLengthDeserialization" time="0.001"/>
  <testcase name="The length should be encoded to the same header bytes" classname="com.github.traderjoe95.mls.protocol.codec.VariableLengthDeserialization" time="0.001"/>
  <testcase name="The header should be decoded to the same length" classname="com.github.traderjoe95.mls.protocol.codec.VariableLengthDeserialization" time="0.001"/>
  <testcase name="The length should be encoded to the same header bytes" classname="com.github.traderjoe95.mls.protocol.codec.VariableLengthDeserialization" time="0.001"/>
  <testcase name="The header should be decoded to the same length" classname="com.github.traderjoe95.mls.protocol.codec.VariableLengthDeserialization" time="0.001"/>
  <testcase name="The length should be encoded to the same header bytes" classname="com.github.traderjoe95.mls.protocol.codec.VariableLengthDeserialization" time="0.0"/>
  <testcase name="The header should be decoded to the same length" classname="com.github.traderjoe95.mls.protocol.codec.VariableLengthDeserialization" time="0.001"/>
  <testcase name="The length should be encoded to the same header bytes" classname="com.github.traderjoe95.mls.protocol.codec.VariableLengthDeserialization" time="0.001"/>
  <testcase name="The header should be decoded to the same length" classname="com.github.traderjoe95.mls.protocol.codec.VariableLengthDeserialization" time="0.0"/>
  <testcase name="The length should be encoded to the same header bytes" classname="com.github.traderjoe95.mls.protocol.codec.VariableLengthDeserialization" time="0.001"/>
  <testcase name="The header should be decoded to the same length" classname="com.github.traderjoe95.mls.protocol.codec.VariableLengthDeserialization" time="0.001"/>
  <testcase name="The length should be encoded to the same header bytes" classname="com.github.traderjoe95.mls.protocol.codec.VariableLengthDeserialization" time="0.0"/>
  <testcase name="The header should be decoded to the same length" classname="com.github.traderjoe95.mls.protocol.codec.VariableLengthDeserialization" time="0.001"/>
  <testcase name="The length should be encoded to the same header bytes" classname="com.github.traderjoe95.mls.protocol.codec.VariableLengthDeserialization" time="0.0"/>
  <testcase name="The header should be decoded to the same length" classname="com.github.traderjoe95.mls.protocol.codec.VariableLengthDeserialization" time="0.002"/>
  <testcase name="The length should be encoded to the same header bytes" classname="com.github.traderjoe95.mls.protocol.codec.VariableLengthDeserialization" time="0.0"/>
  <testcase name="The header should be decoded to the same length" classname="com.github.traderjoe95.mls.protocol.codec.VariableLengthDeserialization" time="0.001"/>
  <testcase name="The length should be encoded to the same header bytes" classname="com.github.traderjoe95.mls.protocol.codec.VariableLengthDeserialization" time="0.001"/>
  <testcase name="The header should be decoded to the same length" classname="com.github.traderjoe95.mls.protocol.codec.VariableLengthDeserialization" time="0.0"/>
  <testcase name="The length should be encoded to the same header bytes" classname="com.github.traderjoe95.mls.protocol.codec.VariableLengthDeserialization" time="0.001"/>
  <testcase name="The header should be decoded to the same length" classname="com.github.traderjoe95.mls.protocol.codec.VariableLengthDeserialization" time="0.0"/>
  <testcase name="The length should be encoded to the same header bytes" classname="com.github.traderjoe95.mls.protocol.codec.VariableLengthDeserialization" time="0.001"/>
  <testcase name="The header should be decoded to the same length" classname="com.github.traderjoe95.mls.protocol.codec.VariableLengthDeserialization" time="0.0"/>
  <testcase name="The length should be encoded to the same header bytes" classname="com.github.traderjoe95.mls.protocol.codec.VariableLengthDeserialization" time="0.0"/>
  <testcase name="The header should be decoded to the same length" classname="com.github.traderjoe95.mls.protocol.codec.VariableLengthDeserialization" time="0.001"/>
  <testcase name="The length should be encoded to the same header bytes" classname="com.github.traderjoe95.mls.protocol.codec.VariableLengthDeserialization" time="0.0"/>
  <testcase name="The header should be decoded to the same length" classname="com.github.traderjoe95.mls.protocol.codec.VariableLengthDeserialization" time="0.001"/>
  <testcase name="The length should be encoded to the same header bytes" classname="com.github.traderjoe95.mls.protocol.codec.VariableLengthDeserialization" time="0.001"/>
  <testcase name="The header should be decoded to the same length" classname="com.github.traderjoe95.mls.protocol.codec.VariableLengthDeserialization" time="0.001"/>
  <testcase name="The length should be encoded to the same header bytes" classname="com.github.traderjoe95.mls.protocol.codec.VariableLengthDeserialization" time="0.001"/>
  <testcase name="The header should be decoded to the same length" classname="com.github.traderjoe95.mls.protocol.codec.VariableLengthDeserialization" time="0.001"/>
  <testcase name="The length should be encoded to the same header bytes" classname="com.github.traderjoe95.mls.protocol.codec.VariableLengthDeserialization" time="0.0"/>
  <testcase name="The header should be decoded to the same length" classname="com.github.traderjoe95.mls.protocol.codec.VariableLengthDeserialization" time="0.0"/>
  <testcase name="The length should be encoded to the same header bytes" classname="com.github.traderjoe95.mls.protocol.codec.VariableLengthDeserialization" time="0.001"/>
  <testcase name="The header should be decoded to the same length" classname="com.github.traderjoe95.mls.protocol.codec.VariableLengthDeserialization" time="0.001"/>
  <testcase name="The length should be encoded to the same header bytes" classname="com.github.traderjoe95.mls.protocol.codec.VariableLengthDeserialization" time="0.0"/>
  <testcase name="The header should be decoded to the same length" classname="com.github.traderjoe95.mls.protocol.codec.VariableLengthDeserialization" time="0.001"/>
  <testcase name="The length should be encoded to the same header bytes" classname="com.github.traderjoe95.mls.protocol.codec.VariableLengthDeserialization" time="0.001"/>
  <testcase name="The header should be decoded to the same length" classname="com.github.traderjoe95.mls.protocol.codec.VariableLengthDeserialization" time="0.001"/>
  <testcase name="The length should be encoded to the same header bytes" classname="com.github.traderjoe95.mls.protocol.codec.VariableLengthDeserialization" time="0.001"/>
  <testcase name="The header should be decoded to the same length" classname="com.github.traderjoe95.mls.protocol.codec.VariableLengthDeserialization" time="0.001"/>
  <testcase name="The length should be encoded to the same header bytes" classname="com.github.traderjoe95.mls.protocol.codec.VariableLengthDeserialization" time="0.001"/>
  <testcase name="The header should be decoded to the same length" classname="com.github.traderjoe95.mls.protocol.codec.VariableLengthDeserialization" time="0.0"/>
  <testcase name="The length should be encoded to the same header bytes" classname="com.github.traderjoe95.mls.protocol.codec.VariableLengthDeserialization" time="0.001"/>
  <testcase name="The header should be decoded to the same length" classname="com.github.traderjoe95.mls.protocol.codec.VariableLengthDeserialization" time="0.0"/>
  <testcase name="The length should be encoded to the same header bytes" classname="com.github.traderjoe95.mls.protocol.codec.VariableLengthDeserialization" time="0.001"/>
  <testcase name="The header should be decoded to the same length" classname="com.github.traderjoe95.mls.protocol.codec.VariableLengthDeserialization" time="0.001"/>
  <testcase name="The length should be encoded to the same header bytes" classname="com.github.traderjoe95.mls.protocol.codec.VariableLengthDeserialization" time="0.001"/>
  <testcase name="The header should be decoded to the same length" classname="com.github.traderjoe95.mls.protocol.codec.VariableLengthDeserialization" time="0.001"/>
  <testcase name="The length should be encoded to the same header bytes" classname="com.github.traderjoe95.mls.protocol.codec.VariableLengthDeserialization" time="0.0"/>
  <testcase name="The header should be decoded to the same length" classname="com.github.traderjoe95.mls.protocol.codec.VariableLengthDeserialization" time="0.0"/>
  <testcase name="The length should be encoded to the same header bytes" classname="com.github.traderjoe95.mls.protocol.codec.VariableLengthDeserialization" time="0.001"/>
  <testcase name="The header should be decoded to the same length" classname="com.github.traderjoe95.mls.protocol.codec.VariableLengthDeserialization" time="0.001"/>
  <testcase name="The length should be encoded to the same header bytes" classname="com.github.traderjoe95.mls.protocol.codec.VariableLengthDeserialization" time="0.0"/>
  <testcase name="The header should be decoded to the same length" classname="com.github.traderjoe95.mls.protocol.codec.VariableLengthDeserialization" time="0.0"/>
  <testcase name="The length should be encoded to the same header bytes" classname="com.github.traderjoe95.mls.protocol.codec.VariableLengthDeserialization" time="0.001"/>
  <testcase name="The header should be decoded to the same length" classname="com.github.traderjoe95.mls.protocol.codec.VariableLengthDeserialization" time="0.001"/>
  <testcase name="The length should be encoded to the same header bytes" classname="com.github.traderjoe95.mls.protocol.codec.VariableLengthDeserialization" time="0.001"/>
  <testcase name="The header should be decoded to the same length" classname="com.github.traderjoe95.mls.protocol.codec.VariableLengthDeserialization" time="0.0"/>
  <testcase name="The length should be encoded to the same header bytes" classname="com.github.traderjoe95.mls.protocol.codec.VariableLengthDeserialization" time="0.001"/>
  <testcase name="The header should be decoded to the same length" classname="com.github.traderjoe95.mls.protocol.codec.VariableLengthDeserialization" time="0.001"/>
  <testcase name="The length should be encoded to the same header bytes" classname="com.github.traderjoe95.mls.protocol.codec.VariableLengthDeserialization" time="0.0"/>
  <testcase name="The header should be decoded to the same length" classname="com.github.traderjoe95.mls.protocol.codec.VariableLengthDeserialization" time="0.001"/>
  <testcase name="The length should be encoded to the same header bytes" classname="com.github.traderjoe95.mls.protocol.codec.VariableLengthDeserialization" time="0.0"/>
  <testcase name="The header should be decoded to the same length" classname="com.github.traderjoe95.mls.protocol.codec.VariableLengthDeserialization" time="0.0"/>
  <testcase name="The length should be encoded to the same header bytes" classname="com.github.traderjoe95.mls.protocol.codec.VariableLengthDeserialization" time="0.001"/>
  <testcase name="The header should be decoded to the same length" classname="com.github.traderjoe95.mls.protocol.codec.VariableLengthDeserialization" time="0.0"/>
  <testcase name="The length should be encoded to the same header bytes" classname="com.github.traderjoe95.mls.protocol.codec.VariableLengthDeserialization" time="0.0"/>
  <testcase name="The header should be decoded to the same length" classname="com.github.traderjoe95.mls.protocol.codec.VariableLengthDeserialization" time="0.001"/>
  <testcase name="The length should be encoded to the same header bytes" classname="com.github.traderjoe95.mls.protocol.codec.VariableLengthDeserialization" time="0.0"/>
  <testcase name="The header should be decoded to the same length" classname="com.github.traderjoe95.mls.protocol.codec.VariableLengthDeserialization" time="0.0"/>
  <testcase name="The length should be encoded to the same header bytes" classname="com.github.traderjoe95.mls.protocol.codec.VariableLengthDeserialization" time="0.0"/>
  <testcase name="The header should be decoded to the same length" classname="com.github.traderjoe95.mls.protocol.codec.VariableLengthDeserialization" time="0.001"/>
  <testcase name="The length should be encoded to the same header bytes" classname="com.github.traderjoe95.mls.protocol.codec.VariableLengthDeserialization" time="0.0"/>
  <testcase name="The header should be decoded to the same length" classname="com.github.traderjoe95.mls.protocol.codec.VariableLengthDeserialization" time="0.0"/>
  <testcase name="The length should be encoded to the same header bytes" classname="com.github.traderjoe95.mls.protocol.codec.VariableLengthDeserialization" time="0.002"/>
  <testcase name="The header should be decoded to the same length" classname="com.github.traderjoe95.mls.protocol.codec.VariableLengthDeserialization" time="0.002"/>
  <testcase name="The length should be encoded to the same header bytes" classname="com.github.traderjoe95.mls.protocol.codec.VariableLengthDeserialization" time="0.001"/>
  <testcase name="The header should be decoded to the same length" classname="com.github.traderjoe95.mls.protocol.codec.VariableLengthDeserialization" time="0.001"/>
  <testcase name="The length should be encoded to the same header bytes" classname="com.github.traderjoe95.mls.protocol.codec.VariableLengthDeserialization" time="0.001"/>
  <testcase name="The header should be decoded to the same length" classname="com.github.traderjoe95.mls.protocol.codec.VariableLengthDeserialization" time="0.001"/>
  <testcase name="The length should be encoded to the same header bytes" classname="com.github.traderjoe95.mls.protocol.codec.VariableLengthDeserialization" time="0.0"/>
  <testcase name="The header should be decoded to the same length" classname="com.github.traderjoe95.mls.protocol.codec.VariableLengthDeserialization" time="0.001"/>
  <testcase name="The length should be encoded to the same header bytes" classname="com.github.traderjoe95.mls.protocol.codec.VariableLengthDeserialization" time="0.0"/>
  <testcase name="The header should be decoded to the same length" classname="com.github.traderjoe95.mls.protocol.codec.VariableLengthDeserialization" time="0.0"/>
  <testcase name="The length should be encoded to the same header bytes" classname="com.github.traderjoe95.mls.protocol.codec.VariableLengthDeserialization" time="0.001"/>
  <testcase name="The header should be decoded to the same length" classname="com.github.traderjoe95.mls.protocol.codec.VariableLengthDeserialization" time="0.0"/>
  <testcase name="The length should be encoded to the same header bytes" classname="com.github.traderjoe95.mls.protocol.codec.VariableLengthDeserialization" time="0.0"/>
  <testcase name="The header should be decoded to the same length" classname="com.github.traderjoe95.mls.protocol.codec.VariableLengthDeserialization" time="0.001"/>
  <testcase name="The length should be encoded to the same header bytes" classname="com.github.traderjoe95.mls.protocol.codec.VariableLengthDeserialization" time="0.001"/>
  <testcase name="The header should be decoded to the same length" classname="com.github.traderjoe95.mls.protocol.codec.VariableLengthDeserialization" time="0.001"/>
  <testcase name="The length should be encoded to the same header bytes" classname="com.github.traderjoe95.mls.protocol.codec.VariableLengthDeserialization" time="0.0"/>
  <testcase name="The header should be decoded to the same length" classname="com.github.traderjoe95.mls.protocol.codec.VariableLengthDeserialization" time="0.001"/>
  <testcase name="The length should be encoded to the same header bytes" classname="com.github.traderjoe95.mls.protocol.codec.VariableLengthDeserialization" time="0.0"/>
  <testcase name="The header should be decoded to the same length" classname="com.github.traderjoe95.mls.protocol.codec.VariableLengthDeserialization" time="0.0"/>
  <testcase name="The length should be encoded to the same header bytes" classname="com.github.traderjoe95.mls.protocol.codec.VariableLengthDeserialization" time="0.001"/>
  <testcase name="The header should be decoded to the same length" classname="com.github.traderjoe95.mls.protocol.codec.VariableLengthDeserialization" time="0.001"/>
  <testcase name="The length should be encoded to the same header bytes" classname="com.github.traderjoe95.mls.protocol.codec.VariableLengthDeserialization" time="0.0"/>
  <testcase name="The header should be decoded to the same length" classname="com.github.traderjoe95.mls.protocol.codec.VariableLengthDeserialization" time="0.0"/>
  <testcase name="The length should be encoded to the same header bytes" classname="com.github.traderjoe95.mls.protocol.codec.VariableLengthDeserialization" time="0.001"/>
  <testcase name="The header should be decoded to the same length" classname="com.github.traderjoe95.mls.protocol.codec.VariableLengthDeserialization" time="0.001"/>
  <testcase name="The length should be encoded to the same header bytes" classname="com.github.traderjoe95.mls.protocol.codec.VariableLengthDeserialization" time="0.001"/>
  <testcase name="The header should be decoded to the same length" classname="com.github.traderjoe95.mls.protocol.codec.VariableLengthDeserialization" time="0.001"/>
  <testcase name="The length should be encoded to the same header bytes" classname="com.github.traderjoe95.mls.protocol.codec.VariableLengthDeserialization" time="0.0"/>
  <testcase name="The header should be decoded to the same length" classname="com.github.traderjoe95.mls.protocol.codec.VariableLengthDeserialization" time="0.0"/>
  <testcase name="The length should be encoded to the same header bytes" classname="com.github.traderjoe95.mls.protocol.codec.VariableLengthDeserialization" time="0.001"/>
  <testcase name="The header should be decoded to the same length" classname="com.github.traderjoe95.mls.protocol.codec.VariableLengthDeserialization" time="0.001"/>
  <testcase name="The length should be encoded to the same header bytes" classname="com.github.traderjoe95.mls.protocol.codec.VariableLengthDeserialization" time="0.0"/>
  <testcase name="The header should be decoded to the same length" classname="com.github.traderjoe95.mls.protocol.codec.VariableLengthDeserialization" time="0.001"/>
  <testcase name="The length should be encoded to the same header bytes" classname="com.github.traderjoe95.mls.protocol.codec.VariableLengthDeserialization" time="0.0"/>
  <testcase name="The header should be decoded to the same length" classname="com.github.traderjoe95.mls.protocol.codec.VariableLengthDeserialization" time="0.0"/>
  <testcase name="The length should be encoded to the same header bytes" classname="com.github.traderjoe95.mls.protocol.codec.VariableLengthDeserialization" time="0.001"/>
  <testcase name="The header should be decoded to the same length" classname="com.github.traderjoe95.mls.protocol.codec.VariableLengthDeserialization" time="0.002"/>
  <testcase name="The length should be encoded to the same header bytes" classname="com.github.traderjoe95.mls.protocol.codec.VariableLengthDeserialization" time="0.001"/>
  <testcase name="The header should be decoded to the same length" classname="com.github.traderjoe95.mls.protocol.codec.VariableLengthDeserialization" time="0.0"/>
  <testcase name="The length should be encoded to the same header bytes" classname="com.github.traderjoe95.mls.protocol.codec.VariableLengthDeserialization" time="0.001"/>
  <testcase name="The header should be decoded to the same length" classname="com.github.traderjoe95.mls.protocol.codec.VariableLengthDeserialization" time="0.0"/>
  <testcase name="The length should be encoded to the same header bytes" classname="com.github.traderjoe95.mls.protocol.codec.VariableLengthDeserialization" time="0.0"/>
  <testcase name="The header should be decoded to the same length" classname="com.github.traderjoe95.mls.protocol.codec.VariableLengthDeserialization" time="0.0"/>
  <testcase name="The length should be encoded to the same header bytes" classname="com.github.traderjoe95.mls.protocol.codec.VariableLengthDeserialization" time="0.001"/>
  <testcase name="The header should be decoded to the same length" classname="com.github.traderjoe95.mls.protocol.codec.VariableLengthDeserialization" time="0.001"/>
  <testcase name="The length should be encoded to the same header bytes" classname="com.github.traderjoe95.mls.protocol.codec.VariableLengthDeserialization" time="0.0"/>
  <testcase name="The header should be decoded to the same length" classname="com.github.traderjoe95.mls.protocol.codec.VariableLengthDeserialization" time="0.0"/>
  <testcase name="The length should be encoded to the same header bytes" classname="com.github.traderjoe95.mls.protocol.codec.VariableLengthDeserialization" time="0.001"/>
  <testcase name="The header should be decoded to the same length" classname="com.github.traderjoe95.mls.protocol.codec.VariableLengthDeserialization" time="0.0"/>
  <testcase name="The length should be encoded to the same header bytes" classname="com.github.traderjoe95.mls.protocol.codec.VariableLengthDeserialization" time="0.0"/>
  <testcase name="The header should be decoded to the same length" classname="com.github.traderjoe95.mls.protocol.codec.VariableLengthDeserialization" time="0.001"/>
  <testcase name="The length should be encoded to the same header bytes" classname="com.github.traderjoe95.mls.protocol.codec.VariableLengthDeserialization" time="0.0"/>
  <testcase name="The header should be decoded to the same length" classname="com.github.traderjoe95.mls.protocol.codec.VariableLengthDeserialization" time="0.0"/>
  <testcase name="The length should be encoded to the same header bytes" classname="com.github.traderjoe95.mls.protocol.codec.VariableLengthDeserialization" time="0.0"/>
  <testcase name="The header should be decoded to the same length" classname="com.github.traderjoe95.mls.protocol.codec.VariableLengthDeserialization" time="0.001"/>
  <testcase name="The length should be encoded to the same header bytes" classname="com.github.traderjoe95.mls.protocol.codec.VariableLengthDeserialization" time="0.0"/>
  <testcase name="The header should be decoded to the same length" classname="com.github.traderjoe95.mls.protocol.codec.VariableLengthDeserialization" time="0.001"/>
  <testcase name="The length should be encoded to the same header bytes" classname="com.github.traderjoe95.mls.protocol.codec.VariableLengthDeserialization" time="0.001"/>
  <testcase name="The header should be decoded to the same length" classname="com.github.traderjoe95.mls.protocol.codec.VariableLengthDeserialization" time="0.0"/>
  <testcase name="The length should be encoded to the same header bytes" classname="com.github.traderjoe95.mls.protocol.codec.VariableLengthDeserialization" time="0.001"/>
  <testcase name="The header should be decoded to the same length" classname="com.github.traderjoe95.mls.protocol.codec.VariableLengthDeserialization" time="0.0"/>
  <testcase name="The length should be encoded to the same header bytes" classname="com.github.traderjoe95.mls.protocol.codec.VariableLengthDeserialization" time="0.0"/>
  <testcase name="The header should be decoded to the same length" classname="com.github.traderjoe95.mls.protocol.codec.VariableLengthDeserialization" time="0.0"/>
  <testcase name="The length should be encoded to the same header bytes" classname="com.github.traderjoe95.mls.protocol.codec.VariableLengthDeserialization" time="0.001"/>
  <testcase name="The header should be decoded to the same length" classname="com.github.traderjoe95.mls.protocol.codec.VariableLengthDeserialization" time="0.001"/>
  <testcase name="The length should be encoded to the same header bytes" classname="com.github.traderjoe95.mls.protocol.codec.VariableLengthDeserialization" time="0.0"/>
  <testcase name="The header should be decoded to the same length" classname="com.github.traderjoe95.mls.protocol.codec.VariableLengthDeserialization" time="0.0"/>
  <testcase name="The length should be encoded to the same header bytes" classname="com.github.traderjoe95.mls.protocol.codec.VariableLengthDeserialization" time="0.001"/>
  <testcase name="The header should be decoded to the same length" classname="com.github.traderjoe95.mls.protocol.codec.VariableLengthDeserialization" time="0.0"/>
  <testcase name="The length should be encoded to the same header bytes" classname="com.github.traderjoe95.mls.protocol.codec.VariableLengthDeserialization" time="0.001"/>
  <testcase name="The header should be decoded to the same length" classname="com.github.traderjoe95.mls.protocol.codec.VariableLengthDeserialization" time="0.001"/>
  <testcase name="The length should be encoded to the same header bytes" classname="com.github.traderjoe95.mls.protocol.codec.VariableLengthDeserialization" time="0.0"/>
  <testcase name="The header should be decoded to the same length" classname="com.github.traderjoe95.mls.protocol.codec.VariableLengthDeserialization" time="0.0"/>
  <testcase name="The length should be encoded to the same header bytes" classname="com.github.traderjoe95.mls.protocol.codec.VariableLengthDeserialization" time="0.0"/>
  <testcase name="The header should be decoded to the same length" classname="com.github.traderjoe95.mls.protocol.codec.VariableLengthDeserialization" time="0.001"/>
  <testcase name="The length should be encoded to the same header bytes" classname="com.github.traderjoe95.mls.protocol.codec.VariableLengthDeserialization" time="0.0"/>
  <testcase name="The header should be decoded to the same length" classname="com.github.traderjoe95.mls.protocol.codec.VariableLengthDeserialization" time="0.0"/>
  <testcase name="The length should be encoded to the same header bytes" classname="com.github.traderjoe95.mls.protocol.codec.VariableLengthDeserialization" time="0.0"/>
  <testcase name="The header should be decoded to the same length" classname="com.github.traderjoe95.mls.protocol.codec.VariableLengthDeserialization" time="0.001"/>
  <testcase name="The length should be encoded to the same header bytes" classname="com.github.traderjoe95.mls.protocol.codec.VariableLengthDeserialization" time="0.001"/>
  <testcase name="The header should be decoded to the same length" classname="com.github.traderjoe95.mls.protocol.codec.VariableLengthDeserialization" time="0.001"/>
  <testcase name="The length should be encoded to the same header bytes" classname="com.github.traderjoe95.mls.protocol.codec.VariableLengthDeserialization" time="0.001"/>
  <testcase name="The header should be decoded to the same length" classname="com.github.traderjoe95.mls.protocol.codec.VariableLengthDeserialization" time="0.0"/>
  <testcase name="The length should be encoded to the same header bytes" classname="com.github.traderjoe95.mls.protocol.codec.VariableLengthDeserialization" time="0.001"/>
  <testcase name="The header should be decoded to the same length" classname="com.github.traderjoe95.mls.protocol.codec.VariableLengthDeserialization" time="0.001"/>
  <testcase name="The length should be encoded to the same header bytes" classname="com.github.traderjoe95.mls.protocol.codec.VariableLengthDeserialization" time="0.0"/>
  <testcase name="The header should be decoded to the same length" classname="com.github.traderjoe95.mls.protocol.codec.VariableLengthDeserialization" time="0.001"/>
  <testcase name="The length should be encoded to the same header bytes" classname="com.github.traderjoe95.mls.protocol.codec.VariableLengthDeserialization" time="0.0"/>
  <testcase name="The header should be decoded to the same length" classname="com.github.traderjoe95.mls.protocol.codec.VariableLengthDeserialization" time="0.001"/>
  <testcase name="The length should be encoded to the same header bytes" classname="com.github.traderjoe95.mls.protocol.codec.VariableLengthDeserialization" time="0.0"/>
  <testcase name="The header should be decoded to the same length" classname="com.github.traderjoe95.mls.protocol.codec.VariableLengthDeserialization" time="0.001"/>
  <testcase name="The length should be encoded to the same header bytes" classname="com.github.traderjoe95.mls.protocol.codec.VariableLengthDeserialization" time="0.0"/>
  <testcase name="The header should be decoded to the same length" classname="com.github.traderjoe95.mls.protocol.codec.VariableLengthDeserialization" time="0.0"/>
  <testcase name="The length should be encoded to the same header bytes" classname="com.github.traderjoe95.mls.protocol.codec.VariableLengthDeserialization" time="0.001"/>
  <testcase name="The header should be decoded to the same length" classname="com.github.traderjoe95.mls.protocol.codec.VariableLengthDeserialization" time="0.0"/>
  <testcase name="The length should be encoded to the same header bytes" classname="com.github.traderjoe95.mls.protocol.codec.VariableLengthDeserialization" time="0.001"/>
  <testcase name="The header should be decoded to the same length" classname="com.github.traderjoe95.mls.protocol.codec.VariableLengthDeserialization" time="0.001"/>
  <testcase name="The length should be encoded to the same header bytes" classname="com.github.traderjoe95.mls.protocol.codec.VariableLengthDeserialization" time="0.0"/>
  <testcase name="The header should be decoded to the same length" classname="com.github.traderjoe95.mls.protocol.codec.VariableLengthDeserialization" time="0.001"/>
  <testcase name="The length should be encoded to the same header bytes" classname="com.github.traderjoe95.mls.protocol.codec.VariableLengthDeserialization" time="0.0"/>
  <testcase name="The header should be decoded to the same length" classname="com.github.traderjoe95.mls.protocol.codec.VariableLengthDeserialization" time="0.001"/>
  <testcase name="The length should be encoded to the same header bytes" classname="com.github.traderjoe95.mls.protocol.codec.VariableLengthDeserialization" time="0.0"/>
  <testcase name="The header should be decoded to the same length" classname="com.github.traderjoe95.mls.protocol.codec.VariableLengthDeserialization" time="0.001"/>
  <testcase name="The length should be encoded to the same header bytes" classname="com.github.traderjoe95.mls.protocol.codec.VariableLengthDeserialization" time="0.001"/>
  <testcase name="The header should be decoded to the same length" classname="com.github.traderjoe95.mls.protocol.codec.VariableLengthDeserialization" time="0.0"/>
  <testcase name="The length should be encoded to the same header bytes" classname="com.github.traderjoe95.mls.protocol.codec.VariableLengthDeserialization" time="0.001"/>
  <testcase name="The header should be decoded to the same length" classname="com.github.traderjoe95.mls.protocol.codec.VariableLengthDeserialization" time="0.001"/>
  <testcase name="The length should be encoded to the same header bytes" classname="com.github.traderjoe95.mls.protocol.codec.VariableLengthDeserialization" time="0.0"/>
  <testcase name="The header should be decoded to the same length" classname="com.github.traderjoe95.mls.protocol.codec.VariableLengthDeserialization" time="0.0"/>
  <testcase name="The length should be encoded to the same header bytes" classname="com.github.traderjoe95.mls.protocol.codec.VariableLengthDeserialization" time="0.001"/>
  <testcase name="The header should be decoded to the same length" classname="com.github.traderjoe95.mls.protocol.codec.VariableLengthDeserialization" time="0.001"/>
  <testcase name="The length should be encoded to the same header bytes" classname="com.github.traderjoe95.mls.protocol.codec.VariableLengthDeserialization" time="0.001"/>
  <testcase name="The header should be decoded to the same length" classname="com.github.traderjoe95.mls.protocol.codec.VariableLengthDeserialization" time="0.0"/>
  <testcase name="The length should be encoded to the same header bytes" classname="com.github.traderjoe95.mls.protocol.codec.VariableLengthDeserialization" time="0.001"/>
  <testcase name="The header should be decoded to the same length" classname="com.github.traderjoe95.mls.protocol.codec.VariableLengthDeserialization" time="0.0"/>
  <testcase name="The length should be encoded to the same header bytes" classname="com.github.traderjoe95.mls.protocol.codec.VariableLengthDeserialization" time="0.001"/>
  <testcase name="The header should be decoded to the same length" classname="com.github.traderjoe95.mls.protocol.codec.VariableLengthDeserialization" time="0.0"/>
  <testcase name="The length should be encoded to the same header bytes" classname="com.github.traderjoe95.mls.protocol.codec.VariableLengthDeserialization" time="0.001"/>
  <testcase name="The header should be decoded to the same length" classname="com.github.traderjoe95.mls.protocol.codec.VariableLengthDeserialization" time="0.0"/>
  <testcase name="The length should be encoded to the same header bytes" classname="com.github.traderjoe95.mls.protocol.codec.VariableLengthDeserialization" time="0.001"/>
  <testcase name="The header should be decoded to the same length" classname="com.github.traderjoe95.mls.protocol.codec.VariableLengthDeserialization" time="0.001"/>
  <testcase name="The length should be encoded to the same header bytes" classname="com.github.traderjoe95.mls.protocol.codec.VariableLengthDeserialization" time="0.001"/>
  <testcase name="The header should be decoded to the same length" classname="com.github.traderjoe95.mls.protocol.codec.VariableLengthDeserialization" time="0.0"/>
  <testcase name="The length should be encoded to the same header bytes" classname="com.github.traderjoe95.mls.protocol.codec.VariableLengthDeserialization" time="0.0"/>
  <testcase name="The header should be decoded to the same length" classname="com.github.traderjoe95.mls.protocol.codec.VariableLengthDeserialization" time="0.001"/>
  <testcase name="The length should be encoded to the same header bytes" classname="com.github.traderjoe95.mls.protocol.codec.VariableLengthDeserialization" time="0.0"/>
  <testcase name="The header should be decoded to the same length" classname="com.github.traderjoe95.mls.protocol.codec.VariableLengthDeserialization" time="0.0"/>
  <testcase name="The length should be encoded to the same header bytes" classname="com.github.traderjoe95.mls.protocol.codec.VariableLengthDeserialization" time="0.001"/>
  <testcase name="The header should be decoded to the same length" classname="com.github.traderjoe95.mls.protocol.codec.VariableLengthDeserialization" time="0.001"/>
  <testcase name="The length should be encoded to the same header bytes" classname="com.github.traderjoe95.mls.protocol.codec.VariableLengthDeserialization" time="0.0"/>
  <testcase name="The header should be decoded to the same length" classname="com.github.traderjoe95.mls.protocol.codec.VariableLengthDeserialization" time="0.0"/>
  <testcase name="The length should be encoded to the same header bytes" classname="com.github.traderjoe95.mls.protocol.codec.VariableLengthDeserialization" time="0.001"/>
  <testcase name="The header should be decoded to the same length" classname="com.github.traderjoe95.mls.protocol.codec.VariableLengthDeserialization" time="0.0"/>
  <testcase name="The length should be encoded to the same header bytes" classname="com.github.traderjoe95.mls.protocol.codec.VariableLengthDeserialization" time="0.0"/>
  <testcase name="The header should be decoded to the same length" classname="com.github.traderjoe95.mls.protocol.codec.VariableLengthDeserialization" time="0.001"/>
  <testcase name="The length should be encoded to the same header bytes" classname="com.github.traderjoe95.mls.protocol.codec.VariableLengthDeserialization" time="0.0"/>
  <testcase name="The header should be decoded to the same length" classname="com.github.traderjoe95.mls.protocol.codec.VariableLengthDeserialization" time="0.0"/>
  <testcase name="The length should be encoded to the same header bytes" classname="com.github.traderjoe95.mls.protocol.codec.VariableLengthDeserialization" time="0.0"/>
  <testcase name="The header should be decoded to the same length" classname="com.github.traderjoe95.mls.protocol.codec.VariableLengthDeserialization" time="0.001"/>
  <testcase name="The length should be encoded to the same header bytes" classname="com.github.traderjoe95.mls.protocol.codec.VariableLengthDeserialization" time="0.001"/>
  <testcase name="The header should be decoded to the same length" classname="com.github.traderjoe95.mls.protocol.codec.VariableLengthDeserialization" time="0.001"/>
  <testcase name="The length should be encoded to the same header bytes" classname="com.github.traderjoe95.mls.protocol.codec.VariableLengthDeserialization" time="0.0"/>
  <testcase name="The header should be decoded to the same length" classname="com.github.traderjoe95.mls.protocol.codec.VariableLengthDeserialization" time="0.0"/>
  <testcase name="The length should be encoded to the same header bytes" classname="com.github.traderjoe95.mls.protocol.codec.VariableLengthDeserialization" time="0.0"/>
  <testcase name="The header should be decoded to the same length" classname="com.github.traderjoe95.mls.protocol.codec.VariableLengthDeserialization" time="0.001"/>
  <testcase name="The length should be encoded to the same header bytes" classname="com.github.traderjoe95.mls.protocol.codec.VariableLengthDeserialization" time="0.0"/>
  <testcase name="The header should be decoded to the same length" classname="com.github.traderjoe95.mls.protocol.codec.VariableLengthDeserialization" time="0.0"/>
  <testcase name="The length should be encoded to the same header bytes" classname="com.github.traderjoe95.mls.protocol.codec.VariableLengthDeserialization" time="0.001"/>
  <testcase name="The header should be decoded to the same length" classname="com.github.traderjoe95.mls.protocol.codec.VariableLengthDeserialization" time="0.001"/>
  <testcase name="The length should be encoded to the same header bytes" classname="com.github.traderjoe95.mls.protocol.codec.VariableLengthDeserialization" time="0.0"/>
  <testcase name="The header should be decoded to the same length" classname="com.github.traderjoe95.mls.protocol.codec.VariableLengthDeserialization" time="0.0"/>
  <testcase name="The length should be encoded to the same header bytes" classname="com.github.traderjoe95.mls.protocol.codec.VariableLengthDeserialization" time="0.0"/>
  <testcase name="The header should be decoded to the same length" classname="com.github.traderjoe95.mls.protocol.codec.VariableLengthDeserialization" time="0.0"/>
  <testcase name="The length should be encoded to the same header bytes" classname="com.github.traderjoe95.mls.protocol.codec.VariableLengthDeserialization" time="0.001"/>
  <testcase name="The header should be decoded to the same length" classname="com.github.traderjoe95.mls.protocol.codec.VariableLengthDeserialization" time="0.0"/>
  <testcase name="The length should be encoded to the same header bytes" classname="com.github.traderjoe95.mls.protocol.codec.VariableLengthDeserialization" time="0.0"/>
  <testcase name="The header should be decoded to the same length" classname="com.github.traderjoe95.mls.protocol.codec.VariableLengthDeserialization" time="0.0"/>
  <testcase name="The length should be encoded to the same header bytes" classname="com.github.traderjoe95.mls.protocol.codec.VariableLengthDeserialization" time="0.0"/>
  <testcase name="The header should be decoded to the same length" classname="com.github.traderjoe95.mls.protocol.codec.VariableLengthDeserialization" time="0.0"/>
  <testcase name="The length should be encoded to the same header bytes" classname="com.github.traderjoe95.mls.protocol.codec.VariableLengthDeserialization" time="0.0"/>
  <testcase name="The header should be decoded to the same length" classname="com.github.traderjoe95.mls.protocol.codec.VariableLengthDeserialization" time="0.0"/>
  <testcase name="The length should be encoded to the same header bytes" classname="com.github.traderjoe95.mls.protocol.codec.VariableLengthDeserialization" time="0.001"/>
  <testcase name="The header should be decoded to the same length" classname="com.github.traderjoe95.mls.protocol.codec.VariableLengthDeserialization" time="0.0"/>
  <testcase name="The length should be encoded to the same header bytes" classname="com.github.traderjoe95.mls.protocol.codec.VariableLengthDeserialization" time="0.0"/>
  <testcase name="The header should be decoded to the same length" classname="com.github.traderjoe95.mls.protocol.codec.VariableLengthDeserialization" time="0.001"/>
  <testcase name="The length should be encoded to the same header bytes" classname="com.github.traderjoe95.mls.protocol.codec.VariableLengthDeserialization" time="0.0"/>
  <testcase name="The header should be decoded to the same length" classname="com.github.traderjoe95.mls.protocol.codec.VariableLengthDeserialization" time="0.0"/>
  <testcase name="The length should be encoded to the same header bytes" classname="com.github.traderjoe95.mls.protocol.codec.VariableLengthDeserialization" time="0.001"/>
  <testcase name="The header should be decoded to the same length" classname="com.github.traderjoe95.mls.protocol.codec.VariableLengthDeserialization" time="0.001"/>
  <testcase name="The length should be encoded to the same header bytes" classname="com.github.traderjoe95.mls.protocol.codec.VariableLengthDeserialization" time="0.001"/>
  <testcase name="The header should be decoded to the same length" classname="com.github.traderjoe95.mls.protocol.codec.VariableLengthDeserialization" time="0.001"/>
  <testcase name="The length should be encoded to the same header bytes" classname="com.github.traderjoe95.mls.protocol.codec.VariableLengthDeserialization" time="0.0"/>
  <testcase name="The header should be decoded to the same length" classname="com.github.traderjoe95.mls.protocol.codec.VariableLengthDeserialization" time="0.001"/>
  <testcase name="The length should be encoded to the same header bytes" classname="com.github.traderjoe95.mls.protocol.codec.VariableLengthDeserialization" time="0.0"/>
  <testcase name="The header should be decoded to the same length" classname="com.github.traderjoe95.mls.protocol.codec.VariableLengthDeserialization" time="0.0"/>
  <testcase name="The length should be encoded to the same header bytes" classname="com.github.traderjoe95.mls.protocol.codec.VariableLengthDeserialization" time="0.001"/>
  <testcase name="The header should be decoded to the same length" classname="com.github.traderjoe95.mls.protocol.codec.VariableLengthDeserialization" time="0.0"/>
  <testcase name="The length should be encoded to the same header bytes" classname="com.github.traderjoe95.mls.protocol.codec.VariableLengthDeserialization" time="0.001"/>
  <testcase name="The header should be decoded to the same length" classname="com.github.traderjoe95.mls.protocol.codec.VariableLengthDeserialization" time="0.0"/>
  <testcase name="The length should be encoded to the same header bytes" classname="com.github.traderjoe95.mls.protocol.codec.VariableLengthDeserialization" time="0.0"/>
  <testcase name="The header should be decoded to the same length" classname="com.github.traderjoe95.mls.protocol.codec.VariableLengthDeserialization" time="0.0"/>
  <testcase name="The length should be encoded to the same header bytes" classname="com.github.traderjoe95.mls.protocol.codec.VariableLengthDeserialization" time="0.0"/>
  <testcase name="The header should be decoded to the same length" classname="com.github.traderjoe95.mls.protocol.codec.VariableLengthDeserialization" time="0.001"/>
  <testcase name="The length should be encoded to the same header bytes" classname="com.github.traderjoe95.mls.protocol.codec.VariableLengthDeserialization" time="0.001"/>
  <testcase name="The header should be decoded to the same length" classname="com.github.traderjoe95.mls.protocol.codec.VariableLengthDeserialization" time="0.0"/>
  <testcase name="The length should be encoded to the same header bytes" classname="com.github.traderjoe95.mls.protocol.codec.VariableLengthDeserialization" time="0.001"/>
  <testcase name="The header should be decoded to the same length" classname="com.github.traderjoe95.mls.protocol.codec.VariableLengthDeserialization" time="0.001"/>
  <testcase name="The length should be encoded to the same header bytes" classname="com.github.traderjoe95.mls.protocol.codec.VariableLengthDeserialization" time="0.001"/>
  <testcase name="The header should be decoded to the same length" classname="com.github.traderjoe95.mls.protocol.codec.VariableLengthDeserialization" time="0.001"/>
  <testcase name="The length should be encoded to the same header bytes" classname="com.github.traderjoe95.mls.protocol.codec.VariableLengthDeserialization" time="0.0"/>
  <testcase name="The header should be decoded to the same length" classname="com.github.traderjoe95.mls.protocol.codec.VariableLengthDeserialization" time="0.0"/>
  <testcase name="The length should be encoded to the same header bytes" classname="com.github.traderjoe95.mls.protocol.codec.VariableLengthDeserialization" time="0.001"/>
  <testcase name="The header should be decoded to the same length" classname="com.github.traderjoe95.mls.protocol.codec.VariableLengthDeserialization" time="0.0"/>
  <testcase name="The length should be encoded to the same header bytes" classname="com.github.traderjoe95.mls.protocol.codec.VariableLengthDeserialization" time="0.001"/>
  <testcase name="The header should be decoded to the same length" classname="com.github.traderjoe95.mls.protocol.codec.VariableLengthDeserialization" time="0.002"/>
  <testcase name="The length should be encoded to the same header bytes" classname="com.github.traderjoe95.mls.protocol.codec.VariableLengthDeserialization" time="0.001"/>
  <testcase name="The header should be decoded to the same length" classname="com.github.traderjoe95.mls.protocol.codec.VariableLengthDeserialization" time="0.001"/>
  <testcase name="The length should be encoded to the same header bytes" classname="com.github.traderjoe95.mls.protocol.codec.VariableLengthDeserialization" time="0.0"/>
  <testcase name="The header should be decoded to the same length" classname="com.github.traderjoe95.mls.protocol.codec.VariableLengthDeserialization" time="0.001"/>
  <testcase name="The length should be encoded to the same header bytes" classname="com.github.traderjoe95.mls.protocol.codec.VariableLengthDeserialization" time="0.001"/>
  <testcase name="The header should be decoded to the same length" classname="com.github.traderjoe95.mls.protocol.codec.VariableLengthDeserialization" time="0.0"/>
  <testcase name="The length should be encoded to the same header bytes" classname="com.github.traderjoe95.mls.protocol.codec.VariableLengthDeserialization" time="0.001"/>
  <testcase name="The header should be decoded to the same length" classname="com.github.traderjoe95.mls.protocol.codec.VariableLengthDeserialization" time="0.001"/>
  <testcase name="The length should be encoded to the same header bytes" classname="com.github.traderjoe95.mls.protocol.codec.VariableLengthDeserialization" time="0.0"/>
  <testcase name="The header should be decoded to the same length" classname="com.github.traderjoe95.mls.protocol.codec.VariableLengthDeserialization" time="0.001"/>
  <testcase name="The length should be encoded to the same header bytes" classname="com.github.traderjoe95.mls.protocol.codec.VariableLengthDeserialization" time="0.0"/>
  <testcase name="The header should be decoded to the same length" classname="com.github.traderjoe95.mls.protocol.codec.VariableLengthDeserialization" time="0.001"/>
  <testcase name="The length should be encoded to the same header bytes" classname="com.github.traderjoe95.mls.protocol.codec.VariableLengthDeserialization" time="0.0"/>
  <testcase name="The header should be decoded to the same length" classname="com.github.traderjoe95.mls.protocol.codec.VariableLengthDeserialization" time="0.0"/>
  <testcase name="The length should be encoded to the same header bytes" classname="com.github.traderjoe95.mls.protocol.codec.VariableLengthDeserialization" time="0.001"/>
  <testcase name="The header should be decoded to the same length" classname="com.github.traderjoe95.mls.protocol.codec.VariableLengthDeserialization" time="0.001"/>
  <testcase name="The length should be encoded to the same header bytes" classname="com.github.traderjoe95.mls.protocol.codec.VariableLengthDeserialization" time="0.001"/>
  <testcase name="The header should be decoded to the same length" classname="com.github.traderjoe95.mls.protocol.codec.VariableLengthDeserialization" time="0.0"/>
  <testcase name="The length should be encoded to the same header bytes" classname="com.github.traderjoe95.mls.protocol.codec.VariableLengthDeserialization" time="0.001"/>
  <testcase name="The header should be decoded to the same length" classname="com.github.traderjoe95.mls.protocol.codec.VariableLengthDeserialization" time="0.0"/>
  <testcase name="The length should be encoded to the same header bytes" classname="com.github.traderjoe95.mls.protocol.codec.VariableLengthDeserialization" time="0.0"/>
  <testcase name="The header should be decoded to the same length" classname="com.github.traderjoe95.mls.protocol.codec.VariableLengthDeserialization" time="0.001"/>
  <testcase name="The length should be encoded to the same header bytes" classname="com.github.traderjoe95.mls.protocol.codec.VariableLengthDeserialization" time="0.0"/>
  <testcase name="The header should be decoded to the same length" classname="com.github.traderjoe95.mls.protocol.codec.VariableLengthDeserialization" time="0.0"/>
  <testcase name="The length should be encoded to the same header bytes" classname="com.github.traderjoe95.mls.protocol.codec.VariableLengthDeserialization" time="0.0"/>
  <testcase name="The header should be decoded to the same length" classname="com.github.traderjoe95.mls.protocol.codec.VariableLengthDeserialization" time="0.001"/>
  <testcase name="The length should be encoded to the same header bytes" classname="com.github.traderjoe95.mls.protocol.codec.VariableLengthDeserialization" time="0.0"/>
  <testcase name="The header should be decoded to the same length" classname="com.github.traderjoe95.mls.protocol.codec.VariableLengthDeserialization" time="0.0"/>
  <testcase name="The length should be encoded to the same header bytes" classname="com.github.traderjoe95.mls.protocol.codec.VariableLengthDeserialization" time="0.001"/>
  <testcase name="The header should be decoded to the same length" classname="com.github.traderjoe95.mls.protocol.codec.VariableLengthDeserialization" time="0.001"/>
  <testcase name="The length should be encoded to the same header bytes" classname="com.github.traderjoe95.mls.protocol.codec.VariableLengthDeserialization" time="0.0"/>
  <testcase name="The header should be decoded to the same length" classname="com.github.traderjoe95.mls.protocol.codec.VariableLengthDeserialization" time="0.001"/>
  <testcase name="The length should be encoded to the same header bytes" classname="com.github.traderjoe95.mls.protocol.codec.VariableLengthDeserialization" time="0.0"/>
  <testcase name="The header should be decoded to the same length" classname="com.github.traderjoe95.mls.protocol.codec.VariableLengthDeserialization" time="0.0"/>
  <testcase name="The length should be encoded to the same header bytes" classname="com.github.traderjoe95.mls.protocol.codec.VariableLengthDeserialization" time="0.0"/>
  <testcase name="The header should be decoded to the same length" classname="com.github.traderjoe95.mls.protocol.codec.VariableLengthDeserialization" time="0.0"/>
  <testcase name="The length should be encoded to the same header bytes" classname="com.github.traderjoe95.mls.protocol.codec.VariableLengthDeserialization" time="0.001"/>
  <testcase name="The header should be decoded to the same length" classname="com.github.traderjoe95.mls.protocol.codec.VariableLengthDeserialization" time="0.0"/>
  <testcase name="The length should be encoded to the same header bytes" classname="com.github.traderjoe95.mls.protocol.codec.VariableLengthDeserialization" time="0.001"/>
  <testcase name="The header should be decoded to the same length" classname="com.github.traderjoe95.mls.protocol.codec.VariableLengthDeserialization" time="0.001"/>
  <testcase name="The length should be encoded to the same header bytes" classname="com.github.traderjoe95.mls.protocol.codec.VariableLengthDeserialization" time="0.001"/>
  <testcase name="The header should be decoded to the same length" classname="com.github.traderjoe95.mls.protocol.codec.VariableLengthDeserialization" time="0.0"/>
  <testcase name="The length should be encoded to the same header bytes" classname="com.github.traderjoe95.mls.protocol.codec.VariableLengthDeserialization" time="0.001"/>
  <testcase name="The header should be decoded to the same length" classname="com.github.traderjoe95.mls.protocol.codec.VariableLengthDeserialization" time="0.0"/>
  <testcase name="The length should be encoded to the same header bytes" classname="com.github.traderjoe95.mls.protocol.codec.VariableLengthDeserialization" time="0.0"/>
  <testcase name="The header should be decoded to the same length" classname="com.github.traderjoe95.mls.protocol.codec.VariableLengthDeserialization" time="0.0"/>
  <testcase name="The length should be encoded to the same header bytes" classname="com.github.traderjoe95.mls.protocol.codec.VariableLengthDeserialization" time="0.0"/>
  <testcase name="The header should be decoded to the same length" classname="com.github.traderjoe95.mls.protocol.codec.VariableLengthDeserialization" time="0.0"/>
  <testcase name="The length should be encoded to the same header bytes" classname="com.github.traderjoe95.mls.protocol.codec.VariableLengthDeserialization" time="0.0"/>
  <testcase name="The header should be decoded to the same length" classname="com.github.traderjoe95.mls.protocol.codec.VariableLengthDeserialization" time="0.0"/>
  <testcase name="The length should be encoded to the same header bytes" classname="com.github.traderjoe95.mls.protocol.codec.VariableLengthDeserialization" time="0.0"/>
  <testcase name="The header should be decoded to the same length" classname="com.github.traderjoe95.mls.protocol.codec.VariableLengthDeserialization" time="0.0"/>
  <testcase name="The length should be encoded to the same header bytes" classname="com.github.traderjoe95.mls.protocol.codec.VariableLengthDeserialization" time="0.0"/>
  <testcase name="The header should be decoded to the same length" classname="com.github.traderjoe95.mls.protocol.codec.VariableLengthDeserialization" time="0.001"/>
  <testcase name="The length should be encoded to the same header bytes" classname="com.github.traderjoe95.mls.protocol.codec.VariableLengthDeserialization" time="0.0"/>
  <testcase name="The header should be decoded to the same length" classname="com.github.traderjoe95.mls.protocol.codec.VariableLengthDeserialization" time="0.0"/>
  <testcase name="The length should be encoded to the same header bytes" classname="com.github.traderjoe95.mls.protocol.codec.VariableLengthDeserialization" time="0.0"/>
  <testcase name="The header should be decoded to the same length" classname="com.github.traderjoe95.mls.protocol.codec.VariableLengthDeserialization" time="0.001"/>
  <testcase name="The length should be encoded to the same header bytes" classname="com.github.traderjoe95.mls.protocol.codec.VariableLengthDeserialization" time="0.0"/>
  <testcase name="The header should be decoded to the same length" classname="com.github.traderjoe95.mls.protocol.codec.VariableLengthDeserialization" time="0.0"/>
  <testcase name="The length should be encoded to the same header bytes" classname="com.github.traderjoe95.mls.protocol.codec.VariableLengthDeserialization" time="0.0"/>
  <testcase name="The header should be decoded to the same length" classname="com.github.traderjoe95.mls.protocol.codec.VariableLengthDeserialization" time="0.0"/>
  <testcase name="The length should be encoded to the same header bytes" classname="com.github.traderjoe95.mls.protocol.codec.VariableLengthDeserialization" time="0.001"/>
  <testcase name="The header should be decoded to the same length" classname="com.github.traderjoe95.mls.protocol.codec.VariableLengthDeserialization" time="0.0"/>
  <testcase name="The length should be encoded to the same header bytes" classname="com.github.traderjoe95.mls.protocol.codec.VariableLengthDeserialization" time="0.001"/>
  <testcase name="The header should be decoded to the same length" classname="com.github.traderjoe95.mls.protocol.codec.VariableLengthDeserialization" time="0.001"/>
  <testcase name="The length should be encoded to the same header bytes" classname="com.github.traderjoe95.mls.protocol.codec.VariableLengthDeserialization" time="0.001"/>
  <testcase name="The header should be decoded to the same length" classname="com.github.traderjoe95.mls.protocol.codec.VariableLengthDeserialization" time="0.001"/>
  <testcase name="The length should be encoded to the same header bytes" classname="com.github.traderjoe95.mls.protocol.codec.VariableLengthDeserialization" time="0.0"/>
  <testcase name="The header should be decoded to the same length" classname="com.github.traderjoe95.mls.protocol.codec.VariableLengthDeserialization" time="0.001"/>
  <testcase name="The length should be encoded to the same header bytes" classname="com.github.traderjoe95.mls.protocol.codec.VariableLengthDeserialization" time="0.0"/>
  <testcase name="The header should be decoded to the same length" classname="com.github.traderjoe95.mls.protocol.codec.VariableLengthDeserialization" time="0.001"/>
  <testcase name="The length should be encoded to the same header bytes" classname="com.github.traderjoe95.mls.protocol.codec.VariableLengthDeserialization" time="0.0"/>
  <testcase name="The header should be decoded to the same length" classname="com.github.traderjoe95.mls.protocol.codec.VariableLengthDeserialization" time="0.0"/>
  <testcase name="The length should be encoded to the same header bytes" classname="com.github.traderjoe95.mls.protocol.codec.VariableLengthDeserialization" time="0.001"/>
  <testcase name="The header should be decoded to the same length" classname="com.github.traderjoe95.mls.protocol.codec.VariableLengthDeserialization" time="0.001"/>
  <testcase name="The length should be encoded to the same header bytes" classname="com.github.traderjoe95.mls.protocol.codec.VariableLengthDeserialization" time="0.001"/>
  <testcase name="The header should be decoded to the same length" classname="com.github.traderjoe95.mls.protocol.codec.VariableLengthDeserialization" time="0.001"/>
  <testcase name="The length should be encoded to the same header bytes" classname="com.github.traderjoe95.mls.protocol.codec.VariableLengthDeserialization" time="0.0"/>
  <testcase name="The header should be decoded to the same length" classname="com.github.traderjoe95.mls.protocol.codec.VariableLengthDeserialization" time="0.001"/>
  <testcase name="The length should be encoded to the same header bytes" classname="com.github.traderjoe95.mls.protocol.codec.VariableLengthDeserialization" time="0.0"/>
  <testcase name="The header should be decoded to the same length" classname="com.github.traderjoe95.mls.protocol.codec.VariableLengthDeserialization" time="0.001"/>
  <testcase name="The length should be encoded to the same header bytes" classname="com.github.traderjoe95.mls.protocol.codec.VariableLengthDeserialization" time="0.0"/>
  <testcase name="The header should be decoded to the same length" classname="com.github.traderjoe95.mls.protocol.codec.VariableLengthDeserialization" time="0.001"/>
  <testcase name="The length should be encoded to the same header bytes" classname="com.github.traderjoe95.mls.protocol.codec.VariableLengthDeserialization" time="0.001"/>
  <testcase name="The header should be decoded to the same length" classname="com.github.traderjoe95.mls.protocol.codec.VariableLengthDeserialization" time="0.001"/>
  <testcase name="The length should be encoded to the same header bytes" classname="com.github.traderjoe95.mls.protocol.codec.VariableLengthDeserialization" time="0.0"/>
  <testcase name="The header should be decoded to the same length" classname="com.github.traderjoe95.mls.protocol.codec.VariableLengthDeserialization" time="0.0"/>
  <testcase name="The length should be encoded to the same header bytes" classname="com.github.traderjoe95.mls.protocol.codec.VariableLengthDeserialization" time="0.0"/>
  <testcase name="The header should be decoded to the same length" classname="com.github.traderjoe95.mls.protocol.codec.VariableLengthDeserialization" time="0.001"/>
  <testcase name="The length should be encoded to the same header bytes" classname="com.github.traderjoe95.mls.protocol.codec.VariableLengthDeserialization" time="0.0"/>
  <testcase name="The header should be decoded to the same length" classname="com.github.traderjoe95.mls.protocol.codec.VariableLengthDeserialization" time="0.0"/>
  <testcase name="The length should be encoded to the same header bytes" classname="com.github.traderjoe95.mls.protocol.codec.VariableLengthDeserialization" time="0.0"/>
  <testcase name="The header should be decoded to the same length" classname="com.github.traderjoe95.mls.protocol.codec.VariableLengthDeserialization" time="0.0"/>
  <testcase name="The length should be encoded to the same header bytes" classname="com.github.traderjoe95.mls.protocol.codec.VariableLengthDeserialization" time="0.001"/>
  <testcase name="The header should be decoded to the same length" classname="com.github.traderjoe95.mls.protocol.codec.VariableLengthDeserialization" time="0.0"/>
  <testcase name="The length should be encoded to the same header bytes" classname="com.github.traderjoe95.mls.protocol.codec.VariableLengthDeserialization" time="0.0"/>
  <testcase name="The header should be decoded to the same length" classname="com.github.traderjoe95.mls.protocol.codec.VariableLengthDeserialization" time="0.001"/>
  <testcase name="The length should be encoded to the same header bytes" classname="com.github.traderjoe95.mls.protocol.codec.VariableLengthDeserialization" time="0.0"/>
  <testcase name="The header should be decoded to the same length" classname="com.github.traderjoe95.mls.protocol.codec.VariableLengthDeserialization" time="0.001"/>
  <testcase name="The length should be encoded to the same header bytes" classname="com.github.traderjoe95.mls.protocol.codec.VariableLengthDeserialization" time="0.0"/>
  <testcase name="The header should be decoded to the same length" classname="com.github.traderjoe95.mls.protocol.codec.VariableLengthDeserialization" time="0.001"/>
  <testcase name="The length should be encoded to the same header bytes" classname="com.github.traderjoe95.mls.protocol.codec.VariableLengthDeserialization" time="0.0"/>
  <testcase name="The header should be decoded to the same length" classname="com.github.traderjoe95.mls.protocol.codec.VariableLengthDeserialization" time="0.001"/>
  <testcase name="The length should be encoded to the same header bytes" classname="com.github.traderjoe95.mls.protocol.codec.VariableLengthDeserialization" time="0.001"/>
  <testcase name="The header should be decoded to the same length" classname="com.github.traderjoe95.mls.protocol.codec.VariableLengthDeserialization" time="0.0"/>
  <testcase name="The length should be encoded to the same header bytes" classname="com.github.traderjoe95.mls.protocol.codec.VariableLengthDeserialization" time="0.001"/>
  <testcase name="The header should be decoded to the same length" classname="com.github.traderjoe95.mls.protocol.codec.VariableLengthDeserialization" time="0.0"/>
  <testcase name="The length should be encoded to the same header bytes" classname="com.github.traderjoe95.mls.protocol.codec.VariableLengthDeserialization" time="0.001"/>
  <testcase name="The header should be decoded to the same length" classname="com.github.traderjoe95.mls.protocol.codec.VariableLengthDeserialization" time="0.0"/>
  <testcase name="The length should be encoded to the same header bytes" classname="com.github.traderjoe95.mls.protocol.codec.VariableLengthDeserialization" time="0.0"/>
  <testcase name="The header should be decoded to the same length" classname="com.github.traderjoe95.mls.protocol.codec.VariableLengthDeserialization" time="0.0"/>
  <testcase name="The length should be encoded to the same header bytes" classname="com.github.traderjoe95.mls.protocol.codec.VariableLengthDeserialization" time="0.0"/>
  <testcase name="The header should be decoded to the same length" classname="com.github.traderjoe95.mls.protocol.codec.VariableLengthDeserialization" time="0.0"/>
  <testcase name="The length should be encoded to the same header bytes" classname="com.github.traderjoe95.mls.protocol.codec.VariableLengthDeserialization" time="0.001"/>
  <testcase name="The header should be decoded to the same length" classname="com.github.traderjoe95.mls.protocol.codec.VariableLengthDeserialization" time="0.001"/>
  <testcase name="The length should be encoded to the same header bytes" classname="com.github.traderjoe95.mls.protocol.codec.VariableLengthDeserialization" time="0.0"/>
  <testcase name="The header should be decoded to the same length" classname="com.github.traderjoe95.mls.protocol.codec.VariableLengthDeserialization" time="0.0"/>
  <testcase name="The length should be encoded to the same header bytes" classname="com.github.traderjoe95.mls.protocol.codec.VariableLengthDeserialization" time="0.0"/>
  <testcase name="The header should be decoded to the same length" classname="com.github.traderjoe95.mls.protocol.codec.VariableLengthDeserialization" time="0.001"/>
  <testcase name="The length should be encoded to the same header bytes" classname="com.github.traderjoe95.mls.protocol.codec.VariableLengthDeserialization" time="0.001"/>
  <system-out><![CDATA[]]></system-out>
  <system-err><![CDATA[]]></system-err>
</testsuite>
