<?xml version="1.0" encoding="UTF-8"?>
<testsuite name="com.github.traderjoe95.mls.protocol.tree.TreeOperations" tests="216" skipped="0" failures="0" errors="0" timestamp="2024-03-25T12:32:40" hostname="ataleb-ThinkPad-X13-Gen-1" time="0.252">
  <properties/>
  <testcase name="should be able to decode the initial tree" classname="com.github.traderjoe95.mls.protocol.tree.TreeOperations" time="0.001"/>
  <testcase name="should produce the expected tree hash for the initial tree" classname="com.github.traderjoe95.mls.protocol.tree.TreeOperations" time="0.001"/>
  <testcase name="the tree should be as expected" classname="com.github.traderjoe95.mls.protocol.tree.TreeOperations" time="0.001"/>
  <testcase name="the tree hash should be as expected" classname="com.github.traderjoe95.mls.protocol.tree.TreeOperations" time="0.001"/>
  <testcase name="should be able to decode the initial tree" classname="com.github.traderjoe95.mls.protocol.tree.TreeOperations" time="0.0"/>
  <testcase name="should produce the expected tree hash for the initial tree" classname="com.github.traderjoe95.mls.protocol.tree.TreeOperations" time="0.0"/>
  <testcase name="the tree should be as expected" classname="com.github.traderjoe95.mls.protocol.tree.TreeOperations" time="0.0"/>
  <testcase name="the tree hash should be as expected" classname="com.github.traderjoe95.mls.protocol.tree.TreeOperations" time="0.0"/>
  <testcase name="should be able to decode the initial tree" classname="com.github.traderjoe95.mls.protocol.tree.TreeOperations" time="0.0"/>
  <testcase name="should produce the expected tree hash for the initial tree" classname="com.github.traderjoe95.mls.protocol.tree.TreeOperations" time="0.001"/>
  <testcase name="the tree should be as expected" classname="com.github.traderjoe95.mls.protocol.tree.TreeOperations" time="0.001"/>
  <testcase name="the tree hash should be as expected" classname="com.github.traderjoe95.mls.protocol.tree.TreeOperations" time="0.0"/>
  <testcase name="should be able to decode the initial tree" classname="com.github.traderjoe95.mls.protocol.tree.TreeOperations" time="0.0"/>
  <testcase name="should produce the expected tree hash for the initial tree" classname="com.github.traderjoe95.mls.protocol.tree.TreeOperations" time="0.0"/>
  <testcase name="the tree should be as expected" classname="com.github.traderjoe95.mls.protocol.tree.TreeOperations" time="0.0"/>
  <testcase name="the tree hash should be as expected" classname="com.github.traderjoe95.mls.protocol.tree.TreeOperations" time="0.0"/>
  <testcase name="should be able to decode the initial tree" classname="com.github.traderjoe95.mls.protocol.tree.TreeOperations" time="0.0"/>
  <testcase name="should produce the expected tree hash for the initial tree" classname="com.github.traderjoe95.mls.protocol.tree.TreeOperations" time="0.0"/>
  <testcase name="the tree should be as expected" classname="com.github.traderjoe95.mls.protocol.tree.TreeOperations" time="0.0"/>
  <testcase name="the tree hash should be as expected" classname="com.github.traderjoe95.mls.protocol.tree.TreeOperations" time="0.0"/>
  <testcase name="should be able to decode the initial tree" classname="com.github.traderjoe95.mls.protocol.tree.TreeOperations" time="0.0"/>
  <testcase name="should produce the expected tree hash for the initial tree" classname="com.github.traderjoe95.mls.protocol.tree.TreeOperations" time="0.0"/>
  <testcase name="the tree should be as expected" classname="com.github.traderjoe95.mls.protocol.tree.TreeOperations" time="0.0"/>
  <testcase name="the tree hash should be as expected" classname="com.github.traderjoe95.mls.protocol.tree.TreeOperations" time="0.0"/>
  <testcase name="should be able to decode the initial tree" classname="com.github.traderjoe95.mls.protocol.tree.TreeOperations" time="0.001"/>
  <testcase name="should produce the expected tree hash for the initial tree" classname="com.github.traderjoe95.mls.protocol.tree.TreeOperations" time="0.0"/>
  <testcase name="the tree should be as expected" classname="com.github.traderjoe95.mls.protocol.tree.TreeOperations" time="0.0"/>
  <testcase name="the tree hash should be as expected" classname="com.github.traderjoe95.mls.protocol.tree.TreeOperations" time="0.0"/>
  <testcase name="should be able to decode the initial tree" classname="com.github.traderjoe95.mls.protocol.tree.TreeOperations" time="0.001"/>
  <testcase name="should produce the expected tree hash for the initial tree" classname="com.github.traderjoe95.mls.protocol.tree.TreeOperations" time="0.0"/>
  <testcase name="the tree should be as expected" classname="com.github.traderjoe95.mls.protocol.tree.TreeOperations" time="0.0"/>
  <testcase name="the tree hash should be as expected" classname="com.github.traderjoe95.mls.protocol.tree.TreeOperations" time="0.0"/>
  <testcase name="should be able to decode the initial tree" classname="com.github.traderjoe95.mls.protocol.tree.TreeOperations" time="0.0"/>
  <testcase name="should produce the expected tree hash for the initial tree" classname="com.github.traderjoe95.mls.protocol.tree.TreeOperations" time="0.001"/>
  <testcase name="the tree should be as expected" classname="com.github.traderjoe95.mls.protocol.tree.TreeOperations" time="0.001"/>
  <testcase name="the tree hash should be as expected" classname="com.github.traderjoe95.mls.protocol.tree.TreeOperations" time="0.0"/>
  <testcase name="should be able to decode the initial tree" classname="com.github.traderjoe95.mls.protocol.tree.TreeOperations" time="0.0"/>
  <testcase name="should produce the expected tree hash for the initial tree" classname="com.github.traderjoe95.mls.protocol.tree.TreeOperations" time="0.0"/>
  <testcase name="the tree should be as expected" classname="com.github.traderjoe95.mls.protocol.tree.TreeOperations" time="0.0"/>
  <testcase name="the tree hash should be as expected" classname="com.github.traderjoe95.mls.protocol.tree.TreeOperations" time="0.0"/>
  <testcase name="should be able to decode the initial tree" classname="com.github.traderjoe95.mls.protocol.tree.TreeOperations" time="0.001"/>
  <testcase name="should produce the expected tree hash for the initial tree" classname="com.github.traderjoe95.mls.protocol.tree.TreeOperations" time="0.0"/>
  <testcase name="the tree should be as expected" classname="com.github.traderjoe95.mls.protocol.tree.TreeOperations" time="0.0"/>
  <testcase name="the tree hash should be as expected" classname="com.github.traderjoe95.mls.protocol.tree.TreeOperations" time="0.0"/>
  <testcase name="should be able to decode the initial tree" classname="com.github.traderjoe95.mls.protocol.tree.TreeOperations" time="0.0"/>
  <testcase name="should produce the expected tree hash for the initial tree" classname="com.github.traderjoe95.mls.protocol.tree.TreeOperations" time="0.0"/>
  <testcase name="the tree should be as expected" classname="com.github.traderjoe95.mls.protocol.tree.TreeOperations" time="0.0"/>
  <testcase name="the tree hash should be as expected" classname="com.github.traderjoe95.mls.protocol.tree.TreeOperations" time="0.001"/>
  <testcase name="should be able to decode the initial tree" classname="com.github.traderjoe95.mls.protocol.tree.TreeOperations" time="0.0"/>
  <testcase name="should produce the expected tree hash for the initial tree" classname="com.github.traderjoe95.mls.protocol.tree.TreeOperations" time="0.001"/>
  <testcase name="the tree should be as expected" classname="com.github.traderjoe95.mls.protocol.tree.TreeOperations" time="0.001"/>
  <testcase name="the tree hash should be as expected" classname="com.github.traderjoe95.mls.protocol.tree.TreeOperations" time="0.0"/>
  <testcase name="should be able to decode the initial tree" classname="com.github.traderjoe95.mls.protocol.tree.TreeOperations" time="0.0"/>
  <testcase name="should produce the expected tree hash for the initial tree" classname="com.github.traderjoe95.mls.protocol.tree.TreeOperations" time="0.0"/>
  <testcase name="the tree should be as expected" classname="com.github.traderjoe95.mls.protocol.tree.TreeOperations" time="0.0"/>
  <testcase name="the tree hash should be as expected" classname="com.github.traderjoe95.mls.protocol.tree.TreeOperations" time="0.001"/>
  <testcase name="should be able to decode the initial tree" classname="com.github.traderjoe95.mls.protocol.tree.TreeOperations" time="0.0"/>
  <testcase name="should produce the expected tree hash for the initial tree" classname="com.github.traderjoe95.mls.protocol.tree.TreeOperations" time="0.0"/>
  <testcase name="the tree should be as expected" classname="com.github.traderjoe95.mls.protocol.tree.TreeOperations" time="0.0"/>
  <testcase name="the tree hash should be as expected" classname="com.github.traderjoe95.mls.protocol.tree.TreeOperations" time="0.0"/>
  <testcase name="should be able to decode the initial tree" classname="com.github.traderjoe95.mls.protocol.tree.TreeOperations" time="0.0"/>
  <testcase name="should produce the expected tree hash for the initial tree" classname="com.github.traderjoe95.mls.protocol.tree.TreeOperations" time="0.001"/>
  <testcase name="the tree should be as expected" classname="com.github.traderjoe95.mls.protocol.tree.TreeOperations" time="0.001"/>
  <testcase name="the tree hash should be as expected" classname="com.github.traderjoe95.mls.protocol.tree.TreeOperations" time="0.0"/>
  <testcase name="should be able to decode the initial tree" classname="com.github.traderjoe95.mls.protocol.tree.TreeOperations" time="0.0"/>
  <testcase name="should produce the expected tree hash for the initial tree" classname="com.github.traderjoe95.mls.protocol.tree.TreeOperations" time="0.001"/>
  <testcase name="the tree should be as expected" classname="com.github.traderjoe95.mls.protocol.tree.TreeOperations" time="0.0"/>
  <testcase name="the tree hash should be as expected" classname="com.github.traderjoe95.mls.protocol.tree.TreeOperations" time="0.0"/>
  <testcase name="should be able to decode the initial tree" classname="com.github.traderjoe95.mls.protocol.tree.TreeOperations" time="0.0"/>
  <testcase name="should produce the expected tree hash for the initial tree" classname="com.github.traderjoe95.mls.protocol.tree.TreeOperations" time="0.0"/>
  <testcase name="the tree should be as expected" classname="com.github.traderjoe95.mls.protocol.tree.TreeOperations" time="0.0"/>
  <testcase name="the tree hash should be as expected" classname="com.github.traderjoe95.mls.protocol.tree.TreeOperations" time="0.0"/>
  <testcase name="should be able to decode the initial tree" classname="com.github.traderjoe95.mls.protocol.tree.TreeOperations" time="0.001"/>
  <testcase name="should produce the expected tree hash for the initial tree" classname="com.github.traderjoe95.mls.protocol.tree.TreeOperations" time="0.0"/>
  <testcase name="the tree should be as expected" classname="com.github.traderjoe95.mls.protocol.tree.TreeOperations" time="0.0"/>
  <testcase name="the tree hash should be as expected" classname="com.github.traderjoe95.mls.protocol.tree.TreeOperations" time="0.0"/>
  <testcase name="should be able to decode the initial tree" classname="com.github.traderjoe95.mls.protocol.tree.TreeOperations" time="0.0"/>
  <testcase name="should produce the expected tree hash for the initial tree" classname="com.github.traderjoe95.mls.protocol.tree.TreeOperations" time="0.0"/>
  <testcase name="the tree should be as expected" classname="com.github.traderjoe95.mls.protocol.tree.TreeOperations" time="0.0"/>
  <testcase name="the tree hash should be as expected" classname="com.github.traderjoe95.mls.protocol.tree.TreeOperations" time="0.001"/>
  <testcase name="should be able to decode the initial tree" classname="com.github.traderjoe95.mls.protocol.tree.TreeOperations" time="0.0"/>
  <testcase name="should produce the expected tree hash for the initial tree" classname="com.github.traderjoe95.mls.protocol.tree.TreeOperations" time="0.001"/>
  <testcase name="the tree should be as expected" classname="com.github.traderjoe95.mls.protocol.tree.TreeOperations" time="0.001"/>
  <testcase name="the tree hash should be as expected" classname="com.github.traderjoe95.mls.protocol.tree.TreeOperations" time="0.0"/>
  <testcase name="should be able to decode the initial tree" classname="com.github.traderjoe95.mls.protocol.tree.TreeOperations" time="0.0"/>
  <testcase name="should produce the expected tree hash for the initial tree" classname="com.github.traderjoe95.mls.protocol.tree.TreeOperations" time="0.001"/>
  <testcase name="the tree should be as expected" classname="com.github.traderjoe95.mls.protocol.tree.TreeOperations" time="0.0"/>
  <testcase name="the tree hash should be as expected" classname="com.github.traderjoe95.mls.protocol.tree.TreeOperations" time="0.001"/>
  <testcase name="should be able to decode the initial tree" classname="com.github.traderjoe95.mls.protocol.tree.TreeOperations" time="0.0"/>
  <testcase name="should produce the expected tree hash for the initial tree" classname="com.github.traderjoe95.mls.protocol.tree.TreeOperations" time="0.0"/>
  <testcase name="the tree should be as expected" classname="com.github.traderjoe95.mls.protocol.tree.TreeOperations" time="0.0"/>
  <testcase name="the tree hash should be as expected" classname="com.github.traderjoe95.mls.protocol.tree.TreeOperations" time="0.0"/>
  <testcase name="should be able to decode the initial tree" classname="com.github.traderjoe95.mls.protocol.tree.TreeOperations" time="0.001"/>
  <testcase name="should produce the expected tree hash for the initial tree" classname="com.github.traderjoe95.mls.protocol.tree.TreeOperations" time="0.0"/>
  <testcase name="the tree should be as expected" classname="com.github.traderjoe95.mls.protocol.tree.TreeOperations" time="0.0"/>
  <testcase name="the tree hash should be as expected" classname="com.github.traderjoe95.mls.protocol.tree.TreeOperations" time="0.0"/>
  <testcase name="should be able to decode the initial tree" classname="com.github.traderjoe95.mls.protocol.tree.TreeOperations" time="0.0"/>
  <testcase name="should produce the expected tree hash for the initial tree" classname="com.github.traderjoe95.mls.protocol.tree.TreeOperations" time="0.0"/>
  <testcase name="the tree should be as expected" classname="com.github.traderjoe95.mls.protocol.tree.TreeOperations" time="0.0"/>
  <testcase name="the tree hash should be as expected" classname="com.github.traderjoe95.mls.protocol.tree.TreeOperations" time="0.0"/>
  <testcase name="should be able to decode the initial tree" classname="com.github.traderjoe95.mls.protocol.tree.TreeOperations" time="0.0"/>
  <testcase name="should produce the expected tree hash for the initial tree" classname="com.github.traderjoe95.mls.protocol.tree.TreeOperations" time="0.001"/>
  <testcase name="the tree should be as expected" classname="com.github.traderjoe95.mls.protocol.tree.TreeOperations" time="0.001"/>
  <testcase name="the tree hash should be as expected" classname="com.github.traderjoe95.mls.protocol.tree.TreeOperations" time="0.0"/>
  <testcase name="should be able to decode the initial tree" classname="com.github.traderjoe95.mls.protocol.tree.TreeOperations" time="0.0"/>
  <testcase name="should produce the expected tree hash for the initial tree" classname="com.github.traderjoe95.mls.protocol.tree.TreeOperations" time="0.001"/>
  <testcase name="the tree should be as expected" classname="com.github.traderjoe95.mls.protocol.tree.TreeOperations" time="0.0"/>
  <testcase name="the tree hash should be as expected" classname="com.github.traderjoe95.mls.protocol.tree.TreeOperations" time="0.001"/>
  <testcase name="should be able to decode the initial tree" classname="com.github.traderjoe95.mls.protocol.tree.TreeOperations" time="0.0"/>
  <testcase name="should produce the expected tree hash for the initial tree" classname="com.github.traderjoe95.mls.protocol.tree.TreeOperations" time="0.0"/>
  <testcase name="the tree should be as expected" classname="com.github.traderjoe95.mls.protocol.tree.TreeOperations" time="0.0"/>
  <testcase name="the tree hash should be as expected" classname="com.github.traderjoe95.mls.protocol.tree.TreeOperations" time="0.001"/>
  <testcase name="should be able to decode the initial tree" classname="com.github.traderjoe95.mls.protocol.tree.TreeOperations" time="0.0"/>
  <testcase name="should produce the expected tree hash for the initial tree" classname="com.github.traderjoe95.mls.protocol.tree.TreeOperations" time="0.0"/>
  <testcase name="the tree should be as expected" classname="com.github.traderjoe95.mls.protocol.tree.TreeOperations" time="0.0"/>
  <testcase name="the tree hash should be as expected" classname="com.github.traderjoe95.mls.protocol.tree.TreeOperations" time="0.0"/>
  <testcase name="should be able to decode the initial tree" classname="com.github.traderjoe95.mls.protocol.tree.TreeOperations" time="0.001"/>
  <testcase name="should produce the expected tree hash for the initial tree" classname="com.github.traderjoe95.mls.protocol.tree.TreeOperations" time="0.0"/>
  <testcase name="the tree should be as expected" classname="com.github.traderjoe95.mls.protocol.tree.TreeOperations" time="0.0"/>
  <testcase name="the tree hash should be as expected" classname="com.github.traderjoe95.mls.protocol.tree.TreeOperations" time="0.0"/>
  <testcase name="should be able to decode the initial tree" classname="com.github.traderjoe95.mls.protocol.tree.TreeOperations" time="0.0"/>
  <testcase name="should produce the expected tree hash for the initial tree" classname="com.github.traderjoe95.mls.protocol.tree.TreeOperations" time="0.001"/>
  <testcase name="the tree should be as expected" classname="com.github.traderjoe95.mls.protocol.tree.TreeOperations" time="0.0"/>
  <testcase name="the tree hash should be as expected" classname="com.github.traderjoe95.mls.protocol.tree.TreeOperations" time="0.001"/>
  <testcase name="should be able to decode the initial tree" classname="com.github.traderjoe95.mls.protocol.tree.TreeOperations" time="0.0"/>
  <testcase name="should produce the expected tree hash for the initial tree" classname="com.github.traderjoe95.mls.protocol.tree.TreeOperations" time="0.0"/>
  <testcase name="the tree should be as expected" classname="com.github.traderjoe95.mls.protocol.tree.TreeOperations" time="0.0"/>
  <testcase name="the tree hash should be as expected" classname="com.github.traderjoe95.mls.protocol.tree.TreeOperations" time="0.0"/>
  <testcase name="should be able to decode the initial tree" classname="com.github.traderjoe95.mls.protocol.tree.TreeOperations" time="0.001"/>
  <testcase name="should produce the expected tree hash for the initial tree" classname="com.github.traderjoe95.mls.protocol.tree.TreeOperations" time="0.0"/>
  <testcase name="the tree should be as expected" classname="com.github.traderjoe95.mls.protocol.tree.TreeOperations" time="0.0"/>
  <testcase name="the tree hash should be as expected" classname="com.github.traderjoe95.mls.protocol.tree.TreeOperations" time="0.0"/>
  <testcase name="should be able to decode the initial tree" classname="com.github.traderjoe95.mls.protocol.tree.TreeOperations" time="0.0"/>
  <testcase name="should produce the expected tree hash for the initial tree" classname="com.github.traderjoe95.mls.protocol.tree.TreeOperations" time="0.0"/>
  <testcase name="the tree should be as expected" classname="com.github.traderjoe95.mls.protocol.tree.TreeOperations" time="0.0"/>
  <testcase name="the tree hash should be as expected" classname="com.github.traderjoe95.mls.protocol.tree.TreeOperations" time="0.0"/>
  <testcase name="should be able to decode the initial tree" classname="com.github.traderjoe95.mls.protocol.tree.TreeOperations" time="0.0"/>
  <testcase name="should produce the expected tree hash for the initial tree" classname="com.github.traderjoe95.mls.protocol.tree.TreeOperations" time="0.0"/>
  <testcase name="the tree should be as expected" classname="com.github.traderjoe95.mls.protocol.tree.TreeOperations" time="0.0"/>
  <testcase name="the tree hash should be as expected" classname="com.github.traderjoe95.mls.protocol.tree.TreeOperations" time="0.001"/>
  <testcase name="should be able to decode the initial tree" classname="com.github.traderjoe95.mls.protocol.tree.TreeOperations" time="0.0"/>
  <testcase name="should produce the expected tree hash for the initial tree" classname="com.github.traderjoe95.mls.protocol.tree.TreeOperations" time="0.0"/>
  <testcase name="the tree should be as expected" classname="com.github.traderjoe95.mls.protocol.tree.TreeOperations" time="0.0"/>
  <testcase name="the tree hash should be as expected" classname="com.github.traderjoe95.mls.protocol.tree.TreeOperations" time="0.0"/>
  <testcase name="should be able to decode the initial tree" classname="com.github.traderjoe95.mls.protocol.tree.TreeOperations" time="0.001"/>
  <testcase name="should produce the expected tree hash for the initial tree" classname="com.github.traderjoe95.mls.protocol.tree.TreeOperations" time="0.0"/>
  <testcase name="the tree should be as expected" classname="com.github.traderjoe95.mls.protocol.tree.TreeOperations" time="0.0"/>
  <testcase name="the tree hash should be as expected" classname="com.github.traderjoe95.mls.protocol.tree.TreeOperations" time="0.0"/>
  <testcase name="should be able to decode the initial tree" classname="com.github.traderjoe95.mls.protocol.tree.TreeOperations" time="0.001"/>
  <testcase name="should produce the expected tree hash for the initial tree" classname="com.github.traderjoe95.mls.protocol.tree.TreeOperations" time="0.0"/>
  <testcase name="the tree should be as expected" classname="com.github.traderjoe95.mls.protocol.tree.TreeOperations" time="0.0"/>
  <testcase name="the tree hash should be as expected" classname="com.github.traderjoe95.mls.protocol.tree.TreeOperations" time="0.0"/>
  <testcase name="should be able to decode the initial tree" classname="com.github.traderjoe95.mls.protocol.tree.TreeOperations" time="0.001"/>
  <testcase name="should produce the expected tree hash for the initial tree" classname="com.github.traderjoe95.mls.protocol.tree.TreeOperations" time="0.0"/>
  <testcase name="the tree should be as expected" classname="com.github.traderjoe95.mls.protocol.tree.TreeOperations" time="0.001"/>
  <testcase name="the tree hash should be as expected" classname="com.github.traderjoe95.mls.protocol.tree.TreeOperations" time="0.0"/>
  <testcase name="should be able to decode the initial tree" classname="com.github.traderjoe95.mls.protocol.tree.TreeOperations" time="0.0"/>
  <testcase name="should produce the expected tree hash for the initial tree" classname="com.github.traderjoe95.mls.protocol.tree.TreeOperations" time="0.0"/>
  <testcase name="the tree should be as expected" classname="com.github.traderjoe95.mls.protocol.tree.TreeOperations" time="0.0"/>
  <testcase name="the tree hash should be as expected" classname="com.github.traderjoe95.mls.protocol.tree.TreeOperations" time="0.0"/>
  <testcase name="should be able to decode the initial tree" classname="com.github.traderjoe95.mls.protocol.tree.TreeOperations" time="0.0"/>
  <testcase name="should produce the expected tree hash for the initial tree" classname="com.github.traderjoe95.mls.protocol.tree.TreeOperations" time="0.001"/>
  <testcase name="the tree should be as expected" classname="com.github.traderjoe95.mls.protocol.tree.TreeOperations" time="0.001"/>
  <testcase name="the tree hash should be as expected" classname="com.github.traderjoe95.mls.protocol.tree.TreeOperations" time="0.0"/>
  <testcase name="should be able to decode the initial tree" classname="com.github.traderjoe95.mls.protocol.tree.TreeOperations" time="0.0"/>
  <testcase name="should produce the expected tree hash for the initial tree" classname="com.github.traderjoe95.mls.protocol.tree.TreeOperations" time="0.001"/>
  <testcase name="the tree should be as expected" classname="com.github.traderjoe95.mls.protocol.tree.TreeOperations" time="0.001"/>
  <testcase name="the tree hash should be as expected" classname="com.github.traderjoe95.mls.protocol.tree.TreeOperations" time="0.0"/>
  <testcase name="should be able to decode the initial tree" classname="com.github.traderjoe95.mls.protocol.tree.TreeOperations" time="0.0"/>
  <testcase name="should produce the expected tree hash for the initial tree" classname="com.github.traderjoe95.mls.protocol.tree.TreeOperations" time="0.0"/>
  <testcase name="the tree should be as expected" classname="com.github.traderjoe95.mls.protocol.tree.TreeOperations" time="0.0"/>
  <testcase name="the tree hash should be as expected" classname="com.github.traderjoe95.mls.protocol.tree.TreeOperations" time="0.0"/>
  <testcase name="should be able to decode the initial tree" classname="com.github.traderjoe95.mls.protocol.tree.TreeOperations" time="0.0"/>
  <testcase name="should produce the expected tree hash for the initial tree" classname="com.github.traderjoe95.mls.protocol.tree.TreeOperations" time="0.001"/>
  <testcase name="the tree should be as expected" classname="com.github.traderjoe95.mls.protocol.tree.TreeOperations" time="0.0"/>
  <testcase name="the tree hash should be as expected" classname="com.github.traderjoe95.mls.protocol.tree.TreeOperations" time="0.0"/>
  <testcase name="should be able to decode the initial tree" classname="com.github.traderjoe95.mls.protocol.tree.TreeOperations" time="0.0"/>
  <testcase name="should produce the expected tree hash for the initial tree" classname="com.github.traderjoe95.mls.protocol.tree.TreeOperations" time="0.0"/>
  <testcase name="the tree should be as expected" classname="com.github.traderjoe95.mls.protocol.tree.TreeOperations" time="0.0"/>
  <testcase name="the tree hash should be as expected" classname="com.github.traderjoe95.mls.protocol.tree.TreeOperations" time="0.0"/>
  <testcase name="should be able to decode the initial tree" classname="com.github.traderjoe95.mls.protocol.tree.TreeOperations" time="0.0"/>
  <testcase name="should produce the expected tree hash for the initial tree" classname="com.github.traderjoe95.mls.protocol.tree.TreeOperations" time="0.001"/>
  <testcase name="the tree should be as expected" classname="com.github.traderjoe95.mls.protocol.tree.TreeOperations" time="0.0"/>
  <testcase name="the tree hash should be as expected" classname="com.github.traderjoe95.mls.protocol.tree.TreeOperations" time="0.0"/>
  <testcase name="should be able to decode the initial tree" classname="com.github.traderjoe95.mls.protocol.tree.TreeOperations" time="0.0"/>
  <testcase name="should produce the expected tree hash for the initial tree" classname="com.github.traderjoe95.mls.protocol.tree.TreeOperations" time="0.001"/>
  <testcase name="the tree should be as expected" classname="com.github.traderjoe95.mls.protocol.tree.TreeOperations" time="0.0"/>
  <testcase name="the tree hash should be as expected" classname="com.github.traderjoe95.mls.protocol.tree.TreeOperations" time="0.0"/>
  <testcase name="should be able to decode the initial tree" classname="com.github.traderjoe95.mls.protocol.tree.TreeOperations" time="0.0"/>
  <testcase name="should produce the expected tree hash for the initial tree" classname="com.github.traderjoe95.mls.protocol.tree.TreeOperations" time="0.001"/>
  <testcase name="the tree should be as expected" classname="com.github.traderjoe95.mls.protocol.tree.TreeOperations" time="0.001"/>
  <testcase name="the tree hash should be as expected" classname="com.github.traderjoe95.mls.protocol.tree.TreeOperations" time="0.0"/>
  <testcase name="should be able to decode the initial tree" classname="com.github.traderjoe95.mls.protocol.tree.TreeOperations" time="0.0"/>
  <testcase name="should produce the expected tree hash for the initial tree" classname="com.github.traderjoe95.mls.protocol.tree.TreeOperations" time="0.001"/>
  <testcase name="the tree should be as expected" classname="com.github.traderjoe95.mls.protocol.tree.TreeOperations" time="0.001"/>
  <testcase name="the tree hash should be as expected" classname="com.github.traderjoe95.mls.protocol.tree.TreeOperations" time="0.0"/>
  <testcase name="should be able to decode the initial tree" classname="com.github.traderjoe95.mls.protocol.tree.TreeOperations" time="0.0"/>
  <testcase name="should produce the expected tree hash for the initial tree" classname="com.github.traderjoe95.mls.protocol.tree.TreeOperations" time="0.001"/>
  <testcase name="the tree should be as expected" classname="com.github.traderjoe95.mls.protocol.tree.TreeOperations" time="0.0"/>
  <testcase name="the tree hash should be as expected" classname="com.github.traderjoe95.mls.protocol.tree.TreeOperations" time="0.001"/>
  <testcase name="should be able to decode the initial tree" classname="com.github.traderjoe95.mls.protocol.tree.TreeOperations" time="0.001"/>
  <testcase name="should produce the expected tree hash for the initial tree" classname="com.github.traderjoe95.mls.protocol.tree.TreeOperations" time="0.0"/>
  <testcase name="the tree should be as expected" classname="com.github.traderjoe95.mls.protocol.tree.TreeOperations" time="0.0"/>
  <testcase name="the tree hash should be as expected" classname="com.github.traderjoe95.mls.protocol.tree.TreeOperations" time="0.0"/>
  <testcase name="should be able to decode the initial tree" classname="com.github.traderjoe95.mls.protocol.tree.TreeOperations" time="0.0"/>
  <testcase name="should produce the expected tree hash for the initial tree" classname="com.github.traderjoe95.mls.protocol.tree.TreeOperations" time="0.001"/>
  <testcase name="the tree should be as expected" classname="com.github.traderjoe95.mls.protocol.tree.TreeOperations" time="0.001"/>
  <testcase name="the tree hash should be as expected" classname="com.github.traderjoe95.mls.protocol.tree.TreeOperations" time="0.0"/>
  <testcase name="should be able to decode the initial tree" classname="com.github.traderjoe95.mls.protocol.tree.TreeOperations" time="0.0"/>
  <testcase name="should produce the expected tree hash for the initial tree" classname="com.github.traderjoe95.mls.protocol.tree.TreeOperations" time="0.001"/>
  <testcase name="the tree should be as expected" classname="com.github.traderjoe95.mls.protocol.tree.TreeOperations" time="0.0"/>
  <testcase name="the tree hash should be as expected" classname="com.github.traderjoe95.mls.protocol.tree.TreeOperations" time="0.0"/>
  <testcase name="should be able to decode the initial tree" classname="com.github.traderjoe95.mls.protocol.tree.TreeOperations" time="0.0"/>
  <testcase name="should produce the expected tree hash for the initial tree" classname="com.github.traderjoe95.mls.protocol.tree.TreeOperations" time="0.001"/>
  <testcase name="the tree should be as expected" classname="com.github.traderjoe95.mls.protocol.tree.TreeOperations" time="0.0"/>
  <testcase name="the tree hash should be as expected" classname="com.github.traderjoe95.mls.protocol.tree.TreeOperations" time="0.0"/>
  <system-out><![CDATA[]]></system-out>
  <system-err><![CDATA[]]></system-err>
</testsuite>
