<?xml version="1.0" encoding="UTF-8"?>
<testsuite name="com.github.traderjoe95.mls.protocol.tree.TreeKem" tests="19236" skipped="0" failures="0" errors="0" timestamp="2024-03-25T12:31:52" hostname="ataleb-ThinkPad-X13-Gen-1" time="40.827">
  <properties/>
  <testcase name="non-blank leaf 0 should be consistent with the public state" classname="com.github.traderjoe95.mls.protocol.tree.TreeKem" time="0.001"/>
  <testcase name="non-blank leaf 1 should be consistent with the public state" classname="com.github.traderjoe95.mls.protocol.tree.TreeKem" time="0.001"/>
  <testcase name="the update path should be parent-hash valid" classname="com.github.traderjoe95.mls.protocol.tree.TreeKem" time="0.0"/>
  <testcase name="the tree hash after merging the update path should be e90f531363f40f04a0e5207e4fcdad46fb9398ca2c208eee1c198ea3e73876c5" classname="com.github.traderjoe95.mls.protocol.tree.TreeKem" time="0.0"/>
  <testcase name="the decrypted path secret should be e8608097b9da1863d6a6b540542af95b96ab95bcd9a9c04763313b61c2c99d44" classname="com.github.traderjoe95.mls.protocol.tree.TreeKem" time="0.0"/>
  <testcase name="a new update path generated by the sender should be successfully processed" classname="com.github.traderjoe95.mls.protocol.tree.TreeKem" time="0.0"/>
  <testcase name="the update path should be parent-hash valid" classname="com.github.traderjoe95.mls.protocol.tree.TreeKem" time="0.0"/>
  <testcase name="the tree hash after merging the update path should be ad926d28a9ceaa99e24f66d289098f87d52965f7c903804a833cfa0dfc0d711c" classname="com.github.traderjoe95.mls.protocol.tree.TreeKem" time="0.0"/>
  <testcase name="the decrypted path secret should be 482f034750eac133955a4b06f9907e221c4f7dcde23cd44839d939e74845d5b6" classname="com.github.traderjoe95.mls.protocol.tree.TreeKem" time="0.0"/>
  <testcase name="a new update path generated by the sender should be successfully processed" classname="com.github.traderjoe95.mls.protocol.tree.TreeKem" time="0.0"/>
  <testcase name="non-blank leaf 0 should be consistent with the public state" classname="com.github.traderjoe95.mls.protocol.tree.TreeKem" time="0.001"/>
  <testcase name="non-blank leaf 1 should be consistent with the public state" classname="com.github.traderjoe95.mls.protocol.tree.TreeKem" time="0.001"/>
  <testcase name="non-blank leaf 2 should be consistent with the public state" classname="com.github.traderjoe95.mls.protocol.tree.TreeKem" time="0.0"/>
  <testcase name="the update path should be parent-hash valid" classname="com.github.traderjoe95.mls.protocol.tree.TreeKem" time="0.0"/>
  <testcase name="the tree hash after merging the update path should be ca878f47a9c9dc41548f1abf08a5f28883c31b372f088a101b44ca3f35480257" classname="com.github.traderjoe95.mls.protocol.tree.TreeKem" time="0.001"/>
  <testcase name="the decrypted path secret should be e8608097b9da1863d6a6b540542af95b96ab95bcd9a9c04763313b61c2c99d44" classname="com.github.traderjoe95.mls.protocol.tree.TreeKem" time="0.001"/>
  <testcase name="a new update path generated by the sender should be successfully processed" classname="com.github.traderjoe95.mls.protocol.tree.TreeKem" time="0.001"/>
  <testcase name="the update path should be parent-hash valid" classname="com.github.traderjoe95.mls.protocol.tree.TreeKem" time="0.0"/>
  <testcase name="the tree hash after merging the update path should be ca878f47a9c9dc41548f1abf08a5f28883c31b372f088a101b44ca3f35480257" classname="com.github.traderjoe95.mls.protocol.tree.TreeKem" time="0.001"/>
  <testcase name="the decrypted path secret should be 5ccc25c82569cc9731283abbdb9265187c17503e6f9c4ba2484a9e210e83f5a3" classname="com.github.traderjoe95.mls.protocol.tree.TreeKem" time="0.0"/>
  <testcase name="a new update path generated by the sender should be successfully processed" classname="com.github.traderjoe95.mls.protocol.tree.TreeKem" time="0.001"/>
  <testcase name="the update path should be parent-hash valid" classname="com.github.traderjoe95.mls.protocol.tree.TreeKem" time="0.0"/>
  <testcase name="the tree hash after merging the update path should be 8f47f28dad256efca060bfa473064ae5ae62cc1a30b2411910c5029a6c4d7330" classname="com.github.traderjoe95.mls.protocol.tree.TreeKem" time="0.0"/>
  <testcase name="the decrypted path secret should be 482f034750eac133955a4b06f9907e221c4f7dcde23cd44839d939e74845d5b6" classname="com.github.traderjoe95.mls.protocol.tree.TreeKem" time="0.0"/>
  <testcase name="a new update path generated by the sender should be successfully processed" classname="com.github.traderjoe95.mls.protocol.tree.TreeKem" time="0.0"/>
  <testcase name="the update path should be parent-hash valid" classname="com.github.traderjoe95.mls.protocol.tree.TreeKem" time="0.0"/>
  <testcase name="the tree hash after merging the update path should be 8f47f28dad256efca060bfa473064ae5ae62cc1a30b2411910c5029a6c4d7330" classname="com.github.traderjoe95.mls.protocol.tree.TreeKem" time="0.0"/>
  <testcase name="the decrypted path secret should be 4179fbbca043d7139726430d976a623eac87a9d18bfee7227f2c4d54c16d041e" classname="com.github.traderjoe95.mls.protocol.tree.TreeKem" time="0.0"/>
  <testcase name="a new update path generated by the sender should be successfully processed" classname="com.github.traderjoe95.mls.protocol.tree.TreeKem" time="0.0"/>
  <testcase name="the update path should be parent-hash valid" classname="com.github.traderjoe95.mls.protocol.tree.TreeKem" time="0.0"/>
  <testcase name="the tree hash after merging the update path should be 485893698b0653aaf09945423a842250dc77680f4bbc0e0ac8f5369d0d6ca8c6" classname="com.github.traderjoe95.mls.protocol.tree.TreeKem" time="0.0"/>
  <testcase name="the decrypted path secret should be 65ed1479842ad410d32092f6073db017eac8827be3c47d169f742a167755cbeb" classname="com.github.traderjoe95.mls.protocol.tree.TreeKem" time="0.0"/>
  <testcase name="a new update path generated by the sender should be successfully processed" classname="com.github.traderjoe95.mls.protocol.tree.TreeKem" time="0.001"/>
  <testcase name="the update path should be parent-hash valid" classname="com.github.traderjoe95.mls.protocol.tree.TreeKem" time="0.0"/>
  <testcase name="the tree hash after merging the update path should be 485893698b0653aaf09945423a842250dc77680f4bbc0e0ac8f5369d0d6ca8c6" classname="com.github.traderjoe95.mls.protocol.tree.TreeKem" time="0.001"/>
  <testcase name="the decrypted path secret should be 65ed1479842ad410d32092f6073db017eac8827be3c47d169f742a167755cbeb" classname="com.github.traderjoe95.mls.protocol.tree.TreeKem" time="0.001"/>
  <testcase name="a new update path generated by the sender should be successfully processed" classname="com.github.traderjoe95.mls.protocol.tree.TreeKem" time="0.0"/>
  <testcase name="non-blank leaf 0 should be consistent with the public state" classname="com.github.traderjoe95.mls.protocol.tree.TreeKem" time="0.0"/>
  <testcase name="non-blank leaf 1 should be consistent with the public state" classname="com.github.traderjoe95.mls.protocol.tree.TreeKem" time="0.001"/>
  <testcase name="non-blank leaf 2 should be consistent with the public state" classname="com.github.traderjoe95.mls.protocol.tree.TreeKem" time="0.0"/>
  <testcase name="non-blank leaf 3 should be consistent with the public state" classname="com.github.traderjoe95.mls.protocol.tree.TreeKem" time="0.0"/>
  <testcase name="the update path should be parent-hash valid" classname="com.github.traderjoe95.mls.protocol.tree.TreeKem" time="0.0"/>
  <testcase name="the tree hash after merging the update path should be 1fe40de697347712836f9957ea0bd58edf52ceac2bfbf098547f3d38d0209a70" classname="com.github.traderjoe95.mls.protocol.tree.TreeKem" time="0.001"/>
  <testcase name="the decrypted path secret should be e8608097b9da1863d6a6b540542af95b96ab95bcd9a9c04763313b61c2c99d44" classname="com.github.traderjoe95.mls.protocol.tree.TreeKem" time="0.0"/>
  <testcase name="a new update path generated by the sender should be successfully processed" classname="com.github.traderjoe95.mls.protocol.tree.TreeKem" time="0.001"/>
  <testcase name="the update path should be parent-hash valid" classname="com.github.traderjoe95.mls.protocol.tree.TreeKem" time="0.001"/>
  <testcase name="the tree hash after merging the update path should be 1fe40de697347712836f9957ea0bd58edf52ceac2bfbf098547f3d38d0209a70" classname="com.github.traderjoe95.mls.protocol.tree.TreeKem" time="0.0"/>
  <testcase name="the decrypted path secret should be 5ccc25c82569cc9731283abbdb9265187c17503e6f9c4ba2484a9e210e83f5a3" classname="com.github.traderjoe95.mls.protocol.tree.TreeKem" time="0.0"/>
  <testcase name="a new update path generated by the sender should be successfully processed" classname="com.github.traderjoe95.mls.protocol.tree.TreeKem" time="0.0"/>
  <testcase name="the update path should be parent-hash valid" classname="com.github.traderjoe95.mls.protocol.tree.TreeKem" time="0.0"/>
  <testcase name="the tree hash after merging the update path should be 1fe40de697347712836f9957ea0bd58edf52ceac2bfbf098547f3d38d0209a70" classname="com.github.traderjoe95.mls.protocol.tree.TreeKem" time="0.0"/>
  <testcase name="the decrypted path secret should be 5ccc25c82569cc9731283abbdb9265187c17503e6f9c4ba2484a9e210e83f5a3" classname="com.github.traderjoe95.mls.protocol.tree.TreeKem" time="0.0"/>
  <testcase name="a new update path generated by the sender should be successfully processed" classname="com.github.traderjoe95.mls.protocol.tree.TreeKem" time="0.0"/>
  <testcase name="the update path should be parent-hash valid" classname="com.github.traderjoe95.mls.protocol.tree.TreeKem" time="0.0"/>
  <testcase name="the tree hash after merging the update path should be ba637d026eb01f2e76dbcc96c3d2fa935d1e87d300e7ed9f552d180058f78501" classname="com.github.traderjoe95.mls.protocol.tree.TreeKem" time="0.0"/>
  <testcase name="the decrypted path secret should be 482f034750eac133955a4b06f9907e221c4f7dcde23cd44839d939e74845d5b6" classname="com.github.traderjoe95.mls.protocol.tree.TreeKem" time="0.0"/>
  <testcase name="a new update path generated by the sender should be successfully processed" classname="com.github.traderjoe95.mls.protocol.tree.TreeKem" time="0.001"/>
  <testcase name="the update path should be parent-hash valid" classname="com.github.traderjoe95.mls.protocol.tree.TreeKem" time="0.0"/>
  <testcase name="the tree hash after merging the update path should be ba637d026eb01f2e76dbcc96c3d2fa935d1e87d300e7ed9f552d180058f78501" classname="com.github.traderjoe95.mls.protocol.tree.TreeKem" time="0.001"/>
  <testcase name="the decrypted path secret should be 4179fbbca043d7139726430d976a623eac87a9d18bfee7227f2c4d54c16d041e" classname="com.github.traderjoe95.mls.protocol.tree.TreeKem" time="0.0"/>
  <testcase name="a new update path generated by the sender should be successfully processed" classname="com.github.traderjoe95.mls.protocol.tree.TreeKem" time="0.0"/>
  <testcase name="the update path should be parent-hash valid" classname="com.github.traderjoe95.mls.protocol.tree.TreeKem" time="0.001"/>
  <testcase name="the tree hash after merging the update path should be ba637d026eb01f2e76dbcc96c3d2fa935d1e87d300e7ed9f552d180058f78501" classname="com.github.traderjoe95.mls.protocol.tree.TreeKem" time="0.0"/>
  <testcase name="the decrypted path secret should be 4179fbbca043d7139726430d976a623eac87a9d18bfee7227f2c4d54c16d041e" classname="com.github.traderjoe95.mls.protocol.tree.TreeKem" time="0.0"/>
  <testcase name="a new update path generated by the sender should be successfully processed" classname="com.github.traderjoe95.mls.protocol.tree.TreeKem" time="0.001"/>
  <testcase name="the update path should be parent-hash valid" classname="com.github.traderjoe95.mls.protocol.tree.TreeKem" time="0.001"/>
  <testcase name="the tree hash after merging the update path should be 2b065d61a081a08bad0c264fd0acb42f2c7576559dd06d70abf489f5d82b35f2" classname="com.github.traderjoe95.mls.protocol.tree.TreeKem" time="0.0"/>
  <testcase name="the decrypted path secret should be 31b55d9f7db7c7e5b7f1c91517029fb661d7379735b8aab5d942b8bb86af38d8" classname="com.github.traderjoe95.mls.protocol.tree.TreeKem" time="0.001"/>
  <testcase name="a new update path generated by the sender should be successfully processed" classname="com.github.traderjoe95.mls.protocol.tree.TreeKem" time="0.001"/>
  <testcase name="the update path should be parent-hash valid" classname="com.github.traderjoe95.mls.protocol.tree.TreeKem" time="0.001"/>
  <testcase name="the tree hash after merging the update path should be 2b065d61a081a08bad0c264fd0acb42f2c7576559dd06d70abf489f5d82b35f2" classname="com.github.traderjoe95.mls.protocol.tree.TreeKem" time="0.0"/>
  <testcase name="the decrypted path secret should be 31b55d9f7db7c7e5b7f1c91517029fb661d7379735b8aab5d942b8bb86af38d8" classname="com.github.traderjoe95.mls.protocol.tree.TreeKem" time="0.001"/>
  <testcase name="a new update path generated by the sender should be successfully processed" classname="com.github.traderjoe95.mls.protocol.tree.TreeKem" time="0.001"/>
  <testcase name="the update path should be parent-hash valid" classname="com.github.traderjoe95.mls.protocol.tree.TreeKem" time="0.0"/>
  <testcase name="the tree hash after merging the update path should be 2b065d61a081a08bad0c264fd0acb42f2c7576559dd06d70abf489f5d82b35f2" classname="com.github.traderjoe95.mls.protocol.tree.TreeKem" time="0.0"/>
  <testcase name="the decrypted path secret should be 65ed1479842ad410d32092f6073db017eac8827be3c47d169f742a167755cbeb" classname="com.github.traderjoe95.mls.protocol.tree.TreeKem" time="0.0"/>
  <testcase name="a new update path generated by the sender should be successfully processed" classname="com.github.traderjoe95.mls.protocol.tree.TreeKem" time="0.001"/>
  <testcase name="the update path should be parent-hash valid" classname="com.github.traderjoe95.mls.protocol.tree.TreeKem" time="0.001"/>
  <testcase name="the tree hash after merging the update path should be 7655f9d9bb86ad7d509f3b14737508dcf7264ebaae24ee4067a8953e5be64ffe" classname="com.github.traderjoe95.mls.protocol.tree.TreeKem" time="0.0"/>
  <testcase name="the decrypted path secret should be d9d2c5ebe714ab7fafa2d4f6d9b1c8b4e81ca48ac6057e2cbe189042e591e64d" classname="com.github.traderjoe95.mls.protocol.tree.TreeKem" time="0.0"/>
  <testcase name="a new update path generated by the sender should be successfully processed" classname="com.github.traderjoe95.mls.protocol.tree.TreeKem" time="0.0"/>
  <testcase name="the update path should be parent-hash valid" classname="com.github.traderjoe95.mls.protocol.tree.TreeKem" time="0.001"/>
  <testcase name="the tree hash after merging the update path should be 7655f9d9bb86ad7d509f3b14737508dcf7264ebaae24ee4067a8953e5be64ffe" classname="com.github.traderjoe95.mls.protocol.tree.TreeKem" time="0.0"/>
  <testcase name="the decrypted path secret should be d9d2c5ebe714ab7fafa2d4f6d9b1c8b4e81ca48ac6057e2cbe189042e591e64d" classname="com.github.traderjoe95.mls.protocol.tree.TreeKem" time="0.0"/>
  <testcase name="a new update path generated by the sender should be successfully processed" classname="com.github.traderjoe95.mls.protocol.tree.TreeKem" time="0.0"/>
  <testcase name="the update path should be parent-hash valid" classname="com.github.traderjoe95.mls.protocol.tree.TreeKem" time="0.0"/>
  <testcase name="the tree hash after merging the update path should be 7655f9d9bb86ad7d509f3b14737508dcf7264ebaae24ee4067a8953e5be64ffe" classname="com.github.traderjoe95.mls.protocol.tree.TreeKem" time="0.0"/>
  <testcase name="the decrypted path secret should be 47043ea1e2961b2a5dd3aaa9f4f01bbc4a52ce153a88c31de1d105466f788ffc" classname="com.github.traderjoe95.mls.protocol.tree.TreeKem" time="0.0"/>
  <testcase name="a new update path generated by the sender should be successfully processed" classname="com.github.traderjoe95.mls.protocol.tree.TreeKem" time="0.001"/>
  <testcase name="non-blank leaf 0 should be consistent with the public state" classname="com.github.traderjoe95.mls.protocol.tree.TreeKem" time="0.001"/>
  <testcase name="non-blank leaf 1 should be consistent with the public state" classname="com.github.traderjoe95.mls.protocol.tree.TreeKem" time="0.001"/>
  <testcase name="non-blank leaf 2 should be consistent with the public state" classname="com.github.traderjoe95.mls.protocol.tree.TreeKem" time="0.001"/>
  <testcase name="non-blank leaf 3 should be consistent with the public state" classname="com.github.traderjoe95.mls.protocol.tree.TreeKem" time="0.0"/>
  <testcase name="non-blank leaf 4 should be consistent with the public state" classname="com.github.traderjoe95.mls.protocol.tree.TreeKem" time="0.0"/>
  <testcase name="the update path should be parent-hash valid" classname="com.github.traderjoe95.mls.protocol.tree.TreeKem" time="0.0"/>
  <testcase name="the tree hash after merging the update path should be 21502d28ad7991404bfb03a60e4a3331c53149b53cd4e055bbc8339b7d4b3449" classname="com.github.traderjoe95.mls.protocol.tree.TreeKem" time="0.0"/>
  <testcase name="the decrypted path secret should be e8608097b9da1863d6a6b540542af95b96ab95bcd9a9c04763313b61c2c99d44" classname="com.github.traderjoe95.mls.protocol.tree.TreeKem" time="0.001"/>
  <testcase name="a new update path generated by the sender should be successfully processed" classname="com.github.traderjoe95.mls.protocol.tree.TreeKem" time="0.001"/>
  <testcase name="the update path should be parent-hash valid" classname="com.github.traderjoe95.mls.protocol.tree.TreeKem" time="0.0"/>
  <testcase name="the tree hash after merging the update path should be 21502d28ad7991404bfb03a60e4a3331c53149b53cd4e055bbc8339b7d4b3449" classname="com.github.traderjoe95.mls.protocol.tree.TreeKem" time="0.0"/>
  <testcase name="the decrypted path secret should be 5ccc25c82569cc9731283abbdb9265187c17503e6f9c4ba2484a9e210e83f5a3" classname="com.github.traderjoe95.mls.protocol.tree.TreeKem" time="0.001"/>
  <testcase name="a new update path generated by the sender should be successfully processed" classname="com.github.traderjoe95.mls.protocol.tree.TreeKem" time="0.001"/>
  <testcase name="the update path should be parent-hash valid" classname="com.github.traderjoe95.mls.protocol.tree.TreeKem" time="0.0"/>
  <testcase name="the tree hash after merging the update path should be 21502d28ad7991404bfb03a60e4a3331c53149b53cd4e055bbc8339b7d4b3449" classname="com.github.traderjoe95.mls.protocol.tree.TreeKem" time="0.001"/>
  <testcase name="the decrypted path secret should be 5ccc25c82569cc9731283abbdb9265187c17503e6f9c4ba2484a9e210e83f5a3" classname="com.github.traderjoe95.mls.protocol.tree.TreeKem" time="0.001"/>
  <testcase name="a new update path generated by the sender should be successfully processed" classname="com.github.traderjoe95.mls.protocol.tree.TreeKem" time="0.0"/>
  <testcase name="the update path should be parent-hash valid" classname="com.github.traderjoe95.mls.protocol.tree.TreeKem" time="0.0"/>
  <testcase name="the tree hash after merging the update path should be 21502d28ad7991404bfb03a60e4a3331c53149b53cd4e055bbc8339b7d4b3449" classname="com.github.traderjoe95.mls.protocol.tree.TreeKem" time="0.0"/>
  <testcase name="the decrypted path secret should be 504766baf72d5ca7c9418c872a0e93387d717bb13f319e4953867cc50b57d676" classname="com.github.traderjoe95.mls.protocol.tree.TreeKem" time="0.0"/>
  <testcase name="a new update path generated by the sender should be successfully processed" classname="com.github.traderjoe95.mls.protocol.tree.TreeKem" time="0.0"/>
  <testcase name="the update path should be parent-hash valid" classname="com.github.traderjoe95.mls.protocol.tree.TreeKem" time="0.0"/>
  <testcase name="the tree hash after merging the update path should be d1dff6c71dac49a338e8753dd262daf827fd5ab3888458a1fb298e15c7849fe0" classname="com.github.traderjoe95.mls.protocol.tree.TreeKem" time="0.0"/>
  <testcase name="the decrypted path secret should be 482f034750eac133955a4b06f9907e221c4f7dcde23cd44839d939e74845d5b6" classname="com.github.traderjoe95.mls.protocol.tree.TreeKem" time="0.0"/>
  <testcase name="a new update path generated by the sender should be successfully processed" classname="com.github.traderjoe95.mls.protocol.tree.TreeKem" time="0.0"/>
  <testcase name="the update path should be parent-hash valid" classname="com.github.traderjoe95.mls.protocol.tree.TreeKem" time="0.0"/>
  <testcase name="the tree hash after merging the update path should be d1dff6c71dac49a338e8753dd262daf827fd5ab3888458a1fb298e15c7849fe0" classname="com.github.traderjoe95.mls.protocol.tree.TreeKem" time="0.0"/>
  <testcase name="the decrypted path secret should be 4179fbbca043d7139726430d976a623eac87a9d18bfee7227f2c4d54c16d041e" classname="com.github.traderjoe95.mls.protocol.tree.TreeKem" time="0.0"/>
  <testcase name="a new update path generated by the sender should be successfully processed" classname="com.github.traderjoe95.mls.protocol.tree.TreeKem" time="0.0"/>
  <testcase name="the update path should be parent-hash valid" classname="com.github.traderjoe95.mls.protocol.tree.TreeKem" time="0.0"/>
  <testcase name="the tree hash after merging the update path should be d1dff6c71dac49a338e8753dd262daf827fd5ab3888458a1fb298e15c7849fe0" classname="com.github.traderjoe95.mls.protocol.tree.TreeKem" time="0.0"/>
  <testcase name="the decrypted path secret should be 4179fbbca043d7139726430d976a623eac87a9d18bfee7227f2c4d54c16d041e" classname="com.github.traderjoe95.mls.protocol.tree.TreeKem" time="0.0"/>
  <testcase name="a new update path generated by the sender should be successfully processed" classname="com.github.traderjoe95.mls.protocol.tree.TreeKem" time="0.001"/>
  <testcase name="the update path should be parent-hash valid" classname="com.github.traderjoe95.mls.protocol.tree.TreeKem" time="0.0"/>
  <testcase name="the tree hash after merging the update path should be d1dff6c71dac49a338e8753dd262daf827fd5ab3888458a1fb298e15c7849fe0" classname="com.github.traderjoe95.mls.protocol.tree.TreeKem" time="0.001"/>
  <testcase name="the decrypted path secret should be 0a8222278bb97717570dcbe645ca76266a1a6fbab32e2cd4420431e8611eed12" classname="com.github.traderjoe95.mls.protocol.tree.TreeKem" time="0.001"/>
  <testcase name="a new update path generated by the sender should be successfully processed" classname="com.github.traderjoe95.mls.protocol.tree.TreeKem" time="0.001"/>
  <testcase name="the update path should be parent-hash valid" classname="com.github.traderjoe95.mls.protocol.tree.TreeKem" time="0.0"/>
  <testcase name="the tree hash after merging the update path should be a8b9f12f4c4b6854e5bd57a87fea1ee8b8e43a46e2a07ea4d237ea924ce36950" classname="com.github.traderjoe95.mls.protocol.tree.TreeKem" time="0.0"/>
  <testcase name="the decrypted path secret should be 31b55d9f7db7c7e5b7f1c91517029fb661d7379735b8aab5d942b8bb86af38d8" classname="com.github.traderjoe95.mls.protocol.tree.TreeKem" time="0.0"/>
  <testcase name="a new update path generated by the sender should be successfully processed" classname="com.github.traderjoe95.mls.protocol.tree.TreeKem" time="0.0"/>
  <testcase name="the update path should be parent-hash valid" classname="com.github.traderjoe95.mls.protocol.tree.TreeKem" time="0.0"/>
  <testcase name="the tree hash after merging the update path should be a8b9f12f4c4b6854e5bd57a87fea1ee8b8e43a46e2a07ea4d237ea924ce36950" classname="com.github.traderjoe95.mls.protocol.tree.TreeKem" time="0.0"/>
  <testcase name="the decrypted path secret should be 31b55d9f7db7c7e5b7f1c91517029fb661d7379735b8aab5d942b8bb86af38d8" classname="com.github.traderjoe95.mls.protocol.tree.TreeKem" time="0.0"/>
  <testcase name="a new update path generated by the sender should be successfully processed" classname="com.github.traderjoe95.mls.protocol.tree.TreeKem" time="0.001"/>
  <testcase name="the update path should be parent-hash valid" classname="com.github.traderjoe95.mls.protocol.tree.TreeKem" time="0.0"/>
  <testcase name="the tree hash after merging the update path should be a8b9f12f4c4b6854e5bd57a87fea1ee8b8e43a46e2a07ea4d237ea924ce36950" classname="com.github.traderjoe95.mls.protocol.tree.TreeKem" time="0.001"/>
  <testcase name="the decrypted path secret should be 65ed1479842ad410d32092f6073db017eac8827be3c47d169f742a167755cbeb" classname="com.github.traderjoe95.mls.protocol.tree.TreeKem" time="0.001"/>
  <testcase name="a new update path generated by the sender should be successfully processed" classname="com.github.traderjoe95.mls.protocol.tree.TreeKem" time="0.0"/>
  <testcase name="the update path should be parent-hash valid" classname="com.github.traderjoe95.mls.protocol.tree.TreeKem" time="0.001"/>
  <testcase name="the tree hash after merging the update path should be a8b9f12f4c4b6854e5bd57a87fea1ee8b8e43a46e2a07ea4d237ea924ce36950" classname="com.github.traderjoe95.mls.protocol.tree.TreeKem" time="0.0"/>
  <testcase name="the decrypted path secret should be fcc016ff84f1dab6df10a1f1c1847187255d3dcba8b1d859a09d66eb40cd82dc" classname="com.github.traderjoe95.mls.protocol.tree.TreeKem" time="0.0"/>
  <testcase name="a new update path generated by the sender should be successfully processed" classname="com.github.traderjoe95.mls.protocol.tree.TreeKem" time="0.0"/>
  <testcase name="the update path should be parent-hash valid" classname="com.github.traderjoe95.mls.protocol.tree.TreeKem" time="0.0"/>
  <testcase name="the tree hash after merging the update path should be 11cb4cfb28e9d7cfcf992db74a280a434b3c9222f76f4cf0cdb4d521437254b8" classname="com.github.traderjoe95.mls.protocol.tree.TreeKem" time="0.001"/>
  <testcase name="the decrypted path secret should be d9d2c5ebe714ab7fafa2d4f6d9b1c8b4e81ca48ac6057e2cbe189042e591e64d" classname="com.github.traderjoe95.mls.protocol.tree.TreeKem" time="0.001"/>
  <testcase name="a new update path generated by the sender should be successfully processed" classname="com.github.traderjoe95.mls.protocol.tree.TreeKem" time="0.001"/>
  <testcase name="the update path should be parent-hash valid" classname="com.github.traderjoe95.mls.protocol.tree.TreeKem" time="0.0"/>
  <testcase name="the tree hash after merging the update path should be 11cb4cfb28e9d7cfcf992db74a280a434b3c9222f76f4cf0cdb4d521437254b8" classname="com.github.traderjoe95.mls.protocol.tree.TreeKem" time="0.0"/>
  <testcase name="the decrypted path secret should be d9d2c5ebe714ab7fafa2d4f6d9b1c8b4e81ca48ac6057e2cbe189042e591e64d" classname="com.github.traderjoe95.mls.protocol.tree.TreeKem" time="0.001"/>
  <testcase name="a new update path generated by the sender should be successfully processed" classname="com.github.traderjoe95.mls.protocol.tree.TreeKem" time="0.001"/>
  <testcase name="the update path should be parent-hash valid" classname="com.github.traderjoe95.mls.protocol.tree.TreeKem" time="0.0"/>
  <testcase name="the tree hash after merging the update path should be 11cb4cfb28e9d7cfcf992db74a280a434b3c9222f76f4cf0cdb4d521437254b8" classname="com.github.traderjoe95.mls.protocol.tree.TreeKem" time="0.0"/>
  <testcase name="the decrypted path secret should be 47043ea1e2961b2a5dd3aaa9f4f01bbc4a52ce153a88c31de1d105466f788ffc" classname="com.github.traderjoe95.mls.protocol.tree.TreeKem" time="0.001"/>
  <testcase name="a new update path generated by the sender should be successfully processed" classname="com.github.traderjoe95.mls.protocol.tree.TreeKem" time="0.001"/>
  <testcase name="the update path should be parent-hash valid" classname="com.github.traderjoe95.mls.protocol.tree.TreeKem" time="0.0"/>
  <testcase name="the tree hash after merging the update path should be 11cb4cfb28e9d7cfcf992db74a280a434b3c9222f76f4cf0cdb4d521437254b8" classname="com.github.traderjoe95.mls.protocol.tree.TreeKem" time="0.001"/>
  <testcase name="the decrypted path secret should be e91a12d86125a8d5acc0872133f1e289256c749698427abdcaeedf0139273688" classname="com.github.traderjoe95.mls.protocol.tree.TreeKem" time="0.001"/>
  <testcase name="a new update path generated by the sender should be successfully processed" classname="com.github.traderjoe95.mls.protocol.tree.TreeKem" time="0.001"/>
  <testcase name="the update path should be parent-hash valid" classname="com.github.traderjoe95.mls.protocol.tree.TreeKem" time="0.001"/>
  <testcase name="the tree hash after merging the update path should be 7bcf197a709d81908303549c38d50a48dabbcf91d1761c1c532e5659618a8499" classname="com.github.traderjoe95.mls.protocol.tree.TreeKem" time="0.0"/>
  <testcase name="the decrypted path secret should be 72d46a199f58a9227f1cd24468537f238a841a745ca09e7bca0c9c18a58a09e9" classname="com.github.traderjoe95.mls.protocol.tree.TreeKem" time="0.0"/>
  <testcase name="a new update path generated by the sender should be successfully processed" classname="com.github.traderjoe95.mls.protocol.tree.TreeKem" time="0.0"/>
  <testcase name="the update path should be parent-hash valid" classname="com.github.traderjoe95.mls.protocol.tree.TreeKem" time="0.0"/>
  <testcase name="the tree hash after merging the update path should be 7bcf197a709d81908303549c38d50a48dabbcf91d1761c1c532e5659618a8499" classname="com.github.traderjoe95.mls.protocol.tree.TreeKem" time="0.0"/>
  <testcase name="the decrypted path secret should be 72d46a199f58a9227f1cd24468537f238a841a745ca09e7bca0c9c18a58a09e9" classname="com.github.traderjoe95.mls.protocol.tree.TreeKem" time="0.0"/>
  <testcase name="a new update path generated by the sender should be successfully processed" classname="com.github.traderjoe95.mls.protocol.tree.TreeKem" time="0.0"/>
  <testcase name="the update path should be parent-hash valid" classname="com.github.traderjoe95.mls.protocol.tree.TreeKem" time="0.0"/>
  <testcase name="the tree hash after merging the update path should be 7bcf197a709d81908303549c38d50a48dabbcf91d1761c1c532e5659618a8499" classname="com.github.traderjoe95.mls.protocol.tree.TreeKem" time="0.0"/>
  <testcase name="the decrypted path secret should be 72d46a199f58a9227f1cd24468537f238a841a745ca09e7bca0c9c18a58a09e9" classname="com.github.traderjoe95.mls.protocol.tree.TreeKem" time="0.001"/>
  <testcase name="a new update path generated by the sender should be successfully processed" classname="com.github.traderjoe95.mls.protocol.tree.TreeKem" time="0.001"/>
  <testcase name="the update path should be parent-hash valid" classname="com.github.traderjoe95.mls.protocol.tree.TreeKem" time="0.0"/>
  <testcase name="the tree hash after merging the update path should be 7bcf197a709d81908303549c38d50a48dabbcf91d1761c1c532e5659618a8499" classname="com.github.traderjoe95.mls.protocol.tree.TreeKem" time="0.0"/>
  <testcase name="the decrypted path secret should be 72d46a199f58a9227f1cd24468537f238a841a745ca09e7bca0c9c18a58a09e9" classname="com.github.traderjoe95.mls.protocol.tree.TreeKem" time="0.0"/>
  <testcase name="a new update path generated by the sender should be successfully processed" classname="com.github.traderjoe95.mls.protocol.tree.TreeKem" time="0.0"/>
  <testcase name="non-blank leaf 0 should be consistent with the public state" classname="com.github.traderjoe95.mls.protocol.tree.TreeKem" time="0.001"/>
  <testcase name="non-blank leaf 1 should be consistent with the public state" classname="com.github.traderjoe95.mls.protocol.tree.TreeKem" time="0.001"/>
  <testcase name="non-blank leaf 2 should be consistent with the public state" classname="com.github.traderjoe95.mls.protocol.tree.TreeKem" time="0.0"/>
  <testcase name="non-blank leaf 3 should be consistent with the public state" classname="com.github.traderjoe95.mls.protocol.tree.TreeKem" time="0.0"/>
  <testcase name="non-blank leaf 4 should be consistent with the public state" classname="com.github.traderjoe95.mls.protocol.tree.TreeKem" time="0.0"/>
  <testcase name="non-blank leaf 5 should be consistent with the public state" classname="com.github.traderjoe95.mls.protocol.tree.TreeKem" time="0.001"/>
  <testcase name="the update path should be parent-hash valid" classname="com.github.traderjoe95.mls.protocol.tree.TreeKem" time="0.0"/>
  <testcase name="the tree hash after merging the update path should be 00568bf7f4184674ceef5014a3d3cb5ffd43769d54c949de73fe2bd2dd0204b5" classname="com.github.traderjoe95.mls.protocol.tree.TreeKem" time="0.0"/>
  <testcase name="the decrypted path secret should be e8608097b9da1863d6a6b540542af95b96ab95bcd9a9c04763313b61c2c99d44" classname="com.github.traderjoe95.mls.protocol.tree.TreeKem" time="0.0"/>
  <testcase name="a new update path generated by the sender should be successfully processed" classname="com.github.traderjoe95.mls.protocol.tree.TreeKem" time="0.001"/>
  <testcase name="the update path should be parent-hash valid" classname="com.github.traderjoe95.mls.protocol.tree.TreeKem" time="0.0"/>
  <testcase name="the tree hash after merging the update path should be 00568bf7f4184674ceef5014a3d3cb5ffd43769d54c949de73fe2bd2dd0204b5" classname="com.github.traderjoe95.mls.protocol.tree.TreeKem" time="0.001"/>
  <testcase name="the decrypted path secret should be 5ccc25c82569cc9731283abbdb9265187c17503e6f9c4ba2484a9e210e83f5a3" classname="com.github.traderjoe95.mls.protocol.tree.TreeKem" time="0.001"/>
  <testcase name="a new update path generated by the sender should be successfully processed" classname="com.github.traderjoe95.mls.protocol.tree.TreeKem" time="0.001"/>
  <testcase name="the update path should be parent-hash valid" classname="com.github.traderjoe95.mls.protocol.tree.TreeKem" time="0.001"/>
  <testcase name="the tree hash after merging the update path should be 00568bf7f4184674ceef5014a3d3cb5ffd43769d54c949de73fe2bd2dd0204b5" classname="com.github.traderjoe95.mls.protocol.tree.TreeKem" time="0.0"/>
  <testcase name="the decrypted path secret should be 5ccc25c82569cc9731283abbdb9265187c17503e6f9c4ba2484a9e210e83f5a3" classname="com.github.traderjoe95.mls.protocol.tree.TreeKem" time="0.0"/>
  <testcase name="a new update path generated by the sender should be successfully processed" classname="com.github.traderjoe95.mls.protocol.tree.TreeKem" time="0.001"/>
  <testcase name="the update path should be parent-hash valid" classname="com.github.traderjoe95.mls.protocol.tree.TreeKem" time="0.0"/>
  <testcase name="the tree hash after merging the update path should be 00568bf7f4184674ceef5014a3d3cb5ffd43769d54c949de73fe2bd2dd0204b5" classname="com.github.traderjoe95.mls.protocol.tree.TreeKem" time="0.001"/>
  <testcase name="the decrypted path secret should be 504766baf72d5ca7c9418c872a0e93387d717bb13f319e4953867cc50b57d676" classname="com.github.traderjoe95.mls.protocol.tree.TreeKem" time="0.001"/>
  <testcase name="a new update path generated by the sender should be successfully processed" classname="com.github.traderjoe95.mls.protocol.tree.TreeKem" time="0.001"/>
  <testcase name="the update path should be parent-hash valid" classname="com.github.traderjoe95.mls.protocol.tree.TreeKem" time="0.001"/>
  <testcase name="the tree hash after merging the update path should be 00568bf7f4184674ceef5014a3d3cb5ffd43769d54c949de73fe2bd2dd0204b5" classname="com.github.traderjoe95.mls.protocol.tree.TreeKem" time="0.0"/>
  <testcase name="the decrypted path secret should be 504766baf72d5ca7c9418c872a0e93387d717bb13f319e4953867cc50b57d676" classname="com.github.traderjoe95.mls.protocol.tree.TreeKem" time="0.001"/>
  <testcase name="a new update path generated by the sender should be successfully processed" classname="com.github.traderjoe95.mls.protocol.tree.TreeKem" time="0.001"/>
  <testcase name="the update path should be parent-hash valid" classname="com.github.traderjoe95.mls.protocol.tree.TreeKem" time="0.001"/>
  <testcase name="the tree hash after merging the update path should be 94761904d89162098b8489a8d0a2ce19658d8f908701ec706340f63e9d8377b0" classname="com.github.traderjoe95.mls.protocol.tree.TreeKem" time="0.0"/>
  <testcase name="the decrypted path secret should be 482f034750eac133955a4b06f9907e221c4f7dcde23cd44839d939e74845d5b6" classname="com.github.traderjoe95.mls.protocol.tree.TreeKem" time="0.0"/>
  <testcase name="a new update path generated by the sender should be successfully processed" classname="com.github.traderjoe95.mls.protocol.tree.TreeKem" time="0.0"/>
  <testcase name="the update path should be parent-hash valid" classname="com.github.traderjoe95.mls.protocol.tree.TreeKem" time="0.0"/>
  <testcase name="the tree hash after merging the update path should be 94761904d89162098b8489a8d0a2ce19658d8f908701ec706340f63e9d8377b0" classname="com.github.traderjoe95.mls.protocol.tree.TreeKem" time="0.0"/>
  <testcase name="the decrypted path secret should be 4179fbbca043d7139726430d976a623eac87a9d18bfee7227f2c4d54c16d041e" classname="com.github.traderjoe95.mls.protocol.tree.TreeKem" time="0.001"/>
  <testcase name="a new update path generated by the sender should be successfully processed" classname="com.github.traderjoe95.mls.protocol.tree.TreeKem" time="0.001"/>
  <testcase name="the update path should be parent-hash valid" classname="com.github.traderjoe95.mls.protocol.tree.TreeKem" time="0.0"/>
  <testcase name="the tree hash after merging the update path should be 94761904d89162098b8489a8d0a2ce19658d8f908701ec706340f63e9d8377b0" classname="com.github.traderjoe95.mls.protocol.tree.TreeKem" time="0.0"/>
  <testcase name="the decrypted path secret should be 4179fbbca043d7139726430d976a623eac87a9d18bfee7227f2c4d54c16d041e" classname="com.github.traderjoe95.mls.protocol.tree.TreeKem" time="0.001"/>
  <testcase name="a new update path generated by the sender should be successfully processed" classname="com.github.traderjoe95.mls.protocol.tree.TreeKem" time="0.001"/>
  <testcase name="the update path should be parent-hash valid" classname="com.github.traderjoe95.mls.protocol.tree.TreeKem" time="0.0"/>
  <testcase name="the tree hash after merging the update path should be 94761904d89162098b8489a8d0a2ce19658d8f908701ec706340f63e9d8377b0" classname="com.github.traderjoe95.mls.protocol.tree.TreeKem" time="0.0"/>
  <testcase name="the decrypted path secret should be 0a8222278bb97717570dcbe645ca76266a1a6fbab32e2cd4420431e8611eed12" classname="com.github.traderjoe95.mls.protocol.tree.TreeKem" time="0.001"/>
  <testcase name="a new update path generated by the sender should be successfully processed" classname="com.github.traderjoe95.mls.protocol.tree.TreeKem" time="0.001"/>
  <testcase name="the update path should be parent-hash valid" classname="com.github.traderjoe95.mls.protocol.tree.TreeKem" time="0.001"/>
  <testcase name="the tree hash after merging the update path should be 94761904d89162098b8489a8d0a2ce19658d8f908701ec706340f63e9d8377b0" classname="com.github.traderjoe95.mls.protocol.tree.TreeKem" time="0.0"/>
  <testcase name="the decrypted path secret should be 0a8222278bb97717570dcbe645ca76266a1a6fbab32e2cd4420431e8611eed12" classname="com.github.traderjoe95.mls.protocol.tree.TreeKem" time="0.0"/>
  <testcase name="a new update path generated by the sender should be successfully processed" classname="com.github.traderjoe95.mls.protocol.tree.TreeKem" time="0.0"/>
  <testcase name="the update path should be parent-hash valid" classname="com.github.traderjoe95.mls.protocol.tree.TreeKem" time="0.0"/>
  <testcase name="the tree hash after merging the update path should be 0c3532969f6c5a76ab60fa13dc78b7783c55263b858d10c5b5dbb5927fe50abc" classname="com.github.traderjoe95.mls.protocol.tree.TreeKem" time="0.0"/>
  <testcase name="the decrypted path secret should be 31b55d9f7db7c7e5b7f1c91517029fb661d7379735b8aab5d942b8bb86af38d8" classname="com.github.traderjoe95.mls.protocol.tree.TreeKem" time="0.001"/>
  <testcase name="a new update path generated by the sender should be successfully processed" classname="com.github.traderjoe95.mls.protocol.tree.TreeKem" time="0.001"/>
  <testcase name="the update path should be parent-hash valid" classname="com.github.traderjoe95.mls.protocol.tree.TreeKem" time="0.0"/>
  <testcase name="the tree hash after merging the update path should be 0c3532969f6c5a76ab60fa13dc78b7783c55263b858d10c5b5dbb5927fe50abc" classname="com.github.traderjoe95.mls.protocol.tree.TreeKem" time="0.001"/>
  <testcase name="the decrypted path secret should be 31b55d9f7db7c7e5b7f1c91517029fb661d7379735b8aab5d942b8bb86af38d8" classname="com.github.traderjoe95.mls.protocol.tree.TreeKem" time="0.0"/>
  <testcase name="a new update path generated by the sender should be successfully processed" classname="com.github.traderjoe95.mls.protocol.tree.TreeKem" time="0.001"/>
  <testcase name="the update path should be parent-hash valid" classname="com.github.traderjoe95.mls.protocol.tree.TreeKem" time="0.001"/>
  <testcase name="the tree hash after merging the update path should be 0c3532969f6c5a76ab60fa13dc78b7783c55263b858d10c5b5dbb5927fe50abc" classname="com.github.traderjoe95.mls.protocol.tree.TreeKem" time="0.0"/>
  <testcase name="the decrypted path secret should be 65ed1479842ad410d32092f6073db017eac8827be3c47d169f742a167755cbeb" classname="com.github.traderjoe95.mls.protocol.tree.TreeKem" time="0.0"/>
  <testcase name="a new update path generated by the sender should be successfully processed" classname="com.github.traderjoe95.mls.protocol.tree.TreeKem" time="0.0"/>
  <testcase name="the update path should be parent-hash valid" classname="com.github.traderjoe95.mls.protocol.tree.TreeKem" time="0.0"/>
  <testcase name="the tree hash after merging the update path should be 0c3532969f6c5a76ab60fa13dc78b7783c55263b858d10c5b5dbb5927fe50abc" classname="com.github.traderjoe95.mls.protocol.tree.TreeKem" time="0.0"/>
  <testcase name="the decrypted path secret should be fcc016ff84f1dab6df10a1f1c1847187255d3dcba8b1d859a09d66eb40cd82dc" classname="com.github.traderjoe95.mls.protocol.tree.TreeKem" time="0.0"/>
  <testcase name="a new update path generated by the sender should be successfully processed" classname="com.github.traderjoe95.mls.protocol.tree.TreeKem" time="0.001"/>
  <testcase name="the update path should be parent-hash valid" classname="com.github.traderjoe95.mls.protocol.tree.TreeKem" time="0.0"/>
  <testcase name="the tree hash after merging the update path should be 0c3532969f6c5a76ab60fa13dc78b7783c55263b858d10c5b5dbb5927fe50abc" classname="com.github.traderjoe95.mls.protocol.tree.TreeKem" time="0.0"/>
  <testcase name="the decrypted path secret should be fcc016ff84f1dab6df10a1f1c1847187255d3dcba8b1d859a09d66eb40cd82dc" classname="com.github.traderjoe95.mls.protocol.tree.TreeKem" time="0.001"/>
  <testcase name="a new update path generated by the sender should be successfully processed" classname="com.github.traderjoe95.mls.protocol.tree.TreeKem" time="0.001"/>
  <testcase name="the update path should be parent-hash valid" classname="com.github.traderjoe95.mls.protocol.tree.TreeKem" time="0.0"/>
  <testcase name="the tree hash after merging the update path should be d1e914dddf0f7655f98364e8d0eb9b6534bb6a350feb18f1a92370691444cc11" classname="com.github.traderjoe95.mls.protocol.tree.TreeKem" time="0.0"/>
  <testcase name="the decrypted path secret should be d9d2c5ebe714ab7fafa2d4f6d9b1c8b4e81ca48ac6057e2cbe189042e591e64d" classname="com.github.traderjoe95.mls.protocol.tree.TreeKem" time="0.0"/>
  <testcase name="a new update path generated by the sender should be successfully processed" classname="com.github.traderjoe95.mls.protocol.tree.TreeKem" time="0.0"/>
  <testcase name="the update path should be parent-hash valid" classname="com.github.traderjoe95.mls.protocol.tree.TreeKem" time="0.0"/>
  <testcase name="the tree hash after merging the update path should be d1e914dddf0f7655f98364e8d0eb9b6534bb6a350feb18f1a92370691444cc11" classname="com.github.traderjoe95.mls.protocol.tree.TreeKem" time="0.001"/>
  <testcase name="the decrypted path secret should be d9d2c5ebe714ab7fafa2d4f6d9b1c8b4e81ca48ac6057e2cbe189042e591e64d" classname="com.github.traderjoe95.mls.protocol.tree.TreeKem" time="0.001"/>
  <testcase name="a new update path generated by the sender should be successfully processed" classname="com.github.traderjoe95.mls.protocol.tree.TreeKem" time="0.001"/>
  <testcase name="the update path should be parent-hash valid" classname="com.github.traderjoe95.mls.protocol.tree.TreeKem" time="0.0"/>
  <testcase name="the tree hash after merging the update path should be d1e914dddf0f7655f98364e8d0eb9b6534bb6a350feb18f1a92370691444cc11" classname="com.github.traderjoe95.mls.protocol.tree.TreeKem" time="0.0"/>
  <testcase name="the decrypted path secret should be 47043ea1e2961b2a5dd3aaa9f4f01bbc4a52ce153a88c31de1d105466f788ffc" classname="com.github.traderjoe95.mls.protocol.tree.TreeKem" time="0.001"/>
  <testcase name="a new update path generated by the sender should be successfully processed" classname="com.github.traderjoe95.mls.protocol.tree.TreeKem" time="0.001"/>
  <testcase name="the update path should be parent-hash valid" classname="com.github.traderjoe95.mls.protocol.tree.TreeKem" time="0.0"/>
  <testcase name="the tree hash after merging the update path should be d1e914dddf0f7655f98364e8d0eb9b6534bb6a350feb18f1a92370691444cc11" classname="com.github.traderjoe95.mls.protocol.tree.TreeKem" time="0.0"/>
  <testcase name="the decrypted path secret should be e91a12d86125a8d5acc0872133f1e289256c749698427abdcaeedf0139273688" classname="com.github.traderjoe95.mls.protocol.tree.TreeKem" time="0.0"/>
  <testcase name="a new update path generated by the sender should be successfully processed" classname="com.github.traderjoe95.mls.protocol.tree.TreeKem" time="0.0"/>
  <testcase name="the update path should be parent-hash valid" classname="com.github.traderjoe95.mls.protocol.tree.TreeKem" time="0.001"/>
  <testcase name="the tree hash after merging the update path should be d1e914dddf0f7655f98364e8d0eb9b6534bb6a350feb18f1a92370691444cc11" classname="com.github.traderjoe95.mls.protocol.tree.TreeKem" time="0.0"/>
  <testcase name="the decrypted path secret should be e91a12d86125a8d5acc0872133f1e289256c749698427abdcaeedf0139273688" classname="com.github.traderjoe95.mls.protocol.tree.TreeKem" time="0.0"/>
  <testcase name="a new update path generated by the sender should be successfully processed" classname="com.github.traderjoe95.mls.protocol.tree.TreeKem" time="0.0"/>
  <testcase name="the update path should be parent-hash valid" classname="com.github.traderjoe95.mls.protocol.tree.TreeKem" time="0.0"/>
  <testcase name="the tree hash after merging the update path should be 5ea8c55498043c5752bfb2094f5f79a2272cfa12e739b202ea45d7c269d20a59" classname="com.github.traderjoe95.mls.protocol.tree.TreeKem" time="0.001"/>
  <testcase name="the decrypted path secret should be f2c5622949d4e6ca8f917ef1b0d4fe106d8592c2f629822908146332907e5682" classname="com.github.traderjoe95.mls.protocol.tree.TreeKem" time="0.0"/>
  <testcase name="a new update path generated by the sender should be successfully processed" classname="com.github.traderjoe95.mls.protocol.tree.TreeKem" time="0.0"/>
  <testcase name="the update path should be parent-hash valid" classname="com.github.traderjoe95.mls.protocol.tree.TreeKem" time="0.0"/>
  <testcase name="the tree hash after merging the update path should be 5ea8c55498043c5752bfb2094f5f79a2272cfa12e739b202ea45d7c269d20a59" classname="com.github.traderjoe95.mls.protocol.tree.TreeKem" time="0.001"/>
  <testcase name="the decrypted path secret should be f2c5622949d4e6ca8f917ef1b0d4fe106d8592c2f629822908146332907e5682" classname="com.github.traderjoe95.mls.protocol.tree.TreeKem" time="0.001"/>
  <testcase name="a new update path generated by the sender should be successfully processed" classname="com.github.traderjoe95.mls.protocol.tree.TreeKem" time="0.001"/>
  <testcase name="the update path should be parent-hash valid" classname="com.github.traderjoe95.mls.protocol.tree.TreeKem" time="0.0"/>
  <testcase name="the tree hash after merging the update path should be 5ea8c55498043c5752bfb2094f5f79a2272cfa12e739b202ea45d7c269d20a59" classname="com.github.traderjoe95.mls.protocol.tree.TreeKem" time="0.0"/>
  <testcase name="the decrypted path secret should be f2c5622949d4e6ca8f917ef1b0d4fe106d8592c2f629822908146332907e5682" classname="com.github.traderjoe95.mls.protocol.tree.TreeKem" time="0.001"/>
  <testcase name="a new update path generated by the sender should be successfully processed" classname="com.github.traderjoe95.mls.protocol.tree.TreeKem" time="0.001"/>
  <testcase name="the update path should be parent-hash valid" classname="com.github.traderjoe95.mls.protocol.tree.TreeKem" time="0.001"/>
  <testcase name="the tree hash after merging the update path should be 5ea8c55498043c5752bfb2094f5f79a2272cfa12e739b202ea45d7c269d20a59" classname="com.github.traderjoe95.mls.protocol.tree.TreeKem" time="0.001"/>
  <testcase name="the decrypted path secret should be f2c5622949d4e6ca8f917ef1b0d4fe106d8592c2f629822908146332907e5682" classname="com.github.traderjoe95.mls.protocol.tree.TreeKem" time="0.001"/>
  <testcase name="a new update path generated by the sender should be successfully processed" classname="com.github.traderjoe95.mls.protocol.tree.TreeKem" time="0.0"/>
  <testcase name="the update path should be parent-hash valid" classname="com.github.traderjoe95.mls.protocol.tree.TreeKem" time="0.0"/>
  <testcase name="the tree hash after merging the update path should be 5ea8c55498043c5752bfb2094f5f79a2272cfa12e739b202ea45d7c269d20a59" classname="com.github.traderjoe95.mls.protocol.tree.TreeKem" time="0.0"/>
  <testcase name="the decrypted path secret should be 72d46a199f58a9227f1cd24468537f238a841a745ca09e7bca0c9c18a58a09e9" classname="com.github.traderjoe95.mls.protocol.tree.TreeKem" time="0.0"/>
  <testcase name="a new update path generated by the sender should be successfully processed" classname="com.github.traderjoe95.mls.protocol.tree.TreeKem" time="0.0"/>
  <testcase name="the update path should be parent-hash valid" classname="com.github.traderjoe95.mls.protocol.tree.TreeKem" time="0.001"/>
  <testcase name="the tree hash after merging the update path should be 27d9c7cd6b9b750656949a67a5c8655cb69876c31fafd99a6597d005836537b1" classname="com.github.traderjoe95.mls.protocol.tree.TreeKem" time="0.0"/>
  <testcase name="the decrypted path secret should be ebc06cf63c3d0bc4759702d3be52e9ad6cf6942f2c8e9e138653602a9f20cfcd" classname="com.github.traderjoe95.mls.protocol.tree.TreeKem" time="0.0"/>
  <testcase name="a new update path generated by the sender should be successfully processed" classname="com.github.traderjoe95.mls.protocol.tree.TreeKem" time="0.001"/>
  <testcase name="the update path should be parent-hash valid" classname="com.github.traderjoe95.mls.protocol.tree.TreeKem" time="0.001"/>
  <testcase name="the tree hash after merging the update path should be 27d9c7cd6b9b750656949a67a5c8655cb69876c31fafd99a6597d005836537b1" classname="com.github.traderjoe95.mls.protocol.tree.TreeKem" time="0.001"/>
  <testcase name="the decrypted path secret should be ebc06cf63c3d0bc4759702d3be52e9ad6cf6942f2c8e9e138653602a9f20cfcd" classname="com.github.traderjoe95.mls.protocol.tree.TreeKem" time="0.001"/>
  <testcase name="a new update path generated by the sender should be successfully processed" classname="com.github.traderjoe95.mls.protocol.tree.TreeKem" time="0.0"/>
  <testcase name="the update path should be parent-hash valid" classname="com.github.traderjoe95.mls.protocol.tree.TreeKem" time="0.0"/>
  <testcase name="the tree hash after merging the update path should be 27d9c7cd6b9b750656949a67a5c8655cb69876c31fafd99a6597d005836537b1" classname="com.github.traderjoe95.mls.protocol.tree.TreeKem" time="0.0"/>
  <testcase name="the decrypted path secret should be ebc06cf63c3d0bc4759702d3be52e9ad6cf6942f2c8e9e138653602a9f20cfcd" classname="com.github.traderjoe95.mls.protocol.tree.TreeKem" time="0.001"/>
  <testcase name="a new update path generated by the sender should be successfully processed" classname="com.github.traderjoe95.mls.protocol.tree.TreeKem" time="0.001"/>
  <testcase name="the update path should be parent-hash valid" classname="com.github.traderjoe95.mls.protocol.tree.TreeKem" time="0.001"/>
  <testcase name="the tree hash after merging the update path should be 27d9c7cd6b9b750656949a67a5c8655cb69876c31fafd99a6597d005836537b1" classname="com.github.traderjoe95.mls.protocol.tree.TreeKem" time="0.001"/>
  <testcase name="the decrypted path secret should be ebc06cf63c3d0bc4759702d3be52e9ad6cf6942f2c8e9e138653602a9f20cfcd" classname="com.github.traderjoe95.mls.protocol.tree.TreeKem" time="0.001"/>
  <testcase name="a new update path generated by the sender should be successfully processed" classname="com.github.traderjoe95.mls.protocol.tree.TreeKem" time="0.001"/>
  <testcase name="the update path should be parent-hash valid" classname="com.github.traderjoe95.mls.protocol.tree.TreeKem" time="0.0"/>
  <testcase name="the tree hash after merging the update path should be 27d9c7cd6b9b750656949a67a5c8655cb69876c31fafd99a6597d005836537b1" classname="com.github.traderjoe95.mls.protocol.tree.TreeKem" time="0.0"/>
  <testcase name="the decrypted path secret should be 3c78597856241bd7ee600cdbf8a7b4b5962c5ea3e095eaa07b4dc0351f08483d" classname="com.github.traderjoe95.mls.protocol.tree.TreeKem" time="0.0"/>
  <testcase name="a new update path generated by the sender should be successfully processed" classname="com.github.traderjoe95.mls.protocol.tree.TreeKem" time="0.0"/>
  <testcase name="non-blank leaf 0 should be consistent with the public state" classname="com.github.traderjoe95.mls.protocol.tree.TreeKem" time="0.001"/>
  <testcase name="non-blank leaf 1 should be consistent with the public state" classname="com.github.traderjoe95.mls.protocol.tree.TreeKem" time="0.001"/>
  <testcase name="non-blank leaf 2 should be consistent with the public state" classname="com.github.traderjoe95.mls.protocol.tree.TreeKem" time="0.001"/>
  <testcase name="non-blank leaf 3 should be consistent with the public state" classname="com.github.traderjoe95.mls.protocol.tree.TreeKem" time="0.001"/>
  <testcase name="non-blank leaf 4 should be consistent with the public state" classname="com.github.traderjoe95.mls.protocol.tree.TreeKem" time="0.001"/>
  <testcase name="non-blank leaf 5 should be consistent with the public state" classname="com.github.traderjoe95.mls.protocol.tree.TreeKem" time="0.001"/>
  <testcase name="non-blank leaf 6 should be consistent with the public state" classname="com.github.traderjoe95.mls.protocol.tree.TreeKem" time="0.0"/>
  <testcase name="the update path should be parent-hash valid" classname="com.github.traderjoe95.mls.protocol.tree.TreeKem" time="0.0"/>
  <testcase name="the tree hash after merging the update path should be f7f7c103f228db9d12406c5f52723a7fd175d28c5bd21a3c74836b3674f6ed7d" classname="com.github.traderjoe95.mls.protocol.tree.TreeKem" time="0.001"/>
  <testcase name="the decrypted path secret should be e8608097b9da1863d6a6b540542af95b96ab95bcd9a9c04763313b61c2c99d44" classname="com.github.traderjoe95.mls.protocol.tree.TreeKem" time="0.001"/>
  <testcase name="a new update path generated by the sender should be successfully processed" classname="com.github.traderjoe95.mls.protocol.tree.TreeKem" time="0.001"/>
  <testcase name="the update path should be parent-hash valid" classname="com.github.traderjoe95.mls.protocol.tree.TreeKem" time="0.0"/>
  <testcase name="the tree hash after merging the update path should be f7f7c103f228db9d12406c5f52723a7fd175d28c5bd21a3c74836b3674f6ed7d" classname="com.github.traderjoe95.mls.protocol.tree.TreeKem" time="0.001"/>
  <testcase name="the decrypted path secret should be 5ccc25c82569cc9731283abbdb9265187c17503e6f9c4ba2484a9e210e83f5a3" classname="com.github.traderjoe95.mls.protocol.tree.TreeKem" time="0.0"/>
  <testcase name="a new update path generated by the sender should be successfully processed" classname="com.github.traderjoe95.mls.protocol.tree.TreeKem" time="0.001"/>
  <testcase name="the update path should be parent-hash valid" classname="com.github.traderjoe95.mls.protocol.tree.TreeKem" time="0.0"/>
  <testcase name="the tree hash after merging the update path should be f7f7c103f228db9d12406c5f52723a7fd175d28c5bd21a3c74836b3674f6ed7d" classname="com.github.traderjoe95.mls.protocol.tree.TreeKem" time="0.0"/>
  <testcase name="the decrypted path secret should be 5ccc25c82569cc9731283abbdb9265187c17503e6f9c4ba2484a9e210e83f5a3" classname="com.github.traderjoe95.mls.protocol.tree.TreeKem" time="0.001"/>
  <testcase name="a new update path generated by the sender should be successfully processed" classname="com.github.traderjoe95.mls.protocol.tree.TreeKem" time="0.001"/>
  <testcase name="the update path should be parent-hash valid" classname="com.github.traderjoe95.mls.protocol.tree.TreeKem" time="0.0"/>
  <testcase name="the tree hash after merging the update path should be f7f7c103f228db9d12406c5f52723a7fd175d28c5bd21a3c74836b3674f6ed7d" classname="com.github.traderjoe95.mls.protocol.tree.TreeKem" time="0.001"/>
  <testcase name="the decrypted path secret should be 504766baf72d5ca7c9418c872a0e93387d717bb13f319e4953867cc50b57d676" classname="com.github.traderjoe95.mls.protocol.tree.TreeKem" time="0.001"/>
  <testcase name="a new update path generated by the sender should be successfully processed" classname="com.github.traderjoe95.mls.protocol.tree.TreeKem" time="0.0"/>
  <testcase name="the update path should be parent-hash valid" classname="com.github.traderjoe95.mls.protocol.tree.TreeKem" time="0.0"/>
  <testcase name="the tree hash after merging the update path should be f7f7c103f228db9d12406c5f52723a7fd175d28c5bd21a3c74836b3674f6ed7d" classname="com.github.traderjoe95.mls.protocol.tree.TreeKem" time="0.001"/>
  <testcase name="the decrypted path secret should be 504766baf72d5ca7c9418c872a0e93387d717bb13f319e4953867cc50b57d676" classname="com.github.traderjoe95.mls.protocol.tree.TreeKem" time="0.001"/>
  <testcase name="a new update path generated by the sender should be successfully processed" classname="com.github.traderjoe95.mls.protocol.tree.TreeKem" time="0.001"/>
  <testcase name="the update path should be parent-hash valid" classname="com.github.traderjoe95.mls.protocol.tree.TreeKem" time="0.0"/>
  <testcase name="the tree hash after merging the update path should be f7f7c103f228db9d12406c5f52723a7fd175d28c5bd21a3c74836b3674f6ed7d" classname="com.github.traderjoe95.mls.protocol.tree.TreeKem" time="0.001"/>
  <testcase name="the decrypted path secret should be 504766baf72d5ca7c9418c872a0e93387d717bb13f319e4953867cc50b57d676" classname="com.github.traderjoe95.mls.protocol.tree.TreeKem" time="0.0"/>
  <testcase name="a new update path generated by the sender should be successfully processed" classname="com.github.traderjoe95.mls.protocol.tree.TreeKem" time="0.001"/>
  <testcase name="the update path should be parent-hash valid" classname="com.github.traderjoe95.mls.protocol.tree.TreeKem" time="0.001"/>
  <testcase name="the tree hash after merging the update path should be 02e8d5bf140fbd04731a2730a1e33a936c8a0a6c1071afe6ebf303d22ade5f3a" classname="com.github.traderjoe95.mls.protocol.tree.TreeKem" time="0.0"/>
  <testcase name="the decrypted path secret should be 482f034750eac133955a4b06f9907e221c4f7dcde23cd44839d939e74845d5b6" classname="com.github.traderjoe95.mls.protocol.tree.TreeKem" time="0.0"/>
  <testcase name="a new update path generated by the sender should be successfully processed" classname="com.github.traderjoe95.mls.protocol.tree.TreeKem" time="0.0"/>
  <testcase name="the update path should be parent-hash valid" classname="com.github.traderjoe95.mls.protocol.tree.TreeKem" time="0.0"/>
  <testcase name="the tree hash after merging the update path should be 02e8d5bf140fbd04731a2730a1e33a936c8a0a6c1071afe6ebf303d22ade5f3a" classname="com.github.traderjoe95.mls.protocol.tree.TreeKem" time="0.0"/>
  <testcase name="the decrypted path secret should be 4179fbbca043d7139726430d976a623eac87a9d18bfee7227f2c4d54c16d041e" classname="com.github.traderjoe95.mls.protocol.tree.TreeKem" time="0.0"/>
  <testcase name="a new update path generated by the sender should be successfully processed" classname="com.github.traderjoe95.mls.protocol.tree.TreeKem" time="0.0"/>
  <testcase name="the update path should be parent-hash valid" classname="com.github.traderjoe95.mls.protocol.tree.TreeKem" time="0.0"/>
  <testcase name="the tree hash after merging the update path should be 02e8d5bf140fbd04731a2730a1e33a936c8a0a6c1071afe6ebf303d22ade5f3a" classname="com.github.traderjoe95.mls.protocol.tree.TreeKem" time="0.0"/>
  <testcase name="the decrypted path secret should be 4179fbbca043d7139726430d976a623eac87a9d18bfee7227f2c4d54c16d041e" classname="com.github.traderjoe95.mls.protocol.tree.TreeKem" time="0.0"/>
  <testcase name="a new update path generated by the sender should be successfully processed" classname="com.github.traderjoe95.mls.protocol.tree.TreeKem" time="0.0"/>
  <testcase name="the update path should be parent-hash valid" classname="com.github.traderjoe95.mls.protocol.tree.TreeKem" time="0.0"/>
  <testcase name="the tree hash after merging the update path should be 02e8d5bf140fbd04731a2730a1e33a936c8a0a6c1071afe6ebf303d22ade5f3a" classname="com.github.traderjoe95.mls.protocol.tree.TreeKem" time="0.0"/>
  <testcase name="the decrypted path secret should be 0a8222278bb97717570dcbe645ca76266a1a6fbab32e2cd4420431e8611eed12" classname="com.github.traderjoe95.mls.protocol.tree.TreeKem" time="0.0"/>
  <testcase name="a new update path generated by the sender should be successfully processed" classname="com.github.traderjoe95.mls.protocol.tree.TreeKem" time="0.0"/>
  <testcase name="the update path should be parent-hash valid" classname="com.github.traderjoe95.mls.protocol.tree.TreeKem" time="0.0"/>
  <testcase name="the tree hash after merging the update path should be 02e8d5bf140fbd04731a2730a1e33a936c8a0a6c1071afe6ebf303d22ade5f3a" classname="com.github.traderjoe95.mls.protocol.tree.TreeKem" time="0.0"/>
  <testcase name="the decrypted path secret should be 0a8222278bb97717570dcbe645ca76266a1a6fbab32e2cd4420431e8611eed12" classname="com.github.traderjoe95.mls.protocol.tree.TreeKem" time="0.0"/>
  <testcase name="a new update path generated by the sender should be successfully processed" classname="com.github.traderjoe95.mls.protocol.tree.TreeKem" time="0.0"/>
  <testcase name="the update path should be parent-hash valid" classname="com.github.traderjoe95.mls.protocol.tree.TreeKem" time="0.0"/>
  <testcase name="the tree hash after merging the update path should be 02e8d5bf140fbd04731a2730a1e33a936c8a0a6c1071afe6ebf303d22ade5f3a" classname="com.github.traderjoe95.mls.protocol.tree.TreeKem" time="0.0"/>
  <testcase name="the decrypted path secret should be 0a8222278bb97717570dcbe645ca76266a1a6fbab32e2cd4420431e8611eed12" classname="com.github.traderjoe95.mls.protocol.tree.TreeKem" time="0.0"/>
  <testcase name="a new update path generated by the sender should be successfully processed" classname="com.github.traderjoe95.mls.protocol.tree.TreeKem" time="0.0"/>
  <testcase name="the update path should be parent-hash valid" classname="com.github.traderjoe95.mls.protocol.tree.TreeKem" time="0.0"/>
  <testcase name="the tree hash after merging the update path should be ae5bdb8dfbd1744809b54eff8a9e5afd27847144ec8537448fcf3a92c63d4425" classname="com.github.traderjoe95.mls.protocol.tree.TreeKem" time="0.0"/>
  <testcase name="the decrypted path secret should be 31b55d9f7db7c7e5b7f1c91517029fb661d7379735b8aab5d942b8bb86af38d8" classname="com.github.traderjoe95.mls.protocol.tree.TreeKem" time="0.0"/>
  <testcase name="a new update path generated by the sender should be successfully processed" classname="com.github.traderjoe95.mls.protocol.tree.TreeKem" time="0.0"/>
  <testcase name="the update path should be parent-hash valid" classname="com.github.traderjoe95.mls.protocol.tree.TreeKem" time="0.001"/>
  <testcase name="the tree hash after merging the update path should be ae5bdb8dfbd1744809b54eff8a9e5afd27847144ec8537448fcf3a92c63d4425" classname="com.github.traderjoe95.mls.protocol.tree.TreeKem" time="0.0"/>
  <testcase name="the decrypted path secret should be 31b55d9f7db7c7e5b7f1c91517029fb661d7379735b8aab5d942b8bb86af38d8" classname="com.github.traderjoe95.mls.protocol.tree.TreeKem" time="0.0"/>
  <testcase name="a new update path generated by the sender should be successfully processed" classname="com.github.traderjoe95.mls.protocol.tree.TreeKem" time="0.001"/>
  <testcase name="the update path should be parent-hash valid" classname="com.github.traderjoe95.mls.protocol.tree.TreeKem" time="0.0"/>
  <testcase name="the tree hash after merging the update path should be ae5bdb8dfbd1744809b54eff8a9e5afd27847144ec8537448fcf3a92c63d4425" classname="com.github.traderjoe95.mls.protocol.tree.TreeKem" time="0.001"/>
  <testcase name="the decrypted path secret should be 65ed1479842ad410d32092f6073db017eac8827be3c47d169f742a167755cbeb" classname="com.github.traderjoe95.mls.protocol.tree.TreeKem" time="0.0"/>
  <testcase name="a new update path generated by the sender should be successfully processed" classname="com.github.traderjoe95.mls.protocol.tree.TreeKem" time="0.0"/>
  <testcase name="the update path should be parent-hash valid" classname="com.github.traderjoe95.mls.protocol.tree.TreeKem" time="0.0"/>
  <testcase name="the tree hash after merging the update path should be ae5bdb8dfbd1744809b54eff8a9e5afd27847144ec8537448fcf3a92c63d4425" classname="com.github.traderjoe95.mls.protocol.tree.TreeKem" time="0.001"/>
  <testcase name="the decrypted path secret should be fcc016ff84f1dab6df10a1f1c1847187255d3dcba8b1d859a09d66eb40cd82dc" classname="com.github.traderjoe95.mls.protocol.tree.TreeKem" time="0.001"/>
  <testcase name="a new update path generated by the sender should be successfully processed" classname="com.github.traderjoe95.mls.protocol.tree.TreeKem" time="0.001"/>
  <testcase name="the update path should be parent-hash valid" classname="com.github.traderjoe95.mls.protocol.tree.TreeKem" time="0.0"/>
  <testcase name="the tree hash after merging the update path should be ae5bdb8dfbd1744809b54eff8a9e5afd27847144ec8537448fcf3a92c63d4425" classname="com.github.traderjoe95.mls.protocol.tree.TreeKem" time="0.0"/>
  <testcase name="the decrypted path secret should be fcc016ff84f1dab6df10a1f1c1847187255d3dcba8b1d859a09d66eb40cd82dc" classname="com.github.traderjoe95.mls.protocol.tree.TreeKem" time="0.001"/>
  <testcase name="a new update path generated by the sender should be successfully processed" classname="com.github.traderjoe95.mls.protocol.tree.TreeKem" time="0.001"/>
  <testcase name="the update path should be parent-hash valid" classname="com.github.traderjoe95.mls.protocol.tree.TreeKem" time="0.0"/>
  <testcase name="the tree hash after merging the update path should be ae5bdb8dfbd1744809b54eff8a9e5afd27847144ec8537448fcf3a92c63d4425" classname="com.github.traderjoe95.mls.protocol.tree.TreeKem" time="0.0"/>
  <testcase name="the decrypted path secret should be fcc016ff84f1dab6df10a1f1c1847187255d3dcba8b1d859a09d66eb40cd82dc" classname="com.github.traderjoe95.mls.protocol.tree.TreeKem" time="0.0"/>
  <testcase name="a new update path generated by the sender should be successfully processed" classname="com.github.traderjoe95.mls.protocol.tree.TreeKem" time="0.0"/>
  <testcase name="the update path should be parent-hash valid" classname="com.github.traderjoe95.mls.protocol.tree.TreeKem" time="0.0"/>
  <testcase name="the tree hash after merging the update path should be b13458d22381fc4b0ccc9e39164d18c9840cd60b5e67110cf0fdb820034c3311" classname="com.github.traderjoe95.mls.protocol.tree.TreeKem" time="0.0"/>
  <testcase name="the decrypted path secret should be d9d2c5ebe714ab7fafa2d4f6d9b1c8b4e81ca48ac6057e2cbe189042e591e64d" classname="com.github.traderjoe95.mls.protocol.tree.TreeKem" time="0.0"/>
  <testcase name="a new update path generated by the sender should be successfully processed" classname="com.github.traderjoe95.mls.protocol.tree.TreeKem" time="0.0"/>
  <testcase name="the update path should be parent-hash valid" classname="com.github.traderjoe95.mls.protocol.tree.TreeKem" time="0.001"/>
  <testcase name="the tree hash after merging the update path should be b13458d22381fc4b0ccc9e39164d18c9840cd60b5e67110cf0fdb820034c3311" classname="com.github.traderjoe95.mls.protocol.tree.TreeKem" time="0.0"/>
  <testcase name="the decrypted path secret should be d9d2c5ebe714ab7fafa2d4f6d9b1c8b4e81ca48ac6057e2cbe189042e591e64d" classname="com.github.traderjoe95.mls.protocol.tree.TreeKem" time="0.0"/>
  <testcase name="a new update path generated by the sender should be successfully processed" classname="com.github.traderjoe95.mls.protocol.tree.TreeKem" time="0.001"/>
  <testcase name="the update path should be parent-hash valid" classname="com.github.traderjoe95.mls.protocol.tree.TreeKem" time="0.001"/>
  <testcase name="the tree hash after merging the update path should be b13458d22381fc4b0ccc9e39164d18c9840cd60b5e67110cf0fdb820034c3311" classname="com.github.traderjoe95.mls.protocol.tree.TreeKem" time="0.0"/>
  <testcase name="the decrypted path secret should be 47043ea1e2961b2a5dd3aaa9f4f01bbc4a52ce153a88c31de1d105466f788ffc" classname="com.github.traderjoe95.mls.protocol.tree.TreeKem" time="0.0"/>
  <testcase name="a new update path generated by the sender should be successfully processed" classname="com.github.traderjoe95.mls.protocol.tree.TreeKem" time="0.0"/>
  <testcase name="the update path should be parent-hash valid" classname="com.github.traderjoe95.mls.protocol.tree.TreeKem" time="0.001"/>
  <testcase name="the tree hash after merging the update path should be b13458d22381fc4b0ccc9e39164d18c9840cd60b5e67110cf0fdb820034c3311" classname="com.github.traderjoe95.mls.protocol.tree.TreeKem" time="0.0"/>
  <testcase name="the decrypted path secret should be e91a12d86125a8d5acc0872133f1e289256c749698427abdcaeedf0139273688" classname="com.github.traderjoe95.mls.protocol.tree.TreeKem" time="0.0"/>
  <testcase name="a new update path generated by the sender should be successfully processed" classname="com.github.traderjoe95.mls.protocol.tree.TreeKem" time="0.0"/>
  <testcase name="the update path should be parent-hash valid" classname="com.github.traderjoe95.mls.protocol.tree.TreeKem" time="0.0"/>
  <testcase name="the tree hash after merging the update path should be b13458d22381fc4b0ccc9e39164d18c9840cd60b5e67110cf0fdb820034c3311" classname="com.github.traderjoe95.mls.protocol.tree.TreeKem" time="0.001"/>
  <testcase name="the decrypted path secret should be e91a12d86125a8d5acc0872133f1e289256c749698427abdcaeedf0139273688" classname="com.github.traderjoe95.mls.protocol.tree.TreeKem" time="0.0"/>
  <testcase name="a new update path generated by the sender should be successfully processed" classname="com.github.traderjoe95.mls.protocol.tree.TreeKem" time="0.001"/>
  <testcase name="the update path should be parent-hash valid" classname="com.github.traderjoe95.mls.protocol.tree.TreeKem" time="0.0"/>
  <testcase name="the tree hash after merging the update path should be b13458d22381fc4b0ccc9e39164d18c9840cd60b5e67110cf0fdb820034c3311" classname="com.github.traderjoe95.mls.protocol.tree.TreeKem" time="0.0"/>
  <testcase name="the decrypted path secret should be e91a12d86125a8d5acc0872133f1e289256c749698427abdcaeedf0139273688" classname="com.github.traderjoe95.mls.protocol.tree.TreeKem" time="0.001"/>
  <testcase name="a new update path generated by the sender should be successfully processed" classname="com.github.traderjoe95.mls.protocol.tree.TreeKem" time="0.001"/>
  <testcase name="the update path should be parent-hash valid" classname="com.github.traderjoe95.mls.protocol.tree.TreeKem" time="0.001"/>
  <testcase name="the tree hash after merging the update path should be 71bd4e79e5845778de3c23fbc136d3cb3b2443159c575d206090927fdb867340" classname="com.github.traderjoe95.mls.protocol.tree.TreeKem" time="0.0"/>
  <testcase name="the decrypted path secret should be dee0e649e0c5e19c60d6b4561423f165974f36e9d60c692e1c1a600904ee7dd2" classname="com.github.traderjoe95.mls.protocol.tree.TreeKem" time="0.001"/>
  <testcase name="a new update path generated by the sender should be successfully processed" classname="com.github.traderjoe95.mls.protocol.tree.TreeKem" time="0.001"/>
  <testcase name="the update path should be parent-hash valid" classname="com.github.traderjoe95.mls.protocol.tree.TreeKem" time="0.0"/>
  <testcase name="the tree hash after merging the update path should be 71bd4e79e5845778de3c23fbc136d3cb3b2443159c575d206090927fdb867340" classname="com.github.traderjoe95.mls.protocol.tree.TreeKem" time="0.0"/>
  <testcase name="the decrypted path secret should be dee0e649e0c5e19c60d6b4561423f165974f36e9d60c692e1c1a600904ee7dd2" classname="com.github.traderjoe95.mls.protocol.tree.TreeKem" time="0.001"/>
  <testcase name="a new update path generated by the sender should be successfully processed" classname="com.github.traderjoe95.mls.protocol.tree.TreeKem" time="0.001"/>
  <testcase name="the update path should be parent-hash valid" classname="com.github.traderjoe95.mls.protocol.tree.TreeKem" time="0.0"/>
  <testcase name="the tree hash after merging the update path should be 71bd4e79e5845778de3c23fbc136d3cb3b2443159c575d206090927fdb867340" classname="com.github.traderjoe95.mls.protocol.tree.TreeKem" time="0.0"/>
  <testcase name="the decrypted path secret should be dee0e649e0c5e19c60d6b4561423f165974f36e9d60c692e1c1a600904ee7dd2" classname="com.github.traderjoe95.mls.protocol.tree.TreeKem" time="0.0"/>
  <testcase name="a new update path generated by the sender should be successfully processed" classname="com.github.traderjoe95.mls.protocol.tree.TreeKem" time="0.0"/>
  <testcase name="the update path should be parent-hash valid" classname="com.github.traderjoe95.mls.protocol.tree.TreeKem" time="0.0"/>
  <testcase name="the tree hash after merging the update path should be 71bd4e79e5845778de3c23fbc136d3cb3b2443159c575d206090927fdb867340" classname="com.github.traderjoe95.mls.protocol.tree.TreeKem" time="0.0"/>
  <testcase name="the decrypted path secret should be dee0e649e0c5e19c60d6b4561423f165974f36e9d60c692e1c1a600904ee7dd2" classname="com.github.traderjoe95.mls.protocol.tree.TreeKem" time="0.0"/>
  <testcase name="a new update path generated by the sender should be successfully processed" classname="com.github.traderjoe95.mls.protocol.tree.TreeKem" time="0.001"/>
  <testcase name="the update path should be parent-hash valid" classname="com.github.traderjoe95.mls.protocol.tree.TreeKem" time="0.0"/>
  <testcase name="the tree hash after merging the update path should be 71bd4e79e5845778de3c23fbc136d3cb3b2443159c575d206090927fdb867340" classname="com.github.traderjoe95.mls.protocol.tree.TreeKem" time="0.0"/>
  <testcase name="the decrypted path secret should be 72d46a199f58a9227f1cd24468537f238a841a745ca09e7bca0c9c18a58a09e9" classname="com.github.traderjoe95.mls.protocol.tree.TreeKem" time="0.001"/>
  <testcase name="a new update path generated by the sender should be successfully processed" classname="com.github.traderjoe95.mls.protocol.tree.TreeKem" time="0.001"/>
  <testcase name="the update path should be parent-hash valid" classname="com.github.traderjoe95.mls.protocol.tree.TreeKem" time="0.0"/>
  <testcase name="the tree hash after merging the update path should be 71bd4e79e5845778de3c23fbc136d3cb3b2443159c575d206090927fdb867340" classname="com.github.traderjoe95.mls.protocol.tree.TreeKem" time="0.0"/>
  <testcase name="the decrypted path secret should be f2c5622949d4e6ca8f917ef1b0d4fe106d8592c2f629822908146332907e5682" classname="com.github.traderjoe95.mls.protocol.tree.TreeKem" time="0.001"/>
  <testcase name="a new update path generated by the sender should be successfully processed" classname="com.github.traderjoe95.mls.protocol.tree.TreeKem" time="0.001"/>
  <testcase name="the update path should be parent-hash valid" classname="com.github.traderjoe95.mls.protocol.tree.TreeKem" time="0.001"/>
  <testcase name="the tree hash after merging the update path should be cf928ad8f59f7587acc60d7dd6c07e94e8b45e089556870bf35d6a1c2abc9dc5" classname="com.github.traderjoe95.mls.protocol.tree.TreeKem" time="0.001"/>
  <testcase name="the decrypted path secret should be 76e43a0e5d68f13141d25eaa05da893b4b60ec1fcf2a6d0a73b7a6a28b5c71ee" classname="com.github.traderjoe95.mls.protocol.tree.TreeKem" time="0.001"/>
  <testcase name="a new update path generated by the sender should be successfully processed" classname="com.github.traderjoe95.mls.protocol.tree.TreeKem" time="0.001"/>
  <testcase name="the update path should be parent-hash valid" classname="com.github.traderjoe95.mls.protocol.tree.TreeKem" time="0.0"/>
  <testcase name="the tree hash after merging the update path should be cf928ad8f59f7587acc60d7dd6c07e94e8b45e089556870bf35d6a1c2abc9dc5" classname="com.github.traderjoe95.mls.protocol.tree.TreeKem" time="0.0"/>
  <testcase name="the decrypted path secret should be 76e43a0e5d68f13141d25eaa05da893b4b60ec1fcf2a6d0a73b7a6a28b5c71ee" classname="com.github.traderjoe95.mls.protocol.tree.TreeKem" time="0.001"/>
  <testcase name="a new update path generated by the sender should be successfully processed" classname="com.github.traderjoe95.mls.protocol.tree.TreeKem" time="0.0"/>
  <testcase name="the update path should be parent-hash valid" classname="com.github.traderjoe95.mls.protocol.tree.TreeKem" time="0.0"/>
  <testcase name="the tree hash after merging the update path should be cf928ad8f59f7587acc60d7dd6c07e94e8b45e089556870bf35d6a1c2abc9dc5" classname="com.github.traderjoe95.mls.protocol.tree.TreeKem" time="0.0"/>
  <testcase name="the decrypted path secret should be 76e43a0e5d68f13141d25eaa05da893b4b60ec1fcf2a6d0a73b7a6a28b5c71ee" classname="com.github.traderjoe95.mls.protocol.tree.TreeKem" time="0.0"/>
  <testcase name="a new update path generated by the sender should be successfully processed" classname="com.github.traderjoe95.mls.protocol.tree.TreeKem" time="0.001"/>
  <testcase name="the update path should be parent-hash valid" classname="com.github.traderjoe95.mls.protocol.tree.TreeKem" time="0.0"/>
  <testcase name="the tree hash after merging the update path should be cf928ad8f59f7587acc60d7dd6c07e94e8b45e089556870bf35d6a1c2abc9dc5" classname="com.github.traderjoe95.mls.protocol.tree.TreeKem" time="0.0"/>
  <testcase name="the decrypted path secret should be 76e43a0e5d68f13141d25eaa05da893b4b60ec1fcf2a6d0a73b7a6a28b5c71ee" classname="com.github.traderjoe95.mls.protocol.tree.TreeKem" time="0.0"/>
  <testcase name="a new update path generated by the sender should be successfully processed" classname="com.github.traderjoe95.mls.protocol.tree.TreeKem" time="0.0"/>
  <testcase name="the update path should be parent-hash valid" classname="com.github.traderjoe95.mls.protocol.tree.TreeKem" time="0.001"/>
  <testcase name="the tree hash after merging the update path should be cf928ad8f59f7587acc60d7dd6c07e94e8b45e089556870bf35d6a1c2abc9dc5" classname="com.github.traderjoe95.mls.protocol.tree.TreeKem" time="0.001"/>
  <testcase name="the decrypted path secret should be 3c78597856241bd7ee600cdbf8a7b4b5962c5ea3e095eaa07b4dc0351f08483d" classname="com.github.traderjoe95.mls.protocol.tree.TreeKem" time="0.001"/>
  <testcase name="a new update path generated by the sender should be successfully processed" classname="com.github.traderjoe95.mls.protocol.tree.TreeKem" time="0.0"/>
  <testcase name="the update path should be parent-hash valid" classname="com.github.traderjoe95.mls.protocol.tree.TreeKem" time="0.0"/>
  <testcase name="the tree hash after merging the update path should be cf928ad8f59f7587acc60d7dd6c07e94e8b45e089556870bf35d6a1c2abc9dc5" classname="com.github.traderjoe95.mls.protocol.tree.TreeKem" time="0.0"/>
  <testcase name="the decrypted path secret should be ebc06cf63c3d0bc4759702d3be52e9ad6cf6942f2c8e9e138653602a9f20cfcd" classname="com.github.traderjoe95.mls.protocol.tree.TreeKem" time="0.001"/>
  <testcase name="a new update path generated by the sender should be successfully processed" classname="com.github.traderjoe95.mls.protocol.tree.TreeKem" time="0.001"/>
  <testcase name="the update path should be parent-hash valid" classname="com.github.traderjoe95.mls.protocol.tree.TreeKem" time="0.0"/>
  <testcase name="the tree hash after merging the update path should be 8b305e2bd45d61d7f3ceb0d15946ffbd68cdccf3a108ba2eae693b0499a2e3ca" classname="com.github.traderjoe95.mls.protocol.tree.TreeKem" time="0.001"/>
  <testcase name="the decrypted path secret should be 2c52936b1c12a651516fc39fd0061af759f4e1e9cd61276f5053e4c05275ceb0" classname="com.github.traderjoe95.mls.protocol.tree.TreeKem" time="0.001"/>
  <testcase name="a new update path generated by the sender should be successfully processed" classname="com.github.traderjoe95.mls.protocol.tree.TreeKem" time="0.001"/>
  <testcase name="the update path should be parent-hash valid" classname="com.github.traderjoe95.mls.protocol.tree.TreeKem" time="0.0"/>
  <testcase name="the tree hash after merging the update path should be 8b305e2bd45d61d7f3ceb0d15946ffbd68cdccf3a108ba2eae693b0499a2e3ca" classname="com.github.traderjoe95.mls.protocol.tree.TreeKem" time="0.0"/>
  <testcase name="the decrypted path secret should be 2c52936b1c12a651516fc39fd0061af759f4e1e9cd61276f5053e4c05275ceb0" classname="com.github.traderjoe95.mls.protocol.tree.TreeKem" time="0.0"/>
  <testcase name="a new update path generated by the sender should be successfully processed" classname="com.github.traderjoe95.mls.protocol.tree.TreeKem" time="0.0"/>
  <testcase name="the update path should be parent-hash valid" classname="com.github.traderjoe95.mls.protocol.tree.TreeKem" time="0.001"/>
  <testcase name="the tree hash after merging the update path should be 8b305e2bd45d61d7f3ceb0d15946ffbd68cdccf3a108ba2eae693b0499a2e3ca" classname="com.github.traderjoe95.mls.protocol.tree.TreeKem" time="0.0"/>
  <testcase name="the decrypted path secret should be 2c52936b1c12a651516fc39fd0061af759f4e1e9cd61276f5053e4c05275ceb0" classname="com.github.traderjoe95.mls.protocol.tree.TreeKem" time="0.001"/>
  <testcase name="a new update path generated by the sender should be successfully processed" classname="com.github.traderjoe95.mls.protocol.tree.TreeKem" time="0.001"/>
  <testcase name="the update path should be parent-hash valid" classname="com.github.traderjoe95.mls.protocol.tree.TreeKem" time="0.0"/>
  <testcase name="the tree hash after merging the update path should be 8b305e2bd45d61d7f3ceb0d15946ffbd68cdccf3a108ba2eae693b0499a2e3ca" classname="com.github.traderjoe95.mls.protocol.tree.TreeKem" time="0.001"/>
  <testcase name="the decrypted path secret should be 2c52936b1c12a651516fc39fd0061af759f4e1e9cd61276f5053e4c05275ceb0" classname="com.github.traderjoe95.mls.protocol.tree.TreeKem" time="0.001"/>
  <testcase name="a new update path generated by the sender should be successfully processed" classname="com.github.traderjoe95.mls.protocol.tree.TreeKem" time="0.001"/>
  <testcase name="the update path should be parent-hash valid" classname="com.github.traderjoe95.mls.protocol.tree.TreeKem" time="0.0"/>
  <testcase name="the tree hash after merging the update path should be 8b305e2bd45d61d7f3ceb0d15946ffbd68cdccf3a108ba2eae693b0499a2e3ca" classname="com.github.traderjoe95.mls.protocol.tree.TreeKem" time="0.0"/>
  <testcase name="the decrypted path secret should be 1d5d51d8542718cd60a6cd382e913de1d69647c6d175cc101b3be6b7910a6fc7" classname="com.github.traderjoe95.mls.protocol.tree.TreeKem" time="0.0"/>
  <testcase name="a new update path generated by the sender should be successfully processed" classname="com.github.traderjoe95.mls.protocol.tree.TreeKem" time="0.0"/>
  <testcase name="the update path should be parent-hash valid" classname="com.github.traderjoe95.mls.protocol.tree.TreeKem" time="0.001"/>
  <testcase name="the tree hash after merging the update path should be 8b305e2bd45d61d7f3ceb0d15946ffbd68cdccf3a108ba2eae693b0499a2e3ca" classname="com.github.traderjoe95.mls.protocol.tree.TreeKem" time="0.0"/>
  <testcase name="the decrypted path secret should be 1d5d51d8542718cd60a6cd382e913de1d69647c6d175cc101b3be6b7910a6fc7" classname="com.github.traderjoe95.mls.protocol.tree.TreeKem" time="0.0"/>
  <testcase name="a new update path generated by the sender should be successfully processed" classname="com.github.traderjoe95.mls.protocol.tree.TreeKem" time="0.001"/>
  <testcase name="non-blank leaf 0 should be consistent with the public state" classname="com.github.traderjoe95.mls.protocol.tree.TreeKem" time="0.001"/>
  <testcase name="non-blank leaf 1 should be consistent with the public state" classname="com.github.traderjoe95.mls.protocol.tree.TreeKem" time="0.001"/>
  <testcase name="non-blank leaf 2 should be consistent with the public state" classname="com.github.traderjoe95.mls.protocol.tree.TreeKem" time="0.0"/>
  <testcase name="non-blank leaf 3 should be consistent with the public state" classname="com.github.traderjoe95.mls.protocol.tree.TreeKem" time="0.001"/>
  <testcase name="non-blank leaf 4 should be consistent with the public state" classname="com.github.traderjoe95.mls.protocol.tree.TreeKem" time="0.001"/>
  <testcase name="non-blank leaf 5 should be consistent with the public state" classname="com.github.traderjoe95.mls.protocol.tree.TreeKem" time="0.001"/>
  <testcase name="non-blank leaf 6 should be consistent with the public state" classname="com.github.traderjoe95.mls.protocol.tree.TreeKem" time="0.0"/>
  <testcase name="non-blank leaf 7 should be consistent with the public state" classname="com.github.traderjoe95.mls.protocol.tree.TreeKem" time="0.001"/>
  <testcase name="the update path should be parent-hash valid" classname="com.github.traderjoe95.mls.protocol.tree.TreeKem" time="0.0"/>
  <testcase name="the tree hash after merging the update path should be a82a8e59cc53fd88ce5aa684640772352a55c3e2bea7e8cba550727a800c4deb" classname="com.github.traderjoe95.mls.protocol.tree.TreeKem" time="0.0"/>
  <testcase name="the decrypted path secret should be e8608097b9da1863d6a6b540542af95b96ab95bcd9a9c04763313b61c2c99d44" classname="com.github.traderjoe95.mls.protocol.tree.TreeKem" time="0.0"/>
  <testcase name="a new update path generated by the sender should be successfully processed" classname="com.github.traderjoe95.mls.protocol.tree.TreeKem" time="0.001"/>
  <testcase name="the update path should be parent-hash valid" classname="com.github.traderjoe95.mls.protocol.tree.TreeKem" time="0.0"/>
  <testcase name="the tree hash after merging the update path should be a82a8e59cc53fd88ce5aa684640772352a55c3e2bea7e8cba550727a800c4deb" classname="com.github.traderjoe95.mls.protocol.tree.TreeKem" time="0.001"/>
  <testcase name="the decrypted path secret should be 5ccc25c82569cc9731283abbdb9265187c17503e6f9c4ba2484a9e210e83f5a3" classname="com.github.traderjoe95.mls.protocol.tree.TreeKem" time="0.001"/>
  <testcase name="a new update path generated by the sender should be successfully processed" classname="com.github.traderjoe95.mls.protocol.tree.TreeKem" time="0.001"/>
  <testcase name="the update path should be parent-hash valid" classname="com.github.traderjoe95.mls.protocol.tree.TreeKem" time="0.0"/>
  <testcase name="the tree hash after merging the update path should be a82a8e59cc53fd88ce5aa684640772352a55c3e2bea7e8cba550727a800c4deb" classname="com.github.traderjoe95.mls.protocol.tree.TreeKem" time="0.0"/>
  <testcase name="the decrypted path secret should be 5ccc25c82569cc9731283abbdb9265187c17503e6f9c4ba2484a9e210e83f5a3" classname="com.github.traderjoe95.mls.protocol.tree.TreeKem" time="0.001"/>
  <testcase name="a new update path generated by the sender should be successfully processed" classname="com.github.traderjoe95.mls.protocol.tree.TreeKem" time="0.0"/>
  <testcase name="the update path should be parent-hash valid" classname="com.github.traderjoe95.mls.protocol.tree.TreeKem" time="0.0"/>
  <testcase name="the tree hash after merging the update path should be a82a8e59cc53fd88ce5aa684640772352a55c3e2bea7e8cba550727a800c4deb" classname="com.github.traderjoe95.mls.protocol.tree.TreeKem" time="0.0"/>
  <testcase name="the decrypted path secret should be 504766baf72d5ca7c9418c872a0e93387d717bb13f319e4953867cc50b57d676" classname="com.github.traderjoe95.mls.protocol.tree.TreeKem" time="0.0"/>
  <testcase name="a new update path generated by the sender should be successfully processed" classname="com.github.traderjoe95.mls.protocol.tree.TreeKem" time="0.0"/>
  <testcase name="the update path should be parent-hash valid" classname="com.github.traderjoe95.mls.protocol.tree.TreeKem" time="0.001"/>
  <testcase name="the tree hash after merging the update path should be a82a8e59cc53fd88ce5aa684640772352a55c3e2bea7e8cba550727a800c4deb" classname="com.github.traderjoe95.mls.protocol.tree.TreeKem" time="0.001"/>
  <testcase name="the decrypted path secret should be 504766baf72d5ca7c9418c872a0e93387d717bb13f319e4953867cc50b57d676" classname="com.github.traderjoe95.mls.protocol.tree.TreeKem" time="0.001"/>
  <testcase name="a new update path generated by the sender should be successfully processed" classname="com.github.traderjoe95.mls.protocol.tree.TreeKem" time="0.001"/>
  <testcase name="the update path should be parent-hash valid" classname="com.github.traderjoe95.mls.protocol.tree.TreeKem" time="0.0"/>
  <testcase name="the tree hash after merging the update path should be a82a8e59cc53fd88ce5aa684640772352a55c3e2bea7e8cba550727a800c4deb" classname="com.github.traderjoe95.mls.protocol.tree.TreeKem" time="0.001"/>
  <testcase name="the decrypted path secret should be 504766baf72d5ca7c9418c872a0e93387d717bb13f319e4953867cc50b57d676" classname="com.github.traderjoe95.mls.protocol.tree.TreeKem" time="0.001"/>
  <testcase name="a new update path generated by the sender should be successfully processed" classname="com.github.traderjoe95.mls.protocol.tree.TreeKem" time="0.001"/>
  <testcase name="the update path should be parent-hash valid" classname="com.github.traderjoe95.mls.protocol.tree.TreeKem" time="0.0"/>
  <testcase name="the tree hash after merging the update path should be a82a8e59cc53fd88ce5aa684640772352a55c3e2bea7e8cba550727a800c4deb" classname="com.github.traderjoe95.mls.protocol.tree.TreeKem" time="0.001"/>
  <testcase name="the decrypted path secret should be 504766baf72d5ca7c9418c872a0e93387d717bb13f319e4953867cc50b57d676" classname="com.github.traderjoe95.mls.protocol.tree.TreeKem" time="0.001"/>
  <testcase name="a new update path generated by the sender should be successfully processed" classname="com.github.traderjoe95.mls.protocol.tree.TreeKem" time="0.001"/>
  <testcase name="the update path should be parent-hash valid" classname="com.github.traderjoe95.mls.protocol.tree.TreeKem" time="0.0"/>
  <testcase name="the tree hash after merging the update path should be 7cd7302d9ebc221f0472f2292231fb1b1775e4588f94c05f7d7401d56e51b7e6" classname="com.github.traderjoe95.mls.protocol.tree.TreeKem" time="0.0"/>
  <testcase name="the decrypted path secret should be 482f034750eac133955a4b06f9907e221c4f7dcde23cd44839d939e74845d5b6" classname="com.github.traderjoe95.mls.protocol.tree.TreeKem" time="0.001"/>
  <testcase name="a new update path generated by the sender should be successfully processed" classname="com.github.traderjoe95.mls.protocol.tree.TreeKem" time="0.001"/>
  <testcase name="the update path should be parent-hash valid" classname="com.github.traderjoe95.mls.protocol.tree.TreeKem" time="0.0"/>
  <testcase name="the tree hash after merging the update path should be 7cd7302d9ebc221f0472f2292231fb1b1775e4588f94c05f7d7401d56e51b7e6" classname="com.github.traderjoe95.mls.protocol.tree.TreeKem" time="0.001"/>
  <testcase name="the decrypted path secret should be 4179fbbca043d7139726430d976a623eac87a9d18bfee7227f2c4d54c16d041e" classname="com.github.traderjoe95.mls.protocol.tree.TreeKem" time="0.001"/>
  <testcase name="a new update path generated by the sender should be successfully processed" classname="com.github.traderjoe95.mls.protocol.tree.TreeKem" time="0.001"/>
  <testcase name="the update path should be parent-hash valid" classname="com.github.traderjoe95.mls.protocol.tree.TreeKem" time="0.001"/>
  <testcase name="the tree hash after merging the update path should be 7cd7302d9ebc221f0472f2292231fb1b1775e4588f94c05f7d7401d56e51b7e6" classname="com.github.traderjoe95.mls.protocol.tree.TreeKem" time="0.0"/>
  <testcase name="the decrypted path secret should be 4179fbbca043d7139726430d976a623eac87a9d18bfee7227f2c4d54c16d041e" classname="com.github.traderjoe95.mls.protocol.tree.TreeKem" time="0.0"/>
  <testcase name="a new update path generated by the sender should be successfully processed" classname="com.github.traderjoe95.mls.protocol.tree.TreeKem" time="0.001"/>
  <testcase name="the update path should be parent-hash valid" classname="com.github.traderjoe95.mls.protocol.tree.TreeKem" time="0.001"/>
  <testcase name="the tree hash after merging the update path should be 7cd7302d9ebc221f0472f2292231fb1b1775e4588f94c05f7d7401d56e51b7e6" classname="com.github.traderjoe95.mls.protocol.tree.TreeKem" time="0.0"/>
  <testcase name="the decrypted path secret should be 0a8222278bb97717570dcbe645ca76266a1a6fbab32e2cd4420431e8611eed12" classname="com.github.traderjoe95.mls.protocol.tree.TreeKem" time="0.0"/>
  <testcase name="a new update path generated by the sender should be successfully processed" classname="com.github.traderjoe95.mls.protocol.tree.TreeKem" time="0.001"/>
  <testcase name="the update path should be parent-hash valid" classname="com.github.traderjoe95.mls.protocol.tree.TreeKem" time="0.0"/>
  <testcase name="the tree hash after merging the update path should be 7cd7302d9ebc221f0472f2292231fb1b1775e4588f94c05f7d7401d56e51b7e6" classname="com.github.traderjoe95.mls.protocol.tree.TreeKem" time="0.0"/>
  <testcase name="the decrypted path secret should be 0a8222278bb97717570dcbe645ca76266a1a6fbab32e2cd4420431e8611eed12" classname="com.github.traderjoe95.mls.protocol.tree.TreeKem" time="0.001"/>
  <testcase name="a new update path generated by the sender should be successfully processed" classname="com.github.traderjoe95.mls.protocol.tree.TreeKem" time="0.001"/>
  <testcase name="the update path should be parent-hash valid" classname="com.github.traderjoe95.mls.protocol.tree.TreeKem" time="0.0"/>
  <testcase name="the tree hash after merging the update path should be 7cd7302d9ebc221f0472f2292231fb1b1775e4588f94c05f7d7401d56e51b7e6" classname="com.github.traderjoe95.mls.protocol.tree.TreeKem" time="0.0"/>
  <testcase name="the decrypted path secret should be 0a8222278bb97717570dcbe645ca76266a1a6fbab32e2cd4420431e8611eed12" classname="com.github.traderjoe95.mls.protocol.tree.TreeKem" time="0.001"/>
  <testcase name="a new update path generated by the sender should be successfully processed" classname="com.github.traderjoe95.mls.protocol.tree.TreeKem" time="0.001"/>
  <testcase name="the update path should be parent-hash valid" classname="com.github.traderjoe95.mls.protocol.tree.TreeKem" time="0.0"/>
  <testcase name="the tree hash after merging the update path should be 7cd7302d9ebc221f0472f2292231fb1b1775e4588f94c05f7d7401d56e51b7e6" classname="com.github.traderjoe95.mls.protocol.tree.TreeKem" time="0.0"/>
  <testcase name="the decrypted path secret should be 0a8222278bb97717570dcbe645ca76266a1a6fbab32e2cd4420431e8611eed12" classname="com.github.traderjoe95.mls.protocol.tree.TreeKem" time="0.0"/>
  <testcase name="a new update path generated by the sender should be successfully processed" classname="com.github.traderjoe95.mls.protocol.tree.TreeKem" time="0.0"/>
  <testcase name="the update path should be parent-hash valid" classname="com.github.traderjoe95.mls.protocol.tree.TreeKem" time="0.001"/>
  <testcase name="the tree hash after merging the update path should be 9ad448353ac8f96b20275757ef1a042ca55cedf508ea66994309ee1181682d66" classname="com.github.traderjoe95.mls.protocol.tree.TreeKem" time="0.0"/>
  <testcase name="the decrypted path secret should be 31b55d9f7db7c7e5b7f1c91517029fb661d7379735b8aab5d942b8bb86af38d8" classname="com.github.traderjoe95.mls.protocol.tree.TreeKem" time="0.0"/>
  <testcase name="a new update path generated by the sender should be successfully processed" classname="com.github.traderjoe95.mls.protocol.tree.TreeKem" time="0.001"/>
  <testcase name="the update path should be parent-hash valid" classname="com.github.traderjoe95.mls.protocol.tree.TreeKem" time="0.0"/>
  <testcase name="the tree hash after merging the update path should be 9ad448353ac8f96b20275757ef1a042ca55cedf508ea66994309ee1181682d66" classname="com.github.traderjoe95.mls.protocol.tree.TreeKem" time="0.001"/>
  <testcase name="the decrypted path secret should be 31b55d9f7db7c7e5b7f1c91517029fb661d7379735b8aab5d942b8bb86af38d8" classname="com.github.traderjoe95.mls.protocol.tree.TreeKem" time="0.0"/>
  <testcase name="a new update path generated by the sender should be successfully processed" classname="com.github.traderjoe95.mls.protocol.tree.TreeKem" time="0.001"/>
  <testcase name="the update path should be parent-hash valid" classname="com.github.traderjoe95.mls.protocol.tree.TreeKem" time="0.0"/>
  <testcase name="the tree hash after merging the update path should be 9ad448353ac8f96b20275757ef1a042ca55cedf508ea66994309ee1181682d66" classname="com.github.traderjoe95.mls.protocol.tree.TreeKem" time="0.001"/>
  <testcase name="the decrypted path secret should be 65ed1479842ad410d32092f6073db017eac8827be3c47d169f742a167755cbeb" classname="com.github.traderjoe95.mls.protocol.tree.TreeKem" time="0.0"/>
  <testcase name="a new update path generated by the sender should be successfully processed" classname="com.github.traderjoe95.mls.protocol.tree.TreeKem" time="0.001"/>
  <testcase name="the update path should be parent-hash valid" classname="com.github.traderjoe95.mls.protocol.tree.TreeKem" time="0.001"/>
  <testcase name="the tree hash after merging the update path should be 9ad448353ac8f96b20275757ef1a042ca55cedf508ea66994309ee1181682d66" classname="com.github.traderjoe95.mls.protocol.tree.TreeKem" time="0.0"/>
  <testcase name="the decrypted path secret should be fcc016ff84f1dab6df10a1f1c1847187255d3dcba8b1d859a09d66eb40cd82dc" classname="com.github.traderjoe95.mls.protocol.tree.TreeKem" time="0.001"/>
  <testcase name="a new update path generated by the sender should be successfully processed" classname="com.github.traderjoe95.mls.protocol.tree.TreeKem" time="0.001"/>
  <testcase name="the update path should be parent-hash valid" classname="com.github.traderjoe95.mls.protocol.tree.TreeKem" time="0.0"/>
  <testcase name="the tree hash after merging the update path should be 9ad448353ac8f96b20275757ef1a042ca55cedf508ea66994309ee1181682d66" classname="com.github.traderjoe95.mls.protocol.tree.TreeKem" time="0.0"/>
  <testcase name="the decrypted path secret should be fcc016ff84f1dab6df10a1f1c1847187255d3dcba8b1d859a09d66eb40cd82dc" classname="com.github.traderjoe95.mls.protocol.tree.TreeKem" time="0.0"/>
  <testcase name="a new update path generated by the sender should be successfully processed" classname="com.github.traderjoe95.mls.protocol.tree.TreeKem" time="0.001"/>
  <testcase name="the update path should be parent-hash valid" classname="com.github.traderjoe95.mls.protocol.tree.TreeKem" time="0.0"/>
  <testcase name="the tree hash after merging the update path should be 9ad448353ac8f96b20275757ef1a042ca55cedf508ea66994309ee1181682d66" classname="com.github.traderjoe95.mls.protocol.tree.TreeKem" time="0.001"/>
  <testcase name="the decrypted path secret should be fcc016ff84f1dab6df10a1f1c1847187255d3dcba8b1d859a09d66eb40cd82dc" classname="com.github.traderjoe95.mls.protocol.tree.TreeKem" time="0.001"/>
  <testcase name="a new update path generated by the sender should be successfully processed" classname="com.github.traderjoe95.mls.protocol.tree.TreeKem" time="0.001"/>
  <testcase name="the update path should be parent-hash valid" classname="com.github.traderjoe95.mls.protocol.tree.TreeKem" time="0.0"/>
  <testcase name="the tree hash after merging the update path should be 9ad448353ac8f96b20275757ef1a042ca55cedf508ea66994309ee1181682d66" classname="com.github.traderjoe95.mls.protocol.tree.TreeKem" time="0.001"/>
  <testcase name="the decrypted path secret should be fcc016ff84f1dab6df10a1f1c1847187255d3dcba8b1d859a09d66eb40cd82dc" classname="com.github.traderjoe95.mls.protocol.tree.TreeKem" time="0.0"/>
  <testcase name="a new update path generated by the sender should be successfully processed" classname="com.github.traderjoe95.mls.protocol.tree.TreeKem" time="0.001"/>
  <testcase name="the update path should be parent-hash valid" classname="com.github.traderjoe95.mls.protocol.tree.TreeKem" time="0.0"/>
  <testcase name="the tree hash after merging the update path should be a1c803693b5734bc38b23e106630b98dfae387feb55b077ff0a14e78cf21c447" classname="com.github.traderjoe95.mls.protocol.tree.TreeKem" time="0.001"/>
  <testcase name="the decrypted path secret should be d9d2c5ebe714ab7fafa2d4f6d9b1c8b4e81ca48ac6057e2cbe189042e591e64d" classname="com.github.traderjoe95.mls.protocol.tree.TreeKem" time="0.001"/>
  <testcase name="a new update path generated by the sender should be successfully processed" classname="com.github.traderjoe95.mls.protocol.tree.TreeKem" time="0.001"/>
  <testcase name="the update path should be parent-hash valid" classname="com.github.traderjoe95.mls.protocol.tree.TreeKem" time="0.0"/>
  <testcase name="the tree hash after merging the update path should be a1c803693b5734bc38b23e106630b98dfae387feb55b077ff0a14e78cf21c447" classname="com.github.traderjoe95.mls.protocol.tree.TreeKem" time="0.0"/>
  <testcase name="the decrypted path secret should be d9d2c5ebe714ab7fafa2d4f6d9b1c8b4e81ca48ac6057e2cbe189042e591e64d" classname="com.github.traderjoe95.mls.protocol.tree.TreeKem" time="0.0"/>
  <testcase name="a new update path generated by the sender should be successfully processed" classname="com.github.traderjoe95.mls.protocol.tree.TreeKem" time="0.001"/>
  <testcase name="the update path should be parent-hash valid" classname="com.github.traderjoe95.mls.protocol.tree.TreeKem" time="0.001"/>
  <testcase name="the tree hash after merging the update path should be a1c803693b5734bc38b23e106630b98dfae387feb55b077ff0a14e78cf21c447" classname="com.github.traderjoe95.mls.protocol.tree.TreeKem" time="0.0"/>
  <testcase name="the decrypted path secret should be 47043ea1e2961b2a5dd3aaa9f4f01bbc4a52ce153a88c31de1d105466f788ffc" classname="com.github.traderjoe95.mls.protocol.tree.TreeKem" time="0.0"/>
  <testcase name="a new update path generated by the sender should be successfully processed" classname="com.github.traderjoe95.mls.protocol.tree.TreeKem" time="0.0"/>
  <testcase name="the update path should be parent-hash valid" classname="com.github.traderjoe95.mls.protocol.tree.TreeKem" time="0.0"/>
  <testcase name="the tree hash after merging the update path should be a1c803693b5734bc38b23e106630b98dfae387feb55b077ff0a14e78cf21c447" classname="com.github.traderjoe95.mls.protocol.tree.TreeKem" time="0.0"/>
  <testcase name="the decrypted path secret should be e91a12d86125a8d5acc0872133f1e289256c749698427abdcaeedf0139273688" classname="com.github.traderjoe95.mls.protocol.tree.TreeKem" time="0.0"/>
  <testcase name="a new update path generated by the sender should be successfully processed" classname="com.github.traderjoe95.mls.protocol.tree.TreeKem" time="0.0"/>
  <testcase name="the update path should be parent-hash valid" classname="com.github.traderjoe95.mls.protocol.tree.TreeKem" time="0.001"/>
  <testcase name="the tree hash after merging the update path should be a1c803693b5734bc38b23e106630b98dfae387feb55b077ff0a14e78cf21c447" classname="com.github.traderjoe95.mls.protocol.tree.TreeKem" time="0.001"/>
  <testcase name="the decrypted path secret should be e91a12d86125a8d5acc0872133f1e289256c749698427abdcaeedf0139273688" classname="com.github.traderjoe95.mls.protocol.tree.TreeKem" time="0.001"/>
  <testcase name="a new update path generated by the sender should be successfully processed" classname="com.github.traderjoe95.mls.protocol.tree.TreeKem" time="0.001"/>
  <testcase name="the update path should be parent-hash valid" classname="com.github.traderjoe95.mls.protocol.tree.TreeKem" time="0.0"/>
  <testcase name="the tree hash after merging the update path should be a1c803693b5734bc38b23e106630b98dfae387feb55b077ff0a14e78cf21c447" classname="com.github.traderjoe95.mls.protocol.tree.TreeKem" time="0.0"/>
  <testcase name="the decrypted path secret should be e91a12d86125a8d5acc0872133f1e289256c749698427abdcaeedf0139273688" classname="com.github.traderjoe95.mls.protocol.tree.TreeKem" time="0.001"/>
  <testcase name="a new update path generated by the sender should be successfully processed" classname="com.github.traderjoe95.mls.protocol.tree.TreeKem" time="0.001"/>
  <testcase name="the update path should be parent-hash valid" classname="com.github.traderjoe95.mls.protocol.tree.TreeKem" time="0.0"/>
  <testcase name="the tree hash after merging the update path should be a1c803693b5734bc38b23e106630b98dfae387feb55b077ff0a14e78cf21c447" classname="com.github.traderjoe95.mls.protocol.tree.TreeKem" time="0.001"/>
  <testcase name="the decrypted path secret should be e91a12d86125a8d5acc0872133f1e289256c749698427abdcaeedf0139273688" classname="com.github.traderjoe95.mls.protocol.tree.TreeKem" time="0.0"/>
  <testcase name="a new update path generated by the sender should be successfully processed" classname="com.github.traderjoe95.mls.protocol.tree.TreeKem" time="0.001"/>
  <testcase name="the update path should be parent-hash valid" classname="com.github.traderjoe95.mls.protocol.tree.TreeKem" time="0.0"/>
  <testcase name="the tree hash after merging the update path should be 59cf577595404d31f79a5461b31c89a5ad2e6b05474ee25fe43daa23d5cf57bb" classname="com.github.traderjoe95.mls.protocol.tree.TreeKem" time="0.001"/>
  <testcase name="the decrypted path secret should be dee0e649e0c5e19c60d6b4561423f165974f36e9d60c692e1c1a600904ee7dd2" classname="com.github.traderjoe95.mls.protocol.tree.TreeKem" time="0.0"/>
  <testcase name="a new update path generated by the sender should be successfully processed" classname="com.github.traderjoe95.mls.protocol.tree.TreeKem" time="0.001"/>
  <testcase name="the update path should be parent-hash valid" classname="com.github.traderjoe95.mls.protocol.tree.TreeKem" time="0.001"/>
  <testcase name="the tree hash after merging the update path should be 59cf577595404d31f79a5461b31c89a5ad2e6b05474ee25fe43daa23d5cf57bb" classname="com.github.traderjoe95.mls.protocol.tree.TreeKem" time="0.0"/>
  <testcase name="the decrypted path secret should be dee0e649e0c5e19c60d6b4561423f165974f36e9d60c692e1c1a600904ee7dd2" classname="com.github.traderjoe95.mls.protocol.tree.TreeKem" time="0.001"/>
  <testcase name="a new update path generated by the sender should be successfully processed" classname="com.github.traderjoe95.mls.protocol.tree.TreeKem" time="0.001"/>
  <testcase name="the update path should be parent-hash valid" classname="com.github.traderjoe95.mls.protocol.tree.TreeKem" time="0.0"/>
  <testcase name="the tree hash after merging the update path should be 59cf577595404d31f79a5461b31c89a5ad2e6b05474ee25fe43daa23d5cf57bb" classname="com.github.traderjoe95.mls.protocol.tree.TreeKem" time="0.0"/>
  <testcase name="the decrypted path secret should be dee0e649e0c5e19c60d6b4561423f165974f36e9d60c692e1c1a600904ee7dd2" classname="com.github.traderjoe95.mls.protocol.tree.TreeKem" time="0.0"/>
  <testcase name="a new update path generated by the sender should be successfully processed" classname="com.github.traderjoe95.mls.protocol.tree.TreeKem" time="0.001"/>
  <testcase name="the update path should be parent-hash valid" classname="com.github.traderjoe95.mls.protocol.tree.TreeKem" time="0.0"/>
  <testcase name="the tree hash after merging the update path should be 59cf577595404d31f79a5461b31c89a5ad2e6b05474ee25fe43daa23d5cf57bb" classname="com.github.traderjoe95.mls.protocol.tree.TreeKem" time="0.0"/>
  <testcase name="the decrypted path secret should be dee0e649e0c5e19c60d6b4561423f165974f36e9d60c692e1c1a600904ee7dd2" classname="com.github.traderjoe95.mls.protocol.tree.TreeKem" time="0.0"/>
  <testcase name="a new update path generated by the sender should be successfully processed" classname="com.github.traderjoe95.mls.protocol.tree.TreeKem" time="0.0"/>
  <testcase name="the update path should be parent-hash valid" classname="com.github.traderjoe95.mls.protocol.tree.TreeKem" time="0.0"/>
  <testcase name="the tree hash after merging the update path should be 59cf577595404d31f79a5461b31c89a5ad2e6b05474ee25fe43daa23d5cf57bb" classname="com.github.traderjoe95.mls.protocol.tree.TreeKem" time="0.0"/>
  <testcase name="the decrypted path secret should be 72d46a199f58a9227f1cd24468537f238a841a745ca09e7bca0c9c18a58a09e9" classname="com.github.traderjoe95.mls.protocol.tree.TreeKem" time="0.0"/>
  <testcase name="a new update path generated by the sender should be successfully processed" classname="com.github.traderjoe95.mls.protocol.tree.TreeKem" time="0.001"/>
  <testcase name="the update path should be parent-hash valid" classname="com.github.traderjoe95.mls.protocol.tree.TreeKem" time="0.0"/>
  <testcase name="the tree hash after merging the update path should be 59cf577595404d31f79a5461b31c89a5ad2e6b05474ee25fe43daa23d5cf57bb" classname="com.github.traderjoe95.mls.protocol.tree.TreeKem" time="0.001"/>
  <testcase name="the decrypted path secret should be f2c5622949d4e6ca8f917ef1b0d4fe106d8592c2f629822908146332907e5682" classname="com.github.traderjoe95.mls.protocol.tree.TreeKem" time="0.001"/>
  <testcase name="a new update path generated by the sender should be successfully processed" classname="com.github.traderjoe95.mls.protocol.tree.TreeKem" time="0.001"/>
  <testcase name="the update path should be parent-hash valid" classname="com.github.traderjoe95.mls.protocol.tree.TreeKem" time="0.0"/>
  <testcase name="the tree hash after merging the update path should be 59cf577595404d31f79a5461b31c89a5ad2e6b05474ee25fe43daa23d5cf57bb" classname="com.github.traderjoe95.mls.protocol.tree.TreeKem" time="0.0"/>
  <testcase name="the decrypted path secret should be f2c5622949d4e6ca8f917ef1b0d4fe106d8592c2f629822908146332907e5682" classname="com.github.traderjoe95.mls.protocol.tree.TreeKem" time="0.001"/>
  <testcase name="a new update path generated by the sender should be successfully processed" classname="com.github.traderjoe95.mls.protocol.tree.TreeKem" time="0.001"/>
  <testcase name="the update path should be parent-hash valid" classname="com.github.traderjoe95.mls.protocol.tree.TreeKem" time="0.0"/>
  <testcase name="the tree hash after merging the update path should be 09d8defcf261e6607333f6791f007d067b523644484dd27b11213ce15718dc8b" classname="com.github.traderjoe95.mls.protocol.tree.TreeKem" time="0.0"/>
  <testcase name="the decrypted path secret should be 76e43a0e5d68f13141d25eaa05da893b4b60ec1fcf2a6d0a73b7a6a28b5c71ee" classname="com.github.traderjoe95.mls.protocol.tree.TreeKem" time="0.001"/>
  <testcase name="a new update path generated by the sender should be successfully processed" classname="com.github.traderjoe95.mls.protocol.tree.TreeKem" time="0.0"/>
  <testcase name="the update path should be parent-hash valid" classname="com.github.traderjoe95.mls.protocol.tree.TreeKem" time="0.001"/>
  <testcase name="the tree hash after merging the update path should be 09d8defcf261e6607333f6791f007d067b523644484dd27b11213ce15718dc8b" classname="com.github.traderjoe95.mls.protocol.tree.TreeKem" time="0.001"/>
  <testcase name="the decrypted path secret should be 76e43a0e5d68f13141d25eaa05da893b4b60ec1fcf2a6d0a73b7a6a28b5c71ee" classname="com.github.traderjoe95.mls.protocol.tree.TreeKem" time="0.0"/>
  <testcase name="a new update path generated by the sender should be successfully processed" classname="com.github.traderjoe95.mls.protocol.tree.TreeKem" time="0.001"/>
  <testcase name="the update path should be parent-hash valid" classname="com.github.traderjoe95.mls.protocol.tree.TreeKem" time="0.0"/>
  <testcase name="the tree hash after merging the update path should be 09d8defcf261e6607333f6791f007d067b523644484dd27b11213ce15718dc8b" classname="com.github.traderjoe95.mls.protocol.tree.TreeKem" time="0.001"/>
  <testcase name="the decrypted path secret should be 76e43a0e5d68f13141d25eaa05da893b4b60ec1fcf2a6d0a73b7a6a28b5c71ee" classname="com.github.traderjoe95.mls.protocol.tree.TreeKem" time="0.0"/>
  <testcase name="a new update path generated by the sender should be successfully processed" classname="com.github.traderjoe95.mls.protocol.tree.TreeKem" time="0.001"/>
  <testcase name="the update path should be parent-hash valid" classname="com.github.traderjoe95.mls.protocol.tree.TreeKem" time="0.0"/>
  <testcase name="the tree hash after merging the update path should be 09d8defcf261e6607333f6791f007d067b523644484dd27b11213ce15718dc8b" classname="com.github.traderjoe95.mls.protocol.tree.TreeKem" time="0.0"/>
  <testcase name="the decrypted path secret should be 76e43a0e5d68f13141d25eaa05da893b4b60ec1fcf2a6d0a73b7a6a28b5c71ee" classname="com.github.traderjoe95.mls.protocol.tree.TreeKem" time="0.001"/>
  <testcase name="a new update path generated by the sender should be successfully processed" classname="com.github.traderjoe95.mls.protocol.tree.TreeKem" time="0.001"/>
  <testcase name="the update path should be parent-hash valid" classname="com.github.traderjoe95.mls.protocol.tree.TreeKem" time="0.0"/>
  <testcase name="the tree hash after merging the update path should be 09d8defcf261e6607333f6791f007d067b523644484dd27b11213ce15718dc8b" classname="com.github.traderjoe95.mls.protocol.tree.TreeKem" time="0.0"/>
  <testcase name="the decrypted path secret should be 3c78597856241bd7ee600cdbf8a7b4b5962c5ea3e095eaa07b4dc0351f08483d" classname="com.github.traderjoe95.mls.protocol.tree.TreeKem" time="0.0"/>
  <testcase name="a new update path generated by the sender should be successfully processed" classname="com.github.traderjoe95.mls.protocol.tree.TreeKem" time="0.0"/>
  <testcase name="the update path should be parent-hash valid" classname="com.github.traderjoe95.mls.protocol.tree.TreeKem" time="0.001"/>
  <testcase name="the tree hash after merging the update path should be 09d8defcf261e6607333f6791f007d067b523644484dd27b11213ce15718dc8b" classname="com.github.traderjoe95.mls.protocol.tree.TreeKem" time="0.0"/>
  <testcase name="the decrypted path secret should be ebc06cf63c3d0bc4759702d3be52e9ad6cf6942f2c8e9e138653602a9f20cfcd" classname="com.github.traderjoe95.mls.protocol.tree.TreeKem" time="0.0"/>
  <testcase name="a new update path generated by the sender should be successfully processed" classname="com.github.traderjoe95.mls.protocol.tree.TreeKem" time="0.001"/>
  <testcase name="the update path should be parent-hash valid" classname="com.github.traderjoe95.mls.protocol.tree.TreeKem" time="0.0"/>
  <testcase name="the tree hash after merging the update path should be 09d8defcf261e6607333f6791f007d067b523644484dd27b11213ce15718dc8b" classname="com.github.traderjoe95.mls.protocol.tree.TreeKem" time="0.001"/>
  <testcase name="the decrypted path secret should be ebc06cf63c3d0bc4759702d3be52e9ad6cf6942f2c8e9e138653602a9f20cfcd" classname="com.github.traderjoe95.mls.protocol.tree.TreeKem" time="0.001"/>
  <testcase name="a new update path generated by the sender should be successfully processed" classname="com.github.traderjoe95.mls.protocol.tree.TreeKem" time="0.001"/>
  <testcase name="the update path should be parent-hash valid" classname="com.github.traderjoe95.mls.protocol.tree.TreeKem" time="0.0"/>
  <testcase name="the tree hash after merging the update path should be 6acee84382081fe1782b64496be36e6928691454be2c08a93f3c264a0a9bef1e" classname="com.github.traderjoe95.mls.protocol.tree.TreeKem" time="0.0"/>
  <testcase name="the decrypted path secret should be 690368d443d3e783030498d5f57cd99755287c03631ba5fe326c4c3bfd0c313a" classname="com.github.traderjoe95.mls.protocol.tree.TreeKem" time="0.0"/>
  <testcase name="a new update path generated by the sender should be successfully processed" classname="com.github.traderjoe95.mls.protocol.tree.TreeKem" time="0.0"/>
  <testcase name="the update path should be parent-hash valid" classname="com.github.traderjoe95.mls.protocol.tree.TreeKem" time="0.0"/>
  <testcase name="the tree hash after merging the update path should be 6acee84382081fe1782b64496be36e6928691454be2c08a93f3c264a0a9bef1e" classname="com.github.traderjoe95.mls.protocol.tree.TreeKem" time="0.001"/>
  <testcase name="the decrypted path secret should be 690368d443d3e783030498d5f57cd99755287c03631ba5fe326c4c3bfd0c313a" classname="com.github.traderjoe95.mls.protocol.tree.TreeKem" time="0.001"/>
  <testcase name="a new update path generated by the sender should be successfully processed" classname="com.github.traderjoe95.mls.protocol.tree.TreeKem" time="0.001"/>
  <testcase name="the update path should be parent-hash valid" classname="com.github.traderjoe95.mls.protocol.tree.TreeKem" time="0.001"/>
  <testcase name="the tree hash after merging the update path should be 6acee84382081fe1782b64496be36e6928691454be2c08a93f3c264a0a9bef1e" classname="com.github.traderjoe95.mls.protocol.tree.TreeKem" time="0.001"/>
  <testcase name="the decrypted path secret should be 690368d443d3e783030498d5f57cd99755287c03631ba5fe326c4c3bfd0c313a" classname="com.github.traderjoe95.mls.protocol.tree.TreeKem" time="0.001"/>
  <testcase name="a new update path generated by the sender should be successfully processed" classname="com.github.traderjoe95.mls.protocol.tree.TreeKem" time="0.001"/>
  <testcase name="the update path should be parent-hash valid" classname="com.github.traderjoe95.mls.protocol.tree.TreeKem" time="0.001"/>
  <testcase name="the tree hash after merging the update path should be 6acee84382081fe1782b64496be36e6928691454be2c08a93f3c264a0a9bef1e" classname="com.github.traderjoe95.mls.protocol.tree.TreeKem" time="0.0"/>
  <testcase name="the decrypted path secret should be 690368d443d3e783030498d5f57cd99755287c03631ba5fe326c4c3bfd0c313a" classname="com.github.traderjoe95.mls.protocol.tree.TreeKem" time="0.001"/>
  <testcase name="a new update path generated by the sender should be successfully processed" classname="com.github.traderjoe95.mls.protocol.tree.TreeKem" time="0.001"/>
  <testcase name="the update path should be parent-hash valid" classname="com.github.traderjoe95.mls.protocol.tree.TreeKem" time="0.001"/>
  <testcase name="the tree hash after merging the update path should be 6acee84382081fe1782b64496be36e6928691454be2c08a93f3c264a0a9bef1e" classname="com.github.traderjoe95.mls.protocol.tree.TreeKem" time="0.001"/>
  <testcase name="the decrypted path secret should be 2c52936b1c12a651516fc39fd0061af759f4e1e9cd61276f5053e4c05275ceb0" classname="com.github.traderjoe95.mls.protocol.tree.TreeKem" time="0.001"/>
  <testcase name="a new update path generated by the sender should be successfully processed" classname="com.github.traderjoe95.mls.protocol.tree.TreeKem" time="0.0"/>
  <testcase name="the update path should be parent-hash valid" classname="com.github.traderjoe95.mls.protocol.tree.TreeKem" time="0.0"/>
  <testcase name="the tree hash after merging the update path should be 6acee84382081fe1782b64496be36e6928691454be2c08a93f3c264a0a9bef1e" classname="com.github.traderjoe95.mls.protocol.tree.TreeKem" time="0.0"/>
  <testcase name="the decrypted path secret should be 2c52936b1c12a651516fc39fd0061af759f4e1e9cd61276f5053e4c05275ceb0" classname="com.github.traderjoe95.mls.protocol.tree.TreeKem" time="0.0"/>
  <testcase name="a new update path generated by the sender should be successfully processed" classname="com.github.traderjoe95.mls.protocol.tree.TreeKem" time="0.001"/>
  <testcase name="the update path should be parent-hash valid" classname="com.github.traderjoe95.mls.protocol.tree.TreeKem" time="0.001"/>
  <testcase name="the tree hash after merging the update path should be 6acee84382081fe1782b64496be36e6928691454be2c08a93f3c264a0a9bef1e" classname="com.github.traderjoe95.mls.protocol.tree.TreeKem" time="0.0"/>
  <testcase name="the decrypted path secret should be 1d5d51d8542718cd60a6cd382e913de1d69647c6d175cc101b3be6b7910a6fc7" classname="com.github.traderjoe95.mls.protocol.tree.TreeKem" time="0.0"/>
  <testcase name="a new update path generated by the sender should be successfully processed" classname="com.github.traderjoe95.mls.protocol.tree.TreeKem" time="0.001"/>
  <testcase name="the update path should be parent-hash valid" classname="com.github.traderjoe95.mls.protocol.tree.TreeKem" time="0.0"/>
  <testcase name="the tree hash after merging the update path should be 0666d60bc923fe3f25b85c833c23839f36c6f3c3c18851743a7045a99477dd1b" classname="com.github.traderjoe95.mls.protocol.tree.TreeKem" time="0.001"/>
  <testcase name="the decrypted path secret should be 084cae665824f48afdd622f9bd988313b76f0cabdc8a1ae736c6cc4e594b9353" classname="com.github.traderjoe95.mls.protocol.tree.TreeKem" time="0.0"/>
  <testcase name="a new update path generated by the sender should be successfully processed" classname="com.github.traderjoe95.mls.protocol.tree.TreeKem" time="0.001"/>
  <testcase name="the update path should be parent-hash valid" classname="com.github.traderjoe95.mls.protocol.tree.TreeKem" time="0.0"/>
  <testcase name="the tree hash after merging the update path should be 0666d60bc923fe3f25b85c833c23839f36c6f3c3c18851743a7045a99477dd1b" classname="com.github.traderjoe95.mls.protocol.tree.TreeKem" time="0.001"/>
  <testcase name="the decrypted path secret should be 084cae665824f48afdd622f9bd988313b76f0cabdc8a1ae736c6cc4e594b9353" classname="com.github.traderjoe95.mls.protocol.tree.TreeKem" time="0.001"/>
  <testcase name="a new update path generated by the sender should be successfully processed" classname="com.github.traderjoe95.mls.protocol.tree.TreeKem" time="0.001"/>
  <testcase name="the update path should be parent-hash valid" classname="com.github.traderjoe95.mls.protocol.tree.TreeKem" time="0.0"/>
  <testcase name="the tree hash after merging the update path should be 0666d60bc923fe3f25b85c833c23839f36c6f3c3c18851743a7045a99477dd1b" classname="com.github.traderjoe95.mls.protocol.tree.TreeKem" time="0.0"/>
  <testcase name="the decrypted path secret should be 084cae665824f48afdd622f9bd988313b76f0cabdc8a1ae736c6cc4e594b9353" classname="com.github.traderjoe95.mls.protocol.tree.TreeKem" time="0.0"/>
  <testcase name="a new update path generated by the sender should be successfully processed" classname="com.github.traderjoe95.mls.protocol.tree.TreeKem" time="0.001"/>
  <testcase name="the update path should be parent-hash valid" classname="com.github.traderjoe95.mls.protocol.tree.TreeKem" time="0.0"/>
  <testcase name="the tree hash after merging the update path should be 0666d60bc923fe3f25b85c833c23839f36c6f3c3c18851743a7045a99477dd1b" classname="com.github.traderjoe95.mls.protocol.tree.TreeKem" time="0.0"/>
  <testcase name="the decrypted path secret should be 084cae665824f48afdd622f9bd988313b76f0cabdc8a1ae736c6cc4e594b9353" classname="com.github.traderjoe95.mls.protocol.tree.TreeKem" time="0.0"/>
  <testcase name="a new update path generated by the sender should be successfully processed" classname="com.github.traderjoe95.mls.protocol.tree.TreeKem" time="0.001"/>
  <testcase name="the update path should be parent-hash valid" classname="com.github.traderjoe95.mls.protocol.tree.TreeKem" time="0.0"/>
  <testcase name="the tree hash after merging the update path should be 0666d60bc923fe3f25b85c833c23839f36c6f3c3c18851743a7045a99477dd1b" classname="com.github.traderjoe95.mls.protocol.tree.TreeKem" time="0.001"/>
  <testcase name="the decrypted path secret should be b67f12c3754075424192bf3982ba6afab14f22d0597a4e852ff2de44790dc3a0" classname="com.github.traderjoe95.mls.protocol.tree.TreeKem" time="0.001"/>
  <testcase name="a new update path generated by the sender should be successfully processed" classname="com.github.traderjoe95.mls.protocol.tree.TreeKem" time="0.001"/>
  <testcase name="the update path should be parent-hash valid" classname="com.github.traderjoe95.mls.protocol.tree.TreeKem" time="0.0"/>
  <testcase name="the tree hash after merging the update path should be 0666d60bc923fe3f25b85c833c23839f36c6f3c3c18851743a7045a99477dd1b" classname="com.github.traderjoe95.mls.protocol.tree.TreeKem" time="0.0"/>
  <testcase name="the decrypted path secret should be b67f12c3754075424192bf3982ba6afab14f22d0597a4e852ff2de44790dc3a0" classname="com.github.traderjoe95.mls.protocol.tree.TreeKem" time="0.0"/>
  <testcase name="a new update path generated by the sender should be successfully processed" classname="com.github.traderjoe95.mls.protocol.tree.TreeKem" time="0.0"/>
  <testcase name="the update path should be parent-hash valid" classname="com.github.traderjoe95.mls.protocol.tree.TreeKem" time="0.001"/>
  <testcase name="the tree hash after merging the update path should be 0666d60bc923fe3f25b85c833c23839f36c6f3c3c18851743a7045a99477dd1b" classname="com.github.traderjoe95.mls.protocol.tree.TreeKem" time="0.001"/>
  <testcase name="the decrypted path secret should be ff7da38ea9ba78ecb650a0779e8e9efbe41842596c7d5a98ded1878bd2091235" classname="com.github.traderjoe95.mls.protocol.tree.TreeKem" time="0.0"/>
  <testcase name="a new update path generated by the sender should be successfully processed" classname="com.github.traderjoe95.mls.protocol.tree.TreeKem" time="0.001"/>
  <testcase name="non-blank leaf 0 should be consistent with the public state" classname="com.github.traderjoe95.mls.protocol.tree.TreeKem" time="0.0"/>
  <testcase name="non-blank leaf 1 should be consistent with the public state" classname="com.github.traderjoe95.mls.protocol.tree.TreeKem" time="0.0"/>
  <testcase name="non-blank leaf 2 should be consistent with the public state" classname="com.github.traderjoe95.mls.protocol.tree.TreeKem" time="0.001"/>
  <testcase name="non-blank leaf 4 should be consistent with the public state" classname="com.github.traderjoe95.mls.protocol.tree.TreeKem" time="0.0"/>
  <testcase name="non-blank leaf 5 should be consistent with the public state" classname="com.github.traderjoe95.mls.protocol.tree.TreeKem" time="0.001"/>
  <testcase name="non-blank leaf 6 should be consistent with the public state" classname="com.github.traderjoe95.mls.protocol.tree.TreeKem" time="0.001"/>
  <testcase name="non-blank leaf 7 should be consistent with the public state" classname="com.github.traderjoe95.mls.protocol.tree.TreeKem" time="0.0"/>
  <testcase name="the update path should be parent-hash valid" classname="com.github.traderjoe95.mls.protocol.tree.TreeKem" time="0.001"/>
  <testcase name="the tree hash after merging the update path should be 941f81cd1f82f54afb19a5b814f9a879f22a991cbef3bb54fe4f4d445a712271" classname="com.github.traderjoe95.mls.protocol.tree.TreeKem" time="0.0"/>
  <testcase name="the decrypted path secret should be e8608097b9da1863d6a6b540542af95b96ab95bcd9a9c04763313b61c2c99d44" classname="com.github.traderjoe95.mls.protocol.tree.TreeKem" time="0.001"/>
  <testcase name="a new update path generated by the sender should be successfully processed" classname="com.github.traderjoe95.mls.protocol.tree.TreeKem" time="0.001"/>
  <testcase name="the update path should be parent-hash valid" classname="com.github.traderjoe95.mls.protocol.tree.TreeKem" time="0.0"/>
  <testcase name="the tree hash after merging the update path should be 941f81cd1f82f54afb19a5b814f9a879f22a991cbef3bb54fe4f4d445a712271" classname="com.github.traderjoe95.mls.protocol.tree.TreeKem" time="0.004"/>
  <testcase name="the decrypted path secret should be 5ccc25c82569cc9731283abbdb9265187c17503e6f9c4ba2484a9e210e83f5a3" classname="com.github.traderjoe95.mls.protocol.tree.TreeKem" time="0.001"/>
  <testcase name="a new update path generated by the sender should be successfully processed" classname="com.github.traderjoe95.mls.protocol.tree.TreeKem" time="0.001"/>
  <testcase name="the update path should be parent-hash valid" classname="com.github.traderjoe95.mls.protocol.tree.TreeKem" time="0.0"/>
  <testcase name="the tree hash after merging the update path should be 941f81cd1f82f54afb19a5b814f9a879f22a991cbef3bb54fe4f4d445a712271" classname="com.github.traderjoe95.mls.protocol.tree.TreeKem" time="0.0"/>
  <testcase name="the decrypted path secret should be 504766baf72d5ca7c9418c872a0e93387d717bb13f319e4953867cc50b57d676" classname="com.github.traderjoe95.mls.protocol.tree.TreeKem" time="0.0"/>
  <testcase name="a new update path generated by the sender should be successfully processed" classname="com.github.traderjoe95.mls.protocol.tree.TreeKem" time="0.0"/>
  <testcase name="the update path should be parent-hash valid" classname="com.github.traderjoe95.mls.protocol.tree.TreeKem" time="0.0"/>
  <testcase name="the tree hash after merging the update path should be 941f81cd1f82f54afb19a5b814f9a879f22a991cbef3bb54fe4f4d445a712271" classname="com.github.traderjoe95.mls.protocol.tree.TreeKem" time="0.0"/>
  <testcase name="the decrypted path secret should be 504766baf72d5ca7c9418c872a0e93387d717bb13f319e4953867cc50b57d676" classname="com.github.traderjoe95.mls.protocol.tree.TreeKem" time="0.0"/>
  <testcase name="a new update path generated by the sender should be successfully processed" classname="com.github.traderjoe95.mls.protocol.tree.TreeKem" time="0.001"/>
  <testcase name="the update path should be parent-hash valid" classname="com.github.traderjoe95.mls.protocol.tree.TreeKem" time="0.0"/>
  <testcase name="the tree hash after merging the update path should be 941f81cd1f82f54afb19a5b814f9a879f22a991cbef3bb54fe4f4d445a712271" classname="com.github.traderjoe95.mls.protocol.tree.TreeKem" time="0.001"/>
  <testcase name="the decrypted path secret should be 504766baf72d5ca7c9418c872a0e93387d717bb13f319e4953867cc50b57d676" classname="com.github.traderjoe95.mls.protocol.tree.TreeKem" time="0.0"/>
  <testcase name="a new update path generated by the sender should be successfully processed" classname="com.github.traderjoe95.mls.protocol.tree.TreeKem" time="0.001"/>
  <testcase name="the update path should be parent-hash valid" classname="com.github.traderjoe95.mls.protocol.tree.TreeKem" time="0.0"/>
  <testcase name="the tree hash after merging the update path should be 941f81cd1f82f54afb19a5b814f9a879f22a991cbef3bb54fe4f4d445a712271" classname="com.github.traderjoe95.mls.protocol.tree.TreeKem" time="0.001"/>
  <testcase name="the decrypted path secret should be 504766baf72d5ca7c9418c872a0e93387d717bb13f319e4953867cc50b57d676" classname="com.github.traderjoe95.mls.protocol.tree.TreeKem" time="0.001"/>
  <testcase name="a new update path generated by the sender should be successfully processed" classname="com.github.traderjoe95.mls.protocol.tree.TreeKem" time="0.001"/>
  <testcase name="the update path should be parent-hash valid" classname="com.github.traderjoe95.mls.protocol.tree.TreeKem" time="0.0"/>
  <testcase name="the tree hash after merging the update path should be dd1152ed5a9549586f3bb8989e3163ecb95b27128113195f10250da1ab6a3ad8" classname="com.github.traderjoe95.mls.protocol.tree.TreeKem" time="0.0"/>
  <testcase name="the decrypted path secret should be 482f034750eac133955a4b06f9907e221c4f7dcde23cd44839d939e74845d5b6" classname="com.github.traderjoe95.mls.protocol.tree.TreeKem" time="0.001"/>
  <testcase name="a new update path generated by the sender should be successfully processed" classname="com.github.traderjoe95.mls.protocol.tree.TreeKem" time="0.001"/>
  <testcase name="the update path should be parent-hash valid" classname="com.github.traderjoe95.mls.protocol.tree.TreeKem" time="0.0"/>
  <testcase name="the tree hash after merging the update path should be dd1152ed5a9549586f3bb8989e3163ecb95b27128113195f10250da1ab6a3ad8" classname="com.github.traderjoe95.mls.protocol.tree.TreeKem" time="0.0"/>
  <testcase name="the decrypted path secret should be 4179fbbca043d7139726430d976a623eac87a9d18bfee7227f2c4d54c16d041e" classname="com.github.traderjoe95.mls.protocol.tree.TreeKem" time="0.0"/>
  <testcase name="a new update path generated by the sender should be successfully processed" classname="com.github.traderjoe95.mls.protocol.tree.TreeKem" time="0.001"/>
  <testcase name="the update path should be parent-hash valid" classname="com.github.traderjoe95.mls.protocol.tree.TreeKem" time="0.0"/>
  <testcase name="the tree hash after merging the update path should be dd1152ed5a9549586f3bb8989e3163ecb95b27128113195f10250da1ab6a3ad8" classname="com.github.traderjoe95.mls.protocol.tree.TreeKem" time="0.001"/>
  <testcase name="the decrypted path secret should be 0a8222278bb97717570dcbe645ca76266a1a6fbab32e2cd4420431e8611eed12" classname="com.github.traderjoe95.mls.protocol.tree.TreeKem" time="0.001"/>
  <testcase name="a new update path generated by the sender should be successfully processed" classname="com.github.traderjoe95.mls.protocol.tree.TreeKem" time="0.001"/>
  <testcase name="the update path should be parent-hash valid" classname="com.github.traderjoe95.mls.protocol.tree.TreeKem" time="0.0"/>
  <testcase name="the tree hash after merging the update path should be dd1152ed5a9549586f3bb8989e3163ecb95b27128113195f10250da1ab6a3ad8" classname="com.github.traderjoe95.mls.protocol.tree.TreeKem" time="0.0"/>
  <testcase name="the decrypted path secret should be 0a8222278bb97717570dcbe645ca76266a1a6fbab32e2cd4420431e8611eed12" classname="com.github.traderjoe95.mls.protocol.tree.TreeKem" time="0.001"/>
  <testcase name="a new update path generated by the sender should be successfully processed" classname="com.github.traderjoe95.mls.protocol.tree.TreeKem" time="0.001"/>
  <testcase name="the update path should be parent-hash valid" classname="com.github.traderjoe95.mls.protocol.tree.TreeKem" time="0.0"/>
  <testcase name="the tree hash after merging the update path should be dd1152ed5a9549586f3bb8989e3163ecb95b27128113195f10250da1ab6a3ad8" classname="com.github.traderjoe95.mls.protocol.tree.TreeKem" time="0.0"/>
  <testcase name="the decrypted path secret should be 0a8222278bb97717570dcbe645ca76266a1a6fbab32e2cd4420431e8611eed12" classname="com.github.traderjoe95.mls.protocol.tree.TreeKem" time="0.0"/>
  <testcase name="a new update path generated by the sender should be successfully processed" classname="com.github.traderjoe95.mls.protocol.tree.TreeKem" time="0.001"/>
  <testcase name="the update path should be parent-hash valid" classname="com.github.traderjoe95.mls.protocol.tree.TreeKem" time="0.0"/>
  <testcase name="the tree hash after merging the update path should be dd1152ed5a9549586f3bb8989e3163ecb95b27128113195f10250da1ab6a3ad8" classname="com.github.traderjoe95.mls.protocol.tree.TreeKem" time="0.0"/>
  <testcase name="the decrypted path secret should be 0a8222278bb97717570dcbe645ca76266a1a6fbab32e2cd4420431e8611eed12" classname="com.github.traderjoe95.mls.protocol.tree.TreeKem" time="0.0"/>
  <testcase name="a new update path generated by the sender should be successfully processed" classname="com.github.traderjoe95.mls.protocol.tree.TreeKem" time="0.0"/>
  <testcase name="the update path should be parent-hash valid" classname="com.github.traderjoe95.mls.protocol.tree.TreeKem" time="0.0"/>
  <testcase name="the tree hash after merging the update path should be 6c6b178322412b9bb750c302683cc6068e8f802a43526ecc188b00013f809d59" classname="com.github.traderjoe95.mls.protocol.tree.TreeKem" time="0.0"/>
  <testcase name="the decrypted path secret should be 65ed1479842ad410d32092f6073db017eac8827be3c47d169f742a167755cbeb" classname="com.github.traderjoe95.mls.protocol.tree.TreeKem" time="0.0"/>
  <testcase name="a new update path generated by the sender should be successfully processed" classname="com.github.traderjoe95.mls.protocol.tree.TreeKem" time="0.0"/>
  <testcase name="the update path should be parent-hash valid" classname="com.github.traderjoe95.mls.protocol.tree.TreeKem" time="0.001"/>
  <testcase name="the tree hash after merging the update path should be 6c6b178322412b9bb750c302683cc6068e8f802a43526ecc188b00013f809d59" classname="com.github.traderjoe95.mls.protocol.tree.TreeKem" time="0.0"/>
  <testcase name="the decrypted path secret should be 65ed1479842ad410d32092f6073db017eac8827be3c47d169f742a167755cbeb" classname="com.github.traderjoe95.mls.protocol.tree.TreeKem" time="0.0"/>
  <testcase name="a new update path generated by the sender should be successfully processed" classname="com.github.traderjoe95.mls.protocol.tree.TreeKem" time="0.0"/>
  <testcase name="the update path should be parent-hash valid" classname="com.github.traderjoe95.mls.protocol.tree.TreeKem" time="0.0"/>
  <testcase name="the tree hash after merging the update path should be 6c6b178322412b9bb750c302683cc6068e8f802a43526ecc188b00013f809d59" classname="com.github.traderjoe95.mls.protocol.tree.TreeKem" time="0.0"/>
  <testcase name="the decrypted path secret should be 31b55d9f7db7c7e5b7f1c91517029fb661d7379735b8aab5d942b8bb86af38d8" classname="com.github.traderjoe95.mls.protocol.tree.TreeKem" time="0.0"/>
  <testcase name="a new update path generated by the sender should be successfully processed" classname="com.github.traderjoe95.mls.protocol.tree.TreeKem" time="0.001"/>
  <testcase name="the update path should be parent-hash valid" classname="com.github.traderjoe95.mls.protocol.tree.TreeKem" time="0.0"/>
  <testcase name="the tree hash after merging the update path should be 6c6b178322412b9bb750c302683cc6068e8f802a43526ecc188b00013f809d59" classname="com.github.traderjoe95.mls.protocol.tree.TreeKem" time="0.0"/>
  <testcase name="the decrypted path secret should be 31b55d9f7db7c7e5b7f1c91517029fb661d7379735b8aab5d942b8bb86af38d8" classname="com.github.traderjoe95.mls.protocol.tree.TreeKem" time="0.001"/>
  <testcase name="a new update path generated by the sender should be successfully processed" classname="com.github.traderjoe95.mls.protocol.tree.TreeKem" time="0.001"/>
  <testcase name="the update path should be parent-hash valid" classname="com.github.traderjoe95.mls.protocol.tree.TreeKem" time="0.0"/>
  <testcase name="the tree hash after merging the update path should be 6c6b178322412b9bb750c302683cc6068e8f802a43526ecc188b00013f809d59" classname="com.github.traderjoe95.mls.protocol.tree.TreeKem" time="0.001"/>
  <testcase name="the decrypted path secret should be 31b55d9f7db7c7e5b7f1c91517029fb661d7379735b8aab5d942b8bb86af38d8" classname="com.github.traderjoe95.mls.protocol.tree.TreeKem" time="0.001"/>
  <testcase name="a new update path generated by the sender should be successfully processed" classname="com.github.traderjoe95.mls.protocol.tree.TreeKem" time="0.001"/>
  <testcase name="the update path should be parent-hash valid" classname="com.github.traderjoe95.mls.protocol.tree.TreeKem" time="0.0"/>
  <testcase name="the tree hash after merging the update path should be 6c6b178322412b9bb750c302683cc6068e8f802a43526ecc188b00013f809d59" classname="com.github.traderjoe95.mls.protocol.tree.TreeKem" time="0.001"/>
  <testcase name="the decrypted path secret should be 31b55d9f7db7c7e5b7f1c91517029fb661d7379735b8aab5d942b8bb86af38d8" classname="com.github.traderjoe95.mls.protocol.tree.TreeKem" time="0.0"/>
  <testcase name="a new update path generated by the sender should be successfully processed" classname="com.github.traderjoe95.mls.protocol.tree.TreeKem" time="0.001"/>
  <testcase name="the update path should be parent-hash valid" classname="com.github.traderjoe95.mls.protocol.tree.TreeKem" time="0.001"/>
  <testcase name="the tree hash after merging the update path should be d681f7b3222cacfab52572feff07675f1803e652f0a86b73ec85433ba90da16e" classname="com.github.traderjoe95.mls.protocol.tree.TreeKem" time="0.001"/>
  <testcase name="the decrypted path secret should be dee0e649e0c5e19c60d6b4561423f165974f36e9d60c692e1c1a600904ee7dd2" classname="com.github.traderjoe95.mls.protocol.tree.TreeKem" time="0.001"/>
  <testcase name="a new update path generated by the sender should be successfully processed" classname="com.github.traderjoe95.mls.protocol.tree.TreeKem" time="0.001"/>
  <testcase name="the update path should be parent-hash valid" classname="com.github.traderjoe95.mls.protocol.tree.TreeKem" time="0.0"/>
  <testcase name="the tree hash after merging the update path should be d681f7b3222cacfab52572feff07675f1803e652f0a86b73ec85433ba90da16e" classname="com.github.traderjoe95.mls.protocol.tree.TreeKem" time="0.001"/>
  <testcase name="the decrypted path secret should be dee0e649e0c5e19c60d6b4561423f165974f36e9d60c692e1c1a600904ee7dd2" classname="com.github.traderjoe95.mls.protocol.tree.TreeKem" time="0.001"/>
  <testcase name="a new update path generated by the sender should be successfully processed" classname="com.github.traderjoe95.mls.protocol.tree.TreeKem" time="0.001"/>
  <testcase name="the update path should be parent-hash valid" classname="com.github.traderjoe95.mls.protocol.tree.TreeKem" time="0.0"/>
  <testcase name="the tree hash after merging the update path should be d681f7b3222cacfab52572feff07675f1803e652f0a86b73ec85433ba90da16e" classname="com.github.traderjoe95.mls.protocol.tree.TreeKem" time="0.0"/>
  <testcase name="the decrypted path secret should be dee0e649e0c5e19c60d6b4561423f165974f36e9d60c692e1c1a600904ee7dd2" classname="com.github.traderjoe95.mls.protocol.tree.TreeKem" time="0.0"/>
  <testcase name="a new update path generated by the sender should be successfully processed" classname="com.github.traderjoe95.mls.protocol.tree.TreeKem" time="0.0"/>
  <testcase name="the update path should be parent-hash valid" classname="com.github.traderjoe95.mls.protocol.tree.TreeKem" time="0.001"/>
  <testcase name="the tree hash after merging the update path should be d681f7b3222cacfab52572feff07675f1803e652f0a86b73ec85433ba90da16e" classname="com.github.traderjoe95.mls.protocol.tree.TreeKem" time="0.0"/>
  <testcase name="the decrypted path secret should be 72d46a199f58a9227f1cd24468537f238a841a745ca09e7bca0c9c18a58a09e9" classname="com.github.traderjoe95.mls.protocol.tree.TreeKem" time="0.001"/>
  <testcase name="a new update path generated by the sender should be successfully processed" classname="com.github.traderjoe95.mls.protocol.tree.TreeKem" time="0.001"/>
  <testcase name="the update path should be parent-hash valid" classname="com.github.traderjoe95.mls.protocol.tree.TreeKem" time="0.0"/>
  <testcase name="the tree hash after merging the update path should be d681f7b3222cacfab52572feff07675f1803e652f0a86b73ec85433ba90da16e" classname="com.github.traderjoe95.mls.protocol.tree.TreeKem" time="0.0"/>
  <testcase name="the decrypted path secret should be f2c5622949d4e6ca8f917ef1b0d4fe106d8592c2f629822908146332907e5682" classname="com.github.traderjoe95.mls.protocol.tree.TreeKem" time="0.0"/>
  <testcase name="a new update path generated by the sender should be successfully processed" classname="com.github.traderjoe95.mls.protocol.tree.TreeKem" time="0.001"/>
  <testcase name="the update path should be parent-hash valid" classname="com.github.traderjoe95.mls.protocol.tree.TreeKem" time="0.001"/>
  <testcase name="the tree hash after merging the update path should be d681f7b3222cacfab52572feff07675f1803e652f0a86b73ec85433ba90da16e" classname="com.github.traderjoe95.mls.protocol.tree.TreeKem" time="0.0"/>
  <testcase name="the decrypted path secret should be f2c5622949d4e6ca8f917ef1b0d4fe106d8592c2f629822908146332907e5682" classname="com.github.traderjoe95.mls.protocol.tree.TreeKem" time="0.0"/>
  <testcase name="a new update path generated by the sender should be successfully processed" classname="com.github.traderjoe95.mls.protocol.tree.TreeKem" time="0.001"/>
  <testcase name="the update path should be parent-hash valid" classname="com.github.traderjoe95.mls.protocol.tree.TreeKem" time="0.0"/>
  <testcase name="the tree hash after merging the update path should be 223439405232982ebcb07c5562fec3cb75d607db5bd5525be94c4c124249cd30" classname="com.github.traderjoe95.mls.protocol.tree.TreeKem" time="0.001"/>
  <testcase name="the decrypted path secret should be 76e43a0e5d68f13141d25eaa05da893b4b60ec1fcf2a6d0a73b7a6a28b5c71ee" classname="com.github.traderjoe95.mls.protocol.tree.TreeKem" time="0.001"/>
  <testcase name="a new update path generated by the sender should be successfully processed" classname="com.github.traderjoe95.mls.protocol.tree.TreeKem" time="0.001"/>
  <testcase name="the update path should be parent-hash valid" classname="com.github.traderjoe95.mls.protocol.tree.TreeKem" time="0.0"/>
  <testcase name="the tree hash after merging the update path should be 223439405232982ebcb07c5562fec3cb75d607db5bd5525be94c4c124249cd30" classname="com.github.traderjoe95.mls.protocol.tree.TreeKem" time="0.0"/>
  <testcase name="the decrypted path secret should be 76e43a0e5d68f13141d25eaa05da893b4b60ec1fcf2a6d0a73b7a6a28b5c71ee" classname="com.github.traderjoe95.mls.protocol.tree.TreeKem" time="0.001"/>
  <testcase name="a new update path generated by the sender should be successfully processed" classname="com.github.traderjoe95.mls.protocol.tree.TreeKem" time="0.001"/>
  <testcase name="the update path should be parent-hash valid" classname="com.github.traderjoe95.mls.protocol.tree.TreeKem" time="0.0"/>
  <testcase name="the tree hash after merging the update path should be 223439405232982ebcb07c5562fec3cb75d607db5bd5525be94c4c124249cd30" classname="com.github.traderjoe95.mls.protocol.tree.TreeKem" time="0.0"/>
  <testcase name="the decrypted path secret should be 76e43a0e5d68f13141d25eaa05da893b4b60ec1fcf2a6d0a73b7a6a28b5c71ee" classname="com.github.traderjoe95.mls.protocol.tree.TreeKem" time="0.0"/>
  <testcase name="a new update path generated by the sender should be successfully processed" classname="com.github.traderjoe95.mls.protocol.tree.TreeKem" time="0.0"/>
  <testcase name="the update path should be parent-hash valid" classname="com.github.traderjoe95.mls.protocol.tree.TreeKem" time="0.001"/>
  <testcase name="the tree hash after merging the update path should be 223439405232982ebcb07c5562fec3cb75d607db5bd5525be94c4c124249cd30" classname="com.github.traderjoe95.mls.protocol.tree.TreeKem" time="0.0"/>
  <testcase name="the decrypted path secret should be 3c78597856241bd7ee600cdbf8a7b4b5962c5ea3e095eaa07b4dc0351f08483d" classname="com.github.traderjoe95.mls.protocol.tree.TreeKem" time="0.0"/>
  <testcase name="a new update path generated by the sender should be successfully processed" classname="com.github.traderjoe95.mls.protocol.tree.TreeKem" time="0.001"/>
  <testcase name="the update path should be parent-hash valid" classname="com.github.traderjoe95.mls.protocol.tree.TreeKem" time="0.0"/>
  <testcase name="the tree hash after merging the update path should be 223439405232982ebcb07c5562fec3cb75d607db5bd5525be94c4c124249cd30" classname="com.github.traderjoe95.mls.protocol.tree.TreeKem" time="0.001"/>
  <testcase name="the decrypted path secret should be ebc06cf63c3d0bc4759702d3be52e9ad6cf6942f2c8e9e138653602a9f20cfcd" classname="com.github.traderjoe95.mls.protocol.tree.TreeKem" time="0.001"/>
  <testcase name="a new update path generated by the sender should be successfully processed" classname="com.github.traderjoe95.mls.protocol.tree.TreeKem" time="0.001"/>
  <testcase name="the update path should be parent-hash valid" classname="com.github.traderjoe95.mls.protocol.tree.TreeKem" time="0.0"/>
  <testcase name="the tree hash after merging the update path should be 223439405232982ebcb07c5562fec3cb75d607db5bd5525be94c4c124249cd30" classname="com.github.traderjoe95.mls.protocol.tree.TreeKem" time="0.0"/>
  <testcase name="the decrypted path secret should be ebc06cf63c3d0bc4759702d3be52e9ad6cf6942f2c8e9e138653602a9f20cfcd" classname="com.github.traderjoe95.mls.protocol.tree.TreeKem" time="0.0"/>
  <testcase name="a new update path generated by the sender should be successfully processed" classname="com.github.traderjoe95.mls.protocol.tree.TreeKem" time="0.001"/>
  <testcase name="the update path should be parent-hash valid" classname="com.github.traderjoe95.mls.protocol.tree.TreeKem" time="0.001"/>
  <testcase name="the tree hash after merging the update path should be d983104b1f9d0f149bdd799a8ea0e91c4047efdf7ea1605a23027fa3ea7e899b" classname="com.github.traderjoe95.mls.protocol.tree.TreeKem" time="0.001"/>
  <testcase name="the decrypted path secret should be 690368d443d3e783030498d5f57cd99755287c03631ba5fe326c4c3bfd0c313a" classname="com.github.traderjoe95.mls.protocol.tree.TreeKem" time="0.0"/>
  <testcase name="a new update path generated by the sender should be successfully processed" classname="com.github.traderjoe95.mls.protocol.tree.TreeKem" time="0.001"/>
  <testcase name="the update path should be parent-hash valid" classname="com.github.traderjoe95.mls.protocol.tree.TreeKem" time="0.0"/>
  <testcase name="the tree hash after merging the update path should be d983104b1f9d0f149bdd799a8ea0e91c4047efdf7ea1605a23027fa3ea7e899b" classname="com.github.traderjoe95.mls.protocol.tree.TreeKem" time="0.001"/>
  <testcase name="the decrypted path secret should be 690368d443d3e783030498d5f57cd99755287c03631ba5fe326c4c3bfd0c313a" classname="com.github.traderjoe95.mls.protocol.tree.TreeKem" time="0.0"/>
  <testcase name="a new update path generated by the sender should be successfully processed" classname="com.github.traderjoe95.mls.protocol.tree.TreeKem" time="0.001"/>
  <testcase name="the update path should be parent-hash valid" classname="com.github.traderjoe95.mls.protocol.tree.TreeKem" time="0.0"/>
  <testcase name="the tree hash after merging the update path should be d983104b1f9d0f149bdd799a8ea0e91c4047efdf7ea1605a23027fa3ea7e899b" classname="com.github.traderjoe95.mls.protocol.tree.TreeKem" time="0.001"/>
  <testcase name="the decrypted path secret should be 690368d443d3e783030498d5f57cd99755287c03631ba5fe326c4c3bfd0c313a" classname="com.github.traderjoe95.mls.protocol.tree.TreeKem" time="0.001"/>
  <testcase name="a new update path generated by the sender should be successfully processed" classname="com.github.traderjoe95.mls.protocol.tree.TreeKem" time="0.001"/>
  <testcase name="the update path should be parent-hash valid" classname="com.github.traderjoe95.mls.protocol.tree.TreeKem" time="0.0"/>
  <testcase name="the tree hash after merging the update path should be d983104b1f9d0f149bdd799a8ea0e91c4047efdf7ea1605a23027fa3ea7e899b" classname="com.github.traderjoe95.mls.protocol.tree.TreeKem" time="0.0"/>
  <testcase name="the decrypted path secret should be 2c52936b1c12a651516fc39fd0061af759f4e1e9cd61276f5053e4c05275ceb0" classname="com.github.traderjoe95.mls.protocol.tree.TreeKem" time="0.0"/>
  <testcase name="a new update path generated by the sender should be successfully processed" classname="com.github.traderjoe95.mls.protocol.tree.TreeKem" time="0.001"/>
  <testcase name="the update path should be parent-hash valid" classname="com.github.traderjoe95.mls.protocol.tree.TreeKem" time="0.0"/>
  <testcase name="the tree hash after merging the update path should be d983104b1f9d0f149bdd799a8ea0e91c4047efdf7ea1605a23027fa3ea7e899b" classname="com.github.traderjoe95.mls.protocol.tree.TreeKem" time="0.0"/>
  <testcase name="the decrypted path secret should be 2c52936b1c12a651516fc39fd0061af759f4e1e9cd61276f5053e4c05275ceb0" classname="com.github.traderjoe95.mls.protocol.tree.TreeKem" time="0.001"/>
  <testcase name="a new update path generated by the sender should be successfully processed" classname="com.github.traderjoe95.mls.protocol.tree.TreeKem" time="0.001"/>
  <testcase name="the update path should be parent-hash valid" classname="com.github.traderjoe95.mls.protocol.tree.TreeKem" time="0.0"/>
  <testcase name="the tree hash after merging the update path should be d983104b1f9d0f149bdd799a8ea0e91c4047efdf7ea1605a23027fa3ea7e899b" classname="com.github.traderjoe95.mls.protocol.tree.TreeKem" time="0.0"/>
  <testcase name="the decrypted path secret should be 1d5d51d8542718cd60a6cd382e913de1d69647c6d175cc101b3be6b7910a6fc7" classname="com.github.traderjoe95.mls.protocol.tree.TreeKem" time="0.001"/>
  <testcase name="a new update path generated by the sender should be successfully processed" classname="com.github.traderjoe95.mls.protocol.tree.TreeKem" time="0.001"/>
  <testcase name="the update path should be parent-hash valid" classname="com.github.traderjoe95.mls.protocol.tree.TreeKem" time="0.0"/>
  <testcase name="the tree hash after merging the update path should be bab902a5dc3fa0213148c367db9332e31893c6dab439e2cf47920be05cd64e46" classname="com.github.traderjoe95.mls.protocol.tree.TreeKem" time="0.0"/>
  <testcase name="the decrypted path secret should be 084cae665824f48afdd622f9bd988313b76f0cabdc8a1ae736c6cc4e594b9353" classname="com.github.traderjoe95.mls.protocol.tree.TreeKem" time="0.001"/>
  <testcase name="a new update path generated by the sender should be successfully processed" classname="com.github.traderjoe95.mls.protocol.tree.TreeKem" time="0.001"/>
  <testcase name="the update path should be parent-hash valid" classname="com.github.traderjoe95.mls.protocol.tree.TreeKem" time="0.0"/>
  <testcase name="the tree hash after merging the update path should be bab902a5dc3fa0213148c367db9332e31893c6dab439e2cf47920be05cd64e46" classname="com.github.traderjoe95.mls.protocol.tree.TreeKem" time="0.0"/>
  <testcase name="the decrypted path secret should be 084cae665824f48afdd622f9bd988313b76f0cabdc8a1ae736c6cc4e594b9353" classname="com.github.traderjoe95.mls.protocol.tree.TreeKem" time="0.001"/>
  <testcase name="a new update path generated by the sender should be successfully processed" classname="com.github.traderjoe95.mls.protocol.tree.TreeKem" time="0.001"/>
  <testcase name="the update path should be parent-hash valid" classname="com.github.traderjoe95.mls.protocol.tree.TreeKem" time="0.0"/>
  <testcase name="the tree hash after merging the update path should be bab902a5dc3fa0213148c367db9332e31893c6dab439e2cf47920be05cd64e46" classname="com.github.traderjoe95.mls.protocol.tree.TreeKem" time="0.0"/>
  <testcase name="the decrypted path secret should be 084cae665824f48afdd622f9bd988313b76f0cabdc8a1ae736c6cc4e594b9353" classname="com.github.traderjoe95.mls.protocol.tree.TreeKem" time="0.001"/>
  <testcase name="a new update path generated by the sender should be successfully processed" classname="com.github.traderjoe95.mls.protocol.tree.TreeKem" time="0.001"/>
  <testcase name="the update path should be parent-hash valid" classname="com.github.traderjoe95.mls.protocol.tree.TreeKem" time="0.0"/>
  <testcase name="the tree hash after merging the update path should be bab902a5dc3fa0213148c367db9332e31893c6dab439e2cf47920be05cd64e46" classname="com.github.traderjoe95.mls.protocol.tree.TreeKem" time="0.0"/>
  <testcase name="the decrypted path secret should be b67f12c3754075424192bf3982ba6afab14f22d0597a4e852ff2de44790dc3a0" classname="com.github.traderjoe95.mls.protocol.tree.TreeKem" time="0.001"/>
  <testcase name="a new update path generated by the sender should be successfully processed" classname="com.github.traderjoe95.mls.protocol.tree.TreeKem" time="0.001"/>
  <testcase name="the update path should be parent-hash valid" classname="com.github.traderjoe95.mls.protocol.tree.TreeKem" time="0.0"/>
  <testcase name="the tree hash after merging the update path should be bab902a5dc3fa0213148c367db9332e31893c6dab439e2cf47920be05cd64e46" classname="com.github.traderjoe95.mls.protocol.tree.TreeKem" time="0.0"/>
  <testcase name="the decrypted path secret should be b67f12c3754075424192bf3982ba6afab14f22d0597a4e852ff2de44790dc3a0" classname="com.github.traderjoe95.mls.protocol.tree.TreeKem" time="0.001"/>
  <testcase name="a new update path generated by the sender should be successfully processed" classname="com.github.traderjoe95.mls.protocol.tree.TreeKem" time="0.001"/>
  <testcase name="the update path should be parent-hash valid" classname="com.github.traderjoe95.mls.protocol.tree.TreeKem" time="0.0"/>
  <testcase name="the tree hash after merging the update path should be bab902a5dc3fa0213148c367db9332e31893c6dab439e2cf47920be05cd64e46" classname="com.github.traderjoe95.mls.protocol.tree.TreeKem" time="0.0"/>
  <testcase name="the decrypted path secret should be ff7da38ea9ba78ecb650a0779e8e9efbe41842596c7d5a98ded1878bd2091235" classname="com.github.traderjoe95.mls.protocol.tree.TreeKem" time="0.001"/>
  <testcase name="a new update path generated by the sender should be successfully processed" classname="com.github.traderjoe95.mls.protocol.tree.TreeKem" time="0.001"/>
  <testcase name="non-blank leaf 0 should be consistent with the public state" classname="com.github.traderjoe95.mls.protocol.tree.TreeKem" time="0.001"/>
  <testcase name="non-blank leaf 4 should be consistent with the public state" classname="com.github.traderjoe95.mls.protocol.tree.TreeKem" time="0.001"/>
  <testcase name="non-blank leaf 5 should be consistent with the public state" classname="com.github.traderjoe95.mls.protocol.tree.TreeKem" time="0.0"/>
  <testcase name="non-blank leaf 6 should be consistent with the public state" classname="com.github.traderjoe95.mls.protocol.tree.TreeKem" time="0.001"/>
  <testcase name="non-blank leaf 7 should be consistent with the public state" classname="com.github.traderjoe95.mls.protocol.tree.TreeKem" time="0.001"/>
  <testcase name="the update path should be parent-hash valid" classname="com.github.traderjoe95.mls.protocol.tree.TreeKem" time="0.0"/>
  <testcase name="the tree hash after merging the update path should be 375fa3f0a154eee5deb2569931acfac84874179c927b2da7068c66236e5aaf34" classname="com.github.traderjoe95.mls.protocol.tree.TreeKem" time="0.0"/>
  <testcase name="the decrypted path secret should be e8608097b9da1863d6a6b540542af95b96ab95bcd9a9c04763313b61c2c99d44" classname="com.github.traderjoe95.mls.protocol.tree.TreeKem" time="0.001"/>
  <testcase name="a new update path generated by the sender should be successfully processed" classname="com.github.traderjoe95.mls.protocol.tree.TreeKem" time="0.001"/>
  <testcase name="the update path should be parent-hash valid" classname="com.github.traderjoe95.mls.protocol.tree.TreeKem" time="0.0"/>
  <testcase name="the tree hash after merging the update path should be 375fa3f0a154eee5deb2569931acfac84874179c927b2da7068c66236e5aaf34" classname="com.github.traderjoe95.mls.protocol.tree.TreeKem" time="0.001"/>
  <testcase name="the decrypted path secret should be e8608097b9da1863d6a6b540542af95b96ab95bcd9a9c04763313b61c2c99d44" classname="com.github.traderjoe95.mls.protocol.tree.TreeKem" time="0.001"/>
  <testcase name="a new update path generated by the sender should be successfully processed" classname="com.github.traderjoe95.mls.protocol.tree.TreeKem" time="0.001"/>
  <testcase name="the update path should be parent-hash valid" classname="com.github.traderjoe95.mls.protocol.tree.TreeKem" time="0.0"/>
  <testcase name="the tree hash after merging the update path should be 375fa3f0a154eee5deb2569931acfac84874179c927b2da7068c66236e5aaf34" classname="com.github.traderjoe95.mls.protocol.tree.TreeKem" time="0.001"/>
  <testcase name="the decrypted path secret should be e8608097b9da1863d6a6b540542af95b96ab95bcd9a9c04763313b61c2c99d44" classname="com.github.traderjoe95.mls.protocol.tree.TreeKem" time="0.001"/>
  <testcase name="a new update path generated by the sender should be successfully processed" classname="com.github.traderjoe95.mls.protocol.tree.TreeKem" time="0.001"/>
  <testcase name="the update path should be parent-hash valid" classname="com.github.traderjoe95.mls.protocol.tree.TreeKem" time="0.0"/>
  <testcase name="the tree hash after merging the update path should be 375fa3f0a154eee5deb2569931acfac84874179c927b2da7068c66236e5aaf34" classname="com.github.traderjoe95.mls.protocol.tree.TreeKem" time="0.0"/>
  <testcase name="the decrypted path secret should be e8608097b9da1863d6a6b540542af95b96ab95bcd9a9c04763313b61c2c99d44" classname="com.github.traderjoe95.mls.protocol.tree.TreeKem" time="0.001"/>
  <testcase name="a new update path generated by the sender should be successfully processed" classname="com.github.traderjoe95.mls.protocol.tree.TreeKem" time="0.001"/>
  <testcase name="the update path should be parent-hash valid" classname="com.github.traderjoe95.mls.protocol.tree.TreeKem" time="0.0"/>
  <testcase name="the tree hash after merging the update path should be d130a13b60dee90159d3373560d750a758011604ca46525193a04aa6be27e08b" classname="com.github.traderjoe95.mls.protocol.tree.TreeKem" time="0.0"/>
  <testcase name="the decrypted path secret should be dee0e649e0c5e19c60d6b4561423f165974f36e9d60c692e1c1a600904ee7dd2" classname="com.github.traderjoe95.mls.protocol.tree.TreeKem" time="0.0"/>
  <testcase name="a new update path generated by the sender should be successfully processed" classname="com.github.traderjoe95.mls.protocol.tree.TreeKem" time="0.0"/>
  <testcase name="the update path should be parent-hash valid" classname="com.github.traderjoe95.mls.protocol.tree.TreeKem" time="0.001"/>
  <testcase name="the tree hash after merging the update path should be d130a13b60dee90159d3373560d750a758011604ca46525193a04aa6be27e08b" classname="com.github.traderjoe95.mls.protocol.tree.TreeKem" time="0.001"/>
  <testcase name="the decrypted path secret should be 72d46a199f58a9227f1cd24468537f238a841a745ca09e7bca0c9c18a58a09e9" classname="com.github.traderjoe95.mls.protocol.tree.TreeKem" time="0.001"/>
  <testcase name="a new update path generated by the sender should be successfully processed" classname="com.github.traderjoe95.mls.protocol.tree.TreeKem" time="0.001"/>
  <testcase name="the update path should be parent-hash valid" classname="com.github.traderjoe95.mls.protocol.tree.TreeKem" time="0.0"/>
  <testcase name="the tree hash after merging the update path should be d130a13b60dee90159d3373560d750a758011604ca46525193a04aa6be27e08b" classname="com.github.traderjoe95.mls.protocol.tree.TreeKem" time="0.001"/>
  <testcase name="the decrypted path secret should be f2c5622949d4e6ca8f917ef1b0d4fe106d8592c2f629822908146332907e5682" classname="com.github.traderjoe95.mls.protocol.tree.TreeKem" time="0.0"/>
  <testcase name="a new update path generated by the sender should be successfully processed" classname="com.github.traderjoe95.mls.protocol.tree.TreeKem" time="0.001"/>
  <testcase name="the update path should be parent-hash valid" classname="com.github.traderjoe95.mls.protocol.tree.TreeKem" time="0.0"/>
  <testcase name="the tree hash after merging the update path should be d130a13b60dee90159d3373560d750a758011604ca46525193a04aa6be27e08b" classname="com.github.traderjoe95.mls.protocol.tree.TreeKem" time="0.0"/>
  <testcase name="the decrypted path secret should be f2c5622949d4e6ca8f917ef1b0d4fe106d8592c2f629822908146332907e5682" classname="com.github.traderjoe95.mls.protocol.tree.TreeKem" time="0.0"/>
  <testcase name="a new update path generated by the sender should be successfully processed" classname="com.github.traderjoe95.mls.protocol.tree.TreeKem" time="0.0"/>
  <testcase name="the update path should be parent-hash valid" classname="com.github.traderjoe95.mls.protocol.tree.TreeKem" time="0.001"/>
  <testcase name="the tree hash after merging the update path should be ab402aeab7a73400f197602f353a84b2fd3811eb3eae4d5f4f1da37e27122a53" classname="com.github.traderjoe95.mls.protocol.tree.TreeKem" time="0.001"/>
  <testcase name="the decrypted path secret should be 76e43a0e5d68f13141d25eaa05da893b4b60ec1fcf2a6d0a73b7a6a28b5c71ee" classname="com.github.traderjoe95.mls.protocol.tree.TreeKem" time="0.001"/>
  <testcase name="a new update path generated by the sender should be successfully processed" classname="com.github.traderjoe95.mls.protocol.tree.TreeKem" time="0.001"/>
  <testcase name="the update path should be parent-hash valid" classname="com.github.traderjoe95.mls.protocol.tree.TreeKem" time="0.0"/>
  <testcase name="the tree hash after merging the update path should be ab402aeab7a73400f197602f353a84b2fd3811eb3eae4d5f4f1da37e27122a53" classname="com.github.traderjoe95.mls.protocol.tree.TreeKem" time="0.0"/>
  <testcase name="the decrypted path secret should be 3c78597856241bd7ee600cdbf8a7b4b5962c5ea3e095eaa07b4dc0351f08483d" classname="com.github.traderjoe95.mls.protocol.tree.TreeKem" time="0.0"/>
  <testcase name="a new update path generated by the sender should be successfully processed" classname="com.github.traderjoe95.mls.protocol.tree.TreeKem" time="0.001"/>
  <testcase name="the update path should be parent-hash valid" classname="com.github.traderjoe95.mls.protocol.tree.TreeKem" time="0.0"/>
  <testcase name="the tree hash after merging the update path should be ab402aeab7a73400f197602f353a84b2fd3811eb3eae4d5f4f1da37e27122a53" classname="com.github.traderjoe95.mls.protocol.tree.TreeKem" time="0.0"/>
  <testcase name="the decrypted path secret should be ebc06cf63c3d0bc4759702d3be52e9ad6cf6942f2c8e9e138653602a9f20cfcd" classname="com.github.traderjoe95.mls.protocol.tree.TreeKem" time="0.0"/>
  <testcase name="a new update path generated by the sender should be successfully processed" classname="com.github.traderjoe95.mls.protocol.tree.TreeKem" time="0.0"/>
  <testcase name="the update path should be parent-hash valid" classname="com.github.traderjoe95.mls.protocol.tree.TreeKem" time="0.0"/>
  <testcase name="the tree hash after merging the update path should be ab402aeab7a73400f197602f353a84b2fd3811eb3eae4d5f4f1da37e27122a53" classname="com.github.traderjoe95.mls.protocol.tree.TreeKem" time="0.0"/>
  <testcase name="the decrypted path secret should be ebc06cf63c3d0bc4759702d3be52e9ad6cf6942f2c8e9e138653602a9f20cfcd" classname="com.github.traderjoe95.mls.protocol.tree.TreeKem" time="0.001"/>
  <testcase name="a new update path generated by the sender should be successfully processed" classname="com.github.traderjoe95.mls.protocol.tree.TreeKem" time="0.001"/>
  <testcase name="the update path should be parent-hash valid" classname="com.github.traderjoe95.mls.protocol.tree.TreeKem" time="0.0"/>
  <testcase name="the tree hash after merging the update path should be cd75d9cef04956a7f1a4c60480f56d9f9f0deefd22a666811de736347c65ff27" classname="com.github.traderjoe95.mls.protocol.tree.TreeKem" time="0.0"/>
  <testcase name="the decrypted path secret should be 690368d443d3e783030498d5f57cd99755287c03631ba5fe326c4c3bfd0c313a" classname="com.github.traderjoe95.mls.protocol.tree.TreeKem" time="0.0"/>
  <testcase name="a new update path generated by the sender should be successfully processed" classname="com.github.traderjoe95.mls.protocol.tree.TreeKem" time="0.0"/>
  <testcase name="the update path should be parent-hash valid" classname="com.github.traderjoe95.mls.protocol.tree.TreeKem" time="0.0"/>
  <testcase name="the tree hash after merging the update path should be cd75d9cef04956a7f1a4c60480f56d9f9f0deefd22a666811de736347c65ff27" classname="com.github.traderjoe95.mls.protocol.tree.TreeKem" time="0.0"/>
  <testcase name="the decrypted path secret should be 2c52936b1c12a651516fc39fd0061af759f4e1e9cd61276f5053e4c05275ceb0" classname="com.github.traderjoe95.mls.protocol.tree.TreeKem" time="0.0"/>
  <testcase name="a new update path generated by the sender should be successfully processed" classname="com.github.traderjoe95.mls.protocol.tree.TreeKem" time="0.0"/>
  <testcase name="the update path should be parent-hash valid" classname="com.github.traderjoe95.mls.protocol.tree.TreeKem" time="0.001"/>
  <testcase name="the tree hash after merging the update path should be cd75d9cef04956a7f1a4c60480f56d9f9f0deefd22a666811de736347c65ff27" classname="com.github.traderjoe95.mls.protocol.tree.TreeKem" time="0.0"/>
  <testcase name="the decrypted path secret should be 2c52936b1c12a651516fc39fd0061af759f4e1e9cd61276f5053e4c05275ceb0" classname="com.github.traderjoe95.mls.protocol.tree.TreeKem" time="0.0"/>
  <testcase name="a new update path generated by the sender should be successfully processed" classname="com.github.traderjoe95.mls.protocol.tree.TreeKem" time="0.001"/>
  <testcase name="the update path should be parent-hash valid" classname="com.github.traderjoe95.mls.protocol.tree.TreeKem" time="0.0"/>
  <testcase name="the tree hash after merging the update path should be cd75d9cef04956a7f1a4c60480f56d9f9f0deefd22a666811de736347c65ff27" classname="com.github.traderjoe95.mls.protocol.tree.TreeKem" time="0.001"/>
  <testcase name="the decrypted path secret should be 1d5d51d8542718cd60a6cd382e913de1d69647c6d175cc101b3be6b7910a6fc7" classname="com.github.traderjoe95.mls.protocol.tree.TreeKem" time="0.001"/>
  <testcase name="a new update path generated by the sender should be successfully processed" classname="com.github.traderjoe95.mls.protocol.tree.TreeKem" time="0.001"/>
  <testcase name="the update path should be parent-hash valid" classname="com.github.traderjoe95.mls.protocol.tree.TreeKem" time="0.0"/>
  <testcase name="the tree hash after merging the update path should be b998c2de46e505a9d6a7e5934e9a90e56fcf170d0f2e8228490a4e8ddd2bedbd" classname="com.github.traderjoe95.mls.protocol.tree.TreeKem" time="0.001"/>
  <testcase name="the decrypted path secret should be 084cae665824f48afdd622f9bd988313b76f0cabdc8a1ae736c6cc4e594b9353" classname="com.github.traderjoe95.mls.protocol.tree.TreeKem" time="0.001"/>
  <testcase name="a new update path generated by the sender should be successfully processed" classname="com.github.traderjoe95.mls.protocol.tree.TreeKem" time="0.001"/>
  <testcase name="the update path should be parent-hash valid" classname="com.github.traderjoe95.mls.protocol.tree.TreeKem" time="0.0"/>
  <testcase name="the tree hash after merging the update path should be b998c2de46e505a9d6a7e5934e9a90e56fcf170d0f2e8228490a4e8ddd2bedbd" classname="com.github.traderjoe95.mls.protocol.tree.TreeKem" time="0.0"/>
  <testcase name="the decrypted path secret should be b67f12c3754075424192bf3982ba6afab14f22d0597a4e852ff2de44790dc3a0" classname="com.github.traderjoe95.mls.protocol.tree.TreeKem" time="0.001"/>
  <testcase name="a new update path generated by the sender should be successfully processed" classname="com.github.traderjoe95.mls.protocol.tree.TreeKem" time="0.001"/>
  <testcase name="the update path should be parent-hash valid" classname="com.github.traderjoe95.mls.protocol.tree.TreeKem" time="0.0"/>
  <testcase name="the tree hash after merging the update path should be b998c2de46e505a9d6a7e5934e9a90e56fcf170d0f2e8228490a4e8ddd2bedbd" classname="com.github.traderjoe95.mls.protocol.tree.TreeKem" time="0.001"/>
  <testcase name="the decrypted path secret should be b67f12c3754075424192bf3982ba6afab14f22d0597a4e852ff2de44790dc3a0" classname="com.github.traderjoe95.mls.protocol.tree.TreeKem" time="0.0"/>
  <testcase name="a new update path generated by the sender should be successfully processed" classname="com.github.traderjoe95.mls.protocol.tree.TreeKem" time="0.001"/>
  <testcase name="the update path should be parent-hash valid" classname="com.github.traderjoe95.mls.protocol.tree.TreeKem" time="0.001"/>
  <testcase name="the tree hash after merging the update path should be b998c2de46e505a9d6a7e5934e9a90e56fcf170d0f2e8228490a4e8ddd2bedbd" classname="com.github.traderjoe95.mls.protocol.tree.TreeKem" time="0.001"/>
  <testcase name="the decrypted path secret should be ff7da38ea9ba78ecb650a0779e8e9efbe41842596c7d5a98ded1878bd2091235" classname="com.github.traderjoe95.mls.protocol.tree.TreeKem" time="0.001"/>
  <testcase name="a new update path generated by the sender should be successfully processed" classname="com.github.traderjoe95.mls.protocol.tree.TreeKem" time="0.0"/>
  <testcase name="non-blank leaf 0 should be consistent with the public state" classname="com.github.traderjoe95.mls.protocol.tree.TreeKem" time="0.0"/>
  <testcase name="non-blank leaf 1 should be consistent with the public state" classname="com.github.traderjoe95.mls.protocol.tree.TreeKem" time="0.0"/>
  <testcase name="non-blank leaf 2 should be consistent with the public state" classname="com.github.traderjoe95.mls.protocol.tree.TreeKem" time="0.0"/>
  <testcase name="non-blank leaf 3 should be consistent with the public state" classname="com.github.traderjoe95.mls.protocol.tree.TreeKem" time="0.0"/>
  <testcase name="non-blank leaf 4 should be consistent with the public state" classname="com.github.traderjoe95.mls.protocol.tree.TreeKem" time="0.0"/>
  <testcase name="non-blank leaf 5 should be consistent with the public state" classname="com.github.traderjoe95.mls.protocol.tree.TreeKem" time="0.0"/>
  <testcase name="non-blank leaf 6 should be consistent with the public state" classname="com.github.traderjoe95.mls.protocol.tree.TreeKem" time="0.0"/>
  <testcase name="non-blank leaf 7 should be consistent with the public state" classname="com.github.traderjoe95.mls.protocol.tree.TreeKem" time="0.0"/>
  <testcase name="the update path should be parent-hash valid" classname="com.github.traderjoe95.mls.protocol.tree.TreeKem" time="0.0"/>
  <testcase name="the tree hash after merging the update path should be aaecda42615a5a570da38fc37c93fa5b7805013c7abbfb905c387c4ba7edc764" classname="com.github.traderjoe95.mls.protocol.tree.TreeKem" time="0.001"/>
  <testcase name="the decrypted path secret should be e8608097b9da1863d6a6b540542af95b96ab95bcd9a9c04763313b61c2c99d44" classname="com.github.traderjoe95.mls.protocol.tree.TreeKem" time="0.001"/>
  <testcase name="a new update path generated by the sender should be successfully processed" classname="com.github.traderjoe95.mls.protocol.tree.TreeKem" time="0.001"/>
  <testcase name="the update path should be parent-hash valid" classname="com.github.traderjoe95.mls.protocol.tree.TreeKem" time="0.0"/>
  <testcase name="the tree hash after merging the update path should be aaecda42615a5a570da38fc37c93fa5b7805013c7abbfb905c387c4ba7edc764" classname="com.github.traderjoe95.mls.protocol.tree.TreeKem" time="0.0"/>
  <testcase name="the decrypted path secret should be 5ccc25c82569cc9731283abbdb9265187c17503e6f9c4ba2484a9e210e83f5a3" classname="com.github.traderjoe95.mls.protocol.tree.TreeKem" time="0.0"/>
  <testcase name="a new update path generated by the sender should be successfully processed" classname="com.github.traderjoe95.mls.protocol.tree.TreeKem" time="0.001"/>
  <testcase name="the update path should be parent-hash valid" classname="com.github.traderjoe95.mls.protocol.tree.TreeKem" time="0.0"/>
  <testcase name="the tree hash after merging the update path should be aaecda42615a5a570da38fc37c93fa5b7805013c7abbfb905c387c4ba7edc764" classname="com.github.traderjoe95.mls.protocol.tree.TreeKem" time="0.001"/>
  <testcase name="the decrypted path secret should be 5ccc25c82569cc9731283abbdb9265187c17503e6f9c4ba2484a9e210e83f5a3" classname="com.github.traderjoe95.mls.protocol.tree.TreeKem" time="0.001"/>
  <testcase name="a new update path generated by the sender should be successfully processed" classname="com.github.traderjoe95.mls.protocol.tree.TreeKem" time="0.001"/>
  <testcase name="the update path should be parent-hash valid" classname="com.github.traderjoe95.mls.protocol.tree.TreeKem" time="0.001"/>
  <testcase name="the tree hash after merging the update path should be aaecda42615a5a570da38fc37c93fa5b7805013c7abbfb905c387c4ba7edc764" classname="com.github.traderjoe95.mls.protocol.tree.TreeKem" time="0.001"/>
  <testcase name="the decrypted path secret should be 504766baf72d5ca7c9418c872a0e93387d717bb13f319e4953867cc50b57d676" classname="com.github.traderjoe95.mls.protocol.tree.TreeKem" time="0.001"/>
  <testcase name="a new update path generated by the sender should be successfully processed" classname="com.github.traderjoe95.mls.protocol.tree.TreeKem" time="0.001"/>
  <testcase name="the update path should be parent-hash valid" classname="com.github.traderjoe95.mls.protocol.tree.TreeKem" time="0.0"/>
  <testcase name="the tree hash after merging the update path should be aaecda42615a5a570da38fc37c93fa5b7805013c7abbfb905c387c4ba7edc764" classname="com.github.traderjoe95.mls.protocol.tree.TreeKem" time="0.0"/>
  <testcase name="the decrypted path secret should be 504766baf72d5ca7c9418c872a0e93387d717bb13f319e4953867cc50b57d676" classname="com.github.traderjoe95.mls.protocol.tree.TreeKem" time="0.001"/>
  <testcase name="a new update path generated by the sender should be successfully processed" classname="com.github.traderjoe95.mls.protocol.tree.TreeKem" time="0.001"/>
  <testcase name="the update path should be parent-hash valid" classname="com.github.traderjoe95.mls.protocol.tree.TreeKem" time="0.0"/>
  <testcase name="the tree hash after merging the update path should be aaecda42615a5a570da38fc37c93fa5b7805013c7abbfb905c387c4ba7edc764" classname="com.github.traderjoe95.mls.protocol.tree.TreeKem" time="0.0"/>
  <testcase name="the decrypted path secret should be 504766baf72d5ca7c9418c872a0e93387d717bb13f319e4953867cc50b57d676" classname="com.github.traderjoe95.mls.protocol.tree.TreeKem" time="0.001"/>
  <testcase name="a new update path generated by the sender should be successfully processed" classname="com.github.traderjoe95.mls.protocol.tree.TreeKem" time="0.0"/>
  <testcase name="the update path should be parent-hash valid" classname="com.github.traderjoe95.mls.protocol.tree.TreeKem" time="0.0"/>
  <testcase name="the tree hash after merging the update path should be aaecda42615a5a570da38fc37c93fa5b7805013c7abbfb905c387c4ba7edc764" classname="com.github.traderjoe95.mls.protocol.tree.TreeKem" time="0.0"/>
  <testcase name="the decrypted path secret should be 504766baf72d5ca7c9418c872a0e93387d717bb13f319e4953867cc50b57d676" classname="com.github.traderjoe95.mls.protocol.tree.TreeKem" time="0.0"/>
  <testcase name="a new update path generated by the sender should be successfully processed" classname="com.github.traderjoe95.mls.protocol.tree.TreeKem" time="0.0"/>
  <testcase name="the update path should be parent-hash valid" classname="com.github.traderjoe95.mls.protocol.tree.TreeKem" time="0.0"/>
  <testcase name="the tree hash after merging the update path should be 680bed956db3e5dc7328c9584b28059b132ee8713c7e4e4ecd0d769cec193385" classname="com.github.traderjoe95.mls.protocol.tree.TreeKem" time="0.0"/>
  <testcase name="the decrypted path secret should be 482f034750eac133955a4b06f9907e221c4f7dcde23cd44839d939e74845d5b6" classname="com.github.traderjoe95.mls.protocol.tree.TreeKem" time="0.001"/>
  <testcase name="a new update path generated by the sender should be successfully processed" classname="com.github.traderjoe95.mls.protocol.tree.TreeKem" time="0.001"/>
  <testcase name="the update path should be parent-hash valid" classname="com.github.traderjoe95.mls.protocol.tree.TreeKem" time="0.0"/>
  <testcase name="the tree hash after merging the update path should be 680bed956db3e5dc7328c9584b28059b132ee8713c7e4e4ecd0d769cec193385" classname="com.github.traderjoe95.mls.protocol.tree.TreeKem" time="0.0"/>
  <testcase name="the decrypted path secret should be 4179fbbca043d7139726430d976a623eac87a9d18bfee7227f2c4d54c16d041e" classname="com.github.traderjoe95.mls.protocol.tree.TreeKem" time="0.0"/>
  <testcase name="a new update path generated by the sender should be successfully processed" classname="com.github.traderjoe95.mls.protocol.tree.TreeKem" time="0.001"/>
  <testcase name="the update path should be parent-hash valid" classname="com.github.traderjoe95.mls.protocol.tree.TreeKem" time="0.001"/>
  <testcase name="the tree hash after merging the update path should be 680bed956db3e5dc7328c9584b28059b132ee8713c7e4e4ecd0d769cec193385" classname="com.github.traderjoe95.mls.protocol.tree.TreeKem" time="0.001"/>
  <testcase name="the decrypted path secret should be 4179fbbca043d7139726430d976a623eac87a9d18bfee7227f2c4d54c16d041e" classname="com.github.traderjoe95.mls.protocol.tree.TreeKem" time="0.001"/>
  <testcase name="a new update path generated by the sender should be successfully processed" classname="com.github.traderjoe95.mls.protocol.tree.TreeKem" time="0.001"/>
  <testcase name="the update path should be parent-hash valid" classname="com.github.traderjoe95.mls.protocol.tree.TreeKem" time="0.0"/>
  <testcase name="the tree hash after merging the update path should be 680bed956db3e5dc7328c9584b28059b132ee8713c7e4e4ecd0d769cec193385" classname="com.github.traderjoe95.mls.protocol.tree.TreeKem" time="0.0"/>
  <testcase name="the decrypted path secret should be 0a8222278bb97717570dcbe645ca76266a1a6fbab32e2cd4420431e8611eed12" classname="com.github.traderjoe95.mls.protocol.tree.TreeKem" time="0.001"/>
  <testcase name="a new update path generated by the sender should be successfully processed" classname="com.github.traderjoe95.mls.protocol.tree.TreeKem" time="0.0"/>
  <testcase name="the update path should be parent-hash valid" classname="com.github.traderjoe95.mls.protocol.tree.TreeKem" time="0.0"/>
  <testcase name="the tree hash after merging the update path should be 680bed956db3e5dc7328c9584b28059b132ee8713c7e4e4ecd0d769cec193385" classname="com.github.traderjoe95.mls.protocol.tree.TreeKem" time="0.0"/>
  <testcase name="the decrypted path secret should be 0a8222278bb97717570dcbe645ca76266a1a6fbab32e2cd4420431e8611eed12" classname="com.github.traderjoe95.mls.protocol.tree.TreeKem" time="0.0"/>
  <testcase name="a new update path generated by the sender should be successfully processed" classname="com.github.traderjoe95.mls.protocol.tree.TreeKem" time="0.0"/>
  <testcase name="the update path should be parent-hash valid" classname="com.github.traderjoe95.mls.protocol.tree.TreeKem" time="0.001"/>
  <testcase name="the tree hash after merging the update path should be 680bed956db3e5dc7328c9584b28059b132ee8713c7e4e4ecd0d769cec193385" classname="com.github.traderjoe95.mls.protocol.tree.TreeKem" time="0.001"/>
  <testcase name="the decrypted path secret should be 0a8222278bb97717570dcbe645ca76266a1a6fbab32e2cd4420431e8611eed12" classname="com.github.traderjoe95.mls.protocol.tree.TreeKem" time="0.001"/>
  <testcase name="a new update path generated by the sender should be successfully processed" classname="com.github.traderjoe95.mls.protocol.tree.TreeKem" time="0.001"/>
  <testcase name="the update path should be parent-hash valid" classname="com.github.traderjoe95.mls.protocol.tree.TreeKem" time="0.0"/>
  <testcase name="the tree hash after merging the update path should be 680bed956db3e5dc7328c9584b28059b132ee8713c7e4e4ecd0d769cec193385" classname="com.github.traderjoe95.mls.protocol.tree.TreeKem" time="0.0"/>
  <testcase name="the decrypted path secret should be 0a8222278bb97717570dcbe645ca76266a1a6fbab32e2cd4420431e8611eed12" classname="com.github.traderjoe95.mls.protocol.tree.TreeKem" time="0.001"/>
  <testcase name="a new update path generated by the sender should be successfully processed" classname="com.github.traderjoe95.mls.protocol.tree.TreeKem" time="0.001"/>
  <testcase name="the update path should be parent-hash valid" classname="com.github.traderjoe95.mls.protocol.tree.TreeKem" time="0.0"/>
  <testcase name="the tree hash after merging the update path should be bc238db0489a2e9b2af9d14cc4a46cb9593569bcebb5f8ccda6f0cdc39fac6da" classname="com.github.traderjoe95.mls.protocol.tree.TreeKem" time="0.0"/>
  <testcase name="the decrypted path secret should be 31b55d9f7db7c7e5b7f1c91517029fb661d7379735b8aab5d942b8bb86af38d8" classname="com.github.traderjoe95.mls.protocol.tree.TreeKem" time="0.001"/>
  <testcase name="a new update path generated by the sender should be successfully processed" classname="com.github.traderjoe95.mls.protocol.tree.TreeKem" time="0.001"/>
  <testcase name="the update path should be parent-hash valid" classname="com.github.traderjoe95.mls.protocol.tree.TreeKem" time="0.0"/>
  <testcase name="the tree hash after merging the update path should be bc238db0489a2e9b2af9d14cc4a46cb9593569bcebb5f8ccda6f0cdc39fac6da" classname="com.github.traderjoe95.mls.protocol.tree.TreeKem" time="0.001"/>
  <testcase name="the decrypted path secret should be 31b55d9f7db7c7e5b7f1c91517029fb661d7379735b8aab5d942b8bb86af38d8" classname="com.github.traderjoe95.mls.protocol.tree.TreeKem" time="0.0"/>
  <testcase name="a new update path generated by the sender should be successfully processed" classname="com.github.traderjoe95.mls.protocol.tree.TreeKem" time="0.001"/>
  <testcase name="the update path should be parent-hash valid" classname="com.github.traderjoe95.mls.protocol.tree.TreeKem" time="0.0"/>
  <testcase name="the tree hash after merging the update path should be bc238db0489a2e9b2af9d14cc4a46cb9593569bcebb5f8ccda6f0cdc39fac6da" classname="com.github.traderjoe95.mls.protocol.tree.TreeKem" time="0.001"/>
  <testcase name="the decrypted path secret should be 65ed1479842ad410d32092f6073db017eac8827be3c47d169f742a167755cbeb" classname="com.github.traderjoe95.mls.protocol.tree.TreeKem" time="0.001"/>
  <testcase name="a new update path generated by the sender should be successfully processed" classname="com.github.traderjoe95.mls.protocol.tree.TreeKem" time="0.0"/>
  <testcase name="the update path should be parent-hash valid" classname="com.github.traderjoe95.mls.protocol.tree.TreeKem" time="0.0"/>
  <testcase name="the tree hash after merging the update path should be bc238db0489a2e9b2af9d14cc4a46cb9593569bcebb5f8ccda6f0cdc39fac6da" classname="com.github.traderjoe95.mls.protocol.tree.TreeKem" time="0.001"/>
  <testcase name="the decrypted path secret should be fcc016ff84f1dab6df10a1f1c1847187255d3dcba8b1d859a09d66eb40cd82dc" classname="com.github.traderjoe95.mls.protocol.tree.TreeKem" time="0.001"/>
  <testcase name="a new update path generated by the sender should be successfully processed" classname="com.github.traderjoe95.mls.protocol.tree.TreeKem" time="0.0"/>
  <testcase name="the update path should be parent-hash valid" classname="com.github.traderjoe95.mls.protocol.tree.TreeKem" time="0.001"/>
  <testcase name="the tree hash after merging the update path should be bc238db0489a2e9b2af9d14cc4a46cb9593569bcebb5f8ccda6f0cdc39fac6da" classname="com.github.traderjoe95.mls.protocol.tree.TreeKem" time="0.001"/>
  <testcase name="the decrypted path secret should be fcc016ff84f1dab6df10a1f1c1847187255d3dcba8b1d859a09d66eb40cd82dc" classname="com.github.traderjoe95.mls.protocol.tree.TreeKem" time="0.001"/>
  <testcase name="a new update path generated by the sender should be successfully processed" classname="com.github.traderjoe95.mls.protocol.tree.TreeKem" time="0.0"/>
  <testcase name="the update path should be parent-hash valid" classname="com.github.traderjoe95.mls.protocol.tree.TreeKem" time="0.0"/>
  <testcase name="the tree hash after merging the update path should be bc238db0489a2e9b2af9d14cc4a46cb9593569bcebb5f8ccda6f0cdc39fac6da" classname="com.github.traderjoe95.mls.protocol.tree.TreeKem" time="0.0"/>
  <testcase name="the decrypted path secret should be fcc016ff84f1dab6df10a1f1c1847187255d3dcba8b1d859a09d66eb40cd82dc" classname="com.github.traderjoe95.mls.protocol.tree.TreeKem" time="0.0"/>
  <testcase name="a new update path generated by the sender should be successfully processed" classname="com.github.traderjoe95.mls.protocol.tree.TreeKem" time="0.0"/>
  <testcase name="the update path should be parent-hash valid" classname="com.github.traderjoe95.mls.protocol.tree.TreeKem" time="0.001"/>
  <testcase name="the tree hash after merging the update path should be bc238db0489a2e9b2af9d14cc4a46cb9593569bcebb5f8ccda6f0cdc39fac6da" classname="com.github.traderjoe95.mls.protocol.tree.TreeKem" time="0.0"/>
  <testcase name="the decrypted path secret should be fcc016ff84f1dab6df10a1f1c1847187255d3dcba8b1d859a09d66eb40cd82dc" classname="com.github.traderjoe95.mls.protocol.tree.TreeKem" time="0.0"/>
  <testcase name="a new update path generated by the sender should be successfully processed" classname="com.github.traderjoe95.mls.protocol.tree.TreeKem" time="0.001"/>
  <testcase name="the update path should be parent-hash valid" classname="com.github.traderjoe95.mls.protocol.tree.TreeKem" time="0.0"/>
  <testcase name="the tree hash after merging the update path should be 15b3b253724de5acc74cd257f6e3f5e6ad47664affd9466dd74260c2e979a01e" classname="com.github.traderjoe95.mls.protocol.tree.TreeKem" time="0.0"/>
  <testcase name="the decrypted path secret should be d9d2c5ebe714ab7fafa2d4f6d9b1c8b4e81ca48ac6057e2cbe189042e591e64d" classname="com.github.traderjoe95.mls.protocol.tree.TreeKem" time="0.001"/>
  <testcase name="a new update path generated by the sender should be successfully processed" classname="com.github.traderjoe95.mls.protocol.tree.TreeKem" time="0.001"/>
  <testcase name="the update path should be parent-hash valid" classname="com.github.traderjoe95.mls.protocol.tree.TreeKem" time="0.0"/>
  <testcase name="the tree hash after merging the update path should be 15b3b253724de5acc74cd257f6e3f5e6ad47664affd9466dd74260c2e979a01e" classname="com.github.traderjoe95.mls.protocol.tree.TreeKem" time="0.0"/>
  <testcase name="the decrypted path secret should be d9d2c5ebe714ab7fafa2d4f6d9b1c8b4e81ca48ac6057e2cbe189042e591e64d" classname="com.github.traderjoe95.mls.protocol.tree.TreeKem" time="0.001"/>
  <testcase name="a new update path generated by the sender should be successfully processed" classname="com.github.traderjoe95.mls.protocol.tree.TreeKem" time="0.001"/>
  <testcase name="the update path should be parent-hash valid" classname="com.github.traderjoe95.mls.protocol.tree.TreeKem" time="0.0"/>
  <testcase name="the tree hash after merging the update path should be 15b3b253724de5acc74cd257f6e3f5e6ad47664affd9466dd74260c2e979a01e" classname="com.github.traderjoe95.mls.protocol.tree.TreeKem" time="0.0"/>
  <testcase name="the decrypted path secret should be 47043ea1e2961b2a5dd3aaa9f4f01bbc4a52ce153a88c31de1d105466f788ffc" classname="com.github.traderjoe95.mls.protocol.tree.TreeKem" time="0.001"/>
  <testcase name="a new update path generated by the sender should be successfully processed" classname="com.github.traderjoe95.mls.protocol.tree.TreeKem" time="0.001"/>
  <testcase name="the update path should be parent-hash valid" classname="com.github.traderjoe95.mls.protocol.tree.TreeKem" time="0.001"/>
  <testcase name="the tree hash after merging the update path should be 15b3b253724de5acc74cd257f6e3f5e6ad47664affd9466dd74260c2e979a01e" classname="com.github.traderjoe95.mls.protocol.tree.TreeKem" time="0.001"/>
  <testcase name="the decrypted path secret should be e91a12d86125a8d5acc0872133f1e289256c749698427abdcaeedf0139273688" classname="com.github.traderjoe95.mls.protocol.tree.TreeKem" time="0.001"/>
  <testcase name="a new update path generated by the sender should be successfully processed" classname="com.github.traderjoe95.mls.protocol.tree.TreeKem" time="0.001"/>
  <testcase name="the update path should be parent-hash valid" classname="com.github.traderjoe95.mls.protocol.tree.TreeKem" time="0.001"/>
  <testcase name="the tree hash after merging the update path should be 15b3b253724de5acc74cd257f6e3f5e6ad47664affd9466dd74260c2e979a01e" classname="com.github.traderjoe95.mls.protocol.tree.TreeKem" time="0.001"/>
  <testcase name="the decrypted path secret should be e91a12d86125a8d5acc0872133f1e289256c749698427abdcaeedf0139273688" classname="com.github.traderjoe95.mls.protocol.tree.TreeKem" time="0.001"/>
  <testcase name="a new update path generated by the sender should be successfully processed" classname="com.github.traderjoe95.mls.protocol.tree.TreeKem" time="0.001"/>
  <testcase name="the update path should be parent-hash valid" classname="com.github.traderjoe95.mls.protocol.tree.TreeKem" time="0.0"/>
  <testcase name="the tree hash after merging the update path should be 15b3b253724de5acc74cd257f6e3f5e6ad47664affd9466dd74260c2e979a01e" classname="com.github.traderjoe95.mls.protocol.tree.TreeKem" time="0.0"/>
  <testcase name="the decrypted path secret should be e91a12d86125a8d5acc0872133f1e289256c749698427abdcaeedf0139273688" classname="com.github.traderjoe95.mls.protocol.tree.TreeKem" time="0.0"/>
  <testcase name="a new update path generated by the sender should be successfully processed" classname="com.github.traderjoe95.mls.protocol.tree.TreeKem" time="0.001"/>
  <testcase name="the update path should be parent-hash valid" classname="com.github.traderjoe95.mls.protocol.tree.TreeKem" time="0.0"/>
  <testcase name="the tree hash after merging the update path should be 15b3b253724de5acc74cd257f6e3f5e6ad47664affd9466dd74260c2e979a01e" classname="com.github.traderjoe95.mls.protocol.tree.TreeKem" time="0.0"/>
  <testcase name="the decrypted path secret should be e91a12d86125a8d5acc0872133f1e289256c749698427abdcaeedf0139273688" classname="com.github.traderjoe95.mls.protocol.tree.TreeKem" time="0.0"/>
  <testcase name="a new update path generated by the sender should be successfully processed" classname="com.github.traderjoe95.mls.protocol.tree.TreeKem" time="0.001"/>
  <testcase name="the update path should be parent-hash valid" classname="com.github.traderjoe95.mls.protocol.tree.TreeKem" time="0.0"/>
  <testcase name="the tree hash after merging the update path should be 3e27840fe632397f3a4473a2cccecb2082531faaebcb82db737bb8a37bc28db5" classname="com.github.traderjoe95.mls.protocol.tree.TreeKem" time="0.0"/>
  <testcase name="the decrypted path secret should be dee0e649e0c5e19c60d6b4561423f165974f36e9d60c692e1c1a600904ee7dd2" classname="com.github.traderjoe95.mls.protocol.tree.TreeKem" time="0.0"/>
  <testcase name="a new update path generated by the sender should be successfully processed" classname="com.github.traderjoe95.mls.protocol.tree.TreeKem" time="0.001"/>
  <testcase name="the update path should be parent-hash valid" classname="com.github.traderjoe95.mls.protocol.tree.TreeKem" time="0.0"/>
  <testcase name="the tree hash after merging the update path should be 3e27840fe632397f3a4473a2cccecb2082531faaebcb82db737bb8a37bc28db5" classname="com.github.traderjoe95.mls.protocol.tree.TreeKem" time="0.0"/>
  <testcase name="the decrypted path secret should be dee0e649e0c5e19c60d6b4561423f165974f36e9d60c692e1c1a600904ee7dd2" classname="com.github.traderjoe95.mls.protocol.tree.TreeKem" time="0.001"/>
  <testcase name="a new update path generated by the sender should be successfully processed" classname="com.github.traderjoe95.mls.protocol.tree.TreeKem" time="0.001"/>
  <testcase name="the update path should be parent-hash valid" classname="com.github.traderjoe95.mls.protocol.tree.TreeKem" time="0.001"/>
  <testcase name="the tree hash after merging the update path should be 3e27840fe632397f3a4473a2cccecb2082531faaebcb82db737bb8a37bc28db5" classname="com.github.traderjoe95.mls.protocol.tree.TreeKem" time="0.0"/>
  <testcase name="the decrypted path secret should be dee0e649e0c5e19c60d6b4561423f165974f36e9d60c692e1c1a600904ee7dd2" classname="com.github.traderjoe95.mls.protocol.tree.TreeKem" time="0.0"/>
  <testcase name="a new update path generated by the sender should be successfully processed" classname="com.github.traderjoe95.mls.protocol.tree.TreeKem" time="0.001"/>
  <testcase name="the update path should be parent-hash valid" classname="com.github.traderjoe95.mls.protocol.tree.TreeKem" time="0.0"/>
  <testcase name="the tree hash after merging the update path should be 3e27840fe632397f3a4473a2cccecb2082531faaebcb82db737bb8a37bc28db5" classname="com.github.traderjoe95.mls.protocol.tree.TreeKem" time="0.0"/>
  <testcase name="the decrypted path secret should be dee0e649e0c5e19c60d6b4561423f165974f36e9d60c692e1c1a600904ee7dd2" classname="com.github.traderjoe95.mls.protocol.tree.TreeKem" time="0.0"/>
  <testcase name="a new update path generated by the sender should be successfully processed" classname="com.github.traderjoe95.mls.protocol.tree.TreeKem" time="0.001"/>
  <testcase name="the update path should be parent-hash valid" classname="com.github.traderjoe95.mls.protocol.tree.TreeKem" time="0.0"/>
  <testcase name="the tree hash after merging the update path should be 3e27840fe632397f3a4473a2cccecb2082531faaebcb82db737bb8a37bc28db5" classname="com.github.traderjoe95.mls.protocol.tree.TreeKem" time="0.001"/>
  <testcase name="the decrypted path secret should be 72d46a199f58a9227f1cd24468537f238a841a745ca09e7bca0c9c18a58a09e9" classname="com.github.traderjoe95.mls.protocol.tree.TreeKem" time="0.001"/>
  <testcase name="a new update path generated by the sender should be successfully processed" classname="com.github.traderjoe95.mls.protocol.tree.TreeKem" time="0.001"/>
  <testcase name="the update path should be parent-hash valid" classname="com.github.traderjoe95.mls.protocol.tree.TreeKem" time="0.001"/>
  <testcase name="the tree hash after merging the update path should be 3e27840fe632397f3a4473a2cccecb2082531faaebcb82db737bb8a37bc28db5" classname="com.github.traderjoe95.mls.protocol.tree.TreeKem" time="0.0"/>
  <testcase name="the decrypted path secret should be f2c5622949d4e6ca8f917ef1b0d4fe106d8592c2f629822908146332907e5682" classname="com.github.traderjoe95.mls.protocol.tree.TreeKem" time="0.001"/>
  <testcase name="a new update path generated by the sender should be successfully processed" classname="com.github.traderjoe95.mls.protocol.tree.TreeKem" time="0.001"/>
  <testcase name="the update path should be parent-hash valid" classname="com.github.traderjoe95.mls.protocol.tree.TreeKem" time="0.001"/>
  <testcase name="the tree hash after merging the update path should be 3e27840fe632397f3a4473a2cccecb2082531faaebcb82db737bb8a37bc28db5" classname="com.github.traderjoe95.mls.protocol.tree.TreeKem" time="0.001"/>
  <testcase name="the decrypted path secret should be f2c5622949d4e6ca8f917ef1b0d4fe106d8592c2f629822908146332907e5682" classname="com.github.traderjoe95.mls.protocol.tree.TreeKem" time="0.0"/>
  <testcase name="a new update path generated by the sender should be successfully processed" classname="com.github.traderjoe95.mls.protocol.tree.TreeKem" time="0.002"/>
  <testcase name="the update path should be parent-hash valid" classname="com.github.traderjoe95.mls.protocol.tree.TreeKem" time="0.0"/>
  <testcase name="the tree hash after merging the update path should be 92c9f818299a779e65f6f888df9498faad3a93dd97d2d8c527b9cc52528f34b1" classname="com.github.traderjoe95.mls.protocol.tree.TreeKem" time="0.0"/>
  <testcase name="the decrypted path secret should be 76e43a0e5d68f13141d25eaa05da893b4b60ec1fcf2a6d0a73b7a6a28b5c71ee" classname="com.github.traderjoe95.mls.protocol.tree.TreeKem" time="0.0"/>
  <testcase name="a new update path generated by the sender should be successfully processed" classname="com.github.traderjoe95.mls.protocol.tree.TreeKem" time="0.0"/>
  <testcase name="the update path should be parent-hash valid" classname="com.github.traderjoe95.mls.protocol.tree.TreeKem" time="0.001"/>
  <testcase name="the tree hash after merging the update path should be 92c9f818299a779e65f6f888df9498faad3a93dd97d2d8c527b9cc52528f34b1" classname="com.github.traderjoe95.mls.protocol.tree.TreeKem" time="0.0"/>
  <testcase name="the decrypted path secret should be 76e43a0e5d68f13141d25eaa05da893b4b60ec1fcf2a6d0a73b7a6a28b5c71ee" classname="com.github.traderjoe95.mls.protocol.tree.TreeKem" time="0.0"/>
  <testcase name="a new update path generated by the sender should be successfully processed" classname="com.github.traderjoe95.mls.protocol.tree.TreeKem" time="0.001"/>
  <testcase name="the update path should be parent-hash valid" classname="com.github.traderjoe95.mls.protocol.tree.TreeKem" time="0.0"/>
  <testcase name="the tree hash after merging the update path should be 92c9f818299a779e65f6f888df9498faad3a93dd97d2d8c527b9cc52528f34b1" classname="com.github.traderjoe95.mls.protocol.tree.TreeKem" time="0.001"/>
  <testcase name="the decrypted path secret should be 76e43a0e5d68f13141d25eaa05da893b4b60ec1fcf2a6d0a73b7a6a28b5c71ee" classname="com.github.traderjoe95.mls.protocol.tree.TreeKem" time="0.001"/>
  <testcase name="a new update path generated by the sender should be successfully processed" classname="com.github.traderjoe95.mls.protocol.tree.TreeKem" time="0.001"/>
  <testcase name="the update path should be parent-hash valid" classname="com.github.traderjoe95.mls.protocol.tree.TreeKem" time="0.001"/>
  <testcase name="the tree hash after merging the update path should be 92c9f818299a779e65f6f888df9498faad3a93dd97d2d8c527b9cc52528f34b1" classname="com.github.traderjoe95.mls.protocol.tree.TreeKem" time="0.0"/>
  <testcase name="the decrypted path secret should be 76e43a0e5d68f13141d25eaa05da893b4b60ec1fcf2a6d0a73b7a6a28b5c71ee" classname="com.github.traderjoe95.mls.protocol.tree.TreeKem" time="0.001"/>
  <testcase name="a new update path generated by the sender should be successfully processed" classname="com.github.traderjoe95.mls.protocol.tree.TreeKem" time="0.001"/>
  <testcase name="the update path should be parent-hash valid" classname="com.github.traderjoe95.mls.protocol.tree.TreeKem" time="0.001"/>
  <testcase name="the tree hash after merging the update path should be 92c9f818299a779e65f6f888df9498faad3a93dd97d2d8c527b9cc52528f34b1" classname="com.github.traderjoe95.mls.protocol.tree.TreeKem" time="0.001"/>
  <testcase name="the decrypted path secret should be 3c78597856241bd7ee600cdbf8a7b4b5962c5ea3e095eaa07b4dc0351f08483d" classname="com.github.traderjoe95.mls.protocol.tree.TreeKem" time="0.001"/>
  <testcase name="a new update path generated by the sender should be successfully processed" classname="com.github.traderjoe95.mls.protocol.tree.TreeKem" time="0.001"/>
  <testcase name="the update path should be parent-hash valid" classname="com.github.traderjoe95.mls.protocol.tree.TreeKem" time="0.0"/>
  <testcase name="the tree hash after merging the update path should be 92c9f818299a779e65f6f888df9498faad3a93dd97d2d8c527b9cc52528f34b1" classname="com.github.traderjoe95.mls.protocol.tree.TreeKem" time="0.0"/>
  <testcase name="the decrypted path secret should be ebc06cf63c3d0bc4759702d3be52e9ad6cf6942f2c8e9e138653602a9f20cfcd" classname="com.github.traderjoe95.mls.protocol.tree.TreeKem" time="0.001"/>
  <testcase name="a new update path generated by the sender should be successfully processed" classname="com.github.traderjoe95.mls.protocol.tree.TreeKem" time="0.001"/>
  <testcase name="the update path should be parent-hash valid" classname="com.github.traderjoe95.mls.protocol.tree.TreeKem" time="0.001"/>
  <testcase name="the tree hash after merging the update path should be 92c9f818299a779e65f6f888df9498faad3a93dd97d2d8c527b9cc52528f34b1" classname="com.github.traderjoe95.mls.protocol.tree.TreeKem" time="0.001"/>
  <testcase name="the decrypted path secret should be ebc06cf63c3d0bc4759702d3be52e9ad6cf6942f2c8e9e138653602a9f20cfcd" classname="com.github.traderjoe95.mls.protocol.tree.TreeKem" time="0.0"/>
  <testcase name="a new update path generated by the sender should be successfully processed" classname="com.github.traderjoe95.mls.protocol.tree.TreeKem" time="0.001"/>
  <testcase name="the update path should be parent-hash valid" classname="com.github.traderjoe95.mls.protocol.tree.TreeKem" time="0.0"/>
  <testcase name="the tree hash after merging the update path should be 48b2a73fba80943249133dc06d9a8bdc7c51885b4cf87b4bde69e8ba1251bf5b" classname="com.github.traderjoe95.mls.protocol.tree.TreeKem" time="0.001"/>
  <testcase name="the decrypted path secret should be 690368d443d3e783030498d5f57cd99755287c03631ba5fe326c4c3bfd0c313a" classname="com.github.traderjoe95.mls.protocol.tree.TreeKem" time="0.001"/>
  <testcase name="a new update path generated by the sender should be successfully processed" classname="com.github.traderjoe95.mls.protocol.tree.TreeKem" time="0.001"/>
  <testcase name="the update path should be parent-hash valid" classname="com.github.traderjoe95.mls.protocol.tree.TreeKem" time="0.0"/>
  <testcase name="the tree hash after merging the update path should be 48b2a73fba80943249133dc06d9a8bdc7c51885b4cf87b4bde69e8ba1251bf5b" classname="com.github.traderjoe95.mls.protocol.tree.TreeKem" time="0.0"/>
  <testcase name="the decrypted path secret should be 690368d443d3e783030498d5f57cd99755287c03631ba5fe326c4c3bfd0c313a" classname="com.github.traderjoe95.mls.protocol.tree.TreeKem" time="0.001"/>
  <testcase name="a new update path generated by the sender should be successfully processed" classname="com.github.traderjoe95.mls.protocol.tree.TreeKem" time="0.001"/>
  <testcase name="the update path should be parent-hash valid" classname="com.github.traderjoe95.mls.protocol.tree.TreeKem" time="0.001"/>
  <testcase name="the tree hash after merging the update path should be 48b2a73fba80943249133dc06d9a8bdc7c51885b4cf87b4bde69e8ba1251bf5b" classname="com.github.traderjoe95.mls.protocol.tree.TreeKem" time="0.001"/>
  <testcase name="the decrypted path secret should be 690368d443d3e783030498d5f57cd99755287c03631ba5fe326c4c3bfd0c313a" classname="com.github.traderjoe95.mls.protocol.tree.TreeKem" time="0.001"/>
  <testcase name="a new update path generated by the sender should be successfully processed" classname="com.github.traderjoe95.mls.protocol.tree.TreeKem" time="0.001"/>
  <testcase name="the update path should be parent-hash valid" classname="com.github.traderjoe95.mls.protocol.tree.TreeKem" time="0.0"/>
  <testcase name="the tree hash after merging the update path should be 48b2a73fba80943249133dc06d9a8bdc7c51885b4cf87b4bde69e8ba1251bf5b" classname="com.github.traderjoe95.mls.protocol.tree.TreeKem" time="0.0"/>
  <testcase name="the decrypted path secret should be 690368d443d3e783030498d5f57cd99755287c03631ba5fe326c4c3bfd0c313a" classname="com.github.traderjoe95.mls.protocol.tree.TreeKem" time="0.0"/>
  <testcase name="a new update path generated by the sender should be successfully processed" classname="com.github.traderjoe95.mls.protocol.tree.TreeKem" time="0.001"/>
  <testcase name="the update path should be parent-hash valid" classname="com.github.traderjoe95.mls.protocol.tree.TreeKem" time="0.0"/>
  <testcase name="the tree hash after merging the update path should be 48b2a73fba80943249133dc06d9a8bdc7c51885b4cf87b4bde69e8ba1251bf5b" classname="com.github.traderjoe95.mls.protocol.tree.TreeKem" time="0.0"/>
  <testcase name="the decrypted path secret should be 2c52936b1c12a651516fc39fd0061af759f4e1e9cd61276f5053e4c05275ceb0" classname="com.github.traderjoe95.mls.protocol.tree.TreeKem" time="0.0"/>
  <testcase name="a new update path generated by the sender should be successfully processed" classname="com.github.traderjoe95.mls.protocol.tree.TreeKem" time="0.0"/>
  <testcase name="the update path should be parent-hash valid" classname="com.github.traderjoe95.mls.protocol.tree.TreeKem" time="0.0"/>
  <testcase name="the tree hash after merging the update path should be 48b2a73fba80943249133dc06d9a8bdc7c51885b4cf87b4bde69e8ba1251bf5b" classname="com.github.traderjoe95.mls.protocol.tree.TreeKem" time="0.0"/>
  <testcase name="the decrypted path secret should be 2c52936b1c12a651516fc39fd0061af759f4e1e9cd61276f5053e4c05275ceb0" classname="com.github.traderjoe95.mls.protocol.tree.TreeKem" time="0.0"/>
  <testcase name="a new update path generated by the sender should be successfully processed" classname="com.github.traderjoe95.mls.protocol.tree.TreeKem" time="0.001"/>
  <testcase name="the update path should be parent-hash valid" classname="com.github.traderjoe95.mls.protocol.tree.TreeKem" time="0.0"/>
  <testcase name="the tree hash after merging the update path should be 48b2a73fba80943249133dc06d9a8bdc7c51885b4cf87b4bde69e8ba1251bf5b" classname="com.github.traderjoe95.mls.protocol.tree.TreeKem" time="0.0"/>
  <testcase name="the decrypted path secret should be 1d5d51d8542718cd60a6cd382e913de1d69647c6d175cc101b3be6b7910a6fc7" classname="com.github.traderjoe95.mls.protocol.tree.TreeKem" time="0.0"/>
  <testcase name="a new update path generated by the sender should be successfully processed" classname="com.github.traderjoe95.mls.protocol.tree.TreeKem" time="0.0"/>
  <testcase name="the update path should be parent-hash valid" classname="com.github.traderjoe95.mls.protocol.tree.TreeKem" time="0.0"/>
  <testcase name="the tree hash after merging the update path should be cfbd20d63cdf039b7c487d03da52350a57572cf3cf903fc78c25a698e3aeb7c8" classname="com.github.traderjoe95.mls.protocol.tree.TreeKem" time="0.003"/>
  <testcase name="the decrypted path secret should be 084cae665824f48afdd622f9bd988313b76f0cabdc8a1ae736c6cc4e594b9353" classname="com.github.traderjoe95.mls.protocol.tree.TreeKem" time="0.002"/>
  <testcase name="a new update path generated by the sender should be successfully processed" classname="com.github.traderjoe95.mls.protocol.tree.TreeKem" time="0.001"/>
  <testcase name="the update path should be parent-hash valid" classname="com.github.traderjoe95.mls.protocol.tree.TreeKem" time="0.001"/>
  <testcase name="the tree hash after merging the update path should be cfbd20d63cdf039b7c487d03da52350a57572cf3cf903fc78c25a698e3aeb7c8" classname="com.github.traderjoe95.mls.protocol.tree.TreeKem" time="0.001"/>
  <testcase name="the decrypted path secret should be 084cae665824f48afdd622f9bd988313b76f0cabdc8a1ae736c6cc4e594b9353" classname="com.github.traderjoe95.mls.protocol.tree.TreeKem" time="0.001"/>
  <testcase name="a new update path generated by the sender should be successfully processed" classname="com.github.traderjoe95.mls.protocol.tree.TreeKem" time="0.001"/>
  <testcase name="the update path should be parent-hash valid" classname="com.github.traderjoe95.mls.protocol.tree.TreeKem" time="0.001"/>
  <testcase name="the tree hash after merging the update path should be cfbd20d63cdf039b7c487d03da52350a57572cf3cf903fc78c25a698e3aeb7c8" classname="com.github.traderjoe95.mls.protocol.tree.TreeKem" time="0.0"/>
  <testcase name="the decrypted path secret should be 084cae665824f48afdd622f9bd988313b76f0cabdc8a1ae736c6cc4e594b9353" classname="com.github.traderjoe95.mls.protocol.tree.TreeKem" time="0.0"/>
  <testcase name="a new update path generated by the sender should be successfully processed" classname="com.github.traderjoe95.mls.protocol.tree.TreeKem" time="0.001"/>
  <testcase name="the update path should be parent-hash valid" classname="com.github.traderjoe95.mls.protocol.tree.TreeKem" time="0.0"/>
  <testcase name="the tree hash after merging the update path should be cfbd20d63cdf039b7c487d03da52350a57572cf3cf903fc78c25a698e3aeb7c8" classname="com.github.traderjoe95.mls.protocol.tree.TreeKem" time="0.0"/>
  <testcase name="the decrypted path secret should be 084cae665824f48afdd622f9bd988313b76f0cabdc8a1ae736c6cc4e594b9353" classname="com.github.traderjoe95.mls.protocol.tree.TreeKem" time="0.001"/>
  <testcase name="a new update path generated by the sender should be successfully processed" classname="com.github.traderjoe95.mls.protocol.tree.TreeKem" time="0.001"/>
  <testcase name="the update path should be parent-hash valid" classname="com.github.traderjoe95.mls.protocol.tree.TreeKem" time="0.001"/>
  <testcase name="the tree hash after merging the update path should be cfbd20d63cdf039b7c487d03da52350a57572cf3cf903fc78c25a698e3aeb7c8" classname="com.github.traderjoe95.mls.protocol.tree.TreeKem" time="0.0"/>
  <testcase name="the decrypted path secret should be b67f12c3754075424192bf3982ba6afab14f22d0597a4e852ff2de44790dc3a0" classname="com.github.traderjoe95.mls.protocol.tree.TreeKem" time="0.001"/>
  <testcase name="a new update path generated by the sender should be successfully processed" classname="com.github.traderjoe95.mls.protocol.tree.TreeKem" time="0.001"/>
  <testcase name="the update path should be parent-hash valid" classname="com.github.traderjoe95.mls.protocol.tree.TreeKem" time="0.001"/>
  <testcase name="the tree hash after merging the update path should be cfbd20d63cdf039b7c487d03da52350a57572cf3cf903fc78c25a698e3aeb7c8" classname="com.github.traderjoe95.mls.protocol.tree.TreeKem" time="0.0"/>
  <testcase name="the decrypted path secret should be b67f12c3754075424192bf3982ba6afab14f22d0597a4e852ff2de44790dc3a0" classname="com.github.traderjoe95.mls.protocol.tree.TreeKem" time="0.001"/>
  <testcase name="a new update path generated by the sender should be successfully processed" classname="com.github.traderjoe95.mls.protocol.tree.TreeKem" time="0.001"/>
  <testcase name="the update path should be parent-hash valid" classname="com.github.traderjoe95.mls.protocol.tree.TreeKem" time="0.001"/>
  <testcase name="the tree hash after merging the update path should be cfbd20d63cdf039b7c487d03da52350a57572cf3cf903fc78c25a698e3aeb7c8" classname="com.github.traderjoe95.mls.protocol.tree.TreeKem" time="0.0"/>
  <testcase name="the decrypted path secret should be ff7da38ea9ba78ecb650a0779e8e9efbe41842596c7d5a98ded1878bd2091235" classname="com.github.traderjoe95.mls.protocol.tree.TreeKem" time="0.001"/>
  <testcase name="a new update path generated by the sender should be successfully processed" classname="com.github.traderjoe95.mls.protocol.tree.TreeKem" time="0.001"/>
  <testcase name="non-blank leaf 0 should be consistent with the public state" classname="com.github.traderjoe95.mls.protocol.tree.TreeKem" time="0.001"/>
  <testcase name="non-blank leaf 1 should be consistent with the public state" classname="com.github.traderjoe95.mls.protocol.tree.TreeKem" time="0.001"/>
  <testcase name="non-blank leaf 2 should be consistent with the public state" classname="com.github.traderjoe95.mls.protocol.tree.TreeKem" time="0.0"/>
  <testcase name="non-blank leaf 3 should be consistent with the public state" classname="com.github.traderjoe95.mls.protocol.tree.TreeKem" time="0.001"/>
  <testcase name="non-blank leaf 4 should be consistent with the public state" classname="com.github.traderjoe95.mls.protocol.tree.TreeKem" time="0.001"/>
  <testcase name="non-blank leaf 5 should be consistent with the public state" classname="com.github.traderjoe95.mls.protocol.tree.TreeKem" time="0.0"/>
  <testcase name="non-blank leaf 6 should be consistent with the public state" classname="com.github.traderjoe95.mls.protocol.tree.TreeKem" time="0.001"/>
  <testcase name="the update path should be parent-hash valid" classname="com.github.traderjoe95.mls.protocol.tree.TreeKem" time="0.0"/>
  <testcase name="the tree hash after merging the update path should be 76fc5c0efb1be4e4bb48923fedd2877e3de00cf43e0a65e5ed8a2dbbbd092119" classname="com.github.traderjoe95.mls.protocol.tree.TreeKem" time="0.001"/>
  <testcase name="the decrypted path secret should be e8608097b9da1863d6a6b540542af95b96ab95bcd9a9c04763313b61c2c99d44" classname="com.github.traderjoe95.mls.protocol.tree.TreeKem" time="0.001"/>
  <testcase name="a new update path generated by the sender should be successfully processed" classname="com.github.traderjoe95.mls.protocol.tree.TreeKem" time="0.0"/>
  <testcase name="the update path should be parent-hash valid" classname="com.github.traderjoe95.mls.protocol.tree.TreeKem" time="0.0"/>
  <testcase name="the tree hash after merging the update path should be 76fc5c0efb1be4e4bb48923fedd2877e3de00cf43e0a65e5ed8a2dbbbd092119" classname="com.github.traderjoe95.mls.protocol.tree.TreeKem" time="0.0"/>
  <testcase name="the decrypted path secret should be 5ccc25c82569cc9731283abbdb9265187c17503e6f9c4ba2484a9e210e83f5a3" classname="com.github.traderjoe95.mls.protocol.tree.TreeKem" time="0.0"/>
  <testcase name="a new update path generated by the sender should be successfully processed" classname="com.github.traderjoe95.mls.protocol.tree.TreeKem" time="0.0"/>
  <testcase name="the update path should be parent-hash valid" classname="com.github.traderjoe95.mls.protocol.tree.TreeKem" time="0.0"/>
  <testcase name="the tree hash after merging the update path should be 76fc5c0efb1be4e4bb48923fedd2877e3de00cf43e0a65e5ed8a2dbbbd092119" classname="com.github.traderjoe95.mls.protocol.tree.TreeKem" time="0.001"/>
  <testcase name="the decrypted path secret should be 5ccc25c82569cc9731283abbdb9265187c17503e6f9c4ba2484a9e210e83f5a3" classname="com.github.traderjoe95.mls.protocol.tree.TreeKem" time="0.001"/>
  <testcase name="a new update path generated by the sender should be successfully processed" classname="com.github.traderjoe95.mls.protocol.tree.TreeKem" time="0.001"/>
  <testcase name="the update path should be parent-hash valid" classname="com.github.traderjoe95.mls.protocol.tree.TreeKem" time="0.0"/>
  <testcase name="the tree hash after merging the update path should be 76fc5c0efb1be4e4bb48923fedd2877e3de00cf43e0a65e5ed8a2dbbbd092119" classname="com.github.traderjoe95.mls.protocol.tree.TreeKem" time="0.0"/>
  <testcase name="the decrypted path secret should be 504766baf72d5ca7c9418c872a0e93387d717bb13f319e4953867cc50b57d676" classname="com.github.traderjoe95.mls.protocol.tree.TreeKem" time="0.0"/>
  <testcase name="a new update path generated by the sender should be successfully processed" classname="com.github.traderjoe95.mls.protocol.tree.TreeKem" time="0.0"/>
  <testcase name="the update path should be parent-hash valid" classname="com.github.traderjoe95.mls.protocol.tree.TreeKem" time="0.001"/>
  <testcase name="the tree hash after merging the update path should be 76fc5c0efb1be4e4bb48923fedd2877e3de00cf43e0a65e5ed8a2dbbbd092119" classname="com.github.traderjoe95.mls.protocol.tree.TreeKem" time="0.0"/>
  <testcase name="the decrypted path secret should be 504766baf72d5ca7c9418c872a0e93387d717bb13f319e4953867cc50b57d676" classname="com.github.traderjoe95.mls.protocol.tree.TreeKem" time="0.0"/>
  <testcase name="a new update path generated by the sender should be successfully processed" classname="com.github.traderjoe95.mls.protocol.tree.TreeKem" time="0.0"/>
  <testcase name="the update path should be parent-hash valid" classname="com.github.traderjoe95.mls.protocol.tree.TreeKem" time="0.0"/>
  <testcase name="the tree hash after merging the update path should be 76fc5c0efb1be4e4bb48923fedd2877e3de00cf43e0a65e5ed8a2dbbbd092119" classname="com.github.traderjoe95.mls.protocol.tree.TreeKem" time="0.0"/>
  <testcase name="the decrypted path secret should be 504766baf72d5ca7c9418c872a0e93387d717bb13f319e4953867cc50b57d676" classname="com.github.traderjoe95.mls.protocol.tree.TreeKem" time="0.0"/>
  <testcase name="a new update path generated by the sender should be successfully processed" classname="com.github.traderjoe95.mls.protocol.tree.TreeKem" time="0.0"/>
  <testcase name="the update path should be parent-hash valid" classname="com.github.traderjoe95.mls.protocol.tree.TreeKem" time="0.001"/>
  <testcase name="the tree hash after merging the update path should be 6c934693d3dfbe2cfeb6d78dd1e7338a06a3bbba6427128501a01897cf4592e5" classname="com.github.traderjoe95.mls.protocol.tree.TreeKem" time="0.0"/>
  <testcase name="the decrypted path secret should be 482f034750eac133955a4b06f9907e221c4f7dcde23cd44839d939e74845d5b6" classname="com.github.traderjoe95.mls.protocol.tree.TreeKem" time="0.0"/>
  <testcase name="a new update path generated by the sender should be successfully processed" classname="com.github.traderjoe95.mls.protocol.tree.TreeKem" time="0.001"/>
  <testcase name="the update path should be parent-hash valid" classname="com.github.traderjoe95.mls.protocol.tree.TreeKem" time="0.0"/>
  <testcase name="the tree hash after merging the update path should be 6c934693d3dfbe2cfeb6d78dd1e7338a06a3bbba6427128501a01897cf4592e5" classname="com.github.traderjoe95.mls.protocol.tree.TreeKem" time="0.0"/>
  <testcase name="the decrypted path secret should be 4179fbbca043d7139726430d976a623eac87a9d18bfee7227f2c4d54c16d041e" classname="com.github.traderjoe95.mls.protocol.tree.TreeKem" time="0.001"/>
  <testcase name="a new update path generated by the sender should be successfully processed" classname="com.github.traderjoe95.mls.protocol.tree.TreeKem" time="0.0"/>
  <testcase name="the update path should be parent-hash valid" classname="com.github.traderjoe95.mls.protocol.tree.TreeKem" time="0.0"/>
  <testcase name="the tree hash after merging the update path should be 6c934693d3dfbe2cfeb6d78dd1e7338a06a3bbba6427128501a01897cf4592e5" classname="com.github.traderjoe95.mls.protocol.tree.TreeKem" time="0.001"/>
  <testcase name="the decrypted path secret should be 4179fbbca043d7139726430d976a623eac87a9d18bfee7227f2c4d54c16d041e" classname="com.github.traderjoe95.mls.protocol.tree.TreeKem" time="0.001"/>
  <testcase name="a new update path generated by the sender should be successfully processed" classname="com.github.traderjoe95.mls.protocol.tree.TreeKem" time="0.001"/>
  <testcase name="the update path should be parent-hash valid" classname="com.github.traderjoe95.mls.protocol.tree.TreeKem" time="0.0"/>
  <testcase name="the tree hash after merging the update path should be 6c934693d3dfbe2cfeb6d78dd1e7338a06a3bbba6427128501a01897cf4592e5" classname="com.github.traderjoe95.mls.protocol.tree.TreeKem" time="0.0"/>
  <testcase name="the decrypted path secret should be 0a8222278bb97717570dcbe645ca76266a1a6fbab32e2cd4420431e8611eed12" classname="com.github.traderjoe95.mls.protocol.tree.TreeKem" time="0.0"/>
  <testcase name="a new update path generated by the sender should be successfully processed" classname="com.github.traderjoe95.mls.protocol.tree.TreeKem" time="0.0"/>
  <testcase name="the update path should be parent-hash valid" classname="com.github.traderjoe95.mls.protocol.tree.TreeKem" time="0.0"/>
  <testcase name="the tree hash after merging the update path should be 6c934693d3dfbe2cfeb6d78dd1e7338a06a3bbba6427128501a01897cf4592e5" classname="com.github.traderjoe95.mls.protocol.tree.TreeKem" time="0.0"/>
  <testcase name="the decrypted path secret should be 0a8222278bb97717570dcbe645ca76266a1a6fbab32e2cd4420431e8611eed12" classname="com.github.traderjoe95.mls.protocol.tree.TreeKem" time="0.001"/>
  <testcase name="a new update path generated by the sender should be successfully processed" classname="com.github.traderjoe95.mls.protocol.tree.TreeKem" time="0.001"/>
  <testcase name="the update path should be parent-hash valid" classname="com.github.traderjoe95.mls.protocol.tree.TreeKem" time="0.0"/>
  <testcase name="the tree hash after merging the update path should be 6c934693d3dfbe2cfeb6d78dd1e7338a06a3bbba6427128501a01897cf4592e5" classname="com.github.traderjoe95.mls.protocol.tree.TreeKem" time="0.0"/>
  <testcase name="the decrypted path secret should be 0a8222278bb97717570dcbe645ca76266a1a6fbab32e2cd4420431e8611eed12" classname="com.github.traderjoe95.mls.protocol.tree.TreeKem" time="0.0"/>
  <testcase name="a new update path generated by the sender should be successfully processed" classname="com.github.traderjoe95.mls.protocol.tree.TreeKem" time="0.0"/>
  <testcase name="the update path should be parent-hash valid" classname="com.github.traderjoe95.mls.protocol.tree.TreeKem" time="0.0"/>
  <testcase name="the tree hash after merging the update path should be 21dc81311d58358664dd709dc96e63a072107e540ce7d2e6bbfffe317112fe14" classname="com.github.traderjoe95.mls.protocol.tree.TreeKem" time="0.0"/>
  <testcase name="the decrypted path secret should be 31b55d9f7db7c7e5b7f1c91517029fb661d7379735b8aab5d942b8bb86af38d8" classname="com.github.traderjoe95.mls.protocol.tree.TreeKem" time="0.0"/>
  <testcase name="a new update path generated by the sender should be successfully processed" classname="com.github.traderjoe95.mls.protocol.tree.TreeKem" time="0.0"/>
  <testcase name="the update path should be parent-hash valid" classname="com.github.traderjoe95.mls.protocol.tree.TreeKem" time="0.0"/>
  <testcase name="the tree hash after merging the update path should be 21dc81311d58358664dd709dc96e63a072107e540ce7d2e6bbfffe317112fe14" classname="com.github.traderjoe95.mls.protocol.tree.TreeKem" time="0.001"/>
  <testcase name="the decrypted path secret should be 31b55d9f7db7c7e5b7f1c91517029fb661d7379735b8aab5d942b8bb86af38d8" classname="com.github.traderjoe95.mls.protocol.tree.TreeKem" time="0.001"/>
  <testcase name="a new update path generated by the sender should be successfully processed" classname="com.github.traderjoe95.mls.protocol.tree.TreeKem" time="0.001"/>
  <testcase name="the update path should be parent-hash valid" classname="com.github.traderjoe95.mls.protocol.tree.TreeKem" time="0.0"/>
  <testcase name="the tree hash after merging the update path should be 21dc81311d58358664dd709dc96e63a072107e540ce7d2e6bbfffe317112fe14" classname="com.github.traderjoe95.mls.protocol.tree.TreeKem" time="0.0"/>
  <testcase name="the decrypted path secret should be 65ed1479842ad410d32092f6073db017eac8827be3c47d169f742a167755cbeb" classname="com.github.traderjoe95.mls.protocol.tree.TreeKem" time="0.001"/>
  <testcase name="a new update path generated by the sender should be successfully processed" classname="com.github.traderjoe95.mls.protocol.tree.TreeKem" time="0.001"/>
  <testcase name="the update path should be parent-hash valid" classname="com.github.traderjoe95.mls.protocol.tree.TreeKem" time="0.001"/>
  <testcase name="the tree hash after merging the update path should be 21dc81311d58358664dd709dc96e63a072107e540ce7d2e6bbfffe317112fe14" classname="com.github.traderjoe95.mls.protocol.tree.TreeKem" time="0.0"/>
  <testcase name="the decrypted path secret should be fcc016ff84f1dab6df10a1f1c1847187255d3dcba8b1d859a09d66eb40cd82dc" classname="com.github.traderjoe95.mls.protocol.tree.TreeKem" time="0.001"/>
  <testcase name="a new update path generated by the sender should be successfully processed" classname="com.github.traderjoe95.mls.protocol.tree.TreeKem" time="0.001"/>
  <testcase name="the update path should be parent-hash valid" classname="com.github.traderjoe95.mls.protocol.tree.TreeKem" time="0.0"/>
  <testcase name="the tree hash after merging the update path should be 21dc81311d58358664dd709dc96e63a072107e540ce7d2e6bbfffe317112fe14" classname="com.github.traderjoe95.mls.protocol.tree.TreeKem" time="0.0"/>
  <testcase name="the decrypted path secret should be fcc016ff84f1dab6df10a1f1c1847187255d3dcba8b1d859a09d66eb40cd82dc" classname="com.github.traderjoe95.mls.protocol.tree.TreeKem" time="0.0"/>
  <testcase name="a new update path generated by the sender should be successfully processed" classname="com.github.traderjoe95.mls.protocol.tree.TreeKem" time="0.001"/>
  <testcase name="the update path should be parent-hash valid" classname="com.github.traderjoe95.mls.protocol.tree.TreeKem" time="0.0"/>
  <testcase name="the tree hash after merging the update path should be 21dc81311d58358664dd709dc96e63a072107e540ce7d2e6bbfffe317112fe14" classname="com.github.traderjoe95.mls.protocol.tree.TreeKem" time="0.0"/>
  <testcase name="the decrypted path secret should be fcc016ff84f1dab6df10a1f1c1847187255d3dcba8b1d859a09d66eb40cd82dc" classname="com.github.traderjoe95.mls.protocol.tree.TreeKem" time="0.001"/>
  <testcase name="a new update path generated by the sender should be successfully processed" classname="com.github.traderjoe95.mls.protocol.tree.TreeKem" time="0.001"/>
  <testcase name="the update path should be parent-hash valid" classname="com.github.traderjoe95.mls.protocol.tree.TreeKem" time="0.001"/>
  <testcase name="the tree hash after merging the update path should be baa87fd4d00a7be624e0e17f9f335e2eddc4cd7bf4cdf41f31a275f65cd6a6e2" classname="com.github.traderjoe95.mls.protocol.tree.TreeKem" time="0.0"/>
  <testcase name="the decrypted path secret should be d9d2c5ebe714ab7fafa2d4f6d9b1c8b4e81ca48ac6057e2cbe189042e591e64d" classname="com.github.traderjoe95.mls.protocol.tree.TreeKem" time="0.001"/>
  <testcase name="a new update path generated by the sender should be successfully processed" classname="com.github.traderjoe95.mls.protocol.tree.TreeKem" time="0.001"/>
  <testcase name="the update path should be parent-hash valid" classname="com.github.traderjoe95.mls.protocol.tree.TreeKem" time="0.0"/>
  <testcase name="the tree hash after merging the update path should be baa87fd4d00a7be624e0e17f9f335e2eddc4cd7bf4cdf41f31a275f65cd6a6e2" classname="com.github.traderjoe95.mls.protocol.tree.TreeKem" time="0.0"/>
  <testcase name="the decrypted path secret should be d9d2c5ebe714ab7fafa2d4f6d9b1c8b4e81ca48ac6057e2cbe189042e591e64d" classname="com.github.traderjoe95.mls.protocol.tree.TreeKem" time="0.0"/>
  <testcase name="a new update path generated by the sender should be successfully processed" classname="com.github.traderjoe95.mls.protocol.tree.TreeKem" time="0.001"/>
  <testcase name="the update path should be parent-hash valid" classname="com.github.traderjoe95.mls.protocol.tree.TreeKem" time="0.0"/>
  <testcase name="the tree hash after merging the update path should be baa87fd4d00a7be624e0e17f9f335e2eddc4cd7bf4cdf41f31a275f65cd6a6e2" classname="com.github.traderjoe95.mls.protocol.tree.TreeKem" time="0.0"/>
  <testcase name="the decrypted path secret should be 47043ea1e2961b2a5dd3aaa9f4f01bbc4a52ce153a88c31de1d105466f788ffc" classname="com.github.traderjoe95.mls.protocol.tree.TreeKem" time="0.0"/>
  <testcase name="a new update path generated by the sender should be successfully processed" classname="com.github.traderjoe95.mls.protocol.tree.TreeKem" time="0.0"/>
  <testcase name="the update path should be parent-hash valid" classname="com.github.traderjoe95.mls.protocol.tree.TreeKem" time="0.0"/>
  <testcase name="the tree hash after merging the update path should be baa87fd4d00a7be624e0e17f9f335e2eddc4cd7bf4cdf41f31a275f65cd6a6e2" classname="com.github.traderjoe95.mls.protocol.tree.TreeKem" time="0.001"/>
  <testcase name="the decrypted path secret should be e91a12d86125a8d5acc0872133f1e289256c749698427abdcaeedf0139273688" classname="com.github.traderjoe95.mls.protocol.tree.TreeKem" time="0.001"/>
  <testcase name="a new update path generated by the sender should be successfully processed" classname="com.github.traderjoe95.mls.protocol.tree.TreeKem" time="0.001"/>
  <testcase name="the update path should be parent-hash valid" classname="com.github.traderjoe95.mls.protocol.tree.TreeKem" time="0.001"/>
  <testcase name="the tree hash after merging the update path should be baa87fd4d00a7be624e0e17f9f335e2eddc4cd7bf4cdf41f31a275f65cd6a6e2" classname="com.github.traderjoe95.mls.protocol.tree.TreeKem" time="0.0"/>
  <testcase name="the decrypted path secret should be e91a12d86125a8d5acc0872133f1e289256c749698427abdcaeedf0139273688" classname="com.github.traderjoe95.mls.protocol.tree.TreeKem" time="0.001"/>
  <testcase name="a new update path generated by the sender should be successfully processed" classname="com.github.traderjoe95.mls.protocol.tree.TreeKem" time="0.001"/>
  <testcase name="the update path should be parent-hash valid" classname="com.github.traderjoe95.mls.protocol.tree.TreeKem" time="0.0"/>
  <testcase name="the tree hash after merging the update path should be baa87fd4d00a7be624e0e17f9f335e2eddc4cd7bf4cdf41f31a275f65cd6a6e2" classname="com.github.traderjoe95.mls.protocol.tree.TreeKem" time="0.0"/>
  <testcase name="the decrypted path secret should be e91a12d86125a8d5acc0872133f1e289256c749698427abdcaeedf0139273688" classname="com.github.traderjoe95.mls.protocol.tree.TreeKem" time="0.001"/>
  <testcase name="a new update path generated by the sender should be successfully processed" classname="com.github.traderjoe95.mls.protocol.tree.TreeKem" time="0.001"/>
  <testcase name="the update path should be parent-hash valid" classname="com.github.traderjoe95.mls.protocol.tree.TreeKem" time="0.0"/>
  <testcase name="the tree hash after merging the update path should be 5b07489ff55b9969061e361f78ee0289143a7262c68dad4a2a8e25f2b4fc29e6" classname="com.github.traderjoe95.mls.protocol.tree.TreeKem" time="0.0"/>
  <testcase name="the decrypted path secret should be dee0e649e0c5e19c60d6b4561423f165974f36e9d60c692e1c1a600904ee7dd2" classname="com.github.traderjoe95.mls.protocol.tree.TreeKem" time="0.001"/>
  <testcase name="a new update path generated by the sender should be successfully processed" classname="com.github.traderjoe95.mls.protocol.tree.TreeKem" time="0.001"/>
  <testcase name="the update path should be parent-hash valid" classname="com.github.traderjoe95.mls.protocol.tree.TreeKem" time="0.0"/>
  <testcase name="the tree hash after merging the update path should be 5b07489ff55b9969061e361f78ee0289143a7262c68dad4a2a8e25f2b4fc29e6" classname="com.github.traderjoe95.mls.protocol.tree.TreeKem" time="0.0"/>
  <testcase name="the decrypted path secret should be dee0e649e0c5e19c60d6b4561423f165974f36e9d60c692e1c1a600904ee7dd2" classname="com.github.traderjoe95.mls.protocol.tree.TreeKem" time="0.001"/>
  <testcase name="a new update path generated by the sender should be successfully processed" classname="com.github.traderjoe95.mls.protocol.tree.TreeKem" time="0.001"/>
  <testcase name="the update path should be parent-hash valid" classname="com.github.traderjoe95.mls.protocol.tree.TreeKem" time="0.0"/>
  <testcase name="the tree hash after merging the update path should be 5b07489ff55b9969061e361f78ee0289143a7262c68dad4a2a8e25f2b4fc29e6" classname="com.github.traderjoe95.mls.protocol.tree.TreeKem" time="0.0"/>
  <testcase name="the decrypted path secret should be dee0e649e0c5e19c60d6b4561423f165974f36e9d60c692e1c1a600904ee7dd2" classname="com.github.traderjoe95.mls.protocol.tree.TreeKem" time="0.0"/>
  <testcase name="a new update path generated by the sender should be successfully processed" classname="com.github.traderjoe95.mls.protocol.tree.TreeKem" time="0.001"/>
  <testcase name="the update path should be parent-hash valid" classname="com.github.traderjoe95.mls.protocol.tree.TreeKem" time="0.0"/>
  <testcase name="the tree hash after merging the update path should be 5b07489ff55b9969061e361f78ee0289143a7262c68dad4a2a8e25f2b4fc29e6" classname="com.github.traderjoe95.mls.protocol.tree.TreeKem" time="0.0"/>
  <testcase name="the decrypted path secret should be dee0e649e0c5e19c60d6b4561423f165974f36e9d60c692e1c1a600904ee7dd2" classname="com.github.traderjoe95.mls.protocol.tree.TreeKem" time="0.001"/>
  <testcase name="a new update path generated by the sender should be successfully processed" classname="com.github.traderjoe95.mls.protocol.tree.TreeKem" time="0.001"/>
  <testcase name="the update path should be parent-hash valid" classname="com.github.traderjoe95.mls.protocol.tree.TreeKem" time="0.0"/>
  <testcase name="the tree hash after merging the update path should be 5b07489ff55b9969061e361f78ee0289143a7262c68dad4a2a8e25f2b4fc29e6" classname="com.github.traderjoe95.mls.protocol.tree.TreeKem" time="0.0"/>
  <testcase name="the decrypted path secret should be 72d46a199f58a9227f1cd24468537f238a841a745ca09e7bca0c9c18a58a09e9" classname="com.github.traderjoe95.mls.protocol.tree.TreeKem" time="0.001"/>
  <testcase name="a new update path generated by the sender should be successfully processed" classname="com.github.traderjoe95.mls.protocol.tree.TreeKem" time="0.001"/>
  <testcase name="the update path should be parent-hash valid" classname="com.github.traderjoe95.mls.protocol.tree.TreeKem" time="0.001"/>
  <testcase name="the tree hash after merging the update path should be 5b07489ff55b9969061e361f78ee0289143a7262c68dad4a2a8e25f2b4fc29e6" classname="com.github.traderjoe95.mls.protocol.tree.TreeKem" time="0.001"/>
  <testcase name="the decrypted path secret should be f2c5622949d4e6ca8f917ef1b0d4fe106d8592c2f629822908146332907e5682" classname="com.github.traderjoe95.mls.protocol.tree.TreeKem" time="0.0"/>
  <testcase name="a new update path generated by the sender should be successfully processed" classname="com.github.traderjoe95.mls.protocol.tree.TreeKem" time="0.001"/>
  <testcase name="the update path should be parent-hash valid" classname="com.github.traderjoe95.mls.protocol.tree.TreeKem" time="0.001"/>
  <testcase name="the tree hash after merging the update path should be af78069d34e457017f0a8d08aac5ebe7ad1eaf485a21248ce0a7d09f5d80b8f5" classname="com.github.traderjoe95.mls.protocol.tree.TreeKem" time="0.001"/>
  <testcase name="the decrypted path secret should be 76e43a0e5d68f13141d25eaa05da893b4b60ec1fcf2a6d0a73b7a6a28b5c71ee" classname="com.github.traderjoe95.mls.protocol.tree.TreeKem" time="0.001"/>
  <testcase name="a new update path generated by the sender should be successfully processed" classname="com.github.traderjoe95.mls.protocol.tree.TreeKem" time="0.001"/>
  <testcase name="the update path should be parent-hash valid" classname="com.github.traderjoe95.mls.protocol.tree.TreeKem" time="0.0"/>
  <testcase name="the tree hash after merging the update path should be af78069d34e457017f0a8d08aac5ebe7ad1eaf485a21248ce0a7d09f5d80b8f5" classname="com.github.traderjoe95.mls.protocol.tree.TreeKem" time="0.0"/>
  <testcase name="the decrypted path secret should be 76e43a0e5d68f13141d25eaa05da893b4b60ec1fcf2a6d0a73b7a6a28b5c71ee" classname="com.github.traderjoe95.mls.protocol.tree.TreeKem" time="0.0"/>
  <testcase name="a new update path generated by the sender should be successfully processed" classname="com.github.traderjoe95.mls.protocol.tree.TreeKem" time="0.0"/>
  <testcase name="the update path should be parent-hash valid" classname="com.github.traderjoe95.mls.protocol.tree.TreeKem" time="0.001"/>
  <testcase name="the tree hash after merging the update path should be af78069d34e457017f0a8d08aac5ebe7ad1eaf485a21248ce0a7d09f5d80b8f5" classname="com.github.traderjoe95.mls.protocol.tree.TreeKem" time="0.001"/>
  <testcase name="the decrypted path secret should be 76e43a0e5d68f13141d25eaa05da893b4b60ec1fcf2a6d0a73b7a6a28b5c71ee" classname="com.github.traderjoe95.mls.protocol.tree.TreeKem" time="0.001"/>
  <testcase name="a new update path generated by the sender should be successfully processed" classname="com.github.traderjoe95.mls.protocol.tree.TreeKem" time="0.001"/>
  <testcase name="the update path should be parent-hash valid" classname="com.github.traderjoe95.mls.protocol.tree.TreeKem" time="0.001"/>
  <testcase name="the tree hash after merging the update path should be af78069d34e457017f0a8d08aac5ebe7ad1eaf485a21248ce0a7d09f5d80b8f5" classname="com.github.traderjoe95.mls.protocol.tree.TreeKem" time="0.0"/>
  <testcase name="the decrypted path secret should be 76e43a0e5d68f13141d25eaa05da893b4b60ec1fcf2a6d0a73b7a6a28b5c71ee" classname="com.github.traderjoe95.mls.protocol.tree.TreeKem" time="0.0"/>
  <testcase name="a new update path generated by the sender should be successfully processed" classname="com.github.traderjoe95.mls.protocol.tree.TreeKem" time="0.001"/>
  <testcase name="the update path should be parent-hash valid" classname="com.github.traderjoe95.mls.protocol.tree.TreeKem" time="0.0"/>
  <testcase name="the tree hash after merging the update path should be af78069d34e457017f0a8d08aac5ebe7ad1eaf485a21248ce0a7d09f5d80b8f5" classname="com.github.traderjoe95.mls.protocol.tree.TreeKem" time="0.001"/>
  <testcase name="the decrypted path secret should be 3c78597856241bd7ee600cdbf8a7b4b5962c5ea3e095eaa07b4dc0351f08483d" classname="com.github.traderjoe95.mls.protocol.tree.TreeKem" time="0.001"/>
  <testcase name="a new update path generated by the sender should be successfully processed" classname="com.github.traderjoe95.mls.protocol.tree.TreeKem" time="0.0"/>
  <testcase name="the update path should be parent-hash valid" classname="com.github.traderjoe95.mls.protocol.tree.TreeKem" time="0.0"/>
  <testcase name="the tree hash after merging the update path should be af78069d34e457017f0a8d08aac5ebe7ad1eaf485a21248ce0a7d09f5d80b8f5" classname="com.github.traderjoe95.mls.protocol.tree.TreeKem" time="0.001"/>
  <testcase name="the decrypted path secret should be ebc06cf63c3d0bc4759702d3be52e9ad6cf6942f2c8e9e138653602a9f20cfcd" classname="com.github.traderjoe95.mls.protocol.tree.TreeKem" time="0.001"/>
  <testcase name="a new update path generated by the sender should be successfully processed" classname="com.github.traderjoe95.mls.protocol.tree.TreeKem" time="0.001"/>
  <testcase name="the update path should be parent-hash valid" classname="com.github.traderjoe95.mls.protocol.tree.TreeKem" time="0.0"/>
  <testcase name="the tree hash after merging the update path should be a379b1229e8ab8967b9e010cce2ba530470297c6630dd858fba7c0ff27cc945c" classname="com.github.traderjoe95.mls.protocol.tree.TreeKem" time="0.001"/>
  <testcase name="the decrypted path secret should be 2c52936b1c12a651516fc39fd0061af759f4e1e9cd61276f5053e4c05275ceb0" classname="com.github.traderjoe95.mls.protocol.tree.TreeKem" time="0.001"/>
  <testcase name="a new update path generated by the sender should be successfully processed" classname="com.github.traderjoe95.mls.protocol.tree.TreeKem" time="0.001"/>
  <testcase name="the update path should be parent-hash valid" classname="com.github.traderjoe95.mls.protocol.tree.TreeKem" time="0.0"/>
  <testcase name="the tree hash after merging the update path should be a379b1229e8ab8967b9e010cce2ba530470297c6630dd858fba7c0ff27cc945c" classname="com.github.traderjoe95.mls.protocol.tree.TreeKem" time="0.001"/>
  <testcase name="the decrypted path secret should be 2c52936b1c12a651516fc39fd0061af759f4e1e9cd61276f5053e4c05275ceb0" classname="com.github.traderjoe95.mls.protocol.tree.TreeKem" time="0.001"/>
  <testcase name="a new update path generated by the sender should be successfully processed" classname="com.github.traderjoe95.mls.protocol.tree.TreeKem" time="0.001"/>
  <testcase name="the update path should be parent-hash valid" classname="com.github.traderjoe95.mls.protocol.tree.TreeKem" time="0.0"/>
  <testcase name="the tree hash after merging the update path should be a379b1229e8ab8967b9e010cce2ba530470297c6630dd858fba7c0ff27cc945c" classname="com.github.traderjoe95.mls.protocol.tree.TreeKem" time="0.001"/>
  <testcase name="the decrypted path secret should be 2c52936b1c12a651516fc39fd0061af759f4e1e9cd61276f5053e4c05275ceb0" classname="com.github.traderjoe95.mls.protocol.tree.TreeKem" time="0.001"/>
  <testcase name="a new update path generated by the sender should be successfully processed" classname="com.github.traderjoe95.mls.protocol.tree.TreeKem" time="0.001"/>
  <testcase name="the update path should be parent-hash valid" classname="com.github.traderjoe95.mls.protocol.tree.TreeKem" time="0.0"/>
  <testcase name="the tree hash after merging the update path should be a379b1229e8ab8967b9e010cce2ba530470297c6630dd858fba7c0ff27cc945c" classname="com.github.traderjoe95.mls.protocol.tree.TreeKem" time="0.0"/>
  <testcase name="the decrypted path secret should be 2c52936b1c12a651516fc39fd0061af759f4e1e9cd61276f5053e4c05275ceb0" classname="com.github.traderjoe95.mls.protocol.tree.TreeKem" time="0.001"/>
  <testcase name="a new update path generated by the sender should be successfully processed" classname="com.github.traderjoe95.mls.protocol.tree.TreeKem" time="0.001"/>
  <testcase name="the update path should be parent-hash valid" classname="com.github.traderjoe95.mls.protocol.tree.TreeKem" time="0.0"/>
  <testcase name="the tree hash after merging the update path should be a379b1229e8ab8967b9e010cce2ba530470297c6630dd858fba7c0ff27cc945c" classname="com.github.traderjoe95.mls.protocol.tree.TreeKem" time="0.0"/>
  <testcase name="the decrypted path secret should be 1d5d51d8542718cd60a6cd382e913de1d69647c6d175cc101b3be6b7910a6fc7" classname="com.github.traderjoe95.mls.protocol.tree.TreeKem" time="0.001"/>
  <testcase name="a new update path generated by the sender should be successfully processed" classname="com.github.traderjoe95.mls.protocol.tree.TreeKem" time="0.001"/>
  <testcase name="the update path should be parent-hash valid" classname="com.github.traderjoe95.mls.protocol.tree.TreeKem" time="0.0"/>
  <testcase name="the tree hash after merging the update path should be a379b1229e8ab8967b9e010cce2ba530470297c6630dd858fba7c0ff27cc945c" classname="com.github.traderjoe95.mls.protocol.tree.TreeKem" time="0.0"/>
  <testcase name="the decrypted path secret should be 1d5d51d8542718cd60a6cd382e913de1d69647c6d175cc101b3be6b7910a6fc7" classname="com.github.traderjoe95.mls.protocol.tree.TreeKem" time="0.0"/>
  <testcase name="a new update path generated by the sender should be successfully processed" classname="com.github.traderjoe95.mls.protocol.tree.TreeKem" time="0.0"/>
  <testcase name="non-blank leaf 0 should be consistent with the public state" classname="com.github.traderjoe95.mls.protocol.tree.TreeKem" time="0.001"/>
  <testcase name="non-blank leaf 1 should be consistent with the public state" classname="com.github.traderjoe95.mls.protocol.tree.TreeKem" time="0.0"/>
  <testcase name="the update path should be parent-hash valid" classname="com.github.traderjoe95.mls.protocol.tree.TreeKem" time="0.001"/>
  <testcase name="the tree hash after merging the update path should be faa5632774ac61638a6554e65898a4657c6df837d8c8025cdba3239817d28428" classname="com.github.traderjoe95.mls.protocol.tree.TreeKem" time="0.0"/>
  <testcase name="the decrypted path secret should be a10b2ebe0f037f2747bc27a24458107a39140e60a89b7619573c360bc2e938d5" classname="com.github.traderjoe95.mls.protocol.tree.TreeKem" time="0.0"/>
  <testcase name="a new update path generated by the sender should be successfully processed" classname="com.github.traderjoe95.mls.protocol.tree.TreeKem" time="0.0"/>
  <testcase name="the update path should be parent-hash valid" classname="com.github.traderjoe95.mls.protocol.tree.TreeKem" time="0.0"/>
  <testcase name="the tree hash after merging the update path should be 0b96bf3cb343c9ed1d383e50f277afb618f2dd1a92378e0eb4a739036a849ca1" classname="com.github.traderjoe95.mls.protocol.tree.TreeKem" time="0.0"/>
  <testcase name="the decrypted path secret should be 23a2ffceec092296c3373802d004e1a9ad9cc5236ebf6c7bf19eb5fcb5cf1091" classname="com.github.traderjoe95.mls.protocol.tree.TreeKem" time="0.001"/>
  <testcase name="a new update path generated by the sender should be successfully processed" classname="com.github.traderjoe95.mls.protocol.tree.TreeKem" time="0.001"/>
  <testcase name="non-blank leaf 0 should be consistent with the public state" classname="com.github.traderjoe95.mls.protocol.tree.TreeKem" time="0.0"/>
  <testcase name="non-blank leaf 1 should be consistent with the public state" classname="com.github.traderjoe95.mls.protocol.tree.TreeKem" time="0.0"/>
  <testcase name="non-blank leaf 2 should be consistent with the public state" classname="com.github.traderjoe95.mls.protocol.tree.TreeKem" time="0.001"/>
  <testcase name="the update path should be parent-hash valid" classname="com.github.traderjoe95.mls.protocol.tree.TreeKem" time="0.0"/>
  <testcase name="the tree hash after merging the update path should be 4f8c693f2d0cd9e283a6003ee74ad6d95c99da5d0ec9ff3cb04f1ed4c0dedbae" classname="com.github.traderjoe95.mls.protocol.tree.TreeKem" time="0.0"/>
  <testcase name="the decrypted path secret should be d4db91a194a73e0c5f97948608909f14f4466364870951d4cf2fc24cf4dc1e04" classname="com.github.traderjoe95.mls.protocol.tree.TreeKem" time="0.001"/>
  <testcase name="a new update path generated by the sender should be successfully processed" classname="com.github.traderjoe95.mls.protocol.tree.TreeKem" time="0.001"/>
  <testcase name="the update path should be parent-hash valid" classname="com.github.traderjoe95.mls.protocol.tree.TreeKem" time="0.0"/>
  <testcase name="the tree hash after merging the update path should be 4f8c693f2d0cd9e283a6003ee74ad6d95c99da5d0ec9ff3cb04f1ed4c0dedbae" classname="com.github.traderjoe95.mls.protocol.tree.TreeKem" time="0.0"/>
  <testcase name="the decrypted path secret should be 656c529a2388ac0aeb5ac04e710380d15285243512914fd4a6a66b54e65f2785" classname="com.github.traderjoe95.mls.protocol.tree.TreeKem" time="0.001"/>
  <testcase name="a new update path generated by the sender should be successfully processed" classname="com.github.traderjoe95.mls.protocol.tree.TreeKem" time="0.001"/>
  <testcase name="the update path should be parent-hash valid" classname="com.github.traderjoe95.mls.protocol.tree.TreeKem" time="0.001"/>
  <testcase name="the tree hash after merging the update path should be 3fedfbedf9ce5d434502ae4126a48b777304376f2f5d2d99cb124740e9ae1c8b" classname="com.github.traderjoe95.mls.protocol.tree.TreeKem" time="0.001"/>
  <testcase name="the decrypted path secret should be 12c09468f670f4158815544cc46b6f64c432ac4e8063e18a2744e19369bcc754" classname="com.github.traderjoe95.mls.protocol.tree.TreeKem" time="0.001"/>
  <testcase name="a new update path generated by the sender should be successfully processed" classname="com.github.traderjoe95.mls.protocol.tree.TreeKem" time="0.001"/>
  <testcase name="the update path should be parent-hash valid" classname="com.github.traderjoe95.mls.protocol.tree.TreeKem" time="0.0"/>
  <testcase name="the tree hash after merging the update path should be 3fedfbedf9ce5d434502ae4126a48b777304376f2f5d2d99cb124740e9ae1c8b" classname="com.github.traderjoe95.mls.protocol.tree.TreeKem" time="0.0"/>
  <testcase name="the decrypted path secret should be 2f9f217a253fec877aabcb39a500f8196c3638cb00b455a1bdb2c1bbb5cc1394" classname="com.github.traderjoe95.mls.protocol.tree.TreeKem" time="0.001"/>
  <testcase name="a new update path generated by the sender should be successfully processed" classname="com.github.traderjoe95.mls.protocol.tree.TreeKem" time="0.001"/>
  <testcase name="the update path should be parent-hash valid" classname="com.github.traderjoe95.mls.protocol.tree.TreeKem" time="0.0"/>
  <testcase name="the tree hash after merging the update path should be 0cf60dce198d6ec00cc61cf107d35c3023f7a0d0ff09f3a327cff08dcae2344c" classname="com.github.traderjoe95.mls.protocol.tree.TreeKem" time="0.001"/>
  <testcase name="the decrypted path secret should be 5ee7ac2549191238ac47618202b1ff01469213c131100ee80e08b91516578f09" classname="com.github.traderjoe95.mls.protocol.tree.TreeKem" time="0.001"/>
  <testcase name="a new update path generated by the sender should be successfully processed" classname="com.github.traderjoe95.mls.protocol.tree.TreeKem" time="0.001"/>
  <testcase name="the update path should be parent-hash valid" classname="com.github.traderjoe95.mls.protocol.tree.TreeKem" time="0.0"/>
  <testcase name="the tree hash after merging the update path should be 0cf60dce198d6ec00cc61cf107d35c3023f7a0d0ff09f3a327cff08dcae2344c" classname="com.github.traderjoe95.mls.protocol.tree.TreeKem" time="0.001"/>
  <testcase name="the decrypted path secret should be 5ee7ac2549191238ac47618202b1ff01469213c131100ee80e08b91516578f09" classname="com.github.traderjoe95.mls.protocol.tree.TreeKem" time="0.001"/>
  <testcase name="a new update path generated by the sender should be successfully processed" classname="com.github.traderjoe95.mls.protocol.tree.TreeKem" time="0.001"/>
  <testcase name="non-blank leaf 0 should be consistent with the public state" classname="com.github.traderjoe95.mls.protocol.tree.TreeKem" time="0.0"/>
  <testcase name="non-blank leaf 1 should be consistent with the public state" classname="com.github.traderjoe95.mls.protocol.tree.TreeKem" time="0.0"/>
  <testcase name="non-blank leaf 2 should be consistent with the public state" classname="com.github.traderjoe95.mls.protocol.tree.TreeKem" time="0.001"/>
  <testcase name="non-blank leaf 3 should be consistent with the public state" classname="com.github.traderjoe95.mls.protocol.tree.TreeKem" time="0.001"/>
  <testcase name="the update path should be parent-hash valid" classname="com.github.traderjoe95.mls.protocol.tree.TreeKem" time="0.0"/>
  <testcase name="the tree hash after merging the update path should be 925973b2597f25b5cf82001dc1f7822962f712495981189e9f76796039411dee" classname="com.github.traderjoe95.mls.protocol.tree.TreeKem" time="0.0"/>
  <testcase name="the decrypted path secret should be e6ecfca84052aa6bcad3874641e905f55ecb740e19d8e187730018b5f6693122" classname="com.github.traderjoe95.mls.protocol.tree.TreeKem" time="0.0"/>
  <testcase name="a new update path generated by the sender should be successfully processed" classname="com.github.traderjoe95.mls.protocol.tree.TreeKem" time="0.0"/>
  <testcase name="the update path should be parent-hash valid" classname="com.github.traderjoe95.mls.protocol.tree.TreeKem" time="0.0"/>
  <testcase name="the tree hash after merging the update path should be 925973b2597f25b5cf82001dc1f7822962f712495981189e9f76796039411dee" classname="com.github.traderjoe95.mls.protocol.tree.TreeKem" time="0.0"/>
  <testcase name="the decrypted path secret should be f270f1f7c9844d2a34b73e465295b7b088da94843b32a3566f5db12461a51cde" classname="com.github.traderjoe95.mls.protocol.tree.TreeKem" time="0.0"/>
  <testcase name="a new update path generated by the sender should be successfully processed" classname="com.github.traderjoe95.mls.protocol.tree.TreeKem" time="0.0"/>
  <testcase name="the update path should be parent-hash valid" classname="com.github.traderjoe95.mls.protocol.tree.TreeKem" time="0.0"/>
  <testcase name="the tree hash after merging the update path should be 925973b2597f25b5cf82001dc1f7822962f712495981189e9f76796039411dee" classname="com.github.traderjoe95.mls.protocol.tree.TreeKem" time="0.0"/>
  <testcase name="the decrypted path secret should be f270f1f7c9844d2a34b73e465295b7b088da94843b32a3566f5db12461a51cde" classname="com.github.traderjoe95.mls.protocol.tree.TreeKem" time="0.0"/>
  <testcase name="a new update path generated by the sender should be successfully processed" classname="com.github.traderjoe95.mls.protocol.tree.TreeKem" time="0.0"/>
  <testcase name="the update path should be parent-hash valid" classname="com.github.traderjoe95.mls.protocol.tree.TreeKem" time="0.0"/>
  <testcase name="the tree hash after merging the update path should be 8b45ff68c7771c2b474ab99deb7f8a9ece549cf42db3d0f85dca9c1e106b2683" classname="com.github.traderjoe95.mls.protocol.tree.TreeKem" time="0.0"/>
  <testcase name="the decrypted path secret should be f36d4b6fbe05d30b97df80bca80ccfd01b62502ac48f2d6fec7e370e7460a138" classname="com.github.traderjoe95.mls.protocol.tree.TreeKem" time="0.0"/>
  <testcase name="a new update path generated by the sender should be successfully processed" classname="com.github.traderjoe95.mls.protocol.tree.TreeKem" time="0.0"/>
  <testcase name="the update path should be parent-hash valid" classname="com.github.traderjoe95.mls.protocol.tree.TreeKem" time="0.0"/>
  <testcase name="the tree hash after merging the update path should be 8b45ff68c7771c2b474ab99deb7f8a9ece549cf42db3d0f85dca9c1e106b2683" classname="com.github.traderjoe95.mls.protocol.tree.TreeKem" time="0.0"/>
  <testcase name="the decrypted path secret should be 0458dd6918798b290b8c58102a508f6cc4dee2b68562d66d49f236e0f33c9a50" classname="com.github.traderjoe95.mls.protocol.tree.TreeKem" time="0.0"/>
  <testcase name="a new update path generated by the sender should be successfully processed" classname="com.github.traderjoe95.mls.protocol.tree.TreeKem" time="0.0"/>
  <testcase name="the update path should be parent-hash valid" classname="com.github.traderjoe95.mls.protocol.tree.TreeKem" time="0.0"/>
  <testcase name="the tree hash after merging the update path should be 8b45ff68c7771c2b474ab99deb7f8a9ece549cf42db3d0f85dca9c1e106b2683" classname="com.github.traderjoe95.mls.protocol.tree.TreeKem" time="0.0"/>
  <testcase name="the decrypted path secret should be 0458dd6918798b290b8c58102a508f6cc4dee2b68562d66d49f236e0f33c9a50" classname="com.github.traderjoe95.mls.protocol.tree.TreeKem" time="0.0"/>
  <testcase name="a new update path generated by the sender should be successfully processed" classname="com.github.traderjoe95.mls.protocol.tree.TreeKem" time="0.0"/>
  <testcase name="the update path should be parent-hash valid" classname="com.github.traderjoe95.mls.protocol.tree.TreeKem" time="0.001"/>
  <testcase name="the tree hash after merging the update path should be 46b71e349d7114ecbda1a100e1df23693c3b8641f06909e62a3759d905932b7c" classname="com.github.traderjoe95.mls.protocol.tree.TreeKem" time="0.0"/>
  <testcase name="the decrypted path secret should be 48cccb78ac96a944ab6235779ae5df42cf278d289170bfa06676a9b1a2ee8ae2" classname="com.github.traderjoe95.mls.protocol.tree.TreeKem" time="0.0"/>
  <testcase name="a new update path generated by the sender should be successfully processed" classname="com.github.traderjoe95.mls.protocol.tree.TreeKem" time="0.001"/>
  <testcase name="the update path should be parent-hash valid" classname="com.github.traderjoe95.mls.protocol.tree.TreeKem" time="0.0"/>
  <testcase name="the tree hash after merging the update path should be 46b71e349d7114ecbda1a100e1df23693c3b8641f06909e62a3759d905932b7c" classname="com.github.traderjoe95.mls.protocol.tree.TreeKem" time="0.001"/>
  <testcase name="the decrypted path secret should be 48cccb78ac96a944ab6235779ae5df42cf278d289170bfa06676a9b1a2ee8ae2" classname="com.github.traderjoe95.mls.protocol.tree.TreeKem" time="0.0"/>
  <testcase name="a new update path generated by the sender should be successfully processed" classname="com.github.traderjoe95.mls.protocol.tree.TreeKem" time="0.0"/>
  <testcase name="the update path should be parent-hash valid" classname="com.github.traderjoe95.mls.protocol.tree.TreeKem" time="0.001"/>
  <testcase name="the tree hash after merging the update path should be 46b71e349d7114ecbda1a100e1df23693c3b8641f06909e62a3759d905932b7c" classname="com.github.traderjoe95.mls.protocol.tree.TreeKem" time="0.0"/>
  <testcase name="the decrypted path secret should be f982a0e2d450e3634a317a7ffb5b6ce3488802a183aac58159e3d0d638db5d6a" classname="com.github.traderjoe95.mls.protocol.tree.TreeKem" time="0.0"/>
  <testcase name="a new update path generated by the sender should be successfully processed" classname="com.github.traderjoe95.mls.protocol.tree.TreeKem" time="0.0"/>
  <testcase name="the update path should be parent-hash valid" classname="com.github.traderjoe95.mls.protocol.tree.TreeKem" time="0.0"/>
  <testcase name="the tree hash after merging the update path should be d16c924d6dd6092d6aac78afa335654da5602a6f7391e897844be5e5e3f14c23" classname="com.github.traderjoe95.mls.protocol.tree.TreeKem" time="0.0"/>
  <testcase name="the decrypted path secret should be 2db65eab46644876ce41be6b8143bac12c1bda5cc35e29585d2e4bd299bba34d" classname="com.github.traderjoe95.mls.protocol.tree.TreeKem" time="0.0"/>
  <testcase name="a new update path generated by the sender should be successfully processed" classname="com.github.traderjoe95.mls.protocol.tree.TreeKem" time="0.001"/>
  <testcase name="the update path should be parent-hash valid" classname="com.github.traderjoe95.mls.protocol.tree.TreeKem" time="0.0"/>
  <testcase name="the tree hash after merging the update path should be d16c924d6dd6092d6aac78afa335654da5602a6f7391e897844be5e5e3f14c23" classname="com.github.traderjoe95.mls.protocol.tree.TreeKem" time="0.0"/>
  <testcase name="the decrypted path secret should be 2db65eab46644876ce41be6b8143bac12c1bda5cc35e29585d2e4bd299bba34d" classname="com.github.traderjoe95.mls.protocol.tree.TreeKem" time="0.0"/>
  <testcase name="a new update path generated by the sender should be successfully processed" classname="com.github.traderjoe95.mls.protocol.tree.TreeKem" time="0.001"/>
  <testcase name="the update path should be parent-hash valid" classname="com.github.traderjoe95.mls.protocol.tree.TreeKem" time="0.0"/>
  <testcase name="the tree hash after merging the update path should be d16c924d6dd6092d6aac78afa335654da5602a6f7391e897844be5e5e3f14c23" classname="com.github.traderjoe95.mls.protocol.tree.TreeKem" time="0.0"/>
  <testcase name="the decrypted path secret should be 55cd30f5dd12a6e109eea3bf63375fa77e2dea2b05a9eaba0fbf5eb10ad565bf" classname="com.github.traderjoe95.mls.protocol.tree.TreeKem" time="0.001"/>
  <testcase name="a new update path generated by the sender should be successfully processed" classname="com.github.traderjoe95.mls.protocol.tree.TreeKem" time="0.001"/>
  <testcase name="non-blank leaf 0 should be consistent with the public state" classname="com.github.traderjoe95.mls.protocol.tree.TreeKem" time="0.0"/>
  <testcase name="non-blank leaf 1 should be consistent with the public state" classname="com.github.traderjoe95.mls.protocol.tree.TreeKem" time="0.0"/>
  <testcase name="non-blank leaf 2 should be consistent with the public state" classname="com.github.traderjoe95.mls.protocol.tree.TreeKem" time="0.0"/>
  <testcase name="non-blank leaf 3 should be consistent with the public state" classname="com.github.traderjoe95.mls.protocol.tree.TreeKem" time="0.0"/>
  <testcase name="non-blank leaf 4 should be consistent with the public state" classname="com.github.traderjoe95.mls.protocol.tree.TreeKem" time="0.001"/>
  <testcase name="the update path should be parent-hash valid" classname="com.github.traderjoe95.mls.protocol.tree.TreeKem" time="0.0"/>
  <testcase name="the tree hash after merging the update path should be fea65130645f552b4a35cdb075470468e5babce2a3237bc06453c4978e3a87a6" classname="com.github.traderjoe95.mls.protocol.tree.TreeKem" time="0.0"/>
  <testcase name="the decrypted path secret should be f96ad50a7b861b2804472628f527066ae654267c6a91d90d6c1e5b22b47341e7" classname="com.github.traderjoe95.mls.protocol.tree.TreeKem" time="0.0"/>
  <testcase name="a new update path generated by the sender should be successfully processed" classname="com.github.traderjoe95.mls.protocol.tree.TreeKem" time="0.001"/>
  <testcase name="the update path should be parent-hash valid" classname="com.github.traderjoe95.mls.protocol.tree.TreeKem" time="0.0"/>
  <testcase name="the tree hash after merging the update path should be fea65130645f552b4a35cdb075470468e5babce2a3237bc06453c4978e3a87a6" classname="com.github.traderjoe95.mls.protocol.tree.TreeKem" time="0.0"/>
  <testcase name="the decrypted path secret should be dda40af96eb8923efc8ce93e35639511da121a5b727cfe4e9a922db7c49c037d" classname="com.github.traderjoe95.mls.protocol.tree.TreeKem" time="0.0"/>
  <testcase name="a new update path generated by the sender should be successfully processed" classname="com.github.traderjoe95.mls.protocol.tree.TreeKem" time="0.001"/>
  <testcase name="the update path should be parent-hash valid" classname="com.github.traderjoe95.mls.protocol.tree.TreeKem" time="0.0"/>
  <testcase name="the tree hash after merging the update path should be fea65130645f552b4a35cdb075470468e5babce2a3237bc06453c4978e3a87a6" classname="com.github.traderjoe95.mls.protocol.tree.TreeKem" time="0.0"/>
  <testcase name="the decrypted path secret should be dda40af96eb8923efc8ce93e35639511da121a5b727cfe4e9a922db7c49c037d" classname="com.github.traderjoe95.mls.protocol.tree.TreeKem" time="0.001"/>
  <testcase name="a new update path generated by the sender should be successfully processed" classname="com.github.traderjoe95.mls.protocol.tree.TreeKem" time="0.001"/>
  <testcase name="the update path should be parent-hash valid" classname="com.github.traderjoe95.mls.protocol.tree.TreeKem" time="0.0"/>
  <testcase name="the tree hash after merging the update path should be fea65130645f552b4a35cdb075470468e5babce2a3237bc06453c4978e3a87a6" classname="com.github.traderjoe95.mls.protocol.tree.TreeKem" time="0.0"/>
  <testcase name="the decrypted path secret should be 31209daeee42b51301e518d63c8a7852d9d264692a910d2ecefb51ca7b5ce7f1" classname="com.github.traderjoe95.mls.protocol.tree.TreeKem" time="0.0"/>
  <testcase name="a new update path generated by the sender should be successfully processed" classname="com.github.traderjoe95.mls.protocol.tree.TreeKem" time="0.001"/>
  <testcase name="the update path should be parent-hash valid" classname="com.github.traderjoe95.mls.protocol.tree.TreeKem" time="0.0"/>
  <testcase name="the tree hash after merging the update path should be 7e06bb1a71b3d892a2a8ec01b66e260ff4d680a924d71cebfb8d769202d8afd0" classname="com.github.traderjoe95.mls.protocol.tree.TreeKem" time="0.0"/>
  <testcase name="the decrypted path secret should be cd7411d4c481a9ec30f91b2fcffa93b541a7d1af021b347780228124c2469968" classname="com.github.traderjoe95.mls.protocol.tree.TreeKem" time="0.001"/>
  <testcase name="a new update path generated by the sender should be successfully processed" classname="com.github.traderjoe95.mls.protocol.tree.TreeKem" time="0.001"/>
  <testcase name="the update path should be parent-hash valid" classname="com.github.traderjoe95.mls.protocol.tree.TreeKem" time="0.0"/>
  <testcase name="the tree hash after merging the update path should be 7e06bb1a71b3d892a2a8ec01b66e260ff4d680a924d71cebfb8d769202d8afd0" classname="com.github.traderjoe95.mls.protocol.tree.TreeKem" time="0.0"/>
  <testcase name="the decrypted path secret should be 117de6c14311b6bee3da5c6ed8ff5f14f98566007ce7a3f932dba78c9d20c975" classname="com.github.traderjoe95.mls.protocol.tree.TreeKem" time="0.001"/>
  <testcase name="a new update path generated by the sender should be successfully processed" classname="com.github.traderjoe95.mls.protocol.tree.TreeKem" time="0.001"/>
  <testcase name="the update path should be parent-hash valid" classname="com.github.traderjoe95.mls.protocol.tree.TreeKem" time="0.0"/>
  <testcase name="the tree hash after merging the update path should be 7e06bb1a71b3d892a2a8ec01b66e260ff4d680a924d71cebfb8d769202d8afd0" classname="com.github.traderjoe95.mls.protocol.tree.TreeKem" time="0.0"/>
  <testcase name="the decrypted path secret should be 117de6c14311b6bee3da5c6ed8ff5f14f98566007ce7a3f932dba78c9d20c975" classname="com.github.traderjoe95.mls.protocol.tree.TreeKem" time="0.0"/>
  <testcase name="a new update path generated by the sender should be successfully processed" classname="com.github.traderjoe95.mls.protocol.tree.TreeKem" time="0.0"/>
  <testcase name="the update path should be parent-hash valid" classname="com.github.traderjoe95.mls.protocol.tree.TreeKem" time="0.001"/>
  <testcase name="the tree hash after merging the update path should be 7e06bb1a71b3d892a2a8ec01b66e260ff4d680a924d71cebfb8d769202d8afd0" classname="com.github.traderjoe95.mls.protocol.tree.TreeKem" time="0.0"/>
  <testcase name="the decrypted path secret should be abd794c07561bae6418a35d6dc54bc776a39d01009d68a725f33bad3e12e098d" classname="com.github.traderjoe95.mls.protocol.tree.TreeKem" time="0.0"/>
  <testcase name="a new update path generated by the sender should be successfully processed" classname="com.github.traderjoe95.mls.protocol.tree.TreeKem" time="0.0"/>
  <testcase name="the update path should be parent-hash valid" classname="com.github.traderjoe95.mls.protocol.tree.TreeKem" time="0.0"/>
  <testcase name="the tree hash after merging the update path should be 0b4df4860ef2586a4a8c62c7c6c2970c2a4737da243a49ef7131079b3945a03c" classname="com.github.traderjoe95.mls.protocol.tree.TreeKem" time="0.0"/>
  <testcase name="the decrypted path secret should be 484b2d015898130317cb97b255577b826df5bac73e7f6cb6fd503c06b586fd70" classname="com.github.traderjoe95.mls.protocol.tree.TreeKem" time="0.0"/>
  <testcase name="a new update path generated by the sender should be successfully processed" classname="com.github.traderjoe95.mls.protocol.tree.TreeKem" time="0.001"/>
  <testcase name="the update path should be parent-hash valid" classname="com.github.traderjoe95.mls.protocol.tree.TreeKem" time="0.0"/>
  <testcase name="the tree hash after merging the update path should be 0b4df4860ef2586a4a8c62c7c6c2970c2a4737da243a49ef7131079b3945a03c" classname="com.github.traderjoe95.mls.protocol.tree.TreeKem" time="0.001"/>
  <testcase name="the decrypted path secret should be 484b2d015898130317cb97b255577b826df5bac73e7f6cb6fd503c06b586fd70" classname="com.github.traderjoe95.mls.protocol.tree.TreeKem" time="0.0"/>
  <testcase name="a new update path generated by the sender should be successfully processed" classname="com.github.traderjoe95.mls.protocol.tree.TreeKem" time="0.001"/>
  <testcase name="the update path should be parent-hash valid" classname="com.github.traderjoe95.mls.protocol.tree.TreeKem" time="0.0"/>
  <testcase name="the tree hash after merging the update path should be 0b4df4860ef2586a4a8c62c7c6c2970c2a4737da243a49ef7131079b3945a03c" classname="com.github.traderjoe95.mls.protocol.tree.TreeKem" time="0.001"/>
  <testcase name="the decrypted path secret should be 2c59bd5482b5cacd532dc5762ee02427347f8b697ffbe6b6bf0f8777e661fcd8" classname="com.github.traderjoe95.mls.protocol.tree.TreeKem" time="0.001"/>
  <testcase name="a new update path generated by the sender should be successfully processed" classname="com.github.traderjoe95.mls.protocol.tree.TreeKem" time="0.0"/>
  <testcase name="the update path should be parent-hash valid" classname="com.github.traderjoe95.mls.protocol.tree.TreeKem" time="0.0"/>
  <testcase name="the tree hash after merging the update path should be 0b4df4860ef2586a4a8c62c7c6c2970c2a4737da243a49ef7131079b3945a03c" classname="com.github.traderjoe95.mls.protocol.tree.TreeKem" time="0.0"/>
  <testcase name="the decrypted path secret should be e0cfb7a74533acad4f9e3a7e728e3cc487ce5ee9f9fc688c061e3302d7497ca7" classname="com.github.traderjoe95.mls.protocol.tree.TreeKem" time="0.0"/>
  <testcase name="a new update path generated by the sender should be successfully processed" classname="com.github.traderjoe95.mls.protocol.tree.TreeKem" time="0.001"/>
  <testcase name="the update path should be parent-hash valid" classname="com.github.traderjoe95.mls.protocol.tree.TreeKem" time="0.0"/>
  <testcase name="the tree hash after merging the update path should be 5c3dbc9de5986d6394b7b793b6ebe192a09917976b97abd8c6f6b1caa86c92ec" classname="com.github.traderjoe95.mls.protocol.tree.TreeKem" time="0.0"/>
  <testcase name="the decrypted path secret should be 2093701a1d58cacb4efffc2e4e2a307a7a2c639c4f69fcd6d563e28d879939a7" classname="com.github.traderjoe95.mls.protocol.tree.TreeKem" time="0.0"/>
  <testcase name="a new update path generated by the sender should be successfully processed" classname="com.github.traderjoe95.mls.protocol.tree.TreeKem" time="0.001"/>
  <testcase name="the update path should be parent-hash valid" classname="com.github.traderjoe95.mls.protocol.tree.TreeKem" time="0.0"/>
  <testcase name="the tree hash after merging the update path should be 5c3dbc9de5986d6394b7b793b6ebe192a09917976b97abd8c6f6b1caa86c92ec" classname="com.github.traderjoe95.mls.protocol.tree.TreeKem" time="0.0"/>
  <testcase name="the decrypted path secret should be 2093701a1d58cacb4efffc2e4e2a307a7a2c639c4f69fcd6d563e28d879939a7" classname="com.github.traderjoe95.mls.protocol.tree.TreeKem" time="0.001"/>
  <testcase name="a new update path generated by the sender should be successfully processed" classname="com.github.traderjoe95.mls.protocol.tree.TreeKem" time="0.001"/>
  <testcase name="the update path should be parent-hash valid" classname="com.github.traderjoe95.mls.protocol.tree.TreeKem" time="0.0"/>
  <testcase name="the tree hash after merging the update path should be 5c3dbc9de5986d6394b7b793b6ebe192a09917976b97abd8c6f6b1caa86c92ec" classname="com.github.traderjoe95.mls.protocol.tree.TreeKem" time="0.0"/>
  <testcase name="the decrypted path secret should be ab7fb64e9e007bdd9ee58bef67c4830512b1585472cd84be5dae05b00e7d88eb" classname="com.github.traderjoe95.mls.protocol.tree.TreeKem" time="0.001"/>
  <testcase name="a new update path generated by the sender should be successfully processed" classname="com.github.traderjoe95.mls.protocol.tree.TreeKem" time="0.001"/>
  <testcase name="the update path should be parent-hash valid" classname="com.github.traderjoe95.mls.protocol.tree.TreeKem" time="0.0"/>
  <testcase name="the tree hash after merging the update path should be 5c3dbc9de5986d6394b7b793b6ebe192a09917976b97abd8c6f6b1caa86c92ec" classname="com.github.traderjoe95.mls.protocol.tree.TreeKem" time="0.0"/>
  <testcase name="the decrypted path secret should be 7e2e7c4db4ce619e57f2055b03421cd30f6a16e0f6746fcc78493b41eb76e28b" classname="com.github.traderjoe95.mls.protocol.tree.TreeKem" time="0.0"/>
  <testcase name="a new update path generated by the sender should be successfully processed" classname="com.github.traderjoe95.mls.protocol.tree.TreeKem" time="0.0"/>
  <testcase name="the update path should be parent-hash valid" classname="com.github.traderjoe95.mls.protocol.tree.TreeKem" time="0.0"/>
  <testcase name="the tree hash after merging the update path should be 12f1ccc5244e6adc334a5800365a702f0bd5ee75ae94896dfb2dec78416c1b4c" classname="com.github.traderjoe95.mls.protocol.tree.TreeKem" time="0.0"/>
  <testcase name="the decrypted path secret should be 7dc0e61298449039e035f5e3bb33040e9418bd59cdf440f9a4e9f258d31b1a8e" classname="com.github.traderjoe95.mls.protocol.tree.TreeKem" time="0.001"/>
  <testcase name="a new update path generated by the sender should be successfully processed" classname="com.github.traderjoe95.mls.protocol.tree.TreeKem" time="0.0"/>
  <testcase name="the update path should be parent-hash valid" classname="com.github.traderjoe95.mls.protocol.tree.TreeKem" time="0.0"/>
  <testcase name="the tree hash after merging the update path should be 12f1ccc5244e6adc334a5800365a702f0bd5ee75ae94896dfb2dec78416c1b4c" classname="com.github.traderjoe95.mls.protocol.tree.TreeKem" time="0.0"/>
  <testcase name="the decrypted path secret should be 7dc0e61298449039e035f5e3bb33040e9418bd59cdf440f9a4e9f258d31b1a8e" classname="com.github.traderjoe95.mls.protocol.tree.TreeKem" time="0.0"/>
  <testcase name="a new update path generated by the sender should be successfully processed" classname="com.github.traderjoe95.mls.protocol.tree.TreeKem" time="0.0"/>
  <testcase name="the update path should be parent-hash valid" classname="com.github.traderjoe95.mls.protocol.tree.TreeKem" time="0.001"/>
  <testcase name="the tree hash after merging the update path should be 12f1ccc5244e6adc334a5800365a702f0bd5ee75ae94896dfb2dec78416c1b4c" classname="com.github.traderjoe95.mls.protocol.tree.TreeKem" time="0.0"/>
  <testcase name="the decrypted path secret should be 7dc0e61298449039e035f5e3bb33040e9418bd59cdf440f9a4e9f258d31b1a8e" classname="com.github.traderjoe95.mls.protocol.tree.TreeKem" time="0.0"/>
  <testcase name="a new update path generated by the sender should be successfully processed" classname="com.github.traderjoe95.mls.protocol.tree.TreeKem" time="0.0"/>
  <testcase name="the update path should be parent-hash valid" classname="com.github.traderjoe95.mls.protocol.tree.TreeKem" time="0.001"/>
  <testcase name="the tree hash after merging the update path should be 12f1ccc5244e6adc334a5800365a702f0bd5ee75ae94896dfb2dec78416c1b4c" classname="com.github.traderjoe95.mls.protocol.tree.TreeKem" time="0.0"/>
  <testcase name="the decrypted path secret should be 7dc0e61298449039e035f5e3bb33040e9418bd59cdf440f9a4e9f258d31b1a8e" classname="com.github.traderjoe95.mls.protocol.tree.TreeKem" time="0.0"/>
  <testcase name="a new update path generated by the sender should be successfully processed" classname="com.github.traderjoe95.mls.protocol.tree.TreeKem" time="0.0"/>
  <testcase name="non-blank leaf 0 should be consistent with the public state" classname="com.github.traderjoe95.mls.protocol.tree.TreeKem" time="0.0"/>
  <testcase name="non-blank leaf 1 should be consistent with the public state" classname="com.github.traderjoe95.mls.protocol.tree.TreeKem" time="0.0"/>
  <testcase name="non-blank leaf 2 should be consistent with the public state" classname="com.github.traderjoe95.mls.protocol.tree.TreeKem" time="0.001"/>
  <testcase name="non-blank leaf 3 should be consistent with the public state" classname="com.github.traderjoe95.mls.protocol.tree.TreeKem" time="0.001"/>
  <testcase name="non-blank leaf 4 should be consistent with the public state" classname="com.github.traderjoe95.mls.protocol.tree.TreeKem" time="0.001"/>
  <testcase name="non-blank leaf 5 should be consistent with the public state" classname="com.github.traderjoe95.mls.protocol.tree.TreeKem" time="0.0"/>
  <testcase name="the update path should be parent-hash valid" classname="com.github.traderjoe95.mls.protocol.tree.TreeKem" time="0.0"/>
  <testcase name="the tree hash after merging the update path should be fec947cb837dadccaece07ff5f32589149b9733e6df9ce19f37de595dd011048" classname="com.github.traderjoe95.mls.protocol.tree.TreeKem" time="0.001"/>
  <testcase name="the decrypted path secret should be c9ecc0549632eb0d37cd9ae269cd942b35a4413af7347eae4932f1f543467620" classname="com.github.traderjoe95.mls.protocol.tree.TreeKem" time="0.0"/>
  <testcase name="a new update path generated by the sender should be successfully processed" classname="com.github.traderjoe95.mls.protocol.tree.TreeKem" time="0.001"/>
  <testcase name="the update path should be parent-hash valid" classname="com.github.traderjoe95.mls.protocol.tree.TreeKem" time="0.0"/>
  <testcase name="the tree hash after merging the update path should be fec947cb837dadccaece07ff5f32589149b9733e6df9ce19f37de595dd011048" classname="com.github.traderjoe95.mls.protocol.tree.TreeKem" time="0.001"/>
  <testcase name="the decrypted path secret should be c7d2c10d3d3a05932f3870026928032bc15c426efc55366d89f8a1ea3ae6e77e" classname="com.github.traderjoe95.mls.protocol.tree.TreeKem" time="0.0"/>
  <testcase name="a new update path generated by the sender should be successfully processed" classname="com.github.traderjoe95.mls.protocol.tree.TreeKem" time="0.0"/>
  <testcase name="the update path should be parent-hash valid" classname="com.github.traderjoe95.mls.protocol.tree.TreeKem" time="0.001"/>
  <testcase name="the tree hash after merging the update path should be fec947cb837dadccaece07ff5f32589149b9733e6df9ce19f37de595dd011048" classname="com.github.traderjoe95.mls.protocol.tree.TreeKem" time="0.001"/>
  <testcase name="the decrypted path secret should be c7d2c10d3d3a05932f3870026928032bc15c426efc55366d89f8a1ea3ae6e77e" classname="com.github.traderjoe95.mls.protocol.tree.TreeKem" time="0.001"/>
  <testcase name="a new update path generated by the sender should be successfully processed" classname="com.github.traderjoe95.mls.protocol.tree.TreeKem" time="0.001"/>
  <testcase name="the update path should be parent-hash valid" classname="com.github.traderjoe95.mls.protocol.tree.TreeKem" time="0.0"/>
  <testcase name="the tree hash after merging the update path should be fec947cb837dadccaece07ff5f32589149b9733e6df9ce19f37de595dd011048" classname="com.github.traderjoe95.mls.protocol.tree.TreeKem" time="0.0"/>
  <testcase name="the decrypted path secret should be cc98c56cba36b978fab0374eb305965d6273e94a38f00ed90ef0ca9040f8b4e8" classname="com.github.traderjoe95.mls.protocol.tree.TreeKem" time="0.001"/>
  <testcase name="a new update path generated by the sender should be successfully processed" classname="com.github.traderjoe95.mls.protocol.tree.TreeKem" time="0.001"/>
  <testcase name="the update path should be parent-hash valid" classname="com.github.traderjoe95.mls.protocol.tree.TreeKem" time="0.0"/>
  <testcase name="the tree hash after merging the update path should be fec947cb837dadccaece07ff5f32589149b9733e6df9ce19f37de595dd011048" classname="com.github.traderjoe95.mls.protocol.tree.TreeKem" time="0.0"/>
  <testcase name="the decrypted path secret should be cc98c56cba36b978fab0374eb305965d6273e94a38f00ed90ef0ca9040f8b4e8" classname="com.github.traderjoe95.mls.protocol.tree.TreeKem" time="0.0"/>
  <testcase name="a new update path generated by the sender should be successfully processed" classname="com.github.traderjoe95.mls.protocol.tree.TreeKem" time="0.0"/>
  <testcase name="the update path should be parent-hash valid" classname="com.github.traderjoe95.mls.protocol.tree.TreeKem" time="0.001"/>
  <testcase name="the tree hash after merging the update path should be 8a0cfedcd271fa6cbab42025cfa81217768adf2538f89c63eb94e8da2b4cee6a" classname="com.github.traderjoe95.mls.protocol.tree.TreeKem" time="0.001"/>
  <testcase name="the decrypted path secret should be 01e3adc2224b450554c5e05c22ab9ab5f88f7ed33646bea474db4869f713ab4c" classname="com.github.traderjoe95.mls.protocol.tree.TreeKem" time="0.0"/>
  <testcase name="a new update path generated by the sender should be successfully processed" classname="com.github.traderjoe95.mls.protocol.tree.TreeKem" time="0.001"/>
  <testcase name="the update path should be parent-hash valid" classname="com.github.traderjoe95.mls.protocol.tree.TreeKem" time="0.0"/>
  <testcase name="the tree hash after merging the update path should be 8a0cfedcd271fa6cbab42025cfa81217768adf2538f89c63eb94e8da2b4cee6a" classname="com.github.traderjoe95.mls.protocol.tree.TreeKem" time="0.0"/>
  <testcase name="the decrypted path secret should be 0be3f05a684b922f91d92c0fb3b77fd989466322c2546e06531cf7d382dc5c76" classname="com.github.traderjoe95.mls.protocol.tree.TreeKem" time="0.0"/>
  <testcase name="a new update path generated by the sender should be successfully processed" classname="com.github.traderjoe95.mls.protocol.tree.TreeKem" time="0.0"/>
  <testcase name="the update path should be parent-hash valid" classname="com.github.traderjoe95.mls.protocol.tree.TreeKem" time="0.0"/>
  <testcase name="the tree hash after merging the update path should be 8a0cfedcd271fa6cbab42025cfa81217768adf2538f89c63eb94e8da2b4cee6a" classname="com.github.traderjoe95.mls.protocol.tree.TreeKem" time="0.0"/>
  <testcase name="the decrypted path secret should be 0be3f05a684b922f91d92c0fb3b77fd989466322c2546e06531cf7d382dc5c76" classname="com.github.traderjoe95.mls.protocol.tree.TreeKem" time="0.001"/>
  <testcase name="a new update path generated by the sender should be successfully processed" classname="com.github.traderjoe95.mls.protocol.tree.TreeKem" time="0.001"/>
  <testcase name="the update path should be parent-hash valid" classname="com.github.traderjoe95.mls.protocol.tree.TreeKem" time="0.0"/>
  <testcase name="the tree hash after merging the update path should be 8a0cfedcd271fa6cbab42025cfa81217768adf2538f89c63eb94e8da2b4cee6a" classname="com.github.traderjoe95.mls.protocol.tree.TreeKem" time="0.0"/>
  <testcase name="the decrypted path secret should be 6118f677e67e0507cc260e66bce0684ce902ea72783a3bc6eee3172e7aed6480" classname="com.github.traderjoe95.mls.protocol.tree.TreeKem" time="0.001"/>
  <testcase name="a new update path generated by the sender should be successfully processed" classname="com.github.traderjoe95.mls.protocol.tree.TreeKem" time="0.001"/>
  <testcase name="the update path should be parent-hash valid" classname="com.github.traderjoe95.mls.protocol.tree.TreeKem" time="0.0"/>
  <testcase name="the tree hash after merging the update path should be 8a0cfedcd271fa6cbab42025cfa81217768adf2538f89c63eb94e8da2b4cee6a" classname="com.github.traderjoe95.mls.protocol.tree.TreeKem" time="0.0"/>
  <testcase name="the decrypted path secret should be 6118f677e67e0507cc260e66bce0684ce902ea72783a3bc6eee3172e7aed6480" classname="com.github.traderjoe95.mls.protocol.tree.TreeKem" time="0.0"/>
  <testcase name="a new update path generated by the sender should be successfully processed" classname="com.github.traderjoe95.mls.protocol.tree.TreeKem" time="0.001"/>
  <testcase name="the update path should be parent-hash valid" classname="com.github.traderjoe95.mls.protocol.tree.TreeKem" time="0.0"/>
  <testcase name="the tree hash after merging the update path should be 6d236a1dcd12ad8e5e90cb3e881832e7f0ac059c14f86051be4311aa3493f498" classname="com.github.traderjoe95.mls.protocol.tree.TreeKem" time="0.001"/>
  <testcase name="the decrypted path secret should be 1a2084d72b28c72ec5d485386a6917f8710623124896db2580425fc79176e5f3" classname="com.github.traderjoe95.mls.protocol.tree.TreeKem" time="0.0"/>
  <testcase name="a new update path generated by the sender should be successfully processed" classname="com.github.traderjoe95.mls.protocol.tree.TreeKem" time="0.001"/>
  <testcase name="the update path should be parent-hash valid" classname="com.github.traderjoe95.mls.protocol.tree.TreeKem" time="0.0"/>
  <testcase name="the tree hash after merging the update path should be 6d236a1dcd12ad8e5e90cb3e881832e7f0ac059c14f86051be4311aa3493f498" classname="com.github.traderjoe95.mls.protocol.tree.TreeKem" time="0.0"/>
  <testcase name="the decrypted path secret should be 1a2084d72b28c72ec5d485386a6917f8710623124896db2580425fc79176e5f3" classname="com.github.traderjoe95.mls.protocol.tree.TreeKem" time="0.0"/>
  <testcase name="a new update path generated by the sender should be successfully processed" classname="com.github.traderjoe95.mls.protocol.tree.TreeKem" time="0.0"/>
  <testcase name="the update path should be parent-hash valid" classname="com.github.traderjoe95.mls.protocol.tree.TreeKem" time="0.001"/>
  <testcase name="the tree hash after merging the update path should be 6d236a1dcd12ad8e5e90cb3e881832e7f0ac059c14f86051be4311aa3493f498" classname="com.github.traderjoe95.mls.protocol.tree.TreeKem" time="0.001"/>
  <testcase name="the decrypted path secret should be 06f07e4461cc0c7e049b41091308fe706fb8223c6e1e6ba70227ae7b4298daf2" classname="com.github.traderjoe95.mls.protocol.tree.TreeKem" time="0.001"/>
  <testcase name="a new update path generated by the sender should be successfully processed" classname="com.github.traderjoe95.mls.protocol.tree.TreeKem" time="0.001"/>
  <testcase name="the update path should be parent-hash valid" classname="com.github.traderjoe95.mls.protocol.tree.TreeKem" time="0.0"/>
  <testcase name="the tree hash after merging the update path should be 6d236a1dcd12ad8e5e90cb3e881832e7f0ac059c14f86051be4311aa3493f498" classname="com.github.traderjoe95.mls.protocol.tree.TreeKem" time="0.0"/>
  <testcase name="the decrypted path secret should be b8806de1a7699973c2839f24a20a2a4fee65680e717a519dc3d17133a94a7a9f" classname="com.github.traderjoe95.mls.protocol.tree.TreeKem" time="0.0"/>
  <testcase name="a new update path generated by the sender should be successfully processed" classname="com.github.traderjoe95.mls.protocol.tree.TreeKem" time="0.001"/>
  <testcase name="the update path should be parent-hash valid" classname="com.github.traderjoe95.mls.protocol.tree.TreeKem" time="0.0"/>
  <testcase name="the tree hash after merging the update path should be 6d236a1dcd12ad8e5e90cb3e881832e7f0ac059c14f86051be4311aa3493f498" classname="com.github.traderjoe95.mls.protocol.tree.TreeKem" time="0.001"/>
  <testcase name="the decrypted path secret should be b8806de1a7699973c2839f24a20a2a4fee65680e717a519dc3d17133a94a7a9f" classname="com.github.traderjoe95.mls.protocol.tree.TreeKem" time="0.001"/>
  <testcase name="a new update path generated by the sender should be successfully processed" classname="com.github.traderjoe95.mls.protocol.tree.TreeKem" time="0.001"/>
  <testcase name="the update path should be parent-hash valid" classname="com.github.traderjoe95.mls.protocol.tree.TreeKem" time="0.0"/>
  <testcase name="the tree hash after merging the update path should be 6f090127dcfee72b38e0338e106197ce5f9142f118692fc0aca58c22fff678ea" classname="com.github.traderjoe95.mls.protocol.tree.TreeKem" time="0.0"/>
  <testcase name="the decrypted path secret should be 5bfd2cf74ffb09d29fa9961e132edb0b7c2211453ca175c95e2863b5ffc2092a" classname="com.github.traderjoe95.mls.protocol.tree.TreeKem" time="0.005"/>
  <testcase name="a new update path generated by the sender should be successfully processed" classname="com.github.traderjoe95.mls.protocol.tree.TreeKem" time="0.001"/>
  <testcase name="the update path should be parent-hash valid" classname="com.github.traderjoe95.mls.protocol.tree.TreeKem" time="0.0"/>
  <testcase name="the tree hash after merging the update path should be 6f090127dcfee72b38e0338e106197ce5f9142f118692fc0aca58c22fff678ea" classname="com.github.traderjoe95.mls.protocol.tree.TreeKem" time="0.0"/>
  <testcase name="the decrypted path secret should be 5bfd2cf74ffb09d29fa9961e132edb0b7c2211453ca175c95e2863b5ffc2092a" classname="com.github.traderjoe95.mls.protocol.tree.TreeKem" time="0.0"/>
  <testcase name="a new update path generated by the sender should be successfully processed" classname="com.github.traderjoe95.mls.protocol.tree.TreeKem" time="0.001"/>
  <testcase name="the update path should be parent-hash valid" classname="com.github.traderjoe95.mls.protocol.tree.TreeKem" time="0.001"/>
  <testcase name="the tree hash after merging the update path should be 6f090127dcfee72b38e0338e106197ce5f9142f118692fc0aca58c22fff678ea" classname="com.github.traderjoe95.mls.protocol.tree.TreeKem" time="0.001"/>
  <testcase name="the decrypted path secret should be 35b541752eee91d15236bf01683e69231e40cf1bfb98bd75e57f31c535716bea" classname="com.github.traderjoe95.mls.protocol.tree.TreeKem" time="0.001"/>
  <testcase name="a new update path generated by the sender should be successfully processed" classname="com.github.traderjoe95.mls.protocol.tree.TreeKem" time="0.001"/>
  <testcase name="the update path should be parent-hash valid" classname="com.github.traderjoe95.mls.protocol.tree.TreeKem" time="0.001"/>
  <testcase name="the tree hash after merging the update path should be 6f090127dcfee72b38e0338e106197ce5f9142f118692fc0aca58c22fff678ea" classname="com.github.traderjoe95.mls.protocol.tree.TreeKem" time="0.0"/>
  <testcase name="the decrypted path secret should be 2c748834774dd52981d7440dd7229781993648998e60b11a8b74b46fff5e3f2c" classname="com.github.traderjoe95.mls.protocol.tree.TreeKem" time="0.001"/>
  <testcase name="a new update path generated by the sender should be successfully processed" classname="com.github.traderjoe95.mls.protocol.tree.TreeKem" time="0.001"/>
  <testcase name="the update path should be parent-hash valid" classname="com.github.traderjoe95.mls.protocol.tree.TreeKem" time="0.0"/>
  <testcase name="the tree hash after merging the update path should be 6f090127dcfee72b38e0338e106197ce5f9142f118692fc0aca58c22fff678ea" classname="com.github.traderjoe95.mls.protocol.tree.TreeKem" time="0.001"/>
  <testcase name="the decrypted path secret should be 2c748834774dd52981d7440dd7229781993648998e60b11a8b74b46fff5e3f2c" classname="com.github.traderjoe95.mls.protocol.tree.TreeKem" time="0.0"/>
  <testcase name="a new update path generated by the sender should be successfully processed" classname="com.github.traderjoe95.mls.protocol.tree.TreeKem" time="0.001"/>
  <testcase name="the update path should be parent-hash valid" classname="com.github.traderjoe95.mls.protocol.tree.TreeKem" time="0.0"/>
  <testcase name="the tree hash after merging the update path should be 68d2e0796f3525bc687f391d1f00ac53ef519250870a847c22c83f74e6770043" classname="com.github.traderjoe95.mls.protocol.tree.TreeKem" time="0.001"/>
  <testcase name="the decrypted path secret should be 7c55aa5f151c95757f8486ce69e2aa8faffd9a15c9fcb366ed1f4e6bf7e78925" classname="com.github.traderjoe95.mls.protocol.tree.TreeKem" time="0.001"/>
  <testcase name="a new update path generated by the sender should be successfully processed" classname="com.github.traderjoe95.mls.protocol.tree.TreeKem" time="0.001"/>
  <testcase name="the update path should be parent-hash valid" classname="com.github.traderjoe95.mls.protocol.tree.TreeKem" time="0.0"/>
  <testcase name="the tree hash after merging the update path should be 68d2e0796f3525bc687f391d1f00ac53ef519250870a847c22c83f74e6770043" classname="com.github.traderjoe95.mls.protocol.tree.TreeKem" time="0.0"/>
  <testcase name="the decrypted path secret should be 7c55aa5f151c95757f8486ce69e2aa8faffd9a15c9fcb366ed1f4e6bf7e78925" classname="com.github.traderjoe95.mls.protocol.tree.TreeKem" time="0.0"/>
  <testcase name="a new update path generated by the sender should be successfully processed" classname="com.github.traderjoe95.mls.protocol.tree.TreeKem" time="0.0"/>
  <testcase name="the update path should be parent-hash valid" classname="com.github.traderjoe95.mls.protocol.tree.TreeKem" time="0.0"/>
  <testcase name="the tree hash after merging the update path should be 68d2e0796f3525bc687f391d1f00ac53ef519250870a847c22c83f74e6770043" classname="com.github.traderjoe95.mls.protocol.tree.TreeKem" time="0.001"/>
  <testcase name="the decrypted path secret should be 7c55aa5f151c95757f8486ce69e2aa8faffd9a15c9fcb366ed1f4e6bf7e78925" classname="com.github.traderjoe95.mls.protocol.tree.TreeKem" time="0.001"/>
  <testcase name="a new update path generated by the sender should be successfully processed" classname="com.github.traderjoe95.mls.protocol.tree.TreeKem" time="0.0"/>
  <testcase name="the update path should be parent-hash valid" classname="com.github.traderjoe95.mls.protocol.tree.TreeKem" time="0.001"/>
  <testcase name="the tree hash after merging the update path should be 68d2e0796f3525bc687f391d1f00ac53ef519250870a847c22c83f74e6770043" classname="com.github.traderjoe95.mls.protocol.tree.TreeKem" time="0.0"/>
  <testcase name="the decrypted path secret should be 7c55aa5f151c95757f8486ce69e2aa8faffd9a15c9fcb366ed1f4e6bf7e78925" classname="com.github.traderjoe95.mls.protocol.tree.TreeKem" time="0.001"/>
  <testcase name="a new update path generated by the sender should be successfully processed" classname="com.github.traderjoe95.mls.protocol.tree.TreeKem" time="0.001"/>
  <testcase name="the update path should be parent-hash valid" classname="com.github.traderjoe95.mls.protocol.tree.TreeKem" time="0.0"/>
  <testcase name="the tree hash after merging the update path should be 68d2e0796f3525bc687f391d1f00ac53ef519250870a847c22c83f74e6770043" classname="com.github.traderjoe95.mls.protocol.tree.TreeKem" time="0.0"/>
  <testcase name="the decrypted path secret should be 998dcabd872195164ab3fd9e8f8f1ab77430e60c7d3b6246fd2f01c57a9abb1c" classname="com.github.traderjoe95.mls.protocol.tree.TreeKem" time="0.0"/>
  <testcase name="a new update path generated by the sender should be successfully processed" classname="com.github.traderjoe95.mls.protocol.tree.TreeKem" time="0.001"/>
  <testcase name="the update path should be parent-hash valid" classname="com.github.traderjoe95.mls.protocol.tree.TreeKem" time="0.0"/>
  <testcase name="the tree hash after merging the update path should be c91895ae951d8d1d037d7f5402a4184296a4dd5810e76944abd8d7bc1fca9ee3" classname="com.github.traderjoe95.mls.protocol.tree.TreeKem" time="0.0"/>
  <testcase name="the decrypted path secret should be 7f4ac8c1c43e93fea8eee2179b8c384bdcea5add9c247c1b76060c7a9c2f3f83" classname="com.github.traderjoe95.mls.protocol.tree.TreeKem" time="0.0"/>
  <testcase name="a new update path generated by the sender should be successfully processed" classname="com.github.traderjoe95.mls.protocol.tree.TreeKem" time="0.001"/>
  <testcase name="the update path should be parent-hash valid" classname="com.github.traderjoe95.mls.protocol.tree.TreeKem" time="0.001"/>
  <testcase name="the tree hash after merging the update path should be c91895ae951d8d1d037d7f5402a4184296a4dd5810e76944abd8d7bc1fca9ee3" classname="com.github.traderjoe95.mls.protocol.tree.TreeKem" time="0.0"/>
  <testcase name="the decrypted path secret should be 7f4ac8c1c43e93fea8eee2179b8c384bdcea5add9c247c1b76060c7a9c2f3f83" classname="com.github.traderjoe95.mls.protocol.tree.TreeKem" time="0.0"/>
  <testcase name="a new update path generated by the sender should be successfully processed" classname="com.github.traderjoe95.mls.protocol.tree.TreeKem" time="0.001"/>
  <testcase name="the update path should be parent-hash valid" classname="com.github.traderjoe95.mls.protocol.tree.TreeKem" time="0.0"/>
  <testcase name="the tree hash after merging the update path should be c91895ae951d8d1d037d7f5402a4184296a4dd5810e76944abd8d7bc1fca9ee3" classname="com.github.traderjoe95.mls.protocol.tree.TreeKem" time="0.0"/>
  <testcase name="the decrypted path secret should be 7f4ac8c1c43e93fea8eee2179b8c384bdcea5add9c247c1b76060c7a9c2f3f83" classname="com.github.traderjoe95.mls.protocol.tree.TreeKem" time="0.0"/>
  <testcase name="a new update path generated by the sender should be successfully processed" classname="com.github.traderjoe95.mls.protocol.tree.TreeKem" time="0.0"/>
  <testcase name="the update path should be parent-hash valid" classname="com.github.traderjoe95.mls.protocol.tree.TreeKem" time="0.001"/>
  <testcase name="the tree hash after merging the update path should be c91895ae951d8d1d037d7f5402a4184296a4dd5810e76944abd8d7bc1fca9ee3" classname="com.github.traderjoe95.mls.protocol.tree.TreeKem" time="0.0"/>
  <testcase name="the decrypted path secret should be 7f4ac8c1c43e93fea8eee2179b8c384bdcea5add9c247c1b76060c7a9c2f3f83" classname="com.github.traderjoe95.mls.protocol.tree.TreeKem" time="0.001"/>
  <testcase name="a new update path generated by the sender should be successfully processed" classname="com.github.traderjoe95.mls.protocol.tree.TreeKem" time="0.001"/>
  <testcase name="the update path should be parent-hash valid" classname="com.github.traderjoe95.mls.protocol.tree.TreeKem" time="0.0"/>
  <testcase name="the tree hash after merging the update path should be c91895ae951d8d1d037d7f5402a4184296a4dd5810e76944abd8d7bc1fca9ee3" classname="com.github.traderjoe95.mls.protocol.tree.TreeKem" time="0.0"/>
  <testcase name="the decrypted path secret should be 004d787a29ff1dd02a9ecf24f4125bd8bbf1f35a70aab0266ab59d630ba7c1d7" classname="com.github.traderjoe95.mls.protocol.tree.TreeKem" time="0.001"/>
  <testcase name="a new update path generated by the sender should be successfully processed" classname="com.github.traderjoe95.mls.protocol.tree.TreeKem" time="0.001"/>
  <testcase name="non-blank leaf 0 should be consistent with the public state" classname="com.github.traderjoe95.mls.protocol.tree.TreeKem" time="0.001"/>
  <testcase name="non-blank leaf 1 should be consistent with the public state" classname="com.github.traderjoe95.mls.protocol.tree.TreeKem" time="0.001"/>
  <testcase name="non-blank leaf 2 should be consistent with the public state" classname="com.github.traderjoe95.mls.protocol.tree.TreeKem" time="0.001"/>
  <testcase name="non-blank leaf 3 should be consistent with the public state" classname="com.github.traderjoe95.mls.protocol.tree.TreeKem" time="0.001"/>
  <testcase name="non-blank leaf 4 should be consistent with the public state" classname="com.github.traderjoe95.mls.protocol.tree.TreeKem" time="0.001"/>
  <testcase name="non-blank leaf 5 should be consistent with the public state" classname="com.github.traderjoe95.mls.protocol.tree.TreeKem" time="0.001"/>
  <testcase name="non-blank leaf 6 should be consistent with the public state" classname="com.github.traderjoe95.mls.protocol.tree.TreeKem" time="0.0"/>
  <testcase name="the update path should be parent-hash valid" classname="com.github.traderjoe95.mls.protocol.tree.TreeKem" time="0.0"/>
  <testcase name="the tree hash after merging the update path should be e089dd6bb33195695e5b71486651dd11b8e08e9c19150529ae172cd17ffcad33" classname="com.github.traderjoe95.mls.protocol.tree.TreeKem" time="0.001"/>
  <testcase name="the decrypted path secret should be 22c4382a2dfb4f3cec96c559e070d4ec01a75885759bce247956b493116685d5" classname="com.github.traderjoe95.mls.protocol.tree.TreeKem" time="0.001"/>
  <testcase name="a new update path generated by the sender should be successfully processed" classname="com.github.traderjoe95.mls.protocol.tree.TreeKem" time="0.001"/>
  <testcase name="the update path should be parent-hash valid" classname="com.github.traderjoe95.mls.protocol.tree.TreeKem" time="0.0"/>
  <testcase name="the tree hash after merging the update path should be e089dd6bb33195695e5b71486651dd11b8e08e9c19150529ae172cd17ffcad33" classname="com.github.traderjoe95.mls.protocol.tree.TreeKem" time="0.0"/>
  <testcase name="the decrypted path secret should be e80d92dc83a763783ede5fca2ef99e0af2f0adc903f3356f788619446dab8225" classname="com.github.traderjoe95.mls.protocol.tree.TreeKem" time="0.0"/>
  <testcase name="a new update path generated by the sender should be successfully processed" classname="com.github.traderjoe95.mls.protocol.tree.TreeKem" time="0.0"/>
  <testcase name="the update path should be parent-hash valid" classname="com.github.traderjoe95.mls.protocol.tree.TreeKem" time="0.0"/>
  <testcase name="the tree hash after merging the update path should be e089dd6bb33195695e5b71486651dd11b8e08e9c19150529ae172cd17ffcad33" classname="com.github.traderjoe95.mls.protocol.tree.TreeKem" time="0.0"/>
  <testcase name="the decrypted path secret should be e80d92dc83a763783ede5fca2ef99e0af2f0adc903f3356f788619446dab8225" classname="com.github.traderjoe95.mls.protocol.tree.TreeKem" time="0.0"/>
  <testcase name="a new update path generated by the sender should be successfully processed" classname="com.github.traderjoe95.mls.protocol.tree.TreeKem" time="0.0"/>
  <testcase name="the update path should be parent-hash valid" classname="com.github.traderjoe95.mls.protocol.tree.TreeKem" time="0.001"/>
  <testcase name="the tree hash after merging the update path should be e089dd6bb33195695e5b71486651dd11b8e08e9c19150529ae172cd17ffcad33" classname="com.github.traderjoe95.mls.protocol.tree.TreeKem" time="0.0"/>
  <testcase name="the decrypted path secret should be 4f848d0ac05b6644f65152e7e2414c5b5852bd4b26b9f0041f6178e134fe81c2" classname="com.github.traderjoe95.mls.protocol.tree.TreeKem" time="0.0"/>
  <testcase name="a new update path generated by the sender should be successfully processed" classname="com.github.traderjoe95.mls.protocol.tree.TreeKem" time="0.0"/>
  <testcase name="the update path should be parent-hash valid" classname="com.github.traderjoe95.mls.protocol.tree.TreeKem" time="0.0"/>
  <testcase name="the tree hash after merging the update path should be e089dd6bb33195695e5b71486651dd11b8e08e9c19150529ae172cd17ffcad33" classname="com.github.traderjoe95.mls.protocol.tree.TreeKem" time="0.001"/>
  <testcase name="the decrypted path secret should be 4f848d0ac05b6644f65152e7e2414c5b5852bd4b26b9f0041f6178e134fe81c2" classname="com.github.traderjoe95.mls.protocol.tree.TreeKem" time="0.0"/>
  <testcase name="a new update path generated by the sender should be successfully processed" classname="com.github.traderjoe95.mls.protocol.tree.TreeKem" time="0.002"/>
  <testcase name="the update path should be parent-hash valid" classname="com.github.traderjoe95.mls.protocol.tree.TreeKem" time="0.0"/>
  <testcase name="the tree hash after merging the update path should be e089dd6bb33195695e5b71486651dd11b8e08e9c19150529ae172cd17ffcad33" classname="com.github.traderjoe95.mls.protocol.tree.TreeKem" time="0.001"/>
  <testcase name="the decrypted path secret should be 4f848d0ac05b6644f65152e7e2414c5b5852bd4b26b9f0041f6178e134fe81c2" classname="com.github.traderjoe95.mls.protocol.tree.TreeKem" time="0.0"/>
  <testcase name="a new update path generated by the sender should be successfully processed" classname="com.github.traderjoe95.mls.protocol.tree.TreeKem" time="0.001"/>
  <testcase name="the update path should be parent-hash valid" classname="com.github.traderjoe95.mls.protocol.tree.TreeKem" time="0.0"/>
  <testcase name="the tree hash after merging the update path should be 34b23090a6e765780a136a7eb55705de27cc12127ab63f7fbc0b9fd0e7f9ad88" classname="com.github.traderjoe95.mls.protocol.tree.TreeKem" time="0.001"/>
  <testcase name="the decrypted path secret should be 69b753a177a8c17ccb7b60f3a30725ecb342e9951d18aac8b9a3fff52c679507" classname="com.github.traderjoe95.mls.protocol.tree.TreeKem" time="0.001"/>
  <testcase name="a new update path generated by the sender should be successfully processed" classname="com.github.traderjoe95.mls.protocol.tree.TreeKem" time="0.001"/>
  <testcase name="the update path should be parent-hash valid" classname="com.github.traderjoe95.mls.protocol.tree.TreeKem" time="0.0"/>
  <testcase name="the tree hash after merging the update path should be 34b23090a6e765780a136a7eb55705de27cc12127ab63f7fbc0b9fd0e7f9ad88" classname="com.github.traderjoe95.mls.protocol.tree.TreeKem" time="0.001"/>
  <testcase name="the decrypted path secret should be 6678245800d90c2dacb3550bf34e1ef368e2b1a1b76e38174e1d10856f444c2c" classname="com.github.traderjoe95.mls.protocol.tree.TreeKem" time="0.001"/>
  <testcase name="a new update path generated by the sender should be successfully processed" classname="com.github.traderjoe95.mls.protocol.tree.TreeKem" time="0.001"/>
  <testcase name="the update path should be parent-hash valid" classname="com.github.traderjoe95.mls.protocol.tree.TreeKem" time="0.0"/>
  <testcase name="the tree hash after merging the update path should be 34b23090a6e765780a136a7eb55705de27cc12127ab63f7fbc0b9fd0e7f9ad88" classname="com.github.traderjoe95.mls.protocol.tree.TreeKem" time="0.001"/>
  <testcase name="the decrypted path secret should be 6678245800d90c2dacb3550bf34e1ef368e2b1a1b76e38174e1d10856f444c2c" classname="com.github.traderjoe95.mls.protocol.tree.TreeKem" time="0.001"/>
  <testcase name="a new update path generated by the sender should be successfully processed" classname="com.github.traderjoe95.mls.protocol.tree.TreeKem" time="0.001"/>
  <testcase name="the update path should be parent-hash valid" classname="com.github.traderjoe95.mls.protocol.tree.TreeKem" time="0.0"/>
  <testcase name="the tree hash after merging the update path should be 34b23090a6e765780a136a7eb55705de27cc12127ab63f7fbc0b9fd0e7f9ad88" classname="com.github.traderjoe95.mls.protocol.tree.TreeKem" time="0.001"/>
  <testcase name="the decrypted path secret should be 150a048e38a8bf58801fd7b28206f25da4373eb0b54e652e725b34a9fabd2918" classname="com.github.traderjoe95.mls.protocol.tree.TreeKem" time="0.001"/>
  <testcase name="a new update path generated by the sender should be successfully processed" classname="com.github.traderjoe95.mls.protocol.tree.TreeKem" time="0.001"/>
  <testcase name="the update path should be parent-hash valid" classname="com.github.traderjoe95.mls.protocol.tree.TreeKem" time="0.0"/>
  <testcase name="the tree hash after merging the update path should be 34b23090a6e765780a136a7eb55705de27cc12127ab63f7fbc0b9fd0e7f9ad88" classname="com.github.traderjoe95.mls.protocol.tree.TreeKem" time="0.001"/>
  <testcase name="the decrypted path secret should be 150a048e38a8bf58801fd7b28206f25da4373eb0b54e652e725b34a9fabd2918" classname="com.github.traderjoe95.mls.protocol.tree.TreeKem" time="0.001"/>
  <testcase name="a new update path generated by the sender should be successfully processed" classname="com.github.traderjoe95.mls.protocol.tree.TreeKem" time="0.001"/>
  <testcase name="the update path should be parent-hash valid" classname="com.github.traderjoe95.mls.protocol.tree.TreeKem" time="0.0"/>
  <testcase name="the tree hash after merging the update path should be 34b23090a6e765780a136a7eb55705de27cc12127ab63f7fbc0b9fd0e7f9ad88" classname="com.github.traderjoe95.mls.protocol.tree.TreeKem" time="0.001"/>
  <testcase name="the decrypted path secret should be 150a048e38a8bf58801fd7b28206f25da4373eb0b54e652e725b34a9fabd2918" classname="com.github.traderjoe95.mls.protocol.tree.TreeKem" time="0.001"/>
  <testcase name="a new update path generated by the sender should be successfully processed" classname="com.github.traderjoe95.mls.protocol.tree.TreeKem" time="0.001"/>
  <testcase name="the update path should be parent-hash valid" classname="com.github.traderjoe95.mls.protocol.tree.TreeKem" time="0.0"/>
  <testcase name="the tree hash after merging the update path should be 273db3f1d4742927a25c086c4c9ec395bf91151d9e9b8e964830e787b6b5be8e" classname="com.github.traderjoe95.mls.protocol.tree.TreeKem" time="0.0"/>
  <testcase name="the decrypted path secret should be de251d01e6213b41ef38028c0e64d5b10ac3a9bc7824df8025f2b710b024e277" classname="com.github.traderjoe95.mls.protocol.tree.TreeKem" time="0.001"/>
  <testcase name="a new update path generated by the sender should be successfully processed" classname="com.github.traderjoe95.mls.protocol.tree.TreeKem" time="0.001"/>
  <testcase name="the update path should be parent-hash valid" classname="com.github.traderjoe95.mls.protocol.tree.TreeKem" time="0.001"/>
  <testcase name="the tree hash after merging the update path should be 273db3f1d4742927a25c086c4c9ec395bf91151d9e9b8e964830e787b6b5be8e" classname="com.github.traderjoe95.mls.protocol.tree.TreeKem" time="0.0"/>
  <testcase name="the decrypted path secret should be de251d01e6213b41ef38028c0e64d5b10ac3a9bc7824df8025f2b710b024e277" classname="com.github.traderjoe95.mls.protocol.tree.TreeKem" time="0.001"/>
  <testcase name="a new update path generated by the sender should be successfully processed" classname="com.github.traderjoe95.mls.protocol.tree.TreeKem" time="0.001"/>
  <testcase name="the update path should be parent-hash valid" classname="com.github.traderjoe95.mls.protocol.tree.TreeKem" time="0.0"/>
  <testcase name="the tree hash after merging the update path should be 273db3f1d4742927a25c086c4c9ec395bf91151d9e9b8e964830e787b6b5be8e" classname="com.github.traderjoe95.mls.protocol.tree.TreeKem" time="0.0"/>
  <testcase name="the decrypted path secret should be 32cbb91fdbf4469e6551609194206a5fcae7aa4f079da4f37c5dd2514b65b95f" classname="com.github.traderjoe95.mls.protocol.tree.TreeKem" time="0.0"/>
  <testcase name="a new update path generated by the sender should be successfully processed" classname="com.github.traderjoe95.mls.protocol.tree.TreeKem" time="0.001"/>
  <testcase name="the update path should be parent-hash valid" classname="com.github.traderjoe95.mls.protocol.tree.TreeKem" time="0.0"/>
  <testcase name="the tree hash after merging the update path should be 273db3f1d4742927a25c086c4c9ec395bf91151d9e9b8e964830e787b6b5be8e" classname="com.github.traderjoe95.mls.protocol.tree.TreeKem" time="0.001"/>
  <testcase name="the decrypted path secret should be 937917bfb49bee0cca92550bb0be7f097f6e8f5252c1a6e88b530865dab414c0" classname="com.github.traderjoe95.mls.protocol.tree.TreeKem" time="0.001"/>
  <testcase name="a new update path generated by the sender should be successfully processed" classname="com.github.traderjoe95.mls.protocol.tree.TreeKem" time="0.0"/>
  <testcase name="the update path should be parent-hash valid" classname="com.github.traderjoe95.mls.protocol.tree.TreeKem" time="0.0"/>
  <testcase name="the tree hash after merging the update path should be 273db3f1d4742927a25c086c4c9ec395bf91151d9e9b8e964830e787b6b5be8e" classname="com.github.traderjoe95.mls.protocol.tree.TreeKem" time="0.0"/>
  <testcase name="the decrypted path secret should be 937917bfb49bee0cca92550bb0be7f097f6e8f5252c1a6e88b530865dab414c0" classname="com.github.traderjoe95.mls.protocol.tree.TreeKem" time="0.001"/>
  <testcase name="a new update path generated by the sender should be successfully processed" classname="com.github.traderjoe95.mls.protocol.tree.TreeKem" time="0.0"/>
  <testcase name="the update path should be parent-hash valid" classname="com.github.traderjoe95.mls.protocol.tree.TreeKem" time="0.001"/>
  <testcase name="the tree hash after merging the update path should be 273db3f1d4742927a25c086c4c9ec395bf91151d9e9b8e964830e787b6b5be8e" classname="com.github.traderjoe95.mls.protocol.tree.TreeKem" time="0.001"/>
  <testcase name="the decrypted path secret should be 937917bfb49bee0cca92550bb0be7f097f6e8f5252c1a6e88b530865dab414c0" classname="com.github.traderjoe95.mls.protocol.tree.TreeKem" time="0.001"/>
  <testcase name="a new update path generated by the sender should be successfully processed" classname="com.github.traderjoe95.mls.protocol.tree.TreeKem" time="0.001"/>
  <testcase name="the update path should be parent-hash valid" classname="com.github.traderjoe95.mls.protocol.tree.TreeKem" time="0.0"/>
  <testcase name="the tree hash after merging the update path should be b80964daba4e09752a38de459c03a30c12084d36afc1fb8efc969c2569cdac76" classname="com.github.traderjoe95.mls.protocol.tree.TreeKem" time="0.0"/>
  <testcase name="the decrypted path secret should be 446f20b33e51e769c7b88eaefdbaf32114733b873ac250985d9ceaa187b6442e" classname="com.github.traderjoe95.mls.protocol.tree.TreeKem" time="0.0"/>
  <testcase name="a new update path generated by the sender should be successfully processed" classname="com.github.traderjoe95.mls.protocol.tree.TreeKem" time="0.001"/>
  <testcase name="the update path should be parent-hash valid" classname="com.github.traderjoe95.mls.protocol.tree.TreeKem" time="0.001"/>
  <testcase name="the tree hash after merging the update path should be b80964daba4e09752a38de459c03a30c12084d36afc1fb8efc969c2569cdac76" classname="com.github.traderjoe95.mls.protocol.tree.TreeKem" time="0.0"/>
  <testcase name="the decrypted path secret should be 446f20b33e51e769c7b88eaefdbaf32114733b873ac250985d9ceaa187b6442e" classname="com.github.traderjoe95.mls.protocol.tree.TreeKem" time="0.0"/>
  <testcase name="a new update path generated by the sender should be successfully processed" classname="com.github.traderjoe95.mls.protocol.tree.TreeKem" time="0.001"/>
  <testcase name="the update path should be parent-hash valid" classname="com.github.traderjoe95.mls.protocol.tree.TreeKem" time="0.0"/>
  <testcase name="the tree hash after merging the update path should be b80964daba4e09752a38de459c03a30c12084d36afc1fb8efc969c2569cdac76" classname="com.github.traderjoe95.mls.protocol.tree.TreeKem" time="0.001"/>
  <testcase name="the decrypted path secret should be 161d2a2885fd0395828b45034a91f08874b3e285a343267fa88b72e357343d94" classname="com.github.traderjoe95.mls.protocol.tree.TreeKem" time="0.001"/>
  <testcase name="a new update path generated by the sender should be successfully processed" classname="com.github.traderjoe95.mls.protocol.tree.TreeKem" time="0.001"/>
  <testcase name="the update path should be parent-hash valid" classname="com.github.traderjoe95.mls.protocol.tree.TreeKem" time="0.0"/>
  <testcase name="the tree hash after merging the update path should be b80964daba4e09752a38de459c03a30c12084d36afc1fb8efc969c2569cdac76" classname="com.github.traderjoe95.mls.protocol.tree.TreeKem" time="0.0"/>
  <testcase name="the decrypted path secret should be 39c2de5527eaf1e933de67dc7eaacc9f89d4f516ef5f3d6c700f083b7f9b3909" classname="com.github.traderjoe95.mls.protocol.tree.TreeKem" time="0.0"/>
  <testcase name="a new update path generated by the sender should be successfully processed" classname="com.github.traderjoe95.mls.protocol.tree.TreeKem" time="0.0"/>
  <testcase name="the update path should be parent-hash valid" classname="com.github.traderjoe95.mls.protocol.tree.TreeKem" time="0.0"/>
  <testcase name="the tree hash after merging the update path should be b80964daba4e09752a38de459c03a30c12084d36afc1fb8efc969c2569cdac76" classname="com.github.traderjoe95.mls.protocol.tree.TreeKem" time="0.0"/>
  <testcase name="the decrypted path secret should be 39c2de5527eaf1e933de67dc7eaacc9f89d4f516ef5f3d6c700f083b7f9b3909" classname="com.github.traderjoe95.mls.protocol.tree.TreeKem" time="0.0"/>
  <testcase name="a new update path generated by the sender should be successfully processed" classname="com.github.traderjoe95.mls.protocol.tree.TreeKem" time="0.0"/>
  <testcase name="the update path should be parent-hash valid" classname="com.github.traderjoe95.mls.protocol.tree.TreeKem" time="0.0"/>
  <testcase name="the tree hash after merging the update path should be b80964daba4e09752a38de459c03a30c12084d36afc1fb8efc969c2569cdac76" classname="com.github.traderjoe95.mls.protocol.tree.TreeKem" time="0.0"/>
  <testcase name="the decrypted path secret should be 39c2de5527eaf1e933de67dc7eaacc9f89d4f516ef5f3d6c700f083b7f9b3909" classname="com.github.traderjoe95.mls.protocol.tree.TreeKem" time="0.0"/>
  <testcase name="a new update path generated by the sender should be successfully processed" classname="com.github.traderjoe95.mls.protocol.tree.TreeKem" time="0.0"/>
  <testcase name="the update path should be parent-hash valid" classname="com.github.traderjoe95.mls.protocol.tree.TreeKem" time="0.001"/>
  <testcase name="the tree hash after merging the update path should be 4370a5c38d8a7d47b891492857a1d82943cb8a5a2062eec905e990618cfbab8c" classname="com.github.traderjoe95.mls.protocol.tree.TreeKem" time="0.0"/>
  <testcase name="the decrypted path secret should be 5989fee2751725ca81f9154cf543aa712ae2b2caf14679d4108a406ea7267b9b" classname="com.github.traderjoe95.mls.protocol.tree.TreeKem" time="0.0"/>
  <testcase name="a new update path generated by the sender should be successfully processed" classname="com.github.traderjoe95.mls.protocol.tree.TreeKem" time="0.001"/>
  <testcase name="the update path should be parent-hash valid" classname="com.github.traderjoe95.mls.protocol.tree.TreeKem" time="0.0"/>
  <testcase name="the tree hash after merging the update path should be 4370a5c38d8a7d47b891492857a1d82943cb8a5a2062eec905e990618cfbab8c" classname="com.github.traderjoe95.mls.protocol.tree.TreeKem" time="0.0"/>
  <testcase name="the decrypted path secret should be 5989fee2751725ca81f9154cf543aa712ae2b2caf14679d4108a406ea7267b9b" classname="com.github.traderjoe95.mls.protocol.tree.TreeKem" time="0.001"/>
  <testcase name="a new update path generated by the sender should be successfully processed" classname="com.github.traderjoe95.mls.protocol.tree.TreeKem" time="0.001"/>
  <testcase name="the update path should be parent-hash valid" classname="com.github.traderjoe95.mls.protocol.tree.TreeKem" time="0.0"/>
  <testcase name="the tree hash after merging the update path should be 4370a5c38d8a7d47b891492857a1d82943cb8a5a2062eec905e990618cfbab8c" classname="com.github.traderjoe95.mls.protocol.tree.TreeKem" time="0.0"/>
  <testcase name="the decrypted path secret should be 5989fee2751725ca81f9154cf543aa712ae2b2caf14679d4108a406ea7267b9b" classname="com.github.traderjoe95.mls.protocol.tree.TreeKem" time="0.0"/>
  <testcase name="a new update path generated by the sender should be successfully processed" classname="com.github.traderjoe95.mls.protocol.tree.TreeKem" time="0.001"/>
  <testcase name="the update path should be parent-hash valid" classname="com.github.traderjoe95.mls.protocol.tree.TreeKem" time="0.0"/>
  <testcase name="the tree hash after merging the update path should be 4370a5c38d8a7d47b891492857a1d82943cb8a5a2062eec905e990618cfbab8c" classname="com.github.traderjoe95.mls.protocol.tree.TreeKem" time="0.001"/>
  <testcase name="the decrypted path secret should be 5989fee2751725ca81f9154cf543aa712ae2b2caf14679d4108a406ea7267b9b" classname="com.github.traderjoe95.mls.protocol.tree.TreeKem" time="0.001"/>
  <testcase name="a new update path generated by the sender should be successfully processed" classname="com.github.traderjoe95.mls.protocol.tree.TreeKem" time="0.001"/>
  <testcase name="the update path should be parent-hash valid" classname="com.github.traderjoe95.mls.protocol.tree.TreeKem" time="0.0"/>
  <testcase name="the tree hash after merging the update path should be 4370a5c38d8a7d47b891492857a1d82943cb8a5a2062eec905e990618cfbab8c" classname="com.github.traderjoe95.mls.protocol.tree.TreeKem" time="0.0"/>
  <testcase name="the decrypted path secret should be 31268c36db1f5f536ae63fe1a864fc01398bc5e0c92a784d7e8d233cc0759cee" classname="com.github.traderjoe95.mls.protocol.tree.TreeKem" time="0.0"/>
  <testcase name="a new update path generated by the sender should be successfully processed" classname="com.github.traderjoe95.mls.protocol.tree.TreeKem" time="0.0"/>
  <testcase name="the update path should be parent-hash valid" classname="com.github.traderjoe95.mls.protocol.tree.TreeKem" time="0.0"/>
  <testcase name="the tree hash after merging the update path should be 4370a5c38d8a7d47b891492857a1d82943cb8a5a2062eec905e990618cfbab8c" classname="com.github.traderjoe95.mls.protocol.tree.TreeKem" time="0.0"/>
  <testcase name="the decrypted path secret should be 626fe41661716b4216d2d8933356dddc462d5f1d737d424e876ff501cf4d8e36" classname="com.github.traderjoe95.mls.protocol.tree.TreeKem" time="0.0"/>
  <testcase name="a new update path generated by the sender should be successfully processed" classname="com.github.traderjoe95.mls.protocol.tree.TreeKem" time="0.0"/>
  <testcase name="the update path should be parent-hash valid" classname="com.github.traderjoe95.mls.protocol.tree.TreeKem" time="0.0"/>
  <testcase name="the tree hash after merging the update path should be c2b35200a7841e06d0db9b5081ee1a03f930ad3c9a900731799820349ddcfb5b" classname="com.github.traderjoe95.mls.protocol.tree.TreeKem" time="0.0"/>
  <testcase name="the decrypted path secret should be 5ae9b4d85006aecdde6f2250ba7a5fd4704088b2eda53f9fc659fbbc82efc9c0" classname="com.github.traderjoe95.mls.protocol.tree.TreeKem" time="0.0"/>
  <testcase name="a new update path generated by the sender should be successfully processed" classname="com.github.traderjoe95.mls.protocol.tree.TreeKem" time="0.001"/>
  <testcase name="the update path should be parent-hash valid" classname="com.github.traderjoe95.mls.protocol.tree.TreeKem" time="0.0"/>
  <testcase name="the tree hash after merging the update path should be c2b35200a7841e06d0db9b5081ee1a03f930ad3c9a900731799820349ddcfb5b" classname="com.github.traderjoe95.mls.protocol.tree.TreeKem" time="0.001"/>
  <testcase name="the decrypted path secret should be 5ae9b4d85006aecdde6f2250ba7a5fd4704088b2eda53f9fc659fbbc82efc9c0" classname="com.github.traderjoe95.mls.protocol.tree.TreeKem" time="0.001"/>
  <testcase name="a new update path generated by the sender should be successfully processed" classname="com.github.traderjoe95.mls.protocol.tree.TreeKem" time="0.001"/>
  <testcase name="the update path should be parent-hash valid" classname="com.github.traderjoe95.mls.protocol.tree.TreeKem" time="0.0"/>
  <testcase name="the tree hash after merging the update path should be c2b35200a7841e06d0db9b5081ee1a03f930ad3c9a900731799820349ddcfb5b" classname="com.github.traderjoe95.mls.protocol.tree.TreeKem" time="0.0"/>
  <testcase name="the decrypted path secret should be 5ae9b4d85006aecdde6f2250ba7a5fd4704088b2eda53f9fc659fbbc82efc9c0" classname="com.github.traderjoe95.mls.protocol.tree.TreeKem" time="0.001"/>
  <testcase name="a new update path generated by the sender should be successfully processed" classname="com.github.traderjoe95.mls.protocol.tree.TreeKem" time="0.001"/>
  <testcase name="the update path should be parent-hash valid" classname="com.github.traderjoe95.mls.protocol.tree.TreeKem" time="0.0"/>
  <testcase name="the tree hash after merging the update path should be c2b35200a7841e06d0db9b5081ee1a03f930ad3c9a900731799820349ddcfb5b" classname="com.github.traderjoe95.mls.protocol.tree.TreeKem" time="0.0"/>
  <testcase name="the decrypted path secret should be 5ae9b4d85006aecdde6f2250ba7a5fd4704088b2eda53f9fc659fbbc82efc9c0" classname="com.github.traderjoe95.mls.protocol.tree.TreeKem" time="0.0"/>
  <testcase name="a new update path generated by the sender should be successfully processed" classname="com.github.traderjoe95.mls.protocol.tree.TreeKem" time="0.001"/>
  <testcase name="the update path should be parent-hash valid" classname="com.github.traderjoe95.mls.protocol.tree.TreeKem" time="0.0"/>
  <testcase name="the tree hash after merging the update path should be c2b35200a7841e06d0db9b5081ee1a03f930ad3c9a900731799820349ddcfb5b" classname="com.github.traderjoe95.mls.protocol.tree.TreeKem" time="0.001"/>
  <testcase name="the decrypted path secret should be 598eca2794c862faed6cc4d5a7997e3e15ea3e506dc0e0c41b5dbe4d11411a79" classname="com.github.traderjoe95.mls.protocol.tree.TreeKem" time="0.001"/>
  <testcase name="a new update path generated by the sender should be successfully processed" classname="com.github.traderjoe95.mls.protocol.tree.TreeKem" time="0.001"/>
  <testcase name="the update path should be parent-hash valid" classname="com.github.traderjoe95.mls.protocol.tree.TreeKem" time="0.0"/>
  <testcase name="the tree hash after merging the update path should be c2b35200a7841e06d0db9b5081ee1a03f930ad3c9a900731799820349ddcfb5b" classname="com.github.traderjoe95.mls.protocol.tree.TreeKem" time="0.0"/>
  <testcase name="the decrypted path secret should be c803ae5d7762b3019558df7f58dda7a351265c11fbd58fc08dc47aed0470a336" classname="com.github.traderjoe95.mls.protocol.tree.TreeKem" time="0.001"/>
  <testcase name="a new update path generated by the sender should be successfully processed" classname="com.github.traderjoe95.mls.protocol.tree.TreeKem" time="0.001"/>
  <testcase name="the update path should be parent-hash valid" classname="com.github.traderjoe95.mls.protocol.tree.TreeKem" time="0.0"/>
  <testcase name="the tree hash after merging the update path should be e74159444f72ce1a4eac4fde779ab8dd26ffda50b0f91ec26ff89fe789db1289" classname="com.github.traderjoe95.mls.protocol.tree.TreeKem" time="0.0"/>
  <testcase name="the decrypted path secret should be e2895182459ea4b4a24d0275fee69eb2990089dbdcd278532e3863b997487f50" classname="com.github.traderjoe95.mls.protocol.tree.TreeKem" time="0.0"/>
  <testcase name="a new update path generated by the sender should be successfully processed" classname="com.github.traderjoe95.mls.protocol.tree.TreeKem" time="0.001"/>
  <testcase name="the update path should be parent-hash valid" classname="com.github.traderjoe95.mls.protocol.tree.TreeKem" time="0.001"/>
  <testcase name="the tree hash after merging the update path should be e74159444f72ce1a4eac4fde779ab8dd26ffda50b0f91ec26ff89fe789db1289" classname="com.github.traderjoe95.mls.protocol.tree.TreeKem" time="0.0"/>
  <testcase name="the decrypted path secret should be e2895182459ea4b4a24d0275fee69eb2990089dbdcd278532e3863b997487f50" classname="com.github.traderjoe95.mls.protocol.tree.TreeKem" time="0.0"/>
  <testcase name="a new update path generated by the sender should be successfully processed" classname="com.github.traderjoe95.mls.protocol.tree.TreeKem" time="0.001"/>
  <testcase name="the update path should be parent-hash valid" classname="com.github.traderjoe95.mls.protocol.tree.TreeKem" time="0.001"/>
  <testcase name="the tree hash after merging the update path should be e74159444f72ce1a4eac4fde779ab8dd26ffda50b0f91ec26ff89fe789db1289" classname="com.github.traderjoe95.mls.protocol.tree.TreeKem" time="0.001"/>
  <testcase name="the decrypted path secret should be e2895182459ea4b4a24d0275fee69eb2990089dbdcd278532e3863b997487f50" classname="com.github.traderjoe95.mls.protocol.tree.TreeKem" time="0.001"/>
  <testcase name="a new update path generated by the sender should be successfully processed" classname="com.github.traderjoe95.mls.protocol.tree.TreeKem" time="0.001"/>
  <testcase name="the update path should be parent-hash valid" classname="com.github.traderjoe95.mls.protocol.tree.TreeKem" time="0.0"/>
  <testcase name="the tree hash after merging the update path should be e74159444f72ce1a4eac4fde779ab8dd26ffda50b0f91ec26ff89fe789db1289" classname="com.github.traderjoe95.mls.protocol.tree.TreeKem" time="0.0"/>
  <testcase name="the decrypted path secret should be e2895182459ea4b4a24d0275fee69eb2990089dbdcd278532e3863b997487f50" classname="com.github.traderjoe95.mls.protocol.tree.TreeKem" time="0.0"/>
  <testcase name="a new update path generated by the sender should be successfully processed" classname="com.github.traderjoe95.mls.protocol.tree.TreeKem" time="0.0"/>
  <testcase name="the update path should be parent-hash valid" classname="com.github.traderjoe95.mls.protocol.tree.TreeKem" time="0.0"/>
  <testcase name="the tree hash after merging the update path should be e74159444f72ce1a4eac4fde779ab8dd26ffda50b0f91ec26ff89fe789db1289" classname="com.github.traderjoe95.mls.protocol.tree.TreeKem" time="0.0"/>
  <testcase name="the decrypted path secret should be 3cc3556d318106c60802b9fa15d8c78775017520f4e687ce4e05c6f4e3aa21c5" classname="com.github.traderjoe95.mls.protocol.tree.TreeKem" time="0.0"/>
  <testcase name="a new update path generated by the sender should be successfully processed" classname="com.github.traderjoe95.mls.protocol.tree.TreeKem" time="0.0"/>
  <testcase name="the update path should be parent-hash valid" classname="com.github.traderjoe95.mls.protocol.tree.TreeKem" time="0.0"/>
  <testcase name="the tree hash after merging the update path should be e74159444f72ce1a4eac4fde779ab8dd26ffda50b0f91ec26ff89fe789db1289" classname="com.github.traderjoe95.mls.protocol.tree.TreeKem" time="0.0"/>
  <testcase name="the decrypted path secret should be 3cc3556d318106c60802b9fa15d8c78775017520f4e687ce4e05c6f4e3aa21c5" classname="com.github.traderjoe95.mls.protocol.tree.TreeKem" time="0.0"/>
  <testcase name="a new update path generated by the sender should be successfully processed" classname="com.github.traderjoe95.mls.protocol.tree.TreeKem" time="0.0"/>
  <testcase name="non-blank leaf 0 should be consistent with the public state" classname="com.github.traderjoe95.mls.protocol.tree.TreeKem" time="0.0"/>
  <testcase name="non-blank leaf 1 should be consistent with the public state" classname="com.github.traderjoe95.mls.protocol.tree.TreeKem" time="0.0"/>
  <testcase name="non-blank leaf 2 should be consistent with the public state" classname="com.github.traderjoe95.mls.protocol.tree.TreeKem" time="0.001"/>
  <testcase name="non-blank leaf 3 should be consistent with the public state" classname="com.github.traderjoe95.mls.protocol.tree.TreeKem" time="0.001"/>
  <testcase name="non-blank leaf 4 should be consistent with the public state" classname="com.github.traderjoe95.mls.protocol.tree.TreeKem" time="0.001"/>
  <testcase name="non-blank leaf 5 should be consistent with the public state" classname="com.github.traderjoe95.mls.protocol.tree.TreeKem" time="0.0"/>
  <testcase name="non-blank leaf 6 should be consistent with the public state" classname="com.github.traderjoe95.mls.protocol.tree.TreeKem" time="0.0"/>
  <testcase name="non-blank leaf 7 should be consistent with the public state" classname="com.github.traderjoe95.mls.protocol.tree.TreeKem" time="0.0"/>
  <testcase name="the update path should be parent-hash valid" classname="com.github.traderjoe95.mls.protocol.tree.TreeKem" time="0.0"/>
  <testcase name="the tree hash after merging the update path should be 286d6af5eb1d85ede4cb9a63a5933c6f637ed50f87c9296e9bd2f8c8e624f875" classname="com.github.traderjoe95.mls.protocol.tree.TreeKem" time="0.0"/>
  <testcase name="the decrypted path secret should be 7a00e434fe2e83d7f84f0e36deddf424ad9b4980287c7d2e51e45bf36349558f" classname="com.github.traderjoe95.mls.protocol.tree.TreeKem" time="0.0"/>
  <testcase name="a new update path generated by the sender should be successfully processed" classname="com.github.traderjoe95.mls.protocol.tree.TreeKem" time="0.001"/>
  <testcase name="the update path should be parent-hash valid" classname="com.github.traderjoe95.mls.protocol.tree.TreeKem" time="0.0"/>
  <testcase name="the tree hash after merging the update path should be 286d6af5eb1d85ede4cb9a63a5933c6f637ed50f87c9296e9bd2f8c8e624f875" classname="com.github.traderjoe95.mls.protocol.tree.TreeKem" time="0.001"/>
  <testcase name="the decrypted path secret should be c165a9645afa151fcb98b7b494dee64744041088b95e1483b6ef117e0b4ff19b" classname="com.github.traderjoe95.mls.protocol.tree.TreeKem" time="0.001"/>
  <testcase name="a new update path generated by the sender should be successfully processed" classname="com.github.traderjoe95.mls.protocol.tree.TreeKem" time="0.001"/>
  <testcase name="the update path should be parent-hash valid" classname="com.github.traderjoe95.mls.protocol.tree.TreeKem" time="0.0"/>
  <testcase name="the tree hash after merging the update path should be 286d6af5eb1d85ede4cb9a63a5933c6f637ed50f87c9296e9bd2f8c8e624f875" classname="com.github.traderjoe95.mls.protocol.tree.TreeKem" time="0.0"/>
  <testcase name="the decrypted path secret should be c165a9645afa151fcb98b7b494dee64744041088b95e1483b6ef117e0b4ff19b" classname="com.github.traderjoe95.mls.protocol.tree.TreeKem" time="0.0"/>
  <testcase name="a new update path generated by the sender should be successfully processed" classname="com.github.traderjoe95.mls.protocol.tree.TreeKem" time="0.0"/>
  <testcase name="the update path should be parent-hash valid" classname="com.github.traderjoe95.mls.protocol.tree.TreeKem" time="0.0"/>
  <testcase name="the tree hash after merging the update path should be 286d6af5eb1d85ede4cb9a63a5933c6f637ed50f87c9296e9bd2f8c8e624f875" classname="com.github.traderjoe95.mls.protocol.tree.TreeKem" time="0.0"/>
  <testcase name="the decrypted path secret should be a387103bb887069e0f02f95e7a07a0d6db1579cdf1fe627d22efab5f42e1be1d" classname="com.github.traderjoe95.mls.protocol.tree.TreeKem" time="0.001"/>
  <testcase name="a new update path generated by the sender should be successfully processed" classname="com.github.traderjoe95.mls.protocol.tree.TreeKem" time="0.0"/>
  <testcase name="the update path should be parent-hash valid" classname="com.github.traderjoe95.mls.protocol.tree.TreeKem" time="0.0"/>
  <testcase name="the tree hash after merging the update path should be 286d6af5eb1d85ede4cb9a63a5933c6f637ed50f87c9296e9bd2f8c8e624f875" classname="com.github.traderjoe95.mls.protocol.tree.TreeKem" time="0.001"/>
  <testcase name="the decrypted path secret should be a387103bb887069e0f02f95e7a07a0d6db1579cdf1fe627d22efab5f42e1be1d" classname="com.github.traderjoe95.mls.protocol.tree.TreeKem" time="0.001"/>
  <testcase name="a new update path generated by the sender should be successfully processed" classname="com.github.traderjoe95.mls.protocol.tree.TreeKem" time="0.001"/>
  <testcase name="the update path should be parent-hash valid" classname="com.github.traderjoe95.mls.protocol.tree.TreeKem" time="0.0"/>
  <testcase name="the tree hash after merging the update path should be 286d6af5eb1d85ede4cb9a63a5933c6f637ed50f87c9296e9bd2f8c8e624f875" classname="com.github.traderjoe95.mls.protocol.tree.TreeKem" time="0.0"/>
  <testcase name="the decrypted path secret should be a387103bb887069e0f02f95e7a07a0d6db1579cdf1fe627d22efab5f42e1be1d" classname="com.github.traderjoe95.mls.protocol.tree.TreeKem" time="0.001"/>
  <testcase name="a new update path generated by the sender should be successfully processed" classname="com.github.traderjoe95.mls.protocol.tree.TreeKem" time="0.001"/>
  <testcase name="the update path should be parent-hash valid" classname="com.github.traderjoe95.mls.protocol.tree.TreeKem" time="0.0"/>
  <testcase name="the tree hash after merging the update path should be 286d6af5eb1d85ede4cb9a63a5933c6f637ed50f87c9296e9bd2f8c8e624f875" classname="com.github.traderjoe95.mls.protocol.tree.TreeKem" time="0.0"/>
  <testcase name="the decrypted path secret should be a387103bb887069e0f02f95e7a07a0d6db1579cdf1fe627d22efab5f42e1be1d" classname="com.github.traderjoe95.mls.protocol.tree.TreeKem" time="0.0"/>
  <testcase name="a new update path generated by the sender should be successfully processed" classname="com.github.traderjoe95.mls.protocol.tree.TreeKem" time="0.0"/>
  <testcase name="the update path should be parent-hash valid" classname="com.github.traderjoe95.mls.protocol.tree.TreeKem" time="0.0"/>
  <testcase name="the tree hash after merging the update path should be 29aed75565181fcb58fe33f28917bb78d8acfaec4addb3935d53e2cd5dffa5ab" classname="com.github.traderjoe95.mls.protocol.tree.TreeKem" time="0.0"/>
  <testcase name="the decrypted path secret should be c9c3ebe42ba047365b58a0133219f453b259b485ec5dfba665ab8c81460fa6ed" classname="com.github.traderjoe95.mls.protocol.tree.TreeKem" time="0.0"/>
  <testcase name="a new update path generated by the sender should be successfully processed" classname="com.github.traderjoe95.mls.protocol.tree.TreeKem" time="0.0"/>
  <testcase name="the update path should be parent-hash valid" classname="com.github.traderjoe95.mls.protocol.tree.TreeKem" time="0.0"/>
  <testcase name="the tree hash after merging the update path should be 29aed75565181fcb58fe33f28917bb78d8acfaec4addb3935d53e2cd5dffa5ab" classname="com.github.traderjoe95.mls.protocol.tree.TreeKem" time="0.0"/>
  <testcase name="the decrypted path secret should be 5ec2ab533d0cd246bf7489a53402e54f59ed06cd8b8477e8ddbba801360f6c4a" classname="com.github.traderjoe95.mls.protocol.tree.TreeKem" time="0.0"/>
  <testcase name="a new update path generated by the sender should be successfully processed" classname="com.github.traderjoe95.mls.protocol.tree.TreeKem" time="0.0"/>
  <testcase name="the update path should be parent-hash valid" classname="com.github.traderjoe95.mls.protocol.tree.TreeKem" time="0.0"/>
  <testcase name="the tree hash after merging the update path should be 29aed75565181fcb58fe33f28917bb78d8acfaec4addb3935d53e2cd5dffa5ab" classname="com.github.traderjoe95.mls.protocol.tree.TreeKem" time="0.0"/>
  <testcase name="the decrypted path secret should be 5ec2ab533d0cd246bf7489a53402e54f59ed06cd8b8477e8ddbba801360f6c4a" classname="com.github.traderjoe95.mls.protocol.tree.TreeKem" time="0.0"/>
  <testcase name="a new update path generated by the sender should be successfully processed" classname="com.github.traderjoe95.mls.protocol.tree.TreeKem" time="0.0"/>
  <testcase name="the update path should be parent-hash valid" classname="com.github.traderjoe95.mls.protocol.tree.TreeKem" time="0.0"/>
  <testcase name="the tree hash after merging the update path should be 29aed75565181fcb58fe33f28917bb78d8acfaec4addb3935d53e2cd5dffa5ab" classname="com.github.traderjoe95.mls.protocol.tree.TreeKem" time="0.0"/>
  <testcase name="the decrypted path secret should be 8f337b8f56cdfd7087daa14e3b3bff1be61a4a6f87ea7fae1e0bf10575fbfba7" classname="com.github.traderjoe95.mls.protocol.tree.TreeKem" time="0.0"/>
  <testcase name="a new update path generated by the sender should be successfully processed" classname="com.github.traderjoe95.mls.protocol.tree.TreeKem" time="0.0"/>
  <testcase name="the update path should be parent-hash valid" classname="com.github.traderjoe95.mls.protocol.tree.TreeKem" time="0.0"/>
  <testcase name="the tree hash after merging the update path should be 29aed75565181fcb58fe33f28917bb78d8acfaec4addb3935d53e2cd5dffa5ab" classname="com.github.traderjoe95.mls.protocol.tree.TreeKem" time="0.0"/>
  <testcase name="the decrypted path secret should be 8f337b8f56cdfd7087daa14e3b3bff1be61a4a6f87ea7fae1e0bf10575fbfba7" classname="com.github.traderjoe95.mls.protocol.tree.TreeKem" time="0.0"/>
  <testcase name="a new update path generated by the sender should be successfully processed" classname="com.github.traderjoe95.mls.protocol.tree.TreeKem" time="0.0"/>
  <testcase name="the update path should be parent-hash valid" classname="com.github.traderjoe95.mls.protocol.tree.TreeKem" time="0.001"/>
  <testcase name="the tree hash after merging the update path should be 29aed75565181fcb58fe33f28917bb78d8acfaec4addb3935d53e2cd5dffa5ab" classname="com.github.traderjoe95.mls.protocol.tree.TreeKem" time="0.001"/>
  <testcase name="the decrypted path secret should be 8f337b8f56cdfd7087daa14e3b3bff1be61a4a6f87ea7fae1e0bf10575fbfba7" classname="com.github.traderjoe95.mls.protocol.tree.TreeKem" time="0.001"/>
  <testcase name="a new update path generated by the sender should be successfully processed" classname="com.github.traderjoe95.mls.protocol.tree.TreeKem" time="0.001"/>
  <testcase name="the update path should be parent-hash valid" classname="com.github.traderjoe95.mls.protocol.tree.TreeKem" time="0.0"/>
  <testcase name="the tree hash after merging the update path should be 29aed75565181fcb58fe33f28917bb78d8acfaec4addb3935d53e2cd5dffa5ab" classname="com.github.traderjoe95.mls.protocol.tree.TreeKem" time="0.001"/>
  <testcase name="the decrypted path secret should be 8f337b8f56cdfd7087daa14e3b3bff1be61a4a6f87ea7fae1e0bf10575fbfba7" classname="com.github.traderjoe95.mls.protocol.tree.TreeKem" time="0.001"/>
  <testcase name="a new update path generated by the sender should be successfully processed" classname="com.github.traderjoe95.mls.protocol.tree.TreeKem" time="0.001"/>
  <testcase name="the update path should be parent-hash valid" classname="com.github.traderjoe95.mls.protocol.tree.TreeKem" time="0.0"/>
  <testcase name="the tree hash after merging the update path should be 032d9ae82c7f6263c5cab71343b805603dd77950f1214ea46a3ffe6d0a57e942" classname="com.github.traderjoe95.mls.protocol.tree.TreeKem" time="0.0"/>
  <testcase name="the decrypted path secret should be b3930ef6b94392e30ebf1ae3f71d3f5f58f39573cb1e8ecaf5b9605e1b2c8df3" classname="com.github.traderjoe95.mls.protocol.tree.TreeKem" time="0.0"/>
  <testcase name="a new update path generated by the sender should be successfully processed" classname="com.github.traderjoe95.mls.protocol.tree.TreeKem" time="0.001"/>
  <testcase name="the update path should be parent-hash valid" classname="com.github.traderjoe95.mls.protocol.tree.TreeKem" time="0.0"/>
  <testcase name="the tree hash after merging the update path should be 032d9ae82c7f6263c5cab71343b805603dd77950f1214ea46a3ffe6d0a57e942" classname="com.github.traderjoe95.mls.protocol.tree.TreeKem" time="0.0"/>
  <testcase name="the decrypted path secret should be b3930ef6b94392e30ebf1ae3f71d3f5f58f39573cb1e8ecaf5b9605e1b2c8df3" classname="com.github.traderjoe95.mls.protocol.tree.TreeKem" time="0.0"/>
  <testcase name="a new update path generated by the sender should be successfully processed" classname="com.github.traderjoe95.mls.protocol.tree.TreeKem" time="0.001"/>
  <testcase name="the update path should be parent-hash valid" classname="com.github.traderjoe95.mls.protocol.tree.TreeKem" time="0.0"/>
  <testcase name="the tree hash after merging the update path should be 032d9ae82c7f6263c5cab71343b805603dd77950f1214ea46a3ffe6d0a57e942" classname="com.github.traderjoe95.mls.protocol.tree.TreeKem" time="0.0"/>
  <testcase name="the decrypted path secret should be f4a85443d616064ad7a000f7e062420abe6b1a9bb244cc7195dd98cb0f638b19" classname="com.github.traderjoe95.mls.protocol.tree.TreeKem" time="0.001"/>
  <testcase name="a new update path generated by the sender should be successfully processed" classname="com.github.traderjoe95.mls.protocol.tree.TreeKem" time="0.001"/>
  <testcase name="the update path should be parent-hash valid" classname="com.github.traderjoe95.mls.protocol.tree.TreeKem" time="0.0"/>
  <testcase name="the tree hash after merging the update path should be 032d9ae82c7f6263c5cab71343b805603dd77950f1214ea46a3ffe6d0a57e942" classname="com.github.traderjoe95.mls.protocol.tree.TreeKem" time="0.0"/>
  <testcase name="the decrypted path secret should be 430eb5fbb97811f780f56acd6f555971ed07482843d9c40116e67fc27a6d406d" classname="com.github.traderjoe95.mls.protocol.tree.TreeKem" time="0.001"/>
  <testcase name="a new update path generated by the sender should be successfully processed" classname="com.github.traderjoe95.mls.protocol.tree.TreeKem" time="0.001"/>
  <testcase name="the update path should be parent-hash valid" classname="com.github.traderjoe95.mls.protocol.tree.TreeKem" time="0.0"/>
  <testcase name="the tree hash after merging the update path should be 032d9ae82c7f6263c5cab71343b805603dd77950f1214ea46a3ffe6d0a57e942" classname="com.github.traderjoe95.mls.protocol.tree.TreeKem" time="0.0"/>
  <testcase name="the decrypted path secret should be 430eb5fbb97811f780f56acd6f555971ed07482843d9c40116e67fc27a6d406d" classname="com.github.traderjoe95.mls.protocol.tree.TreeKem" time="0.001"/>
  <testcase name="a new update path generated by the sender should be successfully processed" classname="com.github.traderjoe95.mls.protocol.tree.TreeKem" time="0.001"/>
  <testcase name="the update path should be parent-hash valid" classname="com.github.traderjoe95.mls.protocol.tree.TreeKem" time="0.0"/>
  <testcase name="the tree hash after merging the update path should be 032d9ae82c7f6263c5cab71343b805603dd77950f1214ea46a3ffe6d0a57e942" classname="com.github.traderjoe95.mls.protocol.tree.TreeKem" time="0.0"/>
  <testcase name="the decrypted path secret should be 430eb5fbb97811f780f56acd6f555971ed07482843d9c40116e67fc27a6d406d" classname="com.github.traderjoe95.mls.protocol.tree.TreeKem" time="0.001"/>
  <testcase name="a new update path generated by the sender should be successfully processed" classname="com.github.traderjoe95.mls.protocol.tree.TreeKem" time="0.001"/>
  <testcase name="the update path should be parent-hash valid" classname="com.github.traderjoe95.mls.protocol.tree.TreeKem" time="0.0"/>
  <testcase name="the tree hash after merging the update path should be 032d9ae82c7f6263c5cab71343b805603dd77950f1214ea46a3ffe6d0a57e942" classname="com.github.traderjoe95.mls.protocol.tree.TreeKem" time="0.0"/>
  <testcase name="the decrypted path secret should be 430eb5fbb97811f780f56acd6f555971ed07482843d9c40116e67fc27a6d406d" classname="com.github.traderjoe95.mls.protocol.tree.TreeKem" time="0.001"/>
  <testcase name="a new update path generated by the sender should be successfully processed" classname="com.github.traderjoe95.mls.protocol.tree.TreeKem" time="0.001"/>
  <testcase name="the update path should be parent-hash valid" classname="com.github.traderjoe95.mls.protocol.tree.TreeKem" time="0.0"/>
  <testcase name="the tree hash after merging the update path should be 9295ab084d4d4926cd8a31a4a48a0bbf728038f7eab84a0f71baf61a5faf38be" classname="com.github.traderjoe95.mls.protocol.tree.TreeKem" time="0.001"/>
  <testcase name="the decrypted path secret should be 210f315774e44a77341699ada63a7d97f4608fd071bb0ef640addd184923ae37" classname="com.github.traderjoe95.mls.protocol.tree.TreeKem" time="0.001"/>
  <testcase name="a new update path generated by the sender should be successfully processed" classname="com.github.traderjoe95.mls.protocol.tree.TreeKem" time="0.0"/>
  <testcase name="the update path should be parent-hash valid" classname="com.github.traderjoe95.mls.protocol.tree.TreeKem" time="0.0"/>
  <testcase name="the tree hash after merging the update path should be 9295ab084d4d4926cd8a31a4a48a0bbf728038f7eab84a0f71baf61a5faf38be" classname="com.github.traderjoe95.mls.protocol.tree.TreeKem" time="0.001"/>
  <testcase name="the decrypted path secret should be 210f315774e44a77341699ada63a7d97f4608fd071bb0ef640addd184923ae37" classname="com.github.traderjoe95.mls.protocol.tree.TreeKem" time="0.0"/>
  <testcase name="a new update path generated by the sender should be successfully processed" classname="com.github.traderjoe95.mls.protocol.tree.TreeKem" time="0.001"/>
  <testcase name="the update path should be parent-hash valid" classname="com.github.traderjoe95.mls.protocol.tree.TreeKem" time="0.0"/>
  <testcase name="the tree hash after merging the update path should be 9295ab084d4d4926cd8a31a4a48a0bbf728038f7eab84a0f71baf61a5faf38be" classname="com.github.traderjoe95.mls.protocol.tree.TreeKem" time="0.0"/>
  <testcase name="the decrypted path secret should be ebae0b2210d50d7c7828f6d8dd0f444bbf07eba1357e19219a8862d17b10d26c" classname="com.github.traderjoe95.mls.protocol.tree.TreeKem" time="0.001"/>
  <testcase name="a new update path generated by the sender should be successfully processed" classname="com.github.traderjoe95.mls.protocol.tree.TreeKem" time="0.001"/>
  <testcase name="the update path should be parent-hash valid" classname="com.github.traderjoe95.mls.protocol.tree.TreeKem" time="0.0"/>
  <testcase name="the tree hash after merging the update path should be 9295ab084d4d4926cd8a31a4a48a0bbf728038f7eab84a0f71baf61a5faf38be" classname="com.github.traderjoe95.mls.protocol.tree.TreeKem" time="0.0"/>
  <testcase name="the decrypted path secret should be 5ff91e83fb330383ec2d9a082b80bcc392ff454ee7d7caa8bfdab4317e7c8162" classname="com.github.traderjoe95.mls.protocol.tree.TreeKem" time="0.0"/>
  <testcase name="a new update path generated by the sender should be successfully processed" classname="com.github.traderjoe95.mls.protocol.tree.TreeKem" time="0.0"/>
  <testcase name="the update path should be parent-hash valid" classname="com.github.traderjoe95.mls.protocol.tree.TreeKem" time="0.0"/>
  <testcase name="the tree hash after merging the update path should be 9295ab084d4d4926cd8a31a4a48a0bbf728038f7eab84a0f71baf61a5faf38be" classname="com.github.traderjoe95.mls.protocol.tree.TreeKem" time="0.0"/>
  <testcase name="the decrypted path secret should be 5ff91e83fb330383ec2d9a082b80bcc392ff454ee7d7caa8bfdab4317e7c8162" classname="com.github.traderjoe95.mls.protocol.tree.TreeKem" time="0.0"/>
  <testcase name="a new update path generated by the sender should be successfully processed" classname="com.github.traderjoe95.mls.protocol.tree.TreeKem" time="0.001"/>
  <testcase name="the update path should be parent-hash valid" classname="com.github.traderjoe95.mls.protocol.tree.TreeKem" time="0.0"/>
  <testcase name="the tree hash after merging the update path should be 9295ab084d4d4926cd8a31a4a48a0bbf728038f7eab84a0f71baf61a5faf38be" classname="com.github.traderjoe95.mls.protocol.tree.TreeKem" time="0.001"/>
  <testcase name="the decrypted path secret should be 5ff91e83fb330383ec2d9a082b80bcc392ff454ee7d7caa8bfdab4317e7c8162" classname="com.github.traderjoe95.mls.protocol.tree.TreeKem" time="0.001"/>
  <testcase name="a new update path generated by the sender should be successfully processed" classname="com.github.traderjoe95.mls.protocol.tree.TreeKem" time="0.001"/>
  <testcase name="the update path should be parent-hash valid" classname="com.github.traderjoe95.mls.protocol.tree.TreeKem" time="0.0"/>
  <testcase name="the tree hash after merging the update path should be 9295ab084d4d4926cd8a31a4a48a0bbf728038f7eab84a0f71baf61a5faf38be" classname="com.github.traderjoe95.mls.protocol.tree.TreeKem" time="0.0"/>
  <testcase name="the decrypted path secret should be 5ff91e83fb330383ec2d9a082b80bcc392ff454ee7d7caa8bfdab4317e7c8162" classname="com.github.traderjoe95.mls.protocol.tree.TreeKem" time="0.001"/>
  <testcase name="a new update path generated by the sender should be successfully processed" classname="com.github.traderjoe95.mls.protocol.tree.TreeKem" time="0.001"/>
  <testcase name="the update path should be parent-hash valid" classname="com.github.traderjoe95.mls.protocol.tree.TreeKem" time="0.0"/>
  <testcase name="the tree hash after merging the update path should be caf3b17673535087dc740da54e5227f71362c450bcff7fd79345dd4e95c1bd22" classname="com.github.traderjoe95.mls.protocol.tree.TreeKem" time="0.0"/>
  <testcase name="the decrypted path secret should be 1c1b65e005685120dc4c2956973dfc0d86ab309eceac81ddfa4e83f89cbbdecb" classname="com.github.traderjoe95.mls.protocol.tree.TreeKem" time="0.0"/>
  <testcase name="a new update path generated by the sender should be successfully processed" classname="com.github.traderjoe95.mls.protocol.tree.TreeKem" time="0.0"/>
  <testcase name="the update path should be parent-hash valid" classname="com.github.traderjoe95.mls.protocol.tree.TreeKem" time="0.0"/>
  <testcase name="the tree hash after merging the update path should be caf3b17673535087dc740da54e5227f71362c450bcff7fd79345dd4e95c1bd22" classname="com.github.traderjoe95.mls.protocol.tree.TreeKem" time="0.0"/>
  <testcase name="the decrypted path secret should be 1c1b65e005685120dc4c2956973dfc0d86ab309eceac81ddfa4e83f89cbbdecb" classname="com.github.traderjoe95.mls.protocol.tree.TreeKem" time="0.0"/>
  <testcase name="a new update path generated by the sender should be successfully processed" classname="com.github.traderjoe95.mls.protocol.tree.TreeKem" time="0.0"/>
  <testcase name="the update path should be parent-hash valid" classname="com.github.traderjoe95.mls.protocol.tree.TreeKem" time="0.0"/>
  <testcase name="the tree hash after merging the update path should be caf3b17673535087dc740da54e5227f71362c450bcff7fd79345dd4e95c1bd22" classname="com.github.traderjoe95.mls.protocol.tree.TreeKem" time="0.0"/>
  <testcase name="the decrypted path secret should be 1c1b65e005685120dc4c2956973dfc0d86ab309eceac81ddfa4e83f89cbbdecb" classname="com.github.traderjoe95.mls.protocol.tree.TreeKem" time="0.0"/>
  <testcase name="a new update path generated by the sender should be successfully processed" classname="com.github.traderjoe95.mls.protocol.tree.TreeKem" time="0.0"/>
  <testcase name="the update path should be parent-hash valid" classname="com.github.traderjoe95.mls.protocol.tree.TreeKem" time="0.001"/>
  <testcase name="the tree hash after merging the update path should be caf3b17673535087dc740da54e5227f71362c450bcff7fd79345dd4e95c1bd22" classname="com.github.traderjoe95.mls.protocol.tree.TreeKem" time="0.0"/>
  <testcase name="the decrypted path secret should be 1c1b65e005685120dc4c2956973dfc0d86ab309eceac81ddfa4e83f89cbbdecb" classname="com.github.traderjoe95.mls.protocol.tree.TreeKem" time="0.0"/>
  <testcase name="a new update path generated by the sender should be successfully processed" classname="com.github.traderjoe95.mls.protocol.tree.TreeKem" time="0.001"/>
  <testcase name="the update path should be parent-hash valid" classname="com.github.traderjoe95.mls.protocol.tree.TreeKem" time="0.0"/>
  <testcase name="the tree hash after merging the update path should be caf3b17673535087dc740da54e5227f71362c450bcff7fd79345dd4e95c1bd22" classname="com.github.traderjoe95.mls.protocol.tree.TreeKem" time="0.0"/>
  <testcase name="the decrypted path secret should be 29a404d8b45c4e9a001c4aaa1b72dfe49c0a48f11f3d4fcada8e7672d74fe86a" classname="com.github.traderjoe95.mls.protocol.tree.TreeKem" time="0.0"/>
  <testcase name="a new update path generated by the sender should be successfully processed" classname="com.github.traderjoe95.mls.protocol.tree.TreeKem" time="0.001"/>
  <testcase name="the update path should be parent-hash valid" classname="com.github.traderjoe95.mls.protocol.tree.TreeKem" time="0.0"/>
  <testcase name="the tree hash after merging the update path should be caf3b17673535087dc740da54e5227f71362c450bcff7fd79345dd4e95c1bd22" classname="com.github.traderjoe95.mls.protocol.tree.TreeKem" time="0.001"/>
  <testcase name="the decrypted path secret should be 2acf016dfde7c8a447613adc3b01164a5300138e07d3d88a88d04bb44ae3df28" classname="com.github.traderjoe95.mls.protocol.tree.TreeKem" time="0.001"/>
  <testcase name="a new update path generated by the sender should be successfully processed" classname="com.github.traderjoe95.mls.protocol.tree.TreeKem" time="0.001"/>
  <testcase name="the update path should be parent-hash valid" classname="com.github.traderjoe95.mls.protocol.tree.TreeKem" time="0.0"/>
  <testcase name="the tree hash after merging the update path should be caf3b17673535087dc740da54e5227f71362c450bcff7fd79345dd4e95c1bd22" classname="com.github.traderjoe95.mls.protocol.tree.TreeKem" time="0.0"/>
  <testcase name="the decrypted path secret should be 2acf016dfde7c8a447613adc3b01164a5300138e07d3d88a88d04bb44ae3df28" classname="com.github.traderjoe95.mls.protocol.tree.TreeKem" time="0.001"/>
  <testcase name="a new update path generated by the sender should be successfully processed" classname="com.github.traderjoe95.mls.protocol.tree.TreeKem" time="0.001"/>
  <testcase name="the update path should be parent-hash valid" classname="com.github.traderjoe95.mls.protocol.tree.TreeKem" time="0.001"/>
  <testcase name="the tree hash after merging the update path should be 2db67b0b24c7a6b47bbe098162fa926f1ea462a740e3e4b4c224e0dd69553134" classname="com.github.traderjoe95.mls.protocol.tree.TreeKem" time="0.0"/>
  <testcase name="the decrypted path secret should be dcbb2929ed18ed1f2392da693ce10c1648120a29a01918557a72aa91bfe8ecb8" classname="com.github.traderjoe95.mls.protocol.tree.TreeKem" time="0.0"/>
  <testcase name="a new update path generated by the sender should be successfully processed" classname="com.github.traderjoe95.mls.protocol.tree.TreeKem" time="0.001"/>
  <testcase name="the update path should be parent-hash valid" classname="com.github.traderjoe95.mls.protocol.tree.TreeKem" time="0.0"/>
  <testcase name="the tree hash after merging the update path should be 2db67b0b24c7a6b47bbe098162fa926f1ea462a740e3e4b4c224e0dd69553134" classname="com.github.traderjoe95.mls.protocol.tree.TreeKem" time="0.001"/>
  <testcase name="the decrypted path secret should be dcbb2929ed18ed1f2392da693ce10c1648120a29a01918557a72aa91bfe8ecb8" classname="com.github.traderjoe95.mls.protocol.tree.TreeKem" time="0.001"/>
  <testcase name="a new update path generated by the sender should be successfully processed" classname="com.github.traderjoe95.mls.protocol.tree.TreeKem" time="0.001"/>
  <testcase name="the update path should be parent-hash valid" classname="com.github.traderjoe95.mls.protocol.tree.TreeKem" time="0.0"/>
  <testcase name="the tree hash after merging the update path should be 2db67b0b24c7a6b47bbe098162fa926f1ea462a740e3e4b4c224e0dd69553134" classname="com.github.traderjoe95.mls.protocol.tree.TreeKem" time="0.0"/>
  <testcase name="the decrypted path secret should be dcbb2929ed18ed1f2392da693ce10c1648120a29a01918557a72aa91bfe8ecb8" classname="com.github.traderjoe95.mls.protocol.tree.TreeKem" time="0.0"/>
  <testcase name="a new update path generated by the sender should be successfully processed" classname="com.github.traderjoe95.mls.protocol.tree.TreeKem" time="0.001"/>
  <testcase name="the update path should be parent-hash valid" classname="com.github.traderjoe95.mls.protocol.tree.TreeKem" time="0.0"/>
  <testcase name="the tree hash after merging the update path should be 2db67b0b24c7a6b47bbe098162fa926f1ea462a740e3e4b4c224e0dd69553134" classname="com.github.traderjoe95.mls.protocol.tree.TreeKem" time="0.0"/>
  <testcase name="the decrypted path secret should be dcbb2929ed18ed1f2392da693ce10c1648120a29a01918557a72aa91bfe8ecb8" classname="com.github.traderjoe95.mls.protocol.tree.TreeKem" time="0.001"/>
  <testcase name="a new update path generated by the sender should be successfully processed" classname="com.github.traderjoe95.mls.protocol.tree.TreeKem" time="0.001"/>
  <testcase name="the update path should be parent-hash valid" classname="com.github.traderjoe95.mls.protocol.tree.TreeKem" time="0.0"/>
  <testcase name="the tree hash after merging the update path should be 2db67b0b24c7a6b47bbe098162fa926f1ea462a740e3e4b4c224e0dd69553134" classname="com.github.traderjoe95.mls.protocol.tree.TreeKem" time="0.0"/>
  <testcase name="the decrypted path secret should be 899a3254763aca57e2766debb2ce541dd7cea4b45ff5e052e1d0731b3f3bfffa" classname="com.github.traderjoe95.mls.protocol.tree.TreeKem" time="0.001"/>
  <testcase name="a new update path generated by the sender should be successfully processed" classname="com.github.traderjoe95.mls.protocol.tree.TreeKem" time="0.001"/>
  <testcase name="the update path should be parent-hash valid" classname="com.github.traderjoe95.mls.protocol.tree.TreeKem" time="0.001"/>
  <testcase name="the tree hash after merging the update path should be 2db67b0b24c7a6b47bbe098162fa926f1ea462a740e3e4b4c224e0dd69553134" classname="com.github.traderjoe95.mls.protocol.tree.TreeKem" time="0.0"/>
  <testcase name="the decrypted path secret should be 50568d61aeb01c083f25827db0dc67c35b6355dc476a51c1ca2cc60d91e76c52" classname="com.github.traderjoe95.mls.protocol.tree.TreeKem" time="0.0"/>
  <testcase name="a new update path generated by the sender should be successfully processed" classname="com.github.traderjoe95.mls.protocol.tree.TreeKem" time="0.001"/>
  <testcase name="the update path should be parent-hash valid" classname="com.github.traderjoe95.mls.protocol.tree.TreeKem" time="0.0"/>
  <testcase name="the tree hash after merging the update path should be 2db67b0b24c7a6b47bbe098162fa926f1ea462a740e3e4b4c224e0dd69553134" classname="com.github.traderjoe95.mls.protocol.tree.TreeKem" time="0.001"/>
  <testcase name="the decrypted path secret should be 50568d61aeb01c083f25827db0dc67c35b6355dc476a51c1ca2cc60d91e76c52" classname="com.github.traderjoe95.mls.protocol.tree.TreeKem" time="0.001"/>
  <testcase name="a new update path generated by the sender should be successfully processed" classname="com.github.traderjoe95.mls.protocol.tree.TreeKem" time="0.001"/>
  <testcase name="the update path should be parent-hash valid" classname="com.github.traderjoe95.mls.protocol.tree.TreeKem" time="0.001"/>
  <testcase name="the tree hash after merging the update path should be 0e2c6654f01bb66c7a61b94fb296aad71777cc682a11cf4effb90da3adc2ee23" classname="com.github.traderjoe95.mls.protocol.tree.TreeKem" time="0.0"/>
  <testcase name="the decrypted path secret should be 03f7164d02611b1ff14d79890c60767119cc2f50fb14be84bdf22003a162a738" classname="com.github.traderjoe95.mls.protocol.tree.TreeKem" time="0.001"/>
  <testcase name="a new update path generated by the sender should be successfully processed" classname="com.github.traderjoe95.mls.protocol.tree.TreeKem" time="0.0"/>
  <testcase name="the update path should be parent-hash valid" classname="com.github.traderjoe95.mls.protocol.tree.TreeKem" time="0.0"/>
  <testcase name="the tree hash after merging the update path should be 0e2c6654f01bb66c7a61b94fb296aad71777cc682a11cf4effb90da3adc2ee23" classname="com.github.traderjoe95.mls.protocol.tree.TreeKem" time="0.001"/>
  <testcase name="the decrypted path secret should be 03f7164d02611b1ff14d79890c60767119cc2f50fb14be84bdf22003a162a738" classname="com.github.traderjoe95.mls.protocol.tree.TreeKem" time="0.001"/>
  <testcase name="a new update path generated by the sender should be successfully processed" classname="com.github.traderjoe95.mls.protocol.tree.TreeKem" time="0.002"/>
  <testcase name="the update path should be parent-hash valid" classname="com.github.traderjoe95.mls.protocol.tree.TreeKem" time="0.001"/>
  <testcase name="the tree hash after merging the update path should be 0e2c6654f01bb66c7a61b94fb296aad71777cc682a11cf4effb90da3adc2ee23" classname="com.github.traderjoe95.mls.protocol.tree.TreeKem" time="0.0"/>
  <testcase name="the decrypted path secret should be 03f7164d02611b1ff14d79890c60767119cc2f50fb14be84bdf22003a162a738" classname="com.github.traderjoe95.mls.protocol.tree.TreeKem" time="0.001"/>
  <testcase name="a new update path generated by the sender should be successfully processed" classname="com.github.traderjoe95.mls.protocol.tree.TreeKem" time="0.001"/>
  <testcase name="the update path should be parent-hash valid" classname="com.github.traderjoe95.mls.protocol.tree.TreeKem" time="0.0"/>
  <testcase name="the tree hash after merging the update path should be 0e2c6654f01bb66c7a61b94fb296aad71777cc682a11cf4effb90da3adc2ee23" classname="com.github.traderjoe95.mls.protocol.tree.TreeKem" time="0.001"/>
  <testcase name="the decrypted path secret should be 03f7164d02611b1ff14d79890c60767119cc2f50fb14be84bdf22003a162a738" classname="com.github.traderjoe95.mls.protocol.tree.TreeKem" time="0.001"/>
  <testcase name="a new update path generated by the sender should be successfully processed" classname="com.github.traderjoe95.mls.protocol.tree.TreeKem" time="0.001"/>
  <testcase name="the update path should be parent-hash valid" classname="com.github.traderjoe95.mls.protocol.tree.TreeKem" time="0.0"/>
  <testcase name="the tree hash after merging the update path should be 0e2c6654f01bb66c7a61b94fb296aad71777cc682a11cf4effb90da3adc2ee23" classname="com.github.traderjoe95.mls.protocol.tree.TreeKem" time="0.001"/>
  <testcase name="the decrypted path secret should be e9353d392452e239faa7011dca67ed9b6d9a5cad9515875a1847f12dfc99af13" classname="com.github.traderjoe95.mls.protocol.tree.TreeKem" time="0.001"/>
  <testcase name="a new update path generated by the sender should be successfully processed" classname="com.github.traderjoe95.mls.protocol.tree.TreeKem" time="0.001"/>
  <testcase name="the update path should be parent-hash valid" classname="com.github.traderjoe95.mls.protocol.tree.TreeKem" time="0.0"/>
  <testcase name="the tree hash after merging the update path should be 0e2c6654f01bb66c7a61b94fb296aad71777cc682a11cf4effb90da3adc2ee23" classname="com.github.traderjoe95.mls.protocol.tree.TreeKem" time="0.0"/>
  <testcase name="the decrypted path secret should be e9353d392452e239faa7011dca67ed9b6d9a5cad9515875a1847f12dfc99af13" classname="com.github.traderjoe95.mls.protocol.tree.TreeKem" time="0.0"/>
  <testcase name="a new update path generated by the sender should be successfully processed" classname="com.github.traderjoe95.mls.protocol.tree.TreeKem" time="0.001"/>
  <testcase name="the update path should be parent-hash valid" classname="com.github.traderjoe95.mls.protocol.tree.TreeKem" time="0.0"/>
  <testcase name="the tree hash after merging the update path should be 0e2c6654f01bb66c7a61b94fb296aad71777cc682a11cf4effb90da3adc2ee23" classname="com.github.traderjoe95.mls.protocol.tree.TreeKem" time="0.0"/>
  <testcase name="the decrypted path secret should be e2a3a5e0863dee5896b8d49756a021472eb5bd5e7a1e6b896fb3a50eb144eb8f" classname="com.github.traderjoe95.mls.protocol.tree.TreeKem" time="0.0"/>
  <testcase name="a new update path generated by the sender should be successfully processed" classname="com.github.traderjoe95.mls.protocol.tree.TreeKem" time="0.001"/>
  <testcase name="the update path should be parent-hash valid" classname="com.github.traderjoe95.mls.protocol.tree.TreeKem" time="0.0"/>
  <testcase name="the tree hash after merging the update path should be 7d7550010702d82ad12e7dbd17d94dee6919bc03658b52ae11459fbcc9bb44b5" classname="com.github.traderjoe95.mls.protocol.tree.TreeKem" time="0.0"/>
  <testcase name="the decrypted path secret should be 5a3b417f9bf383ad72b0065fe2ebbef6445d47dc697f57693060fd75e51470cc" classname="com.github.traderjoe95.mls.protocol.tree.TreeKem" time="0.0"/>
  <testcase name="a new update path generated by the sender should be successfully processed" classname="com.github.traderjoe95.mls.protocol.tree.TreeKem" time="0.001"/>
  <testcase name="the update path should be parent-hash valid" classname="com.github.traderjoe95.mls.protocol.tree.TreeKem" time="0.001"/>
  <testcase name="the tree hash after merging the update path should be 7d7550010702d82ad12e7dbd17d94dee6919bc03658b52ae11459fbcc9bb44b5" classname="com.github.traderjoe95.mls.protocol.tree.TreeKem" time="0.001"/>
  <testcase name="the decrypted path secret should be 5a3b417f9bf383ad72b0065fe2ebbef6445d47dc697f57693060fd75e51470cc" classname="com.github.traderjoe95.mls.protocol.tree.TreeKem" time="0.001"/>
  <testcase name="a new update path generated by the sender should be successfully processed" classname="com.github.traderjoe95.mls.protocol.tree.TreeKem" time="0.001"/>
  <testcase name="the update path should be parent-hash valid" classname="com.github.traderjoe95.mls.protocol.tree.TreeKem" time="0.001"/>
  <testcase name="the tree hash after merging the update path should be 7d7550010702d82ad12e7dbd17d94dee6919bc03658b52ae11459fbcc9bb44b5" classname="com.github.traderjoe95.mls.protocol.tree.TreeKem" time="0.0"/>
  <testcase name="the decrypted path secret should be 5a3b417f9bf383ad72b0065fe2ebbef6445d47dc697f57693060fd75e51470cc" classname="com.github.traderjoe95.mls.protocol.tree.TreeKem" time="0.0"/>
  <testcase name="a new update path generated by the sender should be successfully processed" classname="com.github.traderjoe95.mls.protocol.tree.TreeKem" time="0.001"/>
  <testcase name="the update path should be parent-hash valid" classname="com.github.traderjoe95.mls.protocol.tree.TreeKem" time="0.0"/>
  <testcase name="the tree hash after merging the update path should be 7d7550010702d82ad12e7dbd17d94dee6919bc03658b52ae11459fbcc9bb44b5" classname="com.github.traderjoe95.mls.protocol.tree.TreeKem" time="0.001"/>
  <testcase name="the decrypted path secret should be 5a3b417f9bf383ad72b0065fe2ebbef6445d47dc697f57693060fd75e51470cc" classname="com.github.traderjoe95.mls.protocol.tree.TreeKem" time="0.001"/>
  <testcase name="a new update path generated by the sender should be successfully processed" classname="com.github.traderjoe95.mls.protocol.tree.TreeKem" time="0.001"/>
  <testcase name="the update path should be parent-hash valid" classname="com.github.traderjoe95.mls.protocol.tree.TreeKem" time="0.0"/>
  <testcase name="the tree hash after merging the update path should be 7d7550010702d82ad12e7dbd17d94dee6919bc03658b52ae11459fbcc9bb44b5" classname="com.github.traderjoe95.mls.protocol.tree.TreeKem" time="0.001"/>
  <testcase name="the decrypted path secret should be 028aadcf1d4ca0d828fff74cdb2b18d6bed22d83483eaa0ec42c20ca00f70f02" classname="com.github.traderjoe95.mls.protocol.tree.TreeKem" time="0.001"/>
  <testcase name="a new update path generated by the sender should be successfully processed" classname="com.github.traderjoe95.mls.protocol.tree.TreeKem" time="0.001"/>
  <testcase name="the update path should be parent-hash valid" classname="com.github.traderjoe95.mls.protocol.tree.TreeKem" time="0.0"/>
  <testcase name="the tree hash after merging the update path should be 7d7550010702d82ad12e7dbd17d94dee6919bc03658b52ae11459fbcc9bb44b5" classname="com.github.traderjoe95.mls.protocol.tree.TreeKem" time="0.0"/>
  <testcase name="the decrypted path secret should be 028aadcf1d4ca0d828fff74cdb2b18d6bed22d83483eaa0ec42c20ca00f70f02" classname="com.github.traderjoe95.mls.protocol.tree.TreeKem" time="0.0"/>
  <testcase name="a new update path generated by the sender should be successfully processed" classname="com.github.traderjoe95.mls.protocol.tree.TreeKem" time="0.0"/>
  <testcase name="the update path should be parent-hash valid" classname="com.github.traderjoe95.mls.protocol.tree.TreeKem" time="0.001"/>
  <testcase name="the tree hash after merging the update path should be 7d7550010702d82ad12e7dbd17d94dee6919bc03658b52ae11459fbcc9bb44b5" classname="com.github.traderjoe95.mls.protocol.tree.TreeKem" time="0.0"/>
  <testcase name="the decrypted path secret should be 2fa3b23b7d1df49c84f82c295ddcddcbaa871f6e3af50e64c3ab8bb9fe34e4df" classname="com.github.traderjoe95.mls.protocol.tree.TreeKem" time="0.0"/>
  <testcase name="a new update path generated by the sender should be successfully processed" classname="com.github.traderjoe95.mls.protocol.tree.TreeKem" time="0.0"/>
  <testcase name="non-blank leaf 0 should be consistent with the public state" classname="com.github.traderjoe95.mls.protocol.tree.TreeKem" time="0.0"/>
  <testcase name="non-blank leaf 1 should be consistent with the public state" classname="com.github.traderjoe95.mls.protocol.tree.TreeKem" time="0.0"/>
  <testcase name="non-blank leaf 2 should be consistent with the public state" classname="com.github.traderjoe95.mls.protocol.tree.TreeKem" time="0.0"/>
  <testcase name="non-blank leaf 4 should be consistent with the public state" classname="com.github.traderjoe95.mls.protocol.tree.TreeKem" time="0.001"/>
  <testcase name="non-blank leaf 5 should be consistent with the public state" classname="com.github.traderjoe95.mls.protocol.tree.TreeKem" time="0.001"/>
  <testcase name="non-blank leaf 6 should be consistent with the public state" classname="com.github.traderjoe95.mls.protocol.tree.TreeKem" time="0.0"/>
  <testcase name="non-blank leaf 7 should be consistent with the public state" classname="com.github.traderjoe95.mls.protocol.tree.TreeKem" time="0.0"/>
  <testcase name="the update path should be parent-hash valid" classname="com.github.traderjoe95.mls.protocol.tree.TreeKem" time="0.0"/>
  <testcase name="the tree hash after merging the update path should be 2400c99fff9793405ab891b270e4d5c135b6bef834a342b6415e060c1519bdcd" classname="com.github.traderjoe95.mls.protocol.tree.TreeKem" time="0.0"/>
  <testcase name="the decrypted path secret should be e2fa796da839fa55640cfd374bc3a04e3b36014a5919102e2b2a621bfe3996ac" classname="com.github.traderjoe95.mls.protocol.tree.TreeKem" time="0.001"/>
  <testcase name="a new update path generated by the sender should be successfully processed" classname="com.github.traderjoe95.mls.protocol.tree.TreeKem" time="0.001"/>
  <testcase name="the update path should be parent-hash valid" classname="com.github.traderjoe95.mls.protocol.tree.TreeKem" time="0.0"/>
  <testcase name="the tree hash after merging the update path should be 2400c99fff9793405ab891b270e4d5c135b6bef834a342b6415e060c1519bdcd" classname="com.github.traderjoe95.mls.protocol.tree.TreeKem" time="0.0"/>
  <testcase name="the decrypted path secret should be 0502e8ca933bec1ec16ad9d640fad02e58f7fff8a607202cd97e6ffac6b5fc7b" classname="com.github.traderjoe95.mls.protocol.tree.TreeKem" time="0.001"/>
  <testcase name="a new update path generated by the sender should be successfully processed" classname="com.github.traderjoe95.mls.protocol.tree.TreeKem" time="0.001"/>
  <testcase name="the update path should be parent-hash valid" classname="com.github.traderjoe95.mls.protocol.tree.TreeKem" time="0.0"/>
  <testcase name="the tree hash after merging the update path should be 2400c99fff9793405ab891b270e4d5c135b6bef834a342b6415e060c1519bdcd" classname="com.github.traderjoe95.mls.protocol.tree.TreeKem" time="0.0"/>
  <testcase name="the decrypted path secret should be 1ce17188fa4a1430658919e735904a8c345109f567f45a1a1c4fdc61b013e469" classname="com.github.traderjoe95.mls.protocol.tree.TreeKem" time="0.001"/>
  <testcase name="a new update path generated by the sender should be successfully processed" classname="com.github.traderjoe95.mls.protocol.tree.TreeKem" time="0.001"/>
  <testcase name="the update path should be parent-hash valid" classname="com.github.traderjoe95.mls.protocol.tree.TreeKem" time="0.001"/>
  <testcase name="the tree hash after merging the update path should be 2400c99fff9793405ab891b270e4d5c135b6bef834a342b6415e060c1519bdcd" classname="com.github.traderjoe95.mls.protocol.tree.TreeKem" time="0.0"/>
  <testcase name="the decrypted path secret should be 1ce17188fa4a1430658919e735904a8c345109f567f45a1a1c4fdc61b013e469" classname="com.github.traderjoe95.mls.protocol.tree.TreeKem" time="0.001"/>
  <testcase name="a new update path generated by the sender should be successfully processed" classname="com.github.traderjoe95.mls.protocol.tree.TreeKem" time="0.001"/>
  <testcase name="the update path should be parent-hash valid" classname="com.github.traderjoe95.mls.protocol.tree.TreeKem" time="0.0"/>
  <testcase name="the tree hash after merging the update path should be 2400c99fff9793405ab891b270e4d5c135b6bef834a342b6415e060c1519bdcd" classname="com.github.traderjoe95.mls.protocol.tree.TreeKem" time="0.0"/>
  <testcase name="the decrypted path secret should be 1ce17188fa4a1430658919e735904a8c345109f567f45a1a1c4fdc61b013e469" classname="com.github.traderjoe95.mls.protocol.tree.TreeKem" time="0.0"/>
  <testcase name="a new update path generated by the sender should be successfully processed" classname="com.github.traderjoe95.mls.protocol.tree.TreeKem" time="0.001"/>
  <testcase name="the update path should be parent-hash valid" classname="com.github.traderjoe95.mls.protocol.tree.TreeKem" time="0.0"/>
  <testcase name="the tree hash after merging the update path should be 2400c99fff9793405ab891b270e4d5c135b6bef834a342b6415e060c1519bdcd" classname="com.github.traderjoe95.mls.protocol.tree.TreeKem" time="0.001"/>
  <testcase name="the decrypted path secret should be 1ce17188fa4a1430658919e735904a8c345109f567f45a1a1c4fdc61b013e469" classname="com.github.traderjoe95.mls.protocol.tree.TreeKem" time="0.001"/>
  <testcase name="a new update path generated by the sender should be successfully processed" classname="com.github.traderjoe95.mls.protocol.tree.TreeKem" time="0.001"/>
  <testcase name="the update path should be parent-hash valid" classname="com.github.traderjoe95.mls.protocol.tree.TreeKem" time="0.0"/>
  <testcase name="the tree hash after merging the update path should be c773d5faa1904d8a10864192aac809cc2855b66877c9a809e0e10727d21bffb1" classname="com.github.traderjoe95.mls.protocol.tree.TreeKem" time="0.001"/>
  <testcase name="the decrypted path secret should be 09bd4b6334354eb4620ba44e3c585fa6bfc900d5d670f269a20e9b4499812ede" classname="com.github.traderjoe95.mls.protocol.tree.TreeKem" time="0.001"/>
  <testcase name="a new update path generated by the sender should be successfully processed" classname="com.github.traderjoe95.mls.protocol.tree.TreeKem" time="0.001"/>
  <testcase name="the update path should be parent-hash valid" classname="com.github.traderjoe95.mls.protocol.tree.TreeKem" time="0.0"/>
  <testcase name="the tree hash after merging the update path should be c773d5faa1904d8a10864192aac809cc2855b66877c9a809e0e10727d21bffb1" classname="com.github.traderjoe95.mls.protocol.tree.TreeKem" time="0.0"/>
  <testcase name="the decrypted path secret should be b3c74d15331b3965a8b2887521c4e03985b0ee65f9f39e3560e5e522570f027f" classname="com.github.traderjoe95.mls.protocol.tree.TreeKem" time="0.0"/>
  <testcase name="a new update path generated by the sender should be successfully processed" classname="com.github.traderjoe95.mls.protocol.tree.TreeKem" time="0.0"/>
  <testcase name="the update path should be parent-hash valid" classname="com.github.traderjoe95.mls.protocol.tree.TreeKem" time="0.001"/>
  <testcase name="the tree hash after merging the update path should be c773d5faa1904d8a10864192aac809cc2855b66877c9a809e0e10727d21bffb1" classname="com.github.traderjoe95.mls.protocol.tree.TreeKem" time="0.001"/>
  <testcase name="the decrypted path secret should be dcba5d5a2c5822963ab26e973cb50a03d23b22a9acbfde815e8f49ce6d518fb4" classname="com.github.traderjoe95.mls.protocol.tree.TreeKem" time="0.001"/>
  <testcase name="a new update path generated by the sender should be successfully processed" classname="com.github.traderjoe95.mls.protocol.tree.TreeKem" time="0.001"/>
  <testcase name="the update path should be parent-hash valid" classname="com.github.traderjoe95.mls.protocol.tree.TreeKem" time="0.0"/>
  <testcase name="the tree hash after merging the update path should be c773d5faa1904d8a10864192aac809cc2855b66877c9a809e0e10727d21bffb1" classname="com.github.traderjoe95.mls.protocol.tree.TreeKem" time="0.001"/>
  <testcase name="the decrypted path secret should be dcba5d5a2c5822963ab26e973cb50a03d23b22a9acbfde815e8f49ce6d518fb4" classname="com.github.traderjoe95.mls.protocol.tree.TreeKem" time="0.001"/>
  <testcase name="a new update path generated by the sender should be successfully processed" classname="com.github.traderjoe95.mls.protocol.tree.TreeKem" time="0.001"/>
  <testcase name="the update path should be parent-hash valid" classname="com.github.traderjoe95.mls.protocol.tree.TreeKem" time="0.0"/>
  <testcase name="the tree hash after merging the update path should be c773d5faa1904d8a10864192aac809cc2855b66877c9a809e0e10727d21bffb1" classname="com.github.traderjoe95.mls.protocol.tree.TreeKem" time="0.0"/>
  <testcase name="the decrypted path secret should be dcba5d5a2c5822963ab26e973cb50a03d23b22a9acbfde815e8f49ce6d518fb4" classname="com.github.traderjoe95.mls.protocol.tree.TreeKem" time="0.0"/>
  <testcase name="a new update path generated by the sender should be successfully processed" classname="com.github.traderjoe95.mls.protocol.tree.TreeKem" time="0.0"/>
  <testcase name="the update path should be parent-hash valid" classname="com.github.traderjoe95.mls.protocol.tree.TreeKem" time="0.0"/>
  <testcase name="the tree hash after merging the update path should be c773d5faa1904d8a10864192aac809cc2855b66877c9a809e0e10727d21bffb1" classname="com.github.traderjoe95.mls.protocol.tree.TreeKem" time="0.0"/>
  <testcase name="the decrypted path secret should be dcba5d5a2c5822963ab26e973cb50a03d23b22a9acbfde815e8f49ce6d518fb4" classname="com.github.traderjoe95.mls.protocol.tree.TreeKem" time="0.0"/>
  <testcase name="a new update path generated by the sender should be successfully processed" classname="com.github.traderjoe95.mls.protocol.tree.TreeKem" time="0.0"/>
  <testcase name="the update path should be parent-hash valid" classname="com.github.traderjoe95.mls.protocol.tree.TreeKem" time="0.0"/>
  <testcase name="the tree hash after merging the update path should be 4d28fb6d087d1ae599cef7775b865c02d0c58941cd8635b5199eff06457d2e7f" classname="com.github.traderjoe95.mls.protocol.tree.TreeKem" time="0.0"/>
  <testcase name="the decrypted path secret should be 9b5fd9ae23274797052decc00c03cff8447b93c8156d93430ac7407a2c2a222e" classname="com.github.traderjoe95.mls.protocol.tree.TreeKem" time="0.001"/>
  <testcase name="a new update path generated by the sender should be successfully processed" classname="com.github.traderjoe95.mls.protocol.tree.TreeKem" time="0.001"/>
  <testcase name="the update path should be parent-hash valid" classname="com.github.traderjoe95.mls.protocol.tree.TreeKem" time="0.0"/>
  <testcase name="the tree hash after merging the update path should be 4d28fb6d087d1ae599cef7775b865c02d0c58941cd8635b5199eff06457d2e7f" classname="com.github.traderjoe95.mls.protocol.tree.TreeKem" time="0.0"/>
  <testcase name="the decrypted path secret should be 9b5fd9ae23274797052decc00c03cff8447b93c8156d93430ac7407a2c2a222e" classname="com.github.traderjoe95.mls.protocol.tree.TreeKem" time="0.0"/>
  <testcase name="a new update path generated by the sender should be successfully processed" classname="com.github.traderjoe95.mls.protocol.tree.TreeKem" time="0.001"/>
  <testcase name="the update path should be parent-hash valid" classname="com.github.traderjoe95.mls.protocol.tree.TreeKem" time="0.0"/>
  <testcase name="the tree hash after merging the update path should be 4d28fb6d087d1ae599cef7775b865c02d0c58941cd8635b5199eff06457d2e7f" classname="com.github.traderjoe95.mls.protocol.tree.TreeKem" time="0.001"/>
  <testcase name="the decrypted path secret should be 8395077cf5a6d9d5bb2a77948af9dc7e750851a1451bfaaf79ef148d86a6517b" classname="com.github.traderjoe95.mls.protocol.tree.TreeKem" time="0.001"/>
  <testcase name="a new update path generated by the sender should be successfully processed" classname="com.github.traderjoe95.mls.protocol.tree.TreeKem" time="0.001"/>
  <testcase name="the update path should be parent-hash valid" classname="com.github.traderjoe95.mls.protocol.tree.TreeKem" time="0.001"/>
  <testcase name="the tree hash after merging the update path should be 4d28fb6d087d1ae599cef7775b865c02d0c58941cd8635b5199eff06457d2e7f" classname="com.github.traderjoe95.mls.protocol.tree.TreeKem" time="0.0"/>
  <testcase name="the decrypted path secret should be 8395077cf5a6d9d5bb2a77948af9dc7e750851a1451bfaaf79ef148d86a6517b" classname="com.github.traderjoe95.mls.protocol.tree.TreeKem" time="0.0"/>
  <testcase name="a new update path generated by the sender should be successfully processed" classname="com.github.traderjoe95.mls.protocol.tree.TreeKem" time="0.0"/>
  <testcase name="the update path should be parent-hash valid" classname="com.github.traderjoe95.mls.protocol.tree.TreeKem" time="0.001"/>
  <testcase name="the tree hash after merging the update path should be 4d28fb6d087d1ae599cef7775b865c02d0c58941cd8635b5199eff06457d2e7f" classname="com.github.traderjoe95.mls.protocol.tree.TreeKem" time="0.001"/>
  <testcase name="the decrypted path secret should be 8395077cf5a6d9d5bb2a77948af9dc7e750851a1451bfaaf79ef148d86a6517b" classname="com.github.traderjoe95.mls.protocol.tree.TreeKem" time="0.001"/>
  <testcase name="a new update path generated by the sender should be successfully processed" classname="com.github.traderjoe95.mls.protocol.tree.TreeKem" time="0.001"/>
  <testcase name="the update path should be parent-hash valid" classname="com.github.traderjoe95.mls.protocol.tree.TreeKem" time="0.0"/>
  <testcase name="the tree hash after merging the update path should be 4d28fb6d087d1ae599cef7775b865c02d0c58941cd8635b5199eff06457d2e7f" classname="com.github.traderjoe95.mls.protocol.tree.TreeKem" time="0.0"/>
  <testcase name="the decrypted path secret should be 8395077cf5a6d9d5bb2a77948af9dc7e750851a1451bfaaf79ef148d86a6517b" classname="com.github.traderjoe95.mls.protocol.tree.TreeKem" time="0.0"/>
  <testcase name="a new update path generated by the sender should be successfully processed" classname="com.github.traderjoe95.mls.protocol.tree.TreeKem" time="0.001"/>
  <testcase name="the update path should be parent-hash valid" classname="com.github.traderjoe95.mls.protocol.tree.TreeKem" time="0.0"/>
  <testcase name="the tree hash after merging the update path should be 3ed85b0a0bd43d7a6fe8caaa9a569084b433e966f67d631c76fb17fba0ec3d34" classname="com.github.traderjoe95.mls.protocol.tree.TreeKem" time="0.0"/>
  <testcase name="the decrypted path secret should be 6c4cbeac0c55e9492c6cbd3c3d5dfe8a0ba6786b65f69175ce171dc5c69e2431" classname="com.github.traderjoe95.mls.protocol.tree.TreeKem" time="0.001"/>
  <testcase name="a new update path generated by the sender should be successfully processed" classname="com.github.traderjoe95.mls.protocol.tree.TreeKem" time="0.0"/>
  <testcase name="the update path should be parent-hash valid" classname="com.github.traderjoe95.mls.protocol.tree.TreeKem" time="0.0"/>
  <testcase name="the tree hash after merging the update path should be 3ed85b0a0bd43d7a6fe8caaa9a569084b433e966f67d631c76fb17fba0ec3d34" classname="com.github.traderjoe95.mls.protocol.tree.TreeKem" time="0.0"/>
  <testcase name="the decrypted path secret should be 6c4cbeac0c55e9492c6cbd3c3d5dfe8a0ba6786b65f69175ce171dc5c69e2431" classname="com.github.traderjoe95.mls.protocol.tree.TreeKem" time="0.0"/>
  <testcase name="a new update path generated by the sender should be successfully processed" classname="com.github.traderjoe95.mls.protocol.tree.TreeKem" time="0.0"/>
  <testcase name="the update path should be parent-hash valid" classname="com.github.traderjoe95.mls.protocol.tree.TreeKem" time="0.0"/>
  <testcase name="the tree hash after merging the update path should be 3ed85b0a0bd43d7a6fe8caaa9a569084b433e966f67d631c76fb17fba0ec3d34" classname="com.github.traderjoe95.mls.protocol.tree.TreeKem" time="0.0"/>
  <testcase name="the decrypted path secret should be 6c4cbeac0c55e9492c6cbd3c3d5dfe8a0ba6786b65f69175ce171dc5c69e2431" classname="com.github.traderjoe95.mls.protocol.tree.TreeKem" time="0.0"/>
  <testcase name="a new update path generated by the sender should be successfully processed" classname="com.github.traderjoe95.mls.protocol.tree.TreeKem" time="0.0"/>
  <testcase name="the update path should be parent-hash valid" classname="com.github.traderjoe95.mls.protocol.tree.TreeKem" time="0.001"/>
  <testcase name="the tree hash after merging the update path should be 3ed85b0a0bd43d7a6fe8caaa9a569084b433e966f67d631c76fb17fba0ec3d34" classname="com.github.traderjoe95.mls.protocol.tree.TreeKem" time="0.0"/>
  <testcase name="the decrypted path secret should be 89e9cc4a6a72dbf1554bc73ff0eb84448660e0c2bd22f7888dc7364335ca7b46" classname="com.github.traderjoe95.mls.protocol.tree.TreeKem" time="0.0"/>
  <testcase name="a new update path generated by the sender should be successfully processed" classname="com.github.traderjoe95.mls.protocol.tree.TreeKem" time="0.0"/>
  <testcase name="the update path should be parent-hash valid" classname="com.github.traderjoe95.mls.protocol.tree.TreeKem" time="0.001"/>
  <testcase name="the tree hash after merging the update path should be 3ed85b0a0bd43d7a6fe8caaa9a569084b433e966f67d631c76fb17fba0ec3d34" classname="com.github.traderjoe95.mls.protocol.tree.TreeKem" time="0.0"/>
  <testcase name="the decrypted path secret should be 6490e7293602e8b18558ab0c58ca0c9a91aa18ea25527cfb546603995d3700e5" classname="com.github.traderjoe95.mls.protocol.tree.TreeKem" time="0.0"/>
  <testcase name="a new update path generated by the sender should be successfully processed" classname="com.github.traderjoe95.mls.protocol.tree.TreeKem" time="0.001"/>
  <testcase name="the update path should be parent-hash valid" classname="com.github.traderjoe95.mls.protocol.tree.TreeKem" time="0.001"/>
  <testcase name="the tree hash after merging the update path should be 3ed85b0a0bd43d7a6fe8caaa9a569084b433e966f67d631c76fb17fba0ec3d34" classname="com.github.traderjoe95.mls.protocol.tree.TreeKem" time="0.001"/>
  <testcase name="the decrypted path secret should be 6490e7293602e8b18558ab0c58ca0c9a91aa18ea25527cfb546603995d3700e5" classname="com.github.traderjoe95.mls.protocol.tree.TreeKem" time="0.001"/>
  <testcase name="a new update path generated by the sender should be successfully processed" classname="com.github.traderjoe95.mls.protocol.tree.TreeKem" time="0.001"/>
  <testcase name="the update path should be parent-hash valid" classname="com.github.traderjoe95.mls.protocol.tree.TreeKem" time="0.0"/>
  <testcase name="the tree hash after merging the update path should be 420b8ccc40518e38b01b6846640be16f3154644cf2b16b47d80c47e5d33a9d9f" classname="com.github.traderjoe95.mls.protocol.tree.TreeKem" time="0.0"/>
  <testcase name="the decrypted path secret should be 2633d17037ce06e7b2c1e4917423536c1e91d36ad0c8a4414c76ae2d5db6e29d" classname="com.github.traderjoe95.mls.protocol.tree.TreeKem" time="0.0"/>
  <testcase name="a new update path generated by the sender should be successfully processed" classname="com.github.traderjoe95.mls.protocol.tree.TreeKem" time="0.001"/>
  <testcase name="the update path should be parent-hash valid" classname="com.github.traderjoe95.mls.protocol.tree.TreeKem" time="0.001"/>
  <testcase name="the tree hash after merging the update path should be 420b8ccc40518e38b01b6846640be16f3154644cf2b16b47d80c47e5d33a9d9f" classname="com.github.traderjoe95.mls.protocol.tree.TreeKem" time="0.001"/>
  <testcase name="the decrypted path secret should be 2633d17037ce06e7b2c1e4917423536c1e91d36ad0c8a4414c76ae2d5db6e29d" classname="com.github.traderjoe95.mls.protocol.tree.TreeKem" time="0.001"/>
  <testcase name="a new update path generated by the sender should be successfully processed" classname="com.github.traderjoe95.mls.protocol.tree.TreeKem" time="0.001"/>
  <testcase name="the update path should be parent-hash valid" classname="com.github.traderjoe95.mls.protocol.tree.TreeKem" time="0.0"/>
  <testcase name="the tree hash after merging the update path should be 420b8ccc40518e38b01b6846640be16f3154644cf2b16b47d80c47e5d33a9d9f" classname="com.github.traderjoe95.mls.protocol.tree.TreeKem" time="0.0"/>
  <testcase name="the decrypted path secret should be 2633d17037ce06e7b2c1e4917423536c1e91d36ad0c8a4414c76ae2d5db6e29d" classname="com.github.traderjoe95.mls.protocol.tree.TreeKem" time="0.0"/>
  <testcase name="a new update path generated by the sender should be successfully processed" classname="com.github.traderjoe95.mls.protocol.tree.TreeKem" time="0.0"/>
  <testcase name="the update path should be parent-hash valid" classname="com.github.traderjoe95.mls.protocol.tree.TreeKem" time="0.0"/>
  <testcase name="the tree hash after merging the update path should be 420b8ccc40518e38b01b6846640be16f3154644cf2b16b47d80c47e5d33a9d9f" classname="com.github.traderjoe95.mls.protocol.tree.TreeKem" time="0.001"/>
  <testcase name="the decrypted path secret should be f010ddff040808ba453c41f677bc2d63a64d6eb5953c1ace52facb520ed65cc8" classname="com.github.traderjoe95.mls.protocol.tree.TreeKem" time="0.001"/>
  <testcase name="a new update path generated by the sender should be successfully processed" classname="com.github.traderjoe95.mls.protocol.tree.TreeKem" time="0.001"/>
  <testcase name="the update path should be parent-hash valid" classname="com.github.traderjoe95.mls.protocol.tree.TreeKem" time="0.0"/>
  <testcase name="the tree hash after merging the update path should be 420b8ccc40518e38b01b6846640be16f3154644cf2b16b47d80c47e5d33a9d9f" classname="com.github.traderjoe95.mls.protocol.tree.TreeKem" time="0.0"/>
  <testcase name="the decrypted path secret should be c85a3b0d50aa3937b624f93e059eacf682219ec05d8b8dbdbf7688ae93390c72" classname="com.github.traderjoe95.mls.protocol.tree.TreeKem" time="0.0"/>
  <testcase name="a new update path generated by the sender should be successfully processed" classname="com.github.traderjoe95.mls.protocol.tree.TreeKem" time="0.0"/>
  <testcase name="the update path should be parent-hash valid" classname="com.github.traderjoe95.mls.protocol.tree.TreeKem" time="0.001"/>
  <testcase name="the tree hash after merging the update path should be 420b8ccc40518e38b01b6846640be16f3154644cf2b16b47d80c47e5d33a9d9f" classname="com.github.traderjoe95.mls.protocol.tree.TreeKem" time="0.0"/>
  <testcase name="the decrypted path secret should be c85a3b0d50aa3937b624f93e059eacf682219ec05d8b8dbdbf7688ae93390c72" classname="com.github.traderjoe95.mls.protocol.tree.TreeKem" time="0.0"/>
  <testcase name="a new update path generated by the sender should be successfully processed" classname="com.github.traderjoe95.mls.protocol.tree.TreeKem" time="0.0"/>
  <testcase name="the update path should be parent-hash valid" classname="com.github.traderjoe95.mls.protocol.tree.TreeKem" time="0.001"/>
  <testcase name="the tree hash after merging the update path should be 901fafaa77f31fc737290884cbd786ba8e1175cc60a0fe4200a45d4c8a9bf316" classname="com.github.traderjoe95.mls.protocol.tree.TreeKem" time="0.0"/>
  <testcase name="the decrypted path secret should be d5f029cb77d7a74194080dc62c21c9b17794043de6f33b973dc13300c0d236c6" classname="com.github.traderjoe95.mls.protocol.tree.TreeKem" time="0.0"/>
  <testcase name="a new update path generated by the sender should be successfully processed" classname="com.github.traderjoe95.mls.protocol.tree.TreeKem" time="0.001"/>
  <testcase name="the update path should be parent-hash valid" classname="com.github.traderjoe95.mls.protocol.tree.TreeKem" time="0.0"/>
  <testcase name="the tree hash after merging the update path should be 901fafaa77f31fc737290884cbd786ba8e1175cc60a0fe4200a45d4c8a9bf316" classname="com.github.traderjoe95.mls.protocol.tree.TreeKem" time="0.001"/>
  <testcase name="the decrypted path secret should be d5f029cb77d7a74194080dc62c21c9b17794043de6f33b973dc13300c0d236c6" classname="com.github.traderjoe95.mls.protocol.tree.TreeKem" time="0.001"/>
  <testcase name="a new update path generated by the sender should be successfully processed" classname="com.github.traderjoe95.mls.protocol.tree.TreeKem" time="0.001"/>
  <testcase name="the update path should be parent-hash valid" classname="com.github.traderjoe95.mls.protocol.tree.TreeKem" time="0.0"/>
  <testcase name="the tree hash after merging the update path should be 901fafaa77f31fc737290884cbd786ba8e1175cc60a0fe4200a45d4c8a9bf316" classname="com.github.traderjoe95.mls.protocol.tree.TreeKem" time="0.001"/>
  <testcase name="the decrypted path secret should be d5f029cb77d7a74194080dc62c21c9b17794043de6f33b973dc13300c0d236c6" classname="com.github.traderjoe95.mls.protocol.tree.TreeKem" time="0.0"/>
  <testcase name="a new update path generated by the sender should be successfully processed" classname="com.github.traderjoe95.mls.protocol.tree.TreeKem" time="0.001"/>
  <testcase name="the update path should be parent-hash valid" classname="com.github.traderjoe95.mls.protocol.tree.TreeKem" time="0.0"/>
  <testcase name="the tree hash after merging the update path should be 901fafaa77f31fc737290884cbd786ba8e1175cc60a0fe4200a45d4c8a9bf316" classname="com.github.traderjoe95.mls.protocol.tree.TreeKem" time="0.0"/>
  <testcase name="the decrypted path secret should be bc208e83f662e50b9a6b523cd8cf0279a115d8aab532ef135f3839bfda434934" classname="com.github.traderjoe95.mls.protocol.tree.TreeKem" time="0.001"/>
  <testcase name="a new update path generated by the sender should be successfully processed" classname="com.github.traderjoe95.mls.protocol.tree.TreeKem" time="0.001"/>
  <testcase name="the update path should be parent-hash valid" classname="com.github.traderjoe95.mls.protocol.tree.TreeKem" time="0.0"/>
  <testcase name="the tree hash after merging the update path should be 901fafaa77f31fc737290884cbd786ba8e1175cc60a0fe4200a45d4c8a9bf316" classname="com.github.traderjoe95.mls.protocol.tree.TreeKem" time="0.0"/>
  <testcase name="the decrypted path secret should be bc208e83f662e50b9a6b523cd8cf0279a115d8aab532ef135f3839bfda434934" classname="com.github.traderjoe95.mls.protocol.tree.TreeKem" time="0.001"/>
  <testcase name="a new update path generated by the sender should be successfully processed" classname="com.github.traderjoe95.mls.protocol.tree.TreeKem" time="0.001"/>
  <testcase name="the update path should be parent-hash valid" classname="com.github.traderjoe95.mls.protocol.tree.TreeKem" time="0.001"/>
  <testcase name="the tree hash after merging the update path should be 901fafaa77f31fc737290884cbd786ba8e1175cc60a0fe4200a45d4c8a9bf316" classname="com.github.traderjoe95.mls.protocol.tree.TreeKem" time="0.001"/>
  <testcase name="the decrypted path secret should be 585df67738238eca736f7efdff2071ca028c923e10e2b99fbd053a10bd14825c" classname="com.github.traderjoe95.mls.protocol.tree.TreeKem" time="0.0"/>
  <testcase name="a new update path generated by the sender should be successfully processed" classname="com.github.traderjoe95.mls.protocol.tree.TreeKem" time="0.001"/>
  <testcase name="the update path should be parent-hash valid" classname="com.github.traderjoe95.mls.protocol.tree.TreeKem" time="0.0"/>
  <testcase name="the tree hash after merging the update path should be 8c72b1ae5fb77270e67c535edb06e48c8f49ea9c8053f42bf989513f06be0129" classname="com.github.traderjoe95.mls.protocol.tree.TreeKem" time="0.0"/>
  <testcase name="the decrypted path secret should be bc018e7a132a4ac7c3ce881618ed8817e2628c5e7ebc2253e196ed965f177335" classname="com.github.traderjoe95.mls.protocol.tree.TreeKem" time="0.0"/>
  <testcase name="a new update path generated by the sender should be successfully processed" classname="com.github.traderjoe95.mls.protocol.tree.TreeKem" time="0.0"/>
  <testcase name="the update path should be parent-hash valid" classname="com.github.traderjoe95.mls.protocol.tree.TreeKem" time="0.0"/>
  <testcase name="the tree hash after merging the update path should be 8c72b1ae5fb77270e67c535edb06e48c8f49ea9c8053f42bf989513f06be0129" classname="com.github.traderjoe95.mls.protocol.tree.TreeKem" time="0.001"/>
  <testcase name="the decrypted path secret should be bc018e7a132a4ac7c3ce881618ed8817e2628c5e7ebc2253e196ed965f177335" classname="com.github.traderjoe95.mls.protocol.tree.TreeKem" time="0.001"/>
  <testcase name="a new update path generated by the sender should be successfully processed" classname="com.github.traderjoe95.mls.protocol.tree.TreeKem" time="0.001"/>
  <testcase name="the update path should be parent-hash valid" classname="com.github.traderjoe95.mls.protocol.tree.TreeKem" time="0.001"/>
  <testcase name="the tree hash after merging the update path should be 8c72b1ae5fb77270e67c535edb06e48c8f49ea9c8053f42bf989513f06be0129" classname="com.github.traderjoe95.mls.protocol.tree.TreeKem" time="0.0"/>
  <testcase name="the decrypted path secret should be bc018e7a132a4ac7c3ce881618ed8817e2628c5e7ebc2253e196ed965f177335" classname="com.github.traderjoe95.mls.protocol.tree.TreeKem" time="0.0"/>
  <testcase name="a new update path generated by the sender should be successfully processed" classname="com.github.traderjoe95.mls.protocol.tree.TreeKem" time="0.001"/>
  <testcase name="the update path should be parent-hash valid" classname="com.github.traderjoe95.mls.protocol.tree.TreeKem" time="0.0"/>
  <testcase name="the tree hash after merging the update path should be 8c72b1ae5fb77270e67c535edb06e48c8f49ea9c8053f42bf989513f06be0129" classname="com.github.traderjoe95.mls.protocol.tree.TreeKem" time="0.0"/>
  <testcase name="the decrypted path secret should be 35dd451693644e567e90e86a22b779b93a9b2a4f874574b117222b2b865bbcb0" classname="com.github.traderjoe95.mls.protocol.tree.TreeKem" time="0.0"/>
  <testcase name="a new update path generated by the sender should be successfully processed" classname="com.github.traderjoe95.mls.protocol.tree.TreeKem" time="0.0"/>
  <testcase name="the update path should be parent-hash valid" classname="com.github.traderjoe95.mls.protocol.tree.TreeKem" time="0.001"/>
  <testcase name="the tree hash after merging the update path should be 8c72b1ae5fb77270e67c535edb06e48c8f49ea9c8053f42bf989513f06be0129" classname="com.github.traderjoe95.mls.protocol.tree.TreeKem" time="0.001"/>
  <testcase name="the decrypted path secret should be 35dd451693644e567e90e86a22b779b93a9b2a4f874574b117222b2b865bbcb0" classname="com.github.traderjoe95.mls.protocol.tree.TreeKem" time="0.001"/>
  <testcase name="a new update path generated by the sender should be successfully processed" classname="com.github.traderjoe95.mls.protocol.tree.TreeKem" time="0.001"/>
  <testcase name="the update path should be parent-hash valid" classname="com.github.traderjoe95.mls.protocol.tree.TreeKem" time="0.0"/>
  <testcase name="the tree hash after merging the update path should be 8c72b1ae5fb77270e67c535edb06e48c8f49ea9c8053f42bf989513f06be0129" classname="com.github.traderjoe95.mls.protocol.tree.TreeKem" time="0.0"/>
  <testcase name="the decrypted path secret should be c6d8f4777755e9a6268095024cea7b2e8f9a3e491c6e805b3cdf2747b56dc80c" classname="com.github.traderjoe95.mls.protocol.tree.TreeKem" time="0.001"/>
  <testcase name="a new update path generated by the sender should be successfully processed" classname="com.github.traderjoe95.mls.protocol.tree.TreeKem" time="0.001"/>
  <testcase name="non-blank leaf 0 should be consistent with the public state" classname="com.github.traderjoe95.mls.protocol.tree.TreeKem" time="0.001"/>
  <testcase name="non-blank leaf 4 should be consistent with the public state" classname="com.github.traderjoe95.mls.protocol.tree.TreeKem" time="0.001"/>
  <testcase name="non-blank leaf 5 should be consistent with the public state" classname="com.github.traderjoe95.mls.protocol.tree.TreeKem" time="0.001"/>
  <testcase name="non-blank leaf 6 should be consistent with the public state" classname="com.github.traderjoe95.mls.protocol.tree.TreeKem" time="0.001"/>
  <testcase name="non-blank leaf 7 should be consistent with the public state" classname="com.github.traderjoe95.mls.protocol.tree.TreeKem" time="0.0"/>
  <testcase name="the update path should be parent-hash valid" classname="com.github.traderjoe95.mls.protocol.tree.TreeKem" time="0.0"/>
  <testcase name="the tree hash after merging the update path should be 8b54594c7071f57edb7a5236fda21a9d0485ffea7074ddbd018b288905b9a527" classname="com.github.traderjoe95.mls.protocol.tree.TreeKem" time="0.0"/>
  <testcase name="the decrypted path secret should be 6063690454466fb89c8071d3d96b832ee10100ad12444e499e7e85ae50752953" classname="com.github.traderjoe95.mls.protocol.tree.TreeKem" time="0.0"/>
  <testcase name="a new update path generated by the sender should be successfully processed" classname="com.github.traderjoe95.mls.protocol.tree.TreeKem" time="0.0"/>
  <testcase name="the update path should be parent-hash valid" classname="com.github.traderjoe95.mls.protocol.tree.TreeKem" time="0.0"/>
  <testcase name="the tree hash after merging the update path should be 8b54594c7071f57edb7a5236fda21a9d0485ffea7074ddbd018b288905b9a527" classname="com.github.traderjoe95.mls.protocol.tree.TreeKem" time="0.0"/>
  <testcase name="the decrypted path secret should be 6063690454466fb89c8071d3d96b832ee10100ad12444e499e7e85ae50752953" classname="com.github.traderjoe95.mls.protocol.tree.TreeKem" time="0.001"/>
  <testcase name="a new update path generated by the sender should be successfully processed" classname="com.github.traderjoe95.mls.protocol.tree.TreeKem" time="0.001"/>
  <testcase name="the update path should be parent-hash valid" classname="com.github.traderjoe95.mls.protocol.tree.TreeKem" time="0.0"/>
  <testcase name="the tree hash after merging the update path should be 8b54594c7071f57edb7a5236fda21a9d0485ffea7074ddbd018b288905b9a527" classname="com.github.traderjoe95.mls.protocol.tree.TreeKem" time="0.0"/>
  <testcase name="the decrypted path secret should be 6063690454466fb89c8071d3d96b832ee10100ad12444e499e7e85ae50752953" classname="com.github.traderjoe95.mls.protocol.tree.TreeKem" time="0.001"/>
  <testcase name="a new update path generated by the sender should be successfully processed" classname="com.github.traderjoe95.mls.protocol.tree.TreeKem" time="0.001"/>
  <testcase name="the update path should be parent-hash valid" classname="com.github.traderjoe95.mls.protocol.tree.TreeKem" time="0.0"/>
  <testcase name="the tree hash after merging the update path should be 8b54594c7071f57edb7a5236fda21a9d0485ffea7074ddbd018b288905b9a527" classname="com.github.traderjoe95.mls.protocol.tree.TreeKem" time="0.0"/>
  <testcase name="the decrypted path secret should be 6063690454466fb89c8071d3d96b832ee10100ad12444e499e7e85ae50752953" classname="com.github.traderjoe95.mls.protocol.tree.TreeKem" time="0.0"/>
  <testcase name="a new update path generated by the sender should be successfully processed" classname="com.github.traderjoe95.mls.protocol.tree.TreeKem" time="0.0"/>
  <testcase name="the update path should be parent-hash valid" classname="com.github.traderjoe95.mls.protocol.tree.TreeKem" time="0.001"/>
  <testcase name="the tree hash after merging the update path should be b72b00e8899cbcc675a18717ddeea434192504e6151e56ff6757ac4bbb3d791f" classname="com.github.traderjoe95.mls.protocol.tree.TreeKem" time="0.0"/>
  <testcase name="the decrypted path secret should be 000727e11b52867669dd1d8e4b312d1105d48f9b3e18e1f89bc10a389f82336a" classname="com.github.traderjoe95.mls.protocol.tree.TreeKem" time="0.0"/>
  <testcase name="a new update path generated by the sender should be successfully processed" classname="com.github.traderjoe95.mls.protocol.tree.TreeKem" time="0.001"/>
  <testcase name="the update path should be parent-hash valid" classname="com.github.traderjoe95.mls.protocol.tree.TreeKem" time="0.0"/>
  <testcase name="the tree hash after merging the update path should be b72b00e8899cbcc675a18717ddeea434192504e6151e56ff6757ac4bbb3d791f" classname="com.github.traderjoe95.mls.protocol.tree.TreeKem" time="0.001"/>
  <testcase name="the decrypted path secret should be 621edc01e1e4566645c09b0da7d16b48805be82b77278f9a4b0e319b8036ada6" classname="com.github.traderjoe95.mls.protocol.tree.TreeKem" time="0.001"/>
  <testcase name="a new update path generated by the sender should be successfully processed" classname="com.github.traderjoe95.mls.protocol.tree.TreeKem" time="0.001"/>
  <testcase name="the update path should be parent-hash valid" classname="com.github.traderjoe95.mls.protocol.tree.TreeKem" time="0.0"/>
  <testcase name="the tree hash after merging the update path should be b72b00e8899cbcc675a18717ddeea434192504e6151e56ff6757ac4bbb3d791f" classname="com.github.traderjoe95.mls.protocol.tree.TreeKem" time="0.0"/>
  <testcase name="the decrypted path secret should be 4595d8affdd0e072ec33cd41776d4ee74d43e1c492f7cb18fab48f387f61603a" classname="com.github.traderjoe95.mls.protocol.tree.TreeKem" time="0.0"/>
  <testcase name="a new update path generated by the sender should be successfully processed" classname="com.github.traderjoe95.mls.protocol.tree.TreeKem" time="0.0"/>
  <testcase name="the update path should be parent-hash valid" classname="com.github.traderjoe95.mls.protocol.tree.TreeKem" time="0.0"/>
  <testcase name="the tree hash after merging the update path should be b72b00e8899cbcc675a18717ddeea434192504e6151e56ff6757ac4bbb3d791f" classname="com.github.traderjoe95.mls.protocol.tree.TreeKem" time="0.0"/>
  <testcase name="the decrypted path secret should be 4595d8affdd0e072ec33cd41776d4ee74d43e1c492f7cb18fab48f387f61603a" classname="com.github.traderjoe95.mls.protocol.tree.TreeKem" time="0.001"/>
  <testcase name="a new update path generated by the sender should be successfully processed" classname="com.github.traderjoe95.mls.protocol.tree.TreeKem" time="0.001"/>
  <testcase name="the update path should be parent-hash valid" classname="com.github.traderjoe95.mls.protocol.tree.TreeKem" time="0.0"/>
  <testcase name="the tree hash after merging the update path should be cb146e49cfb782c3c5e93b64ce001e96f2354c73d89134f5bc7d2e33d913e387" classname="com.github.traderjoe95.mls.protocol.tree.TreeKem" time="0.0"/>
  <testcase name="the decrypted path secret should be 654e003dadf487223f962c00440337d303bb227c3fa55418eb0e468aef62bc7d" classname="com.github.traderjoe95.mls.protocol.tree.TreeKem" time="0.0"/>
  <testcase name="a new update path generated by the sender should be successfully processed" classname="com.github.traderjoe95.mls.protocol.tree.TreeKem" time="0.0"/>
  <testcase name="the update path should be parent-hash valid" classname="com.github.traderjoe95.mls.protocol.tree.TreeKem" time="0.001"/>
  <testcase name="the tree hash after merging the update path should be cb146e49cfb782c3c5e93b64ce001e96f2354c73d89134f5bc7d2e33d913e387" classname="com.github.traderjoe95.mls.protocol.tree.TreeKem" time="0.0"/>
  <testcase name="the decrypted path secret should be dc62fd450094616e1ce16b1b43acbe1eb03bf1689a86c6b9f09b95b8acca9ab6" classname="com.github.traderjoe95.mls.protocol.tree.TreeKem" time="0.0"/>
  <testcase name="a new update path generated by the sender should be successfully processed" classname="com.github.traderjoe95.mls.protocol.tree.TreeKem" time="0.0"/>
  <testcase name="the update path should be parent-hash valid" classname="com.github.traderjoe95.mls.protocol.tree.TreeKem" time="0.0"/>
  <testcase name="the tree hash after merging the update path should be cb146e49cfb782c3c5e93b64ce001e96f2354c73d89134f5bc7d2e33d913e387" classname="com.github.traderjoe95.mls.protocol.tree.TreeKem" time="0.001"/>
  <testcase name="the decrypted path secret should be 63028722ba295bd25de31ef146f1be16c7842904047ff02e1ad1cec095c276e0" classname="com.github.traderjoe95.mls.protocol.tree.TreeKem" time="0.001"/>
  <testcase name="a new update path generated by the sender should be successfully processed" classname="com.github.traderjoe95.mls.protocol.tree.TreeKem" time="0.001"/>
  <testcase name="the update path should be parent-hash valid" classname="com.github.traderjoe95.mls.protocol.tree.TreeKem" time="0.0"/>
  <testcase name="the tree hash after merging the update path should be cb146e49cfb782c3c5e93b64ce001e96f2354c73d89134f5bc7d2e33d913e387" classname="com.github.traderjoe95.mls.protocol.tree.TreeKem" time="0.0"/>
  <testcase name="the decrypted path secret should be 63028722ba295bd25de31ef146f1be16c7842904047ff02e1ad1cec095c276e0" classname="com.github.traderjoe95.mls.protocol.tree.TreeKem" time="0.0"/>
  <testcase name="a new update path generated by the sender should be successfully processed" classname="com.github.traderjoe95.mls.protocol.tree.TreeKem" time="0.0"/>
  <testcase name="the update path should be parent-hash valid" classname="com.github.traderjoe95.mls.protocol.tree.TreeKem" time="0.0"/>
  <testcase name="the tree hash after merging the update path should be 28ced2244bfe01fa437d15726a119a03e472c551a537a26023e6e841cf1505eb" classname="com.github.traderjoe95.mls.protocol.tree.TreeKem" time="0.001"/>
  <testcase name="the decrypted path secret should be 13788cdaff1dac72aa58591eda50acdb76fb262294f148f30f3c71338517d062" classname="com.github.traderjoe95.mls.protocol.tree.TreeKem" time="0.001"/>
  <testcase name="a new update path generated by the sender should be successfully processed" classname="com.github.traderjoe95.mls.protocol.tree.TreeKem" time="0.001"/>
  <testcase name="the update path should be parent-hash valid" classname="com.github.traderjoe95.mls.protocol.tree.TreeKem" time="0.0"/>
  <testcase name="the tree hash after merging the update path should be 28ced2244bfe01fa437d15726a119a03e472c551a537a26023e6e841cf1505eb" classname="com.github.traderjoe95.mls.protocol.tree.TreeKem" time="0.001"/>
  <testcase name="the decrypted path secret should be bcfdac3cd026215dce402cce0ced2a4352b4a4b7324b1859e165cb1f0468662a" classname="com.github.traderjoe95.mls.protocol.tree.TreeKem" time="0.001"/>
  <testcase name="a new update path generated by the sender should be successfully processed" classname="com.github.traderjoe95.mls.protocol.tree.TreeKem" time="0.001"/>
  <testcase name="the update path should be parent-hash valid" classname="com.github.traderjoe95.mls.protocol.tree.TreeKem" time="0.0"/>
  <testcase name="the tree hash after merging the update path should be 28ced2244bfe01fa437d15726a119a03e472c551a537a26023e6e841cf1505eb" classname="com.github.traderjoe95.mls.protocol.tree.TreeKem" time="0.0"/>
  <testcase name="the decrypted path secret should be bcfdac3cd026215dce402cce0ced2a4352b4a4b7324b1859e165cb1f0468662a" classname="com.github.traderjoe95.mls.protocol.tree.TreeKem" time="0.0"/>
  <testcase name="a new update path generated by the sender should be successfully processed" classname="com.github.traderjoe95.mls.protocol.tree.TreeKem" time="0.0"/>
  <testcase name="the update path should be parent-hash valid" classname="com.github.traderjoe95.mls.protocol.tree.TreeKem" time="0.0"/>
  <testcase name="the tree hash after merging the update path should be 28ced2244bfe01fa437d15726a119a03e472c551a537a26023e6e841cf1505eb" classname="com.github.traderjoe95.mls.protocol.tree.TreeKem" time="0.0"/>
  <testcase name="the decrypted path secret should be 097130a54458141cb2b7da9a30c7cbce3c561f7919d74378231b4dcde0b9a6ae" classname="com.github.traderjoe95.mls.protocol.tree.TreeKem" time="0.0"/>
  <testcase name="a new update path generated by the sender should be successfully processed" classname="com.github.traderjoe95.mls.protocol.tree.TreeKem" time="0.0"/>
  <testcase name="the update path should be parent-hash valid" classname="com.github.traderjoe95.mls.protocol.tree.TreeKem" time="0.0"/>
  <testcase name="the tree hash after merging the update path should be 6aea7565854a3d38fc38ce622c9c44b55e337b423f69e88c825321746361b644" classname="com.github.traderjoe95.mls.protocol.tree.TreeKem" time="0.001"/>
  <testcase name="the decrypted path secret should be 8253f8a90762c5cf856ed869c5c174e8e5302e8ffc7a761ee3316b1a29d2ec23" classname="com.github.traderjoe95.mls.protocol.tree.TreeKem" time="0.001"/>
  <testcase name="a new update path generated by the sender should be successfully processed" classname="com.github.traderjoe95.mls.protocol.tree.TreeKem" time="0.001"/>
  <testcase name="the update path should be parent-hash valid" classname="com.github.traderjoe95.mls.protocol.tree.TreeKem" time="0.001"/>
  <testcase name="the tree hash after merging the update path should be 6aea7565854a3d38fc38ce622c9c44b55e337b423f69e88c825321746361b644" classname="com.github.traderjoe95.mls.protocol.tree.TreeKem" time="0.0"/>
  <testcase name="the decrypted path secret should be 48ca1798e16787cd3c16f386579636c5562b305c83a84a4ab3071ce768870912" classname="com.github.traderjoe95.mls.protocol.tree.TreeKem" time="0.0"/>
  <testcase name="a new update path generated by the sender should be successfully processed" classname="com.github.traderjoe95.mls.protocol.tree.TreeKem" time="0.0"/>
  <testcase name="the update path should be parent-hash valid" classname="com.github.traderjoe95.mls.protocol.tree.TreeKem" time="0.0"/>
  <testcase name="the tree hash after merging the update path should be 6aea7565854a3d38fc38ce622c9c44b55e337b423f69e88c825321746361b644" classname="com.github.traderjoe95.mls.protocol.tree.TreeKem" time="0.0"/>
  <testcase name="the decrypted path secret should be 48ca1798e16787cd3c16f386579636c5562b305c83a84a4ab3071ce768870912" classname="com.github.traderjoe95.mls.protocol.tree.TreeKem" time="0.001"/>
  <testcase name="a new update path generated by the sender should be successfully processed" classname="com.github.traderjoe95.mls.protocol.tree.TreeKem" time="0.001"/>
  <testcase name="the update path should be parent-hash valid" classname="com.github.traderjoe95.mls.protocol.tree.TreeKem" time="0.0"/>
  <testcase name="the tree hash after merging the update path should be 6aea7565854a3d38fc38ce622c9c44b55e337b423f69e88c825321746361b644" classname="com.github.traderjoe95.mls.protocol.tree.TreeKem" time="0.001"/>
  <testcase name="the decrypted path secret should be 653470c099f0db9347f18c756f8e90d62f89ae45622b5b947eea1ddf61c6503a" classname="com.github.traderjoe95.mls.protocol.tree.TreeKem" time="0.0"/>
  <testcase name="a new update path generated by the sender should be successfully processed" classname="com.github.traderjoe95.mls.protocol.tree.TreeKem" time="0.001"/>
  <testcase name="non-blank leaf 0 should be consistent with the public state" classname="com.github.traderjoe95.mls.protocol.tree.TreeKem" time="0.001"/>
  <testcase name="non-blank leaf 1 should be consistent with the public state" classname="com.github.traderjoe95.mls.protocol.tree.TreeKem" time="0.001"/>
  <testcase name="non-blank leaf 2 should be consistent with the public state" classname="com.github.traderjoe95.mls.protocol.tree.TreeKem" time="0.0"/>
  <testcase name="non-blank leaf 3 should be consistent with the public state" classname="com.github.traderjoe95.mls.protocol.tree.TreeKem" time="0.0"/>
  <testcase name="non-blank leaf 4 should be consistent with the public state" classname="com.github.traderjoe95.mls.protocol.tree.TreeKem" time="0.001"/>
  <testcase name="non-blank leaf 5 should be consistent with the public state" classname="com.github.traderjoe95.mls.protocol.tree.TreeKem" time="0.001"/>
  <testcase name="non-blank leaf 6 should be consistent with the public state" classname="com.github.traderjoe95.mls.protocol.tree.TreeKem" time="0.0"/>
  <testcase name="non-blank leaf 7 should be consistent with the public state" classname="com.github.traderjoe95.mls.protocol.tree.TreeKem" time="0.0"/>
  <testcase name="the update path should be parent-hash valid" classname="com.github.traderjoe95.mls.protocol.tree.TreeKem" time="0.001"/>
  <testcase name="the tree hash after merging the update path should be ec8a9f12a1a016641500aa4d64b76bb9ace32558523dcaf0d324d7e986f178b0" classname="com.github.traderjoe95.mls.protocol.tree.TreeKem" time="0.001"/>
  <testcase name="the decrypted path secret should be a1067a70ccb8672582410bb35f126227572eca424be0f9b83964774a167e391f" classname="com.github.traderjoe95.mls.protocol.tree.TreeKem" time="0.001"/>
  <testcase name="a new update path generated by the sender should be successfully processed" classname="com.github.traderjoe95.mls.protocol.tree.TreeKem" time="0.001"/>
  <testcase name="the update path should be parent-hash valid" classname="com.github.traderjoe95.mls.protocol.tree.TreeKem" time="0.0"/>
  <testcase name="the tree hash after merging the update path should be ec8a9f12a1a016641500aa4d64b76bb9ace32558523dcaf0d324d7e986f178b0" classname="com.github.traderjoe95.mls.protocol.tree.TreeKem" time="0.001"/>
  <testcase name="the decrypted path secret should be 859ed9c82cccf746e8839f9333048ec8ce6895ade547e6a29055d428083c4a44" classname="com.github.traderjoe95.mls.protocol.tree.TreeKem" time="0.001"/>
  <testcase name="a new update path generated by the sender should be successfully processed" classname="com.github.traderjoe95.mls.protocol.tree.TreeKem" time="0.001"/>
  <testcase name="the update path should be parent-hash valid" classname="com.github.traderjoe95.mls.protocol.tree.TreeKem" time="0.0"/>
  <testcase name="the tree hash after merging the update path should be ec8a9f12a1a016641500aa4d64b76bb9ace32558523dcaf0d324d7e986f178b0" classname="com.github.traderjoe95.mls.protocol.tree.TreeKem" time="0.001"/>
  <testcase name="the decrypted path secret should be 859ed9c82cccf746e8839f9333048ec8ce6895ade547e6a29055d428083c4a44" classname="com.github.traderjoe95.mls.protocol.tree.TreeKem" time="0.001"/>
  <testcase name="a new update path generated by the sender should be successfully processed" classname="com.github.traderjoe95.mls.protocol.tree.TreeKem" time="0.001"/>
  <testcase name="the update path should be parent-hash valid" classname="com.github.traderjoe95.mls.protocol.tree.TreeKem" time="0.0"/>
  <testcase name="the tree hash after merging the update path should be ec8a9f12a1a016641500aa4d64b76bb9ace32558523dcaf0d324d7e986f178b0" classname="com.github.traderjoe95.mls.protocol.tree.TreeKem" time="0.0"/>
  <testcase name="the decrypted path secret should be 60622d5107aaaf1f4cdccc2243660764f71308fce22aae85e0ea35e53e396ac9" classname="com.github.traderjoe95.mls.protocol.tree.TreeKem" time="0.0"/>
  <testcase name="a new update path generated by the sender should be successfully processed" classname="com.github.traderjoe95.mls.protocol.tree.TreeKem" time="0.0"/>
  <testcase name="the update path should be parent-hash valid" classname="com.github.traderjoe95.mls.protocol.tree.TreeKem" time="0.001"/>
  <testcase name="the tree hash after merging the update path should be ec8a9f12a1a016641500aa4d64b76bb9ace32558523dcaf0d324d7e986f178b0" classname="com.github.traderjoe95.mls.protocol.tree.TreeKem" time="0.0"/>
  <testcase name="the decrypted path secret should be 60622d5107aaaf1f4cdccc2243660764f71308fce22aae85e0ea35e53e396ac9" classname="com.github.traderjoe95.mls.protocol.tree.TreeKem" time="0.0"/>
  <testcase name="a new update path generated by the sender should be successfully processed" classname="com.github.traderjoe95.mls.protocol.tree.TreeKem" time="0.0"/>
  <testcase name="the update path should be parent-hash valid" classname="com.github.traderjoe95.mls.protocol.tree.TreeKem" time="0.001"/>
  <testcase name="the tree hash after merging the update path should be ec8a9f12a1a016641500aa4d64b76bb9ace32558523dcaf0d324d7e986f178b0" classname="com.github.traderjoe95.mls.protocol.tree.TreeKem" time="0.0"/>
  <testcase name="the decrypted path secret should be 60622d5107aaaf1f4cdccc2243660764f71308fce22aae85e0ea35e53e396ac9" classname="com.github.traderjoe95.mls.protocol.tree.TreeKem" time="0.0"/>
  <testcase name="a new update path generated by the sender should be successfully processed" classname="com.github.traderjoe95.mls.protocol.tree.TreeKem" time="0.0"/>
  <testcase name="the update path should be parent-hash valid" classname="com.github.traderjoe95.mls.protocol.tree.TreeKem" time="0.001"/>
  <testcase name="the tree hash after merging the update path should be ec8a9f12a1a016641500aa4d64b76bb9ace32558523dcaf0d324d7e986f178b0" classname="com.github.traderjoe95.mls.protocol.tree.TreeKem" time="0.001"/>
  <testcase name="the decrypted path secret should be 60622d5107aaaf1f4cdccc2243660764f71308fce22aae85e0ea35e53e396ac9" classname="com.github.traderjoe95.mls.protocol.tree.TreeKem" time="0.001"/>
  <testcase name="a new update path generated by the sender should be successfully processed" classname="com.github.traderjoe95.mls.protocol.tree.TreeKem" time="0.001"/>
  <testcase name="the update path should be parent-hash valid" classname="com.github.traderjoe95.mls.protocol.tree.TreeKem" time="0.0"/>
  <testcase name="the tree hash after merging the update path should be 0327e4076324884dd709150fa9b1bf2967e5bcb3a94a8a9645572435e09921b9" classname="com.github.traderjoe95.mls.protocol.tree.TreeKem" time="0.001"/>
  <testcase name="the decrypted path secret should be 7432394b13fc1ad39d1a2e4576b4d53644af22f18a372dd6d794438b02d917af" classname="com.github.traderjoe95.mls.protocol.tree.TreeKem" time="0.001"/>
  <testcase name="a new update path generated by the sender should be successfully processed" classname="com.github.traderjoe95.mls.protocol.tree.TreeKem" time="0.001"/>
  <testcase name="the update path should be parent-hash valid" classname="com.github.traderjoe95.mls.protocol.tree.TreeKem" time="0.001"/>
  <testcase name="the tree hash after merging the update path should be 0327e4076324884dd709150fa9b1bf2967e5bcb3a94a8a9645572435e09921b9" classname="com.github.traderjoe95.mls.protocol.tree.TreeKem" time="0.001"/>
  <testcase name="the decrypted path secret should be 81c0dc11e433f141465f8d63190591e3a979ec7677ed52926a5e800b86dfa312" classname="com.github.traderjoe95.mls.protocol.tree.TreeKem" time="0.0"/>
  <testcase name="a new update path generated by the sender should be successfully processed" classname="com.github.traderjoe95.mls.protocol.tree.TreeKem" time="0.0"/>
  <testcase name="the update path should be parent-hash valid" classname="com.github.traderjoe95.mls.protocol.tree.TreeKem" time="0.001"/>
  <testcase name="the tree hash after merging the update path should be 0327e4076324884dd709150fa9b1bf2967e5bcb3a94a8a9645572435e09921b9" classname="com.github.traderjoe95.mls.protocol.tree.TreeKem" time="0.001"/>
  <testcase name="the decrypted path secret should be 81c0dc11e433f141465f8d63190591e3a979ec7677ed52926a5e800b86dfa312" classname="com.github.traderjoe95.mls.protocol.tree.TreeKem" time="0.001"/>
  <testcase name="a new update path generated by the sender should be successfully processed" classname="com.github.traderjoe95.mls.protocol.tree.TreeKem" time="0.001"/>
  <testcase name="the update path should be parent-hash valid" classname="com.github.traderjoe95.mls.protocol.tree.TreeKem" time="0.0"/>
  <testcase name="the tree hash after merging the update path should be 0327e4076324884dd709150fa9b1bf2967e5bcb3a94a8a9645572435e09921b9" classname="com.github.traderjoe95.mls.protocol.tree.TreeKem" time="0.0"/>
  <testcase name="the decrypted path secret should be badac40b70b657c385b19b89d770562c4c13866d99aca5507b9713d449bf6fa0" classname="com.github.traderjoe95.mls.protocol.tree.TreeKem" time="0.0"/>
  <testcase name="a new update path generated by the sender should be successfully processed" classname="com.github.traderjoe95.mls.protocol.tree.TreeKem" time="0.0"/>
  <testcase name="the update path should be parent-hash valid" classname="com.github.traderjoe95.mls.protocol.tree.TreeKem" time="0.0"/>
  <testcase name="the tree hash after merging the update path should be 0327e4076324884dd709150fa9b1bf2967e5bcb3a94a8a9645572435e09921b9" classname="com.github.traderjoe95.mls.protocol.tree.TreeKem" time="0.001"/>
  <testcase name="the decrypted path secret should be badac40b70b657c385b19b89d770562c4c13866d99aca5507b9713d449bf6fa0" classname="com.github.traderjoe95.mls.protocol.tree.TreeKem" time="0.001"/>
  <testcase name="a new update path generated by the sender should be successfully processed" classname="com.github.traderjoe95.mls.protocol.tree.TreeKem" time="0.001"/>
  <testcase name="the update path should be parent-hash valid" classname="com.github.traderjoe95.mls.protocol.tree.TreeKem" time="0.0"/>
  <testcase name="the tree hash after merging the update path should be 0327e4076324884dd709150fa9b1bf2967e5bcb3a94a8a9645572435e09921b9" classname="com.github.traderjoe95.mls.protocol.tree.TreeKem" time="0.001"/>
  <testcase name="the decrypted path secret should be badac40b70b657c385b19b89d770562c4c13866d99aca5507b9713d449bf6fa0" classname="com.github.traderjoe95.mls.protocol.tree.TreeKem" time="0.001"/>
  <testcase name="a new update path generated by the sender should be successfully processed" classname="com.github.traderjoe95.mls.protocol.tree.TreeKem" time="0.001"/>
  <testcase name="the update path should be parent-hash valid" classname="com.github.traderjoe95.mls.protocol.tree.TreeKem" time="0.0"/>
  <testcase name="the tree hash after merging the update path should be 0327e4076324884dd709150fa9b1bf2967e5bcb3a94a8a9645572435e09921b9" classname="com.github.traderjoe95.mls.protocol.tree.TreeKem" time="0.0"/>
  <testcase name="the decrypted path secret should be badac40b70b657c385b19b89d770562c4c13866d99aca5507b9713d449bf6fa0" classname="com.github.traderjoe95.mls.protocol.tree.TreeKem" time="0.001"/>
  <testcase name="a new update path generated by the sender should be successfully processed" classname="com.github.traderjoe95.mls.protocol.tree.TreeKem" time="0.001"/>
  <testcase name="the update path should be parent-hash valid" classname="com.github.traderjoe95.mls.protocol.tree.TreeKem" time="0.0"/>
  <testcase name="the tree hash after merging the update path should be ead7bde8f7e7dcf55f87066a47f15fb2c443a0552c9c0a600ed5f3dde2862ad9" classname="com.github.traderjoe95.mls.protocol.tree.TreeKem" time="0.0"/>
  <testcase name="the decrypted path secret should be decdc69ae5744712f99dd893fe4a4715144f70835098706624bbdb9b2c5b5937" classname="com.github.traderjoe95.mls.protocol.tree.TreeKem" time="0.004"/>
  <testcase name="a new update path generated by the sender should be successfully processed" classname="com.github.traderjoe95.mls.protocol.tree.TreeKem" time="0.001"/>
  <testcase name="the update path should be parent-hash valid" classname="com.github.traderjoe95.mls.protocol.tree.TreeKem" time="0.0"/>
  <testcase name="the tree hash after merging the update path should be ead7bde8f7e7dcf55f87066a47f15fb2c443a0552c9c0a600ed5f3dde2862ad9" classname="com.github.traderjoe95.mls.protocol.tree.TreeKem" time="0.0"/>
  <testcase name="the decrypted path secret should be decdc69ae5744712f99dd893fe4a4715144f70835098706624bbdb9b2c5b5937" classname="com.github.traderjoe95.mls.protocol.tree.TreeKem" time="0.0"/>
  <testcase name="a new update path generated by the sender should be successfully processed" classname="com.github.traderjoe95.mls.protocol.tree.TreeKem" time="0.0"/>
  <testcase name="the update path should be parent-hash valid" classname="com.github.traderjoe95.mls.protocol.tree.TreeKem" time="0.001"/>
  <testcase name="the tree hash after merging the update path should be ead7bde8f7e7dcf55f87066a47f15fb2c443a0552c9c0a600ed5f3dde2862ad9" classname="com.github.traderjoe95.mls.protocol.tree.TreeKem" time="0.0"/>
  <testcase name="the decrypted path secret should be 4bf0bde095875f5fc1ec645b6dbc21c75593918c8cf2ffeedf9f2c55fa18c291" classname="com.github.traderjoe95.mls.protocol.tree.TreeKem" time="0.0"/>
  <testcase name="a new update path generated by the sender should be successfully processed" classname="com.github.traderjoe95.mls.protocol.tree.TreeKem" time="0.001"/>
  <testcase name="the update path should be parent-hash valid" classname="com.github.traderjoe95.mls.protocol.tree.TreeKem" time="0.001"/>
  <testcase name="the tree hash after merging the update path should be ead7bde8f7e7dcf55f87066a47f15fb2c443a0552c9c0a600ed5f3dde2862ad9" classname="com.github.traderjoe95.mls.protocol.tree.TreeKem" time="0.001"/>
  <testcase name="the decrypted path secret should be 62b0b133397f580205e7dce1c996323bcf30724283773bccc99cfbebda71d8e7" classname="com.github.traderjoe95.mls.protocol.tree.TreeKem" time="0.001"/>
  <testcase name="a new update path generated by the sender should be successfully processed" classname="com.github.traderjoe95.mls.protocol.tree.TreeKem" time="0.001"/>
  <testcase name="the update path should be parent-hash valid" classname="com.github.traderjoe95.mls.protocol.tree.TreeKem" time="0.0"/>
  <testcase name="the tree hash after merging the update path should be ead7bde8f7e7dcf55f87066a47f15fb2c443a0552c9c0a600ed5f3dde2862ad9" classname="com.github.traderjoe95.mls.protocol.tree.TreeKem" time="0.0"/>
  <testcase name="the decrypted path secret should be 62b0b133397f580205e7dce1c996323bcf30724283773bccc99cfbebda71d8e7" classname="com.github.traderjoe95.mls.protocol.tree.TreeKem" time="0.0"/>
  <testcase name="a new update path generated by the sender should be successfully processed" classname="com.github.traderjoe95.mls.protocol.tree.TreeKem" time="0.0"/>
  <testcase name="the update path should be parent-hash valid" classname="com.github.traderjoe95.mls.protocol.tree.TreeKem" time="0.001"/>
  <testcase name="the tree hash after merging the update path should be ead7bde8f7e7dcf55f87066a47f15fb2c443a0552c9c0a600ed5f3dde2862ad9" classname="com.github.traderjoe95.mls.protocol.tree.TreeKem" time="0.001"/>
  <testcase name="the decrypted path secret should be 62b0b133397f580205e7dce1c996323bcf30724283773bccc99cfbebda71d8e7" classname="com.github.traderjoe95.mls.protocol.tree.TreeKem" time="0.001"/>
  <testcase name="a new update path generated by the sender should be successfully processed" classname="com.github.traderjoe95.mls.protocol.tree.TreeKem" time="0.001"/>
  <testcase name="the update path should be parent-hash valid" classname="com.github.traderjoe95.mls.protocol.tree.TreeKem" time="0.0"/>
  <testcase name="the tree hash after merging the update path should be ead7bde8f7e7dcf55f87066a47f15fb2c443a0552c9c0a600ed5f3dde2862ad9" classname="com.github.traderjoe95.mls.protocol.tree.TreeKem" time="0.001"/>
  <testcase name="the decrypted path secret should be 62b0b133397f580205e7dce1c996323bcf30724283773bccc99cfbebda71d8e7" classname="com.github.traderjoe95.mls.protocol.tree.TreeKem" time="0.0"/>
  <testcase name="a new update path generated by the sender should be successfully processed" classname="com.github.traderjoe95.mls.protocol.tree.TreeKem" time="0.001"/>
  <testcase name="the update path should be parent-hash valid" classname="com.github.traderjoe95.mls.protocol.tree.TreeKem" time="0.001"/>
  <testcase name="the tree hash after merging the update path should be 474aaebe80d7d2b78a859b24fbc33f212e51561b38deebf9a1bcd920c2c707bf" classname="com.github.traderjoe95.mls.protocol.tree.TreeKem" time="0.001"/>
  <testcase name="the decrypted path secret should be 07c3b77e17b170425c204a61016c3e24f28de93530ad14e4335648edfea6932c" classname="com.github.traderjoe95.mls.protocol.tree.TreeKem" time="0.001"/>
  <testcase name="a new update path generated by the sender should be successfully processed" classname="com.github.traderjoe95.mls.protocol.tree.TreeKem" time="0.001"/>
  <testcase name="the update path should be parent-hash valid" classname="com.github.traderjoe95.mls.protocol.tree.TreeKem" time="0.0"/>
  <testcase name="the tree hash after merging the update path should be 474aaebe80d7d2b78a859b24fbc33f212e51561b38deebf9a1bcd920c2c707bf" classname="com.github.traderjoe95.mls.protocol.tree.TreeKem" time="0.0"/>
  <testcase name="the decrypted path secret should be 07c3b77e17b170425c204a61016c3e24f28de93530ad14e4335648edfea6932c" classname="com.github.traderjoe95.mls.protocol.tree.TreeKem" time="0.0"/>
  <testcase name="a new update path generated by the sender should be successfully processed" classname="com.github.traderjoe95.mls.protocol.tree.TreeKem" time="0.0"/>
  <testcase name="the update path should be parent-hash valid" classname="com.github.traderjoe95.mls.protocol.tree.TreeKem" time="0.001"/>
  <testcase name="the tree hash after merging the update path should be 474aaebe80d7d2b78a859b24fbc33f212e51561b38deebf9a1bcd920c2c707bf" classname="com.github.traderjoe95.mls.protocol.tree.TreeKem" time="0.0"/>
  <testcase name="the decrypted path secret should be a806cd04a50288146d20ad7bf89714b01bf21e26e7f9d1ac03d452f4a6d885f8" classname="com.github.traderjoe95.mls.protocol.tree.TreeKem" time="0.0"/>
  <testcase name="a new update path generated by the sender should be successfully processed" classname="com.github.traderjoe95.mls.protocol.tree.TreeKem" time="0.001"/>
  <testcase name="the update path should be parent-hash valid" classname="com.github.traderjoe95.mls.protocol.tree.TreeKem" time="0.001"/>
  <testcase name="the tree hash after merging the update path should be 474aaebe80d7d2b78a859b24fbc33f212e51561b38deebf9a1bcd920c2c707bf" classname="com.github.traderjoe95.mls.protocol.tree.TreeKem" time="0.001"/>
  <testcase name="the decrypted path secret should be 4987de983bfecdad2bca5e83e623902a160049e88d5d128f79d647a9cd2e30b8" classname="com.github.traderjoe95.mls.protocol.tree.TreeKem" time="0.001"/>
  <testcase name="a new update path generated by the sender should be successfully processed" classname="com.github.traderjoe95.mls.protocol.tree.TreeKem" time="0.001"/>
  <testcase name="the update path should be parent-hash valid" classname="com.github.traderjoe95.mls.protocol.tree.TreeKem" time="0.0"/>
  <testcase name="the tree hash after merging the update path should be 474aaebe80d7d2b78a859b24fbc33f212e51561b38deebf9a1bcd920c2c707bf" classname="com.github.traderjoe95.mls.protocol.tree.TreeKem" time="0.001"/>
  <testcase name="the decrypted path secret should be 4987de983bfecdad2bca5e83e623902a160049e88d5d128f79d647a9cd2e30b8" classname="com.github.traderjoe95.mls.protocol.tree.TreeKem" time="0.001"/>
  <testcase name="a new update path generated by the sender should be successfully processed" classname="com.github.traderjoe95.mls.protocol.tree.TreeKem" time="0.001"/>
  <testcase name="the update path should be parent-hash valid" classname="com.github.traderjoe95.mls.protocol.tree.TreeKem" time="0.0"/>
  <testcase name="the tree hash after merging the update path should be 474aaebe80d7d2b78a859b24fbc33f212e51561b38deebf9a1bcd920c2c707bf" classname="com.github.traderjoe95.mls.protocol.tree.TreeKem" time="0.0"/>
  <testcase name="the decrypted path secret should be 4987de983bfecdad2bca5e83e623902a160049e88d5d128f79d647a9cd2e30b8" classname="com.github.traderjoe95.mls.protocol.tree.TreeKem" time="0.0"/>
  <testcase name="a new update path generated by the sender should be successfully processed" classname="com.github.traderjoe95.mls.protocol.tree.TreeKem" time="0.001"/>
  <testcase name="the update path should be parent-hash valid" classname="com.github.traderjoe95.mls.protocol.tree.TreeKem" time="0.0"/>
  <testcase name="the tree hash after merging the update path should be 474aaebe80d7d2b78a859b24fbc33f212e51561b38deebf9a1bcd920c2c707bf" classname="com.github.traderjoe95.mls.protocol.tree.TreeKem" time="0.0"/>
  <testcase name="the decrypted path secret should be 4987de983bfecdad2bca5e83e623902a160049e88d5d128f79d647a9cd2e30b8" classname="com.github.traderjoe95.mls.protocol.tree.TreeKem" time="0.0"/>
  <testcase name="a new update path generated by the sender should be successfully processed" classname="com.github.traderjoe95.mls.protocol.tree.TreeKem" time="0.001"/>
  <testcase name="the update path should be parent-hash valid" classname="com.github.traderjoe95.mls.protocol.tree.TreeKem" time="0.0"/>
  <testcase name="the tree hash after merging the update path should be 4737dc2219048ceaf6f241b7530079f84e55efe6ee785fc561ddcb316f36648e" classname="com.github.traderjoe95.mls.protocol.tree.TreeKem" time="0.0"/>
  <testcase name="the decrypted path secret should be 8a11a3165b63fbca976ab24da8a7ae5386cdf2a0ef9106b49a80f46d1feba256" classname="com.github.traderjoe95.mls.protocol.tree.TreeKem" time="0.0"/>
  <testcase name="a new update path generated by the sender should be successfully processed" classname="com.github.traderjoe95.mls.protocol.tree.TreeKem" time="0.001"/>
  <testcase name="the update path should be parent-hash valid" classname="com.github.traderjoe95.mls.protocol.tree.TreeKem" time="0.0"/>
  <testcase name="the tree hash after merging the update path should be 4737dc2219048ceaf6f241b7530079f84e55efe6ee785fc561ddcb316f36648e" classname="com.github.traderjoe95.mls.protocol.tree.TreeKem" time="0.0"/>
  <testcase name="the decrypted path secret should be 8a11a3165b63fbca976ab24da8a7ae5386cdf2a0ef9106b49a80f46d1feba256" classname="com.github.traderjoe95.mls.protocol.tree.TreeKem" time="0.0"/>
  <testcase name="a new update path generated by the sender should be successfully processed" classname="com.github.traderjoe95.mls.protocol.tree.TreeKem" time="0.0"/>
  <testcase name="the update path should be parent-hash valid" classname="com.github.traderjoe95.mls.protocol.tree.TreeKem" time="0.0"/>
  <testcase name="the tree hash after merging the update path should be 4737dc2219048ceaf6f241b7530079f84e55efe6ee785fc561ddcb316f36648e" classname="com.github.traderjoe95.mls.protocol.tree.TreeKem" time="0.001"/>
  <testcase name="the decrypted path secret should be 8a11a3165b63fbca976ab24da8a7ae5386cdf2a0ef9106b49a80f46d1feba256" classname="com.github.traderjoe95.mls.protocol.tree.TreeKem" time="0.001"/>
  <testcase name="a new update path generated by the sender should be successfully processed" classname="com.github.traderjoe95.mls.protocol.tree.TreeKem" time="0.001"/>
  <testcase name="the update path should be parent-hash valid" classname="com.github.traderjoe95.mls.protocol.tree.TreeKem" time="0.0"/>
  <testcase name="the tree hash after merging the update path should be 4737dc2219048ceaf6f241b7530079f84e55efe6ee785fc561ddcb316f36648e" classname="com.github.traderjoe95.mls.protocol.tree.TreeKem" time="0.0"/>
  <testcase name="the decrypted path secret should be 8a11a3165b63fbca976ab24da8a7ae5386cdf2a0ef9106b49a80f46d1feba256" classname="com.github.traderjoe95.mls.protocol.tree.TreeKem" time="0.001"/>
  <testcase name="a new update path generated by the sender should be successfully processed" classname="com.github.traderjoe95.mls.protocol.tree.TreeKem" time="0.001"/>
  <testcase name="the update path should be parent-hash valid" classname="com.github.traderjoe95.mls.protocol.tree.TreeKem" time="0.0"/>
  <testcase name="the tree hash after merging the update path should be 4737dc2219048ceaf6f241b7530079f84e55efe6ee785fc561ddcb316f36648e" classname="com.github.traderjoe95.mls.protocol.tree.TreeKem" time="0.0"/>
  <testcase name="the decrypted path secret should be 97f64bccdc1753549c4678c8b7c88fbba21dd2fd10be17935aade7996e043b19" classname="com.github.traderjoe95.mls.protocol.tree.TreeKem" time="0.0"/>
  <testcase name="a new update path generated by the sender should be successfully processed" classname="com.github.traderjoe95.mls.protocol.tree.TreeKem" time="0.001"/>
  <testcase name="the update path should be parent-hash valid" classname="com.github.traderjoe95.mls.protocol.tree.TreeKem" time="0.0"/>
  <testcase name="the tree hash after merging the update path should be 4737dc2219048ceaf6f241b7530079f84e55efe6ee785fc561ddcb316f36648e" classname="com.github.traderjoe95.mls.protocol.tree.TreeKem" time="0.0"/>
  <testcase name="the decrypted path secret should be 8befcc538a22d4092c57d9a74f1417e8fe0b67e3a103233dc600565636409ee5" classname="com.github.traderjoe95.mls.protocol.tree.TreeKem" time="0.0"/>
  <testcase name="a new update path generated by the sender should be successfully processed" classname="com.github.traderjoe95.mls.protocol.tree.TreeKem" time="0.001"/>
  <testcase name="the update path should be parent-hash valid" classname="com.github.traderjoe95.mls.protocol.tree.TreeKem" time="0.0"/>
  <testcase name="the tree hash after merging the update path should be 4737dc2219048ceaf6f241b7530079f84e55efe6ee785fc561ddcb316f36648e" classname="com.github.traderjoe95.mls.protocol.tree.TreeKem" time="0.001"/>
  <testcase name="the decrypted path secret should be 8befcc538a22d4092c57d9a74f1417e8fe0b67e3a103233dc600565636409ee5" classname="com.github.traderjoe95.mls.protocol.tree.TreeKem" time="0.001"/>
  <testcase name="a new update path generated by the sender should be successfully processed" classname="com.github.traderjoe95.mls.protocol.tree.TreeKem" time="0.001"/>
  <testcase name="the update path should be parent-hash valid" classname="com.github.traderjoe95.mls.protocol.tree.TreeKem" time="0.0"/>
  <testcase name="the tree hash after merging the update path should be f6ba25437825cd5a7e605fb89258169df8af9e58b26351cd8fa46e2334f4ee53" classname="com.github.traderjoe95.mls.protocol.tree.TreeKem" time="0.0"/>
  <testcase name="the decrypted path secret should be d1f7770956e3b25387afad97db33b20043d340e9320d89380a9462a981bc45b2" classname="com.github.traderjoe95.mls.protocol.tree.TreeKem" time="0.0"/>
  <testcase name="a new update path generated by the sender should be successfully processed" classname="com.github.traderjoe95.mls.protocol.tree.TreeKem" time="0.0"/>
  <testcase name="the update path should be parent-hash valid" classname="com.github.traderjoe95.mls.protocol.tree.TreeKem" time="0.0"/>
  <testcase name="the tree hash after merging the update path should be f6ba25437825cd5a7e605fb89258169df8af9e58b26351cd8fa46e2334f4ee53" classname="com.github.traderjoe95.mls.protocol.tree.TreeKem" time="0.0"/>
  <testcase name="the decrypted path secret should be d1f7770956e3b25387afad97db33b20043d340e9320d89380a9462a981bc45b2" classname="com.github.traderjoe95.mls.protocol.tree.TreeKem" time="0.0"/>
  <testcase name="a new update path generated by the sender should be successfully processed" classname="com.github.traderjoe95.mls.protocol.tree.TreeKem" time="0.001"/>
  <testcase name="the update path should be parent-hash valid" classname="com.github.traderjoe95.mls.protocol.tree.TreeKem" time="0.0"/>
  <testcase name="the tree hash after merging the update path should be f6ba25437825cd5a7e605fb89258169df8af9e58b26351cd8fa46e2334f4ee53" classname="com.github.traderjoe95.mls.protocol.tree.TreeKem" time="0.0"/>
  <testcase name="the decrypted path secret should be d1f7770956e3b25387afad97db33b20043d340e9320d89380a9462a981bc45b2" classname="com.github.traderjoe95.mls.protocol.tree.TreeKem" time="0.001"/>
  <testcase name="a new update path generated by the sender should be successfully processed" classname="com.github.traderjoe95.mls.protocol.tree.TreeKem" time="0.001"/>
  <testcase name="the update path should be parent-hash valid" classname="com.github.traderjoe95.mls.protocol.tree.TreeKem" time="0.001"/>
  <testcase name="the tree hash after merging the update path should be f6ba25437825cd5a7e605fb89258169df8af9e58b26351cd8fa46e2334f4ee53" classname="com.github.traderjoe95.mls.protocol.tree.TreeKem" time="0.0"/>
  <testcase name="the decrypted path secret should be d1f7770956e3b25387afad97db33b20043d340e9320d89380a9462a981bc45b2" classname="com.github.traderjoe95.mls.protocol.tree.TreeKem" time="0.001"/>
  <testcase name="a new update path generated by the sender should be successfully processed" classname="com.github.traderjoe95.mls.protocol.tree.TreeKem" time="0.001"/>
  <testcase name="the update path should be parent-hash valid" classname="com.github.traderjoe95.mls.protocol.tree.TreeKem" time="0.001"/>
  <testcase name="the tree hash after merging the update path should be f6ba25437825cd5a7e605fb89258169df8af9e58b26351cd8fa46e2334f4ee53" classname="com.github.traderjoe95.mls.protocol.tree.TreeKem" time="0.001"/>
  <testcase name="the decrypted path secret should be 31a0c980a8f55e35313b5931450a3d830cd5ad2c6b9ed0bb1b155f17057d9cc1" classname="com.github.traderjoe95.mls.protocol.tree.TreeKem" time="0.0"/>
  <testcase name="a new update path generated by the sender should be successfully processed" classname="com.github.traderjoe95.mls.protocol.tree.TreeKem" time="0.0"/>
  <testcase name="the update path should be parent-hash valid" classname="com.github.traderjoe95.mls.protocol.tree.TreeKem" time="0.0"/>
  <testcase name="the tree hash after merging the update path should be f6ba25437825cd5a7e605fb89258169df8af9e58b26351cd8fa46e2334f4ee53" classname="com.github.traderjoe95.mls.protocol.tree.TreeKem" time="0.0"/>
  <testcase name="the decrypted path secret should be f32f1ab0f868a7856a618e1ca9301d42f87f7251e5952c093083382be9c994b9" classname="com.github.traderjoe95.mls.protocol.tree.TreeKem" time="0.0"/>
  <testcase name="a new update path generated by the sender should be successfully processed" classname="com.github.traderjoe95.mls.protocol.tree.TreeKem" time="0.0"/>
  <testcase name="the update path should be parent-hash valid" classname="com.github.traderjoe95.mls.protocol.tree.TreeKem" time="0.0"/>
  <testcase name="the tree hash after merging the update path should be f6ba25437825cd5a7e605fb89258169df8af9e58b26351cd8fa46e2334f4ee53" classname="com.github.traderjoe95.mls.protocol.tree.TreeKem" time="0.0"/>
  <testcase name="the decrypted path secret should be f32f1ab0f868a7856a618e1ca9301d42f87f7251e5952c093083382be9c994b9" classname="com.github.traderjoe95.mls.protocol.tree.TreeKem" time="0.0"/>
  <testcase name="a new update path generated by the sender should be successfully processed" classname="com.github.traderjoe95.mls.protocol.tree.TreeKem" time="0.0"/>
  <testcase name="the update path should be parent-hash valid" classname="com.github.traderjoe95.mls.protocol.tree.TreeKem" time="0.0"/>
  <testcase name="the tree hash after merging the update path should be 97242950427208c7ec23e1b00c06919815365955df3c9a7a66cc438cc47879b4" classname="com.github.traderjoe95.mls.protocol.tree.TreeKem" time="0.0"/>
  <testcase name="the decrypted path secret should be 0ef33a681bed23594353c6bf678b90bab348e1b4618a5f3c9326f6ef1f24c1c1" classname="com.github.traderjoe95.mls.protocol.tree.TreeKem" time="0.0"/>
  <testcase name="a new update path generated by the sender should be successfully processed" classname="com.github.traderjoe95.mls.protocol.tree.TreeKem" time="0.0"/>
  <testcase name="the update path should be parent-hash valid" classname="com.github.traderjoe95.mls.protocol.tree.TreeKem" time="0.0"/>
  <testcase name="the tree hash after merging the update path should be 97242950427208c7ec23e1b00c06919815365955df3c9a7a66cc438cc47879b4" classname="com.github.traderjoe95.mls.protocol.tree.TreeKem" time="0.0"/>
  <testcase name="the decrypted path secret should be 0ef33a681bed23594353c6bf678b90bab348e1b4618a5f3c9326f6ef1f24c1c1" classname="com.github.traderjoe95.mls.protocol.tree.TreeKem" time="0.0"/>
  <testcase name="a new update path generated by the sender should be successfully processed" classname="com.github.traderjoe95.mls.protocol.tree.TreeKem" time="0.0"/>
  <testcase name="the update path should be parent-hash valid" classname="com.github.traderjoe95.mls.protocol.tree.TreeKem" time="0.001"/>
  <testcase name="the tree hash after merging the update path should be 97242950427208c7ec23e1b00c06919815365955df3c9a7a66cc438cc47879b4" classname="com.github.traderjoe95.mls.protocol.tree.TreeKem" time="0.0"/>
  <testcase name="the decrypted path secret should be 0ef33a681bed23594353c6bf678b90bab348e1b4618a5f3c9326f6ef1f24c1c1" classname="com.github.traderjoe95.mls.protocol.tree.TreeKem" time="0.0"/>
  <testcase name="a new update path generated by the sender should be successfully processed" classname="com.github.traderjoe95.mls.protocol.tree.TreeKem" time="0.001"/>
  <testcase name="the update path should be parent-hash valid" classname="com.github.traderjoe95.mls.protocol.tree.TreeKem" time="0.001"/>
  <testcase name="the tree hash after merging the update path should be 97242950427208c7ec23e1b00c06919815365955df3c9a7a66cc438cc47879b4" classname="com.github.traderjoe95.mls.protocol.tree.TreeKem" time="0.0"/>
  <testcase name="the decrypted path secret should be 0ef33a681bed23594353c6bf678b90bab348e1b4618a5f3c9326f6ef1f24c1c1" classname="com.github.traderjoe95.mls.protocol.tree.TreeKem" time="0.0"/>
  <testcase name="a new update path generated by the sender should be successfully processed" classname="com.github.traderjoe95.mls.protocol.tree.TreeKem" time="0.001"/>
  <testcase name="the update path should be parent-hash valid" classname="com.github.traderjoe95.mls.protocol.tree.TreeKem" time="0.0"/>
  <testcase name="the tree hash after merging the update path should be 97242950427208c7ec23e1b00c06919815365955df3c9a7a66cc438cc47879b4" classname="com.github.traderjoe95.mls.protocol.tree.TreeKem" time="0.0"/>
  <testcase name="the decrypted path secret should be 4511f5cb8d1acd9d05d6ebeb0f28254c542ccc641eeac2e6ff98579e210d1773" classname="com.github.traderjoe95.mls.protocol.tree.TreeKem" time="0.0"/>
  <testcase name="a new update path generated by the sender should be successfully processed" classname="com.github.traderjoe95.mls.protocol.tree.TreeKem" time="0.0"/>
  <testcase name="the update path should be parent-hash valid" classname="com.github.traderjoe95.mls.protocol.tree.TreeKem" time="0.001"/>
  <testcase name="the tree hash after merging the update path should be 97242950427208c7ec23e1b00c06919815365955df3c9a7a66cc438cc47879b4" classname="com.github.traderjoe95.mls.protocol.tree.TreeKem" time="0.001"/>
  <testcase name="the decrypted path secret should be 4511f5cb8d1acd9d05d6ebeb0f28254c542ccc641eeac2e6ff98579e210d1773" classname="com.github.traderjoe95.mls.protocol.tree.TreeKem" time="0.001"/>
  <testcase name="a new update path generated by the sender should be successfully processed" classname="com.github.traderjoe95.mls.protocol.tree.TreeKem" time="0.001"/>
  <testcase name="the update path should be parent-hash valid" classname="com.github.traderjoe95.mls.protocol.tree.TreeKem" time="0.0"/>
  <testcase name="the tree hash after merging the update path should be 97242950427208c7ec23e1b00c06919815365955df3c9a7a66cc438cc47879b4" classname="com.github.traderjoe95.mls.protocol.tree.TreeKem" time="0.0"/>
  <testcase name="the decrypted path secret should be dbc14fdae678c3b4cbe78b60163fb619f6bf0f7db5933a7161a789e5041e8598" classname="com.github.traderjoe95.mls.protocol.tree.TreeKem" time="0.0"/>
  <testcase name="a new update path generated by the sender should be successfully processed" classname="com.github.traderjoe95.mls.protocol.tree.TreeKem" time="0.001"/>
  <testcase name="the update path should be parent-hash valid" classname="com.github.traderjoe95.mls.protocol.tree.TreeKem" time="0.0"/>
  <testcase name="the tree hash after merging the update path should be fbec6408b419f9a5f1c6ec243410ad1e1c8141216ffcaf29746b62dcafa80c0f" classname="com.github.traderjoe95.mls.protocol.tree.TreeKem" time="0.0"/>
  <testcase name="the decrypted path secret should be 1a73a876e8928e11facc1d2d2a195272947bf87af448afa224067881e47b6947" classname="com.github.traderjoe95.mls.protocol.tree.TreeKem" time="0.0"/>
  <testcase name="a new update path generated by the sender should be successfully processed" classname="com.github.traderjoe95.mls.protocol.tree.TreeKem" time="0.001"/>
  <testcase name="the update path should be parent-hash valid" classname="com.github.traderjoe95.mls.protocol.tree.TreeKem" time="0.0"/>
  <testcase name="the tree hash after merging the update path should be fbec6408b419f9a5f1c6ec243410ad1e1c8141216ffcaf29746b62dcafa80c0f" classname="com.github.traderjoe95.mls.protocol.tree.TreeKem" time="0.0"/>
  <testcase name="the decrypted path secret should be 1a73a876e8928e11facc1d2d2a195272947bf87af448afa224067881e47b6947" classname="com.github.traderjoe95.mls.protocol.tree.TreeKem" time="0.001"/>
  <testcase name="a new update path generated by the sender should be successfully processed" classname="com.github.traderjoe95.mls.protocol.tree.TreeKem" time="0.0"/>
  <testcase name="the update path should be parent-hash valid" classname="com.github.traderjoe95.mls.protocol.tree.TreeKem" time="0.001"/>
  <testcase name="the tree hash after merging the update path should be fbec6408b419f9a5f1c6ec243410ad1e1c8141216ffcaf29746b62dcafa80c0f" classname="com.github.traderjoe95.mls.protocol.tree.TreeKem" time="0.001"/>
  <testcase name="the decrypted path secret should be 1a73a876e8928e11facc1d2d2a195272947bf87af448afa224067881e47b6947" classname="com.github.traderjoe95.mls.protocol.tree.TreeKem" time="0.001"/>
  <testcase name="a new update path generated by the sender should be successfully processed" classname="com.github.traderjoe95.mls.protocol.tree.TreeKem" time="0.001"/>
  <testcase name="the update path should be parent-hash valid" classname="com.github.traderjoe95.mls.protocol.tree.TreeKem" time="0.0"/>
  <testcase name="the tree hash after merging the update path should be fbec6408b419f9a5f1c6ec243410ad1e1c8141216ffcaf29746b62dcafa80c0f" classname="com.github.traderjoe95.mls.protocol.tree.TreeKem" time="0.001"/>
  <testcase name="the decrypted path secret should be 1a73a876e8928e11facc1d2d2a195272947bf87af448afa224067881e47b6947" classname="com.github.traderjoe95.mls.protocol.tree.TreeKem" time="0.001"/>
  <testcase name="a new update path generated by the sender should be successfully processed" classname="com.github.traderjoe95.mls.protocol.tree.TreeKem" time="0.001"/>
  <testcase name="the update path should be parent-hash valid" classname="com.github.traderjoe95.mls.protocol.tree.TreeKem" time="0.0"/>
  <testcase name="the tree hash after merging the update path should be fbec6408b419f9a5f1c6ec243410ad1e1c8141216ffcaf29746b62dcafa80c0f" classname="com.github.traderjoe95.mls.protocol.tree.TreeKem" time="0.0"/>
  <testcase name="the decrypted path secret should be b87398541103cfce0b02e12d01d9830867d9b64bad9ad19cbe4fbdb23f81c346" classname="com.github.traderjoe95.mls.protocol.tree.TreeKem" time="0.0"/>
  <testcase name="a new update path generated by the sender should be successfully processed" classname="com.github.traderjoe95.mls.protocol.tree.TreeKem" time="0.0"/>
  <testcase name="the update path should be parent-hash valid" classname="com.github.traderjoe95.mls.protocol.tree.TreeKem" time="0.0"/>
  <testcase name="the tree hash after merging the update path should be fbec6408b419f9a5f1c6ec243410ad1e1c8141216ffcaf29746b62dcafa80c0f" classname="com.github.traderjoe95.mls.protocol.tree.TreeKem" time="0.0"/>
  <testcase name="the decrypted path secret should be b87398541103cfce0b02e12d01d9830867d9b64bad9ad19cbe4fbdb23f81c346" classname="com.github.traderjoe95.mls.protocol.tree.TreeKem" time="0.0"/>
  <testcase name="a new update path generated by the sender should be successfully processed" classname="com.github.traderjoe95.mls.protocol.tree.TreeKem" time="0.0"/>
  <testcase name="the update path should be parent-hash valid" classname="com.github.traderjoe95.mls.protocol.tree.TreeKem" time="0.0"/>
  <testcase name="the tree hash after merging the update path should be fbec6408b419f9a5f1c6ec243410ad1e1c8141216ffcaf29746b62dcafa80c0f" classname="com.github.traderjoe95.mls.protocol.tree.TreeKem" time="0.0"/>
  <testcase name="the decrypted path secret should be d283d1835602a741bdf66fa78a12de29dc4fa97f53d67175a66f4f01729d14f0" classname="com.github.traderjoe95.mls.protocol.tree.TreeKem" time="0.0"/>
  <testcase name="a new update path generated by the sender should be successfully processed" classname="com.github.traderjoe95.mls.protocol.tree.TreeKem" time="0.001"/>
  <testcase name="non-blank leaf 0 should be consistent with the public state" classname="com.github.traderjoe95.mls.protocol.tree.TreeKem" time="0.001"/>
  <testcase name="non-blank leaf 1 should be consistent with the public state" classname="com.github.traderjoe95.mls.protocol.tree.TreeKem" time="0.001"/>
  <testcase name="non-blank leaf 2 should be consistent with the public state" classname="com.github.traderjoe95.mls.protocol.tree.TreeKem" time="0.0"/>
  <testcase name="non-blank leaf 3 should be consistent with the public state" classname="com.github.traderjoe95.mls.protocol.tree.TreeKem" time="0.001"/>
  <testcase name="non-blank leaf 4 should be consistent with the public state" classname="com.github.traderjoe95.mls.protocol.tree.TreeKem" time="0.001"/>
  <testcase name="non-blank leaf 5 should be consistent with the public state" classname="com.github.traderjoe95.mls.protocol.tree.TreeKem" time="0.0"/>
  <testcase name="non-blank leaf 6 should be consistent with the public state" classname="com.github.traderjoe95.mls.protocol.tree.TreeKem" time="0.0"/>
  <testcase name="the update path should be parent-hash valid" classname="com.github.traderjoe95.mls.protocol.tree.TreeKem" time="0.001"/>
  <testcase name="the tree hash after merging the update path should be c0df9e6427ed56a1ce0075d68eac89f45b5372d76dfc81ce8a2ec858ab4dd2da" classname="com.github.traderjoe95.mls.protocol.tree.TreeKem" time="0.0"/>
  <testcase name="the decrypted path secret should be 0f79b8d215873dbfefc4b31e2ee2c852ec83ea4a1d744c9fa14a9cc64bf81632" classname="com.github.traderjoe95.mls.protocol.tree.TreeKem" time="0.001"/>
  <testcase name="a new update path generated by the sender should be successfully processed" classname="com.github.traderjoe95.mls.protocol.tree.TreeKem" time="0.001"/>
  <testcase name="the update path should be parent-hash valid" classname="com.github.traderjoe95.mls.protocol.tree.TreeKem" time="0.0"/>
  <testcase name="the tree hash after merging the update path should be c0df9e6427ed56a1ce0075d68eac89f45b5372d76dfc81ce8a2ec858ab4dd2da" classname="com.github.traderjoe95.mls.protocol.tree.TreeKem" time="0.0"/>
  <testcase name="the decrypted path secret should be 6d8acb9ca737121a4725e3164157ccadc56c18a4de80a17a498f9787ac6effe2" classname="com.github.traderjoe95.mls.protocol.tree.TreeKem" time="0.0"/>
  <testcase name="a new update path generated by the sender should be successfully processed" classname="com.github.traderjoe95.mls.protocol.tree.TreeKem" time="0.0"/>
  <testcase name="the update path should be parent-hash valid" classname="com.github.traderjoe95.mls.protocol.tree.TreeKem" time="0.001"/>
  <testcase name="the tree hash after merging the update path should be c0df9e6427ed56a1ce0075d68eac89f45b5372d76dfc81ce8a2ec858ab4dd2da" classname="com.github.traderjoe95.mls.protocol.tree.TreeKem" time="0.0"/>
  <testcase name="the decrypted path secret should be 6d8acb9ca737121a4725e3164157ccadc56c18a4de80a17a498f9787ac6effe2" classname="com.github.traderjoe95.mls.protocol.tree.TreeKem" time="0.0"/>
  <testcase name="a new update path generated by the sender should be successfully processed" classname="com.github.traderjoe95.mls.protocol.tree.TreeKem" time="0.001"/>
  <testcase name="the update path should be parent-hash valid" classname="com.github.traderjoe95.mls.protocol.tree.TreeKem" time="0.001"/>
  <testcase name="the tree hash after merging the update path should be c0df9e6427ed56a1ce0075d68eac89f45b5372d76dfc81ce8a2ec858ab4dd2da" classname="com.github.traderjoe95.mls.protocol.tree.TreeKem" time="0.0"/>
  <testcase name="the decrypted path secret should be 0aac0c3a6fbcd40f3d4d6bb55d937be63142595dcadb0e390457d27f749efa23" classname="com.github.traderjoe95.mls.protocol.tree.TreeKem" time="0.001"/>
  <testcase name="a new update path generated by the sender should be successfully processed" classname="com.github.traderjoe95.mls.protocol.tree.TreeKem" time="0.001"/>
  <testcase name="the update path should be parent-hash valid" classname="com.github.traderjoe95.mls.protocol.tree.TreeKem" time="0.0"/>
  <testcase name="the tree hash after merging the update path should be c0df9e6427ed56a1ce0075d68eac89f45b5372d76dfc81ce8a2ec858ab4dd2da" classname="com.github.traderjoe95.mls.protocol.tree.TreeKem" time="0.0"/>
  <testcase name="the decrypted path secret should be 0aac0c3a6fbcd40f3d4d6bb55d937be63142595dcadb0e390457d27f749efa23" classname="com.github.traderjoe95.mls.protocol.tree.TreeKem" time="0.0"/>
  <testcase name="a new update path generated by the sender should be successfully processed" classname="com.github.traderjoe95.mls.protocol.tree.TreeKem" time="0.0"/>
  <testcase name="the update path should be parent-hash valid" classname="com.github.traderjoe95.mls.protocol.tree.TreeKem" time="0.0"/>
  <testcase name="the tree hash after merging the update path should be c0df9e6427ed56a1ce0075d68eac89f45b5372d76dfc81ce8a2ec858ab4dd2da" classname="com.github.traderjoe95.mls.protocol.tree.TreeKem" time="0.0"/>
  <testcase name="the decrypted path secret should be 0aac0c3a6fbcd40f3d4d6bb55d937be63142595dcadb0e390457d27f749efa23" classname="com.github.traderjoe95.mls.protocol.tree.TreeKem" time="0.0"/>
  <testcase name="a new update path generated by the sender should be successfully processed" classname="com.github.traderjoe95.mls.protocol.tree.TreeKem" time="0.0"/>
  <testcase name="the update path should be parent-hash valid" classname="com.github.traderjoe95.mls.protocol.tree.TreeKem" time="0.0"/>
  <testcase name="the tree hash after merging the update path should be 015b40f84a1bdba885519c1981e82f9d4f0b946fb67d060299c45bb3b6b533bd" classname="com.github.traderjoe95.mls.protocol.tree.TreeKem" time="0.0"/>
  <testcase name="the decrypted path secret should be eb5a5d5cf1d1fd0d3f8eee2db26045ce1552843d8aaa408b627dc96c400d68e1" classname="com.github.traderjoe95.mls.protocol.tree.TreeKem" time="0.0"/>
  <testcase name="a new update path generated by the sender should be successfully processed" classname="com.github.traderjoe95.mls.protocol.tree.TreeKem" time="0.001"/>
  <testcase name="the update path should be parent-hash valid" classname="com.github.traderjoe95.mls.protocol.tree.TreeKem" time="0.001"/>
  <testcase name="the tree hash after merging the update path should be 015b40f84a1bdba885519c1981e82f9d4f0b946fb67d060299c45bb3b6b533bd" classname="com.github.traderjoe95.mls.protocol.tree.TreeKem" time="0.0"/>
  <testcase name="the decrypted path secret should be bf2287b9308f90a81bb6e3bea71f106c4e916eda0a836d57e5e7442aa5b3ce17" classname="com.github.traderjoe95.mls.protocol.tree.TreeKem" time="0.0"/>
  <testcase name="a new update path generated by the sender should be successfully processed" classname="com.github.traderjoe95.mls.protocol.tree.TreeKem" time="0.0"/>
  <testcase name="the update path should be parent-hash valid" classname="com.github.traderjoe95.mls.protocol.tree.TreeKem" time="0.0"/>
  <testcase name="the tree hash after merging the update path should be 015b40f84a1bdba885519c1981e82f9d4f0b946fb67d060299c45bb3b6b533bd" classname="com.github.traderjoe95.mls.protocol.tree.TreeKem" time="0.0"/>
  <testcase name="the decrypted path secret should be bf2287b9308f90a81bb6e3bea71f106c4e916eda0a836d57e5e7442aa5b3ce17" classname="com.github.traderjoe95.mls.protocol.tree.TreeKem" time="0.0"/>
  <testcase name="a new update path generated by the sender should be successfully processed" classname="com.github.traderjoe95.mls.protocol.tree.TreeKem" time="0.001"/>
  <testcase name="the update path should be parent-hash valid" classname="com.github.traderjoe95.mls.protocol.tree.TreeKem" time="0.0"/>
  <testcase name="the tree hash after merging the update path should be 015b40f84a1bdba885519c1981e82f9d4f0b946fb67d060299c45bb3b6b533bd" classname="com.github.traderjoe95.mls.protocol.tree.TreeKem" time="0.0"/>
  <testcase name="the decrypted path secret should be a4c6b3a7f2683f396a924f243a9ab2968c56d2a22675699d1172488f3dd5c872" classname="com.github.traderjoe95.mls.protocol.tree.TreeKem" time="0.001"/>
  <testcase name="a new update path generated by the sender should be successfully processed" classname="com.github.traderjoe95.mls.protocol.tree.TreeKem" time="0.001"/>
  <testcase name="the update path should be parent-hash valid" classname="com.github.traderjoe95.mls.protocol.tree.TreeKem" time="0.0"/>
  <testcase name="the tree hash after merging the update path should be 015b40f84a1bdba885519c1981e82f9d4f0b946fb67d060299c45bb3b6b533bd" classname="com.github.traderjoe95.mls.protocol.tree.TreeKem" time="0.0"/>
  <testcase name="the decrypted path secret should be a4c6b3a7f2683f396a924f243a9ab2968c56d2a22675699d1172488f3dd5c872" classname="com.github.traderjoe95.mls.protocol.tree.TreeKem" time="0.0"/>
  <testcase name="a new update path generated by the sender should be successfully processed" classname="com.github.traderjoe95.mls.protocol.tree.TreeKem" time="0.001"/>
  <testcase name="the update path should be parent-hash valid" classname="com.github.traderjoe95.mls.protocol.tree.TreeKem" time="0.0"/>
  <testcase name="the tree hash after merging the update path should be 015b40f84a1bdba885519c1981e82f9d4f0b946fb67d060299c45bb3b6b533bd" classname="com.github.traderjoe95.mls.protocol.tree.TreeKem" time="0.001"/>
  <testcase name="the decrypted path secret should be a4c6b3a7f2683f396a924f243a9ab2968c56d2a22675699d1172488f3dd5c872" classname="com.github.traderjoe95.mls.protocol.tree.TreeKem" time="0.001"/>
  <testcase name="a new update path generated by the sender should be successfully processed" classname="com.github.traderjoe95.mls.protocol.tree.TreeKem" time="0.001"/>
  <testcase name="the update path should be parent-hash valid" classname="com.github.traderjoe95.mls.protocol.tree.TreeKem" time="0.0"/>
  <testcase name="the tree hash after merging the update path should be d93a8e59e0f7d7a1d506044115dfde2264014318c8c4f1f45123812e1a450616" classname="com.github.traderjoe95.mls.protocol.tree.TreeKem" time="0.001"/>
  <testcase name="the decrypted path secret should be c567b6851385d42b8ebc016fb840bb6445d6f3b9974c077afe504326540b7a8b" classname="com.github.traderjoe95.mls.protocol.tree.TreeKem" time="0.001"/>
  <testcase name="a new update path generated by the sender should be successfully processed" classname="com.github.traderjoe95.mls.protocol.tree.TreeKem" time="0.001"/>
  <testcase name="the update path should be parent-hash valid" classname="com.github.traderjoe95.mls.protocol.tree.TreeKem" time="0.0"/>
  <testcase name="the tree hash after merging the update path should be d93a8e59e0f7d7a1d506044115dfde2264014318c8c4f1f45123812e1a450616" classname="com.github.traderjoe95.mls.protocol.tree.TreeKem" time="0.0"/>
  <testcase name="the decrypted path secret should be c567b6851385d42b8ebc016fb840bb6445d6f3b9974c077afe504326540b7a8b" classname="com.github.traderjoe95.mls.protocol.tree.TreeKem" time="0.001"/>
  <testcase name="a new update path generated by the sender should be successfully processed" classname="com.github.traderjoe95.mls.protocol.tree.TreeKem" time="0.001"/>
  <testcase name="the update path should be parent-hash valid" classname="com.github.traderjoe95.mls.protocol.tree.TreeKem" time="0.0"/>
  <testcase name="the tree hash after merging the update path should be d93a8e59e0f7d7a1d506044115dfde2264014318c8c4f1f45123812e1a450616" classname="com.github.traderjoe95.mls.protocol.tree.TreeKem" time="0.0"/>
  <testcase name="the decrypted path secret should be 6fae6a6ae8168067960935a5544bbea1aa79284cc89a0568c2c3e176f720cb23" classname="com.github.traderjoe95.mls.protocol.tree.TreeKem" time="0.0"/>
  <testcase name="a new update path generated by the sender should be successfully processed" classname="com.github.traderjoe95.mls.protocol.tree.TreeKem" time="0.0"/>
  <testcase name="the update path should be parent-hash valid" classname="com.github.traderjoe95.mls.protocol.tree.TreeKem" time="0.0"/>
  <testcase name="the tree hash after merging the update path should be d93a8e59e0f7d7a1d506044115dfde2264014318c8c4f1f45123812e1a450616" classname="com.github.traderjoe95.mls.protocol.tree.TreeKem" time="0.0"/>
  <testcase name="the decrypted path secret should be c55f58597eb3b6ccddd35266237bcb016529151e01d0402239a90135d4e74a4d" classname="com.github.traderjoe95.mls.protocol.tree.TreeKem" time="0.0"/>
  <testcase name="a new update path generated by the sender should be successfully processed" classname="com.github.traderjoe95.mls.protocol.tree.TreeKem" time="0.001"/>
  <testcase name="the update path should be parent-hash valid" classname="com.github.traderjoe95.mls.protocol.tree.TreeKem" time="0.0"/>
  <testcase name="the tree hash after merging the update path should be d93a8e59e0f7d7a1d506044115dfde2264014318c8c4f1f45123812e1a450616" classname="com.github.traderjoe95.mls.protocol.tree.TreeKem" time="0.0"/>
  <testcase name="the decrypted path secret should be c55f58597eb3b6ccddd35266237bcb016529151e01d0402239a90135d4e74a4d" classname="com.github.traderjoe95.mls.protocol.tree.TreeKem" time="0.001"/>
  <testcase name="a new update path generated by the sender should be successfully processed" classname="com.github.traderjoe95.mls.protocol.tree.TreeKem" time="0.001"/>
  <testcase name="the update path should be parent-hash valid" classname="com.github.traderjoe95.mls.protocol.tree.TreeKem" time="0.0"/>
  <testcase name="the tree hash after merging the update path should be d93a8e59e0f7d7a1d506044115dfde2264014318c8c4f1f45123812e1a450616" classname="com.github.traderjoe95.mls.protocol.tree.TreeKem" time="0.0"/>
  <testcase name="the decrypted path secret should be c55f58597eb3b6ccddd35266237bcb016529151e01d0402239a90135d4e74a4d" classname="com.github.traderjoe95.mls.protocol.tree.TreeKem" time="0.001"/>
  <testcase name="a new update path generated by the sender should be successfully processed" classname="com.github.traderjoe95.mls.protocol.tree.TreeKem" time="0.001"/>
  <testcase name="the update path should be parent-hash valid" classname="com.github.traderjoe95.mls.protocol.tree.TreeKem" time="0.0"/>
  <testcase name="the tree hash after merging the update path should be 107dbed863079681e3fa584d8dadb6ae2aed6034e99d927f3baf81094c4f385c" classname="com.github.traderjoe95.mls.protocol.tree.TreeKem" time="0.001"/>
  <testcase name="the decrypted path secret should be 7d3ddf5e00970591f45c083d1d5d76076781b66687f02d33cfa92f5c8d150335" classname="com.github.traderjoe95.mls.protocol.tree.TreeKem" time="0.001"/>
  <testcase name="a new update path generated by the sender should be successfully processed" classname="com.github.traderjoe95.mls.protocol.tree.TreeKem" time="0.001"/>
  <testcase name="the update path should be parent-hash valid" classname="com.github.traderjoe95.mls.protocol.tree.TreeKem" time="0.0"/>
  <testcase name="the tree hash after merging the update path should be 107dbed863079681e3fa584d8dadb6ae2aed6034e99d927f3baf81094c4f385c" classname="com.github.traderjoe95.mls.protocol.tree.TreeKem" time="0.001"/>
  <testcase name="the decrypted path secret should be 7d3ddf5e00970591f45c083d1d5d76076781b66687f02d33cfa92f5c8d150335" classname="com.github.traderjoe95.mls.protocol.tree.TreeKem" time="0.001"/>
  <testcase name="a new update path generated by the sender should be successfully processed" classname="com.github.traderjoe95.mls.protocol.tree.TreeKem" time="0.001"/>
  <testcase name="the update path should be parent-hash valid" classname="com.github.traderjoe95.mls.protocol.tree.TreeKem" time="0.001"/>
  <testcase name="the tree hash after merging the update path should be 107dbed863079681e3fa584d8dadb6ae2aed6034e99d927f3baf81094c4f385c" classname="com.github.traderjoe95.mls.protocol.tree.TreeKem" time="0.0"/>
  <testcase name="the decrypted path secret should be 70b7423ef7b445ac97933b9d424a9252181598a91fa5aa1b589138554fc50ea7" classname="com.github.traderjoe95.mls.protocol.tree.TreeKem" time="0.0"/>
  <testcase name="a new update path generated by the sender should be successfully processed" classname="com.github.traderjoe95.mls.protocol.tree.TreeKem" time="0.001"/>
  <testcase name="the update path should be parent-hash valid" classname="com.github.traderjoe95.mls.protocol.tree.TreeKem" time="0.0"/>
  <testcase name="the tree hash after merging the update path should be 107dbed863079681e3fa584d8dadb6ae2aed6034e99d927f3baf81094c4f385c" classname="com.github.traderjoe95.mls.protocol.tree.TreeKem" time="0.0"/>
  <testcase name="the decrypted path secret should be b6f380c82f919d3a3849644e03eb470c2605306a099c81c32f8ff1c43910e897" classname="com.github.traderjoe95.mls.protocol.tree.TreeKem" time="0.0"/>
  <testcase name="a new update path generated by the sender should be successfully processed" classname="com.github.traderjoe95.mls.protocol.tree.TreeKem" time="0.0"/>
  <testcase name="the update path should be parent-hash valid" classname="com.github.traderjoe95.mls.protocol.tree.TreeKem" time="0.0"/>
  <testcase name="the tree hash after merging the update path should be 107dbed863079681e3fa584d8dadb6ae2aed6034e99d927f3baf81094c4f385c" classname="com.github.traderjoe95.mls.protocol.tree.TreeKem" time="0.0"/>
  <testcase name="the decrypted path secret should be b6f380c82f919d3a3849644e03eb470c2605306a099c81c32f8ff1c43910e897" classname="com.github.traderjoe95.mls.protocol.tree.TreeKem" time="0.0"/>
  <testcase name="a new update path generated by the sender should be successfully processed" classname="com.github.traderjoe95.mls.protocol.tree.TreeKem" time="0.0"/>
  <testcase name="the update path should be parent-hash valid" classname="com.github.traderjoe95.mls.protocol.tree.TreeKem" time="0.0"/>
  <testcase name="the tree hash after merging the update path should be 107dbed863079681e3fa584d8dadb6ae2aed6034e99d927f3baf81094c4f385c" classname="com.github.traderjoe95.mls.protocol.tree.TreeKem" time="0.0"/>
  <testcase name="the decrypted path secret should be b6f380c82f919d3a3849644e03eb470c2605306a099c81c32f8ff1c43910e897" classname="com.github.traderjoe95.mls.protocol.tree.TreeKem" time="0.001"/>
  <testcase name="a new update path generated by the sender should be successfully processed" classname="com.github.traderjoe95.mls.protocol.tree.TreeKem" time="0.001"/>
  <testcase name="the update path should be parent-hash valid" classname="com.github.traderjoe95.mls.protocol.tree.TreeKem" time="0.0"/>
  <testcase name="the tree hash after merging the update path should be b07588d261eba0a8835ea6426350fa34bc6f61f86aa80f48d8c3c87665aed577" classname="com.github.traderjoe95.mls.protocol.tree.TreeKem" time="0.001"/>
  <testcase name="the decrypted path secret should be 10dfd742d58919cb03e61fb43bd627791014f40d2bf6f72d8ef1a4b04d19092d" classname="com.github.traderjoe95.mls.protocol.tree.TreeKem" time="0.001"/>
  <testcase name="a new update path generated by the sender should be successfully processed" classname="com.github.traderjoe95.mls.protocol.tree.TreeKem" time="0.001"/>
  <testcase name="the update path should be parent-hash valid" classname="com.github.traderjoe95.mls.protocol.tree.TreeKem" time="0.0"/>
  <testcase name="the tree hash after merging the update path should be b07588d261eba0a8835ea6426350fa34bc6f61f86aa80f48d8c3c87665aed577" classname="com.github.traderjoe95.mls.protocol.tree.TreeKem" time="0.001"/>
  <testcase name="the decrypted path secret should be 10dfd742d58919cb03e61fb43bd627791014f40d2bf6f72d8ef1a4b04d19092d" classname="com.github.traderjoe95.mls.protocol.tree.TreeKem" time="0.001"/>
  <testcase name="a new update path generated by the sender should be successfully processed" classname="com.github.traderjoe95.mls.protocol.tree.TreeKem" time="0.001"/>
  <testcase name="the update path should be parent-hash valid" classname="com.github.traderjoe95.mls.protocol.tree.TreeKem" time="0.0"/>
  <testcase name="the tree hash after merging the update path should be b07588d261eba0a8835ea6426350fa34bc6f61f86aa80f48d8c3c87665aed577" classname="com.github.traderjoe95.mls.protocol.tree.TreeKem" time="0.0"/>
  <testcase name="the decrypted path secret should be 10dfd742d58919cb03e61fb43bd627791014f40d2bf6f72d8ef1a4b04d19092d" classname="com.github.traderjoe95.mls.protocol.tree.TreeKem" time="0.001"/>
  <testcase name="a new update path generated by the sender should be successfully processed" classname="com.github.traderjoe95.mls.protocol.tree.TreeKem" time="0.001"/>
  <testcase name="the update path should be parent-hash valid" classname="com.github.traderjoe95.mls.protocol.tree.TreeKem" time="0.0"/>
  <testcase name="the tree hash after merging the update path should be b07588d261eba0a8835ea6426350fa34bc6f61f86aa80f48d8c3c87665aed577" classname="com.github.traderjoe95.mls.protocol.tree.TreeKem" time="0.001"/>
  <testcase name="the decrypted path secret should be 10dfd742d58919cb03e61fb43bd627791014f40d2bf6f72d8ef1a4b04d19092d" classname="com.github.traderjoe95.mls.protocol.tree.TreeKem" time="0.001"/>
  <testcase name="a new update path generated by the sender should be successfully processed" classname="com.github.traderjoe95.mls.protocol.tree.TreeKem" time="0.001"/>
  <testcase name="the update path should be parent-hash valid" classname="com.github.traderjoe95.mls.protocol.tree.TreeKem" time="0.0"/>
  <testcase name="the tree hash after merging the update path should be b07588d261eba0a8835ea6426350fa34bc6f61f86aa80f48d8c3c87665aed577" classname="com.github.traderjoe95.mls.protocol.tree.TreeKem" time="0.0"/>
  <testcase name="the decrypted path secret should be 70bdad37a2889a4dd2730efaa5bfa0504c7ddedc1f85577a61003d2978102d53" classname="com.github.traderjoe95.mls.protocol.tree.TreeKem" time="0.0"/>
  <testcase name="a new update path generated by the sender should be successfully processed" classname="com.github.traderjoe95.mls.protocol.tree.TreeKem" time="0.001"/>
  <testcase name="the update path should be parent-hash valid" classname="com.github.traderjoe95.mls.protocol.tree.TreeKem" time="0.001"/>
  <testcase name="the tree hash after merging the update path should be b07588d261eba0a8835ea6426350fa34bc6f61f86aa80f48d8c3c87665aed577" classname="com.github.traderjoe95.mls.protocol.tree.TreeKem" time="0.0"/>
  <testcase name="the decrypted path secret should be 08f5209b9cca5c806899f2738de60f7c0263794e459b1d9d9fe9293b8d97b34a" classname="com.github.traderjoe95.mls.protocol.tree.TreeKem" time="0.0"/>
  <testcase name="a new update path generated by the sender should be successfully processed" classname="com.github.traderjoe95.mls.protocol.tree.TreeKem" time="0.001"/>
  <testcase name="the update path should be parent-hash valid" classname="com.github.traderjoe95.mls.protocol.tree.TreeKem" time="0.001"/>
  <testcase name="the tree hash after merging the update path should be dfcd429006a768fe090bc09165e408a446cf7b249468f72e6fc8d33d2f70e3e8" classname="com.github.traderjoe95.mls.protocol.tree.TreeKem" time="0.0"/>
  <testcase name="the decrypted path secret should be df78def003afd89209a42b174a0fd6bc6a6df55cb4f5393f11f96db5334d46e2" classname="com.github.traderjoe95.mls.protocol.tree.TreeKem" time="0.0"/>
  <testcase name="a new update path generated by the sender should be successfully processed" classname="com.github.traderjoe95.mls.protocol.tree.TreeKem" time="0.0"/>
  <testcase name="the update path should be parent-hash valid" classname="com.github.traderjoe95.mls.protocol.tree.TreeKem" time="0.0"/>
  <testcase name="the tree hash after merging the update path should be dfcd429006a768fe090bc09165e408a446cf7b249468f72e6fc8d33d2f70e3e8" classname="com.github.traderjoe95.mls.protocol.tree.TreeKem" time="0.001"/>
  <testcase name="the decrypted path secret should be df78def003afd89209a42b174a0fd6bc6a6df55cb4f5393f11f96db5334d46e2" classname="com.github.traderjoe95.mls.protocol.tree.TreeKem" time="0.001"/>
  <testcase name="a new update path generated by the sender should be successfully processed" classname="com.github.traderjoe95.mls.protocol.tree.TreeKem" time="0.001"/>
  <testcase name="the update path should be parent-hash valid" classname="com.github.traderjoe95.mls.protocol.tree.TreeKem" time="0.0"/>
  <testcase name="the tree hash after merging the update path should be dfcd429006a768fe090bc09165e408a446cf7b249468f72e6fc8d33d2f70e3e8" classname="com.github.traderjoe95.mls.protocol.tree.TreeKem" time="0.0"/>
  <testcase name="the decrypted path secret should be df78def003afd89209a42b174a0fd6bc6a6df55cb4f5393f11f96db5334d46e2" classname="com.github.traderjoe95.mls.protocol.tree.TreeKem" time="0.0"/>
  <testcase name="a new update path generated by the sender should be successfully processed" classname="com.github.traderjoe95.mls.protocol.tree.TreeKem" time="0.0"/>
  <testcase name="the update path should be parent-hash valid" classname="com.github.traderjoe95.mls.protocol.tree.TreeKem" time="0.001"/>
  <testcase name="the tree hash after merging the update path should be dfcd429006a768fe090bc09165e408a446cf7b249468f72e6fc8d33d2f70e3e8" classname="com.github.traderjoe95.mls.protocol.tree.TreeKem" time="0.001"/>
  <testcase name="the decrypted path secret should be df78def003afd89209a42b174a0fd6bc6a6df55cb4f5393f11f96db5334d46e2" classname="com.github.traderjoe95.mls.protocol.tree.TreeKem" time="0.001"/>
  <testcase name="a new update path generated by the sender should be successfully processed" classname="com.github.traderjoe95.mls.protocol.tree.TreeKem" time="0.001"/>
  <testcase name="the update path should be parent-hash valid" classname="com.github.traderjoe95.mls.protocol.tree.TreeKem" time="0.0"/>
  <testcase name="the tree hash after merging the update path should be dfcd429006a768fe090bc09165e408a446cf7b249468f72e6fc8d33d2f70e3e8" classname="com.github.traderjoe95.mls.protocol.tree.TreeKem" time="0.001"/>
  <testcase name="the decrypted path secret should be 64bd2bb269f7f507523b80ca5e8c07a2c1c4645f47f88ce772bbd058bcf4322b" classname="com.github.traderjoe95.mls.protocol.tree.TreeKem" time="0.001"/>
  <testcase name="a new update path generated by the sender should be successfully processed" classname="com.github.traderjoe95.mls.protocol.tree.TreeKem" time="0.001"/>
  <testcase name="the update path should be parent-hash valid" classname="com.github.traderjoe95.mls.protocol.tree.TreeKem" time="0.0"/>
  <testcase name="the tree hash after merging the update path should be dfcd429006a768fe090bc09165e408a446cf7b249468f72e6fc8d33d2f70e3e8" classname="com.github.traderjoe95.mls.protocol.tree.TreeKem" time="0.0"/>
  <testcase name="the decrypted path secret should be 52e94c18c6833721bf3739ecaaa7886e6b42410f442599edbbca8243ca4f217b" classname="com.github.traderjoe95.mls.protocol.tree.TreeKem" time="0.001"/>
  <testcase name="a new update path generated by the sender should be successfully processed" classname="com.github.traderjoe95.mls.protocol.tree.TreeKem" time="0.001"/>
  <testcase name="the update path should be parent-hash valid" classname="com.github.traderjoe95.mls.protocol.tree.TreeKem" time="0.0"/>
  <testcase name="the tree hash after merging the update path should be 01678197dd1c7a0eaee34b40e08dd0bcb2c57a7ed5781eb013931e6fa45f79de" classname="com.github.traderjoe95.mls.protocol.tree.TreeKem" time="0.0"/>
  <testcase name="the decrypted path secret should be ea27519c11d740fb0179bef369141d1b80103b2b7f1786ea6624ec5a7ca4d898" classname="com.github.traderjoe95.mls.protocol.tree.TreeKem" time="0.001"/>
  <testcase name="a new update path generated by the sender should be successfully processed" classname="com.github.traderjoe95.mls.protocol.tree.TreeKem" time="0.001"/>
  <testcase name="the update path should be parent-hash valid" classname="com.github.traderjoe95.mls.protocol.tree.TreeKem" time="0.0"/>
  <testcase name="the tree hash after merging the update path should be 01678197dd1c7a0eaee34b40e08dd0bcb2c57a7ed5781eb013931e6fa45f79de" classname="com.github.traderjoe95.mls.protocol.tree.TreeKem" time="0.0"/>
  <testcase name="the decrypted path secret should be ea27519c11d740fb0179bef369141d1b80103b2b7f1786ea6624ec5a7ca4d898" classname="com.github.traderjoe95.mls.protocol.tree.TreeKem" time="0.001"/>
  <testcase name="a new update path generated by the sender should be successfully processed" classname="com.github.traderjoe95.mls.protocol.tree.TreeKem" time="0.001"/>
  <testcase name="the update path should be parent-hash valid" classname="com.github.traderjoe95.mls.protocol.tree.TreeKem" time="0.0"/>
  <testcase name="the tree hash after merging the update path should be 01678197dd1c7a0eaee34b40e08dd0bcb2c57a7ed5781eb013931e6fa45f79de" classname="com.github.traderjoe95.mls.protocol.tree.TreeKem" time="0.0"/>
  <testcase name="the decrypted path secret should be ea27519c11d740fb0179bef369141d1b80103b2b7f1786ea6624ec5a7ca4d898" classname="com.github.traderjoe95.mls.protocol.tree.TreeKem" time="0.0"/>
  <testcase name="a new update path generated by the sender should be successfully processed" classname="com.github.traderjoe95.mls.protocol.tree.TreeKem" time="0.001"/>
  <testcase name="the update path should be parent-hash valid" classname="com.github.traderjoe95.mls.protocol.tree.TreeKem" time="0.0"/>
  <testcase name="the tree hash after merging the update path should be 01678197dd1c7a0eaee34b40e08dd0bcb2c57a7ed5781eb013931e6fa45f79de" classname="com.github.traderjoe95.mls.protocol.tree.TreeKem" time="0.001"/>
  <testcase name="the decrypted path secret should be ea27519c11d740fb0179bef369141d1b80103b2b7f1786ea6624ec5a7ca4d898" classname="com.github.traderjoe95.mls.protocol.tree.TreeKem" time="0.001"/>
  <testcase name="a new update path generated by the sender should be successfully processed" classname="com.github.traderjoe95.mls.protocol.tree.TreeKem" time="0.001"/>
  <testcase name="the update path should be parent-hash valid" classname="com.github.traderjoe95.mls.protocol.tree.TreeKem" time="0.0"/>
  <testcase name="the tree hash after merging the update path should be 01678197dd1c7a0eaee34b40e08dd0bcb2c57a7ed5781eb013931e6fa45f79de" classname="com.github.traderjoe95.mls.protocol.tree.TreeKem" time="0.001"/>
  <testcase name="the decrypted path secret should be ca69166f025fa41aa8567d94432af6c8de180733a5dcb768c44ac18368f05129" classname="com.github.traderjoe95.mls.protocol.tree.TreeKem" time="0.001"/>
  <testcase name="a new update path generated by the sender should be successfully processed" classname="com.github.traderjoe95.mls.protocol.tree.TreeKem" time="0.001"/>
  <testcase name="the update path should be parent-hash valid" classname="com.github.traderjoe95.mls.protocol.tree.TreeKem" time="0.0"/>
  <testcase name="the tree hash after merging the update path should be 01678197dd1c7a0eaee34b40e08dd0bcb2c57a7ed5781eb013931e6fa45f79de" classname="com.github.traderjoe95.mls.protocol.tree.TreeKem" time="0.0"/>
  <testcase name="the decrypted path secret should be ca69166f025fa41aa8567d94432af6c8de180733a5dcb768c44ac18368f05129" classname="com.github.traderjoe95.mls.protocol.tree.TreeKem" time="0.001"/>
  <testcase name="a new update path generated by the sender should be successfully processed" classname="com.github.traderjoe95.mls.protocol.tree.TreeKem" time="0.001"/>
  <testcase name="non-blank leaf 0 should be consistent with the public state" classname="com.github.traderjoe95.mls.protocol.tree.TreeKem" time="0.002"/>
  <testcase name="non-blank leaf 1 should be consistent with the public state" classname="com.github.traderjoe95.mls.protocol.tree.TreeKem" time="0.002"/>
  <testcase name="the update path should be parent-hash valid" classname="com.github.traderjoe95.mls.protocol.tree.TreeKem" time="0.001"/>
  <testcase name="the tree hash after merging the update path should be 96bf5de128d40e612d27419aa1736065205d6bb443c2e832385b1fe02b031f6d" classname="com.github.traderjoe95.mls.protocol.tree.TreeKem" time="0.0"/>
  <testcase name="the decrypted path secret should be e8608097b9da1863d6a6b540542af95b96ab95bcd9a9c04763313b61c2c99d44" classname="com.github.traderjoe95.mls.protocol.tree.TreeKem" time="0.0"/>
  <testcase name="a new update path generated by the sender should be successfully processed" classname="com.github.traderjoe95.mls.protocol.tree.TreeKem" time="0.001"/>
  <testcase name="the update path should be parent-hash valid" classname="com.github.traderjoe95.mls.protocol.tree.TreeKem" time="0.001"/>
  <testcase name="the tree hash after merging the update path should be 42b9a6d5da69e3ca0e060f932edf83f3c2dc63dd17790d8c6e7b8f5cadd391cc" classname="com.github.traderjoe95.mls.protocol.tree.TreeKem" time="0.0"/>
  <testcase name="the decrypted path secret should be 482f034750eac133955a4b06f9907e221c4f7dcde23cd44839d939e74845d5b6" classname="com.github.traderjoe95.mls.protocol.tree.TreeKem" time="0.0"/>
  <testcase name="a new update path generated by the sender should be successfully processed" classname="com.github.traderjoe95.mls.protocol.tree.TreeKem" time="0.001"/>
  <testcase name="non-blank leaf 0 should be consistent with the public state" classname="com.github.traderjoe95.mls.protocol.tree.TreeKem" time="0.004"/>
  <testcase name="non-blank leaf 1 should be consistent with the public state" classname="com.github.traderjoe95.mls.protocol.tree.TreeKem" time="0.004"/>
  <testcase name="non-blank leaf 2 should be consistent with the public state" classname="com.github.traderjoe95.mls.protocol.tree.TreeKem" time="0.002"/>
  <testcase name="the update path should be parent-hash valid" classname="com.github.traderjoe95.mls.protocol.tree.TreeKem" time="0.0"/>
  <testcase name="the tree hash after merging the update path should be 7b79a0f4e71fc64192a6f7b7054f4299e3f70d2f4580369029a6ac9c5106c58d" classname="com.github.traderjoe95.mls.protocol.tree.TreeKem" time="0.001"/>
  <testcase name="the decrypted path secret should be e8608097b9da1863d6a6b540542af95b96ab95bcd9a9c04763313b61c2c99d44" classname="com.github.traderjoe95.mls.protocol.tree.TreeKem" time="0.001"/>
  <testcase name="a new update path generated by the sender should be successfully processed" classname="com.github.traderjoe95.mls.protocol.tree.TreeKem" time="0.001"/>
  <testcase name="the update path should be parent-hash valid" classname="com.github.traderjoe95.mls.protocol.tree.TreeKem" time="0.0"/>
  <testcase name="the tree hash after merging the update path should be 7b79a0f4e71fc64192a6f7b7054f4299e3f70d2f4580369029a6ac9c5106c58d" classname="com.github.traderjoe95.mls.protocol.tree.TreeKem" time="0.0"/>
  <testcase name="the decrypted path secret should be 5ccc25c82569cc9731283abbdb9265187c17503e6f9c4ba2484a9e210e83f5a3" classname="com.github.traderjoe95.mls.protocol.tree.TreeKem" time="0.001"/>
  <testcase name="a new update path generated by the sender should be successfully processed" classname="com.github.traderjoe95.mls.protocol.tree.TreeKem" time="0.001"/>
  <testcase name="the update path should be parent-hash valid" classname="com.github.traderjoe95.mls.protocol.tree.TreeKem" time="0.0"/>
  <testcase name="the tree hash after merging the update path should be bf8aa084b150e573170e934b03ddc1ed37c7598d59b0ed223e641f020a7adf30" classname="com.github.traderjoe95.mls.protocol.tree.TreeKem" time="0.0"/>
  <testcase name="the decrypted path secret should be 482f034750eac133955a4b06f9907e221c4f7dcde23cd44839d939e74845d5b6" classname="com.github.traderjoe95.mls.protocol.tree.TreeKem" time="0.001"/>
  <testcase name="a new update path generated by the sender should be successfully processed" classname="com.github.traderjoe95.mls.protocol.tree.TreeKem" time="0.0"/>
  <testcase name="the update path should be parent-hash valid" classname="com.github.traderjoe95.mls.protocol.tree.TreeKem" time="0.0"/>
  <testcase name="the tree hash after merging the update path should be bf8aa084b150e573170e934b03ddc1ed37c7598d59b0ed223e641f020a7adf30" classname="com.github.traderjoe95.mls.protocol.tree.TreeKem" time="0.0"/>
  <testcase name="the decrypted path secret should be 4179fbbca043d7139726430d976a623eac87a9d18bfee7227f2c4d54c16d041e" classname="com.github.traderjoe95.mls.protocol.tree.TreeKem" time="0.001"/>
  <testcase name="a new update path generated by the sender should be successfully processed" classname="com.github.traderjoe95.mls.protocol.tree.TreeKem" time="0.0"/>
  <testcase name="the update path should be parent-hash valid" classname="com.github.traderjoe95.mls.protocol.tree.TreeKem" time="0.0"/>
  <testcase name="the tree hash after merging the update path should be 67e5f94a55d0c4b79f51ad1afd0a9f62e807ccffccb3e539f944b1ec28894f59" classname="com.github.traderjoe95.mls.protocol.tree.TreeKem" time="0.0"/>
  <testcase name="the decrypted path secret should be 65ed1479842ad410d32092f6073db017eac8827be3c47d169f742a167755cbeb" classname="com.github.traderjoe95.mls.protocol.tree.TreeKem" time="0.002"/>
  <testcase name="a new update path generated by the sender should be successfully processed" classname="com.github.traderjoe95.mls.protocol.tree.TreeKem" time="0.001"/>
  <testcase name="the update path should be parent-hash valid" classname="com.github.traderjoe95.mls.protocol.tree.TreeKem" time="0.0"/>
  <testcase name="the tree hash after merging the update path should be 67e5f94a55d0c4b79f51ad1afd0a9f62e807ccffccb3e539f944b1ec28894f59" classname="com.github.traderjoe95.mls.protocol.tree.TreeKem" time="0.0"/>
  <testcase name="the decrypted path secret should be 65ed1479842ad410d32092f6073db017eac8827be3c47d169f742a167755cbeb" classname="com.github.traderjoe95.mls.protocol.tree.TreeKem" time="0.0"/>
  <testcase name="a new update path generated by the sender should be successfully processed" classname="com.github.traderjoe95.mls.protocol.tree.TreeKem" time="0.001"/>
  <testcase name="non-blank leaf 0 should be consistent with the public state" classname="com.github.traderjoe95.mls.protocol.tree.TreeKem" time="0.004"/>
  <testcase name="non-blank leaf 1 should be consistent with the public state" classname="com.github.traderjoe95.mls.protocol.tree.TreeKem" time="0.004"/>
  <testcase name="non-blank leaf 2 should be consistent with the public state" classname="com.github.traderjoe95.mls.protocol.tree.TreeKem" time="0.004"/>
  <testcase name="non-blank leaf 3 should be consistent with the public state" classname="com.github.traderjoe95.mls.protocol.tree.TreeKem" time="0.003"/>
  <testcase name="the update path should be parent-hash valid" classname="com.github.traderjoe95.mls.protocol.tree.TreeKem" time="0.0"/>
  <testcase name="the tree hash after merging the update path should be 3f3fa65a1e29ae599a293966f4876005a592af744eb91daaccd57dd060c32611" classname="com.github.traderjoe95.mls.protocol.tree.TreeKem" time="0.0"/>
  <testcase name="the decrypted path secret should be e8608097b9da1863d6a6b540542af95b96ab95bcd9a9c04763313b61c2c99d44" classname="com.github.traderjoe95.mls.protocol.tree.TreeKem" time="0.0"/>
  <testcase name="a new update path generated by the sender should be successfully processed" classname="com.github.traderjoe95.mls.protocol.tree.TreeKem" time="0.0"/>
  <testcase name="the update path should be parent-hash valid" classname="com.github.traderjoe95.mls.protocol.tree.TreeKem" time="0.0"/>
  <testcase name="the tree hash after merging the update path should be 3f3fa65a1e29ae599a293966f4876005a592af744eb91daaccd57dd060c32611" classname="com.github.traderjoe95.mls.protocol.tree.TreeKem" time="0.0"/>
  <testcase name="the decrypted path secret should be 5ccc25c82569cc9731283abbdb9265187c17503e6f9c4ba2484a9e210e83f5a3" classname="com.github.traderjoe95.mls.protocol.tree.TreeKem" time="0.0"/>
  <testcase name="a new update path generated by the sender should be successfully processed" classname="com.github.traderjoe95.mls.protocol.tree.TreeKem" time="0.001"/>
  <testcase name="the update path should be parent-hash valid" classname="com.github.traderjoe95.mls.protocol.tree.TreeKem" time="0.0"/>
  <testcase name="the tree hash after merging the update path should be 3f3fa65a1e29ae599a293966f4876005a592af744eb91daaccd57dd060c32611" classname="com.github.traderjoe95.mls.protocol.tree.TreeKem" time="0.0"/>
  <testcase name="the decrypted path secret should be 5ccc25c82569cc9731283abbdb9265187c17503e6f9c4ba2484a9e210e83f5a3" classname="com.github.traderjoe95.mls.protocol.tree.TreeKem" time="0.001"/>
  <testcase name="a new update path generated by the sender should be successfully processed" classname="com.github.traderjoe95.mls.protocol.tree.TreeKem" time="0.001"/>
  <testcase name="the update path should be parent-hash valid" classname="com.github.traderjoe95.mls.protocol.tree.TreeKem" time="0.0"/>
  <testcase name="the tree hash after merging the update path should be e9a4b774b81cd5047901369f74967ed23d876b7e2c1c956657a7914bbf562cb2" classname="com.github.traderjoe95.mls.protocol.tree.TreeKem" time="0.001"/>
  <testcase name="the decrypted path secret should be 482f034750eac133955a4b06f9907e221c4f7dcde23cd44839d939e74845d5b6" classname="com.github.traderjoe95.mls.protocol.tree.TreeKem" time="0.001"/>
  <testcase name="a new update path generated by the sender should be successfully processed" classname="com.github.traderjoe95.mls.protocol.tree.TreeKem" time="0.001"/>
  <testcase name="the update path should be parent-hash valid" classname="com.github.traderjoe95.mls.protocol.tree.TreeKem" time="0.001"/>
  <testcase name="the tree hash after merging the update path should be e9a4b774b81cd5047901369f74967ed23d876b7e2c1c956657a7914bbf562cb2" classname="com.github.traderjoe95.mls.protocol.tree.TreeKem" time="0.0"/>
  <testcase name="the decrypted path secret should be 4179fbbca043d7139726430d976a623eac87a9d18bfee7227f2c4d54c16d041e" classname="com.github.traderjoe95.mls.protocol.tree.TreeKem" time="0.001"/>
  <testcase name="a new update path generated by the sender should be successfully processed" classname="com.github.traderjoe95.mls.protocol.tree.TreeKem" time="0.001"/>
  <testcase name="the update path should be parent-hash valid" classname="com.github.traderjoe95.mls.protocol.tree.TreeKem" time="0.0"/>
  <testcase name="the tree hash after merging the update path should be e9a4b774b81cd5047901369f74967ed23d876b7e2c1c956657a7914bbf562cb2" classname="com.github.traderjoe95.mls.protocol.tree.TreeKem" time="0.0"/>
  <testcase name="the decrypted path secret should be 4179fbbca043d7139726430d976a623eac87a9d18bfee7227f2c4d54c16d041e" classname="com.github.traderjoe95.mls.protocol.tree.TreeKem" time="0.0"/>
  <testcase name="a new update path generated by the sender should be successfully processed" classname="com.github.traderjoe95.mls.protocol.tree.TreeKem" time="0.001"/>
  <testcase name="the update path should be parent-hash valid" classname="com.github.traderjoe95.mls.protocol.tree.TreeKem" time="0.0"/>
  <testcase name="the tree hash after merging the update path should be ad075b89d89f938f18c74887f4e3bc9d1ded26c572153ba72927f5425d80d0c0" classname="com.github.traderjoe95.mls.protocol.tree.TreeKem" time="0.0"/>
  <testcase name="the decrypted path secret should be 31b55d9f7db7c7e5b7f1c91517029fb661d7379735b8aab5d942b8bb86af38d8" classname="com.github.traderjoe95.mls.protocol.tree.TreeKem" time="0.001"/>
  <testcase name="a new update path generated by the sender should be successfully processed" classname="com.github.traderjoe95.mls.protocol.tree.TreeKem" time="0.001"/>
  <testcase name="the update path should be parent-hash valid" classname="com.github.traderjoe95.mls.protocol.tree.TreeKem" time="0.0"/>
  <testcase name="the tree hash after merging the update path should be ad075b89d89f938f18c74887f4e3bc9d1ded26c572153ba72927f5425d80d0c0" classname="com.github.traderjoe95.mls.protocol.tree.TreeKem" time="0.0"/>
  <testcase name="the decrypted path secret should be 31b55d9f7db7c7e5b7f1c91517029fb661d7379735b8aab5d942b8bb86af38d8" classname="com.github.traderjoe95.mls.protocol.tree.TreeKem" time="0.001"/>
  <testcase name="a new update path generated by the sender should be successfully processed" classname="com.github.traderjoe95.mls.protocol.tree.TreeKem" time="0.001"/>
  <testcase name="the update path should be parent-hash valid" classname="com.github.traderjoe95.mls.protocol.tree.TreeKem" time="0.0"/>
  <testcase name="the tree hash after merging the update path should be ad075b89d89f938f18c74887f4e3bc9d1ded26c572153ba72927f5425d80d0c0" classname="com.github.traderjoe95.mls.protocol.tree.TreeKem" time="0.0"/>
  <testcase name="the decrypted path secret should be 65ed1479842ad410d32092f6073db017eac8827be3c47d169f742a167755cbeb" classname="com.github.traderjoe95.mls.protocol.tree.TreeKem" time="0.001"/>
  <testcase name="a new update path generated by the sender should be successfully processed" classname="com.github.traderjoe95.mls.protocol.tree.TreeKem" time="0.001"/>
  <testcase name="the update path should be parent-hash valid" classname="com.github.traderjoe95.mls.protocol.tree.TreeKem" time="0.0"/>
  <testcase name="the tree hash after merging the update path should be 9cf530614d7884797f49fb2c5d859e52416910338c6d067b63c57d03cbe254bf" classname="com.github.traderjoe95.mls.protocol.tree.TreeKem" time="0.0"/>
  <testcase name="the decrypted path secret should be d9d2c5ebe714ab7fafa2d4f6d9b1c8b4e81ca48ac6057e2cbe189042e591e64d" classname="com.github.traderjoe95.mls.protocol.tree.TreeKem" time="0.001"/>
  <testcase name="a new update path generated by the sender should be successfully processed" classname="com.github.traderjoe95.mls.protocol.tree.TreeKem" time="0.001"/>
  <testcase name="the update path should be parent-hash valid" classname="com.github.traderjoe95.mls.protocol.tree.TreeKem" time="0.0"/>
  <testcase name="the tree hash after merging the update path should be 9cf530614d7884797f49fb2c5d859e52416910338c6d067b63c57d03cbe254bf" classname="com.github.traderjoe95.mls.protocol.tree.TreeKem" time="0.0"/>
  <testcase name="the decrypted path secret should be d9d2c5ebe714ab7fafa2d4f6d9b1c8b4e81ca48ac6057e2cbe189042e591e64d" classname="com.github.traderjoe95.mls.protocol.tree.TreeKem" time="0.001"/>
  <testcase name="a new update path generated by the sender should be successfully processed" classname="com.github.traderjoe95.mls.protocol.tree.TreeKem" time="0.0"/>
  <testcase name="the update path should be parent-hash valid" classname="com.github.traderjoe95.mls.protocol.tree.TreeKem" time="0.0"/>
  <testcase name="the tree hash after merging the update path should be 9cf530614d7884797f49fb2c5d859e52416910338c6d067b63c57d03cbe254bf" classname="com.github.traderjoe95.mls.protocol.tree.TreeKem" time="0.0"/>
  <testcase name="the decrypted path secret should be 47043ea1e2961b2a5dd3aaa9f4f01bbc4a52ce153a88c31de1d105466f788ffc" classname="com.github.traderjoe95.mls.protocol.tree.TreeKem" time="0.001"/>
  <testcase name="a new update path generated by the sender should be successfully processed" classname="com.github.traderjoe95.mls.protocol.tree.TreeKem" time="0.001"/>
  <testcase name="non-blank leaf 0 should be consistent with the public state" classname="com.github.traderjoe95.mls.protocol.tree.TreeKem" time="0.008"/>
  <testcase name="non-blank leaf 1 should be consistent with the public state" classname="com.github.traderjoe95.mls.protocol.tree.TreeKem" time="0.006"/>
  <testcase name="non-blank leaf 2 should be consistent with the public state" classname="com.github.traderjoe95.mls.protocol.tree.TreeKem" time="0.005"/>
  <testcase name="non-blank leaf 3 should be consistent with the public state" classname="com.github.traderjoe95.mls.protocol.tree.TreeKem" time="0.004"/>
  <testcase name="non-blank leaf 4 should be consistent with the public state" classname="com.github.traderjoe95.mls.protocol.tree.TreeKem" time="0.002"/>
  <testcase name="the update path should be parent-hash valid" classname="com.github.traderjoe95.mls.protocol.tree.TreeKem" time="0.0"/>
  <testcase name="the tree hash after merging the update path should be 1e97d9db0304e7dd8003d634acf4707fbac5aa82e584dd0c03673e80d006a06a" classname="com.github.traderjoe95.mls.protocol.tree.TreeKem" time="0.0"/>
  <testcase name="the decrypted path secret should be e8608097b9da1863d6a6b540542af95b96ab95bcd9a9c04763313b61c2c99d44" classname="com.github.traderjoe95.mls.protocol.tree.TreeKem" time="0.0"/>
  <testcase name="a new update path generated by the sender should be successfully processed" classname="com.github.traderjoe95.mls.protocol.tree.TreeKem" time="0.001"/>
  <testcase name="the update path should be parent-hash valid" classname="com.github.traderjoe95.mls.protocol.tree.TreeKem" time="0.0"/>
  <testcase name="the tree hash after merging the update path should be 1e97d9db0304e7dd8003d634acf4707fbac5aa82e584dd0c03673e80d006a06a" classname="com.github.traderjoe95.mls.protocol.tree.TreeKem" time="0.001"/>
  <testcase name="the decrypted path secret should be 5ccc25c82569cc9731283abbdb9265187c17503e6f9c4ba2484a9e210e83f5a3" classname="com.github.traderjoe95.mls.protocol.tree.TreeKem" time="0.001"/>
  <testcase name="a new update path generated by the sender should be successfully processed" classname="com.github.traderjoe95.mls.protocol.tree.TreeKem" time="0.001"/>
  <testcase name="the update path should be parent-hash valid" classname="com.github.traderjoe95.mls.protocol.tree.TreeKem" time="0.0"/>
  <testcase name="the tree hash after merging the update path should be 1e97d9db0304e7dd8003d634acf4707fbac5aa82e584dd0c03673e80d006a06a" classname="com.github.traderjoe95.mls.protocol.tree.TreeKem" time="0.0"/>
  <testcase name="the decrypted path secret should be 5ccc25c82569cc9731283abbdb9265187c17503e6f9c4ba2484a9e210e83f5a3" classname="com.github.traderjoe95.mls.protocol.tree.TreeKem" time="0.0"/>
  <testcase name="a new update path generated by the sender should be successfully processed" classname="com.github.traderjoe95.mls.protocol.tree.TreeKem" time="0.001"/>
  <testcase name="the update path should be parent-hash valid" classname="com.github.traderjoe95.mls.protocol.tree.TreeKem" time="0.0"/>
  <testcase name="the tree hash after merging the update path should be 1e97d9db0304e7dd8003d634acf4707fbac5aa82e584dd0c03673e80d006a06a" classname="com.github.traderjoe95.mls.protocol.tree.TreeKem" time="0.0"/>
  <testcase name="the decrypted path secret should be 504766baf72d5ca7c9418c872a0e93387d717bb13f319e4953867cc50b57d676" classname="com.github.traderjoe95.mls.protocol.tree.TreeKem" time="0.0"/>
  <testcase name="a new update path generated by the sender should be successfully processed" classname="com.github.traderjoe95.mls.protocol.tree.TreeKem" time="0.001"/>
  <testcase name="the update path should be parent-hash valid" classname="com.github.traderjoe95.mls.protocol.tree.TreeKem" time="0.001"/>
  <testcase name="the tree hash after merging the update path should be 06816bdd80e65a7498265a6e80c44b0fe9cf0d0453b1458e5032862a052e807d" classname="com.github.traderjoe95.mls.protocol.tree.TreeKem" time="0.001"/>
  <testcase name="the decrypted path secret should be 482f034750eac133955a4b06f9907e221c4f7dcde23cd44839d939e74845d5b6" classname="com.github.traderjoe95.mls.protocol.tree.TreeKem" time="0.001"/>
  <testcase name="a new update path generated by the sender should be successfully processed" classname="com.github.traderjoe95.mls.protocol.tree.TreeKem" time="0.001"/>
  <testcase name="the update path should be parent-hash valid" classname="com.github.traderjoe95.mls.protocol.tree.TreeKem" time="0.0"/>
  <testcase name="the tree hash after merging the update path should be 06816bdd80e65a7498265a6e80c44b0fe9cf0d0453b1458e5032862a052e807d" classname="com.github.traderjoe95.mls.protocol.tree.TreeKem" time="0.0"/>
  <testcase name="the decrypted path secret should be 4179fbbca043d7139726430d976a623eac87a9d18bfee7227f2c4d54c16d041e" classname="com.github.traderjoe95.mls.protocol.tree.TreeKem" time="0.0"/>
  <testcase name="a new update path generated by the sender should be successfully processed" classname="com.github.traderjoe95.mls.protocol.tree.TreeKem" time="0.001"/>
  <testcase name="the update path should be parent-hash valid" classname="com.github.traderjoe95.mls.protocol.tree.TreeKem" time="0.0"/>
  <testcase name="the tree hash after merging the update path should be 06816bdd80e65a7498265a6e80c44b0fe9cf0d0453b1458e5032862a052e807d" classname="com.github.traderjoe95.mls.protocol.tree.TreeKem" time="0.001"/>
  <testcase name="the decrypted path secret should be 4179fbbca043d7139726430d976a623eac87a9d18bfee7227f2c4d54c16d041e" classname="com.github.traderjoe95.mls.protocol.tree.TreeKem" time="0.001"/>
  <testcase name="a new update path generated by the sender should be successfully processed" classname="com.github.traderjoe95.mls.protocol.tree.TreeKem" time="0.001"/>
  <testcase name="the update path should be parent-hash valid" classname="com.github.traderjoe95.mls.protocol.tree.TreeKem" time="0.0"/>
  <testcase name="the tree hash after merging the update path should be 06816bdd80e65a7498265a6e80c44b0fe9cf0d0453b1458e5032862a052e807d" classname="com.github.traderjoe95.mls.protocol.tree.TreeKem" time="0.0"/>
  <testcase name="the decrypted path secret should be 0a8222278bb97717570dcbe645ca76266a1a6fbab32e2cd4420431e8611eed12" classname="com.github.traderjoe95.mls.protocol.tree.TreeKem" time="0.001"/>
  <testcase name="a new update path generated by the sender should be successfully processed" classname="com.github.traderjoe95.mls.protocol.tree.TreeKem" time="0.0"/>
  <testcase name="the update path should be parent-hash valid" classname="com.github.traderjoe95.mls.protocol.tree.TreeKem" time="0.0"/>
  <testcase name="the tree hash after merging the update path should be 5bb63dc7cd3f2743e5ed75dba7ac28f84ff149636b9e47dd640cb1eab15b375c" classname="com.github.traderjoe95.mls.protocol.tree.TreeKem" time="0.001"/>
  <testcase name="the decrypted path secret should be 31b55d9f7db7c7e5b7f1c91517029fb661d7379735b8aab5d942b8bb86af38d8" classname="com.github.traderjoe95.mls.protocol.tree.TreeKem" time="0.001"/>
  <testcase name="a new update path generated by the sender should be successfully processed" classname="com.github.traderjoe95.mls.protocol.tree.TreeKem" time="0.0"/>
  <testcase name="the update path should be parent-hash valid" classname="com.github.traderjoe95.mls.protocol.tree.TreeKem" time="0.001"/>
  <testcase name="the tree hash after merging the update path should be 5bb63dc7cd3f2743e5ed75dba7ac28f84ff149636b9e47dd640cb1eab15b375c" classname="com.github.traderjoe95.mls.protocol.tree.TreeKem" time="0.0"/>
  <testcase name="the decrypted path secret should be 31b55d9f7db7c7e5b7f1c91517029fb661d7379735b8aab5d942b8bb86af38d8" classname="com.github.traderjoe95.mls.protocol.tree.TreeKem" time="0.001"/>
  <testcase name="a new update path generated by the sender should be successfully processed" classname="com.github.traderjoe95.mls.protocol.tree.TreeKem" time="0.001"/>
  <testcase name="the update path should be parent-hash valid" classname="com.github.traderjoe95.mls.protocol.tree.TreeKem" time="0.0"/>
  <testcase name="the tree hash after merging the update path should be 5bb63dc7cd3f2743e5ed75dba7ac28f84ff149636b9e47dd640cb1eab15b375c" classname="com.github.traderjoe95.mls.protocol.tree.TreeKem" time="0.0"/>
  <testcase name="the decrypted path secret should be 65ed1479842ad410d32092f6073db017eac8827be3c47d169f742a167755cbeb" classname="com.github.traderjoe95.mls.protocol.tree.TreeKem" time="0.0"/>
  <testcase name="a new update path generated by the sender should be successfully processed" classname="com.github.traderjoe95.mls.protocol.tree.TreeKem" time="0.001"/>
  <testcase name="the update path should be parent-hash valid" classname="com.github.traderjoe95.mls.protocol.tree.TreeKem" time="0.0"/>
  <testcase name="the tree hash after merging the update path should be 5bb63dc7cd3f2743e5ed75dba7ac28f84ff149636b9e47dd640cb1eab15b375c" classname="com.github.traderjoe95.mls.protocol.tree.TreeKem" time="0.0"/>
  <testcase name="the decrypted path secret should be fcc016ff84f1dab6df10a1f1c1847187255d3dcba8b1d859a09d66eb40cd82dc" classname="com.github.traderjoe95.mls.protocol.tree.TreeKem" time="0.001"/>
  <testcase name="a new update path generated by the sender should be successfully processed" classname="com.github.traderjoe95.mls.protocol.tree.TreeKem" time="0.001"/>
  <testcase name="the update path should be parent-hash valid" classname="com.github.traderjoe95.mls.protocol.tree.TreeKem" time="0.0"/>
  <testcase name="the tree hash after merging the update path should be 8f6434eed30af1a4bcfc07ef2a92c745c060ea7f115800e7f10cb3526bb0c56f" classname="com.github.traderjoe95.mls.protocol.tree.TreeKem" time="0.0"/>
  <testcase name="the decrypted path secret should be d9d2c5ebe714ab7fafa2d4f6d9b1c8b4e81ca48ac6057e2cbe189042e591e64d" classname="com.github.traderjoe95.mls.protocol.tree.TreeKem" time="0.0"/>
  <testcase name="a new update path generated by the sender should be successfully processed" classname="com.github.traderjoe95.mls.protocol.tree.TreeKem" time="0.001"/>
  <testcase name="the update path should be parent-hash valid" classname="com.github.traderjoe95.mls.protocol.tree.TreeKem" time="0.0"/>
  <testcase name="the tree hash after merging the update path should be 8f6434eed30af1a4bcfc07ef2a92c745c060ea7f115800e7f10cb3526bb0c56f" classname="com.github.traderjoe95.mls.protocol.tree.TreeKem" time="0.0"/>
  <testcase name="the decrypted path secret should be d9d2c5ebe714ab7fafa2d4f6d9b1c8b4e81ca48ac6057e2cbe189042e591e64d" classname="com.github.traderjoe95.mls.protocol.tree.TreeKem" time="0.001"/>
  <testcase name="a new update path generated by the sender should be successfully processed" classname="com.github.traderjoe95.mls.protocol.tree.TreeKem" time="0.001"/>
  <testcase name="the update path should be parent-hash valid" classname="com.github.traderjoe95.mls.protocol.tree.TreeKem" time="0.0"/>
  <testcase name="the tree hash after merging the update path should be 8f6434eed30af1a4bcfc07ef2a92c745c060ea7f115800e7f10cb3526bb0c56f" classname="com.github.traderjoe95.mls.protocol.tree.TreeKem" time="0.001"/>
  <testcase name="the decrypted path secret should be 47043ea1e2961b2a5dd3aaa9f4f01bbc4a52ce153a88c31de1d105466f788ffc" classname="com.github.traderjoe95.mls.protocol.tree.TreeKem" time="0.001"/>
  <testcase name="a new update path generated by the sender should be successfully processed" classname="com.github.traderjoe95.mls.protocol.tree.TreeKem" time="0.001"/>
  <testcase name="the update path should be parent-hash valid" classname="com.github.traderjoe95.mls.protocol.tree.TreeKem" time="0.0"/>
  <testcase name="the tree hash after merging the update path should be 8f6434eed30af1a4bcfc07ef2a92c745c060ea7f115800e7f10cb3526bb0c56f" classname="com.github.traderjoe95.mls.protocol.tree.TreeKem" time="0.0"/>
  <testcase name="the decrypted path secret should be e91a12d86125a8d5acc0872133f1e289256c749698427abdcaeedf0139273688" classname="com.github.traderjoe95.mls.protocol.tree.TreeKem" time="0.0"/>
  <testcase name="a new update path generated by the sender should be successfully processed" classname="com.github.traderjoe95.mls.protocol.tree.TreeKem" time="0.001"/>
  <testcase name="the update path should be parent-hash valid" classname="com.github.traderjoe95.mls.protocol.tree.TreeKem" time="0.0"/>
  <testcase name="the tree hash after merging the update path should be 2d53a84411e583f5008aa25f2d6f9f28113dd7c19ab994fd5401db23a22ae216" classname="com.github.traderjoe95.mls.protocol.tree.TreeKem" time="0.0"/>
  <testcase name="the decrypted path secret should be 72d46a199f58a9227f1cd24468537f238a841a745ca09e7bca0c9c18a58a09e9" classname="com.github.traderjoe95.mls.protocol.tree.TreeKem" time="0.0"/>
  <testcase name="a new update path generated by the sender should be successfully processed" classname="com.github.traderjoe95.mls.protocol.tree.TreeKem" time="0.001"/>
  <testcase name="the update path should be parent-hash valid" classname="com.github.traderjoe95.mls.protocol.tree.TreeKem" time="0.0"/>
  <testcase name="the tree hash after merging the update path should be 2d53a84411e583f5008aa25f2d6f9f28113dd7c19ab994fd5401db23a22ae216" classname="com.github.traderjoe95.mls.protocol.tree.TreeKem" time="0.001"/>
  <testcase name="the decrypted path secret should be 72d46a199f58a9227f1cd24468537f238a841a745ca09e7bca0c9c18a58a09e9" classname="com.github.traderjoe95.mls.protocol.tree.TreeKem" time="0.001"/>
  <testcase name="a new update path generated by the sender should be successfully processed" classname="com.github.traderjoe95.mls.protocol.tree.TreeKem" time="0.001"/>
  <testcase name="the update path should be parent-hash valid" classname="com.github.traderjoe95.mls.protocol.tree.TreeKem" time="0.0"/>
  <testcase name="the tree hash after merging the update path should be 2d53a84411e583f5008aa25f2d6f9f28113dd7c19ab994fd5401db23a22ae216" classname="com.github.traderjoe95.mls.protocol.tree.TreeKem" time="0.0"/>
  <testcase name="the decrypted path secret should be 72d46a199f58a9227f1cd24468537f238a841a745ca09e7bca0c9c18a58a09e9" classname="com.github.traderjoe95.mls.protocol.tree.TreeKem" time="0.0"/>
  <testcase name="a new update path generated by the sender should be successfully processed" classname="com.github.traderjoe95.mls.protocol.tree.TreeKem" time="0.0"/>
  <testcase name="the update path should be parent-hash valid" classname="com.github.traderjoe95.mls.protocol.tree.TreeKem" time="0.001"/>
  <testcase name="the tree hash after merging the update path should be 2d53a84411e583f5008aa25f2d6f9f28113dd7c19ab994fd5401db23a22ae216" classname="com.github.traderjoe95.mls.protocol.tree.TreeKem" time="0.0"/>
  <testcase name="the decrypted path secret should be 72d46a199f58a9227f1cd24468537f238a841a745ca09e7bca0c9c18a58a09e9" classname="com.github.traderjoe95.mls.protocol.tree.TreeKem" time="0.001"/>
  <testcase name="a new update path generated by the sender should be successfully processed" classname="com.github.traderjoe95.mls.protocol.tree.TreeKem" time="0.001"/>
  <testcase name="non-blank leaf 0 should be consistent with the public state" classname="com.github.traderjoe95.mls.protocol.tree.TreeKem" time="0.005"/>
  <testcase name="non-blank leaf 1 should be consistent with the public state" classname="com.github.traderjoe95.mls.protocol.tree.TreeKem" time="0.01"/>
  <testcase name="non-blank leaf 2 should be consistent with the public state" classname="com.github.traderjoe95.mls.protocol.tree.TreeKem" time="0.005"/>
  <testcase name="non-blank leaf 3 should be consistent with the public state" classname="com.github.traderjoe95.mls.protocol.tree.TreeKem" time="0.005"/>
  <testcase name="non-blank leaf 4 should be consistent with the public state" classname="com.github.traderjoe95.mls.protocol.tree.TreeKem" time="0.003"/>
  <testcase name="non-blank leaf 5 should be consistent with the public state" classname="com.github.traderjoe95.mls.protocol.tree.TreeKem" time="0.003"/>
  <testcase name="the update path should be parent-hash valid" classname="com.github.traderjoe95.mls.protocol.tree.TreeKem" time="0.001"/>
  <testcase name="the tree hash after merging the update path should be 626251cd28f5fb0c0c553e055a0425ffa4174dba457ecaf6bd52e07f82bc84f0" classname="com.github.traderjoe95.mls.protocol.tree.TreeKem" time="0.0"/>
  <testcase name="the decrypted path secret should be e8608097b9da1863d6a6b540542af95b96ab95bcd9a9c04763313b61c2c99d44" classname="com.github.traderjoe95.mls.protocol.tree.TreeKem" time="0.0"/>
  <testcase name="a new update path generated by the sender should be successfully processed" classname="com.github.traderjoe95.mls.protocol.tree.TreeKem" time="0.001"/>
  <testcase name="the update path should be parent-hash valid" classname="com.github.traderjoe95.mls.protocol.tree.TreeKem" time="0.0"/>
  <testcase name="the tree hash after merging the update path should be 626251cd28f5fb0c0c553e055a0425ffa4174dba457ecaf6bd52e07f82bc84f0" classname="com.github.traderjoe95.mls.protocol.tree.TreeKem" time="0.0"/>
  <testcase name="the decrypted path secret should be 5ccc25c82569cc9731283abbdb9265187c17503e6f9c4ba2484a9e210e83f5a3" classname="com.github.traderjoe95.mls.protocol.tree.TreeKem" time="0.002"/>
  <testcase name="a new update path generated by the sender should be successfully processed" classname="com.github.traderjoe95.mls.protocol.tree.TreeKem" time="0.001"/>
  <testcase name="the update path should be parent-hash valid" classname="com.github.traderjoe95.mls.protocol.tree.TreeKem" time="0.0"/>
  <testcase name="the tree hash after merging the update path should be 626251cd28f5fb0c0c553e055a0425ffa4174dba457ecaf6bd52e07f82bc84f0" classname="com.github.traderjoe95.mls.protocol.tree.TreeKem" time="0.001"/>
  <testcase name="the decrypted path secret should be 5ccc25c82569cc9731283abbdb9265187c17503e6f9c4ba2484a9e210e83f5a3" classname="com.github.traderjoe95.mls.protocol.tree.TreeKem" time="0.0"/>
  <testcase name="a new update path generated by the sender should be successfully processed" classname="com.github.traderjoe95.mls.protocol.tree.TreeKem" time="0.001"/>
  <testcase name="the update path should be parent-hash valid" classname="com.github.traderjoe95.mls.protocol.tree.TreeKem" time="0.0"/>
  <testcase name="the tree hash after merging the update path should be 626251cd28f5fb0c0c553e055a0425ffa4174dba457ecaf6bd52e07f82bc84f0" classname="com.github.traderjoe95.mls.protocol.tree.TreeKem" time="0.001"/>
  <testcase name="the decrypted path secret should be 504766baf72d5ca7c9418c872a0e93387d717bb13f319e4953867cc50b57d676" classname="com.github.traderjoe95.mls.protocol.tree.TreeKem" time="0.001"/>
  <testcase name="a new update path generated by the sender should be successfully processed" classname="com.github.traderjoe95.mls.protocol.tree.TreeKem" time="0.001"/>
  <testcase name="the update path should be parent-hash valid" classname="com.github.traderjoe95.mls.protocol.tree.TreeKem" time="0.001"/>
  <testcase name="the tree hash after merging the update path should be 626251cd28f5fb0c0c553e055a0425ffa4174dba457ecaf6bd52e07f82bc84f0" classname="com.github.traderjoe95.mls.protocol.tree.TreeKem" time="0.0"/>
  <testcase name="the decrypted path secret should be 504766baf72d5ca7c9418c872a0e93387d717bb13f319e4953867cc50b57d676" classname="com.github.traderjoe95.mls.protocol.tree.TreeKem" time="0.001"/>
  <testcase name="a new update path generated by the sender should be successfully processed" classname="com.github.traderjoe95.mls.protocol.tree.TreeKem" time="0.001"/>
  <testcase name="the update path should be parent-hash valid" classname="com.github.traderjoe95.mls.protocol.tree.TreeKem" time="0.0"/>
  <testcase name="the tree hash after merging the update path should be 7a1a61bab13072d3b43c776f3a21694316cdf4c8c363310140249177e263fc79" classname="com.github.traderjoe95.mls.protocol.tree.TreeKem" time="0.0"/>
  <testcase name="the decrypted path secret should be 482f034750eac133955a4b06f9907e221c4f7dcde23cd44839d939e74845d5b6" classname="com.github.traderjoe95.mls.protocol.tree.TreeKem" time="0.0"/>
  <testcase name="a new update path generated by the sender should be successfully processed" classname="com.github.traderjoe95.mls.protocol.tree.TreeKem" time="0.001"/>
  <testcase name="the update path should be parent-hash valid" classname="com.github.traderjoe95.mls.protocol.tree.TreeKem" time="0.0"/>
  <testcase name="the tree hash after merging the update path should be 7a1a61bab13072d3b43c776f3a21694316cdf4c8c363310140249177e263fc79" classname="com.github.traderjoe95.mls.protocol.tree.TreeKem" time="0.001"/>
  <testcase name="the decrypted path secret should be 4179fbbca043d7139726430d976a623eac87a9d18bfee7227f2c4d54c16d041e" classname="com.github.traderjoe95.mls.protocol.tree.TreeKem" time="0.001"/>
  <testcase name="a new update path generated by the sender should be successfully processed" classname="com.github.traderjoe95.mls.protocol.tree.TreeKem" time="0.001"/>
  <testcase name="the update path should be parent-hash valid" classname="com.github.traderjoe95.mls.protocol.tree.TreeKem" time="0.0"/>
  <testcase name="the tree hash after merging the update path should be 7a1a61bab13072d3b43c776f3a21694316cdf4c8c363310140249177e263fc79" classname="com.github.traderjoe95.mls.protocol.tree.TreeKem" time="0.0"/>
  <testcase name="the decrypted path secret should be 4179fbbca043d7139726430d976a623eac87a9d18bfee7227f2c4d54c16d041e" classname="com.github.traderjoe95.mls.protocol.tree.TreeKem" time="0.001"/>
  <testcase name="a new update path generated by the sender should be successfully processed" classname="com.github.traderjoe95.mls.protocol.tree.TreeKem" time="0.0"/>
  <testcase name="the update path should be parent-hash valid" classname="com.github.traderjoe95.mls.protocol.tree.TreeKem" time="0.001"/>
  <testcase name="the tree hash after merging the update path should be 7a1a61bab13072d3b43c776f3a21694316cdf4c8c363310140249177e263fc79" classname="com.github.traderjoe95.mls.protocol.tree.TreeKem" time="0.0"/>
  <testcase name="the decrypted path secret should be 0a8222278bb97717570dcbe645ca76266a1a6fbab32e2cd4420431e8611eed12" classname="com.github.traderjoe95.mls.protocol.tree.TreeKem" time="0.001"/>
  <testcase name="a new update path generated by the sender should be successfully processed" classname="com.github.traderjoe95.mls.protocol.tree.TreeKem" time="0.001"/>
  <testcase name="the update path should be parent-hash valid" classname="com.github.traderjoe95.mls.protocol.tree.TreeKem" time="0.0"/>
  <testcase name="the tree hash after merging the update path should be 7a1a61bab13072d3b43c776f3a21694316cdf4c8c363310140249177e263fc79" classname="com.github.traderjoe95.mls.protocol.tree.TreeKem" time="0.001"/>
  <testcase name="the decrypted path secret should be 0a8222278bb97717570dcbe645ca76266a1a6fbab32e2cd4420431e8611eed12" classname="com.github.traderjoe95.mls.protocol.tree.TreeKem" time="0.001"/>
  <testcase name="a new update path generated by the sender should be successfully processed" classname="com.github.traderjoe95.mls.protocol.tree.TreeKem" time="0.001"/>
  <testcase name="the update path should be parent-hash valid" classname="com.github.traderjoe95.mls.protocol.tree.TreeKem" time="0.0"/>
  <testcase name="the tree hash after merging the update path should be 88ab0861e09575c4e7760a6815760780962d8b4703353ff6c1d3866914a9daab" classname="com.github.traderjoe95.mls.protocol.tree.TreeKem" time="0.001"/>
  <testcase name="the decrypted path secret should be 31b55d9f7db7c7e5b7f1c91517029fb661d7379735b8aab5d942b8bb86af38d8" classname="com.github.traderjoe95.mls.protocol.tree.TreeKem" time="0.0"/>
  <testcase name="a new update path generated by the sender should be successfully processed" classname="com.github.traderjoe95.mls.protocol.tree.TreeKem" time="0.001"/>
  <testcase name="the update path should be parent-hash valid" classname="com.github.traderjoe95.mls.protocol.tree.TreeKem" time="0.0"/>
  <testcase name="the tree hash after merging the update path should be 88ab0861e09575c4e7760a6815760780962d8b4703353ff6c1d3866914a9daab" classname="com.github.traderjoe95.mls.protocol.tree.TreeKem" time="0.0"/>
  <testcase name="the decrypted path secret should be 31b55d9f7db7c7e5b7f1c91517029fb661d7379735b8aab5d942b8bb86af38d8" classname="com.github.traderjoe95.mls.protocol.tree.TreeKem" time="0.0"/>
  <testcase name="a new update path generated by the sender should be successfully processed" classname="com.github.traderjoe95.mls.protocol.tree.TreeKem" time="0.001"/>
  <testcase name="the update path should be parent-hash valid" classname="com.github.traderjoe95.mls.protocol.tree.TreeKem" time="0.0"/>
  <testcase name="the tree hash after merging the update path should be 88ab0861e09575c4e7760a6815760780962d8b4703353ff6c1d3866914a9daab" classname="com.github.traderjoe95.mls.protocol.tree.TreeKem" time="0.0"/>
  <testcase name="the decrypted path secret should be 65ed1479842ad410d32092f6073db017eac8827be3c47d169f742a167755cbeb" classname="com.github.traderjoe95.mls.protocol.tree.TreeKem" time="0.001"/>
  <testcase name="a new update path generated by the sender should be successfully processed" classname="com.github.traderjoe95.mls.protocol.tree.TreeKem" time="0.001"/>
  <testcase name="the update path should be parent-hash valid" classname="com.github.traderjoe95.mls.protocol.tree.TreeKem" time="0.0"/>
  <testcase name="the tree hash after merging the update path should be 88ab0861e09575c4e7760a6815760780962d8b4703353ff6c1d3866914a9daab" classname="com.github.traderjoe95.mls.protocol.tree.TreeKem" time="0.0"/>
  <testcase name="the decrypted path secret should be fcc016ff84f1dab6df10a1f1c1847187255d3dcba8b1d859a09d66eb40cd82dc" classname="com.github.traderjoe95.mls.protocol.tree.TreeKem" time="0.001"/>
  <testcase name="a new update path generated by the sender should be successfully processed" classname="com.github.traderjoe95.mls.protocol.tree.TreeKem" time="0.001"/>
  <testcase name="the update path should be parent-hash valid" classname="com.github.traderjoe95.mls.protocol.tree.TreeKem" time="0.0"/>
  <testcase name="the tree hash after merging the update path should be 88ab0861e09575c4e7760a6815760780962d8b4703353ff6c1d3866914a9daab" classname="com.github.traderjoe95.mls.protocol.tree.TreeKem" time="0.0"/>
  <testcase name="the decrypted path secret should be fcc016ff84f1dab6df10a1f1c1847187255d3dcba8b1d859a09d66eb40cd82dc" classname="com.github.traderjoe95.mls.protocol.tree.TreeKem" time="0.001"/>
  <testcase name="a new update path generated by the sender should be successfully processed" classname="com.github.traderjoe95.mls.protocol.tree.TreeKem" time="0.001"/>
  <testcase name="the update path should be parent-hash valid" classname="com.github.traderjoe95.mls.protocol.tree.TreeKem" time="0.0"/>
  <testcase name="the tree hash after merging the update path should be 2fd061e06524e85378817889790d6b466ea96f9e58042fdc0daa7313bc101a7d" classname="com.github.traderjoe95.mls.protocol.tree.TreeKem" time="0.0"/>
  <testcase name="the decrypted path secret should be d9d2c5ebe714ab7fafa2d4f6d9b1c8b4e81ca48ac6057e2cbe189042e591e64d" classname="com.github.traderjoe95.mls.protocol.tree.TreeKem" time="0.001"/>
  <testcase name="a new update path generated by the sender should be successfully processed" classname="com.github.traderjoe95.mls.protocol.tree.TreeKem" time="0.0"/>
  <testcase name="the update path should be parent-hash valid" classname="com.github.traderjoe95.mls.protocol.tree.TreeKem" time="0.0"/>
  <testcase name="the tree hash after merging the update path should be 2fd061e06524e85378817889790d6b466ea96f9e58042fdc0daa7313bc101a7d" classname="com.github.traderjoe95.mls.protocol.tree.TreeKem" time="0.0"/>
  <testcase name="the decrypted path secret should be d9d2c5ebe714ab7fafa2d4f6d9b1c8b4e81ca48ac6057e2cbe189042e591e64d" classname="com.github.traderjoe95.mls.protocol.tree.TreeKem" time="0.0"/>
  <testcase name="a new update path generated by the sender should be successfully processed" classname="com.github.traderjoe95.mls.protocol.tree.TreeKem" time="0.001"/>
  <testcase name="the update path should be parent-hash valid" classname="com.github.traderjoe95.mls.protocol.tree.TreeKem" time="0.001"/>
  <testcase name="the tree hash after merging the update path should be 2fd061e06524e85378817889790d6b466ea96f9e58042fdc0daa7313bc101a7d" classname="com.github.traderjoe95.mls.protocol.tree.TreeKem" time="0.0"/>
  <testcase name="the decrypted path secret should be 47043ea1e2961b2a5dd3aaa9f4f01bbc4a52ce153a88c31de1d105466f788ffc" classname="com.github.traderjoe95.mls.protocol.tree.TreeKem" time="0.001"/>
  <testcase name="a new update path generated by the sender should be successfully processed" classname="com.github.traderjoe95.mls.protocol.tree.TreeKem" time="0.002"/>
  <testcase name="the update path should be parent-hash valid" classname="com.github.traderjoe95.mls.protocol.tree.TreeKem" time="0.001"/>
  <testcase name="the tree hash after merging the update path should be 2fd061e06524e85378817889790d6b466ea96f9e58042fdc0daa7313bc101a7d" classname="com.github.traderjoe95.mls.protocol.tree.TreeKem" time="0.0"/>
  <testcase name="the decrypted path secret should be e91a12d86125a8d5acc0872133f1e289256c749698427abdcaeedf0139273688" classname="com.github.traderjoe95.mls.protocol.tree.TreeKem" time="0.001"/>
  <testcase name="a new update path generated by the sender should be successfully processed" classname="com.github.traderjoe95.mls.protocol.tree.TreeKem" time="0.001"/>
  <testcase name="the update path should be parent-hash valid" classname="com.github.traderjoe95.mls.protocol.tree.TreeKem" time="0.0"/>
  <testcase name="the tree hash after merging the update path should be 2fd061e06524e85378817889790d6b466ea96f9e58042fdc0daa7313bc101a7d" classname="com.github.traderjoe95.mls.protocol.tree.TreeKem" time="0.001"/>
  <testcase name="the decrypted path secret should be e91a12d86125a8d5acc0872133f1e289256c749698427abdcaeedf0139273688" classname="com.github.traderjoe95.mls.protocol.tree.TreeKem" time="0.001"/>
  <testcase name="a new update path generated by the sender should be successfully processed" classname="com.github.traderjoe95.mls.protocol.tree.TreeKem" time="0.001"/>
  <testcase name="the update path should be parent-hash valid" classname="com.github.traderjoe95.mls.protocol.tree.TreeKem" time="0.0"/>
  <testcase name="the tree hash after merging the update path should be d4eacd3dabf2b4faf8f5227c8579970874d7a1f8197965415a6a66be2a240dc3" classname="com.github.traderjoe95.mls.protocol.tree.TreeKem" time="0.0"/>
  <testcase name="the decrypted path secret should be f2c5622949d4e6ca8f917ef1b0d4fe106d8592c2f629822908146332907e5682" classname="com.github.traderjoe95.mls.protocol.tree.TreeKem" time="0.0"/>
  <testcase name="a new update path generated by the sender should be successfully processed" classname="com.github.traderjoe95.mls.protocol.tree.TreeKem" time="0.001"/>
  <testcase name="the update path should be parent-hash valid" classname="com.github.traderjoe95.mls.protocol.tree.TreeKem" time="0.0"/>
  <testcase name="the tree hash after merging the update path should be d4eacd3dabf2b4faf8f5227c8579970874d7a1f8197965415a6a66be2a240dc3" classname="com.github.traderjoe95.mls.protocol.tree.TreeKem" time="0.0"/>
  <testcase name="the decrypted path secret should be f2c5622949d4e6ca8f917ef1b0d4fe106d8592c2f629822908146332907e5682" classname="com.github.traderjoe95.mls.protocol.tree.TreeKem" time="0.001"/>
  <testcase name="a new update path generated by the sender should be successfully processed" classname="com.github.traderjoe95.mls.protocol.tree.TreeKem" time="0.001"/>
  <testcase name="the update path should be parent-hash valid" classname="com.github.traderjoe95.mls.protocol.tree.TreeKem" time="0.0"/>
  <testcase name="the tree hash after merging the update path should be d4eacd3dabf2b4faf8f5227c8579970874d7a1f8197965415a6a66be2a240dc3" classname="com.github.traderjoe95.mls.protocol.tree.TreeKem" time="0.001"/>
  <testcase name="the decrypted path secret should be f2c5622949d4e6ca8f917ef1b0d4fe106d8592c2f629822908146332907e5682" classname="com.github.traderjoe95.mls.protocol.tree.TreeKem" time="0.001"/>
  <testcase name="a new update path generated by the sender should be successfully processed" classname="com.github.traderjoe95.mls.protocol.tree.TreeKem" time="0.001"/>
  <testcase name="the update path should be parent-hash valid" classname="com.github.traderjoe95.mls.protocol.tree.TreeKem" time="0.0"/>
  <testcase name="the tree hash after merging the update path should be d4eacd3dabf2b4faf8f5227c8579970874d7a1f8197965415a6a66be2a240dc3" classname="com.github.traderjoe95.mls.protocol.tree.TreeKem" time="0.001"/>
  <testcase name="the decrypted path secret should be f2c5622949d4e6ca8f917ef1b0d4fe106d8592c2f629822908146332907e5682" classname="com.github.traderjoe95.mls.protocol.tree.TreeKem" time="0.001"/>
  <testcase name="a new update path generated by the sender should be successfully processed" classname="com.github.traderjoe95.mls.protocol.tree.TreeKem" time="0.001"/>
  <testcase name="the update path should be parent-hash valid" classname="com.github.traderjoe95.mls.protocol.tree.TreeKem" time="0.0"/>
  <testcase name="the tree hash after merging the update path should be d4eacd3dabf2b4faf8f5227c8579970874d7a1f8197965415a6a66be2a240dc3" classname="com.github.traderjoe95.mls.protocol.tree.TreeKem" time="0.0"/>
  <testcase name="the decrypted path secret should be 72d46a199f58a9227f1cd24468537f238a841a745ca09e7bca0c9c18a58a09e9" classname="com.github.traderjoe95.mls.protocol.tree.TreeKem" time="0.001"/>
  <testcase name="a new update path generated by the sender should be successfully processed" classname="com.github.traderjoe95.mls.protocol.tree.TreeKem" time="0.001"/>
  <testcase name="the update path should be parent-hash valid" classname="com.github.traderjoe95.mls.protocol.tree.TreeKem" time="0.0"/>
  <testcase name="the tree hash after merging the update path should be ff91a3a34774ee45c130b7f537c1f8dd0f08b1a4417273e951ffaddf11e7148f" classname="com.github.traderjoe95.mls.protocol.tree.TreeKem" time="0.001"/>
  <testcase name="the decrypted path secret should be ebc06cf63c3d0bc4759702d3be52e9ad6cf6942f2c8e9e138653602a9f20cfcd" classname="com.github.traderjoe95.mls.protocol.tree.TreeKem" time="0.001"/>
  <testcase name="a new update path generated by the sender should be successfully processed" classname="com.github.traderjoe95.mls.protocol.tree.TreeKem" time="0.001"/>
  <testcase name="the update path should be parent-hash valid" classname="com.github.traderjoe95.mls.protocol.tree.TreeKem" time="0.0"/>
  <testcase name="the tree hash after merging the update path should be ff91a3a34774ee45c130b7f537c1f8dd0f08b1a4417273e951ffaddf11e7148f" classname="com.github.traderjoe95.mls.protocol.tree.TreeKem" time="0.0"/>
  <testcase name="the decrypted path secret should be ebc06cf63c3d0bc4759702d3be52e9ad6cf6942f2c8e9e138653602a9f20cfcd" classname="com.github.traderjoe95.mls.protocol.tree.TreeKem" time="0.001"/>
  <testcase name="a new update path generated by the sender should be successfully processed" classname="com.github.traderjoe95.mls.protocol.tree.TreeKem" time="0.0"/>
  <testcase name="the update path should be parent-hash valid" classname="com.github.traderjoe95.mls.protocol.tree.TreeKem" time="0.0"/>
  <testcase name="the tree hash after merging the update path should be ff91a3a34774ee45c130b7f537c1f8dd0f08b1a4417273e951ffaddf11e7148f" classname="com.github.traderjoe95.mls.protocol.tree.TreeKem" time="0.0"/>
  <testcase name="the decrypted path secret should be ebc06cf63c3d0bc4759702d3be52e9ad6cf6942f2c8e9e138653602a9f20cfcd" classname="com.github.traderjoe95.mls.protocol.tree.TreeKem" time="0.0"/>
  <testcase name="a new update path generated by the sender should be successfully processed" classname="com.github.traderjoe95.mls.protocol.tree.TreeKem" time="0.001"/>
  <testcase name="the update path should be parent-hash valid" classname="com.github.traderjoe95.mls.protocol.tree.TreeKem" time="0.001"/>
  <testcase name="the tree hash after merging the update path should be ff91a3a34774ee45c130b7f537c1f8dd0f08b1a4417273e951ffaddf11e7148f" classname="com.github.traderjoe95.mls.protocol.tree.TreeKem" time="0.0"/>
  <testcase name="the decrypted path secret should be ebc06cf63c3d0bc4759702d3be52e9ad6cf6942f2c8e9e138653602a9f20cfcd" classname="com.github.traderjoe95.mls.protocol.tree.TreeKem" time="0.0"/>
  <testcase name="a new update path generated by the sender should be successfully processed" classname="com.github.traderjoe95.mls.protocol.tree.TreeKem" time="0.001"/>
  <testcase name="the update path should be parent-hash valid" classname="com.github.traderjoe95.mls.protocol.tree.TreeKem" time="0.0"/>
  <testcase name="the tree hash after merging the update path should be ff91a3a34774ee45c130b7f537c1f8dd0f08b1a4417273e951ffaddf11e7148f" classname="com.github.traderjoe95.mls.protocol.tree.TreeKem" time="0.001"/>
  <testcase name="the decrypted path secret should be 3c78597856241bd7ee600cdbf8a7b4b5962c5ea3e095eaa07b4dc0351f08483d" classname="com.github.traderjoe95.mls.protocol.tree.TreeKem" time="0.001"/>
  <testcase name="a new update path generated by the sender should be successfully processed" classname="com.github.traderjoe95.mls.protocol.tree.TreeKem" time="0.001"/>
  <testcase name="non-blank leaf 0 should be consistent with the public state" classname="com.github.traderjoe95.mls.protocol.tree.TreeKem" time="0.005"/>
  <testcase name="non-blank leaf 1 should be consistent with the public state" classname="com.github.traderjoe95.mls.protocol.tree.TreeKem" time="0.005"/>
  <testcase name="non-blank leaf 2 should be consistent with the public state" classname="com.github.traderjoe95.mls.protocol.tree.TreeKem" time="0.005"/>
  <testcase name="non-blank leaf 3 should be consistent with the public state" classname="com.github.traderjoe95.mls.protocol.tree.TreeKem" time="0.005"/>
  <testcase name="non-blank leaf 4 should be consistent with the public state" classname="com.github.traderjoe95.mls.protocol.tree.TreeKem" time="0.007"/>
  <testcase name="non-blank leaf 5 should be consistent with the public state" classname="com.github.traderjoe95.mls.protocol.tree.TreeKem" time="0.009"/>
  <testcase name="non-blank leaf 6 should be consistent with the public state" classname="com.github.traderjoe95.mls.protocol.tree.TreeKem" time="0.004"/>
  <testcase name="the update path should be parent-hash valid" classname="com.github.traderjoe95.mls.protocol.tree.TreeKem" time="0.0"/>
  <testcase name="the tree hash after merging the update path should be 191e8173b6e437ee54e76d83fd1198cc918a94740e3cf7f4d50b6c4c4db5c798" classname="com.github.traderjoe95.mls.protocol.tree.TreeKem" time="0.001"/>
  <testcase name="the decrypted path secret should be e8608097b9da1863d6a6b540542af95b96ab95bcd9a9c04763313b61c2c99d44" classname="com.github.traderjoe95.mls.protocol.tree.TreeKem" time="0.001"/>
  <testcase name="a new update path generated by the sender should be successfully processed" classname="com.github.traderjoe95.mls.protocol.tree.TreeKem" time="0.001"/>
  <testcase name="the update path should be parent-hash valid" classname="com.github.traderjoe95.mls.protocol.tree.TreeKem" time="0.0"/>
  <testcase name="the tree hash after merging the update path should be 191e8173b6e437ee54e76d83fd1198cc918a94740e3cf7f4d50b6c4c4db5c798" classname="com.github.traderjoe95.mls.protocol.tree.TreeKem" time="0.0"/>
  <testcase name="the decrypted path secret should be 5ccc25c82569cc9731283abbdb9265187c17503e6f9c4ba2484a9e210e83f5a3" classname="com.github.traderjoe95.mls.protocol.tree.TreeKem" time="0.0"/>
  <testcase name="a new update path generated by the sender should be successfully processed" classname="com.github.traderjoe95.mls.protocol.tree.TreeKem" time="0.001"/>
  <testcase name="the update path should be parent-hash valid" classname="com.github.traderjoe95.mls.protocol.tree.TreeKem" time="0.0"/>
  <testcase name="the tree hash after merging the update path should be 191e8173b6e437ee54e76d83fd1198cc918a94740e3cf7f4d50b6c4c4db5c798" classname="com.github.traderjoe95.mls.protocol.tree.TreeKem" time="0.0"/>
  <testcase name="the decrypted path secret should be 5ccc25c82569cc9731283abbdb9265187c17503e6f9c4ba2484a9e210e83f5a3" classname="com.github.traderjoe95.mls.protocol.tree.TreeKem" time="0.001"/>
  <testcase name="a new update path generated by the sender should be successfully processed" classname="com.github.traderjoe95.mls.protocol.tree.TreeKem" time="0.001"/>
  <testcase name="the update path should be parent-hash valid" classname="com.github.traderjoe95.mls.protocol.tree.TreeKem" time="0.0"/>
  <testcase name="the tree hash after merging the update path should be 191e8173b6e437ee54e76d83fd1198cc918a94740e3cf7f4d50b6c4c4db5c798" classname="com.github.traderjoe95.mls.protocol.tree.TreeKem" time="0.001"/>
  <testcase name="the decrypted path secret should be 504766baf72d5ca7c9418c872a0e93387d717bb13f319e4953867cc50b57d676" classname="com.github.traderjoe95.mls.protocol.tree.TreeKem" time="0.001"/>
  <testcase name="a new update path generated by the sender should be successfully processed" classname="com.github.traderjoe95.mls.protocol.tree.TreeKem" time="0.001"/>
  <testcase name="the update path should be parent-hash valid" classname="com.github.traderjoe95.mls.protocol.tree.TreeKem" time="0.0"/>
  <testcase name="the tree hash after merging the update path should be 191e8173b6e437ee54e76d83fd1198cc918a94740e3cf7f4d50b6c4c4db5c798" classname="com.github.traderjoe95.mls.protocol.tree.TreeKem" time="0.0"/>
  <testcase name="the decrypted path secret should be 504766baf72d5ca7c9418c872a0e93387d717bb13f319e4953867cc50b57d676" classname="com.github.traderjoe95.mls.protocol.tree.TreeKem" time="0.0"/>
  <testcase name="a new update path generated by the sender should be successfully processed" classname="com.github.traderjoe95.mls.protocol.tree.TreeKem" time="0.001"/>
  <testcase name="the update path should be parent-hash valid" classname="com.github.traderjoe95.mls.protocol.tree.TreeKem" time="0.0"/>
  <testcase name="the tree hash after merging the update path should be 191e8173b6e437ee54e76d83fd1198cc918a94740e3cf7f4d50b6c4c4db5c798" classname="com.github.traderjoe95.mls.protocol.tree.TreeKem" time="0.001"/>
  <testcase name="the decrypted path secret should be 504766baf72d5ca7c9418c872a0e93387d717bb13f319e4953867cc50b57d676" classname="com.github.traderjoe95.mls.protocol.tree.TreeKem" time="0.001"/>
  <testcase name="a new update path generated by the sender should be successfully processed" classname="com.github.traderjoe95.mls.protocol.tree.TreeKem" time="0.001"/>
  <testcase name="the update path should be parent-hash valid" classname="com.github.traderjoe95.mls.protocol.tree.TreeKem" time="0.0"/>
  <testcase name="the tree hash after merging the update path should be e257f1b211cc96436f2f91fd0a304d5aaa4c2fb3f8d6b4fb2744c19cdb82d615" classname="com.github.traderjoe95.mls.protocol.tree.TreeKem" time="0.001"/>
  <testcase name="the decrypted path secret should be 482f034750eac133955a4b06f9907e221c4f7dcde23cd44839d939e74845d5b6" classname="com.github.traderjoe95.mls.protocol.tree.TreeKem" time="0.001"/>
  <testcase name="a new update path generated by the sender should be successfully processed" classname="com.github.traderjoe95.mls.protocol.tree.TreeKem" time="0.0"/>
  <testcase name="the update path should be parent-hash valid" classname="com.github.traderjoe95.mls.protocol.tree.TreeKem" time="0.001"/>
  <testcase name="the tree hash after merging the update path should be e257f1b211cc96436f2f91fd0a304d5aaa4c2fb3f8d6b4fb2744c19cdb82d615" classname="com.github.traderjoe95.mls.protocol.tree.TreeKem" time="0.0"/>
  <testcase name="the decrypted path secret should be 4179fbbca043d7139726430d976a623eac87a9d18bfee7227f2c4d54c16d041e" classname="com.github.traderjoe95.mls.protocol.tree.TreeKem" time="0.001"/>
  <testcase name="a new update path generated by the sender should be successfully processed" classname="com.github.traderjoe95.mls.protocol.tree.TreeKem" time="0.001"/>
  <testcase name="the update path should be parent-hash valid" classname="com.github.traderjoe95.mls.protocol.tree.TreeKem" time="0.001"/>
  <testcase name="the tree hash after merging the update path should be e257f1b211cc96436f2f91fd0a304d5aaa4c2fb3f8d6b4fb2744c19cdb82d615" classname="com.github.traderjoe95.mls.protocol.tree.TreeKem" time="0.0"/>
  <testcase name="the decrypted path secret should be 4179fbbca043d7139726430d976a623eac87a9d18bfee7227f2c4d54c16d041e" classname="com.github.traderjoe95.mls.protocol.tree.TreeKem" time="0.001"/>
  <testcase name="a new update path generated by the sender should be successfully processed" classname="com.github.traderjoe95.mls.protocol.tree.TreeKem" time="0.001"/>
  <testcase name="the update path should be parent-hash valid" classname="com.github.traderjoe95.mls.protocol.tree.TreeKem" time="0.001"/>
  <testcase name="the tree hash after merging the update path should be e257f1b211cc96436f2f91fd0a304d5aaa4c2fb3f8d6b4fb2744c19cdb82d615" classname="com.github.traderjoe95.mls.protocol.tree.TreeKem" time="0.0"/>
  <testcase name="the decrypted path secret should be 0a8222278bb97717570dcbe645ca76266a1a6fbab32e2cd4420431e8611eed12" classname="com.github.traderjoe95.mls.protocol.tree.TreeKem" time="0.001"/>
  <testcase name="a new update path generated by the sender should be successfully processed" classname="com.github.traderjoe95.mls.protocol.tree.TreeKem" time="0.001"/>
  <testcase name="the update path should be parent-hash valid" classname="com.github.traderjoe95.mls.protocol.tree.TreeKem" time="0.001"/>
  <testcase name="the tree hash after merging the update path should be e257f1b211cc96436f2f91fd0a304d5aaa4c2fb3f8d6b4fb2744c19cdb82d615" classname="com.github.traderjoe95.mls.protocol.tree.TreeKem" time="0.0"/>
  <testcase name="the decrypted path secret should be 0a8222278bb97717570dcbe645ca76266a1a6fbab32e2cd4420431e8611eed12" classname="com.github.traderjoe95.mls.protocol.tree.TreeKem" time="0.0"/>
  <testcase name="a new update path generated by the sender should be successfully processed" classname="com.github.traderjoe95.mls.protocol.tree.TreeKem" time="0.001"/>
  <testcase name="the update path should be parent-hash valid" classname="com.github.traderjoe95.mls.protocol.tree.TreeKem" time="0.0"/>
  <testcase name="the tree hash after merging the update path should be e257f1b211cc96436f2f91fd0a304d5aaa4c2fb3f8d6b4fb2744c19cdb82d615" classname="com.github.traderjoe95.mls.protocol.tree.TreeKem" time="0.001"/>
  <testcase name="the decrypted path secret should be 0a8222278bb97717570dcbe645ca76266a1a6fbab32e2cd4420431e8611eed12" classname="com.github.traderjoe95.mls.protocol.tree.TreeKem" time="0.001"/>
  <testcase name="a new update path generated by the sender should be successfully processed" classname="com.github.traderjoe95.mls.protocol.tree.TreeKem" time="0.001"/>
  <testcase name="the update path should be parent-hash valid" classname="com.github.traderjoe95.mls.protocol.tree.TreeKem" time="0.0"/>
  <testcase name="the tree hash after merging the update path should be fd8b7cd0d682100f49dfc19c3ec292973d7e9ac21a4a7bffa8b4369d8a57cfdb" classname="com.github.traderjoe95.mls.protocol.tree.TreeKem" time="0.001"/>
  <testcase name="the decrypted path secret should be 31b55d9f7db7c7e5b7f1c91517029fb661d7379735b8aab5d942b8bb86af38d8" classname="com.github.traderjoe95.mls.protocol.tree.TreeKem" time="0.001"/>
  <testcase name="a new update path generated by the sender should be successfully processed" classname="com.github.traderjoe95.mls.protocol.tree.TreeKem" time="0.001"/>
  <testcase name="the update path should be parent-hash valid" classname="com.github.traderjoe95.mls.protocol.tree.TreeKem" time="0.001"/>
  <testcase name="the tree hash after merging the update path should be fd8b7cd0d682100f49dfc19c3ec292973d7e9ac21a4a7bffa8b4369d8a57cfdb" classname="com.github.traderjoe95.mls.protocol.tree.TreeKem" time="0.0"/>
  <testcase name="the decrypted path secret should be 31b55d9f7db7c7e5b7f1c91517029fb661d7379735b8aab5d942b8bb86af38d8" classname="com.github.traderjoe95.mls.protocol.tree.TreeKem" time="0.001"/>
  <testcase name="a new update path generated by the sender should be successfully processed" classname="com.github.traderjoe95.mls.protocol.tree.TreeKem" time="0.002"/>
  <testcase name="the update path should be parent-hash valid" classname="com.github.traderjoe95.mls.protocol.tree.TreeKem" time="0.0"/>
  <testcase name="the tree hash after merging the update path should be fd8b7cd0d682100f49dfc19c3ec292973d7e9ac21a4a7bffa8b4369d8a57cfdb" classname="com.github.traderjoe95.mls.protocol.tree.TreeKem" time="0.0"/>
  <testcase name="the decrypted path secret should be 65ed1479842ad410d32092f6073db017eac8827be3c47d169f742a167755cbeb" classname="com.github.traderjoe95.mls.protocol.tree.TreeKem" time="0.001"/>
  <testcase name="a new update path generated by the sender should be successfully processed" classname="com.github.traderjoe95.mls.protocol.tree.TreeKem" time="0.001"/>
  <testcase name="the update path should be parent-hash valid" classname="com.github.traderjoe95.mls.protocol.tree.TreeKem" time="0.001"/>
  <testcase name="the tree hash after merging the update path should be fd8b7cd0d682100f49dfc19c3ec292973d7e9ac21a4a7bffa8b4369d8a57cfdb" classname="com.github.traderjoe95.mls.protocol.tree.TreeKem" time="0.0"/>
  <testcase name="the decrypted path secret should be fcc016ff84f1dab6df10a1f1c1847187255d3dcba8b1d859a09d66eb40cd82dc" classname="com.github.traderjoe95.mls.protocol.tree.TreeKem" time="0.001"/>
  <testcase name="a new update path generated by the sender should be successfully processed" classname="com.github.traderjoe95.mls.protocol.tree.TreeKem" time="0.001"/>
  <testcase name="the update path should be parent-hash valid" classname="com.github.traderjoe95.mls.protocol.tree.TreeKem" time="0.0"/>
  <testcase name="the tree hash after merging the update path should be fd8b7cd0d682100f49dfc19c3ec292973d7e9ac21a4a7bffa8b4369d8a57cfdb" classname="com.github.traderjoe95.mls.protocol.tree.TreeKem" time="0.001"/>
  <testcase name="the decrypted path secret should be fcc016ff84f1dab6df10a1f1c1847187255d3dcba8b1d859a09d66eb40cd82dc" classname="com.github.traderjoe95.mls.protocol.tree.TreeKem" time="0.001"/>
  <testcase name="a new update path generated by the sender should be successfully processed" classname="com.github.traderjoe95.mls.protocol.tree.TreeKem" time="0.001"/>
  <testcase name="the update path should be parent-hash valid" classname="com.github.traderjoe95.mls.protocol.tree.TreeKem" time="0.0"/>
  <testcase name="the tree hash after merging the update path should be fd8b7cd0d682100f49dfc19c3ec292973d7e9ac21a4a7bffa8b4369d8a57cfdb" classname="com.github.traderjoe95.mls.protocol.tree.TreeKem" time="0.0"/>
  <testcase name="the decrypted path secret should be fcc016ff84f1dab6df10a1f1c1847187255d3dcba8b1d859a09d66eb40cd82dc" classname="com.github.traderjoe95.mls.protocol.tree.TreeKem" time="0.0"/>
  <testcase name="a new update path generated by the sender should be successfully processed" classname="com.github.traderjoe95.mls.protocol.tree.TreeKem" time="0.001"/>
  <testcase name="the update path should be parent-hash valid" classname="com.github.traderjoe95.mls.protocol.tree.TreeKem" time="0.0"/>
  <testcase name="the tree hash after merging the update path should be 7a1b2e243c41bf4b3c40868b74f5af62f7d543069c4d08ee35f295f52546b54b" classname="com.github.traderjoe95.mls.protocol.tree.TreeKem" time="0.0"/>
  <testcase name="the decrypted path secret should be d9d2c5ebe714ab7fafa2d4f6d9b1c8b4e81ca48ac6057e2cbe189042e591e64d" classname="com.github.traderjoe95.mls.protocol.tree.TreeKem" time="0.001"/>
  <testcase name="a new update path generated by the sender should be successfully processed" classname="com.github.traderjoe95.mls.protocol.tree.TreeKem" time="0.0"/>
  <testcase name="the update path should be parent-hash valid" classname="com.github.traderjoe95.mls.protocol.tree.TreeKem" time="0.0"/>
  <testcase name="the tree hash after merging the update path should be 7a1b2e243c41bf4b3c40868b74f5af62f7d543069c4d08ee35f295f52546b54b" classname="com.github.traderjoe95.mls.protocol.tree.TreeKem" time="0.0"/>
  <testcase name="the decrypted path secret should be d9d2c5ebe714ab7fafa2d4f6d9b1c8b4e81ca48ac6057e2cbe189042e591e64d" classname="com.github.traderjoe95.mls.protocol.tree.TreeKem" time="0.001"/>
  <testcase name="a new update path generated by the sender should be successfully processed" classname="com.github.traderjoe95.mls.protocol.tree.TreeKem" time="0.001"/>
  <testcase name="the update path should be parent-hash valid" classname="com.github.traderjoe95.mls.protocol.tree.TreeKem" time="0.0"/>
  <testcase name="the tree hash after merging the update path should be 7a1b2e243c41bf4b3c40868b74f5af62f7d543069c4d08ee35f295f52546b54b" classname="com.github.traderjoe95.mls.protocol.tree.TreeKem" time="0.001"/>
  <testcase name="the decrypted path secret should be 47043ea1e2961b2a5dd3aaa9f4f01bbc4a52ce153a88c31de1d105466f788ffc" classname="com.github.traderjoe95.mls.protocol.tree.TreeKem" time="0.001"/>
  <testcase name="a new update path generated by the sender should be successfully processed" classname="com.github.traderjoe95.mls.protocol.tree.TreeKem" time="0.001"/>
  <testcase name="the update path should be parent-hash valid" classname="com.github.traderjoe95.mls.protocol.tree.TreeKem" time="0.0"/>
  <testcase name="the tree hash after merging the update path should be 7a1b2e243c41bf4b3c40868b74f5af62f7d543069c4d08ee35f295f52546b54b" classname="com.github.traderjoe95.mls.protocol.tree.TreeKem" time="0.0"/>
  <testcase name="the decrypted path secret should be e91a12d86125a8d5acc0872133f1e289256c749698427abdcaeedf0139273688" classname="com.github.traderjoe95.mls.protocol.tree.TreeKem" time="0.001"/>
  <testcase name="a new update path generated by the sender should be successfully processed" classname="com.github.traderjoe95.mls.protocol.tree.TreeKem" time="0.001"/>
  <testcase name="the update path should be parent-hash valid" classname="com.github.traderjoe95.mls.protocol.tree.TreeKem" time="0.0"/>
  <testcase name="the tree hash after merging the update path should be 7a1b2e243c41bf4b3c40868b74f5af62f7d543069c4d08ee35f295f52546b54b" classname="com.github.traderjoe95.mls.protocol.tree.TreeKem" time="0.0"/>
  <testcase name="the decrypted path secret should be e91a12d86125a8d5acc0872133f1e289256c749698427abdcaeedf0139273688" classname="com.github.traderjoe95.mls.protocol.tree.TreeKem" time="0.0"/>
  <testcase name="a new update path generated by the sender should be successfully processed" classname="com.github.traderjoe95.mls.protocol.tree.TreeKem" time="0.001"/>
  <testcase name="the update path should be parent-hash valid" classname="com.github.traderjoe95.mls.protocol.tree.TreeKem" time="0.0"/>
  <testcase name="the tree hash after merging the update path should be 7a1b2e243c41bf4b3c40868b74f5af62f7d543069c4d08ee35f295f52546b54b" classname="com.github.traderjoe95.mls.protocol.tree.TreeKem" time="0.001"/>
  <testcase name="the decrypted path secret should be e91a12d86125a8d5acc0872133f1e289256c749698427abdcaeedf0139273688" classname="com.github.traderjoe95.mls.protocol.tree.TreeKem" time="0.001"/>
  <testcase name="a new update path generated by the sender should be successfully processed" classname="com.github.traderjoe95.mls.protocol.tree.TreeKem" time="0.001"/>
  <testcase name="the update path should be parent-hash valid" classname="com.github.traderjoe95.mls.protocol.tree.TreeKem" time="0.0"/>
  <testcase name="the tree hash after merging the update path should be f77523b2d28ecbf3927b24a390741f06ce601b116becd154188b4df21dd2db9a" classname="com.github.traderjoe95.mls.protocol.tree.TreeKem" time="0.001"/>
  <testcase name="the decrypted path secret should be dee0e649e0c5e19c60d6b4561423f165974f36e9d60c692e1c1a600904ee7dd2" classname="com.github.traderjoe95.mls.protocol.tree.TreeKem" time="0.001"/>
  <testcase name="a new update path generated by the sender should be successfully processed" classname="com.github.traderjoe95.mls.protocol.tree.TreeKem" time="0.001"/>
  <testcase name="the update path should be parent-hash valid" classname="com.github.traderjoe95.mls.protocol.tree.TreeKem" time="0.0"/>
  <testcase name="the tree hash after merging the update path should be f77523b2d28ecbf3927b24a390741f06ce601b116becd154188b4df21dd2db9a" classname="com.github.traderjoe95.mls.protocol.tree.TreeKem" time="0.0"/>
  <testcase name="the decrypted path secret should be dee0e649e0c5e19c60d6b4561423f165974f36e9d60c692e1c1a600904ee7dd2" classname="com.github.traderjoe95.mls.protocol.tree.TreeKem" time="0.001"/>
  <testcase name="a new update path generated by the sender should be successfully processed" classname="com.github.traderjoe95.mls.protocol.tree.TreeKem" time="0.001"/>
  <testcase name="the update path should be parent-hash valid" classname="com.github.traderjoe95.mls.protocol.tree.TreeKem" time="0.0"/>
  <testcase name="the tree hash after merging the update path should be f77523b2d28ecbf3927b24a390741f06ce601b116becd154188b4df21dd2db9a" classname="com.github.traderjoe95.mls.protocol.tree.TreeKem" time="0.001"/>
  <testcase name="the decrypted path secret should be dee0e649e0c5e19c60d6b4561423f165974f36e9d60c692e1c1a600904ee7dd2" classname="com.github.traderjoe95.mls.protocol.tree.TreeKem" time="0.001"/>
  <testcase name="a new update path generated by the sender should be successfully processed" classname="com.github.traderjoe95.mls.protocol.tree.TreeKem" time="0.001"/>
  <testcase name="the update path should be parent-hash valid" classname="com.github.traderjoe95.mls.protocol.tree.TreeKem" time="0.0"/>
  <testcase name="the tree hash after merging the update path should be f77523b2d28ecbf3927b24a390741f06ce601b116becd154188b4df21dd2db9a" classname="com.github.traderjoe95.mls.protocol.tree.TreeKem" time="0.0"/>
  <testcase name="the decrypted path secret should be dee0e649e0c5e19c60d6b4561423f165974f36e9d60c692e1c1a600904ee7dd2" classname="com.github.traderjoe95.mls.protocol.tree.TreeKem" time="0.001"/>
  <testcase name="a new update path generated by the sender should be successfully processed" classname="com.github.traderjoe95.mls.protocol.tree.TreeKem" time="0.001"/>
  <testcase name="the update path should be parent-hash valid" classname="com.github.traderjoe95.mls.protocol.tree.TreeKem" time="0.0"/>
  <testcase name="the tree hash after merging the update path should be f77523b2d28ecbf3927b24a390741f06ce601b116becd154188b4df21dd2db9a" classname="com.github.traderjoe95.mls.protocol.tree.TreeKem" time="0.0"/>
  <testcase name="the decrypted path secret should be 72d46a199f58a9227f1cd24468537f238a841a745ca09e7bca0c9c18a58a09e9" classname="com.github.traderjoe95.mls.protocol.tree.TreeKem" time="0.001"/>
  <testcase name="a new update path generated by the sender should be successfully processed" classname="com.github.traderjoe95.mls.protocol.tree.TreeKem" time="0.0"/>
  <testcase name="the update path should be parent-hash valid" classname="com.github.traderjoe95.mls.protocol.tree.TreeKem" time="0.001"/>
  <testcase name="the tree hash after merging the update path should be f77523b2d28ecbf3927b24a390741f06ce601b116becd154188b4df21dd2db9a" classname="com.github.traderjoe95.mls.protocol.tree.TreeKem" time="0.0"/>
  <testcase name="the decrypted path secret should be f2c5622949d4e6ca8f917ef1b0d4fe106d8592c2f629822908146332907e5682" classname="com.github.traderjoe95.mls.protocol.tree.TreeKem" time="0.0"/>
  <testcase name="a new update path generated by the sender should be successfully processed" classname="com.github.traderjoe95.mls.protocol.tree.TreeKem" time="0.001"/>
  <testcase name="the update path should be parent-hash valid" classname="com.github.traderjoe95.mls.protocol.tree.TreeKem" time="0.0"/>
  <testcase name="the tree hash after merging the update path should be 134803346d043794a8faecb235c76e768010ea912d2dc4523006a9a4f55f4bf1" classname="com.github.traderjoe95.mls.protocol.tree.TreeKem" time="0.001"/>
  <testcase name="the decrypted path secret should be 76e43a0e5d68f13141d25eaa05da893b4b60ec1fcf2a6d0a73b7a6a28b5c71ee" classname="com.github.traderjoe95.mls.protocol.tree.TreeKem" time="0.001"/>
  <testcase name="a new update path generated by the sender should be successfully processed" classname="com.github.traderjoe95.mls.protocol.tree.TreeKem" time="0.001"/>
  <testcase name="the update path should be parent-hash valid" classname="com.github.traderjoe95.mls.protocol.tree.TreeKem" time="0.0"/>
  <testcase name="the tree hash after merging the update path should be 134803346d043794a8faecb235c76e768010ea912d2dc4523006a9a4f55f4bf1" classname="com.github.traderjoe95.mls.protocol.tree.TreeKem" time="0.0"/>
  <testcase name="the decrypted path secret should be 76e43a0e5d68f13141d25eaa05da893b4b60ec1fcf2a6d0a73b7a6a28b5c71ee" classname="com.github.traderjoe95.mls.protocol.tree.TreeKem" time="0.001"/>
  <testcase name="a new update path generated by the sender should be successfully processed" classname="com.github.traderjoe95.mls.protocol.tree.TreeKem" time="0.0"/>
  <testcase name="the update path should be parent-hash valid" classname="com.github.traderjoe95.mls.protocol.tree.TreeKem" time="0.0"/>
  <testcase name="the tree hash after merging the update path should be 134803346d043794a8faecb235c76e768010ea912d2dc4523006a9a4f55f4bf1" classname="com.github.traderjoe95.mls.protocol.tree.TreeKem" time="0.0"/>
  <testcase name="the decrypted path secret should be 76e43a0e5d68f13141d25eaa05da893b4b60ec1fcf2a6d0a73b7a6a28b5c71ee" classname="com.github.traderjoe95.mls.protocol.tree.TreeKem" time="0.0"/>
  <testcase name="a new update path generated by the sender should be successfully processed" classname="com.github.traderjoe95.mls.protocol.tree.TreeKem" time="0.001"/>
  <testcase name="the update path should be parent-hash valid" classname="com.github.traderjoe95.mls.protocol.tree.TreeKem" time="0.0"/>
  <testcase name="the tree hash after merging the update path should be 134803346d043794a8faecb235c76e768010ea912d2dc4523006a9a4f55f4bf1" classname="com.github.traderjoe95.mls.protocol.tree.TreeKem" time="0.0"/>
  <testcase name="the decrypted path secret should be 76e43a0e5d68f13141d25eaa05da893b4b60ec1fcf2a6d0a73b7a6a28b5c71ee" classname="com.github.traderjoe95.mls.protocol.tree.TreeKem" time="0.001"/>
  <testcase name="a new update path generated by the sender should be successfully processed" classname="com.github.traderjoe95.mls.protocol.tree.TreeKem" time="0.001"/>
  <testcase name="the update path should be parent-hash valid" classname="com.github.traderjoe95.mls.protocol.tree.TreeKem" time="0.0"/>
  <testcase name="the tree hash after merging the update path should be 134803346d043794a8faecb235c76e768010ea912d2dc4523006a9a4f55f4bf1" classname="com.github.traderjoe95.mls.protocol.tree.TreeKem" time="0.0"/>
  <testcase name="the decrypted path secret should be 3c78597856241bd7ee600cdbf8a7b4b5962c5ea3e095eaa07b4dc0351f08483d" classname="com.github.traderjoe95.mls.protocol.tree.TreeKem" time="0.001"/>
  <testcase name="a new update path generated by the sender should be successfully processed" classname="com.github.traderjoe95.mls.protocol.tree.TreeKem" time="0.0"/>
  <testcase name="the update path should be parent-hash valid" classname="com.github.traderjoe95.mls.protocol.tree.TreeKem" time="0.001"/>
  <testcase name="the tree hash after merging the update path should be 134803346d043794a8faecb235c76e768010ea912d2dc4523006a9a4f55f4bf1" classname="com.github.traderjoe95.mls.protocol.tree.TreeKem" time="0.0"/>
  <testcase name="the decrypted path secret should be ebc06cf63c3d0bc4759702d3be52e9ad6cf6942f2c8e9e138653602a9f20cfcd" classname="com.github.traderjoe95.mls.protocol.tree.TreeKem" time="0.001"/>
  <testcase name="a new update path generated by the sender should be successfully processed" classname="com.github.traderjoe95.mls.protocol.tree.TreeKem" time="0.001"/>
  <testcase name="the update path should be parent-hash valid" classname="com.github.traderjoe95.mls.protocol.tree.TreeKem" time="0.0"/>
  <testcase name="the tree hash after merging the update path should be e5fa99a8d98cb6b17a2c2d8e53960bdad4c93f0ee72ef128360598f09c1d20fa" classname="com.github.traderjoe95.mls.protocol.tree.TreeKem" time="0.0"/>
  <testcase name="the decrypted path secret should be 2c52936b1c12a651516fc39fd0061af759f4e1e9cd61276f5053e4c05275ceb0" classname="com.github.traderjoe95.mls.protocol.tree.TreeKem" time="0.001"/>
  <testcase name="a new update path generated by the sender should be successfully processed" classname="com.github.traderjoe95.mls.protocol.tree.TreeKem" time="0.001"/>
  <testcase name="the update path should be parent-hash valid" classname="com.github.traderjoe95.mls.protocol.tree.TreeKem" time="0.0"/>
  <testcase name="the tree hash after merging the update path should be e5fa99a8d98cb6b17a2c2d8e53960bdad4c93f0ee72ef128360598f09c1d20fa" classname="com.github.traderjoe95.mls.protocol.tree.TreeKem" time="0.0"/>
  <testcase name="the decrypted path secret should be 2c52936b1c12a651516fc39fd0061af759f4e1e9cd61276f5053e4c05275ceb0" classname="com.github.traderjoe95.mls.protocol.tree.TreeKem" time="0.0"/>
  <testcase name="a new update path generated by the sender should be successfully processed" classname="com.github.traderjoe95.mls.protocol.tree.TreeKem" time="0.001"/>
  <testcase name="the update path should be parent-hash valid" classname="com.github.traderjoe95.mls.protocol.tree.TreeKem" time="0.0"/>
  <testcase name="the tree hash after merging the update path should be e5fa99a8d98cb6b17a2c2d8e53960bdad4c93f0ee72ef128360598f09c1d20fa" classname="com.github.traderjoe95.mls.protocol.tree.TreeKem" time="0.0"/>
  <testcase name="the decrypted path secret should be 2c52936b1c12a651516fc39fd0061af759f4e1e9cd61276f5053e4c05275ceb0" classname="com.github.traderjoe95.mls.protocol.tree.TreeKem" time="0.0"/>
  <testcase name="a new update path generated by the sender should be successfully processed" classname="com.github.traderjoe95.mls.protocol.tree.TreeKem" time="0.001"/>
  <testcase name="the update path should be parent-hash valid" classname="com.github.traderjoe95.mls.protocol.tree.TreeKem" time="0.0"/>
  <testcase name="the tree hash after merging the update path should be e5fa99a8d98cb6b17a2c2d8e53960bdad4c93f0ee72ef128360598f09c1d20fa" classname="com.github.traderjoe95.mls.protocol.tree.TreeKem" time="0.0"/>
  <testcase name="the decrypted path secret should be 2c52936b1c12a651516fc39fd0061af759f4e1e9cd61276f5053e4c05275ceb0" classname="com.github.traderjoe95.mls.protocol.tree.TreeKem" time="0.0"/>
  <testcase name="a new update path generated by the sender should be successfully processed" classname="com.github.traderjoe95.mls.protocol.tree.TreeKem" time="0.001"/>
  <testcase name="the update path should be parent-hash valid" classname="com.github.traderjoe95.mls.protocol.tree.TreeKem" time="0.0"/>
  <testcase name="the tree hash after merging the update path should be e5fa99a8d98cb6b17a2c2d8e53960bdad4c93f0ee72ef128360598f09c1d20fa" classname="com.github.traderjoe95.mls.protocol.tree.TreeKem" time="0.001"/>
  <testcase name="the decrypted path secret should be 1d5d51d8542718cd60a6cd382e913de1d69647c6d175cc101b3be6b7910a6fc7" classname="com.github.traderjoe95.mls.protocol.tree.TreeKem" time="0.001"/>
  <testcase name="a new update path generated by the sender should be successfully processed" classname="com.github.traderjoe95.mls.protocol.tree.TreeKem" time="0.001"/>
  <testcase name="the update path should be parent-hash valid" classname="com.github.traderjoe95.mls.protocol.tree.TreeKem" time="0.0"/>
  <testcase name="the tree hash after merging the update path should be e5fa99a8d98cb6b17a2c2d8e53960bdad4c93f0ee72ef128360598f09c1d20fa" classname="com.github.traderjoe95.mls.protocol.tree.TreeKem" time="0.001"/>
  <testcase name="the decrypted path secret should be 1d5d51d8542718cd60a6cd382e913de1d69647c6d175cc101b3be6b7910a6fc7" classname="com.github.traderjoe95.mls.protocol.tree.TreeKem" time="0.001"/>
  <testcase name="a new update path generated by the sender should be successfully processed" classname="com.github.traderjoe95.mls.protocol.tree.TreeKem" time="0.0"/>
  <testcase name="non-blank leaf 0 should be consistent with the public state" classname="com.github.traderjoe95.mls.protocol.tree.TreeKem" time="0.005"/>
  <testcase name="non-blank leaf 1 should be consistent with the public state" classname="com.github.traderjoe95.mls.protocol.tree.TreeKem" time="0.005"/>
  <testcase name="non-blank leaf 2 should be consistent with the public state" classname="com.github.traderjoe95.mls.protocol.tree.TreeKem" time="0.004"/>
  <testcase name="non-blank leaf 3 should be consistent with the public state" classname="com.github.traderjoe95.mls.protocol.tree.TreeKem" time="0.005"/>
  <testcase name="non-blank leaf 4 should be consistent with the public state" classname="com.github.traderjoe95.mls.protocol.tree.TreeKem" time="0.005"/>
  <testcase name="non-blank leaf 5 should be consistent with the public state" classname="com.github.traderjoe95.mls.protocol.tree.TreeKem" time="0.008"/>
  <testcase name="non-blank leaf 6 should be consistent with the public state" classname="com.github.traderjoe95.mls.protocol.tree.TreeKem" time="0.007"/>
  <testcase name="non-blank leaf 7 should be consistent with the public state" classname="com.github.traderjoe95.mls.protocol.tree.TreeKem" time="0.005"/>
  <testcase name="the update path should be parent-hash valid" classname="com.github.traderjoe95.mls.protocol.tree.TreeKem" time="0.001"/>
  <testcase name="the tree hash after merging the update path should be d788dc021382368626c7ed94e5bfe59d00a7e24f81f50ac22df7e991414f8961" classname="com.github.traderjoe95.mls.protocol.tree.TreeKem" time="0.0"/>
  <testcase name="the decrypted path secret should be e8608097b9da1863d6a6b540542af95b96ab95bcd9a9c04763313b61c2c99d44" classname="com.github.traderjoe95.mls.protocol.tree.TreeKem" time="0.0"/>
  <testcase name="a new update path generated by the sender should be successfully processed" classname="com.github.traderjoe95.mls.protocol.tree.TreeKem" time="0.001"/>
  <testcase name="the update path should be parent-hash valid" classname="com.github.traderjoe95.mls.protocol.tree.TreeKem" time="0.0"/>
  <testcase name="the tree hash after merging the update path should be d788dc021382368626c7ed94e5bfe59d00a7e24f81f50ac22df7e991414f8961" classname="com.github.traderjoe95.mls.protocol.tree.TreeKem" time="0.001"/>
  <testcase name="the decrypted path secret should be 5ccc25c82569cc9731283abbdb9265187c17503e6f9c4ba2484a9e210e83f5a3" classname="com.github.traderjoe95.mls.protocol.tree.TreeKem" time="0.001"/>
  <testcase name="a new update path generated by the sender should be successfully processed" classname="com.github.traderjoe95.mls.protocol.tree.TreeKem" time="0.001"/>
  <testcase name="the update path should be parent-hash valid" classname="com.github.traderjoe95.mls.protocol.tree.TreeKem" time="0.001"/>
  <testcase name="the tree hash after merging the update path should be d788dc021382368626c7ed94e5bfe59d00a7e24f81f50ac22df7e991414f8961" classname="com.github.traderjoe95.mls.protocol.tree.TreeKem" time="0.0"/>
  <testcase name="the decrypted path secret should be 5ccc25c82569cc9731283abbdb9265187c17503e6f9c4ba2484a9e210e83f5a3" classname="com.github.traderjoe95.mls.protocol.tree.TreeKem" time="0.001"/>
  <testcase name="a new update path generated by the sender should be successfully processed" classname="com.github.traderjoe95.mls.protocol.tree.TreeKem" time="0.001"/>
  <testcase name="the update path should be parent-hash valid" classname="com.github.traderjoe95.mls.protocol.tree.TreeKem" time="0.0"/>
  <testcase name="the tree hash after merging the update path should be d788dc021382368626c7ed94e5bfe59d00a7e24f81f50ac22df7e991414f8961" classname="com.github.traderjoe95.mls.protocol.tree.TreeKem" time="0.0"/>
  <testcase name="the decrypted path secret should be 504766baf72d5ca7c9418c872a0e93387d717bb13f319e4953867cc50b57d676" classname="com.github.traderjoe95.mls.protocol.tree.TreeKem" time="0.001"/>
  <testcase name="a new update path generated by the sender should be successfully processed" classname="com.github.traderjoe95.mls.protocol.tree.TreeKem" time="0.0"/>
  <testcase name="the update path should be parent-hash valid" classname="com.github.traderjoe95.mls.protocol.tree.TreeKem" time="0.001"/>
  <testcase name="the tree hash after merging the update path should be d788dc021382368626c7ed94e5bfe59d00a7e24f81f50ac22df7e991414f8961" classname="com.github.traderjoe95.mls.protocol.tree.TreeKem" time="0.0"/>
  <testcase name="the decrypted path secret should be 504766baf72d5ca7c9418c872a0e93387d717bb13f319e4953867cc50b57d676" classname="com.github.traderjoe95.mls.protocol.tree.TreeKem" time="0.001"/>
  <testcase name="a new update path generated by the sender should be successfully processed" classname="com.github.traderjoe95.mls.protocol.tree.TreeKem" time="0.001"/>
  <testcase name="the update path should be parent-hash valid" classname="com.github.traderjoe95.mls.protocol.tree.TreeKem" time="0.0"/>
  <testcase name="the tree hash after merging the update path should be d788dc021382368626c7ed94e5bfe59d00a7e24f81f50ac22df7e991414f8961" classname="com.github.traderjoe95.mls.protocol.tree.TreeKem" time="0.0"/>
  <testcase name="the decrypted path secret should be 504766baf72d5ca7c9418c872a0e93387d717bb13f319e4953867cc50b57d676" classname="com.github.traderjoe95.mls.protocol.tree.TreeKem" time="0.0"/>
  <testcase name="a new update path generated by the sender should be successfully processed" classname="com.github.traderjoe95.mls.protocol.tree.TreeKem" time="0.001"/>
  <testcase name="the update path should be parent-hash valid" classname="com.github.traderjoe95.mls.protocol.tree.TreeKem" time="0.0"/>
  <testcase name="the tree hash after merging the update path should be d788dc021382368626c7ed94e5bfe59d00a7e24f81f50ac22df7e991414f8961" classname="com.github.traderjoe95.mls.protocol.tree.TreeKem" time="0.0"/>
  <testcase name="the decrypted path secret should be 504766baf72d5ca7c9418c872a0e93387d717bb13f319e4953867cc50b57d676" classname="com.github.traderjoe95.mls.protocol.tree.TreeKem" time="0.0"/>
  <testcase name="a new update path generated by the sender should be successfully processed" classname="com.github.traderjoe95.mls.protocol.tree.TreeKem" time="0.001"/>
  <testcase name="the update path should be parent-hash valid" classname="com.github.traderjoe95.mls.protocol.tree.TreeKem" time="0.001"/>
  <testcase name="the tree hash after merging the update path should be 817113c6849d97314c898c749e4748d255209a8fa3de1c84518649abd138cd55" classname="com.github.traderjoe95.mls.protocol.tree.TreeKem" time="0.0"/>
  <testcase name="the decrypted path secret should be 482f034750eac133955a4b06f9907e221c4f7dcde23cd44839d939e74845d5b6" classname="com.github.traderjoe95.mls.protocol.tree.TreeKem" time="0.001"/>
  <testcase name="a new update path generated by the sender should be successfully processed" classname="com.github.traderjoe95.mls.protocol.tree.TreeKem" time="0.001"/>
  <testcase name="the update path should be parent-hash valid" classname="com.github.traderjoe95.mls.protocol.tree.TreeKem" time="0.0"/>
  <testcase name="the tree hash after merging the update path should be 817113c6849d97314c898c749e4748d255209a8fa3de1c84518649abd138cd55" classname="com.github.traderjoe95.mls.protocol.tree.TreeKem" time="0.0"/>
  <testcase name="the decrypted path secret should be 4179fbbca043d7139726430d976a623eac87a9d18bfee7227f2c4d54c16d041e" classname="com.github.traderjoe95.mls.protocol.tree.TreeKem" time="0.001"/>
  <testcase name="a new update path generated by the sender should be successfully processed" classname="com.github.traderjoe95.mls.protocol.tree.TreeKem" time="0.001"/>
  <testcase name="the update path should be parent-hash valid" classname="com.github.traderjoe95.mls.protocol.tree.TreeKem" time="0.0"/>
  <testcase name="the tree hash after merging the update path should be 817113c6849d97314c898c749e4748d255209a8fa3de1c84518649abd138cd55" classname="com.github.traderjoe95.mls.protocol.tree.TreeKem" time="0.0"/>
  <testcase name="the decrypted path secret should be 4179fbbca043d7139726430d976a623eac87a9d18bfee7227f2c4d54c16d041e" classname="com.github.traderjoe95.mls.protocol.tree.TreeKem" time="0.001"/>
  <testcase name="a new update path generated by the sender should be successfully processed" classname="com.github.traderjoe95.mls.protocol.tree.TreeKem" time="0.001"/>
  <testcase name="the update path should be parent-hash valid" classname="com.github.traderjoe95.mls.protocol.tree.TreeKem" time="0.0"/>
  <testcase name="the tree hash after merging the update path should be 817113c6849d97314c898c749e4748d255209a8fa3de1c84518649abd138cd55" classname="com.github.traderjoe95.mls.protocol.tree.TreeKem" time="0.0"/>
  <testcase name="the decrypted path secret should be 0a8222278bb97717570dcbe645ca76266a1a6fbab32e2cd4420431e8611eed12" classname="com.github.traderjoe95.mls.protocol.tree.TreeKem" time="0.001"/>
  <testcase name="a new update path generated by the sender should be successfully processed" classname="com.github.traderjoe95.mls.protocol.tree.TreeKem" time="0.0"/>
  <testcase name="the update path should be parent-hash valid" classname="com.github.traderjoe95.mls.protocol.tree.TreeKem" time="0.001"/>
  <testcase name="the tree hash after merging the update path should be 817113c6849d97314c898c749e4748d255209a8fa3de1c84518649abd138cd55" classname="com.github.traderjoe95.mls.protocol.tree.TreeKem" time="0.0"/>
  <testcase name="the decrypted path secret should be 0a8222278bb97717570dcbe645ca76266a1a6fbab32e2cd4420431e8611eed12" classname="com.github.traderjoe95.mls.protocol.tree.TreeKem" time="0.0"/>
  <testcase name="a new update path generated by the sender should be successfully processed" classname="com.github.traderjoe95.mls.protocol.tree.TreeKem" time="0.001"/>
  <testcase name="the update path should be parent-hash valid" classname="com.github.traderjoe95.mls.protocol.tree.TreeKem" time="0.0"/>
  <testcase name="the tree hash after merging the update path should be 817113c6849d97314c898c749e4748d255209a8fa3de1c84518649abd138cd55" classname="com.github.traderjoe95.mls.protocol.tree.TreeKem" time="0.001"/>
  <testcase name="the decrypted path secret should be 0a8222278bb97717570dcbe645ca76266a1a6fbab32e2cd4420431e8611eed12" classname="com.github.traderjoe95.mls.protocol.tree.TreeKem" time="0.001"/>
  <testcase name="a new update path generated by the sender should be successfully processed" classname="com.github.traderjoe95.mls.protocol.tree.TreeKem" time="0.001"/>
  <testcase name="the update path should be parent-hash valid" classname="com.github.traderjoe95.mls.protocol.tree.TreeKem" time="0.0"/>
  <testcase name="the tree hash after merging the update path should be 817113c6849d97314c898c749e4748d255209a8fa3de1c84518649abd138cd55" classname="com.github.traderjoe95.mls.protocol.tree.TreeKem" time="0.0"/>
  <testcase name="the decrypted path secret should be 0a8222278bb97717570dcbe645ca76266a1a6fbab32e2cd4420431e8611eed12" classname="com.github.traderjoe95.mls.protocol.tree.TreeKem" time="0.001"/>
  <testcase name="a new update path generated by the sender should be successfully processed" classname="com.github.traderjoe95.mls.protocol.tree.TreeKem" time="0.0"/>
  <testcase name="the update path should be parent-hash valid" classname="com.github.traderjoe95.mls.protocol.tree.TreeKem" time="0.0"/>
  <testcase name="the tree hash after merging the update path should be d58656bf8a6ccf03a8a060905110cafd7e1253faf173a469b76c22a0b30d226a" classname="com.github.traderjoe95.mls.protocol.tree.TreeKem" time="0.001"/>
  <testcase name="the decrypted path secret should be 31b55d9f7db7c7e5b7f1c91517029fb661d7379735b8aab5d942b8bb86af38d8" classname="com.github.traderjoe95.mls.protocol.tree.TreeKem" time="0.001"/>
  <testcase name="a new update path generated by the sender should be successfully processed" classname="com.github.traderjoe95.mls.protocol.tree.TreeKem" time="0.002"/>
  <testcase name="the update path should be parent-hash valid" classname="com.github.traderjoe95.mls.protocol.tree.TreeKem" time="0.0"/>
  <testcase name="the tree hash after merging the update path should be d58656bf8a6ccf03a8a060905110cafd7e1253faf173a469b76c22a0b30d226a" classname="com.github.traderjoe95.mls.protocol.tree.TreeKem" time="0.0"/>
  <testcase name="the decrypted path secret should be 31b55d9f7db7c7e5b7f1c91517029fb661d7379735b8aab5d942b8bb86af38d8" classname="com.github.traderjoe95.mls.protocol.tree.TreeKem" time="0.002"/>
  <testcase name="a new update path generated by the sender should be successfully processed" classname="com.github.traderjoe95.mls.protocol.tree.TreeKem" time="0.001"/>
  <testcase name="the update path should be parent-hash valid" classname="com.github.traderjoe95.mls.protocol.tree.TreeKem" time="0.001"/>
  <testcase name="the tree hash after merging the update path should be d58656bf8a6ccf03a8a060905110cafd7e1253faf173a469b76c22a0b30d226a" classname="com.github.traderjoe95.mls.protocol.tree.TreeKem" time="0.0"/>
  <testcase name="the decrypted path secret should be 65ed1479842ad410d32092f6073db017eac8827be3c47d169f742a167755cbeb" classname="com.github.traderjoe95.mls.protocol.tree.TreeKem" time="0.0"/>
  <testcase name="a new update path generated by the sender should be successfully processed" classname="com.github.traderjoe95.mls.protocol.tree.TreeKem" time="0.001"/>
  <testcase name="the update path should be parent-hash valid" classname="com.github.traderjoe95.mls.protocol.tree.TreeKem" time="0.0"/>
  <testcase name="the tree hash after merging the update path should be d58656bf8a6ccf03a8a060905110cafd7e1253faf173a469b76c22a0b30d226a" classname="com.github.traderjoe95.mls.protocol.tree.TreeKem" time="0.0"/>
  <testcase name="the decrypted path secret should be fcc016ff84f1dab6df10a1f1c1847187255d3dcba8b1d859a09d66eb40cd82dc" classname="com.github.traderjoe95.mls.protocol.tree.TreeKem" time="0.001"/>
  <testcase name="a new update path generated by the sender should be successfully processed" classname="com.github.traderjoe95.mls.protocol.tree.TreeKem" time="0.001"/>
  <testcase name="the update path should be parent-hash valid" classname="com.github.traderjoe95.mls.protocol.tree.TreeKem" time="0.0"/>
  <testcase name="the tree hash after merging the update path should be d58656bf8a6ccf03a8a060905110cafd7e1253faf173a469b76c22a0b30d226a" classname="com.github.traderjoe95.mls.protocol.tree.TreeKem" time="0.001"/>
  <testcase name="the decrypted path secret should be fcc016ff84f1dab6df10a1f1c1847187255d3dcba8b1d859a09d66eb40cd82dc" classname="com.github.traderjoe95.mls.protocol.tree.TreeKem" time="0.001"/>
  <testcase name="a new update path generated by the sender should be successfully processed" classname="com.github.traderjoe95.mls.protocol.tree.TreeKem" time="0.001"/>
  <testcase name="the update path should be parent-hash valid" classname="com.github.traderjoe95.mls.protocol.tree.TreeKem" time="0.0"/>
  <testcase name="the tree hash after merging the update path should be d58656bf8a6ccf03a8a060905110cafd7e1253faf173a469b76c22a0b30d226a" classname="com.github.traderjoe95.mls.protocol.tree.TreeKem" time="0.001"/>
  <testcase name="the decrypted path secret should be fcc016ff84f1dab6df10a1f1c1847187255d3dcba8b1d859a09d66eb40cd82dc" classname="com.github.traderjoe95.mls.protocol.tree.TreeKem" time="0.001"/>
  <testcase name="a new update path generated by the sender should be successfully processed" classname="com.github.traderjoe95.mls.protocol.tree.TreeKem" time="0.001"/>
  <testcase name="the update path should be parent-hash valid" classname="com.github.traderjoe95.mls.protocol.tree.TreeKem" time="0.0"/>
  <testcase name="the tree hash after merging the update path should be d58656bf8a6ccf03a8a060905110cafd7e1253faf173a469b76c22a0b30d226a" classname="com.github.traderjoe95.mls.protocol.tree.TreeKem" time="0.0"/>
  <testcase name="the decrypted path secret should be fcc016ff84f1dab6df10a1f1c1847187255d3dcba8b1d859a09d66eb40cd82dc" classname="com.github.traderjoe95.mls.protocol.tree.TreeKem" time="0.001"/>
  <testcase name="a new update path generated by the sender should be successfully processed" classname="com.github.traderjoe95.mls.protocol.tree.TreeKem" time="0.001"/>
  <testcase name="the update path should be parent-hash valid" classname="com.github.traderjoe95.mls.protocol.tree.TreeKem" time="0.001"/>
  <testcase name="the tree hash after merging the update path should be 9ca047fb917776fabaab28062e7f0daad38fe5e8d0604a7d751f6b54a4b362d5" classname="com.github.traderjoe95.mls.protocol.tree.TreeKem" time="0.0"/>
  <testcase name="the decrypted path secret should be d9d2c5ebe714ab7fafa2d4f6d9b1c8b4e81ca48ac6057e2cbe189042e591e64d" classname="com.github.traderjoe95.mls.protocol.tree.TreeKem" time="0.0"/>
  <testcase name="a new update path generated by the sender should be successfully processed" classname="com.github.traderjoe95.mls.protocol.tree.TreeKem" time="0.001"/>
  <testcase name="the update path should be parent-hash valid" classname="com.github.traderjoe95.mls.protocol.tree.TreeKem" time="0.0"/>
  <testcase name="the tree hash after merging the update path should be 9ca047fb917776fabaab28062e7f0daad38fe5e8d0604a7d751f6b54a4b362d5" classname="com.github.traderjoe95.mls.protocol.tree.TreeKem" time="0.001"/>
  <testcase name="the decrypted path secret should be d9d2c5ebe714ab7fafa2d4f6d9b1c8b4e81ca48ac6057e2cbe189042e591e64d" classname="com.github.traderjoe95.mls.protocol.tree.TreeKem" time="0.001"/>
  <testcase name="a new update path generated by the sender should be successfully processed" classname="com.github.traderjoe95.mls.protocol.tree.TreeKem" time="0.001"/>
  <testcase name="the update path should be parent-hash valid" classname="com.github.traderjoe95.mls.protocol.tree.TreeKem" time="0.0"/>
  <testcase name="the tree hash after merging the update path should be 9ca047fb917776fabaab28062e7f0daad38fe5e8d0604a7d751f6b54a4b362d5" classname="com.github.traderjoe95.mls.protocol.tree.TreeKem" time="0.0"/>
  <testcase name="the decrypted path secret should be 47043ea1e2961b2a5dd3aaa9f4f01bbc4a52ce153a88c31de1d105466f788ffc" classname="com.github.traderjoe95.mls.protocol.tree.TreeKem" time="0.001"/>
  <testcase name="a new update path generated by the sender should be successfully processed" classname="com.github.traderjoe95.mls.protocol.tree.TreeKem" time="0.001"/>
  <testcase name="the update path should be parent-hash valid" classname="com.github.traderjoe95.mls.protocol.tree.TreeKem" time="0.0"/>
  <testcase name="the tree hash after merging the update path should be 9ca047fb917776fabaab28062e7f0daad38fe5e8d0604a7d751f6b54a4b362d5" classname="com.github.traderjoe95.mls.protocol.tree.TreeKem" time="0.001"/>
  <testcase name="the decrypted path secret should be e91a12d86125a8d5acc0872133f1e289256c749698427abdcaeedf0139273688" classname="com.github.traderjoe95.mls.protocol.tree.TreeKem" time="0.001"/>
  <testcase name="a new update path generated by the sender should be successfully processed" classname="com.github.traderjoe95.mls.protocol.tree.TreeKem" time="0.001"/>
  <testcase name="the update path should be parent-hash valid" classname="com.github.traderjoe95.mls.protocol.tree.TreeKem" time="0.0"/>
  <testcase name="the tree hash after merging the update path should be 9ca047fb917776fabaab28062e7f0daad38fe5e8d0604a7d751f6b54a4b362d5" classname="com.github.traderjoe95.mls.protocol.tree.TreeKem" time="0.0"/>
  <testcase name="the decrypted path secret should be e91a12d86125a8d5acc0872133f1e289256c749698427abdcaeedf0139273688" classname="com.github.traderjoe95.mls.protocol.tree.TreeKem" time="0.001"/>
  <testcase name="a new update path generated by the sender should be successfully processed" classname="com.github.traderjoe95.mls.protocol.tree.TreeKem" time="0.0"/>
  <testcase name="the update path should be parent-hash valid" classname="com.github.traderjoe95.mls.protocol.tree.TreeKem" time="0.001"/>
  <testcase name="the tree hash after merging the update path should be 9ca047fb917776fabaab28062e7f0daad38fe5e8d0604a7d751f6b54a4b362d5" classname="com.github.traderjoe95.mls.protocol.tree.TreeKem" time="0.0"/>
  <testcase name="the decrypted path secret should be e91a12d86125a8d5acc0872133f1e289256c749698427abdcaeedf0139273688" classname="com.github.traderjoe95.mls.protocol.tree.TreeKem" time="0.001"/>
  <testcase name="a new update path generated by the sender should be successfully processed" classname="com.github.traderjoe95.mls.protocol.tree.TreeKem" time="0.001"/>
  <testcase name="the update path should be parent-hash valid" classname="com.github.traderjoe95.mls.protocol.tree.TreeKem" time="0.0"/>
  <testcase name="the tree hash after merging the update path should be 9ca047fb917776fabaab28062e7f0daad38fe5e8d0604a7d751f6b54a4b362d5" classname="com.github.traderjoe95.mls.protocol.tree.TreeKem" time="0.0"/>
  <testcase name="the decrypted path secret should be e91a12d86125a8d5acc0872133f1e289256c749698427abdcaeedf0139273688" classname="com.github.traderjoe95.mls.protocol.tree.TreeKem" time="0.001"/>
  <testcase name="a new update path generated by the sender should be successfully processed" classname="com.github.traderjoe95.mls.protocol.tree.TreeKem" time="0.001"/>
  <testcase name="the update path should be parent-hash valid" classname="com.github.traderjoe95.mls.protocol.tree.TreeKem" time="0.0"/>
  <testcase name="the tree hash after merging the update path should be 201ef75ed049954a40465f2c3256738138728e311238015cdd2a89bc7edd4e33" classname="com.github.traderjoe95.mls.protocol.tree.TreeKem" time="0.0"/>
  <testcase name="the decrypted path secret should be dee0e649e0c5e19c60d6b4561423f165974f36e9d60c692e1c1a600904ee7dd2" classname="com.github.traderjoe95.mls.protocol.tree.TreeKem" time="0.001"/>
  <testcase name="a new update path generated by the sender should be successfully processed" classname="com.github.traderjoe95.mls.protocol.tree.TreeKem" time="0.001"/>
  <testcase name="the update path should be parent-hash valid" classname="com.github.traderjoe95.mls.protocol.tree.TreeKem" time="0.0"/>
  <testcase name="the tree hash after merging the update path should be 201ef75ed049954a40465f2c3256738138728e311238015cdd2a89bc7edd4e33" classname="com.github.traderjoe95.mls.protocol.tree.TreeKem" time="0.001"/>
  <testcase name="the decrypted path secret should be dee0e649e0c5e19c60d6b4561423f165974f36e9d60c692e1c1a600904ee7dd2" classname="com.github.traderjoe95.mls.protocol.tree.TreeKem" time="0.001"/>
  <testcase name="a new update path generated by the sender should be successfully processed" classname="com.github.traderjoe95.mls.protocol.tree.TreeKem" time="0.001"/>
  <testcase name="the update path should be parent-hash valid" classname="com.github.traderjoe95.mls.protocol.tree.TreeKem" time="0.0"/>
  <testcase name="the tree hash after merging the update path should be 201ef75ed049954a40465f2c3256738138728e311238015cdd2a89bc7edd4e33" classname="com.github.traderjoe95.mls.protocol.tree.TreeKem" time="0.0"/>
  <testcase name="the decrypted path secret should be dee0e649e0c5e19c60d6b4561423f165974f36e9d60c692e1c1a600904ee7dd2" classname="com.github.traderjoe95.mls.protocol.tree.TreeKem" time="0.001"/>
  <testcase name="a new update path generated by the sender should be successfully processed" classname="com.github.traderjoe95.mls.protocol.tree.TreeKem" time="0.001"/>
  <testcase name="the update path should be parent-hash valid" classname="com.github.traderjoe95.mls.protocol.tree.TreeKem" time="0.0"/>
  <testcase name="the tree hash after merging the update path should be 201ef75ed049954a40465f2c3256738138728e311238015cdd2a89bc7edd4e33" classname="com.github.traderjoe95.mls.protocol.tree.TreeKem" time="0.001"/>
  <testcase name="the decrypted path secret should be dee0e649e0c5e19c60d6b4561423f165974f36e9d60c692e1c1a600904ee7dd2" classname="com.github.traderjoe95.mls.protocol.tree.TreeKem" time="0.001"/>
  <testcase name="a new update path generated by the sender should be successfully processed" classname="com.github.traderjoe95.mls.protocol.tree.TreeKem" time="0.002"/>
  <testcase name="the update path should be parent-hash valid" classname="com.github.traderjoe95.mls.protocol.tree.TreeKem" time="0.001"/>
  <testcase name="the tree hash after merging the update path should be 201ef75ed049954a40465f2c3256738138728e311238015cdd2a89bc7edd4e33" classname="com.github.traderjoe95.mls.protocol.tree.TreeKem" time="0.0"/>
  <testcase name="the decrypted path secret should be 72d46a199f58a9227f1cd24468537f238a841a745ca09e7bca0c9c18a58a09e9" classname="com.github.traderjoe95.mls.protocol.tree.TreeKem" time="0.0"/>
  <testcase name="a new update path generated by the sender should be successfully processed" classname="com.github.traderjoe95.mls.protocol.tree.TreeKem" time="0.001"/>
  <testcase name="the update path should be parent-hash valid" classname="com.github.traderjoe95.mls.protocol.tree.TreeKem" time="0.0"/>
  <testcase name="the tree hash after merging the update path should be 201ef75ed049954a40465f2c3256738138728e311238015cdd2a89bc7edd4e33" classname="com.github.traderjoe95.mls.protocol.tree.TreeKem" time="0.0"/>
  <testcase name="the decrypted path secret should be f2c5622949d4e6ca8f917ef1b0d4fe106d8592c2f629822908146332907e5682" classname="com.github.traderjoe95.mls.protocol.tree.TreeKem" time="0.001"/>
  <testcase name="a new update path generated by the sender should be successfully processed" classname="com.github.traderjoe95.mls.protocol.tree.TreeKem" time="0.001"/>
  <testcase name="the update path should be parent-hash valid" classname="com.github.traderjoe95.mls.protocol.tree.TreeKem" time="0.0"/>
  <testcase name="the tree hash after merging the update path should be 201ef75ed049954a40465f2c3256738138728e311238015cdd2a89bc7edd4e33" classname="com.github.traderjoe95.mls.protocol.tree.TreeKem" time="0.001"/>
  <testcase name="the decrypted path secret should be f2c5622949d4e6ca8f917ef1b0d4fe106d8592c2f629822908146332907e5682" classname="com.github.traderjoe95.mls.protocol.tree.TreeKem" time="0.001"/>
  <testcase name="a new update path generated by the sender should be successfully processed" classname="com.github.traderjoe95.mls.protocol.tree.TreeKem" time="0.001"/>
  <testcase name="the update path should be parent-hash valid" classname="com.github.traderjoe95.mls.protocol.tree.TreeKem" time="0.0"/>
  <testcase name="the tree hash after merging the update path should be 8905cc2853ab11f843bf7fc1adac720aa939306ae181d579d0dce42c43a02345" classname="com.github.traderjoe95.mls.protocol.tree.TreeKem" time="0.001"/>
  <testcase name="the decrypted path secret should be 76e43a0e5d68f13141d25eaa05da893b4b60ec1fcf2a6d0a73b7a6a28b5c71ee" classname="com.github.traderjoe95.mls.protocol.tree.TreeKem" time="0.001"/>
  <testcase name="a new update path generated by the sender should be successfully processed" classname="com.github.traderjoe95.mls.protocol.tree.TreeKem" time="0.001"/>
  <testcase name="the update path should be parent-hash valid" classname="com.github.traderjoe95.mls.protocol.tree.TreeKem" time="0.001"/>
  <testcase name="the tree hash after merging the update path should be 8905cc2853ab11f843bf7fc1adac720aa939306ae181d579d0dce42c43a02345" classname="com.github.traderjoe95.mls.protocol.tree.TreeKem" time="0.0"/>
  <testcase name="the decrypted path secret should be 76e43a0e5d68f13141d25eaa05da893b4b60ec1fcf2a6d0a73b7a6a28b5c71ee" classname="com.github.traderjoe95.mls.protocol.tree.TreeKem" time="0.001"/>
  <testcase name="a new update path generated by the sender should be successfully processed" classname="com.github.traderjoe95.mls.protocol.tree.TreeKem" time="0.001"/>
  <testcase name="the update path should be parent-hash valid" classname="com.github.traderjoe95.mls.protocol.tree.TreeKem" time="0.0"/>
  <testcase name="the tree hash after merging the update path should be 8905cc2853ab11f843bf7fc1adac720aa939306ae181d579d0dce42c43a02345" classname="com.github.traderjoe95.mls.protocol.tree.TreeKem" time="0.001"/>
  <testcase name="the decrypted path secret should be 76e43a0e5d68f13141d25eaa05da893b4b60ec1fcf2a6d0a73b7a6a28b5c71ee" classname="com.github.traderjoe95.mls.protocol.tree.TreeKem" time="0.001"/>
  <testcase name="a new update path generated by the sender should be successfully processed" classname="com.github.traderjoe95.mls.protocol.tree.TreeKem" time="0.001"/>
  <testcase name="the update path should be parent-hash valid" classname="com.github.traderjoe95.mls.protocol.tree.TreeKem" time="0.001"/>
  <testcase name="the tree hash after merging the update path should be 8905cc2853ab11f843bf7fc1adac720aa939306ae181d579d0dce42c43a02345" classname="com.github.traderjoe95.mls.protocol.tree.TreeKem" time="0.001"/>
  <testcase name="the decrypted path secret should be 76e43a0e5d68f13141d25eaa05da893b4b60ec1fcf2a6d0a73b7a6a28b5c71ee" classname="com.github.traderjoe95.mls.protocol.tree.TreeKem" time="0.001"/>
  <testcase name="a new update path generated by the sender should be successfully processed" classname="com.github.traderjoe95.mls.protocol.tree.TreeKem" time="0.001"/>
  <testcase name="the update path should be parent-hash valid" classname="com.github.traderjoe95.mls.protocol.tree.TreeKem" time="0.001"/>
  <testcase name="the tree hash after merging the update path should be 8905cc2853ab11f843bf7fc1adac720aa939306ae181d579d0dce42c43a02345" classname="com.github.traderjoe95.mls.protocol.tree.TreeKem" time="0.0"/>
  <testcase name="the decrypted path secret should be 3c78597856241bd7ee600cdbf8a7b4b5962c5ea3e095eaa07b4dc0351f08483d" classname="com.github.traderjoe95.mls.protocol.tree.TreeKem" time="0.001"/>
  <testcase name="a new update path generated by the sender should be successfully processed" classname="com.github.traderjoe95.mls.protocol.tree.TreeKem" time="0.001"/>
  <testcase name="the update path should be parent-hash valid" classname="com.github.traderjoe95.mls.protocol.tree.TreeKem" time="0.0"/>
  <testcase name="the tree hash after merging the update path should be 8905cc2853ab11f843bf7fc1adac720aa939306ae181d579d0dce42c43a02345" classname="com.github.traderjoe95.mls.protocol.tree.TreeKem" time="0.0"/>
  <testcase name="the decrypted path secret should be ebc06cf63c3d0bc4759702d3be52e9ad6cf6942f2c8e9e138653602a9f20cfcd" classname="com.github.traderjoe95.mls.protocol.tree.TreeKem" time="0.001"/>
  <testcase name="a new update path generated by the sender should be successfully processed" classname="com.github.traderjoe95.mls.protocol.tree.TreeKem" time="0.0"/>
  <testcase name="the update path should be parent-hash valid" classname="com.github.traderjoe95.mls.protocol.tree.TreeKem" time="0.0"/>
  <testcase name="the tree hash after merging the update path should be 8905cc2853ab11f843bf7fc1adac720aa939306ae181d579d0dce42c43a02345" classname="com.github.traderjoe95.mls.protocol.tree.TreeKem" time="0.0"/>
  <testcase name="the decrypted path secret should be ebc06cf63c3d0bc4759702d3be52e9ad6cf6942f2c8e9e138653602a9f20cfcd" classname="com.github.traderjoe95.mls.protocol.tree.TreeKem" time="0.001"/>
  <testcase name="a new update path generated by the sender should be successfully processed" classname="com.github.traderjoe95.mls.protocol.tree.TreeKem" time="0.001"/>
  <testcase name="the update path should be parent-hash valid" classname="com.github.traderjoe95.mls.protocol.tree.TreeKem" time="0.0"/>
  <testcase name="the tree hash after merging the update path should be 6c5758667eb252c75c692e3432e61a1e51f50e6ae9d0207793b3a072e13f141a" classname="com.github.traderjoe95.mls.protocol.tree.TreeKem" time="0.0"/>
  <testcase name="the decrypted path secret should be 690368d443d3e783030498d5f57cd99755287c03631ba5fe326c4c3bfd0c313a" classname="com.github.traderjoe95.mls.protocol.tree.TreeKem" time="0.001"/>
  <testcase name="a new update path generated by the sender should be successfully processed" classname="com.github.traderjoe95.mls.protocol.tree.TreeKem" time="0.001"/>
  <testcase name="the update path should be parent-hash valid" classname="com.github.traderjoe95.mls.protocol.tree.TreeKem" time="0.001"/>
  <testcase name="the tree hash after merging the update path should be 6c5758667eb252c75c692e3432e61a1e51f50e6ae9d0207793b3a072e13f141a" classname="com.github.traderjoe95.mls.protocol.tree.TreeKem" time="0.0"/>
  <testcase name="the decrypted path secret should be 690368d443d3e783030498d5f57cd99755287c03631ba5fe326c4c3bfd0c313a" classname="com.github.traderjoe95.mls.protocol.tree.TreeKem" time="0.001"/>
  <testcase name="a new update path generated by the sender should be successfully processed" classname="com.github.traderjoe95.mls.protocol.tree.TreeKem" time="0.001"/>
  <testcase name="the update path should be parent-hash valid" classname="com.github.traderjoe95.mls.protocol.tree.TreeKem" time="0.0"/>
  <testcase name="the tree hash after merging the update path should be 6c5758667eb252c75c692e3432e61a1e51f50e6ae9d0207793b3a072e13f141a" classname="com.github.traderjoe95.mls.protocol.tree.TreeKem" time="0.0"/>
  <testcase name="the decrypted path secret should be 690368d443d3e783030498d5f57cd99755287c03631ba5fe326c4c3bfd0c313a" classname="com.github.traderjoe95.mls.protocol.tree.TreeKem" time="0.001"/>
  <testcase name="a new update path generated by the sender should be successfully processed" classname="com.github.traderjoe95.mls.protocol.tree.TreeKem" time="0.001"/>
  <testcase name="the update path should be parent-hash valid" classname="com.github.traderjoe95.mls.protocol.tree.TreeKem" time="0.0"/>
  <testcase name="the tree hash after merging the update path should be 6c5758667eb252c75c692e3432e61a1e51f50e6ae9d0207793b3a072e13f141a" classname="com.github.traderjoe95.mls.protocol.tree.TreeKem" time="0.0"/>
  <testcase name="the decrypted path secret should be 690368d443d3e783030498d5f57cd99755287c03631ba5fe326c4c3bfd0c313a" classname="com.github.traderjoe95.mls.protocol.tree.TreeKem" time="0.0"/>
  <testcase name="a new update path generated by the sender should be successfully processed" classname="com.github.traderjoe95.mls.protocol.tree.TreeKem" time="0.001"/>
  <testcase name="the update path should be parent-hash valid" classname="com.github.traderjoe95.mls.protocol.tree.TreeKem" time="0.0"/>
  <testcase name="the tree hash after merging the update path should be 6c5758667eb252c75c692e3432e61a1e51f50e6ae9d0207793b3a072e13f141a" classname="com.github.traderjoe95.mls.protocol.tree.TreeKem" time="0.0"/>
  <testcase name="the decrypted path secret should be 2c52936b1c12a651516fc39fd0061af759f4e1e9cd61276f5053e4c05275ceb0" classname="com.github.traderjoe95.mls.protocol.tree.TreeKem" time="0.001"/>
  <testcase name="a new update path generated by the sender should be successfully processed" classname="com.github.traderjoe95.mls.protocol.tree.TreeKem" time="0.001"/>
  <testcase name="the update path should be parent-hash valid" classname="com.github.traderjoe95.mls.protocol.tree.TreeKem" time="0.0"/>
  <testcase name="the tree hash after merging the update path should be 6c5758667eb252c75c692e3432e61a1e51f50e6ae9d0207793b3a072e13f141a" classname="com.github.traderjoe95.mls.protocol.tree.TreeKem" time="0.0"/>
  <testcase name="the decrypted path secret should be 2c52936b1c12a651516fc39fd0061af759f4e1e9cd61276f5053e4c05275ceb0" classname="com.github.traderjoe95.mls.protocol.tree.TreeKem" time="0.001"/>
  <testcase name="a new update path generated by the sender should be successfully processed" classname="com.github.traderjoe95.mls.protocol.tree.TreeKem" time="0.002"/>
  <testcase name="the update path should be parent-hash valid" classname="com.github.traderjoe95.mls.protocol.tree.TreeKem" time="0.0"/>
  <testcase name="the tree hash after merging the update path should be 6c5758667eb252c75c692e3432e61a1e51f50e6ae9d0207793b3a072e13f141a" classname="com.github.traderjoe95.mls.protocol.tree.TreeKem" time="0.001"/>
  <testcase name="the decrypted path secret should be 1d5d51d8542718cd60a6cd382e913de1d69647c6d175cc101b3be6b7910a6fc7" classname="com.github.traderjoe95.mls.protocol.tree.TreeKem" time="0.001"/>
  <testcase name="a new update path generated by the sender should be successfully processed" classname="com.github.traderjoe95.mls.protocol.tree.TreeKem" time="0.001"/>
  <testcase name="the update path should be parent-hash valid" classname="com.github.traderjoe95.mls.protocol.tree.TreeKem" time="0.0"/>
  <testcase name="the tree hash after merging the update path should be 4466d79c796d68e3a14db781fde15621d84d2d6bfcfcea786fc2b05001e612d4" classname="com.github.traderjoe95.mls.protocol.tree.TreeKem" time="0.0"/>
  <testcase name="the decrypted path secret should be 084cae665824f48afdd622f9bd988313b76f0cabdc8a1ae736c6cc4e594b9353" classname="com.github.traderjoe95.mls.protocol.tree.TreeKem" time="0.001"/>
  <testcase name="a new update path generated by the sender should be successfully processed" classname="com.github.traderjoe95.mls.protocol.tree.TreeKem" time="0.001"/>
  <testcase name="the update path should be parent-hash valid" classname="com.github.traderjoe95.mls.protocol.tree.TreeKem" time="0.001"/>
  <testcase name="the tree hash after merging the update path should be 4466d79c796d68e3a14db781fde15621d84d2d6bfcfcea786fc2b05001e612d4" classname="com.github.traderjoe95.mls.protocol.tree.TreeKem" time="0.0"/>
  <testcase name="the decrypted path secret should be 084cae665824f48afdd622f9bd988313b76f0cabdc8a1ae736c6cc4e594b9353" classname="com.github.traderjoe95.mls.protocol.tree.TreeKem" time="0.001"/>
  <testcase name="a new update path generated by the sender should be successfully processed" classname="com.github.traderjoe95.mls.protocol.tree.TreeKem" time="0.001"/>
  <testcase name="the update path should be parent-hash valid" classname="com.github.traderjoe95.mls.protocol.tree.TreeKem" time="0.0"/>
  <testcase name="the tree hash after merging the update path should be 4466d79c796d68e3a14db781fde15621d84d2d6bfcfcea786fc2b05001e612d4" classname="com.github.traderjoe95.mls.protocol.tree.TreeKem" time="0.0"/>
  <testcase name="the decrypted path secret should be 084cae665824f48afdd622f9bd988313b76f0cabdc8a1ae736c6cc4e594b9353" classname="com.github.traderjoe95.mls.protocol.tree.TreeKem" time="0.001"/>
  <testcase name="a new update path generated by the sender should be successfully processed" classname="com.github.traderjoe95.mls.protocol.tree.TreeKem" time="0.001"/>
  <testcase name="the update path should be parent-hash valid" classname="com.github.traderjoe95.mls.protocol.tree.TreeKem" time="0.0"/>
  <testcase name="the tree hash after merging the update path should be 4466d79c796d68e3a14db781fde15621d84d2d6bfcfcea786fc2b05001e612d4" classname="com.github.traderjoe95.mls.protocol.tree.TreeKem" time="0.0"/>
  <testcase name="the decrypted path secret should be 084cae665824f48afdd622f9bd988313b76f0cabdc8a1ae736c6cc4e594b9353" classname="com.github.traderjoe95.mls.protocol.tree.TreeKem" time="0.0"/>
  <testcase name="a new update path generated by the sender should be successfully processed" classname="com.github.traderjoe95.mls.protocol.tree.TreeKem" time="0.001"/>
  <testcase name="the update path should be parent-hash valid" classname="com.github.traderjoe95.mls.protocol.tree.TreeKem" time="0.0"/>
  <testcase name="the tree hash after merging the update path should be 4466d79c796d68e3a14db781fde15621d84d2d6bfcfcea786fc2b05001e612d4" classname="com.github.traderjoe95.mls.protocol.tree.TreeKem" time="0.001"/>
  <testcase name="the decrypted path secret should be b67f12c3754075424192bf3982ba6afab14f22d0597a4e852ff2de44790dc3a0" classname="com.github.traderjoe95.mls.protocol.tree.TreeKem" time="0.001"/>
  <testcase name="a new update path generated by the sender should be successfully processed" classname="com.github.traderjoe95.mls.protocol.tree.TreeKem" time="0.001"/>
  <testcase name="the update path should be parent-hash valid" classname="com.github.traderjoe95.mls.protocol.tree.TreeKem" time="0.0"/>
  <testcase name="the tree hash after merging the update path should be 4466d79c796d68e3a14db781fde15621d84d2d6bfcfcea786fc2b05001e612d4" classname="com.github.traderjoe95.mls.protocol.tree.TreeKem" time="0.0"/>
  <testcase name="the decrypted path secret should be b67f12c3754075424192bf3982ba6afab14f22d0597a4e852ff2de44790dc3a0" classname="com.github.traderjoe95.mls.protocol.tree.TreeKem" time="0.0"/>
  <testcase name="a new update path generated by the sender should be successfully processed" classname="com.github.traderjoe95.mls.protocol.tree.TreeKem" time="0.001"/>
  <testcase name="the update path should be parent-hash valid" classname="com.github.traderjoe95.mls.protocol.tree.TreeKem" time="0.0"/>
  <testcase name="the tree hash after merging the update path should be 4466d79c796d68e3a14db781fde15621d84d2d6bfcfcea786fc2b05001e612d4" classname="com.github.traderjoe95.mls.protocol.tree.TreeKem" time="0.001"/>
  <testcase name="the decrypted path secret should be ff7da38ea9ba78ecb650a0779e8e9efbe41842596c7d5a98ded1878bd2091235" classname="com.github.traderjoe95.mls.protocol.tree.TreeKem" time="0.001"/>
  <testcase name="a new update path generated by the sender should be successfully processed" classname="com.github.traderjoe95.mls.protocol.tree.TreeKem" time="0.001"/>
  <testcase name="non-blank leaf 0 should be consistent with the public state" classname="com.github.traderjoe95.mls.protocol.tree.TreeKem" time="0.005"/>
  <testcase name="non-blank leaf 1 should be consistent with the public state" classname="com.github.traderjoe95.mls.protocol.tree.TreeKem" time="0.005"/>
  <testcase name="non-blank leaf 2 should be consistent with the public state" classname="com.github.traderjoe95.mls.protocol.tree.TreeKem" time="0.004"/>
  <testcase name="non-blank leaf 4 should be consistent with the public state" classname="com.github.traderjoe95.mls.protocol.tree.TreeKem" time="0.005"/>
  <testcase name="non-blank leaf 5 should be consistent with the public state" classname="com.github.traderjoe95.mls.protocol.tree.TreeKem" time="0.005"/>
  <testcase name="non-blank leaf 6 should be consistent with the public state" classname="com.github.traderjoe95.mls.protocol.tree.TreeKem" time="0.005"/>
  <testcase name="non-blank leaf 7 should be consistent with the public state" classname="com.github.traderjoe95.mls.protocol.tree.TreeKem" time="0.004"/>
  <testcase name="the update path should be parent-hash valid" classname="com.github.traderjoe95.mls.protocol.tree.TreeKem" time="0.001"/>
  <testcase name="the tree hash after merging the update path should be 2eba7e7b64637304e805fac7ca2005404df1ab64736cd3a3a66b770ca3de0402" classname="com.github.traderjoe95.mls.protocol.tree.TreeKem" time="0.0"/>
  <testcase name="the decrypted path secret should be e8608097b9da1863d6a6b540542af95b96ab95bcd9a9c04763313b61c2c99d44" classname="com.github.traderjoe95.mls.protocol.tree.TreeKem" time="0.0"/>
  <testcase name="a new update path generated by the sender should be successfully processed" classname="com.github.traderjoe95.mls.protocol.tree.TreeKem" time="0.001"/>
  <testcase name="the update path should be parent-hash valid" classname="com.github.traderjoe95.mls.protocol.tree.TreeKem" time="0.0"/>
  <testcase name="the tree hash after merging the update path should be 2eba7e7b64637304e805fac7ca2005404df1ab64736cd3a3a66b770ca3de0402" classname="com.github.traderjoe95.mls.protocol.tree.TreeKem" time="0.001"/>
  <testcase name="the decrypted path secret should be 5ccc25c82569cc9731283abbdb9265187c17503e6f9c4ba2484a9e210e83f5a3" classname="com.github.traderjoe95.mls.protocol.tree.TreeKem" time="0.001"/>
  <testcase name="a new update path generated by the sender should be successfully processed" classname="com.github.traderjoe95.mls.protocol.tree.TreeKem" time="0.001"/>
  <testcase name="the update path should be parent-hash valid" classname="com.github.traderjoe95.mls.protocol.tree.TreeKem" time="0.0"/>
  <testcase name="the tree hash after merging the update path should be 2eba7e7b64637304e805fac7ca2005404df1ab64736cd3a3a66b770ca3de0402" classname="com.github.traderjoe95.mls.protocol.tree.TreeKem" time="0.0"/>
  <testcase name="the decrypted path secret should be 504766baf72d5ca7c9418c872a0e93387d717bb13f319e4953867cc50b57d676" classname="com.github.traderjoe95.mls.protocol.tree.TreeKem" time="0.001"/>
  <testcase name="a new update path generated by the sender should be successfully processed" classname="com.github.traderjoe95.mls.protocol.tree.TreeKem" time="0.0"/>
  <testcase name="the update path should be parent-hash valid" classname="com.github.traderjoe95.mls.protocol.tree.TreeKem" time="0.0"/>
  <testcase name="the tree hash after merging the update path should be 2eba7e7b64637304e805fac7ca2005404df1ab64736cd3a3a66b770ca3de0402" classname="com.github.traderjoe95.mls.protocol.tree.TreeKem" time="0.0"/>
  <testcase name="the decrypted path secret should be 504766baf72d5ca7c9418c872a0e93387d717bb13f319e4953867cc50b57d676" classname="com.github.traderjoe95.mls.protocol.tree.TreeKem" time="0.001"/>
  <testcase name="a new update path generated by the sender should be successfully processed" classname="com.github.traderjoe95.mls.protocol.tree.TreeKem" time="0.0"/>
  <testcase name="the update path should be parent-hash valid" classname="com.github.traderjoe95.mls.protocol.tree.TreeKem" time="0.001"/>
  <testcase name="the tree hash after merging the update path should be 2eba7e7b64637304e805fac7ca2005404df1ab64736cd3a3a66b770ca3de0402" classname="com.github.traderjoe95.mls.protocol.tree.TreeKem" time="0.0"/>
  <testcase name="the decrypted path secret should be 504766baf72d5ca7c9418c872a0e93387d717bb13f319e4953867cc50b57d676" classname="com.github.traderjoe95.mls.protocol.tree.TreeKem" time="0.001"/>
  <testcase name="a new update path generated by the sender should be successfully processed" classname="com.github.traderjoe95.mls.protocol.tree.TreeKem" time="0.001"/>
  <testcase name="the update path should be parent-hash valid" classname="com.github.traderjoe95.mls.protocol.tree.TreeKem" time="0.0"/>
  <testcase name="the tree hash after merging the update path should be 2eba7e7b64637304e805fac7ca2005404df1ab64736cd3a3a66b770ca3de0402" classname="com.github.traderjoe95.mls.protocol.tree.TreeKem" time="0.001"/>
  <testcase name="the decrypted path secret should be 504766baf72d5ca7c9418c872a0e93387d717bb13f319e4953867cc50b57d676" classname="com.github.traderjoe95.mls.protocol.tree.TreeKem" time="0.001"/>
  <testcase name="a new update path generated by the sender should be successfully processed" classname="com.github.traderjoe95.mls.protocol.tree.TreeKem" time="0.001"/>
  <testcase name="the update path should be parent-hash valid" classname="com.github.traderjoe95.mls.protocol.tree.TreeKem" time="0.0"/>
  <testcase name="the tree hash after merging the update path should be 6516a14ad29cde41d235a8d13fe23f8341275afb61ad13f37f2b15caf6b008e8" classname="com.github.traderjoe95.mls.protocol.tree.TreeKem" time="0.0"/>
  <testcase name="the decrypted path secret should be 482f034750eac133955a4b06f9907e221c4f7dcde23cd44839d939e74845d5b6" classname="com.github.traderjoe95.mls.protocol.tree.TreeKem" time="0.0"/>
  <testcase name="a new update path generated by the sender should be successfully processed" classname="com.github.traderjoe95.mls.protocol.tree.TreeKem" time="0.001"/>
  <testcase name="the update path should be parent-hash valid" classname="com.github.traderjoe95.mls.protocol.tree.TreeKem" time="0.0"/>
  <testcase name="the tree hash after merging the update path should be 6516a14ad29cde41d235a8d13fe23f8341275afb61ad13f37f2b15caf6b008e8" classname="com.github.traderjoe95.mls.protocol.tree.TreeKem" time="0.001"/>
  <testcase name="the decrypted path secret should be 4179fbbca043d7139726430d976a623eac87a9d18bfee7227f2c4d54c16d041e" classname="com.github.traderjoe95.mls.protocol.tree.TreeKem" time="0.001"/>
  <testcase name="a new update path generated by the sender should be successfully processed" classname="com.github.traderjoe95.mls.protocol.tree.TreeKem" time="0.001"/>
  <testcase name="the update path should be parent-hash valid" classname="com.github.traderjoe95.mls.protocol.tree.TreeKem" time="0.0"/>
  <testcase name="the tree hash after merging the update path should be 6516a14ad29cde41d235a8d13fe23f8341275afb61ad13f37f2b15caf6b008e8" classname="com.github.traderjoe95.mls.protocol.tree.TreeKem" time="0.0"/>
  <testcase name="the decrypted path secret should be 0a8222278bb97717570dcbe645ca76266a1a6fbab32e2cd4420431e8611eed12" classname="com.github.traderjoe95.mls.protocol.tree.TreeKem" time="0.0"/>
  <testcase name="a new update path generated by the sender should be successfully processed" classname="com.github.traderjoe95.mls.protocol.tree.TreeKem" time="0.001"/>
  <testcase name="the update path should be parent-hash valid" classname="com.github.traderjoe95.mls.protocol.tree.TreeKem" time="0.0"/>
  <testcase name="the tree hash after merging the update path should be 6516a14ad29cde41d235a8d13fe23f8341275afb61ad13f37f2b15caf6b008e8" classname="com.github.traderjoe95.mls.protocol.tree.TreeKem" time="0.001"/>
  <testcase name="the decrypted path secret should be 0a8222278bb97717570dcbe645ca76266a1a6fbab32e2cd4420431e8611eed12" classname="com.github.traderjoe95.mls.protocol.tree.TreeKem" time="0.001"/>
  <testcase name="a new update path generated by the sender should be successfully processed" classname="com.github.traderjoe95.mls.protocol.tree.TreeKem" time="0.001"/>
  <testcase name="the update path should be parent-hash valid" classname="com.github.traderjoe95.mls.protocol.tree.TreeKem" time="0.001"/>
  <testcase name="the tree hash after merging the update path should be 6516a14ad29cde41d235a8d13fe23f8341275afb61ad13f37f2b15caf6b008e8" classname="com.github.traderjoe95.mls.protocol.tree.TreeKem" time="0.001"/>
  <testcase name="the decrypted path secret should be 0a8222278bb97717570dcbe645ca76266a1a6fbab32e2cd4420431e8611eed12" classname="com.github.traderjoe95.mls.protocol.tree.TreeKem" time="0.001"/>
  <testcase name="a new update path generated by the sender should be successfully processed" classname="com.github.traderjoe95.mls.protocol.tree.TreeKem" time="0.001"/>
  <testcase name="the update path should be parent-hash valid" classname="com.github.traderjoe95.mls.protocol.tree.TreeKem" time="0.0"/>
  <testcase name="the tree hash after merging the update path should be 6516a14ad29cde41d235a8d13fe23f8341275afb61ad13f37f2b15caf6b008e8" classname="com.github.traderjoe95.mls.protocol.tree.TreeKem" time="0.0"/>
  <testcase name="the decrypted path secret should be 0a8222278bb97717570dcbe645ca76266a1a6fbab32e2cd4420431e8611eed12" classname="com.github.traderjoe95.mls.protocol.tree.TreeKem" time="0.0"/>
  <testcase name="a new update path generated by the sender should be successfully processed" classname="com.github.traderjoe95.mls.protocol.tree.TreeKem" time="0.001"/>
  <testcase name="the update path should be parent-hash valid" classname="com.github.traderjoe95.mls.protocol.tree.TreeKem" time="0.0"/>
  <testcase name="the tree hash after merging the update path should be 065ce467b2835760b54c21ca1abe256bfa66d489324d22fb755255dad94d301d" classname="com.github.traderjoe95.mls.protocol.tree.TreeKem" time="0.001"/>
  <testcase name="the decrypted path secret should be 65ed1479842ad410d32092f6073db017eac8827be3c47d169f742a167755cbeb" classname="com.github.traderjoe95.mls.protocol.tree.TreeKem" time="0.001"/>
  <testcase name="a new update path generated by the sender should be successfully processed" classname="com.github.traderjoe95.mls.protocol.tree.TreeKem" time="0.001"/>
  <testcase name="the update path should be parent-hash valid" classname="com.github.traderjoe95.mls.protocol.tree.TreeKem" time="0.0"/>
  <testcase name="the tree hash after merging the update path should be 065ce467b2835760b54c21ca1abe256bfa66d489324d22fb755255dad94d301d" classname="com.github.traderjoe95.mls.protocol.tree.TreeKem" time="0.0"/>
  <testcase name="the decrypted path secret should be 65ed1479842ad410d32092f6073db017eac8827be3c47d169f742a167755cbeb" classname="com.github.traderjoe95.mls.protocol.tree.TreeKem" time="0.0"/>
  <testcase name="a new update path generated by the sender should be successfully processed" classname="com.github.traderjoe95.mls.protocol.tree.TreeKem" time="0.001"/>
  <testcase name="the update path should be parent-hash valid" classname="com.github.traderjoe95.mls.protocol.tree.TreeKem" time="0.0"/>
  <testcase name="the tree hash after merging the update path should be 065ce467b2835760b54c21ca1abe256bfa66d489324d22fb755255dad94d301d" classname="com.github.traderjoe95.mls.protocol.tree.TreeKem" time="0.0"/>
  <testcase name="the decrypted path secret should be 31b55d9f7db7c7e5b7f1c91517029fb661d7379735b8aab5d942b8bb86af38d8" classname="com.github.traderjoe95.mls.protocol.tree.TreeKem" time="0.001"/>
  <testcase name="a new update path generated by the sender should be successfully processed" classname="com.github.traderjoe95.mls.protocol.tree.TreeKem" time="0.001"/>
  <testcase name="the update path should be parent-hash valid" classname="com.github.traderjoe95.mls.protocol.tree.TreeKem" time="0.0"/>
  <testcase name="the tree hash after merging the update path should be 065ce467b2835760b54c21ca1abe256bfa66d489324d22fb755255dad94d301d" classname="com.github.traderjoe95.mls.protocol.tree.TreeKem" time="0.0"/>
  <testcase name="the decrypted path secret should be 31b55d9f7db7c7e5b7f1c91517029fb661d7379735b8aab5d942b8bb86af38d8" classname="com.github.traderjoe95.mls.protocol.tree.TreeKem" time="0.001"/>
  <testcase name="a new update path generated by the sender should be successfully processed" classname="com.github.traderjoe95.mls.protocol.tree.TreeKem" time="0.001"/>
  <testcase name="the update path should be parent-hash valid" classname="com.github.traderjoe95.mls.protocol.tree.TreeKem" time="0.0"/>
  <testcase name="the tree hash after merging the update path should be 065ce467b2835760b54c21ca1abe256bfa66d489324d22fb755255dad94d301d" classname="com.github.traderjoe95.mls.protocol.tree.TreeKem" time="0.0"/>
  <testcase name="the decrypted path secret should be 31b55d9f7db7c7e5b7f1c91517029fb661d7379735b8aab5d942b8bb86af38d8" classname="com.github.traderjoe95.mls.protocol.tree.TreeKem" time="0.0"/>
  <testcase name="a new update path generated by the sender should be successfully processed" classname="com.github.traderjoe95.mls.protocol.tree.TreeKem" time="0.001"/>
  <testcase name="the update path should be parent-hash valid" classname="com.github.traderjoe95.mls.protocol.tree.TreeKem" time="0.0"/>
  <testcase name="the tree hash after merging the update path should be 065ce467b2835760b54c21ca1abe256bfa66d489324d22fb755255dad94d301d" classname="com.github.traderjoe95.mls.protocol.tree.TreeKem" time="0.0"/>
  <testcase name="the decrypted path secret should be 31b55d9f7db7c7e5b7f1c91517029fb661d7379735b8aab5d942b8bb86af38d8" classname="com.github.traderjoe95.mls.protocol.tree.TreeKem" time="0.0"/>
  <testcase name="a new update path generated by the sender should be successfully processed" classname="com.github.traderjoe95.mls.protocol.tree.TreeKem" time="0.001"/>
  <testcase name="the update path should be parent-hash valid" classname="com.github.traderjoe95.mls.protocol.tree.TreeKem" time="0.001"/>
  <testcase name="the tree hash after merging the update path should be 54f167c4f3f5b18165bae82e4f7e123697a922319e82495b3341929b3d1d562d" classname="com.github.traderjoe95.mls.protocol.tree.TreeKem" time="0.0"/>
  <testcase name="the decrypted path secret should be dee0e649e0c5e19c60d6b4561423f165974f36e9d60c692e1c1a600904ee7dd2" classname="com.github.traderjoe95.mls.protocol.tree.TreeKem" time="0.001"/>
  <testcase name="a new update path generated by the sender should be successfully processed" classname="com.github.traderjoe95.mls.protocol.tree.TreeKem" time="0.001"/>
  <testcase name="the update path should be parent-hash valid" classname="com.github.traderjoe95.mls.protocol.tree.TreeKem" time="0.0"/>
  <testcase name="the tree hash after merging the update path should be 54f167c4f3f5b18165bae82e4f7e123697a922319e82495b3341929b3d1d562d" classname="com.github.traderjoe95.mls.protocol.tree.TreeKem" time="0.001"/>
  <testcase name="the decrypted path secret should be dee0e649e0c5e19c60d6b4561423f165974f36e9d60c692e1c1a600904ee7dd2" classname="com.github.traderjoe95.mls.protocol.tree.TreeKem" time="0.001"/>
  <testcase name="a new update path generated by the sender should be successfully processed" classname="com.github.traderjoe95.mls.protocol.tree.TreeKem" time="0.0"/>
  <testcase name="the update path should be parent-hash valid" classname="com.github.traderjoe95.mls.protocol.tree.TreeKem" time="0.0"/>
  <testcase name="the tree hash after merging the update path should be 54f167c4f3f5b18165bae82e4f7e123697a922319e82495b3341929b3d1d562d" classname="com.github.traderjoe95.mls.protocol.tree.TreeKem" time="0.0"/>
  <testcase name="the decrypted path secret should be dee0e649e0c5e19c60d6b4561423f165974f36e9d60c692e1c1a600904ee7dd2" classname="com.github.traderjoe95.mls.protocol.tree.TreeKem" time="0.0"/>
  <testcase name="a new update path generated by the sender should be successfully processed" classname="com.github.traderjoe95.mls.protocol.tree.TreeKem" time="0.001"/>
  <testcase name="the update path should be parent-hash valid" classname="com.github.traderjoe95.mls.protocol.tree.TreeKem" time="0.0"/>
  <testcase name="the tree hash after merging the update path should be 54f167c4f3f5b18165bae82e4f7e123697a922319e82495b3341929b3d1d562d" classname="com.github.traderjoe95.mls.protocol.tree.TreeKem" time="0.001"/>
  <testcase name="the decrypted path secret should be 72d46a199f58a9227f1cd24468537f238a841a745ca09e7bca0c9c18a58a09e9" classname="com.github.traderjoe95.mls.protocol.tree.TreeKem" time="0.001"/>
  <testcase name="a new update path generated by the sender should be successfully processed" classname="com.github.traderjoe95.mls.protocol.tree.TreeKem" time="0.001"/>
  <testcase name="the update path should be parent-hash valid" classname="com.github.traderjoe95.mls.protocol.tree.TreeKem" time="0.0"/>
  <testcase name="the tree hash after merging the update path should be 54f167c4f3f5b18165bae82e4f7e123697a922319e82495b3341929b3d1d562d" classname="com.github.traderjoe95.mls.protocol.tree.TreeKem" time="0.0"/>
  <testcase name="the decrypted path secret should be f2c5622949d4e6ca8f917ef1b0d4fe106d8592c2f629822908146332907e5682" classname="com.github.traderjoe95.mls.protocol.tree.TreeKem" time="0.001"/>
  <testcase name="a new update path generated by the sender should be successfully processed" classname="com.github.traderjoe95.mls.protocol.tree.TreeKem" time="0.001"/>
  <testcase name="the update path should be parent-hash valid" classname="com.github.traderjoe95.mls.protocol.tree.TreeKem" time="0.001"/>
  <testcase name="the tree hash after merging the update path should be 54f167c4f3f5b18165bae82e4f7e123697a922319e82495b3341929b3d1d562d" classname="com.github.traderjoe95.mls.protocol.tree.TreeKem" time="0.0"/>
  <testcase name="the decrypted path secret should be f2c5622949d4e6ca8f917ef1b0d4fe106d8592c2f629822908146332907e5682" classname="com.github.traderjoe95.mls.protocol.tree.TreeKem" time="0.0"/>
  <testcase name="a new update path generated by the sender should be successfully processed" classname="com.github.traderjoe95.mls.protocol.tree.TreeKem" time="0.001"/>
  <testcase name="the update path should be parent-hash valid" classname="com.github.traderjoe95.mls.protocol.tree.TreeKem" time="0.0"/>
  <testcase name="the tree hash after merging the update path should be cc4ccee0f37398851790565f431022d9d7ffa385015046f9e6296c56828d1041" classname="com.github.traderjoe95.mls.protocol.tree.TreeKem" time="0.0"/>
  <testcase name="the decrypted path secret should be 76e43a0e5d68f13141d25eaa05da893b4b60ec1fcf2a6d0a73b7a6a28b5c71ee" classname="com.github.traderjoe95.mls.protocol.tree.TreeKem" time="0.0"/>
  <testcase name="a new update path generated by the sender should be successfully processed" classname="com.github.traderjoe95.mls.protocol.tree.TreeKem" time="0.001"/>
  <testcase name="the update path should be parent-hash valid" classname="com.github.traderjoe95.mls.protocol.tree.TreeKem" time="0.0"/>
  <testcase name="the tree hash after merging the update path should be cc4ccee0f37398851790565f431022d9d7ffa385015046f9e6296c56828d1041" classname="com.github.traderjoe95.mls.protocol.tree.TreeKem" time="0.0"/>
  <testcase name="the decrypted path secret should be 76e43a0e5d68f13141d25eaa05da893b4b60ec1fcf2a6d0a73b7a6a28b5c71ee" classname="com.github.traderjoe95.mls.protocol.tree.TreeKem" time="0.001"/>
  <testcase name="a new update path generated by the sender should be successfully processed" classname="com.github.traderjoe95.mls.protocol.tree.TreeKem" time="0.001"/>
  <testcase name="the update path should be parent-hash valid" classname="com.github.traderjoe95.mls.protocol.tree.TreeKem" time="0.0"/>
  <testcase name="the tree hash after merging the update path should be cc4ccee0f37398851790565f431022d9d7ffa385015046f9e6296c56828d1041" classname="com.github.traderjoe95.mls.protocol.tree.TreeKem" time="0.0"/>
  <testcase name="the decrypted path secret should be 76e43a0e5d68f13141d25eaa05da893b4b60ec1fcf2a6d0a73b7a6a28b5c71ee" classname="com.github.traderjoe95.mls.protocol.tree.TreeKem" time="0.0"/>
  <testcase name="a new update path generated by the sender should be successfully processed" classname="com.github.traderjoe95.mls.protocol.tree.TreeKem" time="0.001"/>
  <testcase name="the update path should be parent-hash valid" classname="com.github.traderjoe95.mls.protocol.tree.TreeKem" time="0.0"/>
  <testcase name="the tree hash after merging the update path should be cc4ccee0f37398851790565f431022d9d7ffa385015046f9e6296c56828d1041" classname="com.github.traderjoe95.mls.protocol.tree.TreeKem" time="0.0"/>
  <testcase name="the decrypted path secret should be 3c78597856241bd7ee600cdbf8a7b4b5962c5ea3e095eaa07b4dc0351f08483d" classname="com.github.traderjoe95.mls.protocol.tree.TreeKem" time="0.0"/>
  <testcase name="a new update path generated by the sender should be successfully processed" classname="com.github.traderjoe95.mls.protocol.tree.TreeKem" time="0.001"/>
  <testcase name="the update path should be parent-hash valid" classname="com.github.traderjoe95.mls.protocol.tree.TreeKem" time="0.001"/>
  <testcase name="the tree hash after merging the update path should be cc4ccee0f37398851790565f431022d9d7ffa385015046f9e6296c56828d1041" classname="com.github.traderjoe95.mls.protocol.tree.TreeKem" time="0.0"/>
  <testcase name="the decrypted path secret should be ebc06cf63c3d0bc4759702d3be52e9ad6cf6942f2c8e9e138653602a9f20cfcd" classname="com.github.traderjoe95.mls.protocol.tree.TreeKem" time="0.001"/>
  <testcase name="a new update path generated by the sender should be successfully processed" classname="com.github.traderjoe95.mls.protocol.tree.TreeKem" time="0.001"/>
  <testcase name="the update path should be parent-hash valid" classname="com.github.traderjoe95.mls.protocol.tree.TreeKem" time="0.0"/>
  <testcase name="the tree hash after merging the update path should be cc4ccee0f37398851790565f431022d9d7ffa385015046f9e6296c56828d1041" classname="com.github.traderjoe95.mls.protocol.tree.TreeKem" time="0.001"/>
  <testcase name="the decrypted path secret should be ebc06cf63c3d0bc4759702d3be52e9ad6cf6942f2c8e9e138653602a9f20cfcd" classname="com.github.traderjoe95.mls.protocol.tree.TreeKem" time="0.001"/>
  <testcase name="a new update path generated by the sender should be successfully processed" classname="com.github.traderjoe95.mls.protocol.tree.TreeKem" time="0.001"/>
  <testcase name="the update path should be parent-hash valid" classname="com.github.traderjoe95.mls.protocol.tree.TreeKem" time="0.0"/>
  <testcase name="the tree hash after merging the update path should be 4c33733dc80295923f5307c06dcfaf6f3b5a4404dee648ba96df343c1846fbb4" classname="com.github.traderjoe95.mls.protocol.tree.TreeKem" time="0.0"/>
  <testcase name="the decrypted path secret should be 690368d443d3e783030498d5f57cd99755287c03631ba5fe326c4c3bfd0c313a" classname="com.github.traderjoe95.mls.protocol.tree.TreeKem" time="0.002"/>
  <testcase name="a new update path generated by the sender should be successfully processed" classname="com.github.traderjoe95.mls.protocol.tree.TreeKem" time="0.002"/>
  <testcase name="the update path should be parent-hash valid" classname="com.github.traderjoe95.mls.protocol.tree.TreeKem" time="0.001"/>
  <testcase name="the tree hash after merging the update path should be 4c33733dc80295923f5307c06dcfaf6f3b5a4404dee648ba96df343c1846fbb4" classname="com.github.traderjoe95.mls.protocol.tree.TreeKem" time="0.001"/>
  <testcase name="the decrypted path secret should be 690368d443d3e783030498d5f57cd99755287c03631ba5fe326c4c3bfd0c313a" classname="com.github.traderjoe95.mls.protocol.tree.TreeKem" time="0.001"/>
  <testcase name="a new update path generated by the sender should be successfully processed" classname="com.github.traderjoe95.mls.protocol.tree.TreeKem" time="0.001"/>
  <testcase name="the update path should be parent-hash valid" classname="com.github.traderjoe95.mls.protocol.tree.TreeKem" time="0.001"/>
  <testcase name="the tree hash after merging the update path should be 4c33733dc80295923f5307c06dcfaf6f3b5a4404dee648ba96df343c1846fbb4" classname="com.github.traderjoe95.mls.protocol.tree.TreeKem" time="0.0"/>
  <testcase name="the decrypted path secret should be 690368d443d3e783030498d5f57cd99755287c03631ba5fe326c4c3bfd0c313a" classname="com.github.traderjoe95.mls.protocol.tree.TreeKem" time="0.002"/>
  <testcase name="a new update path generated by the sender should be successfully processed" classname="com.github.traderjoe95.mls.protocol.tree.TreeKem" time="0.001"/>
  <testcase name="the update path should be parent-hash valid" classname="com.github.traderjoe95.mls.protocol.tree.TreeKem" time="0.0"/>
  <testcase name="the tree hash after merging the update path should be 4c33733dc80295923f5307c06dcfaf6f3b5a4404dee648ba96df343c1846fbb4" classname="com.github.traderjoe95.mls.protocol.tree.TreeKem" time="0.001"/>
  <testcase name="the decrypted path secret should be 2c52936b1c12a651516fc39fd0061af759f4e1e9cd61276f5053e4c05275ceb0" classname="com.github.traderjoe95.mls.protocol.tree.TreeKem" time="0.001"/>
  <testcase name="a new update path generated by the sender should be successfully processed" classname="com.github.traderjoe95.mls.protocol.tree.TreeKem" time="0.002"/>
  <testcase name="the update path should be parent-hash valid" classname="com.github.traderjoe95.mls.protocol.tree.TreeKem" time="0.001"/>
  <testcase name="the tree hash after merging the update path should be 4c33733dc80295923f5307c06dcfaf6f3b5a4404dee648ba96df343c1846fbb4" classname="com.github.traderjoe95.mls.protocol.tree.TreeKem" time="0.0"/>
  <testcase name="the decrypted path secret should be 2c52936b1c12a651516fc39fd0061af759f4e1e9cd61276f5053e4c05275ceb0" classname="com.github.traderjoe95.mls.protocol.tree.TreeKem" time="0.001"/>
  <testcase name="a new update path generated by the sender should be successfully processed" classname="com.github.traderjoe95.mls.protocol.tree.TreeKem" time="0.001"/>
  <testcase name="the update path should be parent-hash valid" classname="com.github.traderjoe95.mls.protocol.tree.TreeKem" time="0.0"/>
  <testcase name="the tree hash after merging the update path should be 4c33733dc80295923f5307c06dcfaf6f3b5a4404dee648ba96df343c1846fbb4" classname="com.github.traderjoe95.mls.protocol.tree.TreeKem" time="0.001"/>
  <testcase name="the decrypted path secret should be 1d5d51d8542718cd60a6cd382e913de1d69647c6d175cc101b3be6b7910a6fc7" classname="com.github.traderjoe95.mls.protocol.tree.TreeKem" time="0.002"/>
  <testcase name="a new update path generated by the sender should be successfully processed" classname="com.github.traderjoe95.mls.protocol.tree.TreeKem" time="0.002"/>
  <testcase name="the update path should be parent-hash valid" classname="com.github.traderjoe95.mls.protocol.tree.TreeKem" time="0.0"/>
  <testcase name="the tree hash after merging the update path should be 4cd882306201b11cb029eed3cefba6bd83368954e4fc3cd43b2df191568b82c3" classname="com.github.traderjoe95.mls.protocol.tree.TreeKem" time="0.0"/>
  <testcase name="the decrypted path secret should be 084cae665824f48afdd622f9bd988313b76f0cabdc8a1ae736c6cc4e594b9353" classname="com.github.traderjoe95.mls.protocol.tree.TreeKem" time="0.0"/>
  <testcase name="a new update path generated by the sender should be successfully processed" classname="com.github.traderjoe95.mls.protocol.tree.TreeKem" time="0.001"/>
  <testcase name="the update path should be parent-hash valid" classname="com.github.traderjoe95.mls.protocol.tree.TreeKem" time="0.0"/>
  <testcase name="the tree hash after merging the update path should be 4cd882306201b11cb029eed3cefba6bd83368954e4fc3cd43b2df191568b82c3" classname="com.github.traderjoe95.mls.protocol.tree.TreeKem" time="0.0"/>
  <testcase name="the decrypted path secret should be 084cae665824f48afdd622f9bd988313b76f0cabdc8a1ae736c6cc4e594b9353" classname="com.github.traderjoe95.mls.protocol.tree.TreeKem" time="0.001"/>
  <testcase name="a new update path generated by the sender should be successfully processed" classname="com.github.traderjoe95.mls.protocol.tree.TreeKem" time="0.001"/>
  <testcase name="the update path should be parent-hash valid" classname="com.github.traderjoe95.mls.protocol.tree.TreeKem" time="0.0"/>
  <testcase name="the tree hash after merging the update path should be 4cd882306201b11cb029eed3cefba6bd83368954e4fc3cd43b2df191568b82c3" classname="com.github.traderjoe95.mls.protocol.tree.TreeKem" time="0.0"/>
  <testcase name="the decrypted path secret should be 084cae665824f48afdd622f9bd988313b76f0cabdc8a1ae736c6cc4e594b9353" classname="com.github.traderjoe95.mls.protocol.tree.TreeKem" time="0.001"/>
  <testcase name="a new update path generated by the sender should be successfully processed" classname="com.github.traderjoe95.mls.protocol.tree.TreeKem" time="0.001"/>
  <testcase name="the update path should be parent-hash valid" classname="com.github.traderjoe95.mls.protocol.tree.TreeKem" time="0.0"/>
  <testcase name="the tree hash after merging the update path should be 4cd882306201b11cb029eed3cefba6bd83368954e4fc3cd43b2df191568b82c3" classname="com.github.traderjoe95.mls.protocol.tree.TreeKem" time="0.0"/>
  <testcase name="the decrypted path secret should be b67f12c3754075424192bf3982ba6afab14f22d0597a4e852ff2de44790dc3a0" classname="com.github.traderjoe95.mls.protocol.tree.TreeKem" time="0.001"/>
  <testcase name="a new update path generated by the sender should be successfully processed" classname="com.github.traderjoe95.mls.protocol.tree.TreeKem" time="0.002"/>
  <testcase name="the update path should be parent-hash valid" classname="com.github.traderjoe95.mls.protocol.tree.TreeKem" time="0.0"/>
  <testcase name="the tree hash after merging the update path should be 4cd882306201b11cb029eed3cefba6bd83368954e4fc3cd43b2df191568b82c3" classname="com.github.traderjoe95.mls.protocol.tree.TreeKem" time="0.0"/>
  <testcase name="the decrypted path secret should be b67f12c3754075424192bf3982ba6afab14f22d0597a4e852ff2de44790dc3a0" classname="com.github.traderjoe95.mls.protocol.tree.TreeKem" time="0.0"/>
  <testcase name="a new update path generated by the sender should be successfully processed" classname="com.github.traderjoe95.mls.protocol.tree.TreeKem" time="0.001"/>
  <testcase name="the update path should be parent-hash valid" classname="com.github.traderjoe95.mls.protocol.tree.TreeKem" time="0.0"/>
  <testcase name="the tree hash after merging the update path should be 4cd882306201b11cb029eed3cefba6bd83368954e4fc3cd43b2df191568b82c3" classname="com.github.traderjoe95.mls.protocol.tree.TreeKem" time="0.0"/>
  <testcase name="the decrypted path secret should be ff7da38ea9ba78ecb650a0779e8e9efbe41842596c7d5a98ded1878bd2091235" classname="com.github.traderjoe95.mls.protocol.tree.TreeKem" time="0.001"/>
  <testcase name="a new update path generated by the sender should be successfully processed" classname="com.github.traderjoe95.mls.protocol.tree.TreeKem" time="0.001"/>
  <testcase name="non-blank leaf 0 should be consistent with the public state" classname="com.github.traderjoe95.mls.protocol.tree.TreeKem" time="0.003"/>
  <testcase name="non-blank leaf 4 should be consistent with the public state" classname="com.github.traderjoe95.mls.protocol.tree.TreeKem" time="0.005"/>
  <testcase name="non-blank leaf 5 should be consistent with the public state" classname="com.github.traderjoe95.mls.protocol.tree.TreeKem" time="0.005"/>
  <testcase name="non-blank leaf 6 should be consistent with the public state" classname="com.github.traderjoe95.mls.protocol.tree.TreeKem" time="0.005"/>
  <testcase name="non-blank leaf 7 should be consistent with the public state" classname="com.github.traderjoe95.mls.protocol.tree.TreeKem" time="0.006"/>
  <testcase name="the update path should be parent-hash valid" classname="com.github.traderjoe95.mls.protocol.tree.TreeKem" time="0.0"/>
  <testcase name="the tree hash after merging the update path should be 46bd928d1a498ea55caa8ae960b1151d4dec4d6a44fbd36d698b7f4cad0a9b1f" classname="com.github.traderjoe95.mls.protocol.tree.TreeKem" time="0.0"/>
  <testcase name="the decrypted path secret should be e8608097b9da1863d6a6b540542af95b96ab95bcd9a9c04763313b61c2c99d44" classname="com.github.traderjoe95.mls.protocol.tree.TreeKem" time="0.0"/>
  <testcase name="a new update path generated by the sender should be successfully processed" classname="com.github.traderjoe95.mls.protocol.tree.TreeKem" time="0.001"/>
  <testcase name="the update path should be parent-hash valid" classname="com.github.traderjoe95.mls.protocol.tree.TreeKem" time="0.0"/>
  <testcase name="the tree hash after merging the update path should be 46bd928d1a498ea55caa8ae960b1151d4dec4d6a44fbd36d698b7f4cad0a9b1f" classname="com.github.traderjoe95.mls.protocol.tree.TreeKem" time="0.0"/>
  <testcase name="the decrypted path secret should be e8608097b9da1863d6a6b540542af95b96ab95bcd9a9c04763313b61c2c99d44" classname="com.github.traderjoe95.mls.protocol.tree.TreeKem" time="0.001"/>
  <testcase name="a new update path generated by the sender should be successfully processed" classname="com.github.traderjoe95.mls.protocol.tree.TreeKem" time="0.001"/>
  <testcase name="the update path should be parent-hash valid" classname="com.github.traderjoe95.mls.protocol.tree.TreeKem" time="0.0"/>
  <testcase name="the tree hash after merging the update path should be 46bd928d1a498ea55caa8ae960b1151d4dec4d6a44fbd36d698b7f4cad0a9b1f" classname="com.github.traderjoe95.mls.protocol.tree.TreeKem" time="0.001"/>
  <testcase name="the decrypted path secret should be e8608097b9da1863d6a6b540542af95b96ab95bcd9a9c04763313b61c2c99d44" classname="com.github.traderjoe95.mls.protocol.tree.TreeKem" time="0.001"/>
  <testcase name="a new update path generated by the sender should be successfully processed" classname="com.github.traderjoe95.mls.protocol.tree.TreeKem" time="0.001"/>
  <testcase name="the update path should be parent-hash valid" classname="com.github.traderjoe95.mls.protocol.tree.TreeKem" time="0.0"/>
  <testcase name="the tree hash after merging the update path should be 46bd928d1a498ea55caa8ae960b1151d4dec4d6a44fbd36d698b7f4cad0a9b1f" classname="com.github.traderjoe95.mls.protocol.tree.TreeKem" time="0.0"/>
  <testcase name="the decrypted path secret should be e8608097b9da1863d6a6b540542af95b96ab95bcd9a9c04763313b61c2c99d44" classname="com.github.traderjoe95.mls.protocol.tree.TreeKem" time="0.0"/>
  <testcase name="a new update path generated by the sender should be successfully processed" classname="com.github.traderjoe95.mls.protocol.tree.TreeKem" time="0.001"/>
  <testcase name="the update path should be parent-hash valid" classname="com.github.traderjoe95.mls.protocol.tree.TreeKem" time="0.0"/>
  <testcase name="the tree hash after merging the update path should be 3efc415cf1afa1f9972aa666695ea30f255698b956eec6d97375dcedbb2fa076" classname="com.github.traderjoe95.mls.protocol.tree.TreeKem" time="0.0"/>
  <testcase name="the decrypted path secret should be dee0e649e0c5e19c60d6b4561423f165974f36e9d60c692e1c1a600904ee7dd2" classname="com.github.traderjoe95.mls.protocol.tree.TreeKem" time="0.001"/>
  <testcase name="a new update path generated by the sender should be successfully processed" classname="com.github.traderjoe95.mls.protocol.tree.TreeKem" time="0.001"/>
  <testcase name="the update path should be parent-hash valid" classname="com.github.traderjoe95.mls.protocol.tree.TreeKem" time="0.0"/>
  <testcase name="the tree hash after merging the update path should be 3efc415cf1afa1f9972aa666695ea30f255698b956eec6d97375dcedbb2fa076" classname="com.github.traderjoe95.mls.protocol.tree.TreeKem" time="0.0"/>
  <testcase name="the decrypted path secret should be 72d46a199f58a9227f1cd24468537f238a841a745ca09e7bca0c9c18a58a09e9" classname="com.github.traderjoe95.mls.protocol.tree.TreeKem" time="0.001"/>
  <testcase name="a new update path generated by the sender should be successfully processed" classname="com.github.traderjoe95.mls.protocol.tree.TreeKem" time="0.001"/>
  <testcase name="the update path should be parent-hash valid" classname="com.github.traderjoe95.mls.protocol.tree.TreeKem" time="0.0"/>
  <testcase name="the tree hash after merging the update path should be 3efc415cf1afa1f9972aa666695ea30f255698b956eec6d97375dcedbb2fa076" classname="com.github.traderjoe95.mls.protocol.tree.TreeKem" time="0.0"/>
  <testcase name="the decrypted path secret should be f2c5622949d4e6ca8f917ef1b0d4fe106d8592c2f629822908146332907e5682" classname="com.github.traderjoe95.mls.protocol.tree.TreeKem" time="0.0"/>
  <testcase name="a new update path generated by the sender should be successfully processed" classname="com.github.traderjoe95.mls.protocol.tree.TreeKem" time="0.001"/>
  <testcase name="the update path should be parent-hash valid" classname="com.github.traderjoe95.mls.protocol.tree.TreeKem" time="0.0"/>
  <testcase name="the tree hash after merging the update path should be 3efc415cf1afa1f9972aa666695ea30f255698b956eec6d97375dcedbb2fa076" classname="com.github.traderjoe95.mls.protocol.tree.TreeKem" time="0.001"/>
  <testcase name="the decrypted path secret should be f2c5622949d4e6ca8f917ef1b0d4fe106d8592c2f629822908146332907e5682" classname="com.github.traderjoe95.mls.protocol.tree.TreeKem" time="0.001"/>
  <testcase name="a new update path generated by the sender should be successfully processed" classname="com.github.traderjoe95.mls.protocol.tree.TreeKem" time="0.001"/>
  <testcase name="the update path should be parent-hash valid" classname="com.github.traderjoe95.mls.protocol.tree.TreeKem" time="0.0"/>
  <testcase name="the tree hash after merging the update path should be 4151e65fc7b77efd12f896deea446533405ff87686834759281ac74d697b642f" classname="com.github.traderjoe95.mls.protocol.tree.TreeKem" time="0.0"/>
  <testcase name="the decrypted path secret should be 76e43a0e5d68f13141d25eaa05da893b4b60ec1fcf2a6d0a73b7a6a28b5c71ee" classname="com.github.traderjoe95.mls.protocol.tree.TreeKem" time="0.0"/>
  <testcase name="a new update path generated by the sender should be successfully processed" classname="com.github.traderjoe95.mls.protocol.tree.TreeKem" time="0.001"/>
  <testcase name="the update path should be parent-hash valid" classname="com.github.traderjoe95.mls.protocol.tree.TreeKem" time="0.0"/>
  <testcase name="the tree hash after merging the update path should be 4151e65fc7b77efd12f896deea446533405ff87686834759281ac74d697b642f" classname="com.github.traderjoe95.mls.protocol.tree.TreeKem" time="0.0"/>
  <testcase name="the decrypted path secret should be 3c78597856241bd7ee600cdbf8a7b4b5962c5ea3e095eaa07b4dc0351f08483d" classname="com.github.traderjoe95.mls.protocol.tree.TreeKem" time="0.001"/>
  <testcase name="a new update path generated by the sender should be successfully processed" classname="com.github.traderjoe95.mls.protocol.tree.TreeKem" time="0.0"/>
  <testcase name="the update path should be parent-hash valid" classname="com.github.traderjoe95.mls.protocol.tree.TreeKem" time="0.001"/>
  <testcase name="the tree hash after merging the update path should be 4151e65fc7b77efd12f896deea446533405ff87686834759281ac74d697b642f" classname="com.github.traderjoe95.mls.protocol.tree.TreeKem" time="0.0"/>
  <testcase name="the decrypted path secret should be ebc06cf63c3d0bc4759702d3be52e9ad6cf6942f2c8e9e138653602a9f20cfcd" classname="com.github.traderjoe95.mls.protocol.tree.TreeKem" time="0.001"/>
  <testcase name="a new update path generated by the sender should be successfully processed" classname="com.github.traderjoe95.mls.protocol.tree.TreeKem" time="0.001"/>
  <testcase name="the update path should be parent-hash valid" classname="com.github.traderjoe95.mls.protocol.tree.TreeKem" time="0.0"/>
  <testcase name="the tree hash after merging the update path should be 4151e65fc7b77efd12f896deea446533405ff87686834759281ac74d697b642f" classname="com.github.traderjoe95.mls.protocol.tree.TreeKem" time="0.0"/>
  <testcase name="the decrypted path secret should be ebc06cf63c3d0bc4759702d3be52e9ad6cf6942f2c8e9e138653602a9f20cfcd" classname="com.github.traderjoe95.mls.protocol.tree.TreeKem" time="0.0"/>
  <testcase name="a new update path generated by the sender should be successfully processed" classname="com.github.traderjoe95.mls.protocol.tree.TreeKem" time="0.001"/>
  <testcase name="the update path should be parent-hash valid" classname="com.github.traderjoe95.mls.protocol.tree.TreeKem" time="0.0"/>
  <testcase name="the tree hash after merging the update path should be b33cf5d59ba70486691606d01ff0b93cbc44b0f89fdc059f4f90a5f8b6f8789d" classname="com.github.traderjoe95.mls.protocol.tree.TreeKem" time="0.001"/>
  <testcase name="the decrypted path secret should be 690368d443d3e783030498d5f57cd99755287c03631ba5fe326c4c3bfd0c313a" classname="com.github.traderjoe95.mls.protocol.tree.TreeKem" time="0.001"/>
  <testcase name="a new update path generated by the sender should be successfully processed" classname="com.github.traderjoe95.mls.protocol.tree.TreeKem" time="0.001"/>
  <testcase name="the update path should be parent-hash valid" classname="com.github.traderjoe95.mls.protocol.tree.TreeKem" time="0.0"/>
  <testcase name="the tree hash after merging the update path should be b33cf5d59ba70486691606d01ff0b93cbc44b0f89fdc059f4f90a5f8b6f8789d" classname="com.github.traderjoe95.mls.protocol.tree.TreeKem" time="0.0"/>
  <testcase name="the decrypted path secret should be 2c52936b1c12a651516fc39fd0061af759f4e1e9cd61276f5053e4c05275ceb0" classname="com.github.traderjoe95.mls.protocol.tree.TreeKem" time="0.0"/>
  <testcase name="a new update path generated by the sender should be successfully processed" classname="com.github.traderjoe95.mls.protocol.tree.TreeKem" time="0.001"/>
  <testcase name="the update path should be parent-hash valid" classname="com.github.traderjoe95.mls.protocol.tree.TreeKem" time="0.0"/>
  <testcase name="the tree hash after merging the update path should be b33cf5d59ba70486691606d01ff0b93cbc44b0f89fdc059f4f90a5f8b6f8789d" classname="com.github.traderjoe95.mls.protocol.tree.TreeKem" time="0.001"/>
  <testcase name="the decrypted path secret should be 2c52936b1c12a651516fc39fd0061af759f4e1e9cd61276f5053e4c05275ceb0" classname="com.github.traderjoe95.mls.protocol.tree.TreeKem" time="0.001"/>
  <testcase name="a new update path generated by the sender should be successfully processed" classname="com.github.traderjoe95.mls.protocol.tree.TreeKem" time="0.001"/>
  <testcase name="the update path should be parent-hash valid" classname="com.github.traderjoe95.mls.protocol.tree.TreeKem" time="0.0"/>
  <testcase name="the tree hash after merging the update path should be b33cf5d59ba70486691606d01ff0b93cbc44b0f89fdc059f4f90a5f8b6f8789d" classname="com.github.traderjoe95.mls.protocol.tree.TreeKem" time="0.001"/>
  <testcase name="the decrypted path secret should be 1d5d51d8542718cd60a6cd382e913de1d69647c6d175cc101b3be6b7910a6fc7" classname="com.github.traderjoe95.mls.protocol.tree.TreeKem" time="0.001"/>
  <testcase name="a new update path generated by the sender should be successfully processed" classname="com.github.traderjoe95.mls.protocol.tree.TreeKem" time="0.001"/>
  <testcase name="the update path should be parent-hash valid" classname="com.github.traderjoe95.mls.protocol.tree.TreeKem" time="0.001"/>
  <testcase name="the tree hash after merging the update path should be c818e1054714358f3dae5116f79712c34f1ed0852e2e2e3389425d43cba03a2b" classname="com.github.traderjoe95.mls.protocol.tree.TreeKem" time="0.001"/>
  <testcase name="the decrypted path secret should be 084cae665824f48afdd622f9bd988313b76f0cabdc8a1ae736c6cc4e594b9353" classname="com.github.traderjoe95.mls.protocol.tree.TreeKem" time="0.0"/>
  <testcase name="a new update path generated by the sender should be successfully processed" classname="com.github.traderjoe95.mls.protocol.tree.TreeKem" time="0.001"/>
  <testcase name="the update path should be parent-hash valid" classname="com.github.traderjoe95.mls.protocol.tree.TreeKem" time="0.0"/>
  <testcase name="the tree hash after merging the update path should be c818e1054714358f3dae5116f79712c34f1ed0852e2e2e3389425d43cba03a2b" classname="com.github.traderjoe95.mls.protocol.tree.TreeKem" time="0.0"/>
  <testcase name="the decrypted path secret should be b67f12c3754075424192bf3982ba6afab14f22d0597a4e852ff2de44790dc3a0" classname="com.github.traderjoe95.mls.protocol.tree.TreeKem" time="0.001"/>
  <testcase name="a new update path generated by the sender should be successfully processed" classname="com.github.traderjoe95.mls.protocol.tree.TreeKem" time="0.001"/>
  <testcase name="the update path should be parent-hash valid" classname="com.github.traderjoe95.mls.protocol.tree.TreeKem" time="0.0"/>
  <testcase name="the tree hash after merging the update path should be c818e1054714358f3dae5116f79712c34f1ed0852e2e2e3389425d43cba03a2b" classname="com.github.traderjoe95.mls.protocol.tree.TreeKem" time="0.0"/>
  <testcase name="the decrypted path secret should be b67f12c3754075424192bf3982ba6afab14f22d0597a4e852ff2de44790dc3a0" classname="com.github.traderjoe95.mls.protocol.tree.TreeKem" time="0.001"/>
  <testcase name="a new update path generated by the sender should be successfully processed" classname="com.github.traderjoe95.mls.protocol.tree.TreeKem" time="0.001"/>
  <testcase name="the update path should be parent-hash valid" classname="com.github.traderjoe95.mls.protocol.tree.TreeKem" time="0.0"/>
  <testcase name="the tree hash after merging the update path should be c818e1054714358f3dae5116f79712c34f1ed0852e2e2e3389425d43cba03a2b" classname="com.github.traderjoe95.mls.protocol.tree.TreeKem" time="0.0"/>
  <testcase name="the decrypted path secret should be ff7da38ea9ba78ecb650a0779e8e9efbe41842596c7d5a98ded1878bd2091235" classname="com.github.traderjoe95.mls.protocol.tree.TreeKem" time="0.0"/>
  <testcase name="a new update path generated by the sender should be successfully processed" classname="com.github.traderjoe95.mls.protocol.tree.TreeKem" time="0.001"/>
  <testcase name="non-blank leaf 0 should be consistent with the public state" classname="com.github.traderjoe95.mls.protocol.tree.TreeKem" time="0.005"/>
  <testcase name="non-blank leaf 1 should be consistent with the public state" classname="com.github.traderjoe95.mls.protocol.tree.TreeKem" time="0.005"/>
  <testcase name="non-blank leaf 2 should be consistent with the public state" classname="com.github.traderjoe95.mls.protocol.tree.TreeKem" time="0.005"/>
  <testcase name="non-blank leaf 3 should be consistent with the public state" classname="com.github.traderjoe95.mls.protocol.tree.TreeKem" time="0.005"/>
  <testcase name="non-blank leaf 4 should be consistent with the public state" classname="com.github.traderjoe95.mls.protocol.tree.TreeKem" time="0.011"/>
  <testcase name="non-blank leaf 5 should be consistent with the public state" classname="com.github.traderjoe95.mls.protocol.tree.TreeKem" time="0.005"/>
  <testcase name="non-blank leaf 6 should be consistent with the public state" classname="com.github.traderjoe95.mls.protocol.tree.TreeKem" time="0.004"/>
  <testcase name="non-blank leaf 7 should be consistent with the public state" classname="com.github.traderjoe95.mls.protocol.tree.TreeKem" time="0.001"/>
  <testcase name="the update path should be parent-hash valid" classname="com.github.traderjoe95.mls.protocol.tree.TreeKem" time="0.0"/>
  <testcase name="the tree hash after merging the update path should be 8c040775842c65e5d7ae511619514829981babc913f3fbcaaea6868399367fa7" classname="com.github.traderjoe95.mls.protocol.tree.TreeKem" time="0.0"/>
  <testcase name="the decrypted path secret should be e8608097b9da1863d6a6b540542af95b96ab95bcd9a9c04763313b61c2c99d44" classname="com.github.traderjoe95.mls.protocol.tree.TreeKem" time="0.001"/>
  <testcase name="a new update path generated by the sender should be successfully processed" classname="com.github.traderjoe95.mls.protocol.tree.TreeKem" time="0.001"/>
  <testcase name="the update path should be parent-hash valid" classname="com.github.traderjoe95.mls.protocol.tree.TreeKem" time="0.0"/>
  <testcase name="the tree hash after merging the update path should be 8c040775842c65e5d7ae511619514829981babc913f3fbcaaea6868399367fa7" classname="com.github.traderjoe95.mls.protocol.tree.TreeKem" time="0.0"/>
  <testcase name="the decrypted path secret should be 5ccc25c82569cc9731283abbdb9265187c17503e6f9c4ba2484a9e210e83f5a3" classname="com.github.traderjoe95.mls.protocol.tree.TreeKem" time="0.0"/>
  <testcase name="a new update path generated by the sender should be successfully processed" classname="com.github.traderjoe95.mls.protocol.tree.TreeKem" time="0.001"/>
  <testcase name="the update path should be parent-hash valid" classname="com.github.traderjoe95.mls.protocol.tree.TreeKem" time="0.001"/>
  <testcase name="the tree hash after merging the update path should be 8c040775842c65e5d7ae511619514829981babc913f3fbcaaea6868399367fa7" classname="com.github.traderjoe95.mls.protocol.tree.TreeKem" time="0.0"/>
  <testcase name="the decrypted path secret should be 5ccc25c82569cc9731283abbdb9265187c17503e6f9c4ba2484a9e210e83f5a3" classname="com.github.traderjoe95.mls.protocol.tree.TreeKem" time="0.001"/>
  <testcase name="a new update path generated by the sender should be successfully processed" classname="com.github.traderjoe95.mls.protocol.tree.TreeKem" time="0.001"/>
  <testcase name="the update path should be parent-hash valid" classname="com.github.traderjoe95.mls.protocol.tree.TreeKem" time="0.0"/>
  <testcase name="the tree hash after merging the update path should be 8c040775842c65e5d7ae511619514829981babc913f3fbcaaea6868399367fa7" classname="com.github.traderjoe95.mls.protocol.tree.TreeKem" time="0.0"/>
  <testcase name="the decrypted path secret should be 504766baf72d5ca7c9418c872a0e93387d717bb13f319e4953867cc50b57d676" classname="com.github.traderjoe95.mls.protocol.tree.TreeKem" time="0.001"/>
  <testcase name="a new update path generated by the sender should be successfully processed" classname="com.github.traderjoe95.mls.protocol.tree.TreeKem" time="0.001"/>
  <testcase name="the update path should be parent-hash valid" classname="com.github.traderjoe95.mls.protocol.tree.TreeKem" time="0.0"/>
  <testcase name="the tree hash after merging the update path should be 8c040775842c65e5d7ae511619514829981babc913f3fbcaaea6868399367fa7" classname="com.github.traderjoe95.mls.protocol.tree.TreeKem" time="0.0"/>
  <testcase name="the decrypted path secret should be 504766baf72d5ca7c9418c872a0e93387d717bb13f319e4953867cc50b57d676" classname="com.github.traderjoe95.mls.protocol.tree.TreeKem" time="0.001"/>
  <testcase name="a new update path generated by the sender should be successfully processed" classname="com.github.traderjoe95.mls.protocol.tree.TreeKem" time="0.001"/>
  <testcase name="the update path should be parent-hash valid" classname="com.github.traderjoe95.mls.protocol.tree.TreeKem" time="0.0"/>
  <testcase name="the tree hash after merging the update path should be 8c040775842c65e5d7ae511619514829981babc913f3fbcaaea6868399367fa7" classname="com.github.traderjoe95.mls.protocol.tree.TreeKem" time="0.0"/>
  <testcase name="the decrypted path secret should be 504766baf72d5ca7c9418c872a0e93387d717bb13f319e4953867cc50b57d676" classname="com.github.traderjoe95.mls.protocol.tree.TreeKem" time="0.001"/>
  <testcase name="a new update path generated by the sender should be successfully processed" classname="com.github.traderjoe95.mls.protocol.tree.TreeKem" time="0.001"/>
  <testcase name="the update path should be parent-hash valid" classname="com.github.traderjoe95.mls.protocol.tree.TreeKem" time="0.0"/>
  <testcase name="the tree hash after merging the update path should be 8c040775842c65e5d7ae511619514829981babc913f3fbcaaea6868399367fa7" classname="com.github.traderjoe95.mls.protocol.tree.TreeKem" time="0.001"/>
  <testcase name="the decrypted path secret should be 504766baf72d5ca7c9418c872a0e93387d717bb13f319e4953867cc50b57d676" classname="com.github.traderjoe95.mls.protocol.tree.TreeKem" time="0.001"/>
  <testcase name="a new update path generated by the sender should be successfully processed" classname="com.github.traderjoe95.mls.protocol.tree.TreeKem" time="0.0"/>
  <testcase name="the update path should be parent-hash valid" classname="com.github.traderjoe95.mls.protocol.tree.TreeKem" time="0.0"/>
  <testcase name="the tree hash after merging the update path should be cf96fb2f0171203d5a7d1cf9e6f2c851aa5481f57beb2dc684da1e7e1e8a7864" classname="com.github.traderjoe95.mls.protocol.tree.TreeKem" time="0.001"/>
  <testcase name="the decrypted path secret should be 482f034750eac133955a4b06f9907e221c4f7dcde23cd44839d939e74845d5b6" classname="com.github.traderjoe95.mls.protocol.tree.TreeKem" time="0.001"/>
  <testcase name="a new update path generated by the sender should be successfully processed" classname="com.github.traderjoe95.mls.protocol.tree.TreeKem" time="0.001"/>
  <testcase name="the update path should be parent-hash valid" classname="com.github.traderjoe95.mls.protocol.tree.TreeKem" time="0.001"/>
  <testcase name="the tree hash after merging the update path should be cf96fb2f0171203d5a7d1cf9e6f2c851aa5481f57beb2dc684da1e7e1e8a7864" classname="com.github.traderjoe95.mls.protocol.tree.TreeKem" time="0.001"/>
  <testcase name="the decrypted path secret should be 4179fbbca043d7139726430d976a623eac87a9d18bfee7227f2c4d54c16d041e" classname="com.github.traderjoe95.mls.protocol.tree.TreeKem" time="0.001"/>
  <testcase name="a new update path generated by the sender should be successfully processed" classname="com.github.traderjoe95.mls.protocol.tree.TreeKem" time="0.001"/>
  <testcase name="the update path should be parent-hash valid" classname="com.github.traderjoe95.mls.protocol.tree.TreeKem" time="0.001"/>
  <testcase name="the tree hash after merging the update path should be cf96fb2f0171203d5a7d1cf9e6f2c851aa5481f57beb2dc684da1e7e1e8a7864" classname="com.github.traderjoe95.mls.protocol.tree.TreeKem" time="0.0"/>
  <testcase name="the decrypted path secret should be 4179fbbca043d7139726430d976a623eac87a9d18bfee7227f2c4d54c16d041e" classname="com.github.traderjoe95.mls.protocol.tree.TreeKem" time="0.001"/>
  <testcase name="a new update path generated by the sender should be successfully processed" classname="com.github.traderjoe95.mls.protocol.tree.TreeKem" time="0.001"/>
  <testcase name="the update path should be parent-hash valid" classname="com.github.traderjoe95.mls.protocol.tree.TreeKem" time="0.001"/>
  <testcase name="the tree hash after merging the update path should be cf96fb2f0171203d5a7d1cf9e6f2c851aa5481f57beb2dc684da1e7e1e8a7864" classname="com.github.traderjoe95.mls.protocol.tree.TreeKem" time="0.001"/>
  <testcase name="the decrypted path secret should be 0a8222278bb97717570dcbe645ca76266a1a6fbab32e2cd4420431e8611eed12" classname="com.github.traderjoe95.mls.protocol.tree.TreeKem" time="0.001"/>
  <testcase name="a new update path generated by the sender should be successfully processed" classname="com.github.traderjoe95.mls.protocol.tree.TreeKem" time="0.001"/>
  <testcase name="the update path should be parent-hash valid" classname="com.github.traderjoe95.mls.protocol.tree.TreeKem" time="0.0"/>
  <testcase name="the tree hash after merging the update path should be cf96fb2f0171203d5a7d1cf9e6f2c851aa5481f57beb2dc684da1e7e1e8a7864" classname="com.github.traderjoe95.mls.protocol.tree.TreeKem" time="0.0"/>
  <testcase name="the decrypted path secret should be 0a8222278bb97717570dcbe645ca76266a1a6fbab32e2cd4420431e8611eed12" classname="com.github.traderjoe95.mls.protocol.tree.TreeKem" time="0.0"/>
  <testcase name="a new update path generated by the sender should be successfully processed" classname="com.github.traderjoe95.mls.protocol.tree.TreeKem" time="0.001"/>
  <testcase name="the update path should be parent-hash valid" classname="com.github.traderjoe95.mls.protocol.tree.TreeKem" time="0.001"/>
  <testcase name="the tree hash after merging the update path should be cf96fb2f0171203d5a7d1cf9e6f2c851aa5481f57beb2dc684da1e7e1e8a7864" classname="com.github.traderjoe95.mls.protocol.tree.TreeKem" time="0.0"/>
  <testcase name="the decrypted path secret should be 0a8222278bb97717570dcbe645ca76266a1a6fbab32e2cd4420431e8611eed12" classname="com.github.traderjoe95.mls.protocol.tree.TreeKem" time="0.001"/>
  <testcase name="a new update path generated by the sender should be successfully processed" classname="com.github.traderjoe95.mls.protocol.tree.TreeKem" time="0.001"/>
  <testcase name="the update path should be parent-hash valid" classname="com.github.traderjoe95.mls.protocol.tree.TreeKem" time="0.001"/>
  <testcase name="the tree hash after merging the update path should be cf96fb2f0171203d5a7d1cf9e6f2c851aa5481f57beb2dc684da1e7e1e8a7864" classname="com.github.traderjoe95.mls.protocol.tree.TreeKem" time="0.0"/>
  <testcase name="the decrypted path secret should be 0a8222278bb97717570dcbe645ca76266a1a6fbab32e2cd4420431e8611eed12" classname="com.github.traderjoe95.mls.protocol.tree.TreeKem" time="0.001"/>
  <testcase name="a new update path generated by the sender should be successfully processed" classname="com.github.traderjoe95.mls.protocol.tree.TreeKem" time="0.001"/>
  <testcase name="the update path should be parent-hash valid" classname="com.github.traderjoe95.mls.protocol.tree.TreeKem" time="0.001"/>
  <testcase name="the tree hash after merging the update path should be 6ba00274335aec6bca4ef0b891be49301449bccb73a97e183e2a87dd37c42110" classname="com.github.traderjoe95.mls.protocol.tree.TreeKem" time="0.001"/>
  <testcase name="the decrypted path secret should be 31b55d9f7db7c7e5b7f1c91517029fb661d7379735b8aab5d942b8bb86af38d8" classname="com.github.traderjoe95.mls.protocol.tree.TreeKem" time="0.001"/>
  <testcase name="a new update path generated by the sender should be successfully processed" classname="com.github.traderjoe95.mls.protocol.tree.TreeKem" time="0.001"/>
  <testcase name="the update path should be parent-hash valid" classname="com.github.traderjoe95.mls.protocol.tree.TreeKem" time="0.001"/>
  <testcase name="the tree hash after merging the update path should be 6ba00274335aec6bca4ef0b891be49301449bccb73a97e183e2a87dd37c42110" classname="com.github.traderjoe95.mls.protocol.tree.TreeKem" time="0.0"/>
  <testcase name="the decrypted path secret should be 31b55d9f7db7c7e5b7f1c91517029fb661d7379735b8aab5d942b8bb86af38d8" classname="com.github.traderjoe95.mls.protocol.tree.TreeKem" time="0.001"/>
  <testcase name="a new update path generated by the sender should be successfully processed" classname="com.github.traderjoe95.mls.protocol.tree.TreeKem" time="0.001"/>
  <testcase name="the update path should be parent-hash valid" classname="com.github.traderjoe95.mls.protocol.tree.TreeKem" time="0.0"/>
  <testcase name="the tree hash after merging the update path should be 6ba00274335aec6bca4ef0b891be49301449bccb73a97e183e2a87dd37c42110" classname="com.github.traderjoe95.mls.protocol.tree.TreeKem" time="0.0"/>
  <testcase name="the decrypted path secret should be 65ed1479842ad410d32092f6073db017eac8827be3c47d169f742a167755cbeb" classname="com.github.traderjoe95.mls.protocol.tree.TreeKem" time="0.001"/>
  <testcase name="a new update path generated by the sender should be successfully processed" classname="com.github.traderjoe95.mls.protocol.tree.TreeKem" time="0.001"/>
  <testcase name="the update path should be parent-hash valid" classname="com.github.traderjoe95.mls.protocol.tree.TreeKem" time="0.0"/>
  <testcase name="the tree hash after merging the update path should be 6ba00274335aec6bca4ef0b891be49301449bccb73a97e183e2a87dd37c42110" classname="com.github.traderjoe95.mls.protocol.tree.TreeKem" time="0.0"/>
  <testcase name="the decrypted path secret should be fcc016ff84f1dab6df10a1f1c1847187255d3dcba8b1d859a09d66eb40cd82dc" classname="com.github.traderjoe95.mls.protocol.tree.TreeKem" time="0.001"/>
  <testcase name="a new update path generated by the sender should be successfully processed" classname="com.github.traderjoe95.mls.protocol.tree.TreeKem" time="0.0"/>
  <testcase name="the update path should be parent-hash valid" classname="com.github.traderjoe95.mls.protocol.tree.TreeKem" time="0.001"/>
  <testcase name="the tree hash after merging the update path should be 6ba00274335aec6bca4ef0b891be49301449bccb73a97e183e2a87dd37c42110" classname="com.github.traderjoe95.mls.protocol.tree.TreeKem" time="0.0"/>
  <testcase name="the decrypted path secret should be fcc016ff84f1dab6df10a1f1c1847187255d3dcba8b1d859a09d66eb40cd82dc" classname="com.github.traderjoe95.mls.protocol.tree.TreeKem" time="0.0"/>
  <testcase name="a new update path generated by the sender should be successfully processed" classname="com.github.traderjoe95.mls.protocol.tree.TreeKem" time="0.001"/>
  <testcase name="the update path should be parent-hash valid" classname="com.github.traderjoe95.mls.protocol.tree.TreeKem" time="0.0"/>
  <testcase name="the tree hash after merging the update path should be 6ba00274335aec6bca4ef0b891be49301449bccb73a97e183e2a87dd37c42110" classname="com.github.traderjoe95.mls.protocol.tree.TreeKem" time="0.0"/>
  <testcase name="the decrypted path secret should be fcc016ff84f1dab6df10a1f1c1847187255d3dcba8b1d859a09d66eb40cd82dc" classname="com.github.traderjoe95.mls.protocol.tree.TreeKem" time="0.001"/>
  <testcase name="a new update path generated by the sender should be successfully processed" classname="com.github.traderjoe95.mls.protocol.tree.TreeKem" time="0.001"/>
  <testcase name="the update path should be parent-hash valid" classname="com.github.traderjoe95.mls.protocol.tree.TreeKem" time="0.001"/>
  <testcase name="the tree hash after merging the update path should be 6ba00274335aec6bca4ef0b891be49301449bccb73a97e183e2a87dd37c42110" classname="com.github.traderjoe95.mls.protocol.tree.TreeKem" time="0.001"/>
  <testcase name="the decrypted path secret should be fcc016ff84f1dab6df10a1f1c1847187255d3dcba8b1d859a09d66eb40cd82dc" classname="com.github.traderjoe95.mls.protocol.tree.TreeKem" time="0.001"/>
  <testcase name="a new update path generated by the sender should be successfully processed" classname="com.github.traderjoe95.mls.protocol.tree.TreeKem" time="0.001"/>
  <testcase name="the update path should be parent-hash valid" classname="com.github.traderjoe95.mls.protocol.tree.TreeKem" time="0.0"/>
  <testcase name="the tree hash after merging the update path should be fcc58efe53043e6afe2aaeaf712ff2555c99f6a503284775ab2c57a011cb3bb8" classname="com.github.traderjoe95.mls.protocol.tree.TreeKem" time="0.001"/>
  <testcase name="the decrypted path secret should be d9d2c5ebe714ab7fafa2d4f6d9b1c8b4e81ca48ac6057e2cbe189042e591e64d" classname="com.github.traderjoe95.mls.protocol.tree.TreeKem" time="0.001"/>
  <testcase name="a new update path generated by the sender should be successfully processed" classname="com.github.traderjoe95.mls.protocol.tree.TreeKem" time="0.001"/>
  <testcase name="the update path should be parent-hash valid" classname="com.github.traderjoe95.mls.protocol.tree.TreeKem" time="0.0"/>
  <testcase name="the tree hash after merging the update path should be fcc58efe53043e6afe2aaeaf712ff2555c99f6a503284775ab2c57a011cb3bb8" classname="com.github.traderjoe95.mls.protocol.tree.TreeKem" time="0.0"/>
  <testcase name="the decrypted path secret should be d9d2c5ebe714ab7fafa2d4f6d9b1c8b4e81ca48ac6057e2cbe189042e591e64d" classname="com.github.traderjoe95.mls.protocol.tree.TreeKem" time="0.001"/>
  <testcase name="a new update path generated by the sender should be successfully processed" classname="com.github.traderjoe95.mls.protocol.tree.TreeKem" time="0.001"/>
  <testcase name="the update path should be parent-hash valid" classname="com.github.traderjoe95.mls.protocol.tree.TreeKem" time="0.0"/>
  <testcase name="the tree hash after merging the update path should be fcc58efe53043e6afe2aaeaf712ff2555c99f6a503284775ab2c57a011cb3bb8" classname="com.github.traderjoe95.mls.protocol.tree.TreeKem" time="0.001"/>
  <testcase name="the decrypted path secret should be 47043ea1e2961b2a5dd3aaa9f4f01bbc4a52ce153a88c31de1d105466f788ffc" classname="com.github.traderjoe95.mls.protocol.tree.TreeKem" time="0.001"/>
  <testcase name="a new update path generated by the sender should be successfully processed" classname="com.github.traderjoe95.mls.protocol.tree.TreeKem" time="0.0"/>
  <testcase name="the update path should be parent-hash valid" classname="com.github.traderjoe95.mls.protocol.tree.TreeKem" time="0.0"/>
  <testcase name="the tree hash after merging the update path should be fcc58efe53043e6afe2aaeaf712ff2555c99f6a503284775ab2c57a011cb3bb8" classname="com.github.traderjoe95.mls.protocol.tree.TreeKem" time="0.001"/>
  <testcase name="the decrypted path secret should be e91a12d86125a8d5acc0872133f1e289256c749698427abdcaeedf0139273688" classname="com.github.traderjoe95.mls.protocol.tree.TreeKem" time="0.001"/>
  <testcase name="a new update path generated by the sender should be successfully processed" classname="com.github.traderjoe95.mls.protocol.tree.TreeKem" time="0.001"/>
  <testcase name="the update path should be parent-hash valid" classname="com.github.traderjoe95.mls.protocol.tree.TreeKem" time="0.0"/>
  <testcase name="the tree hash after merging the update path should be fcc58efe53043e6afe2aaeaf712ff2555c99f6a503284775ab2c57a011cb3bb8" classname="com.github.traderjoe95.mls.protocol.tree.TreeKem" time="0.001"/>
  <testcase name="the decrypted path secret should be e91a12d86125a8d5acc0872133f1e289256c749698427abdcaeedf0139273688" classname="com.github.traderjoe95.mls.protocol.tree.TreeKem" time="0.001"/>
  <testcase name="a new update path generated by the sender should be successfully processed" classname="com.github.traderjoe95.mls.protocol.tree.TreeKem" time="0.001"/>
  <testcase name="the update path should be parent-hash valid" classname="com.github.traderjoe95.mls.protocol.tree.TreeKem" time="0.0"/>
  <testcase name="the tree hash after merging the update path should be fcc58efe53043e6afe2aaeaf712ff2555c99f6a503284775ab2c57a011cb3bb8" classname="com.github.traderjoe95.mls.protocol.tree.TreeKem" time="0.0"/>
  <testcase name="the decrypted path secret should be e91a12d86125a8d5acc0872133f1e289256c749698427abdcaeedf0139273688" classname="com.github.traderjoe95.mls.protocol.tree.TreeKem" time="0.001"/>
  <testcase name="a new update path generated by the sender should be successfully processed" classname="com.github.traderjoe95.mls.protocol.tree.TreeKem" time="0.001"/>
  <testcase name="the update path should be parent-hash valid" classname="com.github.traderjoe95.mls.protocol.tree.TreeKem" time="0.0"/>
  <testcase name="the tree hash after merging the update path should be fcc58efe53043e6afe2aaeaf712ff2555c99f6a503284775ab2c57a011cb3bb8" classname="com.github.traderjoe95.mls.protocol.tree.TreeKem" time="0.0"/>
  <testcase name="the decrypted path secret should be e91a12d86125a8d5acc0872133f1e289256c749698427abdcaeedf0139273688" classname="com.github.traderjoe95.mls.protocol.tree.TreeKem" time="0.0"/>
  <testcase name="a new update path generated by the sender should be successfully processed" classname="com.github.traderjoe95.mls.protocol.tree.TreeKem" time="0.001"/>
  <testcase name="the update path should be parent-hash valid" classname="com.github.traderjoe95.mls.protocol.tree.TreeKem" time="0.0"/>
  <testcase name="the tree hash after merging the update path should be f3eb3f7f70aecb0c7bb5fffd465f9c665ac59b278e2d7f56b615fe65ed9e6399" classname="com.github.traderjoe95.mls.protocol.tree.TreeKem" time="0.0"/>
  <testcase name="the decrypted path secret should be dee0e649e0c5e19c60d6b4561423f165974f36e9d60c692e1c1a600904ee7dd2" classname="com.github.traderjoe95.mls.protocol.tree.TreeKem" time="0.001"/>
  <testcase name="a new update path generated by the sender should be successfully processed" classname="com.github.traderjoe95.mls.protocol.tree.TreeKem" time="0.0"/>
  <testcase name="the update path should be parent-hash valid" classname="com.github.traderjoe95.mls.protocol.tree.TreeKem" time="0.0"/>
  <testcase name="the tree hash after merging the update path should be f3eb3f7f70aecb0c7bb5fffd465f9c665ac59b278e2d7f56b615fe65ed9e6399" classname="com.github.traderjoe95.mls.protocol.tree.TreeKem" time="0.001"/>
  <testcase name="the decrypted path secret should be dee0e649e0c5e19c60d6b4561423f165974f36e9d60c692e1c1a600904ee7dd2" classname="com.github.traderjoe95.mls.protocol.tree.TreeKem" time="0.001"/>
  <testcase name="a new update path generated by the sender should be successfully processed" classname="com.github.traderjoe95.mls.protocol.tree.TreeKem" time="0.001"/>
  <testcase name="the update path should be parent-hash valid" classname="com.github.traderjoe95.mls.protocol.tree.TreeKem" time="0.001"/>
  <testcase name="the tree hash after merging the update path should be f3eb3f7f70aecb0c7bb5fffd465f9c665ac59b278e2d7f56b615fe65ed9e6399" classname="com.github.traderjoe95.mls.protocol.tree.TreeKem" time="0.001"/>
  <testcase name="the decrypted path secret should be dee0e649e0c5e19c60d6b4561423f165974f36e9d60c692e1c1a600904ee7dd2" classname="com.github.traderjoe95.mls.protocol.tree.TreeKem" time="0.001"/>
  <testcase name="a new update path generated by the sender should be successfully processed" classname="com.github.traderjoe95.mls.protocol.tree.TreeKem" time="0.001"/>
  <testcase name="the update path should be parent-hash valid" classname="com.github.traderjoe95.mls.protocol.tree.TreeKem" time="0.0"/>
  <testcase name="the tree hash after merging the update path should be f3eb3f7f70aecb0c7bb5fffd465f9c665ac59b278e2d7f56b615fe65ed9e6399" classname="com.github.traderjoe95.mls.protocol.tree.TreeKem" time="0.001"/>
  <testcase name="the decrypted path secret should be dee0e649e0c5e19c60d6b4561423f165974f36e9d60c692e1c1a600904ee7dd2" classname="com.github.traderjoe95.mls.protocol.tree.TreeKem" time="0.001"/>
  <testcase name="a new update path generated by the sender should be successfully processed" classname="com.github.traderjoe95.mls.protocol.tree.TreeKem" time="0.001"/>
  <testcase name="the update path should be parent-hash valid" classname="com.github.traderjoe95.mls.protocol.tree.TreeKem" time="0.0"/>
  <testcase name="the tree hash after merging the update path should be f3eb3f7f70aecb0c7bb5fffd465f9c665ac59b278e2d7f56b615fe65ed9e6399" classname="com.github.traderjoe95.mls.protocol.tree.TreeKem" time="0.001"/>
  <testcase name="the decrypted path secret should be 72d46a199f58a9227f1cd24468537f238a841a745ca09e7bca0c9c18a58a09e9" classname="com.github.traderjoe95.mls.protocol.tree.TreeKem" time="0.001"/>
  <testcase name="a new update path generated by the sender should be successfully processed" classname="com.github.traderjoe95.mls.protocol.tree.TreeKem" time="0.001"/>
  <testcase name="the update path should be parent-hash valid" classname="com.github.traderjoe95.mls.protocol.tree.TreeKem" time="0.0"/>
  <testcase name="the tree hash after merging the update path should be f3eb3f7f70aecb0c7bb5fffd465f9c665ac59b278e2d7f56b615fe65ed9e6399" classname="com.github.traderjoe95.mls.protocol.tree.TreeKem" time="0.001"/>
  <testcase name="the decrypted path secret should be f2c5622949d4e6ca8f917ef1b0d4fe106d8592c2f629822908146332907e5682" classname="com.github.traderjoe95.mls.protocol.tree.TreeKem" time="0.001"/>
  <testcase name="a new update path generated by the sender should be successfully processed" classname="com.github.traderjoe95.mls.protocol.tree.TreeKem" time="0.001"/>
  <testcase name="the update path should be parent-hash valid" classname="com.github.traderjoe95.mls.protocol.tree.TreeKem" time="0.001"/>
  <testcase name="the tree hash after merging the update path should be f3eb3f7f70aecb0c7bb5fffd465f9c665ac59b278e2d7f56b615fe65ed9e6399" classname="com.github.traderjoe95.mls.protocol.tree.TreeKem" time="0.0"/>
  <testcase name="the decrypted path secret should be f2c5622949d4e6ca8f917ef1b0d4fe106d8592c2f629822908146332907e5682" classname="com.github.traderjoe95.mls.protocol.tree.TreeKem" time="0.001"/>
  <testcase name="a new update path generated by the sender should be successfully processed" classname="com.github.traderjoe95.mls.protocol.tree.TreeKem" time="0.001"/>
  <testcase name="the update path should be parent-hash valid" classname="com.github.traderjoe95.mls.protocol.tree.TreeKem" time="0.0"/>
  <testcase name="the tree hash after merging the update path should be fc3482668207123252f5f802ca30d9dbe90ca331b8c54783ce73404f8c6e5487" classname="com.github.traderjoe95.mls.protocol.tree.TreeKem" time="0.0"/>
  <testcase name="the decrypted path secret should be 76e43a0e5d68f13141d25eaa05da893b4b60ec1fcf2a6d0a73b7a6a28b5c71ee" classname="com.github.traderjoe95.mls.protocol.tree.TreeKem" time="0.001"/>
  <testcase name="a new update path generated by the sender should be successfully processed" classname="com.github.traderjoe95.mls.protocol.tree.TreeKem" time="0.001"/>
  <testcase name="the update path should be parent-hash valid" classname="com.github.traderjoe95.mls.protocol.tree.TreeKem" time="0.0"/>
  <testcase name="the tree hash after merging the update path should be fc3482668207123252f5f802ca30d9dbe90ca331b8c54783ce73404f8c6e5487" classname="com.github.traderjoe95.mls.protocol.tree.TreeKem" time="0.0"/>
  <testcase name="the decrypted path secret should be 76e43a0e5d68f13141d25eaa05da893b4b60ec1fcf2a6d0a73b7a6a28b5c71ee" classname="com.github.traderjoe95.mls.protocol.tree.TreeKem" time="0.001"/>
  <testcase name="a new update path generated by the sender should be successfully processed" classname="com.github.traderjoe95.mls.protocol.tree.TreeKem" time="0.001"/>
  <testcase name="the update path should be parent-hash valid" classname="com.github.traderjoe95.mls.protocol.tree.TreeKem" time="0.0"/>
  <testcase name="the tree hash after merging the update path should be fc3482668207123252f5f802ca30d9dbe90ca331b8c54783ce73404f8c6e5487" classname="com.github.traderjoe95.mls.protocol.tree.TreeKem" time="0.001"/>
  <testcase name="the decrypted path secret should be 76e43a0e5d68f13141d25eaa05da893b4b60ec1fcf2a6d0a73b7a6a28b5c71ee" classname="com.github.traderjoe95.mls.protocol.tree.TreeKem" time="0.001"/>
  <testcase name="a new update path generated by the sender should be successfully processed" classname="com.github.traderjoe95.mls.protocol.tree.TreeKem" time="0.001"/>
  <testcase name="the update path should be parent-hash valid" classname="com.github.traderjoe95.mls.protocol.tree.TreeKem" time="0.0"/>
  <testcase name="the tree hash after merging the update path should be fc3482668207123252f5f802ca30d9dbe90ca331b8c54783ce73404f8c6e5487" classname="com.github.traderjoe95.mls.protocol.tree.TreeKem" time="0.0"/>
  <testcase name="the decrypted path secret should be 76e43a0e5d68f13141d25eaa05da893b4b60ec1fcf2a6d0a73b7a6a28b5c71ee" classname="com.github.traderjoe95.mls.protocol.tree.TreeKem" time="0.0"/>
  <testcase name="a new update path generated by the sender should be successfully processed" classname="com.github.traderjoe95.mls.protocol.tree.TreeKem" time="0.001"/>
  <testcase name="the update path should be parent-hash valid" classname="com.github.traderjoe95.mls.protocol.tree.TreeKem" time="0.0"/>
  <testcase name="the tree hash after merging the update path should be fc3482668207123252f5f802ca30d9dbe90ca331b8c54783ce73404f8c6e5487" classname="com.github.traderjoe95.mls.protocol.tree.TreeKem" time="0.001"/>
  <testcase name="the decrypted path secret should be 3c78597856241bd7ee600cdbf8a7b4b5962c5ea3e095eaa07b4dc0351f08483d" classname="com.github.traderjoe95.mls.protocol.tree.TreeKem" time="0.001"/>
  <testcase name="a new update path generated by the sender should be successfully processed" classname="com.github.traderjoe95.mls.protocol.tree.TreeKem" time="0.001"/>
  <testcase name="the update path should be parent-hash valid" classname="com.github.traderjoe95.mls.protocol.tree.TreeKem" time="0.0"/>
  <testcase name="the tree hash after merging the update path should be fc3482668207123252f5f802ca30d9dbe90ca331b8c54783ce73404f8c6e5487" classname="com.github.traderjoe95.mls.protocol.tree.TreeKem" time="0.0"/>
  <testcase name="the decrypted path secret should be ebc06cf63c3d0bc4759702d3be52e9ad6cf6942f2c8e9e138653602a9f20cfcd" classname="com.github.traderjoe95.mls.protocol.tree.TreeKem" time="0.0"/>
  <testcase name="a new update path generated by the sender should be successfully processed" classname="com.github.traderjoe95.mls.protocol.tree.TreeKem" time="0.001"/>
  <testcase name="the update path should be parent-hash valid" classname="com.github.traderjoe95.mls.protocol.tree.TreeKem" time="0.0"/>
  <testcase name="the tree hash after merging the update path should be fc3482668207123252f5f802ca30d9dbe90ca331b8c54783ce73404f8c6e5487" classname="com.github.traderjoe95.mls.protocol.tree.TreeKem" time="0.0"/>
  <testcase name="the decrypted path secret should be ebc06cf63c3d0bc4759702d3be52e9ad6cf6942f2c8e9e138653602a9f20cfcd" classname="com.github.traderjoe95.mls.protocol.tree.TreeKem" time="0.0"/>
  <testcase name="a new update path generated by the sender should be successfully processed" classname="com.github.traderjoe95.mls.protocol.tree.TreeKem" time="0.001"/>
  <testcase name="the update path should be parent-hash valid" classname="com.github.traderjoe95.mls.protocol.tree.TreeKem" time="0.001"/>
  <testcase name="the tree hash after merging the update path should be 3cbd2fba3a20ae9174e6a92223f017f4a6fbd128e93509fb6501a8b02ef1ced2" classname="com.github.traderjoe95.mls.protocol.tree.TreeKem" time="0.001"/>
  <testcase name="the decrypted path secret should be 690368d443d3e783030498d5f57cd99755287c03631ba5fe326c4c3bfd0c313a" classname="com.github.traderjoe95.mls.protocol.tree.TreeKem" time="0.001"/>
  <testcase name="a new update path generated by the sender should be successfully processed" classname="com.github.traderjoe95.mls.protocol.tree.TreeKem" time="0.001"/>
  <testcase name="the update path should be parent-hash valid" classname="com.github.traderjoe95.mls.protocol.tree.TreeKem" time="0.001"/>
  <testcase name="the tree hash after merging the update path should be 3cbd2fba3a20ae9174e6a92223f017f4a6fbd128e93509fb6501a8b02ef1ced2" classname="com.github.traderjoe95.mls.protocol.tree.TreeKem" time="0.001"/>
  <testcase name="the decrypted path secret should be 690368d443d3e783030498d5f57cd99755287c03631ba5fe326c4c3bfd0c313a" classname="com.github.traderjoe95.mls.protocol.tree.TreeKem" time="0.001"/>
  <testcase name="a new update path generated by the sender should be successfully processed" classname="com.github.traderjoe95.mls.protocol.tree.TreeKem" time="0.001"/>
  <testcase name="the update path should be parent-hash valid" classname="com.github.traderjoe95.mls.protocol.tree.TreeKem" time="0.0"/>
  <testcase name="the tree hash after merging the update path should be 3cbd2fba3a20ae9174e6a92223f017f4a6fbd128e93509fb6501a8b02ef1ced2" classname="com.github.traderjoe95.mls.protocol.tree.TreeKem" time="0.0"/>
  <testcase name="the decrypted path secret should be 690368d443d3e783030498d5f57cd99755287c03631ba5fe326c4c3bfd0c313a" classname="com.github.traderjoe95.mls.protocol.tree.TreeKem" time="0.001"/>
  <testcase name="a new update path generated by the sender should be successfully processed" classname="com.github.traderjoe95.mls.protocol.tree.TreeKem" time="0.001"/>
  <testcase name="the update path should be parent-hash valid" classname="com.github.traderjoe95.mls.protocol.tree.TreeKem" time="0.0"/>
  <testcase name="the tree hash after merging the update path should be 3cbd2fba3a20ae9174e6a92223f017f4a6fbd128e93509fb6501a8b02ef1ced2" classname="com.github.traderjoe95.mls.protocol.tree.TreeKem" time="0.0"/>
  <testcase name="the decrypted path secret should be 690368d443d3e783030498d5f57cd99755287c03631ba5fe326c4c3bfd0c313a" classname="com.github.traderjoe95.mls.protocol.tree.TreeKem" time="0.0"/>
  <testcase name="a new update path generated by the sender should be successfully processed" classname="com.github.traderjoe95.mls.protocol.tree.TreeKem" time="0.001"/>
  <testcase name="the update path should be parent-hash valid" classname="com.github.traderjoe95.mls.protocol.tree.TreeKem" time="0.001"/>
  <testcase name="the tree hash after merging the update path should be 3cbd2fba3a20ae9174e6a92223f017f4a6fbd128e93509fb6501a8b02ef1ced2" classname="com.github.traderjoe95.mls.protocol.tree.TreeKem" time="0.0"/>
  <testcase name="the decrypted path secret should be 2c52936b1c12a651516fc39fd0061af759f4e1e9cd61276f5053e4c05275ceb0" classname="com.github.traderjoe95.mls.protocol.tree.TreeKem" time="0.0"/>
  <testcase name="a new update path generated by the sender should be successfully processed" classname="com.github.traderjoe95.mls.protocol.tree.TreeKem" time="0.001"/>
  <testcase name="the update path should be parent-hash valid" classname="com.github.traderjoe95.mls.protocol.tree.TreeKem" time="0.0"/>
  <testcase name="the tree hash after merging the update path should be 3cbd2fba3a20ae9174e6a92223f017f4a6fbd128e93509fb6501a8b02ef1ced2" classname="com.github.traderjoe95.mls.protocol.tree.TreeKem" time="0.0"/>
  <testcase name="the decrypted path secret should be 2c52936b1c12a651516fc39fd0061af759f4e1e9cd61276f5053e4c05275ceb0" classname="com.github.traderjoe95.mls.protocol.tree.TreeKem" time="0.0"/>
  <testcase name="a new update path generated by the sender should be successfully processed" classname="com.github.traderjoe95.mls.protocol.tree.TreeKem" time="0.001"/>
  <testcase name="the update path should be parent-hash valid" classname="com.github.traderjoe95.mls.protocol.tree.TreeKem" time="0.0"/>
  <testcase name="the tree hash after merging the update path should be 3cbd2fba3a20ae9174e6a92223f017f4a6fbd128e93509fb6501a8b02ef1ced2" classname="com.github.traderjoe95.mls.protocol.tree.TreeKem" time="0.0"/>
  <testcase name="the decrypted path secret should be 1d5d51d8542718cd60a6cd382e913de1d69647c6d175cc101b3be6b7910a6fc7" classname="com.github.traderjoe95.mls.protocol.tree.TreeKem" time="0.001"/>
  <testcase name="a new update path generated by the sender should be successfully processed" classname="com.github.traderjoe95.mls.protocol.tree.TreeKem" time="0.0"/>
  <testcase name="the update path should be parent-hash valid" classname="com.github.traderjoe95.mls.protocol.tree.TreeKem" time="0.0"/>
  <testcase name="the tree hash after merging the update path should be 13c36341a74c60446e920b2cab2b3665161ac0a96f079fe27bb2b1c13881091e" classname="com.github.traderjoe95.mls.protocol.tree.TreeKem" time="0.0"/>
  <testcase name="the decrypted path secret should be 084cae665824f48afdd622f9bd988313b76f0cabdc8a1ae736c6cc4e594b9353" classname="com.github.traderjoe95.mls.protocol.tree.TreeKem" time="0.001"/>
  <testcase name="a new update path generated by the sender should be successfully processed" classname="com.github.traderjoe95.mls.protocol.tree.TreeKem" time="0.001"/>
  <testcase name="the update path should be parent-hash valid" classname="com.github.traderjoe95.mls.protocol.tree.TreeKem" time="0.0"/>
  <testcase name="the tree hash after merging the update path should be 13c36341a74c60446e920b2cab2b3665161ac0a96f079fe27bb2b1c13881091e" classname="com.github.traderjoe95.mls.protocol.tree.TreeKem" time="0.001"/>
  <testcase name="the decrypted path secret should be 084cae665824f48afdd622f9bd988313b76f0cabdc8a1ae736c6cc4e594b9353" classname="com.github.traderjoe95.mls.protocol.tree.TreeKem" time="0.001"/>
  <testcase name="a new update path generated by the sender should be successfully processed" classname="com.github.traderjoe95.mls.protocol.tree.TreeKem" time="0.001"/>
  <testcase name="the update path should be parent-hash valid" classname="com.github.traderjoe95.mls.protocol.tree.TreeKem" time="0.001"/>
  <testcase name="the tree hash after merging the update path should be 13c36341a74c60446e920b2cab2b3665161ac0a96f079fe27bb2b1c13881091e" classname="com.github.traderjoe95.mls.protocol.tree.TreeKem" time="0.001"/>
  <testcase name="the decrypted path secret should be 084cae665824f48afdd622f9bd988313b76f0cabdc8a1ae736c6cc4e594b9353" classname="com.github.traderjoe95.mls.protocol.tree.TreeKem" time="0.001"/>
  <testcase name="a new update path generated by the sender should be successfully processed" classname="com.github.traderjoe95.mls.protocol.tree.TreeKem" time="0.002"/>
  <testcase name="the update path should be parent-hash valid" classname="com.github.traderjoe95.mls.protocol.tree.TreeKem" time="0.0"/>
  <testcase name="the tree hash after merging the update path should be 13c36341a74c60446e920b2cab2b3665161ac0a96f079fe27bb2b1c13881091e" classname="com.github.traderjoe95.mls.protocol.tree.TreeKem" time="0.0"/>
  <testcase name="the decrypted path secret should be 084cae665824f48afdd622f9bd988313b76f0cabdc8a1ae736c6cc4e594b9353" classname="com.github.traderjoe95.mls.protocol.tree.TreeKem" time="0.001"/>
  <testcase name="a new update path generated by the sender should be successfully processed" classname="com.github.traderjoe95.mls.protocol.tree.TreeKem" time="0.001"/>
  <testcase name="the update path should be parent-hash valid" classname="com.github.traderjoe95.mls.protocol.tree.TreeKem" time="0.0"/>
  <testcase name="the tree hash after merging the update path should be 13c36341a74c60446e920b2cab2b3665161ac0a96f079fe27bb2b1c13881091e" classname="com.github.traderjoe95.mls.protocol.tree.TreeKem" time="0.0"/>
  <testcase name="the decrypted path secret should be b67f12c3754075424192bf3982ba6afab14f22d0597a4e852ff2de44790dc3a0" classname="com.github.traderjoe95.mls.protocol.tree.TreeKem" time="0.0"/>
  <testcase name="a new update path generated by the sender should be successfully processed" classname="com.github.traderjoe95.mls.protocol.tree.TreeKem" time="0.001"/>
  <testcase name="the update path should be parent-hash valid" classname="com.github.traderjoe95.mls.protocol.tree.TreeKem" time="0.0"/>
  <testcase name="the tree hash after merging the update path should be 13c36341a74c60446e920b2cab2b3665161ac0a96f079fe27bb2b1c13881091e" classname="com.github.traderjoe95.mls.protocol.tree.TreeKem" time="0.001"/>
  <testcase name="the decrypted path secret should be b67f12c3754075424192bf3982ba6afab14f22d0597a4e852ff2de44790dc3a0" classname="com.github.traderjoe95.mls.protocol.tree.TreeKem" time="0.001"/>
  <testcase name="a new update path generated by the sender should be successfully processed" classname="com.github.traderjoe95.mls.protocol.tree.TreeKem" time="0.001"/>
  <testcase name="the update path should be parent-hash valid" classname="com.github.traderjoe95.mls.protocol.tree.TreeKem" time="0.0"/>
  <testcase name="the tree hash after merging the update path should be 13c36341a74c60446e920b2cab2b3665161ac0a96f079fe27bb2b1c13881091e" classname="com.github.traderjoe95.mls.protocol.tree.TreeKem" time="0.0"/>
  <testcase name="the decrypted path secret should be ff7da38ea9ba78ecb650a0779e8e9efbe41842596c7d5a98ded1878bd2091235" classname="com.github.traderjoe95.mls.protocol.tree.TreeKem" time="0.001"/>
  <testcase name="a new update path generated by the sender should be successfully processed" classname="com.github.traderjoe95.mls.protocol.tree.TreeKem" time="0.0"/>
  <testcase name="non-blank leaf 0 should be consistent with the public state" classname="com.github.traderjoe95.mls.protocol.tree.TreeKem" time="0.004"/>
  <testcase name="non-blank leaf 1 should be consistent with the public state" classname="com.github.traderjoe95.mls.protocol.tree.TreeKem" time="0.011"/>
  <testcase name="non-blank leaf 2 should be consistent with the public state" classname="com.github.traderjoe95.mls.protocol.tree.TreeKem" time="0.003"/>
  <testcase name="non-blank leaf 3 should be consistent with the public state" classname="com.github.traderjoe95.mls.protocol.tree.TreeKem" time="0.003"/>
  <testcase name="non-blank leaf 4 should be consistent with the public state" classname="com.github.traderjoe95.mls.protocol.tree.TreeKem" time="0.004"/>
  <testcase name="non-blank leaf 5 should be consistent with the public state" classname="com.github.traderjoe95.mls.protocol.tree.TreeKem" time="0.0"/>
  <testcase name="non-blank leaf 6 should be consistent with the public state" classname="com.github.traderjoe95.mls.protocol.tree.TreeKem" time="0.003"/>
  <testcase name="the update path should be parent-hash valid" classname="com.github.traderjoe95.mls.protocol.tree.TreeKem" time="0.001"/>
  <testcase name="the tree hash after merging the update path should be 3cb591f0ddfeb87ef108f656fac136c613a31c043abd665c8c0d72d34161fc91" classname="com.github.traderjoe95.mls.protocol.tree.TreeKem" time="0.0"/>
  <testcase name="the decrypted path secret should be e8608097b9da1863d6a6b540542af95b96ab95bcd9a9c04763313b61c2c99d44" classname="com.github.traderjoe95.mls.protocol.tree.TreeKem" time="0.001"/>
  <testcase name="a new update path generated by the sender should be successfully processed" classname="com.github.traderjoe95.mls.protocol.tree.TreeKem" time="0.001"/>
  <testcase name="the update path should be parent-hash valid" classname="com.github.traderjoe95.mls.protocol.tree.TreeKem" time="0.0"/>
  <testcase name="the tree hash after merging the update path should be 3cb591f0ddfeb87ef108f656fac136c613a31c043abd665c8c0d72d34161fc91" classname="com.github.traderjoe95.mls.protocol.tree.TreeKem" time="0.0"/>
  <testcase name="the decrypted path secret should be 5ccc25c82569cc9731283abbdb9265187c17503e6f9c4ba2484a9e210e83f5a3" classname="com.github.traderjoe95.mls.protocol.tree.TreeKem" time="0.001"/>
  <testcase name="a new update path generated by the sender should be successfully processed" classname="com.github.traderjoe95.mls.protocol.tree.TreeKem" time="0.001"/>
  <testcase name="the update path should be parent-hash valid" classname="com.github.traderjoe95.mls.protocol.tree.TreeKem" time="0.0"/>
  <testcase name="the tree hash after merging the update path should be 3cb591f0ddfeb87ef108f656fac136c613a31c043abd665c8c0d72d34161fc91" classname="com.github.traderjoe95.mls.protocol.tree.TreeKem" time="0.0"/>
  <testcase name="the decrypted path secret should be 5ccc25c82569cc9731283abbdb9265187c17503e6f9c4ba2484a9e210e83f5a3" classname="com.github.traderjoe95.mls.protocol.tree.TreeKem" time="0.001"/>
  <testcase name="a new update path generated by the sender should be successfully processed" classname="com.github.traderjoe95.mls.protocol.tree.TreeKem" time="0.001"/>
  <testcase name="the update path should be parent-hash valid" classname="com.github.traderjoe95.mls.protocol.tree.TreeKem" time="0.0"/>
  <testcase name="the tree hash after merging the update path should be 3cb591f0ddfeb87ef108f656fac136c613a31c043abd665c8c0d72d34161fc91" classname="com.github.traderjoe95.mls.protocol.tree.TreeKem" time="0.001"/>
  <testcase name="the decrypted path secret should be 504766baf72d5ca7c9418c872a0e93387d717bb13f319e4953867cc50b57d676" classname="com.github.traderjoe95.mls.protocol.tree.TreeKem" time="0.001"/>
  <testcase name="a new update path generated by the sender should be successfully processed" classname="com.github.traderjoe95.mls.protocol.tree.TreeKem" time="0.001"/>
  <testcase name="the update path should be parent-hash valid" classname="com.github.traderjoe95.mls.protocol.tree.TreeKem" time="0.001"/>
  <testcase name="the tree hash after merging the update path should be 3cb591f0ddfeb87ef108f656fac136c613a31c043abd665c8c0d72d34161fc91" classname="com.github.traderjoe95.mls.protocol.tree.TreeKem" time="0.0"/>
  <testcase name="the decrypted path secret should be 504766baf72d5ca7c9418c872a0e93387d717bb13f319e4953867cc50b57d676" classname="com.github.traderjoe95.mls.protocol.tree.TreeKem" time="0.001"/>
  <testcase name="a new update path generated by the sender should be successfully processed" classname="com.github.traderjoe95.mls.protocol.tree.TreeKem" time="0.001"/>
  <testcase name="the update path should be parent-hash valid" classname="com.github.traderjoe95.mls.protocol.tree.TreeKem" time="0.0"/>
  <testcase name="the tree hash after merging the update path should be 3cb591f0ddfeb87ef108f656fac136c613a31c043abd665c8c0d72d34161fc91" classname="com.github.traderjoe95.mls.protocol.tree.TreeKem" time="0.0"/>
  <testcase name="the decrypted path secret should be 504766baf72d5ca7c9418c872a0e93387d717bb13f319e4953867cc50b57d676" classname="com.github.traderjoe95.mls.protocol.tree.TreeKem" time="0.001"/>
  <testcase name="a new update path generated by the sender should be successfully processed" classname="com.github.traderjoe95.mls.protocol.tree.TreeKem" time="0.001"/>
  <testcase name="the update path should be parent-hash valid" classname="com.github.traderjoe95.mls.protocol.tree.TreeKem" time="0.0"/>
  <testcase name="the tree hash after merging the update path should be bcf9f5fbb2cdba0382b763ada66794eb5650307fb552e1903a3fd19a1be6db0c" classname="com.github.traderjoe95.mls.protocol.tree.TreeKem" time="0.0"/>
  <testcase name="the decrypted path secret should be 482f034750eac133955a4b06f9907e221c4f7dcde23cd44839d939e74845d5b6" classname="com.github.traderjoe95.mls.protocol.tree.TreeKem" time="0.001"/>
  <testcase name="a new update path generated by the sender should be successfully processed" classname="com.github.traderjoe95.mls.protocol.tree.TreeKem" time="0.001"/>
  <testcase name="the update path should be parent-hash valid" classname="com.github.traderjoe95.mls.protocol.tree.TreeKem" time="0.0"/>
  <testcase name="the tree hash after merging the update path should be bcf9f5fbb2cdba0382b763ada66794eb5650307fb552e1903a3fd19a1be6db0c" classname="com.github.traderjoe95.mls.protocol.tree.TreeKem" time="0.001"/>
  <testcase name="the decrypted path secret should be 4179fbbca043d7139726430d976a623eac87a9d18bfee7227f2c4d54c16d041e" classname="com.github.traderjoe95.mls.protocol.tree.TreeKem" time="0.001"/>
  <testcase name="a new update path generated by the sender should be successfully processed" classname="com.github.traderjoe95.mls.protocol.tree.TreeKem" time="0.001"/>
  <testcase name="the update path should be parent-hash valid" classname="com.github.traderjoe95.mls.protocol.tree.TreeKem" time="0.0"/>
  <testcase name="the tree hash after merging the update path should be bcf9f5fbb2cdba0382b763ada66794eb5650307fb552e1903a3fd19a1be6db0c" classname="com.github.traderjoe95.mls.protocol.tree.TreeKem" time="0.001"/>
  <testcase name="the decrypted path secret should be 4179fbbca043d7139726430d976a623eac87a9d18bfee7227f2c4d54c16d041e" classname="com.github.traderjoe95.mls.protocol.tree.TreeKem" time="0.001"/>
  <testcase name="a new update path generated by the sender should be successfully processed" classname="com.github.traderjoe95.mls.protocol.tree.TreeKem" time="0.001"/>
  <testcase name="the update path should be parent-hash valid" classname="com.github.traderjoe95.mls.protocol.tree.TreeKem" time="0.0"/>
  <testcase name="the tree hash after merging the update path should be bcf9f5fbb2cdba0382b763ada66794eb5650307fb552e1903a3fd19a1be6db0c" classname="com.github.traderjoe95.mls.protocol.tree.TreeKem" time="0.001"/>
  <testcase name="the decrypted path secret should be 0a8222278bb97717570dcbe645ca76266a1a6fbab32e2cd4420431e8611eed12" classname="com.github.traderjoe95.mls.protocol.tree.TreeKem" time="0.001"/>
  <testcase name="a new update path generated by the sender should be successfully processed" classname="com.github.traderjoe95.mls.protocol.tree.TreeKem" time="0.0"/>
  <testcase name="the update path should be parent-hash valid" classname="com.github.traderjoe95.mls.protocol.tree.TreeKem" time="0.001"/>
  <testcase name="the tree hash after merging the update path should be bcf9f5fbb2cdba0382b763ada66794eb5650307fb552e1903a3fd19a1be6db0c" classname="com.github.traderjoe95.mls.protocol.tree.TreeKem" time="0.001"/>
  <testcase name="the decrypted path secret should be 0a8222278bb97717570dcbe645ca76266a1a6fbab32e2cd4420431e8611eed12" classname="com.github.traderjoe95.mls.protocol.tree.TreeKem" time="0.001"/>
  <testcase name="a new update path generated by the sender should be successfully processed" classname="com.github.traderjoe95.mls.protocol.tree.TreeKem" time="0.001"/>
  <testcase name="the update path should be parent-hash valid" classname="com.github.traderjoe95.mls.protocol.tree.TreeKem" time="0.001"/>
  <testcase name="the tree hash after merging the update path should be bcf9f5fbb2cdba0382b763ada66794eb5650307fb552e1903a3fd19a1be6db0c" classname="com.github.traderjoe95.mls.protocol.tree.TreeKem" time="0.0"/>
  <testcase name="the decrypted path secret should be 0a8222278bb97717570dcbe645ca76266a1a6fbab32e2cd4420431e8611eed12" classname="com.github.traderjoe95.mls.protocol.tree.TreeKem" time="0.0"/>
  <testcase name="a new update path generated by the sender should be successfully processed" classname="com.github.traderjoe95.mls.protocol.tree.TreeKem" time="0.001"/>
  <testcase name="the update path should be parent-hash valid" classname="com.github.traderjoe95.mls.protocol.tree.TreeKem" time="0.0"/>
  <testcase name="the tree hash after merging the update path should be 176ced9dff3ca08a6267bfbf9e8806a5a71efd70f4f2c396965802e9ba136c21" classname="com.github.traderjoe95.mls.protocol.tree.TreeKem" time="0.0"/>
  <testcase name="the decrypted path secret should be 31b55d9f7db7c7e5b7f1c91517029fb661d7379735b8aab5d942b8bb86af38d8" classname="com.github.traderjoe95.mls.protocol.tree.TreeKem" time="0.0"/>
  <testcase name="a new update path generated by the sender should be successfully processed" classname="com.github.traderjoe95.mls.protocol.tree.TreeKem" time="0.001"/>
  <testcase name="the update path should be parent-hash valid" classname="com.github.traderjoe95.mls.protocol.tree.TreeKem" time="0.0"/>
  <testcase name="the tree hash after merging the update path should be 176ced9dff3ca08a6267bfbf9e8806a5a71efd70f4f2c396965802e9ba136c21" classname="com.github.traderjoe95.mls.protocol.tree.TreeKem" time="0.0"/>
  <testcase name="the decrypted path secret should be 31b55d9f7db7c7e5b7f1c91517029fb661d7379735b8aab5d942b8bb86af38d8" classname="com.github.traderjoe95.mls.protocol.tree.TreeKem" time="0.001"/>
  <testcase name="a new update path generated by the sender should be successfully processed" classname="com.github.traderjoe95.mls.protocol.tree.TreeKem" time="0.001"/>
  <testcase name="the update path should be parent-hash valid" classname="com.github.traderjoe95.mls.protocol.tree.TreeKem" time="0.0"/>
  <testcase name="the tree hash after merging the update path should be 176ced9dff3ca08a6267bfbf9e8806a5a71efd70f4f2c396965802e9ba136c21" classname="com.github.traderjoe95.mls.protocol.tree.TreeKem" time="0.0"/>
  <testcase name="the decrypted path secret should be 65ed1479842ad410d32092f6073db017eac8827be3c47d169f742a167755cbeb" classname="com.github.traderjoe95.mls.protocol.tree.TreeKem" time="0.0"/>
  <testcase name="a new update path generated by the sender should be successfully processed" classname="com.github.traderjoe95.mls.protocol.tree.TreeKem" time="0.001"/>
  <testcase name="the update path should be parent-hash valid" classname="com.github.traderjoe95.mls.protocol.tree.TreeKem" time="0.001"/>
  <testcase name="the tree hash after merging the update path should be 176ced9dff3ca08a6267bfbf9e8806a5a71efd70f4f2c396965802e9ba136c21" classname="com.github.traderjoe95.mls.protocol.tree.TreeKem" time="0.001"/>
  <testcase name="the decrypted path secret should be fcc016ff84f1dab6df10a1f1c1847187255d3dcba8b1d859a09d66eb40cd82dc" classname="com.github.traderjoe95.mls.protocol.tree.TreeKem" time="0.001"/>
  <testcase name="a new update path generated by the sender should be successfully processed" classname="com.github.traderjoe95.mls.protocol.tree.TreeKem" time="0.001"/>
  <testcase name="the update path should be parent-hash valid" classname="com.github.traderjoe95.mls.protocol.tree.TreeKem" time="0.0"/>
  <testcase name="the tree hash after merging the update path should be 176ced9dff3ca08a6267bfbf9e8806a5a71efd70f4f2c396965802e9ba136c21" classname="com.github.traderjoe95.mls.protocol.tree.TreeKem" time="0.001"/>
  <testcase name="the decrypted path secret should be fcc016ff84f1dab6df10a1f1c1847187255d3dcba8b1d859a09d66eb40cd82dc" classname="com.github.traderjoe95.mls.protocol.tree.TreeKem" time="0.001"/>
  <testcase name="a new update path generated by the sender should be successfully processed" classname="com.github.traderjoe95.mls.protocol.tree.TreeKem" time="0.001"/>
  <testcase name="the update path should be parent-hash valid" classname="com.github.traderjoe95.mls.protocol.tree.TreeKem" time="0.0"/>
  <testcase name="the tree hash after merging the update path should be 176ced9dff3ca08a6267bfbf9e8806a5a71efd70f4f2c396965802e9ba136c21" classname="com.github.traderjoe95.mls.protocol.tree.TreeKem" time="0.0"/>
  <testcase name="the decrypted path secret should be fcc016ff84f1dab6df10a1f1c1847187255d3dcba8b1d859a09d66eb40cd82dc" classname="com.github.traderjoe95.mls.protocol.tree.TreeKem" time="0.001"/>
  <testcase name="a new update path generated by the sender should be successfully processed" classname="com.github.traderjoe95.mls.protocol.tree.TreeKem" time="0.0"/>
  <testcase name="the update path should be parent-hash valid" classname="com.github.traderjoe95.mls.protocol.tree.TreeKem" time="0.0"/>
  <testcase name="the tree hash after merging the update path should be df83c0084418add91f67a769eb1b8626d638ceffa2abecafc9fee39cfde2b61d" classname="com.github.traderjoe95.mls.protocol.tree.TreeKem" time="0.001"/>
  <testcase name="the decrypted path secret should be d9d2c5ebe714ab7fafa2d4f6d9b1c8b4e81ca48ac6057e2cbe189042e591e64d" classname="com.github.traderjoe95.mls.protocol.tree.TreeKem" time="0.001"/>
  <testcase name="a new update path generated by the sender should be successfully processed" classname="com.github.traderjoe95.mls.protocol.tree.TreeKem" time="0.001"/>
  <testcase name="the update path should be parent-hash valid" classname="com.github.traderjoe95.mls.protocol.tree.TreeKem" time="0.0"/>
  <testcase name="the tree hash after merging the update path should be df83c0084418add91f67a769eb1b8626d638ceffa2abecafc9fee39cfde2b61d" classname="com.github.traderjoe95.mls.protocol.tree.TreeKem" time="0.0"/>
  <testcase name="the decrypted path secret should be d9d2c5ebe714ab7fafa2d4f6d9b1c8b4e81ca48ac6057e2cbe189042e591e64d" classname="com.github.traderjoe95.mls.protocol.tree.TreeKem" time="0.0"/>
  <testcase name="a new update path generated by the sender should be successfully processed" classname="com.github.traderjoe95.mls.protocol.tree.TreeKem" time="0.001"/>
  <testcase name="the update path should be parent-hash valid" classname="com.github.traderjoe95.mls.protocol.tree.TreeKem" time="0.0"/>
  <testcase name="the tree hash after merging the update path should be df83c0084418add91f67a769eb1b8626d638ceffa2abecafc9fee39cfde2b61d" classname="com.github.traderjoe95.mls.protocol.tree.TreeKem" time="0.001"/>
  <testcase name="the decrypted path secret should be 47043ea1e2961b2a5dd3aaa9f4f01bbc4a52ce153a88c31de1d105466f788ffc" classname="com.github.traderjoe95.mls.protocol.tree.TreeKem" time="0.001"/>
  <testcase name="a new update path generated by the sender should be successfully processed" classname="com.github.traderjoe95.mls.protocol.tree.TreeKem" time="0.001"/>
  <testcase name="the update path should be parent-hash valid" classname="com.github.traderjoe95.mls.protocol.tree.TreeKem" time="0.0"/>
  <testcase name="the tree hash after merging the update path should be df83c0084418add91f67a769eb1b8626d638ceffa2abecafc9fee39cfde2b61d" classname="com.github.traderjoe95.mls.protocol.tree.TreeKem" time="0.0"/>
  <testcase name="the decrypted path secret should be e91a12d86125a8d5acc0872133f1e289256c749698427abdcaeedf0139273688" classname="com.github.traderjoe95.mls.protocol.tree.TreeKem" time="0.001"/>
  <testcase name="a new update path generated by the sender should be successfully processed" classname="com.github.traderjoe95.mls.protocol.tree.TreeKem" time="0.0"/>
  <testcase name="the update path should be parent-hash valid" classname="com.github.traderjoe95.mls.protocol.tree.TreeKem" time="0.0"/>
  <testcase name="the tree hash after merging the update path should be df83c0084418add91f67a769eb1b8626d638ceffa2abecafc9fee39cfde2b61d" classname="com.github.traderjoe95.mls.protocol.tree.TreeKem" time="0.001"/>
  <testcase name="the decrypted path secret should be e91a12d86125a8d5acc0872133f1e289256c749698427abdcaeedf0139273688" classname="com.github.traderjoe95.mls.protocol.tree.TreeKem" time="0.001"/>
  <testcase name="a new update path generated by the sender should be successfully processed" classname="com.github.traderjoe95.mls.protocol.tree.TreeKem" time="0.002"/>
  <testcase name="the update path should be parent-hash valid" classname="com.github.traderjoe95.mls.protocol.tree.TreeKem" time="0.001"/>
  <testcase name="the tree hash after merging the update path should be df83c0084418add91f67a769eb1b8626d638ceffa2abecafc9fee39cfde2b61d" classname="com.github.traderjoe95.mls.protocol.tree.TreeKem" time="0.0"/>
  <testcase name="the decrypted path secret should be e91a12d86125a8d5acc0872133f1e289256c749698427abdcaeedf0139273688" classname="com.github.traderjoe95.mls.protocol.tree.TreeKem" time="0.001"/>
  <testcase name="a new update path generated by the sender should be successfully processed" classname="com.github.traderjoe95.mls.protocol.tree.TreeKem" time="0.001"/>
  <testcase name="the update path should be parent-hash valid" classname="com.github.traderjoe95.mls.protocol.tree.TreeKem" time="0.0"/>
  <testcase name="the tree hash after merging the update path should be 03fe7fe25c11db31c04ccab1636f0211049a3fc798ed5217108657b8b88de54a" classname="com.github.traderjoe95.mls.protocol.tree.TreeKem" time="0.0"/>
  <testcase name="the decrypted path secret should be dee0e649e0c5e19c60d6b4561423f165974f36e9d60c692e1c1a600904ee7dd2" classname="com.github.traderjoe95.mls.protocol.tree.TreeKem" time="0.001"/>
  <testcase name="a new update path generated by the sender should be successfully processed" classname="com.github.traderjoe95.mls.protocol.tree.TreeKem" time="0.001"/>
  <testcase name="the update path should be parent-hash valid" classname="com.github.traderjoe95.mls.protocol.tree.TreeKem" time="0.0"/>
  <testcase name="the tree hash after merging the update path should be 03fe7fe25c11db31c04ccab1636f0211049a3fc798ed5217108657b8b88de54a" classname="com.github.traderjoe95.mls.protocol.tree.TreeKem" time="0.0"/>
  <testcase name="the decrypted path secret should be dee0e649e0c5e19c60d6b4561423f165974f36e9d60c692e1c1a600904ee7dd2" classname="com.github.traderjoe95.mls.protocol.tree.TreeKem" time="0.0"/>
  <testcase name="a new update path generated by the sender should be successfully processed" classname="com.github.traderjoe95.mls.protocol.tree.TreeKem" time="0.001"/>
  <testcase name="the update path should be parent-hash valid" classname="com.github.traderjoe95.mls.protocol.tree.TreeKem" time="0.0"/>
  <testcase name="the tree hash after merging the update path should be 03fe7fe25c11db31c04ccab1636f0211049a3fc798ed5217108657b8b88de54a" classname="com.github.traderjoe95.mls.protocol.tree.TreeKem" time="0.0"/>
  <testcase name="the decrypted path secret should be dee0e649e0c5e19c60d6b4561423f165974f36e9d60c692e1c1a600904ee7dd2" classname="com.github.traderjoe95.mls.protocol.tree.TreeKem" time="0.001"/>
  <testcase name="a new update path generated by the sender should be successfully processed" classname="com.github.traderjoe95.mls.protocol.tree.TreeKem" time="0.001"/>
  <testcase name="the update path should be parent-hash valid" classname="com.github.traderjoe95.mls.protocol.tree.TreeKem" time="0.0"/>
  <testcase name="the tree hash after merging the update path should be 03fe7fe25c11db31c04ccab1636f0211049a3fc798ed5217108657b8b88de54a" classname="com.github.traderjoe95.mls.protocol.tree.TreeKem" time="0.0"/>
  <testcase name="the decrypted path secret should be dee0e649e0c5e19c60d6b4561423f165974f36e9d60c692e1c1a600904ee7dd2" classname="com.github.traderjoe95.mls.protocol.tree.TreeKem" time="0.001"/>
  <testcase name="a new update path generated by the sender should be successfully processed" classname="com.github.traderjoe95.mls.protocol.tree.TreeKem" time="0.001"/>
  <testcase name="the update path should be parent-hash valid" classname="com.github.traderjoe95.mls.protocol.tree.TreeKem" time="0.0"/>
  <testcase name="the tree hash after merging the update path should be 03fe7fe25c11db31c04ccab1636f0211049a3fc798ed5217108657b8b88de54a" classname="com.github.traderjoe95.mls.protocol.tree.TreeKem" time="0.0"/>
  <testcase name="the decrypted path secret should be 72d46a199f58a9227f1cd24468537f238a841a745ca09e7bca0c9c18a58a09e9" classname="com.github.traderjoe95.mls.protocol.tree.TreeKem" time="0.001"/>
  <testcase name="a new update path generated by the sender should be successfully processed" classname="com.github.traderjoe95.mls.protocol.tree.TreeKem" time="0.001"/>
  <testcase name="the update path should be parent-hash valid" classname="com.github.traderjoe95.mls.protocol.tree.TreeKem" time="0.0"/>
  <testcase name="the tree hash after merging the update path should be 03fe7fe25c11db31c04ccab1636f0211049a3fc798ed5217108657b8b88de54a" classname="com.github.traderjoe95.mls.protocol.tree.TreeKem" time="0.0"/>
  <testcase name="the decrypted path secret should be f2c5622949d4e6ca8f917ef1b0d4fe106d8592c2f629822908146332907e5682" classname="com.github.traderjoe95.mls.protocol.tree.TreeKem" time="0.001"/>
  <testcase name="a new update path generated by the sender should be successfully processed" classname="com.github.traderjoe95.mls.protocol.tree.TreeKem" time="0.001"/>
  <testcase name="the update path should be parent-hash valid" classname="com.github.traderjoe95.mls.protocol.tree.TreeKem" time="0.0"/>
  <testcase name="the tree hash after merging the update path should be 2f20fce3fa42e05afc13fb50fe3823dd870df25ec66edc79dd2252f8f4ddc388" classname="com.github.traderjoe95.mls.protocol.tree.TreeKem" time="0.001"/>
  <testcase name="the decrypted path secret should be 76e43a0e5d68f13141d25eaa05da893b4b60ec1fcf2a6d0a73b7a6a28b5c71ee" classname="com.github.traderjoe95.mls.protocol.tree.TreeKem" time="0.001"/>
  <testcase name="a new update path generated by the sender should be successfully processed" classname="com.github.traderjoe95.mls.protocol.tree.TreeKem" time="0.001"/>
  <testcase name="the update path should be parent-hash valid" classname="com.github.traderjoe95.mls.protocol.tree.TreeKem" time="0.0"/>
  <testcase name="the tree hash after merging the update path should be 2f20fce3fa42e05afc13fb50fe3823dd870df25ec66edc79dd2252f8f4ddc388" classname="com.github.traderjoe95.mls.protocol.tree.TreeKem" time="0.0"/>
  <testcase name="the decrypted path secret should be 76e43a0e5d68f13141d25eaa05da893b4b60ec1fcf2a6d0a73b7a6a28b5c71ee" classname="com.github.traderjoe95.mls.protocol.tree.TreeKem" time="0.001"/>
  <testcase name="a new update path generated by the sender should be successfully processed" classname="com.github.traderjoe95.mls.protocol.tree.TreeKem" time="0.001"/>
  <testcase name="the update path should be parent-hash valid" classname="com.github.traderjoe95.mls.protocol.tree.TreeKem" time="0.0"/>
  <testcase name="the tree hash after merging the update path should be 2f20fce3fa42e05afc13fb50fe3823dd870df25ec66edc79dd2252f8f4ddc388" classname="com.github.traderjoe95.mls.protocol.tree.TreeKem" time="0.001"/>
  <testcase name="the decrypted path secret should be 76e43a0e5d68f13141d25eaa05da893b4b60ec1fcf2a6d0a73b7a6a28b5c71ee" classname="com.github.traderjoe95.mls.protocol.tree.TreeKem" time="0.001"/>
  <testcase name="a new update path generated by the sender should be successfully processed" classname="com.github.traderjoe95.mls.protocol.tree.TreeKem" time="0.001"/>
  <testcase name="the update path should be parent-hash valid" classname="com.github.traderjoe95.mls.protocol.tree.TreeKem" time="0.0"/>
  <testcase name="the tree hash after merging the update path should be 2f20fce3fa42e05afc13fb50fe3823dd870df25ec66edc79dd2252f8f4ddc388" classname="com.github.traderjoe95.mls.protocol.tree.TreeKem" time="0.0"/>
  <testcase name="the decrypted path secret should be 76e43a0e5d68f13141d25eaa05da893b4b60ec1fcf2a6d0a73b7a6a28b5c71ee" classname="com.github.traderjoe95.mls.protocol.tree.TreeKem" time="0.001"/>
  <testcase name="a new update path generated by the sender should be successfully processed" classname="com.github.traderjoe95.mls.protocol.tree.TreeKem" time="0.0"/>
  <testcase name="the update path should be parent-hash valid" classname="com.github.traderjoe95.mls.protocol.tree.TreeKem" time="0.0"/>
  <testcase name="the tree hash after merging the update path should be 2f20fce3fa42e05afc13fb50fe3823dd870df25ec66edc79dd2252f8f4ddc388" classname="com.github.traderjoe95.mls.protocol.tree.TreeKem" time="0.0"/>
  <testcase name="the decrypted path secret should be 3c78597856241bd7ee600cdbf8a7b4b5962c5ea3e095eaa07b4dc0351f08483d" classname="com.github.traderjoe95.mls.protocol.tree.TreeKem" time="0.001"/>
  <testcase name="a new update path generated by the sender should be successfully processed" classname="com.github.traderjoe95.mls.protocol.tree.TreeKem" time="0.001"/>
  <testcase name="the update path should be parent-hash valid" classname="com.github.traderjoe95.mls.protocol.tree.TreeKem" time="0.0"/>
  <testcase name="the tree hash after merging the update path should be 2f20fce3fa42e05afc13fb50fe3823dd870df25ec66edc79dd2252f8f4ddc388" classname="com.github.traderjoe95.mls.protocol.tree.TreeKem" time="0.0"/>
  <testcase name="the decrypted path secret should be ebc06cf63c3d0bc4759702d3be52e9ad6cf6942f2c8e9e138653602a9f20cfcd" classname="com.github.traderjoe95.mls.protocol.tree.TreeKem" time="0.001"/>
  <testcase name="a new update path generated by the sender should be successfully processed" classname="com.github.traderjoe95.mls.protocol.tree.TreeKem" time="0.001"/>
  <testcase name="the update path should be parent-hash valid" classname="com.github.traderjoe95.mls.protocol.tree.TreeKem" time="0.0"/>
  <testcase name="the tree hash after merging the update path should be 613b232767c3b2e3c261b865aff32f22e4f987ac6d68f1bf1b67bf980b78400c" classname="com.github.traderjoe95.mls.protocol.tree.TreeKem" time="0.0"/>
  <testcase name="the decrypted path secret should be 2c52936b1c12a651516fc39fd0061af759f4e1e9cd61276f5053e4c05275ceb0" classname="com.github.traderjoe95.mls.protocol.tree.TreeKem" time="0.001"/>
  <testcase name="a new update path generated by the sender should be successfully processed" classname="com.github.traderjoe95.mls.protocol.tree.TreeKem" time="0.0"/>
  <testcase name="the update path should be parent-hash valid" classname="com.github.traderjoe95.mls.protocol.tree.TreeKem" time="0.0"/>
  <testcase name="the tree hash after merging the update path should be 613b232767c3b2e3c261b865aff32f22e4f987ac6d68f1bf1b67bf980b78400c" classname="com.github.traderjoe95.mls.protocol.tree.TreeKem" time="0.0"/>
  <testcase name="the decrypted path secret should be 2c52936b1c12a651516fc39fd0061af759f4e1e9cd61276f5053e4c05275ceb0" classname="com.github.traderjoe95.mls.protocol.tree.TreeKem" time="0.0"/>
  <testcase name="a new update path generated by the sender should be successfully processed" classname="com.github.traderjoe95.mls.protocol.tree.TreeKem" time="0.001"/>
  <testcase name="the update path should be parent-hash valid" classname="com.github.traderjoe95.mls.protocol.tree.TreeKem" time="0.001"/>
  <testcase name="the tree hash after merging the update path should be 613b232767c3b2e3c261b865aff32f22e4f987ac6d68f1bf1b67bf980b78400c" classname="com.github.traderjoe95.mls.protocol.tree.TreeKem" time="0.0"/>
  <testcase name="the decrypted path secret should be 2c52936b1c12a651516fc39fd0061af759f4e1e9cd61276f5053e4c05275ceb0" classname="com.github.traderjoe95.mls.protocol.tree.TreeKem" time="0.0"/>
  <testcase name="a new update path generated by the sender should be successfully processed" classname="com.github.traderjoe95.mls.protocol.tree.TreeKem" time="0.001"/>
  <testcase name="the update path should be parent-hash valid" classname="com.github.traderjoe95.mls.protocol.tree.TreeKem" time="0.0"/>
  <testcase name="the tree hash after merging the update path should be 613b232767c3b2e3c261b865aff32f22e4f987ac6d68f1bf1b67bf980b78400c" classname="com.github.traderjoe95.mls.protocol.tree.TreeKem" time="0.0"/>
  <testcase name="the decrypted path secret should be 2c52936b1c12a651516fc39fd0061af759f4e1e9cd61276f5053e4c05275ceb0" classname="com.github.traderjoe95.mls.protocol.tree.TreeKem" time="0.001"/>
  <testcase name="a new update path generated by the sender should be successfully processed" classname="com.github.traderjoe95.mls.protocol.tree.TreeKem" time="0.001"/>
  <testcase name="the update path should be parent-hash valid" classname="com.github.traderjoe95.mls.protocol.tree.TreeKem" time="0.0"/>
  <testcase name="the tree hash after merging the update path should be 613b232767c3b2e3c261b865aff32f22e4f987ac6d68f1bf1b67bf980b78400c" classname="com.github.traderjoe95.mls.protocol.tree.TreeKem" time="0.0"/>
  <testcase name="the decrypted path secret should be 1d5d51d8542718cd60a6cd382e913de1d69647c6d175cc101b3be6b7910a6fc7" classname="com.github.traderjoe95.mls.protocol.tree.TreeKem" time="0.001"/>
  <testcase name="a new update path generated by the sender should be successfully processed" classname="com.github.traderjoe95.mls.protocol.tree.TreeKem" time="0.001"/>
  <testcase name="the update path should be parent-hash valid" classname="com.github.traderjoe95.mls.protocol.tree.TreeKem" time="0.0"/>
  <testcase name="the tree hash after merging the update path should be 613b232767c3b2e3c261b865aff32f22e4f987ac6d68f1bf1b67bf980b78400c" classname="com.github.traderjoe95.mls.protocol.tree.TreeKem" time="0.001"/>
  <testcase name="the decrypted path secret should be 1d5d51d8542718cd60a6cd382e913de1d69647c6d175cc101b3be6b7910a6fc7" classname="com.github.traderjoe95.mls.protocol.tree.TreeKem" time="0.001"/>
  <testcase name="a new update path generated by the sender should be successfully processed" classname="com.github.traderjoe95.mls.protocol.tree.TreeKem" time="0.001"/>
  <testcase name="non-blank leaf 0 should be consistent with the public state" classname="com.github.traderjoe95.mls.protocol.tree.TreeKem" time="0.002"/>
  <testcase name="non-blank leaf 1 should be consistent with the public state" classname="com.github.traderjoe95.mls.protocol.tree.TreeKem" time="0.002"/>
  <testcase name="the update path should be parent-hash valid" classname="com.github.traderjoe95.mls.protocol.tree.TreeKem" time="0.0"/>
  <testcase name="the tree hash after merging the update path should be 3a96cbc4a3fa5a619b2a99e778693746fb14bbfbae083f7603f23e8cb57268cf" classname="com.github.traderjoe95.mls.protocol.tree.TreeKem" time="0.0"/>
  <testcase name="the decrypted path secret should be 2378fab35b1ffbf60b5774745346bd1cc047eaa4e017b0dcb6d988df78360c46" classname="com.github.traderjoe95.mls.protocol.tree.TreeKem" time="0.001"/>
  <testcase name="a new update path generated by the sender should be successfully processed" classname="com.github.traderjoe95.mls.protocol.tree.TreeKem" time="0.0"/>
  <testcase name="the update path should be parent-hash valid" classname="com.github.traderjoe95.mls.protocol.tree.TreeKem" time="0.0"/>
  <testcase name="the tree hash after merging the update path should be 918bc77e09311f4bae3df43834e8e041a72a53c99529be1571961c9dfbf2059c" classname="com.github.traderjoe95.mls.protocol.tree.TreeKem" time="0.0"/>
  <testcase name="the decrypted path secret should be e41292583ea16e2631f1855f94dd97eed47cb1dc097fb06d88673d8ef7470667" classname="com.github.traderjoe95.mls.protocol.tree.TreeKem" time="0.001"/>
  <testcase name="a new update path generated by the sender should be successfully processed" classname="com.github.traderjoe95.mls.protocol.tree.TreeKem" time="0.001"/>
  <testcase name="non-blank leaf 0 should be consistent with the public state" classname="com.github.traderjoe95.mls.protocol.tree.TreeKem" time="0.003"/>
  <testcase name="non-blank leaf 1 should be consistent with the public state" classname="com.github.traderjoe95.mls.protocol.tree.TreeKem" time="0.003"/>
  <testcase name="non-blank leaf 2 should be consistent with the public state" classname="com.github.traderjoe95.mls.protocol.tree.TreeKem" time="0.002"/>
  <testcase name="the update path should be parent-hash valid" classname="com.github.traderjoe95.mls.protocol.tree.TreeKem" time="0.0"/>
  <testcase name="the tree hash after merging the update path should be 6fe35c8b0fb77c1f5490c018ba4c7133b5fb0a26256636a1d8d7140958f54adb" classname="com.github.traderjoe95.mls.protocol.tree.TreeKem" time="0.001"/>
  <testcase name="the decrypted path secret should be 665a19937082ffc38a1a1bef92d6c25ca9c8e9d0f0fa40d2808257e93930a396" classname="com.github.traderjoe95.mls.protocol.tree.TreeKem" time="0.001"/>
  <testcase name="a new update path generated by the sender should be successfully processed" classname="com.github.traderjoe95.mls.protocol.tree.TreeKem" time="0.001"/>
  <testcase name="the update path should be parent-hash valid" classname="com.github.traderjoe95.mls.protocol.tree.TreeKem" time="0.0"/>
  <testcase name="the tree hash after merging the update path should be 6fe35c8b0fb77c1f5490c018ba4c7133b5fb0a26256636a1d8d7140958f54adb" classname="com.github.traderjoe95.mls.protocol.tree.TreeKem" time="0.0"/>
  <testcase name="the decrypted path secret should be 77331710de78fd0db731976b337bbb93b546aaf4ed9af17e5c945acd559061cf" classname="com.github.traderjoe95.mls.protocol.tree.TreeKem" time="0.0"/>
  <testcase name="a new update path generated by the sender should be successfully processed" classname="com.github.traderjoe95.mls.protocol.tree.TreeKem" time="0.001"/>
  <testcase name="the update path should be parent-hash valid" classname="com.github.traderjoe95.mls.protocol.tree.TreeKem" time="0.0"/>
  <testcase name="the tree hash after merging the update path should be 04cb072cbe1baab76996c8d222616605f8f3c123a532ca28abb26fec231686ac" classname="com.github.traderjoe95.mls.protocol.tree.TreeKem" time="0.006"/>
  <testcase name="the decrypted path secret should be b827120d35395cb2dada746fbb80906ec05febb7942fbb79d32c4fa44c02bc25" classname="com.github.traderjoe95.mls.protocol.tree.TreeKem" time="0.0"/>
  <testcase name="a new update path generated by the sender should be successfully processed" classname="com.github.traderjoe95.mls.protocol.tree.TreeKem" time="0.001"/>
  <testcase name="the update path should be parent-hash valid" classname="com.github.traderjoe95.mls.protocol.tree.TreeKem" time="0.0"/>
  <testcase name="the tree hash after merging the update path should be 04cb072cbe1baab76996c8d222616605f8f3c123a532ca28abb26fec231686ac" classname="com.github.traderjoe95.mls.protocol.tree.TreeKem" time="0.001"/>
  <testcase name="the decrypted path secret should be bbb9e0b53860d532e131eacba8f83d65a2c0432632e4ccc4038d2e97bce88095" classname="com.github.traderjoe95.mls.protocol.tree.TreeKem" time="0.001"/>
  <testcase name="a new update path generated by the sender should be successfully processed" classname="com.github.traderjoe95.mls.protocol.tree.TreeKem" time="0.001"/>
  <testcase name="the update path should be parent-hash valid" classname="com.github.traderjoe95.mls.protocol.tree.TreeKem" time="0.001"/>
  <testcase name="the tree hash after merging the update path should be 272ac6d317a74a8885ad20e3f7c37782ba58aae2dd7ad32abf7dd74d0847d327" classname="com.github.traderjoe95.mls.protocol.tree.TreeKem" time="0.0"/>
  <testcase name="the decrypted path secret should be ca63cc0d0d4ad7c6182afd8bac66d44d83690bef76ddfabf2255394079d5f42a" classname="com.github.traderjoe95.mls.protocol.tree.TreeKem" time="0.0"/>
  <testcase name="a new update path generated by the sender should be successfully processed" classname="com.github.traderjoe95.mls.protocol.tree.TreeKem" time="0.001"/>
  <testcase name="the update path should be parent-hash valid" classname="com.github.traderjoe95.mls.protocol.tree.TreeKem" time="0.0"/>
  <testcase name="the tree hash after merging the update path should be 272ac6d317a74a8885ad20e3f7c37782ba58aae2dd7ad32abf7dd74d0847d327" classname="com.github.traderjoe95.mls.protocol.tree.TreeKem" time="0.001"/>
  <testcase name="the decrypted path secret should be ca63cc0d0d4ad7c6182afd8bac66d44d83690bef76ddfabf2255394079d5f42a" classname="com.github.traderjoe95.mls.protocol.tree.TreeKem" time="0.001"/>
  <testcase name="a new update path generated by the sender should be successfully processed" classname="com.github.traderjoe95.mls.protocol.tree.TreeKem" time="0.001"/>
  <testcase name="non-blank leaf 0 should be consistent with the public state" classname="com.github.traderjoe95.mls.protocol.tree.TreeKem" time="0.005"/>
  <testcase name="non-blank leaf 1 should be consistent with the public state" classname="com.github.traderjoe95.mls.protocol.tree.TreeKem" time="0.005"/>
  <testcase name="non-blank leaf 2 should be consistent with the public state" classname="com.github.traderjoe95.mls.protocol.tree.TreeKem" time="0.004"/>
  <testcase name="non-blank leaf 3 should be consistent with the public state" classname="com.github.traderjoe95.mls.protocol.tree.TreeKem" time="0.004"/>
  <testcase name="the update path should be parent-hash valid" classname="com.github.traderjoe95.mls.protocol.tree.TreeKem" time="0.0"/>
  <testcase name="the tree hash after merging the update path should be 58f841df2de1077674e3c41d87af8b71a533f8f839384083b861886f704101cc" classname="com.github.traderjoe95.mls.protocol.tree.TreeKem" time="0.0"/>
  <testcase name="the decrypted path secret should be afdf63cbcfb323e279344ce5253df7e0ab8eaa15a6039e817e58b2fd11ff059e" classname="com.github.traderjoe95.mls.protocol.tree.TreeKem" time="0.0"/>
  <testcase name="a new update path generated by the sender should be successfully processed" classname="com.github.traderjoe95.mls.protocol.tree.TreeKem" time="0.001"/>
  <testcase name="the update path should be parent-hash valid" classname="com.github.traderjoe95.mls.protocol.tree.TreeKem" time="0.0"/>
  <testcase name="the tree hash after merging the update path should be 58f841df2de1077674e3c41d87af8b71a533f8f839384083b861886f704101cc" classname="com.github.traderjoe95.mls.protocol.tree.TreeKem" time="0.0"/>
  <testcase name="the decrypted path secret should be 7d0cb1e24d3a3d75de09d02e9e1ad889085a8e776fcdf2f9a67b0945b89b98c3" classname="com.github.traderjoe95.mls.protocol.tree.TreeKem" time="0.0"/>
  <testcase name="a new update path generated by the sender should be successfully processed" classname="com.github.traderjoe95.mls.protocol.tree.TreeKem" time="0.001"/>
  <testcase name="the update path should be parent-hash valid" classname="com.github.traderjoe95.mls.protocol.tree.TreeKem" time="0.0"/>
  <testcase name="the tree hash after merging the update path should be 58f841df2de1077674e3c41d87af8b71a533f8f839384083b861886f704101cc" classname="com.github.traderjoe95.mls.protocol.tree.TreeKem" time="0.0"/>
  <testcase name="the decrypted path secret should be 7d0cb1e24d3a3d75de09d02e9e1ad889085a8e776fcdf2f9a67b0945b89b98c3" classname="com.github.traderjoe95.mls.protocol.tree.TreeKem" time="0.001"/>
  <testcase name="a new update path generated by the sender should be successfully processed" classname="com.github.traderjoe95.mls.protocol.tree.TreeKem" time="0.001"/>
  <testcase name="the update path should be parent-hash valid" classname="com.github.traderjoe95.mls.protocol.tree.TreeKem" time="0.0"/>
  <testcase name="the tree hash after merging the update path should be cb987e8bf147d915bf4eb0c3994cc20fb78fca7aae1806a9fab811d33303918d" classname="com.github.traderjoe95.mls.protocol.tree.TreeKem" time="0.0"/>
  <testcase name="the decrypted path secret should be 14b367681f74584b765ea19c8193f3058c4458e37dd14cc9628d03e6c0b86019" classname="com.github.traderjoe95.mls.protocol.tree.TreeKem" time="0.001"/>
  <testcase name="a new update path generated by the sender should be successfully processed" classname="com.github.traderjoe95.mls.protocol.tree.TreeKem" time="0.001"/>
  <testcase name="the update path should be parent-hash valid" classname="com.github.traderjoe95.mls.protocol.tree.TreeKem" time="0.0"/>
  <testcase name="the tree hash after merging the update path should be cb987e8bf147d915bf4eb0c3994cc20fb78fca7aae1806a9fab811d33303918d" classname="com.github.traderjoe95.mls.protocol.tree.TreeKem" time="0.0"/>
  <testcase name="the decrypted path secret should be 910e6660cdf857bb78bb5767e2cb2648609a0c2569e057e5869cd4b67ab7a446" classname="com.github.traderjoe95.mls.protocol.tree.TreeKem" time="0.001"/>
  <testcase name="a new update path generated by the sender should be successfully processed" classname="com.github.traderjoe95.mls.protocol.tree.TreeKem" time="0.0"/>
  <testcase name="the update path should be parent-hash valid" classname="com.github.traderjoe95.mls.protocol.tree.TreeKem" time="0.0"/>
  <testcase name="the tree hash after merging the update path should be cb987e8bf147d915bf4eb0c3994cc20fb78fca7aae1806a9fab811d33303918d" classname="com.github.traderjoe95.mls.protocol.tree.TreeKem" time="0.0"/>
  <testcase name="the decrypted path secret should be 910e6660cdf857bb78bb5767e2cb2648609a0c2569e057e5869cd4b67ab7a446" classname="com.github.traderjoe95.mls.protocol.tree.TreeKem" time="0.0"/>
  <testcase name="a new update path generated by the sender should be successfully processed" classname="com.github.traderjoe95.mls.protocol.tree.TreeKem" time="0.001"/>
  <testcase name="the update path should be parent-hash valid" classname="com.github.traderjoe95.mls.protocol.tree.TreeKem" time="0.0"/>
  <testcase name="the tree hash after merging the update path should be 54464b5a655a7ed7ccc294ae9d0a4bca4c1177a0e08ac2e2302dd9a4f0b37314" classname="com.github.traderjoe95.mls.protocol.tree.TreeKem" time="0.0"/>
  <testcase name="the decrypted path secret should be 5eb3e92a23ddfad6592fa721a018462ca941043b54eb5b30d621058ace18e9aa" classname="com.github.traderjoe95.mls.protocol.tree.TreeKem" time="0.001"/>
  <testcase name="a new update path generated by the sender should be successfully processed" classname="com.github.traderjoe95.mls.protocol.tree.TreeKem" time="0.001"/>
  <testcase name="the update path should be parent-hash valid" classname="com.github.traderjoe95.mls.protocol.tree.TreeKem" time="0.0"/>
  <testcase name="the tree hash after merging the update path should be 54464b5a655a7ed7ccc294ae9d0a4bca4c1177a0e08ac2e2302dd9a4f0b37314" classname="com.github.traderjoe95.mls.protocol.tree.TreeKem" time="0.0"/>
  <testcase name="the decrypted path secret should be 5eb3e92a23ddfad6592fa721a018462ca941043b54eb5b30d621058ace18e9aa" classname="com.github.traderjoe95.mls.protocol.tree.TreeKem" time="0.001"/>
  <testcase name="a new update path generated by the sender should be successfully processed" classname="com.github.traderjoe95.mls.protocol.tree.TreeKem" time="0.001"/>
  <testcase name="the update path should be parent-hash valid" classname="com.github.traderjoe95.mls.protocol.tree.TreeKem" time="0.0"/>
  <testcase name="the tree hash after merging the update path should be 54464b5a655a7ed7ccc294ae9d0a4bca4c1177a0e08ac2e2302dd9a4f0b37314" classname="com.github.traderjoe95.mls.protocol.tree.TreeKem" time="0.001"/>
  <testcase name="the decrypted path secret should be b287988036017a826d882661320b90e8fdea598210e9d3cbd1b4cac5ad3fa54f" classname="com.github.traderjoe95.mls.protocol.tree.TreeKem" time="0.001"/>
  <testcase name="a new update path generated by the sender should be successfully processed" classname="com.github.traderjoe95.mls.protocol.tree.TreeKem" time="0.001"/>
  <testcase name="the update path should be parent-hash valid" classname="com.github.traderjoe95.mls.protocol.tree.TreeKem" time="0.0"/>
  <testcase name="the tree hash after merging the update path should be cb42b8bea366f76b05e2cfd7554fe288d3f7ab14ef7a40fa5a3166adf34b66cf" classname="com.github.traderjoe95.mls.protocol.tree.TreeKem" time="0.0"/>
  <testcase name="the decrypted path secret should be a42a5269eaf7b708ace8d7684733548cd1b24d4b488c765ad4338fb509955ae6" classname="com.github.traderjoe95.mls.protocol.tree.TreeKem" time="0.001"/>
  <testcase name="a new update path generated by the sender should be successfully processed" classname="com.github.traderjoe95.mls.protocol.tree.TreeKem" time="0.0"/>
  <testcase name="the update path should be parent-hash valid" classname="com.github.traderjoe95.mls.protocol.tree.TreeKem" time="0.0"/>
  <testcase name="the tree hash after merging the update path should be cb42b8bea366f76b05e2cfd7554fe288d3f7ab14ef7a40fa5a3166adf34b66cf" classname="com.github.traderjoe95.mls.protocol.tree.TreeKem" time="0.0"/>
  <testcase name="the decrypted path secret should be a42a5269eaf7b708ace8d7684733548cd1b24d4b488c765ad4338fb509955ae6" classname="com.github.traderjoe95.mls.protocol.tree.TreeKem" time="0.0"/>
  <testcase name="a new update path generated by the sender should be successfully processed" classname="com.github.traderjoe95.mls.protocol.tree.TreeKem" time="0.001"/>
  <testcase name="the update path should be parent-hash valid" classname="com.github.traderjoe95.mls.protocol.tree.TreeKem" time="0.001"/>
  <testcase name="the tree hash after merging the update path should be cb42b8bea366f76b05e2cfd7554fe288d3f7ab14ef7a40fa5a3166adf34b66cf" classname="com.github.traderjoe95.mls.protocol.tree.TreeKem" time="0.0"/>
  <testcase name="the decrypted path secret should be c3cf9fa92256a7c24a4f29506677cb0723632745b60d773cc99b90b481fd588b" classname="com.github.traderjoe95.mls.protocol.tree.TreeKem" time="0.0"/>
  <testcase name="a new update path generated by the sender should be successfully processed" classname="com.github.traderjoe95.mls.protocol.tree.TreeKem" time="0.001"/>
  <testcase name="non-blank leaf 0 should be consistent with the public state" classname="com.github.traderjoe95.mls.protocol.tree.TreeKem" time="0.005"/>
  <testcase name="non-blank leaf 1 should be consistent with the public state" classname="com.github.traderjoe95.mls.protocol.tree.TreeKem" time="0.005"/>
  <testcase name="non-blank leaf 2 should be consistent with the public state" classname="com.github.traderjoe95.mls.protocol.tree.TreeKem" time="0.006"/>
  <testcase name="non-blank leaf 3 should be consistent with the public state" classname="com.github.traderjoe95.mls.protocol.tree.TreeKem" time="0.005"/>
  <testcase name="non-blank leaf 4 should be consistent with the public state" classname="com.github.traderjoe95.mls.protocol.tree.TreeKem" time="0.002"/>
  <testcase name="the update path should be parent-hash valid" classname="com.github.traderjoe95.mls.protocol.tree.TreeKem" time="0.0"/>
  <testcase name="the tree hash after merging the update path should be 3f69711ffe11b01228eddcbb2c9f2b51662acdd7fbc11b4ee2af292aad468d5a" classname="com.github.traderjoe95.mls.protocol.tree.TreeKem" time="0.0"/>
  <testcase name="the decrypted path secret should be 41e3b81753c7923f38ce0fc672e5933de35f2c85e784e679c61df983f5c29c66" classname="com.github.traderjoe95.mls.protocol.tree.TreeKem" time="0.001"/>
  <testcase name="a new update path generated by the sender should be successfully processed" classname="com.github.traderjoe95.mls.protocol.tree.TreeKem" time="0.001"/>
  <testcase name="the update path should be parent-hash valid" classname="com.github.traderjoe95.mls.protocol.tree.TreeKem" time="0.0"/>
  <testcase name="the tree hash after merging the update path should be 3f69711ffe11b01228eddcbb2c9f2b51662acdd7fbc11b4ee2af292aad468d5a" classname="com.github.traderjoe95.mls.protocol.tree.TreeKem" time="0.0"/>
  <testcase name="the decrypted path secret should be 589cbcbc907120a029edf6793bc7bbec5803084cbaa7a435477c359003a30712" classname="com.github.traderjoe95.mls.protocol.tree.TreeKem" time="0.001"/>
  <testcase name="a new update path generated by the sender should be successfully processed" classname="com.github.traderjoe95.mls.protocol.tree.TreeKem" time="0.001"/>
  <testcase name="the update path should be parent-hash valid" classname="com.github.traderjoe95.mls.protocol.tree.TreeKem" time="0.001"/>
  <testcase name="the tree hash after merging the update path should be 3f69711ffe11b01228eddcbb2c9f2b51662acdd7fbc11b4ee2af292aad468d5a" classname="com.github.traderjoe95.mls.protocol.tree.TreeKem" time="0.0"/>
  <testcase name="the decrypted path secret should be 589cbcbc907120a029edf6793bc7bbec5803084cbaa7a435477c359003a30712" classname="com.github.traderjoe95.mls.protocol.tree.TreeKem" time="0.001"/>
  <testcase name="a new update path generated by the sender should be successfully processed" classname="com.github.traderjoe95.mls.protocol.tree.TreeKem" time="0.001"/>
  <testcase name="the update path should be parent-hash valid" classname="com.github.traderjoe95.mls.protocol.tree.TreeKem" time="0.0"/>
  <testcase name="the tree hash after merging the update path should be 3f69711ffe11b01228eddcbb2c9f2b51662acdd7fbc11b4ee2af292aad468d5a" classname="com.github.traderjoe95.mls.protocol.tree.TreeKem" time="0.0"/>
  <testcase name="the decrypted path secret should be 8e11630c3d6244d46d44fec11f9b8d1cd885635f0d2be69cdf302befb1187406" classname="com.github.traderjoe95.mls.protocol.tree.TreeKem" time="0.001"/>
  <testcase name="a new update path generated by the sender should be successfully processed" classname="com.github.traderjoe95.mls.protocol.tree.TreeKem" time="0.0"/>
  <testcase name="the update path should be parent-hash valid" classname="com.github.traderjoe95.mls.protocol.tree.TreeKem" time="0.0"/>
  <testcase name="the tree hash after merging the update path should be 905abd401578d34d70763f14c1f1b459b424539fdd0d9246c3e3905a16203179" classname="com.github.traderjoe95.mls.protocol.tree.TreeKem" time="0.0"/>
  <testcase name="the decrypted path secret should be 846dbbb622ac6d13774a537858a9a25022d04520634c2630b897580d53fdb86b" classname="com.github.traderjoe95.mls.protocol.tree.TreeKem" time="0.001"/>
  <testcase name="a new update path generated by the sender should be successfully processed" classname="com.github.traderjoe95.mls.protocol.tree.TreeKem" time="0.001"/>
  <testcase name="the update path should be parent-hash valid" classname="com.github.traderjoe95.mls.protocol.tree.TreeKem" time="0.0"/>
  <testcase name="the tree hash after merging the update path should be 905abd401578d34d70763f14c1f1b459b424539fdd0d9246c3e3905a16203179" classname="com.github.traderjoe95.mls.protocol.tree.TreeKem" time="0.0"/>
  <testcase name="the decrypted path secret should be cfd1d98b1014e63d6ae315de104d9a6872fe2226590bd5105b2e3df5105b46c5" classname="com.github.traderjoe95.mls.protocol.tree.TreeKem" time="0.001"/>
  <testcase name="a new update path generated by the sender should be successfully processed" classname="com.github.traderjoe95.mls.protocol.tree.TreeKem" time="0.001"/>
  <testcase name="the update path should be parent-hash valid" classname="com.github.traderjoe95.mls.protocol.tree.TreeKem" time="0.0"/>
  <testcase name="the tree hash after merging the update path should be 905abd401578d34d70763f14c1f1b459b424539fdd0d9246c3e3905a16203179" classname="com.github.traderjoe95.mls.protocol.tree.TreeKem" time="0.0"/>
  <testcase name="the decrypted path secret should be cfd1d98b1014e63d6ae315de104d9a6872fe2226590bd5105b2e3df5105b46c5" classname="com.github.traderjoe95.mls.protocol.tree.TreeKem" time="0.0"/>
  <testcase name="a new update path generated by the sender should be successfully processed" classname="com.github.traderjoe95.mls.protocol.tree.TreeKem" time="0.001"/>
  <testcase name="the update path should be parent-hash valid" classname="com.github.traderjoe95.mls.protocol.tree.TreeKem" time="0.0"/>
  <testcase name="the tree hash after merging the update path should be 905abd401578d34d70763f14c1f1b459b424539fdd0d9246c3e3905a16203179" classname="com.github.traderjoe95.mls.protocol.tree.TreeKem" time="0.0"/>
  <testcase name="the decrypted path secret should be b91ffbbf02a3a9fe494fab1d12bbdfd7df46fa28baf349379fd5b4ba1f833d3c" classname="com.github.traderjoe95.mls.protocol.tree.TreeKem" time="0.001"/>
  <testcase name="a new update path generated by the sender should be successfully processed" classname="com.github.traderjoe95.mls.protocol.tree.TreeKem" time="0.001"/>
  <testcase name="the update path should be parent-hash valid" classname="com.github.traderjoe95.mls.protocol.tree.TreeKem" time="0.001"/>
  <testcase name="the tree hash after merging the update path should be e21fb3ffd886e043f5a906621dac89198f60aadd3e36d3126003a694e57d89f4" classname="com.github.traderjoe95.mls.protocol.tree.TreeKem" time="0.0"/>
  <testcase name="the decrypted path secret should be bfccded47afcb9fafa942a84edadbfd9160241ec57ff1842bd5dd25c93b4e4d1" classname="com.github.traderjoe95.mls.protocol.tree.TreeKem" time="0.001"/>
  <testcase name="a new update path generated by the sender should be successfully processed" classname="com.github.traderjoe95.mls.protocol.tree.TreeKem" time="0.002"/>
  <testcase name="the update path should be parent-hash valid" classname="com.github.traderjoe95.mls.protocol.tree.TreeKem" time="0.0"/>
  <testcase name="the tree hash after merging the update path should be e21fb3ffd886e043f5a906621dac89198f60aadd3e36d3126003a694e57d89f4" classname="com.github.traderjoe95.mls.protocol.tree.TreeKem" time="0.001"/>
  <testcase name="the decrypted path secret should be bfccded47afcb9fafa942a84edadbfd9160241ec57ff1842bd5dd25c93b4e4d1" classname="com.github.traderjoe95.mls.protocol.tree.TreeKem" time="0.001"/>
  <testcase name="a new update path generated by the sender should be successfully processed" classname="com.github.traderjoe95.mls.protocol.tree.TreeKem" time="0.001"/>
  <testcase name="the update path should be parent-hash valid" classname="com.github.traderjoe95.mls.protocol.tree.TreeKem" time="0.0"/>
  <testcase name="the tree hash after merging the update path should be e21fb3ffd886e043f5a906621dac89198f60aadd3e36d3126003a694e57d89f4" classname="com.github.traderjoe95.mls.protocol.tree.TreeKem" time="0.001"/>
  <testcase name="the decrypted path secret should be 5f77a0372c2a684e05760970dab0f4b96ac5ac16d8630947a5112f554e076b5f" classname="com.github.traderjoe95.mls.protocol.tree.TreeKem" time="0.001"/>
  <testcase name="a new update path generated by the sender should be successfully processed" classname="com.github.traderjoe95.mls.protocol.tree.TreeKem" time="0.001"/>
  <testcase name="the update path should be parent-hash valid" classname="com.github.traderjoe95.mls.protocol.tree.TreeKem" time="0.001"/>
  <testcase name="the tree hash after merging the update path should be e21fb3ffd886e043f5a906621dac89198f60aadd3e36d3126003a694e57d89f4" classname="com.github.traderjoe95.mls.protocol.tree.TreeKem" time="0.0"/>
  <testcase name="the decrypted path secret should be 5f9cb831bdc4e57813d2027e1abd547dfe64ce3f95c0c6d2a2ee42297a7189ec" classname="com.github.traderjoe95.mls.protocol.tree.TreeKem" time="0.001"/>
  <testcase name="a new update path generated by the sender should be successfully processed" classname="com.github.traderjoe95.mls.protocol.tree.TreeKem" time="0.001"/>
  <testcase name="the update path should be parent-hash valid" classname="com.github.traderjoe95.mls.protocol.tree.TreeKem" time="0.0"/>
  <testcase name="the tree hash after merging the update path should be 6b0b9383a0aaf9765bd9a2565fad90a706399c8ffb881b1b3e848b2d655d5950" classname="com.github.traderjoe95.mls.protocol.tree.TreeKem" time="0.0"/>
  <testcase name="the decrypted path secret should be 03b9d308875813b9fa98a4fb305a87d8ee8bdd9dc17040dee4de7e708c01a592" classname="com.github.traderjoe95.mls.protocol.tree.TreeKem" time="0.001"/>
  <testcase name="a new update path generated by the sender should be successfully processed" classname="com.github.traderjoe95.mls.protocol.tree.TreeKem" time="0.002"/>
  <testcase name="the update path should be parent-hash valid" classname="com.github.traderjoe95.mls.protocol.tree.TreeKem" time="0.0"/>
  <testcase name="the tree hash after merging the update path should be 6b0b9383a0aaf9765bd9a2565fad90a706399c8ffb881b1b3e848b2d655d5950" classname="com.github.traderjoe95.mls.protocol.tree.TreeKem" time="0.0"/>
  <testcase name="the decrypted path secret should be 03b9d308875813b9fa98a4fb305a87d8ee8bdd9dc17040dee4de7e708c01a592" classname="com.github.traderjoe95.mls.protocol.tree.TreeKem" time="0.001"/>
  <testcase name="a new update path generated by the sender should be successfully processed" classname="com.github.traderjoe95.mls.protocol.tree.TreeKem" time="0.001"/>
  <testcase name="the update path should be parent-hash valid" classname="com.github.traderjoe95.mls.protocol.tree.TreeKem" time="0.001"/>
  <testcase name="the tree hash after merging the update path should be 6b0b9383a0aaf9765bd9a2565fad90a706399c8ffb881b1b3e848b2d655d5950" classname="com.github.traderjoe95.mls.protocol.tree.TreeKem" time="0.0"/>
  <testcase name="the decrypted path secret should be 5fbce0926715fe48287d032d2230f89fc1db724f845479451f142bbbef4b5c97" classname="com.github.traderjoe95.mls.protocol.tree.TreeKem" time="0.001"/>
  <testcase name="a new update path generated by the sender should be successfully processed" classname="com.github.traderjoe95.mls.protocol.tree.TreeKem" time="0.001"/>
  <testcase name="the update path should be parent-hash valid" classname="com.github.traderjoe95.mls.protocol.tree.TreeKem" time="0.0"/>
  <testcase name="the tree hash after merging the update path should be 6b0b9383a0aaf9765bd9a2565fad90a706399c8ffb881b1b3e848b2d655d5950" classname="com.github.traderjoe95.mls.protocol.tree.TreeKem" time="0.0"/>
  <testcase name="the decrypted path secret should be 531f34898d409b4c3fcb16f76c19d51804cbc5e3ecc33798237686e302d6cf0d" classname="com.github.traderjoe95.mls.protocol.tree.TreeKem" time="0.001"/>
  <testcase name="a new update path generated by the sender should be successfully processed" classname="com.github.traderjoe95.mls.protocol.tree.TreeKem" time="0.001"/>
  <testcase name="the update path should be parent-hash valid" classname="com.github.traderjoe95.mls.protocol.tree.TreeKem" time="0.0"/>
  <testcase name="the tree hash after merging the update path should be 84bc1cd8264227aac9141cb619a453c5b3bacc0ba0a4ceaea24127b219a27027" classname="com.github.traderjoe95.mls.protocol.tree.TreeKem" time="0.0"/>
  <testcase name="the decrypted path secret should be 858099a08733e7104474abf4a203dbb4751cd5c0bc9a3699bce594345d585cb6" classname="com.github.traderjoe95.mls.protocol.tree.TreeKem" time="0.0"/>
  <testcase name="a new update path generated by the sender should be successfully processed" classname="com.github.traderjoe95.mls.protocol.tree.TreeKem" time="0.001"/>
  <testcase name="the update path should be parent-hash valid" classname="com.github.traderjoe95.mls.protocol.tree.TreeKem" time="0.0"/>
  <testcase name="the tree hash after merging the update path should be 84bc1cd8264227aac9141cb619a453c5b3bacc0ba0a4ceaea24127b219a27027" classname="com.github.traderjoe95.mls.protocol.tree.TreeKem" time="0.001"/>
  <testcase name="the decrypted path secret should be 858099a08733e7104474abf4a203dbb4751cd5c0bc9a3699bce594345d585cb6" classname="com.github.traderjoe95.mls.protocol.tree.TreeKem" time="0.001"/>
  <testcase name="a new update path generated by the sender should be successfully processed" classname="com.github.traderjoe95.mls.protocol.tree.TreeKem" time="0.001"/>
  <testcase name="the update path should be parent-hash valid" classname="com.github.traderjoe95.mls.protocol.tree.TreeKem" time="0.001"/>
  <testcase name="the tree hash after merging the update path should be 84bc1cd8264227aac9141cb619a453c5b3bacc0ba0a4ceaea24127b219a27027" classname="com.github.traderjoe95.mls.protocol.tree.TreeKem" time="0.0"/>
  <testcase name="the decrypted path secret should be 858099a08733e7104474abf4a203dbb4751cd5c0bc9a3699bce594345d585cb6" classname="com.github.traderjoe95.mls.protocol.tree.TreeKem" time="0.001"/>
  <testcase name="a new update path generated by the sender should be successfully processed" classname="com.github.traderjoe95.mls.protocol.tree.TreeKem" time="0.001"/>
  <testcase name="the update path should be parent-hash valid" classname="com.github.traderjoe95.mls.protocol.tree.TreeKem" time="0.0"/>
  <testcase name="the tree hash after merging the update path should be 84bc1cd8264227aac9141cb619a453c5b3bacc0ba0a4ceaea24127b219a27027" classname="com.github.traderjoe95.mls.protocol.tree.TreeKem" time="0.0"/>
  <testcase name="the decrypted path secret should be 858099a08733e7104474abf4a203dbb4751cd5c0bc9a3699bce594345d585cb6" classname="com.github.traderjoe95.mls.protocol.tree.TreeKem" time="0.001"/>
  <testcase name="a new update path generated by the sender should be successfully processed" classname="com.github.traderjoe95.mls.protocol.tree.TreeKem" time="0.001"/>
  <testcase name="non-blank leaf 0 should be consistent with the public state" classname="com.github.traderjoe95.mls.protocol.tree.TreeKem" time="0.005"/>
  <testcase name="non-blank leaf 1 should be consistent with the public state" classname="com.github.traderjoe95.mls.protocol.tree.TreeKem" time="0.007"/>
  <testcase name="non-blank leaf 2 should be consistent with the public state" classname="com.github.traderjoe95.mls.protocol.tree.TreeKem" time="0.006"/>
  <testcase name="non-blank leaf 3 should be consistent with the public state" classname="com.github.traderjoe95.mls.protocol.tree.TreeKem" time="0.005"/>
  <testcase name="non-blank leaf 4 should be consistent with the public state" classname="com.github.traderjoe95.mls.protocol.tree.TreeKem" time="0.01"/>
  <testcase name="non-blank leaf 5 should be consistent with the public state" classname="com.github.traderjoe95.mls.protocol.tree.TreeKem" time="0.003"/>
  <testcase name="the update path should be parent-hash valid" classname="com.github.traderjoe95.mls.protocol.tree.TreeKem" time="0.0"/>
  <testcase name="the tree hash after merging the update path should be bd9075219c7b6612957bc1ba4e263d7cbcb7a11822edf1ace5c67eab45f62e24" classname="com.github.traderjoe95.mls.protocol.tree.TreeKem" time="0.001"/>
  <testcase name="the decrypted path secret should be 6726e06338d7efeef94a1b9678e5f6ed3c14349c252449f4aa25047b4c72e4df" classname="com.github.traderjoe95.mls.protocol.tree.TreeKem" time="0.001"/>
  <testcase name="a new update path generated by the sender should be successfully processed" classname="com.github.traderjoe95.mls.protocol.tree.TreeKem" time="0.002"/>
  <testcase name="the update path should be parent-hash valid" classname="com.github.traderjoe95.mls.protocol.tree.TreeKem" time="0.0"/>
  <testcase name="the tree hash after merging the update path should be bd9075219c7b6612957bc1ba4e263d7cbcb7a11822edf1ace5c67eab45f62e24" classname="com.github.traderjoe95.mls.protocol.tree.TreeKem" time="0.001"/>
  <testcase name="the decrypted path secret should be fc5254cf0157b42ead7be86090bb6e0056f417ba255fecc440c5511aa2665258" classname="com.github.traderjoe95.mls.protocol.tree.TreeKem" time="0.001"/>
  <testcase name="a new update path generated by the sender should be successfully processed" classname="com.github.traderjoe95.mls.protocol.tree.TreeKem" time="0.002"/>
  <testcase name="the update path should be parent-hash valid" classname="com.github.traderjoe95.mls.protocol.tree.TreeKem" time="0.0"/>
  <testcase name="the tree hash after merging the update path should be bd9075219c7b6612957bc1ba4e263d7cbcb7a11822edf1ace5c67eab45f62e24" classname="com.github.traderjoe95.mls.protocol.tree.TreeKem" time="0.0"/>
  <testcase name="the decrypted path secret should be fc5254cf0157b42ead7be86090bb6e0056f417ba255fecc440c5511aa2665258" classname="com.github.traderjoe95.mls.protocol.tree.TreeKem" time="0.002"/>
  <testcase name="a new update path generated by the sender should be successfully processed" classname="com.github.traderjoe95.mls.protocol.tree.TreeKem" time="0.001"/>
  <testcase name="the update path should be parent-hash valid" classname="com.github.traderjoe95.mls.protocol.tree.TreeKem" time="0.0"/>
  <testcase name="the tree hash after merging the update path should be bd9075219c7b6612957bc1ba4e263d7cbcb7a11822edf1ace5c67eab45f62e24" classname="com.github.traderjoe95.mls.protocol.tree.TreeKem" time="0.001"/>
  <testcase name="the decrypted path secret should be 7666e7a02d1215cdac447db74e3414f331b4863b3c7988b4b159dc77088330ce" classname="com.github.traderjoe95.mls.protocol.tree.TreeKem" time="0.002"/>
  <testcase name="a new update path generated by the sender should be successfully processed" classname="com.github.traderjoe95.mls.protocol.tree.TreeKem" time="0.002"/>
  <testcase name="the update path should be parent-hash valid" classname="com.github.traderjoe95.mls.protocol.tree.TreeKem" time="0.0"/>
  <testcase name="the tree hash after merging the update path should be bd9075219c7b6612957bc1ba4e263d7cbcb7a11822edf1ace5c67eab45f62e24" classname="com.github.traderjoe95.mls.protocol.tree.TreeKem" time="0.0"/>
  <testcase name="the decrypted path secret should be 7666e7a02d1215cdac447db74e3414f331b4863b3c7988b4b159dc77088330ce" classname="com.github.traderjoe95.mls.protocol.tree.TreeKem" time="0.001"/>
  <testcase name="a new update path generated by the sender should be successfully processed" classname="com.github.traderjoe95.mls.protocol.tree.TreeKem" time="0.002"/>
  <testcase name="the update path should be parent-hash valid" classname="com.github.traderjoe95.mls.protocol.tree.TreeKem" time="0.0"/>
  <testcase name="the tree hash after merging the update path should be 4a49668bc236aa9417ec2c20f1342a1cd4dd5566300a9c6e2694db17c25842a9" classname="com.github.traderjoe95.mls.protocol.tree.TreeKem" time="0.001"/>
  <testcase name="the decrypted path secret should be 96cfc658b3a017fc968ba8d7b59a395b2d535e2c949ffd04d809d3e4290d4f4d" classname="com.github.traderjoe95.mls.protocol.tree.TreeKem" time="0.001"/>
  <testcase name="a new update path generated by the sender should be successfully processed" classname="com.github.traderjoe95.mls.protocol.tree.TreeKem" time="0.002"/>
  <testcase name="the update path should be parent-hash valid" classname="com.github.traderjoe95.mls.protocol.tree.TreeKem" time="0.0"/>
  <testcase name="the tree hash after merging the update path should be 4a49668bc236aa9417ec2c20f1342a1cd4dd5566300a9c6e2694db17c25842a9" classname="com.github.traderjoe95.mls.protocol.tree.TreeKem" time="0.0"/>
  <testcase name="the decrypted path secret should be 215af4e31a71eeee0016fa5e511fbee949196fc94b54ff7a720588b37161ad88" classname="com.github.traderjoe95.mls.protocol.tree.TreeKem" time="0.001"/>
  <testcase name="a new update path generated by the sender should be successfully processed" classname="com.github.traderjoe95.mls.protocol.tree.TreeKem" time="0.002"/>
  <testcase name="the update path should be parent-hash valid" classname="com.github.traderjoe95.mls.protocol.tree.TreeKem" time="0.001"/>
  <testcase name="the tree hash after merging the update path should be 4a49668bc236aa9417ec2c20f1342a1cd4dd5566300a9c6e2694db17c25842a9" classname="com.github.traderjoe95.mls.protocol.tree.TreeKem" time="0.0"/>
  <testcase name="the decrypted path secret should be 215af4e31a71eeee0016fa5e511fbee949196fc94b54ff7a720588b37161ad88" classname="com.github.traderjoe95.mls.protocol.tree.TreeKem" time="0.001"/>
  <testcase name="a new update path generated by the sender should be successfully processed" classname="com.github.traderjoe95.mls.protocol.tree.TreeKem" time="0.002"/>
  <testcase name="the update path should be parent-hash valid" classname="com.github.traderjoe95.mls.protocol.tree.TreeKem" time="0.0"/>
  <testcase name="the tree hash after merging the update path should be 4a49668bc236aa9417ec2c20f1342a1cd4dd5566300a9c6e2694db17c25842a9" classname="com.github.traderjoe95.mls.protocol.tree.TreeKem" time="0.0"/>
  <testcase name="the decrypted path secret should be 10c7ba7faf3f546db9b61772a3d63e5c961314cd50670410389a39d98b4159da" classname="com.github.traderjoe95.mls.protocol.tree.TreeKem" time="0.0"/>
  <testcase name="a new update path generated by the sender should be successfully processed" classname="com.github.traderjoe95.mls.protocol.tree.TreeKem" time="0.001"/>
  <testcase name="the update path should be parent-hash valid" classname="com.github.traderjoe95.mls.protocol.tree.TreeKem" time="0.0"/>
  <testcase name="the tree hash after merging the update path should be 4a49668bc236aa9417ec2c20f1342a1cd4dd5566300a9c6e2694db17c25842a9" classname="com.github.traderjoe95.mls.protocol.tree.TreeKem" time="0.0"/>
  <testcase name="the decrypted path secret should be 10c7ba7faf3f546db9b61772a3d63e5c961314cd50670410389a39d98b4159da" classname="com.github.traderjoe95.mls.protocol.tree.TreeKem" time="0.002"/>
  <testcase name="a new update path generated by the sender should be successfully processed" classname="com.github.traderjoe95.mls.protocol.tree.TreeKem" time="0.001"/>
  <testcase name="the update path should be parent-hash valid" classname="com.github.traderjoe95.mls.protocol.tree.TreeKem" time="0.0"/>
  <testcase name="the tree hash after merging the update path should be 1e6a0b67c429dbdd47cca5a4d739d7789c686dfaefd80d773a7870980bb848ae" classname="com.github.traderjoe95.mls.protocol.tree.TreeKem" time="0.001"/>
  <testcase name="the decrypted path secret should be 9be3c968e1e6cf4d1c73c71fd9f59c53f5a6a3aad243905086a6e02d194de42e" classname="com.github.traderjoe95.mls.protocol.tree.TreeKem" time="0.001"/>
  <testcase name="a new update path generated by the sender should be successfully processed" classname="com.github.traderjoe95.mls.protocol.tree.TreeKem" time="0.0"/>
  <testcase name="the update path should be parent-hash valid" classname="com.github.traderjoe95.mls.protocol.tree.TreeKem" time="0.0"/>
  <testcase name="the tree hash after merging the update path should be 1e6a0b67c429dbdd47cca5a4d739d7789c686dfaefd80d773a7870980bb848ae" classname="com.github.traderjoe95.mls.protocol.tree.TreeKem" time="0.0"/>
  <testcase name="the decrypted path secret should be 9be3c968e1e6cf4d1c73c71fd9f59c53f5a6a3aad243905086a6e02d194de42e" classname="com.github.traderjoe95.mls.protocol.tree.TreeKem" time="0.001"/>
  <testcase name="a new update path generated by the sender should be successfully processed" classname="com.github.traderjoe95.mls.protocol.tree.TreeKem" time="0.002"/>
  <testcase name="the update path should be parent-hash valid" classname="com.github.traderjoe95.mls.protocol.tree.TreeKem" time="0.001"/>
  <testcase name="the tree hash after merging the update path should be 1e6a0b67c429dbdd47cca5a4d739d7789c686dfaefd80d773a7870980bb848ae" classname="com.github.traderjoe95.mls.protocol.tree.TreeKem" time="0.001"/>
  <testcase name="the decrypted path secret should be d306589489b5318fb52f3862876e739b5f2b3922732527b932eb2699d2ec7c5e" classname="com.github.traderjoe95.mls.protocol.tree.TreeKem" time="0.001"/>
  <testcase name="a new update path generated by the sender should be successfully processed" classname="com.github.traderjoe95.mls.protocol.tree.TreeKem" time="0.002"/>
  <testcase name="the update path should be parent-hash valid" classname="com.github.traderjoe95.mls.protocol.tree.TreeKem" time="0.0"/>
  <testcase name="the tree hash after merging the update path should be 1e6a0b67c429dbdd47cca5a4d739d7789c686dfaefd80d773a7870980bb848ae" classname="com.github.traderjoe95.mls.protocol.tree.TreeKem" time="0.0"/>
  <testcase name="the decrypted path secret should be 0d16f9af4136c8d0626cc551661bfa05d5f162211a7fe7c803dcfc4a988796b5" classname="com.github.traderjoe95.mls.protocol.tree.TreeKem" time="0.001"/>
  <testcase name="a new update path generated by the sender should be successfully processed" classname="com.github.traderjoe95.mls.protocol.tree.TreeKem" time="0.001"/>
  <testcase name="the update path should be parent-hash valid" classname="com.github.traderjoe95.mls.protocol.tree.TreeKem" time="0.0"/>
  <testcase name="the tree hash after merging the update path should be 1e6a0b67c429dbdd47cca5a4d739d7789c686dfaefd80d773a7870980bb848ae" classname="com.github.traderjoe95.mls.protocol.tree.TreeKem" time="0.001"/>
  <testcase name="the decrypted path secret should be 0d16f9af4136c8d0626cc551661bfa05d5f162211a7fe7c803dcfc4a988796b5" classname="com.github.traderjoe95.mls.protocol.tree.TreeKem" time="0.001"/>
  <testcase name="a new update path generated by the sender should be successfully processed" classname="com.github.traderjoe95.mls.protocol.tree.TreeKem" time="0.001"/>
  <testcase name="the update path should be parent-hash valid" classname="com.github.traderjoe95.mls.protocol.tree.TreeKem" time="0.0"/>
  <testcase name="the tree hash after merging the update path should be 878a7f685bf8f0b45d8e485117e47133eb5f4e9db1b56b85682412a4acdffc64" classname="com.github.traderjoe95.mls.protocol.tree.TreeKem" time="0.001"/>
  <testcase name="the decrypted path secret should be ba6f2e0ccdd43bd0fce3dbf071473aa279be382958e6430ad7e73dce64f533a3" classname="com.github.traderjoe95.mls.protocol.tree.TreeKem" time="0.001"/>
  <testcase name="a new update path generated by the sender should be successfully processed" classname="com.github.traderjoe95.mls.protocol.tree.TreeKem" time="0.0"/>
  <testcase name="the update path should be parent-hash valid" classname="com.github.traderjoe95.mls.protocol.tree.TreeKem" time="0.001"/>
  <testcase name="the tree hash after merging the update path should be 878a7f685bf8f0b45d8e485117e47133eb5f4e9db1b56b85682412a4acdffc64" classname="com.github.traderjoe95.mls.protocol.tree.TreeKem" time="0.0"/>
  <testcase name="the decrypted path secret should be ba6f2e0ccdd43bd0fce3dbf071473aa279be382958e6430ad7e73dce64f533a3" classname="com.github.traderjoe95.mls.protocol.tree.TreeKem" time="0.001"/>
  <testcase name="a new update path generated by the sender should be successfully processed" classname="com.github.traderjoe95.mls.protocol.tree.TreeKem" time="0.001"/>
  <testcase name="the update path should be parent-hash valid" classname="com.github.traderjoe95.mls.protocol.tree.TreeKem" time="0.0"/>
  <testcase name="the tree hash after merging the update path should be 878a7f685bf8f0b45d8e485117e47133eb5f4e9db1b56b85682412a4acdffc64" classname="com.github.traderjoe95.mls.protocol.tree.TreeKem" time="0.0"/>
  <testcase name="the decrypted path secret should be f7227fde5e9702aa9ba11be4d56ff4a406c176fb942bed58d2caa152641789f5" classname="com.github.traderjoe95.mls.protocol.tree.TreeKem" time="0.0"/>
  <testcase name="a new update path generated by the sender should be successfully processed" classname="com.github.traderjoe95.mls.protocol.tree.TreeKem" time="0.001"/>
  <testcase name="the update path should be parent-hash valid" classname="com.github.traderjoe95.mls.protocol.tree.TreeKem" time="0.0"/>
  <testcase name="the tree hash after merging the update path should be 878a7f685bf8f0b45d8e485117e47133eb5f4e9db1b56b85682412a4acdffc64" classname="com.github.traderjoe95.mls.protocol.tree.TreeKem" time="0.0"/>
  <testcase name="the decrypted path secret should be affd2b6736495a051365479cfdb0fa69cae6b6e92fa9ca8eb1d1ca4cd1024b98" classname="com.github.traderjoe95.mls.protocol.tree.TreeKem" time="0.001"/>
  <testcase name="a new update path generated by the sender should be successfully processed" classname="com.github.traderjoe95.mls.protocol.tree.TreeKem" time="0.0"/>
  <testcase name="the update path should be parent-hash valid" classname="com.github.traderjoe95.mls.protocol.tree.TreeKem" time="0.0"/>
  <testcase name="the tree hash after merging the update path should be 878a7f685bf8f0b45d8e485117e47133eb5f4e9db1b56b85682412a4acdffc64" classname="com.github.traderjoe95.mls.protocol.tree.TreeKem" time="0.001"/>
  <testcase name="the decrypted path secret should be affd2b6736495a051365479cfdb0fa69cae6b6e92fa9ca8eb1d1ca4cd1024b98" classname="com.github.traderjoe95.mls.protocol.tree.TreeKem" time="0.001"/>
  <testcase name="a new update path generated by the sender should be successfully processed" classname="com.github.traderjoe95.mls.protocol.tree.TreeKem" time="0.002"/>
  <testcase name="the update path should be parent-hash valid" classname="com.github.traderjoe95.mls.protocol.tree.TreeKem" time="0.0"/>
  <testcase name="the tree hash after merging the update path should be 9d2db18908ed03ce57377c34a8388a392b1fd37fc2aef99d59f57fd0bd655711" classname="com.github.traderjoe95.mls.protocol.tree.TreeKem" time="0.0"/>
  <testcase name="the decrypted path secret should be a6baaf349b99972b175e2320e9ba8ae2ea8469c748fa26c60e03a9faf7251b7e" classname="com.github.traderjoe95.mls.protocol.tree.TreeKem" time="0.0"/>
  <testcase name="a new update path generated by the sender should be successfully processed" classname="com.github.traderjoe95.mls.protocol.tree.TreeKem" time="0.001"/>
  <testcase name="the update path should be parent-hash valid" classname="com.github.traderjoe95.mls.protocol.tree.TreeKem" time="0.0"/>
  <testcase name="the tree hash after merging the update path should be 9d2db18908ed03ce57377c34a8388a392b1fd37fc2aef99d59f57fd0bd655711" classname="com.github.traderjoe95.mls.protocol.tree.TreeKem" time="0.001"/>
  <testcase name="the decrypted path secret should be a6baaf349b99972b175e2320e9ba8ae2ea8469c748fa26c60e03a9faf7251b7e" classname="com.github.traderjoe95.mls.protocol.tree.TreeKem" time="0.001"/>
  <testcase name="a new update path generated by the sender should be successfully processed" classname="com.github.traderjoe95.mls.protocol.tree.TreeKem" time="0.001"/>
  <testcase name="the update path should be parent-hash valid" classname="com.github.traderjoe95.mls.protocol.tree.TreeKem" time="0.0"/>
  <testcase name="the tree hash after merging the update path should be 9d2db18908ed03ce57377c34a8388a392b1fd37fc2aef99d59f57fd0bd655711" classname="com.github.traderjoe95.mls.protocol.tree.TreeKem" time="0.0"/>
  <testcase name="the decrypted path secret should be a6baaf349b99972b175e2320e9ba8ae2ea8469c748fa26c60e03a9faf7251b7e" classname="com.github.traderjoe95.mls.protocol.tree.TreeKem" time="0.001"/>
  <testcase name="a new update path generated by the sender should be successfully processed" classname="com.github.traderjoe95.mls.protocol.tree.TreeKem" time="0.001"/>
  <testcase name="the update path should be parent-hash valid" classname="com.github.traderjoe95.mls.protocol.tree.TreeKem" time="0.0"/>
  <testcase name="the tree hash after merging the update path should be 9d2db18908ed03ce57377c34a8388a392b1fd37fc2aef99d59f57fd0bd655711" classname="com.github.traderjoe95.mls.protocol.tree.TreeKem" time="0.0"/>
  <testcase name="the decrypted path secret should be a6baaf349b99972b175e2320e9ba8ae2ea8469c748fa26c60e03a9faf7251b7e" classname="com.github.traderjoe95.mls.protocol.tree.TreeKem" time="0.0"/>
  <testcase name="a new update path generated by the sender should be successfully processed" classname="com.github.traderjoe95.mls.protocol.tree.TreeKem" time="0.001"/>
  <testcase name="the update path should be parent-hash valid" classname="com.github.traderjoe95.mls.protocol.tree.TreeKem" time="0.0"/>
  <testcase name="the tree hash after merging the update path should be 9d2db18908ed03ce57377c34a8388a392b1fd37fc2aef99d59f57fd0bd655711" classname="com.github.traderjoe95.mls.protocol.tree.TreeKem" time="0.001"/>
  <testcase name="the decrypted path secret should be a7adda0baf2808f05fbfd724055d08c109bd32f96e63dd27fbc0751109a84446" classname="com.github.traderjoe95.mls.protocol.tree.TreeKem" time="0.001"/>
  <testcase name="a new update path generated by the sender should be successfully processed" classname="com.github.traderjoe95.mls.protocol.tree.TreeKem" time="0.001"/>
  <testcase name="the update path should be parent-hash valid" classname="com.github.traderjoe95.mls.protocol.tree.TreeKem" time="0.0"/>
  <testcase name="the tree hash after merging the update path should be dd0a1b47180521843cdac9b09cf3acbf2df0f87e1dbe90407fa0b8acbe18a0d9" classname="com.github.traderjoe95.mls.protocol.tree.TreeKem" time="0.0"/>
  <testcase name="the decrypted path secret should be f5e9197c7a7deb37246dda46301e7f1e49df56cc8d116ad9cd852cf7d51ab602" classname="com.github.traderjoe95.mls.protocol.tree.TreeKem" time="0.0"/>
  <testcase name="a new update path generated by the sender should be successfully processed" classname="com.github.traderjoe95.mls.protocol.tree.TreeKem" time="0.001"/>
  <testcase name="the update path should be parent-hash valid" classname="com.github.traderjoe95.mls.protocol.tree.TreeKem" time="0.0"/>
  <testcase name="the tree hash after merging the update path should be dd0a1b47180521843cdac9b09cf3acbf2df0f87e1dbe90407fa0b8acbe18a0d9" classname="com.github.traderjoe95.mls.protocol.tree.TreeKem" time="0.001"/>
  <testcase name="the decrypted path secret should be f5e9197c7a7deb37246dda46301e7f1e49df56cc8d116ad9cd852cf7d51ab602" classname="com.github.traderjoe95.mls.protocol.tree.TreeKem" time="0.002"/>
  <testcase name="a new update path generated by the sender should be successfully processed" classname="com.github.traderjoe95.mls.protocol.tree.TreeKem" time="0.001"/>
  <testcase name="the update path should be parent-hash valid" classname="com.github.traderjoe95.mls.protocol.tree.TreeKem" time="0.0"/>
  <testcase name="the tree hash after merging the update path should be dd0a1b47180521843cdac9b09cf3acbf2df0f87e1dbe90407fa0b8acbe18a0d9" classname="com.github.traderjoe95.mls.protocol.tree.TreeKem" time="0.0"/>
  <testcase name="the decrypted path secret should be f5e9197c7a7deb37246dda46301e7f1e49df56cc8d116ad9cd852cf7d51ab602" classname="com.github.traderjoe95.mls.protocol.tree.TreeKem" time="0.001"/>
  <testcase name="a new update path generated by the sender should be successfully processed" classname="com.github.traderjoe95.mls.protocol.tree.TreeKem" time="0.001"/>
  <testcase name="the update path should be parent-hash valid" classname="com.github.traderjoe95.mls.protocol.tree.TreeKem" time="0.0"/>
  <testcase name="the tree hash after merging the update path should be dd0a1b47180521843cdac9b09cf3acbf2df0f87e1dbe90407fa0b8acbe18a0d9" classname="com.github.traderjoe95.mls.protocol.tree.TreeKem" time="0.0"/>
  <testcase name="the decrypted path secret should be f5e9197c7a7deb37246dda46301e7f1e49df56cc8d116ad9cd852cf7d51ab602" classname="com.github.traderjoe95.mls.protocol.tree.TreeKem" time="0.0"/>
  <testcase name="a new update path generated by the sender should be successfully processed" classname="com.github.traderjoe95.mls.protocol.tree.TreeKem" time="0.001"/>
  <testcase name="the update path should be parent-hash valid" classname="com.github.traderjoe95.mls.protocol.tree.TreeKem" time="0.0"/>
  <testcase name="the tree hash after merging the update path should be dd0a1b47180521843cdac9b09cf3acbf2df0f87e1dbe90407fa0b8acbe18a0d9" classname="com.github.traderjoe95.mls.protocol.tree.TreeKem" time="0.001"/>
  <testcase name="the decrypted path secret should be 8b7db3c5de7e22c4bb7057ab8fd6601a046dac04b52dc8a4e33a10856cffefee" classname="com.github.traderjoe95.mls.protocol.tree.TreeKem" time="0.001"/>
  <testcase name="a new update path generated by the sender should be successfully processed" classname="com.github.traderjoe95.mls.protocol.tree.TreeKem" time="0.001"/>
  <testcase name="non-blank leaf 0 should be consistent with the public state" classname="com.github.traderjoe95.mls.protocol.tree.TreeKem" time="0.005"/>
  <testcase name="non-blank leaf 1 should be consistent with the public state" classname="com.github.traderjoe95.mls.protocol.tree.TreeKem" time="0.005"/>
  <testcase name="non-blank leaf 2 should be consistent with the public state" classname="com.github.traderjoe95.mls.protocol.tree.TreeKem" time="0.005"/>
  <testcase name="non-blank leaf 3 should be consistent with the public state" classname="com.github.traderjoe95.mls.protocol.tree.TreeKem" time="0.005"/>
  <testcase name="non-blank leaf 4 should be consistent with the public state" classname="com.github.traderjoe95.mls.protocol.tree.TreeKem" time="0.004"/>
  <testcase name="non-blank leaf 5 should be consistent with the public state" classname="com.github.traderjoe95.mls.protocol.tree.TreeKem" time="0.005"/>
  <testcase name="non-blank leaf 6 should be consistent with the public state" classname="com.github.traderjoe95.mls.protocol.tree.TreeKem" time="0.003"/>
  <testcase name="the update path should be parent-hash valid" classname="com.github.traderjoe95.mls.protocol.tree.TreeKem" time="0.0"/>
  <testcase name="the tree hash after merging the update path should be c1734b2c26e5334402763b96a623baf5557e6ef631aa7e8d7231df85f2cae343" classname="com.github.traderjoe95.mls.protocol.tree.TreeKem" time="0.001"/>
  <testcase name="the decrypted path secret should be 842f49049b66fd2e6b29f6fdc39c63b73f28c8892bf62c52a41daedf0a233aa6" classname="com.github.traderjoe95.mls.protocol.tree.TreeKem" time="0.0"/>
  <testcase name="a new update path generated by the sender should be successfully processed" classname="com.github.traderjoe95.mls.protocol.tree.TreeKem" time="0.001"/>
  <testcase name="the update path should be parent-hash valid" classname="com.github.traderjoe95.mls.protocol.tree.TreeKem" time="0.0"/>
  <testcase name="the tree hash after merging the update path should be c1734b2c26e5334402763b96a623baf5557e6ef631aa7e8d7231df85f2cae343" classname="com.github.traderjoe95.mls.protocol.tree.TreeKem" time="0.0"/>
  <testcase name="the decrypted path secret should be 4b24346f3113199241b05d0894fa7b1f6b09ead0198ea3652232cfb44048292b" classname="com.github.traderjoe95.mls.protocol.tree.TreeKem" time="0.001"/>
  <testcase name="a new update path generated by the sender should be successfully processed" classname="com.github.traderjoe95.mls.protocol.tree.TreeKem" time="0.001"/>
  <testcase name="the update path should be parent-hash valid" classname="com.github.traderjoe95.mls.protocol.tree.TreeKem" time="0.0"/>
  <testcase name="the tree hash after merging the update path should be c1734b2c26e5334402763b96a623baf5557e6ef631aa7e8d7231df85f2cae343" classname="com.github.traderjoe95.mls.protocol.tree.TreeKem" time="0.001"/>
  <testcase name="the decrypted path secret should be 4b24346f3113199241b05d0894fa7b1f6b09ead0198ea3652232cfb44048292b" classname="com.github.traderjoe95.mls.protocol.tree.TreeKem" time="0.001"/>
  <testcase name="a new update path generated by the sender should be successfully processed" classname="com.github.traderjoe95.mls.protocol.tree.TreeKem" time="0.001"/>
  <testcase name="the update path should be parent-hash valid" classname="com.github.traderjoe95.mls.protocol.tree.TreeKem" time="0.001"/>
  <testcase name="the tree hash after merging the update path should be c1734b2c26e5334402763b96a623baf5557e6ef631aa7e8d7231df85f2cae343" classname="com.github.traderjoe95.mls.protocol.tree.TreeKem" time="0.0"/>
  <testcase name="the decrypted path secret should be 8df51b20cf12dd714c0a32d9b92bfd8cd3b7cab4a6d37a339c1550dbdb43aadd" classname="com.github.traderjoe95.mls.protocol.tree.TreeKem" time="0.001"/>
  <testcase name="a new update path generated by the sender should be successfully processed" classname="com.github.traderjoe95.mls.protocol.tree.TreeKem" time="0.001"/>
  <testcase name="the update path should be parent-hash valid" classname="com.github.traderjoe95.mls.protocol.tree.TreeKem" time="0.0"/>
  <testcase name="the tree hash after merging the update path should be c1734b2c26e5334402763b96a623baf5557e6ef631aa7e8d7231df85f2cae343" classname="com.github.traderjoe95.mls.protocol.tree.TreeKem" time="0.0"/>
  <testcase name="the decrypted path secret should be 8df51b20cf12dd714c0a32d9b92bfd8cd3b7cab4a6d37a339c1550dbdb43aadd" classname="com.github.traderjoe95.mls.protocol.tree.TreeKem" time="0.0"/>
  <testcase name="a new update path generated by the sender should be successfully processed" classname="com.github.traderjoe95.mls.protocol.tree.TreeKem" time="0.001"/>
  <testcase name="the update path should be parent-hash valid" classname="com.github.traderjoe95.mls.protocol.tree.TreeKem" time="0.0"/>
  <testcase name="the tree hash after merging the update path should be c1734b2c26e5334402763b96a623baf5557e6ef631aa7e8d7231df85f2cae343" classname="com.github.traderjoe95.mls.protocol.tree.TreeKem" time="0.001"/>
  <testcase name="the decrypted path secret should be 8df51b20cf12dd714c0a32d9b92bfd8cd3b7cab4a6d37a339c1550dbdb43aadd" classname="com.github.traderjoe95.mls.protocol.tree.TreeKem" time="0.001"/>
  <testcase name="a new update path generated by the sender should be successfully processed" classname="com.github.traderjoe95.mls.protocol.tree.TreeKem" time="0.001"/>
  <testcase name="the update path should be parent-hash valid" classname="com.github.traderjoe95.mls.protocol.tree.TreeKem" time="0.0"/>
  <testcase name="the tree hash after merging the update path should be 5d6c0ae73e54eb9a64a4b9db14105de0b8e7b68a8ab49a9fa982729056f3826d" classname="com.github.traderjoe95.mls.protocol.tree.TreeKem" time="0.0"/>
  <testcase name="the decrypted path secret should be da8003c0f8a8ee137b818733dc8357be9fec61ee4642755ccecf83d264b4b4b9" classname="com.github.traderjoe95.mls.protocol.tree.TreeKem" time="0.001"/>
  <testcase name="a new update path generated by the sender should be successfully processed" classname="com.github.traderjoe95.mls.protocol.tree.TreeKem" time="0.002"/>
  <testcase name="the update path should be parent-hash valid" classname="com.github.traderjoe95.mls.protocol.tree.TreeKem" time="0.001"/>
  <testcase name="the tree hash after merging the update path should be 5d6c0ae73e54eb9a64a4b9db14105de0b8e7b68a8ab49a9fa982729056f3826d" classname="com.github.traderjoe95.mls.protocol.tree.TreeKem" time="0.001"/>
  <testcase name="the decrypted path secret should be ecd6cd7042b46c52d462cedc1c7eff12ccfffee4965b9e8d9303cfed88894dc1" classname="com.github.traderjoe95.mls.protocol.tree.TreeKem" time="0.0"/>
  <testcase name="a new update path generated by the sender should be successfully processed" classname="com.github.traderjoe95.mls.protocol.tree.TreeKem" time="0.001"/>
  <testcase name="the update path should be parent-hash valid" classname="com.github.traderjoe95.mls.protocol.tree.TreeKem" time="0.0"/>
  <testcase name="the tree hash after merging the update path should be 5d6c0ae73e54eb9a64a4b9db14105de0b8e7b68a8ab49a9fa982729056f3826d" classname="com.github.traderjoe95.mls.protocol.tree.TreeKem" time="0.0"/>
  <testcase name="the decrypted path secret should be ecd6cd7042b46c52d462cedc1c7eff12ccfffee4965b9e8d9303cfed88894dc1" classname="com.github.traderjoe95.mls.protocol.tree.TreeKem" time="0.001"/>
  <testcase name="a new update path generated by the sender should be successfully processed" classname="com.github.traderjoe95.mls.protocol.tree.TreeKem" time="0.001"/>
  <testcase name="the update path should be parent-hash valid" classname="com.github.traderjoe95.mls.protocol.tree.TreeKem" time="0.0"/>
  <testcase name="the tree hash after merging the update path should be 5d6c0ae73e54eb9a64a4b9db14105de0b8e7b68a8ab49a9fa982729056f3826d" classname="com.github.traderjoe95.mls.protocol.tree.TreeKem" time="0.001"/>
  <testcase name="the decrypted path secret should be 7a19a09d251cb8c25a27ca6b5571a74842d7f9b797c98dd7a4321719a6427320" classname="com.github.traderjoe95.mls.protocol.tree.TreeKem" time="0.001"/>
  <testcase name="a new update path generated by the sender should be successfully processed" classname="com.github.traderjoe95.mls.protocol.tree.TreeKem" time="0.001"/>
  <testcase name="the update path should be parent-hash valid" classname="com.github.traderjoe95.mls.protocol.tree.TreeKem" time="0.0"/>
  <testcase name="the tree hash after merging the update path should be 5d6c0ae73e54eb9a64a4b9db14105de0b8e7b68a8ab49a9fa982729056f3826d" classname="com.github.traderjoe95.mls.protocol.tree.TreeKem" time="0.0"/>
  <testcase name="the decrypted path secret should be 7a19a09d251cb8c25a27ca6b5571a74842d7f9b797c98dd7a4321719a6427320" classname="com.github.traderjoe95.mls.protocol.tree.TreeKem" time="0.001"/>
  <testcase name="a new update path generated by the sender should be successfully processed" classname="com.github.traderjoe95.mls.protocol.tree.TreeKem" time="0.001"/>
  <testcase name="the update path should be parent-hash valid" classname="com.github.traderjoe95.mls.protocol.tree.TreeKem" time="0.0"/>
  <testcase name="the tree hash after merging the update path should be 5d6c0ae73e54eb9a64a4b9db14105de0b8e7b68a8ab49a9fa982729056f3826d" classname="com.github.traderjoe95.mls.protocol.tree.TreeKem" time="0.0"/>
  <testcase name="the decrypted path secret should be 7a19a09d251cb8c25a27ca6b5571a74842d7f9b797c98dd7a4321719a6427320" classname="com.github.traderjoe95.mls.protocol.tree.TreeKem" time="0.0"/>
  <testcase name="a new update path generated by the sender should be successfully processed" classname="com.github.traderjoe95.mls.protocol.tree.TreeKem" time="0.001"/>
  <testcase name="the update path should be parent-hash valid" classname="com.github.traderjoe95.mls.protocol.tree.TreeKem" time="0.0"/>
  <testcase name="the tree hash after merging the update path should be 2eb04475206b082798d59064ef8fdd30f10c04bc1fd82722e733c94ebc617b3e" classname="com.github.traderjoe95.mls.protocol.tree.TreeKem" time="0.0"/>
  <testcase name="the decrypted path secret should be 6f4ba19c85a15ccc2922a3f043975a14b96bc238f1585f9be0caf833d81520ee" classname="com.github.traderjoe95.mls.protocol.tree.TreeKem" time="0.001"/>
  <testcase name="a new update path generated by the sender should be successfully processed" classname="com.github.traderjoe95.mls.protocol.tree.TreeKem" time="0.001"/>
  <testcase name="the update path should be parent-hash valid" classname="com.github.traderjoe95.mls.protocol.tree.TreeKem" time="0.0"/>
  <testcase name="the tree hash after merging the update path should be 2eb04475206b082798d59064ef8fdd30f10c04bc1fd82722e733c94ebc617b3e" classname="com.github.traderjoe95.mls.protocol.tree.TreeKem" time="0.0"/>
  <testcase name="the decrypted path secret should be 6f4ba19c85a15ccc2922a3f043975a14b96bc238f1585f9be0caf833d81520ee" classname="com.github.traderjoe95.mls.protocol.tree.TreeKem" time="0.001"/>
  <testcase name="a new update path generated by the sender should be successfully processed" classname="com.github.traderjoe95.mls.protocol.tree.TreeKem" time="0.001"/>
  <testcase name="the update path should be parent-hash valid" classname="com.github.traderjoe95.mls.protocol.tree.TreeKem" time="0.0"/>
  <testcase name="the tree hash after merging the update path should be 2eb04475206b082798d59064ef8fdd30f10c04bc1fd82722e733c94ebc617b3e" classname="com.github.traderjoe95.mls.protocol.tree.TreeKem" time="0.001"/>
  <testcase name="the decrypted path secret should be 6424dbe1ab72bb91007336db4fd8f0afd617097b8b7aa5b53d4bbd69d74adca2" classname="com.github.traderjoe95.mls.protocol.tree.TreeKem" time="0.001"/>
  <testcase name="a new update path generated by the sender should be successfully processed" classname="com.github.traderjoe95.mls.protocol.tree.TreeKem" time="0.001"/>
  <testcase name="the update path should be parent-hash valid" classname="com.github.traderjoe95.mls.protocol.tree.TreeKem" time="0.001"/>
  <testcase name="the tree hash after merging the update path should be 2eb04475206b082798d59064ef8fdd30f10c04bc1fd82722e733c94ebc617b3e" classname="com.github.traderjoe95.mls.protocol.tree.TreeKem" time="0.001"/>
  <testcase name="the decrypted path secret should be 780e090ddf48bff5e9c4dd1fe307ed54dc4613bef2593cf422476fad29c67abd" classname="com.github.traderjoe95.mls.protocol.tree.TreeKem" time="0.001"/>
  <testcase name="a new update path generated by the sender should be successfully processed" classname="com.github.traderjoe95.mls.protocol.tree.TreeKem" time="0.001"/>
  <testcase name="the update path should be parent-hash valid" classname="com.github.traderjoe95.mls.protocol.tree.TreeKem" time="0.0"/>
  <testcase name="the tree hash after merging the update path should be 2eb04475206b082798d59064ef8fdd30f10c04bc1fd82722e733c94ebc617b3e" classname="com.github.traderjoe95.mls.protocol.tree.TreeKem" time="0.0"/>
  <testcase name="the decrypted path secret should be 780e090ddf48bff5e9c4dd1fe307ed54dc4613bef2593cf422476fad29c67abd" classname="com.github.traderjoe95.mls.protocol.tree.TreeKem" time="0.0"/>
  <testcase name="a new update path generated by the sender should be successfully processed" classname="com.github.traderjoe95.mls.protocol.tree.TreeKem" time="0.001"/>
  <testcase name="the update path should be parent-hash valid" classname="com.github.traderjoe95.mls.protocol.tree.TreeKem" time="0.0"/>
  <testcase name="the tree hash after merging the update path should be 2eb04475206b082798d59064ef8fdd30f10c04bc1fd82722e733c94ebc617b3e" classname="com.github.traderjoe95.mls.protocol.tree.TreeKem" time="0.001"/>
  <testcase name="the decrypted path secret should be 780e090ddf48bff5e9c4dd1fe307ed54dc4613bef2593cf422476fad29c67abd" classname="com.github.traderjoe95.mls.protocol.tree.TreeKem" time="0.001"/>
  <testcase name="a new update path generated by the sender should be successfully processed" classname="com.github.traderjoe95.mls.protocol.tree.TreeKem" time="0.002"/>
  <testcase name="the update path should be parent-hash valid" classname="com.github.traderjoe95.mls.protocol.tree.TreeKem" time="0.0"/>
  <testcase name="the tree hash after merging the update path should be 05fb4dbf691e2d23a94ba4987ce2129e38a2ccd9ea1d9027c20552126e188a0e" classname="com.github.traderjoe95.mls.protocol.tree.TreeKem" time="0.0"/>
  <testcase name="the decrypted path secret should be c49f5b3958bc9b826f7e34897a54dce3624fe9fdcbb59d2b54eec8c0f13929b9" classname="com.github.traderjoe95.mls.protocol.tree.TreeKem" time="0.0"/>
  <testcase name="a new update path generated by the sender should be successfully processed" classname="com.github.traderjoe95.mls.protocol.tree.TreeKem" time="0.001"/>
  <testcase name="the update path should be parent-hash valid" classname="com.github.traderjoe95.mls.protocol.tree.TreeKem" time="0.0"/>
  <testcase name="the tree hash after merging the update path should be 05fb4dbf691e2d23a94ba4987ce2129e38a2ccd9ea1d9027c20552126e188a0e" classname="com.github.traderjoe95.mls.protocol.tree.TreeKem" time="0.001"/>
  <testcase name="the decrypted path secret should be c49f5b3958bc9b826f7e34897a54dce3624fe9fdcbb59d2b54eec8c0f13929b9" classname="com.github.traderjoe95.mls.protocol.tree.TreeKem" time="0.001"/>
  <testcase name="a new update path generated by the sender should be successfully processed" classname="com.github.traderjoe95.mls.protocol.tree.TreeKem" time="0.001"/>
  <testcase name="the update path should be parent-hash valid" classname="com.github.traderjoe95.mls.protocol.tree.TreeKem" time="0.001"/>
  <testcase name="the tree hash after merging the update path should be 05fb4dbf691e2d23a94ba4987ce2129e38a2ccd9ea1d9027c20552126e188a0e" classname="com.github.traderjoe95.mls.protocol.tree.TreeKem" time="0.0"/>
  <testcase name="the decrypted path secret should be 6e7e9462d41024f02ecde0cfdc01f857f8decfc1fcfe6c2334d4e3a0e3990a5a" classname="com.github.traderjoe95.mls.protocol.tree.TreeKem" time="0.001"/>
  <testcase name="a new update path generated by the sender should be successfully processed" classname="com.github.traderjoe95.mls.protocol.tree.TreeKem" time="0.001"/>
  <testcase name="the update path should be parent-hash valid" classname="com.github.traderjoe95.mls.protocol.tree.TreeKem" time="0.0"/>
  <testcase name="the tree hash after merging the update path should be 05fb4dbf691e2d23a94ba4987ce2129e38a2ccd9ea1d9027c20552126e188a0e" classname="com.github.traderjoe95.mls.protocol.tree.TreeKem" time="0.001"/>
  <testcase name="the decrypted path secret should be 76bbf3942d90cbfbcdd35dc30adc92d703fafa74d68742b84001d3ff6aaa5d2e" classname="com.github.traderjoe95.mls.protocol.tree.TreeKem" time="0.001"/>
  <testcase name="a new update path generated by the sender should be successfully processed" classname="com.github.traderjoe95.mls.protocol.tree.TreeKem" time="0.002"/>
  <testcase name="the update path should be parent-hash valid" classname="com.github.traderjoe95.mls.protocol.tree.TreeKem" time="0.0"/>
  <testcase name="the tree hash after merging the update path should be 05fb4dbf691e2d23a94ba4987ce2129e38a2ccd9ea1d9027c20552126e188a0e" classname="com.github.traderjoe95.mls.protocol.tree.TreeKem" time="0.0"/>
  <testcase name="the decrypted path secret should be 76bbf3942d90cbfbcdd35dc30adc92d703fafa74d68742b84001d3ff6aaa5d2e" classname="com.github.traderjoe95.mls.protocol.tree.TreeKem" time="0.001"/>
  <testcase name="a new update path generated by the sender should be successfully processed" classname="com.github.traderjoe95.mls.protocol.tree.TreeKem" time="0.001"/>
  <testcase name="the update path should be parent-hash valid" classname="com.github.traderjoe95.mls.protocol.tree.TreeKem" time="0.0"/>
  <testcase name="the tree hash after merging the update path should be 05fb4dbf691e2d23a94ba4987ce2129e38a2ccd9ea1d9027c20552126e188a0e" classname="com.github.traderjoe95.mls.protocol.tree.TreeKem" time="0.001"/>
  <testcase name="the decrypted path secret should be 76bbf3942d90cbfbcdd35dc30adc92d703fafa74d68742b84001d3ff6aaa5d2e" classname="com.github.traderjoe95.mls.protocol.tree.TreeKem" time="0.001"/>
  <testcase name="a new update path generated by the sender should be successfully processed" classname="com.github.traderjoe95.mls.protocol.tree.TreeKem" time="0.002"/>
  <testcase name="the update path should be parent-hash valid" classname="com.github.traderjoe95.mls.protocol.tree.TreeKem" time="0.0"/>
  <testcase name="the tree hash after merging the update path should be 564ec093fa5d54dc8149f21096ae4e6486e0effd7bdc6ce14862a968a83aac29" classname="com.github.traderjoe95.mls.protocol.tree.TreeKem" time="0.001"/>
  <testcase name="the decrypted path secret should be 8875eb68d9caba7ba225447dcf47469aa62c5a1e08710d3088bce8483e0a533e" classname="com.github.traderjoe95.mls.protocol.tree.TreeKem" time="0.001"/>
  <testcase name="a new update path generated by the sender should be successfully processed" classname="com.github.traderjoe95.mls.protocol.tree.TreeKem" time="0.001"/>
  <testcase name="the update path should be parent-hash valid" classname="com.github.traderjoe95.mls.protocol.tree.TreeKem" time="0.0"/>
  <testcase name="the tree hash after merging the update path should be 564ec093fa5d54dc8149f21096ae4e6486e0effd7bdc6ce14862a968a83aac29" classname="com.github.traderjoe95.mls.protocol.tree.TreeKem" time="0.0"/>
  <testcase name="the decrypted path secret should be 8875eb68d9caba7ba225447dcf47469aa62c5a1e08710d3088bce8483e0a533e" classname="com.github.traderjoe95.mls.protocol.tree.TreeKem" time="0.0"/>
  <testcase name="a new update path generated by the sender should be successfully processed" classname="com.github.traderjoe95.mls.protocol.tree.TreeKem" time="0.001"/>
  <testcase name="the update path should be parent-hash valid" classname="com.github.traderjoe95.mls.protocol.tree.TreeKem" time="0.0"/>
  <testcase name="the tree hash after merging the update path should be 564ec093fa5d54dc8149f21096ae4e6486e0effd7bdc6ce14862a968a83aac29" classname="com.github.traderjoe95.mls.protocol.tree.TreeKem" time="0.0"/>
  <testcase name="the decrypted path secret should be 8875eb68d9caba7ba225447dcf47469aa62c5a1e08710d3088bce8483e0a533e" classname="com.github.traderjoe95.mls.protocol.tree.TreeKem" time="0.001"/>
  <testcase name="a new update path generated by the sender should be successfully processed" classname="com.github.traderjoe95.mls.protocol.tree.TreeKem" time="0.001"/>
  <testcase name="the update path should be parent-hash valid" classname="com.github.traderjoe95.mls.protocol.tree.TreeKem" time="0.0"/>
  <testcase name="the tree hash after merging the update path should be 564ec093fa5d54dc8149f21096ae4e6486e0effd7bdc6ce14862a968a83aac29" classname="com.github.traderjoe95.mls.protocol.tree.TreeKem" time="0.001"/>
  <testcase name="the decrypted path secret should be 8875eb68d9caba7ba225447dcf47469aa62c5a1e08710d3088bce8483e0a533e" classname="com.github.traderjoe95.mls.protocol.tree.TreeKem" time="0.001"/>
  <testcase name="a new update path generated by the sender should be successfully processed" classname="com.github.traderjoe95.mls.protocol.tree.TreeKem" time="0.001"/>
  <testcase name="the update path should be parent-hash valid" classname="com.github.traderjoe95.mls.protocol.tree.TreeKem" time="0.001"/>
  <testcase name="the tree hash after merging the update path should be 564ec093fa5d54dc8149f21096ae4e6486e0effd7bdc6ce14862a968a83aac29" classname="com.github.traderjoe95.mls.protocol.tree.TreeKem" time="0.001"/>
  <testcase name="the decrypted path secret should be 57e059c53686f8f12500f99e027780841c11c324db56d1fc51cfa9f03d86b2c3" classname="com.github.traderjoe95.mls.protocol.tree.TreeKem" time="0.001"/>
  <testcase name="a new update path generated by the sender should be successfully processed" classname="com.github.traderjoe95.mls.protocol.tree.TreeKem" time="0.001"/>
  <testcase name="the update path should be parent-hash valid" classname="com.github.traderjoe95.mls.protocol.tree.TreeKem" time="0.0"/>
  <testcase name="the tree hash after merging the update path should be 564ec093fa5d54dc8149f21096ae4e6486e0effd7bdc6ce14862a968a83aac29" classname="com.github.traderjoe95.mls.protocol.tree.TreeKem" time="0.0"/>
  <testcase name="the decrypted path secret should be 96a9b426bf33c8dde9d587b416646b3d6a2629f820842a8d1786a724c9f22750" classname="com.github.traderjoe95.mls.protocol.tree.TreeKem" time="0.001"/>
  <testcase name="a new update path generated by the sender should be successfully processed" classname="com.github.traderjoe95.mls.protocol.tree.TreeKem" time="0.001"/>
  <testcase name="the update path should be parent-hash valid" classname="com.github.traderjoe95.mls.protocol.tree.TreeKem" time="0.0"/>
  <testcase name="the tree hash after merging the update path should be 1c537278d232f30608eb69bda571aedb40d9a5b32d34343730b70e80153951cc" classname="com.github.traderjoe95.mls.protocol.tree.TreeKem" time="0.0"/>
  <testcase name="the decrypted path secret should be e05cb1fbd3800a9a0742b82a8546c809e4e98ccfe6b751bce50a84908eebe73c" classname="com.github.traderjoe95.mls.protocol.tree.TreeKem" time="0.001"/>
  <testcase name="a new update path generated by the sender should be successfully processed" classname="com.github.traderjoe95.mls.protocol.tree.TreeKem" time="0.001"/>
  <testcase name="the update path should be parent-hash valid" classname="com.github.traderjoe95.mls.protocol.tree.TreeKem" time="0.001"/>
  <testcase name="the tree hash after merging the update path should be 1c537278d232f30608eb69bda571aedb40d9a5b32d34343730b70e80153951cc" classname="com.github.traderjoe95.mls.protocol.tree.TreeKem" time="0.001"/>
  <testcase name="the decrypted path secret should be e05cb1fbd3800a9a0742b82a8546c809e4e98ccfe6b751bce50a84908eebe73c" classname="com.github.traderjoe95.mls.protocol.tree.TreeKem" time="0.001"/>
  <testcase name="a new update path generated by the sender should be successfully processed" classname="com.github.traderjoe95.mls.protocol.tree.TreeKem" time="0.001"/>
  <testcase name="the update path should be parent-hash valid" classname="com.github.traderjoe95.mls.protocol.tree.TreeKem" time="0.0"/>
  <testcase name="the tree hash after merging the update path should be 1c537278d232f30608eb69bda571aedb40d9a5b32d34343730b70e80153951cc" classname="com.github.traderjoe95.mls.protocol.tree.TreeKem" time="0.0"/>
  <testcase name="the decrypted path secret should be e05cb1fbd3800a9a0742b82a8546c809e4e98ccfe6b751bce50a84908eebe73c" classname="com.github.traderjoe95.mls.protocol.tree.TreeKem" time="0.0"/>
  <testcase name="a new update path generated by the sender should be successfully processed" classname="com.github.traderjoe95.mls.protocol.tree.TreeKem" time="0.001"/>
  <testcase name="the update path should be parent-hash valid" classname="com.github.traderjoe95.mls.protocol.tree.TreeKem" time="0.0"/>
  <testcase name="the tree hash after merging the update path should be 1c537278d232f30608eb69bda571aedb40d9a5b32d34343730b70e80153951cc" classname="com.github.traderjoe95.mls.protocol.tree.TreeKem" time="0.0"/>
  <testcase name="the decrypted path secret should be e05cb1fbd3800a9a0742b82a8546c809e4e98ccfe6b751bce50a84908eebe73c" classname="com.github.traderjoe95.mls.protocol.tree.TreeKem" time="0.001"/>
  <testcase name="a new update path generated by the sender should be successfully processed" classname="com.github.traderjoe95.mls.protocol.tree.TreeKem" time="0.001"/>
  <testcase name="the update path should be parent-hash valid" classname="com.github.traderjoe95.mls.protocol.tree.TreeKem" time="0.0"/>
  <testcase name="the tree hash after merging the update path should be 1c537278d232f30608eb69bda571aedb40d9a5b32d34343730b70e80153951cc" classname="com.github.traderjoe95.mls.protocol.tree.TreeKem" time="0.001"/>
  <testcase name="the decrypted path secret should be bc37ba0f09c4045ce59e944cbdbe0084554960b6e8618b7a2235ecef8ba21524" classname="com.github.traderjoe95.mls.protocol.tree.TreeKem" time="0.001"/>
  <testcase name="a new update path generated by the sender should be successfully processed" classname="com.github.traderjoe95.mls.protocol.tree.TreeKem" time="0.001"/>
  <testcase name="the update path should be parent-hash valid" classname="com.github.traderjoe95.mls.protocol.tree.TreeKem" time="0.0"/>
  <testcase name="the tree hash after merging the update path should be 1c537278d232f30608eb69bda571aedb40d9a5b32d34343730b70e80153951cc" classname="com.github.traderjoe95.mls.protocol.tree.TreeKem" time="0.0"/>
  <testcase name="the decrypted path secret should be b70d61972fe9e72268c68aeb682bf137c453beb45f22a39e8241a87702f24379" classname="com.github.traderjoe95.mls.protocol.tree.TreeKem" time="0.0"/>
  <testcase name="a new update path generated by the sender should be successfully processed" classname="com.github.traderjoe95.mls.protocol.tree.TreeKem" time="0.001"/>
  <testcase name="the update path should be parent-hash valid" classname="com.github.traderjoe95.mls.protocol.tree.TreeKem" time="0.0"/>
  <testcase name="the tree hash after merging the update path should be ca718f89f94fbcee4b5178278832e71705d657df6fa2349ca81ce403208f102d" classname="com.github.traderjoe95.mls.protocol.tree.TreeKem" time="0.0"/>
  <testcase name="the decrypted path secret should be c6b9f14fc18555da797923aa28e42634e2bfe65317b894dc76d7943776347e7f" classname="com.github.traderjoe95.mls.protocol.tree.TreeKem" time="0.001"/>
  <testcase name="a new update path generated by the sender should be successfully processed" classname="com.github.traderjoe95.mls.protocol.tree.TreeKem" time="0.001"/>
  <testcase name="the update path should be parent-hash valid" classname="com.github.traderjoe95.mls.protocol.tree.TreeKem" time="0.001"/>
  <testcase name="the tree hash after merging the update path should be ca718f89f94fbcee4b5178278832e71705d657df6fa2349ca81ce403208f102d" classname="com.github.traderjoe95.mls.protocol.tree.TreeKem" time="0.0"/>
  <testcase name="the decrypted path secret should be c6b9f14fc18555da797923aa28e42634e2bfe65317b894dc76d7943776347e7f" classname="com.github.traderjoe95.mls.protocol.tree.TreeKem" time="0.001"/>
  <testcase name="a new update path generated by the sender should be successfully processed" classname="com.github.traderjoe95.mls.protocol.tree.TreeKem" time="0.001"/>
  <testcase name="the update path should be parent-hash valid" classname="com.github.traderjoe95.mls.protocol.tree.TreeKem" time="0.0"/>
  <testcase name="the tree hash after merging the update path should be ca718f89f94fbcee4b5178278832e71705d657df6fa2349ca81ce403208f102d" classname="com.github.traderjoe95.mls.protocol.tree.TreeKem" time="0.0"/>
  <testcase name="the decrypted path secret should be c6b9f14fc18555da797923aa28e42634e2bfe65317b894dc76d7943776347e7f" classname="com.github.traderjoe95.mls.protocol.tree.TreeKem" time="0.001"/>
  <testcase name="a new update path generated by the sender should be successfully processed" classname="com.github.traderjoe95.mls.protocol.tree.TreeKem" time="0.001"/>
  <testcase name="the update path should be parent-hash valid" classname="com.github.traderjoe95.mls.protocol.tree.TreeKem" time="0.001"/>
  <testcase name="the tree hash after merging the update path should be ca718f89f94fbcee4b5178278832e71705d657df6fa2349ca81ce403208f102d" classname="com.github.traderjoe95.mls.protocol.tree.TreeKem" time="0.0"/>
  <testcase name="the decrypted path secret should be c6b9f14fc18555da797923aa28e42634e2bfe65317b894dc76d7943776347e7f" classname="com.github.traderjoe95.mls.protocol.tree.TreeKem" time="0.001"/>
  <testcase name="a new update path generated by the sender should be successfully processed" classname="com.github.traderjoe95.mls.protocol.tree.TreeKem" time="0.001"/>
  <testcase name="the update path should be parent-hash valid" classname="com.github.traderjoe95.mls.protocol.tree.TreeKem" time="0.0"/>
  <testcase name="the tree hash after merging the update path should be ca718f89f94fbcee4b5178278832e71705d657df6fa2349ca81ce403208f102d" classname="com.github.traderjoe95.mls.protocol.tree.TreeKem" time="0.0"/>
  <testcase name="the decrypted path secret should be 99759bda0019da93afb77c17cdafe3fd05669e4ec87221a6377b9cd86742a565" classname="com.github.traderjoe95.mls.protocol.tree.TreeKem" time="0.001"/>
  <testcase name="a new update path generated by the sender should be successfully processed" classname="com.github.traderjoe95.mls.protocol.tree.TreeKem" time="0.001"/>
  <testcase name="the update path should be parent-hash valid" classname="com.github.traderjoe95.mls.protocol.tree.TreeKem" time="0.0"/>
  <testcase name="the tree hash after merging the update path should be ca718f89f94fbcee4b5178278832e71705d657df6fa2349ca81ce403208f102d" classname="com.github.traderjoe95.mls.protocol.tree.TreeKem" time="0.0"/>
  <testcase name="the decrypted path secret should be 99759bda0019da93afb77c17cdafe3fd05669e4ec87221a6377b9cd86742a565" classname="com.github.traderjoe95.mls.protocol.tree.TreeKem" time="0.0"/>
  <testcase name="a new update path generated by the sender should be successfully processed" classname="com.github.traderjoe95.mls.protocol.tree.TreeKem" time="0.001"/>
  <testcase name="non-blank leaf 0 should be consistent with the public state" classname="com.github.traderjoe95.mls.protocol.tree.TreeKem" time="0.005"/>
  <testcase name="non-blank leaf 1 should be consistent with the public state" classname="com.github.traderjoe95.mls.protocol.tree.TreeKem" time="0.005"/>
  <testcase name="non-blank leaf 2 should be consistent with the public state" classname="com.github.traderjoe95.mls.protocol.tree.TreeKem" time="0.005"/>
  <testcase name="non-blank leaf 3 should be consistent with the public state" classname="com.github.traderjoe95.mls.protocol.tree.TreeKem" time="0.005"/>
  <testcase name="non-blank leaf 4 should be consistent with the public state" classname="com.github.traderjoe95.mls.protocol.tree.TreeKem" time="0.005"/>
  <testcase name="non-blank leaf 5 should be consistent with the public state" classname="com.github.traderjoe95.mls.protocol.tree.TreeKem" time="0.004"/>
  <testcase name="non-blank leaf 6 should be consistent with the public state" classname="com.github.traderjoe95.mls.protocol.tree.TreeKem" time="0.005"/>
  <testcase name="non-blank leaf 7 should be consistent with the public state" classname="com.github.traderjoe95.mls.protocol.tree.TreeKem" time="0.005"/>
  <testcase name="the update path should be parent-hash valid" classname="com.github.traderjoe95.mls.protocol.tree.TreeKem" time="0.0"/>
  <testcase name="the tree hash after merging the update path should be eec3b1dfce6ce8db0c7bca28ce4862fec2459c7c9ca115f7d0f20e0aab73d117" classname="com.github.traderjoe95.mls.protocol.tree.TreeKem" time="0.0"/>
  <testcase name="the decrypted path secret should be 7b128b910b47ea91b839baf2b570f646cd48ef6c20a8400fb27eecd5f8def841" classname="com.github.traderjoe95.mls.protocol.tree.TreeKem" time="0.001"/>
  <testcase name="a new update path generated by the sender should be successfully processed" classname="com.github.traderjoe95.mls.protocol.tree.TreeKem" time="0.001"/>
  <testcase name="the update path should be parent-hash valid" classname="com.github.traderjoe95.mls.protocol.tree.TreeKem" time="0.001"/>
  <testcase name="the tree hash after merging the update path should be eec3b1dfce6ce8db0c7bca28ce4862fec2459c7c9ca115f7d0f20e0aab73d117" classname="com.github.traderjoe95.mls.protocol.tree.TreeKem" time="0.0"/>
  <testcase name="the decrypted path secret should be a98fd2b839b79df14a9758f9436884e53c5f49875d2f1eab7114d5ae88cdb132" classname="com.github.traderjoe95.mls.protocol.tree.TreeKem" time="0.001"/>
  <testcase name="a new update path generated by the sender should be successfully processed" classname="com.github.traderjoe95.mls.protocol.tree.TreeKem" time="0.001"/>
  <testcase name="the update path should be parent-hash valid" classname="com.github.traderjoe95.mls.protocol.tree.TreeKem" time="0.0"/>
  <testcase name="the tree hash after merging the update path should be eec3b1dfce6ce8db0c7bca28ce4862fec2459c7c9ca115f7d0f20e0aab73d117" classname="com.github.traderjoe95.mls.protocol.tree.TreeKem" time="0.0"/>
  <testcase name="the decrypted path secret should be a98fd2b839b79df14a9758f9436884e53c5f49875d2f1eab7114d5ae88cdb132" classname="com.github.traderjoe95.mls.protocol.tree.TreeKem" time="0.0"/>
  <testcase name="a new update path generated by the sender should be successfully processed" classname="com.github.traderjoe95.mls.protocol.tree.TreeKem" time="0.001"/>
  <testcase name="the update path should be parent-hash valid" classname="com.github.traderjoe95.mls.protocol.tree.TreeKem" time="0.0"/>
  <testcase name="the tree hash after merging the update path should be eec3b1dfce6ce8db0c7bca28ce4862fec2459c7c9ca115f7d0f20e0aab73d117" classname="com.github.traderjoe95.mls.protocol.tree.TreeKem" time="0.0"/>
  <testcase name="the decrypted path secret should be 24c676cca7b196ccbd7d78b47b4ee8a7a22074f764f06a8ea07bffd6e7260db6" classname="com.github.traderjoe95.mls.protocol.tree.TreeKem" time="0.0"/>
  <testcase name="a new update path generated by the sender should be successfully processed" classname="com.github.traderjoe95.mls.protocol.tree.TreeKem" time="0.001"/>
  <testcase name="the update path should be parent-hash valid" classname="com.github.traderjoe95.mls.protocol.tree.TreeKem" time="0.0"/>
  <testcase name="the tree hash after merging the update path should be eec3b1dfce6ce8db0c7bca28ce4862fec2459c7c9ca115f7d0f20e0aab73d117" classname="com.github.traderjoe95.mls.protocol.tree.TreeKem" time="0.0"/>
  <testcase name="the decrypted path secret should be 24c676cca7b196ccbd7d78b47b4ee8a7a22074f764f06a8ea07bffd6e7260db6" classname="com.github.traderjoe95.mls.protocol.tree.TreeKem" time="0.001"/>
  <testcase name="a new update path generated by the sender should be successfully processed" classname="com.github.traderjoe95.mls.protocol.tree.TreeKem" time="0.002"/>
  <testcase name="the update path should be parent-hash valid" classname="com.github.traderjoe95.mls.protocol.tree.TreeKem" time="0.0"/>
  <testcase name="the tree hash after merging the update path should be eec3b1dfce6ce8db0c7bca28ce4862fec2459c7c9ca115f7d0f20e0aab73d117" classname="com.github.traderjoe95.mls.protocol.tree.TreeKem" time="0.0"/>
  <testcase name="the decrypted path secret should be 24c676cca7b196ccbd7d78b47b4ee8a7a22074f764f06a8ea07bffd6e7260db6" classname="com.github.traderjoe95.mls.protocol.tree.TreeKem" time="0.001"/>
  <testcase name="a new update path generated by the sender should be successfully processed" classname="com.github.traderjoe95.mls.protocol.tree.TreeKem" time="0.001"/>
  <testcase name="the update path should be parent-hash valid" classname="com.github.traderjoe95.mls.protocol.tree.TreeKem" time="0.0"/>
  <testcase name="the tree hash after merging the update path should be eec3b1dfce6ce8db0c7bca28ce4862fec2459c7c9ca115f7d0f20e0aab73d117" classname="com.github.traderjoe95.mls.protocol.tree.TreeKem" time="0.001"/>
  <testcase name="the decrypted path secret should be 24c676cca7b196ccbd7d78b47b4ee8a7a22074f764f06a8ea07bffd6e7260db6" classname="com.github.traderjoe95.mls.protocol.tree.TreeKem" time="0.001"/>
  <testcase name="a new update path generated by the sender should be successfully processed" classname="com.github.traderjoe95.mls.protocol.tree.TreeKem" time="0.001"/>
  <testcase name="the update path should be parent-hash valid" classname="com.github.traderjoe95.mls.protocol.tree.TreeKem" time="0.0"/>
  <testcase name="the tree hash after merging the update path should be 7c0616eb06ce0325b0685c220e8fcb5c8972d7e7a297f49fed9fabff7b24d7f0" classname="com.github.traderjoe95.mls.protocol.tree.TreeKem" time="0.0"/>
  <testcase name="the decrypted path secret should be f046928a5c663df8a22b39a360528d167f588e95937373b1295890072fc15cb3" classname="com.github.traderjoe95.mls.protocol.tree.TreeKem" time="0.001"/>
  <testcase name="a new update path generated by the sender should be successfully processed" classname="com.github.traderjoe95.mls.protocol.tree.TreeKem" time="0.001"/>
  <testcase name="the update path should be parent-hash valid" classname="com.github.traderjoe95.mls.protocol.tree.TreeKem" time="0.0"/>
  <testcase name="the tree hash after merging the update path should be 7c0616eb06ce0325b0685c220e8fcb5c8972d7e7a297f49fed9fabff7b24d7f0" classname="com.github.traderjoe95.mls.protocol.tree.TreeKem" time="0.001"/>
  <testcase name="the decrypted path secret should be 08821c03282299ae38fcb595682ec0dd9ca912cfd3858ade00d97f70301cb284" classname="com.github.traderjoe95.mls.protocol.tree.TreeKem" time="0.001"/>
  <testcase name="a new update path generated by the sender should be successfully processed" classname="com.github.traderjoe95.mls.protocol.tree.TreeKem" time="0.001"/>
  <testcase name="the update path should be parent-hash valid" classname="com.github.traderjoe95.mls.protocol.tree.TreeKem" time="0.0"/>
  <testcase name="the tree hash after merging the update path should be 7c0616eb06ce0325b0685c220e8fcb5c8972d7e7a297f49fed9fabff7b24d7f0" classname="com.github.traderjoe95.mls.protocol.tree.TreeKem" time="0.0"/>
  <testcase name="the decrypted path secret should be 08821c03282299ae38fcb595682ec0dd9ca912cfd3858ade00d97f70301cb284" classname="com.github.traderjoe95.mls.protocol.tree.TreeKem" time="0.0"/>
  <testcase name="a new update path generated by the sender should be successfully processed" classname="com.github.traderjoe95.mls.protocol.tree.TreeKem" time="0.001"/>
  <testcase name="the update path should be parent-hash valid" classname="com.github.traderjoe95.mls.protocol.tree.TreeKem" time="0.0"/>
  <testcase name="the tree hash after merging the update path should be 7c0616eb06ce0325b0685c220e8fcb5c8972d7e7a297f49fed9fabff7b24d7f0" classname="com.github.traderjoe95.mls.protocol.tree.TreeKem" time="0.0"/>
  <testcase name="the decrypted path secret should be 8e0046cbc5fb863a7ab752c7adfb75512ad62eb18b8b728952fafc9d16aa58b0" classname="com.github.traderjoe95.mls.protocol.tree.TreeKem" time="0.001"/>
  <testcase name="a new update path generated by the sender should be successfully processed" classname="com.github.traderjoe95.mls.protocol.tree.TreeKem" time="0.001"/>
  <testcase name="the update path should be parent-hash valid" classname="com.github.traderjoe95.mls.protocol.tree.TreeKem" time="0.001"/>
  <testcase name="the tree hash after merging the update path should be 7c0616eb06ce0325b0685c220e8fcb5c8972d7e7a297f49fed9fabff7b24d7f0" classname="com.github.traderjoe95.mls.protocol.tree.TreeKem" time="0.0"/>
  <testcase name="the decrypted path secret should be 8e0046cbc5fb863a7ab752c7adfb75512ad62eb18b8b728952fafc9d16aa58b0" classname="com.github.traderjoe95.mls.protocol.tree.TreeKem" time="0.001"/>
  <testcase name="a new update path generated by the sender should be successfully processed" classname="com.github.traderjoe95.mls.protocol.tree.TreeKem" time="0.002"/>
  <testcase name="the update path should be parent-hash valid" classname="com.github.traderjoe95.mls.protocol.tree.TreeKem" time="0.0"/>
  <testcase name="the tree hash after merging the update path should be 7c0616eb06ce0325b0685c220e8fcb5c8972d7e7a297f49fed9fabff7b24d7f0" classname="com.github.traderjoe95.mls.protocol.tree.TreeKem" time="0.0"/>
  <testcase name="the decrypted path secret should be 8e0046cbc5fb863a7ab752c7adfb75512ad62eb18b8b728952fafc9d16aa58b0" classname="com.github.traderjoe95.mls.protocol.tree.TreeKem" time="0.001"/>
  <testcase name="a new update path generated by the sender should be successfully processed" classname="com.github.traderjoe95.mls.protocol.tree.TreeKem" time="0.008"/>
  <testcase name="the update path should be parent-hash valid" classname="com.github.traderjoe95.mls.protocol.tree.TreeKem" time="0.001"/>
  <testcase name="the tree hash after merging the update path should be 7c0616eb06ce0325b0685c220e8fcb5c8972d7e7a297f49fed9fabff7b24d7f0" classname="com.github.traderjoe95.mls.protocol.tree.TreeKem" time="0.001"/>
  <testcase name="the decrypted path secret should be 8e0046cbc5fb863a7ab752c7adfb75512ad62eb18b8b728952fafc9d16aa58b0" classname="com.github.traderjoe95.mls.protocol.tree.TreeKem" time="0.001"/>
  <testcase name="a new update path generated by the sender should be successfully processed" classname="com.github.traderjoe95.mls.protocol.tree.TreeKem" time="0.001"/>
  <testcase name="the update path should be parent-hash valid" classname="com.github.traderjoe95.mls.protocol.tree.TreeKem" time="0.001"/>
  <testcase name="the tree hash after merging the update path should be 6cee1ec20802b5bc8f23004c700ad261564ba61955c80736c5d9b7f7b54a8e6b" classname="com.github.traderjoe95.mls.protocol.tree.TreeKem" time="0.001"/>
  <testcase name="the decrypted path secret should be 23d3271b22a42dca1f54fba63b7c90a790bb166f2b06d50cfbbe244d763dc9a5" classname="com.github.traderjoe95.mls.protocol.tree.TreeKem" time="0.001"/>
  <testcase name="a new update path generated by the sender should be successfully processed" classname="com.github.traderjoe95.mls.protocol.tree.TreeKem" time="0.001"/>
  <testcase name="the update path should be parent-hash valid" classname="com.github.traderjoe95.mls.protocol.tree.TreeKem" time="0.001"/>
  <testcase name="the tree hash after merging the update path should be 6cee1ec20802b5bc8f23004c700ad261564ba61955c80736c5d9b7f7b54a8e6b" classname="com.github.traderjoe95.mls.protocol.tree.TreeKem" time="0.001"/>
  <testcase name="the decrypted path secret should be 23d3271b22a42dca1f54fba63b7c90a790bb166f2b06d50cfbbe244d763dc9a5" classname="com.github.traderjoe95.mls.protocol.tree.TreeKem" time="0.001"/>
  <testcase name="a new update path generated by the sender should be successfully processed" classname="com.github.traderjoe95.mls.protocol.tree.TreeKem" time="0.001"/>
  <testcase name="the update path should be parent-hash valid" classname="com.github.traderjoe95.mls.protocol.tree.TreeKem" time="0.0"/>
  <testcase name="the tree hash after merging the update path should be 6cee1ec20802b5bc8f23004c700ad261564ba61955c80736c5d9b7f7b54a8e6b" classname="com.github.traderjoe95.mls.protocol.tree.TreeKem" time="0.0"/>
  <testcase name="the decrypted path secret should be e4b059da3b76adaf73af3cf06d01c0462b0f3fd2c1cca236c85ee54d3489cf22" classname="com.github.traderjoe95.mls.protocol.tree.TreeKem" time="0.0"/>
  <testcase name="a new update path generated by the sender should be successfully processed" classname="com.github.traderjoe95.mls.protocol.tree.TreeKem" time="0.001"/>
  <testcase name="the update path should be parent-hash valid" classname="com.github.traderjoe95.mls.protocol.tree.TreeKem" time="0.0"/>
  <testcase name="the tree hash after merging the update path should be 6cee1ec20802b5bc8f23004c700ad261564ba61955c80736c5d9b7f7b54a8e6b" classname="com.github.traderjoe95.mls.protocol.tree.TreeKem" time="0.001"/>
  <testcase name="the decrypted path secret should be 1849bcb34189591e3de297677a2fd30a045f919122a346048c0b61eccd5c7e47" classname="com.github.traderjoe95.mls.protocol.tree.TreeKem" time="0.001"/>
  <testcase name="a new update path generated by the sender should be successfully processed" classname="com.github.traderjoe95.mls.protocol.tree.TreeKem" time="0.001"/>
  <testcase name="the update path should be parent-hash valid" classname="com.github.traderjoe95.mls.protocol.tree.TreeKem" time="0.001"/>
  <testcase name="the tree hash after merging the update path should be 6cee1ec20802b5bc8f23004c700ad261564ba61955c80736c5d9b7f7b54a8e6b" classname="com.github.traderjoe95.mls.protocol.tree.TreeKem" time="0.0"/>
  <testcase name="the decrypted path secret should be 1849bcb34189591e3de297677a2fd30a045f919122a346048c0b61eccd5c7e47" classname="com.github.traderjoe95.mls.protocol.tree.TreeKem" time="0.001"/>
  <testcase name="a new update path generated by the sender should be successfully processed" classname="com.github.traderjoe95.mls.protocol.tree.TreeKem" time="0.001"/>
  <testcase name="the update path should be parent-hash valid" classname="com.github.traderjoe95.mls.protocol.tree.TreeKem" time="0.0"/>
  <testcase name="the tree hash after merging the update path should be 6cee1ec20802b5bc8f23004c700ad261564ba61955c80736c5d9b7f7b54a8e6b" classname="com.github.traderjoe95.mls.protocol.tree.TreeKem" time="0.0"/>
  <testcase name="the decrypted path secret should be 1849bcb34189591e3de297677a2fd30a045f919122a346048c0b61eccd5c7e47" classname="com.github.traderjoe95.mls.protocol.tree.TreeKem" time="0.001"/>
  <testcase name="a new update path generated by the sender should be successfully processed" classname="com.github.traderjoe95.mls.protocol.tree.TreeKem" time="0.001"/>
  <testcase name="the update path should be parent-hash valid" classname="com.github.traderjoe95.mls.protocol.tree.TreeKem" time="0.001"/>
  <testcase name="the tree hash after merging the update path should be 6cee1ec20802b5bc8f23004c700ad261564ba61955c80736c5d9b7f7b54a8e6b" classname="com.github.traderjoe95.mls.protocol.tree.TreeKem" time="0.001"/>
  <testcase name="the decrypted path secret should be 1849bcb34189591e3de297677a2fd30a045f919122a346048c0b61eccd5c7e47" classname="com.github.traderjoe95.mls.protocol.tree.TreeKem" time="0.001"/>
  <testcase name="a new update path generated by the sender should be successfully processed" classname="com.github.traderjoe95.mls.protocol.tree.TreeKem" time="0.001"/>
  <testcase name="the update path should be parent-hash valid" classname="com.github.traderjoe95.mls.protocol.tree.TreeKem" time="0.001"/>
  <testcase name="the tree hash after merging the update path should be 377211d3024f10a093c3adb1bd69ed5169cf52c35208d21f2454941fe99b885e" classname="com.github.traderjoe95.mls.protocol.tree.TreeKem" time="0.0"/>
  <testcase name="the decrypted path secret should be d384ec508833cc127aa71ae30e7192c6e50e9661216fb70f30951e04c86f1682" classname="com.github.traderjoe95.mls.protocol.tree.TreeKem" time="0.001"/>
  <testcase name="a new update path generated by the sender should be successfully processed" classname="com.github.traderjoe95.mls.protocol.tree.TreeKem" time="0.001"/>
  <testcase name="the update path should be parent-hash valid" classname="com.github.traderjoe95.mls.protocol.tree.TreeKem" time="0.001"/>
  <testcase name="the tree hash after merging the update path should be 377211d3024f10a093c3adb1bd69ed5169cf52c35208d21f2454941fe99b885e" classname="com.github.traderjoe95.mls.protocol.tree.TreeKem" time="0.0"/>
  <testcase name="the decrypted path secret should be d384ec508833cc127aa71ae30e7192c6e50e9661216fb70f30951e04c86f1682" classname="com.github.traderjoe95.mls.protocol.tree.TreeKem" time="0.001"/>
  <testcase name="a new update path generated by the sender should be successfully processed" classname="com.github.traderjoe95.mls.protocol.tree.TreeKem" time="0.001"/>
  <testcase name="the update path should be parent-hash valid" classname="com.github.traderjoe95.mls.protocol.tree.TreeKem" time="0.0"/>
  <testcase name="the tree hash after merging the update path should be 377211d3024f10a093c3adb1bd69ed5169cf52c35208d21f2454941fe99b885e" classname="com.github.traderjoe95.mls.protocol.tree.TreeKem" time="0.0"/>
  <testcase name="the decrypted path secret should be 04b7667066f4c83c8b894d226ae7d26146c687dcf735756d3eeb1fa4bd10a278" classname="com.github.traderjoe95.mls.protocol.tree.TreeKem" time="0.0"/>
  <testcase name="a new update path generated by the sender should be successfully processed" classname="com.github.traderjoe95.mls.protocol.tree.TreeKem" time="0.001"/>
  <testcase name="the update path should be parent-hash valid" classname="com.github.traderjoe95.mls.protocol.tree.TreeKem" time="0.0"/>
  <testcase name="the tree hash after merging the update path should be 377211d3024f10a093c3adb1bd69ed5169cf52c35208d21f2454941fe99b885e" classname="com.github.traderjoe95.mls.protocol.tree.TreeKem" time="0.001"/>
  <testcase name="the decrypted path secret should be cfe8f5345d39c29bcc89ca002bf1d10abd077fd98de5df606dbf9cfb834fd758" classname="com.github.traderjoe95.mls.protocol.tree.TreeKem" time="0.001"/>
  <testcase name="a new update path generated by the sender should be successfully processed" classname="com.github.traderjoe95.mls.protocol.tree.TreeKem" time="0.001"/>
  <testcase name="the update path should be parent-hash valid" classname="com.github.traderjoe95.mls.protocol.tree.TreeKem" time="0.0"/>
  <testcase name="the tree hash after merging the update path should be 377211d3024f10a093c3adb1bd69ed5169cf52c35208d21f2454941fe99b885e" classname="com.github.traderjoe95.mls.protocol.tree.TreeKem" time="0.0"/>
  <testcase name="the decrypted path secret should be cfe8f5345d39c29bcc89ca002bf1d10abd077fd98de5df606dbf9cfb834fd758" classname="com.github.traderjoe95.mls.protocol.tree.TreeKem" time="0.001"/>
  <testcase name="a new update path generated by the sender should be successfully processed" classname="com.github.traderjoe95.mls.protocol.tree.TreeKem" time="0.001"/>
  <testcase name="the update path should be parent-hash valid" classname="com.github.traderjoe95.mls.protocol.tree.TreeKem" time="0.001"/>
  <testcase name="the tree hash after merging the update path should be 377211d3024f10a093c3adb1bd69ed5169cf52c35208d21f2454941fe99b885e" classname="com.github.traderjoe95.mls.protocol.tree.TreeKem" time="0.0"/>
  <testcase name="the decrypted path secret should be cfe8f5345d39c29bcc89ca002bf1d10abd077fd98de5df606dbf9cfb834fd758" classname="com.github.traderjoe95.mls.protocol.tree.TreeKem" time="0.001"/>
  <testcase name="a new update path generated by the sender should be successfully processed" classname="com.github.traderjoe95.mls.protocol.tree.TreeKem" time="0.001"/>
  <testcase name="the update path should be parent-hash valid" classname="com.github.traderjoe95.mls.protocol.tree.TreeKem" time="0.0"/>
  <testcase name="the tree hash after merging the update path should be 377211d3024f10a093c3adb1bd69ed5169cf52c35208d21f2454941fe99b885e" classname="com.github.traderjoe95.mls.protocol.tree.TreeKem" time="0.001"/>
  <testcase name="the decrypted path secret should be cfe8f5345d39c29bcc89ca002bf1d10abd077fd98de5df606dbf9cfb834fd758" classname="com.github.traderjoe95.mls.protocol.tree.TreeKem" time="0.0"/>
  <testcase name="a new update path generated by the sender should be successfully processed" classname="com.github.traderjoe95.mls.protocol.tree.TreeKem" time="0.002"/>
  <testcase name="the update path should be parent-hash valid" classname="com.github.traderjoe95.mls.protocol.tree.TreeKem" time="0.0"/>
  <testcase name="the tree hash after merging the update path should be 48a6bd5d4ca5040fc0ee480cfa03c08cf27694b6d3d0831a8cb9e1e07da50c69" classname="com.github.traderjoe95.mls.protocol.tree.TreeKem" time="0.0"/>
  <testcase name="the decrypted path secret should be 018cce7e26d88a1673b80a896fc31ad521710b89aacc8a516d7e284aeffe92b6" classname="com.github.traderjoe95.mls.protocol.tree.TreeKem" time="0.001"/>
  <testcase name="a new update path generated by the sender should be successfully processed" classname="com.github.traderjoe95.mls.protocol.tree.TreeKem" time="0.001"/>
  <testcase name="the update path should be parent-hash valid" classname="com.github.traderjoe95.mls.protocol.tree.TreeKem" time="0.0"/>
  <testcase name="the tree hash after merging the update path should be 48a6bd5d4ca5040fc0ee480cfa03c08cf27694b6d3d0831a8cb9e1e07da50c69" classname="com.github.traderjoe95.mls.protocol.tree.TreeKem" time="0.0"/>
  <testcase name="the decrypted path secret should be 018cce7e26d88a1673b80a896fc31ad521710b89aacc8a516d7e284aeffe92b6" classname="com.github.traderjoe95.mls.protocol.tree.TreeKem" time="0.0"/>
  <testcase name="a new update path generated by the sender should be successfully processed" classname="com.github.traderjoe95.mls.protocol.tree.TreeKem" time="0.001"/>
  <testcase name="the update path should be parent-hash valid" classname="com.github.traderjoe95.mls.protocol.tree.TreeKem" time="0.0"/>
  <testcase name="the tree hash after merging the update path should be 48a6bd5d4ca5040fc0ee480cfa03c08cf27694b6d3d0831a8cb9e1e07da50c69" classname="com.github.traderjoe95.mls.protocol.tree.TreeKem" time="0.001"/>
  <testcase name="the decrypted path secret should be 018cce7e26d88a1673b80a896fc31ad521710b89aacc8a516d7e284aeffe92b6" classname="com.github.traderjoe95.mls.protocol.tree.TreeKem" time="0.0"/>
  <testcase name="a new update path generated by the sender should be successfully processed" classname="com.github.traderjoe95.mls.protocol.tree.TreeKem" time="0.001"/>
  <testcase name="the update path should be parent-hash valid" classname="com.github.traderjoe95.mls.protocol.tree.TreeKem" time="0.0"/>
  <testcase name="the tree hash after merging the update path should be 48a6bd5d4ca5040fc0ee480cfa03c08cf27694b6d3d0831a8cb9e1e07da50c69" classname="com.github.traderjoe95.mls.protocol.tree.TreeKem" time="0.0"/>
  <testcase name="the decrypted path secret should be 018cce7e26d88a1673b80a896fc31ad521710b89aacc8a516d7e284aeffe92b6" classname="com.github.traderjoe95.mls.protocol.tree.TreeKem" time="0.001"/>
  <testcase name="a new update path generated by the sender should be successfully processed" classname="com.github.traderjoe95.mls.protocol.tree.TreeKem" time="0.001"/>
  <testcase name="the update path should be parent-hash valid" classname="com.github.traderjoe95.mls.protocol.tree.TreeKem" time="0.0"/>
  <testcase name="the tree hash after merging the update path should be 48a6bd5d4ca5040fc0ee480cfa03c08cf27694b6d3d0831a8cb9e1e07da50c69" classname="com.github.traderjoe95.mls.protocol.tree.TreeKem" time="0.001"/>
  <testcase name="the decrypted path secret should be a89f08288e4cf4b41e2043e514cf78b8014218abea0ae532bb6d563afa7bc8ba" classname="com.github.traderjoe95.mls.protocol.tree.TreeKem" time="0.001"/>
  <testcase name="a new update path generated by the sender should be successfully processed" classname="com.github.traderjoe95.mls.protocol.tree.TreeKem" time="0.001"/>
  <testcase name="the update path should be parent-hash valid" classname="com.github.traderjoe95.mls.protocol.tree.TreeKem" time="0.0"/>
  <testcase name="the tree hash after merging the update path should be 48a6bd5d4ca5040fc0ee480cfa03c08cf27694b6d3d0831a8cb9e1e07da50c69" classname="com.github.traderjoe95.mls.protocol.tree.TreeKem" time="0.0"/>
  <testcase name="the decrypted path secret should be 56cf452aa7275a07020718a7a5d8e4a99c9ade386bdfc609a58ea6ce678172b3" classname="com.github.traderjoe95.mls.protocol.tree.TreeKem" time="0.0"/>
  <testcase name="a new update path generated by the sender should be successfully processed" classname="com.github.traderjoe95.mls.protocol.tree.TreeKem" time="0.001"/>
  <testcase name="the update path should be parent-hash valid" classname="com.github.traderjoe95.mls.protocol.tree.TreeKem" time="0.0"/>
  <testcase name="the tree hash after merging the update path should be 48a6bd5d4ca5040fc0ee480cfa03c08cf27694b6d3d0831a8cb9e1e07da50c69" classname="com.github.traderjoe95.mls.protocol.tree.TreeKem" time="0.001"/>
  <testcase name="the decrypted path secret should be 56cf452aa7275a07020718a7a5d8e4a99c9ade386bdfc609a58ea6ce678172b3" classname="com.github.traderjoe95.mls.protocol.tree.TreeKem" time="0.001"/>
  <testcase name="a new update path generated by the sender should be successfully processed" classname="com.github.traderjoe95.mls.protocol.tree.TreeKem" time="0.001"/>
  <testcase name="the update path should be parent-hash valid" classname="com.github.traderjoe95.mls.protocol.tree.TreeKem" time="0.0"/>
  <testcase name="the tree hash after merging the update path should be 3c268e4fb27fa0461d4c5d0e97cc9fe7b54546caa4e187e4bf0d1d874fefa70c" classname="com.github.traderjoe95.mls.protocol.tree.TreeKem" time="0.001"/>
  <testcase name="the decrypted path secret should be 0d79c4ad1b2f15a54d7e9501881cffce09414e94d1e7e47773e11d1c2887519a" classname="com.github.traderjoe95.mls.protocol.tree.TreeKem" time="0.001"/>
  <testcase name="a new update path generated by the sender should be successfully processed" classname="com.github.traderjoe95.mls.protocol.tree.TreeKem" time="0.001"/>
  <testcase name="the update path should be parent-hash valid" classname="com.github.traderjoe95.mls.protocol.tree.TreeKem" time="0.0"/>
  <testcase name="the tree hash after merging the update path should be 3c268e4fb27fa0461d4c5d0e97cc9fe7b54546caa4e187e4bf0d1d874fefa70c" classname="com.github.traderjoe95.mls.protocol.tree.TreeKem" time="0.001"/>
  <testcase name="the decrypted path secret should be 0d79c4ad1b2f15a54d7e9501881cffce09414e94d1e7e47773e11d1c2887519a" classname="com.github.traderjoe95.mls.protocol.tree.TreeKem" time="0.001"/>
  <testcase name="a new update path generated by the sender should be successfully processed" classname="com.github.traderjoe95.mls.protocol.tree.TreeKem" time="0.001"/>
  <testcase name="the update path should be parent-hash valid" classname="com.github.traderjoe95.mls.protocol.tree.TreeKem" time="0.0"/>
  <testcase name="the tree hash after merging the update path should be 3c268e4fb27fa0461d4c5d0e97cc9fe7b54546caa4e187e4bf0d1d874fefa70c" classname="com.github.traderjoe95.mls.protocol.tree.TreeKem" time="0.0"/>
  <testcase name="the decrypted path secret should be 0d79c4ad1b2f15a54d7e9501881cffce09414e94d1e7e47773e11d1c2887519a" classname="com.github.traderjoe95.mls.protocol.tree.TreeKem" time="0.0"/>
  <testcase name="a new update path generated by the sender should be successfully processed" classname="com.github.traderjoe95.mls.protocol.tree.TreeKem" time="0.001"/>
  <testcase name="the update path should be parent-hash valid" classname="com.github.traderjoe95.mls.protocol.tree.TreeKem" time="0.001"/>
  <testcase name="the tree hash after merging the update path should be 3c268e4fb27fa0461d4c5d0e97cc9fe7b54546caa4e187e4bf0d1d874fefa70c" classname="com.github.traderjoe95.mls.protocol.tree.TreeKem" time="0.001"/>
  <testcase name="the decrypted path secret should be 0d79c4ad1b2f15a54d7e9501881cffce09414e94d1e7e47773e11d1c2887519a" classname="com.github.traderjoe95.mls.protocol.tree.TreeKem" time="0.001"/>
  <testcase name="a new update path generated by the sender should be successfully processed" classname="com.github.traderjoe95.mls.protocol.tree.TreeKem" time="0.001"/>
  <testcase name="the update path should be parent-hash valid" classname="com.github.traderjoe95.mls.protocol.tree.TreeKem" time="0.001"/>
  <testcase name="the tree hash after merging the update path should be 3c268e4fb27fa0461d4c5d0e97cc9fe7b54546caa4e187e4bf0d1d874fefa70c" classname="com.github.traderjoe95.mls.protocol.tree.TreeKem" time="0.0"/>
  <testcase name="the decrypted path secret should be f825256e752c9b37478ac004d934496a50bec8e1c3191c3fd8aefdebdc15a774" classname="com.github.traderjoe95.mls.protocol.tree.TreeKem" time="0.001"/>
  <testcase name="a new update path generated by the sender should be successfully processed" classname="com.github.traderjoe95.mls.protocol.tree.TreeKem" time="0.001"/>
  <testcase name="the update path should be parent-hash valid" classname="com.github.traderjoe95.mls.protocol.tree.TreeKem" time="0.0"/>
  <testcase name="the tree hash after merging the update path should be 3c268e4fb27fa0461d4c5d0e97cc9fe7b54546caa4e187e4bf0d1d874fefa70c" classname="com.github.traderjoe95.mls.protocol.tree.TreeKem" time="0.0"/>
  <testcase name="the decrypted path secret should be cb87a2ba798f3f89af9c5053401a816675c2f97d43fd4f8451f689330570251f" classname="com.github.traderjoe95.mls.protocol.tree.TreeKem" time="0.001"/>
  <testcase name="a new update path generated by the sender should be successfully processed" classname="com.github.traderjoe95.mls.protocol.tree.TreeKem" time="0.001"/>
  <testcase name="the update path should be parent-hash valid" classname="com.github.traderjoe95.mls.protocol.tree.TreeKem" time="0.0"/>
  <testcase name="the tree hash after merging the update path should be 3c268e4fb27fa0461d4c5d0e97cc9fe7b54546caa4e187e4bf0d1d874fefa70c" classname="com.github.traderjoe95.mls.protocol.tree.TreeKem" time="0.0"/>
  <testcase name="the decrypted path secret should be cb87a2ba798f3f89af9c5053401a816675c2f97d43fd4f8451f689330570251f" classname="com.github.traderjoe95.mls.protocol.tree.TreeKem" time="0.001"/>
  <testcase name="a new update path generated by the sender should be successfully processed" classname="com.github.traderjoe95.mls.protocol.tree.TreeKem" time="0.001"/>
  <testcase name="the update path should be parent-hash valid" classname="com.github.traderjoe95.mls.protocol.tree.TreeKem" time="0.0"/>
  <testcase name="the tree hash after merging the update path should be a888f7e3aecdc37c8deb8b60ad6e8a5064a18a39174cc3447cb6ac6759439e65" classname="com.github.traderjoe95.mls.protocol.tree.TreeKem" time="0.0"/>
  <testcase name="the decrypted path secret should be ae9f0d5d9e0dba3d9f49e2454c4ba1032818038096b10e29d22e927b2e3e6504" classname="com.github.traderjoe95.mls.protocol.tree.TreeKem" time="0.001"/>
  <testcase name="a new update path generated by the sender should be successfully processed" classname="com.github.traderjoe95.mls.protocol.tree.TreeKem" time="0.001"/>
  <testcase name="the update path should be parent-hash valid" classname="com.github.traderjoe95.mls.protocol.tree.TreeKem" time="0.0"/>
  <testcase name="the tree hash after merging the update path should be a888f7e3aecdc37c8deb8b60ad6e8a5064a18a39174cc3447cb6ac6759439e65" classname="com.github.traderjoe95.mls.protocol.tree.TreeKem" time="0.0"/>
  <testcase name="the decrypted path secret should be ae9f0d5d9e0dba3d9f49e2454c4ba1032818038096b10e29d22e927b2e3e6504" classname="com.github.traderjoe95.mls.protocol.tree.TreeKem" time="0.001"/>
  <testcase name="a new update path generated by the sender should be successfully processed" classname="com.github.traderjoe95.mls.protocol.tree.TreeKem" time="0.001"/>
  <testcase name="the update path should be parent-hash valid" classname="com.github.traderjoe95.mls.protocol.tree.TreeKem" time="0.0"/>
  <testcase name="the tree hash after merging the update path should be a888f7e3aecdc37c8deb8b60ad6e8a5064a18a39174cc3447cb6ac6759439e65" classname="com.github.traderjoe95.mls.protocol.tree.TreeKem" time="0.0"/>
  <testcase name="the decrypted path secret should be ae9f0d5d9e0dba3d9f49e2454c4ba1032818038096b10e29d22e927b2e3e6504" classname="com.github.traderjoe95.mls.protocol.tree.TreeKem" time="0.001"/>
  <testcase name="a new update path generated by the sender should be successfully processed" classname="com.github.traderjoe95.mls.protocol.tree.TreeKem" time="0.001"/>
  <testcase name="the update path should be parent-hash valid" classname="com.github.traderjoe95.mls.protocol.tree.TreeKem" time="0.0"/>
  <testcase name="the tree hash after merging the update path should be a888f7e3aecdc37c8deb8b60ad6e8a5064a18a39174cc3447cb6ac6759439e65" classname="com.github.traderjoe95.mls.protocol.tree.TreeKem" time="0.0"/>
  <testcase name="the decrypted path secret should be ae9f0d5d9e0dba3d9f49e2454c4ba1032818038096b10e29d22e927b2e3e6504" classname="com.github.traderjoe95.mls.protocol.tree.TreeKem" time="0.0"/>
  <testcase name="a new update path generated by the sender should be successfully processed" classname="com.github.traderjoe95.mls.protocol.tree.TreeKem" time="0.001"/>
  <testcase name="the update path should be parent-hash valid" classname="com.github.traderjoe95.mls.protocol.tree.TreeKem" time="0.0"/>
  <testcase name="the tree hash after merging the update path should be a888f7e3aecdc37c8deb8b60ad6e8a5064a18a39174cc3447cb6ac6759439e65" classname="com.github.traderjoe95.mls.protocol.tree.TreeKem" time="0.0"/>
  <testcase name="the decrypted path secret should be a3b8f45d213907748bf5eb8c9ecdb03daa61db4084809a79961a6ed840df839f" classname="com.github.traderjoe95.mls.protocol.tree.TreeKem" time="0.001"/>
  <testcase name="a new update path generated by the sender should be successfully processed" classname="com.github.traderjoe95.mls.protocol.tree.TreeKem" time="0.001"/>
  <testcase name="the update path should be parent-hash valid" classname="com.github.traderjoe95.mls.protocol.tree.TreeKem" time="0.0"/>
  <testcase name="the tree hash after merging the update path should be a888f7e3aecdc37c8deb8b60ad6e8a5064a18a39174cc3447cb6ac6759439e65" classname="com.github.traderjoe95.mls.protocol.tree.TreeKem" time="0.0"/>
  <testcase name="the decrypted path secret should be a3b8f45d213907748bf5eb8c9ecdb03daa61db4084809a79961a6ed840df839f" classname="com.github.traderjoe95.mls.protocol.tree.TreeKem" time="0.0"/>
  <testcase name="a new update path generated by the sender should be successfully processed" classname="com.github.traderjoe95.mls.protocol.tree.TreeKem" time="0.001"/>
  <testcase name="the update path should be parent-hash valid" classname="com.github.traderjoe95.mls.protocol.tree.TreeKem" time="0.0"/>
  <testcase name="the tree hash after merging the update path should be a888f7e3aecdc37c8deb8b60ad6e8a5064a18a39174cc3447cb6ac6759439e65" classname="com.github.traderjoe95.mls.protocol.tree.TreeKem" time="0.0"/>
  <testcase name="the decrypted path secret should be 75e4d50c1000c23f464fd35ec4ed26d2c5e898474f0c2a0da84d5401f73ea707" classname="com.github.traderjoe95.mls.protocol.tree.TreeKem" time="0.0"/>
  <testcase name="a new update path generated by the sender should be successfully processed" classname="com.github.traderjoe95.mls.protocol.tree.TreeKem" time="0.001"/>
  <testcase name="the update path should be parent-hash valid" classname="com.github.traderjoe95.mls.protocol.tree.TreeKem" time="0.001"/>
  <testcase name="the tree hash after merging the update path should be 52579d5e9883449becaf7520b179443b3aa99fdc6a9a95c45c8535a2fc9482ae" classname="com.github.traderjoe95.mls.protocol.tree.TreeKem" time="0.0"/>
  <testcase name="the decrypted path secret should be 61884e9f39d61e08f81d579d224eab583d423e1967f4f9188a8c7338689a5ee6" classname="com.github.traderjoe95.mls.protocol.tree.TreeKem" time="0.001"/>
  <testcase name="a new update path generated by the sender should be successfully processed" classname="com.github.traderjoe95.mls.protocol.tree.TreeKem" time="0.001"/>
  <testcase name="the update path should be parent-hash valid" classname="com.github.traderjoe95.mls.protocol.tree.TreeKem" time="0.0"/>
  <testcase name="the tree hash after merging the update path should be 52579d5e9883449becaf7520b179443b3aa99fdc6a9a95c45c8535a2fc9482ae" classname="com.github.traderjoe95.mls.protocol.tree.TreeKem" time="0.001"/>
  <testcase name="the decrypted path secret should be 61884e9f39d61e08f81d579d224eab583d423e1967f4f9188a8c7338689a5ee6" classname="com.github.traderjoe95.mls.protocol.tree.TreeKem" time="0.001"/>
  <testcase name="a new update path generated by the sender should be successfully processed" classname="com.github.traderjoe95.mls.protocol.tree.TreeKem" time="0.002"/>
  <testcase name="the update path should be parent-hash valid" classname="com.github.traderjoe95.mls.protocol.tree.TreeKem" time="0.0"/>
  <testcase name="the tree hash after merging the update path should be 52579d5e9883449becaf7520b179443b3aa99fdc6a9a95c45c8535a2fc9482ae" classname="com.github.traderjoe95.mls.protocol.tree.TreeKem" time="0.001"/>
  <testcase name="the decrypted path secret should be 61884e9f39d61e08f81d579d224eab583d423e1967f4f9188a8c7338689a5ee6" classname="com.github.traderjoe95.mls.protocol.tree.TreeKem" time="0.001"/>
  <testcase name="a new update path generated by the sender should be successfully processed" classname="com.github.traderjoe95.mls.protocol.tree.TreeKem" time="0.001"/>
  <testcase name="the update path should be parent-hash valid" classname="com.github.traderjoe95.mls.protocol.tree.TreeKem" time="0.001"/>
  <testcase name="the tree hash after merging the update path should be 52579d5e9883449becaf7520b179443b3aa99fdc6a9a95c45c8535a2fc9482ae" classname="com.github.traderjoe95.mls.protocol.tree.TreeKem" time="0.001"/>
  <testcase name="the decrypted path secret should be 61884e9f39d61e08f81d579d224eab583d423e1967f4f9188a8c7338689a5ee6" classname="com.github.traderjoe95.mls.protocol.tree.TreeKem" time="0.001"/>
  <testcase name="a new update path generated by the sender should be successfully processed" classname="com.github.traderjoe95.mls.protocol.tree.TreeKem" time="0.001"/>
  <testcase name="the update path should be parent-hash valid" classname="com.github.traderjoe95.mls.protocol.tree.TreeKem" time="0.0"/>
  <testcase name="the tree hash after merging the update path should be 52579d5e9883449becaf7520b179443b3aa99fdc6a9a95c45c8535a2fc9482ae" classname="com.github.traderjoe95.mls.protocol.tree.TreeKem" time="0.0"/>
  <testcase name="the decrypted path secret should be 33e991f03684e63ef660d06c184730aa114beca75935860ac592f9f15c5022b0" classname="com.github.traderjoe95.mls.protocol.tree.TreeKem" time="0.0"/>
  <testcase name="a new update path generated by the sender should be successfully processed" classname="com.github.traderjoe95.mls.protocol.tree.TreeKem" time="0.001"/>
  <testcase name="the update path should be parent-hash valid" classname="com.github.traderjoe95.mls.protocol.tree.TreeKem" time="0.0"/>
  <testcase name="the tree hash after merging the update path should be 52579d5e9883449becaf7520b179443b3aa99fdc6a9a95c45c8535a2fc9482ae" classname="com.github.traderjoe95.mls.protocol.tree.TreeKem" time="0.001"/>
  <testcase name="the decrypted path secret should be 33e991f03684e63ef660d06c184730aa114beca75935860ac592f9f15c5022b0" classname="com.github.traderjoe95.mls.protocol.tree.TreeKem" time="0.001"/>
  <testcase name="a new update path generated by the sender should be successfully processed" classname="com.github.traderjoe95.mls.protocol.tree.TreeKem" time="0.001"/>
  <testcase name="the update path should be parent-hash valid" classname="com.github.traderjoe95.mls.protocol.tree.TreeKem" time="0.001"/>
  <testcase name="the tree hash after merging the update path should be 52579d5e9883449becaf7520b179443b3aa99fdc6a9a95c45c8535a2fc9482ae" classname="com.github.traderjoe95.mls.protocol.tree.TreeKem" time="0.0"/>
  <testcase name="the decrypted path secret should be 674e8ea8fa0c72ceebc029cb25d9e8c4471243b4ff482eaee84b18944a9446ac" classname="com.github.traderjoe95.mls.protocol.tree.TreeKem" time="0.001"/>
  <testcase name="a new update path generated by the sender should be successfully processed" classname="com.github.traderjoe95.mls.protocol.tree.TreeKem" time="0.001"/>
  <testcase name="non-blank leaf 0 should be consistent with the public state" classname="com.github.traderjoe95.mls.protocol.tree.TreeKem" time="0.005"/>
  <testcase name="non-blank leaf 1 should be consistent with the public state" classname="com.github.traderjoe95.mls.protocol.tree.TreeKem" time="0.004"/>
  <testcase name="non-blank leaf 2 should be consistent with the public state" classname="com.github.traderjoe95.mls.protocol.tree.TreeKem" time="0.003"/>
  <testcase name="non-blank leaf 4 should be consistent with the public state" classname="com.github.traderjoe95.mls.protocol.tree.TreeKem" time="0.004"/>
  <testcase name="non-blank leaf 5 should be consistent with the public state" classname="com.github.traderjoe95.mls.protocol.tree.TreeKem" time="0.006"/>
  <testcase name="non-blank leaf 6 should be consistent with the public state" classname="com.github.traderjoe95.mls.protocol.tree.TreeKem" time="0.005"/>
  <testcase name="non-blank leaf 7 should be consistent with the public state" classname="com.github.traderjoe95.mls.protocol.tree.TreeKem" time="0.004"/>
  <testcase name="the update path should be parent-hash valid" classname="com.github.traderjoe95.mls.protocol.tree.TreeKem" time="0.0"/>
  <testcase name="the tree hash after merging the update path should be c9fb8b152cbd53ccc3700f48074abfc762b65bb3cca64fc86efeca520c9f690e" classname="com.github.traderjoe95.mls.protocol.tree.TreeKem" time="0.0"/>
  <testcase name="the decrypted path secret should be 568c06e33189eae1626444a9fbc41316effb26b10b608b6c3b2bed71e1b83b65" classname="com.github.traderjoe95.mls.protocol.tree.TreeKem" time="0.001"/>
  <testcase name="a new update path generated by the sender should be successfully processed" classname="com.github.traderjoe95.mls.protocol.tree.TreeKem" time="0.001"/>
  <testcase name="the update path should be parent-hash valid" classname="com.github.traderjoe95.mls.protocol.tree.TreeKem" time="0.0"/>
  <testcase name="the tree hash after merging the update path should be c9fb8b152cbd53ccc3700f48074abfc762b65bb3cca64fc86efeca520c9f690e" classname="com.github.traderjoe95.mls.protocol.tree.TreeKem" time="0.001"/>
  <testcase name="the decrypted path secret should be 1f63c515598ae138167d2a240f9a2b8a959a60825a79a4dd2959f3df20383e83" classname="com.github.traderjoe95.mls.protocol.tree.TreeKem" time="0.001"/>
  <testcase name="a new update path generated by the sender should be successfully processed" classname="com.github.traderjoe95.mls.protocol.tree.TreeKem" time="0.001"/>
  <testcase name="the update path should be parent-hash valid" classname="com.github.traderjoe95.mls.protocol.tree.TreeKem" time="0.0"/>
  <testcase name="the tree hash after merging the update path should be c9fb8b152cbd53ccc3700f48074abfc762b65bb3cca64fc86efeca520c9f690e" classname="com.github.traderjoe95.mls.protocol.tree.TreeKem" time="0.0"/>
  <testcase name="the decrypted path secret should be 97da081339fb9292fc856e0dff10d52751928e89e9f7cf54490617dca73e84ea" classname="com.github.traderjoe95.mls.protocol.tree.TreeKem" time="0.001"/>
  <testcase name="a new update path generated by the sender should be successfully processed" classname="com.github.traderjoe95.mls.protocol.tree.TreeKem" time="0.001"/>
  <testcase name="the update path should be parent-hash valid" classname="com.github.traderjoe95.mls.protocol.tree.TreeKem" time="0.001"/>
  <testcase name="the tree hash after merging the update path should be c9fb8b152cbd53ccc3700f48074abfc762b65bb3cca64fc86efeca520c9f690e" classname="com.github.traderjoe95.mls.protocol.tree.TreeKem" time="0.001"/>
  <testcase name="the decrypted path secret should be 97da081339fb9292fc856e0dff10d52751928e89e9f7cf54490617dca73e84ea" classname="com.github.traderjoe95.mls.protocol.tree.TreeKem" time="0.001"/>
  <testcase name="a new update path generated by the sender should be successfully processed" classname="com.github.traderjoe95.mls.protocol.tree.TreeKem" time="0.002"/>
  <testcase name="the update path should be parent-hash valid" classname="com.github.traderjoe95.mls.protocol.tree.TreeKem" time="0.001"/>
  <testcase name="the tree hash after merging the update path should be c9fb8b152cbd53ccc3700f48074abfc762b65bb3cca64fc86efeca520c9f690e" classname="com.github.traderjoe95.mls.protocol.tree.TreeKem" time="0.0"/>
  <testcase name="the decrypted path secret should be 97da081339fb9292fc856e0dff10d52751928e89e9f7cf54490617dca73e84ea" classname="com.github.traderjoe95.mls.protocol.tree.TreeKem" time="0.002"/>
  <testcase name="a new update path generated by the sender should be successfully processed" classname="com.github.traderjoe95.mls.protocol.tree.TreeKem" time="0.002"/>
  <testcase name="the update path should be parent-hash valid" classname="com.github.traderjoe95.mls.protocol.tree.TreeKem" time="0.0"/>
  <testcase name="the tree hash after merging the update path should be c9fb8b152cbd53ccc3700f48074abfc762b65bb3cca64fc86efeca520c9f690e" classname="com.github.traderjoe95.mls.protocol.tree.TreeKem" time="0.001"/>
  <testcase name="the decrypted path secret should be 97da081339fb9292fc856e0dff10d52751928e89e9f7cf54490617dca73e84ea" classname="com.github.traderjoe95.mls.protocol.tree.TreeKem" time="0.001"/>
  <testcase name="a new update path generated by the sender should be successfully processed" classname="com.github.traderjoe95.mls.protocol.tree.TreeKem" time="0.001"/>
  <testcase name="the update path should be parent-hash valid" classname="com.github.traderjoe95.mls.protocol.tree.TreeKem" time="0.0"/>
  <testcase name="the tree hash after merging the update path should be 8267cb77da3d7e3fb8c4ba814ed12ecbb8e991c451c6dae86beb3b5c03750f21" classname="com.github.traderjoe95.mls.protocol.tree.TreeKem" time="0.0"/>
  <testcase name="the decrypted path secret should be 6e8974bb60de5c14248e93afff1818b7e4a9bf0243e445997b0a06a1f399a881" classname="com.github.traderjoe95.mls.protocol.tree.TreeKem" time="0.001"/>
  <testcase name="a new update path generated by the sender should be successfully processed" classname="com.github.traderjoe95.mls.protocol.tree.TreeKem" time="0.001"/>
  <testcase name="the update path should be parent-hash valid" classname="com.github.traderjoe95.mls.protocol.tree.TreeKem" time="0.001"/>
  <testcase name="the tree hash after merging the update path should be 8267cb77da3d7e3fb8c4ba814ed12ecbb8e991c451c6dae86beb3b5c03750f21" classname="com.github.traderjoe95.mls.protocol.tree.TreeKem" time="0.001"/>
  <testcase name="the decrypted path secret should be 29ad5d8db4bea8c19c4aacbc675b8118a27da191fc5e7fd6180ab0b752cb2a52" classname="com.github.traderjoe95.mls.protocol.tree.TreeKem" time="0.001"/>
  <testcase name="a new update path generated by the sender should be successfully processed" classname="com.github.traderjoe95.mls.protocol.tree.TreeKem" time="0.001"/>
  <testcase name="the update path should be parent-hash valid" classname="com.github.traderjoe95.mls.protocol.tree.TreeKem" time="0.004"/>
  <testcase name="the tree hash after merging the update path should be 8267cb77da3d7e3fb8c4ba814ed12ecbb8e991c451c6dae86beb3b5c03750f21" classname="com.github.traderjoe95.mls.protocol.tree.TreeKem" time="0.001"/>
  <testcase name="the decrypted path secret should be 0ab252c408211959fcf312006051b93098019c256299f4f37dcc07050902fc28" classname="com.github.traderjoe95.mls.protocol.tree.TreeKem" time="0.001"/>
  <testcase name="a new update path generated by the sender should be successfully processed" classname="com.github.traderjoe95.mls.protocol.tree.TreeKem" time="0.001"/>
  <testcase name="the update path should be parent-hash valid" classname="com.github.traderjoe95.mls.protocol.tree.TreeKem" time="0.0"/>
  <testcase name="the tree hash after merging the update path should be 8267cb77da3d7e3fb8c4ba814ed12ecbb8e991c451c6dae86beb3b5c03750f21" classname="com.github.traderjoe95.mls.protocol.tree.TreeKem" time="0.001"/>
  <testcase name="the decrypted path secret should be 0ab252c408211959fcf312006051b93098019c256299f4f37dcc07050902fc28" classname="com.github.traderjoe95.mls.protocol.tree.TreeKem" time="0.001"/>
  <testcase name="a new update path generated by the sender should be successfully processed" classname="com.github.traderjoe95.mls.protocol.tree.TreeKem" time="0.001"/>
  <testcase name="the update path should be parent-hash valid" classname="com.github.traderjoe95.mls.protocol.tree.TreeKem" time="0.0"/>
  <testcase name="the tree hash after merging the update path should be 8267cb77da3d7e3fb8c4ba814ed12ecbb8e991c451c6dae86beb3b5c03750f21" classname="com.github.traderjoe95.mls.protocol.tree.TreeKem" time="0.0"/>
  <testcase name="the decrypted path secret should be 0ab252c408211959fcf312006051b93098019c256299f4f37dcc07050902fc28" classname="com.github.traderjoe95.mls.protocol.tree.TreeKem" time="0.001"/>
  <testcase name="a new update path generated by the sender should be successfully processed" classname="com.github.traderjoe95.mls.protocol.tree.TreeKem" time="0.001"/>
  <testcase name="the update path should be parent-hash valid" classname="com.github.traderjoe95.mls.protocol.tree.TreeKem" time="0.0"/>
  <testcase name="the tree hash after merging the update path should be 8267cb77da3d7e3fb8c4ba814ed12ecbb8e991c451c6dae86beb3b5c03750f21" classname="com.github.traderjoe95.mls.protocol.tree.TreeKem" time="0.001"/>
  <testcase name="the decrypted path secret should be 0ab252c408211959fcf312006051b93098019c256299f4f37dcc07050902fc28" classname="com.github.traderjoe95.mls.protocol.tree.TreeKem" time="0.0"/>
  <testcase name="a new update path generated by the sender should be successfully processed" classname="com.github.traderjoe95.mls.protocol.tree.TreeKem" time="0.001"/>
  <testcase name="the update path should be parent-hash valid" classname="com.github.traderjoe95.mls.protocol.tree.TreeKem" time="0.001"/>
  <testcase name="the tree hash after merging the update path should be d999d77c368a4da8897ae0384c7cc7ea8b658cd4c7f96917c1d11f31bf4731b7" classname="com.github.traderjoe95.mls.protocol.tree.TreeKem" time="0.001"/>
  <testcase name="the decrypted path secret should be 859a17f078d93548a68e7f6b4c48fba509e30a8ad9fdcff8aefb4815b97e99c7" classname="com.github.traderjoe95.mls.protocol.tree.TreeKem" time="0.001"/>
  <testcase name="a new update path generated by the sender should be successfully processed" classname="com.github.traderjoe95.mls.protocol.tree.TreeKem" time="0.001"/>
  <testcase name="the update path should be parent-hash valid" classname="com.github.traderjoe95.mls.protocol.tree.TreeKem" time="0.0"/>
  <testcase name="the tree hash after merging the update path should be d999d77c368a4da8897ae0384c7cc7ea8b658cd4c7f96917c1d11f31bf4731b7" classname="com.github.traderjoe95.mls.protocol.tree.TreeKem" time="0.0"/>
  <testcase name="the decrypted path secret should be 859a17f078d93548a68e7f6b4c48fba509e30a8ad9fdcff8aefb4815b97e99c7" classname="com.github.traderjoe95.mls.protocol.tree.TreeKem" time="0.001"/>
  <testcase name="a new update path generated by the sender should be successfully processed" classname="com.github.traderjoe95.mls.protocol.tree.TreeKem" time="0.002"/>
  <testcase name="the update path should be parent-hash valid" classname="com.github.traderjoe95.mls.protocol.tree.TreeKem" time="0.0"/>
  <testcase name="the tree hash after merging the update path should be d999d77c368a4da8897ae0384c7cc7ea8b658cd4c7f96917c1d11f31bf4731b7" classname="com.github.traderjoe95.mls.protocol.tree.TreeKem" time="0.0"/>
  <testcase name="the decrypted path secret should be 4ab891f15baee73b53437a1a3550196940df7de877511ac7d8144deabb772fc9" classname="com.github.traderjoe95.mls.protocol.tree.TreeKem" time="0.0"/>
  <testcase name="a new update path generated by the sender should be successfully processed" classname="com.github.traderjoe95.mls.protocol.tree.TreeKem" time="0.001"/>
  <testcase name="the update path should be parent-hash valid" classname="com.github.traderjoe95.mls.protocol.tree.TreeKem" time="0.0"/>
  <testcase name="the tree hash after merging the update path should be d999d77c368a4da8897ae0384c7cc7ea8b658cd4c7f96917c1d11f31bf4731b7" classname="com.github.traderjoe95.mls.protocol.tree.TreeKem" time="0.0"/>
  <testcase name="the decrypted path secret should be 4ab891f15baee73b53437a1a3550196940df7de877511ac7d8144deabb772fc9" classname="com.github.traderjoe95.mls.protocol.tree.TreeKem" time="0.001"/>
  <testcase name="a new update path generated by the sender should be successfully processed" classname="com.github.traderjoe95.mls.protocol.tree.TreeKem" time="0.001"/>
  <testcase name="the update path should be parent-hash valid" classname="com.github.traderjoe95.mls.protocol.tree.TreeKem" time="0.0"/>
  <testcase name="the tree hash after merging the update path should be d999d77c368a4da8897ae0384c7cc7ea8b658cd4c7f96917c1d11f31bf4731b7" classname="com.github.traderjoe95.mls.protocol.tree.TreeKem" time="0.0"/>
  <testcase name="the decrypted path secret should be 4ab891f15baee73b53437a1a3550196940df7de877511ac7d8144deabb772fc9" classname="com.github.traderjoe95.mls.protocol.tree.TreeKem" time="0.001"/>
  <testcase name="a new update path generated by the sender should be successfully processed" classname="com.github.traderjoe95.mls.protocol.tree.TreeKem" time="0.001"/>
  <testcase name="the update path should be parent-hash valid" classname="com.github.traderjoe95.mls.protocol.tree.TreeKem" time="0.0"/>
  <testcase name="the tree hash after merging the update path should be d999d77c368a4da8897ae0384c7cc7ea8b658cd4c7f96917c1d11f31bf4731b7" classname="com.github.traderjoe95.mls.protocol.tree.TreeKem" time="0.001"/>
  <testcase name="the decrypted path secret should be 4ab891f15baee73b53437a1a3550196940df7de877511ac7d8144deabb772fc9" classname="com.github.traderjoe95.mls.protocol.tree.TreeKem" time="0.002"/>
  <testcase name="a new update path generated by the sender should be successfully processed" classname="com.github.traderjoe95.mls.protocol.tree.TreeKem" time="0.001"/>
  <testcase name="the update path should be parent-hash valid" classname="com.github.traderjoe95.mls.protocol.tree.TreeKem" time="0.001"/>
  <testcase name="the tree hash after merging the update path should be b55368d8278f97c29940faebd05bdd186b7f73e15cd0d6a6a88179767a2fd011" classname="com.github.traderjoe95.mls.protocol.tree.TreeKem" time="0.001"/>
  <testcase name="the decrypted path secret should be 50726bbe9a6d67724cdf858428b41e29c00d200caa132265598267293a77a26e" classname="com.github.traderjoe95.mls.protocol.tree.TreeKem" time="0.001"/>
  <testcase name="a new update path generated by the sender should be successfully processed" classname="com.github.traderjoe95.mls.protocol.tree.TreeKem" time="0.001"/>
  <testcase name="the update path should be parent-hash valid" classname="com.github.traderjoe95.mls.protocol.tree.TreeKem" time="0.0"/>
  <testcase name="the tree hash after merging the update path should be b55368d8278f97c29940faebd05bdd186b7f73e15cd0d6a6a88179767a2fd011" classname="com.github.traderjoe95.mls.protocol.tree.TreeKem" time="0.0"/>
  <testcase name="the decrypted path secret should be 50726bbe9a6d67724cdf858428b41e29c00d200caa132265598267293a77a26e" classname="com.github.traderjoe95.mls.protocol.tree.TreeKem" time="0.0"/>
  <testcase name="a new update path generated by the sender should be successfully processed" classname="com.github.traderjoe95.mls.protocol.tree.TreeKem" time="0.001"/>
  <testcase name="the update path should be parent-hash valid" classname="com.github.traderjoe95.mls.protocol.tree.TreeKem" time="0.0"/>
  <testcase name="the tree hash after merging the update path should be b55368d8278f97c29940faebd05bdd186b7f73e15cd0d6a6a88179767a2fd011" classname="com.github.traderjoe95.mls.protocol.tree.TreeKem" time="0.0"/>
  <testcase name="the decrypted path secret should be 50726bbe9a6d67724cdf858428b41e29c00d200caa132265598267293a77a26e" classname="com.github.traderjoe95.mls.protocol.tree.TreeKem" time="0.001"/>
  <testcase name="a new update path generated by the sender should be successfully processed" classname="com.github.traderjoe95.mls.protocol.tree.TreeKem" time="0.001"/>
  <testcase name="the update path should be parent-hash valid" classname="com.github.traderjoe95.mls.protocol.tree.TreeKem" time="0.0"/>
  <testcase name="the tree hash after merging the update path should be b55368d8278f97c29940faebd05bdd186b7f73e15cd0d6a6a88179767a2fd011" classname="com.github.traderjoe95.mls.protocol.tree.TreeKem" time="0.001"/>
  <testcase name="the decrypted path secret should be 17896381722a511f4d9a7929e56bfb210b0f6ef237fadf174e98f20f1ef9b785" classname="com.github.traderjoe95.mls.protocol.tree.TreeKem" time="0.001"/>
  <testcase name="a new update path generated by the sender should be successfully processed" classname="com.github.traderjoe95.mls.protocol.tree.TreeKem" time="0.001"/>
  <testcase name="the update path should be parent-hash valid" classname="com.github.traderjoe95.mls.protocol.tree.TreeKem" time="0.0"/>
  <testcase name="the tree hash after merging the update path should be b55368d8278f97c29940faebd05bdd186b7f73e15cd0d6a6a88179767a2fd011" classname="com.github.traderjoe95.mls.protocol.tree.TreeKem" time="0.0"/>
  <testcase name="the decrypted path secret should be 91cb1946feba5862a2bb17b575d2fa8dfd2dfc6583081c12f4350f68152802b8" classname="com.github.traderjoe95.mls.protocol.tree.TreeKem" time="0.001"/>
  <testcase name="a new update path generated by the sender should be successfully processed" classname="com.github.traderjoe95.mls.protocol.tree.TreeKem" time="0.001"/>
  <testcase name="the update path should be parent-hash valid" classname="com.github.traderjoe95.mls.protocol.tree.TreeKem" time="0.0"/>
  <testcase name="the tree hash after merging the update path should be b55368d8278f97c29940faebd05bdd186b7f73e15cd0d6a6a88179767a2fd011" classname="com.github.traderjoe95.mls.protocol.tree.TreeKem" time="0.001"/>
  <testcase name="the decrypted path secret should be 91cb1946feba5862a2bb17b575d2fa8dfd2dfc6583081c12f4350f68152802b8" classname="com.github.traderjoe95.mls.protocol.tree.TreeKem" time="0.001"/>
  <testcase name="a new update path generated by the sender should be successfully processed" classname="com.github.traderjoe95.mls.protocol.tree.TreeKem" time="0.001"/>
  <testcase name="the update path should be parent-hash valid" classname="com.github.traderjoe95.mls.protocol.tree.TreeKem" time="0.0"/>
  <testcase name="the tree hash after merging the update path should be 5754ed4e8655b4734ed698429843a09cf2035ae99d5a3d0ee258b850cfc24e08" classname="com.github.traderjoe95.mls.protocol.tree.TreeKem" time="0.001"/>
  <testcase name="the decrypted path secret should be 046d8d4f36946c8e145f3e1f722e3468efc3fb3ba8e79ae4f3b88fa44dde3124" classname="com.github.traderjoe95.mls.protocol.tree.TreeKem" time="0.001"/>
  <testcase name="a new update path generated by the sender should be successfully processed" classname="com.github.traderjoe95.mls.protocol.tree.TreeKem" time="0.001"/>
  <testcase name="the update path should be parent-hash valid" classname="com.github.traderjoe95.mls.protocol.tree.TreeKem" time="0.001"/>
  <testcase name="the tree hash after merging the update path should be 5754ed4e8655b4734ed698429843a09cf2035ae99d5a3d0ee258b850cfc24e08" classname="com.github.traderjoe95.mls.protocol.tree.TreeKem" time="0.0"/>
  <testcase name="the decrypted path secret should be 046d8d4f36946c8e145f3e1f722e3468efc3fb3ba8e79ae4f3b88fa44dde3124" classname="com.github.traderjoe95.mls.protocol.tree.TreeKem" time="0.001"/>
  <testcase name="a new update path generated by the sender should be successfully processed" classname="com.github.traderjoe95.mls.protocol.tree.TreeKem" time="0.001"/>
  <testcase name="the update path should be parent-hash valid" classname="com.github.traderjoe95.mls.protocol.tree.TreeKem" time="0.001"/>
  <testcase name="the tree hash after merging the update path should be 5754ed4e8655b4734ed698429843a09cf2035ae99d5a3d0ee258b850cfc24e08" classname="com.github.traderjoe95.mls.protocol.tree.TreeKem" time="0.001"/>
  <testcase name="the decrypted path secret should be 046d8d4f36946c8e145f3e1f722e3468efc3fb3ba8e79ae4f3b88fa44dde3124" classname="com.github.traderjoe95.mls.protocol.tree.TreeKem" time="0.001"/>
  <testcase name="a new update path generated by the sender should be successfully processed" classname="com.github.traderjoe95.mls.protocol.tree.TreeKem" time="0.001"/>
  <testcase name="the update path should be parent-hash valid" classname="com.github.traderjoe95.mls.protocol.tree.TreeKem" time="0.0"/>
  <testcase name="the tree hash after merging the update path should be 5754ed4e8655b4734ed698429843a09cf2035ae99d5a3d0ee258b850cfc24e08" classname="com.github.traderjoe95.mls.protocol.tree.TreeKem" time="0.0"/>
  <testcase name="the decrypted path secret should be 454728ae25eb7fd9f8b0d27bf1dc97844db3417134ff4f90e88ea3fc3d60238b" classname="com.github.traderjoe95.mls.protocol.tree.TreeKem" time="0.0"/>
  <testcase name="a new update path generated by the sender should be successfully processed" classname="com.github.traderjoe95.mls.protocol.tree.TreeKem" time="0.001"/>
  <testcase name="the update path should be parent-hash valid" classname="com.github.traderjoe95.mls.protocol.tree.TreeKem" time="0.001"/>
  <testcase name="the tree hash after merging the update path should be 5754ed4e8655b4734ed698429843a09cf2035ae99d5a3d0ee258b850cfc24e08" classname="com.github.traderjoe95.mls.protocol.tree.TreeKem" time="0.001"/>
  <testcase name="the decrypted path secret should be 51714b2eade8d227c5f8e90596cdc39c14973532c99b5db9867cde0e56d1e292" classname="com.github.traderjoe95.mls.protocol.tree.TreeKem" time="0.001"/>
  <testcase name="a new update path generated by the sender should be successfully processed" classname="com.github.traderjoe95.mls.protocol.tree.TreeKem" time="0.001"/>
  <testcase name="the update path should be parent-hash valid" classname="com.github.traderjoe95.mls.protocol.tree.TreeKem" time="0.001"/>
  <testcase name="the tree hash after merging the update path should be 5754ed4e8655b4734ed698429843a09cf2035ae99d5a3d0ee258b850cfc24e08" classname="com.github.traderjoe95.mls.protocol.tree.TreeKem" time="0.001"/>
  <testcase name="the decrypted path secret should be 51714b2eade8d227c5f8e90596cdc39c14973532c99b5db9867cde0e56d1e292" classname="com.github.traderjoe95.mls.protocol.tree.TreeKem" time="0.001"/>
  <testcase name="a new update path generated by the sender should be successfully processed" classname="com.github.traderjoe95.mls.protocol.tree.TreeKem" time="0.001"/>
  <testcase name="the update path should be parent-hash valid" classname="com.github.traderjoe95.mls.protocol.tree.TreeKem" time="0.0"/>
  <testcase name="the tree hash after merging the update path should be e7bd4d8f3ee43c474d3c55e98621375f96c54fd7c37e92a295abdb06303bebbe" classname="com.github.traderjoe95.mls.protocol.tree.TreeKem" time="0.001"/>
  <testcase name="the decrypted path secret should be bdf5f9e4a33ed306f5d9116d7ab541285112c1eadcbaea285c56e288d16ca0f6" classname="com.github.traderjoe95.mls.protocol.tree.TreeKem" time="0.001"/>
  <testcase name="a new update path generated by the sender should be successfully processed" classname="com.github.traderjoe95.mls.protocol.tree.TreeKem" time="0.001"/>
  <testcase name="the update path should be parent-hash valid" classname="com.github.traderjoe95.mls.protocol.tree.TreeKem" time="0.001"/>
  <testcase name="the tree hash after merging the update path should be e7bd4d8f3ee43c474d3c55e98621375f96c54fd7c37e92a295abdb06303bebbe" classname="com.github.traderjoe95.mls.protocol.tree.TreeKem" time="0.0"/>
  <testcase name="the decrypted path secret should be bdf5f9e4a33ed306f5d9116d7ab541285112c1eadcbaea285c56e288d16ca0f6" classname="com.github.traderjoe95.mls.protocol.tree.TreeKem" time="0.001"/>
  <testcase name="a new update path generated by the sender should be successfully processed" classname="com.github.traderjoe95.mls.protocol.tree.TreeKem" time="0.001"/>
  <testcase name="the update path should be parent-hash valid" classname="com.github.traderjoe95.mls.protocol.tree.TreeKem" time="0.0"/>
  <testcase name="the tree hash after merging the update path should be e7bd4d8f3ee43c474d3c55e98621375f96c54fd7c37e92a295abdb06303bebbe" classname="com.github.traderjoe95.mls.protocol.tree.TreeKem" time="0.001"/>
  <testcase name="the decrypted path secret should be bdf5f9e4a33ed306f5d9116d7ab541285112c1eadcbaea285c56e288d16ca0f6" classname="com.github.traderjoe95.mls.protocol.tree.TreeKem" time="0.001"/>
  <testcase name="a new update path generated by the sender should be successfully processed" classname="com.github.traderjoe95.mls.protocol.tree.TreeKem" time="0.001"/>
  <testcase name="the update path should be parent-hash valid" classname="com.github.traderjoe95.mls.protocol.tree.TreeKem" time="0.001"/>
  <testcase name="the tree hash after merging the update path should be e7bd4d8f3ee43c474d3c55e98621375f96c54fd7c37e92a295abdb06303bebbe" classname="com.github.traderjoe95.mls.protocol.tree.TreeKem" time="0.001"/>
  <testcase name="the decrypted path secret should be bf00bc71ee83415a53abcdd51d999022e32cc8085b12b72951a33afb8bd8668d" classname="com.github.traderjoe95.mls.protocol.tree.TreeKem" time="0.001"/>
  <testcase name="a new update path generated by the sender should be successfully processed" classname="com.github.traderjoe95.mls.protocol.tree.TreeKem" time="0.001"/>
  <testcase name="the update path should be parent-hash valid" classname="com.github.traderjoe95.mls.protocol.tree.TreeKem" time="0.001"/>
  <testcase name="the tree hash after merging the update path should be e7bd4d8f3ee43c474d3c55e98621375f96c54fd7c37e92a295abdb06303bebbe" classname="com.github.traderjoe95.mls.protocol.tree.TreeKem" time="0.001"/>
  <testcase name="the decrypted path secret should be bf00bc71ee83415a53abcdd51d999022e32cc8085b12b72951a33afb8bd8668d" classname="com.github.traderjoe95.mls.protocol.tree.TreeKem" time="0.001"/>
  <testcase name="a new update path generated by the sender should be successfully processed" classname="com.github.traderjoe95.mls.protocol.tree.TreeKem" time="0.001"/>
  <testcase name="the update path should be parent-hash valid" classname="com.github.traderjoe95.mls.protocol.tree.TreeKem" time="0.0"/>
  <testcase name="the tree hash after merging the update path should be e7bd4d8f3ee43c474d3c55e98621375f96c54fd7c37e92a295abdb06303bebbe" classname="com.github.traderjoe95.mls.protocol.tree.TreeKem" time="0.001"/>
  <testcase name="the decrypted path secret should be b7d3e1539533905dbb78955e7d46931258657beba3bf2cde06a98a040566cfac" classname="com.github.traderjoe95.mls.protocol.tree.TreeKem" time="0.001"/>
  <testcase name="a new update path generated by the sender should be successfully processed" classname="com.github.traderjoe95.mls.protocol.tree.TreeKem" time="0.001"/>
  <testcase name="the update path should be parent-hash valid" classname="com.github.traderjoe95.mls.protocol.tree.TreeKem" time="0.0"/>
  <testcase name="the tree hash after merging the update path should be 3ee13732a4d46215b8a752a27bc9ee852491a19d3484cf11bd477b462b19d34c" classname="com.github.traderjoe95.mls.protocol.tree.TreeKem" time="0.0"/>
  <testcase name="the decrypted path secret should be e52fc56f9ab73551a973cab2639fb8bf4f888c2bdc946e4654e4c10b0cad5d7a" classname="com.github.traderjoe95.mls.protocol.tree.TreeKem" time="0.001"/>
  <testcase name="a new update path generated by the sender should be successfully processed" classname="com.github.traderjoe95.mls.protocol.tree.TreeKem" time="0.001"/>
  <testcase name="the update path should be parent-hash valid" classname="com.github.traderjoe95.mls.protocol.tree.TreeKem" time="0.001"/>
  <testcase name="the tree hash after merging the update path should be 3ee13732a4d46215b8a752a27bc9ee852491a19d3484cf11bd477b462b19d34c" classname="com.github.traderjoe95.mls.protocol.tree.TreeKem" time="0.001"/>
  <testcase name="the decrypted path secret should be e52fc56f9ab73551a973cab2639fb8bf4f888c2bdc946e4654e4c10b0cad5d7a" classname="com.github.traderjoe95.mls.protocol.tree.TreeKem" time="0.001"/>
  <testcase name="a new update path generated by the sender should be successfully processed" classname="com.github.traderjoe95.mls.protocol.tree.TreeKem" time="0.001"/>
  <testcase name="the update path should be parent-hash valid" classname="com.github.traderjoe95.mls.protocol.tree.TreeKem" time="0.001"/>
  <testcase name="the tree hash after merging the update path should be 3ee13732a4d46215b8a752a27bc9ee852491a19d3484cf11bd477b462b19d34c" classname="com.github.traderjoe95.mls.protocol.tree.TreeKem" time="0.001"/>
  <testcase name="the decrypted path secret should be e52fc56f9ab73551a973cab2639fb8bf4f888c2bdc946e4654e4c10b0cad5d7a" classname="com.github.traderjoe95.mls.protocol.tree.TreeKem" time="0.001"/>
  <testcase name="a new update path generated by the sender should be successfully processed" classname="com.github.traderjoe95.mls.protocol.tree.TreeKem" time="0.001"/>
  <testcase name="the update path should be parent-hash valid" classname="com.github.traderjoe95.mls.protocol.tree.TreeKem" time="0.0"/>
  <testcase name="the tree hash after merging the update path should be 3ee13732a4d46215b8a752a27bc9ee852491a19d3484cf11bd477b462b19d34c" classname="com.github.traderjoe95.mls.protocol.tree.TreeKem" time="0.0"/>
  <testcase name="the decrypted path secret should be 07c8d1ca71bf4ad94bb28e42bde534ecbdcc79394e4fc6c82051d79ad3ad3a6f" classname="com.github.traderjoe95.mls.protocol.tree.TreeKem" time="0.001"/>
  <testcase name="a new update path generated by the sender should be successfully processed" classname="com.github.traderjoe95.mls.protocol.tree.TreeKem" time="0.001"/>
  <testcase name="the update path should be parent-hash valid" classname="com.github.traderjoe95.mls.protocol.tree.TreeKem" time="0.001"/>
  <testcase name="the tree hash after merging the update path should be 3ee13732a4d46215b8a752a27bc9ee852491a19d3484cf11bd477b462b19d34c" classname="com.github.traderjoe95.mls.protocol.tree.TreeKem" time="0.001"/>
  <testcase name="the decrypted path secret should be 07c8d1ca71bf4ad94bb28e42bde534ecbdcc79394e4fc6c82051d79ad3ad3a6f" classname="com.github.traderjoe95.mls.protocol.tree.TreeKem" time="0.001"/>
  <testcase name="a new update path generated by the sender should be successfully processed" classname="com.github.traderjoe95.mls.protocol.tree.TreeKem" time="0.001"/>
  <testcase name="the update path should be parent-hash valid" classname="com.github.traderjoe95.mls.protocol.tree.TreeKem" time="0.0"/>
  <testcase name="the tree hash after merging the update path should be 3ee13732a4d46215b8a752a27bc9ee852491a19d3484cf11bd477b462b19d34c" classname="com.github.traderjoe95.mls.protocol.tree.TreeKem" time="0.0"/>
  <testcase name="the decrypted path secret should be a33ba3e14520e60e41f76fd2d1a6ff96fffb7d4d24a5b824997922b6610e7872" classname="com.github.traderjoe95.mls.protocol.tree.TreeKem" time="0.001"/>
  <testcase name="a new update path generated by the sender should be successfully processed" classname="com.github.traderjoe95.mls.protocol.tree.TreeKem" time="0.001"/>
  <testcase name="non-blank leaf 0 should be consistent with the public state" classname="com.github.traderjoe95.mls.protocol.tree.TreeKem" time="0.003"/>
  <testcase name="non-blank leaf 4 should be consistent with the public state" classname="com.github.traderjoe95.mls.protocol.tree.TreeKem" time="0.006"/>
  <testcase name="non-blank leaf 5 should be consistent with the public state" classname="com.github.traderjoe95.mls.protocol.tree.TreeKem" time="0.005"/>
  <testcase name="non-blank leaf 6 should be consistent with the public state" classname="com.github.traderjoe95.mls.protocol.tree.TreeKem" time="0.005"/>
  <testcase name="non-blank leaf 7 should be consistent with the public state" classname="com.github.traderjoe95.mls.protocol.tree.TreeKem" time="0.005"/>
  <testcase name="the update path should be parent-hash valid" classname="com.github.traderjoe95.mls.protocol.tree.TreeKem" time="0.0"/>
  <testcase name="the tree hash after merging the update path should be 7075a2608895350f876f94376ffb796c6f7f6f155434ee31d26579c3b8d47ba2" classname="com.github.traderjoe95.mls.protocol.tree.TreeKem" time="0.0"/>
  <testcase name="the decrypted path secret should be e75833ea77f0fb898e15d0f1440ba909e20e8bc8c884dc486f9c860e953d7f24" classname="com.github.traderjoe95.mls.protocol.tree.TreeKem" time="0.001"/>
  <testcase name="a new update path generated by the sender should be successfully processed" classname="com.github.traderjoe95.mls.protocol.tree.TreeKem" time="0.001"/>
  <testcase name="the update path should be parent-hash valid" classname="com.github.traderjoe95.mls.protocol.tree.TreeKem" time="0.0"/>
  <testcase name="the tree hash after merging the update path should be 7075a2608895350f876f94376ffb796c6f7f6f155434ee31d26579c3b8d47ba2" classname="com.github.traderjoe95.mls.protocol.tree.TreeKem" time="0.0"/>
  <testcase name="the decrypted path secret should be e75833ea77f0fb898e15d0f1440ba909e20e8bc8c884dc486f9c860e953d7f24" classname="com.github.traderjoe95.mls.protocol.tree.TreeKem" time="0.0"/>
  <testcase name="a new update path generated by the sender should be successfully processed" classname="com.github.traderjoe95.mls.protocol.tree.TreeKem" time="0.002"/>
  <testcase name="the update path should be parent-hash valid" classname="com.github.traderjoe95.mls.protocol.tree.TreeKem" time="0.0"/>
  <testcase name="the tree hash after merging the update path should be 7075a2608895350f876f94376ffb796c6f7f6f155434ee31d26579c3b8d47ba2" classname="com.github.traderjoe95.mls.protocol.tree.TreeKem" time="0.0"/>
  <testcase name="the decrypted path secret should be e75833ea77f0fb898e15d0f1440ba909e20e8bc8c884dc486f9c860e953d7f24" classname="com.github.traderjoe95.mls.protocol.tree.TreeKem" time="0.001"/>
  <testcase name="a new update path generated by the sender should be successfully processed" classname="com.github.traderjoe95.mls.protocol.tree.TreeKem" time="0.001"/>
  <testcase name="the update path should be parent-hash valid" classname="com.github.traderjoe95.mls.protocol.tree.TreeKem" time="0.0"/>
  <testcase name="the tree hash after merging the update path should be 7075a2608895350f876f94376ffb796c6f7f6f155434ee31d26579c3b8d47ba2" classname="com.github.traderjoe95.mls.protocol.tree.TreeKem" time="0.0"/>
  <testcase name="the decrypted path secret should be e75833ea77f0fb898e15d0f1440ba909e20e8bc8c884dc486f9c860e953d7f24" classname="com.github.traderjoe95.mls.protocol.tree.TreeKem" time="0.001"/>
  <testcase name="a new update path generated by the sender should be successfully processed" classname="com.github.traderjoe95.mls.protocol.tree.TreeKem" time="0.001"/>
  <testcase name="the update path should be parent-hash valid" classname="com.github.traderjoe95.mls.protocol.tree.TreeKem" time="0.0"/>
  <testcase name="the tree hash after merging the update path should be 2c41070a2e4ea3c91acc46c60cbebfa2a770e0e1aaf1df276e556459f0e9b0e0" classname="com.github.traderjoe95.mls.protocol.tree.TreeKem" time="0.0"/>
  <testcase name="the decrypted path secret should be 6e16840ebb3fafff223fdbefe2de7efe76de0ad2b049718af8877860078a40af" classname="com.github.traderjoe95.mls.protocol.tree.TreeKem" time="0.001"/>
  <testcase name="a new update path generated by the sender should be successfully processed" classname="com.github.traderjoe95.mls.protocol.tree.TreeKem" time="0.001"/>
  <testcase name="the update path should be parent-hash valid" classname="com.github.traderjoe95.mls.protocol.tree.TreeKem" time="0.0"/>
  <testcase name="the tree hash after merging the update path should be 2c41070a2e4ea3c91acc46c60cbebfa2a770e0e1aaf1df276e556459f0e9b0e0" classname="com.github.traderjoe95.mls.protocol.tree.TreeKem" time="0.0"/>
  <testcase name="the decrypted path secret should be 72e65f90d8b6c658c15de14d2363b0a8614fd778423f019359d01cae736125c5" classname="com.github.traderjoe95.mls.protocol.tree.TreeKem" time="0.0"/>
  <testcase name="a new update path generated by the sender should be successfully processed" classname="com.github.traderjoe95.mls.protocol.tree.TreeKem" time="0.001"/>
  <testcase name="the update path should be parent-hash valid" classname="com.github.traderjoe95.mls.protocol.tree.TreeKem" time="0.0"/>
  <testcase name="the tree hash after merging the update path should be 2c41070a2e4ea3c91acc46c60cbebfa2a770e0e1aaf1df276e556459f0e9b0e0" classname="com.github.traderjoe95.mls.protocol.tree.TreeKem" time="0.0"/>
  <testcase name="the decrypted path secret should be 55a8ce16508d4b4ddfb67c851b2836c07b7cbf7eae182c0f74f3fd0973ccae28" classname="com.github.traderjoe95.mls.protocol.tree.TreeKem" time="0.001"/>
  <testcase name="a new update path generated by the sender should be successfully processed" classname="com.github.traderjoe95.mls.protocol.tree.TreeKem" time="0.001"/>
  <testcase name="the update path should be parent-hash valid" classname="com.github.traderjoe95.mls.protocol.tree.TreeKem" time="0.0"/>
  <testcase name="the tree hash after merging the update path should be 2c41070a2e4ea3c91acc46c60cbebfa2a770e0e1aaf1df276e556459f0e9b0e0" classname="com.github.traderjoe95.mls.protocol.tree.TreeKem" time="0.0"/>
  <testcase name="the decrypted path secret should be 55a8ce16508d4b4ddfb67c851b2836c07b7cbf7eae182c0f74f3fd0973ccae28" classname="com.github.traderjoe95.mls.protocol.tree.TreeKem" time="0.001"/>
  <testcase name="a new update path generated by the sender should be successfully processed" classname="com.github.traderjoe95.mls.protocol.tree.TreeKem" time="0.002"/>
  <testcase name="the update path should be parent-hash valid" classname="com.github.traderjoe95.mls.protocol.tree.TreeKem" time="0.0"/>
  <testcase name="the tree hash after merging the update path should be 31aa1b1cd3735f62e70213513f29c4d2ad93a55d4ea787360050f566d5e0347c" classname="com.github.traderjoe95.mls.protocol.tree.TreeKem" time="0.0"/>
  <testcase name="the decrypted path secret should be 3034e25874d071336a4748baa0d91aa3a529deebaa4065e29e9c9002e2c5094c" classname="com.github.traderjoe95.mls.protocol.tree.TreeKem" time="0.001"/>
  <testcase name="a new update path generated by the sender should be successfully processed" classname="com.github.traderjoe95.mls.protocol.tree.TreeKem" time="0.001"/>
  <testcase name="the update path should be parent-hash valid" classname="com.github.traderjoe95.mls.protocol.tree.TreeKem" time="0.0"/>
  <testcase name="the tree hash after merging the update path should be 31aa1b1cd3735f62e70213513f29c4d2ad93a55d4ea787360050f566d5e0347c" classname="com.github.traderjoe95.mls.protocol.tree.TreeKem" time="0.001"/>
  <testcase name="the decrypted path secret should be 087089822aa4199112f1016e17bd225400123dff3c4ed68f06dca3425755c59c" classname="com.github.traderjoe95.mls.protocol.tree.TreeKem" time="0.001"/>
  <testcase name="a new update path generated by the sender should be successfully processed" classname="com.github.traderjoe95.mls.protocol.tree.TreeKem" time="0.001"/>
  <testcase name="the update path should be parent-hash valid" classname="com.github.traderjoe95.mls.protocol.tree.TreeKem" time="0.001"/>
  <testcase name="the tree hash after merging the update path should be 31aa1b1cd3735f62e70213513f29c4d2ad93a55d4ea787360050f566d5e0347c" classname="com.github.traderjoe95.mls.protocol.tree.TreeKem" time="0.001"/>
  <testcase name="the decrypted path secret should be aa104c37c7c8a6c9ee669e9a413ab14b3d31273eb93c7291c6f173e38af0b423" classname="com.github.traderjoe95.mls.protocol.tree.TreeKem" time="0.001"/>
  <testcase name="a new update path generated by the sender should be successfully processed" classname="com.github.traderjoe95.mls.protocol.tree.TreeKem" time="0.001"/>
  <testcase name="the update path should be parent-hash valid" classname="com.github.traderjoe95.mls.protocol.tree.TreeKem" time="0.0"/>
  <testcase name="the tree hash after merging the update path should be 31aa1b1cd3735f62e70213513f29c4d2ad93a55d4ea787360050f566d5e0347c" classname="com.github.traderjoe95.mls.protocol.tree.TreeKem" time="0.001"/>
  <testcase name="the decrypted path secret should be aa104c37c7c8a6c9ee669e9a413ab14b3d31273eb93c7291c6f173e38af0b423" classname="com.github.traderjoe95.mls.protocol.tree.TreeKem" time="0.001"/>
  <testcase name="a new update path generated by the sender should be successfully processed" classname="com.github.traderjoe95.mls.protocol.tree.TreeKem" time="0.001"/>
  <testcase name="the update path should be parent-hash valid" classname="com.github.traderjoe95.mls.protocol.tree.TreeKem" time="0.0"/>
  <testcase name="the tree hash after merging the update path should be a79350f93f7c1497b492f0db1f4d6b552ecbc72fd5e7e492d5d068f87ade6203" classname="com.github.traderjoe95.mls.protocol.tree.TreeKem" time="0.001"/>
  <testcase name="the decrypted path secret should be acaae8d0cbe65cbf64857be53fe1c003ba121f2c5f3dd1567fdb8883d5556dac" classname="com.github.traderjoe95.mls.protocol.tree.TreeKem" time="0.001"/>
  <testcase name="a new update path generated by the sender should be successfully processed" classname="com.github.traderjoe95.mls.protocol.tree.TreeKem" time="0.001"/>
  <testcase name="the update path should be parent-hash valid" classname="com.github.traderjoe95.mls.protocol.tree.TreeKem" time="0.0"/>
  <testcase name="the tree hash after merging the update path should be a79350f93f7c1497b492f0db1f4d6b552ecbc72fd5e7e492d5d068f87ade6203" classname="com.github.traderjoe95.mls.protocol.tree.TreeKem" time="0.0"/>
  <testcase name="the decrypted path secret should be 62ba347bf2ea5111edcaa38809b9cc489f1feaa654c3bc3e8fa1e44198979990" classname="com.github.traderjoe95.mls.protocol.tree.TreeKem" time="0.0"/>
  <testcase name="a new update path generated by the sender should be successfully processed" classname="com.github.traderjoe95.mls.protocol.tree.TreeKem" time="0.001"/>
  <testcase name="the update path should be parent-hash valid" classname="com.github.traderjoe95.mls.protocol.tree.TreeKem" time="0.0"/>
  <testcase name="the tree hash after merging the update path should be a79350f93f7c1497b492f0db1f4d6b552ecbc72fd5e7e492d5d068f87ade6203" classname="com.github.traderjoe95.mls.protocol.tree.TreeKem" time="0.001"/>
  <testcase name="the decrypted path secret should be 62ba347bf2ea5111edcaa38809b9cc489f1feaa654c3bc3e8fa1e44198979990" classname="com.github.traderjoe95.mls.protocol.tree.TreeKem" time="0.001"/>
  <testcase name="a new update path generated by the sender should be successfully processed" classname="com.github.traderjoe95.mls.protocol.tree.TreeKem" time="0.002"/>
  <testcase name="the update path should be parent-hash valid" classname="com.github.traderjoe95.mls.protocol.tree.TreeKem" time="0.001"/>
  <testcase name="the tree hash after merging the update path should be a79350f93f7c1497b492f0db1f4d6b552ecbc72fd5e7e492d5d068f87ade6203" classname="com.github.traderjoe95.mls.protocol.tree.TreeKem" time="0.0"/>
  <testcase name="the decrypted path secret should be 8d31a8a24f7a43aa085db4afc4ae81134706a960d48c23eabfc439f3f7c3f49b" classname="com.github.traderjoe95.mls.protocol.tree.TreeKem" time="0.0"/>
  <testcase name="a new update path generated by the sender should be successfully processed" classname="com.github.traderjoe95.mls.protocol.tree.TreeKem" time="0.001"/>
  <testcase name="the update path should be parent-hash valid" classname="com.github.traderjoe95.mls.protocol.tree.TreeKem" time="0.0"/>
  <testcase name="the tree hash after merging the update path should be 94c9a327c2b788893d931918d1c68a1f975ade71281c16e0e0d7c8d1b78d479f" classname="com.github.traderjoe95.mls.protocol.tree.TreeKem" time="0.0"/>
  <testcase name="the decrypted path secret should be abf534b12ca5fc8cdde1f94505ca92644751acade73dad003427bda17fa4c386" classname="com.github.traderjoe95.mls.protocol.tree.TreeKem" time="0.001"/>
  <testcase name="a new update path generated by the sender should be successfully processed" classname="com.github.traderjoe95.mls.protocol.tree.TreeKem" time="0.001"/>
  <testcase name="the update path should be parent-hash valid" classname="com.github.traderjoe95.mls.protocol.tree.TreeKem" time="0.0"/>
  <testcase name="the tree hash after merging the update path should be 94c9a327c2b788893d931918d1c68a1f975ade71281c16e0e0d7c8d1b78d479f" classname="com.github.traderjoe95.mls.protocol.tree.TreeKem" time="0.0"/>
  <testcase name="the decrypted path secret should be 5039399699f06abdb177c78131f24517fe13c8b958b1bca36c5ca1be27316fb6" classname="com.github.traderjoe95.mls.protocol.tree.TreeKem" time="0.001"/>
  <testcase name="a new update path generated by the sender should be successfully processed" classname="com.github.traderjoe95.mls.protocol.tree.TreeKem" time="0.001"/>
  <testcase name="the update path should be parent-hash valid" classname="com.github.traderjoe95.mls.protocol.tree.TreeKem" time="0.0"/>
  <testcase name="the tree hash after merging the update path should be 94c9a327c2b788893d931918d1c68a1f975ade71281c16e0e0d7c8d1b78d479f" classname="com.github.traderjoe95.mls.protocol.tree.TreeKem" time="0.0"/>
  <testcase name="the decrypted path secret should be 5039399699f06abdb177c78131f24517fe13c8b958b1bca36c5ca1be27316fb6" classname="com.github.traderjoe95.mls.protocol.tree.TreeKem" time="0.001"/>
  <testcase name="a new update path generated by the sender should be successfully processed" classname="com.github.traderjoe95.mls.protocol.tree.TreeKem" time="0.001"/>
  <testcase name="the update path should be parent-hash valid" classname="com.github.traderjoe95.mls.protocol.tree.TreeKem" time="0.0"/>
  <testcase name="the tree hash after merging the update path should be 94c9a327c2b788893d931918d1c68a1f975ade71281c16e0e0d7c8d1b78d479f" classname="com.github.traderjoe95.mls.protocol.tree.TreeKem" time="0.0"/>
  <testcase name="the decrypted path secret should be 642821a6ab8071e5a283362be2e11b178858fc601189bd226b27174953d1a52b" classname="com.github.traderjoe95.mls.protocol.tree.TreeKem" time="0.0"/>
  <testcase name="a new update path generated by the sender should be successfully processed" classname="com.github.traderjoe95.mls.protocol.tree.TreeKem" time="0.001"/>
  <testcase name="non-blank leaf 0 should be consistent with the public state" classname="com.github.traderjoe95.mls.protocol.tree.TreeKem" time="0.005"/>
  <testcase name="non-blank leaf 1 should be consistent with the public state" classname="com.github.traderjoe95.mls.protocol.tree.TreeKem" time="0.005"/>
  <testcase name="non-blank leaf 2 should be consistent with the public state" classname="com.github.traderjoe95.mls.protocol.tree.TreeKem" time="0.005"/>
  <testcase name="non-blank leaf 3 should be consistent with the public state" classname="com.github.traderjoe95.mls.protocol.tree.TreeKem" time="0.005"/>
  <testcase name="non-blank leaf 4 should be consistent with the public state" classname="com.github.traderjoe95.mls.protocol.tree.TreeKem" time="0.005"/>
  <testcase name="non-blank leaf 5 should be consistent with the public state" classname="com.github.traderjoe95.mls.protocol.tree.TreeKem" time="0.005"/>
  <testcase name="non-blank leaf 6 should be consistent with the public state" classname="com.github.traderjoe95.mls.protocol.tree.TreeKem" time="0.003"/>
  <testcase name="non-blank leaf 7 should be consistent with the public state" classname="com.github.traderjoe95.mls.protocol.tree.TreeKem" time="0.001"/>
  <testcase name="the update path should be parent-hash valid" classname="com.github.traderjoe95.mls.protocol.tree.TreeKem" time="0.0"/>
  <testcase name="the tree hash after merging the update path should be d16048734dd278f4edf22f6f4bda77916e69cb653ef0c0c3ad70532a4f8b1c6f" classname="com.github.traderjoe95.mls.protocol.tree.TreeKem" time="0.001"/>
  <testcase name="the decrypted path secret should be 41f0cc5770ac0aa15bb089e01377107614cb901267edc6e607b1489fe666bbed" classname="com.github.traderjoe95.mls.protocol.tree.TreeKem" time="0.001"/>
  <testcase name="a new update path generated by the sender should be successfully processed" classname="com.github.traderjoe95.mls.protocol.tree.TreeKem" time="0.001"/>
  <testcase name="the update path should be parent-hash valid" classname="com.github.traderjoe95.mls.protocol.tree.TreeKem" time="0.0"/>
  <testcase name="the tree hash after merging the update path should be d16048734dd278f4edf22f6f4bda77916e69cb653ef0c0c3ad70532a4f8b1c6f" classname="com.github.traderjoe95.mls.protocol.tree.TreeKem" time="0.0"/>
  <testcase name="the decrypted path secret should be 4b1d2017ba245a3568f8abfcb94b0fc7a5bdb52ec283c56e644eb4d596bbbf6a" classname="com.github.traderjoe95.mls.protocol.tree.TreeKem" time="0.0"/>
  <testcase name="a new update path generated by the sender should be successfully processed" classname="com.github.traderjoe95.mls.protocol.tree.TreeKem" time="0.001"/>
  <testcase name="the update path should be parent-hash valid" classname="com.github.traderjoe95.mls.protocol.tree.TreeKem" time="0.0"/>
  <testcase name="the tree hash after merging the update path should be d16048734dd278f4edf22f6f4bda77916e69cb653ef0c0c3ad70532a4f8b1c6f" classname="com.github.traderjoe95.mls.protocol.tree.TreeKem" time="0.0"/>
  <testcase name="the decrypted path secret should be 4b1d2017ba245a3568f8abfcb94b0fc7a5bdb52ec283c56e644eb4d596bbbf6a" classname="com.github.traderjoe95.mls.protocol.tree.TreeKem" time="0.001"/>
  <testcase name="a new update path generated by the sender should be successfully processed" classname="com.github.traderjoe95.mls.protocol.tree.TreeKem" time="0.001"/>
  <testcase name="the update path should be parent-hash valid" classname="com.github.traderjoe95.mls.protocol.tree.TreeKem" time="0.001"/>
  <testcase name="the tree hash after merging the update path should be d16048734dd278f4edf22f6f4bda77916e69cb653ef0c0c3ad70532a4f8b1c6f" classname="com.github.traderjoe95.mls.protocol.tree.TreeKem" time="0.0"/>
  <testcase name="the decrypted path secret should be 5e27b32c48a72f308033bb1bc8c2fcffbde8b4b62d977599a003852523f3c2cd" classname="com.github.traderjoe95.mls.protocol.tree.TreeKem" time="0.001"/>
  <testcase name="a new update path generated by the sender should be successfully processed" classname="com.github.traderjoe95.mls.protocol.tree.TreeKem" time="0.001"/>
  <testcase name="the update path should be parent-hash valid" classname="com.github.traderjoe95.mls.protocol.tree.TreeKem" time="0.001"/>
  <testcase name="the tree hash after merging the update path should be d16048734dd278f4edf22f6f4bda77916e69cb653ef0c0c3ad70532a4f8b1c6f" classname="com.github.traderjoe95.mls.protocol.tree.TreeKem" time="0.001"/>
  <testcase name="the decrypted path secret should be 5e27b32c48a72f308033bb1bc8c2fcffbde8b4b62d977599a003852523f3c2cd" classname="com.github.traderjoe95.mls.protocol.tree.TreeKem" time="0.001"/>
  <testcase name="a new update path generated by the sender should be successfully processed" classname="com.github.traderjoe95.mls.protocol.tree.TreeKem" time="0.001"/>
  <testcase name="the update path should be parent-hash valid" classname="com.github.traderjoe95.mls.protocol.tree.TreeKem" time="0.0"/>
  <testcase name="the tree hash after merging the update path should be d16048734dd278f4edf22f6f4bda77916e69cb653ef0c0c3ad70532a4f8b1c6f" classname="com.github.traderjoe95.mls.protocol.tree.TreeKem" time="0.0"/>
  <testcase name="the decrypted path secret should be 5e27b32c48a72f308033bb1bc8c2fcffbde8b4b62d977599a003852523f3c2cd" classname="com.github.traderjoe95.mls.protocol.tree.TreeKem" time="0.001"/>
  <testcase name="a new update path generated by the sender should be successfully processed" classname="com.github.traderjoe95.mls.protocol.tree.TreeKem" time="0.001"/>
  <testcase name="the update path should be parent-hash valid" classname="com.github.traderjoe95.mls.protocol.tree.TreeKem" time="0.0"/>
  <testcase name="the tree hash after merging the update path should be d16048734dd278f4edf22f6f4bda77916e69cb653ef0c0c3ad70532a4f8b1c6f" classname="com.github.traderjoe95.mls.protocol.tree.TreeKem" time="0.001"/>
  <testcase name="the decrypted path secret should be 5e27b32c48a72f308033bb1bc8c2fcffbde8b4b62d977599a003852523f3c2cd" classname="com.github.traderjoe95.mls.protocol.tree.TreeKem" time="0.001"/>
  <testcase name="a new update path generated by the sender should be successfully processed" classname="com.github.traderjoe95.mls.protocol.tree.TreeKem" time="0.001"/>
  <testcase name="the update path should be parent-hash valid" classname="com.github.traderjoe95.mls.protocol.tree.TreeKem" time="0.0"/>
  <testcase name="the tree hash after merging the update path should be 90099327ee12de2e0f9072a24db507afe1b6f50f35c6af6006b9d0ce89949869" classname="com.github.traderjoe95.mls.protocol.tree.TreeKem" time="0.0"/>
  <testcase name="the decrypted path secret should be f1faa09db097b160650ddc80edc55d60be070bdcf7979dccdad75f8b1e324a5f" classname="com.github.traderjoe95.mls.protocol.tree.TreeKem" time="0.001"/>
  <testcase name="a new update path generated by the sender should be successfully processed" classname="com.github.traderjoe95.mls.protocol.tree.TreeKem" time="0.001"/>
  <testcase name="the update path should be parent-hash valid" classname="com.github.traderjoe95.mls.protocol.tree.TreeKem" time="0.0"/>
  <testcase name="the tree hash after merging the update path should be 90099327ee12de2e0f9072a24db507afe1b6f50f35c6af6006b9d0ce89949869" classname="com.github.traderjoe95.mls.protocol.tree.TreeKem" time="0.001"/>
  <testcase name="the decrypted path secret should be 3461e3494b6d46fa2100894c68900e835567829e0a9db1b43685295cd607696d" classname="com.github.traderjoe95.mls.protocol.tree.TreeKem" time="0.001"/>
  <testcase name="a new update path generated by the sender should be successfully processed" classname="com.github.traderjoe95.mls.protocol.tree.TreeKem" time="0.001"/>
  <testcase name="the update path should be parent-hash valid" classname="com.github.traderjoe95.mls.protocol.tree.TreeKem" time="0.0"/>
  <testcase name="the tree hash after merging the update path should be 90099327ee12de2e0f9072a24db507afe1b6f50f35c6af6006b9d0ce89949869" classname="com.github.traderjoe95.mls.protocol.tree.TreeKem" time="0.0"/>
  <testcase name="the decrypted path secret should be 3461e3494b6d46fa2100894c68900e835567829e0a9db1b43685295cd607696d" classname="com.github.traderjoe95.mls.protocol.tree.TreeKem" time="0.001"/>
  <testcase name="a new update path generated by the sender should be successfully processed" classname="com.github.traderjoe95.mls.protocol.tree.TreeKem" time="0.001"/>
  <testcase name="the update path should be parent-hash valid" classname="com.github.traderjoe95.mls.protocol.tree.TreeKem" time="0.0"/>
  <testcase name="the tree hash after merging the update path should be 90099327ee12de2e0f9072a24db507afe1b6f50f35c6af6006b9d0ce89949869" classname="com.github.traderjoe95.mls.protocol.tree.TreeKem" time="0.0"/>
  <testcase name="the decrypted path secret should be 58c44a6d4b5ac195daad1d4a00fd11f400c7c5933c4e965939930f0c45a46abc" classname="com.github.traderjoe95.mls.protocol.tree.TreeKem" time="0.0"/>
  <testcase name="a new update path generated by the sender should be successfully processed" classname="com.github.traderjoe95.mls.protocol.tree.TreeKem" time="0.001"/>
  <testcase name="the update path should be parent-hash valid" classname="com.github.traderjoe95.mls.protocol.tree.TreeKem" time="0.0"/>
  <testcase name="the tree hash after merging the update path should be 90099327ee12de2e0f9072a24db507afe1b6f50f35c6af6006b9d0ce89949869" classname="com.github.traderjoe95.mls.protocol.tree.TreeKem" time="0.0"/>
  <testcase name="the decrypted path secret should be 58c44a6d4b5ac195daad1d4a00fd11f400c7c5933c4e965939930f0c45a46abc" classname="com.github.traderjoe95.mls.protocol.tree.TreeKem" time="0.001"/>
  <testcase name="a new update path generated by the sender should be successfully processed" classname="com.github.traderjoe95.mls.protocol.tree.TreeKem" time="0.001"/>
  <testcase name="the update path should be parent-hash valid" classname="com.github.traderjoe95.mls.protocol.tree.TreeKem" time="0.0"/>
  <testcase name="the tree hash after merging the update path should be 90099327ee12de2e0f9072a24db507afe1b6f50f35c6af6006b9d0ce89949869" classname="com.github.traderjoe95.mls.protocol.tree.TreeKem" time="0.0"/>
  <testcase name="the decrypted path secret should be 58c44a6d4b5ac195daad1d4a00fd11f400c7c5933c4e965939930f0c45a46abc" classname="com.github.traderjoe95.mls.protocol.tree.TreeKem" time="0.001"/>
  <testcase name="a new update path generated by the sender should be successfully processed" classname="com.github.traderjoe95.mls.protocol.tree.TreeKem" time="0.001"/>
  <testcase name="the update path should be parent-hash valid" classname="com.github.traderjoe95.mls.protocol.tree.TreeKem" time="0.0"/>
  <testcase name="the tree hash after merging the update path should be 90099327ee12de2e0f9072a24db507afe1b6f50f35c6af6006b9d0ce89949869" classname="com.github.traderjoe95.mls.protocol.tree.TreeKem" time="0.001"/>
  <testcase name="the decrypted path secret should be 58c44a6d4b5ac195daad1d4a00fd11f400c7c5933c4e965939930f0c45a46abc" classname="com.github.traderjoe95.mls.protocol.tree.TreeKem" time="0.0"/>
  <testcase name="a new update path generated by the sender should be successfully processed" classname="com.github.traderjoe95.mls.protocol.tree.TreeKem" time="0.001"/>
  <testcase name="the update path should be parent-hash valid" classname="com.github.traderjoe95.mls.protocol.tree.TreeKem" time="0.001"/>
  <testcase name="the tree hash after merging the update path should be 50c5b15cbbc29c0a5ec5740145d261dec93cb648be0be20f775abddcfcf61cbe" classname="com.github.traderjoe95.mls.protocol.tree.TreeKem" time="0.0"/>
  <testcase name="the decrypted path secret should be df21f3f450078160149984b24f6a51de7c382b2bb6722dd04ee8189ebbee414c" classname="com.github.traderjoe95.mls.protocol.tree.TreeKem" time="0.001"/>
  <testcase name="a new update path generated by the sender should be successfully processed" classname="com.github.traderjoe95.mls.protocol.tree.TreeKem" time="0.001"/>
  <testcase name="the update path should be parent-hash valid" classname="com.github.traderjoe95.mls.protocol.tree.TreeKem" time="0.0"/>
  <testcase name="the tree hash after merging the update path should be 50c5b15cbbc29c0a5ec5740145d261dec93cb648be0be20f775abddcfcf61cbe" classname="com.github.traderjoe95.mls.protocol.tree.TreeKem" time="0.0"/>
  <testcase name="the decrypted path secret should be df21f3f450078160149984b24f6a51de7c382b2bb6722dd04ee8189ebbee414c" classname="com.github.traderjoe95.mls.protocol.tree.TreeKem" time="0.0"/>
  <testcase name="a new update path generated by the sender should be successfully processed" classname="com.github.traderjoe95.mls.protocol.tree.TreeKem" time="0.001"/>
  <testcase name="the update path should be parent-hash valid" classname="com.github.traderjoe95.mls.protocol.tree.TreeKem" time="0.0"/>
  <testcase name="the tree hash after merging the update path should be 50c5b15cbbc29c0a5ec5740145d261dec93cb648be0be20f775abddcfcf61cbe" classname="com.github.traderjoe95.mls.protocol.tree.TreeKem" time="0.0"/>
  <testcase name="the decrypted path secret should be 398b90a1bdb41aa5138affaf03ef4d0a737ff54bb6954dbf6a857ac8554be8a1" classname="com.github.traderjoe95.mls.protocol.tree.TreeKem" time="0.001"/>
  <testcase name="a new update path generated by the sender should be successfully processed" classname="com.github.traderjoe95.mls.protocol.tree.TreeKem" time="0.0"/>
  <testcase name="the update path should be parent-hash valid" classname="com.github.traderjoe95.mls.protocol.tree.TreeKem" time="0.001"/>
  <testcase name="the tree hash after merging the update path should be 50c5b15cbbc29c0a5ec5740145d261dec93cb648be0be20f775abddcfcf61cbe" classname="com.github.traderjoe95.mls.protocol.tree.TreeKem" time="0.0"/>
  <testcase name="the decrypted path secret should be 97fb490acbc70afd0363d81b4412e8d388190a7f93deababce934b34b3481fd8" classname="com.github.traderjoe95.mls.protocol.tree.TreeKem" time="0.001"/>
  <testcase name="a new update path generated by the sender should be successfully processed" classname="com.github.traderjoe95.mls.protocol.tree.TreeKem" time="0.001"/>
  <testcase name="the update path should be parent-hash valid" classname="com.github.traderjoe95.mls.protocol.tree.TreeKem" time="0.0"/>
  <testcase name="the tree hash after merging the update path should be 50c5b15cbbc29c0a5ec5740145d261dec93cb648be0be20f775abddcfcf61cbe" classname="com.github.traderjoe95.mls.protocol.tree.TreeKem" time="0.0"/>
  <testcase name="the decrypted path secret should be 97fb490acbc70afd0363d81b4412e8d388190a7f93deababce934b34b3481fd8" classname="com.github.traderjoe95.mls.protocol.tree.TreeKem" time="0.0"/>
  <testcase name="a new update path generated by the sender should be successfully processed" classname="com.github.traderjoe95.mls.protocol.tree.TreeKem" time="0.001"/>
  <testcase name="the update path should be parent-hash valid" classname="com.github.traderjoe95.mls.protocol.tree.TreeKem" time="0.0"/>
  <testcase name="the tree hash after merging the update path should be 50c5b15cbbc29c0a5ec5740145d261dec93cb648be0be20f775abddcfcf61cbe" classname="com.github.traderjoe95.mls.protocol.tree.TreeKem" time="0.001"/>
  <testcase name="the decrypted path secret should be 97fb490acbc70afd0363d81b4412e8d388190a7f93deababce934b34b3481fd8" classname="com.github.traderjoe95.mls.protocol.tree.TreeKem" time="0.001"/>
  <testcase name="a new update path generated by the sender should be successfully processed" classname="com.github.traderjoe95.mls.protocol.tree.TreeKem" time="0.001"/>
  <testcase name="the update path should be parent-hash valid" classname="com.github.traderjoe95.mls.protocol.tree.TreeKem" time="0.001"/>
  <testcase name="the tree hash after merging the update path should be 50c5b15cbbc29c0a5ec5740145d261dec93cb648be0be20f775abddcfcf61cbe" classname="com.github.traderjoe95.mls.protocol.tree.TreeKem" time="0.0"/>
  <testcase name="the decrypted path secret should be 97fb490acbc70afd0363d81b4412e8d388190a7f93deababce934b34b3481fd8" classname="com.github.traderjoe95.mls.protocol.tree.TreeKem" time="0.001"/>
  <testcase name="a new update path generated by the sender should be successfully processed" classname="com.github.traderjoe95.mls.protocol.tree.TreeKem" time="0.001"/>
  <testcase name="the update path should be parent-hash valid" classname="com.github.traderjoe95.mls.protocol.tree.TreeKem" time="0.0"/>
  <testcase name="the tree hash after merging the update path should be 10059374e0c784e36073c85a5dec9e3fed100091236b4bed59751c3147de77c5" classname="com.github.traderjoe95.mls.protocol.tree.TreeKem" time="0.001"/>
  <testcase name="the decrypted path secret should be 7fd55f6f6455fd793ab1e440d81f53c8f1252fdf69fc5916ca1582497dd54fae" classname="com.github.traderjoe95.mls.protocol.tree.TreeKem" time="0.001"/>
  <testcase name="a new update path generated by the sender should be successfully processed" classname="com.github.traderjoe95.mls.protocol.tree.TreeKem" time="0.002"/>
  <testcase name="the update path should be parent-hash valid" classname="com.github.traderjoe95.mls.protocol.tree.TreeKem" time="0.0"/>
  <testcase name="the tree hash after merging the update path should be 10059374e0c784e36073c85a5dec9e3fed100091236b4bed59751c3147de77c5" classname="com.github.traderjoe95.mls.protocol.tree.TreeKem" time="0.001"/>
  <testcase name="the decrypted path secret should be 7fd55f6f6455fd793ab1e440d81f53c8f1252fdf69fc5916ca1582497dd54fae" classname="com.github.traderjoe95.mls.protocol.tree.TreeKem" time="0.001"/>
  <testcase name="a new update path generated by the sender should be successfully processed" classname="com.github.traderjoe95.mls.protocol.tree.TreeKem" time="0.001"/>
  <testcase name="the update path should be parent-hash valid" classname="com.github.traderjoe95.mls.protocol.tree.TreeKem" time="0.0"/>
  <testcase name="the tree hash after merging the update path should be 10059374e0c784e36073c85a5dec9e3fed100091236b4bed59751c3147de77c5" classname="com.github.traderjoe95.mls.protocol.tree.TreeKem" time="0.0"/>
  <testcase name="the decrypted path secret should be 31278a6e522d502e47fe4fdb8766a3ad3fe69a828b8a26825c2b758f5373be22" classname="com.github.traderjoe95.mls.protocol.tree.TreeKem" time="0.0"/>
  <testcase name="a new update path generated by the sender should be successfully processed" classname="com.github.traderjoe95.mls.protocol.tree.TreeKem" time="0.001"/>
  <testcase name="the update path should be parent-hash valid" classname="com.github.traderjoe95.mls.protocol.tree.TreeKem" time="0.0"/>
  <testcase name="the tree hash after merging the update path should be 10059374e0c784e36073c85a5dec9e3fed100091236b4bed59751c3147de77c5" classname="com.github.traderjoe95.mls.protocol.tree.TreeKem" time="0.001"/>
  <testcase name="the decrypted path secret should be a7b8632f2e245c59dc20d90e6e5cfe49ca27639bc029a7b9250550d69d410447" classname="com.github.traderjoe95.mls.protocol.tree.TreeKem" time="0.001"/>
  <testcase name="a new update path generated by the sender should be successfully processed" classname="com.github.traderjoe95.mls.protocol.tree.TreeKem" time="0.001"/>
  <testcase name="the update path should be parent-hash valid" classname="com.github.traderjoe95.mls.protocol.tree.TreeKem" time="0.0"/>
  <testcase name="the tree hash after merging the update path should be 10059374e0c784e36073c85a5dec9e3fed100091236b4bed59751c3147de77c5" classname="com.github.traderjoe95.mls.protocol.tree.TreeKem" time="0.0"/>
  <testcase name="the decrypted path secret should be a7b8632f2e245c59dc20d90e6e5cfe49ca27639bc029a7b9250550d69d410447" classname="com.github.traderjoe95.mls.protocol.tree.TreeKem" time="0.0"/>
  <testcase name="a new update path generated by the sender should be successfully processed" classname="com.github.traderjoe95.mls.protocol.tree.TreeKem" time="0.001"/>
  <testcase name="the update path should be parent-hash valid" classname="com.github.traderjoe95.mls.protocol.tree.TreeKem" time="0.0"/>
  <testcase name="the tree hash after merging the update path should be 10059374e0c784e36073c85a5dec9e3fed100091236b4bed59751c3147de77c5" classname="com.github.traderjoe95.mls.protocol.tree.TreeKem" time="0.001"/>
  <testcase name="the decrypted path secret should be a7b8632f2e245c59dc20d90e6e5cfe49ca27639bc029a7b9250550d69d410447" classname="com.github.traderjoe95.mls.protocol.tree.TreeKem" time="0.001"/>
  <testcase name="a new update path generated by the sender should be successfully processed" classname="com.github.traderjoe95.mls.protocol.tree.TreeKem" time="0.001"/>
  <testcase name="the update path should be parent-hash valid" classname="com.github.traderjoe95.mls.protocol.tree.TreeKem" time="0.001"/>
  <testcase name="the tree hash after merging the update path should be 10059374e0c784e36073c85a5dec9e3fed100091236b4bed59751c3147de77c5" classname="com.github.traderjoe95.mls.protocol.tree.TreeKem" time="0.001"/>
  <testcase name="the decrypted path secret should be a7b8632f2e245c59dc20d90e6e5cfe49ca27639bc029a7b9250550d69d410447" classname="com.github.traderjoe95.mls.protocol.tree.TreeKem" time="0.001"/>
  <testcase name="a new update path generated by the sender should be successfully processed" classname="com.github.traderjoe95.mls.protocol.tree.TreeKem" time="0.001"/>
  <testcase name="the update path should be parent-hash valid" classname="com.github.traderjoe95.mls.protocol.tree.TreeKem" time="0.001"/>
  <testcase name="the tree hash after merging the update path should be a08d6f49f56e48435be8467b79c6cca33fdc7a1682a876976120cf21df3e9ce9" classname="com.github.traderjoe95.mls.protocol.tree.TreeKem" time="0.001"/>
  <testcase name="the decrypted path secret should be 0243bb585be674a6425c747666449f53aa2a58233e582cbf45f316fad565b6a7" classname="com.github.traderjoe95.mls.protocol.tree.TreeKem" time="0.0"/>
  <testcase name="a new update path generated by the sender should be successfully processed" classname="com.github.traderjoe95.mls.protocol.tree.TreeKem" time="0.001"/>
  <testcase name="the update path should be parent-hash valid" classname="com.github.traderjoe95.mls.protocol.tree.TreeKem" time="0.0"/>
  <testcase name="the tree hash after merging the update path should be a08d6f49f56e48435be8467b79c6cca33fdc7a1682a876976120cf21df3e9ce9" classname="com.github.traderjoe95.mls.protocol.tree.TreeKem" time="0.0"/>
  <testcase name="the decrypted path secret should be 0243bb585be674a6425c747666449f53aa2a58233e582cbf45f316fad565b6a7" classname="com.github.traderjoe95.mls.protocol.tree.TreeKem" time="0.001"/>
  <testcase name="a new update path generated by the sender should be successfully processed" classname="com.github.traderjoe95.mls.protocol.tree.TreeKem" time="0.001"/>
  <testcase name="the update path should be parent-hash valid" classname="com.github.traderjoe95.mls.protocol.tree.TreeKem" time="0.001"/>
  <testcase name="the tree hash after merging the update path should be a08d6f49f56e48435be8467b79c6cca33fdc7a1682a876976120cf21df3e9ce9" classname="com.github.traderjoe95.mls.protocol.tree.TreeKem" time="0.0"/>
  <testcase name="the decrypted path secret should be 0243bb585be674a6425c747666449f53aa2a58233e582cbf45f316fad565b6a7" classname="com.github.traderjoe95.mls.protocol.tree.TreeKem" time="0.001"/>
  <testcase name="a new update path generated by the sender should be successfully processed" classname="com.github.traderjoe95.mls.protocol.tree.TreeKem" time="0.001"/>
  <testcase name="the update path should be parent-hash valid" classname="com.github.traderjoe95.mls.protocol.tree.TreeKem" time="0.0"/>
  <testcase name="the tree hash after merging the update path should be a08d6f49f56e48435be8467b79c6cca33fdc7a1682a876976120cf21df3e9ce9" classname="com.github.traderjoe95.mls.protocol.tree.TreeKem" time="0.001"/>
  <testcase name="the decrypted path secret should be 0243bb585be674a6425c747666449f53aa2a58233e582cbf45f316fad565b6a7" classname="com.github.traderjoe95.mls.protocol.tree.TreeKem" time="0.001"/>
  <testcase name="a new update path generated by the sender should be successfully processed" classname="com.github.traderjoe95.mls.protocol.tree.TreeKem" time="0.001"/>
  <testcase name="the update path should be parent-hash valid" classname="com.github.traderjoe95.mls.protocol.tree.TreeKem" time="0.0"/>
  <testcase name="the tree hash after merging the update path should be a08d6f49f56e48435be8467b79c6cca33fdc7a1682a876976120cf21df3e9ce9" classname="com.github.traderjoe95.mls.protocol.tree.TreeKem" time="0.0"/>
  <testcase name="the decrypted path secret should be 9eb345ed606da1b0f2e26074c5e202e64cc6326bb5013d9791ffb52a88a24723" classname="com.github.traderjoe95.mls.protocol.tree.TreeKem" time="0.0"/>
  <testcase name="a new update path generated by the sender should be successfully processed" classname="com.github.traderjoe95.mls.protocol.tree.TreeKem" time="0.001"/>
  <testcase name="the update path should be parent-hash valid" classname="com.github.traderjoe95.mls.protocol.tree.TreeKem" time="0.0"/>
  <testcase name="the tree hash after merging the update path should be a08d6f49f56e48435be8467b79c6cca33fdc7a1682a876976120cf21df3e9ce9" classname="com.github.traderjoe95.mls.protocol.tree.TreeKem" time="0.0"/>
  <testcase name="the decrypted path secret should be 8294df222fba9f9c5dfc9d7fc6b10786c14b37776860c9e8f540689b0ef33a38" classname="com.github.traderjoe95.mls.protocol.tree.TreeKem" time="0.0"/>
  <testcase name="a new update path generated by the sender should be successfully processed" classname="com.github.traderjoe95.mls.protocol.tree.TreeKem" time="0.001"/>
  <testcase name="the update path should be parent-hash valid" classname="com.github.traderjoe95.mls.protocol.tree.TreeKem" time="0.0"/>
  <testcase name="the tree hash after merging the update path should be a08d6f49f56e48435be8467b79c6cca33fdc7a1682a876976120cf21df3e9ce9" classname="com.github.traderjoe95.mls.protocol.tree.TreeKem" time="0.0"/>
  <testcase name="the decrypted path secret should be 8294df222fba9f9c5dfc9d7fc6b10786c14b37776860c9e8f540689b0ef33a38" classname="com.github.traderjoe95.mls.protocol.tree.TreeKem" time="0.0"/>
  <testcase name="a new update path generated by the sender should be successfully processed" classname="com.github.traderjoe95.mls.protocol.tree.TreeKem" time="0.001"/>
  <testcase name="the update path should be parent-hash valid" classname="com.github.traderjoe95.mls.protocol.tree.TreeKem" time="0.001"/>
  <testcase name="the tree hash after merging the update path should be d419ba9fbae87f30455425133a6667771fe4d427ed9488b7991a0b98e8722d84" classname="com.github.traderjoe95.mls.protocol.tree.TreeKem" time="0.0"/>
  <testcase name="the decrypted path secret should be 1708cf4bf126f7ce5f84a8381a38a56eb12672aa4406494b3a2d8c5ab2a1111d" classname="com.github.traderjoe95.mls.protocol.tree.TreeKem" time="0.001"/>
  <testcase name="a new update path generated by the sender should be successfully processed" classname="com.github.traderjoe95.mls.protocol.tree.TreeKem" time="0.001"/>
  <testcase name="the update path should be parent-hash valid" classname="com.github.traderjoe95.mls.protocol.tree.TreeKem" time="0.0"/>
  <testcase name="the tree hash after merging the update path should be d419ba9fbae87f30455425133a6667771fe4d427ed9488b7991a0b98e8722d84" classname="com.github.traderjoe95.mls.protocol.tree.TreeKem" time="0.0"/>
  <testcase name="the decrypted path secret should be 1708cf4bf126f7ce5f84a8381a38a56eb12672aa4406494b3a2d8c5ab2a1111d" classname="com.github.traderjoe95.mls.protocol.tree.TreeKem" time="0.001"/>
  <testcase name="a new update path generated by the sender should be successfully processed" classname="com.github.traderjoe95.mls.protocol.tree.TreeKem" time="0.001"/>
  <testcase name="the update path should be parent-hash valid" classname="com.github.traderjoe95.mls.protocol.tree.TreeKem" time="0.0"/>
  <testcase name="the tree hash after merging the update path should be d419ba9fbae87f30455425133a6667771fe4d427ed9488b7991a0b98e8722d84" classname="com.github.traderjoe95.mls.protocol.tree.TreeKem" time="0.0"/>
  <testcase name="the decrypted path secret should be 1708cf4bf126f7ce5f84a8381a38a56eb12672aa4406494b3a2d8c5ab2a1111d" classname="com.github.traderjoe95.mls.protocol.tree.TreeKem" time="0.001"/>
  <testcase name="a new update path generated by the sender should be successfully processed" classname="com.github.traderjoe95.mls.protocol.tree.TreeKem" time="0.001"/>
  <testcase name="the update path should be parent-hash valid" classname="com.github.traderjoe95.mls.protocol.tree.TreeKem" time="0.001"/>
  <testcase name="the tree hash after merging the update path should be d419ba9fbae87f30455425133a6667771fe4d427ed9488b7991a0b98e8722d84" classname="com.github.traderjoe95.mls.protocol.tree.TreeKem" time="0.001"/>
  <testcase name="the decrypted path secret should be 1708cf4bf126f7ce5f84a8381a38a56eb12672aa4406494b3a2d8c5ab2a1111d" classname="com.github.traderjoe95.mls.protocol.tree.TreeKem" time="0.001"/>
  <testcase name="a new update path generated by the sender should be successfully processed" classname="com.github.traderjoe95.mls.protocol.tree.TreeKem" time="0.002"/>
  <testcase name="the update path should be parent-hash valid" classname="com.github.traderjoe95.mls.protocol.tree.TreeKem" time="0.0"/>
  <testcase name="the tree hash after merging the update path should be d419ba9fbae87f30455425133a6667771fe4d427ed9488b7991a0b98e8722d84" classname="com.github.traderjoe95.mls.protocol.tree.TreeKem" time="0.001"/>
  <testcase name="the decrypted path secret should be 33c1426447e30233c502dc59c090d3d2f9481c5659934e77583d09d66b93d54f" classname="com.github.traderjoe95.mls.protocol.tree.TreeKem" time="0.001"/>
  <testcase name="a new update path generated by the sender should be successfully processed" classname="com.github.traderjoe95.mls.protocol.tree.TreeKem" time="0.001"/>
  <testcase name="the update path should be parent-hash valid" classname="com.github.traderjoe95.mls.protocol.tree.TreeKem" time="0.0"/>
  <testcase name="the tree hash after merging the update path should be d419ba9fbae87f30455425133a6667771fe4d427ed9488b7991a0b98e8722d84" classname="com.github.traderjoe95.mls.protocol.tree.TreeKem" time="0.001"/>
  <testcase name="the decrypted path secret should be 895634d4655fbd7ac83dc59d56e8f515a6cae8e42e451c5ad1d97ad48770b6fa" classname="com.github.traderjoe95.mls.protocol.tree.TreeKem" time="0.001"/>
  <testcase name="a new update path generated by the sender should be successfully processed" classname="com.github.traderjoe95.mls.protocol.tree.TreeKem" time="0.001"/>
  <testcase name="the update path should be parent-hash valid" classname="com.github.traderjoe95.mls.protocol.tree.TreeKem" time="0.0"/>
  <testcase name="the tree hash after merging the update path should be d419ba9fbae87f30455425133a6667771fe4d427ed9488b7991a0b98e8722d84" classname="com.github.traderjoe95.mls.protocol.tree.TreeKem" time="0.001"/>
  <testcase name="the decrypted path secret should be 895634d4655fbd7ac83dc59d56e8f515a6cae8e42e451c5ad1d97ad48770b6fa" classname="com.github.traderjoe95.mls.protocol.tree.TreeKem" time="0.001"/>
  <testcase name="a new update path generated by the sender should be successfully processed" classname="com.github.traderjoe95.mls.protocol.tree.TreeKem" time="0.002"/>
  <testcase name="the update path should be parent-hash valid" classname="com.github.traderjoe95.mls.protocol.tree.TreeKem" time="0.0"/>
  <testcase name="the tree hash after merging the update path should be f1e572ba74945ca04b75c1893a47948ce4ae132954d03cd487b600747ee03eb3" classname="com.github.traderjoe95.mls.protocol.tree.TreeKem" time="0.0"/>
  <testcase name="the decrypted path secret should be 69d645db18ccc556e427a575c037287d5d90cee364839d90bbe930c67cf78eaa" classname="com.github.traderjoe95.mls.protocol.tree.TreeKem" time="0.001"/>
  <testcase name="a new update path generated by the sender should be successfully processed" classname="com.github.traderjoe95.mls.protocol.tree.TreeKem" time="0.001"/>
  <testcase name="the update path should be parent-hash valid" classname="com.github.traderjoe95.mls.protocol.tree.TreeKem" time="0.0"/>
  <testcase name="the tree hash after merging the update path should be f1e572ba74945ca04b75c1893a47948ce4ae132954d03cd487b600747ee03eb3" classname="com.github.traderjoe95.mls.protocol.tree.TreeKem" time="0.0"/>
  <testcase name="the decrypted path secret should be 69d645db18ccc556e427a575c037287d5d90cee364839d90bbe930c67cf78eaa" classname="com.github.traderjoe95.mls.protocol.tree.TreeKem" time="0.001"/>
  <testcase name="a new update path generated by the sender should be successfully processed" classname="com.github.traderjoe95.mls.protocol.tree.TreeKem" time="0.001"/>
  <testcase name="the update path should be parent-hash valid" classname="com.github.traderjoe95.mls.protocol.tree.TreeKem" time="0.0"/>
  <testcase name="the tree hash after merging the update path should be f1e572ba74945ca04b75c1893a47948ce4ae132954d03cd487b600747ee03eb3" classname="com.github.traderjoe95.mls.protocol.tree.TreeKem" time="0.001"/>
  <testcase name="the decrypted path secret should be 69d645db18ccc556e427a575c037287d5d90cee364839d90bbe930c67cf78eaa" classname="com.github.traderjoe95.mls.protocol.tree.TreeKem" time="0.001"/>
  <testcase name="a new update path generated by the sender should be successfully processed" classname="com.github.traderjoe95.mls.protocol.tree.TreeKem" time="0.001"/>
  <testcase name="the update path should be parent-hash valid" classname="com.github.traderjoe95.mls.protocol.tree.TreeKem" time="0.0"/>
  <testcase name="the tree hash after merging the update path should be f1e572ba74945ca04b75c1893a47948ce4ae132954d03cd487b600747ee03eb3" classname="com.github.traderjoe95.mls.protocol.tree.TreeKem" time="0.001"/>
  <testcase name="the decrypted path secret should be 69d645db18ccc556e427a575c037287d5d90cee364839d90bbe930c67cf78eaa" classname="com.github.traderjoe95.mls.protocol.tree.TreeKem" time="0.001"/>
  <testcase name="a new update path generated by the sender should be successfully processed" classname="com.github.traderjoe95.mls.protocol.tree.TreeKem" time="0.001"/>
  <testcase name="the update path should be parent-hash valid" classname="com.github.traderjoe95.mls.protocol.tree.TreeKem" time="0.0"/>
  <testcase name="the tree hash after merging the update path should be f1e572ba74945ca04b75c1893a47948ce4ae132954d03cd487b600747ee03eb3" classname="com.github.traderjoe95.mls.protocol.tree.TreeKem" time="0.001"/>
  <testcase name="the decrypted path secret should be 7c1af226430c54b48abf8106cabd33a17df689ecc71b039d08396c571de9b3cc" classname="com.github.traderjoe95.mls.protocol.tree.TreeKem" time="0.001"/>
  <testcase name="a new update path generated by the sender should be successfully processed" classname="com.github.traderjoe95.mls.protocol.tree.TreeKem" time="0.001"/>
  <testcase name="the update path should be parent-hash valid" classname="com.github.traderjoe95.mls.protocol.tree.TreeKem" time="0.0"/>
  <testcase name="the tree hash after merging the update path should be f1e572ba74945ca04b75c1893a47948ce4ae132954d03cd487b600747ee03eb3" classname="com.github.traderjoe95.mls.protocol.tree.TreeKem" time="0.0"/>
  <testcase name="the decrypted path secret should be 7c1af226430c54b48abf8106cabd33a17df689ecc71b039d08396c571de9b3cc" classname="com.github.traderjoe95.mls.protocol.tree.TreeKem" time="0.001"/>
  <testcase name="a new update path generated by the sender should be successfully processed" classname="com.github.traderjoe95.mls.protocol.tree.TreeKem" time="0.001"/>
  <testcase name="the update path should be parent-hash valid" classname="com.github.traderjoe95.mls.protocol.tree.TreeKem" time="0.001"/>
  <testcase name="the tree hash after merging the update path should be f1e572ba74945ca04b75c1893a47948ce4ae132954d03cd487b600747ee03eb3" classname="com.github.traderjoe95.mls.protocol.tree.TreeKem" time="0.0"/>
  <testcase name="the decrypted path secret should be 7ecabadaf4754c8ae3b99ff3b392a64065138ebf0bd01aa5f026753e2c84315a" classname="com.github.traderjoe95.mls.protocol.tree.TreeKem" time="0.001"/>
  <testcase name="a new update path generated by the sender should be successfully processed" classname="com.github.traderjoe95.mls.protocol.tree.TreeKem" time="0.001"/>
  <testcase name="the update path should be parent-hash valid" classname="com.github.traderjoe95.mls.protocol.tree.TreeKem" time="0.0"/>
  <testcase name="the tree hash after merging the update path should be b77b52397dd8d2d69e06dd6720009c102c3563d6d6c7924aeffc5ae5c693a5a5" classname="com.github.traderjoe95.mls.protocol.tree.TreeKem" time="0.0"/>
  <testcase name="the decrypted path secret should be 9c5d76d2edf5cb32c286a6f414c0787480d24e05553064ab7e88c185ba75db8f" classname="com.github.traderjoe95.mls.protocol.tree.TreeKem" time="0.0"/>
  <testcase name="a new update path generated by the sender should be successfully processed" classname="com.github.traderjoe95.mls.protocol.tree.TreeKem" time="0.001"/>
  <testcase name="the update path should be parent-hash valid" classname="com.github.traderjoe95.mls.protocol.tree.TreeKem" time="0.0"/>
  <testcase name="the tree hash after merging the update path should be b77b52397dd8d2d69e06dd6720009c102c3563d6d6c7924aeffc5ae5c693a5a5" classname="com.github.traderjoe95.mls.protocol.tree.TreeKem" time="0.0"/>
  <testcase name="the decrypted path secret should be 9c5d76d2edf5cb32c286a6f414c0787480d24e05553064ab7e88c185ba75db8f" classname="com.github.traderjoe95.mls.protocol.tree.TreeKem" time="0.001"/>
  <testcase name="a new update path generated by the sender should be successfully processed" classname="com.github.traderjoe95.mls.protocol.tree.TreeKem" time="0.001"/>
  <testcase name="the update path should be parent-hash valid" classname="com.github.traderjoe95.mls.protocol.tree.TreeKem" time="0.0"/>
  <testcase name="the tree hash after merging the update path should be b77b52397dd8d2d69e06dd6720009c102c3563d6d6c7924aeffc5ae5c693a5a5" classname="com.github.traderjoe95.mls.protocol.tree.TreeKem" time="0.0"/>
  <testcase name="the decrypted path secret should be 9c5d76d2edf5cb32c286a6f414c0787480d24e05553064ab7e88c185ba75db8f" classname="com.github.traderjoe95.mls.protocol.tree.TreeKem" time="0.001"/>
  <testcase name="a new update path generated by the sender should be successfully processed" classname="com.github.traderjoe95.mls.protocol.tree.TreeKem" time="0.001"/>
  <testcase name="the update path should be parent-hash valid" classname="com.github.traderjoe95.mls.protocol.tree.TreeKem" time="0.0"/>
  <testcase name="the tree hash after merging the update path should be b77b52397dd8d2d69e06dd6720009c102c3563d6d6c7924aeffc5ae5c693a5a5" classname="com.github.traderjoe95.mls.protocol.tree.TreeKem" time="0.0"/>
  <testcase name="the decrypted path secret should be 9c5d76d2edf5cb32c286a6f414c0787480d24e05553064ab7e88c185ba75db8f" classname="com.github.traderjoe95.mls.protocol.tree.TreeKem" time="0.001"/>
  <testcase name="a new update path generated by the sender should be successfully processed" classname="com.github.traderjoe95.mls.protocol.tree.TreeKem" time="0.002"/>
  <testcase name="the update path should be parent-hash valid" classname="com.github.traderjoe95.mls.protocol.tree.TreeKem" time="0.0"/>
  <testcase name="the tree hash after merging the update path should be b77b52397dd8d2d69e06dd6720009c102c3563d6d6c7924aeffc5ae5c693a5a5" classname="com.github.traderjoe95.mls.protocol.tree.TreeKem" time="0.0"/>
  <testcase name="the decrypted path secret should be 3372dd26ad1ae4373da219e4f6d1a5c5646c0462ae7ed435ec4635bd6143e91d" classname="com.github.traderjoe95.mls.protocol.tree.TreeKem" time="0.001"/>
  <testcase name="a new update path generated by the sender should be successfully processed" classname="com.github.traderjoe95.mls.protocol.tree.TreeKem" time="0.001"/>
  <testcase name="the update path should be parent-hash valid" classname="com.github.traderjoe95.mls.protocol.tree.TreeKem" time="0.0"/>
  <testcase name="the tree hash after merging the update path should be b77b52397dd8d2d69e06dd6720009c102c3563d6d6c7924aeffc5ae5c693a5a5" classname="com.github.traderjoe95.mls.protocol.tree.TreeKem" time="0.0"/>
  <testcase name="the decrypted path secret should be 3372dd26ad1ae4373da219e4f6d1a5c5646c0462ae7ed435ec4635bd6143e91d" classname="com.github.traderjoe95.mls.protocol.tree.TreeKem" time="0.001"/>
  <testcase name="a new update path generated by the sender should be successfully processed" classname="com.github.traderjoe95.mls.protocol.tree.TreeKem" time="0.001"/>
  <testcase name="the update path should be parent-hash valid" classname="com.github.traderjoe95.mls.protocol.tree.TreeKem" time="0.001"/>
  <testcase name="the tree hash after merging the update path should be b77b52397dd8d2d69e06dd6720009c102c3563d6d6c7924aeffc5ae5c693a5a5" classname="com.github.traderjoe95.mls.protocol.tree.TreeKem" time="0.0"/>
  <testcase name="the decrypted path secret should be 65e22affc85f3afc1528877582b758adcd27695263354e5fbfa18a272fdffcb3" classname="com.github.traderjoe95.mls.protocol.tree.TreeKem" time="0.001"/>
  <testcase name="a new update path generated by the sender should be successfully processed" classname="com.github.traderjoe95.mls.protocol.tree.TreeKem" time="0.001"/>
  <testcase name="non-blank leaf 0 should be consistent with the public state" classname="com.github.traderjoe95.mls.protocol.tree.TreeKem" time="0.005"/>
  <testcase name="non-blank leaf 1 should be consistent with the public state" classname="com.github.traderjoe95.mls.protocol.tree.TreeKem" time="0.005"/>
  <testcase name="non-blank leaf 2 should be consistent with the public state" classname="com.github.traderjoe95.mls.protocol.tree.TreeKem" time="0.004"/>
  <testcase name="non-blank leaf 3 should be consistent with the public state" classname="com.github.traderjoe95.mls.protocol.tree.TreeKem" time="0.004"/>
  <testcase name="non-blank leaf 4 should be consistent with the public state" classname="com.github.traderjoe95.mls.protocol.tree.TreeKem" time="0.003"/>
  <testcase name="non-blank leaf 5 should be consistent with the public state" classname="com.github.traderjoe95.mls.protocol.tree.TreeKem" time="0.001"/>
  <testcase name="non-blank leaf 6 should be consistent with the public state" classname="com.github.traderjoe95.mls.protocol.tree.TreeKem" time="0.004"/>
  <testcase name="the update path should be parent-hash valid" classname="com.github.traderjoe95.mls.protocol.tree.TreeKem" time="0.0"/>
  <testcase name="the tree hash after merging the update path should be aaeaa5b8e2ac0816645c201d1d244d28b9f4884c42b06d242e40e017688d8586" classname="com.github.traderjoe95.mls.protocol.tree.TreeKem" time="0.001"/>
  <testcase name="the decrypted path secret should be 9690cfcb64866bdcb2d634392aee7528a892d33d741d18c937b70787e4153939" classname="com.github.traderjoe95.mls.protocol.tree.TreeKem" time="0.001"/>
  <testcase name="a new update path generated by the sender should be successfully processed" classname="com.github.traderjoe95.mls.protocol.tree.TreeKem" time="0.001"/>
  <testcase name="the update path should be parent-hash valid" classname="com.github.traderjoe95.mls.protocol.tree.TreeKem" time="0.0"/>
  <testcase name="the tree hash after merging the update path should be aaeaa5b8e2ac0816645c201d1d244d28b9f4884c42b06d242e40e017688d8586" classname="com.github.traderjoe95.mls.protocol.tree.TreeKem" time="0.001"/>
  <testcase name="the decrypted path secret should be 0dc354c43c775fac365d601bea02575778cf2294dd7b8a03eb8bd26fc55790d9" classname="com.github.traderjoe95.mls.protocol.tree.TreeKem" time="0.001"/>
  <testcase name="a new update path generated by the sender should be successfully processed" classname="com.github.traderjoe95.mls.protocol.tree.TreeKem" time="0.001"/>
  <testcase name="the update path should be parent-hash valid" classname="com.github.traderjoe95.mls.protocol.tree.TreeKem" time="0.0"/>
  <testcase name="the tree hash after merging the update path should be aaeaa5b8e2ac0816645c201d1d244d28b9f4884c42b06d242e40e017688d8586" classname="com.github.traderjoe95.mls.protocol.tree.TreeKem" time="0.0"/>
  <testcase name="the decrypted path secret should be 0dc354c43c775fac365d601bea02575778cf2294dd7b8a03eb8bd26fc55790d9" classname="com.github.traderjoe95.mls.protocol.tree.TreeKem" time="0.001"/>
  <testcase name="a new update path generated by the sender should be successfully processed" classname="com.github.traderjoe95.mls.protocol.tree.TreeKem" time="0.001"/>
  <testcase name="the update path should be parent-hash valid" classname="com.github.traderjoe95.mls.protocol.tree.TreeKem" time="0.0"/>
  <testcase name="the tree hash after merging the update path should be aaeaa5b8e2ac0816645c201d1d244d28b9f4884c42b06d242e40e017688d8586" classname="com.github.traderjoe95.mls.protocol.tree.TreeKem" time="0.001"/>
  <testcase name="the decrypted path secret should be 23c043b877a014e0f587030caaf5443bd99a5332ca5a55f6a280d56c5eeda77c" classname="com.github.traderjoe95.mls.protocol.tree.TreeKem" time="0.001"/>
  <testcase name="a new update path generated by the sender should be successfully processed" classname="com.github.traderjoe95.mls.protocol.tree.TreeKem" time="0.001"/>
  <testcase name="the update path should be parent-hash valid" classname="com.github.traderjoe95.mls.protocol.tree.TreeKem" time="0.0"/>
  <testcase name="the tree hash after merging the update path should be aaeaa5b8e2ac0816645c201d1d244d28b9f4884c42b06d242e40e017688d8586" classname="com.github.traderjoe95.mls.protocol.tree.TreeKem" time="0.0"/>
  <testcase name="the decrypted path secret should be 23c043b877a014e0f587030caaf5443bd99a5332ca5a55f6a280d56c5eeda77c" classname="com.github.traderjoe95.mls.protocol.tree.TreeKem" time="0.001"/>
  <testcase name="a new update path generated by the sender should be successfully processed" classname="com.github.traderjoe95.mls.protocol.tree.TreeKem" time="0.001"/>
  <testcase name="the update path should be parent-hash valid" classname="com.github.traderjoe95.mls.protocol.tree.TreeKem" time="0.0"/>
  <testcase name="the tree hash after merging the update path should be aaeaa5b8e2ac0816645c201d1d244d28b9f4884c42b06d242e40e017688d8586" classname="com.github.traderjoe95.mls.protocol.tree.TreeKem" time="0.0"/>
  <testcase name="the decrypted path secret should be 23c043b877a014e0f587030caaf5443bd99a5332ca5a55f6a280d56c5eeda77c" classname="com.github.traderjoe95.mls.protocol.tree.TreeKem" time="0.0"/>
  <testcase name="a new update path generated by the sender should be successfully processed" classname="com.github.traderjoe95.mls.protocol.tree.TreeKem" time="0.001"/>
  <testcase name="the update path should be parent-hash valid" classname="com.github.traderjoe95.mls.protocol.tree.TreeKem" time="0.0"/>
  <testcase name="the tree hash after merging the update path should be 03c0f7a7584b18409ef864bdc1fada59699f1fde4032e02cb5c2f18635bce290" classname="com.github.traderjoe95.mls.protocol.tree.TreeKem" time="0.0"/>
  <testcase name="the decrypted path secret should be 6d6db9e67dd67d270082ded4c2d9d1a8ef72c8ef7d20f984b5abd4e5b43681a2" classname="com.github.traderjoe95.mls.protocol.tree.TreeKem" time="0.001"/>
  <testcase name="a new update path generated by the sender should be successfully processed" classname="com.github.traderjoe95.mls.protocol.tree.TreeKem" time="0.002"/>
  <testcase name="the update path should be parent-hash valid" classname="com.github.traderjoe95.mls.protocol.tree.TreeKem" time="0.0"/>
  <testcase name="the tree hash after merging the update path should be 03c0f7a7584b18409ef864bdc1fada59699f1fde4032e02cb5c2f18635bce290" classname="com.github.traderjoe95.mls.protocol.tree.TreeKem" time="0.0"/>
  <testcase name="the decrypted path secret should be f5d10f6e660741d2ea6155430ccf7b37475723586f71ed20a0667dc545198b1d" classname="com.github.traderjoe95.mls.protocol.tree.TreeKem" time="0.001"/>
  <testcase name="a new update path generated by the sender should be successfully processed" classname="com.github.traderjoe95.mls.protocol.tree.TreeKem" time="0.002"/>
  <testcase name="the update path should be parent-hash valid" classname="com.github.traderjoe95.mls.protocol.tree.TreeKem" time="0.0"/>
  <testcase name="the tree hash after merging the update path should be 03c0f7a7584b18409ef864bdc1fada59699f1fde4032e02cb5c2f18635bce290" classname="com.github.traderjoe95.mls.protocol.tree.TreeKem" time="0.001"/>
  <testcase name="the decrypted path secret should be f5d10f6e660741d2ea6155430ccf7b37475723586f71ed20a0667dc545198b1d" classname="com.github.traderjoe95.mls.protocol.tree.TreeKem" time="0.001"/>
  <testcase name="a new update path generated by the sender should be successfully processed" classname="com.github.traderjoe95.mls.protocol.tree.TreeKem" time="0.001"/>
  <testcase name="the update path should be parent-hash valid" classname="com.github.traderjoe95.mls.protocol.tree.TreeKem" time="0.0"/>
  <testcase name="the tree hash after merging the update path should be 03c0f7a7584b18409ef864bdc1fada59699f1fde4032e02cb5c2f18635bce290" classname="com.github.traderjoe95.mls.protocol.tree.TreeKem" time="0.0"/>
  <testcase name="the decrypted path secret should be 795f0bd2f46358df65d769479d8685ed01f835de18c1064315da5407cf204d85" classname="com.github.traderjoe95.mls.protocol.tree.TreeKem" time="0.0"/>
  <testcase name="a new update path generated by the sender should be successfully processed" classname="com.github.traderjoe95.mls.protocol.tree.TreeKem" time="0.001"/>
  <testcase name="the update path should be parent-hash valid" classname="com.github.traderjoe95.mls.protocol.tree.TreeKem" time="0.0"/>
  <testcase name="the tree hash after merging the update path should be 03c0f7a7584b18409ef864bdc1fada59699f1fde4032e02cb5c2f18635bce290" classname="com.github.traderjoe95.mls.protocol.tree.TreeKem" time="0.001"/>
  <testcase name="the decrypted path secret should be 795f0bd2f46358df65d769479d8685ed01f835de18c1064315da5407cf204d85" classname="com.github.traderjoe95.mls.protocol.tree.TreeKem" time="0.001"/>
  <testcase name="a new update path generated by the sender should be successfully processed" classname="com.github.traderjoe95.mls.protocol.tree.TreeKem" time="0.001"/>
  <testcase name="the update path should be parent-hash valid" classname="com.github.traderjoe95.mls.protocol.tree.TreeKem" time="0.0"/>
  <testcase name="the tree hash after merging the update path should be 03c0f7a7584b18409ef864bdc1fada59699f1fde4032e02cb5c2f18635bce290" classname="com.github.traderjoe95.mls.protocol.tree.TreeKem" time="0.0"/>
  <testcase name="the decrypted path secret should be 795f0bd2f46358df65d769479d8685ed01f835de18c1064315da5407cf204d85" classname="com.github.traderjoe95.mls.protocol.tree.TreeKem" time="0.0"/>
  <testcase name="a new update path generated by the sender should be successfully processed" classname="com.github.traderjoe95.mls.protocol.tree.TreeKem" time="0.001"/>
  <testcase name="the update path should be parent-hash valid" classname="com.github.traderjoe95.mls.protocol.tree.TreeKem" time="0.0"/>
  <testcase name="the tree hash after merging the update path should be 8807ae5293529b7af93043a330308a32466f34980d1d5195618ec349ad990b05" classname="com.github.traderjoe95.mls.protocol.tree.TreeKem" time="0.001"/>
  <testcase name="the decrypted path secret should be 25417499d9445e69987e46209c06b665f7d4e16d9709d65496612cd63055e6e0" classname="com.github.traderjoe95.mls.protocol.tree.TreeKem" time="0.001"/>
  <testcase name="a new update path generated by the sender should be successfully processed" classname="com.github.traderjoe95.mls.protocol.tree.TreeKem" time="0.001"/>
  <testcase name="the update path should be parent-hash valid" classname="com.github.traderjoe95.mls.protocol.tree.TreeKem" time="0.0"/>
  <testcase name="the tree hash after merging the update path should be 8807ae5293529b7af93043a330308a32466f34980d1d5195618ec349ad990b05" classname="com.github.traderjoe95.mls.protocol.tree.TreeKem" time="0.0"/>
  <testcase name="the decrypted path secret should be 25417499d9445e69987e46209c06b665f7d4e16d9709d65496612cd63055e6e0" classname="com.github.traderjoe95.mls.protocol.tree.TreeKem" time="0.001"/>
  <testcase name="a new update path generated by the sender should be successfully processed" classname="com.github.traderjoe95.mls.protocol.tree.TreeKem" time="0.001"/>
  <testcase name="the update path should be parent-hash valid" classname="com.github.traderjoe95.mls.protocol.tree.TreeKem" time="0.0"/>
  <testcase name="the tree hash after merging the update path should be 8807ae5293529b7af93043a330308a32466f34980d1d5195618ec349ad990b05" classname="com.github.traderjoe95.mls.protocol.tree.TreeKem" time="0.0"/>
  <testcase name="the decrypted path secret should be f77ced76c3cf9e91b87aba6504d992e68750b0f09524c7ae60e0557be817a7a6" classname="com.github.traderjoe95.mls.protocol.tree.TreeKem" time="0.0"/>
  <testcase name="a new update path generated by the sender should be successfully processed" classname="com.github.traderjoe95.mls.protocol.tree.TreeKem" time="0.001"/>
  <testcase name="the update path should be parent-hash valid" classname="com.github.traderjoe95.mls.protocol.tree.TreeKem" time="0.0"/>
  <testcase name="the tree hash after merging the update path should be 8807ae5293529b7af93043a330308a32466f34980d1d5195618ec349ad990b05" classname="com.github.traderjoe95.mls.protocol.tree.TreeKem" time="0.001"/>
  <testcase name="the decrypted path secret should be 882bb8dd2214e5d0f95c0c8621de007246f03dfb480367ab8168f1db8367eca1" classname="com.github.traderjoe95.mls.protocol.tree.TreeKem" time="0.001"/>
  <testcase name="a new update path generated by the sender should be successfully processed" classname="com.github.traderjoe95.mls.protocol.tree.TreeKem" time="0.001"/>
  <testcase name="the update path should be parent-hash valid" classname="com.github.traderjoe95.mls.protocol.tree.TreeKem" time="0.0"/>
  <testcase name="the tree hash after merging the update path should be 8807ae5293529b7af93043a330308a32466f34980d1d5195618ec349ad990b05" classname="com.github.traderjoe95.mls.protocol.tree.TreeKem" time="0.0"/>
  <testcase name="the decrypted path secret should be 882bb8dd2214e5d0f95c0c8621de007246f03dfb480367ab8168f1db8367eca1" classname="com.github.traderjoe95.mls.protocol.tree.TreeKem" time="0.0"/>
  <testcase name="a new update path generated by the sender should be successfully processed" classname="com.github.traderjoe95.mls.protocol.tree.TreeKem" time="0.001"/>
  <testcase name="the update path should be parent-hash valid" classname="com.github.traderjoe95.mls.protocol.tree.TreeKem" time="0.0"/>
  <testcase name="the tree hash after merging the update path should be 8807ae5293529b7af93043a330308a32466f34980d1d5195618ec349ad990b05" classname="com.github.traderjoe95.mls.protocol.tree.TreeKem" time="0.001"/>
  <testcase name="the decrypted path secret should be 882bb8dd2214e5d0f95c0c8621de007246f03dfb480367ab8168f1db8367eca1" classname="com.github.traderjoe95.mls.protocol.tree.TreeKem" time="0.001"/>
  <testcase name="a new update path generated by the sender should be successfully processed" classname="com.github.traderjoe95.mls.protocol.tree.TreeKem" time="0.001"/>
  <testcase name="the update path should be parent-hash valid" classname="com.github.traderjoe95.mls.protocol.tree.TreeKem" time="0.0"/>
  <testcase name="the tree hash after merging the update path should be 71672789d6e2b12f08fe70de4a5c7021e180d5724c7f939f1e350d233d8a933b" classname="com.github.traderjoe95.mls.protocol.tree.TreeKem" time="0.0"/>
  <testcase name="the decrypted path secret should be 6406838e0b4567cad7027551fc750b0fc21fcec79f4d92539ab39fbbe208c187" classname="com.github.traderjoe95.mls.protocol.tree.TreeKem" time="0.001"/>
  <testcase name="a new update path generated by the sender should be successfully processed" classname="com.github.traderjoe95.mls.protocol.tree.TreeKem" time="0.003"/>
  <testcase name="the update path should be parent-hash valid" classname="com.github.traderjoe95.mls.protocol.tree.TreeKem" time="0.0"/>
  <testcase name="the tree hash after merging the update path should be 71672789d6e2b12f08fe70de4a5c7021e180d5724c7f939f1e350d233d8a933b" classname="com.github.traderjoe95.mls.protocol.tree.TreeKem" time="0.001"/>
  <testcase name="the decrypted path secret should be 6406838e0b4567cad7027551fc750b0fc21fcec79f4d92539ab39fbbe208c187" classname="com.github.traderjoe95.mls.protocol.tree.TreeKem" time="0.002"/>
  <testcase name="a new update path generated by the sender should be successfully processed" classname="com.github.traderjoe95.mls.protocol.tree.TreeKem" time="0.002"/>
  <testcase name="the update path should be parent-hash valid" classname="com.github.traderjoe95.mls.protocol.tree.TreeKem" time="0.0"/>
  <testcase name="the tree hash after merging the update path should be 71672789d6e2b12f08fe70de4a5c7021e180d5724c7f939f1e350d233d8a933b" classname="com.github.traderjoe95.mls.protocol.tree.TreeKem" time="0.0"/>
  <testcase name="the decrypted path secret should be e7c6d430cfb3c74782af5cc160d7f51dc7dbce2ce680ec83b6500602ce7de186" classname="com.github.traderjoe95.mls.protocol.tree.TreeKem" time="0.001"/>
  <testcase name="a new update path generated by the sender should be successfully processed" classname="com.github.traderjoe95.mls.protocol.tree.TreeKem" time="0.002"/>
  <testcase name="the update path should be parent-hash valid" classname="com.github.traderjoe95.mls.protocol.tree.TreeKem" time="0.001"/>
  <testcase name="the tree hash after merging the update path should be 71672789d6e2b12f08fe70de4a5c7021e180d5724c7f939f1e350d233d8a933b" classname="com.github.traderjoe95.mls.protocol.tree.TreeKem" time="0.0"/>
  <testcase name="the decrypted path secret should be bb9f7ed46f890c3b79a0240e19c2c2e353df60acd90c6783c8dfc88b4889836a" classname="com.github.traderjoe95.mls.protocol.tree.TreeKem" time="0.002"/>
  <testcase name="a new update path generated by the sender should be successfully processed" classname="com.github.traderjoe95.mls.protocol.tree.TreeKem" time="0.001"/>
  <testcase name="the update path should be parent-hash valid" classname="com.github.traderjoe95.mls.protocol.tree.TreeKem" time="0.001"/>
  <testcase name="the tree hash after merging the update path should be 71672789d6e2b12f08fe70de4a5c7021e180d5724c7f939f1e350d233d8a933b" classname="com.github.traderjoe95.mls.protocol.tree.TreeKem" time="0.0"/>
  <testcase name="the decrypted path secret should be bb9f7ed46f890c3b79a0240e19c2c2e353df60acd90c6783c8dfc88b4889836a" classname="com.github.traderjoe95.mls.protocol.tree.TreeKem" time="0.001"/>
  <testcase name="a new update path generated by the sender should be successfully processed" classname="com.github.traderjoe95.mls.protocol.tree.TreeKem" time="0.001"/>
  <testcase name="the update path should be parent-hash valid" classname="com.github.traderjoe95.mls.protocol.tree.TreeKem" time="0.0"/>
  <testcase name="the tree hash after merging the update path should be 71672789d6e2b12f08fe70de4a5c7021e180d5724c7f939f1e350d233d8a933b" classname="com.github.traderjoe95.mls.protocol.tree.TreeKem" time="0.001"/>
  <testcase name="the decrypted path secret should be bb9f7ed46f890c3b79a0240e19c2c2e353df60acd90c6783c8dfc88b4889836a" classname="com.github.traderjoe95.mls.protocol.tree.TreeKem" time="0.001"/>
  <testcase name="a new update path generated by the sender should be successfully processed" classname="com.github.traderjoe95.mls.protocol.tree.TreeKem" time="0.002"/>
  <testcase name="the update path should be parent-hash valid" classname="com.github.traderjoe95.mls.protocol.tree.TreeKem" time="0.0"/>
  <testcase name="the tree hash after merging the update path should be 1e3f4cb352c8f650ec69cf24c0384f4ecfab780b0a4e965dda5061b8bd516ed7" classname="com.github.traderjoe95.mls.protocol.tree.TreeKem" time="0.0"/>
  <testcase name="the decrypted path secret should be d49a12210096140feb9fbc65409473ed5d9c2e32e04a594f9c222ed67f1d208f" classname="com.github.traderjoe95.mls.protocol.tree.TreeKem" time="0.001"/>
  <testcase name="a new update path generated by the sender should be successfully processed" classname="com.github.traderjoe95.mls.protocol.tree.TreeKem" time="0.002"/>
  <testcase name="the update path should be parent-hash valid" classname="com.github.traderjoe95.mls.protocol.tree.TreeKem" time="0.001"/>
  <testcase name="the tree hash after merging the update path should be 1e3f4cb352c8f650ec69cf24c0384f4ecfab780b0a4e965dda5061b8bd516ed7" classname="com.github.traderjoe95.mls.protocol.tree.TreeKem" time="0.0"/>
  <testcase name="the decrypted path secret should be d49a12210096140feb9fbc65409473ed5d9c2e32e04a594f9c222ed67f1d208f" classname="com.github.traderjoe95.mls.protocol.tree.TreeKem" time="0.001"/>
  <testcase name="a new update path generated by the sender should be successfully processed" classname="com.github.traderjoe95.mls.protocol.tree.TreeKem" time="0.003"/>
  <testcase name="the update path should be parent-hash valid" classname="com.github.traderjoe95.mls.protocol.tree.TreeKem" time="0.001"/>
  <testcase name="the tree hash after merging the update path should be 1e3f4cb352c8f650ec69cf24c0384f4ecfab780b0a4e965dda5061b8bd516ed7" classname="com.github.traderjoe95.mls.protocol.tree.TreeKem" time="0.0"/>
  <testcase name="the decrypted path secret should be d49a12210096140feb9fbc65409473ed5d9c2e32e04a594f9c222ed67f1d208f" classname="com.github.traderjoe95.mls.protocol.tree.TreeKem" time="0.001"/>
  <testcase name="a new update path generated by the sender should be successfully processed" classname="com.github.traderjoe95.mls.protocol.tree.TreeKem" time="0.002"/>
  <testcase name="the update path should be parent-hash valid" classname="com.github.traderjoe95.mls.protocol.tree.TreeKem" time="0.0"/>
  <testcase name="the tree hash after merging the update path should be 1e3f4cb352c8f650ec69cf24c0384f4ecfab780b0a4e965dda5061b8bd516ed7" classname="com.github.traderjoe95.mls.protocol.tree.TreeKem" time="0.001"/>
  <testcase name="the decrypted path secret should be d49a12210096140feb9fbc65409473ed5d9c2e32e04a594f9c222ed67f1d208f" classname="com.github.traderjoe95.mls.protocol.tree.TreeKem" time="0.002"/>
  <testcase name="a new update path generated by the sender should be successfully processed" classname="com.github.traderjoe95.mls.protocol.tree.TreeKem" time="0.001"/>
  <testcase name="the update path should be parent-hash valid" classname="com.github.traderjoe95.mls.protocol.tree.TreeKem" time="0.0"/>
  <testcase name="the tree hash after merging the update path should be 1e3f4cb352c8f650ec69cf24c0384f4ecfab780b0a4e965dda5061b8bd516ed7" classname="com.github.traderjoe95.mls.protocol.tree.TreeKem" time="0.0"/>
  <testcase name="the decrypted path secret should be 4c36838d64ecabfda83811a6acb4c772e81f78d4536ccb1831ae4b219e4670dd" classname="com.github.traderjoe95.mls.protocol.tree.TreeKem" time="0.001"/>
  <testcase name="a new update path generated by the sender should be successfully processed" classname="com.github.traderjoe95.mls.protocol.tree.TreeKem" time="0.002"/>
  <testcase name="the update path should be parent-hash valid" classname="com.github.traderjoe95.mls.protocol.tree.TreeKem" time="0.001"/>
  <testcase name="the tree hash after merging the update path should be 1e3f4cb352c8f650ec69cf24c0384f4ecfab780b0a4e965dda5061b8bd516ed7" classname="com.github.traderjoe95.mls.protocol.tree.TreeKem" time="0.0"/>
  <testcase name="the decrypted path secret should be cb6cfab94ef347861ca91b8d3b689525c03f0002b282178978621ed24add5ea7" classname="com.github.traderjoe95.mls.protocol.tree.TreeKem" time="0.001"/>
  <testcase name="a new update path generated by the sender should be successfully processed" classname="com.github.traderjoe95.mls.protocol.tree.TreeKem" time="0.001"/>
  <testcase name="the update path should be parent-hash valid" classname="com.github.traderjoe95.mls.protocol.tree.TreeKem" time="0.0"/>
  <testcase name="the tree hash after merging the update path should be 0c7f347bb7956a52eeb2981fb5779f8e024099e4ba62b3685e786e5e99123839" classname="com.github.traderjoe95.mls.protocol.tree.TreeKem" time="0.0"/>
  <testcase name="the decrypted path secret should be b83a4c91e0c792d128945269dbebc8ad5a62473d66a5625f99bd60b8da712e61" classname="com.github.traderjoe95.mls.protocol.tree.TreeKem" time="0.001"/>
  <testcase name="a new update path generated by the sender should be successfully processed" classname="com.github.traderjoe95.mls.protocol.tree.TreeKem" time="0.001"/>
  <testcase name="the update path should be parent-hash valid" classname="com.github.traderjoe95.mls.protocol.tree.TreeKem" time="0.0"/>
  <testcase name="the tree hash after merging the update path should be 0c7f347bb7956a52eeb2981fb5779f8e024099e4ba62b3685e786e5e99123839" classname="com.github.traderjoe95.mls.protocol.tree.TreeKem" time="0.0"/>
  <testcase name="the decrypted path secret should be b83a4c91e0c792d128945269dbebc8ad5a62473d66a5625f99bd60b8da712e61" classname="com.github.traderjoe95.mls.protocol.tree.TreeKem" time="0.002"/>
  <testcase name="a new update path generated by the sender should be successfully processed" classname="com.github.traderjoe95.mls.protocol.tree.TreeKem" time="0.002"/>
  <testcase name="the update path should be parent-hash valid" classname="com.github.traderjoe95.mls.protocol.tree.TreeKem" time="0.001"/>
  <testcase name="the tree hash after merging the update path should be 0c7f347bb7956a52eeb2981fb5779f8e024099e4ba62b3685e786e5e99123839" classname="com.github.traderjoe95.mls.protocol.tree.TreeKem" time="0.0"/>
  <testcase name="the decrypted path secret should be b83a4c91e0c792d128945269dbebc8ad5a62473d66a5625f99bd60b8da712e61" classname="com.github.traderjoe95.mls.protocol.tree.TreeKem" time="0.001"/>
  <testcase name="a new update path generated by the sender should be successfully processed" classname="com.github.traderjoe95.mls.protocol.tree.TreeKem" time="0.001"/>
  <testcase name="the update path should be parent-hash valid" classname="com.github.traderjoe95.mls.protocol.tree.TreeKem" time="0.0"/>
  <testcase name="the tree hash after merging the update path should be 0c7f347bb7956a52eeb2981fb5779f8e024099e4ba62b3685e786e5e99123839" classname="com.github.traderjoe95.mls.protocol.tree.TreeKem" time="0.0"/>
  <testcase name="the decrypted path secret should be b83a4c91e0c792d128945269dbebc8ad5a62473d66a5625f99bd60b8da712e61" classname="com.github.traderjoe95.mls.protocol.tree.TreeKem" time="0.0"/>
  <testcase name="a new update path generated by the sender should be successfully processed" classname="com.github.traderjoe95.mls.protocol.tree.TreeKem" time="0.001"/>
  <testcase name="the update path should be parent-hash valid" classname="com.github.traderjoe95.mls.protocol.tree.TreeKem" time="0.0"/>
  <testcase name="the tree hash after merging the update path should be 0c7f347bb7956a52eeb2981fb5779f8e024099e4ba62b3685e786e5e99123839" classname="com.github.traderjoe95.mls.protocol.tree.TreeKem" time="0.0"/>
  <testcase name="the decrypted path secret should be cdc82b6df22f7276189c22f9541cd1265f6286a3dab8d1ec61c13426364e17d9" classname="com.github.traderjoe95.mls.protocol.tree.TreeKem" time="0.0"/>
  <testcase name="a new update path generated by the sender should be successfully processed" classname="com.github.traderjoe95.mls.protocol.tree.TreeKem" time="0.001"/>
  <testcase name="the update path should be parent-hash valid" classname="com.github.traderjoe95.mls.protocol.tree.TreeKem" time="0.0"/>
  <testcase name="the tree hash after merging the update path should be 0c7f347bb7956a52eeb2981fb5779f8e024099e4ba62b3685e786e5e99123839" classname="com.github.traderjoe95.mls.protocol.tree.TreeKem" time="0.001"/>
  <testcase name="the decrypted path secret should be fb10e561eca807f7953a32fef27a5dc8c01a8c6a264baf385be3bb532e9a3040" classname="com.github.traderjoe95.mls.protocol.tree.TreeKem" time="0.001"/>
  <testcase name="a new update path generated by the sender should be successfully processed" classname="com.github.traderjoe95.mls.protocol.tree.TreeKem" time="0.001"/>
  <testcase name="the update path should be parent-hash valid" classname="com.github.traderjoe95.mls.protocol.tree.TreeKem" time="0.001"/>
  <testcase name="the tree hash after merging the update path should be ecf3546a9ffc84d1040412c0f71132bdee5a9cd80c3742047203906f6c457d39" classname="com.github.traderjoe95.mls.protocol.tree.TreeKem" time="0.0"/>
  <testcase name="the decrypted path secret should be 8d33006f3d2b7548255f61f8feb1fa407c52361174314281d5663f8ffe0ef76b" classname="com.github.traderjoe95.mls.protocol.tree.TreeKem" time="0.001"/>
  <testcase name="a new update path generated by the sender should be successfully processed" classname="com.github.traderjoe95.mls.protocol.tree.TreeKem" time="0.001"/>
  <testcase name="the update path should be parent-hash valid" classname="com.github.traderjoe95.mls.protocol.tree.TreeKem" time="0.0"/>
  <testcase name="the tree hash after merging the update path should be ecf3546a9ffc84d1040412c0f71132bdee5a9cd80c3742047203906f6c457d39" classname="com.github.traderjoe95.mls.protocol.tree.TreeKem" time="0.0"/>
  <testcase name="the decrypted path secret should be 8d33006f3d2b7548255f61f8feb1fa407c52361174314281d5663f8ffe0ef76b" classname="com.github.traderjoe95.mls.protocol.tree.TreeKem" time="0.0"/>
  <testcase name="a new update path generated by the sender should be successfully processed" classname="com.github.traderjoe95.mls.protocol.tree.TreeKem" time="0.001"/>
  <testcase name="the update path should be parent-hash valid" classname="com.github.traderjoe95.mls.protocol.tree.TreeKem" time="0.0"/>
  <testcase name="the tree hash after merging the update path should be ecf3546a9ffc84d1040412c0f71132bdee5a9cd80c3742047203906f6c457d39" classname="com.github.traderjoe95.mls.protocol.tree.TreeKem" time="0.0"/>
  <testcase name="the decrypted path secret should be 8d33006f3d2b7548255f61f8feb1fa407c52361174314281d5663f8ffe0ef76b" classname="com.github.traderjoe95.mls.protocol.tree.TreeKem" time="0.0"/>
  <testcase name="a new update path generated by the sender should be successfully processed" classname="com.github.traderjoe95.mls.protocol.tree.TreeKem" time="0.001"/>
  <testcase name="the update path should be parent-hash valid" classname="com.github.traderjoe95.mls.protocol.tree.TreeKem" time="0.0"/>
  <testcase name="the tree hash after merging the update path should be ecf3546a9ffc84d1040412c0f71132bdee5a9cd80c3742047203906f6c457d39" classname="com.github.traderjoe95.mls.protocol.tree.TreeKem" time="0.001"/>
  <testcase name="the decrypted path secret should be 8d33006f3d2b7548255f61f8feb1fa407c52361174314281d5663f8ffe0ef76b" classname="com.github.traderjoe95.mls.protocol.tree.TreeKem" time="0.001"/>
  <testcase name="a new update path generated by the sender should be successfully processed" classname="com.github.traderjoe95.mls.protocol.tree.TreeKem" time="0.001"/>
  <testcase name="the update path should be parent-hash valid" classname="com.github.traderjoe95.mls.protocol.tree.TreeKem" time="0.0"/>
  <testcase name="the tree hash after merging the update path should be ecf3546a9ffc84d1040412c0f71132bdee5a9cd80c3742047203906f6c457d39" classname="com.github.traderjoe95.mls.protocol.tree.TreeKem" time="0.0"/>
  <testcase name="the decrypted path secret should be de17ca6da7e034449b6bf2526ef258ea2649e1ca22a6c245b4f188d30bc2e42d" classname="com.github.traderjoe95.mls.protocol.tree.TreeKem" time="0.001"/>
  <testcase name="a new update path generated by the sender should be successfully processed" classname="com.github.traderjoe95.mls.protocol.tree.TreeKem" time="0.001"/>
  <testcase name="the update path should be parent-hash valid" classname="com.github.traderjoe95.mls.protocol.tree.TreeKem" time="0.0"/>
  <testcase name="the tree hash after merging the update path should be ecf3546a9ffc84d1040412c0f71132bdee5a9cd80c3742047203906f6c457d39" classname="com.github.traderjoe95.mls.protocol.tree.TreeKem" time="0.0"/>
  <testcase name="the decrypted path secret should be de17ca6da7e034449b6bf2526ef258ea2649e1ca22a6c245b4f188d30bc2e42d" classname="com.github.traderjoe95.mls.protocol.tree.TreeKem" time="0.0"/>
  <testcase name="a new update path generated by the sender should be successfully processed" classname="com.github.traderjoe95.mls.protocol.tree.TreeKem" time="0.001"/>
  <testcase name="non-blank leaf 0 should be consistent with the public state" classname="com.github.traderjoe95.mls.protocol.tree.TreeKem" time="0.0"/>
  <testcase name="non-blank leaf 1 should be consistent with the public state" classname="com.github.traderjoe95.mls.protocol.tree.TreeKem" time="0.0"/>
  <testcase name="the update path should be parent-hash valid" classname="com.github.traderjoe95.mls.protocol.tree.TreeKem" time="0.0"/>
  <testcase name="the tree hash after merging the update path should be e90f531363f40f04a0e5207e4fcdad46fb9398ca2c208eee1c198ea3e73876c5" classname="com.github.traderjoe95.mls.protocol.tree.TreeKem" time="0.001"/>
  <testcase name="the decrypted path secret should be e8608097b9da1863d6a6b540542af95b96ab95bcd9a9c04763313b61c2c99d44" classname="com.github.traderjoe95.mls.protocol.tree.TreeKem" time="0.0"/>
  <testcase name="a new update path generated by the sender should be successfully processed" classname="com.github.traderjoe95.mls.protocol.tree.TreeKem" time="0.0"/>
  <testcase name="the update path should be parent-hash valid" classname="com.github.traderjoe95.mls.protocol.tree.TreeKem" time="0.0"/>
  <testcase name="the tree hash after merging the update path should be ad926d28a9ceaa99e24f66d289098f87d52965f7c903804a833cfa0dfc0d711c" classname="com.github.traderjoe95.mls.protocol.tree.TreeKem" time="0.0"/>
  <testcase name="the decrypted path secret should be 482f034750eac133955a4b06f9907e221c4f7dcde23cd44839d939e74845d5b6" classname="com.github.traderjoe95.mls.protocol.tree.TreeKem" time="0.0"/>
  <testcase name="a new update path generated by the sender should be successfully processed" classname="com.github.traderjoe95.mls.protocol.tree.TreeKem" time="0.001"/>
  <testcase name="non-blank leaf 0 should be consistent with the public state" classname="com.github.traderjoe95.mls.protocol.tree.TreeKem" time="0.0"/>
  <testcase name="non-blank leaf 1 should be consistent with the public state" classname="com.github.traderjoe95.mls.protocol.tree.TreeKem" time="0.0"/>
  <testcase name="non-blank leaf 2 should be consistent with the public state" classname="com.github.traderjoe95.mls.protocol.tree.TreeKem" time="0.0"/>
  <testcase name="the update path should be parent-hash valid" classname="com.github.traderjoe95.mls.protocol.tree.TreeKem" time="0.0"/>
  <testcase name="the tree hash after merging the update path should be ca878f47a9c9dc41548f1abf08a5f28883c31b372f088a101b44ca3f35480257" classname="com.github.traderjoe95.mls.protocol.tree.TreeKem" time="0.0"/>
  <testcase name="the decrypted path secret should be e8608097b9da1863d6a6b540542af95b96ab95bcd9a9c04763313b61c2c99d44" classname="com.github.traderjoe95.mls.protocol.tree.TreeKem" time="0.0"/>
  <testcase name="a new update path generated by the sender should be successfully processed" classname="com.github.traderjoe95.mls.protocol.tree.TreeKem" time="0.0"/>
  <testcase name="the update path should be parent-hash valid" classname="com.github.traderjoe95.mls.protocol.tree.TreeKem" time="0.0"/>
  <testcase name="the tree hash after merging the update path should be ca878f47a9c9dc41548f1abf08a5f28883c31b372f088a101b44ca3f35480257" classname="com.github.traderjoe95.mls.protocol.tree.TreeKem" time="0.0"/>
  <testcase name="the decrypted path secret should be 5ccc25c82569cc9731283abbdb9265187c17503e6f9c4ba2484a9e210e83f5a3" classname="com.github.traderjoe95.mls.protocol.tree.TreeKem" time="0.0"/>
  <testcase name="a new update path generated by the sender should be successfully processed" classname="com.github.traderjoe95.mls.protocol.tree.TreeKem" time="0.0"/>
  <testcase name="the update path should be parent-hash valid" classname="com.github.traderjoe95.mls.protocol.tree.TreeKem" time="0.001"/>
  <testcase name="the tree hash after merging the update path should be 8f47f28dad256efca060bfa473064ae5ae62cc1a30b2411910c5029a6c4d7330" classname="com.github.traderjoe95.mls.protocol.tree.TreeKem" time="0.0"/>
  <testcase name="the decrypted path secret should be 482f034750eac133955a4b06f9907e221c4f7dcde23cd44839d939e74845d5b6" classname="com.github.traderjoe95.mls.protocol.tree.TreeKem" time="0.0"/>
  <testcase name="a new update path generated by the sender should be successfully processed" classname="com.github.traderjoe95.mls.protocol.tree.TreeKem" time="0.001"/>
  <testcase name="the update path should be parent-hash valid" classname="com.github.traderjoe95.mls.protocol.tree.TreeKem" time="0.0"/>
  <testcase name="the tree hash after merging the update path should be 8f47f28dad256efca060bfa473064ae5ae62cc1a30b2411910c5029a6c4d7330" classname="com.github.traderjoe95.mls.protocol.tree.TreeKem" time="0.0"/>
  <testcase name="the decrypted path secret should be 4179fbbca043d7139726430d976a623eac87a9d18bfee7227f2c4d54c16d041e" classname="com.github.traderjoe95.mls.protocol.tree.TreeKem" time="0.0"/>
  <testcase name="a new update path generated by the sender should be successfully processed" classname="com.github.traderjoe95.mls.protocol.tree.TreeKem" time="0.0"/>
  <testcase name="the update path should be parent-hash valid" classname="com.github.traderjoe95.mls.protocol.tree.TreeKem" time="0.0"/>
  <testcase name="the tree hash after merging the update path should be 485893698b0653aaf09945423a842250dc77680f4bbc0e0ac8f5369d0d6ca8c6" classname="com.github.traderjoe95.mls.protocol.tree.TreeKem" time="0.001"/>
  <testcase name="the decrypted path secret should be 65ed1479842ad410d32092f6073db017eac8827be3c47d169f742a167755cbeb" classname="com.github.traderjoe95.mls.protocol.tree.TreeKem" time="0.001"/>
  <testcase name="a new update path generated by the sender should be successfully processed" classname="com.github.traderjoe95.mls.protocol.tree.TreeKem" time="0.001"/>
  <testcase name="the update path should be parent-hash valid" classname="com.github.traderjoe95.mls.protocol.tree.TreeKem" time="0.0"/>
  <testcase name="the tree hash after merging the update path should be 485893698b0653aaf09945423a842250dc77680f4bbc0e0ac8f5369d0d6ca8c6" classname="com.github.traderjoe95.mls.protocol.tree.TreeKem" time="0.0"/>
  <testcase name="the decrypted path secret should be 65ed1479842ad410d32092f6073db017eac8827be3c47d169f742a167755cbeb" classname="com.github.traderjoe95.mls.protocol.tree.TreeKem" time="0.0"/>
  <testcase name="a new update path generated by the sender should be successfully processed" classname="com.github.traderjoe95.mls.protocol.tree.TreeKem" time="0.001"/>
  <testcase name="non-blank leaf 0 should be consistent with the public state" classname="com.github.traderjoe95.mls.protocol.tree.TreeKem" time="0.0"/>
  <testcase name="non-blank leaf 1 should be consistent with the public state" classname="com.github.traderjoe95.mls.protocol.tree.TreeKem" time="0.0"/>
  <testcase name="non-blank leaf 2 should be consistent with the public state" classname="com.github.traderjoe95.mls.protocol.tree.TreeKem" time="0.0"/>
  <testcase name="non-blank leaf 3 should be consistent with the public state" classname="com.github.traderjoe95.mls.protocol.tree.TreeKem" time="0.0"/>
  <testcase name="the update path should be parent-hash valid" classname="com.github.traderjoe95.mls.protocol.tree.TreeKem" time="0.001"/>
  <testcase name="the tree hash after merging the update path should be 1fe40de697347712836f9957ea0bd58edf52ceac2bfbf098547f3d38d0209a70" classname="com.github.traderjoe95.mls.protocol.tree.TreeKem" time="0.0"/>
  <testcase name="the decrypted path secret should be e8608097b9da1863d6a6b540542af95b96ab95bcd9a9c04763313b61c2c99d44" classname="com.github.traderjoe95.mls.protocol.tree.TreeKem" time="0.001"/>
  <testcase name="a new update path generated by the sender should be successfully processed" classname="com.github.traderjoe95.mls.protocol.tree.TreeKem" time="0.001"/>
  <testcase name="the update path should be parent-hash valid" classname="com.github.traderjoe95.mls.protocol.tree.TreeKem" time="0.0"/>
  <testcase name="the tree hash after merging the update path should be 1fe40de697347712836f9957ea0bd58edf52ceac2bfbf098547f3d38d0209a70" classname="com.github.traderjoe95.mls.protocol.tree.TreeKem" time="0.0"/>
  <testcase name="the decrypted path secret should be 5ccc25c82569cc9731283abbdb9265187c17503e6f9c4ba2484a9e210e83f5a3" classname="com.github.traderjoe95.mls.protocol.tree.TreeKem" time="0.0"/>
  <testcase name="a new update path generated by the sender should be successfully processed" classname="com.github.traderjoe95.mls.protocol.tree.TreeKem" time="0.0"/>
  <testcase name="the update path should be parent-hash valid" classname="com.github.traderjoe95.mls.protocol.tree.TreeKem" time="0.0"/>
  <testcase name="the tree hash after merging the update path should be 1fe40de697347712836f9957ea0bd58edf52ceac2bfbf098547f3d38d0209a70" classname="com.github.traderjoe95.mls.protocol.tree.TreeKem" time="0.0"/>
  <testcase name="the decrypted path secret should be 5ccc25c82569cc9731283abbdb9265187c17503e6f9c4ba2484a9e210e83f5a3" classname="com.github.traderjoe95.mls.protocol.tree.TreeKem" time="0.001"/>
  <testcase name="a new update path generated by the sender should be successfully processed" classname="com.github.traderjoe95.mls.protocol.tree.TreeKem" time="0.001"/>
  <testcase name="the update path should be parent-hash valid" classname="com.github.traderjoe95.mls.protocol.tree.TreeKem" time="0.0"/>
  <testcase name="the tree hash after merging the update path should be ba637d026eb01f2e76dbcc96c3d2fa935d1e87d300e7ed9f552d180058f78501" classname="com.github.traderjoe95.mls.protocol.tree.TreeKem" time="0.0"/>
  <testcase name="the decrypted path secret should be 482f034750eac133955a4b06f9907e221c4f7dcde23cd44839d939e74845d5b6" classname="com.github.traderjoe95.mls.protocol.tree.TreeKem" time="0.001"/>
  <testcase name="a new update path generated by the sender should be successfully processed" classname="com.github.traderjoe95.mls.protocol.tree.TreeKem" time="0.001"/>
  <testcase name="the update path should be parent-hash valid" classname="com.github.traderjoe95.mls.protocol.tree.TreeKem" time="0.0"/>
  <testcase name="the tree hash after merging the update path should be ba637d026eb01f2e76dbcc96c3d2fa935d1e87d300e7ed9f552d180058f78501" classname="com.github.traderjoe95.mls.protocol.tree.TreeKem" time="0.001"/>
  <testcase name="the decrypted path secret should be 4179fbbca043d7139726430d976a623eac87a9d18bfee7227f2c4d54c16d041e" classname="com.github.traderjoe95.mls.protocol.tree.TreeKem" time="0.0"/>
  <testcase name="a new update path generated by the sender should be successfully processed" classname="com.github.traderjoe95.mls.protocol.tree.TreeKem" time="0.0"/>
  <testcase name="the update path should be parent-hash valid" classname="com.github.traderjoe95.mls.protocol.tree.TreeKem" time="0.0"/>
  <testcase name="the tree hash after merging the update path should be ba637d026eb01f2e76dbcc96c3d2fa935d1e87d300e7ed9f552d180058f78501" classname="com.github.traderjoe95.mls.protocol.tree.TreeKem" time="0.0"/>
  <testcase name="the decrypted path secret should be 4179fbbca043d7139726430d976a623eac87a9d18bfee7227f2c4d54c16d041e" classname="com.github.traderjoe95.mls.protocol.tree.TreeKem" time="0.0"/>
  <testcase name="a new update path generated by the sender should be successfully processed" classname="com.github.traderjoe95.mls.protocol.tree.TreeKem" time="0.001"/>
  <testcase name="the update path should be parent-hash valid" classname="com.github.traderjoe95.mls.protocol.tree.TreeKem" time="0.0"/>
  <testcase name="the tree hash after merging the update path should be 2b065d61a081a08bad0c264fd0acb42f2c7576559dd06d70abf489f5d82b35f2" classname="com.github.traderjoe95.mls.protocol.tree.TreeKem" time="0.0"/>
  <testcase name="the decrypted path secret should be 31b55d9f7db7c7e5b7f1c91517029fb661d7379735b8aab5d942b8bb86af38d8" classname="com.github.traderjoe95.mls.protocol.tree.TreeKem" time="0.0"/>
  <testcase name="a new update path generated by the sender should be successfully processed" classname="com.github.traderjoe95.mls.protocol.tree.TreeKem" time="0.0"/>
  <testcase name="the update path should be parent-hash valid" classname="com.github.traderjoe95.mls.protocol.tree.TreeKem" time="0.0"/>
  <testcase name="the tree hash after merging the update path should be 2b065d61a081a08bad0c264fd0acb42f2c7576559dd06d70abf489f5d82b35f2" classname="com.github.traderjoe95.mls.protocol.tree.TreeKem" time="0.0"/>
  <testcase name="the decrypted path secret should be 31b55d9f7db7c7e5b7f1c91517029fb661d7379735b8aab5d942b8bb86af38d8" classname="com.github.traderjoe95.mls.protocol.tree.TreeKem" time="0.001"/>
  <testcase name="a new update path generated by the sender should be successfully processed" classname="com.github.traderjoe95.mls.protocol.tree.TreeKem" time="0.0"/>
  <testcase name="the update path should be parent-hash valid" classname="com.github.traderjoe95.mls.protocol.tree.TreeKem" time="0.001"/>
  <testcase name="the tree hash after merging the update path should be 2b065d61a081a08bad0c264fd0acb42f2c7576559dd06d70abf489f5d82b35f2" classname="com.github.traderjoe95.mls.protocol.tree.TreeKem" time="0.0"/>
  <testcase name="the decrypted path secret should be 65ed1479842ad410d32092f6073db017eac8827be3c47d169f742a167755cbeb" classname="com.github.traderjoe95.mls.protocol.tree.TreeKem" time="0.0"/>
  <testcase name="a new update path generated by the sender should be successfully processed" classname="com.github.traderjoe95.mls.protocol.tree.TreeKem" time="0.0"/>
  <testcase name="the update path should be parent-hash valid" classname="com.github.traderjoe95.mls.protocol.tree.TreeKem" time="0.0"/>
  <testcase name="the tree hash after merging the update path should be 7655f9d9bb86ad7d509f3b14737508dcf7264ebaae24ee4067a8953e5be64ffe" classname="com.github.traderjoe95.mls.protocol.tree.TreeKem" time="0.0"/>
  <testcase name="the decrypted path secret should be d9d2c5ebe714ab7fafa2d4f6d9b1c8b4e81ca48ac6057e2cbe189042e591e64d" classname="com.github.traderjoe95.mls.protocol.tree.TreeKem" time="0.0"/>
  <testcase name="a new update path generated by the sender should be successfully processed" classname="com.github.traderjoe95.mls.protocol.tree.TreeKem" time="0.0"/>
  <testcase name="the update path should be parent-hash valid" classname="com.github.traderjoe95.mls.protocol.tree.TreeKem" time="0.0"/>
  <testcase name="the tree hash after merging the update path should be 7655f9d9bb86ad7d509f3b14737508dcf7264ebaae24ee4067a8953e5be64ffe" classname="com.github.traderjoe95.mls.protocol.tree.TreeKem" time="0.0"/>
  <testcase name="the decrypted path secret should be d9d2c5ebe714ab7fafa2d4f6d9b1c8b4e81ca48ac6057e2cbe189042e591e64d" classname="com.github.traderjoe95.mls.protocol.tree.TreeKem" time="0.0"/>
  <testcase name="a new update path generated by the sender should be successfully processed" classname="com.github.traderjoe95.mls.protocol.tree.TreeKem" time="0.001"/>
  <testcase name="the update path should be parent-hash valid" classname="com.github.traderjoe95.mls.protocol.tree.TreeKem" time="0.0"/>
  <testcase name="the tree hash after merging the update path should be 7655f9d9bb86ad7d509f3b14737508dcf7264ebaae24ee4067a8953e5be64ffe" classname="com.github.traderjoe95.mls.protocol.tree.TreeKem" time="0.0"/>
  <testcase name="the decrypted path secret should be 47043ea1e2961b2a5dd3aaa9f4f01bbc4a52ce153a88c31de1d105466f788ffc" classname="com.github.traderjoe95.mls.protocol.tree.TreeKem" time="0.0"/>
  <testcase name="a new update path generated by the sender should be successfully processed" classname="com.github.traderjoe95.mls.protocol.tree.TreeKem" time="0.0"/>
  <testcase name="non-blank leaf 0 should be consistent with the public state" classname="com.github.traderjoe95.mls.protocol.tree.TreeKem" time="0.0"/>
  <testcase name="non-blank leaf 1 should be consistent with the public state" classname="com.github.traderjoe95.mls.protocol.tree.TreeKem" time="0.0"/>
  <testcase name="non-blank leaf 2 should be consistent with the public state" classname="com.github.traderjoe95.mls.protocol.tree.TreeKem" time="0.0"/>
  <testcase name="non-blank leaf 3 should be consistent with the public state" classname="com.github.traderjoe95.mls.protocol.tree.TreeKem" time="0.0"/>
  <testcase name="non-blank leaf 4 should be consistent with the public state" classname="com.github.traderjoe95.mls.protocol.tree.TreeKem" time="0.0"/>
  <testcase name="the update path should be parent-hash valid" classname="com.github.traderjoe95.mls.protocol.tree.TreeKem" time="0.0"/>
  <testcase name="the tree hash after merging the update path should be 21502d28ad7991404bfb03a60e4a3331c53149b53cd4e055bbc8339b7d4b3449" classname="com.github.traderjoe95.mls.protocol.tree.TreeKem" time="0.001"/>
  <testcase name="the decrypted path secret should be e8608097b9da1863d6a6b540542af95b96ab95bcd9a9c04763313b61c2c99d44" classname="com.github.traderjoe95.mls.protocol.tree.TreeKem" time="0.0"/>
  <testcase name="a new update path generated by the sender should be successfully processed" classname="com.github.traderjoe95.mls.protocol.tree.TreeKem" time="0.0"/>
  <testcase name="the update path should be parent-hash valid" classname="com.github.traderjoe95.mls.protocol.tree.TreeKem" time="0.001"/>
  <testcase name="the tree hash after merging the update path should be 21502d28ad7991404bfb03a60e4a3331c53149b53cd4e055bbc8339b7d4b3449" classname="com.github.traderjoe95.mls.protocol.tree.TreeKem" time="0.0"/>
  <testcase name="the decrypted path secret should be 5ccc25c82569cc9731283abbdb9265187c17503e6f9c4ba2484a9e210e83f5a3" classname="com.github.traderjoe95.mls.protocol.tree.TreeKem" time="0.0"/>
  <testcase name="a new update path generated by the sender should be successfully processed" classname="com.github.traderjoe95.mls.protocol.tree.TreeKem" time="0.001"/>
  <testcase name="the update path should be parent-hash valid" classname="com.github.traderjoe95.mls.protocol.tree.TreeKem" time="0.001"/>
  <testcase name="the tree hash after merging the update path should be 21502d28ad7991404bfb03a60e4a3331c53149b53cd4e055bbc8339b7d4b3449" classname="com.github.traderjoe95.mls.protocol.tree.TreeKem" time="0.0"/>
  <testcase name="the decrypted path secret should be 5ccc25c82569cc9731283abbdb9265187c17503e6f9c4ba2484a9e210e83f5a3" classname="com.github.traderjoe95.mls.protocol.tree.TreeKem" time="0.0"/>
  <testcase name="a new update path generated by the sender should be successfully processed" classname="com.github.traderjoe95.mls.protocol.tree.TreeKem" time="0.0"/>
  <testcase name="the update path should be parent-hash valid" classname="com.github.traderjoe95.mls.protocol.tree.TreeKem" time="0.0"/>
  <testcase name="the tree hash after merging the update path should be 21502d28ad7991404bfb03a60e4a3331c53149b53cd4e055bbc8339b7d4b3449" classname="com.github.traderjoe95.mls.protocol.tree.TreeKem" time="0.0"/>
  <testcase name="the decrypted path secret should be 504766baf72d5ca7c9418c872a0e93387d717bb13f319e4953867cc50b57d676" classname="com.github.traderjoe95.mls.protocol.tree.TreeKem" time="0.0"/>
  <testcase name="a new update path generated by the sender should be successfully processed" classname="com.github.traderjoe95.mls.protocol.tree.TreeKem" time="0.001"/>
  <testcase name="the update path should be parent-hash valid" classname="com.github.traderjoe95.mls.protocol.tree.TreeKem" time="0.001"/>
  <testcase name="the tree hash after merging the update path should be d1dff6c71dac49a338e8753dd262daf827fd5ab3888458a1fb298e15c7849fe0" classname="com.github.traderjoe95.mls.protocol.tree.TreeKem" time="0.0"/>
  <testcase name="the decrypted path secret should be 482f034750eac133955a4b06f9907e221c4f7dcde23cd44839d939e74845d5b6" classname="com.github.traderjoe95.mls.protocol.tree.TreeKem" time="0.0"/>
  <testcase name="a new update path generated by the sender should be successfully processed" classname="com.github.traderjoe95.mls.protocol.tree.TreeKem" time="0.0"/>
  <testcase name="the update path should be parent-hash valid" classname="com.github.traderjoe95.mls.protocol.tree.TreeKem" time="0.0"/>
  <testcase name="the tree hash after merging the update path should be d1dff6c71dac49a338e8753dd262daf827fd5ab3888458a1fb298e15c7849fe0" classname="com.github.traderjoe95.mls.protocol.tree.TreeKem" time="0.0"/>
  <testcase name="the decrypted path secret should be 4179fbbca043d7139726430d976a623eac87a9d18bfee7227f2c4d54c16d041e" classname="com.github.traderjoe95.mls.protocol.tree.TreeKem" time="0.0"/>
  <testcase name="a new update path generated by the sender should be successfully processed" classname="com.github.traderjoe95.mls.protocol.tree.TreeKem" time="0.001"/>
  <testcase name="the update path should be parent-hash valid" classname="com.github.traderjoe95.mls.protocol.tree.TreeKem" time="0.0"/>
  <testcase name="the tree hash after merging the update path should be d1dff6c71dac49a338e8753dd262daf827fd5ab3888458a1fb298e15c7849fe0" classname="com.github.traderjoe95.mls.protocol.tree.TreeKem" time="0.0"/>
  <testcase name="the decrypted path secret should be 4179fbbca043d7139726430d976a623eac87a9d18bfee7227f2c4d54c16d041e" classname="com.github.traderjoe95.mls.protocol.tree.TreeKem" time="0.001"/>
  <testcase name="a new update path generated by the sender should be successfully processed" classname="com.github.traderjoe95.mls.protocol.tree.TreeKem" time="0.001"/>
  <testcase name="the update path should be parent-hash valid" classname="com.github.traderjoe95.mls.protocol.tree.TreeKem" time="0.0"/>
  <testcase name="the tree hash after merging the update path should be d1dff6c71dac49a338e8753dd262daf827fd5ab3888458a1fb298e15c7849fe0" classname="com.github.traderjoe95.mls.protocol.tree.TreeKem" time="0.001"/>
  <testcase name="the decrypted path secret should be 0a8222278bb97717570dcbe645ca76266a1a6fbab32e2cd4420431e8611eed12" classname="com.github.traderjoe95.mls.protocol.tree.TreeKem" time="0.001"/>
  <testcase name="a new update path generated by the sender should be successfully processed" classname="com.github.traderjoe95.mls.protocol.tree.TreeKem" time="0.0"/>
  <testcase name="the update path should be parent-hash valid" classname="com.github.traderjoe95.mls.protocol.tree.TreeKem" time="0.0"/>
  <testcase name="the tree hash after merging the update path should be a8b9f12f4c4b6854e5bd57a87fea1ee8b8e43a46e2a07ea4d237ea924ce36950" classname="com.github.traderjoe95.mls.protocol.tree.TreeKem" time="0.0"/>
  <testcase name="the decrypted path secret should be 31b55d9f7db7c7e5b7f1c91517029fb661d7379735b8aab5d942b8bb86af38d8" classname="com.github.traderjoe95.mls.protocol.tree.TreeKem" time="0.0"/>
  <testcase name="a new update path generated by the sender should be successfully processed" classname="com.github.traderjoe95.mls.protocol.tree.TreeKem" time="0.001"/>
  <testcase name="the update path should be parent-hash valid" classname="com.github.traderjoe95.mls.protocol.tree.TreeKem" time="0.0"/>
  <testcase name="the tree hash after merging the update path should be a8b9f12f4c4b6854e5bd57a87fea1ee8b8e43a46e2a07ea4d237ea924ce36950" classname="com.github.traderjoe95.mls.protocol.tree.TreeKem" time="0.0"/>
  <testcase name="the decrypted path secret should be 31b55d9f7db7c7e5b7f1c91517029fb661d7379735b8aab5d942b8bb86af38d8" classname="com.github.traderjoe95.mls.protocol.tree.TreeKem" time="0.0"/>
  <testcase name="a new update path generated by the sender should be successfully processed" classname="com.github.traderjoe95.mls.protocol.tree.TreeKem" time="0.001"/>
  <testcase name="the update path should be parent-hash valid" classname="com.github.traderjoe95.mls.protocol.tree.TreeKem" time="0.0"/>
  <testcase name="the tree hash after merging the update path should be a8b9f12f4c4b6854e5bd57a87fea1ee8b8e43a46e2a07ea4d237ea924ce36950" classname="com.github.traderjoe95.mls.protocol.tree.TreeKem" time="0.0"/>
  <testcase name="the decrypted path secret should be 65ed1479842ad410d32092f6073db017eac8827be3c47d169f742a167755cbeb" classname="com.github.traderjoe95.mls.protocol.tree.TreeKem" time="0.001"/>
  <testcase name="a new update path generated by the sender should be successfully processed" classname="com.github.traderjoe95.mls.protocol.tree.TreeKem" time="0.001"/>
  <testcase name="the update path should be parent-hash valid" classname="com.github.traderjoe95.mls.protocol.tree.TreeKem" time="0.0"/>
  <testcase name="the tree hash after merging the update path should be a8b9f12f4c4b6854e5bd57a87fea1ee8b8e43a46e2a07ea4d237ea924ce36950" classname="com.github.traderjoe95.mls.protocol.tree.TreeKem" time="0.0"/>
  <testcase name="the decrypted path secret should be fcc016ff84f1dab6df10a1f1c1847187255d3dcba8b1d859a09d66eb40cd82dc" classname="com.github.traderjoe95.mls.protocol.tree.TreeKem" time="0.0"/>
  <testcase name="a new update path generated by the sender should be successfully processed" classname="com.github.traderjoe95.mls.protocol.tree.TreeKem" time="0.001"/>
  <testcase name="the update path should be parent-hash valid" classname="com.github.traderjoe95.mls.protocol.tree.TreeKem" time="0.0"/>
  <testcase name="the tree hash after merging the update path should be 11cb4cfb28e9d7cfcf992db74a280a434b3c9222f76f4cf0cdb4d521437254b8" classname="com.github.traderjoe95.mls.protocol.tree.TreeKem" time="0.0"/>
  <testcase name="the decrypted path secret should be d9d2c5ebe714ab7fafa2d4f6d9b1c8b4e81ca48ac6057e2cbe189042e591e64d" classname="com.github.traderjoe95.mls.protocol.tree.TreeKem" time="0.0"/>
  <testcase name="a new update path generated by the sender should be successfully processed" classname="com.github.traderjoe95.mls.protocol.tree.TreeKem" time="0.0"/>
  <testcase name="the update path should be parent-hash valid" classname="com.github.traderjoe95.mls.protocol.tree.TreeKem" time="0.0"/>
  <testcase name="the tree hash after merging the update path should be 11cb4cfb28e9d7cfcf992db74a280a434b3c9222f76f4cf0cdb4d521437254b8" classname="com.github.traderjoe95.mls.protocol.tree.TreeKem" time="0.0"/>
  <testcase name="the decrypted path secret should be d9d2c5ebe714ab7fafa2d4f6d9b1c8b4e81ca48ac6057e2cbe189042e591e64d" classname="com.github.traderjoe95.mls.protocol.tree.TreeKem" time="0.001"/>
  <testcase name="a new update path generated by the sender should be successfully processed" classname="com.github.traderjoe95.mls.protocol.tree.TreeKem" time="0.001"/>
  <testcase name="the update path should be parent-hash valid" classname="com.github.traderjoe95.mls.protocol.tree.TreeKem" time="0.0"/>
  <testcase name="the tree hash after merging the update path should be 11cb4cfb28e9d7cfcf992db74a280a434b3c9222f76f4cf0cdb4d521437254b8" classname="com.github.traderjoe95.mls.protocol.tree.TreeKem" time="0.0"/>
  <testcase name="the decrypted path secret should be 47043ea1e2961b2a5dd3aaa9f4f01bbc4a52ce153a88c31de1d105466f788ffc" classname="com.github.traderjoe95.mls.protocol.tree.TreeKem" time="0.001"/>
  <testcase name="a new update path generated by the sender should be successfully processed" classname="com.github.traderjoe95.mls.protocol.tree.TreeKem" time="0.001"/>
  <testcase name="the update path should be parent-hash valid" classname="com.github.traderjoe95.mls.protocol.tree.TreeKem" time="0.0"/>
  <testcase name="the tree hash after merging the update path should be 11cb4cfb28e9d7cfcf992db74a280a434b3c9222f76f4cf0cdb4d521437254b8" classname="com.github.traderjoe95.mls.protocol.tree.TreeKem" time="0.001"/>
  <testcase name="the decrypted path secret should be e91a12d86125a8d5acc0872133f1e289256c749698427abdcaeedf0139273688" classname="com.github.traderjoe95.mls.protocol.tree.TreeKem" time="0.001"/>
  <testcase name="a new update path generated by the sender should be successfully processed" classname="com.github.traderjoe95.mls.protocol.tree.TreeKem" time="0.001"/>
  <testcase name="the update path should be parent-hash valid" classname="com.github.traderjoe95.mls.protocol.tree.TreeKem" time="0.0"/>
  <testcase name="the tree hash after merging the update path should be 7bcf197a709d81908303549c38d50a48dabbcf91d1761c1c532e5659618a8499" classname="com.github.traderjoe95.mls.protocol.tree.TreeKem" time="0.0"/>
  <testcase name="the decrypted path secret should be 72d46a199f58a9227f1cd24468537f238a841a745ca09e7bca0c9c18a58a09e9" classname="com.github.traderjoe95.mls.protocol.tree.TreeKem" time="0.001"/>
  <testcase name="a new update path generated by the sender should be successfully processed" classname="com.github.traderjoe95.mls.protocol.tree.TreeKem" time="0.001"/>
  <testcase name="the update path should be parent-hash valid" classname="com.github.traderjoe95.mls.protocol.tree.TreeKem" time="0.0"/>
  <testcase name="the tree hash after merging the update path should be 7bcf197a709d81908303549c38d50a48dabbcf91d1761c1c532e5659618a8499" classname="com.github.traderjoe95.mls.protocol.tree.TreeKem" time="0.001"/>
  <testcase name="the decrypted path secret should be 72d46a199f58a9227f1cd24468537f238a841a745ca09e7bca0c9c18a58a09e9" classname="com.github.traderjoe95.mls.protocol.tree.TreeKem" time="0.001"/>
  <testcase name="a new update path generated by the sender should be successfully processed" classname="com.github.traderjoe95.mls.protocol.tree.TreeKem" time="0.001"/>
  <testcase name="the update path should be parent-hash valid" classname="com.github.traderjoe95.mls.protocol.tree.TreeKem" time="0.0"/>
  <testcase name="the tree hash after merging the update path should be 7bcf197a709d81908303549c38d50a48dabbcf91d1761c1c532e5659618a8499" classname="com.github.traderjoe95.mls.protocol.tree.TreeKem" time="0.0"/>
  <testcase name="the decrypted path secret should be 72d46a199f58a9227f1cd24468537f238a841a745ca09e7bca0c9c18a58a09e9" classname="com.github.traderjoe95.mls.protocol.tree.TreeKem" time="0.0"/>
  <testcase name="a new update path generated by the sender should be successfully processed" classname="com.github.traderjoe95.mls.protocol.tree.TreeKem" time="0.0"/>
  <testcase name="the update path should be parent-hash valid" classname="com.github.traderjoe95.mls.protocol.tree.TreeKem" time="0.0"/>
  <testcase name="the tree hash after merging the update path should be 7bcf197a709d81908303549c38d50a48dabbcf91d1761c1c532e5659618a8499" classname="com.github.traderjoe95.mls.protocol.tree.TreeKem" time="0.0"/>
  <testcase name="the decrypted path secret should be 72d46a199f58a9227f1cd24468537f238a841a745ca09e7bca0c9c18a58a09e9" classname="com.github.traderjoe95.mls.protocol.tree.TreeKem" time="0.0"/>
  <testcase name="a new update path generated by the sender should be successfully processed" classname="com.github.traderjoe95.mls.protocol.tree.TreeKem" time="0.0"/>
  <testcase name="non-blank leaf 0 should be consistent with the public state" classname="com.github.traderjoe95.mls.protocol.tree.TreeKem" time="0.001"/>
  <testcase name="non-blank leaf 1 should be consistent with the public state" classname="com.github.traderjoe95.mls.protocol.tree.TreeKem" time="0.001"/>
  <testcase name="non-blank leaf 2 should be consistent with the public state" classname="com.github.traderjoe95.mls.protocol.tree.TreeKem" time="0.001"/>
  <testcase name="non-blank leaf 3 should be consistent with the public state" classname="com.github.traderjoe95.mls.protocol.tree.TreeKem" time="0.0"/>
  <testcase name="non-blank leaf 4 should be consistent with the public state" classname="com.github.traderjoe95.mls.protocol.tree.TreeKem" time="0.0"/>
  <testcase name="non-blank leaf 5 should be consistent with the public state" classname="com.github.traderjoe95.mls.protocol.tree.TreeKem" time="0.0"/>
  <testcase name="the update path should be parent-hash valid" classname="com.github.traderjoe95.mls.protocol.tree.TreeKem" time="0.0"/>
  <testcase name="the tree hash after merging the update path should be 00568bf7f4184674ceef5014a3d3cb5ffd43769d54c949de73fe2bd2dd0204b5" classname="com.github.traderjoe95.mls.protocol.tree.TreeKem" time="0.0"/>
  <testcase name="the decrypted path secret should be e8608097b9da1863d6a6b540542af95b96ab95bcd9a9c04763313b61c2c99d44" classname="com.github.traderjoe95.mls.protocol.tree.TreeKem" time="0.0"/>
  <testcase name="a new update path generated by the sender should be successfully processed" classname="com.github.traderjoe95.mls.protocol.tree.TreeKem" time="0.0"/>
  <testcase name="the update path should be parent-hash valid" classname="com.github.traderjoe95.mls.protocol.tree.TreeKem" time="0.0"/>
  <testcase name="the tree hash after merging the update path should be 00568bf7f4184674ceef5014a3d3cb5ffd43769d54c949de73fe2bd2dd0204b5" classname="com.github.traderjoe95.mls.protocol.tree.TreeKem" time="0.0"/>
  <testcase name="the decrypted path secret should be 5ccc25c82569cc9731283abbdb9265187c17503e6f9c4ba2484a9e210e83f5a3" classname="com.github.traderjoe95.mls.protocol.tree.TreeKem" time="0.001"/>
  <testcase name="a new update path generated by the sender should be successfully processed" classname="com.github.traderjoe95.mls.protocol.tree.TreeKem" time="0.001"/>
  <testcase name="the update path should be parent-hash valid" classname="com.github.traderjoe95.mls.protocol.tree.TreeKem" time="0.0"/>
  <testcase name="the tree hash after merging the update path should be 00568bf7f4184674ceef5014a3d3cb5ffd43769d54c949de73fe2bd2dd0204b5" classname="com.github.traderjoe95.mls.protocol.tree.TreeKem" time="0.0"/>
  <testcase name="the decrypted path secret should be 5ccc25c82569cc9731283abbdb9265187c17503e6f9c4ba2484a9e210e83f5a3" classname="com.github.traderjoe95.mls.protocol.tree.TreeKem" time="0.001"/>
  <testcase name="a new update path generated by the sender should be successfully processed" classname="com.github.traderjoe95.mls.protocol.tree.TreeKem" time="0.001"/>
  <testcase name="the update path should be parent-hash valid" classname="com.github.traderjoe95.mls.protocol.tree.TreeKem" time="0.0"/>
  <testcase name="the tree hash after merging the update path should be 00568bf7f4184674ceef5014a3d3cb5ffd43769d54c949de73fe2bd2dd0204b5" classname="com.github.traderjoe95.mls.protocol.tree.TreeKem" time="0.001"/>
  <testcase name="the decrypted path secret should be 504766baf72d5ca7c9418c872a0e93387d717bb13f319e4953867cc50b57d676" classname="com.github.traderjoe95.mls.protocol.tree.TreeKem" time="0.0"/>
  <testcase name="a new update path generated by the sender should be successfully processed" classname="com.github.traderjoe95.mls.protocol.tree.TreeKem" time="0.001"/>
  <testcase name="the update path should be parent-hash valid" classname="com.github.traderjoe95.mls.protocol.tree.TreeKem" time="0.001"/>
  <testcase name="the tree hash after merging the update path should be 00568bf7f4184674ceef5014a3d3cb5ffd43769d54c949de73fe2bd2dd0204b5" classname="com.github.traderjoe95.mls.protocol.tree.TreeKem" time="0.0"/>
  <testcase name="the decrypted path secret should be 504766baf72d5ca7c9418c872a0e93387d717bb13f319e4953867cc50b57d676" classname="com.github.traderjoe95.mls.protocol.tree.TreeKem" time="0.0"/>
  <testcase name="a new update path generated by the sender should be successfully processed" classname="com.github.traderjoe95.mls.protocol.tree.TreeKem" time="0.0"/>
  <testcase name="the update path should be parent-hash valid" classname="com.github.traderjoe95.mls.protocol.tree.TreeKem" time="0.0"/>
  <testcase name="the tree hash after merging the update path should be 94761904d89162098b8489a8d0a2ce19658d8f908701ec706340f63e9d8377b0" classname="com.github.traderjoe95.mls.protocol.tree.TreeKem" time="0.0"/>
  <testcase name="the decrypted path secret should be 482f034750eac133955a4b06f9907e221c4f7dcde23cd44839d939e74845d5b6" classname="com.github.traderjoe95.mls.protocol.tree.TreeKem" time="0.001"/>
  <testcase name="a new update path generated by the sender should be successfully processed" classname="com.github.traderjoe95.mls.protocol.tree.TreeKem" time="0.001"/>
  <testcase name="the update path should be parent-hash valid" classname="com.github.traderjoe95.mls.protocol.tree.TreeKem" time="0.0"/>
  <testcase name="the tree hash after merging the update path should be 94761904d89162098b8489a8d0a2ce19658d8f908701ec706340f63e9d8377b0" classname="com.github.traderjoe95.mls.protocol.tree.TreeKem" time="0.001"/>
  <testcase name="the decrypted path secret should be 4179fbbca043d7139726430d976a623eac87a9d18bfee7227f2c4d54c16d041e" classname="com.github.traderjoe95.mls.protocol.tree.TreeKem" time="0.0"/>
  <testcase name="a new update path generated by the sender should be successfully processed" classname="com.github.traderjoe95.mls.protocol.tree.TreeKem" time="0.001"/>
  <testcase name="the update path should be parent-hash valid" classname="com.github.traderjoe95.mls.protocol.tree.TreeKem" time="0.001"/>
  <testcase name="the tree hash after merging the update path should be 94761904d89162098b8489a8d0a2ce19658d8f908701ec706340f63e9d8377b0" classname="com.github.traderjoe95.mls.protocol.tree.TreeKem" time="0.0"/>
  <testcase name="the decrypted path secret should be 4179fbbca043d7139726430d976a623eac87a9d18bfee7227f2c4d54c16d041e" classname="com.github.traderjoe95.mls.protocol.tree.TreeKem" time="0.0"/>
  <testcase name="a new update path generated by the sender should be successfully processed" classname="com.github.traderjoe95.mls.protocol.tree.TreeKem" time="0.001"/>
  <testcase name="the update path should be parent-hash valid" classname="com.github.traderjoe95.mls.protocol.tree.TreeKem" time="0.0"/>
  <testcase name="the tree hash after merging the update path should be 94761904d89162098b8489a8d0a2ce19658d8f908701ec706340f63e9d8377b0" classname="com.github.traderjoe95.mls.protocol.tree.TreeKem" time="0.0"/>
  <testcase name="the decrypted path secret should be 0a8222278bb97717570dcbe645ca76266a1a6fbab32e2cd4420431e8611eed12" classname="com.github.traderjoe95.mls.protocol.tree.TreeKem" time="0.001"/>
  <testcase name="a new update path generated by the sender should be successfully processed" classname="com.github.traderjoe95.mls.protocol.tree.TreeKem" time="0.001"/>
  <testcase name="the update path should be parent-hash valid" classname="com.github.traderjoe95.mls.protocol.tree.TreeKem" time="0.001"/>
  <testcase name="the tree hash after merging the update path should be 94761904d89162098b8489a8d0a2ce19658d8f908701ec706340f63e9d8377b0" classname="com.github.traderjoe95.mls.protocol.tree.TreeKem" time="0.0"/>
  <testcase name="the decrypted path secret should be 0a8222278bb97717570dcbe645ca76266a1a6fbab32e2cd4420431e8611eed12" classname="com.github.traderjoe95.mls.protocol.tree.TreeKem" time="0.0"/>
  <testcase name="a new update path generated by the sender should be successfully processed" classname="com.github.traderjoe95.mls.protocol.tree.TreeKem" time="0.001"/>
  <testcase name="the update path should be parent-hash valid" classname="com.github.traderjoe95.mls.protocol.tree.TreeKem" time="0.0"/>
  <testcase name="the tree hash after merging the update path should be 0c3532969f6c5a76ab60fa13dc78b7783c55263b858d10c5b5dbb5927fe50abc" classname="com.github.traderjoe95.mls.protocol.tree.TreeKem" time="0.0"/>
  <testcase name="the decrypted path secret should be 31b55d9f7db7c7e5b7f1c91517029fb661d7379735b8aab5d942b8bb86af38d8" classname="com.github.traderjoe95.mls.protocol.tree.TreeKem" time="0.0"/>
  <testcase name="a new update path generated by the sender should be successfully processed" classname="com.github.traderjoe95.mls.protocol.tree.TreeKem" time="0.001"/>
  <testcase name="the update path should be parent-hash valid" classname="com.github.traderjoe95.mls.protocol.tree.TreeKem" time="0.0"/>
  <testcase name="the tree hash after merging the update path should be 0c3532969f6c5a76ab60fa13dc78b7783c55263b858d10c5b5dbb5927fe50abc" classname="com.github.traderjoe95.mls.protocol.tree.TreeKem" time="0.0"/>
  <testcase name="the decrypted path secret should be 31b55d9f7db7c7e5b7f1c91517029fb661d7379735b8aab5d942b8bb86af38d8" classname="com.github.traderjoe95.mls.protocol.tree.TreeKem" time="0.001"/>
  <testcase name="a new update path generated by the sender should be successfully processed" classname="com.github.traderjoe95.mls.protocol.tree.TreeKem" time="0.001"/>
  <testcase name="the update path should be parent-hash valid" classname="com.github.traderjoe95.mls.protocol.tree.TreeKem" time="0.0"/>
  <testcase name="the tree hash after merging the update path should be 0c3532969f6c5a76ab60fa13dc78b7783c55263b858d10c5b5dbb5927fe50abc" classname="com.github.traderjoe95.mls.protocol.tree.TreeKem" time="0.001"/>
  <testcase name="the decrypted path secret should be 65ed1479842ad410d32092f6073db017eac8827be3c47d169f742a167755cbeb" classname="com.github.traderjoe95.mls.protocol.tree.TreeKem" time="0.001"/>
  <testcase name="a new update path generated by the sender should be successfully processed" classname="com.github.traderjoe95.mls.protocol.tree.TreeKem" time="0.001"/>
  <testcase name="the update path should be parent-hash valid" classname="com.github.traderjoe95.mls.protocol.tree.TreeKem" time="0.0"/>
  <testcase name="the tree hash after merging the update path should be 0c3532969f6c5a76ab60fa13dc78b7783c55263b858d10c5b5dbb5927fe50abc" classname="com.github.traderjoe95.mls.protocol.tree.TreeKem" time="0.001"/>
  <testcase name="the decrypted path secret should be fcc016ff84f1dab6df10a1f1c1847187255d3dcba8b1d859a09d66eb40cd82dc" classname="com.github.traderjoe95.mls.protocol.tree.TreeKem" time="0.001"/>
  <testcase name="a new update path generated by the sender should be successfully processed" classname="com.github.traderjoe95.mls.protocol.tree.TreeKem" time="0.001"/>
  <testcase name="the update path should be parent-hash valid" classname="com.github.traderjoe95.mls.protocol.tree.TreeKem" time="0.0"/>
  <testcase name="the tree hash after merging the update path should be 0c3532969f6c5a76ab60fa13dc78b7783c55263b858d10c5b5dbb5927fe50abc" classname="com.github.traderjoe95.mls.protocol.tree.TreeKem" time="0.001"/>
  <testcase name="the decrypted path secret should be fcc016ff84f1dab6df10a1f1c1847187255d3dcba8b1d859a09d66eb40cd82dc" classname="com.github.traderjoe95.mls.protocol.tree.TreeKem" time="0.001"/>
  <testcase name="a new update path generated by the sender should be successfully processed" classname="com.github.traderjoe95.mls.protocol.tree.TreeKem" time="0.001"/>
  <testcase name="the update path should be parent-hash valid" classname="com.github.traderjoe95.mls.protocol.tree.TreeKem" time="0.0"/>
  <testcase name="the tree hash after merging the update path should be d1e914dddf0f7655f98364e8d0eb9b6534bb6a350feb18f1a92370691444cc11" classname="com.github.traderjoe95.mls.protocol.tree.TreeKem" time="0.001"/>
  <testcase name="the decrypted path secret should be d9d2c5ebe714ab7fafa2d4f6d9b1c8b4e81ca48ac6057e2cbe189042e591e64d" classname="com.github.traderjoe95.mls.protocol.tree.TreeKem" time="0.001"/>
  <testcase name="a new update path generated by the sender should be successfully processed" classname="com.github.traderjoe95.mls.protocol.tree.TreeKem" time="0.001"/>
  <testcase name="the update path should be parent-hash valid" classname="com.github.traderjoe95.mls.protocol.tree.TreeKem" time="0.0"/>
  <testcase name="the tree hash after merging the update path should be d1e914dddf0f7655f98364e8d0eb9b6534bb6a350feb18f1a92370691444cc11" classname="com.github.traderjoe95.mls.protocol.tree.TreeKem" time="0.0"/>
  <testcase name="the decrypted path secret should be d9d2c5ebe714ab7fafa2d4f6d9b1c8b4e81ca48ac6057e2cbe189042e591e64d" classname="com.github.traderjoe95.mls.protocol.tree.TreeKem" time="0.0"/>
  <testcase name="a new update path generated by the sender should be successfully processed" classname="com.github.traderjoe95.mls.protocol.tree.TreeKem" time="0.0"/>
  <testcase name="the update path should be parent-hash valid" classname="com.github.traderjoe95.mls.protocol.tree.TreeKem" time="0.001"/>
  <testcase name="the tree hash after merging the update path should be d1e914dddf0f7655f98364e8d0eb9b6534bb6a350feb18f1a92370691444cc11" classname="com.github.traderjoe95.mls.protocol.tree.TreeKem" time="0.0"/>
  <testcase name="the decrypted path secret should be 47043ea1e2961b2a5dd3aaa9f4f01bbc4a52ce153a88c31de1d105466f788ffc" classname="com.github.traderjoe95.mls.protocol.tree.TreeKem" time="0.0"/>
  <testcase name="a new update path generated by the sender should be successfully processed" classname="com.github.traderjoe95.mls.protocol.tree.TreeKem" time="0.001"/>
  <testcase name="the update path should be parent-hash valid" classname="com.github.traderjoe95.mls.protocol.tree.TreeKem" time="0.0"/>
  <testcase name="the tree hash after merging the update path should be d1e914dddf0f7655f98364e8d0eb9b6534bb6a350feb18f1a92370691444cc11" classname="com.github.traderjoe95.mls.protocol.tree.TreeKem" time="0.0"/>
  <testcase name="the decrypted path secret should be e91a12d86125a8d5acc0872133f1e289256c749698427abdcaeedf0139273688" classname="com.github.traderjoe95.mls.protocol.tree.TreeKem" time="0.0"/>
  <testcase name="a new update path generated by the sender should be successfully processed" classname="com.github.traderjoe95.mls.protocol.tree.TreeKem" time="0.001"/>
  <testcase name="the update path should be parent-hash valid" classname="com.github.traderjoe95.mls.protocol.tree.TreeKem" time="0.0"/>
  <testcase name="the tree hash after merging the update path should be d1e914dddf0f7655f98364e8d0eb9b6534bb6a350feb18f1a92370691444cc11" classname="com.github.traderjoe95.mls.protocol.tree.TreeKem" time="0.001"/>
  <testcase name="the decrypted path secret should be e91a12d86125a8d5acc0872133f1e289256c749698427abdcaeedf0139273688" classname="com.github.traderjoe95.mls.protocol.tree.TreeKem" time="0.001"/>
  <testcase name="a new update path generated by the sender should be successfully processed" classname="com.github.traderjoe95.mls.protocol.tree.TreeKem" time="0.001"/>
  <testcase name="the update path should be parent-hash valid" classname="com.github.traderjoe95.mls.protocol.tree.TreeKem" time="0.001"/>
  <testcase name="the tree hash after merging the update path should be 5ea8c55498043c5752bfb2094f5f79a2272cfa12e739b202ea45d7c269d20a59" classname="com.github.traderjoe95.mls.protocol.tree.TreeKem" time="0.001"/>
  <testcase name="the decrypted path secret should be f2c5622949d4e6ca8f917ef1b0d4fe106d8592c2f629822908146332907e5682" classname="com.github.traderjoe95.mls.protocol.tree.TreeKem" time="0.001"/>
  <testcase name="a new update path generated by the sender should be successfully processed" classname="com.github.traderjoe95.mls.protocol.tree.TreeKem" time="0.001"/>
  <testcase name="the update path should be parent-hash valid" classname="com.github.traderjoe95.mls.protocol.tree.TreeKem" time="0.0"/>
  <testcase name="the tree hash after merging the update path should be 5ea8c55498043c5752bfb2094f5f79a2272cfa12e739b202ea45d7c269d20a59" classname="com.github.traderjoe95.mls.protocol.tree.TreeKem" time="0.0"/>
  <testcase name="the decrypted path secret should be f2c5622949d4e6ca8f917ef1b0d4fe106d8592c2f629822908146332907e5682" classname="com.github.traderjoe95.mls.protocol.tree.TreeKem" time="0.0"/>
  <testcase name="a new update path generated by the sender should be successfully processed" classname="com.github.traderjoe95.mls.protocol.tree.TreeKem" time="0.001"/>
  <testcase name="the update path should be parent-hash valid" classname="com.github.traderjoe95.mls.protocol.tree.TreeKem" time="0.001"/>
  <testcase name="the tree hash after merging the update path should be 5ea8c55498043c5752bfb2094f5f79a2272cfa12e739b202ea45d7c269d20a59" classname="com.github.traderjoe95.mls.protocol.tree.TreeKem" time="0.0"/>
  <testcase name="the decrypted path secret should be f2c5622949d4e6ca8f917ef1b0d4fe106d8592c2f629822908146332907e5682" classname="com.github.traderjoe95.mls.protocol.tree.TreeKem" time="0.0"/>
  <testcase name="a new update path generated by the sender should be successfully processed" classname="com.github.traderjoe95.mls.protocol.tree.TreeKem" time="0.0"/>
  <testcase name="the update path should be parent-hash valid" classname="com.github.traderjoe95.mls.protocol.tree.TreeKem" time="0.0"/>
  <testcase name="the tree hash after merging the update path should be 5ea8c55498043c5752bfb2094f5f79a2272cfa12e739b202ea45d7c269d20a59" classname="com.github.traderjoe95.mls.protocol.tree.TreeKem" time="0.0"/>
  <testcase name="the decrypted path secret should be f2c5622949d4e6ca8f917ef1b0d4fe106d8592c2f629822908146332907e5682" classname="com.github.traderjoe95.mls.protocol.tree.TreeKem" time="0.0"/>
  <testcase name="a new update path generated by the sender should be successfully processed" classname="com.github.traderjoe95.mls.protocol.tree.TreeKem" time="0.001"/>
  <testcase name="the update path should be parent-hash valid" classname="com.github.traderjoe95.mls.protocol.tree.TreeKem" time="0.0"/>
  <testcase name="the tree hash after merging the update path should be 5ea8c55498043c5752bfb2094f5f79a2272cfa12e739b202ea45d7c269d20a59" classname="com.github.traderjoe95.mls.protocol.tree.TreeKem" time="0.001"/>
  <testcase name="the decrypted path secret should be 72d46a199f58a9227f1cd24468537f238a841a745ca09e7bca0c9c18a58a09e9" classname="com.github.traderjoe95.mls.protocol.tree.TreeKem" time="0.001"/>
  <testcase name="a new update path generated by the sender should be successfully processed" classname="com.github.traderjoe95.mls.protocol.tree.TreeKem" time="0.0"/>
  <testcase name="the update path should be parent-hash valid" classname="com.github.traderjoe95.mls.protocol.tree.TreeKem" time="0.0"/>
  <testcase name="the tree hash after merging the update path should be 27d9c7cd6b9b750656949a67a5c8655cb69876c31fafd99a6597d005836537b1" classname="com.github.traderjoe95.mls.protocol.tree.TreeKem" time="0.001"/>
  <testcase name="the decrypted path secret should be ebc06cf63c3d0bc4759702d3be52e9ad6cf6942f2c8e9e138653602a9f20cfcd" classname="com.github.traderjoe95.mls.protocol.tree.TreeKem" time="0.001"/>
  <testcase name="a new update path generated by the sender should be successfully processed" classname="com.github.traderjoe95.mls.protocol.tree.TreeKem" time="0.0"/>
  <testcase name="the update path should be parent-hash valid" classname="com.github.traderjoe95.mls.protocol.tree.TreeKem" time="0.0"/>
  <testcase name="the tree hash after merging the update path should be 27d9c7cd6b9b750656949a67a5c8655cb69876c31fafd99a6597d005836537b1" classname="com.github.traderjoe95.mls.protocol.tree.TreeKem" time="0.0"/>
  <testcase name="the decrypted path secret should be ebc06cf63c3d0bc4759702d3be52e9ad6cf6942f2c8e9e138653602a9f20cfcd" classname="com.github.traderjoe95.mls.protocol.tree.TreeKem" time="0.0"/>
  <testcase name="a new update path generated by the sender should be successfully processed" classname="com.github.traderjoe95.mls.protocol.tree.TreeKem" time="0.001"/>
  <testcase name="the update path should be parent-hash valid" classname="com.github.traderjoe95.mls.protocol.tree.TreeKem" time="0.0"/>
  <testcase name="the tree hash after merging the update path should be 27d9c7cd6b9b750656949a67a5c8655cb69876c31fafd99a6597d005836537b1" classname="com.github.traderjoe95.mls.protocol.tree.TreeKem" time="0.001"/>
  <testcase name="the decrypted path secret should be ebc06cf63c3d0bc4759702d3be52e9ad6cf6942f2c8e9e138653602a9f20cfcd" classname="com.github.traderjoe95.mls.protocol.tree.TreeKem" time="0.001"/>
  <testcase name="a new update path generated by the sender should be successfully processed" classname="com.github.traderjoe95.mls.protocol.tree.TreeKem" time="0.001"/>
  <testcase name="the update path should be parent-hash valid" classname="com.github.traderjoe95.mls.protocol.tree.TreeKem" time="0.0"/>
  <testcase name="the tree hash after merging the update path should be 27d9c7cd6b9b750656949a67a5c8655cb69876c31fafd99a6597d005836537b1" classname="com.github.traderjoe95.mls.protocol.tree.TreeKem" time="0.0"/>
  <testcase name="the decrypted path secret should be ebc06cf63c3d0bc4759702d3be52e9ad6cf6942f2c8e9e138653602a9f20cfcd" classname="com.github.traderjoe95.mls.protocol.tree.TreeKem" time="0.001"/>
  <testcase name="a new update path generated by the sender should be successfully processed" classname="com.github.traderjoe95.mls.protocol.tree.TreeKem" time="0.001"/>
  <testcase name="the update path should be parent-hash valid" classname="com.github.traderjoe95.mls.protocol.tree.TreeKem" time="0.0"/>
  <testcase name="the tree hash after merging the update path should be 27d9c7cd6b9b750656949a67a5c8655cb69876c31fafd99a6597d005836537b1" classname="com.github.traderjoe95.mls.protocol.tree.TreeKem" time="0.0"/>
  <testcase name="the decrypted path secret should be 3c78597856241bd7ee600cdbf8a7b4b5962c5ea3e095eaa07b4dc0351f08483d" classname="com.github.traderjoe95.mls.protocol.tree.TreeKem" time="0.001"/>
  <testcase name="a new update path generated by the sender should be successfully processed" classname="com.github.traderjoe95.mls.protocol.tree.TreeKem" time="0.001"/>
  <testcase name="non-blank leaf 0 should be consistent with the public state" classname="com.github.traderjoe95.mls.protocol.tree.TreeKem" time="0.001"/>
  <testcase name="non-blank leaf 1 should be consistent with the public state" classname="com.github.traderjoe95.mls.protocol.tree.TreeKem" time="0.001"/>
  <testcase name="non-blank leaf 2 should be consistent with the public state" classname="com.github.traderjoe95.mls.protocol.tree.TreeKem" time="0.001"/>
  <testcase name="non-blank leaf 3 should be consistent with the public state" classname="com.github.traderjoe95.mls.protocol.tree.TreeKem" time="0.0"/>
  <testcase name="non-blank leaf 4 should be consistent with the public state" classname="com.github.traderjoe95.mls.protocol.tree.TreeKem" time="0.0"/>
  <testcase name="non-blank leaf 5 should be consistent with the public state" classname="com.github.traderjoe95.mls.protocol.tree.TreeKem" time="0.0"/>
  <testcase name="non-blank leaf 6 should be consistent with the public state" classname="com.github.traderjoe95.mls.protocol.tree.TreeKem" time="0.0"/>
  <testcase name="the update path should be parent-hash valid" classname="com.github.traderjoe95.mls.protocol.tree.TreeKem" time="0.0"/>
  <testcase name="the tree hash after merging the update path should be f7f7c103f228db9d12406c5f52723a7fd175d28c5bd21a3c74836b3674f6ed7d" classname="com.github.traderjoe95.mls.protocol.tree.TreeKem" time="0.0"/>
  <testcase name="the decrypted path secret should be e8608097b9da1863d6a6b540542af95b96ab95bcd9a9c04763313b61c2c99d44" classname="com.github.traderjoe95.mls.protocol.tree.TreeKem" time="0.001"/>
  <testcase name="a new update path generated by the sender should be successfully processed" classname="com.github.traderjoe95.mls.protocol.tree.TreeKem" time="0.001"/>
  <testcase name="the update path should be parent-hash valid" classname="com.github.traderjoe95.mls.protocol.tree.TreeKem" time="0.0"/>
  <testcase name="the tree hash after merging the update path should be f7f7c103f228db9d12406c5f52723a7fd175d28c5bd21a3c74836b3674f6ed7d" classname="com.github.traderjoe95.mls.protocol.tree.TreeKem" time="0.0"/>
  <testcase name="the decrypted path secret should be 5ccc25c82569cc9731283abbdb9265187c17503e6f9c4ba2484a9e210e83f5a3" classname="com.github.traderjoe95.mls.protocol.tree.TreeKem" time="0.001"/>
  <testcase name="a new update path generated by the sender should be successfully processed" classname="com.github.traderjoe95.mls.protocol.tree.TreeKem" time="0.001"/>
  <testcase name="the update path should be parent-hash valid" classname="com.github.traderjoe95.mls.protocol.tree.TreeKem" time="0.0"/>
  <testcase name="the tree hash after merging the update path should be f7f7c103f228db9d12406c5f52723a7fd175d28c5bd21a3c74836b3674f6ed7d" classname="com.github.traderjoe95.mls.protocol.tree.TreeKem" time="0.0"/>
  <testcase name="the decrypted path secret should be 5ccc25c82569cc9731283abbdb9265187c17503e6f9c4ba2484a9e210e83f5a3" classname="com.github.traderjoe95.mls.protocol.tree.TreeKem" time="0.001"/>
  <testcase name="a new update path generated by the sender should be successfully processed" classname="com.github.traderjoe95.mls.protocol.tree.TreeKem" time="0.001"/>
  <testcase name="the update path should be parent-hash valid" classname="com.github.traderjoe95.mls.protocol.tree.TreeKem" time="0.0"/>
  <testcase name="the tree hash after merging the update path should be f7f7c103f228db9d12406c5f52723a7fd175d28c5bd21a3c74836b3674f6ed7d" classname="com.github.traderjoe95.mls.protocol.tree.TreeKem" time="0.0"/>
  <testcase name="the decrypted path secret should be 504766baf72d5ca7c9418c872a0e93387d717bb13f319e4953867cc50b57d676" classname="com.github.traderjoe95.mls.protocol.tree.TreeKem" time="0.001"/>
  <testcase name="a new update path generated by the sender should be successfully processed" classname="com.github.traderjoe95.mls.protocol.tree.TreeKem" time="0.001"/>
  <testcase name="the update path should be parent-hash valid" classname="com.github.traderjoe95.mls.protocol.tree.TreeKem" time="0.001"/>
  <testcase name="the tree hash after merging the update path should be f7f7c103f228db9d12406c5f52723a7fd175d28c5bd21a3c74836b3674f6ed7d" classname="com.github.traderjoe95.mls.protocol.tree.TreeKem" time="0.0"/>
  <testcase name="the decrypted path secret should be 504766baf72d5ca7c9418c872a0e93387d717bb13f319e4953867cc50b57d676" classname="com.github.traderjoe95.mls.protocol.tree.TreeKem" time="0.0"/>
  <testcase name="a new update path generated by the sender should be successfully processed" classname="com.github.traderjoe95.mls.protocol.tree.TreeKem" time="0.0"/>
  <testcase name="the update path should be parent-hash valid" classname="com.github.traderjoe95.mls.protocol.tree.TreeKem" time="0.0"/>
  <testcase name="the tree hash after merging the update path should be f7f7c103f228db9d12406c5f52723a7fd175d28c5bd21a3c74836b3674f6ed7d" classname="com.github.traderjoe95.mls.protocol.tree.TreeKem" time="0.0"/>
  <testcase name="the decrypted path secret should be 504766baf72d5ca7c9418c872a0e93387d717bb13f319e4953867cc50b57d676" classname="com.github.traderjoe95.mls.protocol.tree.TreeKem" time="0.0"/>
  <testcase name="a new update path generated by the sender should be successfully processed" classname="com.github.traderjoe95.mls.protocol.tree.TreeKem" time="0.001"/>
  <testcase name="the update path should be parent-hash valid" classname="com.github.traderjoe95.mls.protocol.tree.TreeKem" time="0.001"/>
  <testcase name="the tree hash after merging the update path should be 02e8d5bf140fbd04731a2730a1e33a936c8a0a6c1071afe6ebf303d22ade5f3a" classname="com.github.traderjoe95.mls.protocol.tree.TreeKem" time="0.0"/>
  <testcase name="the decrypted path secret should be 482f034750eac133955a4b06f9907e221c4f7dcde23cd44839d939e74845d5b6" classname="com.github.traderjoe95.mls.protocol.tree.TreeKem" time="0.0"/>
  <testcase name="a new update path generated by the sender should be successfully processed" classname="com.github.traderjoe95.mls.protocol.tree.TreeKem" time="0.001"/>
  <testcase name="the update path should be parent-hash valid" classname="com.github.traderjoe95.mls.protocol.tree.TreeKem" time="0.0"/>
  <testcase name="the tree hash after merging the update path should be 02e8d5bf140fbd04731a2730a1e33a936c8a0a6c1071afe6ebf303d22ade5f3a" classname="com.github.traderjoe95.mls.protocol.tree.TreeKem" time="0.0"/>
  <testcase name="the decrypted path secret should be 4179fbbca043d7139726430d976a623eac87a9d18bfee7227f2c4d54c16d041e" classname="com.github.traderjoe95.mls.protocol.tree.TreeKem" time="0.0"/>
  <testcase name="a new update path generated by the sender should be successfully processed" classname="com.github.traderjoe95.mls.protocol.tree.TreeKem" time="0.0"/>
  <testcase name="the update path should be parent-hash valid" classname="com.github.traderjoe95.mls.protocol.tree.TreeKem" time="0.001"/>
  <testcase name="the tree hash after merging the update path should be 02e8d5bf140fbd04731a2730a1e33a936c8a0a6c1071afe6ebf303d22ade5f3a" classname="com.github.traderjoe95.mls.protocol.tree.TreeKem" time="0.0"/>
  <testcase name="the decrypted path secret should be 4179fbbca043d7139726430d976a623eac87a9d18bfee7227f2c4d54c16d041e" classname="com.github.traderjoe95.mls.protocol.tree.TreeKem" time="0.0"/>
  <testcase name="a new update path generated by the sender should be successfully processed" classname="com.github.traderjoe95.mls.protocol.tree.TreeKem" time="0.0"/>
  <testcase name="the update path should be parent-hash valid" classname="com.github.traderjoe95.mls.protocol.tree.TreeKem" time="0.0"/>
  <testcase name="the tree hash after merging the update path should be 02e8d5bf140fbd04731a2730a1e33a936c8a0a6c1071afe6ebf303d22ade5f3a" classname="com.github.traderjoe95.mls.protocol.tree.TreeKem" time="0.0"/>
  <testcase name="the decrypted path secret should be 0a8222278bb97717570dcbe645ca76266a1a6fbab32e2cd4420431e8611eed12" classname="com.github.traderjoe95.mls.protocol.tree.TreeKem" time="0.0"/>
  <testcase name="a new update path generated by the sender should be successfully processed" classname="com.github.traderjoe95.mls.protocol.tree.TreeKem" time="0.0"/>
  <testcase name="the update path should be parent-hash valid" classname="com.github.traderjoe95.mls.protocol.tree.TreeKem" time="0.0"/>
  <testcase name="the tree hash after merging the update path should be 02e8d5bf140fbd04731a2730a1e33a936c8a0a6c1071afe6ebf303d22ade5f3a" classname="com.github.traderjoe95.mls.protocol.tree.TreeKem" time="0.0"/>
  <testcase name="the decrypted path secret should be 0a8222278bb97717570dcbe645ca76266a1a6fbab32e2cd4420431e8611eed12" classname="com.github.traderjoe95.mls.protocol.tree.TreeKem" time="0.0"/>
  <testcase name="a new update path generated by the sender should be successfully processed" classname="com.github.traderjoe95.mls.protocol.tree.TreeKem" time="0.001"/>
  <testcase name="the update path should be parent-hash valid" classname="com.github.traderjoe95.mls.protocol.tree.TreeKem" time="0.0"/>
  <testcase name="the tree hash after merging the update path should be 02e8d5bf140fbd04731a2730a1e33a936c8a0a6c1071afe6ebf303d22ade5f3a" classname="com.github.traderjoe95.mls.protocol.tree.TreeKem" time="0.0"/>
  <testcase name="the decrypted path secret should be 0a8222278bb97717570dcbe645ca76266a1a6fbab32e2cd4420431e8611eed12" classname="com.github.traderjoe95.mls.protocol.tree.TreeKem" time="0.001"/>
  <testcase name="a new update path generated by the sender should be successfully processed" classname="com.github.traderjoe95.mls.protocol.tree.TreeKem" time="0.001"/>
  <testcase name="the update path should be parent-hash valid" classname="com.github.traderjoe95.mls.protocol.tree.TreeKem" time="0.001"/>
  <testcase name="the tree hash after merging the update path should be ae5bdb8dfbd1744809b54eff8a9e5afd27847144ec8537448fcf3a92c63d4425" classname="com.github.traderjoe95.mls.protocol.tree.TreeKem" time="0.001"/>
  <testcase name="the decrypted path secret should be 31b55d9f7db7c7e5b7f1c91517029fb661d7379735b8aab5d942b8bb86af38d8" classname="com.github.traderjoe95.mls.protocol.tree.TreeKem" time="0.0"/>
  <testcase name="a new update path generated by the sender should be successfully processed" classname="com.github.traderjoe95.mls.protocol.tree.TreeKem" time="0.001"/>
  <testcase name="the update path should be parent-hash valid" classname="com.github.traderjoe95.mls.protocol.tree.TreeKem" time="0.001"/>
  <testcase name="the tree hash after merging the update path should be ae5bdb8dfbd1744809b54eff8a9e5afd27847144ec8537448fcf3a92c63d4425" classname="com.github.traderjoe95.mls.protocol.tree.TreeKem" time="0.0"/>
  <testcase name="the decrypted path secret should be 31b55d9f7db7c7e5b7f1c91517029fb661d7379735b8aab5d942b8bb86af38d8" classname="com.github.traderjoe95.mls.protocol.tree.TreeKem" time="0.0"/>
  <testcase name="a new update path generated by the sender should be successfully processed" classname="com.github.traderjoe95.mls.protocol.tree.TreeKem" time="0.0"/>
  <testcase name="the update path should be parent-hash valid" classname="com.github.traderjoe95.mls.protocol.tree.TreeKem" time="0.0"/>
  <testcase name="the tree hash after merging the update path should be ae5bdb8dfbd1744809b54eff8a9e5afd27847144ec8537448fcf3a92c63d4425" classname="com.github.traderjoe95.mls.protocol.tree.TreeKem" time="0.0"/>
  <testcase name="the decrypted path secret should be 65ed1479842ad410d32092f6073db017eac8827be3c47d169f742a167755cbeb" classname="com.github.traderjoe95.mls.protocol.tree.TreeKem" time="0.0"/>
  <testcase name="a new update path generated by the sender should be successfully processed" classname="com.github.traderjoe95.mls.protocol.tree.TreeKem" time="0.0"/>
  <testcase name="the update path should be parent-hash valid" classname="com.github.traderjoe95.mls.protocol.tree.TreeKem" time="0.0"/>
  <testcase name="the tree hash after merging the update path should be ae5bdb8dfbd1744809b54eff8a9e5afd27847144ec8537448fcf3a92c63d4425" classname="com.github.traderjoe95.mls.protocol.tree.TreeKem" time="0.0"/>
  <testcase name="the decrypted path secret should be fcc016ff84f1dab6df10a1f1c1847187255d3dcba8b1d859a09d66eb40cd82dc" classname="com.github.traderjoe95.mls.protocol.tree.TreeKem" time="0.001"/>
  <testcase name="a new update path generated by the sender should be successfully processed" classname="com.github.traderjoe95.mls.protocol.tree.TreeKem" time="0.001"/>
  <testcase name="the update path should be parent-hash valid" classname="com.github.traderjoe95.mls.protocol.tree.TreeKem" time="0.0"/>
  <testcase name="the tree hash after merging the update path should be ae5bdb8dfbd1744809b54eff8a9e5afd27847144ec8537448fcf3a92c63d4425" classname="com.github.traderjoe95.mls.protocol.tree.TreeKem" time="0.001"/>
  <testcase name="the decrypted path secret should be fcc016ff84f1dab6df10a1f1c1847187255d3dcba8b1d859a09d66eb40cd82dc" classname="com.github.traderjoe95.mls.protocol.tree.TreeKem" time="0.001"/>
  <testcase name="a new update path generated by the sender should be successfully processed" classname="com.github.traderjoe95.mls.protocol.tree.TreeKem" time="0.001"/>
  <testcase name="the update path should be parent-hash valid" classname="com.github.traderjoe95.mls.protocol.tree.TreeKem" time="0.0"/>
  <testcase name="the tree hash after merging the update path should be ae5bdb8dfbd1744809b54eff8a9e5afd27847144ec8537448fcf3a92c63d4425" classname="com.github.traderjoe95.mls.protocol.tree.TreeKem" time="0.001"/>
  <testcase name="the decrypted path secret should be fcc016ff84f1dab6df10a1f1c1847187255d3dcba8b1d859a09d66eb40cd82dc" classname="com.github.traderjoe95.mls.protocol.tree.TreeKem" time="0.0"/>
  <testcase name="a new update path generated by the sender should be successfully processed" classname="com.github.traderjoe95.mls.protocol.tree.TreeKem" time="0.0"/>
  <testcase name="the update path should be parent-hash valid" classname="com.github.traderjoe95.mls.protocol.tree.TreeKem" time="0.0"/>
  <testcase name="the tree hash after merging the update path should be b13458d22381fc4b0ccc9e39164d18c9840cd60b5e67110cf0fdb820034c3311" classname="com.github.traderjoe95.mls.protocol.tree.TreeKem" time="0.0"/>
  <testcase name="the decrypted path secret should be d9d2c5ebe714ab7fafa2d4f6d9b1c8b4e81ca48ac6057e2cbe189042e591e64d" classname="com.github.traderjoe95.mls.protocol.tree.TreeKem" time="0.0"/>
  <testcase name="a new update path generated by the sender should be successfully processed" classname="com.github.traderjoe95.mls.protocol.tree.TreeKem" time="0.0"/>
  <testcase name="the update path should be parent-hash valid" classname="com.github.traderjoe95.mls.protocol.tree.TreeKem" time="0.0"/>
  <testcase name="the tree hash after merging the update path should be b13458d22381fc4b0ccc9e39164d18c9840cd60b5e67110cf0fdb820034c3311" classname="com.github.traderjoe95.mls.protocol.tree.TreeKem" time="0.0"/>
  <testcase name="the decrypted path secret should be d9d2c5ebe714ab7fafa2d4f6d9b1c8b4e81ca48ac6057e2cbe189042e591e64d" classname="com.github.traderjoe95.mls.protocol.tree.TreeKem" time="0.0"/>
  <testcase name="a new update path generated by the sender should be successfully processed" classname="com.github.traderjoe95.mls.protocol.tree.TreeKem" time="0.001"/>
  <testcase name="the update path should be parent-hash valid" classname="com.github.traderjoe95.mls.protocol.tree.TreeKem" time="0.0"/>
  <testcase name="the tree hash after merging the update path should be b13458d22381fc4b0ccc9e39164d18c9840cd60b5e67110cf0fdb820034c3311" classname="com.github.traderjoe95.mls.protocol.tree.TreeKem" time="0.001"/>
  <testcase name="the decrypted path secret should be 47043ea1e2961b2a5dd3aaa9f4f01bbc4a52ce153a88c31de1d105466f788ffc" classname="com.github.traderjoe95.mls.protocol.tree.TreeKem" time="0.001"/>
  <testcase name="a new update path generated by the sender should be successfully processed" classname="com.github.traderjoe95.mls.protocol.tree.TreeKem" time="0.001"/>
  <testcase name="the update path should be parent-hash valid" classname="com.github.traderjoe95.mls.protocol.tree.TreeKem" time="0.0"/>
  <testcase name="the tree hash after merging the update path should be b13458d22381fc4b0ccc9e39164d18c9840cd60b5e67110cf0fdb820034c3311" classname="com.github.traderjoe95.mls.protocol.tree.TreeKem" time="0.0"/>
  <testcase name="the decrypted path secret should be e91a12d86125a8d5acc0872133f1e289256c749698427abdcaeedf0139273688" classname="com.github.traderjoe95.mls.protocol.tree.TreeKem" time="0.0"/>
  <testcase name="a new update path generated by the sender should be successfully processed" classname="com.github.traderjoe95.mls.protocol.tree.TreeKem" time="0.001"/>
  <testcase name="the update path should be parent-hash valid" classname="com.github.traderjoe95.mls.protocol.tree.TreeKem" time="0.0"/>
  <testcase name="the tree hash after merging the update path should be b13458d22381fc4b0ccc9e39164d18c9840cd60b5e67110cf0fdb820034c3311" classname="com.github.traderjoe95.mls.protocol.tree.TreeKem" time="0.0"/>
  <testcase name="the decrypted path secret should be e91a12d86125a8d5acc0872133f1e289256c749698427abdcaeedf0139273688" classname="com.github.traderjoe95.mls.protocol.tree.TreeKem" time="0.001"/>
  <testcase name="a new update path generated by the sender should be successfully processed" classname="com.github.traderjoe95.mls.protocol.tree.TreeKem" time="0.001"/>
  <testcase name="the update path should be parent-hash valid" classname="com.github.traderjoe95.mls.protocol.tree.TreeKem" time="0.0"/>
  <testcase name="the tree hash after merging the update path should be b13458d22381fc4b0ccc9e39164d18c9840cd60b5e67110cf0fdb820034c3311" classname="com.github.traderjoe95.mls.protocol.tree.TreeKem" time="0.0"/>
  <testcase name="the decrypted path secret should be e91a12d86125a8d5acc0872133f1e289256c749698427abdcaeedf0139273688" classname="com.github.traderjoe95.mls.protocol.tree.TreeKem" time="0.0"/>
  <testcase name="a new update path generated by the sender should be successfully processed" classname="com.github.traderjoe95.mls.protocol.tree.TreeKem" time="0.0"/>
  <testcase name="the update path should be parent-hash valid" classname="com.github.traderjoe95.mls.protocol.tree.TreeKem" time="0.0"/>
  <testcase name="the tree hash after merging the update path should be 71bd4e79e5845778de3c23fbc136d3cb3b2443159c575d206090927fdb867340" classname="com.github.traderjoe95.mls.protocol.tree.TreeKem" time="0.0"/>
  <testcase name="the decrypted path secret should be dee0e649e0c5e19c60d6b4561423f165974f36e9d60c692e1c1a600904ee7dd2" classname="com.github.traderjoe95.mls.protocol.tree.TreeKem" time="0.0"/>
  <testcase name="a new update path generated by the sender should be successfully processed" classname="com.github.traderjoe95.mls.protocol.tree.TreeKem" time="0.0"/>
  <testcase name="the update path should be parent-hash valid" classname="com.github.traderjoe95.mls.protocol.tree.TreeKem" time="0.0"/>
  <testcase name="the tree hash after merging the update path should be 71bd4e79e5845778de3c23fbc136d3cb3b2443159c575d206090927fdb867340" classname="com.github.traderjoe95.mls.protocol.tree.TreeKem" time="0.0"/>
  <testcase name="the decrypted path secret should be dee0e649e0c5e19c60d6b4561423f165974f36e9d60c692e1c1a600904ee7dd2" classname="com.github.traderjoe95.mls.protocol.tree.TreeKem" time="0.0"/>
  <testcase name="a new update path generated by the sender should be successfully processed" classname="com.github.traderjoe95.mls.protocol.tree.TreeKem" time="0.0"/>
  <testcase name="the update path should be parent-hash valid" classname="com.github.traderjoe95.mls.protocol.tree.TreeKem" time="0.0"/>
  <testcase name="the tree hash after merging the update path should be 71bd4e79e5845778de3c23fbc136d3cb3b2443159c575d206090927fdb867340" classname="com.github.traderjoe95.mls.protocol.tree.TreeKem" time="0.0"/>
  <testcase name="the decrypted path secret should be dee0e649e0c5e19c60d6b4561423f165974f36e9d60c692e1c1a600904ee7dd2" classname="com.github.traderjoe95.mls.protocol.tree.TreeKem" time="0.001"/>
  <testcase name="a new update path generated by the sender should be successfully processed" classname="com.github.traderjoe95.mls.protocol.tree.TreeKem" time="0.001"/>
  <testcase name="the update path should be parent-hash valid" classname="com.github.traderjoe95.mls.protocol.tree.TreeKem" time="0.0"/>
  <testcase name="the tree hash after merging the update path should be 71bd4e79e5845778de3c23fbc136d3cb3b2443159c575d206090927fdb867340" classname="com.github.traderjoe95.mls.protocol.tree.TreeKem" time="0.0"/>
  <testcase name="the decrypted path secret should be dee0e649e0c5e19c60d6b4561423f165974f36e9d60c692e1c1a600904ee7dd2" classname="com.github.traderjoe95.mls.protocol.tree.TreeKem" time="0.001"/>
  <testcase name="a new update path generated by the sender should be successfully processed" classname="com.github.traderjoe95.mls.protocol.tree.TreeKem" time="0.001"/>
  <testcase name="the update path should be parent-hash valid" classname="com.github.traderjoe95.mls.protocol.tree.TreeKem" time="0.0"/>
  <testcase name="the tree hash after merging the update path should be 71bd4e79e5845778de3c23fbc136d3cb3b2443159c575d206090927fdb867340" classname="com.github.traderjoe95.mls.protocol.tree.TreeKem" time="0.001"/>
  <testcase name="the decrypted path secret should be 72d46a199f58a9227f1cd24468537f238a841a745ca09e7bca0c9c18a58a09e9" classname="com.github.traderjoe95.mls.protocol.tree.TreeKem" time="0.0"/>
  <testcase name="a new update path generated by the sender should be successfully processed" classname="com.github.traderjoe95.mls.protocol.tree.TreeKem" time="0.0"/>
  <testcase name="the update path should be parent-hash valid" classname="com.github.traderjoe95.mls.protocol.tree.TreeKem" time="0.0"/>
  <testcase name="the tree hash after merging the update path should be 71bd4e79e5845778de3c23fbc136d3cb3b2443159c575d206090927fdb867340" classname="com.github.traderjoe95.mls.protocol.tree.TreeKem" time="0.0"/>
  <testcase name="the decrypted path secret should be f2c5622949d4e6ca8f917ef1b0d4fe106d8592c2f629822908146332907e5682" classname="com.github.traderjoe95.mls.protocol.tree.TreeKem" time="0.0"/>
  <testcase name="a new update path generated by the sender should be successfully processed" classname="com.github.traderjoe95.mls.protocol.tree.TreeKem" time="0.0"/>
  <testcase name="the update path should be parent-hash valid" classname="com.github.traderjoe95.mls.protocol.tree.TreeKem" time="0.0"/>
  <testcase name="the tree hash after merging the update path should be cf928ad8f59f7587acc60d7dd6c07e94e8b45e089556870bf35d6a1c2abc9dc5" classname="com.github.traderjoe95.mls.protocol.tree.TreeKem" time="0.0"/>
  <testcase name="the decrypted path secret should be 76e43a0e5d68f13141d25eaa05da893b4b60ec1fcf2a6d0a73b7a6a28b5c71ee" classname="com.github.traderjoe95.mls.protocol.tree.TreeKem" time="0.0"/>
  <testcase name="a new update path generated by the sender should be successfully processed" classname="com.github.traderjoe95.mls.protocol.tree.TreeKem" time="0.0"/>
  <testcase name="the update path should be parent-hash valid" classname="com.github.traderjoe95.mls.protocol.tree.TreeKem" time="0.0"/>
  <testcase name="the tree hash after merging the update path should be cf928ad8f59f7587acc60d7dd6c07e94e8b45e089556870bf35d6a1c2abc9dc5" classname="com.github.traderjoe95.mls.protocol.tree.TreeKem" time="0.0"/>
  <testcase name="the decrypted path secret should be 76e43a0e5d68f13141d25eaa05da893b4b60ec1fcf2a6d0a73b7a6a28b5c71ee" classname="com.github.traderjoe95.mls.protocol.tree.TreeKem" time="0.0"/>
  <testcase name="a new update path generated by the sender should be successfully processed" classname="com.github.traderjoe95.mls.protocol.tree.TreeKem" time="0.001"/>
  <testcase name="the update path should be parent-hash valid" classname="com.github.traderjoe95.mls.protocol.tree.TreeKem" time="0.0"/>
  <testcase name="the tree hash after merging the update path should be cf928ad8f59f7587acc60d7dd6c07e94e8b45e089556870bf35d6a1c2abc9dc5" classname="com.github.traderjoe95.mls.protocol.tree.TreeKem" time="0.0"/>
  <testcase name="the decrypted path secret should be 76e43a0e5d68f13141d25eaa05da893b4b60ec1fcf2a6d0a73b7a6a28b5c71ee" classname="com.github.traderjoe95.mls.protocol.tree.TreeKem" time="0.001"/>
  <testcase name="a new update path generated by the sender should be successfully processed" classname="com.github.traderjoe95.mls.protocol.tree.TreeKem" time="0.001"/>
  <testcase name="the update path should be parent-hash valid" classname="com.github.traderjoe95.mls.protocol.tree.TreeKem" time="0.0"/>
  <testcase name="the tree hash after merging the update path should be cf928ad8f59f7587acc60d7dd6c07e94e8b45e089556870bf35d6a1c2abc9dc5" classname="com.github.traderjoe95.mls.protocol.tree.TreeKem" time="0.0"/>
  <testcase name="the decrypted path secret should be 76e43a0e5d68f13141d25eaa05da893b4b60ec1fcf2a6d0a73b7a6a28b5c71ee" classname="com.github.traderjoe95.mls.protocol.tree.TreeKem" time="0.001"/>
  <testcase name="a new update path generated by the sender should be successfully processed" classname="com.github.traderjoe95.mls.protocol.tree.TreeKem" time="0.001"/>
  <testcase name="the update path should be parent-hash valid" classname="com.github.traderjoe95.mls.protocol.tree.TreeKem" time="0.0"/>
  <testcase name="the tree hash after merging the update path should be cf928ad8f59f7587acc60d7dd6c07e94e8b45e089556870bf35d6a1c2abc9dc5" classname="com.github.traderjoe95.mls.protocol.tree.TreeKem" time="0.001"/>
  <testcase name="the decrypted path secret should be 3c78597856241bd7ee600cdbf8a7b4b5962c5ea3e095eaa07b4dc0351f08483d" classname="com.github.traderjoe95.mls.protocol.tree.TreeKem" time="0.0"/>
  <testcase name="a new update path generated by the sender should be successfully processed" classname="com.github.traderjoe95.mls.protocol.tree.TreeKem" time="0.0"/>
  <testcase name="the update path should be parent-hash valid" classname="com.github.traderjoe95.mls.protocol.tree.TreeKem" time="0.0"/>
  <testcase name="the tree hash after merging the update path should be cf928ad8f59f7587acc60d7dd6c07e94e8b45e089556870bf35d6a1c2abc9dc5" classname="com.github.traderjoe95.mls.protocol.tree.TreeKem" time="0.0"/>
  <testcase name="the decrypted path secret should be ebc06cf63c3d0bc4759702d3be52e9ad6cf6942f2c8e9e138653602a9f20cfcd" classname="com.github.traderjoe95.mls.protocol.tree.TreeKem" time="0.0"/>
  <testcase name="a new update path generated by the sender should be successfully processed" classname="com.github.traderjoe95.mls.protocol.tree.TreeKem" time="0.001"/>
  <testcase name="the update path should be parent-hash valid" classname="com.github.traderjoe95.mls.protocol.tree.TreeKem" time="0.001"/>
  <testcase name="the tree hash after merging the update path should be 8b305e2bd45d61d7f3ceb0d15946ffbd68cdccf3a108ba2eae693b0499a2e3ca" classname="com.github.traderjoe95.mls.protocol.tree.TreeKem" time="0.0"/>
  <testcase name="the decrypted path secret should be 2c52936b1c12a651516fc39fd0061af759f4e1e9cd61276f5053e4c05275ceb0" classname="com.github.traderjoe95.mls.protocol.tree.TreeKem" time="0.0"/>
  <testcase name="a new update path generated by the sender should be successfully processed" classname="com.github.traderjoe95.mls.protocol.tree.TreeKem" time="0.0"/>
  <testcase name="the update path should be parent-hash valid" classname="com.github.traderjoe95.mls.protocol.tree.TreeKem" time="0.0"/>
  <testcase name="the tree hash after merging the update path should be 8b305e2bd45d61d7f3ceb0d15946ffbd68cdccf3a108ba2eae693b0499a2e3ca" classname="com.github.traderjoe95.mls.protocol.tree.TreeKem" time="0.0"/>
  <testcase name="the decrypted path secret should be 2c52936b1c12a651516fc39fd0061af759f4e1e9cd61276f5053e4c05275ceb0" classname="com.github.traderjoe95.mls.protocol.tree.TreeKem" time="0.001"/>
  <testcase name="a new update path generated by the sender should be successfully processed" classname="com.github.traderjoe95.mls.protocol.tree.TreeKem" time="0.001"/>
  <testcase name="the update path should be parent-hash valid" classname="com.github.traderjoe95.mls.protocol.tree.TreeKem" time="0.0"/>
  <testcase name="the tree hash after merging the update path should be 8b305e2bd45d61d7f3ceb0d15946ffbd68cdccf3a108ba2eae693b0499a2e3ca" classname="com.github.traderjoe95.mls.protocol.tree.TreeKem" time="0.001"/>
  <testcase name="the decrypted path secret should be 2c52936b1c12a651516fc39fd0061af759f4e1e9cd61276f5053e4c05275ceb0" classname="com.github.traderjoe95.mls.protocol.tree.TreeKem" time="0.0"/>
  <testcase name="a new update path generated by the sender should be successfully processed" classname="com.github.traderjoe95.mls.protocol.tree.TreeKem" time="0.0"/>
  <testcase name="the update path should be parent-hash valid" classname="com.github.traderjoe95.mls.protocol.tree.TreeKem" time="0.0"/>
  <testcase name="the tree hash after merging the update path should be 8b305e2bd45d61d7f3ceb0d15946ffbd68cdccf3a108ba2eae693b0499a2e3ca" classname="com.github.traderjoe95.mls.protocol.tree.TreeKem" time="0.0"/>
  <testcase name="the decrypted path secret should be 2c52936b1c12a651516fc39fd0061af759f4e1e9cd61276f5053e4c05275ceb0" classname="com.github.traderjoe95.mls.protocol.tree.TreeKem" time="0.0"/>
  <testcase name="a new update path generated by the sender should be successfully processed" classname="com.github.traderjoe95.mls.protocol.tree.TreeKem" time="0.001"/>
  <testcase name="the update path should be parent-hash valid" classname="com.github.traderjoe95.mls.protocol.tree.TreeKem" time="0.0"/>
  <testcase name="the tree hash after merging the update path should be 8b305e2bd45d61d7f3ceb0d15946ffbd68cdccf3a108ba2eae693b0499a2e3ca" classname="com.github.traderjoe95.mls.protocol.tree.TreeKem" time="0.001"/>
  <testcase name="the decrypted path secret should be 1d5d51d8542718cd60a6cd382e913de1d69647c6d175cc101b3be6b7910a6fc7" classname="com.github.traderjoe95.mls.protocol.tree.TreeKem" time="0.0"/>
  <testcase name="a new update path generated by the sender should be successfully processed" classname="com.github.traderjoe95.mls.protocol.tree.TreeKem" time="0.0"/>
  <testcase name="the update path should be parent-hash valid" classname="com.github.traderjoe95.mls.protocol.tree.TreeKem" time="0.0"/>
  <testcase name="the tree hash after merging the update path should be 8b305e2bd45d61d7f3ceb0d15946ffbd68cdccf3a108ba2eae693b0499a2e3ca" classname="com.github.traderjoe95.mls.protocol.tree.TreeKem" time="0.0"/>
  <testcase name="the decrypted path secret should be 1d5d51d8542718cd60a6cd382e913de1d69647c6d175cc101b3be6b7910a6fc7" classname="com.github.traderjoe95.mls.protocol.tree.TreeKem" time="0.0"/>
  <testcase name="a new update path generated by the sender should be successfully processed" classname="com.github.traderjoe95.mls.protocol.tree.TreeKem" time="0.001"/>
  <testcase name="non-blank leaf 0 should be consistent with the public state" classname="com.github.traderjoe95.mls.protocol.tree.TreeKem" time="0.001"/>
  <testcase name="non-blank leaf 1 should be consistent with the public state" classname="com.github.traderjoe95.mls.protocol.tree.TreeKem" time="0.001"/>
  <testcase name="non-blank leaf 2 should be consistent with the public state" classname="com.github.traderjoe95.mls.protocol.tree.TreeKem" time="0.0"/>
  <testcase name="non-blank leaf 3 should be consistent with the public state" classname="com.github.traderjoe95.mls.protocol.tree.TreeKem" time="0.0"/>
  <testcase name="non-blank leaf 4 should be consistent with the public state" classname="com.github.traderjoe95.mls.protocol.tree.TreeKem" time="0.0"/>
  <testcase name="non-blank leaf 5 should be consistent with the public state" classname="com.github.traderjoe95.mls.protocol.tree.TreeKem" time="0.001"/>
  <testcase name="non-blank leaf 6 should be consistent with the public state" classname="com.github.traderjoe95.mls.protocol.tree.TreeKem" time="0.001"/>
  <testcase name="non-blank leaf 7 should be consistent with the public state" classname="com.github.traderjoe95.mls.protocol.tree.TreeKem" time="0.0"/>
  <testcase name="the update path should be parent-hash valid" classname="com.github.traderjoe95.mls.protocol.tree.TreeKem" time="0.0"/>
  <testcase name="the tree hash after merging the update path should be a82a8e59cc53fd88ce5aa684640772352a55c3e2bea7e8cba550727a800c4deb" classname="com.github.traderjoe95.mls.protocol.tree.TreeKem" time="0.0"/>
  <testcase name="the decrypted path secret should be e8608097b9da1863d6a6b540542af95b96ab95bcd9a9c04763313b61c2c99d44" classname="com.github.traderjoe95.mls.protocol.tree.TreeKem" time="0.0"/>
  <testcase name="a new update path generated by the sender should be successfully processed" classname="com.github.traderjoe95.mls.protocol.tree.TreeKem" time="0.001"/>
  <testcase name="the update path should be parent-hash valid" classname="com.github.traderjoe95.mls.protocol.tree.TreeKem" time="0.0"/>
  <testcase name="the tree hash after merging the update path should be a82a8e59cc53fd88ce5aa684640772352a55c3e2bea7e8cba550727a800c4deb" classname="com.github.traderjoe95.mls.protocol.tree.TreeKem" time="0.001"/>
  <testcase name="the decrypted path secret should be 5ccc25c82569cc9731283abbdb9265187c17503e6f9c4ba2484a9e210e83f5a3" classname="com.github.traderjoe95.mls.protocol.tree.TreeKem" time="0.0"/>
  <testcase name="a new update path generated by the sender should be successfully processed" classname="com.github.traderjoe95.mls.protocol.tree.TreeKem" time="0.0"/>
  <testcase name="the update path should be parent-hash valid" classname="com.github.traderjoe95.mls.protocol.tree.TreeKem" time="0.001"/>
  <testcase name="the tree hash after merging the update path should be a82a8e59cc53fd88ce5aa684640772352a55c3e2bea7e8cba550727a800c4deb" classname="com.github.traderjoe95.mls.protocol.tree.TreeKem" time="0.001"/>
  <testcase name="the decrypted path secret should be 5ccc25c82569cc9731283abbdb9265187c17503e6f9c4ba2484a9e210e83f5a3" classname="com.github.traderjoe95.mls.protocol.tree.TreeKem" time="0.0"/>
  <testcase name="a new update path generated by the sender should be successfully processed" classname="com.github.traderjoe95.mls.protocol.tree.TreeKem" time="0.001"/>
  <testcase name="the update path should be parent-hash valid" classname="com.github.traderjoe95.mls.protocol.tree.TreeKem" time="0.0"/>
  <testcase name="the tree hash after merging the update path should be a82a8e59cc53fd88ce5aa684640772352a55c3e2bea7e8cba550727a800c4deb" classname="com.github.traderjoe95.mls.protocol.tree.TreeKem" time="0.0"/>
  <testcase name="the decrypted path secret should be 504766baf72d5ca7c9418c872a0e93387d717bb13f319e4953867cc50b57d676" classname="com.github.traderjoe95.mls.protocol.tree.TreeKem" time="0.001"/>
  <testcase name="a new update path generated by the sender should be successfully processed" classname="com.github.traderjoe95.mls.protocol.tree.TreeKem" time="0.001"/>
  <testcase name="the update path should be parent-hash valid" classname="com.github.traderjoe95.mls.protocol.tree.TreeKem" time="0.0"/>
  <testcase name="the tree hash after merging the update path should be a82a8e59cc53fd88ce5aa684640772352a55c3e2bea7e8cba550727a800c4deb" classname="com.github.traderjoe95.mls.protocol.tree.TreeKem" time="0.0"/>
  <testcase name="the decrypted path secret should be 504766baf72d5ca7c9418c872a0e93387d717bb13f319e4953867cc50b57d676" classname="com.github.traderjoe95.mls.protocol.tree.TreeKem" time="0.001"/>
  <testcase name="a new update path generated by the sender should be successfully processed" classname="com.github.traderjoe95.mls.protocol.tree.TreeKem" time="0.001"/>
  <testcase name="the update path should be parent-hash valid" classname="com.github.traderjoe95.mls.protocol.tree.TreeKem" time="0.001"/>
  <testcase name="the tree hash after merging the update path should be a82a8e59cc53fd88ce5aa684640772352a55c3e2bea7e8cba550727a800c4deb" classname="com.github.traderjoe95.mls.protocol.tree.TreeKem" time="0.0"/>
  <testcase name="the decrypted path secret should be 504766baf72d5ca7c9418c872a0e93387d717bb13f319e4953867cc50b57d676" classname="com.github.traderjoe95.mls.protocol.tree.TreeKem" time="0.0"/>
  <testcase name="a new update path generated by the sender should be successfully processed" classname="com.github.traderjoe95.mls.protocol.tree.TreeKem" time="0.0"/>
  <testcase name="the update path should be parent-hash valid" classname="com.github.traderjoe95.mls.protocol.tree.TreeKem" time="0.0"/>
  <testcase name="the tree hash after merging the update path should be a82a8e59cc53fd88ce5aa684640772352a55c3e2bea7e8cba550727a800c4deb" classname="com.github.traderjoe95.mls.protocol.tree.TreeKem" time="0.0"/>
  <testcase name="the decrypted path secret should be 504766baf72d5ca7c9418c872a0e93387d717bb13f319e4953867cc50b57d676" classname="com.github.traderjoe95.mls.protocol.tree.TreeKem" time="0.0"/>
  <testcase name="a new update path generated by the sender should be successfully processed" classname="com.github.traderjoe95.mls.protocol.tree.TreeKem" time="0.001"/>
  <testcase name="the update path should be parent-hash valid" classname="com.github.traderjoe95.mls.protocol.tree.TreeKem" time="0.0"/>
  <testcase name="the tree hash after merging the update path should be 7cd7302d9ebc221f0472f2292231fb1b1775e4588f94c05f7d7401d56e51b7e6" classname="com.github.traderjoe95.mls.protocol.tree.TreeKem" time="0.001"/>
  <testcase name="the decrypted path secret should be 482f034750eac133955a4b06f9907e221c4f7dcde23cd44839d939e74845d5b6" classname="com.github.traderjoe95.mls.protocol.tree.TreeKem" time="0.0"/>
  <testcase name="a new update path generated by the sender should be successfully processed" classname="com.github.traderjoe95.mls.protocol.tree.TreeKem" time="0.0"/>
  <testcase name="the update path should be parent-hash valid" classname="com.github.traderjoe95.mls.protocol.tree.TreeKem" time="0.0"/>
  <testcase name="the tree hash after merging the update path should be 7cd7302d9ebc221f0472f2292231fb1b1775e4588f94c05f7d7401d56e51b7e6" classname="com.github.traderjoe95.mls.protocol.tree.TreeKem" time="0.0"/>
  <testcase name="the decrypted path secret should be 4179fbbca043d7139726430d976a623eac87a9d18bfee7227f2c4d54c16d041e" classname="com.github.traderjoe95.mls.protocol.tree.TreeKem" time="0.0"/>
  <testcase name="a new update path generated by the sender should be successfully processed" classname="com.github.traderjoe95.mls.protocol.tree.TreeKem" time="0.001"/>
  <testcase name="the update path should be parent-hash valid" classname="com.github.traderjoe95.mls.protocol.tree.TreeKem" time="0.0"/>
  <testcase name="the tree hash after merging the update path should be 7cd7302d9ebc221f0472f2292231fb1b1775e4588f94c05f7d7401d56e51b7e6" classname="com.github.traderjoe95.mls.protocol.tree.TreeKem" time="0.0"/>
  <testcase name="the decrypted path secret should be 4179fbbca043d7139726430d976a623eac87a9d18bfee7227f2c4d54c16d041e" classname="com.github.traderjoe95.mls.protocol.tree.TreeKem" time="0.001"/>
  <testcase name="a new update path generated by the sender should be successfully processed" classname="com.github.traderjoe95.mls.protocol.tree.TreeKem" time="0.001"/>
  <testcase name="the update path should be parent-hash valid" classname="com.github.traderjoe95.mls.protocol.tree.TreeKem" time="0.0"/>
  <testcase name="the tree hash after merging the update path should be 7cd7302d9ebc221f0472f2292231fb1b1775e4588f94c05f7d7401d56e51b7e6" classname="com.github.traderjoe95.mls.protocol.tree.TreeKem" time="0.001"/>
  <testcase name="the decrypted path secret should be 0a8222278bb97717570dcbe645ca76266a1a6fbab32e2cd4420431e8611eed12" classname="com.github.traderjoe95.mls.protocol.tree.TreeKem" time="0.0"/>
  <testcase name="a new update path generated by the sender should be successfully processed" classname="com.github.traderjoe95.mls.protocol.tree.TreeKem" time="0.0"/>
  <testcase name="the update path should be parent-hash valid" classname="com.github.traderjoe95.mls.protocol.tree.TreeKem" time="0.0"/>
  <testcase name="the tree hash after merging the update path should be 7cd7302d9ebc221f0472f2292231fb1b1775e4588f94c05f7d7401d56e51b7e6" classname="com.github.traderjoe95.mls.protocol.tree.TreeKem" time="0.0"/>
  <testcase name="the decrypted path secret should be 0a8222278bb97717570dcbe645ca76266a1a6fbab32e2cd4420431e8611eed12" classname="com.github.traderjoe95.mls.protocol.tree.TreeKem" time="0.0"/>
  <testcase name="a new update path generated by the sender should be successfully processed" classname="com.github.traderjoe95.mls.protocol.tree.TreeKem" time="0.001"/>
  <testcase name="the update path should be parent-hash valid" classname="com.github.traderjoe95.mls.protocol.tree.TreeKem" time="0.0"/>
  <testcase name="the tree hash after merging the update path should be 7cd7302d9ebc221f0472f2292231fb1b1775e4588f94c05f7d7401d56e51b7e6" classname="com.github.traderjoe95.mls.protocol.tree.TreeKem" time="0.001"/>
  <testcase name="the decrypted path secret should be 0a8222278bb97717570dcbe645ca76266a1a6fbab32e2cd4420431e8611eed12" classname="com.github.traderjoe95.mls.protocol.tree.TreeKem" time="0.001"/>
  <testcase name="a new update path generated by the sender should be successfully processed" classname="com.github.traderjoe95.mls.protocol.tree.TreeKem" time="0.001"/>
  <testcase name="the update path should be parent-hash valid" classname="com.github.traderjoe95.mls.protocol.tree.TreeKem" time="0.0"/>
  <testcase name="the tree hash after merging the update path should be 7cd7302d9ebc221f0472f2292231fb1b1775e4588f94c05f7d7401d56e51b7e6" classname="com.github.traderjoe95.mls.protocol.tree.TreeKem" time="0.0"/>
  <testcase name="the decrypted path secret should be 0a8222278bb97717570dcbe645ca76266a1a6fbab32e2cd4420431e8611eed12" classname="com.github.traderjoe95.mls.protocol.tree.TreeKem" time="0.001"/>
  <testcase name="a new update path generated by the sender should be successfully processed" classname="com.github.traderjoe95.mls.protocol.tree.TreeKem" time="0.001"/>
  <testcase name="the update path should be parent-hash valid" classname="com.github.traderjoe95.mls.protocol.tree.TreeKem" time="0.0"/>
  <testcase name="the tree hash after merging the update path should be 9ad448353ac8f96b20275757ef1a042ca55cedf508ea66994309ee1181682d66" classname="com.github.traderjoe95.mls.protocol.tree.TreeKem" time="0.0"/>
  <testcase name="the decrypted path secret should be 31b55d9f7db7c7e5b7f1c91517029fb661d7379735b8aab5d942b8bb86af38d8" classname="com.github.traderjoe95.mls.protocol.tree.TreeKem" time="0.0"/>
  <testcase name="a new update path generated by the sender should be successfully processed" classname="com.github.traderjoe95.mls.protocol.tree.TreeKem" time="0.0"/>
  <testcase name="the update path should be parent-hash valid" classname="com.github.traderjoe95.mls.protocol.tree.TreeKem" time="0.0"/>
  <testcase name="the tree hash after merging the update path should be 9ad448353ac8f96b20275757ef1a042ca55cedf508ea66994309ee1181682d66" classname="com.github.traderjoe95.mls.protocol.tree.TreeKem" time="0.0"/>
  <testcase name="the decrypted path secret should be 31b55d9f7db7c7e5b7f1c91517029fb661d7379735b8aab5d942b8bb86af38d8" classname="com.github.traderjoe95.mls.protocol.tree.TreeKem" time="0.0"/>
  <testcase name="a new update path generated by the sender should be successfully processed" classname="com.github.traderjoe95.mls.protocol.tree.TreeKem" time="0.001"/>
  <testcase name="the update path should be parent-hash valid" classname="com.github.traderjoe95.mls.protocol.tree.TreeKem" time="0.0"/>
  <testcase name="the tree hash after merging the update path should be 9ad448353ac8f96b20275757ef1a042ca55cedf508ea66994309ee1181682d66" classname="com.github.traderjoe95.mls.protocol.tree.TreeKem" time="0.0"/>
  <testcase name="the decrypted path secret should be 65ed1479842ad410d32092f6073db017eac8827be3c47d169f742a167755cbeb" classname="com.github.traderjoe95.mls.protocol.tree.TreeKem" time="0.001"/>
  <testcase name="a new update path generated by the sender should be successfully processed" classname="com.github.traderjoe95.mls.protocol.tree.TreeKem" time="0.001"/>
  <testcase name="the update path should be parent-hash valid" classname="com.github.traderjoe95.mls.protocol.tree.TreeKem" time="0.0"/>
  <testcase name="the tree hash after merging the update path should be 9ad448353ac8f96b20275757ef1a042ca55cedf508ea66994309ee1181682d66" classname="com.github.traderjoe95.mls.protocol.tree.TreeKem" time="0.0"/>
  <testcase name="the decrypted path secret should be fcc016ff84f1dab6df10a1f1c1847187255d3dcba8b1d859a09d66eb40cd82dc" classname="com.github.traderjoe95.mls.protocol.tree.TreeKem" time="0.0"/>
  <testcase name="a new update path generated by the sender should be successfully processed" classname="com.github.traderjoe95.mls.protocol.tree.TreeKem" time="0.0"/>
  <testcase name="the update path should be parent-hash valid" classname="com.github.traderjoe95.mls.protocol.tree.TreeKem" time="0.0"/>
  <testcase name="the tree hash after merging the update path should be 9ad448353ac8f96b20275757ef1a042ca55cedf508ea66994309ee1181682d66" classname="com.github.traderjoe95.mls.protocol.tree.TreeKem" time="0.0"/>
  <testcase name="the decrypted path secret should be fcc016ff84f1dab6df10a1f1c1847187255d3dcba8b1d859a09d66eb40cd82dc" classname="com.github.traderjoe95.mls.protocol.tree.TreeKem" time="0.0"/>
  <testcase name="a new update path generated by the sender should be successfully processed" classname="com.github.traderjoe95.mls.protocol.tree.TreeKem" time="0.001"/>
  <testcase name="the update path should be parent-hash valid" classname="com.github.traderjoe95.mls.protocol.tree.TreeKem" time="0.0"/>
  <testcase name="the tree hash after merging the update path should be 9ad448353ac8f96b20275757ef1a042ca55cedf508ea66994309ee1181682d66" classname="com.github.traderjoe95.mls.protocol.tree.TreeKem" time="0.001"/>
  <testcase name="the decrypted path secret should be fcc016ff84f1dab6df10a1f1c1847187255d3dcba8b1d859a09d66eb40cd82dc" classname="com.github.traderjoe95.mls.protocol.tree.TreeKem" time="0.0"/>
  <testcase name="a new update path generated by the sender should be successfully processed" classname="com.github.traderjoe95.mls.protocol.tree.TreeKem" time="0.0"/>
  <testcase name="the update path should be parent-hash valid" classname="com.github.traderjoe95.mls.protocol.tree.TreeKem" time="0.001"/>
  <testcase name="the tree hash after merging the update path should be 9ad448353ac8f96b20275757ef1a042ca55cedf508ea66994309ee1181682d66" classname="com.github.traderjoe95.mls.protocol.tree.TreeKem" time="0.0"/>
  <testcase name="the decrypted path secret should be fcc016ff84f1dab6df10a1f1c1847187255d3dcba8b1d859a09d66eb40cd82dc" classname="com.github.traderjoe95.mls.protocol.tree.TreeKem" time="0.0"/>
  <testcase name="a new update path generated by the sender should be successfully processed" classname="com.github.traderjoe95.mls.protocol.tree.TreeKem" time="0.0"/>
  <testcase name="the update path should be parent-hash valid" classname="com.github.traderjoe95.mls.protocol.tree.TreeKem" time="0.0"/>
  <testcase name="the tree hash after merging the update path should be a1c803693b5734bc38b23e106630b98dfae387feb55b077ff0a14e78cf21c447" classname="com.github.traderjoe95.mls.protocol.tree.TreeKem" time="0.0"/>
  <testcase name="the decrypted path secret should be d9d2c5ebe714ab7fafa2d4f6d9b1c8b4e81ca48ac6057e2cbe189042e591e64d" classname="com.github.traderjoe95.mls.protocol.tree.TreeKem" time="0.001"/>
  <testcase name="a new update path generated by the sender should be successfully processed" classname="com.github.traderjoe95.mls.protocol.tree.TreeKem" time="0.001"/>
  <testcase name="the update path should be parent-hash valid" classname="com.github.traderjoe95.mls.protocol.tree.TreeKem" time="0.0"/>
  <testcase name="the tree hash after merging the update path should be a1c803693b5734bc38b23e106630b98dfae387feb55b077ff0a14e78cf21c447" classname="com.github.traderjoe95.mls.protocol.tree.TreeKem" time="0.0"/>
  <testcase name="the decrypted path secret should be d9d2c5ebe714ab7fafa2d4f6d9b1c8b4e81ca48ac6057e2cbe189042e591e64d" classname="com.github.traderjoe95.mls.protocol.tree.TreeKem" time="0.001"/>
  <testcase name="a new update path generated by the sender should be successfully processed" classname="com.github.traderjoe95.mls.protocol.tree.TreeKem" time="0.001"/>
  <testcase name="the update path should be parent-hash valid" classname="com.github.traderjoe95.mls.protocol.tree.TreeKem" time="0.001"/>
  <testcase name="the tree hash after merging the update path should be a1c803693b5734bc38b23e106630b98dfae387feb55b077ff0a14e78cf21c447" classname="com.github.traderjoe95.mls.protocol.tree.TreeKem" time="0.001"/>
  <testcase name="the decrypted path secret should be 47043ea1e2961b2a5dd3aaa9f4f01bbc4a52ce153a88c31de1d105466f788ffc" classname="com.github.traderjoe95.mls.protocol.tree.TreeKem" time="0.0"/>
  <testcase name="a new update path generated by the sender should be successfully processed" classname="com.github.traderjoe95.mls.protocol.tree.TreeKem" time="0.0"/>
  <testcase name="the update path should be parent-hash valid" classname="com.github.traderjoe95.mls.protocol.tree.TreeKem" time="0.0"/>
  <testcase name="the tree hash after merging the update path should be a1c803693b5734bc38b23e106630b98dfae387feb55b077ff0a14e78cf21c447" classname="com.github.traderjoe95.mls.protocol.tree.TreeKem" time="0.0"/>
  <testcase name="the decrypted path secret should be e91a12d86125a8d5acc0872133f1e289256c749698427abdcaeedf0139273688" classname="com.github.traderjoe95.mls.protocol.tree.TreeKem" time="0.0"/>
  <testcase name="a new update path generated by the sender should be successfully processed" classname="com.github.traderjoe95.mls.protocol.tree.TreeKem" time="0.0"/>
  <testcase name="the update path should be parent-hash valid" classname="com.github.traderjoe95.mls.protocol.tree.TreeKem" time="0.0"/>
  <testcase name="the tree hash after merging the update path should be a1c803693b5734bc38b23e106630b98dfae387feb55b077ff0a14e78cf21c447" classname="com.github.traderjoe95.mls.protocol.tree.TreeKem" time="0.0"/>
  <testcase name="the decrypted path secret should be e91a12d86125a8d5acc0872133f1e289256c749698427abdcaeedf0139273688" classname="com.github.traderjoe95.mls.protocol.tree.TreeKem" time="0.001"/>
  <testcase name="a new update path generated by the sender should be successfully processed" classname="com.github.traderjoe95.mls.protocol.tree.TreeKem" time="0.001"/>
  <testcase name="the update path should be parent-hash valid" classname="com.github.traderjoe95.mls.protocol.tree.TreeKem" time="0.0"/>
  <testcase name="the tree hash after merging the update path should be a1c803693b5734bc38b23e106630b98dfae387feb55b077ff0a14e78cf21c447" classname="com.github.traderjoe95.mls.protocol.tree.TreeKem" time="0.001"/>
  <testcase name="the decrypted path secret should be e91a12d86125a8d5acc0872133f1e289256c749698427abdcaeedf0139273688" classname="com.github.traderjoe95.mls.protocol.tree.TreeKem" time="0.001"/>
  <testcase name="a new update path generated by the sender should be successfully processed" classname="com.github.traderjoe95.mls.protocol.tree.TreeKem" time="0.001"/>
  <testcase name="the update path should be parent-hash valid" classname="com.github.traderjoe95.mls.protocol.tree.TreeKem" time="0.001"/>
  <testcase name="the tree hash after merging the update path should be a1c803693b5734bc38b23e106630b98dfae387feb55b077ff0a14e78cf21c447" classname="com.github.traderjoe95.mls.protocol.tree.TreeKem" time="0.0"/>
  <testcase name="the decrypted path secret should be e91a12d86125a8d5acc0872133f1e289256c749698427abdcaeedf0139273688" classname="com.github.traderjoe95.mls.protocol.tree.TreeKem" time="0.0"/>
  <testcase name="a new update path generated by the sender should be successfully processed" classname="com.github.traderjoe95.mls.protocol.tree.TreeKem" time="0.0"/>
  <testcase name="the update path should be parent-hash valid" classname="com.github.traderjoe95.mls.protocol.tree.TreeKem" time="0.0"/>
  <testcase name="the tree hash after merging the update path should be 59cf577595404d31f79a5461b31c89a5ad2e6b05474ee25fe43daa23d5cf57bb" classname="com.github.traderjoe95.mls.protocol.tree.TreeKem" time="0.0"/>
  <testcase name="the decrypted path secret should be dee0e649e0c5e19c60d6b4561423f165974f36e9d60c692e1c1a600904ee7dd2" classname="com.github.traderjoe95.mls.protocol.tree.TreeKem" time="0.001"/>
  <testcase name="a new update path generated by the sender should be successfully processed" classname="com.github.traderjoe95.mls.protocol.tree.TreeKem" time="0.001"/>
  <testcase name="the update path should be parent-hash valid" classname="com.github.traderjoe95.mls.protocol.tree.TreeKem" time="0.0"/>
  <testcase name="the tree hash after merging the update path should be 59cf577595404d31f79a5461b31c89a5ad2e6b05474ee25fe43daa23d5cf57bb" classname="com.github.traderjoe95.mls.protocol.tree.TreeKem" time="0.0"/>
  <testcase name="the decrypted path secret should be dee0e649e0c5e19c60d6b4561423f165974f36e9d60c692e1c1a600904ee7dd2" classname="com.github.traderjoe95.mls.protocol.tree.TreeKem" time="0.001"/>
  <testcase name="a new update path generated by the sender should be successfully processed" classname="com.github.traderjoe95.mls.protocol.tree.TreeKem" time="0.001"/>
  <testcase name="the update path should be parent-hash valid" classname="com.github.traderjoe95.mls.protocol.tree.TreeKem" time="0.0"/>
  <testcase name="the tree hash after merging the update path should be 59cf577595404d31f79a5461b31c89a5ad2e6b05474ee25fe43daa23d5cf57bb" classname="com.github.traderjoe95.mls.protocol.tree.TreeKem" time="0.0"/>
  <testcase name="the decrypted path secret should be dee0e649e0c5e19c60d6b4561423f165974f36e9d60c692e1c1a600904ee7dd2" classname="com.github.traderjoe95.mls.protocol.tree.TreeKem" time="0.0"/>
  <testcase name="a new update path generated by the sender should be successfully processed" classname="com.github.traderjoe95.mls.protocol.tree.TreeKem" time="0.001"/>
  <testcase name="the update path should be parent-hash valid" classname="com.github.traderjoe95.mls.protocol.tree.TreeKem" time="0.0"/>
  <testcase name="the tree hash after merging the update path should be 59cf577595404d31f79a5461b31c89a5ad2e6b05474ee25fe43daa23d5cf57bb" classname="com.github.traderjoe95.mls.protocol.tree.TreeKem" time="0.0"/>
  <testcase name="the decrypted path secret should be dee0e649e0c5e19c60d6b4561423f165974f36e9d60c692e1c1a600904ee7dd2" classname="com.github.traderjoe95.mls.protocol.tree.TreeKem" time="0.001"/>
  <testcase name="a new update path generated by the sender should be successfully processed" classname="com.github.traderjoe95.mls.protocol.tree.TreeKem" time="0.001"/>
  <testcase name="the update path should be parent-hash valid" classname="com.github.traderjoe95.mls.protocol.tree.TreeKem" time="0.0"/>
  <testcase name="the tree hash after merging the update path should be 59cf577595404d31f79a5461b31c89a5ad2e6b05474ee25fe43daa23d5cf57bb" classname="com.github.traderjoe95.mls.protocol.tree.TreeKem" time="0.0"/>
  <testcase name="the decrypted path secret should be 72d46a199f58a9227f1cd24468537f238a841a745ca09e7bca0c9c18a58a09e9" classname="com.github.traderjoe95.mls.protocol.tree.TreeKem" time="0.0"/>
  <testcase name="a new update path generated by the sender should be successfully processed" classname="com.github.traderjoe95.mls.protocol.tree.TreeKem" time="0.001"/>
  <testcase name="the update path should be parent-hash valid" classname="com.github.traderjoe95.mls.protocol.tree.TreeKem" time="0.0"/>
  <testcase name="the tree hash after merging the update path should be 59cf577595404d31f79a5461b31c89a5ad2e6b05474ee25fe43daa23d5cf57bb" classname="com.github.traderjoe95.mls.protocol.tree.TreeKem" time="0.001"/>
  <testcase name="the decrypted path secret should be f2c5622949d4e6ca8f917ef1b0d4fe106d8592c2f629822908146332907e5682" classname="com.github.traderjoe95.mls.protocol.tree.TreeKem" time="0.001"/>
  <testcase name="a new update path generated by the sender should be successfully processed" classname="com.github.traderjoe95.mls.protocol.tree.TreeKem" time="0.001"/>
  <testcase name="the update path should be parent-hash valid" classname="com.github.traderjoe95.mls.protocol.tree.TreeKem" time="0.0"/>
  <testcase name="the tree hash after merging the update path should be 59cf577595404d31f79a5461b31c89a5ad2e6b05474ee25fe43daa23d5cf57bb" classname="com.github.traderjoe95.mls.protocol.tree.TreeKem" time="0.001"/>
  <testcase name="the decrypted path secret should be f2c5622949d4e6ca8f917ef1b0d4fe106d8592c2f629822908146332907e5682" classname="com.github.traderjoe95.mls.protocol.tree.TreeKem" time="0.0"/>
  <testcase name="a new update path generated by the sender should be successfully processed" classname="com.github.traderjoe95.mls.protocol.tree.TreeKem" time="0.001"/>
  <testcase name="the update path should be parent-hash valid" classname="com.github.traderjoe95.mls.protocol.tree.TreeKem" time="0.0"/>
  <testcase name="the tree hash after merging the update path should be 09d8defcf261e6607333f6791f007d067b523644484dd27b11213ce15718dc8b" classname="com.github.traderjoe95.mls.protocol.tree.TreeKem" time="0.001"/>
  <testcase name="the decrypted path secret should be 76e43a0e5d68f13141d25eaa05da893b4b60ec1fcf2a6d0a73b7a6a28b5c71ee" classname="com.github.traderjoe95.mls.protocol.tree.TreeKem" time="0.001"/>
  <testcase name="a new update path generated by the sender should be successfully processed" classname="com.github.traderjoe95.mls.protocol.tree.TreeKem" time="0.001"/>
  <testcase name="the update path should be parent-hash valid" classname="com.github.traderjoe95.mls.protocol.tree.TreeKem" time="0.0"/>
  <testcase name="the tree hash after merging the update path should be 09d8defcf261e6607333f6791f007d067b523644484dd27b11213ce15718dc8b" classname="com.github.traderjoe95.mls.protocol.tree.TreeKem" time="0.001"/>
  <testcase name="the decrypted path secret should be 76e43a0e5d68f13141d25eaa05da893b4b60ec1fcf2a6d0a73b7a6a28b5c71ee" classname="com.github.traderjoe95.mls.protocol.tree.TreeKem" time="0.001"/>
  <testcase name="a new update path generated by the sender should be successfully processed" classname="com.github.traderjoe95.mls.protocol.tree.TreeKem" time="0.001"/>
  <testcase name="the update path should be parent-hash valid" classname="com.github.traderjoe95.mls.protocol.tree.TreeKem" time="0.0"/>
  <testcase name="the tree hash after merging the update path should be 09d8defcf261e6607333f6791f007d067b523644484dd27b11213ce15718dc8b" classname="com.github.traderjoe95.mls.protocol.tree.TreeKem" time="0.001"/>
  <testcase name="the decrypted path secret should be 76e43a0e5d68f13141d25eaa05da893b4b60ec1fcf2a6d0a73b7a6a28b5c71ee" classname="com.github.traderjoe95.mls.protocol.tree.TreeKem" time="0.001"/>
  <testcase name="a new update path generated by the sender should be successfully processed" classname="com.github.traderjoe95.mls.protocol.tree.TreeKem" time="0.001"/>
  <testcase name="the update path should be parent-hash valid" classname="com.github.traderjoe95.mls.protocol.tree.TreeKem" time="0.0"/>
  <testcase name="the tree hash after merging the update path should be 09d8defcf261e6607333f6791f007d067b523644484dd27b11213ce15718dc8b" classname="com.github.traderjoe95.mls.protocol.tree.TreeKem" time="0.001"/>
  <testcase name="the decrypted path secret should be 76e43a0e5d68f13141d25eaa05da893b4b60ec1fcf2a6d0a73b7a6a28b5c71ee" classname="com.github.traderjoe95.mls.protocol.tree.TreeKem" time="0.001"/>
  <testcase name="a new update path generated by the sender should be successfully processed" classname="com.github.traderjoe95.mls.protocol.tree.TreeKem" time="0.001"/>
  <testcase name="the update path should be parent-hash valid" classname="com.github.traderjoe95.mls.protocol.tree.TreeKem" time="0.001"/>
  <testcase name="the tree hash after merging the update path should be 09d8defcf261e6607333f6791f007d067b523644484dd27b11213ce15718dc8b" classname="com.github.traderjoe95.mls.protocol.tree.TreeKem" time="0.0"/>
  <testcase name="the decrypted path secret should be 3c78597856241bd7ee600cdbf8a7b4b5962c5ea3e095eaa07b4dc0351f08483d" classname="com.github.traderjoe95.mls.protocol.tree.TreeKem" time="0.0"/>
  <testcase name="a new update path generated by the sender should be successfully processed" classname="com.github.traderjoe95.mls.protocol.tree.TreeKem" time="0.0"/>
  <testcase name="the update path should be parent-hash valid" classname="com.github.traderjoe95.mls.protocol.tree.TreeKem" time="0.001"/>
  <testcase name="the tree hash after merging the update path should be 09d8defcf261e6607333f6791f007d067b523644484dd27b11213ce15718dc8b" classname="com.github.traderjoe95.mls.protocol.tree.TreeKem" time="0.0"/>
  <testcase name="the decrypted path secret should be ebc06cf63c3d0bc4759702d3be52e9ad6cf6942f2c8e9e138653602a9f20cfcd" classname="com.github.traderjoe95.mls.protocol.tree.TreeKem" time="0.0"/>
  <testcase name="a new update path generated by the sender should be successfully processed" classname="com.github.traderjoe95.mls.protocol.tree.TreeKem" time="0.0"/>
  <testcase name="the update path should be parent-hash valid" classname="com.github.traderjoe95.mls.protocol.tree.TreeKem" time="0.0"/>
  <testcase name="the tree hash after merging the update path should be 09d8defcf261e6607333f6791f007d067b523644484dd27b11213ce15718dc8b" classname="com.github.traderjoe95.mls.protocol.tree.TreeKem" time="0.0"/>
  <testcase name="the decrypted path secret should be ebc06cf63c3d0bc4759702d3be52e9ad6cf6942f2c8e9e138653602a9f20cfcd" classname="com.github.traderjoe95.mls.protocol.tree.TreeKem" time="0.0"/>
  <testcase name="a new update path generated by the sender should be successfully processed" classname="com.github.traderjoe95.mls.protocol.tree.TreeKem" time="0.0"/>
  <testcase name="the update path should be parent-hash valid" classname="com.github.traderjoe95.mls.protocol.tree.TreeKem" time="0.0"/>
  <testcase name="the tree hash after merging the update path should be 6acee84382081fe1782b64496be36e6928691454be2c08a93f3c264a0a9bef1e" classname="com.github.traderjoe95.mls.protocol.tree.TreeKem" time="0.001"/>
  <testcase name="the decrypted path secret should be 690368d443d3e783030498d5f57cd99755287c03631ba5fe326c4c3bfd0c313a" classname="com.github.traderjoe95.mls.protocol.tree.TreeKem" time="0.001"/>
  <testcase name="a new update path generated by the sender should be successfully processed" classname="com.github.traderjoe95.mls.protocol.tree.TreeKem" time="0.001"/>
  <testcase name="the update path should be parent-hash valid" classname="com.github.traderjoe95.mls.protocol.tree.TreeKem" time="0.0"/>
  <testcase name="the tree hash after merging the update path should be 6acee84382081fe1782b64496be36e6928691454be2c08a93f3c264a0a9bef1e" classname="com.github.traderjoe95.mls.protocol.tree.TreeKem" time="0.0"/>
  <testcase name="the decrypted path secret should be 690368d443d3e783030498d5f57cd99755287c03631ba5fe326c4c3bfd0c313a" classname="com.github.traderjoe95.mls.protocol.tree.TreeKem" time="0.0"/>
  <testcase name="a new update path generated by the sender should be successfully processed" classname="com.github.traderjoe95.mls.protocol.tree.TreeKem" time="0.001"/>
  <testcase name="the update path should be parent-hash valid" classname="com.github.traderjoe95.mls.protocol.tree.TreeKem" time="0.0"/>
  <testcase name="the tree hash after merging the update path should be 6acee84382081fe1782b64496be36e6928691454be2c08a93f3c264a0a9bef1e" classname="com.github.traderjoe95.mls.protocol.tree.TreeKem" time="0.001"/>
  <testcase name="the decrypted path secret should be 690368d443d3e783030498d5f57cd99755287c03631ba5fe326c4c3bfd0c313a" classname="com.github.traderjoe95.mls.protocol.tree.TreeKem" time="0.001"/>
  <testcase name="a new update path generated by the sender should be successfully processed" classname="com.github.traderjoe95.mls.protocol.tree.TreeKem" time="0.0"/>
  <testcase name="the update path should be parent-hash valid" classname="com.github.traderjoe95.mls.protocol.tree.TreeKem" time="0.0"/>
  <testcase name="the tree hash after merging the update path should be 6acee84382081fe1782b64496be36e6928691454be2c08a93f3c264a0a9bef1e" classname="com.github.traderjoe95.mls.protocol.tree.TreeKem" time="0.0"/>
  <testcase name="the decrypted path secret should be 690368d443d3e783030498d5f57cd99755287c03631ba5fe326c4c3bfd0c313a" classname="com.github.traderjoe95.mls.protocol.tree.TreeKem" time="0.0"/>
  <testcase name="a new update path generated by the sender should be successfully processed" classname="com.github.traderjoe95.mls.protocol.tree.TreeKem" time="0.001"/>
  <testcase name="the update path should be parent-hash valid" classname="com.github.traderjoe95.mls.protocol.tree.TreeKem" time="0.001"/>
  <testcase name="the tree hash after merging the update path should be 6acee84382081fe1782b64496be36e6928691454be2c08a93f3c264a0a9bef1e" classname="com.github.traderjoe95.mls.protocol.tree.TreeKem" time="0.001"/>
  <testcase name="the decrypted path secret should be 2c52936b1c12a651516fc39fd0061af759f4e1e9cd61276f5053e4c05275ceb0" classname="com.github.traderjoe95.mls.protocol.tree.TreeKem" time="0.0"/>
  <testcase name="a new update path generated by the sender should be successfully processed" classname="com.github.traderjoe95.mls.protocol.tree.TreeKem" time="0.0"/>
  <testcase name="the update path should be parent-hash valid" classname="com.github.traderjoe95.mls.protocol.tree.TreeKem" time="0.001"/>
  <testcase name="the tree hash after merging the update path should be 6acee84382081fe1782b64496be36e6928691454be2c08a93f3c264a0a9bef1e" classname="com.github.traderjoe95.mls.protocol.tree.TreeKem" time="0.0"/>
  <testcase name="the decrypted path secret should be 2c52936b1c12a651516fc39fd0061af759f4e1e9cd61276f5053e4c05275ceb0" classname="com.github.traderjoe95.mls.protocol.tree.TreeKem" time="0.0"/>
  <testcase name="a new update path generated by the sender should be successfully processed" classname="com.github.traderjoe95.mls.protocol.tree.TreeKem" time="0.0"/>
  <testcase name="the update path should be parent-hash valid" classname="com.github.traderjoe95.mls.protocol.tree.TreeKem" time="0.0"/>
  <testcase name="the tree hash after merging the update path should be 6acee84382081fe1782b64496be36e6928691454be2c08a93f3c264a0a9bef1e" classname="com.github.traderjoe95.mls.protocol.tree.TreeKem" time="0.0"/>
  <testcase name="the decrypted path secret should be 1d5d51d8542718cd60a6cd382e913de1d69647c6d175cc101b3be6b7910a6fc7" classname="com.github.traderjoe95.mls.protocol.tree.TreeKem" time="0.0"/>
  <testcase name="a new update path generated by the sender should be successfully processed" classname="com.github.traderjoe95.mls.protocol.tree.TreeKem" time="0.0"/>
  <testcase name="the update path should be parent-hash valid" classname="com.github.traderjoe95.mls.protocol.tree.TreeKem" time="0.0"/>
  <testcase name="the tree hash after merging the update path should be 0666d60bc923fe3f25b85c833c23839f36c6f3c3c18851743a7045a99477dd1b" classname="com.github.traderjoe95.mls.protocol.tree.TreeKem" time="0.0"/>
  <testcase name="the decrypted path secret should be 084cae665824f48afdd622f9bd988313b76f0cabdc8a1ae736c6cc4e594b9353" classname="com.github.traderjoe95.mls.protocol.tree.TreeKem" time="0.0"/>
  <testcase name="a new update path generated by the sender should be successfully processed" classname="com.github.traderjoe95.mls.protocol.tree.TreeKem" time="0.0"/>
  <testcase name="the update path should be parent-hash valid" classname="com.github.traderjoe95.mls.protocol.tree.TreeKem" time="0.0"/>
  <testcase name="the tree hash after merging the update path should be 0666d60bc923fe3f25b85c833c23839f36c6f3c3c18851743a7045a99477dd1b" classname="com.github.traderjoe95.mls.protocol.tree.TreeKem" time="0.0"/>
  <testcase name="the decrypted path secret should be 084cae665824f48afdd622f9bd988313b76f0cabdc8a1ae736c6cc4e594b9353" classname="com.github.traderjoe95.mls.protocol.tree.TreeKem" time="0.0"/>
  <testcase name="a new update path generated by the sender should be successfully processed" classname="com.github.traderjoe95.mls.protocol.tree.TreeKem" time="0.001"/>
  <testcase name="the update path should be parent-hash valid" classname="com.github.traderjoe95.mls.protocol.tree.TreeKem" time="0.0"/>
  <testcase name="the tree hash after merging the update path should be 0666d60bc923fe3f25b85c833c23839f36c6f3c3c18851743a7045a99477dd1b" classname="com.github.traderjoe95.mls.protocol.tree.TreeKem" time="0.001"/>
  <testcase name="the decrypted path secret should be 084cae665824f48afdd622f9bd988313b76f0cabdc8a1ae736c6cc4e594b9353" classname="com.github.traderjoe95.mls.protocol.tree.TreeKem" time="0.0"/>
  <testcase name="a new update path generated by the sender should be successfully processed" classname="com.github.traderjoe95.mls.protocol.tree.TreeKem" time="0.001"/>
  <testcase name="the update path should be parent-hash valid" classname="com.github.traderjoe95.mls.protocol.tree.TreeKem" time="0.001"/>
  <testcase name="the tree hash after merging the update path should be 0666d60bc923fe3f25b85c833c23839f36c6f3c3c18851743a7045a99477dd1b" classname="com.github.traderjoe95.mls.protocol.tree.TreeKem" time="0.0"/>
  <testcase name="the decrypted path secret should be 084cae665824f48afdd622f9bd988313b76f0cabdc8a1ae736c6cc4e594b9353" classname="com.github.traderjoe95.mls.protocol.tree.TreeKem" time="0.0"/>
  <testcase name="a new update path generated by the sender should be successfully processed" classname="com.github.traderjoe95.mls.protocol.tree.TreeKem" time="0.001"/>
  <testcase name="the update path should be parent-hash valid" classname="com.github.traderjoe95.mls.protocol.tree.TreeKem" time="0.001"/>
  <testcase name="the tree hash after merging the update path should be 0666d60bc923fe3f25b85c833c23839f36c6f3c3c18851743a7045a99477dd1b" classname="com.github.traderjoe95.mls.protocol.tree.TreeKem" time="0.0"/>
  <testcase name="the decrypted path secret should be b67f12c3754075424192bf3982ba6afab14f22d0597a4e852ff2de44790dc3a0" classname="com.github.traderjoe95.mls.protocol.tree.TreeKem" time="0.0"/>
  <testcase name="a new update path generated by the sender should be successfully processed" classname="com.github.traderjoe95.mls.protocol.tree.TreeKem" time="0.0"/>
  <testcase name="the update path should be parent-hash valid" classname="com.github.traderjoe95.mls.protocol.tree.TreeKem" time="0.0"/>
  <testcase name="the tree hash after merging the update path should be 0666d60bc923fe3f25b85c833c23839f36c6f3c3c18851743a7045a99477dd1b" classname="com.github.traderjoe95.mls.protocol.tree.TreeKem" time="0.0"/>
  <testcase name="the decrypted path secret should be b67f12c3754075424192bf3982ba6afab14f22d0597a4e852ff2de44790dc3a0" classname="com.github.traderjoe95.mls.protocol.tree.TreeKem" time="0.0"/>
  <testcase name="a new update path generated by the sender should be successfully processed" classname="com.github.traderjoe95.mls.protocol.tree.TreeKem" time="0.0"/>
  <testcase name="the update path should be parent-hash valid" classname="com.github.traderjoe95.mls.protocol.tree.TreeKem" time="0.0"/>
  <testcase name="the tree hash after merging the update path should be 0666d60bc923fe3f25b85c833c23839f36c6f3c3c18851743a7045a99477dd1b" classname="com.github.traderjoe95.mls.protocol.tree.TreeKem" time="0.0"/>
  <testcase name="the decrypted path secret should be ff7da38ea9ba78ecb650a0779e8e9efbe41842596c7d5a98ded1878bd2091235" classname="com.github.traderjoe95.mls.protocol.tree.TreeKem" time="0.0"/>
  <testcase name="a new update path generated by the sender should be successfully processed" classname="com.github.traderjoe95.mls.protocol.tree.TreeKem" time="0.0"/>
  <testcase name="non-blank leaf 0 should be consistent with the public state" classname="com.github.traderjoe95.mls.protocol.tree.TreeKem" time="0.0"/>
  <testcase name="non-blank leaf 1 should be consistent with the public state" classname="com.github.traderjoe95.mls.protocol.tree.TreeKem" time="0.001"/>
  <testcase name="non-blank leaf 2 should be consistent with the public state" classname="com.github.traderjoe95.mls.protocol.tree.TreeKem" time="0.001"/>
  <testcase name="non-blank leaf 4 should be consistent with the public state" classname="com.github.traderjoe95.mls.protocol.tree.TreeKem" time="0.001"/>
  <testcase name="non-blank leaf 5 should be consistent with the public state" classname="com.github.traderjoe95.mls.protocol.tree.TreeKem" time="0.001"/>
  <testcase name="non-blank leaf 6 should be consistent with the public state" classname="com.github.traderjoe95.mls.protocol.tree.TreeKem" time="0.001"/>
  <testcase name="non-blank leaf 7 should be consistent with the public state" classname="com.github.traderjoe95.mls.protocol.tree.TreeKem" time="0.0"/>
  <testcase name="the update path should be parent-hash valid" classname="com.github.traderjoe95.mls.protocol.tree.TreeKem" time="0.001"/>
  <testcase name="the tree hash after merging the update path should be 941f81cd1f82f54afb19a5b814f9a879f22a991cbef3bb54fe4f4d445a712271" classname="com.github.traderjoe95.mls.protocol.tree.TreeKem" time="0.0"/>
  <testcase name="the decrypted path secret should be e8608097b9da1863d6a6b540542af95b96ab95bcd9a9c04763313b61c2c99d44" classname="com.github.traderjoe95.mls.protocol.tree.TreeKem" time="0.0"/>
  <testcase name="a new update path generated by the sender should be successfully processed" classname="com.github.traderjoe95.mls.protocol.tree.TreeKem" time="0.0"/>
  <testcase name="the update path should be parent-hash valid" classname="com.github.traderjoe95.mls.protocol.tree.TreeKem" time="0.001"/>
  <testcase name="the tree hash after merging the update path should be 941f81cd1f82f54afb19a5b814f9a879f22a991cbef3bb54fe4f4d445a712271" classname="com.github.traderjoe95.mls.protocol.tree.TreeKem" time="0.0"/>
  <testcase name="the decrypted path secret should be 5ccc25c82569cc9731283abbdb9265187c17503e6f9c4ba2484a9e210e83f5a3" classname="com.github.traderjoe95.mls.protocol.tree.TreeKem" time="0.0"/>
  <testcase name="a new update path generated by the sender should be successfully processed" classname="com.github.traderjoe95.mls.protocol.tree.TreeKem" time="0.001"/>
  <testcase name="the update path should be parent-hash valid" classname="com.github.traderjoe95.mls.protocol.tree.TreeKem" time="0.0"/>
  <testcase name="the tree hash after merging the update path should be 941f81cd1f82f54afb19a5b814f9a879f22a991cbef3bb54fe4f4d445a712271" classname="com.github.traderjoe95.mls.protocol.tree.TreeKem" time="0.001"/>
  <testcase name="the decrypted path secret should be 504766baf72d5ca7c9418c872a0e93387d717bb13f319e4953867cc50b57d676" classname="com.github.traderjoe95.mls.protocol.tree.TreeKem" time="0.001"/>
  <testcase name="a new update path generated by the sender should be successfully processed" classname="com.github.traderjoe95.mls.protocol.tree.TreeKem" time="0.001"/>
  <testcase name="the update path should be parent-hash valid" classname="com.github.traderjoe95.mls.protocol.tree.TreeKem" time="0.0"/>
  <testcase name="the tree hash after merging the update path should be 941f81cd1f82f54afb19a5b814f9a879f22a991cbef3bb54fe4f4d445a712271" classname="com.github.traderjoe95.mls.protocol.tree.TreeKem" time="0.001"/>
  <testcase name="the decrypted path secret should be 504766baf72d5ca7c9418c872a0e93387d717bb13f319e4953867cc50b57d676" classname="com.github.traderjoe95.mls.protocol.tree.TreeKem" time="0.001"/>
  <testcase name="a new update path generated by the sender should be successfully processed" classname="com.github.traderjoe95.mls.protocol.tree.TreeKem" time="0.001"/>
  <testcase name="the update path should be parent-hash valid" classname="com.github.traderjoe95.mls.protocol.tree.TreeKem" time="0.0"/>
  <testcase name="the tree hash after merging the update path should be 941f81cd1f82f54afb19a5b814f9a879f22a991cbef3bb54fe4f4d445a712271" classname="com.github.traderjoe95.mls.protocol.tree.TreeKem" time="0.0"/>
  <testcase name="the decrypted path secret should be 504766baf72d5ca7c9418c872a0e93387d717bb13f319e4953867cc50b57d676" classname="com.github.traderjoe95.mls.protocol.tree.TreeKem" time="0.001"/>
  <testcase name="a new update path generated by the sender should be successfully processed" classname="com.github.traderjoe95.mls.protocol.tree.TreeKem" time="0.001"/>
  <testcase name="the update path should be parent-hash valid" classname="com.github.traderjoe95.mls.protocol.tree.TreeKem" time="0.0"/>
  <testcase name="the tree hash after merging the update path should be 941f81cd1f82f54afb19a5b814f9a879f22a991cbef3bb54fe4f4d445a712271" classname="com.github.traderjoe95.mls.protocol.tree.TreeKem" time="0.0"/>
  <testcase name="the decrypted path secret should be 504766baf72d5ca7c9418c872a0e93387d717bb13f319e4953867cc50b57d676" classname="com.github.traderjoe95.mls.protocol.tree.TreeKem" time="0.001"/>
  <testcase name="a new update path generated by the sender should be successfully processed" classname="com.github.traderjoe95.mls.protocol.tree.TreeKem" time="0.0"/>
  <testcase name="the update path should be parent-hash valid" classname="com.github.traderjoe95.mls.protocol.tree.TreeKem" time="0.0"/>
  <testcase name="the tree hash after merging the update path should be dd1152ed5a9549586f3bb8989e3163ecb95b27128113195f10250da1ab6a3ad8" classname="com.github.traderjoe95.mls.protocol.tree.TreeKem" time="0.0"/>
  <testcase name="the decrypted path secret should be 482f034750eac133955a4b06f9907e221c4f7dcde23cd44839d939e74845d5b6" classname="com.github.traderjoe95.mls.protocol.tree.TreeKem" time="0.001"/>
  <testcase name="a new update path generated by the sender should be successfully processed" classname="com.github.traderjoe95.mls.protocol.tree.TreeKem" time="0.001"/>
  <testcase name="the update path should be parent-hash valid" classname="com.github.traderjoe95.mls.protocol.tree.TreeKem" time="0.0"/>
  <testcase name="the tree hash after merging the update path should be dd1152ed5a9549586f3bb8989e3163ecb95b27128113195f10250da1ab6a3ad8" classname="com.github.traderjoe95.mls.protocol.tree.TreeKem" time="0.0"/>
  <testcase name="the decrypted path secret should be 4179fbbca043d7139726430d976a623eac87a9d18bfee7227f2c4d54c16d041e" classname="com.github.traderjoe95.mls.protocol.tree.TreeKem" time="0.0"/>
  <testcase name="a new update path generated by the sender should be successfully processed" classname="com.github.traderjoe95.mls.protocol.tree.TreeKem" time="0.0"/>
  <testcase name="the update path should be parent-hash valid" classname="com.github.traderjoe95.mls.protocol.tree.TreeKem" time="0.0"/>
  <testcase name="the tree hash after merging the update path should be dd1152ed5a9549586f3bb8989e3163ecb95b27128113195f10250da1ab6a3ad8" classname="com.github.traderjoe95.mls.protocol.tree.TreeKem" time="0.0"/>
  <testcase name="the decrypted path secret should be 0a8222278bb97717570dcbe645ca76266a1a6fbab32e2cd4420431e8611eed12" classname="com.github.traderjoe95.mls.protocol.tree.TreeKem" time="0.0"/>
  <testcase name="a new update path generated by the sender should be successfully processed" classname="com.github.traderjoe95.mls.protocol.tree.TreeKem" time="0.0"/>
  <testcase name="the update path should be parent-hash valid" classname="com.github.traderjoe95.mls.protocol.tree.TreeKem" time="0.0"/>
  <testcase name="the tree hash after merging the update path should be dd1152ed5a9549586f3bb8989e3163ecb95b27128113195f10250da1ab6a3ad8" classname="com.github.traderjoe95.mls.protocol.tree.TreeKem" time="0.0"/>
  <testcase name="the decrypted path secret should be 0a8222278bb97717570dcbe645ca76266a1a6fbab32e2cd4420431e8611eed12" classname="com.github.traderjoe95.mls.protocol.tree.TreeKem" time="0.0"/>
  <testcase name="a new update path generated by the sender should be successfully processed" classname="com.github.traderjoe95.mls.protocol.tree.TreeKem" time="0.0"/>
  <testcase name="the update path should be parent-hash valid" classname="com.github.traderjoe95.mls.protocol.tree.TreeKem" time="0.0"/>
  <testcase name="the tree hash after merging the update path should be dd1152ed5a9549586f3bb8989e3163ecb95b27128113195f10250da1ab6a3ad8" classname="com.github.traderjoe95.mls.protocol.tree.TreeKem" time="0.0"/>
  <testcase name="the decrypted path secret should be 0a8222278bb97717570dcbe645ca76266a1a6fbab32e2cd4420431e8611eed12" classname="com.github.traderjoe95.mls.protocol.tree.TreeKem" time="0.0"/>
  <testcase name="a new update path generated by the sender should be successfully processed" classname="com.github.traderjoe95.mls.protocol.tree.TreeKem" time="0.0"/>
  <testcase name="the update path should be parent-hash valid" classname="com.github.traderjoe95.mls.protocol.tree.TreeKem" time="0.0"/>
  <testcase name="the tree hash after merging the update path should be dd1152ed5a9549586f3bb8989e3163ecb95b27128113195f10250da1ab6a3ad8" classname="com.github.traderjoe95.mls.protocol.tree.TreeKem" time="0.0"/>
  <testcase name="the decrypted path secret should be 0a8222278bb97717570dcbe645ca76266a1a6fbab32e2cd4420431e8611eed12" classname="com.github.traderjoe95.mls.protocol.tree.TreeKem" time="0.0"/>
  <testcase name="a new update path generated by the sender should be successfully processed" classname="com.github.traderjoe95.mls.protocol.tree.TreeKem" time="0.0"/>
  <testcase name="the update path should be parent-hash valid" classname="com.github.traderjoe95.mls.protocol.tree.TreeKem" time="0.0"/>
  <testcase name="the tree hash after merging the update path should be 6c6b178322412b9bb750c302683cc6068e8f802a43526ecc188b00013f809d59" classname="com.github.traderjoe95.mls.protocol.tree.TreeKem" time="0.0"/>
  <testcase name="the decrypted path secret should be 65ed1479842ad410d32092f6073db017eac8827be3c47d169f742a167755cbeb" classname="com.github.traderjoe95.mls.protocol.tree.TreeKem" time="0.0"/>
  <testcase name="a new update path generated by the sender should be successfully processed" classname="com.github.traderjoe95.mls.protocol.tree.TreeKem" time="0.0"/>
  <testcase name="the update path should be parent-hash valid" classname="com.github.traderjoe95.mls.protocol.tree.TreeKem" time="0.0"/>
  <testcase name="the tree hash after merging the update path should be 6c6b178322412b9bb750c302683cc6068e8f802a43526ecc188b00013f809d59" classname="com.github.traderjoe95.mls.protocol.tree.TreeKem" time="0.0"/>
  <testcase name="the decrypted path secret should be 65ed1479842ad410d32092f6073db017eac8827be3c47d169f742a167755cbeb" classname="com.github.traderjoe95.mls.protocol.tree.TreeKem" time="0.0"/>
  <testcase name="a new update path generated by the sender should be successfully processed" classname="com.github.traderjoe95.mls.protocol.tree.TreeKem" time="0.0"/>
  <testcase name="the update path should be parent-hash valid" classname="com.github.traderjoe95.mls.protocol.tree.TreeKem" time="0.0"/>
  <testcase name="the tree hash after merging the update path should be 6c6b178322412b9bb750c302683cc6068e8f802a43526ecc188b00013f809d59" classname="com.github.traderjoe95.mls.protocol.tree.TreeKem" time="0.0"/>
  <testcase name="the decrypted path secret should be 31b55d9f7db7c7e5b7f1c91517029fb661d7379735b8aab5d942b8bb86af38d8" classname="com.github.traderjoe95.mls.protocol.tree.TreeKem" time="0.0"/>
  <testcase name="a new update path generated by the sender should be successfully processed" classname="com.github.traderjoe95.mls.protocol.tree.TreeKem" time="0.001"/>
  <testcase name="the update path should be parent-hash valid" classname="com.github.traderjoe95.mls.protocol.tree.TreeKem" time="0.0"/>
  <testcase name="the tree hash after merging the update path should be 6c6b178322412b9bb750c302683cc6068e8f802a43526ecc188b00013f809d59" classname="com.github.traderjoe95.mls.protocol.tree.TreeKem" time="0.0"/>
  <testcase name="the decrypted path secret should be 31b55d9f7db7c7e5b7f1c91517029fb661d7379735b8aab5d942b8bb86af38d8" classname="com.github.traderjoe95.mls.protocol.tree.TreeKem" time="0.001"/>
  <testcase name="a new update path generated by the sender should be successfully processed" classname="com.github.traderjoe95.mls.protocol.tree.TreeKem" time="0.001"/>
  <testcase name="the update path should be parent-hash valid" classname="com.github.traderjoe95.mls.protocol.tree.TreeKem" time="0.0"/>
  <testcase name="the tree hash after merging the update path should be 6c6b178322412b9bb750c302683cc6068e8f802a43526ecc188b00013f809d59" classname="com.github.traderjoe95.mls.protocol.tree.TreeKem" time="0.0"/>
  <testcase name="the decrypted path secret should be 31b55d9f7db7c7e5b7f1c91517029fb661d7379735b8aab5d942b8bb86af38d8" classname="com.github.traderjoe95.mls.protocol.tree.TreeKem" time="0.0"/>
  <testcase name="a new update path generated by the sender should be successfully processed" classname="com.github.traderjoe95.mls.protocol.tree.TreeKem" time="0.001"/>
  <testcase name="the update path should be parent-hash valid" classname="com.github.traderjoe95.mls.protocol.tree.TreeKem" time="0.0"/>
  <testcase name="the tree hash after merging the update path should be 6c6b178322412b9bb750c302683cc6068e8f802a43526ecc188b00013f809d59" classname="com.github.traderjoe95.mls.protocol.tree.TreeKem" time="0.0"/>
  <testcase name="the decrypted path secret should be 31b55d9f7db7c7e5b7f1c91517029fb661d7379735b8aab5d942b8bb86af38d8" classname="com.github.traderjoe95.mls.protocol.tree.TreeKem" time="0.001"/>
  <testcase name="a new update path generated by the sender should be successfully processed" classname="com.github.traderjoe95.mls.protocol.tree.TreeKem" time="0.001"/>
  <testcase name="the update path should be parent-hash valid" classname="com.github.traderjoe95.mls.protocol.tree.TreeKem" time="0.0"/>
  <testcase name="the tree hash after merging the update path should be d681f7b3222cacfab52572feff07675f1803e652f0a86b73ec85433ba90da16e" classname="com.github.traderjoe95.mls.protocol.tree.TreeKem" time="0.001"/>
  <testcase name="the decrypted path secret should be dee0e649e0c5e19c60d6b4561423f165974f36e9d60c692e1c1a600904ee7dd2" classname="com.github.traderjoe95.mls.protocol.tree.TreeKem" time="0.001"/>
  <testcase name="a new update path generated by the sender should be successfully processed" classname="com.github.traderjoe95.mls.protocol.tree.TreeKem" time="0.001"/>
  <testcase name="the update path should be parent-hash valid" classname="com.github.traderjoe95.mls.protocol.tree.TreeKem" time="0.001"/>
  <testcase name="the tree hash after merging the update path should be d681f7b3222cacfab52572feff07675f1803e652f0a86b73ec85433ba90da16e" classname="com.github.traderjoe95.mls.protocol.tree.TreeKem" time="0.001"/>
  <testcase name="the decrypted path secret should be dee0e649e0c5e19c60d6b4561423f165974f36e9d60c692e1c1a600904ee7dd2" classname="com.github.traderjoe95.mls.protocol.tree.TreeKem" time="0.001"/>
  <testcase name="a new update path generated by the sender should be successfully processed" classname="com.github.traderjoe95.mls.protocol.tree.TreeKem" time="0.001"/>
  <testcase name="the update path should be parent-hash valid" classname="com.github.traderjoe95.mls.protocol.tree.TreeKem" time="0.0"/>
  <testcase name="the tree hash after merging the update path should be d681f7b3222cacfab52572feff07675f1803e652f0a86b73ec85433ba90da16e" classname="com.github.traderjoe95.mls.protocol.tree.TreeKem" time="0.001"/>
  <testcase name="the decrypted path secret should be dee0e649e0c5e19c60d6b4561423f165974f36e9d60c692e1c1a600904ee7dd2" classname="com.github.traderjoe95.mls.protocol.tree.TreeKem" time="0.0"/>
  <testcase name="a new update path generated by the sender should be successfully processed" classname="com.github.traderjoe95.mls.protocol.tree.TreeKem" time="0.0"/>
  <testcase name="the update path should be parent-hash valid" classname="com.github.traderjoe95.mls.protocol.tree.TreeKem" time="0.0"/>
  <testcase name="the tree hash after merging the update path should be d681f7b3222cacfab52572feff07675f1803e652f0a86b73ec85433ba90da16e" classname="com.github.traderjoe95.mls.protocol.tree.TreeKem" time="0.0"/>
  <testcase name="the decrypted path secret should be 72d46a199f58a9227f1cd24468537f238a841a745ca09e7bca0c9c18a58a09e9" classname="com.github.traderjoe95.mls.protocol.tree.TreeKem" time="0.0"/>
  <testcase name="a new update path generated by the sender should be successfully processed" classname="com.github.traderjoe95.mls.protocol.tree.TreeKem" time="0.0"/>
  <testcase name="the update path should be parent-hash valid" classname="com.github.traderjoe95.mls.protocol.tree.TreeKem" time="0.001"/>
  <testcase name="the tree hash after merging the update path should be d681f7b3222cacfab52572feff07675f1803e652f0a86b73ec85433ba90da16e" classname="com.github.traderjoe95.mls.protocol.tree.TreeKem" time="0.0"/>
  <testcase name="the decrypted path secret should be f2c5622949d4e6ca8f917ef1b0d4fe106d8592c2f629822908146332907e5682" classname="com.github.traderjoe95.mls.protocol.tree.TreeKem" time="0.0"/>
  <testcase name="a new update path generated by the sender should be successfully processed" classname="com.github.traderjoe95.mls.protocol.tree.TreeKem" time="0.0"/>
  <testcase name="the update path should be parent-hash valid" classname="com.github.traderjoe95.mls.protocol.tree.TreeKem" time="0.0"/>
  <testcase name="the tree hash after merging the update path should be d681f7b3222cacfab52572feff07675f1803e652f0a86b73ec85433ba90da16e" classname="com.github.traderjoe95.mls.protocol.tree.TreeKem" time="0.0"/>
  <testcase name="the decrypted path secret should be f2c5622949d4e6ca8f917ef1b0d4fe106d8592c2f629822908146332907e5682" classname="com.github.traderjoe95.mls.protocol.tree.TreeKem" time="0.0"/>
  <testcase name="a new update path generated by the sender should be successfully processed" classname="com.github.traderjoe95.mls.protocol.tree.TreeKem" time="0.0"/>
  <testcase name="the update path should be parent-hash valid" classname="com.github.traderjoe95.mls.protocol.tree.TreeKem" time="0.0"/>
  <testcase name="the tree hash after merging the update path should be 223439405232982ebcb07c5562fec3cb75d607db5bd5525be94c4c124249cd30" classname="com.github.traderjoe95.mls.protocol.tree.TreeKem" time="0.001"/>
  <testcase name="the decrypted path secret should be 76e43a0e5d68f13141d25eaa05da893b4b60ec1fcf2a6d0a73b7a6a28b5c71ee" classname="com.github.traderjoe95.mls.protocol.tree.TreeKem" time="0.001"/>
  <testcase name="a new update path generated by the sender should be successfully processed" classname="com.github.traderjoe95.mls.protocol.tree.TreeKem" time="0.001"/>
  <testcase name="the update path should be parent-hash valid" classname="com.github.traderjoe95.mls.protocol.tree.TreeKem" time="0.0"/>
  <testcase name="the tree hash after merging the update path should be 223439405232982ebcb07c5562fec3cb75d607db5bd5525be94c4c124249cd30" classname="com.github.traderjoe95.mls.protocol.tree.TreeKem" time="0.0"/>
  <testcase name="the decrypted path secret should be 76e43a0e5d68f13141d25eaa05da893b4b60ec1fcf2a6d0a73b7a6a28b5c71ee" classname="com.github.traderjoe95.mls.protocol.tree.TreeKem" time="0.0"/>
  <testcase name="a new update path generated by the sender should be successfully processed" classname="com.github.traderjoe95.mls.protocol.tree.TreeKem" time="0.0"/>
  <testcase name="the update path should be parent-hash valid" classname="com.github.traderjoe95.mls.protocol.tree.TreeKem" time="0.0"/>
  <testcase name="the tree hash after merging the update path should be 223439405232982ebcb07c5562fec3cb75d607db5bd5525be94c4c124249cd30" classname="com.github.traderjoe95.mls.protocol.tree.TreeKem" time="0.0"/>
  <testcase name="the decrypted path secret should be 76e43a0e5d68f13141d25eaa05da893b4b60ec1fcf2a6d0a73b7a6a28b5c71ee" classname="com.github.traderjoe95.mls.protocol.tree.TreeKem" time="0.0"/>
  <testcase name="a new update path generated by the sender should be successfully processed" classname="com.github.traderjoe95.mls.protocol.tree.TreeKem" time="0.0"/>
  <testcase name="the update path should be parent-hash valid" classname="com.github.traderjoe95.mls.protocol.tree.TreeKem" time="0.0"/>
  <testcase name="the tree hash after merging the update path should be 223439405232982ebcb07c5562fec3cb75d607db5bd5525be94c4c124249cd30" classname="com.github.traderjoe95.mls.protocol.tree.TreeKem" time="0.0"/>
  <testcase name="the decrypted path secret should be 3c78597856241bd7ee600cdbf8a7b4b5962c5ea3e095eaa07b4dc0351f08483d" classname="com.github.traderjoe95.mls.protocol.tree.TreeKem" time="0.001"/>
  <testcase name="a new update path generated by the sender should be successfully processed" classname="com.github.traderjoe95.mls.protocol.tree.TreeKem" time="0.001"/>
  <testcase name="the update path should be parent-hash valid" classname="com.github.traderjoe95.mls.protocol.tree.TreeKem" time="0.0"/>
  <testcase name="the tree hash after merging the update path should be 223439405232982ebcb07c5562fec3cb75d607db5bd5525be94c4c124249cd30" classname="com.github.traderjoe95.mls.protocol.tree.TreeKem" time="0.001"/>
  <testcase name="the decrypted path secret should be ebc06cf63c3d0bc4759702d3be52e9ad6cf6942f2c8e9e138653602a9f20cfcd" classname="com.github.traderjoe95.mls.protocol.tree.TreeKem" time="0.001"/>
  <testcase name="a new update path generated by the sender should be successfully processed" classname="com.github.traderjoe95.mls.protocol.tree.TreeKem" time="0.001"/>
  <testcase name="the update path should be parent-hash valid" classname="com.github.traderjoe95.mls.protocol.tree.TreeKem" time="0.001"/>
  <testcase name="the tree hash after merging the update path should be 223439405232982ebcb07c5562fec3cb75d607db5bd5525be94c4c124249cd30" classname="com.github.traderjoe95.mls.protocol.tree.TreeKem" time="0.001"/>
  <testcase name="the decrypted path secret should be ebc06cf63c3d0bc4759702d3be52e9ad6cf6942f2c8e9e138653602a9f20cfcd" classname="com.github.traderjoe95.mls.protocol.tree.TreeKem" time="0.001"/>
  <testcase name="a new update path generated by the sender should be successfully processed" classname="com.github.traderjoe95.mls.protocol.tree.TreeKem" time="0.0"/>
  <testcase name="the update path should be parent-hash valid" classname="com.github.traderjoe95.mls.protocol.tree.TreeKem" time="0.0"/>
  <testcase name="the tree hash after merging the update path should be d983104b1f9d0f149bdd799a8ea0e91c4047efdf7ea1605a23027fa3ea7e899b" classname="com.github.traderjoe95.mls.protocol.tree.TreeKem" time="0.0"/>
  <testcase name="the decrypted path secret should be 690368d443d3e783030498d5f57cd99755287c03631ba5fe326c4c3bfd0c313a" classname="com.github.traderjoe95.mls.protocol.tree.TreeKem" time="0.0"/>
  <testcase name="a new update path generated by the sender should be successfully processed" classname="com.github.traderjoe95.mls.protocol.tree.TreeKem" time="0.001"/>
  <testcase name="the update path should be parent-hash valid" classname="com.github.traderjoe95.mls.protocol.tree.TreeKem" time="0.0"/>
  <testcase name="the tree hash after merging the update path should be d983104b1f9d0f149bdd799a8ea0e91c4047efdf7ea1605a23027fa3ea7e899b" classname="com.github.traderjoe95.mls.protocol.tree.TreeKem" time="0.0"/>
  <testcase name="the decrypted path secret should be 690368d443d3e783030498d5f57cd99755287c03631ba5fe326c4c3bfd0c313a" classname="com.github.traderjoe95.mls.protocol.tree.TreeKem" time="0.001"/>
  <testcase name="a new update path generated by the sender should be successfully processed" classname="com.github.traderjoe95.mls.protocol.tree.TreeKem" time="0.001"/>
  <testcase name="the update path should be parent-hash valid" classname="com.github.traderjoe95.mls.protocol.tree.TreeKem" time="0.0"/>
  <testcase name="the tree hash after merging the update path should be d983104b1f9d0f149bdd799a8ea0e91c4047efdf7ea1605a23027fa3ea7e899b" classname="com.github.traderjoe95.mls.protocol.tree.TreeKem" time="0.001"/>
  <testcase name="the decrypted path secret should be 690368d443d3e783030498d5f57cd99755287c03631ba5fe326c4c3bfd0c313a" classname="com.github.traderjoe95.mls.protocol.tree.TreeKem" time="0.001"/>
  <testcase name="a new update path generated by the sender should be successfully processed" classname="com.github.traderjoe95.mls.protocol.tree.TreeKem" time="0.001"/>
  <testcase name="the update path should be parent-hash valid" classname="com.github.traderjoe95.mls.protocol.tree.TreeKem" time="0.001"/>
  <testcase name="the tree hash after merging the update path should be d983104b1f9d0f149bdd799a8ea0e91c4047efdf7ea1605a23027fa3ea7e899b" classname="com.github.traderjoe95.mls.protocol.tree.TreeKem" time="0.0"/>
  <testcase name="the decrypted path secret should be 2c52936b1c12a651516fc39fd0061af759f4e1e9cd61276f5053e4c05275ceb0" classname="com.github.traderjoe95.mls.protocol.tree.TreeKem" time="0.0"/>
  <testcase name="a new update path generated by the sender should be successfully processed" classname="com.github.traderjoe95.mls.protocol.tree.TreeKem" time="0.0"/>
  <testcase name="the update path should be parent-hash valid" classname="com.github.traderjoe95.mls.protocol.tree.TreeKem" time="0.0"/>
  <testcase name="the tree hash after merging the update path should be d983104b1f9d0f149bdd799a8ea0e91c4047efdf7ea1605a23027fa3ea7e899b" classname="com.github.traderjoe95.mls.protocol.tree.TreeKem" time="0.0"/>
  <testcase name="the decrypted path secret should be 2c52936b1c12a651516fc39fd0061af759f4e1e9cd61276f5053e4c05275ceb0" classname="com.github.traderjoe95.mls.protocol.tree.TreeKem" time="0.0"/>
  <testcase name="a new update path generated by the sender should be successfully processed" classname="com.github.traderjoe95.mls.protocol.tree.TreeKem" time="0.0"/>
  <testcase name="the update path should be parent-hash valid" classname="com.github.traderjoe95.mls.protocol.tree.TreeKem" time="0.0"/>
  <testcase name="the tree hash after merging the update path should be d983104b1f9d0f149bdd799a8ea0e91c4047efdf7ea1605a23027fa3ea7e899b" classname="com.github.traderjoe95.mls.protocol.tree.TreeKem" time="0.0"/>
  <testcase name="the decrypted path secret should be 1d5d51d8542718cd60a6cd382e913de1d69647c6d175cc101b3be6b7910a6fc7" classname="com.github.traderjoe95.mls.protocol.tree.TreeKem" time="0.0"/>
  <testcase name="a new update path generated by the sender should be successfully processed" classname="com.github.traderjoe95.mls.protocol.tree.TreeKem" time="0.0"/>
  <testcase name="the update path should be parent-hash valid" classname="com.github.traderjoe95.mls.protocol.tree.TreeKem" time="0.0"/>
  <testcase name="the tree hash after merging the update path should be bab902a5dc3fa0213148c367db9332e31893c6dab439e2cf47920be05cd64e46" classname="com.github.traderjoe95.mls.protocol.tree.TreeKem" time="0.0"/>
  <testcase name="the decrypted path secret should be 084cae665824f48afdd622f9bd988313b76f0cabdc8a1ae736c6cc4e594b9353" classname="com.github.traderjoe95.mls.protocol.tree.TreeKem" time="0.0"/>
  <testcase name="a new update path generated by the sender should be successfully processed" classname="com.github.traderjoe95.mls.protocol.tree.TreeKem" time="0.001"/>
  <testcase name="the update path should be parent-hash valid" classname="com.github.traderjoe95.mls.protocol.tree.TreeKem" time="0.0"/>
  <testcase name="the tree hash after merging the update path should be bab902a5dc3fa0213148c367db9332e31893c6dab439e2cf47920be05cd64e46" classname="com.github.traderjoe95.mls.protocol.tree.TreeKem" time="0.0"/>
  <testcase name="the decrypted path secret should be 084cae665824f48afdd622f9bd988313b76f0cabdc8a1ae736c6cc4e594b9353" classname="com.github.traderjoe95.mls.protocol.tree.TreeKem" time="0.001"/>
  <testcase name="a new update path generated by the sender should be successfully processed" classname="com.github.traderjoe95.mls.protocol.tree.TreeKem" time="0.001"/>
  <testcase name="the update path should be parent-hash valid" classname="com.github.traderjoe95.mls.protocol.tree.TreeKem" time="0.0"/>
  <testcase name="the tree hash after merging the update path should be bab902a5dc3fa0213148c367db9332e31893c6dab439e2cf47920be05cd64e46" classname="com.github.traderjoe95.mls.protocol.tree.TreeKem" time="0.0"/>
  <testcase name="the decrypted path secret should be 084cae665824f48afdd622f9bd988313b76f0cabdc8a1ae736c6cc4e594b9353" classname="com.github.traderjoe95.mls.protocol.tree.TreeKem" time="0.0"/>
  <testcase name="a new update path generated by the sender should be successfully processed" classname="com.github.traderjoe95.mls.protocol.tree.TreeKem" time="0.0"/>
  <testcase name="the update path should be parent-hash valid" classname="com.github.traderjoe95.mls.protocol.tree.TreeKem" time="0.001"/>
  <testcase name="the tree hash after merging the update path should be bab902a5dc3fa0213148c367db9332e31893c6dab439e2cf47920be05cd64e46" classname="com.github.traderjoe95.mls.protocol.tree.TreeKem" time="0.001"/>
  <testcase name="the decrypted path secret should be b67f12c3754075424192bf3982ba6afab14f22d0597a4e852ff2de44790dc3a0" classname="com.github.traderjoe95.mls.protocol.tree.TreeKem" time="0.001"/>
  <testcase name="a new update path generated by the sender should be successfully processed" classname="com.github.traderjoe95.mls.protocol.tree.TreeKem" time="0.001"/>
  <testcase name="the update path should be parent-hash valid" classname="com.github.traderjoe95.mls.protocol.tree.TreeKem" time="0.0"/>
  <testcase name="the tree hash after merging the update path should be bab902a5dc3fa0213148c367db9332e31893c6dab439e2cf47920be05cd64e46" classname="com.github.traderjoe95.mls.protocol.tree.TreeKem" time="0.0"/>
  <testcase name="the decrypted path secret should be b67f12c3754075424192bf3982ba6afab14f22d0597a4e852ff2de44790dc3a0" classname="com.github.traderjoe95.mls.protocol.tree.TreeKem" time="0.001"/>
  <testcase name="a new update path generated by the sender should be successfully processed" classname="com.github.traderjoe95.mls.protocol.tree.TreeKem" time="0.001"/>
  <testcase name="the update path should be parent-hash valid" classname="com.github.traderjoe95.mls.protocol.tree.TreeKem" time="0.0"/>
  <testcase name="the tree hash after merging the update path should be bab902a5dc3fa0213148c367db9332e31893c6dab439e2cf47920be05cd64e46" classname="com.github.traderjoe95.mls.protocol.tree.TreeKem" time="0.0"/>
  <testcase name="the decrypted path secret should be ff7da38ea9ba78ecb650a0779e8e9efbe41842596c7d5a98ded1878bd2091235" classname="com.github.traderjoe95.mls.protocol.tree.TreeKem" time="0.001"/>
  <testcase name="a new update path generated by the sender should be successfully processed" classname="com.github.traderjoe95.mls.protocol.tree.TreeKem" time="0.001"/>
  <testcase name="non-blank leaf 0 should be consistent with the public state" classname="com.github.traderjoe95.mls.protocol.tree.TreeKem" time="0.001"/>
  <testcase name="non-blank leaf 4 should be consistent with the public state" classname="com.github.traderjoe95.mls.protocol.tree.TreeKem" time="0.001"/>
  <testcase name="non-blank leaf 5 should be consistent with the public state" classname="com.github.traderjoe95.mls.protocol.tree.TreeKem" time="0.001"/>
  <testcase name="non-blank leaf 6 should be consistent with the public state" classname="com.github.traderjoe95.mls.protocol.tree.TreeKem" time="0.0"/>
  <testcase name="non-blank leaf 7 should be consistent with the public state" classname="com.github.traderjoe95.mls.protocol.tree.TreeKem" time="0.0"/>
  <testcase name="the update path should be parent-hash valid" classname="com.github.traderjoe95.mls.protocol.tree.TreeKem" time="0.001"/>
  <testcase name="the tree hash after merging the update path should be 375fa3f0a154eee5deb2569931acfac84874179c927b2da7068c66236e5aaf34" classname="com.github.traderjoe95.mls.protocol.tree.TreeKem" time="0.0"/>
  <testcase name="the decrypted path secret should be e8608097b9da1863d6a6b540542af95b96ab95bcd9a9c04763313b61c2c99d44" classname="com.github.traderjoe95.mls.protocol.tree.TreeKem" time="0.0"/>
  <testcase name="a new update path generated by the sender should be successfully processed" classname="com.github.traderjoe95.mls.protocol.tree.TreeKem" time="0.0"/>
  <testcase name="the update path should be parent-hash valid" classname="com.github.traderjoe95.mls.protocol.tree.TreeKem" time="0.0"/>
  <testcase name="the tree hash after merging the update path should be 375fa3f0a154eee5deb2569931acfac84874179c927b2da7068c66236e5aaf34" classname="com.github.traderjoe95.mls.protocol.tree.TreeKem" time="0.0"/>
  <testcase name="the decrypted path secret should be e8608097b9da1863d6a6b540542af95b96ab95bcd9a9c04763313b61c2c99d44" classname="com.github.traderjoe95.mls.protocol.tree.TreeKem" time="0.0"/>
  <testcase name="a new update path generated by the sender should be successfully processed" classname="com.github.traderjoe95.mls.protocol.tree.TreeKem" time="0.001"/>
  <testcase name="the update path should be parent-hash valid" classname="com.github.traderjoe95.mls.protocol.tree.TreeKem" time="0.0"/>
  <testcase name="the tree hash after merging the update path should be 375fa3f0a154eee5deb2569931acfac84874179c927b2da7068c66236e5aaf34" classname="com.github.traderjoe95.mls.protocol.tree.TreeKem" time="0.0"/>
  <testcase name="the decrypted path secret should be e8608097b9da1863d6a6b540542af95b96ab95bcd9a9c04763313b61c2c99d44" classname="com.github.traderjoe95.mls.protocol.tree.TreeKem" time="0.0"/>
  <testcase name="a new update path generated by the sender should be successfully processed" classname="com.github.traderjoe95.mls.protocol.tree.TreeKem" time="0.0"/>
  <testcase name="the update path should be parent-hash valid" classname="com.github.traderjoe95.mls.protocol.tree.TreeKem" time="0.0"/>
  <testcase name="the tree hash after merging the update path should be 375fa3f0a154eee5deb2569931acfac84874179c927b2da7068c66236e5aaf34" classname="com.github.traderjoe95.mls.protocol.tree.TreeKem" time="0.0"/>
  <testcase name="the decrypted path secret should be e8608097b9da1863d6a6b540542af95b96ab95bcd9a9c04763313b61c2c99d44" classname="com.github.traderjoe95.mls.protocol.tree.TreeKem" time="0.0"/>
  <testcase name="a new update path generated by the sender should be successfully processed" classname="com.github.traderjoe95.mls.protocol.tree.TreeKem" time="0.001"/>
  <testcase name="the update path should be parent-hash valid" classname="com.github.traderjoe95.mls.protocol.tree.TreeKem" time="0.0"/>
  <testcase name="the tree hash after merging the update path should be d130a13b60dee90159d3373560d750a758011604ca46525193a04aa6be27e08b" classname="com.github.traderjoe95.mls.protocol.tree.TreeKem" time="0.001"/>
  <testcase name="the decrypted path secret should be dee0e649e0c5e19c60d6b4561423f165974f36e9d60c692e1c1a600904ee7dd2" classname="com.github.traderjoe95.mls.protocol.tree.TreeKem" time="0.0"/>
  <testcase name="a new update path generated by the sender should be successfully processed" classname="com.github.traderjoe95.mls.protocol.tree.TreeKem" time="0.001"/>
  <testcase name="the update path should be parent-hash valid" classname="com.github.traderjoe95.mls.protocol.tree.TreeKem" time="0.0"/>
  <testcase name="the tree hash after merging the update path should be d130a13b60dee90159d3373560d750a758011604ca46525193a04aa6be27e08b" classname="com.github.traderjoe95.mls.protocol.tree.TreeKem" time="0.0"/>
  <testcase name="the decrypted path secret should be 72d46a199f58a9227f1cd24468537f238a841a745ca09e7bca0c9c18a58a09e9" classname="com.github.traderjoe95.mls.protocol.tree.TreeKem" time="0.0"/>
  <testcase name="a new update path generated by the sender should be successfully processed" classname="com.github.traderjoe95.mls.protocol.tree.TreeKem" time="0.0"/>
  <testcase name="the update path should be parent-hash valid" classname="com.github.traderjoe95.mls.protocol.tree.TreeKem" time="0.0"/>
  <testcase name="the tree hash after merging the update path should be d130a13b60dee90159d3373560d750a758011604ca46525193a04aa6be27e08b" classname="com.github.traderjoe95.mls.protocol.tree.TreeKem" time="0.0"/>
  <testcase name="the decrypted path secret should be f2c5622949d4e6ca8f917ef1b0d4fe106d8592c2f629822908146332907e5682" classname="com.github.traderjoe95.mls.protocol.tree.TreeKem" time="0.0"/>
  <testcase name="a new update path generated by the sender should be successfully processed" classname="com.github.traderjoe95.mls.protocol.tree.TreeKem" time="0.0"/>
  <testcase name="the update path should be parent-hash valid" classname="com.github.traderjoe95.mls.protocol.tree.TreeKem" time="0.001"/>
  <testcase name="the tree hash after merging the update path should be d130a13b60dee90159d3373560d750a758011604ca46525193a04aa6be27e08b" classname="com.github.traderjoe95.mls.protocol.tree.TreeKem" time="0.001"/>
  <testcase name="the decrypted path secret should be f2c5622949d4e6ca8f917ef1b0d4fe106d8592c2f629822908146332907e5682" classname="com.github.traderjoe95.mls.protocol.tree.TreeKem" time="0.0"/>
  <testcase name="a new update path generated by the sender should be successfully processed" classname="com.github.traderjoe95.mls.protocol.tree.TreeKem" time="0.001"/>
  <testcase name="the update path should be parent-hash valid" classname="com.github.traderjoe95.mls.protocol.tree.TreeKem" time="0.0"/>
  <testcase name="the tree hash after merging the update path should be ab402aeab7a73400f197602f353a84b2fd3811eb3eae4d5f4f1da37e27122a53" classname="com.github.traderjoe95.mls.protocol.tree.TreeKem" time="0.001"/>
  <testcase name="the decrypted path secret should be 76e43a0e5d68f13141d25eaa05da893b4b60ec1fcf2a6d0a73b7a6a28b5c71ee" classname="com.github.traderjoe95.mls.protocol.tree.TreeKem" time="0.0"/>
  <testcase name="a new update path generated by the sender should be successfully processed" classname="com.github.traderjoe95.mls.protocol.tree.TreeKem" time="0.0"/>
  <testcase name="the update path should be parent-hash valid" classname="com.github.traderjoe95.mls.protocol.tree.TreeKem" time="0.001"/>
  <testcase name="the tree hash after merging the update path should be ab402aeab7a73400f197602f353a84b2fd3811eb3eae4d5f4f1da37e27122a53" classname="com.github.traderjoe95.mls.protocol.tree.TreeKem" time="0.0"/>
  <testcase name="the decrypted path secret should be 3c78597856241bd7ee600cdbf8a7b4b5962c5ea3e095eaa07b4dc0351f08483d" classname="com.github.traderjoe95.mls.protocol.tree.TreeKem" time="0.0"/>
  <testcase name="a new update path generated by the sender should be successfully processed" classname="com.github.traderjoe95.mls.protocol.tree.TreeKem" time="0.001"/>
  <testcase name="the update path should be parent-hash valid" classname="com.github.traderjoe95.mls.protocol.tree.TreeKem" time="0.001"/>
  <testcase name="the tree hash after merging the update path should be ab402aeab7a73400f197602f353a84b2fd3811eb3eae4d5f4f1da37e27122a53" classname="com.github.traderjoe95.mls.protocol.tree.TreeKem" time="0.001"/>
  <testcase name="the decrypted path secret should be ebc06cf63c3d0bc4759702d3be52e9ad6cf6942f2c8e9e138653602a9f20cfcd" classname="com.github.traderjoe95.mls.protocol.tree.TreeKem" time="0.001"/>
  <testcase name="a new update path generated by the sender should be successfully processed" classname="com.github.traderjoe95.mls.protocol.tree.TreeKem" time="0.001"/>
  <testcase name="the update path should be parent-hash valid" classname="com.github.traderjoe95.mls.protocol.tree.TreeKem" time="0.0"/>
  <testcase name="the tree hash after merging the update path should be ab402aeab7a73400f197602f353a84b2fd3811eb3eae4d5f4f1da37e27122a53" classname="com.github.traderjoe95.mls.protocol.tree.TreeKem" time="0.001"/>
  <testcase name="the decrypted path secret should be ebc06cf63c3d0bc4759702d3be52e9ad6cf6942f2c8e9e138653602a9f20cfcd" classname="com.github.traderjoe95.mls.protocol.tree.TreeKem" time="0.0"/>
  <testcase name="a new update path generated by the sender should be successfully processed" classname="com.github.traderjoe95.mls.protocol.tree.TreeKem" time="0.001"/>
  <testcase name="the update path should be parent-hash valid" classname="com.github.traderjoe95.mls.protocol.tree.TreeKem" time="0.001"/>
  <testcase name="the tree hash after merging the update path should be cd75d9cef04956a7f1a4c60480f56d9f9f0deefd22a666811de736347c65ff27" classname="com.github.traderjoe95.mls.protocol.tree.TreeKem" time="0.001"/>
  <testcase name="the decrypted path secret should be 690368d443d3e783030498d5f57cd99755287c03631ba5fe326c4c3bfd0c313a" classname="com.github.traderjoe95.mls.protocol.tree.TreeKem" time="0.0"/>
  <testcase name="a new update path generated by the sender should be successfully processed" classname="com.github.traderjoe95.mls.protocol.tree.TreeKem" time="0.001"/>
  <testcase name="the update path should be parent-hash valid" classname="com.github.traderjoe95.mls.protocol.tree.TreeKem" time="0.0"/>
  <testcase name="the tree hash after merging the update path should be cd75d9cef04956a7f1a4c60480f56d9f9f0deefd22a666811de736347c65ff27" classname="com.github.traderjoe95.mls.protocol.tree.TreeKem" time="0.001"/>
  <testcase name="the decrypted path secret should be 2c52936b1c12a651516fc39fd0061af759f4e1e9cd61276f5053e4c05275ceb0" classname="com.github.traderjoe95.mls.protocol.tree.TreeKem" time="0.001"/>
  <testcase name="a new update path generated by the sender should be successfully processed" classname="com.github.traderjoe95.mls.protocol.tree.TreeKem" time="0.001"/>
  <testcase name="the update path should be parent-hash valid" classname="com.github.traderjoe95.mls.protocol.tree.TreeKem" time="0.0"/>
  <testcase name="the tree hash after merging the update path should be cd75d9cef04956a7f1a4c60480f56d9f9f0deefd22a666811de736347c65ff27" classname="com.github.traderjoe95.mls.protocol.tree.TreeKem" time="0.0"/>
  <testcase name="the decrypted path secret should be 2c52936b1c12a651516fc39fd0061af759f4e1e9cd61276f5053e4c05275ceb0" classname="com.github.traderjoe95.mls.protocol.tree.TreeKem" time="0.001"/>
  <testcase name="a new update path generated by the sender should be successfully processed" classname="com.github.traderjoe95.mls.protocol.tree.TreeKem" time="0.001"/>
  <testcase name="the update path should be parent-hash valid" classname="com.github.traderjoe95.mls.protocol.tree.TreeKem" time="0.0"/>
  <testcase name="the tree hash after merging the update path should be cd75d9cef04956a7f1a4c60480f56d9f9f0deefd22a666811de736347c65ff27" classname="com.github.traderjoe95.mls.protocol.tree.TreeKem" time="0.0"/>
  <testcase name="the decrypted path secret should be 1d5d51d8542718cd60a6cd382e913de1d69647c6d175cc101b3be6b7910a6fc7" classname="com.github.traderjoe95.mls.protocol.tree.TreeKem" time="0.0"/>
  <testcase name="a new update path generated by the sender should be successfully processed" classname="com.github.traderjoe95.mls.protocol.tree.TreeKem" time="0.0"/>
  <testcase name="the update path should be parent-hash valid" classname="com.github.traderjoe95.mls.protocol.tree.TreeKem" time="0.0"/>
  <testcase name="the tree hash after merging the update path should be b998c2de46e505a9d6a7e5934e9a90e56fcf170d0f2e8228490a4e8ddd2bedbd" classname="com.github.traderjoe95.mls.protocol.tree.TreeKem" time="0.0"/>
  <testcase name="the decrypted path secret should be 084cae665824f48afdd622f9bd988313b76f0cabdc8a1ae736c6cc4e594b9353" classname="com.github.traderjoe95.mls.protocol.tree.TreeKem" time="0.001"/>
  <testcase name="a new update path generated by the sender should be successfully processed" classname="com.github.traderjoe95.mls.protocol.tree.TreeKem" time="0.001"/>
  <testcase name="the update path should be parent-hash valid" classname="com.github.traderjoe95.mls.protocol.tree.TreeKem" time="0.0"/>
  <testcase name="the tree hash after merging the update path should be b998c2de46e505a9d6a7e5934e9a90e56fcf170d0f2e8228490a4e8ddd2bedbd" classname="com.github.traderjoe95.mls.protocol.tree.TreeKem" time="0.0"/>
  <testcase name="the decrypted path secret should be b67f12c3754075424192bf3982ba6afab14f22d0597a4e852ff2de44790dc3a0" classname="com.github.traderjoe95.mls.protocol.tree.TreeKem" time="0.0"/>
  <testcase name="a new update path generated by the sender should be successfully processed" classname="com.github.traderjoe95.mls.protocol.tree.TreeKem" time="0.001"/>
  <testcase name="the update path should be parent-hash valid" classname="com.github.traderjoe95.mls.protocol.tree.TreeKem" time="0.0"/>
  <testcase name="the tree hash after merging the update path should be b998c2de46e505a9d6a7e5934e9a90e56fcf170d0f2e8228490a4e8ddd2bedbd" classname="com.github.traderjoe95.mls.protocol.tree.TreeKem" time="0.001"/>
  <testcase name="the decrypted path secret should be b67f12c3754075424192bf3982ba6afab14f22d0597a4e852ff2de44790dc3a0" classname="com.github.traderjoe95.mls.protocol.tree.TreeKem" time="0.001"/>
  <testcase name="a new update path generated by the sender should be successfully processed" classname="com.github.traderjoe95.mls.protocol.tree.TreeKem" time="0.001"/>
  <testcase name="the update path should be parent-hash valid" classname="com.github.traderjoe95.mls.protocol.tree.TreeKem" time="0.0"/>
  <testcase name="the tree hash after merging the update path should be b998c2de46e505a9d6a7e5934e9a90e56fcf170d0f2e8228490a4e8ddd2bedbd" classname="com.github.traderjoe95.mls.protocol.tree.TreeKem" time="0.0"/>
  <testcase name="the decrypted path secret should be ff7da38ea9ba78ecb650a0779e8e9efbe41842596c7d5a98ded1878bd2091235" classname="com.github.traderjoe95.mls.protocol.tree.TreeKem" time="0.001"/>
  <testcase name="a new update path generated by the sender should be successfully processed" classname="com.github.traderjoe95.mls.protocol.tree.TreeKem" time="0.001"/>
  <testcase name="non-blank leaf 0 should be consistent with the public state" classname="com.github.traderjoe95.mls.protocol.tree.TreeKem" time="0.001"/>
  <testcase name="non-blank leaf 1 should be consistent with the public state" classname="com.github.traderjoe95.mls.protocol.tree.TreeKem" time="0.001"/>
  <testcase name="non-blank leaf 2 should be consistent with the public state" classname="com.github.traderjoe95.mls.protocol.tree.TreeKem" time="0.001"/>
  <testcase name="non-blank leaf 3 should be consistent with the public state" classname="com.github.traderjoe95.mls.protocol.tree.TreeKem" time="0.001"/>
  <testcase name="non-blank leaf 4 should be consistent with the public state" classname="com.github.traderjoe95.mls.protocol.tree.TreeKem" time="0.001"/>
  <testcase name="non-blank leaf 5 should be consistent with the public state" classname="com.github.traderjoe95.mls.protocol.tree.TreeKem" time="0.001"/>
  <testcase name="non-blank leaf 6 should be consistent with the public state" classname="com.github.traderjoe95.mls.protocol.tree.TreeKem" time="0.001"/>
  <testcase name="non-blank leaf 7 should be consistent with the public state" classname="com.github.traderjoe95.mls.protocol.tree.TreeKem" time="0.0"/>
  <testcase name="the update path should be parent-hash valid" classname="com.github.traderjoe95.mls.protocol.tree.TreeKem" time="0.0"/>
  <testcase name="the tree hash after merging the update path should be aaecda42615a5a570da38fc37c93fa5b7805013c7abbfb905c387c4ba7edc764" classname="com.github.traderjoe95.mls.protocol.tree.TreeKem" time="0.001"/>
  <testcase name="the decrypted path secret should be e8608097b9da1863d6a6b540542af95b96ab95bcd9a9c04763313b61c2c99d44" classname="com.github.traderjoe95.mls.protocol.tree.TreeKem" time="0.001"/>
  <testcase name="a new update path generated by the sender should be successfully processed" classname="com.github.traderjoe95.mls.protocol.tree.TreeKem" time="0.001"/>
  <testcase name="the update path should be parent-hash valid" classname="com.github.traderjoe95.mls.protocol.tree.TreeKem" time="0.0"/>
  <testcase name="the tree hash after merging the update path should be aaecda42615a5a570da38fc37c93fa5b7805013c7abbfb905c387c4ba7edc764" classname="com.github.traderjoe95.mls.protocol.tree.TreeKem" time="0.001"/>
  <testcase name="the decrypted path secret should be 5ccc25c82569cc9731283abbdb9265187c17503e6f9c4ba2484a9e210e83f5a3" classname="com.github.traderjoe95.mls.protocol.tree.TreeKem" time="0.0"/>
  <testcase name="a new update path generated by the sender should be successfully processed" classname="com.github.traderjoe95.mls.protocol.tree.TreeKem" time="0.001"/>
  <testcase name="the update path should be parent-hash valid" classname="com.github.traderjoe95.mls.protocol.tree.TreeKem" time="0.0"/>
  <testcase name="the tree hash after merging the update path should be aaecda42615a5a570da38fc37c93fa5b7805013c7abbfb905c387c4ba7edc764" classname="com.github.traderjoe95.mls.protocol.tree.TreeKem" time="0.0"/>
  <testcase name="the decrypted path secret should be 5ccc25c82569cc9731283abbdb9265187c17503e6f9c4ba2484a9e210e83f5a3" classname="com.github.traderjoe95.mls.protocol.tree.TreeKem" time="0.001"/>
  <testcase name="a new update path generated by the sender should be successfully processed" classname="com.github.traderjoe95.mls.protocol.tree.TreeKem" time="0.001"/>
  <testcase name="the update path should be parent-hash valid" classname="com.github.traderjoe95.mls.protocol.tree.TreeKem" time="0.0"/>
  <testcase name="the tree hash after merging the update path should be aaecda42615a5a570da38fc37c93fa5b7805013c7abbfb905c387c4ba7edc764" classname="com.github.traderjoe95.mls.protocol.tree.TreeKem" time="0.001"/>
  <testcase name="the decrypted path secret should be 504766baf72d5ca7c9418c872a0e93387d717bb13f319e4953867cc50b57d676" classname="com.github.traderjoe95.mls.protocol.tree.TreeKem" time="0.0"/>
  <testcase name="a new update path generated by the sender should be successfully processed" classname="com.github.traderjoe95.mls.protocol.tree.TreeKem" time="0.0"/>
  <testcase name="the update path should be parent-hash valid" classname="com.github.traderjoe95.mls.protocol.tree.TreeKem" time="0.001"/>
  <testcase name="the tree hash after merging the update path should be aaecda42615a5a570da38fc37c93fa5b7805013c7abbfb905c387c4ba7edc764" classname="com.github.traderjoe95.mls.protocol.tree.TreeKem" time="0.0"/>
  <testcase name="the decrypted path secret should be 504766baf72d5ca7c9418c872a0e93387d717bb13f319e4953867cc50b57d676" classname="com.github.traderjoe95.mls.protocol.tree.TreeKem" time="0.0"/>
  <testcase name="a new update path generated by the sender should be successfully processed" classname="com.github.traderjoe95.mls.protocol.tree.TreeKem" time="0.0"/>
  <testcase name="the update path should be parent-hash valid" classname="com.github.traderjoe95.mls.protocol.tree.TreeKem" time="0.0"/>
  <testcase name="the tree hash after merging the update path should be aaecda42615a5a570da38fc37c93fa5b7805013c7abbfb905c387c4ba7edc764" classname="com.github.traderjoe95.mls.protocol.tree.TreeKem" time="0.0"/>
  <testcase name="the decrypted path secret should be 504766baf72d5ca7c9418c872a0e93387d717bb13f319e4953867cc50b57d676" classname="com.github.traderjoe95.mls.protocol.tree.TreeKem" time="0.001"/>
  <testcase name="a new update path generated by the sender should be successfully processed" classname="com.github.traderjoe95.mls.protocol.tree.TreeKem" time="0.001"/>
  <testcase name="the update path should be parent-hash valid" classname="com.github.traderjoe95.mls.protocol.tree.TreeKem" time="0.0"/>
  <testcase name="the tree hash after merging the update path should be aaecda42615a5a570da38fc37c93fa5b7805013c7abbfb905c387c4ba7edc764" classname="com.github.traderjoe95.mls.protocol.tree.TreeKem" time="0.0"/>
  <testcase name="the decrypted path secret should be 504766baf72d5ca7c9418c872a0e93387d717bb13f319e4953867cc50b57d676" classname="com.github.traderjoe95.mls.protocol.tree.TreeKem" time="0.001"/>
  <testcase name="a new update path generated by the sender should be successfully processed" classname="com.github.traderjoe95.mls.protocol.tree.TreeKem" time="0.001"/>
  <testcase name="the update path should be parent-hash valid" classname="com.github.traderjoe95.mls.protocol.tree.TreeKem" time="0.0"/>
  <testcase name="the tree hash after merging the update path should be 680bed956db3e5dc7328c9584b28059b132ee8713c7e4e4ecd0d769cec193385" classname="com.github.traderjoe95.mls.protocol.tree.TreeKem" time="0.0"/>
  <testcase name="the decrypted path secret should be 482f034750eac133955a4b06f9907e221c4f7dcde23cd44839d939e74845d5b6" classname="com.github.traderjoe95.mls.protocol.tree.TreeKem" time="0.001"/>
  <testcase name="a new update path generated by the sender should be successfully processed" classname="com.github.traderjoe95.mls.protocol.tree.TreeKem" time="0.001"/>
  <testcase name="the update path should be parent-hash valid" classname="com.github.traderjoe95.mls.protocol.tree.TreeKem" time="0.001"/>
  <testcase name="the tree hash after merging the update path should be 680bed956db3e5dc7328c9584b28059b132ee8713c7e4e4ecd0d769cec193385" classname="com.github.traderjoe95.mls.protocol.tree.TreeKem" time="0.001"/>
  <testcase name="the decrypted path secret should be 4179fbbca043d7139726430d976a623eac87a9d18bfee7227f2c4d54c16d041e" classname="com.github.traderjoe95.mls.protocol.tree.TreeKem" time="0.001"/>
  <testcase name="a new update path generated by the sender should be successfully processed" classname="com.github.traderjoe95.mls.protocol.tree.TreeKem" time="0.0"/>
  <testcase name="the update path should be parent-hash valid" classname="com.github.traderjoe95.mls.protocol.tree.TreeKem" time="0.001"/>
  <testcase name="the tree hash after merging the update path should be 680bed956db3e5dc7328c9584b28059b132ee8713c7e4e4ecd0d769cec193385" classname="com.github.traderjoe95.mls.protocol.tree.TreeKem" time="0.0"/>
  <testcase name="the decrypted path secret should be 4179fbbca043d7139726430d976a623eac87a9d18bfee7227f2c4d54c16d041e" classname="com.github.traderjoe95.mls.protocol.tree.TreeKem" time="0.0"/>
  <testcase name="a new update path generated by the sender should be successfully processed" classname="com.github.traderjoe95.mls.protocol.tree.TreeKem" time="0.001"/>
  <testcase name="the update path should be parent-hash valid" classname="com.github.traderjoe95.mls.protocol.tree.TreeKem" time="0.001"/>
  <testcase name="the tree hash after merging the update path should be 680bed956db3e5dc7328c9584b28059b132ee8713c7e4e4ecd0d769cec193385" classname="com.github.traderjoe95.mls.protocol.tree.TreeKem" time="0.0"/>
  <testcase name="the decrypted path secret should be 0a8222278bb97717570dcbe645ca76266a1a6fbab32e2cd4420431e8611eed12" classname="com.github.traderjoe95.mls.protocol.tree.TreeKem" time="0.0"/>
  <testcase name="a new update path generated by the sender should be successfully processed" classname="com.github.traderjoe95.mls.protocol.tree.TreeKem" time="0.0"/>
  <testcase name="the update path should be parent-hash valid" classname="com.github.traderjoe95.mls.protocol.tree.TreeKem" time="0.001"/>
  <testcase name="the tree hash after merging the update path should be 680bed956db3e5dc7328c9584b28059b132ee8713c7e4e4ecd0d769cec193385" classname="com.github.traderjoe95.mls.protocol.tree.TreeKem" time="0.0"/>
  <testcase name="the decrypted path secret should be 0a8222278bb97717570dcbe645ca76266a1a6fbab32e2cd4420431e8611eed12" classname="com.github.traderjoe95.mls.protocol.tree.TreeKem" time="0.0"/>
  <testcase name="a new update path generated by the sender should be successfully processed" classname="com.github.traderjoe95.mls.protocol.tree.TreeKem" time="0.0"/>
  <testcase name="the update path should be parent-hash valid" classname="com.github.traderjoe95.mls.protocol.tree.TreeKem" time="0.0"/>
  <testcase name="the tree hash after merging the update path should be 680bed956db3e5dc7328c9584b28059b132ee8713c7e4e4ecd0d769cec193385" classname="com.github.traderjoe95.mls.protocol.tree.TreeKem" time="0.0"/>
  <testcase name="the decrypted path secret should be 0a8222278bb97717570dcbe645ca76266a1a6fbab32e2cd4420431e8611eed12" classname="com.github.traderjoe95.mls.protocol.tree.TreeKem" time="0.0"/>
  <testcase name="a new update path generated by the sender should be successfully processed" classname="com.github.traderjoe95.mls.protocol.tree.TreeKem" time="0.0"/>
  <testcase name="the update path should be parent-hash valid" classname="com.github.traderjoe95.mls.protocol.tree.TreeKem" time="0.0"/>
  <testcase name="the tree hash after merging the update path should be 680bed956db3e5dc7328c9584b28059b132ee8713c7e4e4ecd0d769cec193385" classname="com.github.traderjoe95.mls.protocol.tree.TreeKem" time="0.0"/>
  <testcase name="the decrypted path secret should be 0a8222278bb97717570dcbe645ca76266a1a6fbab32e2cd4420431e8611eed12" classname="com.github.traderjoe95.mls.protocol.tree.TreeKem" time="0.0"/>
  <testcase name="a new update path generated by the sender should be successfully processed" classname="com.github.traderjoe95.mls.protocol.tree.TreeKem" time="0.001"/>
  <testcase name="the update path should be parent-hash valid" classname="com.github.traderjoe95.mls.protocol.tree.TreeKem" time="0.0"/>
  <testcase name="the tree hash after merging the update path should be bc238db0489a2e9b2af9d14cc4a46cb9593569bcebb5f8ccda6f0cdc39fac6da" classname="com.github.traderjoe95.mls.protocol.tree.TreeKem" time="0.0"/>
  <testcase name="the decrypted path secret should be 31b55d9f7db7c7e5b7f1c91517029fb661d7379735b8aab5d942b8bb86af38d8" classname="com.github.traderjoe95.mls.protocol.tree.TreeKem" time="0.001"/>
  <testcase name="a new update path generated by the sender should be successfully processed" classname="com.github.traderjoe95.mls.protocol.tree.TreeKem" time="0.001"/>
  <testcase name="the update path should be parent-hash valid" classname="com.github.traderjoe95.mls.protocol.tree.TreeKem" time="0.0"/>
  <testcase name="the tree hash after merging the update path should be bc238db0489a2e9b2af9d14cc4a46cb9593569bcebb5f8ccda6f0cdc39fac6da" classname="com.github.traderjoe95.mls.protocol.tree.TreeKem" time="0.0"/>
  <testcase name="the decrypted path secret should be 31b55d9f7db7c7e5b7f1c91517029fb661d7379735b8aab5d942b8bb86af38d8" classname="com.github.traderjoe95.mls.protocol.tree.TreeKem" time="0.001"/>
  <testcase name="a new update path generated by the sender should be successfully processed" classname="com.github.traderjoe95.mls.protocol.tree.TreeKem" time="0.001"/>
  <testcase name="the update path should be parent-hash valid" classname="com.github.traderjoe95.mls.protocol.tree.TreeKem" time="0.0"/>
  <testcase name="the tree hash after merging the update path should be bc238db0489a2e9b2af9d14cc4a46cb9593569bcebb5f8ccda6f0cdc39fac6da" classname="com.github.traderjoe95.mls.protocol.tree.TreeKem" time="0.0"/>
  <testcase name="the decrypted path secret should be 65ed1479842ad410d32092f6073db017eac8827be3c47d169f742a167755cbeb" classname="com.github.traderjoe95.mls.protocol.tree.TreeKem" time="0.001"/>
  <testcase name="a new update path generated by the sender should be successfully processed" classname="com.github.traderjoe95.mls.protocol.tree.TreeKem" time="0.001"/>
  <testcase name="the update path should be parent-hash valid" classname="com.github.traderjoe95.mls.protocol.tree.TreeKem" time="0.0"/>
  <testcase name="the tree hash after merging the update path should be bc238db0489a2e9b2af9d14cc4a46cb9593569bcebb5f8ccda6f0cdc39fac6da" classname="com.github.traderjoe95.mls.protocol.tree.TreeKem" time="0.0"/>
  <testcase name="the decrypted path secret should be fcc016ff84f1dab6df10a1f1c1847187255d3dcba8b1d859a09d66eb40cd82dc" classname="com.github.traderjoe95.mls.protocol.tree.TreeKem" time="0.0"/>
  <testcase name="a new update path generated by the sender should be successfully processed" classname="com.github.traderjoe95.mls.protocol.tree.TreeKem" time="0.001"/>
  <testcase name="the update path should be parent-hash valid" classname="com.github.traderjoe95.mls.protocol.tree.TreeKem" time="0.0"/>
  <testcase name="the tree hash after merging the update path should be bc238db0489a2e9b2af9d14cc4a46cb9593569bcebb5f8ccda6f0cdc39fac6da" classname="com.github.traderjoe95.mls.protocol.tree.TreeKem" time="0.001"/>
  <testcase name="the decrypted path secret should be fcc016ff84f1dab6df10a1f1c1847187255d3dcba8b1d859a09d66eb40cd82dc" classname="com.github.traderjoe95.mls.protocol.tree.TreeKem" time="0.0"/>
  <testcase name="a new update path generated by the sender should be successfully processed" classname="com.github.traderjoe95.mls.protocol.tree.TreeKem" time="0.001"/>
  <testcase name="the update path should be parent-hash valid" classname="com.github.traderjoe95.mls.protocol.tree.TreeKem" time="0.001"/>
  <testcase name="the tree hash after merging the update path should be bc238db0489a2e9b2af9d14cc4a46cb9593569bcebb5f8ccda6f0cdc39fac6da" classname="com.github.traderjoe95.mls.protocol.tree.TreeKem" time="0.0"/>
  <testcase name="the decrypted path secret should be fcc016ff84f1dab6df10a1f1c1847187255d3dcba8b1d859a09d66eb40cd82dc" classname="com.github.traderjoe95.mls.protocol.tree.TreeKem" time="0.0"/>
  <testcase name="a new update path generated by the sender should be successfully processed" classname="com.github.traderjoe95.mls.protocol.tree.TreeKem" time="0.0"/>
  <testcase name="the update path should be parent-hash valid" classname="com.github.traderjoe95.mls.protocol.tree.TreeKem" time="0.0"/>
  <testcase name="the tree hash after merging the update path should be bc238db0489a2e9b2af9d14cc4a46cb9593569bcebb5f8ccda6f0cdc39fac6da" classname="com.github.traderjoe95.mls.protocol.tree.TreeKem" time="0.0"/>
  <testcase name="the decrypted path secret should be fcc016ff84f1dab6df10a1f1c1847187255d3dcba8b1d859a09d66eb40cd82dc" classname="com.github.traderjoe95.mls.protocol.tree.TreeKem" time="0.0"/>
  <testcase name="a new update path generated by the sender should be successfully processed" classname="com.github.traderjoe95.mls.protocol.tree.TreeKem" time="0.0"/>
  <testcase name="the update path should be parent-hash valid" classname="com.github.traderjoe95.mls.protocol.tree.TreeKem" time="0.0"/>
  <testcase name="the tree hash after merging the update path should be 15b3b253724de5acc74cd257f6e3f5e6ad47664affd9466dd74260c2e979a01e" classname="com.github.traderjoe95.mls.protocol.tree.TreeKem" time="0.0"/>
  <testcase name="the decrypted path secret should be d9d2c5ebe714ab7fafa2d4f6d9b1c8b4e81ca48ac6057e2cbe189042e591e64d" classname="com.github.traderjoe95.mls.protocol.tree.TreeKem" time="0.001"/>
  <testcase name="a new update path generated by the sender should be successfully processed" classname="com.github.traderjoe95.mls.protocol.tree.TreeKem" time="0.001"/>
  <testcase name="the update path should be parent-hash valid" classname="com.github.traderjoe95.mls.protocol.tree.TreeKem" time="0.0"/>
  <testcase name="the tree hash after merging the update path should be 15b3b253724de5acc74cd257f6e3f5e6ad47664affd9466dd74260c2e979a01e" classname="com.github.traderjoe95.mls.protocol.tree.TreeKem" time="0.001"/>
  <testcase name="the decrypted path secret should be d9d2c5ebe714ab7fafa2d4f6d9b1c8b4e81ca48ac6057e2cbe189042e591e64d" classname="com.github.traderjoe95.mls.protocol.tree.TreeKem" time="0.001"/>
  <testcase name="a new update path generated by the sender should be successfully processed" classname="com.github.traderjoe95.mls.protocol.tree.TreeKem" time="0.001"/>
  <testcase name="the update path should be parent-hash valid" classname="com.github.traderjoe95.mls.protocol.tree.TreeKem" time="0.0"/>
  <testcase name="the tree hash after merging the update path should be 15b3b253724de5acc74cd257f6e3f5e6ad47664affd9466dd74260c2e979a01e" classname="com.github.traderjoe95.mls.protocol.tree.TreeKem" time="0.001"/>
  <testcase name="the decrypted path secret should be 47043ea1e2961b2a5dd3aaa9f4f01bbc4a52ce153a88c31de1d105466f788ffc" classname="com.github.traderjoe95.mls.protocol.tree.TreeKem" time="0.0"/>
  <testcase name="a new update path generated by the sender should be successfully processed" classname="com.github.traderjoe95.mls.protocol.tree.TreeKem" time="0.0"/>
  <testcase name="the update path should be parent-hash valid" classname="com.github.traderjoe95.mls.protocol.tree.TreeKem" time="0.001"/>
  <testcase name="the tree hash after merging the update path should be 15b3b253724de5acc74cd257f6e3f5e6ad47664affd9466dd74260c2e979a01e" classname="com.github.traderjoe95.mls.protocol.tree.TreeKem" time="0.0"/>
  <testcase name="the decrypted path secret should be e91a12d86125a8d5acc0872133f1e289256c749698427abdcaeedf0139273688" classname="com.github.traderjoe95.mls.protocol.tree.TreeKem" time="0.0"/>
  <testcase name="a new update path generated by the sender should be successfully processed" classname="com.github.traderjoe95.mls.protocol.tree.TreeKem" time="0.0"/>
  <testcase name="the update path should be parent-hash valid" classname="com.github.traderjoe95.mls.protocol.tree.TreeKem" time="0.0"/>
  <testcase name="the tree hash after merging the update path should be 15b3b253724de5acc74cd257f6e3f5e6ad47664affd9466dd74260c2e979a01e" classname="com.github.traderjoe95.mls.protocol.tree.TreeKem" time="0.0"/>
  <testcase name="the decrypted path secret should be e91a12d86125a8d5acc0872133f1e289256c749698427abdcaeedf0139273688" classname="com.github.traderjoe95.mls.protocol.tree.TreeKem" time="0.0"/>
  <testcase name="a new update path generated by the sender should be successfully processed" classname="com.github.traderjoe95.mls.protocol.tree.TreeKem" time="0.001"/>
  <testcase name="the update path should be parent-hash valid" classname="com.github.traderjoe95.mls.protocol.tree.TreeKem" time="0.0"/>
  <testcase name="the tree hash after merging the update path should be 15b3b253724de5acc74cd257f6e3f5e6ad47664affd9466dd74260c2e979a01e" classname="com.github.traderjoe95.mls.protocol.tree.TreeKem" time="0.0"/>
  <testcase name="the decrypted path secret should be e91a12d86125a8d5acc0872133f1e289256c749698427abdcaeedf0139273688" classname="com.github.traderjoe95.mls.protocol.tree.TreeKem" time="0.001"/>
  <testcase name="a new update path generated by the sender should be successfully processed" classname="com.github.traderjoe95.mls.protocol.tree.TreeKem" time="0.001"/>
  <testcase name="the update path should be parent-hash valid" classname="com.github.traderjoe95.mls.protocol.tree.TreeKem" time="0.0"/>
  <testcase name="the tree hash after merging the update path should be 15b3b253724de5acc74cd257f6e3f5e6ad47664affd9466dd74260c2e979a01e" classname="com.github.traderjoe95.mls.protocol.tree.TreeKem" time="0.0"/>
  <testcase name="the decrypted path secret should be e91a12d86125a8d5acc0872133f1e289256c749698427abdcaeedf0139273688" classname="com.github.traderjoe95.mls.protocol.tree.TreeKem" time="0.0"/>
  <testcase name="a new update path generated by the sender should be successfully processed" classname="com.github.traderjoe95.mls.protocol.tree.TreeKem" time="0.0"/>
  <testcase name="the update path should be parent-hash valid" classname="com.github.traderjoe95.mls.protocol.tree.TreeKem" time="0.001"/>
  <testcase name="the tree hash after merging the update path should be 3e27840fe632397f3a4473a2cccecb2082531faaebcb82db737bb8a37bc28db5" classname="com.github.traderjoe95.mls.protocol.tree.TreeKem" time="0.0"/>
  <testcase name="the decrypted path secret should be dee0e649e0c5e19c60d6b4561423f165974f36e9d60c692e1c1a600904ee7dd2" classname="com.github.traderjoe95.mls.protocol.tree.TreeKem" time="0.001"/>
  <testcase name="a new update path generated by the sender should be successfully processed" classname="com.github.traderjoe95.mls.protocol.tree.TreeKem" time="0.001"/>
  <testcase name="the update path should be parent-hash valid" classname="com.github.traderjoe95.mls.protocol.tree.TreeKem" time="0.0"/>
  <testcase name="the tree hash after merging the update path should be 3e27840fe632397f3a4473a2cccecb2082531faaebcb82db737bb8a37bc28db5" classname="com.github.traderjoe95.mls.protocol.tree.TreeKem" time="0.001"/>
  <testcase name="the decrypted path secret should be dee0e649e0c5e19c60d6b4561423f165974f36e9d60c692e1c1a600904ee7dd2" classname="com.github.traderjoe95.mls.protocol.tree.TreeKem" time="0.001"/>
  <testcase name="a new update path generated by the sender should be successfully processed" classname="com.github.traderjoe95.mls.protocol.tree.TreeKem" time="0.001"/>
  <testcase name="the update path should be parent-hash valid" classname="com.github.traderjoe95.mls.protocol.tree.TreeKem" time="0.001"/>
  <testcase name="the tree hash after merging the update path should be 3e27840fe632397f3a4473a2cccecb2082531faaebcb82db737bb8a37bc28db5" classname="com.github.traderjoe95.mls.protocol.tree.TreeKem" time="0.0"/>
  <testcase name="the decrypted path secret should be dee0e649e0c5e19c60d6b4561423f165974f36e9d60c692e1c1a600904ee7dd2" classname="com.github.traderjoe95.mls.protocol.tree.TreeKem" time="0.001"/>
  <testcase name="a new update path generated by the sender should be successfully processed" classname="com.github.traderjoe95.mls.protocol.tree.TreeKem" time="0.001"/>
  <testcase name="the update path should be parent-hash valid" classname="com.github.traderjoe95.mls.protocol.tree.TreeKem" time="0.0"/>
  <testcase name="the tree hash after merging the update path should be 3e27840fe632397f3a4473a2cccecb2082531faaebcb82db737bb8a37bc28db5" classname="com.github.traderjoe95.mls.protocol.tree.TreeKem" time="0.0"/>
  <testcase name="the decrypted path secret should be dee0e649e0c5e19c60d6b4561423f165974f36e9d60c692e1c1a600904ee7dd2" classname="com.github.traderjoe95.mls.protocol.tree.TreeKem" time="0.001"/>
  <testcase name="a new update path generated by the sender should be successfully processed" classname="com.github.traderjoe95.mls.protocol.tree.TreeKem" time="0.001"/>
  <testcase name="the update path should be parent-hash valid" classname="com.github.traderjoe95.mls.protocol.tree.TreeKem" time="0.0"/>
  <testcase name="the tree hash after merging the update path should be 3e27840fe632397f3a4473a2cccecb2082531faaebcb82db737bb8a37bc28db5" classname="com.github.traderjoe95.mls.protocol.tree.TreeKem" time="0.001"/>
  <testcase name="the decrypted path secret should be 72d46a199f58a9227f1cd24468537f238a841a745ca09e7bca0c9c18a58a09e9" classname="com.github.traderjoe95.mls.protocol.tree.TreeKem" time="0.0"/>
  <testcase name="a new update path generated by the sender should be successfully processed" classname="com.github.traderjoe95.mls.protocol.tree.TreeKem" time="0.001"/>
  <testcase name="the update path should be parent-hash valid" classname="com.github.traderjoe95.mls.protocol.tree.TreeKem" time="0.0"/>
  <testcase name="the tree hash after merging the update path should be 3e27840fe632397f3a4473a2cccecb2082531faaebcb82db737bb8a37bc28db5" classname="com.github.traderjoe95.mls.protocol.tree.TreeKem" time="0.001"/>
  <testcase name="the decrypted path secret should be f2c5622949d4e6ca8f917ef1b0d4fe106d8592c2f629822908146332907e5682" classname="com.github.traderjoe95.mls.protocol.tree.TreeKem" time="0.001"/>
  <testcase name="a new update path generated by the sender should be successfully processed" classname="com.github.traderjoe95.mls.protocol.tree.TreeKem" time="0.001"/>
  <testcase name="the update path should be parent-hash valid" classname="com.github.traderjoe95.mls.protocol.tree.TreeKem" time="0.0"/>
  <testcase name="the tree hash after merging the update path should be 3e27840fe632397f3a4473a2cccecb2082531faaebcb82db737bb8a37bc28db5" classname="com.github.traderjoe95.mls.protocol.tree.TreeKem" time="0.0"/>
  <testcase name="the decrypted path secret should be f2c5622949d4e6ca8f917ef1b0d4fe106d8592c2f629822908146332907e5682" classname="com.github.traderjoe95.mls.protocol.tree.TreeKem" time="0.001"/>
  <testcase name="a new update path generated by the sender should be successfully processed" classname="com.github.traderjoe95.mls.protocol.tree.TreeKem" time="0.001"/>
  <testcase name="the update path should be parent-hash valid" classname="com.github.traderjoe95.mls.protocol.tree.TreeKem" time="0.0"/>
  <testcase name="the tree hash after merging the update path should be 92c9f818299a779e65f6f888df9498faad3a93dd97d2d8c527b9cc52528f34b1" classname="com.github.traderjoe95.mls.protocol.tree.TreeKem" time="0.001"/>
  <testcase name="the decrypted path secret should be 76e43a0e5d68f13141d25eaa05da893b4b60ec1fcf2a6d0a73b7a6a28b5c71ee" classname="com.github.traderjoe95.mls.protocol.tree.TreeKem" time="0.001"/>
  <testcase name="a new update path generated by the sender should be successfully processed" classname="com.github.traderjoe95.mls.protocol.tree.TreeKem" time="0.001"/>
  <testcase name="the update path should be parent-hash valid" classname="com.github.traderjoe95.mls.protocol.tree.TreeKem" time="0.001"/>
  <testcase name="the tree hash after merging the update path should be 92c9f818299a779e65f6f888df9498faad3a93dd97d2d8c527b9cc52528f34b1" classname="com.github.traderjoe95.mls.protocol.tree.TreeKem" time="0.0"/>
  <testcase name="the decrypted path secret should be 76e43a0e5d68f13141d25eaa05da893b4b60ec1fcf2a6d0a73b7a6a28b5c71ee" classname="com.github.traderjoe95.mls.protocol.tree.TreeKem" time="0.0"/>
  <testcase name="a new update path generated by the sender should be successfully processed" classname="com.github.traderjoe95.mls.protocol.tree.TreeKem" time="0.001"/>
  <testcase name="the update path should be parent-hash valid" classname="com.github.traderjoe95.mls.protocol.tree.TreeKem" time="0.0"/>
  <testcase name="the tree hash after merging the update path should be 92c9f818299a779e65f6f888df9498faad3a93dd97d2d8c527b9cc52528f34b1" classname="com.github.traderjoe95.mls.protocol.tree.TreeKem" time="0.0"/>
  <testcase name="the decrypted path secret should be 76e43a0e5d68f13141d25eaa05da893b4b60ec1fcf2a6d0a73b7a6a28b5c71ee" classname="com.github.traderjoe95.mls.protocol.tree.TreeKem" time="0.0"/>
  <testcase name="a new update path generated by the sender should be successfully processed" classname="com.github.traderjoe95.mls.protocol.tree.TreeKem" time="0.0"/>
  <testcase name="the update path should be parent-hash valid" classname="com.github.traderjoe95.mls.protocol.tree.TreeKem" time="0.0"/>
  <testcase name="the tree hash after merging the update path should be 92c9f818299a779e65f6f888df9498faad3a93dd97d2d8c527b9cc52528f34b1" classname="com.github.traderjoe95.mls.protocol.tree.TreeKem" time="0.0"/>
  <testcase name="the decrypted path secret should be 76e43a0e5d68f13141d25eaa05da893b4b60ec1fcf2a6d0a73b7a6a28b5c71ee" classname="com.github.traderjoe95.mls.protocol.tree.TreeKem" time="0.001"/>
  <testcase name="a new update path generated by the sender should be successfully processed" classname="com.github.traderjoe95.mls.protocol.tree.TreeKem" time="0.001"/>
  <testcase name="the update path should be parent-hash valid" classname="com.github.traderjoe95.mls.protocol.tree.TreeKem" time="0.0"/>
  <testcase name="the tree hash after merging the update path should be 92c9f818299a779e65f6f888df9498faad3a93dd97d2d8c527b9cc52528f34b1" classname="com.github.traderjoe95.mls.protocol.tree.TreeKem" time="0.0"/>
  <testcase name="the decrypted path secret should be 3c78597856241bd7ee600cdbf8a7b4b5962c5ea3e095eaa07b4dc0351f08483d" classname="com.github.traderjoe95.mls.protocol.tree.TreeKem" time="0.001"/>
  <testcase name="a new update path generated by the sender should be successfully processed" classname="com.github.traderjoe95.mls.protocol.tree.TreeKem" time="0.001"/>
  <testcase name="the update path should be parent-hash valid" classname="com.github.traderjoe95.mls.protocol.tree.TreeKem" time="0.0"/>
  <testcase name="the tree hash after merging the update path should be 92c9f818299a779e65f6f888df9498faad3a93dd97d2d8c527b9cc52528f34b1" classname="com.github.traderjoe95.mls.protocol.tree.TreeKem" time="0.0"/>
  <testcase name="the decrypted path secret should be ebc06cf63c3d0bc4759702d3be52e9ad6cf6942f2c8e9e138653602a9f20cfcd" classname="com.github.traderjoe95.mls.protocol.tree.TreeKem" time="0.0"/>
  <testcase name="a new update path generated by the sender should be successfully processed" classname="com.github.traderjoe95.mls.protocol.tree.TreeKem" time="0.001"/>
  <testcase name="the update path should be parent-hash valid" classname="com.github.traderjoe95.mls.protocol.tree.TreeKem" time="0.0"/>
  <testcase name="the tree hash after merging the update path should be 92c9f818299a779e65f6f888df9498faad3a93dd97d2d8c527b9cc52528f34b1" classname="com.github.traderjoe95.mls.protocol.tree.TreeKem" time="0.0"/>
  <testcase name="the decrypted path secret should be ebc06cf63c3d0bc4759702d3be52e9ad6cf6942f2c8e9e138653602a9f20cfcd" classname="com.github.traderjoe95.mls.protocol.tree.TreeKem" time="0.0"/>
  <testcase name="a new update path generated by the sender should be successfully processed" classname="com.github.traderjoe95.mls.protocol.tree.TreeKem" time="0.0"/>
  <testcase name="the update path should be parent-hash valid" classname="com.github.traderjoe95.mls.protocol.tree.TreeKem" time="0.001"/>
  <testcase name="the tree hash after merging the update path should be 48b2a73fba80943249133dc06d9a8bdc7c51885b4cf87b4bde69e8ba1251bf5b" classname="com.github.traderjoe95.mls.protocol.tree.TreeKem" time="0.0"/>
  <testcase name="the decrypted path secret should be 690368d443d3e783030498d5f57cd99755287c03631ba5fe326c4c3bfd0c313a" classname="com.github.traderjoe95.mls.protocol.tree.TreeKem" time="0.001"/>
  <testcase name="a new update path generated by the sender should be successfully processed" classname="com.github.traderjoe95.mls.protocol.tree.TreeKem" time="0.001"/>
  <testcase name="the update path should be parent-hash valid" classname="com.github.traderjoe95.mls.protocol.tree.TreeKem" time="0.0"/>
  <testcase name="the tree hash after merging the update path should be 48b2a73fba80943249133dc06d9a8bdc7c51885b4cf87b4bde69e8ba1251bf5b" classname="com.github.traderjoe95.mls.protocol.tree.TreeKem" time="0.001"/>
  <testcase name="the decrypted path secret should be 690368d443d3e783030498d5f57cd99755287c03631ba5fe326c4c3bfd0c313a" classname="com.github.traderjoe95.mls.protocol.tree.TreeKem" time="0.001"/>
  <testcase name="a new update path generated by the sender should be successfully processed" classname="com.github.traderjoe95.mls.protocol.tree.TreeKem" time="0.001"/>
  <testcase name="the update path should be parent-hash valid" classname="com.github.traderjoe95.mls.protocol.tree.TreeKem" time="0.001"/>
  <testcase name="the tree hash after merging the update path should be 48b2a73fba80943249133dc06d9a8bdc7c51885b4cf87b4bde69e8ba1251bf5b" classname="com.github.traderjoe95.mls.protocol.tree.TreeKem" time="0.0"/>
  <testcase name="the decrypted path secret should be 690368d443d3e783030498d5f57cd99755287c03631ba5fe326c4c3bfd0c313a" classname="com.github.traderjoe95.mls.protocol.tree.TreeKem" time="0.0"/>
  <testcase name="a new update path generated by the sender should be successfully processed" classname="com.github.traderjoe95.mls.protocol.tree.TreeKem" time="0.001"/>
  <testcase name="the update path should be parent-hash valid" classname="com.github.traderjoe95.mls.protocol.tree.TreeKem" time="0.0"/>
  <testcase name="the tree hash after merging the update path should be 48b2a73fba80943249133dc06d9a8bdc7c51885b4cf87b4bde69e8ba1251bf5b" classname="com.github.traderjoe95.mls.protocol.tree.TreeKem" time="0.0"/>
  <testcase name="the decrypted path secret should be 690368d443d3e783030498d5f57cd99755287c03631ba5fe326c4c3bfd0c313a" classname="com.github.traderjoe95.mls.protocol.tree.TreeKem" time="0.0"/>
  <testcase name="a new update path generated by the sender should be successfully processed" classname="com.github.traderjoe95.mls.protocol.tree.TreeKem" time="0.0"/>
  <testcase name="the update path should be parent-hash valid" classname="com.github.traderjoe95.mls.protocol.tree.TreeKem" time="0.0"/>
  <testcase name="the tree hash after merging the update path should be 48b2a73fba80943249133dc06d9a8bdc7c51885b4cf87b4bde69e8ba1251bf5b" classname="com.github.traderjoe95.mls.protocol.tree.TreeKem" time="0.0"/>
  <testcase name="the decrypted path secret should be 2c52936b1c12a651516fc39fd0061af759f4e1e9cd61276f5053e4c05275ceb0" classname="com.github.traderjoe95.mls.protocol.tree.TreeKem" time="0.0"/>
  <testcase name="a new update path generated by the sender should be successfully processed" classname="com.github.traderjoe95.mls.protocol.tree.TreeKem" time="0.0"/>
  <testcase name="the update path should be parent-hash valid" classname="com.github.traderjoe95.mls.protocol.tree.TreeKem" time="0.001"/>
  <testcase name="the tree hash after merging the update path should be 48b2a73fba80943249133dc06d9a8bdc7c51885b4cf87b4bde69e8ba1251bf5b" classname="com.github.traderjoe95.mls.protocol.tree.TreeKem" time="0.0"/>
  <testcase name="the decrypted path secret should be 2c52936b1c12a651516fc39fd0061af759f4e1e9cd61276f5053e4c05275ceb0" classname="com.github.traderjoe95.mls.protocol.tree.TreeKem" time="0.0"/>
  <testcase name="a new update path generated by the sender should be successfully processed" classname="com.github.traderjoe95.mls.protocol.tree.TreeKem" time="0.0"/>
  <testcase name="the update path should be parent-hash valid" classname="com.github.traderjoe95.mls.protocol.tree.TreeKem" time="0.0"/>
  <testcase name="the tree hash after merging the update path should be 48b2a73fba80943249133dc06d9a8bdc7c51885b4cf87b4bde69e8ba1251bf5b" classname="com.github.traderjoe95.mls.protocol.tree.TreeKem" time="0.0"/>
  <testcase name="the decrypted path secret should be 1d5d51d8542718cd60a6cd382e913de1d69647c6d175cc101b3be6b7910a6fc7" classname="com.github.traderjoe95.mls.protocol.tree.TreeKem" time="0.0"/>
  <testcase name="a new update path generated by the sender should be successfully processed" classname="com.github.traderjoe95.mls.protocol.tree.TreeKem" time="0.001"/>
  <testcase name="the update path should be parent-hash valid" classname="com.github.traderjoe95.mls.protocol.tree.TreeKem" time="0.0"/>
  <testcase name="the tree hash after merging the update path should be cfbd20d63cdf039b7c487d03da52350a57572cf3cf903fc78c25a698e3aeb7c8" classname="com.github.traderjoe95.mls.protocol.tree.TreeKem" time="0.001"/>
  <testcase name="the decrypted path secret should be 084cae665824f48afdd622f9bd988313b76f0cabdc8a1ae736c6cc4e594b9353" classname="com.github.traderjoe95.mls.protocol.tree.TreeKem" time="0.001"/>
  <testcase name="a new update path generated by the sender should be successfully processed" classname="com.github.traderjoe95.mls.protocol.tree.TreeKem" time="0.001"/>
  <testcase name="the update path should be parent-hash valid" classname="com.github.traderjoe95.mls.protocol.tree.TreeKem" time="0.0"/>
  <testcase name="the tree hash after merging the update path should be cfbd20d63cdf039b7c487d03da52350a57572cf3cf903fc78c25a698e3aeb7c8" classname="com.github.traderjoe95.mls.protocol.tree.TreeKem" time="0.001"/>
  <testcase name="the decrypted path secret should be 084cae665824f48afdd622f9bd988313b76f0cabdc8a1ae736c6cc4e594b9353" classname="com.github.traderjoe95.mls.protocol.tree.TreeKem" time="0.001"/>
  <testcase name="a new update path generated by the sender should be successfully processed" classname="com.github.traderjoe95.mls.protocol.tree.TreeKem" time="0.001"/>
  <testcase name="the update path should be parent-hash valid" classname="com.github.traderjoe95.mls.protocol.tree.TreeKem" time="0.0"/>
  <testcase name="the tree hash after merging the update path should be cfbd20d63cdf039b7c487d03da52350a57572cf3cf903fc78c25a698e3aeb7c8" classname="com.github.traderjoe95.mls.protocol.tree.TreeKem" time="0.0"/>
  <testcase name="the decrypted path secret should be 084cae665824f48afdd622f9bd988313b76f0cabdc8a1ae736c6cc4e594b9353" classname="com.github.traderjoe95.mls.protocol.tree.TreeKem" time="0.001"/>
  <testcase name="a new update path generated by the sender should be successfully processed" classname="com.github.traderjoe95.mls.protocol.tree.TreeKem" time="0.001"/>
  <testcase name="the update path should be parent-hash valid" classname="com.github.traderjoe95.mls.protocol.tree.TreeKem" time="0.0"/>
  <testcase name="the tree hash after merging the update path should be cfbd20d63cdf039b7c487d03da52350a57572cf3cf903fc78c25a698e3aeb7c8" classname="com.github.traderjoe95.mls.protocol.tree.TreeKem" time="0.0"/>
  <testcase name="the decrypted path secret should be 084cae665824f48afdd622f9bd988313b76f0cabdc8a1ae736c6cc4e594b9353" classname="com.github.traderjoe95.mls.protocol.tree.TreeKem" time="0.0"/>
  <testcase name="a new update path generated by the sender should be successfully processed" classname="com.github.traderjoe95.mls.protocol.tree.TreeKem" time="0.001"/>
  <testcase name="the update path should be parent-hash valid" classname="com.github.traderjoe95.mls.protocol.tree.TreeKem" time="0.0"/>
  <testcase name="the tree hash after merging the update path should be cfbd20d63cdf039b7c487d03da52350a57572cf3cf903fc78c25a698e3aeb7c8" classname="com.github.traderjoe95.mls.protocol.tree.TreeKem" time="0.0"/>
  <testcase name="the decrypted path secret should be b67f12c3754075424192bf3982ba6afab14f22d0597a4e852ff2de44790dc3a0" classname="com.github.traderjoe95.mls.protocol.tree.TreeKem" time="0.001"/>
  <testcase name="a new update path generated by the sender should be successfully processed" classname="com.github.traderjoe95.mls.protocol.tree.TreeKem" time="0.001"/>
  <testcase name="the update path should be parent-hash valid" classname="com.github.traderjoe95.mls.protocol.tree.TreeKem" time="0.001"/>
  <testcase name="the tree hash after merging the update path should be cfbd20d63cdf039b7c487d03da52350a57572cf3cf903fc78c25a698e3aeb7c8" classname="com.github.traderjoe95.mls.protocol.tree.TreeKem" time="0.0"/>
  <testcase name="the decrypted path secret should be b67f12c3754075424192bf3982ba6afab14f22d0597a4e852ff2de44790dc3a0" classname="com.github.traderjoe95.mls.protocol.tree.TreeKem" time="0.0"/>
  <testcase name="a new update path generated by the sender should be successfully processed" classname="com.github.traderjoe95.mls.protocol.tree.TreeKem" time="0.001"/>
  <testcase name="the update path should be parent-hash valid" classname="com.github.traderjoe95.mls.protocol.tree.TreeKem" time="0.0"/>
  <testcase name="the tree hash after merging the update path should be cfbd20d63cdf039b7c487d03da52350a57572cf3cf903fc78c25a698e3aeb7c8" classname="com.github.traderjoe95.mls.protocol.tree.TreeKem" time="0.001"/>
  <testcase name="the decrypted path secret should be ff7da38ea9ba78ecb650a0779e8e9efbe41842596c7d5a98ded1878bd2091235" classname="com.github.traderjoe95.mls.protocol.tree.TreeKem" time="0.001"/>
  <testcase name="a new update path generated by the sender should be successfully processed" classname="com.github.traderjoe95.mls.protocol.tree.TreeKem" time="0.001"/>
  <testcase name="non-blank leaf 0 should be consistent with the public state" classname="com.github.traderjoe95.mls.protocol.tree.TreeKem" time="0.0"/>
  <testcase name="non-blank leaf 1 should be consistent with the public state" classname="com.github.traderjoe95.mls.protocol.tree.TreeKem" time="0.001"/>
  <testcase name="non-blank leaf 2 should be consistent with the public state" classname="com.github.traderjoe95.mls.protocol.tree.TreeKem" time="0.001"/>
  <testcase name="non-blank leaf 3 should be consistent with the public state" classname="com.github.traderjoe95.mls.protocol.tree.TreeKem" time="0.001"/>
  <testcase name="non-blank leaf 4 should be consistent with the public state" classname="com.github.traderjoe95.mls.protocol.tree.TreeKem" time="0.0"/>
  <testcase name="non-blank leaf 5 should be consistent with the public state" classname="com.github.traderjoe95.mls.protocol.tree.TreeKem" time="0.0"/>
  <testcase name="non-blank leaf 6 should be consistent with the public state" classname="com.github.traderjoe95.mls.protocol.tree.TreeKem" time="0.001"/>
  <testcase name="the update path should be parent-hash valid" classname="com.github.traderjoe95.mls.protocol.tree.TreeKem" time="0.0"/>
  <testcase name="the tree hash after merging the update path should be 76fc5c0efb1be4e4bb48923fedd2877e3de00cf43e0a65e5ed8a2dbbbd092119" classname="com.github.traderjoe95.mls.protocol.tree.TreeKem" time="0.0"/>
  <testcase name="the decrypted path secret should be e8608097b9da1863d6a6b540542af95b96ab95bcd9a9c04763313b61c2c99d44" classname="com.github.traderjoe95.mls.protocol.tree.TreeKem" time="0.0"/>
  <testcase name="a new update path generated by the sender should be successfully processed" classname="com.github.traderjoe95.mls.protocol.tree.TreeKem" time="0.0"/>
  <testcase name="the update path should be parent-hash valid" classname="com.github.traderjoe95.mls.protocol.tree.TreeKem" time="0.0"/>
  <testcase name="the tree hash after merging the update path should be 76fc5c0efb1be4e4bb48923fedd2877e3de00cf43e0a65e5ed8a2dbbbd092119" classname="com.github.traderjoe95.mls.protocol.tree.TreeKem" time="0.0"/>
  <testcase name="the decrypted path secret should be 5ccc25c82569cc9731283abbdb9265187c17503e6f9c4ba2484a9e210e83f5a3" classname="com.github.traderjoe95.mls.protocol.tree.TreeKem" time="0.0"/>
  <testcase name="a new update path generated by the sender should be successfully processed" classname="com.github.traderjoe95.mls.protocol.tree.TreeKem" time="0.0"/>
  <testcase name="the update path should be parent-hash valid" classname="com.github.traderjoe95.mls.protocol.tree.TreeKem" time="0.0"/>
  <testcase name="the tree hash after merging the update path should be 76fc5c0efb1be4e4bb48923fedd2877e3de00cf43e0a65e5ed8a2dbbbd092119" classname="com.github.traderjoe95.mls.protocol.tree.TreeKem" time="0.0"/>
  <testcase name="the decrypted path secret should be 5ccc25c82569cc9731283abbdb9265187c17503e6f9c4ba2484a9e210e83f5a3" classname="com.github.traderjoe95.mls.protocol.tree.TreeKem" time="0.0"/>
  <testcase name="a new update path generated by the sender should be successfully processed" classname="com.github.traderjoe95.mls.protocol.tree.TreeKem" time="0.0"/>
  <testcase name="the update path should be parent-hash valid" classname="com.github.traderjoe95.mls.protocol.tree.TreeKem" time="0.0"/>
  <testcase name="the tree hash after merging the update path should be 76fc5c0efb1be4e4bb48923fedd2877e3de00cf43e0a65e5ed8a2dbbbd092119" classname="com.github.traderjoe95.mls.protocol.tree.TreeKem" time="0.0"/>
  <testcase name="the decrypted path secret should be 504766baf72d5ca7c9418c872a0e93387d717bb13f319e4953867cc50b57d676" classname="com.github.traderjoe95.mls.protocol.tree.TreeKem" time="0.0"/>
  <testcase name="a new update path generated by the sender should be successfully processed" classname="com.github.traderjoe95.mls.protocol.tree.TreeKem" time="0.001"/>
  <testcase name="the update path should be parent-hash valid" classname="com.github.traderjoe95.mls.protocol.tree.TreeKem" time="0.0"/>
  <testcase name="the tree hash after merging the update path should be 76fc5c0efb1be4e4bb48923fedd2877e3de00cf43e0a65e5ed8a2dbbbd092119" classname="com.github.traderjoe95.mls.protocol.tree.TreeKem" time="0.0"/>
  <testcase name="the decrypted path secret should be 504766baf72d5ca7c9418c872a0e93387d717bb13f319e4953867cc50b57d676" classname="com.github.traderjoe95.mls.protocol.tree.TreeKem" time="0.001"/>
  <testcase name="a new update path generated by the sender should be successfully processed" classname="com.github.traderjoe95.mls.protocol.tree.TreeKem" time="0.001"/>
  <testcase name="the update path should be parent-hash valid" classname="com.github.traderjoe95.mls.protocol.tree.TreeKem" time="0.0"/>
  <testcase name="the tree hash after merging the update path should be 76fc5c0efb1be4e4bb48923fedd2877e3de00cf43e0a65e5ed8a2dbbbd092119" classname="com.github.traderjoe95.mls.protocol.tree.TreeKem" time="0.001"/>
  <testcase name="the decrypted path secret should be 504766baf72d5ca7c9418c872a0e93387d717bb13f319e4953867cc50b57d676" classname="com.github.traderjoe95.mls.protocol.tree.TreeKem" time="0.001"/>
  <testcase name="a new update path generated by the sender should be successfully processed" classname="com.github.traderjoe95.mls.protocol.tree.TreeKem" time="0.001"/>
  <testcase name="the update path should be parent-hash valid" classname="com.github.traderjoe95.mls.protocol.tree.TreeKem" time="0.0"/>
  <testcase name="the tree hash after merging the update path should be 6c934693d3dfbe2cfeb6d78dd1e7338a06a3bbba6427128501a01897cf4592e5" classname="com.github.traderjoe95.mls.protocol.tree.TreeKem" time="0.001"/>
  <testcase name="the decrypted path secret should be 482f034750eac133955a4b06f9907e221c4f7dcde23cd44839d939e74845d5b6" classname="com.github.traderjoe95.mls.protocol.tree.TreeKem" time="0.001"/>
  <testcase name="a new update path generated by the sender should be successfully processed" classname="com.github.traderjoe95.mls.protocol.tree.TreeKem" time="0.001"/>
  <testcase name="the update path should be parent-hash valid" classname="com.github.traderjoe95.mls.protocol.tree.TreeKem" time="0.0"/>
  <testcase name="the tree hash after merging the update path should be 6c934693d3dfbe2cfeb6d78dd1e7338a06a3bbba6427128501a01897cf4592e5" classname="com.github.traderjoe95.mls.protocol.tree.TreeKem" time="0.001"/>
  <testcase name="the decrypted path secret should be 4179fbbca043d7139726430d976a623eac87a9d18bfee7227f2c4d54c16d041e" classname="com.github.traderjoe95.mls.protocol.tree.TreeKem" time="0.0"/>
  <testcase name="a new update path generated by the sender should be successfully processed" classname="com.github.traderjoe95.mls.protocol.tree.TreeKem" time="0.0"/>
  <testcase name="the update path should be parent-hash valid" classname="com.github.traderjoe95.mls.protocol.tree.TreeKem" time="0.0"/>
  <testcase name="the tree hash after merging the update path should be 6c934693d3dfbe2cfeb6d78dd1e7338a06a3bbba6427128501a01897cf4592e5" classname="com.github.traderjoe95.mls.protocol.tree.TreeKem" time="0.0"/>
  <testcase name="the decrypted path secret should be 4179fbbca043d7139726430d976a623eac87a9d18bfee7227f2c4d54c16d041e" classname="com.github.traderjoe95.mls.protocol.tree.TreeKem" time="0.0"/>
  <testcase name="a new update path generated by the sender should be successfully processed" classname="com.github.traderjoe95.mls.protocol.tree.TreeKem" time="0.001"/>
  <testcase name="the update path should be parent-hash valid" classname="com.github.traderjoe95.mls.protocol.tree.TreeKem" time="0.0"/>
  <testcase name="the tree hash after merging the update path should be 6c934693d3dfbe2cfeb6d78dd1e7338a06a3bbba6427128501a01897cf4592e5" classname="com.github.traderjoe95.mls.protocol.tree.TreeKem" time="0.001"/>
  <testcase name="the decrypted path secret should be 0a8222278bb97717570dcbe645ca76266a1a6fbab32e2cd4420431e8611eed12" classname="com.github.traderjoe95.mls.protocol.tree.TreeKem" time="0.001"/>
  <testcase name="a new update path generated by the sender should be successfully processed" classname="com.github.traderjoe95.mls.protocol.tree.TreeKem" time="0.001"/>
  <testcase name="the update path should be parent-hash valid" classname="com.github.traderjoe95.mls.protocol.tree.TreeKem" time="0.0"/>
  <testcase name="the tree hash after merging the update path should be 6c934693d3dfbe2cfeb6d78dd1e7338a06a3bbba6427128501a01897cf4592e5" classname="com.github.traderjoe95.mls.protocol.tree.TreeKem" time="0.001"/>
  <testcase name="the decrypted path secret should be 0a8222278bb97717570dcbe645ca76266a1a6fbab32e2cd4420431e8611eed12" classname="com.github.traderjoe95.mls.protocol.tree.TreeKem" time="0.0"/>
  <testcase name="a new update path generated by the sender should be successfully processed" classname="com.github.traderjoe95.mls.protocol.tree.TreeKem" time="0.0"/>
  <testcase name="the update path should be parent-hash valid" classname="com.github.traderjoe95.mls.protocol.tree.TreeKem" time="0.0"/>
  <testcase name="the tree hash after merging the update path should be 6c934693d3dfbe2cfeb6d78dd1e7338a06a3bbba6427128501a01897cf4592e5" classname="com.github.traderjoe95.mls.protocol.tree.TreeKem" time="0.0"/>
  <testcase name="the decrypted path secret should be 0a8222278bb97717570dcbe645ca76266a1a6fbab32e2cd4420431e8611eed12" classname="com.github.traderjoe95.mls.protocol.tree.TreeKem" time="0.001"/>
  <testcase name="a new update path generated by the sender should be successfully processed" classname="com.github.traderjoe95.mls.protocol.tree.TreeKem" time="0.0"/>
  <testcase name="the update path should be parent-hash valid" classname="com.github.traderjoe95.mls.protocol.tree.TreeKem" time="0.0"/>
  <testcase name="the tree hash after merging the update path should be 21dc81311d58358664dd709dc96e63a072107e540ce7d2e6bbfffe317112fe14" classname="com.github.traderjoe95.mls.protocol.tree.TreeKem" time="0.001"/>
  <testcase name="the decrypted path secret should be 31b55d9f7db7c7e5b7f1c91517029fb661d7379735b8aab5d942b8bb86af38d8" classname="com.github.traderjoe95.mls.protocol.tree.TreeKem" time="0.001"/>
  <testcase name="a new update path generated by the sender should be successfully processed" classname="com.github.traderjoe95.mls.protocol.tree.TreeKem" time="0.001"/>
  <testcase name="the update path should be parent-hash valid" classname="com.github.traderjoe95.mls.protocol.tree.TreeKem" time="0.0"/>
  <testcase name="the tree hash after merging the update path should be 21dc81311d58358664dd709dc96e63a072107e540ce7d2e6bbfffe317112fe14" classname="com.github.traderjoe95.mls.protocol.tree.TreeKem" time="0.001"/>
  <testcase name="the decrypted path secret should be 31b55d9f7db7c7e5b7f1c91517029fb661d7379735b8aab5d942b8bb86af38d8" classname="com.github.traderjoe95.mls.protocol.tree.TreeKem" time="0.0"/>
  <testcase name="a new update path generated by the sender should be successfully processed" classname="com.github.traderjoe95.mls.protocol.tree.TreeKem" time="0.001"/>
  <testcase name="the update path should be parent-hash valid" classname="com.github.traderjoe95.mls.protocol.tree.TreeKem" time="0.001"/>
  <testcase name="the tree hash after merging the update path should be 21dc81311d58358664dd709dc96e63a072107e540ce7d2e6bbfffe317112fe14" classname="com.github.traderjoe95.mls.protocol.tree.TreeKem" time="0.0"/>
  <testcase name="the decrypted path secret should be 65ed1479842ad410d32092f6073db017eac8827be3c47d169f742a167755cbeb" classname="com.github.traderjoe95.mls.protocol.tree.TreeKem" time="0.0"/>
  <testcase name="a new update path generated by the sender should be successfully processed" classname="com.github.traderjoe95.mls.protocol.tree.TreeKem" time="0.0"/>
  <testcase name="the update path should be parent-hash valid" classname="com.github.traderjoe95.mls.protocol.tree.TreeKem" time="0.0"/>
  <testcase name="the tree hash after merging the update path should be 21dc81311d58358664dd709dc96e63a072107e540ce7d2e6bbfffe317112fe14" classname="com.github.traderjoe95.mls.protocol.tree.TreeKem" time="0.0"/>
  <testcase name="the decrypted path secret should be fcc016ff84f1dab6df10a1f1c1847187255d3dcba8b1d859a09d66eb40cd82dc" classname="com.github.traderjoe95.mls.protocol.tree.TreeKem" time="0.0"/>
  <testcase name="a new update path generated by the sender should be successfully processed" classname="com.github.traderjoe95.mls.protocol.tree.TreeKem" time="0.0"/>
  <testcase name="the update path should be parent-hash valid" classname="com.github.traderjoe95.mls.protocol.tree.TreeKem" time="0.0"/>
  <testcase name="the tree hash after merging the update path should be 21dc81311d58358664dd709dc96e63a072107e540ce7d2e6bbfffe317112fe14" classname="com.github.traderjoe95.mls.protocol.tree.TreeKem" time="0.0"/>
  <testcase name="the decrypted path secret should be fcc016ff84f1dab6df10a1f1c1847187255d3dcba8b1d859a09d66eb40cd82dc" classname="com.github.traderjoe95.mls.protocol.tree.TreeKem" time="0.0"/>
  <testcase name="a new update path generated by the sender should be successfully processed" classname="com.github.traderjoe95.mls.protocol.tree.TreeKem" time="0.001"/>
  <testcase name="the update path should be parent-hash valid" classname="com.github.traderjoe95.mls.protocol.tree.TreeKem" time="0.001"/>
  <testcase name="the tree hash after merging the update path should be 21dc81311d58358664dd709dc96e63a072107e540ce7d2e6bbfffe317112fe14" classname="com.github.traderjoe95.mls.protocol.tree.TreeKem" time="0.001"/>
  <testcase name="the decrypted path secret should be fcc016ff84f1dab6df10a1f1c1847187255d3dcba8b1d859a09d66eb40cd82dc" classname="com.github.traderjoe95.mls.protocol.tree.TreeKem" time="0.0"/>
  <testcase name="a new update path generated by the sender should be successfully processed" classname="com.github.traderjoe95.mls.protocol.tree.TreeKem" time="0.0"/>
  <testcase name="the update path should be parent-hash valid" classname="com.github.traderjoe95.mls.protocol.tree.TreeKem" time="0.0"/>
  <testcase name="the tree hash after merging the update path should be baa87fd4d00a7be624e0e17f9f335e2eddc4cd7bf4cdf41f31a275f65cd6a6e2" classname="com.github.traderjoe95.mls.protocol.tree.TreeKem" time="0.0"/>
  <testcase name="the decrypted path secret should be d9d2c5ebe714ab7fafa2d4f6d9b1c8b4e81ca48ac6057e2cbe189042e591e64d" classname="com.github.traderjoe95.mls.protocol.tree.TreeKem" time="0.001"/>
  <testcase name="a new update path generated by the sender should be successfully processed" classname="com.github.traderjoe95.mls.protocol.tree.TreeKem" time="0.001"/>
  <testcase name="the update path should be parent-hash valid" classname="com.github.traderjoe95.mls.protocol.tree.TreeKem" time="0.0"/>
  <testcase name="the tree hash after merging the update path should be baa87fd4d00a7be624e0e17f9f335e2eddc4cd7bf4cdf41f31a275f65cd6a6e2" classname="com.github.traderjoe95.mls.protocol.tree.TreeKem" time="0.001"/>
  <testcase name="the decrypted path secret should be d9d2c5ebe714ab7fafa2d4f6d9b1c8b4e81ca48ac6057e2cbe189042e591e64d" classname="com.github.traderjoe95.mls.protocol.tree.TreeKem" time="0.001"/>
  <testcase name="a new update path generated by the sender should be successfully processed" classname="com.github.traderjoe95.mls.protocol.tree.TreeKem" time="0.001"/>
  <testcase name="the update path should be parent-hash valid" classname="com.github.traderjoe95.mls.protocol.tree.TreeKem" time="0.0"/>
  <testcase name="the tree hash after merging the update path should be baa87fd4d00a7be624e0e17f9f335e2eddc4cd7bf4cdf41f31a275f65cd6a6e2" classname="com.github.traderjoe95.mls.protocol.tree.TreeKem" time="0.001"/>
  <testcase name="the decrypted path secret should be 47043ea1e2961b2a5dd3aaa9f4f01bbc4a52ce153a88c31de1d105466f788ffc" classname="com.github.traderjoe95.mls.protocol.tree.TreeKem" time="0.001"/>
  <testcase name="a new update path generated by the sender should be successfully processed" classname="com.github.traderjoe95.mls.protocol.tree.TreeKem" time="0.001"/>
  <testcase name="the update path should be parent-hash valid" classname="com.github.traderjoe95.mls.protocol.tree.TreeKem" time="0.0"/>
  <testcase name="the tree hash after merging the update path should be baa87fd4d00a7be624e0e17f9f335e2eddc4cd7bf4cdf41f31a275f65cd6a6e2" classname="com.github.traderjoe95.mls.protocol.tree.TreeKem" time="0.001"/>
  <testcase name="the decrypted path secret should be e91a12d86125a8d5acc0872133f1e289256c749698427abdcaeedf0139273688" classname="com.github.traderjoe95.mls.protocol.tree.TreeKem" time="0.001"/>
  <testcase name="a new update path generated by the sender should be successfully processed" classname="com.github.traderjoe95.mls.protocol.tree.TreeKem" time="0.001"/>
  <testcase name="the update path should be parent-hash valid" classname="com.github.traderjoe95.mls.protocol.tree.TreeKem" time="0.0"/>
  <testcase name="the tree hash after merging the update path should be baa87fd4d00a7be624e0e17f9f335e2eddc4cd7bf4cdf41f31a275f65cd6a6e2" classname="com.github.traderjoe95.mls.protocol.tree.TreeKem" time="0.0"/>
  <testcase name="the decrypted path secret should be e91a12d86125a8d5acc0872133f1e289256c749698427abdcaeedf0139273688" classname="com.github.traderjoe95.mls.protocol.tree.TreeKem" time="0.0"/>
  <testcase name="a new update path generated by the sender should be successfully processed" classname="com.github.traderjoe95.mls.protocol.tree.TreeKem" time="0.0"/>
  <testcase name="the update path should be parent-hash valid" classname="com.github.traderjoe95.mls.protocol.tree.TreeKem" time="0.001"/>
  <testcase name="the tree hash after merging the update path should be baa87fd4d00a7be624e0e17f9f335e2eddc4cd7bf4cdf41f31a275f65cd6a6e2" classname="com.github.traderjoe95.mls.protocol.tree.TreeKem" time="0.0"/>
  <testcase name="the decrypted path secret should be e91a12d86125a8d5acc0872133f1e289256c749698427abdcaeedf0139273688" classname="com.github.traderjoe95.mls.protocol.tree.TreeKem" time="0.0"/>
  <testcase name="a new update path generated by the sender should be successfully processed" classname="com.github.traderjoe95.mls.protocol.tree.TreeKem" time="0.001"/>
  <testcase name="the update path should be parent-hash valid" classname="com.github.traderjoe95.mls.protocol.tree.TreeKem" time="0.001"/>
  <testcase name="the tree hash after merging the update path should be 5b07489ff55b9969061e361f78ee0289143a7262c68dad4a2a8e25f2b4fc29e6" classname="com.github.traderjoe95.mls.protocol.tree.TreeKem" time="0.0"/>
  <testcase name="the decrypted path secret should be dee0e649e0c5e19c60d6b4561423f165974f36e9d60c692e1c1a600904ee7dd2" classname="com.github.traderjoe95.mls.protocol.tree.TreeKem" time="0.0"/>
  <testcase name="a new update path generated by the sender should be successfully processed" classname="com.github.traderjoe95.mls.protocol.tree.TreeKem" time="0.0"/>
  <testcase name="the update path should be parent-hash valid" classname="com.github.traderjoe95.mls.protocol.tree.TreeKem" time="0.0"/>
  <testcase name="the tree hash after merging the update path should be 5b07489ff55b9969061e361f78ee0289143a7262c68dad4a2a8e25f2b4fc29e6" classname="com.github.traderjoe95.mls.protocol.tree.TreeKem" time="0.0"/>
  <testcase name="the decrypted path secret should be dee0e649e0c5e19c60d6b4561423f165974f36e9d60c692e1c1a600904ee7dd2" classname="com.github.traderjoe95.mls.protocol.tree.TreeKem" time="0.0"/>
  <testcase name="a new update path generated by the sender should be successfully processed" classname="com.github.traderjoe95.mls.protocol.tree.TreeKem" time="0.001"/>
  <testcase name="the update path should be parent-hash valid" classname="com.github.traderjoe95.mls.protocol.tree.TreeKem" time="0.001"/>
  <testcase name="the tree hash after merging the update path should be 5b07489ff55b9969061e361f78ee0289143a7262c68dad4a2a8e25f2b4fc29e6" classname="com.github.traderjoe95.mls.protocol.tree.TreeKem" time="0.001"/>
  <testcase name="the decrypted path secret should be dee0e649e0c5e19c60d6b4561423f165974f36e9d60c692e1c1a600904ee7dd2" classname="com.github.traderjoe95.mls.protocol.tree.TreeKem" time="0.0"/>
  <testcase name="a new update path generated by the sender should be successfully processed" classname="com.github.traderjoe95.mls.protocol.tree.TreeKem" time="0.001"/>
  <testcase name="the update path should be parent-hash valid" classname="com.github.traderjoe95.mls.protocol.tree.TreeKem" time="0.0"/>
  <testcase name="the tree hash after merging the update path should be 5b07489ff55b9969061e361f78ee0289143a7262c68dad4a2a8e25f2b4fc29e6" classname="com.github.traderjoe95.mls.protocol.tree.TreeKem" time="0.0"/>
  <testcase name="the decrypted path secret should be dee0e649e0c5e19c60d6b4561423f165974f36e9d60c692e1c1a600904ee7dd2" classname="com.github.traderjoe95.mls.protocol.tree.TreeKem" time="0.0"/>
  <testcase name="a new update path generated by the sender should be successfully processed" classname="com.github.traderjoe95.mls.protocol.tree.TreeKem" time="0.001"/>
  <testcase name="the update path should be parent-hash valid" classname="com.github.traderjoe95.mls.protocol.tree.TreeKem" time="0.001"/>
  <testcase name="the tree hash after merging the update path should be 5b07489ff55b9969061e361f78ee0289143a7262c68dad4a2a8e25f2b4fc29e6" classname="com.github.traderjoe95.mls.protocol.tree.TreeKem" time="0.001"/>
  <testcase name="the decrypted path secret should be 72d46a199f58a9227f1cd24468537f238a841a745ca09e7bca0c9c18a58a09e9" classname="com.github.traderjoe95.mls.protocol.tree.TreeKem" time="0.001"/>
  <testcase name="a new update path generated by the sender should be successfully processed" classname="com.github.traderjoe95.mls.protocol.tree.TreeKem" time="0.0"/>
  <testcase name="the update path should be parent-hash valid" classname="com.github.traderjoe95.mls.protocol.tree.TreeKem" time="0.001"/>
  <testcase name="the tree hash after merging the update path should be 5b07489ff55b9969061e361f78ee0289143a7262c68dad4a2a8e25f2b4fc29e6" classname="com.github.traderjoe95.mls.protocol.tree.TreeKem" time="0.0"/>
  <testcase name="the decrypted path secret should be f2c5622949d4e6ca8f917ef1b0d4fe106d8592c2f629822908146332907e5682" classname="com.github.traderjoe95.mls.protocol.tree.TreeKem" time="0.0"/>
  <testcase name="a new update path generated by the sender should be successfully processed" classname="com.github.traderjoe95.mls.protocol.tree.TreeKem" time="0.0"/>
  <testcase name="the update path should be parent-hash valid" classname="com.github.traderjoe95.mls.protocol.tree.TreeKem" time="0.001"/>
  <testcase name="the tree hash after merging the update path should be af78069d34e457017f0a8d08aac5ebe7ad1eaf485a21248ce0a7d09f5d80b8f5" classname="com.github.traderjoe95.mls.protocol.tree.TreeKem" time="0.0"/>
  <testcase name="the decrypted path secret should be 76e43a0e5d68f13141d25eaa05da893b4b60ec1fcf2a6d0a73b7a6a28b5c71ee" classname="com.github.traderjoe95.mls.protocol.tree.TreeKem" time="0.0"/>
  <testcase name="a new update path generated by the sender should be successfully processed" classname="com.github.traderjoe95.mls.protocol.tree.TreeKem" time="0.001"/>
  <testcase name="the update path should be parent-hash valid" classname="com.github.traderjoe95.mls.protocol.tree.TreeKem" time="0.0"/>
  <testcase name="the tree hash after merging the update path should be af78069d34e457017f0a8d08aac5ebe7ad1eaf485a21248ce0a7d09f5d80b8f5" classname="com.github.traderjoe95.mls.protocol.tree.TreeKem" time="0.0"/>
  <testcase name="the decrypted path secret should be 76e43a0e5d68f13141d25eaa05da893b4b60ec1fcf2a6d0a73b7a6a28b5c71ee" classname="com.github.traderjoe95.mls.protocol.tree.TreeKem" time="0.001"/>
  <testcase name="a new update path generated by the sender should be successfully processed" classname="com.github.traderjoe95.mls.protocol.tree.TreeKem" time="0.001"/>
  <testcase name="the update path should be parent-hash valid" classname="com.github.traderjoe95.mls.protocol.tree.TreeKem" time="0.0"/>
  <testcase name="the tree hash after merging the update path should be af78069d34e457017f0a8d08aac5ebe7ad1eaf485a21248ce0a7d09f5d80b8f5" classname="com.github.traderjoe95.mls.protocol.tree.TreeKem" time="0.0"/>
  <testcase name="the decrypted path secret should be 76e43a0e5d68f13141d25eaa05da893b4b60ec1fcf2a6d0a73b7a6a28b5c71ee" classname="com.github.traderjoe95.mls.protocol.tree.TreeKem" time="0.0"/>
  <testcase name="a new update path generated by the sender should be successfully processed" classname="com.github.traderjoe95.mls.protocol.tree.TreeKem" time="0.0"/>
  <testcase name="the update path should be parent-hash valid" classname="com.github.traderjoe95.mls.protocol.tree.TreeKem" time="0.001"/>
  <testcase name="the tree hash after merging the update path should be af78069d34e457017f0a8d08aac5ebe7ad1eaf485a21248ce0a7d09f5d80b8f5" classname="com.github.traderjoe95.mls.protocol.tree.TreeKem" time="0.001"/>
  <testcase name="the decrypted path secret should be 76e43a0e5d68f13141d25eaa05da893b4b60ec1fcf2a6d0a73b7a6a28b5c71ee" classname="com.github.traderjoe95.mls.protocol.tree.TreeKem" time="0.001"/>
  <testcase name="a new update path generated by the sender should be successfully processed" classname="com.github.traderjoe95.mls.protocol.tree.TreeKem" time="0.001"/>
  <testcase name="the update path should be parent-hash valid" classname="com.github.traderjoe95.mls.protocol.tree.TreeKem" time="0.0"/>
  <testcase name="the tree hash after merging the update path should be af78069d34e457017f0a8d08aac5ebe7ad1eaf485a21248ce0a7d09f5d80b8f5" classname="com.github.traderjoe95.mls.protocol.tree.TreeKem" time="0.0"/>
  <testcase name="the decrypted path secret should be 3c78597856241bd7ee600cdbf8a7b4b5962c5ea3e095eaa07b4dc0351f08483d" classname="com.github.traderjoe95.mls.protocol.tree.TreeKem" time="0.0"/>
  <testcase name="a new update path generated by the sender should be successfully processed" classname="com.github.traderjoe95.mls.protocol.tree.TreeKem" time="0.0"/>
  <testcase name="the update path should be parent-hash valid" classname="com.github.traderjoe95.mls.protocol.tree.TreeKem" time="0.001"/>
  <testcase name="the tree hash after merging the update path should be af78069d34e457017f0a8d08aac5ebe7ad1eaf485a21248ce0a7d09f5d80b8f5" classname="com.github.traderjoe95.mls.protocol.tree.TreeKem" time="0.0"/>
  <testcase name="the decrypted path secret should be ebc06cf63c3d0bc4759702d3be52e9ad6cf6942f2c8e9e138653602a9f20cfcd" classname="com.github.traderjoe95.mls.protocol.tree.TreeKem" time="0.0"/>
  <testcase name="a new update path generated by the sender should be successfully processed" classname="com.github.traderjoe95.mls.protocol.tree.TreeKem" time="0.0"/>
  <testcase name="the update path should be parent-hash valid" classname="com.github.traderjoe95.mls.protocol.tree.TreeKem" time="0.0"/>
  <testcase name="the tree hash after merging the update path should be a379b1229e8ab8967b9e010cce2ba530470297c6630dd858fba7c0ff27cc945c" classname="com.github.traderjoe95.mls.protocol.tree.TreeKem" time="0.0"/>
  <testcase name="the decrypted path secret should be 2c52936b1c12a651516fc39fd0061af759f4e1e9cd61276f5053e4c05275ceb0" classname="com.github.traderjoe95.mls.protocol.tree.TreeKem" time="0.0"/>
  <testcase name="a new update path generated by the sender should be successfully processed" classname="com.github.traderjoe95.mls.protocol.tree.TreeKem" time="0.0"/>
  <testcase name="the update path should be parent-hash valid" classname="com.github.traderjoe95.mls.protocol.tree.TreeKem" time="0.0"/>
  <testcase name="the tree hash after merging the update path should be a379b1229e8ab8967b9e010cce2ba530470297c6630dd858fba7c0ff27cc945c" classname="com.github.traderjoe95.mls.protocol.tree.TreeKem" time="0.0"/>
  <testcase name="the decrypted path secret should be 2c52936b1c12a651516fc39fd0061af759f4e1e9cd61276f5053e4c05275ceb0" classname="com.github.traderjoe95.mls.protocol.tree.TreeKem" time="0.0"/>
  <testcase name="a new update path generated by the sender should be successfully processed" classname="com.github.traderjoe95.mls.protocol.tree.TreeKem" time="0.0"/>
  <testcase name="the update path should be parent-hash valid" classname="com.github.traderjoe95.mls.protocol.tree.TreeKem" time="0.0"/>
  <testcase name="the tree hash after merging the update path should be a379b1229e8ab8967b9e010cce2ba530470297c6630dd858fba7c0ff27cc945c" classname="com.github.traderjoe95.mls.protocol.tree.TreeKem" time="0.0"/>
  <testcase name="the decrypted path secret should be 2c52936b1c12a651516fc39fd0061af759f4e1e9cd61276f5053e4c05275ceb0" classname="com.github.traderjoe95.mls.protocol.tree.TreeKem" time="0.0"/>
  <testcase name="a new update path generated by the sender should be successfully processed" classname="com.github.traderjoe95.mls.protocol.tree.TreeKem" time="0.0"/>
  <testcase name="the update path should be parent-hash valid" classname="com.github.traderjoe95.mls.protocol.tree.TreeKem" time="0.0"/>
  <testcase name="the tree hash after merging the update path should be a379b1229e8ab8967b9e010cce2ba530470297c6630dd858fba7c0ff27cc945c" classname="com.github.traderjoe95.mls.protocol.tree.TreeKem" time="0.0"/>
  <testcase name="the decrypted path secret should be 2c52936b1c12a651516fc39fd0061af759f4e1e9cd61276f5053e4c05275ceb0" classname="com.github.traderjoe95.mls.protocol.tree.TreeKem" time="0.0"/>
  <testcase name="a new update path generated by the sender should be successfully processed" classname="com.github.traderjoe95.mls.protocol.tree.TreeKem" time="0.0"/>
  <testcase name="the update path should be parent-hash valid" classname="com.github.traderjoe95.mls.protocol.tree.TreeKem" time="0.0"/>
  <testcase name="the tree hash after merging the update path should be a379b1229e8ab8967b9e010cce2ba530470297c6630dd858fba7c0ff27cc945c" classname="com.github.traderjoe95.mls.protocol.tree.TreeKem" time="0.0"/>
  <testcase name="the decrypted path secret should be 1d5d51d8542718cd60a6cd382e913de1d69647c6d175cc101b3be6b7910a6fc7" classname="com.github.traderjoe95.mls.protocol.tree.TreeKem" time="0.0"/>
  <testcase name="a new update path generated by the sender should be successfully processed" classname="com.github.traderjoe95.mls.protocol.tree.TreeKem" time="0.001"/>
  <testcase name="the update path should be parent-hash valid" classname="com.github.traderjoe95.mls.protocol.tree.TreeKem" time="0.0"/>
  <testcase name="the tree hash after merging the update path should be a379b1229e8ab8967b9e010cce2ba530470297c6630dd858fba7c0ff27cc945c" classname="com.github.traderjoe95.mls.protocol.tree.TreeKem" time="0.0"/>
  <testcase name="the decrypted path secret should be 1d5d51d8542718cd60a6cd382e913de1d69647c6d175cc101b3be6b7910a6fc7" classname="com.github.traderjoe95.mls.protocol.tree.TreeKem" time="0.0"/>
  <testcase name="a new update path generated by the sender should be successfully processed" classname="com.github.traderjoe95.mls.protocol.tree.TreeKem" time="0.0"/>
  <testcase name="non-blank leaf 0 should be consistent with the public state" classname="com.github.traderjoe95.mls.protocol.tree.TreeKem" time="0.001"/>
  <testcase name="non-blank leaf 1 should be consistent with the public state" classname="com.github.traderjoe95.mls.protocol.tree.TreeKem" time="0.0"/>
  <testcase name="the update path should be parent-hash valid" classname="com.github.traderjoe95.mls.protocol.tree.TreeKem" time="0.0"/>
  <testcase name="the tree hash after merging the update path should be 6fbedff43c26b13ab4fc9ac6fd70835b49c08e461ee6012038974be9c9db2001" classname="com.github.traderjoe95.mls.protocol.tree.TreeKem" time="0.001"/>
  <testcase name="the decrypted path secret should be 9818cabcd689ee0918d8fb7950c625e1d5f85f8bb4eea497c9bd8b3ba2ef05f5" classname="com.github.traderjoe95.mls.protocol.tree.TreeKem" time="0.0"/>
  <testcase name="a new update path generated by the sender should be successfully processed" classname="com.github.traderjoe95.mls.protocol.tree.TreeKem" time="0.0"/>
  <testcase name="the update path should be parent-hash valid" classname="com.github.traderjoe95.mls.protocol.tree.TreeKem" time="0.0"/>
  <testcase name="the tree hash after merging the update path should be de4ac13085ef106e8ccaaa7e35e9a5ba766439c763f11343fb36ed526f26197e" classname="com.github.traderjoe95.mls.protocol.tree.TreeKem" time="0.0"/>
  <testcase name="the decrypted path secret should be 9f31a07f25eb72b9c4873480ba827c766d78e2fce1a2f7f9344df1dc3949fe4b" classname="com.github.traderjoe95.mls.protocol.tree.TreeKem" time="0.0"/>
  <testcase name="a new update path generated by the sender should be successfully processed" classname="com.github.traderjoe95.mls.protocol.tree.TreeKem" time="0.001"/>
  <testcase name="non-blank leaf 0 should be consistent with the public state" classname="com.github.traderjoe95.mls.protocol.tree.TreeKem" time="0.001"/>
  <testcase name="non-blank leaf 1 should be consistent with the public state" classname="com.github.traderjoe95.mls.protocol.tree.TreeKem" time="0.0"/>
  <testcase name="non-blank leaf 2 should be consistent with the public state" classname="com.github.traderjoe95.mls.protocol.tree.TreeKem" time="0.0"/>
  <testcase name="the update path should be parent-hash valid" classname="com.github.traderjoe95.mls.protocol.tree.TreeKem" time="0.001"/>
  <testcase name="the tree hash after merging the update path should be 5431d82be68ac8ebc1f441874963887aacd21622599e5b52909f5b9c672aa888" classname="com.github.traderjoe95.mls.protocol.tree.TreeKem" time="0.0"/>
  <testcase name="the decrypted path secret should be 798d24f58e823b25a64d6f75434aefc26aa469832e8ef35ac4e106b46833f8e0" classname="com.github.traderjoe95.mls.protocol.tree.TreeKem" time="0.0"/>
  <testcase name="a new update path generated by the sender should be successfully processed" classname="com.github.traderjoe95.mls.protocol.tree.TreeKem" time="0.0"/>
  <testcase name="the update path should be parent-hash valid" classname="com.github.traderjoe95.mls.protocol.tree.TreeKem" time="0.0"/>
  <testcase name="the tree hash after merging the update path should be 5431d82be68ac8ebc1f441874963887aacd21622599e5b52909f5b9c672aa888" classname="com.github.traderjoe95.mls.protocol.tree.TreeKem" time="0.001"/>
  <testcase name="the decrypted path secret should be 2d3a1198cc97a02a80c8add98894fd9d050e0efae0d350826d45694c724a0bbf" classname="com.github.traderjoe95.mls.protocol.tree.TreeKem" time="0.0"/>
  <testcase name="a new update path generated by the sender should be successfully processed" classname="com.github.traderjoe95.mls.protocol.tree.TreeKem" time="0.001"/>
  <testcase name="the update path should be parent-hash valid" classname="com.github.traderjoe95.mls.protocol.tree.TreeKem" time="0.001"/>
  <testcase name="the tree hash after merging the update path should be db1612425a035c8be6567ca18a639ef09664092cdac09b03eb95aa5267c61292" classname="com.github.traderjoe95.mls.protocol.tree.TreeKem" time="0.0"/>
  <testcase name="the decrypted path secret should be c6bc31e783922c83ffa2cc852657f51c151f39545cce29919d73def02a34aa7b" classname="com.github.traderjoe95.mls.protocol.tree.TreeKem" time="0.0"/>
  <testcase name="a new update path generated by the sender should be successfully processed" classname="com.github.traderjoe95.mls.protocol.tree.TreeKem" time="0.001"/>
  <testcase name="the update path should be parent-hash valid" classname="com.github.traderjoe95.mls.protocol.tree.TreeKem" time="0.0"/>
  <testcase name="the tree hash after merging the update path should be db1612425a035c8be6567ca18a639ef09664092cdac09b03eb95aa5267c61292" classname="com.github.traderjoe95.mls.protocol.tree.TreeKem" time="0.0"/>
  <testcase name="the decrypted path secret should be 044fad3ae600a05c503cfe30f82f45117cff11f0dfd8e9fed737fa79fbd0e125" classname="com.github.traderjoe95.mls.protocol.tree.TreeKem" time="0.001"/>
  <testcase name="a new update path generated by the sender should be successfully processed" classname="com.github.traderjoe95.mls.protocol.tree.TreeKem" time="0.001"/>
  <testcase name="the update path should be parent-hash valid" classname="com.github.traderjoe95.mls.protocol.tree.TreeKem" time="0.0"/>
  <testcase name="the tree hash after merging the update path should be bceaf1487abe328556244fc2786a25df6f892f3beb341398a6eeac52127130b7" classname="com.github.traderjoe95.mls.protocol.tree.TreeKem" time="0.0"/>
  <testcase name="the decrypted path secret should be d78cd4ed7f62654ddd5651babff0ac6807ca8aa6c28fcc54ec6bb9ffed1a01ea" classname="com.github.traderjoe95.mls.protocol.tree.TreeKem" time="0.0"/>
  <testcase name="a new update path generated by the sender should be successfully processed" classname="com.github.traderjoe95.mls.protocol.tree.TreeKem" time="0.0"/>
  <testcase name="the update path should be parent-hash valid" classname="com.github.traderjoe95.mls.protocol.tree.TreeKem" time="0.0"/>
  <testcase name="the tree hash after merging the update path should be bceaf1487abe328556244fc2786a25df6f892f3beb341398a6eeac52127130b7" classname="com.github.traderjoe95.mls.protocol.tree.TreeKem" time="0.001"/>
  <testcase name="the decrypted path secret should be d78cd4ed7f62654ddd5651babff0ac6807ca8aa6c28fcc54ec6bb9ffed1a01ea" classname="com.github.traderjoe95.mls.protocol.tree.TreeKem" time="0.0"/>
  <testcase name="a new update path generated by the sender should be successfully processed" classname="com.github.traderjoe95.mls.protocol.tree.TreeKem" time="0.0"/>
  <testcase name="non-blank leaf 0 should be consistent with the public state" classname="com.github.traderjoe95.mls.protocol.tree.TreeKem" time="0.001"/>
  <testcase name="non-blank leaf 1 should be consistent with the public state" classname="com.github.traderjoe95.mls.protocol.tree.TreeKem" time="0.0"/>
  <testcase name="non-blank leaf 2 should be consistent with the public state" classname="com.github.traderjoe95.mls.protocol.tree.TreeKem" time="0.0"/>
  <testcase name="non-blank leaf 3 should be consistent with the public state" classname="com.github.traderjoe95.mls.protocol.tree.TreeKem" time="0.001"/>
  <testcase name="the update path should be parent-hash valid" classname="com.github.traderjoe95.mls.protocol.tree.TreeKem" time="0.0"/>
  <testcase name="the tree hash after merging the update path should be edcef1338b8078349f959d147a69a442d3262fc0b618c8c6bcba1127a02467ac" classname="com.github.traderjoe95.mls.protocol.tree.TreeKem" time="0.0"/>
  <testcase name="the decrypted path secret should be dfde6920606d78e60901c93188bc1675e1b26976a3e0bf3905c94235a489d027" classname="com.github.traderjoe95.mls.protocol.tree.TreeKem" time="0.001"/>
  <testcase name="a new update path generated by the sender should be successfully processed" classname="com.github.traderjoe95.mls.protocol.tree.TreeKem" time="0.0"/>
  <testcase name="the update path should be parent-hash valid" classname="com.github.traderjoe95.mls.protocol.tree.TreeKem" time="0.0"/>
  <testcase name="the tree hash after merging the update path should be edcef1338b8078349f959d147a69a442d3262fc0b618c8c6bcba1127a02467ac" classname="com.github.traderjoe95.mls.protocol.tree.TreeKem" time="0.0"/>
  <testcase name="the decrypted path secret should be a7fc6b58e8130e7943b7d8c284738d081ff2c993fdcffd3e7cbdab4b72434ce1" classname="com.github.traderjoe95.mls.protocol.tree.TreeKem" time="0.0"/>
  <testcase name="a new update path generated by the sender should be successfully processed" classname="com.github.traderjoe95.mls.protocol.tree.TreeKem" time="0.001"/>
  <testcase name="the update path should be parent-hash valid" classname="com.github.traderjoe95.mls.protocol.tree.TreeKem" time="0.0"/>
  <testcase name="the tree hash after merging the update path should be edcef1338b8078349f959d147a69a442d3262fc0b618c8c6bcba1127a02467ac" classname="com.github.traderjoe95.mls.protocol.tree.TreeKem" time="0.0"/>
  <testcase name="the decrypted path secret should be a7fc6b58e8130e7943b7d8c284738d081ff2c993fdcffd3e7cbdab4b72434ce1" classname="com.github.traderjoe95.mls.protocol.tree.TreeKem" time="0.0"/>
  <testcase name="a new update path generated by the sender should be successfully processed" classname="com.github.traderjoe95.mls.protocol.tree.TreeKem" time="0.0"/>
  <testcase name="the update path should be parent-hash valid" classname="com.github.traderjoe95.mls.protocol.tree.TreeKem" time="0.001"/>
  <testcase name="the tree hash after merging the update path should be a86f51be8bd3d576a58eaeef2a810dcce87ca11234bc9af1c6fac4a626d57c6e" classname="com.github.traderjoe95.mls.protocol.tree.TreeKem" time="0.0"/>
  <testcase name="the decrypted path secret should be 7aa08a2c386f1204e32579318006a302bf46929ed20bbbd6dbf4b4b974753b2d" classname="com.github.traderjoe95.mls.protocol.tree.TreeKem" time="0.0"/>
  <testcase name="a new update path generated by the sender should be successfully processed" classname="com.github.traderjoe95.mls.protocol.tree.TreeKem" time="0.001"/>
  <testcase name="the update path should be parent-hash valid" classname="com.github.traderjoe95.mls.protocol.tree.TreeKem" time="0.0"/>
  <testcase name="the tree hash after merging the update path should be a86f51be8bd3d576a58eaeef2a810dcce87ca11234bc9af1c6fac4a626d57c6e" classname="com.github.traderjoe95.mls.protocol.tree.TreeKem" time="0.0"/>
  <testcase name="the decrypted path secret should be 539fe73c72116398c86cbea996ae54e47cec94fa2daae9b028e9906be84ac6d7" classname="com.github.traderjoe95.mls.protocol.tree.TreeKem" time="0.0"/>
  <testcase name="a new update path generated by the sender should be successfully processed" classname="com.github.traderjoe95.mls.protocol.tree.TreeKem" time="0.0"/>
  <testcase name="the update path should be parent-hash valid" classname="com.github.traderjoe95.mls.protocol.tree.TreeKem" time="0.0"/>
  <testcase name="the tree hash after merging the update path should be a86f51be8bd3d576a58eaeef2a810dcce87ca11234bc9af1c6fac4a626d57c6e" classname="com.github.traderjoe95.mls.protocol.tree.TreeKem" time="0.001"/>
  <testcase name="the decrypted path secret should be 539fe73c72116398c86cbea996ae54e47cec94fa2daae9b028e9906be84ac6d7" classname="com.github.traderjoe95.mls.protocol.tree.TreeKem" time="0.0"/>
  <testcase name="a new update path generated by the sender should be successfully processed" classname="com.github.traderjoe95.mls.protocol.tree.TreeKem" time="0.0"/>
  <testcase name="the update path should be parent-hash valid" classname="com.github.traderjoe95.mls.protocol.tree.TreeKem" time="0.0"/>
  <testcase name="the tree hash after merging the update path should be f8a23eb8c211ab9046f85eeba9663dccac1bdaaaca1949a38af75f914346607a" classname="com.github.traderjoe95.mls.protocol.tree.TreeKem" time="0.0"/>
  <testcase name="the decrypted path secret should be be70b3dac3dd3733b7f1787c09840319088fc3bb79a5c77c1ee547b60bd79e00" classname="com.github.traderjoe95.mls.protocol.tree.TreeKem" time="0.0"/>
  <testcase name="a new update path generated by the sender should be successfully processed" classname="com.github.traderjoe95.mls.protocol.tree.TreeKem" time="0.0"/>
  <testcase name="the update path should be parent-hash valid" classname="com.github.traderjoe95.mls.protocol.tree.TreeKem" time="0.0"/>
  <testcase name="the tree hash after merging the update path should be f8a23eb8c211ab9046f85eeba9663dccac1bdaaaca1949a38af75f914346607a" classname="com.github.traderjoe95.mls.protocol.tree.TreeKem" time="0.0"/>
  <testcase name="the decrypted path secret should be be70b3dac3dd3733b7f1787c09840319088fc3bb79a5c77c1ee547b60bd79e00" classname="com.github.traderjoe95.mls.protocol.tree.TreeKem" time="0.001"/>
  <testcase name="a new update path generated by the sender should be successfully processed" classname="com.github.traderjoe95.mls.protocol.tree.TreeKem" time="0.001"/>
  <testcase name="the update path should be parent-hash valid" classname="com.github.traderjoe95.mls.protocol.tree.TreeKem" time="0.0"/>
  <testcase name="the tree hash after merging the update path should be f8a23eb8c211ab9046f85eeba9663dccac1bdaaaca1949a38af75f914346607a" classname="com.github.traderjoe95.mls.protocol.tree.TreeKem" time="0.0"/>
  <testcase name="the decrypted path secret should be c4a4ed02b6ae78125fe250301ee86412af6891de68e7787494b0222e8e162194" classname="com.github.traderjoe95.mls.protocol.tree.TreeKem" time="0.001"/>
  <testcase name="a new update path generated by the sender should be successfully processed" classname="com.github.traderjoe95.mls.protocol.tree.TreeKem" time="0.0"/>
  <testcase name="the update path should be parent-hash valid" classname="com.github.traderjoe95.mls.protocol.tree.TreeKem" time="0.0"/>
  <testcase name="the tree hash after merging the update path should be bbe55db2462ebedbc8a7f6c30b6d170f41af79aafa0c5367fef271b6ba3e4ba3" classname="com.github.traderjoe95.mls.protocol.tree.TreeKem" time="0.0"/>
  <testcase name="the decrypted path secret should be 5b968fbc5429447aa10b7233ea3da6a59c5a1e0a6d2ba3210ee842d3434d067f" classname="com.github.traderjoe95.mls.protocol.tree.TreeKem" time="0.0"/>
  <testcase name="a new update path generated by the sender should be successfully processed" classname="com.github.traderjoe95.mls.protocol.tree.TreeKem" time="0.001"/>
  <testcase name="the update path should be parent-hash valid" classname="com.github.traderjoe95.mls.protocol.tree.TreeKem" time="0.0"/>
  <testcase name="the tree hash after merging the update path should be bbe55db2462ebedbc8a7f6c30b6d170f41af79aafa0c5367fef271b6ba3e4ba3" classname="com.github.traderjoe95.mls.protocol.tree.TreeKem" time="0.0"/>
  <testcase name="the decrypted path secret should be 5b968fbc5429447aa10b7233ea3da6a59c5a1e0a6d2ba3210ee842d3434d067f" classname="com.github.traderjoe95.mls.protocol.tree.TreeKem" time="0.0"/>
  <testcase name="a new update path generated by the sender should be successfully processed" classname="com.github.traderjoe95.mls.protocol.tree.TreeKem" time="0.0"/>
  <testcase name="the update path should be parent-hash valid" classname="com.github.traderjoe95.mls.protocol.tree.TreeKem" time="0.0"/>
  <testcase name="the tree hash after merging the update path should be bbe55db2462ebedbc8a7f6c30b6d170f41af79aafa0c5367fef271b6ba3e4ba3" classname="com.github.traderjoe95.mls.protocol.tree.TreeKem" time="0.0"/>
  <testcase name="the decrypted path secret should be 3daa34e679fd3fc2f4e9d4638b75f8757196be3a3fe1a6ae28d3e88da46ad4b5" classname="com.github.traderjoe95.mls.protocol.tree.TreeKem" time="0.0"/>
  <testcase name="a new update path generated by the sender should be successfully processed" classname="com.github.traderjoe95.mls.protocol.tree.TreeKem" time="0.001"/>
  <testcase name="non-blank leaf 0 should be consistent with the public state" classname="com.github.traderjoe95.mls.protocol.tree.TreeKem" time="0.0"/>
  <testcase name="non-blank leaf 1 should be consistent with the public state" classname="com.github.traderjoe95.mls.protocol.tree.TreeKem" time="0.0"/>
  <testcase name="non-blank leaf 2 should be consistent with the public state" classname="com.github.traderjoe95.mls.protocol.tree.TreeKem" time="0.0"/>
  <testcase name="non-blank leaf 3 should be consistent with the public state" classname="com.github.traderjoe95.mls.protocol.tree.TreeKem" time="0.001"/>
  <testcase name="non-blank leaf 4 should be consistent with the public state" classname="com.github.traderjoe95.mls.protocol.tree.TreeKem" time="0.0"/>
  <testcase name="the update path should be parent-hash valid" classname="com.github.traderjoe95.mls.protocol.tree.TreeKem" time="0.0"/>
  <testcase name="the tree hash after merging the update path should be 865d5a46ecbf25d8aee4c761386073f080c20ed21b871b2d247e5605179ff24c" classname="com.github.traderjoe95.mls.protocol.tree.TreeKem" time="0.0"/>
  <testcase name="the decrypted path secret should be 71b0f647737060d764e9746841092cf68564fd809f1590c936f16a7ed2f02ada" classname="com.github.traderjoe95.mls.protocol.tree.TreeKem" time="0.001"/>
  <testcase name="a new update path generated by the sender should be successfully processed" classname="com.github.traderjoe95.mls.protocol.tree.TreeKem" time="0.001"/>
  <testcase name="the update path should be parent-hash valid" classname="com.github.traderjoe95.mls.protocol.tree.TreeKem" time="0.0"/>
  <testcase name="the tree hash after merging the update path should be 865d5a46ecbf25d8aee4c761386073f080c20ed21b871b2d247e5605179ff24c" classname="com.github.traderjoe95.mls.protocol.tree.TreeKem" time="0.001"/>
  <testcase name="the decrypted path secret should be ec22f1c7165253ac9278401ac27cbf0b46f53b8014b208d69b2d8ee67451b337" classname="com.github.traderjoe95.mls.protocol.tree.TreeKem" time="0.0"/>
  <testcase name="a new update path generated by the sender should be successfully processed" classname="com.github.traderjoe95.mls.protocol.tree.TreeKem" time="0.0"/>
  <testcase name="the update path should be parent-hash valid" classname="com.github.traderjoe95.mls.protocol.tree.TreeKem" time="0.0"/>
  <testcase name="the tree hash after merging the update path should be 865d5a46ecbf25d8aee4c761386073f080c20ed21b871b2d247e5605179ff24c" classname="com.github.traderjoe95.mls.protocol.tree.TreeKem" time="0.0"/>
  <testcase name="the decrypted path secret should be ec22f1c7165253ac9278401ac27cbf0b46f53b8014b208d69b2d8ee67451b337" classname="com.github.traderjoe95.mls.protocol.tree.TreeKem" time="0.0"/>
  <testcase name="a new update path generated by the sender should be successfully processed" classname="com.github.traderjoe95.mls.protocol.tree.TreeKem" time="0.001"/>
  <testcase name="the update path should be parent-hash valid" classname="com.github.traderjoe95.mls.protocol.tree.TreeKem" time="0.0"/>
  <testcase name="the tree hash after merging the update path should be 865d5a46ecbf25d8aee4c761386073f080c20ed21b871b2d247e5605179ff24c" classname="com.github.traderjoe95.mls.protocol.tree.TreeKem" time="0.0"/>
  <testcase name="the decrypted path secret should be d650827331aa75ee86ee33a1f221357860ab37fb9d21b841644df7e54fe035d9" classname="com.github.traderjoe95.mls.protocol.tree.TreeKem" time="0.001"/>
  <testcase name="a new update path generated by the sender should be successfully processed" classname="com.github.traderjoe95.mls.protocol.tree.TreeKem" time="0.001"/>
  <testcase name="the update path should be parent-hash valid" classname="com.github.traderjoe95.mls.protocol.tree.TreeKem" time="0.0"/>
  <testcase name="the tree hash after merging the update path should be 860534f25dba6a1c51d7455ba64a22c06b4b987e6e6be27e7b3c61d226086194" classname="com.github.traderjoe95.mls.protocol.tree.TreeKem" time="0.001"/>
  <testcase name="the decrypted path secret should be 7b0930534dbb74af02340ff9ce2163d7db52f42985c1be3d72c31c20fe5e5dd1" classname="com.github.traderjoe95.mls.protocol.tree.TreeKem" time="0.001"/>
  <testcase name="a new update path generated by the sender should be successfully processed" classname="com.github.traderjoe95.mls.protocol.tree.TreeKem" time="0.001"/>
  <testcase name="the update path should be parent-hash valid" classname="com.github.traderjoe95.mls.protocol.tree.TreeKem" time="0.001"/>
  <testcase name="the tree hash after merging the update path should be 860534f25dba6a1c51d7455ba64a22c06b4b987e6e6be27e7b3c61d226086194" classname="com.github.traderjoe95.mls.protocol.tree.TreeKem" time="0.001"/>
  <testcase name="the decrypted path secret should be 479871dd59319dcc8e9bacf9df659e7ef453b3ed9b426ad777e285fc1f397a06" classname="com.github.traderjoe95.mls.protocol.tree.TreeKem" time="0.0"/>
  <testcase name="a new update path generated by the sender should be successfully processed" classname="com.github.traderjoe95.mls.protocol.tree.TreeKem" time="0.001"/>
  <testcase name="the update path should be parent-hash valid" classname="com.github.traderjoe95.mls.protocol.tree.TreeKem" time="0.001"/>
  <testcase name="the tree hash after merging the update path should be 860534f25dba6a1c51d7455ba64a22c06b4b987e6e6be27e7b3c61d226086194" classname="com.github.traderjoe95.mls.protocol.tree.TreeKem" time="0.0"/>
  <testcase name="the decrypted path secret should be 479871dd59319dcc8e9bacf9df659e7ef453b3ed9b426ad777e285fc1f397a06" classname="com.github.traderjoe95.mls.protocol.tree.TreeKem" time="0.001"/>
  <testcase name="a new update path generated by the sender should be successfully processed" classname="com.github.traderjoe95.mls.protocol.tree.TreeKem" time="0.001"/>
  <testcase name="the update path should be parent-hash valid" classname="com.github.traderjoe95.mls.protocol.tree.TreeKem" time="0.0"/>
  <testcase name="the tree hash after merging the update path should be 860534f25dba6a1c51d7455ba64a22c06b4b987e6e6be27e7b3c61d226086194" classname="com.github.traderjoe95.mls.protocol.tree.TreeKem" time="0.0"/>
  <testcase name="the decrypted path secret should be 5bbea9eaee5a075eb406695ccbbb1930c06446dc12f10863e6a4fdc69fcadc75" classname="com.github.traderjoe95.mls.protocol.tree.TreeKem" time="0.0"/>
  <testcase name="a new update path generated by the sender should be successfully processed" classname="com.github.traderjoe95.mls.protocol.tree.TreeKem" time="0.0"/>
  <testcase name="the update path should be parent-hash valid" classname="com.github.traderjoe95.mls.protocol.tree.TreeKem" time="0.0"/>
  <testcase name="the tree hash after merging the update path should be b592363b539e3951e5d04273f2c7dbfe3d4bf164a28b2a0318921883cec79ee4" classname="com.github.traderjoe95.mls.protocol.tree.TreeKem" time="0.0"/>
  <testcase name="the decrypted path secret should be 6a9d56f6dbb3679e6af18711ef0815f1159582e29ebcb192401286a42b854584" classname="com.github.traderjoe95.mls.protocol.tree.TreeKem" time="0.001"/>
  <testcase name="a new update path generated by the sender should be successfully processed" classname="com.github.traderjoe95.mls.protocol.tree.TreeKem" time="0.001"/>
  <testcase name="the update path should be parent-hash valid" classname="com.github.traderjoe95.mls.protocol.tree.TreeKem" time="0.0"/>
  <testcase name="the tree hash after merging the update path should be b592363b539e3951e5d04273f2c7dbfe3d4bf164a28b2a0318921883cec79ee4" classname="com.github.traderjoe95.mls.protocol.tree.TreeKem" time="0.001"/>
  <testcase name="the decrypted path secret should be 6a9d56f6dbb3679e6af18711ef0815f1159582e29ebcb192401286a42b854584" classname="com.github.traderjoe95.mls.protocol.tree.TreeKem" time="0.001"/>
  <testcase name="a new update path generated by the sender should be successfully processed" classname="com.github.traderjoe95.mls.protocol.tree.TreeKem" time="0.001"/>
  <testcase name="the update path should be parent-hash valid" classname="com.github.traderjoe95.mls.protocol.tree.TreeKem" time="0.001"/>
  <testcase name="the tree hash after merging the update path should be b592363b539e3951e5d04273f2c7dbfe3d4bf164a28b2a0318921883cec79ee4" classname="com.github.traderjoe95.mls.protocol.tree.TreeKem" time="0.0"/>
  <testcase name="the decrypted path secret should be e42a5b232770fbfc255f1c845c800ae5bd5b2211f9db9d5ff3411184333d1f9a" classname="com.github.traderjoe95.mls.protocol.tree.TreeKem" time="0.0"/>
  <testcase name="a new update path generated by the sender should be successfully processed" classname="com.github.traderjoe95.mls.protocol.tree.TreeKem" time="0.0"/>
  <testcase name="the update path should be parent-hash valid" classname="com.github.traderjoe95.mls.protocol.tree.TreeKem" time="0.0"/>
  <testcase name="the tree hash after merging the update path should be b592363b539e3951e5d04273f2c7dbfe3d4bf164a28b2a0318921883cec79ee4" classname="com.github.traderjoe95.mls.protocol.tree.TreeKem" time="0.0"/>
  <testcase name="the decrypted path secret should be aba19e8b5fb2247cf5d9bc51f7b981a9b40dddf92e1b5c90952335894bf6af33" classname="com.github.traderjoe95.mls.protocol.tree.TreeKem" time="0.0"/>
  <testcase name="a new update path generated by the sender should be successfully processed" classname="com.github.traderjoe95.mls.protocol.tree.TreeKem" time="0.001"/>
  <testcase name="the update path should be parent-hash valid" classname="com.github.traderjoe95.mls.protocol.tree.TreeKem" time="0.0"/>
  <testcase name="the tree hash after merging the update path should be 0ae2dafa9924d4958df3c663893ec544914692228598b2ad805d97c8f2d9f039" classname="com.github.traderjoe95.mls.protocol.tree.TreeKem" time="0.0"/>
  <testcase name="the decrypted path secret should be 3b7f23a80a4d6df6d68b3df180b0aea0aba98b2925da1f7512c73c784deb498a" classname="com.github.traderjoe95.mls.protocol.tree.TreeKem" time="0.0"/>
  <testcase name="a new update path generated by the sender should be successfully processed" classname="com.github.traderjoe95.mls.protocol.tree.TreeKem" time="0.0"/>
  <testcase name="the update path should be parent-hash valid" classname="com.github.traderjoe95.mls.protocol.tree.TreeKem" time="0.0"/>
  <testcase name="the tree hash after merging the update path should be 0ae2dafa9924d4958df3c663893ec544914692228598b2ad805d97c8f2d9f039" classname="com.github.traderjoe95.mls.protocol.tree.TreeKem" time="0.0"/>
  <testcase name="the decrypted path secret should be 3b7f23a80a4d6df6d68b3df180b0aea0aba98b2925da1f7512c73c784deb498a" classname="com.github.traderjoe95.mls.protocol.tree.TreeKem" time="0.0"/>
  <testcase name="a new update path generated by the sender should be successfully processed" classname="com.github.traderjoe95.mls.protocol.tree.TreeKem" time="0.0"/>
  <testcase name="the update path should be parent-hash valid" classname="com.github.traderjoe95.mls.protocol.tree.TreeKem" time="0.0"/>
  <testcase name="the tree hash after merging the update path should be 0ae2dafa9924d4958df3c663893ec544914692228598b2ad805d97c8f2d9f039" classname="com.github.traderjoe95.mls.protocol.tree.TreeKem" time="0.0"/>
  <testcase name="the decrypted path secret should be e782ff1d8597ef4ad80f44df9b1bbe7ee2a282c54c99732f7029a1139083b321" classname="com.github.traderjoe95.mls.protocol.tree.TreeKem" time="0.0"/>
  <testcase name="a new update path generated by the sender should be successfully processed" classname="com.github.traderjoe95.mls.protocol.tree.TreeKem" time="0.001"/>
  <testcase name="the update path should be parent-hash valid" classname="com.github.traderjoe95.mls.protocol.tree.TreeKem" time="0.0"/>
  <testcase name="the tree hash after merging the update path should be 0ae2dafa9924d4958df3c663893ec544914692228598b2ad805d97c8f2d9f039" classname="com.github.traderjoe95.mls.protocol.tree.TreeKem" time="0.0"/>
  <testcase name="the decrypted path secret should be 9cb8198a0bb29640e398da7b9c331a4b56451e7d2518a54f06a31ffc599a1add" classname="com.github.traderjoe95.mls.protocol.tree.TreeKem" time="0.001"/>
  <testcase name="a new update path generated by the sender should be successfully processed" classname="com.github.traderjoe95.mls.protocol.tree.TreeKem" time="0.001"/>
  <testcase name="the update path should be parent-hash valid" classname="com.github.traderjoe95.mls.protocol.tree.TreeKem" time="0.001"/>
  <testcase name="the tree hash after merging the update path should be 84bd78d76871f5c8f83a8b2e9dfd1eeda8cf329a7fc94a66069ab3698844ea45" classname="com.github.traderjoe95.mls.protocol.tree.TreeKem" time="0.0"/>
  <testcase name="the decrypted path secret should be d184e310e93f30550bb3f1948f9c9fdaba05b76eeada78afc98c046f8d41a0fe" classname="com.github.traderjoe95.mls.protocol.tree.TreeKem" time="0.0"/>
  <testcase name="a new update path generated by the sender should be successfully processed" classname="com.github.traderjoe95.mls.protocol.tree.TreeKem" time="0.0"/>
  <testcase name="the update path should be parent-hash valid" classname="com.github.traderjoe95.mls.protocol.tree.TreeKem" time="0.001"/>
  <testcase name="the tree hash after merging the update path should be 84bd78d76871f5c8f83a8b2e9dfd1eeda8cf329a7fc94a66069ab3698844ea45" classname="com.github.traderjoe95.mls.protocol.tree.TreeKem" time="0.0"/>
  <testcase name="the decrypted path secret should be d184e310e93f30550bb3f1948f9c9fdaba05b76eeada78afc98c046f8d41a0fe" classname="com.github.traderjoe95.mls.protocol.tree.TreeKem" time="0.0"/>
  <testcase name="a new update path generated by the sender should be successfully processed" classname="com.github.traderjoe95.mls.protocol.tree.TreeKem" time="0.001"/>
  <testcase name="the update path should be parent-hash valid" classname="com.github.traderjoe95.mls.protocol.tree.TreeKem" time="0.0"/>
  <testcase name="the tree hash after merging the update path should be 84bd78d76871f5c8f83a8b2e9dfd1eeda8cf329a7fc94a66069ab3698844ea45" classname="com.github.traderjoe95.mls.protocol.tree.TreeKem" time="0.0"/>
  <testcase name="the decrypted path secret should be d184e310e93f30550bb3f1948f9c9fdaba05b76eeada78afc98c046f8d41a0fe" classname="com.github.traderjoe95.mls.protocol.tree.TreeKem" time="0.0"/>
  <testcase name="a new update path generated by the sender should be successfully processed" classname="com.github.traderjoe95.mls.protocol.tree.TreeKem" time="0.0"/>
  <testcase name="the update path should be parent-hash valid" classname="com.github.traderjoe95.mls.protocol.tree.TreeKem" time="0.0"/>
  <testcase name="the tree hash after merging the update path should be 84bd78d76871f5c8f83a8b2e9dfd1eeda8cf329a7fc94a66069ab3698844ea45" classname="com.github.traderjoe95.mls.protocol.tree.TreeKem" time="0.0"/>
  <testcase name="the decrypted path secret should be d184e310e93f30550bb3f1948f9c9fdaba05b76eeada78afc98c046f8d41a0fe" classname="com.github.traderjoe95.mls.protocol.tree.TreeKem" time="0.0"/>
  <testcase name="a new update path generated by the sender should be successfully processed" classname="com.github.traderjoe95.mls.protocol.tree.TreeKem" time="0.001"/>
  <testcase name="non-blank leaf 0 should be consistent with the public state" classname="com.github.traderjoe95.mls.protocol.tree.TreeKem" time="0.001"/>
  <testcase name="non-blank leaf 1 should be consistent with the public state" classname="com.github.traderjoe95.mls.protocol.tree.TreeKem" time="0.001"/>
  <testcase name="non-blank leaf 2 should be consistent with the public state" classname="com.github.traderjoe95.mls.protocol.tree.TreeKem" time="0.0"/>
  <testcase name="non-blank leaf 3 should be consistent with the public state" classname="com.github.traderjoe95.mls.protocol.tree.TreeKem" time="0.0"/>
  <testcase name="non-blank leaf 4 should be consistent with the public state" classname="com.github.traderjoe95.mls.protocol.tree.TreeKem" time="0.0"/>
  <testcase name="non-blank leaf 5 should be consistent with the public state" classname="com.github.traderjoe95.mls.protocol.tree.TreeKem" time="0.001"/>
  <testcase name="the update path should be parent-hash valid" classname="com.github.traderjoe95.mls.protocol.tree.TreeKem" time="0.0"/>
  <testcase name="the tree hash after merging the update path should be 39bcf506c4b054e58f448b0681b008db7221422a72d597b6c2fce1539bdbf6c9" classname="com.github.traderjoe95.mls.protocol.tree.TreeKem" time="0.0"/>
  <testcase name="the decrypted path secret should be 67b56a330bd06be4e42192ec98fb1de2291a97ba9557347fb32c26ff33da97f9" classname="com.github.traderjoe95.mls.protocol.tree.TreeKem" time="0.0"/>
  <testcase name="a new update path generated by the sender should be successfully processed" classname="com.github.traderjoe95.mls.protocol.tree.TreeKem" time="0.001"/>
  <testcase name="the update path should be parent-hash valid" classname="com.github.traderjoe95.mls.protocol.tree.TreeKem" time="0.0"/>
  <testcase name="the tree hash after merging the update path should be 39bcf506c4b054e58f448b0681b008db7221422a72d597b6c2fce1539bdbf6c9" classname="com.github.traderjoe95.mls.protocol.tree.TreeKem" time="0.0"/>
  <testcase name="the decrypted path secret should be 26c541c5005a24c34f9df5e11157939ce369d1dd57d092573f6c0977a7d316fe" classname="com.github.traderjoe95.mls.protocol.tree.TreeKem" time="0.0"/>
  <testcase name="a new update path generated by the sender should be successfully processed" classname="com.github.traderjoe95.mls.protocol.tree.TreeKem" time="0.001"/>
  <testcase name="the update path should be parent-hash valid" classname="com.github.traderjoe95.mls.protocol.tree.TreeKem" time="0.001"/>
  <testcase name="the tree hash after merging the update path should be 39bcf506c4b054e58f448b0681b008db7221422a72d597b6c2fce1539bdbf6c9" classname="com.github.traderjoe95.mls.protocol.tree.TreeKem" time="0.001"/>
  <testcase name="the decrypted path secret should be 26c541c5005a24c34f9df5e11157939ce369d1dd57d092573f6c0977a7d316fe" classname="com.github.traderjoe95.mls.protocol.tree.TreeKem" time="0.001"/>
  <testcase name="a new update path generated by the sender should be successfully processed" classname="com.github.traderjoe95.mls.protocol.tree.TreeKem" time="0.001"/>
  <testcase name="the update path should be parent-hash valid" classname="com.github.traderjoe95.mls.protocol.tree.TreeKem" time="0.0"/>
  <testcase name="the tree hash after merging the update path should be 39bcf506c4b054e58f448b0681b008db7221422a72d597b6c2fce1539bdbf6c9" classname="com.github.traderjoe95.mls.protocol.tree.TreeKem" time="0.0"/>
  <testcase name="the decrypted path secret should be 11106cf681adce135b8f935bdd29f0f56a3fe3446b3d27617d1cbee1e618cece" classname="com.github.traderjoe95.mls.protocol.tree.TreeKem" time="0.0"/>
  <testcase name="a new update path generated by the sender should be successfully processed" classname="com.github.traderjoe95.mls.protocol.tree.TreeKem" time="0.001"/>
  <testcase name="the update path should be parent-hash valid" classname="com.github.traderjoe95.mls.protocol.tree.TreeKem" time="0.0"/>
  <testcase name="the tree hash after merging the update path should be 39bcf506c4b054e58f448b0681b008db7221422a72d597b6c2fce1539bdbf6c9" classname="com.github.traderjoe95.mls.protocol.tree.TreeKem" time="0.0"/>
  <testcase name="the decrypted path secret should be 11106cf681adce135b8f935bdd29f0f56a3fe3446b3d27617d1cbee1e618cece" classname="com.github.traderjoe95.mls.protocol.tree.TreeKem" time="0.0"/>
  <testcase name="a new update path generated by the sender should be successfully processed" classname="com.github.traderjoe95.mls.protocol.tree.TreeKem" time="0.0"/>
  <testcase name="the update path should be parent-hash valid" classname="com.github.traderjoe95.mls.protocol.tree.TreeKem" time="0.001"/>
  <testcase name="the tree hash after merging the update path should be ce794fd253bbad1d2b28c3dfec76274af707be25d1c43b825569c52bcb8ba0a3" classname="com.github.traderjoe95.mls.protocol.tree.TreeKem" time="0.0"/>
  <testcase name="the decrypted path secret should be 90e31cede35c69823afa1d3bc1dd56426a6f9c43f3499983755afb01e4276942" classname="com.github.traderjoe95.mls.protocol.tree.TreeKem" time="0.0"/>
  <testcase name="a new update path generated by the sender should be successfully processed" classname="com.github.traderjoe95.mls.protocol.tree.TreeKem" time="0.0"/>
  <testcase name="the update path should be parent-hash valid" classname="com.github.traderjoe95.mls.protocol.tree.TreeKem" time="0.0"/>
  <testcase name="the tree hash after merging the update path should be ce794fd253bbad1d2b28c3dfec76274af707be25d1c43b825569c52bcb8ba0a3" classname="com.github.traderjoe95.mls.protocol.tree.TreeKem" time="0.0"/>
  <testcase name="the decrypted path secret should be 0594a58615447bcd4050095ffa468a0d68effead39cca3213d10b07878283a7c" classname="com.github.traderjoe95.mls.protocol.tree.TreeKem" time="0.0"/>
  <testcase name="a new update path generated by the sender should be successfully processed" classname="com.github.traderjoe95.mls.protocol.tree.TreeKem" time="0.0"/>
  <testcase name="the update path should be parent-hash valid" classname="com.github.traderjoe95.mls.protocol.tree.TreeKem" time="0.0"/>
  <testcase name="the tree hash after merging the update path should be ce794fd253bbad1d2b28c3dfec76274af707be25d1c43b825569c52bcb8ba0a3" classname="com.github.traderjoe95.mls.protocol.tree.TreeKem" time="0.0"/>
  <testcase name="the decrypted path secret should be 0594a58615447bcd4050095ffa468a0d68effead39cca3213d10b07878283a7c" classname="com.github.traderjoe95.mls.protocol.tree.TreeKem" time="0.0"/>
  <testcase name="a new update path generated by the sender should be successfully processed" classname="com.github.traderjoe95.mls.protocol.tree.TreeKem" time="0.001"/>
  <testcase name="the update path should be parent-hash valid" classname="com.github.traderjoe95.mls.protocol.tree.TreeKem" time="0.0"/>
  <testcase name="the tree hash after merging the update path should be ce794fd253bbad1d2b28c3dfec76274af707be25d1c43b825569c52bcb8ba0a3" classname="com.github.traderjoe95.mls.protocol.tree.TreeKem" time="0.001"/>
  <testcase name="the decrypted path secret should be 029b430516e4cc7f677446751db71bae033d85cd832d08543d45a9895544bba5" classname="com.github.traderjoe95.mls.protocol.tree.TreeKem" time="0.001"/>
  <testcase name="a new update path generated by the sender should be successfully processed" classname="com.github.traderjoe95.mls.protocol.tree.TreeKem" time="0.001"/>
  <testcase name="the update path should be parent-hash valid" classname="com.github.traderjoe95.mls.protocol.tree.TreeKem" time="0.0"/>
  <testcase name="the tree hash after merging the update path should be ce794fd253bbad1d2b28c3dfec76274af707be25d1c43b825569c52bcb8ba0a3" classname="com.github.traderjoe95.mls.protocol.tree.TreeKem" time="0.0"/>
  <testcase name="the decrypted path secret should be 029b430516e4cc7f677446751db71bae033d85cd832d08543d45a9895544bba5" classname="com.github.traderjoe95.mls.protocol.tree.TreeKem" time="0.0"/>
  <testcase name="a new update path generated by the sender should be successfully processed" classname="com.github.traderjoe95.mls.protocol.tree.TreeKem" time="0.0"/>
  <testcase name="the update path should be parent-hash valid" classname="com.github.traderjoe95.mls.protocol.tree.TreeKem" time="0.0"/>
  <testcase name="the tree hash after merging the update path should be 7ca95dbca53f72777c03da074871c00f4e9f2ff41454ee9053743516ec49ee66" classname="com.github.traderjoe95.mls.protocol.tree.TreeKem" time="0.0"/>
  <testcase name="the decrypted path secret should be d7d748342a20c7b5a8fef560a20e29dbec3ca7a989faf87600601b73ce8996b5" classname="com.github.traderjoe95.mls.protocol.tree.TreeKem" time="0.0"/>
  <testcase name="a new update path generated by the sender should be successfully processed" classname="com.github.traderjoe95.mls.protocol.tree.TreeKem" time="0.001"/>
  <testcase name="the update path should be parent-hash valid" classname="com.github.traderjoe95.mls.protocol.tree.TreeKem" time="0.0"/>
  <testcase name="the tree hash after merging the update path should be 7ca95dbca53f72777c03da074871c00f4e9f2ff41454ee9053743516ec49ee66" classname="com.github.traderjoe95.mls.protocol.tree.TreeKem" time="0.0"/>
  <testcase name="the decrypted path secret should be d7d748342a20c7b5a8fef560a20e29dbec3ca7a989faf87600601b73ce8996b5" classname="com.github.traderjoe95.mls.protocol.tree.TreeKem" time="0.0"/>
  <testcase name="a new update path generated by the sender should be successfully processed" classname="com.github.traderjoe95.mls.protocol.tree.TreeKem" time="0.0"/>
  <testcase name="the update path should be parent-hash valid" classname="com.github.traderjoe95.mls.protocol.tree.TreeKem" time="0.001"/>
  <testcase name="the tree hash after merging the update path should be 7ca95dbca53f72777c03da074871c00f4e9f2ff41454ee9053743516ec49ee66" classname="com.github.traderjoe95.mls.protocol.tree.TreeKem" time="0.0"/>
  <testcase name="the decrypted path secret should be 16f4a320ca375a7af22928f50d44d4e42675931e6fd388201cd1c309d11782ad" classname="com.github.traderjoe95.mls.protocol.tree.TreeKem" time="0.0"/>
  <testcase name="a new update path generated by the sender should be successfully processed" classname="com.github.traderjoe95.mls.protocol.tree.TreeKem" time="0.001"/>
  <testcase name="the update path should be parent-hash valid" classname="com.github.traderjoe95.mls.protocol.tree.TreeKem" time="0.0"/>
  <testcase name="the tree hash after merging the update path should be 7ca95dbca53f72777c03da074871c00f4e9f2ff41454ee9053743516ec49ee66" classname="com.github.traderjoe95.mls.protocol.tree.TreeKem" time="0.001"/>
  <testcase name="the decrypted path secret should be ec38877679295eec977bd847cb3f281c61c7fd00397c0d708baec5830582de73" classname="com.github.traderjoe95.mls.protocol.tree.TreeKem" time="0.001"/>
  <testcase name="a new update path generated by the sender should be successfully processed" classname="com.github.traderjoe95.mls.protocol.tree.TreeKem" time="0.0"/>
  <testcase name="the update path should be parent-hash valid" classname="com.github.traderjoe95.mls.protocol.tree.TreeKem" time="0.0"/>
  <testcase name="the tree hash after merging the update path should be 7ca95dbca53f72777c03da074871c00f4e9f2ff41454ee9053743516ec49ee66" classname="com.github.traderjoe95.mls.protocol.tree.TreeKem" time="0.001"/>
  <testcase name="the decrypted path secret should be ec38877679295eec977bd847cb3f281c61c7fd00397c0d708baec5830582de73" classname="com.github.traderjoe95.mls.protocol.tree.TreeKem" time="0.001"/>
  <testcase name="a new update path generated by the sender should be successfully processed" classname="com.github.traderjoe95.mls.protocol.tree.TreeKem" time="0.001"/>
  <testcase name="the update path should be parent-hash valid" classname="com.github.traderjoe95.mls.protocol.tree.TreeKem" time="0.0"/>
  <testcase name="the tree hash after merging the update path should be 6088d82bac69cb3dc7011fb65403e04a25a1cb79b5f0b595e41356b910f5f7df" classname="com.github.traderjoe95.mls.protocol.tree.TreeKem" time="0.001"/>
  <testcase name="the decrypted path secret should be cfe32e7fbbd17004c48e42208501fa093926db725109c0ddd57870c06bc6316e" classname="com.github.traderjoe95.mls.protocol.tree.TreeKem" time="0.0"/>
  <testcase name="a new update path generated by the sender should be successfully processed" classname="com.github.traderjoe95.mls.protocol.tree.TreeKem" time="0.001"/>
  <testcase name="the update path should be parent-hash valid" classname="com.github.traderjoe95.mls.protocol.tree.TreeKem" time="0.0"/>
  <testcase name="the tree hash after merging the update path should be 6088d82bac69cb3dc7011fb65403e04a25a1cb79b5f0b595e41356b910f5f7df" classname="com.github.traderjoe95.mls.protocol.tree.TreeKem" time="0.001"/>
  <testcase name="the decrypted path secret should be cfe32e7fbbd17004c48e42208501fa093926db725109c0ddd57870c06bc6316e" classname="com.github.traderjoe95.mls.protocol.tree.TreeKem" time="0.001"/>
  <testcase name="a new update path generated by the sender should be successfully processed" classname="com.github.traderjoe95.mls.protocol.tree.TreeKem" time="0.001"/>
  <testcase name="the update path should be parent-hash valid" classname="com.github.traderjoe95.mls.protocol.tree.TreeKem" time="0.0"/>
  <testcase name="the tree hash after merging the update path should be 6088d82bac69cb3dc7011fb65403e04a25a1cb79b5f0b595e41356b910f5f7df" classname="com.github.traderjoe95.mls.protocol.tree.TreeKem" time="0.0"/>
  <testcase name="the decrypted path secret should be bbd88d4475cf4bd0c06caaab932ae882808fef4abc40f76b112487629e5f061b" classname="com.github.traderjoe95.mls.protocol.tree.TreeKem" time="0.0"/>
  <testcase name="a new update path generated by the sender should be successfully processed" classname="com.github.traderjoe95.mls.protocol.tree.TreeKem" time="0.0"/>
  <testcase name="the update path should be parent-hash valid" classname="com.github.traderjoe95.mls.protocol.tree.TreeKem" time="0.0"/>
  <testcase name="the tree hash after merging the update path should be 6088d82bac69cb3dc7011fb65403e04a25a1cb79b5f0b595e41356b910f5f7df" classname="com.github.traderjoe95.mls.protocol.tree.TreeKem" time="0.0"/>
  <testcase name="the decrypted path secret should be 214d313efcc9cdbc8b6da7a1f0becb87cbc051ca34054a2a304a14c9c3c299ba" classname="com.github.traderjoe95.mls.protocol.tree.TreeKem" time="0.0"/>
  <testcase name="a new update path generated by the sender should be successfully processed" classname="com.github.traderjoe95.mls.protocol.tree.TreeKem" time="0.0"/>
  <testcase name="the update path should be parent-hash valid" classname="com.github.traderjoe95.mls.protocol.tree.TreeKem" time="0.0"/>
  <testcase name="the tree hash after merging the update path should be 6088d82bac69cb3dc7011fb65403e04a25a1cb79b5f0b595e41356b910f5f7df" classname="com.github.traderjoe95.mls.protocol.tree.TreeKem" time="0.0"/>
  <testcase name="the decrypted path secret should be 214d313efcc9cdbc8b6da7a1f0becb87cbc051ca34054a2a304a14c9c3c299ba" classname="com.github.traderjoe95.mls.protocol.tree.TreeKem" time="0.001"/>
  <testcase name="a new update path generated by the sender should be successfully processed" classname="com.github.traderjoe95.mls.protocol.tree.TreeKem" time="0.001"/>
  <testcase name="the update path should be parent-hash valid" classname="com.github.traderjoe95.mls.protocol.tree.TreeKem" time="0.0"/>
  <testcase name="the tree hash after merging the update path should be 7b2f2960781e4a9895f4d5506e17d58c091ae92319ba222d68ee2c6ef73ba2f4" classname="com.github.traderjoe95.mls.protocol.tree.TreeKem" time="0.0"/>
  <testcase name="the decrypted path secret should be 2bd0b93462e06c4e1554f2b378f70cb9a45d822e123a9edd5eef364a785ae552" classname="com.github.traderjoe95.mls.protocol.tree.TreeKem" time="0.0"/>
  <testcase name="a new update path generated by the sender should be successfully processed" classname="com.github.traderjoe95.mls.protocol.tree.TreeKem" time="0.001"/>
  <testcase name="the update path should be parent-hash valid" classname="com.github.traderjoe95.mls.protocol.tree.TreeKem" time="0.0"/>
  <testcase name="the tree hash after merging the update path should be 7b2f2960781e4a9895f4d5506e17d58c091ae92319ba222d68ee2c6ef73ba2f4" classname="com.github.traderjoe95.mls.protocol.tree.TreeKem" time="0.0"/>
  <testcase name="the decrypted path secret should be 2bd0b93462e06c4e1554f2b378f70cb9a45d822e123a9edd5eef364a785ae552" classname="com.github.traderjoe95.mls.protocol.tree.TreeKem" time="0.001"/>
  <testcase name="a new update path generated by the sender should be successfully processed" classname="com.github.traderjoe95.mls.protocol.tree.TreeKem" time="0.001"/>
  <testcase name="the update path should be parent-hash valid" classname="com.github.traderjoe95.mls.protocol.tree.TreeKem" time="0.0"/>
  <testcase name="the tree hash after merging the update path should be 7b2f2960781e4a9895f4d5506e17d58c091ae92319ba222d68ee2c6ef73ba2f4" classname="com.github.traderjoe95.mls.protocol.tree.TreeKem" time="0.001"/>
  <testcase name="the decrypted path secret should be 2bd0b93462e06c4e1554f2b378f70cb9a45d822e123a9edd5eef364a785ae552" classname="com.github.traderjoe95.mls.protocol.tree.TreeKem" time="0.001"/>
  <testcase name="a new update path generated by the sender should be successfully processed" classname="com.github.traderjoe95.mls.protocol.tree.TreeKem" time="0.001"/>
  <testcase name="the update path should be parent-hash valid" classname="com.github.traderjoe95.mls.protocol.tree.TreeKem" time="0.0"/>
  <testcase name="the tree hash after merging the update path should be 7b2f2960781e4a9895f4d5506e17d58c091ae92319ba222d68ee2c6ef73ba2f4" classname="com.github.traderjoe95.mls.protocol.tree.TreeKem" time="0.0"/>
  <testcase name="the decrypted path secret should be 2bd0b93462e06c4e1554f2b378f70cb9a45d822e123a9edd5eef364a785ae552" classname="com.github.traderjoe95.mls.protocol.tree.TreeKem" time="0.001"/>
  <testcase name="a new update path generated by the sender should be successfully processed" classname="com.github.traderjoe95.mls.protocol.tree.TreeKem" time="0.0"/>
  <testcase name="the update path should be parent-hash valid" classname="com.github.traderjoe95.mls.protocol.tree.TreeKem" time="0.0"/>
  <testcase name="the tree hash after merging the update path should be 7b2f2960781e4a9895f4d5506e17d58c091ae92319ba222d68ee2c6ef73ba2f4" classname="com.github.traderjoe95.mls.protocol.tree.TreeKem" time="0.0"/>
  <testcase name="the decrypted path secret should be aa18d6646306099424e6b0e904299c3a175fe72353eeb9b4a5f57dd5acbf2ae7" classname="com.github.traderjoe95.mls.protocol.tree.TreeKem" time="0.001"/>
  <testcase name="a new update path generated by the sender should be successfully processed" classname="com.github.traderjoe95.mls.protocol.tree.TreeKem" time="0.001"/>
  <testcase name="the update path should be parent-hash valid" classname="com.github.traderjoe95.mls.protocol.tree.TreeKem" time="0.0"/>
  <testcase name="the tree hash after merging the update path should be 46088081db340aa54e6f7f729d1ce132578981e3ac83e844c3d5d99b16a42166" classname="com.github.traderjoe95.mls.protocol.tree.TreeKem" time="0.001"/>
  <testcase name="the decrypted path secret should be c440c4b80e7ef8c884dc7df00b4128dd6450e9105d8bf466643308a006db84e4" classname="com.github.traderjoe95.mls.protocol.tree.TreeKem" time="0.001"/>
  <testcase name="a new update path generated by the sender should be successfully processed" classname="com.github.traderjoe95.mls.protocol.tree.TreeKem" time="0.001"/>
  <testcase name="the update path should be parent-hash valid" classname="com.github.traderjoe95.mls.protocol.tree.TreeKem" time="0.0"/>
  <testcase name="the tree hash after merging the update path should be 46088081db340aa54e6f7f729d1ce132578981e3ac83e844c3d5d99b16a42166" classname="com.github.traderjoe95.mls.protocol.tree.TreeKem" time="0.0"/>
  <testcase name="the decrypted path secret should be c440c4b80e7ef8c884dc7df00b4128dd6450e9105d8bf466643308a006db84e4" classname="com.github.traderjoe95.mls.protocol.tree.TreeKem" time="0.0"/>
  <testcase name="a new update path generated by the sender should be successfully processed" classname="com.github.traderjoe95.mls.protocol.tree.TreeKem" time="0.001"/>
  <testcase name="the update path should be parent-hash valid" classname="com.github.traderjoe95.mls.protocol.tree.TreeKem" time="0.0"/>
  <testcase name="the tree hash after merging the update path should be 46088081db340aa54e6f7f729d1ce132578981e3ac83e844c3d5d99b16a42166" classname="com.github.traderjoe95.mls.protocol.tree.TreeKem" time="0.0"/>
  <testcase name="the decrypted path secret should be c440c4b80e7ef8c884dc7df00b4128dd6450e9105d8bf466643308a006db84e4" classname="com.github.traderjoe95.mls.protocol.tree.TreeKem" time="0.001"/>
  <testcase name="a new update path generated by the sender should be successfully processed" classname="com.github.traderjoe95.mls.protocol.tree.TreeKem" time="0.001"/>
  <testcase name="the update path should be parent-hash valid" classname="com.github.traderjoe95.mls.protocol.tree.TreeKem" time="0.0"/>
  <testcase name="the tree hash after merging the update path should be 46088081db340aa54e6f7f729d1ce132578981e3ac83e844c3d5d99b16a42166" classname="com.github.traderjoe95.mls.protocol.tree.TreeKem" time="0.0"/>
  <testcase name="the decrypted path secret should be c440c4b80e7ef8c884dc7df00b4128dd6450e9105d8bf466643308a006db84e4" classname="com.github.traderjoe95.mls.protocol.tree.TreeKem" time="0.0"/>
  <testcase name="a new update path generated by the sender should be successfully processed" classname="com.github.traderjoe95.mls.protocol.tree.TreeKem" time="0.0"/>
  <testcase name="the update path should be parent-hash valid" classname="com.github.traderjoe95.mls.protocol.tree.TreeKem" time="0.0"/>
  <testcase name="the tree hash after merging the update path should be 46088081db340aa54e6f7f729d1ce132578981e3ac83e844c3d5d99b16a42166" classname="com.github.traderjoe95.mls.protocol.tree.TreeKem" time="0.0"/>
  <testcase name="the decrypted path secret should be cd567be16c138a17bdf5afcb6faa946cd413eab542f077f28ff33b7939e35382" classname="com.github.traderjoe95.mls.protocol.tree.TreeKem" time="0.0"/>
  <testcase name="a new update path generated by the sender should be successfully processed" classname="com.github.traderjoe95.mls.protocol.tree.TreeKem" time="0.0"/>
  <testcase name="non-blank leaf 0 should be consistent with the public state" classname="com.github.traderjoe95.mls.protocol.tree.TreeKem" time="0.001"/>
  <testcase name="non-blank leaf 1 should be consistent with the public state" classname="com.github.traderjoe95.mls.protocol.tree.TreeKem" time="0.0"/>
  <testcase name="non-blank leaf 2 should be consistent with the public state" classname="com.github.traderjoe95.mls.protocol.tree.TreeKem" time="0.0"/>
  <testcase name="non-blank leaf 3 should be consistent with the public state" classname="com.github.traderjoe95.mls.protocol.tree.TreeKem" time="0.0"/>
  <testcase name="non-blank leaf 4 should be consistent with the public state" classname="com.github.traderjoe95.mls.protocol.tree.TreeKem" time="0.001"/>
  <testcase name="non-blank leaf 5 should be consistent with the public state" classname="com.github.traderjoe95.mls.protocol.tree.TreeKem" time="0.0"/>
  <testcase name="non-blank leaf 6 should be consistent with the public state" classname="com.github.traderjoe95.mls.protocol.tree.TreeKem" time="0.0"/>
  <testcase name="the update path should be parent-hash valid" classname="com.github.traderjoe95.mls.protocol.tree.TreeKem" time="0.001"/>
  <testcase name="the tree hash after merging the update path should be d3e9e9a4f39b98d498bf830524dc523612048110b366001112d1b35a094fde2d" classname="com.github.traderjoe95.mls.protocol.tree.TreeKem" time="0.0"/>
  <testcase name="the decrypted path secret should be 347154a63fe712c00c49e431a8dc2057acc4069c34fcc8ed0112ab739bedef17" classname="com.github.traderjoe95.mls.protocol.tree.TreeKem" time="0.0"/>
  <testcase name="a new update path generated by the sender should be successfully processed" classname="com.github.traderjoe95.mls.protocol.tree.TreeKem" time="0.0"/>
  <testcase name="the update path should be parent-hash valid" classname="com.github.traderjoe95.mls.protocol.tree.TreeKem" time="0.0"/>
  <testcase name="the tree hash after merging the update path should be d3e9e9a4f39b98d498bf830524dc523612048110b366001112d1b35a094fde2d" classname="com.github.traderjoe95.mls.protocol.tree.TreeKem" time="0.0"/>
  <testcase name="the decrypted path secret should be 612c8f53a56e91e1853945f780354c19e095791e71881597b2d688a5884da0ea" classname="com.github.traderjoe95.mls.protocol.tree.TreeKem" time="0.0"/>
  <testcase name="a new update path generated by the sender should be successfully processed" classname="com.github.traderjoe95.mls.protocol.tree.TreeKem" time="0.0"/>
  <testcase name="the update path should be parent-hash valid" classname="com.github.traderjoe95.mls.protocol.tree.TreeKem" time="0.0"/>
  <testcase name="the tree hash after merging the update path should be d3e9e9a4f39b98d498bf830524dc523612048110b366001112d1b35a094fde2d" classname="com.github.traderjoe95.mls.protocol.tree.TreeKem" time="0.0"/>
  <testcase name="the decrypted path secret should be 612c8f53a56e91e1853945f780354c19e095791e71881597b2d688a5884da0ea" classname="com.github.traderjoe95.mls.protocol.tree.TreeKem" time="0.0"/>
  <testcase name="a new update path generated by the sender should be successfully processed" classname="com.github.traderjoe95.mls.protocol.tree.TreeKem" time="0.0"/>
  <testcase name="the update path should be parent-hash valid" classname="com.github.traderjoe95.mls.protocol.tree.TreeKem" time="0.0"/>
  <testcase name="the tree hash after merging the update path should be d3e9e9a4f39b98d498bf830524dc523612048110b366001112d1b35a094fde2d" classname="com.github.traderjoe95.mls.protocol.tree.TreeKem" time="0.0"/>
  <testcase name="the decrypted path secret should be 5ee4024c3f40649a5da26764bae7c8f6fdf7071aae81520ede179e21c44e64b6" classname="com.github.traderjoe95.mls.protocol.tree.TreeKem" time="0.0"/>
  <testcase name="a new update path generated by the sender should be successfully processed" classname="com.github.traderjoe95.mls.protocol.tree.TreeKem" time="0.0"/>
  <testcase name="the update path should be parent-hash valid" classname="com.github.traderjoe95.mls.protocol.tree.TreeKem" time="0.001"/>
  <testcase name="the tree hash after merging the update path should be d3e9e9a4f39b98d498bf830524dc523612048110b366001112d1b35a094fde2d" classname="com.github.traderjoe95.mls.protocol.tree.TreeKem" time="0.0"/>
  <testcase name="the decrypted path secret should be 5ee4024c3f40649a5da26764bae7c8f6fdf7071aae81520ede179e21c44e64b6" classname="com.github.traderjoe95.mls.protocol.tree.TreeKem" time="0.0"/>
  <testcase name="a new update path generated by the sender should be successfully processed" classname="com.github.traderjoe95.mls.protocol.tree.TreeKem" time="0.0"/>
  <testcase name="the update path should be parent-hash valid" classname="com.github.traderjoe95.mls.protocol.tree.TreeKem" time="0.0"/>
  <testcase name="the tree hash after merging the update path should be d3e9e9a4f39b98d498bf830524dc523612048110b366001112d1b35a094fde2d" classname="com.github.traderjoe95.mls.protocol.tree.TreeKem" time="0.0"/>
  <testcase name="the decrypted path secret should be 5ee4024c3f40649a5da26764bae7c8f6fdf7071aae81520ede179e21c44e64b6" classname="com.github.traderjoe95.mls.protocol.tree.TreeKem" time="0.0"/>
  <testcase name="a new update path generated by the sender should be successfully processed" classname="com.github.traderjoe95.mls.protocol.tree.TreeKem" time="0.001"/>
  <testcase name="the update path should be parent-hash valid" classname="com.github.traderjoe95.mls.protocol.tree.TreeKem" time="0.0"/>
  <testcase name="the tree hash after merging the update path should be b60ff9b3d22271c8e49e5581a42f483f8ddd59224222506896389bed712fe6e7" classname="com.github.traderjoe95.mls.protocol.tree.TreeKem" time="0.0"/>
  <testcase name="the decrypted path secret should be 554e8b9b4e9c131da2ffa36d035d6c9e7ef4a3ffa440248e748598eac38f5a7f" classname="com.github.traderjoe95.mls.protocol.tree.TreeKem" time="0.0"/>
  <testcase name="a new update path generated by the sender should be successfully processed" classname="com.github.traderjoe95.mls.protocol.tree.TreeKem" time="0.001"/>
  <testcase name="the update path should be parent-hash valid" classname="com.github.traderjoe95.mls.protocol.tree.TreeKem" time="0.0"/>
  <testcase name="the tree hash after merging the update path should be b60ff9b3d22271c8e49e5581a42f483f8ddd59224222506896389bed712fe6e7" classname="com.github.traderjoe95.mls.protocol.tree.TreeKem" time="0.001"/>
  <testcase name="the decrypted path secret should be b26d41aa2cc1d908b6b627f9e0a6b98e3c31bf5b957d0ae792c809646591d9c3" classname="com.github.traderjoe95.mls.protocol.tree.TreeKem" time="0.0"/>
  <testcase name="a new update path generated by the sender should be successfully processed" classname="com.github.traderjoe95.mls.protocol.tree.TreeKem" time="0.0"/>
  <testcase name="the update path should be parent-hash valid" classname="com.github.traderjoe95.mls.protocol.tree.TreeKem" time="0.001"/>
  <testcase name="the tree hash after merging the update path should be b60ff9b3d22271c8e49e5581a42f483f8ddd59224222506896389bed712fe6e7" classname="com.github.traderjoe95.mls.protocol.tree.TreeKem" time="0.0"/>
  <testcase name="the decrypted path secret should be b26d41aa2cc1d908b6b627f9e0a6b98e3c31bf5b957d0ae792c809646591d9c3" classname="com.github.traderjoe95.mls.protocol.tree.TreeKem" time="0.0"/>
  <testcase name="a new update path generated by the sender should be successfully processed" classname="com.github.traderjoe95.mls.protocol.tree.TreeKem" time="0.0"/>
  <testcase name="the update path should be parent-hash valid" classname="com.github.traderjoe95.mls.protocol.tree.TreeKem" time="0.0"/>
  <testcase name="the tree hash after merging the update path should be b60ff9b3d22271c8e49e5581a42f483f8ddd59224222506896389bed712fe6e7" classname="com.github.traderjoe95.mls.protocol.tree.TreeKem" time="0.0"/>
  <testcase name="the decrypted path secret should be 4df96906e35d7be7ad68fcd010140348b94b099cd0341c593be07dad66abc1e4" classname="com.github.traderjoe95.mls.protocol.tree.TreeKem" time="0.0"/>
  <testcase name="a new update path generated by the sender should be successfully processed" classname="com.github.traderjoe95.mls.protocol.tree.TreeKem" time="0.001"/>
  <testcase name="the update path should be parent-hash valid" classname="com.github.traderjoe95.mls.protocol.tree.TreeKem" time="0.0"/>
  <testcase name="the tree hash after merging the update path should be b60ff9b3d22271c8e49e5581a42f483f8ddd59224222506896389bed712fe6e7" classname="com.github.traderjoe95.mls.protocol.tree.TreeKem" time="0.0"/>
  <testcase name="the decrypted path secret should be 4df96906e35d7be7ad68fcd010140348b94b099cd0341c593be07dad66abc1e4" classname="com.github.traderjoe95.mls.protocol.tree.TreeKem" time="0.001"/>
  <testcase name="a new update path generated by the sender should be successfully processed" classname="com.github.traderjoe95.mls.protocol.tree.TreeKem" time="0.001"/>
  <testcase name="the update path should be parent-hash valid" classname="com.github.traderjoe95.mls.protocol.tree.TreeKem" time="0.001"/>
  <testcase name="the tree hash after merging the update path should be b60ff9b3d22271c8e49e5581a42f483f8ddd59224222506896389bed712fe6e7" classname="com.github.traderjoe95.mls.protocol.tree.TreeKem" time="0.001"/>
  <testcase name="the decrypted path secret should be 4df96906e35d7be7ad68fcd010140348b94b099cd0341c593be07dad66abc1e4" classname="com.github.traderjoe95.mls.protocol.tree.TreeKem" time="0.0"/>
  <testcase name="a new update path generated by the sender should be successfully processed" classname="com.github.traderjoe95.mls.protocol.tree.TreeKem" time="0.001"/>
  <testcase name="the update path should be parent-hash valid" classname="com.github.traderjoe95.mls.protocol.tree.TreeKem" time="0.0"/>
  <testcase name="the tree hash after merging the update path should be be5cba62ab27fc74b55fbd73727b4789a059f24f9c29971b3b2036fbb0e18bf5" classname="com.github.traderjoe95.mls.protocol.tree.TreeKem" time="0.0"/>
  <testcase name="the decrypted path secret should be 11d162f9f35628354282e0061447774a39fcb5723adf1a56a3644889efc3b9fe" classname="com.github.traderjoe95.mls.protocol.tree.TreeKem" time="0.001"/>
  <testcase name="a new update path generated by the sender should be successfully processed" classname="com.github.traderjoe95.mls.protocol.tree.TreeKem" time="0.001"/>
  <testcase name="the update path should be parent-hash valid" classname="com.github.traderjoe95.mls.protocol.tree.TreeKem" time="0.001"/>
  <testcase name="the tree hash after merging the update path should be be5cba62ab27fc74b55fbd73727b4789a059f24f9c29971b3b2036fbb0e18bf5" classname="com.github.traderjoe95.mls.protocol.tree.TreeKem" time="0.001"/>
  <testcase name="the decrypted path secret should be 11d162f9f35628354282e0061447774a39fcb5723adf1a56a3644889efc3b9fe" classname="com.github.traderjoe95.mls.protocol.tree.TreeKem" time="0.001"/>
  <testcase name="a new update path generated by the sender should be successfully processed" classname="com.github.traderjoe95.mls.protocol.tree.TreeKem" time="0.001"/>
  <testcase name="the update path should be parent-hash valid" classname="com.github.traderjoe95.mls.protocol.tree.TreeKem" time="0.0"/>
  <testcase name="the tree hash after merging the update path should be be5cba62ab27fc74b55fbd73727b4789a059f24f9c29971b3b2036fbb0e18bf5" classname="com.github.traderjoe95.mls.protocol.tree.TreeKem" time="0.001"/>
  <testcase name="the decrypted path secret should be 0fbb594ca390885dda8fc38453881a7516a4b40afad8ce3cf62e1c12a153281f" classname="com.github.traderjoe95.mls.protocol.tree.TreeKem" time="0.0"/>
  <testcase name="a new update path generated by the sender should be successfully processed" classname="com.github.traderjoe95.mls.protocol.tree.TreeKem" time="0.001"/>
  <testcase name="the update path should be parent-hash valid" classname="com.github.traderjoe95.mls.protocol.tree.TreeKem" time="0.0"/>
  <testcase name="the tree hash after merging the update path should be be5cba62ab27fc74b55fbd73727b4789a059f24f9c29971b3b2036fbb0e18bf5" classname="com.github.traderjoe95.mls.protocol.tree.TreeKem" time="0.001"/>
  <testcase name="the decrypted path secret should be bc5fa523fddf97d8d1fa6d52ead72ed42847a9f3b113afb466a6bf66a5802fbd" classname="com.github.traderjoe95.mls.protocol.tree.TreeKem" time="0.001"/>
  <testcase name="a new update path generated by the sender should be successfully processed" classname="com.github.traderjoe95.mls.protocol.tree.TreeKem" time="0.001"/>
  <testcase name="the update path should be parent-hash valid" classname="com.github.traderjoe95.mls.protocol.tree.TreeKem" time="0.0"/>
  <testcase name="the tree hash after merging the update path should be be5cba62ab27fc74b55fbd73727b4789a059f24f9c29971b3b2036fbb0e18bf5" classname="com.github.traderjoe95.mls.protocol.tree.TreeKem" time="0.0"/>
  <testcase name="the decrypted path secret should be bc5fa523fddf97d8d1fa6d52ead72ed42847a9f3b113afb466a6bf66a5802fbd" classname="com.github.traderjoe95.mls.protocol.tree.TreeKem" time="0.0"/>
  <testcase name="a new update path generated by the sender should be successfully processed" classname="com.github.traderjoe95.mls.protocol.tree.TreeKem" time="0.001"/>
  <testcase name="the update path should be parent-hash valid" classname="com.github.traderjoe95.mls.protocol.tree.TreeKem" time="0.0"/>
  <testcase name="the tree hash after merging the update path should be be5cba62ab27fc74b55fbd73727b4789a059f24f9c29971b3b2036fbb0e18bf5" classname="com.github.traderjoe95.mls.protocol.tree.TreeKem" time="0.0"/>
  <testcase name="the decrypted path secret should be bc5fa523fddf97d8d1fa6d52ead72ed42847a9f3b113afb466a6bf66a5802fbd" classname="com.github.traderjoe95.mls.protocol.tree.TreeKem" time="0.0"/>
  <testcase name="a new update path generated by the sender should be successfully processed" classname="com.github.traderjoe95.mls.protocol.tree.TreeKem" time="0.001"/>
  <testcase name="the update path should be parent-hash valid" classname="com.github.traderjoe95.mls.protocol.tree.TreeKem" time="0.0"/>
  <testcase name="the tree hash after merging the update path should be c505bf5b30ae5000748fd157f4b059a3815ca07458aff31f6a22430e57d46ebe" classname="com.github.traderjoe95.mls.protocol.tree.TreeKem" time="0.0"/>
  <testcase name="the decrypted path secret should be 5bd6d284a31ead7170c1f7449b5ae8d147a7a6b1ed98fd80355faa925205b70b" classname="com.github.traderjoe95.mls.protocol.tree.TreeKem" time="0.001"/>
  <testcase name="a new update path generated by the sender should be successfully processed" classname="com.github.traderjoe95.mls.protocol.tree.TreeKem" time="0.001"/>
  <testcase name="the update path should be parent-hash valid" classname="com.github.traderjoe95.mls.protocol.tree.TreeKem" time="0.0"/>
  <testcase name="the tree hash after merging the update path should be c505bf5b30ae5000748fd157f4b059a3815ca07458aff31f6a22430e57d46ebe" classname="com.github.traderjoe95.mls.protocol.tree.TreeKem" time="0.0"/>
  <testcase name="the decrypted path secret should be 5bd6d284a31ead7170c1f7449b5ae8d147a7a6b1ed98fd80355faa925205b70b" classname="com.github.traderjoe95.mls.protocol.tree.TreeKem" time="0.0"/>
  <testcase name="a new update path generated by the sender should be successfully processed" classname="com.github.traderjoe95.mls.protocol.tree.TreeKem" time="0.0"/>
  <testcase name="the update path should be parent-hash valid" classname="com.github.traderjoe95.mls.protocol.tree.TreeKem" time="0.0"/>
  <testcase name="the tree hash after merging the update path should be c505bf5b30ae5000748fd157f4b059a3815ca07458aff31f6a22430e57d46ebe" classname="com.github.traderjoe95.mls.protocol.tree.TreeKem" time="0.0"/>
  <testcase name="the decrypted path secret should be 2c90567e5f9cac6e60234c80d2035c3ac30ed137d202587502c57bb1a07910fc" classname="com.github.traderjoe95.mls.protocol.tree.TreeKem" time="0.0"/>
  <testcase name="a new update path generated by the sender should be successfully processed" classname="com.github.traderjoe95.mls.protocol.tree.TreeKem" time="0.001"/>
  <testcase name="the update path should be parent-hash valid" classname="com.github.traderjoe95.mls.protocol.tree.TreeKem" time="0.0"/>
  <testcase name="the tree hash after merging the update path should be c505bf5b30ae5000748fd157f4b059a3815ca07458aff31f6a22430e57d46ebe" classname="com.github.traderjoe95.mls.protocol.tree.TreeKem" time="0.0"/>
  <testcase name="the decrypted path secret should be ec57c6dff1d5d17a6cefa918f7be07e462939dfa662b405e6010242990280670" classname="com.github.traderjoe95.mls.protocol.tree.TreeKem" time="0.001"/>
  <testcase name="a new update path generated by the sender should be successfully processed" classname="com.github.traderjoe95.mls.protocol.tree.TreeKem" time="0.001"/>
  <testcase name="the update path should be parent-hash valid" classname="com.github.traderjoe95.mls.protocol.tree.TreeKem" time="0.001"/>
  <testcase name="the tree hash after merging the update path should be c505bf5b30ae5000748fd157f4b059a3815ca07458aff31f6a22430e57d46ebe" classname="com.github.traderjoe95.mls.protocol.tree.TreeKem" time="0.0"/>
  <testcase name="the decrypted path secret should be ec57c6dff1d5d17a6cefa918f7be07e462939dfa662b405e6010242990280670" classname="com.github.traderjoe95.mls.protocol.tree.TreeKem" time="0.0"/>
  <testcase name="a new update path generated by the sender should be successfully processed" classname="com.github.traderjoe95.mls.protocol.tree.TreeKem" time="0.001"/>
  <testcase name="the update path should be parent-hash valid" classname="com.github.traderjoe95.mls.protocol.tree.TreeKem" time="0.0"/>
  <testcase name="the tree hash after merging the update path should be c505bf5b30ae5000748fd157f4b059a3815ca07458aff31f6a22430e57d46ebe" classname="com.github.traderjoe95.mls.protocol.tree.TreeKem" time="0.0"/>
  <testcase name="the decrypted path secret should be ec57c6dff1d5d17a6cefa918f7be07e462939dfa662b405e6010242990280670" classname="com.github.traderjoe95.mls.protocol.tree.TreeKem" time="0.0"/>
  <testcase name="a new update path generated by the sender should be successfully processed" classname="com.github.traderjoe95.mls.protocol.tree.TreeKem" time="0.0"/>
  <testcase name="the update path should be parent-hash valid" classname="com.github.traderjoe95.mls.protocol.tree.TreeKem" time="0.0"/>
  <testcase name="the tree hash after merging the update path should be d676bdb946a01a7b04ac3c8bb1d12a6d72f344f6f924907fbf112ddfef76e632" classname="com.github.traderjoe95.mls.protocol.tree.TreeKem" time="0.001"/>
  <testcase name="the decrypted path secret should be e4f868b4072a2c64bdc92f62ff3956058efbe4960516354975fc2ca09e466073" classname="com.github.traderjoe95.mls.protocol.tree.TreeKem" time="0.001"/>
  <testcase name="a new update path generated by the sender should be successfully processed" classname="com.github.traderjoe95.mls.protocol.tree.TreeKem" time="0.001"/>
  <testcase name="the update path should be parent-hash valid" classname="com.github.traderjoe95.mls.protocol.tree.TreeKem" time="0.0"/>
  <testcase name="the tree hash after merging the update path should be d676bdb946a01a7b04ac3c8bb1d12a6d72f344f6f924907fbf112ddfef76e632" classname="com.github.traderjoe95.mls.protocol.tree.TreeKem" time="0.001"/>
  <testcase name="the decrypted path secret should be e4f868b4072a2c64bdc92f62ff3956058efbe4960516354975fc2ca09e466073" classname="com.github.traderjoe95.mls.protocol.tree.TreeKem" time="0.0"/>
  <testcase name="a new update path generated by the sender should be successfully processed" classname="com.github.traderjoe95.mls.protocol.tree.TreeKem" time="0.0"/>
  <testcase name="the update path should be parent-hash valid" classname="com.github.traderjoe95.mls.protocol.tree.TreeKem" time="0.001"/>
  <testcase name="the tree hash after merging the update path should be d676bdb946a01a7b04ac3c8bb1d12a6d72f344f6f924907fbf112ddfef76e632" classname="com.github.traderjoe95.mls.protocol.tree.TreeKem" time="0.001"/>
  <testcase name="the decrypted path secret should be e4f868b4072a2c64bdc92f62ff3956058efbe4960516354975fc2ca09e466073" classname="com.github.traderjoe95.mls.protocol.tree.TreeKem" time="0.001"/>
  <testcase name="a new update path generated by the sender should be successfully processed" classname="com.github.traderjoe95.mls.protocol.tree.TreeKem" time="0.001"/>
  <testcase name="the update path should be parent-hash valid" classname="com.github.traderjoe95.mls.protocol.tree.TreeKem" time="0.0"/>
  <testcase name="the tree hash after merging the update path should be d676bdb946a01a7b04ac3c8bb1d12a6d72f344f6f924907fbf112ddfef76e632" classname="com.github.traderjoe95.mls.protocol.tree.TreeKem" time="0.001"/>
  <testcase name="the decrypted path secret should be e4f868b4072a2c64bdc92f62ff3956058efbe4960516354975fc2ca09e466073" classname="com.github.traderjoe95.mls.protocol.tree.TreeKem" time="0.001"/>
  <testcase name="a new update path generated by the sender should be successfully processed" classname="com.github.traderjoe95.mls.protocol.tree.TreeKem" time="0.001"/>
  <testcase name="the update path should be parent-hash valid" classname="com.github.traderjoe95.mls.protocol.tree.TreeKem" time="0.001"/>
  <testcase name="the tree hash after merging the update path should be d676bdb946a01a7b04ac3c8bb1d12a6d72f344f6f924907fbf112ddfef76e632" classname="com.github.traderjoe95.mls.protocol.tree.TreeKem" time="0.001"/>
  <testcase name="the decrypted path secret should be d2cdc3ca3e0def6dc9ac6bb526313e8f5b4a58de38bfec5f438d9d6e7cecf972" classname="com.github.traderjoe95.mls.protocol.tree.TreeKem" time="0.0"/>
  <testcase name="a new update path generated by the sender should be successfully processed" classname="com.github.traderjoe95.mls.protocol.tree.TreeKem" time="0.001"/>
  <testcase name="the update path should be parent-hash valid" classname="com.github.traderjoe95.mls.protocol.tree.TreeKem" time="0.001"/>
  <testcase name="the tree hash after merging the update path should be d676bdb946a01a7b04ac3c8bb1d12a6d72f344f6f924907fbf112ddfef76e632" classname="com.github.traderjoe95.mls.protocol.tree.TreeKem" time="0.0"/>
  <testcase name="the decrypted path secret should be 779702b78733951c67c14a33ca89124c3ac90d27fdc2fffc303bafa74bb17725" classname="com.github.traderjoe95.mls.protocol.tree.TreeKem" time="0.0"/>
  <testcase name="a new update path generated by the sender should be successfully processed" classname="com.github.traderjoe95.mls.protocol.tree.TreeKem" time="0.0"/>
  <testcase name="the update path should be parent-hash valid" classname="com.github.traderjoe95.mls.protocol.tree.TreeKem" time="0.0"/>
  <testcase name="the tree hash after merging the update path should be 66b71d8c686555e23c01b2c19c53135ec760541bc1d7c6277984fff0c52867b7" classname="com.github.traderjoe95.mls.protocol.tree.TreeKem" time="0.0"/>
  <testcase name="the decrypted path secret should be e018905ab875fa2446fbd8133834aea4d0819054ffc0394e8aaff3a39bf1ac00" classname="com.github.traderjoe95.mls.protocol.tree.TreeKem" time="0.001"/>
  <testcase name="a new update path generated by the sender should be successfully processed" classname="com.github.traderjoe95.mls.protocol.tree.TreeKem" time="0.001"/>
  <testcase name="the update path should be parent-hash valid" classname="com.github.traderjoe95.mls.protocol.tree.TreeKem" time="0.001"/>
  <testcase name="the tree hash after merging the update path should be 66b71d8c686555e23c01b2c19c53135ec760541bc1d7c6277984fff0c52867b7" classname="com.github.traderjoe95.mls.protocol.tree.TreeKem" time="0.001"/>
  <testcase name="the decrypted path secret should be e018905ab875fa2446fbd8133834aea4d0819054ffc0394e8aaff3a39bf1ac00" classname="com.github.traderjoe95.mls.protocol.tree.TreeKem" time="0.0"/>
  <testcase name="a new update path generated by the sender should be successfully processed" classname="com.github.traderjoe95.mls.protocol.tree.TreeKem" time="0.002"/>
  <testcase name="the update path should be parent-hash valid" classname="com.github.traderjoe95.mls.protocol.tree.TreeKem" time="0.001"/>
  <testcase name="the tree hash after merging the update path should be 66b71d8c686555e23c01b2c19c53135ec760541bc1d7c6277984fff0c52867b7" classname="com.github.traderjoe95.mls.protocol.tree.TreeKem" time="0.0"/>
  <testcase name="the decrypted path secret should be e018905ab875fa2446fbd8133834aea4d0819054ffc0394e8aaff3a39bf1ac00" classname="com.github.traderjoe95.mls.protocol.tree.TreeKem" time="0.001"/>
  <testcase name="a new update path generated by the sender should be successfully processed" classname="com.github.traderjoe95.mls.protocol.tree.TreeKem" time="0.001"/>
  <testcase name="the update path should be parent-hash valid" classname="com.github.traderjoe95.mls.protocol.tree.TreeKem" time="0.001"/>
  <testcase name="the tree hash after merging the update path should be 66b71d8c686555e23c01b2c19c53135ec760541bc1d7c6277984fff0c52867b7" classname="com.github.traderjoe95.mls.protocol.tree.TreeKem" time="0.0"/>
  <testcase name="the decrypted path secret should be e018905ab875fa2446fbd8133834aea4d0819054ffc0394e8aaff3a39bf1ac00" classname="com.github.traderjoe95.mls.protocol.tree.TreeKem" time="0.001"/>
  <testcase name="a new update path generated by the sender should be successfully processed" classname="com.github.traderjoe95.mls.protocol.tree.TreeKem" time="0.001"/>
  <testcase name="the update path should be parent-hash valid" classname="com.github.traderjoe95.mls.protocol.tree.TreeKem" time="0.0"/>
  <testcase name="the tree hash after merging the update path should be 66b71d8c686555e23c01b2c19c53135ec760541bc1d7c6277984fff0c52867b7" classname="com.github.traderjoe95.mls.protocol.tree.TreeKem" time="0.001"/>
  <testcase name="the decrypted path secret should be 4ca33aa0457b613b45ac8bde92acb334e1e3d1f8226fae2bac6609282d1eb822" classname="com.github.traderjoe95.mls.protocol.tree.TreeKem" time="0.001"/>
  <testcase name="a new update path generated by the sender should be successfully processed" classname="com.github.traderjoe95.mls.protocol.tree.TreeKem" time="0.001"/>
  <testcase name="the update path should be parent-hash valid" classname="com.github.traderjoe95.mls.protocol.tree.TreeKem" time="0.0"/>
  <testcase name="the tree hash after merging the update path should be 66b71d8c686555e23c01b2c19c53135ec760541bc1d7c6277984fff0c52867b7" classname="com.github.traderjoe95.mls.protocol.tree.TreeKem" time="0.0"/>
  <testcase name="the decrypted path secret should be 159b20bb8f7c94620039502f1af0700604fd26aec1d4c5936d0f71e08ddfe58e" classname="com.github.traderjoe95.mls.protocol.tree.TreeKem" time="0.0"/>
  <testcase name="a new update path generated by the sender should be successfully processed" classname="com.github.traderjoe95.mls.protocol.tree.TreeKem" time="0.001"/>
  <testcase name="the update path should be parent-hash valid" classname="com.github.traderjoe95.mls.protocol.tree.TreeKem" time="0.0"/>
  <testcase name="the tree hash after merging the update path should be 65d333ef0db384b22a4b85076489f696748d161b76d01654696309d3040b563c" classname="com.github.traderjoe95.mls.protocol.tree.TreeKem" time="0.0"/>
  <testcase name="the decrypted path secret should be 10c59557dd528e30abd8206e1e98a00774471e5438020349afcd4a1b177045e1" classname="com.github.traderjoe95.mls.protocol.tree.TreeKem" time="0.001"/>
  <testcase name="a new update path generated by the sender should be successfully processed" classname="com.github.traderjoe95.mls.protocol.tree.TreeKem" time="0.001"/>
  <testcase name="the update path should be parent-hash valid" classname="com.github.traderjoe95.mls.protocol.tree.TreeKem" time="0.0"/>
  <testcase name="the tree hash after merging the update path should be 65d333ef0db384b22a4b85076489f696748d161b76d01654696309d3040b563c" classname="com.github.traderjoe95.mls.protocol.tree.TreeKem" time="0.001"/>
  <testcase name="the decrypted path secret should be 10c59557dd528e30abd8206e1e98a00774471e5438020349afcd4a1b177045e1" classname="com.github.traderjoe95.mls.protocol.tree.TreeKem" time="0.001"/>
  <testcase name="a new update path generated by the sender should be successfully processed" classname="com.github.traderjoe95.mls.protocol.tree.TreeKem" time="0.001"/>
  <testcase name="the update path should be parent-hash valid" classname="com.github.traderjoe95.mls.protocol.tree.TreeKem" time="0.0"/>
  <testcase name="the tree hash after merging the update path should be 65d333ef0db384b22a4b85076489f696748d161b76d01654696309d3040b563c" classname="com.github.traderjoe95.mls.protocol.tree.TreeKem" time="0.0"/>
  <testcase name="the decrypted path secret should be 10c59557dd528e30abd8206e1e98a00774471e5438020349afcd4a1b177045e1" classname="com.github.traderjoe95.mls.protocol.tree.TreeKem" time="0.0"/>
  <testcase name="a new update path generated by the sender should be successfully processed" classname="com.github.traderjoe95.mls.protocol.tree.TreeKem" time="0.0"/>
  <testcase name="the update path should be parent-hash valid" classname="com.github.traderjoe95.mls.protocol.tree.TreeKem" time="0.0"/>
  <testcase name="the tree hash after merging the update path should be 65d333ef0db384b22a4b85076489f696748d161b76d01654696309d3040b563c" classname="com.github.traderjoe95.mls.protocol.tree.TreeKem" time="0.0"/>
  <testcase name="the decrypted path secret should be 10c59557dd528e30abd8206e1e98a00774471e5438020349afcd4a1b177045e1" classname="com.github.traderjoe95.mls.protocol.tree.TreeKem" time="0.0"/>
  <testcase name="a new update path generated by the sender should be successfully processed" classname="com.github.traderjoe95.mls.protocol.tree.TreeKem" time="0.0"/>
  <testcase name="the update path should be parent-hash valid" classname="com.github.traderjoe95.mls.protocol.tree.TreeKem" time="0.0"/>
  <testcase name="the tree hash after merging the update path should be 65d333ef0db384b22a4b85076489f696748d161b76d01654696309d3040b563c" classname="com.github.traderjoe95.mls.protocol.tree.TreeKem" time="0.0"/>
  <testcase name="the decrypted path secret should be 4e771898f820b33439d58e3fca8ab8ad23862b1585c942f579524ee7687dcfb9" classname="com.github.traderjoe95.mls.protocol.tree.TreeKem" time="0.0"/>
  <testcase name="a new update path generated by the sender should be successfully processed" classname="com.github.traderjoe95.mls.protocol.tree.TreeKem" time="0.0"/>
  <testcase name="the update path should be parent-hash valid" classname="com.github.traderjoe95.mls.protocol.tree.TreeKem" time="0.0"/>
  <testcase name="the tree hash after merging the update path should be 65d333ef0db384b22a4b85076489f696748d161b76d01654696309d3040b563c" classname="com.github.traderjoe95.mls.protocol.tree.TreeKem" time="0.0"/>
  <testcase name="the decrypted path secret should be 4e771898f820b33439d58e3fca8ab8ad23862b1585c942f579524ee7687dcfb9" classname="com.github.traderjoe95.mls.protocol.tree.TreeKem" time="0.0"/>
  <testcase name="a new update path generated by the sender should be successfully processed" classname="com.github.traderjoe95.mls.protocol.tree.TreeKem" time="0.0"/>
  <testcase name="non-blank leaf 0 should be consistent with the public state" classname="com.github.traderjoe95.mls.protocol.tree.TreeKem" time="0.0"/>
  <testcase name="non-blank leaf 1 should be consistent with the public state" classname="com.github.traderjoe95.mls.protocol.tree.TreeKem" time="0.001"/>
  <testcase name="non-blank leaf 2 should be consistent with the public state" classname="com.github.traderjoe95.mls.protocol.tree.TreeKem" time="0.001"/>
  <testcase name="non-blank leaf 3 should be consistent with the public state" classname="com.github.traderjoe95.mls.protocol.tree.TreeKem" time="0.001"/>
  <testcase name="non-blank leaf 4 should be consistent with the public state" classname="com.github.traderjoe95.mls.protocol.tree.TreeKem" time="0.007"/>
  <testcase name="non-blank leaf 5 should be consistent with the public state" classname="com.github.traderjoe95.mls.protocol.tree.TreeKem" time="0.0"/>
  <testcase name="non-blank leaf 6 should be consistent with the public state" classname="com.github.traderjoe95.mls.protocol.tree.TreeKem" time="0.0"/>
  <testcase name="non-blank leaf 7 should be consistent with the public state" classname="com.github.traderjoe95.mls.protocol.tree.TreeKem" time="0.0"/>
  <testcase name="the update path should be parent-hash valid" classname="com.github.traderjoe95.mls.protocol.tree.TreeKem" time="0.001"/>
  <testcase name="the tree hash after merging the update path should be cea7721064c48ec1471e68602b0dd5ea1762336293c7d1b381922c407b0ba6f3" classname="com.github.traderjoe95.mls.protocol.tree.TreeKem" time="0.001"/>
  <testcase name="the decrypted path secret should be 21e141531fee66eee616d36ab543e7e9aa16e8c5d5c241590c370f5988bc4569" classname="com.github.traderjoe95.mls.protocol.tree.TreeKem" time="0.001"/>
  <testcase name="a new update path generated by the sender should be successfully processed" classname="com.github.traderjoe95.mls.protocol.tree.TreeKem" time="0.0"/>
  <testcase name="the update path should be parent-hash valid" classname="com.github.traderjoe95.mls.protocol.tree.TreeKem" time="0.001"/>
  <testcase name="the tree hash after merging the update path should be cea7721064c48ec1471e68602b0dd5ea1762336293c7d1b381922c407b0ba6f3" classname="com.github.traderjoe95.mls.protocol.tree.TreeKem" time="0.001"/>
  <testcase name="the decrypted path secret should be a7485dd60a3ea8c436aeb61f1d0067b1a1c566a1310f6056c0be4901e3109ba9" classname="com.github.traderjoe95.mls.protocol.tree.TreeKem" time="0.001"/>
  <testcase name="a new update path generated by the sender should be successfully processed" classname="com.github.traderjoe95.mls.protocol.tree.TreeKem" time="0.001"/>
  <testcase name="the update path should be parent-hash valid" classname="com.github.traderjoe95.mls.protocol.tree.TreeKem" time="0.0"/>
  <testcase name="the tree hash after merging the update path should be cea7721064c48ec1471e68602b0dd5ea1762336293c7d1b381922c407b0ba6f3" classname="com.github.traderjoe95.mls.protocol.tree.TreeKem" time="0.0"/>
  <testcase name="the decrypted path secret should be a7485dd60a3ea8c436aeb61f1d0067b1a1c566a1310f6056c0be4901e3109ba9" classname="com.github.traderjoe95.mls.protocol.tree.TreeKem" time="0.0"/>
  <testcase name="a new update path generated by the sender should be successfully processed" classname="com.github.traderjoe95.mls.protocol.tree.TreeKem" time="0.0"/>
  <testcase name="the update path should be parent-hash valid" classname="com.github.traderjoe95.mls.protocol.tree.TreeKem" time="0.001"/>
  <testcase name="the tree hash after merging the update path should be cea7721064c48ec1471e68602b0dd5ea1762336293c7d1b381922c407b0ba6f3" classname="com.github.traderjoe95.mls.protocol.tree.TreeKem" time="0.001"/>
  <testcase name="the decrypted path secret should be 26ca286be35660472b68fe8bdd725648807b51b43243b96e550d799e63823d02" classname="com.github.traderjoe95.mls.protocol.tree.TreeKem" time="0.001"/>
  <testcase name="a new update path generated by the sender should be successfully processed" classname="com.github.traderjoe95.mls.protocol.tree.TreeKem" time="0.001"/>
  <testcase name="the update path should be parent-hash valid" classname="com.github.traderjoe95.mls.protocol.tree.TreeKem" time="0.0"/>
  <testcase name="the tree hash after merging the update path should be cea7721064c48ec1471e68602b0dd5ea1762336293c7d1b381922c407b0ba6f3" classname="com.github.traderjoe95.mls.protocol.tree.TreeKem" time="0.001"/>
  <testcase name="the decrypted path secret should be 26ca286be35660472b68fe8bdd725648807b51b43243b96e550d799e63823d02" classname="com.github.traderjoe95.mls.protocol.tree.TreeKem" time="0.001"/>
  <testcase name="a new update path generated by the sender should be successfully processed" classname="com.github.traderjoe95.mls.protocol.tree.TreeKem" time="0.001"/>
  <testcase name="the update path should be parent-hash valid" classname="com.github.traderjoe95.mls.protocol.tree.TreeKem" time="0.0"/>
  <testcase name="the tree hash after merging the update path should be cea7721064c48ec1471e68602b0dd5ea1762336293c7d1b381922c407b0ba6f3" classname="com.github.traderjoe95.mls.protocol.tree.TreeKem" time="0.001"/>
  <testcase name="the decrypted path secret should be 26ca286be35660472b68fe8bdd725648807b51b43243b96e550d799e63823d02" classname="com.github.traderjoe95.mls.protocol.tree.TreeKem" time="0.001"/>
  <testcase name="a new update path generated by the sender should be successfully processed" classname="com.github.traderjoe95.mls.protocol.tree.TreeKem" time="0.001"/>
  <testcase name="the update path should be parent-hash valid" classname="com.github.traderjoe95.mls.protocol.tree.TreeKem" time="0.0"/>
  <testcase name="the tree hash after merging the update path should be cea7721064c48ec1471e68602b0dd5ea1762336293c7d1b381922c407b0ba6f3" classname="com.github.traderjoe95.mls.protocol.tree.TreeKem" time="0.0"/>
  <testcase name="the decrypted path secret should be 26ca286be35660472b68fe8bdd725648807b51b43243b96e550d799e63823d02" classname="com.github.traderjoe95.mls.protocol.tree.TreeKem" time="0.001"/>
  <testcase name="a new update path generated by the sender should be successfully processed" classname="com.github.traderjoe95.mls.protocol.tree.TreeKem" time="0.001"/>
  <testcase name="the update path should be parent-hash valid" classname="com.github.traderjoe95.mls.protocol.tree.TreeKem" time="0.001"/>
  <testcase name="the tree hash after merging the update path should be 6ffa43b3948eb98a8a08ef7a19c47b2c728fdc053fd8d7d93c341ba647e1ed3c" classname="com.github.traderjoe95.mls.protocol.tree.TreeKem" time="0.0"/>
  <testcase name="the decrypted path secret should be 3f6252089302fadf22cf792807bd14cf1b534091833798d1b2ea9bb25fec025a" classname="com.github.traderjoe95.mls.protocol.tree.TreeKem" time="0.001"/>
  <testcase name="a new update path generated by the sender should be successfully processed" classname="com.github.traderjoe95.mls.protocol.tree.TreeKem" time="0.002"/>
  <testcase name="the update path should be parent-hash valid" classname="com.github.traderjoe95.mls.protocol.tree.TreeKem" time="0.001"/>
  <testcase name="the tree hash after merging the update path should be 6ffa43b3948eb98a8a08ef7a19c47b2c728fdc053fd8d7d93c341ba647e1ed3c" classname="com.github.traderjoe95.mls.protocol.tree.TreeKem" time="0.0"/>
  <testcase name="the decrypted path secret should be 9e80189eb5a98c2cadc190bc341c2a06421eaee4b055b46f14541e7d2a61f6a5" classname="com.github.traderjoe95.mls.protocol.tree.TreeKem" time="0.001"/>
  <testcase name="a new update path generated by the sender should be successfully processed" classname="com.github.traderjoe95.mls.protocol.tree.TreeKem" time="0.001"/>
  <testcase name="the update path should be parent-hash valid" classname="com.github.traderjoe95.mls.protocol.tree.TreeKem" time="0.0"/>
  <testcase name="the tree hash after merging the update path should be 6ffa43b3948eb98a8a08ef7a19c47b2c728fdc053fd8d7d93c341ba647e1ed3c" classname="com.github.traderjoe95.mls.protocol.tree.TreeKem" time="0.0"/>
  <testcase name="the decrypted path secret should be 9e80189eb5a98c2cadc190bc341c2a06421eaee4b055b46f14541e7d2a61f6a5" classname="com.github.traderjoe95.mls.protocol.tree.TreeKem" time="0.001"/>
  <testcase name="a new update path generated by the sender should be successfully processed" classname="com.github.traderjoe95.mls.protocol.tree.TreeKem" time="0.001"/>
  <testcase name="the update path should be parent-hash valid" classname="com.github.traderjoe95.mls.protocol.tree.TreeKem" time="0.0"/>
  <testcase name="the tree hash after merging the update path should be 6ffa43b3948eb98a8a08ef7a19c47b2c728fdc053fd8d7d93c341ba647e1ed3c" classname="com.github.traderjoe95.mls.protocol.tree.TreeKem" time="0.001"/>
  <testcase name="the decrypted path secret should be 2687d9da1330a4aa7ff7b184bf6cfe4c7b15abd364afc1c0d19fe6777d258320" classname="com.github.traderjoe95.mls.protocol.tree.TreeKem" time="0.001"/>
  <testcase name="a new update path generated by the sender should be successfully processed" classname="com.github.traderjoe95.mls.protocol.tree.TreeKem" time="0.001"/>
  <testcase name="the update path should be parent-hash valid" classname="com.github.traderjoe95.mls.protocol.tree.TreeKem" time="0.0"/>
  <testcase name="the tree hash after merging the update path should be 6ffa43b3948eb98a8a08ef7a19c47b2c728fdc053fd8d7d93c341ba647e1ed3c" classname="com.github.traderjoe95.mls.protocol.tree.TreeKem" time="0.0"/>
  <testcase name="the decrypted path secret should be 2687d9da1330a4aa7ff7b184bf6cfe4c7b15abd364afc1c0d19fe6777d258320" classname="com.github.traderjoe95.mls.protocol.tree.TreeKem" time="0.0"/>
  <testcase name="a new update path generated by the sender should be successfully processed" classname="com.github.traderjoe95.mls.protocol.tree.TreeKem" time="0.0"/>
  <testcase name="the update path should be parent-hash valid" classname="com.github.traderjoe95.mls.protocol.tree.TreeKem" time="0.0"/>
  <testcase name="the tree hash after merging the update path should be 6ffa43b3948eb98a8a08ef7a19c47b2c728fdc053fd8d7d93c341ba647e1ed3c" classname="com.github.traderjoe95.mls.protocol.tree.TreeKem" time="0.0"/>
  <testcase name="the decrypted path secret should be 2687d9da1330a4aa7ff7b184bf6cfe4c7b15abd364afc1c0d19fe6777d258320" classname="com.github.traderjoe95.mls.protocol.tree.TreeKem" time="0.0"/>
  <testcase name="a new update path generated by the sender should be successfully processed" classname="com.github.traderjoe95.mls.protocol.tree.TreeKem" time="0.0"/>
  <testcase name="the update path should be parent-hash valid" classname="com.github.traderjoe95.mls.protocol.tree.TreeKem" time="0.0"/>
  <testcase name="the tree hash after merging the update path should be 6ffa43b3948eb98a8a08ef7a19c47b2c728fdc053fd8d7d93c341ba647e1ed3c" classname="com.github.traderjoe95.mls.protocol.tree.TreeKem" time="0.0"/>
  <testcase name="the decrypted path secret should be 2687d9da1330a4aa7ff7b184bf6cfe4c7b15abd364afc1c0d19fe6777d258320" classname="com.github.traderjoe95.mls.protocol.tree.TreeKem" time="0.0"/>
  <testcase name="a new update path generated by the sender should be successfully processed" classname="com.github.traderjoe95.mls.protocol.tree.TreeKem" time="0.001"/>
  <testcase name="the update path should be parent-hash valid" classname="com.github.traderjoe95.mls.protocol.tree.TreeKem" time="0.0"/>
  <testcase name="the tree hash after merging the update path should be dc284357fadb6b063c80f9856ca7e36789fe2c557a9511285a412acdbe4988b3" classname="com.github.traderjoe95.mls.protocol.tree.TreeKem" time="0.0"/>
  <testcase name="the decrypted path secret should be 846e494212f3e46ad128c10c1fe8ea0f31c209e0dea0a380d25c886cf2966557" classname="com.github.traderjoe95.mls.protocol.tree.TreeKem" time="0.0"/>
  <testcase name="a new update path generated by the sender should be successfully processed" classname="com.github.traderjoe95.mls.protocol.tree.TreeKem" time="0.001"/>
  <testcase name="the update path should be parent-hash valid" classname="com.github.traderjoe95.mls.protocol.tree.TreeKem" time="0.0"/>
  <testcase name="the tree hash after merging the update path should be dc284357fadb6b063c80f9856ca7e36789fe2c557a9511285a412acdbe4988b3" classname="com.github.traderjoe95.mls.protocol.tree.TreeKem" time="0.0"/>
  <testcase name="the decrypted path secret should be 846e494212f3e46ad128c10c1fe8ea0f31c209e0dea0a380d25c886cf2966557" classname="com.github.traderjoe95.mls.protocol.tree.TreeKem" time="0.0"/>
  <testcase name="a new update path generated by the sender should be successfully processed" classname="com.github.traderjoe95.mls.protocol.tree.TreeKem" time="0.001"/>
  <testcase name="the update path should be parent-hash valid" classname="com.github.traderjoe95.mls.protocol.tree.TreeKem" time="0.0"/>
  <testcase name="the tree hash after merging the update path should be dc284357fadb6b063c80f9856ca7e36789fe2c557a9511285a412acdbe4988b3" classname="com.github.traderjoe95.mls.protocol.tree.TreeKem" time="0.001"/>
  <testcase name="the decrypted path secret should be a37685a5396621336e0c4ebb600f5f508683023a8cc294f7ce37a0b32edd9aaa" classname="com.github.traderjoe95.mls.protocol.tree.TreeKem" time="0.001"/>
  <testcase name="a new update path generated by the sender should be successfully processed" classname="com.github.traderjoe95.mls.protocol.tree.TreeKem" time="0.0"/>
  <testcase name="the update path should be parent-hash valid" classname="com.github.traderjoe95.mls.protocol.tree.TreeKem" time="0.001"/>
  <testcase name="the tree hash after merging the update path should be dc284357fadb6b063c80f9856ca7e36789fe2c557a9511285a412acdbe4988b3" classname="com.github.traderjoe95.mls.protocol.tree.TreeKem" time="0.001"/>
  <testcase name="the decrypted path secret should be 96c6634672501e46097564c12551e44d48833f18df0d7d319058dc973c979d69" classname="com.github.traderjoe95.mls.protocol.tree.TreeKem" time="0.001"/>
  <testcase name="a new update path generated by the sender should be successfully processed" classname="com.github.traderjoe95.mls.protocol.tree.TreeKem" time="0.001"/>
  <testcase name="the update path should be parent-hash valid" classname="com.github.traderjoe95.mls.protocol.tree.TreeKem" time="0.0"/>
  <testcase name="the tree hash after merging the update path should be dc284357fadb6b063c80f9856ca7e36789fe2c557a9511285a412acdbe4988b3" classname="com.github.traderjoe95.mls.protocol.tree.TreeKem" time="0.0"/>
  <testcase name="the decrypted path secret should be 96c6634672501e46097564c12551e44d48833f18df0d7d319058dc973c979d69" classname="com.github.traderjoe95.mls.protocol.tree.TreeKem" time="0.001"/>
  <testcase name="a new update path generated by the sender should be successfully processed" classname="com.github.traderjoe95.mls.protocol.tree.TreeKem" time="0.001"/>
  <testcase name="the update path should be parent-hash valid" classname="com.github.traderjoe95.mls.protocol.tree.TreeKem" time="0.0"/>
  <testcase name="the tree hash after merging the update path should be dc284357fadb6b063c80f9856ca7e36789fe2c557a9511285a412acdbe4988b3" classname="com.github.traderjoe95.mls.protocol.tree.TreeKem" time="0.0"/>
  <testcase name="the decrypted path secret should be 96c6634672501e46097564c12551e44d48833f18df0d7d319058dc973c979d69" classname="com.github.traderjoe95.mls.protocol.tree.TreeKem" time="0.0"/>
  <testcase name="a new update path generated by the sender should be successfully processed" classname="com.github.traderjoe95.mls.protocol.tree.TreeKem" time="0.001"/>
  <testcase name="the update path should be parent-hash valid" classname="com.github.traderjoe95.mls.protocol.tree.TreeKem" time="0.0"/>
  <testcase name="the tree hash after merging the update path should be dc284357fadb6b063c80f9856ca7e36789fe2c557a9511285a412acdbe4988b3" classname="com.github.traderjoe95.mls.protocol.tree.TreeKem" time="0.0"/>
  <testcase name="the decrypted path secret should be 96c6634672501e46097564c12551e44d48833f18df0d7d319058dc973c979d69" classname="com.github.traderjoe95.mls.protocol.tree.TreeKem" time="0.001"/>
  <testcase name="a new update path generated by the sender should be successfully processed" classname="com.github.traderjoe95.mls.protocol.tree.TreeKem" time="0.001"/>
  <testcase name="the update path should be parent-hash valid" classname="com.github.traderjoe95.mls.protocol.tree.TreeKem" time="0.0"/>
  <testcase name="the tree hash after merging the update path should be 5e1071fc09b1a73dc466de9ff3d8f90d811ea1d8f708a866a2e7b4f8d2613378" classname="com.github.traderjoe95.mls.protocol.tree.TreeKem" time="0.0"/>
  <testcase name="the decrypted path secret should be 6c6c7a4c2d635033dac02a83be043d5f98ee18c3238d9361d72717044b732e64" classname="com.github.traderjoe95.mls.protocol.tree.TreeKem" time="0.001"/>
  <testcase name="a new update path generated by the sender should be successfully processed" classname="com.github.traderjoe95.mls.protocol.tree.TreeKem" time="0.001"/>
  <testcase name="the update path should be parent-hash valid" classname="com.github.traderjoe95.mls.protocol.tree.TreeKem" time="0.0"/>
  <testcase name="the tree hash after merging the update path should be 5e1071fc09b1a73dc466de9ff3d8f90d811ea1d8f708a866a2e7b4f8d2613378" classname="com.github.traderjoe95.mls.protocol.tree.TreeKem" time="0.001"/>
  <testcase name="the decrypted path secret should be 6c6c7a4c2d635033dac02a83be043d5f98ee18c3238d9361d72717044b732e64" classname="com.github.traderjoe95.mls.protocol.tree.TreeKem" time="0.001"/>
  <testcase name="a new update path generated by the sender should be successfully processed" classname="com.github.traderjoe95.mls.protocol.tree.TreeKem" time="0.001"/>
  <testcase name="the update path should be parent-hash valid" classname="com.github.traderjoe95.mls.protocol.tree.TreeKem" time="0.0"/>
  <testcase name="the tree hash after merging the update path should be 5e1071fc09b1a73dc466de9ff3d8f90d811ea1d8f708a866a2e7b4f8d2613378" classname="com.github.traderjoe95.mls.protocol.tree.TreeKem" time="0.001"/>
  <testcase name="the decrypted path secret should be 174e4d1fb4471a6a754cf91057bbfcef0bd82c472eb508d5d28fa51ea162bfa6" classname="com.github.traderjoe95.mls.protocol.tree.TreeKem" time="0.001"/>
  <testcase name="a new update path generated by the sender should be successfully processed" classname="com.github.traderjoe95.mls.protocol.tree.TreeKem" time="0.001"/>
  <testcase name="the update path should be parent-hash valid" classname="com.github.traderjoe95.mls.protocol.tree.TreeKem" time="0.001"/>
  <testcase name="the tree hash after merging the update path should be 5e1071fc09b1a73dc466de9ff3d8f90d811ea1d8f708a866a2e7b4f8d2613378" classname="com.github.traderjoe95.mls.protocol.tree.TreeKem" time="0.0"/>
  <testcase name="the decrypted path secret should be b1f5efa044dae89fb8571f4a0b308de81bee08571349770ae90fab4f9bcf019a" classname="com.github.traderjoe95.mls.protocol.tree.TreeKem" time="0.0"/>
  <testcase name="a new update path generated by the sender should be successfully processed" classname="com.github.traderjoe95.mls.protocol.tree.TreeKem" time="0.0"/>
  <testcase name="the update path should be parent-hash valid" classname="com.github.traderjoe95.mls.protocol.tree.TreeKem" time="0.001"/>
  <testcase name="the tree hash after merging the update path should be 5e1071fc09b1a73dc466de9ff3d8f90d811ea1d8f708a866a2e7b4f8d2613378" classname="com.github.traderjoe95.mls.protocol.tree.TreeKem" time="0.0"/>
  <testcase name="the decrypted path secret should be b1f5efa044dae89fb8571f4a0b308de81bee08571349770ae90fab4f9bcf019a" classname="com.github.traderjoe95.mls.protocol.tree.TreeKem" time="0.0"/>
  <testcase name="a new update path generated by the sender should be successfully processed" classname="com.github.traderjoe95.mls.protocol.tree.TreeKem" time="0.0"/>
  <testcase name="the update path should be parent-hash valid" classname="com.github.traderjoe95.mls.protocol.tree.TreeKem" time="0.001"/>
  <testcase name="the tree hash after merging the update path should be 5e1071fc09b1a73dc466de9ff3d8f90d811ea1d8f708a866a2e7b4f8d2613378" classname="com.github.traderjoe95.mls.protocol.tree.TreeKem" time="0.0"/>
  <testcase name="the decrypted path secret should be b1f5efa044dae89fb8571f4a0b308de81bee08571349770ae90fab4f9bcf019a" classname="com.github.traderjoe95.mls.protocol.tree.TreeKem" time="0.0"/>
  <testcase name="a new update path generated by the sender should be successfully processed" classname="com.github.traderjoe95.mls.protocol.tree.TreeKem" time="0.0"/>
  <testcase name="the update path should be parent-hash valid" classname="com.github.traderjoe95.mls.protocol.tree.TreeKem" time="0.0"/>
  <testcase name="the tree hash after merging the update path should be 5e1071fc09b1a73dc466de9ff3d8f90d811ea1d8f708a866a2e7b4f8d2613378" classname="com.github.traderjoe95.mls.protocol.tree.TreeKem" time="0.001"/>
  <testcase name="the decrypted path secret should be b1f5efa044dae89fb8571f4a0b308de81bee08571349770ae90fab4f9bcf019a" classname="com.github.traderjoe95.mls.protocol.tree.TreeKem" time="0.0"/>
  <testcase name="a new update path generated by the sender should be successfully processed" classname="com.github.traderjoe95.mls.protocol.tree.TreeKem" time="0.001"/>
  <testcase name="the update path should be parent-hash valid" classname="com.github.traderjoe95.mls.protocol.tree.TreeKem" time="0.0"/>
  <testcase name="the tree hash after merging the update path should be a6034e5af77f679c16380ce35e154a5ef66d83100c949829ddb2c5025725f4a6" classname="com.github.traderjoe95.mls.protocol.tree.TreeKem" time="0.001"/>
  <testcase name="the decrypted path secret should be 084fcefe15bc47b1020da5a9c58392144e316e1d16864d69a67b63e32be78360" classname="com.github.traderjoe95.mls.protocol.tree.TreeKem" time="0.001"/>
  <testcase name="a new update path generated by the sender should be successfully processed" classname="com.github.traderjoe95.mls.protocol.tree.TreeKem" time="0.001"/>
  <testcase name="the update path should be parent-hash valid" classname="com.github.traderjoe95.mls.protocol.tree.TreeKem" time="0.0"/>
  <testcase name="the tree hash after merging the update path should be a6034e5af77f679c16380ce35e154a5ef66d83100c949829ddb2c5025725f4a6" classname="com.github.traderjoe95.mls.protocol.tree.TreeKem" time="0.001"/>
  <testcase name="the decrypted path secret should be 084fcefe15bc47b1020da5a9c58392144e316e1d16864d69a67b63e32be78360" classname="com.github.traderjoe95.mls.protocol.tree.TreeKem" time="0.001"/>
  <testcase name="a new update path generated by the sender should be successfully processed" classname="com.github.traderjoe95.mls.protocol.tree.TreeKem" time="0.001"/>
  <testcase name="the update path should be parent-hash valid" classname="com.github.traderjoe95.mls.protocol.tree.TreeKem" time="0.0"/>
  <testcase name="the tree hash after merging the update path should be a6034e5af77f679c16380ce35e154a5ef66d83100c949829ddb2c5025725f4a6" classname="com.github.traderjoe95.mls.protocol.tree.TreeKem" time="0.0"/>
  <testcase name="the decrypted path secret should be 084fcefe15bc47b1020da5a9c58392144e316e1d16864d69a67b63e32be78360" classname="com.github.traderjoe95.mls.protocol.tree.TreeKem" time="0.0"/>
  <testcase name="a new update path generated by the sender should be successfully processed" classname="com.github.traderjoe95.mls.protocol.tree.TreeKem" time="0.001"/>
  <testcase name="the update path should be parent-hash valid" classname="com.github.traderjoe95.mls.protocol.tree.TreeKem" time="0.0"/>
  <testcase name="the tree hash after merging the update path should be a6034e5af77f679c16380ce35e154a5ef66d83100c949829ddb2c5025725f4a6" classname="com.github.traderjoe95.mls.protocol.tree.TreeKem" time="0.0"/>
  <testcase name="the decrypted path secret should be 084fcefe15bc47b1020da5a9c58392144e316e1d16864d69a67b63e32be78360" classname="com.github.traderjoe95.mls.protocol.tree.TreeKem" time="0.0"/>
  <testcase name="a new update path generated by the sender should be successfully processed" classname="com.github.traderjoe95.mls.protocol.tree.TreeKem" time="0.0"/>
  <testcase name="the update path should be parent-hash valid" classname="com.github.traderjoe95.mls.protocol.tree.TreeKem" time="0.0"/>
  <testcase name="the tree hash after merging the update path should be a6034e5af77f679c16380ce35e154a5ef66d83100c949829ddb2c5025725f4a6" classname="com.github.traderjoe95.mls.protocol.tree.TreeKem" time="0.0"/>
  <testcase name="the decrypted path secret should be 4ed2dbe33d2e93ccec05e2f031bfb7d0cc4909b604a8d4bc840709b17efcece4" classname="com.github.traderjoe95.mls.protocol.tree.TreeKem" time="0.0"/>
  <testcase name="a new update path generated by the sender should be successfully processed" classname="com.github.traderjoe95.mls.protocol.tree.TreeKem" time="0.001"/>
  <testcase name="the update path should be parent-hash valid" classname="com.github.traderjoe95.mls.protocol.tree.TreeKem" time="0.0"/>
  <testcase name="the tree hash after merging the update path should be a6034e5af77f679c16380ce35e154a5ef66d83100c949829ddb2c5025725f4a6" classname="com.github.traderjoe95.mls.protocol.tree.TreeKem" time="0.0"/>
  <testcase name="the decrypted path secret should be d02e2bec4d83870829df72debfbdabad118a299360f4f32ab911c157f6e64ca4" classname="com.github.traderjoe95.mls.protocol.tree.TreeKem" time="0.0"/>
  <testcase name="a new update path generated by the sender should be successfully processed" classname="com.github.traderjoe95.mls.protocol.tree.TreeKem" time="0.0"/>
  <testcase name="the update path should be parent-hash valid" classname="com.github.traderjoe95.mls.protocol.tree.TreeKem" time="0.0"/>
  <testcase name="the tree hash after merging the update path should be a6034e5af77f679c16380ce35e154a5ef66d83100c949829ddb2c5025725f4a6" classname="com.github.traderjoe95.mls.protocol.tree.TreeKem" time="0.0"/>
  <testcase name="the decrypted path secret should be d02e2bec4d83870829df72debfbdabad118a299360f4f32ab911c157f6e64ca4" classname="com.github.traderjoe95.mls.protocol.tree.TreeKem" time="0.001"/>
  <testcase name="a new update path generated by the sender should be successfully processed" classname="com.github.traderjoe95.mls.protocol.tree.TreeKem" time="0.001"/>
  <testcase name="the update path should be parent-hash valid" classname="com.github.traderjoe95.mls.protocol.tree.TreeKem" time="0.0"/>
  <testcase name="the tree hash after merging the update path should be 136777ae30a8efc4042348b1f5b40e4c2b19ea94ffea89f71f0d7157735111be" classname="com.github.traderjoe95.mls.protocol.tree.TreeKem" time="0.0"/>
  <testcase name="the decrypted path secret should be 6fb36ff0bb14047e08c0d662f587286fc457cac00667ed0b3e964a7402a82ce9" classname="com.github.traderjoe95.mls.protocol.tree.TreeKem" time="0.0"/>
  <testcase name="a new update path generated by the sender should be successfully processed" classname="com.github.traderjoe95.mls.protocol.tree.TreeKem" time="0.001"/>
  <testcase name="the update path should be parent-hash valid" classname="com.github.traderjoe95.mls.protocol.tree.TreeKem" time="0.0"/>
  <testcase name="the tree hash after merging the update path should be 136777ae30a8efc4042348b1f5b40e4c2b19ea94ffea89f71f0d7157735111be" classname="com.github.traderjoe95.mls.protocol.tree.TreeKem" time="0.001"/>
  <testcase name="the decrypted path secret should be 6fb36ff0bb14047e08c0d662f587286fc457cac00667ed0b3e964a7402a82ce9" classname="com.github.traderjoe95.mls.protocol.tree.TreeKem" time="0.0"/>
  <testcase name="a new update path generated by the sender should be successfully processed" classname="com.github.traderjoe95.mls.protocol.tree.TreeKem" time="0.001"/>
  <testcase name="the update path should be parent-hash valid" classname="com.github.traderjoe95.mls.protocol.tree.TreeKem" time="0.001"/>
  <testcase name="the tree hash after merging the update path should be 136777ae30a8efc4042348b1f5b40e4c2b19ea94ffea89f71f0d7157735111be" classname="com.github.traderjoe95.mls.protocol.tree.TreeKem" time="0.0"/>
  <testcase name="the decrypted path secret should be 6fb36ff0bb14047e08c0d662f587286fc457cac00667ed0b3e964a7402a82ce9" classname="com.github.traderjoe95.mls.protocol.tree.TreeKem" time="0.0"/>
  <testcase name="a new update path generated by the sender should be successfully processed" classname="com.github.traderjoe95.mls.protocol.tree.TreeKem" time="0.0"/>
  <testcase name="the update path should be parent-hash valid" classname="com.github.traderjoe95.mls.protocol.tree.TreeKem" time="0.001"/>
  <testcase name="the tree hash after merging the update path should be 136777ae30a8efc4042348b1f5b40e4c2b19ea94ffea89f71f0d7157735111be" classname="com.github.traderjoe95.mls.protocol.tree.TreeKem" time="0.0"/>
  <testcase name="the decrypted path secret should be 6fb36ff0bb14047e08c0d662f587286fc457cac00667ed0b3e964a7402a82ce9" classname="com.github.traderjoe95.mls.protocol.tree.TreeKem" time="0.0"/>
  <testcase name="a new update path generated by the sender should be successfully processed" classname="com.github.traderjoe95.mls.protocol.tree.TreeKem" time="0.001"/>
  <testcase name="the update path should be parent-hash valid" classname="com.github.traderjoe95.mls.protocol.tree.TreeKem" time="0.0"/>
  <testcase name="the tree hash after merging the update path should be 136777ae30a8efc4042348b1f5b40e4c2b19ea94ffea89f71f0d7157735111be" classname="com.github.traderjoe95.mls.protocol.tree.TreeKem" time="0.0"/>
  <testcase name="the decrypted path secret should be 15c337090ce74a93f68eddbd506bb687dd82597e4bee4d3aaba8c32e1a336636" classname="com.github.traderjoe95.mls.protocol.tree.TreeKem" time="0.0"/>
  <testcase name="a new update path generated by the sender should be successfully processed" classname="com.github.traderjoe95.mls.protocol.tree.TreeKem" time="0.0"/>
  <testcase name="the update path should be parent-hash valid" classname="com.github.traderjoe95.mls.protocol.tree.TreeKem" time="0.001"/>
  <testcase name="the tree hash after merging the update path should be 136777ae30a8efc4042348b1f5b40e4c2b19ea94ffea89f71f0d7157735111be" classname="com.github.traderjoe95.mls.protocol.tree.TreeKem" time="0.0"/>
  <testcase name="the decrypted path secret should be 07f4aa813259ad5c561b6f113634951caefc544e692361d372f47f04be039633" classname="com.github.traderjoe95.mls.protocol.tree.TreeKem" time="0.001"/>
  <testcase name="a new update path generated by the sender should be successfully processed" classname="com.github.traderjoe95.mls.protocol.tree.TreeKem" time="0.001"/>
  <testcase name="the update path should be parent-hash valid" classname="com.github.traderjoe95.mls.protocol.tree.TreeKem" time="0.0"/>
  <testcase name="the tree hash after merging the update path should be 136777ae30a8efc4042348b1f5b40e4c2b19ea94ffea89f71f0d7157735111be" classname="com.github.traderjoe95.mls.protocol.tree.TreeKem" time="0.0"/>
  <testcase name="the decrypted path secret should be 07f4aa813259ad5c561b6f113634951caefc544e692361d372f47f04be039633" classname="com.github.traderjoe95.mls.protocol.tree.TreeKem" time="0.0"/>
  <testcase name="a new update path generated by the sender should be successfully processed" classname="com.github.traderjoe95.mls.protocol.tree.TreeKem" time="0.001"/>
  <testcase name="the update path should be parent-hash valid" classname="com.github.traderjoe95.mls.protocol.tree.TreeKem" time="0.0"/>
  <testcase name="the tree hash after merging the update path should be b3127833190821048e9eb4a9ac12476e4951bdcc559e6b15b5935a459f68bc98" classname="com.github.traderjoe95.mls.protocol.tree.TreeKem" time="0.001"/>
  <testcase name="the decrypted path secret should be 25b314a45355f787956df2112bcd2ba6fada6c56dfc6c2056ef78b050cd8d351" classname="com.github.traderjoe95.mls.protocol.tree.TreeKem" time="0.001"/>
  <testcase name="a new update path generated by the sender should be successfully processed" classname="com.github.traderjoe95.mls.protocol.tree.TreeKem" time="0.001"/>
  <testcase name="the update path should be parent-hash valid" classname="com.github.traderjoe95.mls.protocol.tree.TreeKem" time="0.0"/>
  <testcase name="the tree hash after merging the update path should be b3127833190821048e9eb4a9ac12476e4951bdcc559e6b15b5935a459f68bc98" classname="com.github.traderjoe95.mls.protocol.tree.TreeKem" time="0.0"/>
  <testcase name="the decrypted path secret should be 25b314a45355f787956df2112bcd2ba6fada6c56dfc6c2056ef78b050cd8d351" classname="com.github.traderjoe95.mls.protocol.tree.TreeKem" time="0.0"/>
  <testcase name="a new update path generated by the sender should be successfully processed" classname="com.github.traderjoe95.mls.protocol.tree.TreeKem" time="0.0"/>
  <testcase name="the update path should be parent-hash valid" classname="com.github.traderjoe95.mls.protocol.tree.TreeKem" time="0.0"/>
  <testcase name="the tree hash after merging the update path should be b3127833190821048e9eb4a9ac12476e4951bdcc559e6b15b5935a459f68bc98" classname="com.github.traderjoe95.mls.protocol.tree.TreeKem" time="0.001"/>
  <testcase name="the decrypted path secret should be 25b314a45355f787956df2112bcd2ba6fada6c56dfc6c2056ef78b050cd8d351" classname="com.github.traderjoe95.mls.protocol.tree.TreeKem" time="0.001"/>
  <testcase name="a new update path generated by the sender should be successfully processed" classname="com.github.traderjoe95.mls.protocol.tree.TreeKem" time="0.001"/>
  <testcase name="the update path should be parent-hash valid" classname="com.github.traderjoe95.mls.protocol.tree.TreeKem" time="0.0"/>
  <testcase name="the tree hash after merging the update path should be b3127833190821048e9eb4a9ac12476e4951bdcc559e6b15b5935a459f68bc98" classname="com.github.traderjoe95.mls.protocol.tree.TreeKem" time="0.0"/>
  <testcase name="the decrypted path secret should be 25b314a45355f787956df2112bcd2ba6fada6c56dfc6c2056ef78b050cd8d351" classname="com.github.traderjoe95.mls.protocol.tree.TreeKem" time="0.001"/>
  <testcase name="a new update path generated by the sender should be successfully processed" classname="com.github.traderjoe95.mls.protocol.tree.TreeKem" time="0.001"/>
  <testcase name="the update path should be parent-hash valid" classname="com.github.traderjoe95.mls.protocol.tree.TreeKem" time="0.0"/>
  <testcase name="the tree hash after merging the update path should be b3127833190821048e9eb4a9ac12476e4951bdcc559e6b15b5935a459f68bc98" classname="com.github.traderjoe95.mls.protocol.tree.TreeKem" time="0.001"/>
  <testcase name="the decrypted path secret should be cbbdf48d4380ef8d7844f5ab6d83fdb395ddcea28dbf7f2cf9eb53d9332a3c08" classname="com.github.traderjoe95.mls.protocol.tree.TreeKem" time="0.001"/>
  <testcase name="a new update path generated by the sender should be successfully processed" classname="com.github.traderjoe95.mls.protocol.tree.TreeKem" time="0.001"/>
  <testcase name="the update path should be parent-hash valid" classname="com.github.traderjoe95.mls.protocol.tree.TreeKem" time="0.001"/>
  <testcase name="the tree hash after merging the update path should be b3127833190821048e9eb4a9ac12476e4951bdcc559e6b15b5935a459f68bc98" classname="com.github.traderjoe95.mls.protocol.tree.TreeKem" time="0.001"/>
  <testcase name="the decrypted path secret should be cbbdf48d4380ef8d7844f5ab6d83fdb395ddcea28dbf7f2cf9eb53d9332a3c08" classname="com.github.traderjoe95.mls.protocol.tree.TreeKem" time="0.001"/>
  <testcase name="a new update path generated by the sender should be successfully processed" classname="com.github.traderjoe95.mls.protocol.tree.TreeKem" time="0.002"/>
  <testcase name="the update path should be parent-hash valid" classname="com.github.traderjoe95.mls.protocol.tree.TreeKem" time="0.0"/>
  <testcase name="the tree hash after merging the update path should be b3127833190821048e9eb4a9ac12476e4951bdcc559e6b15b5935a459f68bc98" classname="com.github.traderjoe95.mls.protocol.tree.TreeKem" time="0.001"/>
  <testcase name="the decrypted path secret should be c5509ea22ec2734b9628ed315392fec79a2a71b1ecbff3c7295eafd5c2f89d08" classname="com.github.traderjoe95.mls.protocol.tree.TreeKem" time="0.001"/>
  <testcase name="a new update path generated by the sender should be successfully processed" classname="com.github.traderjoe95.mls.protocol.tree.TreeKem" time="0.001"/>
  <testcase name="the update path should be parent-hash valid" classname="com.github.traderjoe95.mls.protocol.tree.TreeKem" time="0.0"/>
  <testcase name="the tree hash after merging the update path should be 1a9a18102f898e1334fd95c0ac2e5ab57baaa12b09e56e3e13feb35e32c950d1" classname="com.github.traderjoe95.mls.protocol.tree.TreeKem" time="0.0"/>
  <testcase name="the decrypted path secret should be 27e7df12c58a7f23543e7ffaf36a80de3fe9999eca2cc1c8c49f178c80d26af9" classname="com.github.traderjoe95.mls.protocol.tree.TreeKem" time="0.0"/>
  <testcase name="a new update path generated by the sender should be successfully processed" classname="com.github.traderjoe95.mls.protocol.tree.TreeKem" time="0.001"/>
  <testcase name="the update path should be parent-hash valid" classname="com.github.traderjoe95.mls.protocol.tree.TreeKem" time="0.0"/>
  <testcase name="the tree hash after merging the update path should be 1a9a18102f898e1334fd95c0ac2e5ab57baaa12b09e56e3e13feb35e32c950d1" classname="com.github.traderjoe95.mls.protocol.tree.TreeKem" time="0.001"/>
  <testcase name="the decrypted path secret should be 27e7df12c58a7f23543e7ffaf36a80de3fe9999eca2cc1c8c49f178c80d26af9" classname="com.github.traderjoe95.mls.protocol.tree.TreeKem" time="0.001"/>
  <testcase name="a new update path generated by the sender should be successfully processed" classname="com.github.traderjoe95.mls.protocol.tree.TreeKem" time="0.001"/>
  <testcase name="the update path should be parent-hash valid" classname="com.github.traderjoe95.mls.protocol.tree.TreeKem" time="0.0"/>
  <testcase name="the tree hash after merging the update path should be 1a9a18102f898e1334fd95c0ac2e5ab57baaa12b09e56e3e13feb35e32c950d1" classname="com.github.traderjoe95.mls.protocol.tree.TreeKem" time="0.0"/>
  <testcase name="the decrypted path secret should be 27e7df12c58a7f23543e7ffaf36a80de3fe9999eca2cc1c8c49f178c80d26af9" classname="com.github.traderjoe95.mls.protocol.tree.TreeKem" time="0.001"/>
  <testcase name="a new update path generated by the sender should be successfully processed" classname="com.github.traderjoe95.mls.protocol.tree.TreeKem" time="0.001"/>
  <testcase name="the update path should be parent-hash valid" classname="com.github.traderjoe95.mls.protocol.tree.TreeKem" time="0.0"/>
  <testcase name="the tree hash after merging the update path should be 1a9a18102f898e1334fd95c0ac2e5ab57baaa12b09e56e3e13feb35e32c950d1" classname="com.github.traderjoe95.mls.protocol.tree.TreeKem" time="0.0"/>
  <testcase name="the decrypted path secret should be 27e7df12c58a7f23543e7ffaf36a80de3fe9999eca2cc1c8c49f178c80d26af9" classname="com.github.traderjoe95.mls.protocol.tree.TreeKem" time="0.0"/>
  <testcase name="a new update path generated by the sender should be successfully processed" classname="com.github.traderjoe95.mls.protocol.tree.TreeKem" time="0.0"/>
  <testcase name="the update path should be parent-hash valid" classname="com.github.traderjoe95.mls.protocol.tree.TreeKem" time="0.001"/>
  <testcase name="the tree hash after merging the update path should be 1a9a18102f898e1334fd95c0ac2e5ab57baaa12b09e56e3e13feb35e32c950d1" classname="com.github.traderjoe95.mls.protocol.tree.TreeKem" time="0.0"/>
  <testcase name="the decrypted path secret should be f5dfe321e65a7c3d62f75a009ba6094524db7e17344d43ecf1a359717a1496f5" classname="com.github.traderjoe95.mls.protocol.tree.TreeKem" time="0.0"/>
  <testcase name="a new update path generated by the sender should be successfully processed" classname="com.github.traderjoe95.mls.protocol.tree.TreeKem" time="0.0"/>
  <testcase name="the update path should be parent-hash valid" classname="com.github.traderjoe95.mls.protocol.tree.TreeKem" time="0.001"/>
  <testcase name="the tree hash after merging the update path should be 1a9a18102f898e1334fd95c0ac2e5ab57baaa12b09e56e3e13feb35e32c950d1" classname="com.github.traderjoe95.mls.protocol.tree.TreeKem" time="0.0"/>
  <testcase name="the decrypted path secret should be f5dfe321e65a7c3d62f75a009ba6094524db7e17344d43ecf1a359717a1496f5" classname="com.github.traderjoe95.mls.protocol.tree.TreeKem" time="0.0"/>
  <testcase name="a new update path generated by the sender should be successfully processed" classname="com.github.traderjoe95.mls.protocol.tree.TreeKem" time="0.001"/>
  <testcase name="the update path should be parent-hash valid" classname="com.github.traderjoe95.mls.protocol.tree.TreeKem" time="0.0"/>
  <testcase name="the tree hash after merging the update path should be 1a9a18102f898e1334fd95c0ac2e5ab57baaa12b09e56e3e13feb35e32c950d1" classname="com.github.traderjoe95.mls.protocol.tree.TreeKem" time="0.001"/>
  <testcase name="the decrypted path secret should be f5675b31fbf270647536e987d7cfb1559d7288f3812f63f7ef1a65d8185ee827" classname="com.github.traderjoe95.mls.protocol.tree.TreeKem" time="0.001"/>
  <testcase name="a new update path generated by the sender should be successfully processed" classname="com.github.traderjoe95.mls.protocol.tree.TreeKem" time="0.001"/>
  <testcase name="non-blank leaf 0 should be consistent with the public state" classname="com.github.traderjoe95.mls.protocol.tree.TreeKem" time="0.0"/>
  <testcase name="non-blank leaf 1 should be consistent with the public state" classname="com.github.traderjoe95.mls.protocol.tree.TreeKem" time="0.0"/>
  <testcase name="non-blank leaf 2 should be consistent with the public state" classname="com.github.traderjoe95.mls.protocol.tree.TreeKem" time="0.0"/>
  <testcase name="non-blank leaf 4 should be consistent with the public state" classname="com.github.traderjoe95.mls.protocol.tree.TreeKem" time="0.0"/>
  <testcase name="non-blank leaf 5 should be consistent with the public state" classname="com.github.traderjoe95.mls.protocol.tree.TreeKem" time="0.001"/>
  <testcase name="non-blank leaf 6 should be consistent with the public state" classname="com.github.traderjoe95.mls.protocol.tree.TreeKem" time="0.001"/>
  <testcase name="non-blank leaf 7 should be consistent with the public state" classname="com.github.traderjoe95.mls.protocol.tree.TreeKem" time="0.001"/>
  <testcase name="the update path should be parent-hash valid" classname="com.github.traderjoe95.mls.protocol.tree.TreeKem" time="0.0"/>
  <testcase name="the tree hash after merging the update path should be 6ad04c5b73bb78209675d0afdf42b36d7f12d12e756f1d9c78efda5b72f07425" classname="com.github.traderjoe95.mls.protocol.tree.TreeKem" time="0.0"/>
  <testcase name="the decrypted path secret should be 0086299b9d01ed7a1a7955a82adfadda2bb288380b4e519829b3826edc325593" classname="com.github.traderjoe95.mls.protocol.tree.TreeKem" time="0.0"/>
  <testcase name="a new update path generated by the sender should be successfully processed" classname="com.github.traderjoe95.mls.protocol.tree.TreeKem" time="0.0"/>
  <testcase name="the update path should be parent-hash valid" classname="com.github.traderjoe95.mls.protocol.tree.TreeKem" time="0.001"/>
  <testcase name="the tree hash after merging the update path should be 6ad04c5b73bb78209675d0afdf42b36d7f12d12e756f1d9c78efda5b72f07425" classname="com.github.traderjoe95.mls.protocol.tree.TreeKem" time="0.001"/>
  <testcase name="the decrypted path secret should be db1747a0f55220d800c21c1b0bb1a6ea2635d66717107602e286364fa35b8d61" classname="com.github.traderjoe95.mls.protocol.tree.TreeKem" time="0.001"/>
  <testcase name="a new update path generated by the sender should be successfully processed" classname="com.github.traderjoe95.mls.protocol.tree.TreeKem" time="0.001"/>
  <testcase name="the update path should be parent-hash valid" classname="com.github.traderjoe95.mls.protocol.tree.TreeKem" time="0.001"/>
  <testcase name="the tree hash after merging the update path should be 6ad04c5b73bb78209675d0afdf42b36d7f12d12e756f1d9c78efda5b72f07425" classname="com.github.traderjoe95.mls.protocol.tree.TreeKem" time="0.001"/>
  <testcase name="the decrypted path secret should be 8ef04c5f11440d546cc490fc8191d1bef50aace443dd1c77e5af20d475a97824" classname="com.github.traderjoe95.mls.protocol.tree.TreeKem" time="0.001"/>
  <testcase name="a new update path generated by the sender should be successfully processed" classname="com.github.traderjoe95.mls.protocol.tree.TreeKem" time="0.001"/>
  <testcase name="the update path should be parent-hash valid" classname="com.github.traderjoe95.mls.protocol.tree.TreeKem" time="0.0"/>
  <testcase name="the tree hash after merging the update path should be 6ad04c5b73bb78209675d0afdf42b36d7f12d12e756f1d9c78efda5b72f07425" classname="com.github.traderjoe95.mls.protocol.tree.TreeKem" time="0.0"/>
  <testcase name="the decrypted path secret should be 8ef04c5f11440d546cc490fc8191d1bef50aace443dd1c77e5af20d475a97824" classname="com.github.traderjoe95.mls.protocol.tree.TreeKem" time="0.0"/>
  <testcase name="a new update path generated by the sender should be successfully processed" classname="com.github.traderjoe95.mls.protocol.tree.TreeKem" time="0.0"/>
  <testcase name="the update path should be parent-hash valid" classname="com.github.traderjoe95.mls.protocol.tree.TreeKem" time="0.001"/>
  <testcase name="the tree hash after merging the update path should be 6ad04c5b73bb78209675d0afdf42b36d7f12d12e756f1d9c78efda5b72f07425" classname="com.github.traderjoe95.mls.protocol.tree.TreeKem" time="0.0"/>
  <testcase name="the decrypted path secret should be 8ef04c5f11440d546cc490fc8191d1bef50aace443dd1c77e5af20d475a97824" classname="com.github.traderjoe95.mls.protocol.tree.TreeKem" time="0.001"/>
  <testcase name="a new update path generated by the sender should be successfully processed" classname="com.github.traderjoe95.mls.protocol.tree.TreeKem" time="0.001"/>
  <testcase name="the update path should be parent-hash valid" classname="com.github.traderjoe95.mls.protocol.tree.TreeKem" time="0.0"/>
  <testcase name="the tree hash after merging the update path should be 6ad04c5b73bb78209675d0afdf42b36d7f12d12e756f1d9c78efda5b72f07425" classname="com.github.traderjoe95.mls.protocol.tree.TreeKem" time="0.0"/>
  <testcase name="the decrypted path secret should be 8ef04c5f11440d546cc490fc8191d1bef50aace443dd1c77e5af20d475a97824" classname="com.github.traderjoe95.mls.protocol.tree.TreeKem" time="0.0"/>
  <testcase name="a new update path generated by the sender should be successfully processed" classname="com.github.traderjoe95.mls.protocol.tree.TreeKem" time="0.0"/>
  <testcase name="the update path should be parent-hash valid" classname="com.github.traderjoe95.mls.protocol.tree.TreeKem" time="0.0"/>
  <testcase name="the tree hash after merging the update path should be 6dc77ffbf0263fa30ef8fbc9bc8d1abba60e2780905d269427a3f7a4772c0be3" classname="com.github.traderjoe95.mls.protocol.tree.TreeKem" time="0.0"/>
  <testcase name="the decrypted path secret should be 95a48761af908fd12b01ebef1dc3850e96f0e78386b10362bc3927d7e049f570" classname="com.github.traderjoe95.mls.protocol.tree.TreeKem" time="0.0"/>
  <testcase name="a new update path generated by the sender should be successfully processed" classname="com.github.traderjoe95.mls.protocol.tree.TreeKem" time="0.001"/>
  <testcase name="the update path should be parent-hash valid" classname="com.github.traderjoe95.mls.protocol.tree.TreeKem" time="0.0"/>
  <testcase name="the tree hash after merging the update path should be 6dc77ffbf0263fa30ef8fbc9bc8d1abba60e2780905d269427a3f7a4772c0be3" classname="com.github.traderjoe95.mls.protocol.tree.TreeKem" time="0.001"/>
  <testcase name="the decrypted path secret should be 9a4e5ec1e974bfe9eb2815897b689c19413a6fd846d3e303ffdb91110dc1726a" classname="com.github.traderjoe95.mls.protocol.tree.TreeKem" time="0.0"/>
  <testcase name="a new update path generated by the sender should be successfully processed" classname="com.github.traderjoe95.mls.protocol.tree.TreeKem" time="0.001"/>
  <testcase name="the update path should be parent-hash valid" classname="com.github.traderjoe95.mls.protocol.tree.TreeKem" time="0.0"/>
  <testcase name="the tree hash after merging the update path should be 6dc77ffbf0263fa30ef8fbc9bc8d1abba60e2780905d269427a3f7a4772c0be3" classname="com.github.traderjoe95.mls.protocol.tree.TreeKem" time="0.001"/>
  <testcase name="the decrypted path secret should be ad2c8323241adb327458c20028bebd8b2bba7c68509ba4fdfd5bf77217171d96" classname="com.github.traderjoe95.mls.protocol.tree.TreeKem" time="0.0"/>
  <testcase name="a new update path generated by the sender should be successfully processed" classname="com.github.traderjoe95.mls.protocol.tree.TreeKem" time="0.001"/>
  <testcase name="the update path should be parent-hash valid" classname="com.github.traderjoe95.mls.protocol.tree.TreeKem" time="0.001"/>
  <testcase name="the tree hash after merging the update path should be 6dc77ffbf0263fa30ef8fbc9bc8d1abba60e2780905d269427a3f7a4772c0be3" classname="com.github.traderjoe95.mls.protocol.tree.TreeKem" time="0.001"/>
  <testcase name="the decrypted path secret should be ad2c8323241adb327458c20028bebd8b2bba7c68509ba4fdfd5bf77217171d96" classname="com.github.traderjoe95.mls.protocol.tree.TreeKem" time="0.001"/>
  <testcase name="a new update path generated by the sender should be successfully processed" classname="com.github.traderjoe95.mls.protocol.tree.TreeKem" time="0.0"/>
  <testcase name="the update path should be parent-hash valid" classname="com.github.traderjoe95.mls.protocol.tree.TreeKem" time="0.0"/>
  <testcase name="the tree hash after merging the update path should be 6dc77ffbf0263fa30ef8fbc9bc8d1abba60e2780905d269427a3f7a4772c0be3" classname="com.github.traderjoe95.mls.protocol.tree.TreeKem" time="0.0"/>
  <testcase name="the decrypted path secret should be ad2c8323241adb327458c20028bebd8b2bba7c68509ba4fdfd5bf77217171d96" classname="com.github.traderjoe95.mls.protocol.tree.TreeKem" time="0.001"/>
  <testcase name="a new update path generated by the sender should be successfully processed" classname="com.github.traderjoe95.mls.protocol.tree.TreeKem" time="0.0"/>
  <testcase name="the update path should be parent-hash valid" classname="com.github.traderjoe95.mls.protocol.tree.TreeKem" time="0.001"/>
  <testcase name="the tree hash after merging the update path should be 6dc77ffbf0263fa30ef8fbc9bc8d1abba60e2780905d269427a3f7a4772c0be3" classname="com.github.traderjoe95.mls.protocol.tree.TreeKem" time="0.0"/>
  <testcase name="the decrypted path secret should be ad2c8323241adb327458c20028bebd8b2bba7c68509ba4fdfd5bf77217171d96" classname="com.github.traderjoe95.mls.protocol.tree.TreeKem" time="0.0"/>
  <testcase name="a new update path generated by the sender should be successfully processed" classname="com.github.traderjoe95.mls.protocol.tree.TreeKem" time="0.001"/>
  <testcase name="the update path should be parent-hash valid" classname="com.github.traderjoe95.mls.protocol.tree.TreeKem" time="0.001"/>
  <testcase name="the tree hash after merging the update path should be edc9df36397b4d04c929803bd9246bd9a7604f08ee6bcdcf9896725c310aad33" classname="com.github.traderjoe95.mls.protocol.tree.TreeKem" time="0.001"/>
  <testcase name="the decrypted path secret should be b0b3b03e26b82348d84611638eb778caf67bfebd6d4ba64ee287e4748ca66d99" classname="com.github.traderjoe95.mls.protocol.tree.TreeKem" time="0.001"/>
  <testcase name="a new update path generated by the sender should be successfully processed" classname="com.github.traderjoe95.mls.protocol.tree.TreeKem" time="0.001"/>
  <testcase name="the update path should be parent-hash valid" classname="com.github.traderjoe95.mls.protocol.tree.TreeKem" time="0.0"/>
  <testcase name="the tree hash after merging the update path should be edc9df36397b4d04c929803bd9246bd9a7604f08ee6bcdcf9896725c310aad33" classname="com.github.traderjoe95.mls.protocol.tree.TreeKem" time="0.0"/>
  <testcase name="the decrypted path secret should be b0b3b03e26b82348d84611638eb778caf67bfebd6d4ba64ee287e4748ca66d99" classname="com.github.traderjoe95.mls.protocol.tree.TreeKem" time="0.0"/>
  <testcase name="a new update path generated by the sender should be successfully processed" classname="com.github.traderjoe95.mls.protocol.tree.TreeKem" time="0.001"/>
  <testcase name="the update path should be parent-hash valid" classname="com.github.traderjoe95.mls.protocol.tree.TreeKem" time="0.0"/>
  <testcase name="the tree hash after merging the update path should be edc9df36397b4d04c929803bd9246bd9a7604f08ee6bcdcf9896725c310aad33" classname="com.github.traderjoe95.mls.protocol.tree.TreeKem" time="0.0"/>
  <testcase name="the decrypted path secret should be bff7d38bf572e40c101822a15aca63597ba674be9fab3ed0a9374c95e6334199" classname="com.github.traderjoe95.mls.protocol.tree.TreeKem" time="0.0"/>
  <testcase name="a new update path generated by the sender should be successfully processed" classname="com.github.traderjoe95.mls.protocol.tree.TreeKem" time="0.001"/>
  <testcase name="the update path should be parent-hash valid" classname="com.github.traderjoe95.mls.protocol.tree.TreeKem" time="0.0"/>
  <testcase name="the tree hash after merging the update path should be edc9df36397b4d04c929803bd9246bd9a7604f08ee6bcdcf9896725c310aad33" classname="com.github.traderjoe95.mls.protocol.tree.TreeKem" time="0.001"/>
  <testcase name="the decrypted path secret should be bff7d38bf572e40c101822a15aca63597ba674be9fab3ed0a9374c95e6334199" classname="com.github.traderjoe95.mls.protocol.tree.TreeKem" time="0.001"/>
  <testcase name="a new update path generated by the sender should be successfully processed" classname="com.github.traderjoe95.mls.protocol.tree.TreeKem" time="0.001"/>
  <testcase name="the update path should be parent-hash valid" classname="com.github.traderjoe95.mls.protocol.tree.TreeKem" time="0.0"/>
  <testcase name="the tree hash after merging the update path should be edc9df36397b4d04c929803bd9246bd9a7604f08ee6bcdcf9896725c310aad33" classname="com.github.traderjoe95.mls.protocol.tree.TreeKem" time="0.0"/>
  <testcase name="the decrypted path secret should be bff7d38bf572e40c101822a15aca63597ba674be9fab3ed0a9374c95e6334199" classname="com.github.traderjoe95.mls.protocol.tree.TreeKem" time="0.0"/>
  <testcase name="a new update path generated by the sender should be successfully processed" classname="com.github.traderjoe95.mls.protocol.tree.TreeKem" time="0.0"/>
  <testcase name="the update path should be parent-hash valid" classname="com.github.traderjoe95.mls.protocol.tree.TreeKem" time="0.0"/>
  <testcase name="the tree hash after merging the update path should be edc9df36397b4d04c929803bd9246bd9a7604f08ee6bcdcf9896725c310aad33" classname="com.github.traderjoe95.mls.protocol.tree.TreeKem" time="0.001"/>
  <testcase name="the decrypted path secret should be bff7d38bf572e40c101822a15aca63597ba674be9fab3ed0a9374c95e6334199" classname="com.github.traderjoe95.mls.protocol.tree.TreeKem" time="0.0"/>
  <testcase name="a new update path generated by the sender should be successfully processed" classname="com.github.traderjoe95.mls.protocol.tree.TreeKem" time="0.0"/>
  <testcase name="the update path should be parent-hash valid" classname="com.github.traderjoe95.mls.protocol.tree.TreeKem" time="0.001"/>
  <testcase name="the tree hash after merging the update path should be c4218dd506537fd36b5f9cf8c5b7d6f3496cba5eab262a1a729f893d64202549" classname="com.github.traderjoe95.mls.protocol.tree.TreeKem" time="0.001"/>
  <testcase name="the decrypted path secret should be b2a7793baae35ad50230dab11b5b0f0816d4e44fc353df1711295a6646cc7c2f" classname="com.github.traderjoe95.mls.protocol.tree.TreeKem" time="0.001"/>
  <testcase name="a new update path generated by the sender should be successfully processed" classname="com.github.traderjoe95.mls.protocol.tree.TreeKem" time="0.001"/>
  <testcase name="the update path should be parent-hash valid" classname="com.github.traderjoe95.mls.protocol.tree.TreeKem" time="0.0"/>
  <testcase name="the tree hash after merging the update path should be c4218dd506537fd36b5f9cf8c5b7d6f3496cba5eab262a1a729f893d64202549" classname="com.github.traderjoe95.mls.protocol.tree.TreeKem" time="0.0"/>
  <testcase name="the decrypted path secret should be b2a7793baae35ad50230dab11b5b0f0816d4e44fc353df1711295a6646cc7c2f" classname="com.github.traderjoe95.mls.protocol.tree.TreeKem" time="0.0"/>
  <testcase name="a new update path generated by the sender should be successfully processed" classname="com.github.traderjoe95.mls.protocol.tree.TreeKem" time="0.001"/>
  <testcase name="the update path should be parent-hash valid" classname="com.github.traderjoe95.mls.protocol.tree.TreeKem" time="0.0"/>
  <testcase name="the tree hash after merging the update path should be c4218dd506537fd36b5f9cf8c5b7d6f3496cba5eab262a1a729f893d64202549" classname="com.github.traderjoe95.mls.protocol.tree.TreeKem" time="0.0"/>
  <testcase name="the decrypted path secret should be b2a7793baae35ad50230dab11b5b0f0816d4e44fc353df1711295a6646cc7c2f" classname="com.github.traderjoe95.mls.protocol.tree.TreeKem" time="0.0"/>
  <testcase name="a new update path generated by the sender should be successfully processed" classname="com.github.traderjoe95.mls.protocol.tree.TreeKem" time="0.0"/>
  <testcase name="the update path should be parent-hash valid" classname="com.github.traderjoe95.mls.protocol.tree.TreeKem" time="0.001"/>
  <testcase name="the tree hash after merging the update path should be c4218dd506537fd36b5f9cf8c5b7d6f3496cba5eab262a1a729f893d64202549" classname="com.github.traderjoe95.mls.protocol.tree.TreeKem" time="0.0"/>
  <testcase name="the decrypted path secret should be 3fd860d772660890f2a1cd13647394e94b62d9b0f52cc5a67c1eb02058c3d3a1" classname="com.github.traderjoe95.mls.protocol.tree.TreeKem" time="0.0"/>
  <testcase name="a new update path generated by the sender should be successfully processed" classname="com.github.traderjoe95.mls.protocol.tree.TreeKem" time="0.001"/>
  <testcase name="the update path should be parent-hash valid" classname="com.github.traderjoe95.mls.protocol.tree.TreeKem" time="0.0"/>
  <testcase name="the tree hash after merging the update path should be c4218dd506537fd36b5f9cf8c5b7d6f3496cba5eab262a1a729f893d64202549" classname="com.github.traderjoe95.mls.protocol.tree.TreeKem" time="0.001"/>
  <testcase name="the decrypted path secret should be 7bb8eb277dcc6c2ca66e3439b62b9ff3235e0844aed33316c9a6a450f37405d8" classname="com.github.traderjoe95.mls.protocol.tree.TreeKem" time="0.001"/>
  <testcase name="a new update path generated by the sender should be successfully processed" classname="com.github.traderjoe95.mls.protocol.tree.TreeKem" time="0.001"/>
  <testcase name="the update path should be parent-hash valid" classname="com.github.traderjoe95.mls.protocol.tree.TreeKem" time="0.0"/>
  <testcase name="the tree hash after merging the update path should be c4218dd506537fd36b5f9cf8c5b7d6f3496cba5eab262a1a729f893d64202549" classname="com.github.traderjoe95.mls.protocol.tree.TreeKem" time="0.001"/>
  <testcase name="the decrypted path secret should be 7bb8eb277dcc6c2ca66e3439b62b9ff3235e0844aed33316c9a6a450f37405d8" classname="com.github.traderjoe95.mls.protocol.tree.TreeKem" time="0.001"/>
  <testcase name="a new update path generated by the sender should be successfully processed" classname="com.github.traderjoe95.mls.protocol.tree.TreeKem" time="0.001"/>
  <testcase name="the update path should be parent-hash valid" classname="com.github.traderjoe95.mls.protocol.tree.TreeKem" time="0.001"/>
  <testcase name="the tree hash after merging the update path should be e3aaec4382a2228031a339aef9ecccbeff3fa8eeb28c6dc74635a37e5707c5cf" classname="com.github.traderjoe95.mls.protocol.tree.TreeKem" time="0.0"/>
  <testcase name="the decrypted path secret should be bdd97d64a192b97f2e44ae2794134bb0199fe752cf9aa0d917a3d44bcff325f0" classname="com.github.traderjoe95.mls.protocol.tree.TreeKem" time="0.0"/>
  <testcase name="a new update path generated by the sender should be successfully processed" classname="com.github.traderjoe95.mls.protocol.tree.TreeKem" time="0.0"/>
  <testcase name="the update path should be parent-hash valid" classname="com.github.traderjoe95.mls.protocol.tree.TreeKem" time="0.001"/>
  <testcase name="the tree hash after merging the update path should be e3aaec4382a2228031a339aef9ecccbeff3fa8eeb28c6dc74635a37e5707c5cf" classname="com.github.traderjoe95.mls.protocol.tree.TreeKem" time="0.0"/>
  <testcase name="the decrypted path secret should be bdd97d64a192b97f2e44ae2794134bb0199fe752cf9aa0d917a3d44bcff325f0" classname="com.github.traderjoe95.mls.protocol.tree.TreeKem" time="0.0"/>
  <testcase name="a new update path generated by the sender should be successfully processed" classname="com.github.traderjoe95.mls.protocol.tree.TreeKem" time="0.007"/>
  <testcase name="the update path should be parent-hash valid" classname="com.github.traderjoe95.mls.protocol.tree.TreeKem" time="0.0"/>
  <testcase name="the tree hash after merging the update path should be e3aaec4382a2228031a339aef9ecccbeff3fa8eeb28c6dc74635a37e5707c5cf" classname="com.github.traderjoe95.mls.protocol.tree.TreeKem" time="0.001"/>
  <testcase name="the decrypted path secret should be bdd97d64a192b97f2e44ae2794134bb0199fe752cf9aa0d917a3d44bcff325f0" classname="com.github.traderjoe95.mls.protocol.tree.TreeKem" time="0.0"/>
  <testcase name="a new update path generated by the sender should be successfully processed" classname="com.github.traderjoe95.mls.protocol.tree.TreeKem" time="0.001"/>
  <testcase name="the update path should be parent-hash valid" classname="com.github.traderjoe95.mls.protocol.tree.TreeKem" time="0.0"/>
  <testcase name="the tree hash after merging the update path should be e3aaec4382a2228031a339aef9ecccbeff3fa8eeb28c6dc74635a37e5707c5cf" classname="com.github.traderjoe95.mls.protocol.tree.TreeKem" time="0.001"/>
  <testcase name="the decrypted path secret should be f35e74bfe2dccabdf611db6eb08207b254a95d73bcb84ade76d0bfcfbe514da3" classname="com.github.traderjoe95.mls.protocol.tree.TreeKem" time="0.0"/>
  <testcase name="a new update path generated by the sender should be successfully processed" classname="com.github.traderjoe95.mls.protocol.tree.TreeKem" time="0.001"/>
  <testcase name="the update path should be parent-hash valid" classname="com.github.traderjoe95.mls.protocol.tree.TreeKem" time="0.0"/>
  <testcase name="the tree hash after merging the update path should be e3aaec4382a2228031a339aef9ecccbeff3fa8eeb28c6dc74635a37e5707c5cf" classname="com.github.traderjoe95.mls.protocol.tree.TreeKem" time="0.0"/>
  <testcase name="the decrypted path secret should be 5bd444c66b2b6782fb2c48a784b8797396ea191b372759e3b75897af7b9a783c" classname="com.github.traderjoe95.mls.protocol.tree.TreeKem" time="0.0"/>
  <testcase name="a new update path generated by the sender should be successfully processed" classname="com.github.traderjoe95.mls.protocol.tree.TreeKem" time="0.001"/>
  <testcase name="the update path should be parent-hash valid" classname="com.github.traderjoe95.mls.protocol.tree.TreeKem" time="0.0"/>
  <testcase name="the tree hash after merging the update path should be e3aaec4382a2228031a339aef9ecccbeff3fa8eeb28c6dc74635a37e5707c5cf" classname="com.github.traderjoe95.mls.protocol.tree.TreeKem" time="0.0"/>
  <testcase name="the decrypted path secret should be 5bd444c66b2b6782fb2c48a784b8797396ea191b372759e3b75897af7b9a783c" classname="com.github.traderjoe95.mls.protocol.tree.TreeKem" time="0.0"/>
  <testcase name="a new update path generated by the sender should be successfully processed" classname="com.github.traderjoe95.mls.protocol.tree.TreeKem" time="0.001"/>
  <testcase name="the update path should be parent-hash valid" classname="com.github.traderjoe95.mls.protocol.tree.TreeKem" time="0.0"/>
  <testcase name="the tree hash after merging the update path should be 953001b030dc764440083c3b0bbc1e0237c68c7cef8d5bd51806e150835ec3e3" classname="com.github.traderjoe95.mls.protocol.tree.TreeKem" time="0.0"/>
  <testcase name="the decrypted path secret should be ce9f43778e89a81d2df58d4d1521a4e4d800c81566e3442c84f6852b645c232a" classname="com.github.traderjoe95.mls.protocol.tree.TreeKem" time="0.001"/>
  <testcase name="a new update path generated by the sender should be successfully processed" classname="com.github.traderjoe95.mls.protocol.tree.TreeKem" time="0.001"/>
  <testcase name="the update path should be parent-hash valid" classname="com.github.traderjoe95.mls.protocol.tree.TreeKem" time="0.001"/>
  <testcase name="the tree hash after merging the update path should be 953001b030dc764440083c3b0bbc1e0237c68c7cef8d5bd51806e150835ec3e3" classname="com.github.traderjoe95.mls.protocol.tree.TreeKem" time="0.001"/>
  <testcase name="the decrypted path secret should be ce9f43778e89a81d2df58d4d1521a4e4d800c81566e3442c84f6852b645c232a" classname="com.github.traderjoe95.mls.protocol.tree.TreeKem" time="0.001"/>
  <testcase name="a new update path generated by the sender should be successfully processed" classname="com.github.traderjoe95.mls.protocol.tree.TreeKem" time="0.001"/>
  <testcase name="the update path should be parent-hash valid" classname="com.github.traderjoe95.mls.protocol.tree.TreeKem" time="0.0"/>
  <testcase name="the tree hash after merging the update path should be 953001b030dc764440083c3b0bbc1e0237c68c7cef8d5bd51806e150835ec3e3" classname="com.github.traderjoe95.mls.protocol.tree.TreeKem" time="0.0"/>
  <testcase name="the decrypted path secret should be ce9f43778e89a81d2df58d4d1521a4e4d800c81566e3442c84f6852b645c232a" classname="com.github.traderjoe95.mls.protocol.tree.TreeKem" time="0.0"/>
  <testcase name="a new update path generated by the sender should be successfully processed" classname="com.github.traderjoe95.mls.protocol.tree.TreeKem" time="0.001"/>
  <testcase name="the update path should be parent-hash valid" classname="com.github.traderjoe95.mls.protocol.tree.TreeKem" time="0.0"/>
  <testcase name="the tree hash after merging the update path should be 953001b030dc764440083c3b0bbc1e0237c68c7cef8d5bd51806e150835ec3e3" classname="com.github.traderjoe95.mls.protocol.tree.TreeKem" time="0.0"/>
  <testcase name="the decrypted path secret should be 610dd49613ce7aea00f8a1818abd8c1700603b1a3e00b1cd3ff30b904a41a487" classname="com.github.traderjoe95.mls.protocol.tree.TreeKem" time="0.0"/>
  <testcase name="a new update path generated by the sender should be successfully processed" classname="com.github.traderjoe95.mls.protocol.tree.TreeKem" time="0.001"/>
  <testcase name="the update path should be parent-hash valid" classname="com.github.traderjoe95.mls.protocol.tree.TreeKem" time="0.0"/>
  <testcase name="the tree hash after merging the update path should be 953001b030dc764440083c3b0bbc1e0237c68c7cef8d5bd51806e150835ec3e3" classname="com.github.traderjoe95.mls.protocol.tree.TreeKem" time="0.0"/>
  <testcase name="the decrypted path secret should be 610dd49613ce7aea00f8a1818abd8c1700603b1a3e00b1cd3ff30b904a41a487" classname="com.github.traderjoe95.mls.protocol.tree.TreeKem" time="0.0"/>
  <testcase name="a new update path generated by the sender should be successfully processed" classname="com.github.traderjoe95.mls.protocol.tree.TreeKem" time="0.001"/>
  <testcase name="the update path should be parent-hash valid" classname="com.github.traderjoe95.mls.protocol.tree.TreeKem" time="0.0"/>
  <testcase name="the tree hash after merging the update path should be 953001b030dc764440083c3b0bbc1e0237c68c7cef8d5bd51806e150835ec3e3" classname="com.github.traderjoe95.mls.protocol.tree.TreeKem" time="0.0"/>
  <testcase name="the decrypted path secret should be 5153f8bcfb15078e1f803ae5f9f5ca9091c6c70b3b29e9561a0b61249e57c96f" classname="com.github.traderjoe95.mls.protocol.tree.TreeKem" time="0.0"/>
  <testcase name="a new update path generated by the sender should be successfully processed" classname="com.github.traderjoe95.mls.protocol.tree.TreeKem" time="0.0"/>
  <testcase name="the update path should be parent-hash valid" classname="com.github.traderjoe95.mls.protocol.tree.TreeKem" time="0.001"/>
  <testcase name="the tree hash after merging the update path should be 53a40c7e86669084b9423d877254b9f1ee5bc532621694e1fc07f1b378b17f38" classname="com.github.traderjoe95.mls.protocol.tree.TreeKem" time="0.0"/>
  <testcase name="the decrypted path secret should be f3a472efaa1ab44904d349c63d0b749ff30d1393d5fce98505d577e4ceb558ef" classname="com.github.traderjoe95.mls.protocol.tree.TreeKem" time="0.001"/>
  <testcase name="a new update path generated by the sender should be successfully processed" classname="com.github.traderjoe95.mls.protocol.tree.TreeKem" time="0.001"/>
  <testcase name="the update path should be parent-hash valid" classname="com.github.traderjoe95.mls.protocol.tree.TreeKem" time="0.0"/>
  <testcase name="the tree hash after merging the update path should be 53a40c7e86669084b9423d877254b9f1ee5bc532621694e1fc07f1b378b17f38" classname="com.github.traderjoe95.mls.protocol.tree.TreeKem" time="0.0"/>
  <testcase name="the decrypted path secret should be f3a472efaa1ab44904d349c63d0b749ff30d1393d5fce98505d577e4ceb558ef" classname="com.github.traderjoe95.mls.protocol.tree.TreeKem" time="0.0"/>
  <testcase name="a new update path generated by the sender should be successfully processed" classname="com.github.traderjoe95.mls.protocol.tree.TreeKem" time="0.001"/>
  <testcase name="the update path should be parent-hash valid" classname="com.github.traderjoe95.mls.protocol.tree.TreeKem" time="0.0"/>
  <testcase name="the tree hash after merging the update path should be 53a40c7e86669084b9423d877254b9f1ee5bc532621694e1fc07f1b378b17f38" classname="com.github.traderjoe95.mls.protocol.tree.TreeKem" time="0.001"/>
  <testcase name="the decrypted path secret should be f3a472efaa1ab44904d349c63d0b749ff30d1393d5fce98505d577e4ceb558ef" classname="com.github.traderjoe95.mls.protocol.tree.TreeKem" time="0.0"/>
  <testcase name="a new update path generated by the sender should be successfully processed" classname="com.github.traderjoe95.mls.protocol.tree.TreeKem" time="0.001"/>
  <testcase name="the update path should be parent-hash valid" classname="com.github.traderjoe95.mls.protocol.tree.TreeKem" time="0.0"/>
  <testcase name="the tree hash after merging the update path should be 53a40c7e86669084b9423d877254b9f1ee5bc532621694e1fc07f1b378b17f38" classname="com.github.traderjoe95.mls.protocol.tree.TreeKem" time="0.001"/>
  <testcase name="the decrypted path secret should be 8fc5425c9aba8843b2cdf7af0c8ffb2deaa6e75ef0cc0d7ff4ec541e9c95f321" classname="com.github.traderjoe95.mls.protocol.tree.TreeKem" time="0.001"/>
  <testcase name="a new update path generated by the sender should be successfully processed" classname="com.github.traderjoe95.mls.protocol.tree.TreeKem" time="0.001"/>
  <testcase name="the update path should be parent-hash valid" classname="com.github.traderjoe95.mls.protocol.tree.TreeKem" time="0.0"/>
  <testcase name="the tree hash after merging the update path should be 53a40c7e86669084b9423d877254b9f1ee5bc532621694e1fc07f1b378b17f38" classname="com.github.traderjoe95.mls.protocol.tree.TreeKem" time="0.0"/>
  <testcase name="the decrypted path secret should be 8fc5425c9aba8843b2cdf7af0c8ffb2deaa6e75ef0cc0d7ff4ec541e9c95f321" classname="com.github.traderjoe95.mls.protocol.tree.TreeKem" time="0.0"/>
  <testcase name="a new update path generated by the sender should be successfully processed" classname="com.github.traderjoe95.mls.protocol.tree.TreeKem" time="0.001"/>
  <testcase name="the update path should be parent-hash valid" classname="com.github.traderjoe95.mls.protocol.tree.TreeKem" time="0.001"/>
  <testcase name="the tree hash after merging the update path should be 53a40c7e86669084b9423d877254b9f1ee5bc532621694e1fc07f1b378b17f38" classname="com.github.traderjoe95.mls.protocol.tree.TreeKem" time="0.001"/>
  <testcase name="the decrypted path secret should be 3befd340d51e594516952b7b2066b2672063fc57f3041a8ce92e6a0be48bdc12" classname="com.github.traderjoe95.mls.protocol.tree.TreeKem" time="0.0"/>
  <testcase name="a new update path generated by the sender should be successfully processed" classname="com.github.traderjoe95.mls.protocol.tree.TreeKem" time="0.0"/>
  <testcase name="non-blank leaf 0 should be consistent with the public state" classname="com.github.traderjoe95.mls.protocol.tree.TreeKem" time="0.0"/>
  <testcase name="non-blank leaf 4 should be consistent with the public state" classname="com.github.traderjoe95.mls.protocol.tree.TreeKem" time="0.0"/>
  <testcase name="non-blank leaf 5 should be consistent with the public state" classname="com.github.traderjoe95.mls.protocol.tree.TreeKem" time="0.001"/>
  <testcase name="non-blank leaf 6 should be consistent with the public state" classname="com.github.traderjoe95.mls.protocol.tree.TreeKem" time="0.001"/>
  <testcase name="non-blank leaf 7 should be consistent with the public state" classname="com.github.traderjoe95.mls.protocol.tree.TreeKem" time="0.001"/>
  <testcase name="the update path should be parent-hash valid" classname="com.github.traderjoe95.mls.protocol.tree.TreeKem" time="0.0"/>
  <testcase name="the tree hash after merging the update path should be e515bd27a3457ea5e2deb9a234e868cdf26c674eed2a5232a8794e23c7949d5b" classname="com.github.traderjoe95.mls.protocol.tree.TreeKem" time="0.001"/>
  <testcase name="the decrypted path secret should be f0b73069532d1ed4d1f6e87ab34686e30473c479a5484e440264a1fd00814682" classname="com.github.traderjoe95.mls.protocol.tree.TreeKem" time="0.001"/>
  <testcase name="a new update path generated by the sender should be successfully processed" classname="com.github.traderjoe95.mls.protocol.tree.TreeKem" time="0.001"/>
  <testcase name="the update path should be parent-hash valid" classname="com.github.traderjoe95.mls.protocol.tree.TreeKem" time="0.0"/>
  <testcase name="the tree hash after merging the update path should be e515bd27a3457ea5e2deb9a234e868cdf26c674eed2a5232a8794e23c7949d5b" classname="com.github.traderjoe95.mls.protocol.tree.TreeKem" time="0.001"/>
  <testcase name="the decrypted path secret should be f0b73069532d1ed4d1f6e87ab34686e30473c479a5484e440264a1fd00814682" classname="com.github.traderjoe95.mls.protocol.tree.TreeKem" time="0.0"/>
  <testcase name="a new update path generated by the sender should be successfully processed" classname="com.github.traderjoe95.mls.protocol.tree.TreeKem" time="0.001"/>
  <testcase name="the update path should be parent-hash valid" classname="com.github.traderjoe95.mls.protocol.tree.TreeKem" time="0.0"/>
  <testcase name="the tree hash after merging the update path should be e515bd27a3457ea5e2deb9a234e868cdf26c674eed2a5232a8794e23c7949d5b" classname="com.github.traderjoe95.mls.protocol.tree.TreeKem" time="0.0"/>
  <testcase name="the decrypted path secret should be f0b73069532d1ed4d1f6e87ab34686e30473c479a5484e440264a1fd00814682" classname="com.github.traderjoe95.mls.protocol.tree.TreeKem" time="0.0"/>
  <testcase name="a new update path generated by the sender should be successfully processed" classname="com.github.traderjoe95.mls.protocol.tree.TreeKem" time="0.0"/>
  <testcase name="the update path should be parent-hash valid" classname="com.github.traderjoe95.mls.protocol.tree.TreeKem" time="0.0"/>
  <testcase name="the tree hash after merging the update path should be e515bd27a3457ea5e2deb9a234e868cdf26c674eed2a5232a8794e23c7949d5b" classname="com.github.traderjoe95.mls.protocol.tree.TreeKem" time="0.0"/>
  <testcase name="the decrypted path secret should be f0b73069532d1ed4d1f6e87ab34686e30473c479a5484e440264a1fd00814682" classname="com.github.traderjoe95.mls.protocol.tree.TreeKem" time="0.0"/>
  <testcase name="a new update path generated by the sender should be successfully processed" classname="com.github.traderjoe95.mls.protocol.tree.TreeKem" time="0.0"/>
  <testcase name="the update path should be parent-hash valid" classname="com.github.traderjoe95.mls.protocol.tree.TreeKem" time="0.0"/>
  <testcase name="the tree hash after merging the update path should be 71d0f49ac91858073eddbf1030ad6dd313abae50fb6d9d363015c2b70aca6839" classname="com.github.traderjoe95.mls.protocol.tree.TreeKem" time="0.0"/>
  <testcase name="the decrypted path secret should be b516dba56e614499f059276d3d29a172463c09988c854b51e6824853bce92ddf" classname="com.github.traderjoe95.mls.protocol.tree.TreeKem" time="0.0"/>
  <testcase name="a new update path generated by the sender should be successfully processed" classname="com.github.traderjoe95.mls.protocol.tree.TreeKem" time="0.0"/>
  <testcase name="the update path should be parent-hash valid" classname="com.github.traderjoe95.mls.protocol.tree.TreeKem" time="0.001"/>
  <testcase name="the tree hash after merging the update path should be 71d0f49ac91858073eddbf1030ad6dd313abae50fb6d9d363015c2b70aca6839" classname="com.github.traderjoe95.mls.protocol.tree.TreeKem" time="0.0"/>
  <testcase name="the decrypted path secret should be 0a4ebd448bc14f4fdb22ce9872e5f8a38cc3b4fb273cc113b6f26a18e365adf8" classname="com.github.traderjoe95.mls.protocol.tree.TreeKem" time="0.0"/>
  <testcase name="a new update path generated by the sender should be successfully processed" classname="com.github.traderjoe95.mls.protocol.tree.TreeKem" time="0.001"/>
  <testcase name="the update path should be parent-hash valid" classname="com.github.traderjoe95.mls.protocol.tree.TreeKem" time="0.0"/>
  <testcase name="the tree hash after merging the update path should be 71d0f49ac91858073eddbf1030ad6dd313abae50fb6d9d363015c2b70aca6839" classname="com.github.traderjoe95.mls.protocol.tree.TreeKem" time="0.001"/>
  <testcase name="the decrypted path secret should be 9b120f7d5581195530f2e5ea1a209e85ee5ca686541209273d8fb80422ec9d09" classname="com.github.traderjoe95.mls.protocol.tree.TreeKem" time="0.0"/>
  <testcase name="a new update path generated by the sender should be successfully processed" classname="com.github.traderjoe95.mls.protocol.tree.TreeKem" time="0.001"/>
  <testcase name="the update path should be parent-hash valid" classname="com.github.traderjoe95.mls.protocol.tree.TreeKem" time="0.0"/>
  <testcase name="the tree hash after merging the update path should be 71d0f49ac91858073eddbf1030ad6dd313abae50fb6d9d363015c2b70aca6839" classname="com.github.traderjoe95.mls.protocol.tree.TreeKem" time="0.001"/>
  <testcase name="the decrypted path secret should be 9b120f7d5581195530f2e5ea1a209e85ee5ca686541209273d8fb80422ec9d09" classname="com.github.traderjoe95.mls.protocol.tree.TreeKem" time="0.001"/>
  <testcase name="a new update path generated by the sender should be successfully processed" classname="com.github.traderjoe95.mls.protocol.tree.TreeKem" time="0.001"/>
  <testcase name="the update path should be parent-hash valid" classname="com.github.traderjoe95.mls.protocol.tree.TreeKem" time="0.0"/>
  <testcase name="the tree hash after merging the update path should be 63068ceb45e22f635fb6d7037b688fea025db1c4d0fb586be8e3c831deef5ca5" classname="com.github.traderjoe95.mls.protocol.tree.TreeKem" time="0.001"/>
  <testcase name="the decrypted path secret should be 8d4f5b19b71cc4cba581fc00755a96ea14390f028b092c49f146f763535f17c2" classname="com.github.traderjoe95.mls.protocol.tree.TreeKem" time="0.001"/>
  <testcase name="a new update path generated by the sender should be successfully processed" classname="com.github.traderjoe95.mls.protocol.tree.TreeKem" time="0.001"/>
  <testcase name="the update path should be parent-hash valid" classname="com.github.traderjoe95.mls.protocol.tree.TreeKem" time="0.0"/>
  <testcase name="the tree hash after merging the update path should be 63068ceb45e22f635fb6d7037b688fea025db1c4d0fb586be8e3c831deef5ca5" classname="com.github.traderjoe95.mls.protocol.tree.TreeKem" time="0.001"/>
  <testcase name="the decrypted path secret should be 785513b87d164487791f47f88b47f6bf1bced31a442944105b63c929c8c03f0b" classname="com.github.traderjoe95.mls.protocol.tree.TreeKem" time="0.0"/>
  <testcase name="a new update path generated by the sender should be successfully processed" classname="com.github.traderjoe95.mls.protocol.tree.TreeKem" time="0.0"/>
  <testcase name="the update path should be parent-hash valid" classname="com.github.traderjoe95.mls.protocol.tree.TreeKem" time="0.001"/>
  <testcase name="the tree hash after merging the update path should be 63068ceb45e22f635fb6d7037b688fea025db1c4d0fb586be8e3c831deef5ca5" classname="com.github.traderjoe95.mls.protocol.tree.TreeKem" time="0.001"/>
  <testcase name="the decrypted path secret should be 88ad958683f5156aff20ca6d5403bd133d48d41b4d0a9d422acaf16e6e0119a8" classname="com.github.traderjoe95.mls.protocol.tree.TreeKem" time="0.001"/>
  <testcase name="a new update path generated by the sender should be successfully processed" classname="com.github.traderjoe95.mls.protocol.tree.TreeKem" time="0.001"/>
  <testcase name="the update path should be parent-hash valid" classname="com.github.traderjoe95.mls.protocol.tree.TreeKem" time="0.0"/>
  <testcase name="the tree hash after merging the update path should be 63068ceb45e22f635fb6d7037b688fea025db1c4d0fb586be8e3c831deef5ca5" classname="com.github.traderjoe95.mls.protocol.tree.TreeKem" time="0.0"/>
  <testcase name="the decrypted path secret should be 88ad958683f5156aff20ca6d5403bd133d48d41b4d0a9d422acaf16e6e0119a8" classname="com.github.traderjoe95.mls.protocol.tree.TreeKem" time="0.0"/>
  <testcase name="a new update path generated by the sender should be successfully processed" classname="com.github.traderjoe95.mls.protocol.tree.TreeKem" time="0.0"/>
  <testcase name="the update path should be parent-hash valid" classname="com.github.traderjoe95.mls.protocol.tree.TreeKem" time="0.0"/>
  <testcase name="the tree hash after merging the update path should be 9b1b7ef086872ce7e374298ac6da9a9f7e4c499841a7993b738783690efac327" classname="com.github.traderjoe95.mls.protocol.tree.TreeKem" time="0.0"/>
  <testcase name="the decrypted path secret should be 27845d960c1fee3edace5f51d058e7abc0bebbecc9f10b6bb11993a76a5e5415" classname="com.github.traderjoe95.mls.protocol.tree.TreeKem" time="0.0"/>
  <testcase name="a new update path generated by the sender should be successfully processed" classname="com.github.traderjoe95.mls.protocol.tree.TreeKem" time="0.001"/>
  <testcase name="the update path should be parent-hash valid" classname="com.github.traderjoe95.mls.protocol.tree.TreeKem" time="0.0"/>
  <testcase name="the tree hash after merging the update path should be 9b1b7ef086872ce7e374298ac6da9a9f7e4c499841a7993b738783690efac327" classname="com.github.traderjoe95.mls.protocol.tree.TreeKem" time="0.0"/>
  <testcase name="the decrypted path secret should be 12517b1bf5b3ca79322d9a3b7e48c32b23cfce8df42cbd3638d7a5bfcba83822" classname="com.github.traderjoe95.mls.protocol.tree.TreeKem" time="0.0"/>
  <testcase name="a new update path generated by the sender should be successfully processed" classname="com.github.traderjoe95.mls.protocol.tree.TreeKem" time="0.001"/>
  <testcase name="the update path should be parent-hash valid" classname="com.github.traderjoe95.mls.protocol.tree.TreeKem" time="0.001"/>
  <testcase name="the tree hash after merging the update path should be 9b1b7ef086872ce7e374298ac6da9a9f7e4c499841a7993b738783690efac327" classname="com.github.traderjoe95.mls.protocol.tree.TreeKem" time="0.0"/>
  <testcase name="the decrypted path secret should be 12517b1bf5b3ca79322d9a3b7e48c32b23cfce8df42cbd3638d7a5bfcba83822" classname="com.github.traderjoe95.mls.protocol.tree.TreeKem" time="0.0"/>
  <testcase name="a new update path generated by the sender should be successfully processed" classname="com.github.traderjoe95.mls.protocol.tree.TreeKem" time="0.001"/>
  <testcase name="the update path should be parent-hash valid" classname="com.github.traderjoe95.mls.protocol.tree.TreeKem" time="0.0"/>
  <testcase name="the tree hash after merging the update path should be 9b1b7ef086872ce7e374298ac6da9a9f7e4c499841a7993b738783690efac327" classname="com.github.traderjoe95.mls.protocol.tree.TreeKem" time="0.001"/>
  <testcase name="the decrypted path secret should be 1886a1c76e4b98491bf413d636156ca828b03d6c29ae5851892a26176d5239f6" classname="com.github.traderjoe95.mls.protocol.tree.TreeKem" time="0.001"/>
  <testcase name="a new update path generated by the sender should be successfully processed" classname="com.github.traderjoe95.mls.protocol.tree.TreeKem" time="0.001"/>
  <testcase name="the update path should be parent-hash valid" classname="com.github.traderjoe95.mls.protocol.tree.TreeKem" time="0.0"/>
  <testcase name="the tree hash after merging the update path should be 2d2884750a05037a3333092551f022fe4fff5875556dbee603c8a53279dfc5ca" classname="com.github.traderjoe95.mls.protocol.tree.TreeKem" time="0.0"/>
  <testcase name="the decrypted path secret should be 55c667107c4edaf8d899aaee59508bfb2bf7a725dcbe595383a8bd3bb935003e" classname="com.github.traderjoe95.mls.protocol.tree.TreeKem" time="0.0"/>
  <testcase name="a new update path generated by the sender should be successfully processed" classname="com.github.traderjoe95.mls.protocol.tree.TreeKem" time="0.0"/>
  <testcase name="the update path should be parent-hash valid" classname="com.github.traderjoe95.mls.protocol.tree.TreeKem" time="0.0"/>
  <testcase name="the tree hash after merging the update path should be 2d2884750a05037a3333092551f022fe4fff5875556dbee603c8a53279dfc5ca" classname="com.github.traderjoe95.mls.protocol.tree.TreeKem" time="0.0"/>
  <testcase name="the decrypted path secret should be 51a826c3749544830424a3ef38fbe98ffb95cf7eefd721fef3a886f9709f9a54" classname="com.github.traderjoe95.mls.protocol.tree.TreeKem" time="0.0"/>
  <testcase name="a new update path generated by the sender should be successfully processed" classname="com.github.traderjoe95.mls.protocol.tree.TreeKem" time="0.0"/>
  <testcase name="the update path should be parent-hash valid" classname="com.github.traderjoe95.mls.protocol.tree.TreeKem" time="0.0"/>
  <testcase name="the tree hash after merging the update path should be 2d2884750a05037a3333092551f022fe4fff5875556dbee603c8a53279dfc5ca" classname="com.github.traderjoe95.mls.protocol.tree.TreeKem" time="0.0"/>
  <testcase name="the decrypted path secret should be 51a826c3749544830424a3ef38fbe98ffb95cf7eefd721fef3a886f9709f9a54" classname="com.github.traderjoe95.mls.protocol.tree.TreeKem" time="0.0"/>
  <testcase name="a new update path generated by the sender should be successfully processed" classname="com.github.traderjoe95.mls.protocol.tree.TreeKem" time="0.0"/>
  <testcase name="the update path should be parent-hash valid" classname="com.github.traderjoe95.mls.protocol.tree.TreeKem" time="0.0"/>
  <testcase name="the tree hash after merging the update path should be 2d2884750a05037a3333092551f022fe4fff5875556dbee603c8a53279dfc5ca" classname="com.github.traderjoe95.mls.protocol.tree.TreeKem" time="0.0"/>
  <testcase name="the decrypted path secret should be c2ab5f504874cc64830dad17b85c14037ed1ac26ee6a1210fdc2169b1a560bcb" classname="com.github.traderjoe95.mls.protocol.tree.TreeKem" time="0.0"/>
  <testcase name="a new update path generated by the sender should be successfully processed" classname="com.github.traderjoe95.mls.protocol.tree.TreeKem" time="0.0"/>
  <testcase name="non-blank leaf 0 should be consistent with the public state" classname="com.github.traderjoe95.mls.protocol.tree.TreeKem" time="0.001"/>
  <testcase name="non-blank leaf 1 should be consistent with the public state" classname="com.github.traderjoe95.mls.protocol.tree.TreeKem" time="0.0"/>
  <testcase name="non-blank leaf 2 should be consistent with the public state" classname="com.github.traderjoe95.mls.protocol.tree.TreeKem" time="0.0"/>
  <testcase name="non-blank leaf 3 should be consistent with the public state" classname="com.github.traderjoe95.mls.protocol.tree.TreeKem" time="0.0"/>
  <testcase name="non-blank leaf 4 should be consistent with the public state" classname="com.github.traderjoe95.mls.protocol.tree.TreeKem" time="0.001"/>
  <testcase name="non-blank leaf 5 should be consistent with the public state" classname="com.github.traderjoe95.mls.protocol.tree.TreeKem" time="0.001"/>
  <testcase name="non-blank leaf 6 should be consistent with the public state" classname="com.github.traderjoe95.mls.protocol.tree.TreeKem" time="0.001"/>
  <testcase name="non-blank leaf 7 should be consistent with the public state" classname="com.github.traderjoe95.mls.protocol.tree.TreeKem" time="0.0"/>
  <testcase name="the update path should be parent-hash valid" classname="com.github.traderjoe95.mls.protocol.tree.TreeKem" time="0.0"/>
  <testcase name="the tree hash after merging the update path should be 364a5e007ab9fc6db108a34554d4c3bf2fa69cdcdce375f74847dcaec3594432" classname="com.github.traderjoe95.mls.protocol.tree.TreeKem" time="0.001"/>
  <testcase name="the decrypted path secret should be 56d335d8b4bb5202d27a484e7aa10a8bc00a47678c52af1605be771f0feb7540" classname="com.github.traderjoe95.mls.protocol.tree.TreeKem" time="0.001"/>
  <testcase name="a new update path generated by the sender should be successfully processed" classname="com.github.traderjoe95.mls.protocol.tree.TreeKem" time="0.001"/>
  <testcase name="the update path should be parent-hash valid" classname="com.github.traderjoe95.mls.protocol.tree.TreeKem" time="0.0"/>
  <testcase name="the tree hash after merging the update path should be 364a5e007ab9fc6db108a34554d4c3bf2fa69cdcdce375f74847dcaec3594432" classname="com.github.traderjoe95.mls.protocol.tree.TreeKem" time="0.0"/>
  <testcase name="the decrypted path secret should be 338e639b89e9d6f199115297ea62d2907564d95d5b3d1833a2b3c5f06e30d0b3" classname="com.github.traderjoe95.mls.protocol.tree.TreeKem" time="0.001"/>
  <testcase name="a new update path generated by the sender should be successfully processed" classname="com.github.traderjoe95.mls.protocol.tree.TreeKem" time="0.001"/>
  <testcase name="the update path should be parent-hash valid" classname="com.github.traderjoe95.mls.protocol.tree.TreeKem" time="0.0"/>
  <testcase name="the tree hash after merging the update path should be 364a5e007ab9fc6db108a34554d4c3bf2fa69cdcdce375f74847dcaec3594432" classname="com.github.traderjoe95.mls.protocol.tree.TreeKem" time="0.0"/>
  <testcase name="the decrypted path secret should be 338e639b89e9d6f199115297ea62d2907564d95d5b3d1833a2b3c5f06e30d0b3" classname="com.github.traderjoe95.mls.protocol.tree.TreeKem" time="0.001"/>
  <testcase name="a new update path generated by the sender should be successfully processed" classname="com.github.traderjoe95.mls.protocol.tree.TreeKem" time="0.001"/>
  <testcase name="the update path should be parent-hash valid" classname="com.github.traderjoe95.mls.protocol.tree.TreeKem" time="0.0"/>
  <testcase name="the tree hash after merging the update path should be 364a5e007ab9fc6db108a34554d4c3bf2fa69cdcdce375f74847dcaec3594432" classname="com.github.traderjoe95.mls.protocol.tree.TreeKem" time="0.0"/>
  <testcase name="the decrypted path secret should be 72ccf0592025dede56ec0531b9c71b60062e58bfadd839e91988556d684b602b" classname="com.github.traderjoe95.mls.protocol.tree.TreeKem" time="0.0"/>
  <testcase name="a new update path generated by the sender should be successfully processed" classname="com.github.traderjoe95.mls.protocol.tree.TreeKem" time="0.0"/>
  <testcase name="the update path should be parent-hash valid" classname="com.github.traderjoe95.mls.protocol.tree.TreeKem" time="0.0"/>
  <testcase name="the tree hash after merging the update path should be 364a5e007ab9fc6db108a34554d4c3bf2fa69cdcdce375f74847dcaec3594432" classname="com.github.traderjoe95.mls.protocol.tree.TreeKem" time="0.0"/>
  <testcase name="the decrypted path secret should be 72ccf0592025dede56ec0531b9c71b60062e58bfadd839e91988556d684b602b" classname="com.github.traderjoe95.mls.protocol.tree.TreeKem" time="0.0"/>
  <testcase name="a new update path generated by the sender should be successfully processed" classname="com.github.traderjoe95.mls.protocol.tree.TreeKem" time="0.001"/>
  <testcase name="the update path should be parent-hash valid" classname="com.github.traderjoe95.mls.protocol.tree.TreeKem" time="0.0"/>
  <testcase name="the tree hash after merging the update path should be 364a5e007ab9fc6db108a34554d4c3bf2fa69cdcdce375f74847dcaec3594432" classname="com.github.traderjoe95.mls.protocol.tree.TreeKem" time="0.0"/>
  <testcase name="the decrypted path secret should be 72ccf0592025dede56ec0531b9c71b60062e58bfadd839e91988556d684b602b" classname="com.github.traderjoe95.mls.protocol.tree.TreeKem" time="0.0"/>
  <testcase name="a new update path generated by the sender should be successfully processed" classname="com.github.traderjoe95.mls.protocol.tree.TreeKem" time="0.0"/>
  <testcase name="the update path should be parent-hash valid" classname="com.github.traderjoe95.mls.protocol.tree.TreeKem" time="0.0"/>
  <testcase name="the tree hash after merging the update path should be 364a5e007ab9fc6db108a34554d4c3bf2fa69cdcdce375f74847dcaec3594432" classname="com.github.traderjoe95.mls.protocol.tree.TreeKem" time="0.001"/>
  <testcase name="the decrypted path secret should be 72ccf0592025dede56ec0531b9c71b60062e58bfadd839e91988556d684b602b" classname="com.github.traderjoe95.mls.protocol.tree.TreeKem" time="0.001"/>
  <testcase name="a new update path generated by the sender should be successfully processed" classname="com.github.traderjoe95.mls.protocol.tree.TreeKem" time="0.001"/>
  <testcase name="the update path should be parent-hash valid" classname="com.github.traderjoe95.mls.protocol.tree.TreeKem" time="0.0"/>
  <testcase name="the tree hash after merging the update path should be 535a8fca4a6ddb92b4cf8d41bd0387d625942d70dccc50dc945f7789fcf2cd8b" classname="com.github.traderjoe95.mls.protocol.tree.TreeKem" time="0.0"/>
  <testcase name="the decrypted path secret should be 71a168a8d3f5e05bebccbd483fb4a88441797ebe4f9c66c28c75047f7e16e164" classname="com.github.traderjoe95.mls.protocol.tree.TreeKem" time="0.0"/>
  <testcase name="a new update path generated by the sender should be successfully processed" classname="com.github.traderjoe95.mls.protocol.tree.TreeKem" time="0.001"/>
  <testcase name="the update path should be parent-hash valid" classname="com.github.traderjoe95.mls.protocol.tree.TreeKem" time="0.0"/>
  <testcase name="the tree hash after merging the update path should be 535a8fca4a6ddb92b4cf8d41bd0387d625942d70dccc50dc945f7789fcf2cd8b" classname="com.github.traderjoe95.mls.protocol.tree.TreeKem" time="0.0"/>
  <testcase name="the decrypted path secret should be a901eee96effba761582a563f31cc3d2c19f3de9b4c7666641991d54bddc467a" classname="com.github.traderjoe95.mls.protocol.tree.TreeKem" time="0.0"/>
  <testcase name="a new update path generated by the sender should be successfully processed" classname="com.github.traderjoe95.mls.protocol.tree.TreeKem" time="0.001"/>
  <testcase name="the update path should be parent-hash valid" classname="com.github.traderjoe95.mls.protocol.tree.TreeKem" time="0.0"/>
  <testcase name="the tree hash after merging the update path should be 535a8fca4a6ddb92b4cf8d41bd0387d625942d70dccc50dc945f7789fcf2cd8b" classname="com.github.traderjoe95.mls.protocol.tree.TreeKem" time="0.0"/>
  <testcase name="the decrypted path secret should be a901eee96effba761582a563f31cc3d2c19f3de9b4c7666641991d54bddc467a" classname="com.github.traderjoe95.mls.protocol.tree.TreeKem" time="0.0"/>
  <testcase name="a new update path generated by the sender should be successfully processed" classname="com.github.traderjoe95.mls.protocol.tree.TreeKem" time="0.0"/>
  <testcase name="the update path should be parent-hash valid" classname="com.github.traderjoe95.mls.protocol.tree.TreeKem" time="0.0"/>
  <testcase name="the tree hash after merging the update path should be 535a8fca4a6ddb92b4cf8d41bd0387d625942d70dccc50dc945f7789fcf2cd8b" classname="com.github.traderjoe95.mls.protocol.tree.TreeKem" time="0.001"/>
  <testcase name="the decrypted path secret should be 41c1ab217e51938969d8cb0b6d269e4cb65101e1e8a0effddbe97ffb228187d5" classname="com.github.traderjoe95.mls.protocol.tree.TreeKem" time="0.001"/>
  <testcase name="a new update path generated by the sender should be successfully processed" classname="com.github.traderjoe95.mls.protocol.tree.TreeKem" time="0.0"/>
  <testcase name="the update path should be parent-hash valid" classname="com.github.traderjoe95.mls.protocol.tree.TreeKem" time="0.001"/>
  <testcase name="the tree hash after merging the update path should be 535a8fca4a6ddb92b4cf8d41bd0387d625942d70dccc50dc945f7789fcf2cd8b" classname="com.github.traderjoe95.mls.protocol.tree.TreeKem" time="0.0"/>
  <testcase name="the decrypted path secret should be 41c1ab217e51938969d8cb0b6d269e4cb65101e1e8a0effddbe97ffb228187d5" classname="com.github.traderjoe95.mls.protocol.tree.TreeKem" time="0.0"/>
  <testcase name="a new update path generated by the sender should be successfully processed" classname="com.github.traderjoe95.mls.protocol.tree.TreeKem" time="0.0"/>
  <testcase name="the update path should be parent-hash valid" classname="com.github.traderjoe95.mls.protocol.tree.TreeKem" time="0.001"/>
  <testcase name="the tree hash after merging the update path should be 535a8fca4a6ddb92b4cf8d41bd0387d625942d70dccc50dc945f7789fcf2cd8b" classname="com.github.traderjoe95.mls.protocol.tree.TreeKem" time="0.0"/>
  <testcase name="the decrypted path secret should be 41c1ab217e51938969d8cb0b6d269e4cb65101e1e8a0effddbe97ffb228187d5" classname="com.github.traderjoe95.mls.protocol.tree.TreeKem" time="0.0"/>
  <testcase name="a new update path generated by the sender should be successfully processed" classname="com.github.traderjoe95.mls.protocol.tree.TreeKem" time="0.001"/>
  <testcase name="the update path should be parent-hash valid" classname="com.github.traderjoe95.mls.protocol.tree.TreeKem" time="0.0"/>
  <testcase name="the tree hash after merging the update path should be 535a8fca4a6ddb92b4cf8d41bd0387d625942d70dccc50dc945f7789fcf2cd8b" classname="com.github.traderjoe95.mls.protocol.tree.TreeKem" time="0.001"/>
  <testcase name="the decrypted path secret should be 41c1ab217e51938969d8cb0b6d269e4cb65101e1e8a0effddbe97ffb228187d5" classname="com.github.traderjoe95.mls.protocol.tree.TreeKem" time="0.001"/>
  <testcase name="a new update path generated by the sender should be successfully processed" classname="com.github.traderjoe95.mls.protocol.tree.TreeKem" time="0.001"/>
  <testcase name="the update path should be parent-hash valid" classname="com.github.traderjoe95.mls.protocol.tree.TreeKem" time="0.0"/>
  <testcase name="the tree hash after merging the update path should be 2ff9fc37dcef75911932eb47de47cbb9bb2346d038f8b28da11fcef148e61766" classname="com.github.traderjoe95.mls.protocol.tree.TreeKem" time="0.0"/>
  <testcase name="the decrypted path secret should be 6e94cd6be0a267466a3ec79e3caeb7170bafedec689c4b34466ad36ff218e6bd" classname="com.github.traderjoe95.mls.protocol.tree.TreeKem" time="0.0"/>
  <testcase name="a new update path generated by the sender should be successfully processed" classname="com.github.traderjoe95.mls.protocol.tree.TreeKem" time="0.0"/>
  <testcase name="the update path should be parent-hash valid" classname="com.github.traderjoe95.mls.protocol.tree.TreeKem" time="0.0"/>
  <testcase name="the tree hash after merging the update path should be 2ff9fc37dcef75911932eb47de47cbb9bb2346d038f8b28da11fcef148e61766" classname="com.github.traderjoe95.mls.protocol.tree.TreeKem" time="0.0"/>
  <testcase name="the decrypted path secret should be 6e94cd6be0a267466a3ec79e3caeb7170bafedec689c4b34466ad36ff218e6bd" classname="com.github.traderjoe95.mls.protocol.tree.TreeKem" time="0.0"/>
  <testcase name="a new update path generated by the sender should be successfully processed" classname="com.github.traderjoe95.mls.protocol.tree.TreeKem" time="0.0"/>
  <testcase name="the update path should be parent-hash valid" classname="com.github.traderjoe95.mls.protocol.tree.TreeKem" time="0.0"/>
  <testcase name="the tree hash after merging the update path should be 2ff9fc37dcef75911932eb47de47cbb9bb2346d038f8b28da11fcef148e61766" classname="com.github.traderjoe95.mls.protocol.tree.TreeKem" time="0.0"/>
  <testcase name="the decrypted path secret should be 5c7a8c6a54d1416f3d7e3d65b9089cdee99283d781935a9c8ceeedac5e0a8f86" classname="com.github.traderjoe95.mls.protocol.tree.TreeKem" time="0.0"/>
  <testcase name="a new update path generated by the sender should be successfully processed" classname="com.github.traderjoe95.mls.protocol.tree.TreeKem" time="0.0"/>
  <testcase name="the update path should be parent-hash valid" classname="com.github.traderjoe95.mls.protocol.tree.TreeKem" time="0.0"/>
  <testcase name="the tree hash after merging the update path should be 2ff9fc37dcef75911932eb47de47cbb9bb2346d038f8b28da11fcef148e61766" classname="com.github.traderjoe95.mls.protocol.tree.TreeKem" time="0.0"/>
  <testcase name="the decrypted path secret should be 1e0037cca971c14c7defecfb9c278d662dac14b8d69824ceda27bd400a6014d0" classname="com.github.traderjoe95.mls.protocol.tree.TreeKem" time="0.0"/>
  <testcase name="a new update path generated by the sender should be successfully processed" classname="com.github.traderjoe95.mls.protocol.tree.TreeKem" time="0.0"/>
  <testcase name="the update path should be parent-hash valid" classname="com.github.traderjoe95.mls.protocol.tree.TreeKem" time="0.0"/>
  <testcase name="the tree hash after merging the update path should be 2ff9fc37dcef75911932eb47de47cbb9bb2346d038f8b28da11fcef148e61766" classname="com.github.traderjoe95.mls.protocol.tree.TreeKem" time="0.001"/>
  <testcase name="the decrypted path secret should be 1e0037cca971c14c7defecfb9c278d662dac14b8d69824ceda27bd400a6014d0" classname="com.github.traderjoe95.mls.protocol.tree.TreeKem" time="0.001"/>
  <testcase name="a new update path generated by the sender should be successfully processed" classname="com.github.traderjoe95.mls.protocol.tree.TreeKem" time="0.001"/>
  <testcase name="the update path should be parent-hash valid" classname="com.github.traderjoe95.mls.protocol.tree.TreeKem" time="0.0"/>
  <testcase name="the tree hash after merging the update path should be 2ff9fc37dcef75911932eb47de47cbb9bb2346d038f8b28da11fcef148e61766" classname="com.github.traderjoe95.mls.protocol.tree.TreeKem" time="0.0"/>
  <testcase name="the decrypted path secret should be 1e0037cca971c14c7defecfb9c278d662dac14b8d69824ceda27bd400a6014d0" classname="com.github.traderjoe95.mls.protocol.tree.TreeKem" time="0.001"/>
  <testcase name="a new update path generated by the sender should be successfully processed" classname="com.github.traderjoe95.mls.protocol.tree.TreeKem" time="0.001"/>
  <testcase name="the update path should be parent-hash valid" classname="com.github.traderjoe95.mls.protocol.tree.TreeKem" time="0.0"/>
  <testcase name="the tree hash after merging the update path should be 2ff9fc37dcef75911932eb47de47cbb9bb2346d038f8b28da11fcef148e61766" classname="com.github.traderjoe95.mls.protocol.tree.TreeKem" time="0.0"/>
  <testcase name="the decrypted path secret should be 1e0037cca971c14c7defecfb9c278d662dac14b8d69824ceda27bd400a6014d0" classname="com.github.traderjoe95.mls.protocol.tree.TreeKem" time="0.001"/>
  <testcase name="a new update path generated by the sender should be successfully processed" classname="com.github.traderjoe95.mls.protocol.tree.TreeKem" time="0.001"/>
  <testcase name="the update path should be parent-hash valid" classname="com.github.traderjoe95.mls.protocol.tree.TreeKem" time="0.0"/>
  <testcase name="the tree hash after merging the update path should be 08d0beaf7f2eee2141cc72d2427e424dfa47230a2ee28bac5391350107ad97f6" classname="com.github.traderjoe95.mls.protocol.tree.TreeKem" time="0.001"/>
  <testcase name="the decrypted path secret should be dc9655f1632656071123d4397c9934087ffab059bc7e8c1ba150f15ca9326ae4" classname="com.github.traderjoe95.mls.protocol.tree.TreeKem" time="0.001"/>
  <testcase name="a new update path generated by the sender should be successfully processed" classname="com.github.traderjoe95.mls.protocol.tree.TreeKem" time="0.0"/>
  <testcase name="the update path should be parent-hash valid" classname="com.github.traderjoe95.mls.protocol.tree.TreeKem" time="0.001"/>
  <testcase name="the tree hash after merging the update path should be 08d0beaf7f2eee2141cc72d2427e424dfa47230a2ee28bac5391350107ad97f6" classname="com.github.traderjoe95.mls.protocol.tree.TreeKem" time="0.0"/>
  <testcase name="the decrypted path secret should be dc9655f1632656071123d4397c9934087ffab059bc7e8c1ba150f15ca9326ae4" classname="com.github.traderjoe95.mls.protocol.tree.TreeKem" time="0.0"/>
  <testcase name="a new update path generated by the sender should be successfully processed" classname="com.github.traderjoe95.mls.protocol.tree.TreeKem" time="0.001"/>
  <testcase name="the update path should be parent-hash valid" classname="com.github.traderjoe95.mls.protocol.tree.TreeKem" time="0.0"/>
  <testcase name="the tree hash after merging the update path should be 08d0beaf7f2eee2141cc72d2427e424dfa47230a2ee28bac5391350107ad97f6" classname="com.github.traderjoe95.mls.protocol.tree.TreeKem" time="0.001"/>
  <testcase name="the decrypted path secret should be aa0728f0de3891e823a967e2901e8b12a711e247d2444cfd26e2957745620b4d" classname="com.github.traderjoe95.mls.protocol.tree.TreeKem" time="0.0"/>
  <testcase name="a new update path generated by the sender should be successfully processed" classname="com.github.traderjoe95.mls.protocol.tree.TreeKem" time="0.001"/>
  <testcase name="the update path should be parent-hash valid" classname="com.github.traderjoe95.mls.protocol.tree.TreeKem" time="0.0"/>
  <testcase name="the tree hash after merging the update path should be 08d0beaf7f2eee2141cc72d2427e424dfa47230a2ee28bac5391350107ad97f6" classname="com.github.traderjoe95.mls.protocol.tree.TreeKem" time="0.001"/>
  <testcase name="the decrypted path secret should be 4e9ef3033e13ebd9b981c19701f3bddd2666fd55a8db509da682e2413a3d63d6" classname="com.github.traderjoe95.mls.protocol.tree.TreeKem" time="0.001"/>
  <testcase name="a new update path generated by the sender should be successfully processed" classname="com.github.traderjoe95.mls.protocol.tree.TreeKem" time="0.001"/>
  <testcase name="the update path should be parent-hash valid" classname="com.github.traderjoe95.mls.protocol.tree.TreeKem" time="0.0"/>
  <testcase name="the tree hash after merging the update path should be 08d0beaf7f2eee2141cc72d2427e424dfa47230a2ee28bac5391350107ad97f6" classname="com.github.traderjoe95.mls.protocol.tree.TreeKem" time="0.001"/>
  <testcase name="the decrypted path secret should be 4e9ef3033e13ebd9b981c19701f3bddd2666fd55a8db509da682e2413a3d63d6" classname="com.github.traderjoe95.mls.protocol.tree.TreeKem" time="0.001"/>
  <testcase name="a new update path generated by the sender should be successfully processed" classname="com.github.traderjoe95.mls.protocol.tree.TreeKem" time="0.001"/>
  <testcase name="the update path should be parent-hash valid" classname="com.github.traderjoe95.mls.protocol.tree.TreeKem" time="0.0"/>
  <testcase name="the tree hash after merging the update path should be 08d0beaf7f2eee2141cc72d2427e424dfa47230a2ee28bac5391350107ad97f6" classname="com.github.traderjoe95.mls.protocol.tree.TreeKem" time="0.0"/>
  <testcase name="the decrypted path secret should be 4e9ef3033e13ebd9b981c19701f3bddd2666fd55a8db509da682e2413a3d63d6" classname="com.github.traderjoe95.mls.protocol.tree.TreeKem" time="0.0"/>
  <testcase name="a new update path generated by the sender should be successfully processed" classname="com.github.traderjoe95.mls.protocol.tree.TreeKem" time="0.001"/>
  <testcase name="the update path should be parent-hash valid" classname="com.github.traderjoe95.mls.protocol.tree.TreeKem" time="0.0"/>
  <testcase name="the tree hash after merging the update path should be 08d0beaf7f2eee2141cc72d2427e424dfa47230a2ee28bac5391350107ad97f6" classname="com.github.traderjoe95.mls.protocol.tree.TreeKem" time="0.0"/>
  <testcase name="the decrypted path secret should be 4e9ef3033e13ebd9b981c19701f3bddd2666fd55a8db509da682e2413a3d63d6" classname="com.github.traderjoe95.mls.protocol.tree.TreeKem" time="0.0"/>
  <testcase name="a new update path generated by the sender should be successfully processed" classname="com.github.traderjoe95.mls.protocol.tree.TreeKem" time="0.0"/>
  <testcase name="the update path should be parent-hash valid" classname="com.github.traderjoe95.mls.protocol.tree.TreeKem" time="0.0"/>
  <testcase name="the tree hash after merging the update path should be 7880c4e8a98f5fd1033b3fec592c51ee1ec2a79403576a4248d3e6b7e1eac708" classname="com.github.traderjoe95.mls.protocol.tree.TreeKem" time="0.0"/>
  <testcase name="the decrypted path secret should be 48d6cef6b4556b72be3519861fa1713b8b6ce0f167e016ca31e66fb0f685666a" classname="com.github.traderjoe95.mls.protocol.tree.TreeKem" time="0.0"/>
  <testcase name="a new update path generated by the sender should be successfully processed" classname="com.github.traderjoe95.mls.protocol.tree.TreeKem" time="0.0"/>
  <testcase name="the update path should be parent-hash valid" classname="com.github.traderjoe95.mls.protocol.tree.TreeKem" time="0.0"/>
  <testcase name="the tree hash after merging the update path should be 7880c4e8a98f5fd1033b3fec592c51ee1ec2a79403576a4248d3e6b7e1eac708" classname="com.github.traderjoe95.mls.protocol.tree.TreeKem" time="0.001"/>
  <testcase name="the decrypted path secret should be 48d6cef6b4556b72be3519861fa1713b8b6ce0f167e016ca31e66fb0f685666a" classname="com.github.traderjoe95.mls.protocol.tree.TreeKem" time="0.001"/>
  <testcase name="a new update path generated by the sender should be successfully processed" classname="com.github.traderjoe95.mls.protocol.tree.TreeKem" time="0.001"/>
  <testcase name="the update path should be parent-hash valid" classname="com.github.traderjoe95.mls.protocol.tree.TreeKem" time="0.0"/>
  <testcase name="the tree hash after merging the update path should be 7880c4e8a98f5fd1033b3fec592c51ee1ec2a79403576a4248d3e6b7e1eac708" classname="com.github.traderjoe95.mls.protocol.tree.TreeKem" time="0.001"/>
  <testcase name="the decrypted path secret should be 48d6cef6b4556b72be3519861fa1713b8b6ce0f167e016ca31e66fb0f685666a" classname="com.github.traderjoe95.mls.protocol.tree.TreeKem" time="0.001"/>
  <testcase name="a new update path generated by the sender should be successfully processed" classname="com.github.traderjoe95.mls.protocol.tree.TreeKem" time="0.001"/>
  <testcase name="the update path should be parent-hash valid" classname="com.github.traderjoe95.mls.protocol.tree.TreeKem" time="0.0"/>
  <testcase name="the tree hash after merging the update path should be 7880c4e8a98f5fd1033b3fec592c51ee1ec2a79403576a4248d3e6b7e1eac708" classname="com.github.traderjoe95.mls.protocol.tree.TreeKem" time="0.0"/>
  <testcase name="the decrypted path secret should be 48d6cef6b4556b72be3519861fa1713b8b6ce0f167e016ca31e66fb0f685666a" classname="com.github.traderjoe95.mls.protocol.tree.TreeKem" time="0.0"/>
  <testcase name="a new update path generated by the sender should be successfully processed" classname="com.github.traderjoe95.mls.protocol.tree.TreeKem" time="0.001"/>
  <testcase name="the update path should be parent-hash valid" classname="com.github.traderjoe95.mls.protocol.tree.TreeKem" time="0.0"/>
  <testcase name="the tree hash after merging the update path should be 7880c4e8a98f5fd1033b3fec592c51ee1ec2a79403576a4248d3e6b7e1eac708" classname="com.github.traderjoe95.mls.protocol.tree.TreeKem" time="0.0"/>
  <testcase name="the decrypted path secret should be d1310aa9d7d225be01cc0fce5a03559c336c630bd9ffa393963c35ba752c82d1" classname="com.github.traderjoe95.mls.protocol.tree.TreeKem" time="0.0"/>
  <testcase name="a new update path generated by the sender should be successfully processed" classname="com.github.traderjoe95.mls.protocol.tree.TreeKem" time="0.001"/>
  <testcase name="the update path should be parent-hash valid" classname="com.github.traderjoe95.mls.protocol.tree.TreeKem" time="0.0"/>
  <testcase name="the tree hash after merging the update path should be 7880c4e8a98f5fd1033b3fec592c51ee1ec2a79403576a4248d3e6b7e1eac708" classname="com.github.traderjoe95.mls.protocol.tree.TreeKem" time="0.0"/>
  <testcase name="the decrypted path secret should be da1556cdb1833cb0d2dee5964ad3ae10fc8236a16de1f51d82016e794079b292" classname="com.github.traderjoe95.mls.protocol.tree.TreeKem" time="0.001"/>
  <testcase name="a new update path generated by the sender should be successfully processed" classname="com.github.traderjoe95.mls.protocol.tree.TreeKem" time="0.001"/>
  <testcase name="the update path should be parent-hash valid" classname="com.github.traderjoe95.mls.protocol.tree.TreeKem" time="0.0"/>
  <testcase name="the tree hash after merging the update path should be 7880c4e8a98f5fd1033b3fec592c51ee1ec2a79403576a4248d3e6b7e1eac708" classname="com.github.traderjoe95.mls.protocol.tree.TreeKem" time="0.0"/>
  <testcase name="the decrypted path secret should be da1556cdb1833cb0d2dee5964ad3ae10fc8236a16de1f51d82016e794079b292" classname="com.github.traderjoe95.mls.protocol.tree.TreeKem" time="0.0"/>
  <testcase name="a new update path generated by the sender should be successfully processed" classname="com.github.traderjoe95.mls.protocol.tree.TreeKem" time="0.0"/>
  <testcase name="the update path should be parent-hash valid" classname="com.github.traderjoe95.mls.protocol.tree.TreeKem" time="0.0"/>
  <testcase name="the tree hash after merging the update path should be 388fe2ae6b720c4802fd10ae9fe23b49f9e29a8916f9d9b470e201ac8508521a" classname="com.github.traderjoe95.mls.protocol.tree.TreeKem" time="0.001"/>
  <testcase name="the decrypted path secret should be 6269184c46acde7185e1e18c0744eac6f36aa353ee86da3d0b1caebba426aa3e" classname="com.github.traderjoe95.mls.protocol.tree.TreeKem" time="0.001"/>
  <testcase name="a new update path generated by the sender should be successfully processed" classname="com.github.traderjoe95.mls.protocol.tree.TreeKem" time="0.001"/>
  <testcase name="the update path should be parent-hash valid" classname="com.github.traderjoe95.mls.protocol.tree.TreeKem" time="0.0"/>
  <testcase name="the tree hash after merging the update path should be 388fe2ae6b720c4802fd10ae9fe23b49f9e29a8916f9d9b470e201ac8508521a" classname="com.github.traderjoe95.mls.protocol.tree.TreeKem" time="0.001"/>
  <testcase name="the decrypted path secret should be 6269184c46acde7185e1e18c0744eac6f36aa353ee86da3d0b1caebba426aa3e" classname="com.github.traderjoe95.mls.protocol.tree.TreeKem" time="0.001"/>
  <testcase name="a new update path generated by the sender should be successfully processed" classname="com.github.traderjoe95.mls.protocol.tree.TreeKem" time="0.001"/>
  <testcase name="the update path should be parent-hash valid" classname="com.github.traderjoe95.mls.protocol.tree.TreeKem" time="0.0"/>
  <testcase name="the tree hash after merging the update path should be 388fe2ae6b720c4802fd10ae9fe23b49f9e29a8916f9d9b470e201ac8508521a" classname="com.github.traderjoe95.mls.protocol.tree.TreeKem" time="0.0"/>
  <testcase name="the decrypted path secret should be 6269184c46acde7185e1e18c0744eac6f36aa353ee86da3d0b1caebba426aa3e" classname="com.github.traderjoe95.mls.protocol.tree.TreeKem" time="0.0"/>
  <testcase name="a new update path generated by the sender should be successfully processed" classname="com.github.traderjoe95.mls.protocol.tree.TreeKem" time="0.001"/>
  <testcase name="the update path should be parent-hash valid" classname="com.github.traderjoe95.mls.protocol.tree.TreeKem" time="0.0"/>
  <testcase name="the tree hash after merging the update path should be 388fe2ae6b720c4802fd10ae9fe23b49f9e29a8916f9d9b470e201ac8508521a" classname="com.github.traderjoe95.mls.protocol.tree.TreeKem" time="0.0"/>
  <testcase name="the decrypted path secret should be 6269184c46acde7185e1e18c0744eac6f36aa353ee86da3d0b1caebba426aa3e" classname="com.github.traderjoe95.mls.protocol.tree.TreeKem" time="0.0"/>
  <testcase name="a new update path generated by the sender should be successfully processed" classname="com.github.traderjoe95.mls.protocol.tree.TreeKem" time="0.0"/>
  <testcase name="the update path should be parent-hash valid" classname="com.github.traderjoe95.mls.protocol.tree.TreeKem" time="0.0"/>
  <testcase name="the tree hash after merging the update path should be 388fe2ae6b720c4802fd10ae9fe23b49f9e29a8916f9d9b470e201ac8508521a" classname="com.github.traderjoe95.mls.protocol.tree.TreeKem" time="0.0"/>
  <testcase name="the decrypted path secret should be 1608876cfbd58664bedb84dc2431ebba46e604400376f51ee963f280d9281cb2" classname="com.github.traderjoe95.mls.protocol.tree.TreeKem" time="0.001"/>
  <testcase name="a new update path generated by the sender should be successfully processed" classname="com.github.traderjoe95.mls.protocol.tree.TreeKem" time="0.001"/>
  <testcase name="the update path should be parent-hash valid" classname="com.github.traderjoe95.mls.protocol.tree.TreeKem" time="0.001"/>
  <testcase name="the tree hash after merging the update path should be 388fe2ae6b720c4802fd10ae9fe23b49f9e29a8916f9d9b470e201ac8508521a" classname="com.github.traderjoe95.mls.protocol.tree.TreeKem" time="0.001"/>
  <testcase name="the decrypted path secret should be 46dc88b5dd968d2d6d59e0b19e2c24c0656e6e01a18882bc0a99ec15041924cf" classname="com.github.traderjoe95.mls.protocol.tree.TreeKem" time="0.0"/>
  <testcase name="a new update path generated by the sender should be successfully processed" classname="com.github.traderjoe95.mls.protocol.tree.TreeKem" time="0.001"/>
  <testcase name="the update path should be parent-hash valid" classname="com.github.traderjoe95.mls.protocol.tree.TreeKem" time="0.0"/>
  <testcase name="the tree hash after merging the update path should be 388fe2ae6b720c4802fd10ae9fe23b49f9e29a8916f9d9b470e201ac8508521a" classname="com.github.traderjoe95.mls.protocol.tree.TreeKem" time="0.0"/>
  <testcase name="the decrypted path secret should be 46dc88b5dd968d2d6d59e0b19e2c24c0656e6e01a18882bc0a99ec15041924cf" classname="com.github.traderjoe95.mls.protocol.tree.TreeKem" time="0.0"/>
  <testcase name="a new update path generated by the sender should be successfully processed" classname="com.github.traderjoe95.mls.protocol.tree.TreeKem" time="0.0"/>
  <testcase name="the update path should be parent-hash valid" classname="com.github.traderjoe95.mls.protocol.tree.TreeKem" time="0.001"/>
  <testcase name="the tree hash after merging the update path should be 0524afe519c88a577ae20cdcc78ad9e210fa629ff1e1b01581d64c25976ce248" classname="com.github.traderjoe95.mls.protocol.tree.TreeKem" time="0.0"/>
  <testcase name="the decrypted path secret should be 02a0fcee868002b91f3343c946db1a408136b7a6e1a1c0238bdfbe53b5bd5b0e" classname="com.github.traderjoe95.mls.protocol.tree.TreeKem" time="0.0"/>
  <testcase name="a new update path generated by the sender should be successfully processed" classname="com.github.traderjoe95.mls.protocol.tree.TreeKem" time="0.0"/>
  <testcase name="the update path should be parent-hash valid" classname="com.github.traderjoe95.mls.protocol.tree.TreeKem" time="0.001"/>
  <testcase name="the tree hash after merging the update path should be 0524afe519c88a577ae20cdcc78ad9e210fa629ff1e1b01581d64c25976ce248" classname="com.github.traderjoe95.mls.protocol.tree.TreeKem" time="0.0"/>
  <testcase name="the decrypted path secret should be 02a0fcee868002b91f3343c946db1a408136b7a6e1a1c0238bdfbe53b5bd5b0e" classname="com.github.traderjoe95.mls.protocol.tree.TreeKem" time="0.0"/>
  <testcase name="a new update path generated by the sender should be successfully processed" classname="com.github.traderjoe95.mls.protocol.tree.TreeKem" time="0.0"/>
  <testcase name="the update path should be parent-hash valid" classname="com.github.traderjoe95.mls.protocol.tree.TreeKem" time="0.001"/>
  <testcase name="the tree hash after merging the update path should be 0524afe519c88a577ae20cdcc78ad9e210fa629ff1e1b01581d64c25976ce248" classname="com.github.traderjoe95.mls.protocol.tree.TreeKem" time="0.0"/>
  <testcase name="the decrypted path secret should be 02a0fcee868002b91f3343c946db1a408136b7a6e1a1c0238bdfbe53b5bd5b0e" classname="com.github.traderjoe95.mls.protocol.tree.TreeKem" time="0.0"/>
  <testcase name="a new update path generated by the sender should be successfully processed" classname="com.github.traderjoe95.mls.protocol.tree.TreeKem" time="0.0"/>
  <testcase name="the update path should be parent-hash valid" classname="com.github.traderjoe95.mls.protocol.tree.TreeKem" time="0.001"/>
  <testcase name="the tree hash after merging the update path should be 0524afe519c88a577ae20cdcc78ad9e210fa629ff1e1b01581d64c25976ce248" classname="com.github.traderjoe95.mls.protocol.tree.TreeKem" time="0.0"/>
  <testcase name="the decrypted path secret should be 02a0fcee868002b91f3343c946db1a408136b7a6e1a1c0238bdfbe53b5bd5b0e" classname="com.github.traderjoe95.mls.protocol.tree.TreeKem" time="0.0"/>
  <testcase name="a new update path generated by the sender should be successfully processed" classname="com.github.traderjoe95.mls.protocol.tree.TreeKem" time="0.001"/>
  <testcase name="the update path should be parent-hash valid" classname="com.github.traderjoe95.mls.protocol.tree.TreeKem" time="0.001"/>
  <testcase name="the tree hash after merging the update path should be 0524afe519c88a577ae20cdcc78ad9e210fa629ff1e1b01581d64c25976ce248" classname="com.github.traderjoe95.mls.protocol.tree.TreeKem" time="0.001"/>
  <testcase name="the decrypted path secret should be 8be7bd0fb6c5fa3b216c88ea31e1ec6ee8e5341e90f610a9686d912f1b940dd9" classname="com.github.traderjoe95.mls.protocol.tree.TreeKem" time="0.0"/>
  <testcase name="a new update path generated by the sender should be successfully processed" classname="com.github.traderjoe95.mls.protocol.tree.TreeKem" time="0.0"/>
  <testcase name="the update path should be parent-hash valid" classname="com.github.traderjoe95.mls.protocol.tree.TreeKem" time="0.001"/>
  <testcase name="the tree hash after merging the update path should be 0524afe519c88a577ae20cdcc78ad9e210fa629ff1e1b01581d64c25976ce248" classname="com.github.traderjoe95.mls.protocol.tree.TreeKem" time="0.0"/>
  <testcase name="the decrypted path secret should be 8be7bd0fb6c5fa3b216c88ea31e1ec6ee8e5341e90f610a9686d912f1b940dd9" classname="com.github.traderjoe95.mls.protocol.tree.TreeKem" time="0.0"/>
  <testcase name="a new update path generated by the sender should be successfully processed" classname="com.github.traderjoe95.mls.protocol.tree.TreeKem" time="0.001"/>
  <testcase name="the update path should be parent-hash valid" classname="com.github.traderjoe95.mls.protocol.tree.TreeKem" time="0.0"/>
  <testcase name="the tree hash after merging the update path should be 0524afe519c88a577ae20cdcc78ad9e210fa629ff1e1b01581d64c25976ce248" classname="com.github.traderjoe95.mls.protocol.tree.TreeKem" time="0.0"/>
  <testcase name="the decrypted path secret should be 3cd952bbdabc505dcda6bcfb6a019bacc2ca094043f18cc3464dfb2a56d5f94b" classname="com.github.traderjoe95.mls.protocol.tree.TreeKem" time="0.0"/>
  <testcase name="a new update path generated by the sender should be successfully processed" classname="com.github.traderjoe95.mls.protocol.tree.TreeKem" time="0.001"/>
  <testcase name="the update path should be parent-hash valid" classname="com.github.traderjoe95.mls.protocol.tree.TreeKem" time="0.0"/>
  <testcase name="the tree hash after merging the update path should be 58ce718b5bbf189472965a9d7af58cb882d611e9a0883a143d068b6bfb3b233d" classname="com.github.traderjoe95.mls.protocol.tree.TreeKem" time="0.001"/>
  <testcase name="the decrypted path secret should be 671a3a5b22a8e56d016c2d2f58e35d17f28334c819ef486025b7a724b410653d" classname="com.github.traderjoe95.mls.protocol.tree.TreeKem" time="0.001"/>
  <testcase name="a new update path generated by the sender should be successfully processed" classname="com.github.traderjoe95.mls.protocol.tree.TreeKem" time="0.001"/>
  <testcase name="the update path should be parent-hash valid" classname="com.github.traderjoe95.mls.protocol.tree.TreeKem" time="0.0"/>
  <testcase name="the tree hash after merging the update path should be 58ce718b5bbf189472965a9d7af58cb882d611e9a0883a143d068b6bfb3b233d" classname="com.github.traderjoe95.mls.protocol.tree.TreeKem" time="0.0"/>
  <testcase name="the decrypted path secret should be 671a3a5b22a8e56d016c2d2f58e35d17f28334c819ef486025b7a724b410653d" classname="com.github.traderjoe95.mls.protocol.tree.TreeKem" time="0.0"/>
  <testcase name="a new update path generated by the sender should be successfully processed" classname="com.github.traderjoe95.mls.protocol.tree.TreeKem" time="0.001"/>
  <testcase name="the update path should be parent-hash valid" classname="com.github.traderjoe95.mls.protocol.tree.TreeKem" time="0.0"/>
  <testcase name="the tree hash after merging the update path should be 58ce718b5bbf189472965a9d7af58cb882d611e9a0883a143d068b6bfb3b233d" classname="com.github.traderjoe95.mls.protocol.tree.TreeKem" time="0.001"/>
  <testcase name="the decrypted path secret should be 671a3a5b22a8e56d016c2d2f58e35d17f28334c819ef486025b7a724b410653d" classname="com.github.traderjoe95.mls.protocol.tree.TreeKem" time="0.001"/>
  <testcase name="a new update path generated by the sender should be successfully processed" classname="com.github.traderjoe95.mls.protocol.tree.TreeKem" time="0.001"/>
  <testcase name="the update path should be parent-hash valid" classname="com.github.traderjoe95.mls.protocol.tree.TreeKem" time="0.0"/>
  <testcase name="the tree hash after merging the update path should be 58ce718b5bbf189472965a9d7af58cb882d611e9a0883a143d068b6bfb3b233d" classname="com.github.traderjoe95.mls.protocol.tree.TreeKem" time="0.001"/>
  <testcase name="the decrypted path secret should be 671a3a5b22a8e56d016c2d2f58e35d17f28334c819ef486025b7a724b410653d" classname="com.github.traderjoe95.mls.protocol.tree.TreeKem" time="0.001"/>
  <testcase name="a new update path generated by the sender should be successfully processed" classname="com.github.traderjoe95.mls.protocol.tree.TreeKem" time="0.001"/>
  <testcase name="the update path should be parent-hash valid" classname="com.github.traderjoe95.mls.protocol.tree.TreeKem" time="0.0"/>
  <testcase name="the tree hash after merging the update path should be 58ce718b5bbf189472965a9d7af58cb882d611e9a0883a143d068b6bfb3b233d" classname="com.github.traderjoe95.mls.protocol.tree.TreeKem" time="0.0"/>
  <testcase name="the decrypted path secret should be cc1273c972b9ffd6bac3c594015d892bcd40883a07ea8e59e9382a877c8976de" classname="com.github.traderjoe95.mls.protocol.tree.TreeKem" time="0.001"/>
  <testcase name="a new update path generated by the sender should be successfully processed" classname="com.github.traderjoe95.mls.protocol.tree.TreeKem" time="0.001"/>
  <testcase name="the update path should be parent-hash valid" classname="com.github.traderjoe95.mls.protocol.tree.TreeKem" time="0.0"/>
  <testcase name="the tree hash after merging the update path should be 58ce718b5bbf189472965a9d7af58cb882d611e9a0883a143d068b6bfb3b233d" classname="com.github.traderjoe95.mls.protocol.tree.TreeKem" time="0.0"/>
  <testcase name="the decrypted path secret should be cc1273c972b9ffd6bac3c594015d892bcd40883a07ea8e59e9382a877c8976de" classname="com.github.traderjoe95.mls.protocol.tree.TreeKem" time="0.0"/>
  <testcase name="a new update path generated by the sender should be successfully processed" classname="com.github.traderjoe95.mls.protocol.tree.TreeKem" time="0.001"/>
  <testcase name="the update path should be parent-hash valid" classname="com.github.traderjoe95.mls.protocol.tree.TreeKem" time="0.0"/>
  <testcase name="the tree hash after merging the update path should be 58ce718b5bbf189472965a9d7af58cb882d611e9a0883a143d068b6bfb3b233d" classname="com.github.traderjoe95.mls.protocol.tree.TreeKem" time="0.0"/>
  <testcase name="the decrypted path secret should be 18d1f6998fb2894778d5a689eb3aa649f40704b4b2011cb94506bd7a70d0a284" classname="com.github.traderjoe95.mls.protocol.tree.TreeKem" time="0.0"/>
  <testcase name="a new update path generated by the sender should be successfully processed" classname="com.github.traderjoe95.mls.protocol.tree.TreeKem" time="0.001"/>
  <testcase name="non-blank leaf 0 should be consistent with the public state" classname="com.github.traderjoe95.mls.protocol.tree.TreeKem" time="0.001"/>
  <testcase name="non-blank leaf 1 should be consistent with the public state" classname="com.github.traderjoe95.mls.protocol.tree.TreeKem" time="0.001"/>
  <testcase name="non-blank leaf 2 should be consistent with the public state" classname="com.github.traderjoe95.mls.protocol.tree.TreeKem" time="0.0"/>
  <testcase name="non-blank leaf 3 should be consistent with the public state" classname="com.github.traderjoe95.mls.protocol.tree.TreeKem" time="0.0"/>
  <testcase name="non-blank leaf 4 should be consistent with the public state" classname="com.github.traderjoe95.mls.protocol.tree.TreeKem" time="0.0"/>
  <testcase name="non-blank leaf 5 should be consistent with the public state" classname="com.github.traderjoe95.mls.protocol.tree.TreeKem" time="0.001"/>
  <testcase name="non-blank leaf 6 should be consistent with the public state" classname="com.github.traderjoe95.mls.protocol.tree.TreeKem" time="0.0"/>
  <testcase name="the update path should be parent-hash valid" classname="com.github.traderjoe95.mls.protocol.tree.TreeKem" time="0.001"/>
  <testcase name="the tree hash after merging the update path should be 0946f15cd19752a8b10e87caff7c0aa7e6e36752f7b6f40df4f3ed4e9a0f9ff1" classname="com.github.traderjoe95.mls.protocol.tree.TreeKem" time="0.001"/>
  <testcase name="the decrypted path secret should be f989088926a56a13665a3263fe0fe7c04516bcd89364642d13125392b9334f79" classname="com.github.traderjoe95.mls.protocol.tree.TreeKem" time="0.0"/>
  <testcase name="a new update path generated by the sender should be successfully processed" classname="com.github.traderjoe95.mls.protocol.tree.TreeKem" time="0.001"/>
  <testcase name="the update path should be parent-hash valid" classname="com.github.traderjoe95.mls.protocol.tree.TreeKem" time="0.0"/>
  <testcase name="the tree hash after merging the update path should be 0946f15cd19752a8b10e87caff7c0aa7e6e36752f7b6f40df4f3ed4e9a0f9ff1" classname="com.github.traderjoe95.mls.protocol.tree.TreeKem" time="0.0"/>
  <testcase name="the decrypted path secret should be e62b1cdcbe25298a3a8a86e5c9e69787fd9ec68be042ce9ab03ce6b7a0389385" classname="com.github.traderjoe95.mls.protocol.tree.TreeKem" time="0.0"/>
  <testcase name="a new update path generated by the sender should be successfully processed" classname="com.github.traderjoe95.mls.protocol.tree.TreeKem" time="0.001"/>
  <testcase name="the update path should be parent-hash valid" classname="com.github.traderjoe95.mls.protocol.tree.TreeKem" time="0.0"/>
  <testcase name="the tree hash after merging the update path should be 0946f15cd19752a8b10e87caff7c0aa7e6e36752f7b6f40df4f3ed4e9a0f9ff1" classname="com.github.traderjoe95.mls.protocol.tree.TreeKem" time="0.0"/>
  <testcase name="the decrypted path secret should be e62b1cdcbe25298a3a8a86e5c9e69787fd9ec68be042ce9ab03ce6b7a0389385" classname="com.github.traderjoe95.mls.protocol.tree.TreeKem" time="0.0"/>
  <testcase name="a new update path generated by the sender should be successfully processed" classname="com.github.traderjoe95.mls.protocol.tree.TreeKem" time="0.0"/>
  <testcase name="the update path should be parent-hash valid" classname="com.github.traderjoe95.mls.protocol.tree.TreeKem" time="0.0"/>
  <testcase name="the tree hash after merging the update path should be 0946f15cd19752a8b10e87caff7c0aa7e6e36752f7b6f40df4f3ed4e9a0f9ff1" classname="com.github.traderjoe95.mls.protocol.tree.TreeKem" time="0.0"/>
  <testcase name="the decrypted path secret should be 6a395d3279117beaa2888496a0f6a10ef5cbd31d08e92b94f53cc67ead324380" classname="com.github.traderjoe95.mls.protocol.tree.TreeKem" time="0.0"/>
  <testcase name="a new update path generated by the sender should be successfully processed" classname="com.github.traderjoe95.mls.protocol.tree.TreeKem" time="0.0"/>
  <testcase name="the update path should be parent-hash valid" classname="com.github.traderjoe95.mls.protocol.tree.TreeKem" time="0.0"/>
  <testcase name="the tree hash after merging the update path should be 0946f15cd19752a8b10e87caff7c0aa7e6e36752f7b6f40df4f3ed4e9a0f9ff1" classname="com.github.traderjoe95.mls.protocol.tree.TreeKem" time="0.001"/>
  <testcase name="the decrypted path secret should be 6a395d3279117beaa2888496a0f6a10ef5cbd31d08e92b94f53cc67ead324380" classname="com.github.traderjoe95.mls.protocol.tree.TreeKem" time="0.0"/>
  <testcase name="a new update path generated by the sender should be successfully processed" classname="com.github.traderjoe95.mls.protocol.tree.TreeKem" time="0.001"/>
  <testcase name="the update path should be parent-hash valid" classname="com.github.traderjoe95.mls.protocol.tree.TreeKem" time="0.001"/>
  <testcase name="the tree hash after merging the update path should be 0946f15cd19752a8b10e87caff7c0aa7e6e36752f7b6f40df4f3ed4e9a0f9ff1" classname="com.github.traderjoe95.mls.protocol.tree.TreeKem" time="0.0"/>
  <testcase name="the decrypted path secret should be 6a395d3279117beaa2888496a0f6a10ef5cbd31d08e92b94f53cc67ead324380" classname="com.github.traderjoe95.mls.protocol.tree.TreeKem" time="0.001"/>
  <testcase name="a new update path generated by the sender should be successfully processed" classname="com.github.traderjoe95.mls.protocol.tree.TreeKem" time="0.0"/>
  <testcase name="the update path should be parent-hash valid" classname="com.github.traderjoe95.mls.protocol.tree.TreeKem" time="0.0"/>
  <testcase name="the tree hash after merging the update path should be e36ec5f9fd5feafdbb47bcf49714acc587108a29a4688538d007cfaabbd4409c" classname="com.github.traderjoe95.mls.protocol.tree.TreeKem" time="0.0"/>
  <testcase name="the decrypted path secret should be 0d993ddb7927f846ab723c50c511b6aeb276d526af241473c3ef44d6003be3d1" classname="com.github.traderjoe95.mls.protocol.tree.TreeKem" time="0.001"/>
  <testcase name="a new update path generated by the sender should be successfully processed" classname="com.github.traderjoe95.mls.protocol.tree.TreeKem" time="0.001"/>
  <testcase name="the update path should be parent-hash valid" classname="com.github.traderjoe95.mls.protocol.tree.TreeKem" time="0.0"/>
  <testcase name="the tree hash after merging the update path should be e36ec5f9fd5feafdbb47bcf49714acc587108a29a4688538d007cfaabbd4409c" classname="com.github.traderjoe95.mls.protocol.tree.TreeKem" time="0.0"/>
  <testcase name="the decrypted path secret should be ee7bd0dff30cc5e9620956aae8dd2294bee07782f136194660daa5dbda586877" classname="com.github.traderjoe95.mls.protocol.tree.TreeKem" time="0.0"/>
  <testcase name="a new update path generated by the sender should be successfully processed" classname="com.github.traderjoe95.mls.protocol.tree.TreeKem" time="0.001"/>
  <testcase name="the update path should be parent-hash valid" classname="com.github.traderjoe95.mls.protocol.tree.TreeKem" time="0.001"/>
  <testcase name="the tree hash after merging the update path should be e36ec5f9fd5feafdbb47bcf49714acc587108a29a4688538d007cfaabbd4409c" classname="com.github.traderjoe95.mls.protocol.tree.TreeKem" time="0.0"/>
  <testcase name="the decrypted path secret should be ee7bd0dff30cc5e9620956aae8dd2294bee07782f136194660daa5dbda586877" classname="com.github.traderjoe95.mls.protocol.tree.TreeKem" time="0.0"/>
  <testcase name="a new update path generated by the sender should be successfully processed" classname="com.github.traderjoe95.mls.protocol.tree.TreeKem" time="0.0"/>
  <testcase name="the update path should be parent-hash valid" classname="com.github.traderjoe95.mls.protocol.tree.TreeKem" time="0.001"/>
  <testcase name="the tree hash after merging the update path should be e36ec5f9fd5feafdbb47bcf49714acc587108a29a4688538d007cfaabbd4409c" classname="com.github.traderjoe95.mls.protocol.tree.TreeKem" time="0.001"/>
  <testcase name="the decrypted path secret should be 7d708405f23a298093d0a1d4f211e2f3457e2fdd1100e88d7f37056b8c4b9731" classname="com.github.traderjoe95.mls.protocol.tree.TreeKem" time="0.001"/>
  <testcase name="a new update path generated by the sender should be successfully processed" classname="com.github.traderjoe95.mls.protocol.tree.TreeKem" time="0.001"/>
  <testcase name="the update path should be parent-hash valid" classname="com.github.traderjoe95.mls.protocol.tree.TreeKem" time="0.0"/>
  <testcase name="the tree hash after merging the update path should be e36ec5f9fd5feafdbb47bcf49714acc587108a29a4688538d007cfaabbd4409c" classname="com.github.traderjoe95.mls.protocol.tree.TreeKem" time="0.001"/>
  <testcase name="the decrypted path secret should be 7d708405f23a298093d0a1d4f211e2f3457e2fdd1100e88d7f37056b8c4b9731" classname="com.github.traderjoe95.mls.protocol.tree.TreeKem" time="0.001"/>
  <testcase name="a new update path generated by the sender should be successfully processed" classname="com.github.traderjoe95.mls.protocol.tree.TreeKem" time="0.001"/>
  <testcase name="the update path should be parent-hash valid" classname="com.github.traderjoe95.mls.protocol.tree.TreeKem" time="0.0"/>
  <testcase name="the tree hash after merging the update path should be e36ec5f9fd5feafdbb47bcf49714acc587108a29a4688538d007cfaabbd4409c" classname="com.github.traderjoe95.mls.protocol.tree.TreeKem" time="0.0"/>
  <testcase name="the decrypted path secret should be 7d708405f23a298093d0a1d4f211e2f3457e2fdd1100e88d7f37056b8c4b9731" classname="com.github.traderjoe95.mls.protocol.tree.TreeKem" time="0.0"/>
  <testcase name="a new update path generated by the sender should be successfully processed" classname="com.github.traderjoe95.mls.protocol.tree.TreeKem" time="0.001"/>
  <testcase name="the update path should be parent-hash valid" classname="com.github.traderjoe95.mls.protocol.tree.TreeKem" time="0.0"/>
  <testcase name="the tree hash after merging the update path should be d64a1f594f7440754a37edb16b075c89e7a242bd9a7d0203f1125fa406fd827a" classname="com.github.traderjoe95.mls.protocol.tree.TreeKem" time="0.0"/>
  <testcase name="the decrypted path secret should be d9ad24b7b27646df2f9abff333c44e946473752e939158c5770abcafd020db0b" classname="com.github.traderjoe95.mls.protocol.tree.TreeKem" time="0.0"/>
  <testcase name="a new update path generated by the sender should be successfully processed" classname="com.github.traderjoe95.mls.protocol.tree.TreeKem" time="0.0"/>
  <testcase name="the update path should be parent-hash valid" classname="com.github.traderjoe95.mls.protocol.tree.TreeKem" time="0.001"/>
  <testcase name="the tree hash after merging the update path should be d64a1f594f7440754a37edb16b075c89e7a242bd9a7d0203f1125fa406fd827a" classname="com.github.traderjoe95.mls.protocol.tree.TreeKem" time="0.001"/>
  <testcase name="the decrypted path secret should be d9ad24b7b27646df2f9abff333c44e946473752e939158c5770abcafd020db0b" classname="com.github.traderjoe95.mls.protocol.tree.TreeKem" time="0.0"/>
  <testcase name="a new update path generated by the sender should be successfully processed" classname="com.github.traderjoe95.mls.protocol.tree.TreeKem" time="0.001"/>
  <testcase name="the update path should be parent-hash valid" classname="com.github.traderjoe95.mls.protocol.tree.TreeKem" time="0.0"/>
  <testcase name="the tree hash after merging the update path should be d64a1f594f7440754a37edb16b075c89e7a242bd9a7d0203f1125fa406fd827a" classname="com.github.traderjoe95.mls.protocol.tree.TreeKem" time="0.001"/>
  <testcase name="the decrypted path secret should be 3800630a1568017ec12944445e7a00084a23b8e43982f67f8ece56f8ea8e2ab3" classname="com.github.traderjoe95.mls.protocol.tree.TreeKem" time="0.001"/>
  <testcase name="a new update path generated by the sender should be successfully processed" classname="com.github.traderjoe95.mls.protocol.tree.TreeKem" time="0.001"/>
  <testcase name="the update path should be parent-hash valid" classname="com.github.traderjoe95.mls.protocol.tree.TreeKem" time="0.0"/>
  <testcase name="the tree hash after merging the update path should be d64a1f594f7440754a37edb16b075c89e7a242bd9a7d0203f1125fa406fd827a" classname="com.github.traderjoe95.mls.protocol.tree.TreeKem" time="0.001"/>
  <testcase name="the decrypted path secret should be f09edfe68adf2a6d1fd28ec054393ecce460cd80defa27d8003f1e223e4b3b61" classname="com.github.traderjoe95.mls.protocol.tree.TreeKem" time="0.001"/>
  <testcase name="a new update path generated by the sender should be successfully processed" classname="com.github.traderjoe95.mls.protocol.tree.TreeKem" time="0.001"/>
  <testcase name="the update path should be parent-hash valid" classname="com.github.traderjoe95.mls.protocol.tree.TreeKem" time="0.0"/>
  <testcase name="the tree hash after merging the update path should be d64a1f594f7440754a37edb16b075c89e7a242bd9a7d0203f1125fa406fd827a" classname="com.github.traderjoe95.mls.protocol.tree.TreeKem" time="0.0"/>
  <testcase name="the decrypted path secret should be f09edfe68adf2a6d1fd28ec054393ecce460cd80defa27d8003f1e223e4b3b61" classname="com.github.traderjoe95.mls.protocol.tree.TreeKem" time="0.0"/>
  <testcase name="a new update path generated by the sender should be successfully processed" classname="com.github.traderjoe95.mls.protocol.tree.TreeKem" time="0.0"/>
  <testcase name="the update path should be parent-hash valid" classname="com.github.traderjoe95.mls.protocol.tree.TreeKem" time="0.001"/>
  <testcase name="the tree hash after merging the update path should be d64a1f594f7440754a37edb16b075c89e7a242bd9a7d0203f1125fa406fd827a" classname="com.github.traderjoe95.mls.protocol.tree.TreeKem" time="0.0"/>
  <testcase name="the decrypted path secret should be f09edfe68adf2a6d1fd28ec054393ecce460cd80defa27d8003f1e223e4b3b61" classname="com.github.traderjoe95.mls.protocol.tree.TreeKem" time="0.0"/>
  <testcase name="a new update path generated by the sender should be successfully processed" classname="com.github.traderjoe95.mls.protocol.tree.TreeKem" time="0.0"/>
  <testcase name="the update path should be parent-hash valid" classname="com.github.traderjoe95.mls.protocol.tree.TreeKem" time="0.001"/>
  <testcase name="the tree hash after merging the update path should be 59a55e719904da61faab21b68763a22e70b48d9eae8c1d0d77cc39dc3c3b49ed" classname="com.github.traderjoe95.mls.protocol.tree.TreeKem" time="0.001"/>
  <testcase name="the decrypted path secret should be 896c6e21a785616017fc7008ceb3ce1d2e5e70b99240e061f5cc89366e9c7887" classname="com.github.traderjoe95.mls.protocol.tree.TreeKem" time="0.001"/>
  <testcase name="a new update path generated by the sender should be successfully processed" classname="com.github.traderjoe95.mls.protocol.tree.TreeKem" time="0.001"/>
  <testcase name="the update path should be parent-hash valid" classname="com.github.traderjoe95.mls.protocol.tree.TreeKem" time="0.0"/>
  <testcase name="the tree hash after merging the update path should be 59a55e719904da61faab21b68763a22e70b48d9eae8c1d0d77cc39dc3c3b49ed" classname="com.github.traderjoe95.mls.protocol.tree.TreeKem" time="0.001"/>
  <testcase name="the decrypted path secret should be 896c6e21a785616017fc7008ceb3ce1d2e5e70b99240e061f5cc89366e9c7887" classname="com.github.traderjoe95.mls.protocol.tree.TreeKem" time="0.001"/>
  <testcase name="a new update path generated by the sender should be successfully processed" classname="com.github.traderjoe95.mls.protocol.tree.TreeKem" time="0.001"/>
  <testcase name="the update path should be parent-hash valid" classname="com.github.traderjoe95.mls.protocol.tree.TreeKem" time="0.0"/>
  <testcase name="the tree hash after merging the update path should be 59a55e719904da61faab21b68763a22e70b48d9eae8c1d0d77cc39dc3c3b49ed" classname="com.github.traderjoe95.mls.protocol.tree.TreeKem" time="0.0"/>
  <testcase name="the decrypted path secret should be 1322b23363aa3f02a5e7cc03e860c07fc995919636ea48855d88c74a7fa74ea3" classname="com.github.traderjoe95.mls.protocol.tree.TreeKem" time="0.001"/>
  <testcase name="a new update path generated by the sender should be successfully processed" classname="com.github.traderjoe95.mls.protocol.tree.TreeKem" time="0.001"/>
  <testcase name="the update path should be parent-hash valid" classname="com.github.traderjoe95.mls.protocol.tree.TreeKem" time="0.0"/>
  <testcase name="the tree hash after merging the update path should be 59a55e719904da61faab21b68763a22e70b48d9eae8c1d0d77cc39dc3c3b49ed" classname="com.github.traderjoe95.mls.protocol.tree.TreeKem" time="0.001"/>
  <testcase name="the decrypted path secret should be 5a55c838a44237c42fcc2c83028cf4dabce28d222cdbbc249003aaf0cf2dbfe8" classname="com.github.traderjoe95.mls.protocol.tree.TreeKem" time="0.001"/>
  <testcase name="a new update path generated by the sender should be successfully processed" classname="com.github.traderjoe95.mls.protocol.tree.TreeKem" time="0.001"/>
  <testcase name="the update path should be parent-hash valid" classname="com.github.traderjoe95.mls.protocol.tree.TreeKem" time="0.0"/>
  <testcase name="the tree hash after merging the update path should be 59a55e719904da61faab21b68763a22e70b48d9eae8c1d0d77cc39dc3c3b49ed" classname="com.github.traderjoe95.mls.protocol.tree.TreeKem" time="0.001"/>
  <testcase name="the decrypted path secret should be 5a55c838a44237c42fcc2c83028cf4dabce28d222cdbbc249003aaf0cf2dbfe8" classname="com.github.traderjoe95.mls.protocol.tree.TreeKem" time="0.001"/>
  <testcase name="a new update path generated by the sender should be successfully processed" classname="com.github.traderjoe95.mls.protocol.tree.TreeKem" time="0.0"/>
  <testcase name="the update path should be parent-hash valid" classname="com.github.traderjoe95.mls.protocol.tree.TreeKem" time="0.0"/>
  <testcase name="the tree hash after merging the update path should be 59a55e719904da61faab21b68763a22e70b48d9eae8c1d0d77cc39dc3c3b49ed" classname="com.github.traderjoe95.mls.protocol.tree.TreeKem" time="0.0"/>
  <testcase name="the decrypted path secret should be 5a55c838a44237c42fcc2c83028cf4dabce28d222cdbbc249003aaf0cf2dbfe8" classname="com.github.traderjoe95.mls.protocol.tree.TreeKem" time="0.001"/>
  <testcase name="a new update path generated by the sender should be successfully processed" classname="com.github.traderjoe95.mls.protocol.tree.TreeKem" time="0.001"/>
  <testcase name="the update path should be parent-hash valid" classname="com.github.traderjoe95.mls.protocol.tree.TreeKem" time="0.001"/>
  <testcase name="the tree hash after merging the update path should be 39f974ab0325f99d4c8561d46aef9857e8508616e4592796c2c9e35b0d387333" classname="com.github.traderjoe95.mls.protocol.tree.TreeKem" time="0.001"/>
  <testcase name="the decrypted path secret should be c020ffb7e85c478a3277280a3c3d5c661589fc127960ddc22ccb9700f53be24b" classname="com.github.traderjoe95.mls.protocol.tree.TreeKem" time="0.001"/>
  <testcase name="a new update path generated by the sender should be successfully processed" classname="com.github.traderjoe95.mls.protocol.tree.TreeKem" time="0.0"/>
  <testcase name="the update path should be parent-hash valid" classname="com.github.traderjoe95.mls.protocol.tree.TreeKem" time="0.0"/>
  <testcase name="the tree hash after merging the update path should be 39f974ab0325f99d4c8561d46aef9857e8508616e4592796c2c9e35b0d387333" classname="com.github.traderjoe95.mls.protocol.tree.TreeKem" time="0.0"/>
  <testcase name="the decrypted path secret should be c020ffb7e85c478a3277280a3c3d5c661589fc127960ddc22ccb9700f53be24b" classname="com.github.traderjoe95.mls.protocol.tree.TreeKem" time="0.001"/>
  <testcase name="a new update path generated by the sender should be successfully processed" classname="com.github.traderjoe95.mls.protocol.tree.TreeKem" time="0.001"/>
  <testcase name="the update path should be parent-hash valid" classname="com.github.traderjoe95.mls.protocol.tree.TreeKem" time="0.0"/>
  <testcase name="the tree hash after merging the update path should be 39f974ab0325f99d4c8561d46aef9857e8508616e4592796c2c9e35b0d387333" classname="com.github.traderjoe95.mls.protocol.tree.TreeKem" time="0.001"/>
  <testcase name="the decrypted path secret should be c020ffb7e85c478a3277280a3c3d5c661589fc127960ddc22ccb9700f53be24b" classname="com.github.traderjoe95.mls.protocol.tree.TreeKem" time="0.001"/>
  <testcase name="a new update path generated by the sender should be successfully processed" classname="com.github.traderjoe95.mls.protocol.tree.TreeKem" time="0.001"/>
  <testcase name="the update path should be parent-hash valid" classname="com.github.traderjoe95.mls.protocol.tree.TreeKem" time="0.0"/>
  <testcase name="the tree hash after merging the update path should be 39f974ab0325f99d4c8561d46aef9857e8508616e4592796c2c9e35b0d387333" classname="com.github.traderjoe95.mls.protocol.tree.TreeKem" time="0.0"/>
  <testcase name="the decrypted path secret should be c020ffb7e85c478a3277280a3c3d5c661589fc127960ddc22ccb9700f53be24b" classname="com.github.traderjoe95.mls.protocol.tree.TreeKem" time="0.0"/>
  <testcase name="a new update path generated by the sender should be successfully processed" classname="com.github.traderjoe95.mls.protocol.tree.TreeKem" time="0.001"/>
  <testcase name="the update path should be parent-hash valid" classname="com.github.traderjoe95.mls.protocol.tree.TreeKem" time="0.0"/>
  <testcase name="the tree hash after merging the update path should be 39f974ab0325f99d4c8561d46aef9857e8508616e4592796c2c9e35b0d387333" classname="com.github.traderjoe95.mls.protocol.tree.TreeKem" time="0.0"/>
  <testcase name="the decrypted path secret should be 73b6f2a77ee2e436dcaea8b2b30d9bc8c237157c44ba81973a15ad829b0f7ce0" classname="com.github.traderjoe95.mls.protocol.tree.TreeKem" time="0.0"/>
  <testcase name="a new update path generated by the sender should be successfully processed" classname="com.github.traderjoe95.mls.protocol.tree.TreeKem" time="0.0"/>
  <testcase name="the update path should be parent-hash valid" classname="com.github.traderjoe95.mls.protocol.tree.TreeKem" time="0.001"/>
  <testcase name="the tree hash after merging the update path should be 39f974ab0325f99d4c8561d46aef9857e8508616e4592796c2c9e35b0d387333" classname="com.github.traderjoe95.mls.protocol.tree.TreeKem" time="0.0"/>
  <testcase name="the decrypted path secret should be 41f84788b37908ac25d693dc55c6fd13640470acfe8ae3bac1af1a0eec4b5a7d" classname="com.github.traderjoe95.mls.protocol.tree.TreeKem" time="0.0"/>
  <testcase name="a new update path generated by the sender should be successfully processed" classname="com.github.traderjoe95.mls.protocol.tree.TreeKem" time="0.001"/>
  <testcase name="the update path should be parent-hash valid" classname="com.github.traderjoe95.mls.protocol.tree.TreeKem" time="0.0"/>
  <testcase name="the tree hash after merging the update path should be bccbefcba0a0b3927bbd0ea5ad5078d3bb9c27d4cdf866ca4db208965880d0a6" classname="com.github.traderjoe95.mls.protocol.tree.TreeKem" time="0.0"/>
  <testcase name="the decrypted path secret should be d674c5c794d21913d51186dfcca7e5f4c7d7679be8a95e7f66e11451e64a3a70" classname="com.github.traderjoe95.mls.protocol.tree.TreeKem" time="0.0"/>
  <testcase name="a new update path generated by the sender should be successfully processed" classname="com.github.traderjoe95.mls.protocol.tree.TreeKem" time="0.001"/>
  <testcase name="the update path should be parent-hash valid" classname="com.github.traderjoe95.mls.protocol.tree.TreeKem" time="0.0"/>
  <testcase name="the tree hash after merging the update path should be bccbefcba0a0b3927bbd0ea5ad5078d3bb9c27d4cdf866ca4db208965880d0a6" classname="com.github.traderjoe95.mls.protocol.tree.TreeKem" time="0.001"/>
  <testcase name="the decrypted path secret should be d674c5c794d21913d51186dfcca7e5f4c7d7679be8a95e7f66e11451e64a3a70" classname="com.github.traderjoe95.mls.protocol.tree.TreeKem" time="0.0"/>
  <testcase name="a new update path generated by the sender should be successfully processed" classname="com.github.traderjoe95.mls.protocol.tree.TreeKem" time="0.0"/>
  <testcase name="the update path should be parent-hash valid" classname="com.github.traderjoe95.mls.protocol.tree.TreeKem" time="0.0"/>
  <testcase name="the tree hash after merging the update path should be bccbefcba0a0b3927bbd0ea5ad5078d3bb9c27d4cdf866ca4db208965880d0a6" classname="com.github.traderjoe95.mls.protocol.tree.TreeKem" time="0.001"/>
  <testcase name="the decrypted path secret should be d674c5c794d21913d51186dfcca7e5f4c7d7679be8a95e7f66e11451e64a3a70" classname="com.github.traderjoe95.mls.protocol.tree.TreeKem" time="0.001"/>
  <testcase name="a new update path generated by the sender should be successfully processed" classname="com.github.traderjoe95.mls.protocol.tree.TreeKem" time="0.001"/>
  <testcase name="the update path should be parent-hash valid" classname="com.github.traderjoe95.mls.protocol.tree.TreeKem" time="0.0"/>
  <testcase name="the tree hash after merging the update path should be bccbefcba0a0b3927bbd0ea5ad5078d3bb9c27d4cdf866ca4db208965880d0a6" classname="com.github.traderjoe95.mls.protocol.tree.TreeKem" time="0.0"/>
  <testcase name="the decrypted path secret should be d674c5c794d21913d51186dfcca7e5f4c7d7679be8a95e7f66e11451e64a3a70" classname="com.github.traderjoe95.mls.protocol.tree.TreeKem" time="0.0"/>
  <testcase name="a new update path generated by the sender should be successfully processed" classname="com.github.traderjoe95.mls.protocol.tree.TreeKem" time="0.0"/>
  <testcase name="the update path should be parent-hash valid" classname="com.github.traderjoe95.mls.protocol.tree.TreeKem" time="0.0"/>
  <testcase name="the tree hash after merging the update path should be bccbefcba0a0b3927bbd0ea5ad5078d3bb9c27d4cdf866ca4db208965880d0a6" classname="com.github.traderjoe95.mls.protocol.tree.TreeKem" time="0.0"/>
  <testcase name="the decrypted path secret should be 7b1d2d69e4797757699f2a8c1714c62c1f2e3bbd5801cc57f266aa179f58e0c3" classname="com.github.traderjoe95.mls.protocol.tree.TreeKem" time="0.0"/>
  <testcase name="a new update path generated by the sender should be successfully processed" classname="com.github.traderjoe95.mls.protocol.tree.TreeKem" time="0.0"/>
  <testcase name="the update path should be parent-hash valid" classname="com.github.traderjoe95.mls.protocol.tree.TreeKem" time="0.001"/>
  <testcase name="the tree hash after merging the update path should be bccbefcba0a0b3927bbd0ea5ad5078d3bb9c27d4cdf866ca4db208965880d0a6" classname="com.github.traderjoe95.mls.protocol.tree.TreeKem" time="0.001"/>
  <testcase name="the decrypted path secret should be d6f256b85782c81e342c1df88a217aa7b89cfe180e850fd15f0c2ac1bc453c6e" classname="com.github.traderjoe95.mls.protocol.tree.TreeKem" time="0.0"/>
  <testcase name="a new update path generated by the sender should be successfully processed" classname="com.github.traderjoe95.mls.protocol.tree.TreeKem" time="0.001"/>
  <testcase name="the update path should be parent-hash valid" classname="com.github.traderjoe95.mls.protocol.tree.TreeKem" time="0.0"/>
  <testcase name="the tree hash after merging the update path should be 215a98eae3036eca1862063b7803543d486a625c00b5f67508ee503eca938ae0" classname="com.github.traderjoe95.mls.protocol.tree.TreeKem" time="0.001"/>
  <testcase name="the decrypted path secret should be cf187395faef9b892ac34facc1a6eeec9892e97ef64b6cabc4de8e43cfce2677" classname="com.github.traderjoe95.mls.protocol.tree.TreeKem" time="0.001"/>
  <testcase name="a new update path generated by the sender should be successfully processed" classname="com.github.traderjoe95.mls.protocol.tree.TreeKem" time="0.001"/>
  <testcase name="the update path should be parent-hash valid" classname="com.github.traderjoe95.mls.protocol.tree.TreeKem" time="0.0"/>
  <testcase name="the tree hash after merging the update path should be 215a98eae3036eca1862063b7803543d486a625c00b5f67508ee503eca938ae0" classname="com.github.traderjoe95.mls.protocol.tree.TreeKem" time="0.0"/>
  <testcase name="the decrypted path secret should be cf187395faef9b892ac34facc1a6eeec9892e97ef64b6cabc4de8e43cfce2677" classname="com.github.traderjoe95.mls.protocol.tree.TreeKem" time="0.0"/>
  <testcase name="a new update path generated by the sender should be successfully processed" classname="com.github.traderjoe95.mls.protocol.tree.TreeKem" time="0.0"/>
  <testcase name="the update path should be parent-hash valid" classname="com.github.traderjoe95.mls.protocol.tree.TreeKem" time="0.001"/>
  <testcase name="the tree hash after merging the update path should be 215a98eae3036eca1862063b7803543d486a625c00b5f67508ee503eca938ae0" classname="com.github.traderjoe95.mls.protocol.tree.TreeKem" time="0.0"/>
  <testcase name="the decrypted path secret should be cf187395faef9b892ac34facc1a6eeec9892e97ef64b6cabc4de8e43cfce2677" classname="com.github.traderjoe95.mls.protocol.tree.TreeKem" time="0.0"/>
  <testcase name="a new update path generated by the sender should be successfully processed" classname="com.github.traderjoe95.mls.protocol.tree.TreeKem" time="0.0"/>
  <testcase name="the update path should be parent-hash valid" classname="com.github.traderjoe95.mls.protocol.tree.TreeKem" time="0.0"/>
  <testcase name="the tree hash after merging the update path should be 215a98eae3036eca1862063b7803543d486a625c00b5f67508ee503eca938ae0" classname="com.github.traderjoe95.mls.protocol.tree.TreeKem" time="0.001"/>
  <testcase name="the decrypted path secret should be cf187395faef9b892ac34facc1a6eeec9892e97ef64b6cabc4de8e43cfce2677" classname="com.github.traderjoe95.mls.protocol.tree.TreeKem" time="0.001"/>
  <testcase name="a new update path generated by the sender should be successfully processed" classname="com.github.traderjoe95.mls.protocol.tree.TreeKem" time="0.001"/>
  <testcase name="the update path should be parent-hash valid" classname="com.github.traderjoe95.mls.protocol.tree.TreeKem" time="0.0"/>
  <testcase name="the tree hash after merging the update path should be 215a98eae3036eca1862063b7803543d486a625c00b5f67508ee503eca938ae0" classname="com.github.traderjoe95.mls.protocol.tree.TreeKem" time="0.001"/>
  <testcase name="the decrypted path secret should be 932f9b121716708eb29977e1371707c3a080af38a24904b8e2b7b9c5bc35cc6d" classname="com.github.traderjoe95.mls.protocol.tree.TreeKem" time="0.0"/>
  <testcase name="a new update path generated by the sender should be successfully processed" classname="com.github.traderjoe95.mls.protocol.tree.TreeKem" time="0.001"/>
  <testcase name="the update path should be parent-hash valid" classname="com.github.traderjoe95.mls.protocol.tree.TreeKem" time="0.0"/>
  <testcase name="the tree hash after merging the update path should be 215a98eae3036eca1862063b7803543d486a625c00b5f67508ee503eca938ae0" classname="com.github.traderjoe95.mls.protocol.tree.TreeKem" time="0.001"/>
  <testcase name="the decrypted path secret should be 932f9b121716708eb29977e1371707c3a080af38a24904b8e2b7b9c5bc35cc6d" classname="com.github.traderjoe95.mls.protocol.tree.TreeKem" time="0.001"/>
  <testcase name="a new update path generated by the sender should be successfully processed" classname="com.github.traderjoe95.mls.protocol.tree.TreeKem" time="0.001"/>
  <testcase name="non-blank leaf 0 should be consistent with the public state" classname="com.github.traderjoe95.mls.protocol.tree.TreeKem" time="0.001"/>
  <testcase name="non-blank leaf 1 should be consistent with the public state" classname="com.github.traderjoe95.mls.protocol.tree.TreeKem" time="0.001"/>
  <testcase name="the update path should be parent-hash valid" classname="com.github.traderjoe95.mls.protocol.tree.TreeKem" time="0.0"/>
  <testcase name="the tree hash after merging the update path should be 7b4e6a46252ccea699a70b4cbe1256719cd889bd94e11ec329f82847741680b8e611a9205459eab7387141df296a92bbc927e472b79cae06beed21bf9fa679a1" classname="com.github.traderjoe95.mls.protocol.tree.TreeKem" time="0.0"/>
  <testcase name="the decrypted path secret should be 1d25243acaf5958a18425b4ccc898679204631170b2131353e00ac14f0179b238122c7180ab99d6a6dfd1bb685c6cb9c4a1894b0534b4d0c52fcb1c3ad678148" classname="com.github.traderjoe95.mls.protocol.tree.TreeKem" time="0.001"/>
  <testcase name="a new update path generated by the sender should be successfully processed" classname="com.github.traderjoe95.mls.protocol.tree.TreeKem" time="0.002"/>
  <testcase name="the update path should be parent-hash valid" classname="com.github.traderjoe95.mls.protocol.tree.TreeKem" time="0.0"/>
  <testcase name="the tree hash after merging the update path should be 8ff3e42afcb4bac438883783aece76833fc0db3dd67bbe2cac79d6fd4d1eeae4486af88a1c416cb3360e7f491400c8a64df3037e2a138c2565a216c0627f696e" classname="com.github.traderjoe95.mls.protocol.tree.TreeKem" time="0.0"/>
  <testcase name="the decrypted path secret should be 02931f37396f7bcbf323e97782accf082cb746c17c3743976837848b01e28b85ec6657d80f4f593671b7b1496043e2b64e5b8440158eaab8b7541d62ecb6bcef" classname="com.github.traderjoe95.mls.protocol.tree.TreeKem" time="0.001"/>
  <testcase name="a new update path generated by the sender should be successfully processed" classname="com.github.traderjoe95.mls.protocol.tree.TreeKem" time="0.002"/>
  <testcase name="non-blank leaf 0 should be consistent with the public state" classname="com.github.traderjoe95.mls.protocol.tree.TreeKem" time="0.001"/>
  <testcase name="non-blank leaf 1 should be consistent with the public state" classname="com.github.traderjoe95.mls.protocol.tree.TreeKem" time="0.001"/>
  <testcase name="non-blank leaf 2 should be consistent with the public state" classname="com.github.traderjoe95.mls.protocol.tree.TreeKem" time="0.001"/>
  <testcase name="the update path should be parent-hash valid" classname="com.github.traderjoe95.mls.protocol.tree.TreeKem" time="0.0"/>
  <testcase name="the tree hash after merging the update path should be c02495aa861cffd32515e063f3bee4e9d2e2e36e3c3cb632757231a133b36d7528acb26e3bcba7777d4d516ea56fced459a7223d1470b241978b6db493ad4c4e" classname="com.github.traderjoe95.mls.protocol.tree.TreeKem" time="0.0"/>
  <testcase name="the decrypted path secret should be 1d25243acaf5958a18425b4ccc898679204631170b2131353e00ac14f0179b238122c7180ab99d6a6dfd1bb685c6cb9c4a1894b0534b4d0c52fcb1c3ad678148" classname="com.github.traderjoe95.mls.protocol.tree.TreeKem" time="0.001"/>
  <testcase name="a new update path generated by the sender should be successfully processed" classname="com.github.traderjoe95.mls.protocol.tree.TreeKem" time="0.001"/>
  <testcase name="the update path should be parent-hash valid" classname="com.github.traderjoe95.mls.protocol.tree.TreeKem" time="0.0"/>
  <testcase name="the tree hash after merging the update path should be c02495aa861cffd32515e063f3bee4e9d2e2e36e3c3cb632757231a133b36d7528acb26e3bcba7777d4d516ea56fced459a7223d1470b241978b6db493ad4c4e" classname="com.github.traderjoe95.mls.protocol.tree.TreeKem" time="0.0"/>
  <testcase name="the decrypted path secret should be 34c26ec513691ca0b1e11c786d7f02cf7f837aa11c61d2adbd021328599c2b8a41981458678729724cc2ea86b6da1a7a603b6bdcffc02e2c79a8ff8336b7d71d" classname="com.github.traderjoe95.mls.protocol.tree.TreeKem" time="0.001"/>
  <testcase name="a new update path generated by the sender should be successfully processed" classname="com.github.traderjoe95.mls.protocol.tree.TreeKem" time="0.001"/>
  <testcase name="the update path should be parent-hash valid" classname="com.github.traderjoe95.mls.protocol.tree.TreeKem" time="0.0"/>
  <testcase name="the tree hash after merging the update path should be 3dcd80dc17e0f7eef1c772ab445fb80c6b8ea2685fbfb359ab2c6774e578289b009c8aa9dafb52f8bc45b110411d75daf827f57b2b40cd022fd8beacbe996751" classname="com.github.traderjoe95.mls.protocol.tree.TreeKem" time="0.0"/>
  <testcase name="the decrypted path secret should be 02931f37396f7bcbf323e97782accf082cb746c17c3743976837848b01e28b85ec6657d80f4f593671b7b1496043e2b64e5b8440158eaab8b7541d62ecb6bcef" classname="com.github.traderjoe95.mls.protocol.tree.TreeKem" time="0.001"/>
  <testcase name="a new update path generated by the sender should be successfully processed" classname="com.github.traderjoe95.mls.protocol.tree.TreeKem" time="0.001"/>
  <testcase name="the update path should be parent-hash valid" classname="com.github.traderjoe95.mls.protocol.tree.TreeKem" time="0.0"/>
  <testcase name="the tree hash after merging the update path should be 3dcd80dc17e0f7eef1c772ab445fb80c6b8ea2685fbfb359ab2c6774e578289b009c8aa9dafb52f8bc45b110411d75daf827f57b2b40cd022fd8beacbe996751" classname="com.github.traderjoe95.mls.protocol.tree.TreeKem" time="0.0"/>
  <testcase name="the decrypted path secret should be 22642e10b2195d9ae2e6125a04a43a4b3baddb83f8cd4fb1a94c5086cdbaa871467d93714b98421f9c2438814a16fd09625ac1aeafba96854f431ed3f9b46985" classname="com.github.traderjoe95.mls.protocol.tree.TreeKem" time="0.001"/>
  <testcase name="a new update path generated by the sender should be successfully processed" classname="com.github.traderjoe95.mls.protocol.tree.TreeKem" time="0.001"/>
  <testcase name="the update path should be parent-hash valid" classname="com.github.traderjoe95.mls.protocol.tree.TreeKem" time="0.0"/>
  <testcase name="the tree hash after merging the update path should be 90eacdadef58a3a0cbb09dd1069f951948c5d6bd0e3888c17a1c64adfeb3fa075440eb3e98c1a7f63486aabdab531db0bb37ba7f67b5b9bb883385f1e1022efe" classname="com.github.traderjoe95.mls.protocol.tree.TreeKem" time="0.0"/>
  <testcase name="the decrypted path secret should be 78ad8bc01d9cdba1c80d2ba9be70e07d936e1270be27e1f004d9edb4d8033077d8c567c6a0d25c140a2797a8aa2d2e821b0f78354c701908dc37a112bfcd6b86" classname="com.github.traderjoe95.mls.protocol.tree.TreeKem" time="0.001"/>
  <testcase name="a new update path generated by the sender should be successfully processed" classname="com.github.traderjoe95.mls.protocol.tree.TreeKem" time="0.001"/>
  <testcase name="the update path should be parent-hash valid" classname="com.github.traderjoe95.mls.protocol.tree.TreeKem" time="0.0"/>
  <testcase name="the tree hash after merging the update path should be 90eacdadef58a3a0cbb09dd1069f951948c5d6bd0e3888c17a1c64adfeb3fa075440eb3e98c1a7f63486aabdab531db0bb37ba7f67b5b9bb883385f1e1022efe" classname="com.github.traderjoe95.mls.protocol.tree.TreeKem" time="0.0"/>
  <testcase name="the decrypted path secret should be 78ad8bc01d9cdba1c80d2ba9be70e07d936e1270be27e1f004d9edb4d8033077d8c567c6a0d25c140a2797a8aa2d2e821b0f78354c701908dc37a112bfcd6b86" classname="com.github.traderjoe95.mls.protocol.tree.TreeKem" time="0.001"/>
  <testcase name="a new update path generated by the sender should be successfully processed" classname="com.github.traderjoe95.mls.protocol.tree.TreeKem" time="0.001"/>
  <testcase name="non-blank leaf 0 should be consistent with the public state" classname="com.github.traderjoe95.mls.protocol.tree.TreeKem" time="0.001"/>
  <testcase name="non-blank leaf 1 should be consistent with the public state" classname="com.github.traderjoe95.mls.protocol.tree.TreeKem" time="0.001"/>
  <testcase name="non-blank leaf 2 should be consistent with the public state" classname="com.github.traderjoe95.mls.protocol.tree.TreeKem" time="0.001"/>
  <testcase name="non-blank leaf 3 should be consistent with the public state" classname="com.github.traderjoe95.mls.protocol.tree.TreeKem" time="0.001"/>
  <testcase name="the update path should be parent-hash valid" classname="com.github.traderjoe95.mls.protocol.tree.TreeKem" time="0.0"/>
  <testcase name="the tree hash after merging the update path should be 872db5648281f6f14a36bba4c0a267272ea430c373074dfba3a9d63aa2b5c382752b5e4d11d976a52e645c193bc818c6b4cb07338c649d0321015f6cafaed1ea" classname="com.github.traderjoe95.mls.protocol.tree.TreeKem" time="0.0"/>
  <testcase name="the decrypted path secret should be 1d25243acaf5958a18425b4ccc898679204631170b2131353e00ac14f0179b238122c7180ab99d6a6dfd1bb685c6cb9c4a1894b0534b4d0c52fcb1c3ad678148" classname="com.github.traderjoe95.mls.protocol.tree.TreeKem" time="0.001"/>
  <testcase name="a new update path generated by the sender should be successfully processed" classname="com.github.traderjoe95.mls.protocol.tree.TreeKem" time="0.001"/>
  <testcase name="the update path should be parent-hash valid" classname="com.github.traderjoe95.mls.protocol.tree.TreeKem" time="0.0"/>
  <testcase name="the tree hash after merging the update path should be 872db5648281f6f14a36bba4c0a267272ea430c373074dfba3a9d63aa2b5c382752b5e4d11d976a52e645c193bc818c6b4cb07338c649d0321015f6cafaed1ea" classname="com.github.traderjoe95.mls.protocol.tree.TreeKem" time="0.0"/>
  <testcase name="the decrypted path secret should be 34c26ec513691ca0b1e11c786d7f02cf7f837aa11c61d2adbd021328599c2b8a41981458678729724cc2ea86b6da1a7a603b6bdcffc02e2c79a8ff8336b7d71d" classname="com.github.traderjoe95.mls.protocol.tree.TreeKem" time="0.001"/>
  <testcase name="a new update path generated by the sender should be successfully processed" classname="com.github.traderjoe95.mls.protocol.tree.TreeKem" time="0.001"/>
  <testcase name="the update path should be parent-hash valid" classname="com.github.traderjoe95.mls.protocol.tree.TreeKem" time="0.0"/>
  <testcase name="the tree hash after merging the update path should be 872db5648281f6f14a36bba4c0a267272ea430c373074dfba3a9d63aa2b5c382752b5e4d11d976a52e645c193bc818c6b4cb07338c649d0321015f6cafaed1ea" classname="com.github.traderjoe95.mls.protocol.tree.TreeKem" time="0.0"/>
  <testcase name="the decrypted path secret should be 34c26ec513691ca0b1e11c786d7f02cf7f837aa11c61d2adbd021328599c2b8a41981458678729724cc2ea86b6da1a7a603b6bdcffc02e2c79a8ff8336b7d71d" classname="com.github.traderjoe95.mls.protocol.tree.TreeKem" time="0.001"/>
  <testcase name="a new update path generated by the sender should be successfully processed" classname="com.github.traderjoe95.mls.protocol.tree.TreeKem" time="0.001"/>
  <testcase name="the update path should be parent-hash valid" classname="com.github.traderjoe95.mls.protocol.tree.TreeKem" time="0.0"/>
  <testcase name="the tree hash after merging the update path should be dfbea2d82d1fb800181dc275d1c978daa44cf239da2c3c4725b82e5dd12f4813180a90c43955824f777491317f2e4aa7dbd8103eca7cee0d44ac426f34140704" classname="com.github.traderjoe95.mls.protocol.tree.TreeKem" time="0.0"/>
  <testcase name="the decrypted path secret should be 02931f37396f7bcbf323e97782accf082cb746c17c3743976837848b01e28b85ec6657d80f4f593671b7b1496043e2b64e5b8440158eaab8b7541d62ecb6bcef" classname="com.github.traderjoe95.mls.protocol.tree.TreeKem" time="0.001"/>
  <testcase name="a new update path generated by the sender should be successfully processed" classname="com.github.traderjoe95.mls.protocol.tree.TreeKem" time="0.001"/>
  <testcase name="the update path should be parent-hash valid" classname="com.github.traderjoe95.mls.protocol.tree.TreeKem" time="0.0"/>
  <testcase name="the tree hash after merging the update path should be dfbea2d82d1fb800181dc275d1c978daa44cf239da2c3c4725b82e5dd12f4813180a90c43955824f777491317f2e4aa7dbd8103eca7cee0d44ac426f34140704" classname="com.github.traderjoe95.mls.protocol.tree.TreeKem" time="0.0"/>
  <testcase name="the decrypted path secret should be 22642e10b2195d9ae2e6125a04a43a4b3baddb83f8cd4fb1a94c5086cdbaa871467d93714b98421f9c2438814a16fd09625ac1aeafba96854f431ed3f9b46985" classname="com.github.traderjoe95.mls.protocol.tree.TreeKem" time="0.002"/>
  <testcase name="a new update path generated by the sender should be successfully processed" classname="com.github.traderjoe95.mls.protocol.tree.TreeKem" time="0.001"/>
  <testcase name="the update path should be parent-hash valid" classname="com.github.traderjoe95.mls.protocol.tree.TreeKem" time="0.0"/>
  <testcase name="the tree hash after merging the update path should be dfbea2d82d1fb800181dc275d1c978daa44cf239da2c3c4725b82e5dd12f4813180a90c43955824f777491317f2e4aa7dbd8103eca7cee0d44ac426f34140704" classname="com.github.traderjoe95.mls.protocol.tree.TreeKem" time="0.0"/>
  <testcase name="the decrypted path secret should be 22642e10b2195d9ae2e6125a04a43a4b3baddb83f8cd4fb1a94c5086cdbaa871467d93714b98421f9c2438814a16fd09625ac1aeafba96854f431ed3f9b46985" classname="com.github.traderjoe95.mls.protocol.tree.TreeKem" time="0.002"/>
  <testcase name="a new update path generated by the sender should be successfully processed" classname="com.github.traderjoe95.mls.protocol.tree.TreeKem" time="0.001"/>
  <testcase name="the update path should be parent-hash valid" classname="com.github.traderjoe95.mls.protocol.tree.TreeKem" time="0.0"/>
  <testcase name="the tree hash after merging the update path should be 40583f974f5ed9a61d55dda243fb8ee75462d723f2c577c58235edadb0215cbe3979a9a17f691e9537ebdc92c00d8d4fc542f43542943119986c4ad386f433ff" classname="com.github.traderjoe95.mls.protocol.tree.TreeKem" time="0.0"/>
  <testcase name="the decrypted path secret should be f991086111f752406ced96a6ce137dc30bc6c85e458a30520db5dd098051e1edd7228456b492c43861964fa4b57793a546cd5668e4ea031fbc307ab2fdf22523" classname="com.github.traderjoe95.mls.protocol.tree.TreeKem" time="0.001"/>
  <testcase name="a new update path generated by the sender should be successfully processed" classname="com.github.traderjoe95.mls.protocol.tree.TreeKem" time="0.002"/>
  <testcase name="the update path should be parent-hash valid" classname="com.github.traderjoe95.mls.protocol.tree.TreeKem" time="0.0"/>
  <testcase name="the tree hash after merging the update path should be 40583f974f5ed9a61d55dda243fb8ee75462d723f2c577c58235edadb0215cbe3979a9a17f691e9537ebdc92c00d8d4fc542f43542943119986c4ad386f433ff" classname="com.github.traderjoe95.mls.protocol.tree.TreeKem" time="0.0"/>
  <testcase name="the decrypted path secret should be f991086111f752406ced96a6ce137dc30bc6c85e458a30520db5dd098051e1edd7228456b492c43861964fa4b57793a546cd5668e4ea031fbc307ab2fdf22523" classname="com.github.traderjoe95.mls.protocol.tree.TreeKem" time="0.001"/>
  <testcase name="a new update path generated by the sender should be successfully processed" classname="com.github.traderjoe95.mls.protocol.tree.TreeKem" time="0.001"/>
  <testcase name="the update path should be parent-hash valid" classname="com.github.traderjoe95.mls.protocol.tree.TreeKem" time="0.0"/>
  <testcase name="the tree hash after merging the update path should be 40583f974f5ed9a61d55dda243fb8ee75462d723f2c577c58235edadb0215cbe3979a9a17f691e9537ebdc92c00d8d4fc542f43542943119986c4ad386f433ff" classname="com.github.traderjoe95.mls.protocol.tree.TreeKem" time="0.001"/>
  <testcase name="the decrypted path secret should be 78ad8bc01d9cdba1c80d2ba9be70e07d936e1270be27e1f004d9edb4d8033077d8c567c6a0d25c140a2797a8aa2d2e821b0f78354c701908dc37a112bfcd6b86" classname="com.github.traderjoe95.mls.protocol.tree.TreeKem" time="0.001"/>
  <testcase name="a new update path generated by the sender should be successfully processed" classname="com.github.traderjoe95.mls.protocol.tree.TreeKem" time="0.001"/>
  <testcase name="the update path should be parent-hash valid" classname="com.github.traderjoe95.mls.protocol.tree.TreeKem" time="0.001"/>
  <testcase name="the tree hash after merging the update path should be aeac364c32dc437338b6b52e2428f28e12f9eb74524a673810e7db48bc77d7a9e1b58b6b084299fba40a5e6f38e68efba98e2ce8fbc28b3ac3606e9ef0559b0f" classname="com.github.traderjoe95.mls.protocol.tree.TreeKem" time="0.0"/>
  <testcase name="the decrypted path secret should be deaaa15e8690b3cc31c9baf0c873d57ff87a1805759902112286237d43ae8e9150265f0af6febc3f9998f09681d4c8c0132f919dc9279fe52a8bd041d17a42d9" classname="com.github.traderjoe95.mls.protocol.tree.TreeKem" time="0.001"/>
  <testcase name="a new update path generated by the sender should be successfully processed" classname="com.github.traderjoe95.mls.protocol.tree.TreeKem" time="0.002"/>
  <testcase name="the update path should be parent-hash valid" classname="com.github.traderjoe95.mls.protocol.tree.TreeKem" time="0.0"/>
  <testcase name="the tree hash after merging the update path should be aeac364c32dc437338b6b52e2428f28e12f9eb74524a673810e7db48bc77d7a9e1b58b6b084299fba40a5e6f38e68efba98e2ce8fbc28b3ac3606e9ef0559b0f" classname="com.github.traderjoe95.mls.protocol.tree.TreeKem" time="0.0"/>
  <testcase name="the decrypted path secret should be deaaa15e8690b3cc31c9baf0c873d57ff87a1805759902112286237d43ae8e9150265f0af6febc3f9998f09681d4c8c0132f919dc9279fe52a8bd041d17a42d9" classname="com.github.traderjoe95.mls.protocol.tree.TreeKem" time="0.001"/>
  <testcase name="a new update path generated by the sender should be successfully processed" classname="com.github.traderjoe95.mls.protocol.tree.TreeKem" time="0.001"/>
  <testcase name="the update path should be parent-hash valid" classname="com.github.traderjoe95.mls.protocol.tree.TreeKem" time="0.001"/>
  <testcase name="the tree hash after merging the update path should be aeac364c32dc437338b6b52e2428f28e12f9eb74524a673810e7db48bc77d7a9e1b58b6b084299fba40a5e6f38e68efba98e2ce8fbc28b3ac3606e9ef0559b0f" classname="com.github.traderjoe95.mls.protocol.tree.TreeKem" time="0.001"/>
  <testcase name="the decrypted path secret should be ea3c4e2b6ecb5436bd18006439b20711894b1a8f81b102cd7a4e7fd49dd00301684ef241b5f4983288015e610ed488da529ae65dbdab7b64006a13dac8c2b83c" classname="com.github.traderjoe95.mls.protocol.tree.TreeKem" time="0.002"/>
  <testcase name="a new update path generated by the sender should be successfully processed" classname="com.github.traderjoe95.mls.protocol.tree.TreeKem" time="0.001"/>
  <testcase name="non-blank leaf 0 should be consistent with the public state" classname="com.github.traderjoe95.mls.protocol.tree.TreeKem" time="0.003"/>
  <testcase name="non-blank leaf 1 should be consistent with the public state" classname="com.github.traderjoe95.mls.protocol.tree.TreeKem" time="0.002"/>
  <testcase name="non-blank leaf 2 should be consistent with the public state" classname="com.github.traderjoe95.mls.protocol.tree.TreeKem" time="0.002"/>
  <testcase name="non-blank leaf 3 should be consistent with the public state" classname="com.github.traderjoe95.mls.protocol.tree.TreeKem" time="0.002"/>
  <testcase name="non-blank leaf 4 should be consistent with the public state" classname="com.github.traderjoe95.mls.protocol.tree.TreeKem" time="0.002"/>
  <testcase name="the update path should be parent-hash valid" classname="com.github.traderjoe95.mls.protocol.tree.TreeKem" time="0.0"/>
  <testcase name="the tree hash after merging the update path should be f694874ce6cf04e72f4d339651e5650c894711ef0913fde4e25cda5a67b7bf9a6d7d33767b1778a1cce8a73022220e07e830a6f8dc499b4c46b9e6adb849c9df" classname="com.github.traderjoe95.mls.protocol.tree.TreeKem" time="0.001"/>
  <testcase name="the decrypted path secret should be 1d25243acaf5958a18425b4ccc898679204631170b2131353e00ac14f0179b238122c7180ab99d6a6dfd1bb685c6cb9c4a1894b0534b4d0c52fcb1c3ad678148" classname="com.github.traderjoe95.mls.protocol.tree.TreeKem" time="0.002"/>
  <testcase name="a new update path generated by the sender should be successfully processed" classname="com.github.traderjoe95.mls.protocol.tree.TreeKem" time="0.001"/>
  <testcase name="the update path should be parent-hash valid" classname="com.github.traderjoe95.mls.protocol.tree.TreeKem" time="0.0"/>
  <testcase name="the tree hash after merging the update path should be f694874ce6cf04e72f4d339651e5650c894711ef0913fde4e25cda5a67b7bf9a6d7d33767b1778a1cce8a73022220e07e830a6f8dc499b4c46b9e6adb849c9df" classname="com.github.traderjoe95.mls.protocol.tree.TreeKem" time="0.0"/>
  <testcase name="the decrypted path secret should be 34c26ec513691ca0b1e11c786d7f02cf7f837aa11c61d2adbd021328599c2b8a41981458678729724cc2ea86b6da1a7a603b6bdcffc02e2c79a8ff8336b7d71d" classname="com.github.traderjoe95.mls.protocol.tree.TreeKem" time="0.001"/>
  <testcase name="a new update path generated by the sender should be successfully processed" classname="com.github.traderjoe95.mls.protocol.tree.TreeKem" time="0.001"/>
  <testcase name="the update path should be parent-hash valid" classname="com.github.traderjoe95.mls.protocol.tree.TreeKem" time="0.0"/>
  <testcase name="the tree hash after merging the update path should be f694874ce6cf04e72f4d339651e5650c894711ef0913fde4e25cda5a67b7bf9a6d7d33767b1778a1cce8a73022220e07e830a6f8dc499b4c46b9e6adb849c9df" classname="com.github.traderjoe95.mls.protocol.tree.TreeKem" time="0.0"/>
  <testcase name="the decrypted path secret should be 34c26ec513691ca0b1e11c786d7f02cf7f837aa11c61d2adbd021328599c2b8a41981458678729724cc2ea86b6da1a7a603b6bdcffc02e2c79a8ff8336b7d71d" classname="com.github.traderjoe95.mls.protocol.tree.TreeKem" time="0.001"/>
  <testcase name="a new update path generated by the sender should be successfully processed" classname="com.github.traderjoe95.mls.protocol.tree.TreeKem" time="0.001"/>
  <testcase name="the update path should be parent-hash valid" classname="com.github.traderjoe95.mls.protocol.tree.TreeKem" time="0.0"/>
  <testcase name="the tree hash after merging the update path should be f694874ce6cf04e72f4d339651e5650c894711ef0913fde4e25cda5a67b7bf9a6d7d33767b1778a1cce8a73022220e07e830a6f8dc499b4c46b9e6adb849c9df" classname="com.github.traderjoe95.mls.protocol.tree.TreeKem" time="0.001"/>
  <testcase name="the decrypted path secret should be 80171ba520013c13a710743e9f58a51cac54e2434f40a5fc35dc71bbd6828281817bc2184bde275f2ce31b07005890cb34920b8e76ffb3912f43eafa4bfd65e8" classname="com.github.traderjoe95.mls.protocol.tree.TreeKem" time="0.001"/>
  <testcase name="a new update path generated by the sender should be successfully processed" classname="com.github.traderjoe95.mls.protocol.tree.TreeKem" time="0.001"/>
  <testcase name="the update path should be parent-hash valid" classname="com.github.traderjoe95.mls.protocol.tree.TreeKem" time="0.001"/>
  <testcase name="the tree hash after merging the update path should be 02ecfebe95f900ebf5f38a8ad35bcc5288b1c93e3ce34c5ac561d5135a96b24ca2ce01e6fbcbe86a346911f333671f3d349cb5cf06b458c2214e97cb4b8efbc7" classname="com.github.traderjoe95.mls.protocol.tree.TreeKem" time="0.001"/>
  <testcase name="the decrypted path secret should be 02931f37396f7bcbf323e97782accf082cb746c17c3743976837848b01e28b85ec6657d80f4f593671b7b1496043e2b64e5b8440158eaab8b7541d62ecb6bcef" classname="com.github.traderjoe95.mls.protocol.tree.TreeKem" time="0.001"/>
  <testcase name="a new update path generated by the sender should be successfully processed" classname="com.github.traderjoe95.mls.protocol.tree.TreeKem" time="0.002"/>
  <testcase name="the update path should be parent-hash valid" classname="com.github.traderjoe95.mls.protocol.tree.TreeKem" time="0.0"/>
  <testcase name="the tree hash after merging the update path should be 02ecfebe95f900ebf5f38a8ad35bcc5288b1c93e3ce34c5ac561d5135a96b24ca2ce01e6fbcbe86a346911f333671f3d349cb5cf06b458c2214e97cb4b8efbc7" classname="com.github.traderjoe95.mls.protocol.tree.TreeKem" time="0.001"/>
  <testcase name="the decrypted path secret should be 22642e10b2195d9ae2e6125a04a43a4b3baddb83f8cd4fb1a94c5086cdbaa871467d93714b98421f9c2438814a16fd09625ac1aeafba96854f431ed3f9b46985" classname="com.github.traderjoe95.mls.protocol.tree.TreeKem" time="0.001"/>
  <testcase name="a new update path generated by the sender should be successfully processed" classname="com.github.traderjoe95.mls.protocol.tree.TreeKem" time="0.002"/>
  <testcase name="the update path should be parent-hash valid" classname="com.github.traderjoe95.mls.protocol.tree.TreeKem" time="0.001"/>
  <testcase name="the tree hash after merging the update path should be 02ecfebe95f900ebf5f38a8ad35bcc5288b1c93e3ce34c5ac561d5135a96b24ca2ce01e6fbcbe86a346911f333671f3d349cb5cf06b458c2214e97cb4b8efbc7" classname="com.github.traderjoe95.mls.protocol.tree.TreeKem" time="0.0"/>
  <testcase name="the decrypted path secret should be 22642e10b2195d9ae2e6125a04a43a4b3baddb83f8cd4fb1a94c5086cdbaa871467d93714b98421f9c2438814a16fd09625ac1aeafba96854f431ed3f9b46985" classname="com.github.traderjoe95.mls.protocol.tree.TreeKem" time="0.001"/>
  <testcase name="a new update path generated by the sender should be successfully processed" classname="com.github.traderjoe95.mls.protocol.tree.TreeKem" time="0.002"/>
  <testcase name="the update path should be parent-hash valid" classname="com.github.traderjoe95.mls.protocol.tree.TreeKem" time="0.001"/>
  <testcase name="the tree hash after merging the update path should be 02ecfebe95f900ebf5f38a8ad35bcc5288b1c93e3ce34c5ac561d5135a96b24ca2ce01e6fbcbe86a346911f333671f3d349cb5cf06b458c2214e97cb4b8efbc7" classname="com.github.traderjoe95.mls.protocol.tree.TreeKem" time="0.0"/>
  <testcase name="the decrypted path secret should be 444c384f152c1d092d3d9c16d3954898b2ac6961e1d710c1a0998d77fab8e570a04e890a39458f57c9a819fc02037e391c32c4b85f01ca6cd3323e795142486a" classname="com.github.traderjoe95.mls.protocol.tree.TreeKem" time="0.014"/>
  <testcase name="a new update path generated by the sender should be successfully processed" classname="com.github.traderjoe95.mls.protocol.tree.TreeKem" time="0.001"/>
  <testcase name="the update path should be parent-hash valid" classname="com.github.traderjoe95.mls.protocol.tree.TreeKem" time="0.001"/>
  <testcase name="the tree hash after merging the update path should be 5f27a268da1c30f07266f3fa0f2e4f8274a9aa2b5071a413cd702a1210987579d7ebd914fcabec7a7eec454839e4c12e573992b39e1576b5593774579fb5971e" classname="com.github.traderjoe95.mls.protocol.tree.TreeKem" time="0.0"/>
  <testcase name="the decrypted path secret should be f991086111f752406ced96a6ce137dc30bc6c85e458a30520db5dd098051e1edd7228456b492c43861964fa4b57793a546cd5668e4ea031fbc307ab2fdf22523" classname="com.github.traderjoe95.mls.protocol.tree.TreeKem" time="0.001"/>
  <testcase name="a new update path generated by the sender should be successfully processed" classname="com.github.traderjoe95.mls.protocol.tree.TreeKem" time="0.001"/>
  <testcase name="the update path should be parent-hash valid" classname="com.github.traderjoe95.mls.protocol.tree.TreeKem" time="0.0"/>
  <testcase name="the tree hash after merging the update path should be 5f27a268da1c30f07266f3fa0f2e4f8274a9aa2b5071a413cd702a1210987579d7ebd914fcabec7a7eec454839e4c12e573992b39e1576b5593774579fb5971e" classname="com.github.traderjoe95.mls.protocol.tree.TreeKem" time="0.0"/>
  <testcase name="the decrypted path secret should be f991086111f752406ced96a6ce137dc30bc6c85e458a30520db5dd098051e1edd7228456b492c43861964fa4b57793a546cd5668e4ea031fbc307ab2fdf22523" classname="com.github.traderjoe95.mls.protocol.tree.TreeKem" time="0.001"/>
  <testcase name="a new update path generated by the sender should be successfully processed" classname="com.github.traderjoe95.mls.protocol.tree.TreeKem" time="0.001"/>
  <testcase name="the update path should be parent-hash valid" classname="com.github.traderjoe95.mls.protocol.tree.TreeKem" time="0.001"/>
  <testcase name="the tree hash after merging the update path should be 5f27a268da1c30f07266f3fa0f2e4f8274a9aa2b5071a413cd702a1210987579d7ebd914fcabec7a7eec454839e4c12e573992b39e1576b5593774579fb5971e" classname="com.github.traderjoe95.mls.protocol.tree.TreeKem" time="0.001"/>
  <testcase name="the decrypted path secret should be 78ad8bc01d9cdba1c80d2ba9be70e07d936e1270be27e1f004d9edb4d8033077d8c567c6a0d25c140a2797a8aa2d2e821b0f78354c701908dc37a112bfcd6b86" classname="com.github.traderjoe95.mls.protocol.tree.TreeKem" time="0.001"/>
  <testcase name="a new update path generated by the sender should be successfully processed" classname="com.github.traderjoe95.mls.protocol.tree.TreeKem" time="0.001"/>
  <testcase name="the update path should be parent-hash valid" classname="com.github.traderjoe95.mls.protocol.tree.TreeKem" time="0.001"/>
  <testcase name="the tree hash after merging the update path should be 5f27a268da1c30f07266f3fa0f2e4f8274a9aa2b5071a413cd702a1210987579d7ebd914fcabec7a7eec454839e4c12e573992b39e1576b5593774579fb5971e" classname="com.github.traderjoe95.mls.protocol.tree.TreeKem" time="0.0"/>
  <testcase name="the decrypted path secret should be 971bf4bff2e562d56a4714880fdca3d1fdd9514ecd84c818bf32ad7aadbf48e986ffbbf39adbecfac3f8f4f6341bff1f3201e65451c3691f90e617869a4aa7d5" classname="com.github.traderjoe95.mls.protocol.tree.TreeKem" time="0.001"/>
  <testcase name="a new update path generated by the sender should be successfully processed" classname="com.github.traderjoe95.mls.protocol.tree.TreeKem" time="0.001"/>
  <testcase name="the update path should be parent-hash valid" classname="com.github.traderjoe95.mls.protocol.tree.TreeKem" time="0.0"/>
  <testcase name="the tree hash after merging the update path should be 7a276df73b9f178463193d2e03663c796545c6e925a066de996babac61650f92759027956bd2eb0e1f7f88b618e1302f46f31489cf2a609b76f2dd1ab126cfde" classname="com.github.traderjoe95.mls.protocol.tree.TreeKem" time="0.001"/>
  <testcase name="the decrypted path secret should be deaaa15e8690b3cc31c9baf0c873d57ff87a1805759902112286237d43ae8e9150265f0af6febc3f9998f09681d4c8c0132f919dc9279fe52a8bd041d17a42d9" classname="com.github.traderjoe95.mls.protocol.tree.TreeKem" time="0.001"/>
  <testcase name="a new update path generated by the sender should be successfully processed" classname="com.github.traderjoe95.mls.protocol.tree.TreeKem" time="0.001"/>
  <testcase name="the update path should be parent-hash valid" classname="com.github.traderjoe95.mls.protocol.tree.TreeKem" time="0.001"/>
  <testcase name="the tree hash after merging the update path should be 7a276df73b9f178463193d2e03663c796545c6e925a066de996babac61650f92759027956bd2eb0e1f7f88b618e1302f46f31489cf2a609b76f2dd1ab126cfde" classname="com.github.traderjoe95.mls.protocol.tree.TreeKem" time="0.0"/>
  <testcase name="the decrypted path secret should be deaaa15e8690b3cc31c9baf0c873d57ff87a1805759902112286237d43ae8e9150265f0af6febc3f9998f09681d4c8c0132f919dc9279fe52a8bd041d17a42d9" classname="com.github.traderjoe95.mls.protocol.tree.TreeKem" time="0.0"/>
  <testcase name="a new update path generated by the sender should be successfully processed" classname="com.github.traderjoe95.mls.protocol.tree.TreeKem" time="0.001"/>
  <testcase name="the update path should be parent-hash valid" classname="com.github.traderjoe95.mls.protocol.tree.TreeKem" time="0.001"/>
  <testcase name="the tree hash after merging the update path should be 7a276df73b9f178463193d2e03663c796545c6e925a066de996babac61650f92759027956bd2eb0e1f7f88b618e1302f46f31489cf2a609b76f2dd1ab126cfde" classname="com.github.traderjoe95.mls.protocol.tree.TreeKem" time="0.001"/>
  <testcase name="the decrypted path secret should be ea3c4e2b6ecb5436bd18006439b20711894b1a8f81b102cd7a4e7fd49dd00301684ef241b5f4983288015e610ed488da529ae65dbdab7b64006a13dac8c2b83c" classname="com.github.traderjoe95.mls.protocol.tree.TreeKem" time="0.001"/>
  <testcase name="a new update path generated by the sender should be successfully processed" classname="com.github.traderjoe95.mls.protocol.tree.TreeKem" time="0.001"/>
  <testcase name="the update path should be parent-hash valid" classname="com.github.traderjoe95.mls.protocol.tree.TreeKem" time="0.0"/>
  <testcase name="the tree hash after merging the update path should be 7a276df73b9f178463193d2e03663c796545c6e925a066de996babac61650f92759027956bd2eb0e1f7f88b618e1302f46f31489cf2a609b76f2dd1ab126cfde" classname="com.github.traderjoe95.mls.protocol.tree.TreeKem" time="0.0"/>
  <testcase name="the decrypted path secret should be e03f676c22ffcca256d6f3f3a038b672bd5631b03650ec9a2c445ebf9ae546d214f3c1ce9d2feb839107e492e06c501a8c0e98a4e8bb02e8ebb1662391d52d1d" classname="com.github.traderjoe95.mls.protocol.tree.TreeKem" time="0.001"/>
  <testcase name="a new update path generated by the sender should be successfully processed" classname="com.github.traderjoe95.mls.protocol.tree.TreeKem" time="0.001"/>
  <testcase name="the update path should be parent-hash valid" classname="com.github.traderjoe95.mls.protocol.tree.TreeKem" time="0.0"/>
  <testcase name="the tree hash after merging the update path should be 93dd30d53b24874be39b3e6b12d7e54ab2b1ef1e518fc1b8cfa0b204f4597572149db770a9419f10337ad72539f60c063173ef9210eecdf56f29cc4b767b0093" classname="com.github.traderjoe95.mls.protocol.tree.TreeKem" time="0.0"/>
  <testcase name="the decrypted path secret should be d3eb43026f07ebbdfcbbddbd3f12061be0821e3c3ebd6eaff7fbda97fd639d32c99690e98c5b3c66c02d62a78ce962b21d732f6b6c7cc27590115a2984c4d379" classname="com.github.traderjoe95.mls.protocol.tree.TreeKem" time="0.001"/>
  <testcase name="a new update path generated by the sender should be successfully processed" classname="com.github.traderjoe95.mls.protocol.tree.TreeKem" time="0.001"/>
  <testcase name="the update path should be parent-hash valid" classname="com.github.traderjoe95.mls.protocol.tree.TreeKem" time="0.0"/>
  <testcase name="the tree hash after merging the update path should be 93dd30d53b24874be39b3e6b12d7e54ab2b1ef1e518fc1b8cfa0b204f4597572149db770a9419f10337ad72539f60c063173ef9210eecdf56f29cc4b767b0093" classname="com.github.traderjoe95.mls.protocol.tree.TreeKem" time="0.0"/>
  <testcase name="the decrypted path secret should be d3eb43026f07ebbdfcbbddbd3f12061be0821e3c3ebd6eaff7fbda97fd639d32c99690e98c5b3c66c02d62a78ce962b21d732f6b6c7cc27590115a2984c4d379" classname="com.github.traderjoe95.mls.protocol.tree.TreeKem" time="0.001"/>
  <testcase name="a new update path generated by the sender should be successfully processed" classname="com.github.traderjoe95.mls.protocol.tree.TreeKem" time="0.002"/>
  <testcase name="the update path should be parent-hash valid" classname="com.github.traderjoe95.mls.protocol.tree.TreeKem" time="0.0"/>
  <testcase name="the tree hash after merging the update path should be 93dd30d53b24874be39b3e6b12d7e54ab2b1ef1e518fc1b8cfa0b204f4597572149db770a9419f10337ad72539f60c063173ef9210eecdf56f29cc4b767b0093" classname="com.github.traderjoe95.mls.protocol.tree.TreeKem" time="0.001"/>
  <testcase name="the decrypted path secret should be d3eb43026f07ebbdfcbbddbd3f12061be0821e3c3ebd6eaff7fbda97fd639d32c99690e98c5b3c66c02d62a78ce962b21d732f6b6c7cc27590115a2984c4d379" classname="com.github.traderjoe95.mls.protocol.tree.TreeKem" time="0.001"/>
  <testcase name="a new update path generated by the sender should be successfully processed" classname="com.github.traderjoe95.mls.protocol.tree.TreeKem" time="0.001"/>
  <testcase name="the update path should be parent-hash valid" classname="com.github.traderjoe95.mls.protocol.tree.TreeKem" time="0.001"/>
  <testcase name="the tree hash after merging the update path should be 93dd30d53b24874be39b3e6b12d7e54ab2b1ef1e518fc1b8cfa0b204f4597572149db770a9419f10337ad72539f60c063173ef9210eecdf56f29cc4b767b0093" classname="com.github.traderjoe95.mls.protocol.tree.TreeKem" time="0.0"/>
  <testcase name="the decrypted path secret should be d3eb43026f07ebbdfcbbddbd3f12061be0821e3c3ebd6eaff7fbda97fd639d32c99690e98c5b3c66c02d62a78ce962b21d732f6b6c7cc27590115a2984c4d379" classname="com.github.traderjoe95.mls.protocol.tree.TreeKem" time="0.001"/>
  <testcase name="a new update path generated by the sender should be successfully processed" classname="com.github.traderjoe95.mls.protocol.tree.TreeKem" time="0.001"/>
  <testcase name="non-blank leaf 0 should be consistent with the public state" classname="com.github.traderjoe95.mls.protocol.tree.TreeKem" time="0.001"/>
  <testcase name="non-blank leaf 1 should be consistent with the public state" classname="com.github.traderjoe95.mls.protocol.tree.TreeKem" time="0.002"/>
  <testcase name="non-blank leaf 2 should be consistent with the public state" classname="com.github.traderjoe95.mls.protocol.tree.TreeKem" time="0.002"/>
  <testcase name="non-blank leaf 3 should be consistent with the public state" classname="com.github.traderjoe95.mls.protocol.tree.TreeKem" time="0.002"/>
  <testcase name="non-blank leaf 4 should be consistent with the public state" classname="com.github.traderjoe95.mls.protocol.tree.TreeKem" time="0.002"/>
  <testcase name="non-blank leaf 5 should be consistent with the public state" classname="com.github.traderjoe95.mls.protocol.tree.TreeKem" time="0.001"/>
  <testcase name="the update path should be parent-hash valid" classname="com.github.traderjoe95.mls.protocol.tree.TreeKem" time="0.0"/>
  <testcase name="the tree hash after merging the update path should be 56397b72a96e24e5f799c66ffbef7d899a1e59bc22f077694fff8265d555a348217ab70a01bc724c617078f68c886035c9b01b3f9c01b87b3c33fd29f6895da6" classname="com.github.traderjoe95.mls.protocol.tree.TreeKem" time="0.0"/>
  <testcase name="the decrypted path secret should be 1d25243acaf5958a18425b4ccc898679204631170b2131353e00ac14f0179b238122c7180ab99d6a6dfd1bb685c6cb9c4a1894b0534b4d0c52fcb1c3ad678148" classname="com.github.traderjoe95.mls.protocol.tree.TreeKem" time="0.0"/>
  <testcase name="a new update path generated by the sender should be successfully processed" classname="com.github.traderjoe95.mls.protocol.tree.TreeKem" time="0.001"/>
  <testcase name="the update path should be parent-hash valid" classname="com.github.traderjoe95.mls.protocol.tree.TreeKem" time="0.0"/>
  <testcase name="the tree hash after merging the update path should be 56397b72a96e24e5f799c66ffbef7d899a1e59bc22f077694fff8265d555a348217ab70a01bc724c617078f68c886035c9b01b3f9c01b87b3c33fd29f6895da6" classname="com.github.traderjoe95.mls.protocol.tree.TreeKem" time="0.0"/>
  <testcase name="the decrypted path secret should be 34c26ec513691ca0b1e11c786d7f02cf7f837aa11c61d2adbd021328599c2b8a41981458678729724cc2ea86b6da1a7a603b6bdcffc02e2c79a8ff8336b7d71d" classname="com.github.traderjoe95.mls.protocol.tree.TreeKem" time="0.001"/>
  <testcase name="a new update path generated by the sender should be successfully processed" classname="com.github.traderjoe95.mls.protocol.tree.TreeKem" time="0.001"/>
  <testcase name="the update path should be parent-hash valid" classname="com.github.traderjoe95.mls.protocol.tree.TreeKem" time="0.0"/>
  <testcase name="the tree hash after merging the update path should be 56397b72a96e24e5f799c66ffbef7d899a1e59bc22f077694fff8265d555a348217ab70a01bc724c617078f68c886035c9b01b3f9c01b87b3c33fd29f6895da6" classname="com.github.traderjoe95.mls.protocol.tree.TreeKem" time="0.0"/>
  <testcase name="the decrypted path secret should be 34c26ec513691ca0b1e11c786d7f02cf7f837aa11c61d2adbd021328599c2b8a41981458678729724cc2ea86b6da1a7a603b6bdcffc02e2c79a8ff8336b7d71d" classname="com.github.traderjoe95.mls.protocol.tree.TreeKem" time="0.001"/>
  <testcase name="a new update path generated by the sender should be successfully processed" classname="com.github.traderjoe95.mls.protocol.tree.TreeKem" time="0.001"/>
  <testcase name="the update path should be parent-hash valid" classname="com.github.traderjoe95.mls.protocol.tree.TreeKem" time="0.0"/>
  <testcase name="the tree hash after merging the update path should be 56397b72a96e24e5f799c66ffbef7d899a1e59bc22f077694fff8265d555a348217ab70a01bc724c617078f68c886035c9b01b3f9c01b87b3c33fd29f6895da6" classname="com.github.traderjoe95.mls.protocol.tree.TreeKem" time="0.0"/>
  <testcase name="the decrypted path secret should be 80171ba520013c13a710743e9f58a51cac54e2434f40a5fc35dc71bbd6828281817bc2184bde275f2ce31b07005890cb34920b8e76ffb3912f43eafa4bfd65e8" classname="com.github.traderjoe95.mls.protocol.tree.TreeKem" time="0.001"/>
  <testcase name="a new update path generated by the sender should be successfully processed" classname="com.github.traderjoe95.mls.protocol.tree.TreeKem" time="0.001"/>
  <testcase name="the update path should be parent-hash valid" classname="com.github.traderjoe95.mls.protocol.tree.TreeKem" time="0.0"/>
  <testcase name="the tree hash after merging the update path should be 56397b72a96e24e5f799c66ffbef7d899a1e59bc22f077694fff8265d555a348217ab70a01bc724c617078f68c886035c9b01b3f9c01b87b3c33fd29f6895da6" classname="com.github.traderjoe95.mls.protocol.tree.TreeKem" time="0.0"/>
  <testcase name="the decrypted path secret should be 80171ba520013c13a710743e9f58a51cac54e2434f40a5fc35dc71bbd6828281817bc2184bde275f2ce31b07005890cb34920b8e76ffb3912f43eafa4bfd65e8" classname="com.github.traderjoe95.mls.protocol.tree.TreeKem" time="0.001"/>
  <testcase name="a new update path generated by the sender should be successfully processed" classname="com.github.traderjoe95.mls.protocol.tree.TreeKem" time="0.001"/>
  <testcase name="the update path should be parent-hash valid" classname="com.github.traderjoe95.mls.protocol.tree.TreeKem" time="0.0"/>
  <testcase name="the tree hash after merging the update path should be 0810f6f32a84294666d00a311f7f8074cf5457e14dd83a1b52242ff3384f369b4e6cc76fb6f7553c7fb0fa5034abf717fba066354d5ac136c770c8ef446b667f" classname="com.github.traderjoe95.mls.protocol.tree.TreeKem" time="0.0"/>
  <testcase name="the decrypted path secret should be 02931f37396f7bcbf323e97782accf082cb746c17c3743976837848b01e28b85ec6657d80f4f593671b7b1496043e2b64e5b8440158eaab8b7541d62ecb6bcef" classname="com.github.traderjoe95.mls.protocol.tree.TreeKem" time="0.001"/>
  <testcase name="a new update path generated by the sender should be successfully processed" classname="com.github.traderjoe95.mls.protocol.tree.TreeKem" time="0.001"/>
  <testcase name="the update path should be parent-hash valid" classname="com.github.traderjoe95.mls.protocol.tree.TreeKem" time="0.0"/>
  <testcase name="the tree hash after merging the update path should be 0810f6f32a84294666d00a311f7f8074cf5457e14dd83a1b52242ff3384f369b4e6cc76fb6f7553c7fb0fa5034abf717fba066354d5ac136c770c8ef446b667f" classname="com.github.traderjoe95.mls.protocol.tree.TreeKem" time="0.001"/>
  <testcase name="the decrypted path secret should be 22642e10b2195d9ae2e6125a04a43a4b3baddb83f8cd4fb1a94c5086cdbaa871467d93714b98421f9c2438814a16fd09625ac1aeafba96854f431ed3f9b46985" classname="com.github.traderjoe95.mls.protocol.tree.TreeKem" time="0.0"/>
  <testcase name="a new update path generated by the sender should be successfully processed" classname="com.github.traderjoe95.mls.protocol.tree.TreeKem" time="0.001"/>
  <testcase name="the update path should be parent-hash valid" classname="com.github.traderjoe95.mls.protocol.tree.TreeKem" time="0.0"/>
  <testcase name="the tree hash after merging the update path should be 0810f6f32a84294666d00a311f7f8074cf5457e14dd83a1b52242ff3384f369b4e6cc76fb6f7553c7fb0fa5034abf717fba066354d5ac136c770c8ef446b667f" classname="com.github.traderjoe95.mls.protocol.tree.TreeKem" time="0.001"/>
  <testcase name="the decrypted path secret should be 22642e10b2195d9ae2e6125a04a43a4b3baddb83f8cd4fb1a94c5086cdbaa871467d93714b98421f9c2438814a16fd09625ac1aeafba96854f431ed3f9b46985" classname="com.github.traderjoe95.mls.protocol.tree.TreeKem" time="0.001"/>
  <testcase name="a new update path generated by the sender should be successfully processed" classname="com.github.traderjoe95.mls.protocol.tree.TreeKem" time="0.001"/>
  <testcase name="the update path should be parent-hash valid" classname="com.github.traderjoe95.mls.protocol.tree.TreeKem" time="0.0"/>
  <testcase name="the tree hash after merging the update path should be 0810f6f32a84294666d00a311f7f8074cf5457e14dd83a1b52242ff3384f369b4e6cc76fb6f7553c7fb0fa5034abf717fba066354d5ac136c770c8ef446b667f" classname="com.github.traderjoe95.mls.protocol.tree.TreeKem" time="0.0"/>
  <testcase name="the decrypted path secret should be 444c384f152c1d092d3d9c16d3954898b2ac6961e1d710c1a0998d77fab8e570a04e890a39458f57c9a819fc02037e391c32c4b85f01ca6cd3323e795142486a" classname="com.github.traderjoe95.mls.protocol.tree.TreeKem" time="0.001"/>
  <testcase name="a new update path generated by the sender should be successfully processed" classname="com.github.traderjoe95.mls.protocol.tree.TreeKem" time="0.001"/>
  <testcase name="the update path should be parent-hash valid" classname="com.github.traderjoe95.mls.protocol.tree.TreeKem" time="0.001"/>
  <testcase name="the tree hash after merging the update path should be 0810f6f32a84294666d00a311f7f8074cf5457e14dd83a1b52242ff3384f369b4e6cc76fb6f7553c7fb0fa5034abf717fba066354d5ac136c770c8ef446b667f" classname="com.github.traderjoe95.mls.protocol.tree.TreeKem" time="0.001"/>
  <testcase name="the decrypted path secret should be 444c384f152c1d092d3d9c16d3954898b2ac6961e1d710c1a0998d77fab8e570a04e890a39458f57c9a819fc02037e391c32c4b85f01ca6cd3323e795142486a" classname="com.github.traderjoe95.mls.protocol.tree.TreeKem" time="0.001"/>
  <testcase name="a new update path generated by the sender should be successfully processed" classname="com.github.traderjoe95.mls.protocol.tree.TreeKem" time="0.001"/>
  <testcase name="the update path should be parent-hash valid" classname="com.github.traderjoe95.mls.protocol.tree.TreeKem" time="0.0"/>
  <testcase name="the tree hash after merging the update path should be a51e9e445cb6e06946114348c3ad403ece14c66f8aa30b16e8746dbb8313ef28f94eb8c0f7129ded14f09a018e6401a24d17b43e46edce34885da19a879be00b" classname="com.github.traderjoe95.mls.protocol.tree.TreeKem" time="0.001"/>
  <testcase name="the decrypted path secret should be f991086111f752406ced96a6ce137dc30bc6c85e458a30520db5dd098051e1edd7228456b492c43861964fa4b57793a546cd5668e4ea031fbc307ab2fdf22523" classname="com.github.traderjoe95.mls.protocol.tree.TreeKem" time="0.001"/>
  <testcase name="a new update path generated by the sender should be successfully processed" classname="com.github.traderjoe95.mls.protocol.tree.TreeKem" time="0.001"/>
  <testcase name="the update path should be parent-hash valid" classname="com.github.traderjoe95.mls.protocol.tree.TreeKem" time="0.001"/>
  <testcase name="the tree hash after merging the update path should be a51e9e445cb6e06946114348c3ad403ece14c66f8aa30b16e8746dbb8313ef28f94eb8c0f7129ded14f09a018e6401a24d17b43e46edce34885da19a879be00b" classname="com.github.traderjoe95.mls.protocol.tree.TreeKem" time="0.001"/>
  <testcase name="the decrypted path secret should be f991086111f752406ced96a6ce137dc30bc6c85e458a30520db5dd098051e1edd7228456b492c43861964fa4b57793a546cd5668e4ea031fbc307ab2fdf22523" classname="com.github.traderjoe95.mls.protocol.tree.TreeKem" time="0.001"/>
  <testcase name="a new update path generated by the sender should be successfully processed" classname="com.github.traderjoe95.mls.protocol.tree.TreeKem" time="0.001"/>
  <testcase name="the update path should be parent-hash valid" classname="com.github.traderjoe95.mls.protocol.tree.TreeKem" time="0.0"/>
  <testcase name="the tree hash after merging the update path should be a51e9e445cb6e06946114348c3ad403ece14c66f8aa30b16e8746dbb8313ef28f94eb8c0f7129ded14f09a018e6401a24d17b43e46edce34885da19a879be00b" classname="com.github.traderjoe95.mls.protocol.tree.TreeKem" time="0.0"/>
  <testcase name="the decrypted path secret should be 78ad8bc01d9cdba1c80d2ba9be70e07d936e1270be27e1f004d9edb4d8033077d8c567c6a0d25c140a2797a8aa2d2e821b0f78354c701908dc37a112bfcd6b86" classname="com.github.traderjoe95.mls.protocol.tree.TreeKem" time="0.001"/>
  <testcase name="a new update path generated by the sender should be successfully processed" classname="com.github.traderjoe95.mls.protocol.tree.TreeKem" time="0.002"/>
  <testcase name="the update path should be parent-hash valid" classname="com.github.traderjoe95.mls.protocol.tree.TreeKem" time="0.0"/>
  <testcase name="the tree hash after merging the update path should be a51e9e445cb6e06946114348c3ad403ece14c66f8aa30b16e8746dbb8313ef28f94eb8c0f7129ded14f09a018e6401a24d17b43e46edce34885da19a879be00b" classname="com.github.traderjoe95.mls.protocol.tree.TreeKem" time="0.0"/>
  <testcase name="the decrypted path secret should be 971bf4bff2e562d56a4714880fdca3d1fdd9514ecd84c818bf32ad7aadbf48e986ffbbf39adbecfac3f8f4f6341bff1f3201e65451c3691f90e617869a4aa7d5" classname="com.github.traderjoe95.mls.protocol.tree.TreeKem" time="0.001"/>
  <testcase name="a new update path generated by the sender should be successfully processed" classname="com.github.traderjoe95.mls.protocol.tree.TreeKem" time="0.001"/>
  <testcase name="the update path should be parent-hash valid" classname="com.github.traderjoe95.mls.protocol.tree.TreeKem" time="0.001"/>
  <testcase name="the tree hash after merging the update path should be a51e9e445cb6e06946114348c3ad403ece14c66f8aa30b16e8746dbb8313ef28f94eb8c0f7129ded14f09a018e6401a24d17b43e46edce34885da19a879be00b" classname="com.github.traderjoe95.mls.protocol.tree.TreeKem" time="0.0"/>
  <testcase name="the decrypted path secret should be 971bf4bff2e562d56a4714880fdca3d1fdd9514ecd84c818bf32ad7aadbf48e986ffbbf39adbecfac3f8f4f6341bff1f3201e65451c3691f90e617869a4aa7d5" classname="com.github.traderjoe95.mls.protocol.tree.TreeKem" time="0.001"/>
  <testcase name="a new update path generated by the sender should be successfully processed" classname="com.github.traderjoe95.mls.protocol.tree.TreeKem" time="0.002"/>
  <testcase name="the update path should be parent-hash valid" classname="com.github.traderjoe95.mls.protocol.tree.TreeKem" time="0.001"/>
  <testcase name="the tree hash after merging the update path should be ee8d71fce0c35877c7ab79a1b3ca5e68dde32f1ff6d8b56fdb934deaabac16567fe41a925e14ee738a082cce0940158ac6a69a6770b3e5b97fde2f488b531726" classname="com.github.traderjoe95.mls.protocol.tree.TreeKem" time="0.0"/>
  <testcase name="the decrypted path secret should be deaaa15e8690b3cc31c9baf0c873d57ff87a1805759902112286237d43ae8e9150265f0af6febc3f9998f09681d4c8c0132f919dc9279fe52a8bd041d17a42d9" classname="com.github.traderjoe95.mls.protocol.tree.TreeKem" time="0.001"/>
  <testcase name="a new update path generated by the sender should be successfully processed" classname="com.github.traderjoe95.mls.protocol.tree.TreeKem" time="0.001"/>
  <testcase name="the update path should be parent-hash valid" classname="com.github.traderjoe95.mls.protocol.tree.TreeKem" time="0.0"/>
  <testcase name="the tree hash after merging the update path should be ee8d71fce0c35877c7ab79a1b3ca5e68dde32f1ff6d8b56fdb934deaabac16567fe41a925e14ee738a082cce0940158ac6a69a6770b3e5b97fde2f488b531726" classname="com.github.traderjoe95.mls.protocol.tree.TreeKem" time="0.001"/>
  <testcase name="the decrypted path secret should be deaaa15e8690b3cc31c9baf0c873d57ff87a1805759902112286237d43ae8e9150265f0af6febc3f9998f09681d4c8c0132f919dc9279fe52a8bd041d17a42d9" classname="com.github.traderjoe95.mls.protocol.tree.TreeKem" time="0.001"/>
  <testcase name="a new update path generated by the sender should be successfully processed" classname="com.github.traderjoe95.mls.protocol.tree.TreeKem" time="0.001"/>
  <testcase name="the update path should be parent-hash valid" classname="com.github.traderjoe95.mls.protocol.tree.TreeKem" time="0.0"/>
  <testcase name="the tree hash after merging the update path should be ee8d71fce0c35877c7ab79a1b3ca5e68dde32f1ff6d8b56fdb934deaabac16567fe41a925e14ee738a082cce0940158ac6a69a6770b3e5b97fde2f488b531726" classname="com.github.traderjoe95.mls.protocol.tree.TreeKem" time="0.0"/>
  <testcase name="the decrypted path secret should be ea3c4e2b6ecb5436bd18006439b20711894b1a8f81b102cd7a4e7fd49dd00301684ef241b5f4983288015e610ed488da529ae65dbdab7b64006a13dac8c2b83c" classname="com.github.traderjoe95.mls.protocol.tree.TreeKem" time="0.0"/>
  <testcase name="a new update path generated by the sender should be successfully processed" classname="com.github.traderjoe95.mls.protocol.tree.TreeKem" time="0.001"/>
  <testcase name="the update path should be parent-hash valid" classname="com.github.traderjoe95.mls.protocol.tree.TreeKem" time="0.0"/>
  <testcase name="the tree hash after merging the update path should be ee8d71fce0c35877c7ab79a1b3ca5e68dde32f1ff6d8b56fdb934deaabac16567fe41a925e14ee738a082cce0940158ac6a69a6770b3e5b97fde2f488b531726" classname="com.github.traderjoe95.mls.protocol.tree.TreeKem" time="0.0"/>
  <testcase name="the decrypted path secret should be e03f676c22ffcca256d6f3f3a038b672bd5631b03650ec9a2c445ebf9ae546d214f3c1ce9d2feb839107e492e06c501a8c0e98a4e8bb02e8ebb1662391d52d1d" classname="com.github.traderjoe95.mls.protocol.tree.TreeKem" time="0.001"/>
  <testcase name="a new update path generated by the sender should be successfully processed" classname="com.github.traderjoe95.mls.protocol.tree.TreeKem" time="0.001"/>
  <testcase name="the update path should be parent-hash valid" classname="com.github.traderjoe95.mls.protocol.tree.TreeKem" time="0.0"/>
  <testcase name="the tree hash after merging the update path should be ee8d71fce0c35877c7ab79a1b3ca5e68dde32f1ff6d8b56fdb934deaabac16567fe41a925e14ee738a082cce0940158ac6a69a6770b3e5b97fde2f488b531726" classname="com.github.traderjoe95.mls.protocol.tree.TreeKem" time="0.001"/>
  <testcase name="the decrypted path secret should be e03f676c22ffcca256d6f3f3a038b672bd5631b03650ec9a2c445ebf9ae546d214f3c1ce9d2feb839107e492e06c501a8c0e98a4e8bb02e8ebb1662391d52d1d" classname="com.github.traderjoe95.mls.protocol.tree.TreeKem" time="0.001"/>
  <testcase name="a new update path generated by the sender should be successfully processed" classname="com.github.traderjoe95.mls.protocol.tree.TreeKem" time="0.001"/>
  <testcase name="the update path should be parent-hash valid" classname="com.github.traderjoe95.mls.protocol.tree.TreeKem" time="0.001"/>
  <testcase name="the tree hash after merging the update path should be 3a14772d05b8e9e2c0c3955c99c8dc5c3b80e0a66e573909690e3119ea2927db6e88fe77665ef556a61bdb2379ca89d862e768e138187a20f6200976e611c5a4" classname="com.github.traderjoe95.mls.protocol.tree.TreeKem" time="0.0"/>
  <testcase name="the decrypted path secret should be 8873af2e1a8ec8cd936ed38258cb69dd29d510bda2b49c57d76f12943bf08f0dda56db4f5672f87a65f6f1957cabed4338f5cbbf98cade4c6d8dc280decb22ab" classname="com.github.traderjoe95.mls.protocol.tree.TreeKem" time="0.001"/>
  <testcase name="a new update path generated by the sender should be successfully processed" classname="com.github.traderjoe95.mls.protocol.tree.TreeKem" time="0.001"/>
  <testcase name="the update path should be parent-hash valid" classname="com.github.traderjoe95.mls.protocol.tree.TreeKem" time="0.0"/>
  <testcase name="the tree hash after merging the update path should be 3a14772d05b8e9e2c0c3955c99c8dc5c3b80e0a66e573909690e3119ea2927db6e88fe77665ef556a61bdb2379ca89d862e768e138187a20f6200976e611c5a4" classname="com.github.traderjoe95.mls.protocol.tree.TreeKem" time="0.001"/>
  <testcase name="the decrypted path secret should be 8873af2e1a8ec8cd936ed38258cb69dd29d510bda2b49c57d76f12943bf08f0dda56db4f5672f87a65f6f1957cabed4338f5cbbf98cade4c6d8dc280decb22ab" classname="com.github.traderjoe95.mls.protocol.tree.TreeKem" time="0.001"/>
  <testcase name="a new update path generated by the sender should be successfully processed" classname="com.github.traderjoe95.mls.protocol.tree.TreeKem" time="0.001"/>
  <testcase name="the update path should be parent-hash valid" classname="com.github.traderjoe95.mls.protocol.tree.TreeKem" time="0.0"/>
  <testcase name="the tree hash after merging the update path should be 3a14772d05b8e9e2c0c3955c99c8dc5c3b80e0a66e573909690e3119ea2927db6e88fe77665ef556a61bdb2379ca89d862e768e138187a20f6200976e611c5a4" classname="com.github.traderjoe95.mls.protocol.tree.TreeKem" time="0.0"/>
  <testcase name="the decrypted path secret should be 8873af2e1a8ec8cd936ed38258cb69dd29d510bda2b49c57d76f12943bf08f0dda56db4f5672f87a65f6f1957cabed4338f5cbbf98cade4c6d8dc280decb22ab" classname="com.github.traderjoe95.mls.protocol.tree.TreeKem" time="0.0"/>
  <testcase name="a new update path generated by the sender should be successfully processed" classname="com.github.traderjoe95.mls.protocol.tree.TreeKem" time="0.001"/>
  <testcase name="the update path should be parent-hash valid" classname="com.github.traderjoe95.mls.protocol.tree.TreeKem" time="0.0"/>
  <testcase name="the tree hash after merging the update path should be 3a14772d05b8e9e2c0c3955c99c8dc5c3b80e0a66e573909690e3119ea2927db6e88fe77665ef556a61bdb2379ca89d862e768e138187a20f6200976e611c5a4" classname="com.github.traderjoe95.mls.protocol.tree.TreeKem" time="0.0"/>
  <testcase name="the decrypted path secret should be 8873af2e1a8ec8cd936ed38258cb69dd29d510bda2b49c57d76f12943bf08f0dda56db4f5672f87a65f6f1957cabed4338f5cbbf98cade4c6d8dc280decb22ab" classname="com.github.traderjoe95.mls.protocol.tree.TreeKem" time="0.0"/>
  <testcase name="a new update path generated by the sender should be successfully processed" classname="com.github.traderjoe95.mls.protocol.tree.TreeKem" time="0.001"/>
  <testcase name="the update path should be parent-hash valid" classname="com.github.traderjoe95.mls.protocol.tree.TreeKem" time="0.0"/>
  <testcase name="the tree hash after merging the update path should be 3a14772d05b8e9e2c0c3955c99c8dc5c3b80e0a66e573909690e3119ea2927db6e88fe77665ef556a61bdb2379ca89d862e768e138187a20f6200976e611c5a4" classname="com.github.traderjoe95.mls.protocol.tree.TreeKem" time="0.0"/>
  <testcase name="the decrypted path secret should be d3eb43026f07ebbdfcbbddbd3f12061be0821e3c3ebd6eaff7fbda97fd639d32c99690e98c5b3c66c02d62a78ce962b21d732f6b6c7cc27590115a2984c4d379" classname="com.github.traderjoe95.mls.protocol.tree.TreeKem" time="0.001"/>
  <testcase name="a new update path generated by the sender should be successfully processed" classname="com.github.traderjoe95.mls.protocol.tree.TreeKem" time="0.001"/>
  <testcase name="the update path should be parent-hash valid" classname="com.github.traderjoe95.mls.protocol.tree.TreeKem" time="0.0"/>
  <testcase name="the tree hash after merging the update path should be 6e3906deee8c73786f3a99643f51c5c80efd29262d3d3ab4fbc38c0dc7e56cc21eedffa98cbf474a63f566ae7970cf81e6d02f74d9ece8cbe52548ce02223ae9" classname="com.github.traderjoe95.mls.protocol.tree.TreeKem" time="0.001"/>
  <testcase name="the decrypted path secret should be 31bcb9da845fa770b42628aa5896cad572a36ec5d837420a3b71a83c0e4aafc3dd20d128deeede9d70202cb245e234c806fafab656bad5cb4731ae064e73eb2a" classname="com.github.traderjoe95.mls.protocol.tree.TreeKem" time="0.001"/>
  <testcase name="a new update path generated by the sender should be successfully processed" classname="com.github.traderjoe95.mls.protocol.tree.TreeKem" time="0.001"/>
  <testcase name="the update path should be parent-hash valid" classname="com.github.traderjoe95.mls.protocol.tree.TreeKem" time="0.0"/>
  <testcase name="the tree hash after merging the update path should be 6e3906deee8c73786f3a99643f51c5c80efd29262d3d3ab4fbc38c0dc7e56cc21eedffa98cbf474a63f566ae7970cf81e6d02f74d9ece8cbe52548ce02223ae9" classname="com.github.traderjoe95.mls.protocol.tree.TreeKem" time="0.001"/>
  <testcase name="the decrypted path secret should be 31bcb9da845fa770b42628aa5896cad572a36ec5d837420a3b71a83c0e4aafc3dd20d128deeede9d70202cb245e234c806fafab656bad5cb4731ae064e73eb2a" classname="com.github.traderjoe95.mls.protocol.tree.TreeKem" time="0.001"/>
  <testcase name="a new update path generated by the sender should be successfully processed" classname="com.github.traderjoe95.mls.protocol.tree.TreeKem" time="0.002"/>
  <testcase name="the update path should be parent-hash valid" classname="com.github.traderjoe95.mls.protocol.tree.TreeKem" time="0.001"/>
  <testcase name="the tree hash after merging the update path should be 6e3906deee8c73786f3a99643f51c5c80efd29262d3d3ab4fbc38c0dc7e56cc21eedffa98cbf474a63f566ae7970cf81e6d02f74d9ece8cbe52548ce02223ae9" classname="com.github.traderjoe95.mls.protocol.tree.TreeKem" time="0.0"/>
  <testcase name="the decrypted path secret should be 31bcb9da845fa770b42628aa5896cad572a36ec5d837420a3b71a83c0e4aafc3dd20d128deeede9d70202cb245e234c806fafab656bad5cb4731ae064e73eb2a" classname="com.github.traderjoe95.mls.protocol.tree.TreeKem" time="0.001"/>
  <testcase name="a new update path generated by the sender should be successfully processed" classname="com.github.traderjoe95.mls.protocol.tree.TreeKem" time="0.001"/>
  <testcase name="the update path should be parent-hash valid" classname="com.github.traderjoe95.mls.protocol.tree.TreeKem" time="0.0"/>
  <testcase name="the tree hash after merging the update path should be 6e3906deee8c73786f3a99643f51c5c80efd29262d3d3ab4fbc38c0dc7e56cc21eedffa98cbf474a63f566ae7970cf81e6d02f74d9ece8cbe52548ce02223ae9" classname="com.github.traderjoe95.mls.protocol.tree.TreeKem" time="0.0"/>
  <testcase name="the decrypted path secret should be 31bcb9da845fa770b42628aa5896cad572a36ec5d837420a3b71a83c0e4aafc3dd20d128deeede9d70202cb245e234c806fafab656bad5cb4731ae064e73eb2a" classname="com.github.traderjoe95.mls.protocol.tree.TreeKem" time="0.001"/>
  <testcase name="a new update path generated by the sender should be successfully processed" classname="com.github.traderjoe95.mls.protocol.tree.TreeKem" time="0.001"/>
  <testcase name="the update path should be parent-hash valid" classname="com.github.traderjoe95.mls.protocol.tree.TreeKem" time="0.001"/>
  <testcase name="the tree hash after merging the update path should be 6e3906deee8c73786f3a99643f51c5c80efd29262d3d3ab4fbc38c0dc7e56cc21eedffa98cbf474a63f566ae7970cf81e6d02f74d9ece8cbe52548ce02223ae9" classname="com.github.traderjoe95.mls.protocol.tree.TreeKem" time="0.0"/>
  <testcase name="the decrypted path secret should be fa2e74cc789c005b05b6219f29886b7536dcf64ee80eb9901402a8b365d5dc9a4b51a973a2bedd4f6e0106799017a978830504aef7da2b153ba386764b430e8b" classname="com.github.traderjoe95.mls.protocol.tree.TreeKem" time="0.001"/>
  <testcase name="a new update path generated by the sender should be successfully processed" classname="com.github.traderjoe95.mls.protocol.tree.TreeKem" time="0.001"/>
  <testcase name="non-blank leaf 0 should be consistent with the public state" classname="com.github.traderjoe95.mls.protocol.tree.TreeKem" time="0.001"/>
  <testcase name="non-blank leaf 1 should be consistent with the public state" classname="com.github.traderjoe95.mls.protocol.tree.TreeKem" time="0.001"/>
  <testcase name="non-blank leaf 2 should be consistent with the public state" classname="com.github.traderjoe95.mls.protocol.tree.TreeKem" time="0.001"/>
  <testcase name="non-blank leaf 3 should be consistent with the public state" classname="com.github.traderjoe95.mls.protocol.tree.TreeKem" time="0.001"/>
  <testcase name="non-blank leaf 4 should be consistent with the public state" classname="com.github.traderjoe95.mls.protocol.tree.TreeKem" time="0.001"/>
  <testcase name="non-blank leaf 5 should be consistent with the public state" classname="com.github.traderjoe95.mls.protocol.tree.TreeKem" time="0.002"/>
  <testcase name="non-blank leaf 6 should be consistent with the public state" classname="com.github.traderjoe95.mls.protocol.tree.TreeKem" time="0.001"/>
  <testcase name="the update path should be parent-hash valid" classname="com.github.traderjoe95.mls.protocol.tree.TreeKem" time="0.0"/>
  <testcase name="the tree hash after merging the update path should be cc3713d20ec9ac23d28ff48538c424433915ed12b9ac6df88d008ac714605f2adea889b8eaae8c0aaffa5603fd441d23a4f2498806153264efa89f0a7d15c226" classname="com.github.traderjoe95.mls.protocol.tree.TreeKem" time="0.001"/>
  <testcase name="the decrypted path secret should be 1d25243acaf5958a18425b4ccc898679204631170b2131353e00ac14f0179b238122c7180ab99d6a6dfd1bb685c6cb9c4a1894b0534b4d0c52fcb1c3ad678148" classname="com.github.traderjoe95.mls.protocol.tree.TreeKem" time="0.001"/>
  <testcase name="a new update path generated by the sender should be successfully processed" classname="com.github.traderjoe95.mls.protocol.tree.TreeKem" time="0.001"/>
  <testcase name="the update path should be parent-hash valid" classname="com.github.traderjoe95.mls.protocol.tree.TreeKem" time="0.0"/>
  <testcase name="the tree hash after merging the update path should be cc3713d20ec9ac23d28ff48538c424433915ed12b9ac6df88d008ac714605f2adea889b8eaae8c0aaffa5603fd441d23a4f2498806153264efa89f0a7d15c226" classname="com.github.traderjoe95.mls.protocol.tree.TreeKem" time="0.0"/>
  <testcase name="the decrypted path secret should be 34c26ec513691ca0b1e11c786d7f02cf7f837aa11c61d2adbd021328599c2b8a41981458678729724cc2ea86b6da1a7a603b6bdcffc02e2c79a8ff8336b7d71d" classname="com.github.traderjoe95.mls.protocol.tree.TreeKem" time="0.0"/>
  <testcase name="a new update path generated by the sender should be successfully processed" classname="com.github.traderjoe95.mls.protocol.tree.TreeKem" time="0.001"/>
  <testcase name="the update path should be parent-hash valid" classname="com.github.traderjoe95.mls.protocol.tree.TreeKem" time="0.001"/>
  <testcase name="the tree hash after merging the update path should be cc3713d20ec9ac23d28ff48538c424433915ed12b9ac6df88d008ac714605f2adea889b8eaae8c0aaffa5603fd441d23a4f2498806153264efa89f0a7d15c226" classname="com.github.traderjoe95.mls.protocol.tree.TreeKem" time="0.001"/>
  <testcase name="the decrypted path secret should be 34c26ec513691ca0b1e11c786d7f02cf7f837aa11c61d2adbd021328599c2b8a41981458678729724cc2ea86b6da1a7a603b6bdcffc02e2c79a8ff8336b7d71d" classname="com.github.traderjoe95.mls.protocol.tree.TreeKem" time="0.001"/>
  <testcase name="a new update path generated by the sender should be successfully processed" classname="com.github.traderjoe95.mls.protocol.tree.TreeKem" time="0.001"/>
  <testcase name="the update path should be parent-hash valid" classname="com.github.traderjoe95.mls.protocol.tree.TreeKem" time="0.0"/>
  <testcase name="the tree hash after merging the update path should be cc3713d20ec9ac23d28ff48538c424433915ed12b9ac6df88d008ac714605f2adea889b8eaae8c0aaffa5603fd441d23a4f2498806153264efa89f0a7d15c226" classname="com.github.traderjoe95.mls.protocol.tree.TreeKem" time="0.0"/>
  <testcase name="the decrypted path secret should be 80171ba520013c13a710743e9f58a51cac54e2434f40a5fc35dc71bbd6828281817bc2184bde275f2ce31b07005890cb34920b8e76ffb3912f43eafa4bfd65e8" classname="com.github.traderjoe95.mls.protocol.tree.TreeKem" time="0.0"/>
  <testcase name="a new update path generated by the sender should be successfully processed" classname="com.github.traderjoe95.mls.protocol.tree.TreeKem" time="0.001"/>
  <testcase name="the update path should be parent-hash valid" classname="com.github.traderjoe95.mls.protocol.tree.TreeKem" time="0.0"/>
  <testcase name="the tree hash after merging the update path should be cc3713d20ec9ac23d28ff48538c424433915ed12b9ac6df88d008ac714605f2adea889b8eaae8c0aaffa5603fd441d23a4f2498806153264efa89f0a7d15c226" classname="com.github.traderjoe95.mls.protocol.tree.TreeKem" time="0.001"/>
  <testcase name="the decrypted path secret should be 80171ba520013c13a710743e9f58a51cac54e2434f40a5fc35dc71bbd6828281817bc2184bde275f2ce31b07005890cb34920b8e76ffb3912f43eafa4bfd65e8" classname="com.github.traderjoe95.mls.protocol.tree.TreeKem" time="0.0"/>
  <testcase name="a new update path generated by the sender should be successfully processed" classname="com.github.traderjoe95.mls.protocol.tree.TreeKem" time="0.001"/>
  <testcase name="the update path should be parent-hash valid" classname="com.github.traderjoe95.mls.protocol.tree.TreeKem" time="0.0"/>
  <testcase name="the tree hash after merging the update path should be cc3713d20ec9ac23d28ff48538c424433915ed12b9ac6df88d008ac714605f2adea889b8eaae8c0aaffa5603fd441d23a4f2498806153264efa89f0a7d15c226" classname="com.github.traderjoe95.mls.protocol.tree.TreeKem" time="0.0"/>
  <testcase name="the decrypted path secret should be 80171ba520013c13a710743e9f58a51cac54e2434f40a5fc35dc71bbd6828281817bc2184bde275f2ce31b07005890cb34920b8e76ffb3912f43eafa4bfd65e8" classname="com.github.traderjoe95.mls.protocol.tree.TreeKem" time="0.0"/>
  <testcase name="a new update path generated by the sender should be successfully processed" classname="com.github.traderjoe95.mls.protocol.tree.TreeKem" time="0.001"/>
  <testcase name="the update path should be parent-hash valid" classname="com.github.traderjoe95.mls.protocol.tree.TreeKem" time="0.0"/>
  <testcase name="the tree hash after merging the update path should be 2b3c427e83a2ed8648fbf6c501cc14f2fc447046067054fc52c1b372f73dde6297e4be6faaefed868e655a057bc82edc13a175af6f36b2008e1d5b517d917f65" classname="com.github.traderjoe95.mls.protocol.tree.TreeKem" time="0.001"/>
  <testcase name="the decrypted path secret should be 02931f37396f7bcbf323e97782accf082cb746c17c3743976837848b01e28b85ec6657d80f4f593671b7b1496043e2b64e5b8440158eaab8b7541d62ecb6bcef" classname="com.github.traderjoe95.mls.protocol.tree.TreeKem" time="0.001"/>
  <testcase name="a new update path generated by the sender should be successfully processed" classname="com.github.traderjoe95.mls.protocol.tree.TreeKem" time="0.001"/>
  <testcase name="the update path should be parent-hash valid" classname="com.github.traderjoe95.mls.protocol.tree.TreeKem" time="0.0"/>
  <testcase name="the tree hash after merging the update path should be 2b3c427e83a2ed8648fbf6c501cc14f2fc447046067054fc52c1b372f73dde6297e4be6faaefed868e655a057bc82edc13a175af6f36b2008e1d5b517d917f65" classname="com.github.traderjoe95.mls.protocol.tree.TreeKem" time="0.001"/>
  <testcase name="the decrypted path secret should be 22642e10b2195d9ae2e6125a04a43a4b3baddb83f8cd4fb1a94c5086cdbaa871467d93714b98421f9c2438814a16fd09625ac1aeafba96854f431ed3f9b46985" classname="com.github.traderjoe95.mls.protocol.tree.TreeKem" time="0.001"/>
  <testcase name="a new update path generated by the sender should be successfully processed" classname="com.github.traderjoe95.mls.protocol.tree.TreeKem" time="0.001"/>
  <testcase name="the update path should be parent-hash valid" classname="com.github.traderjoe95.mls.protocol.tree.TreeKem" time="0.0"/>
  <testcase name="the tree hash after merging the update path should be 2b3c427e83a2ed8648fbf6c501cc14f2fc447046067054fc52c1b372f73dde6297e4be6faaefed868e655a057bc82edc13a175af6f36b2008e1d5b517d917f65" classname="com.github.traderjoe95.mls.protocol.tree.TreeKem" time="0.001"/>
  <testcase name="the decrypted path secret should be 22642e10b2195d9ae2e6125a04a43a4b3baddb83f8cd4fb1a94c5086cdbaa871467d93714b98421f9c2438814a16fd09625ac1aeafba96854f431ed3f9b46985" classname="com.github.traderjoe95.mls.protocol.tree.TreeKem" time="0.001"/>
  <testcase name="a new update path generated by the sender should be successfully processed" classname="com.github.traderjoe95.mls.protocol.tree.TreeKem" time="0.001"/>
  <testcase name="the update path should be parent-hash valid" classname="com.github.traderjoe95.mls.protocol.tree.TreeKem" time="0.0"/>
  <testcase name="the tree hash after merging the update path should be 2b3c427e83a2ed8648fbf6c501cc14f2fc447046067054fc52c1b372f73dde6297e4be6faaefed868e655a057bc82edc13a175af6f36b2008e1d5b517d917f65" classname="com.github.traderjoe95.mls.protocol.tree.TreeKem" time="0.001"/>
  <testcase name="the decrypted path secret should be 444c384f152c1d092d3d9c16d3954898b2ac6961e1d710c1a0998d77fab8e570a04e890a39458f57c9a819fc02037e391c32c4b85f01ca6cd3323e795142486a" classname="com.github.traderjoe95.mls.protocol.tree.TreeKem" time="0.001"/>
  <testcase name="a new update path generated by the sender should be successfully processed" classname="com.github.traderjoe95.mls.protocol.tree.TreeKem" time="0.001"/>
  <testcase name="the update path should be parent-hash valid" classname="com.github.traderjoe95.mls.protocol.tree.TreeKem" time="0.0"/>
  <testcase name="the tree hash after merging the update path should be 2b3c427e83a2ed8648fbf6c501cc14f2fc447046067054fc52c1b372f73dde6297e4be6faaefed868e655a057bc82edc13a175af6f36b2008e1d5b517d917f65" classname="com.github.traderjoe95.mls.protocol.tree.TreeKem" time="0.0"/>
  <testcase name="the decrypted path secret should be 444c384f152c1d092d3d9c16d3954898b2ac6961e1d710c1a0998d77fab8e570a04e890a39458f57c9a819fc02037e391c32c4b85f01ca6cd3323e795142486a" classname="com.github.traderjoe95.mls.protocol.tree.TreeKem" time="0.001"/>
  <testcase name="a new update path generated by the sender should be successfully processed" classname="com.github.traderjoe95.mls.protocol.tree.TreeKem" time="0.001"/>
  <testcase name="the update path should be parent-hash valid" classname="com.github.traderjoe95.mls.protocol.tree.TreeKem" time="0.0"/>
  <testcase name="the tree hash after merging the update path should be 2b3c427e83a2ed8648fbf6c501cc14f2fc447046067054fc52c1b372f73dde6297e4be6faaefed868e655a057bc82edc13a175af6f36b2008e1d5b517d917f65" classname="com.github.traderjoe95.mls.protocol.tree.TreeKem" time="0.0"/>
  <testcase name="the decrypted path secret should be 444c384f152c1d092d3d9c16d3954898b2ac6961e1d710c1a0998d77fab8e570a04e890a39458f57c9a819fc02037e391c32c4b85f01ca6cd3323e795142486a" classname="com.github.traderjoe95.mls.protocol.tree.TreeKem" time="0.001"/>
  <testcase name="a new update path generated by the sender should be successfully processed" classname="com.github.traderjoe95.mls.protocol.tree.TreeKem" time="0.002"/>
  <testcase name="the update path should be parent-hash valid" classname="com.github.traderjoe95.mls.protocol.tree.TreeKem" time="0.0"/>
  <testcase name="the tree hash after merging the update path should be 564e8781ee5898fb9d6f9b8c711c5ec413785dc2e0dd8445059b9303fd63cb8de35b7402871b455c6d5bdad33c0692fb6137c04673fa62a55eba3cfea6a6f9bd" classname="com.github.traderjoe95.mls.protocol.tree.TreeKem" time="0.0"/>
  <testcase name="the decrypted path secret should be f991086111f752406ced96a6ce137dc30bc6c85e458a30520db5dd098051e1edd7228456b492c43861964fa4b57793a546cd5668e4ea031fbc307ab2fdf22523" classname="com.github.traderjoe95.mls.protocol.tree.TreeKem" time="0.001"/>
  <testcase name="a new update path generated by the sender should be successfully processed" classname="com.github.traderjoe95.mls.protocol.tree.TreeKem" time="0.001"/>
  <testcase name="the update path should be parent-hash valid" classname="com.github.traderjoe95.mls.protocol.tree.TreeKem" time="0.001"/>
  <testcase name="the tree hash after merging the update path should be 564e8781ee5898fb9d6f9b8c711c5ec413785dc2e0dd8445059b9303fd63cb8de35b7402871b455c6d5bdad33c0692fb6137c04673fa62a55eba3cfea6a6f9bd" classname="com.github.traderjoe95.mls.protocol.tree.TreeKem" time="0.001"/>
  <testcase name="the decrypted path secret should be f991086111f752406ced96a6ce137dc30bc6c85e458a30520db5dd098051e1edd7228456b492c43861964fa4b57793a546cd5668e4ea031fbc307ab2fdf22523" classname="com.github.traderjoe95.mls.protocol.tree.TreeKem" time="0.001"/>
  <testcase name="a new update path generated by the sender should be successfully processed" classname="com.github.traderjoe95.mls.protocol.tree.TreeKem" time="0.001"/>
  <testcase name="the update path should be parent-hash valid" classname="com.github.traderjoe95.mls.protocol.tree.TreeKem" time="0.0"/>
  <testcase name="the tree hash after merging the update path should be 564e8781ee5898fb9d6f9b8c711c5ec413785dc2e0dd8445059b9303fd63cb8de35b7402871b455c6d5bdad33c0692fb6137c04673fa62a55eba3cfea6a6f9bd" classname="com.github.traderjoe95.mls.protocol.tree.TreeKem" time="0.0"/>
  <testcase name="the decrypted path secret should be 78ad8bc01d9cdba1c80d2ba9be70e07d936e1270be27e1f004d9edb4d8033077d8c567c6a0d25c140a2797a8aa2d2e821b0f78354c701908dc37a112bfcd6b86" classname="com.github.traderjoe95.mls.protocol.tree.TreeKem" time="0.001"/>
  <testcase name="a new update path generated by the sender should be successfully processed" classname="com.github.traderjoe95.mls.protocol.tree.TreeKem" time="0.001"/>
  <testcase name="the update path should be parent-hash valid" classname="com.github.traderjoe95.mls.protocol.tree.TreeKem" time="0.0"/>
  <testcase name="the tree hash after merging the update path should be 564e8781ee5898fb9d6f9b8c711c5ec413785dc2e0dd8445059b9303fd63cb8de35b7402871b455c6d5bdad33c0692fb6137c04673fa62a55eba3cfea6a6f9bd" classname="com.github.traderjoe95.mls.protocol.tree.TreeKem" time="0.0"/>
  <testcase name="the decrypted path secret should be 971bf4bff2e562d56a4714880fdca3d1fdd9514ecd84c818bf32ad7aadbf48e986ffbbf39adbecfac3f8f4f6341bff1f3201e65451c3691f90e617869a4aa7d5" classname="com.github.traderjoe95.mls.protocol.tree.TreeKem" time="0.0"/>
  <testcase name="a new update path generated by the sender should be successfully processed" classname="com.github.traderjoe95.mls.protocol.tree.TreeKem" time="0.001"/>
  <testcase name="the update path should be parent-hash valid" classname="com.github.traderjoe95.mls.protocol.tree.TreeKem" time="0.0"/>
  <testcase name="the tree hash after merging the update path should be 564e8781ee5898fb9d6f9b8c711c5ec413785dc2e0dd8445059b9303fd63cb8de35b7402871b455c6d5bdad33c0692fb6137c04673fa62a55eba3cfea6a6f9bd" classname="com.github.traderjoe95.mls.protocol.tree.TreeKem" time="0.0"/>
  <testcase name="the decrypted path secret should be 971bf4bff2e562d56a4714880fdca3d1fdd9514ecd84c818bf32ad7aadbf48e986ffbbf39adbecfac3f8f4f6341bff1f3201e65451c3691f90e617869a4aa7d5" classname="com.github.traderjoe95.mls.protocol.tree.TreeKem" time="0.001"/>
  <testcase name="a new update path generated by the sender should be successfully processed" classname="com.github.traderjoe95.mls.protocol.tree.TreeKem" time="0.001"/>
  <testcase name="the update path should be parent-hash valid" classname="com.github.traderjoe95.mls.protocol.tree.TreeKem" time="0.001"/>
  <testcase name="the tree hash after merging the update path should be 564e8781ee5898fb9d6f9b8c711c5ec413785dc2e0dd8445059b9303fd63cb8de35b7402871b455c6d5bdad33c0692fb6137c04673fa62a55eba3cfea6a6f9bd" classname="com.github.traderjoe95.mls.protocol.tree.TreeKem" time="0.001"/>
  <testcase name="the decrypted path secret should be 971bf4bff2e562d56a4714880fdca3d1fdd9514ecd84c818bf32ad7aadbf48e986ffbbf39adbecfac3f8f4f6341bff1f3201e65451c3691f90e617869a4aa7d5" classname="com.github.traderjoe95.mls.protocol.tree.TreeKem" time="0.001"/>
  <testcase name="a new update path generated by the sender should be successfully processed" classname="com.github.traderjoe95.mls.protocol.tree.TreeKem" time="0.001"/>
  <testcase name="the update path should be parent-hash valid" classname="com.github.traderjoe95.mls.protocol.tree.TreeKem" time="0.0"/>
  <testcase name="the tree hash after merging the update path should be b6b781d98a0854f093c98b2eb598a3b3a9e56a5ce6db1943f0dc6ce055de7da789d1547437bc41df946ccc86751de6516a9a94ae7a7c3530873aca4f409533c7" classname="com.github.traderjoe95.mls.protocol.tree.TreeKem" time="0.0"/>
  <testcase name="the decrypted path secret should be deaaa15e8690b3cc31c9baf0c873d57ff87a1805759902112286237d43ae8e9150265f0af6febc3f9998f09681d4c8c0132f919dc9279fe52a8bd041d17a42d9" classname="com.github.traderjoe95.mls.protocol.tree.TreeKem" time="0.001"/>
  <testcase name="a new update path generated by the sender should be successfully processed" classname="com.github.traderjoe95.mls.protocol.tree.TreeKem" time="0.001"/>
  <testcase name="the update path should be parent-hash valid" classname="com.github.traderjoe95.mls.protocol.tree.TreeKem" time="0.001"/>
  <testcase name="the tree hash after merging the update path should be b6b781d98a0854f093c98b2eb598a3b3a9e56a5ce6db1943f0dc6ce055de7da789d1547437bc41df946ccc86751de6516a9a94ae7a7c3530873aca4f409533c7" classname="com.github.traderjoe95.mls.protocol.tree.TreeKem" time="0.0"/>
  <testcase name="the decrypted path secret should be deaaa15e8690b3cc31c9baf0c873d57ff87a1805759902112286237d43ae8e9150265f0af6febc3f9998f09681d4c8c0132f919dc9279fe52a8bd041d17a42d9" classname="com.github.traderjoe95.mls.protocol.tree.TreeKem" time="0.001"/>
  <testcase name="a new update path generated by the sender should be successfully processed" classname="com.github.traderjoe95.mls.protocol.tree.TreeKem" time="0.001"/>
  <testcase name="the update path should be parent-hash valid" classname="com.github.traderjoe95.mls.protocol.tree.TreeKem" time="0.0"/>
  <testcase name="the tree hash after merging the update path should be b6b781d98a0854f093c98b2eb598a3b3a9e56a5ce6db1943f0dc6ce055de7da789d1547437bc41df946ccc86751de6516a9a94ae7a7c3530873aca4f409533c7" classname="com.github.traderjoe95.mls.protocol.tree.TreeKem" time="0.0"/>
  <testcase name="the decrypted path secret should be ea3c4e2b6ecb5436bd18006439b20711894b1a8f81b102cd7a4e7fd49dd00301684ef241b5f4983288015e610ed488da529ae65dbdab7b64006a13dac8c2b83c" classname="com.github.traderjoe95.mls.protocol.tree.TreeKem" time="0.001"/>
  <testcase name="a new update path generated by the sender should be successfully processed" classname="com.github.traderjoe95.mls.protocol.tree.TreeKem" time="0.001"/>
  <testcase name="the update path should be parent-hash valid" classname="com.github.traderjoe95.mls.protocol.tree.TreeKem" time="0.001"/>
  <testcase name="the tree hash after merging the update path should be b6b781d98a0854f093c98b2eb598a3b3a9e56a5ce6db1943f0dc6ce055de7da789d1547437bc41df946ccc86751de6516a9a94ae7a7c3530873aca4f409533c7" classname="com.github.traderjoe95.mls.protocol.tree.TreeKem" time="0.001"/>
  <testcase name="the decrypted path secret should be e03f676c22ffcca256d6f3f3a038b672bd5631b03650ec9a2c445ebf9ae546d214f3c1ce9d2feb839107e492e06c501a8c0e98a4e8bb02e8ebb1662391d52d1d" classname="com.github.traderjoe95.mls.protocol.tree.TreeKem" time="0.001"/>
  <testcase name="a new update path generated by the sender should be successfully processed" classname="com.github.traderjoe95.mls.protocol.tree.TreeKem" time="0.001"/>
  <testcase name="the update path should be parent-hash valid" classname="com.github.traderjoe95.mls.protocol.tree.TreeKem" time="0.0"/>
  <testcase name="the tree hash after merging the update path should be b6b781d98a0854f093c98b2eb598a3b3a9e56a5ce6db1943f0dc6ce055de7da789d1547437bc41df946ccc86751de6516a9a94ae7a7c3530873aca4f409533c7" classname="com.github.traderjoe95.mls.protocol.tree.TreeKem" time="0.0"/>
  <testcase name="the decrypted path secret should be e03f676c22ffcca256d6f3f3a038b672bd5631b03650ec9a2c445ebf9ae546d214f3c1ce9d2feb839107e492e06c501a8c0e98a4e8bb02e8ebb1662391d52d1d" classname="com.github.traderjoe95.mls.protocol.tree.TreeKem" time="0.001"/>
  <testcase name="a new update path generated by the sender should be successfully processed" classname="com.github.traderjoe95.mls.protocol.tree.TreeKem" time="0.001"/>
  <testcase name="the update path should be parent-hash valid" classname="com.github.traderjoe95.mls.protocol.tree.TreeKem" time="0.001"/>
  <testcase name="the tree hash after merging the update path should be b6b781d98a0854f093c98b2eb598a3b3a9e56a5ce6db1943f0dc6ce055de7da789d1547437bc41df946ccc86751de6516a9a94ae7a7c3530873aca4f409533c7" classname="com.github.traderjoe95.mls.protocol.tree.TreeKem" time="0.0"/>
  <testcase name="the decrypted path secret should be e03f676c22ffcca256d6f3f3a038b672bd5631b03650ec9a2c445ebf9ae546d214f3c1ce9d2feb839107e492e06c501a8c0e98a4e8bb02e8ebb1662391d52d1d" classname="com.github.traderjoe95.mls.protocol.tree.TreeKem" time="0.001"/>
  <testcase name="a new update path generated by the sender should be successfully processed" classname="com.github.traderjoe95.mls.protocol.tree.TreeKem" time="0.001"/>
  <testcase name="the update path should be parent-hash valid" classname="com.github.traderjoe95.mls.protocol.tree.TreeKem" time="0.0"/>
  <testcase name="the tree hash after merging the update path should be b27d5669993b6d9ced7b2f21aaae512105c12bf4e9d44d2daec9d54b2ab09e80b089aad67a67ab210dd61100899ee6c106d3a21f74dda9241d45868f7c70465e" classname="com.github.traderjoe95.mls.protocol.tree.TreeKem" time="0.0"/>
  <testcase name="the decrypted path secret should be d6103a729d7af9156bc635e4a3a102e66fb0e6e7ac9d7a646de0cda975052348733e1d5e513eba3d2e3cb90208d428e906f012c13df512fda5e11a9f3e53f2dd" classname="com.github.traderjoe95.mls.protocol.tree.TreeKem" time="0.0"/>
  <testcase name="a new update path generated by the sender should be successfully processed" classname="com.github.traderjoe95.mls.protocol.tree.TreeKem" time="0.001"/>
  <testcase name="the update path should be parent-hash valid" classname="com.github.traderjoe95.mls.protocol.tree.TreeKem" time="0.0"/>
  <testcase name="the tree hash after merging the update path should be b27d5669993b6d9ced7b2f21aaae512105c12bf4e9d44d2daec9d54b2ab09e80b089aad67a67ab210dd61100899ee6c106d3a21f74dda9241d45868f7c70465e" classname="com.github.traderjoe95.mls.protocol.tree.TreeKem" time="0.0"/>
  <testcase name="the decrypted path secret should be d6103a729d7af9156bc635e4a3a102e66fb0e6e7ac9d7a646de0cda975052348733e1d5e513eba3d2e3cb90208d428e906f012c13df512fda5e11a9f3e53f2dd" classname="com.github.traderjoe95.mls.protocol.tree.TreeKem" time="0.001"/>
  <testcase name="a new update path generated by the sender should be successfully processed" classname="com.github.traderjoe95.mls.protocol.tree.TreeKem" time="0.001"/>
  <testcase name="the update path should be parent-hash valid" classname="com.github.traderjoe95.mls.protocol.tree.TreeKem" time="0.0"/>
  <testcase name="the tree hash after merging the update path should be b27d5669993b6d9ced7b2f21aaae512105c12bf4e9d44d2daec9d54b2ab09e80b089aad67a67ab210dd61100899ee6c106d3a21f74dda9241d45868f7c70465e" classname="com.github.traderjoe95.mls.protocol.tree.TreeKem" time="0.0"/>
  <testcase name="the decrypted path secret should be d6103a729d7af9156bc635e4a3a102e66fb0e6e7ac9d7a646de0cda975052348733e1d5e513eba3d2e3cb90208d428e906f012c13df512fda5e11a9f3e53f2dd" classname="com.github.traderjoe95.mls.protocol.tree.TreeKem" time="0.001"/>
  <testcase name="a new update path generated by the sender should be successfully processed" classname="com.github.traderjoe95.mls.protocol.tree.TreeKem" time="0.001"/>
  <testcase name="the update path should be parent-hash valid" classname="com.github.traderjoe95.mls.protocol.tree.TreeKem" time="0.0"/>
  <testcase name="the tree hash after merging the update path should be b27d5669993b6d9ced7b2f21aaae512105c12bf4e9d44d2daec9d54b2ab09e80b089aad67a67ab210dd61100899ee6c106d3a21f74dda9241d45868f7c70465e" classname="com.github.traderjoe95.mls.protocol.tree.TreeKem" time="0.001"/>
  <testcase name="the decrypted path secret should be d6103a729d7af9156bc635e4a3a102e66fb0e6e7ac9d7a646de0cda975052348733e1d5e513eba3d2e3cb90208d428e906f012c13df512fda5e11a9f3e53f2dd" classname="com.github.traderjoe95.mls.protocol.tree.TreeKem" time="0.001"/>
  <testcase name="a new update path generated by the sender should be successfully processed" classname="com.github.traderjoe95.mls.protocol.tree.TreeKem" time="0.001"/>
  <testcase name="the update path should be parent-hash valid" classname="com.github.traderjoe95.mls.protocol.tree.TreeKem" time="0.0"/>
  <testcase name="the tree hash after merging the update path should be b27d5669993b6d9ced7b2f21aaae512105c12bf4e9d44d2daec9d54b2ab09e80b089aad67a67ab210dd61100899ee6c106d3a21f74dda9241d45868f7c70465e" classname="com.github.traderjoe95.mls.protocol.tree.TreeKem" time="0.0"/>
  <testcase name="the decrypted path secret should be d3eb43026f07ebbdfcbbddbd3f12061be0821e3c3ebd6eaff7fbda97fd639d32c99690e98c5b3c66c02d62a78ce962b21d732f6b6c7cc27590115a2984c4d379" classname="com.github.traderjoe95.mls.protocol.tree.TreeKem" time="0.001"/>
  <testcase name="a new update path generated by the sender should be successfully processed" classname="com.github.traderjoe95.mls.protocol.tree.TreeKem" time="0.001"/>
  <testcase name="the update path should be parent-hash valid" classname="com.github.traderjoe95.mls.protocol.tree.TreeKem" time="0.001"/>
  <testcase name="the tree hash after merging the update path should be b27d5669993b6d9ced7b2f21aaae512105c12bf4e9d44d2daec9d54b2ab09e80b089aad67a67ab210dd61100899ee6c106d3a21f74dda9241d45868f7c70465e" classname="com.github.traderjoe95.mls.protocol.tree.TreeKem" time="0.0"/>
  <testcase name="the decrypted path secret should be 8873af2e1a8ec8cd936ed38258cb69dd29d510bda2b49c57d76f12943bf08f0dda56db4f5672f87a65f6f1957cabed4338f5cbbf98cade4c6d8dc280decb22ab" classname="com.github.traderjoe95.mls.protocol.tree.TreeKem" time="0.001"/>
  <testcase name="a new update path generated by the sender should be successfully processed" classname="com.github.traderjoe95.mls.protocol.tree.TreeKem" time="0.001"/>
  <testcase name="the update path should be parent-hash valid" classname="com.github.traderjoe95.mls.protocol.tree.TreeKem" time="0.0"/>
  <testcase name="the tree hash after merging the update path should be 8833c1bb9e564c406a86d45034251927a054a5c86cbdb376ec57351205e068cbe8d660c6bf6b8d1046948f4ab548f59f4a9c34d160ea0227c8b629362bbb4370" classname="com.github.traderjoe95.mls.protocol.tree.TreeKem" time="0.0"/>
  <testcase name="the decrypted path secret should be a2e511a42906b1220daa3b2ce4fc64d876fbb2324be4b7eab3db0e42d197efaacba748e43abf934fb38ab841d968296aed4772bdd90bceea5f2f7c89c2f4e2cf" classname="com.github.traderjoe95.mls.protocol.tree.TreeKem" time="0.002"/>
  <testcase name="a new update path generated by the sender should be successfully processed" classname="com.github.traderjoe95.mls.protocol.tree.TreeKem" time="0.001"/>
  <testcase name="the update path should be parent-hash valid" classname="com.github.traderjoe95.mls.protocol.tree.TreeKem" time="0.001"/>
  <testcase name="the tree hash after merging the update path should be 8833c1bb9e564c406a86d45034251927a054a5c86cbdb376ec57351205e068cbe8d660c6bf6b8d1046948f4ab548f59f4a9c34d160ea0227c8b629362bbb4370" classname="com.github.traderjoe95.mls.protocol.tree.TreeKem" time="0.001"/>
  <testcase name="the decrypted path secret should be a2e511a42906b1220daa3b2ce4fc64d876fbb2324be4b7eab3db0e42d197efaacba748e43abf934fb38ab841d968296aed4772bdd90bceea5f2f7c89c2f4e2cf" classname="com.github.traderjoe95.mls.protocol.tree.TreeKem" time="0.001"/>
  <testcase name="a new update path generated by the sender should be successfully processed" classname="com.github.traderjoe95.mls.protocol.tree.TreeKem" time="0.001"/>
  <testcase name="the update path should be parent-hash valid" classname="com.github.traderjoe95.mls.protocol.tree.TreeKem" time="0.0"/>
  <testcase name="the tree hash after merging the update path should be 8833c1bb9e564c406a86d45034251927a054a5c86cbdb376ec57351205e068cbe8d660c6bf6b8d1046948f4ab548f59f4a9c34d160ea0227c8b629362bbb4370" classname="com.github.traderjoe95.mls.protocol.tree.TreeKem" time="0.0"/>
  <testcase name="the decrypted path secret should be a2e511a42906b1220daa3b2ce4fc64d876fbb2324be4b7eab3db0e42d197efaacba748e43abf934fb38ab841d968296aed4772bdd90bceea5f2f7c89c2f4e2cf" classname="com.github.traderjoe95.mls.protocol.tree.TreeKem" time="0.001"/>
  <testcase name="a new update path generated by the sender should be successfully processed" classname="com.github.traderjoe95.mls.protocol.tree.TreeKem" time="0.001"/>
  <testcase name="the update path should be parent-hash valid" classname="com.github.traderjoe95.mls.protocol.tree.TreeKem" time="0.001"/>
  <testcase name="the tree hash after merging the update path should be 8833c1bb9e564c406a86d45034251927a054a5c86cbdb376ec57351205e068cbe8d660c6bf6b8d1046948f4ab548f59f4a9c34d160ea0227c8b629362bbb4370" classname="com.github.traderjoe95.mls.protocol.tree.TreeKem" time="0.001"/>
  <testcase name="the decrypted path secret should be a2e511a42906b1220daa3b2ce4fc64d876fbb2324be4b7eab3db0e42d197efaacba748e43abf934fb38ab841d968296aed4772bdd90bceea5f2f7c89c2f4e2cf" classname="com.github.traderjoe95.mls.protocol.tree.TreeKem" time="0.001"/>
  <testcase name="a new update path generated by the sender should be successfully processed" classname="com.github.traderjoe95.mls.protocol.tree.TreeKem" time="0.001"/>
  <testcase name="the update path should be parent-hash valid" classname="com.github.traderjoe95.mls.protocol.tree.TreeKem" time="0.0"/>
  <testcase name="the tree hash after merging the update path should be 8833c1bb9e564c406a86d45034251927a054a5c86cbdb376ec57351205e068cbe8d660c6bf6b8d1046948f4ab548f59f4a9c34d160ea0227c8b629362bbb4370" classname="com.github.traderjoe95.mls.protocol.tree.TreeKem" time="0.0"/>
  <testcase name="the decrypted path secret should be fa2e74cc789c005b05b6219f29886b7536dcf64ee80eb9901402a8b365d5dc9a4b51a973a2bedd4f6e0106799017a978830504aef7da2b153ba386764b430e8b" classname="com.github.traderjoe95.mls.protocol.tree.TreeKem" time="0.001"/>
  <testcase name="a new update path generated by the sender should be successfully processed" classname="com.github.traderjoe95.mls.protocol.tree.TreeKem" time="0.001"/>
  <testcase name="the update path should be parent-hash valid" classname="com.github.traderjoe95.mls.protocol.tree.TreeKem" time="0.0"/>
  <testcase name="the tree hash after merging the update path should be 8833c1bb9e564c406a86d45034251927a054a5c86cbdb376ec57351205e068cbe8d660c6bf6b8d1046948f4ab548f59f4a9c34d160ea0227c8b629362bbb4370" classname="com.github.traderjoe95.mls.protocol.tree.TreeKem" time="0.0"/>
  <testcase name="the decrypted path secret should be 31bcb9da845fa770b42628aa5896cad572a36ec5d837420a3b71a83c0e4aafc3dd20d128deeede9d70202cb245e234c806fafab656bad5cb4731ae064e73eb2a" classname="com.github.traderjoe95.mls.protocol.tree.TreeKem" time="0.001"/>
  <testcase name="a new update path generated by the sender should be successfully processed" classname="com.github.traderjoe95.mls.protocol.tree.TreeKem" time="0.001"/>
  <testcase name="the update path should be parent-hash valid" classname="com.github.traderjoe95.mls.protocol.tree.TreeKem" time="0.0"/>
  <testcase name="the tree hash after merging the update path should be bd21875f4c71abe606fe04f2ad150df67a7178035fc46e57d4f713238b975409348226579f3139688b33bcfc0079c71b02846b45f0177eb861cc22ad12662088" classname="com.github.traderjoe95.mls.protocol.tree.TreeKem" time="0.0"/>
  <testcase name="the decrypted path secret should be 070c626da97401a8b03912d5a543d80ff063ce10281220a5c2b2b2caac4879d1dceda12771e8f6f1e10e99d935a2d9478bbc4076f89526a7f2727edf02a7de5b" classname="com.github.traderjoe95.mls.protocol.tree.TreeKem" time="0.001"/>
  <testcase name="a new update path generated by the sender should be successfully processed" classname="com.github.traderjoe95.mls.protocol.tree.TreeKem" time="0.001"/>
  <testcase name="the update path should be parent-hash valid" classname="com.github.traderjoe95.mls.protocol.tree.TreeKem" time="0.0"/>
  <testcase name="the tree hash after merging the update path should be bd21875f4c71abe606fe04f2ad150df67a7178035fc46e57d4f713238b975409348226579f3139688b33bcfc0079c71b02846b45f0177eb861cc22ad12662088" classname="com.github.traderjoe95.mls.protocol.tree.TreeKem" time="0.0"/>
  <testcase name="the decrypted path secret should be 070c626da97401a8b03912d5a543d80ff063ce10281220a5c2b2b2caac4879d1dceda12771e8f6f1e10e99d935a2d9478bbc4076f89526a7f2727edf02a7de5b" classname="com.github.traderjoe95.mls.protocol.tree.TreeKem" time="0.0"/>
  <testcase name="a new update path generated by the sender should be successfully processed" classname="com.github.traderjoe95.mls.protocol.tree.TreeKem" time="0.001"/>
  <testcase name="the update path should be parent-hash valid" classname="com.github.traderjoe95.mls.protocol.tree.TreeKem" time="0.0"/>
  <testcase name="the tree hash after merging the update path should be bd21875f4c71abe606fe04f2ad150df67a7178035fc46e57d4f713238b975409348226579f3139688b33bcfc0079c71b02846b45f0177eb861cc22ad12662088" classname="com.github.traderjoe95.mls.protocol.tree.TreeKem" time="0.001"/>
  <testcase name="the decrypted path secret should be 070c626da97401a8b03912d5a543d80ff063ce10281220a5c2b2b2caac4879d1dceda12771e8f6f1e10e99d935a2d9478bbc4076f89526a7f2727edf02a7de5b" classname="com.github.traderjoe95.mls.protocol.tree.TreeKem" time="0.0"/>
  <testcase name="a new update path generated by the sender should be successfully processed" classname="com.github.traderjoe95.mls.protocol.tree.TreeKem" time="0.008"/>
  <testcase name="the update path should be parent-hash valid" classname="com.github.traderjoe95.mls.protocol.tree.TreeKem" time="0.001"/>
  <testcase name="the tree hash after merging the update path should be bd21875f4c71abe606fe04f2ad150df67a7178035fc46e57d4f713238b975409348226579f3139688b33bcfc0079c71b02846b45f0177eb861cc22ad12662088" classname="com.github.traderjoe95.mls.protocol.tree.TreeKem" time="0.001"/>
  <testcase name="the decrypted path secret should be 070c626da97401a8b03912d5a543d80ff063ce10281220a5c2b2b2caac4879d1dceda12771e8f6f1e10e99d935a2d9478bbc4076f89526a7f2727edf02a7de5b" classname="com.github.traderjoe95.mls.protocol.tree.TreeKem" time="0.001"/>
  <testcase name="a new update path generated by the sender should be successfully processed" classname="com.github.traderjoe95.mls.protocol.tree.TreeKem" time="0.001"/>
  <testcase name="the update path should be parent-hash valid" classname="com.github.traderjoe95.mls.protocol.tree.TreeKem" time="0.0"/>
  <testcase name="the tree hash after merging the update path should be bd21875f4c71abe606fe04f2ad150df67a7178035fc46e57d4f713238b975409348226579f3139688b33bcfc0079c71b02846b45f0177eb861cc22ad12662088" classname="com.github.traderjoe95.mls.protocol.tree.TreeKem" time="0.001"/>
  <testcase name="the decrypted path secret should be 929dfc7ab8ff8638f74997388baa7a7d706b45a1f1a11d019b9d0cdfe2606c269278159915af90e89f2d4aea781d0a1edd401d88324c7efc7a5bd6931a508f25" classname="com.github.traderjoe95.mls.protocol.tree.TreeKem" time="0.001"/>
  <testcase name="a new update path generated by the sender should be successfully processed" classname="com.github.traderjoe95.mls.protocol.tree.TreeKem" time="0.002"/>
  <testcase name="the update path should be parent-hash valid" classname="com.github.traderjoe95.mls.protocol.tree.TreeKem" time="0.001"/>
  <testcase name="the tree hash after merging the update path should be bd21875f4c71abe606fe04f2ad150df67a7178035fc46e57d4f713238b975409348226579f3139688b33bcfc0079c71b02846b45f0177eb861cc22ad12662088" classname="com.github.traderjoe95.mls.protocol.tree.TreeKem" time="0.0"/>
  <testcase name="the decrypted path secret should be 929dfc7ab8ff8638f74997388baa7a7d706b45a1f1a11d019b9d0cdfe2606c269278159915af90e89f2d4aea781d0a1edd401d88324c7efc7a5bd6931a508f25" classname="com.github.traderjoe95.mls.protocol.tree.TreeKem" time="0.001"/>
  <testcase name="a new update path generated by the sender should be successfully processed" classname="com.github.traderjoe95.mls.protocol.tree.TreeKem" time="0.001"/>
  <testcase name="non-blank leaf 0 should be consistent with the public state" classname="com.github.traderjoe95.mls.protocol.tree.TreeKem" time="0.002"/>
  <testcase name="non-blank leaf 1 should be consistent with the public state" classname="com.github.traderjoe95.mls.protocol.tree.TreeKem" time="0.001"/>
  <testcase name="non-blank leaf 2 should be consistent with the public state" classname="com.github.traderjoe95.mls.protocol.tree.TreeKem" time="0.001"/>
  <testcase name="non-blank leaf 3 should be consistent with the public state" classname="com.github.traderjoe95.mls.protocol.tree.TreeKem" time="0.001"/>
  <testcase name="non-blank leaf 4 should be consistent with the public state" classname="com.github.traderjoe95.mls.protocol.tree.TreeKem" time="0.001"/>
  <testcase name="non-blank leaf 5 should be consistent with the public state" classname="com.github.traderjoe95.mls.protocol.tree.TreeKem" time="0.002"/>
  <testcase name="non-blank leaf 6 should be consistent with the public state" classname="com.github.traderjoe95.mls.protocol.tree.TreeKem" time="0.002"/>
  <testcase name="non-blank leaf 7 should be consistent with the public state" classname="com.github.traderjoe95.mls.protocol.tree.TreeKem" time="0.002"/>
  <testcase name="the update path should be parent-hash valid" classname="com.github.traderjoe95.mls.protocol.tree.TreeKem" time="0.0"/>
  <testcase name="the tree hash after merging the update path should be 75e5a5341c63f0a6d88838c49506cc05a54b9f53bc931c3cba599a1a618e5ec078a1f11535302152c8bbd11185fb0db2e8e1e58c206a8b908cafe8d48dc73f0c" classname="com.github.traderjoe95.mls.protocol.tree.TreeKem" time="0.0"/>
  <testcase name="the decrypted path secret should be 1d25243acaf5958a18425b4ccc898679204631170b2131353e00ac14f0179b238122c7180ab99d6a6dfd1bb685c6cb9c4a1894b0534b4d0c52fcb1c3ad678148" classname="com.github.traderjoe95.mls.protocol.tree.TreeKem" time="0.001"/>
  <testcase name="a new update path generated by the sender should be successfully processed" classname="com.github.traderjoe95.mls.protocol.tree.TreeKem" time="0.001"/>
  <testcase name="the update path should be parent-hash valid" classname="com.github.traderjoe95.mls.protocol.tree.TreeKem" time="0.0"/>
  <testcase name="the tree hash after merging the update path should be 75e5a5341c63f0a6d88838c49506cc05a54b9f53bc931c3cba599a1a618e5ec078a1f11535302152c8bbd11185fb0db2e8e1e58c206a8b908cafe8d48dc73f0c" classname="com.github.traderjoe95.mls.protocol.tree.TreeKem" time="0.0"/>
  <testcase name="the decrypted path secret should be 34c26ec513691ca0b1e11c786d7f02cf7f837aa11c61d2adbd021328599c2b8a41981458678729724cc2ea86b6da1a7a603b6bdcffc02e2c79a8ff8336b7d71d" classname="com.github.traderjoe95.mls.protocol.tree.TreeKem" time="0.001"/>
  <testcase name="a new update path generated by the sender should be successfully processed" classname="com.github.traderjoe95.mls.protocol.tree.TreeKem" time="0.001"/>
  <testcase name="the update path should be parent-hash valid" classname="com.github.traderjoe95.mls.protocol.tree.TreeKem" time="0.001"/>
  <testcase name="the tree hash after merging the update path should be 75e5a5341c63f0a6d88838c49506cc05a54b9f53bc931c3cba599a1a618e5ec078a1f11535302152c8bbd11185fb0db2e8e1e58c206a8b908cafe8d48dc73f0c" classname="com.github.traderjoe95.mls.protocol.tree.TreeKem" time="0.001"/>
  <testcase name="the decrypted path secret should be 34c26ec513691ca0b1e11c786d7f02cf7f837aa11c61d2adbd021328599c2b8a41981458678729724cc2ea86b6da1a7a603b6bdcffc02e2c79a8ff8336b7d71d" classname="com.github.traderjoe95.mls.protocol.tree.TreeKem" time="0.001"/>
  <testcase name="a new update path generated by the sender should be successfully processed" classname="com.github.traderjoe95.mls.protocol.tree.TreeKem" time="0.002"/>
  <testcase name="the update path should be parent-hash valid" classname="com.github.traderjoe95.mls.protocol.tree.TreeKem" time="0.0"/>
  <testcase name="the tree hash after merging the update path should be 75e5a5341c63f0a6d88838c49506cc05a54b9f53bc931c3cba599a1a618e5ec078a1f11535302152c8bbd11185fb0db2e8e1e58c206a8b908cafe8d48dc73f0c" classname="com.github.traderjoe95.mls.protocol.tree.TreeKem" time="0.001"/>
  <testcase name="the decrypted path secret should be 80171ba520013c13a710743e9f58a51cac54e2434f40a5fc35dc71bbd6828281817bc2184bde275f2ce31b07005890cb34920b8e76ffb3912f43eafa4bfd65e8" classname="com.github.traderjoe95.mls.protocol.tree.TreeKem" time="0.002"/>
  <testcase name="a new update path generated by the sender should be successfully processed" classname="com.github.traderjoe95.mls.protocol.tree.TreeKem" time="0.006"/>
  <testcase name="the update path should be parent-hash valid" classname="com.github.traderjoe95.mls.protocol.tree.TreeKem" time="0.001"/>
  <testcase name="the tree hash after merging the update path should be 75e5a5341c63f0a6d88838c49506cc05a54b9f53bc931c3cba599a1a618e5ec078a1f11535302152c8bbd11185fb0db2e8e1e58c206a8b908cafe8d48dc73f0c" classname="com.github.traderjoe95.mls.protocol.tree.TreeKem" time="0.0"/>
  <testcase name="the decrypted path secret should be 80171ba520013c13a710743e9f58a51cac54e2434f40a5fc35dc71bbd6828281817bc2184bde275f2ce31b07005890cb34920b8e76ffb3912f43eafa4bfd65e8" classname="com.github.traderjoe95.mls.protocol.tree.TreeKem" time="0.001"/>
  <testcase name="a new update path generated by the sender should be successfully processed" classname="com.github.traderjoe95.mls.protocol.tree.TreeKem" time="0.002"/>
  <testcase name="the update path should be parent-hash valid" classname="com.github.traderjoe95.mls.protocol.tree.TreeKem" time="0.0"/>
  <testcase name="the tree hash after merging the update path should be 75e5a5341c63f0a6d88838c49506cc05a54b9f53bc931c3cba599a1a618e5ec078a1f11535302152c8bbd11185fb0db2e8e1e58c206a8b908cafe8d48dc73f0c" classname="com.github.traderjoe95.mls.protocol.tree.TreeKem" time="0.0"/>
  <testcase name="the decrypted path secret should be 80171ba520013c13a710743e9f58a51cac54e2434f40a5fc35dc71bbd6828281817bc2184bde275f2ce31b07005890cb34920b8e76ffb3912f43eafa4bfd65e8" classname="com.github.traderjoe95.mls.protocol.tree.TreeKem" time="0.001"/>
  <testcase name="a new update path generated by the sender should be successfully processed" classname="com.github.traderjoe95.mls.protocol.tree.TreeKem" time="0.001"/>
  <testcase name="the update path should be parent-hash valid" classname="com.github.traderjoe95.mls.protocol.tree.TreeKem" time="0.001"/>
  <testcase name="the tree hash after merging the update path should be 75e5a5341c63f0a6d88838c49506cc05a54b9f53bc931c3cba599a1a618e5ec078a1f11535302152c8bbd11185fb0db2e8e1e58c206a8b908cafe8d48dc73f0c" classname="com.github.traderjoe95.mls.protocol.tree.TreeKem" time="0.001"/>
  <testcase name="the decrypted path secret should be 80171ba520013c13a710743e9f58a51cac54e2434f40a5fc35dc71bbd6828281817bc2184bde275f2ce31b07005890cb34920b8e76ffb3912f43eafa4bfd65e8" classname="com.github.traderjoe95.mls.protocol.tree.TreeKem" time="0.001"/>
  <testcase name="a new update path generated by the sender should be successfully processed" classname="com.github.traderjoe95.mls.protocol.tree.TreeKem" time="0.001"/>
  <testcase name="the update path should be parent-hash valid" classname="com.github.traderjoe95.mls.protocol.tree.TreeKem" time="0.0"/>
  <testcase name="the tree hash after merging the update path should be 093231c0846bfd908fc46671ac5e3e49236543d85149321835c0f1688b8242c594e84c672d25249793fdcb74fd2a50994e3dbd248b1367a260882c8387efb8a8" classname="com.github.traderjoe95.mls.protocol.tree.TreeKem" time="0.0"/>
  <testcase name="the decrypted path secret should be 02931f37396f7bcbf323e97782accf082cb746c17c3743976837848b01e28b85ec6657d80f4f593671b7b1496043e2b64e5b8440158eaab8b7541d62ecb6bcef" classname="com.github.traderjoe95.mls.protocol.tree.TreeKem" time="0.001"/>
  <testcase name="a new update path generated by the sender should be successfully processed" classname="com.github.traderjoe95.mls.protocol.tree.TreeKem" time="0.001"/>
  <testcase name="the update path should be parent-hash valid" classname="com.github.traderjoe95.mls.protocol.tree.TreeKem" time="0.0"/>
  <testcase name="the tree hash after merging the update path should be 093231c0846bfd908fc46671ac5e3e49236543d85149321835c0f1688b8242c594e84c672d25249793fdcb74fd2a50994e3dbd248b1367a260882c8387efb8a8" classname="com.github.traderjoe95.mls.protocol.tree.TreeKem" time="0.0"/>
  <testcase name="the decrypted path secret should be 22642e10b2195d9ae2e6125a04a43a4b3baddb83f8cd4fb1a94c5086cdbaa871467d93714b98421f9c2438814a16fd09625ac1aeafba96854f431ed3f9b46985" classname="com.github.traderjoe95.mls.protocol.tree.TreeKem" time="0.001"/>
  <testcase name="a new update path generated by the sender should be successfully processed" classname="com.github.traderjoe95.mls.protocol.tree.TreeKem" time="0.002"/>
  <testcase name="the update path should be parent-hash valid" classname="com.github.traderjoe95.mls.protocol.tree.TreeKem" time="0.001"/>
  <testcase name="the tree hash after merging the update path should be 093231c0846bfd908fc46671ac5e3e49236543d85149321835c0f1688b8242c594e84c672d25249793fdcb74fd2a50994e3dbd248b1367a260882c8387efb8a8" classname="com.github.traderjoe95.mls.protocol.tree.TreeKem" time="0.0"/>
  <testcase name="the decrypted path secret should be 22642e10b2195d9ae2e6125a04a43a4b3baddb83f8cd4fb1a94c5086cdbaa871467d93714b98421f9c2438814a16fd09625ac1aeafba96854f431ed3f9b46985" classname="com.github.traderjoe95.mls.protocol.tree.TreeKem" time="0.001"/>
  <testcase name="a new update path generated by the sender should be successfully processed" classname="com.github.traderjoe95.mls.protocol.tree.TreeKem" time="0.001"/>
  <testcase name="the update path should be parent-hash valid" classname="com.github.traderjoe95.mls.protocol.tree.TreeKem" time="0.001"/>
  <testcase name="the tree hash after merging the update path should be 093231c0846bfd908fc46671ac5e3e49236543d85149321835c0f1688b8242c594e84c672d25249793fdcb74fd2a50994e3dbd248b1367a260882c8387efb8a8" classname="com.github.traderjoe95.mls.protocol.tree.TreeKem" time="0.001"/>
  <testcase name="the decrypted path secret should be 444c384f152c1d092d3d9c16d3954898b2ac6961e1d710c1a0998d77fab8e570a04e890a39458f57c9a819fc02037e391c32c4b85f01ca6cd3323e795142486a" classname="com.github.traderjoe95.mls.protocol.tree.TreeKem" time="0.001"/>
  <testcase name="a new update path generated by the sender should be successfully processed" classname="com.github.traderjoe95.mls.protocol.tree.TreeKem" time="0.001"/>
  <testcase name="the update path should be parent-hash valid" classname="com.github.traderjoe95.mls.protocol.tree.TreeKem" time="0.001"/>
  <testcase name="the tree hash after merging the update path should be 093231c0846bfd908fc46671ac5e3e49236543d85149321835c0f1688b8242c594e84c672d25249793fdcb74fd2a50994e3dbd248b1367a260882c8387efb8a8" classname="com.github.traderjoe95.mls.protocol.tree.TreeKem" time="0.0"/>
  <testcase name="the decrypted path secret should be 444c384f152c1d092d3d9c16d3954898b2ac6961e1d710c1a0998d77fab8e570a04e890a39458f57c9a819fc02037e391c32c4b85f01ca6cd3323e795142486a" classname="com.github.traderjoe95.mls.protocol.tree.TreeKem" time="0.001"/>
  <testcase name="a new update path generated by the sender should be successfully processed" classname="com.github.traderjoe95.mls.protocol.tree.TreeKem" time="0.001"/>
  <testcase name="the update path should be parent-hash valid" classname="com.github.traderjoe95.mls.protocol.tree.TreeKem" time="0.0"/>
  <testcase name="the tree hash after merging the update path should be 093231c0846bfd908fc46671ac5e3e49236543d85149321835c0f1688b8242c594e84c672d25249793fdcb74fd2a50994e3dbd248b1367a260882c8387efb8a8" classname="com.github.traderjoe95.mls.protocol.tree.TreeKem" time="0.0"/>
  <testcase name="the decrypted path secret should be 444c384f152c1d092d3d9c16d3954898b2ac6961e1d710c1a0998d77fab8e570a04e890a39458f57c9a819fc02037e391c32c4b85f01ca6cd3323e795142486a" classname="com.github.traderjoe95.mls.protocol.tree.TreeKem" time="0.001"/>
  <testcase name="a new update path generated by the sender should be successfully processed" classname="com.github.traderjoe95.mls.protocol.tree.TreeKem" time="0.001"/>
  <testcase name="the update path should be parent-hash valid" classname="com.github.traderjoe95.mls.protocol.tree.TreeKem" time="0.0"/>
  <testcase name="the tree hash after merging the update path should be 093231c0846bfd908fc46671ac5e3e49236543d85149321835c0f1688b8242c594e84c672d25249793fdcb74fd2a50994e3dbd248b1367a260882c8387efb8a8" classname="com.github.traderjoe95.mls.protocol.tree.TreeKem" time="0.0"/>
  <testcase name="the decrypted path secret should be 444c384f152c1d092d3d9c16d3954898b2ac6961e1d710c1a0998d77fab8e570a04e890a39458f57c9a819fc02037e391c32c4b85f01ca6cd3323e795142486a" classname="com.github.traderjoe95.mls.protocol.tree.TreeKem" time="0.001"/>
  <testcase name="a new update path generated by the sender should be successfully processed" classname="com.github.traderjoe95.mls.protocol.tree.TreeKem" time="0.001"/>
  <testcase name="the update path should be parent-hash valid" classname="com.github.traderjoe95.mls.protocol.tree.TreeKem" time="0.0"/>
  <testcase name="the tree hash after merging the update path should be bd5c8a80a300d70ab67f2d914d2d60907ee8ae76594441fc8361b81a65317dd0739a4202ecb873e070e9137d2abb24bba05ffd3a0f32093ed0c96da50bbe2cde" classname="com.github.traderjoe95.mls.protocol.tree.TreeKem" time="0.001"/>
  <testcase name="the decrypted path secret should be f991086111f752406ced96a6ce137dc30bc6c85e458a30520db5dd098051e1edd7228456b492c43861964fa4b57793a546cd5668e4ea031fbc307ab2fdf22523" classname="com.github.traderjoe95.mls.protocol.tree.TreeKem" time="0.001"/>
  <testcase name="a new update path generated by the sender should be successfully processed" classname="com.github.traderjoe95.mls.protocol.tree.TreeKem" time="0.001"/>
  <testcase name="the update path should be parent-hash valid" classname="com.github.traderjoe95.mls.protocol.tree.TreeKem" time="0.0"/>
  <testcase name="the tree hash after merging the update path should be bd5c8a80a300d70ab67f2d914d2d60907ee8ae76594441fc8361b81a65317dd0739a4202ecb873e070e9137d2abb24bba05ffd3a0f32093ed0c96da50bbe2cde" classname="com.github.traderjoe95.mls.protocol.tree.TreeKem" time="0.0"/>
  <testcase name="the decrypted path secret should be f991086111f752406ced96a6ce137dc30bc6c85e458a30520db5dd098051e1edd7228456b492c43861964fa4b57793a546cd5668e4ea031fbc307ab2fdf22523" classname="com.github.traderjoe95.mls.protocol.tree.TreeKem" time="0.001"/>
  <testcase name="a new update path generated by the sender should be successfully processed" classname="com.github.traderjoe95.mls.protocol.tree.TreeKem" time="0.001"/>
  <testcase name="the update path should be parent-hash valid" classname="com.github.traderjoe95.mls.protocol.tree.TreeKem" time="0.001"/>
  <testcase name="the tree hash after merging the update path should be bd5c8a80a300d70ab67f2d914d2d60907ee8ae76594441fc8361b81a65317dd0739a4202ecb873e070e9137d2abb24bba05ffd3a0f32093ed0c96da50bbe2cde" classname="com.github.traderjoe95.mls.protocol.tree.TreeKem" time="0.0"/>
  <testcase name="the decrypted path secret should be 78ad8bc01d9cdba1c80d2ba9be70e07d936e1270be27e1f004d9edb4d8033077d8c567c6a0d25c140a2797a8aa2d2e821b0f78354c701908dc37a112bfcd6b86" classname="com.github.traderjoe95.mls.protocol.tree.TreeKem" time="0.001"/>
  <testcase name="a new update path generated by the sender should be successfully processed" classname="com.github.traderjoe95.mls.protocol.tree.TreeKem" time="0.001"/>
  <testcase name="the update path should be parent-hash valid" classname="com.github.traderjoe95.mls.protocol.tree.TreeKem" time="0.0"/>
  <testcase name="the tree hash after merging the update path should be bd5c8a80a300d70ab67f2d914d2d60907ee8ae76594441fc8361b81a65317dd0739a4202ecb873e070e9137d2abb24bba05ffd3a0f32093ed0c96da50bbe2cde" classname="com.github.traderjoe95.mls.protocol.tree.TreeKem" time="0.0"/>
  <testcase name="the decrypted path secret should be 971bf4bff2e562d56a4714880fdca3d1fdd9514ecd84c818bf32ad7aadbf48e986ffbbf39adbecfac3f8f4f6341bff1f3201e65451c3691f90e617869a4aa7d5" classname="com.github.traderjoe95.mls.protocol.tree.TreeKem" time="0.001"/>
  <testcase name="a new update path generated by the sender should be successfully processed" classname="com.github.traderjoe95.mls.protocol.tree.TreeKem" time="0.001"/>
  <testcase name="the update path should be parent-hash valid" classname="com.github.traderjoe95.mls.protocol.tree.TreeKem" time="0.0"/>
  <testcase name="the tree hash after merging the update path should be bd5c8a80a300d70ab67f2d914d2d60907ee8ae76594441fc8361b81a65317dd0739a4202ecb873e070e9137d2abb24bba05ffd3a0f32093ed0c96da50bbe2cde" classname="com.github.traderjoe95.mls.protocol.tree.TreeKem" time="0.0"/>
  <testcase name="the decrypted path secret should be 971bf4bff2e562d56a4714880fdca3d1fdd9514ecd84c818bf32ad7aadbf48e986ffbbf39adbecfac3f8f4f6341bff1f3201e65451c3691f90e617869a4aa7d5" classname="com.github.traderjoe95.mls.protocol.tree.TreeKem" time="0.001"/>
  <testcase name="a new update path generated by the sender should be successfully processed" classname="com.github.traderjoe95.mls.protocol.tree.TreeKem" time="0.002"/>
  <testcase name="the update path should be parent-hash valid" classname="com.github.traderjoe95.mls.protocol.tree.TreeKem" time="0.0"/>
  <testcase name="the tree hash after merging the update path should be bd5c8a80a300d70ab67f2d914d2d60907ee8ae76594441fc8361b81a65317dd0739a4202ecb873e070e9137d2abb24bba05ffd3a0f32093ed0c96da50bbe2cde" classname="com.github.traderjoe95.mls.protocol.tree.TreeKem" time="0.0"/>
  <testcase name="the decrypted path secret should be 971bf4bff2e562d56a4714880fdca3d1fdd9514ecd84c818bf32ad7aadbf48e986ffbbf39adbecfac3f8f4f6341bff1f3201e65451c3691f90e617869a4aa7d5" classname="com.github.traderjoe95.mls.protocol.tree.TreeKem" time="0.001"/>
  <testcase name="a new update path generated by the sender should be successfully processed" classname="com.github.traderjoe95.mls.protocol.tree.TreeKem" time="0.001"/>
  <testcase name="the update path should be parent-hash valid" classname="com.github.traderjoe95.mls.protocol.tree.TreeKem" time="0.001"/>
  <testcase name="the tree hash after merging the update path should be bd5c8a80a300d70ab67f2d914d2d60907ee8ae76594441fc8361b81a65317dd0739a4202ecb873e070e9137d2abb24bba05ffd3a0f32093ed0c96da50bbe2cde" classname="com.github.traderjoe95.mls.protocol.tree.TreeKem" time="0.0"/>
  <testcase name="the decrypted path secret should be 971bf4bff2e562d56a4714880fdca3d1fdd9514ecd84c818bf32ad7aadbf48e986ffbbf39adbecfac3f8f4f6341bff1f3201e65451c3691f90e617869a4aa7d5" classname="com.github.traderjoe95.mls.protocol.tree.TreeKem" time="0.001"/>
  <testcase name="a new update path generated by the sender should be successfully processed" classname="com.github.traderjoe95.mls.protocol.tree.TreeKem" time="0.001"/>
  <testcase name="the update path should be parent-hash valid" classname="com.github.traderjoe95.mls.protocol.tree.TreeKem" time="0.001"/>
  <testcase name="the tree hash after merging the update path should be 1728074f391406fb83f6d66862fe289ee9787590b86331b17abdf5e7731582824270c3d651f2d00e01b3636d8fdd53a45ba8b9c44b570f95e27e2ba4baf75b3d" classname="com.github.traderjoe95.mls.protocol.tree.TreeKem" time="0.001"/>
  <testcase name="the decrypted path secret should be deaaa15e8690b3cc31c9baf0c873d57ff87a1805759902112286237d43ae8e9150265f0af6febc3f9998f09681d4c8c0132f919dc9279fe52a8bd041d17a42d9" classname="com.github.traderjoe95.mls.protocol.tree.TreeKem" time="0.001"/>
  <testcase name="a new update path generated by the sender should be successfully processed" classname="com.github.traderjoe95.mls.protocol.tree.TreeKem" time="0.001"/>
  <testcase name="the update path should be parent-hash valid" classname="com.github.traderjoe95.mls.protocol.tree.TreeKem" time="0.001"/>
  <testcase name="the tree hash after merging the update path should be 1728074f391406fb83f6d66862fe289ee9787590b86331b17abdf5e7731582824270c3d651f2d00e01b3636d8fdd53a45ba8b9c44b570f95e27e2ba4baf75b3d" classname="com.github.traderjoe95.mls.protocol.tree.TreeKem" time="0.001"/>
  <testcase name="the decrypted path secret should be deaaa15e8690b3cc31c9baf0c873d57ff87a1805759902112286237d43ae8e9150265f0af6febc3f9998f09681d4c8c0132f919dc9279fe52a8bd041d17a42d9" classname="com.github.traderjoe95.mls.protocol.tree.TreeKem" time="0.001"/>
  <testcase name="a new update path generated by the sender should be successfully processed" classname="com.github.traderjoe95.mls.protocol.tree.TreeKem" time="0.001"/>
  <testcase name="the update path should be parent-hash valid" classname="com.github.traderjoe95.mls.protocol.tree.TreeKem" time="0.0"/>
  <testcase name="the tree hash after merging the update path should be 1728074f391406fb83f6d66862fe289ee9787590b86331b17abdf5e7731582824270c3d651f2d00e01b3636d8fdd53a45ba8b9c44b570f95e27e2ba4baf75b3d" classname="com.github.traderjoe95.mls.protocol.tree.TreeKem" time="0.001"/>
  <testcase name="the decrypted path secret should be ea3c4e2b6ecb5436bd18006439b20711894b1a8f81b102cd7a4e7fd49dd00301684ef241b5f4983288015e610ed488da529ae65dbdab7b64006a13dac8c2b83c" classname="com.github.traderjoe95.mls.protocol.tree.TreeKem" time="0.001"/>
  <testcase name="a new update path generated by the sender should be successfully processed" classname="com.github.traderjoe95.mls.protocol.tree.TreeKem" time="0.001"/>
  <testcase name="the update path should be parent-hash valid" classname="com.github.traderjoe95.mls.protocol.tree.TreeKem" time="0.0"/>
  <testcase name="the tree hash after merging the update path should be 1728074f391406fb83f6d66862fe289ee9787590b86331b17abdf5e7731582824270c3d651f2d00e01b3636d8fdd53a45ba8b9c44b570f95e27e2ba4baf75b3d" classname="com.github.traderjoe95.mls.protocol.tree.TreeKem" time="0.001"/>
  <testcase name="the decrypted path secret should be e03f676c22ffcca256d6f3f3a038b672bd5631b03650ec9a2c445ebf9ae546d214f3c1ce9d2feb839107e492e06c501a8c0e98a4e8bb02e8ebb1662391d52d1d" classname="com.github.traderjoe95.mls.protocol.tree.TreeKem" time="0.001"/>
  <testcase name="a new update path generated by the sender should be successfully processed" classname="com.github.traderjoe95.mls.protocol.tree.TreeKem" time="0.001"/>
  <testcase name="the update path should be parent-hash valid" classname="com.github.traderjoe95.mls.protocol.tree.TreeKem" time="0.0"/>
  <testcase name="the tree hash after merging the update path should be 1728074f391406fb83f6d66862fe289ee9787590b86331b17abdf5e7731582824270c3d651f2d00e01b3636d8fdd53a45ba8b9c44b570f95e27e2ba4baf75b3d" classname="com.github.traderjoe95.mls.protocol.tree.TreeKem" time="0.001"/>
  <testcase name="the decrypted path secret should be e03f676c22ffcca256d6f3f3a038b672bd5631b03650ec9a2c445ebf9ae546d214f3c1ce9d2feb839107e492e06c501a8c0e98a4e8bb02e8ebb1662391d52d1d" classname="com.github.traderjoe95.mls.protocol.tree.TreeKem" time="0.001"/>
  <testcase name="a new update path generated by the sender should be successfully processed" classname="com.github.traderjoe95.mls.protocol.tree.TreeKem" time="0.002"/>
  <testcase name="the update path should be parent-hash valid" classname="com.github.traderjoe95.mls.protocol.tree.TreeKem" time="0.001"/>
  <testcase name="the tree hash after merging the update path should be 1728074f391406fb83f6d66862fe289ee9787590b86331b17abdf5e7731582824270c3d651f2d00e01b3636d8fdd53a45ba8b9c44b570f95e27e2ba4baf75b3d" classname="com.github.traderjoe95.mls.protocol.tree.TreeKem" time="0.001"/>
  <testcase name="the decrypted path secret should be e03f676c22ffcca256d6f3f3a038b672bd5631b03650ec9a2c445ebf9ae546d214f3c1ce9d2feb839107e492e06c501a8c0e98a4e8bb02e8ebb1662391d52d1d" classname="com.github.traderjoe95.mls.protocol.tree.TreeKem" time="0.001"/>
  <testcase name="a new update path generated by the sender should be successfully processed" classname="com.github.traderjoe95.mls.protocol.tree.TreeKem" time="0.001"/>
  <testcase name="the update path should be parent-hash valid" classname="com.github.traderjoe95.mls.protocol.tree.TreeKem" time="0.0"/>
  <testcase name="the tree hash after merging the update path should be 1728074f391406fb83f6d66862fe289ee9787590b86331b17abdf5e7731582824270c3d651f2d00e01b3636d8fdd53a45ba8b9c44b570f95e27e2ba4baf75b3d" classname="com.github.traderjoe95.mls.protocol.tree.TreeKem" time="0.0"/>
  <testcase name="the decrypted path secret should be e03f676c22ffcca256d6f3f3a038b672bd5631b03650ec9a2c445ebf9ae546d214f3c1ce9d2feb839107e492e06c501a8c0e98a4e8bb02e8ebb1662391d52d1d" classname="com.github.traderjoe95.mls.protocol.tree.TreeKem" time="0.001"/>
  <testcase name="a new update path generated by the sender should be successfully processed" classname="com.github.traderjoe95.mls.protocol.tree.TreeKem" time="0.002"/>
  <testcase name="the update path should be parent-hash valid" classname="com.github.traderjoe95.mls.protocol.tree.TreeKem" time="0.001"/>
  <testcase name="the tree hash after merging the update path should be 087524cbe90f329c0ae65869a9e69cd016cd6a45ee4dac2b350c6c59c9b21b72b2d7895da475cd8a4b2d00231a8aa37b78d1ba7cdc12ab581d6a494fb4de5d5f" classname="com.github.traderjoe95.mls.protocol.tree.TreeKem" time="0.001"/>
  <testcase name="the decrypted path secret should be d6103a729d7af9156bc635e4a3a102e66fb0e6e7ac9d7a646de0cda975052348733e1d5e513eba3d2e3cb90208d428e906f012c13df512fda5e11a9f3e53f2dd" classname="com.github.traderjoe95.mls.protocol.tree.TreeKem" time="0.001"/>
  <testcase name="a new update path generated by the sender should be successfully processed" classname="com.github.traderjoe95.mls.protocol.tree.TreeKem" time="0.001"/>
  <testcase name="the update path should be parent-hash valid" classname="com.github.traderjoe95.mls.protocol.tree.TreeKem" time="0.0"/>
  <testcase name="the tree hash after merging the update path should be 087524cbe90f329c0ae65869a9e69cd016cd6a45ee4dac2b350c6c59c9b21b72b2d7895da475cd8a4b2d00231a8aa37b78d1ba7cdc12ab581d6a494fb4de5d5f" classname="com.github.traderjoe95.mls.protocol.tree.TreeKem" time="0.0"/>
  <testcase name="the decrypted path secret should be d6103a729d7af9156bc635e4a3a102e66fb0e6e7ac9d7a646de0cda975052348733e1d5e513eba3d2e3cb90208d428e906f012c13df512fda5e11a9f3e53f2dd" classname="com.github.traderjoe95.mls.protocol.tree.TreeKem" time="0.001"/>
  <testcase name="a new update path generated by the sender should be successfully processed" classname="com.github.traderjoe95.mls.protocol.tree.TreeKem" time="0.001"/>
  <testcase name="the update path should be parent-hash valid" classname="com.github.traderjoe95.mls.protocol.tree.TreeKem" time="0.001"/>
  <testcase name="the tree hash after merging the update path should be 087524cbe90f329c0ae65869a9e69cd016cd6a45ee4dac2b350c6c59c9b21b72b2d7895da475cd8a4b2d00231a8aa37b78d1ba7cdc12ab581d6a494fb4de5d5f" classname="com.github.traderjoe95.mls.protocol.tree.TreeKem" time="0.001"/>
  <testcase name="the decrypted path secret should be d6103a729d7af9156bc635e4a3a102e66fb0e6e7ac9d7a646de0cda975052348733e1d5e513eba3d2e3cb90208d428e906f012c13df512fda5e11a9f3e53f2dd" classname="com.github.traderjoe95.mls.protocol.tree.TreeKem" time="0.001"/>
  <testcase name="a new update path generated by the sender should be successfully processed" classname="com.github.traderjoe95.mls.protocol.tree.TreeKem" time="0.001"/>
  <testcase name="the update path should be parent-hash valid" classname="com.github.traderjoe95.mls.protocol.tree.TreeKem" time="0.0"/>
  <testcase name="the tree hash after merging the update path should be 087524cbe90f329c0ae65869a9e69cd016cd6a45ee4dac2b350c6c59c9b21b72b2d7895da475cd8a4b2d00231a8aa37b78d1ba7cdc12ab581d6a494fb4de5d5f" classname="com.github.traderjoe95.mls.protocol.tree.TreeKem" time="0.0"/>
  <testcase name="the decrypted path secret should be d6103a729d7af9156bc635e4a3a102e66fb0e6e7ac9d7a646de0cda975052348733e1d5e513eba3d2e3cb90208d428e906f012c13df512fda5e11a9f3e53f2dd" classname="com.github.traderjoe95.mls.protocol.tree.TreeKem" time="0.001"/>
  <testcase name="a new update path generated by the sender should be successfully processed" classname="com.github.traderjoe95.mls.protocol.tree.TreeKem" time="0.001"/>
  <testcase name="the update path should be parent-hash valid" classname="com.github.traderjoe95.mls.protocol.tree.TreeKem" time="0.0"/>
  <testcase name="the tree hash after merging the update path should be 087524cbe90f329c0ae65869a9e69cd016cd6a45ee4dac2b350c6c59c9b21b72b2d7895da475cd8a4b2d00231a8aa37b78d1ba7cdc12ab581d6a494fb4de5d5f" classname="com.github.traderjoe95.mls.protocol.tree.TreeKem" time="0.0"/>
  <testcase name="the decrypted path secret should be d3eb43026f07ebbdfcbbddbd3f12061be0821e3c3ebd6eaff7fbda97fd639d32c99690e98c5b3c66c02d62a78ce962b21d732f6b6c7cc27590115a2984c4d379" classname="com.github.traderjoe95.mls.protocol.tree.TreeKem" time="0.001"/>
  <testcase name="a new update path generated by the sender should be successfully processed" classname="com.github.traderjoe95.mls.protocol.tree.TreeKem" time="0.001"/>
  <testcase name="the update path should be parent-hash valid" classname="com.github.traderjoe95.mls.protocol.tree.TreeKem" time="0.0"/>
  <testcase name="the tree hash after merging the update path should be 087524cbe90f329c0ae65869a9e69cd016cd6a45ee4dac2b350c6c59c9b21b72b2d7895da475cd8a4b2d00231a8aa37b78d1ba7cdc12ab581d6a494fb4de5d5f" classname="com.github.traderjoe95.mls.protocol.tree.TreeKem" time="0.0"/>
  <testcase name="the decrypted path secret should be 8873af2e1a8ec8cd936ed38258cb69dd29d510bda2b49c57d76f12943bf08f0dda56db4f5672f87a65f6f1957cabed4338f5cbbf98cade4c6d8dc280decb22ab" classname="com.github.traderjoe95.mls.protocol.tree.TreeKem" time="0.001"/>
  <testcase name="a new update path generated by the sender should be successfully processed" classname="com.github.traderjoe95.mls.protocol.tree.TreeKem" time="0.001"/>
  <testcase name="the update path should be parent-hash valid" classname="com.github.traderjoe95.mls.protocol.tree.TreeKem" time="0.0"/>
  <testcase name="the tree hash after merging the update path should be 087524cbe90f329c0ae65869a9e69cd016cd6a45ee4dac2b350c6c59c9b21b72b2d7895da475cd8a4b2d00231a8aa37b78d1ba7cdc12ab581d6a494fb4de5d5f" classname="com.github.traderjoe95.mls.protocol.tree.TreeKem" time="0.0"/>
  <testcase name="the decrypted path secret should be 8873af2e1a8ec8cd936ed38258cb69dd29d510bda2b49c57d76f12943bf08f0dda56db4f5672f87a65f6f1957cabed4338f5cbbf98cade4c6d8dc280decb22ab" classname="com.github.traderjoe95.mls.protocol.tree.TreeKem" time="0.001"/>
  <testcase name="a new update path generated by the sender should be successfully processed" classname="com.github.traderjoe95.mls.protocol.tree.TreeKem" time="0.001"/>
  <testcase name="the update path should be parent-hash valid" classname="com.github.traderjoe95.mls.protocol.tree.TreeKem" time="0.0"/>
  <testcase name="the tree hash after merging the update path should be 6cbca68e11a587d7cfa70abbb058dfa16082a8d8882b9efd4f75a7f9688df0c42539d3a1efe67e158c0176e491e40952c2a74e347e5494641ccffd381068bea9" classname="com.github.traderjoe95.mls.protocol.tree.TreeKem" time="0.001"/>
  <testcase name="the decrypted path secret should be a2e511a42906b1220daa3b2ce4fc64d876fbb2324be4b7eab3db0e42d197efaacba748e43abf934fb38ab841d968296aed4772bdd90bceea5f2f7c89c2f4e2cf" classname="com.github.traderjoe95.mls.protocol.tree.TreeKem" time="0.001"/>
  <testcase name="a new update path generated by the sender should be successfully processed" classname="com.github.traderjoe95.mls.protocol.tree.TreeKem" time="0.001"/>
  <testcase name="the update path should be parent-hash valid" classname="com.github.traderjoe95.mls.protocol.tree.TreeKem" time="0.0"/>
  <testcase name="the tree hash after merging the update path should be 6cbca68e11a587d7cfa70abbb058dfa16082a8d8882b9efd4f75a7f9688df0c42539d3a1efe67e158c0176e491e40952c2a74e347e5494641ccffd381068bea9" classname="com.github.traderjoe95.mls.protocol.tree.TreeKem" time="0.0"/>
  <testcase name="the decrypted path secret should be a2e511a42906b1220daa3b2ce4fc64d876fbb2324be4b7eab3db0e42d197efaacba748e43abf934fb38ab841d968296aed4772bdd90bceea5f2f7c89c2f4e2cf" classname="com.github.traderjoe95.mls.protocol.tree.TreeKem" time="0.001"/>
  <testcase name="a new update path generated by the sender should be successfully processed" classname="com.github.traderjoe95.mls.protocol.tree.TreeKem" time="0.001"/>
  <testcase name="the update path should be parent-hash valid" classname="com.github.traderjoe95.mls.protocol.tree.TreeKem" time="0.0"/>
  <testcase name="the tree hash after merging the update path should be 6cbca68e11a587d7cfa70abbb058dfa16082a8d8882b9efd4f75a7f9688df0c42539d3a1efe67e158c0176e491e40952c2a74e347e5494641ccffd381068bea9" classname="com.github.traderjoe95.mls.protocol.tree.TreeKem" time="0.0"/>
  <testcase name="the decrypted path secret should be a2e511a42906b1220daa3b2ce4fc64d876fbb2324be4b7eab3db0e42d197efaacba748e43abf934fb38ab841d968296aed4772bdd90bceea5f2f7c89c2f4e2cf" classname="com.github.traderjoe95.mls.protocol.tree.TreeKem" time="0.0"/>
  <testcase name="a new update path generated by the sender should be successfully processed" classname="com.github.traderjoe95.mls.protocol.tree.TreeKem" time="0.001"/>
  <testcase name="the update path should be parent-hash valid" classname="com.github.traderjoe95.mls.protocol.tree.TreeKem" time="0.0"/>
  <testcase name="the tree hash after merging the update path should be 6cbca68e11a587d7cfa70abbb058dfa16082a8d8882b9efd4f75a7f9688df0c42539d3a1efe67e158c0176e491e40952c2a74e347e5494641ccffd381068bea9" classname="com.github.traderjoe95.mls.protocol.tree.TreeKem" time="0.0"/>
  <testcase name="the decrypted path secret should be a2e511a42906b1220daa3b2ce4fc64d876fbb2324be4b7eab3db0e42d197efaacba748e43abf934fb38ab841d968296aed4772bdd90bceea5f2f7c89c2f4e2cf" classname="com.github.traderjoe95.mls.protocol.tree.TreeKem" time="0.0"/>
  <testcase name="a new update path generated by the sender should be successfully processed" classname="com.github.traderjoe95.mls.protocol.tree.TreeKem" time="0.001"/>
  <testcase name="the update path should be parent-hash valid" classname="com.github.traderjoe95.mls.protocol.tree.TreeKem" time="0.0"/>
  <testcase name="the tree hash after merging the update path should be 6cbca68e11a587d7cfa70abbb058dfa16082a8d8882b9efd4f75a7f9688df0c42539d3a1efe67e158c0176e491e40952c2a74e347e5494641ccffd381068bea9" classname="com.github.traderjoe95.mls.protocol.tree.TreeKem" time="0.0"/>
  <testcase name="the decrypted path secret should be fa2e74cc789c005b05b6219f29886b7536dcf64ee80eb9901402a8b365d5dc9a4b51a973a2bedd4f6e0106799017a978830504aef7da2b153ba386764b430e8b" classname="com.github.traderjoe95.mls.protocol.tree.TreeKem" time="0.001"/>
  <testcase name="a new update path generated by the sender should be successfully processed" classname="com.github.traderjoe95.mls.protocol.tree.TreeKem" time="0.001"/>
  <testcase name="the update path should be parent-hash valid" classname="com.github.traderjoe95.mls.protocol.tree.TreeKem" time="0.0"/>
  <testcase name="the tree hash after merging the update path should be 6cbca68e11a587d7cfa70abbb058dfa16082a8d8882b9efd4f75a7f9688df0c42539d3a1efe67e158c0176e491e40952c2a74e347e5494641ccffd381068bea9" classname="com.github.traderjoe95.mls.protocol.tree.TreeKem" time="0.0"/>
  <testcase name="the decrypted path secret should be 31bcb9da845fa770b42628aa5896cad572a36ec5d837420a3b71a83c0e4aafc3dd20d128deeede9d70202cb245e234c806fafab656bad5cb4731ae064e73eb2a" classname="com.github.traderjoe95.mls.protocol.tree.TreeKem" time="0.001"/>
  <testcase name="a new update path generated by the sender should be successfully processed" classname="com.github.traderjoe95.mls.protocol.tree.TreeKem" time="0.001"/>
  <testcase name="the update path should be parent-hash valid" classname="com.github.traderjoe95.mls.protocol.tree.TreeKem" time="0.0"/>
  <testcase name="the tree hash after merging the update path should be 6cbca68e11a587d7cfa70abbb058dfa16082a8d8882b9efd4f75a7f9688df0c42539d3a1efe67e158c0176e491e40952c2a74e347e5494641ccffd381068bea9" classname="com.github.traderjoe95.mls.protocol.tree.TreeKem" time="0.0"/>
  <testcase name="the decrypted path secret should be 31bcb9da845fa770b42628aa5896cad572a36ec5d837420a3b71a83c0e4aafc3dd20d128deeede9d70202cb245e234c806fafab656bad5cb4731ae064e73eb2a" classname="com.github.traderjoe95.mls.protocol.tree.TreeKem" time="0.001"/>
  <testcase name="a new update path generated by the sender should be successfully processed" classname="com.github.traderjoe95.mls.protocol.tree.TreeKem" time="0.002"/>
  <testcase name="the update path should be parent-hash valid" classname="com.github.traderjoe95.mls.protocol.tree.TreeKem" time="0.0"/>
  <testcase name="the tree hash after merging the update path should be 8c097a95249c157d9dbedf214fdf8854ff90eb801350f0d218a89116510cab9e0c7e5766674c45568f94c9987775482fe965fa9441f64daa71fee82b2db13596" classname="com.github.traderjoe95.mls.protocol.tree.TreeKem" time="0.001"/>
  <testcase name="the decrypted path secret should be fc69414e5356e0123699d323e157d39e92ae3a2526b59fb1f3813289c17933f2b9d6ac395237ceeffd7dcf4199da7962fe0d3e859145ce708e8f5c48b42abe2e" classname="com.github.traderjoe95.mls.protocol.tree.TreeKem" time="0.001"/>
  <testcase name="a new update path generated by the sender should be successfully processed" classname="com.github.traderjoe95.mls.protocol.tree.TreeKem" time="0.002"/>
  <testcase name="the update path should be parent-hash valid" classname="com.github.traderjoe95.mls.protocol.tree.TreeKem" time="0.0"/>
  <testcase name="the tree hash after merging the update path should be 8c097a95249c157d9dbedf214fdf8854ff90eb801350f0d218a89116510cab9e0c7e5766674c45568f94c9987775482fe965fa9441f64daa71fee82b2db13596" classname="com.github.traderjoe95.mls.protocol.tree.TreeKem" time="0.0"/>
  <testcase name="the decrypted path secret should be fc69414e5356e0123699d323e157d39e92ae3a2526b59fb1f3813289c17933f2b9d6ac395237ceeffd7dcf4199da7962fe0d3e859145ce708e8f5c48b42abe2e" classname="com.github.traderjoe95.mls.protocol.tree.TreeKem" time="0.0"/>
  <testcase name="a new update path generated by the sender should be successfully processed" classname="com.github.traderjoe95.mls.protocol.tree.TreeKem" time="0.001"/>
  <testcase name="the update path should be parent-hash valid" classname="com.github.traderjoe95.mls.protocol.tree.TreeKem" time="0.0"/>
  <testcase name="the tree hash after merging the update path should be 8c097a95249c157d9dbedf214fdf8854ff90eb801350f0d218a89116510cab9e0c7e5766674c45568f94c9987775482fe965fa9441f64daa71fee82b2db13596" classname="com.github.traderjoe95.mls.protocol.tree.TreeKem" time="0.0"/>
  <testcase name="the decrypted path secret should be fc69414e5356e0123699d323e157d39e92ae3a2526b59fb1f3813289c17933f2b9d6ac395237ceeffd7dcf4199da7962fe0d3e859145ce708e8f5c48b42abe2e" classname="com.github.traderjoe95.mls.protocol.tree.TreeKem" time="0.0"/>
  <testcase name="a new update path generated by the sender should be successfully processed" classname="com.github.traderjoe95.mls.protocol.tree.TreeKem" time="0.001"/>
  <testcase name="the update path should be parent-hash valid" classname="com.github.traderjoe95.mls.protocol.tree.TreeKem" time="0.0"/>
  <testcase name="the tree hash after merging the update path should be 8c097a95249c157d9dbedf214fdf8854ff90eb801350f0d218a89116510cab9e0c7e5766674c45568f94c9987775482fe965fa9441f64daa71fee82b2db13596" classname="com.github.traderjoe95.mls.protocol.tree.TreeKem" time="0.0"/>
  <testcase name="the decrypted path secret should be fc69414e5356e0123699d323e157d39e92ae3a2526b59fb1f3813289c17933f2b9d6ac395237ceeffd7dcf4199da7962fe0d3e859145ce708e8f5c48b42abe2e" classname="com.github.traderjoe95.mls.protocol.tree.TreeKem" time="0.001"/>
  <testcase name="a new update path generated by the sender should be successfully processed" classname="com.github.traderjoe95.mls.protocol.tree.TreeKem" time="0.001"/>
  <testcase name="the update path should be parent-hash valid" classname="com.github.traderjoe95.mls.protocol.tree.TreeKem" time="0.0"/>
  <testcase name="the tree hash after merging the update path should be 8c097a95249c157d9dbedf214fdf8854ff90eb801350f0d218a89116510cab9e0c7e5766674c45568f94c9987775482fe965fa9441f64daa71fee82b2db13596" classname="com.github.traderjoe95.mls.protocol.tree.TreeKem" time="0.001"/>
  <testcase name="the decrypted path secret should be 070c626da97401a8b03912d5a543d80ff063ce10281220a5c2b2b2caac4879d1dceda12771e8f6f1e10e99d935a2d9478bbc4076f89526a7f2727edf02a7de5b" classname="com.github.traderjoe95.mls.protocol.tree.TreeKem" time="0.001"/>
  <testcase name="a new update path generated by the sender should be successfully processed" classname="com.github.traderjoe95.mls.protocol.tree.TreeKem" time="0.001"/>
  <testcase name="the update path should be parent-hash valid" classname="com.github.traderjoe95.mls.protocol.tree.TreeKem" time="0.0"/>
  <testcase name="the tree hash after merging the update path should be 8c097a95249c157d9dbedf214fdf8854ff90eb801350f0d218a89116510cab9e0c7e5766674c45568f94c9987775482fe965fa9441f64daa71fee82b2db13596" classname="com.github.traderjoe95.mls.protocol.tree.TreeKem" time="0.0"/>
  <testcase name="the decrypted path secret should be 070c626da97401a8b03912d5a543d80ff063ce10281220a5c2b2b2caac4879d1dceda12771e8f6f1e10e99d935a2d9478bbc4076f89526a7f2727edf02a7de5b" classname="com.github.traderjoe95.mls.protocol.tree.TreeKem" time="0.0"/>
  <testcase name="a new update path generated by the sender should be successfully processed" classname="com.github.traderjoe95.mls.protocol.tree.TreeKem" time="0.001"/>
  <testcase name="the update path should be parent-hash valid" classname="com.github.traderjoe95.mls.protocol.tree.TreeKem" time="0.0"/>
  <testcase name="the tree hash after merging the update path should be 8c097a95249c157d9dbedf214fdf8854ff90eb801350f0d218a89116510cab9e0c7e5766674c45568f94c9987775482fe965fa9441f64daa71fee82b2db13596" classname="com.github.traderjoe95.mls.protocol.tree.TreeKem" time="0.0"/>
  <testcase name="the decrypted path secret should be 929dfc7ab8ff8638f74997388baa7a7d706b45a1f1a11d019b9d0cdfe2606c269278159915af90e89f2d4aea781d0a1edd401d88324c7efc7a5bd6931a508f25" classname="com.github.traderjoe95.mls.protocol.tree.TreeKem" time="0.001"/>
  <testcase name="a new update path generated by the sender should be successfully processed" classname="com.github.traderjoe95.mls.protocol.tree.TreeKem" time="0.001"/>
  <testcase name="the update path should be parent-hash valid" classname="com.github.traderjoe95.mls.protocol.tree.TreeKem" time="0.0"/>
  <testcase name="the tree hash after merging the update path should be 57ed8b787cca9fbe97c5e2f5c39e7b51227ef9f24a56998054ee1933e481baf1c29b85ac594af81a0b13667e73a45be5c0d370286e66aa3875e08c9391ff2f36" classname="com.github.traderjoe95.mls.protocol.tree.TreeKem" time="0.0"/>
  <testcase name="the decrypted path secret should be 2e706dded6c740a0ab124c45c56b36a93509b1d1ba1096f91fe2b188ea56bdf6751138c15b1b93dc522d9774839305b41c142cc67f58ba3d1f9368d49fb9df95" classname="com.github.traderjoe95.mls.protocol.tree.TreeKem" time="0.001"/>
  <testcase name="a new update path generated by the sender should be successfully processed" classname="com.github.traderjoe95.mls.protocol.tree.TreeKem" time="0.001"/>
  <testcase name="the update path should be parent-hash valid" classname="com.github.traderjoe95.mls.protocol.tree.TreeKem" time="0.0"/>
  <testcase name="the tree hash after merging the update path should be 57ed8b787cca9fbe97c5e2f5c39e7b51227ef9f24a56998054ee1933e481baf1c29b85ac594af81a0b13667e73a45be5c0d370286e66aa3875e08c9391ff2f36" classname="com.github.traderjoe95.mls.protocol.tree.TreeKem" time="0.0"/>
  <testcase name="the decrypted path secret should be 2e706dded6c740a0ab124c45c56b36a93509b1d1ba1096f91fe2b188ea56bdf6751138c15b1b93dc522d9774839305b41c142cc67f58ba3d1f9368d49fb9df95" classname="com.github.traderjoe95.mls.protocol.tree.TreeKem" time="0.0"/>
  <testcase name="a new update path generated by the sender should be successfully processed" classname="com.github.traderjoe95.mls.protocol.tree.TreeKem" time="0.001"/>
  <testcase name="the update path should be parent-hash valid" classname="com.github.traderjoe95.mls.protocol.tree.TreeKem" time="0.0"/>
  <testcase name="the tree hash after merging the update path should be 57ed8b787cca9fbe97c5e2f5c39e7b51227ef9f24a56998054ee1933e481baf1c29b85ac594af81a0b13667e73a45be5c0d370286e66aa3875e08c9391ff2f36" classname="com.github.traderjoe95.mls.protocol.tree.TreeKem" time="0.001"/>
  <testcase name="the decrypted path secret should be 2e706dded6c740a0ab124c45c56b36a93509b1d1ba1096f91fe2b188ea56bdf6751138c15b1b93dc522d9774839305b41c142cc67f58ba3d1f9368d49fb9df95" classname="com.github.traderjoe95.mls.protocol.tree.TreeKem" time="0.001"/>
  <testcase name="a new update path generated by the sender should be successfully processed" classname="com.github.traderjoe95.mls.protocol.tree.TreeKem" time="0.001"/>
  <testcase name="the update path should be parent-hash valid" classname="com.github.traderjoe95.mls.protocol.tree.TreeKem" time="0.0"/>
  <testcase name="the tree hash after merging the update path should be 57ed8b787cca9fbe97c5e2f5c39e7b51227ef9f24a56998054ee1933e481baf1c29b85ac594af81a0b13667e73a45be5c0d370286e66aa3875e08c9391ff2f36" classname="com.github.traderjoe95.mls.protocol.tree.TreeKem" time="0.0"/>
  <testcase name="the decrypted path secret should be 2e706dded6c740a0ab124c45c56b36a93509b1d1ba1096f91fe2b188ea56bdf6751138c15b1b93dc522d9774839305b41c142cc67f58ba3d1f9368d49fb9df95" classname="com.github.traderjoe95.mls.protocol.tree.TreeKem" time="0.0"/>
  <testcase name="a new update path generated by the sender should be successfully processed" classname="com.github.traderjoe95.mls.protocol.tree.TreeKem" time="0.001"/>
  <testcase name="the update path should be parent-hash valid" classname="com.github.traderjoe95.mls.protocol.tree.TreeKem" time="0.0"/>
  <testcase name="the tree hash after merging the update path should be 57ed8b787cca9fbe97c5e2f5c39e7b51227ef9f24a56998054ee1933e481baf1c29b85ac594af81a0b13667e73a45be5c0d370286e66aa3875e08c9391ff2f36" classname="com.github.traderjoe95.mls.protocol.tree.TreeKem" time="0.0"/>
  <testcase name="the decrypted path secret should be 021be6214bb2546cac01533912c4320ce982c6c680014370466f2244b7d6727c40ff54aecf4c52eab4ca3975cae3fea54c7a261c371f7e38605855975e554187" classname="com.github.traderjoe95.mls.protocol.tree.TreeKem" time="0.001"/>
  <testcase name="a new update path generated by the sender should be successfully processed" classname="com.github.traderjoe95.mls.protocol.tree.TreeKem" time="0.001"/>
  <testcase name="the update path should be parent-hash valid" classname="com.github.traderjoe95.mls.protocol.tree.TreeKem" time="0.0"/>
  <testcase name="the tree hash after merging the update path should be 57ed8b787cca9fbe97c5e2f5c39e7b51227ef9f24a56998054ee1933e481baf1c29b85ac594af81a0b13667e73a45be5c0d370286e66aa3875e08c9391ff2f36" classname="com.github.traderjoe95.mls.protocol.tree.TreeKem" time="0.0"/>
  <testcase name="the decrypted path secret should be 021be6214bb2546cac01533912c4320ce982c6c680014370466f2244b7d6727c40ff54aecf4c52eab4ca3975cae3fea54c7a261c371f7e38605855975e554187" classname="com.github.traderjoe95.mls.protocol.tree.TreeKem" time="0.001"/>
  <testcase name="a new update path generated by the sender should be successfully processed" classname="com.github.traderjoe95.mls.protocol.tree.TreeKem" time="0.001"/>
  <testcase name="the update path should be parent-hash valid" classname="com.github.traderjoe95.mls.protocol.tree.TreeKem" time="0.0"/>
  <testcase name="the tree hash after merging the update path should be 57ed8b787cca9fbe97c5e2f5c39e7b51227ef9f24a56998054ee1933e481baf1c29b85ac594af81a0b13667e73a45be5c0d370286e66aa3875e08c9391ff2f36" classname="com.github.traderjoe95.mls.protocol.tree.TreeKem" time="0.001"/>
  <testcase name="the decrypted path secret should be 8a545e3ff778c03541b5abade0c29c13a54a0e471f96745b88976004239c9c5470b6485d49e9072455e0ba8876c16ec7c8689e0a4191b9ce96e386285a42afc8" classname="com.github.traderjoe95.mls.protocol.tree.TreeKem" time="0.001"/>
  <testcase name="a new update path generated by the sender should be successfully processed" classname="com.github.traderjoe95.mls.protocol.tree.TreeKem" time="0.001"/>
  <testcase name="non-blank leaf 0 should be consistent with the public state" classname="com.github.traderjoe95.mls.protocol.tree.TreeKem" time="0.001"/>
  <testcase name="non-blank leaf 1 should be consistent with the public state" classname="com.github.traderjoe95.mls.protocol.tree.TreeKem" time="0.002"/>
  <testcase name="non-blank leaf 2 should be consistent with the public state" classname="com.github.traderjoe95.mls.protocol.tree.TreeKem" time="0.001"/>
  <testcase name="non-blank leaf 4 should be consistent with the public state" classname="com.github.traderjoe95.mls.protocol.tree.TreeKem" time="0.001"/>
  <testcase name="non-blank leaf 5 should be consistent with the public state" classname="com.github.traderjoe95.mls.protocol.tree.TreeKem" time="0.001"/>
  <testcase name="non-blank leaf 6 should be consistent with the public state" classname="com.github.traderjoe95.mls.protocol.tree.TreeKem" time="0.003"/>
  <testcase name="non-blank leaf 7 should be consistent with the public state" classname="com.github.traderjoe95.mls.protocol.tree.TreeKem" time="0.002"/>
  <testcase name="the update path should be parent-hash valid" classname="com.github.traderjoe95.mls.protocol.tree.TreeKem" time="0.0"/>
  <testcase name="the tree hash after merging the update path should be f617024f4064fe002547ce40e7808a2d68f0edc7ca4c83ac5054922693c327e5f93178a23e589131993dfa1cf2eb7f55568a0d711a3903844a947767f35fadab" classname="com.github.traderjoe95.mls.protocol.tree.TreeKem" time="0.0"/>
  <testcase name="the decrypted path secret should be 1d25243acaf5958a18425b4ccc898679204631170b2131353e00ac14f0179b238122c7180ab99d6a6dfd1bb685c6cb9c4a1894b0534b4d0c52fcb1c3ad678148" classname="com.github.traderjoe95.mls.protocol.tree.TreeKem" time="0.001"/>
  <testcase name="a new update path generated by the sender should be successfully processed" classname="com.github.traderjoe95.mls.protocol.tree.TreeKem" time="0.001"/>
  <testcase name="the update path should be parent-hash valid" classname="com.github.traderjoe95.mls.protocol.tree.TreeKem" time="0.0"/>
  <testcase name="the tree hash after merging the update path should be f617024f4064fe002547ce40e7808a2d68f0edc7ca4c83ac5054922693c327e5f93178a23e589131993dfa1cf2eb7f55568a0d711a3903844a947767f35fadab" classname="com.github.traderjoe95.mls.protocol.tree.TreeKem" time="0.001"/>
  <testcase name="the decrypted path secret should be 34c26ec513691ca0b1e11c786d7f02cf7f837aa11c61d2adbd021328599c2b8a41981458678729724cc2ea86b6da1a7a603b6bdcffc02e2c79a8ff8336b7d71d" classname="com.github.traderjoe95.mls.protocol.tree.TreeKem" time="0.001"/>
  <testcase name="a new update path generated by the sender should be successfully processed" classname="com.github.traderjoe95.mls.protocol.tree.TreeKem" time="0.001"/>
  <testcase name="the update path should be parent-hash valid" classname="com.github.traderjoe95.mls.protocol.tree.TreeKem" time="0.0"/>
  <testcase name="the tree hash after merging the update path should be f617024f4064fe002547ce40e7808a2d68f0edc7ca4c83ac5054922693c327e5f93178a23e589131993dfa1cf2eb7f55568a0d711a3903844a947767f35fadab" classname="com.github.traderjoe95.mls.protocol.tree.TreeKem" time="0.0"/>
  <testcase name="the decrypted path secret should be 80171ba520013c13a710743e9f58a51cac54e2434f40a5fc35dc71bbd6828281817bc2184bde275f2ce31b07005890cb34920b8e76ffb3912f43eafa4bfd65e8" classname="com.github.traderjoe95.mls.protocol.tree.TreeKem" time="0.0"/>
  <testcase name="a new update path generated by the sender should be successfully processed" classname="com.github.traderjoe95.mls.protocol.tree.TreeKem" time="0.001"/>
  <testcase name="the update path should be parent-hash valid" classname="com.github.traderjoe95.mls.protocol.tree.TreeKem" time="0.0"/>
  <testcase name="the tree hash after merging the update path should be f617024f4064fe002547ce40e7808a2d68f0edc7ca4c83ac5054922693c327e5f93178a23e589131993dfa1cf2eb7f55568a0d711a3903844a947767f35fadab" classname="com.github.traderjoe95.mls.protocol.tree.TreeKem" time="0.0"/>
  <testcase name="the decrypted path secret should be 80171ba520013c13a710743e9f58a51cac54e2434f40a5fc35dc71bbd6828281817bc2184bde275f2ce31b07005890cb34920b8e76ffb3912f43eafa4bfd65e8" classname="com.github.traderjoe95.mls.protocol.tree.TreeKem" time="0.0"/>
  <testcase name="a new update path generated by the sender should be successfully processed" classname="com.github.traderjoe95.mls.protocol.tree.TreeKem" time="0.001"/>
  <testcase name="the update path should be parent-hash valid" classname="com.github.traderjoe95.mls.protocol.tree.TreeKem" time="0.0"/>
  <testcase name="the tree hash after merging the update path should be f617024f4064fe002547ce40e7808a2d68f0edc7ca4c83ac5054922693c327e5f93178a23e589131993dfa1cf2eb7f55568a0d711a3903844a947767f35fadab" classname="com.github.traderjoe95.mls.protocol.tree.TreeKem" time="0.0"/>
  <testcase name="the decrypted path secret should be 80171ba520013c13a710743e9f58a51cac54e2434f40a5fc35dc71bbd6828281817bc2184bde275f2ce31b07005890cb34920b8e76ffb3912f43eafa4bfd65e8" classname="com.github.traderjoe95.mls.protocol.tree.TreeKem" time="0.001"/>
  <testcase name="a new update path generated by the sender should be successfully processed" classname="com.github.traderjoe95.mls.protocol.tree.TreeKem" time="0.001"/>
  <testcase name="the update path should be parent-hash valid" classname="com.github.traderjoe95.mls.protocol.tree.TreeKem" time="0.0"/>
  <testcase name="the tree hash after merging the update path should be f617024f4064fe002547ce40e7808a2d68f0edc7ca4c83ac5054922693c327e5f93178a23e589131993dfa1cf2eb7f55568a0d711a3903844a947767f35fadab" classname="com.github.traderjoe95.mls.protocol.tree.TreeKem" time="0.001"/>
  <testcase name="the decrypted path secret should be 80171ba520013c13a710743e9f58a51cac54e2434f40a5fc35dc71bbd6828281817bc2184bde275f2ce31b07005890cb34920b8e76ffb3912f43eafa4bfd65e8" classname="com.github.traderjoe95.mls.protocol.tree.TreeKem" time="0.001"/>
  <testcase name="a new update path generated by the sender should be successfully processed" classname="com.github.traderjoe95.mls.protocol.tree.TreeKem" time="0.001"/>
  <testcase name="the update path should be parent-hash valid" classname="com.github.traderjoe95.mls.protocol.tree.TreeKem" time="0.0"/>
  <testcase name="the tree hash after merging the update path should be 2435454bb91a7b4121c5a0c6b7b3101cec1f7e4b3f133cbb0a6265078a3a4babd14220fbde3fbf564396489f2a4668be53b6866a2e6411a8f1ac896813689074" classname="com.github.traderjoe95.mls.protocol.tree.TreeKem" time="0.0"/>
  <testcase name="the decrypted path secret should be 02931f37396f7bcbf323e97782accf082cb746c17c3743976837848b01e28b85ec6657d80f4f593671b7b1496043e2b64e5b8440158eaab8b7541d62ecb6bcef" classname="com.github.traderjoe95.mls.protocol.tree.TreeKem" time="0.0"/>
  <testcase name="a new update path generated by the sender should be successfully processed" classname="com.github.traderjoe95.mls.protocol.tree.TreeKem" time="0.001"/>
  <testcase name="the update path should be parent-hash valid" classname="com.github.traderjoe95.mls.protocol.tree.TreeKem" time="0.0"/>
  <testcase name="the tree hash after merging the update path should be 2435454bb91a7b4121c5a0c6b7b3101cec1f7e4b3f133cbb0a6265078a3a4babd14220fbde3fbf564396489f2a4668be53b6866a2e6411a8f1ac896813689074" classname="com.github.traderjoe95.mls.protocol.tree.TreeKem" time="0.0"/>
  <testcase name="the decrypted path secret should be 22642e10b2195d9ae2e6125a04a43a4b3baddb83f8cd4fb1a94c5086cdbaa871467d93714b98421f9c2438814a16fd09625ac1aeafba96854f431ed3f9b46985" classname="com.github.traderjoe95.mls.protocol.tree.TreeKem" time="0.0"/>
  <testcase name="a new update path generated by the sender should be successfully processed" classname="com.github.traderjoe95.mls.protocol.tree.TreeKem" time="0.001"/>
  <testcase name="the update path should be parent-hash valid" classname="com.github.traderjoe95.mls.protocol.tree.TreeKem" time="0.0"/>
  <testcase name="the tree hash after merging the update path should be 2435454bb91a7b4121c5a0c6b7b3101cec1f7e4b3f133cbb0a6265078a3a4babd14220fbde3fbf564396489f2a4668be53b6866a2e6411a8f1ac896813689074" classname="com.github.traderjoe95.mls.protocol.tree.TreeKem" time="0.0"/>
  <testcase name="the decrypted path secret should be 444c384f152c1d092d3d9c16d3954898b2ac6961e1d710c1a0998d77fab8e570a04e890a39458f57c9a819fc02037e391c32c4b85f01ca6cd3323e795142486a" classname="com.github.traderjoe95.mls.protocol.tree.TreeKem" time="0.0"/>
  <testcase name="a new update path generated by the sender should be successfully processed" classname="com.github.traderjoe95.mls.protocol.tree.TreeKem" time="0.001"/>
  <testcase name="the update path should be parent-hash valid" classname="com.github.traderjoe95.mls.protocol.tree.TreeKem" time="0.001"/>
  <testcase name="the tree hash after merging the update path should be 2435454bb91a7b4121c5a0c6b7b3101cec1f7e4b3f133cbb0a6265078a3a4babd14220fbde3fbf564396489f2a4668be53b6866a2e6411a8f1ac896813689074" classname="com.github.traderjoe95.mls.protocol.tree.TreeKem" time="0.001"/>
  <testcase name="the decrypted path secret should be 444c384f152c1d092d3d9c16d3954898b2ac6961e1d710c1a0998d77fab8e570a04e890a39458f57c9a819fc02037e391c32c4b85f01ca6cd3323e795142486a" classname="com.github.traderjoe95.mls.protocol.tree.TreeKem" time="0.001"/>
  <testcase name="a new update path generated by the sender should be successfully processed" classname="com.github.traderjoe95.mls.protocol.tree.TreeKem" time="0.001"/>
  <testcase name="the update path should be parent-hash valid" classname="com.github.traderjoe95.mls.protocol.tree.TreeKem" time="0.001"/>
  <testcase name="the tree hash after merging the update path should be 2435454bb91a7b4121c5a0c6b7b3101cec1f7e4b3f133cbb0a6265078a3a4babd14220fbde3fbf564396489f2a4668be53b6866a2e6411a8f1ac896813689074" classname="com.github.traderjoe95.mls.protocol.tree.TreeKem" time="0.0"/>
  <testcase name="the decrypted path secret should be 444c384f152c1d092d3d9c16d3954898b2ac6961e1d710c1a0998d77fab8e570a04e890a39458f57c9a819fc02037e391c32c4b85f01ca6cd3323e795142486a" classname="com.github.traderjoe95.mls.protocol.tree.TreeKem" time="0.001"/>
  <testcase name="a new update path generated by the sender should be successfully processed" classname="com.github.traderjoe95.mls.protocol.tree.TreeKem" time="0.001"/>
  <testcase name="the update path should be parent-hash valid" classname="com.github.traderjoe95.mls.protocol.tree.TreeKem" time="0.0"/>
  <testcase name="the tree hash after merging the update path should be 2435454bb91a7b4121c5a0c6b7b3101cec1f7e4b3f133cbb0a6265078a3a4babd14220fbde3fbf564396489f2a4668be53b6866a2e6411a8f1ac896813689074" classname="com.github.traderjoe95.mls.protocol.tree.TreeKem" time="0.0"/>
  <testcase name="the decrypted path secret should be 444c384f152c1d092d3d9c16d3954898b2ac6961e1d710c1a0998d77fab8e570a04e890a39458f57c9a819fc02037e391c32c4b85f01ca6cd3323e795142486a" classname="com.github.traderjoe95.mls.protocol.tree.TreeKem" time="0.0"/>
  <testcase name="a new update path generated by the sender should be successfully processed" classname="com.github.traderjoe95.mls.protocol.tree.TreeKem" time="0.001"/>
  <testcase name="the update path should be parent-hash valid" classname="com.github.traderjoe95.mls.protocol.tree.TreeKem" time="0.0"/>
  <testcase name="the tree hash after merging the update path should be 465b946374c8d3ce43e09b27cd74ce07731526344a27626da8fc53617f0b421e9d19aa9321e3dcf59286194baaa520cd4c5cf8367cb49da6be2f3f356aa461ab" classname="com.github.traderjoe95.mls.protocol.tree.TreeKem" time="0.001"/>
  <testcase name="the decrypted path secret should be 78ad8bc01d9cdba1c80d2ba9be70e07d936e1270be27e1f004d9edb4d8033077d8c567c6a0d25c140a2797a8aa2d2e821b0f78354c701908dc37a112bfcd6b86" classname="com.github.traderjoe95.mls.protocol.tree.TreeKem" time="0.001"/>
  <testcase name="a new update path generated by the sender should be successfully processed" classname="com.github.traderjoe95.mls.protocol.tree.TreeKem" time="0.001"/>
  <testcase name="the update path should be parent-hash valid" classname="com.github.traderjoe95.mls.protocol.tree.TreeKem" time="0.001"/>
  <testcase name="the tree hash after merging the update path should be 465b946374c8d3ce43e09b27cd74ce07731526344a27626da8fc53617f0b421e9d19aa9321e3dcf59286194baaa520cd4c5cf8367cb49da6be2f3f356aa461ab" classname="com.github.traderjoe95.mls.protocol.tree.TreeKem" time="0.0"/>
  <testcase name="the decrypted path secret should be 78ad8bc01d9cdba1c80d2ba9be70e07d936e1270be27e1f004d9edb4d8033077d8c567c6a0d25c140a2797a8aa2d2e821b0f78354c701908dc37a112bfcd6b86" classname="com.github.traderjoe95.mls.protocol.tree.TreeKem" time="0.001"/>
  <testcase name="a new update path generated by the sender should be successfully processed" classname="com.github.traderjoe95.mls.protocol.tree.TreeKem" time="0.001"/>
  <testcase name="the update path should be parent-hash valid" classname="com.github.traderjoe95.mls.protocol.tree.TreeKem" time="0.001"/>
  <testcase name="the tree hash after merging the update path should be 465b946374c8d3ce43e09b27cd74ce07731526344a27626da8fc53617f0b421e9d19aa9321e3dcf59286194baaa520cd4c5cf8367cb49da6be2f3f356aa461ab" classname="com.github.traderjoe95.mls.protocol.tree.TreeKem" time="0.0"/>
  <testcase name="the decrypted path secret should be f991086111f752406ced96a6ce137dc30bc6c85e458a30520db5dd098051e1edd7228456b492c43861964fa4b57793a546cd5668e4ea031fbc307ab2fdf22523" classname="com.github.traderjoe95.mls.protocol.tree.TreeKem" time="0.001"/>
  <testcase name="a new update path generated by the sender should be successfully processed" classname="com.github.traderjoe95.mls.protocol.tree.TreeKem" time="0.001"/>
  <testcase name="the update path should be parent-hash valid" classname="com.github.traderjoe95.mls.protocol.tree.TreeKem" time="0.0"/>
  <testcase name="the tree hash after merging the update path should be 465b946374c8d3ce43e09b27cd74ce07731526344a27626da8fc53617f0b421e9d19aa9321e3dcf59286194baaa520cd4c5cf8367cb49da6be2f3f356aa461ab" classname="com.github.traderjoe95.mls.protocol.tree.TreeKem" time="0.0"/>
  <testcase name="the decrypted path secret should be f991086111f752406ced96a6ce137dc30bc6c85e458a30520db5dd098051e1edd7228456b492c43861964fa4b57793a546cd5668e4ea031fbc307ab2fdf22523" classname="com.github.traderjoe95.mls.protocol.tree.TreeKem" time="0.001"/>
  <testcase name="a new update path generated by the sender should be successfully processed" classname="com.github.traderjoe95.mls.protocol.tree.TreeKem" time="0.001"/>
  <testcase name="the update path should be parent-hash valid" classname="com.github.traderjoe95.mls.protocol.tree.TreeKem" time="0.0"/>
  <testcase name="the tree hash after merging the update path should be 465b946374c8d3ce43e09b27cd74ce07731526344a27626da8fc53617f0b421e9d19aa9321e3dcf59286194baaa520cd4c5cf8367cb49da6be2f3f356aa461ab" classname="com.github.traderjoe95.mls.protocol.tree.TreeKem" time="0.0"/>
  <testcase name="the decrypted path secret should be f991086111f752406ced96a6ce137dc30bc6c85e458a30520db5dd098051e1edd7228456b492c43861964fa4b57793a546cd5668e4ea031fbc307ab2fdf22523" classname="com.github.traderjoe95.mls.protocol.tree.TreeKem" time="0.001"/>
  <testcase name="a new update path generated by the sender should be successfully processed" classname="com.github.traderjoe95.mls.protocol.tree.TreeKem" time="0.001"/>
  <testcase name="the update path should be parent-hash valid" classname="com.github.traderjoe95.mls.protocol.tree.TreeKem" time="0.001"/>
  <testcase name="the tree hash after merging the update path should be 465b946374c8d3ce43e09b27cd74ce07731526344a27626da8fc53617f0b421e9d19aa9321e3dcf59286194baaa520cd4c5cf8367cb49da6be2f3f356aa461ab" classname="com.github.traderjoe95.mls.protocol.tree.TreeKem" time="0.0"/>
  <testcase name="the decrypted path secret should be f991086111f752406ced96a6ce137dc30bc6c85e458a30520db5dd098051e1edd7228456b492c43861964fa4b57793a546cd5668e4ea031fbc307ab2fdf22523" classname="com.github.traderjoe95.mls.protocol.tree.TreeKem" time="0.002"/>
  <testcase name="a new update path generated by the sender should be successfully processed" classname="com.github.traderjoe95.mls.protocol.tree.TreeKem" time="0.001"/>
  <testcase name="the update path should be parent-hash valid" classname="com.github.traderjoe95.mls.protocol.tree.TreeKem" time="0.0"/>
  <testcase name="the tree hash after merging the update path should be 4bcde17b73cbf88cf138a6ed19828f3da3f69045d39a0a3f1eb48d158c09b5a5fde78e9ad1573a334b8ac75370fe2c91f53376c668518815f18ac97f1a816a71" classname="com.github.traderjoe95.mls.protocol.tree.TreeKem" time="0.001"/>
  <testcase name="the decrypted path secret should be d6103a729d7af9156bc635e4a3a102e66fb0e6e7ac9d7a646de0cda975052348733e1d5e513eba3d2e3cb90208d428e906f012c13df512fda5e11a9f3e53f2dd" classname="com.github.traderjoe95.mls.protocol.tree.TreeKem" time="0.001"/>
  <testcase name="a new update path generated by the sender should be successfully processed" classname="com.github.traderjoe95.mls.protocol.tree.TreeKem" time="0.001"/>
  <testcase name="the update path should be parent-hash valid" classname="com.github.traderjoe95.mls.protocol.tree.TreeKem" time="0.001"/>
  <testcase name="the tree hash after merging the update path should be 4bcde17b73cbf88cf138a6ed19828f3da3f69045d39a0a3f1eb48d158c09b5a5fde78e9ad1573a334b8ac75370fe2c91f53376c668518815f18ac97f1a816a71" classname="com.github.traderjoe95.mls.protocol.tree.TreeKem" time="0.001"/>
  <testcase name="the decrypted path secret should be d6103a729d7af9156bc635e4a3a102e66fb0e6e7ac9d7a646de0cda975052348733e1d5e513eba3d2e3cb90208d428e906f012c13df512fda5e11a9f3e53f2dd" classname="com.github.traderjoe95.mls.protocol.tree.TreeKem" time="0.001"/>
  <testcase name="a new update path generated by the sender should be successfully processed" classname="com.github.traderjoe95.mls.protocol.tree.TreeKem" time="0.001"/>
  <testcase name="the update path should be parent-hash valid" classname="com.github.traderjoe95.mls.protocol.tree.TreeKem" time="0.001"/>
  <testcase name="the tree hash after merging the update path should be 4bcde17b73cbf88cf138a6ed19828f3da3f69045d39a0a3f1eb48d158c09b5a5fde78e9ad1573a334b8ac75370fe2c91f53376c668518815f18ac97f1a816a71" classname="com.github.traderjoe95.mls.protocol.tree.TreeKem" time="0.0"/>
  <testcase name="the decrypted path secret should be d6103a729d7af9156bc635e4a3a102e66fb0e6e7ac9d7a646de0cda975052348733e1d5e513eba3d2e3cb90208d428e906f012c13df512fda5e11a9f3e53f2dd" classname="com.github.traderjoe95.mls.protocol.tree.TreeKem" time="0.001"/>
  <testcase name="a new update path generated by the sender should be successfully processed" classname="com.github.traderjoe95.mls.protocol.tree.TreeKem" time="0.001"/>
  <testcase name="the update path should be parent-hash valid" classname="com.github.traderjoe95.mls.protocol.tree.TreeKem" time="0.0"/>
  <testcase name="the tree hash after merging the update path should be 4bcde17b73cbf88cf138a6ed19828f3da3f69045d39a0a3f1eb48d158c09b5a5fde78e9ad1573a334b8ac75370fe2c91f53376c668518815f18ac97f1a816a71" classname="com.github.traderjoe95.mls.protocol.tree.TreeKem" time="0.0"/>
  <testcase name="the decrypted path secret should be d3eb43026f07ebbdfcbbddbd3f12061be0821e3c3ebd6eaff7fbda97fd639d32c99690e98c5b3c66c02d62a78ce962b21d732f6b6c7cc27590115a2984c4d379" classname="com.github.traderjoe95.mls.protocol.tree.TreeKem" time="0.0"/>
  <testcase name="a new update path generated by the sender should be successfully processed" classname="com.github.traderjoe95.mls.protocol.tree.TreeKem" time="0.001"/>
  <testcase name="the update path should be parent-hash valid" classname="com.github.traderjoe95.mls.protocol.tree.TreeKem" time="0.001"/>
  <testcase name="the tree hash after merging the update path should be 4bcde17b73cbf88cf138a6ed19828f3da3f69045d39a0a3f1eb48d158c09b5a5fde78e9ad1573a334b8ac75370fe2c91f53376c668518815f18ac97f1a816a71" classname="com.github.traderjoe95.mls.protocol.tree.TreeKem" time="0.0"/>
  <testcase name="the decrypted path secret should be 8873af2e1a8ec8cd936ed38258cb69dd29d510bda2b49c57d76f12943bf08f0dda56db4f5672f87a65f6f1957cabed4338f5cbbf98cade4c6d8dc280decb22ab" classname="com.github.traderjoe95.mls.protocol.tree.TreeKem" time="0.001"/>
  <testcase name="a new update path generated by the sender should be successfully processed" classname="com.github.traderjoe95.mls.protocol.tree.TreeKem" time="0.001"/>
  <testcase name="the update path should be parent-hash valid" classname="com.github.traderjoe95.mls.protocol.tree.TreeKem" time="0.001"/>
  <testcase name="the tree hash after merging the update path should be 4bcde17b73cbf88cf138a6ed19828f3da3f69045d39a0a3f1eb48d158c09b5a5fde78e9ad1573a334b8ac75370fe2c91f53376c668518815f18ac97f1a816a71" classname="com.github.traderjoe95.mls.protocol.tree.TreeKem" time="0.0"/>
  <testcase name="the decrypted path secret should be 8873af2e1a8ec8cd936ed38258cb69dd29d510bda2b49c57d76f12943bf08f0dda56db4f5672f87a65f6f1957cabed4338f5cbbf98cade4c6d8dc280decb22ab" classname="com.github.traderjoe95.mls.protocol.tree.TreeKem" time="0.001"/>
  <testcase name="a new update path generated by the sender should be successfully processed" classname="com.github.traderjoe95.mls.protocol.tree.TreeKem" time="0.001"/>
  <testcase name="the update path should be parent-hash valid" classname="com.github.traderjoe95.mls.protocol.tree.TreeKem" time="0.0"/>
  <testcase name="the tree hash after merging the update path should be 225128f83c7f49fc8f08256b4e4e05f459fa7b84b1ba8b38d1f48c91d4647cc1f187e89ba735c233d9fa324f2ed5fab9cfa5b9ef276809bb4416bf8d3269bb49" classname="com.github.traderjoe95.mls.protocol.tree.TreeKem" time="0.0"/>
  <testcase name="the decrypted path secret should be a2e511a42906b1220daa3b2ce4fc64d876fbb2324be4b7eab3db0e42d197efaacba748e43abf934fb38ab841d968296aed4772bdd90bceea5f2f7c89c2f4e2cf" classname="com.github.traderjoe95.mls.protocol.tree.TreeKem" time="0.0"/>
  <testcase name="a new update path generated by the sender should be successfully processed" classname="com.github.traderjoe95.mls.protocol.tree.TreeKem" time="0.001"/>
  <testcase name="the update path should be parent-hash valid" classname="com.github.traderjoe95.mls.protocol.tree.TreeKem" time="0.0"/>
  <testcase name="the tree hash after merging the update path should be 225128f83c7f49fc8f08256b4e4e05f459fa7b84b1ba8b38d1f48c91d4647cc1f187e89ba735c233d9fa324f2ed5fab9cfa5b9ef276809bb4416bf8d3269bb49" classname="com.github.traderjoe95.mls.protocol.tree.TreeKem" time="0.0"/>
  <testcase name="the decrypted path secret should be a2e511a42906b1220daa3b2ce4fc64d876fbb2324be4b7eab3db0e42d197efaacba748e43abf934fb38ab841d968296aed4772bdd90bceea5f2f7c89c2f4e2cf" classname="com.github.traderjoe95.mls.protocol.tree.TreeKem" time="0.0"/>
  <testcase name="a new update path generated by the sender should be successfully processed" classname="com.github.traderjoe95.mls.protocol.tree.TreeKem" time="0.001"/>
  <testcase name="the update path should be parent-hash valid" classname="com.github.traderjoe95.mls.protocol.tree.TreeKem" time="0.0"/>
  <testcase name="the tree hash after merging the update path should be 225128f83c7f49fc8f08256b4e4e05f459fa7b84b1ba8b38d1f48c91d4647cc1f187e89ba735c233d9fa324f2ed5fab9cfa5b9ef276809bb4416bf8d3269bb49" classname="com.github.traderjoe95.mls.protocol.tree.TreeKem" time="0.001"/>
  <testcase name="the decrypted path secret should be a2e511a42906b1220daa3b2ce4fc64d876fbb2324be4b7eab3db0e42d197efaacba748e43abf934fb38ab841d968296aed4772bdd90bceea5f2f7c89c2f4e2cf" classname="com.github.traderjoe95.mls.protocol.tree.TreeKem" time="0.001"/>
  <testcase name="a new update path generated by the sender should be successfully processed" classname="com.github.traderjoe95.mls.protocol.tree.TreeKem" time="0.0"/>
  <testcase name="the update path should be parent-hash valid" classname="com.github.traderjoe95.mls.protocol.tree.TreeKem" time="0.0"/>
  <testcase name="the tree hash after merging the update path should be 225128f83c7f49fc8f08256b4e4e05f459fa7b84b1ba8b38d1f48c91d4647cc1f187e89ba735c233d9fa324f2ed5fab9cfa5b9ef276809bb4416bf8d3269bb49" classname="com.github.traderjoe95.mls.protocol.tree.TreeKem" time="0.001"/>
  <testcase name="the decrypted path secret should be fa2e74cc789c005b05b6219f29886b7536dcf64ee80eb9901402a8b365d5dc9a4b51a973a2bedd4f6e0106799017a978830504aef7da2b153ba386764b430e8b" classname="com.github.traderjoe95.mls.protocol.tree.TreeKem" time="0.001"/>
  <testcase name="a new update path generated by the sender should be successfully processed" classname="com.github.traderjoe95.mls.protocol.tree.TreeKem" time="0.0"/>
  <testcase name="the update path should be parent-hash valid" classname="com.github.traderjoe95.mls.protocol.tree.TreeKem" time="0.001"/>
  <testcase name="the tree hash after merging the update path should be 225128f83c7f49fc8f08256b4e4e05f459fa7b84b1ba8b38d1f48c91d4647cc1f187e89ba735c233d9fa324f2ed5fab9cfa5b9ef276809bb4416bf8d3269bb49" classname="com.github.traderjoe95.mls.protocol.tree.TreeKem" time="0.0"/>
  <testcase name="the decrypted path secret should be 31bcb9da845fa770b42628aa5896cad572a36ec5d837420a3b71a83c0e4aafc3dd20d128deeede9d70202cb245e234c806fafab656bad5cb4731ae064e73eb2a" classname="com.github.traderjoe95.mls.protocol.tree.TreeKem" time="0.001"/>
  <testcase name="a new update path generated by the sender should be successfully processed" classname="com.github.traderjoe95.mls.protocol.tree.TreeKem" time="0.001"/>
  <testcase name="the update path should be parent-hash valid" classname="com.github.traderjoe95.mls.protocol.tree.TreeKem" time="0.0"/>
  <testcase name="the tree hash after merging the update path should be 225128f83c7f49fc8f08256b4e4e05f459fa7b84b1ba8b38d1f48c91d4647cc1f187e89ba735c233d9fa324f2ed5fab9cfa5b9ef276809bb4416bf8d3269bb49" classname="com.github.traderjoe95.mls.protocol.tree.TreeKem" time="0.0"/>
  <testcase name="the decrypted path secret should be 31bcb9da845fa770b42628aa5896cad572a36ec5d837420a3b71a83c0e4aafc3dd20d128deeede9d70202cb245e234c806fafab656bad5cb4731ae064e73eb2a" classname="com.github.traderjoe95.mls.protocol.tree.TreeKem" time="0.001"/>
  <testcase name="a new update path generated by the sender should be successfully processed" classname="com.github.traderjoe95.mls.protocol.tree.TreeKem" time="0.001"/>
  <testcase name="the update path should be parent-hash valid" classname="com.github.traderjoe95.mls.protocol.tree.TreeKem" time="0.0"/>
  <testcase name="the tree hash after merging the update path should be 6ce47edcf38e51d69b0afbbecd0aa887495360804931a14048aa3fc4a9ddc6be75cf29c8b724358b7633c8f42588ffb7ae5d36fa5c317d4d6fc7eb1c3d44df1c" classname="com.github.traderjoe95.mls.protocol.tree.TreeKem" time="0.0"/>
  <testcase name="the decrypted path secret should be fc69414e5356e0123699d323e157d39e92ae3a2526b59fb1f3813289c17933f2b9d6ac395237ceeffd7dcf4199da7962fe0d3e859145ce708e8f5c48b42abe2e" classname="com.github.traderjoe95.mls.protocol.tree.TreeKem" time="0.001"/>
  <testcase name="a new update path generated by the sender should be successfully processed" classname="com.github.traderjoe95.mls.protocol.tree.TreeKem" time="0.002"/>
  <testcase name="the update path should be parent-hash valid" classname="com.github.traderjoe95.mls.protocol.tree.TreeKem" time="0.0"/>
  <testcase name="the tree hash after merging the update path should be 6ce47edcf38e51d69b0afbbecd0aa887495360804931a14048aa3fc4a9ddc6be75cf29c8b724358b7633c8f42588ffb7ae5d36fa5c317d4d6fc7eb1c3d44df1c" classname="com.github.traderjoe95.mls.protocol.tree.TreeKem" time="0.0"/>
  <testcase name="the decrypted path secret should be fc69414e5356e0123699d323e157d39e92ae3a2526b59fb1f3813289c17933f2b9d6ac395237ceeffd7dcf4199da7962fe0d3e859145ce708e8f5c48b42abe2e" classname="com.github.traderjoe95.mls.protocol.tree.TreeKem" time="0.001"/>
  <testcase name="a new update path generated by the sender should be successfully processed" classname="com.github.traderjoe95.mls.protocol.tree.TreeKem" time="0.001"/>
  <testcase name="the update path should be parent-hash valid" classname="com.github.traderjoe95.mls.protocol.tree.TreeKem" time="0.0"/>
  <testcase name="the tree hash after merging the update path should be 6ce47edcf38e51d69b0afbbecd0aa887495360804931a14048aa3fc4a9ddc6be75cf29c8b724358b7633c8f42588ffb7ae5d36fa5c317d4d6fc7eb1c3d44df1c" classname="com.github.traderjoe95.mls.protocol.tree.TreeKem" time="0.0"/>
  <testcase name="the decrypted path secret should be fc69414e5356e0123699d323e157d39e92ae3a2526b59fb1f3813289c17933f2b9d6ac395237ceeffd7dcf4199da7962fe0d3e859145ce708e8f5c48b42abe2e" classname="com.github.traderjoe95.mls.protocol.tree.TreeKem" time="0.001"/>
  <testcase name="a new update path generated by the sender should be successfully processed" classname="com.github.traderjoe95.mls.protocol.tree.TreeKem" time="0.001"/>
  <testcase name="the update path should be parent-hash valid" classname="com.github.traderjoe95.mls.protocol.tree.TreeKem" time="0.0"/>
  <testcase name="the tree hash after merging the update path should be 6ce47edcf38e51d69b0afbbecd0aa887495360804931a14048aa3fc4a9ddc6be75cf29c8b724358b7633c8f42588ffb7ae5d36fa5c317d4d6fc7eb1c3d44df1c" classname="com.github.traderjoe95.mls.protocol.tree.TreeKem" time="0.001"/>
  <testcase name="the decrypted path secret should be 070c626da97401a8b03912d5a543d80ff063ce10281220a5c2b2b2caac4879d1dceda12771e8f6f1e10e99d935a2d9478bbc4076f89526a7f2727edf02a7de5b" classname="com.github.traderjoe95.mls.protocol.tree.TreeKem" time="0.001"/>
  <testcase name="a new update path generated by the sender should be successfully processed" classname="com.github.traderjoe95.mls.protocol.tree.TreeKem" time="0.001"/>
  <testcase name="the update path should be parent-hash valid" classname="com.github.traderjoe95.mls.protocol.tree.TreeKem" time="0.0"/>
  <testcase name="the tree hash after merging the update path should be 6ce47edcf38e51d69b0afbbecd0aa887495360804931a14048aa3fc4a9ddc6be75cf29c8b724358b7633c8f42588ffb7ae5d36fa5c317d4d6fc7eb1c3d44df1c" classname="com.github.traderjoe95.mls.protocol.tree.TreeKem" time="0.0"/>
  <testcase name="the decrypted path secret should be 070c626da97401a8b03912d5a543d80ff063ce10281220a5c2b2b2caac4879d1dceda12771e8f6f1e10e99d935a2d9478bbc4076f89526a7f2727edf02a7de5b" classname="com.github.traderjoe95.mls.protocol.tree.TreeKem" time="0.0"/>
  <testcase name="a new update path generated by the sender should be successfully processed" classname="com.github.traderjoe95.mls.protocol.tree.TreeKem" time="0.001"/>
  <testcase name="the update path should be parent-hash valid" classname="com.github.traderjoe95.mls.protocol.tree.TreeKem" time="0.0"/>
  <testcase name="the tree hash after merging the update path should be 6ce47edcf38e51d69b0afbbecd0aa887495360804931a14048aa3fc4a9ddc6be75cf29c8b724358b7633c8f42588ffb7ae5d36fa5c317d4d6fc7eb1c3d44df1c" classname="com.github.traderjoe95.mls.protocol.tree.TreeKem" time="0.0"/>
  <testcase name="the decrypted path secret should be 929dfc7ab8ff8638f74997388baa7a7d706b45a1f1a11d019b9d0cdfe2606c269278159915af90e89f2d4aea781d0a1edd401d88324c7efc7a5bd6931a508f25" classname="com.github.traderjoe95.mls.protocol.tree.TreeKem" time="0.0"/>
  <testcase name="a new update path generated by the sender should be successfully processed" classname="com.github.traderjoe95.mls.protocol.tree.TreeKem" time="0.001"/>
  <testcase name="the update path should be parent-hash valid" classname="com.github.traderjoe95.mls.protocol.tree.TreeKem" time="0.0"/>
  <testcase name="the tree hash after merging the update path should be 6a779d83c22623d7b13ce493cb44152d6018c63efe7120061ce84d343764fa091d496ec0deb1403f6abce7d5755eabb8327f7864d8935cbba2e7ed30a16f3e9e" classname="com.github.traderjoe95.mls.protocol.tree.TreeKem" time="0.0"/>
  <testcase name="the decrypted path secret should be 2e706dded6c740a0ab124c45c56b36a93509b1d1ba1096f91fe2b188ea56bdf6751138c15b1b93dc522d9774839305b41c142cc67f58ba3d1f9368d49fb9df95" classname="com.github.traderjoe95.mls.protocol.tree.TreeKem" time="0.001"/>
  <testcase name="a new update path generated by the sender should be successfully processed" classname="com.github.traderjoe95.mls.protocol.tree.TreeKem" time="0.001"/>
  <testcase name="the update path should be parent-hash valid" classname="com.github.traderjoe95.mls.protocol.tree.TreeKem" time="0.0"/>
  <testcase name="the tree hash after merging the update path should be 6a779d83c22623d7b13ce493cb44152d6018c63efe7120061ce84d343764fa091d496ec0deb1403f6abce7d5755eabb8327f7864d8935cbba2e7ed30a16f3e9e" classname="com.github.traderjoe95.mls.protocol.tree.TreeKem" time="0.001"/>
  <testcase name="the decrypted path secret should be 2e706dded6c740a0ab124c45c56b36a93509b1d1ba1096f91fe2b188ea56bdf6751138c15b1b93dc522d9774839305b41c142cc67f58ba3d1f9368d49fb9df95" classname="com.github.traderjoe95.mls.protocol.tree.TreeKem" time="0.001"/>
  <testcase name="a new update path generated by the sender should be successfully processed" classname="com.github.traderjoe95.mls.protocol.tree.TreeKem" time="0.001"/>
  <testcase name="the update path should be parent-hash valid" classname="com.github.traderjoe95.mls.protocol.tree.TreeKem" time="0.0"/>
  <testcase name="the tree hash after merging the update path should be 6a779d83c22623d7b13ce493cb44152d6018c63efe7120061ce84d343764fa091d496ec0deb1403f6abce7d5755eabb8327f7864d8935cbba2e7ed30a16f3e9e" classname="com.github.traderjoe95.mls.protocol.tree.TreeKem" time="0.0"/>
  <testcase name="the decrypted path secret should be 2e706dded6c740a0ab124c45c56b36a93509b1d1ba1096f91fe2b188ea56bdf6751138c15b1b93dc522d9774839305b41c142cc67f58ba3d1f9368d49fb9df95" classname="com.github.traderjoe95.mls.protocol.tree.TreeKem" time="0.001"/>
  <testcase name="a new update path generated by the sender should be successfully processed" classname="com.github.traderjoe95.mls.protocol.tree.TreeKem" time="0.001"/>
  <testcase name="the update path should be parent-hash valid" classname="com.github.traderjoe95.mls.protocol.tree.TreeKem" time="0.0"/>
  <testcase name="the tree hash after merging the update path should be 6a779d83c22623d7b13ce493cb44152d6018c63efe7120061ce84d343764fa091d496ec0deb1403f6abce7d5755eabb8327f7864d8935cbba2e7ed30a16f3e9e" classname="com.github.traderjoe95.mls.protocol.tree.TreeKem" time="0.0"/>
  <testcase name="the decrypted path secret should be 021be6214bb2546cac01533912c4320ce982c6c680014370466f2244b7d6727c40ff54aecf4c52eab4ca3975cae3fea54c7a261c371f7e38605855975e554187" classname="com.github.traderjoe95.mls.protocol.tree.TreeKem" time="0.0"/>
  <testcase name="a new update path generated by the sender should be successfully processed" classname="com.github.traderjoe95.mls.protocol.tree.TreeKem" time="0.001"/>
  <testcase name="the update path should be parent-hash valid" classname="com.github.traderjoe95.mls.protocol.tree.TreeKem" time="0.0"/>
  <testcase name="the tree hash after merging the update path should be 6a779d83c22623d7b13ce493cb44152d6018c63efe7120061ce84d343764fa091d496ec0deb1403f6abce7d5755eabb8327f7864d8935cbba2e7ed30a16f3e9e" classname="com.github.traderjoe95.mls.protocol.tree.TreeKem" time="0.0"/>
  <testcase name="the decrypted path secret should be 021be6214bb2546cac01533912c4320ce982c6c680014370466f2244b7d6727c40ff54aecf4c52eab4ca3975cae3fea54c7a261c371f7e38605855975e554187" classname="com.github.traderjoe95.mls.protocol.tree.TreeKem" time="0.001"/>
  <testcase name="a new update path generated by the sender should be successfully processed" classname="com.github.traderjoe95.mls.protocol.tree.TreeKem" time="0.002"/>
  <testcase name="the update path should be parent-hash valid" classname="com.github.traderjoe95.mls.protocol.tree.TreeKem" time="0.0"/>
  <testcase name="the tree hash after merging the update path should be 6a779d83c22623d7b13ce493cb44152d6018c63efe7120061ce84d343764fa091d496ec0deb1403f6abce7d5755eabb8327f7864d8935cbba2e7ed30a16f3e9e" classname="com.github.traderjoe95.mls.protocol.tree.TreeKem" time="0.0"/>
  <testcase name="the decrypted path secret should be 8a545e3ff778c03541b5abade0c29c13a54a0e471f96745b88976004239c9c5470b6485d49e9072455e0ba8876c16ec7c8689e0a4191b9ce96e386285a42afc8" classname="com.github.traderjoe95.mls.protocol.tree.TreeKem" time="0.001"/>
  <testcase name="a new update path generated by the sender should be successfully processed" classname="com.github.traderjoe95.mls.protocol.tree.TreeKem" time="0.001"/>
  <testcase name="non-blank leaf 0 should be consistent with the public state" classname="com.github.traderjoe95.mls.protocol.tree.TreeKem" time="0.001"/>
  <testcase name="non-blank leaf 4 should be consistent with the public state" classname="com.github.traderjoe95.mls.protocol.tree.TreeKem" time="0.001"/>
  <testcase name="non-blank leaf 5 should be consistent with the public state" classname="com.github.traderjoe95.mls.protocol.tree.TreeKem" time="0.001"/>
  <testcase name="non-blank leaf 6 should be consistent with the public state" classname="com.github.traderjoe95.mls.protocol.tree.TreeKem" time="0.001"/>
  <testcase name="non-blank leaf 7 should be consistent with the public state" classname="com.github.traderjoe95.mls.protocol.tree.TreeKem" time="0.001"/>
  <testcase name="the update path should be parent-hash valid" classname="com.github.traderjoe95.mls.protocol.tree.TreeKem" time="0.0"/>
  <testcase name="the tree hash after merging the update path should be c6f527a07e2740c1a10f534460aa035860fbc7df15055b3328e4bb3056ca9ffce14735b8f1d1a6b7759b58aecdb26710e46cbbaa9011cb784645110bf6ae9760" classname="com.github.traderjoe95.mls.protocol.tree.TreeKem" time="0.0"/>
  <testcase name="the decrypted path secret should be 1d25243acaf5958a18425b4ccc898679204631170b2131353e00ac14f0179b238122c7180ab99d6a6dfd1bb685c6cb9c4a1894b0534b4d0c52fcb1c3ad678148" classname="com.github.traderjoe95.mls.protocol.tree.TreeKem" time="0.0"/>
  <testcase name="a new update path generated by the sender should be successfully processed" classname="com.github.traderjoe95.mls.protocol.tree.TreeKem" time="0.001"/>
  <testcase name="the update path should be parent-hash valid" classname="com.github.traderjoe95.mls.protocol.tree.TreeKem" time="0.0"/>
  <testcase name="the tree hash after merging the update path should be c6f527a07e2740c1a10f534460aa035860fbc7df15055b3328e4bb3056ca9ffce14735b8f1d1a6b7759b58aecdb26710e46cbbaa9011cb784645110bf6ae9760" classname="com.github.traderjoe95.mls.protocol.tree.TreeKem" time="0.0"/>
  <testcase name="the decrypted path secret should be 1d25243acaf5958a18425b4ccc898679204631170b2131353e00ac14f0179b238122c7180ab99d6a6dfd1bb685c6cb9c4a1894b0534b4d0c52fcb1c3ad678148" classname="com.github.traderjoe95.mls.protocol.tree.TreeKem" time="0.001"/>
  <testcase name="a new update path generated by the sender should be successfully processed" classname="com.github.traderjoe95.mls.protocol.tree.TreeKem" time="0.001"/>
  <testcase name="the update path should be parent-hash valid" classname="com.github.traderjoe95.mls.protocol.tree.TreeKem" time="0.0"/>
  <testcase name="the tree hash after merging the update path should be c6f527a07e2740c1a10f534460aa035860fbc7df15055b3328e4bb3056ca9ffce14735b8f1d1a6b7759b58aecdb26710e46cbbaa9011cb784645110bf6ae9760" classname="com.github.traderjoe95.mls.protocol.tree.TreeKem" time="0.0"/>
  <testcase name="the decrypted path secret should be 1d25243acaf5958a18425b4ccc898679204631170b2131353e00ac14f0179b238122c7180ab99d6a6dfd1bb685c6cb9c4a1894b0534b4d0c52fcb1c3ad678148" classname="com.github.traderjoe95.mls.protocol.tree.TreeKem" time="0.001"/>
  <testcase name="a new update path generated by the sender should be successfully processed" classname="com.github.traderjoe95.mls.protocol.tree.TreeKem" time="0.001"/>
  <testcase name="the update path should be parent-hash valid" classname="com.github.traderjoe95.mls.protocol.tree.TreeKem" time="0.001"/>
  <testcase name="the tree hash after merging the update path should be c6f527a07e2740c1a10f534460aa035860fbc7df15055b3328e4bb3056ca9ffce14735b8f1d1a6b7759b58aecdb26710e46cbbaa9011cb784645110bf6ae9760" classname="com.github.traderjoe95.mls.protocol.tree.TreeKem" time="0.0"/>
  <testcase name="the decrypted path secret should be 1d25243acaf5958a18425b4ccc898679204631170b2131353e00ac14f0179b238122c7180ab99d6a6dfd1bb685c6cb9c4a1894b0534b4d0c52fcb1c3ad678148" classname="com.github.traderjoe95.mls.protocol.tree.TreeKem" time="0.001"/>
  <testcase name="a new update path generated by the sender should be successfully processed" classname="com.github.traderjoe95.mls.protocol.tree.TreeKem" time="0.001"/>
  <testcase name="the update path should be parent-hash valid" classname="com.github.traderjoe95.mls.protocol.tree.TreeKem" time="0.001"/>
  <testcase name="the tree hash after merging the update path should be 1e44923a2b1db3319cc418a56290fd4caf57f29787eec329b42d83f893177d7ff4e24bdc2d02ddecf3b9dd82168d01e0be4d7728b06b589e23cbf15b50be08a2" classname="com.github.traderjoe95.mls.protocol.tree.TreeKem" time="0.0"/>
  <testcase name="the decrypted path secret should be d6103a729d7af9156bc635e4a3a102e66fb0e6e7ac9d7a646de0cda975052348733e1d5e513eba3d2e3cb90208d428e906f012c13df512fda5e11a9f3e53f2dd" classname="com.github.traderjoe95.mls.protocol.tree.TreeKem" time="0.001"/>
  <testcase name="a new update path generated by the sender should be successfully processed" classname="com.github.traderjoe95.mls.protocol.tree.TreeKem" time="0.002"/>
  <testcase name="the update path should be parent-hash valid" classname="com.github.traderjoe95.mls.protocol.tree.TreeKem" time="0.0"/>
  <testcase name="the tree hash after merging the update path should be 1e44923a2b1db3319cc418a56290fd4caf57f29787eec329b42d83f893177d7ff4e24bdc2d02ddecf3b9dd82168d01e0be4d7728b06b589e23cbf15b50be08a2" classname="com.github.traderjoe95.mls.protocol.tree.TreeKem" time="0.0"/>
  <testcase name="the decrypted path secret should be d3eb43026f07ebbdfcbbddbd3f12061be0821e3c3ebd6eaff7fbda97fd639d32c99690e98c5b3c66c02d62a78ce962b21d732f6b6c7cc27590115a2984c4d379" classname="com.github.traderjoe95.mls.protocol.tree.TreeKem" time="0.001"/>
  <testcase name="a new update path generated by the sender should be successfully processed" classname="com.github.traderjoe95.mls.protocol.tree.TreeKem" time="0.001"/>
  <testcase name="the update path should be parent-hash valid" classname="com.github.traderjoe95.mls.protocol.tree.TreeKem" time="0.0"/>
  <testcase name="the tree hash after merging the update path should be 1e44923a2b1db3319cc418a56290fd4caf57f29787eec329b42d83f893177d7ff4e24bdc2d02ddecf3b9dd82168d01e0be4d7728b06b589e23cbf15b50be08a2" classname="com.github.traderjoe95.mls.protocol.tree.TreeKem" time="0.0"/>
  <testcase name="the decrypted path secret should be 8873af2e1a8ec8cd936ed38258cb69dd29d510bda2b49c57d76f12943bf08f0dda56db4f5672f87a65f6f1957cabed4338f5cbbf98cade4c6d8dc280decb22ab" classname="com.github.traderjoe95.mls.protocol.tree.TreeKem" time="0.001"/>
  <testcase name="a new update path generated by the sender should be successfully processed" classname="com.github.traderjoe95.mls.protocol.tree.TreeKem" time="0.002"/>
  <testcase name="the update path should be parent-hash valid" classname="com.github.traderjoe95.mls.protocol.tree.TreeKem" time="0.0"/>
  <testcase name="the tree hash after merging the update path should be 1e44923a2b1db3319cc418a56290fd4caf57f29787eec329b42d83f893177d7ff4e24bdc2d02ddecf3b9dd82168d01e0be4d7728b06b589e23cbf15b50be08a2" classname="com.github.traderjoe95.mls.protocol.tree.TreeKem" time="0.0"/>
  <testcase name="the decrypted path secret should be 8873af2e1a8ec8cd936ed38258cb69dd29d510bda2b49c57d76f12943bf08f0dda56db4f5672f87a65f6f1957cabed4338f5cbbf98cade4c6d8dc280decb22ab" classname="com.github.traderjoe95.mls.protocol.tree.TreeKem" time="0.001"/>
  <testcase name="a new update path generated by the sender should be successfully processed" classname="com.github.traderjoe95.mls.protocol.tree.TreeKem" time="0.002"/>
  <testcase name="the update path should be parent-hash valid" classname="com.github.traderjoe95.mls.protocol.tree.TreeKem" time="0.0"/>
  <testcase name="the tree hash after merging the update path should be 3d017481c4a5c08a0022a7feaf16ea972a751998e3cf722f6e10b7a78053b275ca901f94b5854556b8f80e333c2d45321d296c0c6768cd52909eee669e7a0ca2" classname="com.github.traderjoe95.mls.protocol.tree.TreeKem" time="0.0"/>
  <testcase name="the decrypted path secret should be a2e511a42906b1220daa3b2ce4fc64d876fbb2324be4b7eab3db0e42d197efaacba748e43abf934fb38ab841d968296aed4772bdd90bceea5f2f7c89c2f4e2cf" classname="com.github.traderjoe95.mls.protocol.tree.TreeKem" time="0.001"/>
  <testcase name="a new update path generated by the sender should be successfully processed" classname="com.github.traderjoe95.mls.protocol.tree.TreeKem" time="0.001"/>
  <testcase name="the update path should be parent-hash valid" classname="com.github.traderjoe95.mls.protocol.tree.TreeKem" time="0.001"/>
  <testcase name="the tree hash after merging the update path should be 3d017481c4a5c08a0022a7feaf16ea972a751998e3cf722f6e10b7a78053b275ca901f94b5854556b8f80e333c2d45321d296c0c6768cd52909eee669e7a0ca2" classname="com.github.traderjoe95.mls.protocol.tree.TreeKem" time="0.0"/>
  <testcase name="the decrypted path secret should be fa2e74cc789c005b05b6219f29886b7536dcf64ee80eb9901402a8b365d5dc9a4b51a973a2bedd4f6e0106799017a978830504aef7da2b153ba386764b430e8b" classname="com.github.traderjoe95.mls.protocol.tree.TreeKem" time="0.001"/>
  <testcase name="a new update path generated by the sender should be successfully processed" classname="com.github.traderjoe95.mls.protocol.tree.TreeKem" time="0.001"/>
  <testcase name="the update path should be parent-hash valid" classname="com.github.traderjoe95.mls.protocol.tree.TreeKem" time="0.001"/>
  <testcase name="the tree hash after merging the update path should be 3d017481c4a5c08a0022a7feaf16ea972a751998e3cf722f6e10b7a78053b275ca901f94b5854556b8f80e333c2d45321d296c0c6768cd52909eee669e7a0ca2" classname="com.github.traderjoe95.mls.protocol.tree.TreeKem" time="0.0"/>
  <testcase name="the decrypted path secret should be 31bcb9da845fa770b42628aa5896cad572a36ec5d837420a3b71a83c0e4aafc3dd20d128deeede9d70202cb245e234c806fafab656bad5cb4731ae064e73eb2a" classname="com.github.traderjoe95.mls.protocol.tree.TreeKem" time="0.001"/>
  <testcase name="a new update path generated by the sender should be successfully processed" classname="com.github.traderjoe95.mls.protocol.tree.TreeKem" time="0.001"/>
  <testcase name="the update path should be parent-hash valid" classname="com.github.traderjoe95.mls.protocol.tree.TreeKem" time="0.0"/>
  <testcase name="the tree hash after merging the update path should be 3d017481c4a5c08a0022a7feaf16ea972a751998e3cf722f6e10b7a78053b275ca901f94b5854556b8f80e333c2d45321d296c0c6768cd52909eee669e7a0ca2" classname="com.github.traderjoe95.mls.protocol.tree.TreeKem" time="0.0"/>
  <testcase name="the decrypted path secret should be 31bcb9da845fa770b42628aa5896cad572a36ec5d837420a3b71a83c0e4aafc3dd20d128deeede9d70202cb245e234c806fafab656bad5cb4731ae064e73eb2a" classname="com.github.traderjoe95.mls.protocol.tree.TreeKem" time="0.001"/>
  <testcase name="a new update path generated by the sender should be successfully processed" classname="com.github.traderjoe95.mls.protocol.tree.TreeKem" time="0.001"/>
  <testcase name="the update path should be parent-hash valid" classname="com.github.traderjoe95.mls.protocol.tree.TreeKem" time="0.0"/>
  <testcase name="the tree hash after merging the update path should be 1f691463b32e778e4d7dcfbbcf688ce314d61cf2739be8863f2788450262746ac991d2ec3cf141db88b3f95b82db0ea209ae4546b03092de0af33c748f79cec3" classname="com.github.traderjoe95.mls.protocol.tree.TreeKem" time="0.0"/>
  <testcase name="the decrypted path secret should be fc69414e5356e0123699d323e157d39e92ae3a2526b59fb1f3813289c17933f2b9d6ac395237ceeffd7dcf4199da7962fe0d3e859145ce708e8f5c48b42abe2e" classname="com.github.traderjoe95.mls.protocol.tree.TreeKem" time="0.001"/>
  <testcase name="a new update path generated by the sender should be successfully processed" classname="com.github.traderjoe95.mls.protocol.tree.TreeKem" time="0.001"/>
  <testcase name="the update path should be parent-hash valid" classname="com.github.traderjoe95.mls.protocol.tree.TreeKem" time="0.0"/>
  <testcase name="the tree hash after merging the update path should be 1f691463b32e778e4d7dcfbbcf688ce314d61cf2739be8863f2788450262746ac991d2ec3cf141db88b3f95b82db0ea209ae4546b03092de0af33c748f79cec3" classname="com.github.traderjoe95.mls.protocol.tree.TreeKem" time="0.0"/>
  <testcase name="the decrypted path secret should be 070c626da97401a8b03912d5a543d80ff063ce10281220a5c2b2b2caac4879d1dceda12771e8f6f1e10e99d935a2d9478bbc4076f89526a7f2727edf02a7de5b" classname="com.github.traderjoe95.mls.protocol.tree.TreeKem" time="0.001"/>
  <testcase name="a new update path generated by the sender should be successfully processed" classname="com.github.traderjoe95.mls.protocol.tree.TreeKem" time="0.0"/>
  <testcase name="the update path should be parent-hash valid" classname="com.github.traderjoe95.mls.protocol.tree.TreeKem" time="0.0"/>
  <testcase name="the tree hash after merging the update path should be 1f691463b32e778e4d7dcfbbcf688ce314d61cf2739be8863f2788450262746ac991d2ec3cf141db88b3f95b82db0ea209ae4546b03092de0af33c748f79cec3" classname="com.github.traderjoe95.mls.protocol.tree.TreeKem" time="0.0"/>
  <testcase name="the decrypted path secret should be 070c626da97401a8b03912d5a543d80ff063ce10281220a5c2b2b2caac4879d1dceda12771e8f6f1e10e99d935a2d9478bbc4076f89526a7f2727edf02a7de5b" classname="com.github.traderjoe95.mls.protocol.tree.TreeKem" time="0.0"/>
  <testcase name="a new update path generated by the sender should be successfully processed" classname="com.github.traderjoe95.mls.protocol.tree.TreeKem" time="0.001"/>
  <testcase name="the update path should be parent-hash valid" classname="com.github.traderjoe95.mls.protocol.tree.TreeKem" time="0.0"/>
  <testcase name="the tree hash after merging the update path should be 1f691463b32e778e4d7dcfbbcf688ce314d61cf2739be8863f2788450262746ac991d2ec3cf141db88b3f95b82db0ea209ae4546b03092de0af33c748f79cec3" classname="com.github.traderjoe95.mls.protocol.tree.TreeKem" time="0.001"/>
  <testcase name="the decrypted path secret should be 929dfc7ab8ff8638f74997388baa7a7d706b45a1f1a11d019b9d0cdfe2606c269278159915af90e89f2d4aea781d0a1edd401d88324c7efc7a5bd6931a508f25" classname="com.github.traderjoe95.mls.protocol.tree.TreeKem" time="0.001"/>
  <testcase name="a new update path generated by the sender should be successfully processed" classname="com.github.traderjoe95.mls.protocol.tree.TreeKem" time="0.001"/>
  <testcase name="the update path should be parent-hash valid" classname="com.github.traderjoe95.mls.protocol.tree.TreeKem" time="0.0"/>
  <testcase name="the tree hash after merging the update path should be f026eef40c320790c1e083e28683ff17db2889ab8a521a4040d316b88b27ea2b6fdc5d9c7bb87a8ba6aa9c14906cff370f4e068017a67b8a61e09b6eb20add6a" classname="com.github.traderjoe95.mls.protocol.tree.TreeKem" time="0.0"/>
  <testcase name="the decrypted path secret should be 2e706dded6c740a0ab124c45c56b36a93509b1d1ba1096f91fe2b188ea56bdf6751138c15b1b93dc522d9774839305b41c142cc67f58ba3d1f9368d49fb9df95" classname="com.github.traderjoe95.mls.protocol.tree.TreeKem" time="0.001"/>
  <testcase name="a new update path generated by the sender should be successfully processed" classname="com.github.traderjoe95.mls.protocol.tree.TreeKem" time="0.001"/>
  <testcase name="the update path should be parent-hash valid" classname="com.github.traderjoe95.mls.protocol.tree.TreeKem" time="0.0"/>
  <testcase name="the tree hash after merging the update path should be f026eef40c320790c1e083e28683ff17db2889ab8a521a4040d316b88b27ea2b6fdc5d9c7bb87a8ba6aa9c14906cff370f4e068017a67b8a61e09b6eb20add6a" classname="com.github.traderjoe95.mls.protocol.tree.TreeKem" time="0.001"/>
  <testcase name="the decrypted path secret should be 021be6214bb2546cac01533912c4320ce982c6c680014370466f2244b7d6727c40ff54aecf4c52eab4ca3975cae3fea54c7a261c371f7e38605855975e554187" classname="com.github.traderjoe95.mls.protocol.tree.TreeKem" time="0.001"/>
  <testcase name="a new update path generated by the sender should be successfully processed" classname="com.github.traderjoe95.mls.protocol.tree.TreeKem" time="0.001"/>
  <testcase name="the update path should be parent-hash valid" classname="com.github.traderjoe95.mls.protocol.tree.TreeKem" time="0.0"/>
  <testcase name="the tree hash after merging the update path should be f026eef40c320790c1e083e28683ff17db2889ab8a521a4040d316b88b27ea2b6fdc5d9c7bb87a8ba6aa9c14906cff370f4e068017a67b8a61e09b6eb20add6a" classname="com.github.traderjoe95.mls.protocol.tree.TreeKem" time="0.0"/>
  <testcase name="the decrypted path secret should be 021be6214bb2546cac01533912c4320ce982c6c680014370466f2244b7d6727c40ff54aecf4c52eab4ca3975cae3fea54c7a261c371f7e38605855975e554187" classname="com.github.traderjoe95.mls.protocol.tree.TreeKem" time="0.0"/>
  <testcase name="a new update path generated by the sender should be successfully processed" classname="com.github.traderjoe95.mls.protocol.tree.TreeKem" time="0.001"/>
  <testcase name="the update path should be parent-hash valid" classname="com.github.traderjoe95.mls.protocol.tree.TreeKem" time="0.0"/>
  <testcase name="the tree hash after merging the update path should be f026eef40c320790c1e083e28683ff17db2889ab8a521a4040d316b88b27ea2b6fdc5d9c7bb87a8ba6aa9c14906cff370f4e068017a67b8a61e09b6eb20add6a" classname="com.github.traderjoe95.mls.protocol.tree.TreeKem" time="0.001"/>
  <testcase name="the decrypted path secret should be 8a545e3ff778c03541b5abade0c29c13a54a0e471f96745b88976004239c9c5470b6485d49e9072455e0ba8876c16ec7c8689e0a4191b9ce96e386285a42afc8" classname="com.github.traderjoe95.mls.protocol.tree.TreeKem" time="0.001"/>
  <testcase name="a new update path generated by the sender should be successfully processed" classname="com.github.traderjoe95.mls.protocol.tree.TreeKem" time="0.001"/>
  <testcase name="non-blank leaf 0 should be consistent with the public state" classname="com.github.traderjoe95.mls.protocol.tree.TreeKem" time="0.002"/>
  <testcase name="non-blank leaf 1 should be consistent with the public state" classname="com.github.traderjoe95.mls.protocol.tree.TreeKem" time="0.001"/>
  <testcase name="non-blank leaf 2 should be consistent with the public state" classname="com.github.traderjoe95.mls.protocol.tree.TreeKem" time="0.002"/>
  <testcase name="non-blank leaf 3 should be consistent with the public state" classname="com.github.traderjoe95.mls.protocol.tree.TreeKem" time="0.002"/>
  <testcase name="non-blank leaf 4 should be consistent with the public state" classname="com.github.traderjoe95.mls.protocol.tree.TreeKem" time="0.002"/>
  <testcase name="non-blank leaf 5 should be consistent with the public state" classname="com.github.traderjoe95.mls.protocol.tree.TreeKem" time="0.002"/>
  <testcase name="non-blank leaf 6 should be consistent with the public state" classname="com.github.traderjoe95.mls.protocol.tree.TreeKem" time="0.001"/>
  <testcase name="non-blank leaf 7 should be consistent with the public state" classname="com.github.traderjoe95.mls.protocol.tree.TreeKem" time="0.0"/>
  <testcase name="the update path should be parent-hash valid" classname="com.github.traderjoe95.mls.protocol.tree.TreeKem" time="0.0"/>
  <testcase name="the tree hash after merging the update path should be 435800274322d4b034abb291a2a2f66404781694bb1ccec964dd416134279b7c7b0a70e6c337783b522605e6d44068c85b0bcc7fe63f8a0840cd49a3e05da23b" classname="com.github.traderjoe95.mls.protocol.tree.TreeKem" time="0.0"/>
  <testcase name="the decrypted path secret should be 1d25243acaf5958a18425b4ccc898679204631170b2131353e00ac14f0179b238122c7180ab99d6a6dfd1bb685c6cb9c4a1894b0534b4d0c52fcb1c3ad678148" classname="com.github.traderjoe95.mls.protocol.tree.TreeKem" time="0.001"/>
  <testcase name="a new update path generated by the sender should be successfully processed" classname="com.github.traderjoe95.mls.protocol.tree.TreeKem" time="0.001"/>
  <testcase name="the update path should be parent-hash valid" classname="com.github.traderjoe95.mls.protocol.tree.TreeKem" time="0.0"/>
  <testcase name="the tree hash after merging the update path should be 435800274322d4b034abb291a2a2f66404781694bb1ccec964dd416134279b7c7b0a70e6c337783b522605e6d44068c85b0bcc7fe63f8a0840cd49a3e05da23b" classname="com.github.traderjoe95.mls.protocol.tree.TreeKem" time="0.0"/>
  <testcase name="the decrypted path secret should be 34c26ec513691ca0b1e11c786d7f02cf7f837aa11c61d2adbd021328599c2b8a41981458678729724cc2ea86b6da1a7a603b6bdcffc02e2c79a8ff8336b7d71d" classname="com.github.traderjoe95.mls.protocol.tree.TreeKem" time="0.001"/>
  <testcase name="a new update path generated by the sender should be successfully processed" classname="com.github.traderjoe95.mls.protocol.tree.TreeKem" time="0.001"/>
  <testcase name="the update path should be parent-hash valid" classname="com.github.traderjoe95.mls.protocol.tree.TreeKem" time="0.0"/>
  <testcase name="the tree hash after merging the update path should be 435800274322d4b034abb291a2a2f66404781694bb1ccec964dd416134279b7c7b0a70e6c337783b522605e6d44068c85b0bcc7fe63f8a0840cd49a3e05da23b" classname="com.github.traderjoe95.mls.protocol.tree.TreeKem" time="0.001"/>
  <testcase name="the decrypted path secret should be 34c26ec513691ca0b1e11c786d7f02cf7f837aa11c61d2adbd021328599c2b8a41981458678729724cc2ea86b6da1a7a603b6bdcffc02e2c79a8ff8336b7d71d" classname="com.github.traderjoe95.mls.protocol.tree.TreeKem" time="0.001"/>
  <testcase name="a new update path generated by the sender should be successfully processed" classname="com.github.traderjoe95.mls.protocol.tree.TreeKem" time="0.001"/>
  <testcase name="the update path should be parent-hash valid" classname="com.github.traderjoe95.mls.protocol.tree.TreeKem" time="0.001"/>
  <testcase name="the tree hash after merging the update path should be 435800274322d4b034abb291a2a2f66404781694bb1ccec964dd416134279b7c7b0a70e6c337783b522605e6d44068c85b0bcc7fe63f8a0840cd49a3e05da23b" classname="com.github.traderjoe95.mls.protocol.tree.TreeKem" time="0.0"/>
  <testcase name="the decrypted path secret should be 80171ba520013c13a710743e9f58a51cac54e2434f40a5fc35dc71bbd6828281817bc2184bde275f2ce31b07005890cb34920b8e76ffb3912f43eafa4bfd65e8" classname="com.github.traderjoe95.mls.protocol.tree.TreeKem" time="0.001"/>
  <testcase name="a new update path generated by the sender should be successfully processed" classname="com.github.traderjoe95.mls.protocol.tree.TreeKem" time="0.001"/>
  <testcase name="the update path should be parent-hash valid" classname="com.github.traderjoe95.mls.protocol.tree.TreeKem" time="0.0"/>
  <testcase name="the tree hash after merging the update path should be 435800274322d4b034abb291a2a2f66404781694bb1ccec964dd416134279b7c7b0a70e6c337783b522605e6d44068c85b0bcc7fe63f8a0840cd49a3e05da23b" classname="com.github.traderjoe95.mls.protocol.tree.TreeKem" time="0.0"/>
  <testcase name="the decrypted path secret should be 80171ba520013c13a710743e9f58a51cac54e2434f40a5fc35dc71bbd6828281817bc2184bde275f2ce31b07005890cb34920b8e76ffb3912f43eafa4bfd65e8" classname="com.github.traderjoe95.mls.protocol.tree.TreeKem" time="0.0"/>
  <testcase name="a new update path generated by the sender should be successfully processed" classname="com.github.traderjoe95.mls.protocol.tree.TreeKem" time="0.001"/>
  <testcase name="the update path should be parent-hash valid" classname="com.github.traderjoe95.mls.protocol.tree.TreeKem" time="0.0"/>
  <testcase name="the tree hash after merging the update path should be 435800274322d4b034abb291a2a2f66404781694bb1ccec964dd416134279b7c7b0a70e6c337783b522605e6d44068c85b0bcc7fe63f8a0840cd49a3e05da23b" classname="com.github.traderjoe95.mls.protocol.tree.TreeKem" time="0.0"/>
  <testcase name="the decrypted path secret should be 80171ba520013c13a710743e9f58a51cac54e2434f40a5fc35dc71bbd6828281817bc2184bde275f2ce31b07005890cb34920b8e76ffb3912f43eafa4bfd65e8" classname="com.github.traderjoe95.mls.protocol.tree.TreeKem" time="0.001"/>
  <testcase name="a new update path generated by the sender should be successfully processed" classname="com.github.traderjoe95.mls.protocol.tree.TreeKem" time="0.001"/>
  <testcase name="the update path should be parent-hash valid" classname="com.github.traderjoe95.mls.protocol.tree.TreeKem" time="0.0"/>
  <testcase name="the tree hash after merging the update path should be 435800274322d4b034abb291a2a2f66404781694bb1ccec964dd416134279b7c7b0a70e6c337783b522605e6d44068c85b0bcc7fe63f8a0840cd49a3e05da23b" classname="com.github.traderjoe95.mls.protocol.tree.TreeKem" time="0.0"/>
  <testcase name="the decrypted path secret should be 80171ba520013c13a710743e9f58a51cac54e2434f40a5fc35dc71bbd6828281817bc2184bde275f2ce31b07005890cb34920b8e76ffb3912f43eafa4bfd65e8" classname="com.github.traderjoe95.mls.protocol.tree.TreeKem" time="0.001"/>
  <testcase name="a new update path generated by the sender should be successfully processed" classname="com.github.traderjoe95.mls.protocol.tree.TreeKem" time="0.001"/>
  <testcase name="the update path should be parent-hash valid" classname="com.github.traderjoe95.mls.protocol.tree.TreeKem" time="0.0"/>
  <testcase name="the tree hash after merging the update path should be e13ca3083124442164607b18f35042e9ed3334cd120a6a71d9cb578ed8628ef695d3a2255429758c9e5c092d4f59ddbd5535fb5e315ed52f3ebf278b10ff0ee4" classname="com.github.traderjoe95.mls.protocol.tree.TreeKem" time="0.0"/>
  <testcase name="the decrypted path secret should be 02931f37396f7bcbf323e97782accf082cb746c17c3743976837848b01e28b85ec6657d80f4f593671b7b1496043e2b64e5b8440158eaab8b7541d62ecb6bcef" classname="com.github.traderjoe95.mls.protocol.tree.TreeKem" time="0.001"/>
  <testcase name="a new update path generated by the sender should be successfully processed" classname="com.github.traderjoe95.mls.protocol.tree.TreeKem" time="0.001"/>
  <testcase name="the update path should be parent-hash valid" classname="com.github.traderjoe95.mls.protocol.tree.TreeKem" time="0.001"/>
  <testcase name="the tree hash after merging the update path should be e13ca3083124442164607b18f35042e9ed3334cd120a6a71d9cb578ed8628ef695d3a2255429758c9e5c092d4f59ddbd5535fb5e315ed52f3ebf278b10ff0ee4" classname="com.github.traderjoe95.mls.protocol.tree.TreeKem" time="0.001"/>
  <testcase name="the decrypted path secret should be 22642e10b2195d9ae2e6125a04a43a4b3baddb83f8cd4fb1a94c5086cdbaa871467d93714b98421f9c2438814a16fd09625ac1aeafba96854f431ed3f9b46985" classname="com.github.traderjoe95.mls.protocol.tree.TreeKem" time="0.001"/>
  <testcase name="a new update path generated by the sender should be successfully processed" classname="com.github.traderjoe95.mls.protocol.tree.TreeKem" time="0.001"/>
  <testcase name="the update path should be parent-hash valid" classname="com.github.traderjoe95.mls.protocol.tree.TreeKem" time="0.0"/>
  <testcase name="the tree hash after merging the update path should be e13ca3083124442164607b18f35042e9ed3334cd120a6a71d9cb578ed8628ef695d3a2255429758c9e5c092d4f59ddbd5535fb5e315ed52f3ebf278b10ff0ee4" classname="com.github.traderjoe95.mls.protocol.tree.TreeKem" time="0.001"/>
  <testcase name="the decrypted path secret should be 22642e10b2195d9ae2e6125a04a43a4b3baddb83f8cd4fb1a94c5086cdbaa871467d93714b98421f9c2438814a16fd09625ac1aeafba96854f431ed3f9b46985" classname="com.github.traderjoe95.mls.protocol.tree.TreeKem" time="0.001"/>
  <testcase name="a new update path generated by the sender should be successfully processed" classname="com.github.traderjoe95.mls.protocol.tree.TreeKem" time="0.001"/>
  <testcase name="the update path should be parent-hash valid" classname="com.github.traderjoe95.mls.protocol.tree.TreeKem" time="0.0"/>
  <testcase name="the tree hash after merging the update path should be e13ca3083124442164607b18f35042e9ed3334cd120a6a71d9cb578ed8628ef695d3a2255429758c9e5c092d4f59ddbd5535fb5e315ed52f3ebf278b10ff0ee4" classname="com.github.traderjoe95.mls.protocol.tree.TreeKem" time="0.0"/>
  <testcase name="the decrypted path secret should be 444c384f152c1d092d3d9c16d3954898b2ac6961e1d710c1a0998d77fab8e570a04e890a39458f57c9a819fc02037e391c32c4b85f01ca6cd3323e795142486a" classname="com.github.traderjoe95.mls.protocol.tree.TreeKem" time="0.001"/>
  <testcase name="a new update path generated by the sender should be successfully processed" classname="com.github.traderjoe95.mls.protocol.tree.TreeKem" time="0.001"/>
  <testcase name="the update path should be parent-hash valid" classname="com.github.traderjoe95.mls.protocol.tree.TreeKem" time="0.0"/>
  <testcase name="the tree hash after merging the update path should be e13ca3083124442164607b18f35042e9ed3334cd120a6a71d9cb578ed8628ef695d3a2255429758c9e5c092d4f59ddbd5535fb5e315ed52f3ebf278b10ff0ee4" classname="com.github.traderjoe95.mls.protocol.tree.TreeKem" time="0.0"/>
  <testcase name="the decrypted path secret should be 444c384f152c1d092d3d9c16d3954898b2ac6961e1d710c1a0998d77fab8e570a04e890a39458f57c9a819fc02037e391c32c4b85f01ca6cd3323e795142486a" classname="com.github.traderjoe95.mls.protocol.tree.TreeKem" time="0.001"/>
  <testcase name="a new update path generated by the sender should be successfully processed" classname="com.github.traderjoe95.mls.protocol.tree.TreeKem" time="0.001"/>
  <testcase name="the update path should be parent-hash valid" classname="com.github.traderjoe95.mls.protocol.tree.TreeKem" time="0.0"/>
  <testcase name="the tree hash after merging the update path should be e13ca3083124442164607b18f35042e9ed3334cd120a6a71d9cb578ed8628ef695d3a2255429758c9e5c092d4f59ddbd5535fb5e315ed52f3ebf278b10ff0ee4" classname="com.github.traderjoe95.mls.protocol.tree.TreeKem" time="0.0"/>
  <testcase name="the decrypted path secret should be 444c384f152c1d092d3d9c16d3954898b2ac6961e1d710c1a0998d77fab8e570a04e890a39458f57c9a819fc02037e391c32c4b85f01ca6cd3323e795142486a" classname="com.github.traderjoe95.mls.protocol.tree.TreeKem" time="0.001"/>
  <testcase name="a new update path generated by the sender should be successfully processed" classname="com.github.traderjoe95.mls.protocol.tree.TreeKem" time="0.001"/>
  <testcase name="the update path should be parent-hash valid" classname="com.github.traderjoe95.mls.protocol.tree.TreeKem" time="0.0"/>
  <testcase name="the tree hash after merging the update path should be e13ca3083124442164607b18f35042e9ed3334cd120a6a71d9cb578ed8628ef695d3a2255429758c9e5c092d4f59ddbd5535fb5e315ed52f3ebf278b10ff0ee4" classname="com.github.traderjoe95.mls.protocol.tree.TreeKem" time="0.0"/>
  <testcase name="the decrypted path secret should be 444c384f152c1d092d3d9c16d3954898b2ac6961e1d710c1a0998d77fab8e570a04e890a39458f57c9a819fc02037e391c32c4b85f01ca6cd3323e795142486a" classname="com.github.traderjoe95.mls.protocol.tree.TreeKem" time="0.001"/>
  <testcase name="a new update path generated by the sender should be successfully processed" classname="com.github.traderjoe95.mls.protocol.tree.TreeKem" time="0.001"/>
  <testcase name="the update path should be parent-hash valid" classname="com.github.traderjoe95.mls.protocol.tree.TreeKem" time="0.001"/>
  <testcase name="the tree hash after merging the update path should be b96c652e6490c23b4848581bb9635d12209467bbe6a9d426cb03d4f8319b100bf403f93c1666d3743fba338256dd87e75adebfd5462a816a9976887ae55f220f" classname="com.github.traderjoe95.mls.protocol.tree.TreeKem" time="0.0"/>
  <testcase name="the decrypted path secret should be f991086111f752406ced96a6ce137dc30bc6c85e458a30520db5dd098051e1edd7228456b492c43861964fa4b57793a546cd5668e4ea031fbc307ab2fdf22523" classname="com.github.traderjoe95.mls.protocol.tree.TreeKem" time="0.001"/>
  <testcase name="a new update path generated by the sender should be successfully processed" classname="com.github.traderjoe95.mls.protocol.tree.TreeKem" time="0.002"/>
  <testcase name="the update path should be parent-hash valid" classname="com.github.traderjoe95.mls.protocol.tree.TreeKem" time="0.0"/>
  <testcase name="the tree hash after merging the update path should be b96c652e6490c23b4848581bb9635d12209467bbe6a9d426cb03d4f8319b100bf403f93c1666d3743fba338256dd87e75adebfd5462a816a9976887ae55f220f" classname="com.github.traderjoe95.mls.protocol.tree.TreeKem" time="0.001"/>
  <testcase name="the decrypted path secret should be f991086111f752406ced96a6ce137dc30bc6c85e458a30520db5dd098051e1edd7228456b492c43861964fa4b57793a546cd5668e4ea031fbc307ab2fdf22523" classname="com.github.traderjoe95.mls.protocol.tree.TreeKem" time="0.001"/>
  <testcase name="a new update path generated by the sender should be successfully processed" classname="com.github.traderjoe95.mls.protocol.tree.TreeKem" time="0.0"/>
  <testcase name="the update path should be parent-hash valid" classname="com.github.traderjoe95.mls.protocol.tree.TreeKem" time="0.001"/>
  <testcase name="the tree hash after merging the update path should be b96c652e6490c23b4848581bb9635d12209467bbe6a9d426cb03d4f8319b100bf403f93c1666d3743fba338256dd87e75adebfd5462a816a9976887ae55f220f" classname="com.github.traderjoe95.mls.protocol.tree.TreeKem" time="0.0"/>
  <testcase name="the decrypted path secret should be 78ad8bc01d9cdba1c80d2ba9be70e07d936e1270be27e1f004d9edb4d8033077d8c567c6a0d25c140a2797a8aa2d2e821b0f78354c701908dc37a112bfcd6b86" classname="com.github.traderjoe95.mls.protocol.tree.TreeKem" time="0.001"/>
  <testcase name="a new update path generated by the sender should be successfully processed" classname="com.github.traderjoe95.mls.protocol.tree.TreeKem" time="0.001"/>
  <testcase name="the update path should be parent-hash valid" classname="com.github.traderjoe95.mls.protocol.tree.TreeKem" time="0.0"/>
  <testcase name="the tree hash after merging the update path should be b96c652e6490c23b4848581bb9635d12209467bbe6a9d426cb03d4f8319b100bf403f93c1666d3743fba338256dd87e75adebfd5462a816a9976887ae55f220f" classname="com.github.traderjoe95.mls.protocol.tree.TreeKem" time="0.0"/>
  <testcase name="the decrypted path secret should be 971bf4bff2e562d56a4714880fdca3d1fdd9514ecd84c818bf32ad7aadbf48e986ffbbf39adbecfac3f8f4f6341bff1f3201e65451c3691f90e617869a4aa7d5" classname="com.github.traderjoe95.mls.protocol.tree.TreeKem" time="0.0"/>
  <testcase name="a new update path generated by the sender should be successfully processed" classname="com.github.traderjoe95.mls.protocol.tree.TreeKem" time="0.001"/>
  <testcase name="the update path should be parent-hash valid" classname="com.github.traderjoe95.mls.protocol.tree.TreeKem" time="0.0"/>
  <testcase name="the tree hash after merging the update path should be b96c652e6490c23b4848581bb9635d12209467bbe6a9d426cb03d4f8319b100bf403f93c1666d3743fba338256dd87e75adebfd5462a816a9976887ae55f220f" classname="com.github.traderjoe95.mls.protocol.tree.TreeKem" time="0.0"/>
  <testcase name="the decrypted path secret should be 971bf4bff2e562d56a4714880fdca3d1fdd9514ecd84c818bf32ad7aadbf48e986ffbbf39adbecfac3f8f4f6341bff1f3201e65451c3691f90e617869a4aa7d5" classname="com.github.traderjoe95.mls.protocol.tree.TreeKem" time="0.0"/>
  <testcase name="a new update path generated by the sender should be successfully processed" classname="com.github.traderjoe95.mls.protocol.tree.TreeKem" time="0.001"/>
  <testcase name="the update path should be parent-hash valid" classname="com.github.traderjoe95.mls.protocol.tree.TreeKem" time="0.0"/>
  <testcase name="the tree hash after merging the update path should be b96c652e6490c23b4848581bb9635d12209467bbe6a9d426cb03d4f8319b100bf403f93c1666d3743fba338256dd87e75adebfd5462a816a9976887ae55f220f" classname="com.github.traderjoe95.mls.protocol.tree.TreeKem" time="0.0"/>
  <testcase name="the decrypted path secret should be 971bf4bff2e562d56a4714880fdca3d1fdd9514ecd84c818bf32ad7aadbf48e986ffbbf39adbecfac3f8f4f6341bff1f3201e65451c3691f90e617869a4aa7d5" classname="com.github.traderjoe95.mls.protocol.tree.TreeKem" time="0.001"/>
  <testcase name="a new update path generated by the sender should be successfully processed" classname="com.github.traderjoe95.mls.protocol.tree.TreeKem" time="0.001"/>
  <testcase name="the update path should be parent-hash valid" classname="com.github.traderjoe95.mls.protocol.tree.TreeKem" time="0.001"/>
  <testcase name="the tree hash after merging the update path should be b96c652e6490c23b4848581bb9635d12209467bbe6a9d426cb03d4f8319b100bf403f93c1666d3743fba338256dd87e75adebfd5462a816a9976887ae55f220f" classname="com.github.traderjoe95.mls.protocol.tree.TreeKem" time="0.0"/>
  <testcase name="the decrypted path secret should be 971bf4bff2e562d56a4714880fdca3d1fdd9514ecd84c818bf32ad7aadbf48e986ffbbf39adbecfac3f8f4f6341bff1f3201e65451c3691f90e617869a4aa7d5" classname="com.github.traderjoe95.mls.protocol.tree.TreeKem" time="0.001"/>
  <testcase name="a new update path generated by the sender should be successfully processed" classname="com.github.traderjoe95.mls.protocol.tree.TreeKem" time="0.001"/>
  <testcase name="the update path should be parent-hash valid" classname="com.github.traderjoe95.mls.protocol.tree.TreeKem" time="0.001"/>
  <testcase name="the tree hash after merging the update path should be 88aa354deac70a9343cbbaff6df90a57d698b8c16d913efd602b3340946a8115c5b47844fd38cfb955b282a7de585ad9af22ab51843142e90f5e5c67cbca3301" classname="com.github.traderjoe95.mls.protocol.tree.TreeKem" time="0.001"/>
  <testcase name="the decrypted path secret should be deaaa15e8690b3cc31c9baf0c873d57ff87a1805759902112286237d43ae8e9150265f0af6febc3f9998f09681d4c8c0132f919dc9279fe52a8bd041d17a42d9" classname="com.github.traderjoe95.mls.protocol.tree.TreeKem" time="0.001"/>
  <testcase name="a new update path generated by the sender should be successfully processed" classname="com.github.traderjoe95.mls.protocol.tree.TreeKem" time="0.001"/>
  <testcase name="the update path should be parent-hash valid" classname="com.github.traderjoe95.mls.protocol.tree.TreeKem" time="0.0"/>
  <testcase name="the tree hash after merging the update path should be 88aa354deac70a9343cbbaff6df90a57d698b8c16d913efd602b3340946a8115c5b47844fd38cfb955b282a7de585ad9af22ab51843142e90f5e5c67cbca3301" classname="com.github.traderjoe95.mls.protocol.tree.TreeKem" time="0.0"/>
  <testcase name="the decrypted path secret should be deaaa15e8690b3cc31c9baf0c873d57ff87a1805759902112286237d43ae8e9150265f0af6febc3f9998f09681d4c8c0132f919dc9279fe52a8bd041d17a42d9" classname="com.github.traderjoe95.mls.protocol.tree.TreeKem" time="0.001"/>
  <testcase name="a new update path generated by the sender should be successfully processed" classname="com.github.traderjoe95.mls.protocol.tree.TreeKem" time="0.001"/>
  <testcase name="the update path should be parent-hash valid" classname="com.github.traderjoe95.mls.protocol.tree.TreeKem" time="0.001"/>
  <testcase name="the tree hash after merging the update path should be 88aa354deac70a9343cbbaff6df90a57d698b8c16d913efd602b3340946a8115c5b47844fd38cfb955b282a7de585ad9af22ab51843142e90f5e5c67cbca3301" classname="com.github.traderjoe95.mls.protocol.tree.TreeKem" time="0.0"/>
  <testcase name="the decrypted path secret should be ea3c4e2b6ecb5436bd18006439b20711894b1a8f81b102cd7a4e7fd49dd00301684ef241b5f4983288015e610ed488da529ae65dbdab7b64006a13dac8c2b83c" classname="com.github.traderjoe95.mls.protocol.tree.TreeKem" time="0.001"/>
  <testcase name="a new update path generated by the sender should be successfully processed" classname="com.github.traderjoe95.mls.protocol.tree.TreeKem" time="0.001"/>
  <testcase name="the update path should be parent-hash valid" classname="com.github.traderjoe95.mls.protocol.tree.TreeKem" time="0.001"/>
  <testcase name="the tree hash after merging the update path should be 88aa354deac70a9343cbbaff6df90a57d698b8c16d913efd602b3340946a8115c5b47844fd38cfb955b282a7de585ad9af22ab51843142e90f5e5c67cbca3301" classname="com.github.traderjoe95.mls.protocol.tree.TreeKem" time="0.0"/>
  <testcase name="the decrypted path secret should be e03f676c22ffcca256d6f3f3a038b672bd5631b03650ec9a2c445ebf9ae546d214f3c1ce9d2feb839107e492e06c501a8c0e98a4e8bb02e8ebb1662391d52d1d" classname="com.github.traderjoe95.mls.protocol.tree.TreeKem" time="0.001"/>
  <testcase name="a new update path generated by the sender should be successfully processed" classname="com.github.traderjoe95.mls.protocol.tree.TreeKem" time="0.001"/>
  <testcase name="the update path should be parent-hash valid" classname="com.github.traderjoe95.mls.protocol.tree.TreeKem" time="0.0"/>
  <testcase name="the tree hash after merging the update path should be 88aa354deac70a9343cbbaff6df90a57d698b8c16d913efd602b3340946a8115c5b47844fd38cfb955b282a7de585ad9af22ab51843142e90f5e5c67cbca3301" classname="com.github.traderjoe95.mls.protocol.tree.TreeKem" time="0.0"/>
  <testcase name="the decrypted path secret should be e03f676c22ffcca256d6f3f3a038b672bd5631b03650ec9a2c445ebf9ae546d214f3c1ce9d2feb839107e492e06c501a8c0e98a4e8bb02e8ebb1662391d52d1d" classname="com.github.traderjoe95.mls.protocol.tree.TreeKem" time="0.0"/>
  <testcase name="a new update path generated by the sender should be successfully processed" classname="com.github.traderjoe95.mls.protocol.tree.TreeKem" time="0.001"/>
  <testcase name="the update path should be parent-hash valid" classname="com.github.traderjoe95.mls.protocol.tree.TreeKem" time="0.0"/>
  <testcase name="the tree hash after merging the update path should be 88aa354deac70a9343cbbaff6df90a57d698b8c16d913efd602b3340946a8115c5b47844fd38cfb955b282a7de585ad9af22ab51843142e90f5e5c67cbca3301" classname="com.github.traderjoe95.mls.protocol.tree.TreeKem" time="0.001"/>
  <testcase name="the decrypted path secret should be e03f676c22ffcca256d6f3f3a038b672bd5631b03650ec9a2c445ebf9ae546d214f3c1ce9d2feb839107e492e06c501a8c0e98a4e8bb02e8ebb1662391d52d1d" classname="com.github.traderjoe95.mls.protocol.tree.TreeKem" time="0.001"/>
  <testcase name="a new update path generated by the sender should be successfully processed" classname="com.github.traderjoe95.mls.protocol.tree.TreeKem" time="0.001"/>
  <testcase name="the update path should be parent-hash valid" classname="com.github.traderjoe95.mls.protocol.tree.TreeKem" time="0.0"/>
  <testcase name="the tree hash after merging the update path should be 88aa354deac70a9343cbbaff6df90a57d698b8c16d913efd602b3340946a8115c5b47844fd38cfb955b282a7de585ad9af22ab51843142e90f5e5c67cbca3301" classname="com.github.traderjoe95.mls.protocol.tree.TreeKem" time="0.0"/>
  <testcase name="the decrypted path secret should be e03f676c22ffcca256d6f3f3a038b672bd5631b03650ec9a2c445ebf9ae546d214f3c1ce9d2feb839107e492e06c501a8c0e98a4e8bb02e8ebb1662391d52d1d" classname="com.github.traderjoe95.mls.protocol.tree.TreeKem" time="0.0"/>
  <testcase name="a new update path generated by the sender should be successfully processed" classname="com.github.traderjoe95.mls.protocol.tree.TreeKem" time="0.001"/>
  <testcase name="the update path should be parent-hash valid" classname="com.github.traderjoe95.mls.protocol.tree.TreeKem" time="0.0"/>
  <testcase name="the tree hash after merging the update path should be c5c128b119d41c757ac93db79bb2a9a020d7d42566efafe7587ef42d2fe11b1a530a866351432ddce905256d617602d1346de319c2fdbbabb1d5796632f74882" classname="com.github.traderjoe95.mls.protocol.tree.TreeKem" time="0.001"/>
  <testcase name="the decrypted path secret should be d6103a729d7af9156bc635e4a3a102e66fb0e6e7ac9d7a646de0cda975052348733e1d5e513eba3d2e3cb90208d428e906f012c13df512fda5e11a9f3e53f2dd" classname="com.github.traderjoe95.mls.protocol.tree.TreeKem" time="0.001"/>
  <testcase name="a new update path generated by the sender should be successfully processed" classname="com.github.traderjoe95.mls.protocol.tree.TreeKem" time="0.001"/>
  <testcase name="the update path should be parent-hash valid" classname="com.github.traderjoe95.mls.protocol.tree.TreeKem" time="0.001"/>
  <testcase name="the tree hash after merging the update path should be c5c128b119d41c757ac93db79bb2a9a020d7d42566efafe7587ef42d2fe11b1a530a866351432ddce905256d617602d1346de319c2fdbbabb1d5796632f74882" classname="com.github.traderjoe95.mls.protocol.tree.TreeKem" time="0.001"/>
  <testcase name="the decrypted path secret should be d6103a729d7af9156bc635e4a3a102e66fb0e6e7ac9d7a646de0cda975052348733e1d5e513eba3d2e3cb90208d428e906f012c13df512fda5e11a9f3e53f2dd" classname="com.github.traderjoe95.mls.protocol.tree.TreeKem" time="0.001"/>
  <testcase name="a new update path generated by the sender should be successfully processed" classname="com.github.traderjoe95.mls.protocol.tree.TreeKem" time="0.0"/>
  <testcase name="the update path should be parent-hash valid" classname="com.github.traderjoe95.mls.protocol.tree.TreeKem" time="0.0"/>
  <testcase name="the tree hash after merging the update path should be c5c128b119d41c757ac93db79bb2a9a020d7d42566efafe7587ef42d2fe11b1a530a866351432ddce905256d617602d1346de319c2fdbbabb1d5796632f74882" classname="com.github.traderjoe95.mls.protocol.tree.TreeKem" time="0.001"/>
  <testcase name="the decrypted path secret should be d6103a729d7af9156bc635e4a3a102e66fb0e6e7ac9d7a646de0cda975052348733e1d5e513eba3d2e3cb90208d428e906f012c13df512fda5e11a9f3e53f2dd" classname="com.github.traderjoe95.mls.protocol.tree.TreeKem" time="0.001"/>
  <testcase name="a new update path generated by the sender should be successfully processed" classname="com.github.traderjoe95.mls.protocol.tree.TreeKem" time="0.001"/>
  <testcase name="the update path should be parent-hash valid" classname="com.github.traderjoe95.mls.protocol.tree.TreeKem" time="0.0"/>
  <testcase name="the tree hash after merging the update path should be c5c128b119d41c757ac93db79bb2a9a020d7d42566efafe7587ef42d2fe11b1a530a866351432ddce905256d617602d1346de319c2fdbbabb1d5796632f74882" classname="com.github.traderjoe95.mls.protocol.tree.TreeKem" time="0.001"/>
  <testcase name="the decrypted path secret should be d6103a729d7af9156bc635e4a3a102e66fb0e6e7ac9d7a646de0cda975052348733e1d5e513eba3d2e3cb90208d428e906f012c13df512fda5e11a9f3e53f2dd" classname="com.github.traderjoe95.mls.protocol.tree.TreeKem" time="0.001"/>
  <testcase name="a new update path generated by the sender should be successfully processed" classname="com.github.traderjoe95.mls.protocol.tree.TreeKem" time="0.001"/>
  <testcase name="the update path should be parent-hash valid" classname="com.github.traderjoe95.mls.protocol.tree.TreeKem" time="0.0"/>
  <testcase name="the tree hash after merging the update path should be c5c128b119d41c757ac93db79bb2a9a020d7d42566efafe7587ef42d2fe11b1a530a866351432ddce905256d617602d1346de319c2fdbbabb1d5796632f74882" classname="com.github.traderjoe95.mls.protocol.tree.TreeKem" time="0.0"/>
  <testcase name="the decrypted path secret should be d3eb43026f07ebbdfcbbddbd3f12061be0821e3c3ebd6eaff7fbda97fd639d32c99690e98c5b3c66c02d62a78ce962b21d732f6b6c7cc27590115a2984c4d379" classname="com.github.traderjoe95.mls.protocol.tree.TreeKem" time="0.001"/>
  <testcase name="a new update path generated by the sender should be successfully processed" classname="com.github.traderjoe95.mls.protocol.tree.TreeKem" time="0.001"/>
  <testcase name="the update path should be parent-hash valid" classname="com.github.traderjoe95.mls.protocol.tree.TreeKem" time="0.001"/>
  <testcase name="the tree hash after merging the update path should be c5c128b119d41c757ac93db79bb2a9a020d7d42566efafe7587ef42d2fe11b1a530a866351432ddce905256d617602d1346de319c2fdbbabb1d5796632f74882" classname="com.github.traderjoe95.mls.protocol.tree.TreeKem" time="0.001"/>
  <testcase name="the decrypted path secret should be 8873af2e1a8ec8cd936ed38258cb69dd29d510bda2b49c57d76f12943bf08f0dda56db4f5672f87a65f6f1957cabed4338f5cbbf98cade4c6d8dc280decb22ab" classname="com.github.traderjoe95.mls.protocol.tree.TreeKem" time="0.001"/>
  <testcase name="a new update path generated by the sender should be successfully processed" classname="com.github.traderjoe95.mls.protocol.tree.TreeKem" time="0.002"/>
  <testcase name="the update path should be parent-hash valid" classname="com.github.traderjoe95.mls.protocol.tree.TreeKem" time="0.0"/>
  <testcase name="the tree hash after merging the update path should be c5c128b119d41c757ac93db79bb2a9a020d7d42566efafe7587ef42d2fe11b1a530a866351432ddce905256d617602d1346de319c2fdbbabb1d5796632f74882" classname="com.github.traderjoe95.mls.protocol.tree.TreeKem" time="0.0"/>
  <testcase name="the decrypted path secret should be 8873af2e1a8ec8cd936ed38258cb69dd29d510bda2b49c57d76f12943bf08f0dda56db4f5672f87a65f6f1957cabed4338f5cbbf98cade4c6d8dc280decb22ab" classname="com.github.traderjoe95.mls.protocol.tree.TreeKem" time="0.001"/>
  <testcase name="a new update path generated by the sender should be successfully processed" classname="com.github.traderjoe95.mls.protocol.tree.TreeKem" time="0.001"/>
  <testcase name="the update path should be parent-hash valid" classname="com.github.traderjoe95.mls.protocol.tree.TreeKem" time="0.0"/>
  <testcase name="the tree hash after merging the update path should be 3b962de6ee1eb3751f01a703d19cd4585e246d07f0707e587a3b6b300284129afbb64625bf9aaca038b8e0f504904ad426b069130bf426ec1382512a79c8ae6e" classname="com.github.traderjoe95.mls.protocol.tree.TreeKem" time="0.0"/>
  <testcase name="the decrypted path secret should be a2e511a42906b1220daa3b2ce4fc64d876fbb2324be4b7eab3db0e42d197efaacba748e43abf934fb38ab841d968296aed4772bdd90bceea5f2f7c89c2f4e2cf" classname="com.github.traderjoe95.mls.protocol.tree.TreeKem" time="0.007"/>
  <testcase name="a new update path generated by the sender should be successfully processed" classname="com.github.traderjoe95.mls.protocol.tree.TreeKem" time="0.001"/>
  <testcase name="the update path should be parent-hash valid" classname="com.github.traderjoe95.mls.protocol.tree.TreeKem" time="0.001"/>
  <testcase name="the tree hash after merging the update path should be 3b962de6ee1eb3751f01a703d19cd4585e246d07f0707e587a3b6b300284129afbb64625bf9aaca038b8e0f504904ad426b069130bf426ec1382512a79c8ae6e" classname="com.github.traderjoe95.mls.protocol.tree.TreeKem" time="0.001"/>
  <testcase name="the decrypted path secret should be a2e511a42906b1220daa3b2ce4fc64d876fbb2324be4b7eab3db0e42d197efaacba748e43abf934fb38ab841d968296aed4772bdd90bceea5f2f7c89c2f4e2cf" classname="com.github.traderjoe95.mls.protocol.tree.TreeKem" time="0.001"/>
  <testcase name="a new update path generated by the sender should be successfully processed" classname="com.github.traderjoe95.mls.protocol.tree.TreeKem" time="0.001"/>
  <testcase name="the update path should be parent-hash valid" classname="com.github.traderjoe95.mls.protocol.tree.TreeKem" time="0.0"/>
  <testcase name="the tree hash after merging the update path should be 3b962de6ee1eb3751f01a703d19cd4585e246d07f0707e587a3b6b300284129afbb64625bf9aaca038b8e0f504904ad426b069130bf426ec1382512a79c8ae6e" classname="com.github.traderjoe95.mls.protocol.tree.TreeKem" time="0.0"/>
  <testcase name="the decrypted path secret should be a2e511a42906b1220daa3b2ce4fc64d876fbb2324be4b7eab3db0e42d197efaacba748e43abf934fb38ab841d968296aed4772bdd90bceea5f2f7c89c2f4e2cf" classname="com.github.traderjoe95.mls.protocol.tree.TreeKem" time="0.001"/>
  <testcase name="a new update path generated by the sender should be successfully processed" classname="com.github.traderjoe95.mls.protocol.tree.TreeKem" time="0.001"/>
  <testcase name="the update path should be parent-hash valid" classname="com.github.traderjoe95.mls.protocol.tree.TreeKem" time="0.001"/>
  <testcase name="the tree hash after merging the update path should be 3b962de6ee1eb3751f01a703d19cd4585e246d07f0707e587a3b6b300284129afbb64625bf9aaca038b8e0f504904ad426b069130bf426ec1382512a79c8ae6e" classname="com.github.traderjoe95.mls.protocol.tree.TreeKem" time="0.001"/>
  <testcase name="the decrypted path secret should be a2e511a42906b1220daa3b2ce4fc64d876fbb2324be4b7eab3db0e42d197efaacba748e43abf934fb38ab841d968296aed4772bdd90bceea5f2f7c89c2f4e2cf" classname="com.github.traderjoe95.mls.protocol.tree.TreeKem" time="0.001"/>
  <testcase name="a new update path generated by the sender should be successfully processed" classname="com.github.traderjoe95.mls.protocol.tree.TreeKem" time="0.001"/>
  <testcase name="the update path should be parent-hash valid" classname="com.github.traderjoe95.mls.protocol.tree.TreeKem" time="0.001"/>
  <testcase name="the tree hash after merging the update path should be 3b962de6ee1eb3751f01a703d19cd4585e246d07f0707e587a3b6b300284129afbb64625bf9aaca038b8e0f504904ad426b069130bf426ec1382512a79c8ae6e" classname="com.github.traderjoe95.mls.protocol.tree.TreeKem" time="0.0"/>
  <testcase name="the decrypted path secret should be fa2e74cc789c005b05b6219f29886b7536dcf64ee80eb9901402a8b365d5dc9a4b51a973a2bedd4f6e0106799017a978830504aef7da2b153ba386764b430e8b" classname="com.github.traderjoe95.mls.protocol.tree.TreeKem" time="0.001"/>
  <testcase name="a new update path generated by the sender should be successfully processed" classname="com.github.traderjoe95.mls.protocol.tree.TreeKem" time="0.001"/>
  <testcase name="the update path should be parent-hash valid" classname="com.github.traderjoe95.mls.protocol.tree.TreeKem" time="0.0"/>
  <testcase name="the tree hash after merging the update path should be 3b962de6ee1eb3751f01a703d19cd4585e246d07f0707e587a3b6b300284129afbb64625bf9aaca038b8e0f504904ad426b069130bf426ec1382512a79c8ae6e" classname="com.github.traderjoe95.mls.protocol.tree.TreeKem" time="0.0"/>
  <testcase name="the decrypted path secret should be 31bcb9da845fa770b42628aa5896cad572a36ec5d837420a3b71a83c0e4aafc3dd20d128deeede9d70202cb245e234c806fafab656bad5cb4731ae064e73eb2a" classname="com.github.traderjoe95.mls.protocol.tree.TreeKem" time="0.0"/>
  <testcase name="a new update path generated by the sender should be successfully processed" classname="com.github.traderjoe95.mls.protocol.tree.TreeKem" time="0.001"/>
  <testcase name="the update path should be parent-hash valid" classname="com.github.traderjoe95.mls.protocol.tree.TreeKem" time="0.0"/>
  <testcase name="the tree hash after merging the update path should be 3b962de6ee1eb3751f01a703d19cd4585e246d07f0707e587a3b6b300284129afbb64625bf9aaca038b8e0f504904ad426b069130bf426ec1382512a79c8ae6e" classname="com.github.traderjoe95.mls.protocol.tree.TreeKem" time="0.001"/>
  <testcase name="the decrypted path secret should be 31bcb9da845fa770b42628aa5896cad572a36ec5d837420a3b71a83c0e4aafc3dd20d128deeede9d70202cb245e234c806fafab656bad5cb4731ae064e73eb2a" classname="com.github.traderjoe95.mls.protocol.tree.TreeKem" time="0.001"/>
  <testcase name="a new update path generated by the sender should be successfully processed" classname="com.github.traderjoe95.mls.protocol.tree.TreeKem" time="0.001"/>
  <testcase name="the update path should be parent-hash valid" classname="com.github.traderjoe95.mls.protocol.tree.TreeKem" time="0.0"/>
  <testcase name="the tree hash after merging the update path should be ecdaa17b9a5b7fef866265538875ef9085d2c0c54a565bb609a629a70a2e078c78e7903b5194546dbd793f5cdc9181a9270cf171b1378c06d8bc7f14adccf7df" classname="com.github.traderjoe95.mls.protocol.tree.TreeKem" time="0.0"/>
  <testcase name="the decrypted path secret should be fc69414e5356e0123699d323e157d39e92ae3a2526b59fb1f3813289c17933f2b9d6ac395237ceeffd7dcf4199da7962fe0d3e859145ce708e8f5c48b42abe2e" classname="com.github.traderjoe95.mls.protocol.tree.TreeKem" time="0.0"/>
  <testcase name="a new update path generated by the sender should be successfully processed" classname="com.github.traderjoe95.mls.protocol.tree.TreeKem" time="0.001"/>
  <testcase name="the update path should be parent-hash valid" classname="com.github.traderjoe95.mls.protocol.tree.TreeKem" time="0.0"/>
  <testcase name="the tree hash after merging the update path should be ecdaa17b9a5b7fef866265538875ef9085d2c0c54a565bb609a629a70a2e078c78e7903b5194546dbd793f5cdc9181a9270cf171b1378c06d8bc7f14adccf7df" classname="com.github.traderjoe95.mls.protocol.tree.TreeKem" time="0.001"/>
  <testcase name="the decrypted path secret should be fc69414e5356e0123699d323e157d39e92ae3a2526b59fb1f3813289c17933f2b9d6ac395237ceeffd7dcf4199da7962fe0d3e859145ce708e8f5c48b42abe2e" classname="com.github.traderjoe95.mls.protocol.tree.TreeKem" time="0.001"/>
  <testcase name="a new update path generated by the sender should be successfully processed" classname="com.github.traderjoe95.mls.protocol.tree.TreeKem" time="0.0"/>
  <testcase name="the update path should be parent-hash valid" classname="com.github.traderjoe95.mls.protocol.tree.TreeKem" time="0.001"/>
  <testcase name="the tree hash after merging the update path should be ecdaa17b9a5b7fef866265538875ef9085d2c0c54a565bb609a629a70a2e078c78e7903b5194546dbd793f5cdc9181a9270cf171b1378c06d8bc7f14adccf7df" classname="com.github.traderjoe95.mls.protocol.tree.TreeKem" time="0.001"/>
  <testcase name="the decrypted path secret should be fc69414e5356e0123699d323e157d39e92ae3a2526b59fb1f3813289c17933f2b9d6ac395237ceeffd7dcf4199da7962fe0d3e859145ce708e8f5c48b42abe2e" classname="com.github.traderjoe95.mls.protocol.tree.TreeKem" time="0.001"/>
  <testcase name="a new update path generated by the sender should be successfully processed" classname="com.github.traderjoe95.mls.protocol.tree.TreeKem" time="0.001"/>
  <testcase name="the update path should be parent-hash valid" classname="com.github.traderjoe95.mls.protocol.tree.TreeKem" time="0.0"/>
  <testcase name="the tree hash after merging the update path should be ecdaa17b9a5b7fef866265538875ef9085d2c0c54a565bb609a629a70a2e078c78e7903b5194546dbd793f5cdc9181a9270cf171b1378c06d8bc7f14adccf7df" classname="com.github.traderjoe95.mls.protocol.tree.TreeKem" time="0.001"/>
  <testcase name="the decrypted path secret should be fc69414e5356e0123699d323e157d39e92ae3a2526b59fb1f3813289c17933f2b9d6ac395237ceeffd7dcf4199da7962fe0d3e859145ce708e8f5c48b42abe2e" classname="com.github.traderjoe95.mls.protocol.tree.TreeKem" time="0.001"/>
  <testcase name="a new update path generated by the sender should be successfully processed" classname="com.github.traderjoe95.mls.protocol.tree.TreeKem" time="0.001"/>
  <testcase name="the update path should be parent-hash valid" classname="com.github.traderjoe95.mls.protocol.tree.TreeKem" time="0.0"/>
  <testcase name="the tree hash after merging the update path should be ecdaa17b9a5b7fef866265538875ef9085d2c0c54a565bb609a629a70a2e078c78e7903b5194546dbd793f5cdc9181a9270cf171b1378c06d8bc7f14adccf7df" classname="com.github.traderjoe95.mls.protocol.tree.TreeKem" time="0.0"/>
  <testcase name="the decrypted path secret should be 070c626da97401a8b03912d5a543d80ff063ce10281220a5c2b2b2caac4879d1dceda12771e8f6f1e10e99d935a2d9478bbc4076f89526a7f2727edf02a7de5b" classname="com.github.traderjoe95.mls.protocol.tree.TreeKem" time="0.0"/>
  <testcase name="a new update path generated by the sender should be successfully processed" classname="com.github.traderjoe95.mls.protocol.tree.TreeKem" time="0.001"/>
  <testcase name="the update path should be parent-hash valid" classname="com.github.traderjoe95.mls.protocol.tree.TreeKem" time="0.0"/>
  <testcase name="the tree hash after merging the update path should be ecdaa17b9a5b7fef866265538875ef9085d2c0c54a565bb609a629a70a2e078c78e7903b5194546dbd793f5cdc9181a9270cf171b1378c06d8bc7f14adccf7df" classname="com.github.traderjoe95.mls.protocol.tree.TreeKem" time="0.0"/>
  <testcase name="the decrypted path secret should be 070c626da97401a8b03912d5a543d80ff063ce10281220a5c2b2b2caac4879d1dceda12771e8f6f1e10e99d935a2d9478bbc4076f89526a7f2727edf02a7de5b" classname="com.github.traderjoe95.mls.protocol.tree.TreeKem" time="0.001"/>
  <testcase name="a new update path generated by the sender should be successfully processed" classname="com.github.traderjoe95.mls.protocol.tree.TreeKem" time="0.002"/>
  <testcase name="the update path should be parent-hash valid" classname="com.github.traderjoe95.mls.protocol.tree.TreeKem" time="0.0"/>
  <testcase name="the tree hash after merging the update path should be ecdaa17b9a5b7fef866265538875ef9085d2c0c54a565bb609a629a70a2e078c78e7903b5194546dbd793f5cdc9181a9270cf171b1378c06d8bc7f14adccf7df" classname="com.github.traderjoe95.mls.protocol.tree.TreeKem" time="0.0"/>
  <testcase name="the decrypted path secret should be 929dfc7ab8ff8638f74997388baa7a7d706b45a1f1a11d019b9d0cdfe2606c269278159915af90e89f2d4aea781d0a1edd401d88324c7efc7a5bd6931a508f25" classname="com.github.traderjoe95.mls.protocol.tree.TreeKem" time="0.001"/>
  <testcase name="a new update path generated by the sender should be successfully processed" classname="com.github.traderjoe95.mls.protocol.tree.TreeKem" time="0.001"/>
  <testcase name="the update path should be parent-hash valid" classname="com.github.traderjoe95.mls.protocol.tree.TreeKem" time="0.0"/>
  <testcase name="the tree hash after merging the update path should be d95f9995dabcb8998157aadb41ce09d113b6d05a498f6725cedc830c04f40f4bc8bf1114510cf8cfd8e4e2fef534ddd6c16ce4457aea80907ab3f6ae4374c09d" classname="com.github.traderjoe95.mls.protocol.tree.TreeKem" time="0.001"/>
  <testcase name="the decrypted path secret should be 2e706dded6c740a0ab124c45c56b36a93509b1d1ba1096f91fe2b188ea56bdf6751138c15b1b93dc522d9774839305b41c142cc67f58ba3d1f9368d49fb9df95" classname="com.github.traderjoe95.mls.protocol.tree.TreeKem" time="0.001"/>
  <testcase name="a new update path generated by the sender should be successfully processed" classname="com.github.traderjoe95.mls.protocol.tree.TreeKem" time="0.001"/>
  <testcase name="the update path should be parent-hash valid" classname="com.github.traderjoe95.mls.protocol.tree.TreeKem" time="0.0"/>
  <testcase name="the tree hash after merging the update path should be d95f9995dabcb8998157aadb41ce09d113b6d05a498f6725cedc830c04f40f4bc8bf1114510cf8cfd8e4e2fef534ddd6c16ce4457aea80907ab3f6ae4374c09d" classname="com.github.traderjoe95.mls.protocol.tree.TreeKem" time="0.0"/>
  <testcase name="the decrypted path secret should be 2e706dded6c740a0ab124c45c56b36a93509b1d1ba1096f91fe2b188ea56bdf6751138c15b1b93dc522d9774839305b41c142cc67f58ba3d1f9368d49fb9df95" classname="com.github.traderjoe95.mls.protocol.tree.TreeKem" time="0.001"/>
  <testcase name="a new update path generated by the sender should be successfully processed" classname="com.github.traderjoe95.mls.protocol.tree.TreeKem" time="0.001"/>
  <testcase name="the update path should be parent-hash valid" classname="com.github.traderjoe95.mls.protocol.tree.TreeKem" time="0.0"/>
  <testcase name="the tree hash after merging the update path should be d95f9995dabcb8998157aadb41ce09d113b6d05a498f6725cedc830c04f40f4bc8bf1114510cf8cfd8e4e2fef534ddd6c16ce4457aea80907ab3f6ae4374c09d" classname="com.github.traderjoe95.mls.protocol.tree.TreeKem" time="0.0"/>
  <testcase name="the decrypted path secret should be 2e706dded6c740a0ab124c45c56b36a93509b1d1ba1096f91fe2b188ea56bdf6751138c15b1b93dc522d9774839305b41c142cc67f58ba3d1f9368d49fb9df95" classname="com.github.traderjoe95.mls.protocol.tree.TreeKem" time="0.001"/>
  <testcase name="a new update path generated by the sender should be successfully processed" classname="com.github.traderjoe95.mls.protocol.tree.TreeKem" time="0.001"/>
  <testcase name="the update path should be parent-hash valid" classname="com.github.traderjoe95.mls.protocol.tree.TreeKem" time="0.0"/>
  <testcase name="the tree hash after merging the update path should be d95f9995dabcb8998157aadb41ce09d113b6d05a498f6725cedc830c04f40f4bc8bf1114510cf8cfd8e4e2fef534ddd6c16ce4457aea80907ab3f6ae4374c09d" classname="com.github.traderjoe95.mls.protocol.tree.TreeKem" time="0.001"/>
  <testcase name="the decrypted path secret should be 2e706dded6c740a0ab124c45c56b36a93509b1d1ba1096f91fe2b188ea56bdf6751138c15b1b93dc522d9774839305b41c142cc67f58ba3d1f9368d49fb9df95" classname="com.github.traderjoe95.mls.protocol.tree.TreeKem" time="0.001"/>
  <testcase name="a new update path generated by the sender should be successfully processed" classname="com.github.traderjoe95.mls.protocol.tree.TreeKem" time="0.001"/>
  <testcase name="the update path should be parent-hash valid" classname="com.github.traderjoe95.mls.protocol.tree.TreeKem" time="0.001"/>
  <testcase name="the tree hash after merging the update path should be d95f9995dabcb8998157aadb41ce09d113b6d05a498f6725cedc830c04f40f4bc8bf1114510cf8cfd8e4e2fef534ddd6c16ce4457aea80907ab3f6ae4374c09d" classname="com.github.traderjoe95.mls.protocol.tree.TreeKem" time="0.0"/>
  <testcase name="the decrypted path secret should be 021be6214bb2546cac01533912c4320ce982c6c680014370466f2244b7d6727c40ff54aecf4c52eab4ca3975cae3fea54c7a261c371f7e38605855975e554187" classname="com.github.traderjoe95.mls.protocol.tree.TreeKem" time="0.001"/>
  <testcase name="a new update path generated by the sender should be successfully processed" classname="com.github.traderjoe95.mls.protocol.tree.TreeKem" time="0.001"/>
  <testcase name="the update path should be parent-hash valid" classname="com.github.traderjoe95.mls.protocol.tree.TreeKem" time="0.0"/>
  <testcase name="the tree hash after merging the update path should be d95f9995dabcb8998157aadb41ce09d113b6d05a498f6725cedc830c04f40f4bc8bf1114510cf8cfd8e4e2fef534ddd6c16ce4457aea80907ab3f6ae4374c09d" classname="com.github.traderjoe95.mls.protocol.tree.TreeKem" time="0.0"/>
  <testcase name="the decrypted path secret should be 021be6214bb2546cac01533912c4320ce982c6c680014370466f2244b7d6727c40ff54aecf4c52eab4ca3975cae3fea54c7a261c371f7e38605855975e554187" classname="com.github.traderjoe95.mls.protocol.tree.TreeKem" time="0.001"/>
  <testcase name="a new update path generated by the sender should be successfully processed" classname="com.github.traderjoe95.mls.protocol.tree.TreeKem" time="0.001"/>
  <testcase name="the update path should be parent-hash valid" classname="com.github.traderjoe95.mls.protocol.tree.TreeKem" time="0.0"/>
  <testcase name="the tree hash after merging the update path should be d95f9995dabcb8998157aadb41ce09d113b6d05a498f6725cedc830c04f40f4bc8bf1114510cf8cfd8e4e2fef534ddd6c16ce4457aea80907ab3f6ae4374c09d" classname="com.github.traderjoe95.mls.protocol.tree.TreeKem" time="0.001"/>
  <testcase name="the decrypted path secret should be 8a545e3ff778c03541b5abade0c29c13a54a0e471f96745b88976004239c9c5470b6485d49e9072455e0ba8876c16ec7c8689e0a4191b9ce96e386285a42afc8" classname="com.github.traderjoe95.mls.protocol.tree.TreeKem" time="0.001"/>
  <testcase name="a new update path generated by the sender should be successfully processed" classname="com.github.traderjoe95.mls.protocol.tree.TreeKem" time="0.001"/>
  <testcase name="non-blank leaf 0 should be consistent with the public state" classname="com.github.traderjoe95.mls.protocol.tree.TreeKem" time="0.001"/>
  <testcase name="non-blank leaf 1 should be consistent with the public state" classname="com.github.traderjoe95.mls.protocol.tree.TreeKem" time="0.001"/>
  <testcase name="non-blank leaf 2 should be consistent with the public state" classname="com.github.traderjoe95.mls.protocol.tree.TreeKem" time="0.001"/>
  <testcase name="non-blank leaf 3 should be consistent with the public state" classname="com.github.traderjoe95.mls.protocol.tree.TreeKem" time="0.001"/>
  <testcase name="non-blank leaf 4 should be consistent with the public state" classname="com.github.traderjoe95.mls.protocol.tree.TreeKem" time="0.001"/>
  <testcase name="non-blank leaf 5 should be consistent with the public state" classname="com.github.traderjoe95.mls.protocol.tree.TreeKem" time="0.0"/>
  <testcase name="non-blank leaf 6 should be consistent with the public state" classname="com.github.traderjoe95.mls.protocol.tree.TreeKem" time="0.001"/>
  <testcase name="the update path should be parent-hash valid" classname="com.github.traderjoe95.mls.protocol.tree.TreeKem" time="0.001"/>
  <testcase name="the tree hash after merging the update path should be f61a7615964792593db43212282ebbfb12f3cd323e5c604b48c42e33264b33c3b3436fa0f9f49be62b9ebdabda9efb74a68ebd91d7f22070f724bcded76c4923" classname="com.github.traderjoe95.mls.protocol.tree.TreeKem" time="0.0"/>
  <testcase name="the decrypted path secret should be 1d25243acaf5958a18425b4ccc898679204631170b2131353e00ac14f0179b238122c7180ab99d6a6dfd1bb685c6cb9c4a1894b0534b4d0c52fcb1c3ad678148" classname="com.github.traderjoe95.mls.protocol.tree.TreeKem" time="0.001"/>
  <testcase name="a new update path generated by the sender should be successfully processed" classname="com.github.traderjoe95.mls.protocol.tree.TreeKem" time="0.001"/>
  <testcase name="the update path should be parent-hash valid" classname="com.github.traderjoe95.mls.protocol.tree.TreeKem" time="0.0"/>
  <testcase name="the tree hash after merging the update path should be f61a7615964792593db43212282ebbfb12f3cd323e5c604b48c42e33264b33c3b3436fa0f9f49be62b9ebdabda9efb74a68ebd91d7f22070f724bcded76c4923" classname="com.github.traderjoe95.mls.protocol.tree.TreeKem" time="0.0"/>
  <testcase name="the decrypted path secret should be 34c26ec513691ca0b1e11c786d7f02cf7f837aa11c61d2adbd021328599c2b8a41981458678729724cc2ea86b6da1a7a603b6bdcffc02e2c79a8ff8336b7d71d" classname="com.github.traderjoe95.mls.protocol.tree.TreeKem" time="0.001"/>
  <testcase name="a new update path generated by the sender should be successfully processed" classname="com.github.traderjoe95.mls.protocol.tree.TreeKem" time="0.001"/>
  <testcase name="the update path should be parent-hash valid" classname="com.github.traderjoe95.mls.protocol.tree.TreeKem" time="0.001"/>
  <testcase name="the tree hash after merging the update path should be f61a7615964792593db43212282ebbfb12f3cd323e5c604b48c42e33264b33c3b3436fa0f9f49be62b9ebdabda9efb74a68ebd91d7f22070f724bcded76c4923" classname="com.github.traderjoe95.mls.protocol.tree.TreeKem" time="0.0"/>
  <testcase name="the decrypted path secret should be 34c26ec513691ca0b1e11c786d7f02cf7f837aa11c61d2adbd021328599c2b8a41981458678729724cc2ea86b6da1a7a603b6bdcffc02e2c79a8ff8336b7d71d" classname="com.github.traderjoe95.mls.protocol.tree.TreeKem" time="0.001"/>
  <testcase name="a new update path generated by the sender should be successfully processed" classname="com.github.traderjoe95.mls.protocol.tree.TreeKem" time="0.001"/>
  <testcase name="the update path should be parent-hash valid" classname="com.github.traderjoe95.mls.protocol.tree.TreeKem" time="0.0"/>
  <testcase name="the tree hash after merging the update path should be f61a7615964792593db43212282ebbfb12f3cd323e5c604b48c42e33264b33c3b3436fa0f9f49be62b9ebdabda9efb74a68ebd91d7f22070f724bcded76c4923" classname="com.github.traderjoe95.mls.protocol.tree.TreeKem" time="0.0"/>
  <testcase name="the decrypted path secret should be 80171ba520013c13a710743e9f58a51cac54e2434f40a5fc35dc71bbd6828281817bc2184bde275f2ce31b07005890cb34920b8e76ffb3912f43eafa4bfd65e8" classname="com.github.traderjoe95.mls.protocol.tree.TreeKem" time="0.001"/>
  <testcase name="a new update path generated by the sender should be successfully processed" classname="com.github.traderjoe95.mls.protocol.tree.TreeKem" time="0.0"/>
  <testcase name="the update path should be parent-hash valid" classname="com.github.traderjoe95.mls.protocol.tree.TreeKem" time="0.001"/>
  <testcase name="the tree hash after merging the update path should be f61a7615964792593db43212282ebbfb12f3cd323e5c604b48c42e33264b33c3b3436fa0f9f49be62b9ebdabda9efb74a68ebd91d7f22070f724bcded76c4923" classname="com.github.traderjoe95.mls.protocol.tree.TreeKem" time="0.0"/>
  <testcase name="the decrypted path secret should be 80171ba520013c13a710743e9f58a51cac54e2434f40a5fc35dc71bbd6828281817bc2184bde275f2ce31b07005890cb34920b8e76ffb3912f43eafa4bfd65e8" classname="com.github.traderjoe95.mls.protocol.tree.TreeKem" time="0.0"/>
  <testcase name="a new update path generated by the sender should be successfully processed" classname="com.github.traderjoe95.mls.protocol.tree.TreeKem" time="0.001"/>
  <testcase name="the update path should be parent-hash valid" classname="com.github.traderjoe95.mls.protocol.tree.TreeKem" time="0.0"/>
  <testcase name="the tree hash after merging the update path should be f61a7615964792593db43212282ebbfb12f3cd323e5c604b48c42e33264b33c3b3436fa0f9f49be62b9ebdabda9efb74a68ebd91d7f22070f724bcded76c4923" classname="com.github.traderjoe95.mls.protocol.tree.TreeKem" time="0.001"/>
  <testcase name="the decrypted path secret should be 80171ba520013c13a710743e9f58a51cac54e2434f40a5fc35dc71bbd6828281817bc2184bde275f2ce31b07005890cb34920b8e76ffb3912f43eafa4bfd65e8" classname="com.github.traderjoe95.mls.protocol.tree.TreeKem" time="0.001"/>
  <testcase name="a new update path generated by the sender should be successfully processed" classname="com.github.traderjoe95.mls.protocol.tree.TreeKem" time="0.001"/>
  <testcase name="the update path should be parent-hash valid" classname="com.github.traderjoe95.mls.protocol.tree.TreeKem" time="0.001"/>
  <testcase name="the tree hash after merging the update path should be 6c744138bf1a3cbe4748224a5c74a3a7fcef50e58f7cae169cf8baf0ec552f37f1b4c3474d716c2e7bc26ede566930a08746153f1dc3bc62d39ec0caf3579d60" classname="com.github.traderjoe95.mls.protocol.tree.TreeKem" time="0.0"/>
  <testcase name="the decrypted path secret should be 02931f37396f7bcbf323e97782accf082cb746c17c3743976837848b01e28b85ec6657d80f4f593671b7b1496043e2b64e5b8440158eaab8b7541d62ecb6bcef" classname="com.github.traderjoe95.mls.protocol.tree.TreeKem" time="0.001"/>
  <testcase name="a new update path generated by the sender should be successfully processed" classname="com.github.traderjoe95.mls.protocol.tree.TreeKem" time="0.001"/>
  <testcase name="the update path should be parent-hash valid" classname="com.github.traderjoe95.mls.protocol.tree.TreeKem" time="0.001"/>
  <testcase name="the tree hash after merging the update path should be 6c744138bf1a3cbe4748224a5c74a3a7fcef50e58f7cae169cf8baf0ec552f37f1b4c3474d716c2e7bc26ede566930a08746153f1dc3bc62d39ec0caf3579d60" classname="com.github.traderjoe95.mls.protocol.tree.TreeKem" time="0.001"/>
  <testcase name="the decrypted path secret should be 22642e10b2195d9ae2e6125a04a43a4b3baddb83f8cd4fb1a94c5086cdbaa871467d93714b98421f9c2438814a16fd09625ac1aeafba96854f431ed3f9b46985" classname="com.github.traderjoe95.mls.protocol.tree.TreeKem" time="0.001"/>
  <testcase name="a new update path generated by the sender should be successfully processed" classname="com.github.traderjoe95.mls.protocol.tree.TreeKem" time="0.001"/>
  <testcase name="the update path should be parent-hash valid" classname="com.github.traderjoe95.mls.protocol.tree.TreeKem" time="0.0"/>
  <testcase name="the tree hash after merging the update path should be 6c744138bf1a3cbe4748224a5c74a3a7fcef50e58f7cae169cf8baf0ec552f37f1b4c3474d716c2e7bc26ede566930a08746153f1dc3bc62d39ec0caf3579d60" classname="com.github.traderjoe95.mls.protocol.tree.TreeKem" time="0.0"/>
  <testcase name="the decrypted path secret should be 22642e10b2195d9ae2e6125a04a43a4b3baddb83f8cd4fb1a94c5086cdbaa871467d93714b98421f9c2438814a16fd09625ac1aeafba96854f431ed3f9b46985" classname="com.github.traderjoe95.mls.protocol.tree.TreeKem" time="0.001"/>
  <testcase name="a new update path generated by the sender should be successfully processed" classname="com.github.traderjoe95.mls.protocol.tree.TreeKem" time="0.001"/>
  <testcase name="the update path should be parent-hash valid" classname="com.github.traderjoe95.mls.protocol.tree.TreeKem" time="0.001"/>
  <testcase name="the tree hash after merging the update path should be 6c744138bf1a3cbe4748224a5c74a3a7fcef50e58f7cae169cf8baf0ec552f37f1b4c3474d716c2e7bc26ede566930a08746153f1dc3bc62d39ec0caf3579d60" classname="com.github.traderjoe95.mls.protocol.tree.TreeKem" time="0.0"/>
  <testcase name="the decrypted path secret should be 444c384f152c1d092d3d9c16d3954898b2ac6961e1d710c1a0998d77fab8e570a04e890a39458f57c9a819fc02037e391c32c4b85f01ca6cd3323e795142486a" classname="com.github.traderjoe95.mls.protocol.tree.TreeKem" time="0.001"/>
  <testcase name="a new update path generated by the sender should be successfully processed" classname="com.github.traderjoe95.mls.protocol.tree.TreeKem" time="0.001"/>
  <testcase name="the update path should be parent-hash valid" classname="com.github.traderjoe95.mls.protocol.tree.TreeKem" time="0.0"/>
  <testcase name="the tree hash after merging the update path should be 6c744138bf1a3cbe4748224a5c74a3a7fcef50e58f7cae169cf8baf0ec552f37f1b4c3474d716c2e7bc26ede566930a08746153f1dc3bc62d39ec0caf3579d60" classname="com.github.traderjoe95.mls.protocol.tree.TreeKem" time="0.0"/>
  <testcase name="the decrypted path secret should be 444c384f152c1d092d3d9c16d3954898b2ac6961e1d710c1a0998d77fab8e570a04e890a39458f57c9a819fc02037e391c32c4b85f01ca6cd3323e795142486a" classname="com.github.traderjoe95.mls.protocol.tree.TreeKem" time="0.0"/>
  <testcase name="a new update path generated by the sender should be successfully processed" classname="com.github.traderjoe95.mls.protocol.tree.TreeKem" time="0.001"/>
  <testcase name="the update path should be parent-hash valid" classname="com.github.traderjoe95.mls.protocol.tree.TreeKem" time="0.0"/>
  <testcase name="the tree hash after merging the update path should be 6c744138bf1a3cbe4748224a5c74a3a7fcef50e58f7cae169cf8baf0ec552f37f1b4c3474d716c2e7bc26ede566930a08746153f1dc3bc62d39ec0caf3579d60" classname="com.github.traderjoe95.mls.protocol.tree.TreeKem" time="0.001"/>
  <testcase name="the decrypted path secret should be 444c384f152c1d092d3d9c16d3954898b2ac6961e1d710c1a0998d77fab8e570a04e890a39458f57c9a819fc02037e391c32c4b85f01ca6cd3323e795142486a" classname="com.github.traderjoe95.mls.protocol.tree.TreeKem" time="0.001"/>
  <testcase name="a new update path generated by the sender should be successfully processed" classname="com.github.traderjoe95.mls.protocol.tree.TreeKem" time="0.001"/>
  <testcase name="the update path should be parent-hash valid" classname="com.github.traderjoe95.mls.protocol.tree.TreeKem" time="0.0"/>
  <testcase name="the tree hash after merging the update path should be 2b534ef838f21ca97b481ac69977dcb44eb9d44d820087144a52d884fd6936993c94051953d855184220d0539a04ff2d785914eb0ed00b16cbcf392566f0cdc5" classname="com.github.traderjoe95.mls.protocol.tree.TreeKem" time="0.001"/>
  <testcase name="the decrypted path secret should be f991086111f752406ced96a6ce137dc30bc6c85e458a30520db5dd098051e1edd7228456b492c43861964fa4b57793a546cd5668e4ea031fbc307ab2fdf22523" classname="com.github.traderjoe95.mls.protocol.tree.TreeKem" time="0.001"/>
  <testcase name="a new update path generated by the sender should be successfully processed" classname="com.github.traderjoe95.mls.protocol.tree.TreeKem" time="0.001"/>
  <testcase name="the update path should be parent-hash valid" classname="com.github.traderjoe95.mls.protocol.tree.TreeKem" time="0.0"/>
  <testcase name="the tree hash after merging the update path should be 2b534ef838f21ca97b481ac69977dcb44eb9d44d820087144a52d884fd6936993c94051953d855184220d0539a04ff2d785914eb0ed00b16cbcf392566f0cdc5" classname="com.github.traderjoe95.mls.protocol.tree.TreeKem" time="0.0"/>
  <testcase name="the decrypted path secret should be f991086111f752406ced96a6ce137dc30bc6c85e458a30520db5dd098051e1edd7228456b492c43861964fa4b57793a546cd5668e4ea031fbc307ab2fdf22523" classname="com.github.traderjoe95.mls.protocol.tree.TreeKem" time="0.001"/>
  <testcase name="a new update path generated by the sender should be successfully processed" classname="com.github.traderjoe95.mls.protocol.tree.TreeKem" time="0.001"/>
  <testcase name="the update path should be parent-hash valid" classname="com.github.traderjoe95.mls.protocol.tree.TreeKem" time="0.0"/>
  <testcase name="the tree hash after merging the update path should be 2b534ef838f21ca97b481ac69977dcb44eb9d44d820087144a52d884fd6936993c94051953d855184220d0539a04ff2d785914eb0ed00b16cbcf392566f0cdc5" classname="com.github.traderjoe95.mls.protocol.tree.TreeKem" time="0.0"/>
  <testcase name="the decrypted path secret should be 78ad8bc01d9cdba1c80d2ba9be70e07d936e1270be27e1f004d9edb4d8033077d8c567c6a0d25c140a2797a8aa2d2e821b0f78354c701908dc37a112bfcd6b86" classname="com.github.traderjoe95.mls.protocol.tree.TreeKem" time="0.0"/>
  <testcase name="a new update path generated by the sender should be successfully processed" classname="com.github.traderjoe95.mls.protocol.tree.TreeKem" time="0.001"/>
  <testcase name="the update path should be parent-hash valid" classname="com.github.traderjoe95.mls.protocol.tree.TreeKem" time="0.0"/>
  <testcase name="the tree hash after merging the update path should be 2b534ef838f21ca97b481ac69977dcb44eb9d44d820087144a52d884fd6936993c94051953d855184220d0539a04ff2d785914eb0ed00b16cbcf392566f0cdc5" classname="com.github.traderjoe95.mls.protocol.tree.TreeKem" time="0.0"/>
  <testcase name="the decrypted path secret should be 971bf4bff2e562d56a4714880fdca3d1fdd9514ecd84c818bf32ad7aadbf48e986ffbbf39adbecfac3f8f4f6341bff1f3201e65451c3691f90e617869a4aa7d5" classname="com.github.traderjoe95.mls.protocol.tree.TreeKem" time="0.001"/>
  <testcase name="a new update path generated by the sender should be successfully processed" classname="com.github.traderjoe95.mls.protocol.tree.TreeKem" time="0.001"/>
  <testcase name="the update path should be parent-hash valid" classname="com.github.traderjoe95.mls.protocol.tree.TreeKem" time="0.001"/>
  <testcase name="the tree hash after merging the update path should be 2b534ef838f21ca97b481ac69977dcb44eb9d44d820087144a52d884fd6936993c94051953d855184220d0539a04ff2d785914eb0ed00b16cbcf392566f0cdc5" classname="com.github.traderjoe95.mls.protocol.tree.TreeKem" time="0.0"/>
  <testcase name="the decrypted path secret should be 971bf4bff2e562d56a4714880fdca3d1fdd9514ecd84c818bf32ad7aadbf48e986ffbbf39adbecfac3f8f4f6341bff1f3201e65451c3691f90e617869a4aa7d5" classname="com.github.traderjoe95.mls.protocol.tree.TreeKem" time="0.001"/>
  <testcase name="a new update path generated by the sender should be successfully processed" classname="com.github.traderjoe95.mls.protocol.tree.TreeKem" time="0.001"/>
  <testcase name="the update path should be parent-hash valid" classname="com.github.traderjoe95.mls.protocol.tree.TreeKem" time="0.0"/>
  <testcase name="the tree hash after merging the update path should be 2b534ef838f21ca97b481ac69977dcb44eb9d44d820087144a52d884fd6936993c94051953d855184220d0539a04ff2d785914eb0ed00b16cbcf392566f0cdc5" classname="com.github.traderjoe95.mls.protocol.tree.TreeKem" time="0.0"/>
  <testcase name="the decrypted path secret should be 971bf4bff2e562d56a4714880fdca3d1fdd9514ecd84c818bf32ad7aadbf48e986ffbbf39adbecfac3f8f4f6341bff1f3201e65451c3691f90e617869a4aa7d5" classname="com.github.traderjoe95.mls.protocol.tree.TreeKem" time="0.001"/>
  <testcase name="a new update path generated by the sender should be successfully processed" classname="com.github.traderjoe95.mls.protocol.tree.TreeKem" time="0.001"/>
  <testcase name="the update path should be parent-hash valid" classname="com.github.traderjoe95.mls.protocol.tree.TreeKem" time="0.0"/>
  <testcase name="the tree hash after merging the update path should be 461ba9e6d45929df1c673ba8fa64823f654b7005babafae42bed724a6c202fc965ab7aa44e06bcc3c7ee802e73cc5b915d5e0e2ca5e77e21c04629cd8eb91b2f" classname="com.github.traderjoe95.mls.protocol.tree.TreeKem" time="0.0"/>
  <testcase name="the decrypted path secret should be deaaa15e8690b3cc31c9baf0c873d57ff87a1805759902112286237d43ae8e9150265f0af6febc3f9998f09681d4c8c0132f919dc9279fe52a8bd041d17a42d9" classname="com.github.traderjoe95.mls.protocol.tree.TreeKem" time="0.0"/>
  <testcase name="a new update path generated by the sender should be successfully processed" classname="com.github.traderjoe95.mls.protocol.tree.TreeKem" time="0.001"/>
  <testcase name="the update path should be parent-hash valid" classname="com.github.traderjoe95.mls.protocol.tree.TreeKem" time="0.0"/>
  <testcase name="the tree hash after merging the update path should be 461ba9e6d45929df1c673ba8fa64823f654b7005babafae42bed724a6c202fc965ab7aa44e06bcc3c7ee802e73cc5b915d5e0e2ca5e77e21c04629cd8eb91b2f" classname="com.github.traderjoe95.mls.protocol.tree.TreeKem" time="0.0"/>
  <testcase name="the decrypted path secret should be deaaa15e8690b3cc31c9baf0c873d57ff87a1805759902112286237d43ae8e9150265f0af6febc3f9998f09681d4c8c0132f919dc9279fe52a8bd041d17a42d9" classname="com.github.traderjoe95.mls.protocol.tree.TreeKem" time="0.001"/>
  <testcase name="a new update path generated by the sender should be successfully processed" classname="com.github.traderjoe95.mls.protocol.tree.TreeKem" time="0.001"/>
  <testcase name="the update path should be parent-hash valid" classname="com.github.traderjoe95.mls.protocol.tree.TreeKem" time="0.0"/>
  <testcase name="the tree hash after merging the update path should be 461ba9e6d45929df1c673ba8fa64823f654b7005babafae42bed724a6c202fc965ab7aa44e06bcc3c7ee802e73cc5b915d5e0e2ca5e77e21c04629cd8eb91b2f" classname="com.github.traderjoe95.mls.protocol.tree.TreeKem" time="0.0"/>
  <testcase name="the decrypted path secret should be ea3c4e2b6ecb5436bd18006439b20711894b1a8f81b102cd7a4e7fd49dd00301684ef241b5f4983288015e610ed488da529ae65dbdab7b64006a13dac8c2b83c" classname="com.github.traderjoe95.mls.protocol.tree.TreeKem" time="0.001"/>
  <testcase name="a new update path generated by the sender should be successfully processed" classname="com.github.traderjoe95.mls.protocol.tree.TreeKem" time="0.001"/>
  <testcase name="the update path should be parent-hash valid" classname="com.github.traderjoe95.mls.protocol.tree.TreeKem" time="0.001"/>
  <testcase name="the tree hash after merging the update path should be 461ba9e6d45929df1c673ba8fa64823f654b7005babafae42bed724a6c202fc965ab7aa44e06bcc3c7ee802e73cc5b915d5e0e2ca5e77e21c04629cd8eb91b2f" classname="com.github.traderjoe95.mls.protocol.tree.TreeKem" time="0.0"/>
  <testcase name="the decrypted path secret should be e03f676c22ffcca256d6f3f3a038b672bd5631b03650ec9a2c445ebf9ae546d214f3c1ce9d2feb839107e492e06c501a8c0e98a4e8bb02e8ebb1662391d52d1d" classname="com.github.traderjoe95.mls.protocol.tree.TreeKem" time="0.001"/>
  <testcase name="a new update path generated by the sender should be successfully processed" classname="com.github.traderjoe95.mls.protocol.tree.TreeKem" time="0.001"/>
  <testcase name="the update path should be parent-hash valid" classname="com.github.traderjoe95.mls.protocol.tree.TreeKem" time="0.0"/>
  <testcase name="the tree hash after merging the update path should be 461ba9e6d45929df1c673ba8fa64823f654b7005babafae42bed724a6c202fc965ab7aa44e06bcc3c7ee802e73cc5b915d5e0e2ca5e77e21c04629cd8eb91b2f" classname="com.github.traderjoe95.mls.protocol.tree.TreeKem" time="0.0"/>
  <testcase name="the decrypted path secret should be e03f676c22ffcca256d6f3f3a038b672bd5631b03650ec9a2c445ebf9ae546d214f3c1ce9d2feb839107e492e06c501a8c0e98a4e8bb02e8ebb1662391d52d1d" classname="com.github.traderjoe95.mls.protocol.tree.TreeKem" time="0.001"/>
  <testcase name="a new update path generated by the sender should be successfully processed" classname="com.github.traderjoe95.mls.protocol.tree.TreeKem" time="0.001"/>
  <testcase name="the update path should be parent-hash valid" classname="com.github.traderjoe95.mls.protocol.tree.TreeKem" time="0.001"/>
  <testcase name="the tree hash after merging the update path should be 461ba9e6d45929df1c673ba8fa64823f654b7005babafae42bed724a6c202fc965ab7aa44e06bcc3c7ee802e73cc5b915d5e0e2ca5e77e21c04629cd8eb91b2f" classname="com.github.traderjoe95.mls.protocol.tree.TreeKem" time="0.0"/>
  <testcase name="the decrypted path secret should be e03f676c22ffcca256d6f3f3a038b672bd5631b03650ec9a2c445ebf9ae546d214f3c1ce9d2feb839107e492e06c501a8c0e98a4e8bb02e8ebb1662391d52d1d" classname="com.github.traderjoe95.mls.protocol.tree.TreeKem" time="0.001"/>
  <testcase name="a new update path generated by the sender should be successfully processed" classname="com.github.traderjoe95.mls.protocol.tree.TreeKem" time="0.001"/>
  <testcase name="the update path should be parent-hash valid" classname="com.github.traderjoe95.mls.protocol.tree.TreeKem" time="0.0"/>
  <testcase name="the tree hash after merging the update path should be eb8bca72d6028f4d9c145035b4ff31830dfe980517e085e041acee1b782c7ed676e197eda2f4e7fce8fde7b3ea05f6b993bb9ec7b7776b7973ee54ba5a927aea" classname="com.github.traderjoe95.mls.protocol.tree.TreeKem" time="0.0"/>
  <testcase name="the decrypted path secret should be d6103a729d7af9156bc635e4a3a102e66fb0e6e7ac9d7a646de0cda975052348733e1d5e513eba3d2e3cb90208d428e906f012c13df512fda5e11a9f3e53f2dd" classname="com.github.traderjoe95.mls.protocol.tree.TreeKem" time="0.001"/>
  <testcase name="a new update path generated by the sender should be successfully processed" classname="com.github.traderjoe95.mls.protocol.tree.TreeKem" time="0.001"/>
  <testcase name="the update path should be parent-hash valid" classname="com.github.traderjoe95.mls.protocol.tree.TreeKem" time="0.0"/>
  <testcase name="the tree hash after merging the update path should be eb8bca72d6028f4d9c145035b4ff31830dfe980517e085e041acee1b782c7ed676e197eda2f4e7fce8fde7b3ea05f6b993bb9ec7b7776b7973ee54ba5a927aea" classname="com.github.traderjoe95.mls.protocol.tree.TreeKem" time="0.0"/>
  <testcase name="the decrypted path secret should be d6103a729d7af9156bc635e4a3a102e66fb0e6e7ac9d7a646de0cda975052348733e1d5e513eba3d2e3cb90208d428e906f012c13df512fda5e11a9f3e53f2dd" classname="com.github.traderjoe95.mls.protocol.tree.TreeKem" time="0.001"/>
  <testcase name="a new update path generated by the sender should be successfully processed" classname="com.github.traderjoe95.mls.protocol.tree.TreeKem" time="0.001"/>
  <testcase name="the update path should be parent-hash valid" classname="com.github.traderjoe95.mls.protocol.tree.TreeKem" time="0.0"/>
  <testcase name="the tree hash after merging the update path should be eb8bca72d6028f4d9c145035b4ff31830dfe980517e085e041acee1b782c7ed676e197eda2f4e7fce8fde7b3ea05f6b993bb9ec7b7776b7973ee54ba5a927aea" classname="com.github.traderjoe95.mls.protocol.tree.TreeKem" time="0.001"/>
  <testcase name="the decrypted path secret should be d6103a729d7af9156bc635e4a3a102e66fb0e6e7ac9d7a646de0cda975052348733e1d5e513eba3d2e3cb90208d428e906f012c13df512fda5e11a9f3e53f2dd" classname="com.github.traderjoe95.mls.protocol.tree.TreeKem" time="0.001"/>
  <testcase name="a new update path generated by the sender should be successfully processed" classname="com.github.traderjoe95.mls.protocol.tree.TreeKem" time="0.001"/>
  <testcase name="the update path should be parent-hash valid" classname="com.github.traderjoe95.mls.protocol.tree.TreeKem" time="0.001"/>
  <testcase name="the tree hash after merging the update path should be eb8bca72d6028f4d9c145035b4ff31830dfe980517e085e041acee1b782c7ed676e197eda2f4e7fce8fde7b3ea05f6b993bb9ec7b7776b7973ee54ba5a927aea" classname="com.github.traderjoe95.mls.protocol.tree.TreeKem" time="0.0"/>
  <testcase name="the decrypted path secret should be d6103a729d7af9156bc635e4a3a102e66fb0e6e7ac9d7a646de0cda975052348733e1d5e513eba3d2e3cb90208d428e906f012c13df512fda5e11a9f3e53f2dd" classname="com.github.traderjoe95.mls.protocol.tree.TreeKem" time="0.001"/>
  <testcase name="a new update path generated by the sender should be successfully processed" classname="com.github.traderjoe95.mls.protocol.tree.TreeKem" time="0.001"/>
  <testcase name="the update path should be parent-hash valid" classname="com.github.traderjoe95.mls.protocol.tree.TreeKem" time="0.0"/>
  <testcase name="the tree hash after merging the update path should be eb8bca72d6028f4d9c145035b4ff31830dfe980517e085e041acee1b782c7ed676e197eda2f4e7fce8fde7b3ea05f6b993bb9ec7b7776b7973ee54ba5a927aea" classname="com.github.traderjoe95.mls.protocol.tree.TreeKem" time="0.0"/>
  <testcase name="the decrypted path secret should be d3eb43026f07ebbdfcbbddbd3f12061be0821e3c3ebd6eaff7fbda97fd639d32c99690e98c5b3c66c02d62a78ce962b21d732f6b6c7cc27590115a2984c4d379" classname="com.github.traderjoe95.mls.protocol.tree.TreeKem" time="0.0"/>
  <testcase name="a new update path generated by the sender should be successfully processed" classname="com.github.traderjoe95.mls.protocol.tree.TreeKem" time="0.001"/>
  <testcase name="the update path should be parent-hash valid" classname="com.github.traderjoe95.mls.protocol.tree.TreeKem" time="0.0"/>
  <testcase name="the tree hash after merging the update path should be eb8bca72d6028f4d9c145035b4ff31830dfe980517e085e041acee1b782c7ed676e197eda2f4e7fce8fde7b3ea05f6b993bb9ec7b7776b7973ee54ba5a927aea" classname="com.github.traderjoe95.mls.protocol.tree.TreeKem" time="0.0"/>
  <testcase name="the decrypted path secret should be 8873af2e1a8ec8cd936ed38258cb69dd29d510bda2b49c57d76f12943bf08f0dda56db4f5672f87a65f6f1957cabed4338f5cbbf98cade4c6d8dc280decb22ab" classname="com.github.traderjoe95.mls.protocol.tree.TreeKem" time="0.001"/>
  <testcase name="a new update path generated by the sender should be successfully processed" classname="com.github.traderjoe95.mls.protocol.tree.TreeKem" time="0.001"/>
  <testcase name="the update path should be parent-hash valid" classname="com.github.traderjoe95.mls.protocol.tree.TreeKem" time="0.0"/>
  <testcase name="the tree hash after merging the update path should be b58fb54e8c7e2591af14aa2e9a7d3093dd1577c8a4e066a3657c64c1d71ac79c78f01eaf5aadc8ef076ebcdeadd1438e23c9183b8f857b11ff5754656b22dad3" classname="com.github.traderjoe95.mls.protocol.tree.TreeKem" time="0.001"/>
  <testcase name="the decrypted path secret should be a2e511a42906b1220daa3b2ce4fc64d876fbb2324be4b7eab3db0e42d197efaacba748e43abf934fb38ab841d968296aed4772bdd90bceea5f2f7c89c2f4e2cf" classname="com.github.traderjoe95.mls.protocol.tree.TreeKem" time="0.001"/>
  <testcase name="a new update path generated by the sender should be successfully processed" classname="com.github.traderjoe95.mls.protocol.tree.TreeKem" time="0.001"/>
  <testcase name="the update path should be parent-hash valid" classname="com.github.traderjoe95.mls.protocol.tree.TreeKem" time="0.0"/>
  <testcase name="the tree hash after merging the update path should be b58fb54e8c7e2591af14aa2e9a7d3093dd1577c8a4e066a3657c64c1d71ac79c78f01eaf5aadc8ef076ebcdeadd1438e23c9183b8f857b11ff5754656b22dad3" classname="com.github.traderjoe95.mls.protocol.tree.TreeKem" time="0.0"/>
  <testcase name="the decrypted path secret should be a2e511a42906b1220daa3b2ce4fc64d876fbb2324be4b7eab3db0e42d197efaacba748e43abf934fb38ab841d968296aed4772bdd90bceea5f2f7c89c2f4e2cf" classname="com.github.traderjoe95.mls.protocol.tree.TreeKem" time="0.001"/>
  <testcase name="a new update path generated by the sender should be successfully processed" classname="com.github.traderjoe95.mls.protocol.tree.TreeKem" time="0.0"/>
  <testcase name="the update path should be parent-hash valid" classname="com.github.traderjoe95.mls.protocol.tree.TreeKem" time="0.001"/>
  <testcase name="the tree hash after merging the update path should be b58fb54e8c7e2591af14aa2e9a7d3093dd1577c8a4e066a3657c64c1d71ac79c78f01eaf5aadc8ef076ebcdeadd1438e23c9183b8f857b11ff5754656b22dad3" classname="com.github.traderjoe95.mls.protocol.tree.TreeKem" time="0.0"/>
  <testcase name="the decrypted path secret should be a2e511a42906b1220daa3b2ce4fc64d876fbb2324be4b7eab3db0e42d197efaacba748e43abf934fb38ab841d968296aed4772bdd90bceea5f2f7c89c2f4e2cf" classname="com.github.traderjoe95.mls.protocol.tree.TreeKem" time="0.001"/>
  <testcase name="a new update path generated by the sender should be successfully processed" classname="com.github.traderjoe95.mls.protocol.tree.TreeKem" time="0.001"/>
  <testcase name="the update path should be parent-hash valid" classname="com.github.traderjoe95.mls.protocol.tree.TreeKem" time="0.0"/>
  <testcase name="the tree hash after merging the update path should be b58fb54e8c7e2591af14aa2e9a7d3093dd1577c8a4e066a3657c64c1d71ac79c78f01eaf5aadc8ef076ebcdeadd1438e23c9183b8f857b11ff5754656b22dad3" classname="com.github.traderjoe95.mls.protocol.tree.TreeKem" time="0.001"/>
  <testcase name="the decrypted path secret should be a2e511a42906b1220daa3b2ce4fc64d876fbb2324be4b7eab3db0e42d197efaacba748e43abf934fb38ab841d968296aed4772bdd90bceea5f2f7c89c2f4e2cf" classname="com.github.traderjoe95.mls.protocol.tree.TreeKem" time="0.001"/>
  <testcase name="a new update path generated by the sender should be successfully processed" classname="com.github.traderjoe95.mls.protocol.tree.TreeKem" time="0.001"/>
  <testcase name="the update path should be parent-hash valid" classname="com.github.traderjoe95.mls.protocol.tree.TreeKem" time="0.0"/>
  <testcase name="the tree hash after merging the update path should be b58fb54e8c7e2591af14aa2e9a7d3093dd1577c8a4e066a3657c64c1d71ac79c78f01eaf5aadc8ef076ebcdeadd1438e23c9183b8f857b11ff5754656b22dad3" classname="com.github.traderjoe95.mls.protocol.tree.TreeKem" time="0.0"/>
  <testcase name="the decrypted path secret should be fa2e74cc789c005b05b6219f29886b7536dcf64ee80eb9901402a8b365d5dc9a4b51a973a2bedd4f6e0106799017a978830504aef7da2b153ba386764b430e8b" classname="com.github.traderjoe95.mls.protocol.tree.TreeKem" time="0.001"/>
  <testcase name="a new update path generated by the sender should be successfully processed" classname="com.github.traderjoe95.mls.protocol.tree.TreeKem" time="0.001"/>
  <testcase name="the update path should be parent-hash valid" classname="com.github.traderjoe95.mls.protocol.tree.TreeKem" time="0.0"/>
  <testcase name="the tree hash after merging the update path should be b58fb54e8c7e2591af14aa2e9a7d3093dd1577c8a4e066a3657c64c1d71ac79c78f01eaf5aadc8ef076ebcdeadd1438e23c9183b8f857b11ff5754656b22dad3" classname="com.github.traderjoe95.mls.protocol.tree.TreeKem" time="0.0"/>
  <testcase name="the decrypted path secret should be 31bcb9da845fa770b42628aa5896cad572a36ec5d837420a3b71a83c0e4aafc3dd20d128deeede9d70202cb245e234c806fafab656bad5cb4731ae064e73eb2a" classname="com.github.traderjoe95.mls.protocol.tree.TreeKem" time="0.0"/>
  <testcase name="a new update path generated by the sender should be successfully processed" classname="com.github.traderjoe95.mls.protocol.tree.TreeKem" time="0.001"/>
  <testcase name="the update path should be parent-hash valid" classname="com.github.traderjoe95.mls.protocol.tree.TreeKem" time="0.0"/>
  <testcase name="the tree hash after merging the update path should be 6a5c8f43abc935c95aac4d68259a56b79830c70fe72a79b34ed2a510ae8aab9233239d98c72b5514af1905aae643ad5955770f4f21f62ff654e2299caeaee52d" classname="com.github.traderjoe95.mls.protocol.tree.TreeKem" time="0.001"/>
  <testcase name="the decrypted path secret should be 070c626da97401a8b03912d5a543d80ff063ce10281220a5c2b2b2caac4879d1dceda12771e8f6f1e10e99d935a2d9478bbc4076f89526a7f2727edf02a7de5b" classname="com.github.traderjoe95.mls.protocol.tree.TreeKem" time="0.001"/>
  <testcase name="a new update path generated by the sender should be successfully processed" classname="com.github.traderjoe95.mls.protocol.tree.TreeKem" time="0.001"/>
  <testcase name="the update path should be parent-hash valid" classname="com.github.traderjoe95.mls.protocol.tree.TreeKem" time="0.001"/>
  <testcase name="the tree hash after merging the update path should be 6a5c8f43abc935c95aac4d68259a56b79830c70fe72a79b34ed2a510ae8aab9233239d98c72b5514af1905aae643ad5955770f4f21f62ff654e2299caeaee52d" classname="com.github.traderjoe95.mls.protocol.tree.TreeKem" time="0.0"/>
  <testcase name="the decrypted path secret should be 070c626da97401a8b03912d5a543d80ff063ce10281220a5c2b2b2caac4879d1dceda12771e8f6f1e10e99d935a2d9478bbc4076f89526a7f2727edf02a7de5b" classname="com.github.traderjoe95.mls.protocol.tree.TreeKem" time="0.001"/>
  <testcase name="a new update path generated by the sender should be successfully processed" classname="com.github.traderjoe95.mls.protocol.tree.TreeKem" time="0.001"/>
  <testcase name="the update path should be parent-hash valid" classname="com.github.traderjoe95.mls.protocol.tree.TreeKem" time="0.0"/>
  <testcase name="the tree hash after merging the update path should be 6a5c8f43abc935c95aac4d68259a56b79830c70fe72a79b34ed2a510ae8aab9233239d98c72b5514af1905aae643ad5955770f4f21f62ff654e2299caeaee52d" classname="com.github.traderjoe95.mls.protocol.tree.TreeKem" time="0.0"/>
  <testcase name="the decrypted path secret should be 070c626da97401a8b03912d5a543d80ff063ce10281220a5c2b2b2caac4879d1dceda12771e8f6f1e10e99d935a2d9478bbc4076f89526a7f2727edf02a7de5b" classname="com.github.traderjoe95.mls.protocol.tree.TreeKem" time="0.001"/>
  <testcase name="a new update path generated by the sender should be successfully processed" classname="com.github.traderjoe95.mls.protocol.tree.TreeKem" time="0.0"/>
  <testcase name="the update path should be parent-hash valid" classname="com.github.traderjoe95.mls.protocol.tree.TreeKem" time="0.001"/>
  <testcase name="the tree hash after merging the update path should be 6a5c8f43abc935c95aac4d68259a56b79830c70fe72a79b34ed2a510ae8aab9233239d98c72b5514af1905aae643ad5955770f4f21f62ff654e2299caeaee52d" classname="com.github.traderjoe95.mls.protocol.tree.TreeKem" time="0.0"/>
  <testcase name="the decrypted path secret should be 070c626da97401a8b03912d5a543d80ff063ce10281220a5c2b2b2caac4879d1dceda12771e8f6f1e10e99d935a2d9478bbc4076f89526a7f2727edf02a7de5b" classname="com.github.traderjoe95.mls.protocol.tree.TreeKem" time="0.001"/>
  <testcase name="a new update path generated by the sender should be successfully processed" classname="com.github.traderjoe95.mls.protocol.tree.TreeKem" time="0.001"/>
  <testcase name="the update path should be parent-hash valid" classname="com.github.traderjoe95.mls.protocol.tree.TreeKem" time="0.0"/>
  <testcase name="the tree hash after merging the update path should be 6a5c8f43abc935c95aac4d68259a56b79830c70fe72a79b34ed2a510ae8aab9233239d98c72b5514af1905aae643ad5955770f4f21f62ff654e2299caeaee52d" classname="com.github.traderjoe95.mls.protocol.tree.TreeKem" time="0.0"/>
  <testcase name="the decrypted path secret should be 929dfc7ab8ff8638f74997388baa7a7d706b45a1f1a11d019b9d0cdfe2606c269278159915af90e89f2d4aea781d0a1edd401d88324c7efc7a5bd6931a508f25" classname="com.github.traderjoe95.mls.protocol.tree.TreeKem" time="0.001"/>
  <testcase name="a new update path generated by the sender should be successfully processed" classname="com.github.traderjoe95.mls.protocol.tree.TreeKem" time="0.0"/>
  <testcase name="the update path should be parent-hash valid" classname="com.github.traderjoe95.mls.protocol.tree.TreeKem" time="0.001"/>
  <testcase name="the tree hash after merging the update path should be 6a5c8f43abc935c95aac4d68259a56b79830c70fe72a79b34ed2a510ae8aab9233239d98c72b5514af1905aae643ad5955770f4f21f62ff654e2299caeaee52d" classname="com.github.traderjoe95.mls.protocol.tree.TreeKem" time="0.0"/>
  <testcase name="the decrypted path secret should be 929dfc7ab8ff8638f74997388baa7a7d706b45a1f1a11d019b9d0cdfe2606c269278159915af90e89f2d4aea781d0a1edd401d88324c7efc7a5bd6931a508f25" classname="com.github.traderjoe95.mls.protocol.tree.TreeKem" time="0.0"/>
  <testcase name="a new update path generated by the sender should be successfully processed" classname="com.github.traderjoe95.mls.protocol.tree.TreeKem" time="0.001"/>
  <testcase name="non-blank leaf 0 should be consistent with the public state" classname="com.github.traderjoe95.mls.protocol.tree.TreeKem" time="0.001"/>
  <testcase name="non-blank leaf 1 should be consistent with the public state" classname="com.github.traderjoe95.mls.protocol.tree.TreeKem" time="0.001"/>
  <testcase name="the update path should be parent-hash valid" classname="com.github.traderjoe95.mls.protocol.tree.TreeKem" time="0.0"/>
  <testcase name="the tree hash after merging the update path should be 23b50b3392a1da7afcc425d995478323f78e6916c0403e18e084c4f06e53d8483e74c6462024fde2cd6297ebad47596892b6e9719d4b58ae036ca9aabc9aed41" classname="com.github.traderjoe95.mls.protocol.tree.TreeKem" time="0.001"/>
  <testcase name="the decrypted path secret should be 7bcbd66d27a3d901fbe5d9859ecd5005e9a53e86bf6f46ae248fe81e3dbc9147a0375be70476f6692f4190584e22f7cbeb26acd546412f37bdb27287910ff769" classname="com.github.traderjoe95.mls.protocol.tree.TreeKem" time="0.001"/>
  <testcase name="a new update path generated by the sender should be successfully processed" classname="com.github.traderjoe95.mls.protocol.tree.TreeKem" time="0.001"/>
  <testcase name="the update path should be parent-hash valid" classname="com.github.traderjoe95.mls.protocol.tree.TreeKem" time="0.001"/>
  <testcase name="the tree hash after merging the update path should be d7f6443fd1c52ef1d5c62b7ff13ecddb823b8bebb393ab4d5ac7613b75875225363c42420dbe32b9a9b096d846b547bc361ef2df11c1d07115e99b31fa14b71f" classname="com.github.traderjoe95.mls.protocol.tree.TreeKem" time="0.0"/>
  <testcase name="the decrypted path secret should be 724fd71526be567df9337400b6ce51927c3ea2a9b260fc8ea5e065c48f74cf56d3e3fabcba7522d3b189b2a952f3253003011b5085a4157d18c1c598384032f4" classname="com.github.traderjoe95.mls.protocol.tree.TreeKem" time="0.001"/>
  <testcase name="a new update path generated by the sender should be successfully processed" classname="com.github.traderjoe95.mls.protocol.tree.TreeKem" time="0.001"/>
  <testcase name="non-blank leaf 0 should be consistent with the public state" classname="com.github.traderjoe95.mls.protocol.tree.TreeKem" time="0.001"/>
  <testcase name="non-blank leaf 1 should be consistent with the public state" classname="com.github.traderjoe95.mls.protocol.tree.TreeKem" time="0.002"/>
  <testcase name="non-blank leaf 2 should be consistent with the public state" classname="com.github.traderjoe95.mls.protocol.tree.TreeKem" time="0.001"/>
  <testcase name="the update path should be parent-hash valid" classname="com.github.traderjoe95.mls.protocol.tree.TreeKem" time="0.0"/>
  <testcase name="the tree hash after merging the update path should be dfa3cac596fabe517ab53d19ec3d7a94e69939945f2be9902439d53d42769689d0d28d57618684f654f44c35ecbd1fe58da39094d3d0ff5f0614dc6468934974" classname="com.github.traderjoe95.mls.protocol.tree.TreeKem" time="0.0"/>
  <testcase name="the decrypted path secret should be 217d8b6f9402e9041fd177638319b2d161e6cd4d8a2841cacea2c075c1125c8f8f1236bfbd82857bfdffd353a80cabf0764df9073c429282fcce9cb9a139c573" classname="com.github.traderjoe95.mls.protocol.tree.TreeKem" time="0.001"/>
  <testcase name="a new update path generated by the sender should be successfully processed" classname="com.github.traderjoe95.mls.protocol.tree.TreeKem" time="0.001"/>
  <testcase name="the update path should be parent-hash valid" classname="com.github.traderjoe95.mls.protocol.tree.TreeKem" time="0.0"/>
  <testcase name="the tree hash after merging the update path should be dfa3cac596fabe517ab53d19ec3d7a94e69939945f2be9902439d53d42769689d0d28d57618684f654f44c35ecbd1fe58da39094d3d0ff5f0614dc6468934974" classname="com.github.traderjoe95.mls.protocol.tree.TreeKem" time="0.0"/>
  <testcase name="the decrypted path secret should be 8680cdec0a365a1a8d024beb62ec2598ba775e10d0ed6ed4f8729ff54108863a94ce8fa2ee69034b3289c36b5dee986de297699700696cd9680c6c0e2a71a432" classname="com.github.traderjoe95.mls.protocol.tree.TreeKem" time="0.001"/>
  <testcase name="a new update path generated by the sender should be successfully processed" classname="com.github.traderjoe95.mls.protocol.tree.TreeKem" time="0.001"/>
  <testcase name="the update path should be parent-hash valid" classname="com.github.traderjoe95.mls.protocol.tree.TreeKem" time="0.001"/>
  <testcase name="the tree hash after merging the update path should be 5994b9edc6c73a00a76a5a5fdf87b49311d7395de92711762f1eb46320a0f6c9b571b57b769e879b9d45b91aef89964377b7626577be3e6c31363616920c404a" classname="com.github.traderjoe95.mls.protocol.tree.TreeKem" time="0.0"/>
  <testcase name="the decrypted path secret should be 80a9b0c74cc15589c16c6f27bc256596c1ae844791158958f840f9ffdbc282a78bd6d1bd23ffcf7ce80348e4b5c2928676be3518de59e43d01d3c2741f0febcd" classname="com.github.traderjoe95.mls.protocol.tree.TreeKem" time="0.001"/>
  <testcase name="a new update path generated by the sender should be successfully processed" classname="com.github.traderjoe95.mls.protocol.tree.TreeKem" time="0.001"/>
  <testcase name="the update path should be parent-hash valid" classname="com.github.traderjoe95.mls.protocol.tree.TreeKem" time="0.0"/>
  <testcase name="the tree hash after merging the update path should be 5994b9edc6c73a00a76a5a5fdf87b49311d7395de92711762f1eb46320a0f6c9b571b57b769e879b9d45b91aef89964377b7626577be3e6c31363616920c404a" classname="com.github.traderjoe95.mls.protocol.tree.TreeKem" time="0.0"/>
  <testcase name="the decrypted path secret should be 3ee9d056a3167d180197238d66a62c88625d69db3efe7ca56807dc8fedf0182ac0e18b6dbec1a496dc9f971cc3c94e2a8424d10217694e5ee1c822b725fb814e" classname="com.github.traderjoe95.mls.protocol.tree.TreeKem" time="0.001"/>
  <testcase name="a new update path generated by the sender should be successfully processed" classname="com.github.traderjoe95.mls.protocol.tree.TreeKem" time="0.001"/>
  <testcase name="the update path should be parent-hash valid" classname="com.github.traderjoe95.mls.protocol.tree.TreeKem" time="0.0"/>
  <testcase name="the tree hash after merging the update path should be 664b86a5a05433467034f535def17597d1b86b720db5ed9ce0c1222882e03c36053d6860525c070356663067739b5f7666ed3aee404aec3e59c6f6d15d3891d8" classname="com.github.traderjoe95.mls.protocol.tree.TreeKem" time="0.0"/>
  <testcase name="the decrypted path secret should be 12f22bc76d4b8db4192662368a1d7e2014e09111c08658f68e84b7c5559446cc5bceb48ea73e3d5c999f88eeaa63320528b3ea9d7eac6b2e1cc6badf85f53cfd" classname="com.github.traderjoe95.mls.protocol.tree.TreeKem" time="0.001"/>
  <testcase name="a new update path generated by the sender should be successfully processed" classname="com.github.traderjoe95.mls.protocol.tree.TreeKem" time="0.0"/>
  <testcase name="the update path should be parent-hash valid" classname="com.github.traderjoe95.mls.protocol.tree.TreeKem" time="0.001"/>
  <testcase name="the tree hash after merging the update path should be 664b86a5a05433467034f535def17597d1b86b720db5ed9ce0c1222882e03c36053d6860525c070356663067739b5f7666ed3aee404aec3e59c6f6d15d3891d8" classname="com.github.traderjoe95.mls.protocol.tree.TreeKem" time="0.0"/>
  <testcase name="the decrypted path secret should be 12f22bc76d4b8db4192662368a1d7e2014e09111c08658f68e84b7c5559446cc5bceb48ea73e3d5c999f88eeaa63320528b3ea9d7eac6b2e1cc6badf85f53cfd" classname="com.github.traderjoe95.mls.protocol.tree.TreeKem" time="0.001"/>
  <testcase name="a new update path generated by the sender should be successfully processed" classname="com.github.traderjoe95.mls.protocol.tree.TreeKem" time="0.001"/>
  <testcase name="non-blank leaf 0 should be consistent with the public state" classname="com.github.traderjoe95.mls.protocol.tree.TreeKem" time="0.001"/>
  <testcase name="non-blank leaf 1 should be consistent with the public state" classname="com.github.traderjoe95.mls.protocol.tree.TreeKem" time="0.001"/>
  <testcase name="non-blank leaf 2 should be consistent with the public state" classname="com.github.traderjoe95.mls.protocol.tree.TreeKem" time="0.001"/>
  <testcase name="non-blank leaf 3 should be consistent with the public state" classname="com.github.traderjoe95.mls.protocol.tree.TreeKem" time="0.001"/>
  <testcase name="the update path should be parent-hash valid" classname="com.github.traderjoe95.mls.protocol.tree.TreeKem" time="0.001"/>
  <testcase name="the tree hash after merging the update path should be c1d41ee72cfc4106519e38c60f07e4a131414e1d9dbe4349b488054cc98f269cde38a43b9ba032d116822d4e666cc5dd620017dba0a6a29ddde47742325b048c" classname="com.github.traderjoe95.mls.protocol.tree.TreeKem" time="0.001"/>
  <testcase name="the decrypted path secret should be b0ade557a5f6d3092896081391f885383e5ce03e1a232c39c9702403f1075673d773beca6e17219f5f460714e1d359ca7be693ffc260d8e87aebd987e47181b5" classname="com.github.traderjoe95.mls.protocol.tree.TreeKem" time="0.001"/>
  <testcase name="a new update path generated by the sender should be successfully processed" classname="com.github.traderjoe95.mls.protocol.tree.TreeKem" time="0.0"/>
  <testcase name="the update path should be parent-hash valid" classname="com.github.traderjoe95.mls.protocol.tree.TreeKem" time="0.0"/>
  <testcase name="the tree hash after merging the update path should be c1d41ee72cfc4106519e38c60f07e4a131414e1d9dbe4349b488054cc98f269cde38a43b9ba032d116822d4e666cc5dd620017dba0a6a29ddde47742325b048c" classname="com.github.traderjoe95.mls.protocol.tree.TreeKem" time="0.001"/>
  <testcase name="the decrypted path secret should be 2902353e0a441fd8ca02c1535070775d6f539c5967759321a2a9a6f6613f8bdd7e9ecb8cb716f51f0e0537811d34b2b45f1074fab1a68a0800b7ce1c3f1cd7dd" classname="com.github.traderjoe95.mls.protocol.tree.TreeKem" time="0.001"/>
  <testcase name="a new update path generated by the sender should be successfully processed" classname="com.github.traderjoe95.mls.protocol.tree.TreeKem" time="0.0"/>
  <testcase name="the update path should be parent-hash valid" classname="com.github.traderjoe95.mls.protocol.tree.TreeKem" time="0.0"/>
  <testcase name="the tree hash after merging the update path should be c1d41ee72cfc4106519e38c60f07e4a131414e1d9dbe4349b488054cc98f269cde38a43b9ba032d116822d4e666cc5dd620017dba0a6a29ddde47742325b048c" classname="com.github.traderjoe95.mls.protocol.tree.TreeKem" time="0.0"/>
  <testcase name="the decrypted path secret should be 2902353e0a441fd8ca02c1535070775d6f539c5967759321a2a9a6f6613f8bdd7e9ecb8cb716f51f0e0537811d34b2b45f1074fab1a68a0800b7ce1c3f1cd7dd" classname="com.github.traderjoe95.mls.protocol.tree.TreeKem" time="0.001"/>
  <testcase name="a new update path generated by the sender should be successfully processed" classname="com.github.traderjoe95.mls.protocol.tree.TreeKem" time="0.001"/>
  <testcase name="the update path should be parent-hash valid" classname="com.github.traderjoe95.mls.protocol.tree.TreeKem" time="0.0"/>
  <testcase name="the tree hash after merging the update path should be c5f09fee74c930f8c2f1c8b1258225bb95ae0524aa6eb1c187e9682fc527da2ce73f7206ce91d6569382fcb405a23092aedd5d32974434ac1a1335cb08d8f015" classname="com.github.traderjoe95.mls.protocol.tree.TreeKem" time="0.0"/>
  <testcase name="the decrypted path secret should be 974b9cfa931c0c257ffe87d49bad2c03bf6cce86301e9084052f658aae05df2ee239d616a399dc006b0344d20bceb55de1f8aedbdde1900314c55ade28a7eadd" classname="com.github.traderjoe95.mls.protocol.tree.TreeKem" time="0.001"/>
  <testcase name="a new update path generated by the sender should be successfully processed" classname="com.github.traderjoe95.mls.protocol.tree.TreeKem" time="0.001"/>
  <testcase name="the update path should be parent-hash valid" classname="com.github.traderjoe95.mls.protocol.tree.TreeKem" time="0.0"/>
  <testcase name="the tree hash after merging the update path should be c5f09fee74c930f8c2f1c8b1258225bb95ae0524aa6eb1c187e9682fc527da2ce73f7206ce91d6569382fcb405a23092aedd5d32974434ac1a1335cb08d8f015" classname="com.github.traderjoe95.mls.protocol.tree.TreeKem" time="0.0"/>
  <testcase name="the decrypted path secret should be 9b1146c06f2baf79b2410df6b4facfac85cd13dca38d67d29c934e6ef6d4e7b289fbc39f6a6d16e93823c849acbe2f99edf48962a402170945ca5369f1dc07ac" classname="com.github.traderjoe95.mls.protocol.tree.TreeKem" time="0.001"/>
  <testcase name="a new update path generated by the sender should be successfully processed" classname="com.github.traderjoe95.mls.protocol.tree.TreeKem" time="0.001"/>
  <testcase name="the update path should be parent-hash valid" classname="com.github.traderjoe95.mls.protocol.tree.TreeKem" time="0.0"/>
  <testcase name="the tree hash after merging the update path should be c5f09fee74c930f8c2f1c8b1258225bb95ae0524aa6eb1c187e9682fc527da2ce73f7206ce91d6569382fcb405a23092aedd5d32974434ac1a1335cb08d8f015" classname="com.github.traderjoe95.mls.protocol.tree.TreeKem" time="0.001"/>
  <testcase name="the decrypted path secret should be 9b1146c06f2baf79b2410df6b4facfac85cd13dca38d67d29c934e6ef6d4e7b289fbc39f6a6d16e93823c849acbe2f99edf48962a402170945ca5369f1dc07ac" classname="com.github.traderjoe95.mls.protocol.tree.TreeKem" time="0.001"/>
  <testcase name="a new update path generated by the sender should be successfully processed" classname="com.github.traderjoe95.mls.protocol.tree.TreeKem" time="0.002"/>
  <testcase name="the update path should be parent-hash valid" classname="com.github.traderjoe95.mls.protocol.tree.TreeKem" time="0.0"/>
  <testcase name="the tree hash after merging the update path should be 3e0ad7603dc5a1ee8f5cb0da029955d644b36acbfdbb2ca4c1c001360d426600dcc9755c3faed6990aa1e9e1fd30e4d255ed0483c5bfbeff80b27ce222fd091f" classname="com.github.traderjoe95.mls.protocol.tree.TreeKem" time="0.001"/>
  <testcase name="the decrypted path secret should be dbefdc722f437a715785049cf52cf87b82ff929c3befdcb857c109c492cd6c9671872db1fdaab25cbf43ac8439047f4d843a5147649efc0b1ce6d6a7ef5a437f" classname="com.github.traderjoe95.mls.protocol.tree.TreeKem" time="0.001"/>
  <testcase name="a new update path generated by the sender should be successfully processed" classname="com.github.traderjoe95.mls.protocol.tree.TreeKem" time="0.001"/>
  <testcase name="the update path should be parent-hash valid" classname="com.github.traderjoe95.mls.protocol.tree.TreeKem" time="0.0"/>
  <testcase name="the tree hash after merging the update path should be 3e0ad7603dc5a1ee8f5cb0da029955d644b36acbfdbb2ca4c1c001360d426600dcc9755c3faed6990aa1e9e1fd30e4d255ed0483c5bfbeff80b27ce222fd091f" classname="com.github.traderjoe95.mls.protocol.tree.TreeKem" time="0.0"/>
  <testcase name="the decrypted path secret should be dbefdc722f437a715785049cf52cf87b82ff929c3befdcb857c109c492cd6c9671872db1fdaab25cbf43ac8439047f4d843a5147649efc0b1ce6d6a7ef5a437f" classname="com.github.traderjoe95.mls.protocol.tree.TreeKem" time="0.001"/>
  <testcase name="a new update path generated by the sender should be successfully processed" classname="com.github.traderjoe95.mls.protocol.tree.TreeKem" time="0.001"/>
  <testcase name="the update path should be parent-hash valid" classname="com.github.traderjoe95.mls.protocol.tree.TreeKem" time="0.0"/>
  <testcase name="the tree hash after merging the update path should be 3e0ad7603dc5a1ee8f5cb0da029955d644b36acbfdbb2ca4c1c001360d426600dcc9755c3faed6990aa1e9e1fd30e4d255ed0483c5bfbeff80b27ce222fd091f" classname="com.github.traderjoe95.mls.protocol.tree.TreeKem" time="0.0"/>
  <testcase name="the decrypted path secret should be f6adc83c20e69bac0288ed2d564c3164aac0834ca6a11cf63864cbc4fbac3105685e4962b1c12bf7ee8e770cac2d8facb8bbf13aef266eccb9201dd18a5b11ec" classname="com.github.traderjoe95.mls.protocol.tree.TreeKem" time="0.0"/>
  <testcase name="a new update path generated by the sender should be successfully processed" classname="com.github.traderjoe95.mls.protocol.tree.TreeKem" time="0.001"/>
  <testcase name="the update path should be parent-hash valid" classname="com.github.traderjoe95.mls.protocol.tree.TreeKem" time="0.0"/>
  <testcase name="the tree hash after merging the update path should be 53b7b3a3cbe62d35d4470b094fdb20c965de745d8d8664cbe6c358d4660ebce51eb36229886dd60eda40fb272fdcb8286f272393cff529b2b8f50e0082935a3d" classname="com.github.traderjoe95.mls.protocol.tree.TreeKem" time="0.0"/>
  <testcase name="the decrypted path secret should be f4b634000c7b990347af2bdebcfb85395a3a494288ba8c9d55538755cc9dac008b37d7a8793f9388e95ff4fe310af4267870412653ecfcb76d3596fa7154b60e" classname="com.github.traderjoe95.mls.protocol.tree.TreeKem" time="0.001"/>
  <testcase name="a new update path generated by the sender should be successfully processed" classname="com.github.traderjoe95.mls.protocol.tree.TreeKem" time="0.0"/>
  <testcase name="the update path should be parent-hash valid" classname="com.github.traderjoe95.mls.protocol.tree.TreeKem" time="0.0"/>
  <testcase name="the tree hash after merging the update path should be 53b7b3a3cbe62d35d4470b094fdb20c965de745d8d8664cbe6c358d4660ebce51eb36229886dd60eda40fb272fdcb8286f272393cff529b2b8f50e0082935a3d" classname="com.github.traderjoe95.mls.protocol.tree.TreeKem" time="0.001"/>
  <testcase name="the decrypted path secret should be f4b634000c7b990347af2bdebcfb85395a3a494288ba8c9d55538755cc9dac008b37d7a8793f9388e95ff4fe310af4267870412653ecfcb76d3596fa7154b60e" classname="com.github.traderjoe95.mls.protocol.tree.TreeKem" time="0.001"/>
  <testcase name="a new update path generated by the sender should be successfully processed" classname="com.github.traderjoe95.mls.protocol.tree.TreeKem" time="0.001"/>
  <testcase name="the update path should be parent-hash valid" classname="com.github.traderjoe95.mls.protocol.tree.TreeKem" time="0.001"/>
  <testcase name="the tree hash after merging the update path should be 53b7b3a3cbe62d35d4470b094fdb20c965de745d8d8664cbe6c358d4660ebce51eb36229886dd60eda40fb272fdcb8286f272393cff529b2b8f50e0082935a3d" classname="com.github.traderjoe95.mls.protocol.tree.TreeKem" time="0.001"/>
  <testcase name="the decrypted path secret should be 739447eb6f557991a7a70b9bab05a95836cf346226f81e68ac7dc3f2ed675dc6c182c83fabb481916ad3b12593d45c0b9f318fb317d87bdd131c9b28bbbffdc9" classname="com.github.traderjoe95.mls.protocol.tree.TreeKem" time="0.001"/>
  <testcase name="a new update path generated by the sender should be successfully processed" classname="com.github.traderjoe95.mls.protocol.tree.TreeKem" time="0.001"/>
  <testcase name="non-blank leaf 0 should be consistent with the public state" classname="com.github.traderjoe95.mls.protocol.tree.TreeKem" time="0.002"/>
  <testcase name="non-blank leaf 1 should be consistent with the public state" classname="com.github.traderjoe95.mls.protocol.tree.TreeKem" time="0.002"/>
  <testcase name="non-blank leaf 2 should be consistent with the public state" classname="com.github.traderjoe95.mls.protocol.tree.TreeKem" time="0.002"/>
  <testcase name="non-blank leaf 3 should be consistent with the public state" classname="com.github.traderjoe95.mls.protocol.tree.TreeKem" time="0.002"/>
  <testcase name="non-blank leaf 4 should be consistent with the public state" classname="com.github.traderjoe95.mls.protocol.tree.TreeKem" time="0.001"/>
  <testcase name="the update path should be parent-hash valid" classname="com.github.traderjoe95.mls.protocol.tree.TreeKem" time="0.0"/>
  <testcase name="the tree hash after merging the update path should be 30299ac5c4128b71a37e4516224244df7498afa2fd8fc1e8ca59ea1b57563718fb234778f409f86ed413005e1bb77343f9c55176ca26a4a7b6d923f2d72ece43" classname="com.github.traderjoe95.mls.protocol.tree.TreeKem" time="0.001"/>
  <testcase name="the decrypted path secret should be 597f71fbd641f1279e207117f90b4ae389def851f543314abc89f9074f5ed22cf846f72e0431d1e455adee4f13ad379f355b79eb8c14c7474ef7a830c143b6a8" classname="com.github.traderjoe95.mls.protocol.tree.TreeKem" time="0.001"/>
  <testcase name="a new update path generated by the sender should be successfully processed" classname="com.github.traderjoe95.mls.protocol.tree.TreeKem" time="0.001"/>
  <testcase name="the update path should be parent-hash valid" classname="com.github.traderjoe95.mls.protocol.tree.TreeKem" time="0.0"/>
  <testcase name="the tree hash after merging the update path should be 30299ac5c4128b71a37e4516224244df7498afa2fd8fc1e8ca59ea1b57563718fb234778f409f86ed413005e1bb77343f9c55176ca26a4a7b6d923f2d72ece43" classname="com.github.traderjoe95.mls.protocol.tree.TreeKem" time="0.0"/>
  <testcase name="the decrypted path secret should be b1ceb9fdb8c8c6cf3643323e077813e1a296523ff278ebb77e92202546e0d5676dd814f89dbf932b7c7ae39f8616edd70f47a0bbb85c1c527d399349943ae1bb" classname="com.github.traderjoe95.mls.protocol.tree.TreeKem" time="0.001"/>
  <testcase name="a new update path generated by the sender should be successfully processed" classname="com.github.traderjoe95.mls.protocol.tree.TreeKem" time="0.001"/>
  <testcase name="the update path should be parent-hash valid" classname="com.github.traderjoe95.mls.protocol.tree.TreeKem" time="0.001"/>
  <testcase name="the tree hash after merging the update path should be 30299ac5c4128b71a37e4516224244df7498afa2fd8fc1e8ca59ea1b57563718fb234778f409f86ed413005e1bb77343f9c55176ca26a4a7b6d923f2d72ece43" classname="com.github.traderjoe95.mls.protocol.tree.TreeKem" time="0.001"/>
  <testcase name="the decrypted path secret should be b1ceb9fdb8c8c6cf3643323e077813e1a296523ff278ebb77e92202546e0d5676dd814f89dbf932b7c7ae39f8616edd70f47a0bbb85c1c527d399349943ae1bb" classname="com.github.traderjoe95.mls.protocol.tree.TreeKem" time="0.001"/>
  <testcase name="a new update path generated by the sender should be successfully processed" classname="com.github.traderjoe95.mls.protocol.tree.TreeKem" time="0.001"/>
  <testcase name="the update path should be parent-hash valid" classname="com.github.traderjoe95.mls.protocol.tree.TreeKem" time="0.0"/>
  <testcase name="the tree hash after merging the update path should be 30299ac5c4128b71a37e4516224244df7498afa2fd8fc1e8ca59ea1b57563718fb234778f409f86ed413005e1bb77343f9c55176ca26a4a7b6d923f2d72ece43" classname="com.github.traderjoe95.mls.protocol.tree.TreeKem" time="0.0"/>
  <testcase name="the decrypted path secret should be b396e0b523557c93e87a2f15a8f3ca39ddf5cf1da4ea24386b281be0a2eb5a307eb177e3934883400abbafeb816520c4334a81c43a31c90817c20b8142cc978c" classname="com.github.traderjoe95.mls.protocol.tree.TreeKem" time="0.001"/>
  <testcase name="a new update path generated by the sender should be successfully processed" classname="com.github.traderjoe95.mls.protocol.tree.TreeKem" time="0.001"/>
  <testcase name="the update path should be parent-hash valid" classname="com.github.traderjoe95.mls.protocol.tree.TreeKem" time="0.0"/>
  <testcase name="the tree hash after merging the update path should be 7a482178277c4e1873eeea8f9dfbdfc5feecbed656e645c2d8a9784bd469f0001dfeb36c58a564bc73c6bf91c04a5948f238f66b24368127dd466f09cd4a460d" classname="com.github.traderjoe95.mls.protocol.tree.TreeKem" time="0.0"/>
  <testcase name="the decrypted path secret should be f21ea33a27b46fcebd3e4b9f541ee6f21e2790f0e6dfb589d8feb840b69f77b42ed3bda60b75504fe7b448feb761f06fed21417bd4302b110308fdb32abe58a2" classname="com.github.traderjoe95.mls.protocol.tree.TreeKem" time="0.001"/>
  <testcase name="a new update path generated by the sender should be successfully processed" classname="com.github.traderjoe95.mls.protocol.tree.TreeKem" time="0.001"/>
  <testcase name="the update path should be parent-hash valid" classname="com.github.traderjoe95.mls.protocol.tree.TreeKem" time="0.0"/>
  <testcase name="the tree hash after merging the update path should be 7a482178277c4e1873eeea8f9dfbdfc5feecbed656e645c2d8a9784bd469f0001dfeb36c58a564bc73c6bf91c04a5948f238f66b24368127dd466f09cd4a460d" classname="com.github.traderjoe95.mls.protocol.tree.TreeKem" time="0.001"/>
  <testcase name="the decrypted path secret should be 42754a43a76cd0f31eb0b50add73bc0d1c46f9007c810b876b701823641899d5900b4cf134b15437c49b54ebb48a5313fa4d18a3b9ce8aa5a10f6ff7d40835a4" classname="com.github.traderjoe95.mls.protocol.tree.TreeKem" time="0.006"/>
  <testcase name="a new update path generated by the sender should be successfully processed" classname="com.github.traderjoe95.mls.protocol.tree.TreeKem" time="0.002"/>
  <testcase name="the update path should be parent-hash valid" classname="com.github.traderjoe95.mls.protocol.tree.TreeKem" time="0.0"/>
  <testcase name="the tree hash after merging the update path should be 7a482178277c4e1873eeea8f9dfbdfc5feecbed656e645c2d8a9784bd469f0001dfeb36c58a564bc73c6bf91c04a5948f238f66b24368127dd466f09cd4a460d" classname="com.github.traderjoe95.mls.protocol.tree.TreeKem" time="0.0"/>
  <testcase name="the decrypted path secret should be 42754a43a76cd0f31eb0b50add73bc0d1c46f9007c810b876b701823641899d5900b4cf134b15437c49b54ebb48a5313fa4d18a3b9ce8aa5a10f6ff7d40835a4" classname="com.github.traderjoe95.mls.protocol.tree.TreeKem" time="0.001"/>
  <testcase name="a new update path generated by the sender should be successfully processed" classname="com.github.traderjoe95.mls.protocol.tree.TreeKem" time="0.002"/>
  <testcase name="the update path should be parent-hash valid" classname="com.github.traderjoe95.mls.protocol.tree.TreeKem" time="0.0"/>
  <testcase name="the tree hash after merging the update path should be 7a482178277c4e1873eeea8f9dfbdfc5feecbed656e645c2d8a9784bd469f0001dfeb36c58a564bc73c6bf91c04a5948f238f66b24368127dd466f09cd4a460d" classname="com.github.traderjoe95.mls.protocol.tree.TreeKem" time="0.0"/>
  <testcase name="the decrypted path secret should be f3c1598837744334060a23f5d5bcbbd7de3338944f8c80f6e55061d211ea562935e6c99f1a5a8075c9da4442d4c710a0d8235406564fc5e2ab3b08624d5a6c77" classname="com.github.traderjoe95.mls.protocol.tree.TreeKem" time="0.001"/>
  <testcase name="a new update path generated by the sender should be successfully processed" classname="com.github.traderjoe95.mls.protocol.tree.TreeKem" time="0.001"/>
  <testcase name="the update path should be parent-hash valid" classname="com.github.traderjoe95.mls.protocol.tree.TreeKem" time="0.001"/>
  <testcase name="the tree hash after merging the update path should be c13ae7aee5ade535d1b9a64e9447d22aadaf76f5ea2c487fb8bf9e0329dda49716543d21b9b4b0204ca0c2ae6a9701985b6912caa618ffd2d04506921d8f14b8" classname="com.github.traderjoe95.mls.protocol.tree.TreeKem" time="0.001"/>
  <testcase name="the decrypted path secret should be f6c6485d57f2f998e4408d7f3c1c223f0e17d762e97457408f26a1e952b86df28e2eea47109d36249099f79e9c1ae3a7612324a1c8e9b95f5581ebaeb65d32ac" classname="com.github.traderjoe95.mls.protocol.tree.TreeKem" time="0.0"/>
  <testcase name="a new update path generated by the sender should be successfully processed" classname="com.github.traderjoe95.mls.protocol.tree.TreeKem" time="0.001"/>
  <testcase name="the update path should be parent-hash valid" classname="com.github.traderjoe95.mls.protocol.tree.TreeKem" time="0.0"/>
  <testcase name="the tree hash after merging the update path should be c13ae7aee5ade535d1b9a64e9447d22aadaf76f5ea2c487fb8bf9e0329dda49716543d21b9b4b0204ca0c2ae6a9701985b6912caa618ffd2d04506921d8f14b8" classname="com.github.traderjoe95.mls.protocol.tree.TreeKem" time="0.0"/>
  <testcase name="the decrypted path secret should be f6c6485d57f2f998e4408d7f3c1c223f0e17d762e97457408f26a1e952b86df28e2eea47109d36249099f79e9c1ae3a7612324a1c8e9b95f5581ebaeb65d32ac" classname="com.github.traderjoe95.mls.protocol.tree.TreeKem" time="0.001"/>
  <testcase name="a new update path generated by the sender should be successfully processed" classname="com.github.traderjoe95.mls.protocol.tree.TreeKem" time="0.001"/>
  <testcase name="the update path should be parent-hash valid" classname="com.github.traderjoe95.mls.protocol.tree.TreeKem" time="0.0"/>
  <testcase name="the tree hash after merging the update path should be c13ae7aee5ade535d1b9a64e9447d22aadaf76f5ea2c487fb8bf9e0329dda49716543d21b9b4b0204ca0c2ae6a9701985b6912caa618ffd2d04506921d8f14b8" classname="com.github.traderjoe95.mls.protocol.tree.TreeKem" time="0.001"/>
  <testcase name="the decrypted path secret should be 112265057cf9036263ef09710178b94f332ed6227cee176e6ece52e59b272145f96ead780837bdc0b321123513261dced20c94bcc6a6ed3548a06efa3609178c" classname="com.github.traderjoe95.mls.protocol.tree.TreeKem" time="0.001"/>
  <testcase name="a new update path generated by the sender should be successfully processed" classname="com.github.traderjoe95.mls.protocol.tree.TreeKem" time="0.001"/>
  <testcase name="the update path should be parent-hash valid" classname="com.github.traderjoe95.mls.protocol.tree.TreeKem" time="0.0"/>
  <testcase name="the tree hash after merging the update path should be c13ae7aee5ade535d1b9a64e9447d22aadaf76f5ea2c487fb8bf9e0329dda49716543d21b9b4b0204ca0c2ae6a9701985b6912caa618ffd2d04506921d8f14b8" classname="com.github.traderjoe95.mls.protocol.tree.TreeKem" time="0.0"/>
  <testcase name="the decrypted path secret should be b8a3ba85ef389a45832771af3670a64ee1ba6dda1b85750900452077010e209f469c9882a07c931b436a4798a5f3cdf866997f55c270ab4f7b4cb33284f98d02" classname="com.github.traderjoe95.mls.protocol.tree.TreeKem" time="0.001"/>
  <testcase name="a new update path generated by the sender should be successfully processed" classname="com.github.traderjoe95.mls.protocol.tree.TreeKem" time="0.001"/>
  <testcase name="the update path should be parent-hash valid" classname="com.github.traderjoe95.mls.protocol.tree.TreeKem" time="0.0"/>
  <testcase name="the tree hash after merging the update path should be 205ca127f0758a549c6454051bb4e0fa09fff12b0ac9a02da88e5427c6d1b8da79e1f66b553f66abefd52df578dce188c55e22252509cfcc5dc91a04084b48f9" classname="com.github.traderjoe95.mls.protocol.tree.TreeKem" time="0.0"/>
  <testcase name="the decrypted path secret should be 46164d99462e62e85eef88b57a030cf077773bbb56abeebd095913d14d849aa79796c34785cac09137b45cde9f343318fb909f9b8d38b2b8389ed9d94b04a931" classname="com.github.traderjoe95.mls.protocol.tree.TreeKem" time="0.001"/>
  <testcase name="a new update path generated by the sender should be successfully processed" classname="com.github.traderjoe95.mls.protocol.tree.TreeKem" time="0.001"/>
  <testcase name="the update path should be parent-hash valid" classname="com.github.traderjoe95.mls.protocol.tree.TreeKem" time="0.0"/>
  <testcase name="the tree hash after merging the update path should be 205ca127f0758a549c6454051bb4e0fa09fff12b0ac9a02da88e5427c6d1b8da79e1f66b553f66abefd52df578dce188c55e22252509cfcc5dc91a04084b48f9" classname="com.github.traderjoe95.mls.protocol.tree.TreeKem" time="0.0"/>
  <testcase name="the decrypted path secret should be 46164d99462e62e85eef88b57a030cf077773bbb56abeebd095913d14d849aa79796c34785cac09137b45cde9f343318fb909f9b8d38b2b8389ed9d94b04a931" classname="com.github.traderjoe95.mls.protocol.tree.TreeKem" time="0.001"/>
  <testcase name="a new update path generated by the sender should be successfully processed" classname="com.github.traderjoe95.mls.protocol.tree.TreeKem" time="0.001"/>
  <testcase name="the update path should be parent-hash valid" classname="com.github.traderjoe95.mls.protocol.tree.TreeKem" time="0.001"/>
  <testcase name="the tree hash after merging the update path should be 205ca127f0758a549c6454051bb4e0fa09fff12b0ac9a02da88e5427c6d1b8da79e1f66b553f66abefd52df578dce188c55e22252509cfcc5dc91a04084b48f9" classname="com.github.traderjoe95.mls.protocol.tree.TreeKem" time="0.001"/>
  <testcase name="the decrypted path secret should be af6cba94f776610e9fa1a7245c4447b6bc033cac45d53e3aad099abb1de874d77063c52f930696f0bbbe7e22f92945679f1d3bd867e45b0861fdbed1bb488857" classname="com.github.traderjoe95.mls.protocol.tree.TreeKem" time="0.001"/>
  <testcase name="a new update path generated by the sender should be successfully processed" classname="com.github.traderjoe95.mls.protocol.tree.TreeKem" time="0.001"/>
  <testcase name="the update path should be parent-hash valid" classname="com.github.traderjoe95.mls.protocol.tree.TreeKem" time="0.0"/>
  <testcase name="the tree hash after merging the update path should be 205ca127f0758a549c6454051bb4e0fa09fff12b0ac9a02da88e5427c6d1b8da79e1f66b553f66abefd52df578dce188c55e22252509cfcc5dc91a04084b48f9" classname="com.github.traderjoe95.mls.protocol.tree.TreeKem" time="0.0"/>
  <testcase name="the decrypted path secret should be d2e671896bb79ca1550aae9e03ef607c6d4806971d319ae13ca92392f2c3880fa78e6f83a8cf4850685bdd1601f4c1d1d2b5831c336efc233806551b01393abe" classname="com.github.traderjoe95.mls.protocol.tree.TreeKem" time="0.0"/>
  <testcase name="a new update path generated by the sender should be successfully processed" classname="com.github.traderjoe95.mls.protocol.tree.TreeKem" time="0.001"/>
  <testcase name="the update path should be parent-hash valid" classname="com.github.traderjoe95.mls.protocol.tree.TreeKem" time="0.0"/>
  <testcase name="the tree hash after merging the update path should be 848ee9eb9ff57d07aa419f6ce2ea2cbf62eade4a0824541229a3fefb645a211e159ab960dff7953aa43cb2c0c3526641fa5168a8abfee72f82d5f28b0ea1a2ec" classname="com.github.traderjoe95.mls.protocol.tree.TreeKem" time="0.0"/>
  <testcase name="the decrypted path secret should be 9a93e0742556e650ce600eb28e0fa6c9e9606e6c3164bd8616a4f18756410b81bd807302084791cf531593e410103adf01f11f7dfa75c9884328f0446d48b588" classname="com.github.traderjoe95.mls.protocol.tree.TreeKem" time="0.0"/>
  <testcase name="a new update path generated by the sender should be successfully processed" classname="com.github.traderjoe95.mls.protocol.tree.TreeKem" time="0.001"/>
  <testcase name="the update path should be parent-hash valid" classname="com.github.traderjoe95.mls.protocol.tree.TreeKem" time="0.001"/>
  <testcase name="the tree hash after merging the update path should be 848ee9eb9ff57d07aa419f6ce2ea2cbf62eade4a0824541229a3fefb645a211e159ab960dff7953aa43cb2c0c3526641fa5168a8abfee72f82d5f28b0ea1a2ec" classname="com.github.traderjoe95.mls.protocol.tree.TreeKem" time="0.001"/>
  <testcase name="the decrypted path secret should be 9a93e0742556e650ce600eb28e0fa6c9e9606e6c3164bd8616a4f18756410b81bd807302084791cf531593e410103adf01f11f7dfa75c9884328f0446d48b588" classname="com.github.traderjoe95.mls.protocol.tree.TreeKem" time="0.001"/>
  <testcase name="a new update path generated by the sender should be successfully processed" classname="com.github.traderjoe95.mls.protocol.tree.TreeKem" time="0.002"/>
  <testcase name="the update path should be parent-hash valid" classname="com.github.traderjoe95.mls.protocol.tree.TreeKem" time="0.0"/>
  <testcase name="the tree hash after merging the update path should be 848ee9eb9ff57d07aa419f6ce2ea2cbf62eade4a0824541229a3fefb645a211e159ab960dff7953aa43cb2c0c3526641fa5168a8abfee72f82d5f28b0ea1a2ec" classname="com.github.traderjoe95.mls.protocol.tree.TreeKem" time="0.0"/>
  <testcase name="the decrypted path secret should be 9a93e0742556e650ce600eb28e0fa6c9e9606e6c3164bd8616a4f18756410b81bd807302084791cf531593e410103adf01f11f7dfa75c9884328f0446d48b588" classname="com.github.traderjoe95.mls.protocol.tree.TreeKem" time="0.002"/>
  <testcase name="a new update path generated by the sender should be successfully processed" classname="com.github.traderjoe95.mls.protocol.tree.TreeKem" time="0.001"/>
  <testcase name="the update path should be parent-hash valid" classname="com.github.traderjoe95.mls.protocol.tree.TreeKem" time="0.0"/>
  <testcase name="the tree hash after merging the update path should be 848ee9eb9ff57d07aa419f6ce2ea2cbf62eade4a0824541229a3fefb645a211e159ab960dff7953aa43cb2c0c3526641fa5168a8abfee72f82d5f28b0ea1a2ec" classname="com.github.traderjoe95.mls.protocol.tree.TreeKem" time="0.001"/>
  <testcase name="the decrypted path secret should be 9a93e0742556e650ce600eb28e0fa6c9e9606e6c3164bd8616a4f18756410b81bd807302084791cf531593e410103adf01f11f7dfa75c9884328f0446d48b588" classname="com.github.traderjoe95.mls.protocol.tree.TreeKem" time="0.001"/>
  <testcase name="a new update path generated by the sender should be successfully processed" classname="com.github.traderjoe95.mls.protocol.tree.TreeKem" time="0.001"/>
  <testcase name="non-blank leaf 0 should be consistent with the public state" classname="com.github.traderjoe95.mls.protocol.tree.TreeKem" time="0.002"/>
  <testcase name="non-blank leaf 1 should be consistent with the public state" classname="com.github.traderjoe95.mls.protocol.tree.TreeKem" time="0.002"/>
  <testcase name="non-blank leaf 2 should be consistent with the public state" classname="com.github.traderjoe95.mls.protocol.tree.TreeKem" time="0.002"/>
  <testcase name="non-blank leaf 3 should be consistent with the public state" classname="com.github.traderjoe95.mls.protocol.tree.TreeKem" time="0.002"/>
  <testcase name="non-blank leaf 4 should be consistent with the public state" classname="com.github.traderjoe95.mls.protocol.tree.TreeKem" time="0.001"/>
  <testcase name="non-blank leaf 5 should be consistent with the public state" classname="com.github.traderjoe95.mls.protocol.tree.TreeKem" time="0.001"/>
  <testcase name="the update path should be parent-hash valid" classname="com.github.traderjoe95.mls.protocol.tree.TreeKem" time="0.0"/>
  <testcase name="the tree hash after merging the update path should be f766a4315d9823b495dbfdde327a9b7d7a1aea6f547bcb70b088635f1e34bbb817238750d0e57dbb6a8ffeb9f130f3e1a369f778ec33e962c59da046ae97fa93" classname="com.github.traderjoe95.mls.protocol.tree.TreeKem" time="0.0"/>
  <testcase name="the decrypted path secret should be 505a902c6ec58ff2824cb2c78d67cf4682c66fea6418e877371e63c22a9efd838b90d71d88e6438334574278c37417dcd384dbf0347e806185e5bccd24845c73" classname="com.github.traderjoe95.mls.protocol.tree.TreeKem" time="0.0"/>
  <testcase name="a new update path generated by the sender should be successfully processed" classname="com.github.traderjoe95.mls.protocol.tree.TreeKem" time="0.001"/>
  <testcase name="the update path should be parent-hash valid" classname="com.github.traderjoe95.mls.protocol.tree.TreeKem" time="0.0"/>
  <testcase name="the tree hash after merging the update path should be f766a4315d9823b495dbfdde327a9b7d7a1aea6f547bcb70b088635f1e34bbb817238750d0e57dbb6a8ffeb9f130f3e1a369f778ec33e962c59da046ae97fa93" classname="com.github.traderjoe95.mls.protocol.tree.TreeKem" time="0.0"/>
  <testcase name="the decrypted path secret should be 238e395354ee182514bae40b0d6f1eb85d541e9ead991c79c50073791cb7036d55a7064d940281f6700461e0a89f0bc496c50b435f6afa36a5737fc30b366827" classname="com.github.traderjoe95.mls.protocol.tree.TreeKem" time="0.001"/>
  <testcase name="a new update path generated by the sender should be successfully processed" classname="com.github.traderjoe95.mls.protocol.tree.TreeKem" time="0.001"/>
  <testcase name="the update path should be parent-hash valid" classname="com.github.traderjoe95.mls.protocol.tree.TreeKem" time="0.0"/>
  <testcase name="the tree hash after merging the update path should be f766a4315d9823b495dbfdde327a9b7d7a1aea6f547bcb70b088635f1e34bbb817238750d0e57dbb6a8ffeb9f130f3e1a369f778ec33e962c59da046ae97fa93" classname="com.github.traderjoe95.mls.protocol.tree.TreeKem" time="0.0"/>
  <testcase name="the decrypted path secret should be 238e395354ee182514bae40b0d6f1eb85d541e9ead991c79c50073791cb7036d55a7064d940281f6700461e0a89f0bc496c50b435f6afa36a5737fc30b366827" classname="com.github.traderjoe95.mls.protocol.tree.TreeKem" time="0.001"/>
  <testcase name="a new update path generated by the sender should be successfully processed" classname="com.github.traderjoe95.mls.protocol.tree.TreeKem" time="0.001"/>
  <testcase name="the update path should be parent-hash valid" classname="com.github.traderjoe95.mls.protocol.tree.TreeKem" time="0.001"/>
  <testcase name="the tree hash after merging the update path should be f766a4315d9823b495dbfdde327a9b7d7a1aea6f547bcb70b088635f1e34bbb817238750d0e57dbb6a8ffeb9f130f3e1a369f778ec33e962c59da046ae97fa93" classname="com.github.traderjoe95.mls.protocol.tree.TreeKem" time="0.001"/>
  <testcase name="the decrypted path secret should be 2b6a019957f71e6c2476e4b0357f82be48d6359e7f3c9b659b02868c790cf5d736bbd84ce7140cca21d690024bf0f56348bbd896bc2bb5b909ee1fb255b51d35" classname="com.github.traderjoe95.mls.protocol.tree.TreeKem" time="0.001"/>
  <testcase name="a new update path generated by the sender should be successfully processed" classname="com.github.traderjoe95.mls.protocol.tree.TreeKem" time="0.001"/>
  <testcase name="the update path should be parent-hash valid" classname="com.github.traderjoe95.mls.protocol.tree.TreeKem" time="0.0"/>
  <testcase name="the tree hash after merging the update path should be f766a4315d9823b495dbfdde327a9b7d7a1aea6f547bcb70b088635f1e34bbb817238750d0e57dbb6a8ffeb9f130f3e1a369f778ec33e962c59da046ae97fa93" classname="com.github.traderjoe95.mls.protocol.tree.TreeKem" time="0.0"/>
  <testcase name="the decrypted path secret should be 2b6a019957f71e6c2476e4b0357f82be48d6359e7f3c9b659b02868c790cf5d736bbd84ce7140cca21d690024bf0f56348bbd896bc2bb5b909ee1fb255b51d35" classname="com.github.traderjoe95.mls.protocol.tree.TreeKem" time="0.001"/>
  <testcase name="a new update path generated by the sender should be successfully processed" classname="com.github.traderjoe95.mls.protocol.tree.TreeKem" time="0.001"/>
  <testcase name="the update path should be parent-hash valid" classname="com.github.traderjoe95.mls.protocol.tree.TreeKem" time="0.001"/>
  <testcase name="the tree hash after merging the update path should be e74ada185cc332a00135dd287a7d9bfb80574b85263868c123d888f0edb74c02302415daa30e2d6160ae080d43fb0eb57e02a84d2a50e9821e8e078c22632899" classname="com.github.traderjoe95.mls.protocol.tree.TreeKem" time="0.001"/>
  <testcase name="the decrypted path secret should be c8816a50343192123ad16e3b2e25b5a7d889b5522addef61f603fd09f4d3ecbde68532e7b117f77cdd00d7de290043a642b67bf6bc82c33e24211391589b3cba" classname="com.github.traderjoe95.mls.protocol.tree.TreeKem" time="0.001"/>
  <testcase name="a new update path generated by the sender should be successfully processed" classname="com.github.traderjoe95.mls.protocol.tree.TreeKem" time="0.001"/>
  <testcase name="the update path should be parent-hash valid" classname="com.github.traderjoe95.mls.protocol.tree.TreeKem" time="0.0"/>
  <testcase name="the tree hash after merging the update path should be e74ada185cc332a00135dd287a7d9bfb80574b85263868c123d888f0edb74c02302415daa30e2d6160ae080d43fb0eb57e02a84d2a50e9821e8e078c22632899" classname="com.github.traderjoe95.mls.protocol.tree.TreeKem" time="0.0"/>
  <testcase name="the decrypted path secret should be 470aaa63caee0dcdd5a52f678ccd304bc19d360290b53787af9d7e56c5a2c56a9d07a60ce418f4c5f0931c4c0c40a817fb13d49d41db0a7b83349a66ca3f94d2" classname="com.github.traderjoe95.mls.protocol.tree.TreeKem" time="0.001"/>
  <testcase name="a new update path generated by the sender should be successfully processed" classname="com.github.traderjoe95.mls.protocol.tree.TreeKem" time="0.002"/>
  <testcase name="the update path should be parent-hash valid" classname="com.github.traderjoe95.mls.protocol.tree.TreeKem" time="0.0"/>
  <testcase name="the tree hash after merging the update path should be e74ada185cc332a00135dd287a7d9bfb80574b85263868c123d888f0edb74c02302415daa30e2d6160ae080d43fb0eb57e02a84d2a50e9821e8e078c22632899" classname="com.github.traderjoe95.mls.protocol.tree.TreeKem" time="0.0"/>
  <testcase name="the decrypted path secret should be 470aaa63caee0dcdd5a52f678ccd304bc19d360290b53787af9d7e56c5a2c56a9d07a60ce418f4c5f0931c4c0c40a817fb13d49d41db0a7b83349a66ca3f94d2" classname="com.github.traderjoe95.mls.protocol.tree.TreeKem" time="0.001"/>
  <testcase name="a new update path generated by the sender should be successfully processed" classname="com.github.traderjoe95.mls.protocol.tree.TreeKem" time="0.001"/>
  <testcase name="the update path should be parent-hash valid" classname="com.github.traderjoe95.mls.protocol.tree.TreeKem" time="0.0"/>
  <testcase name="the tree hash after merging the update path should be e74ada185cc332a00135dd287a7d9bfb80574b85263868c123d888f0edb74c02302415daa30e2d6160ae080d43fb0eb57e02a84d2a50e9821e8e078c22632899" classname="com.github.traderjoe95.mls.protocol.tree.TreeKem" time="0.0"/>
  <testcase name="the decrypted path secret should be dcd367674f0bb277f28f427d4ba48547946dc818967802cd68d2149404cf6737b04925aa0f311b7d2fbc84df6a1aa5e6ecc3bbb1ad0a87bef26f3d050a0a1757" classname="com.github.traderjoe95.mls.protocol.tree.TreeKem" time="0.001"/>
  <testcase name="a new update path generated by the sender should be successfully processed" classname="com.github.traderjoe95.mls.protocol.tree.TreeKem" time="0.001"/>
  <testcase name="the update path should be parent-hash valid" classname="com.github.traderjoe95.mls.protocol.tree.TreeKem" time="0.0"/>
  <testcase name="the tree hash after merging the update path should be e74ada185cc332a00135dd287a7d9bfb80574b85263868c123d888f0edb74c02302415daa30e2d6160ae080d43fb0eb57e02a84d2a50e9821e8e078c22632899" classname="com.github.traderjoe95.mls.protocol.tree.TreeKem" time="0.0"/>
  <testcase name="the decrypted path secret should be dcd367674f0bb277f28f427d4ba48547946dc818967802cd68d2149404cf6737b04925aa0f311b7d2fbc84df6a1aa5e6ecc3bbb1ad0a87bef26f3d050a0a1757" classname="com.github.traderjoe95.mls.protocol.tree.TreeKem" time="0.0"/>
  <testcase name="a new update path generated by the sender should be successfully processed" classname="com.github.traderjoe95.mls.protocol.tree.TreeKem" time="0.002"/>
  <testcase name="the update path should be parent-hash valid" classname="com.github.traderjoe95.mls.protocol.tree.TreeKem" time="0.0"/>
  <testcase name="the tree hash after merging the update path should be cc00e6dc01d6a9385c8ff9c9c1d180c6a3a0c8c0090ed986afbef91081a09c219c00eee72ae7f47e21f589809a93b90989752a1f0da6e510d3690f200bf5d5b3" classname="com.github.traderjoe95.mls.protocol.tree.TreeKem" time="0.0"/>
  <testcase name="the decrypted path secret should be bcbbcca9ffc602d75b95eb0cc7132cdc0dbb19a2b15d4e6f722318b36f683a26e1d26f4f33fd185c433d054adb0e6f404511a0517391af893675128762d7c75d" classname="com.github.traderjoe95.mls.protocol.tree.TreeKem" time="0.0"/>
  <testcase name="a new update path generated by the sender should be successfully processed" classname="com.github.traderjoe95.mls.protocol.tree.TreeKem" time="0.001"/>
  <testcase name="the update path should be parent-hash valid" classname="com.github.traderjoe95.mls.protocol.tree.TreeKem" time="0.0"/>
  <testcase name="the tree hash after merging the update path should be cc00e6dc01d6a9385c8ff9c9c1d180c6a3a0c8c0090ed986afbef91081a09c219c00eee72ae7f47e21f589809a93b90989752a1f0da6e510d3690f200bf5d5b3" classname="com.github.traderjoe95.mls.protocol.tree.TreeKem" time="0.0"/>
  <testcase name="the decrypted path secret should be bcbbcca9ffc602d75b95eb0cc7132cdc0dbb19a2b15d4e6f722318b36f683a26e1d26f4f33fd185c433d054adb0e6f404511a0517391af893675128762d7c75d" classname="com.github.traderjoe95.mls.protocol.tree.TreeKem" time="0.0"/>
  <testcase name="a new update path generated by the sender should be successfully processed" classname="com.github.traderjoe95.mls.protocol.tree.TreeKem" time="0.001"/>
  <testcase name="the update path should be parent-hash valid" classname="com.github.traderjoe95.mls.protocol.tree.TreeKem" time="0.0"/>
  <testcase name="the tree hash after merging the update path should be cc00e6dc01d6a9385c8ff9c9c1d180c6a3a0c8c0090ed986afbef91081a09c219c00eee72ae7f47e21f589809a93b90989752a1f0da6e510d3690f200bf5d5b3" classname="com.github.traderjoe95.mls.protocol.tree.TreeKem" time="0.0"/>
  <testcase name="the decrypted path secret should be b8b3f49e976da737934c42b1f17acd1c90f01c5081756d1ada4c4f08945c10878875273d7b749929ea532b5d44b3e0b8466a76e864ceb9084d3c9e3926fa3809" classname="com.github.traderjoe95.mls.protocol.tree.TreeKem" time="0.0"/>
  <testcase name="a new update path generated by the sender should be successfully processed" classname="com.github.traderjoe95.mls.protocol.tree.TreeKem" time="0.001"/>
  <testcase name="the update path should be parent-hash valid" classname="com.github.traderjoe95.mls.protocol.tree.TreeKem" time="0.0"/>
  <testcase name="the tree hash after merging the update path should be cc00e6dc01d6a9385c8ff9c9c1d180c6a3a0c8c0090ed986afbef91081a09c219c00eee72ae7f47e21f589809a93b90989752a1f0da6e510d3690f200bf5d5b3" classname="com.github.traderjoe95.mls.protocol.tree.TreeKem" time="0.0"/>
  <testcase name="the decrypted path secret should be a582367e8c2c36629e6167c54ddaa3e258f55954e7532bfb1c2052b1822e8b916e2e22ff10a1f39f37e09a4eaf8ddabddef54780738a8f13f5ee483ecd666d76" classname="com.github.traderjoe95.mls.protocol.tree.TreeKem" time="0.0"/>
  <testcase name="a new update path generated by the sender should be successfully processed" classname="com.github.traderjoe95.mls.protocol.tree.TreeKem" time="0.001"/>
  <testcase name="the update path should be parent-hash valid" classname="com.github.traderjoe95.mls.protocol.tree.TreeKem" time="0.0"/>
  <testcase name="the tree hash after merging the update path should be cc00e6dc01d6a9385c8ff9c9c1d180c6a3a0c8c0090ed986afbef91081a09c219c00eee72ae7f47e21f589809a93b90989752a1f0da6e510d3690f200bf5d5b3" classname="com.github.traderjoe95.mls.protocol.tree.TreeKem" time="0.0"/>
  <testcase name="the decrypted path secret should be a582367e8c2c36629e6167c54ddaa3e258f55954e7532bfb1c2052b1822e8b916e2e22ff10a1f39f37e09a4eaf8ddabddef54780738a8f13f5ee483ecd666d76" classname="com.github.traderjoe95.mls.protocol.tree.TreeKem" time="0.0"/>
  <testcase name="a new update path generated by the sender should be successfully processed" classname="com.github.traderjoe95.mls.protocol.tree.TreeKem" time="0.001"/>
  <testcase name="the update path should be parent-hash valid" classname="com.github.traderjoe95.mls.protocol.tree.TreeKem" time="0.0"/>
  <testcase name="the tree hash after merging the update path should be 1d5a5412d4ad88fc2e6035ef193b82e6dd5168908c71162edf22d42a5e9629c9e7a17657753d5af9f37cd3d0eebbedf95b758dc9790e17436160ec1fc3ed42b8" classname="com.github.traderjoe95.mls.protocol.tree.TreeKem" time="0.0"/>
  <testcase name="the decrypted path secret should be ccf52514638cc06cffc40270825ffb02218a9beca7001bcfc73ee865c0b1ec9bde96011be726cd93e2c1ec66242904ea5ecaf4d00304404016c9af50df61e912" classname="com.github.traderjoe95.mls.protocol.tree.TreeKem" time="0.001"/>
  <testcase name="a new update path generated by the sender should be successfully processed" classname="com.github.traderjoe95.mls.protocol.tree.TreeKem" time="0.001"/>
  <testcase name="the update path should be parent-hash valid" classname="com.github.traderjoe95.mls.protocol.tree.TreeKem" time="0.0"/>
  <testcase name="the tree hash after merging the update path should be 1d5a5412d4ad88fc2e6035ef193b82e6dd5168908c71162edf22d42a5e9629c9e7a17657753d5af9f37cd3d0eebbedf95b758dc9790e17436160ec1fc3ed42b8" classname="com.github.traderjoe95.mls.protocol.tree.TreeKem" time="0.0"/>
  <testcase name="the decrypted path secret should be ccf52514638cc06cffc40270825ffb02218a9beca7001bcfc73ee865c0b1ec9bde96011be726cd93e2c1ec66242904ea5ecaf4d00304404016c9af50df61e912" classname="com.github.traderjoe95.mls.protocol.tree.TreeKem" time="0.001"/>
  <testcase name="a new update path generated by the sender should be successfully processed" classname="com.github.traderjoe95.mls.protocol.tree.TreeKem" time="0.001"/>
  <testcase name="the update path should be parent-hash valid" classname="com.github.traderjoe95.mls.protocol.tree.TreeKem" time="0.0"/>
  <testcase name="the tree hash after merging the update path should be 1d5a5412d4ad88fc2e6035ef193b82e6dd5168908c71162edf22d42a5e9629c9e7a17657753d5af9f37cd3d0eebbedf95b758dc9790e17436160ec1fc3ed42b8" classname="com.github.traderjoe95.mls.protocol.tree.TreeKem" time="0.0"/>
  <testcase name="the decrypted path secret should be cdb719562a209762b9d7ae3438b7ea71579ad25b58b1801809aed0b1788316f29bd218e14639f1dc589cdd34fe0778206f0baaa2ffaf532eaa8dbb1cdb24e612" classname="com.github.traderjoe95.mls.protocol.tree.TreeKem" time="0.0"/>
  <testcase name="a new update path generated by the sender should be successfully processed" classname="com.github.traderjoe95.mls.protocol.tree.TreeKem" time="0.001"/>
  <testcase name="the update path should be parent-hash valid" classname="com.github.traderjoe95.mls.protocol.tree.TreeKem" time="0.0"/>
  <testcase name="the tree hash after merging the update path should be 1d5a5412d4ad88fc2e6035ef193b82e6dd5168908c71162edf22d42a5e9629c9e7a17657753d5af9f37cd3d0eebbedf95b758dc9790e17436160ec1fc3ed42b8" classname="com.github.traderjoe95.mls.protocol.tree.TreeKem" time="0.0"/>
  <testcase name="the decrypted path secret should be 3a8e0ef744f590f8fc99a6cc2b27cf07049f63078d9022a82c6ab703afb67cbc0faeff14305e941fca85387bbe00550afe4f7b2f17351f81873998ecfc2cdf39" classname="com.github.traderjoe95.mls.protocol.tree.TreeKem" time="0.001"/>
  <testcase name="a new update path generated by the sender should be successfully processed" classname="com.github.traderjoe95.mls.protocol.tree.TreeKem" time="0.001"/>
  <testcase name="the update path should be parent-hash valid" classname="com.github.traderjoe95.mls.protocol.tree.TreeKem" time="0.001"/>
  <testcase name="the tree hash after merging the update path should be 1d5a5412d4ad88fc2e6035ef193b82e6dd5168908c71162edf22d42a5e9629c9e7a17657753d5af9f37cd3d0eebbedf95b758dc9790e17436160ec1fc3ed42b8" classname="com.github.traderjoe95.mls.protocol.tree.TreeKem" time="0.001"/>
  <testcase name="the decrypted path secret should be 3a8e0ef744f590f8fc99a6cc2b27cf07049f63078d9022a82c6ab703afb67cbc0faeff14305e941fca85387bbe00550afe4f7b2f17351f81873998ecfc2cdf39" classname="com.github.traderjoe95.mls.protocol.tree.TreeKem" time="0.001"/>
  <testcase name="a new update path generated by the sender should be successfully processed" classname="com.github.traderjoe95.mls.protocol.tree.TreeKem" time="0.001"/>
  <testcase name="the update path should be parent-hash valid" classname="com.github.traderjoe95.mls.protocol.tree.TreeKem" time="0.0"/>
  <testcase name="the tree hash after merging the update path should be a1762cf18e89b7210fd8b54644d0215b0198b883c1f37ca2ab98afc047a01cf7f988b8a67e5f5999b5a84390c485af24e85474246dc5baf7933b7235e4856582" classname="com.github.traderjoe95.mls.protocol.tree.TreeKem" time="0.001"/>
  <testcase name="the decrypted path secret should be b220f14b776954943c9c511d6527a0b0e571d915c05cdc3f7bb038e727df640263f639c6b4225b323d7e7bf61698d7d1fdf9b8fa18de8aa68238ad2d52d4bdb8" classname="com.github.traderjoe95.mls.protocol.tree.TreeKem" time="0.001"/>
  <testcase name="a new update path generated by the sender should be successfully processed" classname="com.github.traderjoe95.mls.protocol.tree.TreeKem" time="0.001"/>
  <testcase name="the update path should be parent-hash valid" classname="com.github.traderjoe95.mls.protocol.tree.TreeKem" time="0.0"/>
  <testcase name="the tree hash after merging the update path should be a1762cf18e89b7210fd8b54644d0215b0198b883c1f37ca2ab98afc047a01cf7f988b8a67e5f5999b5a84390c485af24e85474246dc5baf7933b7235e4856582" classname="com.github.traderjoe95.mls.protocol.tree.TreeKem" time="0.001"/>
  <testcase name="the decrypted path secret should be b220f14b776954943c9c511d6527a0b0e571d915c05cdc3f7bb038e727df640263f639c6b4225b323d7e7bf61698d7d1fdf9b8fa18de8aa68238ad2d52d4bdb8" classname="com.github.traderjoe95.mls.protocol.tree.TreeKem" time="0.001"/>
  <testcase name="a new update path generated by the sender should be successfully processed" classname="com.github.traderjoe95.mls.protocol.tree.TreeKem" time="0.001"/>
  <testcase name="the update path should be parent-hash valid" classname="com.github.traderjoe95.mls.protocol.tree.TreeKem" time="0.0"/>
  <testcase name="the tree hash after merging the update path should be a1762cf18e89b7210fd8b54644d0215b0198b883c1f37ca2ab98afc047a01cf7f988b8a67e5f5999b5a84390c485af24e85474246dc5baf7933b7235e4856582" classname="com.github.traderjoe95.mls.protocol.tree.TreeKem" time="0.0"/>
  <testcase name="the decrypted path secret should be b220f14b776954943c9c511d6527a0b0e571d915c05cdc3f7bb038e727df640263f639c6b4225b323d7e7bf61698d7d1fdf9b8fa18de8aa68238ad2d52d4bdb8" classname="com.github.traderjoe95.mls.protocol.tree.TreeKem" time="0.001"/>
  <testcase name="a new update path generated by the sender should be successfully processed" classname="com.github.traderjoe95.mls.protocol.tree.TreeKem" time="0.001"/>
  <testcase name="the update path should be parent-hash valid" classname="com.github.traderjoe95.mls.protocol.tree.TreeKem" time="0.0"/>
  <testcase name="the tree hash after merging the update path should be a1762cf18e89b7210fd8b54644d0215b0198b883c1f37ca2ab98afc047a01cf7f988b8a67e5f5999b5a84390c485af24e85474246dc5baf7933b7235e4856582" classname="com.github.traderjoe95.mls.protocol.tree.TreeKem" time="0.0"/>
  <testcase name="the decrypted path secret should be b220f14b776954943c9c511d6527a0b0e571d915c05cdc3f7bb038e727df640263f639c6b4225b323d7e7bf61698d7d1fdf9b8fa18de8aa68238ad2d52d4bdb8" classname="com.github.traderjoe95.mls.protocol.tree.TreeKem" time="0.0"/>
  <testcase name="a new update path generated by the sender should be successfully processed" classname="com.github.traderjoe95.mls.protocol.tree.TreeKem" time="0.001"/>
  <testcase name="the update path should be parent-hash valid" classname="com.github.traderjoe95.mls.protocol.tree.TreeKem" time="0.0"/>
  <testcase name="the tree hash after merging the update path should be a1762cf18e89b7210fd8b54644d0215b0198b883c1f37ca2ab98afc047a01cf7f988b8a67e5f5999b5a84390c485af24e85474246dc5baf7933b7235e4856582" classname="com.github.traderjoe95.mls.protocol.tree.TreeKem" time="0.0"/>
  <testcase name="the decrypted path secret should be e94f903c4ee79c23ba66d1ee41953e09c3f53754fb782dc6a809b0dabf3ca221591003e87b7c81acc14ce73346f7bccb381b83d8db81f612975149e220826e61" classname="com.github.traderjoe95.mls.protocol.tree.TreeKem" time="0.001"/>
  <testcase name="a new update path generated by the sender should be successfully processed" classname="com.github.traderjoe95.mls.protocol.tree.TreeKem" time="0.001"/>
  <testcase name="the update path should be parent-hash valid" classname="com.github.traderjoe95.mls.protocol.tree.TreeKem" time="0.0"/>
  <testcase name="the tree hash after merging the update path should be 7a4a8d14529e5a6b66d10914057d7eb23319b20bbfd039176d501ee0d75471cc3e5e6761fce7a1eac67ebc0980ea2ba7291051f476b05a746752364cd0bf73d0" classname="com.github.traderjoe95.mls.protocol.tree.TreeKem" time="0.0"/>
  <testcase name="the decrypted path secret should be 5a376af6f9870fa0479344f3db422ca688c1f9b308eae2c1a8d5b6b4cd7a1618847f91159fa31672ec193dbe0a09ca4730e0b17af5d56913f83e9e10e5c98a2f" classname="com.github.traderjoe95.mls.protocol.tree.TreeKem" time="0.001"/>
  <testcase name="a new update path generated by the sender should be successfully processed" classname="com.github.traderjoe95.mls.protocol.tree.TreeKem" time="0.001"/>
  <testcase name="the update path should be parent-hash valid" classname="com.github.traderjoe95.mls.protocol.tree.TreeKem" time="0.0"/>
  <testcase name="the tree hash after merging the update path should be 7a4a8d14529e5a6b66d10914057d7eb23319b20bbfd039176d501ee0d75471cc3e5e6761fce7a1eac67ebc0980ea2ba7291051f476b05a746752364cd0bf73d0" classname="com.github.traderjoe95.mls.protocol.tree.TreeKem" time="0.0"/>
  <testcase name="the decrypted path secret should be 5a376af6f9870fa0479344f3db422ca688c1f9b308eae2c1a8d5b6b4cd7a1618847f91159fa31672ec193dbe0a09ca4730e0b17af5d56913f83e9e10e5c98a2f" classname="com.github.traderjoe95.mls.protocol.tree.TreeKem" time="0.001"/>
  <testcase name="a new update path generated by the sender should be successfully processed" classname="com.github.traderjoe95.mls.protocol.tree.TreeKem" time="0.001"/>
  <testcase name="the update path should be parent-hash valid" classname="com.github.traderjoe95.mls.protocol.tree.TreeKem" time="0.0"/>
  <testcase name="the tree hash after merging the update path should be 7a4a8d14529e5a6b66d10914057d7eb23319b20bbfd039176d501ee0d75471cc3e5e6761fce7a1eac67ebc0980ea2ba7291051f476b05a746752364cd0bf73d0" classname="com.github.traderjoe95.mls.protocol.tree.TreeKem" time="0.0"/>
  <testcase name="the decrypted path secret should be 5a376af6f9870fa0479344f3db422ca688c1f9b308eae2c1a8d5b6b4cd7a1618847f91159fa31672ec193dbe0a09ca4730e0b17af5d56913f83e9e10e5c98a2f" classname="com.github.traderjoe95.mls.protocol.tree.TreeKem" time="0.0"/>
  <testcase name="a new update path generated by the sender should be successfully processed" classname="com.github.traderjoe95.mls.protocol.tree.TreeKem" time="0.001"/>
  <testcase name="the update path should be parent-hash valid" classname="com.github.traderjoe95.mls.protocol.tree.TreeKem" time="0.001"/>
  <testcase name="the tree hash after merging the update path should be 7a4a8d14529e5a6b66d10914057d7eb23319b20bbfd039176d501ee0d75471cc3e5e6761fce7a1eac67ebc0980ea2ba7291051f476b05a746752364cd0bf73d0" classname="com.github.traderjoe95.mls.protocol.tree.TreeKem" time="0.001"/>
  <testcase name="the decrypted path secret should be 5a376af6f9870fa0479344f3db422ca688c1f9b308eae2c1a8d5b6b4cd7a1618847f91159fa31672ec193dbe0a09ca4730e0b17af5d56913f83e9e10e5c98a2f" classname="com.github.traderjoe95.mls.protocol.tree.TreeKem" time="0.001"/>
  <testcase name="a new update path generated by the sender should be successfully processed" classname="com.github.traderjoe95.mls.protocol.tree.TreeKem" time="0.001"/>
  <testcase name="the update path should be parent-hash valid" classname="com.github.traderjoe95.mls.protocol.tree.TreeKem" time="0.0"/>
  <testcase name="the tree hash after merging the update path should be 7a4a8d14529e5a6b66d10914057d7eb23319b20bbfd039176d501ee0d75471cc3e5e6761fce7a1eac67ebc0980ea2ba7291051f476b05a746752364cd0bf73d0" classname="com.github.traderjoe95.mls.protocol.tree.TreeKem" time="0.001"/>
  <testcase name="the decrypted path secret should be 020112592d43fa003cf04d52b1443d81850b75dc3abc84f609cb88ae8502ba3ac8349d7e01c91a92e56cbe2f250b97720d5b4b1a5326434e1284571bb823e20b" classname="com.github.traderjoe95.mls.protocol.tree.TreeKem" time="0.001"/>
  <testcase name="a new update path generated by the sender should be successfully processed" classname="com.github.traderjoe95.mls.protocol.tree.TreeKem" time="0.001"/>
  <testcase name="non-blank leaf 0 should be consistent with the public state" classname="com.github.traderjoe95.mls.protocol.tree.TreeKem" time="0.001"/>
  <testcase name="non-blank leaf 1 should be consistent with the public state" classname="com.github.traderjoe95.mls.protocol.tree.TreeKem" time="0.001"/>
  <testcase name="non-blank leaf 2 should be consistent with the public state" classname="com.github.traderjoe95.mls.protocol.tree.TreeKem" time="0.001"/>
  <testcase name="non-blank leaf 3 should be consistent with the public state" classname="com.github.traderjoe95.mls.protocol.tree.TreeKem" time="0.001"/>
  <testcase name="non-blank leaf 4 should be consistent with the public state" classname="com.github.traderjoe95.mls.protocol.tree.TreeKem" time="0.001"/>
  <testcase name="non-blank leaf 5 should be consistent with the public state" classname="com.github.traderjoe95.mls.protocol.tree.TreeKem" time="0.002"/>
  <testcase name="non-blank leaf 6 should be consistent with the public state" classname="com.github.traderjoe95.mls.protocol.tree.TreeKem" time="0.001"/>
  <testcase name="the update path should be parent-hash valid" classname="com.github.traderjoe95.mls.protocol.tree.TreeKem" time="0.001"/>
  <testcase name="the tree hash after merging the update path should be 540b2e8579aa0058b8a4ae7687206e8adf386286cc0e380bd9c7d421e73f0bd22d1d81b420f1208d69429c739ab957f820f2c05ae67359f5f57a32cf68ba8561" classname="com.github.traderjoe95.mls.protocol.tree.TreeKem" time="0.0"/>
  <testcase name="the decrypted path secret should be 3d4f76d2b0fb1d58e612812060b61f837d5add3e367151a90c7df6f6c9271e9aea4c5911234ce52da63bc060764956efd340418a2fd7d1ab47faafddd4ec204a" classname="com.github.traderjoe95.mls.protocol.tree.TreeKem" time="0.001"/>
  <testcase name="a new update path generated by the sender should be successfully processed" classname="com.github.traderjoe95.mls.protocol.tree.TreeKem" time="0.001"/>
  <testcase name="the update path should be parent-hash valid" classname="com.github.traderjoe95.mls.protocol.tree.TreeKem" time="0.0"/>
  <testcase name="the tree hash after merging the update path should be 540b2e8579aa0058b8a4ae7687206e8adf386286cc0e380bd9c7d421e73f0bd22d1d81b420f1208d69429c739ab957f820f2c05ae67359f5f57a32cf68ba8561" classname="com.github.traderjoe95.mls.protocol.tree.TreeKem" time="0.0"/>
  <testcase name="the decrypted path secret should be 270a983d14c8a70255f57d440f46d00bc9390fdad1a7e66309b7e6b43768bd1bdd72f6a3ee4fdfae4f30f078aec31e3845dae14f307dcd2bdf07b10c9280560a" classname="com.github.traderjoe95.mls.protocol.tree.TreeKem" time="0.001"/>
  <testcase name="a new update path generated by the sender should be successfully processed" classname="com.github.traderjoe95.mls.protocol.tree.TreeKem" time="0.001"/>
  <testcase name="the update path should be parent-hash valid" classname="com.github.traderjoe95.mls.protocol.tree.TreeKem" time="0.0"/>
  <testcase name="the tree hash after merging the update path should be 540b2e8579aa0058b8a4ae7687206e8adf386286cc0e380bd9c7d421e73f0bd22d1d81b420f1208d69429c739ab957f820f2c05ae67359f5f57a32cf68ba8561" classname="com.github.traderjoe95.mls.protocol.tree.TreeKem" time="0.0"/>
  <testcase name="the decrypted path secret should be 270a983d14c8a70255f57d440f46d00bc9390fdad1a7e66309b7e6b43768bd1bdd72f6a3ee4fdfae4f30f078aec31e3845dae14f307dcd2bdf07b10c9280560a" classname="com.github.traderjoe95.mls.protocol.tree.TreeKem" time="0.0"/>
  <testcase name="a new update path generated by the sender should be successfully processed" classname="com.github.traderjoe95.mls.protocol.tree.TreeKem" time="0.001"/>
  <testcase name="the update path should be parent-hash valid" classname="com.github.traderjoe95.mls.protocol.tree.TreeKem" time="0.0"/>
  <testcase name="the tree hash after merging the update path should be 540b2e8579aa0058b8a4ae7687206e8adf386286cc0e380bd9c7d421e73f0bd22d1d81b420f1208d69429c739ab957f820f2c05ae67359f5f57a32cf68ba8561" classname="com.github.traderjoe95.mls.protocol.tree.TreeKem" time="0.0"/>
  <testcase name="the decrypted path secret should be 7b0c08a4c0f7189c1bf22d72cd838b168251e0a78ff6435db37b92847fb38285a55532ded18651f72f62e8cfc7626e7910412e1eba314f6896a868ced236ee14" classname="com.github.traderjoe95.mls.protocol.tree.TreeKem" time="0.001"/>
  <testcase name="a new update path generated by the sender should be successfully processed" classname="com.github.traderjoe95.mls.protocol.tree.TreeKem" time="0.001"/>
  <testcase name="the update path should be parent-hash valid" classname="com.github.traderjoe95.mls.protocol.tree.TreeKem" time="0.0"/>
  <testcase name="the tree hash after merging the update path should be 540b2e8579aa0058b8a4ae7687206e8adf386286cc0e380bd9c7d421e73f0bd22d1d81b420f1208d69429c739ab957f820f2c05ae67359f5f57a32cf68ba8561" classname="com.github.traderjoe95.mls.protocol.tree.TreeKem" time="0.0"/>
  <testcase name="the decrypted path secret should be 7b0c08a4c0f7189c1bf22d72cd838b168251e0a78ff6435db37b92847fb38285a55532ded18651f72f62e8cfc7626e7910412e1eba314f6896a868ced236ee14" classname="com.github.traderjoe95.mls.protocol.tree.TreeKem" time="0.0"/>
  <testcase name="a new update path generated by the sender should be successfully processed" classname="com.github.traderjoe95.mls.protocol.tree.TreeKem" time="0.001"/>
  <testcase name="the update path should be parent-hash valid" classname="com.github.traderjoe95.mls.protocol.tree.TreeKem" time="0.0"/>
  <testcase name="the tree hash after merging the update path should be 540b2e8579aa0058b8a4ae7687206e8adf386286cc0e380bd9c7d421e73f0bd22d1d81b420f1208d69429c739ab957f820f2c05ae67359f5f57a32cf68ba8561" classname="com.github.traderjoe95.mls.protocol.tree.TreeKem" time="0.001"/>
  <testcase name="the decrypted path secret should be 7b0c08a4c0f7189c1bf22d72cd838b168251e0a78ff6435db37b92847fb38285a55532ded18651f72f62e8cfc7626e7910412e1eba314f6896a868ced236ee14" classname="com.github.traderjoe95.mls.protocol.tree.TreeKem" time="0.001"/>
  <testcase name="a new update path generated by the sender should be successfully processed" classname="com.github.traderjoe95.mls.protocol.tree.TreeKem" time="0.001"/>
  <testcase name="the update path should be parent-hash valid" classname="com.github.traderjoe95.mls.protocol.tree.TreeKem" time="0.0"/>
  <testcase name="the tree hash after merging the update path should be 99b9e70665d6ce0f7ceecf1ffbbb3583a5130356984b556bdc80b8a53601bbba94afd46bd465ebc0618d352575a497872d27b9368995cda3e7d982dca9c11bb1" classname="com.github.traderjoe95.mls.protocol.tree.TreeKem" time="0.0"/>
  <testcase name="the decrypted path secret should be d25354d8eae22ea604fa62cec6b1629467b8373c14a9f319627a216d53bc1101e4be1dd243906b90aa43c112e1482c5bff71b626d82a3c86c48fb8070f7b83a3" classname="com.github.traderjoe95.mls.protocol.tree.TreeKem" time="0.001"/>
  <testcase name="a new update path generated by the sender should be successfully processed" classname="com.github.traderjoe95.mls.protocol.tree.TreeKem" time="0.001"/>
  <testcase name="the update path should be parent-hash valid" classname="com.github.traderjoe95.mls.protocol.tree.TreeKem" time="0.0"/>
  <testcase name="the tree hash after merging the update path should be 99b9e70665d6ce0f7ceecf1ffbbb3583a5130356984b556bdc80b8a53601bbba94afd46bd465ebc0618d352575a497872d27b9368995cda3e7d982dca9c11bb1" classname="com.github.traderjoe95.mls.protocol.tree.TreeKem" time="0.0"/>
  <testcase name="the decrypted path secret should be 10a3ac3f61948a6b3c2a4552da8dbf0b78169d4838bca157395996810e7b63e185983c0233c252dabe96c762010d7257cbcecc6a6111aff67a8b4c799ae8e89e" classname="com.github.traderjoe95.mls.protocol.tree.TreeKem" time="0.0"/>
  <testcase name="a new update path generated by the sender should be successfully processed" classname="com.github.traderjoe95.mls.protocol.tree.TreeKem" time="0.001"/>
  <testcase name="the update path should be parent-hash valid" classname="com.github.traderjoe95.mls.protocol.tree.TreeKem" time="0.0"/>
  <testcase name="the tree hash after merging the update path should be 99b9e70665d6ce0f7ceecf1ffbbb3583a5130356984b556bdc80b8a53601bbba94afd46bd465ebc0618d352575a497872d27b9368995cda3e7d982dca9c11bb1" classname="com.github.traderjoe95.mls.protocol.tree.TreeKem" time="0.0"/>
  <testcase name="the decrypted path secret should be 10a3ac3f61948a6b3c2a4552da8dbf0b78169d4838bca157395996810e7b63e185983c0233c252dabe96c762010d7257cbcecc6a6111aff67a8b4c799ae8e89e" classname="com.github.traderjoe95.mls.protocol.tree.TreeKem" time="0.001"/>
  <testcase name="a new update path generated by the sender should be successfully processed" classname="com.github.traderjoe95.mls.protocol.tree.TreeKem" time="0.001"/>
  <testcase name="the update path should be parent-hash valid" classname="com.github.traderjoe95.mls.protocol.tree.TreeKem" time="0.0"/>
  <testcase name="the tree hash after merging the update path should be 99b9e70665d6ce0f7ceecf1ffbbb3583a5130356984b556bdc80b8a53601bbba94afd46bd465ebc0618d352575a497872d27b9368995cda3e7d982dca9c11bb1" classname="com.github.traderjoe95.mls.protocol.tree.TreeKem" time="0.0"/>
  <testcase name="the decrypted path secret should be c2d62f08e14008ee1a70b1af1ff6b8e79011be45f3e7ed306b60f102880f4630362c9541cb142f533ef5bf57cc029d12def7166098a3356d707d48b1b9f95ee3" classname="com.github.traderjoe95.mls.protocol.tree.TreeKem" time="0.001"/>
  <testcase name="a new update path generated by the sender should be successfully processed" classname="com.github.traderjoe95.mls.protocol.tree.TreeKem" time="0.001"/>
  <testcase name="the update path should be parent-hash valid" classname="com.github.traderjoe95.mls.protocol.tree.TreeKem" time="0.0"/>
  <testcase name="the tree hash after merging the update path should be 99b9e70665d6ce0f7ceecf1ffbbb3583a5130356984b556bdc80b8a53601bbba94afd46bd465ebc0618d352575a497872d27b9368995cda3e7d982dca9c11bb1" classname="com.github.traderjoe95.mls.protocol.tree.TreeKem" time="0.001"/>
  <testcase name="the decrypted path secret should be c2d62f08e14008ee1a70b1af1ff6b8e79011be45f3e7ed306b60f102880f4630362c9541cb142f533ef5bf57cc029d12def7166098a3356d707d48b1b9f95ee3" classname="com.github.traderjoe95.mls.protocol.tree.TreeKem" time="0.001"/>
  <testcase name="a new update path generated by the sender should be successfully processed" classname="com.github.traderjoe95.mls.protocol.tree.TreeKem" time="0.001"/>
  <testcase name="the update path should be parent-hash valid" classname="com.github.traderjoe95.mls.protocol.tree.TreeKem" time="0.0"/>
  <testcase name="the tree hash after merging the update path should be 99b9e70665d6ce0f7ceecf1ffbbb3583a5130356984b556bdc80b8a53601bbba94afd46bd465ebc0618d352575a497872d27b9368995cda3e7d982dca9c11bb1" classname="com.github.traderjoe95.mls.protocol.tree.TreeKem" time="0.0"/>
  <testcase name="the decrypted path secret should be c2d62f08e14008ee1a70b1af1ff6b8e79011be45f3e7ed306b60f102880f4630362c9541cb142f533ef5bf57cc029d12def7166098a3356d707d48b1b9f95ee3" classname="com.github.traderjoe95.mls.protocol.tree.TreeKem" time="0.0"/>
  <testcase name="a new update path generated by the sender should be successfully processed" classname="com.github.traderjoe95.mls.protocol.tree.TreeKem" time="0.001"/>
  <testcase name="the update path should be parent-hash valid" classname="com.github.traderjoe95.mls.protocol.tree.TreeKem" time="0.001"/>
  <testcase name="the tree hash after merging the update path should be d440ee19df8465f6548daac31768c0b5e618e552dc4505c185b02cd86bc913de453c0cddbbf424f755313597f0e4aafd3ab2ad2432dafb9c2557027766bfb17c" classname="com.github.traderjoe95.mls.protocol.tree.TreeKem" time="0.001"/>
  <testcase name="the decrypted path secret should be 4f02e9fefd9bd232d58eb8158f86e415b7628468dab37d8571319812494e1b15796a86845f9c8d18f17c7ad98fe87fcc6d13aa5eee5243cbdbcfa4f355fb5f97" classname="com.github.traderjoe95.mls.protocol.tree.TreeKem" time="0.001"/>
  <testcase name="a new update path generated by the sender should be successfully processed" classname="com.github.traderjoe95.mls.protocol.tree.TreeKem" time="0.001"/>
  <testcase name="the update path should be parent-hash valid" classname="com.github.traderjoe95.mls.protocol.tree.TreeKem" time="0.0"/>
  <testcase name="the tree hash after merging the update path should be d440ee19df8465f6548daac31768c0b5e618e552dc4505c185b02cd86bc913de453c0cddbbf424f755313597f0e4aafd3ab2ad2432dafb9c2557027766bfb17c" classname="com.github.traderjoe95.mls.protocol.tree.TreeKem" time="0.0"/>
  <testcase name="the decrypted path secret should be 4f02e9fefd9bd232d58eb8158f86e415b7628468dab37d8571319812494e1b15796a86845f9c8d18f17c7ad98fe87fcc6d13aa5eee5243cbdbcfa4f355fb5f97" classname="com.github.traderjoe95.mls.protocol.tree.TreeKem" time="0.001"/>
  <testcase name="a new update path generated by the sender should be successfully processed" classname="com.github.traderjoe95.mls.protocol.tree.TreeKem" time="0.001"/>
  <testcase name="the update path should be parent-hash valid" classname="com.github.traderjoe95.mls.protocol.tree.TreeKem" time="0.0"/>
  <testcase name="the tree hash after merging the update path should be d440ee19df8465f6548daac31768c0b5e618e552dc4505c185b02cd86bc913de453c0cddbbf424f755313597f0e4aafd3ab2ad2432dafb9c2557027766bfb17c" classname="com.github.traderjoe95.mls.protocol.tree.TreeKem" time="0.0"/>
  <testcase name="the decrypted path secret should be 79831113f41a5798338de9d2bc02ef9fe523961da37e494ea99cd516741a4a13f9e2846773927bf7a91ad7f46fe64f0afccce8187130d5ba26feafad59be7d80" classname="com.github.traderjoe95.mls.protocol.tree.TreeKem" time="0.0"/>
  <testcase name="a new update path generated by the sender should be successfully processed" classname="com.github.traderjoe95.mls.protocol.tree.TreeKem" time="0.001"/>
  <testcase name="the update path should be parent-hash valid" classname="com.github.traderjoe95.mls.protocol.tree.TreeKem" time="0.0"/>
  <testcase name="the tree hash after merging the update path should be d440ee19df8465f6548daac31768c0b5e618e552dc4505c185b02cd86bc913de453c0cddbbf424f755313597f0e4aafd3ab2ad2432dafb9c2557027766bfb17c" classname="com.github.traderjoe95.mls.protocol.tree.TreeKem" time="0.0"/>
  <testcase name="the decrypted path secret should be 8d6b0f5de7bb523fb9eaf98f8a564fff04c0ea50540611d50be425a9d33f84bf3ef6a530d9152380fa2eae7eafdb6f7443ada1e5dcde960d8079286b8dc75514" classname="com.github.traderjoe95.mls.protocol.tree.TreeKem" time="0.001"/>
  <testcase name="a new update path generated by the sender should be successfully processed" classname="com.github.traderjoe95.mls.protocol.tree.TreeKem" time="0.001"/>
  <testcase name="the update path should be parent-hash valid" classname="com.github.traderjoe95.mls.protocol.tree.TreeKem" time="0.001"/>
  <testcase name="the tree hash after merging the update path should be d440ee19df8465f6548daac31768c0b5e618e552dc4505c185b02cd86bc913de453c0cddbbf424f755313597f0e4aafd3ab2ad2432dafb9c2557027766bfb17c" classname="com.github.traderjoe95.mls.protocol.tree.TreeKem" time="0.0"/>
  <testcase name="the decrypted path secret should be 8d6b0f5de7bb523fb9eaf98f8a564fff04c0ea50540611d50be425a9d33f84bf3ef6a530d9152380fa2eae7eafdb6f7443ada1e5dcde960d8079286b8dc75514" classname="com.github.traderjoe95.mls.protocol.tree.TreeKem" time="0.001"/>
  <testcase name="a new update path generated by the sender should be successfully processed" classname="com.github.traderjoe95.mls.protocol.tree.TreeKem" time="0.001"/>
  <testcase name="the update path should be parent-hash valid" classname="com.github.traderjoe95.mls.protocol.tree.TreeKem" time="0.0"/>
  <testcase name="the tree hash after merging the update path should be d440ee19df8465f6548daac31768c0b5e618e552dc4505c185b02cd86bc913de453c0cddbbf424f755313597f0e4aafd3ab2ad2432dafb9c2557027766bfb17c" classname="com.github.traderjoe95.mls.protocol.tree.TreeKem" time="0.0"/>
  <testcase name="the decrypted path secret should be 8d6b0f5de7bb523fb9eaf98f8a564fff04c0ea50540611d50be425a9d33f84bf3ef6a530d9152380fa2eae7eafdb6f7443ada1e5dcde960d8079286b8dc75514" classname="com.github.traderjoe95.mls.protocol.tree.TreeKem" time="0.001"/>
  <testcase name="a new update path generated by the sender should be successfully processed" classname="com.github.traderjoe95.mls.protocol.tree.TreeKem" time="0.001"/>
  <testcase name="the update path should be parent-hash valid" classname="com.github.traderjoe95.mls.protocol.tree.TreeKem" time="0.0"/>
  <testcase name="the tree hash after merging the update path should be 2c6074f2dcbb233baa26dcdeae7088af625e379a610d8537bf4dc8989a81cf7bcc5e005fa8885382098346b8cbcdbeb957df992881b43742881dea3c9b7bb7ef" classname="com.github.traderjoe95.mls.protocol.tree.TreeKem" time="0.0"/>
  <testcase name="the decrypted path secret should be 23601b15729d0f31cd90fab22bada937683761209f221a6f57ccbc2451682e55e8e9bab381618158fd4c01a9353f54e2f045c08d22b5ebbf9ece29547d0b913a" classname="com.github.traderjoe95.mls.protocol.tree.TreeKem" time="0.0"/>
  <testcase name="a new update path generated by the sender should be successfully processed" classname="com.github.traderjoe95.mls.protocol.tree.TreeKem" time="0.001"/>
  <testcase name="the update path should be parent-hash valid" classname="com.github.traderjoe95.mls.protocol.tree.TreeKem" time="0.0"/>
  <testcase name="the tree hash after merging the update path should be 2c6074f2dcbb233baa26dcdeae7088af625e379a610d8537bf4dc8989a81cf7bcc5e005fa8885382098346b8cbcdbeb957df992881b43742881dea3c9b7bb7ef" classname="com.github.traderjoe95.mls.protocol.tree.TreeKem" time="0.0"/>
  <testcase name="the decrypted path secret should be 23601b15729d0f31cd90fab22bada937683761209f221a6f57ccbc2451682e55e8e9bab381618158fd4c01a9353f54e2f045c08d22b5ebbf9ece29547d0b913a" classname="com.github.traderjoe95.mls.protocol.tree.TreeKem" time="0.0"/>
  <testcase name="a new update path generated by the sender should be successfully processed" classname="com.github.traderjoe95.mls.protocol.tree.TreeKem" time="0.001"/>
  <testcase name="the update path should be parent-hash valid" classname="com.github.traderjoe95.mls.protocol.tree.TreeKem" time="0.0"/>
  <testcase name="the tree hash after merging the update path should be 2c6074f2dcbb233baa26dcdeae7088af625e379a610d8537bf4dc8989a81cf7bcc5e005fa8885382098346b8cbcdbeb957df992881b43742881dea3c9b7bb7ef" classname="com.github.traderjoe95.mls.protocol.tree.TreeKem" time="0.0"/>
  <testcase name="the decrypted path secret should be aa35feaf22ae4834379b75eaca5ebd4ca19ca6ce0530e5e7bdf2daa07156c2af5d29811d6337777c86b9c956cefc8d389ccb186369f33a2dd9b1ad15c26913d9" classname="com.github.traderjoe95.mls.protocol.tree.TreeKem" time="0.001"/>
  <testcase name="a new update path generated by the sender should be successfully processed" classname="com.github.traderjoe95.mls.protocol.tree.TreeKem" time="0.001"/>
  <testcase name="the update path should be parent-hash valid" classname="com.github.traderjoe95.mls.protocol.tree.TreeKem" time="0.0"/>
  <testcase name="the tree hash after merging the update path should be 2c6074f2dcbb233baa26dcdeae7088af625e379a610d8537bf4dc8989a81cf7bcc5e005fa8885382098346b8cbcdbeb957df992881b43742881dea3c9b7bb7ef" classname="com.github.traderjoe95.mls.protocol.tree.TreeKem" time="0.001"/>
  <testcase name="the decrypted path secret should be acb5a954da231670ef7b00f567eb4907c28c426f53f83826e449acf1d595fbbb27bd266d3887a663331efd44ecb43eb6b0cbe3f1aca6d76f9dc79c5234cde2f8" classname="com.github.traderjoe95.mls.protocol.tree.TreeKem" time="0.001"/>
  <testcase name="a new update path generated by the sender should be successfully processed" classname="com.github.traderjoe95.mls.protocol.tree.TreeKem" time="0.001"/>
  <testcase name="the update path should be parent-hash valid" classname="com.github.traderjoe95.mls.protocol.tree.TreeKem" time="0.001"/>
  <testcase name="the tree hash after merging the update path should be 2c6074f2dcbb233baa26dcdeae7088af625e379a610d8537bf4dc8989a81cf7bcc5e005fa8885382098346b8cbcdbeb957df992881b43742881dea3c9b7bb7ef" classname="com.github.traderjoe95.mls.protocol.tree.TreeKem" time="0.0"/>
  <testcase name="the decrypted path secret should be acb5a954da231670ef7b00f567eb4907c28c426f53f83826e449acf1d595fbbb27bd266d3887a663331efd44ecb43eb6b0cbe3f1aca6d76f9dc79c5234cde2f8" classname="com.github.traderjoe95.mls.protocol.tree.TreeKem" time="0.001"/>
  <testcase name="a new update path generated by the sender should be successfully processed" classname="com.github.traderjoe95.mls.protocol.tree.TreeKem" time="0.001"/>
  <testcase name="the update path should be parent-hash valid" classname="com.github.traderjoe95.mls.protocol.tree.TreeKem" time="0.001"/>
  <testcase name="the tree hash after merging the update path should be 2c6074f2dcbb233baa26dcdeae7088af625e379a610d8537bf4dc8989a81cf7bcc5e005fa8885382098346b8cbcdbeb957df992881b43742881dea3c9b7bb7ef" classname="com.github.traderjoe95.mls.protocol.tree.TreeKem" time="0.0"/>
  <testcase name="the decrypted path secret should be acb5a954da231670ef7b00f567eb4907c28c426f53f83826e449acf1d595fbbb27bd266d3887a663331efd44ecb43eb6b0cbe3f1aca6d76f9dc79c5234cde2f8" classname="com.github.traderjoe95.mls.protocol.tree.TreeKem" time="0.001"/>
  <testcase name="a new update path generated by the sender should be successfully processed" classname="com.github.traderjoe95.mls.protocol.tree.TreeKem" time="0.001"/>
  <testcase name="the update path should be parent-hash valid" classname="com.github.traderjoe95.mls.protocol.tree.TreeKem" time="0.001"/>
  <testcase name="the tree hash after merging the update path should be a3ba59bd04606ca68482c251103dde943c6af9f14f9edcf4e805ad0905f7506e92383579f39380f006b96af76d2927357610c01d63d51b0b56727559d0f40d43" classname="com.github.traderjoe95.mls.protocol.tree.TreeKem" time="0.0"/>
  <testcase name="the decrypted path secret should be 5eb4acdf5611692fba8ebab53c9dae0f85d8856eeede6aeea1f6aa0768782a071a6faa06422e2901ad1e32169f96a748c71da7e188e2b1992d9e6083ad7c132e" classname="com.github.traderjoe95.mls.protocol.tree.TreeKem" time="0.001"/>
  <testcase name="a new update path generated by the sender should be successfully processed" classname="com.github.traderjoe95.mls.protocol.tree.TreeKem" time="0.001"/>
  <testcase name="the update path should be parent-hash valid" classname="com.github.traderjoe95.mls.protocol.tree.TreeKem" time="0.0"/>
  <testcase name="the tree hash after merging the update path should be a3ba59bd04606ca68482c251103dde943c6af9f14f9edcf4e805ad0905f7506e92383579f39380f006b96af76d2927357610c01d63d51b0b56727559d0f40d43" classname="com.github.traderjoe95.mls.protocol.tree.TreeKem" time="0.001"/>
  <testcase name="the decrypted path secret should be 5eb4acdf5611692fba8ebab53c9dae0f85d8856eeede6aeea1f6aa0768782a071a6faa06422e2901ad1e32169f96a748c71da7e188e2b1992d9e6083ad7c132e" classname="com.github.traderjoe95.mls.protocol.tree.TreeKem" time="0.001"/>
  <testcase name="a new update path generated by the sender should be successfully processed" classname="com.github.traderjoe95.mls.protocol.tree.TreeKem" time="0.001"/>
  <testcase name="the update path should be parent-hash valid" classname="com.github.traderjoe95.mls.protocol.tree.TreeKem" time="0.0"/>
  <testcase name="the tree hash after merging the update path should be a3ba59bd04606ca68482c251103dde943c6af9f14f9edcf4e805ad0905f7506e92383579f39380f006b96af76d2927357610c01d63d51b0b56727559d0f40d43" classname="com.github.traderjoe95.mls.protocol.tree.TreeKem" time="0.001"/>
  <testcase name="the decrypted path secret should be 5eb4acdf5611692fba8ebab53c9dae0f85d8856eeede6aeea1f6aa0768782a071a6faa06422e2901ad1e32169f96a748c71da7e188e2b1992d9e6083ad7c132e" classname="com.github.traderjoe95.mls.protocol.tree.TreeKem" time="0.001"/>
  <testcase name="a new update path generated by the sender should be successfully processed" classname="com.github.traderjoe95.mls.protocol.tree.TreeKem" time="0.002"/>
  <testcase name="the update path should be parent-hash valid" classname="com.github.traderjoe95.mls.protocol.tree.TreeKem" time="0.0"/>
  <testcase name="the tree hash after merging the update path should be a3ba59bd04606ca68482c251103dde943c6af9f14f9edcf4e805ad0905f7506e92383579f39380f006b96af76d2927357610c01d63d51b0b56727559d0f40d43" classname="com.github.traderjoe95.mls.protocol.tree.TreeKem" time="0.001"/>
  <testcase name="the decrypted path secret should be 5eb4acdf5611692fba8ebab53c9dae0f85d8856eeede6aeea1f6aa0768782a071a6faa06422e2901ad1e32169f96a748c71da7e188e2b1992d9e6083ad7c132e" classname="com.github.traderjoe95.mls.protocol.tree.TreeKem" time="0.001"/>
  <testcase name="a new update path generated by the sender should be successfully processed" classname="com.github.traderjoe95.mls.protocol.tree.TreeKem" time="0.001"/>
  <testcase name="the update path should be parent-hash valid" classname="com.github.traderjoe95.mls.protocol.tree.TreeKem" time="0.0"/>
  <testcase name="the tree hash after merging the update path should be a3ba59bd04606ca68482c251103dde943c6af9f14f9edcf4e805ad0905f7506e92383579f39380f006b96af76d2927357610c01d63d51b0b56727559d0f40d43" classname="com.github.traderjoe95.mls.protocol.tree.TreeKem" time="0.001"/>
  <testcase name="the decrypted path secret should be 14b2d67131d90345adbcaa8d5f9fb7a28498ca51ad54991f77d0726e1973f8ae5c0eaf58bda99d11136bd09c7e557b70c831948a6802b920dff546b55fc0be29" classname="com.github.traderjoe95.mls.protocol.tree.TreeKem" time="0.001"/>
  <testcase name="a new update path generated by the sender should be successfully processed" classname="com.github.traderjoe95.mls.protocol.tree.TreeKem" time="0.001"/>
  <testcase name="the update path should be parent-hash valid" classname="com.github.traderjoe95.mls.protocol.tree.TreeKem" time="0.001"/>
  <testcase name="the tree hash after merging the update path should be a3ba59bd04606ca68482c251103dde943c6af9f14f9edcf4e805ad0905f7506e92383579f39380f006b96af76d2927357610c01d63d51b0b56727559d0f40d43" classname="com.github.traderjoe95.mls.protocol.tree.TreeKem" time="0.0"/>
  <testcase name="the decrypted path secret should be 027a309110f4e3498445edee227f8e1b7cae5d2a2d175d770fdce43bd218beab33f8e1e88eda962c4923e29e900ae4ee0a2a9f8ce7d1fa951f60c00e8c9b9a77" classname="com.github.traderjoe95.mls.protocol.tree.TreeKem" time="0.001"/>
  <testcase name="a new update path generated by the sender should be successfully processed" classname="com.github.traderjoe95.mls.protocol.tree.TreeKem" time="0.001"/>
  <testcase name="the update path should be parent-hash valid" classname="com.github.traderjoe95.mls.protocol.tree.TreeKem" time="0.0"/>
  <testcase name="the tree hash after merging the update path should be 71b1c3109f1e2ef9c8ceb7ac7dcf57d1769867300b7e67fef0b773f4a0ee5fcc4e7bd05f63adc1fbda911eb8de7622378a7a5b3cd5dd7d90c7b03d5e1379ceec" classname="com.github.traderjoe95.mls.protocol.tree.TreeKem" time="0.001"/>
  <testcase name="the decrypted path secret should be 84d9d94d21637a36d8dbf4ecb8f62328b4d241a1db2d97219b0c025c6941608267d0b70231975d0a39ae8cb98afcff07700ff059814627d5f89c0a8a4957ccc8" classname="com.github.traderjoe95.mls.protocol.tree.TreeKem" time="0.001"/>
  <testcase name="a new update path generated by the sender should be successfully processed" classname="com.github.traderjoe95.mls.protocol.tree.TreeKem" time="0.002"/>
  <testcase name="the update path should be parent-hash valid" classname="com.github.traderjoe95.mls.protocol.tree.TreeKem" time="0.0"/>
  <testcase name="the tree hash after merging the update path should be 71b1c3109f1e2ef9c8ceb7ac7dcf57d1769867300b7e67fef0b773f4a0ee5fcc4e7bd05f63adc1fbda911eb8de7622378a7a5b3cd5dd7d90c7b03d5e1379ceec" classname="com.github.traderjoe95.mls.protocol.tree.TreeKem" time="0.001"/>
  <testcase name="the decrypted path secret should be 84d9d94d21637a36d8dbf4ecb8f62328b4d241a1db2d97219b0c025c6941608267d0b70231975d0a39ae8cb98afcff07700ff059814627d5f89c0a8a4957ccc8" classname="com.github.traderjoe95.mls.protocol.tree.TreeKem" time="0.001"/>
  <testcase name="a new update path generated by the sender should be successfully processed" classname="com.github.traderjoe95.mls.protocol.tree.TreeKem" time="0.001"/>
  <testcase name="the update path should be parent-hash valid" classname="com.github.traderjoe95.mls.protocol.tree.TreeKem" time="0.0"/>
  <testcase name="the tree hash after merging the update path should be 71b1c3109f1e2ef9c8ceb7ac7dcf57d1769867300b7e67fef0b773f4a0ee5fcc4e7bd05f63adc1fbda911eb8de7622378a7a5b3cd5dd7d90c7b03d5e1379ceec" classname="com.github.traderjoe95.mls.protocol.tree.TreeKem" time="0.0"/>
  <testcase name="the decrypted path secret should be 84d9d94d21637a36d8dbf4ecb8f62328b4d241a1db2d97219b0c025c6941608267d0b70231975d0a39ae8cb98afcff07700ff059814627d5f89c0a8a4957ccc8" classname="com.github.traderjoe95.mls.protocol.tree.TreeKem" time="0.0"/>
  <testcase name="a new update path generated by the sender should be successfully processed" classname="com.github.traderjoe95.mls.protocol.tree.TreeKem" time="0.001"/>
  <testcase name="the update path should be parent-hash valid" classname="com.github.traderjoe95.mls.protocol.tree.TreeKem" time="0.0"/>
  <testcase name="the tree hash after merging the update path should be 71b1c3109f1e2ef9c8ceb7ac7dcf57d1769867300b7e67fef0b773f4a0ee5fcc4e7bd05f63adc1fbda911eb8de7622378a7a5b3cd5dd7d90c7b03d5e1379ceec" classname="com.github.traderjoe95.mls.protocol.tree.TreeKem" time="0.0"/>
  <testcase name="the decrypted path secret should be 84d9d94d21637a36d8dbf4ecb8f62328b4d241a1db2d97219b0c025c6941608267d0b70231975d0a39ae8cb98afcff07700ff059814627d5f89c0a8a4957ccc8" classname="com.github.traderjoe95.mls.protocol.tree.TreeKem" time="0.001"/>
  <testcase name="a new update path generated by the sender should be successfully processed" classname="com.github.traderjoe95.mls.protocol.tree.TreeKem" time="0.001"/>
  <testcase name="the update path should be parent-hash valid" classname="com.github.traderjoe95.mls.protocol.tree.TreeKem" time="0.0"/>
  <testcase name="the tree hash after merging the update path should be 71b1c3109f1e2ef9c8ceb7ac7dcf57d1769867300b7e67fef0b773f4a0ee5fcc4e7bd05f63adc1fbda911eb8de7622378a7a5b3cd5dd7d90c7b03d5e1379ceec" classname="com.github.traderjoe95.mls.protocol.tree.TreeKem" time="0.0"/>
  <testcase name="the decrypted path secret should be 9df43646fa3b3b5bd52c6a77c7328342ee717d4071caa97e27aea56e961328fd5fa78ed5c54cdeeec65863d6fd1b1ca22934b94f0fd64969156f878eb2a31b46" classname="com.github.traderjoe95.mls.protocol.tree.TreeKem" time="0.001"/>
  <testcase name="a new update path generated by the sender should be successfully processed" classname="com.github.traderjoe95.mls.protocol.tree.TreeKem" time="0.001"/>
  <testcase name="the update path should be parent-hash valid" classname="com.github.traderjoe95.mls.protocol.tree.TreeKem" time="0.0"/>
  <testcase name="the tree hash after merging the update path should be 71b1c3109f1e2ef9c8ceb7ac7dcf57d1769867300b7e67fef0b773f4a0ee5fcc4e7bd05f63adc1fbda911eb8de7622378a7a5b3cd5dd7d90c7b03d5e1379ceec" classname="com.github.traderjoe95.mls.protocol.tree.TreeKem" time="0.0"/>
  <testcase name="the decrypted path secret should be e114dbcad84963a35c8c7c14fe751613bdf0f3b892dd96009a335693a8eb11c428e8fc6499dfb08d743b3734d203b354a030e5494717b41b6107356f8cc5d2ab" classname="com.github.traderjoe95.mls.protocol.tree.TreeKem" time="0.001"/>
  <testcase name="a new update path generated by the sender should be successfully processed" classname="com.github.traderjoe95.mls.protocol.tree.TreeKem" time="0.001"/>
  <testcase name="the update path should be parent-hash valid" classname="com.github.traderjoe95.mls.protocol.tree.TreeKem" time="0.0"/>
  <testcase name="the tree hash after merging the update path should be 58d3f2ff6c4f181468f0560e699e97c5e772b07cc023ecdb3d5c2fc2774350e7465fdc5ea84af24f5b4808f810b2e517075a6c107165d2c334e01425ff0cadb8" classname="com.github.traderjoe95.mls.protocol.tree.TreeKem" time="0.0"/>
  <testcase name="the decrypted path secret should be d027afa1bdcd75456525093d3618f56b245739e02cb35ec8cb8ea298f58918d5854fc1017cc5408c9bd32a2b876065de97158599304f49b3a61c9c2bc2e523e0" classname="com.github.traderjoe95.mls.protocol.tree.TreeKem" time="0.0"/>
  <testcase name="a new update path generated by the sender should be successfully processed" classname="com.github.traderjoe95.mls.protocol.tree.TreeKem" time="0.001"/>
  <testcase name="the update path should be parent-hash valid" classname="com.github.traderjoe95.mls.protocol.tree.TreeKem" time="0.0"/>
  <testcase name="the tree hash after merging the update path should be 58d3f2ff6c4f181468f0560e699e97c5e772b07cc023ecdb3d5c2fc2774350e7465fdc5ea84af24f5b4808f810b2e517075a6c107165d2c334e01425ff0cadb8" classname="com.github.traderjoe95.mls.protocol.tree.TreeKem" time="0.0"/>
  <testcase name="the decrypted path secret should be d027afa1bdcd75456525093d3618f56b245739e02cb35ec8cb8ea298f58918d5854fc1017cc5408c9bd32a2b876065de97158599304f49b3a61c9c2bc2e523e0" classname="com.github.traderjoe95.mls.protocol.tree.TreeKem" time="0.001"/>
  <testcase name="a new update path generated by the sender should be successfully processed" classname="com.github.traderjoe95.mls.protocol.tree.TreeKem" time="0.001"/>
  <testcase name="the update path should be parent-hash valid" classname="com.github.traderjoe95.mls.protocol.tree.TreeKem" time="0.0"/>
  <testcase name="the tree hash after merging the update path should be 58d3f2ff6c4f181468f0560e699e97c5e772b07cc023ecdb3d5c2fc2774350e7465fdc5ea84af24f5b4808f810b2e517075a6c107165d2c334e01425ff0cadb8" classname="com.github.traderjoe95.mls.protocol.tree.TreeKem" time="0.001"/>
  <testcase name="the decrypted path secret should be d027afa1bdcd75456525093d3618f56b245739e02cb35ec8cb8ea298f58918d5854fc1017cc5408c9bd32a2b876065de97158599304f49b3a61c9c2bc2e523e0" classname="com.github.traderjoe95.mls.protocol.tree.TreeKem" time="0.001"/>
  <testcase name="a new update path generated by the sender should be successfully processed" classname="com.github.traderjoe95.mls.protocol.tree.TreeKem" time="0.001"/>
  <testcase name="the update path should be parent-hash valid" classname="com.github.traderjoe95.mls.protocol.tree.TreeKem" time="0.0"/>
  <testcase name="the tree hash after merging the update path should be 58d3f2ff6c4f181468f0560e699e97c5e772b07cc023ecdb3d5c2fc2774350e7465fdc5ea84af24f5b4808f810b2e517075a6c107165d2c334e01425ff0cadb8" classname="com.github.traderjoe95.mls.protocol.tree.TreeKem" time="0.001"/>
  <testcase name="the decrypted path secret should be d027afa1bdcd75456525093d3618f56b245739e02cb35ec8cb8ea298f58918d5854fc1017cc5408c9bd32a2b876065de97158599304f49b3a61c9c2bc2e523e0" classname="com.github.traderjoe95.mls.protocol.tree.TreeKem" time="0.001"/>
  <testcase name="a new update path generated by the sender should be successfully processed" classname="com.github.traderjoe95.mls.protocol.tree.TreeKem" time="0.001"/>
  <testcase name="the update path should be parent-hash valid" classname="com.github.traderjoe95.mls.protocol.tree.TreeKem" time="0.001"/>
  <testcase name="the tree hash after merging the update path should be 58d3f2ff6c4f181468f0560e699e97c5e772b07cc023ecdb3d5c2fc2774350e7465fdc5ea84af24f5b4808f810b2e517075a6c107165d2c334e01425ff0cadb8" classname="com.github.traderjoe95.mls.protocol.tree.TreeKem" time="0.0"/>
  <testcase name="the decrypted path secret should be cd0029a516475e34ccef6b34202bf924fc46e67b21082806bcdd5d1610c7f30128ddefff62e02945432af5f24c19a94b86a53dcca2c6a1d15433d53ece862495" classname="com.github.traderjoe95.mls.protocol.tree.TreeKem" time="0.001"/>
  <testcase name="a new update path generated by the sender should be successfully processed" classname="com.github.traderjoe95.mls.protocol.tree.TreeKem" time="0.001"/>
  <testcase name="the update path should be parent-hash valid" classname="com.github.traderjoe95.mls.protocol.tree.TreeKem" time="0.001"/>
  <testcase name="the tree hash after merging the update path should be 58d3f2ff6c4f181468f0560e699e97c5e772b07cc023ecdb3d5c2fc2774350e7465fdc5ea84af24f5b4808f810b2e517075a6c107165d2c334e01425ff0cadb8" classname="com.github.traderjoe95.mls.protocol.tree.TreeKem" time="0.001"/>
  <testcase name="the decrypted path secret should be cd0029a516475e34ccef6b34202bf924fc46e67b21082806bcdd5d1610c7f30128ddefff62e02945432af5f24c19a94b86a53dcca2c6a1d15433d53ece862495" classname="com.github.traderjoe95.mls.protocol.tree.TreeKem" time="0.001"/>
  <testcase name="a new update path generated by the sender should be successfully processed" classname="com.github.traderjoe95.mls.protocol.tree.TreeKem" time="0.002"/>
  <testcase name="non-blank leaf 0 should be consistent with the public state" classname="com.github.traderjoe95.mls.protocol.tree.TreeKem" time="0.003"/>
  <testcase name="non-blank leaf 1 should be consistent with the public state" classname="com.github.traderjoe95.mls.protocol.tree.TreeKem" time="0.002"/>
  <testcase name="non-blank leaf 2 should be consistent with the public state" classname="com.github.traderjoe95.mls.protocol.tree.TreeKem" time="0.002"/>
  <testcase name="non-blank leaf 3 should be consistent with the public state" classname="com.github.traderjoe95.mls.protocol.tree.TreeKem" time="0.002"/>
  <testcase name="non-blank leaf 4 should be consistent with the public state" classname="com.github.traderjoe95.mls.protocol.tree.TreeKem" time="0.002"/>
  <testcase name="non-blank leaf 5 should be consistent with the public state" classname="com.github.traderjoe95.mls.protocol.tree.TreeKem" time="0.002"/>
  <testcase name="non-blank leaf 6 should be consistent with the public state" classname="com.github.traderjoe95.mls.protocol.tree.TreeKem" time="0.002"/>
  <testcase name="non-blank leaf 7 should be consistent with the public state" classname="com.github.traderjoe95.mls.protocol.tree.TreeKem" time="0.002"/>
  <testcase name="the update path should be parent-hash valid" classname="com.github.traderjoe95.mls.protocol.tree.TreeKem" time="0.0"/>
  <testcase name="the tree hash after merging the update path should be cb500e83c6d3324839296f3114eb6466dd568e89e4fa49e7594902952ec861ba3db8ac580ead0d919ea3b3ea00710211b2e65641267b6f9e0dda3993bb4522fa" classname="com.github.traderjoe95.mls.protocol.tree.TreeKem" time="0.0"/>
  <testcase name="the decrypted path secret should be e0ab4cee7e838967b67d4ab078a029955c2c5cd7ac23ce9d7d3393bfb11ae3a30bacc28cc9bb4ba1b2e645d6056a9d4c6e55e537c1dd81f7af299c8d466f9eee" classname="com.github.traderjoe95.mls.protocol.tree.TreeKem" time="0.001"/>
  <testcase name="a new update path generated by the sender should be successfully processed" classname="com.github.traderjoe95.mls.protocol.tree.TreeKem" time="0.001"/>
  <testcase name="the update path should be parent-hash valid" classname="com.github.traderjoe95.mls.protocol.tree.TreeKem" time="0.001"/>
  <testcase name="the tree hash after merging the update path should be cb500e83c6d3324839296f3114eb6466dd568e89e4fa49e7594902952ec861ba3db8ac580ead0d919ea3b3ea00710211b2e65641267b6f9e0dda3993bb4522fa" classname="com.github.traderjoe95.mls.protocol.tree.TreeKem" time="0.001"/>
  <testcase name="the decrypted path secret should be 3ad37b3e2342e0e000d6636589bfaf85716927a3f07b9ffd084d39760ef465a21b30635e958a79a0ecf7dd91160789e4ae07458f06b17c50ccf39a3f8095fd50" classname="com.github.traderjoe95.mls.protocol.tree.TreeKem" time="0.001"/>
  <testcase name="a new update path generated by the sender should be successfully processed" classname="com.github.traderjoe95.mls.protocol.tree.TreeKem" time="0.001"/>
  <testcase name="the update path should be parent-hash valid" classname="com.github.traderjoe95.mls.protocol.tree.TreeKem" time="0.0"/>
  <testcase name="the tree hash after merging the update path should be cb500e83c6d3324839296f3114eb6466dd568e89e4fa49e7594902952ec861ba3db8ac580ead0d919ea3b3ea00710211b2e65641267b6f9e0dda3993bb4522fa" classname="com.github.traderjoe95.mls.protocol.tree.TreeKem" time="0.001"/>
  <testcase name="the decrypted path secret should be 3ad37b3e2342e0e000d6636589bfaf85716927a3f07b9ffd084d39760ef465a21b30635e958a79a0ecf7dd91160789e4ae07458f06b17c50ccf39a3f8095fd50" classname="com.github.traderjoe95.mls.protocol.tree.TreeKem" time="0.001"/>
  <testcase name="a new update path generated by the sender should be successfully processed" classname="com.github.traderjoe95.mls.protocol.tree.TreeKem" time="0.001"/>
  <testcase name="the update path should be parent-hash valid" classname="com.github.traderjoe95.mls.protocol.tree.TreeKem" time="0.0"/>
  <testcase name="the tree hash after merging the update path should be cb500e83c6d3324839296f3114eb6466dd568e89e4fa49e7594902952ec861ba3db8ac580ead0d919ea3b3ea00710211b2e65641267b6f9e0dda3993bb4522fa" classname="com.github.traderjoe95.mls.protocol.tree.TreeKem" time="0.001"/>
  <testcase name="the decrypted path secret should be 8dbc1a97c4d84314c6aafe96a326216fc1c3fb055e15a5a44de89c5f532216f4ba4cca90873b037d0111f4af91f24c196ea3e0470f24aa55862a4f98e310c13b" classname="com.github.traderjoe95.mls.protocol.tree.TreeKem" time="0.001"/>
  <testcase name="a new update path generated by the sender should be successfully processed" classname="com.github.traderjoe95.mls.protocol.tree.TreeKem" time="0.001"/>
  <testcase name="the update path should be parent-hash valid" classname="com.github.traderjoe95.mls.protocol.tree.TreeKem" time="0.0"/>
  <testcase name="the tree hash after merging the update path should be cb500e83c6d3324839296f3114eb6466dd568e89e4fa49e7594902952ec861ba3db8ac580ead0d919ea3b3ea00710211b2e65641267b6f9e0dda3993bb4522fa" classname="com.github.traderjoe95.mls.protocol.tree.TreeKem" time="0.0"/>
  <testcase name="the decrypted path secret should be 8dbc1a97c4d84314c6aafe96a326216fc1c3fb055e15a5a44de89c5f532216f4ba4cca90873b037d0111f4af91f24c196ea3e0470f24aa55862a4f98e310c13b" classname="com.github.traderjoe95.mls.protocol.tree.TreeKem" time="0.001"/>
  <testcase name="a new update path generated by the sender should be successfully processed" classname="com.github.traderjoe95.mls.protocol.tree.TreeKem" time="0.001"/>
  <testcase name="the update path should be parent-hash valid" classname="com.github.traderjoe95.mls.protocol.tree.TreeKem" time="0.001"/>
  <testcase name="the tree hash after merging the update path should be cb500e83c6d3324839296f3114eb6466dd568e89e4fa49e7594902952ec861ba3db8ac580ead0d919ea3b3ea00710211b2e65641267b6f9e0dda3993bb4522fa" classname="com.github.traderjoe95.mls.protocol.tree.TreeKem" time="0.0"/>
  <testcase name="the decrypted path secret should be 8dbc1a97c4d84314c6aafe96a326216fc1c3fb055e15a5a44de89c5f532216f4ba4cca90873b037d0111f4af91f24c196ea3e0470f24aa55862a4f98e310c13b" classname="com.github.traderjoe95.mls.protocol.tree.TreeKem" time="0.001"/>
  <testcase name="a new update path generated by the sender should be successfully processed" classname="com.github.traderjoe95.mls.protocol.tree.TreeKem" time="0.001"/>
  <testcase name="the update path should be parent-hash valid" classname="com.github.traderjoe95.mls.protocol.tree.TreeKem" time="0.0"/>
  <testcase name="the tree hash after merging the update path should be cb500e83c6d3324839296f3114eb6466dd568e89e4fa49e7594902952ec861ba3db8ac580ead0d919ea3b3ea00710211b2e65641267b6f9e0dda3993bb4522fa" classname="com.github.traderjoe95.mls.protocol.tree.TreeKem" time="0.0"/>
  <testcase name="the decrypted path secret should be 8dbc1a97c4d84314c6aafe96a326216fc1c3fb055e15a5a44de89c5f532216f4ba4cca90873b037d0111f4af91f24c196ea3e0470f24aa55862a4f98e310c13b" classname="com.github.traderjoe95.mls.protocol.tree.TreeKem" time="0.001"/>
  <testcase name="a new update path generated by the sender should be successfully processed" classname="com.github.traderjoe95.mls.protocol.tree.TreeKem" time="0.001"/>
  <testcase name="the update path should be parent-hash valid" classname="com.github.traderjoe95.mls.protocol.tree.TreeKem" time="0.0"/>
  <testcase name="the tree hash after merging the update path should be daf1f407b3d24c07f655cc289e2ee2e8ef5cbfbe0f663ad3c39e1bb03faba4cbeaed6462ce11e1961bb026728ec41eb0fc6208016aa60573d190e84959fbe188" classname="com.github.traderjoe95.mls.protocol.tree.TreeKem" time="0.0"/>
  <testcase name="the decrypted path secret should be e92c3e171c2983725188c0d42b91a42acb64b4c7e1fb65beba2c762b913def98e52565b05f072b20d3478dbf73faec979c0d2075da72a844acd40eea6426b0ec" classname="com.github.traderjoe95.mls.protocol.tree.TreeKem" time="0.001"/>
  <testcase name="a new update path generated by the sender should be successfully processed" classname="com.github.traderjoe95.mls.protocol.tree.TreeKem" time="0.002"/>
  <testcase name="the update path should be parent-hash valid" classname="com.github.traderjoe95.mls.protocol.tree.TreeKem" time="0.0"/>
  <testcase name="the tree hash after merging the update path should be daf1f407b3d24c07f655cc289e2ee2e8ef5cbfbe0f663ad3c39e1bb03faba4cbeaed6462ce11e1961bb026728ec41eb0fc6208016aa60573d190e84959fbe188" classname="com.github.traderjoe95.mls.protocol.tree.TreeKem" time="0.0"/>
  <testcase name="the decrypted path secret should be 89075fea324dd92ec1d2e6d7df07e0d60750ca47a0ae3c2d5ba42bc323ddf31caa581e616cb9e8e82a2ee7a112af45ad9c19182ce770a88fe19d55142f900dce" classname="com.github.traderjoe95.mls.protocol.tree.TreeKem" time="0.001"/>
  <testcase name="a new update path generated by the sender should be successfully processed" classname="com.github.traderjoe95.mls.protocol.tree.TreeKem" time="0.001"/>
  <testcase name="the update path should be parent-hash valid" classname="com.github.traderjoe95.mls.protocol.tree.TreeKem" time="0.0"/>
  <testcase name="the tree hash after merging the update path should be daf1f407b3d24c07f655cc289e2ee2e8ef5cbfbe0f663ad3c39e1bb03faba4cbeaed6462ce11e1961bb026728ec41eb0fc6208016aa60573d190e84959fbe188" classname="com.github.traderjoe95.mls.protocol.tree.TreeKem" time="0.001"/>
  <testcase name="the decrypted path secret should be 89075fea324dd92ec1d2e6d7df07e0d60750ca47a0ae3c2d5ba42bc323ddf31caa581e616cb9e8e82a2ee7a112af45ad9c19182ce770a88fe19d55142f900dce" classname="com.github.traderjoe95.mls.protocol.tree.TreeKem" time="0.001"/>
  <testcase name="a new update path generated by the sender should be successfully processed" classname="com.github.traderjoe95.mls.protocol.tree.TreeKem" time="0.002"/>
  <testcase name="the update path should be parent-hash valid" classname="com.github.traderjoe95.mls.protocol.tree.TreeKem" time="0.001"/>
  <testcase name="the tree hash after merging the update path should be daf1f407b3d24c07f655cc289e2ee2e8ef5cbfbe0f663ad3c39e1bb03faba4cbeaed6462ce11e1961bb026728ec41eb0fc6208016aa60573d190e84959fbe188" classname="com.github.traderjoe95.mls.protocol.tree.TreeKem" time="0.0"/>
  <testcase name="the decrypted path secret should be 3566a85d104c00f866ae54048fca6832ce30c6bececba00c07ead55ac7186f66b2ebdbed77714b4dfadef152c42adb833fc6979e3deef457aaad1f4ec676bef0" classname="com.github.traderjoe95.mls.protocol.tree.TreeKem" time="0.002"/>
  <testcase name="a new update path generated by the sender should be successfully processed" classname="com.github.traderjoe95.mls.protocol.tree.TreeKem" time="0.002"/>
  <testcase name="the update path should be parent-hash valid" classname="com.github.traderjoe95.mls.protocol.tree.TreeKem" time="0.0"/>
  <testcase name="the tree hash after merging the update path should be daf1f407b3d24c07f655cc289e2ee2e8ef5cbfbe0f663ad3c39e1bb03faba4cbeaed6462ce11e1961bb026728ec41eb0fc6208016aa60573d190e84959fbe188" classname="com.github.traderjoe95.mls.protocol.tree.TreeKem" time="0.0"/>
  <testcase name="the decrypted path secret should be 3566a85d104c00f866ae54048fca6832ce30c6bececba00c07ead55ac7186f66b2ebdbed77714b4dfadef152c42adb833fc6979e3deef457aaad1f4ec676bef0" classname="com.github.traderjoe95.mls.protocol.tree.TreeKem" time="0.001"/>
  <testcase name="a new update path generated by the sender should be successfully processed" classname="com.github.traderjoe95.mls.protocol.tree.TreeKem" time="0.001"/>
  <testcase name="the update path should be parent-hash valid" classname="com.github.traderjoe95.mls.protocol.tree.TreeKem" time="0.0"/>
  <testcase name="the tree hash after merging the update path should be daf1f407b3d24c07f655cc289e2ee2e8ef5cbfbe0f663ad3c39e1bb03faba4cbeaed6462ce11e1961bb026728ec41eb0fc6208016aa60573d190e84959fbe188" classname="com.github.traderjoe95.mls.protocol.tree.TreeKem" time="0.0"/>
  <testcase name="the decrypted path secret should be 3566a85d104c00f866ae54048fca6832ce30c6bececba00c07ead55ac7186f66b2ebdbed77714b4dfadef152c42adb833fc6979e3deef457aaad1f4ec676bef0" classname="com.github.traderjoe95.mls.protocol.tree.TreeKem" time="0.001"/>
  <testcase name="a new update path generated by the sender should be successfully processed" classname="com.github.traderjoe95.mls.protocol.tree.TreeKem" time="0.002"/>
  <testcase name="the update path should be parent-hash valid" classname="com.github.traderjoe95.mls.protocol.tree.TreeKem" time="0.0"/>
  <testcase name="the tree hash after merging the update path should be daf1f407b3d24c07f655cc289e2ee2e8ef5cbfbe0f663ad3c39e1bb03faba4cbeaed6462ce11e1961bb026728ec41eb0fc6208016aa60573d190e84959fbe188" classname="com.github.traderjoe95.mls.protocol.tree.TreeKem" time="0.0"/>
  <testcase name="the decrypted path secret should be 3566a85d104c00f866ae54048fca6832ce30c6bececba00c07ead55ac7186f66b2ebdbed77714b4dfadef152c42adb833fc6979e3deef457aaad1f4ec676bef0" classname="com.github.traderjoe95.mls.protocol.tree.TreeKem" time="0.001"/>
  <testcase name="a new update path generated by the sender should be successfully processed" classname="com.github.traderjoe95.mls.protocol.tree.TreeKem" time="0.002"/>
  <testcase name="the update path should be parent-hash valid" classname="com.github.traderjoe95.mls.protocol.tree.TreeKem" time="0.0"/>
  <testcase name="the tree hash after merging the update path should be 8d6642eb12b825995965e456e44180183aad10286238602c66ebe1d49bf21bd646c6a0eb524499c10415456d468a8ff944fa5ca6dadaf7d79391f79f6177a7dc" classname="com.github.traderjoe95.mls.protocol.tree.TreeKem" time="0.0"/>
  <testcase name="the decrypted path secret should be 6f091d00a2d2e4fa644d43f58de2af95c4f41e5809c17d0d4af87e1179d17ea3e40fcb70084bf5f0be30a723213423e0c957018755af5f01ff82c9f10ec6ebdf" classname="com.github.traderjoe95.mls.protocol.tree.TreeKem" time="0.0"/>
  <testcase name="a new update path generated by the sender should be successfully processed" classname="com.github.traderjoe95.mls.protocol.tree.TreeKem" time="0.001"/>
  <testcase name="the update path should be parent-hash valid" classname="com.github.traderjoe95.mls.protocol.tree.TreeKem" time="0.001"/>
  <testcase name="the tree hash after merging the update path should be 8d6642eb12b825995965e456e44180183aad10286238602c66ebe1d49bf21bd646c6a0eb524499c10415456d468a8ff944fa5ca6dadaf7d79391f79f6177a7dc" classname="com.github.traderjoe95.mls.protocol.tree.TreeKem" time="0.001"/>
  <testcase name="the decrypted path secret should be 6f091d00a2d2e4fa644d43f58de2af95c4f41e5809c17d0d4af87e1179d17ea3e40fcb70084bf5f0be30a723213423e0c957018755af5f01ff82c9f10ec6ebdf" classname="com.github.traderjoe95.mls.protocol.tree.TreeKem" time="0.001"/>
  <testcase name="a new update path generated by the sender should be successfully processed" classname="com.github.traderjoe95.mls.protocol.tree.TreeKem" time="0.002"/>
  <testcase name="the update path should be parent-hash valid" classname="com.github.traderjoe95.mls.protocol.tree.TreeKem" time="0.0"/>
  <testcase name="the tree hash after merging the update path should be 8d6642eb12b825995965e456e44180183aad10286238602c66ebe1d49bf21bd646c6a0eb524499c10415456d468a8ff944fa5ca6dadaf7d79391f79f6177a7dc" classname="com.github.traderjoe95.mls.protocol.tree.TreeKem" time="0.001"/>
  <testcase name="the decrypted path secret should be a5afdbf16c1b1925c10cdd95b3327358998153f8787d9f73b9c11370193d3feba66aeba9b7d66bc7a8c241e0d0899209ca1c7bd70c807f79cd93b36f892a77ca" classname="com.github.traderjoe95.mls.protocol.tree.TreeKem" time="0.001"/>
  <testcase name="a new update path generated by the sender should be successfully processed" classname="com.github.traderjoe95.mls.protocol.tree.TreeKem" time="0.002"/>
  <testcase name="the update path should be parent-hash valid" classname="com.github.traderjoe95.mls.protocol.tree.TreeKem" time="0.0"/>
  <testcase name="the tree hash after merging the update path should be 8d6642eb12b825995965e456e44180183aad10286238602c66ebe1d49bf21bd646c6a0eb524499c10415456d468a8ff944fa5ca6dadaf7d79391f79f6177a7dc" classname="com.github.traderjoe95.mls.protocol.tree.TreeKem" time="0.001"/>
  <testcase name="the decrypted path secret should be 801ce6f8ed75fc61c1745f08bcb3bef5028066cb4c4cffec12ecb32359e62f7ba67491a11e83786dd1ab14077f172dce3efd04a090f6dc75d9675117309c038e" classname="com.github.traderjoe95.mls.protocol.tree.TreeKem" time="0.001"/>
  <testcase name="a new update path generated by the sender should be successfully processed" classname="com.github.traderjoe95.mls.protocol.tree.TreeKem" time="0.001"/>
  <testcase name="the update path should be parent-hash valid" classname="com.github.traderjoe95.mls.protocol.tree.TreeKem" time="0.0"/>
  <testcase name="the tree hash after merging the update path should be 8d6642eb12b825995965e456e44180183aad10286238602c66ebe1d49bf21bd646c6a0eb524499c10415456d468a8ff944fa5ca6dadaf7d79391f79f6177a7dc" classname="com.github.traderjoe95.mls.protocol.tree.TreeKem" time="0.001"/>
  <testcase name="the decrypted path secret should be 801ce6f8ed75fc61c1745f08bcb3bef5028066cb4c4cffec12ecb32359e62f7ba67491a11e83786dd1ab14077f172dce3efd04a090f6dc75d9675117309c038e" classname="com.github.traderjoe95.mls.protocol.tree.TreeKem" time="0.0"/>
  <testcase name="a new update path generated by the sender should be successfully processed" classname="com.github.traderjoe95.mls.protocol.tree.TreeKem" time="0.001"/>
  <testcase name="the update path should be parent-hash valid" classname="com.github.traderjoe95.mls.protocol.tree.TreeKem" time="0.0"/>
  <testcase name="the tree hash after merging the update path should be 8d6642eb12b825995965e456e44180183aad10286238602c66ebe1d49bf21bd646c6a0eb524499c10415456d468a8ff944fa5ca6dadaf7d79391f79f6177a7dc" classname="com.github.traderjoe95.mls.protocol.tree.TreeKem" time="0.0"/>
  <testcase name="the decrypted path secret should be 801ce6f8ed75fc61c1745f08bcb3bef5028066cb4c4cffec12ecb32359e62f7ba67491a11e83786dd1ab14077f172dce3efd04a090f6dc75d9675117309c038e" classname="com.github.traderjoe95.mls.protocol.tree.TreeKem" time="0.001"/>
  <testcase name="a new update path generated by the sender should be successfully processed" classname="com.github.traderjoe95.mls.protocol.tree.TreeKem" time="0.001"/>
  <testcase name="the update path should be parent-hash valid" classname="com.github.traderjoe95.mls.protocol.tree.TreeKem" time="0.0"/>
  <testcase name="the tree hash after merging the update path should be 8d6642eb12b825995965e456e44180183aad10286238602c66ebe1d49bf21bd646c6a0eb524499c10415456d468a8ff944fa5ca6dadaf7d79391f79f6177a7dc" classname="com.github.traderjoe95.mls.protocol.tree.TreeKem" time="0.0"/>
  <testcase name="the decrypted path secret should be 801ce6f8ed75fc61c1745f08bcb3bef5028066cb4c4cffec12ecb32359e62f7ba67491a11e83786dd1ab14077f172dce3efd04a090f6dc75d9675117309c038e" classname="com.github.traderjoe95.mls.protocol.tree.TreeKem" time="0.001"/>
  <testcase name="a new update path generated by the sender should be successfully processed" classname="com.github.traderjoe95.mls.protocol.tree.TreeKem" time="0.002"/>
  <testcase name="the update path should be parent-hash valid" classname="com.github.traderjoe95.mls.protocol.tree.TreeKem" time="0.0"/>
  <testcase name="the tree hash after merging the update path should be c00179d1b379151d965fc0bf3bc005aa8b7f7b6f08e08b93ed6ce890b7d7184b6817bff096ff45b3276940856de84a14c70405a7c08f32d5d0c5259ac914bdc7" classname="com.github.traderjoe95.mls.protocol.tree.TreeKem" time="0.0"/>
  <testcase name="the decrypted path secret should be 25d4952dd330e86120571bd8da4da9636531ac0790ef7eecd2bb6329b359275b070b7f7c377d8ef56aeba07ed6728b0b472fc7efe9e61ff062d865f65d97ec62" classname="com.github.traderjoe95.mls.protocol.tree.TreeKem" time="0.001"/>
  <testcase name="a new update path generated by the sender should be successfully processed" classname="com.github.traderjoe95.mls.protocol.tree.TreeKem" time="0.001"/>
  <testcase name="the update path should be parent-hash valid" classname="com.github.traderjoe95.mls.protocol.tree.TreeKem" time="0.001"/>
  <testcase name="the tree hash after merging the update path should be c00179d1b379151d965fc0bf3bc005aa8b7f7b6f08e08b93ed6ce890b7d7184b6817bff096ff45b3276940856de84a14c70405a7c08f32d5d0c5259ac914bdc7" classname="com.github.traderjoe95.mls.protocol.tree.TreeKem" time="0.001"/>
  <testcase name="the decrypted path secret should be 25d4952dd330e86120571bd8da4da9636531ac0790ef7eecd2bb6329b359275b070b7f7c377d8ef56aeba07ed6728b0b472fc7efe9e61ff062d865f65d97ec62" classname="com.github.traderjoe95.mls.protocol.tree.TreeKem" time="0.001"/>
  <testcase name="a new update path generated by the sender should be successfully processed" classname="com.github.traderjoe95.mls.protocol.tree.TreeKem" time="0.001"/>
  <testcase name="the update path should be parent-hash valid" classname="com.github.traderjoe95.mls.protocol.tree.TreeKem" time="0.0"/>
  <testcase name="the tree hash after merging the update path should be c00179d1b379151d965fc0bf3bc005aa8b7f7b6f08e08b93ed6ce890b7d7184b6817bff096ff45b3276940856de84a14c70405a7c08f32d5d0c5259ac914bdc7" classname="com.github.traderjoe95.mls.protocol.tree.TreeKem" time="0.001"/>
  <testcase name="the decrypted path secret should be fde26d449fe35b978c2e0d401891fcc066820eb0fb2880456e354a3cc6c3dd8790fd6e82c80f4d0257bad90d81a1ba6ff4c9bacf9cc5d2e365901a48f9983113" classname="com.github.traderjoe95.mls.protocol.tree.TreeKem" time="0.002"/>
  <testcase name="a new update path generated by the sender should be successfully processed" classname="com.github.traderjoe95.mls.protocol.tree.TreeKem" time="0.002"/>
  <testcase name="the update path should be parent-hash valid" classname="com.github.traderjoe95.mls.protocol.tree.TreeKem" time="0.001"/>
  <testcase name="the tree hash after merging the update path should be c00179d1b379151d965fc0bf3bc005aa8b7f7b6f08e08b93ed6ce890b7d7184b6817bff096ff45b3276940856de84a14c70405a7c08f32d5d0c5259ac914bdc7" classname="com.github.traderjoe95.mls.protocol.tree.TreeKem" time="0.0"/>
  <testcase name="the decrypted path secret should be d6f11fcb2825a055b1dda65618e09c8d46937da5984e6f9096c81d16638ccaa1b5de40fe6b5327a9a6f8e2779f7735e53dd92bef4329703e881157e11cee4361" classname="com.github.traderjoe95.mls.protocol.tree.TreeKem" time="0.002"/>
  <testcase name="a new update path generated by the sender should be successfully processed" classname="com.github.traderjoe95.mls.protocol.tree.TreeKem" time="0.002"/>
  <testcase name="the update path should be parent-hash valid" classname="com.github.traderjoe95.mls.protocol.tree.TreeKem" time="0.001"/>
  <testcase name="the tree hash after merging the update path should be c00179d1b379151d965fc0bf3bc005aa8b7f7b6f08e08b93ed6ce890b7d7184b6817bff096ff45b3276940856de84a14c70405a7c08f32d5d0c5259ac914bdc7" classname="com.github.traderjoe95.mls.protocol.tree.TreeKem" time="0.0"/>
  <testcase name="the decrypted path secret should be d6f11fcb2825a055b1dda65618e09c8d46937da5984e6f9096c81d16638ccaa1b5de40fe6b5327a9a6f8e2779f7735e53dd92bef4329703e881157e11cee4361" classname="com.github.traderjoe95.mls.protocol.tree.TreeKem" time="0.002"/>
  <testcase name="a new update path generated by the sender should be successfully processed" classname="com.github.traderjoe95.mls.protocol.tree.TreeKem" time="0.002"/>
  <testcase name="the update path should be parent-hash valid" classname="com.github.traderjoe95.mls.protocol.tree.TreeKem" time="0.001"/>
  <testcase name="the tree hash after merging the update path should be c00179d1b379151d965fc0bf3bc005aa8b7f7b6f08e08b93ed6ce890b7d7184b6817bff096ff45b3276940856de84a14c70405a7c08f32d5d0c5259ac914bdc7" classname="com.github.traderjoe95.mls.protocol.tree.TreeKem" time="0.0"/>
  <testcase name="the decrypted path secret should be d6f11fcb2825a055b1dda65618e09c8d46937da5984e6f9096c81d16638ccaa1b5de40fe6b5327a9a6f8e2779f7735e53dd92bef4329703e881157e11cee4361" classname="com.github.traderjoe95.mls.protocol.tree.TreeKem" time="0.001"/>
  <testcase name="a new update path generated by the sender should be successfully processed" classname="com.github.traderjoe95.mls.protocol.tree.TreeKem" time="0.002"/>
  <testcase name="the update path should be parent-hash valid" classname="com.github.traderjoe95.mls.protocol.tree.TreeKem" time="0.0"/>
  <testcase name="the tree hash after merging the update path should be c00179d1b379151d965fc0bf3bc005aa8b7f7b6f08e08b93ed6ce890b7d7184b6817bff096ff45b3276940856de84a14c70405a7c08f32d5d0c5259ac914bdc7" classname="com.github.traderjoe95.mls.protocol.tree.TreeKem" time="0.0"/>
  <testcase name="the decrypted path secret should be d6f11fcb2825a055b1dda65618e09c8d46937da5984e6f9096c81d16638ccaa1b5de40fe6b5327a9a6f8e2779f7735e53dd92bef4329703e881157e11cee4361" classname="com.github.traderjoe95.mls.protocol.tree.TreeKem" time="0.001"/>
  <testcase name="a new update path generated by the sender should be successfully processed" classname="com.github.traderjoe95.mls.protocol.tree.TreeKem" time="0.001"/>
  <testcase name="the update path should be parent-hash valid" classname="com.github.traderjoe95.mls.protocol.tree.TreeKem" time="0.001"/>
  <testcase name="the tree hash after merging the update path should be 1b2a60cbf3e2c3b34ee20936c75151bfe85f6e1e4615146cefada9e8ed2cad4b3dc9ea7fd9cf1ad065c3b7fc4456993b1d65437f828e44e93a82526b8486a0b7" classname="com.github.traderjoe95.mls.protocol.tree.TreeKem" time="0.001"/>
  <testcase name="the decrypted path secret should be bfe17d4187767b9187ef8e7aef25573ae4b11c27dbc93b3e38ef85239993450ad08340614187ef9a6d678992754391a75c3465b9aa8d84b65d6b8796255c5255" classname="com.github.traderjoe95.mls.protocol.tree.TreeKem" time="0.001"/>
  <testcase name="a new update path generated by the sender should be successfully processed" classname="com.github.traderjoe95.mls.protocol.tree.TreeKem" time="0.002"/>
  <testcase name="the update path should be parent-hash valid" classname="com.github.traderjoe95.mls.protocol.tree.TreeKem" time="0.0"/>
  <testcase name="the tree hash after merging the update path should be 1b2a60cbf3e2c3b34ee20936c75151bfe85f6e1e4615146cefada9e8ed2cad4b3dc9ea7fd9cf1ad065c3b7fc4456993b1d65437f828e44e93a82526b8486a0b7" classname="com.github.traderjoe95.mls.protocol.tree.TreeKem" time="0.001"/>
  <testcase name="the decrypted path secret should be bfe17d4187767b9187ef8e7aef25573ae4b11c27dbc93b3e38ef85239993450ad08340614187ef9a6d678992754391a75c3465b9aa8d84b65d6b8796255c5255" classname="com.github.traderjoe95.mls.protocol.tree.TreeKem" time="0.001"/>
  <testcase name="a new update path generated by the sender should be successfully processed" classname="com.github.traderjoe95.mls.protocol.tree.TreeKem" time="0.001"/>
  <testcase name="the update path should be parent-hash valid" classname="com.github.traderjoe95.mls.protocol.tree.TreeKem" time="0.0"/>
  <testcase name="the tree hash after merging the update path should be 1b2a60cbf3e2c3b34ee20936c75151bfe85f6e1e4615146cefada9e8ed2cad4b3dc9ea7fd9cf1ad065c3b7fc4456993b1d65437f828e44e93a82526b8486a0b7" classname="com.github.traderjoe95.mls.protocol.tree.TreeKem" time="0.0"/>
  <testcase name="the decrypted path secret should be bfe17d4187767b9187ef8e7aef25573ae4b11c27dbc93b3e38ef85239993450ad08340614187ef9a6d678992754391a75c3465b9aa8d84b65d6b8796255c5255" classname="com.github.traderjoe95.mls.protocol.tree.TreeKem" time="0.001"/>
  <testcase name="a new update path generated by the sender should be successfully processed" classname="com.github.traderjoe95.mls.protocol.tree.TreeKem" time="0.001"/>
  <testcase name="the update path should be parent-hash valid" classname="com.github.traderjoe95.mls.protocol.tree.TreeKem" time="0.001"/>
  <testcase name="the tree hash after merging the update path should be 1b2a60cbf3e2c3b34ee20936c75151bfe85f6e1e4615146cefada9e8ed2cad4b3dc9ea7fd9cf1ad065c3b7fc4456993b1d65437f828e44e93a82526b8486a0b7" classname="com.github.traderjoe95.mls.protocol.tree.TreeKem" time="0.001"/>
  <testcase name="the decrypted path secret should be bfe17d4187767b9187ef8e7aef25573ae4b11c27dbc93b3e38ef85239993450ad08340614187ef9a6d678992754391a75c3465b9aa8d84b65d6b8796255c5255" classname="com.github.traderjoe95.mls.protocol.tree.TreeKem" time="0.001"/>
  <testcase name="a new update path generated by the sender should be successfully processed" classname="com.github.traderjoe95.mls.protocol.tree.TreeKem" time="0.002"/>
  <testcase name="the update path should be parent-hash valid" classname="com.github.traderjoe95.mls.protocol.tree.TreeKem" time="0.0"/>
  <testcase name="the tree hash after merging the update path should be 1b2a60cbf3e2c3b34ee20936c75151bfe85f6e1e4615146cefada9e8ed2cad4b3dc9ea7fd9cf1ad065c3b7fc4456993b1d65437f828e44e93a82526b8486a0b7" classname="com.github.traderjoe95.mls.protocol.tree.TreeKem" time="0.001"/>
  <testcase name="the decrypted path secret should be 3a637b894c7786a1aeabd689782661c89191c656c98b75fab0704017d041691410c12da61f35cef0bf644c66557384d712923e032876d4d6a3e74f0a46416a2b" classname="com.github.traderjoe95.mls.protocol.tree.TreeKem" time="0.001"/>
  <testcase name="a new update path generated by the sender should be successfully processed" classname="com.github.traderjoe95.mls.protocol.tree.TreeKem" time="0.001"/>
  <testcase name="the update path should be parent-hash valid" classname="com.github.traderjoe95.mls.protocol.tree.TreeKem" time="0.001"/>
  <testcase name="the tree hash after merging the update path should be 1b2a60cbf3e2c3b34ee20936c75151bfe85f6e1e4615146cefada9e8ed2cad4b3dc9ea7fd9cf1ad065c3b7fc4456993b1d65437f828e44e93a82526b8486a0b7" classname="com.github.traderjoe95.mls.protocol.tree.TreeKem" time="0.001"/>
  <testcase name="the decrypted path secret should be 57dc289c97725d66d5a608409adfce0feb0638e75dc082b710af216b2e6ab3f77d136004c76576345083c622c0e63b56ed04fc106aaff6ae7c4de2183ca8162e" classname="com.github.traderjoe95.mls.protocol.tree.TreeKem" time="0.001"/>
  <testcase name="a new update path generated by the sender should be successfully processed" classname="com.github.traderjoe95.mls.protocol.tree.TreeKem" time="0.002"/>
  <testcase name="the update path should be parent-hash valid" classname="com.github.traderjoe95.mls.protocol.tree.TreeKem" time="0.0"/>
  <testcase name="the tree hash after merging the update path should be 1b2a60cbf3e2c3b34ee20936c75151bfe85f6e1e4615146cefada9e8ed2cad4b3dc9ea7fd9cf1ad065c3b7fc4456993b1d65437f828e44e93a82526b8486a0b7" classname="com.github.traderjoe95.mls.protocol.tree.TreeKem" time="0.0"/>
  <testcase name="the decrypted path secret should be 57dc289c97725d66d5a608409adfce0feb0638e75dc082b710af216b2e6ab3f77d136004c76576345083c622c0e63b56ed04fc106aaff6ae7c4de2183ca8162e" classname="com.github.traderjoe95.mls.protocol.tree.TreeKem" time="0.001"/>
  <testcase name="a new update path generated by the sender should be successfully processed" classname="com.github.traderjoe95.mls.protocol.tree.TreeKem" time="0.002"/>
  <testcase name="the update path should be parent-hash valid" classname="com.github.traderjoe95.mls.protocol.tree.TreeKem" time="0.001"/>
  <testcase name="the tree hash after merging the update path should be 8798d25ee16917edd15679c46d2fb1c845d81b9ef1b4ba0badca83b5a31d810b452d2d6187f67ab97c8c7c323579eb4b61f5d8c3b70e45695df1fac95d98691a" classname="com.github.traderjoe95.mls.protocol.tree.TreeKem" time="0.001"/>
  <testcase name="the decrypted path secret should be 47fac06dc42f0b0e72cbd18443573ce637e1fd88985ae440e033bb253e9bdce569debc047e153e88a0b4c0215709f38b01e9ed84dff4441c716771ea5198c8e8" classname="com.github.traderjoe95.mls.protocol.tree.TreeKem" time="0.001"/>
  <testcase name="a new update path generated by the sender should be successfully processed" classname="com.github.traderjoe95.mls.protocol.tree.TreeKem" time="0.002"/>
  <testcase name="the update path should be parent-hash valid" classname="com.github.traderjoe95.mls.protocol.tree.TreeKem" time="0.001"/>
  <testcase name="the tree hash after merging the update path should be 8798d25ee16917edd15679c46d2fb1c845d81b9ef1b4ba0badca83b5a31d810b452d2d6187f67ab97c8c7c323579eb4b61f5d8c3b70e45695df1fac95d98691a" classname="com.github.traderjoe95.mls.protocol.tree.TreeKem" time="0.0"/>
  <testcase name="the decrypted path secret should be 47fac06dc42f0b0e72cbd18443573ce637e1fd88985ae440e033bb253e9bdce569debc047e153e88a0b4c0215709f38b01e9ed84dff4441c716771ea5198c8e8" classname="com.github.traderjoe95.mls.protocol.tree.TreeKem" time="0.001"/>
  <testcase name="a new update path generated by the sender should be successfully processed" classname="com.github.traderjoe95.mls.protocol.tree.TreeKem" time="0.001"/>
  <testcase name="the update path should be parent-hash valid" classname="com.github.traderjoe95.mls.protocol.tree.TreeKem" time="0.0"/>
  <testcase name="the tree hash after merging the update path should be 8798d25ee16917edd15679c46d2fb1c845d81b9ef1b4ba0badca83b5a31d810b452d2d6187f67ab97c8c7c323579eb4b61f5d8c3b70e45695df1fac95d98691a" classname="com.github.traderjoe95.mls.protocol.tree.TreeKem" time="0.0"/>
  <testcase name="the decrypted path secret should be 47fac06dc42f0b0e72cbd18443573ce637e1fd88985ae440e033bb253e9bdce569debc047e153e88a0b4c0215709f38b01e9ed84dff4441c716771ea5198c8e8" classname="com.github.traderjoe95.mls.protocol.tree.TreeKem" time="0.001"/>
  <testcase name="a new update path generated by the sender should be successfully processed" classname="com.github.traderjoe95.mls.protocol.tree.TreeKem" time="0.001"/>
  <testcase name="the update path should be parent-hash valid" classname="com.github.traderjoe95.mls.protocol.tree.TreeKem" time="0.0"/>
  <testcase name="the tree hash after merging the update path should be 8798d25ee16917edd15679c46d2fb1c845d81b9ef1b4ba0badca83b5a31d810b452d2d6187f67ab97c8c7c323579eb4b61f5d8c3b70e45695df1fac95d98691a" classname="com.github.traderjoe95.mls.protocol.tree.TreeKem" time="0.0"/>
  <testcase name="the decrypted path secret should be 47fac06dc42f0b0e72cbd18443573ce637e1fd88985ae440e033bb253e9bdce569debc047e153e88a0b4c0215709f38b01e9ed84dff4441c716771ea5198c8e8" classname="com.github.traderjoe95.mls.protocol.tree.TreeKem" time="0.001"/>
  <testcase name="a new update path generated by the sender should be successfully processed" classname="com.github.traderjoe95.mls.protocol.tree.TreeKem" time="0.001"/>
  <testcase name="the update path should be parent-hash valid" classname="com.github.traderjoe95.mls.protocol.tree.TreeKem" time="0.001"/>
  <testcase name="the tree hash after merging the update path should be 8798d25ee16917edd15679c46d2fb1c845d81b9ef1b4ba0badca83b5a31d810b452d2d6187f67ab97c8c7c323579eb4b61f5d8c3b70e45695df1fac95d98691a" classname="com.github.traderjoe95.mls.protocol.tree.TreeKem" time="0.001"/>
  <testcase name="the decrypted path secret should be d5eb26976764b7c6a8fa2bd441e97db82b65920c4adb65a261c404555863da266c959cf91ff7ac8dbf13f27cebe63ad373c59cc74ba7bbb1a296335a1f75e15c" classname="com.github.traderjoe95.mls.protocol.tree.TreeKem" time="0.001"/>
  <testcase name="a new update path generated by the sender should be successfully processed" classname="com.github.traderjoe95.mls.protocol.tree.TreeKem" time="0.001"/>
  <testcase name="the update path should be parent-hash valid" classname="com.github.traderjoe95.mls.protocol.tree.TreeKem" time="0.0"/>
  <testcase name="the tree hash after merging the update path should be 8798d25ee16917edd15679c46d2fb1c845d81b9ef1b4ba0badca83b5a31d810b452d2d6187f67ab97c8c7c323579eb4b61f5d8c3b70e45695df1fac95d98691a" classname="com.github.traderjoe95.mls.protocol.tree.TreeKem" time="0.0"/>
  <testcase name="the decrypted path secret should be 151f20f81167a0e53ccf469dba3f54e4254592dbf50ea3b42a2b2e38dd212422ebeb4cf5c1d85d1659b215da92794d7bcc2ad5b98259f56ca95c4fa85bd87deb" classname="com.github.traderjoe95.mls.protocol.tree.TreeKem" time="0.0"/>
  <testcase name="a new update path generated by the sender should be successfully processed" classname="com.github.traderjoe95.mls.protocol.tree.TreeKem" time="0.001"/>
  <testcase name="the update path should be parent-hash valid" classname="com.github.traderjoe95.mls.protocol.tree.TreeKem" time="0.0"/>
  <testcase name="the tree hash after merging the update path should be 8798d25ee16917edd15679c46d2fb1c845d81b9ef1b4ba0badca83b5a31d810b452d2d6187f67ab97c8c7c323579eb4b61f5d8c3b70e45695df1fac95d98691a" classname="com.github.traderjoe95.mls.protocol.tree.TreeKem" time="0.0"/>
  <testcase name="the decrypted path secret should be 151f20f81167a0e53ccf469dba3f54e4254592dbf50ea3b42a2b2e38dd212422ebeb4cf5c1d85d1659b215da92794d7bcc2ad5b98259f56ca95c4fa85bd87deb" classname="com.github.traderjoe95.mls.protocol.tree.TreeKem" time="0.001"/>
  <testcase name="a new update path generated by the sender should be successfully processed" classname="com.github.traderjoe95.mls.protocol.tree.TreeKem" time="0.001"/>
  <testcase name="the update path should be parent-hash valid" classname="com.github.traderjoe95.mls.protocol.tree.TreeKem" time="0.0"/>
  <testcase name="the tree hash after merging the update path should be 43b1519748ba83c0a0a15fb1021f98cfd714a39d6841ad5c4f64f6c874187b3645142b8d208298f803eb4e3a84a9128458116376e1d614cd89b0a62206bdfa88" classname="com.github.traderjoe95.mls.protocol.tree.TreeKem" time="0.0"/>
  <testcase name="the decrypted path secret should be d3d4fc1b8879e100f91724cf9998ba07b54de0fb0fd00695da852cf7d35cbf1c7eeb59dc6703df8ed9b848b7eda7a909fc44085cf49ef653b22c2be0aaf9672d" classname="com.github.traderjoe95.mls.protocol.tree.TreeKem" time="0.001"/>
  <testcase name="a new update path generated by the sender should be successfully processed" classname="com.github.traderjoe95.mls.protocol.tree.TreeKem" time="0.001"/>
  <testcase name="the update path should be parent-hash valid" classname="com.github.traderjoe95.mls.protocol.tree.TreeKem" time="0.0"/>
  <testcase name="the tree hash after merging the update path should be 43b1519748ba83c0a0a15fb1021f98cfd714a39d6841ad5c4f64f6c874187b3645142b8d208298f803eb4e3a84a9128458116376e1d614cd89b0a62206bdfa88" classname="com.github.traderjoe95.mls.protocol.tree.TreeKem" time="0.0"/>
  <testcase name="the decrypted path secret should be d3d4fc1b8879e100f91724cf9998ba07b54de0fb0fd00695da852cf7d35cbf1c7eeb59dc6703df8ed9b848b7eda7a909fc44085cf49ef653b22c2be0aaf9672d" classname="com.github.traderjoe95.mls.protocol.tree.TreeKem" time="0.001"/>
  <testcase name="a new update path generated by the sender should be successfully processed" classname="com.github.traderjoe95.mls.protocol.tree.TreeKem" time="0.009"/>
  <testcase name="the update path should be parent-hash valid" classname="com.github.traderjoe95.mls.protocol.tree.TreeKem" time="0.0"/>
  <testcase name="the tree hash after merging the update path should be 43b1519748ba83c0a0a15fb1021f98cfd714a39d6841ad5c4f64f6c874187b3645142b8d208298f803eb4e3a84a9128458116376e1d614cd89b0a62206bdfa88" classname="com.github.traderjoe95.mls.protocol.tree.TreeKem" time="0.0"/>
  <testcase name="the decrypted path secret should be d3d4fc1b8879e100f91724cf9998ba07b54de0fb0fd00695da852cf7d35cbf1c7eeb59dc6703df8ed9b848b7eda7a909fc44085cf49ef653b22c2be0aaf9672d" classname="com.github.traderjoe95.mls.protocol.tree.TreeKem" time="0.001"/>
  <testcase name="a new update path generated by the sender should be successfully processed" classname="com.github.traderjoe95.mls.protocol.tree.TreeKem" time="0.001"/>
  <testcase name="the update path should be parent-hash valid" classname="com.github.traderjoe95.mls.protocol.tree.TreeKem" time="0.001"/>
  <testcase name="the tree hash after merging the update path should be 43b1519748ba83c0a0a15fb1021f98cfd714a39d6841ad5c4f64f6c874187b3645142b8d208298f803eb4e3a84a9128458116376e1d614cd89b0a62206bdfa88" classname="com.github.traderjoe95.mls.protocol.tree.TreeKem" time="0.001"/>
  <testcase name="the decrypted path secret should be d3d4fc1b8879e100f91724cf9998ba07b54de0fb0fd00695da852cf7d35cbf1c7eeb59dc6703df8ed9b848b7eda7a909fc44085cf49ef653b22c2be0aaf9672d" classname="com.github.traderjoe95.mls.protocol.tree.TreeKem" time="0.001"/>
  <testcase name="a new update path generated by the sender should be successfully processed" classname="com.github.traderjoe95.mls.protocol.tree.TreeKem" time="0.001"/>
  <testcase name="the update path should be parent-hash valid" classname="com.github.traderjoe95.mls.protocol.tree.TreeKem" time="0.0"/>
  <testcase name="the tree hash after merging the update path should be 43b1519748ba83c0a0a15fb1021f98cfd714a39d6841ad5c4f64f6c874187b3645142b8d208298f803eb4e3a84a9128458116376e1d614cd89b0a62206bdfa88" classname="com.github.traderjoe95.mls.protocol.tree.TreeKem" time="0.0"/>
  <testcase name="the decrypted path secret should be 56dd5fec0a49915bb8c77e15d34c0524d447bb8758495dccc598b9444ca5fb76eed831b559df2d2502550bfc48bd0d7e0a0254a9822878935bc3bae3b4dcaa8a" classname="com.github.traderjoe95.mls.protocol.tree.TreeKem" time="0.001"/>
  <testcase name="a new update path generated by the sender should be successfully processed" classname="com.github.traderjoe95.mls.protocol.tree.TreeKem" time="0.002"/>
  <testcase name="the update path should be parent-hash valid" classname="com.github.traderjoe95.mls.protocol.tree.TreeKem" time="0.0"/>
  <testcase name="the tree hash after merging the update path should be 43b1519748ba83c0a0a15fb1021f98cfd714a39d6841ad5c4f64f6c874187b3645142b8d208298f803eb4e3a84a9128458116376e1d614cd89b0a62206bdfa88" classname="com.github.traderjoe95.mls.protocol.tree.TreeKem" time="0.001"/>
  <testcase name="the decrypted path secret should be 56dd5fec0a49915bb8c77e15d34c0524d447bb8758495dccc598b9444ca5fb76eed831b559df2d2502550bfc48bd0d7e0a0254a9822878935bc3bae3b4dcaa8a" classname="com.github.traderjoe95.mls.protocol.tree.TreeKem" time="0.001"/>
  <testcase name="a new update path generated by the sender should be successfully processed" classname="com.github.traderjoe95.mls.protocol.tree.TreeKem" time="0.001"/>
  <testcase name="the update path should be parent-hash valid" classname="com.github.traderjoe95.mls.protocol.tree.TreeKem" time="0.0"/>
  <testcase name="the tree hash after merging the update path should be 43b1519748ba83c0a0a15fb1021f98cfd714a39d6841ad5c4f64f6c874187b3645142b8d208298f803eb4e3a84a9128458116376e1d614cd89b0a62206bdfa88" classname="com.github.traderjoe95.mls.protocol.tree.TreeKem" time="0.0"/>
  <testcase name="the decrypted path secret should be bd30485e42c56a769661f8d671f794ea8e74af837606d1a08c290d7d2c7c33c7fc2b3d8944582fea7a2bc0558719efac45ff3b5e7bde0bdd2218768ae46389e5" classname="com.github.traderjoe95.mls.protocol.tree.TreeKem" time="0.0"/>
  <testcase name="a new update path generated by the sender should be successfully processed" classname="com.github.traderjoe95.mls.protocol.tree.TreeKem" time="0.001"/>
  <testcase name="the update path should be parent-hash valid" classname="com.github.traderjoe95.mls.protocol.tree.TreeKem" time="0.0"/>
  <testcase name="the tree hash after merging the update path should be 8f9b73f9f90ca7b101efdafd04d5d0568ba24cf251d46414e42e1bf5dcd54e2054c91a02ecb4c782cf4380104281c02d13912243c295f3a11cd6009588bd3245" classname="com.github.traderjoe95.mls.protocol.tree.TreeKem" time="0.0"/>
  <testcase name="the decrypted path secret should be 5998f78f1b10f8866f850a3a465103ed7c1701bbd1f5e195f4e55b05f1e68a23f1c665ce82a50af7143f5ddddb265e572c2a232aa24487f8c370570514ec4805" classname="com.github.traderjoe95.mls.protocol.tree.TreeKem" time="0.0"/>
  <testcase name="a new update path generated by the sender should be successfully processed" classname="com.github.traderjoe95.mls.protocol.tree.TreeKem" time="0.001"/>
  <testcase name="the update path should be parent-hash valid" classname="com.github.traderjoe95.mls.protocol.tree.TreeKem" time="0.0"/>
  <testcase name="the tree hash after merging the update path should be 8f9b73f9f90ca7b101efdafd04d5d0568ba24cf251d46414e42e1bf5dcd54e2054c91a02ecb4c782cf4380104281c02d13912243c295f3a11cd6009588bd3245" classname="com.github.traderjoe95.mls.protocol.tree.TreeKem" time="0.001"/>
  <testcase name="the decrypted path secret should be 5998f78f1b10f8866f850a3a465103ed7c1701bbd1f5e195f4e55b05f1e68a23f1c665ce82a50af7143f5ddddb265e572c2a232aa24487f8c370570514ec4805" classname="com.github.traderjoe95.mls.protocol.tree.TreeKem" time="0.001"/>
  <testcase name="a new update path generated by the sender should be successfully processed" classname="com.github.traderjoe95.mls.protocol.tree.TreeKem" time="0.002"/>
  <testcase name="the update path should be parent-hash valid" classname="com.github.traderjoe95.mls.protocol.tree.TreeKem" time="0.0"/>
  <testcase name="the tree hash after merging the update path should be 8f9b73f9f90ca7b101efdafd04d5d0568ba24cf251d46414e42e1bf5dcd54e2054c91a02ecb4c782cf4380104281c02d13912243c295f3a11cd6009588bd3245" classname="com.github.traderjoe95.mls.protocol.tree.TreeKem" time="0.001"/>
  <testcase name="the decrypted path secret should be 5998f78f1b10f8866f850a3a465103ed7c1701bbd1f5e195f4e55b05f1e68a23f1c665ce82a50af7143f5ddddb265e572c2a232aa24487f8c370570514ec4805" classname="com.github.traderjoe95.mls.protocol.tree.TreeKem" time="0.001"/>
  <testcase name="a new update path generated by the sender should be successfully processed" classname="com.github.traderjoe95.mls.protocol.tree.TreeKem" time="0.001"/>
  <testcase name="the update path should be parent-hash valid" classname="com.github.traderjoe95.mls.protocol.tree.TreeKem" time="0.001"/>
  <testcase name="the tree hash after merging the update path should be 8f9b73f9f90ca7b101efdafd04d5d0568ba24cf251d46414e42e1bf5dcd54e2054c91a02ecb4c782cf4380104281c02d13912243c295f3a11cd6009588bd3245" classname="com.github.traderjoe95.mls.protocol.tree.TreeKem" time="0.0"/>
  <testcase name="the decrypted path secret should be 5998f78f1b10f8866f850a3a465103ed7c1701bbd1f5e195f4e55b05f1e68a23f1c665ce82a50af7143f5ddddb265e572c2a232aa24487f8c370570514ec4805" classname="com.github.traderjoe95.mls.protocol.tree.TreeKem" time="0.001"/>
  <testcase name="a new update path generated by the sender should be successfully processed" classname="com.github.traderjoe95.mls.protocol.tree.TreeKem" time="0.001"/>
  <testcase name="the update path should be parent-hash valid" classname="com.github.traderjoe95.mls.protocol.tree.TreeKem" time="0.0"/>
  <testcase name="the tree hash after merging the update path should be 8f9b73f9f90ca7b101efdafd04d5d0568ba24cf251d46414e42e1bf5dcd54e2054c91a02ecb4c782cf4380104281c02d13912243c295f3a11cd6009588bd3245" classname="com.github.traderjoe95.mls.protocol.tree.TreeKem" time="0.0"/>
  <testcase name="the decrypted path secret should be 7985c97fe991a30632c921acf55624fd5909fbd6a24ecd77f4089eb6a1910f3e898501084ff7de53ee69eba6b81d9f2e3ccc859f45b41d608ddf2033de31585c" classname="com.github.traderjoe95.mls.protocol.tree.TreeKem" time="0.001"/>
  <testcase name="a new update path generated by the sender should be successfully processed" classname="com.github.traderjoe95.mls.protocol.tree.TreeKem" time="0.002"/>
  <testcase name="the update path should be parent-hash valid" classname="com.github.traderjoe95.mls.protocol.tree.TreeKem" time="0.0"/>
  <testcase name="the tree hash after merging the update path should be 8f9b73f9f90ca7b101efdafd04d5d0568ba24cf251d46414e42e1bf5dcd54e2054c91a02ecb4c782cf4380104281c02d13912243c295f3a11cd6009588bd3245" classname="com.github.traderjoe95.mls.protocol.tree.TreeKem" time="0.0"/>
  <testcase name="the decrypted path secret should be 7985c97fe991a30632c921acf55624fd5909fbd6a24ecd77f4089eb6a1910f3e898501084ff7de53ee69eba6b81d9f2e3ccc859f45b41d608ddf2033de31585c" classname="com.github.traderjoe95.mls.protocol.tree.TreeKem" time="0.001"/>
  <testcase name="a new update path generated by the sender should be successfully processed" classname="com.github.traderjoe95.mls.protocol.tree.TreeKem" time="0.001"/>
  <testcase name="the update path should be parent-hash valid" classname="com.github.traderjoe95.mls.protocol.tree.TreeKem" time="0.0"/>
  <testcase name="the tree hash after merging the update path should be 8f9b73f9f90ca7b101efdafd04d5d0568ba24cf251d46414e42e1bf5dcd54e2054c91a02ecb4c782cf4380104281c02d13912243c295f3a11cd6009588bd3245" classname="com.github.traderjoe95.mls.protocol.tree.TreeKem" time="0.0"/>
  <testcase name="the decrypted path secret should be b34cab11a1854644c7ac32fabc824ecbaa457fe85c8ba1984a7dbd893808d4ebf322ce62265d7a2bfc0dcce3bbba0ff842d17ed18d68ca50c3f59d9e6c56bae3" classname="com.github.traderjoe95.mls.protocol.tree.TreeKem" time="0.001"/>
  <testcase name="a new update path generated by the sender should be successfully processed" classname="com.github.traderjoe95.mls.protocol.tree.TreeKem" time="0.001"/>
  <testcase name="non-blank leaf 0 should be consistent with the public state" classname="com.github.traderjoe95.mls.protocol.tree.TreeKem" time="0.001"/>
  <testcase name="non-blank leaf 1 should be consistent with the public state" classname="com.github.traderjoe95.mls.protocol.tree.TreeKem" time="0.003"/>
  <testcase name="non-blank leaf 2 should be consistent with the public state" classname="com.github.traderjoe95.mls.protocol.tree.TreeKem" time="0.001"/>
  <testcase name="non-blank leaf 4 should be consistent with the public state" classname="com.github.traderjoe95.mls.protocol.tree.TreeKem" time="0.002"/>
  <testcase name="non-blank leaf 5 should be consistent with the public state" classname="com.github.traderjoe95.mls.protocol.tree.TreeKem" time="0.002"/>
  <testcase name="non-blank leaf 6 should be consistent with the public state" classname="com.github.traderjoe95.mls.protocol.tree.TreeKem" time="0.001"/>
  <testcase name="non-blank leaf 7 should be consistent with the public state" classname="com.github.traderjoe95.mls.protocol.tree.TreeKem" time="0.002"/>
  <testcase name="the update path should be parent-hash valid" classname="com.github.traderjoe95.mls.protocol.tree.TreeKem" time="0.0"/>
  <testcase name="the tree hash after merging the update path should be 0fce17a893bfd1e3509612b1815e0f00c199a6ddd644c695c6faf367229c811fcae7df5323774dba3591b7554b7b744774500eba9e6316e6efd5d078e3f7a223" classname="com.github.traderjoe95.mls.protocol.tree.TreeKem" time="0.001"/>
  <testcase name="the decrypted path secret should be 4e260b3b25f10625a6ac1a3b03bcc1d0a23dc3bc8e5c1cf66a7f37554d44ba93c4af85f758158f5053e423d1612b1a435338f7b1c0c1518dd33dd0cfb39e4346" classname="com.github.traderjoe95.mls.protocol.tree.TreeKem" time="0.001"/>
  <testcase name="a new update path generated by the sender should be successfully processed" classname="com.github.traderjoe95.mls.protocol.tree.TreeKem" time="0.002"/>
  <testcase name="the update path should be parent-hash valid" classname="com.github.traderjoe95.mls.protocol.tree.TreeKem" time="0.0"/>
  <testcase name="the tree hash after merging the update path should be 0fce17a893bfd1e3509612b1815e0f00c199a6ddd644c695c6faf367229c811fcae7df5323774dba3591b7554b7b744774500eba9e6316e6efd5d078e3f7a223" classname="com.github.traderjoe95.mls.protocol.tree.TreeKem" time="0.001"/>
  <testcase name="the decrypted path secret should be 7823d52bbeb0f76a52d1bfa92a2a2df3ba2f3e4e7b061f517ad6b421c1bf347af922954a7ddea4a5a6eb28f20d63ce6df945de802b290addc58da255a7aebcf0" classname="com.github.traderjoe95.mls.protocol.tree.TreeKem" time="0.001"/>
  <testcase name="a new update path generated by the sender should be successfully processed" classname="com.github.traderjoe95.mls.protocol.tree.TreeKem" time="0.001"/>
  <testcase name="the update path should be parent-hash valid" classname="com.github.traderjoe95.mls.protocol.tree.TreeKem" time="0.0"/>
  <testcase name="the tree hash after merging the update path should be 0fce17a893bfd1e3509612b1815e0f00c199a6ddd644c695c6faf367229c811fcae7df5323774dba3591b7554b7b744774500eba9e6316e6efd5d078e3f7a223" classname="com.github.traderjoe95.mls.protocol.tree.TreeKem" time="0.0"/>
  <testcase name="the decrypted path secret should be e3b711e37b0b269c95e08da5254602836756cabf1a95d745b6939f497747481c2432f96fd002ffc711d7a72335617d733603f053865af0f7c6f2e5ee0c96a93e" classname="com.github.traderjoe95.mls.protocol.tree.TreeKem" time="0.001"/>
  <testcase name="a new update path generated by the sender should be successfully processed" classname="com.github.traderjoe95.mls.protocol.tree.TreeKem" time="0.001"/>
  <testcase name="the update path should be parent-hash valid" classname="com.github.traderjoe95.mls.protocol.tree.TreeKem" time="0.0"/>
  <testcase name="the tree hash after merging the update path should be 0fce17a893bfd1e3509612b1815e0f00c199a6ddd644c695c6faf367229c811fcae7df5323774dba3591b7554b7b744774500eba9e6316e6efd5d078e3f7a223" classname="com.github.traderjoe95.mls.protocol.tree.TreeKem" time="0.0"/>
  <testcase name="the decrypted path secret should be e3b711e37b0b269c95e08da5254602836756cabf1a95d745b6939f497747481c2432f96fd002ffc711d7a72335617d733603f053865af0f7c6f2e5ee0c96a93e" classname="com.github.traderjoe95.mls.protocol.tree.TreeKem" time="0.001"/>
  <testcase name="a new update path generated by the sender should be successfully processed" classname="com.github.traderjoe95.mls.protocol.tree.TreeKem" time="0.001"/>
  <testcase name="the update path should be parent-hash valid" classname="com.github.traderjoe95.mls.protocol.tree.TreeKem" time="0.0"/>
  <testcase name="the tree hash after merging the update path should be 0fce17a893bfd1e3509612b1815e0f00c199a6ddd644c695c6faf367229c811fcae7df5323774dba3591b7554b7b744774500eba9e6316e6efd5d078e3f7a223" classname="com.github.traderjoe95.mls.protocol.tree.TreeKem" time="0.001"/>
  <testcase name="the decrypted path secret should be e3b711e37b0b269c95e08da5254602836756cabf1a95d745b6939f497747481c2432f96fd002ffc711d7a72335617d733603f053865af0f7c6f2e5ee0c96a93e" classname="com.github.traderjoe95.mls.protocol.tree.TreeKem" time="0.0"/>
  <testcase name="a new update path generated by the sender should be successfully processed" classname="com.github.traderjoe95.mls.protocol.tree.TreeKem" time="0.002"/>
  <testcase name="the update path should be parent-hash valid" classname="com.github.traderjoe95.mls.protocol.tree.TreeKem" time="0.0"/>
  <testcase name="the tree hash after merging the update path should be 0fce17a893bfd1e3509612b1815e0f00c199a6ddd644c695c6faf367229c811fcae7df5323774dba3591b7554b7b744774500eba9e6316e6efd5d078e3f7a223" classname="com.github.traderjoe95.mls.protocol.tree.TreeKem" time="0.0"/>
  <testcase name="the decrypted path secret should be e3b711e37b0b269c95e08da5254602836756cabf1a95d745b6939f497747481c2432f96fd002ffc711d7a72335617d733603f053865af0f7c6f2e5ee0c96a93e" classname="com.github.traderjoe95.mls.protocol.tree.TreeKem" time="0.0"/>
  <testcase name="a new update path generated by the sender should be successfully processed" classname="com.github.traderjoe95.mls.protocol.tree.TreeKem" time="0.001"/>
  <testcase name="the update path should be parent-hash valid" classname="com.github.traderjoe95.mls.protocol.tree.TreeKem" time="0.0"/>
  <testcase name="the tree hash after merging the update path should be c2f6385da2aaced090d3b3565fc244deb700d464083db84fd0163208e67cf116557711972286ad9696f5f92f98d2395159d9ec3dbfa2ed060a7cb68188cfd790" classname="com.github.traderjoe95.mls.protocol.tree.TreeKem" time="0.001"/>
  <testcase name="the decrypted path secret should be 7f37cc9b4d2c8c08d14fcc73f9e17087b474d988f550907afd691038cd4e063f0d9fe43711695f21620783fb17e9ac17a066dff3d1b924fe100afb05241592f5" classname="com.github.traderjoe95.mls.protocol.tree.TreeKem" time="0.001"/>
  <testcase name="a new update path generated by the sender should be successfully processed" classname="com.github.traderjoe95.mls.protocol.tree.TreeKem" time="0.002"/>
  <testcase name="the update path should be parent-hash valid" classname="com.github.traderjoe95.mls.protocol.tree.TreeKem" time="0.0"/>
  <testcase name="the tree hash after merging the update path should be c2f6385da2aaced090d3b3565fc244deb700d464083db84fd0163208e67cf116557711972286ad9696f5f92f98d2395159d9ec3dbfa2ed060a7cb68188cfd790" classname="com.github.traderjoe95.mls.protocol.tree.TreeKem" time="0.001"/>
  <testcase name="the decrypted path secret should be e4b4f603c4c34d5b08862020341835309e49586b1472d07187888b36d6aee3585cb19079ddf66f1365f85b18dcdbd6e27a8cf445c0114bfa864cc0de172e2d43" classname="com.github.traderjoe95.mls.protocol.tree.TreeKem" time="0.001"/>
  <testcase name="a new update path generated by the sender should be successfully processed" classname="com.github.traderjoe95.mls.protocol.tree.TreeKem" time="0.001"/>
  <testcase name="the update path should be parent-hash valid" classname="com.github.traderjoe95.mls.protocol.tree.TreeKem" time="0.0"/>
  <testcase name="the tree hash after merging the update path should be c2f6385da2aaced090d3b3565fc244deb700d464083db84fd0163208e67cf116557711972286ad9696f5f92f98d2395159d9ec3dbfa2ed060a7cb68188cfd790" classname="com.github.traderjoe95.mls.protocol.tree.TreeKem" time="0.0"/>
  <testcase name="the decrypted path secret should be 99804fae5a3739693817b7877853a22ca25cd36993d8d146eab0ba9ebec21c1d9077e0e87b48aaf661ac8d069557734ee8c99a498d847b6bbb35067011de06c3" classname="com.github.traderjoe95.mls.protocol.tree.TreeKem" time="0.001"/>
  <testcase name="a new update path generated by the sender should be successfully processed" classname="com.github.traderjoe95.mls.protocol.tree.TreeKem" time="0.001"/>
  <testcase name="the update path should be parent-hash valid" classname="com.github.traderjoe95.mls.protocol.tree.TreeKem" time="0.001"/>
  <testcase name="the tree hash after merging the update path should be c2f6385da2aaced090d3b3565fc244deb700d464083db84fd0163208e67cf116557711972286ad9696f5f92f98d2395159d9ec3dbfa2ed060a7cb68188cfd790" classname="com.github.traderjoe95.mls.protocol.tree.TreeKem" time="0.0"/>
  <testcase name="the decrypted path secret should be 99804fae5a3739693817b7877853a22ca25cd36993d8d146eab0ba9ebec21c1d9077e0e87b48aaf661ac8d069557734ee8c99a498d847b6bbb35067011de06c3" classname="com.github.traderjoe95.mls.protocol.tree.TreeKem" time="0.001"/>
  <testcase name="a new update path generated by the sender should be successfully processed" classname="com.github.traderjoe95.mls.protocol.tree.TreeKem" time="0.001"/>
  <testcase name="the update path should be parent-hash valid" classname="com.github.traderjoe95.mls.protocol.tree.TreeKem" time="0.001"/>
  <testcase name="the tree hash after merging the update path should be c2f6385da2aaced090d3b3565fc244deb700d464083db84fd0163208e67cf116557711972286ad9696f5f92f98d2395159d9ec3dbfa2ed060a7cb68188cfd790" classname="com.github.traderjoe95.mls.protocol.tree.TreeKem" time="0.001"/>
  <testcase name="the decrypted path secret should be 99804fae5a3739693817b7877853a22ca25cd36993d8d146eab0ba9ebec21c1d9077e0e87b48aaf661ac8d069557734ee8c99a498d847b6bbb35067011de06c3" classname="com.github.traderjoe95.mls.protocol.tree.TreeKem" time="0.001"/>
  <testcase name="a new update path generated by the sender should be successfully processed" classname="com.github.traderjoe95.mls.protocol.tree.TreeKem" time="0.001"/>
  <testcase name="the update path should be parent-hash valid" classname="com.github.traderjoe95.mls.protocol.tree.TreeKem" time="0.0"/>
  <testcase name="the tree hash after merging the update path should be c2f6385da2aaced090d3b3565fc244deb700d464083db84fd0163208e67cf116557711972286ad9696f5f92f98d2395159d9ec3dbfa2ed060a7cb68188cfd790" classname="com.github.traderjoe95.mls.protocol.tree.TreeKem" time="0.0"/>
  <testcase name="the decrypted path secret should be 99804fae5a3739693817b7877853a22ca25cd36993d8d146eab0ba9ebec21c1d9077e0e87b48aaf661ac8d069557734ee8c99a498d847b6bbb35067011de06c3" classname="com.github.traderjoe95.mls.protocol.tree.TreeKem" time="0.001"/>
  <testcase name="a new update path generated by the sender should be successfully processed" classname="com.github.traderjoe95.mls.protocol.tree.TreeKem" time="0.002"/>
  <testcase name="the update path should be parent-hash valid" classname="com.github.traderjoe95.mls.protocol.tree.TreeKem" time="0.001"/>
  <testcase name="the tree hash after merging the update path should be 055fdcf61e85a799abd256db0cdfe071d829a513a73ca0e80118ddac5e521da74c4b7b1b9a244914011009dd4a1bf80c351e4ae2803f2b8ff01cb2e9ff288749" classname="com.github.traderjoe95.mls.protocol.tree.TreeKem" time="0.001"/>
  <testcase name="the decrypted path secret should be bb693722f761a5153fc1f9e3614bb238ac8cc6360c5e477f9824f174c9232f87a2e6fe8cdc0a5fc077298d69ac581876d446078e422b0a5d47bb7d463e688166" classname="com.github.traderjoe95.mls.protocol.tree.TreeKem" time="0.001"/>
  <testcase name="a new update path generated by the sender should be successfully processed" classname="com.github.traderjoe95.mls.protocol.tree.TreeKem" time="0.001"/>
  <testcase name="the update path should be parent-hash valid" classname="com.github.traderjoe95.mls.protocol.tree.TreeKem" time="0.0"/>
  <testcase name="the tree hash after merging the update path should be 055fdcf61e85a799abd256db0cdfe071d829a513a73ca0e80118ddac5e521da74c4b7b1b9a244914011009dd4a1bf80c351e4ae2803f2b8ff01cb2e9ff288749" classname="com.github.traderjoe95.mls.protocol.tree.TreeKem" time="0.0"/>
  <testcase name="the decrypted path secret should be bb693722f761a5153fc1f9e3614bb238ac8cc6360c5e477f9824f174c9232f87a2e6fe8cdc0a5fc077298d69ac581876d446078e422b0a5d47bb7d463e688166" classname="com.github.traderjoe95.mls.protocol.tree.TreeKem" time="0.001"/>
  <testcase name="a new update path generated by the sender should be successfully processed" classname="com.github.traderjoe95.mls.protocol.tree.TreeKem" time="0.001"/>
  <testcase name="the update path should be parent-hash valid" classname="com.github.traderjoe95.mls.protocol.tree.TreeKem" time="0.001"/>
  <testcase name="the tree hash after merging the update path should be 055fdcf61e85a799abd256db0cdfe071d829a513a73ca0e80118ddac5e521da74c4b7b1b9a244914011009dd4a1bf80c351e4ae2803f2b8ff01cb2e9ff288749" classname="com.github.traderjoe95.mls.protocol.tree.TreeKem" time="0.001"/>
  <testcase name="the decrypted path secret should be f0ac2bcb46ffa22280fb638f4782241be45627be58f1cfdcbe5f885bbaace2a58213f729817e13f965d1862cbd72dc0645078514304e736ed0ec8ff1b9b820f8" classname="com.github.traderjoe95.mls.protocol.tree.TreeKem" time="0.001"/>
  <testcase name="a new update path generated by the sender should be successfully processed" classname="com.github.traderjoe95.mls.protocol.tree.TreeKem" time="0.001"/>
  <testcase name="the update path should be parent-hash valid" classname="com.github.traderjoe95.mls.protocol.tree.TreeKem" time="0.0"/>
  <testcase name="the tree hash after merging the update path should be 055fdcf61e85a799abd256db0cdfe071d829a513a73ca0e80118ddac5e521da74c4b7b1b9a244914011009dd4a1bf80c351e4ae2803f2b8ff01cb2e9ff288749" classname="com.github.traderjoe95.mls.protocol.tree.TreeKem" time="0.0"/>
  <testcase name="the decrypted path secret should be f0ac2bcb46ffa22280fb638f4782241be45627be58f1cfdcbe5f885bbaace2a58213f729817e13f965d1862cbd72dc0645078514304e736ed0ec8ff1b9b820f8" classname="com.github.traderjoe95.mls.protocol.tree.TreeKem" time="0.0"/>
  <testcase name="a new update path generated by the sender should be successfully processed" classname="com.github.traderjoe95.mls.protocol.tree.TreeKem" time="0.001"/>
  <testcase name="the update path should be parent-hash valid" classname="com.github.traderjoe95.mls.protocol.tree.TreeKem" time="0.001"/>
  <testcase name="the tree hash after merging the update path should be 055fdcf61e85a799abd256db0cdfe071d829a513a73ca0e80118ddac5e521da74c4b7b1b9a244914011009dd4a1bf80c351e4ae2803f2b8ff01cb2e9ff288749" classname="com.github.traderjoe95.mls.protocol.tree.TreeKem" time="0.001"/>
  <testcase name="the decrypted path secret should be f0ac2bcb46ffa22280fb638f4782241be45627be58f1cfdcbe5f885bbaace2a58213f729817e13f965d1862cbd72dc0645078514304e736ed0ec8ff1b9b820f8" classname="com.github.traderjoe95.mls.protocol.tree.TreeKem" time="0.0"/>
  <testcase name="a new update path generated by the sender should be successfully processed" classname="com.github.traderjoe95.mls.protocol.tree.TreeKem" time="0.001"/>
  <testcase name="the update path should be parent-hash valid" classname="com.github.traderjoe95.mls.protocol.tree.TreeKem" time="0.001"/>
  <testcase name="the tree hash after merging the update path should be 055fdcf61e85a799abd256db0cdfe071d829a513a73ca0e80118ddac5e521da74c4b7b1b9a244914011009dd4a1bf80c351e4ae2803f2b8ff01cb2e9ff288749" classname="com.github.traderjoe95.mls.protocol.tree.TreeKem" time="0.0"/>
  <testcase name="the decrypted path secret should be f0ac2bcb46ffa22280fb638f4782241be45627be58f1cfdcbe5f885bbaace2a58213f729817e13f965d1862cbd72dc0645078514304e736ed0ec8ff1b9b820f8" classname="com.github.traderjoe95.mls.protocol.tree.TreeKem" time="0.001"/>
  <testcase name="a new update path generated by the sender should be successfully processed" classname="com.github.traderjoe95.mls.protocol.tree.TreeKem" time="0.002"/>
  <testcase name="the update path should be parent-hash valid" classname="com.github.traderjoe95.mls.protocol.tree.TreeKem" time="0.0"/>
  <testcase name="the tree hash after merging the update path should be ca3ab3e61b03ae5375b7f470082b9baf45f0e807707fa1418e91562c57ba879b356e783d1cbdcc834fee64fbce5cf3d93ea32c82f58c747b172c0bc06ac6ca3c" classname="com.github.traderjoe95.mls.protocol.tree.TreeKem" time="0.0"/>
  <testcase name="the decrypted path secret should be 3c2c79fb2ccd550997144dfd588eed18148d10129ed0205323a60646efe514d22f122e7d7eba6ccc46531c81a68393480a3cd784dbaaa47b5a0ea07c832943c1" classname="com.github.traderjoe95.mls.protocol.tree.TreeKem" time="0.001"/>
  <testcase name="a new update path generated by the sender should be successfully processed" classname="com.github.traderjoe95.mls.protocol.tree.TreeKem" time="0.002"/>
  <testcase name="the update path should be parent-hash valid" classname="com.github.traderjoe95.mls.protocol.tree.TreeKem" time="0.001"/>
  <testcase name="the tree hash after merging the update path should be ca3ab3e61b03ae5375b7f470082b9baf45f0e807707fa1418e91562c57ba879b356e783d1cbdcc834fee64fbce5cf3d93ea32c82f58c747b172c0bc06ac6ca3c" classname="com.github.traderjoe95.mls.protocol.tree.TreeKem" time="0.0"/>
  <testcase name="the decrypted path secret should be 3c2c79fb2ccd550997144dfd588eed18148d10129ed0205323a60646efe514d22f122e7d7eba6ccc46531c81a68393480a3cd784dbaaa47b5a0ea07c832943c1" classname="com.github.traderjoe95.mls.protocol.tree.TreeKem" time="0.002"/>
  <testcase name="a new update path generated by the sender should be successfully processed" classname="com.github.traderjoe95.mls.protocol.tree.TreeKem" time="0.002"/>
  <testcase name="the update path should be parent-hash valid" classname="com.github.traderjoe95.mls.protocol.tree.TreeKem" time="0.001"/>
  <testcase name="the tree hash after merging the update path should be ca3ab3e61b03ae5375b7f470082b9baf45f0e807707fa1418e91562c57ba879b356e783d1cbdcc834fee64fbce5cf3d93ea32c82f58c747b172c0bc06ac6ca3c" classname="com.github.traderjoe95.mls.protocol.tree.TreeKem" time="0.0"/>
  <testcase name="the decrypted path secret should be 3c2c79fb2ccd550997144dfd588eed18148d10129ed0205323a60646efe514d22f122e7d7eba6ccc46531c81a68393480a3cd784dbaaa47b5a0ea07c832943c1" classname="com.github.traderjoe95.mls.protocol.tree.TreeKem" time="0.001"/>
  <testcase name="a new update path generated by the sender should be successfully processed" classname="com.github.traderjoe95.mls.protocol.tree.TreeKem" time="0.001"/>
  <testcase name="the update path should be parent-hash valid" classname="com.github.traderjoe95.mls.protocol.tree.TreeKem" time="0.0"/>
  <testcase name="the tree hash after merging the update path should be ca3ab3e61b03ae5375b7f470082b9baf45f0e807707fa1418e91562c57ba879b356e783d1cbdcc834fee64fbce5cf3d93ea32c82f58c747b172c0bc06ac6ca3c" classname="com.github.traderjoe95.mls.protocol.tree.TreeKem" time="0.0"/>
  <testcase name="the decrypted path secret should be 0c4b19d26c262ef469f5133d38d4647ddd4cf68caa51857cfeb02a30d7c93ed33408f1e2547b294cc2d28f5c4c52336f1d612ebe1d0a80a77ffdfa3d63deb584" classname="com.github.traderjoe95.mls.protocol.tree.TreeKem" time="0.001"/>
  <testcase name="a new update path generated by the sender should be successfully processed" classname="com.github.traderjoe95.mls.protocol.tree.TreeKem" time="0.001"/>
  <testcase name="the update path should be parent-hash valid" classname="com.github.traderjoe95.mls.protocol.tree.TreeKem" time="0.0"/>
  <testcase name="the tree hash after merging the update path should be ca3ab3e61b03ae5375b7f470082b9baf45f0e807707fa1418e91562c57ba879b356e783d1cbdcc834fee64fbce5cf3d93ea32c82f58c747b172c0bc06ac6ca3c" classname="com.github.traderjoe95.mls.protocol.tree.TreeKem" time="0.001"/>
  <testcase name="the decrypted path secret should be 3eca60bed49008f3424aa00021b7088178aabe768318cff6ce544b509dc6cf525f3e328295c7e32e7a225ac6b461787ac12454afd22c2620773efd545b8de236" classname="com.github.traderjoe95.mls.protocol.tree.TreeKem" time="0.001"/>
  <testcase name="a new update path generated by the sender should be successfully processed" classname="com.github.traderjoe95.mls.protocol.tree.TreeKem" time="0.001"/>
  <testcase name="the update path should be parent-hash valid" classname="com.github.traderjoe95.mls.protocol.tree.TreeKem" time="0.001"/>
  <testcase name="the tree hash after merging the update path should be ca3ab3e61b03ae5375b7f470082b9baf45f0e807707fa1418e91562c57ba879b356e783d1cbdcc834fee64fbce5cf3d93ea32c82f58c747b172c0bc06ac6ca3c" classname="com.github.traderjoe95.mls.protocol.tree.TreeKem" time="0.001"/>
  <testcase name="the decrypted path secret should be 3eca60bed49008f3424aa00021b7088178aabe768318cff6ce544b509dc6cf525f3e328295c7e32e7a225ac6b461787ac12454afd22c2620773efd545b8de236" classname="com.github.traderjoe95.mls.protocol.tree.TreeKem" time="0.001"/>
  <testcase name="a new update path generated by the sender should be successfully processed" classname="com.github.traderjoe95.mls.protocol.tree.TreeKem" time="0.001"/>
  <testcase name="the update path should be parent-hash valid" classname="com.github.traderjoe95.mls.protocol.tree.TreeKem" time="0.001"/>
  <testcase name="the tree hash after merging the update path should be 9e40fac0b5abe24493302b6cc50b7a7d6c017cb5b6b40726b7b0e7f9b000f747e6431e3ddd8e08f9a541a31ee92b9990884f1390a0aa321faffd613ea235602d" classname="com.github.traderjoe95.mls.protocol.tree.TreeKem" time="0.0"/>
  <testcase name="the decrypted path secret should be 9bff3114b7590a09f88555e656cacc4d0c7be2ad85358dd96df6acce0eedc5f75b8d5c8c16cba923a68d307371f8e340e1acfb1bf2907cd8467b2d5930e98f01" classname="com.github.traderjoe95.mls.protocol.tree.TreeKem" time="0.001"/>
  <testcase name="a new update path generated by the sender should be successfully processed" classname="com.github.traderjoe95.mls.protocol.tree.TreeKem" time="0.001"/>
  <testcase name="the update path should be parent-hash valid" classname="com.github.traderjoe95.mls.protocol.tree.TreeKem" time="0.0"/>
  <testcase name="the tree hash after merging the update path should be 9e40fac0b5abe24493302b6cc50b7a7d6c017cb5b6b40726b7b0e7f9b000f747e6431e3ddd8e08f9a541a31ee92b9990884f1390a0aa321faffd613ea235602d" classname="com.github.traderjoe95.mls.protocol.tree.TreeKem" time="0.0"/>
  <testcase name="the decrypted path secret should be 9bff3114b7590a09f88555e656cacc4d0c7be2ad85358dd96df6acce0eedc5f75b8d5c8c16cba923a68d307371f8e340e1acfb1bf2907cd8467b2d5930e98f01" classname="com.github.traderjoe95.mls.protocol.tree.TreeKem" time="0.001"/>
  <testcase name="a new update path generated by the sender should be successfully processed" classname="com.github.traderjoe95.mls.protocol.tree.TreeKem" time="0.001"/>
  <testcase name="the update path should be parent-hash valid" classname="com.github.traderjoe95.mls.protocol.tree.TreeKem" time="0.001"/>
  <testcase name="the tree hash after merging the update path should be 9e40fac0b5abe24493302b6cc50b7a7d6c017cb5b6b40726b7b0e7f9b000f747e6431e3ddd8e08f9a541a31ee92b9990884f1390a0aa321faffd613ea235602d" classname="com.github.traderjoe95.mls.protocol.tree.TreeKem" time="0.001"/>
  <testcase name="the decrypted path secret should be 9bff3114b7590a09f88555e656cacc4d0c7be2ad85358dd96df6acce0eedc5f75b8d5c8c16cba923a68d307371f8e340e1acfb1bf2907cd8467b2d5930e98f01" classname="com.github.traderjoe95.mls.protocol.tree.TreeKem" time="0.0"/>
  <testcase name="a new update path generated by the sender should be successfully processed" classname="com.github.traderjoe95.mls.protocol.tree.TreeKem" time="0.001"/>
  <testcase name="the update path should be parent-hash valid" classname="com.github.traderjoe95.mls.protocol.tree.TreeKem" time="0.0"/>
  <testcase name="the tree hash after merging the update path should be 9e40fac0b5abe24493302b6cc50b7a7d6c017cb5b6b40726b7b0e7f9b000f747e6431e3ddd8e08f9a541a31ee92b9990884f1390a0aa321faffd613ea235602d" classname="com.github.traderjoe95.mls.protocol.tree.TreeKem" time="0.001"/>
  <testcase name="the decrypted path secret should be a0d0462da9755c7796116daf3f32d5920f76d66693ee72e097a4b7ac2804fe680562a713656e7b99e7ae9f4f584ea8fca564b2777b16631c65f2d27f6629e53d" classname="com.github.traderjoe95.mls.protocol.tree.TreeKem" time="0.001"/>
  <testcase name="a new update path generated by the sender should be successfully processed" classname="com.github.traderjoe95.mls.protocol.tree.TreeKem" time="0.002"/>
  <testcase name="the update path should be parent-hash valid" classname="com.github.traderjoe95.mls.protocol.tree.TreeKem" time="0.0"/>
  <testcase name="the tree hash after merging the update path should be 9e40fac0b5abe24493302b6cc50b7a7d6c017cb5b6b40726b7b0e7f9b000f747e6431e3ddd8e08f9a541a31ee92b9990884f1390a0aa321faffd613ea235602d" classname="com.github.traderjoe95.mls.protocol.tree.TreeKem" time="0.0"/>
  <testcase name="the decrypted path secret should be a2fe7f09caec34a7e2bfe4325566a77dcba1c650b69f3f1f99f71d55ec23524af581b10ff354e7b4fa1ff4c8f73543273b73f3cc7172df105d902a846284ae85" classname="com.github.traderjoe95.mls.protocol.tree.TreeKem" time="0.001"/>
  <testcase name="a new update path generated by the sender should be successfully processed" classname="com.github.traderjoe95.mls.protocol.tree.TreeKem" time="0.001"/>
  <testcase name="the update path should be parent-hash valid" classname="com.github.traderjoe95.mls.protocol.tree.TreeKem" time="0.0"/>
  <testcase name="the tree hash after merging the update path should be 9e40fac0b5abe24493302b6cc50b7a7d6c017cb5b6b40726b7b0e7f9b000f747e6431e3ddd8e08f9a541a31ee92b9990884f1390a0aa321faffd613ea235602d" classname="com.github.traderjoe95.mls.protocol.tree.TreeKem" time="0.0"/>
  <testcase name="the decrypted path secret should be a2fe7f09caec34a7e2bfe4325566a77dcba1c650b69f3f1f99f71d55ec23524af581b10ff354e7b4fa1ff4c8f73543273b73f3cc7172df105d902a846284ae85" classname="com.github.traderjoe95.mls.protocol.tree.TreeKem" time="0.001"/>
  <testcase name="a new update path generated by the sender should be successfully processed" classname="com.github.traderjoe95.mls.protocol.tree.TreeKem" time="0.001"/>
  <testcase name="the update path should be parent-hash valid" classname="com.github.traderjoe95.mls.protocol.tree.TreeKem" time="0.0"/>
  <testcase name="the tree hash after merging the update path should be 64b853ca892a02bbcda6f0a65be9a8a393c0c0d53ff3248f4989fc2f4ebd4e87ca0d364e5ecb7d0ed7eb02d1657bcdf3ac9bfc4ba2b3a798dec84614ba9fa5dd" classname="com.github.traderjoe95.mls.protocol.tree.TreeKem" time="0.0"/>
  <testcase name="the decrypted path secret should be 6aa6b437ba4f0e5e18f75a6ebc2915b1d9cd4d57e26e0cc29d63046926197e58c0251c2c32484f8be36b406cbbb3005da77d7c0a7b90781e11e5cb7f0c15304e" classname="com.github.traderjoe95.mls.protocol.tree.TreeKem" time="0.0"/>
  <testcase name="a new update path generated by the sender should be successfully processed" classname="com.github.traderjoe95.mls.protocol.tree.TreeKem" time="0.001"/>
  <testcase name="the update path should be parent-hash valid" classname="com.github.traderjoe95.mls.protocol.tree.TreeKem" time="0.001"/>
  <testcase name="the tree hash after merging the update path should be 64b853ca892a02bbcda6f0a65be9a8a393c0c0d53ff3248f4989fc2f4ebd4e87ca0d364e5ecb7d0ed7eb02d1657bcdf3ac9bfc4ba2b3a798dec84614ba9fa5dd" classname="com.github.traderjoe95.mls.protocol.tree.TreeKem" time="0.0"/>
  <testcase name="the decrypted path secret should be 6aa6b437ba4f0e5e18f75a6ebc2915b1d9cd4d57e26e0cc29d63046926197e58c0251c2c32484f8be36b406cbbb3005da77d7c0a7b90781e11e5cb7f0c15304e" classname="com.github.traderjoe95.mls.protocol.tree.TreeKem" time="0.001"/>
  <testcase name="a new update path generated by the sender should be successfully processed" classname="com.github.traderjoe95.mls.protocol.tree.TreeKem" time="0.002"/>
  <testcase name="the update path should be parent-hash valid" classname="com.github.traderjoe95.mls.protocol.tree.TreeKem" time="0.001"/>
  <testcase name="the tree hash after merging the update path should be 64b853ca892a02bbcda6f0a65be9a8a393c0c0d53ff3248f4989fc2f4ebd4e87ca0d364e5ecb7d0ed7eb02d1657bcdf3ac9bfc4ba2b3a798dec84614ba9fa5dd" classname="com.github.traderjoe95.mls.protocol.tree.TreeKem" time="0.001"/>
  <testcase name="the decrypted path secret should be 6aa6b437ba4f0e5e18f75a6ebc2915b1d9cd4d57e26e0cc29d63046926197e58c0251c2c32484f8be36b406cbbb3005da77d7c0a7b90781e11e5cb7f0c15304e" classname="com.github.traderjoe95.mls.protocol.tree.TreeKem" time="0.001"/>
  <testcase name="a new update path generated by the sender should be successfully processed" classname="com.github.traderjoe95.mls.protocol.tree.TreeKem" time="0.001"/>
  <testcase name="the update path should be parent-hash valid" classname="com.github.traderjoe95.mls.protocol.tree.TreeKem" time="0.0"/>
  <testcase name="the tree hash after merging the update path should be 64b853ca892a02bbcda6f0a65be9a8a393c0c0d53ff3248f4989fc2f4ebd4e87ca0d364e5ecb7d0ed7eb02d1657bcdf3ac9bfc4ba2b3a798dec84614ba9fa5dd" classname="com.github.traderjoe95.mls.protocol.tree.TreeKem" time="0.001"/>
  <testcase name="the decrypted path secret should be 1c5e5d0740dbde9092c0a9dc39e38be035f451025f65f70b1ec11a1083ba9fde28774caf9c3caf848839a198b505d725acd631206dc7533dfebebe5fcb3aafc9" classname="com.github.traderjoe95.mls.protocol.tree.TreeKem" time="0.001"/>
  <testcase name="a new update path generated by the sender should be successfully processed" classname="com.github.traderjoe95.mls.protocol.tree.TreeKem" time="0.001"/>
  <testcase name="the update path should be parent-hash valid" classname="com.github.traderjoe95.mls.protocol.tree.TreeKem" time="0.0"/>
  <testcase name="the tree hash after merging the update path should be 64b853ca892a02bbcda6f0a65be9a8a393c0c0d53ff3248f4989fc2f4ebd4e87ca0d364e5ecb7d0ed7eb02d1657bcdf3ac9bfc4ba2b3a798dec84614ba9fa5dd" classname="com.github.traderjoe95.mls.protocol.tree.TreeKem" time="0.001"/>
  <testcase name="the decrypted path secret should be 1c5e5d0740dbde9092c0a9dc39e38be035f451025f65f70b1ec11a1083ba9fde28774caf9c3caf848839a198b505d725acd631206dc7533dfebebe5fcb3aafc9" classname="com.github.traderjoe95.mls.protocol.tree.TreeKem" time="0.002"/>
  <testcase name="a new update path generated by the sender should be successfully processed" classname="com.github.traderjoe95.mls.protocol.tree.TreeKem" time="0.002"/>
  <testcase name="the update path should be parent-hash valid" classname="com.github.traderjoe95.mls.protocol.tree.TreeKem" time="0.0"/>
  <testcase name="the tree hash after merging the update path should be 64b853ca892a02bbcda6f0a65be9a8a393c0c0d53ff3248f4989fc2f4ebd4e87ca0d364e5ecb7d0ed7eb02d1657bcdf3ac9bfc4ba2b3a798dec84614ba9fa5dd" classname="com.github.traderjoe95.mls.protocol.tree.TreeKem" time="0.0"/>
  <testcase name="the decrypted path secret should be cd045b4755484ad30f880607e44ed25fc46de72a4b37f66ab899a15c1bc8ac07f38968a7635b76a2e0504d62a043c22c70eeec7372ffc1a20f7a9ebbc46a68c5" classname="com.github.traderjoe95.mls.protocol.tree.TreeKem" time="0.001"/>
  <testcase name="a new update path generated by the sender should be successfully processed" classname="com.github.traderjoe95.mls.protocol.tree.TreeKem" time="0.001"/>
  <testcase name="the update path should be parent-hash valid" classname="com.github.traderjoe95.mls.protocol.tree.TreeKem" time="0.001"/>
  <testcase name="the tree hash after merging the update path should be 6d5045c064065ecae2847caf757bda738087cb7110f46ffdcc0047068b3f36371302f571d887ba732e61fa6c3b77df8bc618367ae874c6fdf40ebf9d32cef857" classname="com.github.traderjoe95.mls.protocol.tree.TreeKem" time="0.001"/>
  <testcase name="the decrypted path secret should be 761de701c0273e31620da54e4619712087e51e3937882ec9f9b4074e13c3cb252e025d00c08f458fbed35ecbb9d121fa48362f94463cc49ea4e5eabc07567c97" classname="com.github.traderjoe95.mls.protocol.tree.TreeKem" time="0.001"/>
  <testcase name="a new update path generated by the sender should be successfully processed" classname="com.github.traderjoe95.mls.protocol.tree.TreeKem" time="0.002"/>
  <testcase name="the update path should be parent-hash valid" classname="com.github.traderjoe95.mls.protocol.tree.TreeKem" time="0.0"/>
  <testcase name="the tree hash after merging the update path should be 6d5045c064065ecae2847caf757bda738087cb7110f46ffdcc0047068b3f36371302f571d887ba732e61fa6c3b77df8bc618367ae874c6fdf40ebf9d32cef857" classname="com.github.traderjoe95.mls.protocol.tree.TreeKem" time="0.001"/>
  <testcase name="the decrypted path secret should be 761de701c0273e31620da54e4619712087e51e3937882ec9f9b4074e13c3cb252e025d00c08f458fbed35ecbb9d121fa48362f94463cc49ea4e5eabc07567c97" classname="com.github.traderjoe95.mls.protocol.tree.TreeKem" time="0.002"/>
  <testcase name="a new update path generated by the sender should be successfully processed" classname="com.github.traderjoe95.mls.protocol.tree.TreeKem" time="0.002"/>
  <testcase name="the update path should be parent-hash valid" classname="com.github.traderjoe95.mls.protocol.tree.TreeKem" time="0.0"/>
  <testcase name="the tree hash after merging the update path should be 6d5045c064065ecae2847caf757bda738087cb7110f46ffdcc0047068b3f36371302f571d887ba732e61fa6c3b77df8bc618367ae874c6fdf40ebf9d32cef857" classname="com.github.traderjoe95.mls.protocol.tree.TreeKem" time="0.001"/>
  <testcase name="the decrypted path secret should be 761de701c0273e31620da54e4619712087e51e3937882ec9f9b4074e13c3cb252e025d00c08f458fbed35ecbb9d121fa48362f94463cc49ea4e5eabc07567c97" classname="com.github.traderjoe95.mls.protocol.tree.TreeKem" time="0.001"/>
  <testcase name="a new update path generated by the sender should be successfully processed" classname="com.github.traderjoe95.mls.protocol.tree.TreeKem" time="0.003"/>
  <testcase name="the update path should be parent-hash valid" classname="com.github.traderjoe95.mls.protocol.tree.TreeKem" time="0.001"/>
  <testcase name="the tree hash after merging the update path should be 6d5045c064065ecae2847caf757bda738087cb7110f46ffdcc0047068b3f36371302f571d887ba732e61fa6c3b77df8bc618367ae874c6fdf40ebf9d32cef857" classname="com.github.traderjoe95.mls.protocol.tree.TreeKem" time="0.001"/>
  <testcase name="the decrypted path secret should be 71478a52af2bfccbf3d1ae50112f173bad07426586140e116c668697be8cd1a9f291da38ba87f5773c05dd493497cb35d8c03ff04e36e890f765378d92c83160" classname="com.github.traderjoe95.mls.protocol.tree.TreeKem" time="0.002"/>
  <testcase name="a new update path generated by the sender should be successfully processed" classname="com.github.traderjoe95.mls.protocol.tree.TreeKem" time="0.002"/>
  <testcase name="the update path should be parent-hash valid" classname="com.github.traderjoe95.mls.protocol.tree.TreeKem" time="0.001"/>
  <testcase name="the tree hash after merging the update path should be 6d5045c064065ecae2847caf757bda738087cb7110f46ffdcc0047068b3f36371302f571d887ba732e61fa6c3b77df8bc618367ae874c6fdf40ebf9d32cef857" classname="com.github.traderjoe95.mls.protocol.tree.TreeKem" time="0.0"/>
  <testcase name="the decrypted path secret should be 71478a52af2bfccbf3d1ae50112f173bad07426586140e116c668697be8cd1a9f291da38ba87f5773c05dd493497cb35d8c03ff04e36e890f765378d92c83160" classname="com.github.traderjoe95.mls.protocol.tree.TreeKem" time="0.001"/>
  <testcase name="a new update path generated by the sender should be successfully processed" classname="com.github.traderjoe95.mls.protocol.tree.TreeKem" time="0.002"/>
  <testcase name="the update path should be parent-hash valid" classname="com.github.traderjoe95.mls.protocol.tree.TreeKem" time="0.0"/>
  <testcase name="the tree hash after merging the update path should be 6d5045c064065ecae2847caf757bda738087cb7110f46ffdcc0047068b3f36371302f571d887ba732e61fa6c3b77df8bc618367ae874c6fdf40ebf9d32cef857" classname="com.github.traderjoe95.mls.protocol.tree.TreeKem" time="0.001"/>
  <testcase name="the decrypted path secret should be e51adcb9a0e67f4b7308c32499046030b14e89ca041a039a025704b0910a38a7bb363df3eee8fbbc79c4b925bfb6a01e7c346019b1f7b8635c1dfb2f6dbf3f54" classname="com.github.traderjoe95.mls.protocol.tree.TreeKem" time="0.001"/>
  <testcase name="a new update path generated by the sender should be successfully processed" classname="com.github.traderjoe95.mls.protocol.tree.TreeKem" time="0.001"/>
  <testcase name="non-blank leaf 0 should be consistent with the public state" classname="com.github.traderjoe95.mls.protocol.tree.TreeKem" time="0.001"/>
  <testcase name="non-blank leaf 4 should be consistent with the public state" classname="com.github.traderjoe95.mls.protocol.tree.TreeKem" time="0.002"/>
  <testcase name="non-blank leaf 5 should be consistent with the public state" classname="com.github.traderjoe95.mls.protocol.tree.TreeKem" time="0.002"/>
  <testcase name="non-blank leaf 6 should be consistent with the public state" classname="com.github.traderjoe95.mls.protocol.tree.TreeKem" time="0.002"/>
  <testcase name="non-blank leaf 7 should be consistent with the public state" classname="com.github.traderjoe95.mls.protocol.tree.TreeKem" time="0.002"/>
  <testcase name="the update path should be parent-hash valid" classname="com.github.traderjoe95.mls.protocol.tree.TreeKem" time="0.0"/>
  <testcase name="the tree hash after merging the update path should be 9ffff210d6afc2928e91050c62dd5869f1bc26192a94985b3039c44e898f4c73e49094c6970a55a41164a089c00e3f57dd2bd1dd93d828e3985fe73462c469c9" classname="com.github.traderjoe95.mls.protocol.tree.TreeKem" time="0.0"/>
  <testcase name="the decrypted path secret should be 14ecc2e0b8b55f8e80fd00faf04244371c5f965b227be7828cc2a09db9bcfc0a356c6fd26d8d6e143ed952924e8c2283defbce0e533a2a38c624b341b6d12fe3" classname="com.github.traderjoe95.mls.protocol.tree.TreeKem" time="0.001"/>
  <testcase name="a new update path generated by the sender should be successfully processed" classname="com.github.traderjoe95.mls.protocol.tree.TreeKem" time="0.001"/>
  <testcase name="the update path should be parent-hash valid" classname="com.github.traderjoe95.mls.protocol.tree.TreeKem" time="0.0"/>
  <testcase name="the tree hash after merging the update path should be 9ffff210d6afc2928e91050c62dd5869f1bc26192a94985b3039c44e898f4c73e49094c6970a55a41164a089c00e3f57dd2bd1dd93d828e3985fe73462c469c9" classname="com.github.traderjoe95.mls.protocol.tree.TreeKem" time="0.0"/>
  <testcase name="the decrypted path secret should be 14ecc2e0b8b55f8e80fd00faf04244371c5f965b227be7828cc2a09db9bcfc0a356c6fd26d8d6e143ed952924e8c2283defbce0e533a2a38c624b341b6d12fe3" classname="com.github.traderjoe95.mls.protocol.tree.TreeKem" time="0.001"/>
  <testcase name="a new update path generated by the sender should be successfully processed" classname="com.github.traderjoe95.mls.protocol.tree.TreeKem" time="0.002"/>
  <testcase name="the update path should be parent-hash valid" classname="com.github.traderjoe95.mls.protocol.tree.TreeKem" time="0.001"/>
  <testcase name="the tree hash after merging the update path should be 9ffff210d6afc2928e91050c62dd5869f1bc26192a94985b3039c44e898f4c73e49094c6970a55a41164a089c00e3f57dd2bd1dd93d828e3985fe73462c469c9" classname="com.github.traderjoe95.mls.protocol.tree.TreeKem" time="0.001"/>
  <testcase name="the decrypted path secret should be 14ecc2e0b8b55f8e80fd00faf04244371c5f965b227be7828cc2a09db9bcfc0a356c6fd26d8d6e143ed952924e8c2283defbce0e533a2a38c624b341b6d12fe3" classname="com.github.traderjoe95.mls.protocol.tree.TreeKem" time="0.001"/>
  <testcase name="a new update path generated by the sender should be successfully processed" classname="com.github.traderjoe95.mls.protocol.tree.TreeKem" time="0.001"/>
  <testcase name="the update path should be parent-hash valid" classname="com.github.traderjoe95.mls.protocol.tree.TreeKem" time="0.0"/>
  <testcase name="the tree hash after merging the update path should be 9ffff210d6afc2928e91050c62dd5869f1bc26192a94985b3039c44e898f4c73e49094c6970a55a41164a089c00e3f57dd2bd1dd93d828e3985fe73462c469c9" classname="com.github.traderjoe95.mls.protocol.tree.TreeKem" time="0.0"/>
  <testcase name="the decrypted path secret should be 14ecc2e0b8b55f8e80fd00faf04244371c5f965b227be7828cc2a09db9bcfc0a356c6fd26d8d6e143ed952924e8c2283defbce0e533a2a38c624b341b6d12fe3" classname="com.github.traderjoe95.mls.protocol.tree.TreeKem" time="0.001"/>
  <testcase name="a new update path generated by the sender should be successfully processed" classname="com.github.traderjoe95.mls.protocol.tree.TreeKem" time="0.002"/>
  <testcase name="the update path should be parent-hash valid" classname="com.github.traderjoe95.mls.protocol.tree.TreeKem" time="0.001"/>
  <testcase name="the tree hash after merging the update path should be a1964c0a22defe42bb4cf5be273e3b1d44eb0076cdecf54bdf1d8a15de2a9c17bb2c0b6424bd75eef38e17e8ce8f9fa0aa52a2cff807eb12ef8b5652a70a6dde" classname="com.github.traderjoe95.mls.protocol.tree.TreeKem" time="0.0"/>
  <testcase name="the decrypted path secret should be 8dd174b11386138180b096b79fba3aef19ce4276e9d099a546290110126cb3f4a27d35770fc47e2b24357ab48563c4982598e3af872af3efe09f2048f0d553ca" classname="com.github.traderjoe95.mls.protocol.tree.TreeKem" time="0.001"/>
  <testcase name="a new update path generated by the sender should be successfully processed" classname="com.github.traderjoe95.mls.protocol.tree.TreeKem" time="0.001"/>
  <testcase name="the update path should be parent-hash valid" classname="com.github.traderjoe95.mls.protocol.tree.TreeKem" time="0.0"/>
  <testcase name="the tree hash after merging the update path should be a1964c0a22defe42bb4cf5be273e3b1d44eb0076cdecf54bdf1d8a15de2a9c17bb2c0b6424bd75eef38e17e8ce8f9fa0aa52a2cff807eb12ef8b5652a70a6dde" classname="com.github.traderjoe95.mls.protocol.tree.TreeKem" time="0.0"/>
  <testcase name="the decrypted path secret should be bc500be38a041c99adf3bc281f77dd216112c30753a471f1a856dc66c5dfabf44552b022d967441c6bfddbe059b98a712d5d170392d07a46c69e4ea13c73fe1b" classname="com.github.traderjoe95.mls.protocol.tree.TreeKem" time="0.001"/>
  <testcase name="a new update path generated by the sender should be successfully processed" classname="com.github.traderjoe95.mls.protocol.tree.TreeKem" time="0.001"/>
  <testcase name="the update path should be parent-hash valid" classname="com.github.traderjoe95.mls.protocol.tree.TreeKem" time="0.001"/>
  <testcase name="the tree hash after merging the update path should be a1964c0a22defe42bb4cf5be273e3b1d44eb0076cdecf54bdf1d8a15de2a9c17bb2c0b6424bd75eef38e17e8ce8f9fa0aa52a2cff807eb12ef8b5652a70a6dde" classname="com.github.traderjoe95.mls.protocol.tree.TreeKem" time="0.0"/>
  <testcase name="the decrypted path secret should be 113e021318f6fae25dba4eea02b868a2ce068cbeebe5e31e71293228883c6253875da2a9d7cfe46f9773f2c685277ca5352139828cffcdd9693c455a3697c841" classname="com.github.traderjoe95.mls.protocol.tree.TreeKem" time="0.001"/>
  <testcase name="a new update path generated by the sender should be successfully processed" classname="com.github.traderjoe95.mls.protocol.tree.TreeKem" time="0.001"/>
  <testcase name="the update path should be parent-hash valid" classname="com.github.traderjoe95.mls.protocol.tree.TreeKem" time="0.0"/>
  <testcase name="the tree hash after merging the update path should be a1964c0a22defe42bb4cf5be273e3b1d44eb0076cdecf54bdf1d8a15de2a9c17bb2c0b6424bd75eef38e17e8ce8f9fa0aa52a2cff807eb12ef8b5652a70a6dde" classname="com.github.traderjoe95.mls.protocol.tree.TreeKem" time="0.0"/>
  <testcase name="the decrypted path secret should be 113e021318f6fae25dba4eea02b868a2ce068cbeebe5e31e71293228883c6253875da2a9d7cfe46f9773f2c685277ca5352139828cffcdd9693c455a3697c841" classname="com.github.traderjoe95.mls.protocol.tree.TreeKem" time="0.0"/>
  <testcase name="a new update path generated by the sender should be successfully processed" classname="com.github.traderjoe95.mls.protocol.tree.TreeKem" time="0.003"/>
  <testcase name="the update path should be parent-hash valid" classname="com.github.traderjoe95.mls.protocol.tree.TreeKem" time="0.0"/>
  <testcase name="the tree hash after merging the update path should be 98ed70ab82c82431a0bdec5fc68d42e73e622dcfad3c6e3a25b97dc0b3f09a044f49318a647a70ad9d8ec724216e716c8a973f6336ff361a2b81d69568673e32" classname="com.github.traderjoe95.mls.protocol.tree.TreeKem" time="0.001"/>
  <testcase name="the decrypted path secret should be 3ea808dff9065a23dd1918cf222b1c14b784f2c1e8e2b22ebe6577b5b287ab33e8a4b8ca7c67781a2a65a4351bf137687b2c0c0782372b31b32f201f51e52e13" classname="com.github.traderjoe95.mls.protocol.tree.TreeKem" time="0.001"/>
  <testcase name="a new update path generated by the sender should be successfully processed" classname="com.github.traderjoe95.mls.protocol.tree.TreeKem" time="0.002"/>
  <testcase name="the update path should be parent-hash valid" classname="com.github.traderjoe95.mls.protocol.tree.TreeKem" time="0.001"/>
  <testcase name="the tree hash after merging the update path should be 98ed70ab82c82431a0bdec5fc68d42e73e622dcfad3c6e3a25b97dc0b3f09a044f49318a647a70ad9d8ec724216e716c8a973f6336ff361a2b81d69568673e32" classname="com.github.traderjoe95.mls.protocol.tree.TreeKem" time="0.001"/>
  <testcase name="the decrypted path secret should be 07d8750d4f9c205885b4819ea1b930656c613431fb3a4541434746b7d24e2fa8f29fc9f1ccb53d961309545c7770cd802e591a91f89239aed010a8e938ddb319" classname="com.github.traderjoe95.mls.protocol.tree.TreeKem" time="0.001"/>
  <testcase name="a new update path generated by the sender should be successfully processed" classname="com.github.traderjoe95.mls.protocol.tree.TreeKem" time="0.001"/>
  <testcase name="the update path should be parent-hash valid" classname="com.github.traderjoe95.mls.protocol.tree.TreeKem" time="0.0"/>
  <testcase name="the tree hash after merging the update path should be 98ed70ab82c82431a0bdec5fc68d42e73e622dcfad3c6e3a25b97dc0b3f09a044f49318a647a70ad9d8ec724216e716c8a973f6336ff361a2b81d69568673e32" classname="com.github.traderjoe95.mls.protocol.tree.TreeKem" time="0.0"/>
  <testcase name="the decrypted path secret should be 552c744816d0caacd9295d4fc6f5632b5cb3c9314e09f7b9db4d31a8f887103c1bbd4a88c290d9b5df00ba3521f1b2bf59da6bc16da17ccac4a3c99a4378e441" classname="com.github.traderjoe95.mls.protocol.tree.TreeKem" time="0.001"/>
  <testcase name="a new update path generated by the sender should be successfully processed" classname="com.github.traderjoe95.mls.protocol.tree.TreeKem" time="0.001"/>
  <testcase name="the update path should be parent-hash valid" classname="com.github.traderjoe95.mls.protocol.tree.TreeKem" time="0.001"/>
  <testcase name="the tree hash after merging the update path should be 98ed70ab82c82431a0bdec5fc68d42e73e622dcfad3c6e3a25b97dc0b3f09a044f49318a647a70ad9d8ec724216e716c8a973f6336ff361a2b81d69568673e32" classname="com.github.traderjoe95.mls.protocol.tree.TreeKem" time="0.001"/>
  <testcase name="the decrypted path secret should be 552c744816d0caacd9295d4fc6f5632b5cb3c9314e09f7b9db4d31a8f887103c1bbd4a88c290d9b5df00ba3521f1b2bf59da6bc16da17ccac4a3c99a4378e441" classname="com.github.traderjoe95.mls.protocol.tree.TreeKem" time="0.002"/>
  <testcase name="a new update path generated by the sender should be successfully processed" classname="com.github.traderjoe95.mls.protocol.tree.TreeKem" time="0.001"/>
  <testcase name="the update path should be parent-hash valid" classname="com.github.traderjoe95.mls.protocol.tree.TreeKem" time="0.001"/>
  <testcase name="the tree hash after merging the update path should be 4b1187cff82ed62cb772bc04aab2db331841180e42abb91ab6b36579ebccf3c448b7c0ba99c0ec6ca1ec2dbab5b1d0848ee029423369b95dcebd05845cb9e4f5" classname="com.github.traderjoe95.mls.protocol.tree.TreeKem" time="0.0"/>
  <testcase name="the decrypted path secret should be 64aa3708dd764ed8a630a928e17c3c2f977ce143502811987f38d22fefdac554249c84e7d2ead170a463092a2de10a45ed1112e4d040e6885eb99136e1230940" classname="com.github.traderjoe95.mls.protocol.tree.TreeKem" time="0.001"/>
  <testcase name="a new update path generated by the sender should be successfully processed" classname="com.github.traderjoe95.mls.protocol.tree.TreeKem" time="0.001"/>
  <testcase name="the update path should be parent-hash valid" classname="com.github.traderjoe95.mls.protocol.tree.TreeKem" time="0.0"/>
  <testcase name="the tree hash after merging the update path should be 4b1187cff82ed62cb772bc04aab2db331841180e42abb91ab6b36579ebccf3c448b7c0ba99c0ec6ca1ec2dbab5b1d0848ee029423369b95dcebd05845cb9e4f5" classname="com.github.traderjoe95.mls.protocol.tree.TreeKem" time="0.0"/>
  <testcase name="the decrypted path secret should be 1b335fe9fa4af85ca39d1a73bb907a8c25adae3d871aae75d2312b28074b2b8e184bbf7baa8817fa239d59b35994beb8e84beab886569abd81caf365e7a49de8" classname="com.github.traderjoe95.mls.protocol.tree.TreeKem" time="0.001"/>
  <testcase name="a new update path generated by the sender should be successfully processed" classname="com.github.traderjoe95.mls.protocol.tree.TreeKem" time="0.001"/>
  <testcase name="the update path should be parent-hash valid" classname="com.github.traderjoe95.mls.protocol.tree.TreeKem" time="0.001"/>
  <testcase name="the tree hash after merging the update path should be 4b1187cff82ed62cb772bc04aab2db331841180e42abb91ab6b36579ebccf3c448b7c0ba99c0ec6ca1ec2dbab5b1d0848ee029423369b95dcebd05845cb9e4f5" classname="com.github.traderjoe95.mls.protocol.tree.TreeKem" time="0.001"/>
  <testcase name="the decrypted path secret should be 1b335fe9fa4af85ca39d1a73bb907a8c25adae3d871aae75d2312b28074b2b8e184bbf7baa8817fa239d59b35994beb8e84beab886569abd81caf365e7a49de8" classname="com.github.traderjoe95.mls.protocol.tree.TreeKem" time="0.001"/>
  <testcase name="a new update path generated by the sender should be successfully processed" classname="com.github.traderjoe95.mls.protocol.tree.TreeKem" time="0.009"/>
  <testcase name="the update path should be parent-hash valid" classname="com.github.traderjoe95.mls.protocol.tree.TreeKem" time="0.001"/>
  <testcase name="the tree hash after merging the update path should be 4b1187cff82ed62cb772bc04aab2db331841180e42abb91ab6b36579ebccf3c448b7c0ba99c0ec6ca1ec2dbab5b1d0848ee029423369b95dcebd05845cb9e4f5" classname="com.github.traderjoe95.mls.protocol.tree.TreeKem" time="0.001"/>
  <testcase name="the decrypted path secret should be f9ef8a7970c160037e93925be542b97bd451d476692bcf419d0bf602c816a4044f33b6a95dcd18370c2a274d09bf911531254ec79193a4032a3e9469f9e28873" classname="com.github.traderjoe95.mls.protocol.tree.TreeKem" time="0.001"/>
  <testcase name="a new update path generated by the sender should be successfully processed" classname="com.github.traderjoe95.mls.protocol.tree.TreeKem" time="0.002"/>
  <testcase name="the update path should be parent-hash valid" classname="com.github.traderjoe95.mls.protocol.tree.TreeKem" time="0.0"/>
  <testcase name="the tree hash after merging the update path should be fd45176311646e003b30844c89fdd427ea69abfa36b92d426e190cdad12af42a4f445005c02fa943eb72ae6db1207b2cb57d9c0ad0f723a3c79c85729286b02e" classname="com.github.traderjoe95.mls.protocol.tree.TreeKem" time="0.0"/>
  <testcase name="the decrypted path secret should be 4035eec2a099afeb2a45158e088336f1a0976b42f3eadb7b97d569bd7f29d470d6e7d84440eb0c9934f56e9bd882f32a413bcd28203f89ff055ccbf1435448a1" classname="com.github.traderjoe95.mls.protocol.tree.TreeKem" time="0.001"/>
  <testcase name="a new update path generated by the sender should be successfully processed" classname="com.github.traderjoe95.mls.protocol.tree.TreeKem" time="0.001"/>
  <testcase name="the update path should be parent-hash valid" classname="com.github.traderjoe95.mls.protocol.tree.TreeKem" time="0.0"/>
  <testcase name="the tree hash after merging the update path should be fd45176311646e003b30844c89fdd427ea69abfa36b92d426e190cdad12af42a4f445005c02fa943eb72ae6db1207b2cb57d9c0ad0f723a3c79c85729286b02e" classname="com.github.traderjoe95.mls.protocol.tree.TreeKem" time="0.001"/>
  <testcase name="the decrypted path secret should be 6d64dd980a3f97016a6812b08bde477a2496013910253799c8583f3853c14ba2b457822938f8ab8c87165943b5e3c294c63b8c4b6852c3ba355db5c4df18b874" classname="com.github.traderjoe95.mls.protocol.tree.TreeKem" time="0.001"/>
  <testcase name="a new update path generated by the sender should be successfully processed" classname="com.github.traderjoe95.mls.protocol.tree.TreeKem" time="0.001"/>
  <testcase name="the update path should be parent-hash valid" classname="com.github.traderjoe95.mls.protocol.tree.TreeKem" time="0.0"/>
  <testcase name="the tree hash after merging the update path should be fd45176311646e003b30844c89fdd427ea69abfa36b92d426e190cdad12af42a4f445005c02fa943eb72ae6db1207b2cb57d9c0ad0f723a3c79c85729286b02e" classname="com.github.traderjoe95.mls.protocol.tree.TreeKem" time="0.0"/>
  <testcase name="the decrypted path secret should be 6d64dd980a3f97016a6812b08bde477a2496013910253799c8583f3853c14ba2b457822938f8ab8c87165943b5e3c294c63b8c4b6852c3ba355db5c4df18b874" classname="com.github.traderjoe95.mls.protocol.tree.TreeKem" time="0.001"/>
  <testcase name="a new update path generated by the sender should be successfully processed" classname="com.github.traderjoe95.mls.protocol.tree.TreeKem" time="0.001"/>
  <testcase name="the update path should be parent-hash valid" classname="com.github.traderjoe95.mls.protocol.tree.TreeKem" time="0.0"/>
  <testcase name="the tree hash after merging the update path should be fd45176311646e003b30844c89fdd427ea69abfa36b92d426e190cdad12af42a4f445005c02fa943eb72ae6db1207b2cb57d9c0ad0f723a3c79c85729286b02e" classname="com.github.traderjoe95.mls.protocol.tree.TreeKem" time="0.001"/>
  <testcase name="the decrypted path secret should be 4875e864ae604e3f146fa4eed9bb687dd0480986934baeb8f3106bc2ccac65be036d91ec3dc03f17dfa4228689d63d229009546d7aa318d835801bb80b277db7" classname="com.github.traderjoe95.mls.protocol.tree.TreeKem" time="0.001"/>
  <testcase name="a new update path generated by the sender should be successfully processed" classname="com.github.traderjoe95.mls.protocol.tree.TreeKem" time="0.002"/>
  <testcase name="non-blank leaf 0 should be consistent with the public state" classname="com.github.traderjoe95.mls.protocol.tree.TreeKem" time="0.002"/>
  <testcase name="non-blank leaf 1 should be consistent with the public state" classname="com.github.traderjoe95.mls.protocol.tree.TreeKem" time="0.002"/>
  <testcase name="non-blank leaf 2 should be consistent with the public state" classname="com.github.traderjoe95.mls.protocol.tree.TreeKem" time="0.003"/>
  <testcase name="non-blank leaf 3 should be consistent with the public state" classname="com.github.traderjoe95.mls.protocol.tree.TreeKem" time="0.002"/>
  <testcase name="non-blank leaf 4 should be consistent with the public state" classname="com.github.traderjoe95.mls.protocol.tree.TreeKem" time="0.002"/>
  <testcase name="non-blank leaf 5 should be consistent with the public state" classname="com.github.traderjoe95.mls.protocol.tree.TreeKem" time="0.003"/>
  <testcase name="non-blank leaf 6 should be consistent with the public state" classname="com.github.traderjoe95.mls.protocol.tree.TreeKem" time="0.002"/>
  <testcase name="non-blank leaf 7 should be consistent with the public state" classname="com.github.traderjoe95.mls.protocol.tree.TreeKem" time="0.001"/>
  <testcase name="the update path should be parent-hash valid" classname="com.github.traderjoe95.mls.protocol.tree.TreeKem" time="0.001"/>
  <testcase name="the tree hash after merging the update path should be 9d4c9aae9061027983be54031b56c89fe61f8d9ca2fe2a18c7a5f49db85b86fc33128efad44245330bf2d7cf25d70e349a62f73947a09b872b3dfd4c78246e24" classname="com.github.traderjoe95.mls.protocol.tree.TreeKem" time="0.001"/>
  <testcase name="the decrypted path secret should be e517e9c25a08dfa099d78425ca3a48a79f2643ac3c7c2639699723051951c9d7c6158a9796589b5c1bdd563bd570c5a9981251958d57bec52c69f7da11371f7f" classname="com.github.traderjoe95.mls.protocol.tree.TreeKem" time="0.001"/>
  <testcase name="a new update path generated by the sender should be successfully processed" classname="com.github.traderjoe95.mls.protocol.tree.TreeKem" time="0.002"/>
  <testcase name="the update path should be parent-hash valid" classname="com.github.traderjoe95.mls.protocol.tree.TreeKem" time="0.0"/>
  <testcase name="the tree hash after merging the update path should be 9d4c9aae9061027983be54031b56c89fe61f8d9ca2fe2a18c7a5f49db85b86fc33128efad44245330bf2d7cf25d70e349a62f73947a09b872b3dfd4c78246e24" classname="com.github.traderjoe95.mls.protocol.tree.TreeKem" time="0.001"/>
  <testcase name="the decrypted path secret should be 6354a6e1597c8464407441f9d49ead94cbcae65789f34c32fddff01cdbb5ba4acf01b2a7b9a965c4c4bccc3d858006d55cd8bb09f8ad86d0f69f8872898280b3" classname="com.github.traderjoe95.mls.protocol.tree.TreeKem" time="0.001"/>
  <testcase name="a new update path generated by the sender should be successfully processed" classname="com.github.traderjoe95.mls.protocol.tree.TreeKem" time="0.001"/>
  <testcase name="the update path should be parent-hash valid" classname="com.github.traderjoe95.mls.protocol.tree.TreeKem" time="0.001"/>
  <testcase name="the tree hash after merging the update path should be 9d4c9aae9061027983be54031b56c89fe61f8d9ca2fe2a18c7a5f49db85b86fc33128efad44245330bf2d7cf25d70e349a62f73947a09b872b3dfd4c78246e24" classname="com.github.traderjoe95.mls.protocol.tree.TreeKem" time="0.001"/>
  <testcase name="the decrypted path secret should be 6354a6e1597c8464407441f9d49ead94cbcae65789f34c32fddff01cdbb5ba4acf01b2a7b9a965c4c4bccc3d858006d55cd8bb09f8ad86d0f69f8872898280b3" classname="com.github.traderjoe95.mls.protocol.tree.TreeKem" time="0.0"/>
  <testcase name="a new update path generated by the sender should be successfully processed" classname="com.github.traderjoe95.mls.protocol.tree.TreeKem" time="0.002"/>
  <testcase name="the update path should be parent-hash valid" classname="com.github.traderjoe95.mls.protocol.tree.TreeKem" time="0.0"/>
  <testcase name="the tree hash after merging the update path should be 9d4c9aae9061027983be54031b56c89fe61f8d9ca2fe2a18c7a5f49db85b86fc33128efad44245330bf2d7cf25d70e349a62f73947a09b872b3dfd4c78246e24" classname="com.github.traderjoe95.mls.protocol.tree.TreeKem" time="0.0"/>
  <testcase name="the decrypted path secret should be 96143221c3eea562b2f9935014d19e635dc32fbe4878397dba9ec00354e9869cb99d13f0be17ca4d710866b1098f2b1181dd47b150ae3941646ae41ab533a36f" classname="com.github.traderjoe95.mls.protocol.tree.TreeKem" time="0.001"/>
  <testcase name="a new update path generated by the sender should be successfully processed" classname="com.github.traderjoe95.mls.protocol.tree.TreeKem" time="0.001"/>
  <testcase name="the update path should be parent-hash valid" classname="com.github.traderjoe95.mls.protocol.tree.TreeKem" time="0.001"/>
  <testcase name="the tree hash after merging the update path should be 9d4c9aae9061027983be54031b56c89fe61f8d9ca2fe2a18c7a5f49db85b86fc33128efad44245330bf2d7cf25d70e349a62f73947a09b872b3dfd4c78246e24" classname="com.github.traderjoe95.mls.protocol.tree.TreeKem" time="0.0"/>
  <testcase name="the decrypted path secret should be 96143221c3eea562b2f9935014d19e635dc32fbe4878397dba9ec00354e9869cb99d13f0be17ca4d710866b1098f2b1181dd47b150ae3941646ae41ab533a36f" classname="com.github.traderjoe95.mls.protocol.tree.TreeKem" time="0.001"/>
  <testcase name="a new update path generated by the sender should be successfully processed" classname="com.github.traderjoe95.mls.protocol.tree.TreeKem" time="0.001"/>
  <testcase name="the update path should be parent-hash valid" classname="com.github.traderjoe95.mls.protocol.tree.TreeKem" time="0.0"/>
  <testcase name="the tree hash after merging the update path should be 9d4c9aae9061027983be54031b56c89fe61f8d9ca2fe2a18c7a5f49db85b86fc33128efad44245330bf2d7cf25d70e349a62f73947a09b872b3dfd4c78246e24" classname="com.github.traderjoe95.mls.protocol.tree.TreeKem" time="0.001"/>
  <testcase name="the decrypted path secret should be 96143221c3eea562b2f9935014d19e635dc32fbe4878397dba9ec00354e9869cb99d13f0be17ca4d710866b1098f2b1181dd47b150ae3941646ae41ab533a36f" classname="com.github.traderjoe95.mls.protocol.tree.TreeKem" time="0.001"/>
  <testcase name="a new update path generated by the sender should be successfully processed" classname="com.github.traderjoe95.mls.protocol.tree.TreeKem" time="0.001"/>
  <testcase name="the update path should be parent-hash valid" classname="com.github.traderjoe95.mls.protocol.tree.TreeKem" time="0.0"/>
  <testcase name="the tree hash after merging the update path should be 9d4c9aae9061027983be54031b56c89fe61f8d9ca2fe2a18c7a5f49db85b86fc33128efad44245330bf2d7cf25d70e349a62f73947a09b872b3dfd4c78246e24" classname="com.github.traderjoe95.mls.protocol.tree.TreeKem" time="0.0"/>
  <testcase name="the decrypted path secret should be 96143221c3eea562b2f9935014d19e635dc32fbe4878397dba9ec00354e9869cb99d13f0be17ca4d710866b1098f2b1181dd47b150ae3941646ae41ab533a36f" classname="com.github.traderjoe95.mls.protocol.tree.TreeKem" time="0.001"/>
  <testcase name="a new update path generated by the sender should be successfully processed" classname="com.github.traderjoe95.mls.protocol.tree.TreeKem" time="0.001"/>
  <testcase name="the update path should be parent-hash valid" classname="com.github.traderjoe95.mls.protocol.tree.TreeKem" time="0.001"/>
  <testcase name="the tree hash after merging the update path should be dbbf9f7e0a08313fd23eb44bd46c7df9cc980fc40e6ebd2bbba2ebe8713d8ee762bb8d79e9c70478de7f99d2d7e26e18224d2762537f7afe86ed169dccca7ccf" classname="com.github.traderjoe95.mls.protocol.tree.TreeKem" time="0.001"/>
  <testcase name="the decrypted path secret should be 3278675b8f43daf182e1a6dc3fac13d41f27783d45ab20f1ae76fca6b2569998d624db50c6f6350a5ed58169bf63125b2e3bd3560cca9ec43597ccf9d33b4054" classname="com.github.traderjoe95.mls.protocol.tree.TreeKem" time="0.001"/>
  <testcase name="a new update path generated by the sender should be successfully processed" classname="com.github.traderjoe95.mls.protocol.tree.TreeKem" time="0.002"/>
  <testcase name="the update path should be parent-hash valid" classname="com.github.traderjoe95.mls.protocol.tree.TreeKem" time="0.0"/>
  <testcase name="the tree hash after merging the update path should be dbbf9f7e0a08313fd23eb44bd46c7df9cc980fc40e6ebd2bbba2ebe8713d8ee762bb8d79e9c70478de7f99d2d7e26e18224d2762537f7afe86ed169dccca7ccf" classname="com.github.traderjoe95.mls.protocol.tree.TreeKem" time="0.0"/>
  <testcase name="the decrypted path secret should be e7f2437b83fa815be178c813add0544c857d1721620d322c80ce59ffb222dc7d60da1693ddfd90eb6a9f49fd76893f7b10be282e76e8206351fd039f52da62a3" classname="com.github.traderjoe95.mls.protocol.tree.TreeKem" time="0.001"/>
  <testcase name="a new update path generated by the sender should be successfully processed" classname="com.github.traderjoe95.mls.protocol.tree.TreeKem" time="0.003"/>
  <testcase name="the update path should be parent-hash valid" classname="com.github.traderjoe95.mls.protocol.tree.TreeKem" time="0.001"/>
  <testcase name="the tree hash after merging the update path should be dbbf9f7e0a08313fd23eb44bd46c7df9cc980fc40e6ebd2bbba2ebe8713d8ee762bb8d79e9c70478de7f99d2d7e26e18224d2762537f7afe86ed169dccca7ccf" classname="com.github.traderjoe95.mls.protocol.tree.TreeKem" time="0.0"/>
  <testcase name="the decrypted path secret should be e7f2437b83fa815be178c813add0544c857d1721620d322c80ce59ffb222dc7d60da1693ddfd90eb6a9f49fd76893f7b10be282e76e8206351fd039f52da62a3" classname="com.github.traderjoe95.mls.protocol.tree.TreeKem" time="0.001"/>
  <testcase name="a new update path generated by the sender should be successfully processed" classname="com.github.traderjoe95.mls.protocol.tree.TreeKem" time="0.002"/>
  <testcase name="the update path should be parent-hash valid" classname="com.github.traderjoe95.mls.protocol.tree.TreeKem" time="0.001"/>
  <testcase name="the tree hash after merging the update path should be dbbf9f7e0a08313fd23eb44bd46c7df9cc980fc40e6ebd2bbba2ebe8713d8ee762bb8d79e9c70478de7f99d2d7e26e18224d2762537f7afe86ed169dccca7ccf" classname="com.github.traderjoe95.mls.protocol.tree.TreeKem" time="0.001"/>
  <testcase name="the decrypted path secret should be 98b7f27c724e48c342430d7bb184685cc172f03e4487ca8227c984a962b762dfbfa084d71922284a55cba71b0396757267000ddeaf4a55949ad9241f0b800415" classname="com.github.traderjoe95.mls.protocol.tree.TreeKem" time="0.002"/>
  <testcase name="a new update path generated by the sender should be successfully processed" classname="com.github.traderjoe95.mls.protocol.tree.TreeKem" time="0.002"/>
  <testcase name="the update path should be parent-hash valid" classname="com.github.traderjoe95.mls.protocol.tree.TreeKem" time="0.0"/>
  <testcase name="the tree hash after merging the update path should be dbbf9f7e0a08313fd23eb44bd46c7df9cc980fc40e6ebd2bbba2ebe8713d8ee762bb8d79e9c70478de7f99d2d7e26e18224d2762537f7afe86ed169dccca7ccf" classname="com.github.traderjoe95.mls.protocol.tree.TreeKem" time="0.0"/>
  <testcase name="the decrypted path secret should be 98b7f27c724e48c342430d7bb184685cc172f03e4487ca8227c984a962b762dfbfa084d71922284a55cba71b0396757267000ddeaf4a55949ad9241f0b800415" classname="com.github.traderjoe95.mls.protocol.tree.TreeKem" time="0.001"/>
  <testcase name="a new update path generated by the sender should be successfully processed" classname="com.github.traderjoe95.mls.protocol.tree.TreeKem" time="0.001"/>
  <testcase name="the update path should be parent-hash valid" classname="com.github.traderjoe95.mls.protocol.tree.TreeKem" time="0.0"/>
  <testcase name="the tree hash after merging the update path should be dbbf9f7e0a08313fd23eb44bd46c7df9cc980fc40e6ebd2bbba2ebe8713d8ee762bb8d79e9c70478de7f99d2d7e26e18224d2762537f7afe86ed169dccca7ccf" classname="com.github.traderjoe95.mls.protocol.tree.TreeKem" time="0.001"/>
  <testcase name="the decrypted path secret should be 98b7f27c724e48c342430d7bb184685cc172f03e4487ca8227c984a962b762dfbfa084d71922284a55cba71b0396757267000ddeaf4a55949ad9241f0b800415" classname="com.github.traderjoe95.mls.protocol.tree.TreeKem" time="0.001"/>
  <testcase name="a new update path generated by the sender should be successfully processed" classname="com.github.traderjoe95.mls.protocol.tree.TreeKem" time="0.001"/>
  <testcase name="the update path should be parent-hash valid" classname="com.github.traderjoe95.mls.protocol.tree.TreeKem" time="0.0"/>
  <testcase name="the tree hash after merging the update path should be dbbf9f7e0a08313fd23eb44bd46c7df9cc980fc40e6ebd2bbba2ebe8713d8ee762bb8d79e9c70478de7f99d2d7e26e18224d2762537f7afe86ed169dccca7ccf" classname="com.github.traderjoe95.mls.protocol.tree.TreeKem" time="0.0"/>
  <testcase name="the decrypted path secret should be 98b7f27c724e48c342430d7bb184685cc172f03e4487ca8227c984a962b762dfbfa084d71922284a55cba71b0396757267000ddeaf4a55949ad9241f0b800415" classname="com.github.traderjoe95.mls.protocol.tree.TreeKem" time="0.001"/>
  <testcase name="a new update path generated by the sender should be successfully processed" classname="com.github.traderjoe95.mls.protocol.tree.TreeKem" time="0.002"/>
  <testcase name="the update path should be parent-hash valid" classname="com.github.traderjoe95.mls.protocol.tree.TreeKem" time="0.0"/>
  <testcase name="the tree hash after merging the update path should be cd97b28185e8f0568a042f57ce5e183417716f13623eb83394f65440994f391d7a29bf5d1e60f01a935d3dc723eac7ebf33534362c509427e4688221a2894737" classname="com.github.traderjoe95.mls.protocol.tree.TreeKem" time="0.0"/>
  <testcase name="the decrypted path secret should be a493d7a07220a260035dc57f233a8166dce73f15cf42fc645c5a544d20b5693326027b802dcb71816fa2159c4a1677ab0c6fcc6b16955e909129704211674fee" classname="com.github.traderjoe95.mls.protocol.tree.TreeKem" time="0.001"/>
  <testcase name="a new update path generated by the sender should be successfully processed" classname="com.github.traderjoe95.mls.protocol.tree.TreeKem" time="0.002"/>
  <testcase name="the update path should be parent-hash valid" classname="com.github.traderjoe95.mls.protocol.tree.TreeKem" time="0.0"/>
  <testcase name="the tree hash after merging the update path should be cd97b28185e8f0568a042f57ce5e183417716f13623eb83394f65440994f391d7a29bf5d1e60f01a935d3dc723eac7ebf33534362c509427e4688221a2894737" classname="com.github.traderjoe95.mls.protocol.tree.TreeKem" time="0.001"/>
  <testcase name="the decrypted path secret should be a493d7a07220a260035dc57f233a8166dce73f15cf42fc645c5a544d20b5693326027b802dcb71816fa2159c4a1677ab0c6fcc6b16955e909129704211674fee" classname="com.github.traderjoe95.mls.protocol.tree.TreeKem" time="0.001"/>
  <testcase name="a new update path generated by the sender should be successfully processed" classname="com.github.traderjoe95.mls.protocol.tree.TreeKem" time="0.002"/>
  <testcase name="the update path should be parent-hash valid" classname="com.github.traderjoe95.mls.protocol.tree.TreeKem" time="0.001"/>
  <testcase name="the tree hash after merging the update path should be cd97b28185e8f0568a042f57ce5e183417716f13623eb83394f65440994f391d7a29bf5d1e60f01a935d3dc723eac7ebf33534362c509427e4688221a2894737" classname="com.github.traderjoe95.mls.protocol.tree.TreeKem" time="0.001"/>
  <testcase name="the decrypted path secret should be 8391c5cfa88709dc52168aa804d926b2d85ee6149efa2944447706b7af36c8143caa2df8630b0a579b94ad8c7be3efa7b30d42e0cecf5529781e7e10a4ab80ae" classname="com.github.traderjoe95.mls.protocol.tree.TreeKem" time="0.001"/>
  <testcase name="a new update path generated by the sender should be successfully processed" classname="com.github.traderjoe95.mls.protocol.tree.TreeKem" time="0.002"/>
  <testcase name="the update path should be parent-hash valid" classname="com.github.traderjoe95.mls.protocol.tree.TreeKem" time="0.001"/>
  <testcase name="the tree hash after merging the update path should be cd97b28185e8f0568a042f57ce5e183417716f13623eb83394f65440994f391d7a29bf5d1e60f01a935d3dc723eac7ebf33534362c509427e4688221a2894737" classname="com.github.traderjoe95.mls.protocol.tree.TreeKem" time="0.0"/>
  <testcase name="the decrypted path secret should be 6d7326248018375611643c1df5b6e85331447d4de906bfd622c3d7d900336141f23bbfc1f96a9f0722d3d04c40537284a8bc187318e548fc69b9e9cb981cc708" classname="com.github.traderjoe95.mls.protocol.tree.TreeKem" time="0.001"/>
  <testcase name="a new update path generated by the sender should be successfully processed" classname="com.github.traderjoe95.mls.protocol.tree.TreeKem" time="0.002"/>
  <testcase name="the update path should be parent-hash valid" classname="com.github.traderjoe95.mls.protocol.tree.TreeKem" time="0.001"/>
  <testcase name="the tree hash after merging the update path should be cd97b28185e8f0568a042f57ce5e183417716f13623eb83394f65440994f391d7a29bf5d1e60f01a935d3dc723eac7ebf33534362c509427e4688221a2894737" classname="com.github.traderjoe95.mls.protocol.tree.TreeKem" time="0.001"/>
  <testcase name="the decrypted path secret should be 6d7326248018375611643c1df5b6e85331447d4de906bfd622c3d7d900336141f23bbfc1f96a9f0722d3d04c40537284a8bc187318e548fc69b9e9cb981cc708" classname="com.github.traderjoe95.mls.protocol.tree.TreeKem" time="0.002"/>
  <testcase name="a new update path generated by the sender should be successfully processed" classname="com.github.traderjoe95.mls.protocol.tree.TreeKem" time="0.002"/>
  <testcase name="the update path should be parent-hash valid" classname="com.github.traderjoe95.mls.protocol.tree.TreeKem" time="0.0"/>
  <testcase name="the tree hash after merging the update path should be cd97b28185e8f0568a042f57ce5e183417716f13623eb83394f65440994f391d7a29bf5d1e60f01a935d3dc723eac7ebf33534362c509427e4688221a2894737" classname="com.github.traderjoe95.mls.protocol.tree.TreeKem" time="0.0"/>
  <testcase name="the decrypted path secret should be 6d7326248018375611643c1df5b6e85331447d4de906bfd622c3d7d900336141f23bbfc1f96a9f0722d3d04c40537284a8bc187318e548fc69b9e9cb981cc708" classname="com.github.traderjoe95.mls.protocol.tree.TreeKem" time="0.002"/>
  <testcase name="a new update path generated by the sender should be successfully processed" classname="com.github.traderjoe95.mls.protocol.tree.TreeKem" time="0.001"/>
  <testcase name="the update path should be parent-hash valid" classname="com.github.traderjoe95.mls.protocol.tree.TreeKem" time="0.0"/>
  <testcase name="the tree hash after merging the update path should be cd97b28185e8f0568a042f57ce5e183417716f13623eb83394f65440994f391d7a29bf5d1e60f01a935d3dc723eac7ebf33534362c509427e4688221a2894737" classname="com.github.traderjoe95.mls.protocol.tree.TreeKem" time="0.001"/>
  <testcase name="the decrypted path secret should be 6d7326248018375611643c1df5b6e85331447d4de906bfd622c3d7d900336141f23bbfc1f96a9f0722d3d04c40537284a8bc187318e548fc69b9e9cb981cc708" classname="com.github.traderjoe95.mls.protocol.tree.TreeKem" time="0.001"/>
  <testcase name="a new update path generated by the sender should be successfully processed" classname="com.github.traderjoe95.mls.protocol.tree.TreeKem" time="0.001"/>
  <testcase name="the update path should be parent-hash valid" classname="com.github.traderjoe95.mls.protocol.tree.TreeKem" time="0.0"/>
  <testcase name="the tree hash after merging the update path should be fe6e5f9b291a47a4b52dddb42652c37e1e0b3aa907b928f6023ab691702d4d6d08c0874c7560b2744a14bd5cdc10640adcfa1638e320ef7f9da28e24223fbeac" classname="com.github.traderjoe95.mls.protocol.tree.TreeKem" time="0.0"/>
  <testcase name="the decrypted path secret should be 946ea78050a4de917f3a1208b3ad91fab0b74301c64457088daed25b96936e07711a5570415d08e547c6765d3033604e88a4af31517d87e7c435d0721536594d" classname="com.github.traderjoe95.mls.protocol.tree.TreeKem" time="0.001"/>
  <testcase name="a new update path generated by the sender should be successfully processed" classname="com.github.traderjoe95.mls.protocol.tree.TreeKem" time="0.001"/>
  <testcase name="the update path should be parent-hash valid" classname="com.github.traderjoe95.mls.protocol.tree.TreeKem" time="0.001"/>
  <testcase name="the tree hash after merging the update path should be fe6e5f9b291a47a4b52dddb42652c37e1e0b3aa907b928f6023ab691702d4d6d08c0874c7560b2744a14bd5cdc10640adcfa1638e320ef7f9da28e24223fbeac" classname="com.github.traderjoe95.mls.protocol.tree.TreeKem" time="0.001"/>
  <testcase name="the decrypted path secret should be 946ea78050a4de917f3a1208b3ad91fab0b74301c64457088daed25b96936e07711a5570415d08e547c6765d3033604e88a4af31517d87e7c435d0721536594d" classname="com.github.traderjoe95.mls.protocol.tree.TreeKem" time="0.001"/>
  <testcase name="a new update path generated by the sender should be successfully processed" classname="com.github.traderjoe95.mls.protocol.tree.TreeKem" time="0.002"/>
  <testcase name="the update path should be parent-hash valid" classname="com.github.traderjoe95.mls.protocol.tree.TreeKem" time="0.0"/>
  <testcase name="the tree hash after merging the update path should be fe6e5f9b291a47a4b52dddb42652c37e1e0b3aa907b928f6023ab691702d4d6d08c0874c7560b2744a14bd5cdc10640adcfa1638e320ef7f9da28e24223fbeac" classname="com.github.traderjoe95.mls.protocol.tree.TreeKem" time="0.0"/>
  <testcase name="the decrypted path secret should be 6692a9f35b3e93b3c17cfc4d53f198f1fb9f283e687c059fb248785f9f055020d82cfb53f03042c5645ca34406c80dcc6a8b6fd795b4a7f7c47e7547f5f9a3f6" classname="com.github.traderjoe95.mls.protocol.tree.TreeKem" time="0.001"/>
  <testcase name="a new update path generated by the sender should be successfully processed" classname="com.github.traderjoe95.mls.protocol.tree.TreeKem" time="0.001"/>
  <testcase name="the update path should be parent-hash valid" classname="com.github.traderjoe95.mls.protocol.tree.TreeKem" time="0.0"/>
  <testcase name="the tree hash after merging the update path should be fe6e5f9b291a47a4b52dddb42652c37e1e0b3aa907b928f6023ab691702d4d6d08c0874c7560b2744a14bd5cdc10640adcfa1638e320ef7f9da28e24223fbeac" classname="com.github.traderjoe95.mls.protocol.tree.TreeKem" time="0.0"/>
  <testcase name="the decrypted path secret should be 37828056f6b542812b5dffa2cdc7f68c38a83047170eda4317ba96f8b3990a9b9e55b09d286285725126513c038cbba7fe607f9edb0e02c2016c5a6de252a57e" classname="com.github.traderjoe95.mls.protocol.tree.TreeKem" time="0.001"/>
  <testcase name="a new update path generated by the sender should be successfully processed" classname="com.github.traderjoe95.mls.protocol.tree.TreeKem" time="0.002"/>
  <testcase name="the update path should be parent-hash valid" classname="com.github.traderjoe95.mls.protocol.tree.TreeKem" time="0.0"/>
  <testcase name="the tree hash after merging the update path should be fe6e5f9b291a47a4b52dddb42652c37e1e0b3aa907b928f6023ab691702d4d6d08c0874c7560b2744a14bd5cdc10640adcfa1638e320ef7f9da28e24223fbeac" classname="com.github.traderjoe95.mls.protocol.tree.TreeKem" time="0.0"/>
  <testcase name="the decrypted path secret should be 37828056f6b542812b5dffa2cdc7f68c38a83047170eda4317ba96f8b3990a9b9e55b09d286285725126513c038cbba7fe607f9edb0e02c2016c5a6de252a57e" classname="com.github.traderjoe95.mls.protocol.tree.TreeKem" time="0.001"/>
  <testcase name="a new update path generated by the sender should be successfully processed" classname="com.github.traderjoe95.mls.protocol.tree.TreeKem" time="0.002"/>
  <testcase name="the update path should be parent-hash valid" classname="com.github.traderjoe95.mls.protocol.tree.TreeKem" time="0.0"/>
  <testcase name="the tree hash after merging the update path should be fe6e5f9b291a47a4b52dddb42652c37e1e0b3aa907b928f6023ab691702d4d6d08c0874c7560b2744a14bd5cdc10640adcfa1638e320ef7f9da28e24223fbeac" classname="com.github.traderjoe95.mls.protocol.tree.TreeKem" time="0.0"/>
  <testcase name="the decrypted path secret should be 37828056f6b542812b5dffa2cdc7f68c38a83047170eda4317ba96f8b3990a9b9e55b09d286285725126513c038cbba7fe607f9edb0e02c2016c5a6de252a57e" classname="com.github.traderjoe95.mls.protocol.tree.TreeKem" time="0.001"/>
  <testcase name="a new update path generated by the sender should be successfully processed" classname="com.github.traderjoe95.mls.protocol.tree.TreeKem" time="0.001"/>
  <testcase name="the update path should be parent-hash valid" classname="com.github.traderjoe95.mls.protocol.tree.TreeKem" time="0.001"/>
  <testcase name="the tree hash after merging the update path should be fe6e5f9b291a47a4b52dddb42652c37e1e0b3aa907b928f6023ab691702d4d6d08c0874c7560b2744a14bd5cdc10640adcfa1638e320ef7f9da28e24223fbeac" classname="com.github.traderjoe95.mls.protocol.tree.TreeKem" time="0.001"/>
  <testcase name="the decrypted path secret should be 37828056f6b542812b5dffa2cdc7f68c38a83047170eda4317ba96f8b3990a9b9e55b09d286285725126513c038cbba7fe607f9edb0e02c2016c5a6de252a57e" classname="com.github.traderjoe95.mls.protocol.tree.TreeKem" time="0.001"/>
  <testcase name="a new update path generated by the sender should be successfully processed" classname="com.github.traderjoe95.mls.protocol.tree.TreeKem" time="0.001"/>
  <testcase name="the update path should be parent-hash valid" classname="com.github.traderjoe95.mls.protocol.tree.TreeKem" time="0.0"/>
  <testcase name="the tree hash after merging the update path should be a452d1032cdea7aa11003b1d33231a928275e3a1e18463fedc98c62e562041a9eb0d6c8fc17e04fcaa890043790bbfdbee6798749aa4bb3aef01c5f0756cf68b" classname="com.github.traderjoe95.mls.protocol.tree.TreeKem" time="0.0"/>
  <testcase name="the decrypted path secret should be 980c687868e87ff8e2eb0ded788a5620e7b788ea4d06c6f2d6a2b186085987adc0e5e5ab4e268627e4ab5624de3210cb44d09368cfe0996472ea0c92fabe4c7b" classname="com.github.traderjoe95.mls.protocol.tree.TreeKem" time="0.001"/>
  <testcase name="a new update path generated by the sender should be successfully processed" classname="com.github.traderjoe95.mls.protocol.tree.TreeKem" time="0.001"/>
  <testcase name="the update path should be parent-hash valid" classname="com.github.traderjoe95.mls.protocol.tree.TreeKem" time="0.0"/>
  <testcase name="the tree hash after merging the update path should be a452d1032cdea7aa11003b1d33231a928275e3a1e18463fedc98c62e562041a9eb0d6c8fc17e04fcaa890043790bbfdbee6798749aa4bb3aef01c5f0756cf68b" classname="com.github.traderjoe95.mls.protocol.tree.TreeKem" time="0.0"/>
  <testcase name="the decrypted path secret should be 980c687868e87ff8e2eb0ded788a5620e7b788ea4d06c6f2d6a2b186085987adc0e5e5ab4e268627e4ab5624de3210cb44d09368cfe0996472ea0c92fabe4c7b" classname="com.github.traderjoe95.mls.protocol.tree.TreeKem" time="0.001"/>
  <testcase name="a new update path generated by the sender should be successfully processed" classname="com.github.traderjoe95.mls.protocol.tree.TreeKem" time="0.002"/>
  <testcase name="the update path should be parent-hash valid" classname="com.github.traderjoe95.mls.protocol.tree.TreeKem" time="0.0"/>
  <testcase name="the tree hash after merging the update path should be a452d1032cdea7aa11003b1d33231a928275e3a1e18463fedc98c62e562041a9eb0d6c8fc17e04fcaa890043790bbfdbee6798749aa4bb3aef01c5f0756cf68b" classname="com.github.traderjoe95.mls.protocol.tree.TreeKem" time="0.0"/>
  <testcase name="the decrypted path secret should be 980c687868e87ff8e2eb0ded788a5620e7b788ea4d06c6f2d6a2b186085987adc0e5e5ab4e268627e4ab5624de3210cb44d09368cfe0996472ea0c92fabe4c7b" classname="com.github.traderjoe95.mls.protocol.tree.TreeKem" time="0.0"/>
  <testcase name="a new update path generated by the sender should be successfully processed" classname="com.github.traderjoe95.mls.protocol.tree.TreeKem" time="0.001"/>
  <testcase name="the update path should be parent-hash valid" classname="com.github.traderjoe95.mls.protocol.tree.TreeKem" time="0.001"/>
  <testcase name="the tree hash after merging the update path should be a452d1032cdea7aa11003b1d33231a928275e3a1e18463fedc98c62e562041a9eb0d6c8fc17e04fcaa890043790bbfdbee6798749aa4bb3aef01c5f0756cf68b" classname="com.github.traderjoe95.mls.protocol.tree.TreeKem" time="0.001"/>
  <testcase name="the decrypted path secret should be 980c687868e87ff8e2eb0ded788a5620e7b788ea4d06c6f2d6a2b186085987adc0e5e5ab4e268627e4ab5624de3210cb44d09368cfe0996472ea0c92fabe4c7b" classname="com.github.traderjoe95.mls.protocol.tree.TreeKem" time="0.001"/>
  <testcase name="a new update path generated by the sender should be successfully processed" classname="com.github.traderjoe95.mls.protocol.tree.TreeKem" time="0.001"/>
  <testcase name="the update path should be parent-hash valid" classname="com.github.traderjoe95.mls.protocol.tree.TreeKem" time="0.0"/>
  <testcase name="the tree hash after merging the update path should be a452d1032cdea7aa11003b1d33231a928275e3a1e18463fedc98c62e562041a9eb0d6c8fc17e04fcaa890043790bbfdbee6798749aa4bb3aef01c5f0756cf68b" classname="com.github.traderjoe95.mls.protocol.tree.TreeKem" time="0.0"/>
  <testcase name="the decrypted path secret should be 15255da35dbc62da14275e939a9b121f853e2292c4f572360f4a1d4e2fdb13d406837bd0b51ac8693ced23be62bebc57b23882b9b6da0e737c9dbb9c8140e2dc" classname="com.github.traderjoe95.mls.protocol.tree.TreeKem" time="0.001"/>
  <testcase name="a new update path generated by the sender should be successfully processed" classname="com.github.traderjoe95.mls.protocol.tree.TreeKem" time="0.002"/>
  <testcase name="the update path should be parent-hash valid" classname="com.github.traderjoe95.mls.protocol.tree.TreeKem" time="0.001"/>
  <testcase name="the tree hash after merging the update path should be a452d1032cdea7aa11003b1d33231a928275e3a1e18463fedc98c62e562041a9eb0d6c8fc17e04fcaa890043790bbfdbee6798749aa4bb3aef01c5f0756cf68b" classname="com.github.traderjoe95.mls.protocol.tree.TreeKem" time="0.0"/>
  <testcase name="the decrypted path secret should be 82d4e626700602a39bfd8c1f2dff8e3702a36482b76f25f952347659efda07d739a59eaabd711bb43c2e603db1aff4da6e6682e027f3cd0814db9dfca409c0f5" classname="com.github.traderjoe95.mls.protocol.tree.TreeKem" time="0.001"/>
  <testcase name="a new update path generated by the sender should be successfully processed" classname="com.github.traderjoe95.mls.protocol.tree.TreeKem" time="0.001"/>
  <testcase name="the update path should be parent-hash valid" classname="com.github.traderjoe95.mls.protocol.tree.TreeKem" time="0.0"/>
  <testcase name="the tree hash after merging the update path should be a452d1032cdea7aa11003b1d33231a928275e3a1e18463fedc98c62e562041a9eb0d6c8fc17e04fcaa890043790bbfdbee6798749aa4bb3aef01c5f0756cf68b" classname="com.github.traderjoe95.mls.protocol.tree.TreeKem" time="0.0"/>
  <testcase name="the decrypted path secret should be 82d4e626700602a39bfd8c1f2dff8e3702a36482b76f25f952347659efda07d739a59eaabd711bb43c2e603db1aff4da6e6682e027f3cd0814db9dfca409c0f5" classname="com.github.traderjoe95.mls.protocol.tree.TreeKem" time="0.001"/>
  <testcase name="a new update path generated by the sender should be successfully processed" classname="com.github.traderjoe95.mls.protocol.tree.TreeKem" time="0.001"/>
  <testcase name="the update path should be parent-hash valid" classname="com.github.traderjoe95.mls.protocol.tree.TreeKem" time="0.0"/>
  <testcase name="the tree hash after merging the update path should be cc77d4ffd444987b00be4e5cb122bbe98a78ab16716a10eb7bf0cd43a9b69a4a2e7f526495eb2292e090c2dbac87dd6e5db671c137f6c4eb581a1b9aa249651d" classname="com.github.traderjoe95.mls.protocol.tree.TreeKem" time="0.0"/>
  <testcase name="the decrypted path secret should be 5a6add9244a1d107fc4825f7987bc933f5599a42fba78160c815f4fd7cc40f91bb66ac7e205c62e4dbc74a1b0847b117e0c6bb349adf352b78da349237947172" classname="com.github.traderjoe95.mls.protocol.tree.TreeKem" time="0.0"/>
  <testcase name="a new update path generated by the sender should be successfully processed" classname="com.github.traderjoe95.mls.protocol.tree.TreeKem" time="0.001"/>
  <testcase name="the update path should be parent-hash valid" classname="com.github.traderjoe95.mls.protocol.tree.TreeKem" time="0.0"/>
  <testcase name="the tree hash after merging the update path should be cc77d4ffd444987b00be4e5cb122bbe98a78ab16716a10eb7bf0cd43a9b69a4a2e7f526495eb2292e090c2dbac87dd6e5db671c137f6c4eb581a1b9aa249651d" classname="com.github.traderjoe95.mls.protocol.tree.TreeKem" time="0.0"/>
  <testcase name="the decrypted path secret should be 5a6add9244a1d107fc4825f7987bc933f5599a42fba78160c815f4fd7cc40f91bb66ac7e205c62e4dbc74a1b0847b117e0c6bb349adf352b78da349237947172" classname="com.github.traderjoe95.mls.protocol.tree.TreeKem" time="0.001"/>
  <testcase name="a new update path generated by the sender should be successfully processed" classname="com.github.traderjoe95.mls.protocol.tree.TreeKem" time="0.001"/>
  <testcase name="the update path should be parent-hash valid" classname="com.github.traderjoe95.mls.protocol.tree.TreeKem" time="0.0"/>
  <testcase name="the tree hash after merging the update path should be cc77d4ffd444987b00be4e5cb122bbe98a78ab16716a10eb7bf0cd43a9b69a4a2e7f526495eb2292e090c2dbac87dd6e5db671c137f6c4eb581a1b9aa249651d" classname="com.github.traderjoe95.mls.protocol.tree.TreeKem" time="0.0"/>
  <testcase name="the decrypted path secret should be 5a6add9244a1d107fc4825f7987bc933f5599a42fba78160c815f4fd7cc40f91bb66ac7e205c62e4dbc74a1b0847b117e0c6bb349adf352b78da349237947172" classname="com.github.traderjoe95.mls.protocol.tree.TreeKem" time="0.001"/>
  <testcase name="a new update path generated by the sender should be successfully processed" classname="com.github.traderjoe95.mls.protocol.tree.TreeKem" time="0.001"/>
  <testcase name="the update path should be parent-hash valid" classname="com.github.traderjoe95.mls.protocol.tree.TreeKem" time="0.0"/>
  <testcase name="the tree hash after merging the update path should be cc77d4ffd444987b00be4e5cb122bbe98a78ab16716a10eb7bf0cd43a9b69a4a2e7f526495eb2292e090c2dbac87dd6e5db671c137f6c4eb581a1b9aa249651d" classname="com.github.traderjoe95.mls.protocol.tree.TreeKem" time="0.0"/>
  <testcase name="the decrypted path secret should be 5a6add9244a1d107fc4825f7987bc933f5599a42fba78160c815f4fd7cc40f91bb66ac7e205c62e4dbc74a1b0847b117e0c6bb349adf352b78da349237947172" classname="com.github.traderjoe95.mls.protocol.tree.TreeKem" time="0.001"/>
  <testcase name="a new update path generated by the sender should be successfully processed" classname="com.github.traderjoe95.mls.protocol.tree.TreeKem" time="0.001"/>
  <testcase name="the update path should be parent-hash valid" classname="com.github.traderjoe95.mls.protocol.tree.TreeKem" time="0.001"/>
  <testcase name="the tree hash after merging the update path should be cc77d4ffd444987b00be4e5cb122bbe98a78ab16716a10eb7bf0cd43a9b69a4a2e7f526495eb2292e090c2dbac87dd6e5db671c137f6c4eb581a1b9aa249651d" classname="com.github.traderjoe95.mls.protocol.tree.TreeKem" time="0.001"/>
  <testcase name="the decrypted path secret should be 927857abb44c0ff8bb80a7e28cd15ef99755ca2ca5f7bd1fa07966012cf710e565413a40d8397c85af932d895d79ac9ddb7adc3d4d8781b6f92898b801255364" classname="com.github.traderjoe95.mls.protocol.tree.TreeKem" time="0.001"/>
  <testcase name="a new update path generated by the sender should be successfully processed" classname="com.github.traderjoe95.mls.protocol.tree.TreeKem" time="0.001"/>
  <testcase name="the update path should be parent-hash valid" classname="com.github.traderjoe95.mls.protocol.tree.TreeKem" time="0.0"/>
  <testcase name="the tree hash after merging the update path should be cc77d4ffd444987b00be4e5cb122bbe98a78ab16716a10eb7bf0cd43a9b69a4a2e7f526495eb2292e090c2dbac87dd6e5db671c137f6c4eb581a1b9aa249651d" classname="com.github.traderjoe95.mls.protocol.tree.TreeKem" time="0.0"/>
  <testcase name="the decrypted path secret should be a7e64f5c6e648337e17a6236aa6870120b7bf9eed7d7d6f86887768630b90aad917c732d9ac7483cf7f78fc011434a937fe13a3fa7b0d7bdd5058730b18a52f6" classname="com.github.traderjoe95.mls.protocol.tree.TreeKem" time="0.001"/>
  <testcase name="a new update path generated by the sender should be successfully processed" classname="com.github.traderjoe95.mls.protocol.tree.TreeKem" time="0.001"/>
  <testcase name="the update path should be parent-hash valid" classname="com.github.traderjoe95.mls.protocol.tree.TreeKem" time="0.001"/>
  <testcase name="the tree hash after merging the update path should be cc77d4ffd444987b00be4e5cb122bbe98a78ab16716a10eb7bf0cd43a9b69a4a2e7f526495eb2292e090c2dbac87dd6e5db671c137f6c4eb581a1b9aa249651d" classname="com.github.traderjoe95.mls.protocol.tree.TreeKem" time="0.001"/>
  <testcase name="the decrypted path secret should be a7e64f5c6e648337e17a6236aa6870120b7bf9eed7d7d6f86887768630b90aad917c732d9ac7483cf7f78fc011434a937fe13a3fa7b0d7bdd5058730b18a52f6" classname="com.github.traderjoe95.mls.protocol.tree.TreeKem" time="0.001"/>
  <testcase name="a new update path generated by the sender should be successfully processed" classname="com.github.traderjoe95.mls.protocol.tree.TreeKem" time="0.001"/>
  <testcase name="the update path should be parent-hash valid" classname="com.github.traderjoe95.mls.protocol.tree.TreeKem" time="0.0"/>
  <testcase name="the tree hash after merging the update path should be 97614d1f5126af30b66f86a0be61170a2a4b5787e8f38632b61b51669beb53f1ea88f466779f7731745783d89dfb4f50a95320efee833398b186e62b4058e5cf" classname="com.github.traderjoe95.mls.protocol.tree.TreeKem" time="0.0"/>
  <testcase name="the decrypted path secret should be c4af07bdbcc5368d2790c98b24da4b2df984d0c5e6a463dd1e225d2d5678fe2b785118b30eece1c3caace60f930bf4f48ff4703070e11ab0889e936d82e58f6d" classname="com.github.traderjoe95.mls.protocol.tree.TreeKem" time="0.0"/>
  <testcase name="a new update path generated by the sender should be successfully processed" classname="com.github.traderjoe95.mls.protocol.tree.TreeKem" time="0.001"/>
  <testcase name="the update path should be parent-hash valid" classname="com.github.traderjoe95.mls.protocol.tree.TreeKem" time="0.0"/>
  <testcase name="the tree hash after merging the update path should be 97614d1f5126af30b66f86a0be61170a2a4b5787e8f38632b61b51669beb53f1ea88f466779f7731745783d89dfb4f50a95320efee833398b186e62b4058e5cf" classname="com.github.traderjoe95.mls.protocol.tree.TreeKem" time="0.0"/>
  <testcase name="the decrypted path secret should be c4af07bdbcc5368d2790c98b24da4b2df984d0c5e6a463dd1e225d2d5678fe2b785118b30eece1c3caace60f930bf4f48ff4703070e11ab0889e936d82e58f6d" classname="com.github.traderjoe95.mls.protocol.tree.TreeKem" time="0.001"/>
  <testcase name="a new update path generated by the sender should be successfully processed" classname="com.github.traderjoe95.mls.protocol.tree.TreeKem" time="0.001"/>
  <testcase name="the update path should be parent-hash valid" classname="com.github.traderjoe95.mls.protocol.tree.TreeKem" time="0.001"/>
  <testcase name="the tree hash after merging the update path should be 97614d1f5126af30b66f86a0be61170a2a4b5787e8f38632b61b51669beb53f1ea88f466779f7731745783d89dfb4f50a95320efee833398b186e62b4058e5cf" classname="com.github.traderjoe95.mls.protocol.tree.TreeKem" time="0.0"/>
  <testcase name="the decrypted path secret should be c4af07bdbcc5368d2790c98b24da4b2df984d0c5e6a463dd1e225d2d5678fe2b785118b30eece1c3caace60f930bf4f48ff4703070e11ab0889e936d82e58f6d" classname="com.github.traderjoe95.mls.protocol.tree.TreeKem" time="0.001"/>
  <testcase name="a new update path generated by the sender should be successfully processed" classname="com.github.traderjoe95.mls.protocol.tree.TreeKem" time="0.001"/>
  <testcase name="the update path should be parent-hash valid" classname="com.github.traderjoe95.mls.protocol.tree.TreeKem" time="0.001"/>
  <testcase name="the tree hash after merging the update path should be 97614d1f5126af30b66f86a0be61170a2a4b5787e8f38632b61b51669beb53f1ea88f466779f7731745783d89dfb4f50a95320efee833398b186e62b4058e5cf" classname="com.github.traderjoe95.mls.protocol.tree.TreeKem" time="0.001"/>
  <testcase name="the decrypted path secret should be c4af07bdbcc5368d2790c98b24da4b2df984d0c5e6a463dd1e225d2d5678fe2b785118b30eece1c3caace60f930bf4f48ff4703070e11ab0889e936d82e58f6d" classname="com.github.traderjoe95.mls.protocol.tree.TreeKem" time="0.001"/>
  <testcase name="a new update path generated by the sender should be successfully processed" classname="com.github.traderjoe95.mls.protocol.tree.TreeKem" time="0.001"/>
  <testcase name="the update path should be parent-hash valid" classname="com.github.traderjoe95.mls.protocol.tree.TreeKem" time="0.0"/>
  <testcase name="the tree hash after merging the update path should be 97614d1f5126af30b66f86a0be61170a2a4b5787e8f38632b61b51669beb53f1ea88f466779f7731745783d89dfb4f50a95320efee833398b186e62b4058e5cf" classname="com.github.traderjoe95.mls.protocol.tree.TreeKem" time="0.001"/>
  <testcase name="the decrypted path secret should be d6b14fc4d44a497683acf76ff78d515cffe71cd8d151cc7f3a5ff90bd1717496fbc60482176386708cfeebd0035ce4393f8e4952a1d8b5582c634246c968f44b" classname="com.github.traderjoe95.mls.protocol.tree.TreeKem" time="0.001"/>
  <testcase name="a new update path generated by the sender should be successfully processed" classname="com.github.traderjoe95.mls.protocol.tree.TreeKem" time="0.001"/>
  <testcase name="the update path should be parent-hash valid" classname="com.github.traderjoe95.mls.protocol.tree.TreeKem" time="0.0"/>
  <testcase name="the tree hash after merging the update path should be 97614d1f5126af30b66f86a0be61170a2a4b5787e8f38632b61b51669beb53f1ea88f466779f7731745783d89dfb4f50a95320efee833398b186e62b4058e5cf" classname="com.github.traderjoe95.mls.protocol.tree.TreeKem" time="0.0"/>
  <testcase name="the decrypted path secret should be d6b14fc4d44a497683acf76ff78d515cffe71cd8d151cc7f3a5ff90bd1717496fbc60482176386708cfeebd0035ce4393f8e4952a1d8b5582c634246c968f44b" classname="com.github.traderjoe95.mls.protocol.tree.TreeKem" time="0.0"/>
  <testcase name="a new update path generated by the sender should be successfully processed" classname="com.github.traderjoe95.mls.protocol.tree.TreeKem" time="0.001"/>
  <testcase name="the update path should be parent-hash valid" classname="com.github.traderjoe95.mls.protocol.tree.TreeKem" time="0.0"/>
  <testcase name="the tree hash after merging the update path should be 97614d1f5126af30b66f86a0be61170a2a4b5787e8f38632b61b51669beb53f1ea88f466779f7731745783d89dfb4f50a95320efee833398b186e62b4058e5cf" classname="com.github.traderjoe95.mls.protocol.tree.TreeKem" time="0.001"/>
  <testcase name="the decrypted path secret should be e065a5c1570666d9e925d05a213341596c0add2ab07e882dc05425eaff75584d86e4ec9d0b320728c9c93a3828d4ab94052f0802fdb04e02d4c1f7ba2cdb8b0f" classname="com.github.traderjoe95.mls.protocol.tree.TreeKem" time="0.001"/>
  <testcase name="a new update path generated by the sender should be successfully processed" classname="com.github.traderjoe95.mls.protocol.tree.TreeKem" time="0.001"/>
  <testcase name="the update path should be parent-hash valid" classname="com.github.traderjoe95.mls.protocol.tree.TreeKem" time="0.0"/>
  <testcase name="the tree hash after merging the update path should be 9982aa5ab3ce423791b75bb7042f79a05e74f3e92e96c555dfd9582fb68750b7888171ddb63049481fca8b49215856aef9fe47d9cbb338d01039e945c36fe545" classname="com.github.traderjoe95.mls.protocol.tree.TreeKem" time="0.0"/>
  <testcase name="the decrypted path secret should be 0f0dedf42bf364c41015f41398f58cbc14777f1b9f008915baa9e514cfabb77fdaee8caea0d0db7441df60684fde4e71bc02c7775fab8e23109817a10e923340" classname="com.github.traderjoe95.mls.protocol.tree.TreeKem" time="0.001"/>
  <testcase name="a new update path generated by the sender should be successfully processed" classname="com.github.traderjoe95.mls.protocol.tree.TreeKem" time="0.001"/>
  <testcase name="the update path should be parent-hash valid" classname="com.github.traderjoe95.mls.protocol.tree.TreeKem" time="0.0"/>
  <testcase name="the tree hash after merging the update path should be 9982aa5ab3ce423791b75bb7042f79a05e74f3e92e96c555dfd9582fb68750b7888171ddb63049481fca8b49215856aef9fe47d9cbb338d01039e945c36fe545" classname="com.github.traderjoe95.mls.protocol.tree.TreeKem" time="0.001"/>
  <testcase name="the decrypted path secret should be 0f0dedf42bf364c41015f41398f58cbc14777f1b9f008915baa9e514cfabb77fdaee8caea0d0db7441df60684fde4e71bc02c7775fab8e23109817a10e923340" classname="com.github.traderjoe95.mls.protocol.tree.TreeKem" time="0.001"/>
  <testcase name="a new update path generated by the sender should be successfully processed" classname="com.github.traderjoe95.mls.protocol.tree.TreeKem" time="0.001"/>
  <testcase name="the update path should be parent-hash valid" classname="com.github.traderjoe95.mls.protocol.tree.TreeKem" time="0.0"/>
  <testcase name="the tree hash after merging the update path should be 9982aa5ab3ce423791b75bb7042f79a05e74f3e92e96c555dfd9582fb68750b7888171ddb63049481fca8b49215856aef9fe47d9cbb338d01039e945c36fe545" classname="com.github.traderjoe95.mls.protocol.tree.TreeKem" time="0.0"/>
  <testcase name="the decrypted path secret should be 0f0dedf42bf364c41015f41398f58cbc14777f1b9f008915baa9e514cfabb77fdaee8caea0d0db7441df60684fde4e71bc02c7775fab8e23109817a10e923340" classname="com.github.traderjoe95.mls.protocol.tree.TreeKem" time="0.001"/>
  <testcase name="a new update path generated by the sender should be successfully processed" classname="com.github.traderjoe95.mls.protocol.tree.TreeKem" time="0.001"/>
  <testcase name="the update path should be parent-hash valid" classname="com.github.traderjoe95.mls.protocol.tree.TreeKem" time="0.0"/>
  <testcase name="the tree hash after merging the update path should be 9982aa5ab3ce423791b75bb7042f79a05e74f3e92e96c555dfd9582fb68750b7888171ddb63049481fca8b49215856aef9fe47d9cbb338d01039e945c36fe545" classname="com.github.traderjoe95.mls.protocol.tree.TreeKem" time="0.001"/>
  <testcase name="the decrypted path secret should be 0f0dedf42bf364c41015f41398f58cbc14777f1b9f008915baa9e514cfabb77fdaee8caea0d0db7441df60684fde4e71bc02c7775fab8e23109817a10e923340" classname="com.github.traderjoe95.mls.protocol.tree.TreeKem" time="0.001"/>
  <testcase name="a new update path generated by the sender should be successfully processed" classname="com.github.traderjoe95.mls.protocol.tree.TreeKem" time="0.001"/>
  <testcase name="the update path should be parent-hash valid" classname="com.github.traderjoe95.mls.protocol.tree.TreeKem" time="0.0"/>
  <testcase name="the tree hash after merging the update path should be 9982aa5ab3ce423791b75bb7042f79a05e74f3e92e96c555dfd9582fb68750b7888171ddb63049481fca8b49215856aef9fe47d9cbb338d01039e945c36fe545" classname="com.github.traderjoe95.mls.protocol.tree.TreeKem" time="0.001"/>
  <testcase name="the decrypted path secret should be 93a49dea156277cfc1ec45a3a0c9cb13097946c3f7761b103bf758025bee21ede0a7584681abeef8f4f2058bd46475382f7aa4b0ebf87735d55acb2f6cba4f1e" classname="com.github.traderjoe95.mls.protocol.tree.TreeKem" time="0.001"/>
  <testcase name="a new update path generated by the sender should be successfully processed" classname="com.github.traderjoe95.mls.protocol.tree.TreeKem" time="0.001"/>
  <testcase name="the update path should be parent-hash valid" classname="com.github.traderjoe95.mls.protocol.tree.TreeKem" time="0.0"/>
  <testcase name="the tree hash after merging the update path should be 9982aa5ab3ce423791b75bb7042f79a05e74f3e92e96c555dfd9582fb68750b7888171ddb63049481fca8b49215856aef9fe47d9cbb338d01039e945c36fe545" classname="com.github.traderjoe95.mls.protocol.tree.TreeKem" time="0.001"/>
  <testcase name="the decrypted path secret should be 93a49dea156277cfc1ec45a3a0c9cb13097946c3f7761b103bf758025bee21ede0a7584681abeef8f4f2058bd46475382f7aa4b0ebf87735d55acb2f6cba4f1e" classname="com.github.traderjoe95.mls.protocol.tree.TreeKem" time="0.001"/>
  <testcase name="a new update path generated by the sender should be successfully processed" classname="com.github.traderjoe95.mls.protocol.tree.TreeKem" time="0.001"/>
  <testcase name="the update path should be parent-hash valid" classname="com.github.traderjoe95.mls.protocol.tree.TreeKem" time="0.001"/>
  <testcase name="the tree hash after merging the update path should be 9982aa5ab3ce423791b75bb7042f79a05e74f3e92e96c555dfd9582fb68750b7888171ddb63049481fca8b49215856aef9fe47d9cbb338d01039e945c36fe545" classname="com.github.traderjoe95.mls.protocol.tree.TreeKem" time="0.0"/>
  <testcase name="the decrypted path secret should be b0c5d378ce37ab780322372a572de2a1388e1cca2f986dfc808233348767fa9b328b8fc505c9382d3838b22b88d137a137253845b54fd084f4d671ab38ae0fc3" classname="com.github.traderjoe95.mls.protocol.tree.TreeKem" time="0.001"/>
  <testcase name="a new update path generated by the sender should be successfully processed" classname="com.github.traderjoe95.mls.protocol.tree.TreeKem" time="0.002"/>
  <testcase name="non-blank leaf 0 should be consistent with the public state" classname="com.github.traderjoe95.mls.protocol.tree.TreeKem" time="0.002"/>
  <testcase name="non-blank leaf 1 should be consistent with the public state" classname="com.github.traderjoe95.mls.protocol.tree.TreeKem" time="0.002"/>
  <testcase name="non-blank leaf 2 should be consistent with the public state" classname="com.github.traderjoe95.mls.protocol.tree.TreeKem" time="0.002"/>
  <testcase name="non-blank leaf 3 should be consistent with the public state" classname="com.github.traderjoe95.mls.protocol.tree.TreeKem" time="0.001"/>
  <testcase name="non-blank leaf 4 should be consistent with the public state" classname="com.github.traderjoe95.mls.protocol.tree.TreeKem" time="0.001"/>
  <testcase name="non-blank leaf 5 should be consistent with the public state" classname="com.github.traderjoe95.mls.protocol.tree.TreeKem" time="0.001"/>
  <testcase name="non-blank leaf 6 should be consistent with the public state" classname="com.github.traderjoe95.mls.protocol.tree.TreeKem" time="0.001"/>
  <testcase name="the update path should be parent-hash valid" classname="com.github.traderjoe95.mls.protocol.tree.TreeKem" time="0.0"/>
  <testcase name="the tree hash after merging the update path should be d1e6114cb00e98fdcc7aa1261468b773fc4ce18a82baa13f986779574023b2d12acd039ea845dc4279a0f6aa7f44a8aed647022a99b4cbe8887aee0e55f4939f" classname="com.github.traderjoe95.mls.protocol.tree.TreeKem" time="0.0"/>
  <testcase name="the decrypted path secret should be 9f5f957db99865f2cbb823d97910c37858e578d5eb4c90f7167ffc1d7e146a60262e6b08acebcc56b9c2bb4665c3c6e1661f2b38fa0e0d0ad9e40a8c659ef1ef" classname="com.github.traderjoe95.mls.protocol.tree.TreeKem" time="0.001"/>
  <testcase name="a new update path generated by the sender should be successfully processed" classname="com.github.traderjoe95.mls.protocol.tree.TreeKem" time="0.001"/>
  <testcase name="the update path should be parent-hash valid" classname="com.github.traderjoe95.mls.protocol.tree.TreeKem" time="0.001"/>
  <testcase name="the tree hash after merging the update path should be d1e6114cb00e98fdcc7aa1261468b773fc4ce18a82baa13f986779574023b2d12acd039ea845dc4279a0f6aa7f44a8aed647022a99b4cbe8887aee0e55f4939f" classname="com.github.traderjoe95.mls.protocol.tree.TreeKem" time="0.001"/>
  <testcase name="the decrypted path secret should be 88e61c37bcebcc311d6da9497023e0428c4e9d819ff67c33a79af8c382a86c51135ca5aee73bb9f38dcbfa1bccd94a4233f449ef8259f7afc7c47216b5734680" classname="com.github.traderjoe95.mls.protocol.tree.TreeKem" time="0.001"/>
  <testcase name="a new update path generated by the sender should be successfully processed" classname="com.github.traderjoe95.mls.protocol.tree.TreeKem" time="0.001"/>
  <testcase name="the update path should be parent-hash valid" classname="com.github.traderjoe95.mls.protocol.tree.TreeKem" time="0.001"/>
  <testcase name="the tree hash after merging the update path should be d1e6114cb00e98fdcc7aa1261468b773fc4ce18a82baa13f986779574023b2d12acd039ea845dc4279a0f6aa7f44a8aed647022a99b4cbe8887aee0e55f4939f" classname="com.github.traderjoe95.mls.protocol.tree.TreeKem" time="0.001"/>
  <testcase name="the decrypted path secret should be 88e61c37bcebcc311d6da9497023e0428c4e9d819ff67c33a79af8c382a86c51135ca5aee73bb9f38dcbfa1bccd94a4233f449ef8259f7afc7c47216b5734680" classname="com.github.traderjoe95.mls.protocol.tree.TreeKem" time="0.001"/>
  <testcase name="a new update path generated by the sender should be successfully processed" classname="com.github.traderjoe95.mls.protocol.tree.TreeKem" time="0.001"/>
  <testcase name="the update path should be parent-hash valid" classname="com.github.traderjoe95.mls.protocol.tree.TreeKem" time="0.0"/>
  <testcase name="the tree hash after merging the update path should be d1e6114cb00e98fdcc7aa1261468b773fc4ce18a82baa13f986779574023b2d12acd039ea845dc4279a0f6aa7f44a8aed647022a99b4cbe8887aee0e55f4939f" classname="com.github.traderjoe95.mls.protocol.tree.TreeKem" time="0.0"/>
  <testcase name="the decrypted path secret should be ad1a0551740c74c7cff4ea6c56b2d983d1d9584b6022e90d997c6f734251c54e9197b092d8b11bacdf92e1bd55b9a441108a2dba6ff04aec69672afcd51b03a9" classname="com.github.traderjoe95.mls.protocol.tree.TreeKem" time="0.001"/>
  <testcase name="a new update path generated by the sender should be successfully processed" classname="com.github.traderjoe95.mls.protocol.tree.TreeKem" time="0.001"/>
  <testcase name="the update path should be parent-hash valid" classname="com.github.traderjoe95.mls.protocol.tree.TreeKem" time="0.0"/>
  <testcase name="the tree hash after merging the update path should be d1e6114cb00e98fdcc7aa1261468b773fc4ce18a82baa13f986779574023b2d12acd039ea845dc4279a0f6aa7f44a8aed647022a99b4cbe8887aee0e55f4939f" classname="com.github.traderjoe95.mls.protocol.tree.TreeKem" time="0.0"/>
  <testcase name="the decrypted path secret should be ad1a0551740c74c7cff4ea6c56b2d983d1d9584b6022e90d997c6f734251c54e9197b092d8b11bacdf92e1bd55b9a441108a2dba6ff04aec69672afcd51b03a9" classname="com.github.traderjoe95.mls.protocol.tree.TreeKem" time="0.0"/>
  <testcase name="a new update path generated by the sender should be successfully processed" classname="com.github.traderjoe95.mls.protocol.tree.TreeKem" time="0.001"/>
  <testcase name="the update path should be parent-hash valid" classname="com.github.traderjoe95.mls.protocol.tree.TreeKem" time="0.0"/>
  <testcase name="the tree hash after merging the update path should be d1e6114cb00e98fdcc7aa1261468b773fc4ce18a82baa13f986779574023b2d12acd039ea845dc4279a0f6aa7f44a8aed647022a99b4cbe8887aee0e55f4939f" classname="com.github.traderjoe95.mls.protocol.tree.TreeKem" time="0.0"/>
  <testcase name="the decrypted path secret should be ad1a0551740c74c7cff4ea6c56b2d983d1d9584b6022e90d997c6f734251c54e9197b092d8b11bacdf92e1bd55b9a441108a2dba6ff04aec69672afcd51b03a9" classname="com.github.traderjoe95.mls.protocol.tree.TreeKem" time="0.0"/>
  <testcase name="a new update path generated by the sender should be successfully processed" classname="com.github.traderjoe95.mls.protocol.tree.TreeKem" time="0.01"/>
  <testcase name="the update path should be parent-hash valid" classname="com.github.traderjoe95.mls.protocol.tree.TreeKem" time="0.0"/>
  <testcase name="the tree hash after merging the update path should be 4e58438503efe859fe6ed9735302f2549f1754c2cedbbb0b79c1a46b89709ed7761320a9f71845978e42856a7631729df8be429e95546a8b3986ac8b5dae6f56" classname="com.github.traderjoe95.mls.protocol.tree.TreeKem" time="0.0"/>
  <testcase name="the decrypted path secret should be f741b34582f326f39899b09d1c1a8e1a464fc772bbd3c5516a72cb5090ea2dd40ead7b20481a5711f06cc16f8cb35157ccff3477e07b73d4a3241d75de104037" classname="com.github.traderjoe95.mls.protocol.tree.TreeKem" time="0.0"/>
  <testcase name="a new update path generated by the sender should be successfully processed" classname="com.github.traderjoe95.mls.protocol.tree.TreeKem" time="0.001"/>
  <testcase name="the update path should be parent-hash valid" classname="com.github.traderjoe95.mls.protocol.tree.TreeKem" time="0.0"/>
  <testcase name="the tree hash after merging the update path should be 4e58438503efe859fe6ed9735302f2549f1754c2cedbbb0b79c1a46b89709ed7761320a9f71845978e42856a7631729df8be429e95546a8b3986ac8b5dae6f56" classname="com.github.traderjoe95.mls.protocol.tree.TreeKem" time="0.001"/>
  <testcase name="the decrypted path secret should be b21149d7fd059ddbc5e2492551dface2f1875511603356cba72e7b52bc762ab915511ab3c058482b81fd489eadcd96819a5ce2ed4d942f6c730451f91f30f15e" classname="com.github.traderjoe95.mls.protocol.tree.TreeKem" time="0.001"/>
  <testcase name="a new update path generated by the sender should be successfully processed" classname="com.github.traderjoe95.mls.protocol.tree.TreeKem" time="0.001"/>
  <testcase name="the update path should be parent-hash valid" classname="com.github.traderjoe95.mls.protocol.tree.TreeKem" time="0.0"/>
  <testcase name="the tree hash after merging the update path should be 4e58438503efe859fe6ed9735302f2549f1754c2cedbbb0b79c1a46b89709ed7761320a9f71845978e42856a7631729df8be429e95546a8b3986ac8b5dae6f56" classname="com.github.traderjoe95.mls.protocol.tree.TreeKem" time="0.0"/>
  <testcase name="the decrypted path secret should be b21149d7fd059ddbc5e2492551dface2f1875511603356cba72e7b52bc762ab915511ab3c058482b81fd489eadcd96819a5ce2ed4d942f6c730451f91f30f15e" classname="com.github.traderjoe95.mls.protocol.tree.TreeKem" time="0.001"/>
  <testcase name="a new update path generated by the sender should be successfully processed" classname="com.github.traderjoe95.mls.protocol.tree.TreeKem" time="0.002"/>
  <testcase name="the update path should be parent-hash valid" classname="com.github.traderjoe95.mls.protocol.tree.TreeKem" time="0.0"/>
  <testcase name="the tree hash after merging the update path should be 4e58438503efe859fe6ed9735302f2549f1754c2cedbbb0b79c1a46b89709ed7761320a9f71845978e42856a7631729df8be429e95546a8b3986ac8b5dae6f56" classname="com.github.traderjoe95.mls.protocol.tree.TreeKem" time="0.0"/>
  <testcase name="the decrypted path secret should be ff76b12decf460b7b0dd2ff5789ba916b2f18750ecd751d5fcdba17e9ba731518003fa7e470d3a56a7a8617a0092f5fe096deb247583a15483f0eda49d22f3a6" classname="com.github.traderjoe95.mls.protocol.tree.TreeKem" time="0.0"/>
  <testcase name="a new update path generated by the sender should be successfully processed" classname="com.github.traderjoe95.mls.protocol.tree.TreeKem" time="0.001"/>
  <testcase name="the update path should be parent-hash valid" classname="com.github.traderjoe95.mls.protocol.tree.TreeKem" time="0.0"/>
  <testcase name="the tree hash after merging the update path should be 4e58438503efe859fe6ed9735302f2549f1754c2cedbbb0b79c1a46b89709ed7761320a9f71845978e42856a7631729df8be429e95546a8b3986ac8b5dae6f56" classname="com.github.traderjoe95.mls.protocol.tree.TreeKem" time="0.0"/>
  <testcase name="the decrypted path secret should be ff76b12decf460b7b0dd2ff5789ba916b2f18750ecd751d5fcdba17e9ba731518003fa7e470d3a56a7a8617a0092f5fe096deb247583a15483f0eda49d22f3a6" classname="com.github.traderjoe95.mls.protocol.tree.TreeKem" time="0.001"/>
  <testcase name="a new update path generated by the sender should be successfully processed" classname="com.github.traderjoe95.mls.protocol.tree.TreeKem" time="0.001"/>
  <testcase name="the update path should be parent-hash valid" classname="com.github.traderjoe95.mls.protocol.tree.TreeKem" time="0.001"/>
  <testcase name="the tree hash after merging the update path should be 4e58438503efe859fe6ed9735302f2549f1754c2cedbbb0b79c1a46b89709ed7761320a9f71845978e42856a7631729df8be429e95546a8b3986ac8b5dae6f56" classname="com.github.traderjoe95.mls.protocol.tree.TreeKem" time="0.001"/>
  <testcase name="the decrypted path secret should be ff76b12decf460b7b0dd2ff5789ba916b2f18750ecd751d5fcdba17e9ba731518003fa7e470d3a56a7a8617a0092f5fe096deb247583a15483f0eda49d22f3a6" classname="com.github.traderjoe95.mls.protocol.tree.TreeKem" time="0.001"/>
  <testcase name="a new update path generated by the sender should be successfully processed" classname="com.github.traderjoe95.mls.protocol.tree.TreeKem" time="0.001"/>
  <testcase name="the update path should be parent-hash valid" classname="com.github.traderjoe95.mls.protocol.tree.TreeKem" time="0.0"/>
  <testcase name="the tree hash after merging the update path should be 1296970b1c0ee555655c819b6e5872d2762a288eb32123fe19607726fd4657a4b308c2a565704051fd7776a8a5b47e2eca395bdce16b8494dd89c6c65a2520e3" classname="com.github.traderjoe95.mls.protocol.tree.TreeKem" time="0.0"/>
  <testcase name="the decrypted path secret should be da450465b6dcb2789dedec86386d82756566cf66199f4d5ebaeb1c083ec6bee7c01e33c8bbfb86fe2d2b5d7bc385454b3b3f462fe868035784a3e61b9a213840" classname="com.github.traderjoe95.mls.protocol.tree.TreeKem" time="0.001"/>
  <testcase name="a new update path generated by the sender should be successfully processed" classname="com.github.traderjoe95.mls.protocol.tree.TreeKem" time="0.001"/>
  <testcase name="the update path should be parent-hash valid" classname="com.github.traderjoe95.mls.protocol.tree.TreeKem" time="0.0"/>
  <testcase name="the tree hash after merging the update path should be 1296970b1c0ee555655c819b6e5872d2762a288eb32123fe19607726fd4657a4b308c2a565704051fd7776a8a5b47e2eca395bdce16b8494dd89c6c65a2520e3" classname="com.github.traderjoe95.mls.protocol.tree.TreeKem" time="0.0"/>
  <testcase name="the decrypted path secret should be da450465b6dcb2789dedec86386d82756566cf66199f4d5ebaeb1c083ec6bee7c01e33c8bbfb86fe2d2b5d7bc385454b3b3f462fe868035784a3e61b9a213840" classname="com.github.traderjoe95.mls.protocol.tree.TreeKem" time="0.001"/>
  <testcase name="a new update path generated by the sender should be successfully processed" classname="com.github.traderjoe95.mls.protocol.tree.TreeKem" time="0.001"/>
  <testcase name="the update path should be parent-hash valid" classname="com.github.traderjoe95.mls.protocol.tree.TreeKem" time="0.0"/>
  <testcase name="the tree hash after merging the update path should be 1296970b1c0ee555655c819b6e5872d2762a288eb32123fe19607726fd4657a4b308c2a565704051fd7776a8a5b47e2eca395bdce16b8494dd89c6c65a2520e3" classname="com.github.traderjoe95.mls.protocol.tree.TreeKem" time="0.0"/>
  <testcase name="the decrypted path secret should be 48a2f95a107873c7702b9e3af76efc9da6ac378f42e4526743e373db10f5b5c9fb8b51e8f56082f4654156df2312ef7bf5e42e777b91e32707f343ddc8bc24f0" classname="com.github.traderjoe95.mls.protocol.tree.TreeKem" time="0.001"/>
  <testcase name="a new update path generated by the sender should be successfully processed" classname="com.github.traderjoe95.mls.protocol.tree.TreeKem" time="0.001"/>
  <testcase name="the update path should be parent-hash valid" classname="com.github.traderjoe95.mls.protocol.tree.TreeKem" time="0.0"/>
  <testcase name="the tree hash after merging the update path should be 1296970b1c0ee555655c819b6e5872d2762a288eb32123fe19607726fd4657a4b308c2a565704051fd7776a8a5b47e2eca395bdce16b8494dd89c6c65a2520e3" classname="com.github.traderjoe95.mls.protocol.tree.TreeKem" time="0.0"/>
  <testcase name="the decrypted path secret should be ba918dd28876e1337a03cf9ab0b64b5b8178fd59ea278c8018ea822e11c828f055ced2468fb6d537e8cb2df459db0ae0219dddab7f9a5c256288473fe8d164a2" classname="com.github.traderjoe95.mls.protocol.tree.TreeKem" time="0.001"/>
  <testcase name="a new update path generated by the sender should be successfully processed" classname="com.github.traderjoe95.mls.protocol.tree.TreeKem" time="0.001"/>
  <testcase name="the update path should be parent-hash valid" classname="com.github.traderjoe95.mls.protocol.tree.TreeKem" time="0.001"/>
  <testcase name="the tree hash after merging the update path should be 1296970b1c0ee555655c819b6e5872d2762a288eb32123fe19607726fd4657a4b308c2a565704051fd7776a8a5b47e2eca395bdce16b8494dd89c6c65a2520e3" classname="com.github.traderjoe95.mls.protocol.tree.TreeKem" time="0.001"/>
  <testcase name="the decrypted path secret should be ba918dd28876e1337a03cf9ab0b64b5b8178fd59ea278c8018ea822e11c828f055ced2468fb6d537e8cb2df459db0ae0219dddab7f9a5c256288473fe8d164a2" classname="com.github.traderjoe95.mls.protocol.tree.TreeKem" time="0.001"/>
  <testcase name="a new update path generated by the sender should be successfully processed" classname="com.github.traderjoe95.mls.protocol.tree.TreeKem" time="0.001"/>
  <testcase name="the update path should be parent-hash valid" classname="com.github.traderjoe95.mls.protocol.tree.TreeKem" time="0.0"/>
  <testcase name="the tree hash after merging the update path should be 1296970b1c0ee555655c819b6e5872d2762a288eb32123fe19607726fd4657a4b308c2a565704051fd7776a8a5b47e2eca395bdce16b8494dd89c6c65a2520e3" classname="com.github.traderjoe95.mls.protocol.tree.TreeKem" time="0.0"/>
  <testcase name="the decrypted path secret should be ba918dd28876e1337a03cf9ab0b64b5b8178fd59ea278c8018ea822e11c828f055ced2468fb6d537e8cb2df459db0ae0219dddab7f9a5c256288473fe8d164a2" classname="com.github.traderjoe95.mls.protocol.tree.TreeKem" time="0.0"/>
  <testcase name="a new update path generated by the sender should be successfully processed" classname="com.github.traderjoe95.mls.protocol.tree.TreeKem" time="0.001"/>
  <testcase name="the update path should be parent-hash valid" classname="com.github.traderjoe95.mls.protocol.tree.TreeKem" time="0.0"/>
  <testcase name="the tree hash after merging the update path should be a8804e2ff40a1bb5d4360d9846f29bb028eec031a20ee175f5a50eaa899e2d67c8e004a7b16898d7a5053e176e5d1a5f61b608c6b090088d5714b59731cb5601" classname="com.github.traderjoe95.mls.protocol.tree.TreeKem" time="0.0"/>
  <testcase name="the decrypted path secret should be a663fe27e6592f5d272f4e0b950362c8c2cdc7b8632d70d8f9d0f457a51dd61b77bbc2761423211ef820365330803d56026182cdb77e3f459f51f94b4dcde0cf" classname="com.github.traderjoe95.mls.protocol.tree.TreeKem" time="0.001"/>
  <testcase name="a new update path generated by the sender should be successfully processed" classname="com.github.traderjoe95.mls.protocol.tree.TreeKem" time="0.002"/>
  <testcase name="the update path should be parent-hash valid" classname="com.github.traderjoe95.mls.protocol.tree.TreeKem" time="0.0"/>
  <testcase name="the tree hash after merging the update path should be a8804e2ff40a1bb5d4360d9846f29bb028eec031a20ee175f5a50eaa899e2d67c8e004a7b16898d7a5053e176e5d1a5f61b608c6b090088d5714b59731cb5601" classname="com.github.traderjoe95.mls.protocol.tree.TreeKem" time="0.0"/>
  <testcase name="the decrypted path secret should be a663fe27e6592f5d272f4e0b950362c8c2cdc7b8632d70d8f9d0f457a51dd61b77bbc2761423211ef820365330803d56026182cdb77e3f459f51f94b4dcde0cf" classname="com.github.traderjoe95.mls.protocol.tree.TreeKem" time="0.001"/>
  <testcase name="a new update path generated by the sender should be successfully processed" classname="com.github.traderjoe95.mls.protocol.tree.TreeKem" time="0.001"/>
  <testcase name="the update path should be parent-hash valid" classname="com.github.traderjoe95.mls.protocol.tree.TreeKem" time="0.0"/>
  <testcase name="the tree hash after merging the update path should be a8804e2ff40a1bb5d4360d9846f29bb028eec031a20ee175f5a50eaa899e2d67c8e004a7b16898d7a5053e176e5d1a5f61b608c6b090088d5714b59731cb5601" classname="com.github.traderjoe95.mls.protocol.tree.TreeKem" time="0.0"/>
  <testcase name="the decrypted path secret should be 57ef8b38d1c862ee40d0b933ffeb79b29cfc46b363164cd352fc222c89fa8cd9a22745a8a8a64d49a88ef55e8819a93b5adfcba096307dcf309b069c58c944d5" classname="com.github.traderjoe95.mls.protocol.tree.TreeKem" time="0.001"/>
  <testcase name="a new update path generated by the sender should be successfully processed" classname="com.github.traderjoe95.mls.protocol.tree.TreeKem" time="0.001"/>
  <testcase name="the update path should be parent-hash valid" classname="com.github.traderjoe95.mls.protocol.tree.TreeKem" time="0.001"/>
  <testcase name="the tree hash after merging the update path should be a8804e2ff40a1bb5d4360d9846f29bb028eec031a20ee175f5a50eaa899e2d67c8e004a7b16898d7a5053e176e5d1a5f61b608c6b090088d5714b59731cb5601" classname="com.github.traderjoe95.mls.protocol.tree.TreeKem" time="0.001"/>
  <testcase name="the decrypted path secret should be 19aeeb172da2f3178483bf555a2197363809f978629d015741060e5f1a6c7a63a7ec66215d8f722578161f08847663c26c620cea34bb821670cf85be63d8dc3c" classname="com.github.traderjoe95.mls.protocol.tree.TreeKem" time="0.001"/>
  <testcase name="a new update path generated by the sender should be successfully processed" classname="com.github.traderjoe95.mls.protocol.tree.TreeKem" time="0.001"/>
  <testcase name="the update path should be parent-hash valid" classname="com.github.traderjoe95.mls.protocol.tree.TreeKem" time="0.0"/>
  <testcase name="the tree hash after merging the update path should be a8804e2ff40a1bb5d4360d9846f29bb028eec031a20ee175f5a50eaa899e2d67c8e004a7b16898d7a5053e176e5d1a5f61b608c6b090088d5714b59731cb5601" classname="com.github.traderjoe95.mls.protocol.tree.TreeKem" time="0.0"/>
  <testcase name="the decrypted path secret should be 19aeeb172da2f3178483bf555a2197363809f978629d015741060e5f1a6c7a63a7ec66215d8f722578161f08847663c26c620cea34bb821670cf85be63d8dc3c" classname="com.github.traderjoe95.mls.protocol.tree.TreeKem" time="0.001"/>
  <testcase name="a new update path generated by the sender should be successfully processed" classname="com.github.traderjoe95.mls.protocol.tree.TreeKem" time="0.001"/>
  <testcase name="the update path should be parent-hash valid" classname="com.github.traderjoe95.mls.protocol.tree.TreeKem" time="0.0"/>
  <testcase name="the tree hash after merging the update path should be a8804e2ff40a1bb5d4360d9846f29bb028eec031a20ee175f5a50eaa899e2d67c8e004a7b16898d7a5053e176e5d1a5f61b608c6b090088d5714b59731cb5601" classname="com.github.traderjoe95.mls.protocol.tree.TreeKem" time="0.0"/>
  <testcase name="the decrypted path secret should be 19aeeb172da2f3178483bf555a2197363809f978629d015741060e5f1a6c7a63a7ec66215d8f722578161f08847663c26c620cea34bb821670cf85be63d8dc3c" classname="com.github.traderjoe95.mls.protocol.tree.TreeKem" time="0.0"/>
  <testcase name="a new update path generated by the sender should be successfully processed" classname="com.github.traderjoe95.mls.protocol.tree.TreeKem" time="0.001"/>
  <testcase name="the update path should be parent-hash valid" classname="com.github.traderjoe95.mls.protocol.tree.TreeKem" time="0.0"/>
  <testcase name="the tree hash after merging the update path should be 15788fb7c513b7f3a7ec081fa2777c08378c64b27192b7f1dfe2107bc424fb989ebe47f606c4fa7a9c3a9e28880a3bd06fa02b7c41ba665697caae0f92635bc8" classname="com.github.traderjoe95.mls.protocol.tree.TreeKem" time="0.001"/>
  <testcase name="the decrypted path secret should be 0f9928b76f08872f431d265bef0a58936f3e5fa4f60e9b3829e6421d8d99e060b38a39b543961e3ae74b5d2b647e57c466604c83e0f6bad31ba78e994950c007" classname="com.github.traderjoe95.mls.protocol.tree.TreeKem" time="0.001"/>
  <testcase name="a new update path generated by the sender should be successfully processed" classname="com.github.traderjoe95.mls.protocol.tree.TreeKem" time="0.001"/>
  <testcase name="the update path should be parent-hash valid" classname="com.github.traderjoe95.mls.protocol.tree.TreeKem" time="0.0"/>
  <testcase name="the tree hash after merging the update path should be 15788fb7c513b7f3a7ec081fa2777c08378c64b27192b7f1dfe2107bc424fb989ebe47f606c4fa7a9c3a9e28880a3bd06fa02b7c41ba665697caae0f92635bc8" classname="com.github.traderjoe95.mls.protocol.tree.TreeKem" time="0.0"/>
  <testcase name="the decrypted path secret should be 0f9928b76f08872f431d265bef0a58936f3e5fa4f60e9b3829e6421d8d99e060b38a39b543961e3ae74b5d2b647e57c466604c83e0f6bad31ba78e994950c007" classname="com.github.traderjoe95.mls.protocol.tree.TreeKem" time="0.001"/>
  <testcase name="a new update path generated by the sender should be successfully processed" classname="com.github.traderjoe95.mls.protocol.tree.TreeKem" time="0.001"/>
  <testcase name="the update path should be parent-hash valid" classname="com.github.traderjoe95.mls.protocol.tree.TreeKem" time="0.001"/>
  <testcase name="the tree hash after merging the update path should be 15788fb7c513b7f3a7ec081fa2777c08378c64b27192b7f1dfe2107bc424fb989ebe47f606c4fa7a9c3a9e28880a3bd06fa02b7c41ba665697caae0f92635bc8" classname="com.github.traderjoe95.mls.protocol.tree.TreeKem" time="0.001"/>
  <testcase name="the decrypted path secret should be 0f9928b76f08872f431d265bef0a58936f3e5fa4f60e9b3829e6421d8d99e060b38a39b543961e3ae74b5d2b647e57c466604c83e0f6bad31ba78e994950c007" classname="com.github.traderjoe95.mls.protocol.tree.TreeKem" time="0.001"/>
  <testcase name="a new update path generated by the sender should be successfully processed" classname="com.github.traderjoe95.mls.protocol.tree.TreeKem" time="0.002"/>
  <testcase name="the update path should be parent-hash valid" classname="com.github.traderjoe95.mls.protocol.tree.TreeKem" time="0.0"/>
  <testcase name="the tree hash after merging the update path should be 15788fb7c513b7f3a7ec081fa2777c08378c64b27192b7f1dfe2107bc424fb989ebe47f606c4fa7a9c3a9e28880a3bd06fa02b7c41ba665697caae0f92635bc8" classname="com.github.traderjoe95.mls.protocol.tree.TreeKem" time="0.001"/>
  <testcase name="the decrypted path secret should be 0f9928b76f08872f431d265bef0a58936f3e5fa4f60e9b3829e6421d8d99e060b38a39b543961e3ae74b5d2b647e57c466604c83e0f6bad31ba78e994950c007" classname="com.github.traderjoe95.mls.protocol.tree.TreeKem" time="0.001"/>
  <testcase name="a new update path generated by the sender should be successfully processed" classname="com.github.traderjoe95.mls.protocol.tree.TreeKem" time="0.001"/>
  <testcase name="the update path should be parent-hash valid" classname="com.github.traderjoe95.mls.protocol.tree.TreeKem" time="0.0"/>
  <testcase name="the tree hash after merging the update path should be 15788fb7c513b7f3a7ec081fa2777c08378c64b27192b7f1dfe2107bc424fb989ebe47f606c4fa7a9c3a9e28880a3bd06fa02b7c41ba665697caae0f92635bc8" classname="com.github.traderjoe95.mls.protocol.tree.TreeKem" time="0.0"/>
  <testcase name="the decrypted path secret should be 8c1632924e511e57980b25c5c8a472d1582ee4842472f17ea17e4258634229374b9de0bb9ba0abd8887334ef5726dbf65f5e242450eb6bf599fcd27e674820fa" classname="com.github.traderjoe95.mls.protocol.tree.TreeKem" time="0.001"/>
  <testcase name="a new update path generated by the sender should be successfully processed" classname="com.github.traderjoe95.mls.protocol.tree.TreeKem" time="0.002"/>
  <testcase name="the update path should be parent-hash valid" classname="com.github.traderjoe95.mls.protocol.tree.TreeKem" time="0.0"/>
  <testcase name="the tree hash after merging the update path should be 15788fb7c513b7f3a7ec081fa2777c08378c64b27192b7f1dfe2107bc424fb989ebe47f606c4fa7a9c3a9e28880a3bd06fa02b7c41ba665697caae0f92635bc8" classname="com.github.traderjoe95.mls.protocol.tree.TreeKem" time="0.001"/>
  <testcase name="the decrypted path secret should be c44c6ac9bfc8519fcb2dff4b4cf337426a9107864a07d9433a6c6310868e950b4d652266f8042271533c8b114791a656fe52f6f0fbf4410859c46b322903085c" classname="com.github.traderjoe95.mls.protocol.tree.TreeKem" time="0.001"/>
  <testcase name="a new update path generated by the sender should be successfully processed" classname="com.github.traderjoe95.mls.protocol.tree.TreeKem" time="0.001"/>
  <testcase name="the update path should be parent-hash valid" classname="com.github.traderjoe95.mls.protocol.tree.TreeKem" time="0.0"/>
  <testcase name="the tree hash after merging the update path should be 8f77e72235bfeb97b8d847d601bae8be5421bbea10e8b968400cccf7923efb76a9fcb186f08f19064fc7455407e93e420592333c6d39b662d1a5aaf46aaaaed8" classname="com.github.traderjoe95.mls.protocol.tree.TreeKem" time="0.0"/>
  <testcase name="the decrypted path secret should be cfb018785cc5b51ab349baacb3a91f1e4c48e30e64a88954c3127d140ef32d1855973b3a81bf88db4ff7a8b3c2a28f068fdc7d3307999ad7ebe724bd69c40956" classname="com.github.traderjoe95.mls.protocol.tree.TreeKem" time="0.0"/>
  <testcase name="a new update path generated by the sender should be successfully processed" classname="com.github.traderjoe95.mls.protocol.tree.TreeKem" time="0.001"/>
  <testcase name="the update path should be parent-hash valid" classname="com.github.traderjoe95.mls.protocol.tree.TreeKem" time="0.0"/>
  <testcase name="the tree hash after merging the update path should be 8f77e72235bfeb97b8d847d601bae8be5421bbea10e8b968400cccf7923efb76a9fcb186f08f19064fc7455407e93e420592333c6d39b662d1a5aaf46aaaaed8" classname="com.github.traderjoe95.mls.protocol.tree.TreeKem" time="0.0"/>
  <testcase name="the decrypted path secret should be cfb018785cc5b51ab349baacb3a91f1e4c48e30e64a88954c3127d140ef32d1855973b3a81bf88db4ff7a8b3c2a28f068fdc7d3307999ad7ebe724bd69c40956" classname="com.github.traderjoe95.mls.protocol.tree.TreeKem" time="0.001"/>
  <testcase name="a new update path generated by the sender should be successfully processed" classname="com.github.traderjoe95.mls.protocol.tree.TreeKem" time="0.001"/>
  <testcase name="the update path should be parent-hash valid" classname="com.github.traderjoe95.mls.protocol.tree.TreeKem" time="0.001"/>
  <testcase name="the tree hash after merging the update path should be 8f77e72235bfeb97b8d847d601bae8be5421bbea10e8b968400cccf7923efb76a9fcb186f08f19064fc7455407e93e420592333c6d39b662d1a5aaf46aaaaed8" classname="com.github.traderjoe95.mls.protocol.tree.TreeKem" time="0.0"/>
  <testcase name="the decrypted path secret should be cfb018785cc5b51ab349baacb3a91f1e4c48e30e64a88954c3127d140ef32d1855973b3a81bf88db4ff7a8b3c2a28f068fdc7d3307999ad7ebe724bd69c40956" classname="com.github.traderjoe95.mls.protocol.tree.TreeKem" time="0.001"/>
  <testcase name="a new update path generated by the sender should be successfully processed" classname="com.github.traderjoe95.mls.protocol.tree.TreeKem" time="0.001"/>
  <testcase name="the update path should be parent-hash valid" classname="com.github.traderjoe95.mls.protocol.tree.TreeKem" time="0.001"/>
  <testcase name="the tree hash after merging the update path should be 8f77e72235bfeb97b8d847d601bae8be5421bbea10e8b968400cccf7923efb76a9fcb186f08f19064fc7455407e93e420592333c6d39b662d1a5aaf46aaaaed8" classname="com.github.traderjoe95.mls.protocol.tree.TreeKem" time="0.0"/>
  <testcase name="the decrypted path secret should be cfb018785cc5b51ab349baacb3a91f1e4c48e30e64a88954c3127d140ef32d1855973b3a81bf88db4ff7a8b3c2a28f068fdc7d3307999ad7ebe724bd69c40956" classname="com.github.traderjoe95.mls.protocol.tree.TreeKem" time="0.001"/>
  <testcase name="a new update path generated by the sender should be successfully processed" classname="com.github.traderjoe95.mls.protocol.tree.TreeKem" time="0.001"/>
  <testcase name="the update path should be parent-hash valid" classname="com.github.traderjoe95.mls.protocol.tree.TreeKem" time="0.0"/>
  <testcase name="the tree hash after merging the update path should be 8f77e72235bfeb97b8d847d601bae8be5421bbea10e8b968400cccf7923efb76a9fcb186f08f19064fc7455407e93e420592333c6d39b662d1a5aaf46aaaaed8" classname="com.github.traderjoe95.mls.protocol.tree.TreeKem" time="0.0"/>
  <testcase name="the decrypted path secret should be 4e9c8167ba1df96d29274476e8ba0a1b8b6dd8ca919cb2386687c779aee45e0e3538f7adb97fb995358b3f2e7932be28c7c0d496080a9c9664c4adc07102535d" classname="com.github.traderjoe95.mls.protocol.tree.TreeKem" time="0.001"/>
  <testcase name="a new update path generated by the sender should be successfully processed" classname="com.github.traderjoe95.mls.protocol.tree.TreeKem" time="0.001"/>
  <testcase name="the update path should be parent-hash valid" classname="com.github.traderjoe95.mls.protocol.tree.TreeKem" time="0.0"/>
  <testcase name="the tree hash after merging the update path should be 8f77e72235bfeb97b8d847d601bae8be5421bbea10e8b968400cccf7923efb76a9fcb186f08f19064fc7455407e93e420592333c6d39b662d1a5aaf46aaaaed8" classname="com.github.traderjoe95.mls.protocol.tree.TreeKem" time="0.0"/>
  <testcase name="the decrypted path secret should be 79f56f5dbe6e09b537bfa215e50c4d8c94f05ad79472a68063e57f12b9bd2a5a6c16c5759a7fa296358821aa2412533fc7f5675db01bfbb42540920ea9f810ea" classname="com.github.traderjoe95.mls.protocol.tree.TreeKem" time="0.001"/>
  <testcase name="a new update path generated by the sender should be successfully processed" classname="com.github.traderjoe95.mls.protocol.tree.TreeKem" time="0.001"/>
  <testcase name="the update path should be parent-hash valid" classname="com.github.traderjoe95.mls.protocol.tree.TreeKem" time="0.0"/>
  <testcase name="the tree hash after merging the update path should be a6630e68fa87fb18eda57293f1c99790356b158d6f3cb1466eada85c50124e2855fdc5ba1635e7cc3ae822e06f2b54e9cf5a79f77f4954fd71edb77b74925051" classname="com.github.traderjoe95.mls.protocol.tree.TreeKem" time="0.001"/>
  <testcase name="the decrypted path secret should be 75308d58a68b9a535c05ffedfaf1ee561ae77a4bbe13fd8e88bfb0473d9efecdafea5976f3687b29bad571cd356aaa219b384b61632f235e75fe82760b775b0f" classname="com.github.traderjoe95.mls.protocol.tree.TreeKem" time="0.001"/>
  <testcase name="a new update path generated by the sender should be successfully processed" classname="com.github.traderjoe95.mls.protocol.tree.TreeKem" time="0.001"/>
  <testcase name="the update path should be parent-hash valid" classname="com.github.traderjoe95.mls.protocol.tree.TreeKem" time="0.0"/>
  <testcase name="the tree hash after merging the update path should be a6630e68fa87fb18eda57293f1c99790356b158d6f3cb1466eada85c50124e2855fdc5ba1635e7cc3ae822e06f2b54e9cf5a79f77f4954fd71edb77b74925051" classname="com.github.traderjoe95.mls.protocol.tree.TreeKem" time="0.0"/>
  <testcase name="the decrypted path secret should be 75308d58a68b9a535c05ffedfaf1ee561ae77a4bbe13fd8e88bfb0473d9efecdafea5976f3687b29bad571cd356aaa219b384b61632f235e75fe82760b775b0f" classname="com.github.traderjoe95.mls.protocol.tree.TreeKem" time="0.001"/>
  <testcase name="a new update path generated by the sender should be successfully processed" classname="com.github.traderjoe95.mls.protocol.tree.TreeKem" time="0.001"/>
  <testcase name="the update path should be parent-hash valid" classname="com.github.traderjoe95.mls.protocol.tree.TreeKem" time="0.0"/>
  <testcase name="the tree hash after merging the update path should be a6630e68fa87fb18eda57293f1c99790356b158d6f3cb1466eada85c50124e2855fdc5ba1635e7cc3ae822e06f2b54e9cf5a79f77f4954fd71edb77b74925051" classname="com.github.traderjoe95.mls.protocol.tree.TreeKem" time="0.0"/>
  <testcase name="the decrypted path secret should be 75308d58a68b9a535c05ffedfaf1ee561ae77a4bbe13fd8e88bfb0473d9efecdafea5976f3687b29bad571cd356aaa219b384b61632f235e75fe82760b775b0f" classname="com.github.traderjoe95.mls.protocol.tree.TreeKem" time="0.001"/>
  <testcase name="a new update path generated by the sender should be successfully processed" classname="com.github.traderjoe95.mls.protocol.tree.TreeKem" time="0.002"/>
  <testcase name="the update path should be parent-hash valid" classname="com.github.traderjoe95.mls.protocol.tree.TreeKem" time="0.0"/>
  <testcase name="the tree hash after merging the update path should be a6630e68fa87fb18eda57293f1c99790356b158d6f3cb1466eada85c50124e2855fdc5ba1635e7cc3ae822e06f2b54e9cf5a79f77f4954fd71edb77b74925051" classname="com.github.traderjoe95.mls.protocol.tree.TreeKem" time="0.001"/>
  <testcase name="the decrypted path secret should be 75308d58a68b9a535c05ffedfaf1ee561ae77a4bbe13fd8e88bfb0473d9efecdafea5976f3687b29bad571cd356aaa219b384b61632f235e75fe82760b775b0f" classname="com.github.traderjoe95.mls.protocol.tree.TreeKem" time="0.001"/>
  <testcase name="a new update path generated by the sender should be successfully processed" classname="com.github.traderjoe95.mls.protocol.tree.TreeKem" time="0.001"/>
  <testcase name="the update path should be parent-hash valid" classname="com.github.traderjoe95.mls.protocol.tree.TreeKem" time="0.0"/>
  <testcase name="the tree hash after merging the update path should be a6630e68fa87fb18eda57293f1c99790356b158d6f3cb1466eada85c50124e2855fdc5ba1635e7cc3ae822e06f2b54e9cf5a79f77f4954fd71edb77b74925051" classname="com.github.traderjoe95.mls.protocol.tree.TreeKem" time="0.0"/>
  <testcase name="the decrypted path secret should be 8aa3aeb07eb163f95c8e8479c801bab3cf4bb405b5bf3b02a7a860145ec0ba35d20eb2849edf5d4fd97989803412aae75e504b14161f49e8503912b5b794fdf0" classname="com.github.traderjoe95.mls.protocol.tree.TreeKem" time="0.0"/>
  <testcase name="a new update path generated by the sender should be successfully processed" classname="com.github.traderjoe95.mls.protocol.tree.TreeKem" time="0.001"/>
  <testcase name="the update path should be parent-hash valid" classname="com.github.traderjoe95.mls.protocol.tree.TreeKem" time="0.0"/>
  <testcase name="the tree hash after merging the update path should be a6630e68fa87fb18eda57293f1c99790356b158d6f3cb1466eada85c50124e2855fdc5ba1635e7cc3ae822e06f2b54e9cf5a79f77f4954fd71edb77b74925051" classname="com.github.traderjoe95.mls.protocol.tree.TreeKem" time="0.0"/>
  <testcase name="the decrypted path secret should be 8aa3aeb07eb163f95c8e8479c801bab3cf4bb405b5bf3b02a7a860145ec0ba35d20eb2849edf5d4fd97989803412aae75e504b14161f49e8503912b5b794fdf0" classname="com.github.traderjoe95.mls.protocol.tree.TreeKem" time="0.0"/>
  <testcase name="a new update path generated by the sender should be successfully processed" classname="com.github.traderjoe95.mls.protocol.tree.TreeKem" time="0.001"/>
  <testcase name="non-blank leaf 0 should be consistent with the public state" classname="com.github.traderjoe95.mls.protocol.tree.TreeKem" time="0.005"/>
  <testcase name="non-blank leaf 1 should be consistent with the public state" classname="com.github.traderjoe95.mls.protocol.tree.TreeKem" time="0.005"/>
  <testcase name="the update path should be parent-hash valid" classname="com.github.traderjoe95.mls.protocol.tree.TreeKem" time="0.0"/>
  <testcase name="the tree hash after merging the update path should be bae0c1c8b6d110c74612b14c4af5b0bdf9c48692ba54961ebd23a717b0f13a701f0dd878ad308dc15ef7d4c19685fb4abe11a4139ec45f828fb2dc088cc547a2" classname="com.github.traderjoe95.mls.protocol.tree.TreeKem" time="0.0"/>
  <testcase name="the decrypted path secret should be 1d25243acaf5958a18425b4ccc898679204631170b2131353e00ac14f0179b238122c7180ab99d6a6dfd1bb685c6cb9c4a1894b0534b4d0c52fcb1c3ad678148" classname="com.github.traderjoe95.mls.protocol.tree.TreeKem" time="0.003"/>
  <testcase name="a new update path generated by the sender should be successfully processed" classname="com.github.traderjoe95.mls.protocol.tree.TreeKem" time="0.003"/>
  <testcase name="the update path should be parent-hash valid" classname="com.github.traderjoe95.mls.protocol.tree.TreeKem" time="0.0"/>
  <testcase name="the tree hash after merging the update path should be f07d34b6112fd5974a527e0eea900bac69f2303bb9a48542b5142765e0d69bc6b7757dac6b8ef7f286ac37515f721771d0e11d6f559b4b51042e76cf0449fe79" classname="com.github.traderjoe95.mls.protocol.tree.TreeKem" time="0.0"/>
  <testcase name="the decrypted path secret should be 02931f37396f7bcbf323e97782accf082cb746c17c3743976837848b01e28b85ec6657d80f4f593671b7b1496043e2b64e5b8440158eaab8b7541d62ecb6bcef" classname="com.github.traderjoe95.mls.protocol.tree.TreeKem" time="0.003"/>
  <testcase name="a new update path generated by the sender should be successfully processed" classname="com.github.traderjoe95.mls.protocol.tree.TreeKem" time="0.003"/>
  <testcase name="non-blank leaf 0 should be consistent with the public state" classname="com.github.traderjoe95.mls.protocol.tree.TreeKem" time="0.008"/>
  <testcase name="non-blank leaf 1 should be consistent with the public state" classname="com.github.traderjoe95.mls.protocol.tree.TreeKem" time="0.014"/>
  <testcase name="non-blank leaf 2 should be consistent with the public state" classname="com.github.traderjoe95.mls.protocol.tree.TreeKem" time="0.005"/>
  <testcase name="the update path should be parent-hash valid" classname="com.github.traderjoe95.mls.protocol.tree.TreeKem" time="0.0"/>
  <testcase name="the tree hash after merging the update path should be 553a1d66b3d744b95903997d893ad2f87449de48f47ae18e4e1eed0a1c803cd10d67a003577bf94dae1f03c3e853595935d342199992e1c7577299d272c1d7c6" classname="com.github.traderjoe95.mls.protocol.tree.TreeKem" time="0.0"/>
  <testcase name="the decrypted path secret should be 1d25243acaf5958a18425b4ccc898679204631170b2131353e00ac14f0179b238122c7180ab99d6a6dfd1bb685c6cb9c4a1894b0534b4d0c52fcb1c3ad678148" classname="com.github.traderjoe95.mls.protocol.tree.TreeKem" time="0.004"/>
  <testcase name="a new update path generated by the sender should be successfully processed" classname="com.github.traderjoe95.mls.protocol.tree.TreeKem" time="0.004"/>
  <testcase name="the update path should be parent-hash valid" classname="com.github.traderjoe95.mls.protocol.tree.TreeKem" time="0.0"/>
  <testcase name="the tree hash after merging the update path should be 553a1d66b3d744b95903997d893ad2f87449de48f47ae18e4e1eed0a1c803cd10d67a003577bf94dae1f03c3e853595935d342199992e1c7577299d272c1d7c6" classname="com.github.traderjoe95.mls.protocol.tree.TreeKem" time="0.0"/>
  <testcase name="the decrypted path secret should be 34c26ec513691ca0b1e11c786d7f02cf7f837aa11c61d2adbd021328599c2b8a41981458678729724cc2ea86b6da1a7a603b6bdcffc02e2c79a8ff8336b7d71d" classname="com.github.traderjoe95.mls.protocol.tree.TreeKem" time="0.004"/>
  <testcase name="a new update path generated by the sender should be successfully processed" classname="com.github.traderjoe95.mls.protocol.tree.TreeKem" time="0.004"/>
  <testcase name="the update path should be parent-hash valid" classname="com.github.traderjoe95.mls.protocol.tree.TreeKem" time="0.0"/>
  <testcase name="the tree hash after merging the update path should be 861ccdd2329c993e4cc9a1a90d2faf7f687149cf5f8f36959b470cd05b8be4b26408c2305adfa2a91bc795622f99eb47899ed2844f24be999c2188d5c6b25aa2" classname="com.github.traderjoe95.mls.protocol.tree.TreeKem" time="0.0"/>
  <testcase name="the decrypted path secret should be 02931f37396f7bcbf323e97782accf082cb746c17c3743976837848b01e28b85ec6657d80f4f593671b7b1496043e2b64e5b8440158eaab8b7541d62ecb6bcef" classname="com.github.traderjoe95.mls.protocol.tree.TreeKem" time="0.003"/>
  <testcase name="a new update path generated by the sender should be successfully processed" classname="com.github.traderjoe95.mls.protocol.tree.TreeKem" time="0.003"/>
  <testcase name="the update path should be parent-hash valid" classname="com.github.traderjoe95.mls.protocol.tree.TreeKem" time="0.0"/>
  <testcase name="the tree hash after merging the update path should be 861ccdd2329c993e4cc9a1a90d2faf7f687149cf5f8f36959b470cd05b8be4b26408c2305adfa2a91bc795622f99eb47899ed2844f24be999c2188d5c6b25aa2" classname="com.github.traderjoe95.mls.protocol.tree.TreeKem" time="0.0"/>
  <testcase name="the decrypted path secret should be 22642e10b2195d9ae2e6125a04a43a4b3baddb83f8cd4fb1a94c5086cdbaa871467d93714b98421f9c2438814a16fd09625ac1aeafba96854f431ed3f9b46985" classname="com.github.traderjoe95.mls.protocol.tree.TreeKem" time="0.003"/>
  <testcase name="a new update path generated by the sender should be successfully processed" classname="com.github.traderjoe95.mls.protocol.tree.TreeKem" time="0.004"/>
  <testcase name="the update path should be parent-hash valid" classname="com.github.traderjoe95.mls.protocol.tree.TreeKem" time="0.0"/>
  <testcase name="the tree hash after merging the update path should be d3d6160a3a58b5533d3e49c489619025464a8321f383a9c396f333c6381bbc18f9b15d9cb43a984a9aa93a8df6cb8f77b91dd5d6074c6b0d484d78ffedf378fb" classname="com.github.traderjoe95.mls.protocol.tree.TreeKem" time="0.0"/>
  <testcase name="the decrypted path secret should be 78ad8bc01d9cdba1c80d2ba9be70e07d936e1270be27e1f004d9edb4d8033077d8c567c6a0d25c140a2797a8aa2d2e821b0f78354c701908dc37a112bfcd6b86" classname="com.github.traderjoe95.mls.protocol.tree.TreeKem" time="0.003"/>
  <testcase name="a new update path generated by the sender should be successfully processed" classname="com.github.traderjoe95.mls.protocol.tree.TreeKem" time="0.003"/>
  <testcase name="the update path should be parent-hash valid" classname="com.github.traderjoe95.mls.protocol.tree.TreeKem" time="0.0"/>
  <testcase name="the tree hash after merging the update path should be d3d6160a3a58b5533d3e49c489619025464a8321f383a9c396f333c6381bbc18f9b15d9cb43a984a9aa93a8df6cb8f77b91dd5d6074c6b0d484d78ffedf378fb" classname="com.github.traderjoe95.mls.protocol.tree.TreeKem" time="0.0"/>
  <testcase name="the decrypted path secret should be 78ad8bc01d9cdba1c80d2ba9be70e07d936e1270be27e1f004d9edb4d8033077d8c567c6a0d25c140a2797a8aa2d2e821b0f78354c701908dc37a112bfcd6b86" classname="com.github.traderjoe95.mls.protocol.tree.TreeKem" time="0.003"/>
  <testcase name="a new update path generated by the sender should be successfully processed" classname="com.github.traderjoe95.mls.protocol.tree.TreeKem" time="0.004"/>
  <testcase name="non-blank leaf 0 should be consistent with the public state" classname="com.github.traderjoe95.mls.protocol.tree.TreeKem" time="0.008"/>
  <testcase name="non-blank leaf 1 should be consistent with the public state" classname="com.github.traderjoe95.mls.protocol.tree.TreeKem" time="0.008"/>
  <testcase name="non-blank leaf 2 should be consistent with the public state" classname="com.github.traderjoe95.mls.protocol.tree.TreeKem" time="0.008"/>
  <testcase name="non-blank leaf 3 should be consistent with the public state" classname="com.github.traderjoe95.mls.protocol.tree.TreeKem" time="0.007"/>
  <testcase name="the update path should be parent-hash valid" classname="com.github.traderjoe95.mls.protocol.tree.TreeKem" time="0.001"/>
  <testcase name="the tree hash after merging the update path should be 07a8b78402de1ff0ad248b05a1cb99df518fb52eabf20cb798a90a4422581a848097ced190c3f34f8191f3a66b98b0019581df31b4669a18fa9f99aacc2ee530" classname="com.github.traderjoe95.mls.protocol.tree.TreeKem" time="0.001"/>
  <testcase name="the decrypted path secret should be 1d25243acaf5958a18425b4ccc898679204631170b2131353e00ac14f0179b238122c7180ab99d6a6dfd1bb685c6cb9c4a1894b0534b4d0c52fcb1c3ad678148" classname="com.github.traderjoe95.mls.protocol.tree.TreeKem" time="0.004"/>
  <testcase name="a new update path generated by the sender should be successfully processed" classname="com.github.traderjoe95.mls.protocol.tree.TreeKem" time="0.004"/>
  <testcase name="the update path should be parent-hash valid" classname="com.github.traderjoe95.mls.protocol.tree.TreeKem" time="0.0"/>
  <testcase name="the tree hash after merging the update path should be 07a8b78402de1ff0ad248b05a1cb99df518fb52eabf20cb798a90a4422581a848097ced190c3f34f8191f3a66b98b0019581df31b4669a18fa9f99aacc2ee530" classname="com.github.traderjoe95.mls.protocol.tree.TreeKem" time="0.0"/>
  <testcase name="the decrypted path secret should be 34c26ec513691ca0b1e11c786d7f02cf7f837aa11c61d2adbd021328599c2b8a41981458678729724cc2ea86b6da1a7a603b6bdcffc02e2c79a8ff8336b7d71d" classname="com.github.traderjoe95.mls.protocol.tree.TreeKem" time="0.003"/>
  <testcase name="a new update path generated by the sender should be successfully processed" classname="com.github.traderjoe95.mls.protocol.tree.TreeKem" time="0.004"/>
  <testcase name="the update path should be parent-hash valid" classname="com.github.traderjoe95.mls.protocol.tree.TreeKem" time="0.0"/>
  <testcase name="the tree hash after merging the update path should be 07a8b78402de1ff0ad248b05a1cb99df518fb52eabf20cb798a90a4422581a848097ced190c3f34f8191f3a66b98b0019581df31b4669a18fa9f99aacc2ee530" classname="com.github.traderjoe95.mls.protocol.tree.TreeKem" time="0.0"/>
  <testcase name="the decrypted path secret should be 34c26ec513691ca0b1e11c786d7f02cf7f837aa11c61d2adbd021328599c2b8a41981458678729724cc2ea86b6da1a7a603b6bdcffc02e2c79a8ff8336b7d71d" classname="com.github.traderjoe95.mls.protocol.tree.TreeKem" time="0.003"/>
  <testcase name="a new update path generated by the sender should be successfully processed" classname="com.github.traderjoe95.mls.protocol.tree.TreeKem" time="0.003"/>
  <testcase name="the update path should be parent-hash valid" classname="com.github.traderjoe95.mls.protocol.tree.TreeKem" time="0.0"/>
  <testcase name="the tree hash after merging the update path should be 219e1419b2d1e795672db50dd59e638df83eb2122d3efd2733732787f5d449452c9335597151ceb92d406aa54feed6fb9d6a5402ffdc972040d77ccd724f412a" classname="com.github.traderjoe95.mls.protocol.tree.TreeKem" time="0.0"/>
  <testcase name="the decrypted path secret should be 02931f37396f7bcbf323e97782accf082cb746c17c3743976837848b01e28b85ec6657d80f4f593671b7b1496043e2b64e5b8440158eaab8b7541d62ecb6bcef" classname="com.github.traderjoe95.mls.protocol.tree.TreeKem" time="0.004"/>
  <testcase name="a new update path generated by the sender should be successfully processed" classname="com.github.traderjoe95.mls.protocol.tree.TreeKem" time="0.006"/>
  <testcase name="the update path should be parent-hash valid" classname="com.github.traderjoe95.mls.protocol.tree.TreeKem" time="0.0"/>
  <testcase name="the tree hash after merging the update path should be 219e1419b2d1e795672db50dd59e638df83eb2122d3efd2733732787f5d449452c9335597151ceb92d406aa54feed6fb9d6a5402ffdc972040d77ccd724f412a" classname="com.github.traderjoe95.mls.protocol.tree.TreeKem" time="0.0"/>
  <testcase name="the decrypted path secret should be 22642e10b2195d9ae2e6125a04a43a4b3baddb83f8cd4fb1a94c5086cdbaa871467d93714b98421f9c2438814a16fd09625ac1aeafba96854f431ed3f9b46985" classname="com.github.traderjoe95.mls.protocol.tree.TreeKem" time="0.005"/>
  <testcase name="a new update path generated by the sender should be successfully processed" classname="com.github.traderjoe95.mls.protocol.tree.TreeKem" time="0.006"/>
  <testcase name="the update path should be parent-hash valid" classname="com.github.traderjoe95.mls.protocol.tree.TreeKem" time="0.0"/>
  <testcase name="the tree hash after merging the update path should be 219e1419b2d1e795672db50dd59e638df83eb2122d3efd2733732787f5d449452c9335597151ceb92d406aa54feed6fb9d6a5402ffdc972040d77ccd724f412a" classname="com.github.traderjoe95.mls.protocol.tree.TreeKem" time="0.001"/>
  <testcase name="the decrypted path secret should be 22642e10b2195d9ae2e6125a04a43a4b3baddb83f8cd4fb1a94c5086cdbaa871467d93714b98421f9c2438814a16fd09625ac1aeafba96854f431ed3f9b46985" classname="com.github.traderjoe95.mls.protocol.tree.TreeKem" time="0.005"/>
  <testcase name="a new update path generated by the sender should be successfully processed" classname="com.github.traderjoe95.mls.protocol.tree.TreeKem" time="0.003"/>
  <testcase name="the update path should be parent-hash valid" classname="com.github.traderjoe95.mls.protocol.tree.TreeKem" time="0.001"/>
  <testcase name="the tree hash after merging the update path should be 66fefe287e2f2bccf819588b1cd775e791c0d97184a729c0c7063148adb9bce18cb169cbc967a97df67970244fc9b80a45325054535a44c8da0aea2cf3bad50d" classname="com.github.traderjoe95.mls.protocol.tree.TreeKem" time="0.0"/>
  <testcase name="the decrypted path secret should be f991086111f752406ced96a6ce137dc30bc6c85e458a30520db5dd098051e1edd7228456b492c43861964fa4b57793a546cd5668e4ea031fbc307ab2fdf22523" classname="com.github.traderjoe95.mls.protocol.tree.TreeKem" time="0.004"/>
  <testcase name="a new update path generated by the sender should be successfully processed" classname="com.github.traderjoe95.mls.protocol.tree.TreeKem" time="0.005"/>
  <testcase name="the update path should be parent-hash valid" classname="com.github.traderjoe95.mls.protocol.tree.TreeKem" time="0.0"/>
  <testcase name="the tree hash after merging the update path should be 66fefe287e2f2bccf819588b1cd775e791c0d97184a729c0c7063148adb9bce18cb169cbc967a97df67970244fc9b80a45325054535a44c8da0aea2cf3bad50d" classname="com.github.traderjoe95.mls.protocol.tree.TreeKem" time="0.001"/>
  <testcase name="the decrypted path secret should be f991086111f752406ced96a6ce137dc30bc6c85e458a30520db5dd098051e1edd7228456b492c43861964fa4b57793a546cd5668e4ea031fbc307ab2fdf22523" classname="com.github.traderjoe95.mls.protocol.tree.TreeKem" time="0.004"/>
  <testcase name="a new update path generated by the sender should be successfully processed" classname="com.github.traderjoe95.mls.protocol.tree.TreeKem" time="0.004"/>
  <testcase name="the update path should be parent-hash valid" classname="com.github.traderjoe95.mls.protocol.tree.TreeKem" time="0.0"/>
  <testcase name="the tree hash after merging the update path should be 66fefe287e2f2bccf819588b1cd775e791c0d97184a729c0c7063148adb9bce18cb169cbc967a97df67970244fc9b80a45325054535a44c8da0aea2cf3bad50d" classname="com.github.traderjoe95.mls.protocol.tree.TreeKem" time="0.0"/>
  <testcase name="the decrypted path secret should be 78ad8bc01d9cdba1c80d2ba9be70e07d936e1270be27e1f004d9edb4d8033077d8c567c6a0d25c140a2797a8aa2d2e821b0f78354c701908dc37a112bfcd6b86" classname="com.github.traderjoe95.mls.protocol.tree.TreeKem" time="0.003"/>
  <testcase name="a new update path generated by the sender should be successfully processed" classname="com.github.traderjoe95.mls.protocol.tree.TreeKem" time="0.003"/>
  <testcase name="the update path should be parent-hash valid" classname="com.github.traderjoe95.mls.protocol.tree.TreeKem" time="0.0"/>
  <testcase name="the tree hash after merging the update path should be 72eca76ea926f57324f58217c8d19268e55bd5a4178ef78cb6aae1d40026f1f719f923d8e6f914873f46859b0bf9920941900db88ef2c9f4540991aaf7172f34" classname="com.github.traderjoe95.mls.protocol.tree.TreeKem" time="0.001"/>
  <testcase name="the decrypted path secret should be deaaa15e8690b3cc31c9baf0c873d57ff87a1805759902112286237d43ae8e9150265f0af6febc3f9998f09681d4c8c0132f919dc9279fe52a8bd041d17a42d9" classname="com.github.traderjoe95.mls.protocol.tree.TreeKem" time="0.004"/>
  <testcase name="a new update path generated by the sender should be successfully processed" classname="com.github.traderjoe95.mls.protocol.tree.TreeKem" time="0.004"/>
  <testcase name="the update path should be parent-hash valid" classname="com.github.traderjoe95.mls.protocol.tree.TreeKem" time="0.0"/>
  <testcase name="the tree hash after merging the update path should be 72eca76ea926f57324f58217c8d19268e55bd5a4178ef78cb6aae1d40026f1f719f923d8e6f914873f46859b0bf9920941900db88ef2c9f4540991aaf7172f34" classname="com.github.traderjoe95.mls.protocol.tree.TreeKem" time="0.0"/>
  <testcase name="the decrypted path secret should be deaaa15e8690b3cc31c9baf0c873d57ff87a1805759902112286237d43ae8e9150265f0af6febc3f9998f09681d4c8c0132f919dc9279fe52a8bd041d17a42d9" classname="com.github.traderjoe95.mls.protocol.tree.TreeKem" time="0.004"/>
  <testcase name="a new update path generated by the sender should be successfully processed" classname="com.github.traderjoe95.mls.protocol.tree.TreeKem" time="0.004"/>
  <testcase name="the update path should be parent-hash valid" classname="com.github.traderjoe95.mls.protocol.tree.TreeKem" time="0.001"/>
  <testcase name="the tree hash after merging the update path should be 72eca76ea926f57324f58217c8d19268e55bd5a4178ef78cb6aae1d40026f1f719f923d8e6f914873f46859b0bf9920941900db88ef2c9f4540991aaf7172f34" classname="com.github.traderjoe95.mls.protocol.tree.TreeKem" time="0.0"/>
  <testcase name="the decrypted path secret should be ea3c4e2b6ecb5436bd18006439b20711894b1a8f81b102cd7a4e7fd49dd00301684ef241b5f4983288015e610ed488da529ae65dbdab7b64006a13dac8c2b83c" classname="com.github.traderjoe95.mls.protocol.tree.TreeKem" time="0.003"/>
  <testcase name="a new update path generated by the sender should be successfully processed" classname="com.github.traderjoe95.mls.protocol.tree.TreeKem" time="0.004"/>
  <testcase name="non-blank leaf 0 should be consistent with the public state" classname="com.github.traderjoe95.mls.protocol.tree.TreeKem" time="0.011"/>
  <testcase name="non-blank leaf 1 should be consistent with the public state" classname="com.github.traderjoe95.mls.protocol.tree.TreeKem" time="0.011"/>
  <testcase name="non-blank leaf 2 should be consistent with the public state" classname="com.github.traderjoe95.mls.protocol.tree.TreeKem" time="0.018"/>
  <testcase name="non-blank leaf 3 should be consistent with the public state" classname="com.github.traderjoe95.mls.protocol.tree.TreeKem" time="0.012"/>
  <testcase name="non-blank leaf 4 should be consistent with the public state" classname="com.github.traderjoe95.mls.protocol.tree.TreeKem" time="0.005"/>
  <testcase name="the update path should be parent-hash valid" classname="com.github.traderjoe95.mls.protocol.tree.TreeKem" time="0.0"/>
  <testcase name="the tree hash after merging the update path should be 275824c5bd2a13b0b52ef1c475c8895e024934ac541808e9b206043cdd01868cbb4d35466b6502a007c225014e7117074f2b8052fe47a499f09115a7747d135e" classname="com.github.traderjoe95.mls.protocol.tree.TreeKem" time="0.0"/>
  <testcase name="the decrypted path secret should be 1d25243acaf5958a18425b4ccc898679204631170b2131353e00ac14f0179b238122c7180ab99d6a6dfd1bb685c6cb9c4a1894b0534b4d0c52fcb1c3ad678148" classname="com.github.traderjoe95.mls.protocol.tree.TreeKem" time="0.004"/>
  <testcase name="a new update path generated by the sender should be successfully processed" classname="com.github.traderjoe95.mls.protocol.tree.TreeKem" time="0.004"/>
  <testcase name="the update path should be parent-hash valid" classname="com.github.traderjoe95.mls.protocol.tree.TreeKem" time="0.0"/>
  <testcase name="the tree hash after merging the update path should be 275824c5bd2a13b0b52ef1c475c8895e024934ac541808e9b206043cdd01868cbb4d35466b6502a007c225014e7117074f2b8052fe47a499f09115a7747d135e" classname="com.github.traderjoe95.mls.protocol.tree.TreeKem" time="0.0"/>
  <testcase name="the decrypted path secret should be 34c26ec513691ca0b1e11c786d7f02cf7f837aa11c61d2adbd021328599c2b8a41981458678729724cc2ea86b6da1a7a603b6bdcffc02e2c79a8ff8336b7d71d" classname="com.github.traderjoe95.mls.protocol.tree.TreeKem" time="0.003"/>
  <testcase name="a new update path generated by the sender should be successfully processed" classname="com.github.traderjoe95.mls.protocol.tree.TreeKem" time="0.004"/>
  <testcase name="the update path should be parent-hash valid" classname="com.github.traderjoe95.mls.protocol.tree.TreeKem" time="0.001"/>
  <testcase name="the tree hash after merging the update path should be 275824c5bd2a13b0b52ef1c475c8895e024934ac541808e9b206043cdd01868cbb4d35466b6502a007c225014e7117074f2b8052fe47a499f09115a7747d135e" classname="com.github.traderjoe95.mls.protocol.tree.TreeKem" time="0.001"/>
  <testcase name="the decrypted path secret should be 34c26ec513691ca0b1e11c786d7f02cf7f837aa11c61d2adbd021328599c2b8a41981458678729724cc2ea86b6da1a7a603b6bdcffc02e2c79a8ff8336b7d71d" classname="com.github.traderjoe95.mls.protocol.tree.TreeKem" time="0.004"/>
  <testcase name="a new update path generated by the sender should be successfully processed" classname="com.github.traderjoe95.mls.protocol.tree.TreeKem" time="0.004"/>
  <testcase name="the update path should be parent-hash valid" classname="com.github.traderjoe95.mls.protocol.tree.TreeKem" time="0.0"/>
  <testcase name="the tree hash after merging the update path should be 275824c5bd2a13b0b52ef1c475c8895e024934ac541808e9b206043cdd01868cbb4d35466b6502a007c225014e7117074f2b8052fe47a499f09115a7747d135e" classname="com.github.traderjoe95.mls.protocol.tree.TreeKem" time="0.0"/>
  <testcase name="the decrypted path secret should be 80171ba520013c13a710743e9f58a51cac54e2434f40a5fc35dc71bbd6828281817bc2184bde275f2ce31b07005890cb34920b8e76ffb3912f43eafa4bfd65e8" classname="com.github.traderjoe95.mls.protocol.tree.TreeKem" time="0.004"/>
  <testcase name="a new update path generated by the sender should be successfully processed" classname="com.github.traderjoe95.mls.protocol.tree.TreeKem" time="0.003"/>
  <testcase name="the update path should be parent-hash valid" classname="com.github.traderjoe95.mls.protocol.tree.TreeKem" time="0.001"/>
  <testcase name="the tree hash after merging the update path should be 809d021aed464d497d163f1b510a39f3ce5cbd0050155084f18b83b35c769cc77d82f105de4455d2c33777fbf1e5085dd7b773b82adf0e899dfafffe822a84a7" classname="com.github.traderjoe95.mls.protocol.tree.TreeKem" time="0.0"/>
  <testcase name="the decrypted path secret should be 02931f37396f7bcbf323e97782accf082cb746c17c3743976837848b01e28b85ec6657d80f4f593671b7b1496043e2b64e5b8440158eaab8b7541d62ecb6bcef" classname="com.github.traderjoe95.mls.protocol.tree.TreeKem" time="0.003"/>
  <testcase name="a new update path generated by the sender should be successfully processed" classname="com.github.traderjoe95.mls.protocol.tree.TreeKem" time="0.004"/>
  <testcase name="the update path should be parent-hash valid" classname="com.github.traderjoe95.mls.protocol.tree.TreeKem" time="0.0"/>
  <testcase name="the tree hash after merging the update path should be 809d021aed464d497d163f1b510a39f3ce5cbd0050155084f18b83b35c769cc77d82f105de4455d2c33777fbf1e5085dd7b773b82adf0e899dfafffe822a84a7" classname="com.github.traderjoe95.mls.protocol.tree.TreeKem" time="0.0"/>
  <testcase name="the decrypted path secret should be 22642e10b2195d9ae2e6125a04a43a4b3baddb83f8cd4fb1a94c5086cdbaa871467d93714b98421f9c2438814a16fd09625ac1aeafba96854f431ed3f9b46985" classname="com.github.traderjoe95.mls.protocol.tree.TreeKem" time="0.005"/>
  <testcase name="a new update path generated by the sender should be successfully processed" classname="com.github.traderjoe95.mls.protocol.tree.TreeKem" time="0.004"/>
  <testcase name="the update path should be parent-hash valid" classname="com.github.traderjoe95.mls.protocol.tree.TreeKem" time="0.001"/>
  <testcase name="the tree hash after merging the update path should be 809d021aed464d497d163f1b510a39f3ce5cbd0050155084f18b83b35c769cc77d82f105de4455d2c33777fbf1e5085dd7b773b82adf0e899dfafffe822a84a7" classname="com.github.traderjoe95.mls.protocol.tree.TreeKem" time="0.001"/>
  <testcase name="the decrypted path secret should be 22642e10b2195d9ae2e6125a04a43a4b3baddb83f8cd4fb1a94c5086cdbaa871467d93714b98421f9c2438814a16fd09625ac1aeafba96854f431ed3f9b46985" classname="com.github.traderjoe95.mls.protocol.tree.TreeKem" time="0.004"/>
  <testcase name="a new update path generated by the sender should be successfully processed" classname="com.github.traderjoe95.mls.protocol.tree.TreeKem" time="0.004"/>
  <testcase name="the update path should be parent-hash valid" classname="com.github.traderjoe95.mls.protocol.tree.TreeKem" time="0.001"/>
  <testcase name="the tree hash after merging the update path should be 809d021aed464d497d163f1b510a39f3ce5cbd0050155084f18b83b35c769cc77d82f105de4455d2c33777fbf1e5085dd7b773b82adf0e899dfafffe822a84a7" classname="com.github.traderjoe95.mls.protocol.tree.TreeKem" time="0.001"/>
  <testcase name="the decrypted path secret should be 444c384f152c1d092d3d9c16d3954898b2ac6961e1d710c1a0998d77fab8e570a04e890a39458f57c9a819fc02037e391c32c4b85f01ca6cd3323e795142486a" classname="com.github.traderjoe95.mls.protocol.tree.TreeKem" time="0.004"/>
  <testcase name="a new update path generated by the sender should be successfully processed" classname="com.github.traderjoe95.mls.protocol.tree.TreeKem" time="0.003"/>
  <testcase name="the update path should be parent-hash valid" classname="com.github.traderjoe95.mls.protocol.tree.TreeKem" time="0.001"/>
  <testcase name="the tree hash after merging the update path should be e52ad182080e5651005a1fc83e3599030b2d053daf6f2f9483744ff798a0a3517f222eafc4ed638b91681a6171008eae78bba132c74e20308626ff226063361a" classname="com.github.traderjoe95.mls.protocol.tree.TreeKem" time="0.0"/>
  <testcase name="the decrypted path secret should be f991086111f752406ced96a6ce137dc30bc6c85e458a30520db5dd098051e1edd7228456b492c43861964fa4b57793a546cd5668e4ea031fbc307ab2fdf22523" classname="com.github.traderjoe95.mls.protocol.tree.TreeKem" time="0.003"/>
  <testcase name="a new update path generated by the sender should be successfully processed" classname="com.github.traderjoe95.mls.protocol.tree.TreeKem" time="0.004"/>
  <testcase name="the update path should be parent-hash valid" classname="com.github.traderjoe95.mls.protocol.tree.TreeKem" time="0.0"/>
  <testcase name="the tree hash after merging the update path should be e52ad182080e5651005a1fc83e3599030b2d053daf6f2f9483744ff798a0a3517f222eafc4ed638b91681a6171008eae78bba132c74e20308626ff226063361a" classname="com.github.traderjoe95.mls.protocol.tree.TreeKem" time="0.0"/>
  <testcase name="the decrypted path secret should be f991086111f752406ced96a6ce137dc30bc6c85e458a30520db5dd098051e1edd7228456b492c43861964fa4b57793a546cd5668e4ea031fbc307ab2fdf22523" classname="com.github.traderjoe95.mls.protocol.tree.TreeKem" time="0.004"/>
  <testcase name="a new update path generated by the sender should be successfully processed" classname="com.github.traderjoe95.mls.protocol.tree.TreeKem" time="0.004"/>
  <testcase name="the update path should be parent-hash valid" classname="com.github.traderjoe95.mls.protocol.tree.TreeKem" time="0.0"/>
  <testcase name="the tree hash after merging the update path should be e52ad182080e5651005a1fc83e3599030b2d053daf6f2f9483744ff798a0a3517f222eafc4ed638b91681a6171008eae78bba132c74e20308626ff226063361a" classname="com.github.traderjoe95.mls.protocol.tree.TreeKem" time="0.0"/>
  <testcase name="the decrypted path secret should be 78ad8bc01d9cdba1c80d2ba9be70e07d936e1270be27e1f004d9edb4d8033077d8c567c6a0d25c140a2797a8aa2d2e821b0f78354c701908dc37a112bfcd6b86" classname="com.github.traderjoe95.mls.protocol.tree.TreeKem" time="0.004"/>
  <testcase name="a new update path generated by the sender should be successfully processed" classname="com.github.traderjoe95.mls.protocol.tree.TreeKem" time="0.011"/>
  <testcase name="the update path should be parent-hash valid" classname="com.github.traderjoe95.mls.protocol.tree.TreeKem" time="0.0"/>
  <testcase name="the tree hash after merging the update path should be e52ad182080e5651005a1fc83e3599030b2d053daf6f2f9483744ff798a0a3517f222eafc4ed638b91681a6171008eae78bba132c74e20308626ff226063361a" classname="com.github.traderjoe95.mls.protocol.tree.TreeKem" time="0.0"/>
  <testcase name="the decrypted path secret should be 971bf4bff2e562d56a4714880fdca3d1fdd9514ecd84c818bf32ad7aadbf48e986ffbbf39adbecfac3f8f4f6341bff1f3201e65451c3691f90e617869a4aa7d5" classname="com.github.traderjoe95.mls.protocol.tree.TreeKem" time="0.003"/>
  <testcase name="a new update path generated by the sender should be successfully processed" classname="com.github.traderjoe95.mls.protocol.tree.TreeKem" time="0.003"/>
  <testcase name="the update path should be parent-hash valid" classname="com.github.traderjoe95.mls.protocol.tree.TreeKem" time="0.0"/>
  <testcase name="the tree hash after merging the update path should be cd59c72fd721907b2fc76ea1a33fe6e45ea181dcb505bbe40a2514e5a02daae806fc1b94d261226b99c4837c0871176a7025c79673add54538acb735bd294f7b" classname="com.github.traderjoe95.mls.protocol.tree.TreeKem" time="0.001"/>
  <testcase name="the decrypted path secret should be deaaa15e8690b3cc31c9baf0c873d57ff87a1805759902112286237d43ae8e9150265f0af6febc3f9998f09681d4c8c0132f919dc9279fe52a8bd041d17a42d9" classname="com.github.traderjoe95.mls.protocol.tree.TreeKem" time="0.004"/>
  <testcase name="a new update path generated by the sender should be successfully processed" classname="com.github.traderjoe95.mls.protocol.tree.TreeKem" time="0.004"/>
  <testcase name="the update path should be parent-hash valid" classname="com.github.traderjoe95.mls.protocol.tree.TreeKem" time="0.001"/>
  <testcase name="the tree hash after merging the update path should be cd59c72fd721907b2fc76ea1a33fe6e45ea181dcb505bbe40a2514e5a02daae806fc1b94d261226b99c4837c0871176a7025c79673add54538acb735bd294f7b" classname="com.github.traderjoe95.mls.protocol.tree.TreeKem" time="0.0"/>
  <testcase name="the decrypted path secret should be deaaa15e8690b3cc31c9baf0c873d57ff87a1805759902112286237d43ae8e9150265f0af6febc3f9998f09681d4c8c0132f919dc9279fe52a8bd041d17a42d9" classname="com.github.traderjoe95.mls.protocol.tree.TreeKem" time="0.003"/>
  <testcase name="a new update path generated by the sender should be successfully processed" classname="com.github.traderjoe95.mls.protocol.tree.TreeKem" time="0.003"/>
  <testcase name="the update path should be parent-hash valid" classname="com.github.traderjoe95.mls.protocol.tree.TreeKem" time="0.0"/>
  <testcase name="the tree hash after merging the update path should be cd59c72fd721907b2fc76ea1a33fe6e45ea181dcb505bbe40a2514e5a02daae806fc1b94d261226b99c4837c0871176a7025c79673add54538acb735bd294f7b" classname="com.github.traderjoe95.mls.protocol.tree.TreeKem" time="0.0"/>
  <testcase name="the decrypted path secret should be ea3c4e2b6ecb5436bd18006439b20711894b1a8f81b102cd7a4e7fd49dd00301684ef241b5f4983288015e610ed488da529ae65dbdab7b64006a13dac8c2b83c" classname="com.github.traderjoe95.mls.protocol.tree.TreeKem" time="0.003"/>
  <testcase name="a new update path generated by the sender should be successfully processed" classname="com.github.traderjoe95.mls.protocol.tree.TreeKem" time="0.004"/>
  <testcase name="the update path should be parent-hash valid" classname="com.github.traderjoe95.mls.protocol.tree.TreeKem" time="0.0"/>
  <testcase name="the tree hash after merging the update path should be cd59c72fd721907b2fc76ea1a33fe6e45ea181dcb505bbe40a2514e5a02daae806fc1b94d261226b99c4837c0871176a7025c79673add54538acb735bd294f7b" classname="com.github.traderjoe95.mls.protocol.tree.TreeKem" time="0.0"/>
  <testcase name="the decrypted path secret should be e03f676c22ffcca256d6f3f3a038b672bd5631b03650ec9a2c445ebf9ae546d214f3c1ce9d2feb839107e492e06c501a8c0e98a4e8bb02e8ebb1662391d52d1d" classname="com.github.traderjoe95.mls.protocol.tree.TreeKem" time="0.004"/>
  <testcase name="a new update path generated by the sender should be successfully processed" classname="com.github.traderjoe95.mls.protocol.tree.TreeKem" time="0.004"/>
  <testcase name="the update path should be parent-hash valid" classname="com.github.traderjoe95.mls.protocol.tree.TreeKem" time="0.0"/>
  <testcase name="the tree hash after merging the update path should be 474cca7d07d83964ef024692d8e78b1b621f0c2e705976d9475169c43c976e2b7f2d6e9448d8695b5f85cbc1029e7ae47d58029c41f51c8b1524d430b3e547bd" classname="com.github.traderjoe95.mls.protocol.tree.TreeKem" time="0.001"/>
  <testcase name="the decrypted path secret should be d3eb43026f07ebbdfcbbddbd3f12061be0821e3c3ebd6eaff7fbda97fd639d32c99690e98c5b3c66c02d62a78ce962b21d732f6b6c7cc27590115a2984c4d379" classname="com.github.traderjoe95.mls.protocol.tree.TreeKem" time="0.004"/>
  <testcase name="a new update path generated by the sender should be successfully processed" classname="com.github.traderjoe95.mls.protocol.tree.TreeKem" time="0.004"/>
  <testcase name="the update path should be parent-hash valid" classname="com.github.traderjoe95.mls.protocol.tree.TreeKem" time="0.0"/>
  <testcase name="the tree hash after merging the update path should be 474cca7d07d83964ef024692d8e78b1b621f0c2e705976d9475169c43c976e2b7f2d6e9448d8695b5f85cbc1029e7ae47d58029c41f51c8b1524d430b3e547bd" classname="com.github.traderjoe95.mls.protocol.tree.TreeKem" time="0.001"/>
  <testcase name="the decrypted path secret should be d3eb43026f07ebbdfcbbddbd3f12061be0821e3c3ebd6eaff7fbda97fd639d32c99690e98c5b3c66c02d62a78ce962b21d732f6b6c7cc27590115a2984c4d379" classname="com.github.traderjoe95.mls.protocol.tree.TreeKem" time="0.004"/>
  <testcase name="a new update path generated by the sender should be successfully processed" classname="com.github.traderjoe95.mls.protocol.tree.TreeKem" time="0.004"/>
  <testcase name="the update path should be parent-hash valid" classname="com.github.traderjoe95.mls.protocol.tree.TreeKem" time="0.0"/>
  <testcase name="the tree hash after merging the update path should be 474cca7d07d83964ef024692d8e78b1b621f0c2e705976d9475169c43c976e2b7f2d6e9448d8695b5f85cbc1029e7ae47d58029c41f51c8b1524d430b3e547bd" classname="com.github.traderjoe95.mls.protocol.tree.TreeKem" time="0.0"/>
  <testcase name="the decrypted path secret should be d3eb43026f07ebbdfcbbddbd3f12061be0821e3c3ebd6eaff7fbda97fd639d32c99690e98c5b3c66c02d62a78ce962b21d732f6b6c7cc27590115a2984c4d379" classname="com.github.traderjoe95.mls.protocol.tree.TreeKem" time="0.004"/>
  <testcase name="a new update path generated by the sender should be successfully processed" classname="com.github.traderjoe95.mls.protocol.tree.TreeKem" time="0.004"/>
  <testcase name="the update path should be parent-hash valid" classname="com.github.traderjoe95.mls.protocol.tree.TreeKem" time="0.001"/>
  <testcase name="the tree hash after merging the update path should be 474cca7d07d83964ef024692d8e78b1b621f0c2e705976d9475169c43c976e2b7f2d6e9448d8695b5f85cbc1029e7ae47d58029c41f51c8b1524d430b3e547bd" classname="com.github.traderjoe95.mls.protocol.tree.TreeKem" time="0.001"/>
  <testcase name="the decrypted path secret should be d3eb43026f07ebbdfcbbddbd3f12061be0821e3c3ebd6eaff7fbda97fd639d32c99690e98c5b3c66c02d62a78ce962b21d732f6b6c7cc27590115a2984c4d379" classname="com.github.traderjoe95.mls.protocol.tree.TreeKem" time="0.004"/>
  <testcase name="a new update path generated by the sender should be successfully processed" classname="com.github.traderjoe95.mls.protocol.tree.TreeKem" time="0.004"/>
  <testcase name="non-blank leaf 0 should be consistent with the public state" classname="com.github.traderjoe95.mls.protocol.tree.TreeKem" time="0.01"/>
  <testcase name="non-blank leaf 1 should be consistent with the public state" classname="com.github.traderjoe95.mls.protocol.tree.TreeKem" time="0.01"/>
  <testcase name="non-blank leaf 2 should be consistent with the public state" classname="com.github.traderjoe95.mls.protocol.tree.TreeKem" time="0.01"/>
  <testcase name="non-blank leaf 3 should be consistent with the public state" classname="com.github.traderjoe95.mls.protocol.tree.TreeKem" time="0.011"/>
  <testcase name="non-blank leaf 4 should be consistent with the public state" classname="com.github.traderjoe95.mls.protocol.tree.TreeKem" time="0.014"/>
  <testcase name="non-blank leaf 5 should be consistent with the public state" classname="com.github.traderjoe95.mls.protocol.tree.TreeKem" time="0.013"/>
  <testcase name="the update path should be parent-hash valid" classname="com.github.traderjoe95.mls.protocol.tree.TreeKem" time="0.001"/>
  <testcase name="the tree hash after merging the update path should be 70babdf7902cba7c3e09e2912857724fc39492bc976220f543e785f32e53638e0328fcfdb729718f03878a166f6245dcd251c4c3b58fcfcc50a38c75280a3524" classname="com.github.traderjoe95.mls.protocol.tree.TreeKem" time="0.001"/>
  <testcase name="the decrypted path secret should be 1d25243acaf5958a18425b4ccc898679204631170b2131353e00ac14f0179b238122c7180ab99d6a6dfd1bb685c6cb9c4a1894b0534b4d0c52fcb1c3ad678148" classname="com.github.traderjoe95.mls.protocol.tree.TreeKem" time="0.004"/>
  <testcase name="a new update path generated by the sender should be successfully processed" classname="com.github.traderjoe95.mls.protocol.tree.TreeKem" time="0.004"/>
  <testcase name="the update path should be parent-hash valid" classname="com.github.traderjoe95.mls.protocol.tree.TreeKem" time="0.0"/>
  <testcase name="the tree hash after merging the update path should be 70babdf7902cba7c3e09e2912857724fc39492bc976220f543e785f32e53638e0328fcfdb729718f03878a166f6245dcd251c4c3b58fcfcc50a38c75280a3524" classname="com.github.traderjoe95.mls.protocol.tree.TreeKem" time="0.0"/>
  <testcase name="the decrypted path secret should be 34c26ec513691ca0b1e11c786d7f02cf7f837aa11c61d2adbd021328599c2b8a41981458678729724cc2ea86b6da1a7a603b6bdcffc02e2c79a8ff8336b7d71d" classname="com.github.traderjoe95.mls.protocol.tree.TreeKem" time="0.003"/>
  <testcase name="a new update path generated by the sender should be successfully processed" classname="com.github.traderjoe95.mls.protocol.tree.TreeKem" time="0.005"/>
  <testcase name="the update path should be parent-hash valid" classname="com.github.traderjoe95.mls.protocol.tree.TreeKem" time="0.0"/>
  <testcase name="the tree hash after merging the update path should be 70babdf7902cba7c3e09e2912857724fc39492bc976220f543e785f32e53638e0328fcfdb729718f03878a166f6245dcd251c4c3b58fcfcc50a38c75280a3524" classname="com.github.traderjoe95.mls.protocol.tree.TreeKem" time="0.0"/>
  <testcase name="the decrypted path secret should be 34c26ec513691ca0b1e11c786d7f02cf7f837aa11c61d2adbd021328599c2b8a41981458678729724cc2ea86b6da1a7a603b6bdcffc02e2c79a8ff8336b7d71d" classname="com.github.traderjoe95.mls.protocol.tree.TreeKem" time="0.005"/>
  <testcase name="a new update path generated by the sender should be successfully processed" classname="com.github.traderjoe95.mls.protocol.tree.TreeKem" time="0.004"/>
  <testcase name="the update path should be parent-hash valid" classname="com.github.traderjoe95.mls.protocol.tree.TreeKem" time="0.001"/>
  <testcase name="the tree hash after merging the update path should be 70babdf7902cba7c3e09e2912857724fc39492bc976220f543e785f32e53638e0328fcfdb729718f03878a166f6245dcd251c4c3b58fcfcc50a38c75280a3524" classname="com.github.traderjoe95.mls.protocol.tree.TreeKem" time="0.001"/>
  <testcase name="the decrypted path secret should be 80171ba520013c13a710743e9f58a51cac54e2434f40a5fc35dc71bbd6828281817bc2184bde275f2ce31b07005890cb34920b8e76ffb3912f43eafa4bfd65e8" classname="com.github.traderjoe95.mls.protocol.tree.TreeKem" time="0.004"/>
  <testcase name="a new update path generated by the sender should be successfully processed" classname="com.github.traderjoe95.mls.protocol.tree.TreeKem" time="0.004"/>
  <testcase name="the update path should be parent-hash valid" classname="com.github.traderjoe95.mls.protocol.tree.TreeKem" time="0.0"/>
  <testcase name="the tree hash after merging the update path should be 70babdf7902cba7c3e09e2912857724fc39492bc976220f543e785f32e53638e0328fcfdb729718f03878a166f6245dcd251c4c3b58fcfcc50a38c75280a3524" classname="com.github.traderjoe95.mls.protocol.tree.TreeKem" time="0.001"/>
  <testcase name="the decrypted path secret should be 80171ba520013c13a710743e9f58a51cac54e2434f40a5fc35dc71bbd6828281817bc2184bde275f2ce31b07005890cb34920b8e76ffb3912f43eafa4bfd65e8" classname="com.github.traderjoe95.mls.protocol.tree.TreeKem" time="0.004"/>
  <testcase name="a new update path generated by the sender should be successfully processed" classname="com.github.traderjoe95.mls.protocol.tree.TreeKem" time="0.003"/>
  <testcase name="the update path should be parent-hash valid" classname="com.github.traderjoe95.mls.protocol.tree.TreeKem" time="0.0"/>
  <testcase name="the tree hash after merging the update path should be 0bc43ff8fdce84ae5c8a57e2e62251b170a9e03b8847f5c8b87814851cb0841bdd63f1d37d7a6e5098fd14c7da0c71df6ead65c2fc18cc5d195717f284bc20be" classname="com.github.traderjoe95.mls.protocol.tree.TreeKem" time="0.001"/>
  <testcase name="the decrypted path secret should be 02931f37396f7bcbf323e97782accf082cb746c17c3743976837848b01e28b85ec6657d80f4f593671b7b1496043e2b64e5b8440158eaab8b7541d62ecb6bcef" classname="com.github.traderjoe95.mls.protocol.tree.TreeKem" time="0.004"/>
  <testcase name="a new update path generated by the sender should be successfully processed" classname="com.github.traderjoe95.mls.protocol.tree.TreeKem" time="0.004"/>
  <testcase name="the update path should be parent-hash valid" classname="com.github.traderjoe95.mls.protocol.tree.TreeKem" time="0.0"/>
  <testcase name="the tree hash after merging the update path should be 0bc43ff8fdce84ae5c8a57e2e62251b170a9e03b8847f5c8b87814851cb0841bdd63f1d37d7a6e5098fd14c7da0c71df6ead65c2fc18cc5d195717f284bc20be" classname="com.github.traderjoe95.mls.protocol.tree.TreeKem" time="0.0"/>
  <testcase name="the decrypted path secret should be 22642e10b2195d9ae2e6125a04a43a4b3baddb83f8cd4fb1a94c5086cdbaa871467d93714b98421f9c2438814a16fd09625ac1aeafba96854f431ed3f9b46985" classname="com.github.traderjoe95.mls.protocol.tree.TreeKem" time="0.003"/>
  <testcase name="a new update path generated by the sender should be successfully processed" classname="com.github.traderjoe95.mls.protocol.tree.TreeKem" time="0.003"/>
  <testcase name="the update path should be parent-hash valid" classname="com.github.traderjoe95.mls.protocol.tree.TreeKem" time="0.0"/>
  <testcase name="the tree hash after merging the update path should be 0bc43ff8fdce84ae5c8a57e2e62251b170a9e03b8847f5c8b87814851cb0841bdd63f1d37d7a6e5098fd14c7da0c71df6ead65c2fc18cc5d195717f284bc20be" classname="com.github.traderjoe95.mls.protocol.tree.TreeKem" time="0.001"/>
  <testcase name="the decrypted path secret should be 22642e10b2195d9ae2e6125a04a43a4b3baddb83f8cd4fb1a94c5086cdbaa871467d93714b98421f9c2438814a16fd09625ac1aeafba96854f431ed3f9b46985" classname="com.github.traderjoe95.mls.protocol.tree.TreeKem" time="0.004"/>
  <testcase name="a new update path generated by the sender should be successfully processed" classname="com.github.traderjoe95.mls.protocol.tree.TreeKem" time="0.004"/>
  <testcase name="the update path should be parent-hash valid" classname="com.github.traderjoe95.mls.protocol.tree.TreeKem" time="0.0"/>
  <testcase name="the tree hash after merging the update path should be 0bc43ff8fdce84ae5c8a57e2e62251b170a9e03b8847f5c8b87814851cb0841bdd63f1d37d7a6e5098fd14c7da0c71df6ead65c2fc18cc5d195717f284bc20be" classname="com.github.traderjoe95.mls.protocol.tree.TreeKem" time="0.001"/>
  <testcase name="the decrypted path secret should be 444c384f152c1d092d3d9c16d3954898b2ac6961e1d710c1a0998d77fab8e570a04e890a39458f57c9a819fc02037e391c32c4b85f01ca6cd3323e795142486a" classname="com.github.traderjoe95.mls.protocol.tree.TreeKem" time="0.004"/>
  <testcase name="a new update path generated by the sender should be successfully processed" classname="com.github.traderjoe95.mls.protocol.tree.TreeKem" time="0.005"/>
  <testcase name="the update path should be parent-hash valid" classname="com.github.traderjoe95.mls.protocol.tree.TreeKem" time="0.0"/>
  <testcase name="the tree hash after merging the update path should be 0bc43ff8fdce84ae5c8a57e2e62251b170a9e03b8847f5c8b87814851cb0841bdd63f1d37d7a6e5098fd14c7da0c71df6ead65c2fc18cc5d195717f284bc20be" classname="com.github.traderjoe95.mls.protocol.tree.TreeKem" time="0.0"/>
  <testcase name="the decrypted path secret should be 444c384f152c1d092d3d9c16d3954898b2ac6961e1d710c1a0998d77fab8e570a04e890a39458f57c9a819fc02037e391c32c4b85f01ca6cd3323e795142486a" classname="com.github.traderjoe95.mls.protocol.tree.TreeKem" time="0.004"/>
  <testcase name="a new update path generated by the sender should be successfully processed" classname="com.github.traderjoe95.mls.protocol.tree.TreeKem" time="0.004"/>
  <testcase name="the update path should be parent-hash valid" classname="com.github.traderjoe95.mls.protocol.tree.TreeKem" time="0.0"/>
  <testcase name="the tree hash after merging the update path should be be161cdb392c792a3721945efd41b7638da5f750ed3c9b67334d8414fde3c28aa9af36f06abe244294cac50f84d3bb67d63507403644cb9882c786c0cb452896" classname="com.github.traderjoe95.mls.protocol.tree.TreeKem" time="0.0"/>
  <testcase name="the decrypted path secret should be f991086111f752406ced96a6ce137dc30bc6c85e458a30520db5dd098051e1edd7228456b492c43861964fa4b57793a546cd5668e4ea031fbc307ab2fdf22523" classname="com.github.traderjoe95.mls.protocol.tree.TreeKem" time="0.003"/>
  <testcase name="a new update path generated by the sender should be successfully processed" classname="com.github.traderjoe95.mls.protocol.tree.TreeKem" time="0.004"/>
  <testcase name="the update path should be parent-hash valid" classname="com.github.traderjoe95.mls.protocol.tree.TreeKem" time="0.0"/>
  <testcase name="the tree hash after merging the update path should be be161cdb392c792a3721945efd41b7638da5f750ed3c9b67334d8414fde3c28aa9af36f06abe244294cac50f84d3bb67d63507403644cb9882c786c0cb452896" classname="com.github.traderjoe95.mls.protocol.tree.TreeKem" time="0.001"/>
  <testcase name="the decrypted path secret should be f991086111f752406ced96a6ce137dc30bc6c85e458a30520db5dd098051e1edd7228456b492c43861964fa4b57793a546cd5668e4ea031fbc307ab2fdf22523" classname="com.github.traderjoe95.mls.protocol.tree.TreeKem" time="0.004"/>
  <testcase name="a new update path generated by the sender should be successfully processed" classname="com.github.traderjoe95.mls.protocol.tree.TreeKem" time="0.005"/>
  <testcase name="the update path should be parent-hash valid" classname="com.github.traderjoe95.mls.protocol.tree.TreeKem" time="0.0"/>
  <testcase name="the tree hash after merging the update path should be be161cdb392c792a3721945efd41b7638da5f750ed3c9b67334d8414fde3c28aa9af36f06abe244294cac50f84d3bb67d63507403644cb9882c786c0cb452896" classname="com.github.traderjoe95.mls.protocol.tree.TreeKem" time="0.001"/>
  <testcase name="the decrypted path secret should be 78ad8bc01d9cdba1c80d2ba9be70e07d936e1270be27e1f004d9edb4d8033077d8c567c6a0d25c140a2797a8aa2d2e821b0f78354c701908dc37a112bfcd6b86" classname="com.github.traderjoe95.mls.protocol.tree.TreeKem" time="0.004"/>
  <testcase name="a new update path generated by the sender should be successfully processed" classname="com.github.traderjoe95.mls.protocol.tree.TreeKem" time="0.004"/>
  <testcase name="the update path should be parent-hash valid" classname="com.github.traderjoe95.mls.protocol.tree.TreeKem" time="0.001"/>
  <testcase name="the tree hash after merging the update path should be be161cdb392c792a3721945efd41b7638da5f750ed3c9b67334d8414fde3c28aa9af36f06abe244294cac50f84d3bb67d63507403644cb9882c786c0cb452896" classname="com.github.traderjoe95.mls.protocol.tree.TreeKem" time="0.001"/>
  <testcase name="the decrypted path secret should be 971bf4bff2e562d56a4714880fdca3d1fdd9514ecd84c818bf32ad7aadbf48e986ffbbf39adbecfac3f8f4f6341bff1f3201e65451c3691f90e617869a4aa7d5" classname="com.github.traderjoe95.mls.protocol.tree.TreeKem" time="0.004"/>
  <testcase name="a new update path generated by the sender should be successfully processed" classname="com.github.traderjoe95.mls.protocol.tree.TreeKem" time="0.004"/>
  <testcase name="the update path should be parent-hash valid" classname="com.github.traderjoe95.mls.protocol.tree.TreeKem" time="0.001"/>
  <testcase name="the tree hash after merging the update path should be be161cdb392c792a3721945efd41b7638da5f750ed3c9b67334d8414fde3c28aa9af36f06abe244294cac50f84d3bb67d63507403644cb9882c786c0cb452896" classname="com.github.traderjoe95.mls.protocol.tree.TreeKem" time="0.0"/>
  <testcase name="the decrypted path secret should be 971bf4bff2e562d56a4714880fdca3d1fdd9514ecd84c818bf32ad7aadbf48e986ffbbf39adbecfac3f8f4f6341bff1f3201e65451c3691f90e617869a4aa7d5" classname="com.github.traderjoe95.mls.protocol.tree.TreeKem" time="0.004"/>
  <testcase name="a new update path generated by the sender should be successfully processed" classname="com.github.traderjoe95.mls.protocol.tree.TreeKem" time="0.004"/>
  <testcase name="the update path should be parent-hash valid" classname="com.github.traderjoe95.mls.protocol.tree.TreeKem" time="0.0"/>
  <testcase name="the tree hash after merging the update path should be 7c16ff230f66fefe05ca39b7eb321b65bdca0beb5b4bce988418d5c89a6490c19ae0d7e627cd76209f509e32822e268bc765af128c11618625ea78fac72a9a4f" classname="com.github.traderjoe95.mls.protocol.tree.TreeKem" time="0.0"/>
  <testcase name="the decrypted path secret should be deaaa15e8690b3cc31c9baf0c873d57ff87a1805759902112286237d43ae8e9150265f0af6febc3f9998f09681d4c8c0132f919dc9279fe52a8bd041d17a42d9" classname="com.github.traderjoe95.mls.protocol.tree.TreeKem" time="0.003"/>
  <testcase name="a new update path generated by the sender should be successfully processed" classname="com.github.traderjoe95.mls.protocol.tree.TreeKem" time="0.003"/>
  <testcase name="the update path should be parent-hash valid" classname="com.github.traderjoe95.mls.protocol.tree.TreeKem" time="0.001"/>
  <testcase name="the tree hash after merging the update path should be 7c16ff230f66fefe05ca39b7eb321b65bdca0beb5b4bce988418d5c89a6490c19ae0d7e627cd76209f509e32822e268bc765af128c11618625ea78fac72a9a4f" classname="com.github.traderjoe95.mls.protocol.tree.TreeKem" time="0.0"/>
  <testcase name="the decrypted path secret should be deaaa15e8690b3cc31c9baf0c873d57ff87a1805759902112286237d43ae8e9150265f0af6febc3f9998f09681d4c8c0132f919dc9279fe52a8bd041d17a42d9" classname="com.github.traderjoe95.mls.protocol.tree.TreeKem" time="0.003"/>
  <testcase name="a new update path generated by the sender should be successfully processed" classname="com.github.traderjoe95.mls.protocol.tree.TreeKem" time="0.004"/>
  <testcase name="the update path should be parent-hash valid" classname="com.github.traderjoe95.mls.protocol.tree.TreeKem" time="0.0"/>
  <testcase name="the tree hash after merging the update path should be 7c16ff230f66fefe05ca39b7eb321b65bdca0beb5b4bce988418d5c89a6490c19ae0d7e627cd76209f509e32822e268bc765af128c11618625ea78fac72a9a4f" classname="com.github.traderjoe95.mls.protocol.tree.TreeKem" time="0.0"/>
  <testcase name="the decrypted path secret should be ea3c4e2b6ecb5436bd18006439b20711894b1a8f81b102cd7a4e7fd49dd00301684ef241b5f4983288015e610ed488da529ae65dbdab7b64006a13dac8c2b83c" classname="com.github.traderjoe95.mls.protocol.tree.TreeKem" time="0.004"/>
  <testcase name="a new update path generated by the sender should be successfully processed" classname="com.github.traderjoe95.mls.protocol.tree.TreeKem" time="0.004"/>
  <testcase name="the update path should be parent-hash valid" classname="com.github.traderjoe95.mls.protocol.tree.TreeKem" time="0.001"/>
  <testcase name="the tree hash after merging the update path should be 7c16ff230f66fefe05ca39b7eb321b65bdca0beb5b4bce988418d5c89a6490c19ae0d7e627cd76209f509e32822e268bc765af128c11618625ea78fac72a9a4f" classname="com.github.traderjoe95.mls.protocol.tree.TreeKem" time="0.0"/>
  <testcase name="the decrypted path secret should be e03f676c22ffcca256d6f3f3a038b672bd5631b03650ec9a2c445ebf9ae546d214f3c1ce9d2feb839107e492e06c501a8c0e98a4e8bb02e8ebb1662391d52d1d" classname="com.github.traderjoe95.mls.protocol.tree.TreeKem" time="0.004"/>
  <testcase name="a new update path generated by the sender should be successfully processed" classname="com.github.traderjoe95.mls.protocol.tree.TreeKem" time="0.004"/>
  <testcase name="the update path should be parent-hash valid" classname="com.github.traderjoe95.mls.protocol.tree.TreeKem" time="0.001"/>
  <testcase name="the tree hash after merging the update path should be 7c16ff230f66fefe05ca39b7eb321b65bdca0beb5b4bce988418d5c89a6490c19ae0d7e627cd76209f509e32822e268bc765af128c11618625ea78fac72a9a4f" classname="com.github.traderjoe95.mls.protocol.tree.TreeKem" time="0.001"/>
  <testcase name="the decrypted path secret should be e03f676c22ffcca256d6f3f3a038b672bd5631b03650ec9a2c445ebf9ae546d214f3c1ce9d2feb839107e492e06c501a8c0e98a4e8bb02e8ebb1662391d52d1d" classname="com.github.traderjoe95.mls.protocol.tree.TreeKem" time="0.004"/>
  <testcase name="a new update path generated by the sender should be successfully processed" classname="com.github.traderjoe95.mls.protocol.tree.TreeKem" time="0.004"/>
  <testcase name="the update path should be parent-hash valid" classname="com.github.traderjoe95.mls.protocol.tree.TreeKem" time="0.001"/>
  <testcase name="the tree hash after merging the update path should be a3a781a25d49dcaced56e0c59a020b269b2fd9ced9e6fb1176eafc64edae32bbfd5f767a68b8a6d128d261b64840c4decae339dd15b35b31d56124e6f7c94545" classname="com.github.traderjoe95.mls.protocol.tree.TreeKem" time="0.001"/>
  <testcase name="the decrypted path secret should be 8873af2e1a8ec8cd936ed38258cb69dd29d510bda2b49c57d76f12943bf08f0dda56db4f5672f87a65f6f1957cabed4338f5cbbf98cade4c6d8dc280decb22ab" classname="com.github.traderjoe95.mls.protocol.tree.TreeKem" time="0.005"/>
  <testcase name="a new update path generated by the sender should be successfully processed" classname="com.github.traderjoe95.mls.protocol.tree.TreeKem" time="0.004"/>
  <testcase name="the update path should be parent-hash valid" classname="com.github.traderjoe95.mls.protocol.tree.TreeKem" time="0.001"/>
  <testcase name="the tree hash after merging the update path should be a3a781a25d49dcaced56e0c59a020b269b2fd9ced9e6fb1176eafc64edae32bbfd5f767a68b8a6d128d261b64840c4decae339dd15b35b31d56124e6f7c94545" classname="com.github.traderjoe95.mls.protocol.tree.TreeKem" time="0.0"/>
  <testcase name="the decrypted path secret should be 8873af2e1a8ec8cd936ed38258cb69dd29d510bda2b49c57d76f12943bf08f0dda56db4f5672f87a65f6f1957cabed4338f5cbbf98cade4c6d8dc280decb22ab" classname="com.github.traderjoe95.mls.protocol.tree.TreeKem" time="0.004"/>
  <testcase name="a new update path generated by the sender should be successfully processed" classname="com.github.traderjoe95.mls.protocol.tree.TreeKem" time="0.004"/>
  <testcase name="the update path should be parent-hash valid" classname="com.github.traderjoe95.mls.protocol.tree.TreeKem" time="0.001"/>
  <testcase name="the tree hash after merging the update path should be a3a781a25d49dcaced56e0c59a020b269b2fd9ced9e6fb1176eafc64edae32bbfd5f767a68b8a6d128d261b64840c4decae339dd15b35b31d56124e6f7c94545" classname="com.github.traderjoe95.mls.protocol.tree.TreeKem" time="0.001"/>
  <testcase name="the decrypted path secret should be 8873af2e1a8ec8cd936ed38258cb69dd29d510bda2b49c57d76f12943bf08f0dda56db4f5672f87a65f6f1957cabed4338f5cbbf98cade4c6d8dc280decb22ab" classname="com.github.traderjoe95.mls.protocol.tree.TreeKem" time="0.003"/>
  <testcase name="a new update path generated by the sender should be successfully processed" classname="com.github.traderjoe95.mls.protocol.tree.TreeKem" time="0.003"/>
  <testcase name="the update path should be parent-hash valid" classname="com.github.traderjoe95.mls.protocol.tree.TreeKem" time="0.0"/>
  <testcase name="the tree hash after merging the update path should be a3a781a25d49dcaced56e0c59a020b269b2fd9ced9e6fb1176eafc64edae32bbfd5f767a68b8a6d128d261b64840c4decae339dd15b35b31d56124e6f7c94545" classname="com.github.traderjoe95.mls.protocol.tree.TreeKem" time="0.0"/>
  <testcase name="the decrypted path secret should be 8873af2e1a8ec8cd936ed38258cb69dd29d510bda2b49c57d76f12943bf08f0dda56db4f5672f87a65f6f1957cabed4338f5cbbf98cade4c6d8dc280decb22ab" classname="com.github.traderjoe95.mls.protocol.tree.TreeKem" time="0.004"/>
  <testcase name="a new update path generated by the sender should be successfully processed" classname="com.github.traderjoe95.mls.protocol.tree.TreeKem" time="0.004"/>
  <testcase name="the update path should be parent-hash valid" classname="com.github.traderjoe95.mls.protocol.tree.TreeKem" time="0.0"/>
  <testcase name="the tree hash after merging the update path should be a3a781a25d49dcaced56e0c59a020b269b2fd9ced9e6fb1176eafc64edae32bbfd5f767a68b8a6d128d261b64840c4decae339dd15b35b31d56124e6f7c94545" classname="com.github.traderjoe95.mls.protocol.tree.TreeKem" time="0.0"/>
  <testcase name="the decrypted path secret should be d3eb43026f07ebbdfcbbddbd3f12061be0821e3c3ebd6eaff7fbda97fd639d32c99690e98c5b3c66c02d62a78ce962b21d732f6b6c7cc27590115a2984c4d379" classname="com.github.traderjoe95.mls.protocol.tree.TreeKem" time="0.004"/>
  <testcase name="a new update path generated by the sender should be successfully processed" classname="com.github.traderjoe95.mls.protocol.tree.TreeKem" time="0.004"/>
  <testcase name="the update path should be parent-hash valid" classname="com.github.traderjoe95.mls.protocol.tree.TreeKem" time="0.0"/>
  <testcase name="the tree hash after merging the update path should be 5df8c65da1811d6e7d5b60082ac31e02aff703e8bfad7ce212ee869d90ccf6ef3dc237a42e376e5e5fea7e356c4bf8f82016b4abe67d4c215510ead13268a0fe" classname="com.github.traderjoe95.mls.protocol.tree.TreeKem" time="0.0"/>
  <testcase name="the decrypted path secret should be 31bcb9da845fa770b42628aa5896cad572a36ec5d837420a3b71a83c0e4aafc3dd20d128deeede9d70202cb245e234c806fafab656bad5cb4731ae064e73eb2a" classname="com.github.traderjoe95.mls.protocol.tree.TreeKem" time="0.004"/>
  <testcase name="a new update path generated by the sender should be successfully processed" classname="com.github.traderjoe95.mls.protocol.tree.TreeKem" time="0.004"/>
  <testcase name="the update path should be parent-hash valid" classname="com.github.traderjoe95.mls.protocol.tree.TreeKem" time="0.0"/>
  <testcase name="the tree hash after merging the update path should be 5df8c65da1811d6e7d5b60082ac31e02aff703e8bfad7ce212ee869d90ccf6ef3dc237a42e376e5e5fea7e356c4bf8f82016b4abe67d4c215510ead13268a0fe" classname="com.github.traderjoe95.mls.protocol.tree.TreeKem" time="0.0"/>
  <testcase name="the decrypted path secret should be 31bcb9da845fa770b42628aa5896cad572a36ec5d837420a3b71a83c0e4aafc3dd20d128deeede9d70202cb245e234c806fafab656bad5cb4731ae064e73eb2a" classname="com.github.traderjoe95.mls.protocol.tree.TreeKem" time="0.003"/>
  <testcase name="a new update path generated by the sender should be successfully processed" classname="com.github.traderjoe95.mls.protocol.tree.TreeKem" time="0.003"/>
  <testcase name="the update path should be parent-hash valid" classname="com.github.traderjoe95.mls.protocol.tree.TreeKem" time="0.0"/>
  <testcase name="the tree hash after merging the update path should be 5df8c65da1811d6e7d5b60082ac31e02aff703e8bfad7ce212ee869d90ccf6ef3dc237a42e376e5e5fea7e356c4bf8f82016b4abe67d4c215510ead13268a0fe" classname="com.github.traderjoe95.mls.protocol.tree.TreeKem" time="0.0"/>
  <testcase name="the decrypted path secret should be 31bcb9da845fa770b42628aa5896cad572a36ec5d837420a3b71a83c0e4aafc3dd20d128deeede9d70202cb245e234c806fafab656bad5cb4731ae064e73eb2a" classname="com.github.traderjoe95.mls.protocol.tree.TreeKem" time="0.003"/>
  <testcase name="a new update path generated by the sender should be successfully processed" classname="com.github.traderjoe95.mls.protocol.tree.TreeKem" time="0.003"/>
  <testcase name="the update path should be parent-hash valid" classname="com.github.traderjoe95.mls.protocol.tree.TreeKem" time="0.001"/>
  <testcase name="the tree hash after merging the update path should be 5df8c65da1811d6e7d5b60082ac31e02aff703e8bfad7ce212ee869d90ccf6ef3dc237a42e376e5e5fea7e356c4bf8f82016b4abe67d4c215510ead13268a0fe" classname="com.github.traderjoe95.mls.protocol.tree.TreeKem" time="0.0"/>
  <testcase name="the decrypted path secret should be 31bcb9da845fa770b42628aa5896cad572a36ec5d837420a3b71a83c0e4aafc3dd20d128deeede9d70202cb245e234c806fafab656bad5cb4731ae064e73eb2a" classname="com.github.traderjoe95.mls.protocol.tree.TreeKem" time="0.003"/>
  <testcase name="a new update path generated by the sender should be successfully processed" classname="com.github.traderjoe95.mls.protocol.tree.TreeKem" time="0.003"/>
  <testcase name="the update path should be parent-hash valid" classname="com.github.traderjoe95.mls.protocol.tree.TreeKem" time="0.0"/>
  <testcase name="the tree hash after merging the update path should be 5df8c65da1811d6e7d5b60082ac31e02aff703e8bfad7ce212ee869d90ccf6ef3dc237a42e376e5e5fea7e356c4bf8f82016b4abe67d4c215510ead13268a0fe" classname="com.github.traderjoe95.mls.protocol.tree.TreeKem" time="0.0"/>
  <testcase name="the decrypted path secret should be fa2e74cc789c005b05b6219f29886b7536dcf64ee80eb9901402a8b365d5dc9a4b51a973a2bedd4f6e0106799017a978830504aef7da2b153ba386764b430e8b" classname="com.github.traderjoe95.mls.protocol.tree.TreeKem" time="0.004"/>
  <testcase name="a new update path generated by the sender should be successfully processed" classname="com.github.traderjoe95.mls.protocol.tree.TreeKem" time="0.004"/>
  <testcase name="non-blank leaf 0 should be consistent with the public state" classname="com.github.traderjoe95.mls.protocol.tree.TreeKem" time="0.01"/>
  <testcase name="non-blank leaf 1 should be consistent with the public state" classname="com.github.traderjoe95.mls.protocol.tree.TreeKem" time="0.017"/>
  <testcase name="non-blank leaf 2 should be consistent with the public state" classname="com.github.traderjoe95.mls.protocol.tree.TreeKem" time="0.01"/>
  <testcase name="non-blank leaf 3 should be consistent with the public state" classname="com.github.traderjoe95.mls.protocol.tree.TreeKem" time="0.01"/>
  <testcase name="non-blank leaf 4 should be consistent with the public state" classname="com.github.traderjoe95.mls.protocol.tree.TreeKem" time="0.01"/>
  <testcase name="non-blank leaf 5 should be consistent with the public state" classname="com.github.traderjoe95.mls.protocol.tree.TreeKem" time="0.01"/>
  <testcase name="non-blank leaf 6 should be consistent with the public state" classname="com.github.traderjoe95.mls.protocol.tree.TreeKem" time="0.008"/>
  <testcase name="the update path should be parent-hash valid" classname="com.github.traderjoe95.mls.protocol.tree.TreeKem" time="0.0"/>
  <testcase name="the tree hash after merging the update path should be 7f3c5e04fefa60294314a9d666565d4e0f861bbcbb2bb7513e1b2c8cd909c919e159789d7ab1b63d03b05876047cd3a6f56576d1a2d134845d5fa31ff8f2a271" classname="com.github.traderjoe95.mls.protocol.tree.TreeKem" time="0.0"/>
  <testcase name="the decrypted path secret should be 1d25243acaf5958a18425b4ccc898679204631170b2131353e00ac14f0179b238122c7180ab99d6a6dfd1bb685c6cb9c4a1894b0534b4d0c52fcb1c3ad678148" classname="com.github.traderjoe95.mls.protocol.tree.TreeKem" time="0.003"/>
  <testcase name="a new update path generated by the sender should be successfully processed" classname="com.github.traderjoe95.mls.protocol.tree.TreeKem" time="0.003"/>
  <testcase name="the update path should be parent-hash valid" classname="com.github.traderjoe95.mls.protocol.tree.TreeKem" time="0.001"/>
  <testcase name="the tree hash after merging the update path should be 7f3c5e04fefa60294314a9d666565d4e0f861bbcbb2bb7513e1b2c8cd909c919e159789d7ab1b63d03b05876047cd3a6f56576d1a2d134845d5fa31ff8f2a271" classname="com.github.traderjoe95.mls.protocol.tree.TreeKem" time="0.001"/>
  <testcase name="the decrypted path secret should be 34c26ec513691ca0b1e11c786d7f02cf7f837aa11c61d2adbd021328599c2b8a41981458678729724cc2ea86b6da1a7a603b6bdcffc02e2c79a8ff8336b7d71d" classname="com.github.traderjoe95.mls.protocol.tree.TreeKem" time="0.004"/>
  <testcase name="a new update path generated by the sender should be successfully processed" classname="com.github.traderjoe95.mls.protocol.tree.TreeKem" time="0.004"/>
  <testcase name="the update path should be parent-hash valid" classname="com.github.traderjoe95.mls.protocol.tree.TreeKem" time="0.0"/>
  <testcase name="the tree hash after merging the update path should be 7f3c5e04fefa60294314a9d666565d4e0f861bbcbb2bb7513e1b2c8cd909c919e159789d7ab1b63d03b05876047cd3a6f56576d1a2d134845d5fa31ff8f2a271" classname="com.github.traderjoe95.mls.protocol.tree.TreeKem" time="0.0"/>
  <testcase name="the decrypted path secret should be 34c26ec513691ca0b1e11c786d7f02cf7f837aa11c61d2adbd021328599c2b8a41981458678729724cc2ea86b6da1a7a603b6bdcffc02e2c79a8ff8336b7d71d" classname="com.github.traderjoe95.mls.protocol.tree.TreeKem" time="0.003"/>
  <testcase name="a new update path generated by the sender should be successfully processed" classname="com.github.traderjoe95.mls.protocol.tree.TreeKem" time="0.004"/>
  <testcase name="the update path should be parent-hash valid" classname="com.github.traderjoe95.mls.protocol.tree.TreeKem" time="0.0"/>
  <testcase name="the tree hash after merging the update path should be 7f3c5e04fefa60294314a9d666565d4e0f861bbcbb2bb7513e1b2c8cd909c919e159789d7ab1b63d03b05876047cd3a6f56576d1a2d134845d5fa31ff8f2a271" classname="com.github.traderjoe95.mls.protocol.tree.TreeKem" time="0.001"/>
  <testcase name="the decrypted path secret should be 80171ba520013c13a710743e9f58a51cac54e2434f40a5fc35dc71bbd6828281817bc2184bde275f2ce31b07005890cb34920b8e76ffb3912f43eafa4bfd65e8" classname="com.github.traderjoe95.mls.protocol.tree.TreeKem" time="0.004"/>
  <testcase name="a new update path generated by the sender should be successfully processed" classname="com.github.traderjoe95.mls.protocol.tree.TreeKem" time="0.004"/>
  <testcase name="the update path should be parent-hash valid" classname="com.github.traderjoe95.mls.protocol.tree.TreeKem" time="0.0"/>
  <testcase name="the tree hash after merging the update path should be 7f3c5e04fefa60294314a9d666565d4e0f861bbcbb2bb7513e1b2c8cd909c919e159789d7ab1b63d03b05876047cd3a6f56576d1a2d134845d5fa31ff8f2a271" classname="com.github.traderjoe95.mls.protocol.tree.TreeKem" time="0.001"/>
  <testcase name="the decrypted path secret should be 80171ba520013c13a710743e9f58a51cac54e2434f40a5fc35dc71bbd6828281817bc2184bde275f2ce31b07005890cb34920b8e76ffb3912f43eafa4bfd65e8" classname="com.github.traderjoe95.mls.protocol.tree.TreeKem" time="0.004"/>
  <testcase name="a new update path generated by the sender should be successfully processed" classname="com.github.traderjoe95.mls.protocol.tree.TreeKem" time="0.004"/>
  <testcase name="the update path should be parent-hash valid" classname="com.github.traderjoe95.mls.protocol.tree.TreeKem" time="0.0"/>
  <testcase name="the tree hash after merging the update path should be 7f3c5e04fefa60294314a9d666565d4e0f861bbcbb2bb7513e1b2c8cd909c919e159789d7ab1b63d03b05876047cd3a6f56576d1a2d134845d5fa31ff8f2a271" classname="com.github.traderjoe95.mls.protocol.tree.TreeKem" time="0.001"/>
  <testcase name="the decrypted path secret should be 80171ba520013c13a710743e9f58a51cac54e2434f40a5fc35dc71bbd6828281817bc2184bde275f2ce31b07005890cb34920b8e76ffb3912f43eafa4bfd65e8" classname="com.github.traderjoe95.mls.protocol.tree.TreeKem" time="0.003"/>
  <testcase name="a new update path generated by the sender should be successfully processed" classname="com.github.traderjoe95.mls.protocol.tree.TreeKem" time="0.003"/>
  <testcase name="the update path should be parent-hash valid" classname="com.github.traderjoe95.mls.protocol.tree.TreeKem" time="0.0"/>
  <testcase name="the tree hash after merging the update path should be d4038e2e340f1f31f6c4b2cd384c3f56720485167b055625b17566c321b4a4ea46f810aa86e680cb2ddb67ffd9786f7795dc87d400b557061384c42e4abb167a" classname="com.github.traderjoe95.mls.protocol.tree.TreeKem" time="0.0"/>
  <testcase name="the decrypted path secret should be 02931f37396f7bcbf323e97782accf082cb746c17c3743976837848b01e28b85ec6657d80f4f593671b7b1496043e2b64e5b8440158eaab8b7541d62ecb6bcef" classname="com.github.traderjoe95.mls.protocol.tree.TreeKem" time="0.003"/>
  <testcase name="a new update path generated by the sender should be successfully processed" classname="com.github.traderjoe95.mls.protocol.tree.TreeKem" time="0.004"/>
  <testcase name="the update path should be parent-hash valid" classname="com.github.traderjoe95.mls.protocol.tree.TreeKem" time="0.0"/>
  <testcase name="the tree hash after merging the update path should be d4038e2e340f1f31f6c4b2cd384c3f56720485167b055625b17566c321b4a4ea46f810aa86e680cb2ddb67ffd9786f7795dc87d400b557061384c42e4abb167a" classname="com.github.traderjoe95.mls.protocol.tree.TreeKem" time="0.0"/>
  <testcase name="the decrypted path secret should be 22642e10b2195d9ae2e6125a04a43a4b3baddb83f8cd4fb1a94c5086cdbaa871467d93714b98421f9c2438814a16fd09625ac1aeafba96854f431ed3f9b46985" classname="com.github.traderjoe95.mls.protocol.tree.TreeKem" time="0.003"/>
  <testcase name="a new update path generated by the sender should be successfully processed" classname="com.github.traderjoe95.mls.protocol.tree.TreeKem" time="0.004"/>
  <testcase name="the update path should be parent-hash valid" classname="com.github.traderjoe95.mls.protocol.tree.TreeKem" time="0.0"/>
  <testcase name="the tree hash after merging the update path should be d4038e2e340f1f31f6c4b2cd384c3f56720485167b055625b17566c321b4a4ea46f810aa86e680cb2ddb67ffd9786f7795dc87d400b557061384c42e4abb167a" classname="com.github.traderjoe95.mls.protocol.tree.TreeKem" time="0.0"/>
  <testcase name="the decrypted path secret should be 22642e10b2195d9ae2e6125a04a43a4b3baddb83f8cd4fb1a94c5086cdbaa871467d93714b98421f9c2438814a16fd09625ac1aeafba96854f431ed3f9b46985" classname="com.github.traderjoe95.mls.protocol.tree.TreeKem" time="0.004"/>
  <testcase name="a new update path generated by the sender should be successfully processed" classname="com.github.traderjoe95.mls.protocol.tree.TreeKem" time="0.004"/>
  <testcase name="the update path should be parent-hash valid" classname="com.github.traderjoe95.mls.protocol.tree.TreeKem" time="0.0"/>
  <testcase name="the tree hash after merging the update path should be d4038e2e340f1f31f6c4b2cd384c3f56720485167b055625b17566c321b4a4ea46f810aa86e680cb2ddb67ffd9786f7795dc87d400b557061384c42e4abb167a" classname="com.github.traderjoe95.mls.protocol.tree.TreeKem" time="0.0"/>
  <testcase name="the decrypted path secret should be 444c384f152c1d092d3d9c16d3954898b2ac6961e1d710c1a0998d77fab8e570a04e890a39458f57c9a819fc02037e391c32c4b85f01ca6cd3323e795142486a" classname="com.github.traderjoe95.mls.protocol.tree.TreeKem" time="0.003"/>
  <testcase name="a new update path generated by the sender should be successfully processed" classname="com.github.traderjoe95.mls.protocol.tree.TreeKem" time="0.004"/>
  <testcase name="the update path should be parent-hash valid" classname="com.github.traderjoe95.mls.protocol.tree.TreeKem" time="0.0"/>
  <testcase name="the tree hash after merging the update path should be d4038e2e340f1f31f6c4b2cd384c3f56720485167b055625b17566c321b4a4ea46f810aa86e680cb2ddb67ffd9786f7795dc87d400b557061384c42e4abb167a" classname="com.github.traderjoe95.mls.protocol.tree.TreeKem" time="0.0"/>
  <testcase name="the decrypted path secret should be 444c384f152c1d092d3d9c16d3954898b2ac6961e1d710c1a0998d77fab8e570a04e890a39458f57c9a819fc02037e391c32c4b85f01ca6cd3323e795142486a" classname="com.github.traderjoe95.mls.protocol.tree.TreeKem" time="0.004"/>
  <testcase name="a new update path generated by the sender should be successfully processed" classname="com.github.traderjoe95.mls.protocol.tree.TreeKem" time="0.004"/>
  <testcase name="the update path should be parent-hash valid" classname="com.github.traderjoe95.mls.protocol.tree.TreeKem" time="0.001"/>
  <testcase name="the tree hash after merging the update path should be d4038e2e340f1f31f6c4b2cd384c3f56720485167b055625b17566c321b4a4ea46f810aa86e680cb2ddb67ffd9786f7795dc87d400b557061384c42e4abb167a" classname="com.github.traderjoe95.mls.protocol.tree.TreeKem" time="0.0"/>
  <testcase name="the decrypted path secret should be 444c384f152c1d092d3d9c16d3954898b2ac6961e1d710c1a0998d77fab8e570a04e890a39458f57c9a819fc02037e391c32c4b85f01ca6cd3323e795142486a" classname="com.github.traderjoe95.mls.protocol.tree.TreeKem" time="0.004"/>
  <testcase name="a new update path generated by the sender should be successfully processed" classname="com.github.traderjoe95.mls.protocol.tree.TreeKem" time="0.004"/>
  <testcase name="the update path should be parent-hash valid" classname="com.github.traderjoe95.mls.protocol.tree.TreeKem" time="0.0"/>
  <testcase name="the tree hash after merging the update path should be fed86061466d099ebf2ff3c66a507dded2f601357a1c56fb15fefce8be248365364bbd09c1233b61aafc8b46fd1a4697e75da5706b99558da3a2b535cb785394" classname="com.github.traderjoe95.mls.protocol.tree.TreeKem" time="0.0"/>
  <testcase name="the decrypted path secret should be f991086111f752406ced96a6ce137dc30bc6c85e458a30520db5dd098051e1edd7228456b492c43861964fa4b57793a546cd5668e4ea031fbc307ab2fdf22523" classname="com.github.traderjoe95.mls.protocol.tree.TreeKem" time="0.004"/>
  <testcase name="a new update path generated by the sender should be successfully processed" classname="com.github.traderjoe95.mls.protocol.tree.TreeKem" time="0.004"/>
  <testcase name="the update path should be parent-hash valid" classname="com.github.traderjoe95.mls.protocol.tree.TreeKem" time="0.0"/>
  <testcase name="the tree hash after merging the update path should be fed86061466d099ebf2ff3c66a507dded2f601357a1c56fb15fefce8be248365364bbd09c1233b61aafc8b46fd1a4697e75da5706b99558da3a2b535cb785394" classname="com.github.traderjoe95.mls.protocol.tree.TreeKem" time="0.0"/>
  <testcase name="the decrypted path secret should be f991086111f752406ced96a6ce137dc30bc6c85e458a30520db5dd098051e1edd7228456b492c43861964fa4b57793a546cd5668e4ea031fbc307ab2fdf22523" classname="com.github.traderjoe95.mls.protocol.tree.TreeKem" time="0.004"/>
  <testcase name="a new update path generated by the sender should be successfully processed" classname="com.github.traderjoe95.mls.protocol.tree.TreeKem" time="0.004"/>
  <testcase name="the update path should be parent-hash valid" classname="com.github.traderjoe95.mls.protocol.tree.TreeKem" time="0.0"/>
  <testcase name="the tree hash after merging the update path should be fed86061466d099ebf2ff3c66a507dded2f601357a1c56fb15fefce8be248365364bbd09c1233b61aafc8b46fd1a4697e75da5706b99558da3a2b535cb785394" classname="com.github.traderjoe95.mls.protocol.tree.TreeKem" time="0.001"/>
  <testcase name="the decrypted path secret should be 78ad8bc01d9cdba1c80d2ba9be70e07d936e1270be27e1f004d9edb4d8033077d8c567c6a0d25c140a2797a8aa2d2e821b0f78354c701908dc37a112bfcd6b86" classname="com.github.traderjoe95.mls.protocol.tree.TreeKem" time="0.004"/>
  <testcase name="a new update path generated by the sender should be successfully processed" classname="com.github.traderjoe95.mls.protocol.tree.TreeKem" time="0.004"/>
  <testcase name="the update path should be parent-hash valid" classname="com.github.traderjoe95.mls.protocol.tree.TreeKem" time="0.001"/>
  <testcase name="the tree hash after merging the update path should be fed86061466d099ebf2ff3c66a507dded2f601357a1c56fb15fefce8be248365364bbd09c1233b61aafc8b46fd1a4697e75da5706b99558da3a2b535cb785394" classname="com.github.traderjoe95.mls.protocol.tree.TreeKem" time="0.001"/>
  <testcase name="the decrypted path secret should be 971bf4bff2e562d56a4714880fdca3d1fdd9514ecd84c818bf32ad7aadbf48e986ffbbf39adbecfac3f8f4f6341bff1f3201e65451c3691f90e617869a4aa7d5" classname="com.github.traderjoe95.mls.protocol.tree.TreeKem" time="0.004"/>
  <testcase name="a new update path generated by the sender should be successfully processed" classname="com.github.traderjoe95.mls.protocol.tree.TreeKem" time="0.003"/>
  <testcase name="the update path should be parent-hash valid" classname="com.github.traderjoe95.mls.protocol.tree.TreeKem" time="0.001"/>
  <testcase name="the tree hash after merging the update path should be fed86061466d099ebf2ff3c66a507dded2f601357a1c56fb15fefce8be248365364bbd09c1233b61aafc8b46fd1a4697e75da5706b99558da3a2b535cb785394" classname="com.github.traderjoe95.mls.protocol.tree.TreeKem" time="0.001"/>
  <testcase name="the decrypted path secret should be 971bf4bff2e562d56a4714880fdca3d1fdd9514ecd84c818bf32ad7aadbf48e986ffbbf39adbecfac3f8f4f6341bff1f3201e65451c3691f90e617869a4aa7d5" classname="com.github.traderjoe95.mls.protocol.tree.TreeKem" time="0.004"/>
  <testcase name="a new update path generated by the sender should be successfully processed" classname="com.github.traderjoe95.mls.protocol.tree.TreeKem" time="0.004"/>
  <testcase name="the update path should be parent-hash valid" classname="com.github.traderjoe95.mls.protocol.tree.TreeKem" time="0.0"/>
  <testcase name="the tree hash after merging the update path should be fed86061466d099ebf2ff3c66a507dded2f601357a1c56fb15fefce8be248365364bbd09c1233b61aafc8b46fd1a4697e75da5706b99558da3a2b535cb785394" classname="com.github.traderjoe95.mls.protocol.tree.TreeKem" time="0.0"/>
  <testcase name="the decrypted path secret should be 971bf4bff2e562d56a4714880fdca3d1fdd9514ecd84c818bf32ad7aadbf48e986ffbbf39adbecfac3f8f4f6341bff1f3201e65451c3691f90e617869a4aa7d5" classname="com.github.traderjoe95.mls.protocol.tree.TreeKem" time="0.003"/>
  <testcase name="a new update path generated by the sender should be successfully processed" classname="com.github.traderjoe95.mls.protocol.tree.TreeKem" time="0.004"/>
  <testcase name="the update path should be parent-hash valid" classname="com.github.traderjoe95.mls.protocol.tree.TreeKem" time="0.0"/>
  <testcase name="the tree hash after merging the update path should be 2cdafb2a195564bf5b3fa89a095ec32d4f772026958f1053b76a4fab5e699fa304d7db5e1e75d6881a5719103ea4c60f2a0fd76fe05dfb4c8fc3a38557874612" classname="com.github.traderjoe95.mls.protocol.tree.TreeKem" time="0.0"/>
  <testcase name="the decrypted path secret should be deaaa15e8690b3cc31c9baf0c873d57ff87a1805759902112286237d43ae8e9150265f0af6febc3f9998f09681d4c8c0132f919dc9279fe52a8bd041d17a42d9" classname="com.github.traderjoe95.mls.protocol.tree.TreeKem" time="0.003"/>
  <testcase name="a new update path generated by the sender should be successfully processed" classname="com.github.traderjoe95.mls.protocol.tree.TreeKem" time="0.004"/>
  <testcase name="the update path should be parent-hash valid" classname="com.github.traderjoe95.mls.protocol.tree.TreeKem" time="0.0"/>
  <testcase name="the tree hash after merging the update path should be 2cdafb2a195564bf5b3fa89a095ec32d4f772026958f1053b76a4fab5e699fa304d7db5e1e75d6881a5719103ea4c60f2a0fd76fe05dfb4c8fc3a38557874612" classname="com.github.traderjoe95.mls.protocol.tree.TreeKem" time="0.0"/>
  <testcase name="the decrypted path secret should be deaaa15e8690b3cc31c9baf0c873d57ff87a1805759902112286237d43ae8e9150265f0af6febc3f9998f09681d4c8c0132f919dc9279fe52a8bd041d17a42d9" classname="com.github.traderjoe95.mls.protocol.tree.TreeKem" time="0.003"/>
  <testcase name="a new update path generated by the sender should be successfully processed" classname="com.github.traderjoe95.mls.protocol.tree.TreeKem" time="0.004"/>
  <testcase name="the update path should be parent-hash valid" classname="com.github.traderjoe95.mls.protocol.tree.TreeKem" time="0.0"/>
  <testcase name="the tree hash after merging the update path should be 2cdafb2a195564bf5b3fa89a095ec32d4f772026958f1053b76a4fab5e699fa304d7db5e1e75d6881a5719103ea4c60f2a0fd76fe05dfb4c8fc3a38557874612" classname="com.github.traderjoe95.mls.protocol.tree.TreeKem" time="0.0"/>
  <testcase name="the decrypted path secret should be ea3c4e2b6ecb5436bd18006439b20711894b1a8f81b102cd7a4e7fd49dd00301684ef241b5f4983288015e610ed488da529ae65dbdab7b64006a13dac8c2b83c" classname="com.github.traderjoe95.mls.protocol.tree.TreeKem" time="0.003"/>
  <testcase name="a new update path generated by the sender should be successfully processed" classname="com.github.traderjoe95.mls.protocol.tree.TreeKem" time="0.003"/>
  <testcase name="the update path should be parent-hash valid" classname="com.github.traderjoe95.mls.protocol.tree.TreeKem" time="0.0"/>
  <testcase name="the tree hash after merging the update path should be 2cdafb2a195564bf5b3fa89a095ec32d4f772026958f1053b76a4fab5e699fa304d7db5e1e75d6881a5719103ea4c60f2a0fd76fe05dfb4c8fc3a38557874612" classname="com.github.traderjoe95.mls.protocol.tree.TreeKem" time="0.0"/>
  <testcase name="the decrypted path secret should be e03f676c22ffcca256d6f3f3a038b672bd5631b03650ec9a2c445ebf9ae546d214f3c1ce9d2feb839107e492e06c501a8c0e98a4e8bb02e8ebb1662391d52d1d" classname="com.github.traderjoe95.mls.protocol.tree.TreeKem" time="0.003"/>
  <testcase name="a new update path generated by the sender should be successfully processed" classname="com.github.traderjoe95.mls.protocol.tree.TreeKem" time="0.003"/>
  <testcase name="the update path should be parent-hash valid" classname="com.github.traderjoe95.mls.protocol.tree.TreeKem" time="0.001"/>
  <testcase name="the tree hash after merging the update path should be 2cdafb2a195564bf5b3fa89a095ec32d4f772026958f1053b76a4fab5e699fa304d7db5e1e75d6881a5719103ea4c60f2a0fd76fe05dfb4c8fc3a38557874612" classname="com.github.traderjoe95.mls.protocol.tree.TreeKem" time="0.0"/>
  <testcase name="the decrypted path secret should be e03f676c22ffcca256d6f3f3a038b672bd5631b03650ec9a2c445ebf9ae546d214f3c1ce9d2feb839107e492e06c501a8c0e98a4e8bb02e8ebb1662391d52d1d" classname="com.github.traderjoe95.mls.protocol.tree.TreeKem" time="0.003"/>
  <testcase name="a new update path generated by the sender should be successfully processed" classname="com.github.traderjoe95.mls.protocol.tree.TreeKem" time="0.004"/>
  <testcase name="the update path should be parent-hash valid" classname="com.github.traderjoe95.mls.protocol.tree.TreeKem" time="0.0"/>
  <testcase name="the tree hash after merging the update path should be 2cdafb2a195564bf5b3fa89a095ec32d4f772026958f1053b76a4fab5e699fa304d7db5e1e75d6881a5719103ea4c60f2a0fd76fe05dfb4c8fc3a38557874612" classname="com.github.traderjoe95.mls.protocol.tree.TreeKem" time="0.001"/>
  <testcase name="the decrypted path secret should be e03f676c22ffcca256d6f3f3a038b672bd5631b03650ec9a2c445ebf9ae546d214f3c1ce9d2feb839107e492e06c501a8c0e98a4e8bb02e8ebb1662391d52d1d" classname="com.github.traderjoe95.mls.protocol.tree.TreeKem" time="0.004"/>
  <testcase name="a new update path generated by the sender should be successfully processed" classname="com.github.traderjoe95.mls.protocol.tree.TreeKem" time="0.004"/>
  <testcase name="the update path should be parent-hash valid" classname="com.github.traderjoe95.mls.protocol.tree.TreeKem" time="0.0"/>
  <testcase name="the tree hash after merging the update path should be d27def52b4ff04ac332af899815dbb34a6ad1291d2bcc37381d39e6b89ce86fcff5bdfcaeba62b74bc857ce16276599f9c78ef4e1e61c384ee7b0710f94c0aeb" classname="com.github.traderjoe95.mls.protocol.tree.TreeKem" time="0.0"/>
  <testcase name="the decrypted path secret should be d6103a729d7af9156bc635e4a3a102e66fb0e6e7ac9d7a646de0cda975052348733e1d5e513eba3d2e3cb90208d428e906f012c13df512fda5e11a9f3e53f2dd" classname="com.github.traderjoe95.mls.protocol.tree.TreeKem" time="0.005"/>
  <testcase name="a new update path generated by the sender should be successfully processed" classname="com.github.traderjoe95.mls.protocol.tree.TreeKem" time="0.004"/>
  <testcase name="the update path should be parent-hash valid" classname="com.github.traderjoe95.mls.protocol.tree.TreeKem" time="0.0"/>
  <testcase name="the tree hash after merging the update path should be d27def52b4ff04ac332af899815dbb34a6ad1291d2bcc37381d39e6b89ce86fcff5bdfcaeba62b74bc857ce16276599f9c78ef4e1e61c384ee7b0710f94c0aeb" classname="com.github.traderjoe95.mls.protocol.tree.TreeKem" time="0.0"/>
  <testcase name="the decrypted path secret should be d6103a729d7af9156bc635e4a3a102e66fb0e6e7ac9d7a646de0cda975052348733e1d5e513eba3d2e3cb90208d428e906f012c13df512fda5e11a9f3e53f2dd" classname="com.github.traderjoe95.mls.protocol.tree.TreeKem" time="0.003"/>
  <testcase name="a new update path generated by the sender should be successfully processed" classname="com.github.traderjoe95.mls.protocol.tree.TreeKem" time="0.004"/>
  <testcase name="the update path should be parent-hash valid" classname="com.github.traderjoe95.mls.protocol.tree.TreeKem" time="0.0"/>
  <testcase name="the tree hash after merging the update path should be d27def52b4ff04ac332af899815dbb34a6ad1291d2bcc37381d39e6b89ce86fcff5bdfcaeba62b74bc857ce16276599f9c78ef4e1e61c384ee7b0710f94c0aeb" classname="com.github.traderjoe95.mls.protocol.tree.TreeKem" time="0.0"/>
  <testcase name="the decrypted path secret should be d6103a729d7af9156bc635e4a3a102e66fb0e6e7ac9d7a646de0cda975052348733e1d5e513eba3d2e3cb90208d428e906f012c13df512fda5e11a9f3e53f2dd" classname="com.github.traderjoe95.mls.protocol.tree.TreeKem" time="0.004"/>
  <testcase name="a new update path generated by the sender should be successfully processed" classname="com.github.traderjoe95.mls.protocol.tree.TreeKem" time="0.004"/>
  <testcase name="the update path should be parent-hash valid" classname="com.github.traderjoe95.mls.protocol.tree.TreeKem" time="0.0"/>
  <testcase name="the tree hash after merging the update path should be d27def52b4ff04ac332af899815dbb34a6ad1291d2bcc37381d39e6b89ce86fcff5bdfcaeba62b74bc857ce16276599f9c78ef4e1e61c384ee7b0710f94c0aeb" classname="com.github.traderjoe95.mls.protocol.tree.TreeKem" time="0.0"/>
  <testcase name="the decrypted path secret should be d6103a729d7af9156bc635e4a3a102e66fb0e6e7ac9d7a646de0cda975052348733e1d5e513eba3d2e3cb90208d428e906f012c13df512fda5e11a9f3e53f2dd" classname="com.github.traderjoe95.mls.protocol.tree.TreeKem" time="0.004"/>
  <testcase name="a new update path generated by the sender should be successfully processed" classname="com.github.traderjoe95.mls.protocol.tree.TreeKem" time="0.004"/>
  <testcase name="the update path should be parent-hash valid" classname="com.github.traderjoe95.mls.protocol.tree.TreeKem" time="0.0"/>
  <testcase name="the tree hash after merging the update path should be d27def52b4ff04ac332af899815dbb34a6ad1291d2bcc37381d39e6b89ce86fcff5bdfcaeba62b74bc857ce16276599f9c78ef4e1e61c384ee7b0710f94c0aeb" classname="com.github.traderjoe95.mls.protocol.tree.TreeKem" time="0.0"/>
  <testcase name="the decrypted path secret should be d3eb43026f07ebbdfcbbddbd3f12061be0821e3c3ebd6eaff7fbda97fd639d32c99690e98c5b3c66c02d62a78ce962b21d732f6b6c7cc27590115a2984c4d379" classname="com.github.traderjoe95.mls.protocol.tree.TreeKem" time="0.004"/>
  <testcase name="a new update path generated by the sender should be successfully processed" classname="com.github.traderjoe95.mls.protocol.tree.TreeKem" time="0.004"/>
  <testcase name="the update path should be parent-hash valid" classname="com.github.traderjoe95.mls.protocol.tree.TreeKem" time="0.0"/>
  <testcase name="the tree hash after merging the update path should be d27def52b4ff04ac332af899815dbb34a6ad1291d2bcc37381d39e6b89ce86fcff5bdfcaeba62b74bc857ce16276599f9c78ef4e1e61c384ee7b0710f94c0aeb" classname="com.github.traderjoe95.mls.protocol.tree.TreeKem" time="0.001"/>
  <testcase name="the decrypted path secret should be 8873af2e1a8ec8cd936ed38258cb69dd29d510bda2b49c57d76f12943bf08f0dda56db4f5672f87a65f6f1957cabed4338f5cbbf98cade4c6d8dc280decb22ab" classname="com.github.traderjoe95.mls.protocol.tree.TreeKem" time="0.004"/>
  <testcase name="a new update path generated by the sender should be successfully processed" classname="com.github.traderjoe95.mls.protocol.tree.TreeKem" time="0.004"/>
  <testcase name="the update path should be parent-hash valid" classname="com.github.traderjoe95.mls.protocol.tree.TreeKem" time="0.001"/>
  <testcase name="the tree hash after merging the update path should be 921a9587026ad018b23f6404f2acb73feee049b40db0038cd59fb3404b4d200e4f0a928345546c2d8bb121b450952ebab21628c151899b79b932858880b21e9a" classname="com.github.traderjoe95.mls.protocol.tree.TreeKem" time="0.0"/>
  <testcase name="the decrypted path secret should be a2e511a42906b1220daa3b2ce4fc64d876fbb2324be4b7eab3db0e42d197efaacba748e43abf934fb38ab841d968296aed4772bdd90bceea5f2f7c89c2f4e2cf" classname="com.github.traderjoe95.mls.protocol.tree.TreeKem" time="0.004"/>
  <testcase name="a new update path generated by the sender should be successfully processed" classname="com.github.traderjoe95.mls.protocol.tree.TreeKem" time="0.004"/>
  <testcase name="the update path should be parent-hash valid" classname="com.github.traderjoe95.mls.protocol.tree.TreeKem" time="0.0"/>
  <testcase name="the tree hash after merging the update path should be 921a9587026ad018b23f6404f2acb73feee049b40db0038cd59fb3404b4d200e4f0a928345546c2d8bb121b450952ebab21628c151899b79b932858880b21e9a" classname="com.github.traderjoe95.mls.protocol.tree.TreeKem" time="0.001"/>
  <testcase name="the decrypted path secret should be a2e511a42906b1220daa3b2ce4fc64d876fbb2324be4b7eab3db0e42d197efaacba748e43abf934fb38ab841d968296aed4772bdd90bceea5f2f7c89c2f4e2cf" classname="com.github.traderjoe95.mls.protocol.tree.TreeKem" time="0.005"/>
  <testcase name="a new update path generated by the sender should be successfully processed" classname="com.github.traderjoe95.mls.protocol.tree.TreeKem" time="0.004"/>
  <testcase name="the update path should be parent-hash valid" classname="com.github.traderjoe95.mls.protocol.tree.TreeKem" time="0.0"/>
  <testcase name="the tree hash after merging the update path should be 921a9587026ad018b23f6404f2acb73feee049b40db0038cd59fb3404b4d200e4f0a928345546c2d8bb121b450952ebab21628c151899b79b932858880b21e9a" classname="com.github.traderjoe95.mls.protocol.tree.TreeKem" time="0.0"/>
  <testcase name="the decrypted path secret should be a2e511a42906b1220daa3b2ce4fc64d876fbb2324be4b7eab3db0e42d197efaacba748e43abf934fb38ab841d968296aed4772bdd90bceea5f2f7c89c2f4e2cf" classname="com.github.traderjoe95.mls.protocol.tree.TreeKem" time="0.004"/>
  <testcase name="a new update path generated by the sender should be successfully processed" classname="com.github.traderjoe95.mls.protocol.tree.TreeKem" time="0.005"/>
  <testcase name="the update path should be parent-hash valid" classname="com.github.traderjoe95.mls.protocol.tree.TreeKem" time="0.001"/>
  <testcase name="the tree hash after merging the update path should be 921a9587026ad018b23f6404f2acb73feee049b40db0038cd59fb3404b4d200e4f0a928345546c2d8bb121b450952ebab21628c151899b79b932858880b21e9a" classname="com.github.traderjoe95.mls.protocol.tree.TreeKem" time="0.001"/>
  <testcase name="the decrypted path secret should be a2e511a42906b1220daa3b2ce4fc64d876fbb2324be4b7eab3db0e42d197efaacba748e43abf934fb38ab841d968296aed4772bdd90bceea5f2f7c89c2f4e2cf" classname="com.github.traderjoe95.mls.protocol.tree.TreeKem" time="0.004"/>
  <testcase name="a new update path generated by the sender should be successfully processed" classname="com.github.traderjoe95.mls.protocol.tree.TreeKem" time="0.004"/>
  <testcase name="the update path should be parent-hash valid" classname="com.github.traderjoe95.mls.protocol.tree.TreeKem" time="0.001"/>
  <testcase name="the tree hash after merging the update path should be 921a9587026ad018b23f6404f2acb73feee049b40db0038cd59fb3404b4d200e4f0a928345546c2d8bb121b450952ebab21628c151899b79b932858880b21e9a" classname="com.github.traderjoe95.mls.protocol.tree.TreeKem" time="0.0"/>
  <testcase name="the decrypted path secret should be fa2e74cc789c005b05b6219f29886b7536dcf64ee80eb9901402a8b365d5dc9a4b51a973a2bedd4f6e0106799017a978830504aef7da2b153ba386764b430e8b" classname="com.github.traderjoe95.mls.protocol.tree.TreeKem" time="0.004"/>
  <testcase name="a new update path generated by the sender should be successfully processed" classname="com.github.traderjoe95.mls.protocol.tree.TreeKem" time="0.004"/>
  <testcase name="the update path should be parent-hash valid" classname="com.github.traderjoe95.mls.protocol.tree.TreeKem" time="0.0"/>
  <testcase name="the tree hash after merging the update path should be 921a9587026ad018b23f6404f2acb73feee049b40db0038cd59fb3404b4d200e4f0a928345546c2d8bb121b450952ebab21628c151899b79b932858880b21e9a" classname="com.github.traderjoe95.mls.protocol.tree.TreeKem" time="0.0"/>
  <testcase name="the decrypted path secret should be 31bcb9da845fa770b42628aa5896cad572a36ec5d837420a3b71a83c0e4aafc3dd20d128deeede9d70202cb245e234c806fafab656bad5cb4731ae064e73eb2a" classname="com.github.traderjoe95.mls.protocol.tree.TreeKem" time="0.003"/>
  <testcase name="a new update path generated by the sender should be successfully processed" classname="com.github.traderjoe95.mls.protocol.tree.TreeKem" time="0.004"/>
  <testcase name="the update path should be parent-hash valid" classname="com.github.traderjoe95.mls.protocol.tree.TreeKem" time="0.001"/>
  <testcase name="the tree hash after merging the update path should be 40d82023008c34164b5557386afaac54bb9f34bb61dc8e8bd3e79e04d79882373e768adcd4b8d5245ed2cf6fc7b068832cf45d1c3fcc0076acde5ff4fe5bf028" classname="com.github.traderjoe95.mls.protocol.tree.TreeKem" time="0.001"/>
  <testcase name="the decrypted path secret should be 070c626da97401a8b03912d5a543d80ff063ce10281220a5c2b2b2caac4879d1dceda12771e8f6f1e10e99d935a2d9478bbc4076f89526a7f2727edf02a7de5b" classname="com.github.traderjoe95.mls.protocol.tree.TreeKem" time="0.004"/>
  <testcase name="a new update path generated by the sender should be successfully processed" classname="com.github.traderjoe95.mls.protocol.tree.TreeKem" time="0.004"/>
  <testcase name="the update path should be parent-hash valid" classname="com.github.traderjoe95.mls.protocol.tree.TreeKem" time="0.0"/>
  <testcase name="the tree hash after merging the update path should be 40d82023008c34164b5557386afaac54bb9f34bb61dc8e8bd3e79e04d79882373e768adcd4b8d5245ed2cf6fc7b068832cf45d1c3fcc0076acde5ff4fe5bf028" classname="com.github.traderjoe95.mls.protocol.tree.TreeKem" time="0.001"/>
  <testcase name="the decrypted path secret should be 070c626da97401a8b03912d5a543d80ff063ce10281220a5c2b2b2caac4879d1dceda12771e8f6f1e10e99d935a2d9478bbc4076f89526a7f2727edf02a7de5b" classname="com.github.traderjoe95.mls.protocol.tree.TreeKem" time="0.003"/>
  <testcase name="a new update path generated by the sender should be successfully processed" classname="com.github.traderjoe95.mls.protocol.tree.TreeKem" time="0.004"/>
  <testcase name="the update path should be parent-hash valid" classname="com.github.traderjoe95.mls.protocol.tree.TreeKem" time="0.0"/>
  <testcase name="the tree hash after merging the update path should be 40d82023008c34164b5557386afaac54bb9f34bb61dc8e8bd3e79e04d79882373e768adcd4b8d5245ed2cf6fc7b068832cf45d1c3fcc0076acde5ff4fe5bf028" classname="com.github.traderjoe95.mls.protocol.tree.TreeKem" time="0.0"/>
  <testcase name="the decrypted path secret should be 070c626da97401a8b03912d5a543d80ff063ce10281220a5c2b2b2caac4879d1dceda12771e8f6f1e10e99d935a2d9478bbc4076f89526a7f2727edf02a7de5b" classname="com.github.traderjoe95.mls.protocol.tree.TreeKem" time="0.005"/>
  <testcase name="a new update path generated by the sender should be successfully processed" classname="com.github.traderjoe95.mls.protocol.tree.TreeKem" time="0.004"/>
  <testcase name="the update path should be parent-hash valid" classname="com.github.traderjoe95.mls.protocol.tree.TreeKem" time="0.001"/>
  <testcase name="the tree hash after merging the update path should be 40d82023008c34164b5557386afaac54bb9f34bb61dc8e8bd3e79e04d79882373e768adcd4b8d5245ed2cf6fc7b068832cf45d1c3fcc0076acde5ff4fe5bf028" classname="com.github.traderjoe95.mls.protocol.tree.TreeKem" time="0.0"/>
  <testcase name="the decrypted path secret should be 070c626da97401a8b03912d5a543d80ff063ce10281220a5c2b2b2caac4879d1dceda12771e8f6f1e10e99d935a2d9478bbc4076f89526a7f2727edf02a7de5b" classname="com.github.traderjoe95.mls.protocol.tree.TreeKem" time="0.003"/>
  <testcase name="a new update path generated by the sender should be successfully processed" classname="com.github.traderjoe95.mls.protocol.tree.TreeKem" time="0.004"/>
  <testcase name="the update path should be parent-hash valid" classname="com.github.traderjoe95.mls.protocol.tree.TreeKem" time="0.0"/>
  <testcase name="the tree hash after merging the update path should be 40d82023008c34164b5557386afaac54bb9f34bb61dc8e8bd3e79e04d79882373e768adcd4b8d5245ed2cf6fc7b068832cf45d1c3fcc0076acde5ff4fe5bf028" classname="com.github.traderjoe95.mls.protocol.tree.TreeKem" time="0.0"/>
  <testcase name="the decrypted path secret should be 929dfc7ab8ff8638f74997388baa7a7d706b45a1f1a11d019b9d0cdfe2606c269278159915af90e89f2d4aea781d0a1edd401d88324c7efc7a5bd6931a508f25" classname="com.github.traderjoe95.mls.protocol.tree.TreeKem" time="0.003"/>
  <testcase name="a new update path generated by the sender should be successfully processed" classname="com.github.traderjoe95.mls.protocol.tree.TreeKem" time="0.004"/>
  <testcase name="the update path should be parent-hash valid" classname="com.github.traderjoe95.mls.protocol.tree.TreeKem" time="0.0"/>
  <testcase name="the tree hash after merging the update path should be 40d82023008c34164b5557386afaac54bb9f34bb61dc8e8bd3e79e04d79882373e768adcd4b8d5245ed2cf6fc7b068832cf45d1c3fcc0076acde5ff4fe5bf028" classname="com.github.traderjoe95.mls.protocol.tree.TreeKem" time="0.0"/>
  <testcase name="the decrypted path secret should be 929dfc7ab8ff8638f74997388baa7a7d706b45a1f1a11d019b9d0cdfe2606c269278159915af90e89f2d4aea781d0a1edd401d88324c7efc7a5bd6931a508f25" classname="com.github.traderjoe95.mls.protocol.tree.TreeKem" time="0.004"/>
  <testcase name="a new update path generated by the sender should be successfully processed" classname="com.github.traderjoe95.mls.protocol.tree.TreeKem" time="0.003"/>
  <testcase name="non-blank leaf 0 should be consistent with the public state" classname="com.github.traderjoe95.mls.protocol.tree.TreeKem" time="0.012"/>
  <testcase name="non-blank leaf 1 should be consistent with the public state" classname="com.github.traderjoe95.mls.protocol.tree.TreeKem" time="0.022"/>
  <testcase name="non-blank leaf 2 should be consistent with the public state" classname="com.github.traderjoe95.mls.protocol.tree.TreeKem" time="0.011"/>
  <testcase name="non-blank leaf 3 should be consistent with the public state" classname="com.github.traderjoe95.mls.protocol.tree.TreeKem" time="0.011"/>
  <testcase name="non-blank leaf 4 should be consistent with the public state" classname="com.github.traderjoe95.mls.protocol.tree.TreeKem" time="0.011"/>
  <testcase name="non-blank leaf 5 should be consistent with the public state" classname="com.github.traderjoe95.mls.protocol.tree.TreeKem" time="0.01"/>
  <testcase name="non-blank leaf 6 should be consistent with the public state" classname="com.github.traderjoe95.mls.protocol.tree.TreeKem" time="0.011"/>
  <testcase name="non-blank leaf 7 should be consistent with the public state" classname="com.github.traderjoe95.mls.protocol.tree.TreeKem" time="0.011"/>
  <testcase name="the update path should be parent-hash valid" classname="com.github.traderjoe95.mls.protocol.tree.TreeKem" time="0.0"/>
  <testcase name="the tree hash after merging the update path should be 7f4b8127a8b2955b9f901d7229ee29da7c41b4e51220a13f4dc5319aa982f8d327b47284572539dce5c6335c662d92b0b068e443512b6912406a0ea53b547f0f" classname="com.github.traderjoe95.mls.protocol.tree.TreeKem" time="0.0"/>
  <testcase name="the decrypted path secret should be 1d25243acaf5958a18425b4ccc898679204631170b2131353e00ac14f0179b238122c7180ab99d6a6dfd1bb685c6cb9c4a1894b0534b4d0c52fcb1c3ad678148" classname="com.github.traderjoe95.mls.protocol.tree.TreeKem" time="0.003"/>
  <testcase name="a new update path generated by the sender should be successfully processed" classname="com.github.traderjoe95.mls.protocol.tree.TreeKem" time="0.003"/>
  <testcase name="the update path should be parent-hash valid" classname="com.github.traderjoe95.mls.protocol.tree.TreeKem" time="0.0"/>
  <testcase name="the tree hash after merging the update path should be 7f4b8127a8b2955b9f901d7229ee29da7c41b4e51220a13f4dc5319aa982f8d327b47284572539dce5c6335c662d92b0b068e443512b6912406a0ea53b547f0f" classname="com.github.traderjoe95.mls.protocol.tree.TreeKem" time="0.001"/>
  <testcase name="the decrypted path secret should be 34c26ec513691ca0b1e11c786d7f02cf7f837aa11c61d2adbd021328599c2b8a41981458678729724cc2ea86b6da1a7a603b6bdcffc02e2c79a8ff8336b7d71d" classname="com.github.traderjoe95.mls.protocol.tree.TreeKem" time="0.004"/>
  <testcase name="a new update path generated by the sender should be successfully processed" classname="com.github.traderjoe95.mls.protocol.tree.TreeKem" time="0.004"/>
  <testcase name="the update path should be parent-hash valid" classname="com.github.traderjoe95.mls.protocol.tree.TreeKem" time="0.0"/>
  <testcase name="the tree hash after merging the update path should be 7f4b8127a8b2955b9f901d7229ee29da7c41b4e51220a13f4dc5319aa982f8d327b47284572539dce5c6335c662d92b0b068e443512b6912406a0ea53b547f0f" classname="com.github.traderjoe95.mls.protocol.tree.TreeKem" time="0.0"/>
  <testcase name="the decrypted path secret should be 34c26ec513691ca0b1e11c786d7f02cf7f837aa11c61d2adbd021328599c2b8a41981458678729724cc2ea86b6da1a7a603b6bdcffc02e2c79a8ff8336b7d71d" classname="com.github.traderjoe95.mls.protocol.tree.TreeKem" time="0.003"/>
  <testcase name="a new update path generated by the sender should be successfully processed" classname="com.github.traderjoe95.mls.protocol.tree.TreeKem" time="0.004"/>
  <testcase name="the update path should be parent-hash valid" classname="com.github.traderjoe95.mls.protocol.tree.TreeKem" time="0.001"/>
  <testcase name="the tree hash after merging the update path should be 7f4b8127a8b2955b9f901d7229ee29da7c41b4e51220a13f4dc5319aa982f8d327b47284572539dce5c6335c662d92b0b068e443512b6912406a0ea53b547f0f" classname="com.github.traderjoe95.mls.protocol.tree.TreeKem" time="0.001"/>
  <testcase name="the decrypted path secret should be 80171ba520013c13a710743e9f58a51cac54e2434f40a5fc35dc71bbd6828281817bc2184bde275f2ce31b07005890cb34920b8e76ffb3912f43eafa4bfd65e8" classname="com.github.traderjoe95.mls.protocol.tree.TreeKem" time="0.004"/>
  <testcase name="a new update path generated by the sender should be successfully processed" classname="com.github.traderjoe95.mls.protocol.tree.TreeKem" time="0.009"/>
  <testcase name="the update path should be parent-hash valid" classname="com.github.traderjoe95.mls.protocol.tree.TreeKem" time="0.0"/>
  <testcase name="the tree hash after merging the update path should be 7f4b8127a8b2955b9f901d7229ee29da7c41b4e51220a13f4dc5319aa982f8d327b47284572539dce5c6335c662d92b0b068e443512b6912406a0ea53b547f0f" classname="com.github.traderjoe95.mls.protocol.tree.TreeKem" time="0.0"/>
  <testcase name="the decrypted path secret should be 80171ba520013c13a710743e9f58a51cac54e2434f40a5fc35dc71bbd6828281817bc2184bde275f2ce31b07005890cb34920b8e76ffb3912f43eafa4bfd65e8" classname="com.github.traderjoe95.mls.protocol.tree.TreeKem" time="0.003"/>
  <testcase name="a new update path generated by the sender should be successfully processed" classname="com.github.traderjoe95.mls.protocol.tree.TreeKem" time="0.003"/>
  <testcase name="the update path should be parent-hash valid" classname="com.github.traderjoe95.mls.protocol.tree.TreeKem" time="0.0"/>
  <testcase name="the tree hash after merging the update path should be 7f4b8127a8b2955b9f901d7229ee29da7c41b4e51220a13f4dc5319aa982f8d327b47284572539dce5c6335c662d92b0b068e443512b6912406a0ea53b547f0f" classname="com.github.traderjoe95.mls.protocol.tree.TreeKem" time="0.001"/>
  <testcase name="the decrypted path secret should be 80171ba520013c13a710743e9f58a51cac54e2434f40a5fc35dc71bbd6828281817bc2184bde275f2ce31b07005890cb34920b8e76ffb3912f43eafa4bfd65e8" classname="com.github.traderjoe95.mls.protocol.tree.TreeKem" time="0.004"/>
  <testcase name="a new update path generated by the sender should be successfully processed" classname="com.github.traderjoe95.mls.protocol.tree.TreeKem" time="0.005"/>
  <testcase name="the update path should be parent-hash valid" classname="com.github.traderjoe95.mls.protocol.tree.TreeKem" time="0.0"/>
  <testcase name="the tree hash after merging the update path should be 7f4b8127a8b2955b9f901d7229ee29da7c41b4e51220a13f4dc5319aa982f8d327b47284572539dce5c6335c662d92b0b068e443512b6912406a0ea53b547f0f" classname="com.github.traderjoe95.mls.protocol.tree.TreeKem" time="0.0"/>
  <testcase name="the decrypted path secret should be 80171ba520013c13a710743e9f58a51cac54e2434f40a5fc35dc71bbd6828281817bc2184bde275f2ce31b07005890cb34920b8e76ffb3912f43eafa4bfd65e8" classname="com.github.traderjoe95.mls.protocol.tree.TreeKem" time="0.003"/>
  <testcase name="a new update path generated by the sender should be successfully processed" classname="com.github.traderjoe95.mls.protocol.tree.TreeKem" time="0.004"/>
  <testcase name="the update path should be parent-hash valid" classname="com.github.traderjoe95.mls.protocol.tree.TreeKem" time="0.0"/>
  <testcase name="the tree hash after merging the update path should be 9f3c7f7ee62898a4d592c72484bd08f682b3c2edebe659639b73a8bb238a2a0605574cac3ad52e2387a0b866e83c0d28614a32bbd90b9ab1f2c56c06b259db58" classname="com.github.traderjoe95.mls.protocol.tree.TreeKem" time="0.0"/>
  <testcase name="the decrypted path secret should be 02931f37396f7bcbf323e97782accf082cb746c17c3743976837848b01e28b85ec6657d80f4f593671b7b1496043e2b64e5b8440158eaab8b7541d62ecb6bcef" classname="com.github.traderjoe95.mls.protocol.tree.TreeKem" time="0.004"/>
  <testcase name="a new update path generated by the sender should be successfully processed" classname="com.github.traderjoe95.mls.protocol.tree.TreeKem" time="0.004"/>
  <testcase name="the update path should be parent-hash valid" classname="com.github.traderjoe95.mls.protocol.tree.TreeKem" time="0.0"/>
  <testcase name="the tree hash after merging the update path should be 9f3c7f7ee62898a4d592c72484bd08f682b3c2edebe659639b73a8bb238a2a0605574cac3ad52e2387a0b866e83c0d28614a32bbd90b9ab1f2c56c06b259db58" classname="com.github.traderjoe95.mls.protocol.tree.TreeKem" time="0.0"/>
  <testcase name="the decrypted path secret should be 22642e10b2195d9ae2e6125a04a43a4b3baddb83f8cd4fb1a94c5086cdbaa871467d93714b98421f9c2438814a16fd09625ac1aeafba96854f431ed3f9b46985" classname="com.github.traderjoe95.mls.protocol.tree.TreeKem" time="0.003"/>
  <testcase name="a new update path generated by the sender should be successfully processed" classname="com.github.traderjoe95.mls.protocol.tree.TreeKem" time="0.005"/>
  <testcase name="the update path should be parent-hash valid" classname="com.github.traderjoe95.mls.protocol.tree.TreeKem" time="0.0"/>
  <testcase name="the tree hash after merging the update path should be 9f3c7f7ee62898a4d592c72484bd08f682b3c2edebe659639b73a8bb238a2a0605574cac3ad52e2387a0b866e83c0d28614a32bbd90b9ab1f2c56c06b259db58" classname="com.github.traderjoe95.mls.protocol.tree.TreeKem" time="0.0"/>
  <testcase name="the decrypted path secret should be 22642e10b2195d9ae2e6125a04a43a4b3baddb83f8cd4fb1a94c5086cdbaa871467d93714b98421f9c2438814a16fd09625ac1aeafba96854f431ed3f9b46985" classname="com.github.traderjoe95.mls.protocol.tree.TreeKem" time="0.003"/>
  <testcase name="a new update path generated by the sender should be successfully processed" classname="com.github.traderjoe95.mls.protocol.tree.TreeKem" time="0.005"/>
  <testcase name="the update path should be parent-hash valid" classname="com.github.traderjoe95.mls.protocol.tree.TreeKem" time="0.0"/>
  <testcase name="the tree hash after merging the update path should be 9f3c7f7ee62898a4d592c72484bd08f682b3c2edebe659639b73a8bb238a2a0605574cac3ad52e2387a0b866e83c0d28614a32bbd90b9ab1f2c56c06b259db58" classname="com.github.traderjoe95.mls.protocol.tree.TreeKem" time="0.0"/>
  <testcase name="the decrypted path secret should be 444c384f152c1d092d3d9c16d3954898b2ac6961e1d710c1a0998d77fab8e570a04e890a39458f57c9a819fc02037e391c32c4b85f01ca6cd3323e795142486a" classname="com.github.traderjoe95.mls.protocol.tree.TreeKem" time="0.004"/>
  <testcase name="a new update path generated by the sender should be successfully processed" classname="com.github.traderjoe95.mls.protocol.tree.TreeKem" time="0.004"/>
  <testcase name="the update path should be parent-hash valid" classname="com.github.traderjoe95.mls.protocol.tree.TreeKem" time="0.0"/>
  <testcase name="the tree hash after merging the update path should be 9f3c7f7ee62898a4d592c72484bd08f682b3c2edebe659639b73a8bb238a2a0605574cac3ad52e2387a0b866e83c0d28614a32bbd90b9ab1f2c56c06b259db58" classname="com.github.traderjoe95.mls.protocol.tree.TreeKem" time="0.0"/>
  <testcase name="the decrypted path secret should be 444c384f152c1d092d3d9c16d3954898b2ac6961e1d710c1a0998d77fab8e570a04e890a39458f57c9a819fc02037e391c32c4b85f01ca6cd3323e795142486a" classname="com.github.traderjoe95.mls.protocol.tree.TreeKem" time="0.003"/>
  <testcase name="a new update path generated by the sender should be successfully processed" classname="com.github.traderjoe95.mls.protocol.tree.TreeKem" time="0.004"/>
  <testcase name="the update path should be parent-hash valid" classname="com.github.traderjoe95.mls.protocol.tree.TreeKem" time="0.0"/>
  <testcase name="the tree hash after merging the update path should be 9f3c7f7ee62898a4d592c72484bd08f682b3c2edebe659639b73a8bb238a2a0605574cac3ad52e2387a0b866e83c0d28614a32bbd90b9ab1f2c56c06b259db58" classname="com.github.traderjoe95.mls.protocol.tree.TreeKem" time="0.001"/>
  <testcase name="the decrypted path secret should be 444c384f152c1d092d3d9c16d3954898b2ac6961e1d710c1a0998d77fab8e570a04e890a39458f57c9a819fc02037e391c32c4b85f01ca6cd3323e795142486a" classname="com.github.traderjoe95.mls.protocol.tree.TreeKem" time="0.004"/>
  <testcase name="a new update path generated by the sender should be successfully processed" classname="com.github.traderjoe95.mls.protocol.tree.TreeKem" time="0.004"/>
  <testcase name="the update path should be parent-hash valid" classname="com.github.traderjoe95.mls.protocol.tree.TreeKem" time="0.001"/>
  <testcase name="the tree hash after merging the update path should be 9f3c7f7ee62898a4d592c72484bd08f682b3c2edebe659639b73a8bb238a2a0605574cac3ad52e2387a0b866e83c0d28614a32bbd90b9ab1f2c56c06b259db58" classname="com.github.traderjoe95.mls.protocol.tree.TreeKem" time="0.001"/>
  <testcase name="the decrypted path secret should be 444c384f152c1d092d3d9c16d3954898b2ac6961e1d710c1a0998d77fab8e570a04e890a39458f57c9a819fc02037e391c32c4b85f01ca6cd3323e795142486a" classname="com.github.traderjoe95.mls.protocol.tree.TreeKem" time="0.004"/>
  <testcase name="a new update path generated by the sender should be successfully processed" classname="com.github.traderjoe95.mls.protocol.tree.TreeKem" time="0.004"/>
  <testcase name="the update path should be parent-hash valid" classname="com.github.traderjoe95.mls.protocol.tree.TreeKem" time="0.0"/>
  <testcase name="the tree hash after merging the update path should be a1b3b41fa698cc6578f8a6c133f85fd95ce809830570cba3aca9dba057385663c7165549471b571c4219e1e496ea24ac1257e40526976d9704972f24f9ea274f" classname="com.github.traderjoe95.mls.protocol.tree.TreeKem" time="0.0"/>
  <testcase name="the decrypted path secret should be f991086111f752406ced96a6ce137dc30bc6c85e458a30520db5dd098051e1edd7228456b492c43861964fa4b57793a546cd5668e4ea031fbc307ab2fdf22523" classname="com.github.traderjoe95.mls.protocol.tree.TreeKem" time="0.003"/>
  <testcase name="a new update path generated by the sender should be successfully processed" classname="com.github.traderjoe95.mls.protocol.tree.TreeKem" time="0.006"/>
  <testcase name="the update path should be parent-hash valid" classname="com.github.traderjoe95.mls.protocol.tree.TreeKem" time="0.0"/>
  <testcase name="the tree hash after merging the update path should be a1b3b41fa698cc6578f8a6c133f85fd95ce809830570cba3aca9dba057385663c7165549471b571c4219e1e496ea24ac1257e40526976d9704972f24f9ea274f" classname="com.github.traderjoe95.mls.protocol.tree.TreeKem" time="0.001"/>
  <testcase name="the decrypted path secret should be f991086111f752406ced96a6ce137dc30bc6c85e458a30520db5dd098051e1edd7228456b492c43861964fa4b57793a546cd5668e4ea031fbc307ab2fdf22523" classname="com.github.traderjoe95.mls.protocol.tree.TreeKem" time="0.004"/>
  <testcase name="a new update path generated by the sender should be successfully processed" classname="com.github.traderjoe95.mls.protocol.tree.TreeKem" time="0.004"/>
  <testcase name="the update path should be parent-hash valid" classname="com.github.traderjoe95.mls.protocol.tree.TreeKem" time="0.0"/>
  <testcase name="the tree hash after merging the update path should be a1b3b41fa698cc6578f8a6c133f85fd95ce809830570cba3aca9dba057385663c7165549471b571c4219e1e496ea24ac1257e40526976d9704972f24f9ea274f" classname="com.github.traderjoe95.mls.protocol.tree.TreeKem" time="0.0"/>
  <testcase name="the decrypted path secret should be 78ad8bc01d9cdba1c80d2ba9be70e07d936e1270be27e1f004d9edb4d8033077d8c567c6a0d25c140a2797a8aa2d2e821b0f78354c701908dc37a112bfcd6b86" classname="com.github.traderjoe95.mls.protocol.tree.TreeKem" time="0.004"/>
  <testcase name="a new update path generated by the sender should be successfully processed" classname="com.github.traderjoe95.mls.protocol.tree.TreeKem" time="0.004"/>
  <testcase name="the update path should be parent-hash valid" classname="com.github.traderjoe95.mls.protocol.tree.TreeKem" time="0.0"/>
  <testcase name="the tree hash after merging the update path should be a1b3b41fa698cc6578f8a6c133f85fd95ce809830570cba3aca9dba057385663c7165549471b571c4219e1e496ea24ac1257e40526976d9704972f24f9ea274f" classname="com.github.traderjoe95.mls.protocol.tree.TreeKem" time="0.001"/>
  <testcase name="the decrypted path secret should be 971bf4bff2e562d56a4714880fdca3d1fdd9514ecd84c818bf32ad7aadbf48e986ffbbf39adbecfac3f8f4f6341bff1f3201e65451c3691f90e617869a4aa7d5" classname="com.github.traderjoe95.mls.protocol.tree.TreeKem" time="0.004"/>
  <testcase name="a new update path generated by the sender should be successfully processed" classname="com.github.traderjoe95.mls.protocol.tree.TreeKem" time="0.005"/>
  <testcase name="the update path should be parent-hash valid" classname="com.github.traderjoe95.mls.protocol.tree.TreeKem" time="0.001"/>
  <testcase name="the tree hash after merging the update path should be a1b3b41fa698cc6578f8a6c133f85fd95ce809830570cba3aca9dba057385663c7165549471b571c4219e1e496ea24ac1257e40526976d9704972f24f9ea274f" classname="com.github.traderjoe95.mls.protocol.tree.TreeKem" time="0.001"/>
  <testcase name="the decrypted path secret should be 971bf4bff2e562d56a4714880fdca3d1fdd9514ecd84c818bf32ad7aadbf48e986ffbbf39adbecfac3f8f4f6341bff1f3201e65451c3691f90e617869a4aa7d5" classname="com.github.traderjoe95.mls.protocol.tree.TreeKem" time="0.003"/>
  <testcase name="a new update path generated by the sender should be successfully processed" classname="com.github.traderjoe95.mls.protocol.tree.TreeKem" time="0.004"/>
  <testcase name="the update path should be parent-hash valid" classname="com.github.traderjoe95.mls.protocol.tree.TreeKem" time="0.0"/>
  <testcase name="the tree hash after merging the update path should be a1b3b41fa698cc6578f8a6c133f85fd95ce809830570cba3aca9dba057385663c7165549471b571c4219e1e496ea24ac1257e40526976d9704972f24f9ea274f" classname="com.github.traderjoe95.mls.protocol.tree.TreeKem" time="0.001"/>
  <testcase name="the decrypted path secret should be 971bf4bff2e562d56a4714880fdca3d1fdd9514ecd84c818bf32ad7aadbf48e986ffbbf39adbecfac3f8f4f6341bff1f3201e65451c3691f90e617869a4aa7d5" classname="com.github.traderjoe95.mls.protocol.tree.TreeKem" time="0.004"/>
  <testcase name="a new update path generated by the sender should be successfully processed" classname="com.github.traderjoe95.mls.protocol.tree.TreeKem" time="0.004"/>
  <testcase name="the update path should be parent-hash valid" classname="com.github.traderjoe95.mls.protocol.tree.TreeKem" time="0.0"/>
  <testcase name="the tree hash after merging the update path should be a1b3b41fa698cc6578f8a6c133f85fd95ce809830570cba3aca9dba057385663c7165549471b571c4219e1e496ea24ac1257e40526976d9704972f24f9ea274f" classname="com.github.traderjoe95.mls.protocol.tree.TreeKem" time="0.001"/>
  <testcase name="the decrypted path secret should be 971bf4bff2e562d56a4714880fdca3d1fdd9514ecd84c818bf32ad7aadbf48e986ffbbf39adbecfac3f8f4f6341bff1f3201e65451c3691f90e617869a4aa7d5" classname="com.github.traderjoe95.mls.protocol.tree.TreeKem" time="0.005"/>
  <testcase name="a new update path generated by the sender should be successfully processed" classname="com.github.traderjoe95.mls.protocol.tree.TreeKem" time="0.004"/>
  <testcase name="the update path should be parent-hash valid" classname="com.github.traderjoe95.mls.protocol.tree.TreeKem" time="0.001"/>
  <testcase name="the tree hash after merging the update path should be c7c1f0d869727d97454b590a13d000416d7f863e2fb8dd3bd7a9557a40f16e7599b5cd19dfbf826ea66cc0b4b7012068d88430c9b9376e20406bd1583400c157" classname="com.github.traderjoe95.mls.protocol.tree.TreeKem" time="0.0"/>
  <testcase name="the decrypted path secret should be deaaa15e8690b3cc31c9baf0c873d57ff87a1805759902112286237d43ae8e9150265f0af6febc3f9998f09681d4c8c0132f919dc9279fe52a8bd041d17a42d9" classname="com.github.traderjoe95.mls.protocol.tree.TreeKem" time="0.005"/>
  <testcase name="a new update path generated by the sender should be successfully processed" classname="com.github.traderjoe95.mls.protocol.tree.TreeKem" time="0.003"/>
  <testcase name="the update path should be parent-hash valid" classname="com.github.traderjoe95.mls.protocol.tree.TreeKem" time="0.001"/>
  <testcase name="the tree hash after merging the update path should be c7c1f0d869727d97454b590a13d000416d7f863e2fb8dd3bd7a9557a40f16e7599b5cd19dfbf826ea66cc0b4b7012068d88430c9b9376e20406bd1583400c157" classname="com.github.traderjoe95.mls.protocol.tree.TreeKem" time="0.0"/>
  <testcase name="the decrypted path secret should be deaaa15e8690b3cc31c9baf0c873d57ff87a1805759902112286237d43ae8e9150265f0af6febc3f9998f09681d4c8c0132f919dc9279fe52a8bd041d17a42d9" classname="com.github.traderjoe95.mls.protocol.tree.TreeKem" time="0.004"/>
  <testcase name="a new update path generated by the sender should be successfully processed" classname="com.github.traderjoe95.mls.protocol.tree.TreeKem" time="0.004"/>
  <testcase name="the update path should be parent-hash valid" classname="com.github.traderjoe95.mls.protocol.tree.TreeKem" time="0.0"/>
  <testcase name="the tree hash after merging the update path should be c7c1f0d869727d97454b590a13d000416d7f863e2fb8dd3bd7a9557a40f16e7599b5cd19dfbf826ea66cc0b4b7012068d88430c9b9376e20406bd1583400c157" classname="com.github.traderjoe95.mls.protocol.tree.TreeKem" time="0.0"/>
  <testcase name="the decrypted path secret should be ea3c4e2b6ecb5436bd18006439b20711894b1a8f81b102cd7a4e7fd49dd00301684ef241b5f4983288015e610ed488da529ae65dbdab7b64006a13dac8c2b83c" classname="com.github.traderjoe95.mls.protocol.tree.TreeKem" time="0.003"/>
  <testcase name="a new update path generated by the sender should be successfully processed" classname="com.github.traderjoe95.mls.protocol.tree.TreeKem" time="0.004"/>
  <testcase name="the update path should be parent-hash valid" classname="com.github.traderjoe95.mls.protocol.tree.TreeKem" time="0.001"/>
  <testcase name="the tree hash after merging the update path should be c7c1f0d869727d97454b590a13d000416d7f863e2fb8dd3bd7a9557a40f16e7599b5cd19dfbf826ea66cc0b4b7012068d88430c9b9376e20406bd1583400c157" classname="com.github.traderjoe95.mls.protocol.tree.TreeKem" time="0.001"/>
  <testcase name="the decrypted path secret should be e03f676c22ffcca256d6f3f3a038b672bd5631b03650ec9a2c445ebf9ae546d214f3c1ce9d2feb839107e492e06c501a8c0e98a4e8bb02e8ebb1662391d52d1d" classname="com.github.traderjoe95.mls.protocol.tree.TreeKem" time="0.005"/>
  <testcase name="a new update path generated by the sender should be successfully processed" classname="com.github.traderjoe95.mls.protocol.tree.TreeKem" time="0.009"/>
  <testcase name="the update path should be parent-hash valid" classname="com.github.traderjoe95.mls.protocol.tree.TreeKem" time="0.0"/>
  <testcase name="the tree hash after merging the update path should be c7c1f0d869727d97454b590a13d000416d7f863e2fb8dd3bd7a9557a40f16e7599b5cd19dfbf826ea66cc0b4b7012068d88430c9b9376e20406bd1583400c157" classname="com.github.traderjoe95.mls.protocol.tree.TreeKem" time="0.0"/>
  <testcase name="the decrypted path secret should be e03f676c22ffcca256d6f3f3a038b672bd5631b03650ec9a2c445ebf9ae546d214f3c1ce9d2feb839107e492e06c501a8c0e98a4e8bb02e8ebb1662391d52d1d" classname="com.github.traderjoe95.mls.protocol.tree.TreeKem" time="0.004"/>
  <testcase name="a new update path generated by the sender should be successfully processed" classname="com.github.traderjoe95.mls.protocol.tree.TreeKem" time="0.005"/>
  <testcase name="the update path should be parent-hash valid" classname="com.github.traderjoe95.mls.protocol.tree.TreeKem" time="0.001"/>
  <testcase name="the tree hash after merging the update path should be c7c1f0d869727d97454b590a13d000416d7f863e2fb8dd3bd7a9557a40f16e7599b5cd19dfbf826ea66cc0b4b7012068d88430c9b9376e20406bd1583400c157" classname="com.github.traderjoe95.mls.protocol.tree.TreeKem" time="0.001"/>
  <testcase name="the decrypted path secret should be e03f676c22ffcca256d6f3f3a038b672bd5631b03650ec9a2c445ebf9ae546d214f3c1ce9d2feb839107e492e06c501a8c0e98a4e8bb02e8ebb1662391d52d1d" classname="com.github.traderjoe95.mls.protocol.tree.TreeKem" time="0.004"/>
  <testcase name="a new update path generated by the sender should be successfully processed" classname="com.github.traderjoe95.mls.protocol.tree.TreeKem" time="0.004"/>
  <testcase name="the update path should be parent-hash valid" classname="com.github.traderjoe95.mls.protocol.tree.TreeKem" time="0.001"/>
  <testcase name="the tree hash after merging the update path should be c7c1f0d869727d97454b590a13d000416d7f863e2fb8dd3bd7a9557a40f16e7599b5cd19dfbf826ea66cc0b4b7012068d88430c9b9376e20406bd1583400c157" classname="com.github.traderjoe95.mls.protocol.tree.TreeKem" time="0.001"/>
  <testcase name="the decrypted path secret should be e03f676c22ffcca256d6f3f3a038b672bd5631b03650ec9a2c445ebf9ae546d214f3c1ce9d2feb839107e492e06c501a8c0e98a4e8bb02e8ebb1662391d52d1d" classname="com.github.traderjoe95.mls.protocol.tree.TreeKem" time="0.004"/>
  <testcase name="a new update path generated by the sender should be successfully processed" classname="com.github.traderjoe95.mls.protocol.tree.TreeKem" time="0.005"/>
  <testcase name="the update path should be parent-hash valid" classname="com.github.traderjoe95.mls.protocol.tree.TreeKem" time="0.0"/>
  <testcase name="the tree hash after merging the update path should be 1d47838b05ef392ad2f4984aa4dcda5a29d3dacf4c5812f11c62c8ed59ebf7431392f71e21cd1b26a25642ede79351253327d7cebbf8bb4f3cc464f8f29466cb" classname="com.github.traderjoe95.mls.protocol.tree.TreeKem" time="0.0"/>
  <testcase name="the decrypted path secret should be d6103a729d7af9156bc635e4a3a102e66fb0e6e7ac9d7a646de0cda975052348733e1d5e513eba3d2e3cb90208d428e906f012c13df512fda5e11a9f3e53f2dd" classname="com.github.traderjoe95.mls.protocol.tree.TreeKem" time="0.004"/>
  <testcase name="a new update path generated by the sender should be successfully processed" classname="com.github.traderjoe95.mls.protocol.tree.TreeKem" time="0.004"/>
  <testcase name="the update path should be parent-hash valid" classname="com.github.traderjoe95.mls.protocol.tree.TreeKem" time="0.0"/>
  <testcase name="the tree hash after merging the update path should be 1d47838b05ef392ad2f4984aa4dcda5a29d3dacf4c5812f11c62c8ed59ebf7431392f71e21cd1b26a25642ede79351253327d7cebbf8bb4f3cc464f8f29466cb" classname="com.github.traderjoe95.mls.protocol.tree.TreeKem" time="0.001"/>
  <testcase name="the decrypted path secret should be d6103a729d7af9156bc635e4a3a102e66fb0e6e7ac9d7a646de0cda975052348733e1d5e513eba3d2e3cb90208d428e906f012c13df512fda5e11a9f3e53f2dd" classname="com.github.traderjoe95.mls.protocol.tree.TreeKem" time="0.005"/>
  <testcase name="a new update path generated by the sender should be successfully processed" classname="com.github.traderjoe95.mls.protocol.tree.TreeKem" time="0.004"/>
  <testcase name="the update path should be parent-hash valid" classname="com.github.traderjoe95.mls.protocol.tree.TreeKem" time="0.0"/>
  <testcase name="the tree hash after merging the update path should be 1d47838b05ef392ad2f4984aa4dcda5a29d3dacf4c5812f11c62c8ed59ebf7431392f71e21cd1b26a25642ede79351253327d7cebbf8bb4f3cc464f8f29466cb" classname="com.github.traderjoe95.mls.protocol.tree.TreeKem" time="0.0"/>
  <testcase name="the decrypted path secret should be d6103a729d7af9156bc635e4a3a102e66fb0e6e7ac9d7a646de0cda975052348733e1d5e513eba3d2e3cb90208d428e906f012c13df512fda5e11a9f3e53f2dd" classname="com.github.traderjoe95.mls.protocol.tree.TreeKem" time="0.004"/>
  <testcase name="a new update path generated by the sender should be successfully processed" classname="com.github.traderjoe95.mls.protocol.tree.TreeKem" time="0.005"/>
  <testcase name="the update path should be parent-hash valid" classname="com.github.traderjoe95.mls.protocol.tree.TreeKem" time="0.001"/>
  <testcase name="the tree hash after merging the update path should be 1d47838b05ef392ad2f4984aa4dcda5a29d3dacf4c5812f11c62c8ed59ebf7431392f71e21cd1b26a25642ede79351253327d7cebbf8bb4f3cc464f8f29466cb" classname="com.github.traderjoe95.mls.protocol.tree.TreeKem" time="0.001"/>
  <testcase name="the decrypted path secret should be d6103a729d7af9156bc635e4a3a102e66fb0e6e7ac9d7a646de0cda975052348733e1d5e513eba3d2e3cb90208d428e906f012c13df512fda5e11a9f3e53f2dd" classname="com.github.traderjoe95.mls.protocol.tree.TreeKem" time="0.004"/>
  <testcase name="a new update path generated by the sender should be successfully processed" classname="com.github.traderjoe95.mls.protocol.tree.TreeKem" time="0.004"/>
  <testcase name="the update path should be parent-hash valid" classname="com.github.traderjoe95.mls.protocol.tree.TreeKem" time="0.0"/>
  <testcase name="the tree hash after merging the update path should be 1d47838b05ef392ad2f4984aa4dcda5a29d3dacf4c5812f11c62c8ed59ebf7431392f71e21cd1b26a25642ede79351253327d7cebbf8bb4f3cc464f8f29466cb" classname="com.github.traderjoe95.mls.protocol.tree.TreeKem" time="0.0"/>
  <testcase name="the decrypted path secret should be d3eb43026f07ebbdfcbbddbd3f12061be0821e3c3ebd6eaff7fbda97fd639d32c99690e98c5b3c66c02d62a78ce962b21d732f6b6c7cc27590115a2984c4d379" classname="com.github.traderjoe95.mls.protocol.tree.TreeKem" time="0.005"/>
  <testcase name="a new update path generated by the sender should be successfully processed" classname="com.github.traderjoe95.mls.protocol.tree.TreeKem" time="0.004"/>
  <testcase name="the update path should be parent-hash valid" classname="com.github.traderjoe95.mls.protocol.tree.TreeKem" time="0.0"/>
  <testcase name="the tree hash after merging the update path should be 1d47838b05ef392ad2f4984aa4dcda5a29d3dacf4c5812f11c62c8ed59ebf7431392f71e21cd1b26a25642ede79351253327d7cebbf8bb4f3cc464f8f29466cb" classname="com.github.traderjoe95.mls.protocol.tree.TreeKem" time="0.001"/>
  <testcase name="the decrypted path secret should be 8873af2e1a8ec8cd936ed38258cb69dd29d510bda2b49c57d76f12943bf08f0dda56db4f5672f87a65f6f1957cabed4338f5cbbf98cade4c6d8dc280decb22ab" classname="com.github.traderjoe95.mls.protocol.tree.TreeKem" time="0.004"/>
  <testcase name="a new update path generated by the sender should be successfully processed" classname="com.github.traderjoe95.mls.protocol.tree.TreeKem" time="0.005"/>
  <testcase name="the update path should be parent-hash valid" classname="com.github.traderjoe95.mls.protocol.tree.TreeKem" time="0.0"/>
  <testcase name="the tree hash after merging the update path should be 1d47838b05ef392ad2f4984aa4dcda5a29d3dacf4c5812f11c62c8ed59ebf7431392f71e21cd1b26a25642ede79351253327d7cebbf8bb4f3cc464f8f29466cb" classname="com.github.traderjoe95.mls.protocol.tree.TreeKem" time="0.001"/>
  <testcase name="the decrypted path secret should be 8873af2e1a8ec8cd936ed38258cb69dd29d510bda2b49c57d76f12943bf08f0dda56db4f5672f87a65f6f1957cabed4338f5cbbf98cade4c6d8dc280decb22ab" classname="com.github.traderjoe95.mls.protocol.tree.TreeKem" time="0.004"/>
  <testcase name="a new update path generated by the sender should be successfully processed" classname="com.github.traderjoe95.mls.protocol.tree.TreeKem" time="0.005"/>
  <testcase name="the update path should be parent-hash valid" classname="com.github.traderjoe95.mls.protocol.tree.TreeKem" time="0.001"/>
  <testcase name="the tree hash after merging the update path should be 8377be7bb452f4fddb237e50fe70cf0a07e89106ccafc602b1cc6aca2e51a490163a2830b6c42ea5562d68981d83fa6a8d605cf9b51945707569eedd6be09600" classname="com.github.traderjoe95.mls.protocol.tree.TreeKem" time="0.0"/>
  <testcase name="the decrypted path secret should be a2e511a42906b1220daa3b2ce4fc64d876fbb2324be4b7eab3db0e42d197efaacba748e43abf934fb38ab841d968296aed4772bdd90bceea5f2f7c89c2f4e2cf" classname="com.github.traderjoe95.mls.protocol.tree.TreeKem" time="0.004"/>
  <testcase name="a new update path generated by the sender should be successfully processed" classname="com.github.traderjoe95.mls.protocol.tree.TreeKem" time="0.004"/>
  <testcase name="the update path should be parent-hash valid" classname="com.github.traderjoe95.mls.protocol.tree.TreeKem" time="0.0"/>
  <testcase name="the tree hash after merging the update path should be 8377be7bb452f4fddb237e50fe70cf0a07e89106ccafc602b1cc6aca2e51a490163a2830b6c42ea5562d68981d83fa6a8d605cf9b51945707569eedd6be09600" classname="com.github.traderjoe95.mls.protocol.tree.TreeKem" time="0.001"/>
  <testcase name="the decrypted path secret should be a2e511a42906b1220daa3b2ce4fc64d876fbb2324be4b7eab3db0e42d197efaacba748e43abf934fb38ab841d968296aed4772bdd90bceea5f2f7c89c2f4e2cf" classname="com.github.traderjoe95.mls.protocol.tree.TreeKem" time="0.004"/>
  <testcase name="a new update path generated by the sender should be successfully processed" classname="com.github.traderjoe95.mls.protocol.tree.TreeKem" time="0.004"/>
  <testcase name="the update path should be parent-hash valid" classname="com.github.traderjoe95.mls.protocol.tree.TreeKem" time="0.0"/>
  <testcase name="the tree hash after merging the update path should be 8377be7bb452f4fddb237e50fe70cf0a07e89106ccafc602b1cc6aca2e51a490163a2830b6c42ea5562d68981d83fa6a8d605cf9b51945707569eedd6be09600" classname="com.github.traderjoe95.mls.protocol.tree.TreeKem" time="0.0"/>
  <testcase name="the decrypted path secret should be a2e511a42906b1220daa3b2ce4fc64d876fbb2324be4b7eab3db0e42d197efaacba748e43abf934fb38ab841d968296aed4772bdd90bceea5f2f7c89c2f4e2cf" classname="com.github.traderjoe95.mls.protocol.tree.TreeKem" time="0.004"/>
  <testcase name="a new update path generated by the sender should be successfully processed" classname="com.github.traderjoe95.mls.protocol.tree.TreeKem" time="0.004"/>
  <testcase name="the update path should be parent-hash valid" classname="com.github.traderjoe95.mls.protocol.tree.TreeKem" time="0.0"/>
  <testcase name="the tree hash after merging the update path should be 8377be7bb452f4fddb237e50fe70cf0a07e89106ccafc602b1cc6aca2e51a490163a2830b6c42ea5562d68981d83fa6a8d605cf9b51945707569eedd6be09600" classname="com.github.traderjoe95.mls.protocol.tree.TreeKem" time="0.0"/>
  <testcase name="the decrypted path secret should be a2e511a42906b1220daa3b2ce4fc64d876fbb2324be4b7eab3db0e42d197efaacba748e43abf934fb38ab841d968296aed4772bdd90bceea5f2f7c89c2f4e2cf" classname="com.github.traderjoe95.mls.protocol.tree.TreeKem" time="0.003"/>
  <testcase name="a new update path generated by the sender should be successfully processed" classname="com.github.traderjoe95.mls.protocol.tree.TreeKem" time="0.004"/>
  <testcase name="the update path should be parent-hash valid" classname="com.github.traderjoe95.mls.protocol.tree.TreeKem" time="0.0"/>
  <testcase name="the tree hash after merging the update path should be 8377be7bb452f4fddb237e50fe70cf0a07e89106ccafc602b1cc6aca2e51a490163a2830b6c42ea5562d68981d83fa6a8d605cf9b51945707569eedd6be09600" classname="com.github.traderjoe95.mls.protocol.tree.TreeKem" time="0.001"/>
  <testcase name="the decrypted path secret should be fa2e74cc789c005b05b6219f29886b7536dcf64ee80eb9901402a8b365d5dc9a4b51a973a2bedd4f6e0106799017a978830504aef7da2b153ba386764b430e8b" classname="com.github.traderjoe95.mls.protocol.tree.TreeKem" time="0.004"/>
  <testcase name="a new update path generated by the sender should be successfully processed" classname="com.github.traderjoe95.mls.protocol.tree.TreeKem" time="0.004"/>
  <testcase name="the update path should be parent-hash valid" classname="com.github.traderjoe95.mls.protocol.tree.TreeKem" time="0.0"/>
  <testcase name="the tree hash after merging the update path should be 8377be7bb452f4fddb237e50fe70cf0a07e89106ccafc602b1cc6aca2e51a490163a2830b6c42ea5562d68981d83fa6a8d605cf9b51945707569eedd6be09600" classname="com.github.traderjoe95.mls.protocol.tree.TreeKem" time="0.0"/>
  <testcase name="the decrypted path secret should be 31bcb9da845fa770b42628aa5896cad572a36ec5d837420a3b71a83c0e4aafc3dd20d128deeede9d70202cb245e234c806fafab656bad5cb4731ae064e73eb2a" classname="com.github.traderjoe95.mls.protocol.tree.TreeKem" time="0.004"/>
  <testcase name="a new update path generated by the sender should be successfully processed" classname="com.github.traderjoe95.mls.protocol.tree.TreeKem" time="0.004"/>
  <testcase name="the update path should be parent-hash valid" classname="com.github.traderjoe95.mls.protocol.tree.TreeKem" time="0.0"/>
  <testcase name="the tree hash after merging the update path should be 8377be7bb452f4fddb237e50fe70cf0a07e89106ccafc602b1cc6aca2e51a490163a2830b6c42ea5562d68981d83fa6a8d605cf9b51945707569eedd6be09600" classname="com.github.traderjoe95.mls.protocol.tree.TreeKem" time="0.0"/>
  <testcase name="the decrypted path secret should be 31bcb9da845fa770b42628aa5896cad572a36ec5d837420a3b71a83c0e4aafc3dd20d128deeede9d70202cb245e234c806fafab656bad5cb4731ae064e73eb2a" classname="com.github.traderjoe95.mls.protocol.tree.TreeKem" time="0.005"/>
  <testcase name="a new update path generated by the sender should be successfully processed" classname="com.github.traderjoe95.mls.protocol.tree.TreeKem" time="0.004"/>
  <testcase name="the update path should be parent-hash valid" classname="com.github.traderjoe95.mls.protocol.tree.TreeKem" time="0.0"/>
  <testcase name="the tree hash after merging the update path should be acfc030df8e94ca63c56d0b204579975dab948068ee30feccadfc0a3edb7d7c1f8ae7f49cbcd2760de8c9ea28f2735496c581ec61a4f4036068d7fb2ec23b9b5" classname="com.github.traderjoe95.mls.protocol.tree.TreeKem" time="0.0"/>
  <testcase name="the decrypted path secret should be fc69414e5356e0123699d323e157d39e92ae3a2526b59fb1f3813289c17933f2b9d6ac395237ceeffd7dcf4199da7962fe0d3e859145ce708e8f5c48b42abe2e" classname="com.github.traderjoe95.mls.protocol.tree.TreeKem" time="0.004"/>
  <testcase name="a new update path generated by the sender should be successfully processed" classname="com.github.traderjoe95.mls.protocol.tree.TreeKem" time="0.004"/>
  <testcase name="the update path should be parent-hash valid" classname="com.github.traderjoe95.mls.protocol.tree.TreeKem" time="0.0"/>
  <testcase name="the tree hash after merging the update path should be acfc030df8e94ca63c56d0b204579975dab948068ee30feccadfc0a3edb7d7c1f8ae7f49cbcd2760de8c9ea28f2735496c581ec61a4f4036068d7fb2ec23b9b5" classname="com.github.traderjoe95.mls.protocol.tree.TreeKem" time="0.0"/>
  <testcase name="the decrypted path secret should be fc69414e5356e0123699d323e157d39e92ae3a2526b59fb1f3813289c17933f2b9d6ac395237ceeffd7dcf4199da7962fe0d3e859145ce708e8f5c48b42abe2e" classname="com.github.traderjoe95.mls.protocol.tree.TreeKem" time="0.003"/>
  <testcase name="a new update path generated by the sender should be successfully processed" classname="com.github.traderjoe95.mls.protocol.tree.TreeKem" time="0.004"/>
  <testcase name="the update path should be parent-hash valid" classname="com.github.traderjoe95.mls.protocol.tree.TreeKem" time="0.0"/>
  <testcase name="the tree hash after merging the update path should be acfc030df8e94ca63c56d0b204579975dab948068ee30feccadfc0a3edb7d7c1f8ae7f49cbcd2760de8c9ea28f2735496c581ec61a4f4036068d7fb2ec23b9b5" classname="com.github.traderjoe95.mls.protocol.tree.TreeKem" time="0.001"/>
  <testcase name="the decrypted path secret should be fc69414e5356e0123699d323e157d39e92ae3a2526b59fb1f3813289c17933f2b9d6ac395237ceeffd7dcf4199da7962fe0d3e859145ce708e8f5c48b42abe2e" classname="com.github.traderjoe95.mls.protocol.tree.TreeKem" time="0.004"/>
  <testcase name="a new update path generated by the sender should be successfully processed" classname="com.github.traderjoe95.mls.protocol.tree.TreeKem" time="0.003"/>
  <testcase name="the update path should be parent-hash valid" classname="com.github.traderjoe95.mls.protocol.tree.TreeKem" time="0.0"/>
  <testcase name="the tree hash after merging the update path should be acfc030df8e94ca63c56d0b204579975dab948068ee30feccadfc0a3edb7d7c1f8ae7f49cbcd2760de8c9ea28f2735496c581ec61a4f4036068d7fb2ec23b9b5" classname="com.github.traderjoe95.mls.protocol.tree.TreeKem" time="0.001"/>
  <testcase name="the decrypted path secret should be fc69414e5356e0123699d323e157d39e92ae3a2526b59fb1f3813289c17933f2b9d6ac395237ceeffd7dcf4199da7962fe0d3e859145ce708e8f5c48b42abe2e" classname="com.github.traderjoe95.mls.protocol.tree.TreeKem" time="0.009"/>
  <testcase name="a new update path generated by the sender should be successfully processed" classname="com.github.traderjoe95.mls.protocol.tree.TreeKem" time="0.004"/>
  <testcase name="the update path should be parent-hash valid" classname="com.github.traderjoe95.mls.protocol.tree.TreeKem" time="0.0"/>
  <testcase name="the tree hash after merging the update path should be acfc030df8e94ca63c56d0b204579975dab948068ee30feccadfc0a3edb7d7c1f8ae7f49cbcd2760de8c9ea28f2735496c581ec61a4f4036068d7fb2ec23b9b5" classname="com.github.traderjoe95.mls.protocol.tree.TreeKem" time="0.0"/>
  <testcase name="the decrypted path secret should be 070c626da97401a8b03912d5a543d80ff063ce10281220a5c2b2b2caac4879d1dceda12771e8f6f1e10e99d935a2d9478bbc4076f89526a7f2727edf02a7de5b" classname="com.github.traderjoe95.mls.protocol.tree.TreeKem" time="0.003"/>
  <testcase name="a new update path generated by the sender should be successfully processed" classname="com.github.traderjoe95.mls.protocol.tree.TreeKem" time="0.004"/>
  <testcase name="the update path should be parent-hash valid" classname="com.github.traderjoe95.mls.protocol.tree.TreeKem" time="0.0"/>
  <testcase name="the tree hash after merging the update path should be acfc030df8e94ca63c56d0b204579975dab948068ee30feccadfc0a3edb7d7c1f8ae7f49cbcd2760de8c9ea28f2735496c581ec61a4f4036068d7fb2ec23b9b5" classname="com.github.traderjoe95.mls.protocol.tree.TreeKem" time="0.001"/>
  <testcase name="the decrypted path secret should be 070c626da97401a8b03912d5a543d80ff063ce10281220a5c2b2b2caac4879d1dceda12771e8f6f1e10e99d935a2d9478bbc4076f89526a7f2727edf02a7de5b" classname="com.github.traderjoe95.mls.protocol.tree.TreeKem" time="0.004"/>
  <testcase name="a new update path generated by the sender should be successfully processed" classname="com.github.traderjoe95.mls.protocol.tree.TreeKem" time="0.005"/>
  <testcase name="the update path should be parent-hash valid" classname="com.github.traderjoe95.mls.protocol.tree.TreeKem" time="0.0"/>
  <testcase name="the tree hash after merging the update path should be acfc030df8e94ca63c56d0b204579975dab948068ee30feccadfc0a3edb7d7c1f8ae7f49cbcd2760de8c9ea28f2735496c581ec61a4f4036068d7fb2ec23b9b5" classname="com.github.traderjoe95.mls.protocol.tree.TreeKem" time="0.0"/>
  <testcase name="the decrypted path secret should be 929dfc7ab8ff8638f74997388baa7a7d706b45a1f1a11d019b9d0cdfe2606c269278159915af90e89f2d4aea781d0a1edd401d88324c7efc7a5bd6931a508f25" classname="com.github.traderjoe95.mls.protocol.tree.TreeKem" time="0.003"/>
  <testcase name="a new update path generated by the sender should be successfully processed" classname="com.github.traderjoe95.mls.protocol.tree.TreeKem" time="0.004"/>
  <testcase name="the update path should be parent-hash valid" classname="com.github.traderjoe95.mls.protocol.tree.TreeKem" time="0.001"/>
  <testcase name="the tree hash after merging the update path should be 04b67d2e2506812500d5be22bf5d04e1621b808caea0d4c79ab6a655d8cabb3e928ced021816c7c76442c16dfbf19d3ad373aa5de438708fe21bf5df8b64bfc7" classname="com.github.traderjoe95.mls.protocol.tree.TreeKem" time="0.001"/>
  <testcase name="the decrypted path secret should be 2e706dded6c740a0ab124c45c56b36a93509b1d1ba1096f91fe2b188ea56bdf6751138c15b1b93dc522d9774839305b41c142cc67f58ba3d1f9368d49fb9df95" classname="com.github.traderjoe95.mls.protocol.tree.TreeKem" time="0.004"/>
  <testcase name="a new update path generated by the sender should be successfully processed" classname="com.github.traderjoe95.mls.protocol.tree.TreeKem" time="0.004"/>
  <testcase name="the update path should be parent-hash valid" classname="com.github.traderjoe95.mls.protocol.tree.TreeKem" time="0.0"/>
  <testcase name="the tree hash after merging the update path should be 04b67d2e2506812500d5be22bf5d04e1621b808caea0d4c79ab6a655d8cabb3e928ced021816c7c76442c16dfbf19d3ad373aa5de438708fe21bf5df8b64bfc7" classname="com.github.traderjoe95.mls.protocol.tree.TreeKem" time="0.0"/>
  <testcase name="the decrypted path secret should be 2e706dded6c740a0ab124c45c56b36a93509b1d1ba1096f91fe2b188ea56bdf6751138c15b1b93dc522d9774839305b41c142cc67f58ba3d1f9368d49fb9df95" classname="com.github.traderjoe95.mls.protocol.tree.TreeKem" time="0.003"/>
  <testcase name="a new update path generated by the sender should be successfully processed" classname="com.github.traderjoe95.mls.protocol.tree.TreeKem" time="0.004"/>
  <testcase name="the update path should be parent-hash valid" classname="com.github.traderjoe95.mls.protocol.tree.TreeKem" time="0.0"/>
  <testcase name="the tree hash after merging the update path should be 04b67d2e2506812500d5be22bf5d04e1621b808caea0d4c79ab6a655d8cabb3e928ced021816c7c76442c16dfbf19d3ad373aa5de438708fe21bf5df8b64bfc7" classname="com.github.traderjoe95.mls.protocol.tree.TreeKem" time="0.0"/>
  <testcase name="the decrypted path secret should be 2e706dded6c740a0ab124c45c56b36a93509b1d1ba1096f91fe2b188ea56bdf6751138c15b1b93dc522d9774839305b41c142cc67f58ba3d1f9368d49fb9df95" classname="com.github.traderjoe95.mls.protocol.tree.TreeKem" time="0.004"/>
  <testcase name="a new update path generated by the sender should be successfully processed" classname="com.github.traderjoe95.mls.protocol.tree.TreeKem" time="0.004"/>
  <testcase name="the update path should be parent-hash valid" classname="com.github.traderjoe95.mls.protocol.tree.TreeKem" time="0.0"/>
  <testcase name="the tree hash after merging the update path should be 04b67d2e2506812500d5be22bf5d04e1621b808caea0d4c79ab6a655d8cabb3e928ced021816c7c76442c16dfbf19d3ad373aa5de438708fe21bf5df8b64bfc7" classname="com.github.traderjoe95.mls.protocol.tree.TreeKem" time="0.0"/>
  <testcase name="the decrypted path secret should be 2e706dded6c740a0ab124c45c56b36a93509b1d1ba1096f91fe2b188ea56bdf6751138c15b1b93dc522d9774839305b41c142cc67f58ba3d1f9368d49fb9df95" classname="com.github.traderjoe95.mls.protocol.tree.TreeKem" time="0.003"/>
  <testcase name="a new update path generated by the sender should be successfully processed" classname="com.github.traderjoe95.mls.protocol.tree.TreeKem" time="0.004"/>
  <testcase name="the update path should be parent-hash valid" classname="com.github.traderjoe95.mls.protocol.tree.TreeKem" time="0.0"/>
  <testcase name="the tree hash after merging the update path should be 04b67d2e2506812500d5be22bf5d04e1621b808caea0d4c79ab6a655d8cabb3e928ced021816c7c76442c16dfbf19d3ad373aa5de438708fe21bf5df8b64bfc7" classname="com.github.traderjoe95.mls.protocol.tree.TreeKem" time="0.0"/>
  <testcase name="the decrypted path secret should be 021be6214bb2546cac01533912c4320ce982c6c680014370466f2244b7d6727c40ff54aecf4c52eab4ca3975cae3fea54c7a261c371f7e38605855975e554187" classname="com.github.traderjoe95.mls.protocol.tree.TreeKem" time="0.003"/>
  <testcase name="a new update path generated by the sender should be successfully processed" classname="com.github.traderjoe95.mls.protocol.tree.TreeKem" time="0.003"/>
  <testcase name="the update path should be parent-hash valid" classname="com.github.traderjoe95.mls.protocol.tree.TreeKem" time="0.001"/>
  <testcase name="the tree hash after merging the update path should be 04b67d2e2506812500d5be22bf5d04e1621b808caea0d4c79ab6a655d8cabb3e928ced021816c7c76442c16dfbf19d3ad373aa5de438708fe21bf5df8b64bfc7" classname="com.github.traderjoe95.mls.protocol.tree.TreeKem" time="0.001"/>
  <testcase name="the decrypted path secret should be 021be6214bb2546cac01533912c4320ce982c6c680014370466f2244b7d6727c40ff54aecf4c52eab4ca3975cae3fea54c7a261c371f7e38605855975e554187" classname="com.github.traderjoe95.mls.protocol.tree.TreeKem" time="0.003"/>
  <testcase name="a new update path generated by the sender should be successfully processed" classname="com.github.traderjoe95.mls.protocol.tree.TreeKem" time="0.004"/>
  <testcase name="the update path should be parent-hash valid" classname="com.github.traderjoe95.mls.protocol.tree.TreeKem" time="0.0"/>
  <testcase name="the tree hash after merging the update path should be 04b67d2e2506812500d5be22bf5d04e1621b808caea0d4c79ab6a655d8cabb3e928ced021816c7c76442c16dfbf19d3ad373aa5de438708fe21bf5df8b64bfc7" classname="com.github.traderjoe95.mls.protocol.tree.TreeKem" time="0.001"/>
  <testcase name="the decrypted path secret should be 8a545e3ff778c03541b5abade0c29c13a54a0e471f96745b88976004239c9c5470b6485d49e9072455e0ba8876c16ec7c8689e0a4191b9ce96e386285a42afc8" classname="com.github.traderjoe95.mls.protocol.tree.TreeKem" time="0.004"/>
  <testcase name="a new update path generated by the sender should be successfully processed" classname="com.github.traderjoe95.mls.protocol.tree.TreeKem" time="0.004"/>
  <testcase name="non-blank leaf 0 should be consistent with the public state" classname="com.github.traderjoe95.mls.protocol.tree.TreeKem" time="0.011"/>
  <testcase name="non-blank leaf 1 should be consistent with the public state" classname="com.github.traderjoe95.mls.protocol.tree.TreeKem" time="0.011"/>
  <testcase name="non-blank leaf 2 should be consistent with the public state" classname="com.github.traderjoe95.mls.protocol.tree.TreeKem" time="0.007"/>
  <testcase name="non-blank leaf 4 should be consistent with the public state" classname="com.github.traderjoe95.mls.protocol.tree.TreeKem" time="0.01"/>
  <testcase name="non-blank leaf 5 should be consistent with the public state" classname="com.github.traderjoe95.mls.protocol.tree.TreeKem" time="0.014"/>
  <testcase name="non-blank leaf 6 should be consistent with the public state" classname="com.github.traderjoe95.mls.protocol.tree.TreeKem" time="0.011"/>
  <testcase name="non-blank leaf 7 should be consistent with the public state" classname="com.github.traderjoe95.mls.protocol.tree.TreeKem" time="0.011"/>
  <testcase name="the update path should be parent-hash valid" classname="com.github.traderjoe95.mls.protocol.tree.TreeKem" time="0.001"/>
  <testcase name="the tree hash after merging the update path should be e3384c7030bd635fe59f86e6fcf119413741299bb5b1527662ac1de48442ace5ea58b6d0d818279078df45f897ca0e3d351e368d7eb927814960c236006c3df1" classname="com.github.traderjoe95.mls.protocol.tree.TreeKem" time="0.001"/>
  <testcase name="the decrypted path secret should be 1d25243acaf5958a18425b4ccc898679204631170b2131353e00ac14f0179b238122c7180ab99d6a6dfd1bb685c6cb9c4a1894b0534b4d0c52fcb1c3ad678148" classname="com.github.traderjoe95.mls.protocol.tree.TreeKem" time="0.004"/>
  <testcase name="a new update path generated by the sender should be successfully processed" classname="com.github.traderjoe95.mls.protocol.tree.TreeKem" time="0.004"/>
  <testcase name="the update path should be parent-hash valid" classname="com.github.traderjoe95.mls.protocol.tree.TreeKem" time="0.0"/>
  <testcase name="the tree hash after merging the update path should be e3384c7030bd635fe59f86e6fcf119413741299bb5b1527662ac1de48442ace5ea58b6d0d818279078df45f897ca0e3d351e368d7eb927814960c236006c3df1" classname="com.github.traderjoe95.mls.protocol.tree.TreeKem" time="0.0"/>
  <testcase name="the decrypted path secret should be 34c26ec513691ca0b1e11c786d7f02cf7f837aa11c61d2adbd021328599c2b8a41981458678729724cc2ea86b6da1a7a603b6bdcffc02e2c79a8ff8336b7d71d" classname="com.github.traderjoe95.mls.protocol.tree.TreeKem" time="0.004"/>
  <testcase name="a new update path generated by the sender should be successfully processed" classname="com.github.traderjoe95.mls.protocol.tree.TreeKem" time="0.004"/>
  <testcase name="the update path should be parent-hash valid" classname="com.github.traderjoe95.mls.protocol.tree.TreeKem" time="0.0"/>
  <testcase name="the tree hash after merging the update path should be e3384c7030bd635fe59f86e6fcf119413741299bb5b1527662ac1de48442ace5ea58b6d0d818279078df45f897ca0e3d351e368d7eb927814960c236006c3df1" classname="com.github.traderjoe95.mls.protocol.tree.TreeKem" time="0.004"/>
  <testcase name="the decrypted path secret should be 80171ba520013c13a710743e9f58a51cac54e2434f40a5fc35dc71bbd6828281817bc2184bde275f2ce31b07005890cb34920b8e76ffb3912f43eafa4bfd65e8" classname="com.github.traderjoe95.mls.protocol.tree.TreeKem" time="0.005"/>
  <testcase name="a new update path generated by the sender should be successfully processed" classname="com.github.traderjoe95.mls.protocol.tree.TreeKem" time="0.005"/>
  <testcase name="the update path should be parent-hash valid" classname="com.github.traderjoe95.mls.protocol.tree.TreeKem" time="0.0"/>
  <testcase name="the tree hash after merging the update path should be e3384c7030bd635fe59f86e6fcf119413741299bb5b1527662ac1de48442ace5ea58b6d0d818279078df45f897ca0e3d351e368d7eb927814960c236006c3df1" classname="com.github.traderjoe95.mls.protocol.tree.TreeKem" time="0.0"/>
  <testcase name="the decrypted path secret should be 80171ba520013c13a710743e9f58a51cac54e2434f40a5fc35dc71bbd6828281817bc2184bde275f2ce31b07005890cb34920b8e76ffb3912f43eafa4bfd65e8" classname="com.github.traderjoe95.mls.protocol.tree.TreeKem" time="0.004"/>
  <testcase name="a new update path generated by the sender should be successfully processed" classname="com.github.traderjoe95.mls.protocol.tree.TreeKem" time="0.005"/>
  <testcase name="the update path should be parent-hash valid" classname="com.github.traderjoe95.mls.protocol.tree.TreeKem" time="0.0"/>
  <testcase name="the tree hash after merging the update path should be e3384c7030bd635fe59f86e6fcf119413741299bb5b1527662ac1de48442ace5ea58b6d0d818279078df45f897ca0e3d351e368d7eb927814960c236006c3df1" classname="com.github.traderjoe95.mls.protocol.tree.TreeKem" time="0.0"/>
  <testcase name="the decrypted path secret should be 80171ba520013c13a710743e9f58a51cac54e2434f40a5fc35dc71bbd6828281817bc2184bde275f2ce31b07005890cb34920b8e76ffb3912f43eafa4bfd65e8" classname="com.github.traderjoe95.mls.protocol.tree.TreeKem" time="0.005"/>
  <testcase name="a new update path generated by the sender should be successfully processed" classname="com.github.traderjoe95.mls.protocol.tree.TreeKem" time="0.005"/>
  <testcase name="the update path should be parent-hash valid" classname="com.github.traderjoe95.mls.protocol.tree.TreeKem" time="0.001"/>
  <testcase name="the tree hash after merging the update path should be e3384c7030bd635fe59f86e6fcf119413741299bb5b1527662ac1de48442ace5ea58b6d0d818279078df45f897ca0e3d351e368d7eb927814960c236006c3df1" classname="com.github.traderjoe95.mls.protocol.tree.TreeKem" time="0.001"/>
  <testcase name="the decrypted path secret should be 80171ba520013c13a710743e9f58a51cac54e2434f40a5fc35dc71bbd6828281817bc2184bde275f2ce31b07005890cb34920b8e76ffb3912f43eafa4bfd65e8" classname="com.github.traderjoe95.mls.protocol.tree.TreeKem" time="0.004"/>
  <testcase name="a new update path generated by the sender should be successfully processed" classname="com.github.traderjoe95.mls.protocol.tree.TreeKem" time="0.005"/>
  <testcase name="the update path should be parent-hash valid" classname="com.github.traderjoe95.mls.protocol.tree.TreeKem" time="0.0"/>
  <testcase name="the tree hash after merging the update path should be 4313571800a040d8404bd7ad62fe5b42d232c44ce74d5ae4ab9648a371cb6d5fcc2285a45678c10c5fc4ca36086a29115a0e1e29944514b7746f6e5278f41e98" classname="com.github.traderjoe95.mls.protocol.tree.TreeKem" time="0.0"/>
  <testcase name="the decrypted path secret should be 02931f37396f7bcbf323e97782accf082cb746c17c3743976837848b01e28b85ec6657d80f4f593671b7b1496043e2b64e5b8440158eaab8b7541d62ecb6bcef" classname="com.github.traderjoe95.mls.protocol.tree.TreeKem" time="0.004"/>
  <testcase name="a new update path generated by the sender should be successfully processed" classname="com.github.traderjoe95.mls.protocol.tree.TreeKem" time="0.004"/>
  <testcase name="the update path should be parent-hash valid" classname="com.github.traderjoe95.mls.protocol.tree.TreeKem" time="0.001"/>
  <testcase name="the tree hash after merging the update path should be 4313571800a040d8404bd7ad62fe5b42d232c44ce74d5ae4ab9648a371cb6d5fcc2285a45678c10c5fc4ca36086a29115a0e1e29944514b7746f6e5278f41e98" classname="com.github.traderjoe95.mls.protocol.tree.TreeKem" time="0.001"/>
  <testcase name="the decrypted path secret should be 22642e10b2195d9ae2e6125a04a43a4b3baddb83f8cd4fb1a94c5086cdbaa871467d93714b98421f9c2438814a16fd09625ac1aeafba96854f431ed3f9b46985" classname="com.github.traderjoe95.mls.protocol.tree.TreeKem" time="0.004"/>
  <testcase name="a new update path generated by the sender should be successfully processed" classname="com.github.traderjoe95.mls.protocol.tree.TreeKem" time="0.004"/>
  <testcase name="the update path should be parent-hash valid" classname="com.github.traderjoe95.mls.protocol.tree.TreeKem" time="0.001"/>
  <testcase name="the tree hash after merging the update path should be 4313571800a040d8404bd7ad62fe5b42d232c44ce74d5ae4ab9648a371cb6d5fcc2285a45678c10c5fc4ca36086a29115a0e1e29944514b7746f6e5278f41e98" classname="com.github.traderjoe95.mls.protocol.tree.TreeKem" time="0.001"/>
  <testcase name="the decrypted path secret should be 444c384f152c1d092d3d9c16d3954898b2ac6961e1d710c1a0998d77fab8e570a04e890a39458f57c9a819fc02037e391c32c4b85f01ca6cd3323e795142486a" classname="com.github.traderjoe95.mls.protocol.tree.TreeKem" time="0.004"/>
  <testcase name="a new update path generated by the sender should be successfully processed" classname="com.github.traderjoe95.mls.protocol.tree.TreeKem" time="0.003"/>
  <testcase name="the update path should be parent-hash valid" classname="com.github.traderjoe95.mls.protocol.tree.TreeKem" time="0.0"/>
  <testcase name="the tree hash after merging the update path should be 4313571800a040d8404bd7ad62fe5b42d232c44ce74d5ae4ab9648a371cb6d5fcc2285a45678c10c5fc4ca36086a29115a0e1e29944514b7746f6e5278f41e98" classname="com.github.traderjoe95.mls.protocol.tree.TreeKem" time="0.0"/>
  <testcase name="the decrypted path secret should be 444c384f152c1d092d3d9c16d3954898b2ac6961e1d710c1a0998d77fab8e570a04e890a39458f57c9a819fc02037e391c32c4b85f01ca6cd3323e795142486a" classname="com.github.traderjoe95.mls.protocol.tree.TreeKem" time="0.004"/>
  <testcase name="a new update path generated by the sender should be successfully processed" classname="com.github.traderjoe95.mls.protocol.tree.TreeKem" time="0.003"/>
  <testcase name="the update path should be parent-hash valid" classname="com.github.traderjoe95.mls.protocol.tree.TreeKem" time="0.0"/>
  <testcase name="the tree hash after merging the update path should be 4313571800a040d8404bd7ad62fe5b42d232c44ce74d5ae4ab9648a371cb6d5fcc2285a45678c10c5fc4ca36086a29115a0e1e29944514b7746f6e5278f41e98" classname="com.github.traderjoe95.mls.protocol.tree.TreeKem" time="0.001"/>
  <testcase name="the decrypted path secret should be 444c384f152c1d092d3d9c16d3954898b2ac6961e1d710c1a0998d77fab8e570a04e890a39458f57c9a819fc02037e391c32c4b85f01ca6cd3323e795142486a" classname="com.github.traderjoe95.mls.protocol.tree.TreeKem" time="0.004"/>
  <testcase name="a new update path generated by the sender should be successfully processed" classname="com.github.traderjoe95.mls.protocol.tree.TreeKem" time="0.004"/>
  <testcase name="the update path should be parent-hash valid" classname="com.github.traderjoe95.mls.protocol.tree.TreeKem" time="0.0"/>
  <testcase name="the tree hash after merging the update path should be 4313571800a040d8404bd7ad62fe5b42d232c44ce74d5ae4ab9648a371cb6d5fcc2285a45678c10c5fc4ca36086a29115a0e1e29944514b7746f6e5278f41e98" classname="com.github.traderjoe95.mls.protocol.tree.TreeKem" time="0.0"/>
  <testcase name="the decrypted path secret should be 444c384f152c1d092d3d9c16d3954898b2ac6961e1d710c1a0998d77fab8e570a04e890a39458f57c9a819fc02037e391c32c4b85f01ca6cd3323e795142486a" classname="com.github.traderjoe95.mls.protocol.tree.TreeKem" time="0.003"/>
  <testcase name="a new update path generated by the sender should be successfully processed" classname="com.github.traderjoe95.mls.protocol.tree.TreeKem" time="0.004"/>
  <testcase name="the update path should be parent-hash valid" classname="com.github.traderjoe95.mls.protocol.tree.TreeKem" time="0.001"/>
  <testcase name="the tree hash after merging the update path should be c6b98c25827a16fa9d2b814622015975d04a0de1b728e0f3c169e98902cc4e80d3baeca7a0a178d1caa54bf3ef87413fea489d29181b6f7de3b931dcb07e01ae" classname="com.github.traderjoe95.mls.protocol.tree.TreeKem" time="0.001"/>
  <testcase name="the decrypted path secret should be 78ad8bc01d9cdba1c80d2ba9be70e07d936e1270be27e1f004d9edb4d8033077d8c567c6a0d25c140a2797a8aa2d2e821b0f78354c701908dc37a112bfcd6b86" classname="com.github.traderjoe95.mls.protocol.tree.TreeKem" time="0.004"/>
  <testcase name="a new update path generated by the sender should be successfully processed" classname="com.github.traderjoe95.mls.protocol.tree.TreeKem" time="0.004"/>
  <testcase name="the update path should be parent-hash valid" classname="com.github.traderjoe95.mls.protocol.tree.TreeKem" time="0.001"/>
  <testcase name="the tree hash after merging the update path should be c6b98c25827a16fa9d2b814622015975d04a0de1b728e0f3c169e98902cc4e80d3baeca7a0a178d1caa54bf3ef87413fea489d29181b6f7de3b931dcb07e01ae" classname="com.github.traderjoe95.mls.protocol.tree.TreeKem" time="0.001"/>
  <testcase name="the decrypted path secret should be 78ad8bc01d9cdba1c80d2ba9be70e07d936e1270be27e1f004d9edb4d8033077d8c567c6a0d25c140a2797a8aa2d2e821b0f78354c701908dc37a112bfcd6b86" classname="com.github.traderjoe95.mls.protocol.tree.TreeKem" time="0.004"/>
  <testcase name="a new update path generated by the sender should be successfully processed" classname="com.github.traderjoe95.mls.protocol.tree.TreeKem" time="0.007"/>
  <testcase name="the update path should be parent-hash valid" classname="com.github.traderjoe95.mls.protocol.tree.TreeKem" time="0.001"/>
  <testcase name="the tree hash after merging the update path should be c6b98c25827a16fa9d2b814622015975d04a0de1b728e0f3c169e98902cc4e80d3baeca7a0a178d1caa54bf3ef87413fea489d29181b6f7de3b931dcb07e01ae" classname="com.github.traderjoe95.mls.protocol.tree.TreeKem" time="0.0"/>
  <testcase name="the decrypted path secret should be f991086111f752406ced96a6ce137dc30bc6c85e458a30520db5dd098051e1edd7228456b492c43861964fa4b57793a546cd5668e4ea031fbc307ab2fdf22523" classname="com.github.traderjoe95.mls.protocol.tree.TreeKem" time="0.003"/>
  <testcase name="a new update path generated by the sender should be successfully processed" classname="com.github.traderjoe95.mls.protocol.tree.TreeKem" time="0.005"/>
  <testcase name="the update path should be parent-hash valid" classname="com.github.traderjoe95.mls.protocol.tree.TreeKem" time="0.0"/>
  <testcase name="the tree hash after merging the update path should be c6b98c25827a16fa9d2b814622015975d04a0de1b728e0f3c169e98902cc4e80d3baeca7a0a178d1caa54bf3ef87413fea489d29181b6f7de3b931dcb07e01ae" classname="com.github.traderjoe95.mls.protocol.tree.TreeKem" time="0.0"/>
  <testcase name="the decrypted path secret should be f991086111f752406ced96a6ce137dc30bc6c85e458a30520db5dd098051e1edd7228456b492c43861964fa4b57793a546cd5668e4ea031fbc307ab2fdf22523" classname="com.github.traderjoe95.mls.protocol.tree.TreeKem" time="0.004"/>
  <testcase name="a new update path generated by the sender should be successfully processed" classname="com.github.traderjoe95.mls.protocol.tree.TreeKem" time="0.003"/>
  <testcase name="the update path should be parent-hash valid" classname="com.github.traderjoe95.mls.protocol.tree.TreeKem" time="0.0"/>
  <testcase name="the tree hash after merging the update path should be c6b98c25827a16fa9d2b814622015975d04a0de1b728e0f3c169e98902cc4e80d3baeca7a0a178d1caa54bf3ef87413fea489d29181b6f7de3b931dcb07e01ae" classname="com.github.traderjoe95.mls.protocol.tree.TreeKem" time="0.0"/>
  <testcase name="the decrypted path secret should be f991086111f752406ced96a6ce137dc30bc6c85e458a30520db5dd098051e1edd7228456b492c43861964fa4b57793a546cd5668e4ea031fbc307ab2fdf22523" classname="com.github.traderjoe95.mls.protocol.tree.TreeKem" time="0.004"/>
  <testcase name="a new update path generated by the sender should be successfully processed" classname="com.github.traderjoe95.mls.protocol.tree.TreeKem" time="0.004"/>
  <testcase name="the update path should be parent-hash valid" classname="com.github.traderjoe95.mls.protocol.tree.TreeKem" time="0.0"/>
  <testcase name="the tree hash after merging the update path should be c6b98c25827a16fa9d2b814622015975d04a0de1b728e0f3c169e98902cc4e80d3baeca7a0a178d1caa54bf3ef87413fea489d29181b6f7de3b931dcb07e01ae" classname="com.github.traderjoe95.mls.protocol.tree.TreeKem" time="0.001"/>
  <testcase name="the decrypted path secret should be f991086111f752406ced96a6ce137dc30bc6c85e458a30520db5dd098051e1edd7228456b492c43861964fa4b57793a546cd5668e4ea031fbc307ab2fdf22523" classname="com.github.traderjoe95.mls.protocol.tree.TreeKem" time="0.004"/>
  <testcase name="a new update path generated by the sender should be successfully processed" classname="com.github.traderjoe95.mls.protocol.tree.TreeKem" time="0.004"/>
  <testcase name="the update path should be parent-hash valid" classname="com.github.traderjoe95.mls.protocol.tree.TreeKem" time="0.0"/>
  <testcase name="the tree hash after merging the update path should be a4ab67c2ab13a0b22e75a783916ce2519c5ccfd017bfb08d71db509e4a2bb62ee62443f2cb1af19a4e4ca8ca7be346abb8c9ea80dae7e2b8eedbcfe1c20256a6" classname="com.github.traderjoe95.mls.protocol.tree.TreeKem" time="0.001"/>
  <testcase name="the decrypted path secret should be d6103a729d7af9156bc635e4a3a102e66fb0e6e7ac9d7a646de0cda975052348733e1d5e513eba3d2e3cb90208d428e906f012c13df512fda5e11a9f3e53f2dd" classname="com.github.traderjoe95.mls.protocol.tree.TreeKem" time="0.004"/>
  <testcase name="a new update path generated by the sender should be successfully processed" classname="com.github.traderjoe95.mls.protocol.tree.TreeKem" time="0.004"/>
  <testcase name="the update path should be parent-hash valid" classname="com.github.traderjoe95.mls.protocol.tree.TreeKem" time="0.0"/>
  <testcase name="the tree hash after merging the update path should be a4ab67c2ab13a0b22e75a783916ce2519c5ccfd017bfb08d71db509e4a2bb62ee62443f2cb1af19a4e4ca8ca7be346abb8c9ea80dae7e2b8eedbcfe1c20256a6" classname="com.github.traderjoe95.mls.protocol.tree.TreeKem" time="0.0"/>
  <testcase name="the decrypted path secret should be d6103a729d7af9156bc635e4a3a102e66fb0e6e7ac9d7a646de0cda975052348733e1d5e513eba3d2e3cb90208d428e906f012c13df512fda5e11a9f3e53f2dd" classname="com.github.traderjoe95.mls.protocol.tree.TreeKem" time="0.004"/>
  <testcase name="a new update path generated by the sender should be successfully processed" classname="com.github.traderjoe95.mls.protocol.tree.TreeKem" time="0.004"/>
  <testcase name="the update path should be parent-hash valid" classname="com.github.traderjoe95.mls.protocol.tree.TreeKem" time="0.0"/>
  <testcase name="the tree hash after merging the update path should be a4ab67c2ab13a0b22e75a783916ce2519c5ccfd017bfb08d71db509e4a2bb62ee62443f2cb1af19a4e4ca8ca7be346abb8c9ea80dae7e2b8eedbcfe1c20256a6" classname="com.github.traderjoe95.mls.protocol.tree.TreeKem" time="0.0"/>
  <testcase name="the decrypted path secret should be d6103a729d7af9156bc635e4a3a102e66fb0e6e7ac9d7a646de0cda975052348733e1d5e513eba3d2e3cb90208d428e906f012c13df512fda5e11a9f3e53f2dd" classname="com.github.traderjoe95.mls.protocol.tree.TreeKem" time="0.003"/>
  <testcase name="a new update path generated by the sender should be successfully processed" classname="com.github.traderjoe95.mls.protocol.tree.TreeKem" time="0.004"/>
  <testcase name="the update path should be parent-hash valid" classname="com.github.traderjoe95.mls.protocol.tree.TreeKem" time="0.0"/>
  <testcase name="the tree hash after merging the update path should be a4ab67c2ab13a0b22e75a783916ce2519c5ccfd017bfb08d71db509e4a2bb62ee62443f2cb1af19a4e4ca8ca7be346abb8c9ea80dae7e2b8eedbcfe1c20256a6" classname="com.github.traderjoe95.mls.protocol.tree.TreeKem" time="0.0"/>
  <testcase name="the decrypted path secret should be d3eb43026f07ebbdfcbbddbd3f12061be0821e3c3ebd6eaff7fbda97fd639d32c99690e98c5b3c66c02d62a78ce962b21d732f6b6c7cc27590115a2984c4d379" classname="com.github.traderjoe95.mls.protocol.tree.TreeKem" time="0.004"/>
  <testcase name="a new update path generated by the sender should be successfully processed" classname="com.github.traderjoe95.mls.protocol.tree.TreeKem" time="0.004"/>
  <testcase name="the update path should be parent-hash valid" classname="com.github.traderjoe95.mls.protocol.tree.TreeKem" time="0.0"/>
  <testcase name="the tree hash after merging the update path should be a4ab67c2ab13a0b22e75a783916ce2519c5ccfd017bfb08d71db509e4a2bb62ee62443f2cb1af19a4e4ca8ca7be346abb8c9ea80dae7e2b8eedbcfe1c20256a6" classname="com.github.traderjoe95.mls.protocol.tree.TreeKem" time="0.001"/>
  <testcase name="the decrypted path secret should be 8873af2e1a8ec8cd936ed38258cb69dd29d510bda2b49c57d76f12943bf08f0dda56db4f5672f87a65f6f1957cabed4338f5cbbf98cade4c6d8dc280decb22ab" classname="com.github.traderjoe95.mls.protocol.tree.TreeKem" time="0.004"/>
  <testcase name="a new update path generated by the sender should be successfully processed" classname="com.github.traderjoe95.mls.protocol.tree.TreeKem" time="0.004"/>
  <testcase name="the update path should be parent-hash valid" classname="com.github.traderjoe95.mls.protocol.tree.TreeKem" time="0.0"/>
  <testcase name="the tree hash after merging the update path should be a4ab67c2ab13a0b22e75a783916ce2519c5ccfd017bfb08d71db509e4a2bb62ee62443f2cb1af19a4e4ca8ca7be346abb8c9ea80dae7e2b8eedbcfe1c20256a6" classname="com.github.traderjoe95.mls.protocol.tree.TreeKem" time="0.0"/>
  <testcase name="the decrypted path secret should be 8873af2e1a8ec8cd936ed38258cb69dd29d510bda2b49c57d76f12943bf08f0dda56db4f5672f87a65f6f1957cabed4338f5cbbf98cade4c6d8dc280decb22ab" classname="com.github.traderjoe95.mls.protocol.tree.TreeKem" time="0.003"/>
  <testcase name="a new update path generated by the sender should be successfully processed" classname="com.github.traderjoe95.mls.protocol.tree.TreeKem" time="0.003"/>
  <testcase name="the update path should be parent-hash valid" classname="com.github.traderjoe95.mls.protocol.tree.TreeKem" time="0.0"/>
  <testcase name="the tree hash after merging the update path should be 05372a5085fbeb40f14368e5ff47d803521164f859a477cd2afd1bd562b0b4d2487c61c74616d038f598d04fc91f894f36b3c727ab892b0c7258126af08b3a9f" classname="com.github.traderjoe95.mls.protocol.tree.TreeKem" time="0.0"/>
  <testcase name="the decrypted path secret should be a2e511a42906b1220daa3b2ce4fc64d876fbb2324be4b7eab3db0e42d197efaacba748e43abf934fb38ab841d968296aed4772bdd90bceea5f2f7c89c2f4e2cf" classname="com.github.traderjoe95.mls.protocol.tree.TreeKem" time="0.003"/>
  <testcase name="a new update path generated by the sender should be successfully processed" classname="com.github.traderjoe95.mls.protocol.tree.TreeKem" time="0.004"/>
  <testcase name="the update path should be parent-hash valid" classname="com.github.traderjoe95.mls.protocol.tree.TreeKem" time="0.0"/>
  <testcase name="the tree hash after merging the update path should be 05372a5085fbeb40f14368e5ff47d803521164f859a477cd2afd1bd562b0b4d2487c61c74616d038f598d04fc91f894f36b3c727ab892b0c7258126af08b3a9f" classname="com.github.traderjoe95.mls.protocol.tree.TreeKem" time="0.001"/>
  <testcase name="the decrypted path secret should be a2e511a42906b1220daa3b2ce4fc64d876fbb2324be4b7eab3db0e42d197efaacba748e43abf934fb38ab841d968296aed4772bdd90bceea5f2f7c89c2f4e2cf" classname="com.github.traderjoe95.mls.protocol.tree.TreeKem" time="0.004"/>
  <testcase name="a new update path generated by the sender should be successfully processed" classname="com.github.traderjoe95.mls.protocol.tree.TreeKem" time="0.004"/>
  <testcase name="the update path should be parent-hash valid" classname="com.github.traderjoe95.mls.protocol.tree.TreeKem" time="0.0"/>
  <testcase name="the tree hash after merging the update path should be 05372a5085fbeb40f14368e5ff47d803521164f859a477cd2afd1bd562b0b4d2487c61c74616d038f598d04fc91f894f36b3c727ab892b0c7258126af08b3a9f" classname="com.github.traderjoe95.mls.protocol.tree.TreeKem" time="0.0"/>
  <testcase name="the decrypted path secret should be a2e511a42906b1220daa3b2ce4fc64d876fbb2324be4b7eab3db0e42d197efaacba748e43abf934fb38ab841d968296aed4772bdd90bceea5f2f7c89c2f4e2cf" classname="com.github.traderjoe95.mls.protocol.tree.TreeKem" time="0.003"/>
  <testcase name="a new update path generated by the sender should be successfully processed" classname="com.github.traderjoe95.mls.protocol.tree.TreeKem" time="0.004"/>
  <testcase name="the update path should be parent-hash valid" classname="com.github.traderjoe95.mls.protocol.tree.TreeKem" time="0.0"/>
  <testcase name="the tree hash after merging the update path should be 05372a5085fbeb40f14368e5ff47d803521164f859a477cd2afd1bd562b0b4d2487c61c74616d038f598d04fc91f894f36b3c727ab892b0c7258126af08b3a9f" classname="com.github.traderjoe95.mls.protocol.tree.TreeKem" time="0.001"/>
  <testcase name="the decrypted path secret should be fa2e74cc789c005b05b6219f29886b7536dcf64ee80eb9901402a8b365d5dc9a4b51a973a2bedd4f6e0106799017a978830504aef7da2b153ba386764b430e8b" classname="com.github.traderjoe95.mls.protocol.tree.TreeKem" time="0.004"/>
  <testcase name="a new update path generated by the sender should be successfully processed" classname="com.github.traderjoe95.mls.protocol.tree.TreeKem" time="0.004"/>
  <testcase name="the update path should be parent-hash valid" classname="com.github.traderjoe95.mls.protocol.tree.TreeKem" time="0.0"/>
  <testcase name="the tree hash after merging the update path should be 05372a5085fbeb40f14368e5ff47d803521164f859a477cd2afd1bd562b0b4d2487c61c74616d038f598d04fc91f894f36b3c727ab892b0c7258126af08b3a9f" classname="com.github.traderjoe95.mls.protocol.tree.TreeKem" time="0.0"/>
  <testcase name="the decrypted path secret should be 31bcb9da845fa770b42628aa5896cad572a36ec5d837420a3b71a83c0e4aafc3dd20d128deeede9d70202cb245e234c806fafab656bad5cb4731ae064e73eb2a" classname="com.github.traderjoe95.mls.protocol.tree.TreeKem" time="0.004"/>
  <testcase name="a new update path generated by the sender should be successfully processed" classname="com.github.traderjoe95.mls.protocol.tree.TreeKem" time="0.004"/>
  <testcase name="the update path should be parent-hash valid" classname="com.github.traderjoe95.mls.protocol.tree.TreeKem" time="0.0"/>
  <testcase name="the tree hash after merging the update path should be 05372a5085fbeb40f14368e5ff47d803521164f859a477cd2afd1bd562b0b4d2487c61c74616d038f598d04fc91f894f36b3c727ab892b0c7258126af08b3a9f" classname="com.github.traderjoe95.mls.protocol.tree.TreeKem" time="0.0"/>
  <testcase name="the decrypted path secret should be 31bcb9da845fa770b42628aa5896cad572a36ec5d837420a3b71a83c0e4aafc3dd20d128deeede9d70202cb245e234c806fafab656bad5cb4731ae064e73eb2a" classname="com.github.traderjoe95.mls.protocol.tree.TreeKem" time="0.003"/>
  <testcase name="a new update path generated by the sender should be successfully processed" classname="com.github.traderjoe95.mls.protocol.tree.TreeKem" time="0.003"/>
  <testcase name="the update path should be parent-hash valid" classname="com.github.traderjoe95.mls.protocol.tree.TreeKem" time="0.0"/>
  <testcase name="the tree hash after merging the update path should be c67c3154f9216200eda4dd775a3b05a4de43d1d867f3903d249e7d16c0652abcb3fa52cf4c730079350886cb5d4f4b70de279a4bde6c9786c98192b05f14a687" classname="com.github.traderjoe95.mls.protocol.tree.TreeKem" time="0.0"/>
  <testcase name="the decrypted path secret should be fc69414e5356e0123699d323e157d39e92ae3a2526b59fb1f3813289c17933f2b9d6ac395237ceeffd7dcf4199da7962fe0d3e859145ce708e8f5c48b42abe2e" classname="com.github.traderjoe95.mls.protocol.tree.TreeKem" time="0.004"/>
  <testcase name="a new update path generated by the sender should be successfully processed" classname="com.github.traderjoe95.mls.protocol.tree.TreeKem" time="0.004"/>
  <testcase name="the update path should be parent-hash valid" classname="com.github.traderjoe95.mls.protocol.tree.TreeKem" time="0.0"/>
  <testcase name="the tree hash after merging the update path should be c67c3154f9216200eda4dd775a3b05a4de43d1d867f3903d249e7d16c0652abcb3fa52cf4c730079350886cb5d4f4b70de279a4bde6c9786c98192b05f14a687" classname="com.github.traderjoe95.mls.protocol.tree.TreeKem" time="0.001"/>
  <testcase name="the decrypted path secret should be fc69414e5356e0123699d323e157d39e92ae3a2526b59fb1f3813289c17933f2b9d6ac395237ceeffd7dcf4199da7962fe0d3e859145ce708e8f5c48b42abe2e" classname="com.github.traderjoe95.mls.protocol.tree.TreeKem" time="0.004"/>
  <testcase name="a new update path generated by the sender should be successfully processed" classname="com.github.traderjoe95.mls.protocol.tree.TreeKem" time="0.004"/>
  <testcase name="the update path should be parent-hash valid" classname="com.github.traderjoe95.mls.protocol.tree.TreeKem" time="0.0"/>
  <testcase name="the tree hash after merging the update path should be c67c3154f9216200eda4dd775a3b05a4de43d1d867f3903d249e7d16c0652abcb3fa52cf4c730079350886cb5d4f4b70de279a4bde6c9786c98192b05f14a687" classname="com.github.traderjoe95.mls.protocol.tree.TreeKem" time="0.001"/>
  <testcase name="the decrypted path secret should be fc69414e5356e0123699d323e157d39e92ae3a2526b59fb1f3813289c17933f2b9d6ac395237ceeffd7dcf4199da7962fe0d3e859145ce708e8f5c48b42abe2e" classname="com.github.traderjoe95.mls.protocol.tree.TreeKem" time="0.004"/>
  <testcase name="a new update path generated by the sender should be successfully processed" classname="com.github.traderjoe95.mls.protocol.tree.TreeKem" time="0.004"/>
  <testcase name="the update path should be parent-hash valid" classname="com.github.traderjoe95.mls.protocol.tree.TreeKem" time="0.0"/>
  <testcase name="the tree hash after merging the update path should be c67c3154f9216200eda4dd775a3b05a4de43d1d867f3903d249e7d16c0652abcb3fa52cf4c730079350886cb5d4f4b70de279a4bde6c9786c98192b05f14a687" classname="com.github.traderjoe95.mls.protocol.tree.TreeKem" time="0.0"/>
  <testcase name="the decrypted path secret should be 070c626da97401a8b03912d5a543d80ff063ce10281220a5c2b2b2caac4879d1dceda12771e8f6f1e10e99d935a2d9478bbc4076f89526a7f2727edf02a7de5b" classname="com.github.traderjoe95.mls.protocol.tree.TreeKem" time="0.004"/>
  <testcase name="a new update path generated by the sender should be successfully processed" classname="com.github.traderjoe95.mls.protocol.tree.TreeKem" time="0.004"/>
  <testcase name="the update path should be parent-hash valid" classname="com.github.traderjoe95.mls.protocol.tree.TreeKem" time="0.0"/>
  <testcase name="the tree hash after merging the update path should be c67c3154f9216200eda4dd775a3b05a4de43d1d867f3903d249e7d16c0652abcb3fa52cf4c730079350886cb5d4f4b70de279a4bde6c9786c98192b05f14a687" classname="com.github.traderjoe95.mls.protocol.tree.TreeKem" time="0.0"/>
  <testcase name="the decrypted path secret should be 070c626da97401a8b03912d5a543d80ff063ce10281220a5c2b2b2caac4879d1dceda12771e8f6f1e10e99d935a2d9478bbc4076f89526a7f2727edf02a7de5b" classname="com.github.traderjoe95.mls.protocol.tree.TreeKem" time="0.003"/>
  <testcase name="a new update path generated by the sender should be successfully processed" classname="com.github.traderjoe95.mls.protocol.tree.TreeKem" time="0.003"/>
  <testcase name="the update path should be parent-hash valid" classname="com.github.traderjoe95.mls.protocol.tree.TreeKem" time="0.0"/>
  <testcase name="the tree hash after merging the update path should be c67c3154f9216200eda4dd775a3b05a4de43d1d867f3903d249e7d16c0652abcb3fa52cf4c730079350886cb5d4f4b70de279a4bde6c9786c98192b05f14a687" classname="com.github.traderjoe95.mls.protocol.tree.TreeKem" time="0.0"/>
  <testcase name="the decrypted path secret should be 929dfc7ab8ff8638f74997388baa7a7d706b45a1f1a11d019b9d0cdfe2606c269278159915af90e89f2d4aea781d0a1edd401d88324c7efc7a5bd6931a508f25" classname="com.github.traderjoe95.mls.protocol.tree.TreeKem" time="0.003"/>
  <testcase name="a new update path generated by the sender should be successfully processed" classname="com.github.traderjoe95.mls.protocol.tree.TreeKem" time="0.004"/>
  <testcase name="the update path should be parent-hash valid" classname="com.github.traderjoe95.mls.protocol.tree.TreeKem" time="0.0"/>
  <testcase name="the tree hash after merging the update path should be 9a8beced4e9ac98b3c2bd25e6e59a7059d03b4a2ff2503b6ecd86216e61cd511d889cc23f0f645ad1e0b40db3a623ad42242fda66e71401e4fc0a3163f0aa733" classname="com.github.traderjoe95.mls.protocol.tree.TreeKem" time="0.0"/>
  <testcase name="the decrypted path secret should be 2e706dded6c740a0ab124c45c56b36a93509b1d1ba1096f91fe2b188ea56bdf6751138c15b1b93dc522d9774839305b41c142cc67f58ba3d1f9368d49fb9df95" classname="com.github.traderjoe95.mls.protocol.tree.TreeKem" time="0.007"/>
  <testcase name="a new update path generated by the sender should be successfully processed" classname="com.github.traderjoe95.mls.protocol.tree.TreeKem" time="0.004"/>
  <testcase name="the update path should be parent-hash valid" classname="com.github.traderjoe95.mls.protocol.tree.TreeKem" time="0.0"/>
  <testcase name="the tree hash after merging the update path should be 9a8beced4e9ac98b3c2bd25e6e59a7059d03b4a2ff2503b6ecd86216e61cd511d889cc23f0f645ad1e0b40db3a623ad42242fda66e71401e4fc0a3163f0aa733" classname="com.github.traderjoe95.mls.protocol.tree.TreeKem" time="0.0"/>
  <testcase name="the decrypted path secret should be 2e706dded6c740a0ab124c45c56b36a93509b1d1ba1096f91fe2b188ea56bdf6751138c15b1b93dc522d9774839305b41c142cc67f58ba3d1f9368d49fb9df95" classname="com.github.traderjoe95.mls.protocol.tree.TreeKem" time="0.003"/>
  <testcase name="a new update path generated by the sender should be successfully processed" classname="com.github.traderjoe95.mls.protocol.tree.TreeKem" time="0.005"/>
  <testcase name="the update path should be parent-hash valid" classname="com.github.traderjoe95.mls.protocol.tree.TreeKem" time="0.0"/>
  <testcase name="the tree hash after merging the update path should be 9a8beced4e9ac98b3c2bd25e6e59a7059d03b4a2ff2503b6ecd86216e61cd511d889cc23f0f645ad1e0b40db3a623ad42242fda66e71401e4fc0a3163f0aa733" classname="com.github.traderjoe95.mls.protocol.tree.TreeKem" time="0.0"/>
  <testcase name="the decrypted path secret should be 2e706dded6c740a0ab124c45c56b36a93509b1d1ba1096f91fe2b188ea56bdf6751138c15b1b93dc522d9774839305b41c142cc67f58ba3d1f9368d49fb9df95" classname="com.github.traderjoe95.mls.protocol.tree.TreeKem" time="0.005"/>
  <testcase name="a new update path generated by the sender should be successfully processed" classname="com.github.traderjoe95.mls.protocol.tree.TreeKem" time="0.004"/>
  <testcase name="the update path should be parent-hash valid" classname="com.github.traderjoe95.mls.protocol.tree.TreeKem" time="0.0"/>
  <testcase name="the tree hash after merging the update path should be 9a8beced4e9ac98b3c2bd25e6e59a7059d03b4a2ff2503b6ecd86216e61cd511d889cc23f0f645ad1e0b40db3a623ad42242fda66e71401e4fc0a3163f0aa733" classname="com.github.traderjoe95.mls.protocol.tree.TreeKem" time="0.0"/>
  <testcase name="the decrypted path secret should be 021be6214bb2546cac01533912c4320ce982c6c680014370466f2244b7d6727c40ff54aecf4c52eab4ca3975cae3fea54c7a261c371f7e38605855975e554187" classname="com.github.traderjoe95.mls.protocol.tree.TreeKem" time="0.004"/>
  <testcase name="a new update path generated by the sender should be successfully processed" classname="com.github.traderjoe95.mls.protocol.tree.TreeKem" time="0.004"/>
  <testcase name="the update path should be parent-hash valid" classname="com.github.traderjoe95.mls.protocol.tree.TreeKem" time="0.0"/>
  <testcase name="the tree hash after merging the update path should be 9a8beced4e9ac98b3c2bd25e6e59a7059d03b4a2ff2503b6ecd86216e61cd511d889cc23f0f645ad1e0b40db3a623ad42242fda66e71401e4fc0a3163f0aa733" classname="com.github.traderjoe95.mls.protocol.tree.TreeKem" time="0.0"/>
  <testcase name="the decrypted path secret should be 021be6214bb2546cac01533912c4320ce982c6c680014370466f2244b7d6727c40ff54aecf4c52eab4ca3975cae3fea54c7a261c371f7e38605855975e554187" classname="com.github.traderjoe95.mls.protocol.tree.TreeKem" time="0.004"/>
  <testcase name="a new update path generated by the sender should be successfully processed" classname="com.github.traderjoe95.mls.protocol.tree.TreeKem" time="0.004"/>
  <testcase name="the update path should be parent-hash valid" classname="com.github.traderjoe95.mls.protocol.tree.TreeKem" time="0.0"/>
  <testcase name="the tree hash after merging the update path should be 9a8beced4e9ac98b3c2bd25e6e59a7059d03b4a2ff2503b6ecd86216e61cd511d889cc23f0f645ad1e0b40db3a623ad42242fda66e71401e4fc0a3163f0aa733" classname="com.github.traderjoe95.mls.protocol.tree.TreeKem" time="0.001"/>
  <testcase name="the decrypted path secret should be 8a545e3ff778c03541b5abade0c29c13a54a0e471f96745b88976004239c9c5470b6485d49e9072455e0ba8876c16ec7c8689e0a4191b9ce96e386285a42afc8" classname="com.github.traderjoe95.mls.protocol.tree.TreeKem" time="0.003"/>
  <testcase name="a new update path generated by the sender should be successfully processed" classname="com.github.traderjoe95.mls.protocol.tree.TreeKem" time="0.003"/>
  <testcase name="non-blank leaf 0 should be consistent with the public state" classname="com.github.traderjoe95.mls.protocol.tree.TreeKem" time="0.005"/>
  <testcase name="non-blank leaf 4 should be consistent with the public state" classname="com.github.traderjoe95.mls.protocol.tree.TreeKem" time="0.011"/>
  <testcase name="non-blank leaf 5 should be consistent with the public state" classname="com.github.traderjoe95.mls.protocol.tree.TreeKem" time="0.01"/>
  <testcase name="non-blank leaf 6 should be consistent with the public state" classname="com.github.traderjoe95.mls.protocol.tree.TreeKem" time="0.01"/>
  <testcase name="non-blank leaf 7 should be consistent with the public state" classname="com.github.traderjoe95.mls.protocol.tree.TreeKem" time="0.01"/>
  <testcase name="the update path should be parent-hash valid" classname="com.github.traderjoe95.mls.protocol.tree.TreeKem" time="0.0"/>
  <testcase name="the tree hash after merging the update path should be 09b207f989863e06b19938587c49d28c1f7406b2e518fe6fd7998be7f3c8ea03caabef4561ff136940a26241672f96067660599db777b6ffabc567c515c9e397" classname="com.github.traderjoe95.mls.protocol.tree.TreeKem" time="0.0"/>
  <testcase name="the decrypted path secret should be 1d25243acaf5958a18425b4ccc898679204631170b2131353e00ac14f0179b238122c7180ab99d6a6dfd1bb685c6cb9c4a1894b0534b4d0c52fcb1c3ad678148" classname="com.github.traderjoe95.mls.protocol.tree.TreeKem" time="0.003"/>
  <testcase name="a new update path generated by the sender should be successfully processed" classname="com.github.traderjoe95.mls.protocol.tree.TreeKem" time="0.004"/>
  <testcase name="the update path should be parent-hash valid" classname="com.github.traderjoe95.mls.protocol.tree.TreeKem" time="0.0"/>
  <testcase name="the tree hash after merging the update path should be 09b207f989863e06b19938587c49d28c1f7406b2e518fe6fd7998be7f3c8ea03caabef4561ff136940a26241672f96067660599db777b6ffabc567c515c9e397" classname="com.github.traderjoe95.mls.protocol.tree.TreeKem" time="0.001"/>
  <testcase name="the decrypted path secret should be 1d25243acaf5958a18425b4ccc898679204631170b2131353e00ac14f0179b238122c7180ab99d6a6dfd1bb685c6cb9c4a1894b0534b4d0c52fcb1c3ad678148" classname="com.github.traderjoe95.mls.protocol.tree.TreeKem" time="0.004"/>
  <testcase name="a new update path generated by the sender should be successfully processed" classname="com.github.traderjoe95.mls.protocol.tree.TreeKem" time="0.004"/>
  <testcase name="the update path should be parent-hash valid" classname="com.github.traderjoe95.mls.protocol.tree.TreeKem" time="0.0"/>
  <testcase name="the tree hash after merging the update path should be 09b207f989863e06b19938587c49d28c1f7406b2e518fe6fd7998be7f3c8ea03caabef4561ff136940a26241672f96067660599db777b6ffabc567c515c9e397" classname="com.github.traderjoe95.mls.protocol.tree.TreeKem" time="0.0"/>
  <testcase name="the decrypted path secret should be 1d25243acaf5958a18425b4ccc898679204631170b2131353e00ac14f0179b238122c7180ab99d6a6dfd1bb685c6cb9c4a1894b0534b4d0c52fcb1c3ad678148" classname="com.github.traderjoe95.mls.protocol.tree.TreeKem" time="0.004"/>
  <testcase name="a new update path generated by the sender should be successfully processed" classname="com.github.traderjoe95.mls.protocol.tree.TreeKem" time="0.003"/>
  <testcase name="the update path should be parent-hash valid" classname="com.github.traderjoe95.mls.protocol.tree.TreeKem" time="0.0"/>
  <testcase name="the tree hash after merging the update path should be 09b207f989863e06b19938587c49d28c1f7406b2e518fe6fd7998be7f3c8ea03caabef4561ff136940a26241672f96067660599db777b6ffabc567c515c9e397" classname="com.github.traderjoe95.mls.protocol.tree.TreeKem" time="0.0"/>
  <testcase name="the decrypted path secret should be 1d25243acaf5958a18425b4ccc898679204631170b2131353e00ac14f0179b238122c7180ab99d6a6dfd1bb685c6cb9c4a1894b0534b4d0c52fcb1c3ad678148" classname="com.github.traderjoe95.mls.protocol.tree.TreeKem" time="0.003"/>
  <testcase name="a new update path generated by the sender should be successfully processed" classname="com.github.traderjoe95.mls.protocol.tree.TreeKem" time="0.004"/>
  <testcase name="the update path should be parent-hash valid" classname="com.github.traderjoe95.mls.protocol.tree.TreeKem" time="0.0"/>
  <testcase name="the tree hash after merging the update path should be a230926ff349deaa5f0fce6638aea42534d9711b28147095df562d34f24b2eb8077f64d087382f2c520a8a3451d7b78110931d2d41ba84b183dc26f0982ddc6c" classname="com.github.traderjoe95.mls.protocol.tree.TreeKem" time="0.0"/>
  <testcase name="the decrypted path secret should be d6103a729d7af9156bc635e4a3a102e66fb0e6e7ac9d7a646de0cda975052348733e1d5e513eba3d2e3cb90208d428e906f012c13df512fda5e11a9f3e53f2dd" classname="com.github.traderjoe95.mls.protocol.tree.TreeKem" time="0.003"/>
  <testcase name="a new update path generated by the sender should be successfully processed" classname="com.github.traderjoe95.mls.protocol.tree.TreeKem" time="0.005"/>
  <testcase name="the update path should be parent-hash valid" classname="com.github.traderjoe95.mls.protocol.tree.TreeKem" time="0.0"/>
  <testcase name="the tree hash after merging the update path should be a230926ff349deaa5f0fce6638aea42534d9711b28147095df562d34f24b2eb8077f64d087382f2c520a8a3451d7b78110931d2d41ba84b183dc26f0982ddc6c" classname="com.github.traderjoe95.mls.protocol.tree.TreeKem" time="0.0"/>
  <testcase name="the decrypted path secret should be d3eb43026f07ebbdfcbbddbd3f12061be0821e3c3ebd6eaff7fbda97fd639d32c99690e98c5b3c66c02d62a78ce962b21d732f6b6c7cc27590115a2984c4d379" classname="com.github.traderjoe95.mls.protocol.tree.TreeKem" time="0.003"/>
  <testcase name="a new update path generated by the sender should be successfully processed" classname="com.github.traderjoe95.mls.protocol.tree.TreeKem" time="0.004"/>
  <testcase name="the update path should be parent-hash valid" classname="com.github.traderjoe95.mls.protocol.tree.TreeKem" time="0.0"/>
  <testcase name="the tree hash after merging the update path should be a230926ff349deaa5f0fce6638aea42534d9711b28147095df562d34f24b2eb8077f64d087382f2c520a8a3451d7b78110931d2d41ba84b183dc26f0982ddc6c" classname="com.github.traderjoe95.mls.protocol.tree.TreeKem" time="0.001"/>
  <testcase name="the decrypted path secret should be 8873af2e1a8ec8cd936ed38258cb69dd29d510bda2b49c57d76f12943bf08f0dda56db4f5672f87a65f6f1957cabed4338f5cbbf98cade4c6d8dc280decb22ab" classname="com.github.traderjoe95.mls.protocol.tree.TreeKem" time="0.005"/>
  <testcase name="a new update path generated by the sender should be successfully processed" classname="com.github.traderjoe95.mls.protocol.tree.TreeKem" time="0.006"/>
  <testcase name="the update path should be parent-hash valid" classname="com.github.traderjoe95.mls.protocol.tree.TreeKem" time="0.0"/>
  <testcase name="the tree hash after merging the update path should be a230926ff349deaa5f0fce6638aea42534d9711b28147095df562d34f24b2eb8077f64d087382f2c520a8a3451d7b78110931d2d41ba84b183dc26f0982ddc6c" classname="com.github.traderjoe95.mls.protocol.tree.TreeKem" time="0.001"/>
  <testcase name="the decrypted path secret should be 8873af2e1a8ec8cd936ed38258cb69dd29d510bda2b49c57d76f12943bf08f0dda56db4f5672f87a65f6f1957cabed4338f5cbbf98cade4c6d8dc280decb22ab" classname="com.github.traderjoe95.mls.protocol.tree.TreeKem" time="0.003"/>
  <testcase name="a new update path generated by the sender should be successfully processed" classname="com.github.traderjoe95.mls.protocol.tree.TreeKem" time="0.004"/>
  <testcase name="the update path should be parent-hash valid" classname="com.github.traderjoe95.mls.protocol.tree.TreeKem" time="0.001"/>
  <testcase name="the tree hash after merging the update path should be dc273de132aa121f1c0437bf628878e4a29698514943f79803c48bdea3d621aa5780f2f464293a8c4a5d63b946721beafdacb4a8a020ce739ed05b6e8e606012" classname="com.github.traderjoe95.mls.protocol.tree.TreeKem" time="0.001"/>
  <testcase name="the decrypted path secret should be a2e511a42906b1220daa3b2ce4fc64d876fbb2324be4b7eab3db0e42d197efaacba748e43abf934fb38ab841d968296aed4772bdd90bceea5f2f7c89c2f4e2cf" classname="com.github.traderjoe95.mls.protocol.tree.TreeKem" time="0.004"/>
  <testcase name="a new update path generated by the sender should be successfully processed" classname="com.github.traderjoe95.mls.protocol.tree.TreeKem" time="0.005"/>
  <testcase name="the update path should be parent-hash valid" classname="com.github.traderjoe95.mls.protocol.tree.TreeKem" time="0.0"/>
  <testcase name="the tree hash after merging the update path should be dc273de132aa121f1c0437bf628878e4a29698514943f79803c48bdea3d621aa5780f2f464293a8c4a5d63b946721beafdacb4a8a020ce739ed05b6e8e606012" classname="com.github.traderjoe95.mls.protocol.tree.TreeKem" time="0.001"/>
  <testcase name="the decrypted path secret should be fa2e74cc789c005b05b6219f29886b7536dcf64ee80eb9901402a8b365d5dc9a4b51a973a2bedd4f6e0106799017a978830504aef7da2b153ba386764b430e8b" classname="com.github.traderjoe95.mls.protocol.tree.TreeKem" time="0.004"/>
  <testcase name="a new update path generated by the sender should be successfully processed" classname="com.github.traderjoe95.mls.protocol.tree.TreeKem" time="0.004"/>
  <testcase name="the update path should be parent-hash valid" classname="com.github.traderjoe95.mls.protocol.tree.TreeKem" time="0.0"/>
  <testcase name="the tree hash after merging the update path should be dc273de132aa121f1c0437bf628878e4a29698514943f79803c48bdea3d621aa5780f2f464293a8c4a5d63b946721beafdacb4a8a020ce739ed05b6e8e606012" classname="com.github.traderjoe95.mls.protocol.tree.TreeKem" time="0.0"/>
  <testcase name="the decrypted path secret should be 31bcb9da845fa770b42628aa5896cad572a36ec5d837420a3b71a83c0e4aafc3dd20d128deeede9d70202cb245e234c806fafab656bad5cb4731ae064e73eb2a" classname="com.github.traderjoe95.mls.protocol.tree.TreeKem" time="0.004"/>
  <testcase name="a new update path generated by the sender should be successfully processed" classname="com.github.traderjoe95.mls.protocol.tree.TreeKem" time="0.004"/>
  <testcase name="the update path should be parent-hash valid" classname="com.github.traderjoe95.mls.protocol.tree.TreeKem" time="0.001"/>
  <testcase name="the tree hash after merging the update path should be dc273de132aa121f1c0437bf628878e4a29698514943f79803c48bdea3d621aa5780f2f464293a8c4a5d63b946721beafdacb4a8a020ce739ed05b6e8e606012" classname="com.github.traderjoe95.mls.protocol.tree.TreeKem" time="0.0"/>
  <testcase name="the decrypted path secret should be 31bcb9da845fa770b42628aa5896cad572a36ec5d837420a3b71a83c0e4aafc3dd20d128deeede9d70202cb245e234c806fafab656bad5cb4731ae064e73eb2a" classname="com.github.traderjoe95.mls.protocol.tree.TreeKem" time="0.005"/>
  <testcase name="a new update path generated by the sender should be successfully processed" classname="com.github.traderjoe95.mls.protocol.tree.TreeKem" time="0.004"/>
  <testcase name="the update path should be parent-hash valid" classname="com.github.traderjoe95.mls.protocol.tree.TreeKem" time="0.001"/>
  <testcase name="the tree hash after merging the update path should be 8a7b345f75b44b3cd228ae4f0d08805c276339217150cfcf822b4afccfac8d4db8d38aa9673e102d1f4da57cd2333f0aefd960ada2f9b2cf8d09f2d45cc39b1c" classname="com.github.traderjoe95.mls.protocol.tree.TreeKem" time="0.0"/>
  <testcase name="the decrypted path secret should be fc69414e5356e0123699d323e157d39e92ae3a2526b59fb1f3813289c17933f2b9d6ac395237ceeffd7dcf4199da7962fe0d3e859145ce708e8f5c48b42abe2e" classname="com.github.traderjoe95.mls.protocol.tree.TreeKem" time="0.003"/>
  <testcase name="a new update path generated by the sender should be successfully processed" classname="com.github.traderjoe95.mls.protocol.tree.TreeKem" time="0.005"/>
  <testcase name="the update path should be parent-hash valid" classname="com.github.traderjoe95.mls.protocol.tree.TreeKem" time="0.0"/>
  <testcase name="the tree hash after merging the update path should be 8a7b345f75b44b3cd228ae4f0d08805c276339217150cfcf822b4afccfac8d4db8d38aa9673e102d1f4da57cd2333f0aefd960ada2f9b2cf8d09f2d45cc39b1c" classname="com.github.traderjoe95.mls.protocol.tree.TreeKem" time="0.0"/>
  <testcase name="the decrypted path secret should be 070c626da97401a8b03912d5a543d80ff063ce10281220a5c2b2b2caac4879d1dceda12771e8f6f1e10e99d935a2d9478bbc4076f89526a7f2727edf02a7de5b" classname="com.github.traderjoe95.mls.protocol.tree.TreeKem" time="0.005"/>
  <testcase name="a new update path generated by the sender should be successfully processed" classname="com.github.traderjoe95.mls.protocol.tree.TreeKem" time="0.005"/>
  <testcase name="the update path should be parent-hash valid" classname="com.github.traderjoe95.mls.protocol.tree.TreeKem" time="0.0"/>
  <testcase name="the tree hash after merging the update path should be 8a7b345f75b44b3cd228ae4f0d08805c276339217150cfcf822b4afccfac8d4db8d38aa9673e102d1f4da57cd2333f0aefd960ada2f9b2cf8d09f2d45cc39b1c" classname="com.github.traderjoe95.mls.protocol.tree.TreeKem" time="0.0"/>
  <testcase name="the decrypted path secret should be 070c626da97401a8b03912d5a543d80ff063ce10281220a5c2b2b2caac4879d1dceda12771e8f6f1e10e99d935a2d9478bbc4076f89526a7f2727edf02a7de5b" classname="com.github.traderjoe95.mls.protocol.tree.TreeKem" time="0.004"/>
  <testcase name="a new update path generated by the sender should be successfully processed" classname="com.github.traderjoe95.mls.protocol.tree.TreeKem" time="0.004"/>
  <testcase name="the update path should be parent-hash valid" classname="com.github.traderjoe95.mls.protocol.tree.TreeKem" time="0.0"/>
  <testcase name="the tree hash after merging the update path should be 8a7b345f75b44b3cd228ae4f0d08805c276339217150cfcf822b4afccfac8d4db8d38aa9673e102d1f4da57cd2333f0aefd960ada2f9b2cf8d09f2d45cc39b1c" classname="com.github.traderjoe95.mls.protocol.tree.TreeKem" time="0.0"/>
  <testcase name="the decrypted path secret should be 929dfc7ab8ff8638f74997388baa7a7d706b45a1f1a11d019b9d0cdfe2606c269278159915af90e89f2d4aea781d0a1edd401d88324c7efc7a5bd6931a508f25" classname="com.github.traderjoe95.mls.protocol.tree.TreeKem" time="0.004"/>
  <testcase name="a new update path generated by the sender should be successfully processed" classname="com.github.traderjoe95.mls.protocol.tree.TreeKem" time="0.004"/>
  <testcase name="the update path should be parent-hash valid" classname="com.github.traderjoe95.mls.protocol.tree.TreeKem" time="0.001"/>
  <testcase name="the tree hash after merging the update path should be 981517882d8865a29b1afb0665a7c5950c370b1c87a842a8a0cd6f61106fdf2dc55e462158b276217a9b506f79c4a4a85f96f5386fda872e8fb1316347040695" classname="com.github.traderjoe95.mls.protocol.tree.TreeKem" time="0.001"/>
  <testcase name="the decrypted path secret should be 2e706dded6c740a0ab124c45c56b36a93509b1d1ba1096f91fe2b188ea56bdf6751138c15b1b93dc522d9774839305b41c142cc67f58ba3d1f9368d49fb9df95" classname="com.github.traderjoe95.mls.protocol.tree.TreeKem" time="0.004"/>
  <testcase name="a new update path generated by the sender should be successfully processed" classname="com.github.traderjoe95.mls.protocol.tree.TreeKem" time="0.004"/>
  <testcase name="the update path should be parent-hash valid" classname="com.github.traderjoe95.mls.protocol.tree.TreeKem" time="0.0"/>
  <testcase name="the tree hash after merging the update path should be 981517882d8865a29b1afb0665a7c5950c370b1c87a842a8a0cd6f61106fdf2dc55e462158b276217a9b506f79c4a4a85f96f5386fda872e8fb1316347040695" classname="com.github.traderjoe95.mls.protocol.tree.TreeKem" time="0.0"/>
  <testcase name="the decrypted path secret should be 021be6214bb2546cac01533912c4320ce982c6c680014370466f2244b7d6727c40ff54aecf4c52eab4ca3975cae3fea54c7a261c371f7e38605855975e554187" classname="com.github.traderjoe95.mls.protocol.tree.TreeKem" time="0.003"/>
  <testcase name="a new update path generated by the sender should be successfully processed" classname="com.github.traderjoe95.mls.protocol.tree.TreeKem" time="0.004"/>
  <testcase name="the update path should be parent-hash valid" classname="com.github.traderjoe95.mls.protocol.tree.TreeKem" time="0.001"/>
  <testcase name="the tree hash after merging the update path should be 981517882d8865a29b1afb0665a7c5950c370b1c87a842a8a0cd6f61106fdf2dc55e462158b276217a9b506f79c4a4a85f96f5386fda872e8fb1316347040695" classname="com.github.traderjoe95.mls.protocol.tree.TreeKem" time="0.0"/>
  <testcase name="the decrypted path secret should be 021be6214bb2546cac01533912c4320ce982c6c680014370466f2244b7d6727c40ff54aecf4c52eab4ca3975cae3fea54c7a261c371f7e38605855975e554187" classname="com.github.traderjoe95.mls.protocol.tree.TreeKem" time="0.004"/>
  <testcase name="a new update path generated by the sender should be successfully processed" classname="com.github.traderjoe95.mls.protocol.tree.TreeKem" time="0.004"/>
  <testcase name="the update path should be parent-hash valid" classname="com.github.traderjoe95.mls.protocol.tree.TreeKem" time="0.0"/>
  <testcase name="the tree hash after merging the update path should be 981517882d8865a29b1afb0665a7c5950c370b1c87a842a8a0cd6f61106fdf2dc55e462158b276217a9b506f79c4a4a85f96f5386fda872e8fb1316347040695" classname="com.github.traderjoe95.mls.protocol.tree.TreeKem" time="0.001"/>
  <testcase name="the decrypted path secret should be 8a545e3ff778c03541b5abade0c29c13a54a0e471f96745b88976004239c9c5470b6485d49e9072455e0ba8876c16ec7c8689e0a4191b9ce96e386285a42afc8" classname="com.github.traderjoe95.mls.protocol.tree.TreeKem" time="0.004"/>
  <testcase name="a new update path generated by the sender should be successfully processed" classname="com.github.traderjoe95.mls.protocol.tree.TreeKem" time="0.003"/>
  <testcase name="non-blank leaf 0 should be consistent with the public state" classname="com.github.traderjoe95.mls.protocol.tree.TreeKem" time="0.011"/>
  <testcase name="non-blank leaf 1 should be consistent with the public state" classname="com.github.traderjoe95.mls.protocol.tree.TreeKem" time="0.01"/>
  <testcase name="non-blank leaf 2 should be consistent with the public state" classname="com.github.traderjoe95.mls.protocol.tree.TreeKem" time="0.011"/>
  <testcase name="non-blank leaf 3 should be consistent with the public state" classname="com.github.traderjoe95.mls.protocol.tree.TreeKem" time="0.011"/>
  <testcase name="non-blank leaf 4 should be consistent with the public state" classname="com.github.traderjoe95.mls.protocol.tree.TreeKem" time="0.015"/>
  <testcase name="non-blank leaf 5 should be consistent with the public state" classname="com.github.traderjoe95.mls.protocol.tree.TreeKem" time="0.011"/>
  <testcase name="non-blank leaf 6 should be consistent with the public state" classname="com.github.traderjoe95.mls.protocol.tree.TreeKem" time="0.007"/>
  <testcase name="non-blank leaf 7 should be consistent with the public state" classname="com.github.traderjoe95.mls.protocol.tree.TreeKem" time="0.002"/>
  <testcase name="the update path should be parent-hash valid" classname="com.github.traderjoe95.mls.protocol.tree.TreeKem" time="0.0"/>
  <testcase name="the tree hash after merging the update path should be 289dddf584f7e066e254855d77557d787f7a95c19bd6b460559e083e0d8fe2c62b7d7df257fd04503e494b591836156cba9317b8ae9a6d60dc38d14acebb9197" classname="com.github.traderjoe95.mls.protocol.tree.TreeKem" time="0.0"/>
  <testcase name="the decrypted path secret should be 1d25243acaf5958a18425b4ccc898679204631170b2131353e00ac14f0179b238122c7180ab99d6a6dfd1bb685c6cb9c4a1894b0534b4d0c52fcb1c3ad678148" classname="com.github.traderjoe95.mls.protocol.tree.TreeKem" time="0.003"/>
  <testcase name="a new update path generated by the sender should be successfully processed" classname="com.github.traderjoe95.mls.protocol.tree.TreeKem" time="0.004"/>
  <testcase name="the update path should be parent-hash valid" classname="com.github.traderjoe95.mls.protocol.tree.TreeKem" time="0.0"/>
  <testcase name="the tree hash after merging the update path should be 289dddf584f7e066e254855d77557d787f7a95c19bd6b460559e083e0d8fe2c62b7d7df257fd04503e494b591836156cba9317b8ae9a6d60dc38d14acebb9197" classname="com.github.traderjoe95.mls.protocol.tree.TreeKem" time="0.001"/>
  <testcase name="the decrypted path secret should be 34c26ec513691ca0b1e11c786d7f02cf7f837aa11c61d2adbd021328599c2b8a41981458678729724cc2ea86b6da1a7a603b6bdcffc02e2c79a8ff8336b7d71d" classname="com.github.traderjoe95.mls.protocol.tree.TreeKem" time="0.004"/>
  <testcase name="a new update path generated by the sender should be successfully processed" classname="com.github.traderjoe95.mls.protocol.tree.TreeKem" time="0.004"/>
  <testcase name="the update path should be parent-hash valid" classname="com.github.traderjoe95.mls.protocol.tree.TreeKem" time="0.001"/>
  <testcase name="the tree hash after merging the update path should be 289dddf584f7e066e254855d77557d787f7a95c19bd6b460559e083e0d8fe2c62b7d7df257fd04503e494b591836156cba9317b8ae9a6d60dc38d14acebb9197" classname="com.github.traderjoe95.mls.protocol.tree.TreeKem" time="0.001"/>
  <testcase name="the decrypted path secret should be 34c26ec513691ca0b1e11c786d7f02cf7f837aa11c61d2adbd021328599c2b8a41981458678729724cc2ea86b6da1a7a603b6bdcffc02e2c79a8ff8336b7d71d" classname="com.github.traderjoe95.mls.protocol.tree.TreeKem" time="0.004"/>
  <testcase name="a new update path generated by the sender should be successfully processed" classname="com.github.traderjoe95.mls.protocol.tree.TreeKem" time="0.004"/>
  <testcase name="the update path should be parent-hash valid" classname="com.github.traderjoe95.mls.protocol.tree.TreeKem" time="0.0"/>
  <testcase name="the tree hash after merging the update path should be 289dddf584f7e066e254855d77557d787f7a95c19bd6b460559e083e0d8fe2c62b7d7df257fd04503e494b591836156cba9317b8ae9a6d60dc38d14acebb9197" classname="com.github.traderjoe95.mls.protocol.tree.TreeKem" time="0.0"/>
  <testcase name="the decrypted path secret should be 80171ba520013c13a710743e9f58a51cac54e2434f40a5fc35dc71bbd6828281817bc2184bde275f2ce31b07005890cb34920b8e76ffb3912f43eafa4bfd65e8" classname="com.github.traderjoe95.mls.protocol.tree.TreeKem" time="0.003"/>
  <testcase name="a new update path generated by the sender should be successfully processed" classname="com.github.traderjoe95.mls.protocol.tree.TreeKem" time="0.003"/>
  <testcase name="the update path should be parent-hash valid" classname="com.github.traderjoe95.mls.protocol.tree.TreeKem" time="0.0"/>
  <testcase name="the tree hash after merging the update path should be 289dddf584f7e066e254855d77557d787f7a95c19bd6b460559e083e0d8fe2c62b7d7df257fd04503e494b591836156cba9317b8ae9a6d60dc38d14acebb9197" classname="com.github.traderjoe95.mls.protocol.tree.TreeKem" time="0.0"/>
  <testcase name="the decrypted path secret should be 80171ba520013c13a710743e9f58a51cac54e2434f40a5fc35dc71bbd6828281817bc2184bde275f2ce31b07005890cb34920b8e76ffb3912f43eafa4bfd65e8" classname="com.github.traderjoe95.mls.protocol.tree.TreeKem" time="0.003"/>
  <testcase name="a new update path generated by the sender should be successfully processed" classname="com.github.traderjoe95.mls.protocol.tree.TreeKem" time="0.003"/>
  <testcase name="the update path should be parent-hash valid" classname="com.github.traderjoe95.mls.protocol.tree.TreeKem" time="0.001"/>
  <testcase name="the tree hash after merging the update path should be 289dddf584f7e066e254855d77557d787f7a95c19bd6b460559e083e0d8fe2c62b7d7df257fd04503e494b591836156cba9317b8ae9a6d60dc38d14acebb9197" classname="com.github.traderjoe95.mls.protocol.tree.TreeKem" time="0.001"/>
  <testcase name="the decrypted path secret should be 80171ba520013c13a710743e9f58a51cac54e2434f40a5fc35dc71bbd6828281817bc2184bde275f2ce31b07005890cb34920b8e76ffb3912f43eafa4bfd65e8" classname="com.github.traderjoe95.mls.protocol.tree.TreeKem" time="0.004"/>
  <testcase name="a new update path generated by the sender should be successfully processed" classname="com.github.traderjoe95.mls.protocol.tree.TreeKem" time="0.004"/>
  <testcase name="the update path should be parent-hash valid" classname="com.github.traderjoe95.mls.protocol.tree.TreeKem" time="0.0"/>
  <testcase name="the tree hash after merging the update path should be 289dddf584f7e066e254855d77557d787f7a95c19bd6b460559e083e0d8fe2c62b7d7df257fd04503e494b591836156cba9317b8ae9a6d60dc38d14acebb9197" classname="com.github.traderjoe95.mls.protocol.tree.TreeKem" time="0.0"/>
  <testcase name="the decrypted path secret should be 80171ba520013c13a710743e9f58a51cac54e2434f40a5fc35dc71bbd6828281817bc2184bde275f2ce31b07005890cb34920b8e76ffb3912f43eafa4bfd65e8" classname="com.github.traderjoe95.mls.protocol.tree.TreeKem" time="0.003"/>
  <testcase name="a new update path generated by the sender should be successfully processed" classname="com.github.traderjoe95.mls.protocol.tree.TreeKem" time="0.004"/>
  <testcase name="the update path should be parent-hash valid" classname="com.github.traderjoe95.mls.protocol.tree.TreeKem" time="0.0"/>
  <testcase name="the tree hash after merging the update path should be b510599df9fc216397479bf7fc5338ce642d67e01c78bfd1e28cfe24e1f9f8754c574122a5159e023f26eecf75d0daeebe34dc184e7ec2797d1acb711e84618b" classname="com.github.traderjoe95.mls.protocol.tree.TreeKem" time="0.001"/>
  <testcase name="the decrypted path secret should be 02931f37396f7bcbf323e97782accf082cb746c17c3743976837848b01e28b85ec6657d80f4f593671b7b1496043e2b64e5b8440158eaab8b7541d62ecb6bcef" classname="com.github.traderjoe95.mls.protocol.tree.TreeKem" time="0.004"/>
  <testcase name="a new update path generated by the sender should be successfully processed" classname="com.github.traderjoe95.mls.protocol.tree.TreeKem" time="0.003"/>
  <testcase name="the update path should be parent-hash valid" classname="com.github.traderjoe95.mls.protocol.tree.TreeKem" time="0.001"/>
  <testcase name="the tree hash after merging the update path should be b510599df9fc216397479bf7fc5338ce642d67e01c78bfd1e28cfe24e1f9f8754c574122a5159e023f26eecf75d0daeebe34dc184e7ec2797d1acb711e84618b" classname="com.github.traderjoe95.mls.protocol.tree.TreeKem" time="0.0"/>
  <testcase name="the decrypted path secret should be 22642e10b2195d9ae2e6125a04a43a4b3baddb83f8cd4fb1a94c5086cdbaa871467d93714b98421f9c2438814a16fd09625ac1aeafba96854f431ed3f9b46985" classname="com.github.traderjoe95.mls.protocol.tree.TreeKem" time="0.003"/>
  <testcase name="a new update path generated by the sender should be successfully processed" classname="com.github.traderjoe95.mls.protocol.tree.TreeKem" time="0.005"/>
  <testcase name="the update path should be parent-hash valid" classname="com.github.traderjoe95.mls.protocol.tree.TreeKem" time="0.001"/>
  <testcase name="the tree hash after merging the update path should be b510599df9fc216397479bf7fc5338ce642d67e01c78bfd1e28cfe24e1f9f8754c574122a5159e023f26eecf75d0daeebe34dc184e7ec2797d1acb711e84618b" classname="com.github.traderjoe95.mls.protocol.tree.TreeKem" time="0.001"/>
  <testcase name="the decrypted path secret should be 22642e10b2195d9ae2e6125a04a43a4b3baddb83f8cd4fb1a94c5086cdbaa871467d93714b98421f9c2438814a16fd09625ac1aeafba96854f431ed3f9b46985" classname="com.github.traderjoe95.mls.protocol.tree.TreeKem" time="0.003"/>
  <testcase name="a new update path generated by the sender should be successfully processed" classname="com.github.traderjoe95.mls.protocol.tree.TreeKem" time="0.004"/>
  <testcase name="the update path should be parent-hash valid" classname="com.github.traderjoe95.mls.protocol.tree.TreeKem" time="0.0"/>
  <testcase name="the tree hash after merging the update path should be b510599df9fc216397479bf7fc5338ce642d67e01c78bfd1e28cfe24e1f9f8754c574122a5159e023f26eecf75d0daeebe34dc184e7ec2797d1acb711e84618b" classname="com.github.traderjoe95.mls.protocol.tree.TreeKem" time="0.001"/>
  <testcase name="the decrypted path secret should be 444c384f152c1d092d3d9c16d3954898b2ac6961e1d710c1a0998d77fab8e570a04e890a39458f57c9a819fc02037e391c32c4b85f01ca6cd3323e795142486a" classname="com.github.traderjoe95.mls.protocol.tree.TreeKem" time="0.003"/>
  <testcase name="a new update path generated by the sender should be successfully processed" classname="com.github.traderjoe95.mls.protocol.tree.TreeKem" time="0.004"/>
  <testcase name="the update path should be parent-hash valid" classname="com.github.traderjoe95.mls.protocol.tree.TreeKem" time="0.0"/>
  <testcase name="the tree hash after merging the update path should be b510599df9fc216397479bf7fc5338ce642d67e01c78bfd1e28cfe24e1f9f8754c574122a5159e023f26eecf75d0daeebe34dc184e7ec2797d1acb711e84618b" classname="com.github.traderjoe95.mls.protocol.tree.TreeKem" time="0.001"/>
  <testcase name="the decrypted path secret should be 444c384f152c1d092d3d9c16d3954898b2ac6961e1d710c1a0998d77fab8e570a04e890a39458f57c9a819fc02037e391c32c4b85f01ca6cd3323e795142486a" classname="com.github.traderjoe95.mls.protocol.tree.TreeKem" time="0.004"/>
  <testcase name="a new update path generated by the sender should be successfully processed" classname="com.github.traderjoe95.mls.protocol.tree.TreeKem" time="0.004"/>
  <testcase name="the update path should be parent-hash valid" classname="com.github.traderjoe95.mls.protocol.tree.TreeKem" time="0.001"/>
  <testcase name="the tree hash after merging the update path should be b510599df9fc216397479bf7fc5338ce642d67e01c78bfd1e28cfe24e1f9f8754c574122a5159e023f26eecf75d0daeebe34dc184e7ec2797d1acb711e84618b" classname="com.github.traderjoe95.mls.protocol.tree.TreeKem" time="0.0"/>
  <testcase name="the decrypted path secret should be 444c384f152c1d092d3d9c16d3954898b2ac6961e1d710c1a0998d77fab8e570a04e890a39458f57c9a819fc02037e391c32c4b85f01ca6cd3323e795142486a" classname="com.github.traderjoe95.mls.protocol.tree.TreeKem" time="0.003"/>
  <testcase name="a new update path generated by the sender should be successfully processed" classname="com.github.traderjoe95.mls.protocol.tree.TreeKem" time="0.004"/>
  <testcase name="the update path should be parent-hash valid" classname="com.github.traderjoe95.mls.protocol.tree.TreeKem" time="0.001"/>
  <testcase name="the tree hash after merging the update path should be b510599df9fc216397479bf7fc5338ce642d67e01c78bfd1e28cfe24e1f9f8754c574122a5159e023f26eecf75d0daeebe34dc184e7ec2797d1acb711e84618b" classname="com.github.traderjoe95.mls.protocol.tree.TreeKem" time="0.0"/>
  <testcase name="the decrypted path secret should be 444c384f152c1d092d3d9c16d3954898b2ac6961e1d710c1a0998d77fab8e570a04e890a39458f57c9a819fc02037e391c32c4b85f01ca6cd3323e795142486a" classname="com.github.traderjoe95.mls.protocol.tree.TreeKem" time="0.003"/>
  <testcase name="a new update path generated by the sender should be successfully processed" classname="com.github.traderjoe95.mls.protocol.tree.TreeKem" time="0.004"/>
  <testcase name="the update path should be parent-hash valid" classname="com.github.traderjoe95.mls.protocol.tree.TreeKem" time="0.0"/>
  <testcase name="the tree hash after merging the update path should be a13d7dda0ae8e45a25d747984322eadc228e47dc6f0d8cb19eb0e5dc85ce4bb3a5560cba657aba215438b6bcb82e1d17680ab0c2ee3d45de0e57d9676962e600" classname="com.github.traderjoe95.mls.protocol.tree.TreeKem" time="0.001"/>
  <testcase name="the decrypted path secret should be f991086111f752406ced96a6ce137dc30bc6c85e458a30520db5dd098051e1edd7228456b492c43861964fa4b57793a546cd5668e4ea031fbc307ab2fdf22523" classname="com.github.traderjoe95.mls.protocol.tree.TreeKem" time="0.007"/>
  <testcase name="a new update path generated by the sender should be successfully processed" classname="com.github.traderjoe95.mls.protocol.tree.TreeKem" time="0.004"/>
  <testcase name="the update path should be parent-hash valid" classname="com.github.traderjoe95.mls.protocol.tree.TreeKem" time="0.0"/>
  <testcase name="the tree hash after merging the update path should be a13d7dda0ae8e45a25d747984322eadc228e47dc6f0d8cb19eb0e5dc85ce4bb3a5560cba657aba215438b6bcb82e1d17680ab0c2ee3d45de0e57d9676962e600" classname="com.github.traderjoe95.mls.protocol.tree.TreeKem" time="0.0"/>
  <testcase name="the decrypted path secret should be f991086111f752406ced96a6ce137dc30bc6c85e458a30520db5dd098051e1edd7228456b492c43861964fa4b57793a546cd5668e4ea031fbc307ab2fdf22523" classname="com.github.traderjoe95.mls.protocol.tree.TreeKem" time="0.004"/>
  <testcase name="a new update path generated by the sender should be successfully processed" classname="com.github.traderjoe95.mls.protocol.tree.TreeKem" time="0.004"/>
  <testcase name="the update path should be parent-hash valid" classname="com.github.traderjoe95.mls.protocol.tree.TreeKem" time="0.0"/>
  <testcase name="the tree hash after merging the update path should be a13d7dda0ae8e45a25d747984322eadc228e47dc6f0d8cb19eb0e5dc85ce4bb3a5560cba657aba215438b6bcb82e1d17680ab0c2ee3d45de0e57d9676962e600" classname="com.github.traderjoe95.mls.protocol.tree.TreeKem" time="0.0"/>
  <testcase name="the decrypted path secret should be 78ad8bc01d9cdba1c80d2ba9be70e07d936e1270be27e1f004d9edb4d8033077d8c567c6a0d25c140a2797a8aa2d2e821b0f78354c701908dc37a112bfcd6b86" classname="com.github.traderjoe95.mls.protocol.tree.TreeKem" time="0.003"/>
  <testcase name="a new update path generated by the sender should be successfully processed" classname="com.github.traderjoe95.mls.protocol.tree.TreeKem" time="0.003"/>
  <testcase name="the update path should be parent-hash valid" classname="com.github.traderjoe95.mls.protocol.tree.TreeKem" time="0.0"/>
  <testcase name="the tree hash after merging the update path should be a13d7dda0ae8e45a25d747984322eadc228e47dc6f0d8cb19eb0e5dc85ce4bb3a5560cba657aba215438b6bcb82e1d17680ab0c2ee3d45de0e57d9676962e600" classname="com.github.traderjoe95.mls.protocol.tree.TreeKem" time="0.0"/>
  <testcase name="the decrypted path secret should be 971bf4bff2e562d56a4714880fdca3d1fdd9514ecd84c818bf32ad7aadbf48e986ffbbf39adbecfac3f8f4f6341bff1f3201e65451c3691f90e617869a4aa7d5" classname="com.github.traderjoe95.mls.protocol.tree.TreeKem" time="0.003"/>
  <testcase name="a new update path generated by the sender should be successfully processed" classname="com.github.traderjoe95.mls.protocol.tree.TreeKem" time="0.003"/>
  <testcase name="the update path should be parent-hash valid" classname="com.github.traderjoe95.mls.protocol.tree.TreeKem" time="0.0"/>
  <testcase name="the tree hash after merging the update path should be a13d7dda0ae8e45a25d747984322eadc228e47dc6f0d8cb19eb0e5dc85ce4bb3a5560cba657aba215438b6bcb82e1d17680ab0c2ee3d45de0e57d9676962e600" classname="com.github.traderjoe95.mls.protocol.tree.TreeKem" time="0.0"/>
  <testcase name="the decrypted path secret should be 971bf4bff2e562d56a4714880fdca3d1fdd9514ecd84c818bf32ad7aadbf48e986ffbbf39adbecfac3f8f4f6341bff1f3201e65451c3691f90e617869a4aa7d5" classname="com.github.traderjoe95.mls.protocol.tree.TreeKem" time="0.003"/>
  <testcase name="a new update path generated by the sender should be successfully processed" classname="com.github.traderjoe95.mls.protocol.tree.TreeKem" time="0.003"/>
  <testcase name="the update path should be parent-hash valid" classname="com.github.traderjoe95.mls.protocol.tree.TreeKem" time="0.0"/>
  <testcase name="the tree hash after merging the update path should be a13d7dda0ae8e45a25d747984322eadc228e47dc6f0d8cb19eb0e5dc85ce4bb3a5560cba657aba215438b6bcb82e1d17680ab0c2ee3d45de0e57d9676962e600" classname="com.github.traderjoe95.mls.protocol.tree.TreeKem" time="0.0"/>
  <testcase name="the decrypted path secret should be 971bf4bff2e562d56a4714880fdca3d1fdd9514ecd84c818bf32ad7aadbf48e986ffbbf39adbecfac3f8f4f6341bff1f3201e65451c3691f90e617869a4aa7d5" classname="com.github.traderjoe95.mls.protocol.tree.TreeKem" time="0.004"/>
  <testcase name="a new update path generated by the sender should be successfully processed" classname="com.github.traderjoe95.mls.protocol.tree.TreeKem" time="0.004"/>
  <testcase name="the update path should be parent-hash valid" classname="com.github.traderjoe95.mls.protocol.tree.TreeKem" time="0.0"/>
  <testcase name="the tree hash after merging the update path should be a13d7dda0ae8e45a25d747984322eadc228e47dc6f0d8cb19eb0e5dc85ce4bb3a5560cba657aba215438b6bcb82e1d17680ab0c2ee3d45de0e57d9676962e600" classname="com.github.traderjoe95.mls.protocol.tree.TreeKem" time="0.0"/>
  <testcase name="the decrypted path secret should be 971bf4bff2e562d56a4714880fdca3d1fdd9514ecd84c818bf32ad7aadbf48e986ffbbf39adbecfac3f8f4f6341bff1f3201e65451c3691f90e617869a4aa7d5" classname="com.github.traderjoe95.mls.protocol.tree.TreeKem" time="0.003"/>
  <testcase name="a new update path generated by the sender should be successfully processed" classname="com.github.traderjoe95.mls.protocol.tree.TreeKem" time="0.003"/>
  <testcase name="the update path should be parent-hash valid" classname="com.github.traderjoe95.mls.protocol.tree.TreeKem" time="0.0"/>
  <testcase name="the tree hash after merging the update path should be 135399e47e8e7e09ab0fa1fd24522c339aa60364de6735271298faf5ab61c31f9125560b0562c2caa9f964a1fc4c730bceb58bc87bfdedb58ece3e09859082bf" classname="com.github.traderjoe95.mls.protocol.tree.TreeKem" time="0.0"/>
  <testcase name="the decrypted path secret should be deaaa15e8690b3cc31c9baf0c873d57ff87a1805759902112286237d43ae8e9150265f0af6febc3f9998f09681d4c8c0132f919dc9279fe52a8bd041d17a42d9" classname="com.github.traderjoe95.mls.protocol.tree.TreeKem" time="0.003"/>
  <testcase name="a new update path generated by the sender should be successfully processed" classname="com.github.traderjoe95.mls.protocol.tree.TreeKem" time="0.004"/>
  <testcase name="the update path should be parent-hash valid" classname="com.github.traderjoe95.mls.protocol.tree.TreeKem" time="0.0"/>
  <testcase name="the tree hash after merging the update path should be 135399e47e8e7e09ab0fa1fd24522c339aa60364de6735271298faf5ab61c31f9125560b0562c2caa9f964a1fc4c730bceb58bc87bfdedb58ece3e09859082bf" classname="com.github.traderjoe95.mls.protocol.tree.TreeKem" time="0.0"/>
  <testcase name="the decrypted path secret should be deaaa15e8690b3cc31c9baf0c873d57ff87a1805759902112286237d43ae8e9150265f0af6febc3f9998f09681d4c8c0132f919dc9279fe52a8bd041d17a42d9" classname="com.github.traderjoe95.mls.protocol.tree.TreeKem" time="0.004"/>
  <testcase name="a new update path generated by the sender should be successfully processed" classname="com.github.traderjoe95.mls.protocol.tree.TreeKem" time="0.004"/>
  <testcase name="the update path should be parent-hash valid" classname="com.github.traderjoe95.mls.protocol.tree.TreeKem" time="0.0"/>
  <testcase name="the tree hash after merging the update path should be 135399e47e8e7e09ab0fa1fd24522c339aa60364de6735271298faf5ab61c31f9125560b0562c2caa9f964a1fc4c730bceb58bc87bfdedb58ece3e09859082bf" classname="com.github.traderjoe95.mls.protocol.tree.TreeKem" time="0.001"/>
  <testcase name="the decrypted path secret should be ea3c4e2b6ecb5436bd18006439b20711894b1a8f81b102cd7a4e7fd49dd00301684ef241b5f4983288015e610ed488da529ae65dbdab7b64006a13dac8c2b83c" classname="com.github.traderjoe95.mls.protocol.tree.TreeKem" time="0.004"/>
  <testcase name="a new update path generated by the sender should be successfully processed" classname="com.github.traderjoe95.mls.protocol.tree.TreeKem" time="0.004"/>
  <testcase name="the update path should be parent-hash valid" classname="com.github.traderjoe95.mls.protocol.tree.TreeKem" time="0.001"/>
  <testcase name="the tree hash after merging the update path should be 135399e47e8e7e09ab0fa1fd24522c339aa60364de6735271298faf5ab61c31f9125560b0562c2caa9f964a1fc4c730bceb58bc87bfdedb58ece3e09859082bf" classname="com.github.traderjoe95.mls.protocol.tree.TreeKem" time="0.0"/>
  <testcase name="the decrypted path secret should be e03f676c22ffcca256d6f3f3a038b672bd5631b03650ec9a2c445ebf9ae546d214f3c1ce9d2feb839107e492e06c501a8c0e98a4e8bb02e8ebb1662391d52d1d" classname="com.github.traderjoe95.mls.protocol.tree.TreeKem" time="0.003"/>
  <testcase name="a new update path generated by the sender should be successfully processed" classname="com.github.traderjoe95.mls.protocol.tree.TreeKem" time="0.003"/>
  <testcase name="the update path should be parent-hash valid" classname="com.github.traderjoe95.mls.protocol.tree.TreeKem" time="0.0"/>
  <testcase name="the tree hash after merging the update path should be 135399e47e8e7e09ab0fa1fd24522c339aa60364de6735271298faf5ab61c31f9125560b0562c2caa9f964a1fc4c730bceb58bc87bfdedb58ece3e09859082bf" classname="com.github.traderjoe95.mls.protocol.tree.TreeKem" time="0.0"/>
  <testcase name="the decrypted path secret should be e03f676c22ffcca256d6f3f3a038b672bd5631b03650ec9a2c445ebf9ae546d214f3c1ce9d2feb839107e492e06c501a8c0e98a4e8bb02e8ebb1662391d52d1d" classname="com.github.traderjoe95.mls.protocol.tree.TreeKem" time="0.003"/>
  <testcase name="a new update path generated by the sender should be successfully processed" classname="com.github.traderjoe95.mls.protocol.tree.TreeKem" time="0.004"/>
  <testcase name="the update path should be parent-hash valid" classname="com.github.traderjoe95.mls.protocol.tree.TreeKem" time="0.0"/>
  <testcase name="the tree hash after merging the update path should be 135399e47e8e7e09ab0fa1fd24522c339aa60364de6735271298faf5ab61c31f9125560b0562c2caa9f964a1fc4c730bceb58bc87bfdedb58ece3e09859082bf" classname="com.github.traderjoe95.mls.protocol.tree.TreeKem" time="0.001"/>
  <testcase name="the decrypted path secret should be e03f676c22ffcca256d6f3f3a038b672bd5631b03650ec9a2c445ebf9ae546d214f3c1ce9d2feb839107e492e06c501a8c0e98a4e8bb02e8ebb1662391d52d1d" classname="com.github.traderjoe95.mls.protocol.tree.TreeKem" time="0.004"/>
  <testcase name="a new update path generated by the sender should be successfully processed" classname="com.github.traderjoe95.mls.protocol.tree.TreeKem" time="0.004"/>
  <testcase name="the update path should be parent-hash valid" classname="com.github.traderjoe95.mls.protocol.tree.TreeKem" time="0.0"/>
  <testcase name="the tree hash after merging the update path should be 135399e47e8e7e09ab0fa1fd24522c339aa60364de6735271298faf5ab61c31f9125560b0562c2caa9f964a1fc4c730bceb58bc87bfdedb58ece3e09859082bf" classname="com.github.traderjoe95.mls.protocol.tree.TreeKem" time="0.0"/>
  <testcase name="the decrypted path secret should be e03f676c22ffcca256d6f3f3a038b672bd5631b03650ec9a2c445ebf9ae546d214f3c1ce9d2feb839107e492e06c501a8c0e98a4e8bb02e8ebb1662391d52d1d" classname="com.github.traderjoe95.mls.protocol.tree.TreeKem" time="0.003"/>
  <testcase name="a new update path generated by the sender should be successfully processed" classname="com.github.traderjoe95.mls.protocol.tree.TreeKem" time="0.003"/>
  <testcase name="the update path should be parent-hash valid" classname="com.github.traderjoe95.mls.protocol.tree.TreeKem" time="0.001"/>
  <testcase name="the tree hash after merging the update path should be bc704e923e77d08dc9b860cb3850b99684d63c746362b32b0dab17504ae43288210bad9ed1e1ea57844468cd37b051fff05b88c177910c0aa716300918fbac8c" classname="com.github.traderjoe95.mls.protocol.tree.TreeKem" time="0.001"/>
  <testcase name="the decrypted path secret should be d6103a729d7af9156bc635e4a3a102e66fb0e6e7ac9d7a646de0cda975052348733e1d5e513eba3d2e3cb90208d428e906f012c13df512fda5e11a9f3e53f2dd" classname="com.github.traderjoe95.mls.protocol.tree.TreeKem" time="0.003"/>
  <testcase name="a new update path generated by the sender should be successfully processed" classname="com.github.traderjoe95.mls.protocol.tree.TreeKem" time="0.003"/>
  <testcase name="the update path should be parent-hash valid" classname="com.github.traderjoe95.mls.protocol.tree.TreeKem" time="0.0"/>
  <testcase name="the tree hash after merging the update path should be bc704e923e77d08dc9b860cb3850b99684d63c746362b32b0dab17504ae43288210bad9ed1e1ea57844468cd37b051fff05b88c177910c0aa716300918fbac8c" classname="com.github.traderjoe95.mls.protocol.tree.TreeKem" time="0.0"/>
  <testcase name="the decrypted path secret should be d6103a729d7af9156bc635e4a3a102e66fb0e6e7ac9d7a646de0cda975052348733e1d5e513eba3d2e3cb90208d428e906f012c13df512fda5e11a9f3e53f2dd" classname="com.github.traderjoe95.mls.protocol.tree.TreeKem" time="0.003"/>
  <testcase name="a new update path generated by the sender should be successfully processed" classname="com.github.traderjoe95.mls.protocol.tree.TreeKem" time="0.003"/>
  <testcase name="the update path should be parent-hash valid" classname="com.github.traderjoe95.mls.protocol.tree.TreeKem" time="0.0"/>
  <testcase name="the tree hash after merging the update path should be bc704e923e77d08dc9b860cb3850b99684d63c746362b32b0dab17504ae43288210bad9ed1e1ea57844468cd37b051fff05b88c177910c0aa716300918fbac8c" classname="com.github.traderjoe95.mls.protocol.tree.TreeKem" time="0.0"/>
  <testcase name="the decrypted path secret should be d6103a729d7af9156bc635e4a3a102e66fb0e6e7ac9d7a646de0cda975052348733e1d5e513eba3d2e3cb90208d428e906f012c13df512fda5e11a9f3e53f2dd" classname="com.github.traderjoe95.mls.protocol.tree.TreeKem" time="0.004"/>
  <testcase name="a new update path generated by the sender should be successfully processed" classname="com.github.traderjoe95.mls.protocol.tree.TreeKem" time="0.005"/>
  <testcase name="the update path should be parent-hash valid" classname="com.github.traderjoe95.mls.protocol.tree.TreeKem" time="0.0"/>
  <testcase name="the tree hash after merging the update path should be bc704e923e77d08dc9b860cb3850b99684d63c746362b32b0dab17504ae43288210bad9ed1e1ea57844468cd37b051fff05b88c177910c0aa716300918fbac8c" classname="com.github.traderjoe95.mls.protocol.tree.TreeKem" time="0.0"/>
  <testcase name="the decrypted path secret should be d6103a729d7af9156bc635e4a3a102e66fb0e6e7ac9d7a646de0cda975052348733e1d5e513eba3d2e3cb90208d428e906f012c13df512fda5e11a9f3e53f2dd" classname="com.github.traderjoe95.mls.protocol.tree.TreeKem" time="0.005"/>
  <testcase name="a new update path generated by the sender should be successfully processed" classname="com.github.traderjoe95.mls.protocol.tree.TreeKem" time="0.003"/>
  <testcase name="the update path should be parent-hash valid" classname="com.github.traderjoe95.mls.protocol.tree.TreeKem" time="0.0"/>
  <testcase name="the tree hash after merging the update path should be bc704e923e77d08dc9b860cb3850b99684d63c746362b32b0dab17504ae43288210bad9ed1e1ea57844468cd37b051fff05b88c177910c0aa716300918fbac8c" classname="com.github.traderjoe95.mls.protocol.tree.TreeKem" time="0.0"/>
  <testcase name="the decrypted path secret should be d3eb43026f07ebbdfcbbddbd3f12061be0821e3c3ebd6eaff7fbda97fd639d32c99690e98c5b3c66c02d62a78ce962b21d732f6b6c7cc27590115a2984c4d379" classname="com.github.traderjoe95.mls.protocol.tree.TreeKem" time="0.003"/>
  <testcase name="a new update path generated by the sender should be successfully processed" classname="com.github.traderjoe95.mls.protocol.tree.TreeKem" time="0.004"/>
  <testcase name="the update path should be parent-hash valid" classname="com.github.traderjoe95.mls.protocol.tree.TreeKem" time="0.0"/>
  <testcase name="the tree hash after merging the update path should be bc704e923e77d08dc9b860cb3850b99684d63c746362b32b0dab17504ae43288210bad9ed1e1ea57844468cd37b051fff05b88c177910c0aa716300918fbac8c" classname="com.github.traderjoe95.mls.protocol.tree.TreeKem" time="0.0"/>
  <testcase name="the decrypted path secret should be 8873af2e1a8ec8cd936ed38258cb69dd29d510bda2b49c57d76f12943bf08f0dda56db4f5672f87a65f6f1957cabed4338f5cbbf98cade4c6d8dc280decb22ab" classname="com.github.traderjoe95.mls.protocol.tree.TreeKem" time="0.004"/>
  <testcase name="a new update path generated by the sender should be successfully processed" classname="com.github.traderjoe95.mls.protocol.tree.TreeKem" time="0.003"/>
  <testcase name="the update path should be parent-hash valid" classname="com.github.traderjoe95.mls.protocol.tree.TreeKem" time="0.001"/>
  <testcase name="the tree hash after merging the update path should be bc704e923e77d08dc9b860cb3850b99684d63c746362b32b0dab17504ae43288210bad9ed1e1ea57844468cd37b051fff05b88c177910c0aa716300918fbac8c" classname="com.github.traderjoe95.mls.protocol.tree.TreeKem" time="0.0"/>
  <testcase name="the decrypted path secret should be 8873af2e1a8ec8cd936ed38258cb69dd29d510bda2b49c57d76f12943bf08f0dda56db4f5672f87a65f6f1957cabed4338f5cbbf98cade4c6d8dc280decb22ab" classname="com.github.traderjoe95.mls.protocol.tree.TreeKem" time="0.003"/>
  <testcase name="a new update path generated by the sender should be successfully processed" classname="com.github.traderjoe95.mls.protocol.tree.TreeKem" time="0.003"/>
  <testcase name="the update path should be parent-hash valid" classname="com.github.traderjoe95.mls.protocol.tree.TreeKem" time="0.001"/>
  <testcase name="the tree hash after merging the update path should be b8de4aa1fb8d220d1f7ea3c7de00a61486e7428fddf241ff635546364cb02d0b32ddc045090cde0272a655b3c3a119e9c890503b5d9ebdb6435856cf76cf912a" classname="com.github.traderjoe95.mls.protocol.tree.TreeKem" time="0.001"/>
  <testcase name="the decrypted path secret should be a2e511a42906b1220daa3b2ce4fc64d876fbb2324be4b7eab3db0e42d197efaacba748e43abf934fb38ab841d968296aed4772bdd90bceea5f2f7c89c2f4e2cf" classname="com.github.traderjoe95.mls.protocol.tree.TreeKem" time="0.003"/>
  <testcase name="a new update path generated by the sender should be successfully processed" classname="com.github.traderjoe95.mls.protocol.tree.TreeKem" time="0.003"/>
  <testcase name="the update path should be parent-hash valid" classname="com.github.traderjoe95.mls.protocol.tree.TreeKem" time="0.0"/>
  <testcase name="the tree hash after merging the update path should be b8de4aa1fb8d220d1f7ea3c7de00a61486e7428fddf241ff635546364cb02d0b32ddc045090cde0272a655b3c3a119e9c890503b5d9ebdb6435856cf76cf912a" classname="com.github.traderjoe95.mls.protocol.tree.TreeKem" time="0.0"/>
  <testcase name="the decrypted path secret should be a2e511a42906b1220daa3b2ce4fc64d876fbb2324be4b7eab3db0e42d197efaacba748e43abf934fb38ab841d968296aed4772bdd90bceea5f2f7c89c2f4e2cf" classname="com.github.traderjoe95.mls.protocol.tree.TreeKem" time="0.003"/>
  <testcase name="a new update path generated by the sender should be successfully processed" classname="com.github.traderjoe95.mls.protocol.tree.TreeKem" time="0.004"/>
  <testcase name="the update path should be parent-hash valid" classname="com.github.traderjoe95.mls.protocol.tree.TreeKem" time="0.0"/>
  <testcase name="the tree hash after merging the update path should be b8de4aa1fb8d220d1f7ea3c7de00a61486e7428fddf241ff635546364cb02d0b32ddc045090cde0272a655b3c3a119e9c890503b5d9ebdb6435856cf76cf912a" classname="com.github.traderjoe95.mls.protocol.tree.TreeKem" time="0.001"/>
  <testcase name="the decrypted path secret should be a2e511a42906b1220daa3b2ce4fc64d876fbb2324be4b7eab3db0e42d197efaacba748e43abf934fb38ab841d968296aed4772bdd90bceea5f2f7c89c2f4e2cf" classname="com.github.traderjoe95.mls.protocol.tree.TreeKem" time="0.003"/>
  <testcase name="a new update path generated by the sender should be successfully processed" classname="com.github.traderjoe95.mls.protocol.tree.TreeKem" time="0.005"/>
  <testcase name="the update path should be parent-hash valid" classname="com.github.traderjoe95.mls.protocol.tree.TreeKem" time="0.001"/>
  <testcase name="the tree hash after merging the update path should be b8de4aa1fb8d220d1f7ea3c7de00a61486e7428fddf241ff635546364cb02d0b32ddc045090cde0272a655b3c3a119e9c890503b5d9ebdb6435856cf76cf912a" classname="com.github.traderjoe95.mls.protocol.tree.TreeKem" time="0.0"/>
  <testcase name="the decrypted path secret should be a2e511a42906b1220daa3b2ce4fc64d876fbb2324be4b7eab3db0e42d197efaacba748e43abf934fb38ab841d968296aed4772bdd90bceea5f2f7c89c2f4e2cf" classname="com.github.traderjoe95.mls.protocol.tree.TreeKem" time="0.003"/>
  <testcase name="a new update path generated by the sender should be successfully processed" classname="com.github.traderjoe95.mls.protocol.tree.TreeKem" time="0.003"/>
  <testcase name="the update path should be parent-hash valid" classname="com.github.traderjoe95.mls.protocol.tree.TreeKem" time="0.0"/>
  <testcase name="the tree hash after merging the update path should be b8de4aa1fb8d220d1f7ea3c7de00a61486e7428fddf241ff635546364cb02d0b32ddc045090cde0272a655b3c3a119e9c890503b5d9ebdb6435856cf76cf912a" classname="com.github.traderjoe95.mls.protocol.tree.TreeKem" time="0.0"/>
  <testcase name="the decrypted path secret should be fa2e74cc789c005b05b6219f29886b7536dcf64ee80eb9901402a8b365d5dc9a4b51a973a2bedd4f6e0106799017a978830504aef7da2b153ba386764b430e8b" classname="com.github.traderjoe95.mls.protocol.tree.TreeKem" time="0.004"/>
  <testcase name="a new update path generated by the sender should be successfully processed" classname="com.github.traderjoe95.mls.protocol.tree.TreeKem" time="0.008"/>
  <testcase name="the update path should be parent-hash valid" classname="com.github.traderjoe95.mls.protocol.tree.TreeKem" time="0.001"/>
  <testcase name="the tree hash after merging the update path should be b8de4aa1fb8d220d1f7ea3c7de00a61486e7428fddf241ff635546364cb02d0b32ddc045090cde0272a655b3c3a119e9c890503b5d9ebdb6435856cf76cf912a" classname="com.github.traderjoe95.mls.protocol.tree.TreeKem" time="0.0"/>
  <testcase name="the decrypted path secret should be 31bcb9da845fa770b42628aa5896cad572a36ec5d837420a3b71a83c0e4aafc3dd20d128deeede9d70202cb245e234c806fafab656bad5cb4731ae064e73eb2a" classname="com.github.traderjoe95.mls.protocol.tree.TreeKem" time="0.005"/>
  <testcase name="a new update path generated by the sender should be successfully processed" classname="com.github.traderjoe95.mls.protocol.tree.TreeKem" time="0.006"/>
  <testcase name="the update path should be parent-hash valid" classname="com.github.traderjoe95.mls.protocol.tree.TreeKem" time="0.0"/>
  <testcase name="the tree hash after merging the update path should be b8de4aa1fb8d220d1f7ea3c7de00a61486e7428fddf241ff635546364cb02d0b32ddc045090cde0272a655b3c3a119e9c890503b5d9ebdb6435856cf76cf912a" classname="com.github.traderjoe95.mls.protocol.tree.TreeKem" time="0.0"/>
  <testcase name="the decrypted path secret should be 31bcb9da845fa770b42628aa5896cad572a36ec5d837420a3b71a83c0e4aafc3dd20d128deeede9d70202cb245e234c806fafab656bad5cb4731ae064e73eb2a" classname="com.github.traderjoe95.mls.protocol.tree.TreeKem" time="0.003"/>
  <testcase name="a new update path generated by the sender should be successfully processed" classname="com.github.traderjoe95.mls.protocol.tree.TreeKem" time="0.004"/>
  <testcase name="the update path should be parent-hash valid" classname="com.github.traderjoe95.mls.protocol.tree.TreeKem" time="0.0"/>
  <testcase name="the tree hash after merging the update path should be 75ad16a9a2d33cbf03a0ccfb6c6f9ffc587f22393ceffc1b5a10fd355a6b0251cadba0de28d04578eb28c3a63778bfb6b49c552434b89e8e0c0a8e20badef8b3" classname="com.github.traderjoe95.mls.protocol.tree.TreeKem" time="0.0"/>
  <testcase name="the decrypted path secret should be fc69414e5356e0123699d323e157d39e92ae3a2526b59fb1f3813289c17933f2b9d6ac395237ceeffd7dcf4199da7962fe0d3e859145ce708e8f5c48b42abe2e" classname="com.github.traderjoe95.mls.protocol.tree.TreeKem" time="0.004"/>
  <testcase name="a new update path generated by the sender should be successfully processed" classname="com.github.traderjoe95.mls.protocol.tree.TreeKem" time="0.004"/>
  <testcase name="the update path should be parent-hash valid" classname="com.github.traderjoe95.mls.protocol.tree.TreeKem" time="0.001"/>
  <testcase name="the tree hash after merging the update path should be 75ad16a9a2d33cbf03a0ccfb6c6f9ffc587f22393ceffc1b5a10fd355a6b0251cadba0de28d04578eb28c3a63778bfb6b49c552434b89e8e0c0a8e20badef8b3" classname="com.github.traderjoe95.mls.protocol.tree.TreeKem" time="0.0"/>
  <testcase name="the decrypted path secret should be fc69414e5356e0123699d323e157d39e92ae3a2526b59fb1f3813289c17933f2b9d6ac395237ceeffd7dcf4199da7962fe0d3e859145ce708e8f5c48b42abe2e" classname="com.github.traderjoe95.mls.protocol.tree.TreeKem" time="0.003"/>
  <testcase name="a new update path generated by the sender should be successfully processed" classname="com.github.traderjoe95.mls.protocol.tree.TreeKem" time="0.004"/>
  <testcase name="the update path should be parent-hash valid" classname="com.github.traderjoe95.mls.protocol.tree.TreeKem" time="0.001"/>
  <testcase name="the tree hash after merging the update path should be 75ad16a9a2d33cbf03a0ccfb6c6f9ffc587f22393ceffc1b5a10fd355a6b0251cadba0de28d04578eb28c3a63778bfb6b49c552434b89e8e0c0a8e20badef8b3" classname="com.github.traderjoe95.mls.protocol.tree.TreeKem" time="0.0"/>
  <testcase name="the decrypted path secret should be fc69414e5356e0123699d323e157d39e92ae3a2526b59fb1f3813289c17933f2b9d6ac395237ceeffd7dcf4199da7962fe0d3e859145ce708e8f5c48b42abe2e" classname="com.github.traderjoe95.mls.protocol.tree.TreeKem" time="0.003"/>
  <testcase name="a new update path generated by the sender should be successfully processed" classname="com.github.traderjoe95.mls.protocol.tree.TreeKem" time="0.005"/>
  <testcase name="the update path should be parent-hash valid" classname="com.github.traderjoe95.mls.protocol.tree.TreeKem" time="0.0"/>
  <testcase name="the tree hash after merging the update path should be 75ad16a9a2d33cbf03a0ccfb6c6f9ffc587f22393ceffc1b5a10fd355a6b0251cadba0de28d04578eb28c3a63778bfb6b49c552434b89e8e0c0a8e20badef8b3" classname="com.github.traderjoe95.mls.protocol.tree.TreeKem" time="0.0"/>
  <testcase name="the decrypted path secret should be fc69414e5356e0123699d323e157d39e92ae3a2526b59fb1f3813289c17933f2b9d6ac395237ceeffd7dcf4199da7962fe0d3e859145ce708e8f5c48b42abe2e" classname="com.github.traderjoe95.mls.protocol.tree.TreeKem" time="0.003"/>
  <testcase name="a new update path generated by the sender should be successfully processed" classname="com.github.traderjoe95.mls.protocol.tree.TreeKem" time="0.004"/>
  <testcase name="the update path should be parent-hash valid" classname="com.github.traderjoe95.mls.protocol.tree.TreeKem" time="0.0"/>
  <testcase name="the tree hash after merging the update path should be 75ad16a9a2d33cbf03a0ccfb6c6f9ffc587f22393ceffc1b5a10fd355a6b0251cadba0de28d04578eb28c3a63778bfb6b49c552434b89e8e0c0a8e20badef8b3" classname="com.github.traderjoe95.mls.protocol.tree.TreeKem" time="0.001"/>
  <testcase name="the decrypted path secret should be 070c626da97401a8b03912d5a543d80ff063ce10281220a5c2b2b2caac4879d1dceda12771e8f6f1e10e99d935a2d9478bbc4076f89526a7f2727edf02a7de5b" classname="com.github.traderjoe95.mls.protocol.tree.TreeKem" time="0.004"/>
  <testcase name="a new update path generated by the sender should be successfully processed" classname="com.github.traderjoe95.mls.protocol.tree.TreeKem" time="0.004"/>
  <testcase name="the update path should be parent-hash valid" classname="com.github.traderjoe95.mls.protocol.tree.TreeKem" time="0.0"/>
  <testcase name="the tree hash after merging the update path should be 75ad16a9a2d33cbf03a0ccfb6c6f9ffc587f22393ceffc1b5a10fd355a6b0251cadba0de28d04578eb28c3a63778bfb6b49c552434b89e8e0c0a8e20badef8b3" classname="com.github.traderjoe95.mls.protocol.tree.TreeKem" time="0.0"/>
  <testcase name="the decrypted path secret should be 070c626da97401a8b03912d5a543d80ff063ce10281220a5c2b2b2caac4879d1dceda12771e8f6f1e10e99d935a2d9478bbc4076f89526a7f2727edf02a7de5b" classname="com.github.traderjoe95.mls.protocol.tree.TreeKem" time="0.003"/>
  <testcase name="a new update path generated by the sender should be successfully processed" classname="com.github.traderjoe95.mls.protocol.tree.TreeKem" time="0.004"/>
  <testcase name="the update path should be parent-hash valid" classname="com.github.traderjoe95.mls.protocol.tree.TreeKem" time="0.0"/>
  <testcase name="the tree hash after merging the update path should be 75ad16a9a2d33cbf03a0ccfb6c6f9ffc587f22393ceffc1b5a10fd355a6b0251cadba0de28d04578eb28c3a63778bfb6b49c552434b89e8e0c0a8e20badef8b3" classname="com.github.traderjoe95.mls.protocol.tree.TreeKem" time="0.0"/>
  <testcase name="the decrypted path secret should be 929dfc7ab8ff8638f74997388baa7a7d706b45a1f1a11d019b9d0cdfe2606c269278159915af90e89f2d4aea781d0a1edd401d88324c7efc7a5bd6931a508f25" classname="com.github.traderjoe95.mls.protocol.tree.TreeKem" time="0.004"/>
  <testcase name="a new update path generated by the sender should be successfully processed" classname="com.github.traderjoe95.mls.protocol.tree.TreeKem" time="0.004"/>
  <testcase name="the update path should be parent-hash valid" classname="com.github.traderjoe95.mls.protocol.tree.TreeKem" time="0.0"/>
  <testcase name="the tree hash after merging the update path should be 9ba6491080c4962fb3455d54940623d00f2d87488edeb97926474a13713ce73e2bf7b31d442b62fba56f663ed2b5202bcbaa35725f740306cc4b931d33d07875" classname="com.github.traderjoe95.mls.protocol.tree.TreeKem" time="0.001"/>
  <testcase name="the decrypted path secret should be 2e706dded6c740a0ab124c45c56b36a93509b1d1ba1096f91fe2b188ea56bdf6751138c15b1b93dc522d9774839305b41c142cc67f58ba3d1f9368d49fb9df95" classname="com.github.traderjoe95.mls.protocol.tree.TreeKem" time="0.004"/>
  <testcase name="a new update path generated by the sender should be successfully processed" classname="com.github.traderjoe95.mls.protocol.tree.TreeKem" time="0.004"/>
  <testcase name="the update path should be parent-hash valid" classname="com.github.traderjoe95.mls.protocol.tree.TreeKem" time="0.0"/>
  <testcase name="the tree hash after merging the update path should be 9ba6491080c4962fb3455d54940623d00f2d87488edeb97926474a13713ce73e2bf7b31d442b62fba56f663ed2b5202bcbaa35725f740306cc4b931d33d07875" classname="com.github.traderjoe95.mls.protocol.tree.TreeKem" time="0.0"/>
  <testcase name="the decrypted path secret should be 2e706dded6c740a0ab124c45c56b36a93509b1d1ba1096f91fe2b188ea56bdf6751138c15b1b93dc522d9774839305b41c142cc67f58ba3d1f9368d49fb9df95" classname="com.github.traderjoe95.mls.protocol.tree.TreeKem" time="0.004"/>
  <testcase name="a new update path generated by the sender should be successfully processed" classname="com.github.traderjoe95.mls.protocol.tree.TreeKem" time="0.004"/>
  <testcase name="the update path should be parent-hash valid" classname="com.github.traderjoe95.mls.protocol.tree.TreeKem" time="0.001"/>
  <testcase name="the tree hash after merging the update path should be 9ba6491080c4962fb3455d54940623d00f2d87488edeb97926474a13713ce73e2bf7b31d442b62fba56f663ed2b5202bcbaa35725f740306cc4b931d33d07875" classname="com.github.traderjoe95.mls.protocol.tree.TreeKem" time="0.0"/>
  <testcase name="the decrypted path secret should be 2e706dded6c740a0ab124c45c56b36a93509b1d1ba1096f91fe2b188ea56bdf6751138c15b1b93dc522d9774839305b41c142cc67f58ba3d1f9368d49fb9df95" classname="com.github.traderjoe95.mls.protocol.tree.TreeKem" time="0.003"/>
  <testcase name="a new update path generated by the sender should be successfully processed" classname="com.github.traderjoe95.mls.protocol.tree.TreeKem" time="0.004"/>
  <testcase name="the update path should be parent-hash valid" classname="com.github.traderjoe95.mls.protocol.tree.TreeKem" time="0.0"/>
  <testcase name="the tree hash after merging the update path should be 9ba6491080c4962fb3455d54940623d00f2d87488edeb97926474a13713ce73e2bf7b31d442b62fba56f663ed2b5202bcbaa35725f740306cc4b931d33d07875" classname="com.github.traderjoe95.mls.protocol.tree.TreeKem" time="0.0"/>
  <testcase name="the decrypted path secret should be 2e706dded6c740a0ab124c45c56b36a93509b1d1ba1096f91fe2b188ea56bdf6751138c15b1b93dc522d9774839305b41c142cc67f58ba3d1f9368d49fb9df95" classname="com.github.traderjoe95.mls.protocol.tree.TreeKem" time="0.003"/>
  <testcase name="a new update path generated by the sender should be successfully processed" classname="com.github.traderjoe95.mls.protocol.tree.TreeKem" time="0.003"/>
  <testcase name="the update path should be parent-hash valid" classname="com.github.traderjoe95.mls.protocol.tree.TreeKem" time="0.001"/>
  <testcase name="the tree hash after merging the update path should be 9ba6491080c4962fb3455d54940623d00f2d87488edeb97926474a13713ce73e2bf7b31d442b62fba56f663ed2b5202bcbaa35725f740306cc4b931d33d07875" classname="com.github.traderjoe95.mls.protocol.tree.TreeKem" time="0.001"/>
  <testcase name="the decrypted path secret should be 021be6214bb2546cac01533912c4320ce982c6c680014370466f2244b7d6727c40ff54aecf4c52eab4ca3975cae3fea54c7a261c371f7e38605855975e554187" classname="com.github.traderjoe95.mls.protocol.tree.TreeKem" time="0.004"/>
  <testcase name="a new update path generated by the sender should be successfully processed" classname="com.github.traderjoe95.mls.protocol.tree.TreeKem" time="0.004"/>
  <testcase name="the update path should be parent-hash valid" classname="com.github.traderjoe95.mls.protocol.tree.TreeKem" time="0.0"/>
  <testcase name="the tree hash after merging the update path should be 9ba6491080c4962fb3455d54940623d00f2d87488edeb97926474a13713ce73e2bf7b31d442b62fba56f663ed2b5202bcbaa35725f740306cc4b931d33d07875" classname="com.github.traderjoe95.mls.protocol.tree.TreeKem" time="0.0"/>
  <testcase name="the decrypted path secret should be 021be6214bb2546cac01533912c4320ce982c6c680014370466f2244b7d6727c40ff54aecf4c52eab4ca3975cae3fea54c7a261c371f7e38605855975e554187" classname="com.github.traderjoe95.mls.protocol.tree.TreeKem" time="0.003"/>
  <testcase name="a new update path generated by the sender should be successfully processed" classname="com.github.traderjoe95.mls.protocol.tree.TreeKem" time="0.003"/>
  <testcase name="the update path should be parent-hash valid" classname="com.github.traderjoe95.mls.protocol.tree.TreeKem" time="0.001"/>
  <testcase name="the tree hash after merging the update path should be 9ba6491080c4962fb3455d54940623d00f2d87488edeb97926474a13713ce73e2bf7b31d442b62fba56f663ed2b5202bcbaa35725f740306cc4b931d33d07875" classname="com.github.traderjoe95.mls.protocol.tree.TreeKem" time="0.001"/>
  <testcase name="the decrypted path secret should be 8a545e3ff778c03541b5abade0c29c13a54a0e471f96745b88976004239c9c5470b6485d49e9072455e0ba8876c16ec7c8689e0a4191b9ce96e386285a42afc8" classname="com.github.traderjoe95.mls.protocol.tree.TreeKem" time="0.004"/>
  <testcase name="a new update path generated by the sender should be successfully processed" classname="com.github.traderjoe95.mls.protocol.tree.TreeKem" time="0.003"/>
  <testcase name="non-blank leaf 0 should be consistent with the public state" classname="com.github.traderjoe95.mls.protocol.tree.TreeKem" time="0.01"/>
  <testcase name="non-blank leaf 1 should be consistent with the public state" classname="com.github.traderjoe95.mls.protocol.tree.TreeKem" time="0.01"/>
  <testcase name="non-blank leaf 2 should be consistent with the public state" classname="com.github.traderjoe95.mls.protocol.tree.TreeKem" time="0.007"/>
  <testcase name="non-blank leaf 3 should be consistent with the public state" classname="com.github.traderjoe95.mls.protocol.tree.TreeKem" time="0.007"/>
  <testcase name="non-blank leaf 4 should be consistent with the public state" classname="com.github.traderjoe95.mls.protocol.tree.TreeKem" time="0.013"/>
  <testcase name="non-blank leaf 5 should be consistent with the public state" classname="com.github.traderjoe95.mls.protocol.tree.TreeKem" time="0.001"/>
  <testcase name="non-blank leaf 6 should be consistent with the public state" classname="com.github.traderjoe95.mls.protocol.tree.TreeKem" time="0.007"/>
  <testcase name="the update path should be parent-hash valid" classname="com.github.traderjoe95.mls.protocol.tree.TreeKem" time="0.0"/>
  <testcase name="the tree hash after merging the update path should be 3486ba45ee1e3d9db57ef722059b13c598b45284f6a3d523fc596f1f5230f01daa3cf49be21b2d8d8face7564321221295523811cba22d506e5db49a5fadbe83" classname="com.github.traderjoe95.mls.protocol.tree.TreeKem" time="0.001"/>
  <testcase name="the decrypted path secret should be 1d25243acaf5958a18425b4ccc898679204631170b2131353e00ac14f0179b238122c7180ab99d6a6dfd1bb685c6cb9c4a1894b0534b4d0c52fcb1c3ad678148" classname="com.github.traderjoe95.mls.protocol.tree.TreeKem" time="0.004"/>
  <testcase name="a new update path generated by the sender should be successfully processed" classname="com.github.traderjoe95.mls.protocol.tree.TreeKem" time="0.003"/>
  <testcase name="the update path should be parent-hash valid" classname="com.github.traderjoe95.mls.protocol.tree.TreeKem" time="0.0"/>
  <testcase name="the tree hash after merging the update path should be 3486ba45ee1e3d9db57ef722059b13c598b45284f6a3d523fc596f1f5230f01daa3cf49be21b2d8d8face7564321221295523811cba22d506e5db49a5fadbe83" classname="com.github.traderjoe95.mls.protocol.tree.TreeKem" time="0.0"/>
  <testcase name="the decrypted path secret should be 34c26ec513691ca0b1e11c786d7f02cf7f837aa11c61d2adbd021328599c2b8a41981458678729724cc2ea86b6da1a7a603b6bdcffc02e2c79a8ff8336b7d71d" classname="com.github.traderjoe95.mls.protocol.tree.TreeKem" time="0.003"/>
  <testcase name="a new update path generated by the sender should be successfully processed" classname="com.github.traderjoe95.mls.protocol.tree.TreeKem" time="0.003"/>
  <testcase name="the update path should be parent-hash valid" classname="com.github.traderjoe95.mls.protocol.tree.TreeKem" time="0.0"/>
  <testcase name="the tree hash after merging the update path should be 3486ba45ee1e3d9db57ef722059b13c598b45284f6a3d523fc596f1f5230f01daa3cf49be21b2d8d8face7564321221295523811cba22d506e5db49a5fadbe83" classname="com.github.traderjoe95.mls.protocol.tree.TreeKem" time="0.001"/>
  <testcase name="the decrypted path secret should be 34c26ec513691ca0b1e11c786d7f02cf7f837aa11c61d2adbd021328599c2b8a41981458678729724cc2ea86b6da1a7a603b6bdcffc02e2c79a8ff8336b7d71d" classname="com.github.traderjoe95.mls.protocol.tree.TreeKem" time="0.004"/>
  <testcase name="a new update path generated by the sender should be successfully processed" classname="com.github.traderjoe95.mls.protocol.tree.TreeKem" time="0.004"/>
  <testcase name="the update path should be parent-hash valid" classname="com.github.traderjoe95.mls.protocol.tree.TreeKem" time="0.0"/>
  <testcase name="the tree hash after merging the update path should be 3486ba45ee1e3d9db57ef722059b13c598b45284f6a3d523fc596f1f5230f01daa3cf49be21b2d8d8face7564321221295523811cba22d506e5db49a5fadbe83" classname="com.github.traderjoe95.mls.protocol.tree.TreeKem" time="0.001"/>
  <testcase name="the decrypted path secret should be 80171ba520013c13a710743e9f58a51cac54e2434f40a5fc35dc71bbd6828281817bc2184bde275f2ce31b07005890cb34920b8e76ffb3912f43eafa4bfd65e8" classname="com.github.traderjoe95.mls.protocol.tree.TreeKem" time="0.004"/>
  <testcase name="a new update path generated by the sender should be successfully processed" classname="com.github.traderjoe95.mls.protocol.tree.TreeKem" time="0.004"/>
  <testcase name="the update path should be parent-hash valid" classname="com.github.traderjoe95.mls.protocol.tree.TreeKem" time="0.0"/>
  <testcase name="the tree hash after merging the update path should be 3486ba45ee1e3d9db57ef722059b13c598b45284f6a3d523fc596f1f5230f01daa3cf49be21b2d8d8face7564321221295523811cba22d506e5db49a5fadbe83" classname="com.github.traderjoe95.mls.protocol.tree.TreeKem" time="0.0"/>
  <testcase name="the decrypted path secret should be 80171ba520013c13a710743e9f58a51cac54e2434f40a5fc35dc71bbd6828281817bc2184bde275f2ce31b07005890cb34920b8e76ffb3912f43eafa4bfd65e8" classname="com.github.traderjoe95.mls.protocol.tree.TreeKem" time="0.003"/>
  <testcase name="a new update path generated by the sender should be successfully processed" classname="com.github.traderjoe95.mls.protocol.tree.TreeKem" time="0.004"/>
  <testcase name="the update path should be parent-hash valid" classname="com.github.traderjoe95.mls.protocol.tree.TreeKem" time="0.0"/>
  <testcase name="the tree hash after merging the update path should be 3486ba45ee1e3d9db57ef722059b13c598b45284f6a3d523fc596f1f5230f01daa3cf49be21b2d8d8face7564321221295523811cba22d506e5db49a5fadbe83" classname="com.github.traderjoe95.mls.protocol.tree.TreeKem" time="0.0"/>
  <testcase name="the decrypted path secret should be 80171ba520013c13a710743e9f58a51cac54e2434f40a5fc35dc71bbd6828281817bc2184bde275f2ce31b07005890cb34920b8e76ffb3912f43eafa4bfd65e8" classname="com.github.traderjoe95.mls.protocol.tree.TreeKem" time="0.003"/>
  <testcase name="a new update path generated by the sender should be successfully processed" classname="com.github.traderjoe95.mls.protocol.tree.TreeKem" time="0.003"/>
  <testcase name="the update path should be parent-hash valid" classname="com.github.traderjoe95.mls.protocol.tree.TreeKem" time="0.0"/>
  <testcase name="the tree hash after merging the update path should be 28eaebe577dd91f427d958bd42d4ad2b68cc8c36f37c58ff20a71c5c7c7cb0bdf28edcad4c7a8c926a17cd2870f5f4e56857f6da4d516e90320d564d272477fa" classname="com.github.traderjoe95.mls.protocol.tree.TreeKem" time="0.0"/>
  <testcase name="the decrypted path secret should be 02931f37396f7bcbf323e97782accf082cb746c17c3743976837848b01e28b85ec6657d80f4f593671b7b1496043e2b64e5b8440158eaab8b7541d62ecb6bcef" classname="com.github.traderjoe95.mls.protocol.tree.TreeKem" time="0.003"/>
  <testcase name="a new update path generated by the sender should be successfully processed" classname="com.github.traderjoe95.mls.protocol.tree.TreeKem" time="0.004"/>
  <testcase name="the update path should be parent-hash valid" classname="com.github.traderjoe95.mls.protocol.tree.TreeKem" time="0.0"/>
  <testcase name="the tree hash after merging the update path should be 28eaebe577dd91f427d958bd42d4ad2b68cc8c36f37c58ff20a71c5c7c7cb0bdf28edcad4c7a8c926a17cd2870f5f4e56857f6da4d516e90320d564d272477fa" classname="com.github.traderjoe95.mls.protocol.tree.TreeKem" time="0.0"/>
  <testcase name="the decrypted path secret should be 22642e10b2195d9ae2e6125a04a43a4b3baddb83f8cd4fb1a94c5086cdbaa871467d93714b98421f9c2438814a16fd09625ac1aeafba96854f431ed3f9b46985" classname="com.github.traderjoe95.mls.protocol.tree.TreeKem" time="0.003"/>
  <testcase name="a new update path generated by the sender should be successfully processed" classname="com.github.traderjoe95.mls.protocol.tree.TreeKem" time="0.004"/>
  <testcase name="the update path should be parent-hash valid" classname="com.github.traderjoe95.mls.protocol.tree.TreeKem" time="0.0"/>
  <testcase name="the tree hash after merging the update path should be 28eaebe577dd91f427d958bd42d4ad2b68cc8c36f37c58ff20a71c5c7c7cb0bdf28edcad4c7a8c926a17cd2870f5f4e56857f6da4d516e90320d564d272477fa" classname="com.github.traderjoe95.mls.protocol.tree.TreeKem" time="0.0"/>
  <testcase name="the decrypted path secret should be 22642e10b2195d9ae2e6125a04a43a4b3baddb83f8cd4fb1a94c5086cdbaa871467d93714b98421f9c2438814a16fd09625ac1aeafba96854f431ed3f9b46985" classname="com.github.traderjoe95.mls.protocol.tree.TreeKem" time="0.004"/>
  <testcase name="a new update path generated by the sender should be successfully processed" classname="com.github.traderjoe95.mls.protocol.tree.TreeKem" time="0.004"/>
  <testcase name="the update path should be parent-hash valid" classname="com.github.traderjoe95.mls.protocol.tree.TreeKem" time="0.001"/>
  <testcase name="the tree hash after merging the update path should be 28eaebe577dd91f427d958bd42d4ad2b68cc8c36f37c58ff20a71c5c7c7cb0bdf28edcad4c7a8c926a17cd2870f5f4e56857f6da4d516e90320d564d272477fa" classname="com.github.traderjoe95.mls.protocol.tree.TreeKem" time="0.0"/>
  <testcase name="the decrypted path secret should be 444c384f152c1d092d3d9c16d3954898b2ac6961e1d710c1a0998d77fab8e570a04e890a39458f57c9a819fc02037e391c32c4b85f01ca6cd3323e795142486a" classname="com.github.traderjoe95.mls.protocol.tree.TreeKem" time="0.003"/>
  <testcase name="a new update path generated by the sender should be successfully processed" classname="com.github.traderjoe95.mls.protocol.tree.TreeKem" time="0.003"/>
  <testcase name="the update path should be parent-hash valid" classname="com.github.traderjoe95.mls.protocol.tree.TreeKem" time="0.0"/>
  <testcase name="the tree hash after merging the update path should be 28eaebe577dd91f427d958bd42d4ad2b68cc8c36f37c58ff20a71c5c7c7cb0bdf28edcad4c7a8c926a17cd2870f5f4e56857f6da4d516e90320d564d272477fa" classname="com.github.traderjoe95.mls.protocol.tree.TreeKem" time="0.0"/>
  <testcase name="the decrypted path secret should be 444c384f152c1d092d3d9c16d3954898b2ac6961e1d710c1a0998d77fab8e570a04e890a39458f57c9a819fc02037e391c32c4b85f01ca6cd3323e795142486a" classname="com.github.traderjoe95.mls.protocol.tree.TreeKem" time="0.004"/>
  <testcase name="a new update path generated by the sender should be successfully processed" classname="com.github.traderjoe95.mls.protocol.tree.TreeKem" time="0.004"/>
  <testcase name="the update path should be parent-hash valid" classname="com.github.traderjoe95.mls.protocol.tree.TreeKem" time="0.001"/>
  <testcase name="the tree hash after merging the update path should be 28eaebe577dd91f427d958bd42d4ad2b68cc8c36f37c58ff20a71c5c7c7cb0bdf28edcad4c7a8c926a17cd2870f5f4e56857f6da4d516e90320d564d272477fa" classname="com.github.traderjoe95.mls.protocol.tree.TreeKem" time="0.0"/>
  <testcase name="the decrypted path secret should be 444c384f152c1d092d3d9c16d3954898b2ac6961e1d710c1a0998d77fab8e570a04e890a39458f57c9a819fc02037e391c32c4b85f01ca6cd3323e795142486a" classname="com.github.traderjoe95.mls.protocol.tree.TreeKem" time="0.004"/>
  <testcase name="a new update path generated by the sender should be successfully processed" classname="com.github.traderjoe95.mls.protocol.tree.TreeKem" time="0.004"/>
  <testcase name="the update path should be parent-hash valid" classname="com.github.traderjoe95.mls.protocol.tree.TreeKem" time="0.001"/>
  <testcase name="the tree hash after merging the update path should be 70ede506c5ad9e507489733d001099d763fc504c47a9ac2f9d4f811ac07fb28b0f7b753895c3c7bdb39665738c7c8c76feb6d0e41e19781883ce4738dba654fd" classname="com.github.traderjoe95.mls.protocol.tree.TreeKem" time="0.0"/>
  <testcase name="the decrypted path secret should be f991086111f752406ced96a6ce137dc30bc6c85e458a30520db5dd098051e1edd7228456b492c43861964fa4b57793a546cd5668e4ea031fbc307ab2fdf22523" classname="com.github.traderjoe95.mls.protocol.tree.TreeKem" time="0.004"/>
  <testcase name="a new update path generated by the sender should be successfully processed" classname="com.github.traderjoe95.mls.protocol.tree.TreeKem" time="0.003"/>
  <testcase name="the update path should be parent-hash valid" classname="com.github.traderjoe95.mls.protocol.tree.TreeKem" time="0.001"/>
  <testcase name="the tree hash after merging the update path should be 70ede506c5ad9e507489733d001099d763fc504c47a9ac2f9d4f811ac07fb28b0f7b753895c3c7bdb39665738c7c8c76feb6d0e41e19781883ce4738dba654fd" classname="com.github.traderjoe95.mls.protocol.tree.TreeKem" time="0.0"/>
  <testcase name="the decrypted path secret should be f991086111f752406ced96a6ce137dc30bc6c85e458a30520db5dd098051e1edd7228456b492c43861964fa4b57793a546cd5668e4ea031fbc307ab2fdf22523" classname="com.github.traderjoe95.mls.protocol.tree.TreeKem" time="0.003"/>
  <testcase name="a new update path generated by the sender should be successfully processed" classname="com.github.traderjoe95.mls.protocol.tree.TreeKem" time="0.004"/>
  <testcase name="the update path should be parent-hash valid" classname="com.github.traderjoe95.mls.protocol.tree.TreeKem" time="0.0"/>
  <testcase name="the tree hash after merging the update path should be 70ede506c5ad9e507489733d001099d763fc504c47a9ac2f9d4f811ac07fb28b0f7b753895c3c7bdb39665738c7c8c76feb6d0e41e19781883ce4738dba654fd" classname="com.github.traderjoe95.mls.protocol.tree.TreeKem" time="0.0"/>
  <testcase name="the decrypted path secret should be 78ad8bc01d9cdba1c80d2ba9be70e07d936e1270be27e1f004d9edb4d8033077d8c567c6a0d25c140a2797a8aa2d2e821b0f78354c701908dc37a112bfcd6b86" classname="com.github.traderjoe95.mls.protocol.tree.TreeKem" time="0.004"/>
  <testcase name="a new update path generated by the sender should be successfully processed" classname="com.github.traderjoe95.mls.protocol.tree.TreeKem" time="0.004"/>
  <testcase name="the update path should be parent-hash valid" classname="com.github.traderjoe95.mls.protocol.tree.TreeKem" time="0.0"/>
  <testcase name="the tree hash after merging the update path should be 70ede506c5ad9e507489733d001099d763fc504c47a9ac2f9d4f811ac07fb28b0f7b753895c3c7bdb39665738c7c8c76feb6d0e41e19781883ce4738dba654fd" classname="com.github.traderjoe95.mls.protocol.tree.TreeKem" time="0.0"/>
  <testcase name="the decrypted path secret should be 971bf4bff2e562d56a4714880fdca3d1fdd9514ecd84c818bf32ad7aadbf48e986ffbbf39adbecfac3f8f4f6341bff1f3201e65451c3691f90e617869a4aa7d5" classname="com.github.traderjoe95.mls.protocol.tree.TreeKem" time="0.004"/>
  <testcase name="a new update path generated by the sender should be successfully processed" classname="com.github.traderjoe95.mls.protocol.tree.TreeKem" time="0.004"/>
  <testcase name="the update path should be parent-hash valid" classname="com.github.traderjoe95.mls.protocol.tree.TreeKem" time="0.0"/>
  <testcase name="the tree hash after merging the update path should be 70ede506c5ad9e507489733d001099d763fc504c47a9ac2f9d4f811ac07fb28b0f7b753895c3c7bdb39665738c7c8c76feb6d0e41e19781883ce4738dba654fd" classname="com.github.traderjoe95.mls.protocol.tree.TreeKem" time="0.001"/>
  <testcase name="the decrypted path secret should be 971bf4bff2e562d56a4714880fdca3d1fdd9514ecd84c818bf32ad7aadbf48e986ffbbf39adbecfac3f8f4f6341bff1f3201e65451c3691f90e617869a4aa7d5" classname="com.github.traderjoe95.mls.protocol.tree.TreeKem" time="0.004"/>
  <testcase name="a new update path generated by the sender should be successfully processed" classname="com.github.traderjoe95.mls.protocol.tree.TreeKem" time="0.004"/>
  <testcase name="the update path should be parent-hash valid" classname="com.github.traderjoe95.mls.protocol.tree.TreeKem" time="0.0"/>
  <testcase name="the tree hash after merging the update path should be 70ede506c5ad9e507489733d001099d763fc504c47a9ac2f9d4f811ac07fb28b0f7b753895c3c7bdb39665738c7c8c76feb6d0e41e19781883ce4738dba654fd" classname="com.github.traderjoe95.mls.protocol.tree.TreeKem" time="0.0"/>
  <testcase name="the decrypted path secret should be 971bf4bff2e562d56a4714880fdca3d1fdd9514ecd84c818bf32ad7aadbf48e986ffbbf39adbecfac3f8f4f6341bff1f3201e65451c3691f90e617869a4aa7d5" classname="com.github.traderjoe95.mls.protocol.tree.TreeKem" time="0.004"/>
  <testcase name="a new update path generated by the sender should be successfully processed" classname="com.github.traderjoe95.mls.protocol.tree.TreeKem" time="0.005"/>
  <testcase name="the update path should be parent-hash valid" classname="com.github.traderjoe95.mls.protocol.tree.TreeKem" time="0.0"/>
  <testcase name="the tree hash after merging the update path should be a8873fccd6f10f38621841d438fb6bcc1e57cc55be6998835e1e4d59945c27d390c016200ef46b31c1e673cf65387025bc9674ed1eed2987be187b8dd08c6f9a" classname="com.github.traderjoe95.mls.protocol.tree.TreeKem" time="0.0"/>
  <testcase name="the decrypted path secret should be deaaa15e8690b3cc31c9baf0c873d57ff87a1805759902112286237d43ae8e9150265f0af6febc3f9998f09681d4c8c0132f919dc9279fe52a8bd041d17a42d9" classname="com.github.traderjoe95.mls.protocol.tree.TreeKem" time="0.005"/>
  <testcase name="a new update path generated by the sender should be successfully processed" classname="com.github.traderjoe95.mls.protocol.tree.TreeKem" time="0.003"/>
  <testcase name="the update path should be parent-hash valid" classname="com.github.traderjoe95.mls.protocol.tree.TreeKem" time="0.001"/>
  <testcase name="the tree hash after merging the update path should be a8873fccd6f10f38621841d438fb6bcc1e57cc55be6998835e1e4d59945c27d390c016200ef46b31c1e673cf65387025bc9674ed1eed2987be187b8dd08c6f9a" classname="com.github.traderjoe95.mls.protocol.tree.TreeKem" time="0.001"/>
  <testcase name="the decrypted path secret should be deaaa15e8690b3cc31c9baf0c873d57ff87a1805759902112286237d43ae8e9150265f0af6febc3f9998f09681d4c8c0132f919dc9279fe52a8bd041d17a42d9" classname="com.github.traderjoe95.mls.protocol.tree.TreeKem" time="0.004"/>
  <testcase name="a new update path generated by the sender should be successfully processed" classname="com.github.traderjoe95.mls.protocol.tree.TreeKem" time="0.005"/>
  <testcase name="the update path should be parent-hash valid" classname="com.github.traderjoe95.mls.protocol.tree.TreeKem" time="0.0"/>
  <testcase name="the tree hash after merging the update path should be a8873fccd6f10f38621841d438fb6bcc1e57cc55be6998835e1e4d59945c27d390c016200ef46b31c1e673cf65387025bc9674ed1eed2987be187b8dd08c6f9a" classname="com.github.traderjoe95.mls.protocol.tree.TreeKem" time="0.0"/>
  <testcase name="the decrypted path secret should be ea3c4e2b6ecb5436bd18006439b20711894b1a8f81b102cd7a4e7fd49dd00301684ef241b5f4983288015e610ed488da529ae65dbdab7b64006a13dac8c2b83c" classname="com.github.traderjoe95.mls.protocol.tree.TreeKem" time="0.004"/>
  <testcase name="a new update path generated by the sender should be successfully processed" classname="com.github.traderjoe95.mls.protocol.tree.TreeKem" time="0.005"/>
  <testcase name="the update path should be parent-hash valid" classname="com.github.traderjoe95.mls.protocol.tree.TreeKem" time="0.001"/>
  <testcase name="the tree hash after merging the update path should be a8873fccd6f10f38621841d438fb6bcc1e57cc55be6998835e1e4d59945c27d390c016200ef46b31c1e673cf65387025bc9674ed1eed2987be187b8dd08c6f9a" classname="com.github.traderjoe95.mls.protocol.tree.TreeKem" time="0.0"/>
  <testcase name="the decrypted path secret should be e03f676c22ffcca256d6f3f3a038b672bd5631b03650ec9a2c445ebf9ae546d214f3c1ce9d2feb839107e492e06c501a8c0e98a4e8bb02e8ebb1662391d52d1d" classname="com.github.traderjoe95.mls.protocol.tree.TreeKem" time="0.004"/>
  <testcase name="a new update path generated by the sender should be successfully processed" classname="com.github.traderjoe95.mls.protocol.tree.TreeKem" time="0.004"/>
  <testcase name="the update path should be parent-hash valid" classname="com.github.traderjoe95.mls.protocol.tree.TreeKem" time="0.0"/>
  <testcase name="the tree hash after merging the update path should be a8873fccd6f10f38621841d438fb6bcc1e57cc55be6998835e1e4d59945c27d390c016200ef46b31c1e673cf65387025bc9674ed1eed2987be187b8dd08c6f9a" classname="com.github.traderjoe95.mls.protocol.tree.TreeKem" time="0.0"/>
  <testcase name="the decrypted path secret should be e03f676c22ffcca256d6f3f3a038b672bd5631b03650ec9a2c445ebf9ae546d214f3c1ce9d2feb839107e492e06c501a8c0e98a4e8bb02e8ebb1662391d52d1d" classname="com.github.traderjoe95.mls.protocol.tree.TreeKem" time="0.004"/>
  <testcase name="a new update path generated by the sender should be successfully processed" classname="com.github.traderjoe95.mls.protocol.tree.TreeKem" time="0.004"/>
  <testcase name="the update path should be parent-hash valid" classname="com.github.traderjoe95.mls.protocol.tree.TreeKem" time="0.0"/>
  <testcase name="the tree hash after merging the update path should be a8873fccd6f10f38621841d438fb6bcc1e57cc55be6998835e1e4d59945c27d390c016200ef46b31c1e673cf65387025bc9674ed1eed2987be187b8dd08c6f9a" classname="com.github.traderjoe95.mls.protocol.tree.TreeKem" time="0.0"/>
  <testcase name="the decrypted path secret should be e03f676c22ffcca256d6f3f3a038b672bd5631b03650ec9a2c445ebf9ae546d214f3c1ce9d2feb839107e492e06c501a8c0e98a4e8bb02e8ebb1662391d52d1d" classname="com.github.traderjoe95.mls.protocol.tree.TreeKem" time="0.004"/>
  <testcase name="a new update path generated by the sender should be successfully processed" classname="com.github.traderjoe95.mls.protocol.tree.TreeKem" time="0.005"/>
  <testcase name="the update path should be parent-hash valid" classname="com.github.traderjoe95.mls.protocol.tree.TreeKem" time="0.001"/>
  <testcase name="the tree hash after merging the update path should be 2f607b67a74a3d82a7f8c416f2a22c065eb3cf0ccd67aa9301b7d7eb4994188b0126b1167e03a714a03f318087f10318586ead432a4b997350ea07cc730b937f" classname="com.github.traderjoe95.mls.protocol.tree.TreeKem" time="0.0"/>
  <testcase name="the decrypted path secret should be d6103a729d7af9156bc635e4a3a102e66fb0e6e7ac9d7a646de0cda975052348733e1d5e513eba3d2e3cb90208d428e906f012c13df512fda5e11a9f3e53f2dd" classname="com.github.traderjoe95.mls.protocol.tree.TreeKem" time="0.003"/>
  <testcase name="a new update path generated by the sender should be successfully processed" classname="com.github.traderjoe95.mls.protocol.tree.TreeKem" time="0.004"/>
  <testcase name="the update path should be parent-hash valid" classname="com.github.traderjoe95.mls.protocol.tree.TreeKem" time="0.0"/>
  <testcase name="the tree hash after merging the update path should be 2f607b67a74a3d82a7f8c416f2a22c065eb3cf0ccd67aa9301b7d7eb4994188b0126b1167e03a714a03f318087f10318586ead432a4b997350ea07cc730b937f" classname="com.github.traderjoe95.mls.protocol.tree.TreeKem" time="0.0"/>
  <testcase name="the decrypted path secret should be d6103a729d7af9156bc635e4a3a102e66fb0e6e7ac9d7a646de0cda975052348733e1d5e513eba3d2e3cb90208d428e906f012c13df512fda5e11a9f3e53f2dd" classname="com.github.traderjoe95.mls.protocol.tree.TreeKem" time="0.004"/>
  <testcase name="a new update path generated by the sender should be successfully processed" classname="com.github.traderjoe95.mls.protocol.tree.TreeKem" time="0.005"/>
  <testcase name="the update path should be parent-hash valid" classname="com.github.traderjoe95.mls.protocol.tree.TreeKem" time="0.0"/>
  <testcase name="the tree hash after merging the update path should be 2f607b67a74a3d82a7f8c416f2a22c065eb3cf0ccd67aa9301b7d7eb4994188b0126b1167e03a714a03f318087f10318586ead432a4b997350ea07cc730b937f" classname="com.github.traderjoe95.mls.protocol.tree.TreeKem" time="0.0"/>
  <testcase name="the decrypted path secret should be d6103a729d7af9156bc635e4a3a102e66fb0e6e7ac9d7a646de0cda975052348733e1d5e513eba3d2e3cb90208d428e906f012c13df512fda5e11a9f3e53f2dd" classname="com.github.traderjoe95.mls.protocol.tree.TreeKem" time="0.004"/>
  <testcase name="a new update path generated by the sender should be successfully processed" classname="com.github.traderjoe95.mls.protocol.tree.TreeKem" time="0.003"/>
  <testcase name="the update path should be parent-hash valid" classname="com.github.traderjoe95.mls.protocol.tree.TreeKem" time="0.001"/>
  <testcase name="the tree hash after merging the update path should be 2f607b67a74a3d82a7f8c416f2a22c065eb3cf0ccd67aa9301b7d7eb4994188b0126b1167e03a714a03f318087f10318586ead432a4b997350ea07cc730b937f" classname="com.github.traderjoe95.mls.protocol.tree.TreeKem" time="0.001"/>
  <testcase name="the decrypted path secret should be d6103a729d7af9156bc635e4a3a102e66fb0e6e7ac9d7a646de0cda975052348733e1d5e513eba3d2e3cb90208d428e906f012c13df512fda5e11a9f3e53f2dd" classname="com.github.traderjoe95.mls.protocol.tree.TreeKem" time="0.004"/>
  <testcase name="a new update path generated by the sender should be successfully processed" classname="com.github.traderjoe95.mls.protocol.tree.TreeKem" time="0.004"/>
  <testcase name="the update path should be parent-hash valid" classname="com.github.traderjoe95.mls.protocol.tree.TreeKem" time="0.0"/>
  <testcase name="the tree hash after merging the update path should be 2f607b67a74a3d82a7f8c416f2a22c065eb3cf0ccd67aa9301b7d7eb4994188b0126b1167e03a714a03f318087f10318586ead432a4b997350ea07cc730b937f" classname="com.github.traderjoe95.mls.protocol.tree.TreeKem" time="0.0"/>
  <testcase name="the decrypted path secret should be d3eb43026f07ebbdfcbbddbd3f12061be0821e3c3ebd6eaff7fbda97fd639d32c99690e98c5b3c66c02d62a78ce962b21d732f6b6c7cc27590115a2984c4d379" classname="com.github.traderjoe95.mls.protocol.tree.TreeKem" time="0.003"/>
  <testcase name="a new update path generated by the sender should be successfully processed" classname="com.github.traderjoe95.mls.protocol.tree.TreeKem" time="0.004"/>
  <testcase name="the update path should be parent-hash valid" classname="com.github.traderjoe95.mls.protocol.tree.TreeKem" time="0.001"/>
  <testcase name="the tree hash after merging the update path should be 2f607b67a74a3d82a7f8c416f2a22c065eb3cf0ccd67aa9301b7d7eb4994188b0126b1167e03a714a03f318087f10318586ead432a4b997350ea07cc730b937f" classname="com.github.traderjoe95.mls.protocol.tree.TreeKem" time="0.001"/>
  <testcase name="the decrypted path secret should be 8873af2e1a8ec8cd936ed38258cb69dd29d510bda2b49c57d76f12943bf08f0dda56db4f5672f87a65f6f1957cabed4338f5cbbf98cade4c6d8dc280decb22ab" classname="com.github.traderjoe95.mls.protocol.tree.TreeKem" time="0.004"/>
  <testcase name="a new update path generated by the sender should be successfully processed" classname="com.github.traderjoe95.mls.protocol.tree.TreeKem" time="0.003"/>
  <testcase name="the update path should be parent-hash valid" classname="com.github.traderjoe95.mls.protocol.tree.TreeKem" time="0.0"/>
  <testcase name="the tree hash after merging the update path should be f9217b2e6d9a7d1e82451b5a3a758db6b9d685e58a20d1c4c7a5ea491c5729de3cb82a9c6620998e1868c35aff2fd9bbb3f85e504b6ed6fbbb18dd9e63b92280" classname="com.github.traderjoe95.mls.protocol.tree.TreeKem" time="0.001"/>
  <testcase name="the decrypted path secret should be a2e511a42906b1220daa3b2ce4fc64d876fbb2324be4b7eab3db0e42d197efaacba748e43abf934fb38ab841d968296aed4772bdd90bceea5f2f7c89c2f4e2cf" classname="com.github.traderjoe95.mls.protocol.tree.TreeKem" time="0.004"/>
  <testcase name="a new update path generated by the sender should be successfully processed" classname="com.github.traderjoe95.mls.protocol.tree.TreeKem" time="0.003"/>
  <testcase name="the update path should be parent-hash valid" classname="com.github.traderjoe95.mls.protocol.tree.TreeKem" time="0.0"/>
  <testcase name="the tree hash after merging the update path should be f9217b2e6d9a7d1e82451b5a3a758db6b9d685e58a20d1c4c7a5ea491c5729de3cb82a9c6620998e1868c35aff2fd9bbb3f85e504b6ed6fbbb18dd9e63b92280" classname="com.github.traderjoe95.mls.protocol.tree.TreeKem" time="0.0"/>
  <testcase name="the decrypted path secret should be a2e511a42906b1220daa3b2ce4fc64d876fbb2324be4b7eab3db0e42d197efaacba748e43abf934fb38ab841d968296aed4772bdd90bceea5f2f7c89c2f4e2cf" classname="com.github.traderjoe95.mls.protocol.tree.TreeKem" time="0.003"/>
  <testcase name="a new update path generated by the sender should be successfully processed" classname="com.github.traderjoe95.mls.protocol.tree.TreeKem" time="0.004"/>
  <testcase name="the update path should be parent-hash valid" classname="com.github.traderjoe95.mls.protocol.tree.TreeKem" time="0.001"/>
  <testcase name="the tree hash after merging the update path should be f9217b2e6d9a7d1e82451b5a3a758db6b9d685e58a20d1c4c7a5ea491c5729de3cb82a9c6620998e1868c35aff2fd9bbb3f85e504b6ed6fbbb18dd9e63b92280" classname="com.github.traderjoe95.mls.protocol.tree.TreeKem" time="0.0"/>
  <testcase name="the decrypted path secret should be a2e511a42906b1220daa3b2ce4fc64d876fbb2324be4b7eab3db0e42d197efaacba748e43abf934fb38ab841d968296aed4772bdd90bceea5f2f7c89c2f4e2cf" classname="com.github.traderjoe95.mls.protocol.tree.TreeKem" time="0.003"/>
  <testcase name="a new update path generated by the sender should be successfully processed" classname="com.github.traderjoe95.mls.protocol.tree.TreeKem" time="0.004"/>
  <testcase name="the update path should be parent-hash valid" classname="com.github.traderjoe95.mls.protocol.tree.TreeKem" time="0.001"/>
  <testcase name="the tree hash after merging the update path should be f9217b2e6d9a7d1e82451b5a3a758db6b9d685e58a20d1c4c7a5ea491c5729de3cb82a9c6620998e1868c35aff2fd9bbb3f85e504b6ed6fbbb18dd9e63b92280" classname="com.github.traderjoe95.mls.protocol.tree.TreeKem" time="0.0"/>
  <testcase name="the decrypted path secret should be a2e511a42906b1220daa3b2ce4fc64d876fbb2324be4b7eab3db0e42d197efaacba748e43abf934fb38ab841d968296aed4772bdd90bceea5f2f7c89c2f4e2cf" classname="com.github.traderjoe95.mls.protocol.tree.TreeKem" time="0.003"/>
  <testcase name="a new update path generated by the sender should be successfully processed" classname="com.github.traderjoe95.mls.protocol.tree.TreeKem" time="0.003"/>
  <testcase name="the update path should be parent-hash valid" classname="com.github.traderjoe95.mls.protocol.tree.TreeKem" time="0.0"/>
  <testcase name="the tree hash after merging the update path should be f9217b2e6d9a7d1e82451b5a3a758db6b9d685e58a20d1c4c7a5ea491c5729de3cb82a9c6620998e1868c35aff2fd9bbb3f85e504b6ed6fbbb18dd9e63b92280" classname="com.github.traderjoe95.mls.protocol.tree.TreeKem" time="0.001"/>
  <testcase name="the decrypted path secret should be fa2e74cc789c005b05b6219f29886b7536dcf64ee80eb9901402a8b365d5dc9a4b51a973a2bedd4f6e0106799017a978830504aef7da2b153ba386764b430e8b" classname="com.github.traderjoe95.mls.protocol.tree.TreeKem" time="0.005"/>
  <testcase name="a new update path generated by the sender should be successfully processed" classname="com.github.traderjoe95.mls.protocol.tree.TreeKem" time="0.003"/>
  <testcase name="the update path should be parent-hash valid" classname="com.github.traderjoe95.mls.protocol.tree.TreeKem" time="0.0"/>
  <testcase name="the tree hash after merging the update path should be f9217b2e6d9a7d1e82451b5a3a758db6b9d685e58a20d1c4c7a5ea491c5729de3cb82a9c6620998e1868c35aff2fd9bbb3f85e504b6ed6fbbb18dd9e63b92280" classname="com.github.traderjoe95.mls.protocol.tree.TreeKem" time="0.0"/>
  <testcase name="the decrypted path secret should be 31bcb9da845fa770b42628aa5896cad572a36ec5d837420a3b71a83c0e4aafc3dd20d128deeede9d70202cb245e234c806fafab656bad5cb4731ae064e73eb2a" classname="com.github.traderjoe95.mls.protocol.tree.TreeKem" time="0.003"/>
  <testcase name="a new update path generated by the sender should be successfully processed" classname="com.github.traderjoe95.mls.protocol.tree.TreeKem" time="0.004"/>
  <testcase name="the update path should be parent-hash valid" classname="com.github.traderjoe95.mls.protocol.tree.TreeKem" time="0.0"/>
  <testcase name="the tree hash after merging the update path should be ea0d7503c8016abb0ad59edb2a6412f7c50148c470f25b38bdf3eb4b1016cd1f60590d9e3c853736fab25ba65a513dba65220257731f314576436275f73b7cd2" classname="com.github.traderjoe95.mls.protocol.tree.TreeKem" time="0.001"/>
  <testcase name="the decrypted path secret should be 070c626da97401a8b03912d5a543d80ff063ce10281220a5c2b2b2caac4879d1dceda12771e8f6f1e10e99d935a2d9478bbc4076f89526a7f2727edf02a7de5b" classname="com.github.traderjoe95.mls.protocol.tree.TreeKem" time="0.003"/>
  <testcase name="a new update path generated by the sender should be successfully processed" classname="com.github.traderjoe95.mls.protocol.tree.TreeKem" time="0.004"/>
  <testcase name="the update path should be parent-hash valid" classname="com.github.traderjoe95.mls.protocol.tree.TreeKem" time="0.001"/>
  <testcase name="the tree hash after merging the update path should be ea0d7503c8016abb0ad59edb2a6412f7c50148c470f25b38bdf3eb4b1016cd1f60590d9e3c853736fab25ba65a513dba65220257731f314576436275f73b7cd2" classname="com.github.traderjoe95.mls.protocol.tree.TreeKem" time="0.0"/>
  <testcase name="the decrypted path secret should be 070c626da97401a8b03912d5a543d80ff063ce10281220a5c2b2b2caac4879d1dceda12771e8f6f1e10e99d935a2d9478bbc4076f89526a7f2727edf02a7de5b" classname="com.github.traderjoe95.mls.protocol.tree.TreeKem" time="0.003"/>
  <testcase name="a new update path generated by the sender should be successfully processed" classname="com.github.traderjoe95.mls.protocol.tree.TreeKem" time="0.004"/>
  <testcase name="the update path should be parent-hash valid" classname="com.github.traderjoe95.mls.protocol.tree.TreeKem" time="0.0"/>
  <testcase name="the tree hash after merging the update path should be ea0d7503c8016abb0ad59edb2a6412f7c50148c470f25b38bdf3eb4b1016cd1f60590d9e3c853736fab25ba65a513dba65220257731f314576436275f73b7cd2" classname="com.github.traderjoe95.mls.protocol.tree.TreeKem" time="0.001"/>
  <testcase name="the decrypted path secret should be 070c626da97401a8b03912d5a543d80ff063ce10281220a5c2b2b2caac4879d1dceda12771e8f6f1e10e99d935a2d9478bbc4076f89526a7f2727edf02a7de5b" classname="com.github.traderjoe95.mls.protocol.tree.TreeKem" time="0.004"/>
  <testcase name="a new update path generated by the sender should be successfully processed" classname="com.github.traderjoe95.mls.protocol.tree.TreeKem" time="0.004"/>
  <testcase name="the update path should be parent-hash valid" classname="com.github.traderjoe95.mls.protocol.tree.TreeKem" time="0.0"/>
  <testcase name="the tree hash after merging the update path should be ea0d7503c8016abb0ad59edb2a6412f7c50148c470f25b38bdf3eb4b1016cd1f60590d9e3c853736fab25ba65a513dba65220257731f314576436275f73b7cd2" classname="com.github.traderjoe95.mls.protocol.tree.TreeKem" time="0.001"/>
  <testcase name="the decrypted path secret should be 070c626da97401a8b03912d5a543d80ff063ce10281220a5c2b2b2caac4879d1dceda12771e8f6f1e10e99d935a2d9478bbc4076f89526a7f2727edf02a7de5b" classname="com.github.traderjoe95.mls.protocol.tree.TreeKem" time="0.004"/>
  <testcase name="a new update path generated by the sender should be successfully processed" classname="com.github.traderjoe95.mls.protocol.tree.TreeKem" time="0.004"/>
  <testcase name="the update path should be parent-hash valid" classname="com.github.traderjoe95.mls.protocol.tree.TreeKem" time="0.001"/>
  <testcase name="the tree hash after merging the update path should be ea0d7503c8016abb0ad59edb2a6412f7c50148c470f25b38bdf3eb4b1016cd1f60590d9e3c853736fab25ba65a513dba65220257731f314576436275f73b7cd2" classname="com.github.traderjoe95.mls.protocol.tree.TreeKem" time="0.0"/>
  <testcase name="the decrypted path secret should be 929dfc7ab8ff8638f74997388baa7a7d706b45a1f1a11d019b9d0cdfe2606c269278159915af90e89f2d4aea781d0a1edd401d88324c7efc7a5bd6931a508f25" classname="com.github.traderjoe95.mls.protocol.tree.TreeKem" time="0.003"/>
  <testcase name="a new update path generated by the sender should be successfully processed" classname="com.github.traderjoe95.mls.protocol.tree.TreeKem" time="0.009"/>
  <testcase name="the update path should be parent-hash valid" classname="com.github.traderjoe95.mls.protocol.tree.TreeKem" time="0.001"/>
  <testcase name="the tree hash after merging the update path should be ea0d7503c8016abb0ad59edb2a6412f7c50148c470f25b38bdf3eb4b1016cd1f60590d9e3c853736fab25ba65a513dba65220257731f314576436275f73b7cd2" classname="com.github.traderjoe95.mls.protocol.tree.TreeKem" time="0.0"/>
  <testcase name="the decrypted path secret should be 929dfc7ab8ff8638f74997388baa7a7d706b45a1f1a11d019b9d0cdfe2606c269278159915af90e89f2d4aea781d0a1edd401d88324c7efc7a5bd6931a508f25" classname="com.github.traderjoe95.mls.protocol.tree.TreeKem" time="0.005"/>
  <testcase name="a new update path generated by the sender should be successfully processed" classname="com.github.traderjoe95.mls.protocol.tree.TreeKem" time="0.005"/>
  <testcase name="non-blank leaf 0 should be consistent with the public state" classname="com.github.traderjoe95.mls.protocol.tree.TreeKem" time="0.009"/>
  <testcase name="non-blank leaf 1 should be consistent with the public state" classname="com.github.traderjoe95.mls.protocol.tree.TreeKem" time="0.009"/>
  <testcase name="the update path should be parent-hash valid" classname="com.github.traderjoe95.mls.protocol.tree.TreeKem" time="0.0"/>
  <testcase name="the tree hash after merging the update path should be 53e338e865845a23dc66100c88acf0156f928ef73ffc3e9ff381833ee4ab455f83bfc70974650959c5c56da5d2fab1cebfa33e2e1fb05e6f5407cc6715736a6e" classname="com.github.traderjoe95.mls.protocol.tree.TreeKem" time="0.0"/>
  <testcase name="the decrypted path secret should be 59a529d6887207d624f0f9af36ccdb05cc36a6a381fbdcf5672e169bcdf921a5a9aa1170bccf4790f50497cde29fa18b6550f1fc0d82e0d87f6f9ff3047fe80d" classname="com.github.traderjoe95.mls.protocol.tree.TreeKem" time="0.004"/>
  <testcase name="a new update path generated by the sender should be successfully processed" classname="com.github.traderjoe95.mls.protocol.tree.TreeKem" time="0.003"/>
  <testcase name="the update path should be parent-hash valid" classname="com.github.traderjoe95.mls.protocol.tree.TreeKem" time="0.0"/>
  <testcase name="the tree hash after merging the update path should be 5460dec7eb2bde84291b71b451897b09b4b2badfb7d6056673b9db7cf41a519dbc5679154f61b70085257283dc3873946288bb537a2e6c853ce25457deaee6d9" classname="com.github.traderjoe95.mls.protocol.tree.TreeKem" time="0.001"/>
  <testcase name="the decrypted path secret should be 7b0765c269be5d8a44a66a85a742c574a43a4802a1f5c00ead5a377fc21df03522c0082342184d76f0a3363aa32fcddc345974a29f7a4b6292d0b781586e1227" classname="com.github.traderjoe95.mls.protocol.tree.TreeKem" time="0.007"/>
  <testcase name="a new update path generated by the sender should be successfully processed" classname="com.github.traderjoe95.mls.protocol.tree.TreeKem" time="0.004"/>
  <testcase name="non-blank leaf 0 should be consistent with the public state" classname="com.github.traderjoe95.mls.protocol.tree.TreeKem" time="0.008"/>
  <testcase name="non-blank leaf 1 should be consistent with the public state" classname="com.github.traderjoe95.mls.protocol.tree.TreeKem" time="0.008"/>
  <testcase name="non-blank leaf 2 should be consistent with the public state" classname="com.github.traderjoe95.mls.protocol.tree.TreeKem" time="0.005"/>
  <testcase name="the update path should be parent-hash valid" classname="com.github.traderjoe95.mls.protocol.tree.TreeKem" time="0.001"/>
  <testcase name="the tree hash after merging the update path should be b3ae1e4f604e8a7c7bce9a65bbf61d8645591eac463a97f49b990be01b761130b71466dee6990c0a7b8885f266abbf5a71506bc3699b66fd4c48b4ce00d79726" classname="com.github.traderjoe95.mls.protocol.tree.TreeKem" time="0.0"/>
  <testcase name="the decrypted path secret should be 2cc849c48dedcbb2ef3d8b71816f2e7fd59d17391d86918fe724f70040677b5d62b5334dff9a4e65dc054f7eadc4f63a039cc88d85e14cead83579f442d93bec" classname="com.github.traderjoe95.mls.protocol.tree.TreeKem" time="0.005"/>
  <testcase name="a new update path generated by the sender should be successfully processed" classname="com.github.traderjoe95.mls.protocol.tree.TreeKem" time="0.004"/>
  <testcase name="the update path should be parent-hash valid" classname="com.github.traderjoe95.mls.protocol.tree.TreeKem" time="0.001"/>
  <testcase name="the tree hash after merging the update path should be b3ae1e4f604e8a7c7bce9a65bbf61d8645591eac463a97f49b990be01b761130b71466dee6990c0a7b8885f266abbf5a71506bc3699b66fd4c48b4ce00d79726" classname="com.github.traderjoe95.mls.protocol.tree.TreeKem" time="0.001"/>
  <testcase name="the decrypted path secret should be 369de5094b8357e0d698d763432a5b51282620c3273df4648e620aaafd8195f3a2374844805e1919475ddb46816751c548de44594142faa06cc22fadbd54c1cb" classname="com.github.traderjoe95.mls.protocol.tree.TreeKem" time="0.004"/>
  <testcase name="a new update path generated by the sender should be successfully processed" classname="com.github.traderjoe95.mls.protocol.tree.TreeKem" time="0.004"/>
  <testcase name="the update path should be parent-hash valid" classname="com.github.traderjoe95.mls.protocol.tree.TreeKem" time="0.0"/>
  <testcase name="the tree hash after merging the update path should be 6a40e4a28239ac6fc53d2bf72672895ff1b3f3c7f89983fdc0045ca1e5fd05a24a8c065478829cbea61395ffa4765b22cefe775747e4d608dc16208ba07fb883" classname="com.github.traderjoe95.mls.protocol.tree.TreeKem" time="0.0"/>
  <testcase name="the decrypted path secret should be 0b794a0098efc36cd2b83baa59cb5180a4bde0c25d612b61712c3f4c815b6e0ede0c4165c3678d5ad6846c0ed9a979da8cc98212217419525f2835c5068ec998" classname="com.github.traderjoe95.mls.protocol.tree.TreeKem" time="0.004"/>
  <testcase name="a new update path generated by the sender should be successfully processed" classname="com.github.traderjoe95.mls.protocol.tree.TreeKem" time="0.003"/>
  <testcase name="the update path should be parent-hash valid" classname="com.github.traderjoe95.mls.protocol.tree.TreeKem" time="0.0"/>
  <testcase name="the tree hash after merging the update path should be 6a40e4a28239ac6fc53d2bf72672895ff1b3f3c7f89983fdc0045ca1e5fd05a24a8c065478829cbea61395ffa4765b22cefe775747e4d608dc16208ba07fb883" classname="com.github.traderjoe95.mls.protocol.tree.TreeKem" time="0.0"/>
  <testcase name="the decrypted path secret should be 4e11a0717f02f3be675b21546af950840e3d810ff9385210e821bb534288dd7dce372fac0f095028b0d8869f35776d4372666d44392150102089dc266156156a" classname="com.github.traderjoe95.mls.protocol.tree.TreeKem" time="0.003"/>
  <testcase name="a new update path generated by the sender should be successfully processed" classname="com.github.traderjoe95.mls.protocol.tree.TreeKem" time="0.004"/>
  <testcase name="the update path should be parent-hash valid" classname="com.github.traderjoe95.mls.protocol.tree.TreeKem" time="0.001"/>
  <testcase name="the tree hash after merging the update path should be de3adc4d0d92acce2865dfa6d0f9e41bb88fcf400d10399c91a024467838e802bfcf2637e0ea22669e47aed993b69f561724d28a93eb907835590eabb2a10581" classname="com.github.traderjoe95.mls.protocol.tree.TreeKem" time="0.0"/>
  <testcase name="the decrypted path secret should be d435aeadc6b6d69c60694d465eb0b5dce4fa7ceda8e27c8688cced169934cb2c59e666476c7a126ecadafd6722e6e4775ee7637bc3940e1694340fce015e9199" classname="com.github.traderjoe95.mls.protocol.tree.TreeKem" time="0.003"/>
  <testcase name="a new update path generated by the sender should be successfully processed" classname="com.github.traderjoe95.mls.protocol.tree.TreeKem" time="0.004"/>
  <testcase name="the update path should be parent-hash valid" classname="com.github.traderjoe95.mls.protocol.tree.TreeKem" time="0.0"/>
  <testcase name="the tree hash after merging the update path should be de3adc4d0d92acce2865dfa6d0f9e41bb88fcf400d10399c91a024467838e802bfcf2637e0ea22669e47aed993b69f561724d28a93eb907835590eabb2a10581" classname="com.github.traderjoe95.mls.protocol.tree.TreeKem" time="0.001"/>
  <testcase name="the decrypted path secret should be d435aeadc6b6d69c60694d465eb0b5dce4fa7ceda8e27c8688cced169934cb2c59e666476c7a126ecadafd6722e6e4775ee7637bc3940e1694340fce015e9199" classname="com.github.traderjoe95.mls.protocol.tree.TreeKem" time="0.003"/>
  <testcase name="a new update path generated by the sender should be successfully processed" classname="com.github.traderjoe95.mls.protocol.tree.TreeKem" time="0.003"/>
  <testcase name="non-blank leaf 0 should be consistent with the public state" classname="com.github.traderjoe95.mls.protocol.tree.TreeKem" time="0.007"/>
  <testcase name="non-blank leaf 1 should be consistent with the public state" classname="com.github.traderjoe95.mls.protocol.tree.TreeKem" time="0.008"/>
  <testcase name="non-blank leaf 2 should be consistent with the public state" classname="com.github.traderjoe95.mls.protocol.tree.TreeKem" time="0.011"/>
  <testcase name="non-blank leaf 3 should be consistent with the public state" classname="com.github.traderjoe95.mls.protocol.tree.TreeKem" time="0.008"/>
  <testcase name="the update path should be parent-hash valid" classname="com.github.traderjoe95.mls.protocol.tree.TreeKem" time="0.001"/>
  <testcase name="the tree hash after merging the update path should be fb6efcbc6de1f2f0542bb6ab3c606b18ecd5f1bfff2fe7c86039ec444c7da5ab15c163aa9004f2f973042a33199d5bc839ee3dd213e906198736bb8a0db848e4" classname="com.github.traderjoe95.mls.protocol.tree.TreeKem" time="0.0"/>
  <testcase name="the decrypted path secret should be 65380697ba6a03930818bca7e203842fe74b76e54d09ef9e0ddd310c0708f4532c19269fcf4a2ececa1788f2ab09abe7047c8db40e5c5a917b4751a6e6479946" classname="com.github.traderjoe95.mls.protocol.tree.TreeKem" time="0.003"/>
  <testcase name="a new update path generated by the sender should be successfully processed" classname="com.github.traderjoe95.mls.protocol.tree.TreeKem" time="0.004"/>
  <testcase name="the update path should be parent-hash valid" classname="com.github.traderjoe95.mls.protocol.tree.TreeKem" time="0.0"/>
  <testcase name="the tree hash after merging the update path should be fb6efcbc6de1f2f0542bb6ab3c606b18ecd5f1bfff2fe7c86039ec444c7da5ab15c163aa9004f2f973042a33199d5bc839ee3dd213e906198736bb8a0db848e4" classname="com.github.traderjoe95.mls.protocol.tree.TreeKem" time="0.0"/>
  <testcase name="the decrypted path secret should be d7ba402bb779521ecb97a982ed767a8e7a25a01fbdc471d31b73e6efbdad66ca4385895e21ee06a41b19c5fe40620167a4a0ea3ab676623a09778f93c4f0a98c" classname="com.github.traderjoe95.mls.protocol.tree.TreeKem" time="0.003"/>
  <testcase name="a new update path generated by the sender should be successfully processed" classname="com.github.traderjoe95.mls.protocol.tree.TreeKem" time="0.004"/>
  <testcase name="the update path should be parent-hash valid" classname="com.github.traderjoe95.mls.protocol.tree.TreeKem" time="0.0"/>
  <testcase name="the tree hash after merging the update path should be fb6efcbc6de1f2f0542bb6ab3c606b18ecd5f1bfff2fe7c86039ec444c7da5ab15c163aa9004f2f973042a33199d5bc839ee3dd213e906198736bb8a0db848e4" classname="com.github.traderjoe95.mls.protocol.tree.TreeKem" time="0.0"/>
  <testcase name="the decrypted path secret should be d7ba402bb779521ecb97a982ed767a8e7a25a01fbdc471d31b73e6efbdad66ca4385895e21ee06a41b19c5fe40620167a4a0ea3ab676623a09778f93c4f0a98c" classname="com.github.traderjoe95.mls.protocol.tree.TreeKem" time="0.003"/>
  <testcase name="a new update path generated by the sender should be successfully processed" classname="com.github.traderjoe95.mls.protocol.tree.TreeKem" time="0.004"/>
  <testcase name="the update path should be parent-hash valid" classname="com.github.traderjoe95.mls.protocol.tree.TreeKem" time="0.0"/>
  <testcase name="the tree hash after merging the update path should be 103b3126fec0eacbdc53a999c017191b5ef1261b51839a62858761bc2660077ae8d65286e374e6210169ae56031ed4b776e274eefc50886c64bef1a059fa8c47" classname="com.github.traderjoe95.mls.protocol.tree.TreeKem" time="0.0"/>
  <testcase name="the decrypted path secret should be 7cf1a0913773514278e9efab0ba7825ba118fb5d3b06a4361415c339c4839b17e7e11f504644aa946c0281da1bcfcc725cef069f170aad151af2311a90b98e1a" classname="com.github.traderjoe95.mls.protocol.tree.TreeKem" time="0.004"/>
  <testcase name="a new update path generated by the sender should be successfully processed" classname="com.github.traderjoe95.mls.protocol.tree.TreeKem" time="0.004"/>
  <testcase name="the update path should be parent-hash valid" classname="com.github.traderjoe95.mls.protocol.tree.TreeKem" time="0.0"/>
  <testcase name="the tree hash after merging the update path should be 103b3126fec0eacbdc53a999c017191b5ef1261b51839a62858761bc2660077ae8d65286e374e6210169ae56031ed4b776e274eefc50886c64bef1a059fa8c47" classname="com.github.traderjoe95.mls.protocol.tree.TreeKem" time="0.0"/>
  <testcase name="the decrypted path secret should be 800540ac04ded05b0b384b35214f1f7cdbfaab42faa5e8810bbf30bc1484daf492b9a67306c04102841fb5eed31a9d5aa7963b8e5c95dd3ea4c89aa743cade2a" classname="com.github.traderjoe95.mls.protocol.tree.TreeKem" time="0.004"/>
  <testcase name="a new update path generated by the sender should be successfully processed" classname="com.github.traderjoe95.mls.protocol.tree.TreeKem" time="0.004"/>
  <testcase name="the update path should be parent-hash valid" classname="com.github.traderjoe95.mls.protocol.tree.TreeKem" time="0.0"/>
  <testcase name="the tree hash after merging the update path should be 103b3126fec0eacbdc53a999c017191b5ef1261b51839a62858761bc2660077ae8d65286e374e6210169ae56031ed4b776e274eefc50886c64bef1a059fa8c47" classname="com.github.traderjoe95.mls.protocol.tree.TreeKem" time="0.0"/>
  <testcase name="the decrypted path secret should be 800540ac04ded05b0b384b35214f1f7cdbfaab42faa5e8810bbf30bc1484daf492b9a67306c04102841fb5eed31a9d5aa7963b8e5c95dd3ea4c89aa743cade2a" classname="com.github.traderjoe95.mls.protocol.tree.TreeKem" time="0.003"/>
  <testcase name="a new update path generated by the sender should be successfully processed" classname="com.github.traderjoe95.mls.protocol.tree.TreeKem" time="0.003"/>
  <testcase name="the update path should be parent-hash valid" classname="com.github.traderjoe95.mls.protocol.tree.TreeKem" time="0.0"/>
  <testcase name="the tree hash after merging the update path should be eaa81585ab631eb5c2904f434abef39686728f1646d28558801f1266db5c503751b0e78d9b34267699745f841f3245b3e327ed53082936b6cae5705c36603708" classname="com.github.traderjoe95.mls.protocol.tree.TreeKem" time="0.0"/>
  <testcase name="the decrypted path secret should be e070892ccd7497c0d85bb31ff9ac79384c42ade32ca32360ae57530f130abbfb15b1b5f9850cb83f8a4ad7cfd245246232eaea1739237bcd7bded864639297a4" classname="com.github.traderjoe95.mls.protocol.tree.TreeKem" time="0.003"/>
  <testcase name="a new update path generated by the sender should be successfully processed" classname="com.github.traderjoe95.mls.protocol.tree.TreeKem" time="0.003"/>
  <testcase name="the update path should be parent-hash valid" classname="com.github.traderjoe95.mls.protocol.tree.TreeKem" time="0.0"/>
  <testcase name="the tree hash after merging the update path should be eaa81585ab631eb5c2904f434abef39686728f1646d28558801f1266db5c503751b0e78d9b34267699745f841f3245b3e327ed53082936b6cae5705c36603708" classname="com.github.traderjoe95.mls.protocol.tree.TreeKem" time="0.0"/>
  <testcase name="the decrypted path secret should be e070892ccd7497c0d85bb31ff9ac79384c42ade32ca32360ae57530f130abbfb15b1b5f9850cb83f8a4ad7cfd245246232eaea1739237bcd7bded864639297a4" classname="com.github.traderjoe95.mls.protocol.tree.TreeKem" time="0.003"/>
  <testcase name="a new update path generated by the sender should be successfully processed" classname="com.github.traderjoe95.mls.protocol.tree.TreeKem" time="0.004"/>
  <testcase name="the update path should be parent-hash valid" classname="com.github.traderjoe95.mls.protocol.tree.TreeKem" time="0.0"/>
  <testcase name="the tree hash after merging the update path should be eaa81585ab631eb5c2904f434abef39686728f1646d28558801f1266db5c503751b0e78d9b34267699745f841f3245b3e327ed53082936b6cae5705c36603708" classname="com.github.traderjoe95.mls.protocol.tree.TreeKem" time="0.001"/>
  <testcase name="the decrypted path secret should be 74541f449f115b67e0d6a71c7fee46c22cf7014f28c661b60dbd314e156de5cd1755ee3d6917118c715cd094b80bc3acb969252376366f40bedc5b178d7c462f" classname="com.github.traderjoe95.mls.protocol.tree.TreeKem" time="0.004"/>
  <testcase name="a new update path generated by the sender should be successfully processed" classname="com.github.traderjoe95.mls.protocol.tree.TreeKem" time="0.003"/>
  <testcase name="the update path should be parent-hash valid" classname="com.github.traderjoe95.mls.protocol.tree.TreeKem" time="0.0"/>
  <testcase name="the tree hash after merging the update path should be 9b5fd64c905aed9a7737201124b10d60eb0538f17d9d4cf92d224ca3cf86622479d363dc5165c5149488d79a54d140ce47f66f438ea66218c6421c784fbbb9f7" classname="com.github.traderjoe95.mls.protocol.tree.TreeKem" time="0.0"/>
  <testcase name="the decrypted path secret should be 0e3d110532061c590e4bd91fc4067db0b53853d298c03be566ffd55316c6bf58747f8f9f1f967764976b86910236a222de0211f901609cd8ee4d2f5f1f3eed6e" classname="com.github.traderjoe95.mls.protocol.tree.TreeKem" time="0.003"/>
  <testcase name="a new update path generated by the sender should be successfully processed" classname="com.github.traderjoe95.mls.protocol.tree.TreeKem" time="0.003"/>
  <testcase name="the update path should be parent-hash valid" classname="com.github.traderjoe95.mls.protocol.tree.TreeKem" time="0.0"/>
  <testcase name="the tree hash after merging the update path should be 9b5fd64c905aed9a7737201124b10d60eb0538f17d9d4cf92d224ca3cf86622479d363dc5165c5149488d79a54d140ce47f66f438ea66218c6421c784fbbb9f7" classname="com.github.traderjoe95.mls.protocol.tree.TreeKem" time="0.001"/>
  <testcase name="the decrypted path secret should be 0e3d110532061c590e4bd91fc4067db0b53853d298c03be566ffd55316c6bf58747f8f9f1f967764976b86910236a222de0211f901609cd8ee4d2f5f1f3eed6e" classname="com.github.traderjoe95.mls.protocol.tree.TreeKem" time="0.003"/>
  <testcase name="a new update path generated by the sender should be successfully processed" classname="com.github.traderjoe95.mls.protocol.tree.TreeKem" time="0.004"/>
  <testcase name="the update path should be parent-hash valid" classname="com.github.traderjoe95.mls.protocol.tree.TreeKem" time="0.001"/>
  <testcase name="the tree hash after merging the update path should be 9b5fd64c905aed9a7737201124b10d60eb0538f17d9d4cf92d224ca3cf86622479d363dc5165c5149488d79a54d140ce47f66f438ea66218c6421c784fbbb9f7" classname="com.github.traderjoe95.mls.protocol.tree.TreeKem" time="0.0"/>
  <testcase name="the decrypted path secret should be c2403041556bbbdc3c7386f1528a1bb739ee0a768c2332f69b250ef4e5d96e10f6701ac89face0e9bea2f92d9b903d56d4f2171064a5bfb42b763d7595c68a84" classname="com.github.traderjoe95.mls.protocol.tree.TreeKem" time="0.004"/>
  <testcase name="a new update path generated by the sender should be successfully processed" classname="com.github.traderjoe95.mls.protocol.tree.TreeKem" time="0.004"/>
  <testcase name="non-blank leaf 0 should be consistent with the public state" classname="com.github.traderjoe95.mls.protocol.tree.TreeKem" time="0.01"/>
  <testcase name="non-blank leaf 1 should be consistent with the public state" classname="com.github.traderjoe95.mls.protocol.tree.TreeKem" time="0.01"/>
  <testcase name="non-blank leaf 2 should be consistent with the public state" classname="com.github.traderjoe95.mls.protocol.tree.TreeKem" time="0.015"/>
  <testcase name="non-blank leaf 3 should be consistent with the public state" classname="com.github.traderjoe95.mls.protocol.tree.TreeKem" time="0.011"/>
  <testcase name="non-blank leaf 4 should be consistent with the public state" classname="com.github.traderjoe95.mls.protocol.tree.TreeKem" time="0.004"/>
  <testcase name="the update path should be parent-hash valid" classname="com.github.traderjoe95.mls.protocol.tree.TreeKem" time="0.001"/>
  <testcase name="the tree hash after merging the update path should be c612f960eab19b7301a7bfa8cd918b5b5526bac0026c2427d4ce4f6551cea80fd59d09c56547821476501c77f936d3b96f07180d4f93296fcd7d4227e62269c2" classname="com.github.traderjoe95.mls.protocol.tree.TreeKem" time="0.0"/>
  <testcase name="the decrypted path secret should be 270fa8e88bd76103e0b296085a929308936f0ffd44297a70324dcef8a37856a98dc886a620c82dc8c89f0cda9c4004bd56ac1da4fb71e25e40b8c86e4f3e98a5" classname="com.github.traderjoe95.mls.protocol.tree.TreeKem" time="0.003"/>
  <testcase name="a new update path generated by the sender should be successfully processed" classname="com.github.traderjoe95.mls.protocol.tree.TreeKem" time="0.003"/>
  <testcase name="the update path should be parent-hash valid" classname="com.github.traderjoe95.mls.protocol.tree.TreeKem" time="0.001"/>
  <testcase name="the tree hash after merging the update path should be c612f960eab19b7301a7bfa8cd918b5b5526bac0026c2427d4ce4f6551cea80fd59d09c56547821476501c77f936d3b96f07180d4f93296fcd7d4227e62269c2" classname="com.github.traderjoe95.mls.protocol.tree.TreeKem" time="0.0"/>
  <testcase name="the decrypted path secret should be 76c5dbd57b70bb0b500e25a7826334d39557ca59323a21932af7916a4c1a38e1919789830fc255048b06e379d65637ca12527e6722541074acd64fb1f6013b77" classname="com.github.traderjoe95.mls.protocol.tree.TreeKem" time="0.004"/>
  <testcase name="a new update path generated by the sender should be successfully processed" classname="com.github.traderjoe95.mls.protocol.tree.TreeKem" time="0.004"/>
  <testcase name="the update path should be parent-hash valid" classname="com.github.traderjoe95.mls.protocol.tree.TreeKem" time="0.0"/>
  <testcase name="the tree hash after merging the update path should be c612f960eab19b7301a7bfa8cd918b5b5526bac0026c2427d4ce4f6551cea80fd59d09c56547821476501c77f936d3b96f07180d4f93296fcd7d4227e62269c2" classname="com.github.traderjoe95.mls.protocol.tree.TreeKem" time="0.001"/>
  <testcase name="the decrypted path secret should be 76c5dbd57b70bb0b500e25a7826334d39557ca59323a21932af7916a4c1a38e1919789830fc255048b06e379d65637ca12527e6722541074acd64fb1f6013b77" classname="com.github.traderjoe95.mls.protocol.tree.TreeKem" time="0.003"/>
  <testcase name="a new update path generated by the sender should be successfully processed" classname="com.github.traderjoe95.mls.protocol.tree.TreeKem" time="0.003"/>
  <testcase name="the update path should be parent-hash valid" classname="com.github.traderjoe95.mls.protocol.tree.TreeKem" time="0.0"/>
  <testcase name="the tree hash after merging the update path should be c612f960eab19b7301a7bfa8cd918b5b5526bac0026c2427d4ce4f6551cea80fd59d09c56547821476501c77f936d3b96f07180d4f93296fcd7d4227e62269c2" classname="com.github.traderjoe95.mls.protocol.tree.TreeKem" time="0.0"/>
  <testcase name="the decrypted path secret should be 554f328d8cf7404583ba339f9fb209a1b20621b5eab23383017aef6ffeb234af9b53840249968add12102589f1f7d3b7872a58cfbdd6a89fc34bc41c3420f580" classname="com.github.traderjoe95.mls.protocol.tree.TreeKem" time="0.003"/>
  <testcase name="a new update path generated by the sender should be successfully processed" classname="com.github.traderjoe95.mls.protocol.tree.TreeKem" time="0.003"/>
  <testcase name="the update path should be parent-hash valid" classname="com.github.traderjoe95.mls.protocol.tree.TreeKem" time="0.001"/>
  <testcase name="the tree hash after merging the update path should be 1a7fcecb92da6710fa217d085797e30f6c3efd6ee505a4d1d5a1f9813c22659a4ef0c0b48d76fbf9281f68521fb132693d0c6e5ded26513da7373610e991116b" classname="com.github.traderjoe95.mls.protocol.tree.TreeKem" time="0.0"/>
  <testcase name="the decrypted path secret should be d17d47474084aa7717dc0518a194be9d9fb6eb711bdefecbb757b088201e45d538a0b4a997da76963fcdc1173d0b7ad87daa2a1ed93b0595065e31288716aeb1" classname="com.github.traderjoe95.mls.protocol.tree.TreeKem" time="0.003"/>
  <testcase name="a new update path generated by the sender should be successfully processed" classname="com.github.traderjoe95.mls.protocol.tree.TreeKem" time="0.004"/>
  <testcase name="the update path should be parent-hash valid" classname="com.github.traderjoe95.mls.protocol.tree.TreeKem" time="0.001"/>
  <testcase name="the tree hash after merging the update path should be 1a7fcecb92da6710fa217d085797e30f6c3efd6ee505a4d1d5a1f9813c22659a4ef0c0b48d76fbf9281f68521fb132693d0c6e5ded26513da7373610e991116b" classname="com.github.traderjoe95.mls.protocol.tree.TreeKem" time="0.0"/>
  <testcase name="the decrypted path secret should be a77d3b4219f5e5b8afe7111bcd9e3032ba6cf5b5fe4e29c169b6db94a4897d8c1d67f974c6ca41802be939160cc9c0469d13431ff9d00e5139dffd10c2a6ebe0" classname="com.github.traderjoe95.mls.protocol.tree.TreeKem" time="0.003"/>
  <testcase name="a new update path generated by the sender should be successfully processed" classname="com.github.traderjoe95.mls.protocol.tree.TreeKem" time="0.003"/>
  <testcase name="the update path should be parent-hash valid" classname="com.github.traderjoe95.mls.protocol.tree.TreeKem" time="0.0"/>
  <testcase name="the tree hash after merging the update path should be 1a7fcecb92da6710fa217d085797e30f6c3efd6ee505a4d1d5a1f9813c22659a4ef0c0b48d76fbf9281f68521fb132693d0c6e5ded26513da7373610e991116b" classname="com.github.traderjoe95.mls.protocol.tree.TreeKem" time="0.0"/>
  <testcase name="the decrypted path secret should be a77d3b4219f5e5b8afe7111bcd9e3032ba6cf5b5fe4e29c169b6db94a4897d8c1d67f974c6ca41802be939160cc9c0469d13431ff9d00e5139dffd10c2a6ebe0" classname="com.github.traderjoe95.mls.protocol.tree.TreeKem" time="0.003"/>
  <testcase name="a new update path generated by the sender should be successfully processed" classname="com.github.traderjoe95.mls.protocol.tree.TreeKem" time="0.003"/>
  <testcase name="the update path should be parent-hash valid" classname="com.github.traderjoe95.mls.protocol.tree.TreeKem" time="0.0"/>
  <testcase name="the tree hash after merging the update path should be 1a7fcecb92da6710fa217d085797e30f6c3efd6ee505a4d1d5a1f9813c22659a4ef0c0b48d76fbf9281f68521fb132693d0c6e5ded26513da7373610e991116b" classname="com.github.traderjoe95.mls.protocol.tree.TreeKem" time="0.0"/>
  <testcase name="the decrypted path secret should be 9ddc46a7dc870e0d943d50f7f4a90ab78aee4041f3b07d0b0634644ed54e8c25c040dcffa949c9307495f83b06f9a11dbdd54053c103673fb82e3362e9eefede" classname="com.github.traderjoe95.mls.protocol.tree.TreeKem" time="0.004"/>
  <testcase name="a new update path generated by the sender should be successfully processed" classname="com.github.traderjoe95.mls.protocol.tree.TreeKem" time="0.003"/>
  <testcase name="the update path should be parent-hash valid" classname="com.github.traderjoe95.mls.protocol.tree.TreeKem" time="0.0"/>
  <testcase name="the tree hash after merging the update path should be 62c9002abb900df3cb14a101642e5101a9f25a6bcb0ed05b7b31dd7e8f26e2d5d77394276fa24f16ea120a732f0cd3bc3bce1feac66f346ae2224f145ac20774" classname="com.github.traderjoe95.mls.protocol.tree.TreeKem" time="0.0"/>
  <testcase name="the decrypted path secret should be 02dd843c5e5dc0e5d77f22608273c5cc4547be3fe6e5d8f472be20466892193929f71903a4dec4b794827e7cfe95d007774f2a516568fb279d4caac510a69d57" classname="com.github.traderjoe95.mls.protocol.tree.TreeKem" time="0.003"/>
  <testcase name="a new update path generated by the sender should be successfully processed" classname="com.github.traderjoe95.mls.protocol.tree.TreeKem" time="0.004"/>
  <testcase name="the update path should be parent-hash valid" classname="com.github.traderjoe95.mls.protocol.tree.TreeKem" time="0.0"/>
  <testcase name="the tree hash after merging the update path should be 62c9002abb900df3cb14a101642e5101a9f25a6bcb0ed05b7b31dd7e8f26e2d5d77394276fa24f16ea120a732f0cd3bc3bce1feac66f346ae2224f145ac20774" classname="com.github.traderjoe95.mls.protocol.tree.TreeKem" time="0.0"/>
  <testcase name="the decrypted path secret should be 02dd843c5e5dc0e5d77f22608273c5cc4547be3fe6e5d8f472be20466892193929f71903a4dec4b794827e7cfe95d007774f2a516568fb279d4caac510a69d57" classname="com.github.traderjoe95.mls.protocol.tree.TreeKem" time="0.003"/>
  <testcase name="a new update path generated by the sender should be successfully processed" classname="com.github.traderjoe95.mls.protocol.tree.TreeKem" time="0.003"/>
  <testcase name="the update path should be parent-hash valid" classname="com.github.traderjoe95.mls.protocol.tree.TreeKem" time="0.0"/>
  <testcase name="the tree hash after merging the update path should be 62c9002abb900df3cb14a101642e5101a9f25a6bcb0ed05b7b31dd7e8f26e2d5d77394276fa24f16ea120a732f0cd3bc3bce1feac66f346ae2224f145ac20774" classname="com.github.traderjoe95.mls.protocol.tree.TreeKem" time="0.0"/>
  <testcase name="the decrypted path secret should be de77ae817c6891892add1dcecf43dd92033c9028809e39b29e521fcdfe3ee8e21e8f5845b635c589b3f11423d03d7790605e193ada027e0c031d5ea7a2d7f4b9" classname="com.github.traderjoe95.mls.protocol.tree.TreeKem" time="0.003"/>
  <testcase name="a new update path generated by the sender should be successfully processed" classname="com.github.traderjoe95.mls.protocol.tree.TreeKem" time="0.003"/>
  <testcase name="the update path should be parent-hash valid" classname="com.github.traderjoe95.mls.protocol.tree.TreeKem" time="0.0"/>
  <testcase name="the tree hash after merging the update path should be 62c9002abb900df3cb14a101642e5101a9f25a6bcb0ed05b7b31dd7e8f26e2d5d77394276fa24f16ea120a732f0cd3bc3bce1feac66f346ae2224f145ac20774" classname="com.github.traderjoe95.mls.protocol.tree.TreeKem" time="0.0"/>
  <testcase name="the decrypted path secret should be bd5343e537178d68092e774b9d2a94f9a530ebdb0de6de087a115e87a7988db90846f880eb6a19bf04a40e320a85a4e841f31e2c94adf4fa7d4a9ff4ea6d0a88" classname="com.github.traderjoe95.mls.protocol.tree.TreeKem" time="0.004"/>
  <testcase name="a new update path generated by the sender should be successfully processed" classname="com.github.traderjoe95.mls.protocol.tree.TreeKem" time="0.004"/>
  <testcase name="the update path should be parent-hash valid" classname="com.github.traderjoe95.mls.protocol.tree.TreeKem" time="0.001"/>
  <testcase name="the tree hash after merging the update path should be dd695d3847fbcb40a104b0149003a0fdc068852a45e7c455ad96e0facc9f2f0a05a342d0a2d4cbe8378d6b159c7762a052640ebfeaaf4f4a8313621bd7a85bf6" classname="com.github.traderjoe95.mls.protocol.tree.TreeKem" time="0.001"/>
  <testcase name="the decrypted path secret should be 5d0a3d47c71c5bf4810adca17e2100ee50a545c62dbb8b9156947325ff5f66434f9d05d85f9dc8c5f1646ad3f9c61cd1dc16137af4605ed9908e330e764ddb42" classname="com.github.traderjoe95.mls.protocol.tree.TreeKem" time="0.003"/>
  <testcase name="a new update path generated by the sender should be successfully processed" classname="com.github.traderjoe95.mls.protocol.tree.TreeKem" time="0.003"/>
  <testcase name="the update path should be parent-hash valid" classname="com.github.traderjoe95.mls.protocol.tree.TreeKem" time="0.0"/>
  <testcase name="the tree hash after merging the update path should be dd695d3847fbcb40a104b0149003a0fdc068852a45e7c455ad96e0facc9f2f0a05a342d0a2d4cbe8378d6b159c7762a052640ebfeaaf4f4a8313621bd7a85bf6" classname="com.github.traderjoe95.mls.protocol.tree.TreeKem" time="0.0"/>
  <testcase name="the decrypted path secret should be 5d0a3d47c71c5bf4810adca17e2100ee50a545c62dbb8b9156947325ff5f66434f9d05d85f9dc8c5f1646ad3f9c61cd1dc16137af4605ed9908e330e764ddb42" classname="com.github.traderjoe95.mls.protocol.tree.TreeKem" time="0.008"/>
  <testcase name="a new update path generated by the sender should be successfully processed" classname="com.github.traderjoe95.mls.protocol.tree.TreeKem" time="0.006"/>
  <testcase name="the update path should be parent-hash valid" classname="com.github.traderjoe95.mls.protocol.tree.TreeKem" time="0.001"/>
  <testcase name="the tree hash after merging the update path should be dd695d3847fbcb40a104b0149003a0fdc068852a45e7c455ad96e0facc9f2f0a05a342d0a2d4cbe8378d6b159c7762a052640ebfeaaf4f4a8313621bd7a85bf6" classname="com.github.traderjoe95.mls.protocol.tree.TreeKem" time="0.001"/>
  <testcase name="the decrypted path secret should be ed1fb95ad6ab15ab4b9d15d0c32d271ee0694227f0a22183fa9c6018e5662186386d943f1b781fa31ec70b8182625c8861a22a558f77b46b5df04ac909008434" classname="com.github.traderjoe95.mls.protocol.tree.TreeKem" time="0.003"/>
  <testcase name="a new update path generated by the sender should be successfully processed" classname="com.github.traderjoe95.mls.protocol.tree.TreeKem" time="0.004"/>
  <testcase name="the update path should be parent-hash valid" classname="com.github.traderjoe95.mls.protocol.tree.TreeKem" time="0.0"/>
  <testcase name="the tree hash after merging the update path should be dd695d3847fbcb40a104b0149003a0fdc068852a45e7c455ad96e0facc9f2f0a05a342d0a2d4cbe8378d6b159c7762a052640ebfeaaf4f4a8313621bd7a85bf6" classname="com.github.traderjoe95.mls.protocol.tree.TreeKem" time="0.0"/>
  <testcase name="the decrypted path secret should be 49dcc82e092866e33c121431dbe6bfa8a81315a6fc2333f2f04e4ad2b611618b0ef6990995cab52048f6ab34f163be4625eb03e75a76c99d63b2d5a673d02b2e" classname="com.github.traderjoe95.mls.protocol.tree.TreeKem" time="0.004"/>
  <testcase name="a new update path generated by the sender should be successfully processed" classname="com.github.traderjoe95.mls.protocol.tree.TreeKem" time="0.003"/>
  <testcase name="the update path should be parent-hash valid" classname="com.github.traderjoe95.mls.protocol.tree.TreeKem" time="0.0"/>
  <testcase name="the tree hash after merging the update path should be 321f27ace2b3690980d576ecf0927a4499c2ba72eed1d4266f5dad7079618e4c29def01e518aa4587be13dd76874fefd0df23aa06f67c951a13a46683455091c" classname="com.github.traderjoe95.mls.protocol.tree.TreeKem" time="0.0"/>
  <testcase name="the decrypted path secret should be af35870fe11d51914bea2c88c04f3b71ff9bd5cb2766af8b7b35c842a757c0db8b1ced3a9a5b2803fcf14bbf6e5331b3bdfdb843d7d1596e882dbaa22777d0d0" classname="com.github.traderjoe95.mls.protocol.tree.TreeKem" time="0.003"/>
  <testcase name="a new update path generated by the sender should be successfully processed" classname="com.github.traderjoe95.mls.protocol.tree.TreeKem" time="0.005"/>
  <testcase name="the update path should be parent-hash valid" classname="com.github.traderjoe95.mls.protocol.tree.TreeKem" time="0.0"/>
  <testcase name="the tree hash after merging the update path should be 321f27ace2b3690980d576ecf0927a4499c2ba72eed1d4266f5dad7079618e4c29def01e518aa4587be13dd76874fefd0df23aa06f67c951a13a46683455091c" classname="com.github.traderjoe95.mls.protocol.tree.TreeKem" time="0.0"/>
  <testcase name="the decrypted path secret should be af35870fe11d51914bea2c88c04f3b71ff9bd5cb2766af8b7b35c842a757c0db8b1ced3a9a5b2803fcf14bbf6e5331b3bdfdb843d7d1596e882dbaa22777d0d0" classname="com.github.traderjoe95.mls.protocol.tree.TreeKem" time="0.003"/>
  <testcase name="a new update path generated by the sender should be successfully processed" classname="com.github.traderjoe95.mls.protocol.tree.TreeKem" time="0.004"/>
  <testcase name="the update path should be parent-hash valid" classname="com.github.traderjoe95.mls.protocol.tree.TreeKem" time="0.0"/>
  <testcase name="the tree hash after merging the update path should be 321f27ace2b3690980d576ecf0927a4499c2ba72eed1d4266f5dad7079618e4c29def01e518aa4587be13dd76874fefd0df23aa06f67c951a13a46683455091c" classname="com.github.traderjoe95.mls.protocol.tree.TreeKem" time="0.0"/>
  <testcase name="the decrypted path secret should be af35870fe11d51914bea2c88c04f3b71ff9bd5cb2766af8b7b35c842a757c0db8b1ced3a9a5b2803fcf14bbf6e5331b3bdfdb843d7d1596e882dbaa22777d0d0" classname="com.github.traderjoe95.mls.protocol.tree.TreeKem" time="0.005"/>
  <testcase name="a new update path generated by the sender should be successfully processed" classname="com.github.traderjoe95.mls.protocol.tree.TreeKem" time="0.004"/>
  <testcase name="the update path should be parent-hash valid" classname="com.github.traderjoe95.mls.protocol.tree.TreeKem" time="0.0"/>
  <testcase name="the tree hash after merging the update path should be 321f27ace2b3690980d576ecf0927a4499c2ba72eed1d4266f5dad7079618e4c29def01e518aa4587be13dd76874fefd0df23aa06f67c951a13a46683455091c" classname="com.github.traderjoe95.mls.protocol.tree.TreeKem" time="0.0"/>
  <testcase name="the decrypted path secret should be af35870fe11d51914bea2c88c04f3b71ff9bd5cb2766af8b7b35c842a757c0db8b1ced3a9a5b2803fcf14bbf6e5331b3bdfdb843d7d1596e882dbaa22777d0d0" classname="com.github.traderjoe95.mls.protocol.tree.TreeKem" time="0.004"/>
  <testcase name="a new update path generated by the sender should be successfully processed" classname="com.github.traderjoe95.mls.protocol.tree.TreeKem" time="0.004"/>
  <testcase name="non-blank leaf 0 should be consistent with the public state" classname="com.github.traderjoe95.mls.protocol.tree.TreeKem" time="0.017"/>
  <testcase name="non-blank leaf 1 should be consistent with the public state" classname="com.github.traderjoe95.mls.protocol.tree.TreeKem" time="0.012"/>
  <testcase name="non-blank leaf 2 should be consistent with the public state" classname="com.github.traderjoe95.mls.protocol.tree.TreeKem" time="0.011"/>
  <testcase name="non-blank leaf 3 should be consistent with the public state" classname="com.github.traderjoe95.mls.protocol.tree.TreeKem" time="0.012"/>
  <testcase name="non-blank leaf 4 should be consistent with the public state" classname="com.github.traderjoe95.mls.protocol.tree.TreeKem" time="0.009"/>
  <testcase name="non-blank leaf 5 should be consistent with the public state" classname="com.github.traderjoe95.mls.protocol.tree.TreeKem" time="0.008"/>
  <testcase name="the update path should be parent-hash valid" classname="com.github.traderjoe95.mls.protocol.tree.TreeKem" time="0.001"/>
  <testcase name="the tree hash after merging the update path should be 206b637fe1ec656c95dfc08539f43dea208954de9e4b96a399353d2beabf6b7f0a28b53543be27dbac0b1366069fec6858ae41a38d7a0eb58ab178e1eff11c74" classname="com.github.traderjoe95.mls.protocol.tree.TreeKem" time="0.001"/>
  <testcase name="the decrypted path secret should be 8a3b08518deb37f4017de19b54c979a680afbc868b8e1fc13bf59db54176f6973d48c5fff0433a6ab62d928b215eb935e9965164945eca4e68346ecb1859a852" classname="com.github.traderjoe95.mls.protocol.tree.TreeKem" time="0.004"/>
  <testcase name="a new update path generated by the sender should be successfully processed" classname="com.github.traderjoe95.mls.protocol.tree.TreeKem" time="0.005"/>
  <testcase name="the update path should be parent-hash valid" classname="com.github.traderjoe95.mls.protocol.tree.TreeKem" time="0.0"/>
  <testcase name="the tree hash after merging the update path should be 206b637fe1ec656c95dfc08539f43dea208954de9e4b96a399353d2beabf6b7f0a28b53543be27dbac0b1366069fec6858ae41a38d7a0eb58ab178e1eff11c74" classname="com.github.traderjoe95.mls.protocol.tree.TreeKem" time="0.0"/>
  <testcase name="the decrypted path secret should be 1d5e3a3c3f47a5cfbfe045b4a7bb79c11c4d425375dfe6223677bc49005bcadfe292f27d956ef4f1c539bd61bcdf9f4eacfcc53a9d600e50d2172cb933cdf248" classname="com.github.traderjoe95.mls.protocol.tree.TreeKem" time="0.004"/>
  <testcase name="a new update path generated by the sender should be successfully processed" classname="com.github.traderjoe95.mls.protocol.tree.TreeKem" time="0.004"/>
  <testcase name="the update path should be parent-hash valid" classname="com.github.traderjoe95.mls.protocol.tree.TreeKem" time="0.0"/>
  <testcase name="the tree hash after merging the update path should be 206b637fe1ec656c95dfc08539f43dea208954de9e4b96a399353d2beabf6b7f0a28b53543be27dbac0b1366069fec6858ae41a38d7a0eb58ab178e1eff11c74" classname="com.github.traderjoe95.mls.protocol.tree.TreeKem" time="0.001"/>
  <testcase name="the decrypted path secret should be 1d5e3a3c3f47a5cfbfe045b4a7bb79c11c4d425375dfe6223677bc49005bcadfe292f27d956ef4f1c539bd61bcdf9f4eacfcc53a9d600e50d2172cb933cdf248" classname="com.github.traderjoe95.mls.protocol.tree.TreeKem" time="0.004"/>
  <testcase name="a new update path generated by the sender should be successfully processed" classname="com.github.traderjoe95.mls.protocol.tree.TreeKem" time="0.003"/>
  <testcase name="the update path should be parent-hash valid" classname="com.github.traderjoe95.mls.protocol.tree.TreeKem" time="0.001"/>
  <testcase name="the tree hash after merging the update path should be 206b637fe1ec656c95dfc08539f43dea208954de9e4b96a399353d2beabf6b7f0a28b53543be27dbac0b1366069fec6858ae41a38d7a0eb58ab178e1eff11c74" classname="com.github.traderjoe95.mls.protocol.tree.TreeKem" time="0.001"/>
  <testcase name="the decrypted path secret should be 0b6198bfafdbcdf8dec872e9786d2701145771c2fedf0d9c003adc082ce34c13b7cd2874993da58822c813dda3c925da45a5ecf21100b12145110bcf33ff41e9" classname="com.github.traderjoe95.mls.protocol.tree.TreeKem" time="0.004"/>
  <testcase name="a new update path generated by the sender should be successfully processed" classname="com.github.traderjoe95.mls.protocol.tree.TreeKem" time="0.007"/>
  <testcase name="the update path should be parent-hash valid" classname="com.github.traderjoe95.mls.protocol.tree.TreeKem" time="0.0"/>
  <testcase name="the tree hash after merging the update path should be 206b637fe1ec656c95dfc08539f43dea208954de9e4b96a399353d2beabf6b7f0a28b53543be27dbac0b1366069fec6858ae41a38d7a0eb58ab178e1eff11c74" classname="com.github.traderjoe95.mls.protocol.tree.TreeKem" time="0.0"/>
  <testcase name="the decrypted path secret should be 0b6198bfafdbcdf8dec872e9786d2701145771c2fedf0d9c003adc082ce34c13b7cd2874993da58822c813dda3c925da45a5ecf21100b12145110bcf33ff41e9" classname="com.github.traderjoe95.mls.protocol.tree.TreeKem" time="0.003"/>
  <testcase name="a new update path generated by the sender should be successfully processed" classname="com.github.traderjoe95.mls.protocol.tree.TreeKem" time="0.005"/>
  <testcase name="the update path should be parent-hash valid" classname="com.github.traderjoe95.mls.protocol.tree.TreeKem" time="0.0"/>
  <testcase name="the tree hash after merging the update path should be 5c95918a0bb0f3337a477327a07f935ff65e57a1ebc5ebc22bce6ad7fa057e70bd8a0d5fad9236b853dee5c73f35fbef097b895d2bc651b631655b19ce044f67" classname="com.github.traderjoe95.mls.protocol.tree.TreeKem" time="0.001"/>
  <testcase name="the decrypted path secret should be edb798944676c09c1ed9609bd2fe99b91fa74e32ce758ff92f02a00707b4bc78a72f8eb4f1fe3eb371f29c46c52bd1903bc377a333afce7eaeb1bcb13c65ee05" classname="com.github.traderjoe95.mls.protocol.tree.TreeKem" time="0.004"/>
  <testcase name="a new update path generated by the sender should be successfully processed" classname="com.github.traderjoe95.mls.protocol.tree.TreeKem" time="0.004"/>
  <testcase name="the update path should be parent-hash valid" classname="com.github.traderjoe95.mls.protocol.tree.TreeKem" time="0.0"/>
  <testcase name="the tree hash after merging the update path should be 5c95918a0bb0f3337a477327a07f935ff65e57a1ebc5ebc22bce6ad7fa057e70bd8a0d5fad9236b853dee5c73f35fbef097b895d2bc651b631655b19ce044f67" classname="com.github.traderjoe95.mls.protocol.tree.TreeKem" time="0.0"/>
  <testcase name="the decrypted path secret should be 477137e72424f33d7548e655cd8268d57c8c0a9c713371667e29a693feb26e81d7e2fb5590f7036422d84a620af069a1b2ddeb01033b4eea2f2bff0719c045d6" classname="com.github.traderjoe95.mls.protocol.tree.TreeKem" time="0.003"/>
  <testcase name="a new update path generated by the sender should be successfully processed" classname="com.github.traderjoe95.mls.protocol.tree.TreeKem" time="0.004"/>
  <testcase name="the update path should be parent-hash valid" classname="com.github.traderjoe95.mls.protocol.tree.TreeKem" time="0.0"/>
  <testcase name="the tree hash after merging the update path should be 5c95918a0bb0f3337a477327a07f935ff65e57a1ebc5ebc22bce6ad7fa057e70bd8a0d5fad9236b853dee5c73f35fbef097b895d2bc651b631655b19ce044f67" classname="com.github.traderjoe95.mls.protocol.tree.TreeKem" time="0.001"/>
  <testcase name="the decrypted path secret should be 477137e72424f33d7548e655cd8268d57c8c0a9c713371667e29a693feb26e81d7e2fb5590f7036422d84a620af069a1b2ddeb01033b4eea2f2bff0719c045d6" classname="com.github.traderjoe95.mls.protocol.tree.TreeKem" time="0.003"/>
  <testcase name="a new update path generated by the sender should be successfully processed" classname="com.github.traderjoe95.mls.protocol.tree.TreeKem" time="0.003"/>
  <testcase name="the update path should be parent-hash valid" classname="com.github.traderjoe95.mls.protocol.tree.TreeKem" time="0.001"/>
  <testcase name="the tree hash after merging the update path should be 5c95918a0bb0f3337a477327a07f935ff65e57a1ebc5ebc22bce6ad7fa057e70bd8a0d5fad9236b853dee5c73f35fbef097b895d2bc651b631655b19ce044f67" classname="com.github.traderjoe95.mls.protocol.tree.TreeKem" time="0.0"/>
  <testcase name="the decrypted path secret should be 65d517a39482a654ca4e869ee59c631fc6d24a9f2cfb216635b281d1859ae98c80dbf6c695593edab05820e1f875e2562dd0c1ab93489ec07ce02900e59c3644" classname="com.github.traderjoe95.mls.protocol.tree.TreeKem" time="0.003"/>
  <testcase name="a new update path generated by the sender should be successfully processed" classname="com.github.traderjoe95.mls.protocol.tree.TreeKem" time="0.004"/>
  <testcase name="the update path should be parent-hash valid" classname="com.github.traderjoe95.mls.protocol.tree.TreeKem" time="0.0"/>
  <testcase name="the tree hash after merging the update path should be 5c95918a0bb0f3337a477327a07f935ff65e57a1ebc5ebc22bce6ad7fa057e70bd8a0d5fad9236b853dee5c73f35fbef097b895d2bc651b631655b19ce044f67" classname="com.github.traderjoe95.mls.protocol.tree.TreeKem" time="0.0"/>
  <testcase name="the decrypted path secret should be 65d517a39482a654ca4e869ee59c631fc6d24a9f2cfb216635b281d1859ae98c80dbf6c695593edab05820e1f875e2562dd0c1ab93489ec07ce02900e59c3644" classname="com.github.traderjoe95.mls.protocol.tree.TreeKem" time="0.003"/>
  <testcase name="a new update path generated by the sender should be successfully processed" classname="com.github.traderjoe95.mls.protocol.tree.TreeKem" time="0.003"/>
  <testcase name="the update path should be parent-hash valid" classname="com.github.traderjoe95.mls.protocol.tree.TreeKem" time="0.0"/>
  <testcase name="the tree hash after merging the update path should be 1843171841a85f2822ad83daf2d350d3c1292f063d35ff23cf16b274afc4640b06bea36f9b25c926c4ad10c09b529544b3ece28a877aa3de084e92ea315cdac9" classname="com.github.traderjoe95.mls.protocol.tree.TreeKem" time="0.001"/>
  <testcase name="the decrypted path secret should be 7915681a5ee6735030c41cbe0c75a942b6cdd0a71a2860dccbb031c0ab5ce3f0bd92c76690e1c240a984d5797f96df2823da04c9fdd669af5e7fa44172e55c10" classname="com.github.traderjoe95.mls.protocol.tree.TreeKem" time="0.004"/>
  <testcase name="a new update path generated by the sender should be successfully processed" classname="com.github.traderjoe95.mls.protocol.tree.TreeKem" time="0.004"/>
  <testcase name="the update path should be parent-hash valid" classname="com.github.traderjoe95.mls.protocol.tree.TreeKem" time="0.001"/>
  <testcase name="the tree hash after merging the update path should be 1843171841a85f2822ad83daf2d350d3c1292f063d35ff23cf16b274afc4640b06bea36f9b25c926c4ad10c09b529544b3ece28a877aa3de084e92ea315cdac9" classname="com.github.traderjoe95.mls.protocol.tree.TreeKem" time="0.0"/>
  <testcase name="the decrypted path secret should be 7915681a5ee6735030c41cbe0c75a942b6cdd0a71a2860dccbb031c0ab5ce3f0bd92c76690e1c240a984d5797f96df2823da04c9fdd669af5e7fa44172e55c10" classname="com.github.traderjoe95.mls.protocol.tree.TreeKem" time="0.003"/>
  <testcase name="a new update path generated by the sender should be successfully processed" classname="com.github.traderjoe95.mls.protocol.tree.TreeKem" time="0.004"/>
  <testcase name="the update path should be parent-hash valid" classname="com.github.traderjoe95.mls.protocol.tree.TreeKem" time="0.001"/>
  <testcase name="the tree hash after merging the update path should be 1843171841a85f2822ad83daf2d350d3c1292f063d35ff23cf16b274afc4640b06bea36f9b25c926c4ad10c09b529544b3ece28a877aa3de084e92ea315cdac9" classname="com.github.traderjoe95.mls.protocol.tree.TreeKem" time="0.001"/>
  <testcase name="the decrypted path secret should be fc7c71af3dad126f4b71d7016f851dfaa377ecbce7a532141bfc7812010585ec2c921b932a6c4d9bea8e59ab8fa49db94f0a3533be938939d6e369b5988a73f3" classname="com.github.traderjoe95.mls.protocol.tree.TreeKem" time="0.004"/>
  <testcase name="a new update path generated by the sender should be successfully processed" classname="com.github.traderjoe95.mls.protocol.tree.TreeKem" time="0.003"/>
  <testcase name="the update path should be parent-hash valid" classname="com.github.traderjoe95.mls.protocol.tree.TreeKem" time="0.0"/>
  <testcase name="the tree hash after merging the update path should be 1843171841a85f2822ad83daf2d350d3c1292f063d35ff23cf16b274afc4640b06bea36f9b25c926c4ad10c09b529544b3ece28a877aa3de084e92ea315cdac9" classname="com.github.traderjoe95.mls.protocol.tree.TreeKem" time="0.0"/>
  <testcase name="the decrypted path secret should be 7e46f9ee5b5b32495b61366a59e7032504ef40642daedbed05bbffbba8fb42a98160cf3e583ca0ba98909d8dac6693e6c3928adaf3bedc66c33655605d8edf1b" classname="com.github.traderjoe95.mls.protocol.tree.TreeKem" time="0.003"/>
  <testcase name="a new update path generated by the sender should be successfully processed" classname="com.github.traderjoe95.mls.protocol.tree.TreeKem" time="0.005"/>
  <testcase name="the update path should be parent-hash valid" classname="com.github.traderjoe95.mls.protocol.tree.TreeKem" time="0.001"/>
  <testcase name="the tree hash after merging the update path should be 1843171841a85f2822ad83daf2d350d3c1292f063d35ff23cf16b274afc4640b06bea36f9b25c926c4ad10c09b529544b3ece28a877aa3de084e92ea315cdac9" classname="com.github.traderjoe95.mls.protocol.tree.TreeKem" time="0.001"/>
  <testcase name="the decrypted path secret should be 7e46f9ee5b5b32495b61366a59e7032504ef40642daedbed05bbffbba8fb42a98160cf3e583ca0ba98909d8dac6693e6c3928adaf3bedc66c33655605d8edf1b" classname="com.github.traderjoe95.mls.protocol.tree.TreeKem" time="0.005"/>
  <testcase name="a new update path generated by the sender should be successfully processed" classname="com.github.traderjoe95.mls.protocol.tree.TreeKem" time="0.004"/>
  <testcase name="the update path should be parent-hash valid" classname="com.github.traderjoe95.mls.protocol.tree.TreeKem" time="0.001"/>
  <testcase name="the tree hash after merging the update path should be 4af996374e615d4976b21ea7d6395a9ecae939daf6262985d71b6bffc24bf334b2ce69bff54c80dce48788cedb8bac0c27facf287a07f86fd29f0df73378e564" classname="com.github.traderjoe95.mls.protocol.tree.TreeKem" time="0.0"/>
  <testcase name="the decrypted path secret should be f5a09a8c452230b7095f9a80b96baf00e46c1e5b9f73522e745eedefb8f37a0c176c3692abb99df65f37ccc016584b47d5ced778267348581a4854de629de26a" classname="com.github.traderjoe95.mls.protocol.tree.TreeKem" time="0.003"/>
  <testcase name="a new update path generated by the sender should be successfully processed" classname="com.github.traderjoe95.mls.protocol.tree.TreeKem" time="0.003"/>
  <testcase name="the update path should be parent-hash valid" classname="com.github.traderjoe95.mls.protocol.tree.TreeKem" time="0.0"/>
  <testcase name="the tree hash after merging the update path should be 4af996374e615d4976b21ea7d6395a9ecae939daf6262985d71b6bffc24bf334b2ce69bff54c80dce48788cedb8bac0c27facf287a07f86fd29f0df73378e564" classname="com.github.traderjoe95.mls.protocol.tree.TreeKem" time="0.0"/>
  <testcase name="the decrypted path secret should be f5a09a8c452230b7095f9a80b96baf00e46c1e5b9f73522e745eedefb8f37a0c176c3692abb99df65f37ccc016584b47d5ced778267348581a4854de629de26a" classname="com.github.traderjoe95.mls.protocol.tree.TreeKem" time="0.005"/>
  <testcase name="a new update path generated by the sender should be successfully processed" classname="com.github.traderjoe95.mls.protocol.tree.TreeKem" time="0.004"/>
  <testcase name="the update path should be parent-hash valid" classname="com.github.traderjoe95.mls.protocol.tree.TreeKem" time="0.0"/>
  <testcase name="the tree hash after merging the update path should be 4af996374e615d4976b21ea7d6395a9ecae939daf6262985d71b6bffc24bf334b2ce69bff54c80dce48788cedb8bac0c27facf287a07f86fd29f0df73378e564" classname="com.github.traderjoe95.mls.protocol.tree.TreeKem" time="0.0"/>
  <testcase name="the decrypted path secret should be 3955e5a8e33e76e38693991c836f67105bd91ab443db29d2cee8693edd3774eea5ca24eed83802d8808560a9a3b4a7bcaeecf5f5374b55f3ba09a1426ec52be9" classname="com.github.traderjoe95.mls.protocol.tree.TreeKem" time="0.003"/>
  <testcase name="a new update path generated by the sender should be successfully processed" classname="com.github.traderjoe95.mls.protocol.tree.TreeKem" time="0.003"/>
  <testcase name="the update path should be parent-hash valid" classname="com.github.traderjoe95.mls.protocol.tree.TreeKem" time="0.001"/>
  <testcase name="the tree hash after merging the update path should be 4af996374e615d4976b21ea7d6395a9ecae939daf6262985d71b6bffc24bf334b2ce69bff54c80dce48788cedb8bac0c27facf287a07f86fd29f0df73378e564" classname="com.github.traderjoe95.mls.protocol.tree.TreeKem" time="0.001"/>
  <testcase name="the decrypted path secret should be 08e906591710e8387181b72b0ba2e5ad8d81613ea1af32b360c4d9514396f9ec80791aa63e815f6ade758a494310f3ab1b90cf69fbc4864134d000d8ac18f969" classname="com.github.traderjoe95.mls.protocol.tree.TreeKem" time="0.004"/>
  <testcase name="a new update path generated by the sender should be successfully processed" classname="com.github.traderjoe95.mls.protocol.tree.TreeKem" time="0.004"/>
  <testcase name="the update path should be parent-hash valid" classname="com.github.traderjoe95.mls.protocol.tree.TreeKem" time="0.0"/>
  <testcase name="the tree hash after merging the update path should be 4af996374e615d4976b21ea7d6395a9ecae939daf6262985d71b6bffc24bf334b2ce69bff54c80dce48788cedb8bac0c27facf287a07f86fd29f0df73378e564" classname="com.github.traderjoe95.mls.protocol.tree.TreeKem" time="0.0"/>
  <testcase name="the decrypted path secret should be 08e906591710e8387181b72b0ba2e5ad8d81613ea1af32b360c4d9514396f9ec80791aa63e815f6ade758a494310f3ab1b90cf69fbc4864134d000d8ac18f969" classname="com.github.traderjoe95.mls.protocol.tree.TreeKem" time="0.004"/>
  <testcase name="a new update path generated by the sender should be successfully processed" classname="com.github.traderjoe95.mls.protocol.tree.TreeKem" time="0.003"/>
  <testcase name="the update path should be parent-hash valid" classname="com.github.traderjoe95.mls.protocol.tree.TreeKem" time="0.0"/>
  <testcase name="the tree hash after merging the update path should be 473a9139906bc52fe8b4603fa3ed2c7c7ea1d3cd1d2aa3c71273ad152240bff1c6de652211568a50caf6573d7c80761b3c2c7b1dced054cf57a854388c571783" classname="com.github.traderjoe95.mls.protocol.tree.TreeKem" time="0.001"/>
  <testcase name="the decrypted path secret should be 28d7edfe27ddc9fac29b19d96c0f3e010d97701dbaedebef4dc145073e68aae812f9f7f6cfc2e792d8d8bccbcda44fc1f2146558645208f0d37b185c5dbda432" classname="com.github.traderjoe95.mls.protocol.tree.TreeKem" time="0.003"/>
  <testcase name="a new update path generated by the sender should be successfully processed" classname="com.github.traderjoe95.mls.protocol.tree.TreeKem" time="0.004"/>
  <testcase name="the update path should be parent-hash valid" classname="com.github.traderjoe95.mls.protocol.tree.TreeKem" time="0.0"/>
  <testcase name="the tree hash after merging the update path should be 473a9139906bc52fe8b4603fa3ed2c7c7ea1d3cd1d2aa3c71273ad152240bff1c6de652211568a50caf6573d7c80761b3c2c7b1dced054cf57a854388c571783" classname="com.github.traderjoe95.mls.protocol.tree.TreeKem" time="0.001"/>
  <testcase name="the decrypted path secret should be 28d7edfe27ddc9fac29b19d96c0f3e010d97701dbaedebef4dc145073e68aae812f9f7f6cfc2e792d8d8bccbcda44fc1f2146558645208f0d37b185c5dbda432" classname="com.github.traderjoe95.mls.protocol.tree.TreeKem" time="0.003"/>
  <testcase name="a new update path generated by the sender should be successfully processed" classname="com.github.traderjoe95.mls.protocol.tree.TreeKem" time="0.004"/>
  <testcase name="the update path should be parent-hash valid" classname="com.github.traderjoe95.mls.protocol.tree.TreeKem" time="0.0"/>
  <testcase name="the tree hash after merging the update path should be 473a9139906bc52fe8b4603fa3ed2c7c7ea1d3cd1d2aa3c71273ad152240bff1c6de652211568a50caf6573d7c80761b3c2c7b1dced054cf57a854388c571783" classname="com.github.traderjoe95.mls.protocol.tree.TreeKem" time="0.0"/>
  <testcase name="the decrypted path secret should be 28d7edfe27ddc9fac29b19d96c0f3e010d97701dbaedebef4dc145073e68aae812f9f7f6cfc2e792d8d8bccbcda44fc1f2146558645208f0d37b185c5dbda432" classname="com.github.traderjoe95.mls.protocol.tree.TreeKem" time="0.003"/>
  <testcase name="a new update path generated by the sender should be successfully processed" classname="com.github.traderjoe95.mls.protocol.tree.TreeKem" time="0.003"/>
  <testcase name="the update path should be parent-hash valid" classname="com.github.traderjoe95.mls.protocol.tree.TreeKem" time="0.001"/>
  <testcase name="the tree hash after merging the update path should be 473a9139906bc52fe8b4603fa3ed2c7c7ea1d3cd1d2aa3c71273ad152240bff1c6de652211568a50caf6573d7c80761b3c2c7b1dced054cf57a854388c571783" classname="com.github.traderjoe95.mls.protocol.tree.TreeKem" time="0.0"/>
  <testcase name="the decrypted path secret should be 28d7edfe27ddc9fac29b19d96c0f3e010d97701dbaedebef4dc145073e68aae812f9f7f6cfc2e792d8d8bccbcda44fc1f2146558645208f0d37b185c5dbda432" classname="com.github.traderjoe95.mls.protocol.tree.TreeKem" time="0.003"/>
  <testcase name="a new update path generated by the sender should be successfully processed" classname="com.github.traderjoe95.mls.protocol.tree.TreeKem" time="0.003"/>
  <testcase name="the update path should be parent-hash valid" classname="com.github.traderjoe95.mls.protocol.tree.TreeKem" time="0.0"/>
  <testcase name="the tree hash after merging the update path should be 473a9139906bc52fe8b4603fa3ed2c7c7ea1d3cd1d2aa3c71273ad152240bff1c6de652211568a50caf6573d7c80761b3c2c7b1dced054cf57a854388c571783" classname="com.github.traderjoe95.mls.protocol.tree.TreeKem" time="0.0"/>
  <testcase name="the decrypted path secret should be 8ee4c98b1e206b9eb6b23b2bae21d05f53f25f583ae8ce30fdfe2af75f43504e9134e2a11af99e4d1ffa2b9133160d25e973fb134c9192433b968347c4c72159" classname="com.github.traderjoe95.mls.protocol.tree.TreeKem" time="0.004"/>
  <testcase name="a new update path generated by the sender should be successfully processed" classname="com.github.traderjoe95.mls.protocol.tree.TreeKem" time="0.003"/>
  <testcase name="the update path should be parent-hash valid" classname="com.github.traderjoe95.mls.protocol.tree.TreeKem" time="0.0"/>
  <testcase name="the tree hash after merging the update path should be 550cafc7195da732d6d877be283f16e646634310cbeee26b4b35118f592b3382e80b0bae12cc3933f708ab0b32010486a7b8fae5b05c17e8cacc59c020ff1460" classname="com.github.traderjoe95.mls.protocol.tree.TreeKem" time="0.0"/>
  <testcase name="the decrypted path secret should be 040c286a3509faf56fbb4b899f11f2a27fdef196c0e97bc0395465afe27a4239efdd6371847210bf680ca1213678779750ebec56d91344b7cb1e8b5c8ba78b48" classname="com.github.traderjoe95.mls.protocol.tree.TreeKem" time="0.004"/>
  <testcase name="a new update path generated by the sender should be successfully processed" classname="com.github.traderjoe95.mls.protocol.tree.TreeKem" time="0.004"/>
  <testcase name="the update path should be parent-hash valid" classname="com.github.traderjoe95.mls.protocol.tree.TreeKem" time="0.0"/>
  <testcase name="the tree hash after merging the update path should be 550cafc7195da732d6d877be283f16e646634310cbeee26b4b35118f592b3382e80b0bae12cc3933f708ab0b32010486a7b8fae5b05c17e8cacc59c020ff1460" classname="com.github.traderjoe95.mls.protocol.tree.TreeKem" time="0.0"/>
  <testcase name="the decrypted path secret should be 040c286a3509faf56fbb4b899f11f2a27fdef196c0e97bc0395465afe27a4239efdd6371847210bf680ca1213678779750ebec56d91344b7cb1e8b5c8ba78b48" classname="com.github.traderjoe95.mls.protocol.tree.TreeKem" time="0.004"/>
  <testcase name="a new update path generated by the sender should be successfully processed" classname="com.github.traderjoe95.mls.protocol.tree.TreeKem" time="0.004"/>
  <testcase name="the update path should be parent-hash valid" classname="com.github.traderjoe95.mls.protocol.tree.TreeKem" time="0.001"/>
  <testcase name="the tree hash after merging the update path should be 550cafc7195da732d6d877be283f16e646634310cbeee26b4b35118f592b3382e80b0bae12cc3933f708ab0b32010486a7b8fae5b05c17e8cacc59c020ff1460" classname="com.github.traderjoe95.mls.protocol.tree.TreeKem" time="0.001"/>
  <testcase name="the decrypted path secret should be 040c286a3509faf56fbb4b899f11f2a27fdef196c0e97bc0395465afe27a4239efdd6371847210bf680ca1213678779750ebec56d91344b7cb1e8b5c8ba78b48" classname="com.github.traderjoe95.mls.protocol.tree.TreeKem" time="0.003"/>
  <testcase name="a new update path generated by the sender should be successfully processed" classname="com.github.traderjoe95.mls.protocol.tree.TreeKem" time="0.003"/>
  <testcase name="the update path should be parent-hash valid" classname="com.github.traderjoe95.mls.protocol.tree.TreeKem" time="0.0"/>
  <testcase name="the tree hash after merging the update path should be 550cafc7195da732d6d877be283f16e646634310cbeee26b4b35118f592b3382e80b0bae12cc3933f708ab0b32010486a7b8fae5b05c17e8cacc59c020ff1460" classname="com.github.traderjoe95.mls.protocol.tree.TreeKem" time="0.0"/>
  <testcase name="the decrypted path secret should be 040c286a3509faf56fbb4b899f11f2a27fdef196c0e97bc0395465afe27a4239efdd6371847210bf680ca1213678779750ebec56d91344b7cb1e8b5c8ba78b48" classname="com.github.traderjoe95.mls.protocol.tree.TreeKem" time="0.003"/>
  <testcase name="a new update path generated by the sender should be successfully processed" classname="com.github.traderjoe95.mls.protocol.tree.TreeKem" time="0.003"/>
  <testcase name="the update path should be parent-hash valid" classname="com.github.traderjoe95.mls.protocol.tree.TreeKem" time="0.0"/>
  <testcase name="the tree hash after merging the update path should be 550cafc7195da732d6d877be283f16e646634310cbeee26b4b35118f592b3382e80b0bae12cc3933f708ab0b32010486a7b8fae5b05c17e8cacc59c020ff1460" classname="com.github.traderjoe95.mls.protocol.tree.TreeKem" time="0.0"/>
  <testcase name="the decrypted path secret should be f42056c2fc9c2d1bccfa0bc777a86ed1545fbaca76e7280b14b96cfa71df3309a8f95286a7e881b2933a3c86eb01751a685f3ba9fa269ea53ebc1120dce77cdb" classname="com.github.traderjoe95.mls.protocol.tree.TreeKem" time="0.003"/>
  <testcase name="a new update path generated by the sender should be successfully processed" classname="com.github.traderjoe95.mls.protocol.tree.TreeKem" time="0.003"/>
  <testcase name="non-blank leaf 0 should be consistent with the public state" classname="com.github.traderjoe95.mls.protocol.tree.TreeKem" time="0.01"/>
  <testcase name="non-blank leaf 1 should be consistent with the public state" classname="com.github.traderjoe95.mls.protocol.tree.TreeKem" time="0.011"/>
  <testcase name="non-blank leaf 2 should be consistent with the public state" classname="com.github.traderjoe95.mls.protocol.tree.TreeKem" time="0.01"/>
  <testcase name="non-blank leaf 3 should be consistent with the public state" classname="com.github.traderjoe95.mls.protocol.tree.TreeKem" time="0.01"/>
  <testcase name="non-blank leaf 4 should be consistent with the public state" classname="com.github.traderjoe95.mls.protocol.tree.TreeKem" time="0.01"/>
  <testcase name="non-blank leaf 5 should be consistent with the public state" classname="com.github.traderjoe95.mls.protocol.tree.TreeKem" time="0.009"/>
  <testcase name="non-blank leaf 6 should be consistent with the public state" classname="com.github.traderjoe95.mls.protocol.tree.TreeKem" time="0.011"/>
  <testcase name="the update path should be parent-hash valid" classname="com.github.traderjoe95.mls.protocol.tree.TreeKem" time="0.001"/>
  <testcase name="the tree hash after merging the update path should be c56020a6274123c8c88a16ec04778ee47db3820d44f97d406f81ea35cd9113589758cb61f02ebfb382e97c2c16e809d9b8800368be3bd08ca5f3fb1648fff29e" classname="com.github.traderjoe95.mls.protocol.tree.TreeKem" time="0.0"/>
  <testcase name="the decrypted path secret should be 8c9fe1f006f4ffb3f276a5c5baa27bdeb4736abe51a471af8c08d8e66d46b4673dfd718c25bcf03aad8fb7853eaa3c9dc248aaf5d241baac9c2344c18749969f" classname="com.github.traderjoe95.mls.protocol.tree.TreeKem" time="0.006"/>
  <testcase name="a new update path generated by the sender should be successfully processed" classname="com.github.traderjoe95.mls.protocol.tree.TreeKem" time="0.006"/>
  <testcase name="the update path should be parent-hash valid" classname="com.github.traderjoe95.mls.protocol.tree.TreeKem" time="0.0"/>
  <testcase name="the tree hash after merging the update path should be c56020a6274123c8c88a16ec04778ee47db3820d44f97d406f81ea35cd9113589758cb61f02ebfb382e97c2c16e809d9b8800368be3bd08ca5f3fb1648fff29e" classname="com.github.traderjoe95.mls.protocol.tree.TreeKem" time="0.0"/>
  <testcase name="the decrypted path secret should be 000121e89d3a5a08b8e9ddf450be5d290fd8c1a297aaadd166ef0a0287b522f7a0f370d8c55f04268cf7427c5e0aa42975fd4376f26b5ca11c01e4c8e8b665a9" classname="com.github.traderjoe95.mls.protocol.tree.TreeKem" time="0.006"/>
  <testcase name="a new update path generated by the sender should be successfully processed" classname="com.github.traderjoe95.mls.protocol.tree.TreeKem" time="0.005"/>
  <testcase name="the update path should be parent-hash valid" classname="com.github.traderjoe95.mls.protocol.tree.TreeKem" time="0.001"/>
  <testcase name="the tree hash after merging the update path should be c56020a6274123c8c88a16ec04778ee47db3820d44f97d406f81ea35cd9113589758cb61f02ebfb382e97c2c16e809d9b8800368be3bd08ca5f3fb1648fff29e" classname="com.github.traderjoe95.mls.protocol.tree.TreeKem" time="0.001"/>
  <testcase name="the decrypted path secret should be 000121e89d3a5a08b8e9ddf450be5d290fd8c1a297aaadd166ef0a0287b522f7a0f370d8c55f04268cf7427c5e0aa42975fd4376f26b5ca11c01e4c8e8b665a9" classname="com.github.traderjoe95.mls.protocol.tree.TreeKem" time="0.005"/>
  <testcase name="a new update path generated by the sender should be successfully processed" classname="com.github.traderjoe95.mls.protocol.tree.TreeKem" time="0.006"/>
  <testcase name="the update path should be parent-hash valid" classname="com.github.traderjoe95.mls.protocol.tree.TreeKem" time="0.0"/>
  <testcase name="the tree hash after merging the update path should be c56020a6274123c8c88a16ec04778ee47db3820d44f97d406f81ea35cd9113589758cb61f02ebfb382e97c2c16e809d9b8800368be3bd08ca5f3fb1648fff29e" classname="com.github.traderjoe95.mls.protocol.tree.TreeKem" time="0.001"/>
  <testcase name="the decrypted path secret should be c5d83eaa265dee33bf36a753713fcc359587ceb73919c50f723a90def5ee1ddeef94fe3a6e44475f6b068361141a91d63c69f9fa46b0fa8d73bd8541e15c47e6" classname="com.github.traderjoe95.mls.protocol.tree.TreeKem" time="0.005"/>
  <testcase name="a new update path generated by the sender should be successfully processed" classname="com.github.traderjoe95.mls.protocol.tree.TreeKem" time="0.007"/>
  <testcase name="the update path should be parent-hash valid" classname="com.github.traderjoe95.mls.protocol.tree.TreeKem" time="0.0"/>
  <testcase name="the tree hash after merging the update path should be c56020a6274123c8c88a16ec04778ee47db3820d44f97d406f81ea35cd9113589758cb61f02ebfb382e97c2c16e809d9b8800368be3bd08ca5f3fb1648fff29e" classname="com.github.traderjoe95.mls.protocol.tree.TreeKem" time="0.001"/>
  <testcase name="the decrypted path secret should be c5d83eaa265dee33bf36a753713fcc359587ceb73919c50f723a90def5ee1ddeef94fe3a6e44475f6b068361141a91d63c69f9fa46b0fa8d73bd8541e15c47e6" classname="com.github.traderjoe95.mls.protocol.tree.TreeKem" time="0.005"/>
  <testcase name="a new update path generated by the sender should be successfully processed" classname="com.github.traderjoe95.mls.protocol.tree.TreeKem" time="0.009"/>
  <testcase name="the update path should be parent-hash valid" classname="com.github.traderjoe95.mls.protocol.tree.TreeKem" time="0.001"/>
  <testcase name="the tree hash after merging the update path should be c56020a6274123c8c88a16ec04778ee47db3820d44f97d406f81ea35cd9113589758cb61f02ebfb382e97c2c16e809d9b8800368be3bd08ca5f3fb1648fff29e" classname="com.github.traderjoe95.mls.protocol.tree.TreeKem" time="0.001"/>
  <testcase name="the decrypted path secret should be c5d83eaa265dee33bf36a753713fcc359587ceb73919c50f723a90def5ee1ddeef94fe3a6e44475f6b068361141a91d63c69f9fa46b0fa8d73bd8541e15c47e6" classname="com.github.traderjoe95.mls.protocol.tree.TreeKem" time="0.004"/>
  <testcase name="a new update path generated by the sender should be successfully processed" classname="com.github.traderjoe95.mls.protocol.tree.TreeKem" time="0.005"/>
  <testcase name="the update path should be parent-hash valid" classname="com.github.traderjoe95.mls.protocol.tree.TreeKem" time="0.001"/>
  <testcase name="the tree hash after merging the update path should be caee2590704f3800143720d60483cd06050f5767adade5438c83242d5c79b3eecb4f6eed414645b6cca93a603bd98e0525f35d035819d89eb54c15e69855ea33" classname="com.github.traderjoe95.mls.protocol.tree.TreeKem" time="0.001"/>
  <testcase name="the decrypted path secret should be 4793a58106c92de8883f05e662d1f63be8e023cba00ae49b4f5b7ee0a5bb8009f058fd51646e8afcaedb890b4f02286c40c5e37e54eeaa2d644887bb09502f80" classname="com.github.traderjoe95.mls.protocol.tree.TreeKem" time="0.004"/>
  <testcase name="a new update path generated by the sender should be successfully processed" classname="com.github.traderjoe95.mls.protocol.tree.TreeKem" time="0.004"/>
  <testcase name="the update path should be parent-hash valid" classname="com.github.traderjoe95.mls.protocol.tree.TreeKem" time="0.0"/>
  <testcase name="the tree hash after merging the update path should be caee2590704f3800143720d60483cd06050f5767adade5438c83242d5c79b3eecb4f6eed414645b6cca93a603bd98e0525f35d035819d89eb54c15e69855ea33" classname="com.github.traderjoe95.mls.protocol.tree.TreeKem" time="0.0"/>
  <testcase name="the decrypted path secret should be 481a4132e8b334082a6079668e0bba5d94b6eeec0519a87e2ac8c072b87f695a49515ec864378f0446a199a12db960dbf3e780e7798b027bffab2e10d309b64f" classname="com.github.traderjoe95.mls.protocol.tree.TreeKem" time="0.003"/>
  <testcase name="a new update path generated by the sender should be successfully processed" classname="com.github.traderjoe95.mls.protocol.tree.TreeKem" time="0.004"/>
  <testcase name="the update path should be parent-hash valid" classname="com.github.traderjoe95.mls.protocol.tree.TreeKem" time="0.0"/>
  <testcase name="the tree hash after merging the update path should be caee2590704f3800143720d60483cd06050f5767adade5438c83242d5c79b3eecb4f6eed414645b6cca93a603bd98e0525f35d035819d89eb54c15e69855ea33" classname="com.github.traderjoe95.mls.protocol.tree.TreeKem" time="0.001"/>
  <testcase name="the decrypted path secret should be 481a4132e8b334082a6079668e0bba5d94b6eeec0519a87e2ac8c072b87f695a49515ec864378f0446a199a12db960dbf3e780e7798b027bffab2e10d309b64f" classname="com.github.traderjoe95.mls.protocol.tree.TreeKem" time="0.004"/>
  <testcase name="a new update path generated by the sender should be successfully processed" classname="com.github.traderjoe95.mls.protocol.tree.TreeKem" time="0.006"/>
  <testcase name="the update path should be parent-hash valid" classname="com.github.traderjoe95.mls.protocol.tree.TreeKem" time="0.001"/>
  <testcase name="the tree hash after merging the update path should be caee2590704f3800143720d60483cd06050f5767adade5438c83242d5c79b3eecb4f6eed414645b6cca93a603bd98e0525f35d035819d89eb54c15e69855ea33" classname="com.github.traderjoe95.mls.protocol.tree.TreeKem" time="0.001"/>
  <testcase name="the decrypted path secret should be 73f086b79f279bf8b8525786b53125bd03528bf443ff4182eb60c62d4f3b1e7ad52c61d3e6840e783a042c02020e55052ad59df8c90abeee6dfdea35a11a917b" classname="com.github.traderjoe95.mls.protocol.tree.TreeKem" time="0.006"/>
  <testcase name="a new update path generated by the sender should be successfully processed" classname="com.github.traderjoe95.mls.protocol.tree.TreeKem" time="0.004"/>
  <testcase name="the update path should be parent-hash valid" classname="com.github.traderjoe95.mls.protocol.tree.TreeKem" time="0.0"/>
  <testcase name="the tree hash after merging the update path should be caee2590704f3800143720d60483cd06050f5767adade5438c83242d5c79b3eecb4f6eed414645b6cca93a603bd98e0525f35d035819d89eb54c15e69855ea33" classname="com.github.traderjoe95.mls.protocol.tree.TreeKem" time="0.0"/>
  <testcase name="the decrypted path secret should be 73f086b79f279bf8b8525786b53125bd03528bf443ff4182eb60c62d4f3b1e7ad52c61d3e6840e783a042c02020e55052ad59df8c90abeee6dfdea35a11a917b" classname="com.github.traderjoe95.mls.protocol.tree.TreeKem" time="0.004"/>
  <testcase name="a new update path generated by the sender should be successfully processed" classname="com.github.traderjoe95.mls.protocol.tree.TreeKem" time="0.004"/>
  <testcase name="the update path should be parent-hash valid" classname="com.github.traderjoe95.mls.protocol.tree.TreeKem" time="0.0"/>
  <testcase name="the tree hash after merging the update path should be caee2590704f3800143720d60483cd06050f5767adade5438c83242d5c79b3eecb4f6eed414645b6cca93a603bd98e0525f35d035819d89eb54c15e69855ea33" classname="com.github.traderjoe95.mls.protocol.tree.TreeKem" time="0.001"/>
  <testcase name="the decrypted path secret should be 73f086b79f279bf8b8525786b53125bd03528bf443ff4182eb60c62d4f3b1e7ad52c61d3e6840e783a042c02020e55052ad59df8c90abeee6dfdea35a11a917b" classname="com.github.traderjoe95.mls.protocol.tree.TreeKem" time="0.004"/>
  <testcase name="a new update path generated by the sender should be successfully processed" classname="com.github.traderjoe95.mls.protocol.tree.TreeKem" time="0.004"/>
  <testcase name="the update path should be parent-hash valid" classname="com.github.traderjoe95.mls.protocol.tree.TreeKem" time="0.0"/>
  <testcase name="the tree hash after merging the update path should be 90e35038235a2a56107e77f07bc0b3b1e7edc5cd2799887696a137971b32647083ea832397a8cd9ebba3f2bdfe6d0d02b12439848a6e5ac06dc2e0433256dd25" classname="com.github.traderjoe95.mls.protocol.tree.TreeKem" time="0.001"/>
  <testcase name="the decrypted path secret should be d33333e7b200603a697852fb80657ddf18a8465086a9c97aca9a6bbf23d5e8eddfdf41e415482dc31983f6f133819071a23f93074f4ed40579a6e8885e85520b" classname="com.github.traderjoe95.mls.protocol.tree.TreeKem" time="0.004"/>
  <testcase name="a new update path generated by the sender should be successfully processed" classname="com.github.traderjoe95.mls.protocol.tree.TreeKem" time="0.004"/>
  <testcase name="the update path should be parent-hash valid" classname="com.github.traderjoe95.mls.protocol.tree.TreeKem" time="0.001"/>
  <testcase name="the tree hash after merging the update path should be 90e35038235a2a56107e77f07bc0b3b1e7edc5cd2799887696a137971b32647083ea832397a8cd9ebba3f2bdfe6d0d02b12439848a6e5ac06dc2e0433256dd25" classname="com.github.traderjoe95.mls.protocol.tree.TreeKem" time="0.0"/>
  <testcase name="the decrypted path secret should be d33333e7b200603a697852fb80657ddf18a8465086a9c97aca9a6bbf23d5e8eddfdf41e415482dc31983f6f133819071a23f93074f4ed40579a6e8885e85520b" classname="com.github.traderjoe95.mls.protocol.tree.TreeKem" time="0.004"/>
  <testcase name="a new update path generated by the sender should be successfully processed" classname="com.github.traderjoe95.mls.protocol.tree.TreeKem" time="0.004"/>
  <testcase name="the update path should be parent-hash valid" classname="com.github.traderjoe95.mls.protocol.tree.TreeKem" time="0.0"/>
  <testcase name="the tree hash after merging the update path should be 90e35038235a2a56107e77f07bc0b3b1e7edc5cd2799887696a137971b32647083ea832397a8cd9ebba3f2bdfe6d0d02b12439848a6e5ac06dc2e0433256dd25" classname="com.github.traderjoe95.mls.protocol.tree.TreeKem" time="0.001"/>
  <testcase name="the decrypted path secret should be 4f8f6877cec9e763ecf051549c79145e9bcfde9e58638714ad91f41289e769690cad662abd4d592598cb6d16d3341aa09856ebbbeef43b1b35c4567e78710729" classname="com.github.traderjoe95.mls.protocol.tree.TreeKem" time="0.004"/>
  <testcase name="a new update path generated by the sender should be successfully processed" classname="com.github.traderjoe95.mls.protocol.tree.TreeKem" time="0.006"/>
  <testcase name="the update path should be parent-hash valid" classname="com.github.traderjoe95.mls.protocol.tree.TreeKem" time="0.0"/>
  <testcase name="the tree hash after merging the update path should be 90e35038235a2a56107e77f07bc0b3b1e7edc5cd2799887696a137971b32647083ea832397a8cd9ebba3f2bdfe6d0d02b12439848a6e5ac06dc2e0433256dd25" classname="com.github.traderjoe95.mls.protocol.tree.TreeKem" time="0.0"/>
  <testcase name="the decrypted path secret should be c90504631f592685e6ae92b13b8289b84671a9e4178ca9b9cefc698361efa7aaf3224e9812b516a4b765977f8f5bf8907b5ccb1ea7ae58d721a0b71a1d6d72ad" classname="com.github.traderjoe95.mls.protocol.tree.TreeKem" time="0.004"/>
  <testcase name="a new update path generated by the sender should be successfully processed" classname="com.github.traderjoe95.mls.protocol.tree.TreeKem" time="0.003"/>
  <testcase name="the update path should be parent-hash valid" classname="com.github.traderjoe95.mls.protocol.tree.TreeKem" time="0.001"/>
  <testcase name="the tree hash after merging the update path should be 90e35038235a2a56107e77f07bc0b3b1e7edc5cd2799887696a137971b32647083ea832397a8cd9ebba3f2bdfe6d0d02b12439848a6e5ac06dc2e0433256dd25" classname="com.github.traderjoe95.mls.protocol.tree.TreeKem" time="0.0"/>
  <testcase name="the decrypted path secret should be c90504631f592685e6ae92b13b8289b84671a9e4178ca9b9cefc698361efa7aaf3224e9812b516a4b765977f8f5bf8907b5ccb1ea7ae58d721a0b71a1d6d72ad" classname="com.github.traderjoe95.mls.protocol.tree.TreeKem" time="0.003"/>
  <testcase name="a new update path generated by the sender should be successfully processed" classname="com.github.traderjoe95.mls.protocol.tree.TreeKem" time="0.004"/>
  <testcase name="the update path should be parent-hash valid" classname="com.github.traderjoe95.mls.protocol.tree.TreeKem" time="0.0"/>
  <testcase name="the tree hash after merging the update path should be 90e35038235a2a56107e77f07bc0b3b1e7edc5cd2799887696a137971b32647083ea832397a8cd9ebba3f2bdfe6d0d02b12439848a6e5ac06dc2e0433256dd25" classname="com.github.traderjoe95.mls.protocol.tree.TreeKem" time="0.0"/>
  <testcase name="the decrypted path secret should be c90504631f592685e6ae92b13b8289b84671a9e4178ca9b9cefc698361efa7aaf3224e9812b516a4b765977f8f5bf8907b5ccb1ea7ae58d721a0b71a1d6d72ad" classname="com.github.traderjoe95.mls.protocol.tree.TreeKem" time="0.004"/>
  <testcase name="a new update path generated by the sender should be successfully processed" classname="com.github.traderjoe95.mls.protocol.tree.TreeKem" time="0.004"/>
  <testcase name="the update path should be parent-hash valid" classname="com.github.traderjoe95.mls.protocol.tree.TreeKem" time="0.0"/>
  <testcase name="the tree hash after merging the update path should be c6612ee9bc42e13c95f6ccf3e1646ef9df24b580bcf18224da25a62dfa580aaabc434840b0a8c31985b1df14a72513804f9a1d751135b51c52b0e11fa07b2ec1" classname="com.github.traderjoe95.mls.protocol.tree.TreeKem" time="0.0"/>
  <testcase name="the decrypted path secret should be 1d4cc1dda23b74fe32212bb246284f74a3c82b909b9beaad8643e07610ae26d3b28ab6bf6b74732adc7f94fb7c2bc51ac0684842de2eb43ec6f7829250e1fb43" classname="com.github.traderjoe95.mls.protocol.tree.TreeKem" time="0.003"/>
  <testcase name="a new update path generated by the sender should be successfully processed" classname="com.github.traderjoe95.mls.protocol.tree.TreeKem" time="0.004"/>
  <testcase name="the update path should be parent-hash valid" classname="com.github.traderjoe95.mls.protocol.tree.TreeKem" time="0.0"/>
  <testcase name="the tree hash after merging the update path should be c6612ee9bc42e13c95f6ccf3e1646ef9df24b580bcf18224da25a62dfa580aaabc434840b0a8c31985b1df14a72513804f9a1d751135b51c52b0e11fa07b2ec1" classname="com.github.traderjoe95.mls.protocol.tree.TreeKem" time="0.001"/>
  <testcase name="the decrypted path secret should be 1d4cc1dda23b74fe32212bb246284f74a3c82b909b9beaad8643e07610ae26d3b28ab6bf6b74732adc7f94fb7c2bc51ac0684842de2eb43ec6f7829250e1fb43" classname="com.github.traderjoe95.mls.protocol.tree.TreeKem" time="0.004"/>
  <testcase name="a new update path generated by the sender should be successfully processed" classname="com.github.traderjoe95.mls.protocol.tree.TreeKem" time="0.004"/>
  <testcase name="the update path should be parent-hash valid" classname="com.github.traderjoe95.mls.protocol.tree.TreeKem" time="0.0"/>
  <testcase name="the tree hash after merging the update path should be c6612ee9bc42e13c95f6ccf3e1646ef9df24b580bcf18224da25a62dfa580aaabc434840b0a8c31985b1df14a72513804f9a1d751135b51c52b0e11fa07b2ec1" classname="com.github.traderjoe95.mls.protocol.tree.TreeKem" time="0.0"/>
  <testcase name="the decrypted path secret should be f27a660f0a8c08bdd7aadde11033d5b4764678158c1204b1624ed53969e372baab12248b4224ada342c188b94536e018b724c14f81ae50b04cb1b21a8b6b4864" classname="com.github.traderjoe95.mls.protocol.tree.TreeKem" time="0.003"/>
  <testcase name="a new update path generated by the sender should be successfully processed" classname="com.github.traderjoe95.mls.protocol.tree.TreeKem" time="0.004"/>
  <testcase name="the update path should be parent-hash valid" classname="com.github.traderjoe95.mls.protocol.tree.TreeKem" time="0.0"/>
  <testcase name="the tree hash after merging the update path should be c6612ee9bc42e13c95f6ccf3e1646ef9df24b580bcf18224da25a62dfa580aaabc434840b0a8c31985b1df14a72513804f9a1d751135b51c52b0e11fa07b2ec1" classname="com.github.traderjoe95.mls.protocol.tree.TreeKem" time="0.001"/>
  <testcase name="the decrypted path secret should be ab7d466661f396227355d36696fc15cdd7771a278d751971dcb972edf3ff05aa913dbcc6f76c28c6b1ce653a7599ea8fae2873d284201ab4198378d6f08d74aa" classname="com.github.traderjoe95.mls.protocol.tree.TreeKem" time="0.004"/>
  <testcase name="a new update path generated by the sender should be successfully processed" classname="com.github.traderjoe95.mls.protocol.tree.TreeKem" time="0.004"/>
  <testcase name="the update path should be parent-hash valid" classname="com.github.traderjoe95.mls.protocol.tree.TreeKem" time="0.0"/>
  <testcase name="the tree hash after merging the update path should be c6612ee9bc42e13c95f6ccf3e1646ef9df24b580bcf18224da25a62dfa580aaabc434840b0a8c31985b1df14a72513804f9a1d751135b51c52b0e11fa07b2ec1" classname="com.github.traderjoe95.mls.protocol.tree.TreeKem" time="0.0"/>
  <testcase name="the decrypted path secret should be ab7d466661f396227355d36696fc15cdd7771a278d751971dcb972edf3ff05aa913dbcc6f76c28c6b1ce653a7599ea8fae2873d284201ab4198378d6f08d74aa" classname="com.github.traderjoe95.mls.protocol.tree.TreeKem" time="0.004"/>
  <testcase name="a new update path generated by the sender should be successfully processed" classname="com.github.traderjoe95.mls.protocol.tree.TreeKem" time="0.004"/>
  <testcase name="the update path should be parent-hash valid" classname="com.github.traderjoe95.mls.protocol.tree.TreeKem" time="0.0"/>
  <testcase name="the tree hash after merging the update path should be c6612ee9bc42e13c95f6ccf3e1646ef9df24b580bcf18224da25a62dfa580aaabc434840b0a8c31985b1df14a72513804f9a1d751135b51c52b0e11fa07b2ec1" classname="com.github.traderjoe95.mls.protocol.tree.TreeKem" time="0.0"/>
  <testcase name="the decrypted path secret should be ab7d466661f396227355d36696fc15cdd7771a278d751971dcb972edf3ff05aa913dbcc6f76c28c6b1ce653a7599ea8fae2873d284201ab4198378d6f08d74aa" classname="com.github.traderjoe95.mls.protocol.tree.TreeKem" time="0.004"/>
  <testcase name="a new update path generated by the sender should be successfully processed" classname="com.github.traderjoe95.mls.protocol.tree.TreeKem" time="0.003"/>
  <testcase name="the update path should be parent-hash valid" classname="com.github.traderjoe95.mls.protocol.tree.TreeKem" time="0.0"/>
  <testcase name="the tree hash after merging the update path should be cd9622cddd3dd599bffdf986583f6b1c31e90870c18740fba58dadd34a0be638f3ecb51a7d9f4ddb3f7bd0d7d72d3b62a6c5f0fd50455034f6f2d1db9751a6e1" classname="com.github.traderjoe95.mls.protocol.tree.TreeKem" time="0.001"/>
  <testcase name="the decrypted path secret should be 9c224c362155bd71b3900e4d085f2b9ce95d69fc1cd68f7a52a9d9ab434721c940dc99b130d01f823d5de1e4ad074e1180b49aede5ccb75dae263212bb2a050d" classname="com.github.traderjoe95.mls.protocol.tree.TreeKem" time="0.004"/>
  <testcase name="a new update path generated by the sender should be successfully processed" classname="com.github.traderjoe95.mls.protocol.tree.TreeKem" time="0.004"/>
  <testcase name="the update path should be parent-hash valid" classname="com.github.traderjoe95.mls.protocol.tree.TreeKem" time="0.001"/>
  <testcase name="the tree hash after merging the update path should be cd9622cddd3dd599bffdf986583f6b1c31e90870c18740fba58dadd34a0be638f3ecb51a7d9f4ddb3f7bd0d7d72d3b62a6c5f0fd50455034f6f2d1db9751a6e1" classname="com.github.traderjoe95.mls.protocol.tree.TreeKem" time="0.0"/>
  <testcase name="the decrypted path secret should be 9c224c362155bd71b3900e4d085f2b9ce95d69fc1cd68f7a52a9d9ab434721c940dc99b130d01f823d5de1e4ad074e1180b49aede5ccb75dae263212bb2a050d" classname="com.github.traderjoe95.mls.protocol.tree.TreeKem" time="0.003"/>
  <testcase name="a new update path generated by the sender should be successfully processed" classname="com.github.traderjoe95.mls.protocol.tree.TreeKem" time="0.004"/>
  <testcase name="the update path should be parent-hash valid" classname="com.github.traderjoe95.mls.protocol.tree.TreeKem" time="0.0"/>
  <testcase name="the tree hash after merging the update path should be cd9622cddd3dd599bffdf986583f6b1c31e90870c18740fba58dadd34a0be638f3ecb51a7d9f4ddb3f7bd0d7d72d3b62a6c5f0fd50455034f6f2d1db9751a6e1" classname="com.github.traderjoe95.mls.protocol.tree.TreeKem" time="0.001"/>
  <testcase name="the decrypted path secret should be 9c224c362155bd71b3900e4d085f2b9ce95d69fc1cd68f7a52a9d9ab434721c940dc99b130d01f823d5de1e4ad074e1180b49aede5ccb75dae263212bb2a050d" classname="com.github.traderjoe95.mls.protocol.tree.TreeKem" time="0.004"/>
  <testcase name="a new update path generated by the sender should be successfully processed" classname="com.github.traderjoe95.mls.protocol.tree.TreeKem" time="0.004"/>
  <testcase name="the update path should be parent-hash valid" classname="com.github.traderjoe95.mls.protocol.tree.TreeKem" time="0.0"/>
  <testcase name="the tree hash after merging the update path should be cd9622cddd3dd599bffdf986583f6b1c31e90870c18740fba58dadd34a0be638f3ecb51a7d9f4ddb3f7bd0d7d72d3b62a6c5f0fd50455034f6f2d1db9751a6e1" classname="com.github.traderjoe95.mls.protocol.tree.TreeKem" time="0.0"/>
  <testcase name="the decrypted path secret should be 9c224c362155bd71b3900e4d085f2b9ce95d69fc1cd68f7a52a9d9ab434721c940dc99b130d01f823d5de1e4ad074e1180b49aede5ccb75dae263212bb2a050d" classname="com.github.traderjoe95.mls.protocol.tree.TreeKem" time="0.004"/>
  <testcase name="a new update path generated by the sender should be successfully processed" classname="com.github.traderjoe95.mls.protocol.tree.TreeKem" time="0.004"/>
  <testcase name="the update path should be parent-hash valid" classname="com.github.traderjoe95.mls.protocol.tree.TreeKem" time="0.0"/>
  <testcase name="the tree hash after merging the update path should be cd9622cddd3dd599bffdf986583f6b1c31e90870c18740fba58dadd34a0be638f3ecb51a7d9f4ddb3f7bd0d7d72d3b62a6c5f0fd50455034f6f2d1db9751a6e1" classname="com.github.traderjoe95.mls.protocol.tree.TreeKem" time="0.001"/>
  <testcase name="the decrypted path secret should be 6ab9bc27ab07057673133737cdc6f38693befd8e1bf89b15de7629d76e5f3c293580d3883c26b3086a30742c85aca7b424f17ea5fcc1099e98e72ac9f1a157bf" classname="com.github.traderjoe95.mls.protocol.tree.TreeKem" time="0.004"/>
  <testcase name="a new update path generated by the sender should be successfully processed" classname="com.github.traderjoe95.mls.protocol.tree.TreeKem" time="0.005"/>
  <testcase name="the update path should be parent-hash valid" classname="com.github.traderjoe95.mls.protocol.tree.TreeKem" time="0.0"/>
  <testcase name="the tree hash after merging the update path should be cd9622cddd3dd599bffdf986583f6b1c31e90870c18740fba58dadd34a0be638f3ecb51a7d9f4ddb3f7bd0d7d72d3b62a6c5f0fd50455034f6f2d1db9751a6e1" classname="com.github.traderjoe95.mls.protocol.tree.TreeKem" time="0.001"/>
  <testcase name="the decrypted path secret should be 1e6893194e0e67f2e7345ffb46028e29ca7e403384faab2ed593b94b5021812bce2bdfbb880f904a13175a17472982697454d76e2ef023523ba49ce9a8f46fea" classname="com.github.traderjoe95.mls.protocol.tree.TreeKem" time="0.004"/>
  <testcase name="a new update path generated by the sender should be successfully processed" classname="com.github.traderjoe95.mls.protocol.tree.TreeKem" time="0.004"/>
  <testcase name="the update path should be parent-hash valid" classname="com.github.traderjoe95.mls.protocol.tree.TreeKem" time="0.001"/>
  <testcase name="the tree hash after merging the update path should be a4c47b0153e08ce33035a48b0b9a4a2f665d48268143cda66875767c466a4b863883a30d7d2bd0c4262213b68792704ed8a9104d5e32d09c5c0a7aff5c149250" classname="com.github.traderjoe95.mls.protocol.tree.TreeKem" time="0.0"/>
  <testcase name="the decrypted path secret should be 0a88d7d073a3f31ccb7cadd38e9dc70c475329d563d923b0e8fdd9cea4dbbb185b28467d0235c60e82ba3e81aeff582eb14a44cc9081df36bcd58e5e4bc2237c" classname="com.github.traderjoe95.mls.protocol.tree.TreeKem" time="0.003"/>
  <testcase name="a new update path generated by the sender should be successfully processed" classname="com.github.traderjoe95.mls.protocol.tree.TreeKem" time="0.003"/>
  <testcase name="the update path should be parent-hash valid" classname="com.github.traderjoe95.mls.protocol.tree.TreeKem" time="0.0"/>
  <testcase name="the tree hash after merging the update path should be a4c47b0153e08ce33035a48b0b9a4a2f665d48268143cda66875767c466a4b863883a30d7d2bd0c4262213b68792704ed8a9104d5e32d09c5c0a7aff5c149250" classname="com.github.traderjoe95.mls.protocol.tree.TreeKem" time="0.0"/>
  <testcase name="the decrypted path secret should be 0a88d7d073a3f31ccb7cadd38e9dc70c475329d563d923b0e8fdd9cea4dbbb185b28467d0235c60e82ba3e81aeff582eb14a44cc9081df36bcd58e5e4bc2237c" classname="com.github.traderjoe95.mls.protocol.tree.TreeKem" time="0.004"/>
  <testcase name="a new update path generated by the sender should be successfully processed" classname="com.github.traderjoe95.mls.protocol.tree.TreeKem" time="0.003"/>
  <testcase name="the update path should be parent-hash valid" classname="com.github.traderjoe95.mls.protocol.tree.TreeKem" time="0.0"/>
  <testcase name="the tree hash after merging the update path should be a4c47b0153e08ce33035a48b0b9a4a2f665d48268143cda66875767c466a4b863883a30d7d2bd0c4262213b68792704ed8a9104d5e32d09c5c0a7aff5c149250" classname="com.github.traderjoe95.mls.protocol.tree.TreeKem" time="0.0"/>
  <testcase name="the decrypted path secret should be 0a88d7d073a3f31ccb7cadd38e9dc70c475329d563d923b0e8fdd9cea4dbbb185b28467d0235c60e82ba3e81aeff582eb14a44cc9081df36bcd58e5e4bc2237c" classname="com.github.traderjoe95.mls.protocol.tree.TreeKem" time="0.003"/>
  <testcase name="a new update path generated by the sender should be successfully processed" classname="com.github.traderjoe95.mls.protocol.tree.TreeKem" time="0.003"/>
  <testcase name="the update path should be parent-hash valid" classname="com.github.traderjoe95.mls.protocol.tree.TreeKem" time="0.001"/>
  <testcase name="the tree hash after merging the update path should be a4c47b0153e08ce33035a48b0b9a4a2f665d48268143cda66875767c466a4b863883a30d7d2bd0c4262213b68792704ed8a9104d5e32d09c5c0a7aff5c149250" classname="com.github.traderjoe95.mls.protocol.tree.TreeKem" time="0.001"/>
  <testcase name="the decrypted path secret should be 0a88d7d073a3f31ccb7cadd38e9dc70c475329d563d923b0e8fdd9cea4dbbb185b28467d0235c60e82ba3e81aeff582eb14a44cc9081df36bcd58e5e4bc2237c" classname="com.github.traderjoe95.mls.protocol.tree.TreeKem" time="0.003"/>
  <testcase name="a new update path generated by the sender should be successfully processed" classname="com.github.traderjoe95.mls.protocol.tree.TreeKem" time="0.004"/>
  <testcase name="the update path should be parent-hash valid" classname="com.github.traderjoe95.mls.protocol.tree.TreeKem" time="0.001"/>
  <testcase name="the tree hash after merging the update path should be a4c47b0153e08ce33035a48b0b9a4a2f665d48268143cda66875767c466a4b863883a30d7d2bd0c4262213b68792704ed8a9104d5e32d09c5c0a7aff5c149250" classname="com.github.traderjoe95.mls.protocol.tree.TreeKem" time="0.0"/>
  <testcase name="the decrypted path secret should be 39c3530159e43536f34de2d076419d51d722b71aa2cb18c637cecc861b4d75887f3ef6272ddcbeb4c419147ea58b3e0d137b0b602dfd82aefb1330154af14f1b" classname="com.github.traderjoe95.mls.protocol.tree.TreeKem" time="0.003"/>
  <testcase name="a new update path generated by the sender should be successfully processed" classname="com.github.traderjoe95.mls.protocol.tree.TreeKem" time="0.004"/>
  <testcase name="the update path should be parent-hash valid" classname="com.github.traderjoe95.mls.protocol.tree.TreeKem" time="0.0"/>
  <testcase name="the tree hash after merging the update path should be a4c47b0153e08ce33035a48b0b9a4a2f665d48268143cda66875767c466a4b863883a30d7d2bd0c4262213b68792704ed8a9104d5e32d09c5c0a7aff5c149250" classname="com.github.traderjoe95.mls.protocol.tree.TreeKem" time="0.001"/>
  <testcase name="the decrypted path secret should be cc17d8be2f47d69e842f3e47c0327cb353f50f38c918ddb68368167ed41d5a788ad22992cf70092ddeb6e6e8af5f740dc1cb5f99800b8e7cf6b712b5ab3e91b9" classname="com.github.traderjoe95.mls.protocol.tree.TreeKem" time="0.004"/>
  <testcase name="a new update path generated by the sender should be successfully processed" classname="com.github.traderjoe95.mls.protocol.tree.TreeKem" time="0.006"/>
  <testcase name="the update path should be parent-hash valid" classname="com.github.traderjoe95.mls.protocol.tree.TreeKem" time="0.0"/>
  <testcase name="the tree hash after merging the update path should be f2ae37ae742ced04d4ccddc02435a15b1b0d7db9fea786175cb2599516fe28e8b6902a63dc8496902c5bb12487e32bb96efaa617b33e0a31db033894e5965d17" classname="com.github.traderjoe95.mls.protocol.tree.TreeKem" time="0.001"/>
  <testcase name="the decrypted path secret should be 7a01109abd0f71b80a6a136808340b650489f180eda0e507f18d9681f742e0ba76042aab0cb0b8dbd5998d73c8f28e7aaac7587e7a8ef8273e68a1e51567dca0" classname="com.github.traderjoe95.mls.protocol.tree.TreeKem" time="0.004"/>
  <testcase name="a new update path generated by the sender should be successfully processed" classname="com.github.traderjoe95.mls.protocol.tree.TreeKem" time="0.004"/>
  <testcase name="the update path should be parent-hash valid" classname="com.github.traderjoe95.mls.protocol.tree.TreeKem" time="0.0"/>
  <testcase name="the tree hash after merging the update path should be f2ae37ae742ced04d4ccddc02435a15b1b0d7db9fea786175cb2599516fe28e8b6902a63dc8496902c5bb12487e32bb96efaa617b33e0a31db033894e5965d17" classname="com.github.traderjoe95.mls.protocol.tree.TreeKem" time="0.0"/>
  <testcase name="the decrypted path secret should be 7a01109abd0f71b80a6a136808340b650489f180eda0e507f18d9681f742e0ba76042aab0cb0b8dbd5998d73c8f28e7aaac7587e7a8ef8273e68a1e51567dca0" classname="com.github.traderjoe95.mls.protocol.tree.TreeKem" time="0.004"/>
  <testcase name="a new update path generated by the sender should be successfully processed" classname="com.github.traderjoe95.mls.protocol.tree.TreeKem" time="0.004"/>
  <testcase name="the update path should be parent-hash valid" classname="com.github.traderjoe95.mls.protocol.tree.TreeKem" time="0.0"/>
  <testcase name="the tree hash after merging the update path should be f2ae37ae742ced04d4ccddc02435a15b1b0d7db9fea786175cb2599516fe28e8b6902a63dc8496902c5bb12487e32bb96efaa617b33e0a31db033894e5965d17" classname="com.github.traderjoe95.mls.protocol.tree.TreeKem" time="0.001"/>
  <testcase name="the decrypted path secret should be 7a01109abd0f71b80a6a136808340b650489f180eda0e507f18d9681f742e0ba76042aab0cb0b8dbd5998d73c8f28e7aaac7587e7a8ef8273e68a1e51567dca0" classname="com.github.traderjoe95.mls.protocol.tree.TreeKem" time="0.005"/>
  <testcase name="a new update path generated by the sender should be successfully processed" classname="com.github.traderjoe95.mls.protocol.tree.TreeKem" time="0.004"/>
  <testcase name="the update path should be parent-hash valid" classname="com.github.traderjoe95.mls.protocol.tree.TreeKem" time="0.001"/>
  <testcase name="the tree hash after merging the update path should be f2ae37ae742ced04d4ccddc02435a15b1b0d7db9fea786175cb2599516fe28e8b6902a63dc8496902c5bb12487e32bb96efaa617b33e0a31db033894e5965d17" classname="com.github.traderjoe95.mls.protocol.tree.TreeKem" time="0.001"/>
  <testcase name="the decrypted path secret should be 7a01109abd0f71b80a6a136808340b650489f180eda0e507f18d9681f742e0ba76042aab0cb0b8dbd5998d73c8f28e7aaac7587e7a8ef8273e68a1e51567dca0" classname="com.github.traderjoe95.mls.protocol.tree.TreeKem" time="0.004"/>
  <testcase name="a new update path generated by the sender should be successfully processed" classname="com.github.traderjoe95.mls.protocol.tree.TreeKem" time="0.004"/>
  <testcase name="the update path should be parent-hash valid" classname="com.github.traderjoe95.mls.protocol.tree.TreeKem" time="0.001"/>
  <testcase name="the tree hash after merging the update path should be f2ae37ae742ced04d4ccddc02435a15b1b0d7db9fea786175cb2599516fe28e8b6902a63dc8496902c5bb12487e32bb96efaa617b33e0a31db033894e5965d17" classname="com.github.traderjoe95.mls.protocol.tree.TreeKem" time="0.0"/>
  <testcase name="the decrypted path secret should be a53bd3782617b89bc304389a24f20aade7009370dfe438265dee12c6d7a1557c238dee92716f8487cecb7e08be1930728af877c6fbdc036811f06cf5b87e2171" classname="com.github.traderjoe95.mls.protocol.tree.TreeKem" time="0.003"/>
  <testcase name="a new update path generated by the sender should be successfully processed" classname="com.github.traderjoe95.mls.protocol.tree.TreeKem" time="0.004"/>
  <testcase name="the update path should be parent-hash valid" classname="com.github.traderjoe95.mls.protocol.tree.TreeKem" time="0.0"/>
  <testcase name="the tree hash after merging the update path should be f2ae37ae742ced04d4ccddc02435a15b1b0d7db9fea786175cb2599516fe28e8b6902a63dc8496902c5bb12487e32bb96efaa617b33e0a31db033894e5965d17" classname="com.github.traderjoe95.mls.protocol.tree.TreeKem" time="0.0"/>
  <testcase name="the decrypted path secret should be a53bd3782617b89bc304389a24f20aade7009370dfe438265dee12c6d7a1557c238dee92716f8487cecb7e08be1930728af877c6fbdc036811f06cf5b87e2171" classname="com.github.traderjoe95.mls.protocol.tree.TreeKem" time="0.004"/>
  <testcase name="a new update path generated by the sender should be successfully processed" classname="com.github.traderjoe95.mls.protocol.tree.TreeKem" time="0.004"/>
  <testcase name="non-blank leaf 0 should be consistent with the public state" classname="com.github.traderjoe95.mls.protocol.tree.TreeKem" time="0.011"/>
  <testcase name="non-blank leaf 1 should be consistent with the public state" classname="com.github.traderjoe95.mls.protocol.tree.TreeKem" time="0.012"/>
  <testcase name="non-blank leaf 2 should be consistent with the public state" classname="com.github.traderjoe95.mls.protocol.tree.TreeKem" time="0.015"/>
  <testcase name="non-blank leaf 3 should be consistent with the public state" classname="com.github.traderjoe95.mls.protocol.tree.TreeKem" time="0.01"/>
  <testcase name="non-blank leaf 4 should be consistent with the public state" classname="com.github.traderjoe95.mls.protocol.tree.TreeKem" time="0.011"/>
  <testcase name="non-blank leaf 5 should be consistent with the public state" classname="com.github.traderjoe95.mls.protocol.tree.TreeKem" time="0.012"/>
  <testcase name="non-blank leaf 6 should be consistent with the public state" classname="com.github.traderjoe95.mls.protocol.tree.TreeKem" time="0.011"/>
  <testcase name="non-blank leaf 7 should be consistent with the public state" classname="com.github.traderjoe95.mls.protocol.tree.TreeKem" time="0.01"/>
  <testcase name="the update path should be parent-hash valid" classname="com.github.traderjoe95.mls.protocol.tree.TreeKem" time="0.0"/>
  <testcase name="the tree hash after merging the update path should be 1254f796feb968292264a9ff05a560694b6c1c0abbbc7c7dac366d96b01d4c560759eae24bf39d7b57cc2332447def04a7cdbe3a0fba505ef5939b49477f3bca" classname="com.github.traderjoe95.mls.protocol.tree.TreeKem" time="0.0"/>
  <testcase name="the decrypted path secret should be 43a66694a489a32b408276e31f5d7111fb7d5b132837062dafa7272c3e3bef3b82ed2d3f0a2d9a8d324c569c98171b8494c71afab87de620f5679c6816c08e55" classname="com.github.traderjoe95.mls.protocol.tree.TreeKem" time="0.003"/>
  <testcase name="a new update path generated by the sender should be successfully processed" classname="com.github.traderjoe95.mls.protocol.tree.TreeKem" time="0.003"/>
  <testcase name="the update path should be parent-hash valid" classname="com.github.traderjoe95.mls.protocol.tree.TreeKem" time="0.0"/>
  <testcase name="the tree hash after merging the update path should be 1254f796feb968292264a9ff05a560694b6c1c0abbbc7c7dac366d96b01d4c560759eae24bf39d7b57cc2332447def04a7cdbe3a0fba505ef5939b49477f3bca" classname="com.github.traderjoe95.mls.protocol.tree.TreeKem" time="0.0"/>
  <testcase name="the decrypted path secret should be c819e2047d2e472e2da7385ca88cee6d85663f618a48ced176f6e7c13b4d0dedc787ee1000364b879eb73fa86dacdf8ce19fb5d792604321aca432af25777c68" classname="com.github.traderjoe95.mls.protocol.tree.TreeKem" time="0.004"/>
  <testcase name="a new update path generated by the sender should be successfully processed" classname="com.github.traderjoe95.mls.protocol.tree.TreeKem" time="0.004"/>
  <testcase name="the update path should be parent-hash valid" classname="com.github.traderjoe95.mls.protocol.tree.TreeKem" time="0.0"/>
  <testcase name="the tree hash after merging the update path should be 1254f796feb968292264a9ff05a560694b6c1c0abbbc7c7dac366d96b01d4c560759eae24bf39d7b57cc2332447def04a7cdbe3a0fba505ef5939b49477f3bca" classname="com.github.traderjoe95.mls.protocol.tree.TreeKem" time="0.001"/>
  <testcase name="the decrypted path secret should be c819e2047d2e472e2da7385ca88cee6d85663f618a48ced176f6e7c13b4d0dedc787ee1000364b879eb73fa86dacdf8ce19fb5d792604321aca432af25777c68" classname="com.github.traderjoe95.mls.protocol.tree.TreeKem" time="0.004"/>
  <testcase name="a new update path generated by the sender should be successfully processed" classname="com.github.traderjoe95.mls.protocol.tree.TreeKem" time="0.003"/>
  <testcase name="the update path should be parent-hash valid" classname="com.github.traderjoe95.mls.protocol.tree.TreeKem" time="0.0"/>
  <testcase name="the tree hash after merging the update path should be 1254f796feb968292264a9ff05a560694b6c1c0abbbc7c7dac366d96b01d4c560759eae24bf39d7b57cc2332447def04a7cdbe3a0fba505ef5939b49477f3bca" classname="com.github.traderjoe95.mls.protocol.tree.TreeKem" time="0.0"/>
  <testcase name="the decrypted path secret should be 7cbb7a303aac1658edff4660ba1c2b8d60079da5c916d5b3786486bda033b2e154be8996aa862154f39e8f997d6d8bdad84cf2aa4c7debd66ef750538c94b004" classname="com.github.traderjoe95.mls.protocol.tree.TreeKem" time="0.003"/>
  <testcase name="a new update path generated by the sender should be successfully processed" classname="com.github.traderjoe95.mls.protocol.tree.TreeKem" time="0.004"/>
  <testcase name="the update path should be parent-hash valid" classname="com.github.traderjoe95.mls.protocol.tree.TreeKem" time="0.001"/>
  <testcase name="the tree hash after merging the update path should be 1254f796feb968292264a9ff05a560694b6c1c0abbbc7c7dac366d96b01d4c560759eae24bf39d7b57cc2332447def04a7cdbe3a0fba505ef5939b49477f3bca" classname="com.github.traderjoe95.mls.protocol.tree.TreeKem" time="0.001"/>
  <testcase name="the decrypted path secret should be 7cbb7a303aac1658edff4660ba1c2b8d60079da5c916d5b3786486bda033b2e154be8996aa862154f39e8f997d6d8bdad84cf2aa4c7debd66ef750538c94b004" classname="com.github.traderjoe95.mls.protocol.tree.TreeKem" time="0.004"/>
  <testcase name="a new update path generated by the sender should be successfully processed" classname="com.github.traderjoe95.mls.protocol.tree.TreeKem" time="0.003"/>
  <testcase name="the update path should be parent-hash valid" classname="com.github.traderjoe95.mls.protocol.tree.TreeKem" time="0.001"/>
  <testcase name="the tree hash after merging the update path should be 1254f796feb968292264a9ff05a560694b6c1c0abbbc7c7dac366d96b01d4c560759eae24bf39d7b57cc2332447def04a7cdbe3a0fba505ef5939b49477f3bca" classname="com.github.traderjoe95.mls.protocol.tree.TreeKem" time="0.001"/>
  <testcase name="the decrypted path secret should be 7cbb7a303aac1658edff4660ba1c2b8d60079da5c916d5b3786486bda033b2e154be8996aa862154f39e8f997d6d8bdad84cf2aa4c7debd66ef750538c94b004" classname="com.github.traderjoe95.mls.protocol.tree.TreeKem" time="0.004"/>
  <testcase name="a new update path generated by the sender should be successfully processed" classname="com.github.traderjoe95.mls.protocol.tree.TreeKem" time="0.004"/>
  <testcase name="the update path should be parent-hash valid" classname="com.github.traderjoe95.mls.protocol.tree.TreeKem" time="0.0"/>
  <testcase name="the tree hash after merging the update path should be 1254f796feb968292264a9ff05a560694b6c1c0abbbc7c7dac366d96b01d4c560759eae24bf39d7b57cc2332447def04a7cdbe3a0fba505ef5939b49477f3bca" classname="com.github.traderjoe95.mls.protocol.tree.TreeKem" time="0.0"/>
  <testcase name="the decrypted path secret should be 7cbb7a303aac1658edff4660ba1c2b8d60079da5c916d5b3786486bda033b2e154be8996aa862154f39e8f997d6d8bdad84cf2aa4c7debd66ef750538c94b004" classname="com.github.traderjoe95.mls.protocol.tree.TreeKem" time="0.004"/>
  <testcase name="a new update path generated by the sender should be successfully processed" classname="com.github.traderjoe95.mls.protocol.tree.TreeKem" time="0.004"/>
  <testcase name="the update path should be parent-hash valid" classname="com.github.traderjoe95.mls.protocol.tree.TreeKem" time="0.001"/>
  <testcase name="the tree hash after merging the update path should be 5d81853b260598e864ac20cae77b0f2cec19b81e2bf82fd70f041e554134e9a632950db3fff9bf533b141d094d43cff4afd72382b58276c797ac40bb23ed8427" classname="com.github.traderjoe95.mls.protocol.tree.TreeKem" time="0.001"/>
  <testcase name="the decrypted path secret should be e143e1c36bc10784bc3429cbe6da9c9f53db1bc54472663a5f564d07de55edad4650a7bc5fd655eefff71145e961ae7db3dfb93eca98b1b9770fdfa310307852" classname="com.github.traderjoe95.mls.protocol.tree.TreeKem" time="0.005"/>
  <testcase name="a new update path generated by the sender should be successfully processed" classname="com.github.traderjoe95.mls.protocol.tree.TreeKem" time="0.005"/>
  <testcase name="the update path should be parent-hash valid" classname="com.github.traderjoe95.mls.protocol.tree.TreeKem" time="0.0"/>
  <testcase name="the tree hash after merging the update path should be 5d81853b260598e864ac20cae77b0f2cec19b81e2bf82fd70f041e554134e9a632950db3fff9bf533b141d094d43cff4afd72382b58276c797ac40bb23ed8427" classname="com.github.traderjoe95.mls.protocol.tree.TreeKem" time="0.0"/>
  <testcase name="the decrypted path secret should be 9f0f27681c190e5fa654c30d7ede5471dc5e35d0b50e9268f645c679668d6f58d2c4d2323e61755eb5844b81dd7a106a5328aa21ab67511c84343efe0db7a397" classname="com.github.traderjoe95.mls.protocol.tree.TreeKem" time="0.004"/>
  <testcase name="a new update path generated by the sender should be successfully processed" classname="com.github.traderjoe95.mls.protocol.tree.TreeKem" time="0.004"/>
  <testcase name="the update path should be parent-hash valid" classname="com.github.traderjoe95.mls.protocol.tree.TreeKem" time="0.001"/>
  <testcase name="the tree hash after merging the update path should be 5d81853b260598e864ac20cae77b0f2cec19b81e2bf82fd70f041e554134e9a632950db3fff9bf533b141d094d43cff4afd72382b58276c797ac40bb23ed8427" classname="com.github.traderjoe95.mls.protocol.tree.TreeKem" time="0.001"/>
  <testcase name="the decrypted path secret should be 9f0f27681c190e5fa654c30d7ede5471dc5e35d0b50e9268f645c679668d6f58d2c4d2323e61755eb5844b81dd7a106a5328aa21ab67511c84343efe0db7a397" classname="com.github.traderjoe95.mls.protocol.tree.TreeKem" time="0.004"/>
  <testcase name="a new update path generated by the sender should be successfully processed" classname="com.github.traderjoe95.mls.protocol.tree.TreeKem" time="0.004"/>
  <testcase name="the update path should be parent-hash valid" classname="com.github.traderjoe95.mls.protocol.tree.TreeKem" time="0.001"/>
  <testcase name="the tree hash after merging the update path should be 5d81853b260598e864ac20cae77b0f2cec19b81e2bf82fd70f041e554134e9a632950db3fff9bf533b141d094d43cff4afd72382b58276c797ac40bb23ed8427" classname="com.github.traderjoe95.mls.protocol.tree.TreeKem" time="0.001"/>
  <testcase name="the decrypted path secret should be b7f2fb57debbb867c627c20315e2a5d006f81e26f8a2ac82da48ae878ee42b38f23343dc12e7c839063651f9fb324568c36c92f8e8e67faf7c26428fbd5d19c9" classname="com.github.traderjoe95.mls.protocol.tree.TreeKem" time="0.004"/>
  <testcase name="a new update path generated by the sender should be successfully processed" classname="com.github.traderjoe95.mls.protocol.tree.TreeKem" time="0.004"/>
  <testcase name="the update path should be parent-hash valid" classname="com.github.traderjoe95.mls.protocol.tree.TreeKem" time="0.001"/>
  <testcase name="the tree hash after merging the update path should be 5d81853b260598e864ac20cae77b0f2cec19b81e2bf82fd70f041e554134e9a632950db3fff9bf533b141d094d43cff4afd72382b58276c797ac40bb23ed8427" classname="com.github.traderjoe95.mls.protocol.tree.TreeKem" time="0.001"/>
  <testcase name="the decrypted path secret should be b7f2fb57debbb867c627c20315e2a5d006f81e26f8a2ac82da48ae878ee42b38f23343dc12e7c839063651f9fb324568c36c92f8e8e67faf7c26428fbd5d19c9" classname="com.github.traderjoe95.mls.protocol.tree.TreeKem" time="0.004"/>
  <testcase name="a new update path generated by the sender should be successfully processed" classname="com.github.traderjoe95.mls.protocol.tree.TreeKem" time="0.004"/>
  <testcase name="the update path should be parent-hash valid" classname="com.github.traderjoe95.mls.protocol.tree.TreeKem" time="0.0"/>
  <testcase name="the tree hash after merging the update path should be 5d81853b260598e864ac20cae77b0f2cec19b81e2bf82fd70f041e554134e9a632950db3fff9bf533b141d094d43cff4afd72382b58276c797ac40bb23ed8427" classname="com.github.traderjoe95.mls.protocol.tree.TreeKem" time="0.0"/>
  <testcase name="the decrypted path secret should be b7f2fb57debbb867c627c20315e2a5d006f81e26f8a2ac82da48ae878ee42b38f23343dc12e7c839063651f9fb324568c36c92f8e8e67faf7c26428fbd5d19c9" classname="com.github.traderjoe95.mls.protocol.tree.TreeKem" time="0.003"/>
  <testcase name="a new update path generated by the sender should be successfully processed" classname="com.github.traderjoe95.mls.protocol.tree.TreeKem" time="0.008"/>
  <testcase name="the update path should be parent-hash valid" classname="com.github.traderjoe95.mls.protocol.tree.TreeKem" time="0.0"/>
  <testcase name="the tree hash after merging the update path should be 5d81853b260598e864ac20cae77b0f2cec19b81e2bf82fd70f041e554134e9a632950db3fff9bf533b141d094d43cff4afd72382b58276c797ac40bb23ed8427" classname="com.github.traderjoe95.mls.protocol.tree.TreeKem" time="0.0"/>
  <testcase name="the decrypted path secret should be b7f2fb57debbb867c627c20315e2a5d006f81e26f8a2ac82da48ae878ee42b38f23343dc12e7c839063651f9fb324568c36c92f8e8e67faf7c26428fbd5d19c9" classname="com.github.traderjoe95.mls.protocol.tree.TreeKem" time="0.004"/>
  <testcase name="a new update path generated by the sender should be successfully processed" classname="com.github.traderjoe95.mls.protocol.tree.TreeKem" time="0.005"/>
  <testcase name="the update path should be parent-hash valid" classname="com.github.traderjoe95.mls.protocol.tree.TreeKem" time="0.0"/>
  <testcase name="the tree hash after merging the update path should be 73613f0fe8cd93d286a4d117b0806331f4f8e00eab834ab3ab654d19fcf3e2c63cde960cc145fc1a06a38b0a4506c14cd8996f866a70b218692bb9167afa0546" classname="com.github.traderjoe95.mls.protocol.tree.TreeKem" time="0.0"/>
  <testcase name="the decrypted path secret should be bca117d15e520b0022a65523f89da59cfccb9e7e24e9797cc5bfc86d9e0e3bd9aae5eae64bc2c18b2bbc2a301e8ec9139813b960007addd68b0c053fb8b709c8" classname="com.github.traderjoe95.mls.protocol.tree.TreeKem" time="0.004"/>
  <testcase name="a new update path generated by the sender should be successfully processed" classname="com.github.traderjoe95.mls.protocol.tree.TreeKem" time="0.004"/>
  <testcase name="the update path should be parent-hash valid" classname="com.github.traderjoe95.mls.protocol.tree.TreeKem" time="0.0"/>
  <testcase name="the tree hash after merging the update path should be 73613f0fe8cd93d286a4d117b0806331f4f8e00eab834ab3ab654d19fcf3e2c63cde960cc145fc1a06a38b0a4506c14cd8996f866a70b218692bb9167afa0546" classname="com.github.traderjoe95.mls.protocol.tree.TreeKem" time="0.0"/>
  <testcase name="the decrypted path secret should be bca117d15e520b0022a65523f89da59cfccb9e7e24e9797cc5bfc86d9e0e3bd9aae5eae64bc2c18b2bbc2a301e8ec9139813b960007addd68b0c053fb8b709c8" classname="com.github.traderjoe95.mls.protocol.tree.TreeKem" time="0.003"/>
  <testcase name="a new update path generated by the sender should be successfully processed" classname="com.github.traderjoe95.mls.protocol.tree.TreeKem" time="0.004"/>
  <testcase name="the update path should be parent-hash valid" classname="com.github.traderjoe95.mls.protocol.tree.TreeKem" time="0.001"/>
  <testcase name="the tree hash after merging the update path should be 73613f0fe8cd93d286a4d117b0806331f4f8e00eab834ab3ab654d19fcf3e2c63cde960cc145fc1a06a38b0a4506c14cd8996f866a70b218692bb9167afa0546" classname="com.github.traderjoe95.mls.protocol.tree.TreeKem" time="0.001"/>
  <testcase name="the decrypted path secret should be fd0297797da556c7fee81b8d7c9a2d83a9f34dd715faad2d2fc4ee620511a304f7980c845596095b9a3aafe56f0dacf5a2033ebad9e2b8636451be6d6e9c5789" classname="com.github.traderjoe95.mls.protocol.tree.TreeKem" time="0.004"/>
  <testcase name="a new update path generated by the sender should be successfully processed" classname="com.github.traderjoe95.mls.protocol.tree.TreeKem" time="0.004"/>
  <testcase name="the update path should be parent-hash valid" classname="com.github.traderjoe95.mls.protocol.tree.TreeKem" time="0.001"/>
  <testcase name="the tree hash after merging the update path should be 73613f0fe8cd93d286a4d117b0806331f4f8e00eab834ab3ab654d19fcf3e2c63cde960cc145fc1a06a38b0a4506c14cd8996f866a70b218692bb9167afa0546" classname="com.github.traderjoe95.mls.protocol.tree.TreeKem" time="0.001"/>
  <testcase name="the decrypted path secret should be 8cfe825ed6d1cc3d214ffd1f979b4500f4a121a891823db90f5c2424006a02b1b15466a58c77f6cf6ff5e8461c27a9e72b9afa241fc883bf9b4d422f002137a1" classname="com.github.traderjoe95.mls.protocol.tree.TreeKem" time="0.004"/>
  <testcase name="a new update path generated by the sender should be successfully processed" classname="com.github.traderjoe95.mls.protocol.tree.TreeKem" time="0.004"/>
  <testcase name="the update path should be parent-hash valid" classname="com.github.traderjoe95.mls.protocol.tree.TreeKem" time="0.0"/>
  <testcase name="the tree hash after merging the update path should be 73613f0fe8cd93d286a4d117b0806331f4f8e00eab834ab3ab654d19fcf3e2c63cde960cc145fc1a06a38b0a4506c14cd8996f866a70b218692bb9167afa0546" classname="com.github.traderjoe95.mls.protocol.tree.TreeKem" time="0.0"/>
  <testcase name="the decrypted path secret should be 8cfe825ed6d1cc3d214ffd1f979b4500f4a121a891823db90f5c2424006a02b1b15466a58c77f6cf6ff5e8461c27a9e72b9afa241fc883bf9b4d422f002137a1" classname="com.github.traderjoe95.mls.protocol.tree.TreeKem" time="0.003"/>
  <testcase name="a new update path generated by the sender should be successfully processed" classname="com.github.traderjoe95.mls.protocol.tree.TreeKem" time="0.004"/>
  <testcase name="the update path should be parent-hash valid" classname="com.github.traderjoe95.mls.protocol.tree.TreeKem" time="0.0"/>
  <testcase name="the tree hash after merging the update path should be 73613f0fe8cd93d286a4d117b0806331f4f8e00eab834ab3ab654d19fcf3e2c63cde960cc145fc1a06a38b0a4506c14cd8996f866a70b218692bb9167afa0546" classname="com.github.traderjoe95.mls.protocol.tree.TreeKem" time="0.0"/>
  <testcase name="the decrypted path secret should be 8cfe825ed6d1cc3d214ffd1f979b4500f4a121a891823db90f5c2424006a02b1b15466a58c77f6cf6ff5e8461c27a9e72b9afa241fc883bf9b4d422f002137a1" classname="com.github.traderjoe95.mls.protocol.tree.TreeKem" time="0.004"/>
  <testcase name="a new update path generated by the sender should be successfully processed" classname="com.github.traderjoe95.mls.protocol.tree.TreeKem" time="0.004"/>
  <testcase name="the update path should be parent-hash valid" classname="com.github.traderjoe95.mls.protocol.tree.TreeKem" time="0.001"/>
  <testcase name="the tree hash after merging the update path should be 73613f0fe8cd93d286a4d117b0806331f4f8e00eab834ab3ab654d19fcf3e2c63cde960cc145fc1a06a38b0a4506c14cd8996f866a70b218692bb9167afa0546" classname="com.github.traderjoe95.mls.protocol.tree.TreeKem" time="0.001"/>
  <testcase name="the decrypted path secret should be 8cfe825ed6d1cc3d214ffd1f979b4500f4a121a891823db90f5c2424006a02b1b15466a58c77f6cf6ff5e8461c27a9e72b9afa241fc883bf9b4d422f002137a1" classname="com.github.traderjoe95.mls.protocol.tree.TreeKem" time="0.004"/>
  <testcase name="a new update path generated by the sender should be successfully processed" classname="com.github.traderjoe95.mls.protocol.tree.TreeKem" time="0.004"/>
  <testcase name="the update path should be parent-hash valid" classname="com.github.traderjoe95.mls.protocol.tree.TreeKem" time="0.0"/>
  <testcase name="the tree hash after merging the update path should be 5ebbeae5419804f82b49e263a057b7f21d339000187793ac8e31468fd1e49a1327279afdeeb0c62a8d1902bcfaea17f6db318dc21acecf8a3c4cc2529a8496c5" classname="com.github.traderjoe95.mls.protocol.tree.TreeKem" time="0.0"/>
  <testcase name="the decrypted path secret should be 6a9e40c8a3e9e255bea4026cfa9ea84a4cfea03b4c095632241589a92c6c1d232b5b9fab360d9d567e2ffea922f3e04701cf733b70c90e92c351c192c58e51a4" classname="com.github.traderjoe95.mls.protocol.tree.TreeKem" time="0.003"/>
  <testcase name="a new update path generated by the sender should be successfully processed" classname="com.github.traderjoe95.mls.protocol.tree.TreeKem" time="0.004"/>
  <testcase name="the update path should be parent-hash valid" classname="com.github.traderjoe95.mls.protocol.tree.TreeKem" time="0.0"/>
  <testcase name="the tree hash after merging the update path should be 5ebbeae5419804f82b49e263a057b7f21d339000187793ac8e31468fd1e49a1327279afdeeb0c62a8d1902bcfaea17f6db318dc21acecf8a3c4cc2529a8496c5" classname="com.github.traderjoe95.mls.protocol.tree.TreeKem" time="0.0"/>
  <testcase name="the decrypted path secret should be 6a9e40c8a3e9e255bea4026cfa9ea84a4cfea03b4c095632241589a92c6c1d232b5b9fab360d9d567e2ffea922f3e04701cf733b70c90e92c351c192c58e51a4" classname="com.github.traderjoe95.mls.protocol.tree.TreeKem" time="0.004"/>
  <testcase name="a new update path generated by the sender should be successfully processed" classname="com.github.traderjoe95.mls.protocol.tree.TreeKem" time="0.004"/>
  <testcase name="the update path should be parent-hash valid" classname="com.github.traderjoe95.mls.protocol.tree.TreeKem" time="0.0"/>
  <testcase name="the tree hash after merging the update path should be 5ebbeae5419804f82b49e263a057b7f21d339000187793ac8e31468fd1e49a1327279afdeeb0c62a8d1902bcfaea17f6db318dc21acecf8a3c4cc2529a8496c5" classname="com.github.traderjoe95.mls.protocol.tree.TreeKem" time="0.0"/>
  <testcase name="the decrypted path secret should be edbc36fc682e4d2639e923b04ed32637aa6a6c23bc15890fb4280df93f4ff890bcfb272301104a45fc2854e0d67e80fd8a74b8204a29334a48086a2c0c18e48a" classname="com.github.traderjoe95.mls.protocol.tree.TreeKem" time="0.003"/>
  <testcase name="a new update path generated by the sender should be successfully processed" classname="com.github.traderjoe95.mls.protocol.tree.TreeKem" time="0.004"/>
  <testcase name="the update path should be parent-hash valid" classname="com.github.traderjoe95.mls.protocol.tree.TreeKem" time="0.0"/>
  <testcase name="the tree hash after merging the update path should be 5ebbeae5419804f82b49e263a057b7f21d339000187793ac8e31468fd1e49a1327279afdeeb0c62a8d1902bcfaea17f6db318dc21acecf8a3c4cc2529a8496c5" classname="com.github.traderjoe95.mls.protocol.tree.TreeKem" time="0.0"/>
  <testcase name="the decrypted path secret should be da15f093637e26ad51d7e0d201f3e19ccae32b8e7d71b07f8214e98c2ad2833ffcd1fe5474106c1b622ee9262118000d75286de597229d4ee6c6c3cea412de0b" classname="com.github.traderjoe95.mls.protocol.tree.TreeKem" time="0.004"/>
  <testcase name="a new update path generated by the sender should be successfully processed" classname="com.github.traderjoe95.mls.protocol.tree.TreeKem" time="0.004"/>
  <testcase name="the update path should be parent-hash valid" classname="com.github.traderjoe95.mls.protocol.tree.TreeKem" time="0.001"/>
  <testcase name="the tree hash after merging the update path should be 5ebbeae5419804f82b49e263a057b7f21d339000187793ac8e31468fd1e49a1327279afdeeb0c62a8d1902bcfaea17f6db318dc21acecf8a3c4cc2529a8496c5" classname="com.github.traderjoe95.mls.protocol.tree.TreeKem" time="0.0"/>
  <testcase name="the decrypted path secret should be da15f093637e26ad51d7e0d201f3e19ccae32b8e7d71b07f8214e98c2ad2833ffcd1fe5474106c1b622ee9262118000d75286de597229d4ee6c6c3cea412de0b" classname="com.github.traderjoe95.mls.protocol.tree.TreeKem" time="0.003"/>
  <testcase name="a new update path generated by the sender should be successfully processed" classname="com.github.traderjoe95.mls.protocol.tree.TreeKem" time="0.004"/>
  <testcase name="the update path should be parent-hash valid" classname="com.github.traderjoe95.mls.protocol.tree.TreeKem" time="0.0"/>
  <testcase name="the tree hash after merging the update path should be 5ebbeae5419804f82b49e263a057b7f21d339000187793ac8e31468fd1e49a1327279afdeeb0c62a8d1902bcfaea17f6db318dc21acecf8a3c4cc2529a8496c5" classname="com.github.traderjoe95.mls.protocol.tree.TreeKem" time="0.001"/>
  <testcase name="the decrypted path secret should be da15f093637e26ad51d7e0d201f3e19ccae32b8e7d71b07f8214e98c2ad2833ffcd1fe5474106c1b622ee9262118000d75286de597229d4ee6c6c3cea412de0b" classname="com.github.traderjoe95.mls.protocol.tree.TreeKem" time="0.004"/>
  <testcase name="a new update path generated by the sender should be successfully processed" classname="com.github.traderjoe95.mls.protocol.tree.TreeKem" time="0.004"/>
  <testcase name="the update path should be parent-hash valid" classname="com.github.traderjoe95.mls.protocol.tree.TreeKem" time="0.0"/>
  <testcase name="the tree hash after merging the update path should be 5ebbeae5419804f82b49e263a057b7f21d339000187793ac8e31468fd1e49a1327279afdeeb0c62a8d1902bcfaea17f6db318dc21acecf8a3c4cc2529a8496c5" classname="com.github.traderjoe95.mls.protocol.tree.TreeKem" time="0.0"/>
  <testcase name="the decrypted path secret should be da15f093637e26ad51d7e0d201f3e19ccae32b8e7d71b07f8214e98c2ad2833ffcd1fe5474106c1b622ee9262118000d75286de597229d4ee6c6c3cea412de0b" classname="com.github.traderjoe95.mls.protocol.tree.TreeKem" time="0.004"/>
  <testcase name="a new update path generated by the sender should be successfully processed" classname="com.github.traderjoe95.mls.protocol.tree.TreeKem" time="0.004"/>
  <testcase name="the update path should be parent-hash valid" classname="com.github.traderjoe95.mls.protocol.tree.TreeKem" time="0.0"/>
  <testcase name="the tree hash after merging the update path should be 03b64bf730d89369cf2c6bc446394934595d93cba25e96e51f65cd70aa3dafd9371996dd58157dea5d78caca5f51b5a178efe21dbd8a2c628a8e8093237fe09b" classname="com.github.traderjoe95.mls.protocol.tree.TreeKem" time="0.001"/>
  <testcase name="the decrypted path secret should be d7422126d7273cba1b5fc6584d3b1ccb4b12a9e47a8887da5091fb0ff928d338e3ac3e6a338bfd028fed08583992f57a6a2d80b8cd4ebb708a3a2c1d1abdb7f6" classname="com.github.traderjoe95.mls.protocol.tree.TreeKem" time="0.003"/>
  <testcase name="a new update path generated by the sender should be successfully processed" classname="com.github.traderjoe95.mls.protocol.tree.TreeKem" time="0.004"/>
  <testcase name="the update path should be parent-hash valid" classname="com.github.traderjoe95.mls.protocol.tree.TreeKem" time="0.0"/>
  <testcase name="the tree hash after merging the update path should be 03b64bf730d89369cf2c6bc446394934595d93cba25e96e51f65cd70aa3dafd9371996dd58157dea5d78caca5f51b5a178efe21dbd8a2c628a8e8093237fe09b" classname="com.github.traderjoe95.mls.protocol.tree.TreeKem" time="0.001"/>
  <testcase name="the decrypted path secret should be d7422126d7273cba1b5fc6584d3b1ccb4b12a9e47a8887da5091fb0ff928d338e3ac3e6a338bfd028fed08583992f57a6a2d80b8cd4ebb708a3a2c1d1abdb7f6" classname="com.github.traderjoe95.mls.protocol.tree.TreeKem" time="0.003"/>
  <testcase name="a new update path generated by the sender should be successfully processed" classname="com.github.traderjoe95.mls.protocol.tree.TreeKem" time="0.004"/>
  <testcase name="the update path should be parent-hash valid" classname="com.github.traderjoe95.mls.protocol.tree.TreeKem" time="0.0"/>
  <testcase name="the tree hash after merging the update path should be 03b64bf730d89369cf2c6bc446394934595d93cba25e96e51f65cd70aa3dafd9371996dd58157dea5d78caca5f51b5a178efe21dbd8a2c628a8e8093237fe09b" classname="com.github.traderjoe95.mls.protocol.tree.TreeKem" time="0.001"/>
  <testcase name="the decrypted path secret should be d7422126d7273cba1b5fc6584d3b1ccb4b12a9e47a8887da5091fb0ff928d338e3ac3e6a338bfd028fed08583992f57a6a2d80b8cd4ebb708a3a2c1d1abdb7f6" classname="com.github.traderjoe95.mls.protocol.tree.TreeKem" time="0.008"/>
  <testcase name="a new update path generated by the sender should be successfully processed" classname="com.github.traderjoe95.mls.protocol.tree.TreeKem" time="0.004"/>
  <testcase name="the update path should be parent-hash valid" classname="com.github.traderjoe95.mls.protocol.tree.TreeKem" time="0.001"/>
  <testcase name="the tree hash after merging the update path should be 03b64bf730d89369cf2c6bc446394934595d93cba25e96e51f65cd70aa3dafd9371996dd58157dea5d78caca5f51b5a178efe21dbd8a2c628a8e8093237fe09b" classname="com.github.traderjoe95.mls.protocol.tree.TreeKem" time="0.001"/>
  <testcase name="the decrypted path secret should be d7422126d7273cba1b5fc6584d3b1ccb4b12a9e47a8887da5091fb0ff928d338e3ac3e6a338bfd028fed08583992f57a6a2d80b8cd4ebb708a3a2c1d1abdb7f6" classname="com.github.traderjoe95.mls.protocol.tree.TreeKem" time="0.004"/>
  <testcase name="a new update path generated by the sender should be successfully processed" classname="com.github.traderjoe95.mls.protocol.tree.TreeKem" time="0.004"/>
  <testcase name="the update path should be parent-hash valid" classname="com.github.traderjoe95.mls.protocol.tree.TreeKem" time="0.0"/>
  <testcase name="the tree hash after merging the update path should be 03b64bf730d89369cf2c6bc446394934595d93cba25e96e51f65cd70aa3dafd9371996dd58157dea5d78caca5f51b5a178efe21dbd8a2c628a8e8093237fe09b" classname="com.github.traderjoe95.mls.protocol.tree.TreeKem" time="0.0"/>
  <testcase name="the decrypted path secret should be 8ffc709db5a49bff873f7ecd9810d8567fbc98ea9afb2de5a51581583247dc2e2ad97f798c689191dd27b886bab49e192c4e245cd5d13d989f3db9456e1944ab" classname="com.github.traderjoe95.mls.protocol.tree.TreeKem" time="0.003"/>
  <testcase name="a new update path generated by the sender should be successfully processed" classname="com.github.traderjoe95.mls.protocol.tree.TreeKem" time="0.005"/>
  <testcase name="the update path should be parent-hash valid" classname="com.github.traderjoe95.mls.protocol.tree.TreeKem" time="0.0"/>
  <testcase name="the tree hash after merging the update path should be 03b64bf730d89369cf2c6bc446394934595d93cba25e96e51f65cd70aa3dafd9371996dd58157dea5d78caca5f51b5a178efe21dbd8a2c628a8e8093237fe09b" classname="com.github.traderjoe95.mls.protocol.tree.TreeKem" time="0.0"/>
  <testcase name="the decrypted path secret should be 634e80860fdd5f07e160b42f9225f1e2d9c1099737d1976192392704c787cff9d873a28905d43dc2822a2d4699e5b569684453262a1005f40946bbc20b33950a" classname="com.github.traderjoe95.mls.protocol.tree.TreeKem" time="0.003"/>
  <testcase name="a new update path generated by the sender should be successfully processed" classname="com.github.traderjoe95.mls.protocol.tree.TreeKem" time="0.005"/>
  <testcase name="the update path should be parent-hash valid" classname="com.github.traderjoe95.mls.protocol.tree.TreeKem" time="0.001"/>
  <testcase name="the tree hash after merging the update path should be 03b64bf730d89369cf2c6bc446394934595d93cba25e96e51f65cd70aa3dafd9371996dd58157dea5d78caca5f51b5a178efe21dbd8a2c628a8e8093237fe09b" classname="com.github.traderjoe95.mls.protocol.tree.TreeKem" time="0.001"/>
  <testcase name="the decrypted path secret should be 634e80860fdd5f07e160b42f9225f1e2d9c1099737d1976192392704c787cff9d873a28905d43dc2822a2d4699e5b569684453262a1005f40946bbc20b33950a" classname="com.github.traderjoe95.mls.protocol.tree.TreeKem" time="0.004"/>
  <testcase name="a new update path generated by the sender should be successfully processed" classname="com.github.traderjoe95.mls.protocol.tree.TreeKem" time="0.004"/>
  <testcase name="the update path should be parent-hash valid" classname="com.github.traderjoe95.mls.protocol.tree.TreeKem" time="0.0"/>
  <testcase name="the tree hash after merging the update path should be 6a51a15678a04c9b2ae923a79bd65aa45d1c0b4bd8b88a2a55ca94432582f995cebafa9236c8dc876503765d7682bb9de48aeb660129b03b8cd4fd0580de298c" classname="com.github.traderjoe95.mls.protocol.tree.TreeKem" time="0.0"/>
  <testcase name="the decrypted path secret should be 0019400d8eded67cc0eb2d1606557b1deb9d26280dfdde6640b5861d4ad66362b58566c038237125585497da53be367f1ad00aee06d0deedb0535316ad8a30ea" classname="com.github.traderjoe95.mls.protocol.tree.TreeKem" time="0.004"/>
  <testcase name="a new update path generated by the sender should be successfully processed" classname="com.github.traderjoe95.mls.protocol.tree.TreeKem" time="0.004"/>
  <testcase name="the update path should be parent-hash valid" classname="com.github.traderjoe95.mls.protocol.tree.TreeKem" time="0.001"/>
  <testcase name="the tree hash after merging the update path should be 6a51a15678a04c9b2ae923a79bd65aa45d1c0b4bd8b88a2a55ca94432582f995cebafa9236c8dc876503765d7682bb9de48aeb660129b03b8cd4fd0580de298c" classname="com.github.traderjoe95.mls.protocol.tree.TreeKem" time="0.0"/>
  <testcase name="the decrypted path secret should be 0019400d8eded67cc0eb2d1606557b1deb9d26280dfdde6640b5861d4ad66362b58566c038237125585497da53be367f1ad00aee06d0deedb0535316ad8a30ea" classname="com.github.traderjoe95.mls.protocol.tree.TreeKem" time="0.004"/>
  <testcase name="a new update path generated by the sender should be successfully processed" classname="com.github.traderjoe95.mls.protocol.tree.TreeKem" time="0.004"/>
  <testcase name="the update path should be parent-hash valid" classname="com.github.traderjoe95.mls.protocol.tree.TreeKem" time="0.001"/>
  <testcase name="the tree hash after merging the update path should be 6a51a15678a04c9b2ae923a79bd65aa45d1c0b4bd8b88a2a55ca94432582f995cebafa9236c8dc876503765d7682bb9de48aeb660129b03b8cd4fd0580de298c" classname="com.github.traderjoe95.mls.protocol.tree.TreeKem" time="0.0"/>
  <testcase name="the decrypted path secret should be 0019400d8eded67cc0eb2d1606557b1deb9d26280dfdde6640b5861d4ad66362b58566c038237125585497da53be367f1ad00aee06d0deedb0535316ad8a30ea" classname="com.github.traderjoe95.mls.protocol.tree.TreeKem" time="0.004"/>
  <testcase name="a new update path generated by the sender should be successfully processed" classname="com.github.traderjoe95.mls.protocol.tree.TreeKem" time="0.004"/>
  <testcase name="the update path should be parent-hash valid" classname="com.github.traderjoe95.mls.protocol.tree.TreeKem" time="0.0"/>
  <testcase name="the tree hash after merging the update path should be 6a51a15678a04c9b2ae923a79bd65aa45d1c0b4bd8b88a2a55ca94432582f995cebafa9236c8dc876503765d7682bb9de48aeb660129b03b8cd4fd0580de298c" classname="com.github.traderjoe95.mls.protocol.tree.TreeKem" time="0.0"/>
  <testcase name="the decrypted path secret should be 0019400d8eded67cc0eb2d1606557b1deb9d26280dfdde6640b5861d4ad66362b58566c038237125585497da53be367f1ad00aee06d0deedb0535316ad8a30ea" classname="com.github.traderjoe95.mls.protocol.tree.TreeKem" time="0.004"/>
  <testcase name="a new update path generated by the sender should be successfully processed" classname="com.github.traderjoe95.mls.protocol.tree.TreeKem" time="0.004"/>
  <testcase name="the update path should be parent-hash valid" classname="com.github.traderjoe95.mls.protocol.tree.TreeKem" time="0.0"/>
  <testcase name="the tree hash after merging the update path should be 6a51a15678a04c9b2ae923a79bd65aa45d1c0b4bd8b88a2a55ca94432582f995cebafa9236c8dc876503765d7682bb9de48aeb660129b03b8cd4fd0580de298c" classname="com.github.traderjoe95.mls.protocol.tree.TreeKem" time="0.0"/>
  <testcase name="the decrypted path secret should be 616c85e9dc02ce6ddb0c9bcf28892b4ce21424d3abc51f98d8bd0c284e90b8b9f1ba2785c03772a5613d21f9e608e662d9259add59d187f8f8d5b8e362ac84dd" classname="com.github.traderjoe95.mls.protocol.tree.TreeKem" time="0.003"/>
  <testcase name="a new update path generated by the sender should be successfully processed" classname="com.github.traderjoe95.mls.protocol.tree.TreeKem" time="0.004"/>
  <testcase name="the update path should be parent-hash valid" classname="com.github.traderjoe95.mls.protocol.tree.TreeKem" time="0.001"/>
  <testcase name="the tree hash after merging the update path should be 6a51a15678a04c9b2ae923a79bd65aa45d1c0b4bd8b88a2a55ca94432582f995cebafa9236c8dc876503765d7682bb9de48aeb660129b03b8cd4fd0580de298c" classname="com.github.traderjoe95.mls.protocol.tree.TreeKem" time="0.001"/>
  <testcase name="the decrypted path secret should be d5bf737c4f4191e81de807d0c1f79645f89478d0786a51c5c67e6dfabaef2244a003c00d3571f682b49e96548085d84df0d5d3c121ed978b2bb3b9d7fe1ee9e8" classname="com.github.traderjoe95.mls.protocol.tree.TreeKem" time="0.003"/>
  <testcase name="a new update path generated by the sender should be successfully processed" classname="com.github.traderjoe95.mls.protocol.tree.TreeKem" time="0.004"/>
  <testcase name="the update path should be parent-hash valid" classname="com.github.traderjoe95.mls.protocol.tree.TreeKem" time="0.0"/>
  <testcase name="the tree hash after merging the update path should be 6a51a15678a04c9b2ae923a79bd65aa45d1c0b4bd8b88a2a55ca94432582f995cebafa9236c8dc876503765d7682bb9de48aeb660129b03b8cd4fd0580de298c" classname="com.github.traderjoe95.mls.protocol.tree.TreeKem" time="0.0"/>
  <testcase name="the decrypted path secret should be d5bf737c4f4191e81de807d0c1f79645f89478d0786a51c5c67e6dfabaef2244a003c00d3571f682b49e96548085d84df0d5d3c121ed978b2bb3b9d7fe1ee9e8" classname="com.github.traderjoe95.mls.protocol.tree.TreeKem" time="0.005"/>
  <testcase name="a new update path generated by the sender should be successfully processed" classname="com.github.traderjoe95.mls.protocol.tree.TreeKem" time="0.003"/>
  <testcase name="the update path should be parent-hash valid" classname="com.github.traderjoe95.mls.protocol.tree.TreeKem" time="0.0"/>
  <testcase name="the tree hash after merging the update path should be d6c7b9f72d1749edc537a3d97ffde98ddd884e483c9ce709eb64205c313efd3e4f1a18df0f0cda44f17592df1cbaebbccf7f483ca1203da35db8ddc3b3c6d97c" classname="com.github.traderjoe95.mls.protocol.tree.TreeKem" time="0.001"/>
  <testcase name="the decrypted path secret should be 93e0401ab69df81ae9a9c6683ad2e7d8ded2174903cfbb47dea3ba4729f8e08d734428a73b85d4e08eab578a4ea50f6a31185317decb22f8fdeadc7f73a957d9" classname="com.github.traderjoe95.mls.protocol.tree.TreeKem" time="0.004"/>
  <testcase name="a new update path generated by the sender should be successfully processed" classname="com.github.traderjoe95.mls.protocol.tree.TreeKem" time="0.003"/>
  <testcase name="the update path should be parent-hash valid" classname="com.github.traderjoe95.mls.protocol.tree.TreeKem" time="0.0"/>
  <testcase name="the tree hash after merging the update path should be d6c7b9f72d1749edc537a3d97ffde98ddd884e483c9ce709eb64205c313efd3e4f1a18df0f0cda44f17592df1cbaebbccf7f483ca1203da35db8ddc3b3c6d97c" classname="com.github.traderjoe95.mls.protocol.tree.TreeKem" time="0.0"/>
  <testcase name="the decrypted path secret should be 93e0401ab69df81ae9a9c6683ad2e7d8ded2174903cfbb47dea3ba4729f8e08d734428a73b85d4e08eab578a4ea50f6a31185317decb22f8fdeadc7f73a957d9" classname="com.github.traderjoe95.mls.protocol.tree.TreeKem" time="0.003"/>
  <testcase name="a new update path generated by the sender should be successfully processed" classname="com.github.traderjoe95.mls.protocol.tree.TreeKem" time="0.004"/>
  <testcase name="the update path should be parent-hash valid" classname="com.github.traderjoe95.mls.protocol.tree.TreeKem" time="0.0"/>
  <testcase name="the tree hash after merging the update path should be d6c7b9f72d1749edc537a3d97ffde98ddd884e483c9ce709eb64205c313efd3e4f1a18df0f0cda44f17592df1cbaebbccf7f483ca1203da35db8ddc3b3c6d97c" classname="com.github.traderjoe95.mls.protocol.tree.TreeKem" time="0.0"/>
  <testcase name="the decrypted path secret should be 93e0401ab69df81ae9a9c6683ad2e7d8ded2174903cfbb47dea3ba4729f8e08d734428a73b85d4e08eab578a4ea50f6a31185317decb22f8fdeadc7f73a957d9" classname="com.github.traderjoe95.mls.protocol.tree.TreeKem" time="0.003"/>
  <testcase name="a new update path generated by the sender should be successfully processed" classname="com.github.traderjoe95.mls.protocol.tree.TreeKem" time="0.004"/>
  <testcase name="the update path should be parent-hash valid" classname="com.github.traderjoe95.mls.protocol.tree.TreeKem" time="0.0"/>
  <testcase name="the tree hash after merging the update path should be d6c7b9f72d1749edc537a3d97ffde98ddd884e483c9ce709eb64205c313efd3e4f1a18df0f0cda44f17592df1cbaebbccf7f483ca1203da35db8ddc3b3c6d97c" classname="com.github.traderjoe95.mls.protocol.tree.TreeKem" time="0.0"/>
  <testcase name="the decrypted path secret should be 93e0401ab69df81ae9a9c6683ad2e7d8ded2174903cfbb47dea3ba4729f8e08d734428a73b85d4e08eab578a4ea50f6a31185317decb22f8fdeadc7f73a957d9" classname="com.github.traderjoe95.mls.protocol.tree.TreeKem" time="0.004"/>
  <testcase name="a new update path generated by the sender should be successfully processed" classname="com.github.traderjoe95.mls.protocol.tree.TreeKem" time="0.004"/>
  <testcase name="the update path should be parent-hash valid" classname="com.github.traderjoe95.mls.protocol.tree.TreeKem" time="0.0"/>
  <testcase name="the tree hash after merging the update path should be d6c7b9f72d1749edc537a3d97ffde98ddd884e483c9ce709eb64205c313efd3e4f1a18df0f0cda44f17592df1cbaebbccf7f483ca1203da35db8ddc3b3c6d97c" classname="com.github.traderjoe95.mls.protocol.tree.TreeKem" time="0.0"/>
  <testcase name="the decrypted path secret should be 8ea8df5a322d3e2715afc1242c4abbb2f1138584137ceda281845af11f8f92947f2bfc071439d469fdb93350403df1b70be11caafd3d5ab35963eb37337da3c4" classname="com.github.traderjoe95.mls.protocol.tree.TreeKem" time="0.004"/>
  <testcase name="a new update path generated by the sender should be successfully processed" classname="com.github.traderjoe95.mls.protocol.tree.TreeKem" time="0.004"/>
  <testcase name="the update path should be parent-hash valid" classname="com.github.traderjoe95.mls.protocol.tree.TreeKem" time="0.0"/>
  <testcase name="the tree hash after merging the update path should be d6c7b9f72d1749edc537a3d97ffde98ddd884e483c9ce709eb64205c313efd3e4f1a18df0f0cda44f17592df1cbaebbccf7f483ca1203da35db8ddc3b3c6d97c" classname="com.github.traderjoe95.mls.protocol.tree.TreeKem" time="0.0"/>
  <testcase name="the decrypted path secret should be 8ea8df5a322d3e2715afc1242c4abbb2f1138584137ceda281845af11f8f92947f2bfc071439d469fdb93350403df1b70be11caafd3d5ab35963eb37337da3c4" classname="com.github.traderjoe95.mls.protocol.tree.TreeKem" time="0.003"/>
  <testcase name="a new update path generated by the sender should be successfully processed" classname="com.github.traderjoe95.mls.protocol.tree.TreeKem" time="0.004"/>
  <testcase name="the update path should be parent-hash valid" classname="com.github.traderjoe95.mls.protocol.tree.TreeKem" time="0.0"/>
  <testcase name="the tree hash after merging the update path should be d6c7b9f72d1749edc537a3d97ffde98ddd884e483c9ce709eb64205c313efd3e4f1a18df0f0cda44f17592df1cbaebbccf7f483ca1203da35db8ddc3b3c6d97c" classname="com.github.traderjoe95.mls.protocol.tree.TreeKem" time="0.0"/>
  <testcase name="the decrypted path secret should be 90159f4de5509674f2c55a193e02e5fd5929e850284822485323573381fc64f7883f611d319c2581885b8c1762a39c27369e1d62b7b9ea1a53d125e969cad712" classname="com.github.traderjoe95.mls.protocol.tree.TreeKem" time="0.003"/>
  <testcase name="a new update path generated by the sender should be successfully processed" classname="com.github.traderjoe95.mls.protocol.tree.TreeKem" time="0.004"/>
  <testcase name="the update path should be parent-hash valid" classname="com.github.traderjoe95.mls.protocol.tree.TreeKem" time="0.0"/>
  <testcase name="the tree hash after merging the update path should be 7d5457767c55adfef33b0ee39cbb4d00c0a0d68c8034082b8bdc7da0abf8aa9d6acd9933d5ff5bfe6035329247ea37d031477d901fdecda379d8d4d2898708f9" classname="com.github.traderjoe95.mls.protocol.tree.TreeKem" time="0.0"/>
  <testcase name="the decrypted path secret should be cf29c341ee7028c62247940b9f070ab899bf52c85e4df065fef39f8884d2ac5b14df40d914397b0ca89bc0a013d2b223e1acacd1db5812f61c5cf21eba18072c" classname="com.github.traderjoe95.mls.protocol.tree.TreeKem" time="0.003"/>
  <testcase name="a new update path generated by the sender should be successfully processed" classname="com.github.traderjoe95.mls.protocol.tree.TreeKem" time="0.004"/>
  <testcase name="the update path should be parent-hash valid" classname="com.github.traderjoe95.mls.protocol.tree.TreeKem" time="0.0"/>
  <testcase name="the tree hash after merging the update path should be 7d5457767c55adfef33b0ee39cbb4d00c0a0d68c8034082b8bdc7da0abf8aa9d6acd9933d5ff5bfe6035329247ea37d031477d901fdecda379d8d4d2898708f9" classname="com.github.traderjoe95.mls.protocol.tree.TreeKem" time="0.0"/>
  <testcase name="the decrypted path secret should be cf29c341ee7028c62247940b9f070ab899bf52c85e4df065fef39f8884d2ac5b14df40d914397b0ca89bc0a013d2b223e1acacd1db5812f61c5cf21eba18072c" classname="com.github.traderjoe95.mls.protocol.tree.TreeKem" time="0.004"/>
  <testcase name="a new update path generated by the sender should be successfully processed" classname="com.github.traderjoe95.mls.protocol.tree.TreeKem" time="0.004"/>
  <testcase name="the update path should be parent-hash valid" classname="com.github.traderjoe95.mls.protocol.tree.TreeKem" time="0.0"/>
  <testcase name="the tree hash after merging the update path should be 7d5457767c55adfef33b0ee39cbb4d00c0a0d68c8034082b8bdc7da0abf8aa9d6acd9933d5ff5bfe6035329247ea37d031477d901fdecda379d8d4d2898708f9" classname="com.github.traderjoe95.mls.protocol.tree.TreeKem" time="0.001"/>
  <testcase name="the decrypted path secret should be cf29c341ee7028c62247940b9f070ab899bf52c85e4df065fef39f8884d2ac5b14df40d914397b0ca89bc0a013d2b223e1acacd1db5812f61c5cf21eba18072c" classname="com.github.traderjoe95.mls.protocol.tree.TreeKem" time="0.004"/>
  <testcase name="a new update path generated by the sender should be successfully processed" classname="com.github.traderjoe95.mls.protocol.tree.TreeKem" time="0.003"/>
  <testcase name="the update path should be parent-hash valid" classname="com.github.traderjoe95.mls.protocol.tree.TreeKem" time="0.0"/>
  <testcase name="the tree hash after merging the update path should be 7d5457767c55adfef33b0ee39cbb4d00c0a0d68c8034082b8bdc7da0abf8aa9d6acd9933d5ff5bfe6035329247ea37d031477d901fdecda379d8d4d2898708f9" classname="com.github.traderjoe95.mls.protocol.tree.TreeKem" time="0.001"/>
  <testcase name="the decrypted path secret should be cf29c341ee7028c62247940b9f070ab899bf52c85e4df065fef39f8884d2ac5b14df40d914397b0ca89bc0a013d2b223e1acacd1db5812f61c5cf21eba18072c" classname="com.github.traderjoe95.mls.protocol.tree.TreeKem" time="0.004"/>
  <testcase name="a new update path generated by the sender should be successfully processed" classname="com.github.traderjoe95.mls.protocol.tree.TreeKem" time="0.005"/>
  <testcase name="the update path should be parent-hash valid" classname="com.github.traderjoe95.mls.protocol.tree.TreeKem" time="0.001"/>
  <testcase name="the tree hash after merging the update path should be 7d5457767c55adfef33b0ee39cbb4d00c0a0d68c8034082b8bdc7da0abf8aa9d6acd9933d5ff5bfe6035329247ea37d031477d901fdecda379d8d4d2898708f9" classname="com.github.traderjoe95.mls.protocol.tree.TreeKem" time="0.001"/>
  <testcase name="the decrypted path secret should be 16d732e3762cbeaaf5de7dbc74629046db0489f8ed9cb8ac7e487fff37a27f3b6a22d06fd07ee50b5513b455160dc1b5b7c0c22c4a6fab2f15ac9eec4e4087dd" classname="com.github.traderjoe95.mls.protocol.tree.TreeKem" time="0.004"/>
  <testcase name="a new update path generated by the sender should be successfully processed" classname="com.github.traderjoe95.mls.protocol.tree.TreeKem" time="0.004"/>
  <testcase name="the update path should be parent-hash valid" classname="com.github.traderjoe95.mls.protocol.tree.TreeKem" time="0.0"/>
  <testcase name="the tree hash after merging the update path should be 7d5457767c55adfef33b0ee39cbb4d00c0a0d68c8034082b8bdc7da0abf8aa9d6acd9933d5ff5bfe6035329247ea37d031477d901fdecda379d8d4d2898708f9" classname="com.github.traderjoe95.mls.protocol.tree.TreeKem" time="0.0"/>
  <testcase name="the decrypted path secret should be 16d732e3762cbeaaf5de7dbc74629046db0489f8ed9cb8ac7e487fff37a27f3b6a22d06fd07ee50b5513b455160dc1b5b7c0c22c4a6fab2f15ac9eec4e4087dd" classname="com.github.traderjoe95.mls.protocol.tree.TreeKem" time="0.008"/>
  <testcase name="a new update path generated by the sender should be successfully processed" classname="com.github.traderjoe95.mls.protocol.tree.TreeKem" time="0.004"/>
  <testcase name="the update path should be parent-hash valid" classname="com.github.traderjoe95.mls.protocol.tree.TreeKem" time="0.0"/>
  <testcase name="the tree hash after merging the update path should be 7d5457767c55adfef33b0ee39cbb4d00c0a0d68c8034082b8bdc7da0abf8aa9d6acd9933d5ff5bfe6035329247ea37d031477d901fdecda379d8d4d2898708f9" classname="com.github.traderjoe95.mls.protocol.tree.TreeKem" time="0.001"/>
  <testcase name="the decrypted path secret should be 1d56d2a0eccefb724fd71227ebbca69b95e21b14a7a43628010f5d9d506b5a7d0a5ad8dc2f7245495c1fde8e13ccccfccb552097ab820e995b1d0d689f731405" classname="com.github.traderjoe95.mls.protocol.tree.TreeKem" time="0.004"/>
  <testcase name="a new update path generated by the sender should be successfully processed" classname="com.github.traderjoe95.mls.protocol.tree.TreeKem" time="0.004"/>
  <testcase name="non-blank leaf 0 should be consistent with the public state" classname="com.github.traderjoe95.mls.protocol.tree.TreeKem" time="0.012"/>
  <testcase name="non-blank leaf 1 should be consistent with the public state" classname="com.github.traderjoe95.mls.protocol.tree.TreeKem" time="0.011"/>
  <testcase name="non-blank leaf 2 should be consistent with the public state" classname="com.github.traderjoe95.mls.protocol.tree.TreeKem" time="0.007"/>
  <testcase name="non-blank leaf 4 should be consistent with the public state" classname="com.github.traderjoe95.mls.protocol.tree.TreeKem" time="0.011"/>
  <testcase name="non-blank leaf 5 should be consistent with the public state" classname="com.github.traderjoe95.mls.protocol.tree.TreeKem" time="0.011"/>
  <testcase name="non-blank leaf 6 should be consistent with the public state" classname="com.github.traderjoe95.mls.protocol.tree.TreeKem" time="0.012"/>
  <testcase name="non-blank leaf 7 should be consistent with the public state" classname="com.github.traderjoe95.mls.protocol.tree.TreeKem" time="0.012"/>
  <testcase name="the update path should be parent-hash valid" classname="com.github.traderjoe95.mls.protocol.tree.TreeKem" time="0.0"/>
  <testcase name="the tree hash after merging the update path should be df994808b99ec38f2013d21b26832170a68b75dfb8e3044365c1bb55f094f2e34d1de40e0fe0dadfb211e5a331754ada0770efb915fbe6a8d749b4535fa6cb7e" classname="com.github.traderjoe95.mls.protocol.tree.TreeKem" time="0.001"/>
  <testcase name="the decrypted path secret should be 26cfaaabad08e164419d95d3b5f16b9d93d216120631be1dabd994bfa661286b4d6d8715403de1f2f34f12cc8bc3f7f662cbefea7874fadb189b1d6493f933fa" classname="com.github.traderjoe95.mls.protocol.tree.TreeKem" time="0.004"/>
  <testcase name="a new update path generated by the sender should be successfully processed" classname="com.github.traderjoe95.mls.protocol.tree.TreeKem" time="0.004"/>
  <testcase name="the update path should be parent-hash valid" classname="com.github.traderjoe95.mls.protocol.tree.TreeKem" time="0.001"/>
  <testcase name="the tree hash after merging the update path should be df994808b99ec38f2013d21b26832170a68b75dfb8e3044365c1bb55f094f2e34d1de40e0fe0dadfb211e5a331754ada0770efb915fbe6a8d749b4535fa6cb7e" classname="com.github.traderjoe95.mls.protocol.tree.TreeKem" time="0.001"/>
  <testcase name="the decrypted path secret should be 91c198a0f00338bcbbfe157cadd305ac64fc666cff5c330430963ad89294f3118f3b30a22475c8fb0ecfc2984c10d197680d1ff454a9c68c5ad860142d088d01" classname="com.github.traderjoe95.mls.protocol.tree.TreeKem" time="0.004"/>
  <testcase name="a new update path generated by the sender should be successfully processed" classname="com.github.traderjoe95.mls.protocol.tree.TreeKem" time="0.005"/>
  <testcase name="the update path should be parent-hash valid" classname="com.github.traderjoe95.mls.protocol.tree.TreeKem" time="0.0"/>
  <testcase name="the tree hash after merging the update path should be df994808b99ec38f2013d21b26832170a68b75dfb8e3044365c1bb55f094f2e34d1de40e0fe0dadfb211e5a331754ada0770efb915fbe6a8d749b4535fa6cb7e" classname="com.github.traderjoe95.mls.protocol.tree.TreeKem" time="0.0"/>
  <testcase name="the decrypted path secret should be 3ec003c1e917d6c1cd3f52fa3c09c06605255c951e26b65f57bd3448d0436925e9645b658d6d2c1896da733b5ecdbc9a857c019059e20981dc26d9f0d122643d" classname="com.github.traderjoe95.mls.protocol.tree.TreeKem" time="0.004"/>
  <testcase name="a new update path generated by the sender should be successfully processed" classname="com.github.traderjoe95.mls.protocol.tree.TreeKem" time="0.004"/>
  <testcase name="the update path should be parent-hash valid" classname="com.github.traderjoe95.mls.protocol.tree.TreeKem" time="0.0"/>
  <testcase name="the tree hash after merging the update path should be df994808b99ec38f2013d21b26832170a68b75dfb8e3044365c1bb55f094f2e34d1de40e0fe0dadfb211e5a331754ada0770efb915fbe6a8d749b4535fa6cb7e" classname="com.github.traderjoe95.mls.protocol.tree.TreeKem" time="0.0"/>
  <testcase name="the decrypted path secret should be 3ec003c1e917d6c1cd3f52fa3c09c06605255c951e26b65f57bd3448d0436925e9645b658d6d2c1896da733b5ecdbc9a857c019059e20981dc26d9f0d122643d" classname="com.github.traderjoe95.mls.protocol.tree.TreeKem" time="0.004"/>
  <testcase name="a new update path generated by the sender should be successfully processed" classname="com.github.traderjoe95.mls.protocol.tree.TreeKem" time="0.004"/>
  <testcase name="the update path should be parent-hash valid" classname="com.github.traderjoe95.mls.protocol.tree.TreeKem" time="0.0"/>
  <testcase name="the tree hash after merging the update path should be df994808b99ec38f2013d21b26832170a68b75dfb8e3044365c1bb55f094f2e34d1de40e0fe0dadfb211e5a331754ada0770efb915fbe6a8d749b4535fa6cb7e" classname="com.github.traderjoe95.mls.protocol.tree.TreeKem" time="0.0"/>
  <testcase name="the decrypted path secret should be 3ec003c1e917d6c1cd3f52fa3c09c06605255c951e26b65f57bd3448d0436925e9645b658d6d2c1896da733b5ecdbc9a857c019059e20981dc26d9f0d122643d" classname="com.github.traderjoe95.mls.protocol.tree.TreeKem" time="0.004"/>
  <testcase name="a new update path generated by the sender should be successfully processed" classname="com.github.traderjoe95.mls.protocol.tree.TreeKem" time="0.005"/>
  <testcase name="the update path should be parent-hash valid" classname="com.github.traderjoe95.mls.protocol.tree.TreeKem" time="0.0"/>
  <testcase name="the tree hash after merging the update path should be df994808b99ec38f2013d21b26832170a68b75dfb8e3044365c1bb55f094f2e34d1de40e0fe0dadfb211e5a331754ada0770efb915fbe6a8d749b4535fa6cb7e" classname="com.github.traderjoe95.mls.protocol.tree.TreeKem" time="0.001"/>
  <testcase name="the decrypted path secret should be 3ec003c1e917d6c1cd3f52fa3c09c06605255c951e26b65f57bd3448d0436925e9645b658d6d2c1896da733b5ecdbc9a857c019059e20981dc26d9f0d122643d" classname="com.github.traderjoe95.mls.protocol.tree.TreeKem" time="0.009"/>
  <testcase name="a new update path generated by the sender should be successfully processed" classname="com.github.traderjoe95.mls.protocol.tree.TreeKem" time="0.007"/>
  <testcase name="the update path should be parent-hash valid" classname="com.github.traderjoe95.mls.protocol.tree.TreeKem" time="0.001"/>
  <testcase name="the tree hash after merging the update path should be 3ab944eaa10f294ef41616151f05f200206a79615f3b25504bd1f30b34f61f1e6e0569e0eda396c692084fe44173dfa5a8c174d785beeeacc8e094f8a8fcd869" classname="com.github.traderjoe95.mls.protocol.tree.TreeKem" time="0.001"/>
  <testcase name="the decrypted path secret should be 512cc94a68be55200a0000ea790c19dacdc9aed2df14b766adcb617ec20b140d3db98578413d3e1097911b2298ad7c1ebd0933c4ab6bdc8b1f92f6bbd6ff8ec6" classname="com.github.traderjoe95.mls.protocol.tree.TreeKem" time="0.006"/>
  <testcase name="a new update path generated by the sender should be successfully processed" classname="com.github.traderjoe95.mls.protocol.tree.TreeKem" time="0.006"/>
  <testcase name="the update path should be parent-hash valid" classname="com.github.traderjoe95.mls.protocol.tree.TreeKem" time="0.0"/>
  <testcase name="the tree hash after merging the update path should be 3ab944eaa10f294ef41616151f05f200206a79615f3b25504bd1f30b34f61f1e6e0569e0eda396c692084fe44173dfa5a8c174d785beeeacc8e094f8a8fcd869" classname="com.github.traderjoe95.mls.protocol.tree.TreeKem" time="0.001"/>
  <testcase name="the decrypted path secret should be 175981207a3ea667ef6f1e50660fd04c8a639eaec1753a548a8154ca53e9fdb6eba253d06ea0ea51b78ae79d05b5acd8fc598b02ee70a5ea0a01674d13d6df35" classname="com.github.traderjoe95.mls.protocol.tree.TreeKem" time="0.006"/>
  <testcase name="a new update path generated by the sender should be successfully processed" classname="com.github.traderjoe95.mls.protocol.tree.TreeKem" time="0.006"/>
  <testcase name="the update path should be parent-hash valid" classname="com.github.traderjoe95.mls.protocol.tree.TreeKem" time="0.0"/>
  <testcase name="the tree hash after merging the update path should be 3ab944eaa10f294ef41616151f05f200206a79615f3b25504bd1f30b34f61f1e6e0569e0eda396c692084fe44173dfa5a8c174d785beeeacc8e094f8a8fcd869" classname="com.github.traderjoe95.mls.protocol.tree.TreeKem" time="0.0"/>
  <testcase name="the decrypted path secret should be d5150cadd3abfa1ed89a418b61eb7e276ac27c13f3334e3434ad890ac99a2f7a7dafde079b89a480c228715245019e9a6f6bb6e3f29dff203ff1bc1adb1ea3f2" classname="com.github.traderjoe95.mls.protocol.tree.TreeKem" time="0.006"/>
  <testcase name="a new update path generated by the sender should be successfully processed" classname="com.github.traderjoe95.mls.protocol.tree.TreeKem" time="0.011"/>
  <testcase name="the update path should be parent-hash valid" classname="com.github.traderjoe95.mls.protocol.tree.TreeKem" time="0.001"/>
  <testcase name="the tree hash after merging the update path should be 3ab944eaa10f294ef41616151f05f200206a79615f3b25504bd1f30b34f61f1e6e0569e0eda396c692084fe44173dfa5a8c174d785beeeacc8e094f8a8fcd869" classname="com.github.traderjoe95.mls.protocol.tree.TreeKem" time="0.0"/>
  <testcase name="the decrypted path secret should be d5150cadd3abfa1ed89a418b61eb7e276ac27c13f3334e3434ad890ac99a2f7a7dafde079b89a480c228715245019e9a6f6bb6e3f29dff203ff1bc1adb1ea3f2" classname="com.github.traderjoe95.mls.protocol.tree.TreeKem" time="0.006"/>
  <testcase name="a new update path generated by the sender should be successfully processed" classname="com.github.traderjoe95.mls.protocol.tree.TreeKem" time="0.006"/>
  <testcase name="the update path should be parent-hash valid" classname="com.github.traderjoe95.mls.protocol.tree.TreeKem" time="0.0"/>
  <testcase name="the tree hash after merging the update path should be 3ab944eaa10f294ef41616151f05f200206a79615f3b25504bd1f30b34f61f1e6e0569e0eda396c692084fe44173dfa5a8c174d785beeeacc8e094f8a8fcd869" classname="com.github.traderjoe95.mls.protocol.tree.TreeKem" time="0.001"/>
  <testcase name="the decrypted path secret should be d5150cadd3abfa1ed89a418b61eb7e276ac27c13f3334e3434ad890ac99a2f7a7dafde079b89a480c228715245019e9a6f6bb6e3f29dff203ff1bc1adb1ea3f2" classname="com.github.traderjoe95.mls.protocol.tree.TreeKem" time="0.006"/>
  <testcase name="a new update path generated by the sender should be successfully processed" classname="com.github.traderjoe95.mls.protocol.tree.TreeKem" time="0.005"/>
  <testcase name="the update path should be parent-hash valid" classname="com.github.traderjoe95.mls.protocol.tree.TreeKem" time="0.0"/>
  <testcase name="the tree hash after merging the update path should be 3ab944eaa10f294ef41616151f05f200206a79615f3b25504bd1f30b34f61f1e6e0569e0eda396c692084fe44173dfa5a8c174d785beeeacc8e094f8a8fcd869" classname="com.github.traderjoe95.mls.protocol.tree.TreeKem" time="0.0"/>
  <testcase name="the decrypted path secret should be d5150cadd3abfa1ed89a418b61eb7e276ac27c13f3334e3434ad890ac99a2f7a7dafde079b89a480c228715245019e9a6f6bb6e3f29dff203ff1bc1adb1ea3f2" classname="com.github.traderjoe95.mls.protocol.tree.TreeKem" time="0.005"/>
  <testcase name="a new update path generated by the sender should be successfully processed" classname="com.github.traderjoe95.mls.protocol.tree.TreeKem" time="0.005"/>
  <testcase name="the update path should be parent-hash valid" classname="com.github.traderjoe95.mls.protocol.tree.TreeKem" time="0.0"/>
  <testcase name="the tree hash after merging the update path should be 02ef58e17727b825202131272411c4810ad9f7d2f25e664cb881b9ad0d19a9cbf850ff66d96b1edb7f0e2cd1504cb8313688dd73a8ce66478e45c1b9d490d5d5" classname="com.github.traderjoe95.mls.protocol.tree.TreeKem" time="0.001"/>
  <testcase name="the decrypted path secret should be 88050da7c8c19dafd0b61bae833c27038271159b560d994502c1a98aa892b6a9d52a206026a7350a3b1d7ad794dfc1d697499fffb5cc4144e68510e04cc9041d" classname="com.github.traderjoe95.mls.protocol.tree.TreeKem" time="0.004"/>
  <testcase name="a new update path generated by the sender should be successfully processed" classname="com.github.traderjoe95.mls.protocol.tree.TreeKem" time="0.005"/>
  <testcase name="the update path should be parent-hash valid" classname="com.github.traderjoe95.mls.protocol.tree.TreeKem" time="0.0"/>
  <testcase name="the tree hash after merging the update path should be 02ef58e17727b825202131272411c4810ad9f7d2f25e664cb881b9ad0d19a9cbf850ff66d96b1edb7f0e2cd1504cb8313688dd73a8ce66478e45c1b9d490d5d5" classname="com.github.traderjoe95.mls.protocol.tree.TreeKem" time="0.001"/>
  <testcase name="the decrypted path secret should be 88050da7c8c19dafd0b61bae833c27038271159b560d994502c1a98aa892b6a9d52a206026a7350a3b1d7ad794dfc1d697499fffb5cc4144e68510e04cc9041d" classname="com.github.traderjoe95.mls.protocol.tree.TreeKem" time="0.003"/>
  <testcase name="a new update path generated by the sender should be successfully processed" classname="com.github.traderjoe95.mls.protocol.tree.TreeKem" time="0.004"/>
  <testcase name="the update path should be parent-hash valid" classname="com.github.traderjoe95.mls.protocol.tree.TreeKem" time="0.0"/>
  <testcase name="the tree hash after merging the update path should be 02ef58e17727b825202131272411c4810ad9f7d2f25e664cb881b9ad0d19a9cbf850ff66d96b1edb7f0e2cd1504cb8313688dd73a8ce66478e45c1b9d490d5d5" classname="com.github.traderjoe95.mls.protocol.tree.TreeKem" time="0.0"/>
  <testcase name="the decrypted path secret should be eda9f68b4b2b09f61086561c94cfc0fe6a7bd3d1cc8852a82a49a46448bbe311879b4cf18d1e26604b4194989da5412c698e6c561cba1b46c32bdc875f0dce1d" classname="com.github.traderjoe95.mls.protocol.tree.TreeKem" time="0.004"/>
  <testcase name="a new update path generated by the sender should be successfully processed" classname="com.github.traderjoe95.mls.protocol.tree.TreeKem" time="0.004"/>
  <testcase name="the update path should be parent-hash valid" classname="com.github.traderjoe95.mls.protocol.tree.TreeKem" time="0.0"/>
  <testcase name="the tree hash after merging the update path should be 02ef58e17727b825202131272411c4810ad9f7d2f25e664cb881b9ad0d19a9cbf850ff66d96b1edb7f0e2cd1504cb8313688dd73a8ce66478e45c1b9d490d5d5" classname="com.github.traderjoe95.mls.protocol.tree.TreeKem" time="0.0"/>
  <testcase name="the decrypted path secret should be eda9f68b4b2b09f61086561c94cfc0fe6a7bd3d1cc8852a82a49a46448bbe311879b4cf18d1e26604b4194989da5412c698e6c561cba1b46c32bdc875f0dce1d" classname="com.github.traderjoe95.mls.protocol.tree.TreeKem" time="0.004"/>
  <testcase name="a new update path generated by the sender should be successfully processed" classname="com.github.traderjoe95.mls.protocol.tree.TreeKem" time="0.004"/>
  <testcase name="the update path should be parent-hash valid" classname="com.github.traderjoe95.mls.protocol.tree.TreeKem" time="0.0"/>
  <testcase name="the tree hash after merging the update path should be 02ef58e17727b825202131272411c4810ad9f7d2f25e664cb881b9ad0d19a9cbf850ff66d96b1edb7f0e2cd1504cb8313688dd73a8ce66478e45c1b9d490d5d5" classname="com.github.traderjoe95.mls.protocol.tree.TreeKem" time="0.0"/>
  <testcase name="the decrypted path secret should be eda9f68b4b2b09f61086561c94cfc0fe6a7bd3d1cc8852a82a49a46448bbe311879b4cf18d1e26604b4194989da5412c698e6c561cba1b46c32bdc875f0dce1d" classname="com.github.traderjoe95.mls.protocol.tree.TreeKem" time="0.003"/>
  <testcase name="a new update path generated by the sender should be successfully processed" classname="com.github.traderjoe95.mls.protocol.tree.TreeKem" time="0.004"/>
  <testcase name="the update path should be parent-hash valid" classname="com.github.traderjoe95.mls.protocol.tree.TreeKem" time="0.0"/>
  <testcase name="the tree hash after merging the update path should be 02ef58e17727b825202131272411c4810ad9f7d2f25e664cb881b9ad0d19a9cbf850ff66d96b1edb7f0e2cd1504cb8313688dd73a8ce66478e45c1b9d490d5d5" classname="com.github.traderjoe95.mls.protocol.tree.TreeKem" time="0.0"/>
  <testcase name="the decrypted path secret should be eda9f68b4b2b09f61086561c94cfc0fe6a7bd3d1cc8852a82a49a46448bbe311879b4cf18d1e26604b4194989da5412c698e6c561cba1b46c32bdc875f0dce1d" classname="com.github.traderjoe95.mls.protocol.tree.TreeKem" time="0.003"/>
  <testcase name="a new update path generated by the sender should be successfully processed" classname="com.github.traderjoe95.mls.protocol.tree.TreeKem" time="0.004"/>
  <testcase name="the update path should be parent-hash valid" classname="com.github.traderjoe95.mls.protocol.tree.TreeKem" time="0.0"/>
  <testcase name="the tree hash after merging the update path should be b1e73fd3e7f3c117922adab6fe0ddc76824a6f02e273a1e43f087b515d7e9394cae889e68f6c7573e4766ab508e569b3d566a87297e3368037ac34b06708bc50" classname="com.github.traderjoe95.mls.protocol.tree.TreeKem" time="0.001"/>
  <testcase name="the decrypted path secret should be 68901064dd4a449beba51207c2997d305f6cc0d56e09837b4fec9fd5b146c690b54c8b022aa74ab6dfceb83298d3c5c1ce6fa646d7235a99c8b1d2045297cd0c" classname="com.github.traderjoe95.mls.protocol.tree.TreeKem" time="0.004"/>
  <testcase name="a new update path generated by the sender should be successfully processed" classname="com.github.traderjoe95.mls.protocol.tree.TreeKem" time="0.005"/>
  <testcase name="the update path should be parent-hash valid" classname="com.github.traderjoe95.mls.protocol.tree.TreeKem" time="0.0"/>
  <testcase name="the tree hash after merging the update path should be b1e73fd3e7f3c117922adab6fe0ddc76824a6f02e273a1e43f087b515d7e9394cae889e68f6c7573e4766ab508e569b3d566a87297e3368037ac34b06708bc50" classname="com.github.traderjoe95.mls.protocol.tree.TreeKem" time="0.0"/>
  <testcase name="the decrypted path secret should be 68901064dd4a449beba51207c2997d305f6cc0d56e09837b4fec9fd5b146c690b54c8b022aa74ab6dfceb83298d3c5c1ce6fa646d7235a99c8b1d2045297cd0c" classname="com.github.traderjoe95.mls.protocol.tree.TreeKem" time="0.004"/>
  <testcase name="a new update path generated by the sender should be successfully processed" classname="com.github.traderjoe95.mls.protocol.tree.TreeKem" time="0.004"/>
  <testcase name="the update path should be parent-hash valid" classname="com.github.traderjoe95.mls.protocol.tree.TreeKem" time="0.0"/>
  <testcase name="the tree hash after merging the update path should be b1e73fd3e7f3c117922adab6fe0ddc76824a6f02e273a1e43f087b515d7e9394cae889e68f6c7573e4766ab508e569b3d566a87297e3368037ac34b06708bc50" classname="com.github.traderjoe95.mls.protocol.tree.TreeKem" time="0.0"/>
  <testcase name="the decrypted path secret should be 68901064dd4a449beba51207c2997d305f6cc0d56e09837b4fec9fd5b146c690b54c8b022aa74ab6dfceb83298d3c5c1ce6fa646d7235a99c8b1d2045297cd0c" classname="com.github.traderjoe95.mls.protocol.tree.TreeKem" time="0.004"/>
  <testcase name="a new update path generated by the sender should be successfully processed" classname="com.github.traderjoe95.mls.protocol.tree.TreeKem" time="0.004"/>
  <testcase name="the update path should be parent-hash valid" classname="com.github.traderjoe95.mls.protocol.tree.TreeKem" time="0.0"/>
  <testcase name="the tree hash after merging the update path should be b1e73fd3e7f3c117922adab6fe0ddc76824a6f02e273a1e43f087b515d7e9394cae889e68f6c7573e4766ab508e569b3d566a87297e3368037ac34b06708bc50" classname="com.github.traderjoe95.mls.protocol.tree.TreeKem" time="0.001"/>
  <testcase name="the decrypted path secret should be 27f8266daa6677667522a95cc3359b19dbbeab1fcaaa4c9fbb42317c7ab89752d23fd3bce5afc77050b1f9c958fd29d4ed8a2d74cfe5f6872c99d72ce91586c1" classname="com.github.traderjoe95.mls.protocol.tree.TreeKem" time="0.004"/>
  <testcase name="a new update path generated by the sender should be successfully processed" classname="com.github.traderjoe95.mls.protocol.tree.TreeKem" time="0.004"/>
  <testcase name="the update path should be parent-hash valid" classname="com.github.traderjoe95.mls.protocol.tree.TreeKem" time="0.0"/>
  <testcase name="the tree hash after merging the update path should be b1e73fd3e7f3c117922adab6fe0ddc76824a6f02e273a1e43f087b515d7e9394cae889e68f6c7573e4766ab508e569b3d566a87297e3368037ac34b06708bc50" classname="com.github.traderjoe95.mls.protocol.tree.TreeKem" time="0.0"/>
  <testcase name="the decrypted path secret should be 12d3a6e27d75c029abf8e4fc3b2f646ea416de72693db88f7d505d73453db1c4936c076c14834498d3a6541fd3ddac36b95c36dbff0706ff5a87e8cf657f5149" classname="com.github.traderjoe95.mls.protocol.tree.TreeKem" time="0.006"/>
  <testcase name="a new update path generated by the sender should be successfully processed" classname="com.github.traderjoe95.mls.protocol.tree.TreeKem" time="0.005"/>
  <testcase name="the update path should be parent-hash valid" classname="com.github.traderjoe95.mls.protocol.tree.TreeKem" time="0.001"/>
  <testcase name="the tree hash after merging the update path should be b1e73fd3e7f3c117922adab6fe0ddc76824a6f02e273a1e43f087b515d7e9394cae889e68f6c7573e4766ab508e569b3d566a87297e3368037ac34b06708bc50" classname="com.github.traderjoe95.mls.protocol.tree.TreeKem" time="0.001"/>
  <testcase name="the decrypted path secret should be 12d3a6e27d75c029abf8e4fc3b2f646ea416de72693db88f7d505d73453db1c4936c076c14834498d3a6541fd3ddac36b95c36dbff0706ff5a87e8cf657f5149" classname="com.github.traderjoe95.mls.protocol.tree.TreeKem" time="0.006"/>
  <testcase name="a new update path generated by the sender should be successfully processed" classname="com.github.traderjoe95.mls.protocol.tree.TreeKem" time="0.007"/>
  <testcase name="the update path should be parent-hash valid" classname="com.github.traderjoe95.mls.protocol.tree.TreeKem" time="0.001"/>
  <testcase name="the tree hash after merging the update path should be 5708ba52f146dd87d0c71fa6762c1f5eb89af6a26683c582a8669a8184ea8a0368a94d21a1630e23478c534362bd138941da8d1756439e18bb086ed2cfd393d6" classname="com.github.traderjoe95.mls.protocol.tree.TreeKem" time="0.001"/>
  <testcase name="the decrypted path secret should be 0bc5c42c156806f0a821515b9c1ff203070eb591a1a7f846ca443ac93f2468974e50069b3f1d7791143caf037a58d798a35d516d91f826de570edadeca24ec3b" classname="com.github.traderjoe95.mls.protocol.tree.TreeKem" time="0.007"/>
  <testcase name="a new update path generated by the sender should be successfully processed" classname="com.github.traderjoe95.mls.protocol.tree.TreeKem" time="0.007"/>
  <testcase name="the update path should be parent-hash valid" classname="com.github.traderjoe95.mls.protocol.tree.TreeKem" time="0.001"/>
  <testcase name="the tree hash after merging the update path should be 5708ba52f146dd87d0c71fa6762c1f5eb89af6a26683c582a8669a8184ea8a0368a94d21a1630e23478c534362bd138941da8d1756439e18bb086ed2cfd393d6" classname="com.github.traderjoe95.mls.protocol.tree.TreeKem" time="0.001"/>
  <testcase name="the decrypted path secret should be 0bc5c42c156806f0a821515b9c1ff203070eb591a1a7f846ca443ac93f2468974e50069b3f1d7791143caf037a58d798a35d516d91f826de570edadeca24ec3b" classname="com.github.traderjoe95.mls.protocol.tree.TreeKem" time="0.007"/>
  <testcase name="a new update path generated by the sender should be successfully processed" classname="com.github.traderjoe95.mls.protocol.tree.TreeKem" time="0.005"/>
  <testcase name="the update path should be parent-hash valid" classname="com.github.traderjoe95.mls.protocol.tree.TreeKem" time="0.001"/>
  <testcase name="the tree hash after merging the update path should be 5708ba52f146dd87d0c71fa6762c1f5eb89af6a26683c582a8669a8184ea8a0368a94d21a1630e23478c534362bd138941da8d1756439e18bb086ed2cfd393d6" classname="com.github.traderjoe95.mls.protocol.tree.TreeKem" time="0.0"/>
  <testcase name="the decrypted path secret should be 0bc5c42c156806f0a821515b9c1ff203070eb591a1a7f846ca443ac93f2468974e50069b3f1d7791143caf037a58d798a35d516d91f826de570edadeca24ec3b" classname="com.github.traderjoe95.mls.protocol.tree.TreeKem" time="0.004"/>
  <testcase name="a new update path generated by the sender should be successfully processed" classname="com.github.traderjoe95.mls.protocol.tree.TreeKem" time="0.006"/>
  <testcase name="the update path should be parent-hash valid" classname="com.github.traderjoe95.mls.protocol.tree.TreeKem" time="0.0"/>
  <testcase name="the tree hash after merging the update path should be 5708ba52f146dd87d0c71fa6762c1f5eb89af6a26683c582a8669a8184ea8a0368a94d21a1630e23478c534362bd138941da8d1756439e18bb086ed2cfd393d6" classname="com.github.traderjoe95.mls.protocol.tree.TreeKem" time="0.001"/>
  <testcase name="the decrypted path secret should be ade9ca50879b48b5cecbadc3b8c690ae0bb2ddd0b7a14dc38cc2dc5029c57a2dcdcb7f80746d0cc996a7237dc52f0fe00c09bd6a284b8c481b21ad434a2eda22" classname="com.github.traderjoe95.mls.protocol.tree.TreeKem" time="0.004"/>
  <testcase name="a new update path generated by the sender should be successfully processed" classname="com.github.traderjoe95.mls.protocol.tree.TreeKem" time="0.004"/>
  <testcase name="the update path should be parent-hash valid" classname="com.github.traderjoe95.mls.protocol.tree.TreeKem" time="0.0"/>
  <testcase name="the tree hash after merging the update path should be 5708ba52f146dd87d0c71fa6762c1f5eb89af6a26683c582a8669a8184ea8a0368a94d21a1630e23478c534362bd138941da8d1756439e18bb086ed2cfd393d6" classname="com.github.traderjoe95.mls.protocol.tree.TreeKem" time="0.0"/>
  <testcase name="the decrypted path secret should be 4e683af06ba650d2d2f413a9e9874a9f322788cb480af71f01c2bf28fd7ff7f5e513ee054ab793a0dbe6abe532aa3946ced8a884cb3b45a59d608f7541dd308f" classname="com.github.traderjoe95.mls.protocol.tree.TreeKem" time="0.004"/>
  <testcase name="a new update path generated by the sender should be successfully processed" classname="com.github.traderjoe95.mls.protocol.tree.TreeKem" time="0.005"/>
  <testcase name="the update path should be parent-hash valid" classname="com.github.traderjoe95.mls.protocol.tree.TreeKem" time="0.001"/>
  <testcase name="the tree hash after merging the update path should be 5708ba52f146dd87d0c71fa6762c1f5eb89af6a26683c582a8669a8184ea8a0368a94d21a1630e23478c534362bd138941da8d1756439e18bb086ed2cfd393d6" classname="com.github.traderjoe95.mls.protocol.tree.TreeKem" time="0.001"/>
  <testcase name="the decrypted path secret should be 4e683af06ba650d2d2f413a9e9874a9f322788cb480af71f01c2bf28fd7ff7f5e513ee054ab793a0dbe6abe532aa3946ced8a884cb3b45a59d608f7541dd308f" classname="com.github.traderjoe95.mls.protocol.tree.TreeKem" time="0.004"/>
  <testcase name="a new update path generated by the sender should be successfully processed" classname="com.github.traderjoe95.mls.protocol.tree.TreeKem" time="0.007"/>
  <testcase name="the update path should be parent-hash valid" classname="com.github.traderjoe95.mls.protocol.tree.TreeKem" time="0.001"/>
  <testcase name="the tree hash after merging the update path should be f8edfb80e2ea9eead192488b5734c8a2fd4e72b82ea888640985f6cb141449a17a561437f4f3fa006edf0d7421646e2ad94a871ca160fc8229932f7300f24bf6" classname="com.github.traderjoe95.mls.protocol.tree.TreeKem" time="0.001"/>
  <testcase name="the decrypted path secret should be 7831b36345b0758a6e7a160d4c7f3ce8ea59274cd116027df95eb4a1a28b49306ba637423ca87660ffabcb2e208f3beccb20d3c80893c65b54758e553f0acd5d" classname="com.github.traderjoe95.mls.protocol.tree.TreeKem" time="0.007"/>
  <testcase name="a new update path generated by the sender should be successfully processed" classname="com.github.traderjoe95.mls.protocol.tree.TreeKem" time="0.007"/>
  <testcase name="the update path should be parent-hash valid" classname="com.github.traderjoe95.mls.protocol.tree.TreeKem" time="0.0"/>
  <testcase name="the tree hash after merging the update path should be f8edfb80e2ea9eead192488b5734c8a2fd4e72b82ea888640985f6cb141449a17a561437f4f3fa006edf0d7421646e2ad94a871ca160fc8229932f7300f24bf6" classname="com.github.traderjoe95.mls.protocol.tree.TreeKem" time="0.0"/>
  <testcase name="the decrypted path secret should be 7831b36345b0758a6e7a160d4c7f3ce8ea59274cd116027df95eb4a1a28b49306ba637423ca87660ffabcb2e208f3beccb20d3c80893c65b54758e553f0acd5d" classname="com.github.traderjoe95.mls.protocol.tree.TreeKem" time="0.005"/>
  <testcase name="a new update path generated by the sender should be successfully processed" classname="com.github.traderjoe95.mls.protocol.tree.TreeKem" time="0.004"/>
  <testcase name="the update path should be parent-hash valid" classname="com.github.traderjoe95.mls.protocol.tree.TreeKem" time="0.0"/>
  <testcase name="the tree hash after merging the update path should be f8edfb80e2ea9eead192488b5734c8a2fd4e72b82ea888640985f6cb141449a17a561437f4f3fa006edf0d7421646e2ad94a871ca160fc8229932f7300f24bf6" classname="com.github.traderjoe95.mls.protocol.tree.TreeKem" time="0.001"/>
  <testcase name="the decrypted path secret should be 7831b36345b0758a6e7a160d4c7f3ce8ea59274cd116027df95eb4a1a28b49306ba637423ca87660ffabcb2e208f3beccb20d3c80893c65b54758e553f0acd5d" classname="com.github.traderjoe95.mls.protocol.tree.TreeKem" time="0.005"/>
  <testcase name="a new update path generated by the sender should be successfully processed" classname="com.github.traderjoe95.mls.protocol.tree.TreeKem" time="0.004"/>
  <testcase name="the update path should be parent-hash valid" classname="com.github.traderjoe95.mls.protocol.tree.TreeKem" time="0.0"/>
  <testcase name="the tree hash after merging the update path should be f8edfb80e2ea9eead192488b5734c8a2fd4e72b82ea888640985f6cb141449a17a561437f4f3fa006edf0d7421646e2ad94a871ca160fc8229932f7300f24bf6" classname="com.github.traderjoe95.mls.protocol.tree.TreeKem" time="0.0"/>
  <testcase name="the decrypted path secret should be 1c7a5b1bffa088c43eefb619656935b9ecfc5e97a6a33839d6f818b8502de3528e9ac07cb8437a54ffeab150786e0881350ff5542c3dd73478ca10e6f818c23f" classname="com.github.traderjoe95.mls.protocol.tree.TreeKem" time="0.004"/>
  <testcase name="a new update path generated by the sender should be successfully processed" classname="com.github.traderjoe95.mls.protocol.tree.TreeKem" time="0.005"/>
  <testcase name="the update path should be parent-hash valid" classname="com.github.traderjoe95.mls.protocol.tree.TreeKem" time="0.0"/>
  <testcase name="the tree hash after merging the update path should be f8edfb80e2ea9eead192488b5734c8a2fd4e72b82ea888640985f6cb141449a17a561437f4f3fa006edf0d7421646e2ad94a871ca160fc8229932f7300f24bf6" classname="com.github.traderjoe95.mls.protocol.tree.TreeKem" time="0.0"/>
  <testcase name="the decrypted path secret should be 1c7a5b1bffa088c43eefb619656935b9ecfc5e97a6a33839d6f818b8502de3528e9ac07cb8437a54ffeab150786e0881350ff5542c3dd73478ca10e6f818c23f" classname="com.github.traderjoe95.mls.protocol.tree.TreeKem" time="0.004"/>
  <testcase name="a new update path generated by the sender should be successfully processed" classname="com.github.traderjoe95.mls.protocol.tree.TreeKem" time="0.005"/>
  <testcase name="the update path should be parent-hash valid" classname="com.github.traderjoe95.mls.protocol.tree.TreeKem" time="0.0"/>
  <testcase name="the tree hash after merging the update path should be f8edfb80e2ea9eead192488b5734c8a2fd4e72b82ea888640985f6cb141449a17a561437f4f3fa006edf0d7421646e2ad94a871ca160fc8229932f7300f24bf6" classname="com.github.traderjoe95.mls.protocol.tree.TreeKem" time="0.001"/>
  <testcase name="the decrypted path secret should be 75ee0ec8fbd858aaa0194f81c4ae3648db439b4ce9cde2514c1e3591f693eca999dde8c25256846eb60a3c2284d7564fbc4e8e0bcb6bf44a6639bc732a7e66e7" classname="com.github.traderjoe95.mls.protocol.tree.TreeKem" time="0.004"/>
  <testcase name="a new update path generated by the sender should be successfully processed" classname="com.github.traderjoe95.mls.protocol.tree.TreeKem" time="0.005"/>
  <testcase name="the update path should be parent-hash valid" classname="com.github.traderjoe95.mls.protocol.tree.TreeKem" time="0.0"/>
  <testcase name="the tree hash after merging the update path should be 93e5d5bfc2031a30010ccbe7fcc15648408adeca4d41c16d6901f4142ecb8c8371faf4c7846b5f52a1361e470c03c3ae0f13eebf624872ff0891957aab810d59" classname="com.github.traderjoe95.mls.protocol.tree.TreeKem" time="0.0"/>
  <testcase name="the decrypted path secret should be 6ff8a19df770d4111143b0d096b7d09de80adbd869801e7703f5113f4f34fe66592e98486b9da3f6dd5c74284dad3b10f2928bd7ae95377cf25c3b2ac36a8e0e" classname="com.github.traderjoe95.mls.protocol.tree.TreeKem" time="0.004"/>
  <testcase name="a new update path generated by the sender should be successfully processed" classname="com.github.traderjoe95.mls.protocol.tree.TreeKem" time="0.005"/>
  <testcase name="the update path should be parent-hash valid" classname="com.github.traderjoe95.mls.protocol.tree.TreeKem" time="0.0"/>
  <testcase name="the tree hash after merging the update path should be 93e5d5bfc2031a30010ccbe7fcc15648408adeca4d41c16d6901f4142ecb8c8371faf4c7846b5f52a1361e470c03c3ae0f13eebf624872ff0891957aab810d59" classname="com.github.traderjoe95.mls.protocol.tree.TreeKem" time="0.0"/>
  <testcase name="the decrypted path secret should be 6ff8a19df770d4111143b0d096b7d09de80adbd869801e7703f5113f4f34fe66592e98486b9da3f6dd5c74284dad3b10f2928bd7ae95377cf25c3b2ac36a8e0e" classname="com.github.traderjoe95.mls.protocol.tree.TreeKem" time="0.004"/>
  <testcase name="a new update path generated by the sender should be successfully processed" classname="com.github.traderjoe95.mls.protocol.tree.TreeKem" time="0.005"/>
  <testcase name="the update path should be parent-hash valid" classname="com.github.traderjoe95.mls.protocol.tree.TreeKem" time="0.001"/>
  <testcase name="the tree hash after merging the update path should be 93e5d5bfc2031a30010ccbe7fcc15648408adeca4d41c16d6901f4142ecb8c8371faf4c7846b5f52a1361e470c03c3ae0f13eebf624872ff0891957aab810d59" classname="com.github.traderjoe95.mls.protocol.tree.TreeKem" time="0.001"/>
  <testcase name="the decrypted path secret should be 6ff8a19df770d4111143b0d096b7d09de80adbd869801e7703f5113f4f34fe66592e98486b9da3f6dd5c74284dad3b10f2928bd7ae95377cf25c3b2ac36a8e0e" classname="com.github.traderjoe95.mls.protocol.tree.TreeKem" time="0.004"/>
  <testcase name="a new update path generated by the sender should be successfully processed" classname="com.github.traderjoe95.mls.protocol.tree.TreeKem" time="0.005"/>
  <testcase name="the update path should be parent-hash valid" classname="com.github.traderjoe95.mls.protocol.tree.TreeKem" time="0.0"/>
  <testcase name="the tree hash after merging the update path should be 93e5d5bfc2031a30010ccbe7fcc15648408adeca4d41c16d6901f4142ecb8c8371faf4c7846b5f52a1361e470c03c3ae0f13eebf624872ff0891957aab810d59" classname="com.github.traderjoe95.mls.protocol.tree.TreeKem" time="0.001"/>
  <testcase name="the decrypted path secret should be aee66270cf4d3a5f5f13de73ef21e410808dde8d71568fe1b5aa53177f19600e65e0559ab10152c873dc38bf6e0736c8b3a4e4b81eee5e8cc6e05ba3e5608e28" classname="com.github.traderjoe95.mls.protocol.tree.TreeKem" time="0.004"/>
  <testcase name="a new update path generated by the sender should be successfully processed" classname="com.github.traderjoe95.mls.protocol.tree.TreeKem" time="0.004"/>
  <testcase name="the update path should be parent-hash valid" classname="com.github.traderjoe95.mls.protocol.tree.TreeKem" time="0.0"/>
  <testcase name="the tree hash after merging the update path should be 93e5d5bfc2031a30010ccbe7fcc15648408adeca4d41c16d6901f4142ecb8c8371faf4c7846b5f52a1361e470c03c3ae0f13eebf624872ff0891957aab810d59" classname="com.github.traderjoe95.mls.protocol.tree.TreeKem" time="0.0"/>
  <testcase name="the decrypted path secret should be aee66270cf4d3a5f5f13de73ef21e410808dde8d71568fe1b5aa53177f19600e65e0559ab10152c873dc38bf6e0736c8b3a4e4b81eee5e8cc6e05ba3e5608e28" classname="com.github.traderjoe95.mls.protocol.tree.TreeKem" time="0.004"/>
  <testcase name="a new update path generated by the sender should be successfully processed" classname="com.github.traderjoe95.mls.protocol.tree.TreeKem" time="0.004"/>
  <testcase name="the update path should be parent-hash valid" classname="com.github.traderjoe95.mls.protocol.tree.TreeKem" time="0.0"/>
  <testcase name="the tree hash after merging the update path should be 93e5d5bfc2031a30010ccbe7fcc15648408adeca4d41c16d6901f4142ecb8c8371faf4c7846b5f52a1361e470c03c3ae0f13eebf624872ff0891957aab810d59" classname="com.github.traderjoe95.mls.protocol.tree.TreeKem" time="0.0"/>
  <testcase name="the decrypted path secret should be c2f800375e4a4e3de30ac100b42177575991a57591b4a7066bc2889a394d387a29701a4df106c08943c5fe6dce4e5fec52740f2dd4290f4d963b1c766128dd47" classname="com.github.traderjoe95.mls.protocol.tree.TreeKem" time="0.004"/>
  <testcase name="a new update path generated by the sender should be successfully processed" classname="com.github.traderjoe95.mls.protocol.tree.TreeKem" time="0.005"/>
  <testcase name="non-blank leaf 0 should be consistent with the public state" classname="com.github.traderjoe95.mls.protocol.tree.TreeKem" time="0.006"/>
  <testcase name="non-blank leaf 4 should be consistent with the public state" classname="com.github.traderjoe95.mls.protocol.tree.TreeKem" time="0.012"/>
  <testcase name="non-blank leaf 5 should be consistent with the public state" classname="com.github.traderjoe95.mls.protocol.tree.TreeKem" time="0.012"/>
  <testcase name="non-blank leaf 6 should be consistent with the public state" classname="com.github.traderjoe95.mls.protocol.tree.TreeKem" time="0.012"/>
  <testcase name="non-blank leaf 7 should be consistent with the public state" classname="com.github.traderjoe95.mls.protocol.tree.TreeKem" time="0.017"/>
  <testcase name="the update path should be parent-hash valid" classname="com.github.traderjoe95.mls.protocol.tree.TreeKem" time="0.0"/>
  <testcase name="the tree hash after merging the update path should be cc03e8de189c08abfaec5d88140c2e63401b743fe5f994f9104b6aa7066301631164ab80f6158ffe89ee808abf7e67d87510dbd3f24b45f739f27c48c280a175" classname="com.github.traderjoe95.mls.protocol.tree.TreeKem" time="0.0"/>
  <testcase name="the decrypted path secret should be 2eb1ecc22ee05a7b146fe1846e2e3574e675518cedb8703293296ebe3f8a23ae317abcdf2aa07dfd9bfb11cc06c879e17ffdbf69050e4f86e6debc87676dc5da" classname="com.github.traderjoe95.mls.protocol.tree.TreeKem" time="0.004"/>
  <testcase name="a new update path generated by the sender should be successfully processed" classname="com.github.traderjoe95.mls.protocol.tree.TreeKem" time="0.004"/>
  <testcase name="the update path should be parent-hash valid" classname="com.github.traderjoe95.mls.protocol.tree.TreeKem" time="0.0"/>
  <testcase name="the tree hash after merging the update path should be cc03e8de189c08abfaec5d88140c2e63401b743fe5f994f9104b6aa7066301631164ab80f6158ffe89ee808abf7e67d87510dbd3f24b45f739f27c48c280a175" classname="com.github.traderjoe95.mls.protocol.tree.TreeKem" time="0.0"/>
  <testcase name="the decrypted path secret should be 2eb1ecc22ee05a7b146fe1846e2e3574e675518cedb8703293296ebe3f8a23ae317abcdf2aa07dfd9bfb11cc06c879e17ffdbf69050e4f86e6debc87676dc5da" classname="com.github.traderjoe95.mls.protocol.tree.TreeKem" time="0.004"/>
  <testcase name="a new update path generated by the sender should be successfully processed" classname="com.github.traderjoe95.mls.protocol.tree.TreeKem" time="0.005"/>
  <testcase name="the update path should be parent-hash valid" classname="com.github.traderjoe95.mls.protocol.tree.TreeKem" time="0.001"/>
  <testcase name="the tree hash after merging the update path should be cc03e8de189c08abfaec5d88140c2e63401b743fe5f994f9104b6aa7066301631164ab80f6158ffe89ee808abf7e67d87510dbd3f24b45f739f27c48c280a175" classname="com.github.traderjoe95.mls.protocol.tree.TreeKem" time="0.001"/>
  <testcase name="the decrypted path secret should be 2eb1ecc22ee05a7b146fe1846e2e3574e675518cedb8703293296ebe3f8a23ae317abcdf2aa07dfd9bfb11cc06c879e17ffdbf69050e4f86e6debc87676dc5da" classname="com.github.traderjoe95.mls.protocol.tree.TreeKem" time="0.004"/>
  <testcase name="a new update path generated by the sender should be successfully processed" classname="com.github.traderjoe95.mls.protocol.tree.TreeKem" time="0.004"/>
  <testcase name="the update path should be parent-hash valid" classname="com.github.traderjoe95.mls.protocol.tree.TreeKem" time="0.0"/>
  <testcase name="the tree hash after merging the update path should be cc03e8de189c08abfaec5d88140c2e63401b743fe5f994f9104b6aa7066301631164ab80f6158ffe89ee808abf7e67d87510dbd3f24b45f739f27c48c280a175" classname="com.github.traderjoe95.mls.protocol.tree.TreeKem" time="0.0"/>
  <testcase name="the decrypted path secret should be 2eb1ecc22ee05a7b146fe1846e2e3574e675518cedb8703293296ebe3f8a23ae317abcdf2aa07dfd9bfb11cc06c879e17ffdbf69050e4f86e6debc87676dc5da" classname="com.github.traderjoe95.mls.protocol.tree.TreeKem" time="0.004"/>
  <testcase name="a new update path generated by the sender should be successfully processed" classname="com.github.traderjoe95.mls.protocol.tree.TreeKem" time="0.004"/>
  <testcase name="the update path should be parent-hash valid" classname="com.github.traderjoe95.mls.protocol.tree.TreeKem" time="0.0"/>
  <testcase name="the tree hash after merging the update path should be 3ce147ea3428ba0f6a63d83ce3b778ff7ca165b41ddf9773842bb8b1dea5e71b21f80a19200af398784d2a3498f164b9e12f609549b24199eacfae28b2d6a0be" classname="com.github.traderjoe95.mls.protocol.tree.TreeKem" time="0.0"/>
  <testcase name="the decrypted path secret should be 8400f10fec30dc7ddec2b5a729a96637a205a29aa67fbb8530032a7d138d173accdd1e96c2eda8a0fe8122370f57c975650326ffa00f2ce091e41232c486bde8" classname="com.github.traderjoe95.mls.protocol.tree.TreeKem" time="0.004"/>
  <testcase name="a new update path generated by the sender should be successfully processed" classname="com.github.traderjoe95.mls.protocol.tree.TreeKem" time="0.004"/>
  <testcase name="the update path should be parent-hash valid" classname="com.github.traderjoe95.mls.protocol.tree.TreeKem" time="0.0"/>
  <testcase name="the tree hash after merging the update path should be 3ce147ea3428ba0f6a63d83ce3b778ff7ca165b41ddf9773842bb8b1dea5e71b21f80a19200af398784d2a3498f164b9e12f609549b24199eacfae28b2d6a0be" classname="com.github.traderjoe95.mls.protocol.tree.TreeKem" time="0.0"/>
  <testcase name="the decrypted path secret should be 8c24803a738badad2335acbe38d8b0f2f36343370b7856aafef9725dbe18a836bf09aa86ab2e7d57580d2b18e0225db4f7cb8d1aa7277701d5aa6104088175b0" classname="com.github.traderjoe95.mls.protocol.tree.TreeKem" time="0.003"/>
  <testcase name="a new update path generated by the sender should be successfully processed" classname="com.github.traderjoe95.mls.protocol.tree.TreeKem" time="0.004"/>
  <testcase name="the update path should be parent-hash valid" classname="com.github.traderjoe95.mls.protocol.tree.TreeKem" time="0.001"/>
  <testcase name="the tree hash after merging the update path should be 3ce147ea3428ba0f6a63d83ce3b778ff7ca165b41ddf9773842bb8b1dea5e71b21f80a19200af398784d2a3498f164b9e12f609549b24199eacfae28b2d6a0be" classname="com.github.traderjoe95.mls.protocol.tree.TreeKem" time="0.001"/>
  <testcase name="the decrypted path secret should be 9e4a9c2cdf04725824687e0c7643c5214eeb5245261b9800f4eea52be4553075f1dd51e0978c2c4d0ec819008f546e78f7ad03abd69bb4160bd3c15fb8e24c73" classname="com.github.traderjoe95.mls.protocol.tree.TreeKem" time="0.004"/>
  <testcase name="a new update path generated by the sender should be successfully processed" classname="com.github.traderjoe95.mls.protocol.tree.TreeKem" time="0.004"/>
  <testcase name="the update path should be parent-hash valid" classname="com.github.traderjoe95.mls.protocol.tree.TreeKem" time="0.0"/>
  <testcase name="the tree hash after merging the update path should be 3ce147ea3428ba0f6a63d83ce3b778ff7ca165b41ddf9773842bb8b1dea5e71b21f80a19200af398784d2a3498f164b9e12f609549b24199eacfae28b2d6a0be" classname="com.github.traderjoe95.mls.protocol.tree.TreeKem" time="0.001"/>
  <testcase name="the decrypted path secret should be 9e4a9c2cdf04725824687e0c7643c5214eeb5245261b9800f4eea52be4553075f1dd51e0978c2c4d0ec819008f546e78f7ad03abd69bb4160bd3c15fb8e24c73" classname="com.github.traderjoe95.mls.protocol.tree.TreeKem" time="0.004"/>
  <testcase name="a new update path generated by the sender should be successfully processed" classname="com.github.traderjoe95.mls.protocol.tree.TreeKem" time="0.004"/>
  <testcase name="the update path should be parent-hash valid" classname="com.github.traderjoe95.mls.protocol.tree.TreeKem" time="0.0"/>
  <testcase name="the tree hash after merging the update path should be 00b0813cac87156a79780c386e4153c91316fb0fba3d2de30c2812de071be05f144a8873361ae305d5e66aea566a8ce56b0bed87326b528036010431737fc01c" classname="com.github.traderjoe95.mls.protocol.tree.TreeKem" time="0.0"/>
  <testcase name="the decrypted path secret should be 59069737735bffc86c3a93dd9fba0e76c94a44edb3ab75e27ae98987d56cf5f296b6abe8cc39e65e906a1bf25459fc64ce45cc933f33f70cee859a016cbf5ed8" classname="com.github.traderjoe95.mls.protocol.tree.TreeKem" time="0.004"/>
  <testcase name="a new update path generated by the sender should be successfully processed" classname="com.github.traderjoe95.mls.protocol.tree.TreeKem" time="0.004"/>
  <testcase name="the update path should be parent-hash valid" classname="com.github.traderjoe95.mls.protocol.tree.TreeKem" time="0.0"/>
  <testcase name="the tree hash after merging the update path should be 00b0813cac87156a79780c386e4153c91316fb0fba3d2de30c2812de071be05f144a8873361ae305d5e66aea566a8ce56b0bed87326b528036010431737fc01c" classname="com.github.traderjoe95.mls.protocol.tree.TreeKem" time="0.0"/>
  <testcase name="the decrypted path secret should be dae9500be2c061e87a36348bc2e33b4eea30ad61f891c9c540c48fcb51f0996920cb828b600e4e6f2120fdaab1610ec699896b8beafb01307bf5ca0df75145c5" classname="com.github.traderjoe95.mls.protocol.tree.TreeKem" time="0.003"/>
  <testcase name="a new update path generated by the sender should be successfully processed" classname="com.github.traderjoe95.mls.protocol.tree.TreeKem" time="0.004"/>
  <testcase name="the update path should be parent-hash valid" classname="com.github.traderjoe95.mls.protocol.tree.TreeKem" time="0.0"/>
  <testcase name="the tree hash after merging the update path should be 00b0813cac87156a79780c386e4153c91316fb0fba3d2de30c2812de071be05f144a8873361ae305d5e66aea566a8ce56b0bed87326b528036010431737fc01c" classname="com.github.traderjoe95.mls.protocol.tree.TreeKem" time="0.0"/>
  <testcase name="the decrypted path secret should be 97865f48a7744635216159bcf8ac3b6e38289d0d329e4f439860b05db12e515aa8732e31e30408851dfea0411aa54a9c7c9511c32119d694f3524498d0b3213c" classname="com.github.traderjoe95.mls.protocol.tree.TreeKem" time="0.004"/>
  <testcase name="a new update path generated by the sender should be successfully processed" classname="com.github.traderjoe95.mls.protocol.tree.TreeKem" time="0.004"/>
  <testcase name="the update path should be parent-hash valid" classname="com.github.traderjoe95.mls.protocol.tree.TreeKem" time="0.0"/>
  <testcase name="the tree hash after merging the update path should be 00b0813cac87156a79780c386e4153c91316fb0fba3d2de30c2812de071be05f144a8873361ae305d5e66aea566a8ce56b0bed87326b528036010431737fc01c" classname="com.github.traderjoe95.mls.protocol.tree.TreeKem" time="0.0"/>
  <testcase name="the decrypted path secret should be 97865f48a7744635216159bcf8ac3b6e38289d0d329e4f439860b05db12e515aa8732e31e30408851dfea0411aa54a9c7c9511c32119d694f3524498d0b3213c" classname="com.github.traderjoe95.mls.protocol.tree.TreeKem" time="0.003"/>
  <testcase name="a new update path generated by the sender should be successfully processed" classname="com.github.traderjoe95.mls.protocol.tree.TreeKem" time="0.004"/>
  <testcase name="the update path should be parent-hash valid" classname="com.github.traderjoe95.mls.protocol.tree.TreeKem" time="0.0"/>
  <testcase name="the tree hash after merging the update path should be a2f3664950a74af7ed73a63c7b079d993fa0766ac6b13f0efdf88a583ebfa8b6043d1ad538fb721061c30598e6a433b95971a1b7732e6f4bb1d2922327f64f53" classname="com.github.traderjoe95.mls.protocol.tree.TreeKem" time="0.0"/>
  <testcase name="the decrypted path secret should be 99a3dd285e3fc36975d0e6b1cc21f2377ac4ea5ac369f3faeed0fbbd70e9057acbde14c8a3cd0c8a3e012e67bf34868f5eed9eda07127fd5b56bd2e105cd3d76" classname="com.github.traderjoe95.mls.protocol.tree.TreeKem" time="0.003"/>
  <testcase name="a new update path generated by the sender should be successfully processed" classname="com.github.traderjoe95.mls.protocol.tree.TreeKem" time="0.003"/>
  <testcase name="the update path should be parent-hash valid" classname="com.github.traderjoe95.mls.protocol.tree.TreeKem" time="0.0"/>
  <testcase name="the tree hash after merging the update path should be a2f3664950a74af7ed73a63c7b079d993fa0766ac6b13f0efdf88a583ebfa8b6043d1ad538fb721061c30598e6a433b95971a1b7732e6f4bb1d2922327f64f53" classname="com.github.traderjoe95.mls.protocol.tree.TreeKem" time="0.001"/>
  <testcase name="the decrypted path secret should be a2bd96bb2d4f5eeb643c12fe3937dc84a03b263661552b916c06e81e358169a63bf059c03047d7ee577b89d53fa69684e7a4ff36cfb0b72c008190623d7b78c2" classname="com.github.traderjoe95.mls.protocol.tree.TreeKem" time="0.004"/>
  <testcase name="a new update path generated by the sender should be successfully processed" classname="com.github.traderjoe95.mls.protocol.tree.TreeKem" time="0.004"/>
  <testcase name="the update path should be parent-hash valid" classname="com.github.traderjoe95.mls.protocol.tree.TreeKem" time="0.0"/>
  <testcase name="the tree hash after merging the update path should be a2f3664950a74af7ed73a63c7b079d993fa0766ac6b13f0efdf88a583ebfa8b6043d1ad538fb721061c30598e6a433b95971a1b7732e6f4bb1d2922327f64f53" classname="com.github.traderjoe95.mls.protocol.tree.TreeKem" time="0.0"/>
  <testcase name="the decrypted path secret should be a2bd96bb2d4f5eeb643c12fe3937dc84a03b263661552b916c06e81e358169a63bf059c03047d7ee577b89d53fa69684e7a4ff36cfb0b72c008190623d7b78c2" classname="com.github.traderjoe95.mls.protocol.tree.TreeKem" time="0.004"/>
  <testcase name="a new update path generated by the sender should be successfully processed" classname="com.github.traderjoe95.mls.protocol.tree.TreeKem" time="0.004"/>
  <testcase name="the update path should be parent-hash valid" classname="com.github.traderjoe95.mls.protocol.tree.TreeKem" time="0.0"/>
  <testcase name="the tree hash after merging the update path should be a2f3664950a74af7ed73a63c7b079d993fa0766ac6b13f0efdf88a583ebfa8b6043d1ad538fb721061c30598e6a433b95971a1b7732e6f4bb1d2922327f64f53" classname="com.github.traderjoe95.mls.protocol.tree.TreeKem" time="0.0"/>
  <testcase name="the decrypted path secret should be 90676449c144a099bbf1228e4b7351f03269ded1b47379b4052faa0401a8c3bad05923555b9abc10d78775165e7a3ad030e35b049b49881905eab4a22a47ea28" classname="com.github.traderjoe95.mls.protocol.tree.TreeKem" time="0.003"/>
  <testcase name="a new update path generated by the sender should be successfully processed" classname="com.github.traderjoe95.mls.protocol.tree.TreeKem" time="0.004"/>
  <testcase name="the update path should be parent-hash valid" classname="com.github.traderjoe95.mls.protocol.tree.TreeKem" time="0.0"/>
  <testcase name="the tree hash after merging the update path should be 1408cdd6568ce570fb37594e1b051361459196f0aa52759e289489f76cc2ea159e1cad9e4b46ef76eb1410d07e4f0b18d61b2d02dac15962961ad95a5d603f07" classname="com.github.traderjoe95.mls.protocol.tree.TreeKem" time="0.001"/>
  <testcase name="the decrypted path secret should be 3154a083e067271fa5e07a488ebc2617d2328f230a7ce9e906edb054d84705485d7d08b6db04ca36c898ee6a3a1d2f6af4f6a82585e5b56f1c16502d8f25eb5d" classname="com.github.traderjoe95.mls.protocol.tree.TreeKem" time="0.005"/>
  <testcase name="a new update path generated by the sender should be successfully processed" classname="com.github.traderjoe95.mls.protocol.tree.TreeKem" time="0.006"/>
  <testcase name="the update path should be parent-hash valid" classname="com.github.traderjoe95.mls.protocol.tree.TreeKem" time="0.0"/>
  <testcase name="the tree hash after merging the update path should be 1408cdd6568ce570fb37594e1b051361459196f0aa52759e289489f76cc2ea159e1cad9e4b46ef76eb1410d07e4f0b18d61b2d02dac15962961ad95a5d603f07" classname="com.github.traderjoe95.mls.protocol.tree.TreeKem" time="0.0"/>
  <testcase name="the decrypted path secret should be 8f12ea65d58847a1bcad6631896fe7f2a3b6ddbb8d9c36e3c51b250ab8d56a6210fea86a701db2e46afeddf0eeb84c2083e98e4b1357ade366c4f9bd48b7ecea" classname="com.github.traderjoe95.mls.protocol.tree.TreeKem" time="0.005"/>
  <testcase name="a new update path generated by the sender should be successfully processed" classname="com.github.traderjoe95.mls.protocol.tree.TreeKem" time="0.005"/>
  <testcase name="the update path should be parent-hash valid" classname="com.github.traderjoe95.mls.protocol.tree.TreeKem" time="0.0"/>
  <testcase name="the tree hash after merging the update path should be 1408cdd6568ce570fb37594e1b051361459196f0aa52759e289489f76cc2ea159e1cad9e4b46ef76eb1410d07e4f0b18d61b2d02dac15962961ad95a5d603f07" classname="com.github.traderjoe95.mls.protocol.tree.TreeKem" time="0.0"/>
  <testcase name="the decrypted path secret should be 8f12ea65d58847a1bcad6631896fe7f2a3b6ddbb8d9c36e3c51b250ab8d56a6210fea86a701db2e46afeddf0eeb84c2083e98e4b1357ade366c4f9bd48b7ecea" classname="com.github.traderjoe95.mls.protocol.tree.TreeKem" time="0.004"/>
  <testcase name="a new update path generated by the sender should be successfully processed" classname="com.github.traderjoe95.mls.protocol.tree.TreeKem" time="0.004"/>
  <testcase name="the update path should be parent-hash valid" classname="com.github.traderjoe95.mls.protocol.tree.TreeKem" time="0.0"/>
  <testcase name="the tree hash after merging the update path should be 1408cdd6568ce570fb37594e1b051361459196f0aa52759e289489f76cc2ea159e1cad9e4b46ef76eb1410d07e4f0b18d61b2d02dac15962961ad95a5d603f07" classname="com.github.traderjoe95.mls.protocol.tree.TreeKem" time="0.0"/>
  <testcase name="the decrypted path secret should be 72cc1f5e85e5e212716baf0df16396bb805251d730ca14733819e19f6f871ffdc9a8c4694c4069b5c9296d27e078da880ed3b9b1e191380c81ae27229d07f5e6" classname="com.github.traderjoe95.mls.protocol.tree.TreeKem" time="0.004"/>
  <testcase name="a new update path generated by the sender should be successfully processed" classname="com.github.traderjoe95.mls.protocol.tree.TreeKem" time="0.004"/>
  <testcase name="non-blank leaf 0 should be consistent with the public state" classname="com.github.traderjoe95.mls.protocol.tree.TreeKem" time="0.012"/>
  <testcase name="non-blank leaf 1 should be consistent with the public state" classname="com.github.traderjoe95.mls.protocol.tree.TreeKem" time="0.014"/>
  <testcase name="non-blank leaf 2 should be consistent with the public state" classname="com.github.traderjoe95.mls.protocol.tree.TreeKem" time="0.011"/>
  <testcase name="non-blank leaf 3 should be consistent with the public state" classname="com.github.traderjoe95.mls.protocol.tree.TreeKem" time="0.012"/>
  <testcase name="non-blank leaf 4 should be consistent with the public state" classname="com.github.traderjoe95.mls.protocol.tree.TreeKem" time="0.011"/>
  <testcase name="non-blank leaf 5 should be consistent with the public state" classname="com.github.traderjoe95.mls.protocol.tree.TreeKem" time="0.011"/>
  <testcase name="non-blank leaf 6 should be consistent with the public state" classname="com.github.traderjoe95.mls.protocol.tree.TreeKem" time="0.008"/>
  <testcase name="non-blank leaf 7 should be consistent with the public state" classname="com.github.traderjoe95.mls.protocol.tree.TreeKem" time="0.002"/>
  <testcase name="the update path should be parent-hash valid" classname="com.github.traderjoe95.mls.protocol.tree.TreeKem" time="0.0"/>
  <testcase name="the tree hash after merging the update path should be 3436a5c11e884dbe72adb49e111bbf4ff90b95b6d0b7f4bbfb67ed127e9b9edd55dc5b9c0ebe2faa939addc50a0e1a83bc37e37e78acde60411b0c91d470b19a" classname="com.github.traderjoe95.mls.protocol.tree.TreeKem" time="0.0"/>
  <testcase name="the decrypted path secret should be 2f835cf48604c043fe7432fc754c9a387b659a8403ca8c0c67faa69d7d5eb12153029e21b4ec42c9805a96e099bce50c22a5e6438e272de49206ff1024ea4d02" classname="com.github.traderjoe95.mls.protocol.tree.TreeKem" time="0.003"/>
  <testcase name="a new update path generated by the sender should be successfully processed" classname="com.github.traderjoe95.mls.protocol.tree.TreeKem" time="0.004"/>
  <testcase name="the update path should be parent-hash valid" classname="com.github.traderjoe95.mls.protocol.tree.TreeKem" time="0.0"/>
  <testcase name="the tree hash after merging the update path should be 3436a5c11e884dbe72adb49e111bbf4ff90b95b6d0b7f4bbfb67ed127e9b9edd55dc5b9c0ebe2faa939addc50a0e1a83bc37e37e78acde60411b0c91d470b19a" classname="com.github.traderjoe95.mls.protocol.tree.TreeKem" time="0.0"/>
  <testcase name="the decrypted path secret should be fd1b99e101c8a506c07bf037835331af19b785a3aa69d6e1c9ad08561aa121ffcd9998e631e800345b9d0a4b552f0ca8dd1a309b3977e88e40810ac6c5c8da96" classname="com.github.traderjoe95.mls.protocol.tree.TreeKem" time="0.003"/>
  <testcase name="a new update path generated by the sender should be successfully processed" classname="com.github.traderjoe95.mls.protocol.tree.TreeKem" time="0.008"/>
  <testcase name="the update path should be parent-hash valid" classname="com.github.traderjoe95.mls.protocol.tree.TreeKem" time="0.0"/>
  <testcase name="the tree hash after merging the update path should be 3436a5c11e884dbe72adb49e111bbf4ff90b95b6d0b7f4bbfb67ed127e9b9edd55dc5b9c0ebe2faa939addc50a0e1a83bc37e37e78acde60411b0c91d470b19a" classname="com.github.traderjoe95.mls.protocol.tree.TreeKem" time="0.0"/>
  <testcase name="the decrypted path secret should be fd1b99e101c8a506c07bf037835331af19b785a3aa69d6e1c9ad08561aa121ffcd9998e631e800345b9d0a4b552f0ca8dd1a309b3977e88e40810ac6c5c8da96" classname="com.github.traderjoe95.mls.protocol.tree.TreeKem" time="0.003"/>
  <testcase name="a new update path generated by the sender should be successfully processed" classname="com.github.traderjoe95.mls.protocol.tree.TreeKem" time="0.004"/>
  <testcase name="the update path should be parent-hash valid" classname="com.github.traderjoe95.mls.protocol.tree.TreeKem" time="0.0"/>
  <testcase name="the tree hash after merging the update path should be 3436a5c11e884dbe72adb49e111bbf4ff90b95b6d0b7f4bbfb67ed127e9b9edd55dc5b9c0ebe2faa939addc50a0e1a83bc37e37e78acde60411b0c91d470b19a" classname="com.github.traderjoe95.mls.protocol.tree.TreeKem" time="0.0"/>
  <testcase name="the decrypted path secret should be d06a515f26e6f15178fc8767e435787e9f70dc05b4460520f192dd9ad8d780bb8a5ab6f6ceb0cdd7de75299aa12788ec4f45af26c5c9f013d5554257bd88542f" classname="com.github.traderjoe95.mls.protocol.tree.TreeKem" time="0.003"/>
  <testcase name="a new update path generated by the sender should be successfully processed" classname="com.github.traderjoe95.mls.protocol.tree.TreeKem" time="0.004"/>
  <testcase name="the update path should be parent-hash valid" classname="com.github.traderjoe95.mls.protocol.tree.TreeKem" time="0.0"/>
  <testcase name="the tree hash after merging the update path should be 3436a5c11e884dbe72adb49e111bbf4ff90b95b6d0b7f4bbfb67ed127e9b9edd55dc5b9c0ebe2faa939addc50a0e1a83bc37e37e78acde60411b0c91d470b19a" classname="com.github.traderjoe95.mls.protocol.tree.TreeKem" time="0.0"/>
  <testcase name="the decrypted path secret should be d06a515f26e6f15178fc8767e435787e9f70dc05b4460520f192dd9ad8d780bb8a5ab6f6ceb0cdd7de75299aa12788ec4f45af26c5c9f013d5554257bd88542f" classname="com.github.traderjoe95.mls.protocol.tree.TreeKem" time="0.004"/>
  <testcase name="a new update path generated by the sender should be successfully processed" classname="com.github.traderjoe95.mls.protocol.tree.TreeKem" time="0.003"/>
  <testcase name="the update path should be parent-hash valid" classname="com.github.traderjoe95.mls.protocol.tree.TreeKem" time="0.001"/>
  <testcase name="the tree hash after merging the update path should be 3436a5c11e884dbe72adb49e111bbf4ff90b95b6d0b7f4bbfb67ed127e9b9edd55dc5b9c0ebe2faa939addc50a0e1a83bc37e37e78acde60411b0c91d470b19a" classname="com.github.traderjoe95.mls.protocol.tree.TreeKem" time="0.001"/>
  <testcase name="the decrypted path secret should be d06a515f26e6f15178fc8767e435787e9f70dc05b4460520f192dd9ad8d780bb8a5ab6f6ceb0cdd7de75299aa12788ec4f45af26c5c9f013d5554257bd88542f" classname="com.github.traderjoe95.mls.protocol.tree.TreeKem" time="0.004"/>
  <testcase name="a new update path generated by the sender should be successfully processed" classname="com.github.traderjoe95.mls.protocol.tree.TreeKem" time="0.004"/>
  <testcase name="the update path should be parent-hash valid" classname="com.github.traderjoe95.mls.protocol.tree.TreeKem" time="0.0"/>
  <testcase name="the tree hash after merging the update path should be 3436a5c11e884dbe72adb49e111bbf4ff90b95b6d0b7f4bbfb67ed127e9b9edd55dc5b9c0ebe2faa939addc50a0e1a83bc37e37e78acde60411b0c91d470b19a" classname="com.github.traderjoe95.mls.protocol.tree.TreeKem" time="0.0"/>
  <testcase name="the decrypted path secret should be d06a515f26e6f15178fc8767e435787e9f70dc05b4460520f192dd9ad8d780bb8a5ab6f6ceb0cdd7de75299aa12788ec4f45af26c5c9f013d5554257bd88542f" classname="com.github.traderjoe95.mls.protocol.tree.TreeKem" time="0.004"/>
  <testcase name="a new update path generated by the sender should be successfully processed" classname="com.github.traderjoe95.mls.protocol.tree.TreeKem" time="0.004"/>
  <testcase name="the update path should be parent-hash valid" classname="com.github.traderjoe95.mls.protocol.tree.TreeKem" time="0.0"/>
  <testcase name="the tree hash after merging the update path should be 44bd68bd62e0479fd400ec649b1a8e6523f8c2f9c075fc1995febf8f5ab51ea45afdb8e8321b19cd761d61356bea2202c09ef6c79e962462d7f15374238d356d" classname="com.github.traderjoe95.mls.protocol.tree.TreeKem" time="0.0"/>
  <testcase name="the decrypted path secret should be a0b46a67f44b2496a8600a76db7e6a2ba52ae15d3b165d1bfbd2a0ce2e67d43c4ac1893658a424721b94e3b156a74662073d190e31de4c6815d807a6d87bc53c" classname="com.github.traderjoe95.mls.protocol.tree.TreeKem" time="0.003"/>
  <testcase name="a new update path generated by the sender should be successfully processed" classname="com.github.traderjoe95.mls.protocol.tree.TreeKem" time="0.004"/>
  <testcase name="the update path should be parent-hash valid" classname="com.github.traderjoe95.mls.protocol.tree.TreeKem" time="0.001"/>
  <testcase name="the tree hash after merging the update path should be 44bd68bd62e0479fd400ec649b1a8e6523f8c2f9c075fc1995febf8f5ab51ea45afdb8e8321b19cd761d61356bea2202c09ef6c79e962462d7f15374238d356d" classname="com.github.traderjoe95.mls.protocol.tree.TreeKem" time="0.001"/>
  <testcase name="the decrypted path secret should be 855fe117f25ec4ffb123b6feef41ca8006d919dff2ff75d794b6ad3c2f070a4a7f34110481248ea589e28f6af301fedcb9935def7015f12e51e0a0f0b474bf8a" classname="com.github.traderjoe95.mls.protocol.tree.TreeKem" time="0.004"/>
  <testcase name="a new update path generated by the sender should be successfully processed" classname="com.github.traderjoe95.mls.protocol.tree.TreeKem" time="0.004"/>
  <testcase name="the update path should be parent-hash valid" classname="com.github.traderjoe95.mls.protocol.tree.TreeKem" time="0.001"/>
  <testcase name="the tree hash after merging the update path should be 44bd68bd62e0479fd400ec649b1a8e6523f8c2f9c075fc1995febf8f5ab51ea45afdb8e8321b19cd761d61356bea2202c09ef6c79e962462d7f15374238d356d" classname="com.github.traderjoe95.mls.protocol.tree.TreeKem" time="0.001"/>
  <testcase name="the decrypted path secret should be 855fe117f25ec4ffb123b6feef41ca8006d919dff2ff75d794b6ad3c2f070a4a7f34110481248ea589e28f6af301fedcb9935def7015f12e51e0a0f0b474bf8a" classname="com.github.traderjoe95.mls.protocol.tree.TreeKem" time="0.004"/>
  <testcase name="a new update path generated by the sender should be successfully processed" classname="com.github.traderjoe95.mls.protocol.tree.TreeKem" time="0.004"/>
  <testcase name="the update path should be parent-hash valid" classname="com.github.traderjoe95.mls.protocol.tree.TreeKem" time="0.0"/>
  <testcase name="the tree hash after merging the update path should be 44bd68bd62e0479fd400ec649b1a8e6523f8c2f9c075fc1995febf8f5ab51ea45afdb8e8321b19cd761d61356bea2202c09ef6c79e962462d7f15374238d356d" classname="com.github.traderjoe95.mls.protocol.tree.TreeKem" time="0.0"/>
  <testcase name="the decrypted path secret should be 5200e3a52eb44117c67bf5858b83700b7fa550b4ae3f17f391b75ef61817c3e3a45490a3b6982f48831895a395f052b91fa9fce8f58a6898e3c8fd1ecbe1cc26" classname="com.github.traderjoe95.mls.protocol.tree.TreeKem" time="0.003"/>
  <testcase name="a new update path generated by the sender should be successfully processed" classname="com.github.traderjoe95.mls.protocol.tree.TreeKem" time="0.004"/>
  <testcase name="the update path should be parent-hash valid" classname="com.github.traderjoe95.mls.protocol.tree.TreeKem" time="0.0"/>
  <testcase name="the tree hash after merging the update path should be 44bd68bd62e0479fd400ec649b1a8e6523f8c2f9c075fc1995febf8f5ab51ea45afdb8e8321b19cd761d61356bea2202c09ef6c79e962462d7f15374238d356d" classname="com.github.traderjoe95.mls.protocol.tree.TreeKem" time="0.001"/>
  <testcase name="the decrypted path secret should be 5200e3a52eb44117c67bf5858b83700b7fa550b4ae3f17f391b75ef61817c3e3a45490a3b6982f48831895a395f052b91fa9fce8f58a6898e3c8fd1ecbe1cc26" classname="com.github.traderjoe95.mls.protocol.tree.TreeKem" time="0.004"/>
  <testcase name="a new update path generated by the sender should be successfully processed" classname="com.github.traderjoe95.mls.protocol.tree.TreeKem" time="0.004"/>
  <testcase name="the update path should be parent-hash valid" classname="com.github.traderjoe95.mls.protocol.tree.TreeKem" time="0.0"/>
  <testcase name="the tree hash after merging the update path should be 44bd68bd62e0479fd400ec649b1a8e6523f8c2f9c075fc1995febf8f5ab51ea45afdb8e8321b19cd761d61356bea2202c09ef6c79e962462d7f15374238d356d" classname="com.github.traderjoe95.mls.protocol.tree.TreeKem" time="0.0"/>
  <testcase name="the decrypted path secret should be 5200e3a52eb44117c67bf5858b83700b7fa550b4ae3f17f391b75ef61817c3e3a45490a3b6982f48831895a395f052b91fa9fce8f58a6898e3c8fd1ecbe1cc26" classname="com.github.traderjoe95.mls.protocol.tree.TreeKem" time="0.003"/>
  <testcase name="a new update path generated by the sender should be successfully processed" classname="com.github.traderjoe95.mls.protocol.tree.TreeKem" time="0.003"/>
  <testcase name="the update path should be parent-hash valid" classname="com.github.traderjoe95.mls.protocol.tree.TreeKem" time="0.001"/>
  <testcase name="the tree hash after merging the update path should be 44bd68bd62e0479fd400ec649b1a8e6523f8c2f9c075fc1995febf8f5ab51ea45afdb8e8321b19cd761d61356bea2202c09ef6c79e962462d7f15374238d356d" classname="com.github.traderjoe95.mls.protocol.tree.TreeKem" time="0.001"/>
  <testcase name="the decrypted path secret should be 5200e3a52eb44117c67bf5858b83700b7fa550b4ae3f17f391b75ef61817c3e3a45490a3b6982f48831895a395f052b91fa9fce8f58a6898e3c8fd1ecbe1cc26" classname="com.github.traderjoe95.mls.protocol.tree.TreeKem" time="0.004"/>
  <testcase name="a new update path generated by the sender should be successfully processed" classname="com.github.traderjoe95.mls.protocol.tree.TreeKem" time="0.004"/>
  <testcase name="the update path should be parent-hash valid" classname="com.github.traderjoe95.mls.protocol.tree.TreeKem" time="0.0"/>
  <testcase name="the tree hash after merging the update path should be 5935dbdb9ad385a7c49430ff927cf2ce2077794b7cebc122c7cba6c0e0b11fff75ea57c5e43d9600dffe636bdbe88978eccfe7259590e1f541cda0578db00eec" classname="com.github.traderjoe95.mls.protocol.tree.TreeKem" time="0.0"/>
  <testcase name="the decrypted path secret should be 74d48ab3dd93935c96d3d4276998359bb76a3e926eff19ea4430c53555f9de3200d0c8e4c3228f31a6b80e685935336e0ceab7a841242f89413c3db915748e30" classname="com.github.traderjoe95.mls.protocol.tree.TreeKem" time="0.003"/>
  <testcase name="a new update path generated by the sender should be successfully processed" classname="com.github.traderjoe95.mls.protocol.tree.TreeKem" time="0.003"/>
  <testcase name="the update path should be parent-hash valid" classname="com.github.traderjoe95.mls.protocol.tree.TreeKem" time="0.0"/>
  <testcase name="the tree hash after merging the update path should be 5935dbdb9ad385a7c49430ff927cf2ce2077794b7cebc122c7cba6c0e0b11fff75ea57c5e43d9600dffe636bdbe88978eccfe7259590e1f541cda0578db00eec" classname="com.github.traderjoe95.mls.protocol.tree.TreeKem" time="0.001"/>
  <testcase name="the decrypted path secret should be 74d48ab3dd93935c96d3d4276998359bb76a3e926eff19ea4430c53555f9de3200d0c8e4c3228f31a6b80e685935336e0ceab7a841242f89413c3db915748e30" classname="com.github.traderjoe95.mls.protocol.tree.TreeKem" time="0.005"/>
  <testcase name="a new update path generated by the sender should be successfully processed" classname="com.github.traderjoe95.mls.protocol.tree.TreeKem" time="0.003"/>
  <testcase name="the update path should be parent-hash valid" classname="com.github.traderjoe95.mls.protocol.tree.TreeKem" time="0.001"/>
  <testcase name="the tree hash after merging the update path should be 5935dbdb9ad385a7c49430ff927cf2ce2077794b7cebc122c7cba6c0e0b11fff75ea57c5e43d9600dffe636bdbe88978eccfe7259590e1f541cda0578db00eec" classname="com.github.traderjoe95.mls.protocol.tree.TreeKem" time="0.0"/>
  <testcase name="the decrypted path secret should be 075d16bed87b5f640c58f764a80868d54812e9fca47a117cea7df372dd9d9d4f92dd59f0cee34116f223edc6de567e59354aea0787335192de2013017ddc7d7a" classname="com.github.traderjoe95.mls.protocol.tree.TreeKem" time="0.003"/>
  <testcase name="a new update path generated by the sender should be successfully processed" classname="com.github.traderjoe95.mls.protocol.tree.TreeKem" time="0.004"/>
  <testcase name="the update path should be parent-hash valid" classname="com.github.traderjoe95.mls.protocol.tree.TreeKem" time="0.0"/>
  <testcase name="the tree hash after merging the update path should be 5935dbdb9ad385a7c49430ff927cf2ce2077794b7cebc122c7cba6c0e0b11fff75ea57c5e43d9600dffe636bdbe88978eccfe7259590e1f541cda0578db00eec" classname="com.github.traderjoe95.mls.protocol.tree.TreeKem" time="0.0"/>
  <testcase name="the decrypted path secret should be c1dec367cc646e7407d87352141f65852e13a1d6d1a48b6ba0c02a9b1058a67c2a254118a3a2ec9707646e7271214ca2bf7fc5e693af2eb3c2a476047aa70eb3" classname="com.github.traderjoe95.mls.protocol.tree.TreeKem" time="0.004"/>
  <testcase name="a new update path generated by the sender should be successfully processed" classname="com.github.traderjoe95.mls.protocol.tree.TreeKem" time="0.004"/>
  <testcase name="the update path should be parent-hash valid" classname="com.github.traderjoe95.mls.protocol.tree.TreeKem" time="0.0"/>
  <testcase name="the tree hash after merging the update path should be 5935dbdb9ad385a7c49430ff927cf2ce2077794b7cebc122c7cba6c0e0b11fff75ea57c5e43d9600dffe636bdbe88978eccfe7259590e1f541cda0578db00eec" classname="com.github.traderjoe95.mls.protocol.tree.TreeKem" time="0.0"/>
  <testcase name="the decrypted path secret should be c1dec367cc646e7407d87352141f65852e13a1d6d1a48b6ba0c02a9b1058a67c2a254118a3a2ec9707646e7271214ca2bf7fc5e693af2eb3c2a476047aa70eb3" classname="com.github.traderjoe95.mls.protocol.tree.TreeKem" time="0.004"/>
  <testcase name="a new update path generated by the sender should be successfully processed" classname="com.github.traderjoe95.mls.protocol.tree.TreeKem" time="0.004"/>
  <testcase name="the update path should be parent-hash valid" classname="com.github.traderjoe95.mls.protocol.tree.TreeKem" time="0.0"/>
  <testcase name="the tree hash after merging the update path should be 5935dbdb9ad385a7c49430ff927cf2ce2077794b7cebc122c7cba6c0e0b11fff75ea57c5e43d9600dffe636bdbe88978eccfe7259590e1f541cda0578db00eec" classname="com.github.traderjoe95.mls.protocol.tree.TreeKem" time="0.0"/>
  <testcase name="the decrypted path secret should be c1dec367cc646e7407d87352141f65852e13a1d6d1a48b6ba0c02a9b1058a67c2a254118a3a2ec9707646e7271214ca2bf7fc5e693af2eb3c2a476047aa70eb3" classname="com.github.traderjoe95.mls.protocol.tree.TreeKem" time="0.003"/>
  <testcase name="a new update path generated by the sender should be successfully processed" classname="com.github.traderjoe95.mls.protocol.tree.TreeKem" time="0.004"/>
  <testcase name="the update path should be parent-hash valid" classname="com.github.traderjoe95.mls.protocol.tree.TreeKem" time="0.0"/>
  <testcase name="the tree hash after merging the update path should be 5935dbdb9ad385a7c49430ff927cf2ce2077794b7cebc122c7cba6c0e0b11fff75ea57c5e43d9600dffe636bdbe88978eccfe7259590e1f541cda0578db00eec" classname="com.github.traderjoe95.mls.protocol.tree.TreeKem" time="0.001"/>
  <testcase name="the decrypted path secret should be c1dec367cc646e7407d87352141f65852e13a1d6d1a48b6ba0c02a9b1058a67c2a254118a3a2ec9707646e7271214ca2bf7fc5e693af2eb3c2a476047aa70eb3" classname="com.github.traderjoe95.mls.protocol.tree.TreeKem" time="0.003"/>
  <testcase name="a new update path generated by the sender should be successfully processed" classname="com.github.traderjoe95.mls.protocol.tree.TreeKem" time="0.003"/>
  <testcase name="the update path should be parent-hash valid" classname="com.github.traderjoe95.mls.protocol.tree.TreeKem" time="0.0"/>
  <testcase name="the tree hash after merging the update path should be 8bd77ebd0f7d1bfe7173c3f0839a4377cebc007393077bc715610e3217aa31e12f6f0e3270d3a6ba685eec1feda2ae548ffeb9b298f806fbf0ac61d25fff1b93" classname="com.github.traderjoe95.mls.protocol.tree.TreeKem" time="0.0"/>
  <testcase name="the decrypted path secret should be e641d9e6ec417e06751a86d93e84369fdfd79c995aa2f1d36b3a0aa2476660cd25a667943932487a4c809509d87c5c0e22b16bd44bb4015d14c30c6aa19a6489" classname="com.github.traderjoe95.mls.protocol.tree.TreeKem" time="0.003"/>
  <testcase name="a new update path generated by the sender should be successfully processed" classname="com.github.traderjoe95.mls.protocol.tree.TreeKem" time="0.003"/>
  <testcase name="the update path should be parent-hash valid" classname="com.github.traderjoe95.mls.protocol.tree.TreeKem" time="0.0"/>
  <testcase name="the tree hash after merging the update path should be 8bd77ebd0f7d1bfe7173c3f0839a4377cebc007393077bc715610e3217aa31e12f6f0e3270d3a6ba685eec1feda2ae548ffeb9b298f806fbf0ac61d25fff1b93" classname="com.github.traderjoe95.mls.protocol.tree.TreeKem" time="0.0"/>
  <testcase name="the decrypted path secret should be e641d9e6ec417e06751a86d93e84369fdfd79c995aa2f1d36b3a0aa2476660cd25a667943932487a4c809509d87c5c0e22b16bd44bb4015d14c30c6aa19a6489" classname="com.github.traderjoe95.mls.protocol.tree.TreeKem" time="0.003"/>
  <testcase name="a new update path generated by the sender should be successfully processed" classname="com.github.traderjoe95.mls.protocol.tree.TreeKem" time="0.004"/>
  <testcase name="the update path should be parent-hash valid" classname="com.github.traderjoe95.mls.protocol.tree.TreeKem" time="0.0"/>
  <testcase name="the tree hash after merging the update path should be 8bd77ebd0f7d1bfe7173c3f0839a4377cebc007393077bc715610e3217aa31e12f6f0e3270d3a6ba685eec1feda2ae548ffeb9b298f806fbf0ac61d25fff1b93" classname="com.github.traderjoe95.mls.protocol.tree.TreeKem" time="0.0"/>
  <testcase name="the decrypted path secret should be dfcdf90ae8bbd6961eb42aa962871db42500351e264f2e0e89c42f7737473e49133bdf8c03cf4406de3f1d9cfab92d1c4d5b4f0025c3ad7a967f63a893d1e835" classname="com.github.traderjoe95.mls.protocol.tree.TreeKem" time="0.003"/>
  <testcase name="a new update path generated by the sender should be successfully processed" classname="com.github.traderjoe95.mls.protocol.tree.TreeKem" time="0.004"/>
  <testcase name="the update path should be parent-hash valid" classname="com.github.traderjoe95.mls.protocol.tree.TreeKem" time="0.0"/>
  <testcase name="the tree hash after merging the update path should be 8bd77ebd0f7d1bfe7173c3f0839a4377cebc007393077bc715610e3217aa31e12f6f0e3270d3a6ba685eec1feda2ae548ffeb9b298f806fbf0ac61d25fff1b93" classname="com.github.traderjoe95.mls.protocol.tree.TreeKem" time="0.001"/>
  <testcase name="the decrypted path secret should be dfdf630b6ae593bccc71c77c955c7f243fce0d99b71544a2579630a623689fb4751e7aad4b5f4eedb8bda416b56cbd7ba89253141a230131e0575eb39f6e5829" classname="com.github.traderjoe95.mls.protocol.tree.TreeKem" time="0.004"/>
  <testcase name="a new update path generated by the sender should be successfully processed" classname="com.github.traderjoe95.mls.protocol.tree.TreeKem" time="0.004"/>
  <testcase name="the update path should be parent-hash valid" classname="com.github.traderjoe95.mls.protocol.tree.TreeKem" time="0.001"/>
  <testcase name="the tree hash after merging the update path should be 8bd77ebd0f7d1bfe7173c3f0839a4377cebc007393077bc715610e3217aa31e12f6f0e3270d3a6ba685eec1feda2ae548ffeb9b298f806fbf0ac61d25fff1b93" classname="com.github.traderjoe95.mls.protocol.tree.TreeKem" time="0.0"/>
  <testcase name="the decrypted path secret should be dfdf630b6ae593bccc71c77c955c7f243fce0d99b71544a2579630a623689fb4751e7aad4b5f4eedb8bda416b56cbd7ba89253141a230131e0575eb39f6e5829" classname="com.github.traderjoe95.mls.protocol.tree.TreeKem" time="0.003"/>
  <testcase name="a new update path generated by the sender should be successfully processed" classname="com.github.traderjoe95.mls.protocol.tree.TreeKem" time="0.003"/>
  <testcase name="the update path should be parent-hash valid" classname="com.github.traderjoe95.mls.protocol.tree.TreeKem" time="0.0"/>
  <testcase name="the tree hash after merging the update path should be 8bd77ebd0f7d1bfe7173c3f0839a4377cebc007393077bc715610e3217aa31e12f6f0e3270d3a6ba685eec1feda2ae548ffeb9b298f806fbf0ac61d25fff1b93" classname="com.github.traderjoe95.mls.protocol.tree.TreeKem" time="0.0"/>
  <testcase name="the decrypted path secret should be dfdf630b6ae593bccc71c77c955c7f243fce0d99b71544a2579630a623689fb4751e7aad4b5f4eedb8bda416b56cbd7ba89253141a230131e0575eb39f6e5829" classname="com.github.traderjoe95.mls.protocol.tree.TreeKem" time="0.004"/>
  <testcase name="a new update path generated by the sender should be successfully processed" classname="com.github.traderjoe95.mls.protocol.tree.TreeKem" time="0.004"/>
  <testcase name="the update path should be parent-hash valid" classname="com.github.traderjoe95.mls.protocol.tree.TreeKem" time="0.0"/>
  <testcase name="the tree hash after merging the update path should be 8bd77ebd0f7d1bfe7173c3f0839a4377cebc007393077bc715610e3217aa31e12f6f0e3270d3a6ba685eec1feda2ae548ffeb9b298f806fbf0ac61d25fff1b93" classname="com.github.traderjoe95.mls.protocol.tree.TreeKem" time="0.0"/>
  <testcase name="the decrypted path secret should be dfdf630b6ae593bccc71c77c955c7f243fce0d99b71544a2579630a623689fb4751e7aad4b5f4eedb8bda416b56cbd7ba89253141a230131e0575eb39f6e5829" classname="com.github.traderjoe95.mls.protocol.tree.TreeKem" time="0.004"/>
  <testcase name="a new update path generated by the sender should be successfully processed" classname="com.github.traderjoe95.mls.protocol.tree.TreeKem" time="0.004"/>
  <testcase name="the update path should be parent-hash valid" classname="com.github.traderjoe95.mls.protocol.tree.TreeKem" time="0.001"/>
  <testcase name="the tree hash after merging the update path should be f752fef3b5806dd0ec61ab9b5074be7d4dbd53544c5f700b947b00827e4e1b068fa784878ebcd62a19037b4945f84de331df595d4159b3fc5c34ba279aaea119" classname="com.github.traderjoe95.mls.protocol.tree.TreeKem" time="0.0"/>
  <testcase name="the decrypted path secret should be a4a3036854886e83d1e5383a5a63ef6a60b751dc42367ceef4befb5eb39f00695ba5e8d18fc6eca0b0e031351d26ce575adf387aff65a49e03f3cff9ca6db4b9" classname="com.github.traderjoe95.mls.protocol.tree.TreeKem" time="0.004"/>
  <testcase name="a new update path generated by the sender should be successfully processed" classname="com.github.traderjoe95.mls.protocol.tree.TreeKem" time="0.005"/>
  <testcase name="the update path should be parent-hash valid" classname="com.github.traderjoe95.mls.protocol.tree.TreeKem" time="0.0"/>
  <testcase name="the tree hash after merging the update path should be f752fef3b5806dd0ec61ab9b5074be7d4dbd53544c5f700b947b00827e4e1b068fa784878ebcd62a19037b4945f84de331df595d4159b3fc5c34ba279aaea119" classname="com.github.traderjoe95.mls.protocol.tree.TreeKem" time="0.001"/>
  <testcase name="the decrypted path secret should be a4a3036854886e83d1e5383a5a63ef6a60b751dc42367ceef4befb5eb39f00695ba5e8d18fc6eca0b0e031351d26ce575adf387aff65a49e03f3cff9ca6db4b9" classname="com.github.traderjoe95.mls.protocol.tree.TreeKem" time="0.004"/>
  <testcase name="a new update path generated by the sender should be successfully processed" classname="com.github.traderjoe95.mls.protocol.tree.TreeKem" time="0.003"/>
  <testcase name="the update path should be parent-hash valid" classname="com.github.traderjoe95.mls.protocol.tree.TreeKem" time="0.001"/>
  <testcase name="the tree hash after merging the update path should be f752fef3b5806dd0ec61ab9b5074be7d4dbd53544c5f700b947b00827e4e1b068fa784878ebcd62a19037b4945f84de331df595d4159b3fc5c34ba279aaea119" classname="com.github.traderjoe95.mls.protocol.tree.TreeKem" time="0.0"/>
  <testcase name="the decrypted path secret should be a4a3036854886e83d1e5383a5a63ef6a60b751dc42367ceef4befb5eb39f00695ba5e8d18fc6eca0b0e031351d26ce575adf387aff65a49e03f3cff9ca6db4b9" classname="com.github.traderjoe95.mls.protocol.tree.TreeKem" time="0.003"/>
  <testcase name="a new update path generated by the sender should be successfully processed" classname="com.github.traderjoe95.mls.protocol.tree.TreeKem" time="0.003"/>
  <testcase name="the update path should be parent-hash valid" classname="com.github.traderjoe95.mls.protocol.tree.TreeKem" time="0.0"/>
  <testcase name="the tree hash after merging the update path should be f752fef3b5806dd0ec61ab9b5074be7d4dbd53544c5f700b947b00827e4e1b068fa784878ebcd62a19037b4945f84de331df595d4159b3fc5c34ba279aaea119" classname="com.github.traderjoe95.mls.protocol.tree.TreeKem" time="0.0"/>
  <testcase name="the decrypted path secret should be a4a3036854886e83d1e5383a5a63ef6a60b751dc42367ceef4befb5eb39f00695ba5e8d18fc6eca0b0e031351d26ce575adf387aff65a49e03f3cff9ca6db4b9" classname="com.github.traderjoe95.mls.protocol.tree.TreeKem" time="0.003"/>
  <testcase name="a new update path generated by the sender should be successfully processed" classname="com.github.traderjoe95.mls.protocol.tree.TreeKem" time="0.004"/>
  <testcase name="the update path should be parent-hash valid" classname="com.github.traderjoe95.mls.protocol.tree.TreeKem" time="0.0"/>
  <testcase name="the tree hash after merging the update path should be f752fef3b5806dd0ec61ab9b5074be7d4dbd53544c5f700b947b00827e4e1b068fa784878ebcd62a19037b4945f84de331df595d4159b3fc5c34ba279aaea119" classname="com.github.traderjoe95.mls.protocol.tree.TreeKem" time="0.0"/>
  <testcase name="the decrypted path secret should be b796bfc0f5caedcfe067792a9bf9203221036993f623f2dbcd5f8b2f4adb32cde7e2821a8b74b3961f885b0b519e1ad429fd7068f76a43f0176e7d0034df8b46" classname="com.github.traderjoe95.mls.protocol.tree.TreeKem" time="0.003"/>
  <testcase name="a new update path generated by the sender should be successfully processed" classname="com.github.traderjoe95.mls.protocol.tree.TreeKem" time="0.004"/>
  <testcase name="the update path should be parent-hash valid" classname="com.github.traderjoe95.mls.protocol.tree.TreeKem" time="0.0"/>
  <testcase name="the tree hash after merging the update path should be f752fef3b5806dd0ec61ab9b5074be7d4dbd53544c5f700b947b00827e4e1b068fa784878ebcd62a19037b4945f84de331df595d4159b3fc5c34ba279aaea119" classname="com.github.traderjoe95.mls.protocol.tree.TreeKem" time="0.001"/>
  <testcase name="the decrypted path secret should be a63b84b843e4ae73fa9800a36f5b052c42f55a274e52ff636e2c3695ceba6feae52452991f3e4b4eca374ef2db810b0ca54b59a483ce91f26df916de689fd123" classname="com.github.traderjoe95.mls.protocol.tree.TreeKem" time="0.003"/>
  <testcase name="a new update path generated by the sender should be successfully processed" classname="com.github.traderjoe95.mls.protocol.tree.TreeKem" time="0.004"/>
  <testcase name="the update path should be parent-hash valid" classname="com.github.traderjoe95.mls.protocol.tree.TreeKem" time="0.0"/>
  <testcase name="the tree hash after merging the update path should be f752fef3b5806dd0ec61ab9b5074be7d4dbd53544c5f700b947b00827e4e1b068fa784878ebcd62a19037b4945f84de331df595d4159b3fc5c34ba279aaea119" classname="com.github.traderjoe95.mls.protocol.tree.TreeKem" time="0.001"/>
  <testcase name="the decrypted path secret should be a63b84b843e4ae73fa9800a36f5b052c42f55a274e52ff636e2c3695ceba6feae52452991f3e4b4eca374ef2db810b0ca54b59a483ce91f26df916de689fd123" classname="com.github.traderjoe95.mls.protocol.tree.TreeKem" time="0.004"/>
  <testcase name="a new update path generated by the sender should be successfully processed" classname="com.github.traderjoe95.mls.protocol.tree.TreeKem" time="0.004"/>
  <testcase name="the update path should be parent-hash valid" classname="com.github.traderjoe95.mls.protocol.tree.TreeKem" time="0.0"/>
  <testcase name="the tree hash after merging the update path should be aeb4f999f7ebd8dc47b23d0d88c37726d2b5323af79123385dd4abaeea1164ce22d85f6d4a49fe9c25ec7bae32312d17d3b85dcf7420f8f2b2a46ecc74af49f0" classname="com.github.traderjoe95.mls.protocol.tree.TreeKem" time="0.0"/>
  <testcase name="the decrypted path secret should be adbc102ddd92353f4a8a12ac44b45a47a3efbc86adff047da7fc27b75baea53668896f82b71f70b4585181474bb2b1d4bbee0684e7d32e72473cab35c0c5e4bc" classname="com.github.traderjoe95.mls.protocol.tree.TreeKem" time="0.003"/>
  <testcase name="a new update path generated by the sender should be successfully processed" classname="com.github.traderjoe95.mls.protocol.tree.TreeKem" time="0.004"/>
  <testcase name="the update path should be parent-hash valid" classname="com.github.traderjoe95.mls.protocol.tree.TreeKem" time="0.001"/>
  <testcase name="the tree hash after merging the update path should be aeb4f999f7ebd8dc47b23d0d88c37726d2b5323af79123385dd4abaeea1164ce22d85f6d4a49fe9c25ec7bae32312d17d3b85dcf7420f8f2b2a46ecc74af49f0" classname="com.github.traderjoe95.mls.protocol.tree.TreeKem" time="0.001"/>
  <testcase name="the decrypted path secret should be adbc102ddd92353f4a8a12ac44b45a47a3efbc86adff047da7fc27b75baea53668896f82b71f70b4585181474bb2b1d4bbee0684e7d32e72473cab35c0c5e4bc" classname="com.github.traderjoe95.mls.protocol.tree.TreeKem" time="0.004"/>
  <testcase name="a new update path generated by the sender should be successfully processed" classname="com.github.traderjoe95.mls.protocol.tree.TreeKem" time="0.004"/>
  <testcase name="the update path should be parent-hash valid" classname="com.github.traderjoe95.mls.protocol.tree.TreeKem" time="0.0"/>
  <testcase name="the tree hash after merging the update path should be aeb4f999f7ebd8dc47b23d0d88c37726d2b5323af79123385dd4abaeea1164ce22d85f6d4a49fe9c25ec7bae32312d17d3b85dcf7420f8f2b2a46ecc74af49f0" classname="com.github.traderjoe95.mls.protocol.tree.TreeKem" time="0.0"/>
  <testcase name="the decrypted path secret should be adbc102ddd92353f4a8a12ac44b45a47a3efbc86adff047da7fc27b75baea53668896f82b71f70b4585181474bb2b1d4bbee0684e7d32e72473cab35c0c5e4bc" classname="com.github.traderjoe95.mls.protocol.tree.TreeKem" time="0.003"/>
  <testcase name="a new update path generated by the sender should be successfully processed" classname="com.github.traderjoe95.mls.protocol.tree.TreeKem" time="0.004"/>
  <testcase name="the update path should be parent-hash valid" classname="com.github.traderjoe95.mls.protocol.tree.TreeKem" time="0.0"/>
  <testcase name="the tree hash after merging the update path should be aeb4f999f7ebd8dc47b23d0d88c37726d2b5323af79123385dd4abaeea1164ce22d85f6d4a49fe9c25ec7bae32312d17d3b85dcf7420f8f2b2a46ecc74af49f0" classname="com.github.traderjoe95.mls.protocol.tree.TreeKem" time="0.0"/>
  <testcase name="the decrypted path secret should be adbc102ddd92353f4a8a12ac44b45a47a3efbc86adff047da7fc27b75baea53668896f82b71f70b4585181474bb2b1d4bbee0684e7d32e72473cab35c0c5e4bc" classname="com.github.traderjoe95.mls.protocol.tree.TreeKem" time="0.003"/>
  <testcase name="a new update path generated by the sender should be successfully processed" classname="com.github.traderjoe95.mls.protocol.tree.TreeKem" time="0.004"/>
  <testcase name="the update path should be parent-hash valid" classname="com.github.traderjoe95.mls.protocol.tree.TreeKem" time="0.0"/>
  <testcase name="the tree hash after merging the update path should be aeb4f999f7ebd8dc47b23d0d88c37726d2b5323af79123385dd4abaeea1164ce22d85f6d4a49fe9c25ec7bae32312d17d3b85dcf7420f8f2b2a46ecc74af49f0" classname="com.github.traderjoe95.mls.protocol.tree.TreeKem" time="0.001"/>
  <testcase name="the decrypted path secret should be a541e243f7b7f085b84aa43f7b1bccdfb52ad66ab5ff519f04fb46f8c2a941fa3ed3ec49e43b1312b9dcbe169bca30e96f7d5f55b63d6dd43b2a8a0302224880" classname="com.github.traderjoe95.mls.protocol.tree.TreeKem" time="0.003"/>
  <testcase name="a new update path generated by the sender should be successfully processed" classname="com.github.traderjoe95.mls.protocol.tree.TreeKem" time="0.004"/>
  <testcase name="the update path should be parent-hash valid" classname="com.github.traderjoe95.mls.protocol.tree.TreeKem" time="0.001"/>
  <testcase name="the tree hash after merging the update path should be aeb4f999f7ebd8dc47b23d0d88c37726d2b5323af79123385dd4abaeea1164ce22d85f6d4a49fe9c25ec7bae32312d17d3b85dcf7420f8f2b2a46ecc74af49f0" classname="com.github.traderjoe95.mls.protocol.tree.TreeKem" time="0.001"/>
  <testcase name="the decrypted path secret should be fe55ade1caf1cebb06abc49502316116f29944f920a4dc57d88c276eae3fd11a854417d7e233cc18272f9c5945b6112c3d30bfe23e820e93cec9085ac800098c" classname="com.github.traderjoe95.mls.protocol.tree.TreeKem" time="0.003"/>
  <testcase name="a new update path generated by the sender should be successfully processed" classname="com.github.traderjoe95.mls.protocol.tree.TreeKem" time="0.004"/>
  <testcase name="the update path should be parent-hash valid" classname="com.github.traderjoe95.mls.protocol.tree.TreeKem" time="0.0"/>
  <testcase name="the tree hash after merging the update path should be aeb4f999f7ebd8dc47b23d0d88c37726d2b5323af79123385dd4abaeea1164ce22d85f6d4a49fe9c25ec7bae32312d17d3b85dcf7420f8f2b2a46ecc74af49f0" classname="com.github.traderjoe95.mls.protocol.tree.TreeKem" time="0.0"/>
  <testcase name="the decrypted path secret should be fe55ade1caf1cebb06abc49502316116f29944f920a4dc57d88c276eae3fd11a854417d7e233cc18272f9c5945b6112c3d30bfe23e820e93cec9085ac800098c" classname="com.github.traderjoe95.mls.protocol.tree.TreeKem" time="0.004"/>
  <testcase name="a new update path generated by the sender should be successfully processed" classname="com.github.traderjoe95.mls.protocol.tree.TreeKem" time="0.004"/>
  <testcase name="the update path should be parent-hash valid" classname="com.github.traderjoe95.mls.protocol.tree.TreeKem" time="0.001"/>
  <testcase name="the tree hash after merging the update path should be 7be14b9e08a8eede664277b103b051be8b64704dfd712056d9505e44f761bfdc52d15834441ac51363e927d0671f0edf5f472cee46c4445d7b564b18f784e83b" classname="com.github.traderjoe95.mls.protocol.tree.TreeKem" time="0.001"/>
  <testcase name="the decrypted path secret should be b0e4df59f8f144a42607ba031676695c12560f227dad66c02d715d799dcb2508915c8f7bd1cbf85b714d3329a79ea8d874e41be0a528ea4c32b1b3020ab98c5b" classname="com.github.traderjoe95.mls.protocol.tree.TreeKem" time="0.004"/>
  <testcase name="a new update path generated by the sender should be successfully processed" classname="com.github.traderjoe95.mls.protocol.tree.TreeKem" time="0.004"/>
  <testcase name="the update path should be parent-hash valid" classname="com.github.traderjoe95.mls.protocol.tree.TreeKem" time="0.0"/>
  <testcase name="the tree hash after merging the update path should be 7be14b9e08a8eede664277b103b051be8b64704dfd712056d9505e44f761bfdc52d15834441ac51363e927d0671f0edf5f472cee46c4445d7b564b18f784e83b" classname="com.github.traderjoe95.mls.protocol.tree.TreeKem" time="0.001"/>
  <testcase name="the decrypted path secret should be b0e4df59f8f144a42607ba031676695c12560f227dad66c02d715d799dcb2508915c8f7bd1cbf85b714d3329a79ea8d874e41be0a528ea4c32b1b3020ab98c5b" classname="com.github.traderjoe95.mls.protocol.tree.TreeKem" time="0.005"/>
  <testcase name="a new update path generated by the sender should be successfully processed" classname="com.github.traderjoe95.mls.protocol.tree.TreeKem" time="0.004"/>
  <testcase name="the update path should be parent-hash valid" classname="com.github.traderjoe95.mls.protocol.tree.TreeKem" time="0.001"/>
  <testcase name="the tree hash after merging the update path should be 7be14b9e08a8eede664277b103b051be8b64704dfd712056d9505e44f761bfdc52d15834441ac51363e927d0671f0edf5f472cee46c4445d7b564b18f784e83b" classname="com.github.traderjoe95.mls.protocol.tree.TreeKem" time="0.001"/>
  <testcase name="the decrypted path secret should be b0e4df59f8f144a42607ba031676695c12560f227dad66c02d715d799dcb2508915c8f7bd1cbf85b714d3329a79ea8d874e41be0a528ea4c32b1b3020ab98c5b" classname="com.github.traderjoe95.mls.protocol.tree.TreeKem" time="0.004"/>
  <testcase name="a new update path generated by the sender should be successfully processed" classname="com.github.traderjoe95.mls.protocol.tree.TreeKem" time="0.005"/>
  <testcase name="the update path should be parent-hash valid" classname="com.github.traderjoe95.mls.protocol.tree.TreeKem" time="0.0"/>
  <testcase name="the tree hash after merging the update path should be 7be14b9e08a8eede664277b103b051be8b64704dfd712056d9505e44f761bfdc52d15834441ac51363e927d0671f0edf5f472cee46c4445d7b564b18f784e83b" classname="com.github.traderjoe95.mls.protocol.tree.TreeKem" time="0.0"/>
  <testcase name="the decrypted path secret should be b0e4df59f8f144a42607ba031676695c12560f227dad66c02d715d799dcb2508915c8f7bd1cbf85b714d3329a79ea8d874e41be0a528ea4c32b1b3020ab98c5b" classname="com.github.traderjoe95.mls.protocol.tree.TreeKem" time="0.003"/>
  <testcase name="a new update path generated by the sender should be successfully processed" classname="com.github.traderjoe95.mls.protocol.tree.TreeKem" time="0.004"/>
  <testcase name="the update path should be parent-hash valid" classname="com.github.traderjoe95.mls.protocol.tree.TreeKem" time="0.0"/>
  <testcase name="the tree hash after merging the update path should be 7be14b9e08a8eede664277b103b051be8b64704dfd712056d9505e44f761bfdc52d15834441ac51363e927d0671f0edf5f472cee46c4445d7b564b18f784e83b" classname="com.github.traderjoe95.mls.protocol.tree.TreeKem" time="0.001"/>
  <testcase name="the decrypted path secret should be 790f16e9e7ae292bbd01000e03a8296b4ff424fd85613729d92ab09baa6869a1c2f4d802c6b5bd69cd2d5cc8b0f29ee030ce873562f1050a4a5f78aacb239e44" classname="com.github.traderjoe95.mls.protocol.tree.TreeKem" time="0.004"/>
  <testcase name="a new update path generated by the sender should be successfully processed" classname="com.github.traderjoe95.mls.protocol.tree.TreeKem" time="0.004"/>
  <testcase name="the update path should be parent-hash valid" classname="com.github.traderjoe95.mls.protocol.tree.TreeKem" time="0.004"/>
  <testcase name="the tree hash after merging the update path should be 7be14b9e08a8eede664277b103b051be8b64704dfd712056d9505e44f761bfdc52d15834441ac51363e927d0671f0edf5f472cee46c4445d7b564b18f784e83b" classname="com.github.traderjoe95.mls.protocol.tree.TreeKem" time="0.001"/>
  <testcase name="the decrypted path secret should be 790f16e9e7ae292bbd01000e03a8296b4ff424fd85613729d92ab09baa6869a1c2f4d802c6b5bd69cd2d5cc8b0f29ee030ce873562f1050a4a5f78aacb239e44" classname="com.github.traderjoe95.mls.protocol.tree.TreeKem" time="0.004"/>
  <testcase name="a new update path generated by the sender should be successfully processed" classname="com.github.traderjoe95.mls.protocol.tree.TreeKem" time="0.004"/>
  <testcase name="the update path should be parent-hash valid" classname="com.github.traderjoe95.mls.protocol.tree.TreeKem" time="0.001"/>
  <testcase name="the tree hash after merging the update path should be 7be14b9e08a8eede664277b103b051be8b64704dfd712056d9505e44f761bfdc52d15834441ac51363e927d0671f0edf5f472cee46c4445d7b564b18f784e83b" classname="com.github.traderjoe95.mls.protocol.tree.TreeKem" time="0.001"/>
  <testcase name="the decrypted path secret should be 7475af74a3264cef2bf00ab96c027df6eff088912af61fb54605455ef43197996c8e596f71fdac568017725eb13a647d3894a167f3e1c050d5c8e175fc2af3ce" classname="com.github.traderjoe95.mls.protocol.tree.TreeKem" time="0.004"/>
  <testcase name="a new update path generated by the sender should be successfully processed" classname="com.github.traderjoe95.mls.protocol.tree.TreeKem" time="0.004"/>
  <testcase name="the update path should be parent-hash valid" classname="com.github.traderjoe95.mls.protocol.tree.TreeKem" time="0.0"/>
  <testcase name="the tree hash after merging the update path should be 2ee35e1b3ddcec1dd56f68be1f6a530f4994105527384a47235c55c06c27d5a62e48eb2584694af1f62b8573389a2a07feac112fd2ce672236e197064cb3766b" classname="com.github.traderjoe95.mls.protocol.tree.TreeKem" time="0.0"/>
  <testcase name="the decrypted path secret should be e0fc1f8bc6c44dd3ea7a329e1a23767e13985c51d5ab6d9fe6fa556c700daf8011103cb2152c06333b25a3ed2f557184507b067e2d6a1b7022bc0fdce7b02b03" classname="com.github.traderjoe95.mls.protocol.tree.TreeKem" time="0.004"/>
  <testcase name="a new update path generated by the sender should be successfully processed" classname="com.github.traderjoe95.mls.protocol.tree.TreeKem" time="0.006"/>
  <testcase name="the update path should be parent-hash valid" classname="com.github.traderjoe95.mls.protocol.tree.TreeKem" time="0.001"/>
  <testcase name="the tree hash after merging the update path should be 2ee35e1b3ddcec1dd56f68be1f6a530f4994105527384a47235c55c06c27d5a62e48eb2584694af1f62b8573389a2a07feac112fd2ce672236e197064cb3766b" classname="com.github.traderjoe95.mls.protocol.tree.TreeKem" time="0.001"/>
  <testcase name="the decrypted path secret should be e0fc1f8bc6c44dd3ea7a329e1a23767e13985c51d5ab6d9fe6fa556c700daf8011103cb2152c06333b25a3ed2f557184507b067e2d6a1b7022bc0fdce7b02b03" classname="com.github.traderjoe95.mls.protocol.tree.TreeKem" time="0.004"/>
  <testcase name="a new update path generated by the sender should be successfully processed" classname="com.github.traderjoe95.mls.protocol.tree.TreeKem" time="0.005"/>
  <testcase name="the update path should be parent-hash valid" classname="com.github.traderjoe95.mls.protocol.tree.TreeKem" time="0.001"/>
  <testcase name="the tree hash after merging the update path should be 2ee35e1b3ddcec1dd56f68be1f6a530f4994105527384a47235c55c06c27d5a62e48eb2584694af1f62b8573389a2a07feac112fd2ce672236e197064cb3766b" classname="com.github.traderjoe95.mls.protocol.tree.TreeKem" time="0.0"/>
  <testcase name="the decrypted path secret should be e0fc1f8bc6c44dd3ea7a329e1a23767e13985c51d5ab6d9fe6fa556c700daf8011103cb2152c06333b25a3ed2f557184507b067e2d6a1b7022bc0fdce7b02b03" classname="com.github.traderjoe95.mls.protocol.tree.TreeKem" time="0.004"/>
  <testcase name="a new update path generated by the sender should be successfully processed" classname="com.github.traderjoe95.mls.protocol.tree.TreeKem" time="0.004"/>
  <testcase name="the update path should be parent-hash valid" classname="com.github.traderjoe95.mls.protocol.tree.TreeKem" time="0.001"/>
  <testcase name="the tree hash after merging the update path should be 2ee35e1b3ddcec1dd56f68be1f6a530f4994105527384a47235c55c06c27d5a62e48eb2584694af1f62b8573389a2a07feac112fd2ce672236e197064cb3766b" classname="com.github.traderjoe95.mls.protocol.tree.TreeKem" time="0.001"/>
  <testcase name="the decrypted path secret should be e0fc1f8bc6c44dd3ea7a329e1a23767e13985c51d5ab6d9fe6fa556c700daf8011103cb2152c06333b25a3ed2f557184507b067e2d6a1b7022bc0fdce7b02b03" classname="com.github.traderjoe95.mls.protocol.tree.TreeKem" time="0.004"/>
  <testcase name="a new update path generated by the sender should be successfully processed" classname="com.github.traderjoe95.mls.protocol.tree.TreeKem" time="0.004"/>
  <testcase name="the update path should be parent-hash valid" classname="com.github.traderjoe95.mls.protocol.tree.TreeKem" time="0.001"/>
  <testcase name="the tree hash after merging the update path should be 2ee35e1b3ddcec1dd56f68be1f6a530f4994105527384a47235c55c06c27d5a62e48eb2584694af1f62b8573389a2a07feac112fd2ce672236e197064cb3766b" classname="com.github.traderjoe95.mls.protocol.tree.TreeKem" time="0.0"/>
  <testcase name="the decrypted path secret should be 37e7a0da06c961dedfe9961339f0b1937e78f08dbb0ab50d1b730e3079debf75ddcac51d1425e5c4b1ab7844871401c8fb7b9168a15066b8ea67f48f7d7b8dcd" classname="com.github.traderjoe95.mls.protocol.tree.TreeKem" time="0.006"/>
  <testcase name="a new update path generated by the sender should be successfully processed" classname="com.github.traderjoe95.mls.protocol.tree.TreeKem" time="0.007"/>
  <testcase name="the update path should be parent-hash valid" classname="com.github.traderjoe95.mls.protocol.tree.TreeKem" time="0.001"/>
  <testcase name="the tree hash after merging the update path should be 2ee35e1b3ddcec1dd56f68be1f6a530f4994105527384a47235c55c06c27d5a62e48eb2584694af1f62b8573389a2a07feac112fd2ce672236e197064cb3766b" classname="com.github.traderjoe95.mls.protocol.tree.TreeKem" time="0.001"/>
  <testcase name="the decrypted path secret should be 37e7a0da06c961dedfe9961339f0b1937e78f08dbb0ab50d1b730e3079debf75ddcac51d1425e5c4b1ab7844871401c8fb7b9168a15066b8ea67f48f7d7b8dcd" classname="com.github.traderjoe95.mls.protocol.tree.TreeKem" time="0.006"/>
  <testcase name="a new update path generated by the sender should be successfully processed" classname="com.github.traderjoe95.mls.protocol.tree.TreeKem" time="0.007"/>
  <testcase name="the update path should be parent-hash valid" classname="com.github.traderjoe95.mls.protocol.tree.TreeKem" time="0.001"/>
  <testcase name="the tree hash after merging the update path should be 2ee35e1b3ddcec1dd56f68be1f6a530f4994105527384a47235c55c06c27d5a62e48eb2584694af1f62b8573389a2a07feac112fd2ce672236e197064cb3766b" classname="com.github.traderjoe95.mls.protocol.tree.TreeKem" time="0.001"/>
  <testcase name="the decrypted path secret should be 28ce39409adf01864bac6a2be9bf63ccb1d0766e7041a3eff5f7e3732fffbe32e1fd5e2420df90adf8d8ddeb18cb58450e88dcee390b55904a235b6217e8fafb" classname="com.github.traderjoe95.mls.protocol.tree.TreeKem" time="0.006"/>
  <testcase name="a new update path generated by the sender should be successfully processed" classname="com.github.traderjoe95.mls.protocol.tree.TreeKem" time="0.006"/>
  <testcase name="non-blank leaf 0 should be consistent with the public state" classname="com.github.traderjoe95.mls.protocol.tree.TreeKem" time="0.021"/>
  <testcase name="non-blank leaf 1 should be consistent with the public state" classname="com.github.traderjoe95.mls.protocol.tree.TreeKem" time="0.02"/>
  <testcase name="non-blank leaf 2 should be consistent with the public state" classname="com.github.traderjoe95.mls.protocol.tree.TreeKem" time="0.014"/>
  <testcase name="non-blank leaf 3 should be consistent with the public state" classname="com.github.traderjoe95.mls.protocol.tree.TreeKem" time="0.015"/>
  <testcase name="non-blank leaf 4 should be consistent with the public state" classname="com.github.traderjoe95.mls.protocol.tree.TreeKem" time="0.015"/>
  <testcase name="non-blank leaf 5 should be consistent with the public state" classname="com.github.traderjoe95.mls.protocol.tree.TreeKem" time="0.003"/>
  <testcase name="non-blank leaf 6 should be consistent with the public state" classname="com.github.traderjoe95.mls.protocol.tree.TreeKem" time="0.015"/>
  <testcase name="the update path should be parent-hash valid" classname="com.github.traderjoe95.mls.protocol.tree.TreeKem" time="0.0"/>
  <testcase name="the tree hash after merging the update path should be 766599251b6a2f15739dcf3c79f138fd58494d2bb9cae60cac32af49ef13ba026ba2fa099b383bb7236546a606ba6fb45dcf2884b23ea73c21df4882e64173ab" classname="com.github.traderjoe95.mls.protocol.tree.TreeKem" time="0.001"/>
  <testcase name="the decrypted path secret should be 3c70e05c5e039bb9cbad10c5ecbee58901a2a6cadea2a25acd7b58251b83f2cb90cfb7b990d8e43ee55f6715ff1c3b444c44c64d735d765cf2c1ac27911afc0e" classname="com.github.traderjoe95.mls.protocol.tree.TreeKem" time="0.006"/>
  <testcase name="a new update path generated by the sender should be successfully processed" classname="com.github.traderjoe95.mls.protocol.tree.TreeKem" time="0.007"/>
  <testcase name="the update path should be parent-hash valid" classname="com.github.traderjoe95.mls.protocol.tree.TreeKem" time="0.001"/>
  <testcase name="the tree hash after merging the update path should be 766599251b6a2f15739dcf3c79f138fd58494d2bb9cae60cac32af49ef13ba026ba2fa099b383bb7236546a606ba6fb45dcf2884b23ea73c21df4882e64173ab" classname="com.github.traderjoe95.mls.protocol.tree.TreeKem" time="0.0"/>
  <testcase name="the decrypted path secret should be cba7f20cc81c1134d3c61bd135a1a79a10fe0ba3d6bd711d848dbfcfc59a9a3b24d0370b3b1db3b2ecfda1f1e0ff23d3dd6757057555b8e265448dbd0a2221db" classname="com.github.traderjoe95.mls.protocol.tree.TreeKem" time="0.007"/>
  <testcase name="a new update path generated by the sender should be successfully processed" classname="com.github.traderjoe95.mls.protocol.tree.TreeKem" time="0.005"/>
  <testcase name="the update path should be parent-hash valid" classname="com.github.traderjoe95.mls.protocol.tree.TreeKem" time="0.0"/>
  <testcase name="the tree hash after merging the update path should be 766599251b6a2f15739dcf3c79f138fd58494d2bb9cae60cac32af49ef13ba026ba2fa099b383bb7236546a606ba6fb45dcf2884b23ea73c21df4882e64173ab" classname="com.github.traderjoe95.mls.protocol.tree.TreeKem" time="0.001"/>
  <testcase name="the decrypted path secret should be cba7f20cc81c1134d3c61bd135a1a79a10fe0ba3d6bd711d848dbfcfc59a9a3b24d0370b3b1db3b2ecfda1f1e0ff23d3dd6757057555b8e265448dbd0a2221db" classname="com.github.traderjoe95.mls.protocol.tree.TreeKem" time="0.004"/>
  <testcase name="a new update path generated by the sender should be successfully processed" classname="com.github.traderjoe95.mls.protocol.tree.TreeKem" time="0.004"/>
  <testcase name="the update path should be parent-hash valid" classname="com.github.traderjoe95.mls.protocol.tree.TreeKem" time="0.001"/>
  <testcase name="the tree hash after merging the update path should be 766599251b6a2f15739dcf3c79f138fd58494d2bb9cae60cac32af49ef13ba026ba2fa099b383bb7236546a606ba6fb45dcf2884b23ea73c21df4882e64173ab" classname="com.github.traderjoe95.mls.protocol.tree.TreeKem" time="0.0"/>
  <testcase name="the decrypted path secret should be 57f21786302ac25c25e797d67d827aeafff2306ed6e53764d47b2ed1d4a2aec4b94342c5f2b9fcc45b18032a9a238515f264a577855b6180045281c98876b14d" classname="com.github.traderjoe95.mls.protocol.tree.TreeKem" time="0.004"/>
  <testcase name="a new update path generated by the sender should be successfully processed" classname="com.github.traderjoe95.mls.protocol.tree.TreeKem" time="0.004"/>
  <testcase name="the update path should be parent-hash valid" classname="com.github.traderjoe95.mls.protocol.tree.TreeKem" time="0.0"/>
  <testcase name="the tree hash after merging the update path should be 766599251b6a2f15739dcf3c79f138fd58494d2bb9cae60cac32af49ef13ba026ba2fa099b383bb7236546a606ba6fb45dcf2884b23ea73c21df4882e64173ab" classname="com.github.traderjoe95.mls.protocol.tree.TreeKem" time="0.0"/>
  <testcase name="the decrypted path secret should be 57f21786302ac25c25e797d67d827aeafff2306ed6e53764d47b2ed1d4a2aec4b94342c5f2b9fcc45b18032a9a238515f264a577855b6180045281c98876b14d" classname="com.github.traderjoe95.mls.protocol.tree.TreeKem" time="0.004"/>
  <testcase name="a new update path generated by the sender should be successfully processed" classname="com.github.traderjoe95.mls.protocol.tree.TreeKem" time="0.005"/>
  <testcase name="the update path should be parent-hash valid" classname="com.github.traderjoe95.mls.protocol.tree.TreeKem" time="0.0"/>
  <testcase name="the tree hash after merging the update path should be 766599251b6a2f15739dcf3c79f138fd58494d2bb9cae60cac32af49ef13ba026ba2fa099b383bb7236546a606ba6fb45dcf2884b23ea73c21df4882e64173ab" classname="com.github.traderjoe95.mls.protocol.tree.TreeKem" time="0.001"/>
  <testcase name="the decrypted path secret should be 57f21786302ac25c25e797d67d827aeafff2306ed6e53764d47b2ed1d4a2aec4b94342c5f2b9fcc45b18032a9a238515f264a577855b6180045281c98876b14d" classname="com.github.traderjoe95.mls.protocol.tree.TreeKem" time="0.005"/>
  <testcase name="a new update path generated by the sender should be successfully processed" classname="com.github.traderjoe95.mls.protocol.tree.TreeKem" time="0.005"/>
  <testcase name="the update path should be parent-hash valid" classname="com.github.traderjoe95.mls.protocol.tree.TreeKem" time="0.0"/>
  <testcase name="the tree hash after merging the update path should be 1ca4c33d753f03f7880b4bef41d881970d5cd9330cd3245a6b8f3d2912695ffbd8c9e1d595f2f50c79472fd74ad862109fff95f9419ec367c35402b817f41dcd" classname="com.github.traderjoe95.mls.protocol.tree.TreeKem" time="0.0"/>
  <testcase name="the decrypted path secret should be 563db5adf06ec7dd1faf79ab7daa5b0126776f14c05d459911445d1648cd73f078f09972acc6965f31f19591714ff7f4463944943ba4ef9dc4f66444263803a2" classname="com.github.traderjoe95.mls.protocol.tree.TreeKem" time="0.003"/>
  <testcase name="a new update path generated by the sender should be successfully processed" classname="com.github.traderjoe95.mls.protocol.tree.TreeKem" time="0.004"/>
  <testcase name="the update path should be parent-hash valid" classname="com.github.traderjoe95.mls.protocol.tree.TreeKem" time="0.0"/>
  <testcase name="the tree hash after merging the update path should be 1ca4c33d753f03f7880b4bef41d881970d5cd9330cd3245a6b8f3d2912695ffbd8c9e1d595f2f50c79472fd74ad862109fff95f9419ec367c35402b817f41dcd" classname="com.github.traderjoe95.mls.protocol.tree.TreeKem" time="0.0"/>
  <testcase name="the decrypted path secret should be 8065e712927c9f63855f0e447c8dd9a133644e18e4178ee2d4f274fdbcf72a8ce35fad9d3fafb6b77aedb9c4f565a748475f030ff1262ea942c645c3998b090b" classname="com.github.traderjoe95.mls.protocol.tree.TreeKem" time="0.004"/>
  <testcase name="a new update path generated by the sender should be successfully processed" classname="com.github.traderjoe95.mls.protocol.tree.TreeKem" time="0.004"/>
  <testcase name="the update path should be parent-hash valid" classname="com.github.traderjoe95.mls.protocol.tree.TreeKem" time="0.0"/>
  <testcase name="the tree hash after merging the update path should be 1ca4c33d753f03f7880b4bef41d881970d5cd9330cd3245a6b8f3d2912695ffbd8c9e1d595f2f50c79472fd74ad862109fff95f9419ec367c35402b817f41dcd" classname="com.github.traderjoe95.mls.protocol.tree.TreeKem" time="0.0"/>
  <testcase name="the decrypted path secret should be 8065e712927c9f63855f0e447c8dd9a133644e18e4178ee2d4f274fdbcf72a8ce35fad9d3fafb6b77aedb9c4f565a748475f030ff1262ea942c645c3998b090b" classname="com.github.traderjoe95.mls.protocol.tree.TreeKem" time="0.004"/>
  <testcase name="a new update path generated by the sender should be successfully processed" classname="com.github.traderjoe95.mls.protocol.tree.TreeKem" time="0.004"/>
  <testcase name="the update path should be parent-hash valid" classname="com.github.traderjoe95.mls.protocol.tree.TreeKem" time="0.001"/>
  <testcase name="the tree hash after merging the update path should be 1ca4c33d753f03f7880b4bef41d881970d5cd9330cd3245a6b8f3d2912695ffbd8c9e1d595f2f50c79472fd74ad862109fff95f9419ec367c35402b817f41dcd" classname="com.github.traderjoe95.mls.protocol.tree.TreeKem" time="0.001"/>
  <testcase name="the decrypted path secret should be c65c4fce7cff66e318bdd39a61c51783badb70092b98132076a51f25b8fad73f22db98feffa3b24dd47e82ffda0d9436fb5d5fff44628cf29213d6416df14bc4" classname="com.github.traderjoe95.mls.protocol.tree.TreeKem" time="0.004"/>
  <testcase name="a new update path generated by the sender should be successfully processed" classname="com.github.traderjoe95.mls.protocol.tree.TreeKem" time="0.004"/>
  <testcase name="the update path should be parent-hash valid" classname="com.github.traderjoe95.mls.protocol.tree.TreeKem" time="0.0"/>
  <testcase name="the tree hash after merging the update path should be 1ca4c33d753f03f7880b4bef41d881970d5cd9330cd3245a6b8f3d2912695ffbd8c9e1d595f2f50c79472fd74ad862109fff95f9419ec367c35402b817f41dcd" classname="com.github.traderjoe95.mls.protocol.tree.TreeKem" time="0.0"/>
  <testcase name="the decrypted path secret should be c65c4fce7cff66e318bdd39a61c51783badb70092b98132076a51f25b8fad73f22db98feffa3b24dd47e82ffda0d9436fb5d5fff44628cf29213d6416df14bc4" classname="com.github.traderjoe95.mls.protocol.tree.TreeKem" time="0.004"/>
  <testcase name="a new update path generated by the sender should be successfully processed" classname="com.github.traderjoe95.mls.protocol.tree.TreeKem" time="0.004"/>
  <testcase name="the update path should be parent-hash valid" classname="com.github.traderjoe95.mls.protocol.tree.TreeKem" time="0.0"/>
  <testcase name="the tree hash after merging the update path should be 1ca4c33d753f03f7880b4bef41d881970d5cd9330cd3245a6b8f3d2912695ffbd8c9e1d595f2f50c79472fd74ad862109fff95f9419ec367c35402b817f41dcd" classname="com.github.traderjoe95.mls.protocol.tree.TreeKem" time="0.001"/>
  <testcase name="the decrypted path secret should be c65c4fce7cff66e318bdd39a61c51783badb70092b98132076a51f25b8fad73f22db98feffa3b24dd47e82ffda0d9436fb5d5fff44628cf29213d6416df14bc4" classname="com.github.traderjoe95.mls.protocol.tree.TreeKem" time="0.003"/>
  <testcase name="a new update path generated by the sender should be successfully processed" classname="com.github.traderjoe95.mls.protocol.tree.TreeKem" time="0.005"/>
  <testcase name="the update path should be parent-hash valid" classname="com.github.traderjoe95.mls.protocol.tree.TreeKem" time="0.0"/>
  <testcase name="the tree hash after merging the update path should be 33b55bff7dd885b6b65b2a7fd91c8f1f07a2330fe78c2c89d3b0439482d10aeee292b0be7ec83e0ef990a478e4ce496dae265b442a7b222743c8a21aa8776e16" classname="com.github.traderjoe95.mls.protocol.tree.TreeKem" time="0.0"/>
  <testcase name="the decrypted path secret should be fc06b3b2938a36d28355989b0f315d3d202fa4974940f49ac975a2c8d61df7e360159a685dcfb5b9869e6c3fa05b682c08f50792414b769c0944efe20268919e" classname="com.github.traderjoe95.mls.protocol.tree.TreeKem" time="0.004"/>
  <testcase name="a new update path generated by the sender should be successfully processed" classname="com.github.traderjoe95.mls.protocol.tree.TreeKem" time="0.004"/>
  <testcase name="the update path should be parent-hash valid" classname="com.github.traderjoe95.mls.protocol.tree.TreeKem" time="0.0"/>
  <testcase name="the tree hash after merging the update path should be 33b55bff7dd885b6b65b2a7fd91c8f1f07a2330fe78c2c89d3b0439482d10aeee292b0be7ec83e0ef990a478e4ce496dae265b442a7b222743c8a21aa8776e16" classname="com.github.traderjoe95.mls.protocol.tree.TreeKem" time="0.0"/>
  <testcase name="the decrypted path secret should be fc06b3b2938a36d28355989b0f315d3d202fa4974940f49ac975a2c8d61df7e360159a685dcfb5b9869e6c3fa05b682c08f50792414b769c0944efe20268919e" classname="com.github.traderjoe95.mls.protocol.tree.TreeKem" time="0.003"/>
  <testcase name="a new update path generated by the sender should be successfully processed" classname="com.github.traderjoe95.mls.protocol.tree.TreeKem" time="0.005"/>
  <testcase name="the update path should be parent-hash valid" classname="com.github.traderjoe95.mls.protocol.tree.TreeKem" time="0.0"/>
  <testcase name="the tree hash after merging the update path should be 33b55bff7dd885b6b65b2a7fd91c8f1f07a2330fe78c2c89d3b0439482d10aeee292b0be7ec83e0ef990a478e4ce496dae265b442a7b222743c8a21aa8776e16" classname="com.github.traderjoe95.mls.protocol.tree.TreeKem" time="0.0"/>
  <testcase name="the decrypted path secret should be 0f6b0b3abd07a89b9344fe5a60908f79a409f6813929045d771a7dce57b011131c5ad7fa123e5594dc88a5b8d0e6181b073c8bd83b00506ce9766de0c4ffa3b0" classname="com.github.traderjoe95.mls.protocol.tree.TreeKem" time="0.003"/>
  <testcase name="a new update path generated by the sender should be successfully processed" classname="com.github.traderjoe95.mls.protocol.tree.TreeKem" time="0.004"/>
  <testcase name="the update path should be parent-hash valid" classname="com.github.traderjoe95.mls.protocol.tree.TreeKem" time="0.0"/>
  <testcase name="the tree hash after merging the update path should be 33b55bff7dd885b6b65b2a7fd91c8f1f07a2330fe78c2c89d3b0439482d10aeee292b0be7ec83e0ef990a478e4ce496dae265b442a7b222743c8a21aa8776e16" classname="com.github.traderjoe95.mls.protocol.tree.TreeKem" time="0.001"/>
  <testcase name="the decrypted path secret should be 9798d0bfd2fe40605fd645fdf489dc2dd8b2ba4fa5ed139c30554534a8be0bdbcfcae3bea8570377f915634ee08b64c309f8aacc6a74db33bee13bf6cf423d55" classname="com.github.traderjoe95.mls.protocol.tree.TreeKem" time="0.004"/>
  <testcase name="a new update path generated by the sender should be successfully processed" classname="com.github.traderjoe95.mls.protocol.tree.TreeKem" time="0.004"/>
  <testcase name="the update path should be parent-hash valid" classname="com.github.traderjoe95.mls.protocol.tree.TreeKem" time="0.0"/>
  <testcase name="the tree hash after merging the update path should be 33b55bff7dd885b6b65b2a7fd91c8f1f07a2330fe78c2c89d3b0439482d10aeee292b0be7ec83e0ef990a478e4ce496dae265b442a7b222743c8a21aa8776e16" classname="com.github.traderjoe95.mls.protocol.tree.TreeKem" time="0.0"/>
  <testcase name="the decrypted path secret should be 9798d0bfd2fe40605fd645fdf489dc2dd8b2ba4fa5ed139c30554534a8be0bdbcfcae3bea8570377f915634ee08b64c309f8aacc6a74db33bee13bf6cf423d55" classname="com.github.traderjoe95.mls.protocol.tree.TreeKem" time="0.004"/>
  <testcase name="a new update path generated by the sender should be successfully processed" classname="com.github.traderjoe95.mls.protocol.tree.TreeKem" time="0.004"/>
  <testcase name="the update path should be parent-hash valid" classname="com.github.traderjoe95.mls.protocol.tree.TreeKem" time="0.0"/>
  <testcase name="the tree hash after merging the update path should be 33b55bff7dd885b6b65b2a7fd91c8f1f07a2330fe78c2c89d3b0439482d10aeee292b0be7ec83e0ef990a478e4ce496dae265b442a7b222743c8a21aa8776e16" classname="com.github.traderjoe95.mls.protocol.tree.TreeKem" time="0.0"/>
  <testcase name="the decrypted path secret should be 9798d0bfd2fe40605fd645fdf489dc2dd8b2ba4fa5ed139c30554534a8be0bdbcfcae3bea8570377f915634ee08b64c309f8aacc6a74db33bee13bf6cf423d55" classname="com.github.traderjoe95.mls.protocol.tree.TreeKem" time="0.004"/>
  <testcase name="a new update path generated by the sender should be successfully processed" classname="com.github.traderjoe95.mls.protocol.tree.TreeKem" time="0.005"/>
  <testcase name="the update path should be parent-hash valid" classname="com.github.traderjoe95.mls.protocol.tree.TreeKem" time="0.001"/>
  <testcase name="the tree hash after merging the update path should be 2c4522158ff92c79708c6435e63fd4ff1e2ef3926ddec34d77e8ff569b1d26ebe46d128cd94fa9be64f3a96dfd2cef299848498bf663a9b172a0ebb7511adf99" classname="com.github.traderjoe95.mls.protocol.tree.TreeKem" time="0.001"/>
  <testcase name="the decrypted path secret should be 9cb51ef605244bbefa491c953c47a351ca3590ca2153c95b8538bd53bdffaa8ae5a0183f1d0377d2645c98dc46a85d95c5d684b03dd1bbd06c5b3e79492a1056" classname="com.github.traderjoe95.mls.protocol.tree.TreeKem" time="0.006"/>
  <testcase name="a new update path generated by the sender should be successfully processed" classname="com.github.traderjoe95.mls.protocol.tree.TreeKem" time="0.004"/>
  <testcase name="the update path should be parent-hash valid" classname="com.github.traderjoe95.mls.protocol.tree.TreeKem" time="0.001"/>
  <testcase name="the tree hash after merging the update path should be 2c4522158ff92c79708c6435e63fd4ff1e2ef3926ddec34d77e8ff569b1d26ebe46d128cd94fa9be64f3a96dfd2cef299848498bf663a9b172a0ebb7511adf99" classname="com.github.traderjoe95.mls.protocol.tree.TreeKem" time="0.001"/>
  <testcase name="the decrypted path secret should be 9cb51ef605244bbefa491c953c47a351ca3590ca2153c95b8538bd53bdffaa8ae5a0183f1d0377d2645c98dc46a85d95c5d684b03dd1bbd06c5b3e79492a1056" classname="com.github.traderjoe95.mls.protocol.tree.TreeKem" time="0.004"/>
  <testcase name="a new update path generated by the sender should be successfully processed" classname="com.github.traderjoe95.mls.protocol.tree.TreeKem" time="0.004"/>
  <testcase name="the update path should be parent-hash valid" classname="com.github.traderjoe95.mls.protocol.tree.TreeKem" time="0.0"/>
  <testcase name="the tree hash after merging the update path should be 2c4522158ff92c79708c6435e63fd4ff1e2ef3926ddec34d77e8ff569b1d26ebe46d128cd94fa9be64f3a96dfd2cef299848498bf663a9b172a0ebb7511adf99" classname="com.github.traderjoe95.mls.protocol.tree.TreeKem" time="0.001"/>
  <testcase name="the decrypted path secret should be a983460206c181e748161e2574ae3cb9e96ba20ae97dc78eb2357a5845c320aed37f43c8d916b0f443f4bf1180d01c7d7d5a7f5198a730cc96e2feead8c97ac7" classname="com.github.traderjoe95.mls.protocol.tree.TreeKem" time="0.004"/>
  <testcase name="a new update path generated by the sender should be successfully processed" classname="com.github.traderjoe95.mls.protocol.tree.TreeKem" time="0.007"/>
  <testcase name="the update path should be parent-hash valid" classname="com.github.traderjoe95.mls.protocol.tree.TreeKem" time="0.001"/>
  <testcase name="the tree hash after merging the update path should be 2c4522158ff92c79708c6435e63fd4ff1e2ef3926ddec34d77e8ff569b1d26ebe46d128cd94fa9be64f3a96dfd2cef299848498bf663a9b172a0ebb7511adf99" classname="com.github.traderjoe95.mls.protocol.tree.TreeKem" time="0.0"/>
  <testcase name="the decrypted path secret should be 24f89e68781a4c35376c140b8b16feb236ac1341dc312cf27c9c17427e07aafb17a851f2d6eaaed42c1660d007dd00cb321d697c27a06d682b7e351745fd0914" classname="com.github.traderjoe95.mls.protocol.tree.TreeKem" time="0.004"/>
  <testcase name="a new update path generated by the sender should be successfully processed" classname="com.github.traderjoe95.mls.protocol.tree.TreeKem" time="0.01"/>
  <testcase name="the update path should be parent-hash valid" classname="com.github.traderjoe95.mls.protocol.tree.TreeKem" time="0.001"/>
  <testcase name="the tree hash after merging the update path should be 2c4522158ff92c79708c6435e63fd4ff1e2ef3926ddec34d77e8ff569b1d26ebe46d128cd94fa9be64f3a96dfd2cef299848498bf663a9b172a0ebb7511adf99" classname="com.github.traderjoe95.mls.protocol.tree.TreeKem" time="0.001"/>
  <testcase name="the decrypted path secret should be 24f89e68781a4c35376c140b8b16feb236ac1341dc312cf27c9c17427e07aafb17a851f2d6eaaed42c1660d007dd00cb321d697c27a06d682b7e351745fd0914" classname="com.github.traderjoe95.mls.protocol.tree.TreeKem" time="0.005"/>
  <testcase name="a new update path generated by the sender should be successfully processed" classname="com.github.traderjoe95.mls.protocol.tree.TreeKem" time="0.004"/>
  <testcase name="the update path should be parent-hash valid" classname="com.github.traderjoe95.mls.protocol.tree.TreeKem" time="0.0"/>
  <testcase name="the tree hash after merging the update path should be 2c4522158ff92c79708c6435e63fd4ff1e2ef3926ddec34d77e8ff569b1d26ebe46d128cd94fa9be64f3a96dfd2cef299848498bf663a9b172a0ebb7511adf99" classname="com.github.traderjoe95.mls.protocol.tree.TreeKem" time="0.0"/>
  <testcase name="the decrypted path secret should be 24f89e68781a4c35376c140b8b16feb236ac1341dc312cf27c9c17427e07aafb17a851f2d6eaaed42c1660d007dd00cb321d697c27a06d682b7e351745fd0914" classname="com.github.traderjoe95.mls.protocol.tree.TreeKem" time="0.004"/>
  <testcase name="a new update path generated by the sender should be successfully processed" classname="com.github.traderjoe95.mls.protocol.tree.TreeKem" time="0.004"/>
  <testcase name="the update path should be parent-hash valid" classname="com.github.traderjoe95.mls.protocol.tree.TreeKem" time="0.001"/>
  <testcase name="the tree hash after merging the update path should be b89746c881a77db8646ff14b571e95ea04bb3c6571e19dde47cc85a5a7394aafbd1ae2e391b73c5fbfe984f24a6bda094a882e1332c24e77238a9a55e2f3e28c" classname="com.github.traderjoe95.mls.protocol.tree.TreeKem" time="0.001"/>
  <testcase name="the decrypted path secret should be e5fc2c6ba22c5a696aedf5ee02451de990e4c597524a8992a35bd815b11122c1352d292a6cd9165553c1d14a3561225cc0ffce09c5931dac68943bd62d83ff5b" classname="com.github.traderjoe95.mls.protocol.tree.TreeKem" time="0.004"/>
  <testcase name="a new update path generated by the sender should be successfully processed" classname="com.github.traderjoe95.mls.protocol.tree.TreeKem" time="0.004"/>
  <testcase name="the update path should be parent-hash valid" classname="com.github.traderjoe95.mls.protocol.tree.TreeKem" time="0.001"/>
  <testcase name="the tree hash after merging the update path should be b89746c881a77db8646ff14b571e95ea04bb3c6571e19dde47cc85a5a7394aafbd1ae2e391b73c5fbfe984f24a6bda094a882e1332c24e77238a9a55e2f3e28c" classname="com.github.traderjoe95.mls.protocol.tree.TreeKem" time="0.001"/>
  <testcase name="the decrypted path secret should be e5fc2c6ba22c5a696aedf5ee02451de990e4c597524a8992a35bd815b11122c1352d292a6cd9165553c1d14a3561225cc0ffce09c5931dac68943bd62d83ff5b" classname="com.github.traderjoe95.mls.protocol.tree.TreeKem" time="0.004"/>
  <testcase name="a new update path generated by the sender should be successfully processed" classname="com.github.traderjoe95.mls.protocol.tree.TreeKem" time="0.004"/>
  <testcase name="the update path should be parent-hash valid" classname="com.github.traderjoe95.mls.protocol.tree.TreeKem" time="0.001"/>
  <testcase name="the tree hash after merging the update path should be b89746c881a77db8646ff14b571e95ea04bb3c6571e19dde47cc85a5a7394aafbd1ae2e391b73c5fbfe984f24a6bda094a882e1332c24e77238a9a55e2f3e28c" classname="com.github.traderjoe95.mls.protocol.tree.TreeKem" time="0.001"/>
  <testcase name="the decrypted path secret should be e5fc2c6ba22c5a696aedf5ee02451de990e4c597524a8992a35bd815b11122c1352d292a6cd9165553c1d14a3561225cc0ffce09c5931dac68943bd62d83ff5b" classname="com.github.traderjoe95.mls.protocol.tree.TreeKem" time="0.004"/>
  <testcase name="a new update path generated by the sender should be successfully processed" classname="com.github.traderjoe95.mls.protocol.tree.TreeKem" time="0.004"/>
  <testcase name="the update path should be parent-hash valid" classname="com.github.traderjoe95.mls.protocol.tree.TreeKem" time="0.0"/>
  <testcase name="the tree hash after merging the update path should be b89746c881a77db8646ff14b571e95ea04bb3c6571e19dde47cc85a5a7394aafbd1ae2e391b73c5fbfe984f24a6bda094a882e1332c24e77238a9a55e2f3e28c" classname="com.github.traderjoe95.mls.protocol.tree.TreeKem" time="0.001"/>
  <testcase name="the decrypted path secret should be e5fc2c6ba22c5a696aedf5ee02451de990e4c597524a8992a35bd815b11122c1352d292a6cd9165553c1d14a3561225cc0ffce09c5931dac68943bd62d83ff5b" classname="com.github.traderjoe95.mls.protocol.tree.TreeKem" time="0.004"/>
  <testcase name="a new update path generated by the sender should be successfully processed" classname="com.github.traderjoe95.mls.protocol.tree.TreeKem" time="0.004"/>
  <testcase name="the update path should be parent-hash valid" classname="com.github.traderjoe95.mls.protocol.tree.TreeKem" time="0.0"/>
  <testcase name="the tree hash after merging the update path should be b89746c881a77db8646ff14b571e95ea04bb3c6571e19dde47cc85a5a7394aafbd1ae2e391b73c5fbfe984f24a6bda094a882e1332c24e77238a9a55e2f3e28c" classname="com.github.traderjoe95.mls.protocol.tree.TreeKem" time="0.001"/>
  <testcase name="the decrypted path secret should be 57bbc9c928989c435002fe7aadaec154040a4fa89ad266c17f793e45e1b9a0b1bf4417a5010f29016457f77d29175505c7f7c751a5963936cfec42380e97dbcd" classname="com.github.traderjoe95.mls.protocol.tree.TreeKem" time="0.005"/>
  <testcase name="a new update path generated by the sender should be successfully processed" classname="com.github.traderjoe95.mls.protocol.tree.TreeKem" time="0.005"/>
  <testcase name="the update path should be parent-hash valid" classname="com.github.traderjoe95.mls.protocol.tree.TreeKem" time="0.0"/>
  <testcase name="the tree hash after merging the update path should be b89746c881a77db8646ff14b571e95ea04bb3c6571e19dde47cc85a5a7394aafbd1ae2e391b73c5fbfe984f24a6bda094a882e1332c24e77238a9a55e2f3e28c" classname="com.github.traderjoe95.mls.protocol.tree.TreeKem" time="0.001"/>
  <testcase name="the decrypted path secret should be 4f20cb962fcfb1dfc8d59149f3c8b625b09c3360937198c3a2dfe5c54f46b7940905e2260d0eea72d22d10b7592550ec8a896d51e2af1515eecbea177199ccf8" classname="com.github.traderjoe95.mls.protocol.tree.TreeKem" time="0.004"/>
  <testcase name="a new update path generated by the sender should be successfully processed" classname="com.github.traderjoe95.mls.protocol.tree.TreeKem" time="0.004"/>
  <testcase name="the update path should be parent-hash valid" classname="com.github.traderjoe95.mls.protocol.tree.TreeKem" time="0.0"/>
  <testcase name="the tree hash after merging the update path should be 63f35b26818274ddc78473185a455b6e311692a4c33aacccc75062d9da0465a9fc78bafb6f79804dd535e608ee21c7dea599908c9667cb04f567053784eda7f5" classname="com.github.traderjoe95.mls.protocol.tree.TreeKem" time="0.0"/>
  <testcase name="the decrypted path secret should be 43106eed5c932de0fa1335848a4a8effc2b10af30e867d202513a1332ae34ce5d8211fd84b27aef3ab57f162f7fe6ac94890bbf3dd030f320c6dff5c34c69b95" classname="com.github.traderjoe95.mls.protocol.tree.TreeKem" time="0.004"/>
  <testcase name="a new update path generated by the sender should be successfully processed" classname="com.github.traderjoe95.mls.protocol.tree.TreeKem" time="0.004"/>
  <testcase name="the update path should be parent-hash valid" classname="com.github.traderjoe95.mls.protocol.tree.TreeKem" time="0.0"/>
  <testcase name="the tree hash after merging the update path should be 63f35b26818274ddc78473185a455b6e311692a4c33aacccc75062d9da0465a9fc78bafb6f79804dd535e608ee21c7dea599908c9667cb04f567053784eda7f5" classname="com.github.traderjoe95.mls.protocol.tree.TreeKem" time="0.0"/>
  <testcase name="the decrypted path secret should be 43106eed5c932de0fa1335848a4a8effc2b10af30e867d202513a1332ae34ce5d8211fd84b27aef3ab57f162f7fe6ac94890bbf3dd030f320c6dff5c34c69b95" classname="com.github.traderjoe95.mls.protocol.tree.TreeKem" time="0.004"/>
  <testcase name="a new update path generated by the sender should be successfully processed" classname="com.github.traderjoe95.mls.protocol.tree.TreeKem" time="0.004"/>
  <testcase name="the update path should be parent-hash valid" classname="com.github.traderjoe95.mls.protocol.tree.TreeKem" time="0.0"/>
  <testcase name="the tree hash after merging the update path should be 63f35b26818274ddc78473185a455b6e311692a4c33aacccc75062d9da0465a9fc78bafb6f79804dd535e608ee21c7dea599908c9667cb04f567053784eda7f5" classname="com.github.traderjoe95.mls.protocol.tree.TreeKem" time="0.001"/>
  <testcase name="the decrypted path secret should be 43106eed5c932de0fa1335848a4a8effc2b10af30e867d202513a1332ae34ce5d8211fd84b27aef3ab57f162f7fe6ac94890bbf3dd030f320c6dff5c34c69b95" classname="com.github.traderjoe95.mls.protocol.tree.TreeKem" time="0.004"/>
  <testcase name="a new update path generated by the sender should be successfully processed" classname="com.github.traderjoe95.mls.protocol.tree.TreeKem" time="0.004"/>
  <testcase name="the update path should be parent-hash valid" classname="com.github.traderjoe95.mls.protocol.tree.TreeKem" time="0.0"/>
  <testcase name="the tree hash after merging the update path should be 63f35b26818274ddc78473185a455b6e311692a4c33aacccc75062d9da0465a9fc78bafb6f79804dd535e608ee21c7dea599908c9667cb04f567053784eda7f5" classname="com.github.traderjoe95.mls.protocol.tree.TreeKem" time="0.0"/>
  <testcase name="the decrypted path secret should be 43106eed5c932de0fa1335848a4a8effc2b10af30e867d202513a1332ae34ce5d8211fd84b27aef3ab57f162f7fe6ac94890bbf3dd030f320c6dff5c34c69b95" classname="com.github.traderjoe95.mls.protocol.tree.TreeKem" time="0.003"/>
  <testcase name="a new update path generated by the sender should be successfully processed" classname="com.github.traderjoe95.mls.protocol.tree.TreeKem" time="0.004"/>
  <testcase name="the update path should be parent-hash valid" classname="com.github.traderjoe95.mls.protocol.tree.TreeKem" time="0.0"/>
  <testcase name="the tree hash after merging the update path should be 63f35b26818274ddc78473185a455b6e311692a4c33aacccc75062d9da0465a9fc78bafb6f79804dd535e608ee21c7dea599908c9667cb04f567053784eda7f5" classname="com.github.traderjoe95.mls.protocol.tree.TreeKem" time="0.0"/>
  <testcase name="the decrypted path secret should be e591ffaefa0429884429b0dc2ba3838948bdd0cc78c3f7b9eb7446cd02051d75914862a51f9b6235d6e64c429457f722a6090fb4c73ef9ba2eec36ddf3a515b9" classname="com.github.traderjoe95.mls.protocol.tree.TreeKem" time="0.004"/>
  <testcase name="a new update path generated by the sender should be successfully processed" classname="com.github.traderjoe95.mls.protocol.tree.TreeKem" time="0.004"/>
  <testcase name="the update path should be parent-hash valid" classname="com.github.traderjoe95.mls.protocol.tree.TreeKem" time="0.0"/>
  <testcase name="the tree hash after merging the update path should be 63f35b26818274ddc78473185a455b6e311692a4c33aacccc75062d9da0465a9fc78bafb6f79804dd535e608ee21c7dea599908c9667cb04f567053784eda7f5" classname="com.github.traderjoe95.mls.protocol.tree.TreeKem" time="0.0"/>
  <testcase name="the decrypted path secret should be fcd444d297b9a2a950c82057ae29eceed4e71d71badedb9a05b5f89548a9054a8626fd3a269a4786e4541556272c041809646252a7cb855e3df57765fe5de090" classname="com.github.traderjoe95.mls.protocol.tree.TreeKem" time="0.004"/>
  <testcase name="a new update path generated by the sender should be successfully processed" classname="com.github.traderjoe95.mls.protocol.tree.TreeKem" time="0.004"/>
  <testcase name="the update path should be parent-hash valid" classname="com.github.traderjoe95.mls.protocol.tree.TreeKem" time="0.001"/>
  <testcase name="the tree hash after merging the update path should be 279928d2e96d185e6673c626ccdd01df39116605262329e92c6086c5dee89c9a4a03e54667f5c3c26c6bec58c2b6a5574a2e21ad462d40158c94e97230334219" classname="com.github.traderjoe95.mls.protocol.tree.TreeKem" time="0.001"/>
  <testcase name="the decrypted path secret should be 77747a171039401f40d591a25f23846249eff9618d1d717f530f04bf210306ca492bd7884bf6f5dab8c12f57b25a3cb20d5d5f709d3641d9b07d79e4f7aca889" classname="com.github.traderjoe95.mls.protocol.tree.TreeKem" time="0.004"/>
  <testcase name="a new update path generated by the sender should be successfully processed" classname="com.github.traderjoe95.mls.protocol.tree.TreeKem" time="0.004"/>
  <testcase name="the update path should be parent-hash valid" classname="com.github.traderjoe95.mls.protocol.tree.TreeKem" time="0.0"/>
  <testcase name="the tree hash after merging the update path should be 279928d2e96d185e6673c626ccdd01df39116605262329e92c6086c5dee89c9a4a03e54667f5c3c26c6bec58c2b6a5574a2e21ad462d40158c94e97230334219" classname="com.github.traderjoe95.mls.protocol.tree.TreeKem" time="0.001"/>
  <testcase name="the decrypted path secret should be 77747a171039401f40d591a25f23846249eff9618d1d717f530f04bf210306ca492bd7884bf6f5dab8c12f57b25a3cb20d5d5f709d3641d9b07d79e4f7aca889" classname="com.github.traderjoe95.mls.protocol.tree.TreeKem" time="0.003"/>
  <testcase name="a new update path generated by the sender should be successfully processed" classname="com.github.traderjoe95.mls.protocol.tree.TreeKem" time="0.004"/>
  <testcase name="the update path should be parent-hash valid" classname="com.github.traderjoe95.mls.protocol.tree.TreeKem" time="0.001"/>
  <testcase name="the tree hash after merging the update path should be 279928d2e96d185e6673c626ccdd01df39116605262329e92c6086c5dee89c9a4a03e54667f5c3c26c6bec58c2b6a5574a2e21ad462d40158c94e97230334219" classname="com.github.traderjoe95.mls.protocol.tree.TreeKem" time="0.001"/>
  <testcase name="the decrypted path secret should be 77747a171039401f40d591a25f23846249eff9618d1d717f530f04bf210306ca492bd7884bf6f5dab8c12f57b25a3cb20d5d5f709d3641d9b07d79e4f7aca889" classname="com.github.traderjoe95.mls.protocol.tree.TreeKem" time="0.004"/>
  <testcase name="a new update path generated by the sender should be successfully processed" classname="com.github.traderjoe95.mls.protocol.tree.TreeKem" time="0.004"/>
  <testcase name="the update path should be parent-hash valid" classname="com.github.traderjoe95.mls.protocol.tree.TreeKem" time="0.001"/>
  <testcase name="the tree hash after merging the update path should be 279928d2e96d185e6673c626ccdd01df39116605262329e92c6086c5dee89c9a4a03e54667f5c3c26c6bec58c2b6a5574a2e21ad462d40158c94e97230334219" classname="com.github.traderjoe95.mls.protocol.tree.TreeKem" time="0.0"/>
  <testcase name="the decrypted path secret should be 77747a171039401f40d591a25f23846249eff9618d1d717f530f04bf210306ca492bd7884bf6f5dab8c12f57b25a3cb20d5d5f709d3641d9b07d79e4f7aca889" classname="com.github.traderjoe95.mls.protocol.tree.TreeKem" time="0.003"/>
  <testcase name="a new update path generated by the sender should be successfully processed" classname="com.github.traderjoe95.mls.protocol.tree.TreeKem" time="0.004"/>
  <testcase name="the update path should be parent-hash valid" classname="com.github.traderjoe95.mls.protocol.tree.TreeKem" time="0.0"/>
  <testcase name="the tree hash after merging the update path should be 279928d2e96d185e6673c626ccdd01df39116605262329e92c6086c5dee89c9a4a03e54667f5c3c26c6bec58c2b6a5574a2e21ad462d40158c94e97230334219" classname="com.github.traderjoe95.mls.protocol.tree.TreeKem" time="0.0"/>
  <testcase name="the decrypted path secret should be 96f97e636c9b1029c54ff5042696c7d18a1f00bc45cbd0964dbfa967f1d99f64208c2a1311184aa261ab67bf3d01d5aff1888e8243ddd5f6e0f72c628577a901" classname="com.github.traderjoe95.mls.protocol.tree.TreeKem" time="0.004"/>
  <testcase name="a new update path generated by the sender should be successfully processed" classname="com.github.traderjoe95.mls.protocol.tree.TreeKem" time="0.004"/>
  <testcase name="the update path should be parent-hash valid" classname="com.github.traderjoe95.mls.protocol.tree.TreeKem" time="0.0"/>
  <testcase name="the tree hash after merging the update path should be 279928d2e96d185e6673c626ccdd01df39116605262329e92c6086c5dee89c9a4a03e54667f5c3c26c6bec58c2b6a5574a2e21ad462d40158c94e97230334219" classname="com.github.traderjoe95.mls.protocol.tree.TreeKem" time="0.001"/>
  <testcase name="the decrypted path secret should be 96f97e636c9b1029c54ff5042696c7d18a1f00bc45cbd0964dbfa967f1d99f64208c2a1311184aa261ab67bf3d01d5aff1888e8243ddd5f6e0f72c628577a901" classname="com.github.traderjoe95.mls.protocol.tree.TreeKem" time="0.003"/>
  <testcase name="a new update path generated by the sender should be successfully processed" classname="com.github.traderjoe95.mls.protocol.tree.TreeKem" time="0.004"/>
  <testcase name="non-blank leaf 0 should be consistent with the public state" classname="com.github.traderjoe95.mls.protocol.tree.TreeKem" time="0.001"/>
  <testcase name="non-blank leaf 1 should be consistent with the public state" classname="com.github.traderjoe95.mls.protocol.tree.TreeKem" time="0.0"/>
  <testcase name="the update path should be parent-hash valid" classname="com.github.traderjoe95.mls.protocol.tree.TreeKem" time="0.0"/>
  <testcase name="the tree hash after merging the update path should be 7b4e6a46252ccea699a70b4cbe1256719cd889bd94e11ec329f82847741680b8e611a9205459eab7387141df296a92bbc927e472b79cae06beed21bf9fa679a1" classname="com.github.traderjoe95.mls.protocol.tree.TreeKem" time="0.0"/>
  <testcase name="the decrypted path secret should be 1d25243acaf5958a18425b4ccc898679204631170b2131353e00ac14f0179b238122c7180ab99d6a6dfd1bb685c6cb9c4a1894b0534b4d0c52fcb1c3ad678148" classname="com.github.traderjoe95.mls.protocol.tree.TreeKem" time="0.001"/>
  <testcase name="a new update path generated by the sender should be successfully processed" classname="com.github.traderjoe95.mls.protocol.tree.TreeKem" time="0.001"/>
  <testcase name="the update path should be parent-hash valid" classname="com.github.traderjoe95.mls.protocol.tree.TreeKem" time="0.0"/>
  <testcase name="the tree hash after merging the update path should be 8ff3e42afcb4bac438883783aece76833fc0db3dd67bbe2cac79d6fd4d1eeae4486af88a1c416cb3360e7f491400c8a64df3037e2a138c2565a216c0627f696e" classname="com.github.traderjoe95.mls.protocol.tree.TreeKem" time="0.0"/>
  <testcase name="the decrypted path secret should be 02931f37396f7bcbf323e97782accf082cb746c17c3743976837848b01e28b85ec6657d80f4f593671b7b1496043e2b64e5b8440158eaab8b7541d62ecb6bcef" classname="com.github.traderjoe95.mls.protocol.tree.TreeKem" time="0.001"/>
  <testcase name="a new update path generated by the sender should be successfully processed" classname="com.github.traderjoe95.mls.protocol.tree.TreeKem" time="0.001"/>
  <testcase name="non-blank leaf 0 should be consistent with the public state" classname="com.github.traderjoe95.mls.protocol.tree.TreeKem" time="0.001"/>
  <testcase name="non-blank leaf 1 should be consistent with the public state" classname="com.github.traderjoe95.mls.protocol.tree.TreeKem" time="0.001"/>
  <testcase name="non-blank leaf 2 should be consistent with the public state" classname="com.github.traderjoe95.mls.protocol.tree.TreeKem" time="0.001"/>
  <testcase name="the update path should be parent-hash valid" classname="com.github.traderjoe95.mls.protocol.tree.TreeKem" time="0.0"/>
  <testcase name="the tree hash after merging the update path should be c02495aa861cffd32515e063f3bee4e9d2e2e36e3c3cb632757231a133b36d7528acb26e3bcba7777d4d516ea56fced459a7223d1470b241978b6db493ad4c4e" classname="com.github.traderjoe95.mls.protocol.tree.TreeKem" time="0.001"/>
  <testcase name="the decrypted path secret should be 1d25243acaf5958a18425b4ccc898679204631170b2131353e00ac14f0179b238122c7180ab99d6a6dfd1bb685c6cb9c4a1894b0534b4d0c52fcb1c3ad678148" classname="com.github.traderjoe95.mls.protocol.tree.TreeKem" time="0.001"/>
  <testcase name="a new update path generated by the sender should be successfully processed" classname="com.github.traderjoe95.mls.protocol.tree.TreeKem" time="0.002"/>
  <testcase name="the update path should be parent-hash valid" classname="com.github.traderjoe95.mls.protocol.tree.TreeKem" time="0.0"/>
  <testcase name="the tree hash after merging the update path should be c02495aa861cffd32515e063f3bee4e9d2e2e36e3c3cb632757231a133b36d7528acb26e3bcba7777d4d516ea56fced459a7223d1470b241978b6db493ad4c4e" classname="com.github.traderjoe95.mls.protocol.tree.TreeKem" time="0.0"/>
  <testcase name="the decrypted path secret should be 34c26ec513691ca0b1e11c786d7f02cf7f837aa11c61d2adbd021328599c2b8a41981458678729724cc2ea86b6da1a7a603b6bdcffc02e2c79a8ff8336b7d71d" classname="com.github.traderjoe95.mls.protocol.tree.TreeKem" time="0.001"/>
  <testcase name="a new update path generated by the sender should be successfully processed" classname="com.github.traderjoe95.mls.protocol.tree.TreeKem" time="0.001"/>
  <testcase name="the update path should be parent-hash valid" classname="com.github.traderjoe95.mls.protocol.tree.TreeKem" time="0.0"/>
  <testcase name="the tree hash after merging the update path should be 3dcd80dc17e0f7eef1c772ab445fb80c6b8ea2685fbfb359ab2c6774e578289b009c8aa9dafb52f8bc45b110411d75daf827f57b2b40cd022fd8beacbe996751" classname="com.github.traderjoe95.mls.protocol.tree.TreeKem" time="0.001"/>
  <testcase name="the decrypted path secret should be 02931f37396f7bcbf323e97782accf082cb746c17c3743976837848b01e28b85ec6657d80f4f593671b7b1496043e2b64e5b8440158eaab8b7541d62ecb6bcef" classname="com.github.traderjoe95.mls.protocol.tree.TreeKem" time="0.001"/>
  <testcase name="a new update path generated by the sender should be successfully processed" classname="com.github.traderjoe95.mls.protocol.tree.TreeKem" time="0.001"/>
  <testcase name="the update path should be parent-hash valid" classname="com.github.traderjoe95.mls.protocol.tree.TreeKem" time="0.0"/>
  <testcase name="the tree hash after merging the update path should be 3dcd80dc17e0f7eef1c772ab445fb80c6b8ea2685fbfb359ab2c6774e578289b009c8aa9dafb52f8bc45b110411d75daf827f57b2b40cd022fd8beacbe996751" classname="com.github.traderjoe95.mls.protocol.tree.TreeKem" time="0.0"/>
  <testcase name="the decrypted path secret should be 22642e10b2195d9ae2e6125a04a43a4b3baddb83f8cd4fb1a94c5086cdbaa871467d93714b98421f9c2438814a16fd09625ac1aeafba96854f431ed3f9b46985" classname="com.github.traderjoe95.mls.protocol.tree.TreeKem" time="0.001"/>
  <testcase name="a new update path generated by the sender should be successfully processed" classname="com.github.traderjoe95.mls.protocol.tree.TreeKem" time="0.001"/>
  <testcase name="the update path should be parent-hash valid" classname="com.github.traderjoe95.mls.protocol.tree.TreeKem" time="0.0"/>
  <testcase name="the tree hash after merging the update path should be 90eacdadef58a3a0cbb09dd1069f951948c5d6bd0e3888c17a1c64adfeb3fa075440eb3e98c1a7f63486aabdab531db0bb37ba7f67b5b9bb883385f1e1022efe" classname="com.github.traderjoe95.mls.protocol.tree.TreeKem" time="0.0"/>
  <testcase name="the decrypted path secret should be 78ad8bc01d9cdba1c80d2ba9be70e07d936e1270be27e1f004d9edb4d8033077d8c567c6a0d25c140a2797a8aa2d2e821b0f78354c701908dc37a112bfcd6b86" classname="com.github.traderjoe95.mls.protocol.tree.TreeKem" time="0.0"/>
  <testcase name="a new update path generated by the sender should be successfully processed" classname="com.github.traderjoe95.mls.protocol.tree.TreeKem" time="0.001"/>
  <testcase name="the update path should be parent-hash valid" classname="com.github.traderjoe95.mls.protocol.tree.TreeKem" time="0.0"/>
  <testcase name="the tree hash after merging the update path should be 90eacdadef58a3a0cbb09dd1069f951948c5d6bd0e3888c17a1c64adfeb3fa075440eb3e98c1a7f63486aabdab531db0bb37ba7f67b5b9bb883385f1e1022efe" classname="com.github.traderjoe95.mls.protocol.tree.TreeKem" time="0.0"/>
  <testcase name="the decrypted path secret should be 78ad8bc01d9cdba1c80d2ba9be70e07d936e1270be27e1f004d9edb4d8033077d8c567c6a0d25c140a2797a8aa2d2e821b0f78354c701908dc37a112bfcd6b86" classname="com.github.traderjoe95.mls.protocol.tree.TreeKem" time="0.001"/>
  <testcase name="a new update path generated by the sender should be successfully processed" classname="com.github.traderjoe95.mls.protocol.tree.TreeKem" time="0.001"/>
  <testcase name="non-blank leaf 0 should be consistent with the public state" classname="com.github.traderjoe95.mls.protocol.tree.TreeKem" time="0.001"/>
  <testcase name="non-blank leaf 1 should be consistent with the public state" classname="com.github.traderjoe95.mls.protocol.tree.TreeKem" time="0.001"/>
  <testcase name="non-blank leaf 2 should be consistent with the public state" classname="com.github.traderjoe95.mls.protocol.tree.TreeKem" time="0.0"/>
  <testcase name="non-blank leaf 3 should be consistent with the public state" classname="com.github.traderjoe95.mls.protocol.tree.TreeKem" time="0.001"/>
  <testcase name="the update path should be parent-hash valid" classname="com.github.traderjoe95.mls.protocol.tree.TreeKem" time="0.0"/>
  <testcase name="the tree hash after merging the update path should be 872db5648281f6f14a36bba4c0a267272ea430c373074dfba3a9d63aa2b5c382752b5e4d11d976a52e645c193bc818c6b4cb07338c649d0321015f6cafaed1ea" classname="com.github.traderjoe95.mls.protocol.tree.TreeKem" time="0.001"/>
  <testcase name="the decrypted path secret should be 1d25243acaf5958a18425b4ccc898679204631170b2131353e00ac14f0179b238122c7180ab99d6a6dfd1bb685c6cb9c4a1894b0534b4d0c52fcb1c3ad678148" classname="com.github.traderjoe95.mls.protocol.tree.TreeKem" time="0.001"/>
  <testcase name="a new update path generated by the sender should be successfully processed" classname="com.github.traderjoe95.mls.protocol.tree.TreeKem" time="0.002"/>
  <testcase name="the update path should be parent-hash valid" classname="com.github.traderjoe95.mls.protocol.tree.TreeKem" time="0.001"/>
  <testcase name="the tree hash after merging the update path should be 872db5648281f6f14a36bba4c0a267272ea430c373074dfba3a9d63aa2b5c382752b5e4d11d976a52e645c193bc818c6b4cb07338c649d0321015f6cafaed1ea" classname="com.github.traderjoe95.mls.protocol.tree.TreeKem" time="0.0"/>
  <testcase name="the decrypted path secret should be 34c26ec513691ca0b1e11c786d7f02cf7f837aa11c61d2adbd021328599c2b8a41981458678729724cc2ea86b6da1a7a603b6bdcffc02e2c79a8ff8336b7d71d" classname="com.github.traderjoe95.mls.protocol.tree.TreeKem" time="0.0"/>
  <testcase name="a new update path generated by the sender should be successfully processed" classname="com.github.traderjoe95.mls.protocol.tree.TreeKem" time="0.001"/>
  <testcase name="the update path should be parent-hash valid" classname="com.github.traderjoe95.mls.protocol.tree.TreeKem" time="0.0"/>
  <testcase name="the tree hash after merging the update path should be 872db5648281f6f14a36bba4c0a267272ea430c373074dfba3a9d63aa2b5c382752b5e4d11d976a52e645c193bc818c6b4cb07338c649d0321015f6cafaed1ea" classname="com.github.traderjoe95.mls.protocol.tree.TreeKem" time="0.0"/>
  <testcase name="the decrypted path secret should be 34c26ec513691ca0b1e11c786d7f02cf7f837aa11c61d2adbd021328599c2b8a41981458678729724cc2ea86b6da1a7a603b6bdcffc02e2c79a8ff8336b7d71d" classname="com.github.traderjoe95.mls.protocol.tree.TreeKem" time="0.001"/>
  <testcase name="a new update path generated by the sender should be successfully processed" classname="com.github.traderjoe95.mls.protocol.tree.TreeKem" time="0.001"/>
  <testcase name="the update path should be parent-hash valid" classname="com.github.traderjoe95.mls.protocol.tree.TreeKem" time="0.0"/>
  <testcase name="the tree hash after merging the update path should be dfbea2d82d1fb800181dc275d1c978daa44cf239da2c3c4725b82e5dd12f4813180a90c43955824f777491317f2e4aa7dbd8103eca7cee0d44ac426f34140704" classname="com.github.traderjoe95.mls.protocol.tree.TreeKem" time="0.0"/>
  <testcase name="the decrypted path secret should be 02931f37396f7bcbf323e97782accf082cb746c17c3743976837848b01e28b85ec6657d80f4f593671b7b1496043e2b64e5b8440158eaab8b7541d62ecb6bcef" classname="com.github.traderjoe95.mls.protocol.tree.TreeKem" time="0.001"/>
  <testcase name="a new update path generated by the sender should be successfully processed" classname="com.github.traderjoe95.mls.protocol.tree.TreeKem" time="0.001"/>
  <testcase name="the update path should be parent-hash valid" classname="com.github.traderjoe95.mls.protocol.tree.TreeKem" time="0.0"/>
  <testcase name="the tree hash after merging the update path should be dfbea2d82d1fb800181dc275d1c978daa44cf239da2c3c4725b82e5dd12f4813180a90c43955824f777491317f2e4aa7dbd8103eca7cee0d44ac426f34140704" classname="com.github.traderjoe95.mls.protocol.tree.TreeKem" time="0.0"/>
  <testcase name="the decrypted path secret should be 22642e10b2195d9ae2e6125a04a43a4b3baddb83f8cd4fb1a94c5086cdbaa871467d93714b98421f9c2438814a16fd09625ac1aeafba96854f431ed3f9b46985" classname="com.github.traderjoe95.mls.protocol.tree.TreeKem" time="0.001"/>
  <testcase name="a new update path generated by the sender should be successfully processed" classname="com.github.traderjoe95.mls.protocol.tree.TreeKem" time="0.001"/>
  <testcase name="the update path should be parent-hash valid" classname="com.github.traderjoe95.mls.protocol.tree.TreeKem" time="0.001"/>
  <testcase name="the tree hash after merging the update path should be dfbea2d82d1fb800181dc275d1c978daa44cf239da2c3c4725b82e5dd12f4813180a90c43955824f777491317f2e4aa7dbd8103eca7cee0d44ac426f34140704" classname="com.github.traderjoe95.mls.protocol.tree.TreeKem" time="0.001"/>
  <testcase name="the decrypted path secret should be 22642e10b2195d9ae2e6125a04a43a4b3baddb83f8cd4fb1a94c5086cdbaa871467d93714b98421f9c2438814a16fd09625ac1aeafba96854f431ed3f9b46985" classname="com.github.traderjoe95.mls.protocol.tree.TreeKem" time="0.001"/>
  <testcase name="a new update path generated by the sender should be successfully processed" classname="com.github.traderjoe95.mls.protocol.tree.TreeKem" time="0.001"/>
  <testcase name="the update path should be parent-hash valid" classname="com.github.traderjoe95.mls.protocol.tree.TreeKem" time="0.0"/>
  <testcase name="the tree hash after merging the update path should be 40583f974f5ed9a61d55dda243fb8ee75462d723f2c577c58235edadb0215cbe3979a9a17f691e9537ebdc92c00d8d4fc542f43542943119986c4ad386f433ff" classname="com.github.traderjoe95.mls.protocol.tree.TreeKem" time="0.001"/>
  <testcase name="the decrypted path secret should be f991086111f752406ced96a6ce137dc30bc6c85e458a30520db5dd098051e1edd7228456b492c43861964fa4b57793a546cd5668e4ea031fbc307ab2fdf22523" classname="com.github.traderjoe95.mls.protocol.tree.TreeKem" time="0.002"/>
  <testcase name="a new update path generated by the sender should be successfully processed" classname="com.github.traderjoe95.mls.protocol.tree.TreeKem" time="0.001"/>
  <testcase name="the update path should be parent-hash valid" classname="com.github.traderjoe95.mls.protocol.tree.TreeKem" time="0.0"/>
  <testcase name="the tree hash after merging the update path should be 40583f974f5ed9a61d55dda243fb8ee75462d723f2c577c58235edadb0215cbe3979a9a17f691e9537ebdc92c00d8d4fc542f43542943119986c4ad386f433ff" classname="com.github.traderjoe95.mls.protocol.tree.TreeKem" time="0.001"/>
  <testcase name="the decrypted path secret should be f991086111f752406ced96a6ce137dc30bc6c85e458a30520db5dd098051e1edd7228456b492c43861964fa4b57793a546cd5668e4ea031fbc307ab2fdf22523" classname="com.github.traderjoe95.mls.protocol.tree.TreeKem" time="0.001"/>
  <testcase name="a new update path generated by the sender should be successfully processed" classname="com.github.traderjoe95.mls.protocol.tree.TreeKem" time="0.001"/>
  <testcase name="the update path should be parent-hash valid" classname="com.github.traderjoe95.mls.protocol.tree.TreeKem" time="0.001"/>
  <testcase name="the tree hash after merging the update path should be 40583f974f5ed9a61d55dda243fb8ee75462d723f2c577c58235edadb0215cbe3979a9a17f691e9537ebdc92c00d8d4fc542f43542943119986c4ad386f433ff" classname="com.github.traderjoe95.mls.protocol.tree.TreeKem" time="0.0"/>
  <testcase name="the decrypted path secret should be 78ad8bc01d9cdba1c80d2ba9be70e07d936e1270be27e1f004d9edb4d8033077d8c567c6a0d25c140a2797a8aa2d2e821b0f78354c701908dc37a112bfcd6b86" classname="com.github.traderjoe95.mls.protocol.tree.TreeKem" time="0.001"/>
  <testcase name="a new update path generated by the sender should be successfully processed" classname="com.github.traderjoe95.mls.protocol.tree.TreeKem" time="0.001"/>
  <testcase name="the update path should be parent-hash valid" classname="com.github.traderjoe95.mls.protocol.tree.TreeKem" time="0.0"/>
  <testcase name="the tree hash after merging the update path should be aeac364c32dc437338b6b52e2428f28e12f9eb74524a673810e7db48bc77d7a9e1b58b6b084299fba40a5e6f38e68efba98e2ce8fbc28b3ac3606e9ef0559b0f" classname="com.github.traderjoe95.mls.protocol.tree.TreeKem" time="0.001"/>
  <testcase name="the decrypted path secret should be deaaa15e8690b3cc31c9baf0c873d57ff87a1805759902112286237d43ae8e9150265f0af6febc3f9998f09681d4c8c0132f919dc9279fe52a8bd041d17a42d9" classname="com.github.traderjoe95.mls.protocol.tree.TreeKem" time="0.001"/>
  <testcase name="a new update path generated by the sender should be successfully processed" classname="com.github.traderjoe95.mls.protocol.tree.TreeKem" time="0.001"/>
  <testcase name="the update path should be parent-hash valid" classname="com.github.traderjoe95.mls.protocol.tree.TreeKem" time="0.0"/>
  <testcase name="the tree hash after merging the update path should be aeac364c32dc437338b6b52e2428f28e12f9eb74524a673810e7db48bc77d7a9e1b58b6b084299fba40a5e6f38e68efba98e2ce8fbc28b3ac3606e9ef0559b0f" classname="com.github.traderjoe95.mls.protocol.tree.TreeKem" time="0.0"/>
  <testcase name="the decrypted path secret should be deaaa15e8690b3cc31c9baf0c873d57ff87a1805759902112286237d43ae8e9150265f0af6febc3f9998f09681d4c8c0132f919dc9279fe52a8bd041d17a42d9" classname="com.github.traderjoe95.mls.protocol.tree.TreeKem" time="0.002"/>
  <testcase name="a new update path generated by the sender should be successfully processed" classname="com.github.traderjoe95.mls.protocol.tree.TreeKem" time="0.001"/>
  <testcase name="the update path should be parent-hash valid" classname="com.github.traderjoe95.mls.protocol.tree.TreeKem" time="0.0"/>
  <testcase name="the tree hash after merging the update path should be aeac364c32dc437338b6b52e2428f28e12f9eb74524a673810e7db48bc77d7a9e1b58b6b084299fba40a5e6f38e68efba98e2ce8fbc28b3ac3606e9ef0559b0f" classname="com.github.traderjoe95.mls.protocol.tree.TreeKem" time="0.001"/>
  <testcase name="the decrypted path secret should be ea3c4e2b6ecb5436bd18006439b20711894b1a8f81b102cd7a4e7fd49dd00301684ef241b5f4983288015e610ed488da529ae65dbdab7b64006a13dac8c2b83c" classname="com.github.traderjoe95.mls.protocol.tree.TreeKem" time="0.001"/>
  <testcase name="a new update path generated by the sender should be successfully processed" classname="com.github.traderjoe95.mls.protocol.tree.TreeKem" time="0.001"/>
  <testcase name="non-blank leaf 0 should be consistent with the public state" classname="com.github.traderjoe95.mls.protocol.tree.TreeKem" time="0.002"/>
  <testcase name="non-blank leaf 1 should be consistent with the public state" classname="com.github.traderjoe95.mls.protocol.tree.TreeKem" time="0.005"/>
  <testcase name="non-blank leaf 2 should be consistent with the public state" classname="com.github.traderjoe95.mls.protocol.tree.TreeKem" time="0.004"/>
  <testcase name="non-blank leaf 3 should be consistent with the public state" classname="com.github.traderjoe95.mls.protocol.tree.TreeKem" time="0.002"/>
  <testcase name="non-blank leaf 4 should be consistent with the public state" classname="com.github.traderjoe95.mls.protocol.tree.TreeKem" time="0.002"/>
  <testcase name="the update path should be parent-hash valid" classname="com.github.traderjoe95.mls.protocol.tree.TreeKem" time="0.001"/>
  <testcase name="the tree hash after merging the update path should be f694874ce6cf04e72f4d339651e5650c894711ef0913fde4e25cda5a67b7bf9a6d7d33767b1778a1cce8a73022220e07e830a6f8dc499b4c46b9e6adb849c9df" classname="com.github.traderjoe95.mls.protocol.tree.TreeKem" time="0.0"/>
  <testcase name="the decrypted path secret should be 1d25243acaf5958a18425b4ccc898679204631170b2131353e00ac14f0179b238122c7180ab99d6a6dfd1bb685c6cb9c4a1894b0534b4d0c52fcb1c3ad678148" classname="com.github.traderjoe95.mls.protocol.tree.TreeKem" time="0.002"/>
  <testcase name="a new update path generated by the sender should be successfully processed" classname="com.github.traderjoe95.mls.protocol.tree.TreeKem" time="0.001"/>
  <testcase name="the update path should be parent-hash valid" classname="com.github.traderjoe95.mls.protocol.tree.TreeKem" time="0.001"/>
  <testcase name="the tree hash after merging the update path should be f694874ce6cf04e72f4d339651e5650c894711ef0913fde4e25cda5a67b7bf9a6d7d33767b1778a1cce8a73022220e07e830a6f8dc499b4c46b9e6adb849c9df" classname="com.github.traderjoe95.mls.protocol.tree.TreeKem" time="0.0"/>
  <testcase name="the decrypted path secret should be 34c26ec513691ca0b1e11c786d7f02cf7f837aa11c61d2adbd021328599c2b8a41981458678729724cc2ea86b6da1a7a603b6bdcffc02e2c79a8ff8336b7d71d" classname="com.github.traderjoe95.mls.protocol.tree.TreeKem" time="0.001"/>
  <testcase name="a new update path generated by the sender should be successfully processed" classname="com.github.traderjoe95.mls.protocol.tree.TreeKem" time="0.001"/>
  <testcase name="the update path should be parent-hash valid" classname="com.github.traderjoe95.mls.protocol.tree.TreeKem" time="0.001"/>
  <testcase name="the tree hash after merging the update path should be f694874ce6cf04e72f4d339651e5650c894711ef0913fde4e25cda5a67b7bf9a6d7d33767b1778a1cce8a73022220e07e830a6f8dc499b4c46b9e6adb849c9df" classname="com.github.traderjoe95.mls.protocol.tree.TreeKem" time="0.001"/>
  <testcase name="the decrypted path secret should be 34c26ec513691ca0b1e11c786d7f02cf7f837aa11c61d2adbd021328599c2b8a41981458678729724cc2ea86b6da1a7a603b6bdcffc02e2c79a8ff8336b7d71d" classname="com.github.traderjoe95.mls.protocol.tree.TreeKem" time="0.001"/>
  <testcase name="a new update path generated by the sender should be successfully processed" classname="com.github.traderjoe95.mls.protocol.tree.TreeKem" time="0.002"/>
  <testcase name="the update path should be parent-hash valid" classname="com.github.traderjoe95.mls.protocol.tree.TreeKem" time="0.0"/>
  <testcase name="the tree hash after merging the update path should be f694874ce6cf04e72f4d339651e5650c894711ef0913fde4e25cda5a67b7bf9a6d7d33767b1778a1cce8a73022220e07e830a6f8dc499b4c46b9e6adb849c9df" classname="com.github.traderjoe95.mls.protocol.tree.TreeKem" time="0.001"/>
  <testcase name="the decrypted path secret should be 80171ba520013c13a710743e9f58a51cac54e2434f40a5fc35dc71bbd6828281817bc2184bde275f2ce31b07005890cb34920b8e76ffb3912f43eafa4bfd65e8" classname="com.github.traderjoe95.mls.protocol.tree.TreeKem" time="0.001"/>
  <testcase name="a new update path generated by the sender should be successfully processed" classname="com.github.traderjoe95.mls.protocol.tree.TreeKem" time="0.001"/>
  <testcase name="the update path should be parent-hash valid" classname="com.github.traderjoe95.mls.protocol.tree.TreeKem" time="0.001"/>
  <testcase name="the tree hash after merging the update path should be 02ecfebe95f900ebf5f38a8ad35bcc5288b1c93e3ce34c5ac561d5135a96b24ca2ce01e6fbcbe86a346911f333671f3d349cb5cf06b458c2214e97cb4b8efbc7" classname="com.github.traderjoe95.mls.protocol.tree.TreeKem" time="0.001"/>
  <testcase name="the decrypted path secret should be 02931f37396f7bcbf323e97782accf082cb746c17c3743976837848b01e28b85ec6657d80f4f593671b7b1496043e2b64e5b8440158eaab8b7541d62ecb6bcef" classname="com.github.traderjoe95.mls.protocol.tree.TreeKem" time="0.001"/>
  <testcase name="a new update path generated by the sender should be successfully processed" classname="com.github.traderjoe95.mls.protocol.tree.TreeKem" time="0.001"/>
  <testcase name="the update path should be parent-hash valid" classname="com.github.traderjoe95.mls.protocol.tree.TreeKem" time="0.0"/>
  <testcase name="the tree hash after merging the update path should be 02ecfebe95f900ebf5f38a8ad35bcc5288b1c93e3ce34c5ac561d5135a96b24ca2ce01e6fbcbe86a346911f333671f3d349cb5cf06b458c2214e97cb4b8efbc7" classname="com.github.traderjoe95.mls.protocol.tree.TreeKem" time="0.0"/>
  <testcase name="the decrypted path secret should be 22642e10b2195d9ae2e6125a04a43a4b3baddb83f8cd4fb1a94c5086cdbaa871467d93714b98421f9c2438814a16fd09625ac1aeafba96854f431ed3f9b46985" classname="com.github.traderjoe95.mls.protocol.tree.TreeKem" time="0.001"/>
  <testcase name="a new update path generated by the sender should be successfully processed" classname="com.github.traderjoe95.mls.protocol.tree.TreeKem" time="0.001"/>
  <testcase name="the update path should be parent-hash valid" classname="com.github.traderjoe95.mls.protocol.tree.TreeKem" time="0.0"/>
  <testcase name="the tree hash after merging the update path should be 02ecfebe95f900ebf5f38a8ad35bcc5288b1c93e3ce34c5ac561d5135a96b24ca2ce01e6fbcbe86a346911f333671f3d349cb5cf06b458c2214e97cb4b8efbc7" classname="com.github.traderjoe95.mls.protocol.tree.TreeKem" time="0.001"/>
  <testcase name="the decrypted path secret should be 22642e10b2195d9ae2e6125a04a43a4b3baddb83f8cd4fb1a94c5086cdbaa871467d93714b98421f9c2438814a16fd09625ac1aeafba96854f431ed3f9b46985" classname="com.github.traderjoe95.mls.protocol.tree.TreeKem" time="0.001"/>
  <testcase name="a new update path generated by the sender should be successfully processed" classname="com.github.traderjoe95.mls.protocol.tree.TreeKem" time="0.001"/>
  <testcase name="the update path should be parent-hash valid" classname="com.github.traderjoe95.mls.protocol.tree.TreeKem" time="0.0"/>
  <testcase name="the tree hash after merging the update path should be 02ecfebe95f900ebf5f38a8ad35bcc5288b1c93e3ce34c5ac561d5135a96b24ca2ce01e6fbcbe86a346911f333671f3d349cb5cf06b458c2214e97cb4b8efbc7" classname="com.github.traderjoe95.mls.protocol.tree.TreeKem" time="0.0"/>
  <testcase name="the decrypted path secret should be 444c384f152c1d092d3d9c16d3954898b2ac6961e1d710c1a0998d77fab8e570a04e890a39458f57c9a819fc02037e391c32c4b85f01ca6cd3323e795142486a" classname="com.github.traderjoe95.mls.protocol.tree.TreeKem" time="0.0"/>
  <testcase name="a new update path generated by the sender should be successfully processed" classname="com.github.traderjoe95.mls.protocol.tree.TreeKem" time="0.001"/>
  <testcase name="the update path should be parent-hash valid" classname="com.github.traderjoe95.mls.protocol.tree.TreeKem" time="0.0"/>
  <testcase name="the tree hash after merging the update path should be 5f27a268da1c30f07266f3fa0f2e4f8274a9aa2b5071a413cd702a1210987579d7ebd914fcabec7a7eec454839e4c12e573992b39e1576b5593774579fb5971e" classname="com.github.traderjoe95.mls.protocol.tree.TreeKem" time="0.0"/>
  <testcase name="the decrypted path secret should be f991086111f752406ced96a6ce137dc30bc6c85e458a30520db5dd098051e1edd7228456b492c43861964fa4b57793a546cd5668e4ea031fbc307ab2fdf22523" classname="com.github.traderjoe95.mls.protocol.tree.TreeKem" time="0.001"/>
  <testcase name="a new update path generated by the sender should be successfully processed" classname="com.github.traderjoe95.mls.protocol.tree.TreeKem" time="0.001"/>
  <testcase name="the update path should be parent-hash valid" classname="com.github.traderjoe95.mls.protocol.tree.TreeKem" time="0.001"/>
  <testcase name="the tree hash after merging the update path should be 5f27a268da1c30f07266f3fa0f2e4f8274a9aa2b5071a413cd702a1210987579d7ebd914fcabec7a7eec454839e4c12e573992b39e1576b5593774579fb5971e" classname="com.github.traderjoe95.mls.protocol.tree.TreeKem" time="0.001"/>
  <testcase name="the decrypted path secret should be f991086111f752406ced96a6ce137dc30bc6c85e458a30520db5dd098051e1edd7228456b492c43861964fa4b57793a546cd5668e4ea031fbc307ab2fdf22523" classname="com.github.traderjoe95.mls.protocol.tree.TreeKem" time="0.001"/>
  <testcase name="a new update path generated by the sender should be successfully processed" classname="com.github.traderjoe95.mls.protocol.tree.TreeKem" time="0.001"/>
  <testcase name="the update path should be parent-hash valid" classname="com.github.traderjoe95.mls.protocol.tree.TreeKem" time="0.001"/>
  <testcase name="the tree hash after merging the update path should be 5f27a268da1c30f07266f3fa0f2e4f8274a9aa2b5071a413cd702a1210987579d7ebd914fcabec7a7eec454839e4c12e573992b39e1576b5593774579fb5971e" classname="com.github.traderjoe95.mls.protocol.tree.TreeKem" time="0.001"/>
  <testcase name="the decrypted path secret should be 78ad8bc01d9cdba1c80d2ba9be70e07d936e1270be27e1f004d9edb4d8033077d8c567c6a0d25c140a2797a8aa2d2e821b0f78354c701908dc37a112bfcd6b86" classname="com.github.traderjoe95.mls.protocol.tree.TreeKem" time="0.001"/>
  <testcase name="a new update path generated by the sender should be successfully processed" classname="com.github.traderjoe95.mls.protocol.tree.TreeKem" time="0.002"/>
  <testcase name="the update path should be parent-hash valid" classname="com.github.traderjoe95.mls.protocol.tree.TreeKem" time="0.001"/>
  <testcase name="the tree hash after merging the update path should be 5f27a268da1c30f07266f3fa0f2e4f8274a9aa2b5071a413cd702a1210987579d7ebd914fcabec7a7eec454839e4c12e573992b39e1576b5593774579fb5971e" classname="com.github.traderjoe95.mls.protocol.tree.TreeKem" time="0.0"/>
  <testcase name="the decrypted path secret should be 971bf4bff2e562d56a4714880fdca3d1fdd9514ecd84c818bf32ad7aadbf48e986ffbbf39adbecfac3f8f4f6341bff1f3201e65451c3691f90e617869a4aa7d5" classname="com.github.traderjoe95.mls.protocol.tree.TreeKem" time="0.001"/>
  <testcase name="a new update path generated by the sender should be successfully processed" classname="com.github.traderjoe95.mls.protocol.tree.TreeKem" time="0.001"/>
  <testcase name="the update path should be parent-hash valid" classname="com.github.traderjoe95.mls.protocol.tree.TreeKem" time="0.0"/>
  <testcase name="the tree hash after merging the update path should be 7a276df73b9f178463193d2e03663c796545c6e925a066de996babac61650f92759027956bd2eb0e1f7f88b618e1302f46f31489cf2a609b76f2dd1ab126cfde" classname="com.github.traderjoe95.mls.protocol.tree.TreeKem" time="0.0"/>
  <testcase name="the decrypted path secret should be deaaa15e8690b3cc31c9baf0c873d57ff87a1805759902112286237d43ae8e9150265f0af6febc3f9998f09681d4c8c0132f919dc9279fe52a8bd041d17a42d9" classname="com.github.traderjoe95.mls.protocol.tree.TreeKem" time="0.0"/>
  <testcase name="a new update path generated by the sender should be successfully processed" classname="com.github.traderjoe95.mls.protocol.tree.TreeKem" time="0.001"/>
  <testcase name="the update path should be parent-hash valid" classname="com.github.traderjoe95.mls.protocol.tree.TreeKem" time="0.001"/>
  <testcase name="the tree hash after merging the update path should be 7a276df73b9f178463193d2e03663c796545c6e925a066de996babac61650f92759027956bd2eb0e1f7f88b618e1302f46f31489cf2a609b76f2dd1ab126cfde" classname="com.github.traderjoe95.mls.protocol.tree.TreeKem" time="0.0"/>
  <testcase name="the decrypted path secret should be deaaa15e8690b3cc31c9baf0c873d57ff87a1805759902112286237d43ae8e9150265f0af6febc3f9998f09681d4c8c0132f919dc9279fe52a8bd041d17a42d9" classname="com.github.traderjoe95.mls.protocol.tree.TreeKem" time="0.001"/>
  <testcase name="a new update path generated by the sender should be successfully processed" classname="com.github.traderjoe95.mls.protocol.tree.TreeKem" time="0.001"/>
  <testcase name="the update path should be parent-hash valid" classname="com.github.traderjoe95.mls.protocol.tree.TreeKem" time="0.001"/>
  <testcase name="the tree hash after merging the update path should be 7a276df73b9f178463193d2e03663c796545c6e925a066de996babac61650f92759027956bd2eb0e1f7f88b618e1302f46f31489cf2a609b76f2dd1ab126cfde" classname="com.github.traderjoe95.mls.protocol.tree.TreeKem" time="0.001"/>
  <testcase name="the decrypted path secret should be ea3c4e2b6ecb5436bd18006439b20711894b1a8f81b102cd7a4e7fd49dd00301684ef241b5f4983288015e610ed488da529ae65dbdab7b64006a13dac8c2b83c" classname="com.github.traderjoe95.mls.protocol.tree.TreeKem" time="0.001"/>
  <testcase name="a new update path generated by the sender should be successfully processed" classname="com.github.traderjoe95.mls.protocol.tree.TreeKem" time="0.001"/>
  <testcase name="the update path should be parent-hash valid" classname="com.github.traderjoe95.mls.protocol.tree.TreeKem" time="0.0"/>
  <testcase name="the tree hash after merging the update path should be 7a276df73b9f178463193d2e03663c796545c6e925a066de996babac61650f92759027956bd2eb0e1f7f88b618e1302f46f31489cf2a609b76f2dd1ab126cfde" classname="com.github.traderjoe95.mls.protocol.tree.TreeKem" time="0.001"/>
  <testcase name="the decrypted path secret should be e03f676c22ffcca256d6f3f3a038b672bd5631b03650ec9a2c445ebf9ae546d214f3c1ce9d2feb839107e492e06c501a8c0e98a4e8bb02e8ebb1662391d52d1d" classname="com.github.traderjoe95.mls.protocol.tree.TreeKem" time="0.001"/>
  <testcase name="a new update path generated by the sender should be successfully processed" classname="com.github.traderjoe95.mls.protocol.tree.TreeKem" time="0.001"/>
  <testcase name="the update path should be parent-hash valid" classname="com.github.traderjoe95.mls.protocol.tree.TreeKem" time="0.001"/>
  <testcase name="the tree hash after merging the update path should be 93dd30d53b24874be39b3e6b12d7e54ab2b1ef1e518fc1b8cfa0b204f4597572149db770a9419f10337ad72539f60c063173ef9210eecdf56f29cc4b767b0093" classname="com.github.traderjoe95.mls.protocol.tree.TreeKem" time="0.001"/>
  <testcase name="the decrypted path secret should be d3eb43026f07ebbdfcbbddbd3f12061be0821e3c3ebd6eaff7fbda97fd639d32c99690e98c5b3c66c02d62a78ce962b21d732f6b6c7cc27590115a2984c4d379" classname="com.github.traderjoe95.mls.protocol.tree.TreeKem" time="0.001"/>
  <testcase name="a new update path generated by the sender should be successfully processed" classname="com.github.traderjoe95.mls.protocol.tree.TreeKem" time="0.001"/>
  <testcase name="the update path should be parent-hash valid" classname="com.github.traderjoe95.mls.protocol.tree.TreeKem" time="0.0"/>
  <testcase name="the tree hash after merging the update path should be 93dd30d53b24874be39b3e6b12d7e54ab2b1ef1e518fc1b8cfa0b204f4597572149db770a9419f10337ad72539f60c063173ef9210eecdf56f29cc4b767b0093" classname="com.github.traderjoe95.mls.protocol.tree.TreeKem" time="0.001"/>
  <testcase name="the decrypted path secret should be d3eb43026f07ebbdfcbbddbd3f12061be0821e3c3ebd6eaff7fbda97fd639d32c99690e98c5b3c66c02d62a78ce962b21d732f6b6c7cc27590115a2984c4d379" classname="com.github.traderjoe95.mls.protocol.tree.TreeKem" time="0.001"/>
  <testcase name="a new update path generated by the sender should be successfully processed" classname="com.github.traderjoe95.mls.protocol.tree.TreeKem" time="0.001"/>
  <testcase name="the update path should be parent-hash valid" classname="com.github.traderjoe95.mls.protocol.tree.TreeKem" time="0.0"/>
  <testcase name="the tree hash after merging the update path should be 93dd30d53b24874be39b3e6b12d7e54ab2b1ef1e518fc1b8cfa0b204f4597572149db770a9419f10337ad72539f60c063173ef9210eecdf56f29cc4b767b0093" classname="com.github.traderjoe95.mls.protocol.tree.TreeKem" time="0.0"/>
  <testcase name="the decrypted path secret should be d3eb43026f07ebbdfcbbddbd3f12061be0821e3c3ebd6eaff7fbda97fd639d32c99690e98c5b3c66c02d62a78ce962b21d732f6b6c7cc27590115a2984c4d379" classname="com.github.traderjoe95.mls.protocol.tree.TreeKem" time="0.001"/>
  <testcase name="a new update path generated by the sender should be successfully processed" classname="com.github.traderjoe95.mls.protocol.tree.TreeKem" time="0.001"/>
  <testcase name="the update path should be parent-hash valid" classname="com.github.traderjoe95.mls.protocol.tree.TreeKem" time="0.0"/>
  <testcase name="the tree hash after merging the update path should be 93dd30d53b24874be39b3e6b12d7e54ab2b1ef1e518fc1b8cfa0b204f4597572149db770a9419f10337ad72539f60c063173ef9210eecdf56f29cc4b767b0093" classname="com.github.traderjoe95.mls.protocol.tree.TreeKem" time="0.001"/>
  <testcase name="the decrypted path secret should be d3eb43026f07ebbdfcbbddbd3f12061be0821e3c3ebd6eaff7fbda97fd639d32c99690e98c5b3c66c02d62a78ce962b21d732f6b6c7cc27590115a2984c4d379" classname="com.github.traderjoe95.mls.protocol.tree.TreeKem" time="0.002"/>
  <testcase name="a new update path generated by the sender should be successfully processed" classname="com.github.traderjoe95.mls.protocol.tree.TreeKem" time="0.001"/>
  <testcase name="non-blank leaf 0 should be consistent with the public state" classname="com.github.traderjoe95.mls.protocol.tree.TreeKem" time="0.002"/>
  <testcase name="non-blank leaf 1 should be consistent with the public state" classname="com.github.traderjoe95.mls.protocol.tree.TreeKem" time="0.001"/>
  <testcase name="non-blank leaf 2 should be consistent with the public state" classname="com.github.traderjoe95.mls.protocol.tree.TreeKem" time="0.002"/>
  <testcase name="non-blank leaf 3 should be consistent with the public state" classname="com.github.traderjoe95.mls.protocol.tree.TreeKem" time="0.002"/>
  <testcase name="non-blank leaf 4 should be consistent with the public state" classname="com.github.traderjoe95.mls.protocol.tree.TreeKem" time="0.001"/>
  <testcase name="non-blank leaf 5 should be consistent with the public state" classname="com.github.traderjoe95.mls.protocol.tree.TreeKem" time="0.002"/>
  <testcase name="the update path should be parent-hash valid" classname="com.github.traderjoe95.mls.protocol.tree.TreeKem" time="0.0"/>
  <testcase name="the tree hash after merging the update path should be 56397b72a96e24e5f799c66ffbef7d899a1e59bc22f077694fff8265d555a348217ab70a01bc724c617078f68c886035c9b01b3f9c01b87b3c33fd29f6895da6" classname="com.github.traderjoe95.mls.protocol.tree.TreeKem" time="0.0"/>
  <testcase name="the decrypted path secret should be 1d25243acaf5958a18425b4ccc898679204631170b2131353e00ac14f0179b238122c7180ab99d6a6dfd1bb685c6cb9c4a1894b0534b4d0c52fcb1c3ad678148" classname="com.github.traderjoe95.mls.protocol.tree.TreeKem" time="0.001"/>
  <testcase name="a new update path generated by the sender should be successfully processed" classname="com.github.traderjoe95.mls.protocol.tree.TreeKem" time="0.001"/>
  <testcase name="the update path should be parent-hash valid" classname="com.github.traderjoe95.mls.protocol.tree.TreeKem" time="0.0"/>
  <testcase name="the tree hash after merging the update path should be 56397b72a96e24e5f799c66ffbef7d899a1e59bc22f077694fff8265d555a348217ab70a01bc724c617078f68c886035c9b01b3f9c01b87b3c33fd29f6895da6" classname="com.github.traderjoe95.mls.protocol.tree.TreeKem" time="0.0"/>
  <testcase name="the decrypted path secret should be 34c26ec513691ca0b1e11c786d7f02cf7f837aa11c61d2adbd021328599c2b8a41981458678729724cc2ea86b6da1a7a603b6bdcffc02e2c79a8ff8336b7d71d" classname="com.github.traderjoe95.mls.protocol.tree.TreeKem" time="0.001"/>
  <testcase name="a new update path generated by the sender should be successfully processed" classname="com.github.traderjoe95.mls.protocol.tree.TreeKem" time="0.001"/>
  <testcase name="the update path should be parent-hash valid" classname="com.github.traderjoe95.mls.protocol.tree.TreeKem" time="0.001"/>
  <testcase name="the tree hash after merging the update path should be 56397b72a96e24e5f799c66ffbef7d899a1e59bc22f077694fff8265d555a348217ab70a01bc724c617078f68c886035c9b01b3f9c01b87b3c33fd29f6895da6" classname="com.github.traderjoe95.mls.protocol.tree.TreeKem" time="0.001"/>
  <testcase name="the decrypted path secret should be 34c26ec513691ca0b1e11c786d7f02cf7f837aa11c61d2adbd021328599c2b8a41981458678729724cc2ea86b6da1a7a603b6bdcffc02e2c79a8ff8336b7d71d" classname="com.github.traderjoe95.mls.protocol.tree.TreeKem" time="0.001"/>
  <testcase name="a new update path generated by the sender should be successfully processed" classname="com.github.traderjoe95.mls.protocol.tree.TreeKem" time="0.001"/>
  <testcase name="the update path should be parent-hash valid" classname="com.github.traderjoe95.mls.protocol.tree.TreeKem" time="0.0"/>
  <testcase name="the tree hash after merging the update path should be 56397b72a96e24e5f799c66ffbef7d899a1e59bc22f077694fff8265d555a348217ab70a01bc724c617078f68c886035c9b01b3f9c01b87b3c33fd29f6895da6" classname="com.github.traderjoe95.mls.protocol.tree.TreeKem" time="0.0"/>
  <testcase name="the decrypted path secret should be 80171ba520013c13a710743e9f58a51cac54e2434f40a5fc35dc71bbd6828281817bc2184bde275f2ce31b07005890cb34920b8e76ffb3912f43eafa4bfd65e8" classname="com.github.traderjoe95.mls.protocol.tree.TreeKem" time="0.001"/>
  <testcase name="a new update path generated by the sender should be successfully processed" classname="com.github.traderjoe95.mls.protocol.tree.TreeKem" time="0.001"/>
  <testcase name="the update path should be parent-hash valid" classname="com.github.traderjoe95.mls.protocol.tree.TreeKem" time="0.0"/>
  <testcase name="the tree hash after merging the update path should be 56397b72a96e24e5f799c66ffbef7d899a1e59bc22f077694fff8265d555a348217ab70a01bc724c617078f68c886035c9b01b3f9c01b87b3c33fd29f6895da6" classname="com.github.traderjoe95.mls.protocol.tree.TreeKem" time="0.0"/>
  <testcase name="the decrypted path secret should be 80171ba520013c13a710743e9f58a51cac54e2434f40a5fc35dc71bbd6828281817bc2184bde275f2ce31b07005890cb34920b8e76ffb3912f43eafa4bfd65e8" classname="com.github.traderjoe95.mls.protocol.tree.TreeKem" time="0.001"/>
  <testcase name="a new update path generated by the sender should be successfully processed" classname="com.github.traderjoe95.mls.protocol.tree.TreeKem" time="0.001"/>
  <testcase name="the update path should be parent-hash valid" classname="com.github.traderjoe95.mls.protocol.tree.TreeKem" time="0.0"/>
  <testcase name="the tree hash after merging the update path should be 0810f6f32a84294666d00a311f7f8074cf5457e14dd83a1b52242ff3384f369b4e6cc76fb6f7553c7fb0fa5034abf717fba066354d5ac136c770c8ef446b667f" classname="com.github.traderjoe95.mls.protocol.tree.TreeKem" time="0.0"/>
  <testcase name="the decrypted path secret should be 02931f37396f7bcbf323e97782accf082cb746c17c3743976837848b01e28b85ec6657d80f4f593671b7b1496043e2b64e5b8440158eaab8b7541d62ecb6bcef" classname="com.github.traderjoe95.mls.protocol.tree.TreeKem" time="0.0"/>
  <testcase name="a new update path generated by the sender should be successfully processed" classname="com.github.traderjoe95.mls.protocol.tree.TreeKem" time="0.001"/>
  <testcase name="the update path should be parent-hash valid" classname="com.github.traderjoe95.mls.protocol.tree.TreeKem" time="0.001"/>
  <testcase name="the tree hash after merging the update path should be 0810f6f32a84294666d00a311f7f8074cf5457e14dd83a1b52242ff3384f369b4e6cc76fb6f7553c7fb0fa5034abf717fba066354d5ac136c770c8ef446b667f" classname="com.github.traderjoe95.mls.protocol.tree.TreeKem" time="0.0"/>
  <testcase name="the decrypted path secret should be 22642e10b2195d9ae2e6125a04a43a4b3baddb83f8cd4fb1a94c5086cdbaa871467d93714b98421f9c2438814a16fd09625ac1aeafba96854f431ed3f9b46985" classname="com.github.traderjoe95.mls.protocol.tree.TreeKem" time="0.001"/>
  <testcase name="a new update path generated by the sender should be successfully processed" classname="com.github.traderjoe95.mls.protocol.tree.TreeKem" time="0.001"/>
  <testcase name="the update path should be parent-hash valid" classname="com.github.traderjoe95.mls.protocol.tree.TreeKem" time="0.0"/>
  <testcase name="the tree hash after merging the update path should be 0810f6f32a84294666d00a311f7f8074cf5457e14dd83a1b52242ff3384f369b4e6cc76fb6f7553c7fb0fa5034abf717fba066354d5ac136c770c8ef446b667f" classname="com.github.traderjoe95.mls.protocol.tree.TreeKem" time="0.0"/>
  <testcase name="the decrypted path secret should be 22642e10b2195d9ae2e6125a04a43a4b3baddb83f8cd4fb1a94c5086cdbaa871467d93714b98421f9c2438814a16fd09625ac1aeafba96854f431ed3f9b46985" classname="com.github.traderjoe95.mls.protocol.tree.TreeKem" time="0.001"/>
  <testcase name="a new update path generated by the sender should be successfully processed" classname="com.github.traderjoe95.mls.protocol.tree.TreeKem" time="0.001"/>
  <testcase name="the update path should be parent-hash valid" classname="com.github.traderjoe95.mls.protocol.tree.TreeKem" time="0.0"/>
  <testcase name="the tree hash after merging the update path should be 0810f6f32a84294666d00a311f7f8074cf5457e14dd83a1b52242ff3384f369b4e6cc76fb6f7553c7fb0fa5034abf717fba066354d5ac136c770c8ef446b667f" classname="com.github.traderjoe95.mls.protocol.tree.TreeKem" time="0.0"/>
  <testcase name="the decrypted path secret should be 444c384f152c1d092d3d9c16d3954898b2ac6961e1d710c1a0998d77fab8e570a04e890a39458f57c9a819fc02037e391c32c4b85f01ca6cd3323e795142486a" classname="com.github.traderjoe95.mls.protocol.tree.TreeKem" time="0.001"/>
  <testcase name="a new update path generated by the sender should be successfully processed" classname="com.github.traderjoe95.mls.protocol.tree.TreeKem" time="0.002"/>
  <testcase name="the update path should be parent-hash valid" classname="com.github.traderjoe95.mls.protocol.tree.TreeKem" time="0.0"/>
  <testcase name="the tree hash after merging the update path should be 0810f6f32a84294666d00a311f7f8074cf5457e14dd83a1b52242ff3384f369b4e6cc76fb6f7553c7fb0fa5034abf717fba066354d5ac136c770c8ef446b667f" classname="com.github.traderjoe95.mls.protocol.tree.TreeKem" time="0.0"/>
  <testcase name="the decrypted path secret should be 444c384f152c1d092d3d9c16d3954898b2ac6961e1d710c1a0998d77fab8e570a04e890a39458f57c9a819fc02037e391c32c4b85f01ca6cd3323e795142486a" classname="com.github.traderjoe95.mls.protocol.tree.TreeKem" time="0.001"/>
  <testcase name="a new update path generated by the sender should be successfully processed" classname="com.github.traderjoe95.mls.protocol.tree.TreeKem" time="0.001"/>
  <testcase name="the update path should be parent-hash valid" classname="com.github.traderjoe95.mls.protocol.tree.TreeKem" time="0.0"/>
  <testcase name="the tree hash after merging the update path should be a51e9e445cb6e06946114348c3ad403ece14c66f8aa30b16e8746dbb8313ef28f94eb8c0f7129ded14f09a018e6401a24d17b43e46edce34885da19a879be00b" classname="com.github.traderjoe95.mls.protocol.tree.TreeKem" time="0.0"/>
  <testcase name="the decrypted path secret should be f991086111f752406ced96a6ce137dc30bc6c85e458a30520db5dd098051e1edd7228456b492c43861964fa4b57793a546cd5668e4ea031fbc307ab2fdf22523" classname="com.github.traderjoe95.mls.protocol.tree.TreeKem" time="0.001"/>
  <testcase name="a new update path generated by the sender should be successfully processed" classname="com.github.traderjoe95.mls.protocol.tree.TreeKem" time="0.001"/>
  <testcase name="the update path should be parent-hash valid" classname="com.github.traderjoe95.mls.protocol.tree.TreeKem" time="0.0"/>
  <testcase name="the tree hash after merging the update path should be a51e9e445cb6e06946114348c3ad403ece14c66f8aa30b16e8746dbb8313ef28f94eb8c0f7129ded14f09a018e6401a24d17b43e46edce34885da19a879be00b" classname="com.github.traderjoe95.mls.protocol.tree.TreeKem" time="0.0"/>
  <testcase name="the decrypted path secret should be f991086111f752406ced96a6ce137dc30bc6c85e458a30520db5dd098051e1edd7228456b492c43861964fa4b57793a546cd5668e4ea031fbc307ab2fdf22523" classname="com.github.traderjoe95.mls.protocol.tree.TreeKem" time="0.001"/>
  <testcase name="a new update path generated by the sender should be successfully processed" classname="com.github.traderjoe95.mls.protocol.tree.TreeKem" time="0.001"/>
  <testcase name="the update path should be parent-hash valid" classname="com.github.traderjoe95.mls.protocol.tree.TreeKem" time="0.0"/>
  <testcase name="the tree hash after merging the update path should be a51e9e445cb6e06946114348c3ad403ece14c66f8aa30b16e8746dbb8313ef28f94eb8c0f7129ded14f09a018e6401a24d17b43e46edce34885da19a879be00b" classname="com.github.traderjoe95.mls.protocol.tree.TreeKem" time="0.0"/>
  <testcase name="the decrypted path secret should be 78ad8bc01d9cdba1c80d2ba9be70e07d936e1270be27e1f004d9edb4d8033077d8c567c6a0d25c140a2797a8aa2d2e821b0f78354c701908dc37a112bfcd6b86" classname="com.github.traderjoe95.mls.protocol.tree.TreeKem" time="0.001"/>
  <testcase name="a new update path generated by the sender should be successfully processed" classname="com.github.traderjoe95.mls.protocol.tree.TreeKem" time="0.001"/>
  <testcase name="the update path should be parent-hash valid" classname="com.github.traderjoe95.mls.protocol.tree.TreeKem" time="0.0"/>
  <testcase name="the tree hash after merging the update path should be a51e9e445cb6e06946114348c3ad403ece14c66f8aa30b16e8746dbb8313ef28f94eb8c0f7129ded14f09a018e6401a24d17b43e46edce34885da19a879be00b" classname="com.github.traderjoe95.mls.protocol.tree.TreeKem" time="0.0"/>
  <testcase name="the decrypted path secret should be 971bf4bff2e562d56a4714880fdca3d1fdd9514ecd84c818bf32ad7aadbf48e986ffbbf39adbecfac3f8f4f6341bff1f3201e65451c3691f90e617869a4aa7d5" classname="com.github.traderjoe95.mls.protocol.tree.TreeKem" time="0.001"/>
  <testcase name="a new update path generated by the sender should be successfully processed" classname="com.github.traderjoe95.mls.protocol.tree.TreeKem" time="0.001"/>
  <testcase name="the update path should be parent-hash valid" classname="com.github.traderjoe95.mls.protocol.tree.TreeKem" time="0.001"/>
  <testcase name="the tree hash after merging the update path should be a51e9e445cb6e06946114348c3ad403ece14c66f8aa30b16e8746dbb8313ef28f94eb8c0f7129ded14f09a018e6401a24d17b43e46edce34885da19a879be00b" classname="com.github.traderjoe95.mls.protocol.tree.TreeKem" time="0.001"/>
  <testcase name="the decrypted path secret should be 971bf4bff2e562d56a4714880fdca3d1fdd9514ecd84c818bf32ad7aadbf48e986ffbbf39adbecfac3f8f4f6341bff1f3201e65451c3691f90e617869a4aa7d5" classname="com.github.traderjoe95.mls.protocol.tree.TreeKem" time="0.001"/>
  <testcase name="a new update path generated by the sender should be successfully processed" classname="com.github.traderjoe95.mls.protocol.tree.TreeKem" time="0.001"/>
  <testcase name="the update path should be parent-hash valid" classname="com.github.traderjoe95.mls.protocol.tree.TreeKem" time="0.001"/>
  <testcase name="the tree hash after merging the update path should be ee8d71fce0c35877c7ab79a1b3ca5e68dde32f1ff6d8b56fdb934deaabac16567fe41a925e14ee738a082cce0940158ac6a69a6770b3e5b97fde2f488b531726" classname="com.github.traderjoe95.mls.protocol.tree.TreeKem" time="0.001"/>
  <testcase name="the decrypted path secret should be deaaa15e8690b3cc31c9baf0c873d57ff87a1805759902112286237d43ae8e9150265f0af6febc3f9998f09681d4c8c0132f919dc9279fe52a8bd041d17a42d9" classname="com.github.traderjoe95.mls.protocol.tree.TreeKem" time="0.001"/>
  <testcase name="a new update path generated by the sender should be successfully processed" classname="com.github.traderjoe95.mls.protocol.tree.TreeKem" time="0.002"/>
  <testcase name="the update path should be parent-hash valid" classname="com.github.traderjoe95.mls.protocol.tree.TreeKem" time="0.0"/>
  <testcase name="the tree hash after merging the update path should be ee8d71fce0c35877c7ab79a1b3ca5e68dde32f1ff6d8b56fdb934deaabac16567fe41a925e14ee738a082cce0940158ac6a69a6770b3e5b97fde2f488b531726" classname="com.github.traderjoe95.mls.protocol.tree.TreeKem" time="0.001"/>
  <testcase name="the decrypted path secret should be deaaa15e8690b3cc31c9baf0c873d57ff87a1805759902112286237d43ae8e9150265f0af6febc3f9998f09681d4c8c0132f919dc9279fe52a8bd041d17a42d9" classname="com.github.traderjoe95.mls.protocol.tree.TreeKem" time="0.001"/>
  <testcase name="a new update path generated by the sender should be successfully processed" classname="com.github.traderjoe95.mls.protocol.tree.TreeKem" time="0.002"/>
  <testcase name="the update path should be parent-hash valid" classname="com.github.traderjoe95.mls.protocol.tree.TreeKem" time="0.0"/>
  <testcase name="the tree hash after merging the update path should be ee8d71fce0c35877c7ab79a1b3ca5e68dde32f1ff6d8b56fdb934deaabac16567fe41a925e14ee738a082cce0940158ac6a69a6770b3e5b97fde2f488b531726" classname="com.github.traderjoe95.mls.protocol.tree.TreeKem" time="0.0"/>
  <testcase name="the decrypted path secret should be ea3c4e2b6ecb5436bd18006439b20711894b1a8f81b102cd7a4e7fd49dd00301684ef241b5f4983288015e610ed488da529ae65dbdab7b64006a13dac8c2b83c" classname="com.github.traderjoe95.mls.protocol.tree.TreeKem" time="0.001"/>
  <testcase name="a new update path generated by the sender should be successfully processed" classname="com.github.traderjoe95.mls.protocol.tree.TreeKem" time="0.002"/>
  <testcase name="the update path should be parent-hash valid" classname="com.github.traderjoe95.mls.protocol.tree.TreeKem" time="0.0"/>
  <testcase name="the tree hash after merging the update path should be ee8d71fce0c35877c7ab79a1b3ca5e68dde32f1ff6d8b56fdb934deaabac16567fe41a925e14ee738a082cce0940158ac6a69a6770b3e5b97fde2f488b531726" classname="com.github.traderjoe95.mls.protocol.tree.TreeKem" time="0.001"/>
  <testcase name="the decrypted path secret should be e03f676c22ffcca256d6f3f3a038b672bd5631b03650ec9a2c445ebf9ae546d214f3c1ce9d2feb839107e492e06c501a8c0e98a4e8bb02e8ebb1662391d52d1d" classname="com.github.traderjoe95.mls.protocol.tree.TreeKem" time="0.0"/>
  <testcase name="a new update path generated by the sender should be successfully processed" classname="com.github.traderjoe95.mls.protocol.tree.TreeKem" time="0.001"/>
  <testcase name="the update path should be parent-hash valid" classname="com.github.traderjoe95.mls.protocol.tree.TreeKem" time="0.0"/>
  <testcase name="the tree hash after merging the update path should be ee8d71fce0c35877c7ab79a1b3ca5e68dde32f1ff6d8b56fdb934deaabac16567fe41a925e14ee738a082cce0940158ac6a69a6770b3e5b97fde2f488b531726" classname="com.github.traderjoe95.mls.protocol.tree.TreeKem" time="0.0"/>
  <testcase name="the decrypted path secret should be e03f676c22ffcca256d6f3f3a038b672bd5631b03650ec9a2c445ebf9ae546d214f3c1ce9d2feb839107e492e06c501a8c0e98a4e8bb02e8ebb1662391d52d1d" classname="com.github.traderjoe95.mls.protocol.tree.TreeKem" time="0.001"/>
  <testcase name="a new update path generated by the sender should be successfully processed" classname="com.github.traderjoe95.mls.protocol.tree.TreeKem" time="0.001"/>
  <testcase name="the update path should be parent-hash valid" classname="com.github.traderjoe95.mls.protocol.tree.TreeKem" time="0.001"/>
  <testcase name="the tree hash after merging the update path should be 3a14772d05b8e9e2c0c3955c99c8dc5c3b80e0a66e573909690e3119ea2927db6e88fe77665ef556a61bdb2379ca89d862e768e138187a20f6200976e611c5a4" classname="com.github.traderjoe95.mls.protocol.tree.TreeKem" time="0.0"/>
  <testcase name="the decrypted path secret should be 8873af2e1a8ec8cd936ed38258cb69dd29d510bda2b49c57d76f12943bf08f0dda56db4f5672f87a65f6f1957cabed4338f5cbbf98cade4c6d8dc280decb22ab" classname="com.github.traderjoe95.mls.protocol.tree.TreeKem" time="0.001"/>
  <testcase name="a new update path generated by the sender should be successfully processed" classname="com.github.traderjoe95.mls.protocol.tree.TreeKem" time="0.001"/>
  <testcase name="the update path should be parent-hash valid" classname="com.github.traderjoe95.mls.protocol.tree.TreeKem" time="0.001"/>
  <testcase name="the tree hash after merging the update path should be 3a14772d05b8e9e2c0c3955c99c8dc5c3b80e0a66e573909690e3119ea2927db6e88fe77665ef556a61bdb2379ca89d862e768e138187a20f6200976e611c5a4" classname="com.github.traderjoe95.mls.protocol.tree.TreeKem" time="0.001"/>
  <testcase name="the decrypted path secret should be 8873af2e1a8ec8cd936ed38258cb69dd29d510bda2b49c57d76f12943bf08f0dda56db4f5672f87a65f6f1957cabed4338f5cbbf98cade4c6d8dc280decb22ab" classname="com.github.traderjoe95.mls.protocol.tree.TreeKem" time="0.001"/>
  <testcase name="a new update path generated by the sender should be successfully processed" classname="com.github.traderjoe95.mls.protocol.tree.TreeKem" time="0.001"/>
  <testcase name="the update path should be parent-hash valid" classname="com.github.traderjoe95.mls.protocol.tree.TreeKem" time="0.001"/>
  <testcase name="the tree hash after merging the update path should be 3a14772d05b8e9e2c0c3955c99c8dc5c3b80e0a66e573909690e3119ea2927db6e88fe77665ef556a61bdb2379ca89d862e768e138187a20f6200976e611c5a4" classname="com.github.traderjoe95.mls.protocol.tree.TreeKem" time="0.0"/>
  <testcase name="the decrypted path secret should be 8873af2e1a8ec8cd936ed38258cb69dd29d510bda2b49c57d76f12943bf08f0dda56db4f5672f87a65f6f1957cabed4338f5cbbf98cade4c6d8dc280decb22ab" classname="com.github.traderjoe95.mls.protocol.tree.TreeKem" time="0.001"/>
  <testcase name="a new update path generated by the sender should be successfully processed" classname="com.github.traderjoe95.mls.protocol.tree.TreeKem" time="0.001"/>
  <testcase name="the update path should be parent-hash valid" classname="com.github.traderjoe95.mls.protocol.tree.TreeKem" time="0.0"/>
  <testcase name="the tree hash after merging the update path should be 3a14772d05b8e9e2c0c3955c99c8dc5c3b80e0a66e573909690e3119ea2927db6e88fe77665ef556a61bdb2379ca89d862e768e138187a20f6200976e611c5a4" classname="com.github.traderjoe95.mls.protocol.tree.TreeKem" time="0.0"/>
  <testcase name="the decrypted path secret should be 8873af2e1a8ec8cd936ed38258cb69dd29d510bda2b49c57d76f12943bf08f0dda56db4f5672f87a65f6f1957cabed4338f5cbbf98cade4c6d8dc280decb22ab" classname="com.github.traderjoe95.mls.protocol.tree.TreeKem" time="0.001"/>
  <testcase name="a new update path generated by the sender should be successfully processed" classname="com.github.traderjoe95.mls.protocol.tree.TreeKem" time="0.001"/>
  <testcase name="the update path should be parent-hash valid" classname="com.github.traderjoe95.mls.protocol.tree.TreeKem" time="0.0"/>
  <testcase name="the tree hash after merging the update path should be 3a14772d05b8e9e2c0c3955c99c8dc5c3b80e0a66e573909690e3119ea2927db6e88fe77665ef556a61bdb2379ca89d862e768e138187a20f6200976e611c5a4" classname="com.github.traderjoe95.mls.protocol.tree.TreeKem" time="0.0"/>
  <testcase name="the decrypted path secret should be d3eb43026f07ebbdfcbbddbd3f12061be0821e3c3ebd6eaff7fbda97fd639d32c99690e98c5b3c66c02d62a78ce962b21d732f6b6c7cc27590115a2984c4d379" classname="com.github.traderjoe95.mls.protocol.tree.TreeKem" time="0.0"/>
  <testcase name="a new update path generated by the sender should be successfully processed" classname="com.github.traderjoe95.mls.protocol.tree.TreeKem" time="0.001"/>
  <testcase name="the update path should be parent-hash valid" classname="com.github.traderjoe95.mls.protocol.tree.TreeKem" time="0.0"/>
  <testcase name="the tree hash after merging the update path should be 6e3906deee8c73786f3a99643f51c5c80efd29262d3d3ab4fbc38c0dc7e56cc21eedffa98cbf474a63f566ae7970cf81e6d02f74d9ece8cbe52548ce02223ae9" classname="com.github.traderjoe95.mls.protocol.tree.TreeKem" time="0.0"/>
  <testcase name="the decrypted path secret should be 31bcb9da845fa770b42628aa5896cad572a36ec5d837420a3b71a83c0e4aafc3dd20d128deeede9d70202cb245e234c806fafab656bad5cb4731ae064e73eb2a" classname="com.github.traderjoe95.mls.protocol.tree.TreeKem" time="0.001"/>
  <testcase name="a new update path generated by the sender should be successfully processed" classname="com.github.traderjoe95.mls.protocol.tree.TreeKem" time="0.001"/>
  <testcase name="the update path should be parent-hash valid" classname="com.github.traderjoe95.mls.protocol.tree.TreeKem" time="0.0"/>
  <testcase name="the tree hash after merging the update path should be 6e3906deee8c73786f3a99643f51c5c80efd29262d3d3ab4fbc38c0dc7e56cc21eedffa98cbf474a63f566ae7970cf81e6d02f74d9ece8cbe52548ce02223ae9" classname="com.github.traderjoe95.mls.protocol.tree.TreeKem" time="0.0"/>
  <testcase name="the decrypted path secret should be 31bcb9da845fa770b42628aa5896cad572a36ec5d837420a3b71a83c0e4aafc3dd20d128deeede9d70202cb245e234c806fafab656bad5cb4731ae064e73eb2a" classname="com.github.traderjoe95.mls.protocol.tree.TreeKem" time="0.0"/>
  <testcase name="a new update path generated by the sender should be successfully processed" classname="com.github.traderjoe95.mls.protocol.tree.TreeKem" time="0.001"/>
  <testcase name="the update path should be parent-hash valid" classname="com.github.traderjoe95.mls.protocol.tree.TreeKem" time="0.0"/>
  <testcase name="the tree hash after merging the update path should be 6e3906deee8c73786f3a99643f51c5c80efd29262d3d3ab4fbc38c0dc7e56cc21eedffa98cbf474a63f566ae7970cf81e6d02f74d9ece8cbe52548ce02223ae9" classname="com.github.traderjoe95.mls.protocol.tree.TreeKem" time="0.0"/>
  <testcase name="the decrypted path secret should be 31bcb9da845fa770b42628aa5896cad572a36ec5d837420a3b71a83c0e4aafc3dd20d128deeede9d70202cb245e234c806fafab656bad5cb4731ae064e73eb2a" classname="com.github.traderjoe95.mls.protocol.tree.TreeKem" time="0.001"/>
  <testcase name="a new update path generated by the sender should be successfully processed" classname="com.github.traderjoe95.mls.protocol.tree.TreeKem" time="0.001"/>
  <testcase name="the update path should be parent-hash valid" classname="com.github.traderjoe95.mls.protocol.tree.TreeKem" time="0.0"/>
  <testcase name="the tree hash after merging the update path should be 6e3906deee8c73786f3a99643f51c5c80efd29262d3d3ab4fbc38c0dc7e56cc21eedffa98cbf474a63f566ae7970cf81e6d02f74d9ece8cbe52548ce02223ae9" classname="com.github.traderjoe95.mls.protocol.tree.TreeKem" time="0.0"/>
  <testcase name="the decrypted path secret should be 31bcb9da845fa770b42628aa5896cad572a36ec5d837420a3b71a83c0e4aafc3dd20d128deeede9d70202cb245e234c806fafab656bad5cb4731ae064e73eb2a" classname="com.github.traderjoe95.mls.protocol.tree.TreeKem" time="0.001"/>
  <testcase name="a new update path generated by the sender should be successfully processed" classname="com.github.traderjoe95.mls.protocol.tree.TreeKem" time="0.001"/>
  <testcase name="the update path should be parent-hash valid" classname="com.github.traderjoe95.mls.protocol.tree.TreeKem" time="0.0"/>
  <testcase name="the tree hash after merging the update path should be 6e3906deee8c73786f3a99643f51c5c80efd29262d3d3ab4fbc38c0dc7e56cc21eedffa98cbf474a63f566ae7970cf81e6d02f74d9ece8cbe52548ce02223ae9" classname="com.github.traderjoe95.mls.protocol.tree.TreeKem" time="0.0"/>
  <testcase name="the decrypted path secret should be fa2e74cc789c005b05b6219f29886b7536dcf64ee80eb9901402a8b365d5dc9a4b51a973a2bedd4f6e0106799017a978830504aef7da2b153ba386764b430e8b" classname="com.github.traderjoe95.mls.protocol.tree.TreeKem" time="0.001"/>
  <testcase name="a new update path generated by the sender should be successfully processed" classname="com.github.traderjoe95.mls.protocol.tree.TreeKem" time="0.001"/>
  <testcase name="non-blank leaf 0 should be consistent with the public state" classname="com.github.traderjoe95.mls.protocol.tree.TreeKem" time="0.002"/>
  <testcase name="non-blank leaf 1 should be consistent with the public state" classname="com.github.traderjoe95.mls.protocol.tree.TreeKem" time="0.002"/>
  <testcase name="non-blank leaf 2 should be consistent with the public state" classname="com.github.traderjoe95.mls.protocol.tree.TreeKem" time="0.002"/>
  <testcase name="non-blank leaf 3 should be consistent with the public state" classname="com.github.traderjoe95.mls.protocol.tree.TreeKem" time="0.003"/>
  <testcase name="non-blank leaf 4 should be consistent with the public state" classname="com.github.traderjoe95.mls.protocol.tree.TreeKem" time="0.002"/>
  <testcase name="non-blank leaf 5 should be consistent with the public state" classname="com.github.traderjoe95.mls.protocol.tree.TreeKem" time="0.002"/>
  <testcase name="non-blank leaf 6 should be consistent with the public state" classname="com.github.traderjoe95.mls.protocol.tree.TreeKem" time="0.001"/>
  <testcase name="the update path should be parent-hash valid" classname="com.github.traderjoe95.mls.protocol.tree.TreeKem" time="0.0"/>
  <testcase name="the tree hash after merging the update path should be cc3713d20ec9ac23d28ff48538c424433915ed12b9ac6df88d008ac714605f2adea889b8eaae8c0aaffa5603fd441d23a4f2498806153264efa89f0a7d15c226" classname="com.github.traderjoe95.mls.protocol.tree.TreeKem" time="0.0"/>
  <testcase name="the decrypted path secret should be 1d25243acaf5958a18425b4ccc898679204631170b2131353e00ac14f0179b238122c7180ab99d6a6dfd1bb685c6cb9c4a1894b0534b4d0c52fcb1c3ad678148" classname="com.github.traderjoe95.mls.protocol.tree.TreeKem" time="0.001"/>
  <testcase name="a new update path generated by the sender should be successfully processed" classname="com.github.traderjoe95.mls.protocol.tree.TreeKem" time="0.001"/>
  <testcase name="the update path should be parent-hash valid" classname="com.github.traderjoe95.mls.protocol.tree.TreeKem" time="0.001"/>
  <testcase name="the tree hash after merging the update path should be cc3713d20ec9ac23d28ff48538c424433915ed12b9ac6df88d008ac714605f2adea889b8eaae8c0aaffa5603fd441d23a4f2498806153264efa89f0a7d15c226" classname="com.github.traderjoe95.mls.protocol.tree.TreeKem" time="0.0"/>
  <testcase name="the decrypted path secret should be 34c26ec513691ca0b1e11c786d7f02cf7f837aa11c61d2adbd021328599c2b8a41981458678729724cc2ea86b6da1a7a603b6bdcffc02e2c79a8ff8336b7d71d" classname="com.github.traderjoe95.mls.protocol.tree.TreeKem" time="0.001"/>
  <testcase name="a new update path generated by the sender should be successfully processed" classname="com.github.traderjoe95.mls.protocol.tree.TreeKem" time="0.002"/>
  <testcase name="the update path should be parent-hash valid" classname="com.github.traderjoe95.mls.protocol.tree.TreeKem" time="0.0"/>
  <testcase name="the tree hash after merging the update path should be cc3713d20ec9ac23d28ff48538c424433915ed12b9ac6df88d008ac714605f2adea889b8eaae8c0aaffa5603fd441d23a4f2498806153264efa89f0a7d15c226" classname="com.github.traderjoe95.mls.protocol.tree.TreeKem" time="0.001"/>
  <testcase name="the decrypted path secret should be 34c26ec513691ca0b1e11c786d7f02cf7f837aa11c61d2adbd021328599c2b8a41981458678729724cc2ea86b6da1a7a603b6bdcffc02e2c79a8ff8336b7d71d" classname="com.github.traderjoe95.mls.protocol.tree.TreeKem" time="0.001"/>
  <testcase name="a new update path generated by the sender should be successfully processed" classname="com.github.traderjoe95.mls.protocol.tree.TreeKem" time="0.001"/>
  <testcase name="the update path should be parent-hash valid" classname="com.github.traderjoe95.mls.protocol.tree.TreeKem" time="0.001"/>
  <testcase name="the tree hash after merging the update path should be cc3713d20ec9ac23d28ff48538c424433915ed12b9ac6df88d008ac714605f2adea889b8eaae8c0aaffa5603fd441d23a4f2498806153264efa89f0a7d15c226" classname="com.github.traderjoe95.mls.protocol.tree.TreeKem" time="0.0"/>
  <testcase name="the decrypted path secret should be 80171ba520013c13a710743e9f58a51cac54e2434f40a5fc35dc71bbd6828281817bc2184bde275f2ce31b07005890cb34920b8e76ffb3912f43eafa4bfd65e8" classname="com.github.traderjoe95.mls.protocol.tree.TreeKem" time="0.0"/>
  <testcase name="a new update path generated by the sender should be successfully processed" classname="com.github.traderjoe95.mls.protocol.tree.TreeKem" time="0.001"/>
  <testcase name="the update path should be parent-hash valid" classname="com.github.traderjoe95.mls.protocol.tree.TreeKem" time="0.001"/>
  <testcase name="the tree hash after merging the update path should be cc3713d20ec9ac23d28ff48538c424433915ed12b9ac6df88d008ac714605f2adea889b8eaae8c0aaffa5603fd441d23a4f2498806153264efa89f0a7d15c226" classname="com.github.traderjoe95.mls.protocol.tree.TreeKem" time="0.0"/>
  <testcase name="the decrypted path secret should be 80171ba520013c13a710743e9f58a51cac54e2434f40a5fc35dc71bbd6828281817bc2184bde275f2ce31b07005890cb34920b8e76ffb3912f43eafa4bfd65e8" classname="com.github.traderjoe95.mls.protocol.tree.TreeKem" time="0.001"/>
  <testcase name="a new update path generated by the sender should be successfully processed" classname="com.github.traderjoe95.mls.protocol.tree.TreeKem" time="0.001"/>
  <testcase name="the update path should be parent-hash valid" classname="com.github.traderjoe95.mls.protocol.tree.TreeKem" time="0.0"/>
  <testcase name="the tree hash after merging the update path should be cc3713d20ec9ac23d28ff48538c424433915ed12b9ac6df88d008ac714605f2adea889b8eaae8c0aaffa5603fd441d23a4f2498806153264efa89f0a7d15c226" classname="com.github.traderjoe95.mls.protocol.tree.TreeKem" time="0.001"/>
  <testcase name="the decrypted path secret should be 80171ba520013c13a710743e9f58a51cac54e2434f40a5fc35dc71bbd6828281817bc2184bde275f2ce31b07005890cb34920b8e76ffb3912f43eafa4bfd65e8" classname="com.github.traderjoe95.mls.protocol.tree.TreeKem" time="0.001"/>
  <testcase name="a new update path generated by the sender should be successfully processed" classname="com.github.traderjoe95.mls.protocol.tree.TreeKem" time="0.001"/>
  <testcase name="the update path should be parent-hash valid" classname="com.github.traderjoe95.mls.protocol.tree.TreeKem" time="0.0"/>
  <testcase name="the tree hash after merging the update path should be 2b3c427e83a2ed8648fbf6c501cc14f2fc447046067054fc52c1b372f73dde6297e4be6faaefed868e655a057bc82edc13a175af6f36b2008e1d5b517d917f65" classname="com.github.traderjoe95.mls.protocol.tree.TreeKem" time="0.001"/>
  <testcase name="the decrypted path secret should be 02931f37396f7bcbf323e97782accf082cb746c17c3743976837848b01e28b85ec6657d80f4f593671b7b1496043e2b64e5b8440158eaab8b7541d62ecb6bcef" classname="com.github.traderjoe95.mls.protocol.tree.TreeKem" time="0.001"/>
  <testcase name="a new update path generated by the sender should be successfully processed" classname="com.github.traderjoe95.mls.protocol.tree.TreeKem" time="0.001"/>
  <testcase name="the update path should be parent-hash valid" classname="com.github.traderjoe95.mls.protocol.tree.TreeKem" time="0.0"/>
  <testcase name="the tree hash after merging the update path should be 2b3c427e83a2ed8648fbf6c501cc14f2fc447046067054fc52c1b372f73dde6297e4be6faaefed868e655a057bc82edc13a175af6f36b2008e1d5b517d917f65" classname="com.github.traderjoe95.mls.protocol.tree.TreeKem" time="0.001"/>
  <testcase name="the decrypted path secret should be 22642e10b2195d9ae2e6125a04a43a4b3baddb83f8cd4fb1a94c5086cdbaa871467d93714b98421f9c2438814a16fd09625ac1aeafba96854f431ed3f9b46985" classname="com.github.traderjoe95.mls.protocol.tree.TreeKem" time="0.001"/>
  <testcase name="a new update path generated by the sender should be successfully processed" classname="com.github.traderjoe95.mls.protocol.tree.TreeKem" time="0.001"/>
  <testcase name="the update path should be parent-hash valid" classname="com.github.traderjoe95.mls.protocol.tree.TreeKem" time="0.0"/>
  <testcase name="the tree hash after merging the update path should be 2b3c427e83a2ed8648fbf6c501cc14f2fc447046067054fc52c1b372f73dde6297e4be6faaefed868e655a057bc82edc13a175af6f36b2008e1d5b517d917f65" classname="com.github.traderjoe95.mls.protocol.tree.TreeKem" time="0.001"/>
  <testcase name="the decrypted path secret should be 22642e10b2195d9ae2e6125a04a43a4b3baddb83f8cd4fb1a94c5086cdbaa871467d93714b98421f9c2438814a16fd09625ac1aeafba96854f431ed3f9b46985" classname="com.github.traderjoe95.mls.protocol.tree.TreeKem" time="0.001"/>
  <testcase name="a new update path generated by the sender should be successfully processed" classname="com.github.traderjoe95.mls.protocol.tree.TreeKem" time="0.001"/>
  <testcase name="the update path should be parent-hash valid" classname="com.github.traderjoe95.mls.protocol.tree.TreeKem" time="0.0"/>
  <testcase name="the tree hash after merging the update path should be 2b3c427e83a2ed8648fbf6c501cc14f2fc447046067054fc52c1b372f73dde6297e4be6faaefed868e655a057bc82edc13a175af6f36b2008e1d5b517d917f65" classname="com.github.traderjoe95.mls.protocol.tree.TreeKem" time="0.001"/>
  <testcase name="the decrypted path secret should be 444c384f152c1d092d3d9c16d3954898b2ac6961e1d710c1a0998d77fab8e570a04e890a39458f57c9a819fc02037e391c32c4b85f01ca6cd3323e795142486a" classname="com.github.traderjoe95.mls.protocol.tree.TreeKem" time="0.0"/>
  <testcase name="a new update path generated by the sender should be successfully processed" classname="com.github.traderjoe95.mls.protocol.tree.TreeKem" time="0.002"/>
  <testcase name="the update path should be parent-hash valid" classname="com.github.traderjoe95.mls.protocol.tree.TreeKem" time="0.0"/>
  <testcase name="the tree hash after merging the update path should be 2b3c427e83a2ed8648fbf6c501cc14f2fc447046067054fc52c1b372f73dde6297e4be6faaefed868e655a057bc82edc13a175af6f36b2008e1d5b517d917f65" classname="com.github.traderjoe95.mls.protocol.tree.TreeKem" time="0.0"/>
  <testcase name="the decrypted path secret should be 444c384f152c1d092d3d9c16d3954898b2ac6961e1d710c1a0998d77fab8e570a04e890a39458f57c9a819fc02037e391c32c4b85f01ca6cd3323e795142486a" classname="com.github.traderjoe95.mls.protocol.tree.TreeKem" time="0.001"/>
  <testcase name="a new update path generated by the sender should be successfully processed" classname="com.github.traderjoe95.mls.protocol.tree.TreeKem" time="0.003"/>
  <testcase name="the update path should be parent-hash valid" classname="com.github.traderjoe95.mls.protocol.tree.TreeKem" time="0.001"/>
  <testcase name="the tree hash after merging the update path should be 2b3c427e83a2ed8648fbf6c501cc14f2fc447046067054fc52c1b372f73dde6297e4be6faaefed868e655a057bc82edc13a175af6f36b2008e1d5b517d917f65" classname="com.github.traderjoe95.mls.protocol.tree.TreeKem" time="0.001"/>
  <testcase name="the decrypted path secret should be 444c384f152c1d092d3d9c16d3954898b2ac6961e1d710c1a0998d77fab8e570a04e890a39458f57c9a819fc02037e391c32c4b85f01ca6cd3323e795142486a" classname="com.github.traderjoe95.mls.protocol.tree.TreeKem" time="0.002"/>
  <testcase name="a new update path generated by the sender should be successfully processed" classname="com.github.traderjoe95.mls.protocol.tree.TreeKem" time="0.002"/>
  <testcase name="the update path should be parent-hash valid" classname="com.github.traderjoe95.mls.protocol.tree.TreeKem" time="0.0"/>
  <testcase name="the tree hash after merging the update path should be 564e8781ee5898fb9d6f9b8c711c5ec413785dc2e0dd8445059b9303fd63cb8de35b7402871b455c6d5bdad33c0692fb6137c04673fa62a55eba3cfea6a6f9bd" classname="com.github.traderjoe95.mls.protocol.tree.TreeKem" time="0.001"/>
  <testcase name="the decrypted path secret should be f991086111f752406ced96a6ce137dc30bc6c85e458a30520db5dd098051e1edd7228456b492c43861964fa4b57793a546cd5668e4ea031fbc307ab2fdf22523" classname="com.github.traderjoe95.mls.protocol.tree.TreeKem" time="0.001"/>
  <testcase name="a new update path generated by the sender should be successfully processed" classname="com.github.traderjoe95.mls.protocol.tree.TreeKem" time="0.001"/>
  <testcase name="the update path should be parent-hash valid" classname="com.github.traderjoe95.mls.protocol.tree.TreeKem" time="0.0"/>
  <testcase name="the tree hash after merging the update path should be 564e8781ee5898fb9d6f9b8c711c5ec413785dc2e0dd8445059b9303fd63cb8de35b7402871b455c6d5bdad33c0692fb6137c04673fa62a55eba3cfea6a6f9bd" classname="com.github.traderjoe95.mls.protocol.tree.TreeKem" time="0.001"/>
  <testcase name="the decrypted path secret should be f991086111f752406ced96a6ce137dc30bc6c85e458a30520db5dd098051e1edd7228456b492c43861964fa4b57793a546cd5668e4ea031fbc307ab2fdf22523" classname="com.github.traderjoe95.mls.protocol.tree.TreeKem" time="0.001"/>
  <testcase name="a new update path generated by the sender should be successfully processed" classname="com.github.traderjoe95.mls.protocol.tree.TreeKem" time="0.002"/>
  <testcase name="the update path should be parent-hash valid" classname="com.github.traderjoe95.mls.protocol.tree.TreeKem" time="0.0"/>
  <testcase name="the tree hash after merging the update path should be 564e8781ee5898fb9d6f9b8c711c5ec413785dc2e0dd8445059b9303fd63cb8de35b7402871b455c6d5bdad33c0692fb6137c04673fa62a55eba3cfea6a6f9bd" classname="com.github.traderjoe95.mls.protocol.tree.TreeKem" time="0.0"/>
  <testcase name="the decrypted path secret should be 78ad8bc01d9cdba1c80d2ba9be70e07d936e1270be27e1f004d9edb4d8033077d8c567c6a0d25c140a2797a8aa2d2e821b0f78354c701908dc37a112bfcd6b86" classname="com.github.traderjoe95.mls.protocol.tree.TreeKem" time="0.001"/>
  <testcase name="a new update path generated by the sender should be successfully processed" classname="com.github.traderjoe95.mls.protocol.tree.TreeKem" time="0.002"/>
  <testcase name="the update path should be parent-hash valid" classname="com.github.traderjoe95.mls.protocol.tree.TreeKem" time="0.001"/>
  <testcase name="the tree hash after merging the update path should be 564e8781ee5898fb9d6f9b8c711c5ec413785dc2e0dd8445059b9303fd63cb8de35b7402871b455c6d5bdad33c0692fb6137c04673fa62a55eba3cfea6a6f9bd" classname="com.github.traderjoe95.mls.protocol.tree.TreeKem" time="0.001"/>
  <testcase name="the decrypted path secret should be 971bf4bff2e562d56a4714880fdca3d1fdd9514ecd84c818bf32ad7aadbf48e986ffbbf39adbecfac3f8f4f6341bff1f3201e65451c3691f90e617869a4aa7d5" classname="com.github.traderjoe95.mls.protocol.tree.TreeKem" time="0.001"/>
  <testcase name="a new update path generated by the sender should be successfully processed" classname="com.github.traderjoe95.mls.protocol.tree.TreeKem" time="0.001"/>
  <testcase name="the update path should be parent-hash valid" classname="com.github.traderjoe95.mls.protocol.tree.TreeKem" time="0.0"/>
  <testcase name="the tree hash after merging the update path should be 564e8781ee5898fb9d6f9b8c711c5ec413785dc2e0dd8445059b9303fd63cb8de35b7402871b455c6d5bdad33c0692fb6137c04673fa62a55eba3cfea6a6f9bd" classname="com.github.traderjoe95.mls.protocol.tree.TreeKem" time="0.0"/>
  <testcase name="the decrypted path secret should be 971bf4bff2e562d56a4714880fdca3d1fdd9514ecd84c818bf32ad7aadbf48e986ffbbf39adbecfac3f8f4f6341bff1f3201e65451c3691f90e617869a4aa7d5" classname="com.github.traderjoe95.mls.protocol.tree.TreeKem" time="0.001"/>
  <testcase name="a new update path generated by the sender should be successfully processed" classname="com.github.traderjoe95.mls.protocol.tree.TreeKem" time="0.001"/>
  <testcase name="the update path should be parent-hash valid" classname="com.github.traderjoe95.mls.protocol.tree.TreeKem" time="0.001"/>
  <testcase name="the tree hash after merging the update path should be 564e8781ee5898fb9d6f9b8c711c5ec413785dc2e0dd8445059b9303fd63cb8de35b7402871b455c6d5bdad33c0692fb6137c04673fa62a55eba3cfea6a6f9bd" classname="com.github.traderjoe95.mls.protocol.tree.TreeKem" time="0.001"/>
  <testcase name="the decrypted path secret should be 971bf4bff2e562d56a4714880fdca3d1fdd9514ecd84c818bf32ad7aadbf48e986ffbbf39adbecfac3f8f4f6341bff1f3201e65451c3691f90e617869a4aa7d5" classname="com.github.traderjoe95.mls.protocol.tree.TreeKem" time="0.001"/>
  <testcase name="a new update path generated by the sender should be successfully processed" classname="com.github.traderjoe95.mls.protocol.tree.TreeKem" time="0.001"/>
  <testcase name="the update path should be parent-hash valid" classname="com.github.traderjoe95.mls.protocol.tree.TreeKem" time="0.001"/>
  <testcase name="the tree hash after merging the update path should be b6b781d98a0854f093c98b2eb598a3b3a9e56a5ce6db1943f0dc6ce055de7da789d1547437bc41df946ccc86751de6516a9a94ae7a7c3530873aca4f409533c7" classname="com.github.traderjoe95.mls.protocol.tree.TreeKem" time="0.001"/>
  <testcase name="the decrypted path secret should be deaaa15e8690b3cc31c9baf0c873d57ff87a1805759902112286237d43ae8e9150265f0af6febc3f9998f09681d4c8c0132f919dc9279fe52a8bd041d17a42d9" classname="com.github.traderjoe95.mls.protocol.tree.TreeKem" time="0.001"/>
  <testcase name="a new update path generated by the sender should be successfully processed" classname="com.github.traderjoe95.mls.protocol.tree.TreeKem" time="0.001"/>
  <testcase name="the update path should be parent-hash valid" classname="com.github.traderjoe95.mls.protocol.tree.TreeKem" time="0.0"/>
  <testcase name="the tree hash after merging the update path should be b6b781d98a0854f093c98b2eb598a3b3a9e56a5ce6db1943f0dc6ce055de7da789d1547437bc41df946ccc86751de6516a9a94ae7a7c3530873aca4f409533c7" classname="com.github.traderjoe95.mls.protocol.tree.TreeKem" time="0.0"/>
  <testcase name="the decrypted path secret should be deaaa15e8690b3cc31c9baf0c873d57ff87a1805759902112286237d43ae8e9150265f0af6febc3f9998f09681d4c8c0132f919dc9279fe52a8bd041d17a42d9" classname="com.github.traderjoe95.mls.protocol.tree.TreeKem" time="0.001"/>
  <testcase name="a new update path generated by the sender should be successfully processed" classname="com.github.traderjoe95.mls.protocol.tree.TreeKem" time="0.002"/>
  <testcase name="the update path should be parent-hash valid" classname="com.github.traderjoe95.mls.protocol.tree.TreeKem" time="0.001"/>
  <testcase name="the tree hash after merging the update path should be b6b781d98a0854f093c98b2eb598a3b3a9e56a5ce6db1943f0dc6ce055de7da789d1547437bc41df946ccc86751de6516a9a94ae7a7c3530873aca4f409533c7" classname="com.github.traderjoe95.mls.protocol.tree.TreeKem" time="0.0"/>
  <testcase name="the decrypted path secret should be ea3c4e2b6ecb5436bd18006439b20711894b1a8f81b102cd7a4e7fd49dd00301684ef241b5f4983288015e610ed488da529ae65dbdab7b64006a13dac8c2b83c" classname="com.github.traderjoe95.mls.protocol.tree.TreeKem" time="0.001"/>
  <testcase name="a new update path generated by the sender should be successfully processed" classname="com.github.traderjoe95.mls.protocol.tree.TreeKem" time="0.001"/>
  <testcase name="the update path should be parent-hash valid" classname="com.github.traderjoe95.mls.protocol.tree.TreeKem" time="0.0"/>
  <testcase name="the tree hash after merging the update path should be b6b781d98a0854f093c98b2eb598a3b3a9e56a5ce6db1943f0dc6ce055de7da789d1547437bc41df946ccc86751de6516a9a94ae7a7c3530873aca4f409533c7" classname="com.github.traderjoe95.mls.protocol.tree.TreeKem" time="0.0"/>
  <testcase name="the decrypted path secret should be e03f676c22ffcca256d6f3f3a038b672bd5631b03650ec9a2c445ebf9ae546d214f3c1ce9d2feb839107e492e06c501a8c0e98a4e8bb02e8ebb1662391d52d1d" classname="com.github.traderjoe95.mls.protocol.tree.TreeKem" time="0.0"/>
  <testcase name="a new update path generated by the sender should be successfully processed" classname="com.github.traderjoe95.mls.protocol.tree.TreeKem" time="0.002"/>
  <testcase name="the update path should be parent-hash valid" classname="com.github.traderjoe95.mls.protocol.tree.TreeKem" time="0.0"/>
  <testcase name="the tree hash after merging the update path should be b6b781d98a0854f093c98b2eb598a3b3a9e56a5ce6db1943f0dc6ce055de7da789d1547437bc41df946ccc86751de6516a9a94ae7a7c3530873aca4f409533c7" classname="com.github.traderjoe95.mls.protocol.tree.TreeKem" time="0.001"/>
  <testcase name="the decrypted path secret should be e03f676c22ffcca256d6f3f3a038b672bd5631b03650ec9a2c445ebf9ae546d214f3c1ce9d2feb839107e492e06c501a8c0e98a4e8bb02e8ebb1662391d52d1d" classname="com.github.traderjoe95.mls.protocol.tree.TreeKem" time="0.001"/>
  <testcase name="a new update path generated by the sender should be successfully processed" classname="com.github.traderjoe95.mls.protocol.tree.TreeKem" time="0.001"/>
  <testcase name="the update path should be parent-hash valid" classname="com.github.traderjoe95.mls.protocol.tree.TreeKem" time="0.0"/>
  <testcase name="the tree hash after merging the update path should be b6b781d98a0854f093c98b2eb598a3b3a9e56a5ce6db1943f0dc6ce055de7da789d1547437bc41df946ccc86751de6516a9a94ae7a7c3530873aca4f409533c7" classname="com.github.traderjoe95.mls.protocol.tree.TreeKem" time="0.001"/>
  <testcase name="the decrypted path secret should be e03f676c22ffcca256d6f3f3a038b672bd5631b03650ec9a2c445ebf9ae546d214f3c1ce9d2feb839107e492e06c501a8c0e98a4e8bb02e8ebb1662391d52d1d" classname="com.github.traderjoe95.mls.protocol.tree.TreeKem" time="0.0"/>
  <testcase name="a new update path generated by the sender should be successfully processed" classname="com.github.traderjoe95.mls.protocol.tree.TreeKem" time="0.001"/>
  <testcase name="the update path should be parent-hash valid" classname="com.github.traderjoe95.mls.protocol.tree.TreeKem" time="0.0"/>
  <testcase name="the tree hash after merging the update path should be b27d5669993b6d9ced7b2f21aaae512105c12bf4e9d44d2daec9d54b2ab09e80b089aad67a67ab210dd61100899ee6c106d3a21f74dda9241d45868f7c70465e" classname="com.github.traderjoe95.mls.protocol.tree.TreeKem" time="0.0"/>
  <testcase name="the decrypted path secret should be d6103a729d7af9156bc635e4a3a102e66fb0e6e7ac9d7a646de0cda975052348733e1d5e513eba3d2e3cb90208d428e906f012c13df512fda5e11a9f3e53f2dd" classname="com.github.traderjoe95.mls.protocol.tree.TreeKem" time="0.001"/>
  <testcase name="a new update path generated by the sender should be successfully processed" classname="com.github.traderjoe95.mls.protocol.tree.TreeKem" time="0.001"/>
  <testcase name="the update path should be parent-hash valid" classname="com.github.traderjoe95.mls.protocol.tree.TreeKem" time="0.0"/>
  <testcase name="the tree hash after merging the update path should be b27d5669993b6d9ced7b2f21aaae512105c12bf4e9d44d2daec9d54b2ab09e80b089aad67a67ab210dd61100899ee6c106d3a21f74dda9241d45868f7c70465e" classname="com.github.traderjoe95.mls.protocol.tree.TreeKem" time="0.0"/>
  <testcase name="the decrypted path secret should be d6103a729d7af9156bc635e4a3a102e66fb0e6e7ac9d7a646de0cda975052348733e1d5e513eba3d2e3cb90208d428e906f012c13df512fda5e11a9f3e53f2dd" classname="com.github.traderjoe95.mls.protocol.tree.TreeKem" time="0.001"/>
  <testcase name="a new update path generated by the sender should be successfully processed" classname="com.github.traderjoe95.mls.protocol.tree.TreeKem" time="0.001"/>
  <testcase name="the update path should be parent-hash valid" classname="com.github.traderjoe95.mls.protocol.tree.TreeKem" time="0.0"/>
  <testcase name="the tree hash after merging the update path should be b27d5669993b6d9ced7b2f21aaae512105c12bf4e9d44d2daec9d54b2ab09e80b089aad67a67ab210dd61100899ee6c106d3a21f74dda9241d45868f7c70465e" classname="com.github.traderjoe95.mls.protocol.tree.TreeKem" time="0.0"/>
  <testcase name="the decrypted path secret should be d6103a729d7af9156bc635e4a3a102e66fb0e6e7ac9d7a646de0cda975052348733e1d5e513eba3d2e3cb90208d428e906f012c13df512fda5e11a9f3e53f2dd" classname="com.github.traderjoe95.mls.protocol.tree.TreeKem" time="0.001"/>
  <testcase name="a new update path generated by the sender should be successfully processed" classname="com.github.traderjoe95.mls.protocol.tree.TreeKem" time="0.002"/>
  <testcase name="the update path should be parent-hash valid" classname="com.github.traderjoe95.mls.protocol.tree.TreeKem" time="0.0"/>
  <testcase name="the tree hash after merging the update path should be b27d5669993b6d9ced7b2f21aaae512105c12bf4e9d44d2daec9d54b2ab09e80b089aad67a67ab210dd61100899ee6c106d3a21f74dda9241d45868f7c70465e" classname="com.github.traderjoe95.mls.protocol.tree.TreeKem" time="0.0"/>
  <testcase name="the decrypted path secret should be d6103a729d7af9156bc635e4a3a102e66fb0e6e7ac9d7a646de0cda975052348733e1d5e513eba3d2e3cb90208d428e906f012c13df512fda5e11a9f3e53f2dd" classname="com.github.traderjoe95.mls.protocol.tree.TreeKem" time="0.001"/>
  <testcase name="a new update path generated by the sender should be successfully processed" classname="com.github.traderjoe95.mls.protocol.tree.TreeKem" time="0.001"/>
  <testcase name="the update path should be parent-hash valid" classname="com.github.traderjoe95.mls.protocol.tree.TreeKem" time="0.0"/>
  <testcase name="the tree hash after merging the update path should be b27d5669993b6d9ced7b2f21aaae512105c12bf4e9d44d2daec9d54b2ab09e80b089aad67a67ab210dd61100899ee6c106d3a21f74dda9241d45868f7c70465e" classname="com.github.traderjoe95.mls.protocol.tree.TreeKem" time="0.0"/>
  <testcase name="the decrypted path secret should be d3eb43026f07ebbdfcbbddbd3f12061be0821e3c3ebd6eaff7fbda97fd639d32c99690e98c5b3c66c02d62a78ce962b21d732f6b6c7cc27590115a2984c4d379" classname="com.github.traderjoe95.mls.protocol.tree.TreeKem" time="0.001"/>
  <testcase name="a new update path generated by the sender should be successfully processed" classname="com.github.traderjoe95.mls.protocol.tree.TreeKem" time="0.001"/>
  <testcase name="the update path should be parent-hash valid" classname="com.github.traderjoe95.mls.protocol.tree.TreeKem" time="0.001"/>
  <testcase name="the tree hash after merging the update path should be b27d5669993b6d9ced7b2f21aaae512105c12bf4e9d44d2daec9d54b2ab09e80b089aad67a67ab210dd61100899ee6c106d3a21f74dda9241d45868f7c70465e" classname="com.github.traderjoe95.mls.protocol.tree.TreeKem" time="0.001"/>
  <testcase name="the decrypted path secret should be 8873af2e1a8ec8cd936ed38258cb69dd29d510bda2b49c57d76f12943bf08f0dda56db4f5672f87a65f6f1957cabed4338f5cbbf98cade4c6d8dc280decb22ab" classname="com.github.traderjoe95.mls.protocol.tree.TreeKem" time="0.001"/>
  <testcase name="a new update path generated by the sender should be successfully processed" classname="com.github.traderjoe95.mls.protocol.tree.TreeKem" time="0.001"/>
  <testcase name="the update path should be parent-hash valid" classname="com.github.traderjoe95.mls.protocol.tree.TreeKem" time="0.0"/>
  <testcase name="the tree hash after merging the update path should be 8833c1bb9e564c406a86d45034251927a054a5c86cbdb376ec57351205e068cbe8d660c6bf6b8d1046948f4ab548f59f4a9c34d160ea0227c8b629362bbb4370" classname="com.github.traderjoe95.mls.protocol.tree.TreeKem" time="0.001"/>
  <testcase name="the decrypted path secret should be a2e511a42906b1220daa3b2ce4fc64d876fbb2324be4b7eab3db0e42d197efaacba748e43abf934fb38ab841d968296aed4772bdd90bceea5f2f7c89c2f4e2cf" classname="com.github.traderjoe95.mls.protocol.tree.TreeKem" time="0.001"/>
  <testcase name="a new update path generated by the sender should be successfully processed" classname="com.github.traderjoe95.mls.protocol.tree.TreeKem" time="0.001"/>
  <testcase name="the update path should be parent-hash valid" classname="com.github.traderjoe95.mls.protocol.tree.TreeKem" time="0.0"/>
  <testcase name="the tree hash after merging the update path should be 8833c1bb9e564c406a86d45034251927a054a5c86cbdb376ec57351205e068cbe8d660c6bf6b8d1046948f4ab548f59f4a9c34d160ea0227c8b629362bbb4370" classname="com.github.traderjoe95.mls.protocol.tree.TreeKem" time="0.0"/>
  <testcase name="the decrypted path secret should be a2e511a42906b1220daa3b2ce4fc64d876fbb2324be4b7eab3db0e42d197efaacba748e43abf934fb38ab841d968296aed4772bdd90bceea5f2f7c89c2f4e2cf" classname="com.github.traderjoe95.mls.protocol.tree.TreeKem" time="0.0"/>
  <testcase name="a new update path generated by the sender should be successfully processed" classname="com.github.traderjoe95.mls.protocol.tree.TreeKem" time="0.001"/>
  <testcase name="the update path should be parent-hash valid" classname="com.github.traderjoe95.mls.protocol.tree.TreeKem" time="0.0"/>
  <testcase name="the tree hash after merging the update path should be 8833c1bb9e564c406a86d45034251927a054a5c86cbdb376ec57351205e068cbe8d660c6bf6b8d1046948f4ab548f59f4a9c34d160ea0227c8b629362bbb4370" classname="com.github.traderjoe95.mls.protocol.tree.TreeKem" time="0.0"/>
  <testcase name="the decrypted path secret should be a2e511a42906b1220daa3b2ce4fc64d876fbb2324be4b7eab3db0e42d197efaacba748e43abf934fb38ab841d968296aed4772bdd90bceea5f2f7c89c2f4e2cf" classname="com.github.traderjoe95.mls.protocol.tree.TreeKem" time="0.001"/>
  <testcase name="a new update path generated by the sender should be successfully processed" classname="com.github.traderjoe95.mls.protocol.tree.TreeKem" time="0.001"/>
  <testcase name="the update path should be parent-hash valid" classname="com.github.traderjoe95.mls.protocol.tree.TreeKem" time="0.0"/>
  <testcase name="the tree hash after merging the update path should be 8833c1bb9e564c406a86d45034251927a054a5c86cbdb376ec57351205e068cbe8d660c6bf6b8d1046948f4ab548f59f4a9c34d160ea0227c8b629362bbb4370" classname="com.github.traderjoe95.mls.protocol.tree.TreeKem" time="0.0"/>
  <testcase name="the decrypted path secret should be a2e511a42906b1220daa3b2ce4fc64d876fbb2324be4b7eab3db0e42d197efaacba748e43abf934fb38ab841d968296aed4772bdd90bceea5f2f7c89c2f4e2cf" classname="com.github.traderjoe95.mls.protocol.tree.TreeKem" time="0.001"/>
  <testcase name="a new update path generated by the sender should be successfully processed" classname="com.github.traderjoe95.mls.protocol.tree.TreeKem" time="0.001"/>
  <testcase name="the update path should be parent-hash valid" classname="com.github.traderjoe95.mls.protocol.tree.TreeKem" time="0.001"/>
  <testcase name="the tree hash after merging the update path should be 8833c1bb9e564c406a86d45034251927a054a5c86cbdb376ec57351205e068cbe8d660c6bf6b8d1046948f4ab548f59f4a9c34d160ea0227c8b629362bbb4370" classname="com.github.traderjoe95.mls.protocol.tree.TreeKem" time="0.0"/>
  <testcase name="the decrypted path secret should be fa2e74cc789c005b05b6219f29886b7536dcf64ee80eb9901402a8b365d5dc9a4b51a973a2bedd4f6e0106799017a978830504aef7da2b153ba386764b430e8b" classname="com.github.traderjoe95.mls.protocol.tree.TreeKem" time="0.005"/>
  <testcase name="a new update path generated by the sender should be successfully processed" classname="com.github.traderjoe95.mls.protocol.tree.TreeKem" time="0.001"/>
  <testcase name="the update path should be parent-hash valid" classname="com.github.traderjoe95.mls.protocol.tree.TreeKem" time="0.0"/>
  <testcase name="the tree hash after merging the update path should be 8833c1bb9e564c406a86d45034251927a054a5c86cbdb376ec57351205e068cbe8d660c6bf6b8d1046948f4ab548f59f4a9c34d160ea0227c8b629362bbb4370" classname="com.github.traderjoe95.mls.protocol.tree.TreeKem" time="0.0"/>
  <testcase name="the decrypted path secret should be 31bcb9da845fa770b42628aa5896cad572a36ec5d837420a3b71a83c0e4aafc3dd20d128deeede9d70202cb245e234c806fafab656bad5cb4731ae064e73eb2a" classname="com.github.traderjoe95.mls.protocol.tree.TreeKem" time="0.001"/>
  <testcase name="a new update path generated by the sender should be successfully processed" classname="com.github.traderjoe95.mls.protocol.tree.TreeKem" time="0.002"/>
  <testcase name="the update path should be parent-hash valid" classname="com.github.traderjoe95.mls.protocol.tree.TreeKem" time="0.0"/>
  <testcase name="the tree hash after merging the update path should be bd21875f4c71abe606fe04f2ad150df67a7178035fc46e57d4f713238b975409348226579f3139688b33bcfc0079c71b02846b45f0177eb861cc22ad12662088" classname="com.github.traderjoe95.mls.protocol.tree.TreeKem" time="0.0"/>
  <testcase name="the decrypted path secret should be 070c626da97401a8b03912d5a543d80ff063ce10281220a5c2b2b2caac4879d1dceda12771e8f6f1e10e99d935a2d9478bbc4076f89526a7f2727edf02a7de5b" classname="com.github.traderjoe95.mls.protocol.tree.TreeKem" time="0.0"/>
  <testcase name="a new update path generated by the sender should be successfully processed" classname="com.github.traderjoe95.mls.protocol.tree.TreeKem" time="0.001"/>
  <testcase name="the update path should be parent-hash valid" classname="com.github.traderjoe95.mls.protocol.tree.TreeKem" time="0.0"/>
  <testcase name="the tree hash after merging the update path should be bd21875f4c71abe606fe04f2ad150df67a7178035fc46e57d4f713238b975409348226579f3139688b33bcfc0079c71b02846b45f0177eb861cc22ad12662088" classname="com.github.traderjoe95.mls.protocol.tree.TreeKem" time="0.0"/>
  <testcase name="the decrypted path secret should be 070c626da97401a8b03912d5a543d80ff063ce10281220a5c2b2b2caac4879d1dceda12771e8f6f1e10e99d935a2d9478bbc4076f89526a7f2727edf02a7de5b" classname="com.github.traderjoe95.mls.protocol.tree.TreeKem" time="0.001"/>
  <testcase name="a new update path generated by the sender should be successfully processed" classname="com.github.traderjoe95.mls.protocol.tree.TreeKem" time="0.001"/>
  <testcase name="the update path should be parent-hash valid" classname="com.github.traderjoe95.mls.protocol.tree.TreeKem" time="0.001"/>
  <testcase name="the tree hash after merging the update path should be bd21875f4c71abe606fe04f2ad150df67a7178035fc46e57d4f713238b975409348226579f3139688b33bcfc0079c71b02846b45f0177eb861cc22ad12662088" classname="com.github.traderjoe95.mls.protocol.tree.TreeKem" time="0.0"/>
  <testcase name="the decrypted path secret should be 070c626da97401a8b03912d5a543d80ff063ce10281220a5c2b2b2caac4879d1dceda12771e8f6f1e10e99d935a2d9478bbc4076f89526a7f2727edf02a7de5b" classname="com.github.traderjoe95.mls.protocol.tree.TreeKem" time="0.001"/>
  <testcase name="a new update path generated by the sender should be successfully processed" classname="com.github.traderjoe95.mls.protocol.tree.TreeKem" time="0.001"/>
  <testcase name="the update path should be parent-hash valid" classname="com.github.traderjoe95.mls.protocol.tree.TreeKem" time="0.001"/>
  <testcase name="the tree hash after merging the update path should be bd21875f4c71abe606fe04f2ad150df67a7178035fc46e57d4f713238b975409348226579f3139688b33bcfc0079c71b02846b45f0177eb861cc22ad12662088" classname="com.github.traderjoe95.mls.protocol.tree.TreeKem" time="0.001"/>
  <testcase name="the decrypted path secret should be 070c626da97401a8b03912d5a543d80ff063ce10281220a5c2b2b2caac4879d1dceda12771e8f6f1e10e99d935a2d9478bbc4076f89526a7f2727edf02a7de5b" classname="com.github.traderjoe95.mls.protocol.tree.TreeKem" time="0.001"/>
  <testcase name="a new update path generated by the sender should be successfully processed" classname="com.github.traderjoe95.mls.protocol.tree.TreeKem" time="0.0"/>
  <testcase name="the update path should be parent-hash valid" classname="com.github.traderjoe95.mls.protocol.tree.TreeKem" time="0.0"/>
  <testcase name="the tree hash after merging the update path should be bd21875f4c71abe606fe04f2ad150df67a7178035fc46e57d4f713238b975409348226579f3139688b33bcfc0079c71b02846b45f0177eb861cc22ad12662088" classname="com.github.traderjoe95.mls.protocol.tree.TreeKem" time="0.001"/>
  <testcase name="the decrypted path secret should be 929dfc7ab8ff8638f74997388baa7a7d706b45a1f1a11d019b9d0cdfe2606c269278159915af90e89f2d4aea781d0a1edd401d88324c7efc7a5bd6931a508f25" classname="com.github.traderjoe95.mls.protocol.tree.TreeKem" time="0.001"/>
  <testcase name="a new update path generated by the sender should be successfully processed" classname="com.github.traderjoe95.mls.protocol.tree.TreeKem" time="0.001"/>
  <testcase name="the update path should be parent-hash valid" classname="com.github.traderjoe95.mls.protocol.tree.TreeKem" time="0.001"/>
  <testcase name="the tree hash after merging the update path should be bd21875f4c71abe606fe04f2ad150df67a7178035fc46e57d4f713238b975409348226579f3139688b33bcfc0079c71b02846b45f0177eb861cc22ad12662088" classname="com.github.traderjoe95.mls.protocol.tree.TreeKem" time="0.001"/>
  <testcase name="the decrypted path secret should be 929dfc7ab8ff8638f74997388baa7a7d706b45a1f1a11d019b9d0cdfe2606c269278159915af90e89f2d4aea781d0a1edd401d88324c7efc7a5bd6931a508f25" classname="com.github.traderjoe95.mls.protocol.tree.TreeKem" time="0.001"/>
  <testcase name="a new update path generated by the sender should be successfully processed" classname="com.github.traderjoe95.mls.protocol.tree.TreeKem" time="0.001"/>
  <testcase name="non-blank leaf 0 should be consistent with the public state" classname="com.github.traderjoe95.mls.protocol.tree.TreeKem" time="0.001"/>
  <testcase name="non-blank leaf 1 should be consistent with the public state" classname="com.github.traderjoe95.mls.protocol.tree.TreeKem" time="0.001"/>
  <testcase name="non-blank leaf 2 should be consistent with the public state" classname="com.github.traderjoe95.mls.protocol.tree.TreeKem" time="0.001"/>
  <testcase name="non-blank leaf 3 should be consistent with the public state" classname="com.github.traderjoe95.mls.protocol.tree.TreeKem" time="0.002"/>
  <testcase name="non-blank leaf 4 should be consistent with the public state" classname="com.github.traderjoe95.mls.protocol.tree.TreeKem" time="0.002"/>
  <testcase name="non-blank leaf 5 should be consistent with the public state" classname="com.github.traderjoe95.mls.protocol.tree.TreeKem" time="0.002"/>
  <testcase name="non-blank leaf 6 should be consistent with the public state" classname="com.github.traderjoe95.mls.protocol.tree.TreeKem" time="0.001"/>
  <testcase name="non-blank leaf 7 should be consistent with the public state" classname="com.github.traderjoe95.mls.protocol.tree.TreeKem" time="0.001"/>
  <testcase name="the update path should be parent-hash valid" classname="com.github.traderjoe95.mls.protocol.tree.TreeKem" time="0.0"/>
  <testcase name="the tree hash after merging the update path should be 75e5a5341c63f0a6d88838c49506cc05a54b9f53bc931c3cba599a1a618e5ec078a1f11535302152c8bbd11185fb0db2e8e1e58c206a8b908cafe8d48dc73f0c" classname="com.github.traderjoe95.mls.protocol.tree.TreeKem" time="0.0"/>
  <testcase name="the decrypted path secret should be 1d25243acaf5958a18425b4ccc898679204631170b2131353e00ac14f0179b238122c7180ab99d6a6dfd1bb685c6cb9c4a1894b0534b4d0c52fcb1c3ad678148" classname="com.github.traderjoe95.mls.protocol.tree.TreeKem" time="0.001"/>
  <testcase name="a new update path generated by the sender should be successfully processed" classname="com.github.traderjoe95.mls.protocol.tree.TreeKem" time="0.001"/>
  <testcase name="the update path should be parent-hash valid" classname="com.github.traderjoe95.mls.protocol.tree.TreeKem" time="0.0"/>
  <testcase name="the tree hash after merging the update path should be 75e5a5341c63f0a6d88838c49506cc05a54b9f53bc931c3cba599a1a618e5ec078a1f11535302152c8bbd11185fb0db2e8e1e58c206a8b908cafe8d48dc73f0c" classname="com.github.traderjoe95.mls.protocol.tree.TreeKem" time="0.0"/>
  <testcase name="the decrypted path secret should be 34c26ec513691ca0b1e11c786d7f02cf7f837aa11c61d2adbd021328599c2b8a41981458678729724cc2ea86b6da1a7a603b6bdcffc02e2c79a8ff8336b7d71d" classname="com.github.traderjoe95.mls.protocol.tree.TreeKem" time="0.001"/>
  <testcase name="a new update path generated by the sender should be successfully processed" classname="com.github.traderjoe95.mls.protocol.tree.TreeKem" time="0.001"/>
  <testcase name="the update path should be parent-hash valid" classname="com.github.traderjoe95.mls.protocol.tree.TreeKem" time="0.001"/>
  <testcase name="the tree hash after merging the update path should be 75e5a5341c63f0a6d88838c49506cc05a54b9f53bc931c3cba599a1a618e5ec078a1f11535302152c8bbd11185fb0db2e8e1e58c206a8b908cafe8d48dc73f0c" classname="com.github.traderjoe95.mls.protocol.tree.TreeKem" time="0.001"/>
  <testcase name="the decrypted path secret should be 34c26ec513691ca0b1e11c786d7f02cf7f837aa11c61d2adbd021328599c2b8a41981458678729724cc2ea86b6da1a7a603b6bdcffc02e2c79a8ff8336b7d71d" classname="com.github.traderjoe95.mls.protocol.tree.TreeKem" time="0.001"/>
  <testcase name="a new update path generated by the sender should be successfully processed" classname="com.github.traderjoe95.mls.protocol.tree.TreeKem" time="0.001"/>
  <testcase name="the update path should be parent-hash valid" classname="com.github.traderjoe95.mls.protocol.tree.TreeKem" time="0.0"/>
  <testcase name="the tree hash after merging the update path should be 75e5a5341c63f0a6d88838c49506cc05a54b9f53bc931c3cba599a1a618e5ec078a1f11535302152c8bbd11185fb0db2e8e1e58c206a8b908cafe8d48dc73f0c" classname="com.github.traderjoe95.mls.protocol.tree.TreeKem" time="0.0"/>
  <testcase name="the decrypted path secret should be 80171ba520013c13a710743e9f58a51cac54e2434f40a5fc35dc71bbd6828281817bc2184bde275f2ce31b07005890cb34920b8e76ffb3912f43eafa4bfd65e8" classname="com.github.traderjoe95.mls.protocol.tree.TreeKem" time="0.001"/>
  <testcase name="a new update path generated by the sender should be successfully processed" classname="com.github.traderjoe95.mls.protocol.tree.TreeKem" time="0.001"/>
  <testcase name="the update path should be parent-hash valid" classname="com.github.traderjoe95.mls.protocol.tree.TreeKem" time="0.001"/>
  <testcase name="the tree hash after merging the update path should be 75e5a5341c63f0a6d88838c49506cc05a54b9f53bc931c3cba599a1a618e5ec078a1f11535302152c8bbd11185fb0db2e8e1e58c206a8b908cafe8d48dc73f0c" classname="com.github.traderjoe95.mls.protocol.tree.TreeKem" time="0.001"/>
  <testcase name="the decrypted path secret should be 80171ba520013c13a710743e9f58a51cac54e2434f40a5fc35dc71bbd6828281817bc2184bde275f2ce31b07005890cb34920b8e76ffb3912f43eafa4bfd65e8" classname="com.github.traderjoe95.mls.protocol.tree.TreeKem" time="0.001"/>
  <testcase name="a new update path generated by the sender should be successfully processed" classname="com.github.traderjoe95.mls.protocol.tree.TreeKem" time="0.001"/>
  <testcase name="the update path should be parent-hash valid" classname="com.github.traderjoe95.mls.protocol.tree.TreeKem" time="0.0"/>
  <testcase name="the tree hash after merging the update path should be 75e5a5341c63f0a6d88838c49506cc05a54b9f53bc931c3cba599a1a618e5ec078a1f11535302152c8bbd11185fb0db2e8e1e58c206a8b908cafe8d48dc73f0c" classname="com.github.traderjoe95.mls.protocol.tree.TreeKem" time="0.0"/>
  <testcase name="the decrypted path secret should be 80171ba520013c13a710743e9f58a51cac54e2434f40a5fc35dc71bbd6828281817bc2184bde275f2ce31b07005890cb34920b8e76ffb3912f43eafa4bfd65e8" classname="com.github.traderjoe95.mls.protocol.tree.TreeKem" time="0.001"/>
  <testcase name="a new update path generated by the sender should be successfully processed" classname="com.github.traderjoe95.mls.protocol.tree.TreeKem" time="0.001"/>
  <testcase name="the update path should be parent-hash valid" classname="com.github.traderjoe95.mls.protocol.tree.TreeKem" time="0.001"/>
  <testcase name="the tree hash after merging the update path should be 75e5a5341c63f0a6d88838c49506cc05a54b9f53bc931c3cba599a1a618e5ec078a1f11535302152c8bbd11185fb0db2e8e1e58c206a8b908cafe8d48dc73f0c" classname="com.github.traderjoe95.mls.protocol.tree.TreeKem" time="0.0"/>
  <testcase name="the decrypted path secret should be 80171ba520013c13a710743e9f58a51cac54e2434f40a5fc35dc71bbd6828281817bc2184bde275f2ce31b07005890cb34920b8e76ffb3912f43eafa4bfd65e8" classname="com.github.traderjoe95.mls.protocol.tree.TreeKem" time="0.001"/>
  <testcase name="a new update path generated by the sender should be successfully processed" classname="com.github.traderjoe95.mls.protocol.tree.TreeKem" time="0.001"/>
  <testcase name="the update path should be parent-hash valid" classname="com.github.traderjoe95.mls.protocol.tree.TreeKem" time="0.0"/>
  <testcase name="the tree hash after merging the update path should be 093231c0846bfd908fc46671ac5e3e49236543d85149321835c0f1688b8242c594e84c672d25249793fdcb74fd2a50994e3dbd248b1367a260882c8387efb8a8" classname="com.github.traderjoe95.mls.protocol.tree.TreeKem" time="0.0"/>
  <testcase name="the decrypted path secret should be 02931f37396f7bcbf323e97782accf082cb746c17c3743976837848b01e28b85ec6657d80f4f593671b7b1496043e2b64e5b8440158eaab8b7541d62ecb6bcef" classname="com.github.traderjoe95.mls.protocol.tree.TreeKem" time="0.0"/>
  <testcase name="a new update path generated by the sender should be successfully processed" classname="com.github.traderjoe95.mls.protocol.tree.TreeKem" time="0.001"/>
  <testcase name="the update path should be parent-hash valid" classname="com.github.traderjoe95.mls.protocol.tree.TreeKem" time="0.0"/>
  <testcase name="the tree hash after merging the update path should be 093231c0846bfd908fc46671ac5e3e49236543d85149321835c0f1688b8242c594e84c672d25249793fdcb74fd2a50994e3dbd248b1367a260882c8387efb8a8" classname="com.github.traderjoe95.mls.protocol.tree.TreeKem" time="0.0"/>
  <testcase name="the decrypted path secret should be 22642e10b2195d9ae2e6125a04a43a4b3baddb83f8cd4fb1a94c5086cdbaa871467d93714b98421f9c2438814a16fd09625ac1aeafba96854f431ed3f9b46985" classname="com.github.traderjoe95.mls.protocol.tree.TreeKem" time="0.001"/>
  <testcase name="a new update path generated by the sender should be successfully processed" classname="com.github.traderjoe95.mls.protocol.tree.TreeKem" time="0.001"/>
  <testcase name="the update path should be parent-hash valid" classname="com.github.traderjoe95.mls.protocol.tree.TreeKem" time="0.0"/>
  <testcase name="the tree hash after merging the update path should be 093231c0846bfd908fc46671ac5e3e49236543d85149321835c0f1688b8242c594e84c672d25249793fdcb74fd2a50994e3dbd248b1367a260882c8387efb8a8" classname="com.github.traderjoe95.mls.protocol.tree.TreeKem" time="0.0"/>
  <testcase name="the decrypted path secret should be 22642e10b2195d9ae2e6125a04a43a4b3baddb83f8cd4fb1a94c5086cdbaa871467d93714b98421f9c2438814a16fd09625ac1aeafba96854f431ed3f9b46985" classname="com.github.traderjoe95.mls.protocol.tree.TreeKem" time="0.001"/>
  <testcase name="a new update path generated by the sender should be successfully processed" classname="com.github.traderjoe95.mls.protocol.tree.TreeKem" time="0.002"/>
  <testcase name="the update path should be parent-hash valid" classname="com.github.traderjoe95.mls.protocol.tree.TreeKem" time="0.001"/>
  <testcase name="the tree hash after merging the update path should be 093231c0846bfd908fc46671ac5e3e49236543d85149321835c0f1688b8242c594e84c672d25249793fdcb74fd2a50994e3dbd248b1367a260882c8387efb8a8" classname="com.github.traderjoe95.mls.protocol.tree.TreeKem" time="0.0"/>
  <testcase name="the decrypted path secret should be 444c384f152c1d092d3d9c16d3954898b2ac6961e1d710c1a0998d77fab8e570a04e890a39458f57c9a819fc02037e391c32c4b85f01ca6cd3323e795142486a" classname="com.github.traderjoe95.mls.protocol.tree.TreeKem" time="0.001"/>
  <testcase name="a new update path generated by the sender should be successfully processed" classname="com.github.traderjoe95.mls.protocol.tree.TreeKem" time="0.002"/>
  <testcase name="the update path should be parent-hash valid" classname="com.github.traderjoe95.mls.protocol.tree.TreeKem" time="0.001"/>
  <testcase name="the tree hash after merging the update path should be 093231c0846bfd908fc46671ac5e3e49236543d85149321835c0f1688b8242c594e84c672d25249793fdcb74fd2a50994e3dbd248b1367a260882c8387efb8a8" classname="com.github.traderjoe95.mls.protocol.tree.TreeKem" time="0.001"/>
  <testcase name="the decrypted path secret should be 444c384f152c1d092d3d9c16d3954898b2ac6961e1d710c1a0998d77fab8e570a04e890a39458f57c9a819fc02037e391c32c4b85f01ca6cd3323e795142486a" classname="com.github.traderjoe95.mls.protocol.tree.TreeKem" time="0.001"/>
  <testcase name="a new update path generated by the sender should be successfully processed" classname="com.github.traderjoe95.mls.protocol.tree.TreeKem" time="0.001"/>
  <testcase name="the update path should be parent-hash valid" classname="com.github.traderjoe95.mls.protocol.tree.TreeKem" time="0.0"/>
  <testcase name="the tree hash after merging the update path should be 093231c0846bfd908fc46671ac5e3e49236543d85149321835c0f1688b8242c594e84c672d25249793fdcb74fd2a50994e3dbd248b1367a260882c8387efb8a8" classname="com.github.traderjoe95.mls.protocol.tree.TreeKem" time="0.0"/>
  <testcase name="the decrypted path secret should be 444c384f152c1d092d3d9c16d3954898b2ac6961e1d710c1a0998d77fab8e570a04e890a39458f57c9a819fc02037e391c32c4b85f01ca6cd3323e795142486a" classname="com.github.traderjoe95.mls.protocol.tree.TreeKem" time="0.001"/>
  <testcase name="a new update path generated by the sender should be successfully processed" classname="com.github.traderjoe95.mls.protocol.tree.TreeKem" time="0.001"/>
  <testcase name="the update path should be parent-hash valid" classname="com.github.traderjoe95.mls.protocol.tree.TreeKem" time="0.001"/>
  <testcase name="the tree hash after merging the update path should be 093231c0846bfd908fc46671ac5e3e49236543d85149321835c0f1688b8242c594e84c672d25249793fdcb74fd2a50994e3dbd248b1367a260882c8387efb8a8" classname="com.github.traderjoe95.mls.protocol.tree.TreeKem" time="0.0"/>
  <testcase name="the decrypted path secret should be 444c384f152c1d092d3d9c16d3954898b2ac6961e1d710c1a0998d77fab8e570a04e890a39458f57c9a819fc02037e391c32c4b85f01ca6cd3323e795142486a" classname="com.github.traderjoe95.mls.protocol.tree.TreeKem" time="0.001"/>
  <testcase name="a new update path generated by the sender should be successfully processed" classname="com.github.traderjoe95.mls.protocol.tree.TreeKem" time="0.001"/>
  <testcase name="the update path should be parent-hash valid" classname="com.github.traderjoe95.mls.protocol.tree.TreeKem" time="0.0"/>
  <testcase name="the tree hash after merging the update path should be bd5c8a80a300d70ab67f2d914d2d60907ee8ae76594441fc8361b81a65317dd0739a4202ecb873e070e9137d2abb24bba05ffd3a0f32093ed0c96da50bbe2cde" classname="com.github.traderjoe95.mls.protocol.tree.TreeKem" time="0.001"/>
  <testcase name="the decrypted path secret should be f991086111f752406ced96a6ce137dc30bc6c85e458a30520db5dd098051e1edd7228456b492c43861964fa4b57793a546cd5668e4ea031fbc307ab2fdf22523" classname="com.github.traderjoe95.mls.protocol.tree.TreeKem" time="0.001"/>
  <testcase name="a new update path generated by the sender should be successfully processed" classname="com.github.traderjoe95.mls.protocol.tree.TreeKem" time="0.001"/>
  <testcase name="the update path should be parent-hash valid" classname="com.github.traderjoe95.mls.protocol.tree.TreeKem" time="0.0"/>
  <testcase name="the tree hash after merging the update path should be bd5c8a80a300d70ab67f2d914d2d60907ee8ae76594441fc8361b81a65317dd0739a4202ecb873e070e9137d2abb24bba05ffd3a0f32093ed0c96da50bbe2cde" classname="com.github.traderjoe95.mls.protocol.tree.TreeKem" time="0.0"/>
  <testcase name="the decrypted path secret should be f991086111f752406ced96a6ce137dc30bc6c85e458a30520db5dd098051e1edd7228456b492c43861964fa4b57793a546cd5668e4ea031fbc307ab2fdf22523" classname="com.github.traderjoe95.mls.protocol.tree.TreeKem" time="0.001"/>
  <testcase name="a new update path generated by the sender should be successfully processed" classname="com.github.traderjoe95.mls.protocol.tree.TreeKem" time="0.001"/>
  <testcase name="the update path should be parent-hash valid" classname="com.github.traderjoe95.mls.protocol.tree.TreeKem" time="0.0"/>
  <testcase name="the tree hash after merging the update path should be bd5c8a80a300d70ab67f2d914d2d60907ee8ae76594441fc8361b81a65317dd0739a4202ecb873e070e9137d2abb24bba05ffd3a0f32093ed0c96da50bbe2cde" classname="com.github.traderjoe95.mls.protocol.tree.TreeKem" time="0.001"/>
  <testcase name="the decrypted path secret should be 78ad8bc01d9cdba1c80d2ba9be70e07d936e1270be27e1f004d9edb4d8033077d8c567c6a0d25c140a2797a8aa2d2e821b0f78354c701908dc37a112bfcd6b86" classname="com.github.traderjoe95.mls.protocol.tree.TreeKem" time="0.001"/>
  <testcase name="a new update path generated by the sender should be successfully processed" classname="com.github.traderjoe95.mls.protocol.tree.TreeKem" time="0.001"/>
  <testcase name="the update path should be parent-hash valid" classname="com.github.traderjoe95.mls.protocol.tree.TreeKem" time="0.0"/>
  <testcase name="the tree hash after merging the update path should be bd5c8a80a300d70ab67f2d914d2d60907ee8ae76594441fc8361b81a65317dd0739a4202ecb873e070e9137d2abb24bba05ffd3a0f32093ed0c96da50bbe2cde" classname="com.github.traderjoe95.mls.protocol.tree.TreeKem" time="0.0"/>
  <testcase name="the decrypted path secret should be 971bf4bff2e562d56a4714880fdca3d1fdd9514ecd84c818bf32ad7aadbf48e986ffbbf39adbecfac3f8f4f6341bff1f3201e65451c3691f90e617869a4aa7d5" classname="com.github.traderjoe95.mls.protocol.tree.TreeKem" time="0.001"/>
  <testcase name="a new update path generated by the sender should be successfully processed" classname="com.github.traderjoe95.mls.protocol.tree.TreeKem" time="0.001"/>
  <testcase name="the update path should be parent-hash valid" classname="com.github.traderjoe95.mls.protocol.tree.TreeKem" time="0.001"/>
  <testcase name="the tree hash after merging the update path should be bd5c8a80a300d70ab67f2d914d2d60907ee8ae76594441fc8361b81a65317dd0739a4202ecb873e070e9137d2abb24bba05ffd3a0f32093ed0c96da50bbe2cde" classname="com.github.traderjoe95.mls.protocol.tree.TreeKem" time="0.001"/>
  <testcase name="the decrypted path secret should be 971bf4bff2e562d56a4714880fdca3d1fdd9514ecd84c818bf32ad7aadbf48e986ffbbf39adbecfac3f8f4f6341bff1f3201e65451c3691f90e617869a4aa7d5" classname="com.github.traderjoe95.mls.protocol.tree.TreeKem" time="0.001"/>
  <testcase name="a new update path generated by the sender should be successfully processed" classname="com.github.traderjoe95.mls.protocol.tree.TreeKem" time="0.001"/>
  <testcase name="the update path should be parent-hash valid" classname="com.github.traderjoe95.mls.protocol.tree.TreeKem" time="0.0"/>
  <testcase name="the tree hash after merging the update path should be bd5c8a80a300d70ab67f2d914d2d60907ee8ae76594441fc8361b81a65317dd0739a4202ecb873e070e9137d2abb24bba05ffd3a0f32093ed0c96da50bbe2cde" classname="com.github.traderjoe95.mls.protocol.tree.TreeKem" time="0.001"/>
  <testcase name="the decrypted path secret should be 971bf4bff2e562d56a4714880fdca3d1fdd9514ecd84c818bf32ad7aadbf48e986ffbbf39adbecfac3f8f4f6341bff1f3201e65451c3691f90e617869a4aa7d5" classname="com.github.traderjoe95.mls.protocol.tree.TreeKem" time="0.001"/>
  <testcase name="a new update path generated by the sender should be successfully processed" classname="com.github.traderjoe95.mls.protocol.tree.TreeKem" time="0.002"/>
  <testcase name="the update path should be parent-hash valid" classname="com.github.traderjoe95.mls.protocol.tree.TreeKem" time="0.0"/>
  <testcase name="the tree hash after merging the update path should be bd5c8a80a300d70ab67f2d914d2d60907ee8ae76594441fc8361b81a65317dd0739a4202ecb873e070e9137d2abb24bba05ffd3a0f32093ed0c96da50bbe2cde" classname="com.github.traderjoe95.mls.protocol.tree.TreeKem" time="0.001"/>
  <testcase name="the decrypted path secret should be 971bf4bff2e562d56a4714880fdca3d1fdd9514ecd84c818bf32ad7aadbf48e986ffbbf39adbecfac3f8f4f6341bff1f3201e65451c3691f90e617869a4aa7d5" classname="com.github.traderjoe95.mls.protocol.tree.TreeKem" time="0.001"/>
  <testcase name="a new update path generated by the sender should be successfully processed" classname="com.github.traderjoe95.mls.protocol.tree.TreeKem" time="0.001"/>
  <testcase name="the update path should be parent-hash valid" classname="com.github.traderjoe95.mls.protocol.tree.TreeKem" time="0.0"/>
  <testcase name="the tree hash after merging the update path should be 1728074f391406fb83f6d66862fe289ee9787590b86331b17abdf5e7731582824270c3d651f2d00e01b3636d8fdd53a45ba8b9c44b570f95e27e2ba4baf75b3d" classname="com.github.traderjoe95.mls.protocol.tree.TreeKem" time="0.0"/>
  <testcase name="the decrypted path secret should be deaaa15e8690b3cc31c9baf0c873d57ff87a1805759902112286237d43ae8e9150265f0af6febc3f9998f09681d4c8c0132f919dc9279fe52a8bd041d17a42d9" classname="com.github.traderjoe95.mls.protocol.tree.TreeKem" time="0.001"/>
  <testcase name="a new update path generated by the sender should be successfully processed" classname="com.github.traderjoe95.mls.protocol.tree.TreeKem" time="0.001"/>
  <testcase name="the update path should be parent-hash valid" classname="com.github.traderjoe95.mls.protocol.tree.TreeKem" time="0.001"/>
  <testcase name="the tree hash after merging the update path should be 1728074f391406fb83f6d66862fe289ee9787590b86331b17abdf5e7731582824270c3d651f2d00e01b3636d8fdd53a45ba8b9c44b570f95e27e2ba4baf75b3d" classname="com.github.traderjoe95.mls.protocol.tree.TreeKem" time="0.0"/>
  <testcase name="the decrypted path secret should be deaaa15e8690b3cc31c9baf0c873d57ff87a1805759902112286237d43ae8e9150265f0af6febc3f9998f09681d4c8c0132f919dc9279fe52a8bd041d17a42d9" classname="com.github.traderjoe95.mls.protocol.tree.TreeKem" time="0.0"/>
  <testcase name="a new update path generated by the sender should be successfully processed" classname="com.github.traderjoe95.mls.protocol.tree.TreeKem" time="0.001"/>
  <testcase name="the update path should be parent-hash valid" classname="com.github.traderjoe95.mls.protocol.tree.TreeKem" time="0.0"/>
  <testcase name="the tree hash after merging the update path should be 1728074f391406fb83f6d66862fe289ee9787590b86331b17abdf5e7731582824270c3d651f2d00e01b3636d8fdd53a45ba8b9c44b570f95e27e2ba4baf75b3d" classname="com.github.traderjoe95.mls.protocol.tree.TreeKem" time="0.0"/>
  <testcase name="the decrypted path secret should be ea3c4e2b6ecb5436bd18006439b20711894b1a8f81b102cd7a4e7fd49dd00301684ef241b5f4983288015e610ed488da529ae65dbdab7b64006a13dac8c2b83c" classname="com.github.traderjoe95.mls.protocol.tree.TreeKem" time="0.0"/>
  <testcase name="a new update path generated by the sender should be successfully processed" classname="com.github.traderjoe95.mls.protocol.tree.TreeKem" time="0.001"/>
  <testcase name="the update path should be parent-hash valid" classname="com.github.traderjoe95.mls.protocol.tree.TreeKem" time="0.0"/>
  <testcase name="the tree hash after merging the update path should be 1728074f391406fb83f6d66862fe289ee9787590b86331b17abdf5e7731582824270c3d651f2d00e01b3636d8fdd53a45ba8b9c44b570f95e27e2ba4baf75b3d" classname="com.github.traderjoe95.mls.protocol.tree.TreeKem" time="0.001"/>
  <testcase name="the decrypted path secret should be e03f676c22ffcca256d6f3f3a038b672bd5631b03650ec9a2c445ebf9ae546d214f3c1ce9d2feb839107e492e06c501a8c0e98a4e8bb02e8ebb1662391d52d1d" classname="com.github.traderjoe95.mls.protocol.tree.TreeKem" time="0.001"/>
  <testcase name="a new update path generated by the sender should be successfully processed" classname="com.github.traderjoe95.mls.protocol.tree.TreeKem" time="0.001"/>
  <testcase name="the update path should be parent-hash valid" classname="com.github.traderjoe95.mls.protocol.tree.TreeKem" time="0.0"/>
  <testcase name="the tree hash after merging the update path should be 1728074f391406fb83f6d66862fe289ee9787590b86331b17abdf5e7731582824270c3d651f2d00e01b3636d8fdd53a45ba8b9c44b570f95e27e2ba4baf75b3d" classname="com.github.traderjoe95.mls.protocol.tree.TreeKem" time="0.001"/>
  <testcase name="the decrypted path secret should be e03f676c22ffcca256d6f3f3a038b672bd5631b03650ec9a2c445ebf9ae546d214f3c1ce9d2feb839107e492e06c501a8c0e98a4e8bb02e8ebb1662391d52d1d" classname="com.github.traderjoe95.mls.protocol.tree.TreeKem" time="0.001"/>
  <testcase name="a new update path generated by the sender should be successfully processed" classname="com.github.traderjoe95.mls.protocol.tree.TreeKem" time="0.001"/>
  <testcase name="the update path should be parent-hash valid" classname="com.github.traderjoe95.mls.protocol.tree.TreeKem" time="0.0"/>
  <testcase name="the tree hash after merging the update path should be 1728074f391406fb83f6d66862fe289ee9787590b86331b17abdf5e7731582824270c3d651f2d00e01b3636d8fdd53a45ba8b9c44b570f95e27e2ba4baf75b3d" classname="com.github.traderjoe95.mls.protocol.tree.TreeKem" time="0.0"/>
  <testcase name="the decrypted path secret should be e03f676c22ffcca256d6f3f3a038b672bd5631b03650ec9a2c445ebf9ae546d214f3c1ce9d2feb839107e492e06c501a8c0e98a4e8bb02e8ebb1662391d52d1d" classname="com.github.traderjoe95.mls.protocol.tree.TreeKem" time="0.001"/>
  <testcase name="a new update path generated by the sender should be successfully processed" classname="com.github.traderjoe95.mls.protocol.tree.TreeKem" time="0.001"/>
  <testcase name="the update path should be parent-hash valid" classname="com.github.traderjoe95.mls.protocol.tree.TreeKem" time="0.001"/>
  <testcase name="the tree hash after merging the update path should be 1728074f391406fb83f6d66862fe289ee9787590b86331b17abdf5e7731582824270c3d651f2d00e01b3636d8fdd53a45ba8b9c44b570f95e27e2ba4baf75b3d" classname="com.github.traderjoe95.mls.protocol.tree.TreeKem" time="0.0"/>
  <testcase name="the decrypted path secret should be e03f676c22ffcca256d6f3f3a038b672bd5631b03650ec9a2c445ebf9ae546d214f3c1ce9d2feb839107e492e06c501a8c0e98a4e8bb02e8ebb1662391d52d1d" classname="com.github.traderjoe95.mls.protocol.tree.TreeKem" time="0.001"/>
  <testcase name="a new update path generated by the sender should be successfully processed" classname="com.github.traderjoe95.mls.protocol.tree.TreeKem" time="0.001"/>
  <testcase name="the update path should be parent-hash valid" classname="com.github.traderjoe95.mls.protocol.tree.TreeKem" time="0.0"/>
  <testcase name="the tree hash after merging the update path should be 087524cbe90f329c0ae65869a9e69cd016cd6a45ee4dac2b350c6c59c9b21b72b2d7895da475cd8a4b2d00231a8aa37b78d1ba7cdc12ab581d6a494fb4de5d5f" classname="com.github.traderjoe95.mls.protocol.tree.TreeKem" time="0.0"/>
  <testcase name="the decrypted path secret should be d6103a729d7af9156bc635e4a3a102e66fb0e6e7ac9d7a646de0cda975052348733e1d5e513eba3d2e3cb90208d428e906f012c13df512fda5e11a9f3e53f2dd" classname="com.github.traderjoe95.mls.protocol.tree.TreeKem" time="0.001"/>
  <testcase name="a new update path generated by the sender should be successfully processed" classname="com.github.traderjoe95.mls.protocol.tree.TreeKem" time="0.001"/>
  <testcase name="the update path should be parent-hash valid" classname="com.github.traderjoe95.mls.protocol.tree.TreeKem" time="0.0"/>
  <testcase name="the tree hash after merging the update path should be 087524cbe90f329c0ae65869a9e69cd016cd6a45ee4dac2b350c6c59c9b21b72b2d7895da475cd8a4b2d00231a8aa37b78d1ba7cdc12ab581d6a494fb4de5d5f" classname="com.github.traderjoe95.mls.protocol.tree.TreeKem" time="0.0"/>
  <testcase name="the decrypted path secret should be d6103a729d7af9156bc635e4a3a102e66fb0e6e7ac9d7a646de0cda975052348733e1d5e513eba3d2e3cb90208d428e906f012c13df512fda5e11a9f3e53f2dd" classname="com.github.traderjoe95.mls.protocol.tree.TreeKem" time="0.0"/>
  <testcase name="a new update path generated by the sender should be successfully processed" classname="com.github.traderjoe95.mls.protocol.tree.TreeKem" time="0.001"/>
  <testcase name="the update path should be parent-hash valid" classname="com.github.traderjoe95.mls.protocol.tree.TreeKem" time="0.001"/>
  <testcase name="the tree hash after merging the update path should be 087524cbe90f329c0ae65869a9e69cd016cd6a45ee4dac2b350c6c59c9b21b72b2d7895da475cd8a4b2d00231a8aa37b78d1ba7cdc12ab581d6a494fb4de5d5f" classname="com.github.traderjoe95.mls.protocol.tree.TreeKem" time="0.001"/>
  <testcase name="the decrypted path secret should be d6103a729d7af9156bc635e4a3a102e66fb0e6e7ac9d7a646de0cda975052348733e1d5e513eba3d2e3cb90208d428e906f012c13df512fda5e11a9f3e53f2dd" classname="com.github.traderjoe95.mls.protocol.tree.TreeKem" time="0.001"/>
  <testcase name="a new update path generated by the sender should be successfully processed" classname="com.github.traderjoe95.mls.protocol.tree.TreeKem" time="0.001"/>
  <testcase name="the update path should be parent-hash valid" classname="com.github.traderjoe95.mls.protocol.tree.TreeKem" time="0.0"/>
  <testcase name="the tree hash after merging the update path should be 087524cbe90f329c0ae65869a9e69cd016cd6a45ee4dac2b350c6c59c9b21b72b2d7895da475cd8a4b2d00231a8aa37b78d1ba7cdc12ab581d6a494fb4de5d5f" classname="com.github.traderjoe95.mls.protocol.tree.TreeKem" time="0.0"/>
  <testcase name="the decrypted path secret should be d6103a729d7af9156bc635e4a3a102e66fb0e6e7ac9d7a646de0cda975052348733e1d5e513eba3d2e3cb90208d428e906f012c13df512fda5e11a9f3e53f2dd" classname="com.github.traderjoe95.mls.protocol.tree.TreeKem" time="0.0"/>
  <testcase name="a new update path generated by the sender should be successfully processed" classname="com.github.traderjoe95.mls.protocol.tree.TreeKem" time="0.001"/>
  <testcase name="the update path should be parent-hash valid" classname="com.github.traderjoe95.mls.protocol.tree.TreeKem" time="0.0"/>
  <testcase name="the tree hash after merging the update path should be 087524cbe90f329c0ae65869a9e69cd016cd6a45ee4dac2b350c6c59c9b21b72b2d7895da475cd8a4b2d00231a8aa37b78d1ba7cdc12ab581d6a494fb4de5d5f" classname="com.github.traderjoe95.mls.protocol.tree.TreeKem" time="0.0"/>
  <testcase name="the decrypted path secret should be d3eb43026f07ebbdfcbbddbd3f12061be0821e3c3ebd6eaff7fbda97fd639d32c99690e98c5b3c66c02d62a78ce962b21d732f6b6c7cc27590115a2984c4d379" classname="com.github.traderjoe95.mls.protocol.tree.TreeKem" time="0.001"/>
  <testcase name="a new update path generated by the sender should be successfully processed" classname="com.github.traderjoe95.mls.protocol.tree.TreeKem" time="0.002"/>
  <testcase name="the update path should be parent-hash valid" classname="com.github.traderjoe95.mls.protocol.tree.TreeKem" time="0.0"/>
  <testcase name="the tree hash after merging the update path should be 087524cbe90f329c0ae65869a9e69cd016cd6a45ee4dac2b350c6c59c9b21b72b2d7895da475cd8a4b2d00231a8aa37b78d1ba7cdc12ab581d6a494fb4de5d5f" classname="com.github.traderjoe95.mls.protocol.tree.TreeKem" time="0.001"/>
  <testcase name="the decrypted path secret should be 8873af2e1a8ec8cd936ed38258cb69dd29d510bda2b49c57d76f12943bf08f0dda56db4f5672f87a65f6f1957cabed4338f5cbbf98cade4c6d8dc280decb22ab" classname="com.github.traderjoe95.mls.protocol.tree.TreeKem" time="0.001"/>
  <testcase name="a new update path generated by the sender should be successfully processed" classname="com.github.traderjoe95.mls.protocol.tree.TreeKem" time="0.0"/>
  <testcase name="the update path should be parent-hash valid" classname="com.github.traderjoe95.mls.protocol.tree.TreeKem" time="0.001"/>
  <testcase name="the tree hash after merging the update path should be 087524cbe90f329c0ae65869a9e69cd016cd6a45ee4dac2b350c6c59c9b21b72b2d7895da475cd8a4b2d00231a8aa37b78d1ba7cdc12ab581d6a494fb4de5d5f" classname="com.github.traderjoe95.mls.protocol.tree.TreeKem" time="0.001"/>
  <testcase name="the decrypted path secret should be 8873af2e1a8ec8cd936ed38258cb69dd29d510bda2b49c57d76f12943bf08f0dda56db4f5672f87a65f6f1957cabed4338f5cbbf98cade4c6d8dc280decb22ab" classname="com.github.traderjoe95.mls.protocol.tree.TreeKem" time="0.001"/>
  <testcase name="a new update path generated by the sender should be successfully processed" classname="com.github.traderjoe95.mls.protocol.tree.TreeKem" time="0.001"/>
  <testcase name="the update path should be parent-hash valid" classname="com.github.traderjoe95.mls.protocol.tree.TreeKem" time="0.0"/>
  <testcase name="the tree hash after merging the update path should be 6cbca68e11a587d7cfa70abbb058dfa16082a8d8882b9efd4f75a7f9688df0c42539d3a1efe67e158c0176e491e40952c2a74e347e5494641ccffd381068bea9" classname="com.github.traderjoe95.mls.protocol.tree.TreeKem" time="0.0"/>
  <testcase name="the decrypted path secret should be a2e511a42906b1220daa3b2ce4fc64d876fbb2324be4b7eab3db0e42d197efaacba748e43abf934fb38ab841d968296aed4772bdd90bceea5f2f7c89c2f4e2cf" classname="com.github.traderjoe95.mls.protocol.tree.TreeKem" time="0.0"/>
  <testcase name="a new update path generated by the sender should be successfully processed" classname="com.github.traderjoe95.mls.protocol.tree.TreeKem" time="0.001"/>
  <testcase name="the update path should be parent-hash valid" classname="com.github.traderjoe95.mls.protocol.tree.TreeKem" time="0.0"/>
  <testcase name="the tree hash after merging the update path should be 6cbca68e11a587d7cfa70abbb058dfa16082a8d8882b9efd4f75a7f9688df0c42539d3a1efe67e158c0176e491e40952c2a74e347e5494641ccffd381068bea9" classname="com.github.traderjoe95.mls.protocol.tree.TreeKem" time="0.0"/>
  <testcase name="the decrypted path secret should be a2e511a42906b1220daa3b2ce4fc64d876fbb2324be4b7eab3db0e42d197efaacba748e43abf934fb38ab841d968296aed4772bdd90bceea5f2f7c89c2f4e2cf" classname="com.github.traderjoe95.mls.protocol.tree.TreeKem" time="0.001"/>
  <testcase name="a new update path generated by the sender should be successfully processed" classname="com.github.traderjoe95.mls.protocol.tree.TreeKem" time="0.001"/>
  <testcase name="the update path should be parent-hash valid" classname="com.github.traderjoe95.mls.protocol.tree.TreeKem" time="0.0"/>
  <testcase name="the tree hash after merging the update path should be 6cbca68e11a587d7cfa70abbb058dfa16082a8d8882b9efd4f75a7f9688df0c42539d3a1efe67e158c0176e491e40952c2a74e347e5494641ccffd381068bea9" classname="com.github.traderjoe95.mls.protocol.tree.TreeKem" time="0.001"/>
  <testcase name="the decrypted path secret should be a2e511a42906b1220daa3b2ce4fc64d876fbb2324be4b7eab3db0e42d197efaacba748e43abf934fb38ab841d968296aed4772bdd90bceea5f2f7c89c2f4e2cf" classname="com.github.traderjoe95.mls.protocol.tree.TreeKem" time="0.001"/>
  <testcase name="a new update path generated by the sender should be successfully processed" classname="com.github.traderjoe95.mls.protocol.tree.TreeKem" time="0.001"/>
  <testcase name="the update path should be parent-hash valid" classname="com.github.traderjoe95.mls.protocol.tree.TreeKem" time="0.0"/>
  <testcase name="the tree hash after merging the update path should be 6cbca68e11a587d7cfa70abbb058dfa16082a8d8882b9efd4f75a7f9688df0c42539d3a1efe67e158c0176e491e40952c2a74e347e5494641ccffd381068bea9" classname="com.github.traderjoe95.mls.protocol.tree.TreeKem" time="0.0"/>
  <testcase name="the decrypted path secret should be a2e511a42906b1220daa3b2ce4fc64d876fbb2324be4b7eab3db0e42d197efaacba748e43abf934fb38ab841d968296aed4772bdd90bceea5f2f7c89c2f4e2cf" classname="com.github.traderjoe95.mls.protocol.tree.TreeKem" time="0.0"/>
  <testcase name="a new update path generated by the sender should be successfully processed" classname="com.github.traderjoe95.mls.protocol.tree.TreeKem" time="0.001"/>
  <testcase name="the update path should be parent-hash valid" classname="com.github.traderjoe95.mls.protocol.tree.TreeKem" time="0.001"/>
  <testcase name="the tree hash after merging the update path should be 6cbca68e11a587d7cfa70abbb058dfa16082a8d8882b9efd4f75a7f9688df0c42539d3a1efe67e158c0176e491e40952c2a74e347e5494641ccffd381068bea9" classname="com.github.traderjoe95.mls.protocol.tree.TreeKem" time="0.001"/>
  <testcase name="the decrypted path secret should be fa2e74cc789c005b05b6219f29886b7536dcf64ee80eb9901402a8b365d5dc9a4b51a973a2bedd4f6e0106799017a978830504aef7da2b153ba386764b430e8b" classname="com.github.traderjoe95.mls.protocol.tree.TreeKem" time="0.001"/>
  <testcase name="a new update path generated by the sender should be successfully processed" classname="com.github.traderjoe95.mls.protocol.tree.TreeKem" time="0.001"/>
  <testcase name="the update path should be parent-hash valid" classname="com.github.traderjoe95.mls.protocol.tree.TreeKem" time="0.001"/>
  <testcase name="the tree hash after merging the update path should be 6cbca68e11a587d7cfa70abbb058dfa16082a8d8882b9efd4f75a7f9688df0c42539d3a1efe67e158c0176e491e40952c2a74e347e5494641ccffd381068bea9" classname="com.github.traderjoe95.mls.protocol.tree.TreeKem" time="0.0"/>
  <testcase name="the decrypted path secret should be 31bcb9da845fa770b42628aa5896cad572a36ec5d837420a3b71a83c0e4aafc3dd20d128deeede9d70202cb245e234c806fafab656bad5cb4731ae064e73eb2a" classname="com.github.traderjoe95.mls.protocol.tree.TreeKem" time="0.001"/>
  <testcase name="a new update path generated by the sender should be successfully processed" classname="com.github.traderjoe95.mls.protocol.tree.TreeKem" time="0.001"/>
  <testcase name="the update path should be parent-hash valid" classname="com.github.traderjoe95.mls.protocol.tree.TreeKem" time="0.0"/>
  <testcase name="the tree hash after merging the update path should be 6cbca68e11a587d7cfa70abbb058dfa16082a8d8882b9efd4f75a7f9688df0c42539d3a1efe67e158c0176e491e40952c2a74e347e5494641ccffd381068bea9" classname="com.github.traderjoe95.mls.protocol.tree.TreeKem" time="0.0"/>
  <testcase name="the decrypted path secret should be 31bcb9da845fa770b42628aa5896cad572a36ec5d837420a3b71a83c0e4aafc3dd20d128deeede9d70202cb245e234c806fafab656bad5cb4731ae064e73eb2a" classname="com.github.traderjoe95.mls.protocol.tree.TreeKem" time="0.001"/>
  <testcase name="a new update path generated by the sender should be successfully processed" classname="com.github.traderjoe95.mls.protocol.tree.TreeKem" time="0.001"/>
  <testcase name="the update path should be parent-hash valid" classname="com.github.traderjoe95.mls.protocol.tree.TreeKem" time="0.001"/>
  <testcase name="the tree hash after merging the update path should be 8c097a95249c157d9dbedf214fdf8854ff90eb801350f0d218a89116510cab9e0c7e5766674c45568f94c9987775482fe965fa9441f64daa71fee82b2db13596" classname="com.github.traderjoe95.mls.protocol.tree.TreeKem" time="0.001"/>
  <testcase name="the decrypted path secret should be fc69414e5356e0123699d323e157d39e92ae3a2526b59fb1f3813289c17933f2b9d6ac395237ceeffd7dcf4199da7962fe0d3e859145ce708e8f5c48b42abe2e" classname="com.github.traderjoe95.mls.protocol.tree.TreeKem" time="0.001"/>
  <testcase name="a new update path generated by the sender should be successfully processed" classname="com.github.traderjoe95.mls.protocol.tree.TreeKem" time="0.001"/>
  <testcase name="the update path should be parent-hash valid" classname="com.github.traderjoe95.mls.protocol.tree.TreeKem" time="0.0"/>
  <testcase name="the tree hash after merging the update path should be 8c097a95249c157d9dbedf214fdf8854ff90eb801350f0d218a89116510cab9e0c7e5766674c45568f94c9987775482fe965fa9441f64daa71fee82b2db13596" classname="com.github.traderjoe95.mls.protocol.tree.TreeKem" time="0.0"/>
  <testcase name="the decrypted path secret should be fc69414e5356e0123699d323e157d39e92ae3a2526b59fb1f3813289c17933f2b9d6ac395237ceeffd7dcf4199da7962fe0d3e859145ce708e8f5c48b42abe2e" classname="com.github.traderjoe95.mls.protocol.tree.TreeKem" time="0.001"/>
  <testcase name="a new update path generated by the sender should be successfully processed" classname="com.github.traderjoe95.mls.protocol.tree.TreeKem" time="0.001"/>
  <testcase name="the update path should be parent-hash valid" classname="com.github.traderjoe95.mls.protocol.tree.TreeKem" time="0.0"/>
  <testcase name="the tree hash after merging the update path should be 8c097a95249c157d9dbedf214fdf8854ff90eb801350f0d218a89116510cab9e0c7e5766674c45568f94c9987775482fe965fa9441f64daa71fee82b2db13596" classname="com.github.traderjoe95.mls.protocol.tree.TreeKem" time="0.0"/>
  <testcase name="the decrypted path secret should be fc69414e5356e0123699d323e157d39e92ae3a2526b59fb1f3813289c17933f2b9d6ac395237ceeffd7dcf4199da7962fe0d3e859145ce708e8f5c48b42abe2e" classname="com.github.traderjoe95.mls.protocol.tree.TreeKem" time="0.001"/>
  <testcase name="a new update path generated by the sender should be successfully processed" classname="com.github.traderjoe95.mls.protocol.tree.TreeKem" time="0.001"/>
  <testcase name="the update path should be parent-hash valid" classname="com.github.traderjoe95.mls.protocol.tree.TreeKem" time="0.0"/>
  <testcase name="the tree hash after merging the update path should be 8c097a95249c157d9dbedf214fdf8854ff90eb801350f0d218a89116510cab9e0c7e5766674c45568f94c9987775482fe965fa9441f64daa71fee82b2db13596" classname="com.github.traderjoe95.mls.protocol.tree.TreeKem" time="0.001"/>
  <testcase name="the decrypted path secret should be fc69414e5356e0123699d323e157d39e92ae3a2526b59fb1f3813289c17933f2b9d6ac395237ceeffd7dcf4199da7962fe0d3e859145ce708e8f5c48b42abe2e" classname="com.github.traderjoe95.mls.protocol.tree.TreeKem" time="0.001"/>
  <testcase name="a new update path generated by the sender should be successfully processed" classname="com.github.traderjoe95.mls.protocol.tree.TreeKem" time="0.001"/>
  <testcase name="the update path should be parent-hash valid" classname="com.github.traderjoe95.mls.protocol.tree.TreeKem" time="0.0"/>
  <testcase name="the tree hash after merging the update path should be 8c097a95249c157d9dbedf214fdf8854ff90eb801350f0d218a89116510cab9e0c7e5766674c45568f94c9987775482fe965fa9441f64daa71fee82b2db13596" classname="com.github.traderjoe95.mls.protocol.tree.TreeKem" time="0.001"/>
  <testcase name="the decrypted path secret should be 070c626da97401a8b03912d5a543d80ff063ce10281220a5c2b2b2caac4879d1dceda12771e8f6f1e10e99d935a2d9478bbc4076f89526a7f2727edf02a7de5b" classname="com.github.traderjoe95.mls.protocol.tree.TreeKem" time="0.001"/>
  <testcase name="a new update path generated by the sender should be successfully processed" classname="com.github.traderjoe95.mls.protocol.tree.TreeKem" time="0.001"/>
  <testcase name="the update path should be parent-hash valid" classname="com.github.traderjoe95.mls.protocol.tree.TreeKem" time="0.0"/>
  <testcase name="the tree hash after merging the update path should be 8c097a95249c157d9dbedf214fdf8854ff90eb801350f0d218a89116510cab9e0c7e5766674c45568f94c9987775482fe965fa9441f64daa71fee82b2db13596" classname="com.github.traderjoe95.mls.protocol.tree.TreeKem" time="0.001"/>
  <testcase name="the decrypted path secret should be 070c626da97401a8b03912d5a543d80ff063ce10281220a5c2b2b2caac4879d1dceda12771e8f6f1e10e99d935a2d9478bbc4076f89526a7f2727edf02a7de5b" classname="com.github.traderjoe95.mls.protocol.tree.TreeKem" time="0.001"/>
  <testcase name="a new update path generated by the sender should be successfully processed" classname="com.github.traderjoe95.mls.protocol.tree.TreeKem" time="0.001"/>
  <testcase name="the update path should be parent-hash valid" classname="com.github.traderjoe95.mls.protocol.tree.TreeKem" time="0.001"/>
  <testcase name="the tree hash after merging the update path should be 8c097a95249c157d9dbedf214fdf8854ff90eb801350f0d218a89116510cab9e0c7e5766674c45568f94c9987775482fe965fa9441f64daa71fee82b2db13596" classname="com.github.traderjoe95.mls.protocol.tree.TreeKem" time="0.0"/>
  <testcase name="the decrypted path secret should be 929dfc7ab8ff8638f74997388baa7a7d706b45a1f1a11d019b9d0cdfe2606c269278159915af90e89f2d4aea781d0a1edd401d88324c7efc7a5bd6931a508f25" classname="com.github.traderjoe95.mls.protocol.tree.TreeKem" time="0.001"/>
  <testcase name="a new update path generated by the sender should be successfully processed" classname="com.github.traderjoe95.mls.protocol.tree.TreeKem" time="0.001"/>
  <testcase name="the update path should be parent-hash valid" classname="com.github.traderjoe95.mls.protocol.tree.TreeKem" time="0.001"/>
  <testcase name="the tree hash after merging the update path should be 57ed8b787cca9fbe97c5e2f5c39e7b51227ef9f24a56998054ee1933e481baf1c29b85ac594af81a0b13667e73a45be5c0d370286e66aa3875e08c9391ff2f36" classname="com.github.traderjoe95.mls.protocol.tree.TreeKem" time="0.0"/>
  <testcase name="the decrypted path secret should be 2e706dded6c740a0ab124c45c56b36a93509b1d1ba1096f91fe2b188ea56bdf6751138c15b1b93dc522d9774839305b41c142cc67f58ba3d1f9368d49fb9df95" classname="com.github.traderjoe95.mls.protocol.tree.TreeKem" time="0.001"/>
  <testcase name="a new update path generated by the sender should be successfully processed" classname="com.github.traderjoe95.mls.protocol.tree.TreeKem" time="0.001"/>
  <testcase name="the update path should be parent-hash valid" classname="com.github.traderjoe95.mls.protocol.tree.TreeKem" time="0.0"/>
  <testcase name="the tree hash after merging the update path should be 57ed8b787cca9fbe97c5e2f5c39e7b51227ef9f24a56998054ee1933e481baf1c29b85ac594af81a0b13667e73a45be5c0d370286e66aa3875e08c9391ff2f36" classname="com.github.traderjoe95.mls.protocol.tree.TreeKem" time="0.0"/>
  <testcase name="the decrypted path secret should be 2e706dded6c740a0ab124c45c56b36a93509b1d1ba1096f91fe2b188ea56bdf6751138c15b1b93dc522d9774839305b41c142cc67f58ba3d1f9368d49fb9df95" classname="com.github.traderjoe95.mls.protocol.tree.TreeKem" time="0.0"/>
  <testcase name="a new update path generated by the sender should be successfully processed" classname="com.github.traderjoe95.mls.protocol.tree.TreeKem" time="0.001"/>
  <testcase name="the update path should be parent-hash valid" classname="com.github.traderjoe95.mls.protocol.tree.TreeKem" time="0.0"/>
  <testcase name="the tree hash after merging the update path should be 57ed8b787cca9fbe97c5e2f5c39e7b51227ef9f24a56998054ee1933e481baf1c29b85ac594af81a0b13667e73a45be5c0d370286e66aa3875e08c9391ff2f36" classname="com.github.traderjoe95.mls.protocol.tree.TreeKem" time="0.0"/>
  <testcase name="the decrypted path secret should be 2e706dded6c740a0ab124c45c56b36a93509b1d1ba1096f91fe2b188ea56bdf6751138c15b1b93dc522d9774839305b41c142cc67f58ba3d1f9368d49fb9df95" classname="com.github.traderjoe95.mls.protocol.tree.TreeKem" time="0.001"/>
  <testcase name="a new update path generated by the sender should be successfully processed" classname="com.github.traderjoe95.mls.protocol.tree.TreeKem" time="0.001"/>
  <testcase name="the update path should be parent-hash valid" classname="com.github.traderjoe95.mls.protocol.tree.TreeKem" time="0.0"/>
  <testcase name="the tree hash after merging the update path should be 57ed8b787cca9fbe97c5e2f5c39e7b51227ef9f24a56998054ee1933e481baf1c29b85ac594af81a0b13667e73a45be5c0d370286e66aa3875e08c9391ff2f36" classname="com.github.traderjoe95.mls.protocol.tree.TreeKem" time="0.001"/>
  <testcase name="the decrypted path secret should be 2e706dded6c740a0ab124c45c56b36a93509b1d1ba1096f91fe2b188ea56bdf6751138c15b1b93dc522d9774839305b41c142cc67f58ba3d1f9368d49fb9df95" classname="com.github.traderjoe95.mls.protocol.tree.TreeKem" time="0.001"/>
  <testcase name="a new update path generated by the sender should be successfully processed" classname="com.github.traderjoe95.mls.protocol.tree.TreeKem" time="0.001"/>
  <testcase name="the update path should be parent-hash valid" classname="com.github.traderjoe95.mls.protocol.tree.TreeKem" time="0.0"/>
  <testcase name="the tree hash after merging the update path should be 57ed8b787cca9fbe97c5e2f5c39e7b51227ef9f24a56998054ee1933e481baf1c29b85ac594af81a0b13667e73a45be5c0d370286e66aa3875e08c9391ff2f36" classname="com.github.traderjoe95.mls.protocol.tree.TreeKem" time="0.0"/>
  <testcase name="the decrypted path secret should be 021be6214bb2546cac01533912c4320ce982c6c680014370466f2244b7d6727c40ff54aecf4c52eab4ca3975cae3fea54c7a261c371f7e38605855975e554187" classname="com.github.traderjoe95.mls.protocol.tree.TreeKem" time="0.001"/>
  <testcase name="a new update path generated by the sender should be successfully processed" classname="com.github.traderjoe95.mls.protocol.tree.TreeKem" time="0.001"/>
  <testcase name="the update path should be parent-hash valid" classname="com.github.traderjoe95.mls.protocol.tree.TreeKem" time="0.0"/>
  <testcase name="the tree hash after merging the update path should be 57ed8b787cca9fbe97c5e2f5c39e7b51227ef9f24a56998054ee1933e481baf1c29b85ac594af81a0b13667e73a45be5c0d370286e66aa3875e08c9391ff2f36" classname="com.github.traderjoe95.mls.protocol.tree.TreeKem" time="0.0"/>
  <testcase name="the decrypted path secret should be 021be6214bb2546cac01533912c4320ce982c6c680014370466f2244b7d6727c40ff54aecf4c52eab4ca3975cae3fea54c7a261c371f7e38605855975e554187" classname="com.github.traderjoe95.mls.protocol.tree.TreeKem" time="0.001"/>
  <testcase name="a new update path generated by the sender should be successfully processed" classname="com.github.traderjoe95.mls.protocol.tree.TreeKem" time="0.001"/>
  <testcase name="the update path should be parent-hash valid" classname="com.github.traderjoe95.mls.protocol.tree.TreeKem" time="0.0"/>
  <testcase name="the tree hash after merging the update path should be 57ed8b787cca9fbe97c5e2f5c39e7b51227ef9f24a56998054ee1933e481baf1c29b85ac594af81a0b13667e73a45be5c0d370286e66aa3875e08c9391ff2f36" classname="com.github.traderjoe95.mls.protocol.tree.TreeKem" time="0.0"/>
  <testcase name="the decrypted path secret should be 8a545e3ff778c03541b5abade0c29c13a54a0e471f96745b88976004239c9c5470b6485d49e9072455e0ba8876c16ec7c8689e0a4191b9ce96e386285a42afc8" classname="com.github.traderjoe95.mls.protocol.tree.TreeKem" time="0.001"/>
  <testcase name="a new update path generated by the sender should be successfully processed" classname="com.github.traderjoe95.mls.protocol.tree.TreeKem" time="0.001"/>
  <testcase name="non-blank leaf 0 should be consistent with the public state" classname="com.github.traderjoe95.mls.protocol.tree.TreeKem" time="0.002"/>
  <testcase name="non-blank leaf 1 should be consistent with the public state" classname="com.github.traderjoe95.mls.protocol.tree.TreeKem" time="0.002"/>
  <testcase name="non-blank leaf 2 should be consistent with the public state" classname="com.github.traderjoe95.mls.protocol.tree.TreeKem" time="0.002"/>
  <testcase name="non-blank leaf 4 should be consistent with the public state" classname="com.github.traderjoe95.mls.protocol.tree.TreeKem" time="0.002"/>
  <testcase name="non-blank leaf 5 should be consistent with the public state" classname="com.github.traderjoe95.mls.protocol.tree.TreeKem" time="0.002"/>
  <testcase name="non-blank leaf 6 should be consistent with the public state" classname="com.github.traderjoe95.mls.protocol.tree.TreeKem" time="0.002"/>
  <testcase name="non-blank leaf 7 should be consistent with the public state" classname="com.github.traderjoe95.mls.protocol.tree.TreeKem" time="0.002"/>
  <testcase name="the update path should be parent-hash valid" classname="com.github.traderjoe95.mls.protocol.tree.TreeKem" time="0.0"/>
  <testcase name="the tree hash after merging the update path should be f617024f4064fe002547ce40e7808a2d68f0edc7ca4c83ac5054922693c327e5f93178a23e589131993dfa1cf2eb7f55568a0d711a3903844a947767f35fadab" classname="com.github.traderjoe95.mls.protocol.tree.TreeKem" time="0.0"/>
  <testcase name="the decrypted path secret should be 1d25243acaf5958a18425b4ccc898679204631170b2131353e00ac14f0179b238122c7180ab99d6a6dfd1bb685c6cb9c4a1894b0534b4d0c52fcb1c3ad678148" classname="com.github.traderjoe95.mls.protocol.tree.TreeKem" time="0.0"/>
  <testcase name="a new update path generated by the sender should be successfully processed" classname="com.github.traderjoe95.mls.protocol.tree.TreeKem" time="0.001"/>
  <testcase name="the update path should be parent-hash valid" classname="com.github.traderjoe95.mls.protocol.tree.TreeKem" time="0.0"/>
  <testcase name="the tree hash after merging the update path should be f617024f4064fe002547ce40e7808a2d68f0edc7ca4c83ac5054922693c327e5f93178a23e589131993dfa1cf2eb7f55568a0d711a3903844a947767f35fadab" classname="com.github.traderjoe95.mls.protocol.tree.TreeKem" time="0.0"/>
  <testcase name="the decrypted path secret should be 34c26ec513691ca0b1e11c786d7f02cf7f837aa11c61d2adbd021328599c2b8a41981458678729724cc2ea86b6da1a7a603b6bdcffc02e2c79a8ff8336b7d71d" classname="com.github.traderjoe95.mls.protocol.tree.TreeKem" time="0.001"/>
  <testcase name="a new update path generated by the sender should be successfully processed" classname="com.github.traderjoe95.mls.protocol.tree.TreeKem" time="0.001"/>
  <testcase name="the update path should be parent-hash valid" classname="com.github.traderjoe95.mls.protocol.tree.TreeKem" time="0.0"/>
  <testcase name="the tree hash after merging the update path should be f617024f4064fe002547ce40e7808a2d68f0edc7ca4c83ac5054922693c327e5f93178a23e589131993dfa1cf2eb7f55568a0d711a3903844a947767f35fadab" classname="com.github.traderjoe95.mls.protocol.tree.TreeKem" time="0.0"/>
  <testcase name="the decrypted path secret should be 80171ba520013c13a710743e9f58a51cac54e2434f40a5fc35dc71bbd6828281817bc2184bde275f2ce31b07005890cb34920b8e76ffb3912f43eafa4bfd65e8" classname="com.github.traderjoe95.mls.protocol.tree.TreeKem" time="0.0"/>
  <testcase name="a new update path generated by the sender should be successfully processed" classname="com.github.traderjoe95.mls.protocol.tree.TreeKem" time="0.001"/>
  <testcase name="the update path should be parent-hash valid" classname="com.github.traderjoe95.mls.protocol.tree.TreeKem" time="0.0"/>
  <testcase name="the tree hash after merging the update path should be f617024f4064fe002547ce40e7808a2d68f0edc7ca4c83ac5054922693c327e5f93178a23e589131993dfa1cf2eb7f55568a0d711a3903844a947767f35fadab" classname="com.github.traderjoe95.mls.protocol.tree.TreeKem" time="0.0"/>
  <testcase name="the decrypted path secret should be 80171ba520013c13a710743e9f58a51cac54e2434f40a5fc35dc71bbd6828281817bc2184bde275f2ce31b07005890cb34920b8e76ffb3912f43eafa4bfd65e8" classname="com.github.traderjoe95.mls.protocol.tree.TreeKem" time="0.0"/>
  <testcase name="a new update path generated by the sender should be successfully processed" classname="com.github.traderjoe95.mls.protocol.tree.TreeKem" time="0.001"/>
  <testcase name="the update path should be parent-hash valid" classname="com.github.traderjoe95.mls.protocol.tree.TreeKem" time="0.0"/>
  <testcase name="the tree hash after merging the update path should be f617024f4064fe002547ce40e7808a2d68f0edc7ca4c83ac5054922693c327e5f93178a23e589131993dfa1cf2eb7f55568a0d711a3903844a947767f35fadab" classname="com.github.traderjoe95.mls.protocol.tree.TreeKem" time="0.0"/>
  <testcase name="the decrypted path secret should be 80171ba520013c13a710743e9f58a51cac54e2434f40a5fc35dc71bbd6828281817bc2184bde275f2ce31b07005890cb34920b8e76ffb3912f43eafa4bfd65e8" classname="com.github.traderjoe95.mls.protocol.tree.TreeKem" time="0.001"/>
  <testcase name="a new update path generated by the sender should be successfully processed" classname="com.github.traderjoe95.mls.protocol.tree.TreeKem" time="0.001"/>
  <testcase name="the update path should be parent-hash valid" classname="com.github.traderjoe95.mls.protocol.tree.TreeKem" time="0.0"/>
  <testcase name="the tree hash after merging the update path should be f617024f4064fe002547ce40e7808a2d68f0edc7ca4c83ac5054922693c327e5f93178a23e589131993dfa1cf2eb7f55568a0d711a3903844a947767f35fadab" classname="com.github.traderjoe95.mls.protocol.tree.TreeKem" time="0.001"/>
  <testcase name="the decrypted path secret should be 80171ba520013c13a710743e9f58a51cac54e2434f40a5fc35dc71bbd6828281817bc2184bde275f2ce31b07005890cb34920b8e76ffb3912f43eafa4bfd65e8" classname="com.github.traderjoe95.mls.protocol.tree.TreeKem" time="0.001"/>
  <testcase name="a new update path generated by the sender should be successfully processed" classname="com.github.traderjoe95.mls.protocol.tree.TreeKem" time="0.001"/>
  <testcase name="the update path should be parent-hash valid" classname="com.github.traderjoe95.mls.protocol.tree.TreeKem" time="0.0"/>
  <testcase name="the tree hash after merging the update path should be 2435454bb91a7b4121c5a0c6b7b3101cec1f7e4b3f133cbb0a6265078a3a4babd14220fbde3fbf564396489f2a4668be53b6866a2e6411a8f1ac896813689074" classname="com.github.traderjoe95.mls.protocol.tree.TreeKem" time="0.0"/>
  <testcase name="the decrypted path secret should be 02931f37396f7bcbf323e97782accf082cb746c17c3743976837848b01e28b85ec6657d80f4f593671b7b1496043e2b64e5b8440158eaab8b7541d62ecb6bcef" classname="com.github.traderjoe95.mls.protocol.tree.TreeKem" time="0.001"/>
  <testcase name="a new update path generated by the sender should be successfully processed" classname="com.github.traderjoe95.mls.protocol.tree.TreeKem" time="0.001"/>
  <testcase name="the update path should be parent-hash valid" classname="com.github.traderjoe95.mls.protocol.tree.TreeKem" time="0.0"/>
  <testcase name="the tree hash after merging the update path should be 2435454bb91a7b4121c5a0c6b7b3101cec1f7e4b3f133cbb0a6265078a3a4babd14220fbde3fbf564396489f2a4668be53b6866a2e6411a8f1ac896813689074" classname="com.github.traderjoe95.mls.protocol.tree.TreeKem" time="0.0"/>
  <testcase name="the decrypted path secret should be 22642e10b2195d9ae2e6125a04a43a4b3baddb83f8cd4fb1a94c5086cdbaa871467d93714b98421f9c2438814a16fd09625ac1aeafba96854f431ed3f9b46985" classname="com.github.traderjoe95.mls.protocol.tree.TreeKem" time="0.0"/>
  <testcase name="a new update path generated by the sender should be successfully processed" classname="com.github.traderjoe95.mls.protocol.tree.TreeKem" time="0.001"/>
  <testcase name="the update path should be parent-hash valid" classname="com.github.traderjoe95.mls.protocol.tree.TreeKem" time="0.0"/>
  <testcase name="the tree hash after merging the update path should be 2435454bb91a7b4121c5a0c6b7b3101cec1f7e4b3f133cbb0a6265078a3a4babd14220fbde3fbf564396489f2a4668be53b6866a2e6411a8f1ac896813689074" classname="com.github.traderjoe95.mls.protocol.tree.TreeKem" time="0.001"/>
  <testcase name="the decrypted path secret should be 444c384f152c1d092d3d9c16d3954898b2ac6961e1d710c1a0998d77fab8e570a04e890a39458f57c9a819fc02037e391c32c4b85f01ca6cd3323e795142486a" classname="com.github.traderjoe95.mls.protocol.tree.TreeKem" time="0.001"/>
  <testcase name="a new update path generated by the sender should be successfully processed" classname="com.github.traderjoe95.mls.protocol.tree.TreeKem" time="0.001"/>
  <testcase name="the update path should be parent-hash valid" classname="com.github.traderjoe95.mls.protocol.tree.TreeKem" time="0.0"/>
  <testcase name="the tree hash after merging the update path should be 2435454bb91a7b4121c5a0c6b7b3101cec1f7e4b3f133cbb0a6265078a3a4babd14220fbde3fbf564396489f2a4668be53b6866a2e6411a8f1ac896813689074" classname="com.github.traderjoe95.mls.protocol.tree.TreeKem" time="0.0"/>
  <testcase name="the decrypted path secret should be 444c384f152c1d092d3d9c16d3954898b2ac6961e1d710c1a0998d77fab8e570a04e890a39458f57c9a819fc02037e391c32c4b85f01ca6cd3323e795142486a" classname="com.github.traderjoe95.mls.protocol.tree.TreeKem" time="0.0"/>
  <testcase name="a new update path generated by the sender should be successfully processed" classname="com.github.traderjoe95.mls.protocol.tree.TreeKem" time="0.001"/>
  <testcase name="the update path should be parent-hash valid" classname="com.github.traderjoe95.mls.protocol.tree.TreeKem" time="0.0"/>
  <testcase name="the tree hash after merging the update path should be 2435454bb91a7b4121c5a0c6b7b3101cec1f7e4b3f133cbb0a6265078a3a4babd14220fbde3fbf564396489f2a4668be53b6866a2e6411a8f1ac896813689074" classname="com.github.traderjoe95.mls.protocol.tree.TreeKem" time="0.0"/>
  <testcase name="the decrypted path secret should be 444c384f152c1d092d3d9c16d3954898b2ac6961e1d710c1a0998d77fab8e570a04e890a39458f57c9a819fc02037e391c32c4b85f01ca6cd3323e795142486a" classname="com.github.traderjoe95.mls.protocol.tree.TreeKem" time="0.0"/>
  <testcase name="a new update path generated by the sender should be successfully processed" classname="com.github.traderjoe95.mls.protocol.tree.TreeKem" time="0.001"/>
  <testcase name="the update path should be parent-hash valid" classname="com.github.traderjoe95.mls.protocol.tree.TreeKem" time="0.0"/>
  <testcase name="the tree hash after merging the update path should be 2435454bb91a7b4121c5a0c6b7b3101cec1f7e4b3f133cbb0a6265078a3a4babd14220fbde3fbf564396489f2a4668be53b6866a2e6411a8f1ac896813689074" classname="com.github.traderjoe95.mls.protocol.tree.TreeKem" time="0.0"/>
  <testcase name="the decrypted path secret should be 444c384f152c1d092d3d9c16d3954898b2ac6961e1d710c1a0998d77fab8e570a04e890a39458f57c9a819fc02037e391c32c4b85f01ca6cd3323e795142486a" classname="com.github.traderjoe95.mls.protocol.tree.TreeKem" time="0.0"/>
  <testcase name="a new update path generated by the sender should be successfully processed" classname="com.github.traderjoe95.mls.protocol.tree.TreeKem" time="0.001"/>
  <testcase name="the update path should be parent-hash valid" classname="com.github.traderjoe95.mls.protocol.tree.TreeKem" time="0.001"/>
  <testcase name="the tree hash after merging the update path should be 465b946374c8d3ce43e09b27cd74ce07731526344a27626da8fc53617f0b421e9d19aa9321e3dcf59286194baaa520cd4c5cf8367cb49da6be2f3f356aa461ab" classname="com.github.traderjoe95.mls.protocol.tree.TreeKem" time="0.0"/>
  <testcase name="the decrypted path secret should be 78ad8bc01d9cdba1c80d2ba9be70e07d936e1270be27e1f004d9edb4d8033077d8c567c6a0d25c140a2797a8aa2d2e821b0f78354c701908dc37a112bfcd6b86" classname="com.github.traderjoe95.mls.protocol.tree.TreeKem" time="0.001"/>
  <testcase name="a new update path generated by the sender should be successfully processed" classname="com.github.traderjoe95.mls.protocol.tree.TreeKem" time="0.001"/>
  <testcase name="the update path should be parent-hash valid" classname="com.github.traderjoe95.mls.protocol.tree.TreeKem" time="0.0"/>
  <testcase name="the tree hash after merging the update path should be 465b946374c8d3ce43e09b27cd74ce07731526344a27626da8fc53617f0b421e9d19aa9321e3dcf59286194baaa520cd4c5cf8367cb49da6be2f3f356aa461ab" classname="com.github.traderjoe95.mls.protocol.tree.TreeKem" time="0.0"/>
  <testcase name="the decrypted path secret should be 78ad8bc01d9cdba1c80d2ba9be70e07d936e1270be27e1f004d9edb4d8033077d8c567c6a0d25c140a2797a8aa2d2e821b0f78354c701908dc37a112bfcd6b86" classname="com.github.traderjoe95.mls.protocol.tree.TreeKem" time="0.001"/>
  <testcase name="a new update path generated by the sender should be successfully processed" classname="com.github.traderjoe95.mls.protocol.tree.TreeKem" time="0.001"/>
  <testcase name="the update path should be parent-hash valid" classname="com.github.traderjoe95.mls.protocol.tree.TreeKem" time="0.0"/>
  <testcase name="the tree hash after merging the update path should be 465b946374c8d3ce43e09b27cd74ce07731526344a27626da8fc53617f0b421e9d19aa9321e3dcf59286194baaa520cd4c5cf8367cb49da6be2f3f356aa461ab" classname="com.github.traderjoe95.mls.protocol.tree.TreeKem" time="0.001"/>
  <testcase name="the decrypted path secret should be f991086111f752406ced96a6ce137dc30bc6c85e458a30520db5dd098051e1edd7228456b492c43861964fa4b57793a546cd5668e4ea031fbc307ab2fdf22523" classname="com.github.traderjoe95.mls.protocol.tree.TreeKem" time="0.001"/>
  <testcase name="a new update path generated by the sender should be successfully processed" classname="com.github.traderjoe95.mls.protocol.tree.TreeKem" time="0.001"/>
  <testcase name="the update path should be parent-hash valid" classname="com.github.traderjoe95.mls.protocol.tree.TreeKem" time="0.001"/>
  <testcase name="the tree hash after merging the update path should be 465b946374c8d3ce43e09b27cd74ce07731526344a27626da8fc53617f0b421e9d19aa9321e3dcf59286194baaa520cd4c5cf8367cb49da6be2f3f356aa461ab" classname="com.github.traderjoe95.mls.protocol.tree.TreeKem" time="0.001"/>
  <testcase name="the decrypted path secret should be f991086111f752406ced96a6ce137dc30bc6c85e458a30520db5dd098051e1edd7228456b492c43861964fa4b57793a546cd5668e4ea031fbc307ab2fdf22523" classname="com.github.traderjoe95.mls.protocol.tree.TreeKem" time="0.001"/>
  <testcase name="a new update path generated by the sender should be successfully processed" classname="com.github.traderjoe95.mls.protocol.tree.TreeKem" time="0.001"/>
  <testcase name="the update path should be parent-hash valid" classname="com.github.traderjoe95.mls.protocol.tree.TreeKem" time="0.001"/>
  <testcase name="the tree hash after merging the update path should be 465b946374c8d3ce43e09b27cd74ce07731526344a27626da8fc53617f0b421e9d19aa9321e3dcf59286194baaa520cd4c5cf8367cb49da6be2f3f356aa461ab" classname="com.github.traderjoe95.mls.protocol.tree.TreeKem" time="0.0"/>
  <testcase name="the decrypted path secret should be f991086111f752406ced96a6ce137dc30bc6c85e458a30520db5dd098051e1edd7228456b492c43861964fa4b57793a546cd5668e4ea031fbc307ab2fdf22523" classname="com.github.traderjoe95.mls.protocol.tree.TreeKem" time="0.001"/>
  <testcase name="a new update path generated by the sender should be successfully processed" classname="com.github.traderjoe95.mls.protocol.tree.TreeKem" time="0.001"/>
  <testcase name="the update path should be parent-hash valid" classname="com.github.traderjoe95.mls.protocol.tree.TreeKem" time="0.001"/>
  <testcase name="the tree hash after merging the update path should be 465b946374c8d3ce43e09b27cd74ce07731526344a27626da8fc53617f0b421e9d19aa9321e3dcf59286194baaa520cd4c5cf8367cb49da6be2f3f356aa461ab" classname="com.github.traderjoe95.mls.protocol.tree.TreeKem" time="0.001"/>
  <testcase name="the decrypted path secret should be f991086111f752406ced96a6ce137dc30bc6c85e458a30520db5dd098051e1edd7228456b492c43861964fa4b57793a546cd5668e4ea031fbc307ab2fdf22523" classname="com.github.traderjoe95.mls.protocol.tree.TreeKem" time="0.001"/>
  <testcase name="a new update path generated by the sender should be successfully processed" classname="com.github.traderjoe95.mls.protocol.tree.TreeKem" time="0.001"/>
  <testcase name="the update path should be parent-hash valid" classname="com.github.traderjoe95.mls.protocol.tree.TreeKem" time="0.0"/>
  <testcase name="the tree hash after merging the update path should be 4bcde17b73cbf88cf138a6ed19828f3da3f69045d39a0a3f1eb48d158c09b5a5fde78e9ad1573a334b8ac75370fe2c91f53376c668518815f18ac97f1a816a71" classname="com.github.traderjoe95.mls.protocol.tree.TreeKem" time="0.001"/>
  <testcase name="the decrypted path secret should be d6103a729d7af9156bc635e4a3a102e66fb0e6e7ac9d7a646de0cda975052348733e1d5e513eba3d2e3cb90208d428e906f012c13df512fda5e11a9f3e53f2dd" classname="com.github.traderjoe95.mls.protocol.tree.TreeKem" time="0.001"/>
  <testcase name="a new update path generated by the sender should be successfully processed" classname="com.github.traderjoe95.mls.protocol.tree.TreeKem" time="0.001"/>
  <testcase name="the update path should be parent-hash valid" classname="com.github.traderjoe95.mls.protocol.tree.TreeKem" time="0.0"/>
  <testcase name="the tree hash after merging the update path should be 4bcde17b73cbf88cf138a6ed19828f3da3f69045d39a0a3f1eb48d158c09b5a5fde78e9ad1573a334b8ac75370fe2c91f53376c668518815f18ac97f1a816a71" classname="com.github.traderjoe95.mls.protocol.tree.TreeKem" time="0.001"/>
  <testcase name="the decrypted path secret should be d6103a729d7af9156bc635e4a3a102e66fb0e6e7ac9d7a646de0cda975052348733e1d5e513eba3d2e3cb90208d428e906f012c13df512fda5e11a9f3e53f2dd" classname="com.github.traderjoe95.mls.protocol.tree.TreeKem" time="0.001"/>
  <testcase name="a new update path generated by the sender should be successfully processed" classname="com.github.traderjoe95.mls.protocol.tree.TreeKem" time="0.001"/>
  <testcase name="the update path should be parent-hash valid" classname="com.github.traderjoe95.mls.protocol.tree.TreeKem" time="0.0"/>
  <testcase name="the tree hash after merging the update path should be 4bcde17b73cbf88cf138a6ed19828f3da3f69045d39a0a3f1eb48d158c09b5a5fde78e9ad1573a334b8ac75370fe2c91f53376c668518815f18ac97f1a816a71" classname="com.github.traderjoe95.mls.protocol.tree.TreeKem" time="0.0"/>
  <testcase name="the decrypted path secret should be d6103a729d7af9156bc635e4a3a102e66fb0e6e7ac9d7a646de0cda975052348733e1d5e513eba3d2e3cb90208d428e906f012c13df512fda5e11a9f3e53f2dd" classname="com.github.traderjoe95.mls.protocol.tree.TreeKem" time="0.001"/>
  <testcase name="a new update path generated by the sender should be successfully processed" classname="com.github.traderjoe95.mls.protocol.tree.TreeKem" time="0.001"/>
  <testcase name="the update path should be parent-hash valid" classname="com.github.traderjoe95.mls.protocol.tree.TreeKem" time="0.0"/>
  <testcase name="the tree hash after merging the update path should be 4bcde17b73cbf88cf138a6ed19828f3da3f69045d39a0a3f1eb48d158c09b5a5fde78e9ad1573a334b8ac75370fe2c91f53376c668518815f18ac97f1a816a71" classname="com.github.traderjoe95.mls.protocol.tree.TreeKem" time="0.001"/>
  <testcase name="the decrypted path secret should be d3eb43026f07ebbdfcbbddbd3f12061be0821e3c3ebd6eaff7fbda97fd639d32c99690e98c5b3c66c02d62a78ce962b21d732f6b6c7cc27590115a2984c4d379" classname="com.github.traderjoe95.mls.protocol.tree.TreeKem" time="0.001"/>
  <testcase name="a new update path generated by the sender should be successfully processed" classname="com.github.traderjoe95.mls.protocol.tree.TreeKem" time="0.001"/>
  <testcase name="the update path should be parent-hash valid" classname="com.github.traderjoe95.mls.protocol.tree.TreeKem" time="0.0"/>
  <testcase name="the tree hash after merging the update path should be 4bcde17b73cbf88cf138a6ed19828f3da3f69045d39a0a3f1eb48d158c09b5a5fde78e9ad1573a334b8ac75370fe2c91f53376c668518815f18ac97f1a816a71" classname="com.github.traderjoe95.mls.protocol.tree.TreeKem" time="0.001"/>
  <testcase name="the decrypted path secret should be 8873af2e1a8ec8cd936ed38258cb69dd29d510bda2b49c57d76f12943bf08f0dda56db4f5672f87a65f6f1957cabed4338f5cbbf98cade4c6d8dc280decb22ab" classname="com.github.traderjoe95.mls.protocol.tree.TreeKem" time="0.001"/>
  <testcase name="a new update path generated by the sender should be successfully processed" classname="com.github.traderjoe95.mls.protocol.tree.TreeKem" time="0.001"/>
  <testcase name="the update path should be parent-hash valid" classname="com.github.traderjoe95.mls.protocol.tree.TreeKem" time="0.0"/>
  <testcase name="the tree hash after merging the update path should be 4bcde17b73cbf88cf138a6ed19828f3da3f69045d39a0a3f1eb48d158c09b5a5fde78e9ad1573a334b8ac75370fe2c91f53376c668518815f18ac97f1a816a71" classname="com.github.traderjoe95.mls.protocol.tree.TreeKem" time="0.001"/>
  <testcase name="the decrypted path secret should be 8873af2e1a8ec8cd936ed38258cb69dd29d510bda2b49c57d76f12943bf08f0dda56db4f5672f87a65f6f1957cabed4338f5cbbf98cade4c6d8dc280decb22ab" classname="com.github.traderjoe95.mls.protocol.tree.TreeKem" time="0.001"/>
  <testcase name="a new update path generated by the sender should be successfully processed" classname="com.github.traderjoe95.mls.protocol.tree.TreeKem" time="0.001"/>
  <testcase name="the update path should be parent-hash valid" classname="com.github.traderjoe95.mls.protocol.tree.TreeKem" time="0.0"/>
  <testcase name="the tree hash after merging the update path should be 225128f83c7f49fc8f08256b4e4e05f459fa7b84b1ba8b38d1f48c91d4647cc1f187e89ba735c233d9fa324f2ed5fab9cfa5b9ef276809bb4416bf8d3269bb49" classname="com.github.traderjoe95.mls.protocol.tree.TreeKem" time="0.0"/>
  <testcase name="the decrypted path secret should be a2e511a42906b1220daa3b2ce4fc64d876fbb2324be4b7eab3db0e42d197efaacba748e43abf934fb38ab841d968296aed4772bdd90bceea5f2f7c89c2f4e2cf" classname="com.github.traderjoe95.mls.protocol.tree.TreeKem" time="0.001"/>
  <testcase name="a new update path generated by the sender should be successfully processed" classname="com.github.traderjoe95.mls.protocol.tree.TreeKem" time="0.001"/>
  <testcase name="the update path should be parent-hash valid" classname="com.github.traderjoe95.mls.protocol.tree.TreeKem" time="0.0"/>
  <testcase name="the tree hash after merging the update path should be 225128f83c7f49fc8f08256b4e4e05f459fa7b84b1ba8b38d1f48c91d4647cc1f187e89ba735c233d9fa324f2ed5fab9cfa5b9ef276809bb4416bf8d3269bb49" classname="com.github.traderjoe95.mls.protocol.tree.TreeKem" time="0.0"/>
  <testcase name="the decrypted path secret should be a2e511a42906b1220daa3b2ce4fc64d876fbb2324be4b7eab3db0e42d197efaacba748e43abf934fb38ab841d968296aed4772bdd90bceea5f2f7c89c2f4e2cf" classname="com.github.traderjoe95.mls.protocol.tree.TreeKem" time="0.001"/>
  <testcase name="a new update path generated by the sender should be successfully processed" classname="com.github.traderjoe95.mls.protocol.tree.TreeKem" time="0.001"/>
  <testcase name="the update path should be parent-hash valid" classname="com.github.traderjoe95.mls.protocol.tree.TreeKem" time="0.0"/>
  <testcase name="the tree hash after merging the update path should be 225128f83c7f49fc8f08256b4e4e05f459fa7b84b1ba8b38d1f48c91d4647cc1f187e89ba735c233d9fa324f2ed5fab9cfa5b9ef276809bb4416bf8d3269bb49" classname="com.github.traderjoe95.mls.protocol.tree.TreeKem" time="0.0"/>
  <testcase name="the decrypted path secret should be a2e511a42906b1220daa3b2ce4fc64d876fbb2324be4b7eab3db0e42d197efaacba748e43abf934fb38ab841d968296aed4772bdd90bceea5f2f7c89c2f4e2cf" classname="com.github.traderjoe95.mls.protocol.tree.TreeKem" time="0.013"/>
  <testcase name="a new update path generated by the sender should be successfully processed" classname="com.github.traderjoe95.mls.protocol.tree.TreeKem" time="0.001"/>
  <testcase name="the update path should be parent-hash valid" classname="com.github.traderjoe95.mls.protocol.tree.TreeKem" time="0.0"/>
  <testcase name="the tree hash after merging the update path should be 225128f83c7f49fc8f08256b4e4e05f459fa7b84b1ba8b38d1f48c91d4647cc1f187e89ba735c233d9fa324f2ed5fab9cfa5b9ef276809bb4416bf8d3269bb49" classname="com.github.traderjoe95.mls.protocol.tree.TreeKem" time="0.0"/>
  <testcase name="the decrypted path secret should be fa2e74cc789c005b05b6219f29886b7536dcf64ee80eb9901402a8b365d5dc9a4b51a973a2bedd4f6e0106799017a978830504aef7da2b153ba386764b430e8b" classname="com.github.traderjoe95.mls.protocol.tree.TreeKem" time="0.001"/>
  <testcase name="a new update path generated by the sender should be successfully processed" classname="com.github.traderjoe95.mls.protocol.tree.TreeKem" time="0.001"/>
  <testcase name="the update path should be parent-hash valid" classname="com.github.traderjoe95.mls.protocol.tree.TreeKem" time="0.0"/>
  <testcase name="the tree hash after merging the update path should be 225128f83c7f49fc8f08256b4e4e05f459fa7b84b1ba8b38d1f48c91d4647cc1f187e89ba735c233d9fa324f2ed5fab9cfa5b9ef276809bb4416bf8d3269bb49" classname="com.github.traderjoe95.mls.protocol.tree.TreeKem" time="0.001"/>
  <testcase name="the decrypted path secret should be 31bcb9da845fa770b42628aa5896cad572a36ec5d837420a3b71a83c0e4aafc3dd20d128deeede9d70202cb245e234c806fafab656bad5cb4731ae064e73eb2a" classname="com.github.traderjoe95.mls.protocol.tree.TreeKem" time="0.001"/>
  <testcase name="a new update path generated by the sender should be successfully processed" classname="com.github.traderjoe95.mls.protocol.tree.TreeKem" time="0.001"/>
  <testcase name="the update path should be parent-hash valid" classname="com.github.traderjoe95.mls.protocol.tree.TreeKem" time="0.0"/>
  <testcase name="the tree hash after merging the update path should be 225128f83c7f49fc8f08256b4e4e05f459fa7b84b1ba8b38d1f48c91d4647cc1f187e89ba735c233d9fa324f2ed5fab9cfa5b9ef276809bb4416bf8d3269bb49" classname="com.github.traderjoe95.mls.protocol.tree.TreeKem" time="0.001"/>
  <testcase name="the decrypted path secret should be 31bcb9da845fa770b42628aa5896cad572a36ec5d837420a3b71a83c0e4aafc3dd20d128deeede9d70202cb245e234c806fafab656bad5cb4731ae064e73eb2a" classname="com.github.traderjoe95.mls.protocol.tree.TreeKem" time="0.001"/>
  <testcase name="a new update path generated by the sender should be successfully processed" classname="com.github.traderjoe95.mls.protocol.tree.TreeKem" time="0.001"/>
  <testcase name="the update path should be parent-hash valid" classname="com.github.traderjoe95.mls.protocol.tree.TreeKem" time="0.0"/>
  <testcase name="the tree hash after merging the update path should be 6ce47edcf38e51d69b0afbbecd0aa887495360804931a14048aa3fc4a9ddc6be75cf29c8b724358b7633c8f42588ffb7ae5d36fa5c317d4d6fc7eb1c3d44df1c" classname="com.github.traderjoe95.mls.protocol.tree.TreeKem" time="0.0"/>
  <testcase name="the decrypted path secret should be fc69414e5356e0123699d323e157d39e92ae3a2526b59fb1f3813289c17933f2b9d6ac395237ceeffd7dcf4199da7962fe0d3e859145ce708e8f5c48b42abe2e" classname="com.github.traderjoe95.mls.protocol.tree.TreeKem" time="0.001"/>
  <testcase name="a new update path generated by the sender should be successfully processed" classname="com.github.traderjoe95.mls.protocol.tree.TreeKem" time="0.001"/>
  <testcase name="the update path should be parent-hash valid" classname="com.github.traderjoe95.mls.protocol.tree.TreeKem" time="0.0"/>
  <testcase name="the tree hash after merging the update path should be 6ce47edcf38e51d69b0afbbecd0aa887495360804931a14048aa3fc4a9ddc6be75cf29c8b724358b7633c8f42588ffb7ae5d36fa5c317d4d6fc7eb1c3d44df1c" classname="com.github.traderjoe95.mls.protocol.tree.TreeKem" time="0.0"/>
  <testcase name="the decrypted path secret should be fc69414e5356e0123699d323e157d39e92ae3a2526b59fb1f3813289c17933f2b9d6ac395237ceeffd7dcf4199da7962fe0d3e859145ce708e8f5c48b42abe2e" classname="com.github.traderjoe95.mls.protocol.tree.TreeKem" time="0.0"/>
  <testcase name="a new update path generated by the sender should be successfully processed" classname="com.github.traderjoe95.mls.protocol.tree.TreeKem" time="0.001"/>
  <testcase name="the update path should be parent-hash valid" classname="com.github.traderjoe95.mls.protocol.tree.TreeKem" time="0.0"/>
  <testcase name="the tree hash after merging the update path should be 6ce47edcf38e51d69b0afbbecd0aa887495360804931a14048aa3fc4a9ddc6be75cf29c8b724358b7633c8f42588ffb7ae5d36fa5c317d4d6fc7eb1c3d44df1c" classname="com.github.traderjoe95.mls.protocol.tree.TreeKem" time="0.001"/>
  <testcase name="the decrypted path secret should be fc69414e5356e0123699d323e157d39e92ae3a2526b59fb1f3813289c17933f2b9d6ac395237ceeffd7dcf4199da7962fe0d3e859145ce708e8f5c48b42abe2e" classname="com.github.traderjoe95.mls.protocol.tree.TreeKem" time="0.001"/>
  <testcase name="a new update path generated by the sender should be successfully processed" classname="com.github.traderjoe95.mls.protocol.tree.TreeKem" time="0.001"/>
  <testcase name="the update path should be parent-hash valid" classname="com.github.traderjoe95.mls.protocol.tree.TreeKem" time="0.001"/>
  <testcase name="the tree hash after merging the update path should be 6ce47edcf38e51d69b0afbbecd0aa887495360804931a14048aa3fc4a9ddc6be75cf29c8b724358b7633c8f42588ffb7ae5d36fa5c317d4d6fc7eb1c3d44df1c" classname="com.github.traderjoe95.mls.protocol.tree.TreeKem" time="0.0"/>
  <testcase name="the decrypted path secret should be 070c626da97401a8b03912d5a543d80ff063ce10281220a5c2b2b2caac4879d1dceda12771e8f6f1e10e99d935a2d9478bbc4076f89526a7f2727edf02a7de5b" classname="com.github.traderjoe95.mls.protocol.tree.TreeKem" time="0.001"/>
  <testcase name="a new update path generated by the sender should be successfully processed" classname="com.github.traderjoe95.mls.protocol.tree.TreeKem" time="0.001"/>
  <testcase name="the update path should be parent-hash valid" classname="com.github.traderjoe95.mls.protocol.tree.TreeKem" time="0.0"/>
  <testcase name="the tree hash after merging the update path should be 6ce47edcf38e51d69b0afbbecd0aa887495360804931a14048aa3fc4a9ddc6be75cf29c8b724358b7633c8f42588ffb7ae5d36fa5c317d4d6fc7eb1c3d44df1c" classname="com.github.traderjoe95.mls.protocol.tree.TreeKem" time="0.0"/>
  <testcase name="the decrypted path secret should be 070c626da97401a8b03912d5a543d80ff063ce10281220a5c2b2b2caac4879d1dceda12771e8f6f1e10e99d935a2d9478bbc4076f89526a7f2727edf02a7de5b" classname="com.github.traderjoe95.mls.protocol.tree.TreeKem" time="0.001"/>
  <testcase name="a new update path generated by the sender should be successfully processed" classname="com.github.traderjoe95.mls.protocol.tree.TreeKem" time="0.001"/>
  <testcase name="the update path should be parent-hash valid" classname="com.github.traderjoe95.mls.protocol.tree.TreeKem" time="0.0"/>
  <testcase name="the tree hash after merging the update path should be 6ce47edcf38e51d69b0afbbecd0aa887495360804931a14048aa3fc4a9ddc6be75cf29c8b724358b7633c8f42588ffb7ae5d36fa5c317d4d6fc7eb1c3d44df1c" classname="com.github.traderjoe95.mls.protocol.tree.TreeKem" time="0.0"/>
  <testcase name="the decrypted path secret should be 929dfc7ab8ff8638f74997388baa7a7d706b45a1f1a11d019b9d0cdfe2606c269278159915af90e89f2d4aea781d0a1edd401d88324c7efc7a5bd6931a508f25" classname="com.github.traderjoe95.mls.protocol.tree.TreeKem" time="0.001"/>
  <testcase name="a new update path generated by the sender should be successfully processed" classname="com.github.traderjoe95.mls.protocol.tree.TreeKem" time="0.001"/>
  <testcase name="the update path should be parent-hash valid" classname="com.github.traderjoe95.mls.protocol.tree.TreeKem" time="0.0"/>
  <testcase name="the tree hash after merging the update path should be 6a779d83c22623d7b13ce493cb44152d6018c63efe7120061ce84d343764fa091d496ec0deb1403f6abce7d5755eabb8327f7864d8935cbba2e7ed30a16f3e9e" classname="com.github.traderjoe95.mls.protocol.tree.TreeKem" time="0.0"/>
  <testcase name="the decrypted path secret should be 2e706dded6c740a0ab124c45c56b36a93509b1d1ba1096f91fe2b188ea56bdf6751138c15b1b93dc522d9774839305b41c142cc67f58ba3d1f9368d49fb9df95" classname="com.github.traderjoe95.mls.protocol.tree.TreeKem" time="0.001"/>
  <testcase name="a new update path generated by the sender should be successfully processed" classname="com.github.traderjoe95.mls.protocol.tree.TreeKem" time="0.001"/>
  <testcase name="the update path should be parent-hash valid" classname="com.github.traderjoe95.mls.protocol.tree.TreeKem" time="0.001"/>
  <testcase name="the tree hash after merging the update path should be 6a779d83c22623d7b13ce493cb44152d6018c63efe7120061ce84d343764fa091d496ec0deb1403f6abce7d5755eabb8327f7864d8935cbba2e7ed30a16f3e9e" classname="com.github.traderjoe95.mls.protocol.tree.TreeKem" time="0.001"/>
  <testcase name="the decrypted path secret should be 2e706dded6c740a0ab124c45c56b36a93509b1d1ba1096f91fe2b188ea56bdf6751138c15b1b93dc522d9774839305b41c142cc67f58ba3d1f9368d49fb9df95" classname="com.github.traderjoe95.mls.protocol.tree.TreeKem" time="0.001"/>
  <testcase name="a new update path generated by the sender should be successfully processed" classname="com.github.traderjoe95.mls.protocol.tree.TreeKem" time="0.001"/>
  <testcase name="the update path should be parent-hash valid" classname="com.github.traderjoe95.mls.protocol.tree.TreeKem" time="0.0"/>
  <testcase name="the tree hash after merging the update path should be 6a779d83c22623d7b13ce493cb44152d6018c63efe7120061ce84d343764fa091d496ec0deb1403f6abce7d5755eabb8327f7864d8935cbba2e7ed30a16f3e9e" classname="com.github.traderjoe95.mls.protocol.tree.TreeKem" time="0.0"/>
  <testcase name="the decrypted path secret should be 2e706dded6c740a0ab124c45c56b36a93509b1d1ba1096f91fe2b188ea56bdf6751138c15b1b93dc522d9774839305b41c142cc67f58ba3d1f9368d49fb9df95" classname="com.github.traderjoe95.mls.protocol.tree.TreeKem" time="0.0"/>
  <testcase name="a new update path generated by the sender should be successfully processed" classname="com.github.traderjoe95.mls.protocol.tree.TreeKem" time="0.001"/>
  <testcase name="the update path should be parent-hash valid" classname="com.github.traderjoe95.mls.protocol.tree.TreeKem" time="0.0"/>
  <testcase name="the tree hash after merging the update path should be 6a779d83c22623d7b13ce493cb44152d6018c63efe7120061ce84d343764fa091d496ec0deb1403f6abce7d5755eabb8327f7864d8935cbba2e7ed30a16f3e9e" classname="com.github.traderjoe95.mls.protocol.tree.TreeKem" time="0.0"/>
  <testcase name="the decrypted path secret should be 021be6214bb2546cac01533912c4320ce982c6c680014370466f2244b7d6727c40ff54aecf4c52eab4ca3975cae3fea54c7a261c371f7e38605855975e554187" classname="com.github.traderjoe95.mls.protocol.tree.TreeKem" time="0.001"/>
  <testcase name="a new update path generated by the sender should be successfully processed" classname="com.github.traderjoe95.mls.protocol.tree.TreeKem" time="0.001"/>
  <testcase name="the update path should be parent-hash valid" classname="com.github.traderjoe95.mls.protocol.tree.TreeKem" time="0.001"/>
  <testcase name="the tree hash after merging the update path should be 6a779d83c22623d7b13ce493cb44152d6018c63efe7120061ce84d343764fa091d496ec0deb1403f6abce7d5755eabb8327f7864d8935cbba2e7ed30a16f3e9e" classname="com.github.traderjoe95.mls.protocol.tree.TreeKem" time="0.001"/>
  <testcase name="the decrypted path secret should be 021be6214bb2546cac01533912c4320ce982c6c680014370466f2244b7d6727c40ff54aecf4c52eab4ca3975cae3fea54c7a261c371f7e38605855975e554187" classname="com.github.traderjoe95.mls.protocol.tree.TreeKem" time="0.001"/>
  <testcase name="a new update path generated by the sender should be successfully processed" classname="com.github.traderjoe95.mls.protocol.tree.TreeKem" time="0.001"/>
  <testcase name="the update path should be parent-hash valid" classname="com.github.traderjoe95.mls.protocol.tree.TreeKem" time="0.0"/>
  <testcase name="the tree hash after merging the update path should be 6a779d83c22623d7b13ce493cb44152d6018c63efe7120061ce84d343764fa091d496ec0deb1403f6abce7d5755eabb8327f7864d8935cbba2e7ed30a16f3e9e" classname="com.github.traderjoe95.mls.protocol.tree.TreeKem" time="0.001"/>
  <testcase name="the decrypted path secret should be 8a545e3ff778c03541b5abade0c29c13a54a0e471f96745b88976004239c9c5470b6485d49e9072455e0ba8876c16ec7c8689e0a4191b9ce96e386285a42afc8" classname="com.github.traderjoe95.mls.protocol.tree.TreeKem" time="0.001"/>
  <testcase name="a new update path generated by the sender should be successfully processed" classname="com.github.traderjoe95.mls.protocol.tree.TreeKem" time="0.001"/>
  <testcase name="non-blank leaf 0 should be consistent with the public state" classname="com.github.traderjoe95.mls.protocol.tree.TreeKem" time="0.001"/>
  <testcase name="non-blank leaf 4 should be consistent with the public state" classname="com.github.traderjoe95.mls.protocol.tree.TreeKem" time="0.002"/>
  <testcase name="non-blank leaf 5 should be consistent with the public state" classname="com.github.traderjoe95.mls.protocol.tree.TreeKem" time="0.002"/>
  <testcase name="non-blank leaf 6 should be consistent with the public state" classname="com.github.traderjoe95.mls.protocol.tree.TreeKem" time="0.002"/>
  <testcase name="non-blank leaf 7 should be consistent with the public state" classname="com.github.traderjoe95.mls.protocol.tree.TreeKem" time="0.001"/>
  <testcase name="the update path should be parent-hash valid" classname="com.github.traderjoe95.mls.protocol.tree.TreeKem" time="0.0"/>
  <testcase name="the tree hash after merging the update path should be c6f527a07e2740c1a10f534460aa035860fbc7df15055b3328e4bb3056ca9ffce14735b8f1d1a6b7759b58aecdb26710e46cbbaa9011cb784645110bf6ae9760" classname="com.github.traderjoe95.mls.protocol.tree.TreeKem" time="0.0"/>
  <testcase name="the decrypted path secret should be 1d25243acaf5958a18425b4ccc898679204631170b2131353e00ac14f0179b238122c7180ab99d6a6dfd1bb685c6cb9c4a1894b0534b4d0c52fcb1c3ad678148" classname="com.github.traderjoe95.mls.protocol.tree.TreeKem" time="0.001"/>
  <testcase name="a new update path generated by the sender should be successfully processed" classname="com.github.traderjoe95.mls.protocol.tree.TreeKem" time="0.001"/>
  <testcase name="the update path should be parent-hash valid" classname="com.github.traderjoe95.mls.protocol.tree.TreeKem" time="0.0"/>
  <testcase name="the tree hash after merging the update path should be c6f527a07e2740c1a10f534460aa035860fbc7df15055b3328e4bb3056ca9ffce14735b8f1d1a6b7759b58aecdb26710e46cbbaa9011cb784645110bf6ae9760" classname="com.github.traderjoe95.mls.protocol.tree.TreeKem" time="0.0"/>
  <testcase name="the decrypted path secret should be 1d25243acaf5958a18425b4ccc898679204631170b2131353e00ac14f0179b238122c7180ab99d6a6dfd1bb685c6cb9c4a1894b0534b4d0c52fcb1c3ad678148" classname="com.github.traderjoe95.mls.protocol.tree.TreeKem" time="0.001"/>
  <testcase name="a new update path generated by the sender should be successfully processed" classname="com.github.traderjoe95.mls.protocol.tree.TreeKem" time="0.001"/>
  <testcase name="the update path should be parent-hash valid" classname="com.github.traderjoe95.mls.protocol.tree.TreeKem" time="0.0"/>
  <testcase name="the tree hash after merging the update path should be c6f527a07e2740c1a10f534460aa035860fbc7df15055b3328e4bb3056ca9ffce14735b8f1d1a6b7759b58aecdb26710e46cbbaa9011cb784645110bf6ae9760" classname="com.github.traderjoe95.mls.protocol.tree.TreeKem" time="0.0"/>
  <testcase name="the decrypted path secret should be 1d25243acaf5958a18425b4ccc898679204631170b2131353e00ac14f0179b238122c7180ab99d6a6dfd1bb685c6cb9c4a1894b0534b4d0c52fcb1c3ad678148" classname="com.github.traderjoe95.mls.protocol.tree.TreeKem" time="0.001"/>
  <testcase name="a new update path generated by the sender should be successfully processed" classname="com.github.traderjoe95.mls.protocol.tree.TreeKem" time="0.001"/>
  <testcase name="the update path should be parent-hash valid" classname="com.github.traderjoe95.mls.protocol.tree.TreeKem" time="0.0"/>
  <testcase name="the tree hash after merging the update path should be c6f527a07e2740c1a10f534460aa035860fbc7df15055b3328e4bb3056ca9ffce14735b8f1d1a6b7759b58aecdb26710e46cbbaa9011cb784645110bf6ae9760" classname="com.github.traderjoe95.mls.protocol.tree.TreeKem" time="0.001"/>
  <testcase name="the decrypted path secret should be 1d25243acaf5958a18425b4ccc898679204631170b2131353e00ac14f0179b238122c7180ab99d6a6dfd1bb685c6cb9c4a1894b0534b4d0c52fcb1c3ad678148" classname="com.github.traderjoe95.mls.protocol.tree.TreeKem" time="0.001"/>
  <testcase name="a new update path generated by the sender should be successfully processed" classname="com.github.traderjoe95.mls.protocol.tree.TreeKem" time="0.001"/>
  <testcase name="the update path should be parent-hash valid" classname="com.github.traderjoe95.mls.protocol.tree.TreeKem" time="0.0"/>
  <testcase name="the tree hash after merging the update path should be 1e44923a2b1db3319cc418a56290fd4caf57f29787eec329b42d83f893177d7ff4e24bdc2d02ddecf3b9dd82168d01e0be4d7728b06b589e23cbf15b50be08a2" classname="com.github.traderjoe95.mls.protocol.tree.TreeKem" time="0.0"/>
  <testcase name="the decrypted path secret should be d6103a729d7af9156bc635e4a3a102e66fb0e6e7ac9d7a646de0cda975052348733e1d5e513eba3d2e3cb90208d428e906f012c13df512fda5e11a9f3e53f2dd" classname="com.github.traderjoe95.mls.protocol.tree.TreeKem" time="0.001"/>
  <testcase name="a new update path generated by the sender should be successfully processed" classname="com.github.traderjoe95.mls.protocol.tree.TreeKem" time="0.001"/>
  <testcase name="the update path should be parent-hash valid" classname="com.github.traderjoe95.mls.protocol.tree.TreeKem" time="0.0"/>
  <testcase name="the tree hash after merging the update path should be 1e44923a2b1db3319cc418a56290fd4caf57f29787eec329b42d83f893177d7ff4e24bdc2d02ddecf3b9dd82168d01e0be4d7728b06b589e23cbf15b50be08a2" classname="com.github.traderjoe95.mls.protocol.tree.TreeKem" time="0.0"/>
  <testcase name="the decrypted path secret should be d3eb43026f07ebbdfcbbddbd3f12061be0821e3c3ebd6eaff7fbda97fd639d32c99690e98c5b3c66c02d62a78ce962b21d732f6b6c7cc27590115a2984c4d379" classname="com.github.traderjoe95.mls.protocol.tree.TreeKem" time="0.0"/>
  <testcase name="a new update path generated by the sender should be successfully processed" classname="com.github.traderjoe95.mls.protocol.tree.TreeKem" time="0.001"/>
  <testcase name="the update path should be parent-hash valid" classname="com.github.traderjoe95.mls.protocol.tree.TreeKem" time="0.0"/>
  <testcase name="the tree hash after merging the update path should be 1e44923a2b1db3319cc418a56290fd4caf57f29787eec329b42d83f893177d7ff4e24bdc2d02ddecf3b9dd82168d01e0be4d7728b06b589e23cbf15b50be08a2" classname="com.github.traderjoe95.mls.protocol.tree.TreeKem" time="0.0"/>
  <testcase name="the decrypted path secret should be 8873af2e1a8ec8cd936ed38258cb69dd29d510bda2b49c57d76f12943bf08f0dda56db4f5672f87a65f6f1957cabed4338f5cbbf98cade4c6d8dc280decb22ab" classname="com.github.traderjoe95.mls.protocol.tree.TreeKem" time="0.0"/>
  <testcase name="a new update path generated by the sender should be successfully processed" classname="com.github.traderjoe95.mls.protocol.tree.TreeKem" time="0.001"/>
  <testcase name="the update path should be parent-hash valid" classname="com.github.traderjoe95.mls.protocol.tree.TreeKem" time="0.0"/>
  <testcase name="the tree hash after merging the update path should be 1e44923a2b1db3319cc418a56290fd4caf57f29787eec329b42d83f893177d7ff4e24bdc2d02ddecf3b9dd82168d01e0be4d7728b06b589e23cbf15b50be08a2" classname="com.github.traderjoe95.mls.protocol.tree.TreeKem" time="0.001"/>
  <testcase name="the decrypted path secret should be 8873af2e1a8ec8cd936ed38258cb69dd29d510bda2b49c57d76f12943bf08f0dda56db4f5672f87a65f6f1957cabed4338f5cbbf98cade4c6d8dc280decb22ab" classname="com.github.traderjoe95.mls.protocol.tree.TreeKem" time="0.001"/>
  <testcase name="a new update path generated by the sender should be successfully processed" classname="com.github.traderjoe95.mls.protocol.tree.TreeKem" time="0.001"/>
  <testcase name="the update path should be parent-hash valid" classname="com.github.traderjoe95.mls.protocol.tree.TreeKem" time="0.001"/>
  <testcase name="the tree hash after merging the update path should be 3d017481c4a5c08a0022a7feaf16ea972a751998e3cf722f6e10b7a78053b275ca901f94b5854556b8f80e333c2d45321d296c0c6768cd52909eee669e7a0ca2" classname="com.github.traderjoe95.mls.protocol.tree.TreeKem" time="0.0"/>
  <testcase name="the decrypted path secret should be a2e511a42906b1220daa3b2ce4fc64d876fbb2324be4b7eab3db0e42d197efaacba748e43abf934fb38ab841d968296aed4772bdd90bceea5f2f7c89c2f4e2cf" classname="com.github.traderjoe95.mls.protocol.tree.TreeKem" time="0.001"/>
  <testcase name="a new update path generated by the sender should be successfully processed" classname="com.github.traderjoe95.mls.protocol.tree.TreeKem" time="0.001"/>
  <testcase name="the update path should be parent-hash valid" classname="com.github.traderjoe95.mls.protocol.tree.TreeKem" time="0.0"/>
  <testcase name="the tree hash after merging the update path should be 3d017481c4a5c08a0022a7feaf16ea972a751998e3cf722f6e10b7a78053b275ca901f94b5854556b8f80e333c2d45321d296c0c6768cd52909eee669e7a0ca2" classname="com.github.traderjoe95.mls.protocol.tree.TreeKem" time="0.0"/>
  <testcase name="the decrypted path secret should be fa2e74cc789c005b05b6219f29886b7536dcf64ee80eb9901402a8b365d5dc9a4b51a973a2bedd4f6e0106799017a978830504aef7da2b153ba386764b430e8b" classname="com.github.traderjoe95.mls.protocol.tree.TreeKem" time="0.001"/>
  <testcase name="a new update path generated by the sender should be successfully processed" classname="com.github.traderjoe95.mls.protocol.tree.TreeKem" time="0.001"/>
  <testcase name="the update path should be parent-hash valid" classname="com.github.traderjoe95.mls.protocol.tree.TreeKem" time="0.0"/>
  <testcase name="the tree hash after merging the update path should be 3d017481c4a5c08a0022a7feaf16ea972a751998e3cf722f6e10b7a78053b275ca901f94b5854556b8f80e333c2d45321d296c0c6768cd52909eee669e7a0ca2" classname="com.github.traderjoe95.mls.protocol.tree.TreeKem" time="0.0"/>
  <testcase name="the decrypted path secret should be 31bcb9da845fa770b42628aa5896cad572a36ec5d837420a3b71a83c0e4aafc3dd20d128deeede9d70202cb245e234c806fafab656bad5cb4731ae064e73eb2a" classname="com.github.traderjoe95.mls.protocol.tree.TreeKem" time="0.001"/>
  <testcase name="a new update path generated by the sender should be successfully processed" classname="com.github.traderjoe95.mls.protocol.tree.TreeKem" time="0.001"/>
  <testcase name="the update path should be parent-hash valid" classname="com.github.traderjoe95.mls.protocol.tree.TreeKem" time="0.0"/>
  <testcase name="the tree hash after merging the update path should be 3d017481c4a5c08a0022a7feaf16ea972a751998e3cf722f6e10b7a78053b275ca901f94b5854556b8f80e333c2d45321d296c0c6768cd52909eee669e7a0ca2" classname="com.github.traderjoe95.mls.protocol.tree.TreeKem" time="0.0"/>
  <testcase name="the decrypted path secret should be 31bcb9da845fa770b42628aa5896cad572a36ec5d837420a3b71a83c0e4aafc3dd20d128deeede9d70202cb245e234c806fafab656bad5cb4731ae064e73eb2a" classname="com.github.traderjoe95.mls.protocol.tree.TreeKem" time="0.0"/>
  <testcase name="a new update path generated by the sender should be successfully processed" classname="com.github.traderjoe95.mls.protocol.tree.TreeKem" time="0.001"/>
  <testcase name="the update path should be parent-hash valid" classname="com.github.traderjoe95.mls.protocol.tree.TreeKem" time="0.0"/>
  <testcase name="the tree hash after merging the update path should be 1f691463b32e778e4d7dcfbbcf688ce314d61cf2739be8863f2788450262746ac991d2ec3cf141db88b3f95b82db0ea209ae4546b03092de0af33c748f79cec3" classname="com.github.traderjoe95.mls.protocol.tree.TreeKem" time="0.0"/>
  <testcase name="the decrypted path secret should be fc69414e5356e0123699d323e157d39e92ae3a2526b59fb1f3813289c17933f2b9d6ac395237ceeffd7dcf4199da7962fe0d3e859145ce708e8f5c48b42abe2e" classname="com.github.traderjoe95.mls.protocol.tree.TreeKem" time="0.0"/>
  <testcase name="a new update path generated by the sender should be successfully processed" classname="com.github.traderjoe95.mls.protocol.tree.TreeKem" time="0.001"/>
  <testcase name="the update path should be parent-hash valid" classname="com.github.traderjoe95.mls.protocol.tree.TreeKem" time="0.0"/>
  <testcase name="the tree hash after merging the update path should be 1f691463b32e778e4d7dcfbbcf688ce314d61cf2739be8863f2788450262746ac991d2ec3cf141db88b3f95b82db0ea209ae4546b03092de0af33c748f79cec3" classname="com.github.traderjoe95.mls.protocol.tree.TreeKem" time="0.001"/>
  <testcase name="the decrypted path secret should be 070c626da97401a8b03912d5a543d80ff063ce10281220a5c2b2b2caac4879d1dceda12771e8f6f1e10e99d935a2d9478bbc4076f89526a7f2727edf02a7de5b" classname="com.github.traderjoe95.mls.protocol.tree.TreeKem" time="0.001"/>
  <testcase name="a new update path generated by the sender should be successfully processed" classname="com.github.traderjoe95.mls.protocol.tree.TreeKem" time="0.001"/>
  <testcase name="the update path should be parent-hash valid" classname="com.github.traderjoe95.mls.protocol.tree.TreeKem" time="0.0"/>
  <testcase name="the tree hash after merging the update path should be 1f691463b32e778e4d7dcfbbcf688ce314d61cf2739be8863f2788450262746ac991d2ec3cf141db88b3f95b82db0ea209ae4546b03092de0af33c748f79cec3" classname="com.github.traderjoe95.mls.protocol.tree.TreeKem" time="0.0"/>
  <testcase name="the decrypted path secret should be 070c626da97401a8b03912d5a543d80ff063ce10281220a5c2b2b2caac4879d1dceda12771e8f6f1e10e99d935a2d9478bbc4076f89526a7f2727edf02a7de5b" classname="com.github.traderjoe95.mls.protocol.tree.TreeKem" time="0.0"/>
  <testcase name="a new update path generated by the sender should be successfully processed" classname="com.github.traderjoe95.mls.protocol.tree.TreeKem" time="0.001"/>
  <testcase name="the update path should be parent-hash valid" classname="com.github.traderjoe95.mls.protocol.tree.TreeKem" time="0.0"/>
  <testcase name="the tree hash after merging the update path should be 1f691463b32e778e4d7dcfbbcf688ce314d61cf2739be8863f2788450262746ac991d2ec3cf141db88b3f95b82db0ea209ae4546b03092de0af33c748f79cec3" classname="com.github.traderjoe95.mls.protocol.tree.TreeKem" time="0.001"/>
  <testcase name="the decrypted path secret should be 929dfc7ab8ff8638f74997388baa7a7d706b45a1f1a11d019b9d0cdfe2606c269278159915af90e89f2d4aea781d0a1edd401d88324c7efc7a5bd6931a508f25" classname="com.github.traderjoe95.mls.protocol.tree.TreeKem" time="0.001"/>
  <testcase name="a new update path generated by the sender should be successfully processed" classname="com.github.traderjoe95.mls.protocol.tree.TreeKem" time="0.001"/>
  <testcase name="the update path should be parent-hash valid" classname="com.github.traderjoe95.mls.protocol.tree.TreeKem" time="0.001"/>
  <testcase name="the tree hash after merging the update path should be f026eef40c320790c1e083e28683ff17db2889ab8a521a4040d316b88b27ea2b6fdc5d9c7bb87a8ba6aa9c14906cff370f4e068017a67b8a61e09b6eb20add6a" classname="com.github.traderjoe95.mls.protocol.tree.TreeKem" time="0.0"/>
  <testcase name="the decrypted path secret should be 2e706dded6c740a0ab124c45c56b36a93509b1d1ba1096f91fe2b188ea56bdf6751138c15b1b93dc522d9774839305b41c142cc67f58ba3d1f9368d49fb9df95" classname="com.github.traderjoe95.mls.protocol.tree.TreeKem" time="0.001"/>
  <testcase name="a new update path generated by the sender should be successfully processed" classname="com.github.traderjoe95.mls.protocol.tree.TreeKem" time="0.001"/>
  <testcase name="the update path should be parent-hash valid" classname="com.github.traderjoe95.mls.protocol.tree.TreeKem" time="0.0"/>
  <testcase name="the tree hash after merging the update path should be f026eef40c320790c1e083e28683ff17db2889ab8a521a4040d316b88b27ea2b6fdc5d9c7bb87a8ba6aa9c14906cff370f4e068017a67b8a61e09b6eb20add6a" classname="com.github.traderjoe95.mls.protocol.tree.TreeKem" time="0.0"/>
  <testcase name="the decrypted path secret should be 021be6214bb2546cac01533912c4320ce982c6c680014370466f2244b7d6727c40ff54aecf4c52eab4ca3975cae3fea54c7a261c371f7e38605855975e554187" classname="com.github.traderjoe95.mls.protocol.tree.TreeKem" time="0.001"/>
  <testcase name="a new update path generated by the sender should be successfully processed" classname="com.github.traderjoe95.mls.protocol.tree.TreeKem" time="0.001"/>
  <testcase name="the update path should be parent-hash valid" classname="com.github.traderjoe95.mls.protocol.tree.TreeKem" time="0.0"/>
  <testcase name="the tree hash after merging the update path should be f026eef40c320790c1e083e28683ff17db2889ab8a521a4040d316b88b27ea2b6fdc5d9c7bb87a8ba6aa9c14906cff370f4e068017a67b8a61e09b6eb20add6a" classname="com.github.traderjoe95.mls.protocol.tree.TreeKem" time="0.001"/>
  <testcase name="the decrypted path secret should be 021be6214bb2546cac01533912c4320ce982c6c680014370466f2244b7d6727c40ff54aecf4c52eab4ca3975cae3fea54c7a261c371f7e38605855975e554187" classname="com.github.traderjoe95.mls.protocol.tree.TreeKem" time="0.001"/>
  <testcase name="a new update path generated by the sender should be successfully processed" classname="com.github.traderjoe95.mls.protocol.tree.TreeKem" time="0.001"/>
  <testcase name="the update path should be parent-hash valid" classname="com.github.traderjoe95.mls.protocol.tree.TreeKem" time="0.0"/>
  <testcase name="the tree hash after merging the update path should be f026eef40c320790c1e083e28683ff17db2889ab8a521a4040d316b88b27ea2b6fdc5d9c7bb87a8ba6aa9c14906cff370f4e068017a67b8a61e09b6eb20add6a" classname="com.github.traderjoe95.mls.protocol.tree.TreeKem" time="0.0"/>
  <testcase name="the decrypted path secret should be 8a545e3ff778c03541b5abade0c29c13a54a0e471f96745b88976004239c9c5470b6485d49e9072455e0ba8876c16ec7c8689e0a4191b9ce96e386285a42afc8" classname="com.github.traderjoe95.mls.protocol.tree.TreeKem" time="0.0"/>
  <testcase name="a new update path generated by the sender should be successfully processed" classname="com.github.traderjoe95.mls.protocol.tree.TreeKem" time="0.001"/>
  <testcase name="non-blank leaf 0 should be consistent with the public state" classname="com.github.traderjoe95.mls.protocol.tree.TreeKem" time="0.002"/>
  <testcase name="non-blank leaf 1 should be consistent with the public state" classname="com.github.traderjoe95.mls.protocol.tree.TreeKem" time="0.002"/>
  <testcase name="non-blank leaf 2 should be consistent with the public state" classname="com.github.traderjoe95.mls.protocol.tree.TreeKem" time="0.002"/>
  <testcase name="non-blank leaf 3 should be consistent with the public state" classname="com.github.traderjoe95.mls.protocol.tree.TreeKem" time="0.002"/>
  <testcase name="non-blank leaf 4 should be consistent with the public state" classname="com.github.traderjoe95.mls.protocol.tree.TreeKem" time="0.001"/>
  <testcase name="non-blank leaf 5 should be consistent with the public state" classname="com.github.traderjoe95.mls.protocol.tree.TreeKem" time="0.001"/>
  <testcase name="non-blank leaf 6 should be consistent with the public state" classname="com.github.traderjoe95.mls.protocol.tree.TreeKem" time="0.001"/>
  <testcase name="non-blank leaf 7 should be consistent with the public state" classname="com.github.traderjoe95.mls.protocol.tree.TreeKem" time="0.001"/>
  <testcase name="the update path should be parent-hash valid" classname="com.github.traderjoe95.mls.protocol.tree.TreeKem" time="0.0"/>
  <testcase name="the tree hash after merging the update path should be 435800274322d4b034abb291a2a2f66404781694bb1ccec964dd416134279b7c7b0a70e6c337783b522605e6d44068c85b0bcc7fe63f8a0840cd49a3e05da23b" classname="com.github.traderjoe95.mls.protocol.tree.TreeKem" time="0.0"/>
  <testcase name="the decrypted path secret should be 1d25243acaf5958a18425b4ccc898679204631170b2131353e00ac14f0179b238122c7180ab99d6a6dfd1bb685c6cb9c4a1894b0534b4d0c52fcb1c3ad678148" classname="com.github.traderjoe95.mls.protocol.tree.TreeKem" time="0.001"/>
  <testcase name="a new update path generated by the sender should be successfully processed" classname="com.github.traderjoe95.mls.protocol.tree.TreeKem" time="0.001"/>
  <testcase name="the update path should be parent-hash valid" classname="com.github.traderjoe95.mls.protocol.tree.TreeKem" time="0.0"/>
  <testcase name="the tree hash after merging the update path should be 435800274322d4b034abb291a2a2f66404781694bb1ccec964dd416134279b7c7b0a70e6c337783b522605e6d44068c85b0bcc7fe63f8a0840cd49a3e05da23b" classname="com.github.traderjoe95.mls.protocol.tree.TreeKem" time="0.001"/>
  <testcase name="the decrypted path secret should be 34c26ec513691ca0b1e11c786d7f02cf7f837aa11c61d2adbd021328599c2b8a41981458678729724cc2ea86b6da1a7a603b6bdcffc02e2c79a8ff8336b7d71d" classname="com.github.traderjoe95.mls.protocol.tree.TreeKem" time="0.001"/>
  <testcase name="a new update path generated by the sender should be successfully processed" classname="com.github.traderjoe95.mls.protocol.tree.TreeKem" time="0.001"/>
  <testcase name="the update path should be parent-hash valid" classname="com.github.traderjoe95.mls.protocol.tree.TreeKem" time="0.0"/>
  <testcase name="the tree hash after merging the update path should be 435800274322d4b034abb291a2a2f66404781694bb1ccec964dd416134279b7c7b0a70e6c337783b522605e6d44068c85b0bcc7fe63f8a0840cd49a3e05da23b" classname="com.github.traderjoe95.mls.protocol.tree.TreeKem" time="0.0"/>
  <testcase name="the decrypted path secret should be 34c26ec513691ca0b1e11c786d7f02cf7f837aa11c61d2adbd021328599c2b8a41981458678729724cc2ea86b6da1a7a603b6bdcffc02e2c79a8ff8336b7d71d" classname="com.github.traderjoe95.mls.protocol.tree.TreeKem" time="0.001"/>
  <testcase name="a new update path generated by the sender should be successfully processed" classname="com.github.traderjoe95.mls.protocol.tree.TreeKem" time="0.001"/>
  <testcase name="the update path should be parent-hash valid" classname="com.github.traderjoe95.mls.protocol.tree.TreeKem" time="0.0"/>
  <testcase name="the tree hash after merging the update path should be 435800274322d4b034abb291a2a2f66404781694bb1ccec964dd416134279b7c7b0a70e6c337783b522605e6d44068c85b0bcc7fe63f8a0840cd49a3e05da23b" classname="com.github.traderjoe95.mls.protocol.tree.TreeKem" time="0.0"/>
  <testcase name="the decrypted path secret should be 80171ba520013c13a710743e9f58a51cac54e2434f40a5fc35dc71bbd6828281817bc2184bde275f2ce31b07005890cb34920b8e76ffb3912f43eafa4bfd65e8" classname="com.github.traderjoe95.mls.protocol.tree.TreeKem" time="0.001"/>
  <testcase name="a new update path generated by the sender should be successfully processed" classname="com.github.traderjoe95.mls.protocol.tree.TreeKem" time="0.001"/>
  <testcase name="the update path should be parent-hash valid" classname="com.github.traderjoe95.mls.protocol.tree.TreeKem" time="0.001"/>
  <testcase name="the tree hash after merging the update path should be 435800274322d4b034abb291a2a2f66404781694bb1ccec964dd416134279b7c7b0a70e6c337783b522605e6d44068c85b0bcc7fe63f8a0840cd49a3e05da23b" classname="com.github.traderjoe95.mls.protocol.tree.TreeKem" time="0.0"/>
  <testcase name="the decrypted path secret should be 80171ba520013c13a710743e9f58a51cac54e2434f40a5fc35dc71bbd6828281817bc2184bde275f2ce31b07005890cb34920b8e76ffb3912f43eafa4bfd65e8" classname="com.github.traderjoe95.mls.protocol.tree.TreeKem" time="0.001"/>
  <testcase name="a new update path generated by the sender should be successfully processed" classname="com.github.traderjoe95.mls.protocol.tree.TreeKem" time="0.001"/>
  <testcase name="the update path should be parent-hash valid" classname="com.github.traderjoe95.mls.protocol.tree.TreeKem" time="0.0"/>
  <testcase name="the tree hash after merging the update path should be 435800274322d4b034abb291a2a2f66404781694bb1ccec964dd416134279b7c7b0a70e6c337783b522605e6d44068c85b0bcc7fe63f8a0840cd49a3e05da23b" classname="com.github.traderjoe95.mls.protocol.tree.TreeKem" time="0.0"/>
  <testcase name="the decrypted path secret should be 80171ba520013c13a710743e9f58a51cac54e2434f40a5fc35dc71bbd6828281817bc2184bde275f2ce31b07005890cb34920b8e76ffb3912f43eafa4bfd65e8" classname="com.github.traderjoe95.mls.protocol.tree.TreeKem" time="0.001"/>
  <testcase name="a new update path generated by the sender should be successfully processed" classname="com.github.traderjoe95.mls.protocol.tree.TreeKem" time="0.001"/>
  <testcase name="the update path should be parent-hash valid" classname="com.github.traderjoe95.mls.protocol.tree.TreeKem" time="0.001"/>
  <testcase name="the tree hash after merging the update path should be 435800274322d4b034abb291a2a2f66404781694bb1ccec964dd416134279b7c7b0a70e6c337783b522605e6d44068c85b0bcc7fe63f8a0840cd49a3e05da23b" classname="com.github.traderjoe95.mls.protocol.tree.TreeKem" time="0.0"/>
  <testcase name="the decrypted path secret should be 80171ba520013c13a710743e9f58a51cac54e2434f40a5fc35dc71bbd6828281817bc2184bde275f2ce31b07005890cb34920b8e76ffb3912f43eafa4bfd65e8" classname="com.github.traderjoe95.mls.protocol.tree.TreeKem" time="0.001"/>
  <testcase name="a new update path generated by the sender should be successfully processed" classname="com.github.traderjoe95.mls.protocol.tree.TreeKem" time="0.001"/>
  <testcase name="the update path should be parent-hash valid" classname="com.github.traderjoe95.mls.protocol.tree.TreeKem" time="0.0"/>
  <testcase name="the tree hash after merging the update path should be e13ca3083124442164607b18f35042e9ed3334cd120a6a71d9cb578ed8628ef695d3a2255429758c9e5c092d4f59ddbd5535fb5e315ed52f3ebf278b10ff0ee4" classname="com.github.traderjoe95.mls.protocol.tree.TreeKem" time="0.0"/>
  <testcase name="the decrypted path secret should be 02931f37396f7bcbf323e97782accf082cb746c17c3743976837848b01e28b85ec6657d80f4f593671b7b1496043e2b64e5b8440158eaab8b7541d62ecb6bcef" classname="com.github.traderjoe95.mls.protocol.tree.TreeKem" time="0.001"/>
  <testcase name="a new update path generated by the sender should be successfully processed" classname="com.github.traderjoe95.mls.protocol.tree.TreeKem" time="0.001"/>
  <testcase name="the update path should be parent-hash valid" classname="com.github.traderjoe95.mls.protocol.tree.TreeKem" time="0.001"/>
  <testcase name="the tree hash after merging the update path should be e13ca3083124442164607b18f35042e9ed3334cd120a6a71d9cb578ed8628ef695d3a2255429758c9e5c092d4f59ddbd5535fb5e315ed52f3ebf278b10ff0ee4" classname="com.github.traderjoe95.mls.protocol.tree.TreeKem" time="0.0"/>
  <testcase name="the decrypted path secret should be 22642e10b2195d9ae2e6125a04a43a4b3baddb83f8cd4fb1a94c5086cdbaa871467d93714b98421f9c2438814a16fd09625ac1aeafba96854f431ed3f9b46985" classname="com.github.traderjoe95.mls.protocol.tree.TreeKem" time="0.001"/>
  <testcase name="a new update path generated by the sender should be successfully processed" classname="com.github.traderjoe95.mls.protocol.tree.TreeKem" time="0.001"/>
  <testcase name="the update path should be parent-hash valid" classname="com.github.traderjoe95.mls.protocol.tree.TreeKem" time="0.0"/>
  <testcase name="the tree hash after merging the update path should be e13ca3083124442164607b18f35042e9ed3334cd120a6a71d9cb578ed8628ef695d3a2255429758c9e5c092d4f59ddbd5535fb5e315ed52f3ebf278b10ff0ee4" classname="com.github.traderjoe95.mls.protocol.tree.TreeKem" time="0.0"/>
  <testcase name="the decrypted path secret should be 22642e10b2195d9ae2e6125a04a43a4b3baddb83f8cd4fb1a94c5086cdbaa871467d93714b98421f9c2438814a16fd09625ac1aeafba96854f431ed3f9b46985" classname="com.github.traderjoe95.mls.protocol.tree.TreeKem" time="0.0"/>
  <testcase name="a new update path generated by the sender should be successfully processed" classname="com.github.traderjoe95.mls.protocol.tree.TreeKem" time="0.001"/>
  <testcase name="the update path should be parent-hash valid" classname="com.github.traderjoe95.mls.protocol.tree.TreeKem" time="0.0"/>
  <testcase name="the tree hash after merging the update path should be e13ca3083124442164607b18f35042e9ed3334cd120a6a71d9cb578ed8628ef695d3a2255429758c9e5c092d4f59ddbd5535fb5e315ed52f3ebf278b10ff0ee4" classname="com.github.traderjoe95.mls.protocol.tree.TreeKem" time="0.001"/>
  <testcase name="the decrypted path secret should be 444c384f152c1d092d3d9c16d3954898b2ac6961e1d710c1a0998d77fab8e570a04e890a39458f57c9a819fc02037e391c32c4b85f01ca6cd3323e795142486a" classname="com.github.traderjoe95.mls.protocol.tree.TreeKem" time="0.001"/>
  <testcase name="a new update path generated by the sender should be successfully processed" classname="com.github.traderjoe95.mls.protocol.tree.TreeKem" time="0.001"/>
  <testcase name="the update path should be parent-hash valid" classname="com.github.traderjoe95.mls.protocol.tree.TreeKem" time="0.0"/>
  <testcase name="the tree hash after merging the update path should be e13ca3083124442164607b18f35042e9ed3334cd120a6a71d9cb578ed8628ef695d3a2255429758c9e5c092d4f59ddbd5535fb5e315ed52f3ebf278b10ff0ee4" classname="com.github.traderjoe95.mls.protocol.tree.TreeKem" time="0.0"/>
  <testcase name="the decrypted path secret should be 444c384f152c1d092d3d9c16d3954898b2ac6961e1d710c1a0998d77fab8e570a04e890a39458f57c9a819fc02037e391c32c4b85f01ca6cd3323e795142486a" classname="com.github.traderjoe95.mls.protocol.tree.TreeKem" time="0.0"/>
  <testcase name="a new update path generated by the sender should be successfully processed" classname="com.github.traderjoe95.mls.protocol.tree.TreeKem" time="0.001"/>
  <testcase name="the update path should be parent-hash valid" classname="com.github.traderjoe95.mls.protocol.tree.TreeKem" time="0.001"/>
  <testcase name="the tree hash after merging the update path should be e13ca3083124442164607b18f35042e9ed3334cd120a6a71d9cb578ed8628ef695d3a2255429758c9e5c092d4f59ddbd5535fb5e315ed52f3ebf278b10ff0ee4" classname="com.github.traderjoe95.mls.protocol.tree.TreeKem" time="0.0"/>
  <testcase name="the decrypted path secret should be 444c384f152c1d092d3d9c16d3954898b2ac6961e1d710c1a0998d77fab8e570a04e890a39458f57c9a819fc02037e391c32c4b85f01ca6cd3323e795142486a" classname="com.github.traderjoe95.mls.protocol.tree.TreeKem" time="0.001"/>
  <testcase name="a new update path generated by the sender should be successfully processed" classname="com.github.traderjoe95.mls.protocol.tree.TreeKem" time="0.001"/>
  <testcase name="the update path should be parent-hash valid" classname="com.github.traderjoe95.mls.protocol.tree.TreeKem" time="0.001"/>
  <testcase name="the tree hash after merging the update path should be e13ca3083124442164607b18f35042e9ed3334cd120a6a71d9cb578ed8628ef695d3a2255429758c9e5c092d4f59ddbd5535fb5e315ed52f3ebf278b10ff0ee4" classname="com.github.traderjoe95.mls.protocol.tree.TreeKem" time="0.0"/>
  <testcase name="the decrypted path secret should be 444c384f152c1d092d3d9c16d3954898b2ac6961e1d710c1a0998d77fab8e570a04e890a39458f57c9a819fc02037e391c32c4b85f01ca6cd3323e795142486a" classname="com.github.traderjoe95.mls.protocol.tree.TreeKem" time="0.001"/>
  <testcase name="a new update path generated by the sender should be successfully processed" classname="com.github.traderjoe95.mls.protocol.tree.TreeKem" time="0.001"/>
  <testcase name="the update path should be parent-hash valid" classname="com.github.traderjoe95.mls.protocol.tree.TreeKem" time="0.001"/>
  <testcase name="the tree hash after merging the update path should be b96c652e6490c23b4848581bb9635d12209467bbe6a9d426cb03d4f8319b100bf403f93c1666d3743fba338256dd87e75adebfd5462a816a9976887ae55f220f" classname="com.github.traderjoe95.mls.protocol.tree.TreeKem" time="0.0"/>
  <testcase name="the decrypted path secret should be f991086111f752406ced96a6ce137dc30bc6c85e458a30520db5dd098051e1edd7228456b492c43861964fa4b57793a546cd5668e4ea031fbc307ab2fdf22523" classname="com.github.traderjoe95.mls.protocol.tree.TreeKem" time="0.001"/>
  <testcase name="a new update path generated by the sender should be successfully processed" classname="com.github.traderjoe95.mls.protocol.tree.TreeKem" time="0.001"/>
  <testcase name="the update path should be parent-hash valid" classname="com.github.traderjoe95.mls.protocol.tree.TreeKem" time="0.001"/>
  <testcase name="the tree hash after merging the update path should be b96c652e6490c23b4848581bb9635d12209467bbe6a9d426cb03d4f8319b100bf403f93c1666d3743fba338256dd87e75adebfd5462a816a9976887ae55f220f" classname="com.github.traderjoe95.mls.protocol.tree.TreeKem" time="0.001"/>
  <testcase name="the decrypted path secret should be f991086111f752406ced96a6ce137dc30bc6c85e458a30520db5dd098051e1edd7228456b492c43861964fa4b57793a546cd5668e4ea031fbc307ab2fdf22523" classname="com.github.traderjoe95.mls.protocol.tree.TreeKem" time="0.001"/>
  <testcase name="a new update path generated by the sender should be successfully processed" classname="com.github.traderjoe95.mls.protocol.tree.TreeKem" time="0.001"/>
  <testcase name="the update path should be parent-hash valid" classname="com.github.traderjoe95.mls.protocol.tree.TreeKem" time="0.0"/>
  <testcase name="the tree hash after merging the update path should be b96c652e6490c23b4848581bb9635d12209467bbe6a9d426cb03d4f8319b100bf403f93c1666d3743fba338256dd87e75adebfd5462a816a9976887ae55f220f" classname="com.github.traderjoe95.mls.protocol.tree.TreeKem" time="0.0"/>
  <testcase name="the decrypted path secret should be 78ad8bc01d9cdba1c80d2ba9be70e07d936e1270be27e1f004d9edb4d8033077d8c567c6a0d25c140a2797a8aa2d2e821b0f78354c701908dc37a112bfcd6b86" classname="com.github.traderjoe95.mls.protocol.tree.TreeKem" time="0.0"/>
  <testcase name="a new update path generated by the sender should be successfully processed" classname="com.github.traderjoe95.mls.protocol.tree.TreeKem" time="0.001"/>
  <testcase name="the update path should be parent-hash valid" classname="com.github.traderjoe95.mls.protocol.tree.TreeKem" time="0.0"/>
  <testcase name="the tree hash after merging the update path should be b96c652e6490c23b4848581bb9635d12209467bbe6a9d426cb03d4f8319b100bf403f93c1666d3743fba338256dd87e75adebfd5462a816a9976887ae55f220f" classname="com.github.traderjoe95.mls.protocol.tree.TreeKem" time="0.0"/>
  <testcase name="the decrypted path secret should be 971bf4bff2e562d56a4714880fdca3d1fdd9514ecd84c818bf32ad7aadbf48e986ffbbf39adbecfac3f8f4f6341bff1f3201e65451c3691f90e617869a4aa7d5" classname="com.github.traderjoe95.mls.protocol.tree.TreeKem" time="0.001"/>
  <testcase name="a new update path generated by the sender should be successfully processed" classname="com.github.traderjoe95.mls.protocol.tree.TreeKem" time="0.001"/>
  <testcase name="the update path should be parent-hash valid" classname="com.github.traderjoe95.mls.protocol.tree.TreeKem" time="0.0"/>
  <testcase name="the tree hash after merging the update path should be b96c652e6490c23b4848581bb9635d12209467bbe6a9d426cb03d4f8319b100bf403f93c1666d3743fba338256dd87e75adebfd5462a816a9976887ae55f220f" classname="com.github.traderjoe95.mls.protocol.tree.TreeKem" time="0.001"/>
  <testcase name="the decrypted path secret should be 971bf4bff2e562d56a4714880fdca3d1fdd9514ecd84c818bf32ad7aadbf48e986ffbbf39adbecfac3f8f4f6341bff1f3201e65451c3691f90e617869a4aa7d5" classname="com.github.traderjoe95.mls.protocol.tree.TreeKem" time="0.001"/>
  <testcase name="a new update path generated by the sender should be successfully processed" classname="com.github.traderjoe95.mls.protocol.tree.TreeKem" time="0.001"/>
  <testcase name="the update path should be parent-hash valid" classname="com.github.traderjoe95.mls.protocol.tree.TreeKem" time="0.0"/>
  <testcase name="the tree hash after merging the update path should be b96c652e6490c23b4848581bb9635d12209467bbe6a9d426cb03d4f8319b100bf403f93c1666d3743fba338256dd87e75adebfd5462a816a9976887ae55f220f" classname="com.github.traderjoe95.mls.protocol.tree.TreeKem" time="0.0"/>
  <testcase name="the decrypted path secret should be 971bf4bff2e562d56a4714880fdca3d1fdd9514ecd84c818bf32ad7aadbf48e986ffbbf39adbecfac3f8f4f6341bff1f3201e65451c3691f90e617869a4aa7d5" classname="com.github.traderjoe95.mls.protocol.tree.TreeKem" time="0.001"/>
  <testcase name="a new update path generated by the sender should be successfully processed" classname="com.github.traderjoe95.mls.protocol.tree.TreeKem" time="0.001"/>
  <testcase name="the update path should be parent-hash valid" classname="com.github.traderjoe95.mls.protocol.tree.TreeKem" time="0.0"/>
  <testcase name="the tree hash after merging the update path should be b96c652e6490c23b4848581bb9635d12209467bbe6a9d426cb03d4f8319b100bf403f93c1666d3743fba338256dd87e75adebfd5462a816a9976887ae55f220f" classname="com.github.traderjoe95.mls.protocol.tree.TreeKem" time="0.001"/>
  <testcase name="the decrypted path secret should be 971bf4bff2e562d56a4714880fdca3d1fdd9514ecd84c818bf32ad7aadbf48e986ffbbf39adbecfac3f8f4f6341bff1f3201e65451c3691f90e617869a4aa7d5" classname="com.github.traderjoe95.mls.protocol.tree.TreeKem" time="0.001"/>
  <testcase name="a new update path generated by the sender should be successfully processed" classname="com.github.traderjoe95.mls.protocol.tree.TreeKem" time="0.002"/>
  <testcase name="the update path should be parent-hash valid" classname="com.github.traderjoe95.mls.protocol.tree.TreeKem" time="0.0"/>
  <testcase name="the tree hash after merging the update path should be 88aa354deac70a9343cbbaff6df90a57d698b8c16d913efd602b3340946a8115c5b47844fd38cfb955b282a7de585ad9af22ab51843142e90f5e5c67cbca3301" classname="com.github.traderjoe95.mls.protocol.tree.TreeKem" time="0.0"/>
  <testcase name="the decrypted path secret should be deaaa15e8690b3cc31c9baf0c873d57ff87a1805759902112286237d43ae8e9150265f0af6febc3f9998f09681d4c8c0132f919dc9279fe52a8bd041d17a42d9" classname="com.github.traderjoe95.mls.protocol.tree.TreeKem" time="0.002"/>
  <testcase name="a new update path generated by the sender should be successfully processed" classname="com.github.traderjoe95.mls.protocol.tree.TreeKem" time="0.001"/>
  <testcase name="the update path should be parent-hash valid" classname="com.github.traderjoe95.mls.protocol.tree.TreeKem" time="0.0"/>
  <testcase name="the tree hash after merging the update path should be 88aa354deac70a9343cbbaff6df90a57d698b8c16d913efd602b3340946a8115c5b47844fd38cfb955b282a7de585ad9af22ab51843142e90f5e5c67cbca3301" classname="com.github.traderjoe95.mls.protocol.tree.TreeKem" time="0.0"/>
  <testcase name="the decrypted path secret should be deaaa15e8690b3cc31c9baf0c873d57ff87a1805759902112286237d43ae8e9150265f0af6febc3f9998f09681d4c8c0132f919dc9279fe52a8bd041d17a42d9" classname="com.github.traderjoe95.mls.protocol.tree.TreeKem" time="0.0"/>
  <testcase name="a new update path generated by the sender should be successfully processed" classname="com.github.traderjoe95.mls.protocol.tree.TreeKem" time="0.001"/>
  <testcase name="the update path should be parent-hash valid" classname="com.github.traderjoe95.mls.protocol.tree.TreeKem" time="0.0"/>
  <testcase name="the tree hash after merging the update path should be 88aa354deac70a9343cbbaff6df90a57d698b8c16d913efd602b3340946a8115c5b47844fd38cfb955b282a7de585ad9af22ab51843142e90f5e5c67cbca3301" classname="com.github.traderjoe95.mls.protocol.tree.TreeKem" time="0.0"/>
  <testcase name="the decrypted path secret should be ea3c4e2b6ecb5436bd18006439b20711894b1a8f81b102cd7a4e7fd49dd00301684ef241b5f4983288015e610ed488da529ae65dbdab7b64006a13dac8c2b83c" classname="com.github.traderjoe95.mls.protocol.tree.TreeKem" time="0.001"/>
  <testcase name="a new update path generated by the sender should be successfully processed" classname="com.github.traderjoe95.mls.protocol.tree.TreeKem" time="0.001"/>
  <testcase name="the update path should be parent-hash valid" classname="com.github.traderjoe95.mls.protocol.tree.TreeKem" time="0.0"/>
  <testcase name="the tree hash after merging the update path should be 88aa354deac70a9343cbbaff6df90a57d698b8c16d913efd602b3340946a8115c5b47844fd38cfb955b282a7de585ad9af22ab51843142e90f5e5c67cbca3301" classname="com.github.traderjoe95.mls.protocol.tree.TreeKem" time="0.0"/>
  <testcase name="the decrypted path secret should be e03f676c22ffcca256d6f3f3a038b672bd5631b03650ec9a2c445ebf9ae546d214f3c1ce9d2feb839107e492e06c501a8c0e98a4e8bb02e8ebb1662391d52d1d" classname="com.github.traderjoe95.mls.protocol.tree.TreeKem" time="0.0"/>
  <testcase name="a new update path generated by the sender should be successfully processed" classname="com.github.traderjoe95.mls.protocol.tree.TreeKem" time="0.001"/>
  <testcase name="the update path should be parent-hash valid" classname="com.github.traderjoe95.mls.protocol.tree.TreeKem" time="0.0"/>
  <testcase name="the tree hash after merging the update path should be 88aa354deac70a9343cbbaff6df90a57d698b8c16d913efd602b3340946a8115c5b47844fd38cfb955b282a7de585ad9af22ab51843142e90f5e5c67cbca3301" classname="com.github.traderjoe95.mls.protocol.tree.TreeKem" time="0.001"/>
  <testcase name="the decrypted path secret should be e03f676c22ffcca256d6f3f3a038b672bd5631b03650ec9a2c445ebf9ae546d214f3c1ce9d2feb839107e492e06c501a8c0e98a4e8bb02e8ebb1662391d52d1d" classname="com.github.traderjoe95.mls.protocol.tree.TreeKem" time="0.001"/>
  <testcase name="a new update path generated by the sender should be successfully processed" classname="com.github.traderjoe95.mls.protocol.tree.TreeKem" time="0.001"/>
  <testcase name="the update path should be parent-hash valid" classname="com.github.traderjoe95.mls.protocol.tree.TreeKem" time="0.0"/>
  <testcase name="the tree hash after merging the update path should be 88aa354deac70a9343cbbaff6df90a57d698b8c16d913efd602b3340946a8115c5b47844fd38cfb955b282a7de585ad9af22ab51843142e90f5e5c67cbca3301" classname="com.github.traderjoe95.mls.protocol.tree.TreeKem" time="0.0"/>
  <testcase name="the decrypted path secret should be e03f676c22ffcca256d6f3f3a038b672bd5631b03650ec9a2c445ebf9ae546d214f3c1ce9d2feb839107e492e06c501a8c0e98a4e8bb02e8ebb1662391d52d1d" classname="com.github.traderjoe95.mls.protocol.tree.TreeKem" time="0.001"/>
  <testcase name="a new update path generated by the sender should be successfully processed" classname="com.github.traderjoe95.mls.protocol.tree.TreeKem" time="0.001"/>
  <testcase name="the update path should be parent-hash valid" classname="com.github.traderjoe95.mls.protocol.tree.TreeKem" time="0.0"/>
  <testcase name="the tree hash after merging the update path should be 88aa354deac70a9343cbbaff6df90a57d698b8c16d913efd602b3340946a8115c5b47844fd38cfb955b282a7de585ad9af22ab51843142e90f5e5c67cbca3301" classname="com.github.traderjoe95.mls.protocol.tree.TreeKem" time="0.001"/>
  <testcase name="the decrypted path secret should be e03f676c22ffcca256d6f3f3a038b672bd5631b03650ec9a2c445ebf9ae546d214f3c1ce9d2feb839107e492e06c501a8c0e98a4e8bb02e8ebb1662391d52d1d" classname="com.github.traderjoe95.mls.protocol.tree.TreeKem" time="0.001"/>
  <testcase name="a new update path generated by the sender should be successfully processed" classname="com.github.traderjoe95.mls.protocol.tree.TreeKem" time="0.001"/>
  <testcase name="the update path should be parent-hash valid" classname="com.github.traderjoe95.mls.protocol.tree.TreeKem" time="0.0"/>
  <testcase name="the tree hash after merging the update path should be c5c128b119d41c757ac93db79bb2a9a020d7d42566efafe7587ef42d2fe11b1a530a866351432ddce905256d617602d1346de319c2fdbbabb1d5796632f74882" classname="com.github.traderjoe95.mls.protocol.tree.TreeKem" time="0.0"/>
  <testcase name="the decrypted path secret should be d6103a729d7af9156bc635e4a3a102e66fb0e6e7ac9d7a646de0cda975052348733e1d5e513eba3d2e3cb90208d428e906f012c13df512fda5e11a9f3e53f2dd" classname="com.github.traderjoe95.mls.protocol.tree.TreeKem" time="0.0"/>
  <testcase name="a new update path generated by the sender should be successfully processed" classname="com.github.traderjoe95.mls.protocol.tree.TreeKem" time="0.001"/>
  <testcase name="the update path should be parent-hash valid" classname="com.github.traderjoe95.mls.protocol.tree.TreeKem" time="0.0"/>
  <testcase name="the tree hash after merging the update path should be c5c128b119d41c757ac93db79bb2a9a020d7d42566efafe7587ef42d2fe11b1a530a866351432ddce905256d617602d1346de319c2fdbbabb1d5796632f74882" classname="com.github.traderjoe95.mls.protocol.tree.TreeKem" time="0.001"/>
  <testcase name="the decrypted path secret should be d6103a729d7af9156bc635e4a3a102e66fb0e6e7ac9d7a646de0cda975052348733e1d5e513eba3d2e3cb90208d428e906f012c13df512fda5e11a9f3e53f2dd" classname="com.github.traderjoe95.mls.protocol.tree.TreeKem" time="0.001"/>
  <testcase name="a new update path generated by the sender should be successfully processed" classname="com.github.traderjoe95.mls.protocol.tree.TreeKem" time="0.001"/>
  <testcase name="the update path should be parent-hash valid" classname="com.github.traderjoe95.mls.protocol.tree.TreeKem" time="0.001"/>
  <testcase name="the tree hash after merging the update path should be c5c128b119d41c757ac93db79bb2a9a020d7d42566efafe7587ef42d2fe11b1a530a866351432ddce905256d617602d1346de319c2fdbbabb1d5796632f74882" classname="com.github.traderjoe95.mls.protocol.tree.TreeKem" time="0.0"/>
  <testcase name="the decrypted path secret should be d6103a729d7af9156bc635e4a3a102e66fb0e6e7ac9d7a646de0cda975052348733e1d5e513eba3d2e3cb90208d428e906f012c13df512fda5e11a9f3e53f2dd" classname="com.github.traderjoe95.mls.protocol.tree.TreeKem" time="0.001"/>
  <testcase name="a new update path generated by the sender should be successfully processed" classname="com.github.traderjoe95.mls.protocol.tree.TreeKem" time="0.001"/>
  <testcase name="the update path should be parent-hash valid" classname="com.github.traderjoe95.mls.protocol.tree.TreeKem" time="0.0"/>
  <testcase name="the tree hash after merging the update path should be c5c128b119d41c757ac93db79bb2a9a020d7d42566efafe7587ef42d2fe11b1a530a866351432ddce905256d617602d1346de319c2fdbbabb1d5796632f74882" classname="com.github.traderjoe95.mls.protocol.tree.TreeKem" time="0.0"/>
  <testcase name="the decrypted path secret should be d6103a729d7af9156bc635e4a3a102e66fb0e6e7ac9d7a646de0cda975052348733e1d5e513eba3d2e3cb90208d428e906f012c13df512fda5e11a9f3e53f2dd" classname="com.github.traderjoe95.mls.protocol.tree.TreeKem" time="0.0"/>
  <testcase name="a new update path generated by the sender should be successfully processed" classname="com.github.traderjoe95.mls.protocol.tree.TreeKem" time="0.001"/>
  <testcase name="the update path should be parent-hash valid" classname="com.github.traderjoe95.mls.protocol.tree.TreeKem" time="0.0"/>
  <testcase name="the tree hash after merging the update path should be c5c128b119d41c757ac93db79bb2a9a020d7d42566efafe7587ef42d2fe11b1a530a866351432ddce905256d617602d1346de319c2fdbbabb1d5796632f74882" classname="com.github.traderjoe95.mls.protocol.tree.TreeKem" time="0.001"/>
  <testcase name="the decrypted path secret should be d3eb43026f07ebbdfcbbddbd3f12061be0821e3c3ebd6eaff7fbda97fd639d32c99690e98c5b3c66c02d62a78ce962b21d732f6b6c7cc27590115a2984c4d379" classname="com.github.traderjoe95.mls.protocol.tree.TreeKem" time="0.001"/>
  <testcase name="a new update path generated by the sender should be successfully processed" classname="com.github.traderjoe95.mls.protocol.tree.TreeKem" time="0.001"/>
  <testcase name="the update path should be parent-hash valid" classname="com.github.traderjoe95.mls.protocol.tree.TreeKem" time="0.0"/>
  <testcase name="the tree hash after merging the update path should be c5c128b119d41c757ac93db79bb2a9a020d7d42566efafe7587ef42d2fe11b1a530a866351432ddce905256d617602d1346de319c2fdbbabb1d5796632f74882" classname="com.github.traderjoe95.mls.protocol.tree.TreeKem" time="0.001"/>
  <testcase name="the decrypted path secret should be 8873af2e1a8ec8cd936ed38258cb69dd29d510bda2b49c57d76f12943bf08f0dda56db4f5672f87a65f6f1957cabed4338f5cbbf98cade4c6d8dc280decb22ab" classname="com.github.traderjoe95.mls.protocol.tree.TreeKem" time="0.001"/>
  <testcase name="a new update path generated by the sender should be successfully processed" classname="com.github.traderjoe95.mls.protocol.tree.TreeKem" time="0.001"/>
  <testcase name="the update path should be parent-hash valid" classname="com.github.traderjoe95.mls.protocol.tree.TreeKem" time="0.0"/>
  <testcase name="the tree hash after merging the update path should be c5c128b119d41c757ac93db79bb2a9a020d7d42566efafe7587ef42d2fe11b1a530a866351432ddce905256d617602d1346de319c2fdbbabb1d5796632f74882" classname="com.github.traderjoe95.mls.protocol.tree.TreeKem" time="0.0"/>
  <testcase name="the decrypted path secret should be 8873af2e1a8ec8cd936ed38258cb69dd29d510bda2b49c57d76f12943bf08f0dda56db4f5672f87a65f6f1957cabed4338f5cbbf98cade4c6d8dc280decb22ab" classname="com.github.traderjoe95.mls.protocol.tree.TreeKem" time="0.001"/>
  <testcase name="a new update path generated by the sender should be successfully processed" classname="com.github.traderjoe95.mls.protocol.tree.TreeKem" time="0.001"/>
  <testcase name="the update path should be parent-hash valid" classname="com.github.traderjoe95.mls.protocol.tree.TreeKem" time="0.0"/>
  <testcase name="the tree hash after merging the update path should be 3b962de6ee1eb3751f01a703d19cd4585e246d07f0707e587a3b6b300284129afbb64625bf9aaca038b8e0f504904ad426b069130bf426ec1382512a79c8ae6e" classname="com.github.traderjoe95.mls.protocol.tree.TreeKem" time="0.0"/>
  <testcase name="the decrypted path secret should be a2e511a42906b1220daa3b2ce4fc64d876fbb2324be4b7eab3db0e42d197efaacba748e43abf934fb38ab841d968296aed4772bdd90bceea5f2f7c89c2f4e2cf" classname="com.github.traderjoe95.mls.protocol.tree.TreeKem" time="0.0"/>
  <testcase name="a new update path generated by the sender should be successfully processed" classname="com.github.traderjoe95.mls.protocol.tree.TreeKem" time="0.001"/>
  <testcase name="the update path should be parent-hash valid" classname="com.github.traderjoe95.mls.protocol.tree.TreeKem" time="0.0"/>
  <testcase name="the tree hash after merging the update path should be 3b962de6ee1eb3751f01a703d19cd4585e246d07f0707e587a3b6b300284129afbb64625bf9aaca038b8e0f504904ad426b069130bf426ec1382512a79c8ae6e" classname="com.github.traderjoe95.mls.protocol.tree.TreeKem" time="0.0"/>
  <testcase name="the decrypted path secret should be a2e511a42906b1220daa3b2ce4fc64d876fbb2324be4b7eab3db0e42d197efaacba748e43abf934fb38ab841d968296aed4772bdd90bceea5f2f7c89c2f4e2cf" classname="com.github.traderjoe95.mls.protocol.tree.TreeKem" time="0.001"/>
  <testcase name="a new update path generated by the sender should be successfully processed" classname="com.github.traderjoe95.mls.protocol.tree.TreeKem" time="0.001"/>
  <testcase name="the update path should be parent-hash valid" classname="com.github.traderjoe95.mls.protocol.tree.TreeKem" time="0.0"/>
  <testcase name="the tree hash after merging the update path should be 3b962de6ee1eb3751f01a703d19cd4585e246d07f0707e587a3b6b300284129afbb64625bf9aaca038b8e0f504904ad426b069130bf426ec1382512a79c8ae6e" classname="com.github.traderjoe95.mls.protocol.tree.TreeKem" time="0.0"/>
  <testcase name="the decrypted path secret should be a2e511a42906b1220daa3b2ce4fc64d876fbb2324be4b7eab3db0e42d197efaacba748e43abf934fb38ab841d968296aed4772bdd90bceea5f2f7c89c2f4e2cf" classname="com.github.traderjoe95.mls.protocol.tree.TreeKem" time="0.001"/>
  <testcase name="a new update path generated by the sender should be successfully processed" classname="com.github.traderjoe95.mls.protocol.tree.TreeKem" time="0.001"/>
  <testcase name="the update path should be parent-hash valid" classname="com.github.traderjoe95.mls.protocol.tree.TreeKem" time="0.001"/>
  <testcase name="the tree hash after merging the update path should be 3b962de6ee1eb3751f01a703d19cd4585e246d07f0707e587a3b6b300284129afbb64625bf9aaca038b8e0f504904ad426b069130bf426ec1382512a79c8ae6e" classname="com.github.traderjoe95.mls.protocol.tree.TreeKem" time="0.0"/>
  <testcase name="the decrypted path secret should be a2e511a42906b1220daa3b2ce4fc64d876fbb2324be4b7eab3db0e42d197efaacba748e43abf934fb38ab841d968296aed4772bdd90bceea5f2f7c89c2f4e2cf" classname="com.github.traderjoe95.mls.protocol.tree.TreeKem" time="0.0"/>
  <testcase name="a new update path generated by the sender should be successfully processed" classname="com.github.traderjoe95.mls.protocol.tree.TreeKem" time="0.001"/>
  <testcase name="the update path should be parent-hash valid" classname="com.github.traderjoe95.mls.protocol.tree.TreeKem" time="0.0"/>
  <testcase name="the tree hash after merging the update path should be 3b962de6ee1eb3751f01a703d19cd4585e246d07f0707e587a3b6b300284129afbb64625bf9aaca038b8e0f504904ad426b069130bf426ec1382512a79c8ae6e" classname="com.github.traderjoe95.mls.protocol.tree.TreeKem" time="0.0"/>
  <testcase name="the decrypted path secret should be fa2e74cc789c005b05b6219f29886b7536dcf64ee80eb9901402a8b365d5dc9a4b51a973a2bedd4f6e0106799017a978830504aef7da2b153ba386764b430e8b" classname="com.github.traderjoe95.mls.protocol.tree.TreeKem" time="0.0"/>
  <testcase name="a new update path generated by the sender should be successfully processed" classname="com.github.traderjoe95.mls.protocol.tree.TreeKem" time="0.001"/>
  <testcase name="the update path should be parent-hash valid" classname="com.github.traderjoe95.mls.protocol.tree.TreeKem" time="0.001"/>
  <testcase name="the tree hash after merging the update path should be 3b962de6ee1eb3751f01a703d19cd4585e246d07f0707e587a3b6b300284129afbb64625bf9aaca038b8e0f504904ad426b069130bf426ec1382512a79c8ae6e" classname="com.github.traderjoe95.mls.protocol.tree.TreeKem" time="0.0"/>
  <testcase name="the decrypted path secret should be 31bcb9da845fa770b42628aa5896cad572a36ec5d837420a3b71a83c0e4aafc3dd20d128deeede9d70202cb245e234c806fafab656bad5cb4731ae064e73eb2a" classname="com.github.traderjoe95.mls.protocol.tree.TreeKem" time="0.001"/>
  <testcase name="a new update path generated by the sender should be successfully processed" classname="com.github.traderjoe95.mls.protocol.tree.TreeKem" time="0.001"/>
  <testcase name="the update path should be parent-hash valid" classname="com.github.traderjoe95.mls.protocol.tree.TreeKem" time="0.0"/>
  <testcase name="the tree hash after merging the update path should be 3b962de6ee1eb3751f01a703d19cd4585e246d07f0707e587a3b6b300284129afbb64625bf9aaca038b8e0f504904ad426b069130bf426ec1382512a79c8ae6e" classname="com.github.traderjoe95.mls.protocol.tree.TreeKem" time="0.0"/>
  <testcase name="the decrypted path secret should be 31bcb9da845fa770b42628aa5896cad572a36ec5d837420a3b71a83c0e4aafc3dd20d128deeede9d70202cb245e234c806fafab656bad5cb4731ae064e73eb2a" classname="com.github.traderjoe95.mls.protocol.tree.TreeKem" time="0.0"/>
  <testcase name="a new update path generated by the sender should be successfully processed" classname="com.github.traderjoe95.mls.protocol.tree.TreeKem" time="0.001"/>
  <testcase name="the update path should be parent-hash valid" classname="com.github.traderjoe95.mls.protocol.tree.TreeKem" time="0.0"/>
  <testcase name="the tree hash after merging the update path should be ecdaa17b9a5b7fef866265538875ef9085d2c0c54a565bb609a629a70a2e078c78e7903b5194546dbd793f5cdc9181a9270cf171b1378c06d8bc7f14adccf7df" classname="com.github.traderjoe95.mls.protocol.tree.TreeKem" time="0.001"/>
  <testcase name="the decrypted path secret should be fc69414e5356e0123699d323e157d39e92ae3a2526b59fb1f3813289c17933f2b9d6ac395237ceeffd7dcf4199da7962fe0d3e859145ce708e8f5c48b42abe2e" classname="com.github.traderjoe95.mls.protocol.tree.TreeKem" time="0.001"/>
  <testcase name="a new update path generated by the sender should be successfully processed" classname="com.github.traderjoe95.mls.protocol.tree.TreeKem" time="0.001"/>
  <testcase name="the update path should be parent-hash valid" classname="com.github.traderjoe95.mls.protocol.tree.TreeKem" time="0.001"/>
  <testcase name="the tree hash after merging the update path should be ecdaa17b9a5b7fef866265538875ef9085d2c0c54a565bb609a629a70a2e078c78e7903b5194546dbd793f5cdc9181a9270cf171b1378c06d8bc7f14adccf7df" classname="com.github.traderjoe95.mls.protocol.tree.TreeKem" time="0.001"/>
  <testcase name="the decrypted path secret should be fc69414e5356e0123699d323e157d39e92ae3a2526b59fb1f3813289c17933f2b9d6ac395237ceeffd7dcf4199da7962fe0d3e859145ce708e8f5c48b42abe2e" classname="com.github.traderjoe95.mls.protocol.tree.TreeKem" time="0.001"/>
  <testcase name="a new update path generated by the sender should be successfully processed" classname="com.github.traderjoe95.mls.protocol.tree.TreeKem" time="0.001"/>
  <testcase name="the update path should be parent-hash valid" classname="com.github.traderjoe95.mls.protocol.tree.TreeKem" time="0.0"/>
  <testcase name="the tree hash after merging the update path should be ecdaa17b9a5b7fef866265538875ef9085d2c0c54a565bb609a629a70a2e078c78e7903b5194546dbd793f5cdc9181a9270cf171b1378c06d8bc7f14adccf7df" classname="com.github.traderjoe95.mls.protocol.tree.TreeKem" time="0.0"/>
  <testcase name="the decrypted path secret should be fc69414e5356e0123699d323e157d39e92ae3a2526b59fb1f3813289c17933f2b9d6ac395237ceeffd7dcf4199da7962fe0d3e859145ce708e8f5c48b42abe2e" classname="com.github.traderjoe95.mls.protocol.tree.TreeKem" time="0.001"/>
  <testcase name="a new update path generated by the sender should be successfully processed" classname="com.github.traderjoe95.mls.protocol.tree.TreeKem" time="0.002"/>
  <testcase name="the update path should be parent-hash valid" classname="com.github.traderjoe95.mls.protocol.tree.TreeKem" time="0.0"/>
  <testcase name="the tree hash after merging the update path should be ecdaa17b9a5b7fef866265538875ef9085d2c0c54a565bb609a629a70a2e078c78e7903b5194546dbd793f5cdc9181a9270cf171b1378c06d8bc7f14adccf7df" classname="com.github.traderjoe95.mls.protocol.tree.TreeKem" time="0.0"/>
  <testcase name="the decrypted path secret should be fc69414e5356e0123699d323e157d39e92ae3a2526b59fb1f3813289c17933f2b9d6ac395237ceeffd7dcf4199da7962fe0d3e859145ce708e8f5c48b42abe2e" classname="com.github.traderjoe95.mls.protocol.tree.TreeKem" time="0.001"/>
  <testcase name="a new update path generated by the sender should be successfully processed" classname="com.github.traderjoe95.mls.protocol.tree.TreeKem" time="0.001"/>
  <testcase name="the update path should be parent-hash valid" classname="com.github.traderjoe95.mls.protocol.tree.TreeKem" time="0.0"/>
  <testcase name="the tree hash after merging the update path should be ecdaa17b9a5b7fef866265538875ef9085d2c0c54a565bb609a629a70a2e078c78e7903b5194546dbd793f5cdc9181a9270cf171b1378c06d8bc7f14adccf7df" classname="com.github.traderjoe95.mls.protocol.tree.TreeKem" time="0.0"/>
  <testcase name="the decrypted path secret should be 070c626da97401a8b03912d5a543d80ff063ce10281220a5c2b2b2caac4879d1dceda12771e8f6f1e10e99d935a2d9478bbc4076f89526a7f2727edf02a7de5b" classname="com.github.traderjoe95.mls.protocol.tree.TreeKem" time="0.001"/>
  <testcase name="a new update path generated by the sender should be successfully processed" classname="com.github.traderjoe95.mls.protocol.tree.TreeKem" time="0.001"/>
  <testcase name="the update path should be parent-hash valid" classname="com.github.traderjoe95.mls.protocol.tree.TreeKem" time="0.0"/>
  <testcase name="the tree hash after merging the update path should be ecdaa17b9a5b7fef866265538875ef9085d2c0c54a565bb609a629a70a2e078c78e7903b5194546dbd793f5cdc9181a9270cf171b1378c06d8bc7f14adccf7df" classname="com.github.traderjoe95.mls.protocol.tree.TreeKem" time="0.0"/>
  <testcase name="the decrypted path secret should be 070c626da97401a8b03912d5a543d80ff063ce10281220a5c2b2b2caac4879d1dceda12771e8f6f1e10e99d935a2d9478bbc4076f89526a7f2727edf02a7de5b" classname="com.github.traderjoe95.mls.protocol.tree.TreeKem" time="0.001"/>
  <testcase name="a new update path generated by the sender should be successfully processed" classname="com.github.traderjoe95.mls.protocol.tree.TreeKem" time="0.001"/>
  <testcase name="the update path should be parent-hash valid" classname="com.github.traderjoe95.mls.protocol.tree.TreeKem" time="0.0"/>
  <testcase name="the tree hash after merging the update path should be ecdaa17b9a5b7fef866265538875ef9085d2c0c54a565bb609a629a70a2e078c78e7903b5194546dbd793f5cdc9181a9270cf171b1378c06d8bc7f14adccf7df" classname="com.github.traderjoe95.mls.protocol.tree.TreeKem" time="0.0"/>
  <testcase name="the decrypted path secret should be 929dfc7ab8ff8638f74997388baa7a7d706b45a1f1a11d019b9d0cdfe2606c269278159915af90e89f2d4aea781d0a1edd401d88324c7efc7a5bd6931a508f25" classname="com.github.traderjoe95.mls.protocol.tree.TreeKem" time="0.001"/>
  <testcase name="a new update path generated by the sender should be successfully processed" classname="com.github.traderjoe95.mls.protocol.tree.TreeKem" time="0.001"/>
  <testcase name="the update path should be parent-hash valid" classname="com.github.traderjoe95.mls.protocol.tree.TreeKem" time="0.0"/>
  <testcase name="the tree hash after merging the update path should be d95f9995dabcb8998157aadb41ce09d113b6d05a498f6725cedc830c04f40f4bc8bf1114510cf8cfd8e4e2fef534ddd6c16ce4457aea80907ab3f6ae4374c09d" classname="com.github.traderjoe95.mls.protocol.tree.TreeKem" time="0.0"/>
  <testcase name="the decrypted path secret should be 2e706dded6c740a0ab124c45c56b36a93509b1d1ba1096f91fe2b188ea56bdf6751138c15b1b93dc522d9774839305b41c142cc67f58ba3d1f9368d49fb9df95" classname="com.github.traderjoe95.mls.protocol.tree.TreeKem" time="0.001"/>
  <testcase name="a new update path generated by the sender should be successfully processed" classname="com.github.traderjoe95.mls.protocol.tree.TreeKem" time="0.002"/>
  <testcase name="the update path should be parent-hash valid" classname="com.github.traderjoe95.mls.protocol.tree.TreeKem" time="0.0"/>
  <testcase name="the tree hash after merging the update path should be d95f9995dabcb8998157aadb41ce09d113b6d05a498f6725cedc830c04f40f4bc8bf1114510cf8cfd8e4e2fef534ddd6c16ce4457aea80907ab3f6ae4374c09d" classname="com.github.traderjoe95.mls.protocol.tree.TreeKem" time="0.001"/>
  <testcase name="the decrypted path secret should be 2e706dded6c740a0ab124c45c56b36a93509b1d1ba1096f91fe2b188ea56bdf6751138c15b1b93dc522d9774839305b41c142cc67f58ba3d1f9368d49fb9df95" classname="com.github.traderjoe95.mls.protocol.tree.TreeKem" time="0.001"/>
  <testcase name="a new update path generated by the sender should be successfully processed" classname="com.github.traderjoe95.mls.protocol.tree.TreeKem" time="0.001"/>
  <testcase name="the update path should be parent-hash valid" classname="com.github.traderjoe95.mls.protocol.tree.TreeKem" time="0.0"/>
  <testcase name="the tree hash after merging the update path should be d95f9995dabcb8998157aadb41ce09d113b6d05a498f6725cedc830c04f40f4bc8bf1114510cf8cfd8e4e2fef534ddd6c16ce4457aea80907ab3f6ae4374c09d" classname="com.github.traderjoe95.mls.protocol.tree.TreeKem" time="0.0"/>
  <testcase name="the decrypted path secret should be 2e706dded6c740a0ab124c45c56b36a93509b1d1ba1096f91fe2b188ea56bdf6751138c15b1b93dc522d9774839305b41c142cc67f58ba3d1f9368d49fb9df95" classname="com.github.traderjoe95.mls.protocol.tree.TreeKem" time="0.001"/>
  <testcase name="a new update path generated by the sender should be successfully processed" classname="com.github.traderjoe95.mls.protocol.tree.TreeKem" time="0.001"/>
  <testcase name="the update path should be parent-hash valid" classname="com.github.traderjoe95.mls.protocol.tree.TreeKem" time="0.0"/>
  <testcase name="the tree hash after merging the update path should be d95f9995dabcb8998157aadb41ce09d113b6d05a498f6725cedc830c04f40f4bc8bf1114510cf8cfd8e4e2fef534ddd6c16ce4457aea80907ab3f6ae4374c09d" classname="com.github.traderjoe95.mls.protocol.tree.TreeKem" time="0.0"/>
  <testcase name="the decrypted path secret should be 2e706dded6c740a0ab124c45c56b36a93509b1d1ba1096f91fe2b188ea56bdf6751138c15b1b93dc522d9774839305b41c142cc67f58ba3d1f9368d49fb9df95" classname="com.github.traderjoe95.mls.protocol.tree.TreeKem" time="0.001"/>
  <testcase name="a new update path generated by the sender should be successfully processed" classname="com.github.traderjoe95.mls.protocol.tree.TreeKem" time="0.001"/>
  <testcase name="the update path should be parent-hash valid" classname="com.github.traderjoe95.mls.protocol.tree.TreeKem" time="0.0"/>
  <testcase name="the tree hash after merging the update path should be d95f9995dabcb8998157aadb41ce09d113b6d05a498f6725cedc830c04f40f4bc8bf1114510cf8cfd8e4e2fef534ddd6c16ce4457aea80907ab3f6ae4374c09d" classname="com.github.traderjoe95.mls.protocol.tree.TreeKem" time="0.0"/>
  <testcase name="the decrypted path secret should be 021be6214bb2546cac01533912c4320ce982c6c680014370466f2244b7d6727c40ff54aecf4c52eab4ca3975cae3fea54c7a261c371f7e38605855975e554187" classname="com.github.traderjoe95.mls.protocol.tree.TreeKem" time="0.001"/>
  <testcase name="a new update path generated by the sender should be successfully processed" classname="com.github.traderjoe95.mls.protocol.tree.TreeKem" time="0.001"/>
  <testcase name="the update path should be parent-hash valid" classname="com.github.traderjoe95.mls.protocol.tree.TreeKem" time="0.001"/>
  <testcase name="the tree hash after merging the update path should be d95f9995dabcb8998157aadb41ce09d113b6d05a498f6725cedc830c04f40f4bc8bf1114510cf8cfd8e4e2fef534ddd6c16ce4457aea80907ab3f6ae4374c09d" classname="com.github.traderjoe95.mls.protocol.tree.TreeKem" time="0.001"/>
  <testcase name="the decrypted path secret should be 021be6214bb2546cac01533912c4320ce982c6c680014370466f2244b7d6727c40ff54aecf4c52eab4ca3975cae3fea54c7a261c371f7e38605855975e554187" classname="com.github.traderjoe95.mls.protocol.tree.TreeKem" time="0.001"/>
  <testcase name="a new update path generated by the sender should be successfully processed" classname="com.github.traderjoe95.mls.protocol.tree.TreeKem" time="0.001"/>
  <testcase name="the update path should be parent-hash valid" classname="com.github.traderjoe95.mls.protocol.tree.TreeKem" time="0.001"/>
  <testcase name="the tree hash after merging the update path should be d95f9995dabcb8998157aadb41ce09d113b6d05a498f6725cedc830c04f40f4bc8bf1114510cf8cfd8e4e2fef534ddd6c16ce4457aea80907ab3f6ae4374c09d" classname="com.github.traderjoe95.mls.protocol.tree.TreeKem" time="0.0"/>
  <testcase name="the decrypted path secret should be 8a545e3ff778c03541b5abade0c29c13a54a0e471f96745b88976004239c9c5470b6485d49e9072455e0ba8876c16ec7c8689e0a4191b9ce96e386285a42afc8" classname="com.github.traderjoe95.mls.protocol.tree.TreeKem" time="0.001"/>
  <testcase name="a new update path generated by the sender should be successfully processed" classname="com.github.traderjoe95.mls.protocol.tree.TreeKem" time="0.001"/>
  <testcase name="non-blank leaf 0 should be consistent with the public state" classname="com.github.traderjoe95.mls.protocol.tree.TreeKem" time="0.002"/>
  <testcase name="non-blank leaf 1 should be consistent with the public state" classname="com.github.traderjoe95.mls.protocol.tree.TreeKem" time="0.003"/>
  <testcase name="non-blank leaf 2 should be consistent with the public state" classname="com.github.traderjoe95.mls.protocol.tree.TreeKem" time="0.001"/>
  <testcase name="non-blank leaf 3 should be consistent with the public state" classname="com.github.traderjoe95.mls.protocol.tree.TreeKem" time="0.002"/>
  <testcase name="non-blank leaf 4 should be consistent with the public state" classname="com.github.traderjoe95.mls.protocol.tree.TreeKem" time="0.002"/>
  <testcase name="non-blank leaf 5 should be consistent with the public state" classname="com.github.traderjoe95.mls.protocol.tree.TreeKem" time="0.001"/>
  <testcase name="non-blank leaf 6 should be consistent with the public state" classname="com.github.traderjoe95.mls.protocol.tree.TreeKem" time="0.001"/>
  <testcase name="the update path should be parent-hash valid" classname="com.github.traderjoe95.mls.protocol.tree.TreeKem" time="0.001"/>
  <testcase name="the tree hash after merging the update path should be f61a7615964792593db43212282ebbfb12f3cd323e5c604b48c42e33264b33c3b3436fa0f9f49be62b9ebdabda9efb74a68ebd91d7f22070f724bcded76c4923" classname="com.github.traderjoe95.mls.protocol.tree.TreeKem" time="0.001"/>
  <testcase name="the decrypted path secret should be 1d25243acaf5958a18425b4ccc898679204631170b2131353e00ac14f0179b238122c7180ab99d6a6dfd1bb685c6cb9c4a1894b0534b4d0c52fcb1c3ad678148" classname="com.github.traderjoe95.mls.protocol.tree.TreeKem" time="0.001"/>
  <testcase name="a new update path generated by the sender should be successfully processed" classname="com.github.traderjoe95.mls.protocol.tree.TreeKem" time="0.001"/>
  <testcase name="the update path should be parent-hash valid" classname="com.github.traderjoe95.mls.protocol.tree.TreeKem" time="0.0"/>
  <testcase name="the tree hash after merging the update path should be f61a7615964792593db43212282ebbfb12f3cd323e5c604b48c42e33264b33c3b3436fa0f9f49be62b9ebdabda9efb74a68ebd91d7f22070f724bcded76c4923" classname="com.github.traderjoe95.mls.protocol.tree.TreeKem" time="0.0"/>
  <testcase name="the decrypted path secret should be 34c26ec513691ca0b1e11c786d7f02cf7f837aa11c61d2adbd021328599c2b8a41981458678729724cc2ea86b6da1a7a603b6bdcffc02e2c79a8ff8336b7d71d" classname="com.github.traderjoe95.mls.protocol.tree.TreeKem" time="0.001"/>
  <testcase name="a new update path generated by the sender should be successfully processed" classname="com.github.traderjoe95.mls.protocol.tree.TreeKem" time="0.002"/>
  <testcase name="the update path should be parent-hash valid" classname="com.github.traderjoe95.mls.protocol.tree.TreeKem" time="0.001"/>
  <testcase name="the tree hash after merging the update path should be f61a7615964792593db43212282ebbfb12f3cd323e5c604b48c42e33264b33c3b3436fa0f9f49be62b9ebdabda9efb74a68ebd91d7f22070f724bcded76c4923" classname="com.github.traderjoe95.mls.protocol.tree.TreeKem" time="0.001"/>
  <testcase name="the decrypted path secret should be 34c26ec513691ca0b1e11c786d7f02cf7f837aa11c61d2adbd021328599c2b8a41981458678729724cc2ea86b6da1a7a603b6bdcffc02e2c79a8ff8336b7d71d" classname="com.github.traderjoe95.mls.protocol.tree.TreeKem" time="0.001"/>
  <testcase name="a new update path generated by the sender should be successfully processed" classname="com.github.traderjoe95.mls.protocol.tree.TreeKem" time="0.001"/>
  <testcase name="the update path should be parent-hash valid" classname="com.github.traderjoe95.mls.protocol.tree.TreeKem" time="0.0"/>
  <testcase name="the tree hash after merging the update path should be f61a7615964792593db43212282ebbfb12f3cd323e5c604b48c42e33264b33c3b3436fa0f9f49be62b9ebdabda9efb74a68ebd91d7f22070f724bcded76c4923" classname="com.github.traderjoe95.mls.protocol.tree.TreeKem" time="0.001"/>
  <testcase name="the decrypted path secret should be 80171ba520013c13a710743e9f58a51cac54e2434f40a5fc35dc71bbd6828281817bc2184bde275f2ce31b07005890cb34920b8e76ffb3912f43eafa4bfd65e8" classname="com.github.traderjoe95.mls.protocol.tree.TreeKem" time="0.001"/>
  <testcase name="a new update path generated by the sender should be successfully processed" classname="com.github.traderjoe95.mls.protocol.tree.TreeKem" time="0.001"/>
  <testcase name="the update path should be parent-hash valid" classname="com.github.traderjoe95.mls.protocol.tree.TreeKem" time="0.0"/>
  <testcase name="the tree hash after merging the update path should be f61a7615964792593db43212282ebbfb12f3cd323e5c604b48c42e33264b33c3b3436fa0f9f49be62b9ebdabda9efb74a68ebd91d7f22070f724bcded76c4923" classname="com.github.traderjoe95.mls.protocol.tree.TreeKem" time="0.001"/>
  <testcase name="the decrypted path secret should be 80171ba520013c13a710743e9f58a51cac54e2434f40a5fc35dc71bbd6828281817bc2184bde275f2ce31b07005890cb34920b8e76ffb3912f43eafa4bfd65e8" classname="com.github.traderjoe95.mls.protocol.tree.TreeKem" time="0.001"/>
  <testcase name="a new update path generated by the sender should be successfully processed" classname="com.github.traderjoe95.mls.protocol.tree.TreeKem" time="0.002"/>
  <testcase name="the update path should be parent-hash valid" classname="com.github.traderjoe95.mls.protocol.tree.TreeKem" time="0.0"/>
  <testcase name="the tree hash after merging the update path should be f61a7615964792593db43212282ebbfb12f3cd323e5c604b48c42e33264b33c3b3436fa0f9f49be62b9ebdabda9efb74a68ebd91d7f22070f724bcded76c4923" classname="com.github.traderjoe95.mls.protocol.tree.TreeKem" time="0.001"/>
  <testcase name="the decrypted path secret should be 80171ba520013c13a710743e9f58a51cac54e2434f40a5fc35dc71bbd6828281817bc2184bde275f2ce31b07005890cb34920b8e76ffb3912f43eafa4bfd65e8" classname="com.github.traderjoe95.mls.protocol.tree.TreeKem" time="0.001"/>
  <testcase name="a new update path generated by the sender should be successfully processed" classname="com.github.traderjoe95.mls.protocol.tree.TreeKem" time="0.001"/>
  <testcase name="the update path should be parent-hash valid" classname="com.github.traderjoe95.mls.protocol.tree.TreeKem" time="0.0"/>
  <testcase name="the tree hash after merging the update path should be 6c744138bf1a3cbe4748224a5c74a3a7fcef50e58f7cae169cf8baf0ec552f37f1b4c3474d716c2e7bc26ede566930a08746153f1dc3bc62d39ec0caf3579d60" classname="com.github.traderjoe95.mls.protocol.tree.TreeKem" time="0.001"/>
  <testcase name="the decrypted path secret should be 02931f37396f7bcbf323e97782accf082cb746c17c3743976837848b01e28b85ec6657d80f4f593671b7b1496043e2b64e5b8440158eaab8b7541d62ecb6bcef" classname="com.github.traderjoe95.mls.protocol.tree.TreeKem" time="0.001"/>
  <testcase name="a new update path generated by the sender should be successfully processed" classname="com.github.traderjoe95.mls.protocol.tree.TreeKem" time="0.001"/>
  <testcase name="the update path should be parent-hash valid" classname="com.github.traderjoe95.mls.protocol.tree.TreeKem" time="0.0"/>
  <testcase name="the tree hash after merging the update path should be 6c744138bf1a3cbe4748224a5c74a3a7fcef50e58f7cae169cf8baf0ec552f37f1b4c3474d716c2e7bc26ede566930a08746153f1dc3bc62d39ec0caf3579d60" classname="com.github.traderjoe95.mls.protocol.tree.TreeKem" time="0.0"/>
  <testcase name="the decrypted path secret should be 22642e10b2195d9ae2e6125a04a43a4b3baddb83f8cd4fb1a94c5086cdbaa871467d93714b98421f9c2438814a16fd09625ac1aeafba96854f431ed3f9b46985" classname="com.github.traderjoe95.mls.protocol.tree.TreeKem" time="0.0"/>
  <testcase name="a new update path generated by the sender should be successfully processed" classname="com.github.traderjoe95.mls.protocol.tree.TreeKem" time="0.001"/>
  <testcase name="the update path should be parent-hash valid" classname="com.github.traderjoe95.mls.protocol.tree.TreeKem" time="0.0"/>
  <testcase name="the tree hash after merging the update path should be 6c744138bf1a3cbe4748224a5c74a3a7fcef50e58f7cae169cf8baf0ec552f37f1b4c3474d716c2e7bc26ede566930a08746153f1dc3bc62d39ec0caf3579d60" classname="com.github.traderjoe95.mls.protocol.tree.TreeKem" time="0.001"/>
  <testcase name="the decrypted path secret should be 22642e10b2195d9ae2e6125a04a43a4b3baddb83f8cd4fb1a94c5086cdbaa871467d93714b98421f9c2438814a16fd09625ac1aeafba96854f431ed3f9b46985" classname="com.github.traderjoe95.mls.protocol.tree.TreeKem" time="0.001"/>
  <testcase name="a new update path generated by the sender should be successfully processed" classname="com.github.traderjoe95.mls.protocol.tree.TreeKem" time="0.001"/>
  <testcase name="the update path should be parent-hash valid" classname="com.github.traderjoe95.mls.protocol.tree.TreeKem" time="0.001"/>
  <testcase name="the tree hash after merging the update path should be 6c744138bf1a3cbe4748224a5c74a3a7fcef50e58f7cae169cf8baf0ec552f37f1b4c3474d716c2e7bc26ede566930a08746153f1dc3bc62d39ec0caf3579d60" classname="com.github.traderjoe95.mls.protocol.tree.TreeKem" time="0.001"/>
  <testcase name="the decrypted path secret should be 444c384f152c1d092d3d9c16d3954898b2ac6961e1d710c1a0998d77fab8e570a04e890a39458f57c9a819fc02037e391c32c4b85f01ca6cd3323e795142486a" classname="com.github.traderjoe95.mls.protocol.tree.TreeKem" time="0.002"/>
  <testcase name="a new update path generated by the sender should be successfully processed" classname="com.github.traderjoe95.mls.protocol.tree.TreeKem" time="0.003"/>
  <testcase name="the update path should be parent-hash valid" classname="com.github.traderjoe95.mls.protocol.tree.TreeKem" time="0.0"/>
  <testcase name="the tree hash after merging the update path should be 6c744138bf1a3cbe4748224a5c74a3a7fcef50e58f7cae169cf8baf0ec552f37f1b4c3474d716c2e7bc26ede566930a08746153f1dc3bc62d39ec0caf3579d60" classname="com.github.traderjoe95.mls.protocol.tree.TreeKem" time="0.001"/>
  <testcase name="the decrypted path secret should be 444c384f152c1d092d3d9c16d3954898b2ac6961e1d710c1a0998d77fab8e570a04e890a39458f57c9a819fc02037e391c32c4b85f01ca6cd3323e795142486a" classname="com.github.traderjoe95.mls.protocol.tree.TreeKem" time="0.001"/>
  <testcase name="a new update path generated by the sender should be successfully processed" classname="com.github.traderjoe95.mls.protocol.tree.TreeKem" time="0.002"/>
  <testcase name="the update path should be parent-hash valid" classname="com.github.traderjoe95.mls.protocol.tree.TreeKem" time="0.001"/>
  <testcase name="the tree hash after merging the update path should be 6c744138bf1a3cbe4748224a5c74a3a7fcef50e58f7cae169cf8baf0ec552f37f1b4c3474d716c2e7bc26ede566930a08746153f1dc3bc62d39ec0caf3579d60" classname="com.github.traderjoe95.mls.protocol.tree.TreeKem" time="0.001"/>
  <testcase name="the decrypted path secret should be 444c384f152c1d092d3d9c16d3954898b2ac6961e1d710c1a0998d77fab8e570a04e890a39458f57c9a819fc02037e391c32c4b85f01ca6cd3323e795142486a" classname="com.github.traderjoe95.mls.protocol.tree.TreeKem" time="0.002"/>
  <testcase name="a new update path generated by the sender should be successfully processed" classname="com.github.traderjoe95.mls.protocol.tree.TreeKem" time="0.002"/>
  <testcase name="the update path should be parent-hash valid" classname="com.github.traderjoe95.mls.protocol.tree.TreeKem" time="0.0"/>
  <testcase name="the tree hash after merging the update path should be 2b534ef838f21ca97b481ac69977dcb44eb9d44d820087144a52d884fd6936993c94051953d855184220d0539a04ff2d785914eb0ed00b16cbcf392566f0cdc5" classname="com.github.traderjoe95.mls.protocol.tree.TreeKem" time="0.001"/>
  <testcase name="the decrypted path secret should be f991086111f752406ced96a6ce137dc30bc6c85e458a30520db5dd098051e1edd7228456b492c43861964fa4b57793a546cd5668e4ea031fbc307ab2fdf22523" classname="com.github.traderjoe95.mls.protocol.tree.TreeKem" time="0.0"/>
  <testcase name="a new update path generated by the sender should be successfully processed" classname="com.github.traderjoe95.mls.protocol.tree.TreeKem" time="0.001"/>
  <testcase name="the update path should be parent-hash valid" classname="com.github.traderjoe95.mls.protocol.tree.TreeKem" time="0.0"/>
  <testcase name="the tree hash after merging the update path should be 2b534ef838f21ca97b481ac69977dcb44eb9d44d820087144a52d884fd6936993c94051953d855184220d0539a04ff2d785914eb0ed00b16cbcf392566f0cdc5" classname="com.github.traderjoe95.mls.protocol.tree.TreeKem" time="0.0"/>
  <testcase name="the decrypted path secret should be f991086111f752406ced96a6ce137dc30bc6c85e458a30520db5dd098051e1edd7228456b492c43861964fa4b57793a546cd5668e4ea031fbc307ab2fdf22523" classname="com.github.traderjoe95.mls.protocol.tree.TreeKem" time="0.001"/>
  <testcase name="a new update path generated by the sender should be successfully processed" classname="com.github.traderjoe95.mls.protocol.tree.TreeKem" time="0.001"/>
  <testcase name="the update path should be parent-hash valid" classname="com.github.traderjoe95.mls.protocol.tree.TreeKem" time="0.0"/>
  <testcase name="the tree hash after merging the update path should be 2b534ef838f21ca97b481ac69977dcb44eb9d44d820087144a52d884fd6936993c94051953d855184220d0539a04ff2d785914eb0ed00b16cbcf392566f0cdc5" classname="com.github.traderjoe95.mls.protocol.tree.TreeKem" time="0.0"/>
  <testcase name="the decrypted path secret should be 78ad8bc01d9cdba1c80d2ba9be70e07d936e1270be27e1f004d9edb4d8033077d8c567c6a0d25c140a2797a8aa2d2e821b0f78354c701908dc37a112bfcd6b86" classname="com.github.traderjoe95.mls.protocol.tree.TreeKem" time="0.001"/>
  <testcase name="a new update path generated by the sender should be successfully processed" classname="com.github.traderjoe95.mls.protocol.tree.TreeKem" time="0.001"/>
  <testcase name="the update path should be parent-hash valid" classname="com.github.traderjoe95.mls.protocol.tree.TreeKem" time="0.0"/>
  <testcase name="the tree hash after merging the update path should be 2b534ef838f21ca97b481ac69977dcb44eb9d44d820087144a52d884fd6936993c94051953d855184220d0539a04ff2d785914eb0ed00b16cbcf392566f0cdc5" classname="com.github.traderjoe95.mls.protocol.tree.TreeKem" time="0.001"/>
  <testcase name="the decrypted path secret should be 971bf4bff2e562d56a4714880fdca3d1fdd9514ecd84c818bf32ad7aadbf48e986ffbbf39adbecfac3f8f4f6341bff1f3201e65451c3691f90e617869a4aa7d5" classname="com.github.traderjoe95.mls.protocol.tree.TreeKem" time="0.001"/>
  <testcase name="a new update path generated by the sender should be successfully processed" classname="com.github.traderjoe95.mls.protocol.tree.TreeKem" time="0.001"/>
  <testcase name="the update path should be parent-hash valid" classname="com.github.traderjoe95.mls.protocol.tree.TreeKem" time="0.0"/>
  <testcase name="the tree hash after merging the update path should be 2b534ef838f21ca97b481ac69977dcb44eb9d44d820087144a52d884fd6936993c94051953d855184220d0539a04ff2d785914eb0ed00b16cbcf392566f0cdc5" classname="com.github.traderjoe95.mls.protocol.tree.TreeKem" time="0.0"/>
  <testcase name="the decrypted path secret should be 971bf4bff2e562d56a4714880fdca3d1fdd9514ecd84c818bf32ad7aadbf48e986ffbbf39adbecfac3f8f4f6341bff1f3201e65451c3691f90e617869a4aa7d5" classname="com.github.traderjoe95.mls.protocol.tree.TreeKem" time="0.001"/>
  <testcase name="a new update path generated by the sender should be successfully processed" classname="com.github.traderjoe95.mls.protocol.tree.TreeKem" time="0.001"/>
  <testcase name="the update path should be parent-hash valid" classname="com.github.traderjoe95.mls.protocol.tree.TreeKem" time="0.0"/>
  <testcase name="the tree hash after merging the update path should be 2b534ef838f21ca97b481ac69977dcb44eb9d44d820087144a52d884fd6936993c94051953d855184220d0539a04ff2d785914eb0ed00b16cbcf392566f0cdc5" classname="com.github.traderjoe95.mls.protocol.tree.TreeKem" time="0.0"/>
  <testcase name="the decrypted path secret should be 971bf4bff2e562d56a4714880fdca3d1fdd9514ecd84c818bf32ad7aadbf48e986ffbbf39adbecfac3f8f4f6341bff1f3201e65451c3691f90e617869a4aa7d5" classname="com.github.traderjoe95.mls.protocol.tree.TreeKem" time="0.001"/>
  <testcase name="a new update path generated by the sender should be successfully processed" classname="com.github.traderjoe95.mls.protocol.tree.TreeKem" time="0.001"/>
  <testcase name="the update path should be parent-hash valid" classname="com.github.traderjoe95.mls.protocol.tree.TreeKem" time="0.0"/>
  <testcase name="the tree hash after merging the update path should be 461ba9e6d45929df1c673ba8fa64823f654b7005babafae42bed724a6c202fc965ab7aa44e06bcc3c7ee802e73cc5b915d5e0e2ca5e77e21c04629cd8eb91b2f" classname="com.github.traderjoe95.mls.protocol.tree.TreeKem" time="0.0"/>
  <testcase name="the decrypted path secret should be deaaa15e8690b3cc31c9baf0c873d57ff87a1805759902112286237d43ae8e9150265f0af6febc3f9998f09681d4c8c0132f919dc9279fe52a8bd041d17a42d9" classname="com.github.traderjoe95.mls.protocol.tree.TreeKem" time="0.001"/>
  <testcase name="a new update path generated by the sender should be successfully processed" classname="com.github.traderjoe95.mls.protocol.tree.TreeKem" time="0.001"/>
  <testcase name="the update path should be parent-hash valid" classname="com.github.traderjoe95.mls.protocol.tree.TreeKem" time="0.0"/>
  <testcase name="the tree hash after merging the update path should be 461ba9e6d45929df1c673ba8fa64823f654b7005babafae42bed724a6c202fc965ab7aa44e06bcc3c7ee802e73cc5b915d5e0e2ca5e77e21c04629cd8eb91b2f" classname="com.github.traderjoe95.mls.protocol.tree.TreeKem" time="0.0"/>
  <testcase name="the decrypted path secret should be deaaa15e8690b3cc31c9baf0c873d57ff87a1805759902112286237d43ae8e9150265f0af6febc3f9998f09681d4c8c0132f919dc9279fe52a8bd041d17a42d9" classname="com.github.traderjoe95.mls.protocol.tree.TreeKem" time="0.001"/>
  <testcase name="a new update path generated by the sender should be successfully processed" classname="com.github.traderjoe95.mls.protocol.tree.TreeKem" time="0.001"/>
  <testcase name="the update path should be parent-hash valid" classname="com.github.traderjoe95.mls.protocol.tree.TreeKem" time="0.0"/>
  <testcase name="the tree hash after merging the update path should be 461ba9e6d45929df1c673ba8fa64823f654b7005babafae42bed724a6c202fc965ab7aa44e06bcc3c7ee802e73cc5b915d5e0e2ca5e77e21c04629cd8eb91b2f" classname="com.github.traderjoe95.mls.protocol.tree.TreeKem" time="0.0"/>
  <testcase name="the decrypted path secret should be ea3c4e2b6ecb5436bd18006439b20711894b1a8f81b102cd7a4e7fd49dd00301684ef241b5f4983288015e610ed488da529ae65dbdab7b64006a13dac8c2b83c" classname="com.github.traderjoe95.mls.protocol.tree.TreeKem" time="0.001"/>
  <testcase name="a new update path generated by the sender should be successfully processed" classname="com.github.traderjoe95.mls.protocol.tree.TreeKem" time="0.001"/>
  <testcase name="the update path should be parent-hash valid" classname="com.github.traderjoe95.mls.protocol.tree.TreeKem" time="0.001"/>
  <testcase name="the tree hash after merging the update path should be 461ba9e6d45929df1c673ba8fa64823f654b7005babafae42bed724a6c202fc965ab7aa44e06bcc3c7ee802e73cc5b915d5e0e2ca5e77e21c04629cd8eb91b2f" classname="com.github.traderjoe95.mls.protocol.tree.TreeKem" time="0.001"/>
  <testcase name="the decrypted path secret should be e03f676c22ffcca256d6f3f3a038b672bd5631b03650ec9a2c445ebf9ae546d214f3c1ce9d2feb839107e492e06c501a8c0e98a4e8bb02e8ebb1662391d52d1d" classname="com.github.traderjoe95.mls.protocol.tree.TreeKem" time="0.001"/>
  <testcase name="a new update path generated by the sender should be successfully processed" classname="com.github.traderjoe95.mls.protocol.tree.TreeKem" time="0.002"/>
  <testcase name="the update path should be parent-hash valid" classname="com.github.traderjoe95.mls.protocol.tree.TreeKem" time="0.0"/>
  <testcase name="the tree hash after merging the update path should be 461ba9e6d45929df1c673ba8fa64823f654b7005babafae42bed724a6c202fc965ab7aa44e06bcc3c7ee802e73cc5b915d5e0e2ca5e77e21c04629cd8eb91b2f" classname="com.github.traderjoe95.mls.protocol.tree.TreeKem" time="0.0"/>
  <testcase name="the decrypted path secret should be e03f676c22ffcca256d6f3f3a038b672bd5631b03650ec9a2c445ebf9ae546d214f3c1ce9d2feb839107e492e06c501a8c0e98a4e8bb02e8ebb1662391d52d1d" classname="com.github.traderjoe95.mls.protocol.tree.TreeKem" time="0.001"/>
  <testcase name="a new update path generated by the sender should be successfully processed" classname="com.github.traderjoe95.mls.protocol.tree.TreeKem" time="0.001"/>
  <testcase name="the update path should be parent-hash valid" classname="com.github.traderjoe95.mls.protocol.tree.TreeKem" time="0.0"/>
  <testcase name="the tree hash after merging the update path should be 461ba9e6d45929df1c673ba8fa64823f654b7005babafae42bed724a6c202fc965ab7aa44e06bcc3c7ee802e73cc5b915d5e0e2ca5e77e21c04629cd8eb91b2f" classname="com.github.traderjoe95.mls.protocol.tree.TreeKem" time="0.0"/>
  <testcase name="the decrypted path secret should be e03f676c22ffcca256d6f3f3a038b672bd5631b03650ec9a2c445ebf9ae546d214f3c1ce9d2feb839107e492e06c501a8c0e98a4e8bb02e8ebb1662391d52d1d" classname="com.github.traderjoe95.mls.protocol.tree.TreeKem" time="0.0"/>
  <testcase name="a new update path generated by the sender should be successfully processed" classname="com.github.traderjoe95.mls.protocol.tree.TreeKem" time="0.001"/>
  <testcase name="the update path should be parent-hash valid" classname="com.github.traderjoe95.mls.protocol.tree.TreeKem" time="0.0"/>
  <testcase name="the tree hash after merging the update path should be eb8bca72d6028f4d9c145035b4ff31830dfe980517e085e041acee1b782c7ed676e197eda2f4e7fce8fde7b3ea05f6b993bb9ec7b7776b7973ee54ba5a927aea" classname="com.github.traderjoe95.mls.protocol.tree.TreeKem" time="0.0"/>
  <testcase name="the decrypted path secret should be d6103a729d7af9156bc635e4a3a102e66fb0e6e7ac9d7a646de0cda975052348733e1d5e513eba3d2e3cb90208d428e906f012c13df512fda5e11a9f3e53f2dd" classname="com.github.traderjoe95.mls.protocol.tree.TreeKem" time="0.001"/>
  <testcase name="a new update path generated by the sender should be successfully processed" classname="com.github.traderjoe95.mls.protocol.tree.TreeKem" time="0.001"/>
  <testcase name="the update path should be parent-hash valid" classname="com.github.traderjoe95.mls.protocol.tree.TreeKem" time="0.0"/>
  <testcase name="the tree hash after merging the update path should be eb8bca72d6028f4d9c145035b4ff31830dfe980517e085e041acee1b782c7ed676e197eda2f4e7fce8fde7b3ea05f6b993bb9ec7b7776b7973ee54ba5a927aea" classname="com.github.traderjoe95.mls.protocol.tree.TreeKem" time="0.0"/>
  <testcase name="the decrypted path secret should be d6103a729d7af9156bc635e4a3a102e66fb0e6e7ac9d7a646de0cda975052348733e1d5e513eba3d2e3cb90208d428e906f012c13df512fda5e11a9f3e53f2dd" classname="com.github.traderjoe95.mls.protocol.tree.TreeKem" time="0.0"/>
  <testcase name="a new update path generated by the sender should be successfully processed" classname="com.github.traderjoe95.mls.protocol.tree.TreeKem" time="0.001"/>
  <testcase name="the update path should be parent-hash valid" classname="com.github.traderjoe95.mls.protocol.tree.TreeKem" time="0.0"/>
  <testcase name="the tree hash after merging the update path should be eb8bca72d6028f4d9c145035b4ff31830dfe980517e085e041acee1b782c7ed676e197eda2f4e7fce8fde7b3ea05f6b993bb9ec7b7776b7973ee54ba5a927aea" classname="com.github.traderjoe95.mls.protocol.tree.TreeKem" time="0.0"/>
  <testcase name="the decrypted path secret should be d6103a729d7af9156bc635e4a3a102e66fb0e6e7ac9d7a646de0cda975052348733e1d5e513eba3d2e3cb90208d428e906f012c13df512fda5e11a9f3e53f2dd" classname="com.github.traderjoe95.mls.protocol.tree.TreeKem" time="0.001"/>
  <testcase name="a new update path generated by the sender should be successfully processed" classname="com.github.traderjoe95.mls.protocol.tree.TreeKem" time="0.001"/>
  <testcase name="the update path should be parent-hash valid" classname="com.github.traderjoe95.mls.protocol.tree.TreeKem" time="0.001"/>
  <testcase name="the tree hash after merging the update path should be eb8bca72d6028f4d9c145035b4ff31830dfe980517e085e041acee1b782c7ed676e197eda2f4e7fce8fde7b3ea05f6b993bb9ec7b7776b7973ee54ba5a927aea" classname="com.github.traderjoe95.mls.protocol.tree.TreeKem" time="0.001"/>
  <testcase name="the decrypted path secret should be d6103a729d7af9156bc635e4a3a102e66fb0e6e7ac9d7a646de0cda975052348733e1d5e513eba3d2e3cb90208d428e906f012c13df512fda5e11a9f3e53f2dd" classname="com.github.traderjoe95.mls.protocol.tree.TreeKem" time="0.001"/>
  <testcase name="a new update path generated by the sender should be successfully processed" classname="com.github.traderjoe95.mls.protocol.tree.TreeKem" time="0.001"/>
  <testcase name="the update path should be parent-hash valid" classname="com.github.traderjoe95.mls.protocol.tree.TreeKem" time="0.001"/>
  <testcase name="the tree hash after merging the update path should be eb8bca72d6028f4d9c145035b4ff31830dfe980517e085e041acee1b782c7ed676e197eda2f4e7fce8fde7b3ea05f6b993bb9ec7b7776b7973ee54ba5a927aea" classname="com.github.traderjoe95.mls.protocol.tree.TreeKem" time="0.0"/>
  <testcase name="the decrypted path secret should be d3eb43026f07ebbdfcbbddbd3f12061be0821e3c3ebd6eaff7fbda97fd639d32c99690e98c5b3c66c02d62a78ce962b21d732f6b6c7cc27590115a2984c4d379" classname="com.github.traderjoe95.mls.protocol.tree.TreeKem" time="0.001"/>
  <testcase name="a new update path generated by the sender should be successfully processed" classname="com.github.traderjoe95.mls.protocol.tree.TreeKem" time="0.001"/>
  <testcase name="the update path should be parent-hash valid" classname="com.github.traderjoe95.mls.protocol.tree.TreeKem" time="0.0"/>
  <testcase name="the tree hash after merging the update path should be eb8bca72d6028f4d9c145035b4ff31830dfe980517e085e041acee1b782c7ed676e197eda2f4e7fce8fde7b3ea05f6b993bb9ec7b7776b7973ee54ba5a927aea" classname="com.github.traderjoe95.mls.protocol.tree.TreeKem" time="0.0"/>
  <testcase name="the decrypted path secret should be 8873af2e1a8ec8cd936ed38258cb69dd29d510bda2b49c57d76f12943bf08f0dda56db4f5672f87a65f6f1957cabed4338f5cbbf98cade4c6d8dc280decb22ab" classname="com.github.traderjoe95.mls.protocol.tree.TreeKem" time="0.001"/>
  <testcase name="a new update path generated by the sender should be successfully processed" classname="com.github.traderjoe95.mls.protocol.tree.TreeKem" time="0.001"/>
  <testcase name="the update path should be parent-hash valid" classname="com.github.traderjoe95.mls.protocol.tree.TreeKem" time="0.001"/>
  <testcase name="the tree hash after merging the update path should be b58fb54e8c7e2591af14aa2e9a7d3093dd1577c8a4e066a3657c64c1d71ac79c78f01eaf5aadc8ef076ebcdeadd1438e23c9183b8f857b11ff5754656b22dad3" classname="com.github.traderjoe95.mls.protocol.tree.TreeKem" time="0.001"/>
  <testcase name="the decrypted path secret should be a2e511a42906b1220daa3b2ce4fc64d876fbb2324be4b7eab3db0e42d197efaacba748e43abf934fb38ab841d968296aed4772bdd90bceea5f2f7c89c2f4e2cf" classname="com.github.traderjoe95.mls.protocol.tree.TreeKem" time="0.001"/>
  <testcase name="a new update path generated by the sender should be successfully processed" classname="com.github.traderjoe95.mls.protocol.tree.TreeKem" time="0.001"/>
  <testcase name="the update path should be parent-hash valid" classname="com.github.traderjoe95.mls.protocol.tree.TreeKem" time="0.0"/>
  <testcase name="the tree hash after merging the update path should be b58fb54e8c7e2591af14aa2e9a7d3093dd1577c8a4e066a3657c64c1d71ac79c78f01eaf5aadc8ef076ebcdeadd1438e23c9183b8f857b11ff5754656b22dad3" classname="com.github.traderjoe95.mls.protocol.tree.TreeKem" time="0.001"/>
  <testcase name="the decrypted path secret should be a2e511a42906b1220daa3b2ce4fc64d876fbb2324be4b7eab3db0e42d197efaacba748e43abf934fb38ab841d968296aed4772bdd90bceea5f2f7c89c2f4e2cf" classname="com.github.traderjoe95.mls.protocol.tree.TreeKem" time="0.001"/>
  <testcase name="a new update path generated by the sender should be successfully processed" classname="com.github.traderjoe95.mls.protocol.tree.TreeKem" time="0.001"/>
  <testcase name="the update path should be parent-hash valid" classname="com.github.traderjoe95.mls.protocol.tree.TreeKem" time="0.0"/>
  <testcase name="the tree hash after merging the update path should be b58fb54e8c7e2591af14aa2e9a7d3093dd1577c8a4e066a3657c64c1d71ac79c78f01eaf5aadc8ef076ebcdeadd1438e23c9183b8f857b11ff5754656b22dad3" classname="com.github.traderjoe95.mls.protocol.tree.TreeKem" time="0.001"/>
  <testcase name="the decrypted path secret should be a2e511a42906b1220daa3b2ce4fc64d876fbb2324be4b7eab3db0e42d197efaacba748e43abf934fb38ab841d968296aed4772bdd90bceea5f2f7c89c2f4e2cf" classname="com.github.traderjoe95.mls.protocol.tree.TreeKem" time="0.001"/>
  <testcase name="a new update path generated by the sender should be successfully processed" classname="com.github.traderjoe95.mls.protocol.tree.TreeKem" time="0.001"/>
  <testcase name="the update path should be parent-hash valid" classname="com.github.traderjoe95.mls.protocol.tree.TreeKem" time="0.0"/>
  <testcase name="the tree hash after merging the update path should be b58fb54e8c7e2591af14aa2e9a7d3093dd1577c8a4e066a3657c64c1d71ac79c78f01eaf5aadc8ef076ebcdeadd1438e23c9183b8f857b11ff5754656b22dad3" classname="com.github.traderjoe95.mls.protocol.tree.TreeKem" time="0.001"/>
  <testcase name="the decrypted path secret should be a2e511a42906b1220daa3b2ce4fc64d876fbb2324be4b7eab3db0e42d197efaacba748e43abf934fb38ab841d968296aed4772bdd90bceea5f2f7c89c2f4e2cf" classname="com.github.traderjoe95.mls.protocol.tree.TreeKem" time="0.001"/>
  <testcase name="a new update path generated by the sender should be successfully processed" classname="com.github.traderjoe95.mls.protocol.tree.TreeKem" time="0.001"/>
  <testcase name="the update path should be parent-hash valid" classname="com.github.traderjoe95.mls.protocol.tree.TreeKem" time="0.0"/>
  <testcase name="the tree hash after merging the update path should be b58fb54e8c7e2591af14aa2e9a7d3093dd1577c8a4e066a3657c64c1d71ac79c78f01eaf5aadc8ef076ebcdeadd1438e23c9183b8f857b11ff5754656b22dad3" classname="com.github.traderjoe95.mls.protocol.tree.TreeKem" time="0.0"/>
  <testcase name="the decrypted path secret should be fa2e74cc789c005b05b6219f29886b7536dcf64ee80eb9901402a8b365d5dc9a4b51a973a2bedd4f6e0106799017a978830504aef7da2b153ba386764b430e8b" classname="com.github.traderjoe95.mls.protocol.tree.TreeKem" time="0.001"/>
  <testcase name="a new update path generated by the sender should be successfully processed" classname="com.github.traderjoe95.mls.protocol.tree.TreeKem" time="0.001"/>
  <testcase name="the update path should be parent-hash valid" classname="com.github.traderjoe95.mls.protocol.tree.TreeKem" time="0.0"/>
  <testcase name="the tree hash after merging the update path should be b58fb54e8c7e2591af14aa2e9a7d3093dd1577c8a4e066a3657c64c1d71ac79c78f01eaf5aadc8ef076ebcdeadd1438e23c9183b8f857b11ff5754656b22dad3" classname="com.github.traderjoe95.mls.protocol.tree.TreeKem" time="0.0"/>
  <testcase name="the decrypted path secret should be 31bcb9da845fa770b42628aa5896cad572a36ec5d837420a3b71a83c0e4aafc3dd20d128deeede9d70202cb245e234c806fafab656bad5cb4731ae064e73eb2a" classname="com.github.traderjoe95.mls.protocol.tree.TreeKem" time="0.001"/>
  <testcase name="a new update path generated by the sender should be successfully processed" classname="com.github.traderjoe95.mls.protocol.tree.TreeKem" time="0.001"/>
  <testcase name="the update path should be parent-hash valid" classname="com.github.traderjoe95.mls.protocol.tree.TreeKem" time="0.0"/>
  <testcase name="the tree hash after merging the update path should be 6a5c8f43abc935c95aac4d68259a56b79830c70fe72a79b34ed2a510ae8aab9233239d98c72b5514af1905aae643ad5955770f4f21f62ff654e2299caeaee52d" classname="com.github.traderjoe95.mls.protocol.tree.TreeKem" time="0.0"/>
  <testcase name="the decrypted path secret should be 070c626da97401a8b03912d5a543d80ff063ce10281220a5c2b2b2caac4879d1dceda12771e8f6f1e10e99d935a2d9478bbc4076f89526a7f2727edf02a7de5b" classname="com.github.traderjoe95.mls.protocol.tree.TreeKem" time="0.0"/>
  <testcase name="a new update path generated by the sender should be successfully processed" classname="com.github.traderjoe95.mls.protocol.tree.TreeKem" time="0.001"/>
  <testcase name="the update path should be parent-hash valid" classname="com.github.traderjoe95.mls.protocol.tree.TreeKem" time="0.0"/>
  <testcase name="the tree hash after merging the update path should be 6a5c8f43abc935c95aac4d68259a56b79830c70fe72a79b34ed2a510ae8aab9233239d98c72b5514af1905aae643ad5955770f4f21f62ff654e2299caeaee52d" classname="com.github.traderjoe95.mls.protocol.tree.TreeKem" time="0.0"/>
  <testcase name="the decrypted path secret should be 070c626da97401a8b03912d5a543d80ff063ce10281220a5c2b2b2caac4879d1dceda12771e8f6f1e10e99d935a2d9478bbc4076f89526a7f2727edf02a7de5b" classname="com.github.traderjoe95.mls.protocol.tree.TreeKem" time="0.0"/>
  <testcase name="a new update path generated by the sender should be successfully processed" classname="com.github.traderjoe95.mls.protocol.tree.TreeKem" time="0.002"/>
  <testcase name="the update path should be parent-hash valid" classname="com.github.traderjoe95.mls.protocol.tree.TreeKem" time="0.001"/>
  <testcase name="the tree hash after merging the update path should be 6a5c8f43abc935c95aac4d68259a56b79830c70fe72a79b34ed2a510ae8aab9233239d98c72b5514af1905aae643ad5955770f4f21f62ff654e2299caeaee52d" classname="com.github.traderjoe95.mls.protocol.tree.TreeKem" time="0.0"/>
  <testcase name="the decrypted path secret should be 070c626da97401a8b03912d5a543d80ff063ce10281220a5c2b2b2caac4879d1dceda12771e8f6f1e10e99d935a2d9478bbc4076f89526a7f2727edf02a7de5b" classname="com.github.traderjoe95.mls.protocol.tree.TreeKem" time="0.001"/>
  <testcase name="a new update path generated by the sender should be successfully processed" classname="com.github.traderjoe95.mls.protocol.tree.TreeKem" time="0.001"/>
  <testcase name="the update path should be parent-hash valid" classname="com.github.traderjoe95.mls.protocol.tree.TreeKem" time="0.0"/>
  <testcase name="the tree hash after merging the update path should be 6a5c8f43abc935c95aac4d68259a56b79830c70fe72a79b34ed2a510ae8aab9233239d98c72b5514af1905aae643ad5955770f4f21f62ff654e2299caeaee52d" classname="com.github.traderjoe95.mls.protocol.tree.TreeKem" time="0.0"/>
  <testcase name="the decrypted path secret should be 070c626da97401a8b03912d5a543d80ff063ce10281220a5c2b2b2caac4879d1dceda12771e8f6f1e10e99d935a2d9478bbc4076f89526a7f2727edf02a7de5b" classname="com.github.traderjoe95.mls.protocol.tree.TreeKem" time="0.001"/>
  <testcase name="a new update path generated by the sender should be successfully processed" classname="com.github.traderjoe95.mls.protocol.tree.TreeKem" time="0.001"/>
  <testcase name="the update path should be parent-hash valid" classname="com.github.traderjoe95.mls.protocol.tree.TreeKem" time="0.0"/>
  <testcase name="the tree hash after merging the update path should be 6a5c8f43abc935c95aac4d68259a56b79830c70fe72a79b34ed2a510ae8aab9233239d98c72b5514af1905aae643ad5955770f4f21f62ff654e2299caeaee52d" classname="com.github.traderjoe95.mls.protocol.tree.TreeKem" time="0.0"/>
  <testcase name="the decrypted path secret should be 929dfc7ab8ff8638f74997388baa7a7d706b45a1f1a11d019b9d0cdfe2606c269278159915af90e89f2d4aea781d0a1edd401d88324c7efc7a5bd6931a508f25" classname="com.github.traderjoe95.mls.protocol.tree.TreeKem" time="0.001"/>
  <testcase name="a new update path generated by the sender should be successfully processed" classname="com.github.traderjoe95.mls.protocol.tree.TreeKem" time="0.001"/>
  <testcase name="the update path should be parent-hash valid" classname="com.github.traderjoe95.mls.protocol.tree.TreeKem" time="0.0"/>
  <testcase name="the tree hash after merging the update path should be 6a5c8f43abc935c95aac4d68259a56b79830c70fe72a79b34ed2a510ae8aab9233239d98c72b5514af1905aae643ad5955770f4f21f62ff654e2299caeaee52d" classname="com.github.traderjoe95.mls.protocol.tree.TreeKem" time="0.0"/>
  <testcase name="the decrypted path secret should be 929dfc7ab8ff8638f74997388baa7a7d706b45a1f1a11d019b9d0cdfe2606c269278159915af90e89f2d4aea781d0a1edd401d88324c7efc7a5bd6931a508f25" classname="com.github.traderjoe95.mls.protocol.tree.TreeKem" time="0.001"/>
  <testcase name="a new update path generated by the sender should be successfully processed" classname="com.github.traderjoe95.mls.protocol.tree.TreeKem" time="0.001"/>
  <testcase name="non-blank leaf 0 should be consistent with the public state" classname="com.github.traderjoe95.mls.protocol.tree.TreeKem" time="0.001"/>
  <testcase name="non-blank leaf 1 should be consistent with the public state" classname="com.github.traderjoe95.mls.protocol.tree.TreeKem" time="0.0"/>
  <testcase name="the update path should be parent-hash valid" classname="com.github.traderjoe95.mls.protocol.tree.TreeKem" time="0.0"/>
  <testcase name="the tree hash after merging the update path should be 43efd7fa267203168aa44fb0971500de74e87ac75a91d418b2f4745dd37087f3793ecf174a866f370bcecf48f77674a308c54261f4cf56d8afe48f316475f5a6" classname="com.github.traderjoe95.mls.protocol.tree.TreeKem" time="0.0"/>
  <testcase name="the decrypted path secret should be 42740b9eed5c416d981ceda52e07685e2562e2cfce5578ebcfebdb341f91c53faa63016315e6dc12c4b22b97126eb281d4475a5046d9ec6fd78f4cb7a6233f7c" classname="com.github.traderjoe95.mls.protocol.tree.TreeKem" time="0.0"/>
  <testcase name="a new update path generated by the sender should be successfully processed" classname="com.github.traderjoe95.mls.protocol.tree.TreeKem" time="0.0"/>
  <testcase name="the update path should be parent-hash valid" classname="com.github.traderjoe95.mls.protocol.tree.TreeKem" time="0.0"/>
  <testcase name="the tree hash after merging the update path should be 6277dae9045fda6e45ca66937298817a7852b47f0f3d3c0a11ae0b77628f6a93600f162ab0ed16879f0833a6fefd184b2e061c0963093db374af7cdb5a3f75a5" classname="com.github.traderjoe95.mls.protocol.tree.TreeKem" time="0.0"/>
  <testcase name="the decrypted path secret should be 92191ff719ed62743fdec678a346cfc41668bdd84b1159c408b1f1c1c10937f5c2971091576a2ddc8db3b4ee90c6a282ae1ff09f7520acb40b86f709562d58c6" classname="com.github.traderjoe95.mls.protocol.tree.TreeKem" time="0.001"/>
  <testcase name="a new update path generated by the sender should be successfully processed" classname="com.github.traderjoe95.mls.protocol.tree.TreeKem" time="0.001"/>
  <testcase name="non-blank leaf 0 should be consistent with the public state" classname="com.github.traderjoe95.mls.protocol.tree.TreeKem" time="0.001"/>
  <testcase name="non-blank leaf 1 should be consistent with the public state" classname="com.github.traderjoe95.mls.protocol.tree.TreeKem" time="0.001"/>
  <testcase name="non-blank leaf 2 should be consistent with the public state" classname="com.github.traderjoe95.mls.protocol.tree.TreeKem" time="0.0"/>
  <testcase name="the update path should be parent-hash valid" classname="com.github.traderjoe95.mls.protocol.tree.TreeKem" time="0.0"/>
  <testcase name="the tree hash after merging the update path should be cd08a73f17397192cb59e56f408bbb6921410b8ce7383221eb8ec4ba5c31530206c038562a6aa71ed108caa3ba034ff2f5ee1d1d86d1e3f1835a6007261563da" classname="com.github.traderjoe95.mls.protocol.tree.TreeKem" time="0.0"/>
  <testcase name="the decrypted path secret should be 3faa2cab18b2b50f486bac68d9639db7815fc0d3dbb87235b027d236afd5c4bb76072c60896a44b28ed4ab97739f5b355d58fac7041c37d4eef973ad6e1210b9" classname="com.github.traderjoe95.mls.protocol.tree.TreeKem" time="0.0"/>
  <testcase name="a new update path generated by the sender should be successfully processed" classname="com.github.traderjoe95.mls.protocol.tree.TreeKem" time="0.001"/>
  <testcase name="the update path should be parent-hash valid" classname="com.github.traderjoe95.mls.protocol.tree.TreeKem" time="0.0"/>
  <testcase name="the tree hash after merging the update path should be cd08a73f17397192cb59e56f408bbb6921410b8ce7383221eb8ec4ba5c31530206c038562a6aa71ed108caa3ba034ff2f5ee1d1d86d1e3f1835a6007261563da" classname="com.github.traderjoe95.mls.protocol.tree.TreeKem" time="0.0"/>
  <testcase name="the decrypted path secret should be 3d07951dc13d3a3e6a86317cf0f59466b393e4c201ff3e805436c09c88a401fe07a0d8da905d7bd71a1962e82d5230c10e40774ad703429f3276a5b67fdcb83e" classname="com.github.traderjoe95.mls.protocol.tree.TreeKem" time="0.0"/>
  <testcase name="a new update path generated by the sender should be successfully processed" classname="com.github.traderjoe95.mls.protocol.tree.TreeKem" time="0.001"/>
  <testcase name="the update path should be parent-hash valid" classname="com.github.traderjoe95.mls.protocol.tree.TreeKem" time="0.0"/>
  <testcase name="the tree hash after merging the update path should be 7121f5f3bbbf30041bb1e9ef0b125c9d3a02a9fb72afb9d65e7c2639ad1cb23807bf3eb77d5536c79ac4e83dba42c888d2910b8065fe89c332475f6331a5feb5" classname="com.github.traderjoe95.mls.protocol.tree.TreeKem" time="0.0"/>
  <testcase name="the decrypted path secret should be 062965fa781d31268ed4d3691edcc6a369440484459611a5bb131bbfec3ad4aa324851098e1f0ab487203b1f1f7b6b0f372d97c7de80b2ace2f30a341966ed6e" classname="com.github.traderjoe95.mls.protocol.tree.TreeKem" time="0.0"/>
  <testcase name="a new update path generated by the sender should be successfully processed" classname="com.github.traderjoe95.mls.protocol.tree.TreeKem" time="0.001"/>
  <testcase name="the update path should be parent-hash valid" classname="com.github.traderjoe95.mls.protocol.tree.TreeKem" time="0.0"/>
  <testcase name="the tree hash after merging the update path should be 7121f5f3bbbf30041bb1e9ef0b125c9d3a02a9fb72afb9d65e7c2639ad1cb23807bf3eb77d5536c79ac4e83dba42c888d2910b8065fe89c332475f6331a5feb5" classname="com.github.traderjoe95.mls.protocol.tree.TreeKem" time="0.0"/>
  <testcase name="the decrypted path secret should be f242c8ecf49cc500960d3a0ae14ec51f21e16537300d2f614ddf7811385843228e655dfdf1f62bfe0004d91bd19c0ed7264aaf1d9a69308e827da723122ff025" classname="com.github.traderjoe95.mls.protocol.tree.TreeKem" time="0.001"/>
  <testcase name="a new update path generated by the sender should be successfully processed" classname="com.github.traderjoe95.mls.protocol.tree.TreeKem" time="0.001"/>
  <testcase name="the update path should be parent-hash valid" classname="com.github.traderjoe95.mls.protocol.tree.TreeKem" time="0.0"/>
  <testcase name="the tree hash after merging the update path should be 7f2b4560c495080da3182a2a67c0781d4a585f201c37622050fa6bdb191c934019971bc656e059dba6fcb62226ca9e7befc6b0d9ab6cf97564d219957d82593c" classname="com.github.traderjoe95.mls.protocol.tree.TreeKem" time="0.0"/>
  <testcase name="the decrypted path secret should be 6eb6e2f7bc55057b3644eb09c5d5495ebd40903d98039eac6e56cd301a71710c13dd65fa57c37dbc99c5e7d9adafe30f81fe5cf3796b2139f86463734005fd9f" classname="com.github.traderjoe95.mls.protocol.tree.TreeKem" time="0.001"/>
  <testcase name="a new update path generated by the sender should be successfully processed" classname="com.github.traderjoe95.mls.protocol.tree.TreeKem" time="0.0"/>
  <testcase name="the update path should be parent-hash valid" classname="com.github.traderjoe95.mls.protocol.tree.TreeKem" time="0.001"/>
  <testcase name="the tree hash after merging the update path should be 7f2b4560c495080da3182a2a67c0781d4a585f201c37622050fa6bdb191c934019971bc656e059dba6fcb62226ca9e7befc6b0d9ab6cf97564d219957d82593c" classname="com.github.traderjoe95.mls.protocol.tree.TreeKem" time="0.0"/>
  <testcase name="the decrypted path secret should be 6eb6e2f7bc55057b3644eb09c5d5495ebd40903d98039eac6e56cd301a71710c13dd65fa57c37dbc99c5e7d9adafe30f81fe5cf3796b2139f86463734005fd9f" classname="com.github.traderjoe95.mls.protocol.tree.TreeKem" time="0.001"/>
  <testcase name="a new update path generated by the sender should be successfully processed" classname="com.github.traderjoe95.mls.protocol.tree.TreeKem" time="0.001"/>
  <testcase name="non-blank leaf 0 should be consistent with the public state" classname="com.github.traderjoe95.mls.protocol.tree.TreeKem" time="0.001"/>
  <testcase name="non-blank leaf 1 should be consistent with the public state" classname="com.github.traderjoe95.mls.protocol.tree.TreeKem" time="0.001"/>
  <testcase name="non-blank leaf 2 should be consistent with the public state" classname="com.github.traderjoe95.mls.protocol.tree.TreeKem" time="0.001"/>
  <testcase name="non-blank leaf 3 should be consistent with the public state" classname="com.github.traderjoe95.mls.protocol.tree.TreeKem" time="0.001"/>
  <testcase name="the update path should be parent-hash valid" classname="com.github.traderjoe95.mls.protocol.tree.TreeKem" time="0.0"/>
  <testcase name="the tree hash after merging the update path should be 29e01e28028f28db0012f9eee6aaf35840c580d3159233bff7c6d5206f26128d87a7c9c59806f288517a7869f28c9fe88fcb018a69ccb215a3628bc34e1b9424" classname="com.github.traderjoe95.mls.protocol.tree.TreeKem" time="0.0"/>
  <testcase name="the decrypted path secret should be 4947a3857dbe3772708729753fcc20fdbed0f80e69580ad159d3796ecff78c6beeaa1a4ff99b092804bf8f004e8282e2789c8e614cb7e43d1005632f0c95f047" classname="com.github.traderjoe95.mls.protocol.tree.TreeKem" time="0.001"/>
  <testcase name="a new update path generated by the sender should be successfully processed" classname="com.github.traderjoe95.mls.protocol.tree.TreeKem" time="0.001"/>
  <testcase name="the update path should be parent-hash valid" classname="com.github.traderjoe95.mls.protocol.tree.TreeKem" time="0.0"/>
  <testcase name="the tree hash after merging the update path should be 29e01e28028f28db0012f9eee6aaf35840c580d3159233bff7c6d5206f26128d87a7c9c59806f288517a7869f28c9fe88fcb018a69ccb215a3628bc34e1b9424" classname="com.github.traderjoe95.mls.protocol.tree.TreeKem" time="0.0"/>
  <testcase name="the decrypted path secret should be 45c8382986ac044fe8cd3a80cf585ee5e476ccdfadfdef35f4820ab1f9e1e3e5709e2eabf0639810ac62cf33dd8a77eead4f3a13f986c1c707e91f6d606cbdcf" classname="com.github.traderjoe95.mls.protocol.tree.TreeKem" time="0.001"/>
  <testcase name="a new update path generated by the sender should be successfully processed" classname="com.github.traderjoe95.mls.protocol.tree.TreeKem" time="0.001"/>
  <testcase name="the update path should be parent-hash valid" classname="com.github.traderjoe95.mls.protocol.tree.TreeKem" time="0.001"/>
  <testcase name="the tree hash after merging the update path should be 29e01e28028f28db0012f9eee6aaf35840c580d3159233bff7c6d5206f26128d87a7c9c59806f288517a7869f28c9fe88fcb018a69ccb215a3628bc34e1b9424" classname="com.github.traderjoe95.mls.protocol.tree.TreeKem" time="0.001"/>
  <testcase name="the decrypted path secret should be 45c8382986ac044fe8cd3a80cf585ee5e476ccdfadfdef35f4820ab1f9e1e3e5709e2eabf0639810ac62cf33dd8a77eead4f3a13f986c1c707e91f6d606cbdcf" classname="com.github.traderjoe95.mls.protocol.tree.TreeKem" time="0.001"/>
  <testcase name="a new update path generated by the sender should be successfully processed" classname="com.github.traderjoe95.mls.protocol.tree.TreeKem" time="0.001"/>
  <testcase name="the update path should be parent-hash valid" classname="com.github.traderjoe95.mls.protocol.tree.TreeKem" time="0.0"/>
  <testcase name="the tree hash after merging the update path should be 7fbd20549bc9499afb943d9baa208aa042279fbd8b69a2124ab295b6474f8bb31ba53eaf65ec38c8decc3a939339ed30dc03508ce63c60d2fc056d9e3eff3297" classname="com.github.traderjoe95.mls.protocol.tree.TreeKem" time="0.0"/>
  <testcase name="the decrypted path secret should be 7e8580e5c965c5617f49e3bdc5c10514d7ed5063987df8c5c600ed01aeeb04b6ee15814ba6326613f02c0504809724e980d0c0e7bd233251da096eecb8dce4f1" classname="com.github.traderjoe95.mls.protocol.tree.TreeKem" time="0.001"/>
  <testcase name="a new update path generated by the sender should be successfully processed" classname="com.github.traderjoe95.mls.protocol.tree.TreeKem" time="0.001"/>
  <testcase name="the update path should be parent-hash valid" classname="com.github.traderjoe95.mls.protocol.tree.TreeKem" time="0.0"/>
  <testcase name="the tree hash after merging the update path should be 7fbd20549bc9499afb943d9baa208aa042279fbd8b69a2124ab295b6474f8bb31ba53eaf65ec38c8decc3a939339ed30dc03508ce63c60d2fc056d9e3eff3297" classname="com.github.traderjoe95.mls.protocol.tree.TreeKem" time="0.0"/>
  <testcase name="the decrypted path secret should be 9cee9bf49155a28de4ed9370f6281b846bc6f97c60b18624e47d4fab831f69a76d423ebee4a6077844cee5c1d0eb33852b2555ea3183f0a10804e19ecbfe1527" classname="com.github.traderjoe95.mls.protocol.tree.TreeKem" time="0.001"/>
  <testcase name="a new update path generated by the sender should be successfully processed" classname="com.github.traderjoe95.mls.protocol.tree.TreeKem" time="0.001"/>
  <testcase name="the update path should be parent-hash valid" classname="com.github.traderjoe95.mls.protocol.tree.TreeKem" time="0.0"/>
  <testcase name="the tree hash after merging the update path should be 7fbd20549bc9499afb943d9baa208aa042279fbd8b69a2124ab295b6474f8bb31ba53eaf65ec38c8decc3a939339ed30dc03508ce63c60d2fc056d9e3eff3297" classname="com.github.traderjoe95.mls.protocol.tree.TreeKem" time="0.0"/>
  <testcase name="the decrypted path secret should be 9cee9bf49155a28de4ed9370f6281b846bc6f97c60b18624e47d4fab831f69a76d423ebee4a6077844cee5c1d0eb33852b2555ea3183f0a10804e19ecbfe1527" classname="com.github.traderjoe95.mls.protocol.tree.TreeKem" time="0.001"/>
  <testcase name="a new update path generated by the sender should be successfully processed" classname="com.github.traderjoe95.mls.protocol.tree.TreeKem" time="0.001"/>
  <testcase name="the update path should be parent-hash valid" classname="com.github.traderjoe95.mls.protocol.tree.TreeKem" time="0.001"/>
  <testcase name="the tree hash after merging the update path should be 6e1531cf7062ea9397465e9c22ef4d8a1d51d8da24cf5af2680cf6f31cc0d1ea39d973fa63d0c2363c41f32b20f088003cdb663409b6cd43ff7ec492041bd98e" classname="com.github.traderjoe95.mls.protocol.tree.TreeKem" time="0.001"/>
  <testcase name="the decrypted path secret should be 19e1e2491b9ee128c1f4c9017a7ec5e181a0ab791eeb2ccda7406d5b8743c8053f1acc34b76f9a6adb286a738ea4ed50fa4c1e982f9d0ab71d9deb4c8d5c0556" classname="com.github.traderjoe95.mls.protocol.tree.TreeKem" time="0.001"/>
  <testcase name="a new update path generated by the sender should be successfully processed" classname="com.github.traderjoe95.mls.protocol.tree.TreeKem" time="0.001"/>
  <testcase name="the update path should be parent-hash valid" classname="com.github.traderjoe95.mls.protocol.tree.TreeKem" time="0.0"/>
  <testcase name="the tree hash after merging the update path should be 6e1531cf7062ea9397465e9c22ef4d8a1d51d8da24cf5af2680cf6f31cc0d1ea39d973fa63d0c2363c41f32b20f088003cdb663409b6cd43ff7ec492041bd98e" classname="com.github.traderjoe95.mls.protocol.tree.TreeKem" time="0.0"/>
  <testcase name="the decrypted path secret should be 19e1e2491b9ee128c1f4c9017a7ec5e181a0ab791eeb2ccda7406d5b8743c8053f1acc34b76f9a6adb286a738ea4ed50fa4c1e982f9d0ab71d9deb4c8d5c0556" classname="com.github.traderjoe95.mls.protocol.tree.TreeKem" time="0.0"/>
  <testcase name="a new update path generated by the sender should be successfully processed" classname="com.github.traderjoe95.mls.protocol.tree.TreeKem" time="0.001"/>
  <testcase name="the update path should be parent-hash valid" classname="com.github.traderjoe95.mls.protocol.tree.TreeKem" time="0.0"/>
  <testcase name="the tree hash after merging the update path should be 6e1531cf7062ea9397465e9c22ef4d8a1d51d8da24cf5af2680cf6f31cc0d1ea39d973fa63d0c2363c41f32b20f088003cdb663409b6cd43ff7ec492041bd98e" classname="com.github.traderjoe95.mls.protocol.tree.TreeKem" time="0.0"/>
  <testcase name="the decrypted path secret should be 69e4c93ce3724f3c75b75286efb60b02a60f62dd8dc379e4dcb21a47b5c33763c6155cad1fa5169ea1ff7937898a4d02275cd71047377389933374a1e24ce6ac" classname="com.github.traderjoe95.mls.protocol.tree.TreeKem" time="0.001"/>
  <testcase name="a new update path generated by the sender should be successfully processed" classname="com.github.traderjoe95.mls.protocol.tree.TreeKem" time="0.001"/>
  <testcase name="the update path should be parent-hash valid" classname="com.github.traderjoe95.mls.protocol.tree.TreeKem" time="0.001"/>
  <testcase name="the tree hash after merging the update path should be 758d645520d2dfaf2f5ce14c5fcd0d8cfea90b9f77e034d7ed6a2bd616eeb13402993c1b70298f115ab5b4611793ba777b78d839e34b65a3779a29098a684ff9" classname="com.github.traderjoe95.mls.protocol.tree.TreeKem" time="0.0"/>
  <testcase name="the decrypted path secret should be 822027daa081dd7d4c81f39c40ce094881eb3ae21fe06cf16fe4d67e5a950ae244b5ac612ede44248b8e5b267c9d164f44c3c38153c432c2df9103fdec9582e3" classname="com.github.traderjoe95.mls.protocol.tree.TreeKem" time="0.001"/>
  <testcase name="a new update path generated by the sender should be successfully processed" classname="com.github.traderjoe95.mls.protocol.tree.TreeKem" time="0.001"/>
  <testcase name="the update path should be parent-hash valid" classname="com.github.traderjoe95.mls.protocol.tree.TreeKem" time="0.0"/>
  <testcase name="the tree hash after merging the update path should be 758d645520d2dfaf2f5ce14c5fcd0d8cfea90b9f77e034d7ed6a2bd616eeb13402993c1b70298f115ab5b4611793ba777b78d839e34b65a3779a29098a684ff9" classname="com.github.traderjoe95.mls.protocol.tree.TreeKem" time="0.0"/>
  <testcase name="the decrypted path secret should be 822027daa081dd7d4c81f39c40ce094881eb3ae21fe06cf16fe4d67e5a950ae244b5ac612ede44248b8e5b267c9d164f44c3c38153c432c2df9103fdec9582e3" classname="com.github.traderjoe95.mls.protocol.tree.TreeKem" time="0.0"/>
  <testcase name="a new update path generated by the sender should be successfully processed" classname="com.github.traderjoe95.mls.protocol.tree.TreeKem" time="0.001"/>
  <testcase name="the update path should be parent-hash valid" classname="com.github.traderjoe95.mls.protocol.tree.TreeKem" time="0.0"/>
  <testcase name="the tree hash after merging the update path should be 758d645520d2dfaf2f5ce14c5fcd0d8cfea90b9f77e034d7ed6a2bd616eeb13402993c1b70298f115ab5b4611793ba777b78d839e34b65a3779a29098a684ff9" classname="com.github.traderjoe95.mls.protocol.tree.TreeKem" time="0.0"/>
  <testcase name="the decrypted path secret should be 739873fd1ec6089cb56080fe225491f8d73d5317960a748532279728dc8b2632026468ff99a4f7c2e9f78d7d6be4264514006b54e5b4e6a17d1c247b0ca97694" classname="com.github.traderjoe95.mls.protocol.tree.TreeKem" time="0.0"/>
  <testcase name="a new update path generated by the sender should be successfully processed" classname="com.github.traderjoe95.mls.protocol.tree.TreeKem" time="0.001"/>
  <testcase name="non-blank leaf 0 should be consistent with the public state" classname="com.github.traderjoe95.mls.protocol.tree.TreeKem" time="0.001"/>
  <testcase name="non-blank leaf 1 should be consistent with the public state" classname="com.github.traderjoe95.mls.protocol.tree.TreeKem" time="0.001"/>
  <testcase name="non-blank leaf 2 should be consistent with the public state" classname="com.github.traderjoe95.mls.protocol.tree.TreeKem" time="0.001"/>
  <testcase name="non-blank leaf 3 should be consistent with the public state" classname="com.github.traderjoe95.mls.protocol.tree.TreeKem" time="0.002"/>
  <testcase name="non-blank leaf 4 should be consistent with the public state" classname="com.github.traderjoe95.mls.protocol.tree.TreeKem" time="0.001"/>
  <testcase name="the update path should be parent-hash valid" classname="com.github.traderjoe95.mls.protocol.tree.TreeKem" time="0.0"/>
  <testcase name="the tree hash after merging the update path should be eb2e3075297cc771c8a44e0a9ce9444777f616c062d2d2114adab542fd548fe7a19707f3ff89c5bcf56a2be285e25ac56ce50fde6957857ca53370882378224a" classname="com.github.traderjoe95.mls.protocol.tree.TreeKem" time="0.0"/>
  <testcase name="the decrypted path secret should be 759a8547b5b19b16bccd8a9b0d47f6dd198437785f7f484b588487b6e34f811fa1328334d055fde0d9a26fb2b818a8f34e050619c8040e0884e538374c5043b5" classname="com.github.traderjoe95.mls.protocol.tree.TreeKem" time="0.001"/>
  <testcase name="a new update path generated by the sender should be successfully processed" classname="com.github.traderjoe95.mls.protocol.tree.TreeKem" time="0.001"/>
  <testcase name="the update path should be parent-hash valid" classname="com.github.traderjoe95.mls.protocol.tree.TreeKem" time="0.001"/>
  <testcase name="the tree hash after merging the update path should be eb2e3075297cc771c8a44e0a9ce9444777f616c062d2d2114adab542fd548fe7a19707f3ff89c5bcf56a2be285e25ac56ce50fde6957857ca53370882378224a" classname="com.github.traderjoe95.mls.protocol.tree.TreeKem" time="0.0"/>
  <testcase name="the decrypted path secret should be 6a3cc04dd69c5f4691cdde3ea9a084f093440bc760e64fb04b30ecd280e13d0abef4a9c2a079b775f10091d65ff1e7a1db81e5ab99e9673e67b96ab47ee0dd6c" classname="com.github.traderjoe95.mls.protocol.tree.TreeKem" time="0.001"/>
  <testcase name="a new update path generated by the sender should be successfully processed" classname="com.github.traderjoe95.mls.protocol.tree.TreeKem" time="0.001"/>
  <testcase name="the update path should be parent-hash valid" classname="com.github.traderjoe95.mls.protocol.tree.TreeKem" time="0.0"/>
  <testcase name="the tree hash after merging the update path should be eb2e3075297cc771c8a44e0a9ce9444777f616c062d2d2114adab542fd548fe7a19707f3ff89c5bcf56a2be285e25ac56ce50fde6957857ca53370882378224a" classname="com.github.traderjoe95.mls.protocol.tree.TreeKem" time="0.0"/>
  <testcase name="the decrypted path secret should be 6a3cc04dd69c5f4691cdde3ea9a084f093440bc760e64fb04b30ecd280e13d0abef4a9c2a079b775f10091d65ff1e7a1db81e5ab99e9673e67b96ab47ee0dd6c" classname="com.github.traderjoe95.mls.protocol.tree.TreeKem" time="0.0"/>
  <testcase name="a new update path generated by the sender should be successfully processed" classname="com.github.traderjoe95.mls.protocol.tree.TreeKem" time="0.001"/>
  <testcase name="the update path should be parent-hash valid" classname="com.github.traderjoe95.mls.protocol.tree.TreeKem" time="0.0"/>
  <testcase name="the tree hash after merging the update path should be eb2e3075297cc771c8a44e0a9ce9444777f616c062d2d2114adab542fd548fe7a19707f3ff89c5bcf56a2be285e25ac56ce50fde6957857ca53370882378224a" classname="com.github.traderjoe95.mls.protocol.tree.TreeKem" time="0.0"/>
  <testcase name="the decrypted path secret should be b474c7ac2f613a9132ec8e23daa41c9844ae5d36fd00693cf043386b840e9947dca90ab584afc1822a95e75a91376e2d2cf501b3c2317e0ccc7eb20ab3a865a0" classname="com.github.traderjoe95.mls.protocol.tree.TreeKem" time="0.001"/>
  <testcase name="a new update path generated by the sender should be successfully processed" classname="com.github.traderjoe95.mls.protocol.tree.TreeKem" time="0.001"/>
  <testcase name="the update path should be parent-hash valid" classname="com.github.traderjoe95.mls.protocol.tree.TreeKem" time="0.0"/>
  <testcase name="the tree hash after merging the update path should be 35e13285f7e69d86a78136c8f0a877ed1289c3513085dca97115a549c1ee06309d1d2a446f035a74a80abfbb7026fc3bfa023746723a458de1102111dada4b4b" classname="com.github.traderjoe95.mls.protocol.tree.TreeKem" time="0.0"/>
  <testcase name="the decrypted path secret should be b1b3f0f86a6a2054812aeb1374d8c2b06462eb3d4c008b1d36524a4297f829ee51439acc163d2bac07ec4f09816d3a9496292556138361a8f0dd36ebe490c525" classname="com.github.traderjoe95.mls.protocol.tree.TreeKem" time="0.0"/>
  <testcase name="a new update path generated by the sender should be successfully processed" classname="com.github.traderjoe95.mls.protocol.tree.TreeKem" time="0.001"/>
  <testcase name="the update path should be parent-hash valid" classname="com.github.traderjoe95.mls.protocol.tree.TreeKem" time="0.0"/>
  <testcase name="the tree hash after merging the update path should be 35e13285f7e69d86a78136c8f0a877ed1289c3513085dca97115a549c1ee06309d1d2a446f035a74a80abfbb7026fc3bfa023746723a458de1102111dada4b4b" classname="com.github.traderjoe95.mls.protocol.tree.TreeKem" time="0.0"/>
  <testcase name="the decrypted path secret should be ec8a51cbb41ccc3a2da20f781e9a9ddbbd2e6e0c65f8ca6da273b2d8b6ea27a8257afa9861950c7c3f98a8de04f9e607fd37c0afe993aa9115f64a327b364639" classname="com.github.traderjoe95.mls.protocol.tree.TreeKem" time="0.001"/>
  <testcase name="a new update path generated by the sender should be successfully processed" classname="com.github.traderjoe95.mls.protocol.tree.TreeKem" time="0.001"/>
  <testcase name="the update path should be parent-hash valid" classname="com.github.traderjoe95.mls.protocol.tree.TreeKem" time="0.0"/>
  <testcase name="the tree hash after merging the update path should be 35e13285f7e69d86a78136c8f0a877ed1289c3513085dca97115a549c1ee06309d1d2a446f035a74a80abfbb7026fc3bfa023746723a458de1102111dada4b4b" classname="com.github.traderjoe95.mls.protocol.tree.TreeKem" time="0.0"/>
  <testcase name="the decrypted path secret should be ec8a51cbb41ccc3a2da20f781e9a9ddbbd2e6e0c65f8ca6da273b2d8b6ea27a8257afa9861950c7c3f98a8de04f9e607fd37c0afe993aa9115f64a327b364639" classname="com.github.traderjoe95.mls.protocol.tree.TreeKem" time="0.001"/>
  <testcase name="a new update path generated by the sender should be successfully processed" classname="com.github.traderjoe95.mls.protocol.tree.TreeKem" time="0.001"/>
  <testcase name="the update path should be parent-hash valid" classname="com.github.traderjoe95.mls.protocol.tree.TreeKem" time="0.0"/>
  <testcase name="the tree hash after merging the update path should be 35e13285f7e69d86a78136c8f0a877ed1289c3513085dca97115a549c1ee06309d1d2a446f035a74a80abfbb7026fc3bfa023746723a458de1102111dada4b4b" classname="com.github.traderjoe95.mls.protocol.tree.TreeKem" time="0.001"/>
  <testcase name="the decrypted path secret should be 7c255ffe5f00f61829d84f15561eebb7b07143645bfcc88797b254dd5255aeef49bb5b1ca540cb86f1396f3dcae773f80f1d8f877f1bccf2532e470f3278e45c" classname="com.github.traderjoe95.mls.protocol.tree.TreeKem" time="0.001"/>
  <testcase name="a new update path generated by the sender should be successfully processed" classname="com.github.traderjoe95.mls.protocol.tree.TreeKem" time="0.001"/>
  <testcase name="the update path should be parent-hash valid" classname="com.github.traderjoe95.mls.protocol.tree.TreeKem" time="0.0"/>
  <testcase name="the tree hash after merging the update path should be 3177919a9e8272e9b4c8c6f1a31bb7b70b809733bd949c4789bf3e4679dce37156a60cb38701e699222920bbf8aa6b20863ec7e928e9cb93f796845faa0b7c8b" classname="com.github.traderjoe95.mls.protocol.tree.TreeKem" time="0.0"/>
  <testcase name="the decrypted path secret should be cb5eb11add0125d52b550c73d2eb0c0280ddc4fb9cb1cfa9c3daaa92958fff8ede6e246bb4468ddaafe977aa08efb55d256ed5624a46e0fdf9acc8fd4fc07e12" classname="com.github.traderjoe95.mls.protocol.tree.TreeKem" time="0.001"/>
  <testcase name="a new update path generated by the sender should be successfully processed" classname="com.github.traderjoe95.mls.protocol.tree.TreeKem" time="0.001"/>
  <testcase name="the update path should be parent-hash valid" classname="com.github.traderjoe95.mls.protocol.tree.TreeKem" time="0.001"/>
  <testcase name="the tree hash after merging the update path should be 3177919a9e8272e9b4c8c6f1a31bb7b70b809733bd949c4789bf3e4679dce37156a60cb38701e699222920bbf8aa6b20863ec7e928e9cb93f796845faa0b7c8b" classname="com.github.traderjoe95.mls.protocol.tree.TreeKem" time="0.001"/>
  <testcase name="the decrypted path secret should be cb5eb11add0125d52b550c73d2eb0c0280ddc4fb9cb1cfa9c3daaa92958fff8ede6e246bb4468ddaafe977aa08efb55d256ed5624a46e0fdf9acc8fd4fc07e12" classname="com.github.traderjoe95.mls.protocol.tree.TreeKem" time="0.0"/>
  <testcase name="a new update path generated by the sender should be successfully processed" classname="com.github.traderjoe95.mls.protocol.tree.TreeKem" time="0.001"/>
  <testcase name="the update path should be parent-hash valid" classname="com.github.traderjoe95.mls.protocol.tree.TreeKem" time="0.0"/>
  <testcase name="the tree hash after merging the update path should be 3177919a9e8272e9b4c8c6f1a31bb7b70b809733bd949c4789bf3e4679dce37156a60cb38701e699222920bbf8aa6b20863ec7e928e9cb93f796845faa0b7c8b" classname="com.github.traderjoe95.mls.protocol.tree.TreeKem" time="0.001"/>
  <testcase name="the decrypted path secret should be f565c5412e21a86e990a05e45cf51e1dff1e35397d82d17baaf5c6e6fc42035f1e42346081de961767d1fff3328dce5f06638f8a7bff96d46c50c07ef7ac2dc2" classname="com.github.traderjoe95.mls.protocol.tree.TreeKem" time="0.001"/>
  <testcase name="a new update path generated by the sender should be successfully processed" classname="com.github.traderjoe95.mls.protocol.tree.TreeKem" time="0.0"/>
  <testcase name="the update path should be parent-hash valid" classname="com.github.traderjoe95.mls.protocol.tree.TreeKem" time="0.001"/>
  <testcase name="the tree hash after merging the update path should be 3177919a9e8272e9b4c8c6f1a31bb7b70b809733bd949c4789bf3e4679dce37156a60cb38701e699222920bbf8aa6b20863ec7e928e9cb93f796845faa0b7c8b" classname="com.github.traderjoe95.mls.protocol.tree.TreeKem" time="0.0"/>
  <testcase name="the decrypted path secret should be ffd418c9800a8be1706fe26cb0fbb2445ff4e255e66b2479ebebf1d89b8e86636b6dd4fbb1ad83808196b84953d17044417cc933cf2157e00a6765593cd6399d" classname="com.github.traderjoe95.mls.protocol.tree.TreeKem" time="0.001"/>
  <testcase name="a new update path generated by the sender should be successfully processed" classname="com.github.traderjoe95.mls.protocol.tree.TreeKem" time="0.001"/>
  <testcase name="the update path should be parent-hash valid" classname="com.github.traderjoe95.mls.protocol.tree.TreeKem" time="0.001"/>
  <testcase name="the tree hash after merging the update path should be c51e82914a9fe3cb40ae0c7b5833b311aa1160f7e2038a051b6121a50e210797daf3a17681ebf4bccf3fec11c158d97568e92d55000878472ca9aabeed57c12f" classname="com.github.traderjoe95.mls.protocol.tree.TreeKem" time="0.001"/>
  <testcase name="the decrypted path secret should be 9b893d7caa3a0d3c895517b7603c6e262ca4b09c5a48145b11c89fa5bc30b93802f4904da24fc15afef0ef001997b72928e19a6b07ddccc28fd3709c53740a33" classname="com.github.traderjoe95.mls.protocol.tree.TreeKem" time="0.001"/>
  <testcase name="a new update path generated by the sender should be successfully processed" classname="com.github.traderjoe95.mls.protocol.tree.TreeKem" time="0.001"/>
  <testcase name="the update path should be parent-hash valid" classname="com.github.traderjoe95.mls.protocol.tree.TreeKem" time="0.0"/>
  <testcase name="the tree hash after merging the update path should be c51e82914a9fe3cb40ae0c7b5833b311aa1160f7e2038a051b6121a50e210797daf3a17681ebf4bccf3fec11c158d97568e92d55000878472ca9aabeed57c12f" classname="com.github.traderjoe95.mls.protocol.tree.TreeKem" time="0.001"/>
  <testcase name="the decrypted path secret should be 9b893d7caa3a0d3c895517b7603c6e262ca4b09c5a48145b11c89fa5bc30b93802f4904da24fc15afef0ef001997b72928e19a6b07ddccc28fd3709c53740a33" classname="com.github.traderjoe95.mls.protocol.tree.TreeKem" time="0.001"/>
  <testcase name="a new update path generated by the sender should be successfully processed" classname="com.github.traderjoe95.mls.protocol.tree.TreeKem" time="0.0"/>
  <testcase name="the update path should be parent-hash valid" classname="com.github.traderjoe95.mls.protocol.tree.TreeKem" time="0.0"/>
  <testcase name="the tree hash after merging the update path should be c51e82914a9fe3cb40ae0c7b5833b311aa1160f7e2038a051b6121a50e210797daf3a17681ebf4bccf3fec11c158d97568e92d55000878472ca9aabeed57c12f" classname="com.github.traderjoe95.mls.protocol.tree.TreeKem" time="0.001"/>
  <testcase name="the decrypted path secret should be 10bb8e7c58de3efb6f3a1815de66e1fcc6c7bbf3f896eb6abf3b1b1dc86b957d84795c14d90e37ea59dbda934e2acbdb16b1ca4b2d9a764131cf48cc2a01bf4a" classname="com.github.traderjoe95.mls.protocol.tree.TreeKem" time="0.001"/>
  <testcase name="a new update path generated by the sender should be successfully processed" classname="com.github.traderjoe95.mls.protocol.tree.TreeKem" time="0.001"/>
  <testcase name="the update path should be parent-hash valid" classname="com.github.traderjoe95.mls.protocol.tree.TreeKem" time="0.0"/>
  <testcase name="the tree hash after merging the update path should be c51e82914a9fe3cb40ae0c7b5833b311aa1160f7e2038a051b6121a50e210797daf3a17681ebf4bccf3fec11c158d97568e92d55000878472ca9aabeed57c12f" classname="com.github.traderjoe95.mls.protocol.tree.TreeKem" time="0.0"/>
  <testcase name="the decrypted path secret should be 8a8cd0429e7c609cf5ba61aadccc46bba3337cf3fc0bf1d990c033a73832f1275527fa27ce6ef8fee03fcfc5d89e9946bb269d148039ecc5a9d60bfd3a0cea1a" classname="com.github.traderjoe95.mls.protocol.tree.TreeKem" time="0.001"/>
  <testcase name="a new update path generated by the sender should be successfully processed" classname="com.github.traderjoe95.mls.protocol.tree.TreeKem" time="0.002"/>
  <testcase name="the update path should be parent-hash valid" classname="com.github.traderjoe95.mls.protocol.tree.TreeKem" time="0.001"/>
  <testcase name="the tree hash after merging the update path should be b6493b0ef6b5adc874ee23567616f646c99851437958f0bc879af9d06907030cd6bc9c110c8981fa4e8a27389d22ee9b1acabcb9599fed34f4a01d07b6f3e64b" classname="com.github.traderjoe95.mls.protocol.tree.TreeKem" time="0.0"/>
  <testcase name="the decrypted path secret should be c2581796e6c19509f921666c65816cc308cf1300d359f891d53ef221c4b8df2436838918e590ab514cdbf7da4a7562bf6707dd4895861cc6b4b12241827924d7" classname="com.github.traderjoe95.mls.protocol.tree.TreeKem" time="0.001"/>
  <testcase name="a new update path generated by the sender should be successfully processed" classname="com.github.traderjoe95.mls.protocol.tree.TreeKem" time="0.001"/>
  <testcase name="the update path should be parent-hash valid" classname="com.github.traderjoe95.mls.protocol.tree.TreeKem" time="0.0"/>
  <testcase name="the tree hash after merging the update path should be b6493b0ef6b5adc874ee23567616f646c99851437958f0bc879af9d06907030cd6bc9c110c8981fa4e8a27389d22ee9b1acabcb9599fed34f4a01d07b6f3e64b" classname="com.github.traderjoe95.mls.protocol.tree.TreeKem" time="0.0"/>
  <testcase name="the decrypted path secret should be c2581796e6c19509f921666c65816cc308cf1300d359f891d53ef221c4b8df2436838918e590ab514cdbf7da4a7562bf6707dd4895861cc6b4b12241827924d7" classname="com.github.traderjoe95.mls.protocol.tree.TreeKem" time="0.0"/>
  <testcase name="a new update path generated by the sender should be successfully processed" classname="com.github.traderjoe95.mls.protocol.tree.TreeKem" time="0.001"/>
  <testcase name="the update path should be parent-hash valid" classname="com.github.traderjoe95.mls.protocol.tree.TreeKem" time="0.0"/>
  <testcase name="the tree hash after merging the update path should be b6493b0ef6b5adc874ee23567616f646c99851437958f0bc879af9d06907030cd6bc9c110c8981fa4e8a27389d22ee9b1acabcb9599fed34f4a01d07b6f3e64b" classname="com.github.traderjoe95.mls.protocol.tree.TreeKem" time="0.001"/>
  <testcase name="the decrypted path secret should be c2581796e6c19509f921666c65816cc308cf1300d359f891d53ef221c4b8df2436838918e590ab514cdbf7da4a7562bf6707dd4895861cc6b4b12241827924d7" classname="com.github.traderjoe95.mls.protocol.tree.TreeKem" time="0.001"/>
  <testcase name="a new update path generated by the sender should be successfully processed" classname="com.github.traderjoe95.mls.protocol.tree.TreeKem" time="0.001"/>
  <testcase name="the update path should be parent-hash valid" classname="com.github.traderjoe95.mls.protocol.tree.TreeKem" time="0.0"/>
  <testcase name="the tree hash after merging the update path should be b6493b0ef6b5adc874ee23567616f646c99851437958f0bc879af9d06907030cd6bc9c110c8981fa4e8a27389d22ee9b1acabcb9599fed34f4a01d07b6f3e64b" classname="com.github.traderjoe95.mls.protocol.tree.TreeKem" time="0.0"/>
  <testcase name="the decrypted path secret should be c2581796e6c19509f921666c65816cc308cf1300d359f891d53ef221c4b8df2436838918e590ab514cdbf7da4a7562bf6707dd4895861cc6b4b12241827924d7" classname="com.github.traderjoe95.mls.protocol.tree.TreeKem" time="0.0"/>
  <testcase name="a new update path generated by the sender should be successfully processed" classname="com.github.traderjoe95.mls.protocol.tree.TreeKem" time="0.001"/>
  <testcase name="non-blank leaf 0 should be consistent with the public state" classname="com.github.traderjoe95.mls.protocol.tree.TreeKem" time="0.002"/>
  <testcase name="non-blank leaf 1 should be consistent with the public state" classname="com.github.traderjoe95.mls.protocol.tree.TreeKem" time="0.001"/>
  <testcase name="non-blank leaf 2 should be consistent with the public state" classname="com.github.traderjoe95.mls.protocol.tree.TreeKem" time="0.002"/>
  <testcase name="non-blank leaf 3 should be consistent with the public state" classname="com.github.traderjoe95.mls.protocol.tree.TreeKem" time="0.002"/>
  <testcase name="non-blank leaf 4 should be consistent with the public state" classname="com.github.traderjoe95.mls.protocol.tree.TreeKem" time="0.001"/>
  <testcase name="non-blank leaf 5 should be consistent with the public state" classname="com.github.traderjoe95.mls.protocol.tree.TreeKem" time="0.001"/>
  <testcase name="the update path should be parent-hash valid" classname="com.github.traderjoe95.mls.protocol.tree.TreeKem" time="0.001"/>
  <testcase name="the tree hash after merging the update path should be 4e215f49996fd832d1afc6861a58941697d8b5373978b677dffbf15450db8709da86e02bd276c9b2750d01518458ee459253c882de92f0729c217ea05c151b74" classname="com.github.traderjoe95.mls.protocol.tree.TreeKem" time="0.001"/>
  <testcase name="the decrypted path secret should be 4d8fa1f4ac41eab2d4f7640fc104b2d67340e18026dd1849850fcd4ec21fcb90baa1e7550eac32c5470b3b1d064c168899ae6cd13885de2a309b0616a6587fe4" classname="com.github.traderjoe95.mls.protocol.tree.TreeKem" time="0.001"/>
  <testcase name="a new update path generated by the sender should be successfully processed" classname="com.github.traderjoe95.mls.protocol.tree.TreeKem" time="0.001"/>
  <testcase name="the update path should be parent-hash valid" classname="com.github.traderjoe95.mls.protocol.tree.TreeKem" time="0.0"/>
  <testcase name="the tree hash after merging the update path should be 4e215f49996fd832d1afc6861a58941697d8b5373978b677dffbf15450db8709da86e02bd276c9b2750d01518458ee459253c882de92f0729c217ea05c151b74" classname="com.github.traderjoe95.mls.protocol.tree.TreeKem" time="0.001"/>
  <testcase name="the decrypted path secret should be ee138eb55612f2fb68013657ebdf924b8e2e2c692ddb726bc59cecf7195be82cde149973cba5501d3af47eee31009772013879f5193f4cc1c935a2e96d97bb58" classname="com.github.traderjoe95.mls.protocol.tree.TreeKem" time="0.001"/>
  <testcase name="a new update path generated by the sender should be successfully processed" classname="com.github.traderjoe95.mls.protocol.tree.TreeKem" time="0.001"/>
  <testcase name="the update path should be parent-hash valid" classname="com.github.traderjoe95.mls.protocol.tree.TreeKem" time="0.0"/>
  <testcase name="the tree hash after merging the update path should be 4e215f49996fd832d1afc6861a58941697d8b5373978b677dffbf15450db8709da86e02bd276c9b2750d01518458ee459253c882de92f0729c217ea05c151b74" classname="com.github.traderjoe95.mls.protocol.tree.TreeKem" time="0.001"/>
  <testcase name="the decrypted path secret should be ee138eb55612f2fb68013657ebdf924b8e2e2c692ddb726bc59cecf7195be82cde149973cba5501d3af47eee31009772013879f5193f4cc1c935a2e96d97bb58" classname="com.github.traderjoe95.mls.protocol.tree.TreeKem" time="0.001"/>
  <testcase name="a new update path generated by the sender should be successfully processed" classname="com.github.traderjoe95.mls.protocol.tree.TreeKem" time="0.0"/>
  <testcase name="the update path should be parent-hash valid" classname="com.github.traderjoe95.mls.protocol.tree.TreeKem" time="0.001"/>
  <testcase name="the tree hash after merging the update path should be 4e215f49996fd832d1afc6861a58941697d8b5373978b677dffbf15450db8709da86e02bd276c9b2750d01518458ee459253c882de92f0729c217ea05c151b74" classname="com.github.traderjoe95.mls.protocol.tree.TreeKem" time="0.001"/>
  <testcase name="the decrypted path secret should be f1138bf489d346d70c6afd2777df85d2bcce5288063996f9868f0a06e8fc98b943fe7a3bcf2c60a2646a060e9c17b31969bfa2839f2c8c7a6979a3d6ff7215ae" classname="com.github.traderjoe95.mls.protocol.tree.TreeKem" time="0.001"/>
  <testcase name="a new update path generated by the sender should be successfully processed" classname="com.github.traderjoe95.mls.protocol.tree.TreeKem" time="0.002"/>
  <testcase name="the update path should be parent-hash valid" classname="com.github.traderjoe95.mls.protocol.tree.TreeKem" time="0.0"/>
  <testcase name="the tree hash after merging the update path should be 4e215f49996fd832d1afc6861a58941697d8b5373978b677dffbf15450db8709da86e02bd276c9b2750d01518458ee459253c882de92f0729c217ea05c151b74" classname="com.github.traderjoe95.mls.protocol.tree.TreeKem" time="0.0"/>
  <testcase name="the decrypted path secret should be f1138bf489d346d70c6afd2777df85d2bcce5288063996f9868f0a06e8fc98b943fe7a3bcf2c60a2646a060e9c17b31969bfa2839f2c8c7a6979a3d6ff7215ae" classname="com.github.traderjoe95.mls.protocol.tree.TreeKem" time="0.001"/>
  <testcase name="a new update path generated by the sender should be successfully processed" classname="com.github.traderjoe95.mls.protocol.tree.TreeKem" time="0.001"/>
  <testcase name="the update path should be parent-hash valid" classname="com.github.traderjoe95.mls.protocol.tree.TreeKem" time="0.0"/>
  <testcase name="the tree hash after merging the update path should be 3dcaaf64e88b676564b897b178037a3d29b3e8f63e55c20eb49f6e315a50709c81f342ca7a24abcf97d080c4b9cbc92a33b356a14d9fb48de2bb125d31f592e6" classname="com.github.traderjoe95.mls.protocol.tree.TreeKem" time="0.0"/>
  <testcase name="the decrypted path secret should be a97f884c3a4dab3e94a9884abb33ed6faf57ddefbea02fdff58176a7e68dbaaef5df5d9cf7a5f41f6d44c9df95632c54ac9fa9283fd0fa99b32e05cceeba75a7" classname="com.github.traderjoe95.mls.protocol.tree.TreeKem" time="0.0"/>
  <testcase name="a new update path generated by the sender should be successfully processed" classname="com.github.traderjoe95.mls.protocol.tree.TreeKem" time="0.001"/>
  <testcase name="the update path should be parent-hash valid" classname="com.github.traderjoe95.mls.protocol.tree.TreeKem" time="0.0"/>
  <testcase name="the tree hash after merging the update path should be 3dcaaf64e88b676564b897b178037a3d29b3e8f63e55c20eb49f6e315a50709c81f342ca7a24abcf97d080c4b9cbc92a33b356a14d9fb48de2bb125d31f592e6" classname="com.github.traderjoe95.mls.protocol.tree.TreeKem" time="0.0"/>
  <testcase name="the decrypted path secret should be 469d412bf63172bc1b5e51352b020bf8033d4f40942aa14b93172858d0da338bdca8f4d85cc8e4f903ef734157fb6a67eb7d712e947f22790175ef1852ec9061" classname="com.github.traderjoe95.mls.protocol.tree.TreeKem" time="0.001"/>
  <testcase name="a new update path generated by the sender should be successfully processed" classname="com.github.traderjoe95.mls.protocol.tree.TreeKem" time="0.001"/>
  <testcase name="the update path should be parent-hash valid" classname="com.github.traderjoe95.mls.protocol.tree.TreeKem" time="0.0"/>
  <testcase name="the tree hash after merging the update path should be 3dcaaf64e88b676564b897b178037a3d29b3e8f63e55c20eb49f6e315a50709c81f342ca7a24abcf97d080c4b9cbc92a33b356a14d9fb48de2bb125d31f592e6" classname="com.github.traderjoe95.mls.protocol.tree.TreeKem" time="0.0"/>
  <testcase name="the decrypted path secret should be 469d412bf63172bc1b5e51352b020bf8033d4f40942aa14b93172858d0da338bdca8f4d85cc8e4f903ef734157fb6a67eb7d712e947f22790175ef1852ec9061" classname="com.github.traderjoe95.mls.protocol.tree.TreeKem" time="0.0"/>
  <testcase name="a new update path generated by the sender should be successfully processed" classname="com.github.traderjoe95.mls.protocol.tree.TreeKem" time="0.001"/>
  <testcase name="the update path should be parent-hash valid" classname="com.github.traderjoe95.mls.protocol.tree.TreeKem" time="0.0"/>
  <testcase name="the tree hash after merging the update path should be 3dcaaf64e88b676564b897b178037a3d29b3e8f63e55c20eb49f6e315a50709c81f342ca7a24abcf97d080c4b9cbc92a33b356a14d9fb48de2bb125d31f592e6" classname="com.github.traderjoe95.mls.protocol.tree.TreeKem" time="0.0"/>
  <testcase name="the decrypted path secret should be 96132a7903e8aa74abb8587d2ae5cc76398cf1605689455bfe7b56f2c94f41eaadea6d4f4666c82bb690b9f0a76ef29db82306ad6ae084377f60fb853f1cecba" classname="com.github.traderjoe95.mls.protocol.tree.TreeKem" time="0.001"/>
  <testcase name="a new update path generated by the sender should be successfully processed" classname="com.github.traderjoe95.mls.protocol.tree.TreeKem" time="0.001"/>
  <testcase name="the update path should be parent-hash valid" classname="com.github.traderjoe95.mls.protocol.tree.TreeKem" time="0.0"/>
  <testcase name="the tree hash after merging the update path should be 3dcaaf64e88b676564b897b178037a3d29b3e8f63e55c20eb49f6e315a50709c81f342ca7a24abcf97d080c4b9cbc92a33b356a14d9fb48de2bb125d31f592e6" classname="com.github.traderjoe95.mls.protocol.tree.TreeKem" time="0.0"/>
  <testcase name="the decrypted path secret should be 96132a7903e8aa74abb8587d2ae5cc76398cf1605689455bfe7b56f2c94f41eaadea6d4f4666c82bb690b9f0a76ef29db82306ad6ae084377f60fb853f1cecba" classname="com.github.traderjoe95.mls.protocol.tree.TreeKem" time="0.001"/>
  <testcase name="a new update path generated by the sender should be successfully processed" classname="com.github.traderjoe95.mls.protocol.tree.TreeKem" time="0.001"/>
  <testcase name="the update path should be parent-hash valid" classname="com.github.traderjoe95.mls.protocol.tree.TreeKem" time="0.0"/>
  <testcase name="the tree hash after merging the update path should be 68b1b9fd5f079b0a2f5f1bf2b93971553f1ac0e2cda1d394050d9c2b1f23344709f763e8cec911f23ea82473d65c19d5ea914ae3a198b670dcd1d7427968fd00" classname="com.github.traderjoe95.mls.protocol.tree.TreeKem" time="0.0"/>
  <testcase name="the decrypted path secret should be 4b6e031109147d348d65954c1cac9586810f20e1b8927504114e8e93ad48a1f1939ae20c9fe6a31c05e32002b2b781cdd547334caa9de96f0923aef715ed50be" classname="com.github.traderjoe95.mls.protocol.tree.TreeKem" time="0.0"/>
  <testcase name="a new update path generated by the sender should be successfully processed" classname="com.github.traderjoe95.mls.protocol.tree.TreeKem" time="0.001"/>
  <testcase name="the update path should be parent-hash valid" classname="com.github.traderjoe95.mls.protocol.tree.TreeKem" time="0.0"/>
  <testcase name="the tree hash after merging the update path should be 68b1b9fd5f079b0a2f5f1bf2b93971553f1ac0e2cda1d394050d9c2b1f23344709f763e8cec911f23ea82473d65c19d5ea914ae3a198b670dcd1d7427968fd00" classname="com.github.traderjoe95.mls.protocol.tree.TreeKem" time="0.0"/>
  <testcase name="the decrypted path secret should be 4b6e031109147d348d65954c1cac9586810f20e1b8927504114e8e93ad48a1f1939ae20c9fe6a31c05e32002b2b781cdd547334caa9de96f0923aef715ed50be" classname="com.github.traderjoe95.mls.protocol.tree.TreeKem" time="0.001"/>
  <testcase name="a new update path generated by the sender should be successfully processed" classname="com.github.traderjoe95.mls.protocol.tree.TreeKem" time="0.001"/>
  <testcase name="the update path should be parent-hash valid" classname="com.github.traderjoe95.mls.protocol.tree.TreeKem" time="0.001"/>
  <testcase name="the tree hash after merging the update path should be 68b1b9fd5f079b0a2f5f1bf2b93971553f1ac0e2cda1d394050d9c2b1f23344709f763e8cec911f23ea82473d65c19d5ea914ae3a198b670dcd1d7427968fd00" classname="com.github.traderjoe95.mls.protocol.tree.TreeKem" time="0.001"/>
  <testcase name="the decrypted path secret should be ea45f5048d174d50bb104cae20fa80e215dc98bf67f7311863e3b99a220235777b2e4db04be6aa563fb7d7e216b2ae501a7bb89e8a543e7504ff95a293046183" classname="com.github.traderjoe95.mls.protocol.tree.TreeKem" time="0.001"/>
  <testcase name="a new update path generated by the sender should be successfully processed" classname="com.github.traderjoe95.mls.protocol.tree.TreeKem" time="0.001"/>
  <testcase name="the update path should be parent-hash valid" classname="com.github.traderjoe95.mls.protocol.tree.TreeKem" time="0.0"/>
  <testcase name="the tree hash after merging the update path should be 68b1b9fd5f079b0a2f5f1bf2b93971553f1ac0e2cda1d394050d9c2b1f23344709f763e8cec911f23ea82473d65c19d5ea914ae3a198b670dcd1d7427968fd00" classname="com.github.traderjoe95.mls.protocol.tree.TreeKem" time="0.0"/>
  <testcase name="the decrypted path secret should be 5ccca2d995702771d773a76fdad3b76fb630ead6ec7aeee0215be9454351c18743463e0afffb0aee131a534bd985f69cb977783bb0debaf0a94948438534c54c" classname="com.github.traderjoe95.mls.protocol.tree.TreeKem" time="0.001"/>
  <testcase name="a new update path generated by the sender should be successfully processed" classname="com.github.traderjoe95.mls.protocol.tree.TreeKem" time="0.002"/>
  <testcase name="the update path should be parent-hash valid" classname="com.github.traderjoe95.mls.protocol.tree.TreeKem" time="0.0"/>
  <testcase name="the tree hash after merging the update path should be 68b1b9fd5f079b0a2f5f1bf2b93971553f1ac0e2cda1d394050d9c2b1f23344709f763e8cec911f23ea82473d65c19d5ea914ae3a198b670dcd1d7427968fd00" classname="com.github.traderjoe95.mls.protocol.tree.TreeKem" time="0.0"/>
  <testcase name="the decrypted path secret should be 5ccca2d995702771d773a76fdad3b76fb630ead6ec7aeee0215be9454351c18743463e0afffb0aee131a534bd985f69cb977783bb0debaf0a94948438534c54c" classname="com.github.traderjoe95.mls.protocol.tree.TreeKem" time="0.001"/>
  <testcase name="a new update path generated by the sender should be successfully processed" classname="com.github.traderjoe95.mls.protocol.tree.TreeKem" time="0.001"/>
  <testcase name="the update path should be parent-hash valid" classname="com.github.traderjoe95.mls.protocol.tree.TreeKem" time="0.0"/>
  <testcase name="the tree hash after merging the update path should be 0032889f3ea5eb0eb6c756ad8d079d439ebd691e9713c2714cd8592f663f72a84d106f67cd7af672c4f3244c99c4bdcecbf90630ebf1588e0ca54b6a34588b87" classname="com.github.traderjoe95.mls.protocol.tree.TreeKem" time="0.0"/>
  <testcase name="the decrypted path secret should be c485860bc5108b128871cb639919e81a8bf4bc5904533f68b00cab576cc2cb6226c89e8392c7661887d50780db3bec6e1e30b83cba86d9ee5e5af99514f03f6f" classname="com.github.traderjoe95.mls.protocol.tree.TreeKem" time="0.001"/>
  <testcase name="a new update path generated by the sender should be successfully processed" classname="com.github.traderjoe95.mls.protocol.tree.TreeKem" time="0.001"/>
  <testcase name="the update path should be parent-hash valid" classname="com.github.traderjoe95.mls.protocol.tree.TreeKem" time="0.001"/>
  <testcase name="the tree hash after merging the update path should be 0032889f3ea5eb0eb6c756ad8d079d439ebd691e9713c2714cd8592f663f72a84d106f67cd7af672c4f3244c99c4bdcecbf90630ebf1588e0ca54b6a34588b87" classname="com.github.traderjoe95.mls.protocol.tree.TreeKem" time="0.0"/>
  <testcase name="the decrypted path secret should be c485860bc5108b128871cb639919e81a8bf4bc5904533f68b00cab576cc2cb6226c89e8392c7661887d50780db3bec6e1e30b83cba86d9ee5e5af99514f03f6f" classname="com.github.traderjoe95.mls.protocol.tree.TreeKem" time="0.001"/>
  <testcase name="a new update path generated by the sender should be successfully processed" classname="com.github.traderjoe95.mls.protocol.tree.TreeKem" time="0.001"/>
  <testcase name="the update path should be parent-hash valid" classname="com.github.traderjoe95.mls.protocol.tree.TreeKem" time="0.001"/>
  <testcase name="the tree hash after merging the update path should be 0032889f3ea5eb0eb6c756ad8d079d439ebd691e9713c2714cd8592f663f72a84d106f67cd7af672c4f3244c99c4bdcecbf90630ebf1588e0ca54b6a34588b87" classname="com.github.traderjoe95.mls.protocol.tree.TreeKem" time="0.001"/>
  <testcase name="the decrypted path secret should be 11540e8290d4cbc28433a9b928fb6d1523008cc8d364bbd7a429e32ba944cbedac1b314baac1e8af68e07d68072134fb382674baacb19c3c405df71e1f2d9f14" classname="com.github.traderjoe95.mls.protocol.tree.TreeKem" time="0.001"/>
  <testcase name="a new update path generated by the sender should be successfully processed" classname="com.github.traderjoe95.mls.protocol.tree.TreeKem" time="0.001"/>
  <testcase name="the update path should be parent-hash valid" classname="com.github.traderjoe95.mls.protocol.tree.TreeKem" time="0.0"/>
  <testcase name="the tree hash after merging the update path should be 0032889f3ea5eb0eb6c756ad8d079d439ebd691e9713c2714cd8592f663f72a84d106f67cd7af672c4f3244c99c4bdcecbf90630ebf1588e0ca54b6a34588b87" classname="com.github.traderjoe95.mls.protocol.tree.TreeKem" time="0.001"/>
  <testcase name="the decrypted path secret should be 80854499188c126f35aaf189fc46580942a88cbc9469d18c131d7622309815d17823bb435d77eaaf57d27c3b536e35a94e9ab084c24610324fafefbe213d6b7c" classname="com.github.traderjoe95.mls.protocol.tree.TreeKem" time="0.001"/>
  <testcase name="a new update path generated by the sender should be successfully processed" classname="com.github.traderjoe95.mls.protocol.tree.TreeKem" time="0.001"/>
  <testcase name="the update path should be parent-hash valid" classname="com.github.traderjoe95.mls.protocol.tree.TreeKem" time="0.0"/>
  <testcase name="the tree hash after merging the update path should be 0032889f3ea5eb0eb6c756ad8d079d439ebd691e9713c2714cd8592f663f72a84d106f67cd7af672c4f3244c99c4bdcecbf90630ebf1588e0ca54b6a34588b87" classname="com.github.traderjoe95.mls.protocol.tree.TreeKem" time="0.0"/>
  <testcase name="the decrypted path secret should be 80854499188c126f35aaf189fc46580942a88cbc9469d18c131d7622309815d17823bb435d77eaaf57d27c3b536e35a94e9ab084c24610324fafefbe213d6b7c" classname="com.github.traderjoe95.mls.protocol.tree.TreeKem" time="0.001"/>
  <testcase name="a new update path generated by the sender should be successfully processed" classname="com.github.traderjoe95.mls.protocol.tree.TreeKem" time="0.001"/>
  <testcase name="the update path should be parent-hash valid" classname="com.github.traderjoe95.mls.protocol.tree.TreeKem" time="0.0"/>
  <testcase name="the tree hash after merging the update path should be 85e267a130b4b10d6fb45222be058c8a08c8f946895e041d0f7747c0dfa4c1bb9e4887d01dadb6aac7e979f896fc59017518377dcc3affb645d9f5e74bccaaeb" classname="com.github.traderjoe95.mls.protocol.tree.TreeKem" time="0.0"/>
  <testcase name="the decrypted path secret should be 796e2169fa1d8dd5ba1423202ef5adc33b5a4828b6d97876d315c601e7a02bb8ad8f115e9fdf4a29032ba8a44a6e0eb4a00197d2ef42d3478e18e93222c68ffe" classname="com.github.traderjoe95.mls.protocol.tree.TreeKem" time="0.0"/>
  <testcase name="a new update path generated by the sender should be successfully processed" classname="com.github.traderjoe95.mls.protocol.tree.TreeKem" time="0.001"/>
  <testcase name="the update path should be parent-hash valid" classname="com.github.traderjoe95.mls.protocol.tree.TreeKem" time="0.001"/>
  <testcase name="the tree hash after merging the update path should be 85e267a130b4b10d6fb45222be058c8a08c8f946895e041d0f7747c0dfa4c1bb9e4887d01dadb6aac7e979f896fc59017518377dcc3affb645d9f5e74bccaaeb" classname="com.github.traderjoe95.mls.protocol.tree.TreeKem" time="0.001"/>
  <testcase name="the decrypted path secret should be 796e2169fa1d8dd5ba1423202ef5adc33b5a4828b6d97876d315c601e7a02bb8ad8f115e9fdf4a29032ba8a44a6e0eb4a00197d2ef42d3478e18e93222c68ffe" classname="com.github.traderjoe95.mls.protocol.tree.TreeKem" time="0.0"/>
  <testcase name="a new update path generated by the sender should be successfully processed" classname="com.github.traderjoe95.mls.protocol.tree.TreeKem" time="0.001"/>
  <testcase name="the update path should be parent-hash valid" classname="com.github.traderjoe95.mls.protocol.tree.TreeKem" time="0.0"/>
  <testcase name="the tree hash after merging the update path should be 85e267a130b4b10d6fb45222be058c8a08c8f946895e041d0f7747c0dfa4c1bb9e4887d01dadb6aac7e979f896fc59017518377dcc3affb645d9f5e74bccaaeb" classname="com.github.traderjoe95.mls.protocol.tree.TreeKem" time="0.0"/>
  <testcase name="the decrypted path secret should be 796e2169fa1d8dd5ba1423202ef5adc33b5a4828b6d97876d315c601e7a02bb8ad8f115e9fdf4a29032ba8a44a6e0eb4a00197d2ef42d3478e18e93222c68ffe" classname="com.github.traderjoe95.mls.protocol.tree.TreeKem" time="0.001"/>
  <testcase name="a new update path generated by the sender should be successfully processed" classname="com.github.traderjoe95.mls.protocol.tree.TreeKem" time="0.001"/>
  <testcase name="the update path should be parent-hash valid" classname="com.github.traderjoe95.mls.protocol.tree.TreeKem" time="0.001"/>
  <testcase name="the tree hash after merging the update path should be 85e267a130b4b10d6fb45222be058c8a08c8f946895e041d0f7747c0dfa4c1bb9e4887d01dadb6aac7e979f896fc59017518377dcc3affb645d9f5e74bccaaeb" classname="com.github.traderjoe95.mls.protocol.tree.TreeKem" time="0.001"/>
  <testcase name="the decrypted path secret should be 796e2169fa1d8dd5ba1423202ef5adc33b5a4828b6d97876d315c601e7a02bb8ad8f115e9fdf4a29032ba8a44a6e0eb4a00197d2ef42d3478e18e93222c68ffe" classname="com.github.traderjoe95.mls.protocol.tree.TreeKem" time="0.001"/>
  <testcase name="a new update path generated by the sender should be successfully processed" classname="com.github.traderjoe95.mls.protocol.tree.TreeKem" time="0.001"/>
  <testcase name="the update path should be parent-hash valid" classname="com.github.traderjoe95.mls.protocol.tree.TreeKem" time="0.001"/>
  <testcase name="the tree hash after merging the update path should be 85e267a130b4b10d6fb45222be058c8a08c8f946895e041d0f7747c0dfa4c1bb9e4887d01dadb6aac7e979f896fc59017518377dcc3affb645d9f5e74bccaaeb" classname="com.github.traderjoe95.mls.protocol.tree.TreeKem" time="0.0"/>
  <testcase name="the decrypted path secret should be dc0962f93410f65ca8a0ef242c7667e125c32b03f8f147eca6d676055692c3c7ff927fa4d636dae1603a80fb043605bf12732ae783c2235fe1ca890cd16342ac" classname="com.github.traderjoe95.mls.protocol.tree.TreeKem" time="0.001"/>
  <testcase name="a new update path generated by the sender should be successfully processed" classname="com.github.traderjoe95.mls.protocol.tree.TreeKem" time="0.001"/>
  <testcase name="the update path should be parent-hash valid" classname="com.github.traderjoe95.mls.protocol.tree.TreeKem" time="0.0"/>
  <testcase name="the tree hash after merging the update path should be 276265d94233b77ffaaf2610d698181ad9bfcb221ac8f1980f47843b699b7eb86b6f738ad1a4bf4cd3b09d3d958031d950659e7882bb7ee8f6864915091d67a3" classname="com.github.traderjoe95.mls.protocol.tree.TreeKem" time="0.0"/>
  <testcase name="the decrypted path secret should be 2863f37857fce281cc755930a2da33e372f6e9383acf16105c90ed02ca4ab74e1a350caf7d1637e049e70e3508258486b40debd2decf1c5112ad78a150d1633c" classname="com.github.traderjoe95.mls.protocol.tree.TreeKem" time="0.0"/>
  <testcase name="a new update path generated by the sender should be successfully processed" classname="com.github.traderjoe95.mls.protocol.tree.TreeKem" time="0.001"/>
  <testcase name="the update path should be parent-hash valid" classname="com.github.traderjoe95.mls.protocol.tree.TreeKem" time="0.0"/>
  <testcase name="the tree hash after merging the update path should be 276265d94233b77ffaaf2610d698181ad9bfcb221ac8f1980f47843b699b7eb86b6f738ad1a4bf4cd3b09d3d958031d950659e7882bb7ee8f6864915091d67a3" classname="com.github.traderjoe95.mls.protocol.tree.TreeKem" time="0.0"/>
  <testcase name="the decrypted path secret should be 2863f37857fce281cc755930a2da33e372f6e9383acf16105c90ed02ca4ab74e1a350caf7d1637e049e70e3508258486b40debd2decf1c5112ad78a150d1633c" classname="com.github.traderjoe95.mls.protocol.tree.TreeKem" time="0.0"/>
  <testcase name="a new update path generated by the sender should be successfully processed" classname="com.github.traderjoe95.mls.protocol.tree.TreeKem" time="0.001"/>
  <testcase name="the update path should be parent-hash valid" classname="com.github.traderjoe95.mls.protocol.tree.TreeKem" time="0.0"/>
  <testcase name="the tree hash after merging the update path should be 276265d94233b77ffaaf2610d698181ad9bfcb221ac8f1980f47843b699b7eb86b6f738ad1a4bf4cd3b09d3d958031d950659e7882bb7ee8f6864915091d67a3" classname="com.github.traderjoe95.mls.protocol.tree.TreeKem" time="0.001"/>
  <testcase name="the decrypted path secret should be 2863f37857fce281cc755930a2da33e372f6e9383acf16105c90ed02ca4ab74e1a350caf7d1637e049e70e3508258486b40debd2decf1c5112ad78a150d1633c" classname="com.github.traderjoe95.mls.protocol.tree.TreeKem" time="0.001"/>
  <testcase name="a new update path generated by the sender should be successfully processed" classname="com.github.traderjoe95.mls.protocol.tree.TreeKem" time="0.001"/>
  <testcase name="the update path should be parent-hash valid" classname="com.github.traderjoe95.mls.protocol.tree.TreeKem" time="0.0"/>
  <testcase name="the tree hash after merging the update path should be 276265d94233b77ffaaf2610d698181ad9bfcb221ac8f1980f47843b699b7eb86b6f738ad1a4bf4cd3b09d3d958031d950659e7882bb7ee8f6864915091d67a3" classname="com.github.traderjoe95.mls.protocol.tree.TreeKem" time="0.001"/>
  <testcase name="the decrypted path secret should be 2863f37857fce281cc755930a2da33e372f6e9383acf16105c90ed02ca4ab74e1a350caf7d1637e049e70e3508258486b40debd2decf1c5112ad78a150d1633c" classname="com.github.traderjoe95.mls.protocol.tree.TreeKem" time="0.001"/>
  <testcase name="a new update path generated by the sender should be successfully processed" classname="com.github.traderjoe95.mls.protocol.tree.TreeKem" time="0.0"/>
  <testcase name="the update path should be parent-hash valid" classname="com.github.traderjoe95.mls.protocol.tree.TreeKem" time="0.001"/>
  <testcase name="the tree hash after merging the update path should be 276265d94233b77ffaaf2610d698181ad9bfcb221ac8f1980f47843b699b7eb86b6f738ad1a4bf4cd3b09d3d958031d950659e7882bb7ee8f6864915091d67a3" classname="com.github.traderjoe95.mls.protocol.tree.TreeKem" time="0.0"/>
  <testcase name="the decrypted path secret should be 5584d4d12e023e32939e569cf094018e2463329f76aaea62089a8f0475d04c03950d0e44ac142555630fa4e9fe613b506ed3e9aaad312eae407920d000541ede" classname="com.github.traderjoe95.mls.protocol.tree.TreeKem" time="0.001"/>
  <testcase name="a new update path generated by the sender should be successfully processed" classname="com.github.traderjoe95.mls.protocol.tree.TreeKem" time="0.001"/>
  <testcase name="non-blank leaf 0 should be consistent with the public state" classname="com.github.traderjoe95.mls.protocol.tree.TreeKem" time="0.001"/>
  <testcase name="non-blank leaf 1 should be consistent with the public state" classname="com.github.traderjoe95.mls.protocol.tree.TreeKem" time="0.002"/>
  <testcase name="non-blank leaf 2 should be consistent with the public state" classname="com.github.traderjoe95.mls.protocol.tree.TreeKem" time="0.002"/>
  <testcase name="non-blank leaf 3 should be consistent with the public state" classname="com.github.traderjoe95.mls.protocol.tree.TreeKem" time="0.002"/>
  <testcase name="non-blank leaf 4 should be consistent with the public state" classname="com.github.traderjoe95.mls.protocol.tree.TreeKem" time="0.002"/>
  <testcase name="non-blank leaf 5 should be consistent with the public state" classname="com.github.traderjoe95.mls.protocol.tree.TreeKem" time="0.001"/>
  <testcase name="non-blank leaf 6 should be consistent with the public state" classname="com.github.traderjoe95.mls.protocol.tree.TreeKem" time="0.001"/>
  <testcase name="the update path should be parent-hash valid" classname="com.github.traderjoe95.mls.protocol.tree.TreeKem" time="0.0"/>
  <testcase name="the tree hash after merging the update path should be 27d992244db9fc1cf4018d48af64f8cc43a3e4491995302ed4c33b1f7ca2640d8603fa1eafd344fef916920d343697bdd4589a92dfd9054afc0e3a636adc3956" classname="com.github.traderjoe95.mls.protocol.tree.TreeKem" time="0.0"/>
  <testcase name="the decrypted path secret should be 50db861683036d35bb882a84c2f1c2c300da39f719bc95493eed0a293b84621ea181b5c81ea6a284a70c4905c88de69425551aaef8c20fa5b2b1ba3151baac78" classname="com.github.traderjoe95.mls.protocol.tree.TreeKem" time="0.001"/>
  <testcase name="a new update path generated by the sender should be successfully processed" classname="com.github.traderjoe95.mls.protocol.tree.TreeKem" time="0.001"/>
  <testcase name="the update path should be parent-hash valid" classname="com.github.traderjoe95.mls.protocol.tree.TreeKem" time="0.0"/>
  <testcase name="the tree hash after merging the update path should be 27d992244db9fc1cf4018d48af64f8cc43a3e4491995302ed4c33b1f7ca2640d8603fa1eafd344fef916920d343697bdd4589a92dfd9054afc0e3a636adc3956" classname="com.github.traderjoe95.mls.protocol.tree.TreeKem" time="0.0"/>
  <testcase name="the decrypted path secret should be 754e08cfa61801b3caf1fb789874042dc9de12182ac137e3e1f395125a870d72b60afbf5e4bd5741be4ec3f3842b7c461b4f683c85e5af694c25dd59c58b9623" classname="com.github.traderjoe95.mls.protocol.tree.TreeKem" time="0.001"/>
  <testcase name="a new update path generated by the sender should be successfully processed" classname="com.github.traderjoe95.mls.protocol.tree.TreeKem" time="0.001"/>
  <testcase name="the update path should be parent-hash valid" classname="com.github.traderjoe95.mls.protocol.tree.TreeKem" time="0.0"/>
  <testcase name="the tree hash after merging the update path should be 27d992244db9fc1cf4018d48af64f8cc43a3e4491995302ed4c33b1f7ca2640d8603fa1eafd344fef916920d343697bdd4589a92dfd9054afc0e3a636adc3956" classname="com.github.traderjoe95.mls.protocol.tree.TreeKem" time="0.0"/>
  <testcase name="the decrypted path secret should be 754e08cfa61801b3caf1fb789874042dc9de12182ac137e3e1f395125a870d72b60afbf5e4bd5741be4ec3f3842b7c461b4f683c85e5af694c25dd59c58b9623" classname="com.github.traderjoe95.mls.protocol.tree.TreeKem" time="0.001"/>
  <testcase name="a new update path generated by the sender should be successfully processed" classname="com.github.traderjoe95.mls.protocol.tree.TreeKem" time="0.001"/>
  <testcase name="the update path should be parent-hash valid" classname="com.github.traderjoe95.mls.protocol.tree.TreeKem" time="0.001"/>
  <testcase name="the tree hash after merging the update path should be 27d992244db9fc1cf4018d48af64f8cc43a3e4491995302ed4c33b1f7ca2640d8603fa1eafd344fef916920d343697bdd4589a92dfd9054afc0e3a636adc3956" classname="com.github.traderjoe95.mls.protocol.tree.TreeKem" time="0.001"/>
  <testcase name="the decrypted path secret should be 22b43bfd117c2cc35f5f9b64251eb2fe419102291cde27c0123029e3b05cdc33dd66f27a639a71166f1e3deb5bcaf407ca27dcea09102b5472e45f6ffa830b4d" classname="com.github.traderjoe95.mls.protocol.tree.TreeKem" time="0.001"/>
  <testcase name="a new update path generated by the sender should be successfully processed" classname="com.github.traderjoe95.mls.protocol.tree.TreeKem" time="0.001"/>
  <testcase name="the update path should be parent-hash valid" classname="com.github.traderjoe95.mls.protocol.tree.TreeKem" time="0.0"/>
  <testcase name="the tree hash after merging the update path should be 27d992244db9fc1cf4018d48af64f8cc43a3e4491995302ed4c33b1f7ca2640d8603fa1eafd344fef916920d343697bdd4589a92dfd9054afc0e3a636adc3956" classname="com.github.traderjoe95.mls.protocol.tree.TreeKem" time="0.0"/>
  <testcase name="the decrypted path secret should be 22b43bfd117c2cc35f5f9b64251eb2fe419102291cde27c0123029e3b05cdc33dd66f27a639a71166f1e3deb5bcaf407ca27dcea09102b5472e45f6ffa830b4d" classname="com.github.traderjoe95.mls.protocol.tree.TreeKem" time="0.0"/>
  <testcase name="a new update path generated by the sender should be successfully processed" classname="com.github.traderjoe95.mls.protocol.tree.TreeKem" time="0.001"/>
  <testcase name="the update path should be parent-hash valid" classname="com.github.traderjoe95.mls.protocol.tree.TreeKem" time="0.0"/>
  <testcase name="the tree hash after merging the update path should be 27d992244db9fc1cf4018d48af64f8cc43a3e4491995302ed4c33b1f7ca2640d8603fa1eafd344fef916920d343697bdd4589a92dfd9054afc0e3a636adc3956" classname="com.github.traderjoe95.mls.protocol.tree.TreeKem" time="0.001"/>
  <testcase name="the decrypted path secret should be 22b43bfd117c2cc35f5f9b64251eb2fe419102291cde27c0123029e3b05cdc33dd66f27a639a71166f1e3deb5bcaf407ca27dcea09102b5472e45f6ffa830b4d" classname="com.github.traderjoe95.mls.protocol.tree.TreeKem" time="0.001"/>
  <testcase name="a new update path generated by the sender should be successfully processed" classname="com.github.traderjoe95.mls.protocol.tree.TreeKem" time="0.001"/>
  <testcase name="the update path should be parent-hash valid" classname="com.github.traderjoe95.mls.protocol.tree.TreeKem" time="0.0"/>
  <testcase name="the tree hash after merging the update path should be 93e55d3110153a12b35567303da743758e59860d35252983a68f47795f4895adcb2deaf58f24ac847c3d23ebd6639e1e52bc6eb817906bfbbba677bb4569a6dc" classname="com.github.traderjoe95.mls.protocol.tree.TreeKem" time="0.0"/>
  <testcase name="the decrypted path secret should be 57fcb9ddc98a9439b222d8e9fa94f2e9fc0fd662752e3f5c5fad71b996dfb9ce886453cd8e51a1a584d48bb8101754f7e2fd3acf6285961c5546d3ff0cf11bc4" classname="com.github.traderjoe95.mls.protocol.tree.TreeKem" time="0.0"/>
  <testcase name="a new update path generated by the sender should be successfully processed" classname="com.github.traderjoe95.mls.protocol.tree.TreeKem" time="0.001"/>
  <testcase name="the update path should be parent-hash valid" classname="com.github.traderjoe95.mls.protocol.tree.TreeKem" time="0.0"/>
  <testcase name="the tree hash after merging the update path should be 93e55d3110153a12b35567303da743758e59860d35252983a68f47795f4895adcb2deaf58f24ac847c3d23ebd6639e1e52bc6eb817906bfbbba677bb4569a6dc" classname="com.github.traderjoe95.mls.protocol.tree.TreeKem" time="0.0"/>
  <testcase name="the decrypted path secret should be e79a0f2f8a8003e16ebe1e429cd9a2814d6e4e81b4a5ae262c6b986214caee87e1a75aa5f21e9d86e37bf1ca5a2a31c909194f6f721262f50cbc8401b0417f6b" classname="com.github.traderjoe95.mls.protocol.tree.TreeKem" time="0.001"/>
  <testcase name="a new update path generated by the sender should be successfully processed" classname="com.github.traderjoe95.mls.protocol.tree.TreeKem" time="0.001"/>
  <testcase name="the update path should be parent-hash valid" classname="com.github.traderjoe95.mls.protocol.tree.TreeKem" time="0.001"/>
  <testcase name="the tree hash after merging the update path should be 93e55d3110153a12b35567303da743758e59860d35252983a68f47795f4895adcb2deaf58f24ac847c3d23ebd6639e1e52bc6eb817906bfbbba677bb4569a6dc" classname="com.github.traderjoe95.mls.protocol.tree.TreeKem" time="0.0"/>
  <testcase name="the decrypted path secret should be e79a0f2f8a8003e16ebe1e429cd9a2814d6e4e81b4a5ae262c6b986214caee87e1a75aa5f21e9d86e37bf1ca5a2a31c909194f6f721262f50cbc8401b0417f6b" classname="com.github.traderjoe95.mls.protocol.tree.TreeKem" time="0.001"/>
  <testcase name="a new update path generated by the sender should be successfully processed" classname="com.github.traderjoe95.mls.protocol.tree.TreeKem" time="0.002"/>
  <testcase name="the update path should be parent-hash valid" classname="com.github.traderjoe95.mls.protocol.tree.TreeKem" time="0.0"/>
  <testcase name="the tree hash after merging the update path should be 93e55d3110153a12b35567303da743758e59860d35252983a68f47795f4895adcb2deaf58f24ac847c3d23ebd6639e1e52bc6eb817906bfbbba677bb4569a6dc" classname="com.github.traderjoe95.mls.protocol.tree.TreeKem" time="0.001"/>
  <testcase name="the decrypted path secret should be 1d94f101a6365954c40c408ba57838848bf6928f7846947781c9bf7ff39e806e65ff87030bd93e58e28f14e7e88f53870fb9231bb57b6884f829a44bd928bed6" classname="com.github.traderjoe95.mls.protocol.tree.TreeKem" time="0.001"/>
  <testcase name="a new update path generated by the sender should be successfully processed" classname="com.github.traderjoe95.mls.protocol.tree.TreeKem" time="0.0"/>
  <testcase name="the update path should be parent-hash valid" classname="com.github.traderjoe95.mls.protocol.tree.TreeKem" time="0.001"/>
  <testcase name="the tree hash after merging the update path should be 93e55d3110153a12b35567303da743758e59860d35252983a68f47795f4895adcb2deaf58f24ac847c3d23ebd6639e1e52bc6eb817906bfbbba677bb4569a6dc" classname="com.github.traderjoe95.mls.protocol.tree.TreeKem" time="0.001"/>
  <testcase name="the decrypted path secret should be 1d94f101a6365954c40c408ba57838848bf6928f7846947781c9bf7ff39e806e65ff87030bd93e58e28f14e7e88f53870fb9231bb57b6884f829a44bd928bed6" classname="com.github.traderjoe95.mls.protocol.tree.TreeKem" time="0.001"/>
  <testcase name="a new update path generated by the sender should be successfully processed" classname="com.github.traderjoe95.mls.protocol.tree.TreeKem" time="0.001"/>
  <testcase name="the update path should be parent-hash valid" classname="com.github.traderjoe95.mls.protocol.tree.TreeKem" time="0.001"/>
  <testcase name="the tree hash after merging the update path should be 93e55d3110153a12b35567303da743758e59860d35252983a68f47795f4895adcb2deaf58f24ac847c3d23ebd6639e1e52bc6eb817906bfbbba677bb4569a6dc" classname="com.github.traderjoe95.mls.protocol.tree.TreeKem" time="0.0"/>
  <testcase name="the decrypted path secret should be 1d94f101a6365954c40c408ba57838848bf6928f7846947781c9bf7ff39e806e65ff87030bd93e58e28f14e7e88f53870fb9231bb57b6884f829a44bd928bed6" classname="com.github.traderjoe95.mls.protocol.tree.TreeKem" time="0.001"/>
  <testcase name="a new update path generated by the sender should be successfully processed" classname="com.github.traderjoe95.mls.protocol.tree.TreeKem" time="0.001"/>
  <testcase name="the update path should be parent-hash valid" classname="com.github.traderjoe95.mls.protocol.tree.TreeKem" time="0.0"/>
  <testcase name="the tree hash after merging the update path should be 815f48ce878a2ec0051f5c992a92fe0e118196ecf3de19c14a9066fe3375b0eff7d32b37a9e271d2cb9fbea6ef63103a44078b856b0aa3dae3c664656b0ce073" classname="com.github.traderjoe95.mls.protocol.tree.TreeKem" time="0.001"/>
  <testcase name="the decrypted path secret should be bfccb05591a0ca98a8a3b8c637a94de912bac4b8e5269239e3fc4fc0633a46dc477d971b38b21b233ef813ebd6ef0aec553db057b794bdd38dd77bcde06923c6" classname="com.github.traderjoe95.mls.protocol.tree.TreeKem" time="0.001"/>
  <testcase name="a new update path generated by the sender should be successfully processed" classname="com.github.traderjoe95.mls.protocol.tree.TreeKem" time="0.001"/>
  <testcase name="the update path should be parent-hash valid" classname="com.github.traderjoe95.mls.protocol.tree.TreeKem" time="0.0"/>
  <testcase name="the tree hash after merging the update path should be 815f48ce878a2ec0051f5c992a92fe0e118196ecf3de19c14a9066fe3375b0eff7d32b37a9e271d2cb9fbea6ef63103a44078b856b0aa3dae3c664656b0ce073" classname="com.github.traderjoe95.mls.protocol.tree.TreeKem" time="0.001"/>
  <testcase name="the decrypted path secret should be bfccb05591a0ca98a8a3b8c637a94de912bac4b8e5269239e3fc4fc0633a46dc477d971b38b21b233ef813ebd6ef0aec553db057b794bdd38dd77bcde06923c6" classname="com.github.traderjoe95.mls.protocol.tree.TreeKem" time="0.001"/>
  <testcase name="a new update path generated by the sender should be successfully processed" classname="com.github.traderjoe95.mls.protocol.tree.TreeKem" time="0.001"/>
  <testcase name="the update path should be parent-hash valid" classname="com.github.traderjoe95.mls.protocol.tree.TreeKem" time="0.0"/>
  <testcase name="the tree hash after merging the update path should be 815f48ce878a2ec0051f5c992a92fe0e118196ecf3de19c14a9066fe3375b0eff7d32b37a9e271d2cb9fbea6ef63103a44078b856b0aa3dae3c664656b0ce073" classname="com.github.traderjoe95.mls.protocol.tree.TreeKem" time="0.0"/>
  <testcase name="the decrypted path secret should be 2c0097d4893ba40ff3a9bf9493dc2685c314b48c93bbda9292692d1fa3f0dead8b2d72e02f2e2d863b28b1bff5a02afd05383fe66af7edb5db654a29f7674f77" classname="com.github.traderjoe95.mls.protocol.tree.TreeKem" time="0.001"/>
  <testcase name="a new update path generated by the sender should be successfully processed" classname="com.github.traderjoe95.mls.protocol.tree.TreeKem" time="0.001"/>
  <testcase name="the update path should be parent-hash valid" classname="com.github.traderjoe95.mls.protocol.tree.TreeKem" time="0.001"/>
  <testcase name="the tree hash after merging the update path should be 815f48ce878a2ec0051f5c992a92fe0e118196ecf3de19c14a9066fe3375b0eff7d32b37a9e271d2cb9fbea6ef63103a44078b856b0aa3dae3c664656b0ce073" classname="com.github.traderjoe95.mls.protocol.tree.TreeKem" time="0.001"/>
  <testcase name="the decrypted path secret should be 0ce1cde51e9817f790ce0d65210db880feb5e2a4fe7acb442f08b530ef8878edeb4bfee238d2cd13bfcd7a77caeadbf8210d3290404f8762e82ca345faf2a965" classname="com.github.traderjoe95.mls.protocol.tree.TreeKem" time="0.001"/>
  <testcase name="a new update path generated by the sender should be successfully processed" classname="com.github.traderjoe95.mls.protocol.tree.TreeKem" time="0.002"/>
  <testcase name="the update path should be parent-hash valid" classname="com.github.traderjoe95.mls.protocol.tree.TreeKem" time="0.0"/>
  <testcase name="the tree hash after merging the update path should be 815f48ce878a2ec0051f5c992a92fe0e118196ecf3de19c14a9066fe3375b0eff7d32b37a9e271d2cb9fbea6ef63103a44078b856b0aa3dae3c664656b0ce073" classname="com.github.traderjoe95.mls.protocol.tree.TreeKem" time="0.001"/>
  <testcase name="the decrypted path secret should be 0ce1cde51e9817f790ce0d65210db880feb5e2a4fe7acb442f08b530ef8878edeb4bfee238d2cd13bfcd7a77caeadbf8210d3290404f8762e82ca345faf2a965" classname="com.github.traderjoe95.mls.protocol.tree.TreeKem" time="0.001"/>
  <testcase name="a new update path generated by the sender should be successfully processed" classname="com.github.traderjoe95.mls.protocol.tree.TreeKem" time="0.001"/>
  <testcase name="the update path should be parent-hash valid" classname="com.github.traderjoe95.mls.protocol.tree.TreeKem" time="0.0"/>
  <testcase name="the tree hash after merging the update path should be 815f48ce878a2ec0051f5c992a92fe0e118196ecf3de19c14a9066fe3375b0eff7d32b37a9e271d2cb9fbea6ef63103a44078b856b0aa3dae3c664656b0ce073" classname="com.github.traderjoe95.mls.protocol.tree.TreeKem" time="0.001"/>
  <testcase name="the decrypted path secret should be 0ce1cde51e9817f790ce0d65210db880feb5e2a4fe7acb442f08b530ef8878edeb4bfee238d2cd13bfcd7a77caeadbf8210d3290404f8762e82ca345faf2a965" classname="com.github.traderjoe95.mls.protocol.tree.TreeKem" time="0.001"/>
  <testcase name="a new update path generated by the sender should be successfully processed" classname="com.github.traderjoe95.mls.protocol.tree.TreeKem" time="0.001"/>
  <testcase name="the update path should be parent-hash valid" classname="com.github.traderjoe95.mls.protocol.tree.TreeKem" time="0.0"/>
  <testcase name="the tree hash after merging the update path should be 611f7db55ff9f0783f0cac2f81e9c81982092045668ff5830bfede40ed36665484659b8d8adabd3226610c4dd1b12dc525b3abbb3cf8fd50043085d3192d75a4" classname="com.github.traderjoe95.mls.protocol.tree.TreeKem" time="0.0"/>
  <testcase name="the decrypted path secret should be 822e7d0752004ff7f3efa2507436e81a77e0eac15307346eb74821d0520f2419898435f3e2339333532ec7828fdfd6214df6427ee7f9859a248eaa6580428f71" classname="com.github.traderjoe95.mls.protocol.tree.TreeKem" time="0.001"/>
  <testcase name="a new update path generated by the sender should be successfully processed" classname="com.github.traderjoe95.mls.protocol.tree.TreeKem" time="0.0"/>
  <testcase name="the update path should be parent-hash valid" classname="com.github.traderjoe95.mls.protocol.tree.TreeKem" time="0.001"/>
  <testcase name="the tree hash after merging the update path should be 611f7db55ff9f0783f0cac2f81e9c81982092045668ff5830bfede40ed36665484659b8d8adabd3226610c4dd1b12dc525b3abbb3cf8fd50043085d3192d75a4" classname="com.github.traderjoe95.mls.protocol.tree.TreeKem" time="0.0"/>
  <testcase name="the decrypted path secret should be 822e7d0752004ff7f3efa2507436e81a77e0eac15307346eb74821d0520f2419898435f3e2339333532ec7828fdfd6214df6427ee7f9859a248eaa6580428f71" classname="com.github.traderjoe95.mls.protocol.tree.TreeKem" time="0.001"/>
  <testcase name="a new update path generated by the sender should be successfully processed" classname="com.github.traderjoe95.mls.protocol.tree.TreeKem" time="0.001"/>
  <testcase name="the update path should be parent-hash valid" classname="com.github.traderjoe95.mls.protocol.tree.TreeKem" time="0.0"/>
  <testcase name="the tree hash after merging the update path should be 611f7db55ff9f0783f0cac2f81e9c81982092045668ff5830bfede40ed36665484659b8d8adabd3226610c4dd1b12dc525b3abbb3cf8fd50043085d3192d75a4" classname="com.github.traderjoe95.mls.protocol.tree.TreeKem" time="0.0"/>
  <testcase name="the decrypted path secret should be 36ef6d2bcd9bc2bb5a19b9bace404aa09804524ff30f31c4340cf57685d150ad10bd938f11d81d7215eb52e689c78dc418e5d4b9fc03305a96318208b4341f07" classname="com.github.traderjoe95.mls.protocol.tree.TreeKem" time="0.0"/>
  <testcase name="a new update path generated by the sender should be successfully processed" classname="com.github.traderjoe95.mls.protocol.tree.TreeKem" time="0.001"/>
  <testcase name="the update path should be parent-hash valid" classname="com.github.traderjoe95.mls.protocol.tree.TreeKem" time="0.0"/>
  <testcase name="the tree hash after merging the update path should be 611f7db55ff9f0783f0cac2f81e9c81982092045668ff5830bfede40ed36665484659b8d8adabd3226610c4dd1b12dc525b3abbb3cf8fd50043085d3192d75a4" classname="com.github.traderjoe95.mls.protocol.tree.TreeKem" time="0.0"/>
  <testcase name="the decrypted path secret should be 0a5c8ca731524ece26677400b99f23c743dae018429a24b04b5b26d8d729f5faeb570de2c369a7d3d5ae250136a6b1281e7b92a98173d0388b52607dcd9c5250" classname="com.github.traderjoe95.mls.protocol.tree.TreeKem" time="0.0"/>
  <testcase name="a new update path generated by the sender should be successfully processed" classname="com.github.traderjoe95.mls.protocol.tree.TreeKem" time="0.001"/>
  <testcase name="the update path should be parent-hash valid" classname="com.github.traderjoe95.mls.protocol.tree.TreeKem" time="0.0"/>
  <testcase name="the tree hash after merging the update path should be 611f7db55ff9f0783f0cac2f81e9c81982092045668ff5830bfede40ed36665484659b8d8adabd3226610c4dd1b12dc525b3abbb3cf8fd50043085d3192d75a4" classname="com.github.traderjoe95.mls.protocol.tree.TreeKem" time="0.0"/>
  <testcase name="the decrypted path secret should be 0a5c8ca731524ece26677400b99f23c743dae018429a24b04b5b26d8d729f5faeb570de2c369a7d3d5ae250136a6b1281e7b92a98173d0388b52607dcd9c5250" classname="com.github.traderjoe95.mls.protocol.tree.TreeKem" time="0.001"/>
  <testcase name="a new update path generated by the sender should be successfully processed" classname="com.github.traderjoe95.mls.protocol.tree.TreeKem" time="0.001"/>
  <testcase name="the update path should be parent-hash valid" classname="com.github.traderjoe95.mls.protocol.tree.TreeKem" time="0.0"/>
  <testcase name="the tree hash after merging the update path should be 611f7db55ff9f0783f0cac2f81e9c81982092045668ff5830bfede40ed36665484659b8d8adabd3226610c4dd1b12dc525b3abbb3cf8fd50043085d3192d75a4" classname="com.github.traderjoe95.mls.protocol.tree.TreeKem" time="0.0"/>
  <testcase name="the decrypted path secret should be 0a5c8ca731524ece26677400b99f23c743dae018429a24b04b5b26d8d729f5faeb570de2c369a7d3d5ae250136a6b1281e7b92a98173d0388b52607dcd9c5250" classname="com.github.traderjoe95.mls.protocol.tree.TreeKem" time="0.0"/>
  <testcase name="a new update path generated by the sender should be successfully processed" classname="com.github.traderjoe95.mls.protocol.tree.TreeKem" time="0.001"/>
  <testcase name="the update path should be parent-hash valid" classname="com.github.traderjoe95.mls.protocol.tree.TreeKem" time="0.001"/>
  <testcase name="the tree hash after merging the update path should be ba4e9105102fa9e8bca8ffdb2a63431211e063d0202fd3574933574f61e959010a3a77df77c0ea98018cc0cc99559a3760eb45fee2b335ee8bc884804e7daae3" classname="com.github.traderjoe95.mls.protocol.tree.TreeKem" time="0.0"/>
  <testcase name="the decrypted path secret should be 6d58c88ddb27c079747337974ac3f2b8e99d3ef66a195cd9f778fb3df1e0689782894bc03793d81efae547676befcbe5bd0312d23555065c597920580716b548" classname="com.github.traderjoe95.mls.protocol.tree.TreeKem" time="0.001"/>
  <testcase name="a new update path generated by the sender should be successfully processed" classname="com.github.traderjoe95.mls.protocol.tree.TreeKem" time="0.001"/>
  <testcase name="the update path should be parent-hash valid" classname="com.github.traderjoe95.mls.protocol.tree.TreeKem" time="0.0"/>
  <testcase name="the tree hash after merging the update path should be ba4e9105102fa9e8bca8ffdb2a63431211e063d0202fd3574933574f61e959010a3a77df77c0ea98018cc0cc99559a3760eb45fee2b335ee8bc884804e7daae3" classname="com.github.traderjoe95.mls.protocol.tree.TreeKem" time="0.0"/>
  <testcase name="the decrypted path secret should be 6d58c88ddb27c079747337974ac3f2b8e99d3ef66a195cd9f778fb3df1e0689782894bc03793d81efae547676befcbe5bd0312d23555065c597920580716b548" classname="com.github.traderjoe95.mls.protocol.tree.TreeKem" time="0.001"/>
  <testcase name="a new update path generated by the sender should be successfully processed" classname="com.github.traderjoe95.mls.protocol.tree.TreeKem" time="0.001"/>
  <testcase name="the update path should be parent-hash valid" classname="com.github.traderjoe95.mls.protocol.tree.TreeKem" time="0.0"/>
  <testcase name="the tree hash after merging the update path should be ba4e9105102fa9e8bca8ffdb2a63431211e063d0202fd3574933574f61e959010a3a77df77c0ea98018cc0cc99559a3760eb45fee2b335ee8bc884804e7daae3" classname="com.github.traderjoe95.mls.protocol.tree.TreeKem" time="0.0"/>
  <testcase name="the decrypted path secret should be 6d58c88ddb27c079747337974ac3f2b8e99d3ef66a195cd9f778fb3df1e0689782894bc03793d81efae547676befcbe5bd0312d23555065c597920580716b548" classname="com.github.traderjoe95.mls.protocol.tree.TreeKem" time="0.0"/>
  <testcase name="a new update path generated by the sender should be successfully processed" classname="com.github.traderjoe95.mls.protocol.tree.TreeKem" time="0.001"/>
  <testcase name="the update path should be parent-hash valid" classname="com.github.traderjoe95.mls.protocol.tree.TreeKem" time="0.0"/>
  <testcase name="the tree hash after merging the update path should be ba4e9105102fa9e8bca8ffdb2a63431211e063d0202fd3574933574f61e959010a3a77df77c0ea98018cc0cc99559a3760eb45fee2b335ee8bc884804e7daae3" classname="com.github.traderjoe95.mls.protocol.tree.TreeKem" time="0.0"/>
  <testcase name="the decrypted path secret should be 6d58c88ddb27c079747337974ac3f2b8e99d3ef66a195cd9f778fb3df1e0689782894bc03793d81efae547676befcbe5bd0312d23555065c597920580716b548" classname="com.github.traderjoe95.mls.protocol.tree.TreeKem" time="0.0"/>
  <testcase name="a new update path generated by the sender should be successfully processed" classname="com.github.traderjoe95.mls.protocol.tree.TreeKem" time="0.001"/>
  <testcase name="the update path should be parent-hash valid" classname="com.github.traderjoe95.mls.protocol.tree.TreeKem" time="0.0"/>
  <testcase name="the tree hash after merging the update path should be ba4e9105102fa9e8bca8ffdb2a63431211e063d0202fd3574933574f61e959010a3a77df77c0ea98018cc0cc99559a3760eb45fee2b335ee8bc884804e7daae3" classname="com.github.traderjoe95.mls.protocol.tree.TreeKem" time="0.0"/>
  <testcase name="the decrypted path secret should be 7155db4b538f8355f49872851dfe953916bfbaa0c4452940de6508077cb19181ebcfa1ed90cec3a59422341ce3c29b7d5c0f3454ee289c1d692b07a8e849f35f" classname="com.github.traderjoe95.mls.protocol.tree.TreeKem" time="0.0"/>
  <testcase name="a new update path generated by the sender should be successfully processed" classname="com.github.traderjoe95.mls.protocol.tree.TreeKem" time="0.001"/>
  <testcase name="the update path should be parent-hash valid" classname="com.github.traderjoe95.mls.protocol.tree.TreeKem" time="0.0"/>
  <testcase name="the tree hash after merging the update path should be ba4e9105102fa9e8bca8ffdb2a63431211e063d0202fd3574933574f61e959010a3a77df77c0ea98018cc0cc99559a3760eb45fee2b335ee8bc884804e7daae3" classname="com.github.traderjoe95.mls.protocol.tree.TreeKem" time="0.001"/>
  <testcase name="the decrypted path secret should be 3f3ca224cc27dad3a409e06fdba450cec6f9f1243378adfb99e1f2a2324383793885d0c8b0272663a8ae92b020da1e057dfa903dccf3f87d628586fdc165660f" classname="com.github.traderjoe95.mls.protocol.tree.TreeKem" time="0.001"/>
  <testcase name="a new update path generated by the sender should be successfully processed" classname="com.github.traderjoe95.mls.protocol.tree.TreeKem" time="0.001"/>
  <testcase name="the update path should be parent-hash valid" classname="com.github.traderjoe95.mls.protocol.tree.TreeKem" time="0.001"/>
  <testcase name="the tree hash after merging the update path should be c99859231aee2a41c15ac60c6a1ff88b3672300a740f6839c70352f1bcc7e8a444056a05f7549d64679907af681a5785526763f584ad8528923f5012db562620" classname="com.github.traderjoe95.mls.protocol.tree.TreeKem" time="0.0"/>
  <testcase name="the decrypted path secret should be b0aa09b4a9511de51fd6a5431442d108d7153de9c2feba075f3a15499989ecc9fba51f054ba48ac561694bc43894a121475eb9c854d2270226f745502fe8cd9e" classname="com.github.traderjoe95.mls.protocol.tree.TreeKem" time="0.001"/>
  <testcase name="a new update path generated by the sender should be successfully processed" classname="com.github.traderjoe95.mls.protocol.tree.TreeKem" time="0.001"/>
  <testcase name="the update path should be parent-hash valid" classname="com.github.traderjoe95.mls.protocol.tree.TreeKem" time="0.0"/>
  <testcase name="the tree hash after merging the update path should be c99859231aee2a41c15ac60c6a1ff88b3672300a740f6839c70352f1bcc7e8a444056a05f7549d64679907af681a5785526763f584ad8528923f5012db562620" classname="com.github.traderjoe95.mls.protocol.tree.TreeKem" time="0.0"/>
  <testcase name="the decrypted path secret should be b0aa09b4a9511de51fd6a5431442d108d7153de9c2feba075f3a15499989ecc9fba51f054ba48ac561694bc43894a121475eb9c854d2270226f745502fe8cd9e" classname="com.github.traderjoe95.mls.protocol.tree.TreeKem" time="0.001"/>
  <testcase name="a new update path generated by the sender should be successfully processed" classname="com.github.traderjoe95.mls.protocol.tree.TreeKem" time="0.001"/>
  <testcase name="the update path should be parent-hash valid" classname="com.github.traderjoe95.mls.protocol.tree.TreeKem" time="0.001"/>
  <testcase name="the tree hash after merging the update path should be c99859231aee2a41c15ac60c6a1ff88b3672300a740f6839c70352f1bcc7e8a444056a05f7549d64679907af681a5785526763f584ad8528923f5012db562620" classname="com.github.traderjoe95.mls.protocol.tree.TreeKem" time="0.001"/>
  <testcase name="the decrypted path secret should be b0aa09b4a9511de51fd6a5431442d108d7153de9c2feba075f3a15499989ecc9fba51f054ba48ac561694bc43894a121475eb9c854d2270226f745502fe8cd9e" classname="com.github.traderjoe95.mls.protocol.tree.TreeKem" time="0.001"/>
  <testcase name="a new update path generated by the sender should be successfully processed" classname="com.github.traderjoe95.mls.protocol.tree.TreeKem" time="0.001"/>
  <testcase name="the update path should be parent-hash valid" classname="com.github.traderjoe95.mls.protocol.tree.TreeKem" time="0.0"/>
  <testcase name="the tree hash after merging the update path should be c99859231aee2a41c15ac60c6a1ff88b3672300a740f6839c70352f1bcc7e8a444056a05f7549d64679907af681a5785526763f584ad8528923f5012db562620" classname="com.github.traderjoe95.mls.protocol.tree.TreeKem" time="0.001"/>
  <testcase name="the decrypted path secret should be b0aa09b4a9511de51fd6a5431442d108d7153de9c2feba075f3a15499989ecc9fba51f054ba48ac561694bc43894a121475eb9c854d2270226f745502fe8cd9e" classname="com.github.traderjoe95.mls.protocol.tree.TreeKem" time="0.001"/>
  <testcase name="a new update path generated by the sender should be successfully processed" classname="com.github.traderjoe95.mls.protocol.tree.TreeKem" time="0.001"/>
  <testcase name="the update path should be parent-hash valid" classname="com.github.traderjoe95.mls.protocol.tree.TreeKem" time="0.0"/>
  <testcase name="the tree hash after merging the update path should be c99859231aee2a41c15ac60c6a1ff88b3672300a740f6839c70352f1bcc7e8a444056a05f7549d64679907af681a5785526763f584ad8528923f5012db562620" classname="com.github.traderjoe95.mls.protocol.tree.TreeKem" time="0.0"/>
  <testcase name="the decrypted path secret should be 97507a401036ec6f350b31fb9991e41c8fe273b9237f53673cd7311a7878fb358dd9e2104b409d56b2bca6697060953e04e62cb51cf996332b82d06f3fb2a207" classname="com.github.traderjoe95.mls.protocol.tree.TreeKem" time="0.001"/>
  <testcase name="a new update path generated by the sender should be successfully processed" classname="com.github.traderjoe95.mls.protocol.tree.TreeKem" time="0.001"/>
  <testcase name="the update path should be parent-hash valid" classname="com.github.traderjoe95.mls.protocol.tree.TreeKem" time="0.0"/>
  <testcase name="the tree hash after merging the update path should be c99859231aee2a41c15ac60c6a1ff88b3672300a740f6839c70352f1bcc7e8a444056a05f7549d64679907af681a5785526763f584ad8528923f5012db562620" classname="com.github.traderjoe95.mls.protocol.tree.TreeKem" time="0.0"/>
  <testcase name="the decrypted path secret should be 7e30f38e88cae74e279b11937d51f96d6c332601c57aac51dc6906e02d610afcd11ea270cdbbb068dfd5ca865e096bb04070faeea7b9d085b04fb1c78190247d" classname="com.github.traderjoe95.mls.protocol.tree.TreeKem" time="0.0"/>
  <testcase name="a new update path generated by the sender should be successfully processed" classname="com.github.traderjoe95.mls.protocol.tree.TreeKem" time="0.001"/>
  <testcase name="the update path should be parent-hash valid" classname="com.github.traderjoe95.mls.protocol.tree.TreeKem" time="0.0"/>
  <testcase name="the tree hash after merging the update path should be f7e496ff355e3b896a7bf719d8c715cd8546b465c00bf879f71cc5901ffb358ec1e33806ad6b0a9bf555ca83e4c66e695334074e86cf59a05c1de38ea0ced542" classname="com.github.traderjoe95.mls.protocol.tree.TreeKem" time="0.0"/>
  <testcase name="the decrypted path secret should be 6c5533d730f1ccd49dff01fb44b6be38d00684d6ae448fce0ff0a9dfbf0da450cc3a9065219e071cb66c6a57699bc68bbb58ca3878fd6823b08caa18c2e0e188" classname="com.github.traderjoe95.mls.protocol.tree.TreeKem" time="0.0"/>
  <testcase name="a new update path generated by the sender should be successfully processed" classname="com.github.traderjoe95.mls.protocol.tree.TreeKem" time="0.001"/>
  <testcase name="the update path should be parent-hash valid" classname="com.github.traderjoe95.mls.protocol.tree.TreeKem" time="0.0"/>
  <testcase name="the tree hash after merging the update path should be f7e496ff355e3b896a7bf719d8c715cd8546b465c00bf879f71cc5901ffb358ec1e33806ad6b0a9bf555ca83e4c66e695334074e86cf59a05c1de38ea0ced542" classname="com.github.traderjoe95.mls.protocol.tree.TreeKem" time="0.0"/>
  <testcase name="the decrypted path secret should be 6c5533d730f1ccd49dff01fb44b6be38d00684d6ae448fce0ff0a9dfbf0da450cc3a9065219e071cb66c6a57699bc68bbb58ca3878fd6823b08caa18c2e0e188" classname="com.github.traderjoe95.mls.protocol.tree.TreeKem" time="0.001"/>
  <testcase name="a new update path generated by the sender should be successfully processed" classname="com.github.traderjoe95.mls.protocol.tree.TreeKem" time="0.001"/>
  <testcase name="the update path should be parent-hash valid" classname="com.github.traderjoe95.mls.protocol.tree.TreeKem" time="0.0"/>
  <testcase name="the tree hash after merging the update path should be f7e496ff355e3b896a7bf719d8c715cd8546b465c00bf879f71cc5901ffb358ec1e33806ad6b0a9bf555ca83e4c66e695334074e86cf59a05c1de38ea0ced542" classname="com.github.traderjoe95.mls.protocol.tree.TreeKem" time="0.0"/>
  <testcase name="the decrypted path secret should be 6c5533d730f1ccd49dff01fb44b6be38d00684d6ae448fce0ff0a9dfbf0da450cc3a9065219e071cb66c6a57699bc68bbb58ca3878fd6823b08caa18c2e0e188" classname="com.github.traderjoe95.mls.protocol.tree.TreeKem" time="0.001"/>
  <testcase name="a new update path generated by the sender should be successfully processed" classname="com.github.traderjoe95.mls.protocol.tree.TreeKem" time="0.001"/>
  <testcase name="the update path should be parent-hash valid" classname="com.github.traderjoe95.mls.protocol.tree.TreeKem" time="0.0"/>
  <testcase name="the tree hash after merging the update path should be f7e496ff355e3b896a7bf719d8c715cd8546b465c00bf879f71cc5901ffb358ec1e33806ad6b0a9bf555ca83e4c66e695334074e86cf59a05c1de38ea0ced542" classname="com.github.traderjoe95.mls.protocol.tree.TreeKem" time="0.001"/>
  <testcase name="the decrypted path secret should be 6c5533d730f1ccd49dff01fb44b6be38d00684d6ae448fce0ff0a9dfbf0da450cc3a9065219e071cb66c6a57699bc68bbb58ca3878fd6823b08caa18c2e0e188" classname="com.github.traderjoe95.mls.protocol.tree.TreeKem" time="0.001"/>
  <testcase name="a new update path generated by the sender should be successfully processed" classname="com.github.traderjoe95.mls.protocol.tree.TreeKem" time="0.001"/>
  <testcase name="the update path should be parent-hash valid" classname="com.github.traderjoe95.mls.protocol.tree.TreeKem" time="0.0"/>
  <testcase name="the tree hash after merging the update path should be f7e496ff355e3b896a7bf719d8c715cd8546b465c00bf879f71cc5901ffb358ec1e33806ad6b0a9bf555ca83e4c66e695334074e86cf59a05c1de38ea0ced542" classname="com.github.traderjoe95.mls.protocol.tree.TreeKem" time="0.0"/>
  <testcase name="the decrypted path secret should be fa86c2f0281757df019d1c999a161997751617664c563fdbfd7055e86daff1acbe2ea71cc1c3368318094f6ed8fd13f66c1182dc0238e59fed5ad1bde3b68858" classname="com.github.traderjoe95.mls.protocol.tree.TreeKem" time="0.001"/>
  <testcase name="a new update path generated by the sender should be successfully processed" classname="com.github.traderjoe95.mls.protocol.tree.TreeKem" time="0.001"/>
  <testcase name="the update path should be parent-hash valid" classname="com.github.traderjoe95.mls.protocol.tree.TreeKem" time="0.001"/>
  <testcase name="the tree hash after merging the update path should be f7e496ff355e3b896a7bf719d8c715cd8546b465c00bf879f71cc5901ffb358ec1e33806ad6b0a9bf555ca83e4c66e695334074e86cf59a05c1de38ea0ced542" classname="com.github.traderjoe95.mls.protocol.tree.TreeKem" time="0.001"/>
  <testcase name="the decrypted path secret should be fa86c2f0281757df019d1c999a161997751617664c563fdbfd7055e86daff1acbe2ea71cc1c3368318094f6ed8fd13f66c1182dc0238e59fed5ad1bde3b68858" classname="com.github.traderjoe95.mls.protocol.tree.TreeKem" time="0.001"/>
  <testcase name="a new update path generated by the sender should be successfully processed" classname="com.github.traderjoe95.mls.protocol.tree.TreeKem" time="0.001"/>
  <testcase name="non-blank leaf 0 should be consistent with the public state" classname="com.github.traderjoe95.mls.protocol.tree.TreeKem" time="0.001"/>
  <testcase name="non-blank leaf 1 should be consistent with the public state" classname="com.github.traderjoe95.mls.protocol.tree.TreeKem" time="0.002"/>
  <testcase name="non-blank leaf 2 should be consistent with the public state" classname="com.github.traderjoe95.mls.protocol.tree.TreeKem" time="0.002"/>
  <testcase name="non-blank leaf 3 should be consistent with the public state" classname="com.github.traderjoe95.mls.protocol.tree.TreeKem" time="0.002"/>
  <testcase name="non-blank leaf 4 should be consistent with the public state" classname="com.github.traderjoe95.mls.protocol.tree.TreeKem" time="0.001"/>
  <testcase name="non-blank leaf 5 should be consistent with the public state" classname="com.github.traderjoe95.mls.protocol.tree.TreeKem" time="0.002"/>
  <testcase name="non-blank leaf 6 should be consistent with the public state" classname="com.github.traderjoe95.mls.protocol.tree.TreeKem" time="0.002"/>
  <testcase name="non-blank leaf 7 should be consistent with the public state" classname="com.github.traderjoe95.mls.protocol.tree.TreeKem" time="0.002"/>
  <testcase name="the update path should be parent-hash valid" classname="com.github.traderjoe95.mls.protocol.tree.TreeKem" time="0.0"/>
  <testcase name="the tree hash after merging the update path should be 7eb7ca3cae4648202205172112976c2cfdf66622ef355f789f86ef3dd4d01e60c8d2533926a8f4452523af16c0f8fc42c5a06a98568cf1bd5ba0489e87f1539f" classname="com.github.traderjoe95.mls.protocol.tree.TreeKem" time="0.0"/>
  <testcase name="the decrypted path secret should be 35b7504d7be0059efd5d3f6d4fcd716ea776f3f62a93c7e8f288c872ae541ff96b3536c3554cba2d3bb21ebfbcf8896bac5cb7922de69d6a55e1602845d3880b" classname="com.github.traderjoe95.mls.protocol.tree.TreeKem" time="0.0"/>
  <testcase name="a new update path generated by the sender should be successfully processed" classname="com.github.traderjoe95.mls.protocol.tree.TreeKem" time="0.001"/>
  <testcase name="the update path should be parent-hash valid" classname="com.github.traderjoe95.mls.protocol.tree.TreeKem" time="0.0"/>
  <testcase name="the tree hash after merging the update path should be 7eb7ca3cae4648202205172112976c2cfdf66622ef355f789f86ef3dd4d01e60c8d2533926a8f4452523af16c0f8fc42c5a06a98568cf1bd5ba0489e87f1539f" classname="com.github.traderjoe95.mls.protocol.tree.TreeKem" time="0.0"/>
  <testcase name="the decrypted path secret should be d3c311c0f210c636e77cd264320bed48fc6b01836779e7807ae5a5b28c8336228db1b3d312f542dc9b3eabfbb6b0f12f7d454bda5c1b28795a5bfb53354e9f42" classname="com.github.traderjoe95.mls.protocol.tree.TreeKem" time="0.001"/>
  <testcase name="a new update path generated by the sender should be successfully processed" classname="com.github.traderjoe95.mls.protocol.tree.TreeKem" time="0.001"/>
  <testcase name="the update path should be parent-hash valid" classname="com.github.traderjoe95.mls.protocol.tree.TreeKem" time="0.0"/>
  <testcase name="the tree hash after merging the update path should be 7eb7ca3cae4648202205172112976c2cfdf66622ef355f789f86ef3dd4d01e60c8d2533926a8f4452523af16c0f8fc42c5a06a98568cf1bd5ba0489e87f1539f" classname="com.github.traderjoe95.mls.protocol.tree.TreeKem" time="0.0"/>
  <testcase name="the decrypted path secret should be d3c311c0f210c636e77cd264320bed48fc6b01836779e7807ae5a5b28c8336228db1b3d312f542dc9b3eabfbb6b0f12f7d454bda5c1b28795a5bfb53354e9f42" classname="com.github.traderjoe95.mls.protocol.tree.TreeKem" time="0.001"/>
  <testcase name="a new update path generated by the sender should be successfully processed" classname="com.github.traderjoe95.mls.protocol.tree.TreeKem" time="0.001"/>
  <testcase name="the update path should be parent-hash valid" classname="com.github.traderjoe95.mls.protocol.tree.TreeKem" time="0.0"/>
  <testcase name="the tree hash after merging the update path should be 7eb7ca3cae4648202205172112976c2cfdf66622ef355f789f86ef3dd4d01e60c8d2533926a8f4452523af16c0f8fc42c5a06a98568cf1bd5ba0489e87f1539f" classname="com.github.traderjoe95.mls.protocol.tree.TreeKem" time="0.001"/>
  <testcase name="the decrypted path secret should be e1b827b08b21dd028bb51e4923358326c7495f3f2f2b6f6196a31e546d222535ec42fdb3b125b7d6e1a057de39a2d002c663df267cd5ea93559cea5a551bb999" classname="com.github.traderjoe95.mls.protocol.tree.TreeKem" time="0.001"/>
  <testcase name="a new update path generated by the sender should be successfully processed" classname="com.github.traderjoe95.mls.protocol.tree.TreeKem" time="0.001"/>
  <testcase name="the update path should be parent-hash valid" classname="com.github.traderjoe95.mls.protocol.tree.TreeKem" time="0.001"/>
  <testcase name="the tree hash after merging the update path should be 7eb7ca3cae4648202205172112976c2cfdf66622ef355f789f86ef3dd4d01e60c8d2533926a8f4452523af16c0f8fc42c5a06a98568cf1bd5ba0489e87f1539f" classname="com.github.traderjoe95.mls.protocol.tree.TreeKem" time="0.001"/>
  <testcase name="the decrypted path secret should be e1b827b08b21dd028bb51e4923358326c7495f3f2f2b6f6196a31e546d222535ec42fdb3b125b7d6e1a057de39a2d002c663df267cd5ea93559cea5a551bb999" classname="com.github.traderjoe95.mls.protocol.tree.TreeKem" time="0.001"/>
  <testcase name="a new update path generated by the sender should be successfully processed" classname="com.github.traderjoe95.mls.protocol.tree.TreeKem" time="0.002"/>
  <testcase name="the update path should be parent-hash valid" classname="com.github.traderjoe95.mls.protocol.tree.TreeKem" time="0.0"/>
  <testcase name="the tree hash after merging the update path should be 7eb7ca3cae4648202205172112976c2cfdf66622ef355f789f86ef3dd4d01e60c8d2533926a8f4452523af16c0f8fc42c5a06a98568cf1bd5ba0489e87f1539f" classname="com.github.traderjoe95.mls.protocol.tree.TreeKem" time="0.001"/>
  <testcase name="the decrypted path secret should be e1b827b08b21dd028bb51e4923358326c7495f3f2f2b6f6196a31e546d222535ec42fdb3b125b7d6e1a057de39a2d002c663df267cd5ea93559cea5a551bb999" classname="com.github.traderjoe95.mls.protocol.tree.TreeKem" time="0.001"/>
  <testcase name="a new update path generated by the sender should be successfully processed" classname="com.github.traderjoe95.mls.protocol.tree.TreeKem" time="0.002"/>
  <testcase name="the update path should be parent-hash valid" classname="com.github.traderjoe95.mls.protocol.tree.TreeKem" time="0.0"/>
  <testcase name="the tree hash after merging the update path should be 7eb7ca3cae4648202205172112976c2cfdf66622ef355f789f86ef3dd4d01e60c8d2533926a8f4452523af16c0f8fc42c5a06a98568cf1bd5ba0489e87f1539f" classname="com.github.traderjoe95.mls.protocol.tree.TreeKem" time="0.0"/>
  <testcase name="the decrypted path secret should be e1b827b08b21dd028bb51e4923358326c7495f3f2f2b6f6196a31e546d222535ec42fdb3b125b7d6e1a057de39a2d002c663df267cd5ea93559cea5a551bb999" classname="com.github.traderjoe95.mls.protocol.tree.TreeKem" time="0.001"/>
  <testcase name="a new update path generated by the sender should be successfully processed" classname="com.github.traderjoe95.mls.protocol.tree.TreeKem" time="0.001"/>
  <testcase name="the update path should be parent-hash valid" classname="com.github.traderjoe95.mls.protocol.tree.TreeKem" time="0.0"/>
  <testcase name="the tree hash after merging the update path should be bbaf9d2f2974380b2e28d3982f38b0e19790b5bd61784ba32ab7ab08ebb7bfa54542e227a5c8f5defa9fb9740ca198b59013837cd20cbc94ccccfc6f9d8657e7" classname="com.github.traderjoe95.mls.protocol.tree.TreeKem" time="0.0"/>
  <testcase name="the decrypted path secret should be 5030b29fbffbd5357f52f1203e4eb67fbf892c640bbf48c230a81fb3c967136486f1f3029f6f019302b95bf6acf1dede81a912d84193d3a9dfae8a85e791178b" classname="com.github.traderjoe95.mls.protocol.tree.TreeKem" time="0.001"/>
  <testcase name="a new update path generated by the sender should be successfully processed" classname="com.github.traderjoe95.mls.protocol.tree.TreeKem" time="0.001"/>
  <testcase name="the update path should be parent-hash valid" classname="com.github.traderjoe95.mls.protocol.tree.TreeKem" time="0.0"/>
  <testcase name="the tree hash after merging the update path should be bbaf9d2f2974380b2e28d3982f38b0e19790b5bd61784ba32ab7ab08ebb7bfa54542e227a5c8f5defa9fb9740ca198b59013837cd20cbc94ccccfc6f9d8657e7" classname="com.github.traderjoe95.mls.protocol.tree.TreeKem" time="0.0"/>
  <testcase name="the decrypted path secret should be 3cd9aa4a964ebe1c490fcf4b7cadf35390eaaf850153507eaa387a662305a6da48ba6761322a8c18aa901da85daee02b364e5e5b69ab1ea621322c8811b0711c" classname="com.github.traderjoe95.mls.protocol.tree.TreeKem" time="0.0"/>
  <testcase name="a new update path generated by the sender should be successfully processed" classname="com.github.traderjoe95.mls.protocol.tree.TreeKem" time="0.001"/>
  <testcase name="the update path should be parent-hash valid" classname="com.github.traderjoe95.mls.protocol.tree.TreeKem" time="0.0"/>
  <testcase name="the tree hash after merging the update path should be bbaf9d2f2974380b2e28d3982f38b0e19790b5bd61784ba32ab7ab08ebb7bfa54542e227a5c8f5defa9fb9740ca198b59013837cd20cbc94ccccfc6f9d8657e7" classname="com.github.traderjoe95.mls.protocol.tree.TreeKem" time="0.001"/>
  <testcase name="the decrypted path secret should be 3cd9aa4a964ebe1c490fcf4b7cadf35390eaaf850153507eaa387a662305a6da48ba6761322a8c18aa901da85daee02b364e5e5b69ab1ea621322c8811b0711c" classname="com.github.traderjoe95.mls.protocol.tree.TreeKem" time="0.001"/>
  <testcase name="a new update path generated by the sender should be successfully processed" classname="com.github.traderjoe95.mls.protocol.tree.TreeKem" time="0.001"/>
  <testcase name="the update path should be parent-hash valid" classname="com.github.traderjoe95.mls.protocol.tree.TreeKem" time="0.001"/>
  <testcase name="the tree hash after merging the update path should be bbaf9d2f2974380b2e28d3982f38b0e19790b5bd61784ba32ab7ab08ebb7bfa54542e227a5c8f5defa9fb9740ca198b59013837cd20cbc94ccccfc6f9d8657e7" classname="com.github.traderjoe95.mls.protocol.tree.TreeKem" time="0.0"/>
  <testcase name="the decrypted path secret should be 2aa33832345aacc9c2cc0f06b0ca9be9f34130653591620513ac705f2064215ff92019d461f69894316fe0a7a8d4ae69b4a3d333267f96191ed84091985d60f7" classname="com.github.traderjoe95.mls.protocol.tree.TreeKem" time="0.001"/>
  <testcase name="a new update path generated by the sender should be successfully processed" classname="com.github.traderjoe95.mls.protocol.tree.TreeKem" time="0.001"/>
  <testcase name="the update path should be parent-hash valid" classname="com.github.traderjoe95.mls.protocol.tree.TreeKem" time="0.001"/>
  <testcase name="the tree hash after merging the update path should be bbaf9d2f2974380b2e28d3982f38b0e19790b5bd61784ba32ab7ab08ebb7bfa54542e227a5c8f5defa9fb9740ca198b59013837cd20cbc94ccccfc6f9d8657e7" classname="com.github.traderjoe95.mls.protocol.tree.TreeKem" time="0.0"/>
  <testcase name="the decrypted path secret should be 2aa33832345aacc9c2cc0f06b0ca9be9f34130653591620513ac705f2064215ff92019d461f69894316fe0a7a8d4ae69b4a3d333267f96191ed84091985d60f7" classname="com.github.traderjoe95.mls.protocol.tree.TreeKem" time="0.001"/>
  <testcase name="a new update path generated by the sender should be successfully processed" classname="com.github.traderjoe95.mls.protocol.tree.TreeKem" time="0.001"/>
  <testcase name="the update path should be parent-hash valid" classname="com.github.traderjoe95.mls.protocol.tree.TreeKem" time="0.0"/>
  <testcase name="the tree hash after merging the update path should be bbaf9d2f2974380b2e28d3982f38b0e19790b5bd61784ba32ab7ab08ebb7bfa54542e227a5c8f5defa9fb9740ca198b59013837cd20cbc94ccccfc6f9d8657e7" classname="com.github.traderjoe95.mls.protocol.tree.TreeKem" time="0.001"/>
  <testcase name="the decrypted path secret should be 2aa33832345aacc9c2cc0f06b0ca9be9f34130653591620513ac705f2064215ff92019d461f69894316fe0a7a8d4ae69b4a3d333267f96191ed84091985d60f7" classname="com.github.traderjoe95.mls.protocol.tree.TreeKem" time="0.0"/>
  <testcase name="a new update path generated by the sender should be successfully processed" classname="com.github.traderjoe95.mls.protocol.tree.TreeKem" time="0.001"/>
  <testcase name="the update path should be parent-hash valid" classname="com.github.traderjoe95.mls.protocol.tree.TreeKem" time="0.0"/>
  <testcase name="the tree hash after merging the update path should be bbaf9d2f2974380b2e28d3982f38b0e19790b5bd61784ba32ab7ab08ebb7bfa54542e227a5c8f5defa9fb9740ca198b59013837cd20cbc94ccccfc6f9d8657e7" classname="com.github.traderjoe95.mls.protocol.tree.TreeKem" time="0.0"/>
  <testcase name="the decrypted path secret should be 2aa33832345aacc9c2cc0f06b0ca9be9f34130653591620513ac705f2064215ff92019d461f69894316fe0a7a8d4ae69b4a3d333267f96191ed84091985d60f7" classname="com.github.traderjoe95.mls.protocol.tree.TreeKem" time="0.0"/>
  <testcase name="a new update path generated by the sender should be successfully processed" classname="com.github.traderjoe95.mls.protocol.tree.TreeKem" time="0.001"/>
  <testcase name="the update path should be parent-hash valid" classname="com.github.traderjoe95.mls.protocol.tree.TreeKem" time="0.0"/>
  <testcase name="the tree hash after merging the update path should be f93b381d821056a00b805d54baf21b503b51fa91354c319ea1b82ca170b5ebb5984a6f14f7082046786f89aec4144d48ad7842b131f5f1a1b9b0f4347b2c694a" classname="com.github.traderjoe95.mls.protocol.tree.TreeKem" time="0.001"/>
  <testcase name="the decrypted path secret should be 4e3c8360e67635117478a7ec1064743345b60c323f28e821a6b22295877ef85379970f7c3388f30f7d3bc0032027b5fd0451a9cdd0581307537062fc0fe0b314" classname="com.github.traderjoe95.mls.protocol.tree.TreeKem" time="0.001"/>
  <testcase name="a new update path generated by the sender should be successfully processed" classname="com.github.traderjoe95.mls.protocol.tree.TreeKem" time="0.001"/>
  <testcase name="the update path should be parent-hash valid" classname="com.github.traderjoe95.mls.protocol.tree.TreeKem" time="0.001"/>
  <testcase name="the tree hash after merging the update path should be f93b381d821056a00b805d54baf21b503b51fa91354c319ea1b82ca170b5ebb5984a6f14f7082046786f89aec4144d48ad7842b131f5f1a1b9b0f4347b2c694a" classname="com.github.traderjoe95.mls.protocol.tree.TreeKem" time="0.001"/>
  <testcase name="the decrypted path secret should be 4e3c8360e67635117478a7ec1064743345b60c323f28e821a6b22295877ef85379970f7c3388f30f7d3bc0032027b5fd0451a9cdd0581307537062fc0fe0b314" classname="com.github.traderjoe95.mls.protocol.tree.TreeKem" time="0.001"/>
  <testcase name="a new update path generated by the sender should be successfully processed" classname="com.github.traderjoe95.mls.protocol.tree.TreeKem" time="0.001"/>
  <testcase name="the update path should be parent-hash valid" classname="com.github.traderjoe95.mls.protocol.tree.TreeKem" time="0.0"/>
  <testcase name="the tree hash after merging the update path should be f93b381d821056a00b805d54baf21b503b51fa91354c319ea1b82ca170b5ebb5984a6f14f7082046786f89aec4144d48ad7842b131f5f1a1b9b0f4347b2c694a" classname="com.github.traderjoe95.mls.protocol.tree.TreeKem" time="0.0"/>
  <testcase name="the decrypted path secret should be eb7b83e93ba36e28445e7b5a400f865c6690cc9d41fdf11cef614130dc544021120a99251dcfbba6aea88b19febf37f541fb5349c6f8ff90a6da00ff5c6d2a9b" classname="com.github.traderjoe95.mls.protocol.tree.TreeKem" time="0.0"/>
  <testcase name="a new update path generated by the sender should be successfully processed" classname="com.github.traderjoe95.mls.protocol.tree.TreeKem" time="0.001"/>
  <testcase name="the update path should be parent-hash valid" classname="com.github.traderjoe95.mls.protocol.tree.TreeKem" time="0.0"/>
  <testcase name="the tree hash after merging the update path should be f93b381d821056a00b805d54baf21b503b51fa91354c319ea1b82ca170b5ebb5984a6f14f7082046786f89aec4144d48ad7842b131f5f1a1b9b0f4347b2c694a" classname="com.github.traderjoe95.mls.protocol.tree.TreeKem" time="0.0"/>
  <testcase name="the decrypted path secret should be a3a73abd37b10f32440c0006f27e913d2bd4c8aef7b12058a8119cd4a8fb2aa4313c43fd850682b779d03b050762dfbfcd4064bdcc72c4a04f58f2a61e8098e7" classname="com.github.traderjoe95.mls.protocol.tree.TreeKem" time="0.0"/>
  <testcase name="a new update path generated by the sender should be successfully processed" classname="com.github.traderjoe95.mls.protocol.tree.TreeKem" time="0.001"/>
  <testcase name="the update path should be parent-hash valid" classname="com.github.traderjoe95.mls.protocol.tree.TreeKem" time="0.0"/>
  <testcase name="the tree hash after merging the update path should be f93b381d821056a00b805d54baf21b503b51fa91354c319ea1b82ca170b5ebb5984a6f14f7082046786f89aec4144d48ad7842b131f5f1a1b9b0f4347b2c694a" classname="com.github.traderjoe95.mls.protocol.tree.TreeKem" time="0.0"/>
  <testcase name="the decrypted path secret should be a3a73abd37b10f32440c0006f27e913d2bd4c8aef7b12058a8119cd4a8fb2aa4313c43fd850682b779d03b050762dfbfcd4064bdcc72c4a04f58f2a61e8098e7" classname="com.github.traderjoe95.mls.protocol.tree.TreeKem" time="0.001"/>
  <testcase name="a new update path generated by the sender should be successfully processed" classname="com.github.traderjoe95.mls.protocol.tree.TreeKem" time="0.001"/>
  <testcase name="the update path should be parent-hash valid" classname="com.github.traderjoe95.mls.protocol.tree.TreeKem" time="0.0"/>
  <testcase name="the tree hash after merging the update path should be f93b381d821056a00b805d54baf21b503b51fa91354c319ea1b82ca170b5ebb5984a6f14f7082046786f89aec4144d48ad7842b131f5f1a1b9b0f4347b2c694a" classname="com.github.traderjoe95.mls.protocol.tree.TreeKem" time="0.001"/>
  <testcase name="the decrypted path secret should be a3a73abd37b10f32440c0006f27e913d2bd4c8aef7b12058a8119cd4a8fb2aa4313c43fd850682b779d03b050762dfbfcd4064bdcc72c4a04f58f2a61e8098e7" classname="com.github.traderjoe95.mls.protocol.tree.TreeKem" time="0.001"/>
  <testcase name="a new update path generated by the sender should be successfully processed" classname="com.github.traderjoe95.mls.protocol.tree.TreeKem" time="0.001"/>
  <testcase name="the update path should be parent-hash valid" classname="com.github.traderjoe95.mls.protocol.tree.TreeKem" time="0.0"/>
  <testcase name="the tree hash after merging the update path should be f93b381d821056a00b805d54baf21b503b51fa91354c319ea1b82ca170b5ebb5984a6f14f7082046786f89aec4144d48ad7842b131f5f1a1b9b0f4347b2c694a" classname="com.github.traderjoe95.mls.protocol.tree.TreeKem" time="0.0"/>
  <testcase name="the decrypted path secret should be a3a73abd37b10f32440c0006f27e913d2bd4c8aef7b12058a8119cd4a8fb2aa4313c43fd850682b779d03b050762dfbfcd4064bdcc72c4a04f58f2a61e8098e7" classname="com.github.traderjoe95.mls.protocol.tree.TreeKem" time="0.001"/>
  <testcase name="a new update path generated by the sender should be successfully processed" classname="com.github.traderjoe95.mls.protocol.tree.TreeKem" time="0.001"/>
  <testcase name="the update path should be parent-hash valid" classname="com.github.traderjoe95.mls.protocol.tree.TreeKem" time="0.0"/>
  <testcase name="the tree hash after merging the update path should be 75acc656cc3087a2f6a164208cd318fae2ed857a0ce308cd0a7d61378f2073e2396b8802fa4362aa628596b62da80909ff716f56151bf2be0bd84b5e398de8e0" classname="com.github.traderjoe95.mls.protocol.tree.TreeKem" time="0.0"/>
  <testcase name="the decrypted path secret should be 253474b746efb933eaf6ff9f46abea9217089176dd15352becc1e3449928bfddfb0aeb8d6a8c8bbd9fd1dc931dc6bd941f1de803e298793fbe16c2bf45a01675" classname="com.github.traderjoe95.mls.protocol.tree.TreeKem" time="0.001"/>
  <testcase name="a new update path generated by the sender should be successfully processed" classname="com.github.traderjoe95.mls.protocol.tree.TreeKem" time="0.001"/>
  <testcase name="the update path should be parent-hash valid" classname="com.github.traderjoe95.mls.protocol.tree.TreeKem" time="0.0"/>
  <testcase name="the tree hash after merging the update path should be 75acc656cc3087a2f6a164208cd318fae2ed857a0ce308cd0a7d61378f2073e2396b8802fa4362aa628596b62da80909ff716f56151bf2be0bd84b5e398de8e0" classname="com.github.traderjoe95.mls.protocol.tree.TreeKem" time="0.0"/>
  <testcase name="the decrypted path secret should be 253474b746efb933eaf6ff9f46abea9217089176dd15352becc1e3449928bfddfb0aeb8d6a8c8bbd9fd1dc931dc6bd941f1de803e298793fbe16c2bf45a01675" classname="com.github.traderjoe95.mls.protocol.tree.TreeKem" time="0.001"/>
  <testcase name="a new update path generated by the sender should be successfully processed" classname="com.github.traderjoe95.mls.protocol.tree.TreeKem" time="0.001"/>
  <testcase name="the update path should be parent-hash valid" classname="com.github.traderjoe95.mls.protocol.tree.TreeKem" time="0.001"/>
  <testcase name="the tree hash after merging the update path should be 75acc656cc3087a2f6a164208cd318fae2ed857a0ce308cd0a7d61378f2073e2396b8802fa4362aa628596b62da80909ff716f56151bf2be0bd84b5e398de8e0" classname="com.github.traderjoe95.mls.protocol.tree.TreeKem" time="0.0"/>
  <testcase name="the decrypted path secret should be 50e7566b0c0a3ea338c1f7e8160b9aa62a7d78f89a14e2c60544ef50797ab8c5fffeceede7bf7edb63a8cb1b02b807062b118a082d99c9a154b177acdf3fa2d5" classname="com.github.traderjoe95.mls.protocol.tree.TreeKem" time="0.001"/>
  <testcase name="a new update path generated by the sender should be successfully processed" classname="com.github.traderjoe95.mls.protocol.tree.TreeKem" time="0.001"/>
  <testcase name="the update path should be parent-hash valid" classname="com.github.traderjoe95.mls.protocol.tree.TreeKem" time="0.001"/>
  <testcase name="the tree hash after merging the update path should be 75acc656cc3087a2f6a164208cd318fae2ed857a0ce308cd0a7d61378f2073e2396b8802fa4362aa628596b62da80909ff716f56151bf2be0bd84b5e398de8e0" classname="com.github.traderjoe95.mls.protocol.tree.TreeKem" time="0.001"/>
  <testcase name="the decrypted path secret should be c2f01f9269f0e13dafb1fd7796e0293bd74c86202dba39d56499da4c4d677c6c38c0d30558008f4f632162f742e07ca0b45b20f7d6441b61c3fe34a1910664e2" classname="com.github.traderjoe95.mls.protocol.tree.TreeKem" time="0.001"/>
  <testcase name="a new update path generated by the sender should be successfully processed" classname="com.github.traderjoe95.mls.protocol.tree.TreeKem" time="0.001"/>
  <testcase name="the update path should be parent-hash valid" classname="com.github.traderjoe95.mls.protocol.tree.TreeKem" time="0.0"/>
  <testcase name="the tree hash after merging the update path should be 75acc656cc3087a2f6a164208cd318fae2ed857a0ce308cd0a7d61378f2073e2396b8802fa4362aa628596b62da80909ff716f56151bf2be0bd84b5e398de8e0" classname="com.github.traderjoe95.mls.protocol.tree.TreeKem" time="0.0"/>
  <testcase name="the decrypted path secret should be c2f01f9269f0e13dafb1fd7796e0293bd74c86202dba39d56499da4c4d677c6c38c0d30558008f4f632162f742e07ca0b45b20f7d6441b61c3fe34a1910664e2" classname="com.github.traderjoe95.mls.protocol.tree.TreeKem" time="0.001"/>
  <testcase name="a new update path generated by the sender should be successfully processed" classname="com.github.traderjoe95.mls.protocol.tree.TreeKem" time="0.001"/>
  <testcase name="the update path should be parent-hash valid" classname="com.github.traderjoe95.mls.protocol.tree.TreeKem" time="0.0"/>
  <testcase name="the tree hash after merging the update path should be 75acc656cc3087a2f6a164208cd318fae2ed857a0ce308cd0a7d61378f2073e2396b8802fa4362aa628596b62da80909ff716f56151bf2be0bd84b5e398de8e0" classname="com.github.traderjoe95.mls.protocol.tree.TreeKem" time="0.0"/>
  <testcase name="the decrypted path secret should be c2f01f9269f0e13dafb1fd7796e0293bd74c86202dba39d56499da4c4d677c6c38c0d30558008f4f632162f742e07ca0b45b20f7d6441b61c3fe34a1910664e2" classname="com.github.traderjoe95.mls.protocol.tree.TreeKem" time="0.001"/>
  <testcase name="a new update path generated by the sender should be successfully processed" classname="com.github.traderjoe95.mls.protocol.tree.TreeKem" time="0.001"/>
  <testcase name="the update path should be parent-hash valid" classname="com.github.traderjoe95.mls.protocol.tree.TreeKem" time="0.0"/>
  <testcase name="the tree hash after merging the update path should be 75acc656cc3087a2f6a164208cd318fae2ed857a0ce308cd0a7d61378f2073e2396b8802fa4362aa628596b62da80909ff716f56151bf2be0bd84b5e398de8e0" classname="com.github.traderjoe95.mls.protocol.tree.TreeKem" time="0.0"/>
  <testcase name="the decrypted path secret should be c2f01f9269f0e13dafb1fd7796e0293bd74c86202dba39d56499da4c4d677c6c38c0d30558008f4f632162f742e07ca0b45b20f7d6441b61c3fe34a1910664e2" classname="com.github.traderjoe95.mls.protocol.tree.TreeKem" time="0.0"/>
  <testcase name="a new update path generated by the sender should be successfully processed" classname="com.github.traderjoe95.mls.protocol.tree.TreeKem" time="0.001"/>
  <testcase name="the update path should be parent-hash valid" classname="com.github.traderjoe95.mls.protocol.tree.TreeKem" time="0.0"/>
  <testcase name="the tree hash after merging the update path should be eae95ceec92467fb6cbd881e13baa1380b59111541c08b9dae14c88ac23f24d56eb12e9d2e7996441979e4469da9fc32c05eaa253115b0e2fe3fff9fab0aec29" classname="com.github.traderjoe95.mls.protocol.tree.TreeKem" time="0.0"/>
  <testcase name="the decrypted path secret should be 5626baaf8181cd64b818cccc9af5512b1bc735aede2506db9df9bff084b27341db7f6a2f62624ef550e4d269da742b5920964949f31560ad53c659e53a6a4408" classname="com.github.traderjoe95.mls.protocol.tree.TreeKem" time="0.001"/>
  <testcase name="a new update path generated by the sender should be successfully processed" classname="com.github.traderjoe95.mls.protocol.tree.TreeKem" time="0.001"/>
  <testcase name="the update path should be parent-hash valid" classname="com.github.traderjoe95.mls.protocol.tree.TreeKem" time="0.0"/>
  <testcase name="the tree hash after merging the update path should be eae95ceec92467fb6cbd881e13baa1380b59111541c08b9dae14c88ac23f24d56eb12e9d2e7996441979e4469da9fc32c05eaa253115b0e2fe3fff9fab0aec29" classname="com.github.traderjoe95.mls.protocol.tree.TreeKem" time="0.0"/>
  <testcase name="the decrypted path secret should be 5626baaf8181cd64b818cccc9af5512b1bc735aede2506db9df9bff084b27341db7f6a2f62624ef550e4d269da742b5920964949f31560ad53c659e53a6a4408" classname="com.github.traderjoe95.mls.protocol.tree.TreeKem" time="0.0"/>
  <testcase name="a new update path generated by the sender should be successfully processed" classname="com.github.traderjoe95.mls.protocol.tree.TreeKem" time="0.001"/>
  <testcase name="the update path should be parent-hash valid" classname="com.github.traderjoe95.mls.protocol.tree.TreeKem" time="0.0"/>
  <testcase name="the tree hash after merging the update path should be eae95ceec92467fb6cbd881e13baa1380b59111541c08b9dae14c88ac23f24d56eb12e9d2e7996441979e4469da9fc32c05eaa253115b0e2fe3fff9fab0aec29" classname="com.github.traderjoe95.mls.protocol.tree.TreeKem" time="0.0"/>
  <testcase name="the decrypted path secret should be 5626baaf8181cd64b818cccc9af5512b1bc735aede2506db9df9bff084b27341db7f6a2f62624ef550e4d269da742b5920964949f31560ad53c659e53a6a4408" classname="com.github.traderjoe95.mls.protocol.tree.TreeKem" time="0.001"/>
  <testcase name="a new update path generated by the sender should be successfully processed" classname="com.github.traderjoe95.mls.protocol.tree.TreeKem" time="0.001"/>
  <testcase name="the update path should be parent-hash valid" classname="com.github.traderjoe95.mls.protocol.tree.TreeKem" time="0.0"/>
  <testcase name="the tree hash after merging the update path should be eae95ceec92467fb6cbd881e13baa1380b59111541c08b9dae14c88ac23f24d56eb12e9d2e7996441979e4469da9fc32c05eaa253115b0e2fe3fff9fab0aec29" classname="com.github.traderjoe95.mls.protocol.tree.TreeKem" time="0.0"/>
  <testcase name="the decrypted path secret should be 5626baaf8181cd64b818cccc9af5512b1bc735aede2506db9df9bff084b27341db7f6a2f62624ef550e4d269da742b5920964949f31560ad53c659e53a6a4408" classname="com.github.traderjoe95.mls.protocol.tree.TreeKem" time="0.0"/>
  <testcase name="a new update path generated by the sender should be successfully processed" classname="com.github.traderjoe95.mls.protocol.tree.TreeKem" time="0.001"/>
  <testcase name="the update path should be parent-hash valid" classname="com.github.traderjoe95.mls.protocol.tree.TreeKem" time="0.0"/>
  <testcase name="the tree hash after merging the update path should be eae95ceec92467fb6cbd881e13baa1380b59111541c08b9dae14c88ac23f24d56eb12e9d2e7996441979e4469da9fc32c05eaa253115b0e2fe3fff9fab0aec29" classname="com.github.traderjoe95.mls.protocol.tree.TreeKem" time="0.0"/>
  <testcase name="the decrypted path secret should be cd78d173aa1f02ebb13d28893a8f58a62a33b57a51a6784e7990dd4a14cbb4c48d011f0f05739243696d141b078f84a0328d2d5c6b47fd3c4142fb8e88167b13" classname="com.github.traderjoe95.mls.protocol.tree.TreeKem" time="0.0"/>
  <testcase name="a new update path generated by the sender should be successfully processed" classname="com.github.traderjoe95.mls.protocol.tree.TreeKem" time="0.001"/>
  <testcase name="the update path should be parent-hash valid" classname="com.github.traderjoe95.mls.protocol.tree.TreeKem" time="0.0"/>
  <testcase name="the tree hash after merging the update path should be eae95ceec92467fb6cbd881e13baa1380b59111541c08b9dae14c88ac23f24d56eb12e9d2e7996441979e4469da9fc32c05eaa253115b0e2fe3fff9fab0aec29" classname="com.github.traderjoe95.mls.protocol.tree.TreeKem" time="0.0"/>
  <testcase name="the decrypted path secret should be f79dcfaffb77f003b65d5ab1421a07d6fa486285771410f589d26b26f0301638593f4cb3b392b48006234ad494794d7a80c80230a89f628552f7582ae06f3459" classname="com.github.traderjoe95.mls.protocol.tree.TreeKem" time="0.001"/>
  <testcase name="a new update path generated by the sender should be successfully processed" classname="com.github.traderjoe95.mls.protocol.tree.TreeKem" time="0.001"/>
  <testcase name="the update path should be parent-hash valid" classname="com.github.traderjoe95.mls.protocol.tree.TreeKem" time="0.0"/>
  <testcase name="the tree hash after merging the update path should be eae95ceec92467fb6cbd881e13baa1380b59111541c08b9dae14c88ac23f24d56eb12e9d2e7996441979e4469da9fc32c05eaa253115b0e2fe3fff9fab0aec29" classname="com.github.traderjoe95.mls.protocol.tree.TreeKem" time="0.0"/>
  <testcase name="the decrypted path secret should be f79dcfaffb77f003b65d5ab1421a07d6fa486285771410f589d26b26f0301638593f4cb3b392b48006234ad494794d7a80c80230a89f628552f7582ae06f3459" classname="com.github.traderjoe95.mls.protocol.tree.TreeKem" time="0.001"/>
  <testcase name="a new update path generated by the sender should be successfully processed" classname="com.github.traderjoe95.mls.protocol.tree.TreeKem" time="0.001"/>
  <testcase name="the update path should be parent-hash valid" classname="com.github.traderjoe95.mls.protocol.tree.TreeKem" time="0.0"/>
  <testcase name="the tree hash after merging the update path should be 895a90bf29180037669aac065b77fc389747ae678631a9f94c6ec556e559de8ea16ba8997777f356bcc7be6df3cd5df798624c8c027ece95ea0779ca78979895" classname="com.github.traderjoe95.mls.protocol.tree.TreeKem" time="0.0"/>
  <testcase name="the decrypted path secret should be 30b3e5d0f3f7368a490e106a69fb1f5d1d6a4f06a02c86936325843c49b452ac4f468a6a57682110c8b5669c097bf7a759200f62ab7eae18e47ac22404b8a1ad" classname="com.github.traderjoe95.mls.protocol.tree.TreeKem" time="0.001"/>
  <testcase name="a new update path generated by the sender should be successfully processed" classname="com.github.traderjoe95.mls.protocol.tree.TreeKem" time="0.001"/>
  <testcase name="the update path should be parent-hash valid" classname="com.github.traderjoe95.mls.protocol.tree.TreeKem" time="0.0"/>
  <testcase name="the tree hash after merging the update path should be 895a90bf29180037669aac065b77fc389747ae678631a9f94c6ec556e559de8ea16ba8997777f356bcc7be6df3cd5df798624c8c027ece95ea0779ca78979895" classname="com.github.traderjoe95.mls.protocol.tree.TreeKem" time="0.0"/>
  <testcase name="the decrypted path secret should be 30b3e5d0f3f7368a490e106a69fb1f5d1d6a4f06a02c86936325843c49b452ac4f468a6a57682110c8b5669c097bf7a759200f62ab7eae18e47ac22404b8a1ad" classname="com.github.traderjoe95.mls.protocol.tree.TreeKem" time="0.0"/>
  <testcase name="a new update path generated by the sender should be successfully processed" classname="com.github.traderjoe95.mls.protocol.tree.TreeKem" time="0.001"/>
  <testcase name="the update path should be parent-hash valid" classname="com.github.traderjoe95.mls.protocol.tree.TreeKem" time="0.0"/>
  <testcase name="the tree hash after merging the update path should be 895a90bf29180037669aac065b77fc389747ae678631a9f94c6ec556e559de8ea16ba8997777f356bcc7be6df3cd5df798624c8c027ece95ea0779ca78979895" classname="com.github.traderjoe95.mls.protocol.tree.TreeKem" time="0.001"/>
  <testcase name="the decrypted path secret should be 30b3e5d0f3f7368a490e106a69fb1f5d1d6a4f06a02c86936325843c49b452ac4f468a6a57682110c8b5669c097bf7a759200f62ab7eae18e47ac22404b8a1ad" classname="com.github.traderjoe95.mls.protocol.tree.TreeKem" time="0.001"/>
  <testcase name="a new update path generated by the sender should be successfully processed" classname="com.github.traderjoe95.mls.protocol.tree.TreeKem" time="0.001"/>
  <testcase name="the update path should be parent-hash valid" classname="com.github.traderjoe95.mls.protocol.tree.TreeKem" time="0.0"/>
  <testcase name="the tree hash after merging the update path should be 895a90bf29180037669aac065b77fc389747ae678631a9f94c6ec556e559de8ea16ba8997777f356bcc7be6df3cd5df798624c8c027ece95ea0779ca78979895" classname="com.github.traderjoe95.mls.protocol.tree.TreeKem" time="0.0"/>
  <testcase name="the decrypted path secret should be 30b3e5d0f3f7368a490e106a69fb1f5d1d6a4f06a02c86936325843c49b452ac4f468a6a57682110c8b5669c097bf7a759200f62ab7eae18e47ac22404b8a1ad" classname="com.github.traderjoe95.mls.protocol.tree.TreeKem" time="0.001"/>
  <testcase name="a new update path generated by the sender should be successfully processed" classname="com.github.traderjoe95.mls.protocol.tree.TreeKem" time="0.001"/>
  <testcase name="the update path should be parent-hash valid" classname="com.github.traderjoe95.mls.protocol.tree.TreeKem" time="0.0"/>
  <testcase name="the tree hash after merging the update path should be 895a90bf29180037669aac065b77fc389747ae678631a9f94c6ec556e559de8ea16ba8997777f356bcc7be6df3cd5df798624c8c027ece95ea0779ca78979895" classname="com.github.traderjoe95.mls.protocol.tree.TreeKem" time="0.0"/>
  <testcase name="the decrypted path secret should be 0f3da931b2eae49523b0da81327546bc28575b5cec5c5e95a8f70b0e71e8985c0d3f05509ee46223a3a0b35b3a1d82d1a4417f9ea83db09e38b34b1ae54c1c9d" classname="com.github.traderjoe95.mls.protocol.tree.TreeKem" time="0.001"/>
  <testcase name="a new update path generated by the sender should be successfully processed" classname="com.github.traderjoe95.mls.protocol.tree.TreeKem" time="0.001"/>
  <testcase name="the update path should be parent-hash valid" classname="com.github.traderjoe95.mls.protocol.tree.TreeKem" time="0.0"/>
  <testcase name="the tree hash after merging the update path should be 895a90bf29180037669aac065b77fc389747ae678631a9f94c6ec556e559de8ea16ba8997777f356bcc7be6df3cd5df798624c8c027ece95ea0779ca78979895" classname="com.github.traderjoe95.mls.protocol.tree.TreeKem" time="0.0"/>
  <testcase name="the decrypted path secret should be 91a1dc40ac92de832326cf29062efd4d091e727bfa8b01fbd39bab8b35a0ece49dbfd4f218caa936815ece6cd4c418d2bbe66ced90e4bc0a6708e0b7ff79058c" classname="com.github.traderjoe95.mls.protocol.tree.TreeKem" time="0.001"/>
  <testcase name="a new update path generated by the sender should be successfully processed" classname="com.github.traderjoe95.mls.protocol.tree.TreeKem" time="0.001"/>
  <testcase name="the update path should be parent-hash valid" classname="com.github.traderjoe95.mls.protocol.tree.TreeKem" time="0.001"/>
  <testcase name="the tree hash after merging the update path should be 895a90bf29180037669aac065b77fc389747ae678631a9f94c6ec556e559de8ea16ba8997777f356bcc7be6df3cd5df798624c8c027ece95ea0779ca78979895" classname="com.github.traderjoe95.mls.protocol.tree.TreeKem" time="0.0"/>
  <testcase name="the decrypted path secret should be 91a1dc40ac92de832326cf29062efd4d091e727bfa8b01fbd39bab8b35a0ece49dbfd4f218caa936815ece6cd4c418d2bbe66ced90e4bc0a6708e0b7ff79058c" classname="com.github.traderjoe95.mls.protocol.tree.TreeKem" time="0.001"/>
  <testcase name="a new update path generated by the sender should be successfully processed" classname="com.github.traderjoe95.mls.protocol.tree.TreeKem" time="0.001"/>
  <testcase name="the update path should be parent-hash valid" classname="com.github.traderjoe95.mls.protocol.tree.TreeKem" time="0.001"/>
  <testcase name="the tree hash after merging the update path should be c4e6490bb7cb93d9e856f7c7d532271fb07ed5656cf7d3a20f54b852b733ee9b34a8c91c59b160c9f8688640fced9bc1ea3d6002cef2b4dd824aeeb1a6c30fe9" classname="com.github.traderjoe95.mls.protocol.tree.TreeKem" time="0.0"/>
  <testcase name="the decrypted path secret should be 92b4f8389eccdc1b96033e39788bd2ae0ad5a4ecbc48d517e2b0339bcbe82a078152627903ab8fd1dc7c7bba62dc770ea1493170f5cfaa61c96c8b88a5424c2f" classname="com.github.traderjoe95.mls.protocol.tree.TreeKem" time="0.001"/>
  <testcase name="a new update path generated by the sender should be successfully processed" classname="com.github.traderjoe95.mls.protocol.tree.TreeKem" time="0.001"/>
  <testcase name="the update path should be parent-hash valid" classname="com.github.traderjoe95.mls.protocol.tree.TreeKem" time="0.0"/>
  <testcase name="the tree hash after merging the update path should be c4e6490bb7cb93d9e856f7c7d532271fb07ed5656cf7d3a20f54b852b733ee9b34a8c91c59b160c9f8688640fced9bc1ea3d6002cef2b4dd824aeeb1a6c30fe9" classname="com.github.traderjoe95.mls.protocol.tree.TreeKem" time="0.0"/>
  <testcase name="the decrypted path secret should be 92b4f8389eccdc1b96033e39788bd2ae0ad5a4ecbc48d517e2b0339bcbe82a078152627903ab8fd1dc7c7bba62dc770ea1493170f5cfaa61c96c8b88a5424c2f" classname="com.github.traderjoe95.mls.protocol.tree.TreeKem" time="0.0"/>
  <testcase name="a new update path generated by the sender should be successfully processed" classname="com.github.traderjoe95.mls.protocol.tree.TreeKem" time="0.001"/>
  <testcase name="the update path should be parent-hash valid" classname="com.github.traderjoe95.mls.protocol.tree.TreeKem" time="0.0"/>
  <testcase name="the tree hash after merging the update path should be c4e6490bb7cb93d9e856f7c7d532271fb07ed5656cf7d3a20f54b852b733ee9b34a8c91c59b160c9f8688640fced9bc1ea3d6002cef2b4dd824aeeb1a6c30fe9" classname="com.github.traderjoe95.mls.protocol.tree.TreeKem" time="0.0"/>
  <testcase name="the decrypted path secret should be 92b4f8389eccdc1b96033e39788bd2ae0ad5a4ecbc48d517e2b0339bcbe82a078152627903ab8fd1dc7c7bba62dc770ea1493170f5cfaa61c96c8b88a5424c2f" classname="com.github.traderjoe95.mls.protocol.tree.TreeKem" time="0.001"/>
  <testcase name="a new update path generated by the sender should be successfully processed" classname="com.github.traderjoe95.mls.protocol.tree.TreeKem" time="0.001"/>
  <testcase name="the update path should be parent-hash valid" classname="com.github.traderjoe95.mls.protocol.tree.TreeKem" time="0.0"/>
  <testcase name="the tree hash after merging the update path should be c4e6490bb7cb93d9e856f7c7d532271fb07ed5656cf7d3a20f54b852b733ee9b34a8c91c59b160c9f8688640fced9bc1ea3d6002cef2b4dd824aeeb1a6c30fe9" classname="com.github.traderjoe95.mls.protocol.tree.TreeKem" time="0.0"/>
  <testcase name="the decrypted path secret should be 92b4f8389eccdc1b96033e39788bd2ae0ad5a4ecbc48d517e2b0339bcbe82a078152627903ab8fd1dc7c7bba62dc770ea1493170f5cfaa61c96c8b88a5424c2f" classname="com.github.traderjoe95.mls.protocol.tree.TreeKem" time="0.001"/>
  <testcase name="a new update path generated by the sender should be successfully processed" classname="com.github.traderjoe95.mls.protocol.tree.TreeKem" time="0.001"/>
  <testcase name="the update path should be parent-hash valid" classname="com.github.traderjoe95.mls.protocol.tree.TreeKem" time="0.0"/>
  <testcase name="the tree hash after merging the update path should be c4e6490bb7cb93d9e856f7c7d532271fb07ed5656cf7d3a20f54b852b733ee9b34a8c91c59b160c9f8688640fced9bc1ea3d6002cef2b4dd824aeeb1a6c30fe9" classname="com.github.traderjoe95.mls.protocol.tree.TreeKem" time="0.001"/>
  <testcase name="the decrypted path secret should be e3cf4221c8be92d8a63ab63576ea473457b6c58723c27b9d9999681b4fe43a4d6550ae4afb822032334dbffcfef219c8d2c740b3f438c783dc2fcfcaf5440f42" classname="com.github.traderjoe95.mls.protocol.tree.TreeKem" time="0.001"/>
  <testcase name="a new update path generated by the sender should be successfully processed" classname="com.github.traderjoe95.mls.protocol.tree.TreeKem" time="0.001"/>
  <testcase name="the update path should be parent-hash valid" classname="com.github.traderjoe95.mls.protocol.tree.TreeKem" time="0.0"/>
  <testcase name="the tree hash after merging the update path should be c4e6490bb7cb93d9e856f7c7d532271fb07ed5656cf7d3a20f54b852b733ee9b34a8c91c59b160c9f8688640fced9bc1ea3d6002cef2b4dd824aeeb1a6c30fe9" classname="com.github.traderjoe95.mls.protocol.tree.TreeKem" time="0.0"/>
  <testcase name="the decrypted path secret should be e3cf4221c8be92d8a63ab63576ea473457b6c58723c27b9d9999681b4fe43a4d6550ae4afb822032334dbffcfef219c8d2c740b3f438c783dc2fcfcaf5440f42" classname="com.github.traderjoe95.mls.protocol.tree.TreeKem" time="0.0"/>
  <testcase name="a new update path generated by the sender should be successfully processed" classname="com.github.traderjoe95.mls.protocol.tree.TreeKem" time="0.001"/>
  <testcase name="the update path should be parent-hash valid" classname="com.github.traderjoe95.mls.protocol.tree.TreeKem" time="0.0"/>
  <testcase name="the tree hash after merging the update path should be c4e6490bb7cb93d9e856f7c7d532271fb07ed5656cf7d3a20f54b852b733ee9b34a8c91c59b160c9f8688640fced9bc1ea3d6002cef2b4dd824aeeb1a6c30fe9" classname="com.github.traderjoe95.mls.protocol.tree.TreeKem" time="0.0"/>
  <testcase name="the decrypted path secret should be 321302d6d0668e6acd636c1e40c781fe6668922466017d1d5359411bd4feb083a36cd91d6e7fc23c2fb57afac879d6c7086189b0062ad86fdbd2840e8541de14" classname="com.github.traderjoe95.mls.protocol.tree.TreeKem" time="0.0"/>
  <testcase name="a new update path generated by the sender should be successfully processed" classname="com.github.traderjoe95.mls.protocol.tree.TreeKem" time="0.001"/>
  <testcase name="the update path should be parent-hash valid" classname="com.github.traderjoe95.mls.protocol.tree.TreeKem" time="0.0"/>
  <testcase name="the tree hash after merging the update path should be 07a9be747b01b8a79c9eedb5d97290610939e89c4cc255dec2568318fb8dc0d196abdb20e3d6978810ab62b69e5f8d66dfcdc5cb44d425bd9829cd1be54b6918" classname="com.github.traderjoe95.mls.protocol.tree.TreeKem" time="0.001"/>
  <testcase name="the decrypted path secret should be 337b72efc7c8521c3df3ff6dcd8c40e904e745e5a06fdc0e1435c7ebb281d461782d4404c79612957ef492864b2dd529a20a88a73fe2e6f14c7e18972f0d1d77" classname="com.github.traderjoe95.mls.protocol.tree.TreeKem" time="0.001"/>
  <testcase name="a new update path generated by the sender should be successfully processed" classname="com.github.traderjoe95.mls.protocol.tree.TreeKem" time="0.001"/>
  <testcase name="the update path should be parent-hash valid" classname="com.github.traderjoe95.mls.protocol.tree.TreeKem" time="0.0"/>
  <testcase name="the tree hash after merging the update path should be 07a9be747b01b8a79c9eedb5d97290610939e89c4cc255dec2568318fb8dc0d196abdb20e3d6978810ab62b69e5f8d66dfcdc5cb44d425bd9829cd1be54b6918" classname="com.github.traderjoe95.mls.protocol.tree.TreeKem" time="0.0"/>
  <testcase name="the decrypted path secret should be 337b72efc7c8521c3df3ff6dcd8c40e904e745e5a06fdc0e1435c7ebb281d461782d4404c79612957ef492864b2dd529a20a88a73fe2e6f14c7e18972f0d1d77" classname="com.github.traderjoe95.mls.protocol.tree.TreeKem" time="0.0"/>
  <testcase name="a new update path generated by the sender should be successfully processed" classname="com.github.traderjoe95.mls.protocol.tree.TreeKem" time="0.001"/>
  <testcase name="the update path should be parent-hash valid" classname="com.github.traderjoe95.mls.protocol.tree.TreeKem" time="0.0"/>
  <testcase name="the tree hash after merging the update path should be 07a9be747b01b8a79c9eedb5d97290610939e89c4cc255dec2568318fb8dc0d196abdb20e3d6978810ab62b69e5f8d66dfcdc5cb44d425bd9829cd1be54b6918" classname="com.github.traderjoe95.mls.protocol.tree.TreeKem" time="0.0"/>
  <testcase name="the decrypted path secret should be 337b72efc7c8521c3df3ff6dcd8c40e904e745e5a06fdc0e1435c7ebb281d461782d4404c79612957ef492864b2dd529a20a88a73fe2e6f14c7e18972f0d1d77" classname="com.github.traderjoe95.mls.protocol.tree.TreeKem" time="0.0"/>
  <testcase name="a new update path generated by the sender should be successfully processed" classname="com.github.traderjoe95.mls.protocol.tree.TreeKem" time="0.001"/>
  <testcase name="the update path should be parent-hash valid" classname="com.github.traderjoe95.mls.protocol.tree.TreeKem" time="0.0"/>
  <testcase name="the tree hash after merging the update path should be 07a9be747b01b8a79c9eedb5d97290610939e89c4cc255dec2568318fb8dc0d196abdb20e3d6978810ab62b69e5f8d66dfcdc5cb44d425bd9829cd1be54b6918" classname="com.github.traderjoe95.mls.protocol.tree.TreeKem" time="0.0"/>
  <testcase name="the decrypted path secret should be 337b72efc7c8521c3df3ff6dcd8c40e904e745e5a06fdc0e1435c7ebb281d461782d4404c79612957ef492864b2dd529a20a88a73fe2e6f14c7e18972f0d1d77" classname="com.github.traderjoe95.mls.protocol.tree.TreeKem" time="0.001"/>
  <testcase name="a new update path generated by the sender should be successfully processed" classname="com.github.traderjoe95.mls.protocol.tree.TreeKem" time="0.001"/>
  <testcase name="the update path should be parent-hash valid" classname="com.github.traderjoe95.mls.protocol.tree.TreeKem" time="0.0"/>
  <testcase name="the tree hash after merging the update path should be 07a9be747b01b8a79c9eedb5d97290610939e89c4cc255dec2568318fb8dc0d196abdb20e3d6978810ab62b69e5f8d66dfcdc5cb44d425bd9829cd1be54b6918" classname="com.github.traderjoe95.mls.protocol.tree.TreeKem" time="0.0"/>
  <testcase name="the decrypted path secret should be 47e8cab8ce3d10ea54d67c6b1ca31d4252a0ea91229189f2d86deec341cd2bc5c157112940339e8a6645d40ed9436fd364083d8c3fce0aa40707f52e7c7d3010" classname="com.github.traderjoe95.mls.protocol.tree.TreeKem" time="0.001"/>
  <testcase name="a new update path generated by the sender should be successfully processed" classname="com.github.traderjoe95.mls.protocol.tree.TreeKem" time="0.001"/>
  <testcase name="the update path should be parent-hash valid" classname="com.github.traderjoe95.mls.protocol.tree.TreeKem" time="0.001"/>
  <testcase name="the tree hash after merging the update path should be 07a9be747b01b8a79c9eedb5d97290610939e89c4cc255dec2568318fb8dc0d196abdb20e3d6978810ab62b69e5f8d66dfcdc5cb44d425bd9829cd1be54b6918" classname="com.github.traderjoe95.mls.protocol.tree.TreeKem" time="0.0"/>
  <testcase name="the decrypted path secret should be 47e8cab8ce3d10ea54d67c6b1ca31d4252a0ea91229189f2d86deec341cd2bc5c157112940339e8a6645d40ed9436fd364083d8c3fce0aa40707f52e7c7d3010" classname="com.github.traderjoe95.mls.protocol.tree.TreeKem" time="0.001"/>
  <testcase name="a new update path generated by the sender should be successfully processed" classname="com.github.traderjoe95.mls.protocol.tree.TreeKem" time="0.001"/>
  <testcase name="the update path should be parent-hash valid" classname="com.github.traderjoe95.mls.protocol.tree.TreeKem" time="0.0"/>
  <testcase name="the tree hash after merging the update path should be 07a9be747b01b8a79c9eedb5d97290610939e89c4cc255dec2568318fb8dc0d196abdb20e3d6978810ab62b69e5f8d66dfcdc5cb44d425bd9829cd1be54b6918" classname="com.github.traderjoe95.mls.protocol.tree.TreeKem" time="0.0"/>
  <testcase name="the decrypted path secret should be fa8d4b0a5decbfb470b435b02d11a476bff7d2156b0d8b712d6437e2faf1ab09c5f57d6821a0a10c97fca0e0d9347c379b9d7a5aa03eb8c63f99eaa26e7dfd21" classname="com.github.traderjoe95.mls.protocol.tree.TreeKem" time="0.001"/>
  <testcase name="a new update path generated by the sender should be successfully processed" classname="com.github.traderjoe95.mls.protocol.tree.TreeKem" time="0.001"/>
  <testcase name="non-blank leaf 0 should be consistent with the public state" classname="com.github.traderjoe95.mls.protocol.tree.TreeKem" time="0.002"/>
  <testcase name="non-blank leaf 1 should be consistent with the public state" classname="com.github.traderjoe95.mls.protocol.tree.TreeKem" time="0.002"/>
  <testcase name="non-blank leaf 2 should be consistent with the public state" classname="com.github.traderjoe95.mls.protocol.tree.TreeKem" time="0.001"/>
  <testcase name="non-blank leaf 4 should be consistent with the public state" classname="com.github.traderjoe95.mls.protocol.tree.TreeKem" time="0.001"/>
  <testcase name="non-blank leaf 5 should be consistent with the public state" classname="com.github.traderjoe95.mls.protocol.tree.TreeKem" time="0.001"/>
  <testcase name="non-blank leaf 6 should be consistent with the public state" classname="com.github.traderjoe95.mls.protocol.tree.TreeKem" time="0.001"/>
  <testcase name="non-blank leaf 7 should be consistent with the public state" classname="com.github.traderjoe95.mls.protocol.tree.TreeKem" time="0.002"/>
  <testcase name="the update path should be parent-hash valid" classname="com.github.traderjoe95.mls.protocol.tree.TreeKem" time="0.0"/>
  <testcase name="the tree hash after merging the update path should be f063475d5c8b80e1f441a7ea1a24800e49e0986e28eff3ee2f6042639a52e0c719a0e25666486fe1c088c95a984c78e081b256cba7998a11faf4d35bba2e85f0" classname="com.github.traderjoe95.mls.protocol.tree.TreeKem" time="0.0"/>
  <testcase name="the decrypted path secret should be 82b17fe4c4aad722afc76e3011b01e766d28a0d2030b173dbf647f4e74ea5dcb8024827b7e62ba9d0188136403d29e38462950b2e3c1e0cbe51434379deb7ae0" classname="com.github.traderjoe95.mls.protocol.tree.TreeKem" time="0.0"/>
  <testcase name="a new update path generated by the sender should be successfully processed" classname="com.github.traderjoe95.mls.protocol.tree.TreeKem" time="0.001"/>
  <testcase name="the update path should be parent-hash valid" classname="com.github.traderjoe95.mls.protocol.tree.TreeKem" time="0.0"/>
  <testcase name="the tree hash after merging the update path should be f063475d5c8b80e1f441a7ea1a24800e49e0986e28eff3ee2f6042639a52e0c719a0e25666486fe1c088c95a984c78e081b256cba7998a11faf4d35bba2e85f0" classname="com.github.traderjoe95.mls.protocol.tree.TreeKem" time="0.0"/>
  <testcase name="the decrypted path secret should be 1197cbf29408423e168aab6c4a93bb8106e412001b979135dbdefcf52120e5928d235226aab10d27859d018bbb1456ae73898c2e5cdf5cd5d5411dba2dc2164f" classname="com.github.traderjoe95.mls.protocol.tree.TreeKem" time="0.001"/>
  <testcase name="a new update path generated by the sender should be successfully processed" classname="com.github.traderjoe95.mls.protocol.tree.TreeKem" time="0.001"/>
  <testcase name="the update path should be parent-hash valid" classname="com.github.traderjoe95.mls.protocol.tree.TreeKem" time="0.0"/>
  <testcase name="the tree hash after merging the update path should be f063475d5c8b80e1f441a7ea1a24800e49e0986e28eff3ee2f6042639a52e0c719a0e25666486fe1c088c95a984c78e081b256cba7998a11faf4d35bba2e85f0" classname="com.github.traderjoe95.mls.protocol.tree.TreeKem" time="0.001"/>
  <testcase name="the decrypted path secret should be af32369285e91f6793806df50a2f3049a3342f1ce53fe23fdfd6f918e26be9a00082417c58dd213e55142a656a36bb89fd4021094680de2ff0b8faaaf3e08d68" classname="com.github.traderjoe95.mls.protocol.tree.TreeKem" time="0.001"/>
  <testcase name="a new update path generated by the sender should be successfully processed" classname="com.github.traderjoe95.mls.protocol.tree.TreeKem" time="0.001"/>
  <testcase name="the update path should be parent-hash valid" classname="com.github.traderjoe95.mls.protocol.tree.TreeKem" time="0.0"/>
  <testcase name="the tree hash after merging the update path should be f063475d5c8b80e1f441a7ea1a24800e49e0986e28eff3ee2f6042639a52e0c719a0e25666486fe1c088c95a984c78e081b256cba7998a11faf4d35bba2e85f0" classname="com.github.traderjoe95.mls.protocol.tree.TreeKem" time="0.0"/>
  <testcase name="the decrypted path secret should be af32369285e91f6793806df50a2f3049a3342f1ce53fe23fdfd6f918e26be9a00082417c58dd213e55142a656a36bb89fd4021094680de2ff0b8faaaf3e08d68" classname="com.github.traderjoe95.mls.protocol.tree.TreeKem" time="0.0"/>
  <testcase name="a new update path generated by the sender should be successfully processed" classname="com.github.traderjoe95.mls.protocol.tree.TreeKem" time="0.001"/>
  <testcase name="the update path should be parent-hash valid" classname="com.github.traderjoe95.mls.protocol.tree.TreeKem" time="0.0"/>
  <testcase name="the tree hash after merging the update path should be f063475d5c8b80e1f441a7ea1a24800e49e0986e28eff3ee2f6042639a52e0c719a0e25666486fe1c088c95a984c78e081b256cba7998a11faf4d35bba2e85f0" classname="com.github.traderjoe95.mls.protocol.tree.TreeKem" time="0.0"/>
  <testcase name="the decrypted path secret should be af32369285e91f6793806df50a2f3049a3342f1ce53fe23fdfd6f918e26be9a00082417c58dd213e55142a656a36bb89fd4021094680de2ff0b8faaaf3e08d68" classname="com.github.traderjoe95.mls.protocol.tree.TreeKem" time="0.001"/>
  <testcase name="a new update path generated by the sender should be successfully processed" classname="com.github.traderjoe95.mls.protocol.tree.TreeKem" time="0.001"/>
  <testcase name="the update path should be parent-hash valid" classname="com.github.traderjoe95.mls.protocol.tree.TreeKem" time="0.0"/>
  <testcase name="the tree hash after merging the update path should be f063475d5c8b80e1f441a7ea1a24800e49e0986e28eff3ee2f6042639a52e0c719a0e25666486fe1c088c95a984c78e081b256cba7998a11faf4d35bba2e85f0" classname="com.github.traderjoe95.mls.protocol.tree.TreeKem" time="0.0"/>
  <testcase name="the decrypted path secret should be af32369285e91f6793806df50a2f3049a3342f1ce53fe23fdfd6f918e26be9a00082417c58dd213e55142a656a36bb89fd4021094680de2ff0b8faaaf3e08d68" classname="com.github.traderjoe95.mls.protocol.tree.TreeKem" time="0.001"/>
  <testcase name="a new update path generated by the sender should be successfully processed" classname="com.github.traderjoe95.mls.protocol.tree.TreeKem" time="0.001"/>
  <testcase name="the update path should be parent-hash valid" classname="com.github.traderjoe95.mls.protocol.tree.TreeKem" time="0.0"/>
  <testcase name="the tree hash after merging the update path should be ee219d279e19f46c3b8b8dcd28008d73e9adf2e018d26c46e00194f7d536f734abc0ed121ba62416814ba5eb01d2464b6a6a5ca365436710f0b2ff6210904f15" classname="com.github.traderjoe95.mls.protocol.tree.TreeKem" time="0.0"/>
  <testcase name="the decrypted path secret should be 71bf978063f1bd6d8c10a8890cf691275b0de42e59a5fde181a8f86f558c2aa741e26fe4eb3c46560edee890800767ae345469d8254743d34255a123ca38b09c" classname="com.github.traderjoe95.mls.protocol.tree.TreeKem" time="0.001"/>
  <testcase name="a new update path generated by the sender should be successfully processed" classname="com.github.traderjoe95.mls.protocol.tree.TreeKem" time="0.001"/>
  <testcase name="the update path should be parent-hash valid" classname="com.github.traderjoe95.mls.protocol.tree.TreeKem" time="0.0"/>
  <testcase name="the tree hash after merging the update path should be ee219d279e19f46c3b8b8dcd28008d73e9adf2e018d26c46e00194f7d536f734abc0ed121ba62416814ba5eb01d2464b6a6a5ca365436710f0b2ff6210904f15" classname="com.github.traderjoe95.mls.protocol.tree.TreeKem" time="0.001"/>
  <testcase name="the decrypted path secret should be ceb255d2bf66b9d08c5a6bb036fbbdd32a1b623ff90357db9ef13339a00cbad0e2d36e71ef1c2c4f52bcbb5a0672bf0a450c19a320d6074108b03586ed82f938" classname="com.github.traderjoe95.mls.protocol.tree.TreeKem" time="0.001"/>
  <testcase name="a new update path generated by the sender should be successfully processed" classname="com.github.traderjoe95.mls.protocol.tree.TreeKem" time="0.001"/>
  <testcase name="the update path should be parent-hash valid" classname="com.github.traderjoe95.mls.protocol.tree.TreeKem" time="0.0"/>
  <testcase name="the tree hash after merging the update path should be ee219d279e19f46c3b8b8dcd28008d73e9adf2e018d26c46e00194f7d536f734abc0ed121ba62416814ba5eb01d2464b6a6a5ca365436710f0b2ff6210904f15" classname="com.github.traderjoe95.mls.protocol.tree.TreeKem" time="0.001"/>
  <testcase name="the decrypted path secret should be 3241654c667bdb918882529100453608b63f099a1663b39cc73890abe5521ca12701531190010d6d1e548106073ddd08bca7188165b74da738490af87d8e5078" classname="com.github.traderjoe95.mls.protocol.tree.TreeKem" time="0.001"/>
  <testcase name="a new update path generated by the sender should be successfully processed" classname="com.github.traderjoe95.mls.protocol.tree.TreeKem" time="0.001"/>
  <testcase name="the update path should be parent-hash valid" classname="com.github.traderjoe95.mls.protocol.tree.TreeKem" time="0.0"/>
  <testcase name="the tree hash after merging the update path should be ee219d279e19f46c3b8b8dcd28008d73e9adf2e018d26c46e00194f7d536f734abc0ed121ba62416814ba5eb01d2464b6a6a5ca365436710f0b2ff6210904f15" classname="com.github.traderjoe95.mls.protocol.tree.TreeKem" time="0.001"/>
  <testcase name="the decrypted path secret should be 3241654c667bdb918882529100453608b63f099a1663b39cc73890abe5521ca12701531190010d6d1e548106073ddd08bca7188165b74da738490af87d8e5078" classname="com.github.traderjoe95.mls.protocol.tree.TreeKem" time="0.001"/>
  <testcase name="a new update path generated by the sender should be successfully processed" classname="com.github.traderjoe95.mls.protocol.tree.TreeKem" time="0.001"/>
  <testcase name="the update path should be parent-hash valid" classname="com.github.traderjoe95.mls.protocol.tree.TreeKem" time="0.0"/>
  <testcase name="the tree hash after merging the update path should be ee219d279e19f46c3b8b8dcd28008d73e9adf2e018d26c46e00194f7d536f734abc0ed121ba62416814ba5eb01d2464b6a6a5ca365436710f0b2ff6210904f15" classname="com.github.traderjoe95.mls.protocol.tree.TreeKem" time="0.001"/>
  <testcase name="the decrypted path secret should be 3241654c667bdb918882529100453608b63f099a1663b39cc73890abe5521ca12701531190010d6d1e548106073ddd08bca7188165b74da738490af87d8e5078" classname="com.github.traderjoe95.mls.protocol.tree.TreeKem" time="0.001"/>
  <testcase name="a new update path generated by the sender should be successfully processed" classname="com.github.traderjoe95.mls.protocol.tree.TreeKem" time="0.001"/>
  <testcase name="the update path should be parent-hash valid" classname="com.github.traderjoe95.mls.protocol.tree.TreeKem" time="0.0"/>
  <testcase name="the tree hash after merging the update path should be ee219d279e19f46c3b8b8dcd28008d73e9adf2e018d26c46e00194f7d536f734abc0ed121ba62416814ba5eb01d2464b6a6a5ca365436710f0b2ff6210904f15" classname="com.github.traderjoe95.mls.protocol.tree.TreeKem" time="0.0"/>
  <testcase name="the decrypted path secret should be 3241654c667bdb918882529100453608b63f099a1663b39cc73890abe5521ca12701531190010d6d1e548106073ddd08bca7188165b74da738490af87d8e5078" classname="com.github.traderjoe95.mls.protocol.tree.TreeKem" time="0.001"/>
  <testcase name="a new update path generated by the sender should be successfully processed" classname="com.github.traderjoe95.mls.protocol.tree.TreeKem" time="0.001"/>
  <testcase name="the update path should be parent-hash valid" classname="com.github.traderjoe95.mls.protocol.tree.TreeKem" time="0.0"/>
  <testcase name="the tree hash after merging the update path should be 14c7b1957f6bcc8afd995ede6fe2fd22221f6451068e72be4a8682e7c6ce98be626938575fa8f908fa9a40a1e38d1b189fea9fdb1ddcc3f59652ccc1454c4034" classname="com.github.traderjoe95.mls.protocol.tree.TreeKem" time="0.0"/>
  <testcase name="the decrypted path secret should be 0326d1d21d2abe47d4ca2b300a81dcb8106bcd8a17a83d1eafc25cfcba5b5260dfe23e57296c45027ba413e18f3a72ca92ddc77b01d2a9fc2a1e4d908511afb2" classname="com.github.traderjoe95.mls.protocol.tree.TreeKem" time="0.001"/>
  <testcase name="a new update path generated by the sender should be successfully processed" classname="com.github.traderjoe95.mls.protocol.tree.TreeKem" time="0.0"/>
  <testcase name="the update path should be parent-hash valid" classname="com.github.traderjoe95.mls.protocol.tree.TreeKem" time="0.001"/>
  <testcase name="the tree hash after merging the update path should be 14c7b1957f6bcc8afd995ede6fe2fd22221f6451068e72be4a8682e7c6ce98be626938575fa8f908fa9a40a1e38d1b189fea9fdb1ddcc3f59652ccc1454c4034" classname="com.github.traderjoe95.mls.protocol.tree.TreeKem" time="0.0"/>
  <testcase name="the decrypted path secret should be 0326d1d21d2abe47d4ca2b300a81dcb8106bcd8a17a83d1eafc25cfcba5b5260dfe23e57296c45027ba413e18f3a72ca92ddc77b01d2a9fc2a1e4d908511afb2" classname="com.github.traderjoe95.mls.protocol.tree.TreeKem" time="0.001"/>
  <testcase name="a new update path generated by the sender should be successfully processed" classname="com.github.traderjoe95.mls.protocol.tree.TreeKem" time="0.001"/>
  <testcase name="the update path should be parent-hash valid" classname="com.github.traderjoe95.mls.protocol.tree.TreeKem" time="0.0"/>
  <testcase name="the tree hash after merging the update path should be 14c7b1957f6bcc8afd995ede6fe2fd22221f6451068e72be4a8682e7c6ce98be626938575fa8f908fa9a40a1e38d1b189fea9fdb1ddcc3f59652ccc1454c4034" classname="com.github.traderjoe95.mls.protocol.tree.TreeKem" time="0.001"/>
  <testcase name="the decrypted path secret should be a512e759a5b2c8d25010dcc9c152c038428074577ee03a391e0ee779952b7fad2c6cd72be36b2b2bf8ee164b963c3b2a66e26e33a18452fd5fd4767ee61ed1c7" classname="com.github.traderjoe95.mls.protocol.tree.TreeKem" time="0.001"/>
  <testcase name="a new update path generated by the sender should be successfully processed" classname="com.github.traderjoe95.mls.protocol.tree.TreeKem" time="0.001"/>
  <testcase name="the update path should be parent-hash valid" classname="com.github.traderjoe95.mls.protocol.tree.TreeKem" time="0.0"/>
  <testcase name="the tree hash after merging the update path should be 14c7b1957f6bcc8afd995ede6fe2fd22221f6451068e72be4a8682e7c6ce98be626938575fa8f908fa9a40a1e38d1b189fea9fdb1ddcc3f59652ccc1454c4034" classname="com.github.traderjoe95.mls.protocol.tree.TreeKem" time="0.0"/>
  <testcase name="the decrypted path secret should be a512e759a5b2c8d25010dcc9c152c038428074577ee03a391e0ee779952b7fad2c6cd72be36b2b2bf8ee164b963c3b2a66e26e33a18452fd5fd4767ee61ed1c7" classname="com.github.traderjoe95.mls.protocol.tree.TreeKem" time="0.0"/>
  <testcase name="a new update path generated by the sender should be successfully processed" classname="com.github.traderjoe95.mls.protocol.tree.TreeKem" time="0.001"/>
  <testcase name="the update path should be parent-hash valid" classname="com.github.traderjoe95.mls.protocol.tree.TreeKem" time="0.0"/>
  <testcase name="the tree hash after merging the update path should be 14c7b1957f6bcc8afd995ede6fe2fd22221f6451068e72be4a8682e7c6ce98be626938575fa8f908fa9a40a1e38d1b189fea9fdb1ddcc3f59652ccc1454c4034" classname="com.github.traderjoe95.mls.protocol.tree.TreeKem" time="0.0"/>
  <testcase name="the decrypted path secret should be a512e759a5b2c8d25010dcc9c152c038428074577ee03a391e0ee779952b7fad2c6cd72be36b2b2bf8ee164b963c3b2a66e26e33a18452fd5fd4767ee61ed1c7" classname="com.github.traderjoe95.mls.protocol.tree.TreeKem" time="0.0"/>
  <testcase name="a new update path generated by the sender should be successfully processed" classname="com.github.traderjoe95.mls.protocol.tree.TreeKem" time="0.001"/>
  <testcase name="the update path should be parent-hash valid" classname="com.github.traderjoe95.mls.protocol.tree.TreeKem" time="0.0"/>
  <testcase name="the tree hash after merging the update path should be 14c7b1957f6bcc8afd995ede6fe2fd22221f6451068e72be4a8682e7c6ce98be626938575fa8f908fa9a40a1e38d1b189fea9fdb1ddcc3f59652ccc1454c4034" classname="com.github.traderjoe95.mls.protocol.tree.TreeKem" time="0.0"/>
  <testcase name="the decrypted path secret should be a512e759a5b2c8d25010dcc9c152c038428074577ee03a391e0ee779952b7fad2c6cd72be36b2b2bf8ee164b963c3b2a66e26e33a18452fd5fd4767ee61ed1c7" classname="com.github.traderjoe95.mls.protocol.tree.TreeKem" time="0.0"/>
  <testcase name="a new update path generated by the sender should be successfully processed" classname="com.github.traderjoe95.mls.protocol.tree.TreeKem" time="0.001"/>
  <testcase name="the update path should be parent-hash valid" classname="com.github.traderjoe95.mls.protocol.tree.TreeKem" time="0.0"/>
  <testcase name="the tree hash after merging the update path should be af2440cb60753efd4d9e7581b2afc1662309001939fba9244a8355d87f13255fd62a4caa62b21a949980dc4ed9e19b36b79c310fc49175317fc6cfb07b4279c1" classname="com.github.traderjoe95.mls.protocol.tree.TreeKem" time="0.0"/>
  <testcase name="the decrypted path secret should be 6cb424b45899328847c47059d69842389e7355da831b4b21c196ecf8de866ab646a3ab720ef5980567ea85a14b329f910ea541ec517f58c6d3b6ad6b81534260" classname="com.github.traderjoe95.mls.protocol.tree.TreeKem" time="0.0"/>
  <testcase name="a new update path generated by the sender should be successfully processed" classname="com.github.traderjoe95.mls.protocol.tree.TreeKem" time="0.001"/>
  <testcase name="the update path should be parent-hash valid" classname="com.github.traderjoe95.mls.protocol.tree.TreeKem" time="0.0"/>
  <testcase name="the tree hash after merging the update path should be af2440cb60753efd4d9e7581b2afc1662309001939fba9244a8355d87f13255fd62a4caa62b21a949980dc4ed9e19b36b79c310fc49175317fc6cfb07b4279c1" classname="com.github.traderjoe95.mls.protocol.tree.TreeKem" time="0.001"/>
  <testcase name="the decrypted path secret should be 6cb424b45899328847c47059d69842389e7355da831b4b21c196ecf8de866ab646a3ab720ef5980567ea85a14b329f910ea541ec517f58c6d3b6ad6b81534260" classname="com.github.traderjoe95.mls.protocol.tree.TreeKem" time="0.001"/>
  <testcase name="a new update path generated by the sender should be successfully processed" classname="com.github.traderjoe95.mls.protocol.tree.TreeKem" time="0.001"/>
  <testcase name="the update path should be parent-hash valid" classname="com.github.traderjoe95.mls.protocol.tree.TreeKem" time="0.001"/>
  <testcase name="the tree hash after merging the update path should be af2440cb60753efd4d9e7581b2afc1662309001939fba9244a8355d87f13255fd62a4caa62b21a949980dc4ed9e19b36b79c310fc49175317fc6cfb07b4279c1" classname="com.github.traderjoe95.mls.protocol.tree.TreeKem" time="0.001"/>
  <testcase name="the decrypted path secret should be 6cb424b45899328847c47059d69842389e7355da831b4b21c196ecf8de866ab646a3ab720ef5980567ea85a14b329f910ea541ec517f58c6d3b6ad6b81534260" classname="com.github.traderjoe95.mls.protocol.tree.TreeKem" time="0.001"/>
  <testcase name="a new update path generated by the sender should be successfully processed" classname="com.github.traderjoe95.mls.protocol.tree.TreeKem" time="0.001"/>
  <testcase name="the update path should be parent-hash valid" classname="com.github.traderjoe95.mls.protocol.tree.TreeKem" time="0.001"/>
  <testcase name="the tree hash after merging the update path should be af2440cb60753efd4d9e7581b2afc1662309001939fba9244a8355d87f13255fd62a4caa62b21a949980dc4ed9e19b36b79c310fc49175317fc6cfb07b4279c1" classname="com.github.traderjoe95.mls.protocol.tree.TreeKem" time="0.0"/>
  <testcase name="the decrypted path secret should be 36c8dc2c2f62e7864c24bfdf2f02d43d07b6b9762017f8cdc38b11b778cb9d6c7132e619bfdf129d0b0eaf6ef41798dc3b5627a3a85a798a1c442c3b565e6406" classname="com.github.traderjoe95.mls.protocol.tree.TreeKem" time="0.001"/>
  <testcase name="a new update path generated by the sender should be successfully processed" classname="com.github.traderjoe95.mls.protocol.tree.TreeKem" time="0.001"/>
  <testcase name="the update path should be parent-hash valid" classname="com.github.traderjoe95.mls.protocol.tree.TreeKem" time="0.0"/>
  <testcase name="the tree hash after merging the update path should be af2440cb60753efd4d9e7581b2afc1662309001939fba9244a8355d87f13255fd62a4caa62b21a949980dc4ed9e19b36b79c310fc49175317fc6cfb07b4279c1" classname="com.github.traderjoe95.mls.protocol.tree.TreeKem" time="0.0"/>
  <testcase name="the decrypted path secret should be b060eb089efe53e92243e6df9aa16e71bbc0297afce38953f343c053744cde82963eb00294d3b8f92b54784daf2badd20acf028aab4af316a2293eb4c207422c" classname="com.github.traderjoe95.mls.protocol.tree.TreeKem" time="0.0"/>
  <testcase name="a new update path generated by the sender should be successfully processed" classname="com.github.traderjoe95.mls.protocol.tree.TreeKem" time="0.001"/>
  <testcase name="the update path should be parent-hash valid" classname="com.github.traderjoe95.mls.protocol.tree.TreeKem" time="0.001"/>
  <testcase name="the tree hash after merging the update path should be af2440cb60753efd4d9e7581b2afc1662309001939fba9244a8355d87f13255fd62a4caa62b21a949980dc4ed9e19b36b79c310fc49175317fc6cfb07b4279c1" classname="com.github.traderjoe95.mls.protocol.tree.TreeKem" time="0.001"/>
  <testcase name="the decrypted path secret should be b060eb089efe53e92243e6df9aa16e71bbc0297afce38953f343c053744cde82963eb00294d3b8f92b54784daf2badd20acf028aab4af316a2293eb4c207422c" classname="com.github.traderjoe95.mls.protocol.tree.TreeKem" time="0.001"/>
  <testcase name="a new update path generated by the sender should be successfully processed" classname="com.github.traderjoe95.mls.protocol.tree.TreeKem" time="0.001"/>
  <testcase name="the update path should be parent-hash valid" classname="com.github.traderjoe95.mls.protocol.tree.TreeKem" time="0.0"/>
  <testcase name="the tree hash after merging the update path should be ea4a08c1c88fa07149cecb63079bafa65975039237ecb72557c372fbbd5cf2800659d4f10e2c08f19df151ed74ef35a2535473d33df7be1c134c9a861de4cef8" classname="com.github.traderjoe95.mls.protocol.tree.TreeKem" time="0.001"/>
  <testcase name="the decrypted path secret should be 7d5519ff103fc69d0967f906ddbe3dd866a0f0e147e3c7fb5d2d463598749bba44f37c160885d3d04841ea8e846097139b44a787a0fcb77e2db3e8819fd69641" classname="com.github.traderjoe95.mls.protocol.tree.TreeKem" time="0.001"/>
  <testcase name="a new update path generated by the sender should be successfully processed" classname="com.github.traderjoe95.mls.protocol.tree.TreeKem" time="0.001"/>
  <testcase name="the update path should be parent-hash valid" classname="com.github.traderjoe95.mls.protocol.tree.TreeKem" time="0.0"/>
  <testcase name="the tree hash after merging the update path should be ea4a08c1c88fa07149cecb63079bafa65975039237ecb72557c372fbbd5cf2800659d4f10e2c08f19df151ed74ef35a2535473d33df7be1c134c9a861de4cef8" classname="com.github.traderjoe95.mls.protocol.tree.TreeKem" time="0.0"/>
  <testcase name="the decrypted path secret should be 7d5519ff103fc69d0967f906ddbe3dd866a0f0e147e3c7fb5d2d463598749bba44f37c160885d3d04841ea8e846097139b44a787a0fcb77e2db3e8819fd69641" classname="com.github.traderjoe95.mls.protocol.tree.TreeKem" time="0.001"/>
  <testcase name="a new update path generated by the sender should be successfully processed" classname="com.github.traderjoe95.mls.protocol.tree.TreeKem" time="0.001"/>
  <testcase name="the update path should be parent-hash valid" classname="com.github.traderjoe95.mls.protocol.tree.TreeKem" time="0.0"/>
  <testcase name="the tree hash after merging the update path should be ea4a08c1c88fa07149cecb63079bafa65975039237ecb72557c372fbbd5cf2800659d4f10e2c08f19df151ed74ef35a2535473d33df7be1c134c9a861de4cef8" classname="com.github.traderjoe95.mls.protocol.tree.TreeKem" time="0.0"/>
  <testcase name="the decrypted path secret should be 7d5519ff103fc69d0967f906ddbe3dd866a0f0e147e3c7fb5d2d463598749bba44f37c160885d3d04841ea8e846097139b44a787a0fcb77e2db3e8819fd69641" classname="com.github.traderjoe95.mls.protocol.tree.TreeKem" time="0.001"/>
  <testcase name="a new update path generated by the sender should be successfully processed" classname="com.github.traderjoe95.mls.protocol.tree.TreeKem" time="0.001"/>
  <testcase name="the update path should be parent-hash valid" classname="com.github.traderjoe95.mls.protocol.tree.TreeKem" time="0.001"/>
  <testcase name="the tree hash after merging the update path should be ea4a08c1c88fa07149cecb63079bafa65975039237ecb72557c372fbbd5cf2800659d4f10e2c08f19df151ed74ef35a2535473d33df7be1c134c9a861de4cef8" classname="com.github.traderjoe95.mls.protocol.tree.TreeKem" time="0.001"/>
  <testcase name="the decrypted path secret should be d0f7a262aaa9819ec948a7afeb7999a1e592b38170c5a0c86ebee87b7a4689819677e2821053440ef07583c21cbe5cf9d5cd35fafbf6b6b38b5e10b0603329a3" classname="com.github.traderjoe95.mls.protocol.tree.TreeKem" time="0.001"/>
  <testcase name="a new update path generated by the sender should be successfully processed" classname="com.github.traderjoe95.mls.protocol.tree.TreeKem" time="0.0"/>
  <testcase name="the update path should be parent-hash valid" classname="com.github.traderjoe95.mls.protocol.tree.TreeKem" time="0.0"/>
  <testcase name="the tree hash after merging the update path should be ea4a08c1c88fa07149cecb63079bafa65975039237ecb72557c372fbbd5cf2800659d4f10e2c08f19df151ed74ef35a2535473d33df7be1c134c9a861de4cef8" classname="com.github.traderjoe95.mls.protocol.tree.TreeKem" time="0.001"/>
  <testcase name="the decrypted path secret should be 024169d41151497fd081e4ef5ce2748fbc0f60f66102b7fa314cfa992d7b22edc42ff0c57077488162ea8a072270d3b9641294dea46cc6923d79ccc6aa4d6be2" classname="com.github.traderjoe95.mls.protocol.tree.TreeKem" time="0.001"/>
  <testcase name="a new update path generated by the sender should be successfully processed" classname="com.github.traderjoe95.mls.protocol.tree.TreeKem" time="0.001"/>
  <testcase name="the update path should be parent-hash valid" classname="com.github.traderjoe95.mls.protocol.tree.TreeKem" time="0.001"/>
  <testcase name="the tree hash after merging the update path should be ea4a08c1c88fa07149cecb63079bafa65975039237ecb72557c372fbbd5cf2800659d4f10e2c08f19df151ed74ef35a2535473d33df7be1c134c9a861de4cef8" classname="com.github.traderjoe95.mls.protocol.tree.TreeKem" time="0.0"/>
  <testcase name="the decrypted path secret should be 024169d41151497fd081e4ef5ce2748fbc0f60f66102b7fa314cfa992d7b22edc42ff0c57077488162ea8a072270d3b9641294dea46cc6923d79ccc6aa4d6be2" classname="com.github.traderjoe95.mls.protocol.tree.TreeKem" time="0.001"/>
  <testcase name="a new update path generated by the sender should be successfully processed" classname="com.github.traderjoe95.mls.protocol.tree.TreeKem" time="0.001"/>
  <testcase name="the update path should be parent-hash valid" classname="com.github.traderjoe95.mls.protocol.tree.TreeKem" time="0.0"/>
  <testcase name="the tree hash after merging the update path should be 90d2c2db9cce44155d5e9930a24abe93a8dd35653ec82434645dd05d6402d03f705539ecece2dc8904ec4238112aa7109bc8aedb5ca042c115cae0fd1a44926c" classname="com.github.traderjoe95.mls.protocol.tree.TreeKem" time="0.0"/>
  <testcase name="the decrypted path secret should be ade7396e8fed85af23c61abf5c967e34255fc9ae79aed45b7f4c6c4b050c453f0b41feeae6090067b9a050a7695839f641476be443c4d275ae8e015bcda0d578" classname="com.github.traderjoe95.mls.protocol.tree.TreeKem" time="0.001"/>
  <testcase name="a new update path generated by the sender should be successfully processed" classname="com.github.traderjoe95.mls.protocol.tree.TreeKem" time="0.001"/>
  <testcase name="the update path should be parent-hash valid" classname="com.github.traderjoe95.mls.protocol.tree.TreeKem" time="0.0"/>
  <testcase name="the tree hash after merging the update path should be 90d2c2db9cce44155d5e9930a24abe93a8dd35653ec82434645dd05d6402d03f705539ecece2dc8904ec4238112aa7109bc8aedb5ca042c115cae0fd1a44926c" classname="com.github.traderjoe95.mls.protocol.tree.TreeKem" time="0.001"/>
  <testcase name="the decrypted path secret should be ade7396e8fed85af23c61abf5c967e34255fc9ae79aed45b7f4c6c4b050c453f0b41feeae6090067b9a050a7695839f641476be443c4d275ae8e015bcda0d578" classname="com.github.traderjoe95.mls.protocol.tree.TreeKem" time="0.001"/>
  <testcase name="a new update path generated by the sender should be successfully processed" classname="com.github.traderjoe95.mls.protocol.tree.TreeKem" time="0.001"/>
  <testcase name="the update path should be parent-hash valid" classname="com.github.traderjoe95.mls.protocol.tree.TreeKem" time="0.0"/>
  <testcase name="the tree hash after merging the update path should be 90d2c2db9cce44155d5e9930a24abe93a8dd35653ec82434645dd05d6402d03f705539ecece2dc8904ec4238112aa7109bc8aedb5ca042c115cae0fd1a44926c" classname="com.github.traderjoe95.mls.protocol.tree.TreeKem" time="0.0"/>
  <testcase name="the decrypted path secret should be ade7396e8fed85af23c61abf5c967e34255fc9ae79aed45b7f4c6c4b050c453f0b41feeae6090067b9a050a7695839f641476be443c4d275ae8e015bcda0d578" classname="com.github.traderjoe95.mls.protocol.tree.TreeKem" time="0.001"/>
  <testcase name="a new update path generated by the sender should be successfully processed" classname="com.github.traderjoe95.mls.protocol.tree.TreeKem" time="0.001"/>
  <testcase name="the update path should be parent-hash valid" classname="com.github.traderjoe95.mls.protocol.tree.TreeKem" time="0.0"/>
  <testcase name="the tree hash after merging the update path should be 90d2c2db9cce44155d5e9930a24abe93a8dd35653ec82434645dd05d6402d03f705539ecece2dc8904ec4238112aa7109bc8aedb5ca042c115cae0fd1a44926c" classname="com.github.traderjoe95.mls.protocol.tree.TreeKem" time="0.0"/>
  <testcase name="the decrypted path secret should be 1abc1509da50955dac22ca267e689e5d064fbd90435be80010b5b825aa23bc797b5b134d763cdfac6b42f1a5eef93aaaf65c66df5e90b83a69465e447523e0de" classname="com.github.traderjoe95.mls.protocol.tree.TreeKem" time="0.001"/>
  <testcase name="a new update path generated by the sender should be successfully processed" classname="com.github.traderjoe95.mls.protocol.tree.TreeKem" time="0.001"/>
  <testcase name="the update path should be parent-hash valid" classname="com.github.traderjoe95.mls.protocol.tree.TreeKem" time="0.0"/>
  <testcase name="the tree hash after merging the update path should be 90d2c2db9cce44155d5e9930a24abe93a8dd35653ec82434645dd05d6402d03f705539ecece2dc8904ec4238112aa7109bc8aedb5ca042c115cae0fd1a44926c" classname="com.github.traderjoe95.mls.protocol.tree.TreeKem" time="0.0"/>
  <testcase name="the decrypted path secret should be 1abc1509da50955dac22ca267e689e5d064fbd90435be80010b5b825aa23bc797b5b134d763cdfac6b42f1a5eef93aaaf65c66df5e90b83a69465e447523e0de" classname="com.github.traderjoe95.mls.protocol.tree.TreeKem" time="0.001"/>
  <testcase name="a new update path generated by the sender should be successfully processed" classname="com.github.traderjoe95.mls.protocol.tree.TreeKem" time="0.001"/>
  <testcase name="the update path should be parent-hash valid" classname="com.github.traderjoe95.mls.protocol.tree.TreeKem" time="0.0"/>
  <testcase name="the tree hash after merging the update path should be 90d2c2db9cce44155d5e9930a24abe93a8dd35653ec82434645dd05d6402d03f705539ecece2dc8904ec4238112aa7109bc8aedb5ca042c115cae0fd1a44926c" classname="com.github.traderjoe95.mls.protocol.tree.TreeKem" time="0.0"/>
  <testcase name="the decrypted path secret should be 231deea8a4fdd6a246956335420d33a3e5c7d3c0af8e043827f7415a4007e6ab217f99e71fbb127cb9521834c68ef7d30cd67cae1dbcbd497a3dd97d9f81a57e" classname="com.github.traderjoe95.mls.protocol.tree.TreeKem" time="0.001"/>
  <testcase name="a new update path generated by the sender should be successfully processed" classname="com.github.traderjoe95.mls.protocol.tree.TreeKem" time="0.001"/>
  <testcase name="the update path should be parent-hash valid" classname="com.github.traderjoe95.mls.protocol.tree.TreeKem" time="0.0"/>
  <testcase name="the tree hash after merging the update path should be c6365f5923d0d79d17a992cf9bfa6c0e11e7e2cfdd64b1bd8c2478d3469e8ecd224006106dbef55b9fdd5af703e7c321d5e264fb3a1ae7aa961e2f6e3278f9cf" classname="com.github.traderjoe95.mls.protocol.tree.TreeKem" time="0.0"/>
  <testcase name="the decrypted path secret should be 2da5bd56856b187bd5edac47aecaa38213b052ff296384780aa67a7aa033ad69e3e6b26f8ab9da773c127bd9320902d76d9c3fe3f512abfb4a80da79dd2b8e69" classname="com.github.traderjoe95.mls.protocol.tree.TreeKem" time="0.001"/>
  <testcase name="a new update path generated by the sender should be successfully processed" classname="com.github.traderjoe95.mls.protocol.tree.TreeKem" time="0.001"/>
  <testcase name="the update path should be parent-hash valid" classname="com.github.traderjoe95.mls.protocol.tree.TreeKem" time="0.0"/>
  <testcase name="the tree hash after merging the update path should be c6365f5923d0d79d17a992cf9bfa6c0e11e7e2cfdd64b1bd8c2478d3469e8ecd224006106dbef55b9fdd5af703e7c321d5e264fb3a1ae7aa961e2f6e3278f9cf" classname="com.github.traderjoe95.mls.protocol.tree.TreeKem" time="0.0"/>
  <testcase name="the decrypted path secret should be 2da5bd56856b187bd5edac47aecaa38213b052ff296384780aa67a7aa033ad69e3e6b26f8ab9da773c127bd9320902d76d9c3fe3f512abfb4a80da79dd2b8e69" classname="com.github.traderjoe95.mls.protocol.tree.TreeKem" time="0.001"/>
  <testcase name="a new update path generated by the sender should be successfully processed" classname="com.github.traderjoe95.mls.protocol.tree.TreeKem" time="0.001"/>
  <testcase name="the update path should be parent-hash valid" classname="com.github.traderjoe95.mls.protocol.tree.TreeKem" time="0.0"/>
  <testcase name="the tree hash after merging the update path should be c6365f5923d0d79d17a992cf9bfa6c0e11e7e2cfdd64b1bd8c2478d3469e8ecd224006106dbef55b9fdd5af703e7c321d5e264fb3a1ae7aa961e2f6e3278f9cf" classname="com.github.traderjoe95.mls.protocol.tree.TreeKem" time="0.0"/>
  <testcase name="the decrypted path secret should be 2da5bd56856b187bd5edac47aecaa38213b052ff296384780aa67a7aa033ad69e3e6b26f8ab9da773c127bd9320902d76d9c3fe3f512abfb4a80da79dd2b8e69" classname="com.github.traderjoe95.mls.protocol.tree.TreeKem" time="0.001"/>
  <testcase name="a new update path generated by the sender should be successfully processed" classname="com.github.traderjoe95.mls.protocol.tree.TreeKem" time="0.001"/>
  <testcase name="the update path should be parent-hash valid" classname="com.github.traderjoe95.mls.protocol.tree.TreeKem" time="0.001"/>
  <testcase name="the tree hash after merging the update path should be c6365f5923d0d79d17a992cf9bfa6c0e11e7e2cfdd64b1bd8c2478d3469e8ecd224006106dbef55b9fdd5af703e7c321d5e264fb3a1ae7aa961e2f6e3278f9cf" classname="com.github.traderjoe95.mls.protocol.tree.TreeKem" time="0.001"/>
  <testcase name="the decrypted path secret should be 0a95a7dd7be7b2dbbdfbe93f2346a03b0108e19dc27a818c754a519366b87865bba54c6f84225867b26e6a334f9cfd7b54a66cb7e68fb885b2952506aedde3b4" classname="com.github.traderjoe95.mls.protocol.tree.TreeKem" time="0.001"/>
  <testcase name="a new update path generated by the sender should be successfully processed" classname="com.github.traderjoe95.mls.protocol.tree.TreeKem" time="0.001"/>
  <testcase name="the update path should be parent-hash valid" classname="com.github.traderjoe95.mls.protocol.tree.TreeKem" time="0.0"/>
  <testcase name="the tree hash after merging the update path should be c6365f5923d0d79d17a992cf9bfa6c0e11e7e2cfdd64b1bd8c2478d3469e8ecd224006106dbef55b9fdd5af703e7c321d5e264fb3a1ae7aa961e2f6e3278f9cf" classname="com.github.traderjoe95.mls.protocol.tree.TreeKem" time="0.0"/>
  <testcase name="the decrypted path secret should be 0a95a7dd7be7b2dbbdfbe93f2346a03b0108e19dc27a818c754a519366b87865bba54c6f84225867b26e6a334f9cfd7b54a66cb7e68fb885b2952506aedde3b4" classname="com.github.traderjoe95.mls.protocol.tree.TreeKem" time="0.0"/>
  <testcase name="a new update path generated by the sender should be successfully processed" classname="com.github.traderjoe95.mls.protocol.tree.TreeKem" time="0.001"/>
  <testcase name="the update path should be parent-hash valid" classname="com.github.traderjoe95.mls.protocol.tree.TreeKem" time="0.0"/>
  <testcase name="the tree hash after merging the update path should be c6365f5923d0d79d17a992cf9bfa6c0e11e7e2cfdd64b1bd8c2478d3469e8ecd224006106dbef55b9fdd5af703e7c321d5e264fb3a1ae7aa961e2f6e3278f9cf" classname="com.github.traderjoe95.mls.protocol.tree.TreeKem" time="0.0"/>
  <testcase name="the decrypted path secret should be e9b12e1f597bba630653a5acf49063f582ac0457c45d9e9b623e390cf8bde2b3c9f9a62ec4adea0d307b43e10292274c0260e09c159707d985a90f1cbf60f466" classname="com.github.traderjoe95.mls.protocol.tree.TreeKem" time="0.001"/>
  <testcase name="a new update path generated by the sender should be successfully processed" classname="com.github.traderjoe95.mls.protocol.tree.TreeKem" time="0.002"/>
  <testcase name="non-blank leaf 0 should be consistent with the public state" classname="com.github.traderjoe95.mls.protocol.tree.TreeKem" time="0.001"/>
  <testcase name="non-blank leaf 4 should be consistent with the public state" classname="com.github.traderjoe95.mls.protocol.tree.TreeKem" time="0.002"/>
  <testcase name="non-blank leaf 5 should be consistent with the public state" classname="com.github.traderjoe95.mls.protocol.tree.TreeKem" time="0.002"/>
  <testcase name="non-blank leaf 6 should be consistent with the public state" classname="com.github.traderjoe95.mls.protocol.tree.TreeKem" time="0.002"/>
  <testcase name="non-blank leaf 7 should be consistent with the public state" classname="com.github.traderjoe95.mls.protocol.tree.TreeKem" time="0.002"/>
  <testcase name="the update path should be parent-hash valid" classname="com.github.traderjoe95.mls.protocol.tree.TreeKem" time="0.0"/>
  <testcase name="the tree hash after merging the update path should be 26d1e2215cb02b355fec167ed0b34cbe3cc44275a59ae52f7c04dde97f12dc2c9118286567cd11e0931699dcb109d39af5974546d22483cd75627d240882c44d" classname="com.github.traderjoe95.mls.protocol.tree.TreeKem" time="0.0"/>
  <testcase name="the decrypted path secret should be 29e1d7064a070cf86860b464ac52af53e2459efb67c4fcd7349fea40a4754a29ab3629b3dd0d505c53629fb02bebdcf15aa2a496885f0fda42ff0d8e9913825a" classname="com.github.traderjoe95.mls.protocol.tree.TreeKem" time="0.001"/>
  <testcase name="a new update path generated by the sender should be successfully processed" classname="com.github.traderjoe95.mls.protocol.tree.TreeKem" time="0.001"/>
  <testcase name="the update path should be parent-hash valid" classname="com.github.traderjoe95.mls.protocol.tree.TreeKem" time="0.001"/>
  <testcase name="the tree hash after merging the update path should be 26d1e2215cb02b355fec167ed0b34cbe3cc44275a59ae52f7c04dde97f12dc2c9118286567cd11e0931699dcb109d39af5974546d22483cd75627d240882c44d" classname="com.github.traderjoe95.mls.protocol.tree.TreeKem" time="0.0"/>
  <testcase name="the decrypted path secret should be 29e1d7064a070cf86860b464ac52af53e2459efb67c4fcd7349fea40a4754a29ab3629b3dd0d505c53629fb02bebdcf15aa2a496885f0fda42ff0d8e9913825a" classname="com.github.traderjoe95.mls.protocol.tree.TreeKem" time="0.001"/>
  <testcase name="a new update path generated by the sender should be successfully processed" classname="com.github.traderjoe95.mls.protocol.tree.TreeKem" time="0.001"/>
  <testcase name="the update path should be parent-hash valid" classname="com.github.traderjoe95.mls.protocol.tree.TreeKem" time="0.0"/>
  <testcase name="the tree hash after merging the update path should be 26d1e2215cb02b355fec167ed0b34cbe3cc44275a59ae52f7c04dde97f12dc2c9118286567cd11e0931699dcb109d39af5974546d22483cd75627d240882c44d" classname="com.github.traderjoe95.mls.protocol.tree.TreeKem" time="0.005"/>
  <testcase name="the decrypted path secret should be 29e1d7064a070cf86860b464ac52af53e2459efb67c4fcd7349fea40a4754a29ab3629b3dd0d505c53629fb02bebdcf15aa2a496885f0fda42ff0d8e9913825a" classname="com.github.traderjoe95.mls.protocol.tree.TreeKem" time="0.001"/>
  <testcase name="a new update path generated by the sender should be successfully processed" classname="com.github.traderjoe95.mls.protocol.tree.TreeKem" time="0.001"/>
  <testcase name="the update path should be parent-hash valid" classname="com.github.traderjoe95.mls.protocol.tree.TreeKem" time="0.0"/>
  <testcase name="the tree hash after merging the update path should be 26d1e2215cb02b355fec167ed0b34cbe3cc44275a59ae52f7c04dde97f12dc2c9118286567cd11e0931699dcb109d39af5974546d22483cd75627d240882c44d" classname="com.github.traderjoe95.mls.protocol.tree.TreeKem" time="0.001"/>
  <testcase name="the decrypted path secret should be 29e1d7064a070cf86860b464ac52af53e2459efb67c4fcd7349fea40a4754a29ab3629b3dd0d505c53629fb02bebdcf15aa2a496885f0fda42ff0d8e9913825a" classname="com.github.traderjoe95.mls.protocol.tree.TreeKem" time="0.001"/>
  <testcase name="a new update path generated by the sender should be successfully processed" classname="com.github.traderjoe95.mls.protocol.tree.TreeKem" time="0.002"/>
  <testcase name="the update path should be parent-hash valid" classname="com.github.traderjoe95.mls.protocol.tree.TreeKem" time="0.001"/>
  <testcase name="the tree hash after merging the update path should be fd511bdba3476c3cd6a3083751e53035c69425bcc07e2a4cba2c53621a8dcc3cc3740f360c252218c93709727b7d81995088c6ffa7fb6772b0c2dbb35a991a94" classname="com.github.traderjoe95.mls.protocol.tree.TreeKem" time="0.001"/>
  <testcase name="the decrypted path secret should be 543a71040b0fa59c42b2cdd6b7567888725ab8dd6c2e7a3fabfdc4599026d0b8c8900ce8db3f60a569ef7a922c8657af281eca11c6bf082ba53348062d4aa563" classname="com.github.traderjoe95.mls.protocol.tree.TreeKem" time="0.001"/>
  <testcase name="a new update path generated by the sender should be successfully processed" classname="com.github.traderjoe95.mls.protocol.tree.TreeKem" time="0.001"/>
  <testcase name="the update path should be parent-hash valid" classname="com.github.traderjoe95.mls.protocol.tree.TreeKem" time="0.0"/>
  <testcase name="the tree hash after merging the update path should be fd511bdba3476c3cd6a3083751e53035c69425bcc07e2a4cba2c53621a8dcc3cc3740f360c252218c93709727b7d81995088c6ffa7fb6772b0c2dbb35a991a94" classname="com.github.traderjoe95.mls.protocol.tree.TreeKem" time="0.0"/>
  <testcase name="the decrypted path secret should be 67fd9a5e5fd1432213b25e6e10a1ac3b29540979896fe41568d163c5c668989301cfabe66bcedb2aa5c119f1d43c7bfdfacff25f6b0ca94e23629eb940ddcc97" classname="com.github.traderjoe95.mls.protocol.tree.TreeKem" time="0.0"/>
  <testcase name="a new update path generated by the sender should be successfully processed" classname="com.github.traderjoe95.mls.protocol.tree.TreeKem" time="0.001"/>
  <testcase name="the update path should be parent-hash valid" classname="com.github.traderjoe95.mls.protocol.tree.TreeKem" time="0.0"/>
  <testcase name="the tree hash after merging the update path should be fd511bdba3476c3cd6a3083751e53035c69425bcc07e2a4cba2c53621a8dcc3cc3740f360c252218c93709727b7d81995088c6ffa7fb6772b0c2dbb35a991a94" classname="com.github.traderjoe95.mls.protocol.tree.TreeKem" time="0.001"/>
  <testcase name="the decrypted path secret should be 3e5a73b79884838da23d48384105d71412cff38c0aa2abc3b8602f0b3017e29d51ac6523796b686a3406421793d61efc4293f395ec503741c7b85196c0d39764" classname="com.github.traderjoe95.mls.protocol.tree.TreeKem" time="0.001"/>
  <testcase name="a new update path generated by the sender should be successfully processed" classname="com.github.traderjoe95.mls.protocol.tree.TreeKem" time="0.001"/>
  <testcase name="the update path should be parent-hash valid" classname="com.github.traderjoe95.mls.protocol.tree.TreeKem" time="0.0"/>
  <testcase name="the tree hash after merging the update path should be fd511bdba3476c3cd6a3083751e53035c69425bcc07e2a4cba2c53621a8dcc3cc3740f360c252218c93709727b7d81995088c6ffa7fb6772b0c2dbb35a991a94" classname="com.github.traderjoe95.mls.protocol.tree.TreeKem" time="0.0"/>
  <testcase name="the decrypted path secret should be 3e5a73b79884838da23d48384105d71412cff38c0aa2abc3b8602f0b3017e29d51ac6523796b686a3406421793d61efc4293f395ec503741c7b85196c0d39764" classname="com.github.traderjoe95.mls.protocol.tree.TreeKem" time="0.0"/>
  <testcase name="a new update path generated by the sender should be successfully processed" classname="com.github.traderjoe95.mls.protocol.tree.TreeKem" time="0.001"/>
  <testcase name="the update path should be parent-hash valid" classname="com.github.traderjoe95.mls.protocol.tree.TreeKem" time="0.0"/>
  <testcase name="the tree hash after merging the update path should be ad2f63efd92a70c2059269b3b49e07476bb507fc87bcc7a58b995204404f9317f06e3ef133777d991be5cc632e31a194d33ba5529b6e432142bcc117a3e9202c" classname="com.github.traderjoe95.mls.protocol.tree.TreeKem" time="0.0"/>
  <testcase name="the decrypted path secret should be 581a6f69905b7d558841231426cc9774c5b471e05f271857cb9a6d7742982ada47c4a7dd62e89dd80f8b2d19941aaa62eda3de75b0b6075c78c58bd171adb093" classname="com.github.traderjoe95.mls.protocol.tree.TreeKem" time="0.001"/>
  <testcase name="a new update path generated by the sender should be successfully processed" classname="com.github.traderjoe95.mls.protocol.tree.TreeKem" time="0.001"/>
  <testcase name="the update path should be parent-hash valid" classname="com.github.traderjoe95.mls.protocol.tree.TreeKem" time="0.0"/>
  <testcase name="the tree hash after merging the update path should be ad2f63efd92a70c2059269b3b49e07476bb507fc87bcc7a58b995204404f9317f06e3ef133777d991be5cc632e31a194d33ba5529b6e432142bcc117a3e9202c" classname="com.github.traderjoe95.mls.protocol.tree.TreeKem" time="0.0"/>
  <testcase name="the decrypted path secret should be 1422e6d85681c4b6cbfdef3c20dd951db1314fc4b302c5c5a10739a510c083678ebc9f2519dfb9595fda3a2231aeea363308dbda716ac32e868891097a1ee876" classname="com.github.traderjoe95.mls.protocol.tree.TreeKem" time="0.001"/>
  <testcase name="a new update path generated by the sender should be successfully processed" classname="com.github.traderjoe95.mls.protocol.tree.TreeKem" time="0.001"/>
  <testcase name="the update path should be parent-hash valid" classname="com.github.traderjoe95.mls.protocol.tree.TreeKem" time="0.001"/>
  <testcase name="the tree hash after merging the update path should be ad2f63efd92a70c2059269b3b49e07476bb507fc87bcc7a58b995204404f9317f06e3ef133777d991be5cc632e31a194d33ba5529b6e432142bcc117a3e9202c" classname="com.github.traderjoe95.mls.protocol.tree.TreeKem" time="0.001"/>
  <testcase name="the decrypted path secret should be 1509f327fcfb2c02e168499b591d3d7584f3fc81c98af492095e0e316a1f8fe5fa0303c0fb2af8aa906a8aa1da3486e1eb7c80fba08dbe0734b6edf102888468" classname="com.github.traderjoe95.mls.protocol.tree.TreeKem" time="0.001"/>
  <testcase name="a new update path generated by the sender should be successfully processed" classname="com.github.traderjoe95.mls.protocol.tree.TreeKem" time="0.001"/>
  <testcase name="the update path should be parent-hash valid" classname="com.github.traderjoe95.mls.protocol.tree.TreeKem" time="0.0"/>
  <testcase name="the tree hash after merging the update path should be ad2f63efd92a70c2059269b3b49e07476bb507fc87bcc7a58b995204404f9317f06e3ef133777d991be5cc632e31a194d33ba5529b6e432142bcc117a3e9202c" classname="com.github.traderjoe95.mls.protocol.tree.TreeKem" time="0.001"/>
  <testcase name="the decrypted path secret should be 1509f327fcfb2c02e168499b591d3d7584f3fc81c98af492095e0e316a1f8fe5fa0303c0fb2af8aa906a8aa1da3486e1eb7c80fba08dbe0734b6edf102888468" classname="com.github.traderjoe95.mls.protocol.tree.TreeKem" time="0.001"/>
  <testcase name="a new update path generated by the sender should be successfully processed" classname="com.github.traderjoe95.mls.protocol.tree.TreeKem" time="0.001"/>
  <testcase name="the update path should be parent-hash valid" classname="com.github.traderjoe95.mls.protocol.tree.TreeKem" time="0.001"/>
  <testcase name="the tree hash after merging the update path should be d1212e59bf85937aa3710c028ea9973d8f04fbf3dd23778de770472feafac0ad7923fee892d8123be52dfc674a97eeed26b96ef4fae99c08350c715ebedfb293" classname="com.github.traderjoe95.mls.protocol.tree.TreeKem" time="0.001"/>
  <testcase name="the decrypted path secret should be 747380c7697e8e41e5e62eb279419961ee8ad675436e85ba47557dac580a42789a2b0bf1f855c870939138a4ad92a13a2201f85f8938b38070e4f9f646fd12c3" classname="com.github.traderjoe95.mls.protocol.tree.TreeKem" time="0.001"/>
  <testcase name="a new update path generated by the sender should be successfully processed" classname="com.github.traderjoe95.mls.protocol.tree.TreeKem" time="0.001"/>
  <testcase name="the update path should be parent-hash valid" classname="com.github.traderjoe95.mls.protocol.tree.TreeKem" time="0.0"/>
  <testcase name="the tree hash after merging the update path should be d1212e59bf85937aa3710c028ea9973d8f04fbf3dd23778de770472feafac0ad7923fee892d8123be52dfc674a97eeed26b96ef4fae99c08350c715ebedfb293" classname="com.github.traderjoe95.mls.protocol.tree.TreeKem" time="0.0"/>
  <testcase name="the decrypted path secret should be c7b2ffd9ff4e27a55d3c397963fea883c8c2e90758c802b5754246ccf24198d194d7005f467489d5ee41462c83acaf011535800a141b3e7a87224843563d384e" classname="com.github.traderjoe95.mls.protocol.tree.TreeKem" time="0.001"/>
  <testcase name="a new update path generated by the sender should be successfully processed" classname="com.github.traderjoe95.mls.protocol.tree.TreeKem" time="0.001"/>
  <testcase name="the update path should be parent-hash valid" classname="com.github.traderjoe95.mls.protocol.tree.TreeKem" time="0.001"/>
  <testcase name="the tree hash after merging the update path should be d1212e59bf85937aa3710c028ea9973d8f04fbf3dd23778de770472feafac0ad7923fee892d8123be52dfc674a97eeed26b96ef4fae99c08350c715ebedfb293" classname="com.github.traderjoe95.mls.protocol.tree.TreeKem" time="0.001"/>
  <testcase name="the decrypted path secret should be c7b2ffd9ff4e27a55d3c397963fea883c8c2e90758c802b5754246ccf24198d194d7005f467489d5ee41462c83acaf011535800a141b3e7a87224843563d384e" classname="com.github.traderjoe95.mls.protocol.tree.TreeKem" time="0.001"/>
  <testcase name="a new update path generated by the sender should be successfully processed" classname="com.github.traderjoe95.mls.protocol.tree.TreeKem" time="0.001"/>
  <testcase name="the update path should be parent-hash valid" classname="com.github.traderjoe95.mls.protocol.tree.TreeKem" time="0.0"/>
  <testcase name="the tree hash after merging the update path should be d1212e59bf85937aa3710c028ea9973d8f04fbf3dd23778de770472feafac0ad7923fee892d8123be52dfc674a97eeed26b96ef4fae99c08350c715ebedfb293" classname="com.github.traderjoe95.mls.protocol.tree.TreeKem" time="0.0"/>
  <testcase name="the decrypted path secret should be d6467d44262050bce3739489e7aa0b3ba35b9b21ee4c632a55d0cb7497d06a6e54a2080f339c481b6f97ff431ae61d8f09db58e75539d9b0a6c98d227b6f1aff" classname="com.github.traderjoe95.mls.protocol.tree.TreeKem" time="0.0"/>
  <testcase name="a new update path generated by the sender should be successfully processed" classname="com.github.traderjoe95.mls.protocol.tree.TreeKem" time="0.001"/>
  <testcase name="the update path should be parent-hash valid" classname="com.github.traderjoe95.mls.protocol.tree.TreeKem" time="0.001"/>
  <testcase name="the tree hash after merging the update path should be 2853490bc5285bbbda9f38cb8267d8f50a5f3a17c32984132471eb03b0b55740e425a2fb2d9d3ae2e0c95c78a8737cf4454247d3d2c6b7e643af87ed3eebcb13" classname="com.github.traderjoe95.mls.protocol.tree.TreeKem" time="0.0"/>
  <testcase name="the decrypted path secret should be fb189bbfa9208531562c9ff0918d4220f96e79f9b4dbd3d9e2e9a9af3ec3120512106536b9d275fa9ca2bb7d832b4b7ac591b1553348d9a7a246399a149d7c86" classname="com.github.traderjoe95.mls.protocol.tree.TreeKem" time="0.001"/>
  <testcase name="a new update path generated by the sender should be successfully processed" classname="com.github.traderjoe95.mls.protocol.tree.TreeKem" time="0.001"/>
  <testcase name="the update path should be parent-hash valid" classname="com.github.traderjoe95.mls.protocol.tree.TreeKem" time="0.0"/>
  <testcase name="the tree hash after merging the update path should be 2853490bc5285bbbda9f38cb8267d8f50a5f3a17c32984132471eb03b0b55740e425a2fb2d9d3ae2e0c95c78a8737cf4454247d3d2c6b7e643af87ed3eebcb13" classname="com.github.traderjoe95.mls.protocol.tree.TreeKem" time="0.0"/>
  <testcase name="the decrypted path secret should be 5c4a276f8ebbf9c97fcf3e47dbdd0e312b6b6c0f8c9e7060d601031726c128344865628bb4e2c856a4bc19ce62a52d1a6411138dafd2de9142aa1c721e5eca95" classname="com.github.traderjoe95.mls.protocol.tree.TreeKem" time="0.001"/>
  <testcase name="a new update path generated by the sender should be successfully processed" classname="com.github.traderjoe95.mls.protocol.tree.TreeKem" time="0.001"/>
  <testcase name="the update path should be parent-hash valid" classname="com.github.traderjoe95.mls.protocol.tree.TreeKem" time="0.0"/>
  <testcase name="the tree hash after merging the update path should be 2853490bc5285bbbda9f38cb8267d8f50a5f3a17c32984132471eb03b0b55740e425a2fb2d9d3ae2e0c95c78a8737cf4454247d3d2c6b7e643af87ed3eebcb13" classname="com.github.traderjoe95.mls.protocol.tree.TreeKem" time="0.0"/>
  <testcase name="the decrypted path secret should be 5c4a276f8ebbf9c97fcf3e47dbdd0e312b6b6c0f8c9e7060d601031726c128344865628bb4e2c856a4bc19ce62a52d1a6411138dafd2de9142aa1c721e5eca95" classname="com.github.traderjoe95.mls.protocol.tree.TreeKem" time="0.001"/>
  <testcase name="a new update path generated by the sender should be successfully processed" classname="com.github.traderjoe95.mls.protocol.tree.TreeKem" time="0.001"/>
  <testcase name="the update path should be parent-hash valid" classname="com.github.traderjoe95.mls.protocol.tree.TreeKem" time="0.0"/>
  <testcase name="the tree hash after merging the update path should be 2853490bc5285bbbda9f38cb8267d8f50a5f3a17c32984132471eb03b0b55740e425a2fb2d9d3ae2e0c95c78a8737cf4454247d3d2c6b7e643af87ed3eebcb13" classname="com.github.traderjoe95.mls.protocol.tree.TreeKem" time="0.0"/>
  <testcase name="the decrypted path secret should be 602e3b5637749ac391f000594bf9ef7f57f9c3a97c4b382fba4a24c1464ea8ccca883ba0d19da68e0be9d9caacee7352a9b089f793d25488e7c3f5765294c32a" classname="com.github.traderjoe95.mls.protocol.tree.TreeKem" time="0.001"/>
  <testcase name="a new update path generated by the sender should be successfully processed" classname="com.github.traderjoe95.mls.protocol.tree.TreeKem" time="0.001"/>
  <testcase name="non-blank leaf 0 should be consistent with the public state" classname="com.github.traderjoe95.mls.protocol.tree.TreeKem" time="0.001"/>
  <testcase name="non-blank leaf 1 should be consistent with the public state" classname="com.github.traderjoe95.mls.protocol.tree.TreeKem" time="0.001"/>
  <testcase name="non-blank leaf 2 should be consistent with the public state" classname="com.github.traderjoe95.mls.protocol.tree.TreeKem" time="0.002"/>
  <testcase name="non-blank leaf 3 should be consistent with the public state" classname="com.github.traderjoe95.mls.protocol.tree.TreeKem" time="0.002"/>
  <testcase name="non-blank leaf 4 should be consistent with the public state" classname="com.github.traderjoe95.mls.protocol.tree.TreeKem" time="0.001"/>
  <testcase name="non-blank leaf 5 should be consistent with the public state" classname="com.github.traderjoe95.mls.protocol.tree.TreeKem" time="0.001"/>
  <testcase name="non-blank leaf 6 should be consistent with the public state" classname="com.github.traderjoe95.mls.protocol.tree.TreeKem" time="0.001"/>
  <testcase name="non-blank leaf 7 should be consistent with the public state" classname="com.github.traderjoe95.mls.protocol.tree.TreeKem" time="0.001"/>
  <testcase name="the update path should be parent-hash valid" classname="com.github.traderjoe95.mls.protocol.tree.TreeKem" time="0.0"/>
  <testcase name="the tree hash after merging the update path should be 654dbb7b7db670d74087447787650632b032be8849279ec4539b19899d3402d8b4d30ce285dd7873d04b0f7a3791f9bcce2ab8b3b045f41ee52656656ad14e5f" classname="com.github.traderjoe95.mls.protocol.tree.TreeKem" time="0.0"/>
  <testcase name="the decrypted path secret should be d822b07daac9a81175455e71b7cb8d2c702e10af35ba108680232ab30ea53d02f73d9e1470bf6e6cfbcfad293eeb0ea0d26713416f44ec1f78d39048b064d4a0" classname="com.github.traderjoe95.mls.protocol.tree.TreeKem" time="0.001"/>
  <testcase name="a new update path generated by the sender should be successfully processed" classname="com.github.traderjoe95.mls.protocol.tree.TreeKem" time="0.001"/>
  <testcase name="the update path should be parent-hash valid" classname="com.github.traderjoe95.mls.protocol.tree.TreeKem" time="0.001"/>
  <testcase name="the tree hash after merging the update path should be 654dbb7b7db670d74087447787650632b032be8849279ec4539b19899d3402d8b4d30ce285dd7873d04b0f7a3791f9bcce2ab8b3b045f41ee52656656ad14e5f" classname="com.github.traderjoe95.mls.protocol.tree.TreeKem" time="0.001"/>
  <testcase name="the decrypted path secret should be 45ddb071153d78bc9a62dba1d797dbda819630d336e6f9f4fc40d9ca78aafddcf0cf17d4b64c1670975037b075e4bc4cc655f19b6c393151925b67978265ca21" classname="com.github.traderjoe95.mls.protocol.tree.TreeKem" time="0.001"/>
  <testcase name="a new update path generated by the sender should be successfully processed" classname="com.github.traderjoe95.mls.protocol.tree.TreeKem" time="0.001"/>
  <testcase name="the update path should be parent-hash valid" classname="com.github.traderjoe95.mls.protocol.tree.TreeKem" time="0.0"/>
  <testcase name="the tree hash after merging the update path should be 654dbb7b7db670d74087447787650632b032be8849279ec4539b19899d3402d8b4d30ce285dd7873d04b0f7a3791f9bcce2ab8b3b045f41ee52656656ad14e5f" classname="com.github.traderjoe95.mls.protocol.tree.TreeKem" time="0.0"/>
  <testcase name="the decrypted path secret should be 45ddb071153d78bc9a62dba1d797dbda819630d336e6f9f4fc40d9ca78aafddcf0cf17d4b64c1670975037b075e4bc4cc655f19b6c393151925b67978265ca21" classname="com.github.traderjoe95.mls.protocol.tree.TreeKem" time="0.001"/>
  <testcase name="a new update path generated by the sender should be successfully processed" classname="com.github.traderjoe95.mls.protocol.tree.TreeKem" time="0.001"/>
  <testcase name="the update path should be parent-hash valid" classname="com.github.traderjoe95.mls.protocol.tree.TreeKem" time="0.001"/>
  <testcase name="the tree hash after merging the update path should be 654dbb7b7db670d74087447787650632b032be8849279ec4539b19899d3402d8b4d30ce285dd7873d04b0f7a3791f9bcce2ab8b3b045f41ee52656656ad14e5f" classname="com.github.traderjoe95.mls.protocol.tree.TreeKem" time="0.0"/>
  <testcase name="the decrypted path secret should be 838a9e8f015bd273f946cc4394216b52bfe7655652a9a73b34cdf41afb5ab3c659c1a23824c234a99814c1f7a13c9614a49e02ec1fbbc24b9ac34d41d86147c9" classname="com.github.traderjoe95.mls.protocol.tree.TreeKem" time="0.001"/>
  <testcase name="a new update path generated by the sender should be successfully processed" classname="com.github.traderjoe95.mls.protocol.tree.TreeKem" time="0.001"/>
  <testcase name="the update path should be parent-hash valid" classname="com.github.traderjoe95.mls.protocol.tree.TreeKem" time="0.0"/>
  <testcase name="the tree hash after merging the update path should be 654dbb7b7db670d74087447787650632b032be8849279ec4539b19899d3402d8b4d30ce285dd7873d04b0f7a3791f9bcce2ab8b3b045f41ee52656656ad14e5f" classname="com.github.traderjoe95.mls.protocol.tree.TreeKem" time="0.0"/>
  <testcase name="the decrypted path secret should be 838a9e8f015bd273f946cc4394216b52bfe7655652a9a73b34cdf41afb5ab3c659c1a23824c234a99814c1f7a13c9614a49e02ec1fbbc24b9ac34d41d86147c9" classname="com.github.traderjoe95.mls.protocol.tree.TreeKem" time="0.001"/>
  <testcase name="a new update path generated by the sender should be successfully processed" classname="com.github.traderjoe95.mls.protocol.tree.TreeKem" time="0.001"/>
  <testcase name="the update path should be parent-hash valid" classname="com.github.traderjoe95.mls.protocol.tree.TreeKem" time="0.0"/>
  <testcase name="the tree hash after merging the update path should be 654dbb7b7db670d74087447787650632b032be8849279ec4539b19899d3402d8b4d30ce285dd7873d04b0f7a3791f9bcce2ab8b3b045f41ee52656656ad14e5f" classname="com.github.traderjoe95.mls.protocol.tree.TreeKem" time="0.0"/>
  <testcase name="the decrypted path secret should be 838a9e8f015bd273f946cc4394216b52bfe7655652a9a73b34cdf41afb5ab3c659c1a23824c234a99814c1f7a13c9614a49e02ec1fbbc24b9ac34d41d86147c9" classname="com.github.traderjoe95.mls.protocol.tree.TreeKem" time="0.001"/>
  <testcase name="a new update path generated by the sender should be successfully processed" classname="com.github.traderjoe95.mls.protocol.tree.TreeKem" time="0.001"/>
  <testcase name="the update path should be parent-hash valid" classname="com.github.traderjoe95.mls.protocol.tree.TreeKem" time="0.0"/>
  <testcase name="the tree hash after merging the update path should be 654dbb7b7db670d74087447787650632b032be8849279ec4539b19899d3402d8b4d30ce285dd7873d04b0f7a3791f9bcce2ab8b3b045f41ee52656656ad14e5f" classname="com.github.traderjoe95.mls.protocol.tree.TreeKem" time="0.0"/>
  <testcase name="the decrypted path secret should be 838a9e8f015bd273f946cc4394216b52bfe7655652a9a73b34cdf41afb5ab3c659c1a23824c234a99814c1f7a13c9614a49e02ec1fbbc24b9ac34d41d86147c9" classname="com.github.traderjoe95.mls.protocol.tree.TreeKem" time="0.001"/>
  <testcase name="a new update path generated by the sender should be successfully processed" classname="com.github.traderjoe95.mls.protocol.tree.TreeKem" time="0.002"/>
  <testcase name="the update path should be parent-hash valid" classname="com.github.traderjoe95.mls.protocol.tree.TreeKem" time="0.001"/>
  <testcase name="the tree hash after merging the update path should be e4e3c501cbc38ef2efb7c423be9c64228fe25f989197cf489c5f88da089d08c8e9875460236c1d6424f244bb10274d93be913d6fd759b9db81adaa61b183e540" classname="com.github.traderjoe95.mls.protocol.tree.TreeKem" time="0.0"/>
  <testcase name="the decrypted path secret should be 59f989e1bbd144821552846f2462a18bb22085bdd837ff0cd76e7fc7813dffe45c890322dd032ce0c74855068063ca312a960d8cdc37a37e270e19091186f022" classname="com.github.traderjoe95.mls.protocol.tree.TreeKem" time="0.001"/>
  <testcase name="a new update path generated by the sender should be successfully processed" classname="com.github.traderjoe95.mls.protocol.tree.TreeKem" time="0.001"/>
  <testcase name="the update path should be parent-hash valid" classname="com.github.traderjoe95.mls.protocol.tree.TreeKem" time="0.001"/>
  <testcase name="the tree hash after merging the update path should be e4e3c501cbc38ef2efb7c423be9c64228fe25f989197cf489c5f88da089d08c8e9875460236c1d6424f244bb10274d93be913d6fd759b9db81adaa61b183e540" classname="com.github.traderjoe95.mls.protocol.tree.TreeKem" time="0.001"/>
  <testcase name="the decrypted path secret should be 42c0198a991274bf20130154b9ba794772422e20978f164ec3403e5f0d492c0dc30b4cacac3edb283cdda7ea8191592dd34da7c712e200882bc79bd65579a295" classname="com.github.traderjoe95.mls.protocol.tree.TreeKem" time="0.001"/>
  <testcase name="a new update path generated by the sender should be successfully processed" classname="com.github.traderjoe95.mls.protocol.tree.TreeKem" time="0.001"/>
  <testcase name="the update path should be parent-hash valid" classname="com.github.traderjoe95.mls.protocol.tree.TreeKem" time="0.0"/>
  <testcase name="the tree hash after merging the update path should be e4e3c501cbc38ef2efb7c423be9c64228fe25f989197cf489c5f88da089d08c8e9875460236c1d6424f244bb10274d93be913d6fd759b9db81adaa61b183e540" classname="com.github.traderjoe95.mls.protocol.tree.TreeKem" time="0.0"/>
  <testcase name="the decrypted path secret should be 42c0198a991274bf20130154b9ba794772422e20978f164ec3403e5f0d492c0dc30b4cacac3edb283cdda7ea8191592dd34da7c712e200882bc79bd65579a295" classname="com.github.traderjoe95.mls.protocol.tree.TreeKem" time="0.001"/>
  <testcase name="a new update path generated by the sender should be successfully processed" classname="com.github.traderjoe95.mls.protocol.tree.TreeKem" time="0.001"/>
  <testcase name="the update path should be parent-hash valid" classname="com.github.traderjoe95.mls.protocol.tree.TreeKem" time="0.0"/>
  <testcase name="the tree hash after merging the update path should be e4e3c501cbc38ef2efb7c423be9c64228fe25f989197cf489c5f88da089d08c8e9875460236c1d6424f244bb10274d93be913d6fd759b9db81adaa61b183e540" classname="com.github.traderjoe95.mls.protocol.tree.TreeKem" time="0.0"/>
  <testcase name="the decrypted path secret should be 354cebbe0a98364456eb25505fed1c542794f04c84e4cb7ee15dd04caad73bda8854705f1bc8d91a888ed0a29bc7ccd8078ec415245800c1b9692c370dd4d64c" classname="com.github.traderjoe95.mls.protocol.tree.TreeKem" time="0.001"/>
  <testcase name="a new update path generated by the sender should be successfully processed" classname="com.github.traderjoe95.mls.protocol.tree.TreeKem" time="0.002"/>
  <testcase name="the update path should be parent-hash valid" classname="com.github.traderjoe95.mls.protocol.tree.TreeKem" time="0.0"/>
  <testcase name="the tree hash after merging the update path should be e4e3c501cbc38ef2efb7c423be9c64228fe25f989197cf489c5f88da089d08c8e9875460236c1d6424f244bb10274d93be913d6fd759b9db81adaa61b183e540" classname="com.github.traderjoe95.mls.protocol.tree.TreeKem" time="0.0"/>
  <testcase name="the decrypted path secret should be 354cebbe0a98364456eb25505fed1c542794f04c84e4cb7ee15dd04caad73bda8854705f1bc8d91a888ed0a29bc7ccd8078ec415245800c1b9692c370dd4d64c" classname="com.github.traderjoe95.mls.protocol.tree.TreeKem" time="0.001"/>
  <testcase name="a new update path generated by the sender should be successfully processed" classname="com.github.traderjoe95.mls.protocol.tree.TreeKem" time="0.001"/>
  <testcase name="the update path should be parent-hash valid" classname="com.github.traderjoe95.mls.protocol.tree.TreeKem" time="0.0"/>
  <testcase name="the tree hash after merging the update path should be e4e3c501cbc38ef2efb7c423be9c64228fe25f989197cf489c5f88da089d08c8e9875460236c1d6424f244bb10274d93be913d6fd759b9db81adaa61b183e540" classname="com.github.traderjoe95.mls.protocol.tree.TreeKem" time="0.0"/>
  <testcase name="the decrypted path secret should be 354cebbe0a98364456eb25505fed1c542794f04c84e4cb7ee15dd04caad73bda8854705f1bc8d91a888ed0a29bc7ccd8078ec415245800c1b9692c370dd4d64c" classname="com.github.traderjoe95.mls.protocol.tree.TreeKem" time="0.001"/>
  <testcase name="a new update path generated by the sender should be successfully processed" classname="com.github.traderjoe95.mls.protocol.tree.TreeKem" time="0.001"/>
  <testcase name="the update path should be parent-hash valid" classname="com.github.traderjoe95.mls.protocol.tree.TreeKem" time="0.0"/>
  <testcase name="the tree hash after merging the update path should be e4e3c501cbc38ef2efb7c423be9c64228fe25f989197cf489c5f88da089d08c8e9875460236c1d6424f244bb10274d93be913d6fd759b9db81adaa61b183e540" classname="com.github.traderjoe95.mls.protocol.tree.TreeKem" time="0.001"/>
  <testcase name="the decrypted path secret should be 354cebbe0a98364456eb25505fed1c542794f04c84e4cb7ee15dd04caad73bda8854705f1bc8d91a888ed0a29bc7ccd8078ec415245800c1b9692c370dd4d64c" classname="com.github.traderjoe95.mls.protocol.tree.TreeKem" time="0.001"/>
  <testcase name="a new update path generated by the sender should be successfully processed" classname="com.github.traderjoe95.mls.protocol.tree.TreeKem" time="0.001"/>
  <testcase name="the update path should be parent-hash valid" classname="com.github.traderjoe95.mls.protocol.tree.TreeKem" time="0.0"/>
  <testcase name="the tree hash after merging the update path should be d2ed5f4263247f872ec4554a43d931b616f33f886602c29f37c8256e351e68f15bec518e43352286a37d4ec04c01d50b320ce14142a342ee241c5fd41ce00387" classname="com.github.traderjoe95.mls.protocol.tree.TreeKem" time="0.0"/>
  <testcase name="the decrypted path secret should be b7628f4ff6ec08af9869c761da15e062cf466ee28523699e8609fc8a589b4d206d2b7760633cea0be16e44a8b3c68024df8d9b435fa01ff65d7cdff23d436a08" classname="com.github.traderjoe95.mls.protocol.tree.TreeKem" time="0.001"/>
  <testcase name="a new update path generated by the sender should be successfully processed" classname="com.github.traderjoe95.mls.protocol.tree.TreeKem" time="0.001"/>
  <testcase name="the update path should be parent-hash valid" classname="com.github.traderjoe95.mls.protocol.tree.TreeKem" time="0.0"/>
  <testcase name="the tree hash after merging the update path should be d2ed5f4263247f872ec4554a43d931b616f33f886602c29f37c8256e351e68f15bec518e43352286a37d4ec04c01d50b320ce14142a342ee241c5fd41ce00387" classname="com.github.traderjoe95.mls.protocol.tree.TreeKem" time="0.0"/>
  <testcase name="the decrypted path secret should be b7628f4ff6ec08af9869c761da15e062cf466ee28523699e8609fc8a589b4d206d2b7760633cea0be16e44a8b3c68024df8d9b435fa01ff65d7cdff23d436a08" classname="com.github.traderjoe95.mls.protocol.tree.TreeKem" time="0.001"/>
  <testcase name="a new update path generated by the sender should be successfully processed" classname="com.github.traderjoe95.mls.protocol.tree.TreeKem" time="0.001"/>
  <testcase name="the update path should be parent-hash valid" classname="com.github.traderjoe95.mls.protocol.tree.TreeKem" time="0.0"/>
  <testcase name="the tree hash after merging the update path should be d2ed5f4263247f872ec4554a43d931b616f33f886602c29f37c8256e351e68f15bec518e43352286a37d4ec04c01d50b320ce14142a342ee241c5fd41ce00387" classname="com.github.traderjoe95.mls.protocol.tree.TreeKem" time="0.0"/>
  <testcase name="the decrypted path secret should be a3480ba432c64b5dd69d60ad5a8ee299014d4b2a3c42a8480ba202d4f1c6185bf6ef48f35244dd3daeb0b34cea1a4b0dbe3d8faf445d36fd452b276beb4eb0ef" classname="com.github.traderjoe95.mls.protocol.tree.TreeKem" time="0.001"/>
  <testcase name="a new update path generated by the sender should be successfully processed" classname="com.github.traderjoe95.mls.protocol.tree.TreeKem" time="0.001"/>
  <testcase name="the update path should be parent-hash valid" classname="com.github.traderjoe95.mls.protocol.tree.TreeKem" time="0.001"/>
  <testcase name="the tree hash after merging the update path should be d2ed5f4263247f872ec4554a43d931b616f33f886602c29f37c8256e351e68f15bec518e43352286a37d4ec04c01d50b320ce14142a342ee241c5fd41ce00387" classname="com.github.traderjoe95.mls.protocol.tree.TreeKem" time="0.001"/>
  <testcase name="the decrypted path secret should be 2d797a66e3c3c1aa00cfb4386a15870320f8026bedaa26cc60a08f169a2e40544e0d02d7298d42a0e6174b2eaaed00369482306d66ab1b74963ca73491ac3205" classname="com.github.traderjoe95.mls.protocol.tree.TreeKem" time="0.001"/>
  <testcase name="a new update path generated by the sender should be successfully processed" classname="com.github.traderjoe95.mls.protocol.tree.TreeKem" time="0.001"/>
  <testcase name="the update path should be parent-hash valid" classname="com.github.traderjoe95.mls.protocol.tree.TreeKem" time="0.0"/>
  <testcase name="the tree hash after merging the update path should be d2ed5f4263247f872ec4554a43d931b616f33f886602c29f37c8256e351e68f15bec518e43352286a37d4ec04c01d50b320ce14142a342ee241c5fd41ce00387" classname="com.github.traderjoe95.mls.protocol.tree.TreeKem" time="0.0"/>
  <testcase name="the decrypted path secret should be 2d797a66e3c3c1aa00cfb4386a15870320f8026bedaa26cc60a08f169a2e40544e0d02d7298d42a0e6174b2eaaed00369482306d66ab1b74963ca73491ac3205" classname="com.github.traderjoe95.mls.protocol.tree.TreeKem" time="0.001"/>
  <testcase name="a new update path generated by the sender should be successfully processed" classname="com.github.traderjoe95.mls.protocol.tree.TreeKem" time="0.001"/>
  <testcase name="the update path should be parent-hash valid" classname="com.github.traderjoe95.mls.protocol.tree.TreeKem" time="0.001"/>
  <testcase name="the tree hash after merging the update path should be d2ed5f4263247f872ec4554a43d931b616f33f886602c29f37c8256e351e68f15bec518e43352286a37d4ec04c01d50b320ce14142a342ee241c5fd41ce00387" classname="com.github.traderjoe95.mls.protocol.tree.TreeKem" time="0.001"/>
  <testcase name="the decrypted path secret should be 2d797a66e3c3c1aa00cfb4386a15870320f8026bedaa26cc60a08f169a2e40544e0d02d7298d42a0e6174b2eaaed00369482306d66ab1b74963ca73491ac3205" classname="com.github.traderjoe95.mls.protocol.tree.TreeKem" time="0.001"/>
  <testcase name="a new update path generated by the sender should be successfully processed" classname="com.github.traderjoe95.mls.protocol.tree.TreeKem" time="0.001"/>
  <testcase name="the update path should be parent-hash valid" classname="com.github.traderjoe95.mls.protocol.tree.TreeKem" time="0.0"/>
  <testcase name="the tree hash after merging the update path should be d2ed5f4263247f872ec4554a43d931b616f33f886602c29f37c8256e351e68f15bec518e43352286a37d4ec04c01d50b320ce14142a342ee241c5fd41ce00387" classname="com.github.traderjoe95.mls.protocol.tree.TreeKem" time="0.001"/>
  <testcase name="the decrypted path secret should be 2d797a66e3c3c1aa00cfb4386a15870320f8026bedaa26cc60a08f169a2e40544e0d02d7298d42a0e6174b2eaaed00369482306d66ab1b74963ca73491ac3205" classname="com.github.traderjoe95.mls.protocol.tree.TreeKem" time="0.001"/>
  <testcase name="a new update path generated by the sender should be successfully processed" classname="com.github.traderjoe95.mls.protocol.tree.TreeKem" time="0.001"/>
  <testcase name="the update path should be parent-hash valid" classname="com.github.traderjoe95.mls.protocol.tree.TreeKem" time="0.0"/>
  <testcase name="the tree hash after merging the update path should be bb827ffa5f4611ddab11f940a9c249322df0c55ce8ad701f3039239433cd66c48e1da15b2b59a4412f468115e45ed20ffe16a83cba0dde6c5ded576fcaf83e27" classname="com.github.traderjoe95.mls.protocol.tree.TreeKem" time="0.0"/>
  <testcase name="the decrypted path secret should be 8edd5e76b3a568b8c7ffadee8922fd9deca04355fcda2223db881639f1f07229b32bef12cd656f22a607b08357045d6a7e965dbf1f4682dd3a26ad55ba74a43f" classname="com.github.traderjoe95.mls.protocol.tree.TreeKem" time="0.001"/>
  <testcase name="a new update path generated by the sender should be successfully processed" classname="com.github.traderjoe95.mls.protocol.tree.TreeKem" time="0.002"/>
  <testcase name="the update path should be parent-hash valid" classname="com.github.traderjoe95.mls.protocol.tree.TreeKem" time="0.0"/>
  <testcase name="the tree hash after merging the update path should be bb827ffa5f4611ddab11f940a9c249322df0c55ce8ad701f3039239433cd66c48e1da15b2b59a4412f468115e45ed20ffe16a83cba0dde6c5ded576fcaf83e27" classname="com.github.traderjoe95.mls.protocol.tree.TreeKem" time="0.001"/>
  <testcase name="the decrypted path secret should be 8edd5e76b3a568b8c7ffadee8922fd9deca04355fcda2223db881639f1f07229b32bef12cd656f22a607b08357045d6a7e965dbf1f4682dd3a26ad55ba74a43f" classname="com.github.traderjoe95.mls.protocol.tree.TreeKem" time="0.001"/>
  <testcase name="a new update path generated by the sender should be successfully processed" classname="com.github.traderjoe95.mls.protocol.tree.TreeKem" time="0.001"/>
  <testcase name="the update path should be parent-hash valid" classname="com.github.traderjoe95.mls.protocol.tree.TreeKem" time="0.0"/>
  <testcase name="the tree hash after merging the update path should be bb827ffa5f4611ddab11f940a9c249322df0c55ce8ad701f3039239433cd66c48e1da15b2b59a4412f468115e45ed20ffe16a83cba0dde6c5ded576fcaf83e27" classname="com.github.traderjoe95.mls.protocol.tree.TreeKem" time="0.0"/>
  <testcase name="the decrypted path secret should be baf803a308146409e482f138a134c130b6bd66e0d353f15bb41855ce25a05c96afd6d79ae1000aa127f871ae307aec0f17782c57853f3fcf1c865ed3abcc863a" classname="com.github.traderjoe95.mls.protocol.tree.TreeKem" time="0.0"/>
  <testcase name="a new update path generated by the sender should be successfully processed" classname="com.github.traderjoe95.mls.protocol.tree.TreeKem" time="0.001"/>
  <testcase name="the update path should be parent-hash valid" classname="com.github.traderjoe95.mls.protocol.tree.TreeKem" time="0.0"/>
  <testcase name="the tree hash after merging the update path should be bb827ffa5f4611ddab11f940a9c249322df0c55ce8ad701f3039239433cd66c48e1da15b2b59a4412f468115e45ed20ffe16a83cba0dde6c5ded576fcaf83e27" classname="com.github.traderjoe95.mls.protocol.tree.TreeKem" time="0.0"/>
  <testcase name="the decrypted path secret should be 2b85dd03d89cdb56ce75a2a1023ad9ae4ad419707880fe6b660ed09c559568d78cc1baf3cf0072b85f276d40a631facb28042fca4ecd6096f6c0bb36c6f67554" classname="com.github.traderjoe95.mls.protocol.tree.TreeKem" time="0.001"/>
  <testcase name="a new update path generated by the sender should be successfully processed" classname="com.github.traderjoe95.mls.protocol.tree.TreeKem" time="0.001"/>
  <testcase name="the update path should be parent-hash valid" classname="com.github.traderjoe95.mls.protocol.tree.TreeKem" time="0.001"/>
  <testcase name="the tree hash after merging the update path should be bb827ffa5f4611ddab11f940a9c249322df0c55ce8ad701f3039239433cd66c48e1da15b2b59a4412f468115e45ed20ffe16a83cba0dde6c5ded576fcaf83e27" classname="com.github.traderjoe95.mls.protocol.tree.TreeKem" time="0.001"/>
  <testcase name="the decrypted path secret should be 2b85dd03d89cdb56ce75a2a1023ad9ae4ad419707880fe6b660ed09c559568d78cc1baf3cf0072b85f276d40a631facb28042fca4ecd6096f6c0bb36c6f67554" classname="com.github.traderjoe95.mls.protocol.tree.TreeKem" time="0.001"/>
  <testcase name="a new update path generated by the sender should be successfully processed" classname="com.github.traderjoe95.mls.protocol.tree.TreeKem" time="0.001"/>
  <testcase name="the update path should be parent-hash valid" classname="com.github.traderjoe95.mls.protocol.tree.TreeKem" time="0.0"/>
  <testcase name="the tree hash after merging the update path should be bb827ffa5f4611ddab11f940a9c249322df0c55ce8ad701f3039239433cd66c48e1da15b2b59a4412f468115e45ed20ffe16a83cba0dde6c5ded576fcaf83e27" classname="com.github.traderjoe95.mls.protocol.tree.TreeKem" time="0.0"/>
  <testcase name="the decrypted path secret should be 2b85dd03d89cdb56ce75a2a1023ad9ae4ad419707880fe6b660ed09c559568d78cc1baf3cf0072b85f276d40a631facb28042fca4ecd6096f6c0bb36c6f67554" classname="com.github.traderjoe95.mls.protocol.tree.TreeKem" time="0.0"/>
  <testcase name="a new update path generated by the sender should be successfully processed" classname="com.github.traderjoe95.mls.protocol.tree.TreeKem" time="0.001"/>
  <testcase name="the update path should be parent-hash valid" classname="com.github.traderjoe95.mls.protocol.tree.TreeKem" time="0.0"/>
  <testcase name="the tree hash after merging the update path should be bb827ffa5f4611ddab11f940a9c249322df0c55ce8ad701f3039239433cd66c48e1da15b2b59a4412f468115e45ed20ffe16a83cba0dde6c5ded576fcaf83e27" classname="com.github.traderjoe95.mls.protocol.tree.TreeKem" time="0.0"/>
  <testcase name="the decrypted path secret should be 2b85dd03d89cdb56ce75a2a1023ad9ae4ad419707880fe6b660ed09c559568d78cc1baf3cf0072b85f276d40a631facb28042fca4ecd6096f6c0bb36c6f67554" classname="com.github.traderjoe95.mls.protocol.tree.TreeKem" time="0.001"/>
  <testcase name="a new update path generated by the sender should be successfully processed" classname="com.github.traderjoe95.mls.protocol.tree.TreeKem" time="0.001"/>
  <testcase name="the update path should be parent-hash valid" classname="com.github.traderjoe95.mls.protocol.tree.TreeKem" time="0.0"/>
  <testcase name="the tree hash after merging the update path should be ce7106c92924633d849611825f1cb6bee20c0e93d243af87134f54ef16a751bbe8e318aedcc7771ab5b632fbe9a09f6b3c3395942c2bf7c9e52d40866d5debd1" classname="com.github.traderjoe95.mls.protocol.tree.TreeKem" time="0.0"/>
  <testcase name="the decrypted path secret should be 5b10709e1b88fc4e83345f3973de4764fbfb3e4420a3e61928cf4db3018568c1942e72b043446354ee579722200820fe2bb5bf9a29f2edb7d7dffcbc7c35b53e" classname="com.github.traderjoe95.mls.protocol.tree.TreeKem" time="0.001"/>
  <testcase name="a new update path generated by the sender should be successfully processed" classname="com.github.traderjoe95.mls.protocol.tree.TreeKem" time="0.001"/>
  <testcase name="the update path should be parent-hash valid" classname="com.github.traderjoe95.mls.protocol.tree.TreeKem" time="0.001"/>
  <testcase name="the tree hash after merging the update path should be ce7106c92924633d849611825f1cb6bee20c0e93d243af87134f54ef16a751bbe8e318aedcc7771ab5b632fbe9a09f6b3c3395942c2bf7c9e52d40866d5debd1" classname="com.github.traderjoe95.mls.protocol.tree.TreeKem" time="0.001"/>
  <testcase name="the decrypted path secret should be 5b10709e1b88fc4e83345f3973de4764fbfb3e4420a3e61928cf4db3018568c1942e72b043446354ee579722200820fe2bb5bf9a29f2edb7d7dffcbc7c35b53e" classname="com.github.traderjoe95.mls.protocol.tree.TreeKem" time="0.001"/>
  <testcase name="a new update path generated by the sender should be successfully processed" classname="com.github.traderjoe95.mls.protocol.tree.TreeKem" time="0.001"/>
  <testcase name="the update path should be parent-hash valid" classname="com.github.traderjoe95.mls.protocol.tree.TreeKem" time="0.001"/>
  <testcase name="the tree hash after merging the update path should be ce7106c92924633d849611825f1cb6bee20c0e93d243af87134f54ef16a751bbe8e318aedcc7771ab5b632fbe9a09f6b3c3395942c2bf7c9e52d40866d5debd1" classname="com.github.traderjoe95.mls.protocol.tree.TreeKem" time="0.001"/>
  <testcase name="the decrypted path secret should be 5b10709e1b88fc4e83345f3973de4764fbfb3e4420a3e61928cf4db3018568c1942e72b043446354ee579722200820fe2bb5bf9a29f2edb7d7dffcbc7c35b53e" classname="com.github.traderjoe95.mls.protocol.tree.TreeKem" time="0.001"/>
  <testcase name="a new update path generated by the sender should be successfully processed" classname="com.github.traderjoe95.mls.protocol.tree.TreeKem" time="0.001"/>
  <testcase name="the update path should be parent-hash valid" classname="com.github.traderjoe95.mls.protocol.tree.TreeKem" time="0.001"/>
  <testcase name="the tree hash after merging the update path should be ce7106c92924633d849611825f1cb6bee20c0e93d243af87134f54ef16a751bbe8e318aedcc7771ab5b632fbe9a09f6b3c3395942c2bf7c9e52d40866d5debd1" classname="com.github.traderjoe95.mls.protocol.tree.TreeKem" time="0.001"/>
  <testcase name="the decrypted path secret should be 5b10709e1b88fc4e83345f3973de4764fbfb3e4420a3e61928cf4db3018568c1942e72b043446354ee579722200820fe2bb5bf9a29f2edb7d7dffcbc7c35b53e" classname="com.github.traderjoe95.mls.protocol.tree.TreeKem" time="0.001"/>
  <testcase name="a new update path generated by the sender should be successfully processed" classname="com.github.traderjoe95.mls.protocol.tree.TreeKem" time="0.001"/>
  <testcase name="the update path should be parent-hash valid" classname="com.github.traderjoe95.mls.protocol.tree.TreeKem" time="0.0"/>
  <testcase name="the tree hash after merging the update path should be ce7106c92924633d849611825f1cb6bee20c0e93d243af87134f54ef16a751bbe8e318aedcc7771ab5b632fbe9a09f6b3c3395942c2bf7c9e52d40866d5debd1" classname="com.github.traderjoe95.mls.protocol.tree.TreeKem" time="0.0"/>
  <testcase name="the decrypted path secret should be 1b640ce956f634a1e917f6931624cb4b1f2791b32106d633d15381f5d162fa55963399a034689f33d55b434259dd47e87ca1a5b89a485818347ea8fd3c232df6" classname="com.github.traderjoe95.mls.protocol.tree.TreeKem" time="0.002"/>
  <testcase name="a new update path generated by the sender should be successfully processed" classname="com.github.traderjoe95.mls.protocol.tree.TreeKem" time="0.001"/>
  <testcase name="the update path should be parent-hash valid" classname="com.github.traderjoe95.mls.protocol.tree.TreeKem" time="0.001"/>
  <testcase name="the tree hash after merging the update path should be ce7106c92924633d849611825f1cb6bee20c0e93d243af87134f54ef16a751bbe8e318aedcc7771ab5b632fbe9a09f6b3c3395942c2bf7c9e52d40866d5debd1" classname="com.github.traderjoe95.mls.protocol.tree.TreeKem" time="0.0"/>
  <testcase name="the decrypted path secret should be 8c5c7977ba44fa245a787298ca4e4a2eb6703ea6cc0abcb0168939c59ebfe2ed406d76134d6303af13f873aaec746df6760b434bb046f84b210a23f0df5ddfa2" classname="com.github.traderjoe95.mls.protocol.tree.TreeKem" time="0.001"/>
  <testcase name="a new update path generated by the sender should be successfully processed" classname="com.github.traderjoe95.mls.protocol.tree.TreeKem" time="0.001"/>
  <testcase name="the update path should be parent-hash valid" classname="com.github.traderjoe95.mls.protocol.tree.TreeKem" time="0.001"/>
  <testcase name="the tree hash after merging the update path should be ce7106c92924633d849611825f1cb6bee20c0e93d243af87134f54ef16a751bbe8e318aedcc7771ab5b632fbe9a09f6b3c3395942c2bf7c9e52d40866d5debd1" classname="com.github.traderjoe95.mls.protocol.tree.TreeKem" time="0.001"/>
  <testcase name="the decrypted path secret should be 8c5c7977ba44fa245a787298ca4e4a2eb6703ea6cc0abcb0168939c59ebfe2ed406d76134d6303af13f873aaec746df6760b434bb046f84b210a23f0df5ddfa2" classname="com.github.traderjoe95.mls.protocol.tree.TreeKem" time="0.001"/>
  <testcase name="a new update path generated by the sender should be successfully processed" classname="com.github.traderjoe95.mls.protocol.tree.TreeKem" time="0.001"/>
  <testcase name="the update path should be parent-hash valid" classname="com.github.traderjoe95.mls.protocol.tree.TreeKem" time="0.0"/>
  <testcase name="the tree hash after merging the update path should be c7d13e6bf9d7c0ed0b9e937345ba2968a7818a8d86e010039127b9ef60ec8fcc9fe4812202a29b9ddfc2bd794ee3a2daae406567ddc38f183595b0a089fb7f0d" classname="com.github.traderjoe95.mls.protocol.tree.TreeKem" time="0.001"/>
  <testcase name="the decrypted path secret should be 2b5a9a821f8b6e4b9d097bc471dcad288fec2933d92885caf3b6f15fa11309cfc969b2b34b12b4654a08bf1a2d5775718f0c69fb21193e1794f44b94ff4e894e" classname="com.github.traderjoe95.mls.protocol.tree.TreeKem" time="0.001"/>
  <testcase name="a new update path generated by the sender should be successfully processed" classname="com.github.traderjoe95.mls.protocol.tree.TreeKem" time="0.001"/>
  <testcase name="the update path should be parent-hash valid" classname="com.github.traderjoe95.mls.protocol.tree.TreeKem" time="0.0"/>
  <testcase name="the tree hash after merging the update path should be c7d13e6bf9d7c0ed0b9e937345ba2968a7818a8d86e010039127b9ef60ec8fcc9fe4812202a29b9ddfc2bd794ee3a2daae406567ddc38f183595b0a089fb7f0d" classname="com.github.traderjoe95.mls.protocol.tree.TreeKem" time="0.001"/>
  <testcase name="the decrypted path secret should be 2b5a9a821f8b6e4b9d097bc471dcad288fec2933d92885caf3b6f15fa11309cfc969b2b34b12b4654a08bf1a2d5775718f0c69fb21193e1794f44b94ff4e894e" classname="com.github.traderjoe95.mls.protocol.tree.TreeKem" time="0.001"/>
  <testcase name="a new update path generated by the sender should be successfully processed" classname="com.github.traderjoe95.mls.protocol.tree.TreeKem" time="0.001"/>
  <testcase name="the update path should be parent-hash valid" classname="com.github.traderjoe95.mls.protocol.tree.TreeKem" time="0.001"/>
  <testcase name="the tree hash after merging the update path should be c7d13e6bf9d7c0ed0b9e937345ba2968a7818a8d86e010039127b9ef60ec8fcc9fe4812202a29b9ddfc2bd794ee3a2daae406567ddc38f183595b0a089fb7f0d" classname="com.github.traderjoe95.mls.protocol.tree.TreeKem" time="0.001"/>
  <testcase name="the decrypted path secret should be 2b5a9a821f8b6e4b9d097bc471dcad288fec2933d92885caf3b6f15fa11309cfc969b2b34b12b4654a08bf1a2d5775718f0c69fb21193e1794f44b94ff4e894e" classname="com.github.traderjoe95.mls.protocol.tree.TreeKem" time="0.001"/>
  <testcase name="a new update path generated by the sender should be successfully processed" classname="com.github.traderjoe95.mls.protocol.tree.TreeKem" time="0.002"/>
  <testcase name="the update path should be parent-hash valid" classname="com.github.traderjoe95.mls.protocol.tree.TreeKem" time="0.001"/>
  <testcase name="the tree hash after merging the update path should be c7d13e6bf9d7c0ed0b9e937345ba2968a7818a8d86e010039127b9ef60ec8fcc9fe4812202a29b9ddfc2bd794ee3a2daae406567ddc38f183595b0a089fb7f0d" classname="com.github.traderjoe95.mls.protocol.tree.TreeKem" time="0.0"/>
  <testcase name="the decrypted path secret should be 2b5a9a821f8b6e4b9d097bc471dcad288fec2933d92885caf3b6f15fa11309cfc969b2b34b12b4654a08bf1a2d5775718f0c69fb21193e1794f44b94ff4e894e" classname="com.github.traderjoe95.mls.protocol.tree.TreeKem" time="0.001"/>
  <testcase name="a new update path generated by the sender should be successfully processed" classname="com.github.traderjoe95.mls.protocol.tree.TreeKem" time="0.001"/>
  <testcase name="the update path should be parent-hash valid" classname="com.github.traderjoe95.mls.protocol.tree.TreeKem" time="0.001"/>
  <testcase name="the tree hash after merging the update path should be c7d13e6bf9d7c0ed0b9e937345ba2968a7818a8d86e010039127b9ef60ec8fcc9fe4812202a29b9ddfc2bd794ee3a2daae406567ddc38f183595b0a089fb7f0d" classname="com.github.traderjoe95.mls.protocol.tree.TreeKem" time="0.001"/>
  <testcase name="the decrypted path secret should be a1b85b287edfb89a5c6bff56264de3be954812cec760a7f04ba21d60306685b56ef20a6b17455382e4bd0cad3ee4d26ab04425df25daec25a3ba42ba3464cc57" classname="com.github.traderjoe95.mls.protocol.tree.TreeKem" time="0.001"/>
  <testcase name="a new update path generated by the sender should be successfully processed" classname="com.github.traderjoe95.mls.protocol.tree.TreeKem" time="0.001"/>
  <testcase name="the update path should be parent-hash valid" classname="com.github.traderjoe95.mls.protocol.tree.TreeKem" time="0.0"/>
  <testcase name="the tree hash after merging the update path should be c7d13e6bf9d7c0ed0b9e937345ba2968a7818a8d86e010039127b9ef60ec8fcc9fe4812202a29b9ddfc2bd794ee3a2daae406567ddc38f183595b0a089fb7f0d" classname="com.github.traderjoe95.mls.protocol.tree.TreeKem" time="0.001"/>
  <testcase name="the decrypted path secret should be f41eebae3a47bf57e756a17763e00761a5c4c5c2c153de9756ca0cc4ae7ac6ebee0ea27561b53362a93eb24f0467784e446e489b644a190d995af165338e792d" classname="com.github.traderjoe95.mls.protocol.tree.TreeKem" time="0.001"/>
  <testcase name="a new update path generated by the sender should be successfully processed" classname="com.github.traderjoe95.mls.protocol.tree.TreeKem" time="0.001"/>
  <testcase name="the update path should be parent-hash valid" classname="com.github.traderjoe95.mls.protocol.tree.TreeKem" time="0.0"/>
  <testcase name="the tree hash after merging the update path should be c7d13e6bf9d7c0ed0b9e937345ba2968a7818a8d86e010039127b9ef60ec8fcc9fe4812202a29b9ddfc2bd794ee3a2daae406567ddc38f183595b0a089fb7f0d" classname="com.github.traderjoe95.mls.protocol.tree.TreeKem" time="0.0"/>
  <testcase name="the decrypted path secret should be f41eebae3a47bf57e756a17763e00761a5c4c5c2c153de9756ca0cc4ae7ac6ebee0ea27561b53362a93eb24f0467784e446e489b644a190d995af165338e792d" classname="com.github.traderjoe95.mls.protocol.tree.TreeKem" time="0.001"/>
  <testcase name="a new update path generated by the sender should be successfully processed" classname="com.github.traderjoe95.mls.protocol.tree.TreeKem" time="0.001"/>
  <testcase name="the update path should be parent-hash valid" classname="com.github.traderjoe95.mls.protocol.tree.TreeKem" time="0.0"/>
  <testcase name="the tree hash after merging the update path should be fb24f347d78c005955bb8757a91f91000e84f9ef33e6ef77c8b8713279cce84a33fc495cacfe2871e372c703f5e7e80be0aba1cc4b1893be3720f81fa32116d9" classname="com.github.traderjoe95.mls.protocol.tree.TreeKem" time="0.0"/>
  <testcase name="the decrypted path secret should be 6f16027e8acb988e4f4bc20e224aba9120fab0d3ec479f478e33ae1a44fa95dcecffc5db80ad36ea7fa25aaa096ba4c984296a5013e1d095adbd7be863708f2c" classname="com.github.traderjoe95.mls.protocol.tree.TreeKem" time="0.001"/>
  <testcase name="a new update path generated by the sender should be successfully processed" classname="com.github.traderjoe95.mls.protocol.tree.TreeKem" time="0.001"/>
  <testcase name="the update path should be parent-hash valid" classname="com.github.traderjoe95.mls.protocol.tree.TreeKem" time="0.0"/>
  <testcase name="the tree hash after merging the update path should be fb24f347d78c005955bb8757a91f91000e84f9ef33e6ef77c8b8713279cce84a33fc495cacfe2871e372c703f5e7e80be0aba1cc4b1893be3720f81fa32116d9" classname="com.github.traderjoe95.mls.protocol.tree.TreeKem" time="0.001"/>
  <testcase name="the decrypted path secret should be 6f16027e8acb988e4f4bc20e224aba9120fab0d3ec479f478e33ae1a44fa95dcecffc5db80ad36ea7fa25aaa096ba4c984296a5013e1d095adbd7be863708f2c" classname="com.github.traderjoe95.mls.protocol.tree.TreeKem" time="0.001"/>
  <testcase name="a new update path generated by the sender should be successfully processed" classname="com.github.traderjoe95.mls.protocol.tree.TreeKem" time="0.001"/>
  <testcase name="the update path should be parent-hash valid" classname="com.github.traderjoe95.mls.protocol.tree.TreeKem" time="0.0"/>
  <testcase name="the tree hash after merging the update path should be fb24f347d78c005955bb8757a91f91000e84f9ef33e6ef77c8b8713279cce84a33fc495cacfe2871e372c703f5e7e80be0aba1cc4b1893be3720f81fa32116d9" classname="com.github.traderjoe95.mls.protocol.tree.TreeKem" time="0.0"/>
  <testcase name="the decrypted path secret should be 6f16027e8acb988e4f4bc20e224aba9120fab0d3ec479f478e33ae1a44fa95dcecffc5db80ad36ea7fa25aaa096ba4c984296a5013e1d095adbd7be863708f2c" classname="com.github.traderjoe95.mls.protocol.tree.TreeKem" time="0.0"/>
  <testcase name="a new update path generated by the sender should be successfully processed" classname="com.github.traderjoe95.mls.protocol.tree.TreeKem" time="0.001"/>
  <testcase name="the update path should be parent-hash valid" classname="com.github.traderjoe95.mls.protocol.tree.TreeKem" time="0.001"/>
  <testcase name="the tree hash after merging the update path should be fb24f347d78c005955bb8757a91f91000e84f9ef33e6ef77c8b8713279cce84a33fc495cacfe2871e372c703f5e7e80be0aba1cc4b1893be3720f81fa32116d9" classname="com.github.traderjoe95.mls.protocol.tree.TreeKem" time="0.001"/>
  <testcase name="the decrypted path secret should be 6f16027e8acb988e4f4bc20e224aba9120fab0d3ec479f478e33ae1a44fa95dcecffc5db80ad36ea7fa25aaa096ba4c984296a5013e1d095adbd7be863708f2c" classname="com.github.traderjoe95.mls.protocol.tree.TreeKem" time="0.001"/>
  <testcase name="a new update path generated by the sender should be successfully processed" classname="com.github.traderjoe95.mls.protocol.tree.TreeKem" time="0.001"/>
  <testcase name="the update path should be parent-hash valid" classname="com.github.traderjoe95.mls.protocol.tree.TreeKem" time="0.0"/>
  <testcase name="the tree hash after merging the update path should be fb24f347d78c005955bb8757a91f91000e84f9ef33e6ef77c8b8713279cce84a33fc495cacfe2871e372c703f5e7e80be0aba1cc4b1893be3720f81fa32116d9" classname="com.github.traderjoe95.mls.protocol.tree.TreeKem" time="0.001"/>
  <testcase name="the decrypted path secret should be 57d87b7bfcb111dbe498724222f32d8e0be62aa6390694390ea84d9b751fbc38d1925754c14fa75d3e85858425a3e875c8391b4f78cf120f8b622ef27962880a" classname="com.github.traderjoe95.mls.protocol.tree.TreeKem" time="0.001"/>
  <testcase name="a new update path generated by the sender should be successfully processed" classname="com.github.traderjoe95.mls.protocol.tree.TreeKem" time="0.001"/>
  <testcase name="the update path should be parent-hash valid" classname="com.github.traderjoe95.mls.protocol.tree.TreeKem" time="0.0"/>
  <testcase name="the tree hash after merging the update path should be fb24f347d78c005955bb8757a91f91000e84f9ef33e6ef77c8b8713279cce84a33fc495cacfe2871e372c703f5e7e80be0aba1cc4b1893be3720f81fa32116d9" classname="com.github.traderjoe95.mls.protocol.tree.TreeKem" time="0.0"/>
  <testcase name="the decrypted path secret should be 57d87b7bfcb111dbe498724222f32d8e0be62aa6390694390ea84d9b751fbc38d1925754c14fa75d3e85858425a3e875c8391b4f78cf120f8b622ef27962880a" classname="com.github.traderjoe95.mls.protocol.tree.TreeKem" time="0.0"/>
  <testcase name="a new update path generated by the sender should be successfully processed" classname="com.github.traderjoe95.mls.protocol.tree.TreeKem" time="0.001"/>
  <testcase name="the update path should be parent-hash valid" classname="com.github.traderjoe95.mls.protocol.tree.TreeKem" time="0.0"/>
  <testcase name="the tree hash after merging the update path should be fb24f347d78c005955bb8757a91f91000e84f9ef33e6ef77c8b8713279cce84a33fc495cacfe2871e372c703f5e7e80be0aba1cc4b1893be3720f81fa32116d9" classname="com.github.traderjoe95.mls.protocol.tree.TreeKem" time="0.0"/>
  <testcase name="the decrypted path secret should be 1c134105935dfd2c54d3243611f9c773f471e67a42561f96a2b3f9d86dba9c5e119793d345bd717b2dfb37fad2312891f2b55d7b3f34c7c7d6ac4ff67ed30507" classname="com.github.traderjoe95.mls.protocol.tree.TreeKem" time="0.0"/>
  <testcase name="a new update path generated by the sender should be successfully processed" classname="com.github.traderjoe95.mls.protocol.tree.TreeKem" time="0.001"/>
  <testcase name="the update path should be parent-hash valid" classname="com.github.traderjoe95.mls.protocol.tree.TreeKem" time="0.0"/>
  <testcase name="the tree hash after merging the update path should be a0282744b5c34824e50a2b040910ec4efbc6e217dd8fba193518d4e34123d7c2da05d2eaf61d853cf5dfed6041a9f512699bebf6429ddde3a48a6601502127e1" classname="com.github.traderjoe95.mls.protocol.tree.TreeKem" time="0.0"/>
  <testcase name="the decrypted path secret should be ffde2644dff9f1501e0fb1c7ab288d4baf6e4b0ff65dabb139d24b57e5418bb208618d4a1cb1866fde44e098c37ad99d9859bcf0786876b1b8eacc0f40f7a490" classname="com.github.traderjoe95.mls.protocol.tree.TreeKem" time="0.001"/>
  <testcase name="a new update path generated by the sender should be successfully processed" classname="com.github.traderjoe95.mls.protocol.tree.TreeKem" time="0.001"/>
  <testcase name="the update path should be parent-hash valid" classname="com.github.traderjoe95.mls.protocol.tree.TreeKem" time="0.0"/>
  <testcase name="the tree hash after merging the update path should be a0282744b5c34824e50a2b040910ec4efbc6e217dd8fba193518d4e34123d7c2da05d2eaf61d853cf5dfed6041a9f512699bebf6429ddde3a48a6601502127e1" classname="com.github.traderjoe95.mls.protocol.tree.TreeKem" time="0.0"/>
  <testcase name="the decrypted path secret should be ffde2644dff9f1501e0fb1c7ab288d4baf6e4b0ff65dabb139d24b57e5418bb208618d4a1cb1866fde44e098c37ad99d9859bcf0786876b1b8eacc0f40f7a490" classname="com.github.traderjoe95.mls.protocol.tree.TreeKem" time="0.001"/>
  <testcase name="a new update path generated by the sender should be successfully processed" classname="com.github.traderjoe95.mls.protocol.tree.TreeKem" time="0.001"/>
  <testcase name="the update path should be parent-hash valid" classname="com.github.traderjoe95.mls.protocol.tree.TreeKem" time="0.0"/>
  <testcase name="the tree hash after merging the update path should be a0282744b5c34824e50a2b040910ec4efbc6e217dd8fba193518d4e34123d7c2da05d2eaf61d853cf5dfed6041a9f512699bebf6429ddde3a48a6601502127e1" classname="com.github.traderjoe95.mls.protocol.tree.TreeKem" time="0.001"/>
  <testcase name="the decrypted path secret should be ffde2644dff9f1501e0fb1c7ab288d4baf6e4b0ff65dabb139d24b57e5418bb208618d4a1cb1866fde44e098c37ad99d9859bcf0786876b1b8eacc0f40f7a490" classname="com.github.traderjoe95.mls.protocol.tree.TreeKem" time="0.001"/>
  <testcase name="a new update path generated by the sender should be successfully processed" classname="com.github.traderjoe95.mls.protocol.tree.TreeKem" time="0.001"/>
  <testcase name="the update path should be parent-hash valid" classname="com.github.traderjoe95.mls.protocol.tree.TreeKem" time="0.001"/>
  <testcase name="the tree hash after merging the update path should be a0282744b5c34824e50a2b040910ec4efbc6e217dd8fba193518d4e34123d7c2da05d2eaf61d853cf5dfed6041a9f512699bebf6429ddde3a48a6601502127e1" classname="com.github.traderjoe95.mls.protocol.tree.TreeKem" time="0.0"/>
  <testcase name="the decrypted path secret should be ffde2644dff9f1501e0fb1c7ab288d4baf6e4b0ff65dabb139d24b57e5418bb208618d4a1cb1866fde44e098c37ad99d9859bcf0786876b1b8eacc0f40f7a490" classname="com.github.traderjoe95.mls.protocol.tree.TreeKem" time="0.001"/>
  <testcase name="a new update path generated by the sender should be successfully processed" classname="com.github.traderjoe95.mls.protocol.tree.TreeKem" time="0.002"/>
  <testcase name="the update path should be parent-hash valid" classname="com.github.traderjoe95.mls.protocol.tree.TreeKem" time="0.0"/>
  <testcase name="the tree hash after merging the update path should be a0282744b5c34824e50a2b040910ec4efbc6e217dd8fba193518d4e34123d7c2da05d2eaf61d853cf5dfed6041a9f512699bebf6429ddde3a48a6601502127e1" classname="com.github.traderjoe95.mls.protocol.tree.TreeKem" time="0.0"/>
  <testcase name="the decrypted path secret should be 8029bfff4b680a50aaab61cd23562a5e7a964a5846f8cac6a4d15483beecf73a6e15d865db41e11506d13279f19c9aaafdfb3344c33ec21e0b393a5ef4971f03" classname="com.github.traderjoe95.mls.protocol.tree.TreeKem" time="0.001"/>
  <testcase name="a new update path generated by the sender should be successfully processed" classname="com.github.traderjoe95.mls.protocol.tree.TreeKem" time="0.001"/>
  <testcase name="the update path should be parent-hash valid" classname="com.github.traderjoe95.mls.protocol.tree.TreeKem" time="0.0"/>
  <testcase name="the tree hash after merging the update path should be a0282744b5c34824e50a2b040910ec4efbc6e217dd8fba193518d4e34123d7c2da05d2eaf61d853cf5dfed6041a9f512699bebf6429ddde3a48a6601502127e1" classname="com.github.traderjoe95.mls.protocol.tree.TreeKem" time="0.0"/>
  <testcase name="the decrypted path secret should be 8029bfff4b680a50aaab61cd23562a5e7a964a5846f8cac6a4d15483beecf73a6e15d865db41e11506d13279f19c9aaafdfb3344c33ec21e0b393a5ef4971f03" classname="com.github.traderjoe95.mls.protocol.tree.TreeKem" time="0.001"/>
  <testcase name="a new update path generated by the sender should be successfully processed" classname="com.github.traderjoe95.mls.protocol.tree.TreeKem" time="0.001"/>
  <testcase name="the update path should be parent-hash valid" classname="com.github.traderjoe95.mls.protocol.tree.TreeKem" time="0.0"/>
  <testcase name="the tree hash after merging the update path should be a0282744b5c34824e50a2b040910ec4efbc6e217dd8fba193518d4e34123d7c2da05d2eaf61d853cf5dfed6041a9f512699bebf6429ddde3a48a6601502127e1" classname="com.github.traderjoe95.mls.protocol.tree.TreeKem" time="0.0"/>
  <testcase name="the decrypted path secret should be bbf9e25f45683e8dc0e79c0d7beb348711e5babf2a15115a973272713b943ed9633121ca70a91e9bfff94b0840cdcd99c3abc1b7d3741c11f0854f3be18c1358" classname="com.github.traderjoe95.mls.protocol.tree.TreeKem" time="0.001"/>
  <testcase name="a new update path generated by the sender should be successfully processed" classname="com.github.traderjoe95.mls.protocol.tree.TreeKem" time="0.001"/>
  <testcase name="non-blank leaf 0 should be consistent with the public state" classname="com.github.traderjoe95.mls.protocol.tree.TreeKem" time="0.001"/>
  <testcase name="non-blank leaf 1 should be consistent with the public state" classname="com.github.traderjoe95.mls.protocol.tree.TreeKem" time="0.001"/>
  <testcase name="non-blank leaf 2 should be consistent with the public state" classname="com.github.traderjoe95.mls.protocol.tree.TreeKem" time="0.001"/>
  <testcase name="non-blank leaf 3 should be consistent with the public state" classname="com.github.traderjoe95.mls.protocol.tree.TreeKem" time="0.001"/>
  <testcase name="non-blank leaf 4 should be consistent with the public state" classname="com.github.traderjoe95.mls.protocol.tree.TreeKem" time="0.001"/>
  <testcase name="non-blank leaf 5 should be consistent with the public state" classname="com.github.traderjoe95.mls.protocol.tree.TreeKem" time="0.0"/>
  <testcase name="non-blank leaf 6 should be consistent with the public state" classname="com.github.traderjoe95.mls.protocol.tree.TreeKem" time="0.001"/>
  <testcase name="the update path should be parent-hash valid" classname="com.github.traderjoe95.mls.protocol.tree.TreeKem" time="0.0"/>
  <testcase name="the tree hash after merging the update path should be a3f6c4647b711d8bcc214e752fef533b2615c5118db125ebe7b0b0c045c3d7d6088a73a0b1d7b794923bc87d645e86caee645147e53ae0a3cabdd0289f11c230" classname="com.github.traderjoe95.mls.protocol.tree.TreeKem" time="0.001"/>
  <testcase name="the decrypted path secret should be 70e085f5afb183190bb10b67e22bff9c3b9231b9ed4b581308ca670bcd5c4676573432be6fdfbbded862a4636e0a6833af35cf72d0db74789295655dcdf1f5b8" classname="com.github.traderjoe95.mls.protocol.tree.TreeKem" time="0.001"/>
  <testcase name="a new update path generated by the sender should be successfully processed" classname="com.github.traderjoe95.mls.protocol.tree.TreeKem" time="0.001"/>
  <testcase name="the update path should be parent-hash valid" classname="com.github.traderjoe95.mls.protocol.tree.TreeKem" time="0.0"/>
  <testcase name="the tree hash after merging the update path should be a3f6c4647b711d8bcc214e752fef533b2615c5118db125ebe7b0b0c045c3d7d6088a73a0b1d7b794923bc87d645e86caee645147e53ae0a3cabdd0289f11c230" classname="com.github.traderjoe95.mls.protocol.tree.TreeKem" time="0.001"/>
  <testcase name="the decrypted path secret should be 8f0d304839d7f20bf1c049b9d644a5a32e6588ca818488ca196ab304e7137bdc934d858dcca1f17b1b59fc23c84c324ebc6511f4e4a2042746da8ab9f30a6f87" classname="com.github.traderjoe95.mls.protocol.tree.TreeKem" time="0.001"/>
  <testcase name="a new update path generated by the sender should be successfully processed" classname="com.github.traderjoe95.mls.protocol.tree.TreeKem" time="0.001"/>
  <testcase name="the update path should be parent-hash valid" classname="com.github.traderjoe95.mls.protocol.tree.TreeKem" time="0.0"/>
  <testcase name="the tree hash after merging the update path should be a3f6c4647b711d8bcc214e752fef533b2615c5118db125ebe7b0b0c045c3d7d6088a73a0b1d7b794923bc87d645e86caee645147e53ae0a3cabdd0289f11c230" classname="com.github.traderjoe95.mls.protocol.tree.TreeKem" time="0.0"/>
  <testcase name="the decrypted path secret should be 8f0d304839d7f20bf1c049b9d644a5a32e6588ca818488ca196ab304e7137bdc934d858dcca1f17b1b59fc23c84c324ebc6511f4e4a2042746da8ab9f30a6f87" classname="com.github.traderjoe95.mls.protocol.tree.TreeKem" time="0.001"/>
  <testcase name="a new update path generated by the sender should be successfully processed" classname="com.github.traderjoe95.mls.protocol.tree.TreeKem" time="0.001"/>
  <testcase name="the update path should be parent-hash valid" classname="com.github.traderjoe95.mls.protocol.tree.TreeKem" time="0.001"/>
  <testcase name="the tree hash after merging the update path should be a3f6c4647b711d8bcc214e752fef533b2615c5118db125ebe7b0b0c045c3d7d6088a73a0b1d7b794923bc87d645e86caee645147e53ae0a3cabdd0289f11c230" classname="com.github.traderjoe95.mls.protocol.tree.TreeKem" time="0.0"/>
  <testcase name="the decrypted path secret should be 43f29906b098d4e1f2ce369f37dc4aba9e70929228d2a35867b1df84e4bc1e4287922ec3b517e29538bd9b5ec83a0fd08b670654a6f35a1d1747c9cd96d1f6c3" classname="com.github.traderjoe95.mls.protocol.tree.TreeKem" time="0.001"/>
  <testcase name="a new update path generated by the sender should be successfully processed" classname="com.github.traderjoe95.mls.protocol.tree.TreeKem" time="0.001"/>
  <testcase name="the update path should be parent-hash valid" classname="com.github.traderjoe95.mls.protocol.tree.TreeKem" time="0.0"/>
  <testcase name="the tree hash after merging the update path should be a3f6c4647b711d8bcc214e752fef533b2615c5118db125ebe7b0b0c045c3d7d6088a73a0b1d7b794923bc87d645e86caee645147e53ae0a3cabdd0289f11c230" classname="com.github.traderjoe95.mls.protocol.tree.TreeKem" time="0.0"/>
  <testcase name="the decrypted path secret should be 43f29906b098d4e1f2ce369f37dc4aba9e70929228d2a35867b1df84e4bc1e4287922ec3b517e29538bd9b5ec83a0fd08b670654a6f35a1d1747c9cd96d1f6c3" classname="com.github.traderjoe95.mls.protocol.tree.TreeKem" time="0.001"/>
  <testcase name="a new update path generated by the sender should be successfully processed" classname="com.github.traderjoe95.mls.protocol.tree.TreeKem" time="0.001"/>
  <testcase name="the update path should be parent-hash valid" classname="com.github.traderjoe95.mls.protocol.tree.TreeKem" time="0.0"/>
  <testcase name="the tree hash after merging the update path should be a3f6c4647b711d8bcc214e752fef533b2615c5118db125ebe7b0b0c045c3d7d6088a73a0b1d7b794923bc87d645e86caee645147e53ae0a3cabdd0289f11c230" classname="com.github.traderjoe95.mls.protocol.tree.TreeKem" time="0.0"/>
  <testcase name="the decrypted path secret should be 43f29906b098d4e1f2ce369f37dc4aba9e70929228d2a35867b1df84e4bc1e4287922ec3b517e29538bd9b5ec83a0fd08b670654a6f35a1d1747c9cd96d1f6c3" classname="com.github.traderjoe95.mls.protocol.tree.TreeKem" time="0.0"/>
  <testcase name="a new update path generated by the sender should be successfully processed" classname="com.github.traderjoe95.mls.protocol.tree.TreeKem" time="0.001"/>
  <testcase name="the update path should be parent-hash valid" classname="com.github.traderjoe95.mls.protocol.tree.TreeKem" time="0.0"/>
  <testcase name="the tree hash after merging the update path should be 8246cad131978e39264c15feca5c9f473c271cd338c864268c64f9dd785f5efbef45ac767a9f5b61e6eba6898e3e0a6f774736c8a0db9f021bf30c270971df08" classname="com.github.traderjoe95.mls.protocol.tree.TreeKem" time="0.001"/>
  <testcase name="the decrypted path secret should be 6519b19afd2d2d3b87d112df94fd472b22fc6f8db16d903430667916ae171e8dd03edac2459c64ece2c1600dd0e4b7c5c97e321f82c7a5e870acd6a593481860" classname="com.github.traderjoe95.mls.protocol.tree.TreeKem" time="0.001"/>
  <testcase name="a new update path generated by the sender should be successfully processed" classname="com.github.traderjoe95.mls.protocol.tree.TreeKem" time="0.001"/>
  <testcase name="the update path should be parent-hash valid" classname="com.github.traderjoe95.mls.protocol.tree.TreeKem" time="0.0"/>
  <testcase name="the tree hash after merging the update path should be 8246cad131978e39264c15feca5c9f473c271cd338c864268c64f9dd785f5efbef45ac767a9f5b61e6eba6898e3e0a6f774736c8a0db9f021bf30c270971df08" classname="com.github.traderjoe95.mls.protocol.tree.TreeKem" time="0.0"/>
  <testcase name="the decrypted path secret should be f06a6a7c8ef81d9f555e8f5a49e7e696d1bb036091f7cd3d16a7021ff7166e341fba63643d064ad94d2bc574896f45e22b0feaacbd296ff298cec7c9a0977ad2" classname="com.github.traderjoe95.mls.protocol.tree.TreeKem" time="0.001"/>
  <testcase name="a new update path generated by the sender should be successfully processed" classname="com.github.traderjoe95.mls.protocol.tree.TreeKem" time="0.001"/>
  <testcase name="the update path should be parent-hash valid" classname="com.github.traderjoe95.mls.protocol.tree.TreeKem" time="0.001"/>
  <testcase name="the tree hash after merging the update path should be 8246cad131978e39264c15feca5c9f473c271cd338c864268c64f9dd785f5efbef45ac767a9f5b61e6eba6898e3e0a6f774736c8a0db9f021bf30c270971df08" classname="com.github.traderjoe95.mls.protocol.tree.TreeKem" time="0.001"/>
  <testcase name="the decrypted path secret should be f06a6a7c8ef81d9f555e8f5a49e7e696d1bb036091f7cd3d16a7021ff7166e341fba63643d064ad94d2bc574896f45e22b0feaacbd296ff298cec7c9a0977ad2" classname="com.github.traderjoe95.mls.protocol.tree.TreeKem" time="0.001"/>
  <testcase name="a new update path generated by the sender should be successfully processed" classname="com.github.traderjoe95.mls.protocol.tree.TreeKem" time="0.001"/>
  <testcase name="the update path should be parent-hash valid" classname="com.github.traderjoe95.mls.protocol.tree.TreeKem" time="0.0"/>
  <testcase name="the tree hash after merging the update path should be 8246cad131978e39264c15feca5c9f473c271cd338c864268c64f9dd785f5efbef45ac767a9f5b61e6eba6898e3e0a6f774736c8a0db9f021bf30c270971df08" classname="com.github.traderjoe95.mls.protocol.tree.TreeKem" time="0.001"/>
  <testcase name="the decrypted path secret should be c5a576b271bcc0d455a85602ddb33231fc82f9ad368b9f571d99d26cb3fd1fff2a33052cb1b0da6f0fd06b05a71ed4f721fe4101859fad3b0aef5743868d1c06" classname="com.github.traderjoe95.mls.protocol.tree.TreeKem" time="0.001"/>
  <testcase name="a new update path generated by the sender should be successfully processed" classname="com.github.traderjoe95.mls.protocol.tree.TreeKem" time="0.001"/>
  <testcase name="the update path should be parent-hash valid" classname="com.github.traderjoe95.mls.protocol.tree.TreeKem" time="0.001"/>
  <testcase name="the tree hash after merging the update path should be 8246cad131978e39264c15feca5c9f473c271cd338c864268c64f9dd785f5efbef45ac767a9f5b61e6eba6898e3e0a6f774736c8a0db9f021bf30c270971df08" classname="com.github.traderjoe95.mls.protocol.tree.TreeKem" time="0.0"/>
  <testcase name="the decrypted path secret should be c5a576b271bcc0d455a85602ddb33231fc82f9ad368b9f571d99d26cb3fd1fff2a33052cb1b0da6f0fd06b05a71ed4f721fe4101859fad3b0aef5743868d1c06" classname="com.github.traderjoe95.mls.protocol.tree.TreeKem" time="0.001"/>
  <testcase name="a new update path generated by the sender should be successfully processed" classname="com.github.traderjoe95.mls.protocol.tree.TreeKem" time="0.001"/>
  <testcase name="the update path should be parent-hash valid" classname="com.github.traderjoe95.mls.protocol.tree.TreeKem" time="0.0"/>
  <testcase name="the tree hash after merging the update path should be 8246cad131978e39264c15feca5c9f473c271cd338c864268c64f9dd785f5efbef45ac767a9f5b61e6eba6898e3e0a6f774736c8a0db9f021bf30c270971df08" classname="com.github.traderjoe95.mls.protocol.tree.TreeKem" time="0.001"/>
  <testcase name="the decrypted path secret should be c5a576b271bcc0d455a85602ddb33231fc82f9ad368b9f571d99d26cb3fd1fff2a33052cb1b0da6f0fd06b05a71ed4f721fe4101859fad3b0aef5743868d1c06" classname="com.github.traderjoe95.mls.protocol.tree.TreeKem" time="0.001"/>
  <testcase name="a new update path generated by the sender should be successfully processed" classname="com.github.traderjoe95.mls.protocol.tree.TreeKem" time="0.002"/>
  <testcase name="the update path should be parent-hash valid" classname="com.github.traderjoe95.mls.protocol.tree.TreeKem" time="0.0"/>
  <testcase name="the tree hash after merging the update path should be 07cc088707a04e09634caa1dcb0ba5a3efed301af00ea450fef99ee834f36ec37f0d93905e2af6e3a758572c958ba2d2882851a439707c660dcb70e8ab7a95dc" classname="com.github.traderjoe95.mls.protocol.tree.TreeKem" time="0.0"/>
  <testcase name="the decrypted path secret should be 657d4bf61d6b51e27e8be991b0250d31b9451af0ce67487b4ec22724461475d033f8eb278071a4582801bccf6aadc59e6e68f238f053698abb822a326374d763" classname="com.github.traderjoe95.mls.protocol.tree.TreeKem" time="0.0"/>
  <testcase name="a new update path generated by the sender should be successfully processed" classname="com.github.traderjoe95.mls.protocol.tree.TreeKem" time="0.001"/>
  <testcase name="the update path should be parent-hash valid" classname="com.github.traderjoe95.mls.protocol.tree.TreeKem" time="0.0"/>
  <testcase name="the tree hash after merging the update path should be 07cc088707a04e09634caa1dcb0ba5a3efed301af00ea450fef99ee834f36ec37f0d93905e2af6e3a758572c958ba2d2882851a439707c660dcb70e8ab7a95dc" classname="com.github.traderjoe95.mls.protocol.tree.TreeKem" time="0.001"/>
  <testcase name="the decrypted path secret should be 657d4bf61d6b51e27e8be991b0250d31b9451af0ce67487b4ec22724461475d033f8eb278071a4582801bccf6aadc59e6e68f238f053698abb822a326374d763" classname="com.github.traderjoe95.mls.protocol.tree.TreeKem" time="0.001"/>
  <testcase name="a new update path generated by the sender should be successfully processed" classname="com.github.traderjoe95.mls.protocol.tree.TreeKem" time="0.001"/>
  <testcase name="the update path should be parent-hash valid" classname="com.github.traderjoe95.mls.protocol.tree.TreeKem" time="0.0"/>
  <testcase name="the tree hash after merging the update path should be 07cc088707a04e09634caa1dcb0ba5a3efed301af00ea450fef99ee834f36ec37f0d93905e2af6e3a758572c958ba2d2882851a439707c660dcb70e8ab7a95dc" classname="com.github.traderjoe95.mls.protocol.tree.TreeKem" time="0.001"/>
  <testcase name="the decrypted path secret should be eae6a3fa8a5780ac0355164428e191c4ae5a501b85364702933bd3dcbaadb666cd21cf6b429ec880715a5bcd7352ae7c4153a73f73cc4b1f9fb43e989e1e2935" classname="com.github.traderjoe95.mls.protocol.tree.TreeKem" time="0.001"/>
  <testcase name="a new update path generated by the sender should be successfully processed" classname="com.github.traderjoe95.mls.protocol.tree.TreeKem" time="0.001"/>
  <testcase name="the update path should be parent-hash valid" classname="com.github.traderjoe95.mls.protocol.tree.TreeKem" time="0.001"/>
  <testcase name="the tree hash after merging the update path should be 07cc088707a04e09634caa1dcb0ba5a3efed301af00ea450fef99ee834f36ec37f0d93905e2af6e3a758572c958ba2d2882851a439707c660dcb70e8ab7a95dc" classname="com.github.traderjoe95.mls.protocol.tree.TreeKem" time="0.001"/>
  <testcase name="the decrypted path secret should be 676657a9dd13f226e3ea5ea5b56dc31721e197413e4a41fe1f76a93e2a21ac3ec7d0d1fbb0eaea6bb0ddeb017d6509528cb016623b1bdfa03d40e55a203e0b65" classname="com.github.traderjoe95.mls.protocol.tree.TreeKem" time="0.001"/>
  <testcase name="a new update path generated by the sender should be successfully processed" classname="com.github.traderjoe95.mls.protocol.tree.TreeKem" time="0.001"/>
  <testcase name="the update path should be parent-hash valid" classname="com.github.traderjoe95.mls.protocol.tree.TreeKem" time="0.0"/>
  <testcase name="the tree hash after merging the update path should be 07cc088707a04e09634caa1dcb0ba5a3efed301af00ea450fef99ee834f36ec37f0d93905e2af6e3a758572c958ba2d2882851a439707c660dcb70e8ab7a95dc" classname="com.github.traderjoe95.mls.protocol.tree.TreeKem" time="0.0"/>
  <testcase name="the decrypted path secret should be 676657a9dd13f226e3ea5ea5b56dc31721e197413e4a41fe1f76a93e2a21ac3ec7d0d1fbb0eaea6bb0ddeb017d6509528cb016623b1bdfa03d40e55a203e0b65" classname="com.github.traderjoe95.mls.protocol.tree.TreeKem" time="0.0"/>
  <testcase name="a new update path generated by the sender should be successfully processed" classname="com.github.traderjoe95.mls.protocol.tree.TreeKem" time="0.001"/>
  <testcase name="the update path should be parent-hash valid" classname="com.github.traderjoe95.mls.protocol.tree.TreeKem" time="0.0"/>
  <testcase name="the tree hash after merging the update path should be 07cc088707a04e09634caa1dcb0ba5a3efed301af00ea450fef99ee834f36ec37f0d93905e2af6e3a758572c958ba2d2882851a439707c660dcb70e8ab7a95dc" classname="com.github.traderjoe95.mls.protocol.tree.TreeKem" time="0.0"/>
  <testcase name="the decrypted path secret should be 676657a9dd13f226e3ea5ea5b56dc31721e197413e4a41fe1f76a93e2a21ac3ec7d0d1fbb0eaea6bb0ddeb017d6509528cb016623b1bdfa03d40e55a203e0b65" classname="com.github.traderjoe95.mls.protocol.tree.TreeKem" time="0.001"/>
  <testcase name="a new update path generated by the sender should be successfully processed" classname="com.github.traderjoe95.mls.protocol.tree.TreeKem" time="0.001"/>
  <testcase name="the update path should be parent-hash valid" classname="com.github.traderjoe95.mls.protocol.tree.TreeKem" time="0.001"/>
  <testcase name="the tree hash after merging the update path should be 4a13943087948ca48b15a147fc585a1b31d44bb01bf5311dae8e6cd169ea36dd8afcdba6dd558a4cb52efa970ca50976d197b1a56a82d590da30d3604ff5bc2e" classname="com.github.traderjoe95.mls.protocol.tree.TreeKem" time="0.0"/>
  <testcase name="the decrypted path secret should be bbf4f7fe3a73efded6a87f896a3f8eb6322ba592a725ee3298b6d197884cea1ee62eba24fc1c25e8462a2c33242941d294e1b20bc33513d197a65c38beb60656" classname="com.github.traderjoe95.mls.protocol.tree.TreeKem" time="0.001"/>
  <testcase name="a new update path generated by the sender should be successfully processed" classname="com.github.traderjoe95.mls.protocol.tree.TreeKem" time="0.001"/>
  <testcase name="the update path should be parent-hash valid" classname="com.github.traderjoe95.mls.protocol.tree.TreeKem" time="0.001"/>
  <testcase name="the tree hash after merging the update path should be 4a13943087948ca48b15a147fc585a1b31d44bb01bf5311dae8e6cd169ea36dd8afcdba6dd558a4cb52efa970ca50976d197b1a56a82d590da30d3604ff5bc2e" classname="com.github.traderjoe95.mls.protocol.tree.TreeKem" time="0.0"/>
  <testcase name="the decrypted path secret should be bbf4f7fe3a73efded6a87f896a3f8eb6322ba592a725ee3298b6d197884cea1ee62eba24fc1c25e8462a2c33242941d294e1b20bc33513d197a65c38beb60656" classname="com.github.traderjoe95.mls.protocol.tree.TreeKem" time="0.001"/>
  <testcase name="a new update path generated by the sender should be successfully processed" classname="com.github.traderjoe95.mls.protocol.tree.TreeKem" time="0.002"/>
  <testcase name="the update path should be parent-hash valid" classname="com.github.traderjoe95.mls.protocol.tree.TreeKem" time="0.0"/>
  <testcase name="the tree hash after merging the update path should be 4a13943087948ca48b15a147fc585a1b31d44bb01bf5311dae8e6cd169ea36dd8afcdba6dd558a4cb52efa970ca50976d197b1a56a82d590da30d3604ff5bc2e" classname="com.github.traderjoe95.mls.protocol.tree.TreeKem" time="0.0"/>
  <testcase name="the decrypted path secret should be e81be0fe4ccad148b77fcf892ffb2b566723ba19c399455dca1fb981d2f3e86e889a6c00d06aa6646c0bb2a36a117a3e889718371a35df71fb4a87713d88611d" classname="com.github.traderjoe95.mls.protocol.tree.TreeKem" time="0.001"/>
  <testcase name="a new update path generated by the sender should be successfully processed" classname="com.github.traderjoe95.mls.protocol.tree.TreeKem" time="0.001"/>
  <testcase name="the update path should be parent-hash valid" classname="com.github.traderjoe95.mls.protocol.tree.TreeKem" time="0.0"/>
  <testcase name="the tree hash after merging the update path should be 4a13943087948ca48b15a147fc585a1b31d44bb01bf5311dae8e6cd169ea36dd8afcdba6dd558a4cb52efa970ca50976d197b1a56a82d590da30d3604ff5bc2e" classname="com.github.traderjoe95.mls.protocol.tree.TreeKem" time="0.0"/>
  <testcase name="the decrypted path secret should be da501dd231ad8f8364e0ab580a1d78afdaf3fc60df14acfb35c3506028209f55dddebd9ebbb55497fd6fbd2ab2829c1a3fd3357058d30ff59f4eeb82429fb269" classname="com.github.traderjoe95.mls.protocol.tree.TreeKem" time="0.001"/>
  <testcase name="a new update path generated by the sender should be successfully processed" classname="com.github.traderjoe95.mls.protocol.tree.TreeKem" time="0.001"/>
  <testcase name="the update path should be parent-hash valid" classname="com.github.traderjoe95.mls.protocol.tree.TreeKem" time="0.0"/>
  <testcase name="the tree hash after merging the update path should be 4a13943087948ca48b15a147fc585a1b31d44bb01bf5311dae8e6cd169ea36dd8afcdba6dd558a4cb52efa970ca50976d197b1a56a82d590da30d3604ff5bc2e" classname="com.github.traderjoe95.mls.protocol.tree.TreeKem" time="0.0"/>
  <testcase name="the decrypted path secret should be da501dd231ad8f8364e0ab580a1d78afdaf3fc60df14acfb35c3506028209f55dddebd9ebbb55497fd6fbd2ab2829c1a3fd3357058d30ff59f4eeb82429fb269" classname="com.github.traderjoe95.mls.protocol.tree.TreeKem" time="0.0"/>
  <testcase name="a new update path generated by the sender should be successfully processed" classname="com.github.traderjoe95.mls.protocol.tree.TreeKem" time="0.001"/>
  <testcase name="the update path should be parent-hash valid" classname="com.github.traderjoe95.mls.protocol.tree.TreeKem" time="0.001"/>
  <testcase name="the tree hash after merging the update path should be 4a13943087948ca48b15a147fc585a1b31d44bb01bf5311dae8e6cd169ea36dd8afcdba6dd558a4cb52efa970ca50976d197b1a56a82d590da30d3604ff5bc2e" classname="com.github.traderjoe95.mls.protocol.tree.TreeKem" time="0.001"/>
  <testcase name="the decrypted path secret should be da501dd231ad8f8364e0ab580a1d78afdaf3fc60df14acfb35c3506028209f55dddebd9ebbb55497fd6fbd2ab2829c1a3fd3357058d30ff59f4eeb82429fb269" classname="com.github.traderjoe95.mls.protocol.tree.TreeKem" time="0.001"/>
  <testcase name="a new update path generated by the sender should be successfully processed" classname="com.github.traderjoe95.mls.protocol.tree.TreeKem" time="0.001"/>
  <testcase name="the update path should be parent-hash valid" classname="com.github.traderjoe95.mls.protocol.tree.TreeKem" time="0.0"/>
  <testcase name="the tree hash after merging the update path should be 6533fc944c2a791603f0702d185bc92093514b6d8161e7e0c76198a969711010f0fc4d4abec34b335e0702c3a2265508f6243b985bf6a8c86e1f5c7022162a6d" classname="com.github.traderjoe95.mls.protocol.tree.TreeKem" time="0.0"/>
  <testcase name="the decrypted path secret should be 9d607812c157858c66d454c0891ed3521ca2b229d0cf26a3ad111ec2eef5643b8452d8348cfacfd5317e4b0a2574a83c85397da052bbeb37244dd3d90ba76085" classname="com.github.traderjoe95.mls.protocol.tree.TreeKem" time="0.001"/>
  <testcase name="a new update path generated by the sender should be successfully processed" classname="com.github.traderjoe95.mls.protocol.tree.TreeKem" time="0.001"/>
  <testcase name="the update path should be parent-hash valid" classname="com.github.traderjoe95.mls.protocol.tree.TreeKem" time="0.001"/>
  <testcase name="the tree hash after merging the update path should be 6533fc944c2a791603f0702d185bc92093514b6d8161e7e0c76198a969711010f0fc4d4abec34b335e0702c3a2265508f6243b985bf6a8c86e1f5c7022162a6d" classname="com.github.traderjoe95.mls.protocol.tree.TreeKem" time="0.001"/>
  <testcase name="the decrypted path secret should be 9d607812c157858c66d454c0891ed3521ca2b229d0cf26a3ad111ec2eef5643b8452d8348cfacfd5317e4b0a2574a83c85397da052bbeb37244dd3d90ba76085" classname="com.github.traderjoe95.mls.protocol.tree.TreeKem" time="0.001"/>
  <testcase name="a new update path generated by the sender should be successfully processed" classname="com.github.traderjoe95.mls.protocol.tree.TreeKem" time="0.001"/>
  <testcase name="the update path should be parent-hash valid" classname="com.github.traderjoe95.mls.protocol.tree.TreeKem" time="0.0"/>
  <testcase name="the tree hash after merging the update path should be 6533fc944c2a791603f0702d185bc92093514b6d8161e7e0c76198a969711010f0fc4d4abec34b335e0702c3a2265508f6243b985bf6a8c86e1f5c7022162a6d" classname="com.github.traderjoe95.mls.protocol.tree.TreeKem" time="0.0"/>
  <testcase name="the decrypted path secret should be 9d607812c157858c66d454c0891ed3521ca2b229d0cf26a3ad111ec2eef5643b8452d8348cfacfd5317e4b0a2574a83c85397da052bbeb37244dd3d90ba76085" classname="com.github.traderjoe95.mls.protocol.tree.TreeKem" time="0.002"/>
  <testcase name="a new update path generated by the sender should be successfully processed" classname="com.github.traderjoe95.mls.protocol.tree.TreeKem" time="0.001"/>
  <testcase name="the update path should be parent-hash valid" classname="com.github.traderjoe95.mls.protocol.tree.TreeKem" time="0.0"/>
  <testcase name="the tree hash after merging the update path should be 6533fc944c2a791603f0702d185bc92093514b6d8161e7e0c76198a969711010f0fc4d4abec34b335e0702c3a2265508f6243b985bf6a8c86e1f5c7022162a6d" classname="com.github.traderjoe95.mls.protocol.tree.TreeKem" time="0.001"/>
  <testcase name="the decrypted path secret should be 9d607812c157858c66d454c0891ed3521ca2b229d0cf26a3ad111ec2eef5643b8452d8348cfacfd5317e4b0a2574a83c85397da052bbeb37244dd3d90ba76085" classname="com.github.traderjoe95.mls.protocol.tree.TreeKem" time="0.001"/>
  <testcase name="a new update path generated by the sender should be successfully processed" classname="com.github.traderjoe95.mls.protocol.tree.TreeKem" time="0.001"/>
  <testcase name="the update path should be parent-hash valid" classname="com.github.traderjoe95.mls.protocol.tree.TreeKem" time="0.0"/>
  <testcase name="the tree hash after merging the update path should be 6533fc944c2a791603f0702d185bc92093514b6d8161e7e0c76198a969711010f0fc4d4abec34b335e0702c3a2265508f6243b985bf6a8c86e1f5c7022162a6d" classname="com.github.traderjoe95.mls.protocol.tree.TreeKem" time="0.0"/>
  <testcase name="the decrypted path secret should be 296982ac62e6e3e34f98e38a41af2952bec1d9b79fa115b42a7dec34785868f25181e8d9c1e0d69d67835b1b1812284cd468b7e8bf5d4f96a9f9ececd9bd37e0" classname="com.github.traderjoe95.mls.protocol.tree.TreeKem" time="0.001"/>
  <testcase name="a new update path generated by the sender should be successfully processed" classname="com.github.traderjoe95.mls.protocol.tree.TreeKem" time="0.002"/>
  <testcase name="the update path should be parent-hash valid" classname="com.github.traderjoe95.mls.protocol.tree.TreeKem" time="0.0"/>
  <testcase name="the tree hash after merging the update path should be 6533fc944c2a791603f0702d185bc92093514b6d8161e7e0c76198a969711010f0fc4d4abec34b335e0702c3a2265508f6243b985bf6a8c86e1f5c7022162a6d" classname="com.github.traderjoe95.mls.protocol.tree.TreeKem" time="0.001"/>
  <testcase name="the decrypted path secret should be 5e8ec689783a2694f50c1e25f399a6b97d7160dd63cd1c9deb6fe6ba1e100588936e409b22a86d103af9590083cd9398c4c2299d4208ad6050ff7d34550681e2" classname="com.github.traderjoe95.mls.protocol.tree.TreeKem" time="0.001"/>
  <testcase name="a new update path generated by the sender should be successfully processed" classname="com.github.traderjoe95.mls.protocol.tree.TreeKem" time="0.001"/>
  <testcase name="the update path should be parent-hash valid" classname="com.github.traderjoe95.mls.protocol.tree.TreeKem" time="0.0"/>
  <testcase name="the tree hash after merging the update path should be ad69449bb6e581eac2c2ddb40bc9d2a65f8a34c366c08b7afe40f7974cb46a9da642b84a5270aade633f539bb939bc6f179a8105475182a920bf8e2441e84a2b" classname="com.github.traderjoe95.mls.protocol.tree.TreeKem" time="0.0"/>
  <testcase name="the decrypted path secret should be dc955b03f9a6de9340e8504a9d728d864287f5535e909f13aa11fac1da5d18683e26b53e4b99461de362384b17364ba602642c7f613165fa52a2d60a041c3d98" classname="com.github.traderjoe95.mls.protocol.tree.TreeKem" time="0.0"/>
  <testcase name="a new update path generated by the sender should be successfully processed" classname="com.github.traderjoe95.mls.protocol.tree.TreeKem" time="0.001"/>
  <testcase name="the update path should be parent-hash valid" classname="com.github.traderjoe95.mls.protocol.tree.TreeKem" time="0.0"/>
  <testcase name="the tree hash after merging the update path should be ad69449bb6e581eac2c2ddb40bc9d2a65f8a34c366c08b7afe40f7974cb46a9da642b84a5270aade633f539bb939bc6f179a8105475182a920bf8e2441e84a2b" classname="com.github.traderjoe95.mls.protocol.tree.TreeKem" time="0.0"/>
  <testcase name="the decrypted path secret should be dc955b03f9a6de9340e8504a9d728d864287f5535e909f13aa11fac1da5d18683e26b53e4b99461de362384b17364ba602642c7f613165fa52a2d60a041c3d98" classname="com.github.traderjoe95.mls.protocol.tree.TreeKem" time="0.001"/>
  <testcase name="a new update path generated by the sender should be successfully processed" classname="com.github.traderjoe95.mls.protocol.tree.TreeKem" time="0.001"/>
  <testcase name="the update path should be parent-hash valid" classname="com.github.traderjoe95.mls.protocol.tree.TreeKem" time="0.0"/>
  <testcase name="the tree hash after merging the update path should be ad69449bb6e581eac2c2ddb40bc9d2a65f8a34c366c08b7afe40f7974cb46a9da642b84a5270aade633f539bb939bc6f179a8105475182a920bf8e2441e84a2b" classname="com.github.traderjoe95.mls.protocol.tree.TreeKem" time="0.001"/>
  <testcase name="the decrypted path secret should be dc955b03f9a6de9340e8504a9d728d864287f5535e909f13aa11fac1da5d18683e26b53e4b99461de362384b17364ba602642c7f613165fa52a2d60a041c3d98" classname="com.github.traderjoe95.mls.protocol.tree.TreeKem" time="0.001"/>
  <testcase name="a new update path generated by the sender should be successfully processed" classname="com.github.traderjoe95.mls.protocol.tree.TreeKem" time="0.001"/>
  <testcase name="the update path should be parent-hash valid" classname="com.github.traderjoe95.mls.protocol.tree.TreeKem" time="0.001"/>
  <testcase name="the tree hash after merging the update path should be ad69449bb6e581eac2c2ddb40bc9d2a65f8a34c366c08b7afe40f7974cb46a9da642b84a5270aade633f539bb939bc6f179a8105475182a920bf8e2441e84a2b" classname="com.github.traderjoe95.mls.protocol.tree.TreeKem" time="0.0"/>
  <testcase name="the decrypted path secret should be dc955b03f9a6de9340e8504a9d728d864287f5535e909f13aa11fac1da5d18683e26b53e4b99461de362384b17364ba602642c7f613165fa52a2d60a041c3d98" classname="com.github.traderjoe95.mls.protocol.tree.TreeKem" time="0.001"/>
  <testcase name="a new update path generated by the sender should be successfully processed" classname="com.github.traderjoe95.mls.protocol.tree.TreeKem" time="0.001"/>
  <testcase name="the update path should be parent-hash valid" classname="com.github.traderjoe95.mls.protocol.tree.TreeKem" time="0.0"/>
  <testcase name="the tree hash after merging the update path should be ad69449bb6e581eac2c2ddb40bc9d2a65f8a34c366c08b7afe40f7974cb46a9da642b84a5270aade633f539bb939bc6f179a8105475182a920bf8e2441e84a2b" classname="com.github.traderjoe95.mls.protocol.tree.TreeKem" time="0.001"/>
  <testcase name="the decrypted path secret should be 89fc7eaabbb284d8f4730d4898b5015880cafcfcdd8cf2cd2bf8d8f80ee3f94ae51b9c21dc2389de34bfa21ba83775fbbc9434751fa4ce5d1b47bb46c57ff83d" classname="com.github.traderjoe95.mls.protocol.tree.TreeKem" time="0.0"/>
  <testcase name="a new update path generated by the sender should be successfully processed" classname="com.github.traderjoe95.mls.protocol.tree.TreeKem" time="0.001"/>
  <testcase name="the update path should be parent-hash valid" classname="com.github.traderjoe95.mls.protocol.tree.TreeKem" time="0.0"/>
  <testcase name="the tree hash after merging the update path should be ad69449bb6e581eac2c2ddb40bc9d2a65f8a34c366c08b7afe40f7974cb46a9da642b84a5270aade633f539bb939bc6f179a8105475182a920bf8e2441e84a2b" classname="com.github.traderjoe95.mls.protocol.tree.TreeKem" time="0.0"/>
  <testcase name="the decrypted path secret should be 56a62573cadf73ea216877b475a4278ec62c822876e9c8e1d2197655d50ab60710714da56bbad45dc8cea49c74e4c6b4bed52e1428b2f4c4bc424b1be0ed9bf5" classname="com.github.traderjoe95.mls.protocol.tree.TreeKem" time="0.0"/>
  <testcase name="a new update path generated by the sender should be successfully processed" classname="com.github.traderjoe95.mls.protocol.tree.TreeKem" time="0.001"/>
  <testcase name="the update path should be parent-hash valid" classname="com.github.traderjoe95.mls.protocol.tree.TreeKem" time="0.0"/>
  <testcase name="the tree hash after merging the update path should be e76f711c396c334ce62b674db79b3ae05058fccc4cfbf610edebb89413ad7ca3b6bf9eaee6299c0279ddc32ecd497cdc35f4396e45ab88585f533cb11504cca1" classname="com.github.traderjoe95.mls.protocol.tree.TreeKem" time="0.0"/>
  <testcase name="the decrypted path secret should be 978855cf1d7b8eb0cb94642a23a5bdbedf1dacafbb3f400ddf931a437f0ffb6b42e88fa8af1fe0ecf67c9db8006b30488f6d2a900a7dda89c3cef10084a4523c" classname="com.github.traderjoe95.mls.protocol.tree.TreeKem" time="0.001"/>
  <testcase name="a new update path generated by the sender should be successfully processed" classname="com.github.traderjoe95.mls.protocol.tree.TreeKem" time="0.001"/>
  <testcase name="the update path should be parent-hash valid" classname="com.github.traderjoe95.mls.protocol.tree.TreeKem" time="0.0"/>
  <testcase name="the tree hash after merging the update path should be e76f711c396c334ce62b674db79b3ae05058fccc4cfbf610edebb89413ad7ca3b6bf9eaee6299c0279ddc32ecd497cdc35f4396e45ab88585f533cb11504cca1" classname="com.github.traderjoe95.mls.protocol.tree.TreeKem" time="0.0"/>
  <testcase name="the decrypted path secret should be 978855cf1d7b8eb0cb94642a23a5bdbedf1dacafbb3f400ddf931a437f0ffb6b42e88fa8af1fe0ecf67c9db8006b30488f6d2a900a7dda89c3cef10084a4523c" classname="com.github.traderjoe95.mls.protocol.tree.TreeKem" time="0.001"/>
  <testcase name="a new update path generated by the sender should be successfully processed" classname="com.github.traderjoe95.mls.protocol.tree.TreeKem" time="0.001"/>
  <testcase name="the update path should be parent-hash valid" classname="com.github.traderjoe95.mls.protocol.tree.TreeKem" time="0.0"/>
  <testcase name="the tree hash after merging the update path should be e76f711c396c334ce62b674db79b3ae05058fccc4cfbf610edebb89413ad7ca3b6bf9eaee6299c0279ddc32ecd497cdc35f4396e45ab88585f533cb11504cca1" classname="com.github.traderjoe95.mls.protocol.tree.TreeKem" time="0.0"/>
  <testcase name="the decrypted path secret should be 978855cf1d7b8eb0cb94642a23a5bdbedf1dacafbb3f400ddf931a437f0ffb6b42e88fa8af1fe0ecf67c9db8006b30488f6d2a900a7dda89c3cef10084a4523c" classname="com.github.traderjoe95.mls.protocol.tree.TreeKem" time="0.0"/>
  <testcase name="a new update path generated by the sender should be successfully processed" classname="com.github.traderjoe95.mls.protocol.tree.TreeKem" time="0.001"/>
  <testcase name="the update path should be parent-hash valid" classname="com.github.traderjoe95.mls.protocol.tree.TreeKem" time="0.0"/>
  <testcase name="the tree hash after merging the update path should be e76f711c396c334ce62b674db79b3ae05058fccc4cfbf610edebb89413ad7ca3b6bf9eaee6299c0279ddc32ecd497cdc35f4396e45ab88585f533cb11504cca1" classname="com.github.traderjoe95.mls.protocol.tree.TreeKem" time="0.0"/>
  <testcase name="the decrypted path secret should be 978855cf1d7b8eb0cb94642a23a5bdbedf1dacafbb3f400ddf931a437f0ffb6b42e88fa8af1fe0ecf67c9db8006b30488f6d2a900a7dda89c3cef10084a4523c" classname="com.github.traderjoe95.mls.protocol.tree.TreeKem" time="0.001"/>
  <testcase name="a new update path generated by the sender should be successfully processed" classname="com.github.traderjoe95.mls.protocol.tree.TreeKem" time="0.001"/>
  <testcase name="the update path should be parent-hash valid" classname="com.github.traderjoe95.mls.protocol.tree.TreeKem" time="0.001"/>
  <testcase name="the tree hash after merging the update path should be e76f711c396c334ce62b674db79b3ae05058fccc4cfbf610edebb89413ad7ca3b6bf9eaee6299c0279ddc32ecd497cdc35f4396e45ab88585f533cb11504cca1" classname="com.github.traderjoe95.mls.protocol.tree.TreeKem" time="0.0"/>
  <testcase name="the decrypted path secret should be 3fe9c0a7032f6796f3439a3ee40795ed1b64a0155d384b03c48166d9429a927110ee1a5dd94356565766f13599d55a0b781690ef07e84640ff5a5de3dd1d486f" classname="com.github.traderjoe95.mls.protocol.tree.TreeKem" time="0.001"/>
  <testcase name="a new update path generated by the sender should be successfully processed" classname="com.github.traderjoe95.mls.protocol.tree.TreeKem" time="0.002"/>
  <testcase name="the update path should be parent-hash valid" classname="com.github.traderjoe95.mls.protocol.tree.TreeKem" time="0.0"/>
  <testcase name="the tree hash after merging the update path should be e76f711c396c334ce62b674db79b3ae05058fccc4cfbf610edebb89413ad7ca3b6bf9eaee6299c0279ddc32ecd497cdc35f4396e45ab88585f533cb11504cca1" classname="com.github.traderjoe95.mls.protocol.tree.TreeKem" time="0.0"/>
  <testcase name="the decrypted path secret should be 3fe9c0a7032f6796f3439a3ee40795ed1b64a0155d384b03c48166d9429a927110ee1a5dd94356565766f13599d55a0b781690ef07e84640ff5a5de3dd1d486f" classname="com.github.traderjoe95.mls.protocol.tree.TreeKem" time="0.001"/>
  <testcase name="a new update path generated by the sender should be successfully processed" classname="com.github.traderjoe95.mls.protocol.tree.TreeKem" time="0.001"/>
  <testcase name="non-blank leaf 0 should be consistent with the public state" classname="com.github.traderjoe95.mls.protocol.tree.TreeKem" time="0.004"/>
  <testcase name="non-blank leaf 1 should be consistent with the public state" classname="com.github.traderjoe95.mls.protocol.tree.TreeKem" time="0.004"/>
  <testcase name="the update path should be parent-hash valid" classname="com.github.traderjoe95.mls.protocol.tree.TreeKem" time="0.0"/>
  <testcase name="the tree hash after merging the update path should be 1d86c2bb71fab587931872325c9c49986d445a8b0d3f926746f22cf20d3578fe765c500f92faff0d45399e9b7e65e843" classname="com.github.traderjoe95.mls.protocol.tree.TreeKem" time="0.0"/>
  <testcase name="the decrypted path secret should be 42292589547cc5cb9b17011a50ef0b6dac2187740e3fc6f6584524270f665deabe36ff629afb5f6209d5f06192676df5" classname="com.github.traderjoe95.mls.protocol.tree.TreeKem" time="0.001"/>
  <testcase name="a new update path generated by the sender should be successfully processed" classname="com.github.traderjoe95.mls.protocol.tree.TreeKem" time="0.002"/>
  <testcase name="the update path should be parent-hash valid" classname="com.github.traderjoe95.mls.protocol.tree.TreeKem" time="0.0"/>
  <testcase name="the tree hash after merging the update path should be 9717d49fa972fef5a1a8acc10f06a854ef51531c11246ef47cf7e84f126efe71656f2313ff3a8ee08c9831d366267ba4" classname="com.github.traderjoe95.mls.protocol.tree.TreeKem" time="0.0"/>
  <testcase name="the decrypted path secret should be f80742d2a851ebca3d97a3d067d601b7cbb7b23de82d17afe13a240f752dc6470bf49dd2941726c77783244c4b826471" classname="com.github.traderjoe95.mls.protocol.tree.TreeKem" time="0.002"/>
  <testcase name="a new update path generated by the sender should be successfully processed" classname="com.github.traderjoe95.mls.protocol.tree.TreeKem" time="0.001"/>
  <testcase name="non-blank leaf 0 should be consistent with the public state" classname="com.github.traderjoe95.mls.protocol.tree.TreeKem" time="0.013"/>
  <testcase name="non-blank leaf 1 should be consistent with the public state" classname="com.github.traderjoe95.mls.protocol.tree.TreeKem" time="0.007"/>
  <testcase name="non-blank leaf 2 should be consistent with the public state" classname="com.github.traderjoe95.mls.protocol.tree.TreeKem" time="0.004"/>
  <testcase name="the update path should be parent-hash valid" classname="com.github.traderjoe95.mls.protocol.tree.TreeKem" time="0.0"/>
  <testcase name="the tree hash after merging the update path should be 7524cb2ba180a6beb7c09c52dbd54b3b8bd1b2fa61be1d6fd18386946ce4830389f987b689a6f054c9ca1a820c5f5da0" classname="com.github.traderjoe95.mls.protocol.tree.TreeKem" time="0.0"/>
  <testcase name="the decrypted path secret should be 42292589547cc5cb9b17011a50ef0b6dac2187740e3fc6f6584524270f665deabe36ff629afb5f6209d5f06192676df5" classname="com.github.traderjoe95.mls.protocol.tree.TreeKem" time="0.002"/>
  <testcase name="a new update path generated by the sender should be successfully processed" classname="com.github.traderjoe95.mls.protocol.tree.TreeKem" time="0.002"/>
  <testcase name="the update path should be parent-hash valid" classname="com.github.traderjoe95.mls.protocol.tree.TreeKem" time="0.0"/>
  <testcase name="the tree hash after merging the update path should be 7524cb2ba180a6beb7c09c52dbd54b3b8bd1b2fa61be1d6fd18386946ce4830389f987b689a6f054c9ca1a820c5f5da0" classname="com.github.traderjoe95.mls.protocol.tree.TreeKem" time="0.0"/>
  <testcase name="the decrypted path secret should be 965cc796af669b8eb57db6c9a1789120cf46ac637973ad003eb0aa7fc83cff22920a9187274c761caaadeb1956a9eb45" classname="com.github.traderjoe95.mls.protocol.tree.TreeKem" time="0.002"/>
  <testcase name="a new update path generated by the sender should be successfully processed" classname="com.github.traderjoe95.mls.protocol.tree.TreeKem" time="0.001"/>
  <testcase name="the update path should be parent-hash valid" classname="com.github.traderjoe95.mls.protocol.tree.TreeKem" time="0.0"/>
  <testcase name="the tree hash after merging the update path should be 41f148c148616c9bea53381bdfb2e28322a79ded861430b09e9c10803e48fc120a2879993601a9b23d64b5ebfca2480a" classname="com.github.traderjoe95.mls.protocol.tree.TreeKem" time="0.0"/>
  <testcase name="the decrypted path secret should be f80742d2a851ebca3d97a3d067d601b7cbb7b23de82d17afe13a240f752dc6470bf49dd2941726c77783244c4b826471" classname="com.github.traderjoe95.mls.protocol.tree.TreeKem" time="0.002"/>
  <testcase name="a new update path generated by the sender should be successfully processed" classname="com.github.traderjoe95.mls.protocol.tree.TreeKem" time="0.003"/>
  <testcase name="the update path should be parent-hash valid" classname="com.github.traderjoe95.mls.protocol.tree.TreeKem" time="0.0"/>
  <testcase name="the tree hash after merging the update path should be 41f148c148616c9bea53381bdfb2e28322a79ded861430b09e9c10803e48fc120a2879993601a9b23d64b5ebfca2480a" classname="com.github.traderjoe95.mls.protocol.tree.TreeKem" time="0.0"/>
  <testcase name="the decrypted path secret should be b01e2191136db9f02740529beca8c74a6e54a3946faf1ba9533d2e2098e68ceaa4e58cb29bc0096f06693274202f72e3" classname="com.github.traderjoe95.mls.protocol.tree.TreeKem" time="0.002"/>
  <testcase name="a new update path generated by the sender should be successfully processed" classname="com.github.traderjoe95.mls.protocol.tree.TreeKem" time="0.002"/>
  <testcase name="the update path should be parent-hash valid" classname="com.github.traderjoe95.mls.protocol.tree.TreeKem" time="0.0"/>
  <testcase name="the tree hash after merging the update path should be 7836e53f565b91d7976836fd4e9f3c86fa6c2aa6888a809288eceec2b36d06819c2879617b6c1ad9328db6a93a4aebe3" classname="com.github.traderjoe95.mls.protocol.tree.TreeKem" time="0.0"/>
  <testcase name="the decrypted path secret should be d23bf61e931ac37db0908350175c598594aa174ebe4df87f76bd3dae49f8bc0bb60c354bc3250a1b29de9d5ec6a9dcd7" classname="com.github.traderjoe95.mls.protocol.tree.TreeKem" time="0.001"/>
  <testcase name="a new update path generated by the sender should be successfully processed" classname="com.github.traderjoe95.mls.protocol.tree.TreeKem" time="0.002"/>
  <testcase name="the update path should be parent-hash valid" classname="com.github.traderjoe95.mls.protocol.tree.TreeKem" time="0.0"/>
  <testcase name="the tree hash after merging the update path should be 7836e53f565b91d7976836fd4e9f3c86fa6c2aa6888a809288eceec2b36d06819c2879617b6c1ad9328db6a93a4aebe3" classname="com.github.traderjoe95.mls.protocol.tree.TreeKem" time="0.001"/>
  <testcase name="the decrypted path secret should be d23bf61e931ac37db0908350175c598594aa174ebe4df87f76bd3dae49f8bc0bb60c354bc3250a1b29de9d5ec6a9dcd7" classname="com.github.traderjoe95.mls.protocol.tree.TreeKem" time="0.002"/>
  <testcase name="a new update path generated by the sender should be successfully processed" classname="com.github.traderjoe95.mls.protocol.tree.TreeKem" time="0.002"/>
  <testcase name="non-blank leaf 0 should be consistent with the public state" classname="com.github.traderjoe95.mls.protocol.tree.TreeKem" time="0.006"/>
  <testcase name="non-blank leaf 1 should be consistent with the public state" classname="com.github.traderjoe95.mls.protocol.tree.TreeKem" time="0.006"/>
  <testcase name="non-blank leaf 2 should be consistent with the public state" classname="com.github.traderjoe95.mls.protocol.tree.TreeKem" time="0.006"/>
  <testcase name="non-blank leaf 3 should be consistent with the public state" classname="com.github.traderjoe95.mls.protocol.tree.TreeKem" time="0.006"/>
  <testcase name="the update path should be parent-hash valid" classname="com.github.traderjoe95.mls.protocol.tree.TreeKem" time="0.0"/>
  <testcase name="the tree hash after merging the update path should be d847ce88247d1ef5c2bf2c1aad2739ed14c5c11c38ce80b8951bb9194f0c23ec439f2d134773d383fe6d6a05939fcbe3" classname="com.github.traderjoe95.mls.protocol.tree.TreeKem" time="0.0"/>
  <testcase name="the decrypted path secret should be 42292589547cc5cb9b17011a50ef0b6dac2187740e3fc6f6584524270f665deabe36ff629afb5f6209d5f06192676df5" classname="com.github.traderjoe95.mls.protocol.tree.TreeKem" time="0.002"/>
  <testcase name="a new update path generated by the sender should be successfully processed" classname="com.github.traderjoe95.mls.protocol.tree.TreeKem" time="0.002"/>
  <testcase name="the update path should be parent-hash valid" classname="com.github.traderjoe95.mls.protocol.tree.TreeKem" time="0.0"/>
  <testcase name="the tree hash after merging the update path should be d847ce88247d1ef5c2bf2c1aad2739ed14c5c11c38ce80b8951bb9194f0c23ec439f2d134773d383fe6d6a05939fcbe3" classname="com.github.traderjoe95.mls.protocol.tree.TreeKem" time="0.0"/>
  <testcase name="the decrypted path secret should be 965cc796af669b8eb57db6c9a1789120cf46ac637973ad003eb0aa7fc83cff22920a9187274c761caaadeb1956a9eb45" classname="com.github.traderjoe95.mls.protocol.tree.TreeKem" time="0.002"/>
  <testcase name="a new update path generated by the sender should be successfully processed" classname="com.github.traderjoe95.mls.protocol.tree.TreeKem" time="0.001"/>
  <testcase name="the update path should be parent-hash valid" classname="com.github.traderjoe95.mls.protocol.tree.TreeKem" time="0.0"/>
  <testcase name="the tree hash after merging the update path should be d847ce88247d1ef5c2bf2c1aad2739ed14c5c11c38ce80b8951bb9194f0c23ec439f2d134773d383fe6d6a05939fcbe3" classname="com.github.traderjoe95.mls.protocol.tree.TreeKem" time="0.0"/>
  <testcase name="the decrypted path secret should be 965cc796af669b8eb57db6c9a1789120cf46ac637973ad003eb0aa7fc83cff22920a9187274c761caaadeb1956a9eb45" classname="com.github.traderjoe95.mls.protocol.tree.TreeKem" time="0.001"/>
  <testcase name="a new update path generated by the sender should be successfully processed" classname="com.github.traderjoe95.mls.protocol.tree.TreeKem" time="0.008"/>
  <testcase name="the update path should be parent-hash valid" classname="com.github.traderjoe95.mls.protocol.tree.TreeKem" time="0.001"/>
  <testcase name="the tree hash after merging the update path should be aa92924e1dd977793d05b17833d2d0d0189c59de9e7c5c0538f58f4d155814df3219c9859cd26f4914bb927ae5374206" classname="com.github.traderjoe95.mls.protocol.tree.TreeKem" time="0.001"/>
  <testcase name="the decrypted path secret should be f80742d2a851ebca3d97a3d067d601b7cbb7b23de82d17afe13a240f752dc6470bf49dd2941726c77783244c4b826471" classname="com.github.traderjoe95.mls.protocol.tree.TreeKem" time="0.002"/>
  <testcase name="a new update path generated by the sender should be successfully processed" classname="com.github.traderjoe95.mls.protocol.tree.TreeKem" time="0.002"/>
  <testcase name="the update path should be parent-hash valid" classname="com.github.traderjoe95.mls.protocol.tree.TreeKem" time="0.0"/>
  <testcase name="the tree hash after merging the update path should be aa92924e1dd977793d05b17833d2d0d0189c59de9e7c5c0538f58f4d155814df3219c9859cd26f4914bb927ae5374206" classname="com.github.traderjoe95.mls.protocol.tree.TreeKem" time="0.001"/>
  <testcase name="the decrypted path secret should be b01e2191136db9f02740529beca8c74a6e54a3946faf1ba9533d2e2098e68ceaa4e58cb29bc0096f06693274202f72e3" classname="com.github.traderjoe95.mls.protocol.tree.TreeKem" time="0.002"/>
  <testcase name="a new update path generated by the sender should be successfully processed" classname="com.github.traderjoe95.mls.protocol.tree.TreeKem" time="0.002"/>
  <testcase name="the update path should be parent-hash valid" classname="com.github.traderjoe95.mls.protocol.tree.TreeKem" time="0.0"/>
  <testcase name="the tree hash after merging the update path should be aa92924e1dd977793d05b17833d2d0d0189c59de9e7c5c0538f58f4d155814df3219c9859cd26f4914bb927ae5374206" classname="com.github.traderjoe95.mls.protocol.tree.TreeKem" time="0.0"/>
  <testcase name="the decrypted path secret should be b01e2191136db9f02740529beca8c74a6e54a3946faf1ba9533d2e2098e68ceaa4e58cb29bc0096f06693274202f72e3" classname="com.github.traderjoe95.mls.protocol.tree.TreeKem" time="0.002"/>
  <testcase name="a new update path generated by the sender should be successfully processed" classname="com.github.traderjoe95.mls.protocol.tree.TreeKem" time="0.002"/>
  <testcase name="the update path should be parent-hash valid" classname="com.github.traderjoe95.mls.protocol.tree.TreeKem" time="0.001"/>
  <testcase name="the tree hash after merging the update path should be 61a5f5c122714cf5e8be15c8c0955a32bfec25100c7fdb8d7ef88443ca00047af6d31119f6c7ab622c9397fc98684ce5" classname="com.github.traderjoe95.mls.protocol.tree.TreeKem" time="0.001"/>
  <testcase name="the decrypted path secret should be d0e9292440c785c3aa4fb6fa52c107ddb3bfacbec7686a15a1644b24f7870559b5bc6146800ecf43256b850d2dc13c7d" classname="com.github.traderjoe95.mls.protocol.tree.TreeKem" time="0.002"/>
  <testcase name="a new update path generated by the sender should be successfully processed" classname="com.github.traderjoe95.mls.protocol.tree.TreeKem" time="0.002"/>
  <testcase name="the update path should be parent-hash valid" classname="com.github.traderjoe95.mls.protocol.tree.TreeKem" time="0.0"/>
  <testcase name="the tree hash after merging the update path should be 61a5f5c122714cf5e8be15c8c0955a32bfec25100c7fdb8d7ef88443ca00047af6d31119f6c7ab622c9397fc98684ce5" classname="com.github.traderjoe95.mls.protocol.tree.TreeKem" time="0.0"/>
  <testcase name="the decrypted path secret should be d0e9292440c785c3aa4fb6fa52c107ddb3bfacbec7686a15a1644b24f7870559b5bc6146800ecf43256b850d2dc13c7d" classname="com.github.traderjoe95.mls.protocol.tree.TreeKem" time="0.001"/>
  <testcase name="a new update path generated by the sender should be successfully processed" classname="com.github.traderjoe95.mls.protocol.tree.TreeKem" time="0.002"/>
  <testcase name="the update path should be parent-hash valid" classname="com.github.traderjoe95.mls.protocol.tree.TreeKem" time="0.0"/>
  <testcase name="the tree hash after merging the update path should be 61a5f5c122714cf5e8be15c8c0955a32bfec25100c7fdb8d7ef88443ca00047af6d31119f6c7ab622c9397fc98684ce5" classname="com.github.traderjoe95.mls.protocol.tree.TreeKem" time="0.0"/>
  <testcase name="the decrypted path secret should be d23bf61e931ac37db0908350175c598594aa174ebe4df87f76bd3dae49f8bc0bb60c354bc3250a1b29de9d5ec6a9dcd7" classname="com.github.traderjoe95.mls.protocol.tree.TreeKem" time="0.002"/>
  <testcase name="a new update path generated by the sender should be successfully processed" classname="com.github.traderjoe95.mls.protocol.tree.TreeKem" time="0.002"/>
  <testcase name="the update path should be parent-hash valid" classname="com.github.traderjoe95.mls.protocol.tree.TreeKem" time="0.001"/>
  <testcase name="the tree hash after merging the update path should be 86105b9723168dcb578afbb228e1c070132e57989b993deae6e48eb7bbb7c0161ff2c8b9b9db64396f03f8259f704f3b" classname="com.github.traderjoe95.mls.protocol.tree.TreeKem" time="0.001"/>
  <testcase name="the decrypted path secret should be d6c7ef7c7fd86527fbeffabc77737e0de129e05abf8a28eed7c4f00bb2934c29216b8f9f54497f9677e210432b91c60b" classname="com.github.traderjoe95.mls.protocol.tree.TreeKem" time="0.002"/>
  <testcase name="a new update path generated by the sender should be successfully processed" classname="com.github.traderjoe95.mls.protocol.tree.TreeKem" time="0.002"/>
  <testcase name="the update path should be parent-hash valid" classname="com.github.traderjoe95.mls.protocol.tree.TreeKem" time="0.0"/>
  <testcase name="the tree hash after merging the update path should be 86105b9723168dcb578afbb228e1c070132e57989b993deae6e48eb7bbb7c0161ff2c8b9b9db64396f03f8259f704f3b" classname="com.github.traderjoe95.mls.protocol.tree.TreeKem" time="0.0"/>
  <testcase name="the decrypted path secret should be d6c7ef7c7fd86527fbeffabc77737e0de129e05abf8a28eed7c4f00bb2934c29216b8f9f54497f9677e210432b91c60b" classname="com.github.traderjoe95.mls.protocol.tree.TreeKem" time="0.005"/>
  <testcase name="a new update path generated by the sender should be successfully processed" classname="com.github.traderjoe95.mls.protocol.tree.TreeKem" time="0.003"/>
  <testcase name="the update path should be parent-hash valid" classname="com.github.traderjoe95.mls.protocol.tree.TreeKem" time="0.0"/>
  <testcase name="the tree hash after merging the update path should be 86105b9723168dcb578afbb228e1c070132e57989b993deae6e48eb7bbb7c0161ff2c8b9b9db64396f03f8259f704f3b" classname="com.github.traderjoe95.mls.protocol.tree.TreeKem" time="0.001"/>
  <testcase name="the decrypted path secret should be a5c0e25e2c5363c040f256822676ae00dacab28a141761f6e8e1469467a73bbbb1bce648a2277c4d4bc8ee13cf9c8368" classname="com.github.traderjoe95.mls.protocol.tree.TreeKem" time="0.003"/>
  <testcase name="a new update path generated by the sender should be successfully processed" classname="com.github.traderjoe95.mls.protocol.tree.TreeKem" time="0.003"/>
  <testcase name="non-blank leaf 0 should be consistent with the public state" classname="com.github.traderjoe95.mls.protocol.tree.TreeKem" time="0.017"/>
  <testcase name="non-blank leaf 1 should be consistent with the public state" classname="com.github.traderjoe95.mls.protocol.tree.TreeKem" time="0.009"/>
  <testcase name="non-blank leaf 2 should be consistent with the public state" classname="com.github.traderjoe95.mls.protocol.tree.TreeKem" time="0.009"/>
  <testcase name="non-blank leaf 3 should be consistent with the public state" classname="com.github.traderjoe95.mls.protocol.tree.TreeKem" time="0.009"/>
  <testcase name="non-blank leaf 4 should be consistent with the public state" classname="com.github.traderjoe95.mls.protocol.tree.TreeKem" time="0.004"/>
  <testcase name="the update path should be parent-hash valid" classname="com.github.traderjoe95.mls.protocol.tree.TreeKem" time="0.001"/>
  <testcase name="the tree hash after merging the update path should be fea21b49d69319fbc43bc2465b911c55589b1dd3b99234f1c1b0a5da368e39e32784db660d8163a504e72176be48fca0" classname="com.github.traderjoe95.mls.protocol.tree.TreeKem" time="0.001"/>
  <testcase name="the decrypted path secret should be 42292589547cc5cb9b17011a50ef0b6dac2187740e3fc6f6584524270f665deabe36ff629afb5f6209d5f06192676df5" classname="com.github.traderjoe95.mls.protocol.tree.TreeKem" time="0.002"/>
  <testcase name="a new update path generated by the sender should be successfully processed" classname="com.github.traderjoe95.mls.protocol.tree.TreeKem" time="0.002"/>
  <testcase name="the update path should be parent-hash valid" classname="com.github.traderjoe95.mls.protocol.tree.TreeKem" time="0.0"/>
  <testcase name="the tree hash after merging the update path should be fea21b49d69319fbc43bc2465b911c55589b1dd3b99234f1c1b0a5da368e39e32784db660d8163a504e72176be48fca0" classname="com.github.traderjoe95.mls.protocol.tree.TreeKem" time="0.0"/>
  <testcase name="the decrypted path secret should be 965cc796af669b8eb57db6c9a1789120cf46ac637973ad003eb0aa7fc83cff22920a9187274c761caaadeb1956a9eb45" classname="com.github.traderjoe95.mls.protocol.tree.TreeKem" time="0.002"/>
  <testcase name="a new update path generated by the sender should be successfully processed" classname="com.github.traderjoe95.mls.protocol.tree.TreeKem" time="0.002"/>
  <testcase name="the update path should be parent-hash valid" classname="com.github.traderjoe95.mls.protocol.tree.TreeKem" time="0.0"/>
  <testcase name="the tree hash after merging the update path should be fea21b49d69319fbc43bc2465b911c55589b1dd3b99234f1c1b0a5da368e39e32784db660d8163a504e72176be48fca0" classname="com.github.traderjoe95.mls.protocol.tree.TreeKem" time="0.001"/>
  <testcase name="the decrypted path secret should be 965cc796af669b8eb57db6c9a1789120cf46ac637973ad003eb0aa7fc83cff22920a9187274c761caaadeb1956a9eb45" classname="com.github.traderjoe95.mls.protocol.tree.TreeKem" time="0.002"/>
  <testcase name="a new update path generated by the sender should be successfully processed" classname="com.github.traderjoe95.mls.protocol.tree.TreeKem" time="0.002"/>
  <testcase name="the update path should be parent-hash valid" classname="com.github.traderjoe95.mls.protocol.tree.TreeKem" time="0.001"/>
  <testcase name="the tree hash after merging the update path should be fea21b49d69319fbc43bc2465b911c55589b1dd3b99234f1c1b0a5da368e39e32784db660d8163a504e72176be48fca0" classname="com.github.traderjoe95.mls.protocol.tree.TreeKem" time="0.0"/>
  <testcase name="the decrypted path secret should be 9ca9dc5dcfc42624124d36cfae43a4ca3a4287958bb1471a431d9aa7173adf7003d66c66f594ac97d23412a3771291f4" classname="com.github.traderjoe95.mls.protocol.tree.TreeKem" time="0.002"/>
  <testcase name="a new update path generated by the sender should be successfully processed" classname="com.github.traderjoe95.mls.protocol.tree.TreeKem" time="0.002"/>
  <testcase name="the update path should be parent-hash valid" classname="com.github.traderjoe95.mls.protocol.tree.TreeKem" time="0.0"/>
  <testcase name="the tree hash after merging the update path should be 6cf83170f34e4643dd6d08e3ca7ec5bbe2f93277cbc092a9032b58accabf57d5aa1c6f900756cc25766e3ca0137fec65" classname="com.github.traderjoe95.mls.protocol.tree.TreeKem" time="0.0"/>
  <testcase name="the decrypted path secret should be f80742d2a851ebca3d97a3d067d601b7cbb7b23de82d17afe13a240f752dc6470bf49dd2941726c77783244c4b826471" classname="com.github.traderjoe95.mls.protocol.tree.TreeKem" time="0.002"/>
  <testcase name="a new update path generated by the sender should be successfully processed" classname="com.github.traderjoe95.mls.protocol.tree.TreeKem" time="0.002"/>
  <testcase name="the update path should be parent-hash valid" classname="com.github.traderjoe95.mls.protocol.tree.TreeKem" time="0.0"/>
  <testcase name="the tree hash after merging the update path should be 6cf83170f34e4643dd6d08e3ca7ec5bbe2f93277cbc092a9032b58accabf57d5aa1c6f900756cc25766e3ca0137fec65" classname="com.github.traderjoe95.mls.protocol.tree.TreeKem" time="0.0"/>
  <testcase name="the decrypted path secret should be b01e2191136db9f02740529beca8c74a6e54a3946faf1ba9533d2e2098e68ceaa4e58cb29bc0096f06693274202f72e3" classname="com.github.traderjoe95.mls.protocol.tree.TreeKem" time="0.001"/>
  <testcase name="a new update path generated by the sender should be successfully processed" classname="com.github.traderjoe95.mls.protocol.tree.TreeKem" time="0.002"/>
  <testcase name="the update path should be parent-hash valid" classname="com.github.traderjoe95.mls.protocol.tree.TreeKem" time="0.0"/>
  <testcase name="the tree hash after merging the update path should be 6cf83170f34e4643dd6d08e3ca7ec5bbe2f93277cbc092a9032b58accabf57d5aa1c6f900756cc25766e3ca0137fec65" classname="com.github.traderjoe95.mls.protocol.tree.TreeKem" time="0.0"/>
  <testcase name="the decrypted path secret should be b01e2191136db9f02740529beca8c74a6e54a3946faf1ba9533d2e2098e68ceaa4e58cb29bc0096f06693274202f72e3" classname="com.github.traderjoe95.mls.protocol.tree.TreeKem" time="0.002"/>
  <testcase name="a new update path generated by the sender should be successfully processed" classname="com.github.traderjoe95.mls.protocol.tree.TreeKem" time="0.002"/>
  <testcase name="the update path should be parent-hash valid" classname="com.github.traderjoe95.mls.protocol.tree.TreeKem" time="0.0"/>
  <testcase name="the tree hash after merging the update path should be 6cf83170f34e4643dd6d08e3ca7ec5bbe2f93277cbc092a9032b58accabf57d5aa1c6f900756cc25766e3ca0137fec65" classname="com.github.traderjoe95.mls.protocol.tree.TreeKem" time="0.0"/>
  <testcase name="the decrypted path secret should be 43fed7155ab6173816aa607b05c67829e0c718362b5c96c1e128403e85eef3f3f2ee1423705a99b2493d950cac598b13" classname="com.github.traderjoe95.mls.protocol.tree.TreeKem" time="0.002"/>
  <testcase name="a new update path generated by the sender should be successfully processed" classname="com.github.traderjoe95.mls.protocol.tree.TreeKem" time="0.002"/>
  <testcase name="the update path should be parent-hash valid" classname="com.github.traderjoe95.mls.protocol.tree.TreeKem" time="0.0"/>
  <testcase name="the tree hash after merging the update path should be a958fb675022ea00c99dbd79e3a4b38dd535f7d9f3763d8c271db708d48899ac5ef2576b9519a68fa085d93f836126a4" classname="com.github.traderjoe95.mls.protocol.tree.TreeKem" time="0.0"/>
  <testcase name="the decrypted path secret should be d0e9292440c785c3aa4fb6fa52c107ddb3bfacbec7686a15a1644b24f7870559b5bc6146800ecf43256b850d2dc13c7d" classname="com.github.traderjoe95.mls.protocol.tree.TreeKem" time="0.002"/>
  <testcase name="a new update path generated by the sender should be successfully processed" classname="com.github.traderjoe95.mls.protocol.tree.TreeKem" time="0.002"/>
  <testcase name="the update path should be parent-hash valid" classname="com.github.traderjoe95.mls.protocol.tree.TreeKem" time="0.0"/>
  <testcase name="the tree hash after merging the update path should be a958fb675022ea00c99dbd79e3a4b38dd535f7d9f3763d8c271db708d48899ac5ef2576b9519a68fa085d93f836126a4" classname="com.github.traderjoe95.mls.protocol.tree.TreeKem" time="0.001"/>
  <testcase name="the decrypted path secret should be d0e9292440c785c3aa4fb6fa52c107ddb3bfacbec7686a15a1644b24f7870559b5bc6146800ecf43256b850d2dc13c7d" classname="com.github.traderjoe95.mls.protocol.tree.TreeKem" time="0.002"/>
  <testcase name="a new update path generated by the sender should be successfully processed" classname="com.github.traderjoe95.mls.protocol.tree.TreeKem" time="0.002"/>
  <testcase name="the update path should be parent-hash valid" classname="com.github.traderjoe95.mls.protocol.tree.TreeKem" time="0.0"/>
  <testcase name="the tree hash after merging the update path should be a958fb675022ea00c99dbd79e3a4b38dd535f7d9f3763d8c271db708d48899ac5ef2576b9519a68fa085d93f836126a4" classname="com.github.traderjoe95.mls.protocol.tree.TreeKem" time="0.001"/>
  <testcase name="the decrypted path secret should be d23bf61e931ac37db0908350175c598594aa174ebe4df87f76bd3dae49f8bc0bb60c354bc3250a1b29de9d5ec6a9dcd7" classname="com.github.traderjoe95.mls.protocol.tree.TreeKem" time="0.002"/>
  <testcase name="a new update path generated by the sender should be successfully processed" classname="com.github.traderjoe95.mls.protocol.tree.TreeKem" time="0.002"/>
  <testcase name="the update path should be parent-hash valid" classname="com.github.traderjoe95.mls.protocol.tree.TreeKem" time="0.001"/>
  <testcase name="the tree hash after merging the update path should be a958fb675022ea00c99dbd79e3a4b38dd535f7d9f3763d8c271db708d48899ac5ef2576b9519a68fa085d93f836126a4" classname="com.github.traderjoe95.mls.protocol.tree.TreeKem" time="0.0"/>
  <testcase name="the decrypted path secret should be b25771f2e7d3fd8c3346f64d5c416312a4e48611720f4118951a9cd2041f9b904e1155f815dea747479ec10aa7a01759" classname="com.github.traderjoe95.mls.protocol.tree.TreeKem" time="0.002"/>
  <testcase name="a new update path generated by the sender should be successfully processed" classname="com.github.traderjoe95.mls.protocol.tree.TreeKem" time="0.002"/>
  <testcase name="the update path should be parent-hash valid" classname="com.github.traderjoe95.mls.protocol.tree.TreeKem" time="0.0"/>
  <testcase name="the tree hash after merging the update path should be a721254c791acd39d666366728a3371c08115b369a45c744adf6c5a7bb666e4db7bb9ae859ea7a3fa746b96a81ed630c" classname="com.github.traderjoe95.mls.protocol.tree.TreeKem" time="0.001"/>
  <testcase name="the decrypted path secret should be d6c7ef7c7fd86527fbeffabc77737e0de129e05abf8a28eed7c4f00bb2934c29216b8f9f54497f9677e210432b91c60b" classname="com.github.traderjoe95.mls.protocol.tree.TreeKem" time="0.003"/>
  <testcase name="a new update path generated by the sender should be successfully processed" classname="com.github.traderjoe95.mls.protocol.tree.TreeKem" time="0.002"/>
  <testcase name="the update path should be parent-hash valid" classname="com.github.traderjoe95.mls.protocol.tree.TreeKem" time="0.0"/>
  <testcase name="the tree hash after merging the update path should be a721254c791acd39d666366728a3371c08115b369a45c744adf6c5a7bb666e4db7bb9ae859ea7a3fa746b96a81ed630c" classname="com.github.traderjoe95.mls.protocol.tree.TreeKem" time="0.0"/>
  <testcase name="the decrypted path secret should be d6c7ef7c7fd86527fbeffabc77737e0de129e05abf8a28eed7c4f00bb2934c29216b8f9f54497f9677e210432b91c60b" classname="com.github.traderjoe95.mls.protocol.tree.TreeKem" time="0.002"/>
  <testcase name="a new update path generated by the sender should be successfully processed" classname="com.github.traderjoe95.mls.protocol.tree.TreeKem" time="0.002"/>
  <testcase name="the update path should be parent-hash valid" classname="com.github.traderjoe95.mls.protocol.tree.TreeKem" time="0.0"/>
  <testcase name="the tree hash after merging the update path should be a721254c791acd39d666366728a3371c08115b369a45c744adf6c5a7bb666e4db7bb9ae859ea7a3fa746b96a81ed630c" classname="com.github.traderjoe95.mls.protocol.tree.TreeKem" time="0.0"/>
  <testcase name="the decrypted path secret should be a5c0e25e2c5363c040f256822676ae00dacab28a141761f6e8e1469467a73bbbb1bce648a2277c4d4bc8ee13cf9c8368" classname="com.github.traderjoe95.mls.protocol.tree.TreeKem" time="0.002"/>
  <testcase name="a new update path generated by the sender should be successfully processed" classname="com.github.traderjoe95.mls.protocol.tree.TreeKem" time="0.002"/>
  <testcase name="the update path should be parent-hash valid" classname="com.github.traderjoe95.mls.protocol.tree.TreeKem" time="0.0"/>
  <testcase name="the tree hash after merging the update path should be a721254c791acd39d666366728a3371c08115b369a45c744adf6c5a7bb666e4db7bb9ae859ea7a3fa746b96a81ed630c" classname="com.github.traderjoe95.mls.protocol.tree.TreeKem" time="0.0"/>
  <testcase name="the decrypted path secret should be 7eb43e021fb94e93f5d0c6a5d00fdb16a95e3f582e955b04864ecacf5d7d664fe313262f42ae3ba40590c8ba52e263ce" classname="com.github.traderjoe95.mls.protocol.tree.TreeKem" time="0.002"/>
  <testcase name="a new update path generated by the sender should be successfully processed" classname="com.github.traderjoe95.mls.protocol.tree.TreeKem" time="0.001"/>
  <testcase name="the update path should be parent-hash valid" classname="com.github.traderjoe95.mls.protocol.tree.TreeKem" time="0.001"/>
  <testcase name="the tree hash after merging the update path should be 25f65912b73cdf782d5b7123e53769988119feead1ae900857e930a71d6540e821c1044f78c2df8a4986b7511c7fc369" classname="com.github.traderjoe95.mls.protocol.tree.TreeKem" time="0.001"/>
  <testcase name="the decrypted path secret should be b81d292017cfdf0ed9f2032b5765ac6575252962e7ffc3049424f54a65b23eed4fdbc3fb8fcbbe9e1a598bd1a11d6c07" classname="com.github.traderjoe95.mls.protocol.tree.TreeKem" time="0.002"/>
  <testcase name="a new update path generated by the sender should be successfully processed" classname="com.github.traderjoe95.mls.protocol.tree.TreeKem" time="0.002"/>
  <testcase name="the update path should be parent-hash valid" classname="com.github.traderjoe95.mls.protocol.tree.TreeKem" time="0.0"/>
  <testcase name="the tree hash after merging the update path should be 25f65912b73cdf782d5b7123e53769988119feead1ae900857e930a71d6540e821c1044f78c2df8a4986b7511c7fc369" classname="com.github.traderjoe95.mls.protocol.tree.TreeKem" time="0.0"/>
  <testcase name="the decrypted path secret should be b81d292017cfdf0ed9f2032b5765ac6575252962e7ffc3049424f54a65b23eed4fdbc3fb8fcbbe9e1a598bd1a11d6c07" classname="com.github.traderjoe95.mls.protocol.tree.TreeKem" time="0.002"/>
  <testcase name="a new update path generated by the sender should be successfully processed" classname="com.github.traderjoe95.mls.protocol.tree.TreeKem" time="0.001"/>
  <testcase name="the update path should be parent-hash valid" classname="com.github.traderjoe95.mls.protocol.tree.TreeKem" time="0.001"/>
  <testcase name="the tree hash after merging the update path should be 25f65912b73cdf782d5b7123e53769988119feead1ae900857e930a71d6540e821c1044f78c2df8a4986b7511c7fc369" classname="com.github.traderjoe95.mls.protocol.tree.TreeKem" time="0.0"/>
  <testcase name="the decrypted path secret should be b81d292017cfdf0ed9f2032b5765ac6575252962e7ffc3049424f54a65b23eed4fdbc3fb8fcbbe9e1a598bd1a11d6c07" classname="com.github.traderjoe95.mls.protocol.tree.TreeKem" time="0.002"/>
  <testcase name="a new update path generated by the sender should be successfully processed" classname="com.github.traderjoe95.mls.protocol.tree.TreeKem" time="0.002"/>
  <testcase name="the update path should be parent-hash valid" classname="com.github.traderjoe95.mls.protocol.tree.TreeKem" time="0.0"/>
  <testcase name="the tree hash after merging the update path should be 25f65912b73cdf782d5b7123e53769988119feead1ae900857e930a71d6540e821c1044f78c2df8a4986b7511c7fc369" classname="com.github.traderjoe95.mls.protocol.tree.TreeKem" time="0.0"/>
  <testcase name="the decrypted path secret should be b81d292017cfdf0ed9f2032b5765ac6575252962e7ffc3049424f54a65b23eed4fdbc3fb8fcbbe9e1a598bd1a11d6c07" classname="com.github.traderjoe95.mls.protocol.tree.TreeKem" time="0.002"/>
  <testcase name="a new update path generated by the sender should be successfully processed" classname="com.github.traderjoe95.mls.protocol.tree.TreeKem" time="0.001"/>
  <testcase name="non-blank leaf 0 should be consistent with the public state" classname="com.github.traderjoe95.mls.protocol.tree.TreeKem" time="0.009"/>
  <testcase name="non-blank leaf 1 should be consistent with the public state" classname="com.github.traderjoe95.mls.protocol.tree.TreeKem" time="0.008"/>
  <testcase name="non-blank leaf 2 should be consistent with the public state" classname="com.github.traderjoe95.mls.protocol.tree.TreeKem" time="0.014"/>
  <testcase name="non-blank leaf 3 should be consistent with the public state" classname="com.github.traderjoe95.mls.protocol.tree.TreeKem" time="0.011"/>
  <testcase name="non-blank leaf 4 should be consistent with the public state" classname="com.github.traderjoe95.mls.protocol.tree.TreeKem" time="0.011"/>
  <testcase name="non-blank leaf 5 should be consistent with the public state" classname="com.github.traderjoe95.mls.protocol.tree.TreeKem" time="0.009"/>
  <testcase name="the update path should be parent-hash valid" classname="com.github.traderjoe95.mls.protocol.tree.TreeKem" time="0.0"/>
  <testcase name="the tree hash after merging the update path should be f23a10b36373440a20458a61801fe89acc29adcd21bd74be5b9d06d6886da039e459656eddde605a54f9eea04d4e6348" classname="com.github.traderjoe95.mls.protocol.tree.TreeKem" time="0.001"/>
  <testcase name="the decrypted path secret should be 42292589547cc5cb9b17011a50ef0b6dac2187740e3fc6f6584524270f665deabe36ff629afb5f6209d5f06192676df5" classname="com.github.traderjoe95.mls.protocol.tree.TreeKem" time="0.002"/>
  <testcase name="a new update path generated by the sender should be successfully processed" classname="com.github.traderjoe95.mls.protocol.tree.TreeKem" time="0.002"/>
  <testcase name="the update path should be parent-hash valid" classname="com.github.traderjoe95.mls.protocol.tree.TreeKem" time="0.0"/>
  <testcase name="the tree hash after merging the update path should be f23a10b36373440a20458a61801fe89acc29adcd21bd74be5b9d06d6886da039e459656eddde605a54f9eea04d4e6348" classname="com.github.traderjoe95.mls.protocol.tree.TreeKem" time="0.0"/>
  <testcase name="the decrypted path secret should be 965cc796af669b8eb57db6c9a1789120cf46ac637973ad003eb0aa7fc83cff22920a9187274c761caaadeb1956a9eb45" classname="com.github.traderjoe95.mls.protocol.tree.TreeKem" time="0.002"/>
  <testcase name="a new update path generated by the sender should be successfully processed" classname="com.github.traderjoe95.mls.protocol.tree.TreeKem" time="0.002"/>
  <testcase name="the update path should be parent-hash valid" classname="com.github.traderjoe95.mls.protocol.tree.TreeKem" time="0.0"/>
  <testcase name="the tree hash after merging the update path should be f23a10b36373440a20458a61801fe89acc29adcd21bd74be5b9d06d6886da039e459656eddde605a54f9eea04d4e6348" classname="com.github.traderjoe95.mls.protocol.tree.TreeKem" time="0.0"/>
  <testcase name="the decrypted path secret should be 965cc796af669b8eb57db6c9a1789120cf46ac637973ad003eb0aa7fc83cff22920a9187274c761caaadeb1956a9eb45" classname="com.github.traderjoe95.mls.protocol.tree.TreeKem" time="0.001"/>
  <testcase name="a new update path generated by the sender should be successfully processed" classname="com.github.traderjoe95.mls.protocol.tree.TreeKem" time="0.002"/>
  <testcase name="the update path should be parent-hash valid" classname="com.github.traderjoe95.mls.protocol.tree.TreeKem" time="0.0"/>
  <testcase name="the tree hash after merging the update path should be f23a10b36373440a20458a61801fe89acc29adcd21bd74be5b9d06d6886da039e459656eddde605a54f9eea04d4e6348" classname="com.github.traderjoe95.mls.protocol.tree.TreeKem" time="0.0"/>
  <testcase name="the decrypted path secret should be 9ca9dc5dcfc42624124d36cfae43a4ca3a4287958bb1471a431d9aa7173adf7003d66c66f594ac97d23412a3771291f4" classname="com.github.traderjoe95.mls.protocol.tree.TreeKem" time="0.002"/>
  <testcase name="a new update path generated by the sender should be successfully processed" classname="com.github.traderjoe95.mls.protocol.tree.TreeKem" time="0.002"/>
  <testcase name="the update path should be parent-hash valid" classname="com.github.traderjoe95.mls.protocol.tree.TreeKem" time="0.0"/>
  <testcase name="the tree hash after merging the update path should be f23a10b36373440a20458a61801fe89acc29adcd21bd74be5b9d06d6886da039e459656eddde605a54f9eea04d4e6348" classname="com.github.traderjoe95.mls.protocol.tree.TreeKem" time="0.001"/>
  <testcase name="the decrypted path secret should be 9ca9dc5dcfc42624124d36cfae43a4ca3a4287958bb1471a431d9aa7173adf7003d66c66f594ac97d23412a3771291f4" classname="com.github.traderjoe95.mls.protocol.tree.TreeKem" time="0.002"/>
  <testcase name="a new update path generated by the sender should be successfully processed" classname="com.github.traderjoe95.mls.protocol.tree.TreeKem" time="0.002"/>
  <testcase name="the update path should be parent-hash valid" classname="com.github.traderjoe95.mls.protocol.tree.TreeKem" time="0.0"/>
  <testcase name="the tree hash after merging the update path should be 60e78ef3c002e34bfc11d29ff53e5f0cf0e513697a3b3d1a323fef491ac1cfbe4e6e5d57dc796e3c2b238c185eac3b52" classname="com.github.traderjoe95.mls.protocol.tree.TreeKem" time="0.0"/>
  <testcase name="the decrypted path secret should be f80742d2a851ebca3d97a3d067d601b7cbb7b23de82d17afe13a240f752dc6470bf49dd2941726c77783244c4b826471" classname="com.github.traderjoe95.mls.protocol.tree.TreeKem" time="0.002"/>
  <testcase name="a new update path generated by the sender should be successfully processed" classname="com.github.traderjoe95.mls.protocol.tree.TreeKem" time="0.002"/>
  <testcase name="the update path should be parent-hash valid" classname="com.github.traderjoe95.mls.protocol.tree.TreeKem" time="0.0"/>
  <testcase name="the tree hash after merging the update path should be 60e78ef3c002e34bfc11d29ff53e5f0cf0e513697a3b3d1a323fef491ac1cfbe4e6e5d57dc796e3c2b238c185eac3b52" classname="com.github.traderjoe95.mls.protocol.tree.TreeKem" time="0.0"/>
  <testcase name="the decrypted path secret should be b01e2191136db9f02740529beca8c74a6e54a3946faf1ba9533d2e2098e68ceaa4e58cb29bc0096f06693274202f72e3" classname="com.github.traderjoe95.mls.protocol.tree.TreeKem" time="0.002"/>
  <testcase name="a new update path generated by the sender should be successfully processed" classname="com.github.traderjoe95.mls.protocol.tree.TreeKem" time="0.002"/>
  <testcase name="the update path should be parent-hash valid" classname="com.github.traderjoe95.mls.protocol.tree.TreeKem" time="0.0"/>
  <testcase name="the tree hash after merging the update path should be 60e78ef3c002e34bfc11d29ff53e5f0cf0e513697a3b3d1a323fef491ac1cfbe4e6e5d57dc796e3c2b238c185eac3b52" classname="com.github.traderjoe95.mls.protocol.tree.TreeKem" time="0.0"/>
  <testcase name="the decrypted path secret should be b01e2191136db9f02740529beca8c74a6e54a3946faf1ba9533d2e2098e68ceaa4e58cb29bc0096f06693274202f72e3" classname="com.github.traderjoe95.mls.protocol.tree.TreeKem" time="0.001"/>
  <testcase name="a new update path generated by the sender should be successfully processed" classname="com.github.traderjoe95.mls.protocol.tree.TreeKem" time="0.002"/>
  <testcase name="the update path should be parent-hash valid" classname="com.github.traderjoe95.mls.protocol.tree.TreeKem" time="0.0"/>
  <testcase name="the tree hash after merging the update path should be 60e78ef3c002e34bfc11d29ff53e5f0cf0e513697a3b3d1a323fef491ac1cfbe4e6e5d57dc796e3c2b238c185eac3b52" classname="com.github.traderjoe95.mls.protocol.tree.TreeKem" time="0.0"/>
  <testcase name="the decrypted path secret should be 43fed7155ab6173816aa607b05c67829e0c718362b5c96c1e128403e85eef3f3f2ee1423705a99b2493d950cac598b13" classname="com.github.traderjoe95.mls.protocol.tree.TreeKem" time="0.001"/>
  <testcase name="a new update path generated by the sender should be successfully processed" classname="com.github.traderjoe95.mls.protocol.tree.TreeKem" time="0.002"/>
  <testcase name="the update path should be parent-hash valid" classname="com.github.traderjoe95.mls.protocol.tree.TreeKem" time="0.0"/>
  <testcase name="the tree hash after merging the update path should be 60e78ef3c002e34bfc11d29ff53e5f0cf0e513697a3b3d1a323fef491ac1cfbe4e6e5d57dc796e3c2b238c185eac3b52" classname="com.github.traderjoe95.mls.protocol.tree.TreeKem" time="0.001"/>
  <testcase name="the decrypted path secret should be 43fed7155ab6173816aa607b05c67829e0c718362b5c96c1e128403e85eef3f3f2ee1423705a99b2493d950cac598b13" classname="com.github.traderjoe95.mls.protocol.tree.TreeKem" time="0.002"/>
  <testcase name="a new update path generated by the sender should be successfully processed" classname="com.github.traderjoe95.mls.protocol.tree.TreeKem" time="0.001"/>
  <testcase name="the update path should be parent-hash valid" classname="com.github.traderjoe95.mls.protocol.tree.TreeKem" time="0.001"/>
  <testcase name="the tree hash after merging the update path should be b9afa09dcc932f89cb71d37d3be7b32742384738a6a7b2d6e12806427007fa846ae2c28c209d3b84e8aefba14eab8c2e" classname="com.github.traderjoe95.mls.protocol.tree.TreeKem" time="0.0"/>
  <testcase name="the decrypted path secret should be d0e9292440c785c3aa4fb6fa52c107ddb3bfacbec7686a15a1644b24f7870559b5bc6146800ecf43256b850d2dc13c7d" classname="com.github.traderjoe95.mls.protocol.tree.TreeKem" time="0.002"/>
  <testcase name="a new update path generated by the sender should be successfully processed" classname="com.github.traderjoe95.mls.protocol.tree.TreeKem" time="0.002"/>
  <testcase name="the update path should be parent-hash valid" classname="com.github.traderjoe95.mls.protocol.tree.TreeKem" time="0.0"/>
  <testcase name="the tree hash after merging the update path should be b9afa09dcc932f89cb71d37d3be7b32742384738a6a7b2d6e12806427007fa846ae2c28c209d3b84e8aefba14eab8c2e" classname="com.github.traderjoe95.mls.protocol.tree.TreeKem" time="0.0"/>
  <testcase name="the decrypted path secret should be d0e9292440c785c3aa4fb6fa52c107ddb3bfacbec7686a15a1644b24f7870559b5bc6146800ecf43256b850d2dc13c7d" classname="com.github.traderjoe95.mls.protocol.tree.TreeKem" time="0.001"/>
  <testcase name="a new update path generated by the sender should be successfully processed" classname="com.github.traderjoe95.mls.protocol.tree.TreeKem" time="0.002"/>
  <testcase name="the update path should be parent-hash valid" classname="com.github.traderjoe95.mls.protocol.tree.TreeKem" time="0.0"/>
  <testcase name="the tree hash after merging the update path should be b9afa09dcc932f89cb71d37d3be7b32742384738a6a7b2d6e12806427007fa846ae2c28c209d3b84e8aefba14eab8c2e" classname="com.github.traderjoe95.mls.protocol.tree.TreeKem" time="0.0"/>
  <testcase name="the decrypted path secret should be d23bf61e931ac37db0908350175c598594aa174ebe4df87f76bd3dae49f8bc0bb60c354bc3250a1b29de9d5ec6a9dcd7" classname="com.github.traderjoe95.mls.protocol.tree.TreeKem" time="0.002"/>
  <testcase name="a new update path generated by the sender should be successfully processed" classname="com.github.traderjoe95.mls.protocol.tree.TreeKem" time="0.002"/>
  <testcase name="the update path should be parent-hash valid" classname="com.github.traderjoe95.mls.protocol.tree.TreeKem" time="0.0"/>
  <testcase name="the tree hash after merging the update path should be b9afa09dcc932f89cb71d37d3be7b32742384738a6a7b2d6e12806427007fa846ae2c28c209d3b84e8aefba14eab8c2e" classname="com.github.traderjoe95.mls.protocol.tree.TreeKem" time="0.0"/>
  <testcase name="the decrypted path secret should be b25771f2e7d3fd8c3346f64d5c416312a4e48611720f4118951a9cd2041f9b904e1155f815dea747479ec10aa7a01759" classname="com.github.traderjoe95.mls.protocol.tree.TreeKem" time="0.001"/>
  <testcase name="a new update path generated by the sender should be successfully processed" classname="com.github.traderjoe95.mls.protocol.tree.TreeKem" time="0.002"/>
  <testcase name="the update path should be parent-hash valid" classname="com.github.traderjoe95.mls.protocol.tree.TreeKem" time="0.0"/>
  <testcase name="the tree hash after merging the update path should be b9afa09dcc932f89cb71d37d3be7b32742384738a6a7b2d6e12806427007fa846ae2c28c209d3b84e8aefba14eab8c2e" classname="com.github.traderjoe95.mls.protocol.tree.TreeKem" time="0.001"/>
  <testcase name="the decrypted path secret should be b25771f2e7d3fd8c3346f64d5c416312a4e48611720f4118951a9cd2041f9b904e1155f815dea747479ec10aa7a01759" classname="com.github.traderjoe95.mls.protocol.tree.TreeKem" time="0.002"/>
  <testcase name="a new update path generated by the sender should be successfully processed" classname="com.github.traderjoe95.mls.protocol.tree.TreeKem" time="0.002"/>
  <testcase name="the update path should be parent-hash valid" classname="com.github.traderjoe95.mls.protocol.tree.TreeKem" time="0.001"/>
  <testcase name="the tree hash after merging the update path should be 3d61402bee66bae1e53029e58a0533190eefa7c6e2dbd4d210b143faa799642a62dae7ffffcbc03eaff225a87f7c0146" classname="com.github.traderjoe95.mls.protocol.tree.TreeKem" time="0.0"/>
  <testcase name="the decrypted path secret should be d6c7ef7c7fd86527fbeffabc77737e0de129e05abf8a28eed7c4f00bb2934c29216b8f9f54497f9677e210432b91c60b" classname="com.github.traderjoe95.mls.protocol.tree.TreeKem" time="0.001"/>
  <testcase name="a new update path generated by the sender should be successfully processed" classname="com.github.traderjoe95.mls.protocol.tree.TreeKem" time="0.002"/>
  <testcase name="the update path should be parent-hash valid" classname="com.github.traderjoe95.mls.protocol.tree.TreeKem" time="0.0"/>
  <testcase name="the tree hash after merging the update path should be 3d61402bee66bae1e53029e58a0533190eefa7c6e2dbd4d210b143faa799642a62dae7ffffcbc03eaff225a87f7c0146" classname="com.github.traderjoe95.mls.protocol.tree.TreeKem" time="0.001"/>
  <testcase name="the decrypted path secret should be d6c7ef7c7fd86527fbeffabc77737e0de129e05abf8a28eed7c4f00bb2934c29216b8f9f54497f9677e210432b91c60b" classname="com.github.traderjoe95.mls.protocol.tree.TreeKem" time="0.002"/>
  <testcase name="a new update path generated by the sender should be successfully processed" classname="com.github.traderjoe95.mls.protocol.tree.TreeKem" time="0.003"/>
  <testcase name="the update path should be parent-hash valid" classname="com.github.traderjoe95.mls.protocol.tree.TreeKem" time="0.001"/>
  <testcase name="the tree hash after merging the update path should be 3d61402bee66bae1e53029e58a0533190eefa7c6e2dbd4d210b143faa799642a62dae7ffffcbc03eaff225a87f7c0146" classname="com.github.traderjoe95.mls.protocol.tree.TreeKem" time="0.0"/>
  <testcase name="the decrypted path secret should be a5c0e25e2c5363c040f256822676ae00dacab28a141761f6e8e1469467a73bbbb1bce648a2277c4d4bc8ee13cf9c8368" classname="com.github.traderjoe95.mls.protocol.tree.TreeKem" time="0.003"/>
  <testcase name="a new update path generated by the sender should be successfully processed" classname="com.github.traderjoe95.mls.protocol.tree.TreeKem" time="0.002"/>
  <testcase name="the update path should be parent-hash valid" classname="com.github.traderjoe95.mls.protocol.tree.TreeKem" time="0.0"/>
  <testcase name="the tree hash after merging the update path should be 3d61402bee66bae1e53029e58a0533190eefa7c6e2dbd4d210b143faa799642a62dae7ffffcbc03eaff225a87f7c0146" classname="com.github.traderjoe95.mls.protocol.tree.TreeKem" time="0.001"/>
  <testcase name="the decrypted path secret should be 7eb43e021fb94e93f5d0c6a5d00fdb16a95e3f582e955b04864ecacf5d7d664fe313262f42ae3ba40590c8ba52e263ce" classname="com.github.traderjoe95.mls.protocol.tree.TreeKem" time="0.002"/>
  <testcase name="a new update path generated by the sender should be successfully processed" classname="com.github.traderjoe95.mls.protocol.tree.TreeKem" time="0.002"/>
  <testcase name="the update path should be parent-hash valid" classname="com.github.traderjoe95.mls.protocol.tree.TreeKem" time="0.0"/>
  <testcase name="the tree hash after merging the update path should be 3d61402bee66bae1e53029e58a0533190eefa7c6e2dbd4d210b143faa799642a62dae7ffffcbc03eaff225a87f7c0146" classname="com.github.traderjoe95.mls.protocol.tree.TreeKem" time="0.0"/>
  <testcase name="the decrypted path secret should be 7eb43e021fb94e93f5d0c6a5d00fdb16a95e3f582e955b04864ecacf5d7d664fe313262f42ae3ba40590c8ba52e263ce" classname="com.github.traderjoe95.mls.protocol.tree.TreeKem" time="0.001"/>
  <testcase name="a new update path generated by the sender should be successfully processed" classname="com.github.traderjoe95.mls.protocol.tree.TreeKem" time="0.002"/>
  <testcase name="the update path should be parent-hash valid" classname="com.github.traderjoe95.mls.protocol.tree.TreeKem" time="0.0"/>
  <testcase name="the tree hash after merging the update path should be 81c7a7c3f5d964de648921daff5039295c38c33e0778fb72e498a9a3434e447d26db509e1fc0eecd1a004b16ac2ab317" classname="com.github.traderjoe95.mls.protocol.tree.TreeKem" time="0.001"/>
  <testcase name="the decrypted path secret should be 758bfd250a250df25783920eca2ed997e16b763fdb14fc2d5cc5efc17a1edf12acd08addb5cf0eb00478060197a1beff" classname="com.github.traderjoe95.mls.protocol.tree.TreeKem" time="0.002"/>
  <testcase name="a new update path generated by the sender should be successfully processed" classname="com.github.traderjoe95.mls.protocol.tree.TreeKem" time="0.002"/>
  <testcase name="the update path should be parent-hash valid" classname="com.github.traderjoe95.mls.protocol.tree.TreeKem" time="0.0"/>
  <testcase name="the tree hash after merging the update path should be 81c7a7c3f5d964de648921daff5039295c38c33e0778fb72e498a9a3434e447d26db509e1fc0eecd1a004b16ac2ab317" classname="com.github.traderjoe95.mls.protocol.tree.TreeKem" time="0.001"/>
  <testcase name="the decrypted path secret should be 758bfd250a250df25783920eca2ed997e16b763fdb14fc2d5cc5efc17a1edf12acd08addb5cf0eb00478060197a1beff" classname="com.github.traderjoe95.mls.protocol.tree.TreeKem" time="0.002"/>
  <testcase name="a new update path generated by the sender should be successfully processed" classname="com.github.traderjoe95.mls.protocol.tree.TreeKem" time="0.002"/>
  <testcase name="the update path should be parent-hash valid" classname="com.github.traderjoe95.mls.protocol.tree.TreeKem" time="0.0"/>
  <testcase name="the tree hash after merging the update path should be 81c7a7c3f5d964de648921daff5039295c38c33e0778fb72e498a9a3434e447d26db509e1fc0eecd1a004b16ac2ab317" classname="com.github.traderjoe95.mls.protocol.tree.TreeKem" time="0.0"/>
  <testcase name="the decrypted path secret should be 758bfd250a250df25783920eca2ed997e16b763fdb14fc2d5cc5efc17a1edf12acd08addb5cf0eb00478060197a1beff" classname="com.github.traderjoe95.mls.protocol.tree.TreeKem" time="0.002"/>
  <testcase name="a new update path generated by the sender should be successfully processed" classname="com.github.traderjoe95.mls.protocol.tree.TreeKem" time="0.003"/>
  <testcase name="the update path should be parent-hash valid" classname="com.github.traderjoe95.mls.protocol.tree.TreeKem" time="0.0"/>
  <testcase name="the tree hash after merging the update path should be 81c7a7c3f5d964de648921daff5039295c38c33e0778fb72e498a9a3434e447d26db509e1fc0eecd1a004b16ac2ab317" classname="com.github.traderjoe95.mls.protocol.tree.TreeKem" time="0.0"/>
  <testcase name="the decrypted path secret should be 758bfd250a250df25783920eca2ed997e16b763fdb14fc2d5cc5efc17a1edf12acd08addb5cf0eb00478060197a1beff" classname="com.github.traderjoe95.mls.protocol.tree.TreeKem" time="0.002"/>
  <testcase name="a new update path generated by the sender should be successfully processed" classname="com.github.traderjoe95.mls.protocol.tree.TreeKem" time="0.002"/>
  <testcase name="the update path should be parent-hash valid" classname="com.github.traderjoe95.mls.protocol.tree.TreeKem" time="0.0"/>
  <testcase name="the tree hash after merging the update path should be 81c7a7c3f5d964de648921daff5039295c38c33e0778fb72e498a9a3434e447d26db509e1fc0eecd1a004b16ac2ab317" classname="com.github.traderjoe95.mls.protocol.tree.TreeKem" time="0.001"/>
  <testcase name="the decrypted path secret should be b81d292017cfdf0ed9f2032b5765ac6575252962e7ffc3049424f54a65b23eed4fdbc3fb8fcbbe9e1a598bd1a11d6c07" classname="com.github.traderjoe95.mls.protocol.tree.TreeKem" time="0.002"/>
  <testcase name="a new update path generated by the sender should be successfully processed" classname="com.github.traderjoe95.mls.protocol.tree.TreeKem" time="0.002"/>
  <testcase name="the update path should be parent-hash valid" classname="com.github.traderjoe95.mls.protocol.tree.TreeKem" time="0.0"/>
  <testcase name="the tree hash after merging the update path should be acd05a7740551796bbee36f3a4591f492da8c9b149d78696145b84ca0336ef3367a3fed2a496dffa520389ad663dc844" classname="com.github.traderjoe95.mls.protocol.tree.TreeKem" time="0.0"/>
  <testcase name="the decrypted path secret should be 76b80c31c2cfeb224682e31ab28fd6822e6781315c7cac8079f87118a7bc5e7b42dc062da2fac865ea8c54044981024c" classname="com.github.traderjoe95.mls.protocol.tree.TreeKem" time="0.005"/>
  <testcase name="a new update path generated by the sender should be successfully processed" classname="com.github.traderjoe95.mls.protocol.tree.TreeKem" time="0.002"/>
  <testcase name="the update path should be parent-hash valid" classname="com.github.traderjoe95.mls.protocol.tree.TreeKem" time="0.0"/>
  <testcase name="the tree hash after merging the update path should be acd05a7740551796bbee36f3a4591f492da8c9b149d78696145b84ca0336ef3367a3fed2a496dffa520389ad663dc844" classname="com.github.traderjoe95.mls.protocol.tree.TreeKem" time="0.0"/>
  <testcase name="the decrypted path secret should be 76b80c31c2cfeb224682e31ab28fd6822e6781315c7cac8079f87118a7bc5e7b42dc062da2fac865ea8c54044981024c" classname="com.github.traderjoe95.mls.protocol.tree.TreeKem" time="0.002"/>
  <testcase name="a new update path generated by the sender should be successfully processed" classname="com.github.traderjoe95.mls.protocol.tree.TreeKem" time="0.003"/>
  <testcase name="the update path should be parent-hash valid" classname="com.github.traderjoe95.mls.protocol.tree.TreeKem" time="0.001"/>
  <testcase name="the tree hash after merging the update path should be acd05a7740551796bbee36f3a4591f492da8c9b149d78696145b84ca0336ef3367a3fed2a496dffa520389ad663dc844" classname="com.github.traderjoe95.mls.protocol.tree.TreeKem" time="0.0"/>
  <testcase name="the decrypted path secret should be 76b80c31c2cfeb224682e31ab28fd6822e6781315c7cac8079f87118a7bc5e7b42dc062da2fac865ea8c54044981024c" classname="com.github.traderjoe95.mls.protocol.tree.TreeKem" time="0.001"/>
  <testcase name="a new update path generated by the sender should be successfully processed" classname="com.github.traderjoe95.mls.protocol.tree.TreeKem" time="0.002"/>
  <testcase name="the update path should be parent-hash valid" classname="com.github.traderjoe95.mls.protocol.tree.TreeKem" time="0.0"/>
  <testcase name="the tree hash after merging the update path should be acd05a7740551796bbee36f3a4591f492da8c9b149d78696145b84ca0336ef3367a3fed2a496dffa520389ad663dc844" classname="com.github.traderjoe95.mls.protocol.tree.TreeKem" time="0.0"/>
  <testcase name="the decrypted path secret should be 76b80c31c2cfeb224682e31ab28fd6822e6781315c7cac8079f87118a7bc5e7b42dc062da2fac865ea8c54044981024c" classname="com.github.traderjoe95.mls.protocol.tree.TreeKem" time="0.001"/>
  <testcase name="a new update path generated by the sender should be successfully processed" classname="com.github.traderjoe95.mls.protocol.tree.TreeKem" time="0.002"/>
  <testcase name="the update path should be parent-hash valid" classname="com.github.traderjoe95.mls.protocol.tree.TreeKem" time="0.0"/>
  <testcase name="the tree hash after merging the update path should be acd05a7740551796bbee36f3a4591f492da8c9b149d78696145b84ca0336ef3367a3fed2a496dffa520389ad663dc844" classname="com.github.traderjoe95.mls.protocol.tree.TreeKem" time="0.0"/>
  <testcase name="the decrypted path secret should be ad6e8a18d7268085081d439845bf1e74ef3bbeca038bb2108dfe14be8445bfa664887131566e3974d8ea4bf520d88c99" classname="com.github.traderjoe95.mls.protocol.tree.TreeKem" time="0.002"/>
  <testcase name="a new update path generated by the sender should be successfully processed" classname="com.github.traderjoe95.mls.protocol.tree.TreeKem" time="0.002"/>
  <testcase name="non-blank leaf 0 should be consistent with the public state" classname="com.github.traderjoe95.mls.protocol.tree.TreeKem" time="0.009"/>
  <testcase name="non-blank leaf 1 should be consistent with the public state" classname="com.github.traderjoe95.mls.protocol.tree.TreeKem" time="0.009"/>
  <testcase name="non-blank leaf 2 should be consistent with the public state" classname="com.github.traderjoe95.mls.protocol.tree.TreeKem" time="0.009"/>
  <testcase name="non-blank leaf 3 should be consistent with the public state" classname="com.github.traderjoe95.mls.protocol.tree.TreeKem" time="0.01"/>
  <testcase name="non-blank leaf 4 should be consistent with the public state" classname="com.github.traderjoe95.mls.protocol.tree.TreeKem" time="0.009"/>
  <testcase name="non-blank leaf 5 should be consistent with the public state" classname="com.github.traderjoe95.mls.protocol.tree.TreeKem" time="0.015"/>
  <testcase name="non-blank leaf 6 should be consistent with the public state" classname="com.github.traderjoe95.mls.protocol.tree.TreeKem" time="0.007"/>
  <testcase name="the update path should be parent-hash valid" classname="com.github.traderjoe95.mls.protocol.tree.TreeKem" time="0.001"/>
  <testcase name="the tree hash after merging the update path should be 20631974f41288ef2c5baee81ed2a20d380096dc8e2744d60e085aa9a2cb2464cf7010374adc08f77d2f00c825596c40" classname="com.github.traderjoe95.mls.protocol.tree.TreeKem" time="0.0"/>
  <testcase name="the decrypted path secret should be 42292589547cc5cb9b17011a50ef0b6dac2187740e3fc6f6584524270f665deabe36ff629afb5f6209d5f06192676df5" classname="com.github.traderjoe95.mls.protocol.tree.TreeKem" time="0.002"/>
  <testcase name="a new update path generated by the sender should be successfully processed" classname="com.github.traderjoe95.mls.protocol.tree.TreeKem" time="0.002"/>
  <testcase name="the update path should be parent-hash valid" classname="com.github.traderjoe95.mls.protocol.tree.TreeKem" time="0.0"/>
  <testcase name="the tree hash after merging the update path should be 20631974f41288ef2c5baee81ed2a20d380096dc8e2744d60e085aa9a2cb2464cf7010374adc08f77d2f00c825596c40" classname="com.github.traderjoe95.mls.protocol.tree.TreeKem" time="0.0"/>
  <testcase name="the decrypted path secret should be 965cc796af669b8eb57db6c9a1789120cf46ac637973ad003eb0aa7fc83cff22920a9187274c761caaadeb1956a9eb45" classname="com.github.traderjoe95.mls.protocol.tree.TreeKem" time="0.002"/>
  <testcase name="a new update path generated by the sender should be successfully processed" classname="com.github.traderjoe95.mls.protocol.tree.TreeKem" time="0.002"/>
  <testcase name="the update path should be parent-hash valid" classname="com.github.traderjoe95.mls.protocol.tree.TreeKem" time="0.0"/>
  <testcase name="the tree hash after merging the update path should be 20631974f41288ef2c5baee81ed2a20d380096dc8e2744d60e085aa9a2cb2464cf7010374adc08f77d2f00c825596c40" classname="com.github.traderjoe95.mls.protocol.tree.TreeKem" time="0.0"/>
  <testcase name="the decrypted path secret should be 965cc796af669b8eb57db6c9a1789120cf46ac637973ad003eb0aa7fc83cff22920a9187274c761caaadeb1956a9eb45" classname="com.github.traderjoe95.mls.protocol.tree.TreeKem" time="0.002"/>
  <testcase name="a new update path generated by the sender should be successfully processed" classname="com.github.traderjoe95.mls.protocol.tree.TreeKem" time="0.002"/>
  <testcase name="the update path should be parent-hash valid" classname="com.github.traderjoe95.mls.protocol.tree.TreeKem" time="0.0"/>
  <testcase name="the tree hash after merging the update path should be 20631974f41288ef2c5baee81ed2a20d380096dc8e2744d60e085aa9a2cb2464cf7010374adc08f77d2f00c825596c40" classname="com.github.traderjoe95.mls.protocol.tree.TreeKem" time="0.0"/>
  <testcase name="the decrypted path secret should be 9ca9dc5dcfc42624124d36cfae43a4ca3a4287958bb1471a431d9aa7173adf7003d66c66f594ac97d23412a3771291f4" classname="com.github.traderjoe95.mls.protocol.tree.TreeKem" time="0.002"/>
  <testcase name="a new update path generated by the sender should be successfully processed" classname="com.github.traderjoe95.mls.protocol.tree.TreeKem" time="0.001"/>
  <testcase name="the update path should be parent-hash valid" classname="com.github.traderjoe95.mls.protocol.tree.TreeKem" time="0.001"/>
  <testcase name="the tree hash after merging the update path should be 20631974f41288ef2c5baee81ed2a20d380096dc8e2744d60e085aa9a2cb2464cf7010374adc08f77d2f00c825596c40" classname="com.github.traderjoe95.mls.protocol.tree.TreeKem" time="0.0"/>
  <testcase name="the decrypted path secret should be 9ca9dc5dcfc42624124d36cfae43a4ca3a4287958bb1471a431d9aa7173adf7003d66c66f594ac97d23412a3771291f4" classname="com.github.traderjoe95.mls.protocol.tree.TreeKem" time="0.002"/>
  <testcase name="a new update path generated by the sender should be successfully processed" classname="com.github.traderjoe95.mls.protocol.tree.TreeKem" time="0.002"/>
  <testcase name="the update path should be parent-hash valid" classname="com.github.traderjoe95.mls.protocol.tree.TreeKem" time="0.0"/>
  <testcase name="the tree hash after merging the update path should be 20631974f41288ef2c5baee81ed2a20d380096dc8e2744d60e085aa9a2cb2464cf7010374adc08f77d2f00c825596c40" classname="com.github.traderjoe95.mls.protocol.tree.TreeKem" time="0.0"/>
  <testcase name="the decrypted path secret should be 9ca9dc5dcfc42624124d36cfae43a4ca3a4287958bb1471a431d9aa7173adf7003d66c66f594ac97d23412a3771291f4" classname="com.github.traderjoe95.mls.protocol.tree.TreeKem" time="0.002"/>
  <testcase name="a new update path generated by the sender should be successfully processed" classname="com.github.traderjoe95.mls.protocol.tree.TreeKem" time="0.003"/>
  <testcase name="the update path should be parent-hash valid" classname="com.github.traderjoe95.mls.protocol.tree.TreeKem" time="0.0"/>
  <testcase name="the tree hash after merging the update path should be b3987f6f78938163277f7364941048c3366956a0d29adde6340592aaba2a4a78fb38518c6bf58bcd490cc696ecfa7ef4" classname="com.github.traderjoe95.mls.protocol.tree.TreeKem" time="0.0"/>
  <testcase name="the decrypted path secret should be f80742d2a851ebca3d97a3d067d601b7cbb7b23de82d17afe13a240f752dc6470bf49dd2941726c77783244c4b826471" classname="com.github.traderjoe95.mls.protocol.tree.TreeKem" time="0.002"/>
  <testcase name="a new update path generated by the sender should be successfully processed" classname="com.github.traderjoe95.mls.protocol.tree.TreeKem" time="0.002"/>
  <testcase name="the update path should be parent-hash valid" classname="com.github.traderjoe95.mls.protocol.tree.TreeKem" time="0.0"/>
  <testcase name="the tree hash after merging the update path should be b3987f6f78938163277f7364941048c3366956a0d29adde6340592aaba2a4a78fb38518c6bf58bcd490cc696ecfa7ef4" classname="com.github.traderjoe95.mls.protocol.tree.TreeKem" time="0.001"/>
  <testcase name="the decrypted path secret should be b01e2191136db9f02740529beca8c74a6e54a3946faf1ba9533d2e2098e68ceaa4e58cb29bc0096f06693274202f72e3" classname="com.github.traderjoe95.mls.protocol.tree.TreeKem" time="0.002"/>
  <testcase name="a new update path generated by the sender should be successfully processed" classname="com.github.traderjoe95.mls.protocol.tree.TreeKem" time="0.002"/>
  <testcase name="the update path should be parent-hash valid" classname="com.github.traderjoe95.mls.protocol.tree.TreeKem" time="0.0"/>
  <testcase name="the tree hash after merging the update path should be b3987f6f78938163277f7364941048c3366956a0d29adde6340592aaba2a4a78fb38518c6bf58bcd490cc696ecfa7ef4" classname="com.github.traderjoe95.mls.protocol.tree.TreeKem" time="0.0"/>
  <testcase name="the decrypted path secret should be b01e2191136db9f02740529beca8c74a6e54a3946faf1ba9533d2e2098e68ceaa4e58cb29bc0096f06693274202f72e3" classname="com.github.traderjoe95.mls.protocol.tree.TreeKem" time="0.001"/>
  <testcase name="a new update path generated by the sender should be successfully processed" classname="com.github.traderjoe95.mls.protocol.tree.TreeKem" time="0.002"/>
  <testcase name="the update path should be parent-hash valid" classname="com.github.traderjoe95.mls.protocol.tree.TreeKem" time="0.0"/>
  <testcase name="the tree hash after merging the update path should be b3987f6f78938163277f7364941048c3366956a0d29adde6340592aaba2a4a78fb38518c6bf58bcd490cc696ecfa7ef4" classname="com.github.traderjoe95.mls.protocol.tree.TreeKem" time="0.0"/>
  <testcase name="the decrypted path secret should be 43fed7155ab6173816aa607b05c67829e0c718362b5c96c1e128403e85eef3f3f2ee1423705a99b2493d950cac598b13" classname="com.github.traderjoe95.mls.protocol.tree.TreeKem" time="0.002"/>
  <testcase name="a new update path generated by the sender should be successfully processed" classname="com.github.traderjoe95.mls.protocol.tree.TreeKem" time="0.001"/>
  <testcase name="the update path should be parent-hash valid" classname="com.github.traderjoe95.mls.protocol.tree.TreeKem" time="0.001"/>
  <testcase name="the tree hash after merging the update path should be b3987f6f78938163277f7364941048c3366956a0d29adde6340592aaba2a4a78fb38518c6bf58bcd490cc696ecfa7ef4" classname="com.github.traderjoe95.mls.protocol.tree.TreeKem" time="0.001"/>
  <testcase name="the decrypted path secret should be 43fed7155ab6173816aa607b05c67829e0c718362b5c96c1e128403e85eef3f3f2ee1423705a99b2493d950cac598b13" classname="com.github.traderjoe95.mls.protocol.tree.TreeKem" time="0.002"/>
  <testcase name="a new update path generated by the sender should be successfully processed" classname="com.github.traderjoe95.mls.protocol.tree.TreeKem" time="0.002"/>
  <testcase name="the update path should be parent-hash valid" classname="com.github.traderjoe95.mls.protocol.tree.TreeKem" time="0.0"/>
  <testcase name="the tree hash after merging the update path should be b3987f6f78938163277f7364941048c3366956a0d29adde6340592aaba2a4a78fb38518c6bf58bcd490cc696ecfa7ef4" classname="com.github.traderjoe95.mls.protocol.tree.TreeKem" time="0.0"/>
  <testcase name="the decrypted path secret should be 43fed7155ab6173816aa607b05c67829e0c718362b5c96c1e128403e85eef3f3f2ee1423705a99b2493d950cac598b13" classname="com.github.traderjoe95.mls.protocol.tree.TreeKem" time="0.002"/>
  <testcase name="a new update path generated by the sender should be successfully processed" classname="com.github.traderjoe95.mls.protocol.tree.TreeKem" time="0.002"/>
  <testcase name="the update path should be parent-hash valid" classname="com.github.traderjoe95.mls.protocol.tree.TreeKem" time="0.001"/>
  <testcase name="the tree hash after merging the update path should be 048e5e9bba431cbf8120c198e9b125cdb2ee0da2711fd319a8bb4228a7f0d7f737bfbdd72cf7554897b873d14996d45f" classname="com.github.traderjoe95.mls.protocol.tree.TreeKem" time="0.001"/>
  <testcase name="the decrypted path secret should be d0e9292440c785c3aa4fb6fa52c107ddb3bfacbec7686a15a1644b24f7870559b5bc6146800ecf43256b850d2dc13c7d" classname="com.github.traderjoe95.mls.protocol.tree.TreeKem" time="0.002"/>
  <testcase name="a new update path generated by the sender should be successfully processed" classname="com.github.traderjoe95.mls.protocol.tree.TreeKem" time="0.002"/>
  <testcase name="the update path should be parent-hash valid" classname="com.github.traderjoe95.mls.protocol.tree.TreeKem" time="0.0"/>
  <testcase name="the tree hash after merging the update path should be 048e5e9bba431cbf8120c198e9b125cdb2ee0da2711fd319a8bb4228a7f0d7f737bfbdd72cf7554897b873d14996d45f" classname="com.github.traderjoe95.mls.protocol.tree.TreeKem" time="0.0"/>
  <testcase name="the decrypted path secret should be d0e9292440c785c3aa4fb6fa52c107ddb3bfacbec7686a15a1644b24f7870559b5bc6146800ecf43256b850d2dc13c7d" classname="com.github.traderjoe95.mls.protocol.tree.TreeKem" time="0.002"/>
  <testcase name="a new update path generated by the sender should be successfully processed" classname="com.github.traderjoe95.mls.protocol.tree.TreeKem" time="0.002"/>
  <testcase name="the update path should be parent-hash valid" classname="com.github.traderjoe95.mls.protocol.tree.TreeKem" time="0.0"/>
  <testcase name="the tree hash after merging the update path should be 048e5e9bba431cbf8120c198e9b125cdb2ee0da2711fd319a8bb4228a7f0d7f737bfbdd72cf7554897b873d14996d45f" classname="com.github.traderjoe95.mls.protocol.tree.TreeKem" time="0.001"/>
  <testcase name="the decrypted path secret should be d23bf61e931ac37db0908350175c598594aa174ebe4df87f76bd3dae49f8bc0bb60c354bc3250a1b29de9d5ec6a9dcd7" classname="com.github.traderjoe95.mls.protocol.tree.TreeKem" time="0.002"/>
  <testcase name="a new update path generated by the sender should be successfully processed" classname="com.github.traderjoe95.mls.protocol.tree.TreeKem" time="0.001"/>
  <testcase name="the update path should be parent-hash valid" classname="com.github.traderjoe95.mls.protocol.tree.TreeKem" time="0.001"/>
  <testcase name="the tree hash after merging the update path should be 048e5e9bba431cbf8120c198e9b125cdb2ee0da2711fd319a8bb4228a7f0d7f737bfbdd72cf7554897b873d14996d45f" classname="com.github.traderjoe95.mls.protocol.tree.TreeKem" time="0.001"/>
  <testcase name="the decrypted path secret should be b25771f2e7d3fd8c3346f64d5c416312a4e48611720f4118951a9cd2041f9b904e1155f815dea747479ec10aa7a01759" classname="com.github.traderjoe95.mls.protocol.tree.TreeKem" time="0.002"/>
  <testcase name="a new update path generated by the sender should be successfully processed" classname="com.github.traderjoe95.mls.protocol.tree.TreeKem" time="0.002"/>
  <testcase name="the update path should be parent-hash valid" classname="com.github.traderjoe95.mls.protocol.tree.TreeKem" time="0.001"/>
  <testcase name="the tree hash after merging the update path should be 048e5e9bba431cbf8120c198e9b125cdb2ee0da2711fd319a8bb4228a7f0d7f737bfbdd72cf7554897b873d14996d45f" classname="com.github.traderjoe95.mls.protocol.tree.TreeKem" time="0.0"/>
  <testcase name="the decrypted path secret should be b25771f2e7d3fd8c3346f64d5c416312a4e48611720f4118951a9cd2041f9b904e1155f815dea747479ec10aa7a01759" classname="com.github.traderjoe95.mls.protocol.tree.TreeKem" time="0.002"/>
  <testcase name="a new update path generated by the sender should be successfully processed" classname="com.github.traderjoe95.mls.protocol.tree.TreeKem" time="0.002"/>
  <testcase name="the update path should be parent-hash valid" classname="com.github.traderjoe95.mls.protocol.tree.TreeKem" time="0.0"/>
  <testcase name="the tree hash after merging the update path should be 048e5e9bba431cbf8120c198e9b125cdb2ee0da2711fd319a8bb4228a7f0d7f737bfbdd72cf7554897b873d14996d45f" classname="com.github.traderjoe95.mls.protocol.tree.TreeKem" time="0.0"/>
  <testcase name="the decrypted path secret should be b25771f2e7d3fd8c3346f64d5c416312a4e48611720f4118951a9cd2041f9b904e1155f815dea747479ec10aa7a01759" classname="com.github.traderjoe95.mls.protocol.tree.TreeKem" time="0.001"/>
  <testcase name="a new update path generated by the sender should be successfully processed" classname="com.github.traderjoe95.mls.protocol.tree.TreeKem" time="0.002"/>
  <testcase name="the update path should be parent-hash valid" classname="com.github.traderjoe95.mls.protocol.tree.TreeKem" time="0.0"/>
  <testcase name="the tree hash after merging the update path should be 83d429197d6438be4443663768a7acd16c1e2ac544291af7e5369de0e011c522436d0678841d397566ec8ca47ef09326" classname="com.github.traderjoe95.mls.protocol.tree.TreeKem" time="0.0"/>
  <testcase name="the decrypted path secret should be d6c7ef7c7fd86527fbeffabc77737e0de129e05abf8a28eed7c4f00bb2934c29216b8f9f54497f9677e210432b91c60b" classname="com.github.traderjoe95.mls.protocol.tree.TreeKem" time="0.002"/>
  <testcase name="a new update path generated by the sender should be successfully processed" classname="com.github.traderjoe95.mls.protocol.tree.TreeKem" time="0.002"/>
  <testcase name="the update path should be parent-hash valid" classname="com.github.traderjoe95.mls.protocol.tree.TreeKem" time="0.001"/>
  <testcase name="the tree hash after merging the update path should be 83d429197d6438be4443663768a7acd16c1e2ac544291af7e5369de0e011c522436d0678841d397566ec8ca47ef09326" classname="com.github.traderjoe95.mls.protocol.tree.TreeKem" time="0.0"/>
  <testcase name="the decrypted path secret should be d6c7ef7c7fd86527fbeffabc77737e0de129e05abf8a28eed7c4f00bb2934c29216b8f9f54497f9677e210432b91c60b" classname="com.github.traderjoe95.mls.protocol.tree.TreeKem" time="0.002"/>
  <testcase name="a new update path generated by the sender should be successfully processed" classname="com.github.traderjoe95.mls.protocol.tree.TreeKem" time="0.002"/>
  <testcase name="the update path should be parent-hash valid" classname="com.github.traderjoe95.mls.protocol.tree.TreeKem" time="0.0"/>
  <testcase name="the tree hash after merging the update path should be 83d429197d6438be4443663768a7acd16c1e2ac544291af7e5369de0e011c522436d0678841d397566ec8ca47ef09326" classname="com.github.traderjoe95.mls.protocol.tree.TreeKem" time="0.0"/>
  <testcase name="the decrypted path secret should be a5c0e25e2c5363c040f256822676ae00dacab28a141761f6e8e1469467a73bbbb1bce648a2277c4d4bc8ee13cf9c8368" classname="com.github.traderjoe95.mls.protocol.tree.TreeKem" time="0.003"/>
  <testcase name="a new update path generated by the sender should be successfully processed" classname="com.github.traderjoe95.mls.protocol.tree.TreeKem" time="0.003"/>
  <testcase name="the update path should be parent-hash valid" classname="com.github.traderjoe95.mls.protocol.tree.TreeKem" time="0.0"/>
  <testcase name="the tree hash after merging the update path should be 83d429197d6438be4443663768a7acd16c1e2ac544291af7e5369de0e011c522436d0678841d397566ec8ca47ef09326" classname="com.github.traderjoe95.mls.protocol.tree.TreeKem" time="0.001"/>
  <testcase name="the decrypted path secret should be 7eb43e021fb94e93f5d0c6a5d00fdb16a95e3f582e955b04864ecacf5d7d664fe313262f42ae3ba40590c8ba52e263ce" classname="com.github.traderjoe95.mls.protocol.tree.TreeKem" time="0.001"/>
  <testcase name="a new update path generated by the sender should be successfully processed" classname="com.github.traderjoe95.mls.protocol.tree.TreeKem" time="0.002"/>
  <testcase name="the update path should be parent-hash valid" classname="com.github.traderjoe95.mls.protocol.tree.TreeKem" time="0.0"/>
  <testcase name="the tree hash after merging the update path should be 83d429197d6438be4443663768a7acd16c1e2ac544291af7e5369de0e011c522436d0678841d397566ec8ca47ef09326" classname="com.github.traderjoe95.mls.protocol.tree.TreeKem" time="0.001"/>
  <testcase name="the decrypted path secret should be 7eb43e021fb94e93f5d0c6a5d00fdb16a95e3f582e955b04864ecacf5d7d664fe313262f42ae3ba40590c8ba52e263ce" classname="com.github.traderjoe95.mls.protocol.tree.TreeKem" time="0.002"/>
  <testcase name="a new update path generated by the sender should be successfully processed" classname="com.github.traderjoe95.mls.protocol.tree.TreeKem" time="0.002"/>
  <testcase name="the update path should be parent-hash valid" classname="com.github.traderjoe95.mls.protocol.tree.TreeKem" time="0.0"/>
  <testcase name="the tree hash after merging the update path should be 83d429197d6438be4443663768a7acd16c1e2ac544291af7e5369de0e011c522436d0678841d397566ec8ca47ef09326" classname="com.github.traderjoe95.mls.protocol.tree.TreeKem" time="0.0"/>
  <testcase name="the decrypted path secret should be 7eb43e021fb94e93f5d0c6a5d00fdb16a95e3f582e955b04864ecacf5d7d664fe313262f42ae3ba40590c8ba52e263ce" classname="com.github.traderjoe95.mls.protocol.tree.TreeKem" time="0.001"/>
  <testcase name="a new update path generated by the sender should be successfully processed" classname="com.github.traderjoe95.mls.protocol.tree.TreeKem" time="0.002"/>
  <testcase name="the update path should be parent-hash valid" classname="com.github.traderjoe95.mls.protocol.tree.TreeKem" time="0.0"/>
  <testcase name="the tree hash after merging the update path should be 54ecbe26b560ff75bcfafa6988afd35d0c419a1d899d7507f81b0a2e3a1bfb081a1175e4cc126517790e17b7773f2bc7" classname="com.github.traderjoe95.mls.protocol.tree.TreeKem" time="0.0"/>
  <testcase name="the decrypted path secret should be d8ed0258908efee6b5d05df049afc8d37687a1f2ae44bba4b47d6ab672be6dcade5fb72fc2127262bacf60f46bafec63" classname="com.github.traderjoe95.mls.protocol.tree.TreeKem" time="0.002"/>
  <testcase name="a new update path generated by the sender should be successfully processed" classname="com.github.traderjoe95.mls.protocol.tree.TreeKem" time="0.002"/>
  <testcase name="the update path should be parent-hash valid" classname="com.github.traderjoe95.mls.protocol.tree.TreeKem" time="0.0"/>
  <testcase name="the tree hash after merging the update path should be 54ecbe26b560ff75bcfafa6988afd35d0c419a1d899d7507f81b0a2e3a1bfb081a1175e4cc126517790e17b7773f2bc7" classname="com.github.traderjoe95.mls.protocol.tree.TreeKem" time="0.0"/>
  <testcase name="the decrypted path secret should be d8ed0258908efee6b5d05df049afc8d37687a1f2ae44bba4b47d6ab672be6dcade5fb72fc2127262bacf60f46bafec63" classname="com.github.traderjoe95.mls.protocol.tree.TreeKem" time="0.002"/>
  <testcase name="a new update path generated by the sender should be successfully processed" classname="com.github.traderjoe95.mls.protocol.tree.TreeKem" time="0.002"/>
  <testcase name="the update path should be parent-hash valid" classname="com.github.traderjoe95.mls.protocol.tree.TreeKem" time="0.0"/>
  <testcase name="the tree hash after merging the update path should be 54ecbe26b560ff75bcfafa6988afd35d0c419a1d899d7507f81b0a2e3a1bfb081a1175e4cc126517790e17b7773f2bc7" classname="com.github.traderjoe95.mls.protocol.tree.TreeKem" time="0.001"/>
  <testcase name="the decrypted path secret should be d8ed0258908efee6b5d05df049afc8d37687a1f2ae44bba4b47d6ab672be6dcade5fb72fc2127262bacf60f46bafec63" classname="com.github.traderjoe95.mls.protocol.tree.TreeKem" time="0.002"/>
  <testcase name="a new update path generated by the sender should be successfully processed" classname="com.github.traderjoe95.mls.protocol.tree.TreeKem" time="0.002"/>
  <testcase name="the update path should be parent-hash valid" classname="com.github.traderjoe95.mls.protocol.tree.TreeKem" time="0.0"/>
  <testcase name="the tree hash after merging the update path should be 54ecbe26b560ff75bcfafa6988afd35d0c419a1d899d7507f81b0a2e3a1bfb081a1175e4cc126517790e17b7773f2bc7" classname="com.github.traderjoe95.mls.protocol.tree.TreeKem" time="0.0"/>
  <testcase name="the decrypted path secret should be d8ed0258908efee6b5d05df049afc8d37687a1f2ae44bba4b47d6ab672be6dcade5fb72fc2127262bacf60f46bafec63" classname="com.github.traderjoe95.mls.protocol.tree.TreeKem" time="0.001"/>
  <testcase name="a new update path generated by the sender should be successfully processed" classname="com.github.traderjoe95.mls.protocol.tree.TreeKem" time="0.002"/>
  <testcase name="the update path should be parent-hash valid" classname="com.github.traderjoe95.mls.protocol.tree.TreeKem" time="0.0"/>
  <testcase name="the tree hash after merging the update path should be 54ecbe26b560ff75bcfafa6988afd35d0c419a1d899d7507f81b0a2e3a1bfb081a1175e4cc126517790e17b7773f2bc7" classname="com.github.traderjoe95.mls.protocol.tree.TreeKem" time="0.0"/>
  <testcase name="the decrypted path secret should be b81d292017cfdf0ed9f2032b5765ac6575252962e7ffc3049424f54a65b23eed4fdbc3fb8fcbbe9e1a598bd1a11d6c07" classname="com.github.traderjoe95.mls.protocol.tree.TreeKem" time="0.001"/>
  <testcase name="a new update path generated by the sender should be successfully processed" classname="com.github.traderjoe95.mls.protocol.tree.TreeKem" time="0.002"/>
  <testcase name="the update path should be parent-hash valid" classname="com.github.traderjoe95.mls.protocol.tree.TreeKem" time="0.0"/>
  <testcase name="the tree hash after merging the update path should be 54ecbe26b560ff75bcfafa6988afd35d0c419a1d899d7507f81b0a2e3a1bfb081a1175e4cc126517790e17b7773f2bc7" classname="com.github.traderjoe95.mls.protocol.tree.TreeKem" time="0.001"/>
  <testcase name="the decrypted path secret should be 758bfd250a250df25783920eca2ed997e16b763fdb14fc2d5cc5efc17a1edf12acd08addb5cf0eb00478060197a1beff" classname="com.github.traderjoe95.mls.protocol.tree.TreeKem" time="0.002"/>
  <testcase name="a new update path generated by the sender should be successfully processed" classname="com.github.traderjoe95.mls.protocol.tree.TreeKem" time="0.002"/>
  <testcase name="the update path should be parent-hash valid" classname="com.github.traderjoe95.mls.protocol.tree.TreeKem" time="0.001"/>
  <testcase name="the tree hash after merging the update path should be 831caaac1d83610127b6c11d17fd8d1f2a04ef0ac164b19f9ac98645b99618fde9cfbad29edf7fa48104bb4d99149d0a" classname="com.github.traderjoe95.mls.protocol.tree.TreeKem" time="0.001"/>
  <testcase name="the decrypted path secret should be ac227f695aa1345a6cdb8132a1d9657b030f6595ae91319314dfbf103af22dc854943c9272fd085e607837973b0e4464" classname="com.github.traderjoe95.mls.protocol.tree.TreeKem" time="0.003"/>
  <testcase name="a new update path generated by the sender should be successfully processed" classname="com.github.traderjoe95.mls.protocol.tree.TreeKem" time="0.003"/>
  <testcase name="the update path should be parent-hash valid" classname="com.github.traderjoe95.mls.protocol.tree.TreeKem" time="0.0"/>
  <testcase name="the tree hash after merging the update path should be 831caaac1d83610127b6c11d17fd8d1f2a04ef0ac164b19f9ac98645b99618fde9cfbad29edf7fa48104bb4d99149d0a" classname="com.github.traderjoe95.mls.protocol.tree.TreeKem" time="0.001"/>
  <testcase name="the decrypted path secret should be ac227f695aa1345a6cdb8132a1d9657b030f6595ae91319314dfbf103af22dc854943c9272fd085e607837973b0e4464" classname="com.github.traderjoe95.mls.protocol.tree.TreeKem" time="0.002"/>
  <testcase name="a new update path generated by the sender should be successfully processed" classname="com.github.traderjoe95.mls.protocol.tree.TreeKem" time="0.002"/>
  <testcase name="the update path should be parent-hash valid" classname="com.github.traderjoe95.mls.protocol.tree.TreeKem" time="0.0"/>
  <testcase name="the tree hash after merging the update path should be 831caaac1d83610127b6c11d17fd8d1f2a04ef0ac164b19f9ac98645b99618fde9cfbad29edf7fa48104bb4d99149d0a" classname="com.github.traderjoe95.mls.protocol.tree.TreeKem" time="0.001"/>
  <testcase name="the decrypted path secret should be ac227f695aa1345a6cdb8132a1d9657b030f6595ae91319314dfbf103af22dc854943c9272fd085e607837973b0e4464" classname="com.github.traderjoe95.mls.protocol.tree.TreeKem" time="0.002"/>
  <testcase name="a new update path generated by the sender should be successfully processed" classname="com.github.traderjoe95.mls.protocol.tree.TreeKem" time="0.001"/>
  <testcase name="the update path should be parent-hash valid" classname="com.github.traderjoe95.mls.protocol.tree.TreeKem" time="0.001"/>
  <testcase name="the tree hash after merging the update path should be 831caaac1d83610127b6c11d17fd8d1f2a04ef0ac164b19f9ac98645b99618fde9cfbad29edf7fa48104bb4d99149d0a" classname="com.github.traderjoe95.mls.protocol.tree.TreeKem" time="0.0"/>
  <testcase name="the decrypted path secret should be ac227f695aa1345a6cdb8132a1d9657b030f6595ae91319314dfbf103af22dc854943c9272fd085e607837973b0e4464" classname="com.github.traderjoe95.mls.protocol.tree.TreeKem" time="0.002"/>
  <testcase name="a new update path generated by the sender should be successfully processed" classname="com.github.traderjoe95.mls.protocol.tree.TreeKem" time="0.002"/>
  <testcase name="the update path should be parent-hash valid" classname="com.github.traderjoe95.mls.protocol.tree.TreeKem" time="0.0"/>
  <testcase name="the tree hash after merging the update path should be 831caaac1d83610127b6c11d17fd8d1f2a04ef0ac164b19f9ac98645b99618fde9cfbad29edf7fa48104bb4d99149d0a" classname="com.github.traderjoe95.mls.protocol.tree.TreeKem" time="0.001"/>
  <testcase name="the decrypted path secret should be ad6e8a18d7268085081d439845bf1e74ef3bbeca038bb2108dfe14be8445bfa664887131566e3974d8ea4bf520d88c99" classname="com.github.traderjoe95.mls.protocol.tree.TreeKem" time="0.002"/>
  <testcase name="a new update path generated by the sender should be successfully processed" classname="com.github.traderjoe95.mls.protocol.tree.TreeKem" time="0.002"/>
  <testcase name="the update path should be parent-hash valid" classname="com.github.traderjoe95.mls.protocol.tree.TreeKem" time="0.0"/>
  <testcase name="the tree hash after merging the update path should be 831caaac1d83610127b6c11d17fd8d1f2a04ef0ac164b19f9ac98645b99618fde9cfbad29edf7fa48104bb4d99149d0a" classname="com.github.traderjoe95.mls.protocol.tree.TreeKem" time="0.0"/>
  <testcase name="the decrypted path secret should be 76b80c31c2cfeb224682e31ab28fd6822e6781315c7cac8079f87118a7bc5e7b42dc062da2fac865ea8c54044981024c" classname="com.github.traderjoe95.mls.protocol.tree.TreeKem" time="0.002"/>
  <testcase name="a new update path generated by the sender should be successfully processed" classname="com.github.traderjoe95.mls.protocol.tree.TreeKem" time="0.002"/>
  <testcase name="the update path should be parent-hash valid" classname="com.github.traderjoe95.mls.protocol.tree.TreeKem" time="0.0"/>
  <testcase name="the tree hash after merging the update path should be ec3546bf76d18b4d0c922ec54b928dcfd67b8e84f3a48eefdcd271b11919cfc2a68d53d5500cc09993f1acc98adbd73f" classname="com.github.traderjoe95.mls.protocol.tree.TreeKem" time="0.0"/>
  <testcase name="the decrypted path secret should be 6c0ed308f9457f4d2271af6e7f695402149830044e1ecf701e30afac1a7a4d0c9e918a8c76ff45991ef4bbefdcbe4389" classname="com.github.traderjoe95.mls.protocol.tree.TreeKem" time="0.002"/>
  <testcase name="a new update path generated by the sender should be successfully processed" classname="com.github.traderjoe95.mls.protocol.tree.TreeKem" time="0.002"/>
  <testcase name="the update path should be parent-hash valid" classname="com.github.traderjoe95.mls.protocol.tree.TreeKem" time="0.0"/>
  <testcase name="the tree hash after merging the update path should be ec3546bf76d18b4d0c922ec54b928dcfd67b8e84f3a48eefdcd271b11919cfc2a68d53d5500cc09993f1acc98adbd73f" classname="com.github.traderjoe95.mls.protocol.tree.TreeKem" time="0.0"/>
  <testcase name="the decrypted path secret should be 6c0ed308f9457f4d2271af6e7f695402149830044e1ecf701e30afac1a7a4d0c9e918a8c76ff45991ef4bbefdcbe4389" classname="com.github.traderjoe95.mls.protocol.tree.TreeKem" time="0.002"/>
  <testcase name="a new update path generated by the sender should be successfully processed" classname="com.github.traderjoe95.mls.protocol.tree.TreeKem" time="0.002"/>
  <testcase name="the update path should be parent-hash valid" classname="com.github.traderjoe95.mls.protocol.tree.TreeKem" time="0.0"/>
  <testcase name="the tree hash after merging the update path should be ec3546bf76d18b4d0c922ec54b928dcfd67b8e84f3a48eefdcd271b11919cfc2a68d53d5500cc09993f1acc98adbd73f" classname="com.github.traderjoe95.mls.protocol.tree.TreeKem" time="0.001"/>
  <testcase name="the decrypted path secret should be 6c0ed308f9457f4d2271af6e7f695402149830044e1ecf701e30afac1a7a4d0c9e918a8c76ff45991ef4bbefdcbe4389" classname="com.github.traderjoe95.mls.protocol.tree.TreeKem" time="0.002"/>
  <testcase name="a new update path generated by the sender should be successfully processed" classname="com.github.traderjoe95.mls.protocol.tree.TreeKem" time="0.002"/>
  <testcase name="the update path should be parent-hash valid" classname="com.github.traderjoe95.mls.protocol.tree.TreeKem" time="0.0"/>
  <testcase name="the tree hash after merging the update path should be ec3546bf76d18b4d0c922ec54b928dcfd67b8e84f3a48eefdcd271b11919cfc2a68d53d5500cc09993f1acc98adbd73f" classname="com.github.traderjoe95.mls.protocol.tree.TreeKem" time="0.0"/>
  <testcase name="the decrypted path secret should be 6c0ed308f9457f4d2271af6e7f695402149830044e1ecf701e30afac1a7a4d0c9e918a8c76ff45991ef4bbefdcbe4389" classname="com.github.traderjoe95.mls.protocol.tree.TreeKem" time="0.002"/>
  <testcase name="a new update path generated by the sender should be successfully processed" classname="com.github.traderjoe95.mls.protocol.tree.TreeKem" time="0.002"/>
  <testcase name="the update path should be parent-hash valid" classname="com.github.traderjoe95.mls.protocol.tree.TreeKem" time="0.0"/>
  <testcase name="the tree hash after merging the update path should be ec3546bf76d18b4d0c922ec54b928dcfd67b8e84f3a48eefdcd271b11919cfc2a68d53d5500cc09993f1acc98adbd73f" classname="com.github.traderjoe95.mls.protocol.tree.TreeKem" time="0.001"/>
  <testcase name="the decrypted path secret should be 5c1278d7d06b833dc42908536117abbb26ef11cc740facfb41d63d89da9d1ca89b2348189d5972b8d72f88cf4b5b529c" classname="com.github.traderjoe95.mls.protocol.tree.TreeKem" time="0.002"/>
  <testcase name="a new update path generated by the sender should be successfully processed" classname="com.github.traderjoe95.mls.protocol.tree.TreeKem" time="0.002"/>
  <testcase name="the update path should be parent-hash valid" classname="com.github.traderjoe95.mls.protocol.tree.TreeKem" time="0.0"/>
  <testcase name="the tree hash after merging the update path should be ec3546bf76d18b4d0c922ec54b928dcfd67b8e84f3a48eefdcd271b11919cfc2a68d53d5500cc09993f1acc98adbd73f" classname="com.github.traderjoe95.mls.protocol.tree.TreeKem" time="0.001"/>
  <testcase name="the decrypted path secret should be 5c1278d7d06b833dc42908536117abbb26ef11cc740facfb41d63d89da9d1ca89b2348189d5972b8d72f88cf4b5b529c" classname="com.github.traderjoe95.mls.protocol.tree.TreeKem" time="0.002"/>
  <testcase name="a new update path generated by the sender should be successfully processed" classname="com.github.traderjoe95.mls.protocol.tree.TreeKem" time="0.002"/>
  <testcase name="non-blank leaf 0 should be consistent with the public state" classname="com.github.traderjoe95.mls.protocol.tree.TreeKem" time="0.009"/>
  <testcase name="non-blank leaf 1 should be consistent with the public state" classname="com.github.traderjoe95.mls.protocol.tree.TreeKem" time="0.008"/>
  <testcase name="non-blank leaf 2 should be consistent with the public state" classname="com.github.traderjoe95.mls.protocol.tree.TreeKem" time="0.008"/>
  <testcase name="non-blank leaf 3 should be consistent with the public state" classname="com.github.traderjoe95.mls.protocol.tree.TreeKem" time="0.008"/>
  <testcase name="non-blank leaf 4 should be consistent with the public state" classname="com.github.traderjoe95.mls.protocol.tree.TreeKem" time="0.017"/>
  <testcase name="non-blank leaf 5 should be consistent with the public state" classname="com.github.traderjoe95.mls.protocol.tree.TreeKem" time="0.016"/>
  <testcase name="non-blank leaf 6 should be consistent with the public state" classname="com.github.traderjoe95.mls.protocol.tree.TreeKem" time="0.013"/>
  <testcase name="non-blank leaf 7 should be consistent with the public state" classname="com.github.traderjoe95.mls.protocol.tree.TreeKem" time="0.008"/>
  <testcase name="the update path should be parent-hash valid" classname="com.github.traderjoe95.mls.protocol.tree.TreeKem" time="0.0"/>
  <testcase name="the tree hash after merging the update path should be fbc56a34336df0d01a6c3f50d19df9b79d43d7e794237d206e1a73518a96d2be8fab2367d36f32478516cb8dac705b95" classname="com.github.traderjoe95.mls.protocol.tree.TreeKem" time="0.0"/>
  <testcase name="the decrypted path secret should be 42292589547cc5cb9b17011a50ef0b6dac2187740e3fc6f6584524270f665deabe36ff629afb5f6209d5f06192676df5" classname="com.github.traderjoe95.mls.protocol.tree.TreeKem" time="0.002"/>
  <testcase name="a new update path generated by the sender should be successfully processed" classname="com.github.traderjoe95.mls.protocol.tree.TreeKem" time="0.002"/>
  <testcase name="the update path should be parent-hash valid" classname="com.github.traderjoe95.mls.protocol.tree.TreeKem" time="0.0"/>
  <testcase name="the tree hash after merging the update path should be fbc56a34336df0d01a6c3f50d19df9b79d43d7e794237d206e1a73518a96d2be8fab2367d36f32478516cb8dac705b95" classname="com.github.traderjoe95.mls.protocol.tree.TreeKem" time="0.0"/>
  <testcase name="the decrypted path secret should be 965cc796af669b8eb57db6c9a1789120cf46ac637973ad003eb0aa7fc83cff22920a9187274c761caaadeb1956a9eb45" classname="com.github.traderjoe95.mls.protocol.tree.TreeKem" time="0.002"/>
  <testcase name="a new update path generated by the sender should be successfully processed" classname="com.github.traderjoe95.mls.protocol.tree.TreeKem" time="0.002"/>
  <testcase name="the update path should be parent-hash valid" classname="com.github.traderjoe95.mls.protocol.tree.TreeKem" time="0.0"/>
  <testcase name="the tree hash after merging the update path should be fbc56a34336df0d01a6c3f50d19df9b79d43d7e794237d206e1a73518a96d2be8fab2367d36f32478516cb8dac705b95" classname="com.github.traderjoe95.mls.protocol.tree.TreeKem" time="0.0"/>
  <testcase name="the decrypted path secret should be 965cc796af669b8eb57db6c9a1789120cf46ac637973ad003eb0aa7fc83cff22920a9187274c761caaadeb1956a9eb45" classname="com.github.traderjoe95.mls.protocol.tree.TreeKem" time="0.002"/>
  <testcase name="a new update path generated by the sender should be successfully processed" classname="com.github.traderjoe95.mls.protocol.tree.TreeKem" time="0.002"/>
  <testcase name="the update path should be parent-hash valid" classname="com.github.traderjoe95.mls.protocol.tree.TreeKem" time="0.0"/>
  <testcase name="the tree hash after merging the update path should be fbc56a34336df0d01a6c3f50d19df9b79d43d7e794237d206e1a73518a96d2be8fab2367d36f32478516cb8dac705b95" classname="com.github.traderjoe95.mls.protocol.tree.TreeKem" time="0.0"/>
  <testcase name="the decrypted path secret should be 9ca9dc5dcfc42624124d36cfae43a4ca3a4287958bb1471a431d9aa7173adf7003d66c66f594ac97d23412a3771291f4" classname="com.github.traderjoe95.mls.protocol.tree.TreeKem" time="0.001"/>
  <testcase name="a new update path generated by the sender should be successfully processed" classname="com.github.traderjoe95.mls.protocol.tree.TreeKem" time="0.002"/>
  <testcase name="the update path should be parent-hash valid" classname="com.github.traderjoe95.mls.protocol.tree.TreeKem" time="0.0"/>
  <testcase name="the tree hash after merging the update path should be fbc56a34336df0d01a6c3f50d19df9b79d43d7e794237d206e1a73518a96d2be8fab2367d36f32478516cb8dac705b95" classname="com.github.traderjoe95.mls.protocol.tree.TreeKem" time="0.0"/>
  <testcase name="the decrypted path secret should be 9ca9dc5dcfc42624124d36cfae43a4ca3a4287958bb1471a431d9aa7173adf7003d66c66f594ac97d23412a3771291f4" classname="com.github.traderjoe95.mls.protocol.tree.TreeKem" time="0.002"/>
  <testcase name="a new update path generated by the sender should be successfully processed" classname="com.github.traderjoe95.mls.protocol.tree.TreeKem" time="0.003"/>
  <testcase name="the update path should be parent-hash valid" classname="com.github.traderjoe95.mls.protocol.tree.TreeKem" time="0.0"/>
  <testcase name="the tree hash after merging the update path should be fbc56a34336df0d01a6c3f50d19df9b79d43d7e794237d206e1a73518a96d2be8fab2367d36f32478516cb8dac705b95" classname="com.github.traderjoe95.mls.protocol.tree.TreeKem" time="0.001"/>
  <testcase name="the decrypted path secret should be 9ca9dc5dcfc42624124d36cfae43a4ca3a4287958bb1471a431d9aa7173adf7003d66c66f594ac97d23412a3771291f4" classname="com.github.traderjoe95.mls.protocol.tree.TreeKem" time="0.002"/>
  <testcase name="a new update path generated by the sender should be successfully processed" classname="com.github.traderjoe95.mls.protocol.tree.TreeKem" time="0.002"/>
  <testcase name="the update path should be parent-hash valid" classname="com.github.traderjoe95.mls.protocol.tree.TreeKem" time="0.0"/>
  <testcase name="the tree hash after merging the update path should be fbc56a34336df0d01a6c3f50d19df9b79d43d7e794237d206e1a73518a96d2be8fab2367d36f32478516cb8dac705b95" classname="com.github.traderjoe95.mls.protocol.tree.TreeKem" time="0.0"/>
  <testcase name="the decrypted path secret should be 9ca9dc5dcfc42624124d36cfae43a4ca3a4287958bb1471a431d9aa7173adf7003d66c66f594ac97d23412a3771291f4" classname="com.github.traderjoe95.mls.protocol.tree.TreeKem" time="0.002"/>
  <testcase name="a new update path generated by the sender should be successfully processed" classname="com.github.traderjoe95.mls.protocol.tree.TreeKem" time="0.002"/>
  <testcase name="the update path should be parent-hash valid" classname="com.github.traderjoe95.mls.protocol.tree.TreeKem" time="0.001"/>
  <testcase name="the tree hash after merging the update path should be 31c6d404078c5fbe47090df2911d4ed0bbfba7fa8519eef1230c8dca6580b51b8da522c77d3e51abc5f373037fd9266c" classname="com.github.traderjoe95.mls.protocol.tree.TreeKem" time="0.001"/>
  <testcase name="the decrypted path secret should be f80742d2a851ebca3d97a3d067d601b7cbb7b23de82d17afe13a240f752dc6470bf49dd2941726c77783244c4b826471" classname="com.github.traderjoe95.mls.protocol.tree.TreeKem" time="0.003"/>
  <testcase name="a new update path generated by the sender should be successfully processed" classname="com.github.traderjoe95.mls.protocol.tree.TreeKem" time="0.003"/>
  <testcase name="the update path should be parent-hash valid" classname="com.github.traderjoe95.mls.protocol.tree.TreeKem" time="0.0"/>
  <testcase name="the tree hash after merging the update path should be 31c6d404078c5fbe47090df2911d4ed0bbfba7fa8519eef1230c8dca6580b51b8da522c77d3e51abc5f373037fd9266c" classname="com.github.traderjoe95.mls.protocol.tree.TreeKem" time="0.0"/>
  <testcase name="the decrypted path secret should be b01e2191136db9f02740529beca8c74a6e54a3946faf1ba9533d2e2098e68ceaa4e58cb29bc0096f06693274202f72e3" classname="com.github.traderjoe95.mls.protocol.tree.TreeKem" time="0.003"/>
  <testcase name="a new update path generated by the sender should be successfully processed" classname="com.github.traderjoe95.mls.protocol.tree.TreeKem" time="0.004"/>
  <testcase name="the update path should be parent-hash valid" classname="com.github.traderjoe95.mls.protocol.tree.TreeKem" time="0.0"/>
  <testcase name="the tree hash after merging the update path should be 31c6d404078c5fbe47090df2911d4ed0bbfba7fa8519eef1230c8dca6580b51b8da522c77d3e51abc5f373037fd9266c" classname="com.github.traderjoe95.mls.protocol.tree.TreeKem" time="0.001"/>
  <testcase name="the decrypted path secret should be b01e2191136db9f02740529beca8c74a6e54a3946faf1ba9533d2e2098e68ceaa4e58cb29bc0096f06693274202f72e3" classname="com.github.traderjoe95.mls.protocol.tree.TreeKem" time="0.002"/>
  <testcase name="a new update path generated by the sender should be successfully processed" classname="com.github.traderjoe95.mls.protocol.tree.TreeKem" time="0.003"/>
  <testcase name="the update path should be parent-hash valid" classname="com.github.traderjoe95.mls.protocol.tree.TreeKem" time="0.0"/>
  <testcase name="the tree hash after merging the update path should be 31c6d404078c5fbe47090df2911d4ed0bbfba7fa8519eef1230c8dca6580b51b8da522c77d3e51abc5f373037fd9266c" classname="com.github.traderjoe95.mls.protocol.tree.TreeKem" time="0.0"/>
  <testcase name="the decrypted path secret should be 43fed7155ab6173816aa607b05c67829e0c718362b5c96c1e128403e85eef3f3f2ee1423705a99b2493d950cac598b13" classname="com.github.traderjoe95.mls.protocol.tree.TreeKem" time="0.002"/>
  <testcase name="a new update path generated by the sender should be successfully processed" classname="com.github.traderjoe95.mls.protocol.tree.TreeKem" time="0.002"/>
  <testcase name="the update path should be parent-hash valid" classname="com.github.traderjoe95.mls.protocol.tree.TreeKem" time="0.001"/>
  <testcase name="the tree hash after merging the update path should be 31c6d404078c5fbe47090df2911d4ed0bbfba7fa8519eef1230c8dca6580b51b8da522c77d3e51abc5f373037fd9266c" classname="com.github.traderjoe95.mls.protocol.tree.TreeKem" time="0.001"/>
  <testcase name="the decrypted path secret should be 43fed7155ab6173816aa607b05c67829e0c718362b5c96c1e128403e85eef3f3f2ee1423705a99b2493d950cac598b13" classname="com.github.traderjoe95.mls.protocol.tree.TreeKem" time="0.002"/>
  <testcase name="a new update path generated by the sender should be successfully processed" classname="com.github.traderjoe95.mls.protocol.tree.TreeKem" time="0.003"/>
  <testcase name="the update path should be parent-hash valid" classname="com.github.traderjoe95.mls.protocol.tree.TreeKem" time="0.0"/>
  <testcase name="the tree hash after merging the update path should be 31c6d404078c5fbe47090df2911d4ed0bbfba7fa8519eef1230c8dca6580b51b8da522c77d3e51abc5f373037fd9266c" classname="com.github.traderjoe95.mls.protocol.tree.TreeKem" time="0.0"/>
  <testcase name="the decrypted path secret should be 43fed7155ab6173816aa607b05c67829e0c718362b5c96c1e128403e85eef3f3f2ee1423705a99b2493d950cac598b13" classname="com.github.traderjoe95.mls.protocol.tree.TreeKem" time="0.002"/>
  <testcase name="a new update path generated by the sender should be successfully processed" classname="com.github.traderjoe95.mls.protocol.tree.TreeKem" time="0.002"/>
  <testcase name="the update path should be parent-hash valid" classname="com.github.traderjoe95.mls.protocol.tree.TreeKem" time="0.0"/>
  <testcase name="the tree hash after merging the update path should be 31c6d404078c5fbe47090df2911d4ed0bbfba7fa8519eef1230c8dca6580b51b8da522c77d3e51abc5f373037fd9266c" classname="com.github.traderjoe95.mls.protocol.tree.TreeKem" time="0.0"/>
  <testcase name="the decrypted path secret should be 43fed7155ab6173816aa607b05c67829e0c718362b5c96c1e128403e85eef3f3f2ee1423705a99b2493d950cac598b13" classname="com.github.traderjoe95.mls.protocol.tree.TreeKem" time="0.002"/>
  <testcase name="a new update path generated by the sender should be successfully processed" classname="com.github.traderjoe95.mls.protocol.tree.TreeKem" time="0.002"/>
  <testcase name="the update path should be parent-hash valid" classname="com.github.traderjoe95.mls.protocol.tree.TreeKem" time="0.0"/>
  <testcase name="the tree hash after merging the update path should be a72ecf15808b64c605e8420be573177c683d6f84214b6e661290c5509692cf50e56ec0e71901be213c6378142cd8d2cd" classname="com.github.traderjoe95.mls.protocol.tree.TreeKem" time="0.0"/>
  <testcase name="the decrypted path secret should be d0e9292440c785c3aa4fb6fa52c107ddb3bfacbec7686a15a1644b24f7870559b5bc6146800ecf43256b850d2dc13c7d" classname="com.github.traderjoe95.mls.protocol.tree.TreeKem" time="0.001"/>
  <testcase name="a new update path generated by the sender should be successfully processed" classname="com.github.traderjoe95.mls.protocol.tree.TreeKem" time="0.002"/>
  <testcase name="the update path should be parent-hash valid" classname="com.github.traderjoe95.mls.protocol.tree.TreeKem" time="0.0"/>
  <testcase name="the tree hash after merging the update path should be a72ecf15808b64c605e8420be573177c683d6f84214b6e661290c5509692cf50e56ec0e71901be213c6378142cd8d2cd" classname="com.github.traderjoe95.mls.protocol.tree.TreeKem" time="0.0"/>
  <testcase name="the decrypted path secret should be d0e9292440c785c3aa4fb6fa52c107ddb3bfacbec7686a15a1644b24f7870559b5bc6146800ecf43256b850d2dc13c7d" classname="com.github.traderjoe95.mls.protocol.tree.TreeKem" time="0.002"/>
  <testcase name="a new update path generated by the sender should be successfully processed" classname="com.github.traderjoe95.mls.protocol.tree.TreeKem" time="0.002"/>
  <testcase name="the update path should be parent-hash valid" classname="com.github.traderjoe95.mls.protocol.tree.TreeKem" time="0.0"/>
  <testcase name="the tree hash after merging the update path should be a72ecf15808b64c605e8420be573177c683d6f84214b6e661290c5509692cf50e56ec0e71901be213c6378142cd8d2cd" classname="com.github.traderjoe95.mls.protocol.tree.TreeKem" time="0.0"/>
  <testcase name="the decrypted path secret should be d23bf61e931ac37db0908350175c598594aa174ebe4df87f76bd3dae49f8bc0bb60c354bc3250a1b29de9d5ec6a9dcd7" classname="com.github.traderjoe95.mls.protocol.tree.TreeKem" time="0.002"/>
  <testcase name="a new update path generated by the sender should be successfully processed" classname="com.github.traderjoe95.mls.protocol.tree.TreeKem" time="0.002"/>
  <testcase name="the update path should be parent-hash valid" classname="com.github.traderjoe95.mls.protocol.tree.TreeKem" time="0.0"/>
  <testcase name="the tree hash after merging the update path should be a72ecf15808b64c605e8420be573177c683d6f84214b6e661290c5509692cf50e56ec0e71901be213c6378142cd8d2cd" classname="com.github.traderjoe95.mls.protocol.tree.TreeKem" time="0.001"/>
  <testcase name="the decrypted path secret should be b25771f2e7d3fd8c3346f64d5c416312a4e48611720f4118951a9cd2041f9b904e1155f815dea747479ec10aa7a01759" classname="com.github.traderjoe95.mls.protocol.tree.TreeKem" time="0.002"/>
  <testcase name="a new update path generated by the sender should be successfully processed" classname="com.github.traderjoe95.mls.protocol.tree.TreeKem" time="0.002"/>
  <testcase name="the update path should be parent-hash valid" classname="com.github.traderjoe95.mls.protocol.tree.TreeKem" time="0.001"/>
  <testcase name="the tree hash after merging the update path should be a72ecf15808b64c605e8420be573177c683d6f84214b6e661290c5509692cf50e56ec0e71901be213c6378142cd8d2cd" classname="com.github.traderjoe95.mls.protocol.tree.TreeKem" time="0.0"/>
  <testcase name="the decrypted path secret should be b25771f2e7d3fd8c3346f64d5c416312a4e48611720f4118951a9cd2041f9b904e1155f815dea747479ec10aa7a01759" classname="com.github.traderjoe95.mls.protocol.tree.TreeKem" time="0.008"/>
  <testcase name="a new update path generated by the sender should be successfully processed" classname="com.github.traderjoe95.mls.protocol.tree.TreeKem" time="0.003"/>
  <testcase name="the update path should be parent-hash valid" classname="com.github.traderjoe95.mls.protocol.tree.TreeKem" time="0.001"/>
  <testcase name="the tree hash after merging the update path should be a72ecf15808b64c605e8420be573177c683d6f84214b6e661290c5509692cf50e56ec0e71901be213c6378142cd8d2cd" classname="com.github.traderjoe95.mls.protocol.tree.TreeKem" time="0.0"/>
  <testcase name="the decrypted path secret should be b25771f2e7d3fd8c3346f64d5c416312a4e48611720f4118951a9cd2041f9b904e1155f815dea747479ec10aa7a01759" classname="com.github.traderjoe95.mls.protocol.tree.TreeKem" time="0.002"/>
  <testcase name="a new update path generated by the sender should be successfully processed" classname="com.github.traderjoe95.mls.protocol.tree.TreeKem" time="0.002"/>
  <testcase name="the update path should be parent-hash valid" classname="com.github.traderjoe95.mls.protocol.tree.TreeKem" time="0.0"/>
  <testcase name="the tree hash after merging the update path should be a72ecf15808b64c605e8420be573177c683d6f84214b6e661290c5509692cf50e56ec0e71901be213c6378142cd8d2cd" classname="com.github.traderjoe95.mls.protocol.tree.TreeKem" time="0.001"/>
  <testcase name="the decrypted path secret should be b25771f2e7d3fd8c3346f64d5c416312a4e48611720f4118951a9cd2041f9b904e1155f815dea747479ec10aa7a01759" classname="com.github.traderjoe95.mls.protocol.tree.TreeKem" time="0.002"/>
  <testcase name="a new update path generated by the sender should be successfully processed" classname="com.github.traderjoe95.mls.protocol.tree.TreeKem" time="0.002"/>
  <testcase name="the update path should be parent-hash valid" classname="com.github.traderjoe95.mls.protocol.tree.TreeKem" time="0.0"/>
  <testcase name="the tree hash after merging the update path should be bc9fee6aa02c1953f5876b8f2032c0e74a75fdf54323490eaddc8979273c6012846a142a546f430c98038b0734900bff" classname="com.github.traderjoe95.mls.protocol.tree.TreeKem" time="0.001"/>
  <testcase name="the decrypted path secret should be d6c7ef7c7fd86527fbeffabc77737e0de129e05abf8a28eed7c4f00bb2934c29216b8f9f54497f9677e210432b91c60b" classname="com.github.traderjoe95.mls.protocol.tree.TreeKem" time="0.002"/>
  <testcase name="a new update path generated by the sender should be successfully processed" classname="com.github.traderjoe95.mls.protocol.tree.TreeKem" time="0.002"/>
  <testcase name="the update path should be parent-hash valid" classname="com.github.traderjoe95.mls.protocol.tree.TreeKem" time="0.0"/>
  <testcase name="the tree hash after merging the update path should be bc9fee6aa02c1953f5876b8f2032c0e74a75fdf54323490eaddc8979273c6012846a142a546f430c98038b0734900bff" classname="com.github.traderjoe95.mls.protocol.tree.TreeKem" time="0.0"/>
  <testcase name="the decrypted path secret should be d6c7ef7c7fd86527fbeffabc77737e0de129e05abf8a28eed7c4f00bb2934c29216b8f9f54497f9677e210432b91c60b" classname="com.github.traderjoe95.mls.protocol.tree.TreeKem" time="0.001"/>
  <testcase name="a new update path generated by the sender should be successfully processed" classname="com.github.traderjoe95.mls.protocol.tree.TreeKem" time="0.002"/>
  <testcase name="the update path should be parent-hash valid" classname="com.github.traderjoe95.mls.protocol.tree.TreeKem" time="0.0"/>
  <testcase name="the tree hash after merging the update path should be bc9fee6aa02c1953f5876b8f2032c0e74a75fdf54323490eaddc8979273c6012846a142a546f430c98038b0734900bff" classname="com.github.traderjoe95.mls.protocol.tree.TreeKem" time="0.001"/>
  <testcase name="the decrypted path secret should be a5c0e25e2c5363c040f256822676ae00dacab28a141761f6e8e1469467a73bbbb1bce648a2277c4d4bc8ee13cf9c8368" classname="com.github.traderjoe95.mls.protocol.tree.TreeKem" time="0.002"/>
  <testcase name="a new update path generated by the sender should be successfully processed" classname="com.github.traderjoe95.mls.protocol.tree.TreeKem" time="0.002"/>
  <testcase name="the update path should be parent-hash valid" classname="com.github.traderjoe95.mls.protocol.tree.TreeKem" time="0.0"/>
  <testcase name="the tree hash after merging the update path should be bc9fee6aa02c1953f5876b8f2032c0e74a75fdf54323490eaddc8979273c6012846a142a546f430c98038b0734900bff" classname="com.github.traderjoe95.mls.protocol.tree.TreeKem" time="0.0"/>
  <testcase name="the decrypted path secret should be 7eb43e021fb94e93f5d0c6a5d00fdb16a95e3f582e955b04864ecacf5d7d664fe313262f42ae3ba40590c8ba52e263ce" classname="com.github.traderjoe95.mls.protocol.tree.TreeKem" time="0.002"/>
  <testcase name="a new update path generated by the sender should be successfully processed" classname="com.github.traderjoe95.mls.protocol.tree.TreeKem" time="0.002"/>
  <testcase name="the update path should be parent-hash valid" classname="com.github.traderjoe95.mls.protocol.tree.TreeKem" time="0.0"/>
  <testcase name="the tree hash after merging the update path should be bc9fee6aa02c1953f5876b8f2032c0e74a75fdf54323490eaddc8979273c6012846a142a546f430c98038b0734900bff" classname="com.github.traderjoe95.mls.protocol.tree.TreeKem" time="0.001"/>
  <testcase name="the decrypted path secret should be 7eb43e021fb94e93f5d0c6a5d00fdb16a95e3f582e955b04864ecacf5d7d664fe313262f42ae3ba40590c8ba52e263ce" classname="com.github.traderjoe95.mls.protocol.tree.TreeKem" time="0.002"/>
  <testcase name="a new update path generated by the sender should be successfully processed" classname="com.github.traderjoe95.mls.protocol.tree.TreeKem" time="0.002"/>
  <testcase name="the update path should be parent-hash valid" classname="com.github.traderjoe95.mls.protocol.tree.TreeKem" time="0.0"/>
  <testcase name="the tree hash after merging the update path should be bc9fee6aa02c1953f5876b8f2032c0e74a75fdf54323490eaddc8979273c6012846a142a546f430c98038b0734900bff" classname="com.github.traderjoe95.mls.protocol.tree.TreeKem" time="0.0"/>
  <testcase name="the decrypted path secret should be 7eb43e021fb94e93f5d0c6a5d00fdb16a95e3f582e955b04864ecacf5d7d664fe313262f42ae3ba40590c8ba52e263ce" classname="com.github.traderjoe95.mls.protocol.tree.TreeKem" time="0.001"/>
  <testcase name="a new update path generated by the sender should be successfully processed" classname="com.github.traderjoe95.mls.protocol.tree.TreeKem" time="0.002"/>
  <testcase name="the update path should be parent-hash valid" classname="com.github.traderjoe95.mls.protocol.tree.TreeKem" time="0.0"/>
  <testcase name="the tree hash after merging the update path should be bc9fee6aa02c1953f5876b8f2032c0e74a75fdf54323490eaddc8979273c6012846a142a546f430c98038b0734900bff" classname="com.github.traderjoe95.mls.protocol.tree.TreeKem" time="0.0"/>
  <testcase name="the decrypted path secret should be 7eb43e021fb94e93f5d0c6a5d00fdb16a95e3f582e955b04864ecacf5d7d664fe313262f42ae3ba40590c8ba52e263ce" classname="com.github.traderjoe95.mls.protocol.tree.TreeKem" time="0.002"/>
  <testcase name="a new update path generated by the sender should be successfully processed" classname="com.github.traderjoe95.mls.protocol.tree.TreeKem" time="0.001"/>
  <testcase name="the update path should be parent-hash valid" classname="com.github.traderjoe95.mls.protocol.tree.TreeKem" time="0.0"/>
  <testcase name="the tree hash after merging the update path should be 14af745bea8a50e71fc3858ebbf3fbe8f1001ab128b33dc4e02eaced80edb9415362b7115a9e5823fa7fb3e75d5340cf" classname="com.github.traderjoe95.mls.protocol.tree.TreeKem" time="0.0"/>
  <testcase name="the decrypted path secret should be d8ed0258908efee6b5d05df049afc8d37687a1f2ae44bba4b47d6ab672be6dcade5fb72fc2127262bacf60f46bafec63" classname="com.github.traderjoe95.mls.protocol.tree.TreeKem" time="0.001"/>
  <testcase name="a new update path generated by the sender should be successfully processed" classname="com.github.traderjoe95.mls.protocol.tree.TreeKem" time="0.002"/>
  <testcase name="the update path should be parent-hash valid" classname="com.github.traderjoe95.mls.protocol.tree.TreeKem" time="0.001"/>
  <testcase name="the tree hash after merging the update path should be 14af745bea8a50e71fc3858ebbf3fbe8f1001ab128b33dc4e02eaced80edb9415362b7115a9e5823fa7fb3e75d5340cf" classname="com.github.traderjoe95.mls.protocol.tree.TreeKem" time="0.001"/>
  <testcase name="the decrypted path secret should be d8ed0258908efee6b5d05df049afc8d37687a1f2ae44bba4b47d6ab672be6dcade5fb72fc2127262bacf60f46bafec63" classname="com.github.traderjoe95.mls.protocol.tree.TreeKem" time="0.002"/>
  <testcase name="a new update path generated by the sender should be successfully processed" classname="com.github.traderjoe95.mls.protocol.tree.TreeKem" time="0.003"/>
  <testcase name="the update path should be parent-hash valid" classname="com.github.traderjoe95.mls.protocol.tree.TreeKem" time="0.001"/>
  <testcase name="the tree hash after merging the update path should be 14af745bea8a50e71fc3858ebbf3fbe8f1001ab128b33dc4e02eaced80edb9415362b7115a9e5823fa7fb3e75d5340cf" classname="com.github.traderjoe95.mls.protocol.tree.TreeKem" time="0.001"/>
  <testcase name="the decrypted path secret should be d8ed0258908efee6b5d05df049afc8d37687a1f2ae44bba4b47d6ab672be6dcade5fb72fc2127262bacf60f46bafec63" classname="com.github.traderjoe95.mls.protocol.tree.TreeKem" time="0.002"/>
  <testcase name="a new update path generated by the sender should be successfully processed" classname="com.github.traderjoe95.mls.protocol.tree.TreeKem" time="0.003"/>
  <testcase name="the update path should be parent-hash valid" classname="com.github.traderjoe95.mls.protocol.tree.TreeKem" time="0.0"/>
  <testcase name="the tree hash after merging the update path should be 14af745bea8a50e71fc3858ebbf3fbe8f1001ab128b33dc4e02eaced80edb9415362b7115a9e5823fa7fb3e75d5340cf" classname="com.github.traderjoe95.mls.protocol.tree.TreeKem" time="0.001"/>
  <testcase name="the decrypted path secret should be d8ed0258908efee6b5d05df049afc8d37687a1f2ae44bba4b47d6ab672be6dcade5fb72fc2127262bacf60f46bafec63" classname="com.github.traderjoe95.mls.protocol.tree.TreeKem" time="0.002"/>
  <testcase name="a new update path generated by the sender should be successfully processed" classname="com.github.traderjoe95.mls.protocol.tree.TreeKem" time="0.002"/>
  <testcase name="the update path should be parent-hash valid" classname="com.github.traderjoe95.mls.protocol.tree.TreeKem" time="0.0"/>
  <testcase name="the tree hash after merging the update path should be 14af745bea8a50e71fc3858ebbf3fbe8f1001ab128b33dc4e02eaced80edb9415362b7115a9e5823fa7fb3e75d5340cf" classname="com.github.traderjoe95.mls.protocol.tree.TreeKem" time="0.001"/>
  <testcase name="the decrypted path secret should be b81d292017cfdf0ed9f2032b5765ac6575252962e7ffc3049424f54a65b23eed4fdbc3fb8fcbbe9e1a598bd1a11d6c07" classname="com.github.traderjoe95.mls.protocol.tree.TreeKem" time="0.002"/>
  <testcase name="a new update path generated by the sender should be successfully processed" classname="com.github.traderjoe95.mls.protocol.tree.TreeKem" time="0.002"/>
  <testcase name="the update path should be parent-hash valid" classname="com.github.traderjoe95.mls.protocol.tree.TreeKem" time="0.0"/>
  <testcase name="the tree hash after merging the update path should be 14af745bea8a50e71fc3858ebbf3fbe8f1001ab128b33dc4e02eaced80edb9415362b7115a9e5823fa7fb3e75d5340cf" classname="com.github.traderjoe95.mls.protocol.tree.TreeKem" time="0.0"/>
  <testcase name="the decrypted path secret should be 758bfd250a250df25783920eca2ed997e16b763fdb14fc2d5cc5efc17a1edf12acd08addb5cf0eb00478060197a1beff" classname="com.github.traderjoe95.mls.protocol.tree.TreeKem" time="0.001"/>
  <testcase name="a new update path generated by the sender should be successfully processed" classname="com.github.traderjoe95.mls.protocol.tree.TreeKem" time="0.002"/>
  <testcase name="the update path should be parent-hash valid" classname="com.github.traderjoe95.mls.protocol.tree.TreeKem" time="0.0"/>
  <testcase name="the tree hash after merging the update path should be 14af745bea8a50e71fc3858ebbf3fbe8f1001ab128b33dc4e02eaced80edb9415362b7115a9e5823fa7fb3e75d5340cf" classname="com.github.traderjoe95.mls.protocol.tree.TreeKem" time="0.001"/>
  <testcase name="the decrypted path secret should be 758bfd250a250df25783920eca2ed997e16b763fdb14fc2d5cc5efc17a1edf12acd08addb5cf0eb00478060197a1beff" classname="com.github.traderjoe95.mls.protocol.tree.TreeKem" time="0.002"/>
  <testcase name="a new update path generated by the sender should be successfully processed" classname="com.github.traderjoe95.mls.protocol.tree.TreeKem" time="0.003"/>
  <testcase name="the update path should be parent-hash valid" classname="com.github.traderjoe95.mls.protocol.tree.TreeKem" time="0.0"/>
  <testcase name="the tree hash after merging the update path should be e4681572b31dcb24e095a5f95ced6238f8942c5f98dfb5c4216933554e27f131e27af53edd630c86277095c0a0ceac73" classname="com.github.traderjoe95.mls.protocol.tree.TreeKem" time="0.0"/>
  <testcase name="the decrypted path secret should be ac227f695aa1345a6cdb8132a1d9657b030f6595ae91319314dfbf103af22dc854943c9272fd085e607837973b0e4464" classname="com.github.traderjoe95.mls.protocol.tree.TreeKem" time="0.002"/>
  <testcase name="a new update path generated by the sender should be successfully processed" classname="com.github.traderjoe95.mls.protocol.tree.TreeKem" time="0.002"/>
  <testcase name="the update path should be parent-hash valid" classname="com.github.traderjoe95.mls.protocol.tree.TreeKem" time="0.0"/>
  <testcase name="the tree hash after merging the update path should be e4681572b31dcb24e095a5f95ced6238f8942c5f98dfb5c4216933554e27f131e27af53edd630c86277095c0a0ceac73" classname="com.github.traderjoe95.mls.protocol.tree.TreeKem" time="0.0"/>
  <testcase name="the decrypted path secret should be ac227f695aa1345a6cdb8132a1d9657b030f6595ae91319314dfbf103af22dc854943c9272fd085e607837973b0e4464" classname="com.github.traderjoe95.mls.protocol.tree.TreeKem" time="0.001"/>
  <testcase name="a new update path generated by the sender should be successfully processed" classname="com.github.traderjoe95.mls.protocol.tree.TreeKem" time="0.002"/>
  <testcase name="the update path should be parent-hash valid" classname="com.github.traderjoe95.mls.protocol.tree.TreeKem" time="0.0"/>
  <testcase name="the tree hash after merging the update path should be e4681572b31dcb24e095a5f95ced6238f8942c5f98dfb5c4216933554e27f131e27af53edd630c86277095c0a0ceac73" classname="com.github.traderjoe95.mls.protocol.tree.TreeKem" time="0.001"/>
  <testcase name="the decrypted path secret should be ac227f695aa1345a6cdb8132a1d9657b030f6595ae91319314dfbf103af22dc854943c9272fd085e607837973b0e4464" classname="com.github.traderjoe95.mls.protocol.tree.TreeKem" time="0.002"/>
  <testcase name="a new update path generated by the sender should be successfully processed" classname="com.github.traderjoe95.mls.protocol.tree.TreeKem" time="0.001"/>
  <testcase name="the update path should be parent-hash valid" classname="com.github.traderjoe95.mls.protocol.tree.TreeKem" time="0.001"/>
  <testcase name="the tree hash after merging the update path should be e4681572b31dcb24e095a5f95ced6238f8942c5f98dfb5c4216933554e27f131e27af53edd630c86277095c0a0ceac73" classname="com.github.traderjoe95.mls.protocol.tree.TreeKem" time="0.0"/>
  <testcase name="the decrypted path secret should be ac227f695aa1345a6cdb8132a1d9657b030f6595ae91319314dfbf103af22dc854943c9272fd085e607837973b0e4464" classname="com.github.traderjoe95.mls.protocol.tree.TreeKem" time="0.001"/>
  <testcase name="a new update path generated by the sender should be successfully processed" classname="com.github.traderjoe95.mls.protocol.tree.TreeKem" time="0.002"/>
  <testcase name="the update path should be parent-hash valid" classname="com.github.traderjoe95.mls.protocol.tree.TreeKem" time="0.0"/>
  <testcase name="the tree hash after merging the update path should be e4681572b31dcb24e095a5f95ced6238f8942c5f98dfb5c4216933554e27f131e27af53edd630c86277095c0a0ceac73" classname="com.github.traderjoe95.mls.protocol.tree.TreeKem" time="0.0"/>
  <testcase name="the decrypted path secret should be ad6e8a18d7268085081d439845bf1e74ef3bbeca038bb2108dfe14be8445bfa664887131566e3974d8ea4bf520d88c99" classname="com.github.traderjoe95.mls.protocol.tree.TreeKem" time="0.001"/>
  <testcase name="a new update path generated by the sender should be successfully processed" classname="com.github.traderjoe95.mls.protocol.tree.TreeKem" time="0.002"/>
  <testcase name="the update path should be parent-hash valid" classname="com.github.traderjoe95.mls.protocol.tree.TreeKem" time="0.0"/>
  <testcase name="the tree hash after merging the update path should be e4681572b31dcb24e095a5f95ced6238f8942c5f98dfb5c4216933554e27f131e27af53edd630c86277095c0a0ceac73" classname="com.github.traderjoe95.mls.protocol.tree.TreeKem" time="0.001"/>
  <testcase name="the decrypted path secret should be 76b80c31c2cfeb224682e31ab28fd6822e6781315c7cac8079f87118a7bc5e7b42dc062da2fac865ea8c54044981024c" classname="com.github.traderjoe95.mls.protocol.tree.TreeKem" time="0.002"/>
  <testcase name="a new update path generated by the sender should be successfully processed" classname="com.github.traderjoe95.mls.protocol.tree.TreeKem" time="0.002"/>
  <testcase name="the update path should be parent-hash valid" classname="com.github.traderjoe95.mls.protocol.tree.TreeKem" time="0.0"/>
  <testcase name="the tree hash after merging the update path should be e4681572b31dcb24e095a5f95ced6238f8942c5f98dfb5c4216933554e27f131e27af53edd630c86277095c0a0ceac73" classname="com.github.traderjoe95.mls.protocol.tree.TreeKem" time="0.0"/>
  <testcase name="the decrypted path secret should be 76b80c31c2cfeb224682e31ab28fd6822e6781315c7cac8079f87118a7bc5e7b42dc062da2fac865ea8c54044981024c" classname="com.github.traderjoe95.mls.protocol.tree.TreeKem" time="0.002"/>
  <testcase name="a new update path generated by the sender should be successfully processed" classname="com.github.traderjoe95.mls.protocol.tree.TreeKem" time="0.002"/>
  <testcase name="the update path should be parent-hash valid" classname="com.github.traderjoe95.mls.protocol.tree.TreeKem" time="0.0"/>
  <testcase name="the tree hash after merging the update path should be 98fef1eeacc257e4c6d9534638ae103e8fbc5d9130267478ec86add18c73340aedc8e2c441b1143c7f01bbe2b96679e2" classname="com.github.traderjoe95.mls.protocol.tree.TreeKem" time="0.0"/>
  <testcase name="the decrypted path secret should be e4a89b44453fd53398faf3e68ff4c8386da4ea6f37f5a135ca098d390403294c32e1b09cc54afd33501f6561b81e5923" classname="com.github.traderjoe95.mls.protocol.tree.TreeKem" time="0.002"/>
  <testcase name="a new update path generated by the sender should be successfully processed" classname="com.github.traderjoe95.mls.protocol.tree.TreeKem" time="0.002"/>
  <testcase name="the update path should be parent-hash valid" classname="com.github.traderjoe95.mls.protocol.tree.TreeKem" time="0.0"/>
  <testcase name="the tree hash after merging the update path should be 98fef1eeacc257e4c6d9534638ae103e8fbc5d9130267478ec86add18c73340aedc8e2c441b1143c7f01bbe2b96679e2" classname="com.github.traderjoe95.mls.protocol.tree.TreeKem" time="0.0"/>
  <testcase name="the decrypted path secret should be e4a89b44453fd53398faf3e68ff4c8386da4ea6f37f5a135ca098d390403294c32e1b09cc54afd33501f6561b81e5923" classname="com.github.traderjoe95.mls.protocol.tree.TreeKem" time="0.002"/>
  <testcase name="a new update path generated by the sender should be successfully processed" classname="com.github.traderjoe95.mls.protocol.tree.TreeKem" time="0.002"/>
  <testcase name="the update path should be parent-hash valid" classname="com.github.traderjoe95.mls.protocol.tree.TreeKem" time="0.0"/>
  <testcase name="the tree hash after merging the update path should be 98fef1eeacc257e4c6d9534638ae103e8fbc5d9130267478ec86add18c73340aedc8e2c441b1143c7f01bbe2b96679e2" classname="com.github.traderjoe95.mls.protocol.tree.TreeKem" time="0.0"/>
  <testcase name="the decrypted path secret should be e4a89b44453fd53398faf3e68ff4c8386da4ea6f37f5a135ca098d390403294c32e1b09cc54afd33501f6561b81e5923" classname="com.github.traderjoe95.mls.protocol.tree.TreeKem" time="0.002"/>
  <testcase name="a new update path generated by the sender should be successfully processed" classname="com.github.traderjoe95.mls.protocol.tree.TreeKem" time="0.002"/>
  <testcase name="the update path should be parent-hash valid" classname="com.github.traderjoe95.mls.protocol.tree.TreeKem" time="0.0"/>
  <testcase name="the tree hash after merging the update path should be 98fef1eeacc257e4c6d9534638ae103e8fbc5d9130267478ec86add18c73340aedc8e2c441b1143c7f01bbe2b96679e2" classname="com.github.traderjoe95.mls.protocol.tree.TreeKem" time="0.001"/>
  <testcase name="the decrypted path secret should be e4a89b44453fd53398faf3e68ff4c8386da4ea6f37f5a135ca098d390403294c32e1b09cc54afd33501f6561b81e5923" classname="com.github.traderjoe95.mls.protocol.tree.TreeKem" time="0.002"/>
  <testcase name="a new update path generated by the sender should be successfully processed" classname="com.github.traderjoe95.mls.protocol.tree.TreeKem" time="0.002"/>
  <testcase name="the update path should be parent-hash valid" classname="com.github.traderjoe95.mls.protocol.tree.TreeKem" time="0.0"/>
  <testcase name="the tree hash after merging the update path should be 98fef1eeacc257e4c6d9534638ae103e8fbc5d9130267478ec86add18c73340aedc8e2c441b1143c7f01bbe2b96679e2" classname="com.github.traderjoe95.mls.protocol.tree.TreeKem" time="0.0"/>
  <testcase name="the decrypted path secret should be 6c0ed308f9457f4d2271af6e7f695402149830044e1ecf701e30afac1a7a4d0c9e918a8c76ff45991ef4bbefdcbe4389" classname="com.github.traderjoe95.mls.protocol.tree.TreeKem" time="0.002"/>
  <testcase name="a new update path generated by the sender should be successfully processed" classname="com.github.traderjoe95.mls.protocol.tree.TreeKem" time="0.002"/>
  <testcase name="the update path should be parent-hash valid" classname="com.github.traderjoe95.mls.protocol.tree.TreeKem" time="0.0"/>
  <testcase name="the tree hash after merging the update path should be 98fef1eeacc257e4c6d9534638ae103e8fbc5d9130267478ec86add18c73340aedc8e2c441b1143c7f01bbe2b96679e2" classname="com.github.traderjoe95.mls.protocol.tree.TreeKem" time="0.0"/>
  <testcase name="the decrypted path secret should be 6c0ed308f9457f4d2271af6e7f695402149830044e1ecf701e30afac1a7a4d0c9e918a8c76ff45991ef4bbefdcbe4389" classname="com.github.traderjoe95.mls.protocol.tree.TreeKem" time="0.002"/>
  <testcase name="a new update path generated by the sender should be successfully processed" classname="com.github.traderjoe95.mls.protocol.tree.TreeKem" time="0.002"/>
  <testcase name="the update path should be parent-hash valid" classname="com.github.traderjoe95.mls.protocol.tree.TreeKem" time="0.001"/>
  <testcase name="the tree hash after merging the update path should be 98fef1eeacc257e4c6d9534638ae103e8fbc5d9130267478ec86add18c73340aedc8e2c441b1143c7f01bbe2b96679e2" classname="com.github.traderjoe95.mls.protocol.tree.TreeKem" time="0.001"/>
  <testcase name="the decrypted path secret should be 5c1278d7d06b833dc42908536117abbb26ef11cc740facfb41d63d89da9d1ca89b2348189d5972b8d72f88cf4b5b529c" classname="com.github.traderjoe95.mls.protocol.tree.TreeKem" time="0.002"/>
  <testcase name="a new update path generated by the sender should be successfully processed" classname="com.github.traderjoe95.mls.protocol.tree.TreeKem" time="0.002"/>
  <testcase name="the update path should be parent-hash valid" classname="com.github.traderjoe95.mls.protocol.tree.TreeKem" time="0.0"/>
  <testcase name="the tree hash after merging the update path should be 564f94300991274dd8335086ff0bec66037f8cc4516e6fe3fe6cd74202b763600ad09065941e9ed95f215d66d9e4e637" classname="com.github.traderjoe95.mls.protocol.tree.TreeKem" time="0.0"/>
  <testcase name="the decrypted path secret should be 0d8dd2ea5524a00a54e95623622f05e7748b55becbecb3fc3de77eb0a460cad2768f73558dd4939d2c8d8f41444cb6fd" classname="com.github.traderjoe95.mls.protocol.tree.TreeKem" time="0.002"/>
  <testcase name="a new update path generated by the sender should be successfully processed" classname="com.github.traderjoe95.mls.protocol.tree.TreeKem" time="0.001"/>
  <testcase name="the update path should be parent-hash valid" classname="com.github.traderjoe95.mls.protocol.tree.TreeKem" time="0.001"/>
  <testcase name="the tree hash after merging the update path should be 564f94300991274dd8335086ff0bec66037f8cc4516e6fe3fe6cd74202b763600ad09065941e9ed95f215d66d9e4e637" classname="com.github.traderjoe95.mls.protocol.tree.TreeKem" time="0.0"/>
  <testcase name="the decrypted path secret should be 0d8dd2ea5524a00a54e95623622f05e7748b55becbecb3fc3de77eb0a460cad2768f73558dd4939d2c8d8f41444cb6fd" classname="com.github.traderjoe95.mls.protocol.tree.TreeKem" time="0.001"/>
  <testcase name="a new update path generated by the sender should be successfully processed" classname="com.github.traderjoe95.mls.protocol.tree.TreeKem" time="0.002"/>
  <testcase name="the update path should be parent-hash valid" classname="com.github.traderjoe95.mls.protocol.tree.TreeKem" time="0.0"/>
  <testcase name="the tree hash after merging the update path should be 564f94300991274dd8335086ff0bec66037f8cc4516e6fe3fe6cd74202b763600ad09065941e9ed95f215d66d9e4e637" classname="com.github.traderjoe95.mls.protocol.tree.TreeKem" time="0.0"/>
  <testcase name="the decrypted path secret should be 0d8dd2ea5524a00a54e95623622f05e7748b55becbecb3fc3de77eb0a460cad2768f73558dd4939d2c8d8f41444cb6fd" classname="com.github.traderjoe95.mls.protocol.tree.TreeKem" time="0.002"/>
  <testcase name="a new update path generated by the sender should be successfully processed" classname="com.github.traderjoe95.mls.protocol.tree.TreeKem" time="0.003"/>
  <testcase name="the update path should be parent-hash valid" classname="com.github.traderjoe95.mls.protocol.tree.TreeKem" time="0.0"/>
  <testcase name="the tree hash after merging the update path should be 564f94300991274dd8335086ff0bec66037f8cc4516e6fe3fe6cd74202b763600ad09065941e9ed95f215d66d9e4e637" classname="com.github.traderjoe95.mls.protocol.tree.TreeKem" time="0.0"/>
  <testcase name="the decrypted path secret should be 0d8dd2ea5524a00a54e95623622f05e7748b55becbecb3fc3de77eb0a460cad2768f73558dd4939d2c8d8f41444cb6fd" classname="com.github.traderjoe95.mls.protocol.tree.TreeKem" time="0.002"/>
  <testcase name="a new update path generated by the sender should be successfully processed" classname="com.github.traderjoe95.mls.protocol.tree.TreeKem" time="0.002"/>
  <testcase name="the update path should be parent-hash valid" classname="com.github.traderjoe95.mls.protocol.tree.TreeKem" time="0.001"/>
  <testcase name="the tree hash after merging the update path should be 564f94300991274dd8335086ff0bec66037f8cc4516e6fe3fe6cd74202b763600ad09065941e9ed95f215d66d9e4e637" classname="com.github.traderjoe95.mls.protocol.tree.TreeKem" time="0.0"/>
  <testcase name="the decrypted path secret should be 3d94ef6092232494c7caffc62dd3ec8570b9879e101d7f251833d947a91d8ea872c867ddeec596c9b0fd2b7401a711e0" classname="com.github.traderjoe95.mls.protocol.tree.TreeKem" time="0.002"/>
  <testcase name="a new update path generated by the sender should be successfully processed" classname="com.github.traderjoe95.mls.protocol.tree.TreeKem" time="0.002"/>
  <testcase name="the update path should be parent-hash valid" classname="com.github.traderjoe95.mls.protocol.tree.TreeKem" time="0.001"/>
  <testcase name="the tree hash after merging the update path should be 564f94300991274dd8335086ff0bec66037f8cc4516e6fe3fe6cd74202b763600ad09065941e9ed95f215d66d9e4e637" classname="com.github.traderjoe95.mls.protocol.tree.TreeKem" time="0.0"/>
  <testcase name="the decrypted path secret should be 3d94ef6092232494c7caffc62dd3ec8570b9879e101d7f251833d947a91d8ea872c867ddeec596c9b0fd2b7401a711e0" classname="com.github.traderjoe95.mls.protocol.tree.TreeKem" time="0.002"/>
  <testcase name="a new update path generated by the sender should be successfully processed" classname="com.github.traderjoe95.mls.protocol.tree.TreeKem" time="0.002"/>
  <testcase name="the update path should be parent-hash valid" classname="com.github.traderjoe95.mls.protocol.tree.TreeKem" time="0.0"/>
  <testcase name="the tree hash after merging the update path should be 564f94300991274dd8335086ff0bec66037f8cc4516e6fe3fe6cd74202b763600ad09065941e9ed95f215d66d9e4e637" classname="com.github.traderjoe95.mls.protocol.tree.TreeKem" time="0.0"/>
  <testcase name="the decrypted path secret should be 4de9c660f5cb9bd949b379f788f26d79e683bc920f739d71608f26d09aef447220346fec18c9b989a63418e35c5381ec" classname="com.github.traderjoe95.mls.protocol.tree.TreeKem" time="0.001"/>
  <testcase name="a new update path generated by the sender should be successfully processed" classname="com.github.traderjoe95.mls.protocol.tree.TreeKem" time="0.002"/>
  <testcase name="non-blank leaf 0 should be consistent with the public state" classname="com.github.traderjoe95.mls.protocol.tree.TreeKem" time="0.015"/>
  <testcase name="non-blank leaf 1 should be consistent with the public state" classname="com.github.traderjoe95.mls.protocol.tree.TreeKem" time="0.008"/>
  <testcase name="non-blank leaf 2 should be consistent with the public state" classname="com.github.traderjoe95.mls.protocol.tree.TreeKem" time="0.005"/>
  <testcase name="non-blank leaf 4 should be consistent with the public state" classname="com.github.traderjoe95.mls.protocol.tree.TreeKem" time="0.008"/>
  <testcase name="non-blank leaf 5 should be consistent with the public state" classname="com.github.traderjoe95.mls.protocol.tree.TreeKem" time="0.008"/>
  <testcase name="non-blank leaf 6 should be consistent with the public state" classname="com.github.traderjoe95.mls.protocol.tree.TreeKem" time="0.008"/>
  <testcase name="non-blank leaf 7 should be consistent with the public state" classname="com.github.traderjoe95.mls.protocol.tree.TreeKem" time="0.007"/>
  <testcase name="the update path should be parent-hash valid" classname="com.github.traderjoe95.mls.protocol.tree.TreeKem" time="0.0"/>
  <testcase name="the tree hash after merging the update path should be afa537c582f6c53c0912d81cea34c7c1925aacaa2f5aaf8c4f046afeb3e80a7f087532213f8e32ab3d01f27b1e2bb109" classname="com.github.traderjoe95.mls.protocol.tree.TreeKem" time="0.0"/>
  <testcase name="the decrypted path secret should be 42292589547cc5cb9b17011a50ef0b6dac2187740e3fc6f6584524270f665deabe36ff629afb5f6209d5f06192676df5" classname="com.github.traderjoe95.mls.protocol.tree.TreeKem" time="0.002"/>
  <testcase name="a new update path generated by the sender should be successfully processed" classname="com.github.traderjoe95.mls.protocol.tree.TreeKem" time="0.002"/>
  <testcase name="the update path should be parent-hash valid" classname="com.github.traderjoe95.mls.protocol.tree.TreeKem" time="0.0"/>
  <testcase name="the tree hash after merging the update path should be afa537c582f6c53c0912d81cea34c7c1925aacaa2f5aaf8c4f046afeb3e80a7f087532213f8e32ab3d01f27b1e2bb109" classname="com.github.traderjoe95.mls.protocol.tree.TreeKem" time="0.0"/>
  <testcase name="the decrypted path secret should be 965cc796af669b8eb57db6c9a1789120cf46ac637973ad003eb0aa7fc83cff22920a9187274c761caaadeb1956a9eb45" classname="com.github.traderjoe95.mls.protocol.tree.TreeKem" time="0.001"/>
  <testcase name="a new update path generated by the sender should be successfully processed" classname="com.github.traderjoe95.mls.protocol.tree.TreeKem" time="0.002"/>
  <testcase name="the update path should be parent-hash valid" classname="com.github.traderjoe95.mls.protocol.tree.TreeKem" time="0.001"/>
  <testcase name="the tree hash after merging the update path should be afa537c582f6c53c0912d81cea34c7c1925aacaa2f5aaf8c4f046afeb3e80a7f087532213f8e32ab3d01f27b1e2bb109" classname="com.github.traderjoe95.mls.protocol.tree.TreeKem" time="0.001"/>
  <testcase name="the decrypted path secret should be 9ca9dc5dcfc42624124d36cfae43a4ca3a4287958bb1471a431d9aa7173adf7003d66c66f594ac97d23412a3771291f4" classname="com.github.traderjoe95.mls.protocol.tree.TreeKem" time="0.002"/>
  <testcase name="a new update path generated by the sender should be successfully processed" classname="com.github.traderjoe95.mls.protocol.tree.TreeKem" time="0.002"/>
  <testcase name="the update path should be parent-hash valid" classname="com.github.traderjoe95.mls.protocol.tree.TreeKem" time="0.0"/>
  <testcase name="the tree hash after merging the update path should be afa537c582f6c53c0912d81cea34c7c1925aacaa2f5aaf8c4f046afeb3e80a7f087532213f8e32ab3d01f27b1e2bb109" classname="com.github.traderjoe95.mls.protocol.tree.TreeKem" time="0.0"/>
  <testcase name="the decrypted path secret should be 9ca9dc5dcfc42624124d36cfae43a4ca3a4287958bb1471a431d9aa7173adf7003d66c66f594ac97d23412a3771291f4" classname="com.github.traderjoe95.mls.protocol.tree.TreeKem" time="0.002"/>
  <testcase name="a new update path generated by the sender should be successfully processed" classname="com.github.traderjoe95.mls.protocol.tree.TreeKem" time="0.002"/>
  <testcase name="the update path should be parent-hash valid" classname="com.github.traderjoe95.mls.protocol.tree.TreeKem" time="0.001"/>
  <testcase name="the tree hash after merging the update path should be afa537c582f6c53c0912d81cea34c7c1925aacaa2f5aaf8c4f046afeb3e80a7f087532213f8e32ab3d01f27b1e2bb109" classname="com.github.traderjoe95.mls.protocol.tree.TreeKem" time="0.0"/>
  <testcase name="the decrypted path secret should be 9ca9dc5dcfc42624124d36cfae43a4ca3a4287958bb1471a431d9aa7173adf7003d66c66f594ac97d23412a3771291f4" classname="com.github.traderjoe95.mls.protocol.tree.TreeKem" time="0.002"/>
  <testcase name="a new update path generated by the sender should be successfully processed" classname="com.github.traderjoe95.mls.protocol.tree.TreeKem" time="0.002"/>
  <testcase name="the update path should be parent-hash valid" classname="com.github.traderjoe95.mls.protocol.tree.TreeKem" time="0.0"/>
  <testcase name="the tree hash after merging the update path should be afa537c582f6c53c0912d81cea34c7c1925aacaa2f5aaf8c4f046afeb3e80a7f087532213f8e32ab3d01f27b1e2bb109" classname="com.github.traderjoe95.mls.protocol.tree.TreeKem" time="0.001"/>
  <testcase name="the decrypted path secret should be 9ca9dc5dcfc42624124d36cfae43a4ca3a4287958bb1471a431d9aa7173adf7003d66c66f594ac97d23412a3771291f4" classname="com.github.traderjoe95.mls.protocol.tree.TreeKem" time="0.002"/>
  <testcase name="a new update path generated by the sender should be successfully processed" classname="com.github.traderjoe95.mls.protocol.tree.TreeKem" time="0.002"/>
  <testcase name="the update path should be parent-hash valid" classname="com.github.traderjoe95.mls.protocol.tree.TreeKem" time="0.0"/>
  <testcase name="the tree hash after merging the update path should be 12be394f321bfee35b10926c8c91486082a72e06dab5a2d6a489f04267564f28d488ae26dac2a125a92bb8dc93a5288c" classname="com.github.traderjoe95.mls.protocol.tree.TreeKem" time="0.0"/>
  <testcase name="the decrypted path secret should be f80742d2a851ebca3d97a3d067d601b7cbb7b23de82d17afe13a240f752dc6470bf49dd2941726c77783244c4b826471" classname="com.github.traderjoe95.mls.protocol.tree.TreeKem" time="0.002"/>
  <testcase name="a new update path generated by the sender should be successfully processed" classname="com.github.traderjoe95.mls.protocol.tree.TreeKem" time="0.002"/>
  <testcase name="the update path should be parent-hash valid" classname="com.github.traderjoe95.mls.protocol.tree.TreeKem" time="0.0"/>
  <testcase name="the tree hash after merging the update path should be 12be394f321bfee35b10926c8c91486082a72e06dab5a2d6a489f04267564f28d488ae26dac2a125a92bb8dc93a5288c" classname="com.github.traderjoe95.mls.protocol.tree.TreeKem" time="0.0"/>
  <testcase name="the decrypted path secret should be b01e2191136db9f02740529beca8c74a6e54a3946faf1ba9533d2e2098e68ceaa4e58cb29bc0096f06693274202f72e3" classname="com.github.traderjoe95.mls.protocol.tree.TreeKem" time="0.001"/>
  <testcase name="a new update path generated by the sender should be successfully processed" classname="com.github.traderjoe95.mls.protocol.tree.TreeKem" time="0.002"/>
  <testcase name="the update path should be parent-hash valid" classname="com.github.traderjoe95.mls.protocol.tree.TreeKem" time="0.001"/>
  <testcase name="the tree hash after merging the update path should be 12be394f321bfee35b10926c8c91486082a72e06dab5a2d6a489f04267564f28d488ae26dac2a125a92bb8dc93a5288c" classname="com.github.traderjoe95.mls.protocol.tree.TreeKem" time="0.0"/>
  <testcase name="the decrypted path secret should be 43fed7155ab6173816aa607b05c67829e0c718362b5c96c1e128403e85eef3f3f2ee1423705a99b2493d950cac598b13" classname="com.github.traderjoe95.mls.protocol.tree.TreeKem" time="0.002"/>
  <testcase name="a new update path generated by the sender should be successfully processed" classname="com.github.traderjoe95.mls.protocol.tree.TreeKem" time="0.002"/>
  <testcase name="the update path should be parent-hash valid" classname="com.github.traderjoe95.mls.protocol.tree.TreeKem" time="0.0"/>
  <testcase name="the tree hash after merging the update path should be 12be394f321bfee35b10926c8c91486082a72e06dab5a2d6a489f04267564f28d488ae26dac2a125a92bb8dc93a5288c" classname="com.github.traderjoe95.mls.protocol.tree.TreeKem" time="0.001"/>
  <testcase name="the decrypted path secret should be 43fed7155ab6173816aa607b05c67829e0c718362b5c96c1e128403e85eef3f3f2ee1423705a99b2493d950cac598b13" classname="com.github.traderjoe95.mls.protocol.tree.TreeKem" time="0.002"/>
  <testcase name="a new update path generated by the sender should be successfully processed" classname="com.github.traderjoe95.mls.protocol.tree.TreeKem" time="0.002"/>
  <testcase name="the update path should be parent-hash valid" classname="com.github.traderjoe95.mls.protocol.tree.TreeKem" time="0.0"/>
  <testcase name="the tree hash after merging the update path should be 12be394f321bfee35b10926c8c91486082a72e06dab5a2d6a489f04267564f28d488ae26dac2a125a92bb8dc93a5288c" classname="com.github.traderjoe95.mls.protocol.tree.TreeKem" time="0.0"/>
  <testcase name="the decrypted path secret should be 43fed7155ab6173816aa607b05c67829e0c718362b5c96c1e128403e85eef3f3f2ee1423705a99b2493d950cac598b13" classname="com.github.traderjoe95.mls.protocol.tree.TreeKem" time="0.001"/>
  <testcase name="a new update path generated by the sender should be successfully processed" classname="com.github.traderjoe95.mls.protocol.tree.TreeKem" time="0.002"/>
  <testcase name="the update path should be parent-hash valid" classname="com.github.traderjoe95.mls.protocol.tree.TreeKem" time="0.001"/>
  <testcase name="the tree hash after merging the update path should be 12be394f321bfee35b10926c8c91486082a72e06dab5a2d6a489f04267564f28d488ae26dac2a125a92bb8dc93a5288c" classname="com.github.traderjoe95.mls.protocol.tree.TreeKem" time="0.0"/>
  <testcase name="the decrypted path secret should be 43fed7155ab6173816aa607b05c67829e0c718362b5c96c1e128403e85eef3f3f2ee1423705a99b2493d950cac598b13" classname="com.github.traderjoe95.mls.protocol.tree.TreeKem" time="0.001"/>
  <testcase name="a new update path generated by the sender should be successfully processed" classname="com.github.traderjoe95.mls.protocol.tree.TreeKem" time="0.002"/>
  <testcase name="the update path should be parent-hash valid" classname="com.github.traderjoe95.mls.protocol.tree.TreeKem" time="0.001"/>
  <testcase name="the tree hash after merging the update path should be 607c9780a7d318bc42979bd747627f7dd1b5372f7d7bd3329fac58aa1675164175f709d880dc0b3f51c0b2f4c65c1141" classname="com.github.traderjoe95.mls.protocol.tree.TreeKem" time="0.0"/>
  <testcase name="the decrypted path secret should be d23bf61e931ac37db0908350175c598594aa174ebe4df87f76bd3dae49f8bc0bb60c354bc3250a1b29de9d5ec6a9dcd7" classname="com.github.traderjoe95.mls.protocol.tree.TreeKem" time="0.002"/>
  <testcase name="a new update path generated by the sender should be successfully processed" classname="com.github.traderjoe95.mls.protocol.tree.TreeKem" time="0.002"/>
  <testcase name="the update path should be parent-hash valid" classname="com.github.traderjoe95.mls.protocol.tree.TreeKem" time="0.0"/>
  <testcase name="the tree hash after merging the update path should be 607c9780a7d318bc42979bd747627f7dd1b5372f7d7bd3329fac58aa1675164175f709d880dc0b3f51c0b2f4c65c1141" classname="com.github.traderjoe95.mls.protocol.tree.TreeKem" time="0.001"/>
  <testcase name="the decrypted path secret should be d23bf61e931ac37db0908350175c598594aa174ebe4df87f76bd3dae49f8bc0bb60c354bc3250a1b29de9d5ec6a9dcd7" classname="com.github.traderjoe95.mls.protocol.tree.TreeKem" time="0.002"/>
  <testcase name="a new update path generated by the sender should be successfully processed" classname="com.github.traderjoe95.mls.protocol.tree.TreeKem" time="0.002"/>
  <testcase name="the update path should be parent-hash valid" classname="com.github.traderjoe95.mls.protocol.tree.TreeKem" time="0.0"/>
  <testcase name="the tree hash after merging the update path should be 607c9780a7d318bc42979bd747627f7dd1b5372f7d7bd3329fac58aa1675164175f709d880dc0b3f51c0b2f4c65c1141" classname="com.github.traderjoe95.mls.protocol.tree.TreeKem" time="0.0"/>
  <testcase name="the decrypted path secret should be d0e9292440c785c3aa4fb6fa52c107ddb3bfacbec7686a15a1644b24f7870559b5bc6146800ecf43256b850d2dc13c7d" classname="com.github.traderjoe95.mls.protocol.tree.TreeKem" time="0.002"/>
  <testcase name="a new update path generated by the sender should be successfully processed" classname="com.github.traderjoe95.mls.protocol.tree.TreeKem" time="0.001"/>
  <testcase name="the update path should be parent-hash valid" classname="com.github.traderjoe95.mls.protocol.tree.TreeKem" time="0.0"/>
  <testcase name="the tree hash after merging the update path should be 607c9780a7d318bc42979bd747627f7dd1b5372f7d7bd3329fac58aa1675164175f709d880dc0b3f51c0b2f4c65c1141" classname="com.github.traderjoe95.mls.protocol.tree.TreeKem" time="0.0"/>
  <testcase name="the decrypted path secret should be d0e9292440c785c3aa4fb6fa52c107ddb3bfacbec7686a15a1644b24f7870559b5bc6146800ecf43256b850d2dc13c7d" classname="com.github.traderjoe95.mls.protocol.tree.TreeKem" time="0.001"/>
  <testcase name="a new update path generated by the sender should be successfully processed" classname="com.github.traderjoe95.mls.protocol.tree.TreeKem" time="0.002"/>
  <testcase name="the update path should be parent-hash valid" classname="com.github.traderjoe95.mls.protocol.tree.TreeKem" time="0.001"/>
  <testcase name="the tree hash after merging the update path should be 607c9780a7d318bc42979bd747627f7dd1b5372f7d7bd3329fac58aa1675164175f709d880dc0b3f51c0b2f4c65c1141" classname="com.github.traderjoe95.mls.protocol.tree.TreeKem" time="0.001"/>
  <testcase name="the decrypted path secret should be d0e9292440c785c3aa4fb6fa52c107ddb3bfacbec7686a15a1644b24f7870559b5bc6146800ecf43256b850d2dc13c7d" classname="com.github.traderjoe95.mls.protocol.tree.TreeKem" time="0.002"/>
  <testcase name="a new update path generated by the sender should be successfully processed" classname="com.github.traderjoe95.mls.protocol.tree.TreeKem" time="0.002"/>
  <testcase name="the update path should be parent-hash valid" classname="com.github.traderjoe95.mls.protocol.tree.TreeKem" time="0.0"/>
  <testcase name="the tree hash after merging the update path should be 607c9780a7d318bc42979bd747627f7dd1b5372f7d7bd3329fac58aa1675164175f709d880dc0b3f51c0b2f4c65c1141" classname="com.github.traderjoe95.mls.protocol.tree.TreeKem" time="0.0"/>
  <testcase name="the decrypted path secret should be d0e9292440c785c3aa4fb6fa52c107ddb3bfacbec7686a15a1644b24f7870559b5bc6146800ecf43256b850d2dc13c7d" classname="com.github.traderjoe95.mls.protocol.tree.TreeKem" time="0.002"/>
  <testcase name="a new update path generated by the sender should be successfully processed" classname="com.github.traderjoe95.mls.protocol.tree.TreeKem" time="0.002"/>
  <testcase name="the update path should be parent-hash valid" classname="com.github.traderjoe95.mls.protocol.tree.TreeKem" time="0.001"/>
  <testcase name="the tree hash after merging the update path should be f6f953f5162361364e2d5c01910621ac3abd5dc58b79f294b60399fbe10deeb90104f06807a5fea5c829ac8c94edcc6c" classname="com.github.traderjoe95.mls.protocol.tree.TreeKem" time="0.0"/>
  <testcase name="the decrypted path secret should be d8ed0258908efee6b5d05df049afc8d37687a1f2ae44bba4b47d6ab672be6dcade5fb72fc2127262bacf60f46bafec63" classname="com.github.traderjoe95.mls.protocol.tree.TreeKem" time="0.003"/>
  <testcase name="a new update path generated by the sender should be successfully processed" classname="com.github.traderjoe95.mls.protocol.tree.TreeKem" time="0.003"/>
  <testcase name="the update path should be parent-hash valid" classname="com.github.traderjoe95.mls.protocol.tree.TreeKem" time="0.0"/>
  <testcase name="the tree hash after merging the update path should be f6f953f5162361364e2d5c01910621ac3abd5dc58b79f294b60399fbe10deeb90104f06807a5fea5c829ac8c94edcc6c" classname="com.github.traderjoe95.mls.protocol.tree.TreeKem" time="0.0"/>
  <testcase name="the decrypted path secret should be d8ed0258908efee6b5d05df049afc8d37687a1f2ae44bba4b47d6ab672be6dcade5fb72fc2127262bacf60f46bafec63" classname="com.github.traderjoe95.mls.protocol.tree.TreeKem" time="0.002"/>
  <testcase name="a new update path generated by the sender should be successfully processed" classname="com.github.traderjoe95.mls.protocol.tree.TreeKem" time="0.002"/>
  <testcase name="the update path should be parent-hash valid" classname="com.github.traderjoe95.mls.protocol.tree.TreeKem" time="0.0"/>
  <testcase name="the tree hash after merging the update path should be f6f953f5162361364e2d5c01910621ac3abd5dc58b79f294b60399fbe10deeb90104f06807a5fea5c829ac8c94edcc6c" classname="com.github.traderjoe95.mls.protocol.tree.TreeKem" time="0.001"/>
  <testcase name="the decrypted path secret should be d8ed0258908efee6b5d05df049afc8d37687a1f2ae44bba4b47d6ab672be6dcade5fb72fc2127262bacf60f46bafec63" classname="com.github.traderjoe95.mls.protocol.tree.TreeKem" time="0.002"/>
  <testcase name="a new update path generated by the sender should be successfully processed" classname="com.github.traderjoe95.mls.protocol.tree.TreeKem" time="0.002"/>
  <testcase name="the update path should be parent-hash valid" classname="com.github.traderjoe95.mls.protocol.tree.TreeKem" time="0.0"/>
  <testcase name="the tree hash after merging the update path should be f6f953f5162361364e2d5c01910621ac3abd5dc58b79f294b60399fbe10deeb90104f06807a5fea5c829ac8c94edcc6c" classname="com.github.traderjoe95.mls.protocol.tree.TreeKem" time="0.001"/>
  <testcase name="the decrypted path secret should be b81d292017cfdf0ed9f2032b5765ac6575252962e7ffc3049424f54a65b23eed4fdbc3fb8fcbbe9e1a598bd1a11d6c07" classname="com.github.traderjoe95.mls.protocol.tree.TreeKem" time="0.002"/>
  <testcase name="a new update path generated by the sender should be successfully processed" classname="com.github.traderjoe95.mls.protocol.tree.TreeKem" time="0.002"/>
  <testcase name="the update path should be parent-hash valid" classname="com.github.traderjoe95.mls.protocol.tree.TreeKem" time="0.001"/>
  <testcase name="the tree hash after merging the update path should be f6f953f5162361364e2d5c01910621ac3abd5dc58b79f294b60399fbe10deeb90104f06807a5fea5c829ac8c94edcc6c" classname="com.github.traderjoe95.mls.protocol.tree.TreeKem" time="0.0"/>
  <testcase name="the decrypted path secret should be 758bfd250a250df25783920eca2ed997e16b763fdb14fc2d5cc5efc17a1edf12acd08addb5cf0eb00478060197a1beff" classname="com.github.traderjoe95.mls.protocol.tree.TreeKem" time="0.002"/>
  <testcase name="a new update path generated by the sender should be successfully processed" classname="com.github.traderjoe95.mls.protocol.tree.TreeKem" time="0.002"/>
  <testcase name="the update path should be parent-hash valid" classname="com.github.traderjoe95.mls.protocol.tree.TreeKem" time="0.001"/>
  <testcase name="the tree hash after merging the update path should be f6f953f5162361364e2d5c01910621ac3abd5dc58b79f294b60399fbe10deeb90104f06807a5fea5c829ac8c94edcc6c" classname="com.github.traderjoe95.mls.protocol.tree.TreeKem" time="0.001"/>
  <testcase name="the decrypted path secret should be 758bfd250a250df25783920eca2ed997e16b763fdb14fc2d5cc5efc17a1edf12acd08addb5cf0eb00478060197a1beff" classname="com.github.traderjoe95.mls.protocol.tree.TreeKem" time="0.001"/>
  <testcase name="a new update path generated by the sender should be successfully processed" classname="com.github.traderjoe95.mls.protocol.tree.TreeKem" time="0.002"/>
  <testcase name="the update path should be parent-hash valid" classname="com.github.traderjoe95.mls.protocol.tree.TreeKem" time="0.0"/>
  <testcase name="the tree hash after merging the update path should be be4180374ccb7e9b8e7a480a39bde59bc45397d5e2210a87bd7dcf73314574f4201611829236e884b5e2d2d137d13d63" classname="com.github.traderjoe95.mls.protocol.tree.TreeKem" time="0.0"/>
  <testcase name="the decrypted path secret should be ac227f695aa1345a6cdb8132a1d9657b030f6595ae91319314dfbf103af22dc854943c9272fd085e607837973b0e4464" classname="com.github.traderjoe95.mls.protocol.tree.TreeKem" time="0.002"/>
  <testcase name="a new update path generated by the sender should be successfully processed" classname="com.github.traderjoe95.mls.protocol.tree.TreeKem" time="0.002"/>
  <testcase name="the update path should be parent-hash valid" classname="com.github.traderjoe95.mls.protocol.tree.TreeKem" time="0.001"/>
  <testcase name="the tree hash after merging the update path should be be4180374ccb7e9b8e7a480a39bde59bc45397d5e2210a87bd7dcf73314574f4201611829236e884b5e2d2d137d13d63" classname="com.github.traderjoe95.mls.protocol.tree.TreeKem" time="0.0"/>
  <testcase name="the decrypted path secret should be ac227f695aa1345a6cdb8132a1d9657b030f6595ae91319314dfbf103af22dc854943c9272fd085e607837973b0e4464" classname="com.github.traderjoe95.mls.protocol.tree.TreeKem" time="0.002"/>
  <testcase name="a new update path generated by the sender should be successfully processed" classname="com.github.traderjoe95.mls.protocol.tree.TreeKem" time="0.002"/>
  <testcase name="the update path should be parent-hash valid" classname="com.github.traderjoe95.mls.protocol.tree.TreeKem" time="0.0"/>
  <testcase name="the tree hash after merging the update path should be be4180374ccb7e9b8e7a480a39bde59bc45397d5e2210a87bd7dcf73314574f4201611829236e884b5e2d2d137d13d63" classname="com.github.traderjoe95.mls.protocol.tree.TreeKem" time="0.001"/>
  <testcase name="the decrypted path secret should be ac227f695aa1345a6cdb8132a1d9657b030f6595ae91319314dfbf103af22dc854943c9272fd085e607837973b0e4464" classname="com.github.traderjoe95.mls.protocol.tree.TreeKem" time="0.002"/>
  <testcase name="a new update path generated by the sender should be successfully processed" classname="com.github.traderjoe95.mls.protocol.tree.TreeKem" time="0.002"/>
  <testcase name="the update path should be parent-hash valid" classname="com.github.traderjoe95.mls.protocol.tree.TreeKem" time="0.001"/>
  <testcase name="the tree hash after merging the update path should be be4180374ccb7e9b8e7a480a39bde59bc45397d5e2210a87bd7dcf73314574f4201611829236e884b5e2d2d137d13d63" classname="com.github.traderjoe95.mls.protocol.tree.TreeKem" time="0.001"/>
  <testcase name="the decrypted path secret should be ad6e8a18d7268085081d439845bf1e74ef3bbeca038bb2108dfe14be8445bfa664887131566e3974d8ea4bf520d88c99" classname="com.github.traderjoe95.mls.protocol.tree.TreeKem" time="0.002"/>
  <testcase name="a new update path generated by the sender should be successfully processed" classname="com.github.traderjoe95.mls.protocol.tree.TreeKem" time="0.002"/>
  <testcase name="the update path should be parent-hash valid" classname="com.github.traderjoe95.mls.protocol.tree.TreeKem" time="0.0"/>
  <testcase name="the tree hash after merging the update path should be be4180374ccb7e9b8e7a480a39bde59bc45397d5e2210a87bd7dcf73314574f4201611829236e884b5e2d2d137d13d63" classname="com.github.traderjoe95.mls.protocol.tree.TreeKem" time="0.0"/>
  <testcase name="the decrypted path secret should be 76b80c31c2cfeb224682e31ab28fd6822e6781315c7cac8079f87118a7bc5e7b42dc062da2fac865ea8c54044981024c" classname="com.github.traderjoe95.mls.protocol.tree.TreeKem" time="0.002"/>
  <testcase name="a new update path generated by the sender should be successfully processed" classname="com.github.traderjoe95.mls.protocol.tree.TreeKem" time="0.002"/>
  <testcase name="the update path should be parent-hash valid" classname="com.github.traderjoe95.mls.protocol.tree.TreeKem" time="0.0"/>
  <testcase name="the tree hash after merging the update path should be be4180374ccb7e9b8e7a480a39bde59bc45397d5e2210a87bd7dcf73314574f4201611829236e884b5e2d2d137d13d63" classname="com.github.traderjoe95.mls.protocol.tree.TreeKem" time="0.001"/>
  <testcase name="the decrypted path secret should be 76b80c31c2cfeb224682e31ab28fd6822e6781315c7cac8079f87118a7bc5e7b42dc062da2fac865ea8c54044981024c" classname="com.github.traderjoe95.mls.protocol.tree.TreeKem" time="0.002"/>
  <testcase name="a new update path generated by the sender should be successfully processed" classname="com.github.traderjoe95.mls.protocol.tree.TreeKem" time="0.002"/>
  <testcase name="the update path should be parent-hash valid" classname="com.github.traderjoe95.mls.protocol.tree.TreeKem" time="0.001"/>
  <testcase name="the tree hash after merging the update path should be beecf5dbc703c845704038034b87ecafb1b12a8782eb4478d0494beb59cc98df29b84cf1df56e0d007e4f294624a1916" classname="com.github.traderjoe95.mls.protocol.tree.TreeKem" time="0.001"/>
  <testcase name="the decrypted path secret should be e4a89b44453fd53398faf3e68ff4c8386da4ea6f37f5a135ca098d390403294c32e1b09cc54afd33501f6561b81e5923" classname="com.github.traderjoe95.mls.protocol.tree.TreeKem" time="0.002"/>
  <testcase name="a new update path generated by the sender should be successfully processed" classname="com.github.traderjoe95.mls.protocol.tree.TreeKem" time="0.002"/>
  <testcase name="the update path should be parent-hash valid" classname="com.github.traderjoe95.mls.protocol.tree.TreeKem" time="0.0"/>
  <testcase name="the tree hash after merging the update path should be beecf5dbc703c845704038034b87ecafb1b12a8782eb4478d0494beb59cc98df29b84cf1df56e0d007e4f294624a1916" classname="com.github.traderjoe95.mls.protocol.tree.TreeKem" time="0.0"/>
  <testcase name="the decrypted path secret should be e4a89b44453fd53398faf3e68ff4c8386da4ea6f37f5a135ca098d390403294c32e1b09cc54afd33501f6561b81e5923" classname="com.github.traderjoe95.mls.protocol.tree.TreeKem" time="0.002"/>
  <testcase name="a new update path generated by the sender should be successfully processed" classname="com.github.traderjoe95.mls.protocol.tree.TreeKem" time="0.002"/>
  <testcase name="the update path should be parent-hash valid" classname="com.github.traderjoe95.mls.protocol.tree.TreeKem" time="0.001"/>
  <testcase name="the tree hash after merging the update path should be beecf5dbc703c845704038034b87ecafb1b12a8782eb4478d0494beb59cc98df29b84cf1df56e0d007e4f294624a1916" classname="com.github.traderjoe95.mls.protocol.tree.TreeKem" time="0.001"/>
  <testcase name="the decrypted path secret should be e4a89b44453fd53398faf3e68ff4c8386da4ea6f37f5a135ca098d390403294c32e1b09cc54afd33501f6561b81e5923" classname="com.github.traderjoe95.mls.protocol.tree.TreeKem" time="0.002"/>
  <testcase name="a new update path generated by the sender should be successfully processed" classname="com.github.traderjoe95.mls.protocol.tree.TreeKem" time="0.002"/>
  <testcase name="the update path should be parent-hash valid" classname="com.github.traderjoe95.mls.protocol.tree.TreeKem" time="0.0"/>
  <testcase name="the tree hash after merging the update path should be beecf5dbc703c845704038034b87ecafb1b12a8782eb4478d0494beb59cc98df29b84cf1df56e0d007e4f294624a1916" classname="com.github.traderjoe95.mls.protocol.tree.TreeKem" time="0.0"/>
  <testcase name="the decrypted path secret should be 6c0ed308f9457f4d2271af6e7f695402149830044e1ecf701e30afac1a7a4d0c9e918a8c76ff45991ef4bbefdcbe4389" classname="com.github.traderjoe95.mls.protocol.tree.TreeKem" time="0.002"/>
  <testcase name="a new update path generated by the sender should be successfully processed" classname="com.github.traderjoe95.mls.protocol.tree.TreeKem" time="0.002"/>
  <testcase name="the update path should be parent-hash valid" classname="com.github.traderjoe95.mls.protocol.tree.TreeKem" time="0.0"/>
  <testcase name="the tree hash after merging the update path should be beecf5dbc703c845704038034b87ecafb1b12a8782eb4478d0494beb59cc98df29b84cf1df56e0d007e4f294624a1916" classname="com.github.traderjoe95.mls.protocol.tree.TreeKem" time="0.0"/>
  <testcase name="the decrypted path secret should be 6c0ed308f9457f4d2271af6e7f695402149830044e1ecf701e30afac1a7a4d0c9e918a8c76ff45991ef4bbefdcbe4389" classname="com.github.traderjoe95.mls.protocol.tree.TreeKem" time="0.001"/>
  <testcase name="a new update path generated by the sender should be successfully processed" classname="com.github.traderjoe95.mls.protocol.tree.TreeKem" time="0.002"/>
  <testcase name="the update path should be parent-hash valid" classname="com.github.traderjoe95.mls.protocol.tree.TreeKem" time="0.0"/>
  <testcase name="the tree hash after merging the update path should be beecf5dbc703c845704038034b87ecafb1b12a8782eb4478d0494beb59cc98df29b84cf1df56e0d007e4f294624a1916" classname="com.github.traderjoe95.mls.protocol.tree.TreeKem" time="0.0"/>
  <testcase name="the decrypted path secret should be 5c1278d7d06b833dc42908536117abbb26ef11cc740facfb41d63d89da9d1ca89b2348189d5972b8d72f88cf4b5b529c" classname="com.github.traderjoe95.mls.protocol.tree.TreeKem" time="0.002"/>
  <testcase name="a new update path generated by the sender should be successfully processed" classname="com.github.traderjoe95.mls.protocol.tree.TreeKem" time="0.002"/>
  <testcase name="the update path should be parent-hash valid" classname="com.github.traderjoe95.mls.protocol.tree.TreeKem" time="0.0"/>
  <testcase name="the tree hash after merging the update path should be 76e56b8bd4ec6296e5ba895ced2517fc147835ba52404d96407a21fe82d69a9d9e367a98bf6ebdb779a1028dc2de65b6" classname="com.github.traderjoe95.mls.protocol.tree.TreeKem" time="0.0"/>
  <testcase name="the decrypted path secret should be 0d8dd2ea5524a00a54e95623622f05e7748b55becbecb3fc3de77eb0a460cad2768f73558dd4939d2c8d8f41444cb6fd" classname="com.github.traderjoe95.mls.protocol.tree.TreeKem" time="0.002"/>
  <testcase name="a new update path generated by the sender should be successfully processed" classname="com.github.traderjoe95.mls.protocol.tree.TreeKem" time="0.002"/>
  <testcase name="the update path should be parent-hash valid" classname="com.github.traderjoe95.mls.protocol.tree.TreeKem" time="0.0"/>
  <testcase name="the tree hash after merging the update path should be 76e56b8bd4ec6296e5ba895ced2517fc147835ba52404d96407a21fe82d69a9d9e367a98bf6ebdb779a1028dc2de65b6" classname="com.github.traderjoe95.mls.protocol.tree.TreeKem" time="0.001"/>
  <testcase name="the decrypted path secret should be 0d8dd2ea5524a00a54e95623622f05e7748b55becbecb3fc3de77eb0a460cad2768f73558dd4939d2c8d8f41444cb6fd" classname="com.github.traderjoe95.mls.protocol.tree.TreeKem" time="0.002"/>
  <testcase name="a new update path generated by the sender should be successfully processed" classname="com.github.traderjoe95.mls.protocol.tree.TreeKem" time="0.002"/>
  <testcase name="the update path should be parent-hash valid" classname="com.github.traderjoe95.mls.protocol.tree.TreeKem" time="0.0"/>
  <testcase name="the tree hash after merging the update path should be 76e56b8bd4ec6296e5ba895ced2517fc147835ba52404d96407a21fe82d69a9d9e367a98bf6ebdb779a1028dc2de65b6" classname="com.github.traderjoe95.mls.protocol.tree.TreeKem" time="0.0"/>
  <testcase name="the decrypted path secret should be 0d8dd2ea5524a00a54e95623622f05e7748b55becbecb3fc3de77eb0a460cad2768f73558dd4939d2c8d8f41444cb6fd" classname="com.github.traderjoe95.mls.protocol.tree.TreeKem" time="0.001"/>
  <testcase name="a new update path generated by the sender should be successfully processed" classname="com.github.traderjoe95.mls.protocol.tree.TreeKem" time="0.002"/>
  <testcase name="the update path should be parent-hash valid" classname="com.github.traderjoe95.mls.protocol.tree.TreeKem" time="0.0"/>
  <testcase name="the tree hash after merging the update path should be 76e56b8bd4ec6296e5ba895ced2517fc147835ba52404d96407a21fe82d69a9d9e367a98bf6ebdb779a1028dc2de65b6" classname="com.github.traderjoe95.mls.protocol.tree.TreeKem" time="0.0"/>
  <testcase name="the decrypted path secret should be 3d94ef6092232494c7caffc62dd3ec8570b9879e101d7f251833d947a91d8ea872c867ddeec596c9b0fd2b7401a711e0" classname="com.github.traderjoe95.mls.protocol.tree.TreeKem" time="0.002"/>
  <testcase name="a new update path generated by the sender should be successfully processed" classname="com.github.traderjoe95.mls.protocol.tree.TreeKem" time="0.002"/>
  <testcase name="the update path should be parent-hash valid" classname="com.github.traderjoe95.mls.protocol.tree.TreeKem" time="0.0"/>
  <testcase name="the tree hash after merging the update path should be 76e56b8bd4ec6296e5ba895ced2517fc147835ba52404d96407a21fe82d69a9d9e367a98bf6ebdb779a1028dc2de65b6" classname="com.github.traderjoe95.mls.protocol.tree.TreeKem" time="0.001"/>
  <testcase name="the decrypted path secret should be 3d94ef6092232494c7caffc62dd3ec8570b9879e101d7f251833d947a91d8ea872c867ddeec596c9b0fd2b7401a711e0" classname="com.github.traderjoe95.mls.protocol.tree.TreeKem" time="0.002"/>
  <testcase name="a new update path generated by the sender should be successfully processed" classname="com.github.traderjoe95.mls.protocol.tree.TreeKem" time="0.002"/>
  <testcase name="the update path should be parent-hash valid" classname="com.github.traderjoe95.mls.protocol.tree.TreeKem" time="0.0"/>
  <testcase name="the tree hash after merging the update path should be 76e56b8bd4ec6296e5ba895ced2517fc147835ba52404d96407a21fe82d69a9d9e367a98bf6ebdb779a1028dc2de65b6" classname="com.github.traderjoe95.mls.protocol.tree.TreeKem" time="0.001"/>
  <testcase name="the decrypted path secret should be 4de9c660f5cb9bd949b379f788f26d79e683bc920f739d71608f26d09aef447220346fec18c9b989a63418e35c5381ec" classname="com.github.traderjoe95.mls.protocol.tree.TreeKem" time="0.002"/>
  <testcase name="a new update path generated by the sender should be successfully processed" classname="com.github.traderjoe95.mls.protocol.tree.TreeKem" time="0.002"/>
  <testcase name="non-blank leaf 0 should be consistent with the public state" classname="com.github.traderjoe95.mls.protocol.tree.TreeKem" time="0.003"/>
  <testcase name="non-blank leaf 4 should be consistent with the public state" classname="com.github.traderjoe95.mls.protocol.tree.TreeKem" time="0.009"/>
  <testcase name="non-blank leaf 5 should be consistent with the public state" classname="com.github.traderjoe95.mls.protocol.tree.TreeKem" time="0.009"/>
  <testcase name="non-blank leaf 6 should be consistent with the public state" classname="com.github.traderjoe95.mls.protocol.tree.TreeKem" time="0.008"/>
  <testcase name="non-blank leaf 7 should be consistent with the public state" classname="com.github.traderjoe95.mls.protocol.tree.TreeKem" time="0.013"/>
  <testcase name="the update path should be parent-hash valid" classname="com.github.traderjoe95.mls.protocol.tree.TreeKem" time="0.0"/>
  <testcase name="the tree hash after merging the update path should be ad97698521592c08911749049fe9cd837dccb054deecec5f0b9c3f94991b549b783ea5be96980f9080acbbc9e04f3d4f" classname="com.github.traderjoe95.mls.protocol.tree.TreeKem" time="0.001"/>
  <testcase name="the decrypted path secret should be 42292589547cc5cb9b17011a50ef0b6dac2187740e3fc6f6584524270f665deabe36ff629afb5f6209d5f06192676df5" classname="com.github.traderjoe95.mls.protocol.tree.TreeKem" time="0.002"/>
  <testcase name="a new update path generated by the sender should be successfully processed" classname="com.github.traderjoe95.mls.protocol.tree.TreeKem" time="0.003"/>
  <testcase name="the update path should be parent-hash valid" classname="com.github.traderjoe95.mls.protocol.tree.TreeKem" time="0.0"/>
  <testcase name="the tree hash after merging the update path should be ad97698521592c08911749049fe9cd837dccb054deecec5f0b9c3f94991b549b783ea5be96980f9080acbbc9e04f3d4f" classname="com.github.traderjoe95.mls.protocol.tree.TreeKem" time="0.001"/>
  <testcase name="the decrypted path secret should be 42292589547cc5cb9b17011a50ef0b6dac2187740e3fc6f6584524270f665deabe36ff629afb5f6209d5f06192676df5" classname="com.github.traderjoe95.mls.protocol.tree.TreeKem" time="0.002"/>
  <testcase name="a new update path generated by the sender should be successfully processed" classname="com.github.traderjoe95.mls.protocol.tree.TreeKem" time="0.002"/>
  <testcase name="the update path should be parent-hash valid" classname="com.github.traderjoe95.mls.protocol.tree.TreeKem" time="0.0"/>
  <testcase name="the tree hash after merging the update path should be ad97698521592c08911749049fe9cd837dccb054deecec5f0b9c3f94991b549b783ea5be96980f9080acbbc9e04f3d4f" classname="com.github.traderjoe95.mls.protocol.tree.TreeKem" time="0.0"/>
  <testcase name="the decrypted path secret should be 42292589547cc5cb9b17011a50ef0b6dac2187740e3fc6f6584524270f665deabe36ff629afb5f6209d5f06192676df5" classname="com.github.traderjoe95.mls.protocol.tree.TreeKem" time="0.001"/>
  <testcase name="a new update path generated by the sender should be successfully processed" classname="com.github.traderjoe95.mls.protocol.tree.TreeKem" time="0.002"/>
  <testcase name="the update path should be parent-hash valid" classname="com.github.traderjoe95.mls.protocol.tree.TreeKem" time="0.0"/>
  <testcase name="the tree hash after merging the update path should be ad97698521592c08911749049fe9cd837dccb054deecec5f0b9c3f94991b549b783ea5be96980f9080acbbc9e04f3d4f" classname="com.github.traderjoe95.mls.protocol.tree.TreeKem" time="0.0"/>
  <testcase name="the decrypted path secret should be 42292589547cc5cb9b17011a50ef0b6dac2187740e3fc6f6584524270f665deabe36ff629afb5f6209d5f06192676df5" classname="com.github.traderjoe95.mls.protocol.tree.TreeKem" time="0.002"/>
  <testcase name="a new update path generated by the sender should be successfully processed" classname="com.github.traderjoe95.mls.protocol.tree.TreeKem" time="0.002"/>
  <testcase name="the update path should be parent-hash valid" classname="com.github.traderjoe95.mls.protocol.tree.TreeKem" time="0.0"/>
  <testcase name="the tree hash after merging the update path should be 10202e5e9593feaf1077c8b878c549dffe544fd8efc53c009f8f5ddcbbe1d64e7249acf468f778006b2df31d2504d493" classname="com.github.traderjoe95.mls.protocol.tree.TreeKem" time="0.0"/>
  <testcase name="the decrypted path secret should be d8ed0258908efee6b5d05df049afc8d37687a1f2ae44bba4b47d6ab672be6dcade5fb72fc2127262bacf60f46bafec63" classname="com.github.traderjoe95.mls.protocol.tree.TreeKem" time="0.001"/>
  <testcase name="a new update path generated by the sender should be successfully processed" classname="com.github.traderjoe95.mls.protocol.tree.TreeKem" time="0.002"/>
  <testcase name="the update path should be parent-hash valid" classname="com.github.traderjoe95.mls.protocol.tree.TreeKem" time="0.0"/>
  <testcase name="the tree hash after merging the update path should be 10202e5e9593feaf1077c8b878c549dffe544fd8efc53c009f8f5ddcbbe1d64e7249acf468f778006b2df31d2504d493" classname="com.github.traderjoe95.mls.protocol.tree.TreeKem" time="0.001"/>
  <testcase name="the decrypted path secret should be b81d292017cfdf0ed9f2032b5765ac6575252962e7ffc3049424f54a65b23eed4fdbc3fb8fcbbe9e1a598bd1a11d6c07" classname="com.github.traderjoe95.mls.protocol.tree.TreeKem" time="0.002"/>
  <testcase name="a new update path generated by the sender should be successfully processed" classname="com.github.traderjoe95.mls.protocol.tree.TreeKem" time="0.002"/>
  <testcase name="the update path should be parent-hash valid" classname="com.github.traderjoe95.mls.protocol.tree.TreeKem" time="0.0"/>
  <testcase name="the tree hash after merging the update path should be 10202e5e9593feaf1077c8b878c549dffe544fd8efc53c009f8f5ddcbbe1d64e7249acf468f778006b2df31d2504d493" classname="com.github.traderjoe95.mls.protocol.tree.TreeKem" time="0.0"/>
  <testcase name="the decrypted path secret should be 758bfd250a250df25783920eca2ed997e16b763fdb14fc2d5cc5efc17a1edf12acd08addb5cf0eb00478060197a1beff" classname="com.github.traderjoe95.mls.protocol.tree.TreeKem" time="0.002"/>
  <testcase name="a new update path generated by the sender should be successfully processed" classname="com.github.traderjoe95.mls.protocol.tree.TreeKem" time="0.002"/>
  <testcase name="the update path should be parent-hash valid" classname="com.github.traderjoe95.mls.protocol.tree.TreeKem" time="0.0"/>
  <testcase name="the tree hash after merging the update path should be 10202e5e9593feaf1077c8b878c549dffe544fd8efc53c009f8f5ddcbbe1d64e7249acf468f778006b2df31d2504d493" classname="com.github.traderjoe95.mls.protocol.tree.TreeKem" time="0.001"/>
  <testcase name="the decrypted path secret should be 758bfd250a250df25783920eca2ed997e16b763fdb14fc2d5cc5efc17a1edf12acd08addb5cf0eb00478060197a1beff" classname="com.github.traderjoe95.mls.protocol.tree.TreeKem" time="0.002"/>
  <testcase name="a new update path generated by the sender should be successfully processed" classname="com.github.traderjoe95.mls.protocol.tree.TreeKem" time="0.002"/>
  <testcase name="the update path should be parent-hash valid" classname="com.github.traderjoe95.mls.protocol.tree.TreeKem" time="0.0"/>
  <testcase name="the tree hash after merging the update path should be 9cd4f65abd62d8c392f155ce1bedc24bd89ed02513a4ec2ab350835c4ddd6c098ad083c5e1f4e55443f836bc4b9c156e" classname="com.github.traderjoe95.mls.protocol.tree.TreeKem" time="0.0"/>
  <testcase name="the decrypted path secret should be ac227f695aa1345a6cdb8132a1d9657b030f6595ae91319314dfbf103af22dc854943c9272fd085e607837973b0e4464" classname="com.github.traderjoe95.mls.protocol.tree.TreeKem" time="0.002"/>
  <testcase name="a new update path generated by the sender should be successfully processed" classname="com.github.traderjoe95.mls.protocol.tree.TreeKem" time="0.002"/>
  <testcase name="the update path should be parent-hash valid" classname="com.github.traderjoe95.mls.protocol.tree.TreeKem" time="0.0"/>
  <testcase name="the tree hash after merging the update path should be 9cd4f65abd62d8c392f155ce1bedc24bd89ed02513a4ec2ab350835c4ddd6c098ad083c5e1f4e55443f836bc4b9c156e" classname="com.github.traderjoe95.mls.protocol.tree.TreeKem" time="0.0"/>
  <testcase name="the decrypted path secret should be ad6e8a18d7268085081d439845bf1e74ef3bbeca038bb2108dfe14be8445bfa664887131566e3974d8ea4bf520d88c99" classname="com.github.traderjoe95.mls.protocol.tree.TreeKem" time="0.002"/>
  <testcase name="a new update path generated by the sender should be successfully processed" classname="com.github.traderjoe95.mls.protocol.tree.TreeKem" time="0.002"/>
  <testcase name="the update path should be parent-hash valid" classname="com.github.traderjoe95.mls.protocol.tree.TreeKem" time="0.0"/>
  <testcase name="the tree hash after merging the update path should be 9cd4f65abd62d8c392f155ce1bedc24bd89ed02513a4ec2ab350835c4ddd6c098ad083c5e1f4e55443f836bc4b9c156e" classname="com.github.traderjoe95.mls.protocol.tree.TreeKem" time="0.001"/>
  <testcase name="the decrypted path secret should be 76b80c31c2cfeb224682e31ab28fd6822e6781315c7cac8079f87118a7bc5e7b42dc062da2fac865ea8c54044981024c" classname="com.github.traderjoe95.mls.protocol.tree.TreeKem" time="0.002"/>
  <testcase name="a new update path generated by the sender should be successfully processed" classname="com.github.traderjoe95.mls.protocol.tree.TreeKem" time="0.002"/>
  <testcase name="the update path should be parent-hash valid" classname="com.github.traderjoe95.mls.protocol.tree.TreeKem" time="0.0"/>
  <testcase name="the tree hash after merging the update path should be 9cd4f65abd62d8c392f155ce1bedc24bd89ed02513a4ec2ab350835c4ddd6c098ad083c5e1f4e55443f836bc4b9c156e" classname="com.github.traderjoe95.mls.protocol.tree.TreeKem" time="0.0"/>
  <testcase name="the decrypted path secret should be 76b80c31c2cfeb224682e31ab28fd6822e6781315c7cac8079f87118a7bc5e7b42dc062da2fac865ea8c54044981024c" classname="com.github.traderjoe95.mls.protocol.tree.TreeKem" time="0.002"/>
  <testcase name="a new update path generated by the sender should be successfully processed" classname="com.github.traderjoe95.mls.protocol.tree.TreeKem" time="0.002"/>
  <testcase name="the update path should be parent-hash valid" classname="com.github.traderjoe95.mls.protocol.tree.TreeKem" time="0.0"/>
  <testcase name="the tree hash after merging the update path should be 2e47f3415569ca861c80f2878cb53ea8a4476e084127d5db5b9a423f7b523952f8089bd5a7398faa073adb320c9f1b03" classname="com.github.traderjoe95.mls.protocol.tree.TreeKem" time="0.0"/>
  <testcase name="the decrypted path secret should be e4a89b44453fd53398faf3e68ff4c8386da4ea6f37f5a135ca098d390403294c32e1b09cc54afd33501f6561b81e5923" classname="com.github.traderjoe95.mls.protocol.tree.TreeKem" time="0.002"/>
  <testcase name="a new update path generated by the sender should be successfully processed" classname="com.github.traderjoe95.mls.protocol.tree.TreeKem" time="0.001"/>
  <testcase name="the update path should be parent-hash valid" classname="com.github.traderjoe95.mls.protocol.tree.TreeKem" time="0.001"/>
  <testcase name="the tree hash after merging the update path should be 2e47f3415569ca861c80f2878cb53ea8a4476e084127d5db5b9a423f7b523952f8089bd5a7398faa073adb320c9f1b03" classname="com.github.traderjoe95.mls.protocol.tree.TreeKem" time="0.0"/>
  <testcase name="the decrypted path secret should be 6c0ed308f9457f4d2271af6e7f695402149830044e1ecf701e30afac1a7a4d0c9e918a8c76ff45991ef4bbefdcbe4389" classname="com.github.traderjoe95.mls.protocol.tree.TreeKem" time="0.002"/>
  <testcase name="a new update path generated by the sender should be successfully processed" classname="com.github.traderjoe95.mls.protocol.tree.TreeKem" time="0.002"/>
  <testcase name="the update path should be parent-hash valid" classname="com.github.traderjoe95.mls.protocol.tree.TreeKem" time="0.0"/>
  <testcase name="the tree hash after merging the update path should be 2e47f3415569ca861c80f2878cb53ea8a4476e084127d5db5b9a423f7b523952f8089bd5a7398faa073adb320c9f1b03" classname="com.github.traderjoe95.mls.protocol.tree.TreeKem" time="0.001"/>
  <testcase name="the decrypted path secret should be 6c0ed308f9457f4d2271af6e7f695402149830044e1ecf701e30afac1a7a4d0c9e918a8c76ff45991ef4bbefdcbe4389" classname="com.github.traderjoe95.mls.protocol.tree.TreeKem" time="0.002"/>
  <testcase name="a new update path generated by the sender should be successfully processed" classname="com.github.traderjoe95.mls.protocol.tree.TreeKem" time="0.003"/>
  <testcase name="the update path should be parent-hash valid" classname="com.github.traderjoe95.mls.protocol.tree.TreeKem" time="0.001"/>
  <testcase name="the tree hash after merging the update path should be 2e47f3415569ca861c80f2878cb53ea8a4476e084127d5db5b9a423f7b523952f8089bd5a7398faa073adb320c9f1b03" classname="com.github.traderjoe95.mls.protocol.tree.TreeKem" time="0.0"/>
  <testcase name="the decrypted path secret should be 5c1278d7d06b833dc42908536117abbb26ef11cc740facfb41d63d89da9d1ca89b2348189d5972b8d72f88cf4b5b529c" classname="com.github.traderjoe95.mls.protocol.tree.TreeKem" time="0.001"/>
  <testcase name="a new update path generated by the sender should be successfully processed" classname="com.github.traderjoe95.mls.protocol.tree.TreeKem" time="0.002"/>
  <testcase name="the update path should be parent-hash valid" classname="com.github.traderjoe95.mls.protocol.tree.TreeKem" time="0.0"/>
  <testcase name="the tree hash after merging the update path should be 5a5e8bb199057d05caefea144e977b62c39721d0c1df0fa27e17f06f68daeae9ddf18e100e87fa7396b9f28c52f45665" classname="com.github.traderjoe95.mls.protocol.tree.TreeKem" time="0.0"/>
  <testcase name="the decrypted path secret should be 0d8dd2ea5524a00a54e95623622f05e7748b55becbecb3fc3de77eb0a460cad2768f73558dd4939d2c8d8f41444cb6fd" classname="com.github.traderjoe95.mls.protocol.tree.TreeKem" time="0.002"/>
  <testcase name="a new update path generated by the sender should be successfully processed" classname="com.github.traderjoe95.mls.protocol.tree.TreeKem" time="0.001"/>
  <testcase name="the update path should be parent-hash valid" classname="com.github.traderjoe95.mls.protocol.tree.TreeKem" time="0.0"/>
  <testcase name="the tree hash after merging the update path should be 5a5e8bb199057d05caefea144e977b62c39721d0c1df0fa27e17f06f68daeae9ddf18e100e87fa7396b9f28c52f45665" classname="com.github.traderjoe95.mls.protocol.tree.TreeKem" time="0.0"/>
  <testcase name="the decrypted path secret should be 3d94ef6092232494c7caffc62dd3ec8570b9879e101d7f251833d947a91d8ea872c867ddeec596c9b0fd2b7401a711e0" classname="com.github.traderjoe95.mls.protocol.tree.TreeKem" time="0.002"/>
  <testcase name="a new update path generated by the sender should be successfully processed" classname="com.github.traderjoe95.mls.protocol.tree.TreeKem" time="0.002"/>
  <testcase name="the update path should be parent-hash valid" classname="com.github.traderjoe95.mls.protocol.tree.TreeKem" time="0.0"/>
  <testcase name="the tree hash after merging the update path should be 5a5e8bb199057d05caefea144e977b62c39721d0c1df0fa27e17f06f68daeae9ddf18e100e87fa7396b9f28c52f45665" classname="com.github.traderjoe95.mls.protocol.tree.TreeKem" time="0.0"/>
  <testcase name="the decrypted path secret should be 3d94ef6092232494c7caffc62dd3ec8570b9879e101d7f251833d947a91d8ea872c867ddeec596c9b0fd2b7401a711e0" classname="com.github.traderjoe95.mls.protocol.tree.TreeKem" time="0.002"/>
  <testcase name="a new update path generated by the sender should be successfully processed" classname="com.github.traderjoe95.mls.protocol.tree.TreeKem" time="0.002"/>
  <testcase name="the update path should be parent-hash valid" classname="com.github.traderjoe95.mls.protocol.tree.TreeKem" time="0.0"/>
  <testcase name="the tree hash after merging the update path should be 5a5e8bb199057d05caefea144e977b62c39721d0c1df0fa27e17f06f68daeae9ddf18e100e87fa7396b9f28c52f45665" classname="com.github.traderjoe95.mls.protocol.tree.TreeKem" time="0.001"/>
  <testcase name="the decrypted path secret should be 4de9c660f5cb9bd949b379f788f26d79e683bc920f739d71608f26d09aef447220346fec18c9b989a63418e35c5381ec" classname="com.github.traderjoe95.mls.protocol.tree.TreeKem" time="0.002"/>
  <testcase name="a new update path generated by the sender should be successfully processed" classname="com.github.traderjoe95.mls.protocol.tree.TreeKem" time="0.002"/>
  <testcase name="non-blank leaf 0 should be consistent with the public state" classname="com.github.traderjoe95.mls.protocol.tree.TreeKem" time="0.008"/>
  <testcase name="non-blank leaf 1 should be consistent with the public state" classname="com.github.traderjoe95.mls.protocol.tree.TreeKem" time="0.008"/>
  <testcase name="non-blank leaf 2 should be consistent with the public state" classname="com.github.traderjoe95.mls.protocol.tree.TreeKem" time="0.009"/>
  <testcase name="non-blank leaf 3 should be consistent with the public state" classname="com.github.traderjoe95.mls.protocol.tree.TreeKem" time="0.008"/>
  <testcase name="non-blank leaf 4 should be consistent with the public state" classname="com.github.traderjoe95.mls.protocol.tree.TreeKem" time="0.013"/>
  <testcase name="non-blank leaf 5 should be consistent with the public state" classname="com.github.traderjoe95.mls.protocol.tree.TreeKem" time="0.008"/>
  <testcase name="non-blank leaf 6 should be consistent with the public state" classname="com.github.traderjoe95.mls.protocol.tree.TreeKem" time="0.006"/>
  <testcase name="non-blank leaf 7 should be consistent with the public state" classname="com.github.traderjoe95.mls.protocol.tree.TreeKem" time="0.002"/>
  <testcase name="the update path should be parent-hash valid" classname="com.github.traderjoe95.mls.protocol.tree.TreeKem" time="0.0"/>
  <testcase name="the tree hash after merging the update path should be 03632153debbdce49e029dbbf1d136a93a72bf8e0068d1aedba2b08d41122d91eeccc25fcd2c928c74ffa83f0e2b577c" classname="com.github.traderjoe95.mls.protocol.tree.TreeKem" time="0.0"/>
  <testcase name="the decrypted path secret should be 42292589547cc5cb9b17011a50ef0b6dac2187740e3fc6f6584524270f665deabe36ff629afb5f6209d5f06192676df5" classname="com.github.traderjoe95.mls.protocol.tree.TreeKem" time="0.002"/>
  <testcase name="a new update path generated by the sender should be successfully processed" classname="com.github.traderjoe95.mls.protocol.tree.TreeKem" time="0.002"/>
  <testcase name="the update path should be parent-hash valid" classname="com.github.traderjoe95.mls.protocol.tree.TreeKem" time="0.0"/>
  <testcase name="the tree hash after merging the update path should be 03632153debbdce49e029dbbf1d136a93a72bf8e0068d1aedba2b08d41122d91eeccc25fcd2c928c74ffa83f0e2b577c" classname="com.github.traderjoe95.mls.protocol.tree.TreeKem" time="0.0"/>
  <testcase name="the decrypted path secret should be 965cc796af669b8eb57db6c9a1789120cf46ac637973ad003eb0aa7fc83cff22920a9187274c761caaadeb1956a9eb45" classname="com.github.traderjoe95.mls.protocol.tree.TreeKem" time="0.002"/>
  <testcase name="a new update path generated by the sender should be successfully processed" classname="com.github.traderjoe95.mls.protocol.tree.TreeKem" time="0.002"/>
  <testcase name="the update path should be parent-hash valid" classname="com.github.traderjoe95.mls.protocol.tree.TreeKem" time="0.001"/>
  <testcase name="the tree hash after merging the update path should be 03632153debbdce49e029dbbf1d136a93a72bf8e0068d1aedba2b08d41122d91eeccc25fcd2c928c74ffa83f0e2b577c" classname="com.github.traderjoe95.mls.protocol.tree.TreeKem" time="0.0"/>
  <testcase name="the decrypted path secret should be 965cc796af669b8eb57db6c9a1789120cf46ac637973ad003eb0aa7fc83cff22920a9187274c761caaadeb1956a9eb45" classname="com.github.traderjoe95.mls.protocol.tree.TreeKem" time="0.001"/>
  <testcase name="a new update path generated by the sender should be successfully processed" classname="com.github.traderjoe95.mls.protocol.tree.TreeKem" time="0.002"/>
  <testcase name="the update path should be parent-hash valid" classname="com.github.traderjoe95.mls.protocol.tree.TreeKem" time="0.0"/>
  <testcase name="the tree hash after merging the update path should be 03632153debbdce49e029dbbf1d136a93a72bf8e0068d1aedba2b08d41122d91eeccc25fcd2c928c74ffa83f0e2b577c" classname="com.github.traderjoe95.mls.protocol.tree.TreeKem" time="0.001"/>
  <testcase name="the decrypted path secret should be 9ca9dc5dcfc42624124d36cfae43a4ca3a4287958bb1471a431d9aa7173adf7003d66c66f594ac97d23412a3771291f4" classname="com.github.traderjoe95.mls.protocol.tree.TreeKem" time="0.002"/>
  <testcase name="a new update path generated by the sender should be successfully processed" classname="com.github.traderjoe95.mls.protocol.tree.TreeKem" time="0.002"/>
  <testcase name="the update path should be parent-hash valid" classname="com.github.traderjoe95.mls.protocol.tree.TreeKem" time="0.001"/>
  <testcase name="the tree hash after merging the update path should be 03632153debbdce49e029dbbf1d136a93a72bf8e0068d1aedba2b08d41122d91eeccc25fcd2c928c74ffa83f0e2b577c" classname="com.github.traderjoe95.mls.protocol.tree.TreeKem" time="0.001"/>
  <testcase name="the decrypted path secret should be 9ca9dc5dcfc42624124d36cfae43a4ca3a4287958bb1471a431d9aa7173adf7003d66c66f594ac97d23412a3771291f4" classname="com.github.traderjoe95.mls.protocol.tree.TreeKem" time="0.002"/>
  <testcase name="a new update path generated by the sender should be successfully processed" classname="com.github.traderjoe95.mls.protocol.tree.TreeKem" time="0.001"/>
  <testcase name="the update path should be parent-hash valid" classname="com.github.traderjoe95.mls.protocol.tree.TreeKem" time="0.001"/>
  <testcase name="the tree hash after merging the update path should be 03632153debbdce49e029dbbf1d136a93a72bf8e0068d1aedba2b08d41122d91eeccc25fcd2c928c74ffa83f0e2b577c" classname="com.github.traderjoe95.mls.protocol.tree.TreeKem" time="0.0"/>
  <testcase name="the decrypted path secret should be 9ca9dc5dcfc42624124d36cfae43a4ca3a4287958bb1471a431d9aa7173adf7003d66c66f594ac97d23412a3771291f4" classname="com.github.traderjoe95.mls.protocol.tree.TreeKem" time="0.002"/>
  <testcase name="a new update path generated by the sender should be successfully processed" classname="com.github.traderjoe95.mls.protocol.tree.TreeKem" time="0.002"/>
  <testcase name="the update path should be parent-hash valid" classname="com.github.traderjoe95.mls.protocol.tree.TreeKem" time="0.0"/>
  <testcase name="the tree hash after merging the update path should be 03632153debbdce49e029dbbf1d136a93a72bf8e0068d1aedba2b08d41122d91eeccc25fcd2c928c74ffa83f0e2b577c" classname="com.github.traderjoe95.mls.protocol.tree.TreeKem" time="0.001"/>
  <testcase name="the decrypted path secret should be 9ca9dc5dcfc42624124d36cfae43a4ca3a4287958bb1471a431d9aa7173adf7003d66c66f594ac97d23412a3771291f4" classname="com.github.traderjoe95.mls.protocol.tree.TreeKem" time="0.002"/>
  <testcase name="a new update path generated by the sender should be successfully processed" classname="com.github.traderjoe95.mls.protocol.tree.TreeKem" time="0.002"/>
  <testcase name="the update path should be parent-hash valid" classname="com.github.traderjoe95.mls.protocol.tree.TreeKem" time="0.0"/>
  <testcase name="the tree hash after merging the update path should be bed97bd4b9e3b5b18562d93a4e2e62f4e61bcbea99cfca588561c4e093467023f1af0cdd6b0c406510aa76f5a726c457" classname="com.github.traderjoe95.mls.protocol.tree.TreeKem" time="0.001"/>
  <testcase name="the decrypted path secret should be f80742d2a851ebca3d97a3d067d601b7cbb7b23de82d17afe13a240f752dc6470bf49dd2941726c77783244c4b826471" classname="com.github.traderjoe95.mls.protocol.tree.TreeKem" time="0.002"/>
  <testcase name="a new update path generated by the sender should be successfully processed" classname="com.github.traderjoe95.mls.protocol.tree.TreeKem" time="0.002"/>
  <testcase name="the update path should be parent-hash valid" classname="com.github.traderjoe95.mls.protocol.tree.TreeKem" time="0.0"/>
  <testcase name="the tree hash after merging the update path should be bed97bd4b9e3b5b18562d93a4e2e62f4e61bcbea99cfca588561c4e093467023f1af0cdd6b0c406510aa76f5a726c457" classname="com.github.traderjoe95.mls.protocol.tree.TreeKem" time="0.0"/>
  <testcase name="the decrypted path secret should be b01e2191136db9f02740529beca8c74a6e54a3946faf1ba9533d2e2098e68ceaa4e58cb29bc0096f06693274202f72e3" classname="com.github.traderjoe95.mls.protocol.tree.TreeKem" time="0.001"/>
  <testcase name="a new update path generated by the sender should be successfully processed" classname="com.github.traderjoe95.mls.protocol.tree.TreeKem" time="0.003"/>
  <testcase name="the update path should be parent-hash valid" classname="com.github.traderjoe95.mls.protocol.tree.TreeKem" time="0.0"/>
  <testcase name="the tree hash after merging the update path should be bed97bd4b9e3b5b18562d93a4e2e62f4e61bcbea99cfca588561c4e093467023f1af0cdd6b0c406510aa76f5a726c457" classname="com.github.traderjoe95.mls.protocol.tree.TreeKem" time="0.0"/>
  <testcase name="the decrypted path secret should be b01e2191136db9f02740529beca8c74a6e54a3946faf1ba9533d2e2098e68ceaa4e58cb29bc0096f06693274202f72e3" classname="com.github.traderjoe95.mls.protocol.tree.TreeKem" time="0.002"/>
  <testcase name="a new update path generated by the sender should be successfully processed" classname="com.github.traderjoe95.mls.protocol.tree.TreeKem" time="0.002"/>
  <testcase name="the update path should be parent-hash valid" classname="com.github.traderjoe95.mls.protocol.tree.TreeKem" time="0.001"/>
  <testcase name="the tree hash after merging the update path should be bed97bd4b9e3b5b18562d93a4e2e62f4e61bcbea99cfca588561c4e093467023f1af0cdd6b0c406510aa76f5a726c457" classname="com.github.traderjoe95.mls.protocol.tree.TreeKem" time="0.0"/>
  <testcase name="the decrypted path secret should be 43fed7155ab6173816aa607b05c67829e0c718362b5c96c1e128403e85eef3f3f2ee1423705a99b2493d950cac598b13" classname="com.github.traderjoe95.mls.protocol.tree.TreeKem" time="0.001"/>
  <testcase name="a new update path generated by the sender should be successfully processed" classname="com.github.traderjoe95.mls.protocol.tree.TreeKem" time="0.002"/>
  <testcase name="the update path should be parent-hash valid" classname="com.github.traderjoe95.mls.protocol.tree.TreeKem" time="0.0"/>
  <testcase name="the tree hash after merging the update path should be bed97bd4b9e3b5b18562d93a4e2e62f4e61bcbea99cfca588561c4e093467023f1af0cdd6b0c406510aa76f5a726c457" classname="com.github.traderjoe95.mls.protocol.tree.TreeKem" time="0.001"/>
  <testcase name="the decrypted path secret should be 43fed7155ab6173816aa607b05c67829e0c718362b5c96c1e128403e85eef3f3f2ee1423705a99b2493d950cac598b13" classname="com.github.traderjoe95.mls.protocol.tree.TreeKem" time="0.002"/>
  <testcase name="a new update path generated by the sender should be successfully processed" classname="com.github.traderjoe95.mls.protocol.tree.TreeKem" time="0.002"/>
  <testcase name="the update path should be parent-hash valid" classname="com.github.traderjoe95.mls.protocol.tree.TreeKem" time="0.0"/>
  <testcase name="the tree hash after merging the update path should be bed97bd4b9e3b5b18562d93a4e2e62f4e61bcbea99cfca588561c4e093467023f1af0cdd6b0c406510aa76f5a726c457" classname="com.github.traderjoe95.mls.protocol.tree.TreeKem" time="0.0"/>
  <testcase name="the decrypted path secret should be 43fed7155ab6173816aa607b05c67829e0c718362b5c96c1e128403e85eef3f3f2ee1423705a99b2493d950cac598b13" classname="com.github.traderjoe95.mls.protocol.tree.TreeKem" time="0.001"/>
  <testcase name="a new update path generated by the sender should be successfully processed" classname="com.github.traderjoe95.mls.protocol.tree.TreeKem" time="0.002"/>
  <testcase name="the update path should be parent-hash valid" classname="com.github.traderjoe95.mls.protocol.tree.TreeKem" time="0.0"/>
  <testcase name="the tree hash after merging the update path should be bed97bd4b9e3b5b18562d93a4e2e62f4e61bcbea99cfca588561c4e093467023f1af0cdd6b0c406510aa76f5a726c457" classname="com.github.traderjoe95.mls.protocol.tree.TreeKem" time="0.001"/>
  <testcase name="the decrypted path secret should be 43fed7155ab6173816aa607b05c67829e0c718362b5c96c1e128403e85eef3f3f2ee1423705a99b2493d950cac598b13" classname="com.github.traderjoe95.mls.protocol.tree.TreeKem" time="0.002"/>
  <testcase name="a new update path generated by the sender should be successfully processed" classname="com.github.traderjoe95.mls.protocol.tree.TreeKem" time="0.002"/>
  <testcase name="the update path should be parent-hash valid" classname="com.github.traderjoe95.mls.protocol.tree.TreeKem" time="0.001"/>
  <testcase name="the tree hash after merging the update path should be 931daab7a5813a5867ef3aae4862a768e452adee246bf512e886d54cddbc5489b96e6ab2b9672c2949808574b0b38178" classname="com.github.traderjoe95.mls.protocol.tree.TreeKem" time="0.0"/>
  <testcase name="the decrypted path secret should be d0e9292440c785c3aa4fb6fa52c107ddb3bfacbec7686a15a1644b24f7870559b5bc6146800ecf43256b850d2dc13c7d" classname="com.github.traderjoe95.mls.protocol.tree.TreeKem" time="0.002"/>
  <testcase name="a new update path generated by the sender should be successfully processed" classname="com.github.traderjoe95.mls.protocol.tree.TreeKem" time="0.002"/>
  <testcase name="the update path should be parent-hash valid" classname="com.github.traderjoe95.mls.protocol.tree.TreeKem" time="0.0"/>
  <testcase name="the tree hash after merging the update path should be 931daab7a5813a5867ef3aae4862a768e452adee246bf512e886d54cddbc5489b96e6ab2b9672c2949808574b0b38178" classname="com.github.traderjoe95.mls.protocol.tree.TreeKem" time="0.0"/>
  <testcase name="the decrypted path secret should be d0e9292440c785c3aa4fb6fa52c107ddb3bfacbec7686a15a1644b24f7870559b5bc6146800ecf43256b850d2dc13c7d" classname="com.github.traderjoe95.mls.protocol.tree.TreeKem" time="0.002"/>
  <testcase name="a new update path generated by the sender should be successfully processed" classname="com.github.traderjoe95.mls.protocol.tree.TreeKem" time="0.002"/>
  <testcase name="the update path should be parent-hash valid" classname="com.github.traderjoe95.mls.protocol.tree.TreeKem" time="0.0"/>
  <testcase name="the tree hash after merging the update path should be 931daab7a5813a5867ef3aae4862a768e452adee246bf512e886d54cddbc5489b96e6ab2b9672c2949808574b0b38178" classname="com.github.traderjoe95.mls.protocol.tree.TreeKem" time="0.0"/>
  <testcase name="the decrypted path secret should be d23bf61e931ac37db0908350175c598594aa174ebe4df87f76bd3dae49f8bc0bb60c354bc3250a1b29de9d5ec6a9dcd7" classname="com.github.traderjoe95.mls.protocol.tree.TreeKem" time="0.002"/>
  <testcase name="a new update path generated by the sender should be successfully processed" classname="com.github.traderjoe95.mls.protocol.tree.TreeKem" time="0.002"/>
  <testcase name="the update path should be parent-hash valid" classname="com.github.traderjoe95.mls.protocol.tree.TreeKem" time="0.001"/>
  <testcase name="the tree hash after merging the update path should be 931daab7a5813a5867ef3aae4862a768e452adee246bf512e886d54cddbc5489b96e6ab2b9672c2949808574b0b38178" classname="com.github.traderjoe95.mls.protocol.tree.TreeKem" time="0.0"/>
  <testcase name="the decrypted path secret should be b25771f2e7d3fd8c3346f64d5c416312a4e48611720f4118951a9cd2041f9b904e1155f815dea747479ec10aa7a01759" classname="com.github.traderjoe95.mls.protocol.tree.TreeKem" time="0.002"/>
  <testcase name="a new update path generated by the sender should be successfully processed" classname="com.github.traderjoe95.mls.protocol.tree.TreeKem" time="0.002"/>
  <testcase name="the update path should be parent-hash valid" classname="com.github.traderjoe95.mls.protocol.tree.TreeKem" time="0.0"/>
  <testcase name="the tree hash after merging the update path should be 931daab7a5813a5867ef3aae4862a768e452adee246bf512e886d54cddbc5489b96e6ab2b9672c2949808574b0b38178" classname="com.github.traderjoe95.mls.protocol.tree.TreeKem" time="0.0"/>
  <testcase name="the decrypted path secret should be b25771f2e7d3fd8c3346f64d5c416312a4e48611720f4118951a9cd2041f9b904e1155f815dea747479ec10aa7a01759" classname="com.github.traderjoe95.mls.protocol.tree.TreeKem" time="0.002"/>
  <testcase name="a new update path generated by the sender should be successfully processed" classname="com.github.traderjoe95.mls.protocol.tree.TreeKem" time="0.001"/>
  <testcase name="the update path should be parent-hash valid" classname="com.github.traderjoe95.mls.protocol.tree.TreeKem" time="0.0"/>
  <testcase name="the tree hash after merging the update path should be 931daab7a5813a5867ef3aae4862a768e452adee246bf512e886d54cddbc5489b96e6ab2b9672c2949808574b0b38178" classname="com.github.traderjoe95.mls.protocol.tree.TreeKem" time="0.0"/>
  <testcase name="the decrypted path secret should be b25771f2e7d3fd8c3346f64d5c416312a4e48611720f4118951a9cd2041f9b904e1155f815dea747479ec10aa7a01759" classname="com.github.traderjoe95.mls.protocol.tree.TreeKem" time="0.001"/>
  <testcase name="a new update path generated by the sender should be successfully processed" classname="com.github.traderjoe95.mls.protocol.tree.TreeKem" time="0.002"/>
  <testcase name="the update path should be parent-hash valid" classname="com.github.traderjoe95.mls.protocol.tree.TreeKem" time="0.0"/>
  <testcase name="the tree hash after merging the update path should be 931daab7a5813a5867ef3aae4862a768e452adee246bf512e886d54cddbc5489b96e6ab2b9672c2949808574b0b38178" classname="com.github.traderjoe95.mls.protocol.tree.TreeKem" time="0.001"/>
  <testcase name="the decrypted path secret should be b25771f2e7d3fd8c3346f64d5c416312a4e48611720f4118951a9cd2041f9b904e1155f815dea747479ec10aa7a01759" classname="com.github.traderjoe95.mls.protocol.tree.TreeKem" time="0.002"/>
  <testcase name="a new update path generated by the sender should be successfully processed" classname="com.github.traderjoe95.mls.protocol.tree.TreeKem" time="0.002"/>
  <testcase name="the update path should be parent-hash valid" classname="com.github.traderjoe95.mls.protocol.tree.TreeKem" time="0.001"/>
  <testcase name="the tree hash after merging the update path should be f8ce9f543a1a06dc164d0fd0d97cc7684a396d247cb36f213215ff0aaf8eb878e4aba6a23b6aa92c8a6f2676b6665186" classname="com.github.traderjoe95.mls.protocol.tree.TreeKem" time="0.0"/>
  <testcase name="the decrypted path secret should be d6c7ef7c7fd86527fbeffabc77737e0de129e05abf8a28eed7c4f00bb2934c29216b8f9f54497f9677e210432b91c60b" classname="com.github.traderjoe95.mls.protocol.tree.TreeKem" time="0.002"/>
  <testcase name="a new update path generated by the sender should be successfully processed" classname="com.github.traderjoe95.mls.protocol.tree.TreeKem" time="0.002"/>
  <testcase name="the update path should be parent-hash valid" classname="com.github.traderjoe95.mls.protocol.tree.TreeKem" time="0.0"/>
  <testcase name="the tree hash after merging the update path should be f8ce9f543a1a06dc164d0fd0d97cc7684a396d247cb36f213215ff0aaf8eb878e4aba6a23b6aa92c8a6f2676b6665186" classname="com.github.traderjoe95.mls.protocol.tree.TreeKem" time="0.001"/>
  <testcase name="the decrypted path secret should be d6c7ef7c7fd86527fbeffabc77737e0de129e05abf8a28eed7c4f00bb2934c29216b8f9f54497f9677e210432b91c60b" classname="com.github.traderjoe95.mls.protocol.tree.TreeKem" time="0.002"/>
  <testcase name="a new update path generated by the sender should be successfully processed" classname="com.github.traderjoe95.mls.protocol.tree.TreeKem" time="0.002"/>
  <testcase name="the update path should be parent-hash valid" classname="com.github.traderjoe95.mls.protocol.tree.TreeKem" time="0.001"/>
  <testcase name="the tree hash after merging the update path should be f8ce9f543a1a06dc164d0fd0d97cc7684a396d247cb36f213215ff0aaf8eb878e4aba6a23b6aa92c8a6f2676b6665186" classname="com.github.traderjoe95.mls.protocol.tree.TreeKem" time="0.0"/>
  <testcase name="the decrypted path secret should be a5c0e25e2c5363c040f256822676ae00dacab28a141761f6e8e1469467a73bbbb1bce648a2277c4d4bc8ee13cf9c8368" classname="com.github.traderjoe95.mls.protocol.tree.TreeKem" time="0.001"/>
  <testcase name="a new update path generated by the sender should be successfully processed" classname="com.github.traderjoe95.mls.protocol.tree.TreeKem" time="0.002"/>
  <testcase name="the update path should be parent-hash valid" classname="com.github.traderjoe95.mls.protocol.tree.TreeKem" time="0.0"/>
  <testcase name="the tree hash after merging the update path should be f8ce9f543a1a06dc164d0fd0d97cc7684a396d247cb36f213215ff0aaf8eb878e4aba6a23b6aa92c8a6f2676b6665186" classname="com.github.traderjoe95.mls.protocol.tree.TreeKem" time="0.001"/>
  <testcase name="the decrypted path secret should be 7eb43e021fb94e93f5d0c6a5d00fdb16a95e3f582e955b04864ecacf5d7d664fe313262f42ae3ba40590c8ba52e263ce" classname="com.github.traderjoe95.mls.protocol.tree.TreeKem" time="0.002"/>
  <testcase name="a new update path generated by the sender should be successfully processed" classname="com.github.traderjoe95.mls.protocol.tree.TreeKem" time="0.002"/>
  <testcase name="the update path should be parent-hash valid" classname="com.github.traderjoe95.mls.protocol.tree.TreeKem" time="0.001"/>
  <testcase name="the tree hash after merging the update path should be f8ce9f543a1a06dc164d0fd0d97cc7684a396d247cb36f213215ff0aaf8eb878e4aba6a23b6aa92c8a6f2676b6665186" classname="com.github.traderjoe95.mls.protocol.tree.TreeKem" time="0.0"/>
  <testcase name="the decrypted path secret should be 7eb43e021fb94e93f5d0c6a5d00fdb16a95e3f582e955b04864ecacf5d7d664fe313262f42ae3ba40590c8ba52e263ce" classname="com.github.traderjoe95.mls.protocol.tree.TreeKem" time="0.001"/>
  <testcase name="a new update path generated by the sender should be successfully processed" classname="com.github.traderjoe95.mls.protocol.tree.TreeKem" time="0.002"/>
  <testcase name="the update path should be parent-hash valid" classname="com.github.traderjoe95.mls.protocol.tree.TreeKem" time="0.0"/>
  <testcase name="the tree hash after merging the update path should be f8ce9f543a1a06dc164d0fd0d97cc7684a396d247cb36f213215ff0aaf8eb878e4aba6a23b6aa92c8a6f2676b6665186" classname="com.github.traderjoe95.mls.protocol.tree.TreeKem" time="0.001"/>
  <testcase name="the decrypted path secret should be 7eb43e021fb94e93f5d0c6a5d00fdb16a95e3f582e955b04864ecacf5d7d664fe313262f42ae3ba40590c8ba52e263ce" classname="com.github.traderjoe95.mls.protocol.tree.TreeKem" time="0.002"/>
  <testcase name="a new update path generated by the sender should be successfully processed" classname="com.github.traderjoe95.mls.protocol.tree.TreeKem" time="0.002"/>
  <testcase name="the update path should be parent-hash valid" classname="com.github.traderjoe95.mls.protocol.tree.TreeKem" time="0.0"/>
  <testcase name="the tree hash after merging the update path should be f8ce9f543a1a06dc164d0fd0d97cc7684a396d247cb36f213215ff0aaf8eb878e4aba6a23b6aa92c8a6f2676b6665186" classname="com.github.traderjoe95.mls.protocol.tree.TreeKem" time="0.0"/>
  <testcase name="the decrypted path secret should be 7eb43e021fb94e93f5d0c6a5d00fdb16a95e3f582e955b04864ecacf5d7d664fe313262f42ae3ba40590c8ba52e263ce" classname="com.github.traderjoe95.mls.protocol.tree.TreeKem" time="0.002"/>
  <testcase name="a new update path generated by the sender should be successfully processed" classname="com.github.traderjoe95.mls.protocol.tree.TreeKem" time="0.002"/>
  <testcase name="the update path should be parent-hash valid" classname="com.github.traderjoe95.mls.protocol.tree.TreeKem" time="0.0"/>
  <testcase name="the tree hash after merging the update path should be b035ce57783134f1b4a795f19fc06c4636d34a3678ffbeb3b08b2983ff5da6f254b684a6eaec988ecb68eafa9f3fd6e7" classname="com.github.traderjoe95.mls.protocol.tree.TreeKem" time="0.0"/>
  <testcase name="the decrypted path secret should be d8ed0258908efee6b5d05df049afc8d37687a1f2ae44bba4b47d6ab672be6dcade5fb72fc2127262bacf60f46bafec63" classname="com.github.traderjoe95.mls.protocol.tree.TreeKem" time="0.002"/>
  <testcase name="a new update path generated by the sender should be successfully processed" classname="com.github.traderjoe95.mls.protocol.tree.TreeKem" time="0.002"/>
  <testcase name="the update path should be parent-hash valid" classname="com.github.traderjoe95.mls.protocol.tree.TreeKem" time="0.0"/>
  <testcase name="the tree hash after merging the update path should be b035ce57783134f1b4a795f19fc06c4636d34a3678ffbeb3b08b2983ff5da6f254b684a6eaec988ecb68eafa9f3fd6e7" classname="com.github.traderjoe95.mls.protocol.tree.TreeKem" time="0.001"/>
  <testcase name="the decrypted path secret should be d8ed0258908efee6b5d05df049afc8d37687a1f2ae44bba4b47d6ab672be6dcade5fb72fc2127262bacf60f46bafec63" classname="com.github.traderjoe95.mls.protocol.tree.TreeKem" time="0.002"/>
  <testcase name="a new update path generated by the sender should be successfully processed" classname="com.github.traderjoe95.mls.protocol.tree.TreeKem" time="0.002"/>
  <testcase name="the update path should be parent-hash valid" classname="com.github.traderjoe95.mls.protocol.tree.TreeKem" time="0.001"/>
  <testcase name="the tree hash after merging the update path should be b035ce57783134f1b4a795f19fc06c4636d34a3678ffbeb3b08b2983ff5da6f254b684a6eaec988ecb68eafa9f3fd6e7" classname="com.github.traderjoe95.mls.protocol.tree.TreeKem" time="0.0"/>
  <testcase name="the decrypted path secret should be d8ed0258908efee6b5d05df049afc8d37687a1f2ae44bba4b47d6ab672be6dcade5fb72fc2127262bacf60f46bafec63" classname="com.github.traderjoe95.mls.protocol.tree.TreeKem" time="0.002"/>
  <testcase name="a new update path generated by the sender should be successfully processed" classname="com.github.traderjoe95.mls.protocol.tree.TreeKem" time="0.003"/>
  <testcase name="the update path should be parent-hash valid" classname="com.github.traderjoe95.mls.protocol.tree.TreeKem" time="0.0"/>
  <testcase name="the tree hash after merging the update path should be b035ce57783134f1b4a795f19fc06c4636d34a3678ffbeb3b08b2983ff5da6f254b684a6eaec988ecb68eafa9f3fd6e7" classname="com.github.traderjoe95.mls.protocol.tree.TreeKem" time="0.0"/>
  <testcase name="the decrypted path secret should be d8ed0258908efee6b5d05df049afc8d37687a1f2ae44bba4b47d6ab672be6dcade5fb72fc2127262bacf60f46bafec63" classname="com.github.traderjoe95.mls.protocol.tree.TreeKem" time="0.002"/>
  <testcase name="a new update path generated by the sender should be successfully processed" classname="com.github.traderjoe95.mls.protocol.tree.TreeKem" time="0.002"/>
  <testcase name="the update path should be parent-hash valid" classname="com.github.traderjoe95.mls.protocol.tree.TreeKem" time="0.0"/>
  <testcase name="the tree hash after merging the update path should be b035ce57783134f1b4a795f19fc06c4636d34a3678ffbeb3b08b2983ff5da6f254b684a6eaec988ecb68eafa9f3fd6e7" classname="com.github.traderjoe95.mls.protocol.tree.TreeKem" time="0.0"/>
  <testcase name="the decrypted path secret should be b81d292017cfdf0ed9f2032b5765ac6575252962e7ffc3049424f54a65b23eed4fdbc3fb8fcbbe9e1a598bd1a11d6c07" classname="com.github.traderjoe95.mls.protocol.tree.TreeKem" time="0.002"/>
  <testcase name="a new update path generated by the sender should be successfully processed" classname="com.github.traderjoe95.mls.protocol.tree.TreeKem" time="0.002"/>
  <testcase name="the update path should be parent-hash valid" classname="com.github.traderjoe95.mls.protocol.tree.TreeKem" time="0.0"/>
  <testcase name="the tree hash after merging the update path should be b035ce57783134f1b4a795f19fc06c4636d34a3678ffbeb3b08b2983ff5da6f254b684a6eaec988ecb68eafa9f3fd6e7" classname="com.github.traderjoe95.mls.protocol.tree.TreeKem" time="0.0"/>
  <testcase name="the decrypted path secret should be 758bfd250a250df25783920eca2ed997e16b763fdb14fc2d5cc5efc17a1edf12acd08addb5cf0eb00478060197a1beff" classname="com.github.traderjoe95.mls.protocol.tree.TreeKem" time="0.002"/>
  <testcase name="a new update path generated by the sender should be successfully processed" classname="com.github.traderjoe95.mls.protocol.tree.TreeKem" time="0.002"/>
  <testcase name="the update path should be parent-hash valid" classname="com.github.traderjoe95.mls.protocol.tree.TreeKem" time="0.001"/>
  <testcase name="the tree hash after merging the update path should be b035ce57783134f1b4a795f19fc06c4636d34a3678ffbeb3b08b2983ff5da6f254b684a6eaec988ecb68eafa9f3fd6e7" classname="com.github.traderjoe95.mls.protocol.tree.TreeKem" time="0.001"/>
  <testcase name="the decrypted path secret should be 758bfd250a250df25783920eca2ed997e16b763fdb14fc2d5cc5efc17a1edf12acd08addb5cf0eb00478060197a1beff" classname="com.github.traderjoe95.mls.protocol.tree.TreeKem" time="0.002"/>
  <testcase name="a new update path generated by the sender should be successfully processed" classname="com.github.traderjoe95.mls.protocol.tree.TreeKem" time="0.002"/>
  <testcase name="the update path should be parent-hash valid" classname="com.github.traderjoe95.mls.protocol.tree.TreeKem" time="0.0"/>
  <testcase name="the tree hash after merging the update path should be fc13135cb9ffa197c3f79e4f7b7797af14dd44afbb0eaee7fb91ad384d02b025587131b732efd259bcc59c8f282b358e" classname="com.github.traderjoe95.mls.protocol.tree.TreeKem" time="0.0"/>
  <testcase name="the decrypted path secret should be ac227f695aa1345a6cdb8132a1d9657b030f6595ae91319314dfbf103af22dc854943c9272fd085e607837973b0e4464" classname="com.github.traderjoe95.mls.protocol.tree.TreeKem" time="0.002"/>
  <testcase name="a new update path generated by the sender should be successfully processed" classname="com.github.traderjoe95.mls.protocol.tree.TreeKem" time="0.002"/>
  <testcase name="the update path should be parent-hash valid" classname="com.github.traderjoe95.mls.protocol.tree.TreeKem" time="0.0"/>
  <testcase name="the tree hash after merging the update path should be fc13135cb9ffa197c3f79e4f7b7797af14dd44afbb0eaee7fb91ad384d02b025587131b732efd259bcc59c8f282b358e" classname="com.github.traderjoe95.mls.protocol.tree.TreeKem" time="0.001"/>
  <testcase name="the decrypted path secret should be ac227f695aa1345a6cdb8132a1d9657b030f6595ae91319314dfbf103af22dc854943c9272fd085e607837973b0e4464" classname="com.github.traderjoe95.mls.protocol.tree.TreeKem" time="0.002"/>
  <testcase name="a new update path generated by the sender should be successfully processed" classname="com.github.traderjoe95.mls.protocol.tree.TreeKem" time="0.002"/>
  <testcase name="the update path should be parent-hash valid" classname="com.github.traderjoe95.mls.protocol.tree.TreeKem" time="0.0"/>
  <testcase name="the tree hash after merging the update path should be fc13135cb9ffa197c3f79e4f7b7797af14dd44afbb0eaee7fb91ad384d02b025587131b732efd259bcc59c8f282b358e" classname="com.github.traderjoe95.mls.protocol.tree.TreeKem" time="0.001"/>
  <testcase name="the decrypted path secret should be ac227f695aa1345a6cdb8132a1d9657b030f6595ae91319314dfbf103af22dc854943c9272fd085e607837973b0e4464" classname="com.github.traderjoe95.mls.protocol.tree.TreeKem" time="0.002"/>
  <testcase name="a new update path generated by the sender should be successfully processed" classname="com.github.traderjoe95.mls.protocol.tree.TreeKem" time="0.002"/>
  <testcase name="the update path should be parent-hash valid" classname="com.github.traderjoe95.mls.protocol.tree.TreeKem" time="0.001"/>
  <testcase name="the tree hash after merging the update path should be fc13135cb9ffa197c3f79e4f7b7797af14dd44afbb0eaee7fb91ad384d02b025587131b732efd259bcc59c8f282b358e" classname="com.github.traderjoe95.mls.protocol.tree.TreeKem" time="0.001"/>
  <testcase name="the decrypted path secret should be ac227f695aa1345a6cdb8132a1d9657b030f6595ae91319314dfbf103af22dc854943c9272fd085e607837973b0e4464" classname="com.github.traderjoe95.mls.protocol.tree.TreeKem" time="0.002"/>
  <testcase name="a new update path generated by the sender should be successfully processed" classname="com.github.traderjoe95.mls.protocol.tree.TreeKem" time="0.002"/>
  <testcase name="the update path should be parent-hash valid" classname="com.github.traderjoe95.mls.protocol.tree.TreeKem" time="0.0"/>
  <testcase name="the tree hash after merging the update path should be fc13135cb9ffa197c3f79e4f7b7797af14dd44afbb0eaee7fb91ad384d02b025587131b732efd259bcc59c8f282b358e" classname="com.github.traderjoe95.mls.protocol.tree.TreeKem" time="0.0"/>
  <testcase name="the decrypted path secret should be ad6e8a18d7268085081d439845bf1e74ef3bbeca038bb2108dfe14be8445bfa664887131566e3974d8ea4bf520d88c99" classname="com.github.traderjoe95.mls.protocol.tree.TreeKem" time="0.001"/>
  <testcase name="a new update path generated by the sender should be successfully processed" classname="com.github.traderjoe95.mls.protocol.tree.TreeKem" time="0.002"/>
  <testcase name="the update path should be parent-hash valid" classname="com.github.traderjoe95.mls.protocol.tree.TreeKem" time="0.0"/>
  <testcase name="the tree hash after merging the update path should be fc13135cb9ffa197c3f79e4f7b7797af14dd44afbb0eaee7fb91ad384d02b025587131b732efd259bcc59c8f282b358e" classname="com.github.traderjoe95.mls.protocol.tree.TreeKem" time="0.0"/>
  <testcase name="the decrypted path secret should be 76b80c31c2cfeb224682e31ab28fd6822e6781315c7cac8079f87118a7bc5e7b42dc062da2fac865ea8c54044981024c" classname="com.github.traderjoe95.mls.protocol.tree.TreeKem" time="0.002"/>
  <testcase name="a new update path generated by the sender should be successfully processed" classname="com.github.traderjoe95.mls.protocol.tree.TreeKem" time="0.002"/>
  <testcase name="the update path should be parent-hash valid" classname="com.github.traderjoe95.mls.protocol.tree.TreeKem" time="0.0"/>
  <testcase name="the tree hash after merging the update path should be fc13135cb9ffa197c3f79e4f7b7797af14dd44afbb0eaee7fb91ad384d02b025587131b732efd259bcc59c8f282b358e" classname="com.github.traderjoe95.mls.protocol.tree.TreeKem" time="0.001"/>
  <testcase name="the decrypted path secret should be 76b80c31c2cfeb224682e31ab28fd6822e6781315c7cac8079f87118a7bc5e7b42dc062da2fac865ea8c54044981024c" classname="com.github.traderjoe95.mls.protocol.tree.TreeKem" time="0.002"/>
  <testcase name="a new update path generated by the sender should be successfully processed" classname="com.github.traderjoe95.mls.protocol.tree.TreeKem" time="0.003"/>
  <testcase name="the update path should be parent-hash valid" classname="com.github.traderjoe95.mls.protocol.tree.TreeKem" time="0.0"/>
  <testcase name="the tree hash after merging the update path should be 3e0212c3a167bc1bda1cbe98b797ed8f2c3eb9ccf435ca447cc4b012ec9bd6390cf1ee13d1812d450ef2b96584862fd6" classname="com.github.traderjoe95.mls.protocol.tree.TreeKem" time="0.0"/>
  <testcase name="the decrypted path secret should be e4a89b44453fd53398faf3e68ff4c8386da4ea6f37f5a135ca098d390403294c32e1b09cc54afd33501f6561b81e5923" classname="com.github.traderjoe95.mls.protocol.tree.TreeKem" time="0.002"/>
  <testcase name="a new update path generated by the sender should be successfully processed" classname="com.github.traderjoe95.mls.protocol.tree.TreeKem" time="0.002"/>
  <testcase name="the update path should be parent-hash valid" classname="com.github.traderjoe95.mls.protocol.tree.TreeKem" time="0.0"/>
  <testcase name="the tree hash after merging the update path should be 3e0212c3a167bc1bda1cbe98b797ed8f2c3eb9ccf435ca447cc4b012ec9bd6390cf1ee13d1812d450ef2b96584862fd6" classname="com.github.traderjoe95.mls.protocol.tree.TreeKem" time="0.0"/>
  <testcase name="the decrypted path secret should be e4a89b44453fd53398faf3e68ff4c8386da4ea6f37f5a135ca098d390403294c32e1b09cc54afd33501f6561b81e5923" classname="com.github.traderjoe95.mls.protocol.tree.TreeKem" time="0.002"/>
  <testcase name="a new update path generated by the sender should be successfully processed" classname="com.github.traderjoe95.mls.protocol.tree.TreeKem" time="0.002"/>
  <testcase name="the update path should be parent-hash valid" classname="com.github.traderjoe95.mls.protocol.tree.TreeKem" time="0.0"/>
  <testcase name="the tree hash after merging the update path should be 3e0212c3a167bc1bda1cbe98b797ed8f2c3eb9ccf435ca447cc4b012ec9bd6390cf1ee13d1812d450ef2b96584862fd6" classname="com.github.traderjoe95.mls.protocol.tree.TreeKem" time="0.0"/>
  <testcase name="the decrypted path secret should be e4a89b44453fd53398faf3e68ff4c8386da4ea6f37f5a135ca098d390403294c32e1b09cc54afd33501f6561b81e5923" classname="com.github.traderjoe95.mls.protocol.tree.TreeKem" time="0.002"/>
  <testcase name="a new update path generated by the sender should be successfully processed" classname="com.github.traderjoe95.mls.protocol.tree.TreeKem" time="0.002"/>
  <testcase name="the update path should be parent-hash valid" classname="com.github.traderjoe95.mls.protocol.tree.TreeKem" time="0.0"/>
  <testcase name="the tree hash after merging the update path should be 3e0212c3a167bc1bda1cbe98b797ed8f2c3eb9ccf435ca447cc4b012ec9bd6390cf1ee13d1812d450ef2b96584862fd6" classname="com.github.traderjoe95.mls.protocol.tree.TreeKem" time="0.0"/>
  <testcase name="the decrypted path secret should be e4a89b44453fd53398faf3e68ff4c8386da4ea6f37f5a135ca098d390403294c32e1b09cc54afd33501f6561b81e5923" classname="com.github.traderjoe95.mls.protocol.tree.TreeKem" time="0.002"/>
  <testcase name="a new update path generated by the sender should be successfully processed" classname="com.github.traderjoe95.mls.protocol.tree.TreeKem" time="0.002"/>
  <testcase name="the update path should be parent-hash valid" classname="com.github.traderjoe95.mls.protocol.tree.TreeKem" time="0.0"/>
  <testcase name="the tree hash after merging the update path should be 3e0212c3a167bc1bda1cbe98b797ed8f2c3eb9ccf435ca447cc4b012ec9bd6390cf1ee13d1812d450ef2b96584862fd6" classname="com.github.traderjoe95.mls.protocol.tree.TreeKem" time="0.0"/>
  <testcase name="the decrypted path secret should be 6c0ed308f9457f4d2271af6e7f695402149830044e1ecf701e30afac1a7a4d0c9e918a8c76ff45991ef4bbefdcbe4389" classname="com.github.traderjoe95.mls.protocol.tree.TreeKem" time="0.001"/>
  <testcase name="a new update path generated by the sender should be successfully processed" classname="com.github.traderjoe95.mls.protocol.tree.TreeKem" time="0.002"/>
  <testcase name="the update path should be parent-hash valid" classname="com.github.traderjoe95.mls.protocol.tree.TreeKem" time="0.0"/>
  <testcase name="the tree hash after merging the update path should be 3e0212c3a167bc1bda1cbe98b797ed8f2c3eb9ccf435ca447cc4b012ec9bd6390cf1ee13d1812d450ef2b96584862fd6" classname="com.github.traderjoe95.mls.protocol.tree.TreeKem" time="0.0"/>
  <testcase name="the decrypted path secret should be 6c0ed308f9457f4d2271af6e7f695402149830044e1ecf701e30afac1a7a4d0c9e918a8c76ff45991ef4bbefdcbe4389" classname="com.github.traderjoe95.mls.protocol.tree.TreeKem" time="0.002"/>
  <testcase name="a new update path generated by the sender should be successfully processed" classname="com.github.traderjoe95.mls.protocol.tree.TreeKem" time="0.002"/>
  <testcase name="the update path should be parent-hash valid" classname="com.github.traderjoe95.mls.protocol.tree.TreeKem" time="0.0"/>
  <testcase name="the tree hash after merging the update path should be 3e0212c3a167bc1bda1cbe98b797ed8f2c3eb9ccf435ca447cc4b012ec9bd6390cf1ee13d1812d450ef2b96584862fd6" classname="com.github.traderjoe95.mls.protocol.tree.TreeKem" time="0.0"/>
  <testcase name="the decrypted path secret should be 5c1278d7d06b833dc42908536117abbb26ef11cc740facfb41d63d89da9d1ca89b2348189d5972b8d72f88cf4b5b529c" classname="com.github.traderjoe95.mls.protocol.tree.TreeKem" time="0.002"/>
  <testcase name="a new update path generated by the sender should be successfully processed" classname="com.github.traderjoe95.mls.protocol.tree.TreeKem" time="0.002"/>
  <testcase name="the update path should be parent-hash valid" classname="com.github.traderjoe95.mls.protocol.tree.TreeKem" time="0.001"/>
  <testcase name="the tree hash after merging the update path should be e5592f2cd131478c35780356f15dcd8ddfae761bc13b6bf4e998cae4d68d39b3087b4874bd43bf51c5eac2eab48ff9e4" classname="com.github.traderjoe95.mls.protocol.tree.TreeKem" time="0.0"/>
  <testcase name="the decrypted path secret should be 0d8dd2ea5524a00a54e95623622f05e7748b55becbecb3fc3de77eb0a460cad2768f73558dd4939d2c8d8f41444cb6fd" classname="com.github.traderjoe95.mls.protocol.tree.TreeKem" time="0.002"/>
  <testcase name="a new update path generated by the sender should be successfully processed" classname="com.github.traderjoe95.mls.protocol.tree.TreeKem" time="0.002"/>
  <testcase name="the update path should be parent-hash valid" classname="com.github.traderjoe95.mls.protocol.tree.TreeKem" time="0.0"/>
  <testcase name="the tree hash after merging the update path should be e5592f2cd131478c35780356f15dcd8ddfae761bc13b6bf4e998cae4d68d39b3087b4874bd43bf51c5eac2eab48ff9e4" classname="com.github.traderjoe95.mls.protocol.tree.TreeKem" time="0.0"/>
  <testcase name="the decrypted path secret should be 0d8dd2ea5524a00a54e95623622f05e7748b55becbecb3fc3de77eb0a460cad2768f73558dd4939d2c8d8f41444cb6fd" classname="com.github.traderjoe95.mls.protocol.tree.TreeKem" time="0.002"/>
  <testcase name="a new update path generated by the sender should be successfully processed" classname="com.github.traderjoe95.mls.protocol.tree.TreeKem" time="0.002"/>
  <testcase name="the update path should be parent-hash valid" classname="com.github.traderjoe95.mls.protocol.tree.TreeKem" time="0.001"/>
  <testcase name="the tree hash after merging the update path should be e5592f2cd131478c35780356f15dcd8ddfae761bc13b6bf4e998cae4d68d39b3087b4874bd43bf51c5eac2eab48ff9e4" classname="com.github.traderjoe95.mls.protocol.tree.TreeKem" time="0.0"/>
  <testcase name="the decrypted path secret should be 0d8dd2ea5524a00a54e95623622f05e7748b55becbecb3fc3de77eb0a460cad2768f73558dd4939d2c8d8f41444cb6fd" classname="com.github.traderjoe95.mls.protocol.tree.TreeKem" time="0.001"/>
  <testcase name="a new update path generated by the sender should be successfully processed" classname="com.github.traderjoe95.mls.protocol.tree.TreeKem" time="0.002"/>
  <testcase name="the update path should be parent-hash valid" classname="com.github.traderjoe95.mls.protocol.tree.TreeKem" time="0.0"/>
  <testcase name="the tree hash after merging the update path should be e5592f2cd131478c35780356f15dcd8ddfae761bc13b6bf4e998cae4d68d39b3087b4874bd43bf51c5eac2eab48ff9e4" classname="com.github.traderjoe95.mls.protocol.tree.TreeKem" time="0.0"/>
  <testcase name="the decrypted path secret should be 0d8dd2ea5524a00a54e95623622f05e7748b55becbecb3fc3de77eb0a460cad2768f73558dd4939d2c8d8f41444cb6fd" classname="com.github.traderjoe95.mls.protocol.tree.TreeKem" time="0.001"/>
  <testcase name="a new update path generated by the sender should be successfully processed" classname="com.github.traderjoe95.mls.protocol.tree.TreeKem" time="0.002"/>
  <testcase name="the update path should be parent-hash valid" classname="com.github.traderjoe95.mls.protocol.tree.TreeKem" time="0.0"/>
  <testcase name="the tree hash after merging the update path should be e5592f2cd131478c35780356f15dcd8ddfae761bc13b6bf4e998cae4d68d39b3087b4874bd43bf51c5eac2eab48ff9e4" classname="com.github.traderjoe95.mls.protocol.tree.TreeKem" time="0.0"/>
  <testcase name="the decrypted path secret should be 3d94ef6092232494c7caffc62dd3ec8570b9879e101d7f251833d947a91d8ea872c867ddeec596c9b0fd2b7401a711e0" classname="com.github.traderjoe95.mls.protocol.tree.TreeKem" time="0.002"/>
  <testcase name="a new update path generated by the sender should be successfully processed" classname="com.github.traderjoe95.mls.protocol.tree.TreeKem" time="0.002"/>
  <testcase name="the update path should be parent-hash valid" classname="com.github.traderjoe95.mls.protocol.tree.TreeKem" time="0.0"/>
  <testcase name="the tree hash after merging the update path should be e5592f2cd131478c35780356f15dcd8ddfae761bc13b6bf4e998cae4d68d39b3087b4874bd43bf51c5eac2eab48ff9e4" classname="com.github.traderjoe95.mls.protocol.tree.TreeKem" time="0.0"/>
  <testcase name="the decrypted path secret should be 3d94ef6092232494c7caffc62dd3ec8570b9879e101d7f251833d947a91d8ea872c867ddeec596c9b0fd2b7401a711e0" classname="com.github.traderjoe95.mls.protocol.tree.TreeKem" time="0.002"/>
  <testcase name="a new update path generated by the sender should be successfully processed" classname="com.github.traderjoe95.mls.protocol.tree.TreeKem" time="0.002"/>
  <testcase name="the update path should be parent-hash valid" classname="com.github.traderjoe95.mls.protocol.tree.TreeKem" time="0.0"/>
  <testcase name="the tree hash after merging the update path should be e5592f2cd131478c35780356f15dcd8ddfae761bc13b6bf4e998cae4d68d39b3087b4874bd43bf51c5eac2eab48ff9e4" classname="com.github.traderjoe95.mls.protocol.tree.TreeKem" time="0.0"/>
  <testcase name="the decrypted path secret should be 4de9c660f5cb9bd949b379f788f26d79e683bc920f739d71608f26d09aef447220346fec18c9b989a63418e35c5381ec" classname="com.github.traderjoe95.mls.protocol.tree.TreeKem" time="0.002"/>
  <testcase name="a new update path generated by the sender should be successfully processed" classname="com.github.traderjoe95.mls.protocol.tree.TreeKem" time="0.002"/>
  <testcase name="non-blank leaf 0 should be consistent with the public state" classname="com.github.traderjoe95.mls.protocol.tree.TreeKem" time="0.009"/>
  <testcase name="non-blank leaf 1 should be consistent with the public state" classname="com.github.traderjoe95.mls.protocol.tree.TreeKem" time="0.009"/>
  <testcase name="non-blank leaf 2 should be consistent with the public state" classname="com.github.traderjoe95.mls.protocol.tree.TreeKem" time="0.006"/>
  <testcase name="non-blank leaf 3 should be consistent with the public state" classname="com.github.traderjoe95.mls.protocol.tree.TreeKem" time="0.006"/>
  <testcase name="non-blank leaf 4 should be consistent with the public state" classname="com.github.traderjoe95.mls.protocol.tree.TreeKem" time="0.01"/>
  <testcase name="non-blank leaf 5 should be consistent with the public state" classname="com.github.traderjoe95.mls.protocol.tree.TreeKem" time="0.001"/>
  <testcase name="non-blank leaf 6 should be consistent with the public state" classname="com.github.traderjoe95.mls.protocol.tree.TreeKem" time="0.006"/>
  <testcase name="the update path should be parent-hash valid" classname="com.github.traderjoe95.mls.protocol.tree.TreeKem" time="0.0"/>
  <testcase name="the tree hash after merging the update path should be d3bf57245d7284d39b21d02d525c07452729f9b0dbab751ec2f50f4fd35ed6f345f9388ad3ec459bd6a9b41852e64157" classname="com.github.traderjoe95.mls.protocol.tree.TreeKem" time="0.0"/>
  <testcase name="the decrypted path secret should be 42292589547cc5cb9b17011a50ef0b6dac2187740e3fc6f6584524270f665deabe36ff629afb5f6209d5f06192676df5" classname="com.github.traderjoe95.mls.protocol.tree.TreeKem" time="0.001"/>
  <testcase name="a new update path generated by the sender should be successfully processed" classname="com.github.traderjoe95.mls.protocol.tree.TreeKem" time="0.002"/>
  <testcase name="the update path should be parent-hash valid" classname="com.github.traderjoe95.mls.protocol.tree.TreeKem" time="0.0"/>
  <testcase name="the tree hash after merging the update path should be d3bf57245d7284d39b21d02d525c07452729f9b0dbab751ec2f50f4fd35ed6f345f9388ad3ec459bd6a9b41852e64157" classname="com.github.traderjoe95.mls.protocol.tree.TreeKem" time="0.001"/>
  <testcase name="the decrypted path secret should be 965cc796af669b8eb57db6c9a1789120cf46ac637973ad003eb0aa7fc83cff22920a9187274c761caaadeb1956a9eb45" classname="com.github.traderjoe95.mls.protocol.tree.TreeKem" time="0.002"/>
  <testcase name="a new update path generated by the sender should be successfully processed" classname="com.github.traderjoe95.mls.protocol.tree.TreeKem" time="0.002"/>
  <testcase name="the update path should be parent-hash valid" classname="com.github.traderjoe95.mls.protocol.tree.TreeKem" time="0.001"/>
  <testcase name="the tree hash after merging the update path should be d3bf57245d7284d39b21d02d525c07452729f9b0dbab751ec2f50f4fd35ed6f345f9388ad3ec459bd6a9b41852e64157" classname="com.github.traderjoe95.mls.protocol.tree.TreeKem" time="0.0"/>
  <testcase name="the decrypted path secret should be 965cc796af669b8eb57db6c9a1789120cf46ac637973ad003eb0aa7fc83cff22920a9187274c761caaadeb1956a9eb45" classname="com.github.traderjoe95.mls.protocol.tree.TreeKem" time="0.001"/>
  <testcase name="a new update path generated by the sender should be successfully processed" classname="com.github.traderjoe95.mls.protocol.tree.TreeKem" time="0.002"/>
  <testcase name="the update path should be parent-hash valid" classname="com.github.traderjoe95.mls.protocol.tree.TreeKem" time="0.0"/>
  <testcase name="the tree hash after merging the update path should be d3bf57245d7284d39b21d02d525c07452729f9b0dbab751ec2f50f4fd35ed6f345f9388ad3ec459bd6a9b41852e64157" classname="com.github.traderjoe95.mls.protocol.tree.TreeKem" time="0.0"/>
  <testcase name="the decrypted path secret should be 9ca9dc5dcfc42624124d36cfae43a4ca3a4287958bb1471a431d9aa7173adf7003d66c66f594ac97d23412a3771291f4" classname="com.github.traderjoe95.mls.protocol.tree.TreeKem" time="0.002"/>
  <testcase name="a new update path generated by the sender should be successfully processed" classname="com.github.traderjoe95.mls.protocol.tree.TreeKem" time="0.002"/>
  <testcase name="the update path should be parent-hash valid" classname="com.github.traderjoe95.mls.protocol.tree.TreeKem" time="0.0"/>
  <testcase name="the tree hash after merging the update path should be d3bf57245d7284d39b21d02d525c07452729f9b0dbab751ec2f50f4fd35ed6f345f9388ad3ec459bd6a9b41852e64157" classname="com.github.traderjoe95.mls.protocol.tree.TreeKem" time="0.0"/>
  <testcase name="the decrypted path secret should be 9ca9dc5dcfc42624124d36cfae43a4ca3a4287958bb1471a431d9aa7173adf7003d66c66f594ac97d23412a3771291f4" classname="com.github.traderjoe95.mls.protocol.tree.TreeKem" time="0.001"/>
  <testcase name="a new update path generated by the sender should be successfully processed" classname="com.github.traderjoe95.mls.protocol.tree.TreeKem" time="0.002"/>
  <testcase name="the update path should be parent-hash valid" classname="com.github.traderjoe95.mls.protocol.tree.TreeKem" time="0.0"/>
  <testcase name="the tree hash after merging the update path should be d3bf57245d7284d39b21d02d525c07452729f9b0dbab751ec2f50f4fd35ed6f345f9388ad3ec459bd6a9b41852e64157" classname="com.github.traderjoe95.mls.protocol.tree.TreeKem" time="0.0"/>
  <testcase name="the decrypted path secret should be 9ca9dc5dcfc42624124d36cfae43a4ca3a4287958bb1471a431d9aa7173adf7003d66c66f594ac97d23412a3771291f4" classname="com.github.traderjoe95.mls.protocol.tree.TreeKem" time="0.002"/>
  <testcase name="a new update path generated by the sender should be successfully processed" classname="com.github.traderjoe95.mls.protocol.tree.TreeKem" time="0.002"/>
  <testcase name="the update path should be parent-hash valid" classname="com.github.traderjoe95.mls.protocol.tree.TreeKem" time="0.0"/>
  <testcase name="the tree hash after merging the update path should be 2068c5001a4ff1ca23b2a91a85ab0497b90087cd741415f1b49e67512d7f49a53f90d72b9df519565ab055bd5c97fb89" classname="com.github.traderjoe95.mls.protocol.tree.TreeKem" time="0.001"/>
  <testcase name="the decrypted path secret should be f80742d2a851ebca3d97a3d067d601b7cbb7b23de82d17afe13a240f752dc6470bf49dd2941726c77783244c4b826471" classname="com.github.traderjoe95.mls.protocol.tree.TreeKem" time="0.002"/>
  <testcase name="a new update path generated by the sender should be successfully processed" classname="com.github.traderjoe95.mls.protocol.tree.TreeKem" time="0.002"/>
  <testcase name="the update path should be parent-hash valid" classname="com.github.traderjoe95.mls.protocol.tree.TreeKem" time="0.0"/>
  <testcase name="the tree hash after merging the update path should be 2068c5001a4ff1ca23b2a91a85ab0497b90087cd741415f1b49e67512d7f49a53f90d72b9df519565ab055bd5c97fb89" classname="com.github.traderjoe95.mls.protocol.tree.TreeKem" time="0.001"/>
  <testcase name="the decrypted path secret should be b01e2191136db9f02740529beca8c74a6e54a3946faf1ba9533d2e2098e68ceaa4e58cb29bc0096f06693274202f72e3" classname="com.github.traderjoe95.mls.protocol.tree.TreeKem" time="0.002"/>
  <testcase name="a new update path generated by the sender should be successfully processed" classname="com.github.traderjoe95.mls.protocol.tree.TreeKem" time="0.002"/>
  <testcase name="the update path should be parent-hash valid" classname="com.github.traderjoe95.mls.protocol.tree.TreeKem" time="0.0"/>
  <testcase name="the tree hash after merging the update path should be 2068c5001a4ff1ca23b2a91a85ab0497b90087cd741415f1b49e67512d7f49a53f90d72b9df519565ab055bd5c97fb89" classname="com.github.traderjoe95.mls.protocol.tree.TreeKem" time="0.0"/>
  <testcase name="the decrypted path secret should be b01e2191136db9f02740529beca8c74a6e54a3946faf1ba9533d2e2098e68ceaa4e58cb29bc0096f06693274202f72e3" classname="com.github.traderjoe95.mls.protocol.tree.TreeKem" time="0.001"/>
  <testcase name="a new update path generated by the sender should be successfully processed" classname="com.github.traderjoe95.mls.protocol.tree.TreeKem" time="0.002"/>
  <testcase name="the update path should be parent-hash valid" classname="com.github.traderjoe95.mls.protocol.tree.TreeKem" time="0.0"/>
  <testcase name="the tree hash after merging the update path should be 2068c5001a4ff1ca23b2a91a85ab0497b90087cd741415f1b49e67512d7f49a53f90d72b9df519565ab055bd5c97fb89" classname="com.github.traderjoe95.mls.protocol.tree.TreeKem" time="0.001"/>
  <testcase name="the decrypted path secret should be 43fed7155ab6173816aa607b05c67829e0c718362b5c96c1e128403e85eef3f3f2ee1423705a99b2493d950cac598b13" classname="com.github.traderjoe95.mls.protocol.tree.TreeKem" time="0.002"/>
  <testcase name="a new update path generated by the sender should be successfully processed" classname="com.github.traderjoe95.mls.protocol.tree.TreeKem" time="0.002"/>
  <testcase name="the update path should be parent-hash valid" classname="com.github.traderjoe95.mls.protocol.tree.TreeKem" time="0.0"/>
  <testcase name="the tree hash after merging the update path should be 2068c5001a4ff1ca23b2a91a85ab0497b90087cd741415f1b49e67512d7f49a53f90d72b9df519565ab055bd5c97fb89" classname="com.github.traderjoe95.mls.protocol.tree.TreeKem" time="0.0"/>
  <testcase name="the decrypted path secret should be 43fed7155ab6173816aa607b05c67829e0c718362b5c96c1e128403e85eef3f3f2ee1423705a99b2493d950cac598b13" classname="com.github.traderjoe95.mls.protocol.tree.TreeKem" time="0.001"/>
  <testcase name="a new update path generated by the sender should be successfully processed" classname="com.github.traderjoe95.mls.protocol.tree.TreeKem" time="0.002"/>
  <testcase name="the update path should be parent-hash valid" classname="com.github.traderjoe95.mls.protocol.tree.TreeKem" time="0.0"/>
  <testcase name="the tree hash after merging the update path should be 2068c5001a4ff1ca23b2a91a85ab0497b90087cd741415f1b49e67512d7f49a53f90d72b9df519565ab055bd5c97fb89" classname="com.github.traderjoe95.mls.protocol.tree.TreeKem" time="0.0"/>
  <testcase name="the decrypted path secret should be 43fed7155ab6173816aa607b05c67829e0c718362b5c96c1e128403e85eef3f3f2ee1423705a99b2493d950cac598b13" classname="com.github.traderjoe95.mls.protocol.tree.TreeKem" time="0.002"/>
  <testcase name="a new update path generated by the sender should be successfully processed" classname="com.github.traderjoe95.mls.protocol.tree.TreeKem" time="0.003"/>
  <testcase name="the update path should be parent-hash valid" classname="com.github.traderjoe95.mls.protocol.tree.TreeKem" time="0.0"/>
  <testcase name="the tree hash after merging the update path should be 08c8e3ce1008ee27337c6fa38c342b4fa7f06087c71160a14d8639be245b6d3711e6897d5b0c0e45d18f96aad1e838b1" classname="com.github.traderjoe95.mls.protocol.tree.TreeKem" time="0.001"/>
  <testcase name="the decrypted path secret should be d0e9292440c785c3aa4fb6fa52c107ddb3bfacbec7686a15a1644b24f7870559b5bc6146800ecf43256b850d2dc13c7d" classname="com.github.traderjoe95.mls.protocol.tree.TreeKem" time="0.002"/>
  <testcase name="a new update path generated by the sender should be successfully processed" classname="com.github.traderjoe95.mls.protocol.tree.TreeKem" time="0.002"/>
  <testcase name="the update path should be parent-hash valid" classname="com.github.traderjoe95.mls.protocol.tree.TreeKem" time="0.0"/>
  <testcase name="the tree hash after merging the update path should be 08c8e3ce1008ee27337c6fa38c342b4fa7f06087c71160a14d8639be245b6d3711e6897d5b0c0e45d18f96aad1e838b1" classname="com.github.traderjoe95.mls.protocol.tree.TreeKem" time="0.0"/>
  <testcase name="the decrypted path secret should be d0e9292440c785c3aa4fb6fa52c107ddb3bfacbec7686a15a1644b24f7870559b5bc6146800ecf43256b850d2dc13c7d" classname="com.github.traderjoe95.mls.protocol.tree.TreeKem" time="0.002"/>
  <testcase name="a new update path generated by the sender should be successfully processed" classname="com.github.traderjoe95.mls.protocol.tree.TreeKem" time="0.002"/>
  <testcase name="the update path should be parent-hash valid" classname="com.github.traderjoe95.mls.protocol.tree.TreeKem" time="0.0"/>
  <testcase name="the tree hash after merging the update path should be 08c8e3ce1008ee27337c6fa38c342b4fa7f06087c71160a14d8639be245b6d3711e6897d5b0c0e45d18f96aad1e838b1" classname="com.github.traderjoe95.mls.protocol.tree.TreeKem" time="0.0"/>
  <testcase name="the decrypted path secret should be d23bf61e931ac37db0908350175c598594aa174ebe4df87f76bd3dae49f8bc0bb60c354bc3250a1b29de9d5ec6a9dcd7" classname="com.github.traderjoe95.mls.protocol.tree.TreeKem" time="0.001"/>
  <testcase name="a new update path generated by the sender should be successfully processed" classname="com.github.traderjoe95.mls.protocol.tree.TreeKem" time="0.001"/>
  <testcase name="the update path should be parent-hash valid" classname="com.github.traderjoe95.mls.protocol.tree.TreeKem" time="0.001"/>
  <testcase name="the tree hash after merging the update path should be 08c8e3ce1008ee27337c6fa38c342b4fa7f06087c71160a14d8639be245b6d3711e6897d5b0c0e45d18f96aad1e838b1" classname="com.github.traderjoe95.mls.protocol.tree.TreeKem" time="0.0"/>
  <testcase name="the decrypted path secret should be b25771f2e7d3fd8c3346f64d5c416312a4e48611720f4118951a9cd2041f9b904e1155f815dea747479ec10aa7a01759" classname="com.github.traderjoe95.mls.protocol.tree.TreeKem" time="0.001"/>
  <testcase name="a new update path generated by the sender should be successfully processed" classname="com.github.traderjoe95.mls.protocol.tree.TreeKem" time="0.002"/>
  <testcase name="the update path should be parent-hash valid" classname="com.github.traderjoe95.mls.protocol.tree.TreeKem" time="0.0"/>
  <testcase name="the tree hash after merging the update path should be 08c8e3ce1008ee27337c6fa38c342b4fa7f06087c71160a14d8639be245b6d3711e6897d5b0c0e45d18f96aad1e838b1" classname="com.github.traderjoe95.mls.protocol.tree.TreeKem" time="0.0"/>
  <testcase name="the decrypted path secret should be b25771f2e7d3fd8c3346f64d5c416312a4e48611720f4118951a9cd2041f9b904e1155f815dea747479ec10aa7a01759" classname="com.github.traderjoe95.mls.protocol.tree.TreeKem" time="0.002"/>
  <testcase name="a new update path generated by the sender should be successfully processed" classname="com.github.traderjoe95.mls.protocol.tree.TreeKem" time="0.002"/>
  <testcase name="the update path should be parent-hash valid" classname="com.github.traderjoe95.mls.protocol.tree.TreeKem" time="0.0"/>
  <testcase name="the tree hash after merging the update path should be 08c8e3ce1008ee27337c6fa38c342b4fa7f06087c71160a14d8639be245b6d3711e6897d5b0c0e45d18f96aad1e838b1" classname="com.github.traderjoe95.mls.protocol.tree.TreeKem" time="0.001"/>
  <testcase name="the decrypted path secret should be b25771f2e7d3fd8c3346f64d5c416312a4e48611720f4118951a9cd2041f9b904e1155f815dea747479ec10aa7a01759" classname="com.github.traderjoe95.mls.protocol.tree.TreeKem" time="0.002"/>
  <testcase name="a new update path generated by the sender should be successfully processed" classname="com.github.traderjoe95.mls.protocol.tree.TreeKem" time="0.002"/>
  <testcase name="the update path should be parent-hash valid" classname="com.github.traderjoe95.mls.protocol.tree.TreeKem" time="0.0"/>
  <testcase name="the tree hash after merging the update path should be 732de2eb585eb5f309e506c202cd291b54e8e7837bbbbad5f575e150e2a39ab4972c58c16c24cd854fe470170b2298b0" classname="com.github.traderjoe95.mls.protocol.tree.TreeKem" time="0.0"/>
  <testcase name="the decrypted path secret should be d6c7ef7c7fd86527fbeffabc77737e0de129e05abf8a28eed7c4f00bb2934c29216b8f9f54497f9677e210432b91c60b" classname="com.github.traderjoe95.mls.protocol.tree.TreeKem" time="0.001"/>
  <testcase name="a new update path generated by the sender should be successfully processed" classname="com.github.traderjoe95.mls.protocol.tree.TreeKem" time="0.002"/>
  <testcase name="the update path should be parent-hash valid" classname="com.github.traderjoe95.mls.protocol.tree.TreeKem" time="0.0"/>
  <testcase name="the tree hash after merging the update path should be 732de2eb585eb5f309e506c202cd291b54e8e7837bbbbad5f575e150e2a39ab4972c58c16c24cd854fe470170b2298b0" classname="com.github.traderjoe95.mls.protocol.tree.TreeKem" time="0.001"/>
  <testcase name="the decrypted path secret should be d6c7ef7c7fd86527fbeffabc77737e0de129e05abf8a28eed7c4f00bb2934c29216b8f9f54497f9677e210432b91c60b" classname="com.github.traderjoe95.mls.protocol.tree.TreeKem" time="0.002"/>
  <testcase name="a new update path generated by the sender should be successfully processed" classname="com.github.traderjoe95.mls.protocol.tree.TreeKem" time="0.002"/>
  <testcase name="the update path should be parent-hash valid" classname="com.github.traderjoe95.mls.protocol.tree.TreeKem" time="0.0"/>
  <testcase name="the tree hash after merging the update path should be 732de2eb585eb5f309e506c202cd291b54e8e7837bbbbad5f575e150e2a39ab4972c58c16c24cd854fe470170b2298b0" classname="com.github.traderjoe95.mls.protocol.tree.TreeKem" time="0.0"/>
  <testcase name="the decrypted path secret should be a5c0e25e2c5363c040f256822676ae00dacab28a141761f6e8e1469467a73bbbb1bce648a2277c4d4bc8ee13cf9c8368" classname="com.github.traderjoe95.mls.protocol.tree.TreeKem" time="0.001"/>
  <testcase name="a new update path generated by the sender should be successfully processed" classname="com.github.traderjoe95.mls.protocol.tree.TreeKem" time="0.002"/>
  <testcase name="the update path should be parent-hash valid" classname="com.github.traderjoe95.mls.protocol.tree.TreeKem" time="0.0"/>
  <testcase name="the tree hash after merging the update path should be 732de2eb585eb5f309e506c202cd291b54e8e7837bbbbad5f575e150e2a39ab4972c58c16c24cd854fe470170b2298b0" classname="com.github.traderjoe95.mls.protocol.tree.TreeKem" time="0.001"/>
  <testcase name="the decrypted path secret should be 7eb43e021fb94e93f5d0c6a5d00fdb16a95e3f582e955b04864ecacf5d7d664fe313262f42ae3ba40590c8ba52e263ce" classname="com.github.traderjoe95.mls.protocol.tree.TreeKem" time="0.002"/>
  <testcase name="a new update path generated by the sender should be successfully processed" classname="com.github.traderjoe95.mls.protocol.tree.TreeKem" time="0.002"/>
  <testcase name="the update path should be parent-hash valid" classname="com.github.traderjoe95.mls.protocol.tree.TreeKem" time="0.0"/>
  <testcase name="the tree hash after merging the update path should be 732de2eb585eb5f309e506c202cd291b54e8e7837bbbbad5f575e150e2a39ab4972c58c16c24cd854fe470170b2298b0" classname="com.github.traderjoe95.mls.protocol.tree.TreeKem" time="0.0"/>
  <testcase name="the decrypted path secret should be 7eb43e021fb94e93f5d0c6a5d00fdb16a95e3f582e955b04864ecacf5d7d664fe313262f42ae3ba40590c8ba52e263ce" classname="com.github.traderjoe95.mls.protocol.tree.TreeKem" time="0.002"/>
  <testcase name="a new update path generated by the sender should be successfully processed" classname="com.github.traderjoe95.mls.protocol.tree.TreeKem" time="0.002"/>
  <testcase name="the update path should be parent-hash valid" classname="com.github.traderjoe95.mls.protocol.tree.TreeKem" time="0.0"/>
  <testcase name="the tree hash after merging the update path should be 732de2eb585eb5f309e506c202cd291b54e8e7837bbbbad5f575e150e2a39ab4972c58c16c24cd854fe470170b2298b0" classname="com.github.traderjoe95.mls.protocol.tree.TreeKem" time="0.0"/>
  <testcase name="the decrypted path secret should be 7eb43e021fb94e93f5d0c6a5d00fdb16a95e3f582e955b04864ecacf5d7d664fe313262f42ae3ba40590c8ba52e263ce" classname="com.github.traderjoe95.mls.protocol.tree.TreeKem" time="0.002"/>
  <testcase name="a new update path generated by the sender should be successfully processed" classname="com.github.traderjoe95.mls.protocol.tree.TreeKem" time="0.001"/>
  <testcase name="the update path should be parent-hash valid" classname="com.github.traderjoe95.mls.protocol.tree.TreeKem" time="0.0"/>
  <testcase name="the tree hash after merging the update path should be 068040c36c8d217daef9a88db39d27505c17ddc81bdab10a561d3b165f0619cc30cc6eb8a5f4e7f096c0c46ab5046b7c" classname="com.github.traderjoe95.mls.protocol.tree.TreeKem" time="0.0"/>
  <testcase name="the decrypted path secret should be d8ed0258908efee6b5d05df049afc8d37687a1f2ae44bba4b47d6ab672be6dcade5fb72fc2127262bacf60f46bafec63" classname="com.github.traderjoe95.mls.protocol.tree.TreeKem" time="0.002"/>
  <testcase name="a new update path generated by the sender should be successfully processed" classname="com.github.traderjoe95.mls.protocol.tree.TreeKem" time="0.002"/>
  <testcase name="the update path should be parent-hash valid" classname="com.github.traderjoe95.mls.protocol.tree.TreeKem" time="0.0"/>
  <testcase name="the tree hash after merging the update path should be 068040c36c8d217daef9a88db39d27505c17ddc81bdab10a561d3b165f0619cc30cc6eb8a5f4e7f096c0c46ab5046b7c" classname="com.github.traderjoe95.mls.protocol.tree.TreeKem" time="0.001"/>
  <testcase name="the decrypted path secret should be d8ed0258908efee6b5d05df049afc8d37687a1f2ae44bba4b47d6ab672be6dcade5fb72fc2127262bacf60f46bafec63" classname="com.github.traderjoe95.mls.protocol.tree.TreeKem" time="0.002"/>
  <testcase name="a new update path generated by the sender should be successfully processed" classname="com.github.traderjoe95.mls.protocol.tree.TreeKem" time="0.001"/>
  <testcase name="the update path should be parent-hash valid" classname="com.github.traderjoe95.mls.protocol.tree.TreeKem" time="0.001"/>
  <testcase name="the tree hash after merging the update path should be 068040c36c8d217daef9a88db39d27505c17ddc81bdab10a561d3b165f0619cc30cc6eb8a5f4e7f096c0c46ab5046b7c" classname="com.github.traderjoe95.mls.protocol.tree.TreeKem" time="0.0"/>
  <testcase name="the decrypted path secret should be d8ed0258908efee6b5d05df049afc8d37687a1f2ae44bba4b47d6ab672be6dcade5fb72fc2127262bacf60f46bafec63" classname="com.github.traderjoe95.mls.protocol.tree.TreeKem" time="0.001"/>
  <testcase name="a new update path generated by the sender should be successfully processed" classname="com.github.traderjoe95.mls.protocol.tree.TreeKem" time="0.002"/>
  <testcase name="the update path should be parent-hash valid" classname="com.github.traderjoe95.mls.protocol.tree.TreeKem" time="0.0"/>
  <testcase name="the tree hash after merging the update path should be 068040c36c8d217daef9a88db39d27505c17ddc81bdab10a561d3b165f0619cc30cc6eb8a5f4e7f096c0c46ab5046b7c" classname="com.github.traderjoe95.mls.protocol.tree.TreeKem" time="0.0"/>
  <testcase name="the decrypted path secret should be d8ed0258908efee6b5d05df049afc8d37687a1f2ae44bba4b47d6ab672be6dcade5fb72fc2127262bacf60f46bafec63" classname="com.github.traderjoe95.mls.protocol.tree.TreeKem" time="0.001"/>
  <testcase name="a new update path generated by the sender should be successfully processed" classname="com.github.traderjoe95.mls.protocol.tree.TreeKem" time="0.002"/>
  <testcase name="the update path should be parent-hash valid" classname="com.github.traderjoe95.mls.protocol.tree.TreeKem" time="0.001"/>
  <testcase name="the tree hash after merging the update path should be 068040c36c8d217daef9a88db39d27505c17ddc81bdab10a561d3b165f0619cc30cc6eb8a5f4e7f096c0c46ab5046b7c" classname="com.github.traderjoe95.mls.protocol.tree.TreeKem" time="0.0"/>
  <testcase name="the decrypted path secret should be b81d292017cfdf0ed9f2032b5765ac6575252962e7ffc3049424f54a65b23eed4fdbc3fb8fcbbe9e1a598bd1a11d6c07" classname="com.github.traderjoe95.mls.protocol.tree.TreeKem" time="0.002"/>
  <testcase name="a new update path generated by the sender should be successfully processed" classname="com.github.traderjoe95.mls.protocol.tree.TreeKem" time="0.002"/>
  <testcase name="the update path should be parent-hash valid" classname="com.github.traderjoe95.mls.protocol.tree.TreeKem" time="0.0"/>
  <testcase name="the tree hash after merging the update path should be 068040c36c8d217daef9a88db39d27505c17ddc81bdab10a561d3b165f0619cc30cc6eb8a5f4e7f096c0c46ab5046b7c" classname="com.github.traderjoe95.mls.protocol.tree.TreeKem" time="0.001"/>
  <testcase name="the decrypted path secret should be 758bfd250a250df25783920eca2ed997e16b763fdb14fc2d5cc5efc17a1edf12acd08addb5cf0eb00478060197a1beff" classname="com.github.traderjoe95.mls.protocol.tree.TreeKem" time="0.002"/>
  <testcase name="a new update path generated by the sender should be successfully processed" classname="com.github.traderjoe95.mls.protocol.tree.TreeKem" time="0.002"/>
  <testcase name="the update path should be parent-hash valid" classname="com.github.traderjoe95.mls.protocol.tree.TreeKem" time="0.0"/>
  <testcase name="the tree hash after merging the update path should be ae24abbd639d2f06542e1eab6ae2c4246c5889cda55ffd08ca6a24b518d4066f3cce2fb82f3983bd89f689670ffd7f65" classname="com.github.traderjoe95.mls.protocol.tree.TreeKem" time="0.001"/>
  <testcase name="the decrypted path secret should be ac227f695aa1345a6cdb8132a1d9657b030f6595ae91319314dfbf103af22dc854943c9272fd085e607837973b0e4464" classname="com.github.traderjoe95.mls.protocol.tree.TreeKem" time="0.006"/>
  <testcase name="a new update path generated by the sender should be successfully processed" classname="com.github.traderjoe95.mls.protocol.tree.TreeKem" time="0.002"/>
  <testcase name="the update path should be parent-hash valid" classname="com.github.traderjoe95.mls.protocol.tree.TreeKem" time="0.0"/>
  <testcase name="the tree hash after merging the update path should be ae24abbd639d2f06542e1eab6ae2c4246c5889cda55ffd08ca6a24b518d4066f3cce2fb82f3983bd89f689670ffd7f65" classname="com.github.traderjoe95.mls.protocol.tree.TreeKem" time="0.0"/>
  <testcase name="the decrypted path secret should be ac227f695aa1345a6cdb8132a1d9657b030f6595ae91319314dfbf103af22dc854943c9272fd085e607837973b0e4464" classname="com.github.traderjoe95.mls.protocol.tree.TreeKem" time="0.002"/>
  <testcase name="a new update path generated by the sender should be successfully processed" classname="com.github.traderjoe95.mls.protocol.tree.TreeKem" time="0.001"/>
  <testcase name="the update path should be parent-hash valid" classname="com.github.traderjoe95.mls.protocol.tree.TreeKem" time="0.0"/>
  <testcase name="the tree hash after merging the update path should be ae24abbd639d2f06542e1eab6ae2c4246c5889cda55ffd08ca6a24b518d4066f3cce2fb82f3983bd89f689670ffd7f65" classname="com.github.traderjoe95.mls.protocol.tree.TreeKem" time="0.0"/>
  <testcase name="the decrypted path secret should be ac227f695aa1345a6cdb8132a1d9657b030f6595ae91319314dfbf103af22dc854943c9272fd085e607837973b0e4464" classname="com.github.traderjoe95.mls.protocol.tree.TreeKem" time="0.002"/>
  <testcase name="a new update path generated by the sender should be successfully processed" classname="com.github.traderjoe95.mls.protocol.tree.TreeKem" time="0.002"/>
  <testcase name="the update path should be parent-hash valid" classname="com.github.traderjoe95.mls.protocol.tree.TreeKem" time="0.0"/>
  <testcase name="the tree hash after merging the update path should be ae24abbd639d2f06542e1eab6ae2c4246c5889cda55ffd08ca6a24b518d4066f3cce2fb82f3983bd89f689670ffd7f65" classname="com.github.traderjoe95.mls.protocol.tree.TreeKem" time="0.0"/>
  <testcase name="the decrypted path secret should be ac227f695aa1345a6cdb8132a1d9657b030f6595ae91319314dfbf103af22dc854943c9272fd085e607837973b0e4464" classname="com.github.traderjoe95.mls.protocol.tree.TreeKem" time="0.002"/>
  <testcase name="a new update path generated by the sender should be successfully processed" classname="com.github.traderjoe95.mls.protocol.tree.TreeKem" time="0.001"/>
  <testcase name="the update path should be parent-hash valid" classname="com.github.traderjoe95.mls.protocol.tree.TreeKem" time="0.0"/>
  <testcase name="the tree hash after merging the update path should be ae24abbd639d2f06542e1eab6ae2c4246c5889cda55ffd08ca6a24b518d4066f3cce2fb82f3983bd89f689670ffd7f65" classname="com.github.traderjoe95.mls.protocol.tree.TreeKem" time="0.001"/>
  <testcase name="the decrypted path secret should be ad6e8a18d7268085081d439845bf1e74ef3bbeca038bb2108dfe14be8445bfa664887131566e3974d8ea4bf520d88c99" classname="com.github.traderjoe95.mls.protocol.tree.TreeKem" time="0.002"/>
  <testcase name="a new update path generated by the sender should be successfully processed" classname="com.github.traderjoe95.mls.protocol.tree.TreeKem" time="0.002"/>
  <testcase name="the update path should be parent-hash valid" classname="com.github.traderjoe95.mls.protocol.tree.TreeKem" time="0.0"/>
  <testcase name="the tree hash after merging the update path should be ae24abbd639d2f06542e1eab6ae2c4246c5889cda55ffd08ca6a24b518d4066f3cce2fb82f3983bd89f689670ffd7f65" classname="com.github.traderjoe95.mls.protocol.tree.TreeKem" time="0.0"/>
  <testcase name="the decrypted path secret should be 76b80c31c2cfeb224682e31ab28fd6822e6781315c7cac8079f87118a7bc5e7b42dc062da2fac865ea8c54044981024c" classname="com.github.traderjoe95.mls.protocol.tree.TreeKem" time="0.002"/>
  <testcase name="a new update path generated by the sender should be successfully processed" classname="com.github.traderjoe95.mls.protocol.tree.TreeKem" time="0.002"/>
  <testcase name="the update path should be parent-hash valid" classname="com.github.traderjoe95.mls.protocol.tree.TreeKem" time="0.0"/>
  <testcase name="the tree hash after merging the update path should be 7d0e447e9812c8d3a22fd96c5bffd49fd3be0d97bba1ce697fbc86e1214d5ca1f1b20998d4e9accf4e916265fd85e751" classname="com.github.traderjoe95.mls.protocol.tree.TreeKem" time="0.001"/>
  <testcase name="the decrypted path secret should be 6c0ed308f9457f4d2271af6e7f695402149830044e1ecf701e30afac1a7a4d0c9e918a8c76ff45991ef4bbefdcbe4389" classname="com.github.traderjoe95.mls.protocol.tree.TreeKem" time="0.002"/>
  <testcase name="a new update path generated by the sender should be successfully processed" classname="com.github.traderjoe95.mls.protocol.tree.TreeKem" time="0.002"/>
  <testcase name="the update path should be parent-hash valid" classname="com.github.traderjoe95.mls.protocol.tree.TreeKem" time="0.0"/>
  <testcase name="the tree hash after merging the update path should be 7d0e447e9812c8d3a22fd96c5bffd49fd3be0d97bba1ce697fbc86e1214d5ca1f1b20998d4e9accf4e916265fd85e751" classname="com.github.traderjoe95.mls.protocol.tree.TreeKem" time="0.0"/>
  <testcase name="the decrypted path secret should be 6c0ed308f9457f4d2271af6e7f695402149830044e1ecf701e30afac1a7a4d0c9e918a8c76ff45991ef4bbefdcbe4389" classname="com.github.traderjoe95.mls.protocol.tree.TreeKem" time="0.002"/>
  <testcase name="a new update path generated by the sender should be successfully processed" classname="com.github.traderjoe95.mls.protocol.tree.TreeKem" time="0.002"/>
  <testcase name="the update path should be parent-hash valid" classname="com.github.traderjoe95.mls.protocol.tree.TreeKem" time="0.0"/>
  <testcase name="the tree hash after merging the update path should be 7d0e447e9812c8d3a22fd96c5bffd49fd3be0d97bba1ce697fbc86e1214d5ca1f1b20998d4e9accf4e916265fd85e751" classname="com.github.traderjoe95.mls.protocol.tree.TreeKem" time="0.001"/>
  <testcase name="the decrypted path secret should be 6c0ed308f9457f4d2271af6e7f695402149830044e1ecf701e30afac1a7a4d0c9e918a8c76ff45991ef4bbefdcbe4389" classname="com.github.traderjoe95.mls.protocol.tree.TreeKem" time="0.002"/>
  <testcase name="a new update path generated by the sender should be successfully processed" classname="com.github.traderjoe95.mls.protocol.tree.TreeKem" time="0.002"/>
  <testcase name="the update path should be parent-hash valid" classname="com.github.traderjoe95.mls.protocol.tree.TreeKem" time="0.0"/>
  <testcase name="the tree hash after merging the update path should be 7d0e447e9812c8d3a22fd96c5bffd49fd3be0d97bba1ce697fbc86e1214d5ca1f1b20998d4e9accf4e916265fd85e751" classname="com.github.traderjoe95.mls.protocol.tree.TreeKem" time="0.0"/>
  <testcase name="the decrypted path secret should be 6c0ed308f9457f4d2271af6e7f695402149830044e1ecf701e30afac1a7a4d0c9e918a8c76ff45991ef4bbefdcbe4389" classname="com.github.traderjoe95.mls.protocol.tree.TreeKem" time="0.001"/>
  <testcase name="a new update path generated by the sender should be successfully processed" classname="com.github.traderjoe95.mls.protocol.tree.TreeKem" time="0.002"/>
  <testcase name="the update path should be parent-hash valid" classname="com.github.traderjoe95.mls.protocol.tree.TreeKem" time="0.0"/>
  <testcase name="the tree hash after merging the update path should be 7d0e447e9812c8d3a22fd96c5bffd49fd3be0d97bba1ce697fbc86e1214d5ca1f1b20998d4e9accf4e916265fd85e751" classname="com.github.traderjoe95.mls.protocol.tree.TreeKem" time="0.001"/>
  <testcase name="the decrypted path secret should be 5c1278d7d06b833dc42908536117abbb26ef11cc740facfb41d63d89da9d1ca89b2348189d5972b8d72f88cf4b5b529c" classname="com.github.traderjoe95.mls.protocol.tree.TreeKem" time="0.002"/>
  <testcase name="a new update path generated by the sender should be successfully processed" classname="com.github.traderjoe95.mls.protocol.tree.TreeKem" time="0.002"/>
  <testcase name="the update path should be parent-hash valid" classname="com.github.traderjoe95.mls.protocol.tree.TreeKem" time="0.0"/>
  <testcase name="the tree hash after merging the update path should be 7d0e447e9812c8d3a22fd96c5bffd49fd3be0d97bba1ce697fbc86e1214d5ca1f1b20998d4e9accf4e916265fd85e751" classname="com.github.traderjoe95.mls.protocol.tree.TreeKem" time="0.0"/>
  <testcase name="the decrypted path secret should be 5c1278d7d06b833dc42908536117abbb26ef11cc740facfb41d63d89da9d1ca89b2348189d5972b8d72f88cf4b5b529c" classname="com.github.traderjoe95.mls.protocol.tree.TreeKem" time="0.002"/>
  <testcase name="a new update path generated by the sender should be successfully processed" classname="com.github.traderjoe95.mls.protocol.tree.TreeKem" time="0.002"/>
  <testcase name="non-blank leaf 0 should be consistent with the public state" classname="com.github.traderjoe95.mls.protocol.tree.TreeKem" time="0.004"/>
  <testcase name="non-blank leaf 1 should be consistent with the public state" classname="com.github.traderjoe95.mls.protocol.tree.TreeKem" time="0.004"/>
  <testcase name="the update path should be parent-hash valid" classname="com.github.traderjoe95.mls.protocol.tree.TreeKem" time="0.0"/>
  <testcase name="the tree hash after merging the update path should be 49839182c7ad2dd66bb3f4b4eb66960f1d091284bf88a6492f732adc27f5cdd0c8dd38a9687e03402431125dbcaece15" classname="com.github.traderjoe95.mls.protocol.tree.TreeKem" time="0.0"/>
  <testcase name="the decrypted path secret should be dad29765f945737d85c0891d1d7fc0328dbba79b7ab7884e9928f89465f699fb8ac3aeabafa581a32404a12adb9a3c84" classname="com.github.traderjoe95.mls.protocol.tree.TreeKem" time="0.001"/>
  <testcase name="a new update path generated by the sender should be successfully processed" classname="com.github.traderjoe95.mls.protocol.tree.TreeKem" time="0.002"/>
  <testcase name="the update path should be parent-hash valid" classname="com.github.traderjoe95.mls.protocol.tree.TreeKem" time="0.0"/>
  <testcase name="the tree hash after merging the update path should be cf45ff549d7bbc0975ad59fa928f80e7fbc7008056a9147f7ade31ef4300337124a0eb4512c9d51105e999a0e20b9201" classname="com.github.traderjoe95.mls.protocol.tree.TreeKem" time="0.0"/>
  <testcase name="the decrypted path secret should be 763940f401e81a0af1ca9bb10cebbb06dc0726a976a207d47fd56c56ae824df3e9ed00060d01ae26e2b826fafed11e64" classname="com.github.traderjoe95.mls.protocol.tree.TreeKem" time="0.002"/>
  <testcase name="a new update path generated by the sender should be successfully processed" classname="com.github.traderjoe95.mls.protocol.tree.TreeKem" time="0.002"/>
  <testcase name="non-blank leaf 0 should be consistent with the public state" classname="com.github.traderjoe95.mls.protocol.tree.TreeKem" time="0.006"/>
  <testcase name="non-blank leaf 1 should be consistent with the public state" classname="com.github.traderjoe95.mls.protocol.tree.TreeKem" time="0.006"/>
  <testcase name="non-blank leaf 2 should be consistent with the public state" classname="com.github.traderjoe95.mls.protocol.tree.TreeKem" time="0.003"/>
  <testcase name="the update path should be parent-hash valid" classname="com.github.traderjoe95.mls.protocol.tree.TreeKem" time="0.0"/>
  <testcase name="the tree hash after merging the update path should be 89724d9c6daa672b4d08b873815d8833156128f62d553d654c059f00bd885a7b1721301cbb4f94a2611fbca7062c09af" classname="com.github.traderjoe95.mls.protocol.tree.TreeKem" time="0.0"/>
  <testcase name="the decrypted path secret should be cbf0564ea468b574bbbb017e9f3f9254d93f4444bca992a462e66840980c50fc5aa2df9eab382fd8d62086131df181b1" classname="com.github.traderjoe95.mls.protocol.tree.TreeKem" time="0.001"/>
  <testcase name="a new update path generated by the sender should be successfully processed" classname="com.github.traderjoe95.mls.protocol.tree.TreeKem" time="0.002"/>
  <testcase name="the update path should be parent-hash valid" classname="com.github.traderjoe95.mls.protocol.tree.TreeKem" time="0.0"/>
  <testcase name="the tree hash after merging the update path should be 89724d9c6daa672b4d08b873815d8833156128f62d553d654c059f00bd885a7b1721301cbb4f94a2611fbca7062c09af" classname="com.github.traderjoe95.mls.protocol.tree.TreeKem" time="0.001"/>
  <testcase name="the decrypted path secret should be 419dd14fa068dc171a20bfe39f072fbb6329c6dcdd90d296d39dd9111680b16cef90a186592ccc8b6e3344f8ff7bcb40" classname="com.github.traderjoe95.mls.protocol.tree.TreeKem" time="0.002"/>
  <testcase name="a new update path generated by the sender should be successfully processed" classname="com.github.traderjoe95.mls.protocol.tree.TreeKem" time="0.002"/>
  <testcase name="the update path should be parent-hash valid" classname="com.github.traderjoe95.mls.protocol.tree.TreeKem" time="0.001"/>
  <testcase name="the tree hash after merging the update path should be 109ca207ff06b01a8c9ce14995d968bdf32a6b7131d3a4de2e173d858b03ef310f80b304c7f19d55ea40bc9017bd5c70" classname="com.github.traderjoe95.mls.protocol.tree.TreeKem" time="0.0"/>
  <testcase name="the decrypted path secret should be dcf6ce2e003b2b5d5bdbf2a4fe29c8cb5a5d2292f4cb0015ef36eab1fc22e93174b9a002dc832446075143cd284b75cd" classname="com.github.traderjoe95.mls.protocol.tree.TreeKem" time="0.002"/>
  <testcase name="a new update path generated by the sender should be successfully processed" classname="com.github.traderjoe95.mls.protocol.tree.TreeKem" time="0.002"/>
  <testcase name="the update path should be parent-hash valid" classname="com.github.traderjoe95.mls.protocol.tree.TreeKem" time="0.0"/>
  <testcase name="the tree hash after merging the update path should be 109ca207ff06b01a8c9ce14995d968bdf32a6b7131d3a4de2e173d858b03ef310f80b304c7f19d55ea40bc9017bd5c70" classname="com.github.traderjoe95.mls.protocol.tree.TreeKem" time="0.0"/>
  <testcase name="the decrypted path secret should be c6765bb5c2b7549d859d819551adaffb5f50a1e08043aea84432ffd51d5b958ce87e5f48543bf8d55d0ce5c01b8388db" classname="com.github.traderjoe95.mls.protocol.tree.TreeKem" time="0.002"/>
  <testcase name="a new update path generated by the sender should be successfully processed" classname="com.github.traderjoe95.mls.protocol.tree.TreeKem" time="0.002"/>
  <testcase name="the update path should be parent-hash valid" classname="com.github.traderjoe95.mls.protocol.tree.TreeKem" time="0.0"/>
  <testcase name="the tree hash after merging the update path should be f515fcefc3ea4ca64487e1649e10b9a39d8f65117e1ef6374feb59833f79f2a8fa84397d9995ba299ea9c63ee0c17d7e" classname="com.github.traderjoe95.mls.protocol.tree.TreeKem" time="0.0"/>
  <testcase name="the decrypted path secret should be 27c820d1e148e46f0cc1171d20903223067c5ccaea77473720d3f857c919905441fece02f31cb8ec51cf0fe6705671ae" classname="com.github.traderjoe95.mls.protocol.tree.TreeKem" time="0.002"/>
  <testcase name="a new update path generated by the sender should be successfully processed" classname="com.github.traderjoe95.mls.protocol.tree.TreeKem" time="0.001"/>
  <testcase name="the update path should be parent-hash valid" classname="com.github.traderjoe95.mls.protocol.tree.TreeKem" time="0.0"/>
  <testcase name="the tree hash after merging the update path should be f515fcefc3ea4ca64487e1649e10b9a39d8f65117e1ef6374feb59833f79f2a8fa84397d9995ba299ea9c63ee0c17d7e" classname="com.github.traderjoe95.mls.protocol.tree.TreeKem" time="0.0"/>
  <testcase name="the decrypted path secret should be 27c820d1e148e46f0cc1171d20903223067c5ccaea77473720d3f857c919905441fece02f31cb8ec51cf0fe6705671ae" classname="com.github.traderjoe95.mls.protocol.tree.TreeKem" time="0.001"/>
  <testcase name="a new update path generated by the sender should be successfully processed" classname="com.github.traderjoe95.mls.protocol.tree.TreeKem" time="0.002"/>
  <testcase name="non-blank leaf 0 should be consistent with the public state" classname="com.github.traderjoe95.mls.protocol.tree.TreeKem" time="0.006"/>
  <testcase name="non-blank leaf 1 should be consistent with the public state" classname="com.github.traderjoe95.mls.protocol.tree.TreeKem" time="0.006"/>
  <testcase name="non-blank leaf 2 should be consistent with the public state" classname="com.github.traderjoe95.mls.protocol.tree.TreeKem" time="0.006"/>
  <testcase name="non-blank leaf 3 should be consistent with the public state" classname="com.github.traderjoe95.mls.protocol.tree.TreeKem" time="0.012"/>
  <testcase name="the update path should be parent-hash valid" classname="com.github.traderjoe95.mls.protocol.tree.TreeKem" time="0.0"/>
  <testcase name="the tree hash after merging the update path should be 05d02403cfe1eba74801ba4af7e10a47ac20c58abc495f102d88b75440c52eae5a5b051156f10225b72b365ce03547c8" classname="com.github.traderjoe95.mls.protocol.tree.TreeKem" time="0.0"/>
  <testcase name="the decrypted path secret should be 8dea4e91eeeaf6775b43441c74311f2c3e0e53df98f451f140cfa4c31d6d9a9a5d4b898b457990c760ce15c073e6d1e5" classname="com.github.traderjoe95.mls.protocol.tree.TreeKem" time="0.002"/>
  <testcase name="a new update path generated by the sender should be successfully processed" classname="com.github.traderjoe95.mls.protocol.tree.TreeKem" time="0.002"/>
  <testcase name="the update path should be parent-hash valid" classname="com.github.traderjoe95.mls.protocol.tree.TreeKem" time="0.0"/>
  <testcase name="the tree hash after merging the update path should be 05d02403cfe1eba74801ba4af7e10a47ac20c58abc495f102d88b75440c52eae5a5b051156f10225b72b365ce03547c8" classname="com.github.traderjoe95.mls.protocol.tree.TreeKem" time="0.0"/>
  <testcase name="the decrypted path secret should be 94abb65a763ab69d2a85ae817b374e3d13b685349c9c37b42776b4e58d66234ba4b6ee18575e8f895b33be60ca1394b1" classname="com.github.traderjoe95.mls.protocol.tree.TreeKem" time="0.002"/>
  <testcase name="a new update path generated by the sender should be successfully processed" classname="com.github.traderjoe95.mls.protocol.tree.TreeKem" time="0.002"/>
  <testcase name="the update path should be parent-hash valid" classname="com.github.traderjoe95.mls.protocol.tree.TreeKem" time="0.0"/>
  <testcase name="the tree hash after merging the update path should be 05d02403cfe1eba74801ba4af7e10a47ac20c58abc495f102d88b75440c52eae5a5b051156f10225b72b365ce03547c8" classname="com.github.traderjoe95.mls.protocol.tree.TreeKem" time="0.0"/>
  <testcase name="the decrypted path secret should be 94abb65a763ab69d2a85ae817b374e3d13b685349c9c37b42776b4e58d66234ba4b6ee18575e8f895b33be60ca1394b1" classname="com.github.traderjoe95.mls.protocol.tree.TreeKem" time="0.001"/>
  <testcase name="a new update path generated by the sender should be successfully processed" classname="com.github.traderjoe95.mls.protocol.tree.TreeKem" time="0.002"/>
  <testcase name="the update path should be parent-hash valid" classname="com.github.traderjoe95.mls.protocol.tree.TreeKem" time="0.001"/>
  <testcase name="the tree hash after merging the update path should be 07f7b355ead9da539059b1217c050881d1ebc1248f19da8ca3be32992d4dc7e4a98842b2176df071828bcaa0d5ad90d3" classname="com.github.traderjoe95.mls.protocol.tree.TreeKem" time="0.0"/>
  <testcase name="the decrypted path secret should be d6d157e5ad44fafdf4842ca5d54acac692eb36d1a50a4fde943b1d9d7368a1c9f4c07764cd54ecd2662fba25b1cdd619" classname="com.github.traderjoe95.mls.protocol.tree.TreeKem" time="0.002"/>
  <testcase name="a new update path generated by the sender should be successfully processed" classname="com.github.traderjoe95.mls.protocol.tree.TreeKem" time="0.002"/>
  <testcase name="the update path should be parent-hash valid" classname="com.github.traderjoe95.mls.protocol.tree.TreeKem" time="0.001"/>
  <testcase name="the tree hash after merging the update path should be 07f7b355ead9da539059b1217c050881d1ebc1248f19da8ca3be32992d4dc7e4a98842b2176df071828bcaa0d5ad90d3" classname="com.github.traderjoe95.mls.protocol.tree.TreeKem" time="0.001"/>
  <testcase name="the decrypted path secret should be 07a6ba637b856f6fd2cd409d5040020438a3b814ed80b79da03b382e8ba27e591e5dd0cfcae1ff375dd9b2186c4ba49e" classname="com.github.traderjoe95.mls.protocol.tree.TreeKem" time="0.002"/>
  <testcase name="a new update path generated by the sender should be successfully processed" classname="com.github.traderjoe95.mls.protocol.tree.TreeKem" time="0.002"/>
  <testcase name="the update path should be parent-hash valid" classname="com.github.traderjoe95.mls.protocol.tree.TreeKem" time="0.0"/>
  <testcase name="the tree hash after merging the update path should be 07f7b355ead9da539059b1217c050881d1ebc1248f19da8ca3be32992d4dc7e4a98842b2176df071828bcaa0d5ad90d3" classname="com.github.traderjoe95.mls.protocol.tree.TreeKem" time="0.0"/>
  <testcase name="the decrypted path secret should be 07a6ba637b856f6fd2cd409d5040020438a3b814ed80b79da03b382e8ba27e591e5dd0cfcae1ff375dd9b2186c4ba49e" classname="com.github.traderjoe95.mls.protocol.tree.TreeKem" time="0.001"/>
  <testcase name="a new update path generated by the sender should be successfully processed" classname="com.github.traderjoe95.mls.protocol.tree.TreeKem" time="0.002"/>
  <testcase name="the update path should be parent-hash valid" classname="com.github.traderjoe95.mls.protocol.tree.TreeKem" time="0.0"/>
  <testcase name="the tree hash after merging the update path should be c71770da3cc841860ff86d52020b13bae43f2d27c208862c9b2553bfbf6c2851737ce83512b2e4b0a17a775a6421d9cb" classname="com.github.traderjoe95.mls.protocol.tree.TreeKem" time="0.0"/>
  <testcase name="the decrypted path secret should be 6f06ea8ab29ae94c4d0a5d8934414bc3d817d06f49b4b2139fa15253e0cb8a1529f6a967670517980b472683177555c7" classname="com.github.traderjoe95.mls.protocol.tree.TreeKem" time="0.006"/>
  <testcase name="a new update path generated by the sender should be successfully processed" classname="com.github.traderjoe95.mls.protocol.tree.TreeKem" time="0.004"/>
  <testcase name="the update path should be parent-hash valid" classname="com.github.traderjoe95.mls.protocol.tree.TreeKem" time="0.0"/>
  <testcase name="the tree hash after merging the update path should be c71770da3cc841860ff86d52020b13bae43f2d27c208862c9b2553bfbf6c2851737ce83512b2e4b0a17a775a6421d9cb" classname="com.github.traderjoe95.mls.protocol.tree.TreeKem" time="0.001"/>
  <testcase name="the decrypted path secret should be 6f06ea8ab29ae94c4d0a5d8934414bc3d817d06f49b4b2139fa15253e0cb8a1529f6a967670517980b472683177555c7" classname="com.github.traderjoe95.mls.protocol.tree.TreeKem" time="0.003"/>
  <testcase name="a new update path generated by the sender should be successfully processed" classname="com.github.traderjoe95.mls.protocol.tree.TreeKem" time="0.003"/>
  <testcase name="the update path should be parent-hash valid" classname="com.github.traderjoe95.mls.protocol.tree.TreeKem" time="0.001"/>
  <testcase name="the tree hash after merging the update path should be c71770da3cc841860ff86d52020b13bae43f2d27c208862c9b2553bfbf6c2851737ce83512b2e4b0a17a775a6421d9cb" classname="com.github.traderjoe95.mls.protocol.tree.TreeKem" time="0.001"/>
  <testcase name="the decrypted path secret should be 9917f748e87288d6ce72d858eab72717cb88f656d9c5d5a5719106796c20600687486aba3bcbdda94184d9ee10b81ab2" classname="com.github.traderjoe95.mls.protocol.tree.TreeKem" time="0.003"/>
  <testcase name="a new update path generated by the sender should be successfully processed" classname="com.github.traderjoe95.mls.protocol.tree.TreeKem" time="0.003"/>
  <testcase name="the update path should be parent-hash valid" classname="com.github.traderjoe95.mls.protocol.tree.TreeKem" time="0.001"/>
  <testcase name="the tree hash after merging the update path should be d25054790c6fd4e3bfed0e1facedb0cdc56f973393358443d82ab0d12782632141fb4862913d6381ff1924777a2ba9fd" classname="com.github.traderjoe95.mls.protocol.tree.TreeKem" time="0.0"/>
  <testcase name="the decrypted path secret should be a27abd88781e4b7b1a196367a1274cbcfd7d6f3fd3ec124577827c939b4041d6168cbbc6dc89cce9c94166becab4217f" classname="com.github.traderjoe95.mls.protocol.tree.TreeKem" time="0.002"/>
  <testcase name="a new update path generated by the sender should be successfully processed" classname="com.github.traderjoe95.mls.protocol.tree.TreeKem" time="0.002"/>
  <testcase name="the update path should be parent-hash valid" classname="com.github.traderjoe95.mls.protocol.tree.TreeKem" time="0.0"/>
  <testcase name="the tree hash after merging the update path should be d25054790c6fd4e3bfed0e1facedb0cdc56f973393358443d82ab0d12782632141fb4862913d6381ff1924777a2ba9fd" classname="com.github.traderjoe95.mls.protocol.tree.TreeKem" time="0.0"/>
  <testcase name="the decrypted path secret should be a27abd88781e4b7b1a196367a1274cbcfd7d6f3fd3ec124577827c939b4041d6168cbbc6dc89cce9c94166becab4217f" classname="com.github.traderjoe95.mls.protocol.tree.TreeKem" time="0.002"/>
  <testcase name="a new update path generated by the sender should be successfully processed" classname="com.github.traderjoe95.mls.protocol.tree.TreeKem" time="0.002"/>
  <testcase name="the update path should be parent-hash valid" classname="com.github.traderjoe95.mls.protocol.tree.TreeKem" time="0.0"/>
  <testcase name="the tree hash after merging the update path should be d25054790c6fd4e3bfed0e1facedb0cdc56f973393358443d82ab0d12782632141fb4862913d6381ff1924777a2ba9fd" classname="com.github.traderjoe95.mls.protocol.tree.TreeKem" time="0.0"/>
  <testcase name="the decrypted path secret should be d6d5fccdd01ab60234178d5d194da180fd8d080a16a3456bbe95595ee94f28a914626ca2d293dd9d932c2acc6347adc5" classname="com.github.traderjoe95.mls.protocol.tree.TreeKem" time="0.002"/>
  <testcase name="a new update path generated by the sender should be successfully processed" classname="com.github.traderjoe95.mls.protocol.tree.TreeKem" time="0.002"/>
  <testcase name="non-blank leaf 0 should be consistent with the public state" classname="com.github.traderjoe95.mls.protocol.tree.TreeKem" time="0.009"/>
  <testcase name="non-blank leaf 1 should be consistent with the public state" classname="com.github.traderjoe95.mls.protocol.tree.TreeKem" time="0.009"/>
  <testcase name="non-blank leaf 2 should be consistent with the public state" classname="com.github.traderjoe95.mls.protocol.tree.TreeKem" time="0.009"/>
  <testcase name="non-blank leaf 3 should be consistent with the public state" classname="com.github.traderjoe95.mls.protocol.tree.TreeKem" time="0.008"/>
  <testcase name="non-blank leaf 4 should be consistent with the public state" classname="com.github.traderjoe95.mls.protocol.tree.TreeKem" time="0.004"/>
  <testcase name="the update path should be parent-hash valid" classname="com.github.traderjoe95.mls.protocol.tree.TreeKem" time="0.0"/>
  <testcase name="the tree hash after merging the update path should be bfe75717e01798f0a0fbd8f653985a97ace18acfcae3427c8a01fd394606fbe8c0c7306911090ff79ecf2612701a8b44" classname="com.github.traderjoe95.mls.protocol.tree.TreeKem" time="0.0"/>
  <testcase name="the decrypted path secret should be d0b662bccc0fa55b86661f6be6f5c6323c67bc0d438dd84d8f977ab533d80f74ed44e3bc6c28982fcd9c5e57d4081e5c" classname="com.github.traderjoe95.mls.protocol.tree.TreeKem" time="0.002"/>
  <testcase name="a new update path generated by the sender should be successfully processed" classname="com.github.traderjoe95.mls.protocol.tree.TreeKem" time="0.002"/>
  <testcase name="the update path should be parent-hash valid" classname="com.github.traderjoe95.mls.protocol.tree.TreeKem" time="0.0"/>
  <testcase name="the tree hash after merging the update path should be bfe75717e01798f0a0fbd8f653985a97ace18acfcae3427c8a01fd394606fbe8c0c7306911090ff79ecf2612701a8b44" classname="com.github.traderjoe95.mls.protocol.tree.TreeKem" time="0.0"/>
  <testcase name="the decrypted path secret should be e480ee20948ea2c6896585f7b3071c25d1b6e5e958b653ff5bf294915f5b2ec3fe0404798466a43974c125a7a3bc1188" classname="com.github.traderjoe95.mls.protocol.tree.TreeKem" time="0.001"/>
  <testcase name="a new update path generated by the sender should be successfully processed" classname="com.github.traderjoe95.mls.protocol.tree.TreeKem" time="0.003"/>
  <testcase name="the update path should be parent-hash valid" classname="com.github.traderjoe95.mls.protocol.tree.TreeKem" time="0.0"/>
  <testcase name="the tree hash after merging the update path should be bfe75717e01798f0a0fbd8f653985a97ace18acfcae3427c8a01fd394606fbe8c0c7306911090ff79ecf2612701a8b44" classname="com.github.traderjoe95.mls.protocol.tree.TreeKem" time="0.0"/>
  <testcase name="the decrypted path secret should be e480ee20948ea2c6896585f7b3071c25d1b6e5e958b653ff5bf294915f5b2ec3fe0404798466a43974c125a7a3bc1188" classname="com.github.traderjoe95.mls.protocol.tree.TreeKem" time="0.002"/>
  <testcase name="a new update path generated by the sender should be successfully processed" classname="com.github.traderjoe95.mls.protocol.tree.TreeKem" time="0.002"/>
  <testcase name="the update path should be parent-hash valid" classname="com.github.traderjoe95.mls.protocol.tree.TreeKem" time="0.0"/>
  <testcase name="the tree hash after merging the update path should be bfe75717e01798f0a0fbd8f653985a97ace18acfcae3427c8a01fd394606fbe8c0c7306911090ff79ecf2612701a8b44" classname="com.github.traderjoe95.mls.protocol.tree.TreeKem" time="0.0"/>
  <testcase name="the decrypted path secret should be 6f6db5788dbbf6116d9551469ab19cc9d15849558f60c00152b5058d5c36cab86f0109fc90e6d721c9899e9c146e4c0b" classname="com.github.traderjoe95.mls.protocol.tree.TreeKem" time="0.001"/>
  <testcase name="a new update path generated by the sender should be successfully processed" classname="com.github.traderjoe95.mls.protocol.tree.TreeKem" time="0.002"/>
  <testcase name="the update path should be parent-hash valid" classname="com.github.traderjoe95.mls.protocol.tree.TreeKem" time="0.0"/>
  <testcase name="the tree hash after merging the update path should be 05ab52b6847fb2688be8f3ae42a8913550f13b9d1dbaab090d8e9dec04ee38a29a27773f9b2c41d77e415c01ad34ad2c" classname="com.github.traderjoe95.mls.protocol.tree.TreeKem" time="0.0"/>
  <testcase name="the decrypted path secret should be 562d06ed818a12a930e293e74d801ef52c27e26a3a870d02640750a3317a6a310375ea909d77e0e6591c7e530f1f0c53" classname="com.github.traderjoe95.mls.protocol.tree.TreeKem" time="0.005"/>
  <testcase name="a new update path generated by the sender should be successfully processed" classname="com.github.traderjoe95.mls.protocol.tree.TreeKem" time="0.002"/>
  <testcase name="the update path should be parent-hash valid" classname="com.github.traderjoe95.mls.protocol.tree.TreeKem" time="0.0"/>
  <testcase name="the tree hash after merging the update path should be 05ab52b6847fb2688be8f3ae42a8913550f13b9d1dbaab090d8e9dec04ee38a29a27773f9b2c41d77e415c01ad34ad2c" classname="com.github.traderjoe95.mls.protocol.tree.TreeKem" time="0.0"/>
  <testcase name="the decrypted path secret should be 417a53e94cb5ce6cbfb74095966a43d9c79a5e46facd4fad7c1fb9a0d30cb553f521f608aecddc7c7ba1b332c9f012aa" classname="com.github.traderjoe95.mls.protocol.tree.TreeKem" time="0.002"/>
  <testcase name="a new update path generated by the sender should be successfully processed" classname="com.github.traderjoe95.mls.protocol.tree.TreeKem" time="0.002"/>
  <testcase name="the update path should be parent-hash valid" classname="com.github.traderjoe95.mls.protocol.tree.TreeKem" time="0.0"/>
  <testcase name="the tree hash after merging the update path should be 05ab52b6847fb2688be8f3ae42a8913550f13b9d1dbaab090d8e9dec04ee38a29a27773f9b2c41d77e415c01ad34ad2c" classname="com.github.traderjoe95.mls.protocol.tree.TreeKem" time="0.0"/>
  <testcase name="the decrypted path secret should be 417a53e94cb5ce6cbfb74095966a43d9c79a5e46facd4fad7c1fb9a0d30cb553f521f608aecddc7c7ba1b332c9f012aa" classname="com.github.traderjoe95.mls.protocol.tree.TreeKem" time="0.002"/>
  <testcase name="a new update path generated by the sender should be successfully processed" classname="com.github.traderjoe95.mls.protocol.tree.TreeKem" time="0.003"/>
  <testcase name="the update path should be parent-hash valid" classname="com.github.traderjoe95.mls.protocol.tree.TreeKem" time="0.0"/>
  <testcase name="the tree hash after merging the update path should be 05ab52b6847fb2688be8f3ae42a8913550f13b9d1dbaab090d8e9dec04ee38a29a27773f9b2c41d77e415c01ad34ad2c" classname="com.github.traderjoe95.mls.protocol.tree.TreeKem" time="0.001"/>
  <testcase name="the decrypted path secret should be bee3070ee640740f9b5bb5120e8b227e23d5dacfc5f59b3a4ddd49eacf73c1e42fd79e11947361e3dbaa0042c66741db" classname="com.github.traderjoe95.mls.protocol.tree.TreeKem" time="0.002"/>
  <testcase name="a new update path generated by the sender should be successfully processed" classname="com.github.traderjoe95.mls.protocol.tree.TreeKem" time="0.002"/>
  <testcase name="the update path should be parent-hash valid" classname="com.github.traderjoe95.mls.protocol.tree.TreeKem" time="0.0"/>
  <testcase name="the tree hash after merging the update path should be 08af332d2d5fe2e9a609ab147ff13b59f68f6b975b6cfbdf8cf9022722a01b0301a9ce9b41202f650cb6f314808757d9" classname="com.github.traderjoe95.mls.protocol.tree.TreeKem" time="0.0"/>
  <testcase name="the decrypted path secret should be cdd0d79c479b0bb2c427d07d1f31d98b7c7652a7e9afca72ee7ec80408ae700bd67930ccbbfa7fa1c4c437fee542b5c5" classname="com.github.traderjoe95.mls.protocol.tree.TreeKem" time="0.002"/>
  <testcase name="a new update path generated by the sender should be successfully processed" classname="com.github.traderjoe95.mls.protocol.tree.TreeKem" time="0.002"/>
  <testcase name="the update path should be parent-hash valid" classname="com.github.traderjoe95.mls.protocol.tree.TreeKem" time="0.001"/>
  <testcase name="the tree hash after merging the update path should be 08af332d2d5fe2e9a609ab147ff13b59f68f6b975b6cfbdf8cf9022722a01b0301a9ce9b41202f650cb6f314808757d9" classname="com.github.traderjoe95.mls.protocol.tree.TreeKem" time="0.0"/>
  <testcase name="the decrypted path secret should be cdd0d79c479b0bb2c427d07d1f31d98b7c7652a7e9afca72ee7ec80408ae700bd67930ccbbfa7fa1c4c437fee542b5c5" classname="com.github.traderjoe95.mls.protocol.tree.TreeKem" time="0.002"/>
  <testcase name="a new update path generated by the sender should be successfully processed" classname="com.github.traderjoe95.mls.protocol.tree.TreeKem" time="0.002"/>
  <testcase name="the update path should be parent-hash valid" classname="com.github.traderjoe95.mls.protocol.tree.TreeKem" time="0.0"/>
  <testcase name="the tree hash after merging the update path should be 08af332d2d5fe2e9a609ab147ff13b59f68f6b975b6cfbdf8cf9022722a01b0301a9ce9b41202f650cb6f314808757d9" classname="com.github.traderjoe95.mls.protocol.tree.TreeKem" time="0.0"/>
  <testcase name="the decrypted path secret should be e4ed8b57d6929885919407f7352328e6cdd9e1fec1a1f62023cff633c32a922523af8c6d6a363851bd1e969c7d04de39" classname="com.github.traderjoe95.mls.protocol.tree.TreeKem" time="0.002"/>
  <testcase name="a new update path generated by the sender should be successfully processed" classname="com.github.traderjoe95.mls.protocol.tree.TreeKem" time="0.001"/>
  <testcase name="the update path should be parent-hash valid" classname="com.github.traderjoe95.mls.protocol.tree.TreeKem" time="0.0"/>
  <testcase name="the tree hash after merging the update path should be 08af332d2d5fe2e9a609ab147ff13b59f68f6b975b6cfbdf8cf9022722a01b0301a9ce9b41202f650cb6f314808757d9" classname="com.github.traderjoe95.mls.protocol.tree.TreeKem" time="0.0"/>
  <testcase name="the decrypted path secret should be 75a028f78c16afb7ab2bb5ee364fc5d817146a37720f70fbbd695da8dacbe7df451ffa5f91f735c0b6b5985ba0c1dda5" classname="com.github.traderjoe95.mls.protocol.tree.TreeKem" time="0.002"/>
  <testcase name="a new update path generated by the sender should be successfully processed" classname="com.github.traderjoe95.mls.protocol.tree.TreeKem" time="0.003"/>
  <testcase name="the update path should be parent-hash valid" classname="com.github.traderjoe95.mls.protocol.tree.TreeKem" time="0.0"/>
  <testcase name="the tree hash after merging the update path should be 8d222b518812744541742ae5790ff3e992a60f0a54b9733870f05b8f0b78b87ae67dbb6d335afe81b4c97fb9db27bdc3" classname="com.github.traderjoe95.mls.protocol.tree.TreeKem" time="0.0"/>
  <testcase name="the decrypted path secret should be 24a7172a423f4038f4eac85f987039937048a05c8a573d1986839a0a4dc3b3a0ece91fbd31ca06adce0b8771bf17629a" classname="com.github.traderjoe95.mls.protocol.tree.TreeKem" time="0.001"/>
  <testcase name="a new update path generated by the sender should be successfully processed" classname="com.github.traderjoe95.mls.protocol.tree.TreeKem" time="0.002"/>
  <testcase name="the update path should be parent-hash valid" classname="com.github.traderjoe95.mls.protocol.tree.TreeKem" time="0.0"/>
  <testcase name="the tree hash after merging the update path should be 8d222b518812744541742ae5790ff3e992a60f0a54b9733870f05b8f0b78b87ae67dbb6d335afe81b4c97fb9db27bdc3" classname="com.github.traderjoe95.mls.protocol.tree.TreeKem" time="0.001"/>
  <testcase name="the decrypted path secret should be 24a7172a423f4038f4eac85f987039937048a05c8a573d1986839a0a4dc3b3a0ece91fbd31ca06adce0b8771bf17629a" classname="com.github.traderjoe95.mls.protocol.tree.TreeKem" time="0.002"/>
  <testcase name="a new update path generated by the sender should be successfully processed" classname="com.github.traderjoe95.mls.protocol.tree.TreeKem" time="0.002"/>
  <testcase name="the update path should be parent-hash valid" classname="com.github.traderjoe95.mls.protocol.tree.TreeKem" time="0.0"/>
  <testcase name="the tree hash after merging the update path should be 8d222b518812744541742ae5790ff3e992a60f0a54b9733870f05b8f0b78b87ae67dbb6d335afe81b4c97fb9db27bdc3" classname="com.github.traderjoe95.mls.protocol.tree.TreeKem" time="0.0"/>
  <testcase name="the decrypted path secret should be ca44d5cee46d9c19ea2317cd14c2528888c0f861467fc17594683f6612244491f75ef88c10b66fcb52ecef7cd1e959fb" classname="com.github.traderjoe95.mls.protocol.tree.TreeKem" time="0.001"/>
  <testcase name="a new update path generated by the sender should be successfully processed" classname="com.github.traderjoe95.mls.protocol.tree.TreeKem" time="0.002"/>
  <testcase name="the update path should be parent-hash valid" classname="com.github.traderjoe95.mls.protocol.tree.TreeKem" time="0.0"/>
  <testcase name="the tree hash after merging the update path should be 8d222b518812744541742ae5790ff3e992a60f0a54b9733870f05b8f0b78b87ae67dbb6d335afe81b4c97fb9db27bdc3" classname="com.github.traderjoe95.mls.protocol.tree.TreeKem" time="0.0"/>
  <testcase name="the decrypted path secret should be 8bcf3853d9778c38d737137eed5251bc4f184a47316278cdef09851d24330ebd48d29d513941b956401e35e8e9337e72" classname="com.github.traderjoe95.mls.protocol.tree.TreeKem" time="0.002"/>
  <testcase name="a new update path generated by the sender should be successfully processed" classname="com.github.traderjoe95.mls.protocol.tree.TreeKem" time="0.002"/>
  <testcase name="the update path should be parent-hash valid" classname="com.github.traderjoe95.mls.protocol.tree.TreeKem" time="0.0"/>
  <testcase name="the tree hash after merging the update path should be b023368a399b83abc69c94b813093e02d79a2f854eb7701ee4709ae6df5ef54a5deee225c797bb9c9ff38e17100c3278" classname="com.github.traderjoe95.mls.protocol.tree.TreeKem" time="0.0"/>
  <testcase name="the decrypted path secret should be 6b2f753d995523351dd1f1f3fdac9e989a91a5d55a7b5f9ea8e774a9a0f604e456c254d9ccd0ed55a7319d700ebc24a4" classname="com.github.traderjoe95.mls.protocol.tree.TreeKem" time="0.002"/>
  <testcase name="a new update path generated by the sender should be successfully processed" classname="com.github.traderjoe95.mls.protocol.tree.TreeKem" time="0.002"/>
  <testcase name="the update path should be parent-hash valid" classname="com.github.traderjoe95.mls.protocol.tree.TreeKem" time="0.0"/>
  <testcase name="the tree hash after merging the update path should be b023368a399b83abc69c94b813093e02d79a2f854eb7701ee4709ae6df5ef54a5deee225c797bb9c9ff38e17100c3278" classname="com.github.traderjoe95.mls.protocol.tree.TreeKem" time="0.0"/>
  <testcase name="the decrypted path secret should be 6b2f753d995523351dd1f1f3fdac9e989a91a5d55a7b5f9ea8e774a9a0f604e456c254d9ccd0ed55a7319d700ebc24a4" classname="com.github.traderjoe95.mls.protocol.tree.TreeKem" time="0.002"/>
  <testcase name="a new update path generated by the sender should be successfully processed" classname="com.github.traderjoe95.mls.protocol.tree.TreeKem" time="0.002"/>
  <testcase name="the update path should be parent-hash valid" classname="com.github.traderjoe95.mls.protocol.tree.TreeKem" time="0.0"/>
  <testcase name="the tree hash after merging the update path should be b023368a399b83abc69c94b813093e02d79a2f854eb7701ee4709ae6df5ef54a5deee225c797bb9c9ff38e17100c3278" classname="com.github.traderjoe95.mls.protocol.tree.TreeKem" time="0.001"/>
  <testcase name="the decrypted path secret should be 6b2f753d995523351dd1f1f3fdac9e989a91a5d55a7b5f9ea8e774a9a0f604e456c254d9ccd0ed55a7319d700ebc24a4" classname="com.github.traderjoe95.mls.protocol.tree.TreeKem" time="0.002"/>
  <testcase name="a new update path generated by the sender should be successfully processed" classname="com.github.traderjoe95.mls.protocol.tree.TreeKem" time="0.002"/>
  <testcase name="the update path should be parent-hash valid" classname="com.github.traderjoe95.mls.protocol.tree.TreeKem" time="0.0"/>
  <testcase name="the tree hash after merging the update path should be b023368a399b83abc69c94b813093e02d79a2f854eb7701ee4709ae6df5ef54a5deee225c797bb9c9ff38e17100c3278" classname="com.github.traderjoe95.mls.protocol.tree.TreeKem" time="0.0"/>
  <testcase name="the decrypted path secret should be 6b2f753d995523351dd1f1f3fdac9e989a91a5d55a7b5f9ea8e774a9a0f604e456c254d9ccd0ed55a7319d700ebc24a4" classname="com.github.traderjoe95.mls.protocol.tree.TreeKem" time="0.002"/>
  <testcase name="a new update path generated by the sender should be successfully processed" classname="com.github.traderjoe95.mls.protocol.tree.TreeKem" time="0.001"/>
  <testcase name="non-blank leaf 0 should be consistent with the public state" classname="com.github.traderjoe95.mls.protocol.tree.TreeKem" time="0.008"/>
  <testcase name="non-blank leaf 1 should be consistent with the public state" classname="com.github.traderjoe95.mls.protocol.tree.TreeKem" time="0.008"/>
  <testcase name="non-blank leaf 2 should be consistent with the public state" classname="com.github.traderjoe95.mls.protocol.tree.TreeKem" time="0.008"/>
  <testcase name="non-blank leaf 3 should be consistent with the public state" classname="com.github.traderjoe95.mls.protocol.tree.TreeKem" time="0.009"/>
  <testcase name="non-blank leaf 4 should be consistent with the public state" classname="com.github.traderjoe95.mls.protocol.tree.TreeKem" time="0.006"/>
  <testcase name="non-blank leaf 5 should be consistent with the public state" classname="com.github.traderjoe95.mls.protocol.tree.TreeKem" time="0.005"/>
  <testcase name="the update path should be parent-hash valid" classname="com.github.traderjoe95.mls.protocol.tree.TreeKem" time="0.0"/>
  <testcase name="the tree hash after merging the update path should be a35a4a1de2e4edcec37f995890c31056dcaeaebb3a8da7a38c1809cb9e4d772388203619728c36fa00ff76d9f89a01e2" classname="com.github.traderjoe95.mls.protocol.tree.TreeKem" time="0.001"/>
  <testcase name="the decrypted path secret should be a4fdf1cc72f8147e6c5e49c926fe29298ab71dc3d271d941399ff2d70d989ecd3186f9828cc9a794113b18044f0be24e" classname="com.github.traderjoe95.mls.protocol.tree.TreeKem" time="0.002"/>
  <testcase name="a new update path generated by the sender should be successfully processed" classname="com.github.traderjoe95.mls.protocol.tree.TreeKem" time="0.002"/>
  <testcase name="the update path should be parent-hash valid" classname="com.github.traderjoe95.mls.protocol.tree.TreeKem" time="0.001"/>
  <testcase name="the tree hash after merging the update path should be a35a4a1de2e4edcec37f995890c31056dcaeaebb3a8da7a38c1809cb9e4d772388203619728c36fa00ff76d9f89a01e2" classname="com.github.traderjoe95.mls.protocol.tree.TreeKem" time="0.001"/>
  <testcase name="the decrypted path secret should be 0e8c76cab8b0ec30661e8e4708c0da488a0eeba75477bc3bcfc104e4ab843e53a2a43283f467435a2de9463db6374246" classname="com.github.traderjoe95.mls.protocol.tree.TreeKem" time="0.002"/>
  <testcase name="a new update path generated by the sender should be successfully processed" classname="com.github.traderjoe95.mls.protocol.tree.TreeKem" time="0.002"/>
  <testcase name="the update path should be parent-hash valid" classname="com.github.traderjoe95.mls.protocol.tree.TreeKem" time="0.0"/>
  <testcase name="the tree hash after merging the update path should be a35a4a1de2e4edcec37f995890c31056dcaeaebb3a8da7a38c1809cb9e4d772388203619728c36fa00ff76d9f89a01e2" classname="com.github.traderjoe95.mls.protocol.tree.TreeKem" time="0.001"/>
  <testcase name="the decrypted path secret should be 0e8c76cab8b0ec30661e8e4708c0da488a0eeba75477bc3bcfc104e4ab843e53a2a43283f467435a2de9463db6374246" classname="com.github.traderjoe95.mls.protocol.tree.TreeKem" time="0.002"/>
  <testcase name="a new update path generated by the sender should be successfully processed" classname="com.github.traderjoe95.mls.protocol.tree.TreeKem" time="0.002"/>
  <testcase name="the update path should be parent-hash valid" classname="com.github.traderjoe95.mls.protocol.tree.TreeKem" time="0.0"/>
  <testcase name="the tree hash after merging the update path should be a35a4a1de2e4edcec37f995890c31056dcaeaebb3a8da7a38c1809cb9e4d772388203619728c36fa00ff76d9f89a01e2" classname="com.github.traderjoe95.mls.protocol.tree.TreeKem" time="0.0"/>
  <testcase name="the decrypted path secret should be 9f7468d5eada4fe3c2ec01108dd047aca785d15633dabcc86308fe779048db7826a1c20c6e2d3b27c3ca114849e155b8" classname="com.github.traderjoe95.mls.protocol.tree.TreeKem" time="0.002"/>
  <testcase name="a new update path generated by the sender should be successfully processed" classname="com.github.traderjoe95.mls.protocol.tree.TreeKem" time="0.002"/>
  <testcase name="the update path should be parent-hash valid" classname="com.github.traderjoe95.mls.protocol.tree.TreeKem" time="0.001"/>
  <testcase name="the tree hash after merging the update path should be a35a4a1de2e4edcec37f995890c31056dcaeaebb3a8da7a38c1809cb9e4d772388203619728c36fa00ff76d9f89a01e2" classname="com.github.traderjoe95.mls.protocol.tree.TreeKem" time="0.001"/>
  <testcase name="the decrypted path secret should be 9f7468d5eada4fe3c2ec01108dd047aca785d15633dabcc86308fe779048db7826a1c20c6e2d3b27c3ca114849e155b8" classname="com.github.traderjoe95.mls.protocol.tree.TreeKem" time="0.002"/>
  <testcase name="a new update path generated by the sender should be successfully processed" classname="com.github.traderjoe95.mls.protocol.tree.TreeKem" time="0.006"/>
  <testcase name="the update path should be parent-hash valid" classname="com.github.traderjoe95.mls.protocol.tree.TreeKem" time="0.0"/>
  <testcase name="the tree hash after merging the update path should be d884064554c54ef97a89ea12f15148cd9e1f2f00a1713e1197f4937a8117c10ddda51774db79e52637bdbf427f47418b" classname="com.github.traderjoe95.mls.protocol.tree.TreeKem" time="0.0"/>
  <testcase name="the decrypted path secret should be 3e5471663dee98c638006a624846cdb162b05fdd52ad93ad0bfb8439d7c60be2b106fbbcf34c085aa05e6891c3f4daae" classname="com.github.traderjoe95.mls.protocol.tree.TreeKem" time="0.001"/>
  <testcase name="a new update path generated by the sender should be successfully processed" classname="com.github.traderjoe95.mls.protocol.tree.TreeKem" time="0.002"/>
  <testcase name="the update path should be parent-hash valid" classname="com.github.traderjoe95.mls.protocol.tree.TreeKem" time="0.0"/>
  <testcase name="the tree hash after merging the update path should be d884064554c54ef97a89ea12f15148cd9e1f2f00a1713e1197f4937a8117c10ddda51774db79e52637bdbf427f47418b" classname="com.github.traderjoe95.mls.protocol.tree.TreeKem" time="0.0"/>
  <testcase name="the decrypted path secret should be f49df3f3876cf4351d8d984bf72b434c677088d883107a36e90952032ffa8f2b77aa085e15739a995f9a6bb52317dd50" classname="com.github.traderjoe95.mls.protocol.tree.TreeKem" time="0.002"/>
  <testcase name="a new update path generated by the sender should be successfully processed" classname="com.github.traderjoe95.mls.protocol.tree.TreeKem" time="0.002"/>
  <testcase name="the update path should be parent-hash valid" classname="com.github.traderjoe95.mls.protocol.tree.TreeKem" time="0.0"/>
  <testcase name="the tree hash after merging the update path should be d884064554c54ef97a89ea12f15148cd9e1f2f00a1713e1197f4937a8117c10ddda51774db79e52637bdbf427f47418b" classname="com.github.traderjoe95.mls.protocol.tree.TreeKem" time="0.0"/>
  <testcase name="the decrypted path secret should be f49df3f3876cf4351d8d984bf72b434c677088d883107a36e90952032ffa8f2b77aa085e15739a995f9a6bb52317dd50" classname="com.github.traderjoe95.mls.protocol.tree.TreeKem" time="0.001"/>
  <testcase name="a new update path generated by the sender should be successfully processed" classname="com.github.traderjoe95.mls.protocol.tree.TreeKem" time="0.002"/>
  <testcase name="the update path should be parent-hash valid" classname="com.github.traderjoe95.mls.protocol.tree.TreeKem" time="0.0"/>
  <testcase name="the tree hash after merging the update path should be d884064554c54ef97a89ea12f15148cd9e1f2f00a1713e1197f4937a8117c10ddda51774db79e52637bdbf427f47418b" classname="com.github.traderjoe95.mls.protocol.tree.TreeKem" time="0.001"/>
  <testcase name="the decrypted path secret should be fe30666b66908570203fc4f75f77d6f56424fe25c25bb74527b1ddea52602b958be0820cd7b5c65dc5832353db834e74" classname="com.github.traderjoe95.mls.protocol.tree.TreeKem" time="0.002"/>
  <testcase name="a new update path generated by the sender should be successfully processed" classname="com.github.traderjoe95.mls.protocol.tree.TreeKem" time="0.002"/>
  <testcase name="the update path should be parent-hash valid" classname="com.github.traderjoe95.mls.protocol.tree.TreeKem" time="0.0"/>
  <testcase name="the tree hash after merging the update path should be d884064554c54ef97a89ea12f15148cd9e1f2f00a1713e1197f4937a8117c10ddda51774db79e52637bdbf427f47418b" classname="com.github.traderjoe95.mls.protocol.tree.TreeKem" time="0.0"/>
  <testcase name="the decrypted path secret should be fe30666b66908570203fc4f75f77d6f56424fe25c25bb74527b1ddea52602b958be0820cd7b5c65dc5832353db834e74" classname="com.github.traderjoe95.mls.protocol.tree.TreeKem" time="0.001"/>
  <testcase name="a new update path generated by the sender should be successfully processed" classname="com.github.traderjoe95.mls.protocol.tree.TreeKem" time="0.002"/>
  <testcase name="the update path should be parent-hash valid" classname="com.github.traderjoe95.mls.protocol.tree.TreeKem" time="0.0"/>
  <testcase name="the tree hash after merging the update path should be c8b2b037e495894cca5e078f691057e81b3e281c261fb678aaafb8a29c8f5cd31230de9d5a32d93783d97d3d0313371c" classname="com.github.traderjoe95.mls.protocol.tree.TreeKem" time="0.0"/>
  <testcase name="the decrypted path secret should be 62e2d1cea5a04106976bff71912b32262213d5ab60ffa36e2d67b99012323fd3a4353de92f7af7cf8db739b540cfc8cd" classname="com.github.traderjoe95.mls.protocol.tree.TreeKem" time="0.001"/>
  <testcase name="a new update path generated by the sender should be successfully processed" classname="com.github.traderjoe95.mls.protocol.tree.TreeKem" time="0.002"/>
  <testcase name="the update path should be parent-hash valid" classname="com.github.traderjoe95.mls.protocol.tree.TreeKem" time="0.001"/>
  <testcase name="the tree hash after merging the update path should be c8b2b037e495894cca5e078f691057e81b3e281c261fb678aaafb8a29c8f5cd31230de9d5a32d93783d97d3d0313371c" classname="com.github.traderjoe95.mls.protocol.tree.TreeKem" time="0.001"/>
  <testcase name="the decrypted path secret should be 62e2d1cea5a04106976bff71912b32262213d5ab60ffa36e2d67b99012323fd3a4353de92f7af7cf8db739b540cfc8cd" classname="com.github.traderjoe95.mls.protocol.tree.TreeKem" time="0.002"/>
  <testcase name="a new update path generated by the sender should be successfully processed" classname="com.github.traderjoe95.mls.protocol.tree.TreeKem" time="0.003"/>
  <testcase name="the update path should be parent-hash valid" classname="com.github.traderjoe95.mls.protocol.tree.TreeKem" time="0.0"/>
  <testcase name="the tree hash after merging the update path should be c8b2b037e495894cca5e078f691057e81b3e281c261fb678aaafb8a29c8f5cd31230de9d5a32d93783d97d3d0313371c" classname="com.github.traderjoe95.mls.protocol.tree.TreeKem" time="0.0"/>
  <testcase name="the decrypted path secret should be 53fc686951e86cd43b4f90e757b784b74671c8906bcd43b2f1a50246148f614b18913259bca340c2246df2fd6e4566ba" classname="com.github.traderjoe95.mls.protocol.tree.TreeKem" time="0.001"/>
  <testcase name="a new update path generated by the sender should be successfully processed" classname="com.github.traderjoe95.mls.protocol.tree.TreeKem" time="0.002"/>
  <testcase name="the update path should be parent-hash valid" classname="com.github.traderjoe95.mls.protocol.tree.TreeKem" time="0.0"/>
  <testcase name="the tree hash after merging the update path should be c8b2b037e495894cca5e078f691057e81b3e281c261fb678aaafb8a29c8f5cd31230de9d5a32d93783d97d3d0313371c" classname="com.github.traderjoe95.mls.protocol.tree.TreeKem" time="0.001"/>
  <testcase name="the decrypted path secret should be f3da05805d853be64afeb3ec6f0258cf3c8f758ec598f872789e40c370a9e0d94f72070ca87d08821cdac5c745d2def2" classname="com.github.traderjoe95.mls.protocol.tree.TreeKem" time="0.002"/>
  <testcase name="a new update path generated by the sender should be successfully processed" classname="com.github.traderjoe95.mls.protocol.tree.TreeKem" time="0.002"/>
  <testcase name="the update path should be parent-hash valid" classname="com.github.traderjoe95.mls.protocol.tree.TreeKem" time="0.0"/>
  <testcase name="the tree hash after merging the update path should be c8b2b037e495894cca5e078f691057e81b3e281c261fb678aaafb8a29c8f5cd31230de9d5a32d93783d97d3d0313371c" classname="com.github.traderjoe95.mls.protocol.tree.TreeKem" time="0.0"/>
  <testcase name="the decrypted path secret should be f3da05805d853be64afeb3ec6f0258cf3c8f758ec598f872789e40c370a9e0d94f72070ca87d08821cdac5c745d2def2" classname="com.github.traderjoe95.mls.protocol.tree.TreeKem" time="0.002"/>
  <testcase name="a new update path generated by the sender should be successfully processed" classname="com.github.traderjoe95.mls.protocol.tree.TreeKem" time="0.002"/>
  <testcase name="the update path should be parent-hash valid" classname="com.github.traderjoe95.mls.protocol.tree.TreeKem" time="0.0"/>
  <testcase name="the tree hash after merging the update path should be ff8eead956bd2d444f2834cb95cc9aed09c9b6e9749601cb817252de2509a115be323f08bf82d0bb04dfe165e7d0aac4" classname="com.github.traderjoe95.mls.protocol.tree.TreeKem" time="0.0"/>
  <testcase name="the decrypted path secret should be 9daab62a8c8f5b22ce6477ef67ed3d9f318a0356db37a5a10108f978ecdeb3c68e70cd26a7feb48f4f2412a6022a01af" classname="com.github.traderjoe95.mls.protocol.tree.TreeKem" time="0.001"/>
  <testcase name="a new update path generated by the sender should be successfully processed" classname="com.github.traderjoe95.mls.protocol.tree.TreeKem" time="0.002"/>
  <testcase name="the update path should be parent-hash valid" classname="com.github.traderjoe95.mls.protocol.tree.TreeKem" time="0.0"/>
  <testcase name="the tree hash after merging the update path should be ff8eead956bd2d444f2834cb95cc9aed09c9b6e9749601cb817252de2509a115be323f08bf82d0bb04dfe165e7d0aac4" classname="com.github.traderjoe95.mls.protocol.tree.TreeKem" time="0.0"/>
  <testcase name="the decrypted path secret should be 9daab62a8c8f5b22ce6477ef67ed3d9f318a0356db37a5a10108f978ecdeb3c68e70cd26a7feb48f4f2412a6022a01af" classname="com.github.traderjoe95.mls.protocol.tree.TreeKem" time="0.002"/>
  <testcase name="a new update path generated by the sender should be successfully processed" classname="com.github.traderjoe95.mls.protocol.tree.TreeKem" time="0.002"/>
  <testcase name="the update path should be parent-hash valid" classname="com.github.traderjoe95.mls.protocol.tree.TreeKem" time="0.0"/>
  <testcase name="the tree hash after merging the update path should be ff8eead956bd2d444f2834cb95cc9aed09c9b6e9749601cb817252de2509a115be323f08bf82d0bb04dfe165e7d0aac4" classname="com.github.traderjoe95.mls.protocol.tree.TreeKem" time="0.0"/>
  <testcase name="the decrypted path secret should be a103b138fd46ae0a98bb377d2a9b68db0348a038fd270cce176c29286e42b6f0e1b03e2d371af4ef69514de541342a87" classname="com.github.traderjoe95.mls.protocol.tree.TreeKem" time="0.002"/>
  <testcase name="a new update path generated by the sender should be successfully processed" classname="com.github.traderjoe95.mls.protocol.tree.TreeKem" time="0.002"/>
  <testcase name="the update path should be parent-hash valid" classname="com.github.traderjoe95.mls.protocol.tree.TreeKem" time="0.0"/>
  <testcase name="the tree hash after merging the update path should be ff8eead956bd2d444f2834cb95cc9aed09c9b6e9749601cb817252de2509a115be323f08bf82d0bb04dfe165e7d0aac4" classname="com.github.traderjoe95.mls.protocol.tree.TreeKem" time="0.0"/>
  <testcase name="the decrypted path secret should be 4626893398ce8ae36362b973a607179f7e1cb00bd09265cc65bd64eb57f1b42c9c455e5be489c4dca70eddf7318cc8d1" classname="com.github.traderjoe95.mls.protocol.tree.TreeKem" time="0.001"/>
  <testcase name="a new update path generated by the sender should be successfully processed" classname="com.github.traderjoe95.mls.protocol.tree.TreeKem" time="0.002"/>
  <testcase name="the update path should be parent-hash valid" classname="com.github.traderjoe95.mls.protocol.tree.TreeKem" time="0.0"/>
  <testcase name="the tree hash after merging the update path should be ff8eead956bd2d444f2834cb95cc9aed09c9b6e9749601cb817252de2509a115be323f08bf82d0bb04dfe165e7d0aac4" classname="com.github.traderjoe95.mls.protocol.tree.TreeKem" time="0.0"/>
  <testcase name="the decrypted path secret should be 4626893398ce8ae36362b973a607179f7e1cb00bd09265cc65bd64eb57f1b42c9c455e5be489c4dca70eddf7318cc8d1" classname="com.github.traderjoe95.mls.protocol.tree.TreeKem" time="0.001"/>
  <testcase name="a new update path generated by the sender should be successfully processed" classname="com.github.traderjoe95.mls.protocol.tree.TreeKem" time="0.002"/>
  <testcase name="the update path should be parent-hash valid" classname="com.github.traderjoe95.mls.protocol.tree.TreeKem" time="0.001"/>
  <testcase name="the tree hash after merging the update path should be 1fe571be0599ec8a2928f1cdeae5ae3d878e568c03c19231597f5d6ea4fe4de6c1613390f1e050d0388a9661ffeee690" classname="com.github.traderjoe95.mls.protocol.tree.TreeKem" time="0.0"/>
  <testcase name="the decrypted path secret should be f089a9367cea4f0c9eb65e5c587378739a4ca9322545bf93ae657eea2b4c3fb24e4ac29dd7d5a8f79f526ab1b295a74a" classname="com.github.traderjoe95.mls.protocol.tree.TreeKem" time="0.002"/>
  <testcase name="a new update path generated by the sender should be successfully processed" classname="com.github.traderjoe95.mls.protocol.tree.TreeKem" time="0.002"/>
  <testcase name="the update path should be parent-hash valid" classname="com.github.traderjoe95.mls.protocol.tree.TreeKem" time="0.0"/>
  <testcase name="the tree hash after merging the update path should be 1fe571be0599ec8a2928f1cdeae5ae3d878e568c03c19231597f5d6ea4fe4de6c1613390f1e050d0388a9661ffeee690" classname="com.github.traderjoe95.mls.protocol.tree.TreeKem" time="0.0"/>
  <testcase name="the decrypted path secret should be f089a9367cea4f0c9eb65e5c587378739a4ca9322545bf93ae657eea2b4c3fb24e4ac29dd7d5a8f79f526ab1b295a74a" classname="com.github.traderjoe95.mls.protocol.tree.TreeKem" time="0.001"/>
  <testcase name="a new update path generated by the sender should be successfully processed" classname="com.github.traderjoe95.mls.protocol.tree.TreeKem" time="0.002"/>
  <testcase name="the update path should be parent-hash valid" classname="com.github.traderjoe95.mls.protocol.tree.TreeKem" time="0.0"/>
  <testcase name="the tree hash after merging the update path should be 1fe571be0599ec8a2928f1cdeae5ae3d878e568c03c19231597f5d6ea4fe4de6c1613390f1e050d0388a9661ffeee690" classname="com.github.traderjoe95.mls.protocol.tree.TreeKem" time="0.0"/>
  <testcase name="the decrypted path secret should be f089a9367cea4f0c9eb65e5c587378739a4ca9322545bf93ae657eea2b4c3fb24e4ac29dd7d5a8f79f526ab1b295a74a" classname="com.github.traderjoe95.mls.protocol.tree.TreeKem" time="0.002"/>
  <testcase name="a new update path generated by the sender should be successfully processed" classname="com.github.traderjoe95.mls.protocol.tree.TreeKem" time="0.003"/>
  <testcase name="the update path should be parent-hash valid" classname="com.github.traderjoe95.mls.protocol.tree.TreeKem" time="0.0"/>
  <testcase name="the tree hash after merging the update path should be 1fe571be0599ec8a2928f1cdeae5ae3d878e568c03c19231597f5d6ea4fe4de6c1613390f1e050d0388a9661ffeee690" classname="com.github.traderjoe95.mls.protocol.tree.TreeKem" time="0.0"/>
  <testcase name="the decrypted path secret should be f089a9367cea4f0c9eb65e5c587378739a4ca9322545bf93ae657eea2b4c3fb24e4ac29dd7d5a8f79f526ab1b295a74a" classname="com.github.traderjoe95.mls.protocol.tree.TreeKem" time="0.001"/>
  <testcase name="a new update path generated by the sender should be successfully processed" classname="com.github.traderjoe95.mls.protocol.tree.TreeKem" time="0.002"/>
  <testcase name="the update path should be parent-hash valid" classname="com.github.traderjoe95.mls.protocol.tree.TreeKem" time="0.0"/>
  <testcase name="the tree hash after merging the update path should be 1fe571be0599ec8a2928f1cdeae5ae3d878e568c03c19231597f5d6ea4fe4de6c1613390f1e050d0388a9661ffeee690" classname="com.github.traderjoe95.mls.protocol.tree.TreeKem" time="0.001"/>
  <testcase name="the decrypted path secret should be 9310810cdd23aa8454fc3e03f39870ebaf6b332218b80b032da344daa0fd6dd19ab49149a13ff043b09eb7c8b722107f" classname="com.github.traderjoe95.mls.protocol.tree.TreeKem" time="0.002"/>
  <testcase name="a new update path generated by the sender should be successfully processed" classname="com.github.traderjoe95.mls.protocol.tree.TreeKem" time="0.002"/>
  <testcase name="the update path should be parent-hash valid" classname="com.github.traderjoe95.mls.protocol.tree.TreeKem" time="0.0"/>
  <testcase name="the tree hash after merging the update path should be 03d2ef27a63c1b07469107959c152f2e8e83bbb9267af14f111b7c4d9bf5859c36734f25e9de6cbd80480d86e98e975c" classname="com.github.traderjoe95.mls.protocol.tree.TreeKem" time="0.001"/>
  <testcase name="the decrypted path secret should be 7741989a1c517a4e73655e5cdd2b790cafbe089d2098b29bbed87f86a7891ee2329970b67e7aa36f6d09c59ec23a8474" classname="com.github.traderjoe95.mls.protocol.tree.TreeKem" time="0.002"/>
  <testcase name="a new update path generated by the sender should be successfully processed" classname="com.github.traderjoe95.mls.protocol.tree.TreeKem" time="0.002"/>
  <testcase name="the update path should be parent-hash valid" classname="com.github.traderjoe95.mls.protocol.tree.TreeKem" time="0.001"/>
  <testcase name="the tree hash after merging the update path should be 03d2ef27a63c1b07469107959c152f2e8e83bbb9267af14f111b7c4d9bf5859c36734f25e9de6cbd80480d86e98e975c" classname="com.github.traderjoe95.mls.protocol.tree.TreeKem" time="0.0"/>
  <testcase name="the decrypted path secret should be 7741989a1c517a4e73655e5cdd2b790cafbe089d2098b29bbed87f86a7891ee2329970b67e7aa36f6d09c59ec23a8474" classname="com.github.traderjoe95.mls.protocol.tree.TreeKem" time="0.001"/>
  <testcase name="a new update path generated by the sender should be successfully processed" classname="com.github.traderjoe95.mls.protocol.tree.TreeKem" time="0.002"/>
  <testcase name="the update path should be parent-hash valid" classname="com.github.traderjoe95.mls.protocol.tree.TreeKem" time="0.0"/>
  <testcase name="the tree hash after merging the update path should be 03d2ef27a63c1b07469107959c152f2e8e83bbb9267af14f111b7c4d9bf5859c36734f25e9de6cbd80480d86e98e975c" classname="com.github.traderjoe95.mls.protocol.tree.TreeKem" time="0.001"/>
  <testcase name="the decrypted path secret should be 7741989a1c517a4e73655e5cdd2b790cafbe089d2098b29bbed87f86a7891ee2329970b67e7aa36f6d09c59ec23a8474" classname="com.github.traderjoe95.mls.protocol.tree.TreeKem" time="0.002"/>
  <testcase name="a new update path generated by the sender should be successfully processed" classname="com.github.traderjoe95.mls.protocol.tree.TreeKem" time="0.003"/>
  <testcase name="the update path should be parent-hash valid" classname="com.github.traderjoe95.mls.protocol.tree.TreeKem" time="0.001"/>
  <testcase name="the tree hash after merging the update path should be 03d2ef27a63c1b07469107959c152f2e8e83bbb9267af14f111b7c4d9bf5859c36734f25e9de6cbd80480d86e98e975c" classname="com.github.traderjoe95.mls.protocol.tree.TreeKem" time="0.0"/>
  <testcase name="the decrypted path secret should be 7741989a1c517a4e73655e5cdd2b790cafbe089d2098b29bbed87f86a7891ee2329970b67e7aa36f6d09c59ec23a8474" classname="com.github.traderjoe95.mls.protocol.tree.TreeKem" time="0.002"/>
  <testcase name="a new update path generated by the sender should be successfully processed" classname="com.github.traderjoe95.mls.protocol.tree.TreeKem" time="0.002"/>
  <testcase name="the update path should be parent-hash valid" classname="com.github.traderjoe95.mls.protocol.tree.TreeKem" time="0.0"/>
  <testcase name="the tree hash after merging the update path should be 03d2ef27a63c1b07469107959c152f2e8e83bbb9267af14f111b7c4d9bf5859c36734f25e9de6cbd80480d86e98e975c" classname="com.github.traderjoe95.mls.protocol.tree.TreeKem" time="0.0"/>
  <testcase name="the decrypted path secret should be e0fa130b183a75dfb9a2fea6676abb31dde1bfb81882710c44c51aa68c7753c3e82f53ee1511ef5da19f3b6afda88a49" classname="com.github.traderjoe95.mls.protocol.tree.TreeKem" time="0.001"/>
  <testcase name="a new update path generated by the sender should be successfully processed" classname="com.github.traderjoe95.mls.protocol.tree.TreeKem" time="0.002"/>
  <testcase name="non-blank leaf 0 should be consistent with the public state" classname="com.github.traderjoe95.mls.protocol.tree.TreeKem" time="0.008"/>
  <testcase name="non-blank leaf 1 should be consistent with the public state" classname="com.github.traderjoe95.mls.protocol.tree.TreeKem" time="0.008"/>
  <testcase name="non-blank leaf 2 should be consistent with the public state" classname="com.github.traderjoe95.mls.protocol.tree.TreeKem" time="0.007"/>
  <testcase name="non-blank leaf 3 should be consistent with the public state" classname="com.github.traderjoe95.mls.protocol.tree.TreeKem" time="0.014"/>
  <testcase name="non-blank leaf 4 should be consistent with the public state" classname="com.github.traderjoe95.mls.protocol.tree.TreeKem" time="0.009"/>
  <testcase name="non-blank leaf 5 should be consistent with the public state" classname="com.github.traderjoe95.mls.protocol.tree.TreeKem" time="0.008"/>
  <testcase name="non-blank leaf 6 should be consistent with the public state" classname="com.github.traderjoe95.mls.protocol.tree.TreeKem" time="0.006"/>
  <testcase name="the update path should be parent-hash valid" classname="com.github.traderjoe95.mls.protocol.tree.TreeKem" time="0.0"/>
  <testcase name="the tree hash after merging the update path should be 63db4a90996f15ac398660e606052d6d0e76a701537aeef8cea1d85f4718761a39d7427b4aadd1e3fd8bf4cec78025c5" classname="com.github.traderjoe95.mls.protocol.tree.TreeKem" time="0.001"/>
  <testcase name="the decrypted path secret should be 048bff70c24e2fd335533b9f39dce5d2d81ca1822cd56e52f62872a45f803578b3863a85bfd50e3013db44da9223da31" classname="com.github.traderjoe95.mls.protocol.tree.TreeKem" time="0.003"/>
  <testcase name="a new update path generated by the sender should be successfully processed" classname="com.github.traderjoe95.mls.protocol.tree.TreeKem" time="0.003"/>
  <testcase name="the update path should be parent-hash valid" classname="com.github.traderjoe95.mls.protocol.tree.TreeKem" time="0.0"/>
  <testcase name="the tree hash after merging the update path should be 63db4a90996f15ac398660e606052d6d0e76a701537aeef8cea1d85f4718761a39d7427b4aadd1e3fd8bf4cec78025c5" classname="com.github.traderjoe95.mls.protocol.tree.TreeKem" time="0.0"/>
  <testcase name="the decrypted path secret should be 4292790243b680590bacf2cfc82f1b34d3e34954ff831bd1e52b976964969072daddb2bc4310f135cfd22e64f96d1168" classname="com.github.traderjoe95.mls.protocol.tree.TreeKem" time="0.002"/>
  <testcase name="a new update path generated by the sender should be successfully processed" classname="com.github.traderjoe95.mls.protocol.tree.TreeKem" time="0.002"/>
  <testcase name="the update path should be parent-hash valid" classname="com.github.traderjoe95.mls.protocol.tree.TreeKem" time="0.0"/>
  <testcase name="the tree hash after merging the update path should be 63db4a90996f15ac398660e606052d6d0e76a701537aeef8cea1d85f4718761a39d7427b4aadd1e3fd8bf4cec78025c5" classname="com.github.traderjoe95.mls.protocol.tree.TreeKem" time="0.0"/>
  <testcase name="the decrypted path secret should be 4292790243b680590bacf2cfc82f1b34d3e34954ff831bd1e52b976964969072daddb2bc4310f135cfd22e64f96d1168" classname="com.github.traderjoe95.mls.protocol.tree.TreeKem" time="0.002"/>
  <testcase name="a new update path generated by the sender should be successfully processed" classname="com.github.traderjoe95.mls.protocol.tree.TreeKem" time="0.003"/>
  <testcase name="the update path should be parent-hash valid" classname="com.github.traderjoe95.mls.protocol.tree.TreeKem" time="0.0"/>
  <testcase name="the tree hash after merging the update path should be 63db4a90996f15ac398660e606052d6d0e76a701537aeef8cea1d85f4718761a39d7427b4aadd1e3fd8bf4cec78025c5" classname="com.github.traderjoe95.mls.protocol.tree.TreeKem" time="0.0"/>
  <testcase name="the decrypted path secret should be 2cc3aac266f1cf353eb8a334265dcdb818ce78773733263939b73e2d0f3402d85fca4ae4ebc350efd310d7d7f39acbc4" classname="com.github.traderjoe95.mls.protocol.tree.TreeKem" time="0.002"/>
  <testcase name="a new update path generated by the sender should be successfully processed" classname="com.github.traderjoe95.mls.protocol.tree.TreeKem" time="0.002"/>
  <testcase name="the update path should be parent-hash valid" classname="com.github.traderjoe95.mls.protocol.tree.TreeKem" time="0.0"/>
  <testcase name="the tree hash after merging the update path should be 63db4a90996f15ac398660e606052d6d0e76a701537aeef8cea1d85f4718761a39d7427b4aadd1e3fd8bf4cec78025c5" classname="com.github.traderjoe95.mls.protocol.tree.TreeKem" time="0.001"/>
  <testcase name="the decrypted path secret should be 2cc3aac266f1cf353eb8a334265dcdb818ce78773733263939b73e2d0f3402d85fca4ae4ebc350efd310d7d7f39acbc4" classname="com.github.traderjoe95.mls.protocol.tree.TreeKem" time="0.002"/>
  <testcase name="a new update path generated by the sender should be successfully processed" classname="com.github.traderjoe95.mls.protocol.tree.TreeKem" time="0.002"/>
  <testcase name="the update path should be parent-hash valid" classname="com.github.traderjoe95.mls.protocol.tree.TreeKem" time="0.0"/>
  <testcase name="the tree hash after merging the update path should be 63db4a90996f15ac398660e606052d6d0e76a701537aeef8cea1d85f4718761a39d7427b4aadd1e3fd8bf4cec78025c5" classname="com.github.traderjoe95.mls.protocol.tree.TreeKem" time="0.0"/>
  <testcase name="the decrypted path secret should be 2cc3aac266f1cf353eb8a334265dcdb818ce78773733263939b73e2d0f3402d85fca4ae4ebc350efd310d7d7f39acbc4" classname="com.github.traderjoe95.mls.protocol.tree.TreeKem" time="0.006"/>
  <testcase name="a new update path generated by the sender should be successfully processed" classname="com.github.traderjoe95.mls.protocol.tree.TreeKem" time="0.004"/>
  <testcase name="the update path should be parent-hash valid" classname="com.github.traderjoe95.mls.protocol.tree.TreeKem" time="0.0"/>
  <testcase name="the tree hash after merging the update path should be 16bdf8b5a79baf8dfa623cac8e0925754db0c856f14bd8286bb845ecfa4ad8da719efb5ad82d170e75b634e67966bfe9" classname="com.github.traderjoe95.mls.protocol.tree.TreeKem" time="0.0"/>
  <testcase name="the decrypted path secret should be d78bcbfd81c3bbf461b3cbfe40c6cb800dd9ac4f32e6cc0d7cffd3fb1e112fd1254cdb54d3b1ad5e5bf047b4dd6955b1" classname="com.github.traderjoe95.mls.protocol.tree.TreeKem" time="0.002"/>
  <testcase name="a new update path generated by the sender should be successfully processed" classname="com.github.traderjoe95.mls.protocol.tree.TreeKem" time="0.002"/>
  <testcase name="the update path should be parent-hash valid" classname="com.github.traderjoe95.mls.protocol.tree.TreeKem" time="0.001"/>
  <testcase name="the tree hash after merging the update path should be 16bdf8b5a79baf8dfa623cac8e0925754db0c856f14bd8286bb845ecfa4ad8da719efb5ad82d170e75b634e67966bfe9" classname="com.github.traderjoe95.mls.protocol.tree.TreeKem" time="0.001"/>
  <testcase name="the decrypted path secret should be cfeb45bdca74edd25b669e086ca038b09425de389c5a130bd358276bdea89431e3d93929c6b94e2c74ec3d572341fec6" classname="com.github.traderjoe95.mls.protocol.tree.TreeKem" time="0.002"/>
  <testcase name="a new update path generated by the sender should be successfully processed" classname="com.github.traderjoe95.mls.protocol.tree.TreeKem" time="0.002"/>
  <testcase name="the update path should be parent-hash valid" classname="com.github.traderjoe95.mls.protocol.tree.TreeKem" time="0.001"/>
  <testcase name="the tree hash after merging the update path should be 16bdf8b5a79baf8dfa623cac8e0925754db0c856f14bd8286bb845ecfa4ad8da719efb5ad82d170e75b634e67966bfe9" classname="com.github.traderjoe95.mls.protocol.tree.TreeKem" time="0.0"/>
  <testcase name="the decrypted path secret should be cfeb45bdca74edd25b669e086ca038b09425de389c5a130bd358276bdea89431e3d93929c6b94e2c74ec3d572341fec6" classname="com.github.traderjoe95.mls.protocol.tree.TreeKem" time="0.002"/>
  <testcase name="a new update path generated by the sender should be successfully processed" classname="com.github.traderjoe95.mls.protocol.tree.TreeKem" time="0.002"/>
  <testcase name="the update path should be parent-hash valid" classname="com.github.traderjoe95.mls.protocol.tree.TreeKem" time="0.0"/>
  <testcase name="the tree hash after merging the update path should be 16bdf8b5a79baf8dfa623cac8e0925754db0c856f14bd8286bb845ecfa4ad8da719efb5ad82d170e75b634e67966bfe9" classname="com.github.traderjoe95.mls.protocol.tree.TreeKem" time="0.0"/>
  <testcase name="the decrypted path secret should be 464dfa5c7c562ad20aa0ef3519d0ad0a9d7b93be5bb966b74bfcbc8f6d2402351296f0fae1e136a9fcb24b199e3e23fc" classname="com.github.traderjoe95.mls.protocol.tree.TreeKem" time="0.001"/>
  <testcase name="a new update path generated by the sender should be successfully processed" classname="com.github.traderjoe95.mls.protocol.tree.TreeKem" time="0.002"/>
  <testcase name="the update path should be parent-hash valid" classname="com.github.traderjoe95.mls.protocol.tree.TreeKem" time="0.0"/>
  <testcase name="the tree hash after merging the update path should be 16bdf8b5a79baf8dfa623cac8e0925754db0c856f14bd8286bb845ecfa4ad8da719efb5ad82d170e75b634e67966bfe9" classname="com.github.traderjoe95.mls.protocol.tree.TreeKem" time="0.0"/>
  <testcase name="the decrypted path secret should be 464dfa5c7c562ad20aa0ef3519d0ad0a9d7b93be5bb966b74bfcbc8f6d2402351296f0fae1e136a9fcb24b199e3e23fc" classname="com.github.traderjoe95.mls.protocol.tree.TreeKem" time="0.002"/>
  <testcase name="a new update path generated by the sender should be successfully processed" classname="com.github.traderjoe95.mls.protocol.tree.TreeKem" time="0.002"/>
  <testcase name="the update path should be parent-hash valid" classname="com.github.traderjoe95.mls.protocol.tree.TreeKem" time="0.001"/>
  <testcase name="the tree hash after merging the update path should be 16bdf8b5a79baf8dfa623cac8e0925754db0c856f14bd8286bb845ecfa4ad8da719efb5ad82d170e75b634e67966bfe9" classname="com.github.traderjoe95.mls.protocol.tree.TreeKem" time="0.001"/>
  <testcase name="the decrypted path secret should be 464dfa5c7c562ad20aa0ef3519d0ad0a9d7b93be5bb966b74bfcbc8f6d2402351296f0fae1e136a9fcb24b199e3e23fc" classname="com.github.traderjoe95.mls.protocol.tree.TreeKem" time="0.002"/>
  <testcase name="a new update path generated by the sender should be successfully processed" classname="com.github.traderjoe95.mls.protocol.tree.TreeKem" time="0.002"/>
  <testcase name="the update path should be parent-hash valid" classname="com.github.traderjoe95.mls.protocol.tree.TreeKem" time="0.0"/>
  <testcase name="the tree hash after merging the update path should be 82e732421664a9855f361e4441d3a1c03e25b774a1c48954936b6fcb20a8ea54532259299e63299cd6be1b058863a950" classname="com.github.traderjoe95.mls.protocol.tree.TreeKem" time="0.0"/>
  <testcase name="the decrypted path secret should be 39ed472125ded85af2a286c981e7111125b73257477af495ea154a82beb95aaceeaaea941512d48f417c8a378f45a6f7" classname="com.github.traderjoe95.mls.protocol.tree.TreeKem" time="0.002"/>
  <testcase name="a new update path generated by the sender should be successfully processed" classname="com.github.traderjoe95.mls.protocol.tree.TreeKem" time="0.003"/>
  <testcase name="the update path should be parent-hash valid" classname="com.github.traderjoe95.mls.protocol.tree.TreeKem" time="0.0"/>
  <testcase name="the tree hash after merging the update path should be 82e732421664a9855f361e4441d3a1c03e25b774a1c48954936b6fcb20a8ea54532259299e63299cd6be1b058863a950" classname="com.github.traderjoe95.mls.protocol.tree.TreeKem" time="0.001"/>
  <testcase name="the decrypted path secret should be 39ed472125ded85af2a286c981e7111125b73257477af495ea154a82beb95aaceeaaea941512d48f417c8a378f45a6f7" classname="com.github.traderjoe95.mls.protocol.tree.TreeKem" time="0.002"/>
  <testcase name="a new update path generated by the sender should be successfully processed" classname="com.github.traderjoe95.mls.protocol.tree.TreeKem" time="0.002"/>
  <testcase name="the update path should be parent-hash valid" classname="com.github.traderjoe95.mls.protocol.tree.TreeKem" time="0.0"/>
  <testcase name="the tree hash after merging the update path should be 82e732421664a9855f361e4441d3a1c03e25b774a1c48954936b6fcb20a8ea54532259299e63299cd6be1b058863a950" classname="com.github.traderjoe95.mls.protocol.tree.TreeKem" time="0.0"/>
  <testcase name="the decrypted path secret should be 3da502cf4e20c36d36982f47bd7b87d4466a815f0ef0a8eb6ed6905d8cafd37e4fcd59ab462331aed244db1ac0e644f8" classname="com.github.traderjoe95.mls.protocol.tree.TreeKem" time="0.002"/>
  <testcase name="a new update path generated by the sender should be successfully processed" classname="com.github.traderjoe95.mls.protocol.tree.TreeKem" time="0.002"/>
  <testcase name="the update path should be parent-hash valid" classname="com.github.traderjoe95.mls.protocol.tree.TreeKem" time="0.0"/>
  <testcase name="the tree hash after merging the update path should be 82e732421664a9855f361e4441d3a1c03e25b774a1c48954936b6fcb20a8ea54532259299e63299cd6be1b058863a950" classname="com.github.traderjoe95.mls.protocol.tree.TreeKem" time="0.0"/>
  <testcase name="the decrypted path secret should be 4a2bef2964806cbc899a03ac3998739ec6717d62145947970685919adf5ee5c60ea05355c2df9b3210c0746c2cec00a9" classname="com.github.traderjoe95.mls.protocol.tree.TreeKem" time="0.002"/>
  <testcase name="a new update path generated by the sender should be successfully processed" classname="com.github.traderjoe95.mls.protocol.tree.TreeKem" time="0.002"/>
  <testcase name="the update path should be parent-hash valid" classname="com.github.traderjoe95.mls.protocol.tree.TreeKem" time="0.0"/>
  <testcase name="the tree hash after merging the update path should be 82e732421664a9855f361e4441d3a1c03e25b774a1c48954936b6fcb20a8ea54532259299e63299cd6be1b058863a950" classname="com.github.traderjoe95.mls.protocol.tree.TreeKem" time="0.001"/>
  <testcase name="the decrypted path secret should be 4a2bef2964806cbc899a03ac3998739ec6717d62145947970685919adf5ee5c60ea05355c2df9b3210c0746c2cec00a9" classname="com.github.traderjoe95.mls.protocol.tree.TreeKem" time="0.002"/>
  <testcase name="a new update path generated by the sender should be successfully processed" classname="com.github.traderjoe95.mls.protocol.tree.TreeKem" time="0.002"/>
  <testcase name="the update path should be parent-hash valid" classname="com.github.traderjoe95.mls.protocol.tree.TreeKem" time="0.0"/>
  <testcase name="the tree hash after merging the update path should be 82e732421664a9855f361e4441d3a1c03e25b774a1c48954936b6fcb20a8ea54532259299e63299cd6be1b058863a950" classname="com.github.traderjoe95.mls.protocol.tree.TreeKem" time="0.0"/>
  <testcase name="the decrypted path secret should be 4a2bef2964806cbc899a03ac3998739ec6717d62145947970685919adf5ee5c60ea05355c2df9b3210c0746c2cec00a9" classname="com.github.traderjoe95.mls.protocol.tree.TreeKem" time="0.002"/>
  <testcase name="a new update path generated by the sender should be successfully processed" classname="com.github.traderjoe95.mls.protocol.tree.TreeKem" time="0.002"/>
  <testcase name="the update path should be parent-hash valid" classname="com.github.traderjoe95.mls.protocol.tree.TreeKem" time="0.0"/>
  <testcase name="the tree hash after merging the update path should be 1bbb6dbb42753eaf691d6f8f144ae6fd9849f0109b1bad325871477053b76371e852038a578b9f93d491219905ee578b" classname="com.github.traderjoe95.mls.protocol.tree.TreeKem" time="0.0"/>
  <testcase name="the decrypted path secret should be 43c04b1d4b56fec593234e4f040c3b3f6ae8984cf140469b1fa178ebef50a72d92bc08396f523a3e850e88336c654f73" classname="com.github.traderjoe95.mls.protocol.tree.TreeKem" time="0.002"/>
  <testcase name="a new update path generated by the sender should be successfully processed" classname="com.github.traderjoe95.mls.protocol.tree.TreeKem" time="0.002"/>
  <testcase name="the update path should be parent-hash valid" classname="com.github.traderjoe95.mls.protocol.tree.TreeKem" time="0.001"/>
  <testcase name="the tree hash after merging the update path should be 1bbb6dbb42753eaf691d6f8f144ae6fd9849f0109b1bad325871477053b76371e852038a578b9f93d491219905ee578b" classname="com.github.traderjoe95.mls.protocol.tree.TreeKem" time="0.001"/>
  <testcase name="the decrypted path secret should be 43c04b1d4b56fec593234e4f040c3b3f6ae8984cf140469b1fa178ebef50a72d92bc08396f523a3e850e88336c654f73" classname="com.github.traderjoe95.mls.protocol.tree.TreeKem" time="0.001"/>
  <testcase name="a new update path generated by the sender should be successfully processed" classname="com.github.traderjoe95.mls.protocol.tree.TreeKem" time="0.002"/>
  <testcase name="the update path should be parent-hash valid" classname="com.github.traderjoe95.mls.protocol.tree.TreeKem" time="0.0"/>
  <testcase name="the tree hash after merging the update path should be 1bbb6dbb42753eaf691d6f8f144ae6fd9849f0109b1bad325871477053b76371e852038a578b9f93d491219905ee578b" classname="com.github.traderjoe95.mls.protocol.tree.TreeKem" time="0.001"/>
  <testcase name="the decrypted path secret should be f3faa1fb36b9538158940c413dcb73b312ad9208c27dbe338c753e32c431781ac4a97405f21e151a95a22322589dd8d0" classname="com.github.traderjoe95.mls.protocol.tree.TreeKem" time="0.002"/>
  <testcase name="a new update path generated by the sender should be successfully processed" classname="com.github.traderjoe95.mls.protocol.tree.TreeKem" time="0.002"/>
  <testcase name="the update path should be parent-hash valid" classname="com.github.traderjoe95.mls.protocol.tree.TreeKem" time="0.0"/>
  <testcase name="the tree hash after merging the update path should be 1bbb6dbb42753eaf691d6f8f144ae6fd9849f0109b1bad325871477053b76371e852038a578b9f93d491219905ee578b" classname="com.github.traderjoe95.mls.protocol.tree.TreeKem" time="0.0"/>
  <testcase name="the decrypted path secret should be 92046443293321f4ca29e76e986c825fb3374590776b66c5ee4643c38ef86a96b0400e8b4a6be20efc783afdb0ba767f" classname="com.github.traderjoe95.mls.protocol.tree.TreeKem" time="0.002"/>
  <testcase name="a new update path generated by the sender should be successfully processed" classname="com.github.traderjoe95.mls.protocol.tree.TreeKem" time="0.002"/>
  <testcase name="the update path should be parent-hash valid" classname="com.github.traderjoe95.mls.protocol.tree.TreeKem" time="0.001"/>
  <testcase name="the tree hash after merging the update path should be 1bbb6dbb42753eaf691d6f8f144ae6fd9849f0109b1bad325871477053b76371e852038a578b9f93d491219905ee578b" classname="com.github.traderjoe95.mls.protocol.tree.TreeKem" time="0.001"/>
  <testcase name="the decrypted path secret should be 92046443293321f4ca29e76e986c825fb3374590776b66c5ee4643c38ef86a96b0400e8b4a6be20efc783afdb0ba767f" classname="com.github.traderjoe95.mls.protocol.tree.TreeKem" time="0.002"/>
  <testcase name="a new update path generated by the sender should be successfully processed" classname="com.github.traderjoe95.mls.protocol.tree.TreeKem" time="0.002"/>
  <testcase name="the update path should be parent-hash valid" classname="com.github.traderjoe95.mls.protocol.tree.TreeKem" time="0.0"/>
  <testcase name="the tree hash after merging the update path should be 1bbb6dbb42753eaf691d6f8f144ae6fd9849f0109b1bad325871477053b76371e852038a578b9f93d491219905ee578b" classname="com.github.traderjoe95.mls.protocol.tree.TreeKem" time="0.0"/>
  <testcase name="the decrypted path secret should be 92046443293321f4ca29e76e986c825fb3374590776b66c5ee4643c38ef86a96b0400e8b4a6be20efc783afdb0ba767f" classname="com.github.traderjoe95.mls.protocol.tree.TreeKem" time="0.001"/>
  <testcase name="a new update path generated by the sender should be successfully processed" classname="com.github.traderjoe95.mls.protocol.tree.TreeKem" time="0.002"/>
  <testcase name="the update path should be parent-hash valid" classname="com.github.traderjoe95.mls.protocol.tree.TreeKem" time="0.001"/>
  <testcase name="the tree hash after merging the update path should be 4de0f552c7faf33631ab6faf2d38f0369ea0d9a32d367277dd9f6497556c9f7cb3a67eab2157f770494b21d90f3f1455" classname="com.github.traderjoe95.mls.protocol.tree.TreeKem" time="0.001"/>
  <testcase name="the decrypted path secret should be 5f23add2de256a6591b0380ba7ac5682bcd540775bf6cb3f0ef45328cf9d70ed92b247df26b83ae01c528040d5eccf71" classname="com.github.traderjoe95.mls.protocol.tree.TreeKem" time="0.002"/>
  <testcase name="a new update path generated by the sender should be successfully processed" classname="com.github.traderjoe95.mls.protocol.tree.TreeKem" time="0.002"/>
  <testcase name="the update path should be parent-hash valid" classname="com.github.traderjoe95.mls.protocol.tree.TreeKem" time="0.0"/>
  <testcase name="the tree hash after merging the update path should be 4de0f552c7faf33631ab6faf2d38f0369ea0d9a32d367277dd9f6497556c9f7cb3a67eab2157f770494b21d90f3f1455" classname="com.github.traderjoe95.mls.protocol.tree.TreeKem" time="0.001"/>
  <testcase name="the decrypted path secret should be 5f23add2de256a6591b0380ba7ac5682bcd540775bf6cb3f0ef45328cf9d70ed92b247df26b83ae01c528040d5eccf71" classname="com.github.traderjoe95.mls.protocol.tree.TreeKem" time="0.002"/>
  <testcase name="a new update path generated by the sender should be successfully processed" classname="com.github.traderjoe95.mls.protocol.tree.TreeKem" time="0.002"/>
  <testcase name="the update path should be parent-hash valid" classname="com.github.traderjoe95.mls.protocol.tree.TreeKem" time="0.0"/>
  <testcase name="the tree hash after merging the update path should be 4de0f552c7faf33631ab6faf2d38f0369ea0d9a32d367277dd9f6497556c9f7cb3a67eab2157f770494b21d90f3f1455" classname="com.github.traderjoe95.mls.protocol.tree.TreeKem" time="0.0"/>
  <testcase name="the decrypted path secret should be 5f23add2de256a6591b0380ba7ac5682bcd540775bf6cb3f0ef45328cf9d70ed92b247df26b83ae01c528040d5eccf71" classname="com.github.traderjoe95.mls.protocol.tree.TreeKem" time="0.002"/>
  <testcase name="a new update path generated by the sender should be successfully processed" classname="com.github.traderjoe95.mls.protocol.tree.TreeKem" time="0.002"/>
  <testcase name="the update path should be parent-hash valid" classname="com.github.traderjoe95.mls.protocol.tree.TreeKem" time="0.0"/>
  <testcase name="the tree hash after merging the update path should be 4de0f552c7faf33631ab6faf2d38f0369ea0d9a32d367277dd9f6497556c9f7cb3a67eab2157f770494b21d90f3f1455" classname="com.github.traderjoe95.mls.protocol.tree.TreeKem" time="0.0"/>
  <testcase name="the decrypted path secret should be 5f23add2de256a6591b0380ba7ac5682bcd540775bf6cb3f0ef45328cf9d70ed92b247df26b83ae01c528040d5eccf71" classname="com.github.traderjoe95.mls.protocol.tree.TreeKem" time="0.002"/>
  <testcase name="a new update path generated by the sender should be successfully processed" classname="com.github.traderjoe95.mls.protocol.tree.TreeKem" time="0.002"/>
  <testcase name="the update path should be parent-hash valid" classname="com.github.traderjoe95.mls.protocol.tree.TreeKem" time="0.001"/>
  <testcase name="the tree hash after merging the update path should be 4de0f552c7faf33631ab6faf2d38f0369ea0d9a32d367277dd9f6497556c9f7cb3a67eab2157f770494b21d90f3f1455" classname="com.github.traderjoe95.mls.protocol.tree.TreeKem" time="0.0"/>
  <testcase name="the decrypted path secret should be ac5de797f9f96badcf6e597af94076119494df0d82ec2507794cb745912dc3cc954c2fcbf185b25a8ac9917af331d3f8" classname="com.github.traderjoe95.mls.protocol.tree.TreeKem" time="0.002"/>
  <testcase name="a new update path generated by the sender should be successfully processed" classname="com.github.traderjoe95.mls.protocol.tree.TreeKem" time="0.002"/>
  <testcase name="the update path should be parent-hash valid" classname="com.github.traderjoe95.mls.protocol.tree.TreeKem" time="0.001"/>
  <testcase name="the tree hash after merging the update path should be 4de0f552c7faf33631ab6faf2d38f0369ea0d9a32d367277dd9f6497556c9f7cb3a67eab2157f770494b21d90f3f1455" classname="com.github.traderjoe95.mls.protocol.tree.TreeKem" time="0.0"/>
  <testcase name="the decrypted path secret should be 841a3480b6548063e2928b0f121fac66c905e925d360e156fe29ee8a68d3f999ef0ffaec02e4421f03421742e08a1847" classname="com.github.traderjoe95.mls.protocol.tree.TreeKem" time="0.002"/>
  <testcase name="a new update path generated by the sender should be successfully processed" classname="com.github.traderjoe95.mls.protocol.tree.TreeKem" time="0.002"/>
  <testcase name="the update path should be parent-hash valid" classname="com.github.traderjoe95.mls.protocol.tree.TreeKem" time="0.0"/>
  <testcase name="the tree hash after merging the update path should be 42e0d17f3ca174f1944d51d2453753b9e6534fc45ccd171f0b646d3393db308d3c922fc433a93edc4f446433bc39076c" classname="com.github.traderjoe95.mls.protocol.tree.TreeKem" time="0.0"/>
  <testcase name="the decrypted path secret should be a1e9678d8c7ac2085f787ec612de80811da27e5071f880fbaae4aa02dfcb2a9af1fa430e62c8e3d1fcd39a4bf63bd166" classname="com.github.traderjoe95.mls.protocol.tree.TreeKem" time="0.002"/>
  <testcase name="a new update path generated by the sender should be successfully processed" classname="com.github.traderjoe95.mls.protocol.tree.TreeKem" time="0.002"/>
  <testcase name="the update path should be parent-hash valid" classname="com.github.traderjoe95.mls.protocol.tree.TreeKem" time="0.001"/>
  <testcase name="the tree hash after merging the update path should be 42e0d17f3ca174f1944d51d2453753b9e6534fc45ccd171f0b646d3393db308d3c922fc433a93edc4f446433bc39076c" classname="com.github.traderjoe95.mls.protocol.tree.TreeKem" time="0.0"/>
  <testcase name="the decrypted path secret should be a1e9678d8c7ac2085f787ec612de80811da27e5071f880fbaae4aa02dfcb2a9af1fa430e62c8e3d1fcd39a4bf63bd166" classname="com.github.traderjoe95.mls.protocol.tree.TreeKem" time="0.002"/>
  <testcase name="a new update path generated by the sender should be successfully processed" classname="com.github.traderjoe95.mls.protocol.tree.TreeKem" time="0.002"/>
  <testcase name="the update path should be parent-hash valid" classname="com.github.traderjoe95.mls.protocol.tree.TreeKem" time="0.0"/>
  <testcase name="the tree hash after merging the update path should be 42e0d17f3ca174f1944d51d2453753b9e6534fc45ccd171f0b646d3393db308d3c922fc433a93edc4f446433bc39076c" classname="com.github.traderjoe95.mls.protocol.tree.TreeKem" time="0.0"/>
  <testcase name="the decrypted path secret should be a1e9678d8c7ac2085f787ec612de80811da27e5071f880fbaae4aa02dfcb2a9af1fa430e62c8e3d1fcd39a4bf63bd166" classname="com.github.traderjoe95.mls.protocol.tree.TreeKem" time="0.001"/>
  <testcase name="a new update path generated by the sender should be successfully processed" classname="com.github.traderjoe95.mls.protocol.tree.TreeKem" time="0.002"/>
  <testcase name="the update path should be parent-hash valid" classname="com.github.traderjoe95.mls.protocol.tree.TreeKem" time="0.0"/>
  <testcase name="the tree hash after merging the update path should be 42e0d17f3ca174f1944d51d2453753b9e6534fc45ccd171f0b646d3393db308d3c922fc433a93edc4f446433bc39076c" classname="com.github.traderjoe95.mls.protocol.tree.TreeKem" time="0.0"/>
  <testcase name="the decrypted path secret should be a1e9678d8c7ac2085f787ec612de80811da27e5071f880fbaae4aa02dfcb2a9af1fa430e62c8e3d1fcd39a4bf63bd166" classname="com.github.traderjoe95.mls.protocol.tree.TreeKem" time="0.002"/>
  <testcase name="a new update path generated by the sender should be successfully processed" classname="com.github.traderjoe95.mls.protocol.tree.TreeKem" time="0.002"/>
  <testcase name="the update path should be parent-hash valid" classname="com.github.traderjoe95.mls.protocol.tree.TreeKem" time="0.0"/>
  <testcase name="the tree hash after merging the update path should be 42e0d17f3ca174f1944d51d2453753b9e6534fc45ccd171f0b646d3393db308d3c922fc433a93edc4f446433bc39076c" classname="com.github.traderjoe95.mls.protocol.tree.TreeKem" time="0.0"/>
  <testcase name="the decrypted path secret should be da8af95c3789afeffb7eed4d1929fd08ad1b66e58e99fe0ad3d0bdec4c78a0f6e7f9864c5d8e15656e9d68fd082fbde1" classname="com.github.traderjoe95.mls.protocol.tree.TreeKem" time="0.002"/>
  <testcase name="a new update path generated by the sender should be successfully processed" classname="com.github.traderjoe95.mls.protocol.tree.TreeKem" time="0.002"/>
  <testcase name="the update path should be parent-hash valid" classname="com.github.traderjoe95.mls.protocol.tree.TreeKem" time="0.001"/>
  <testcase name="the tree hash after merging the update path should be 42e0d17f3ca174f1944d51d2453753b9e6534fc45ccd171f0b646d3393db308d3c922fc433a93edc4f446433bc39076c" classname="com.github.traderjoe95.mls.protocol.tree.TreeKem" time="0.0"/>
  <testcase name="the decrypted path secret should be 2d551234edd877228b70b7a84e464f573b167be0b3bac5efe4e15a5cc971e9b3384867f73e9301011bac5b2422b9fcb6" classname="com.github.traderjoe95.mls.protocol.tree.TreeKem" time="0.002"/>
  <testcase name="a new update path generated by the sender should be successfully processed" classname="com.github.traderjoe95.mls.protocol.tree.TreeKem" time="0.003"/>
  <testcase name="the update path should be parent-hash valid" classname="com.github.traderjoe95.mls.protocol.tree.TreeKem" time="0.0"/>
  <testcase name="the tree hash after merging the update path should be db48eb2747f93b2dc6fdb0612d62da3ea37ec4508a756629b5d0115cd425ce903449714f9a529ea943ac4ae2e4db74c8" classname="com.github.traderjoe95.mls.protocol.tree.TreeKem" time="0.0"/>
  <testcase name="the decrypted path secret should be 3f2b755aaa7fc3d41ce7a1c30be10f761c9e04042b1e364fafcdc710895dbbb124546c567d9cd520eb4d72a6d2e9cd3a" classname="com.github.traderjoe95.mls.protocol.tree.TreeKem" time="0.002"/>
  <testcase name="a new update path generated by the sender should be successfully processed" classname="com.github.traderjoe95.mls.protocol.tree.TreeKem" time="0.002"/>
  <testcase name="the update path should be parent-hash valid" classname="com.github.traderjoe95.mls.protocol.tree.TreeKem" time="0.0"/>
  <testcase name="the tree hash after merging the update path should be db48eb2747f93b2dc6fdb0612d62da3ea37ec4508a756629b5d0115cd425ce903449714f9a529ea943ac4ae2e4db74c8" classname="com.github.traderjoe95.mls.protocol.tree.TreeKem" time="0.001"/>
  <testcase name="the decrypted path secret should be 3f2b755aaa7fc3d41ce7a1c30be10f761c9e04042b1e364fafcdc710895dbbb124546c567d9cd520eb4d72a6d2e9cd3a" classname="com.github.traderjoe95.mls.protocol.tree.TreeKem" time="0.002"/>
  <testcase name="a new update path generated by the sender should be successfully processed" classname="com.github.traderjoe95.mls.protocol.tree.TreeKem" time="0.002"/>
  <testcase name="the update path should be parent-hash valid" classname="com.github.traderjoe95.mls.protocol.tree.TreeKem" time="0.001"/>
  <testcase name="the tree hash after merging the update path should be db48eb2747f93b2dc6fdb0612d62da3ea37ec4508a756629b5d0115cd425ce903449714f9a529ea943ac4ae2e4db74c8" classname="com.github.traderjoe95.mls.protocol.tree.TreeKem" time="0.001"/>
  <testcase name="the decrypted path secret should be 3f2b755aaa7fc3d41ce7a1c30be10f761c9e04042b1e364fafcdc710895dbbb124546c567d9cd520eb4d72a6d2e9cd3a" classname="com.github.traderjoe95.mls.protocol.tree.TreeKem" time="0.002"/>
  <testcase name="a new update path generated by the sender should be successfully processed" classname="com.github.traderjoe95.mls.protocol.tree.TreeKem" time="0.002"/>
  <testcase name="the update path should be parent-hash valid" classname="com.github.traderjoe95.mls.protocol.tree.TreeKem" time="0.001"/>
  <testcase name="the tree hash after merging the update path should be db48eb2747f93b2dc6fdb0612d62da3ea37ec4508a756629b5d0115cd425ce903449714f9a529ea943ac4ae2e4db74c8" classname="com.github.traderjoe95.mls.protocol.tree.TreeKem" time="0.0"/>
  <testcase name="the decrypted path secret should be 3f2b755aaa7fc3d41ce7a1c30be10f761c9e04042b1e364fafcdc710895dbbb124546c567d9cd520eb4d72a6d2e9cd3a" classname="com.github.traderjoe95.mls.protocol.tree.TreeKem" time="0.002"/>
  <testcase name="a new update path generated by the sender should be successfully processed" classname="com.github.traderjoe95.mls.protocol.tree.TreeKem" time="0.002"/>
  <testcase name="the update path should be parent-hash valid" classname="com.github.traderjoe95.mls.protocol.tree.TreeKem" time="0.0"/>
  <testcase name="the tree hash after merging the update path should be db48eb2747f93b2dc6fdb0612d62da3ea37ec4508a756629b5d0115cd425ce903449714f9a529ea943ac4ae2e4db74c8" classname="com.github.traderjoe95.mls.protocol.tree.TreeKem" time="0.0"/>
  <testcase name="the decrypted path secret should be 7232af43887602c64baf5882db5469e83d99fde7a121be5d930cf233019402849ab1994e8e56573f898c7ff6ab232e73" classname="com.github.traderjoe95.mls.protocol.tree.TreeKem" time="0.002"/>
  <testcase name="a new update path generated by the sender should be successfully processed" classname="com.github.traderjoe95.mls.protocol.tree.TreeKem" time="0.002"/>
  <testcase name="the update path should be parent-hash valid" classname="com.github.traderjoe95.mls.protocol.tree.TreeKem" time="0.0"/>
  <testcase name="the tree hash after merging the update path should be db48eb2747f93b2dc6fdb0612d62da3ea37ec4508a756629b5d0115cd425ce903449714f9a529ea943ac4ae2e4db74c8" classname="com.github.traderjoe95.mls.protocol.tree.TreeKem" time="0.0"/>
  <testcase name="the decrypted path secret should be 7232af43887602c64baf5882db5469e83d99fde7a121be5d930cf233019402849ab1994e8e56573f898c7ff6ab232e73" classname="com.github.traderjoe95.mls.protocol.tree.TreeKem" time="0.001"/>
  <testcase name="a new update path generated by the sender should be successfully processed" classname="com.github.traderjoe95.mls.protocol.tree.TreeKem" time="0.002"/>
  <testcase name="non-blank leaf 0 should be consistent with the public state" classname="com.github.traderjoe95.mls.protocol.tree.TreeKem" time="0.008"/>
  <testcase name="non-blank leaf 1 should be consistent with the public state" classname="com.github.traderjoe95.mls.protocol.tree.TreeKem" time="0.008"/>
  <testcase name="non-blank leaf 2 should be consistent with the public state" classname="com.github.traderjoe95.mls.protocol.tree.TreeKem" time="0.008"/>
  <testcase name="non-blank leaf 3 should be consistent with the public state" classname="com.github.traderjoe95.mls.protocol.tree.TreeKem" time="0.008"/>
  <testcase name="non-blank leaf 4 should be consistent with the public state" classname="com.github.traderjoe95.mls.protocol.tree.TreeKem" time="0.008"/>
  <testcase name="non-blank leaf 5 should be consistent with the public state" classname="com.github.traderjoe95.mls.protocol.tree.TreeKem" time="0.008"/>
  <testcase name="non-blank leaf 6 should be consistent with the public state" classname="com.github.traderjoe95.mls.protocol.tree.TreeKem" time="0.008"/>
  <testcase name="non-blank leaf 7 should be consistent with the public state" classname="com.github.traderjoe95.mls.protocol.tree.TreeKem" time="0.012"/>
  <testcase name="the update path should be parent-hash valid" classname="com.github.traderjoe95.mls.protocol.tree.TreeKem" time="0.0"/>
  <testcase name="the tree hash after merging the update path should be 19f97c99a7f604c5df5a1084b5df60f8cfd2fc2ba61d97daa0ac09efab462317108f735a848a61e06b73bd1c1799ebd1" classname="com.github.traderjoe95.mls.protocol.tree.TreeKem" time="0.0"/>
  <testcase name="the decrypted path secret should be 8b50f2835b5829a65f7200c19a1369fd236a69c866ec7f8ca907d94fdf545ba403994c58859083dd7ee4c0b31c00cb6b" classname="com.github.traderjoe95.mls.protocol.tree.TreeKem" time="0.002"/>
  <testcase name="a new update path generated by the sender should be successfully processed" classname="com.github.traderjoe95.mls.protocol.tree.TreeKem" time="0.002"/>
  <testcase name="the update path should be parent-hash valid" classname="com.github.traderjoe95.mls.protocol.tree.TreeKem" time="0.0"/>
  <testcase name="the tree hash after merging the update path should be 19f97c99a7f604c5df5a1084b5df60f8cfd2fc2ba61d97daa0ac09efab462317108f735a848a61e06b73bd1c1799ebd1" classname="com.github.traderjoe95.mls.protocol.tree.TreeKem" time="0.001"/>
  <testcase name="the decrypted path secret should be b4a38e763b77f67595c2842f115dac6723303221700371486f9a6e8f4451e0638174e97938af407af9e6025e64d7bebb" classname="com.github.traderjoe95.mls.protocol.tree.TreeKem" time="0.001"/>
  <testcase name="a new update path generated by the sender should be successfully processed" classname="com.github.traderjoe95.mls.protocol.tree.TreeKem" time="0.002"/>
  <testcase name="the update path should be parent-hash valid" classname="com.github.traderjoe95.mls.protocol.tree.TreeKem" time="0.0"/>
  <testcase name="the tree hash after merging the update path should be 19f97c99a7f604c5df5a1084b5df60f8cfd2fc2ba61d97daa0ac09efab462317108f735a848a61e06b73bd1c1799ebd1" classname="com.github.traderjoe95.mls.protocol.tree.TreeKem" time="0.001"/>
  <testcase name="the decrypted path secret should be b4a38e763b77f67595c2842f115dac6723303221700371486f9a6e8f4451e0638174e97938af407af9e6025e64d7bebb" classname="com.github.traderjoe95.mls.protocol.tree.TreeKem" time="0.002"/>
  <testcase name="a new update path generated by the sender should be successfully processed" classname="com.github.traderjoe95.mls.protocol.tree.TreeKem" time="0.002"/>
  <testcase name="the update path should be parent-hash valid" classname="com.github.traderjoe95.mls.protocol.tree.TreeKem" time="0.0"/>
  <testcase name="the tree hash after merging the update path should be 19f97c99a7f604c5df5a1084b5df60f8cfd2fc2ba61d97daa0ac09efab462317108f735a848a61e06b73bd1c1799ebd1" classname="com.github.traderjoe95.mls.protocol.tree.TreeKem" time="0.0"/>
  <testcase name="the decrypted path secret should be b7a465cbe4a75a783341969fec4e5de9789c0511cb997d7e14376eca70d77124382d7b35e8bfa838515f84a482789f13" classname="com.github.traderjoe95.mls.protocol.tree.TreeKem" time="0.001"/>
  <testcase name="a new update path generated by the sender should be successfully processed" classname="com.github.traderjoe95.mls.protocol.tree.TreeKem" time="0.002"/>
  <testcase name="the update path should be parent-hash valid" classname="com.github.traderjoe95.mls.protocol.tree.TreeKem" time="0.001"/>
  <testcase name="the tree hash after merging the update path should be 19f97c99a7f604c5df5a1084b5df60f8cfd2fc2ba61d97daa0ac09efab462317108f735a848a61e06b73bd1c1799ebd1" classname="com.github.traderjoe95.mls.protocol.tree.TreeKem" time="0.0"/>
  <testcase name="the decrypted path secret should be b7a465cbe4a75a783341969fec4e5de9789c0511cb997d7e14376eca70d77124382d7b35e8bfa838515f84a482789f13" classname="com.github.traderjoe95.mls.protocol.tree.TreeKem" time="0.002"/>
  <testcase name="a new update path generated by the sender should be successfully processed" classname="com.github.traderjoe95.mls.protocol.tree.TreeKem" time="0.002"/>
  <testcase name="the update path should be parent-hash valid" classname="com.github.traderjoe95.mls.protocol.tree.TreeKem" time="0.001"/>
  <testcase name="the tree hash after merging the update path should be 19f97c99a7f604c5df5a1084b5df60f8cfd2fc2ba61d97daa0ac09efab462317108f735a848a61e06b73bd1c1799ebd1" classname="com.github.traderjoe95.mls.protocol.tree.TreeKem" time="0.0"/>
  <testcase name="the decrypted path secret should be b7a465cbe4a75a783341969fec4e5de9789c0511cb997d7e14376eca70d77124382d7b35e8bfa838515f84a482789f13" classname="com.github.traderjoe95.mls.protocol.tree.TreeKem" time="0.002"/>
  <testcase name="a new update path generated by the sender should be successfully processed" classname="com.github.traderjoe95.mls.protocol.tree.TreeKem" time="0.002"/>
  <testcase name="the update path should be parent-hash valid" classname="com.github.traderjoe95.mls.protocol.tree.TreeKem" time="0.001"/>
  <testcase name="the tree hash after merging the update path should be 19f97c99a7f604c5df5a1084b5df60f8cfd2fc2ba61d97daa0ac09efab462317108f735a848a61e06b73bd1c1799ebd1" classname="com.github.traderjoe95.mls.protocol.tree.TreeKem" time="0.001"/>
  <testcase name="the decrypted path secret should be b7a465cbe4a75a783341969fec4e5de9789c0511cb997d7e14376eca70d77124382d7b35e8bfa838515f84a482789f13" classname="com.github.traderjoe95.mls.protocol.tree.TreeKem" time="0.002"/>
  <testcase name="a new update path generated by the sender should be successfully processed" classname="com.github.traderjoe95.mls.protocol.tree.TreeKem" time="0.002"/>
  <testcase name="the update path should be parent-hash valid" classname="com.github.traderjoe95.mls.protocol.tree.TreeKem" time="0.0"/>
  <testcase name="the tree hash after merging the update path should be ee052b4d55d0e3f96a674ca15d4b4b8f5324ab44cf36c21a4b215060ff7cf0cc11c049a3fe9955d2775958d387db1917" classname="com.github.traderjoe95.mls.protocol.tree.TreeKem" time="0.0"/>
  <testcase name="the decrypted path secret should be 2a78b14fa764c694cd9ef1e99d31f9b8555c92f9c751e0fcde2a93b1549478c91050145a88dba3277d5c911b03d07c3c" classname="com.github.traderjoe95.mls.protocol.tree.TreeKem" time="0.001"/>
  <testcase name="a new update path generated by the sender should be successfully processed" classname="com.github.traderjoe95.mls.protocol.tree.TreeKem" time="0.002"/>
  <testcase name="the update path should be parent-hash valid" classname="com.github.traderjoe95.mls.protocol.tree.TreeKem" time="0.0"/>
  <testcase name="the tree hash after merging the update path should be ee052b4d55d0e3f96a674ca15d4b4b8f5324ab44cf36c21a4b215060ff7cf0cc11c049a3fe9955d2775958d387db1917" classname="com.github.traderjoe95.mls.protocol.tree.TreeKem" time="0.001"/>
  <testcase name="the decrypted path secret should be 61ed4ec063557a935a61cb6b8b166fdb317133b4f97141fe10536c2d16ff4c4c92b114ef7c273ad07f1fcdf140b20110" classname="com.github.traderjoe95.mls.protocol.tree.TreeKem" time="0.002"/>
  <testcase name="a new update path generated by the sender should be successfully processed" classname="com.github.traderjoe95.mls.protocol.tree.TreeKem" time="0.002"/>
  <testcase name="the update path should be parent-hash valid" classname="com.github.traderjoe95.mls.protocol.tree.TreeKem" time="0.001"/>
  <testcase name="the tree hash after merging the update path should be ee052b4d55d0e3f96a674ca15d4b4b8f5324ab44cf36c21a4b215060ff7cf0cc11c049a3fe9955d2775958d387db1917" classname="com.github.traderjoe95.mls.protocol.tree.TreeKem" time="0.0"/>
  <testcase name="the decrypted path secret should be 61ed4ec063557a935a61cb6b8b166fdb317133b4f97141fe10536c2d16ff4c4c92b114ef7c273ad07f1fcdf140b20110" classname="com.github.traderjoe95.mls.protocol.tree.TreeKem" time="0.002"/>
  <testcase name="a new update path generated by the sender should be successfully processed" classname="com.github.traderjoe95.mls.protocol.tree.TreeKem" time="0.002"/>
  <testcase name="the update path should be parent-hash valid" classname="com.github.traderjoe95.mls.protocol.tree.TreeKem" time="0.0"/>
  <testcase name="the tree hash after merging the update path should be ee052b4d55d0e3f96a674ca15d4b4b8f5324ab44cf36c21a4b215060ff7cf0cc11c049a3fe9955d2775958d387db1917" classname="com.github.traderjoe95.mls.protocol.tree.TreeKem" time="0.0"/>
  <testcase name="the decrypted path secret should be 049a90bc0fa045a24b11c661b5593002bb2766dab7c4c068627a0d7789cfd77362682e280a87c9b9c8dfeaa4e00da828" classname="com.github.traderjoe95.mls.protocol.tree.TreeKem" time="0.001"/>
  <testcase name="a new update path generated by the sender should be successfully processed" classname="com.github.traderjoe95.mls.protocol.tree.TreeKem" time="0.002"/>
  <testcase name="the update path should be parent-hash valid" classname="com.github.traderjoe95.mls.protocol.tree.TreeKem" time="0.0"/>
  <testcase name="the tree hash after merging the update path should be ee052b4d55d0e3f96a674ca15d4b4b8f5324ab44cf36c21a4b215060ff7cf0cc11c049a3fe9955d2775958d387db1917" classname="com.github.traderjoe95.mls.protocol.tree.TreeKem" time="0.001"/>
  <testcase name="the decrypted path secret should be 049a90bc0fa045a24b11c661b5593002bb2766dab7c4c068627a0d7789cfd77362682e280a87c9b9c8dfeaa4e00da828" classname="com.github.traderjoe95.mls.protocol.tree.TreeKem" time="0.002"/>
  <testcase name="a new update path generated by the sender should be successfully processed" classname="com.github.traderjoe95.mls.protocol.tree.TreeKem" time="0.001"/>
  <testcase name="the update path should be parent-hash valid" classname="com.github.traderjoe95.mls.protocol.tree.TreeKem" time="0.001"/>
  <testcase name="the tree hash after merging the update path should be ee052b4d55d0e3f96a674ca15d4b4b8f5324ab44cf36c21a4b215060ff7cf0cc11c049a3fe9955d2775958d387db1917" classname="com.github.traderjoe95.mls.protocol.tree.TreeKem" time="0.0"/>
  <testcase name="the decrypted path secret should be 049a90bc0fa045a24b11c661b5593002bb2766dab7c4c068627a0d7789cfd77362682e280a87c9b9c8dfeaa4e00da828" classname="com.github.traderjoe95.mls.protocol.tree.TreeKem" time="0.002"/>
  <testcase name="a new update path generated by the sender should be successfully processed" classname="com.github.traderjoe95.mls.protocol.tree.TreeKem" time="0.002"/>
  <testcase name="the update path should be parent-hash valid" classname="com.github.traderjoe95.mls.protocol.tree.TreeKem" time="0.001"/>
  <testcase name="the tree hash after merging the update path should be ee052b4d55d0e3f96a674ca15d4b4b8f5324ab44cf36c21a4b215060ff7cf0cc11c049a3fe9955d2775958d387db1917" classname="com.github.traderjoe95.mls.protocol.tree.TreeKem" time="0.0"/>
  <testcase name="the decrypted path secret should be 049a90bc0fa045a24b11c661b5593002bb2766dab7c4c068627a0d7789cfd77362682e280a87c9b9c8dfeaa4e00da828" classname="com.github.traderjoe95.mls.protocol.tree.TreeKem" time="0.002"/>
  <testcase name="a new update path generated by the sender should be successfully processed" classname="com.github.traderjoe95.mls.protocol.tree.TreeKem" time="0.002"/>
  <testcase name="the update path should be parent-hash valid" classname="com.github.traderjoe95.mls.protocol.tree.TreeKem" time="0.0"/>
  <testcase name="the tree hash after merging the update path should be 72e81ac64b8a65613b27d87dd186f08e80ded2c0a3f435c63bd4474cbf2d262cf6ccc8f2feb9c81726ef7235b00ee5e4" classname="com.github.traderjoe95.mls.protocol.tree.TreeKem" time="0.0"/>
  <testcase name="the decrypted path secret should be f06e1beceec256938c453119b0f93897ab72d46b127dd7e12888f6da23d36f3ad0454fe36a19b0391ff2328990e51547" classname="com.github.traderjoe95.mls.protocol.tree.TreeKem" time="0.002"/>
  <testcase name="a new update path generated by the sender should be successfully processed" classname="com.github.traderjoe95.mls.protocol.tree.TreeKem" time="0.002"/>
  <testcase name="the update path should be parent-hash valid" classname="com.github.traderjoe95.mls.protocol.tree.TreeKem" time="0.0"/>
  <testcase name="the tree hash after merging the update path should be 72e81ac64b8a65613b27d87dd186f08e80ded2c0a3f435c63bd4474cbf2d262cf6ccc8f2feb9c81726ef7235b00ee5e4" classname="com.github.traderjoe95.mls.protocol.tree.TreeKem" time="0.001"/>
  <testcase name="the decrypted path secret should be f06e1beceec256938c453119b0f93897ab72d46b127dd7e12888f6da23d36f3ad0454fe36a19b0391ff2328990e51547" classname="com.github.traderjoe95.mls.protocol.tree.TreeKem" time="0.002"/>
  <testcase name="a new update path generated by the sender should be successfully processed" classname="com.github.traderjoe95.mls.protocol.tree.TreeKem" time="0.002"/>
  <testcase name="the update path should be parent-hash valid" classname="com.github.traderjoe95.mls.protocol.tree.TreeKem" time="0.0"/>
  <testcase name="the tree hash after merging the update path should be 72e81ac64b8a65613b27d87dd186f08e80ded2c0a3f435c63bd4474cbf2d262cf6ccc8f2feb9c81726ef7235b00ee5e4" classname="com.github.traderjoe95.mls.protocol.tree.TreeKem" time="0.0"/>
  <testcase name="the decrypted path secret should be 3df1a8ad01723dc341d66b7ada08ad82fc9c3dae36ca7a5f77a374912c0a31675846b636d884c3617219e63883707be5" classname="com.github.traderjoe95.mls.protocol.tree.TreeKem" time="0.001"/>
  <testcase name="a new update path generated by the sender should be successfully processed" classname="com.github.traderjoe95.mls.protocol.tree.TreeKem" time="0.002"/>
  <testcase name="the update path should be parent-hash valid" classname="com.github.traderjoe95.mls.protocol.tree.TreeKem" time="0.0"/>
  <testcase name="the tree hash after merging the update path should be 72e81ac64b8a65613b27d87dd186f08e80ded2c0a3f435c63bd4474cbf2d262cf6ccc8f2feb9c81726ef7235b00ee5e4" classname="com.github.traderjoe95.mls.protocol.tree.TreeKem" time="0.001"/>
  <testcase name="the decrypted path secret should be 0534591b8beb20c39ad59de23f71b6ff68c2e7f6ec0a2a9cb80011013890218d576294f7c81eaf4da04947e845cd191e" classname="com.github.traderjoe95.mls.protocol.tree.TreeKem" time="0.002"/>
  <testcase name="a new update path generated by the sender should be successfully processed" classname="com.github.traderjoe95.mls.protocol.tree.TreeKem" time="0.002"/>
  <testcase name="the update path should be parent-hash valid" classname="com.github.traderjoe95.mls.protocol.tree.TreeKem" time="0.0"/>
  <testcase name="the tree hash after merging the update path should be 72e81ac64b8a65613b27d87dd186f08e80ded2c0a3f435c63bd4474cbf2d262cf6ccc8f2feb9c81726ef7235b00ee5e4" classname="com.github.traderjoe95.mls.protocol.tree.TreeKem" time="0.0"/>
  <testcase name="the decrypted path secret should be 0534591b8beb20c39ad59de23f71b6ff68c2e7f6ec0a2a9cb80011013890218d576294f7c81eaf4da04947e845cd191e" classname="com.github.traderjoe95.mls.protocol.tree.TreeKem" time="0.002"/>
  <testcase name="a new update path generated by the sender should be successfully processed" classname="com.github.traderjoe95.mls.protocol.tree.TreeKem" time="0.004"/>
  <testcase name="the update path should be parent-hash valid" classname="com.github.traderjoe95.mls.protocol.tree.TreeKem" time="0.0"/>
  <testcase name="the tree hash after merging the update path should be 72e81ac64b8a65613b27d87dd186f08e80ded2c0a3f435c63bd4474cbf2d262cf6ccc8f2feb9c81726ef7235b00ee5e4" classname="com.github.traderjoe95.mls.protocol.tree.TreeKem" time="0.001"/>
  <testcase name="the decrypted path secret should be 0534591b8beb20c39ad59de23f71b6ff68c2e7f6ec0a2a9cb80011013890218d576294f7c81eaf4da04947e845cd191e" classname="com.github.traderjoe95.mls.protocol.tree.TreeKem" time="0.002"/>
  <testcase name="a new update path generated by the sender should be successfully processed" classname="com.github.traderjoe95.mls.protocol.tree.TreeKem" time="0.002"/>
  <testcase name="the update path should be parent-hash valid" classname="com.github.traderjoe95.mls.protocol.tree.TreeKem" time="0.0"/>
  <testcase name="the tree hash after merging the update path should be 72e81ac64b8a65613b27d87dd186f08e80ded2c0a3f435c63bd4474cbf2d262cf6ccc8f2feb9c81726ef7235b00ee5e4" classname="com.github.traderjoe95.mls.protocol.tree.TreeKem" time="0.0"/>
  <testcase name="the decrypted path secret should be 0534591b8beb20c39ad59de23f71b6ff68c2e7f6ec0a2a9cb80011013890218d576294f7c81eaf4da04947e845cd191e" classname="com.github.traderjoe95.mls.protocol.tree.TreeKem" time="0.001"/>
  <testcase name="a new update path generated by the sender should be successfully processed" classname="com.github.traderjoe95.mls.protocol.tree.TreeKem" time="0.002"/>
  <testcase name="the update path should be parent-hash valid" classname="com.github.traderjoe95.mls.protocol.tree.TreeKem" time="0.001"/>
  <testcase name="the tree hash after merging the update path should be 8399577f4c10b98965d92e9dcbd2943395ab7f74e77446bfa068d40542b57be86fda11205c8c88f6d89b3a02c02d84d2" classname="com.github.traderjoe95.mls.protocol.tree.TreeKem" time="0.0"/>
  <testcase name="the decrypted path secret should be 6d278a2e8703f750f079983f8133facd3eea282309011ce3e1c3ce7a40e22f2f56b85ea296e361618146e0c1e7677fbc" classname="com.github.traderjoe95.mls.protocol.tree.TreeKem" time="0.002"/>
  <testcase name="a new update path generated by the sender should be successfully processed" classname="com.github.traderjoe95.mls.protocol.tree.TreeKem" time="0.002"/>
  <testcase name="the update path should be parent-hash valid" classname="com.github.traderjoe95.mls.protocol.tree.TreeKem" time="0.0"/>
  <testcase name="the tree hash after merging the update path should be 8399577f4c10b98965d92e9dcbd2943395ab7f74e77446bfa068d40542b57be86fda11205c8c88f6d89b3a02c02d84d2" classname="com.github.traderjoe95.mls.protocol.tree.TreeKem" time="0.0"/>
  <testcase name="the decrypted path secret should be 6d278a2e8703f750f079983f8133facd3eea282309011ce3e1c3ce7a40e22f2f56b85ea296e361618146e0c1e7677fbc" classname="com.github.traderjoe95.mls.protocol.tree.TreeKem" time="0.001"/>
  <testcase name="a new update path generated by the sender should be successfully processed" classname="com.github.traderjoe95.mls.protocol.tree.TreeKem" time="0.002"/>
  <testcase name="the update path should be parent-hash valid" classname="com.github.traderjoe95.mls.protocol.tree.TreeKem" time="0.0"/>
  <testcase name="the tree hash after merging the update path should be 8399577f4c10b98965d92e9dcbd2943395ab7f74e77446bfa068d40542b57be86fda11205c8c88f6d89b3a02c02d84d2" classname="com.github.traderjoe95.mls.protocol.tree.TreeKem" time="0.001"/>
  <testcase name="the decrypted path secret should be 3045a71bcaddcea7a8092237054d9c4bd0f2e757cf5bb6561f03710217bf02cf90eef88c2cd8139a486b29aed8881c48" classname="com.github.traderjoe95.mls.protocol.tree.TreeKem" time="0.002"/>
  <testcase name="a new update path generated by the sender should be successfully processed" classname="com.github.traderjoe95.mls.protocol.tree.TreeKem" time="0.002"/>
  <testcase name="the update path should be parent-hash valid" classname="com.github.traderjoe95.mls.protocol.tree.TreeKem" time="0.0"/>
  <testcase name="the tree hash after merging the update path should be 8399577f4c10b98965d92e9dcbd2943395ab7f74e77446bfa068d40542b57be86fda11205c8c88f6d89b3a02c02d84d2" classname="com.github.traderjoe95.mls.protocol.tree.TreeKem" time="0.001"/>
  <testcase name="the decrypted path secret should be 0a410887a7df252127f53f43cf09883ddb1f51e1e5938b119c2b8afa23b67187c65c0113b0c819062bd21bbb5c69fc19" classname="com.github.traderjoe95.mls.protocol.tree.TreeKem" time="0.002"/>
  <testcase name="a new update path generated by the sender should be successfully processed" classname="com.github.traderjoe95.mls.protocol.tree.TreeKem" time="0.002"/>
  <testcase name="the update path should be parent-hash valid" classname="com.github.traderjoe95.mls.protocol.tree.TreeKem" time="0.0"/>
  <testcase name="the tree hash after merging the update path should be 8399577f4c10b98965d92e9dcbd2943395ab7f74e77446bfa068d40542b57be86fda11205c8c88f6d89b3a02c02d84d2" classname="com.github.traderjoe95.mls.protocol.tree.TreeKem" time="0.0"/>
  <testcase name="the decrypted path secret should be 0a410887a7df252127f53f43cf09883ddb1f51e1e5938b119c2b8afa23b67187c65c0113b0c819062bd21bbb5c69fc19" classname="com.github.traderjoe95.mls.protocol.tree.TreeKem" time="0.002"/>
  <testcase name="a new update path generated by the sender should be successfully processed" classname="com.github.traderjoe95.mls.protocol.tree.TreeKem" time="0.002"/>
  <testcase name="the update path should be parent-hash valid" classname="com.github.traderjoe95.mls.protocol.tree.TreeKem" time="0.0"/>
  <testcase name="the tree hash after merging the update path should be 8399577f4c10b98965d92e9dcbd2943395ab7f74e77446bfa068d40542b57be86fda11205c8c88f6d89b3a02c02d84d2" classname="com.github.traderjoe95.mls.protocol.tree.TreeKem" time="0.001"/>
  <testcase name="the decrypted path secret should be 0a410887a7df252127f53f43cf09883ddb1f51e1e5938b119c2b8afa23b67187c65c0113b0c819062bd21bbb5c69fc19" classname="com.github.traderjoe95.mls.protocol.tree.TreeKem" time="0.002"/>
  <testcase name="a new update path generated by the sender should be successfully processed" classname="com.github.traderjoe95.mls.protocol.tree.TreeKem" time="0.002"/>
  <testcase name="the update path should be parent-hash valid" classname="com.github.traderjoe95.mls.protocol.tree.TreeKem" time="0.001"/>
  <testcase name="the tree hash after merging the update path should be 8399577f4c10b98965d92e9dcbd2943395ab7f74e77446bfa068d40542b57be86fda11205c8c88f6d89b3a02c02d84d2" classname="com.github.traderjoe95.mls.protocol.tree.TreeKem" time="0.001"/>
  <testcase name="the decrypted path secret should be 0a410887a7df252127f53f43cf09883ddb1f51e1e5938b119c2b8afa23b67187c65c0113b0c819062bd21bbb5c69fc19" classname="com.github.traderjoe95.mls.protocol.tree.TreeKem" time="0.002"/>
  <testcase name="a new update path generated by the sender should be successfully processed" classname="com.github.traderjoe95.mls.protocol.tree.TreeKem" time="0.002"/>
  <testcase name="the update path should be parent-hash valid" classname="com.github.traderjoe95.mls.protocol.tree.TreeKem" time="0.0"/>
  <testcase name="the tree hash after merging the update path should be de0c337f74bb560cc6f60a3ff97235dbdb4d99c6d4c713ff0beea4fbd42a127ba090e83a3c0d158edaaee775cb17f7a3" classname="com.github.traderjoe95.mls.protocol.tree.TreeKem" time="0.001"/>
  <testcase name="the decrypted path secret should be 643b3a57b9f3f9b86af148ed17c7aa993913463e8a3033193088610f0dd7cf15f4cbccf1e9fd886bf91fcafe5894c95f" classname="com.github.traderjoe95.mls.protocol.tree.TreeKem" time="0.002"/>
  <testcase name="a new update path generated by the sender should be successfully processed" classname="com.github.traderjoe95.mls.protocol.tree.TreeKem" time="0.003"/>
  <testcase name="the update path should be parent-hash valid" classname="com.github.traderjoe95.mls.protocol.tree.TreeKem" time="0.0"/>
  <testcase name="the tree hash after merging the update path should be de0c337f74bb560cc6f60a3ff97235dbdb4d99c6d4c713ff0beea4fbd42a127ba090e83a3c0d158edaaee775cb17f7a3" classname="com.github.traderjoe95.mls.protocol.tree.TreeKem" time="0.001"/>
  <testcase name="the decrypted path secret should be 643b3a57b9f3f9b86af148ed17c7aa993913463e8a3033193088610f0dd7cf15f4cbccf1e9fd886bf91fcafe5894c95f" classname="com.github.traderjoe95.mls.protocol.tree.TreeKem" time="0.002"/>
  <testcase name="a new update path generated by the sender should be successfully processed" classname="com.github.traderjoe95.mls.protocol.tree.TreeKem" time="0.002"/>
  <testcase name="the update path should be parent-hash valid" classname="com.github.traderjoe95.mls.protocol.tree.TreeKem" time="0.0"/>
  <testcase name="the tree hash after merging the update path should be de0c337f74bb560cc6f60a3ff97235dbdb4d99c6d4c713ff0beea4fbd42a127ba090e83a3c0d158edaaee775cb17f7a3" classname="com.github.traderjoe95.mls.protocol.tree.TreeKem" time="0.0"/>
  <testcase name="the decrypted path secret should be 643b3a57b9f3f9b86af148ed17c7aa993913463e8a3033193088610f0dd7cf15f4cbccf1e9fd886bf91fcafe5894c95f" classname="com.github.traderjoe95.mls.protocol.tree.TreeKem" time="0.001"/>
  <testcase name="a new update path generated by the sender should be successfully processed" classname="com.github.traderjoe95.mls.protocol.tree.TreeKem" time="0.002"/>
  <testcase name="the update path should be parent-hash valid" classname="com.github.traderjoe95.mls.protocol.tree.TreeKem" time="0.0"/>
  <testcase name="the tree hash after merging the update path should be de0c337f74bb560cc6f60a3ff97235dbdb4d99c6d4c713ff0beea4fbd42a127ba090e83a3c0d158edaaee775cb17f7a3" classname="com.github.traderjoe95.mls.protocol.tree.TreeKem" time="0.001"/>
  <testcase name="the decrypted path secret should be 643b3a57b9f3f9b86af148ed17c7aa993913463e8a3033193088610f0dd7cf15f4cbccf1e9fd886bf91fcafe5894c95f" classname="com.github.traderjoe95.mls.protocol.tree.TreeKem" time="0.002"/>
  <testcase name="a new update path generated by the sender should be successfully processed" classname="com.github.traderjoe95.mls.protocol.tree.TreeKem" time="0.002"/>
  <testcase name="the update path should be parent-hash valid" classname="com.github.traderjoe95.mls.protocol.tree.TreeKem" time="0.0"/>
  <testcase name="the tree hash after merging the update path should be de0c337f74bb560cc6f60a3ff97235dbdb4d99c6d4c713ff0beea4fbd42a127ba090e83a3c0d158edaaee775cb17f7a3" classname="com.github.traderjoe95.mls.protocol.tree.TreeKem" time="0.0"/>
  <testcase name="the decrypted path secret should be a65ce32585ce17b57425a000961c394b72341b56eaf172e35b07e0ec034f1d621e8582dab066ff181a04a85acb8ad899" classname="com.github.traderjoe95.mls.protocol.tree.TreeKem" time="0.001"/>
  <testcase name="a new update path generated by the sender should be successfully processed" classname="com.github.traderjoe95.mls.protocol.tree.TreeKem" time="0.002"/>
  <testcase name="the update path should be parent-hash valid" classname="com.github.traderjoe95.mls.protocol.tree.TreeKem" time="0.0"/>
  <testcase name="the tree hash after merging the update path should be de0c337f74bb560cc6f60a3ff97235dbdb4d99c6d4c713ff0beea4fbd42a127ba090e83a3c0d158edaaee775cb17f7a3" classname="com.github.traderjoe95.mls.protocol.tree.TreeKem" time="0.001"/>
  <testcase name="the decrypted path secret should be 666508c96989b6a05f426a5212647766dbe65e1261a8d6844cf8a05aa25e83423abf45b451b2dc540b198dcc389e7d37" classname="com.github.traderjoe95.mls.protocol.tree.TreeKem" time="0.002"/>
  <testcase name="a new update path generated by the sender should be successfully processed" classname="com.github.traderjoe95.mls.protocol.tree.TreeKem" time="0.003"/>
  <testcase name="the update path should be parent-hash valid" classname="com.github.traderjoe95.mls.protocol.tree.TreeKem" time="0.0"/>
  <testcase name="the tree hash after merging the update path should be de0c337f74bb560cc6f60a3ff97235dbdb4d99c6d4c713ff0beea4fbd42a127ba090e83a3c0d158edaaee775cb17f7a3" classname="com.github.traderjoe95.mls.protocol.tree.TreeKem" time="0.001"/>
  <testcase name="the decrypted path secret should be 666508c96989b6a05f426a5212647766dbe65e1261a8d6844cf8a05aa25e83423abf45b451b2dc540b198dcc389e7d37" classname="com.github.traderjoe95.mls.protocol.tree.TreeKem" time="0.002"/>
  <testcase name="a new update path generated by the sender should be successfully processed" classname="com.github.traderjoe95.mls.protocol.tree.TreeKem" time="0.002"/>
  <testcase name="the update path should be parent-hash valid" classname="com.github.traderjoe95.mls.protocol.tree.TreeKem" time="0.0"/>
  <testcase name="the tree hash after merging the update path should be 36e358f079f3bb64bc703302ce6735c6ec38826f1d20944cd85bb7a7805f2d7f148d72bf93e2462083d4953ac720914d" classname="com.github.traderjoe95.mls.protocol.tree.TreeKem" time="0.0"/>
  <testcase name="the decrypted path secret should be 2ced9a4138e5926ab014f68e56ad6e9e38d39bef1b8bdc208e47a4270b300c76fa2578cb1c8165abf5a23a7af1c5288c" classname="com.github.traderjoe95.mls.protocol.tree.TreeKem" time="0.001"/>
  <testcase name="a new update path generated by the sender should be successfully processed" classname="com.github.traderjoe95.mls.protocol.tree.TreeKem" time="0.002"/>
  <testcase name="the update path should be parent-hash valid" classname="com.github.traderjoe95.mls.protocol.tree.TreeKem" time="0.0"/>
  <testcase name="the tree hash after merging the update path should be 36e358f079f3bb64bc703302ce6735c6ec38826f1d20944cd85bb7a7805f2d7f148d72bf93e2462083d4953ac720914d" classname="com.github.traderjoe95.mls.protocol.tree.TreeKem" time="0.001"/>
  <testcase name="the decrypted path secret should be 2ced9a4138e5926ab014f68e56ad6e9e38d39bef1b8bdc208e47a4270b300c76fa2578cb1c8165abf5a23a7af1c5288c" classname="com.github.traderjoe95.mls.protocol.tree.TreeKem" time="0.006"/>
  <testcase name="a new update path generated by the sender should be successfully processed" classname="com.github.traderjoe95.mls.protocol.tree.TreeKem" time="0.002"/>
  <testcase name="the update path should be parent-hash valid" classname="com.github.traderjoe95.mls.protocol.tree.TreeKem" time="0.001"/>
  <testcase name="the tree hash after merging the update path should be 36e358f079f3bb64bc703302ce6735c6ec38826f1d20944cd85bb7a7805f2d7f148d72bf93e2462083d4953ac720914d" classname="com.github.traderjoe95.mls.protocol.tree.TreeKem" time="0.001"/>
  <testcase name="the decrypted path secret should be 2ced9a4138e5926ab014f68e56ad6e9e38d39bef1b8bdc208e47a4270b300c76fa2578cb1c8165abf5a23a7af1c5288c" classname="com.github.traderjoe95.mls.protocol.tree.TreeKem" time="0.002"/>
  <testcase name="a new update path generated by the sender should be successfully processed" classname="com.github.traderjoe95.mls.protocol.tree.TreeKem" time="0.003"/>
  <testcase name="the update path should be parent-hash valid" classname="com.github.traderjoe95.mls.protocol.tree.TreeKem" time="0.0"/>
  <testcase name="the tree hash after merging the update path should be 36e358f079f3bb64bc703302ce6735c6ec38826f1d20944cd85bb7a7805f2d7f148d72bf93e2462083d4953ac720914d" classname="com.github.traderjoe95.mls.protocol.tree.TreeKem" time="0.001"/>
  <testcase name="the decrypted path secret should be 2ced9a4138e5926ab014f68e56ad6e9e38d39bef1b8bdc208e47a4270b300c76fa2578cb1c8165abf5a23a7af1c5288c" classname="com.github.traderjoe95.mls.protocol.tree.TreeKem" time="0.002"/>
  <testcase name="a new update path generated by the sender should be successfully processed" classname="com.github.traderjoe95.mls.protocol.tree.TreeKem" time="0.002"/>
  <testcase name="the update path should be parent-hash valid" classname="com.github.traderjoe95.mls.protocol.tree.TreeKem" time="0.001"/>
  <testcase name="the tree hash after merging the update path should be 36e358f079f3bb64bc703302ce6735c6ec38826f1d20944cd85bb7a7805f2d7f148d72bf93e2462083d4953ac720914d" classname="com.github.traderjoe95.mls.protocol.tree.TreeKem" time="0.001"/>
  <testcase name="the decrypted path secret should be 0d3a3e6a347cb0debcfe48ac923fe5e4842194106af5a3e20c0c2285bd8b3e781b0b69dd019d2d1cbaecb14a56544b0a" classname="com.github.traderjoe95.mls.protocol.tree.TreeKem" time="0.002"/>
  <testcase name="a new update path generated by the sender should be successfully processed" classname="com.github.traderjoe95.mls.protocol.tree.TreeKem" time="0.004"/>
  <testcase name="the update path should be parent-hash valid" classname="com.github.traderjoe95.mls.protocol.tree.TreeKem" time="0.001"/>
  <testcase name="the tree hash after merging the update path should be 36e358f079f3bb64bc703302ce6735c6ec38826f1d20944cd85bb7a7805f2d7f148d72bf93e2462083d4953ac720914d" classname="com.github.traderjoe95.mls.protocol.tree.TreeKem" time="0.001"/>
  <testcase name="the decrypted path secret should be 3ad3dfaca3fe390ae925e2a92a9de48f10ddea297af152466a89e92a8ceaa1ab2dfe343a5979e7f6acebcbb07ea83d2f" classname="com.github.traderjoe95.mls.protocol.tree.TreeKem" time="0.003"/>
  <testcase name="a new update path generated by the sender should be successfully processed" classname="com.github.traderjoe95.mls.protocol.tree.TreeKem" time="0.002"/>
  <testcase name="the update path should be parent-hash valid" classname="com.github.traderjoe95.mls.protocol.tree.TreeKem" time="0.0"/>
  <testcase name="the tree hash after merging the update path should be 36e358f079f3bb64bc703302ce6735c6ec38826f1d20944cd85bb7a7805f2d7f148d72bf93e2462083d4953ac720914d" classname="com.github.traderjoe95.mls.protocol.tree.TreeKem" time="0.0"/>
  <testcase name="the decrypted path secret should be 3ad3dfaca3fe390ae925e2a92a9de48f10ddea297af152466a89e92a8ceaa1ab2dfe343a5979e7f6acebcbb07ea83d2f" classname="com.github.traderjoe95.mls.protocol.tree.TreeKem" time="0.002"/>
  <testcase name="a new update path generated by the sender should be successfully processed" classname="com.github.traderjoe95.mls.protocol.tree.TreeKem" time="0.002"/>
  <testcase name="the update path should be parent-hash valid" classname="com.github.traderjoe95.mls.protocol.tree.TreeKem" time="0.001"/>
  <testcase name="the tree hash after merging the update path should be ee74488a9b594bedb16820d1772180b28529a4549512c31b535014d8a70bc33f432cacd5185dd4e45cf80716a754dc70" classname="com.github.traderjoe95.mls.protocol.tree.TreeKem" time="0.0"/>
  <testcase name="the decrypted path secret should be caaa0371b218614ab177c2b09aae6806f0f89e0e878e755b2cbdca394cd742ea9635ea70abf2c9981d41b1e043466488" classname="com.github.traderjoe95.mls.protocol.tree.TreeKem" time="0.002"/>
  <testcase name="a new update path generated by the sender should be successfully processed" classname="com.github.traderjoe95.mls.protocol.tree.TreeKem" time="0.002"/>
  <testcase name="the update path should be parent-hash valid" classname="com.github.traderjoe95.mls.protocol.tree.TreeKem" time="0.0"/>
  <testcase name="the tree hash after merging the update path should be ee74488a9b594bedb16820d1772180b28529a4549512c31b535014d8a70bc33f432cacd5185dd4e45cf80716a754dc70" classname="com.github.traderjoe95.mls.protocol.tree.TreeKem" time="0.0"/>
  <testcase name="the decrypted path secret should be caaa0371b218614ab177c2b09aae6806f0f89e0e878e755b2cbdca394cd742ea9635ea70abf2c9981d41b1e043466488" classname="com.github.traderjoe95.mls.protocol.tree.TreeKem" time="0.002"/>
  <testcase name="a new update path generated by the sender should be successfully processed" classname="com.github.traderjoe95.mls.protocol.tree.TreeKem" time="0.002"/>
  <testcase name="the update path should be parent-hash valid" classname="com.github.traderjoe95.mls.protocol.tree.TreeKem" time="0.0"/>
  <testcase name="the tree hash after merging the update path should be ee74488a9b594bedb16820d1772180b28529a4549512c31b535014d8a70bc33f432cacd5185dd4e45cf80716a754dc70" classname="com.github.traderjoe95.mls.protocol.tree.TreeKem" time="0.0"/>
  <testcase name="the decrypted path secret should be caaa0371b218614ab177c2b09aae6806f0f89e0e878e755b2cbdca394cd742ea9635ea70abf2c9981d41b1e043466488" classname="com.github.traderjoe95.mls.protocol.tree.TreeKem" time="0.002"/>
  <testcase name="a new update path generated by the sender should be successfully processed" classname="com.github.traderjoe95.mls.protocol.tree.TreeKem" time="0.002"/>
  <testcase name="the update path should be parent-hash valid" classname="com.github.traderjoe95.mls.protocol.tree.TreeKem" time="0.0"/>
  <testcase name="the tree hash after merging the update path should be ee74488a9b594bedb16820d1772180b28529a4549512c31b535014d8a70bc33f432cacd5185dd4e45cf80716a754dc70" classname="com.github.traderjoe95.mls.protocol.tree.TreeKem" time="0.0"/>
  <testcase name="the decrypted path secret should be caaa0371b218614ab177c2b09aae6806f0f89e0e878e755b2cbdca394cd742ea9635ea70abf2c9981d41b1e043466488" classname="com.github.traderjoe95.mls.protocol.tree.TreeKem" time="0.002"/>
  <testcase name="a new update path generated by the sender should be successfully processed" classname="com.github.traderjoe95.mls.protocol.tree.TreeKem" time="0.002"/>
  <testcase name="the update path should be parent-hash valid" classname="com.github.traderjoe95.mls.protocol.tree.TreeKem" time="0.001"/>
  <testcase name="the tree hash after merging the update path should be ee74488a9b594bedb16820d1772180b28529a4549512c31b535014d8a70bc33f432cacd5185dd4e45cf80716a754dc70" classname="com.github.traderjoe95.mls.protocol.tree.TreeKem" time="0.001"/>
  <testcase name="the decrypted path secret should be 829fbc99a59d7b1c3378d5593231a8800b385cd718f53574bb41f8a2e4d5533dc734abf0a20d864cc01d5745ceafe5b6" classname="com.github.traderjoe95.mls.protocol.tree.TreeKem" time="0.002"/>
  <testcase name="a new update path generated by the sender should be successfully processed" classname="com.github.traderjoe95.mls.protocol.tree.TreeKem" time="0.002"/>
  <testcase name="the update path should be parent-hash valid" classname="com.github.traderjoe95.mls.protocol.tree.TreeKem" time="0.0"/>
  <testcase name="the tree hash after merging the update path should be ee74488a9b594bedb16820d1772180b28529a4549512c31b535014d8a70bc33f432cacd5185dd4e45cf80716a754dc70" classname="com.github.traderjoe95.mls.protocol.tree.TreeKem" time="0.0"/>
  <testcase name="the decrypted path secret should be 829fbc99a59d7b1c3378d5593231a8800b385cd718f53574bb41f8a2e4d5533dc734abf0a20d864cc01d5745ceafe5b6" classname="com.github.traderjoe95.mls.protocol.tree.TreeKem" time="0.005"/>
  <testcase name="a new update path generated by the sender should be successfully processed" classname="com.github.traderjoe95.mls.protocol.tree.TreeKem" time="0.003"/>
  <testcase name="the update path should be parent-hash valid" classname="com.github.traderjoe95.mls.protocol.tree.TreeKem" time="0.0"/>
  <testcase name="the tree hash after merging the update path should be ee74488a9b594bedb16820d1772180b28529a4549512c31b535014d8a70bc33f432cacd5185dd4e45cf80716a754dc70" classname="com.github.traderjoe95.mls.protocol.tree.TreeKem" time="0.0"/>
  <testcase name="the decrypted path secret should be 3da738f6cddb9bf5f4abf81c575cfa93c505f94d9bdc81d6ffd5600dc5b8108f517bdf6879c1c920431c309eeb9900a9" classname="com.github.traderjoe95.mls.protocol.tree.TreeKem" time="0.002"/>
  <testcase name="a new update path generated by the sender should be successfully processed" classname="com.github.traderjoe95.mls.protocol.tree.TreeKem" time="0.002"/>
  <testcase name="the update path should be parent-hash valid" classname="com.github.traderjoe95.mls.protocol.tree.TreeKem" time="0.001"/>
  <testcase name="the tree hash after merging the update path should be 0ea663cc45544c8ccb2ad99f8c6bfba5ecd521515b6fadae58a591524cda133253db0b9fa7c91a01380c9202f711c9c5" classname="com.github.traderjoe95.mls.protocol.tree.TreeKem" time="0.0"/>
  <testcase name="the decrypted path secret should be 12671947ee2aad9007615884c8c98c31dc03f82aa51692cb40ee6229f71fa10dd00aff232dbaa63d962bf4c34328f46c" classname="com.github.traderjoe95.mls.protocol.tree.TreeKem" time="0.002"/>
  <testcase name="a new update path generated by the sender should be successfully processed" classname="com.github.traderjoe95.mls.protocol.tree.TreeKem" time="0.002"/>
  <testcase name="the update path should be parent-hash valid" classname="com.github.traderjoe95.mls.protocol.tree.TreeKem" time="0.0"/>
  <testcase name="the tree hash after merging the update path should be 0ea663cc45544c8ccb2ad99f8c6bfba5ecd521515b6fadae58a591524cda133253db0b9fa7c91a01380c9202f711c9c5" classname="com.github.traderjoe95.mls.protocol.tree.TreeKem" time="0.0"/>
  <testcase name="the decrypted path secret should be 12671947ee2aad9007615884c8c98c31dc03f82aa51692cb40ee6229f71fa10dd00aff232dbaa63d962bf4c34328f46c" classname="com.github.traderjoe95.mls.protocol.tree.TreeKem" time="0.002"/>
  <testcase name="a new update path generated by the sender should be successfully processed" classname="com.github.traderjoe95.mls.protocol.tree.TreeKem" time="0.002"/>
  <testcase name="the update path should be parent-hash valid" classname="com.github.traderjoe95.mls.protocol.tree.TreeKem" time="0.0"/>
  <testcase name="the tree hash after merging the update path should be 0ea663cc45544c8ccb2ad99f8c6bfba5ecd521515b6fadae58a591524cda133253db0b9fa7c91a01380c9202f711c9c5" classname="com.github.traderjoe95.mls.protocol.tree.TreeKem" time="0.0"/>
  <testcase name="the decrypted path secret should be 12671947ee2aad9007615884c8c98c31dc03f82aa51692cb40ee6229f71fa10dd00aff232dbaa63d962bf4c34328f46c" classname="com.github.traderjoe95.mls.protocol.tree.TreeKem" time="0.002"/>
  <testcase name="a new update path generated by the sender should be successfully processed" classname="com.github.traderjoe95.mls.protocol.tree.TreeKem" time="0.002"/>
  <testcase name="the update path should be parent-hash valid" classname="com.github.traderjoe95.mls.protocol.tree.TreeKem" time="0.0"/>
  <testcase name="the tree hash after merging the update path should be 0ea663cc45544c8ccb2ad99f8c6bfba5ecd521515b6fadae58a591524cda133253db0b9fa7c91a01380c9202f711c9c5" classname="com.github.traderjoe95.mls.protocol.tree.TreeKem" time="0.001"/>
  <testcase name="the decrypted path secret should be 12671947ee2aad9007615884c8c98c31dc03f82aa51692cb40ee6229f71fa10dd00aff232dbaa63d962bf4c34328f46c" classname="com.github.traderjoe95.mls.protocol.tree.TreeKem" time="0.002"/>
  <testcase name="a new update path generated by the sender should be successfully processed" classname="com.github.traderjoe95.mls.protocol.tree.TreeKem" time="0.002"/>
  <testcase name="the update path should be parent-hash valid" classname="com.github.traderjoe95.mls.protocol.tree.TreeKem" time="0.0"/>
  <testcase name="the tree hash after merging the update path should be 0ea663cc45544c8ccb2ad99f8c6bfba5ecd521515b6fadae58a591524cda133253db0b9fa7c91a01380c9202f711c9c5" classname="com.github.traderjoe95.mls.protocol.tree.TreeKem" time="0.0"/>
  <testcase name="the decrypted path secret should be 30b34e083866c6792b6fc9bcf3fbd7ed7e74da0b2389140c37737c4fdc49ded03f5d02399b5e851d70658f06d7dce52d" classname="com.github.traderjoe95.mls.protocol.tree.TreeKem" time="0.002"/>
  <testcase name="a new update path generated by the sender should be successfully processed" classname="com.github.traderjoe95.mls.protocol.tree.TreeKem" time="0.002"/>
  <testcase name="the update path should be parent-hash valid" classname="com.github.traderjoe95.mls.protocol.tree.TreeKem" time="0.0"/>
  <testcase name="the tree hash after merging the update path should be 0ea663cc45544c8ccb2ad99f8c6bfba5ecd521515b6fadae58a591524cda133253db0b9fa7c91a01380c9202f711c9c5" classname="com.github.traderjoe95.mls.protocol.tree.TreeKem" time="0.0"/>
  <testcase name="the decrypted path secret should be 30b34e083866c6792b6fc9bcf3fbd7ed7e74da0b2389140c37737c4fdc49ded03f5d02399b5e851d70658f06d7dce52d" classname="com.github.traderjoe95.mls.protocol.tree.TreeKem" time="0.002"/>
  <testcase name="a new update path generated by the sender should be successfully processed" classname="com.github.traderjoe95.mls.protocol.tree.TreeKem" time="0.003"/>
  <testcase name="the update path should be parent-hash valid" classname="com.github.traderjoe95.mls.protocol.tree.TreeKem" time="0.0"/>
  <testcase name="the tree hash after merging the update path should be 0ea663cc45544c8ccb2ad99f8c6bfba5ecd521515b6fadae58a591524cda133253db0b9fa7c91a01380c9202f711c9c5" classname="com.github.traderjoe95.mls.protocol.tree.TreeKem" time="0.0"/>
  <testcase name="the decrypted path secret should be f3b801307a4987ed41e328814dbca684a1338b063ca9870fd2907d72a63848a0bfd0bb070910bb321b1ded0cacf90e69" classname="com.github.traderjoe95.mls.protocol.tree.TreeKem" time="0.002"/>
  <testcase name="a new update path generated by the sender should be successfully processed" classname="com.github.traderjoe95.mls.protocol.tree.TreeKem" time="0.002"/>
  <testcase name="non-blank leaf 0 should be consistent with the public state" classname="com.github.traderjoe95.mls.protocol.tree.TreeKem" time="0.008"/>
  <testcase name="non-blank leaf 1 should be consistent with the public state" classname="com.github.traderjoe95.mls.protocol.tree.TreeKem" time="0.008"/>
  <testcase name="non-blank leaf 2 should be consistent with the public state" classname="com.github.traderjoe95.mls.protocol.tree.TreeKem" time="0.006"/>
  <testcase name="non-blank leaf 4 should be consistent with the public state" classname="com.github.traderjoe95.mls.protocol.tree.TreeKem" time="0.012"/>
  <testcase name="non-blank leaf 5 should be consistent with the public state" classname="com.github.traderjoe95.mls.protocol.tree.TreeKem" time="0.008"/>
  <testcase name="non-blank leaf 6 should be consistent with the public state" classname="com.github.traderjoe95.mls.protocol.tree.TreeKem" time="0.008"/>
  <testcase name="non-blank leaf 7 should be consistent with the public state" classname="com.github.traderjoe95.mls.protocol.tree.TreeKem" time="0.008"/>
  <testcase name="the update path should be parent-hash valid" classname="com.github.traderjoe95.mls.protocol.tree.TreeKem" time="0.0"/>
  <testcase name="the tree hash after merging the update path should be 8f1eba9eb4f6fd12028d150b42ab320b3088ec8dc1a3f17faa9a249078c5e276b0cc1a34475218e50da43d100f8dbae8" classname="com.github.traderjoe95.mls.protocol.tree.TreeKem" time="0.0"/>
  <testcase name="the decrypted path secret should be 0eab7f6f22bc5219d6ca8a4b688d818b30d6a0d55a00e9fea10c73feb975b4c5169183433021bf71fa466923fa006488" classname="com.github.traderjoe95.mls.protocol.tree.TreeKem" time="0.001"/>
  <testcase name="a new update path generated by the sender should be successfully processed" classname="com.github.traderjoe95.mls.protocol.tree.TreeKem" time="0.002"/>
  <testcase name="the update path should be parent-hash valid" classname="com.github.traderjoe95.mls.protocol.tree.TreeKem" time="0.001"/>
  <testcase name="the tree hash after merging the update path should be 8f1eba9eb4f6fd12028d150b42ab320b3088ec8dc1a3f17faa9a249078c5e276b0cc1a34475218e50da43d100f8dbae8" classname="com.github.traderjoe95.mls.protocol.tree.TreeKem" time="0.001"/>
  <testcase name="the decrypted path secret should be f9ad124e0e06687492571268cb3327a69019b33b4d1e1a2e64c7c9da2025d034e47842c913db2f7e541f463996019445" classname="com.github.traderjoe95.mls.protocol.tree.TreeKem" time="0.002"/>
  <testcase name="a new update path generated by the sender should be successfully processed" classname="com.github.traderjoe95.mls.protocol.tree.TreeKem" time="0.002"/>
  <testcase name="the update path should be parent-hash valid" classname="com.github.traderjoe95.mls.protocol.tree.TreeKem" time="0.0"/>
  <testcase name="the tree hash after merging the update path should be 8f1eba9eb4f6fd12028d150b42ab320b3088ec8dc1a3f17faa9a249078c5e276b0cc1a34475218e50da43d100f8dbae8" classname="com.github.traderjoe95.mls.protocol.tree.TreeKem" time="0.001"/>
  <testcase name="the decrypted path secret should be dbc76e039c594437ebe6a1166bf075e9e14d0397dd1ca84233ec3930bb2a8f22e410dce430dfea668eea6d968bf6e280" classname="com.github.traderjoe95.mls.protocol.tree.TreeKem" time="0.002"/>
  <testcase name="a new update path generated by the sender should be successfully processed" classname="com.github.traderjoe95.mls.protocol.tree.TreeKem" time="0.002"/>
  <testcase name="the update path should be parent-hash valid" classname="com.github.traderjoe95.mls.protocol.tree.TreeKem" time="0.0"/>
  <testcase name="the tree hash after merging the update path should be 8f1eba9eb4f6fd12028d150b42ab320b3088ec8dc1a3f17faa9a249078c5e276b0cc1a34475218e50da43d100f8dbae8" classname="com.github.traderjoe95.mls.protocol.tree.TreeKem" time="0.001"/>
  <testcase name="the decrypted path secret should be dbc76e039c594437ebe6a1166bf075e9e14d0397dd1ca84233ec3930bb2a8f22e410dce430dfea668eea6d968bf6e280" classname="com.github.traderjoe95.mls.protocol.tree.TreeKem" time="0.002"/>
  <testcase name="a new update path generated by the sender should be successfully processed" classname="com.github.traderjoe95.mls.protocol.tree.TreeKem" time="0.002"/>
  <testcase name="the update path should be parent-hash valid" classname="com.github.traderjoe95.mls.protocol.tree.TreeKem" time="0.001"/>
  <testcase name="the tree hash after merging the update path should be 8f1eba9eb4f6fd12028d150b42ab320b3088ec8dc1a3f17faa9a249078c5e276b0cc1a34475218e50da43d100f8dbae8" classname="com.github.traderjoe95.mls.protocol.tree.TreeKem" time="0.001"/>
  <testcase name="the decrypted path secret should be dbc76e039c594437ebe6a1166bf075e9e14d0397dd1ca84233ec3930bb2a8f22e410dce430dfea668eea6d968bf6e280" classname="com.github.traderjoe95.mls.protocol.tree.TreeKem" time="0.002"/>
  <testcase name="a new update path generated by the sender should be successfully processed" classname="com.github.traderjoe95.mls.protocol.tree.TreeKem" time="0.002"/>
  <testcase name="the update path should be parent-hash valid" classname="com.github.traderjoe95.mls.protocol.tree.TreeKem" time="0.0"/>
  <testcase name="the tree hash after merging the update path should be 8f1eba9eb4f6fd12028d150b42ab320b3088ec8dc1a3f17faa9a249078c5e276b0cc1a34475218e50da43d100f8dbae8" classname="com.github.traderjoe95.mls.protocol.tree.TreeKem" time="0.0"/>
  <testcase name="the decrypted path secret should be dbc76e039c594437ebe6a1166bf075e9e14d0397dd1ca84233ec3930bb2a8f22e410dce430dfea668eea6d968bf6e280" classname="com.github.traderjoe95.mls.protocol.tree.TreeKem" time="0.002"/>
  <testcase name="a new update path generated by the sender should be successfully processed" classname="com.github.traderjoe95.mls.protocol.tree.TreeKem" time="0.002"/>
  <testcase name="the update path should be parent-hash valid" classname="com.github.traderjoe95.mls.protocol.tree.TreeKem" time="0.0"/>
  <testcase name="the tree hash after merging the update path should be 44f85103c79b52d3eb9e270ddfeb52dbde02479a6cfec0180189da14747e082e2f2b328d9830e088271a92ac996d03b4" classname="com.github.traderjoe95.mls.protocol.tree.TreeKem" time="0.0"/>
  <testcase name="the decrypted path secret should be 85013995bce09ac0f49eac6cf8c21df87ffd56157e09478584dd719dedd33a56e432cc1ca874b515f8daffcb00943bab" classname="com.github.traderjoe95.mls.protocol.tree.TreeKem" time="0.002"/>
  <testcase name="a new update path generated by the sender should be successfully processed" classname="com.github.traderjoe95.mls.protocol.tree.TreeKem" time="0.002"/>
  <testcase name="the update path should be parent-hash valid" classname="com.github.traderjoe95.mls.protocol.tree.TreeKem" time="0.0"/>
  <testcase name="the tree hash after merging the update path should be 44f85103c79b52d3eb9e270ddfeb52dbde02479a6cfec0180189da14747e082e2f2b328d9830e088271a92ac996d03b4" classname="com.github.traderjoe95.mls.protocol.tree.TreeKem" time="0.001"/>
  <testcase name="the decrypted path secret should be a7d0bb10d7bea0826478f30a0bcfc3f39893028df3d6daee92fd69777a8abfa813770ca1e532127ccd3b7fdb3758ec4f" classname="com.github.traderjoe95.mls.protocol.tree.TreeKem" time="0.002"/>
  <testcase name="a new update path generated by the sender should be successfully processed" classname="com.github.traderjoe95.mls.protocol.tree.TreeKem" time="0.002"/>
  <testcase name="the update path should be parent-hash valid" classname="com.github.traderjoe95.mls.protocol.tree.TreeKem" time="0.0"/>
  <testcase name="the tree hash after merging the update path should be 44f85103c79b52d3eb9e270ddfeb52dbde02479a6cfec0180189da14747e082e2f2b328d9830e088271a92ac996d03b4" classname="com.github.traderjoe95.mls.protocol.tree.TreeKem" time="0.0"/>
  <testcase name="the decrypted path secret should be 3b8d639b98d09a0e096bcae3ae93877687775b3e1202541be9df2bf88201016b3081f4748a3e792dc95d1ccacbebc26d" classname="com.github.traderjoe95.mls.protocol.tree.TreeKem" time="0.002"/>
  <testcase name="a new update path generated by the sender should be successfully processed" classname="com.github.traderjoe95.mls.protocol.tree.TreeKem" time="0.002"/>
  <testcase name="the update path should be parent-hash valid" classname="com.github.traderjoe95.mls.protocol.tree.TreeKem" time="0.0"/>
  <testcase name="the tree hash after merging the update path should be 44f85103c79b52d3eb9e270ddfeb52dbde02479a6cfec0180189da14747e082e2f2b328d9830e088271a92ac996d03b4" classname="com.github.traderjoe95.mls.protocol.tree.TreeKem" time="0.001"/>
  <testcase name="the decrypted path secret should be 3b8d639b98d09a0e096bcae3ae93877687775b3e1202541be9df2bf88201016b3081f4748a3e792dc95d1ccacbebc26d" classname="com.github.traderjoe95.mls.protocol.tree.TreeKem" time="0.002"/>
  <testcase name="a new update path generated by the sender should be successfully processed" classname="com.github.traderjoe95.mls.protocol.tree.TreeKem" time="0.002"/>
  <testcase name="the update path should be parent-hash valid" classname="com.github.traderjoe95.mls.protocol.tree.TreeKem" time="0.001"/>
  <testcase name="the tree hash after merging the update path should be 44f85103c79b52d3eb9e270ddfeb52dbde02479a6cfec0180189da14747e082e2f2b328d9830e088271a92ac996d03b4" classname="com.github.traderjoe95.mls.protocol.tree.TreeKem" time="0.0"/>
  <testcase name="the decrypted path secret should be 3b8d639b98d09a0e096bcae3ae93877687775b3e1202541be9df2bf88201016b3081f4748a3e792dc95d1ccacbebc26d" classname="com.github.traderjoe95.mls.protocol.tree.TreeKem" time="0.002"/>
  <testcase name="a new update path generated by the sender should be successfully processed" classname="com.github.traderjoe95.mls.protocol.tree.TreeKem" time="0.002"/>
  <testcase name="the update path should be parent-hash valid" classname="com.github.traderjoe95.mls.protocol.tree.TreeKem" time="0.0"/>
  <testcase name="the tree hash after merging the update path should be 44f85103c79b52d3eb9e270ddfeb52dbde02479a6cfec0180189da14747e082e2f2b328d9830e088271a92ac996d03b4" classname="com.github.traderjoe95.mls.protocol.tree.TreeKem" time="0.0"/>
  <testcase name="the decrypted path secret should be 3b8d639b98d09a0e096bcae3ae93877687775b3e1202541be9df2bf88201016b3081f4748a3e792dc95d1ccacbebc26d" classname="com.github.traderjoe95.mls.protocol.tree.TreeKem" time="0.001"/>
  <testcase name="a new update path generated by the sender should be successfully processed" classname="com.github.traderjoe95.mls.protocol.tree.TreeKem" time="0.002"/>
  <testcase name="the update path should be parent-hash valid" classname="com.github.traderjoe95.mls.protocol.tree.TreeKem" time="0.001"/>
  <testcase name="the tree hash after merging the update path should be fec4652050f8195e0538c3dfc6d97b01ed95b3f64b0ced50ebabd3e90bfebe2d9c8fce7ca3b3233e5637a9c8497034ca" classname="com.github.traderjoe95.mls.protocol.tree.TreeKem" time="0.0"/>
  <testcase name="the decrypted path secret should be 4021d4870fd1655a66d7bdbf0a9e4bcc4248105cfac8ac797de67c281217611599641124d39d32ad7b2c9eaeff76e647" classname="com.github.traderjoe95.mls.protocol.tree.TreeKem" time="0.002"/>
  <testcase name="a new update path generated by the sender should be successfully processed" classname="com.github.traderjoe95.mls.protocol.tree.TreeKem" time="0.002"/>
  <testcase name="the update path should be parent-hash valid" classname="com.github.traderjoe95.mls.protocol.tree.TreeKem" time="0.0"/>
  <testcase name="the tree hash after merging the update path should be fec4652050f8195e0538c3dfc6d97b01ed95b3f64b0ced50ebabd3e90bfebe2d9c8fce7ca3b3233e5637a9c8497034ca" classname="com.github.traderjoe95.mls.protocol.tree.TreeKem" time="0.0"/>
  <testcase name="the decrypted path secret should be 4021d4870fd1655a66d7bdbf0a9e4bcc4248105cfac8ac797de67c281217611599641124d39d32ad7b2c9eaeff76e647" classname="com.github.traderjoe95.mls.protocol.tree.TreeKem" time="0.001"/>
  <testcase name="a new update path generated by the sender should be successfully processed" classname="com.github.traderjoe95.mls.protocol.tree.TreeKem" time="0.002"/>
  <testcase name="the update path should be parent-hash valid" classname="com.github.traderjoe95.mls.protocol.tree.TreeKem" time="0.0"/>
  <testcase name="the tree hash after merging the update path should be fec4652050f8195e0538c3dfc6d97b01ed95b3f64b0ced50ebabd3e90bfebe2d9c8fce7ca3b3233e5637a9c8497034ca" classname="com.github.traderjoe95.mls.protocol.tree.TreeKem" time="0.0"/>
  <testcase name="the decrypted path secret should be d43e7501596042f727d92081efa43df00fa67ce91c1999adeb9f4f708a845ab3cd051e39d1f93c6351695df117a45b78" classname="com.github.traderjoe95.mls.protocol.tree.TreeKem" time="0.002"/>
  <testcase name="a new update path generated by the sender should be successfully processed" classname="com.github.traderjoe95.mls.protocol.tree.TreeKem" time="0.001"/>
  <testcase name="the update path should be parent-hash valid" classname="com.github.traderjoe95.mls.protocol.tree.TreeKem" time="0.001"/>
  <testcase name="the tree hash after merging the update path should be fec4652050f8195e0538c3dfc6d97b01ed95b3f64b0ced50ebabd3e90bfebe2d9c8fce7ca3b3233e5637a9c8497034ca" classname="com.github.traderjoe95.mls.protocol.tree.TreeKem" time="0.0"/>
  <testcase name="the decrypted path secret should be d43e7501596042f727d92081efa43df00fa67ce91c1999adeb9f4f708a845ab3cd051e39d1f93c6351695df117a45b78" classname="com.github.traderjoe95.mls.protocol.tree.TreeKem" time="0.001"/>
  <testcase name="a new update path generated by the sender should be successfully processed" classname="com.github.traderjoe95.mls.protocol.tree.TreeKem" time="0.002"/>
  <testcase name="the update path should be parent-hash valid" classname="com.github.traderjoe95.mls.protocol.tree.TreeKem" time="0.0"/>
  <testcase name="the tree hash after merging the update path should be fec4652050f8195e0538c3dfc6d97b01ed95b3f64b0ced50ebabd3e90bfebe2d9c8fce7ca3b3233e5637a9c8497034ca" classname="com.github.traderjoe95.mls.protocol.tree.TreeKem" time="0.0"/>
  <testcase name="the decrypted path secret should be d43e7501596042f727d92081efa43df00fa67ce91c1999adeb9f4f708a845ab3cd051e39d1f93c6351695df117a45b78" classname="com.github.traderjoe95.mls.protocol.tree.TreeKem" time="0.002"/>
  <testcase name="a new update path generated by the sender should be successfully processed" classname="com.github.traderjoe95.mls.protocol.tree.TreeKem" time="0.002"/>
  <testcase name="the update path should be parent-hash valid" classname="com.github.traderjoe95.mls.protocol.tree.TreeKem" time="0.0"/>
  <testcase name="the tree hash after merging the update path should be fec4652050f8195e0538c3dfc6d97b01ed95b3f64b0ced50ebabd3e90bfebe2d9c8fce7ca3b3233e5637a9c8497034ca" classname="com.github.traderjoe95.mls.protocol.tree.TreeKem" time="0.0"/>
  <testcase name="the decrypted path secret should be d43e7501596042f727d92081efa43df00fa67ce91c1999adeb9f4f708a845ab3cd051e39d1f93c6351695df117a45b78" classname="com.github.traderjoe95.mls.protocol.tree.TreeKem" time="0.001"/>
  <testcase name="a new update path generated by the sender should be successfully processed" classname="com.github.traderjoe95.mls.protocol.tree.TreeKem" time="0.002"/>
  <testcase name="the update path should be parent-hash valid" classname="com.github.traderjoe95.mls.protocol.tree.TreeKem" time="0.0"/>
  <testcase name="the tree hash after merging the update path should be b71d1e4146694cd7a1ea68aa2c429e627e6b16b3e0d9fd9a239e4e1cca8bda89b857febb881bf3e09892e33d2ae74581" classname="com.github.traderjoe95.mls.protocol.tree.TreeKem" time="0.0"/>
  <testcase name="the decrypted path secret should be 6e2546327db48b848a5ea1a8f75591fbacd8fbeff9f67523e9c2f12b952e996a8ce70e5cd92cbe548062325313c4c587" classname="com.github.traderjoe95.mls.protocol.tree.TreeKem" time="0.001"/>
  <testcase name="a new update path generated by the sender should be successfully processed" classname="com.github.traderjoe95.mls.protocol.tree.TreeKem" time="0.002"/>
  <testcase name="the update path should be parent-hash valid" classname="com.github.traderjoe95.mls.protocol.tree.TreeKem" time="0.0"/>
  <testcase name="the tree hash after merging the update path should be b71d1e4146694cd7a1ea68aa2c429e627e6b16b3e0d9fd9a239e4e1cca8bda89b857febb881bf3e09892e33d2ae74581" classname="com.github.traderjoe95.mls.protocol.tree.TreeKem" time="0.001"/>
  <testcase name="the decrypted path secret should be 6e2546327db48b848a5ea1a8f75591fbacd8fbeff9f67523e9c2f12b952e996a8ce70e5cd92cbe548062325313c4c587" classname="com.github.traderjoe95.mls.protocol.tree.TreeKem" time="0.002"/>
  <testcase name="a new update path generated by the sender should be successfully processed" classname="com.github.traderjoe95.mls.protocol.tree.TreeKem" time="0.002"/>
  <testcase name="the update path should be parent-hash valid" classname="com.github.traderjoe95.mls.protocol.tree.TreeKem" time="0.0"/>
  <testcase name="the tree hash after merging the update path should be b71d1e4146694cd7a1ea68aa2c429e627e6b16b3e0d9fd9a239e4e1cca8bda89b857febb881bf3e09892e33d2ae74581" classname="com.github.traderjoe95.mls.protocol.tree.TreeKem" time="0.0"/>
  <testcase name="the decrypted path secret should be 6e2546327db48b848a5ea1a8f75591fbacd8fbeff9f67523e9c2f12b952e996a8ce70e5cd92cbe548062325313c4c587" classname="com.github.traderjoe95.mls.protocol.tree.TreeKem" time="0.001"/>
  <testcase name="a new update path generated by the sender should be successfully processed" classname="com.github.traderjoe95.mls.protocol.tree.TreeKem" time="0.002"/>
  <testcase name="the update path should be parent-hash valid" classname="com.github.traderjoe95.mls.protocol.tree.TreeKem" time="0.0"/>
  <testcase name="the tree hash after merging the update path should be b71d1e4146694cd7a1ea68aa2c429e627e6b16b3e0d9fd9a239e4e1cca8bda89b857febb881bf3e09892e33d2ae74581" classname="com.github.traderjoe95.mls.protocol.tree.TreeKem" time="0.0"/>
  <testcase name="the decrypted path secret should be 4d1d223954654500c7d168a3ad19fd6b6639e2fbdadcffb8dd3d0788993749507403cfb7e758712ddef90ae90970419c" classname="com.github.traderjoe95.mls.protocol.tree.TreeKem" time="0.001"/>
  <testcase name="a new update path generated by the sender should be successfully processed" classname="com.github.traderjoe95.mls.protocol.tree.TreeKem" time="0.002"/>
  <testcase name="the update path should be parent-hash valid" classname="com.github.traderjoe95.mls.protocol.tree.TreeKem" time="0.0"/>
  <testcase name="the tree hash after merging the update path should be b71d1e4146694cd7a1ea68aa2c429e627e6b16b3e0d9fd9a239e4e1cca8bda89b857febb881bf3e09892e33d2ae74581" classname="com.github.traderjoe95.mls.protocol.tree.TreeKem" time="0.0"/>
  <testcase name="the decrypted path secret should be 765ff851b422ec0218cd53bf7dc901fd62ffed9a283c56d1f19d25237c4872c2972ecfe8fd57de0b65d394391851afef" classname="com.github.traderjoe95.mls.protocol.tree.TreeKem" time="0.001"/>
  <testcase name="a new update path generated by the sender should be successfully processed" classname="com.github.traderjoe95.mls.protocol.tree.TreeKem" time="0.002"/>
  <testcase name="the update path should be parent-hash valid" classname="com.github.traderjoe95.mls.protocol.tree.TreeKem" time="0.0"/>
  <testcase name="the tree hash after merging the update path should be b71d1e4146694cd7a1ea68aa2c429e627e6b16b3e0d9fd9a239e4e1cca8bda89b857febb881bf3e09892e33d2ae74581" classname="com.github.traderjoe95.mls.protocol.tree.TreeKem" time="0.0"/>
  <testcase name="the decrypted path secret should be 765ff851b422ec0218cd53bf7dc901fd62ffed9a283c56d1f19d25237c4872c2972ecfe8fd57de0b65d394391851afef" classname="com.github.traderjoe95.mls.protocol.tree.TreeKem" time="0.001"/>
  <testcase name="a new update path generated by the sender should be successfully processed" classname="com.github.traderjoe95.mls.protocol.tree.TreeKem" time="0.002"/>
  <testcase name="the update path should be parent-hash valid" classname="com.github.traderjoe95.mls.protocol.tree.TreeKem" time="0.0"/>
  <testcase name="the tree hash after merging the update path should be c562ce13ffd74a8cf9c9e71542a419d94d8487f377c8be4f2563cdcd9d174fcd0e75a096e7d7ebe9843e5f570388b3b7" classname="com.github.traderjoe95.mls.protocol.tree.TreeKem" time="0.0"/>
  <testcase name="the decrypted path secret should be 60496c21d8a0d084407e1d8cb63d617613a1b8b30fa067678318cfaade9ab0cc11b0e2a1e778415c609b3c2ab3a815c6" classname="com.github.traderjoe95.mls.protocol.tree.TreeKem" time="0.001"/>
  <testcase name="a new update path generated by the sender should be successfully processed" classname="com.github.traderjoe95.mls.protocol.tree.TreeKem" time="0.002"/>
  <testcase name="the update path should be parent-hash valid" classname="com.github.traderjoe95.mls.protocol.tree.TreeKem" time="0.0"/>
  <testcase name="the tree hash after merging the update path should be c562ce13ffd74a8cf9c9e71542a419d94d8487f377c8be4f2563cdcd9d174fcd0e75a096e7d7ebe9843e5f570388b3b7" classname="com.github.traderjoe95.mls.protocol.tree.TreeKem" time="0.0"/>
  <testcase name="the decrypted path secret should be 60496c21d8a0d084407e1d8cb63d617613a1b8b30fa067678318cfaade9ab0cc11b0e2a1e778415c609b3c2ab3a815c6" classname="com.github.traderjoe95.mls.protocol.tree.TreeKem" time="0.002"/>
  <testcase name="a new update path generated by the sender should be successfully processed" classname="com.github.traderjoe95.mls.protocol.tree.TreeKem" time="0.001"/>
  <testcase name="the update path should be parent-hash valid" classname="com.github.traderjoe95.mls.protocol.tree.TreeKem" time="0.001"/>
  <testcase name="the tree hash after merging the update path should be c562ce13ffd74a8cf9c9e71542a419d94d8487f377c8be4f2563cdcd9d174fcd0e75a096e7d7ebe9843e5f570388b3b7" classname="com.github.traderjoe95.mls.protocol.tree.TreeKem" time="0.0"/>
  <testcase name="the decrypted path secret should be 60496c21d8a0d084407e1d8cb63d617613a1b8b30fa067678318cfaade9ab0cc11b0e2a1e778415c609b3c2ab3a815c6" classname="com.github.traderjoe95.mls.protocol.tree.TreeKem" time="0.002"/>
  <testcase name="a new update path generated by the sender should be successfully processed" classname="com.github.traderjoe95.mls.protocol.tree.TreeKem" time="0.002"/>
  <testcase name="the update path should be parent-hash valid" classname="com.github.traderjoe95.mls.protocol.tree.TreeKem" time="0.0"/>
  <testcase name="the tree hash after merging the update path should be c562ce13ffd74a8cf9c9e71542a419d94d8487f377c8be4f2563cdcd9d174fcd0e75a096e7d7ebe9843e5f570388b3b7" classname="com.github.traderjoe95.mls.protocol.tree.TreeKem" time="0.0"/>
  <testcase name="the decrypted path secret should be d489842232918a2152e0b3f0853a9b4ff2e06ce9de9af3e4a6a8bcae1f3c568bd22fc7d166541032f05aaa2b56e761a2" classname="com.github.traderjoe95.mls.protocol.tree.TreeKem" time="0.002"/>
  <testcase name="a new update path generated by the sender should be successfully processed" classname="com.github.traderjoe95.mls.protocol.tree.TreeKem" time="0.002"/>
  <testcase name="the update path should be parent-hash valid" classname="com.github.traderjoe95.mls.protocol.tree.TreeKem" time="0.0"/>
  <testcase name="the tree hash after merging the update path should be c562ce13ffd74a8cf9c9e71542a419d94d8487f377c8be4f2563cdcd9d174fcd0e75a096e7d7ebe9843e5f570388b3b7" classname="com.github.traderjoe95.mls.protocol.tree.TreeKem" time="0.001"/>
  <testcase name="the decrypted path secret should be 46162330b712f8bd7be0a9e4fb8c60ed14ab3ab9856325cd9ad6a8ab2f8e0111d8fef6645853b055881cd0be7513d689" classname="com.github.traderjoe95.mls.protocol.tree.TreeKem" time="0.002"/>
  <testcase name="a new update path generated by the sender should be successfully processed" classname="com.github.traderjoe95.mls.protocol.tree.TreeKem" time="0.003"/>
  <testcase name="the update path should be parent-hash valid" classname="com.github.traderjoe95.mls.protocol.tree.TreeKem" time="0.0"/>
  <testcase name="the tree hash after merging the update path should be c562ce13ffd74a8cf9c9e71542a419d94d8487f377c8be4f2563cdcd9d174fcd0e75a096e7d7ebe9843e5f570388b3b7" classname="com.github.traderjoe95.mls.protocol.tree.TreeKem" time="0.001"/>
  <testcase name="the decrypted path secret should be 46162330b712f8bd7be0a9e4fb8c60ed14ab3ab9856325cd9ad6a8ab2f8e0111d8fef6645853b055881cd0be7513d689" classname="com.github.traderjoe95.mls.protocol.tree.TreeKem" time="0.002"/>
  <testcase name="a new update path generated by the sender should be successfully processed" classname="com.github.traderjoe95.mls.protocol.tree.TreeKem" time="0.002"/>
  <testcase name="the update path should be parent-hash valid" classname="com.github.traderjoe95.mls.protocol.tree.TreeKem" time="0.001"/>
  <testcase name="the tree hash after merging the update path should be c896e417cdf10430d0528be0e5f0b19f4d9892126da62fa5584f43cdf27c7eae50f1ec1956cfbbbf68b5dade10e49a98" classname="com.github.traderjoe95.mls.protocol.tree.TreeKem" time="0.0"/>
  <testcase name="the decrypted path secret should be fabc6f1780f028a52aa819568e60b52d7e7a604f883c5d07dfeea4cdb1e3ab7a23da54e0a836ab06e6de5304dd5bec8f" classname="com.github.traderjoe95.mls.protocol.tree.TreeKem" time="0.002"/>
  <testcase name="a new update path generated by the sender should be successfully processed" classname="com.github.traderjoe95.mls.protocol.tree.TreeKem" time="0.002"/>
  <testcase name="the update path should be parent-hash valid" classname="com.github.traderjoe95.mls.protocol.tree.TreeKem" time="0.0"/>
  <testcase name="the tree hash after merging the update path should be c896e417cdf10430d0528be0e5f0b19f4d9892126da62fa5584f43cdf27c7eae50f1ec1956cfbbbf68b5dade10e49a98" classname="com.github.traderjoe95.mls.protocol.tree.TreeKem" time="0.0"/>
  <testcase name="the decrypted path secret should be fabc6f1780f028a52aa819568e60b52d7e7a604f883c5d07dfeea4cdb1e3ab7a23da54e0a836ab06e6de5304dd5bec8f" classname="com.github.traderjoe95.mls.protocol.tree.TreeKem" time="0.002"/>
  <testcase name="a new update path generated by the sender should be successfully processed" classname="com.github.traderjoe95.mls.protocol.tree.TreeKem" time="0.002"/>
  <testcase name="the update path should be parent-hash valid" classname="com.github.traderjoe95.mls.protocol.tree.TreeKem" time="0.0"/>
  <testcase name="the tree hash after merging the update path should be c896e417cdf10430d0528be0e5f0b19f4d9892126da62fa5584f43cdf27c7eae50f1ec1956cfbbbf68b5dade10e49a98" classname="com.github.traderjoe95.mls.protocol.tree.TreeKem" time="0.0"/>
  <testcase name="the decrypted path secret should be fabc6f1780f028a52aa819568e60b52d7e7a604f883c5d07dfeea4cdb1e3ab7a23da54e0a836ab06e6de5304dd5bec8f" classname="com.github.traderjoe95.mls.protocol.tree.TreeKem" time="0.002"/>
  <testcase name="a new update path generated by the sender should be successfully processed" classname="com.github.traderjoe95.mls.protocol.tree.TreeKem" time="0.002"/>
  <testcase name="the update path should be parent-hash valid" classname="com.github.traderjoe95.mls.protocol.tree.TreeKem" time="0.0"/>
  <testcase name="the tree hash after merging the update path should be c896e417cdf10430d0528be0e5f0b19f4d9892126da62fa5584f43cdf27c7eae50f1ec1956cfbbbf68b5dade10e49a98" classname="com.github.traderjoe95.mls.protocol.tree.TreeKem" time="0.0"/>
  <testcase name="the decrypted path secret should be bb50ca2a9fbbdf1d67fa23f23caa2a12fa8c638d8613d9d3ef03548c02489d6647ca3adffbbf5c29abce9bd896126cde" classname="com.github.traderjoe95.mls.protocol.tree.TreeKem" time="0.002"/>
  <testcase name="a new update path generated by the sender should be successfully processed" classname="com.github.traderjoe95.mls.protocol.tree.TreeKem" time="0.002"/>
  <testcase name="the update path should be parent-hash valid" classname="com.github.traderjoe95.mls.protocol.tree.TreeKem" time="0.001"/>
  <testcase name="the tree hash after merging the update path should be c896e417cdf10430d0528be0e5f0b19f4d9892126da62fa5584f43cdf27c7eae50f1ec1956cfbbbf68b5dade10e49a98" classname="com.github.traderjoe95.mls.protocol.tree.TreeKem" time="0.001"/>
  <testcase name="the decrypted path secret should be bb50ca2a9fbbdf1d67fa23f23caa2a12fa8c638d8613d9d3ef03548c02489d6647ca3adffbbf5c29abce9bd896126cde" classname="com.github.traderjoe95.mls.protocol.tree.TreeKem" time="0.002"/>
  <testcase name="a new update path generated by the sender should be successfully processed" classname="com.github.traderjoe95.mls.protocol.tree.TreeKem" time="0.002"/>
  <testcase name="the update path should be parent-hash valid" classname="com.github.traderjoe95.mls.protocol.tree.TreeKem" time="0.0"/>
  <testcase name="the tree hash after merging the update path should be c896e417cdf10430d0528be0e5f0b19f4d9892126da62fa5584f43cdf27c7eae50f1ec1956cfbbbf68b5dade10e49a98" classname="com.github.traderjoe95.mls.protocol.tree.TreeKem" time="0.0"/>
  <testcase name="the decrypted path secret should be 050f833ae21f526bd0fe0940fa57754033e52bea6b53705bb24db5d5a4fa706a95e1325606a5129623a546a5ecd1feb3" classname="com.github.traderjoe95.mls.protocol.tree.TreeKem" time="0.002"/>
  <testcase name="a new update path generated by the sender should be successfully processed" classname="com.github.traderjoe95.mls.protocol.tree.TreeKem" time="0.003"/>
  <testcase name="the update path should be parent-hash valid" classname="com.github.traderjoe95.mls.protocol.tree.TreeKem" time="0.0"/>
  <testcase name="the tree hash after merging the update path should be aceeb6fc4c74546d68ace9853292b6eb0358ba98b755888fb6ceda57ce1c45b5ce46f65b3a416939819cd26d222539a3" classname="com.github.traderjoe95.mls.protocol.tree.TreeKem" time="0.001"/>
  <testcase name="the decrypted path secret should be bcb3d00fc44ecf541b18e5b63d8dd0d3358a18aa72ba594a6fe36f8e36818eee7b6887b4028519cdb363d4624e791520" classname="com.github.traderjoe95.mls.protocol.tree.TreeKem" time="0.002"/>
  <testcase name="a new update path generated by the sender should be successfully processed" classname="com.github.traderjoe95.mls.protocol.tree.TreeKem" time="0.002"/>
  <testcase name="the update path should be parent-hash valid" classname="com.github.traderjoe95.mls.protocol.tree.TreeKem" time="0.0"/>
  <testcase name="the tree hash after merging the update path should be aceeb6fc4c74546d68ace9853292b6eb0358ba98b755888fb6ceda57ce1c45b5ce46f65b3a416939819cd26d222539a3" classname="com.github.traderjoe95.mls.protocol.tree.TreeKem" time="0.001"/>
  <testcase name="the decrypted path secret should be bcb3d00fc44ecf541b18e5b63d8dd0d3358a18aa72ba594a6fe36f8e36818eee7b6887b4028519cdb363d4624e791520" classname="com.github.traderjoe95.mls.protocol.tree.TreeKem" time="0.002"/>
  <testcase name="a new update path generated by the sender should be successfully processed" classname="com.github.traderjoe95.mls.protocol.tree.TreeKem" time="0.002"/>
  <testcase name="the update path should be parent-hash valid" classname="com.github.traderjoe95.mls.protocol.tree.TreeKem" time="0.0"/>
  <testcase name="the tree hash after merging the update path should be aceeb6fc4c74546d68ace9853292b6eb0358ba98b755888fb6ceda57ce1c45b5ce46f65b3a416939819cd26d222539a3" classname="com.github.traderjoe95.mls.protocol.tree.TreeKem" time="0.001"/>
  <testcase name="the decrypted path secret should be bcb3d00fc44ecf541b18e5b63d8dd0d3358a18aa72ba594a6fe36f8e36818eee7b6887b4028519cdb363d4624e791520" classname="com.github.traderjoe95.mls.protocol.tree.TreeKem" time="0.003"/>
  <testcase name="a new update path generated by the sender should be successfully processed" classname="com.github.traderjoe95.mls.protocol.tree.TreeKem" time="0.004"/>
  <testcase name="the update path should be parent-hash valid" classname="com.github.traderjoe95.mls.protocol.tree.TreeKem" time="0.0"/>
  <testcase name="the tree hash after merging the update path should be aceeb6fc4c74546d68ace9853292b6eb0358ba98b755888fb6ceda57ce1c45b5ce46f65b3a416939819cd26d222539a3" classname="com.github.traderjoe95.mls.protocol.tree.TreeKem" time="0.0"/>
  <testcase name="the decrypted path secret should be 903fe46ae7908c9ed82085f6ec60b6967f4169d3968ee8287b291aa1d11cd386e47edaed116ceb65202adfc6da374bb0" classname="com.github.traderjoe95.mls.protocol.tree.TreeKem" time="0.001"/>
  <testcase name="a new update path generated by the sender should be successfully processed" classname="com.github.traderjoe95.mls.protocol.tree.TreeKem" time="0.002"/>
  <testcase name="the update path should be parent-hash valid" classname="com.github.traderjoe95.mls.protocol.tree.TreeKem" time="0.0"/>
  <testcase name="the tree hash after merging the update path should be aceeb6fc4c74546d68ace9853292b6eb0358ba98b755888fb6ceda57ce1c45b5ce46f65b3a416939819cd26d222539a3" classname="com.github.traderjoe95.mls.protocol.tree.TreeKem" time="0.0"/>
  <testcase name="the decrypted path secret should be 903fe46ae7908c9ed82085f6ec60b6967f4169d3968ee8287b291aa1d11cd386e47edaed116ceb65202adfc6da374bb0" classname="com.github.traderjoe95.mls.protocol.tree.TreeKem" time="0.001"/>
  <testcase name="a new update path generated by the sender should be successfully processed" classname="com.github.traderjoe95.mls.protocol.tree.TreeKem" time="0.002"/>
  <testcase name="the update path should be parent-hash valid" classname="com.github.traderjoe95.mls.protocol.tree.TreeKem" time="0.0"/>
  <testcase name="the tree hash after merging the update path should be aceeb6fc4c74546d68ace9853292b6eb0358ba98b755888fb6ceda57ce1c45b5ce46f65b3a416939819cd26d222539a3" classname="com.github.traderjoe95.mls.protocol.tree.TreeKem" time="0.0"/>
  <testcase name="the decrypted path secret should be f3311ce33b0100b6511ca8804af6436bc7fcfbabbdbddcb3f2eb20c16420fd4550fcbfd9987669d550317c591b8dbe39" classname="com.github.traderjoe95.mls.protocol.tree.TreeKem" time="0.002"/>
  <testcase name="a new update path generated by the sender should be successfully processed" classname="com.github.traderjoe95.mls.protocol.tree.TreeKem" time="0.002"/>
  <testcase name="non-blank leaf 0 should be consistent with the public state" classname="com.github.traderjoe95.mls.protocol.tree.TreeKem" time="0.003"/>
  <testcase name="non-blank leaf 4 should be consistent with the public state" classname="com.github.traderjoe95.mls.protocol.tree.TreeKem" time="0.008"/>
  <testcase name="non-blank leaf 5 should be consistent with the public state" classname="com.github.traderjoe95.mls.protocol.tree.TreeKem" time="0.008"/>
  <testcase name="non-blank leaf 6 should be consistent with the public state" classname="com.github.traderjoe95.mls.protocol.tree.TreeKem" time="0.008"/>
  <testcase name="non-blank leaf 7 should be consistent with the public state" classname="com.github.traderjoe95.mls.protocol.tree.TreeKem" time="0.008"/>
  <testcase name="the update path should be parent-hash valid" classname="com.github.traderjoe95.mls.protocol.tree.TreeKem" time="0.0"/>
  <testcase name="the tree hash after merging the update path should be b380acbc17362305f5590c86c7f74169ec824738c07e34454c68fc3cc610cca0357e4fd5bd5154dc67b44957f4dbe5e9" classname="com.github.traderjoe95.mls.protocol.tree.TreeKem" time="0.001"/>
  <testcase name="the decrypted path secret should be d562377eeb4577051f67255c2647a74ade664c9b781f8bcc55a6761a60215f544934a6370df4e70faaeaf2ea51f7fabc" classname="com.github.traderjoe95.mls.protocol.tree.TreeKem" time="0.002"/>
  <testcase name="a new update path generated by the sender should be successfully processed" classname="com.github.traderjoe95.mls.protocol.tree.TreeKem" time="0.002"/>
  <testcase name="the update path should be parent-hash valid" classname="com.github.traderjoe95.mls.protocol.tree.TreeKem" time="0.0"/>
  <testcase name="the tree hash after merging the update path should be b380acbc17362305f5590c86c7f74169ec824738c07e34454c68fc3cc610cca0357e4fd5bd5154dc67b44957f4dbe5e9" classname="com.github.traderjoe95.mls.protocol.tree.TreeKem" time="0.0"/>
  <testcase name="the decrypted path secret should be d562377eeb4577051f67255c2647a74ade664c9b781f8bcc55a6761a60215f544934a6370df4e70faaeaf2ea51f7fabc" classname="com.github.traderjoe95.mls.protocol.tree.TreeKem" time="0.001"/>
  <testcase name="a new update path generated by the sender should be successfully processed" classname="com.github.traderjoe95.mls.protocol.tree.TreeKem" time="0.002"/>
  <testcase name="the update path should be parent-hash valid" classname="com.github.traderjoe95.mls.protocol.tree.TreeKem" time="0.0"/>
  <testcase name="the tree hash after merging the update path should be b380acbc17362305f5590c86c7f74169ec824738c07e34454c68fc3cc610cca0357e4fd5bd5154dc67b44957f4dbe5e9" classname="com.github.traderjoe95.mls.protocol.tree.TreeKem" time="0.0"/>
  <testcase name="the decrypted path secret should be d562377eeb4577051f67255c2647a74ade664c9b781f8bcc55a6761a60215f544934a6370df4e70faaeaf2ea51f7fabc" classname="com.github.traderjoe95.mls.protocol.tree.TreeKem" time="0.001"/>
  <testcase name="a new update path generated by the sender should be successfully processed" classname="com.github.traderjoe95.mls.protocol.tree.TreeKem" time="0.002"/>
  <testcase name="the update path should be parent-hash valid" classname="com.github.traderjoe95.mls.protocol.tree.TreeKem" time="0.001"/>
  <testcase name="the tree hash after merging the update path should be b380acbc17362305f5590c86c7f74169ec824738c07e34454c68fc3cc610cca0357e4fd5bd5154dc67b44957f4dbe5e9" classname="com.github.traderjoe95.mls.protocol.tree.TreeKem" time="0.001"/>
  <testcase name="the decrypted path secret should be d562377eeb4577051f67255c2647a74ade664c9b781f8bcc55a6761a60215f544934a6370df4e70faaeaf2ea51f7fabc" classname="com.github.traderjoe95.mls.protocol.tree.TreeKem" time="0.003"/>
  <testcase name="a new update path generated by the sender should be successfully processed" classname="com.github.traderjoe95.mls.protocol.tree.TreeKem" time="0.002"/>
  <testcase name="the update path should be parent-hash valid" classname="com.github.traderjoe95.mls.protocol.tree.TreeKem" time="0.0"/>
  <testcase name="the tree hash after merging the update path should be 566423785c26733b1b92aa7a617fc168c388d520cb3be8472c6ab196b7b6aa430c91b8a83d5012c9fc2f3633c36363c1" classname="com.github.traderjoe95.mls.protocol.tree.TreeKem" time="0.0"/>
  <testcase name="the decrypted path secret should be 524bc7de9d15f29c064d4ddce0a2d10089bf228832f2bab637c49dfba7ec0a14bc85da4dd3e1e85ec3aeaadf7240b7ec" classname="com.github.traderjoe95.mls.protocol.tree.TreeKem" time="0.001"/>
  <testcase name="a new update path generated by the sender should be successfully processed" classname="com.github.traderjoe95.mls.protocol.tree.TreeKem" time="0.002"/>
  <testcase name="the update path should be parent-hash valid" classname="com.github.traderjoe95.mls.protocol.tree.TreeKem" time="0.0"/>
  <testcase name="the tree hash after merging the update path should be 566423785c26733b1b92aa7a617fc168c388d520cb3be8472c6ab196b7b6aa430c91b8a83d5012c9fc2f3633c36363c1" classname="com.github.traderjoe95.mls.protocol.tree.TreeKem" time="0.0"/>
  <testcase name="the decrypted path secret should be fb54bb48dee5e2c4ed3a1e0155b489eea7d3c8c8fa88e70b7ef93b8c3de4a679189ea641c5f102390c25dbbe0cc91a56" classname="com.github.traderjoe95.mls.protocol.tree.TreeKem" time="0.002"/>
  <testcase name="a new update path generated by the sender should be successfully processed" classname="com.github.traderjoe95.mls.protocol.tree.TreeKem" time="0.002"/>
  <testcase name="the update path should be parent-hash valid" classname="com.github.traderjoe95.mls.protocol.tree.TreeKem" time="0.0"/>
  <testcase name="the tree hash after merging the update path should be 566423785c26733b1b92aa7a617fc168c388d520cb3be8472c6ab196b7b6aa430c91b8a83d5012c9fc2f3633c36363c1" classname="com.github.traderjoe95.mls.protocol.tree.TreeKem" time="0.001"/>
  <testcase name="the decrypted path secret should be dc84987b6a0910a1cf30b4dd45166c68ca929fe56b3cc8fcb175692d85c61f48ca7e1ca15b83f968efebdc9e5cc3ece8" classname="com.github.traderjoe95.mls.protocol.tree.TreeKem" time="0.002"/>
  <testcase name="a new update path generated by the sender should be successfully processed" classname="com.github.traderjoe95.mls.protocol.tree.TreeKem" time="0.002"/>
  <testcase name="the update path should be parent-hash valid" classname="com.github.traderjoe95.mls.protocol.tree.TreeKem" time="0.0"/>
  <testcase name="the tree hash after merging the update path should be 566423785c26733b1b92aa7a617fc168c388d520cb3be8472c6ab196b7b6aa430c91b8a83d5012c9fc2f3633c36363c1" classname="com.github.traderjoe95.mls.protocol.tree.TreeKem" time="0.0"/>
  <testcase name="the decrypted path secret should be dc84987b6a0910a1cf30b4dd45166c68ca929fe56b3cc8fcb175692d85c61f48ca7e1ca15b83f968efebdc9e5cc3ece8" classname="com.github.traderjoe95.mls.protocol.tree.TreeKem" time="0.001"/>
  <testcase name="a new update path generated by the sender should be successfully processed" classname="com.github.traderjoe95.mls.protocol.tree.TreeKem" time="0.002"/>
  <testcase name="the update path should be parent-hash valid" classname="com.github.traderjoe95.mls.protocol.tree.TreeKem" time="0.0"/>
  <testcase name="the tree hash after merging the update path should be 1625a43526d75d1e5ebc0a9c09558d41e87d49de97e04ba71311eb5c785728612f90584205c6536ba8d01fa0a72649ad" classname="com.github.traderjoe95.mls.protocol.tree.TreeKem" time="0.0"/>
  <testcase name="the decrypted path secret should be 95334fb9d4c8fd1f2e604f5ebcb1572ed28c20c4fd65254a973aa1c455f7ab67985e5c79300cef6ab40bf6bccf13a66a" classname="com.github.traderjoe95.mls.protocol.tree.TreeKem" time="0.001"/>
  <testcase name="a new update path generated by the sender should be successfully processed" classname="com.github.traderjoe95.mls.protocol.tree.TreeKem" time="0.002"/>
  <testcase name="the update path should be parent-hash valid" classname="com.github.traderjoe95.mls.protocol.tree.TreeKem" time="0.0"/>
  <testcase name="the tree hash after merging the update path should be 1625a43526d75d1e5ebc0a9c09558d41e87d49de97e04ba71311eb5c785728612f90584205c6536ba8d01fa0a72649ad" classname="com.github.traderjoe95.mls.protocol.tree.TreeKem" time="0.001"/>
  <testcase name="the decrypted path secret should be f13401e9e8542bbe1b8de276609a66792ccb2d61043a2a1dab0cb908cde7b51b693a7b0d7972e4aba48cfe14710d70ac" classname="com.github.traderjoe95.mls.protocol.tree.TreeKem" time="0.002"/>
  <testcase name="a new update path generated by the sender should be successfully processed" classname="com.github.traderjoe95.mls.protocol.tree.TreeKem" time="0.002"/>
  <testcase name="the update path should be parent-hash valid" classname="com.github.traderjoe95.mls.protocol.tree.TreeKem" time="0.0"/>
  <testcase name="the tree hash after merging the update path should be 1625a43526d75d1e5ebc0a9c09558d41e87d49de97e04ba71311eb5c785728612f90584205c6536ba8d01fa0a72649ad" classname="com.github.traderjoe95.mls.protocol.tree.TreeKem" time="0.0"/>
  <testcase name="the decrypted path secret should be 3150e04a12283d19a9f224389fdfe82d34d5f5b4aed95af5642089598f9e1349322cdf64611249c366556948a642967b" classname="com.github.traderjoe95.mls.protocol.tree.TreeKem" time="0.002"/>
  <testcase name="a new update path generated by the sender should be successfully processed" classname="com.github.traderjoe95.mls.protocol.tree.TreeKem" time="0.002"/>
  <testcase name="the update path should be parent-hash valid" classname="com.github.traderjoe95.mls.protocol.tree.TreeKem" time="0.001"/>
  <testcase name="the tree hash after merging the update path should be 1625a43526d75d1e5ebc0a9c09558d41e87d49de97e04ba71311eb5c785728612f90584205c6536ba8d01fa0a72649ad" classname="com.github.traderjoe95.mls.protocol.tree.TreeKem" time="0.0"/>
  <testcase name="the decrypted path secret should be 3150e04a12283d19a9f224389fdfe82d34d5f5b4aed95af5642089598f9e1349322cdf64611249c366556948a642967b" classname="com.github.traderjoe95.mls.protocol.tree.TreeKem" time="0.001"/>
  <testcase name="a new update path generated by the sender should be successfully processed" classname="com.github.traderjoe95.mls.protocol.tree.TreeKem" time="0.002"/>
  <testcase name="the update path should be parent-hash valid" classname="com.github.traderjoe95.mls.protocol.tree.TreeKem" time="0.0"/>
  <testcase name="the tree hash after merging the update path should be 19d5475abf27d61640abc08ecaee2e46f8352dc9369dafdde34d5ecb19fab38b75a5be2a169bc8cc34cec272beac8ce2" classname="com.github.traderjoe95.mls.protocol.tree.TreeKem" time="0.0"/>
  <testcase name="the decrypted path secret should be 5ab67c466bc9949b376c405c24dd8954df07d2fafe69ae0151b2778f06426baa109b6d58ae1367fd06ca130a0cd4a6f7" classname="com.github.traderjoe95.mls.protocol.tree.TreeKem" time="0.003"/>
  <testcase name="a new update path generated by the sender should be successfully processed" classname="com.github.traderjoe95.mls.protocol.tree.TreeKem" time="0.003"/>
  <testcase name="the update path should be parent-hash valid" classname="com.github.traderjoe95.mls.protocol.tree.TreeKem" time="0.0"/>
  <testcase name="the tree hash after merging the update path should be 19d5475abf27d61640abc08ecaee2e46f8352dc9369dafdde34d5ecb19fab38b75a5be2a169bc8cc34cec272beac8ce2" classname="com.github.traderjoe95.mls.protocol.tree.TreeKem" time="0.0"/>
  <testcase name="the decrypted path secret should be e8c52ac4ab3e792ac1f9f311d43247222f3b4ad39021eda7ccce02208dcf7c8c9590d5ee3f90428ef543938b4f40d341" classname="com.github.traderjoe95.mls.protocol.tree.TreeKem" time="0.002"/>
  <testcase name="a new update path generated by the sender should be successfully processed" classname="com.github.traderjoe95.mls.protocol.tree.TreeKem" time="0.002"/>
  <testcase name="the update path should be parent-hash valid" classname="com.github.traderjoe95.mls.protocol.tree.TreeKem" time="0.0"/>
  <testcase name="the tree hash after merging the update path should be 19d5475abf27d61640abc08ecaee2e46f8352dc9369dafdde34d5ecb19fab38b75a5be2a169bc8cc34cec272beac8ce2" classname="com.github.traderjoe95.mls.protocol.tree.TreeKem" time="0.0"/>
  <testcase name="the decrypted path secret should be e8c52ac4ab3e792ac1f9f311d43247222f3b4ad39021eda7ccce02208dcf7c8c9590d5ee3f90428ef543938b4f40d341" classname="com.github.traderjoe95.mls.protocol.tree.TreeKem" time="0.002"/>
  <testcase name="a new update path generated by the sender should be successfully processed" classname="com.github.traderjoe95.mls.protocol.tree.TreeKem" time="0.001"/>
  <testcase name="the update path should be parent-hash valid" classname="com.github.traderjoe95.mls.protocol.tree.TreeKem" time="0.001"/>
  <testcase name="the tree hash after merging the update path should be 19d5475abf27d61640abc08ecaee2e46f8352dc9369dafdde34d5ecb19fab38b75a5be2a169bc8cc34cec272beac8ce2" classname="com.github.traderjoe95.mls.protocol.tree.TreeKem" time="0.0"/>
  <testcase name="the decrypted path secret should be 706a76efd1fdfb9e27e1d75ae9b70cb03b267aa2227ad9d743f5524fa87a072e076f8ae5df4a92f3ab4dc042cf51972f" classname="com.github.traderjoe95.mls.protocol.tree.TreeKem" time="0.002"/>
  <testcase name="a new update path generated by the sender should be successfully processed" classname="com.github.traderjoe95.mls.protocol.tree.TreeKem" time="0.002"/>
  <testcase name="the update path should be parent-hash valid" classname="com.github.traderjoe95.mls.protocol.tree.TreeKem" time="0.0"/>
  <testcase name="the tree hash after merging the update path should be 1fa99ca691b7cef87f3242bf6b103dc9b94b86d415c6915fc53bf1e631f046fc0d26cb69f79a00dce177f493e44b7ab9" classname="com.github.traderjoe95.mls.protocol.tree.TreeKem" time="0.0"/>
  <testcase name="the decrypted path secret should be 6e3f6c1a2179f63a596ffbd34fa2adb0d96e8236ac2de8c32ab2ba51f3f90964da60737138d8a30ee0332398deaa4bf6" classname="com.github.traderjoe95.mls.protocol.tree.TreeKem" time="0.002"/>
  <testcase name="a new update path generated by the sender should be successfully processed" classname="com.github.traderjoe95.mls.protocol.tree.TreeKem" time="0.002"/>
  <testcase name="the update path should be parent-hash valid" classname="com.github.traderjoe95.mls.protocol.tree.TreeKem" time="0.0"/>
  <testcase name="the tree hash after merging the update path should be 1fa99ca691b7cef87f3242bf6b103dc9b94b86d415c6915fc53bf1e631f046fc0d26cb69f79a00dce177f493e44b7ab9" classname="com.github.traderjoe95.mls.protocol.tree.TreeKem" time="0.001"/>
  <testcase name="the decrypted path secret should be cdbf5ee6cc6bb91d5fc49d39b021d87f769692cd00a9b822cdbe84b6e6b28572a859e06d3ab7abe7ee78815303038baf" classname="com.github.traderjoe95.mls.protocol.tree.TreeKem" time="0.002"/>
  <testcase name="a new update path generated by the sender should be successfully processed" classname="com.github.traderjoe95.mls.protocol.tree.TreeKem" time="0.002"/>
  <testcase name="the update path should be parent-hash valid" classname="com.github.traderjoe95.mls.protocol.tree.TreeKem" time="0.0"/>
  <testcase name="the tree hash after merging the update path should be 1fa99ca691b7cef87f3242bf6b103dc9b94b86d415c6915fc53bf1e631f046fc0d26cb69f79a00dce177f493e44b7ab9" classname="com.github.traderjoe95.mls.protocol.tree.TreeKem" time="0.0"/>
  <testcase name="the decrypted path secret should be cdbf5ee6cc6bb91d5fc49d39b021d87f769692cd00a9b822cdbe84b6e6b28572a859e06d3ab7abe7ee78815303038baf" classname="com.github.traderjoe95.mls.protocol.tree.TreeKem" time="0.001"/>
  <testcase name="a new update path generated by the sender should be successfully processed" classname="com.github.traderjoe95.mls.protocol.tree.TreeKem" time="0.002"/>
  <testcase name="the update path should be parent-hash valid" classname="com.github.traderjoe95.mls.protocol.tree.TreeKem" time="0.0"/>
  <testcase name="the tree hash after merging the update path should be 1fa99ca691b7cef87f3242bf6b103dc9b94b86d415c6915fc53bf1e631f046fc0d26cb69f79a00dce177f493e44b7ab9" classname="com.github.traderjoe95.mls.protocol.tree.TreeKem" time="0.001"/>
  <testcase name="the decrypted path secret should be bfd26f4796d3a49d9435fd81fe6025eed93dd0aa5beb72a282f3243c1a55eaadfb30d79ea7c440ef548bfd694dcd52df" classname="com.github.traderjoe95.mls.protocol.tree.TreeKem" time="0.002"/>
  <testcase name="a new update path generated by the sender should be successfully processed" classname="com.github.traderjoe95.mls.protocol.tree.TreeKem" time="0.002"/>
  <testcase name="non-blank leaf 0 should be consistent with the public state" classname="com.github.traderjoe95.mls.protocol.tree.TreeKem" time="0.013"/>
  <testcase name="non-blank leaf 1 should be consistent with the public state" classname="com.github.traderjoe95.mls.protocol.tree.TreeKem" time="0.008"/>
  <testcase name="non-blank leaf 2 should be consistent with the public state" classname="com.github.traderjoe95.mls.protocol.tree.TreeKem" time="0.008"/>
  <testcase name="non-blank leaf 3 should be consistent with the public state" classname="com.github.traderjoe95.mls.protocol.tree.TreeKem" time="0.012"/>
  <testcase name="non-blank leaf 4 should be consistent with the public state" classname="com.github.traderjoe95.mls.protocol.tree.TreeKem" time="0.008"/>
  <testcase name="non-blank leaf 5 should be consistent with the public state" classname="com.github.traderjoe95.mls.protocol.tree.TreeKem" time="0.008"/>
  <testcase name="non-blank leaf 6 should be consistent with the public state" classname="com.github.traderjoe95.mls.protocol.tree.TreeKem" time="0.006"/>
  <testcase name="non-blank leaf 7 should be consistent with the public state" classname="com.github.traderjoe95.mls.protocol.tree.TreeKem" time="0.001"/>
  <testcase name="the update path should be parent-hash valid" classname="com.github.traderjoe95.mls.protocol.tree.TreeKem" time="0.001"/>
  <testcase name="the tree hash after merging the update path should be df20e72079be706afed450ad94157bc7acb491ba4b151d024e4df52e445994d8a6b32bf25066d8040e70dbaa8913951d" classname="com.github.traderjoe95.mls.protocol.tree.TreeKem" time="0.001"/>
  <testcase name="the decrypted path secret should be e5c6f9ac7c897b5a093d68c72fdc3c71a826633c5e47100d0672d927e18f979c378b8f9b347da47bd6fac46c9472440c" classname="com.github.traderjoe95.mls.protocol.tree.TreeKem" time="0.002"/>
  <testcase name="a new update path generated by the sender should be successfully processed" classname="com.github.traderjoe95.mls.protocol.tree.TreeKem" time="0.002"/>
  <testcase name="the update path should be parent-hash valid" classname="com.github.traderjoe95.mls.protocol.tree.TreeKem" time="0.0"/>
  <testcase name="the tree hash after merging the update path should be df20e72079be706afed450ad94157bc7acb491ba4b151d024e4df52e445994d8a6b32bf25066d8040e70dbaa8913951d" classname="com.github.traderjoe95.mls.protocol.tree.TreeKem" time="0.0"/>
  <testcase name="the decrypted path secret should be a35901ddf266ffa6125243febfbc225b8d56b368979d55efe8bbf45c08e0ff9df18ac0f897159c5dab859f8d0910c74e" classname="com.github.traderjoe95.mls.protocol.tree.TreeKem" time="0.002"/>
  <testcase name="a new update path generated by the sender should be successfully processed" classname="com.github.traderjoe95.mls.protocol.tree.TreeKem" time="0.006"/>
  <testcase name="the update path should be parent-hash valid" classname="com.github.traderjoe95.mls.protocol.tree.TreeKem" time="0.001"/>
  <testcase name="the tree hash after merging the update path should be df20e72079be706afed450ad94157bc7acb491ba4b151d024e4df52e445994d8a6b32bf25066d8040e70dbaa8913951d" classname="com.github.traderjoe95.mls.protocol.tree.TreeKem" time="0.001"/>
  <testcase name="the decrypted path secret should be a35901ddf266ffa6125243febfbc225b8d56b368979d55efe8bbf45c08e0ff9df18ac0f897159c5dab859f8d0910c74e" classname="com.github.traderjoe95.mls.protocol.tree.TreeKem" time="0.002"/>
  <testcase name="a new update path generated by the sender should be successfully processed" classname="com.github.traderjoe95.mls.protocol.tree.TreeKem" time="0.002"/>
  <testcase name="the update path should be parent-hash valid" classname="com.github.traderjoe95.mls.protocol.tree.TreeKem" time="0.001"/>
  <testcase name="the tree hash after merging the update path should be df20e72079be706afed450ad94157bc7acb491ba4b151d024e4df52e445994d8a6b32bf25066d8040e70dbaa8913951d" classname="com.github.traderjoe95.mls.protocol.tree.TreeKem" time="0.001"/>
  <testcase name="the decrypted path secret should be 6230776de7059e28eeddec9b722781b3abfceb89790fd50bc0f532a6a90644b3d2754e67a91bdb2e0e9850dc3f66b32f" classname="com.github.traderjoe95.mls.protocol.tree.TreeKem" time="0.003"/>
  <testcase name="a new update path generated by the sender should be successfully processed" classname="com.github.traderjoe95.mls.protocol.tree.TreeKem" time="0.003"/>
  <testcase name="the update path should be parent-hash valid" classname="com.github.traderjoe95.mls.protocol.tree.TreeKem" time="0.001"/>
  <testcase name="the tree hash after merging the update path should be df20e72079be706afed450ad94157bc7acb491ba4b151d024e4df52e445994d8a6b32bf25066d8040e70dbaa8913951d" classname="com.github.traderjoe95.mls.protocol.tree.TreeKem" time="0.001"/>
  <testcase name="the decrypted path secret should be 6230776de7059e28eeddec9b722781b3abfceb89790fd50bc0f532a6a90644b3d2754e67a91bdb2e0e9850dc3f66b32f" classname="com.github.traderjoe95.mls.protocol.tree.TreeKem" time="0.003"/>
  <testcase name="a new update path generated by the sender should be successfully processed" classname="com.github.traderjoe95.mls.protocol.tree.TreeKem" time="0.003"/>
  <testcase name="the update path should be parent-hash valid" classname="com.github.traderjoe95.mls.protocol.tree.TreeKem" time="0.001"/>
  <testcase name="the tree hash after merging the update path should be df20e72079be706afed450ad94157bc7acb491ba4b151d024e4df52e445994d8a6b32bf25066d8040e70dbaa8913951d" classname="com.github.traderjoe95.mls.protocol.tree.TreeKem" time="0.001"/>
  <testcase name="the decrypted path secret should be 6230776de7059e28eeddec9b722781b3abfceb89790fd50bc0f532a6a90644b3d2754e67a91bdb2e0e9850dc3f66b32f" classname="com.github.traderjoe95.mls.protocol.tree.TreeKem" time="0.003"/>
  <testcase name="a new update path generated by the sender should be successfully processed" classname="com.github.traderjoe95.mls.protocol.tree.TreeKem" time="0.003"/>
  <testcase name="the update path should be parent-hash valid" classname="com.github.traderjoe95.mls.protocol.tree.TreeKem" time="0.0"/>
  <testcase name="the tree hash after merging the update path should be df20e72079be706afed450ad94157bc7acb491ba4b151d024e4df52e445994d8a6b32bf25066d8040e70dbaa8913951d" classname="com.github.traderjoe95.mls.protocol.tree.TreeKem" time="0.0"/>
  <testcase name="the decrypted path secret should be 6230776de7059e28eeddec9b722781b3abfceb89790fd50bc0f532a6a90644b3d2754e67a91bdb2e0e9850dc3f66b32f" classname="com.github.traderjoe95.mls.protocol.tree.TreeKem" time="0.002"/>
  <testcase name="a new update path generated by the sender should be successfully processed" classname="com.github.traderjoe95.mls.protocol.tree.TreeKem" time="0.002"/>
  <testcase name="the update path should be parent-hash valid" classname="com.github.traderjoe95.mls.protocol.tree.TreeKem" time="0.0"/>
  <testcase name="the tree hash after merging the update path should be 78432e63dd605ce6b62e593e184d0e09d09b6c28b1108b53c47f094ff718493e39f92f6e9a7904f85d59795c62326d78" classname="com.github.traderjoe95.mls.protocol.tree.TreeKem" time="0.0"/>
  <testcase name="the decrypted path secret should be 8cb6716d167db34a9d1608168246c3e6ac0b596d579051d6fdd2626cdad6607654f5e197851dbb1c18fb22b90975f1af" classname="com.github.traderjoe95.mls.protocol.tree.TreeKem" time="0.002"/>
  <testcase name="a new update path generated by the sender should be successfully processed" classname="com.github.traderjoe95.mls.protocol.tree.TreeKem" time="0.003"/>
  <testcase name="the update path should be parent-hash valid" classname="com.github.traderjoe95.mls.protocol.tree.TreeKem" time="0.0"/>
  <testcase name="the tree hash after merging the update path should be 78432e63dd605ce6b62e593e184d0e09d09b6c28b1108b53c47f094ff718493e39f92f6e9a7904f85d59795c62326d78" classname="com.github.traderjoe95.mls.protocol.tree.TreeKem" time="0.0"/>
  <testcase name="the decrypted path secret should be 00e307e8c94d6e57c4fadc6bfdaf57869a9979bd5bcddab4196e4ef6d6212a8fa64b056cc92d141a0441611587530763" classname="com.github.traderjoe95.mls.protocol.tree.TreeKem" time="0.002"/>
  <testcase name="a new update path generated by the sender should be successfully processed" classname="com.github.traderjoe95.mls.protocol.tree.TreeKem" time="0.004"/>
  <testcase name="the update path should be parent-hash valid" classname="com.github.traderjoe95.mls.protocol.tree.TreeKem" time="0.0"/>
  <testcase name="the tree hash after merging the update path should be 78432e63dd605ce6b62e593e184d0e09d09b6c28b1108b53c47f094ff718493e39f92f6e9a7904f85d59795c62326d78" classname="com.github.traderjoe95.mls.protocol.tree.TreeKem" time="0.0"/>
  <testcase name="the decrypted path secret should be 00e307e8c94d6e57c4fadc6bfdaf57869a9979bd5bcddab4196e4ef6d6212a8fa64b056cc92d141a0441611587530763" classname="com.github.traderjoe95.mls.protocol.tree.TreeKem" time="0.002"/>
  <testcase name="a new update path generated by the sender should be successfully processed" classname="com.github.traderjoe95.mls.protocol.tree.TreeKem" time="0.003"/>
  <testcase name="the update path should be parent-hash valid" classname="com.github.traderjoe95.mls.protocol.tree.TreeKem" time="0.0"/>
  <testcase name="the tree hash after merging the update path should be 78432e63dd605ce6b62e593e184d0e09d09b6c28b1108b53c47f094ff718493e39f92f6e9a7904f85d59795c62326d78" classname="com.github.traderjoe95.mls.protocol.tree.TreeKem" time="0.0"/>
  <testcase name="the decrypted path secret should be c2f202c86982e9f8a257905869f88d9a98dbb2a28a61bd0a35e81cbee7b42abe30c3fcfa3686b2800ccd21cd7ba6e0e6" classname="com.github.traderjoe95.mls.protocol.tree.TreeKem" time="0.002"/>
  <testcase name="a new update path generated by the sender should be successfully processed" classname="com.github.traderjoe95.mls.protocol.tree.TreeKem" time="0.003"/>
  <testcase name="the update path should be parent-hash valid" classname="com.github.traderjoe95.mls.protocol.tree.TreeKem" time="0.0"/>
  <testcase name="the tree hash after merging the update path should be 78432e63dd605ce6b62e593e184d0e09d09b6c28b1108b53c47f094ff718493e39f92f6e9a7904f85d59795c62326d78" classname="com.github.traderjoe95.mls.protocol.tree.TreeKem" time="0.0"/>
  <testcase name="the decrypted path secret should be c2f202c86982e9f8a257905869f88d9a98dbb2a28a61bd0a35e81cbee7b42abe30c3fcfa3686b2800ccd21cd7ba6e0e6" classname="com.github.traderjoe95.mls.protocol.tree.TreeKem" time="0.002"/>
  <testcase name="a new update path generated by the sender should be successfully processed" classname="com.github.traderjoe95.mls.protocol.tree.TreeKem" time="0.002"/>
  <testcase name="the update path should be parent-hash valid" classname="com.github.traderjoe95.mls.protocol.tree.TreeKem" time="0.001"/>
  <testcase name="the tree hash after merging the update path should be 78432e63dd605ce6b62e593e184d0e09d09b6c28b1108b53c47f094ff718493e39f92f6e9a7904f85d59795c62326d78" classname="com.github.traderjoe95.mls.protocol.tree.TreeKem" time="0.001"/>
  <testcase name="the decrypted path secret should be c2f202c86982e9f8a257905869f88d9a98dbb2a28a61bd0a35e81cbee7b42abe30c3fcfa3686b2800ccd21cd7ba6e0e6" classname="com.github.traderjoe95.mls.protocol.tree.TreeKem" time="0.003"/>
  <testcase name="a new update path generated by the sender should be successfully processed" classname="com.github.traderjoe95.mls.protocol.tree.TreeKem" time="0.003"/>
  <testcase name="the update path should be parent-hash valid" classname="com.github.traderjoe95.mls.protocol.tree.TreeKem" time="0.0"/>
  <testcase name="the tree hash after merging the update path should be 78432e63dd605ce6b62e593e184d0e09d09b6c28b1108b53c47f094ff718493e39f92f6e9a7904f85d59795c62326d78" classname="com.github.traderjoe95.mls.protocol.tree.TreeKem" time="0.001"/>
  <testcase name="the decrypted path secret should be c2f202c86982e9f8a257905869f88d9a98dbb2a28a61bd0a35e81cbee7b42abe30c3fcfa3686b2800ccd21cd7ba6e0e6" classname="com.github.traderjoe95.mls.protocol.tree.TreeKem" time="0.004"/>
  <testcase name="a new update path generated by the sender should be successfully processed" classname="com.github.traderjoe95.mls.protocol.tree.TreeKem" time="0.003"/>
  <testcase name="the update path should be parent-hash valid" classname="com.github.traderjoe95.mls.protocol.tree.TreeKem" time="0.001"/>
  <testcase name="the tree hash after merging the update path should be b58013e195ae2c2e44cc54b978f84874ce4147e3d23b11158f654912deed2c3c8e9413c9084d4d003709d711ed802fa1" classname="com.github.traderjoe95.mls.protocol.tree.TreeKem" time="0.001"/>
  <testcase name="the decrypted path secret should be 7360fc469969ec4655f9d2f305ddb2a2138f308c335bad879cd18779d87529bd0d3b395c43a0ff682d4c0c74d56f023e" classname="com.github.traderjoe95.mls.protocol.tree.TreeKem" time="0.002"/>
  <testcase name="a new update path generated by the sender should be successfully processed" classname="com.github.traderjoe95.mls.protocol.tree.TreeKem" time="0.002"/>
  <testcase name="the update path should be parent-hash valid" classname="com.github.traderjoe95.mls.protocol.tree.TreeKem" time="0.001"/>
  <testcase name="the tree hash after merging the update path should be b58013e195ae2c2e44cc54b978f84874ce4147e3d23b11158f654912deed2c3c8e9413c9084d4d003709d711ed802fa1" classname="com.github.traderjoe95.mls.protocol.tree.TreeKem" time="0.0"/>
  <testcase name="the decrypted path secret should be 7360fc469969ec4655f9d2f305ddb2a2138f308c335bad879cd18779d87529bd0d3b395c43a0ff682d4c0c74d56f023e" classname="com.github.traderjoe95.mls.protocol.tree.TreeKem" time="0.002"/>
  <testcase name="a new update path generated by the sender should be successfully processed" classname="com.github.traderjoe95.mls.protocol.tree.TreeKem" time="0.002"/>
  <testcase name="the update path should be parent-hash valid" classname="com.github.traderjoe95.mls.protocol.tree.TreeKem" time="0.0"/>
  <testcase name="the tree hash after merging the update path should be b58013e195ae2c2e44cc54b978f84874ce4147e3d23b11158f654912deed2c3c8e9413c9084d4d003709d711ed802fa1" classname="com.github.traderjoe95.mls.protocol.tree.TreeKem" time="0.001"/>
  <testcase name="the decrypted path secret should be e60efb3b3c4f89e4dbb40dcaaefa322f2ab7ef5f568f2a7a471241c4b670f03b373d53d21ffb84ca314b7e490c0d9793" classname="com.github.traderjoe95.mls.protocol.tree.TreeKem" time="0.002"/>
  <testcase name="a new update path generated by the sender should be successfully processed" classname="com.github.traderjoe95.mls.protocol.tree.TreeKem" time="0.002"/>
  <testcase name="the update path should be parent-hash valid" classname="com.github.traderjoe95.mls.protocol.tree.TreeKem" time="0.0"/>
  <testcase name="the tree hash after merging the update path should be b58013e195ae2c2e44cc54b978f84874ce4147e3d23b11158f654912deed2c3c8e9413c9084d4d003709d711ed802fa1" classname="com.github.traderjoe95.mls.protocol.tree.TreeKem" time="0.0"/>
  <testcase name="the decrypted path secret should be df34d5906d0c5ea8e826f78ef66d7a3a1fe657f16f6a3888139d2b11fd9113d1648c9ef6f1934f913769b34e31ffaf34" classname="com.github.traderjoe95.mls.protocol.tree.TreeKem" time="0.002"/>
  <testcase name="a new update path generated by the sender should be successfully processed" classname="com.github.traderjoe95.mls.protocol.tree.TreeKem" time="0.002"/>
  <testcase name="the update path should be parent-hash valid" classname="com.github.traderjoe95.mls.protocol.tree.TreeKem" time="0.001"/>
  <testcase name="the tree hash after merging the update path should be b58013e195ae2c2e44cc54b978f84874ce4147e3d23b11158f654912deed2c3c8e9413c9084d4d003709d711ed802fa1" classname="com.github.traderjoe95.mls.protocol.tree.TreeKem" time="0.001"/>
  <testcase name="the decrypted path secret should be df34d5906d0c5ea8e826f78ef66d7a3a1fe657f16f6a3888139d2b11fd9113d1648c9ef6f1934f913769b34e31ffaf34" classname="com.github.traderjoe95.mls.protocol.tree.TreeKem" time="0.002"/>
  <testcase name="a new update path generated by the sender should be successfully processed" classname="com.github.traderjoe95.mls.protocol.tree.TreeKem" time="0.002"/>
  <testcase name="the update path should be parent-hash valid" classname="com.github.traderjoe95.mls.protocol.tree.TreeKem" time="0.0"/>
  <testcase name="the tree hash after merging the update path should be b58013e195ae2c2e44cc54b978f84874ce4147e3d23b11158f654912deed2c3c8e9413c9084d4d003709d711ed802fa1" classname="com.github.traderjoe95.mls.protocol.tree.TreeKem" time="0.005"/>
  <testcase name="the decrypted path secret should be df34d5906d0c5ea8e826f78ef66d7a3a1fe657f16f6a3888139d2b11fd9113d1648c9ef6f1934f913769b34e31ffaf34" classname="com.github.traderjoe95.mls.protocol.tree.TreeKem" time="0.003"/>
  <testcase name="a new update path generated by the sender should be successfully processed" classname="com.github.traderjoe95.mls.protocol.tree.TreeKem" time="0.002"/>
  <testcase name="the update path should be parent-hash valid" classname="com.github.traderjoe95.mls.protocol.tree.TreeKem" time="0.001"/>
  <testcase name="the tree hash after merging the update path should be b58013e195ae2c2e44cc54b978f84874ce4147e3d23b11158f654912deed2c3c8e9413c9084d4d003709d711ed802fa1" classname="com.github.traderjoe95.mls.protocol.tree.TreeKem" time="0.0"/>
  <testcase name="the decrypted path secret should be df34d5906d0c5ea8e826f78ef66d7a3a1fe657f16f6a3888139d2b11fd9113d1648c9ef6f1934f913769b34e31ffaf34" classname="com.github.traderjoe95.mls.protocol.tree.TreeKem" time="0.002"/>
  <testcase name="a new update path generated by the sender should be successfully processed" classname="com.github.traderjoe95.mls.protocol.tree.TreeKem" time="0.002"/>
  <testcase name="the update path should be parent-hash valid" classname="com.github.traderjoe95.mls.protocol.tree.TreeKem" time="0.0"/>
  <testcase name="the tree hash after merging the update path should be b2f688c4cab8701794cd36870faf8d1cbfb9f2f801d7c13e71339c6757f27e04f635c23fc9f25e2a7ce414b3ae0d08fb" classname="com.github.traderjoe95.mls.protocol.tree.TreeKem" time="0.0"/>
  <testcase name="the decrypted path secret should be 24a3b005fd0b21678efc99f77e2f9c419f790e7946ff9bda32cfc341dec1f9de0ce475dfb0ffc97fbded437be1583b83" classname="com.github.traderjoe95.mls.protocol.tree.TreeKem" time="0.002"/>
  <testcase name="a new update path generated by the sender should be successfully processed" classname="com.github.traderjoe95.mls.protocol.tree.TreeKem" time="0.002"/>
  <testcase name="the update path should be parent-hash valid" classname="com.github.traderjoe95.mls.protocol.tree.TreeKem" time="0.0"/>
  <testcase name="the tree hash after merging the update path should be b2f688c4cab8701794cd36870faf8d1cbfb9f2f801d7c13e71339c6757f27e04f635c23fc9f25e2a7ce414b3ae0d08fb" classname="com.github.traderjoe95.mls.protocol.tree.TreeKem" time="0.0"/>
  <testcase name="the decrypted path secret should be 24a3b005fd0b21678efc99f77e2f9c419f790e7946ff9bda32cfc341dec1f9de0ce475dfb0ffc97fbded437be1583b83" classname="com.github.traderjoe95.mls.protocol.tree.TreeKem" time="0.002"/>
  <testcase name="a new update path generated by the sender should be successfully processed" classname="com.github.traderjoe95.mls.protocol.tree.TreeKem" time="0.002"/>
  <testcase name="the update path should be parent-hash valid" classname="com.github.traderjoe95.mls.protocol.tree.TreeKem" time="0.0"/>
  <testcase name="the tree hash after merging the update path should be b2f688c4cab8701794cd36870faf8d1cbfb9f2f801d7c13e71339c6757f27e04f635c23fc9f25e2a7ce414b3ae0d08fb" classname="com.github.traderjoe95.mls.protocol.tree.TreeKem" time="0.0"/>
  <testcase name="the decrypted path secret should be d20cbdee6d395aea61710d8970d6972abbbb941af7e6d6333a3c2c632da1769a4fbc997f9ffef4dd4773e92474572847" classname="com.github.traderjoe95.mls.protocol.tree.TreeKem" time="0.002"/>
  <testcase name="a new update path generated by the sender should be successfully processed" classname="com.github.traderjoe95.mls.protocol.tree.TreeKem" time="0.002"/>
  <testcase name="the update path should be parent-hash valid" classname="com.github.traderjoe95.mls.protocol.tree.TreeKem" time="0.0"/>
  <testcase name="the tree hash after merging the update path should be b2f688c4cab8701794cd36870faf8d1cbfb9f2f801d7c13e71339c6757f27e04f635c23fc9f25e2a7ce414b3ae0d08fb" classname="com.github.traderjoe95.mls.protocol.tree.TreeKem" time="0.0"/>
  <testcase name="the decrypted path secret should be 8772d8fdfc60d91f00d02325bf244cd6c619ba14a99463a83c614f587591b7ee0773012d7d588c04226707f14ad10a12" classname="com.github.traderjoe95.mls.protocol.tree.TreeKem" time="0.001"/>
  <testcase name="a new update path generated by the sender should be successfully processed" classname="com.github.traderjoe95.mls.protocol.tree.TreeKem" time="0.002"/>
  <testcase name="the update path should be parent-hash valid" classname="com.github.traderjoe95.mls.protocol.tree.TreeKem" time="0.0"/>
  <testcase name="the tree hash after merging the update path should be b2f688c4cab8701794cd36870faf8d1cbfb9f2f801d7c13e71339c6757f27e04f635c23fc9f25e2a7ce414b3ae0d08fb" classname="com.github.traderjoe95.mls.protocol.tree.TreeKem" time="0.001"/>
  <testcase name="the decrypted path secret should be 8772d8fdfc60d91f00d02325bf244cd6c619ba14a99463a83c614f587591b7ee0773012d7d588c04226707f14ad10a12" classname="com.github.traderjoe95.mls.protocol.tree.TreeKem" time="0.002"/>
  <testcase name="a new update path generated by the sender should be successfully processed" classname="com.github.traderjoe95.mls.protocol.tree.TreeKem" time="0.002"/>
  <testcase name="the update path should be parent-hash valid" classname="com.github.traderjoe95.mls.protocol.tree.TreeKem" time="0.0"/>
  <testcase name="the tree hash after merging the update path should be b2f688c4cab8701794cd36870faf8d1cbfb9f2f801d7c13e71339c6757f27e04f635c23fc9f25e2a7ce414b3ae0d08fb" classname="com.github.traderjoe95.mls.protocol.tree.TreeKem" time="0.0"/>
  <testcase name="the decrypted path secret should be 8772d8fdfc60d91f00d02325bf244cd6c619ba14a99463a83c614f587591b7ee0773012d7d588c04226707f14ad10a12" classname="com.github.traderjoe95.mls.protocol.tree.TreeKem" time="0.002"/>
  <testcase name="a new update path generated by the sender should be successfully processed" classname="com.github.traderjoe95.mls.protocol.tree.TreeKem" time="0.002"/>
  <testcase name="the update path should be parent-hash valid" classname="com.github.traderjoe95.mls.protocol.tree.TreeKem" time="0.0"/>
  <testcase name="the tree hash after merging the update path should be b2f688c4cab8701794cd36870faf8d1cbfb9f2f801d7c13e71339c6757f27e04f635c23fc9f25e2a7ce414b3ae0d08fb" classname="com.github.traderjoe95.mls.protocol.tree.TreeKem" time="0.001"/>
  <testcase name="the decrypted path secret should be 8772d8fdfc60d91f00d02325bf244cd6c619ba14a99463a83c614f587591b7ee0773012d7d588c04226707f14ad10a12" classname="com.github.traderjoe95.mls.protocol.tree.TreeKem" time="0.002"/>
  <testcase name="a new update path generated by the sender should be successfully processed" classname="com.github.traderjoe95.mls.protocol.tree.TreeKem" time="0.002"/>
  <testcase name="the update path should be parent-hash valid" classname="com.github.traderjoe95.mls.protocol.tree.TreeKem" time="0.0"/>
  <testcase name="the tree hash after merging the update path should be 189e1d58456a2abb19749d5b2f7c5ba22927c3b06671320851b03057068d896452e0996494a0e611f299e2bf563a1de1" classname="com.github.traderjoe95.mls.protocol.tree.TreeKem" time="0.001"/>
  <testcase name="the decrypted path secret should be b2ae1b014fba74905a10bfcbf52699de34e8fd28b8630f051828288df8639b0060deaadea5f4d55ee5aea8622e861c25" classname="com.github.traderjoe95.mls.protocol.tree.TreeKem" time="0.002"/>
  <testcase name="a new update path generated by the sender should be successfully processed" classname="com.github.traderjoe95.mls.protocol.tree.TreeKem" time="0.002"/>
  <testcase name="the update path should be parent-hash valid" classname="com.github.traderjoe95.mls.protocol.tree.TreeKem" time="0.0"/>
  <testcase name="the tree hash after merging the update path should be 189e1d58456a2abb19749d5b2f7c5ba22927c3b06671320851b03057068d896452e0996494a0e611f299e2bf563a1de1" classname="com.github.traderjoe95.mls.protocol.tree.TreeKem" time="0.001"/>
  <testcase name="the decrypted path secret should be b2ae1b014fba74905a10bfcbf52699de34e8fd28b8630f051828288df8639b0060deaadea5f4d55ee5aea8622e861c25" classname="com.github.traderjoe95.mls.protocol.tree.TreeKem" time="0.002"/>
  <testcase name="a new update path generated by the sender should be successfully processed" classname="com.github.traderjoe95.mls.protocol.tree.TreeKem" time="0.002"/>
  <testcase name="the update path should be parent-hash valid" classname="com.github.traderjoe95.mls.protocol.tree.TreeKem" time="0.0"/>
  <testcase name="the tree hash after merging the update path should be 189e1d58456a2abb19749d5b2f7c5ba22927c3b06671320851b03057068d896452e0996494a0e611f299e2bf563a1de1" classname="com.github.traderjoe95.mls.protocol.tree.TreeKem" time="0.0"/>
  <testcase name="the decrypted path secret should be b2ae1b014fba74905a10bfcbf52699de34e8fd28b8630f051828288df8639b0060deaadea5f4d55ee5aea8622e861c25" classname="com.github.traderjoe95.mls.protocol.tree.TreeKem" time="0.001"/>
  <testcase name="a new update path generated by the sender should be successfully processed" classname="com.github.traderjoe95.mls.protocol.tree.TreeKem" time="0.002"/>
  <testcase name="the update path should be parent-hash valid" classname="com.github.traderjoe95.mls.protocol.tree.TreeKem" time="0.0"/>
  <testcase name="the tree hash after merging the update path should be 189e1d58456a2abb19749d5b2f7c5ba22927c3b06671320851b03057068d896452e0996494a0e611f299e2bf563a1de1" classname="com.github.traderjoe95.mls.protocol.tree.TreeKem" time="0.0"/>
  <testcase name="the decrypted path secret should be b2ae1b014fba74905a10bfcbf52699de34e8fd28b8630f051828288df8639b0060deaadea5f4d55ee5aea8622e861c25" classname="com.github.traderjoe95.mls.protocol.tree.TreeKem" time="0.002"/>
  <testcase name="a new update path generated by the sender should be successfully processed" classname="com.github.traderjoe95.mls.protocol.tree.TreeKem" time="0.002"/>
  <testcase name="the update path should be parent-hash valid" classname="com.github.traderjoe95.mls.protocol.tree.TreeKem" time="0.0"/>
  <testcase name="the tree hash after merging the update path should be 189e1d58456a2abb19749d5b2f7c5ba22927c3b06671320851b03057068d896452e0996494a0e611f299e2bf563a1de1" classname="com.github.traderjoe95.mls.protocol.tree.TreeKem" time="0.001"/>
  <testcase name="the decrypted path secret should be 7d92faa4e896f1b22f07d17b8c5b6ba1e767c6e3a013447e17fc86bc064b52e5d93bc8cc8275841febf38141b3024aba" classname="com.github.traderjoe95.mls.protocol.tree.TreeKem" time="0.002"/>
  <testcase name="a new update path generated by the sender should be successfully processed" classname="com.github.traderjoe95.mls.protocol.tree.TreeKem" time="0.002"/>
  <testcase name="the update path should be parent-hash valid" classname="com.github.traderjoe95.mls.protocol.tree.TreeKem" time="0.0"/>
  <testcase name="the tree hash after merging the update path should be 189e1d58456a2abb19749d5b2f7c5ba22927c3b06671320851b03057068d896452e0996494a0e611f299e2bf563a1de1" classname="com.github.traderjoe95.mls.protocol.tree.TreeKem" time="0.001"/>
  <testcase name="the decrypted path secret should be 8a852635c2dae65dff6917838c10e58f06c8d803380b49ade64fc3cecbe0f33a46ac418dc521e963e834abd2bdd260e4" classname="com.github.traderjoe95.mls.protocol.tree.TreeKem" time="0.002"/>
  <testcase name="a new update path generated by the sender should be successfully processed" classname="com.github.traderjoe95.mls.protocol.tree.TreeKem" time="0.002"/>
  <testcase name="the update path should be parent-hash valid" classname="com.github.traderjoe95.mls.protocol.tree.TreeKem" time="0.0"/>
  <testcase name="the tree hash after merging the update path should be 189e1d58456a2abb19749d5b2f7c5ba22927c3b06671320851b03057068d896452e0996494a0e611f299e2bf563a1de1" classname="com.github.traderjoe95.mls.protocol.tree.TreeKem" time="0.001"/>
  <testcase name="the decrypted path secret should be 8a852635c2dae65dff6917838c10e58f06c8d803380b49ade64fc3cecbe0f33a46ac418dc521e963e834abd2bdd260e4" classname="com.github.traderjoe95.mls.protocol.tree.TreeKem" time="0.002"/>
  <testcase name="a new update path generated by the sender should be successfully processed" classname="com.github.traderjoe95.mls.protocol.tree.TreeKem" time="0.002"/>
  <testcase name="the update path should be parent-hash valid" classname="com.github.traderjoe95.mls.protocol.tree.TreeKem" time="0.0"/>
  <testcase name="the tree hash after merging the update path should be b9e058e92c107a27a73224816f4ac8f72bff8e634078129becd2f2cf91d7d962f223a35519b7159b990389a8a98b7076" classname="com.github.traderjoe95.mls.protocol.tree.TreeKem" time="0.0"/>
  <testcase name="the decrypted path secret should be 8d127792e20595576fb6506b56afdbb215595255592368de5d5896745174429bd05c40437c1363631fec011ad50604ef" classname="com.github.traderjoe95.mls.protocol.tree.TreeKem" time="0.001"/>
  <testcase name="a new update path generated by the sender should be successfully processed" classname="com.github.traderjoe95.mls.protocol.tree.TreeKem" time="0.002"/>
  <testcase name="the update path should be parent-hash valid" classname="com.github.traderjoe95.mls.protocol.tree.TreeKem" time="0.0"/>
  <testcase name="the tree hash after merging the update path should be b9e058e92c107a27a73224816f4ac8f72bff8e634078129becd2f2cf91d7d962f223a35519b7159b990389a8a98b7076" classname="com.github.traderjoe95.mls.protocol.tree.TreeKem" time="0.0"/>
  <testcase name="the decrypted path secret should be 8d127792e20595576fb6506b56afdbb215595255592368de5d5896745174429bd05c40437c1363631fec011ad50604ef" classname="com.github.traderjoe95.mls.protocol.tree.TreeKem" time="0.001"/>
  <testcase name="a new update path generated by the sender should be successfully processed" classname="com.github.traderjoe95.mls.protocol.tree.TreeKem" time="0.002"/>
  <testcase name="the update path should be parent-hash valid" classname="com.github.traderjoe95.mls.protocol.tree.TreeKem" time="0.001"/>
  <testcase name="the tree hash after merging the update path should be b9e058e92c107a27a73224816f4ac8f72bff8e634078129becd2f2cf91d7d962f223a35519b7159b990389a8a98b7076" classname="com.github.traderjoe95.mls.protocol.tree.TreeKem" time="0.0"/>
  <testcase name="the decrypted path secret should be 8d127792e20595576fb6506b56afdbb215595255592368de5d5896745174429bd05c40437c1363631fec011ad50604ef" classname="com.github.traderjoe95.mls.protocol.tree.TreeKem" time="0.002"/>
  <testcase name="a new update path generated by the sender should be successfully processed" classname="com.github.traderjoe95.mls.protocol.tree.TreeKem" time="0.002"/>
  <testcase name="the update path should be parent-hash valid" classname="com.github.traderjoe95.mls.protocol.tree.TreeKem" time="0.0"/>
  <testcase name="the tree hash after merging the update path should be b9e058e92c107a27a73224816f4ac8f72bff8e634078129becd2f2cf91d7d962f223a35519b7159b990389a8a98b7076" classname="com.github.traderjoe95.mls.protocol.tree.TreeKem" time="0.0"/>
  <testcase name="the decrypted path secret should be 8d127792e20595576fb6506b56afdbb215595255592368de5d5896745174429bd05c40437c1363631fec011ad50604ef" classname="com.github.traderjoe95.mls.protocol.tree.TreeKem" time="0.001"/>
  <testcase name="a new update path generated by the sender should be successfully processed" classname="com.github.traderjoe95.mls.protocol.tree.TreeKem" time="0.002"/>
  <testcase name="the update path should be parent-hash valid" classname="com.github.traderjoe95.mls.protocol.tree.TreeKem" time="0.0"/>
  <testcase name="the tree hash after merging the update path should be b9e058e92c107a27a73224816f4ac8f72bff8e634078129becd2f2cf91d7d962f223a35519b7159b990389a8a98b7076" classname="com.github.traderjoe95.mls.protocol.tree.TreeKem" time="0.0"/>
  <testcase name="the decrypted path secret should be bf29166b562ce5774c2ce10e03451ef5ab5f7b8a425c1c761ac231d32849efa99cd7f9c931627053bd47283c2afabb10" classname="com.github.traderjoe95.mls.protocol.tree.TreeKem" time="0.001"/>
  <testcase name="a new update path generated by the sender should be successfully processed" classname="com.github.traderjoe95.mls.protocol.tree.TreeKem" time="0.002"/>
  <testcase name="the update path should be parent-hash valid" classname="com.github.traderjoe95.mls.protocol.tree.TreeKem" time="0.0"/>
  <testcase name="the tree hash after merging the update path should be b9e058e92c107a27a73224816f4ac8f72bff8e634078129becd2f2cf91d7d962f223a35519b7159b990389a8a98b7076" classname="com.github.traderjoe95.mls.protocol.tree.TreeKem" time="0.0"/>
  <testcase name="the decrypted path secret should be 25a7f70d6dab6c3923e9d0bfcbe8c2f3f4fd774d0bb035ef3347a7a6968e65f3594ed45de241ea5bbb8515fddc545630" classname="com.github.traderjoe95.mls.protocol.tree.TreeKem" time="0.002"/>
  <testcase name="a new update path generated by the sender should be successfully processed" classname="com.github.traderjoe95.mls.protocol.tree.TreeKem" time="0.002"/>
  <testcase name="the update path should be parent-hash valid" classname="com.github.traderjoe95.mls.protocol.tree.TreeKem" time="0.0"/>
  <testcase name="the tree hash after merging the update path should be b9e058e92c107a27a73224816f4ac8f72bff8e634078129becd2f2cf91d7d962f223a35519b7159b990389a8a98b7076" classname="com.github.traderjoe95.mls.protocol.tree.TreeKem" time="0.0"/>
  <testcase name="the decrypted path secret should be 25a7f70d6dab6c3923e9d0bfcbe8c2f3f4fd774d0bb035ef3347a7a6968e65f3594ed45de241ea5bbb8515fddc545630" classname="com.github.traderjoe95.mls.protocol.tree.TreeKem" time="0.002"/>
  <testcase name="a new update path generated by the sender should be successfully processed" classname="com.github.traderjoe95.mls.protocol.tree.TreeKem" time="0.002"/>
  <testcase name="the update path should be parent-hash valid" classname="com.github.traderjoe95.mls.protocol.tree.TreeKem" time="0.0"/>
  <testcase name="the tree hash after merging the update path should be 31a2567a3473eb4e5bf124051f0f95f36658a071be7d1a0fa2eebcbb1734942d82170c360466b83af56921eba6d899c3" classname="com.github.traderjoe95.mls.protocol.tree.TreeKem" time="0.0"/>
  <testcase name="the decrypted path secret should be 0348041b52ef0f5efb188d4247e152662bfc8a4fe2eb3916c990cb4e4f0b71442449de3c8f49d80aa0a7d7d55459fb12" classname="com.github.traderjoe95.mls.protocol.tree.TreeKem" time="0.001"/>
  <testcase name="a new update path generated by the sender should be successfully processed" classname="com.github.traderjoe95.mls.protocol.tree.TreeKem" time="0.002"/>
  <testcase name="the update path should be parent-hash valid" classname="com.github.traderjoe95.mls.protocol.tree.TreeKem" time="0.0"/>
  <testcase name="the tree hash after merging the update path should be 31a2567a3473eb4e5bf124051f0f95f36658a071be7d1a0fa2eebcbb1734942d82170c360466b83af56921eba6d899c3" classname="com.github.traderjoe95.mls.protocol.tree.TreeKem" time="0.001"/>
  <testcase name="the decrypted path secret should be 0348041b52ef0f5efb188d4247e152662bfc8a4fe2eb3916c990cb4e4f0b71442449de3c8f49d80aa0a7d7d55459fb12" classname="com.github.traderjoe95.mls.protocol.tree.TreeKem" time="0.002"/>
  <testcase name="a new update path generated by the sender should be successfully processed" classname="com.github.traderjoe95.mls.protocol.tree.TreeKem" time="0.004"/>
  <testcase name="the update path should be parent-hash valid" classname="com.github.traderjoe95.mls.protocol.tree.TreeKem" time="0.001"/>
  <testcase name="the tree hash after merging the update path should be 31a2567a3473eb4e5bf124051f0f95f36658a071be7d1a0fa2eebcbb1734942d82170c360466b83af56921eba6d899c3" classname="com.github.traderjoe95.mls.protocol.tree.TreeKem" time="0.0"/>
  <testcase name="the decrypted path secret should be 0348041b52ef0f5efb188d4247e152662bfc8a4fe2eb3916c990cb4e4f0b71442449de3c8f49d80aa0a7d7d55459fb12" classname="com.github.traderjoe95.mls.protocol.tree.TreeKem" time="0.002"/>
  <testcase name="a new update path generated by the sender should be successfully processed" classname="com.github.traderjoe95.mls.protocol.tree.TreeKem" time="0.002"/>
  <testcase name="the update path should be parent-hash valid" classname="com.github.traderjoe95.mls.protocol.tree.TreeKem" time="0.001"/>
  <testcase name="the tree hash after merging the update path should be 31a2567a3473eb4e5bf124051f0f95f36658a071be7d1a0fa2eebcbb1734942d82170c360466b83af56921eba6d899c3" classname="com.github.traderjoe95.mls.protocol.tree.TreeKem" time="0.001"/>
  <testcase name="the decrypted path secret should be 0348041b52ef0f5efb188d4247e152662bfc8a4fe2eb3916c990cb4e4f0b71442449de3c8f49d80aa0a7d7d55459fb12" classname="com.github.traderjoe95.mls.protocol.tree.TreeKem" time="0.002"/>
  <testcase name="a new update path generated by the sender should be successfully processed" classname="com.github.traderjoe95.mls.protocol.tree.TreeKem" time="0.002"/>
  <testcase name="the update path should be parent-hash valid" classname="com.github.traderjoe95.mls.protocol.tree.TreeKem" time="0.001"/>
  <testcase name="the tree hash after merging the update path should be 31a2567a3473eb4e5bf124051f0f95f36658a071be7d1a0fa2eebcbb1734942d82170c360466b83af56921eba6d899c3" classname="com.github.traderjoe95.mls.protocol.tree.TreeKem" time="0.0"/>
  <testcase name="the decrypted path secret should be 056a6b443f45c10f39c1c328df70e63fea8712e9db023e7622e819b9bf37f048625dc72dae5a7642593baefcb3cb8707" classname="com.github.traderjoe95.mls.protocol.tree.TreeKem" time="0.002"/>
  <testcase name="a new update path generated by the sender should be successfully processed" classname="com.github.traderjoe95.mls.protocol.tree.TreeKem" time="0.002"/>
  <testcase name="the update path should be parent-hash valid" classname="com.github.traderjoe95.mls.protocol.tree.TreeKem" time="0.0"/>
  <testcase name="the tree hash after merging the update path should be 31a2567a3473eb4e5bf124051f0f95f36658a071be7d1a0fa2eebcbb1734942d82170c360466b83af56921eba6d899c3" classname="com.github.traderjoe95.mls.protocol.tree.TreeKem" time="0.0"/>
  <testcase name="the decrypted path secret should be 056a6b443f45c10f39c1c328df70e63fea8712e9db023e7622e819b9bf37f048625dc72dae5a7642593baefcb3cb8707" classname="com.github.traderjoe95.mls.protocol.tree.TreeKem" time="0.001"/>
  <testcase name="a new update path generated by the sender should be successfully processed" classname="com.github.traderjoe95.mls.protocol.tree.TreeKem" time="0.002"/>
  <testcase name="the update path should be parent-hash valid" classname="com.github.traderjoe95.mls.protocol.tree.TreeKem" time="0.0"/>
  <testcase name="the tree hash after merging the update path should be 31a2567a3473eb4e5bf124051f0f95f36658a071be7d1a0fa2eebcbb1734942d82170c360466b83af56921eba6d899c3" classname="com.github.traderjoe95.mls.protocol.tree.TreeKem" time="0.0"/>
  <testcase name="the decrypted path secret should be 4a02250bf473081a89b1478deac1f0743f9e9e5c71ef510a6dea5a94563a1b1c2398d386e9070668c80018eddac218ba" classname="com.github.traderjoe95.mls.protocol.tree.TreeKem" time="0.001"/>
  <testcase name="a new update path generated by the sender should be successfully processed" classname="com.github.traderjoe95.mls.protocol.tree.TreeKem" time="0.002"/>
  <testcase name="the update path should be parent-hash valid" classname="com.github.traderjoe95.mls.protocol.tree.TreeKem" time="0.0"/>
  <testcase name="the tree hash after merging the update path should be af9dd04958d456f8dd5511eee5e2a1f30d574f49e8dbd42e8c542d446fe6a5ce3d1baa819c4b998ab1948d0368b8a72f" classname="com.github.traderjoe95.mls.protocol.tree.TreeKem" time="0.001"/>
  <testcase name="the decrypted path secret should be 96b515f7c0833b2c00b2fdb3440c061d5903b2bbec87b7645cb60ef9cfa53923231d4c66cd23c02b231f5c41496b33b9" classname="com.github.traderjoe95.mls.protocol.tree.TreeKem" time="0.002"/>
  <testcase name="a new update path generated by the sender should be successfully processed" classname="com.github.traderjoe95.mls.protocol.tree.TreeKem" time="0.001"/>
  <testcase name="the update path should be parent-hash valid" classname="com.github.traderjoe95.mls.protocol.tree.TreeKem" time="0.001"/>
  <testcase name="the tree hash after merging the update path should be af9dd04958d456f8dd5511eee5e2a1f30d574f49e8dbd42e8c542d446fe6a5ce3d1baa819c4b998ab1948d0368b8a72f" classname="com.github.traderjoe95.mls.protocol.tree.TreeKem" time="0.001"/>
  <testcase name="the decrypted path secret should be 96b515f7c0833b2c00b2fdb3440c061d5903b2bbec87b7645cb60ef9cfa53923231d4c66cd23c02b231f5c41496b33b9" classname="com.github.traderjoe95.mls.protocol.tree.TreeKem" time="0.002"/>
  <testcase name="a new update path generated by the sender should be successfully processed" classname="com.github.traderjoe95.mls.protocol.tree.TreeKem" time="0.002"/>
  <testcase name="the update path should be parent-hash valid" classname="com.github.traderjoe95.mls.protocol.tree.TreeKem" time="0.0"/>
  <testcase name="the tree hash after merging the update path should be af9dd04958d456f8dd5511eee5e2a1f30d574f49e8dbd42e8c542d446fe6a5ce3d1baa819c4b998ab1948d0368b8a72f" classname="com.github.traderjoe95.mls.protocol.tree.TreeKem" time="0.0"/>
  <testcase name="the decrypted path secret should be 96b515f7c0833b2c00b2fdb3440c061d5903b2bbec87b7645cb60ef9cfa53923231d4c66cd23c02b231f5c41496b33b9" classname="com.github.traderjoe95.mls.protocol.tree.TreeKem" time="0.002"/>
  <testcase name="a new update path generated by the sender should be successfully processed" classname="com.github.traderjoe95.mls.protocol.tree.TreeKem" time="0.002"/>
  <testcase name="the update path should be parent-hash valid" classname="com.github.traderjoe95.mls.protocol.tree.TreeKem" time="0.001"/>
  <testcase name="the tree hash after merging the update path should be af9dd04958d456f8dd5511eee5e2a1f30d574f49e8dbd42e8c542d446fe6a5ce3d1baa819c4b998ab1948d0368b8a72f" classname="com.github.traderjoe95.mls.protocol.tree.TreeKem" time="0.001"/>
  <testcase name="the decrypted path secret should be 96b515f7c0833b2c00b2fdb3440c061d5903b2bbec87b7645cb60ef9cfa53923231d4c66cd23c02b231f5c41496b33b9" classname="com.github.traderjoe95.mls.protocol.tree.TreeKem" time="0.002"/>
  <testcase name="a new update path generated by the sender should be successfully processed" classname="com.github.traderjoe95.mls.protocol.tree.TreeKem" time="0.002"/>
  <testcase name="the update path should be parent-hash valid" classname="com.github.traderjoe95.mls.protocol.tree.TreeKem" time="0.0"/>
  <testcase name="the tree hash after merging the update path should be af9dd04958d456f8dd5511eee5e2a1f30d574f49e8dbd42e8c542d446fe6a5ce3d1baa819c4b998ab1948d0368b8a72f" classname="com.github.traderjoe95.mls.protocol.tree.TreeKem" time="0.0"/>
  <testcase name="the decrypted path secret should be e6c2a58d72ae6e9e195a14fd98b52ded1cc75046892ec223d2e96db786465b7bba6191bf89ecd71d8131d1312d705d8d" classname="com.github.traderjoe95.mls.protocol.tree.TreeKem" time="0.001"/>
  <testcase name="a new update path generated by the sender should be successfully processed" classname="com.github.traderjoe95.mls.protocol.tree.TreeKem" time="0.002"/>
  <testcase name="the update path should be parent-hash valid" classname="com.github.traderjoe95.mls.protocol.tree.TreeKem" time="0.0"/>
  <testcase name="the tree hash after merging the update path should be af9dd04958d456f8dd5511eee5e2a1f30d574f49e8dbd42e8c542d446fe6a5ce3d1baa819c4b998ab1948d0368b8a72f" classname="com.github.traderjoe95.mls.protocol.tree.TreeKem" time="0.0"/>
  <testcase name="the decrypted path secret should be e6c2a58d72ae6e9e195a14fd98b52ded1cc75046892ec223d2e96db786465b7bba6191bf89ecd71d8131d1312d705d8d" classname="com.github.traderjoe95.mls.protocol.tree.TreeKem" time="0.002"/>
  <testcase name="a new update path generated by the sender should be successfully processed" classname="com.github.traderjoe95.mls.protocol.tree.TreeKem" time="0.002"/>
  <testcase name="the update path should be parent-hash valid" classname="com.github.traderjoe95.mls.protocol.tree.TreeKem" time="0.0"/>
  <testcase name="the tree hash after merging the update path should be af9dd04958d456f8dd5511eee5e2a1f30d574f49e8dbd42e8c542d446fe6a5ce3d1baa819c4b998ab1948d0368b8a72f" classname="com.github.traderjoe95.mls.protocol.tree.TreeKem" time="0.001"/>
  <testcase name="the decrypted path secret should be 9ddcee599ba3b135fd2259fba9c6d5e0f0bdd10be99f3aca68a9b9e5bb0ea81199715a80804a534b5dce088075761112" classname="com.github.traderjoe95.mls.protocol.tree.TreeKem" time="0.002"/>
  <testcase name="a new update path generated by the sender should be successfully processed" classname="com.github.traderjoe95.mls.protocol.tree.TreeKem" time="0.002"/>
  <testcase name="non-blank leaf 0 should be consistent with the public state" classname="com.github.traderjoe95.mls.protocol.tree.TreeKem" time="0.009"/>
  <testcase name="non-blank leaf 1 should be consistent with the public state" classname="com.github.traderjoe95.mls.protocol.tree.TreeKem" time="0.008"/>
  <testcase name="non-blank leaf 2 should be consistent with the public state" classname="com.github.traderjoe95.mls.protocol.tree.TreeKem" time="0.006"/>
  <testcase name="non-blank leaf 3 should be consistent with the public state" classname="com.github.traderjoe95.mls.protocol.tree.TreeKem" time="0.006"/>
  <testcase name="non-blank leaf 4 should be consistent with the public state" classname="com.github.traderjoe95.mls.protocol.tree.TreeKem" time="0.01"/>
  <testcase name="non-blank leaf 5 should be consistent with the public state" classname="com.github.traderjoe95.mls.protocol.tree.TreeKem" time="0.001"/>
  <testcase name="non-blank leaf 6 should be consistent with the public state" classname="com.github.traderjoe95.mls.protocol.tree.TreeKem" time="0.006"/>
  <testcase name="the update path should be parent-hash valid" classname="com.github.traderjoe95.mls.protocol.tree.TreeKem" time="0.0"/>
  <testcase name="the tree hash after merging the update path should be 1a940f191317dfafdb55bd273ae8966ce97c1cecad21add61a1b2cbaeb95c19249ccf3e3faa4f3332b17b1c055d4b286" classname="com.github.traderjoe95.mls.protocol.tree.TreeKem" time="0.001"/>
  <testcase name="the decrypted path secret should be 66928cd7c5d6d26312cc5504d9bbb9bb048ab259bd11c839a37ed8ec90e69e80430a166b1931255fa856a46b5fee3636" classname="com.github.traderjoe95.mls.protocol.tree.TreeKem" time="0.002"/>
  <testcase name="a new update path generated by the sender should be successfully processed" classname="com.github.traderjoe95.mls.protocol.tree.TreeKem" time="0.002"/>
  <testcase name="the update path should be parent-hash valid" classname="com.github.traderjoe95.mls.protocol.tree.TreeKem" time="0.0"/>
  <testcase name="the tree hash after merging the update path should be 1a940f191317dfafdb55bd273ae8966ce97c1cecad21add61a1b2cbaeb95c19249ccf3e3faa4f3332b17b1c055d4b286" classname="com.github.traderjoe95.mls.protocol.tree.TreeKem" time="0.0"/>
  <testcase name="the decrypted path secret should be 1576a27ec1f8aa75c09547a8a68f385b9119ab20207ee060ca4fa3af457b9a173efb430c7254a66f23e41d118e1102f1" classname="com.github.traderjoe95.mls.protocol.tree.TreeKem" time="0.001"/>
  <testcase name="a new update path generated by the sender should be successfully processed" classname="com.github.traderjoe95.mls.protocol.tree.TreeKem" time="0.002"/>
  <testcase name="the update path should be parent-hash valid" classname="com.github.traderjoe95.mls.protocol.tree.TreeKem" time="0.0"/>
  <testcase name="the tree hash after merging the update path should be 1a940f191317dfafdb55bd273ae8966ce97c1cecad21add61a1b2cbaeb95c19249ccf3e3faa4f3332b17b1c055d4b286" classname="com.github.traderjoe95.mls.protocol.tree.TreeKem" time="0.001"/>
  <testcase name="the decrypted path secret should be 1576a27ec1f8aa75c09547a8a68f385b9119ab20207ee060ca4fa3af457b9a173efb430c7254a66f23e41d118e1102f1" classname="com.github.traderjoe95.mls.protocol.tree.TreeKem" time="0.002"/>
  <testcase name="a new update path generated by the sender should be successfully processed" classname="com.github.traderjoe95.mls.protocol.tree.TreeKem" time="0.002"/>
  <testcase name="the update path should be parent-hash valid" classname="com.github.traderjoe95.mls.protocol.tree.TreeKem" time="0.0"/>
  <testcase name="the tree hash after merging the update path should be 1a940f191317dfafdb55bd273ae8966ce97c1cecad21add61a1b2cbaeb95c19249ccf3e3faa4f3332b17b1c055d4b286" classname="com.github.traderjoe95.mls.protocol.tree.TreeKem" time="0.0"/>
  <testcase name="the decrypted path secret should be 38a85b2404ba000b11efb5face9c8f220c3ba688ad433aea157499a5d0db11a693bfebd603dc59fec24e4912eaca21b9" classname="com.github.traderjoe95.mls.protocol.tree.TreeKem" time="0.001"/>
  <testcase name="a new update path generated by the sender should be successfully processed" classname="com.github.traderjoe95.mls.protocol.tree.TreeKem" time="0.002"/>
  <testcase name="the update path should be parent-hash valid" classname="com.github.traderjoe95.mls.protocol.tree.TreeKem" time="0.0"/>
  <testcase name="the tree hash after merging the update path should be 1a940f191317dfafdb55bd273ae8966ce97c1cecad21add61a1b2cbaeb95c19249ccf3e3faa4f3332b17b1c055d4b286" classname="com.github.traderjoe95.mls.protocol.tree.TreeKem" time="0.001"/>
  <testcase name="the decrypted path secret should be 38a85b2404ba000b11efb5face9c8f220c3ba688ad433aea157499a5d0db11a693bfebd603dc59fec24e4912eaca21b9" classname="com.github.traderjoe95.mls.protocol.tree.TreeKem" time="0.002"/>
  <testcase name="a new update path generated by the sender should be successfully processed" classname="com.github.traderjoe95.mls.protocol.tree.TreeKem" time="0.002"/>
  <testcase name="the update path should be parent-hash valid" classname="com.github.traderjoe95.mls.protocol.tree.TreeKem" time="0.001"/>
  <testcase name="the tree hash after merging the update path should be 1a940f191317dfafdb55bd273ae8966ce97c1cecad21add61a1b2cbaeb95c19249ccf3e3faa4f3332b17b1c055d4b286" classname="com.github.traderjoe95.mls.protocol.tree.TreeKem" time="0.0"/>
  <testcase name="the decrypted path secret should be 38a85b2404ba000b11efb5face9c8f220c3ba688ad433aea157499a5d0db11a693bfebd603dc59fec24e4912eaca21b9" classname="com.github.traderjoe95.mls.protocol.tree.TreeKem" time="0.001"/>
  <testcase name="a new update path generated by the sender should be successfully processed" classname="com.github.traderjoe95.mls.protocol.tree.TreeKem" time="0.002"/>
  <testcase name="the update path should be parent-hash valid" classname="com.github.traderjoe95.mls.protocol.tree.TreeKem" time="0.001"/>
  <testcase name="the tree hash after merging the update path should be cad6c29d7af1a1f1ce25218cc75934df878db2dd87889c7f416579d7b5ce2f3aa33c3bf9b47c4059ea3d3e8c85cf4dbe" classname="com.github.traderjoe95.mls.protocol.tree.TreeKem" time="0.0"/>
  <testcase name="the decrypted path secret should be 1b4fbfd1176f2e67d84dbc9d3efd2aea920b8c8380775a7b9922601fc6e34d9eba01265093c0e1084ff237e1fec2c4bf" classname="com.github.traderjoe95.mls.protocol.tree.TreeKem" time="0.002"/>
  <testcase name="a new update path generated by the sender should be successfully processed" classname="com.github.traderjoe95.mls.protocol.tree.TreeKem" time="0.002"/>
  <testcase name="the update path should be parent-hash valid" classname="com.github.traderjoe95.mls.protocol.tree.TreeKem" time="0.0"/>
  <testcase name="the tree hash after merging the update path should be cad6c29d7af1a1f1ce25218cc75934df878db2dd87889c7f416579d7b5ce2f3aa33c3bf9b47c4059ea3d3e8c85cf4dbe" classname="com.github.traderjoe95.mls.protocol.tree.TreeKem" time="0.0"/>
  <testcase name="the decrypted path secret should be af959cce3e05fd6fbf869250f37c8bfed61c2275a58fdfe13168449aca533172b91a0413659f8e10f4e4c7d17c34d8a7" classname="com.github.traderjoe95.mls.protocol.tree.TreeKem" time="0.001"/>
  <testcase name="a new update path generated by the sender should be successfully processed" classname="com.github.traderjoe95.mls.protocol.tree.TreeKem" time="0.002"/>
  <testcase name="the update path should be parent-hash valid" classname="com.github.traderjoe95.mls.protocol.tree.TreeKem" time="0.001"/>
  <testcase name="the tree hash after merging the update path should be cad6c29d7af1a1f1ce25218cc75934df878db2dd87889c7f416579d7b5ce2f3aa33c3bf9b47c4059ea3d3e8c85cf4dbe" classname="com.github.traderjoe95.mls.protocol.tree.TreeKem" time="0.0"/>
  <testcase name="the decrypted path secret should be af959cce3e05fd6fbf869250f37c8bfed61c2275a58fdfe13168449aca533172b91a0413659f8e10f4e4c7d17c34d8a7" classname="com.github.traderjoe95.mls.protocol.tree.TreeKem" time="0.002"/>
  <testcase name="a new update path generated by the sender should be successfully processed" classname="com.github.traderjoe95.mls.protocol.tree.TreeKem" time="0.002"/>
  <testcase name="the update path should be parent-hash valid" classname="com.github.traderjoe95.mls.protocol.tree.TreeKem" time="0.0"/>
  <testcase name="the tree hash after merging the update path should be cad6c29d7af1a1f1ce25218cc75934df878db2dd87889c7f416579d7b5ce2f3aa33c3bf9b47c4059ea3d3e8c85cf4dbe" classname="com.github.traderjoe95.mls.protocol.tree.TreeKem" time="0.001"/>
  <testcase name="the decrypted path secret should be d70dc9b4d7d0147701564f0c37f884f87b23ba0821aa2690ddb9634d7719c2bc458812497d298395b3b994f49d7d2183" classname="com.github.traderjoe95.mls.protocol.tree.TreeKem" time="0.002"/>
  <testcase name="a new update path generated by the sender should be successfully processed" classname="com.github.traderjoe95.mls.protocol.tree.TreeKem" time="0.002"/>
  <testcase name="the update path should be parent-hash valid" classname="com.github.traderjoe95.mls.protocol.tree.TreeKem" time="0.0"/>
  <testcase name="the tree hash after merging the update path should be cad6c29d7af1a1f1ce25218cc75934df878db2dd87889c7f416579d7b5ce2f3aa33c3bf9b47c4059ea3d3e8c85cf4dbe" classname="com.github.traderjoe95.mls.protocol.tree.TreeKem" time="0.0"/>
  <testcase name="the decrypted path secret should be d70dc9b4d7d0147701564f0c37f884f87b23ba0821aa2690ddb9634d7719c2bc458812497d298395b3b994f49d7d2183" classname="com.github.traderjoe95.mls.protocol.tree.TreeKem" time="0.002"/>
  <testcase name="a new update path generated by the sender should be successfully processed" classname="com.github.traderjoe95.mls.protocol.tree.TreeKem" time="0.002"/>
  <testcase name="the update path should be parent-hash valid" classname="com.github.traderjoe95.mls.protocol.tree.TreeKem" time="0.0"/>
  <testcase name="the tree hash after merging the update path should be cad6c29d7af1a1f1ce25218cc75934df878db2dd87889c7f416579d7b5ce2f3aa33c3bf9b47c4059ea3d3e8c85cf4dbe" classname="com.github.traderjoe95.mls.protocol.tree.TreeKem" time="0.001"/>
  <testcase name="the decrypted path secret should be d70dc9b4d7d0147701564f0c37f884f87b23ba0821aa2690ddb9634d7719c2bc458812497d298395b3b994f49d7d2183" classname="com.github.traderjoe95.mls.protocol.tree.TreeKem" time="0.002"/>
  <testcase name="a new update path generated by the sender should be successfully processed" classname="com.github.traderjoe95.mls.protocol.tree.TreeKem" time="0.002"/>
  <testcase name="the update path should be parent-hash valid" classname="com.github.traderjoe95.mls.protocol.tree.TreeKem" time="0.0"/>
  <testcase name="the tree hash after merging the update path should be ee755994ae12016505cbb2911cbcfb9c68211eba44a963c54b56f7733bb0a84ef57c8c798c76234ab8b14c9f4c6003c7" classname="com.github.traderjoe95.mls.protocol.tree.TreeKem" time="0.0"/>
  <testcase name="the decrypted path secret should be 39167579982633f031b750587cb613b47f4cea8bd91ff12814279508a63f75e249ab216dc4c7aecad550828d9e0be7a0" classname="com.github.traderjoe95.mls.protocol.tree.TreeKem" time="0.001"/>
  <testcase name="a new update path generated by the sender should be successfully processed" classname="com.github.traderjoe95.mls.protocol.tree.TreeKem" time="0.002"/>
  <testcase name="the update path should be parent-hash valid" classname="com.github.traderjoe95.mls.protocol.tree.TreeKem" time="0.001"/>
  <testcase name="the tree hash after merging the update path should be ee755994ae12016505cbb2911cbcfb9c68211eba44a963c54b56f7733bb0a84ef57c8c798c76234ab8b14c9f4c6003c7" classname="com.github.traderjoe95.mls.protocol.tree.TreeKem" time="0.0"/>
  <testcase name="the decrypted path secret should be 39167579982633f031b750587cb613b47f4cea8bd91ff12814279508a63f75e249ab216dc4c7aecad550828d9e0be7a0" classname="com.github.traderjoe95.mls.protocol.tree.TreeKem" time="0.001"/>
  <testcase name="a new update path generated by the sender should be successfully processed" classname="com.github.traderjoe95.mls.protocol.tree.TreeKem" time="0.002"/>
  <testcase name="the update path should be parent-hash valid" classname="com.github.traderjoe95.mls.protocol.tree.TreeKem" time="0.0"/>
  <testcase name="the tree hash after merging the update path should be ee755994ae12016505cbb2911cbcfb9c68211eba44a963c54b56f7733bb0a84ef57c8c798c76234ab8b14c9f4c6003c7" classname="com.github.traderjoe95.mls.protocol.tree.TreeKem" time="0.001"/>
  <testcase name="the decrypted path secret should be 722c28215e0e0efda4f6a4f0e582a9e68e0a11582415d988d65c3a3b8c345180040dd204586e7ab1f2571e93dc97de01" classname="com.github.traderjoe95.mls.protocol.tree.TreeKem" time="0.003"/>
  <testcase name="a new update path generated by the sender should be successfully processed" classname="com.github.traderjoe95.mls.protocol.tree.TreeKem" time="0.002"/>
  <testcase name="the update path should be parent-hash valid" classname="com.github.traderjoe95.mls.protocol.tree.TreeKem" time="0.0"/>
  <testcase name="the tree hash after merging the update path should be ee755994ae12016505cbb2911cbcfb9c68211eba44a963c54b56f7733bb0a84ef57c8c798c76234ab8b14c9f4c6003c7" classname="com.github.traderjoe95.mls.protocol.tree.TreeKem" time="0.0"/>
  <testcase name="the decrypted path secret should be 33f6b95b73f52eeacdb96cb3d3a65a2dbfaa06eba871f893b27d1a8e88cbe2375988d58d4b449d1450459c5476574e5c" classname="com.github.traderjoe95.mls.protocol.tree.TreeKem" time="0.002"/>
  <testcase name="a new update path generated by the sender should be successfully processed" classname="com.github.traderjoe95.mls.protocol.tree.TreeKem" time="0.002"/>
  <testcase name="the update path should be parent-hash valid" classname="com.github.traderjoe95.mls.protocol.tree.TreeKem" time="0.0"/>
  <testcase name="the tree hash after merging the update path should be ee755994ae12016505cbb2911cbcfb9c68211eba44a963c54b56f7733bb0a84ef57c8c798c76234ab8b14c9f4c6003c7" classname="com.github.traderjoe95.mls.protocol.tree.TreeKem" time="0.0"/>
  <testcase name="the decrypted path secret should be 33f6b95b73f52eeacdb96cb3d3a65a2dbfaa06eba871f893b27d1a8e88cbe2375988d58d4b449d1450459c5476574e5c" classname="com.github.traderjoe95.mls.protocol.tree.TreeKem" time="0.001"/>
  <testcase name="a new update path generated by the sender should be successfully processed" classname="com.github.traderjoe95.mls.protocol.tree.TreeKem" time="0.002"/>
  <testcase name="the update path should be parent-hash valid" classname="com.github.traderjoe95.mls.protocol.tree.TreeKem" time="0.001"/>
  <testcase name="the tree hash after merging the update path should be ee755994ae12016505cbb2911cbcfb9c68211eba44a963c54b56f7733bb0a84ef57c8c798c76234ab8b14c9f4c6003c7" classname="com.github.traderjoe95.mls.protocol.tree.TreeKem" time="0.001"/>
  <testcase name="the decrypted path secret should be 33f6b95b73f52eeacdb96cb3d3a65a2dbfaa06eba871f893b27d1a8e88cbe2375988d58d4b449d1450459c5476574e5c" classname="com.github.traderjoe95.mls.protocol.tree.TreeKem" time="0.002"/>
  <testcase name="a new update path generated by the sender should be successfully processed" classname="com.github.traderjoe95.mls.protocol.tree.TreeKem" time="0.002"/>
  <testcase name="the update path should be parent-hash valid" classname="com.github.traderjoe95.mls.protocol.tree.TreeKem" time="0.001"/>
  <testcase name="the tree hash after merging the update path should be 208c930502cc7160108da66a4e55ccd4514394c95e3c448c02d2048ccedc2c087e55bb5be50d671241d8357c3d250982" classname="com.github.traderjoe95.mls.protocol.tree.TreeKem" time="0.0"/>
  <testcase name="the decrypted path secret should be 0de8ce4553fc2064c00def3d8b22dae0d29d66d9ece8a5b45c10678a3d1762c630ccea67512df877660dc41c0b103037" classname="com.github.traderjoe95.mls.protocol.tree.TreeKem" time="0.001"/>
  <testcase name="a new update path generated by the sender should be successfully processed" classname="com.github.traderjoe95.mls.protocol.tree.TreeKem" time="0.002"/>
  <testcase name="the update path should be parent-hash valid" classname="com.github.traderjoe95.mls.protocol.tree.TreeKem" time="0.0"/>
  <testcase name="the tree hash after merging the update path should be 208c930502cc7160108da66a4e55ccd4514394c95e3c448c02d2048ccedc2c087e55bb5be50d671241d8357c3d250982" classname="com.github.traderjoe95.mls.protocol.tree.TreeKem" time="0.0"/>
  <testcase name="the decrypted path secret should be 0de8ce4553fc2064c00def3d8b22dae0d29d66d9ece8a5b45c10678a3d1762c630ccea67512df877660dc41c0b103037" classname="com.github.traderjoe95.mls.protocol.tree.TreeKem" time="0.001"/>
  <testcase name="a new update path generated by the sender should be successfully processed" classname="com.github.traderjoe95.mls.protocol.tree.TreeKem" time="0.003"/>
  <testcase name="the update path should be parent-hash valid" classname="com.github.traderjoe95.mls.protocol.tree.TreeKem" time="0.0"/>
  <testcase name="the tree hash after merging the update path should be 208c930502cc7160108da66a4e55ccd4514394c95e3c448c02d2048ccedc2c087e55bb5be50d671241d8357c3d250982" classname="com.github.traderjoe95.mls.protocol.tree.TreeKem" time="0.0"/>
  <testcase name="the decrypted path secret should be aa546d9c0bd3944e95fe8cdba3d8f2a3763690d624124e9b1a9925541ba67b0d6e03061018743f081935318228e125bd" classname="com.github.traderjoe95.mls.protocol.tree.TreeKem" time="0.001"/>
  <testcase name="a new update path generated by the sender should be successfully processed" classname="com.github.traderjoe95.mls.protocol.tree.TreeKem" time="0.002"/>
  <testcase name="the update path should be parent-hash valid" classname="com.github.traderjoe95.mls.protocol.tree.TreeKem" time="0.0"/>
  <testcase name="the tree hash after merging the update path should be 208c930502cc7160108da66a4e55ccd4514394c95e3c448c02d2048ccedc2c087e55bb5be50d671241d8357c3d250982" classname="com.github.traderjoe95.mls.protocol.tree.TreeKem" time="0.001"/>
  <testcase name="the decrypted path secret should be cb55865c47b3082ae049255cabd1a8738be1fc1ad6c645ec78ca390503d7d0dbe640c42dc63cee3a7e477cd28e5eb5f1" classname="com.github.traderjoe95.mls.protocol.tree.TreeKem" time="0.002"/>
  <testcase name="a new update path generated by the sender should be successfully processed" classname="com.github.traderjoe95.mls.protocol.tree.TreeKem" time="0.003"/>
  <testcase name="the update path should be parent-hash valid" classname="com.github.traderjoe95.mls.protocol.tree.TreeKem" time="0.0"/>
  <testcase name="the tree hash after merging the update path should be 208c930502cc7160108da66a4e55ccd4514394c95e3c448c02d2048ccedc2c087e55bb5be50d671241d8357c3d250982" classname="com.github.traderjoe95.mls.protocol.tree.TreeKem" time="0.001"/>
  <testcase name="the decrypted path secret should be cb55865c47b3082ae049255cabd1a8738be1fc1ad6c645ec78ca390503d7d0dbe640c42dc63cee3a7e477cd28e5eb5f1" classname="com.github.traderjoe95.mls.protocol.tree.TreeKem" time="0.002"/>
  <testcase name="a new update path generated by the sender should be successfully processed" classname="com.github.traderjoe95.mls.protocol.tree.TreeKem" time="0.002"/>
  <testcase name="the update path should be parent-hash valid" classname="com.github.traderjoe95.mls.protocol.tree.TreeKem" time="0.0"/>
  <testcase name="the tree hash after merging the update path should be 208c930502cc7160108da66a4e55ccd4514394c95e3c448c02d2048ccedc2c087e55bb5be50d671241d8357c3d250982" classname="com.github.traderjoe95.mls.protocol.tree.TreeKem" time="0.0"/>
  <testcase name="the decrypted path secret should be cb55865c47b3082ae049255cabd1a8738be1fc1ad6c645ec78ca390503d7d0dbe640c42dc63cee3a7e477cd28e5eb5f1" classname="com.github.traderjoe95.mls.protocol.tree.TreeKem" time="0.001"/>
  <testcase name="a new update path generated by the sender should be successfully processed" classname="com.github.traderjoe95.mls.protocol.tree.TreeKem" time="0.002"/>
  <testcase name="the update path should be parent-hash valid" classname="com.github.traderjoe95.mls.protocol.tree.TreeKem" time="0.0"/>
  <testcase name="the tree hash after merging the update path should be e7169ac0a6d09f2e6099a56e272cac9e82af9b0fe5cc2d26504419b346d3ba346d8e71ccfbe4b875c5c5c41e1e9bbb46" classname="com.github.traderjoe95.mls.protocol.tree.TreeKem" time="0.0"/>
  <testcase name="the decrypted path secret should be 9e40877c737a8fd168d785a993f0d23ad20528c24b338cb226c28b6168776578dfaaa2bef287cfe99ed65c392cd73fd9" classname="com.github.traderjoe95.mls.protocol.tree.TreeKem" time="0.002"/>
  <testcase name="a new update path generated by the sender should be successfully processed" classname="com.github.traderjoe95.mls.protocol.tree.TreeKem" time="0.002"/>
  <testcase name="the update path should be parent-hash valid" classname="com.github.traderjoe95.mls.protocol.tree.TreeKem" time="0.001"/>
  <testcase name="the tree hash after merging the update path should be e7169ac0a6d09f2e6099a56e272cac9e82af9b0fe5cc2d26504419b346d3ba346d8e71ccfbe4b875c5c5c41e1e9bbb46" classname="com.github.traderjoe95.mls.protocol.tree.TreeKem" time="0.001"/>
  <testcase name="the decrypted path secret should be 9e40877c737a8fd168d785a993f0d23ad20528c24b338cb226c28b6168776578dfaaa2bef287cfe99ed65c392cd73fd9" classname="com.github.traderjoe95.mls.protocol.tree.TreeKem" time="0.002"/>
  <testcase name="a new update path generated by the sender should be successfully processed" classname="com.github.traderjoe95.mls.protocol.tree.TreeKem" time="0.002"/>
  <testcase name="the update path should be parent-hash valid" classname="com.github.traderjoe95.mls.protocol.tree.TreeKem" time="0.0"/>
  <testcase name="the tree hash after merging the update path should be e7169ac0a6d09f2e6099a56e272cac9e82af9b0fe5cc2d26504419b346d3ba346d8e71ccfbe4b875c5c5c41e1e9bbb46" classname="com.github.traderjoe95.mls.protocol.tree.TreeKem" time="0.0"/>
  <testcase name="the decrypted path secret should be 9e40877c737a8fd168d785a993f0d23ad20528c24b338cb226c28b6168776578dfaaa2bef287cfe99ed65c392cd73fd9" classname="com.github.traderjoe95.mls.protocol.tree.TreeKem" time="0.002"/>
  <testcase name="a new update path generated by the sender should be successfully processed" classname="com.github.traderjoe95.mls.protocol.tree.TreeKem" time="0.001"/>
  <testcase name="the update path should be parent-hash valid" classname="com.github.traderjoe95.mls.protocol.tree.TreeKem" time="0.001"/>
  <testcase name="the tree hash after merging the update path should be e7169ac0a6d09f2e6099a56e272cac9e82af9b0fe5cc2d26504419b346d3ba346d8e71ccfbe4b875c5c5c41e1e9bbb46" classname="com.github.traderjoe95.mls.protocol.tree.TreeKem" time="0.0"/>
  <testcase name="the decrypted path secret should be 9e40877c737a8fd168d785a993f0d23ad20528c24b338cb226c28b6168776578dfaaa2bef287cfe99ed65c392cd73fd9" classname="com.github.traderjoe95.mls.protocol.tree.TreeKem" time="0.001"/>
  <testcase name="a new update path generated by the sender should be successfully processed" classname="com.github.traderjoe95.mls.protocol.tree.TreeKem" time="0.002"/>
  <testcase name="the update path should be parent-hash valid" classname="com.github.traderjoe95.mls.protocol.tree.TreeKem" time="0.0"/>
  <testcase name="the tree hash after merging the update path should be e7169ac0a6d09f2e6099a56e272cac9e82af9b0fe5cc2d26504419b346d3ba346d8e71ccfbe4b875c5c5c41e1e9bbb46" classname="com.github.traderjoe95.mls.protocol.tree.TreeKem" time="0.0"/>
  <testcase name="the decrypted path secret should be e9c39a631b7d57379f81893cdee755a81ce22749e68bfb9d2cf53a3929b9cc2a13d38614ffdb4e7571caf9bf7f93e98c" classname="com.github.traderjoe95.mls.protocol.tree.TreeKem" time="0.001"/>
  <testcase name="a new update path generated by the sender should be successfully processed" classname="com.github.traderjoe95.mls.protocol.tree.TreeKem" time="0.002"/>
  <testcase name="the update path should be parent-hash valid" classname="com.github.traderjoe95.mls.protocol.tree.TreeKem" time="0.001"/>
  <testcase name="the tree hash after merging the update path should be e7169ac0a6d09f2e6099a56e272cac9e82af9b0fe5cc2d26504419b346d3ba346d8e71ccfbe4b875c5c5c41e1e9bbb46" classname="com.github.traderjoe95.mls.protocol.tree.TreeKem" time="0.0"/>
  <testcase name="the decrypted path secret should be b22af6af367fdeb92cc6b6bd53e2fe482c97c74e7bdac0cbe00782599ebf8f47a83ac4569b38ac116a1a99c6b3c84af3" classname="com.github.traderjoe95.mls.protocol.tree.TreeKem" time="0.002"/>
  <testcase name="a new update path generated by the sender should be successfully processed" classname="com.github.traderjoe95.mls.protocol.tree.TreeKem" time="0.002"/>
  <testcase name="the update path should be parent-hash valid" classname="com.github.traderjoe95.mls.protocol.tree.TreeKem" time="0.0"/>
  <testcase name="the tree hash after merging the update path should be 5a51841f2968c701f58aee8c34dc912b768ae997dc2ece592bef8701094dd984f08caf67cc8fbc2e1b1b1da0f4e2a69f" classname="com.github.traderjoe95.mls.protocol.tree.TreeKem" time="0.0"/>
  <testcase name="the decrypted path secret should be f3238516f7efbb2db538184a016717b2fef9fd309b43831c6923fc80083f3a1a14eb207ed5e4dc51792e77a86edd5872" classname="com.github.traderjoe95.mls.protocol.tree.TreeKem" time="0.001"/>
  <testcase name="a new update path generated by the sender should be successfully processed" classname="com.github.traderjoe95.mls.protocol.tree.TreeKem" time="0.002"/>
  <testcase name="the update path should be parent-hash valid" classname="com.github.traderjoe95.mls.protocol.tree.TreeKem" time="0.0"/>
  <testcase name="the tree hash after merging the update path should be 5a51841f2968c701f58aee8c34dc912b768ae997dc2ece592bef8701094dd984f08caf67cc8fbc2e1b1b1da0f4e2a69f" classname="com.github.traderjoe95.mls.protocol.tree.TreeKem" time="0.001"/>
  <testcase name="the decrypted path secret should be f3238516f7efbb2db538184a016717b2fef9fd309b43831c6923fc80083f3a1a14eb207ed5e4dc51792e77a86edd5872" classname="com.github.traderjoe95.mls.protocol.tree.TreeKem" time="0.002"/>
  <testcase name="a new update path generated by the sender should be successfully processed" classname="com.github.traderjoe95.mls.protocol.tree.TreeKem" time="0.002"/>
  <testcase name="the update path should be parent-hash valid" classname="com.github.traderjoe95.mls.protocol.tree.TreeKem" time="0.0"/>
  <testcase name="the tree hash after merging the update path should be 5a51841f2968c701f58aee8c34dc912b768ae997dc2ece592bef8701094dd984f08caf67cc8fbc2e1b1b1da0f4e2a69f" classname="com.github.traderjoe95.mls.protocol.tree.TreeKem" time="0.0"/>
  <testcase name="the decrypted path secret should be f3238516f7efbb2db538184a016717b2fef9fd309b43831c6923fc80083f3a1a14eb207ed5e4dc51792e77a86edd5872" classname="com.github.traderjoe95.mls.protocol.tree.TreeKem" time="0.001"/>
  <testcase name="a new update path generated by the sender should be successfully processed" classname="com.github.traderjoe95.mls.protocol.tree.TreeKem" time="0.002"/>
  <testcase name="the update path should be parent-hash valid" classname="com.github.traderjoe95.mls.protocol.tree.TreeKem" time="0.0"/>
  <testcase name="the tree hash after merging the update path should be 5a51841f2968c701f58aee8c34dc912b768ae997dc2ece592bef8701094dd984f08caf67cc8fbc2e1b1b1da0f4e2a69f" classname="com.github.traderjoe95.mls.protocol.tree.TreeKem" time="0.0"/>
  <testcase name="the decrypted path secret should be f3238516f7efbb2db538184a016717b2fef9fd309b43831c6923fc80083f3a1a14eb207ed5e4dc51792e77a86edd5872" classname="com.github.traderjoe95.mls.protocol.tree.TreeKem" time="0.001"/>
  <testcase name="a new update path generated by the sender should be successfully processed" classname="com.github.traderjoe95.mls.protocol.tree.TreeKem" time="0.002"/>
  <testcase name="the update path should be parent-hash valid" classname="com.github.traderjoe95.mls.protocol.tree.TreeKem" time="0.0"/>
  <testcase name="the tree hash after merging the update path should be 5a51841f2968c701f58aee8c34dc912b768ae997dc2ece592bef8701094dd984f08caf67cc8fbc2e1b1b1da0f4e2a69f" classname="com.github.traderjoe95.mls.protocol.tree.TreeKem" time="0.001"/>
  <testcase name="the decrypted path secret should be 88d304a768455ee51a11b98aaf4cf2823bd15484000cf536b9fbc9c3b4a1b00b97e4b7029ad13d1ec4c11f37129cb5b5" classname="com.github.traderjoe95.mls.protocol.tree.TreeKem" time="0.002"/>
  <testcase name="a new update path generated by the sender should be successfully processed" classname="com.github.traderjoe95.mls.protocol.tree.TreeKem" time="0.002"/>
  <testcase name="the update path should be parent-hash valid" classname="com.github.traderjoe95.mls.protocol.tree.TreeKem" time="0.0"/>
  <testcase name="the tree hash after merging the update path should be 5a51841f2968c701f58aee8c34dc912b768ae997dc2ece592bef8701094dd984f08caf67cc8fbc2e1b1b1da0f4e2a69f" classname="com.github.traderjoe95.mls.protocol.tree.TreeKem" time="0.0"/>
  <testcase name="the decrypted path secret should be 5ec9888ea6a8bd99ecab3c947b9daabee58453b54ab2e816b0cefa639cfec1824b849721deb2c80fc05d4c1aff04735b" classname="com.github.traderjoe95.mls.protocol.tree.TreeKem" time="0.001"/>
  <testcase name="a new update path generated by the sender should be successfully processed" classname="com.github.traderjoe95.mls.protocol.tree.TreeKem" time="0.002"/>
  <testcase name="the update path should be parent-hash valid" classname="com.github.traderjoe95.mls.protocol.tree.TreeKem" time="0.0"/>
  <testcase name="the tree hash after merging the update path should be e77f182a1dbd08b735ab9f77be20c67f9dbb31ea2f6210cf1870f98e4b0bc4026f5c40d62bec6403a757c5185476eb98" classname="com.github.traderjoe95.mls.protocol.tree.TreeKem" time="0.0"/>
  <testcase name="the decrypted path secret should be 59b1f547daeb712277bbace36dba7f4593163a046346bfdc4a1e5cbb76847dcf5bdf1ed3ac0085003dcb9ca55ebeefac" classname="com.github.traderjoe95.mls.protocol.tree.TreeKem" time="0.002"/>
  <testcase name="a new update path generated by the sender should be successfully processed" classname="com.github.traderjoe95.mls.protocol.tree.TreeKem" time="0.002"/>
  <testcase name="the update path should be parent-hash valid" classname="com.github.traderjoe95.mls.protocol.tree.TreeKem" time="0.0"/>
  <testcase name="the tree hash after merging the update path should be e77f182a1dbd08b735ab9f77be20c67f9dbb31ea2f6210cf1870f98e4b0bc4026f5c40d62bec6403a757c5185476eb98" classname="com.github.traderjoe95.mls.protocol.tree.TreeKem" time="0.001"/>
  <testcase name="the decrypted path secret should be 59b1f547daeb712277bbace36dba7f4593163a046346bfdc4a1e5cbb76847dcf5bdf1ed3ac0085003dcb9ca55ebeefac" classname="com.github.traderjoe95.mls.protocol.tree.TreeKem" time="0.002"/>
  <testcase name="a new update path generated by the sender should be successfully processed" classname="com.github.traderjoe95.mls.protocol.tree.TreeKem" time="0.002"/>
  <testcase name="the update path should be parent-hash valid" classname="com.github.traderjoe95.mls.protocol.tree.TreeKem" time="0.0"/>
  <testcase name="the tree hash after merging the update path should be e77f182a1dbd08b735ab9f77be20c67f9dbb31ea2f6210cf1870f98e4b0bc4026f5c40d62bec6403a757c5185476eb98" classname="com.github.traderjoe95.mls.protocol.tree.TreeKem" time="0.0"/>
  <testcase name="the decrypted path secret should be 59b1f547daeb712277bbace36dba7f4593163a046346bfdc4a1e5cbb76847dcf5bdf1ed3ac0085003dcb9ca55ebeefac" classname="com.github.traderjoe95.mls.protocol.tree.TreeKem" time="0.001"/>
  <testcase name="a new update path generated by the sender should be successfully processed" classname="com.github.traderjoe95.mls.protocol.tree.TreeKem" time="0.002"/>
  <testcase name="the update path should be parent-hash valid" classname="com.github.traderjoe95.mls.protocol.tree.TreeKem" time="0.0"/>
  <testcase name="the tree hash after merging the update path should be e77f182a1dbd08b735ab9f77be20c67f9dbb31ea2f6210cf1870f98e4b0bc4026f5c40d62bec6403a757c5185476eb98" classname="com.github.traderjoe95.mls.protocol.tree.TreeKem" time="0.001"/>
  <testcase name="the decrypted path secret should be 59b1f547daeb712277bbace36dba7f4593163a046346bfdc4a1e5cbb76847dcf5bdf1ed3ac0085003dcb9ca55ebeefac" classname="com.github.traderjoe95.mls.protocol.tree.TreeKem" time="0.002"/>
  <testcase name="a new update path generated by the sender should be successfully processed" classname="com.github.traderjoe95.mls.protocol.tree.TreeKem" time="0.002"/>
  <testcase name="the update path should be parent-hash valid" classname="com.github.traderjoe95.mls.protocol.tree.TreeKem" time="0.001"/>
  <testcase name="the tree hash after merging the update path should be e77f182a1dbd08b735ab9f77be20c67f9dbb31ea2f6210cf1870f98e4b0bc4026f5c40d62bec6403a757c5185476eb98" classname="com.github.traderjoe95.mls.protocol.tree.TreeKem" time="0.0"/>
  <testcase name="the decrypted path secret should be c2de76170aa325aa17a74fddcb690c985dfc645d403e2ee215cea85635b343a9a8072182f57d57ce525b1b029860450f" classname="com.github.traderjoe95.mls.protocol.tree.TreeKem" time="0.002"/>
  <testcase name="a new update path generated by the sender should be successfully processed" classname="com.github.traderjoe95.mls.protocol.tree.TreeKem" time="0.002"/>
  <testcase name="the update path should be parent-hash valid" classname="com.github.traderjoe95.mls.protocol.tree.TreeKem" time="0.0"/>
  <testcase name="the tree hash after merging the update path should be e77f182a1dbd08b735ab9f77be20c67f9dbb31ea2f6210cf1870f98e4b0bc4026f5c40d62bec6403a757c5185476eb98" classname="com.github.traderjoe95.mls.protocol.tree.TreeKem" time="0.0"/>
  <testcase name="the decrypted path secret should be c2de76170aa325aa17a74fddcb690c985dfc645d403e2ee215cea85635b343a9a8072182f57d57ce525b1b029860450f" classname="com.github.traderjoe95.mls.protocol.tree.TreeKem" time="0.002"/>
  <testcase name="a new update path generated by the sender should be successfully processed" classname="com.github.traderjoe95.mls.protocol.tree.TreeKem" time="0.002"/>
  <system-out><![CDATA[]]></system-out>
  <system-err><![CDATA[]]></system-err>
</testsuite>
