<?xml version="1.0" encoding="UTF-8"?>
<testsuite name="com.github.traderjoe95.mls.protocol.message.Messages" tests="8320" skipped="0" failures="0" errors="0" timestamp="2024-03-25T12:31:36" hostname="ataleb-ThinkPad-X13-Gen-1" time="7.235">
  <properties/>
  <testcase name="should be decoded properly" classname="com.github.traderjoe95.mls.protocol.message.Messages" time="0.001"/>
  <testcase name="should round-trip to the same binary value" classname="com.github.traderjoe95.mls.protocol.message.Messages" time="0.001"/>
  <testcase name="should be decoded properly" classname="com.github.traderjoe95.mls.protocol.message.Messages" time="0.001"/>
  <testcase name="should round-trip to the same binary value" classname="com.github.traderjoe95.mls.protocol.message.Messages" time="0.001"/>
  <testcase name="should be decoded properly" classname="com.github.traderjoe95.mls.protocol.message.Messages" time="0.001"/>
  <testcase name="should round-trip to the same binary value" classname="com.github.traderjoe95.mls.protocol.message.Messages" time="0.0"/>
  <testcase name="should be decoded properly" classname="com.github.traderjoe95.mls.protocol.message.Messages" time="0.0"/>
  <testcase name="should round-trip to the same binary value" classname="com.github.traderjoe95.mls.protocol.message.Messages" time="0.001"/>
  <testcase name="should be decoded properly" classname="com.github.traderjoe95.mls.protocol.message.Messages" time="0.0"/>
  <testcase name="should round-trip to the same binary value" classname="com.github.traderjoe95.mls.protocol.message.Messages" time="0.0"/>
  <testcase name="should be decoded properly" classname="com.github.traderjoe95.mls.protocol.message.Messages" time="0.001"/>
  <testcase name="should round-trip to the same binary value" classname="com.github.traderjoe95.mls.protocol.message.Messages" time="0.0"/>
  <testcase name="should be decoded properly" classname="com.github.traderjoe95.mls.protocol.message.Messages" time="0.0"/>
  <testcase name="should round-trip to the same binary value" classname="com.github.traderjoe95.mls.protocol.message.Messages" time="0.001"/>
  <testcase name="should be decoded properly" classname="com.github.traderjoe95.mls.protocol.message.Messages" time="0.001"/>
  <testcase name="should round-trip to the same binary value" classname="com.github.traderjoe95.mls.protocol.message.Messages" time="0.0"/>
  <testcase name="should be decoded properly" classname="com.github.traderjoe95.mls.protocol.message.Messages" time="0.0"/>
  <testcase name="should round-trip to the same binary value" classname="com.github.traderjoe95.mls.protocol.message.Messages" time="0.0"/>
  <testcase name="should be decoded properly" classname="com.github.traderjoe95.mls.protocol.message.Messages" time="0.0"/>
  <testcase name="should round-trip to the same binary value" classname="com.github.traderjoe95.mls.protocol.message.Messages" time="0.0"/>
  <testcase name="should be decoded properly" classname="com.github.traderjoe95.mls.protocol.message.Messages" time="0.001"/>
  <testcase name="should round-trip to the same binary value" classname="com.github.traderjoe95.mls.protocol.message.Messages" time="0.0"/>
  <testcase name="should be decoded properly" classname="com.github.traderjoe95.mls.protocol.message.Messages" time="0.0"/>
  <testcase name="should round-trip to the same binary value" classname="com.github.traderjoe95.mls.protocol.message.Messages" time="0.0"/>
  <testcase name="should be decoded properly" classname="com.github.traderjoe95.mls.protocol.message.Messages" time="0.0"/>
  <testcase name="should round-trip to the same binary value" classname="com.github.traderjoe95.mls.protocol.message.Messages" time="0.0"/>
  <testcase name="should be decoded properly" classname="com.github.traderjoe95.mls.protocol.message.Messages" time="0.0"/>
  <testcase name="should round-trip to the same binary value" classname="com.github.traderjoe95.mls.protocol.message.Messages" time="0.001"/>
  <testcase name="should be decoded properly" classname="com.github.traderjoe95.mls.protocol.message.Messages" time="0.001"/>
  <testcase name="should round-trip to the same binary value" classname="com.github.traderjoe95.mls.protocol.message.Messages" time="0.0"/>
  <testcase name="should be decoded properly" classname="com.github.traderjoe95.mls.protocol.message.Messages" time="0.0"/>
  <testcase name="should round-trip to the same binary value" classname="com.github.traderjoe95.mls.protocol.message.Messages" time="0.0"/>
  <testcase name="should be decoded properly" classname="com.github.traderjoe95.mls.protocol.message.Messages" time="0.0"/>
  <testcase name="should round-trip to the same binary value" classname="com.github.traderjoe95.mls.protocol.message.Messages" time="0.0"/>
  <testcase name="should be decoded properly" classname="com.github.traderjoe95.mls.protocol.message.Messages" time="0.0"/>
  <testcase name="should round-trip to the same binary value" classname="com.github.traderjoe95.mls.protocol.message.Messages" time="0.0"/>
  <testcase name="should be decoded properly" classname="com.github.traderjoe95.mls.protocol.message.Messages" time="0.0"/>
  <testcase name="should round-trip to the same binary value" classname="com.github.traderjoe95.mls.protocol.message.Messages" time="0.0"/>
  <testcase name="should be decoded properly" classname="com.github.traderjoe95.mls.protocol.message.Messages" time="0.001"/>
  <testcase name="should round-trip to the same binary value" classname="com.github.traderjoe95.mls.protocol.message.Messages" time="0.0"/>
  <testcase name="should be decoded properly" classname="com.github.traderjoe95.mls.protocol.message.Messages" time="0.0"/>
  <testcase name="should round-trip to the same binary value" classname="com.github.traderjoe95.mls.protocol.message.Messages" time="0.0"/>
  <testcase name="should be decoded properly" classname="com.github.traderjoe95.mls.protocol.message.Messages" time="0.0"/>
  <testcase name="should round-trip to the same binary value" classname="com.github.traderjoe95.mls.protocol.message.Messages" time="0.0"/>
  <testcase name="should be decoded properly" classname="com.github.traderjoe95.mls.protocol.message.Messages" time="0.0"/>
  <testcase name="should round-trip to the same binary value" classname="com.github.traderjoe95.mls.protocol.message.Messages" time="0.0"/>
  <testcase name="should be decoded properly" classname="com.github.traderjoe95.mls.protocol.message.Messages" time="0.0"/>
  <testcase name="should round-trip to the same binary value" classname="com.github.traderjoe95.mls.protocol.message.Messages" time="0.0"/>
  <testcase name="should be decoded properly" classname="com.github.traderjoe95.mls.protocol.message.Messages" time="0.0"/>
  <testcase name="should round-trip to the same binary value" classname="com.github.traderjoe95.mls.protocol.message.Messages" time="0.0"/>
  <testcase name="should be decoded properly" classname="com.github.traderjoe95.mls.protocol.message.Messages" time="0.0"/>
  <testcase name="should round-trip to the same binary value" classname="com.github.traderjoe95.mls.protocol.message.Messages" time="0.0"/>
  <testcase name="should be decoded properly" classname="com.github.traderjoe95.mls.protocol.message.Messages" time="0.0"/>
  <testcase name="should round-trip to the same binary value" classname="com.github.traderjoe95.mls.protocol.message.Messages" time="0.0"/>
  <testcase name="should be decoded properly" classname="com.github.traderjoe95.mls.protocol.message.Messages" time="0.001"/>
  <testcase name="should round-trip to the same binary value" classname="com.github.traderjoe95.mls.protocol.message.Messages" time="0.001"/>
  <testcase name="should be decoded properly" classname="com.github.traderjoe95.mls.protocol.message.Messages" time="0.0"/>
  <testcase name="should round-trip to the same binary value" classname="com.github.traderjoe95.mls.protocol.message.Messages" time="0.001"/>
  <testcase name="should be decoded properly" classname="com.github.traderjoe95.mls.protocol.message.Messages" time="0.001"/>
  <testcase name="should round-trip to the same binary value" classname="com.github.traderjoe95.mls.protocol.message.Messages" time="0.0"/>
  <testcase name="should be decoded properly" classname="com.github.traderjoe95.mls.protocol.message.Messages" time="0.0"/>
  <testcase name="should round-trip to the same binary value" classname="com.github.traderjoe95.mls.protocol.message.Messages" time="0.0"/>
  <testcase name="should be decoded properly" classname="com.github.traderjoe95.mls.protocol.message.Messages" time="0.0"/>
  <testcase name="should round-trip to the same binary value" classname="com.github.traderjoe95.mls.protocol.message.Messages" time="0.0"/>
  <testcase name="should be decoded properly" classname="com.github.traderjoe95.mls.protocol.message.Messages" time="0.0"/>
  <testcase name="should round-trip to the same binary value" classname="com.github.traderjoe95.mls.protocol.message.Messages" time="0.001"/>
  <testcase name="should be decoded properly" classname="com.github.traderjoe95.mls.protocol.message.Messages" time="0.0"/>
  <testcase name="should round-trip to the same binary value" classname="com.github.traderjoe95.mls.protocol.message.Messages" time="0.0"/>
  <testcase name="should be decoded properly" classname="com.github.traderjoe95.mls.protocol.message.Messages" time="0.0"/>
  <testcase name="should round-trip to the same binary value" classname="com.github.traderjoe95.mls.protocol.message.Messages" time="0.0"/>
  <testcase name="should be decoded properly" classname="com.github.traderjoe95.mls.protocol.message.Messages" time="0.0"/>
  <testcase name="should round-trip to the same binary value" classname="com.github.traderjoe95.mls.protocol.message.Messages" time="0.001"/>
  <testcase name="should be decoded properly" classname="com.github.traderjoe95.mls.protocol.message.Messages" time="0.0"/>
  <testcase name="should round-trip to the same binary value" classname="com.github.traderjoe95.mls.protocol.message.Messages" time="0.0"/>
  <testcase name="should be decoded properly" classname="com.github.traderjoe95.mls.protocol.message.Messages" time="0.0"/>
  <testcase name="should round-trip to the same binary value" classname="com.github.traderjoe95.mls.protocol.message.Messages" time="0.0"/>
  <testcase name="should be decoded properly" classname="com.github.traderjoe95.mls.protocol.message.Messages" time="0.0"/>
  <testcase name="should round-trip to the same binary value" classname="com.github.traderjoe95.mls.protocol.message.Messages" time="0.0"/>
  <testcase name="should be decoded properly" classname="com.github.traderjoe95.mls.protocol.message.Messages" time="0.0"/>
  <testcase name="should round-trip to the same binary value" classname="com.github.traderjoe95.mls.protocol.message.Messages" time="0.0"/>
  <testcase name="should be decoded properly" classname="com.github.traderjoe95.mls.protocol.message.Messages" time="0.0"/>
  <testcase name="should round-trip to the same binary value" classname="com.github.traderjoe95.mls.protocol.message.Messages" time="0.0"/>
  <testcase name="should be decoded properly" classname="com.github.traderjoe95.mls.protocol.message.Messages" time="0.0"/>
  <testcase name="should round-trip to the same binary value" classname="com.github.traderjoe95.mls.protocol.message.Messages" time="0.0"/>
  <testcase name="should be decoded properly" classname="com.github.traderjoe95.mls.protocol.message.Messages" time="0.0"/>
  <testcase name="should round-trip to the same binary value" classname="com.github.traderjoe95.mls.protocol.message.Messages" time="0.0"/>
  <testcase name="should be decoded properly" classname="com.github.traderjoe95.mls.protocol.message.Messages" time="0.0"/>
  <testcase name="should round-trip to the same binary value" classname="com.github.traderjoe95.mls.protocol.message.Messages" time="0.0"/>
  <testcase name="should be decoded properly" classname="com.github.traderjoe95.mls.protocol.message.Messages" time="0.0"/>
  <testcase name="should round-trip to the same binary value" classname="com.github.traderjoe95.mls.protocol.message.Messages" time="0.001"/>
  <testcase name="should be decoded properly" classname="com.github.traderjoe95.mls.protocol.message.Messages" time="0.005"/>
  <testcase name="should round-trip to the same binary value" classname="com.github.traderjoe95.mls.protocol.message.Messages" time="0.0"/>
  <testcase name="should be decoded properly" classname="com.github.traderjoe95.mls.protocol.message.Messages" time="0.0"/>
  <testcase name="should round-trip to the same binary value" classname="com.github.traderjoe95.mls.protocol.message.Messages" time="0.001"/>
  <testcase name="should be decoded properly" classname="com.github.traderjoe95.mls.protocol.message.Messages" time="0.0"/>
  <testcase name="should round-trip to the same binary value" classname="com.github.traderjoe95.mls.protocol.message.Messages" time="0.0"/>
  <testcase name="should be decoded properly" classname="com.github.traderjoe95.mls.protocol.message.Messages" time="0.0"/>
  <testcase name="should round-trip to the same binary value" classname="com.github.traderjoe95.mls.protocol.message.Messages" time="0.0"/>
  <testcase name="should be decoded properly" classname="com.github.traderjoe95.mls.protocol.message.Messages" time="0.0"/>
  <testcase name="should round-trip to the same binary value" classname="com.github.traderjoe95.mls.protocol.message.Messages" time="0.0"/>
  <testcase name="should be decoded properly" classname="com.github.traderjoe95.mls.protocol.message.Messages" time="0.0"/>
  <testcase name="should round-trip to the same binary value" classname="com.github.traderjoe95.mls.protocol.message.Messages" time="0.0"/>
  <testcase name="should be decoded properly" classname="com.github.traderjoe95.mls.protocol.message.Messages" time="0.0"/>
  <testcase name="should round-trip to the same binary value" classname="com.github.traderjoe95.mls.protocol.message.Messages" time="0.0"/>
  <testcase name="should be decoded properly" classname="com.github.traderjoe95.mls.protocol.message.Messages" time="0.0"/>
  <testcase name="should round-trip to the same binary value" classname="com.github.traderjoe95.mls.protocol.message.Messages" time="0.0"/>
  <testcase name="should be decoded properly" classname="com.github.traderjoe95.mls.protocol.message.Messages" time="0.0"/>
  <testcase name="should round-trip to the same binary value" classname="com.github.traderjoe95.mls.protocol.message.Messages" time="0.001"/>
  <testcase name="should be decoded properly" classname="com.github.traderjoe95.mls.protocol.message.Messages" time="0.0"/>
  <testcase name="should round-trip to the same binary value" classname="com.github.traderjoe95.mls.protocol.message.Messages" time="0.0"/>
  <testcase name="should be decoded properly" classname="com.github.traderjoe95.mls.protocol.message.Messages" time="0.0"/>
  <testcase name="should round-trip to the same binary value" classname="com.github.traderjoe95.mls.protocol.message.Messages" time="0.0"/>
  <testcase name="should be decoded properly" classname="com.github.traderjoe95.mls.protocol.message.Messages" time="0.0"/>
  <testcase name="should round-trip to the same binary value" classname="com.github.traderjoe95.mls.protocol.message.Messages" time="0.0"/>
  <testcase name="should be decoded properly" classname="com.github.traderjoe95.mls.protocol.message.Messages" time="0.0"/>
  <testcase name="should round-trip to the same binary value" classname="com.github.traderjoe95.mls.protocol.message.Messages" time="0.0"/>
  <testcase name="should be decoded properly" classname="com.github.traderjoe95.mls.protocol.message.Messages" time="0.0"/>
  <testcase name="should round-trip to the same binary value" classname="com.github.traderjoe95.mls.protocol.message.Messages" time="0.0"/>
  <testcase name="should be decoded properly" classname="com.github.traderjoe95.mls.protocol.message.Messages" time="0.0"/>
  <testcase name="should round-trip to the same binary value" classname="com.github.traderjoe95.mls.protocol.message.Messages" time="0.0"/>
  <testcase name="should be decoded properly" classname="com.github.traderjoe95.mls.protocol.message.Messages" time="0.0"/>
  <testcase name="should round-trip to the same binary value" classname="com.github.traderjoe95.mls.protocol.message.Messages" time="0.0"/>
  <testcase name="should be decoded properly" classname="com.github.traderjoe95.mls.protocol.message.Messages" time="0.0"/>
  <testcase name="should round-trip to the same binary value" classname="com.github.traderjoe95.mls.protocol.message.Messages" time="0.0"/>
  <testcase name="should be decoded properly" classname="com.github.traderjoe95.mls.protocol.message.Messages" time="0.001"/>
  <testcase name="should round-trip to the same binary value" classname="com.github.traderjoe95.mls.protocol.message.Messages" time="0.001"/>
  <testcase name="should be decoded properly" classname="com.github.traderjoe95.mls.protocol.message.Messages" time="0.0"/>
  <testcase name="should round-trip to the same binary value" classname="com.github.traderjoe95.mls.protocol.message.Messages" time="0.0"/>
  <testcase name="should be decoded properly" classname="com.github.traderjoe95.mls.protocol.message.Messages" time="0.0"/>
  <testcase name="should round-trip to the same binary value" classname="com.github.traderjoe95.mls.protocol.message.Messages" time="0.0"/>
  <testcase name="should be decoded properly" classname="com.github.traderjoe95.mls.protocol.message.Messages" time="0.0"/>
  <testcase name="should round-trip to the same binary value" classname="com.github.traderjoe95.mls.protocol.message.Messages" time="0.0"/>
  <testcase name="should be decoded properly" classname="com.github.traderjoe95.mls.protocol.message.Messages" time="0.001"/>
  <testcase name="should round-trip to the same binary value" classname="com.github.traderjoe95.mls.protocol.message.Messages" time="0.001"/>
  <testcase name="should be decoded properly" classname="com.github.traderjoe95.mls.protocol.message.Messages" time="0.0"/>
  <testcase name="should round-trip to the same binary value" classname="com.github.traderjoe95.mls.protocol.message.Messages" time="0.0"/>
  <testcase name="should be decoded properly" classname="com.github.traderjoe95.mls.protocol.message.Messages" time="0.0"/>
  <testcase name="should round-trip to the same binary value" classname="com.github.traderjoe95.mls.protocol.message.Messages" time="0.001"/>
  <testcase name="should be decoded properly" classname="com.github.traderjoe95.mls.protocol.message.Messages" time="0.0"/>
  <testcase name="should round-trip to the same binary value" classname="com.github.traderjoe95.mls.protocol.message.Messages" time="0.0"/>
  <testcase name="should be decoded properly" classname="com.github.traderjoe95.mls.protocol.message.Messages" time="0.001"/>
  <testcase name="should round-trip to the same binary value" classname="com.github.traderjoe95.mls.protocol.message.Messages" time="0.0"/>
  <testcase name="should be decoded properly" classname="com.github.traderjoe95.mls.protocol.message.Messages" time="0.001"/>
  <testcase name="should round-trip to the same binary value" classname="com.github.traderjoe95.mls.protocol.message.Messages" time="0.0"/>
  <testcase name="should be decoded properly" classname="com.github.traderjoe95.mls.protocol.message.Messages" time="0.0"/>
  <testcase name="should round-trip to the same binary value" classname="com.github.traderjoe95.mls.protocol.message.Messages" time="0.0"/>
  <testcase name="should be decoded properly" classname="com.github.traderjoe95.mls.protocol.message.Messages" time="0.0"/>
  <testcase name="should round-trip to the same binary value" classname="com.github.traderjoe95.mls.protocol.message.Messages" time="0.0"/>
  <testcase name="should be decoded properly" classname="com.github.traderjoe95.mls.protocol.message.Messages" time="0.0"/>
  <testcase name="should round-trip to the same binary value" classname="com.github.traderjoe95.mls.protocol.message.Messages" time="0.001"/>
  <testcase name="should be decoded properly" classname="com.github.traderjoe95.mls.protocol.message.Messages" time="0.0"/>
  <testcase name="should round-trip to the same binary value" classname="com.github.traderjoe95.mls.protocol.message.Messages" time="0.0"/>
  <testcase name="should be decoded properly" classname="com.github.traderjoe95.mls.protocol.message.Messages" time="0.0"/>
  <testcase name="should round-trip to the same binary value" classname="com.github.traderjoe95.mls.protocol.message.Messages" time="0.0"/>
  <testcase name="should be decoded properly" classname="com.github.traderjoe95.mls.protocol.message.Messages" time="0.0"/>
  <testcase name="should round-trip to the same binary value" classname="com.github.traderjoe95.mls.protocol.message.Messages" time="0.0"/>
  <testcase name="should be decoded properly" classname="com.github.traderjoe95.mls.protocol.message.Messages" time="0.0"/>
  <testcase name="should round-trip to the same binary value" classname="com.github.traderjoe95.mls.protocol.message.Messages" time="0.0"/>
  <testcase name="should be decoded properly" classname="com.github.traderjoe95.mls.protocol.message.Messages" time="0.001"/>
  <testcase name="should round-trip to the same binary value" classname="com.github.traderjoe95.mls.protocol.message.Messages" time="0.001"/>
  <testcase name="should be decoded properly" classname="com.github.traderjoe95.mls.protocol.message.Messages" time="0.0"/>
  <testcase name="should round-trip to the same binary value" classname="com.github.traderjoe95.mls.protocol.message.Messages" time="0.0"/>
  <testcase name="should be decoded properly" classname="com.github.traderjoe95.mls.protocol.message.Messages" time="0.0"/>
  <testcase name="should round-trip to the same binary value" classname="com.github.traderjoe95.mls.protocol.message.Messages" time="0.0"/>
  <testcase name="should be decoded properly" classname="com.github.traderjoe95.mls.protocol.message.Messages" time="0.0"/>
  <testcase name="should round-trip to the same binary value" classname="com.github.traderjoe95.mls.protocol.message.Messages" time="0.0"/>
  <testcase name="should be decoded properly" classname="com.github.traderjoe95.mls.protocol.message.Messages" time="0.0"/>
  <testcase name="should round-trip to the same binary value" classname="com.github.traderjoe95.mls.protocol.message.Messages" time="0.001"/>
  <testcase name="should be decoded properly" classname="com.github.traderjoe95.mls.protocol.message.Messages" time="0.0"/>
  <testcase name="should round-trip to the same binary value" classname="com.github.traderjoe95.mls.protocol.message.Messages" time="0.0"/>
  <testcase name="should be decoded properly" classname="com.github.traderjoe95.mls.protocol.message.Messages" time="0.0"/>
  <testcase name="should round-trip to the same binary value" classname="com.github.traderjoe95.mls.protocol.message.Messages" time="0.0"/>
  <testcase name="should be decoded properly" classname="com.github.traderjoe95.mls.protocol.message.Messages" time="0.0"/>
  <testcase name="should round-trip to the same binary value" classname="com.github.traderjoe95.mls.protocol.message.Messages" time="0.0"/>
  <testcase name="should be decoded properly" classname="com.github.traderjoe95.mls.protocol.message.Messages" time="0.0"/>
  <testcase name="should round-trip to the same binary value" classname="com.github.traderjoe95.mls.protocol.message.Messages" time="0.0"/>
  <testcase name="should be decoded properly" classname="com.github.traderjoe95.mls.protocol.message.Messages" time="0.0"/>
  <testcase name="should round-trip to the same binary value" classname="com.github.traderjoe95.mls.protocol.message.Messages" time="0.0"/>
  <testcase name="should be decoded properly" classname="com.github.traderjoe95.mls.protocol.message.Messages" time="0.0"/>
  <testcase name="should round-trip to the same binary value" classname="com.github.traderjoe95.mls.protocol.message.Messages" time="0.0"/>
  <testcase name="should be decoded properly" classname="com.github.traderjoe95.mls.protocol.message.Messages" time="0.001"/>
  <testcase name="should round-trip to the same binary value" classname="com.github.traderjoe95.mls.protocol.message.Messages" time="0.0"/>
  <testcase name="should be decoded properly" classname="com.github.traderjoe95.mls.protocol.message.Messages" time="0.001"/>
  <testcase name="should round-trip to the same binary value" classname="com.github.traderjoe95.mls.protocol.message.Messages" time="0.001"/>
  <testcase name="should be decoded properly" classname="com.github.traderjoe95.mls.protocol.message.Messages" time="0.0"/>
  <testcase name="should round-trip to the same binary value" classname="com.github.traderjoe95.mls.protocol.message.Messages" time="0.001"/>
  <testcase name="should be decoded properly" classname="com.github.traderjoe95.mls.protocol.message.Messages" time="0.0"/>
  <testcase name="should round-trip to the same binary value" classname="com.github.traderjoe95.mls.protocol.message.Messages" time="0.0"/>
  <testcase name="should be decoded properly" classname="com.github.traderjoe95.mls.protocol.message.Messages" time="0.0"/>
  <testcase name="should round-trip to the same binary value" classname="com.github.traderjoe95.mls.protocol.message.Messages" time="0.0"/>
  <testcase name="should be decoded properly" classname="com.github.traderjoe95.mls.protocol.message.Messages" time="0.0"/>
  <testcase name="should round-trip to the same binary value" classname="com.github.traderjoe95.mls.protocol.message.Messages" time="0.0"/>
  <testcase name="should be decoded properly" classname="com.github.traderjoe95.mls.protocol.message.Messages" time="0.001"/>
  <testcase name="should round-trip to the same binary value" classname="com.github.traderjoe95.mls.protocol.message.Messages" time="0.001"/>
  <testcase name="should be decoded properly" classname="com.github.traderjoe95.mls.protocol.message.Messages" time="0.0"/>
  <testcase name="should round-trip to the same binary value" classname="com.github.traderjoe95.mls.protocol.message.Messages" time="0.0"/>
  <testcase name="should be decoded properly" classname="com.github.traderjoe95.mls.protocol.message.Messages" time="0.001"/>
  <testcase name="should round-trip to the same binary value" classname="com.github.traderjoe95.mls.protocol.message.Messages" time="0.0"/>
  <testcase name="should be decoded properly" classname="com.github.traderjoe95.mls.protocol.message.Messages" time="0.0"/>
  <testcase name="should round-trip to the same binary value" classname="com.github.traderjoe95.mls.protocol.message.Messages" time="0.0"/>
  <testcase name="should be decoded properly" classname="com.github.traderjoe95.mls.protocol.message.Messages" time="0.001"/>
  <testcase name="should round-trip to the same binary value" classname="com.github.traderjoe95.mls.protocol.message.Messages" time="0.001"/>
  <testcase name="should be decoded properly" classname="com.github.traderjoe95.mls.protocol.message.Messages" time="0.0"/>
  <testcase name="should round-trip to the same binary value" classname="com.github.traderjoe95.mls.protocol.message.Messages" time="0.0"/>
  <testcase name="should be decoded properly" classname="com.github.traderjoe95.mls.protocol.message.Messages" time="0.0"/>
  <testcase name="should round-trip to the same binary value" classname="com.github.traderjoe95.mls.protocol.message.Messages" time="0.0"/>
  <testcase name="should be decoded properly" classname="com.github.traderjoe95.mls.protocol.message.Messages" time="0.0"/>
  <testcase name="should round-trip to the same binary value" classname="com.github.traderjoe95.mls.protocol.message.Messages" time="0.0"/>
  <testcase name="should be decoded properly" classname="com.github.traderjoe95.mls.protocol.message.Messages" time="0.0"/>
  <testcase name="should round-trip to the same binary value" classname="com.github.traderjoe95.mls.protocol.message.Messages" time="0.0"/>
  <testcase name="should be decoded properly" classname="com.github.traderjoe95.mls.protocol.message.Messages" time="0.001"/>
  <testcase name="should round-trip to the same binary value" classname="com.github.traderjoe95.mls.protocol.message.Messages" time="0.001"/>
  <testcase name="should be decoded properly" classname="com.github.traderjoe95.mls.protocol.message.Messages" time="0.001"/>
  <testcase name="should round-trip to the same binary value" classname="com.github.traderjoe95.mls.protocol.message.Messages" time="0.0"/>
  <testcase name="should be decoded properly" classname="com.github.traderjoe95.mls.protocol.message.Messages" time="0.0"/>
  <testcase name="should round-trip to the same binary value" classname="com.github.traderjoe95.mls.protocol.message.Messages" time="0.0"/>
  <testcase name="should be decoded properly" classname="com.github.traderjoe95.mls.protocol.message.Messages" time="0.0"/>
  <testcase name="should round-trip to the same binary value" classname="com.github.traderjoe95.mls.protocol.message.Messages" time="0.001"/>
  <testcase name="should be decoded properly" classname="com.github.traderjoe95.mls.protocol.message.Messages" time="0.0"/>
  <testcase name="should round-trip to the same binary value" classname="com.github.traderjoe95.mls.protocol.message.Messages" time="0.0"/>
  <testcase name="should be decoded properly" classname="com.github.traderjoe95.mls.protocol.message.Messages" time="0.0"/>
  <testcase name="should round-trip to the same binary value" classname="com.github.traderjoe95.mls.protocol.message.Messages" time="0.0"/>
  <testcase name="should be decoded properly" classname="com.github.traderjoe95.mls.protocol.message.Messages" time="0.0"/>
  <testcase name="should round-trip to the same binary value" classname="com.github.traderjoe95.mls.protocol.message.Messages" time="0.0"/>
  <testcase name="should be decoded properly" classname="com.github.traderjoe95.mls.protocol.message.Messages" time="0.0"/>
  <testcase name="should round-trip to the same binary value" classname="com.github.traderjoe95.mls.protocol.message.Messages" time="0.0"/>
  <testcase name="should be decoded properly" classname="com.github.traderjoe95.mls.protocol.message.Messages" time="0.0"/>
  <testcase name="should round-trip to the same binary value" classname="com.github.traderjoe95.mls.protocol.message.Messages" time="0.0"/>
  <testcase name="should be decoded properly" classname="com.github.traderjoe95.mls.protocol.message.Messages" time="0.0"/>
  <testcase name="should round-trip to the same binary value" classname="com.github.traderjoe95.mls.protocol.message.Messages" time="0.0"/>
  <testcase name="should be decoded properly" classname="com.github.traderjoe95.mls.protocol.message.Messages" time="0.0"/>
  <testcase name="should round-trip to the same binary value" classname="com.github.traderjoe95.mls.protocol.message.Messages" time="0.0"/>
  <testcase name="should be decoded properly" classname="com.github.traderjoe95.mls.protocol.message.Messages" time="0.0"/>
  <testcase name="should round-trip to the same binary value" classname="com.github.traderjoe95.mls.protocol.message.Messages" time="0.001"/>
  <testcase name="should be decoded properly" classname="com.github.traderjoe95.mls.protocol.message.Messages" time="0.0"/>
  <testcase name="should round-trip to the same binary value" classname="com.github.traderjoe95.mls.protocol.message.Messages" time="0.0"/>
  <testcase name="should be decoded properly" classname="com.github.traderjoe95.mls.protocol.message.Messages" time="0.0"/>
  <testcase name="should round-trip to the same binary value" classname="com.github.traderjoe95.mls.protocol.message.Messages" time="0.001"/>
  <testcase name="should be decoded properly" classname="com.github.traderjoe95.mls.protocol.message.Messages" time="0.001"/>
  <testcase name="should round-trip to the same binary value" classname="com.github.traderjoe95.mls.protocol.message.Messages" time="0.0"/>
  <testcase name="should be decoded properly" classname="com.github.traderjoe95.mls.protocol.message.Messages" time="0.0"/>
  <testcase name="should round-trip to the same binary value" classname="com.github.traderjoe95.mls.protocol.message.Messages" time="0.0"/>
  <testcase name="should be decoded properly" classname="com.github.traderjoe95.mls.protocol.message.Messages" time="0.0"/>
  <testcase name="should round-trip to the same binary value" classname="com.github.traderjoe95.mls.protocol.message.Messages" time="0.0"/>
  <testcase name="should be decoded properly" classname="com.github.traderjoe95.mls.protocol.message.Messages" time="0.001"/>
  <testcase name="should round-trip to the same binary value" classname="com.github.traderjoe95.mls.protocol.message.Messages" time="0.0"/>
  <testcase name="should be decoded properly" classname="com.github.traderjoe95.mls.protocol.message.Messages" time="0.0"/>
  <testcase name="should round-trip to the same binary value" classname="com.github.traderjoe95.mls.protocol.message.Messages" time="0.0"/>
  <testcase name="should be decoded properly" classname="com.github.traderjoe95.mls.protocol.message.Messages" time="0.0"/>
  <testcase name="should round-trip to the same binary value" classname="com.github.traderjoe95.mls.protocol.message.Messages" time="0.0"/>
  <testcase name="should be decoded properly" classname="com.github.traderjoe95.mls.protocol.message.Messages" time="0.0"/>
  <testcase name="should round-trip to the same binary value" classname="com.github.traderjoe95.mls.protocol.message.Messages" time="0.0"/>
  <testcase name="should be decoded properly" classname="com.github.traderjoe95.mls.protocol.message.Messages" time="0.0"/>
  <testcase name="should round-trip to the same binary value" classname="com.github.traderjoe95.mls.protocol.message.Messages" time="0.0"/>
  <testcase name="should be decoded properly" classname="com.github.traderjoe95.mls.protocol.message.Messages" time="0.0"/>
  <testcase name="should round-trip to the same binary value" classname="com.github.traderjoe95.mls.protocol.message.Messages" time="0.0"/>
  <testcase name="should be decoded properly" classname="com.github.traderjoe95.mls.protocol.message.Messages" time="0.0"/>
  <testcase name="should round-trip to the same binary value" classname="com.github.traderjoe95.mls.protocol.message.Messages" time="0.0"/>
  <testcase name="should be decoded properly" classname="com.github.traderjoe95.mls.protocol.message.Messages" time="0.0"/>
  <testcase name="should round-trip to the same binary value" classname="com.github.traderjoe95.mls.protocol.message.Messages" time="0.0"/>
  <testcase name="should be decoded properly" classname="com.github.traderjoe95.mls.protocol.message.Messages" time="0.0"/>
  <testcase name="should round-trip to the same binary value" classname="com.github.traderjoe95.mls.protocol.message.Messages" time="0.0"/>
  <testcase name="should be decoded properly" classname="com.github.traderjoe95.mls.protocol.message.Messages" time="0.0"/>
  <testcase name="should round-trip to the same binary value" classname="com.github.traderjoe95.mls.protocol.message.Messages" time="0.0"/>
  <testcase name="should be decoded properly" classname="com.github.traderjoe95.mls.protocol.message.Messages" time="0.0"/>
  <testcase name="should round-trip to the same binary value" classname="com.github.traderjoe95.mls.protocol.message.Messages" time="0.0"/>
  <testcase name="should be decoded properly" classname="com.github.traderjoe95.mls.protocol.message.Messages" time="0.0"/>
  <testcase name="should round-trip to the same binary value" classname="com.github.traderjoe95.mls.protocol.message.Messages" time="0.0"/>
  <testcase name="should be decoded properly" classname="com.github.traderjoe95.mls.protocol.message.Messages" time="0.0"/>
  <testcase name="should round-trip to the same binary value" classname="com.github.traderjoe95.mls.protocol.message.Messages" time="0.0"/>
  <testcase name="should be decoded properly" classname="com.github.traderjoe95.mls.protocol.message.Messages" time="0.0"/>
  <testcase name="should round-trip to the same binary value" classname="com.github.traderjoe95.mls.protocol.message.Messages" time="0.0"/>
  <testcase name="should be decoded properly" classname="com.github.traderjoe95.mls.protocol.message.Messages" time="0.0"/>
  <testcase name="should round-trip to the same binary value" classname="com.github.traderjoe95.mls.protocol.message.Messages" time="0.0"/>
  <testcase name="should be decoded properly" classname="com.github.traderjoe95.mls.protocol.message.Messages" time="0.001"/>
  <testcase name="should round-trip to the same binary value" classname="com.github.traderjoe95.mls.protocol.message.Messages" time="0.001"/>
  <testcase name="should be decoded properly" classname="com.github.traderjoe95.mls.protocol.message.Messages" time="0.0"/>
  <testcase name="should round-trip to the same binary value" classname="com.github.traderjoe95.mls.protocol.message.Messages" time="0.0"/>
  <testcase name="should be decoded properly" classname="com.github.traderjoe95.mls.protocol.message.Messages" time="0.0"/>
  <testcase name="should round-trip to the same binary value" classname="com.github.traderjoe95.mls.protocol.message.Messages" time="0.0"/>
  <testcase name="should be decoded properly" classname="com.github.traderjoe95.mls.protocol.message.Messages" time="0.001"/>
  <testcase name="should round-trip to the same binary value" classname="com.github.traderjoe95.mls.protocol.message.Messages" time="0.0"/>
  <testcase name="should be decoded properly" classname="com.github.traderjoe95.mls.protocol.message.Messages" time="0.0"/>
  <testcase name="should round-trip to the same binary value" classname="com.github.traderjoe95.mls.protocol.message.Messages" time="0.001"/>
  <testcase name="should be decoded properly" classname="com.github.traderjoe95.mls.protocol.message.Messages" time="0.001"/>
  <testcase name="should round-trip to the same binary value" classname="com.github.traderjoe95.mls.protocol.message.Messages" time="0.0"/>
  <testcase name="should be decoded properly" classname="com.github.traderjoe95.mls.protocol.message.Messages" time="0.0"/>
  <testcase name="should round-trip to the same binary value" classname="com.github.traderjoe95.mls.protocol.message.Messages" time="0.0"/>
  <testcase name="should be decoded properly" classname="com.github.traderjoe95.mls.protocol.message.Messages" time="0.0"/>
  <testcase name="should round-trip to the same binary value" classname="com.github.traderjoe95.mls.protocol.message.Messages" time="0.0"/>
  <testcase name="should be decoded properly" classname="com.github.traderjoe95.mls.protocol.message.Messages" time="0.0"/>
  <testcase name="should round-trip to the same binary value" classname="com.github.traderjoe95.mls.protocol.message.Messages" time="0.0"/>
  <testcase name="should be decoded properly" classname="com.github.traderjoe95.mls.protocol.message.Messages" time="0.0"/>
  <testcase name="should round-trip to the same binary value" classname="com.github.traderjoe95.mls.protocol.message.Messages" time="0.0"/>
  <testcase name="should be decoded properly" classname="com.github.traderjoe95.mls.protocol.message.Messages" time="0.0"/>
  <testcase name="should round-trip to the same binary value" classname="com.github.traderjoe95.mls.protocol.message.Messages" time="0.0"/>
  <testcase name="should be decoded properly" classname="com.github.traderjoe95.mls.protocol.message.Messages" time="0.0"/>
  <testcase name="should round-trip to the same binary value" classname="com.github.traderjoe95.mls.protocol.message.Messages" time="0.0"/>
  <testcase name="should be decoded properly" classname="com.github.traderjoe95.mls.protocol.message.Messages" time="0.0"/>
  <testcase name="should round-trip to the same binary value" classname="com.github.traderjoe95.mls.protocol.message.Messages" time="0.0"/>
  <testcase name="should be decoded properly" classname="com.github.traderjoe95.mls.protocol.message.Messages" time="0.0"/>
  <testcase name="should round-trip to the same binary value" classname="com.github.traderjoe95.mls.protocol.message.Messages" time="0.0"/>
  <testcase name="should be decoded properly" classname="com.github.traderjoe95.mls.protocol.message.Messages" time="0.0"/>
  <testcase name="should round-trip to the same binary value" classname="com.github.traderjoe95.mls.protocol.message.Messages" time="0.001"/>
  <testcase name="should be decoded properly" classname="com.github.traderjoe95.mls.protocol.message.Messages" time="0.0"/>
  <testcase name="should round-trip to the same binary value" classname="com.github.traderjoe95.mls.protocol.message.Messages" time="0.0"/>
  <testcase name="should be decoded properly" classname="com.github.traderjoe95.mls.protocol.message.Messages" time="0.0"/>
  <testcase name="should round-trip to the same binary value" classname="com.github.traderjoe95.mls.protocol.message.Messages" time="0.0"/>
  <testcase name="should be decoded properly" classname="com.github.traderjoe95.mls.protocol.message.Messages" time="0.0"/>
  <testcase name="should round-trip to the same binary value" classname="com.github.traderjoe95.mls.protocol.message.Messages" time="0.0"/>
  <testcase name="should be decoded properly" classname="com.github.traderjoe95.mls.protocol.message.Messages" time="0.0"/>
  <testcase name="should round-trip to the same binary value" classname="com.github.traderjoe95.mls.protocol.message.Messages" time="0.0"/>
  <testcase name="should be decoded properly" classname="com.github.traderjoe95.mls.protocol.message.Messages" time="0.0"/>
  <testcase name="should round-trip to the same binary value" classname="com.github.traderjoe95.mls.protocol.message.Messages" time="0.001"/>
  <testcase name="should be decoded properly" classname="com.github.traderjoe95.mls.protocol.message.Messages" time="0.0"/>
  <testcase name="should round-trip to the same binary value" classname="com.github.traderjoe95.mls.protocol.message.Messages" time="0.0"/>
  <testcase name="should be decoded properly" classname="com.github.traderjoe95.mls.protocol.message.Messages" time="0.0"/>
  <testcase name="should round-trip to the same binary value" classname="com.github.traderjoe95.mls.protocol.message.Messages" time="0.0"/>
  <testcase name="should be decoded properly" classname="com.github.traderjoe95.mls.protocol.message.Messages" time="0.0"/>
  <testcase name="should round-trip to the same binary value" classname="com.github.traderjoe95.mls.protocol.message.Messages" time="0.0"/>
  <testcase name="should be decoded properly" classname="com.github.traderjoe95.mls.protocol.message.Messages" time="0.0"/>
  <testcase name="should round-trip to the same binary value" classname="com.github.traderjoe95.mls.protocol.message.Messages" time="0.0"/>
  <testcase name="should be decoded properly" classname="com.github.traderjoe95.mls.protocol.message.Messages" time="0.0"/>
  <testcase name="should round-trip to the same binary value" classname="com.github.traderjoe95.mls.protocol.message.Messages" time="0.0"/>
  <testcase name="should be decoded properly" classname="com.github.traderjoe95.mls.protocol.message.Messages" time="0.0"/>
  <testcase name="should round-trip to the same binary value" classname="com.github.traderjoe95.mls.protocol.message.Messages" time="0.0"/>
  <testcase name="should be decoded properly" classname="com.github.traderjoe95.mls.protocol.message.Messages" time="0.0"/>
  <testcase name="should round-trip to the same binary value" classname="com.github.traderjoe95.mls.protocol.message.Messages" time="0.0"/>
  <testcase name="should be decoded properly" classname="com.github.traderjoe95.mls.protocol.message.Messages" time="0.0"/>
  <testcase name="should round-trip to the same binary value" classname="com.github.traderjoe95.mls.protocol.message.Messages" time="0.001"/>
  <testcase name="should be decoded properly" classname="com.github.traderjoe95.mls.protocol.message.Messages" time="0.0"/>
  <testcase name="should round-trip to the same binary value" classname="com.github.traderjoe95.mls.protocol.message.Messages" time="0.0"/>
  <testcase name="should be decoded properly" classname="com.github.traderjoe95.mls.protocol.message.Messages" time="0.0"/>
  <testcase name="should round-trip to the same binary value" classname="com.github.traderjoe95.mls.protocol.message.Messages" time="0.0"/>
  <testcase name="should be decoded properly" classname="com.github.traderjoe95.mls.protocol.message.Messages" time="0.0"/>
  <testcase name="should round-trip to the same binary value" classname="com.github.traderjoe95.mls.protocol.message.Messages" time="0.0"/>
  <testcase name="should be decoded properly" classname="com.github.traderjoe95.mls.protocol.message.Messages" time="0.0"/>
  <testcase name="should round-trip to the same binary value" classname="com.github.traderjoe95.mls.protocol.message.Messages" time="0.001"/>
  <testcase name="should be decoded properly" classname="com.github.traderjoe95.mls.protocol.message.Messages" time="0.0"/>
  <testcase name="should round-trip to the same binary value" classname="com.github.traderjoe95.mls.protocol.message.Messages" time="0.001"/>
  <testcase name="should be decoded properly" classname="com.github.traderjoe95.mls.protocol.message.Messages" time="0.0"/>
  <testcase name="should round-trip to the same binary value" classname="com.github.traderjoe95.mls.protocol.message.Messages" time="0.001"/>
  <testcase name="should be decoded properly" classname="com.github.traderjoe95.mls.protocol.message.Messages" time="0.0"/>
  <testcase name="should round-trip to the same binary value" classname="com.github.traderjoe95.mls.protocol.message.Messages" time="0.0"/>
  <testcase name="should be decoded properly" classname="com.github.traderjoe95.mls.protocol.message.Messages" time="0.0"/>
  <testcase name="should round-trip to the same binary value" classname="com.github.traderjoe95.mls.protocol.message.Messages" time="0.0"/>
  <testcase name="should be decoded properly" classname="com.github.traderjoe95.mls.protocol.message.Messages" time="0.0"/>
  <testcase name="should round-trip to the same binary value" classname="com.github.traderjoe95.mls.protocol.message.Messages" time="0.0"/>
  <testcase name="should be decoded properly" classname="com.github.traderjoe95.mls.protocol.message.Messages" time="0.0"/>
  <testcase name="should round-trip to the same binary value" classname="com.github.traderjoe95.mls.protocol.message.Messages" time="0.001"/>
  <testcase name="should be decoded properly" classname="com.github.traderjoe95.mls.protocol.message.Messages" time="0.0"/>
  <testcase name="should round-trip to the same binary value" classname="com.github.traderjoe95.mls.protocol.message.Messages" time="0.001"/>
  <testcase name="should be decoded properly" classname="com.github.traderjoe95.mls.protocol.message.Messages" time="0.0"/>
  <testcase name="should round-trip to the same binary value" classname="com.github.traderjoe95.mls.protocol.message.Messages" time="0.0"/>
  <testcase name="should be decoded properly" classname="com.github.traderjoe95.mls.protocol.message.Messages" time="0.0"/>
  <testcase name="should round-trip to the same binary value" classname="com.github.traderjoe95.mls.protocol.message.Messages" time="0.0"/>
  <testcase name="should be decoded properly" classname="com.github.traderjoe95.mls.protocol.message.Messages" time="0.001"/>
  <testcase name="should round-trip to the same binary value" classname="com.github.traderjoe95.mls.protocol.message.Messages" time="0.0"/>
  <testcase name="should be decoded properly" classname="com.github.traderjoe95.mls.protocol.message.Messages" time="0.001"/>
  <testcase name="should round-trip to the same binary value" classname="com.github.traderjoe95.mls.protocol.message.Messages" time="0.001"/>
  <testcase name="should be decoded properly" classname="com.github.traderjoe95.mls.protocol.message.Messages" time="0.0"/>
  <testcase name="should round-trip to the same binary value" classname="com.github.traderjoe95.mls.protocol.message.Messages" time="0.0"/>
  <testcase name="should be decoded properly" classname="com.github.traderjoe95.mls.protocol.message.Messages" time="0.0"/>
  <testcase name="should round-trip to the same binary value" classname="com.github.traderjoe95.mls.protocol.message.Messages" time="0.0"/>
  <testcase name="should be decoded properly" classname="com.github.traderjoe95.mls.protocol.message.Messages" time="0.0"/>
  <testcase name="should round-trip to the same binary value" classname="com.github.traderjoe95.mls.protocol.message.Messages" time="0.0"/>
  <testcase name="should be decoded properly" classname="com.github.traderjoe95.mls.protocol.message.Messages" time="0.001"/>
  <testcase name="should round-trip to the same binary value" classname="com.github.traderjoe95.mls.protocol.message.Messages" time="0.001"/>
  <testcase name="should be decoded properly" classname="com.github.traderjoe95.mls.protocol.message.Messages" time="0.0"/>
  <testcase name="should round-trip to the same binary value" classname="com.github.traderjoe95.mls.protocol.message.Messages" time="0.0"/>
  <testcase name="should be decoded properly" classname="com.github.traderjoe95.mls.protocol.message.Messages" time="0.0"/>
  <testcase name="should round-trip to the same binary value" classname="com.github.traderjoe95.mls.protocol.message.Messages" time="0.0"/>
  <testcase name="should be decoded properly" classname="com.github.traderjoe95.mls.protocol.message.Messages" time="0.0"/>
  <testcase name="should round-trip to the same binary value" classname="com.github.traderjoe95.mls.protocol.message.Messages" time="0.0"/>
  <testcase name="should be decoded properly" classname="com.github.traderjoe95.mls.protocol.message.Messages" time="0.0"/>
  <testcase name="should round-trip to the same binary value" classname="com.github.traderjoe95.mls.protocol.message.Messages" time="0.001"/>
  <testcase name="should be decoded properly" classname="com.github.traderjoe95.mls.protocol.message.Messages" time="0.001"/>
  <testcase name="should round-trip to the same binary value" classname="com.github.traderjoe95.mls.protocol.message.Messages" time="0.0"/>
  <testcase name="should be decoded properly" classname="com.github.traderjoe95.mls.protocol.message.Messages" time="0.0"/>
  <testcase name="should round-trip to the same binary value" classname="com.github.traderjoe95.mls.protocol.message.Messages" time="0.0"/>
  <testcase name="should be decoded properly" classname="com.github.traderjoe95.mls.protocol.message.Messages" time="0.0"/>
  <testcase name="should round-trip to the same binary value" classname="com.github.traderjoe95.mls.protocol.message.Messages" time="0.001"/>
  <testcase name="should be decoded properly" classname="com.github.traderjoe95.mls.protocol.message.Messages" time="0.001"/>
  <testcase name="should round-trip to the same binary value" classname="com.github.traderjoe95.mls.protocol.message.Messages" time="0.0"/>
  <testcase name="should be decoded properly" classname="com.github.traderjoe95.mls.protocol.message.Messages" time="0.0"/>
  <testcase name="should round-trip to the same binary value" classname="com.github.traderjoe95.mls.protocol.message.Messages" time="0.0"/>
  <testcase name="should be decoded properly" classname="com.github.traderjoe95.mls.protocol.message.Messages" time="0.0"/>
  <testcase name="should round-trip to the same binary value" classname="com.github.traderjoe95.mls.protocol.message.Messages" time="0.0"/>
  <testcase name="should be decoded properly" classname="com.github.traderjoe95.mls.protocol.message.Messages" time="0.001"/>
  <testcase name="should round-trip to the same binary value" classname="com.github.traderjoe95.mls.protocol.message.Messages" time="0.0"/>
  <testcase name="should be decoded properly" classname="com.github.traderjoe95.mls.protocol.message.Messages" time="0.0"/>
  <testcase name="should round-trip to the same binary value" classname="com.github.traderjoe95.mls.protocol.message.Messages" time="0.0"/>
  <testcase name="should be decoded properly" classname="com.github.traderjoe95.mls.protocol.message.Messages" time="0.0"/>
  <testcase name="should round-trip to the same binary value" classname="com.github.traderjoe95.mls.protocol.message.Messages" time="0.0"/>
  <testcase name="should be decoded properly" classname="com.github.traderjoe95.mls.protocol.message.Messages" time="0.0"/>
  <testcase name="should round-trip to the same binary value" classname="com.github.traderjoe95.mls.protocol.message.Messages" time="0.0"/>
  <testcase name="should be decoded properly" classname="com.github.traderjoe95.mls.protocol.message.Messages" time="0.0"/>
  <testcase name="should round-trip to the same binary value" classname="com.github.traderjoe95.mls.protocol.message.Messages" time="0.001"/>
  <testcase name="should be decoded properly" classname="com.github.traderjoe95.mls.protocol.message.Messages" time="0.0"/>
  <testcase name="should round-trip to the same binary value" classname="com.github.traderjoe95.mls.protocol.message.Messages" time="0.0"/>
  <testcase name="should be decoded properly" classname="com.github.traderjoe95.mls.protocol.message.Messages" time="0.0"/>
  <testcase name="should round-trip to the same binary value" classname="com.github.traderjoe95.mls.protocol.message.Messages" time="0.001"/>
  <testcase name="should be decoded properly" classname="com.github.traderjoe95.mls.protocol.message.Messages" time="0.0"/>
  <testcase name="should round-trip to the same binary value" classname="com.github.traderjoe95.mls.protocol.message.Messages" time="0.0"/>
  <testcase name="should be decoded properly" classname="com.github.traderjoe95.mls.protocol.message.Messages" time="0.0"/>
  <testcase name="should round-trip to the same binary value" classname="com.github.traderjoe95.mls.protocol.message.Messages" time="0.0"/>
  <testcase name="should be decoded properly" classname="com.github.traderjoe95.mls.protocol.message.Messages" time="0.0"/>
  <testcase name="should round-trip to the same binary value" classname="com.github.traderjoe95.mls.protocol.message.Messages" time="0.0"/>
  <testcase name="should be decoded properly" classname="com.github.traderjoe95.mls.protocol.message.Messages" time="0.001"/>
  <testcase name="should round-trip to the same binary value" classname="com.github.traderjoe95.mls.protocol.message.Messages" time="0.0"/>
  <testcase name="should be decoded properly" classname="com.github.traderjoe95.mls.protocol.message.Messages" time="0.0"/>
  <testcase name="should round-trip to the same binary value" classname="com.github.traderjoe95.mls.protocol.message.Messages" time="0.0"/>
  <testcase name="should be decoded properly" classname="com.github.traderjoe95.mls.protocol.message.Messages" time="0.0"/>
  <testcase name="should round-trip to the same binary value" classname="com.github.traderjoe95.mls.protocol.message.Messages" time="0.0"/>
  <testcase name="should be decoded properly" classname="com.github.traderjoe95.mls.protocol.message.Messages" time="0.0"/>
  <testcase name="should round-trip to the same binary value" classname="com.github.traderjoe95.mls.protocol.message.Messages" time="0.0"/>
  <testcase name="should be decoded properly" classname="com.github.traderjoe95.mls.protocol.message.Messages" time="0.001"/>
  <testcase name="should round-trip to the same binary value" classname="com.github.traderjoe95.mls.protocol.message.Messages" time="0.0"/>
  <testcase name="should be decoded properly" classname="com.github.traderjoe95.mls.protocol.message.Messages" time="0.0"/>
  <testcase name="should round-trip to the same binary value" classname="com.github.traderjoe95.mls.protocol.message.Messages" time="0.0"/>
  <testcase name="should be decoded properly" classname="com.github.traderjoe95.mls.protocol.message.Messages" time="0.0"/>
  <testcase name="should round-trip to the same binary value" classname="com.github.traderjoe95.mls.protocol.message.Messages" time="0.0"/>
  <testcase name="should be decoded properly" classname="com.github.traderjoe95.mls.protocol.message.Messages" time="0.0"/>
  <testcase name="should round-trip to the same binary value" classname="com.github.traderjoe95.mls.protocol.message.Messages" time="0.0"/>
  <testcase name="should be decoded properly" classname="com.github.traderjoe95.mls.protocol.message.Messages" time="0.001"/>
  <testcase name="should round-trip to the same binary value" classname="com.github.traderjoe95.mls.protocol.message.Messages" time="0.0"/>
  <testcase name="should be decoded properly" classname="com.github.traderjoe95.mls.protocol.message.Messages" time="0.001"/>
  <testcase name="should round-trip to the same binary value" classname="com.github.traderjoe95.mls.protocol.message.Messages" time="0.0"/>
  <testcase name="should be decoded properly" classname="com.github.traderjoe95.mls.protocol.message.Messages" time="0.0"/>
  <testcase name="should round-trip to the same binary value" classname="com.github.traderjoe95.mls.protocol.message.Messages" time="0.001"/>
  <testcase name="should be decoded properly" classname="com.github.traderjoe95.mls.protocol.message.Messages" time="0.0"/>
  <testcase name="should round-trip to the same binary value" classname="com.github.traderjoe95.mls.protocol.message.Messages" time="0.001"/>
  <testcase name="should be decoded properly" classname="com.github.traderjoe95.mls.protocol.message.Messages" time="0.0"/>
  <testcase name="should round-trip to the same binary value" classname="com.github.traderjoe95.mls.protocol.message.Messages" time="0.001"/>
  <testcase name="should be decoded properly" classname="com.github.traderjoe95.mls.protocol.message.Messages" time="0.0"/>
  <testcase name="should round-trip to the same binary value" classname="com.github.traderjoe95.mls.protocol.message.Messages" time="0.001"/>
  <testcase name="should be decoded properly" classname="com.github.traderjoe95.mls.protocol.message.Messages" time="0.0"/>
  <testcase name="should round-trip to the same binary value" classname="com.github.traderjoe95.mls.protocol.message.Messages" time="0.001"/>
  <testcase name="should be decoded properly" classname="com.github.traderjoe95.mls.protocol.message.Messages" time="0.0"/>
  <testcase name="should round-trip to the same binary value" classname="com.github.traderjoe95.mls.protocol.message.Messages" time="0.0"/>
  <testcase name="should be decoded properly" classname="com.github.traderjoe95.mls.protocol.message.Messages" time="0.001"/>
  <testcase name="should round-trip to the same binary value" classname="com.github.traderjoe95.mls.protocol.message.Messages" time="0.0"/>
  <testcase name="should be decoded properly" classname="com.github.traderjoe95.mls.protocol.message.Messages" time="0.001"/>
  <testcase name="should round-trip to the same binary value" classname="com.github.traderjoe95.mls.protocol.message.Messages" time="0.0"/>
  <testcase name="should be decoded properly" classname="com.github.traderjoe95.mls.protocol.message.Messages" time="0.0"/>
  <testcase name="should round-trip to the same binary value" classname="com.github.traderjoe95.mls.protocol.message.Messages" time="0.0"/>
  <testcase name="should be decoded properly" classname="com.github.traderjoe95.mls.protocol.message.Messages" time="0.0"/>
  <testcase name="should round-trip to the same binary value" classname="com.github.traderjoe95.mls.protocol.message.Messages" time="0.001"/>
  <testcase name="should be decoded properly" classname="com.github.traderjoe95.mls.protocol.message.Messages" time="0.0"/>
  <testcase name="should round-trip to the same binary value" classname="com.github.traderjoe95.mls.protocol.message.Messages" time="0.001"/>
  <testcase name="should be decoded properly" classname="com.github.traderjoe95.mls.protocol.message.Messages" time="0.001"/>
  <testcase name="should round-trip to the same binary value" classname="com.github.traderjoe95.mls.protocol.message.Messages" time="0.0"/>
  <testcase name="should be decoded properly" classname="com.github.traderjoe95.mls.protocol.message.Messages" time="0.0"/>
  <testcase name="should round-trip to the same binary value" classname="com.github.traderjoe95.mls.protocol.message.Messages" time="0.001"/>
  <testcase name="should be decoded properly" classname="com.github.traderjoe95.mls.protocol.message.Messages" time="0.001"/>
  <testcase name="should round-trip to the same binary value" classname="com.github.traderjoe95.mls.protocol.message.Messages" time="0.001"/>
  <testcase name="should be decoded properly" classname="com.github.traderjoe95.mls.protocol.message.Messages" time="0.0"/>
  <testcase name="should round-trip to the same binary value" classname="com.github.traderjoe95.mls.protocol.message.Messages" time="0.0"/>
  <testcase name="should be decoded properly" classname="com.github.traderjoe95.mls.protocol.message.Messages" time="0.001"/>
  <testcase name="should round-trip to the same binary value" classname="com.github.traderjoe95.mls.protocol.message.Messages" time="0.0"/>
  <testcase name="should be decoded properly" classname="com.github.traderjoe95.mls.protocol.message.Messages" time="0.0"/>
  <testcase name="should round-trip to the same binary value" classname="com.github.traderjoe95.mls.protocol.message.Messages" time="0.0"/>
  <testcase name="should be decoded properly" classname="com.github.traderjoe95.mls.protocol.message.Messages" time="0.0"/>
  <testcase name="should round-trip to the same binary value" classname="com.github.traderjoe95.mls.protocol.message.Messages" time="0.001"/>
  <testcase name="should be decoded properly" classname="com.github.traderjoe95.mls.protocol.message.Messages" time="0.001"/>
  <testcase name="should round-trip to the same binary value" classname="com.github.traderjoe95.mls.protocol.message.Messages" time="0.0"/>
  <testcase name="should be decoded properly" classname="com.github.traderjoe95.mls.protocol.message.Messages" time="0.0"/>
  <testcase name="should round-trip to the same binary value" classname="com.github.traderjoe95.mls.protocol.message.Messages" time="0.0"/>
  <testcase name="should be decoded properly" classname="com.github.traderjoe95.mls.protocol.message.Messages" time="0.0"/>
  <testcase name="should round-trip to the same binary value" classname="com.github.traderjoe95.mls.protocol.message.Messages" time="0.0"/>
  <testcase name="should be decoded properly" classname="com.github.traderjoe95.mls.protocol.message.Messages" time="0.0"/>
  <testcase name="should round-trip to the same binary value" classname="com.github.traderjoe95.mls.protocol.message.Messages" time="0.0"/>
  <testcase name="should be decoded properly" classname="com.github.traderjoe95.mls.protocol.message.Messages" time="0.0"/>
  <testcase name="should round-trip to the same binary value" classname="com.github.traderjoe95.mls.protocol.message.Messages" time="0.0"/>
  <testcase name="should be decoded properly" classname="com.github.traderjoe95.mls.protocol.message.Messages" time="0.0"/>
  <testcase name="should round-trip to the same binary value" classname="com.github.traderjoe95.mls.protocol.message.Messages" time="0.0"/>
  <testcase name="should be decoded properly" classname="com.github.traderjoe95.mls.protocol.message.Messages" time="0.0"/>
  <testcase name="should round-trip to the same binary value" classname="com.github.traderjoe95.mls.protocol.message.Messages" time="0.0"/>
  <testcase name="should be decoded properly" classname="com.github.traderjoe95.mls.protocol.message.Messages" time="0.0"/>
  <testcase name="should round-trip to the same binary value" classname="com.github.traderjoe95.mls.protocol.message.Messages" time="0.0"/>
  <testcase name="should be decoded properly" classname="com.github.traderjoe95.mls.protocol.message.Messages" time="0.0"/>
  <testcase name="should round-trip to the same binary value" classname="com.github.traderjoe95.mls.protocol.message.Messages" time="0.0"/>
  <testcase name="should be decoded properly" classname="com.github.traderjoe95.mls.protocol.message.Messages" time="0.0"/>
  <testcase name="should round-trip to the same binary value" classname="com.github.traderjoe95.mls.protocol.message.Messages" time="0.0"/>
  <testcase name="should be decoded properly" classname="com.github.traderjoe95.mls.protocol.message.Messages" time="0.0"/>
  <testcase name="should round-trip to the same binary value" classname="com.github.traderjoe95.mls.protocol.message.Messages" time="0.001"/>
  <testcase name="should be decoded properly" classname="com.github.traderjoe95.mls.protocol.message.Messages" time="0.0"/>
  <testcase name="should round-trip to the same binary value" classname="com.github.traderjoe95.mls.protocol.message.Messages" time="0.001"/>
  <testcase name="should be decoded properly" classname="com.github.traderjoe95.mls.protocol.message.Messages" time="0.0"/>
  <testcase name="should round-trip to the same binary value" classname="com.github.traderjoe95.mls.protocol.message.Messages" time="0.0"/>
  <testcase name="should be decoded properly" classname="com.github.traderjoe95.mls.protocol.message.Messages" time="0.001"/>
  <testcase name="should round-trip to the same binary value" classname="com.github.traderjoe95.mls.protocol.message.Messages" time="0.0"/>
  <testcase name="should be decoded properly" classname="com.github.traderjoe95.mls.protocol.message.Messages" time="0.0"/>
  <testcase name="should round-trip to the same binary value" classname="com.github.traderjoe95.mls.protocol.message.Messages" time="0.001"/>
  <testcase name="should be decoded properly" classname="com.github.traderjoe95.mls.protocol.message.Messages" time="0.0"/>
  <testcase name="should round-trip to the same binary value" classname="com.github.traderjoe95.mls.protocol.message.Messages" time="0.0"/>
  <testcase name="should be decoded properly" classname="com.github.traderjoe95.mls.protocol.message.Messages" time="0.0"/>
  <testcase name="should round-trip to the same binary value" classname="com.github.traderjoe95.mls.protocol.message.Messages" time="0.001"/>
  <testcase name="should be decoded properly" classname="com.github.traderjoe95.mls.protocol.message.Messages" time="0.0"/>
  <testcase name="should round-trip to the same binary value" classname="com.github.traderjoe95.mls.protocol.message.Messages" time="0.0"/>
  <testcase name="should be decoded properly" classname="com.github.traderjoe95.mls.protocol.message.Messages" time="0.0"/>
  <testcase name="should round-trip to the same binary value" classname="com.github.traderjoe95.mls.protocol.message.Messages" time="0.001"/>
  <testcase name="should be decoded properly" classname="com.github.traderjoe95.mls.protocol.message.Messages" time="0.0"/>
  <testcase name="should round-trip to the same binary value" classname="com.github.traderjoe95.mls.protocol.message.Messages" time="0.001"/>
  <testcase name="should be decoded properly" classname="com.github.traderjoe95.mls.protocol.message.Messages" time="0.0"/>
  <testcase name="should round-trip to the same binary value" classname="com.github.traderjoe95.mls.protocol.message.Messages" time="0.001"/>
  <testcase name="should be decoded properly" classname="com.github.traderjoe95.mls.protocol.message.Messages" time="0.0"/>
  <testcase name="should round-trip to the same binary value" classname="com.github.traderjoe95.mls.protocol.message.Messages" time="0.0"/>
  <testcase name="should be decoded properly" classname="com.github.traderjoe95.mls.protocol.message.Messages" time="0.0"/>
  <testcase name="should round-trip to the same binary value" classname="com.github.traderjoe95.mls.protocol.message.Messages" time="0.0"/>
  <testcase name="should be decoded properly" classname="com.github.traderjoe95.mls.protocol.message.Messages" time="0.0"/>
  <testcase name="should round-trip to the same binary value" classname="com.github.traderjoe95.mls.protocol.message.Messages" time="0.0"/>
  <testcase name="should be decoded properly" classname="com.github.traderjoe95.mls.protocol.message.Messages" time="0.0"/>
  <testcase name="should round-trip to the same binary value" classname="com.github.traderjoe95.mls.protocol.message.Messages" time="0.0"/>
  <testcase name="should be decoded properly" classname="com.github.traderjoe95.mls.protocol.message.Messages" time="0.0"/>
  <testcase name="should round-trip to the same binary value" classname="com.github.traderjoe95.mls.protocol.message.Messages" time="0.0"/>
  <testcase name="should be decoded properly" classname="com.github.traderjoe95.mls.protocol.message.Messages" time="0.0"/>
  <testcase name="should round-trip to the same binary value" classname="com.github.traderjoe95.mls.protocol.message.Messages" time="0.0"/>
  <testcase name="should be decoded properly" classname="com.github.traderjoe95.mls.protocol.message.Messages" time="0.0"/>
  <testcase name="should round-trip to the same binary value" classname="com.github.traderjoe95.mls.protocol.message.Messages" time="0.0"/>
  <testcase name="should be decoded properly" classname="com.github.traderjoe95.mls.protocol.message.Messages" time="0.0"/>
  <testcase name="should round-trip to the same binary value" classname="com.github.traderjoe95.mls.protocol.message.Messages" time="0.0"/>
  <testcase name="should be decoded properly" classname="com.github.traderjoe95.mls.protocol.message.Messages" time="0.001"/>
  <testcase name="should round-trip to the same binary value" classname="com.github.traderjoe95.mls.protocol.message.Messages" time="0.0"/>
  <testcase name="should be decoded properly" classname="com.github.traderjoe95.mls.protocol.message.Messages" time="0.0"/>
  <testcase name="should round-trip to the same binary value" classname="com.github.traderjoe95.mls.protocol.message.Messages" time="0.001"/>
  <testcase name="should be decoded properly" classname="com.github.traderjoe95.mls.protocol.message.Messages" time="0.0"/>
  <testcase name="should round-trip to the same binary value" classname="com.github.traderjoe95.mls.protocol.message.Messages" time="0.001"/>
  <testcase name="should be decoded properly" classname="com.github.traderjoe95.mls.protocol.message.Messages" time="0.001"/>
  <testcase name="should round-trip to the same binary value" classname="com.github.traderjoe95.mls.protocol.message.Messages" time="0.001"/>
  <testcase name="should be decoded properly" classname="com.github.traderjoe95.mls.protocol.message.Messages" time="0.0"/>
  <testcase name="should round-trip to the same binary value" classname="com.github.traderjoe95.mls.protocol.message.Messages" time="0.001"/>
  <testcase name="should be decoded properly" classname="com.github.traderjoe95.mls.protocol.message.Messages" time="0.0"/>
  <testcase name="should round-trip to the same binary value" classname="com.github.traderjoe95.mls.protocol.message.Messages" time="0.0"/>
  <testcase name="should be decoded properly" classname="com.github.traderjoe95.mls.protocol.message.Messages" time="0.0"/>
  <testcase name="should round-trip to the same binary value" classname="com.github.traderjoe95.mls.protocol.message.Messages" time="0.0"/>
  <testcase name="should be decoded properly" classname="com.github.traderjoe95.mls.protocol.message.Messages" time="0.001"/>
  <testcase name="should round-trip to the same binary value" classname="com.github.traderjoe95.mls.protocol.message.Messages" time="0.0"/>
  <testcase name="should be decoded properly" classname="com.github.traderjoe95.mls.protocol.message.Messages" time="0.001"/>
  <testcase name="should round-trip to the same binary value" classname="com.github.traderjoe95.mls.protocol.message.Messages" time="0.0"/>
  <testcase name="should be decoded properly" classname="com.github.traderjoe95.mls.protocol.message.Messages" time="0.0"/>
  <testcase name="should round-trip to the same binary value" classname="com.github.traderjoe95.mls.protocol.message.Messages" time="0.0"/>
  <testcase name="should be decoded properly" classname="com.github.traderjoe95.mls.protocol.message.Messages" time="0.0"/>
  <testcase name="should round-trip to the same binary value" classname="com.github.traderjoe95.mls.protocol.message.Messages" time="0.0"/>
  <testcase name="should be decoded properly" classname="com.github.traderjoe95.mls.protocol.message.Messages" time="0.001"/>
  <testcase name="should round-trip to the same binary value" classname="com.github.traderjoe95.mls.protocol.message.Messages" time="0.0"/>
  <testcase name="should be decoded properly" classname="com.github.traderjoe95.mls.protocol.message.Messages" time="0.001"/>
  <testcase name="should round-trip to the same binary value" classname="com.github.traderjoe95.mls.protocol.message.Messages" time="0.0"/>
  <testcase name="should be decoded properly" classname="com.github.traderjoe95.mls.protocol.message.Messages" time="0.0"/>
  <testcase name="should round-trip to the same binary value" classname="com.github.traderjoe95.mls.protocol.message.Messages" time="0.001"/>
  <testcase name="should be decoded properly" classname="com.github.traderjoe95.mls.protocol.message.Messages" time="0.0"/>
  <testcase name="should round-trip to the same binary value" classname="com.github.traderjoe95.mls.protocol.message.Messages" time="0.0"/>
  <testcase name="should be decoded properly" classname="com.github.traderjoe95.mls.protocol.message.Messages" time="0.0"/>
  <testcase name="should round-trip to the same binary value" classname="com.github.traderjoe95.mls.protocol.message.Messages" time="0.0"/>
  <testcase name="should be decoded properly" classname="com.github.traderjoe95.mls.protocol.message.Messages" time="0.0"/>
  <testcase name="should round-trip to the same binary value" classname="com.github.traderjoe95.mls.protocol.message.Messages" time="0.0"/>
  <testcase name="should be decoded properly" classname="com.github.traderjoe95.mls.protocol.message.Messages" time="0.0"/>
  <testcase name="should round-trip to the same binary value" classname="com.github.traderjoe95.mls.protocol.message.Messages" time="0.0"/>
  <testcase name="should be decoded properly" classname="com.github.traderjoe95.mls.protocol.message.Messages" time="0.0"/>
  <testcase name="should round-trip to the same binary value" classname="com.github.traderjoe95.mls.protocol.message.Messages" time="0.0"/>
  <testcase name="should be decoded properly" classname="com.github.traderjoe95.mls.protocol.message.Messages" time="0.0"/>
  <testcase name="should round-trip to the same binary value" classname="com.github.traderjoe95.mls.protocol.message.Messages" time="0.0"/>
  <testcase name="should be decoded properly" classname="com.github.traderjoe95.mls.protocol.message.Messages" time="0.0"/>
  <testcase name="should round-trip to the same binary value" classname="com.github.traderjoe95.mls.protocol.message.Messages" time="0.001"/>
  <testcase name="should be decoded properly" classname="com.github.traderjoe95.mls.protocol.message.Messages" time="0.0"/>
  <testcase name="should round-trip to the same binary value" classname="com.github.traderjoe95.mls.protocol.message.Messages" time="0.0"/>
  <testcase name="should be decoded properly" classname="com.github.traderjoe95.mls.protocol.message.Messages" time="0.0"/>
  <testcase name="should round-trip to the same binary value" classname="com.github.traderjoe95.mls.protocol.message.Messages" time="0.0"/>
  <testcase name="should be decoded properly" classname="com.github.traderjoe95.mls.protocol.message.Messages" time="0.0"/>
  <testcase name="should round-trip to the same binary value" classname="com.github.traderjoe95.mls.protocol.message.Messages" time="0.0"/>
  <testcase name="should be decoded properly" classname="com.github.traderjoe95.mls.protocol.message.Messages" time="0.0"/>
  <testcase name="should round-trip to the same binary value" classname="com.github.traderjoe95.mls.protocol.message.Messages" time="0.0"/>
  <testcase name="should be decoded properly" classname="com.github.traderjoe95.mls.protocol.message.Messages" time="0.0"/>
  <testcase name="should round-trip to the same binary value" classname="com.github.traderjoe95.mls.protocol.message.Messages" time="0.001"/>
  <testcase name="should be decoded properly" classname="com.github.traderjoe95.mls.protocol.message.Messages" time="0.001"/>
  <testcase name="should round-trip to the same binary value" classname="com.github.traderjoe95.mls.protocol.message.Messages" time="0.0"/>
  <testcase name="should be decoded properly" classname="com.github.traderjoe95.mls.protocol.message.Messages" time="0.0"/>
  <testcase name="should round-trip to the same binary value" classname="com.github.traderjoe95.mls.protocol.message.Messages" time="0.0"/>
  <testcase name="should be decoded properly" classname="com.github.traderjoe95.mls.protocol.message.Messages" time="0.0"/>
  <testcase name="should round-trip to the same binary value" classname="com.github.traderjoe95.mls.protocol.message.Messages" time="0.0"/>
  <testcase name="should be decoded properly" classname="com.github.traderjoe95.mls.protocol.message.Messages" time="0.0"/>
  <testcase name="should round-trip to the same binary value" classname="com.github.traderjoe95.mls.protocol.message.Messages" time="0.0"/>
  <testcase name="should be decoded properly" classname="com.github.traderjoe95.mls.protocol.message.Messages" time="0.0"/>
  <testcase name="should round-trip to the same binary value" classname="com.github.traderjoe95.mls.protocol.message.Messages" time="0.001"/>
  <testcase name="should be decoded properly" classname="com.github.traderjoe95.mls.protocol.message.Messages" time="0.0"/>
  <testcase name="should round-trip to the same binary value" classname="com.github.traderjoe95.mls.protocol.message.Messages" time="0.0"/>
  <testcase name="should be decoded properly" classname="com.github.traderjoe95.mls.protocol.message.Messages" time="0.0"/>
  <testcase name="should round-trip to the same binary value" classname="com.github.traderjoe95.mls.protocol.message.Messages" time="0.0"/>
  <testcase name="should be decoded properly" classname="com.github.traderjoe95.mls.protocol.message.Messages" time="0.0"/>
  <testcase name="should round-trip to the same binary value" classname="com.github.traderjoe95.mls.protocol.message.Messages" time="0.0"/>
  <testcase name="should be decoded properly" classname="com.github.traderjoe95.mls.protocol.message.Messages" time="0.0"/>
  <testcase name="should round-trip to the same binary value" classname="com.github.traderjoe95.mls.protocol.message.Messages" time="0.0"/>
  <testcase name="should be decoded properly" classname="com.github.traderjoe95.mls.protocol.message.Messages" time="0.0"/>
  <testcase name="should round-trip to the same binary value" classname="com.github.traderjoe95.mls.protocol.message.Messages" time="0.0"/>
  <testcase name="should be decoded properly" classname="com.github.traderjoe95.mls.protocol.message.Messages" time="0.0"/>
  <testcase name="should round-trip to the same binary value" classname="com.github.traderjoe95.mls.protocol.message.Messages" time="0.0"/>
  <testcase name="should be decoded properly" classname="com.github.traderjoe95.mls.protocol.message.Messages" time="0.0"/>
  <testcase name="should round-trip to the same binary value" classname="com.github.traderjoe95.mls.protocol.message.Messages" time="0.0"/>
  <testcase name="should be decoded properly" classname="com.github.traderjoe95.mls.protocol.message.Messages" time="0.0"/>
  <testcase name="should round-trip to the same binary value" classname="com.github.traderjoe95.mls.protocol.message.Messages" time="0.001"/>
  <testcase name="should be decoded properly" classname="com.github.traderjoe95.mls.protocol.message.Messages" time="0.001"/>
  <testcase name="should round-trip to the same binary value" classname="com.github.traderjoe95.mls.protocol.message.Messages" time="0.0"/>
  <testcase name="should be decoded properly" classname="com.github.traderjoe95.mls.protocol.message.Messages" time="0.0"/>
  <testcase name="should round-trip to the same binary value" classname="com.github.traderjoe95.mls.protocol.message.Messages" time="0.0"/>
  <testcase name="should be decoded properly" classname="com.github.traderjoe95.mls.protocol.message.Messages" time="0.001"/>
  <testcase name="should round-trip to the same binary value" classname="com.github.traderjoe95.mls.protocol.message.Messages" time="0.0"/>
  <testcase name="should be decoded properly" classname="com.github.traderjoe95.mls.protocol.message.Messages" time="0.0"/>
  <testcase name="should round-trip to the same binary value" classname="com.github.traderjoe95.mls.protocol.message.Messages" time="0.0"/>
  <testcase name="should be decoded properly" classname="com.github.traderjoe95.mls.protocol.message.Messages" time="0.0"/>
  <testcase name="should round-trip to the same binary value" classname="com.github.traderjoe95.mls.protocol.message.Messages" time="0.0"/>
  <testcase name="should be decoded properly" classname="com.github.traderjoe95.mls.protocol.message.Messages" time="0.0"/>
  <testcase name="should round-trip to the same binary value" classname="com.github.traderjoe95.mls.protocol.message.Messages" time="0.0"/>
  <testcase name="should be decoded properly" classname="com.github.traderjoe95.mls.protocol.message.Messages" time="0.0"/>
  <testcase name="should round-trip to the same binary value" classname="com.github.traderjoe95.mls.protocol.message.Messages" time="0.0"/>
  <testcase name="should be decoded properly" classname="com.github.traderjoe95.mls.protocol.message.Messages" time="0.0"/>
  <testcase name="should round-trip to the same binary value" classname="com.github.traderjoe95.mls.protocol.message.Messages" time="0.0"/>
  <testcase name="should be decoded properly" classname="com.github.traderjoe95.mls.protocol.message.Messages" time="0.001"/>
  <testcase name="should round-trip to the same binary value" classname="com.github.traderjoe95.mls.protocol.message.Messages" time="0.0"/>
  <testcase name="should be decoded properly" classname="com.github.traderjoe95.mls.protocol.message.Messages" time="0.0"/>
  <testcase name="should round-trip to the same binary value" classname="com.github.traderjoe95.mls.protocol.message.Messages" time="0.001"/>
  <testcase name="should be decoded properly" classname="com.github.traderjoe95.mls.protocol.message.Messages" time="0.0"/>
  <testcase name="should round-trip to the same binary value" classname="com.github.traderjoe95.mls.protocol.message.Messages" time="0.0"/>
  <testcase name="should be decoded properly" classname="com.github.traderjoe95.mls.protocol.message.Messages" time="0.0"/>
  <testcase name="should round-trip to the same binary value" classname="com.github.traderjoe95.mls.protocol.message.Messages" time="0.0"/>
  <testcase name="should be decoded properly" classname="com.github.traderjoe95.mls.protocol.message.Messages" time="0.0"/>
  <testcase name="should round-trip to the same binary value" classname="com.github.traderjoe95.mls.protocol.message.Messages" time="0.0"/>
  <testcase name="should be decoded properly" classname="com.github.traderjoe95.mls.protocol.message.Messages" time="0.0"/>
  <testcase name="should round-trip to the same binary value" classname="com.github.traderjoe95.mls.protocol.message.Messages" time="0.001"/>
  <testcase name="should be decoded properly" classname="com.github.traderjoe95.mls.protocol.message.Messages" time="0.0"/>
  <testcase name="should round-trip to the same binary value" classname="com.github.traderjoe95.mls.protocol.message.Messages" time="0.0"/>
  <testcase name="should be decoded properly" classname="com.github.traderjoe95.mls.protocol.message.Messages" time="0.0"/>
  <testcase name="should round-trip to the same binary value" classname="com.github.traderjoe95.mls.protocol.message.Messages" time="0.0"/>
  <testcase name="should be decoded properly" classname="com.github.traderjoe95.mls.protocol.message.Messages" time="0.0"/>
  <testcase name="should round-trip to the same binary value" classname="com.github.traderjoe95.mls.protocol.message.Messages" time="0.0"/>
  <testcase name="should be decoded properly" classname="com.github.traderjoe95.mls.protocol.message.Messages" time="0.001"/>
  <testcase name="should round-trip to the same binary value" classname="com.github.traderjoe95.mls.protocol.message.Messages" time="0.0"/>
  <testcase name="should be decoded properly" classname="com.github.traderjoe95.mls.protocol.message.Messages" time="0.0"/>
  <testcase name="should round-trip to the same binary value" classname="com.github.traderjoe95.mls.protocol.message.Messages" time="0.0"/>
  <testcase name="should be decoded properly" classname="com.github.traderjoe95.mls.protocol.message.Messages" time="0.0"/>
  <testcase name="should round-trip to the same binary value" classname="com.github.traderjoe95.mls.protocol.message.Messages" time="0.0"/>
  <testcase name="should be decoded properly" classname="com.github.traderjoe95.mls.protocol.message.Messages" time="0.0"/>
  <testcase name="should round-trip to the same binary value" classname="com.github.traderjoe95.mls.protocol.message.Messages" time="0.0"/>
  <testcase name="should be decoded properly" classname="com.github.traderjoe95.mls.protocol.message.Messages" time="0.0"/>
  <testcase name="should round-trip to the same binary value" classname="com.github.traderjoe95.mls.protocol.message.Messages" time="0.001"/>
  <testcase name="should be decoded properly" classname="com.github.traderjoe95.mls.protocol.message.Messages" time="0.0"/>
  <testcase name="should round-trip to the same binary value" classname="com.github.traderjoe95.mls.protocol.message.Messages" time="0.0"/>
  <testcase name="should be decoded properly" classname="com.github.traderjoe95.mls.protocol.message.Messages" time="0.0"/>
  <testcase name="should round-trip to the same binary value" classname="com.github.traderjoe95.mls.protocol.message.Messages" time="0.0"/>
  <testcase name="should be decoded properly" classname="com.github.traderjoe95.mls.protocol.message.Messages" time="0.0"/>
  <testcase name="should round-trip to the same binary value" classname="com.github.traderjoe95.mls.protocol.message.Messages" time="0.001"/>
  <testcase name="should be decoded properly" classname="com.github.traderjoe95.mls.protocol.message.Messages" time="0.0"/>
  <testcase name="should round-trip to the same binary value" classname="com.github.traderjoe95.mls.protocol.message.Messages" time="0.0"/>
  <testcase name="should be decoded properly" classname="com.github.traderjoe95.mls.protocol.message.Messages" time="0.0"/>
  <testcase name="should round-trip to the same binary value" classname="com.github.traderjoe95.mls.protocol.message.Messages" time="0.0"/>
  <testcase name="should be decoded properly" classname="com.github.traderjoe95.mls.protocol.message.Messages" time="0.0"/>
  <testcase name="should round-trip to the same binary value" classname="com.github.traderjoe95.mls.protocol.message.Messages" time="0.0"/>
  <testcase name="should be decoded properly" classname="com.github.traderjoe95.mls.protocol.message.Messages" time="0.0"/>
  <testcase name="should round-trip to the same binary value" classname="com.github.traderjoe95.mls.protocol.message.Messages" time="0.001"/>
  <testcase name="should be decoded properly" classname="com.github.traderjoe95.mls.protocol.message.Messages" time="0.001"/>
  <testcase name="should round-trip to the same binary value" classname="com.github.traderjoe95.mls.protocol.message.Messages" time="0.0"/>
  <testcase name="should be decoded properly" classname="com.github.traderjoe95.mls.protocol.message.Messages" time="0.0"/>
  <testcase name="should round-trip to the same binary value" classname="com.github.traderjoe95.mls.protocol.message.Messages" time="0.0"/>
  <testcase name="should be decoded properly" classname="com.github.traderjoe95.mls.protocol.message.Messages" time="0.0"/>
  <testcase name="should round-trip to the same binary value" classname="com.github.traderjoe95.mls.protocol.message.Messages" time="0.0"/>
  <testcase name="should be decoded properly" classname="com.github.traderjoe95.mls.protocol.message.Messages" time="0.0"/>
  <testcase name="should round-trip to the same binary value" classname="com.github.traderjoe95.mls.protocol.message.Messages" time="0.0"/>
  <testcase name="should be decoded properly" classname="com.github.traderjoe95.mls.protocol.message.Messages" time="0.0"/>
  <testcase name="should round-trip to the same binary value" classname="com.github.traderjoe95.mls.protocol.message.Messages" time="0.0"/>
  <testcase name="should be decoded properly" classname="com.github.traderjoe95.mls.protocol.message.Messages" time="0.0"/>
  <testcase name="should round-trip to the same binary value" classname="com.github.traderjoe95.mls.protocol.message.Messages" time="0.0"/>
  <testcase name="should be decoded properly" classname="com.github.traderjoe95.mls.protocol.message.Messages" time="0.0"/>
  <testcase name="should round-trip to the same binary value" classname="com.github.traderjoe95.mls.protocol.message.Messages" time="0.0"/>
  <testcase name="should be decoded properly" classname="com.github.traderjoe95.mls.protocol.message.Messages" time="0.0"/>
  <testcase name="should round-trip to the same binary value" classname="com.github.traderjoe95.mls.protocol.message.Messages" time="0.001"/>
  <testcase name="should be decoded properly" classname="com.github.traderjoe95.mls.protocol.message.Messages" time="0.0"/>
  <testcase name="should round-trip to the same binary value" classname="com.github.traderjoe95.mls.protocol.message.Messages" time="0.001"/>
  <testcase name="should be decoded properly" classname="com.github.traderjoe95.mls.protocol.message.Messages" time="0.0"/>
  <testcase name="should round-trip to the same binary value" classname="com.github.traderjoe95.mls.protocol.message.Messages" time="0.0"/>
  <testcase name="should be decoded properly" classname="com.github.traderjoe95.mls.protocol.message.Messages" time="0.001"/>
  <testcase name="should round-trip to the same binary value" classname="com.github.traderjoe95.mls.protocol.message.Messages" time="0.001"/>
  <testcase name="should be decoded properly" classname="com.github.traderjoe95.mls.protocol.message.Messages" time="0.001"/>
  <testcase name="should round-trip to the same binary value" classname="com.github.traderjoe95.mls.protocol.message.Messages" time="0.0"/>
  <testcase name="should be decoded properly" classname="com.github.traderjoe95.mls.protocol.message.Messages" time="0.0"/>
  <testcase name="should round-trip to the same binary value" classname="com.github.traderjoe95.mls.protocol.message.Messages" time="0.0"/>
  <testcase name="should be decoded properly" classname="com.github.traderjoe95.mls.protocol.message.Messages" time="0.001"/>
  <testcase name="should round-trip to the same binary value" classname="com.github.traderjoe95.mls.protocol.message.Messages" time="0.001"/>
  <testcase name="should be decoded properly" classname="com.github.traderjoe95.mls.protocol.message.Messages" time="0.001"/>
  <testcase name="should round-trip to the same binary value" classname="com.github.traderjoe95.mls.protocol.message.Messages" time="0.0"/>
  <testcase name="should be decoded properly" classname="com.github.traderjoe95.mls.protocol.message.Messages" time="0.0"/>
  <testcase name="should round-trip to the same binary value" classname="com.github.traderjoe95.mls.protocol.message.Messages" time="0.0"/>
  <testcase name="should be decoded properly" classname="com.github.traderjoe95.mls.protocol.message.Messages" time="0.0"/>
  <testcase name="should round-trip to the same binary value" classname="com.github.traderjoe95.mls.protocol.message.Messages" time="0.0"/>
  <testcase name="should be decoded properly" classname="com.github.traderjoe95.mls.protocol.message.Messages" time="0.0"/>
  <testcase name="should round-trip to the same binary value" classname="com.github.traderjoe95.mls.protocol.message.Messages" time="0.0"/>
  <testcase name="should be decoded properly" classname="com.github.traderjoe95.mls.protocol.message.Messages" time="0.0"/>
  <testcase name="should round-trip to the same binary value" classname="com.github.traderjoe95.mls.protocol.message.Messages" time="0.0"/>
  <testcase name="should be decoded properly" classname="com.github.traderjoe95.mls.protocol.message.Messages" time="0.0"/>
  <testcase name="should round-trip to the same binary value" classname="com.github.traderjoe95.mls.protocol.message.Messages" time="0.0"/>
  <testcase name="should be decoded properly" classname="com.github.traderjoe95.mls.protocol.message.Messages" time="0.0"/>
  <testcase name="should round-trip to the same binary value" classname="com.github.traderjoe95.mls.protocol.message.Messages" time="0.001"/>
  <testcase name="should be decoded properly" classname="com.github.traderjoe95.mls.protocol.message.Messages" time="0.001"/>
  <testcase name="should round-trip to the same binary value" classname="com.github.traderjoe95.mls.protocol.message.Messages" time="0.0"/>
  <testcase name="should be decoded properly" classname="com.github.traderjoe95.mls.protocol.message.Messages" time="0.001"/>
  <testcase name="should round-trip to the same binary value" classname="com.github.traderjoe95.mls.protocol.message.Messages" time="0.0"/>
  <testcase name="should be decoded properly" classname="com.github.traderjoe95.mls.protocol.message.Messages" time="0.0"/>
  <testcase name="should round-trip to the same binary value" classname="com.github.traderjoe95.mls.protocol.message.Messages" time="0.0"/>
  <testcase name="should be decoded properly" classname="com.github.traderjoe95.mls.protocol.message.Messages" time="0.0"/>
  <testcase name="should round-trip to the same binary value" classname="com.github.traderjoe95.mls.protocol.message.Messages" time="0.0"/>
  <testcase name="should be decoded properly" classname="com.github.traderjoe95.mls.protocol.message.Messages" time="0.0"/>
  <testcase name="should round-trip to the same binary value" classname="com.github.traderjoe95.mls.protocol.message.Messages" time="0.001"/>
  <testcase name="should be decoded properly" classname="com.github.traderjoe95.mls.protocol.message.Messages" time="0.0"/>
  <testcase name="should round-trip to the same binary value" classname="com.github.traderjoe95.mls.protocol.message.Messages" time="0.0"/>
  <testcase name="should be decoded properly" classname="com.github.traderjoe95.mls.protocol.message.Messages" time="0.0"/>
  <testcase name="should round-trip to the same binary value" classname="com.github.traderjoe95.mls.protocol.message.Messages" time="0.001"/>
  <testcase name="should be decoded properly" classname="com.github.traderjoe95.mls.protocol.message.Messages" time="0.0"/>
  <testcase name="should round-trip to the same binary value" classname="com.github.traderjoe95.mls.protocol.message.Messages" time="0.0"/>
  <testcase name="should be decoded properly" classname="com.github.traderjoe95.mls.protocol.message.Messages" time="0.0"/>
  <testcase name="should round-trip to the same binary value" classname="com.github.traderjoe95.mls.protocol.message.Messages" time="0.0"/>
  <testcase name="should be decoded properly" classname="com.github.traderjoe95.mls.protocol.message.Messages" time="0.0"/>
  <testcase name="should round-trip to the same binary value" classname="com.github.traderjoe95.mls.protocol.message.Messages" time="0.0"/>
  <testcase name="should be decoded properly" classname="com.github.traderjoe95.mls.protocol.message.Messages" time="0.0"/>
  <testcase name="should round-trip to the same binary value" classname="com.github.traderjoe95.mls.protocol.message.Messages" time="0.001"/>
  <testcase name="should be decoded properly" classname="com.github.traderjoe95.mls.protocol.message.Messages" time="0.001"/>
  <testcase name="should round-trip to the same binary value" classname="com.github.traderjoe95.mls.protocol.message.Messages" time="0.0"/>
  <testcase name="should be decoded properly" classname="com.github.traderjoe95.mls.protocol.message.Messages" time="0.0"/>
  <testcase name="should round-trip to the same binary value" classname="com.github.traderjoe95.mls.protocol.message.Messages" time="0.0"/>
  <testcase name="should be decoded properly" classname="com.github.traderjoe95.mls.protocol.message.Messages" time="0.001"/>
  <testcase name="should round-trip to the same binary value" classname="com.github.traderjoe95.mls.protocol.message.Messages" time="0.0"/>
  <testcase name="should be decoded properly" classname="com.github.traderjoe95.mls.protocol.message.Messages" time="0.001"/>
  <testcase name="should round-trip to the same binary value" classname="com.github.traderjoe95.mls.protocol.message.Messages" time="0.0"/>
  <testcase name="should be decoded properly" classname="com.github.traderjoe95.mls.protocol.message.Messages" time="0.001"/>
  <testcase name="should round-trip to the same binary value" classname="com.github.traderjoe95.mls.protocol.message.Messages" time="0.001"/>
  <testcase name="should be decoded properly" classname="com.github.traderjoe95.mls.protocol.message.Messages" time="0.0"/>
  <testcase name="should round-trip to the same binary value" classname="com.github.traderjoe95.mls.protocol.message.Messages" time="0.0"/>
  <testcase name="should be decoded properly" classname="com.github.traderjoe95.mls.protocol.message.Messages" time="0.0"/>
  <testcase name="should round-trip to the same binary value" classname="com.github.traderjoe95.mls.protocol.message.Messages" time="0.0"/>
  <testcase name="should be decoded properly" classname="com.github.traderjoe95.mls.protocol.message.Messages" time="0.0"/>
  <testcase name="should round-trip to the same binary value" classname="com.github.traderjoe95.mls.protocol.message.Messages" time="0.0"/>
  <testcase name="should be decoded properly" classname="com.github.traderjoe95.mls.protocol.message.Messages" time="0.0"/>
  <testcase name="should round-trip to the same binary value" classname="com.github.traderjoe95.mls.protocol.message.Messages" time="0.0"/>
  <testcase name="should be decoded properly" classname="com.github.traderjoe95.mls.protocol.message.Messages" time="0.0"/>
  <testcase name="should round-trip to the same binary value" classname="com.github.traderjoe95.mls.protocol.message.Messages" time="0.0"/>
  <testcase name="should be decoded properly" classname="com.github.traderjoe95.mls.protocol.message.Messages" time="0.0"/>
  <testcase name="should round-trip to the same binary value" classname="com.github.traderjoe95.mls.protocol.message.Messages" time="0.0"/>
  <testcase name="should be decoded properly" classname="com.github.traderjoe95.mls.protocol.message.Messages" time="0.0"/>
  <testcase name="should round-trip to the same binary value" classname="com.github.traderjoe95.mls.protocol.message.Messages" time="0.0"/>
  <testcase name="should be decoded properly" classname="com.github.traderjoe95.mls.protocol.message.Messages" time="0.0"/>
  <testcase name="should round-trip to the same binary value" classname="com.github.traderjoe95.mls.protocol.message.Messages" time="0.0"/>
  <testcase name="should be decoded properly" classname="com.github.traderjoe95.mls.protocol.message.Messages" time="0.0"/>
  <testcase name="should round-trip to the same binary value" classname="com.github.traderjoe95.mls.protocol.message.Messages" time="0.0"/>
  <testcase name="should be decoded properly" classname="com.github.traderjoe95.mls.protocol.message.Messages" time="0.0"/>
  <testcase name="should round-trip to the same binary value" classname="com.github.traderjoe95.mls.protocol.message.Messages" time="0.0"/>
  <testcase name="should be decoded properly" classname="com.github.traderjoe95.mls.protocol.message.Messages" time="0.0"/>
  <testcase name="should round-trip to the same binary value" classname="com.github.traderjoe95.mls.protocol.message.Messages" time="0.001"/>
  <testcase name="should be decoded properly" classname="com.github.traderjoe95.mls.protocol.message.Messages" time="0.0"/>
  <testcase name="should round-trip to the same binary value" classname="com.github.traderjoe95.mls.protocol.message.Messages" time="0.0"/>
  <testcase name="should be decoded properly" classname="com.github.traderjoe95.mls.protocol.message.Messages" time="0.0"/>
  <testcase name="should round-trip to the same binary value" classname="com.github.traderjoe95.mls.protocol.message.Messages" time="0.0"/>
  <testcase name="should be decoded properly" classname="com.github.traderjoe95.mls.protocol.message.Messages" time="0.0"/>
  <testcase name="should round-trip to the same binary value" classname="com.github.traderjoe95.mls.protocol.message.Messages" time="0.0"/>
  <testcase name="should be decoded properly" classname="com.github.traderjoe95.mls.protocol.message.Messages" time="0.0"/>
  <testcase name="should round-trip to the same binary value" classname="com.github.traderjoe95.mls.protocol.message.Messages" time="0.0"/>
  <testcase name="should be decoded properly" classname="com.github.traderjoe95.mls.protocol.message.Messages" time="0.0"/>
  <testcase name="should round-trip to the same binary value" classname="com.github.traderjoe95.mls.protocol.message.Messages" time="0.0"/>
  <testcase name="should be decoded properly" classname="com.github.traderjoe95.mls.protocol.message.Messages" time="0.001"/>
  <testcase name="should round-trip to the same binary value" classname="com.github.traderjoe95.mls.protocol.message.Messages" time="0.0"/>
  <testcase name="should be decoded properly" classname="com.github.traderjoe95.mls.protocol.message.Messages" time="0.0"/>
  <testcase name="should round-trip to the same binary value" classname="com.github.traderjoe95.mls.protocol.message.Messages" time="0.001"/>
  <testcase name="should be decoded properly" classname="com.github.traderjoe95.mls.protocol.message.Messages" time="0.0"/>
  <testcase name="should round-trip to the same binary value" classname="com.github.traderjoe95.mls.protocol.message.Messages" time="0.0"/>
  <testcase name="should be decoded properly" classname="com.github.traderjoe95.mls.protocol.message.Messages" time="0.0"/>
  <testcase name="should round-trip to the same binary value" classname="com.github.traderjoe95.mls.protocol.message.Messages" time="0.0"/>
  <testcase name="should be decoded properly" classname="com.github.traderjoe95.mls.protocol.message.Messages" time="0.0"/>
  <testcase name="should round-trip to the same binary value" classname="com.github.traderjoe95.mls.protocol.message.Messages" time="0.0"/>
  <testcase name="should be decoded properly" classname="com.github.traderjoe95.mls.protocol.message.Messages" time="0.0"/>
  <testcase name="should round-trip to the same binary value" classname="com.github.traderjoe95.mls.protocol.message.Messages" time="0.0"/>
  <testcase name="should be decoded properly" classname="com.github.traderjoe95.mls.protocol.message.Messages" time="0.0"/>
  <testcase name="should round-trip to the same binary value" classname="com.github.traderjoe95.mls.protocol.message.Messages" time="0.0"/>
  <testcase name="should be decoded properly" classname="com.github.traderjoe95.mls.protocol.message.Messages" time="0.0"/>
  <testcase name="should round-trip to the same binary value" classname="com.github.traderjoe95.mls.protocol.message.Messages" time="0.0"/>
  <testcase name="should be decoded properly" classname="com.github.traderjoe95.mls.protocol.message.Messages" time="0.001"/>
  <testcase name="should round-trip to the same binary value" classname="com.github.traderjoe95.mls.protocol.message.Messages" time="0.001"/>
  <testcase name="should be decoded properly" classname="com.github.traderjoe95.mls.protocol.message.Messages" time="0.001"/>
  <testcase name="should round-trip to the same binary value" classname="com.github.traderjoe95.mls.protocol.message.Messages" time="0.001"/>
  <testcase name="should be decoded properly" classname="com.github.traderjoe95.mls.protocol.message.Messages" time="0.001"/>
  <testcase name="should round-trip to the same binary value" classname="com.github.traderjoe95.mls.protocol.message.Messages" time="0.001"/>
  <testcase name="should be decoded properly" classname="com.github.traderjoe95.mls.protocol.message.Messages" time="0.0"/>
  <testcase name="should round-trip to the same binary value" classname="com.github.traderjoe95.mls.protocol.message.Messages" time="0.0"/>
  <testcase name="should be decoded properly" classname="com.github.traderjoe95.mls.protocol.message.Messages" time="0.0"/>
  <testcase name="should round-trip to the same binary value" classname="com.github.traderjoe95.mls.protocol.message.Messages" time="0.0"/>
  <testcase name="should be decoded properly" classname="com.github.traderjoe95.mls.protocol.message.Messages" time="0.0"/>
  <testcase name="should round-trip to the same binary value" classname="com.github.traderjoe95.mls.protocol.message.Messages" time="0.0"/>
  <testcase name="should be decoded properly" classname="com.github.traderjoe95.mls.protocol.message.Messages" time="0.0"/>
  <testcase name="should round-trip to the same binary value" classname="com.github.traderjoe95.mls.protocol.message.Messages" time="0.0"/>
  <testcase name="should be decoded properly" classname="com.github.traderjoe95.mls.protocol.message.Messages" time="0.0"/>
  <testcase name="should round-trip to the same binary value" classname="com.github.traderjoe95.mls.protocol.message.Messages" time="0.0"/>
  <testcase name="should be decoded properly" classname="com.github.traderjoe95.mls.protocol.message.Messages" time="0.0"/>
  <testcase name="should round-trip to the same binary value" classname="com.github.traderjoe95.mls.protocol.message.Messages" time="0.0"/>
  <testcase name="should be decoded properly" classname="com.github.traderjoe95.mls.protocol.message.Messages" time="0.0"/>
  <testcase name="should round-trip to the same binary value" classname="com.github.traderjoe95.mls.protocol.message.Messages" time="0.001"/>
  <testcase name="should be decoded properly" classname="com.github.traderjoe95.mls.protocol.message.Messages" time="0.0"/>
  <testcase name="should round-trip to the same binary value" classname="com.github.traderjoe95.mls.protocol.message.Messages" time="0.0"/>
  <testcase name="should be decoded properly" classname="com.github.traderjoe95.mls.protocol.message.Messages" time="0.0"/>
  <testcase name="should round-trip to the same binary value" classname="com.github.traderjoe95.mls.protocol.message.Messages" time="0.0"/>
  <testcase name="should be decoded properly" classname="com.github.traderjoe95.mls.protocol.message.Messages" time="0.001"/>
  <testcase name="should round-trip to the same binary value" classname="com.github.traderjoe95.mls.protocol.message.Messages" time="0.0"/>
  <testcase name="should be decoded properly" classname="com.github.traderjoe95.mls.protocol.message.Messages" time="0.0"/>
  <testcase name="should round-trip to the same binary value" classname="com.github.traderjoe95.mls.protocol.message.Messages" time="0.0"/>
  <testcase name="should be decoded properly" classname="com.github.traderjoe95.mls.protocol.message.Messages" time="0.0"/>
  <testcase name="should round-trip to the same binary value" classname="com.github.traderjoe95.mls.protocol.message.Messages" time="0.0"/>
  <testcase name="should be decoded properly" classname="com.github.traderjoe95.mls.protocol.message.Messages" time="0.0"/>
  <testcase name="should round-trip to the same binary value" classname="com.github.traderjoe95.mls.protocol.message.Messages" time="0.0"/>
  <testcase name="should be decoded properly" classname="com.github.traderjoe95.mls.protocol.message.Messages" time="0.0"/>
  <testcase name="should round-trip to the same binary value" classname="com.github.traderjoe95.mls.protocol.message.Messages" time="0.0"/>
  <testcase name="should be decoded properly" classname="com.github.traderjoe95.mls.protocol.message.Messages" time="0.0"/>
  <testcase name="should round-trip to the same binary value" classname="com.github.traderjoe95.mls.protocol.message.Messages" time="0.001"/>
  <testcase name="should be decoded properly" classname="com.github.traderjoe95.mls.protocol.message.Messages" time="0.0"/>
  <testcase name="should round-trip to the same binary value" classname="com.github.traderjoe95.mls.protocol.message.Messages" time="0.0"/>
  <testcase name="should be decoded properly" classname="com.github.traderjoe95.mls.protocol.message.Messages" time="0.0"/>
  <testcase name="should round-trip to the same binary value" classname="com.github.traderjoe95.mls.protocol.message.Messages" time="0.0"/>
  <testcase name="should be decoded properly" classname="com.github.traderjoe95.mls.protocol.message.Messages" time="0.0"/>
  <testcase name="should round-trip to the same binary value" classname="com.github.traderjoe95.mls.protocol.message.Messages" time="0.0"/>
  <testcase name="should be decoded properly" classname="com.github.traderjoe95.mls.protocol.message.Messages" time="0.0"/>
  <testcase name="should round-trip to the same binary value" classname="com.github.traderjoe95.mls.protocol.message.Messages" time="0.0"/>
  <testcase name="should be decoded properly" classname="com.github.traderjoe95.mls.protocol.message.Messages" time="0.0"/>
  <testcase name="should round-trip to the same binary value" classname="com.github.traderjoe95.mls.protocol.message.Messages" time="0.001"/>
  <testcase name="should be decoded properly" classname="com.github.traderjoe95.mls.protocol.message.Messages" time="0.0"/>
  <testcase name="should round-trip to the same binary value" classname="com.github.traderjoe95.mls.protocol.message.Messages" time="0.0"/>
  <testcase name="should be decoded properly" classname="com.github.traderjoe95.mls.protocol.message.Messages" time="0.0"/>
  <testcase name="should round-trip to the same binary value" classname="com.github.traderjoe95.mls.protocol.message.Messages" time="0.001"/>
  <testcase name="should be decoded properly" classname="com.github.traderjoe95.mls.protocol.message.Messages" time="0.0"/>
  <testcase name="should round-trip to the same binary value" classname="com.github.traderjoe95.mls.protocol.message.Messages" time="0.0"/>
  <testcase name="should be decoded properly" classname="com.github.traderjoe95.mls.protocol.message.Messages" time="0.0"/>
  <testcase name="should round-trip to the same binary value" classname="com.github.traderjoe95.mls.protocol.message.Messages" time="0.001"/>
  <testcase name="should be decoded properly" classname="com.github.traderjoe95.mls.protocol.message.Messages" time="0.0"/>
  <testcase name="should round-trip to the same binary value" classname="com.github.traderjoe95.mls.protocol.message.Messages" time="0.001"/>
  <testcase name="should be decoded properly" classname="com.github.traderjoe95.mls.protocol.message.Messages" time="0.001"/>
  <testcase name="should round-trip to the same binary value" classname="com.github.traderjoe95.mls.protocol.message.Messages" time="0.0"/>
  <testcase name="should be decoded properly" classname="com.github.traderjoe95.mls.protocol.message.Messages" time="0.0"/>
  <testcase name="should round-trip to the same binary value" classname="com.github.traderjoe95.mls.protocol.message.Messages" time="0.0"/>
  <testcase name="should be decoded properly" classname="com.github.traderjoe95.mls.protocol.message.Messages" time="0.0"/>
  <testcase name="should round-trip to the same binary value" classname="com.github.traderjoe95.mls.protocol.message.Messages" time="0.0"/>
  <testcase name="should be decoded properly" classname="com.github.traderjoe95.mls.protocol.message.Messages" time="0.001"/>
  <testcase name="should round-trip to the same binary value" classname="com.github.traderjoe95.mls.protocol.message.Messages" time="0.001"/>
  <testcase name="should be decoded properly" classname="com.github.traderjoe95.mls.protocol.message.Messages" time="0.0"/>
  <testcase name="should round-trip to the same binary value" classname="com.github.traderjoe95.mls.protocol.message.Messages" time="0.001"/>
  <testcase name="should be decoded properly" classname="com.github.traderjoe95.mls.protocol.message.Messages" time="0.001"/>
  <testcase name="should round-trip to the same binary value" classname="com.github.traderjoe95.mls.protocol.message.Messages" time="0.0"/>
  <testcase name="should be decoded properly" classname="com.github.traderjoe95.mls.protocol.message.Messages" time="0.0"/>
  <testcase name="should round-trip to the same binary value" classname="com.github.traderjoe95.mls.protocol.message.Messages" time="0.0"/>
  <testcase name="should be decoded properly" classname="com.github.traderjoe95.mls.protocol.message.Messages" time="0.0"/>
  <testcase name="should round-trip to the same binary value" classname="com.github.traderjoe95.mls.protocol.message.Messages" time="0.0"/>
  <testcase name="should be decoded properly" classname="com.github.traderjoe95.mls.protocol.message.Messages" time="0.0"/>
  <testcase name="should round-trip to the same binary value" classname="com.github.traderjoe95.mls.protocol.message.Messages" time="0.0"/>
  <testcase name="should be decoded properly" classname="com.github.traderjoe95.mls.protocol.message.Messages" time="0.0"/>
  <testcase name="should round-trip to the same binary value" classname="com.github.traderjoe95.mls.protocol.message.Messages" time="0.0"/>
  <testcase name="should be decoded properly" classname="com.github.traderjoe95.mls.protocol.message.Messages" time="0.0"/>
  <testcase name="should round-trip to the same binary value" classname="com.github.traderjoe95.mls.protocol.message.Messages" time="0.001"/>
  <testcase name="should be decoded properly" classname="com.github.traderjoe95.mls.protocol.message.Messages" time="0.0"/>
  <testcase name="should round-trip to the same binary value" classname="com.github.traderjoe95.mls.protocol.message.Messages" time="0.0"/>
  <testcase name="should be decoded properly" classname="com.github.traderjoe95.mls.protocol.message.Messages" time="0.0"/>
  <testcase name="should round-trip to the same binary value" classname="com.github.traderjoe95.mls.protocol.message.Messages" time="0.0"/>
  <testcase name="should be decoded properly" classname="com.github.traderjoe95.mls.protocol.message.Messages" time="0.0"/>
  <testcase name="should round-trip to the same binary value" classname="com.github.traderjoe95.mls.protocol.message.Messages" time="0.0"/>
  <testcase name="should be decoded properly" classname="com.github.traderjoe95.mls.protocol.message.Messages" time="0.0"/>
  <testcase name="should round-trip to the same binary value" classname="com.github.traderjoe95.mls.protocol.message.Messages" time="0.001"/>
  <testcase name="should be decoded properly" classname="com.github.traderjoe95.mls.protocol.message.Messages" time="0.001"/>
  <testcase name="should round-trip to the same binary value" classname="com.github.traderjoe95.mls.protocol.message.Messages" time="0.0"/>
  <testcase name="should be decoded properly" classname="com.github.traderjoe95.mls.protocol.message.Messages" time="0.0"/>
  <testcase name="should round-trip to the same binary value" classname="com.github.traderjoe95.mls.protocol.message.Messages" time="0.0"/>
  <testcase name="should be decoded properly" classname="com.github.traderjoe95.mls.protocol.message.Messages" time="0.0"/>
  <testcase name="should round-trip to the same binary value" classname="com.github.traderjoe95.mls.protocol.message.Messages" time="0.0"/>
  <testcase name="should be decoded properly" classname="com.github.traderjoe95.mls.protocol.message.Messages" time="0.001"/>
  <testcase name="should round-trip to the same binary value" classname="com.github.traderjoe95.mls.protocol.message.Messages" time="0.0"/>
  <testcase name="should be decoded properly" classname="com.github.traderjoe95.mls.protocol.message.Messages" time="0.0"/>
  <testcase name="should round-trip to the same binary value" classname="com.github.traderjoe95.mls.protocol.message.Messages" time="0.0"/>
  <testcase name="should be decoded properly" classname="com.github.traderjoe95.mls.protocol.message.Messages" time="0.0"/>
  <testcase name="should round-trip to the same binary value" classname="com.github.traderjoe95.mls.protocol.message.Messages" time="0.0"/>
  <testcase name="should be decoded properly" classname="com.github.traderjoe95.mls.protocol.message.Messages" time="0.0"/>
  <testcase name="should round-trip to the same binary value" classname="com.github.traderjoe95.mls.protocol.message.Messages" time="0.0"/>
  <testcase name="should be decoded properly" classname="com.github.traderjoe95.mls.protocol.message.Messages" time="0.001"/>
  <testcase name="should round-trip to the same binary value" classname="com.github.traderjoe95.mls.protocol.message.Messages" time="0.0"/>
  <testcase name="should be decoded properly" classname="com.github.traderjoe95.mls.protocol.message.Messages" time="0.0"/>
  <testcase name="should round-trip to the same binary value" classname="com.github.traderjoe95.mls.protocol.message.Messages" time="0.0"/>
  <testcase name="should be decoded properly" classname="com.github.traderjoe95.mls.protocol.message.Messages" time="0.0"/>
  <testcase name="should round-trip to the same binary value" classname="com.github.traderjoe95.mls.protocol.message.Messages" time="0.001"/>
  <testcase name="should be decoded properly" classname="com.github.traderjoe95.mls.protocol.message.Messages" time="0.001"/>
  <testcase name="should round-trip to the same binary value" classname="com.github.traderjoe95.mls.protocol.message.Messages" time="0.0"/>
  <testcase name="should be decoded properly" classname="com.github.traderjoe95.mls.protocol.message.Messages" time="0.0"/>
  <testcase name="should round-trip to the same binary value" classname="com.github.traderjoe95.mls.protocol.message.Messages" time="0.0"/>
  <testcase name="should be decoded properly" classname="com.github.traderjoe95.mls.protocol.message.Messages" time="0.0"/>
  <testcase name="should round-trip to the same binary value" classname="com.github.traderjoe95.mls.protocol.message.Messages" time="0.0"/>
  <testcase name="should be decoded properly" classname="com.github.traderjoe95.mls.protocol.message.Messages" time="0.0"/>
  <testcase name="should round-trip to the same binary value" classname="com.github.traderjoe95.mls.protocol.message.Messages" time="0.001"/>
  <testcase name="should be decoded properly" classname="com.github.traderjoe95.mls.protocol.message.Messages" time="0.001"/>
  <testcase name="should round-trip to the same binary value" classname="com.github.traderjoe95.mls.protocol.message.Messages" time="0.0"/>
  <testcase name="should be decoded properly" classname="com.github.traderjoe95.mls.protocol.message.Messages" time="0.0"/>
  <testcase name="should round-trip to the same binary value" classname="com.github.traderjoe95.mls.protocol.message.Messages" time="0.001"/>
  <testcase name="should be decoded properly" classname="com.github.traderjoe95.mls.protocol.message.Messages" time="0.0"/>
  <testcase name="should round-trip to the same binary value" classname="com.github.traderjoe95.mls.protocol.message.Messages" time="0.001"/>
  <testcase name="should be decoded properly" classname="com.github.traderjoe95.mls.protocol.message.Messages" time="0.0"/>
  <testcase name="should round-trip to the same binary value" classname="com.github.traderjoe95.mls.protocol.message.Messages" time="0.001"/>
  <testcase name="should be decoded properly" classname="com.github.traderjoe95.mls.protocol.message.Messages" time="0.001"/>
  <testcase name="should round-trip to the same binary value" classname="com.github.traderjoe95.mls.protocol.message.Messages" time="0.0"/>
  <testcase name="should be decoded properly" classname="com.github.traderjoe95.mls.protocol.message.Messages" time="0.0"/>
  <testcase name="should round-trip to the same binary value" classname="com.github.traderjoe95.mls.protocol.message.Messages" time="0.0"/>
  <testcase name="should be decoded properly" classname="com.github.traderjoe95.mls.protocol.message.Messages" time="0.0"/>
  <testcase name="should round-trip to the same binary value" classname="com.github.traderjoe95.mls.protocol.message.Messages" time="0.0"/>
  <testcase name="should be decoded properly" classname="com.github.traderjoe95.mls.protocol.message.Messages" time="0.001"/>
  <testcase name="should round-trip to the same binary value" classname="com.github.traderjoe95.mls.protocol.message.Messages" time="0.0"/>
  <testcase name="should be decoded properly" classname="com.github.traderjoe95.mls.protocol.message.Messages" time="0.001"/>
  <testcase name="should round-trip to the same binary value" classname="com.github.traderjoe95.mls.protocol.message.Messages" time="0.001"/>
  <testcase name="should be decoded properly" classname="com.github.traderjoe95.mls.protocol.message.Messages" time="0.0"/>
  <testcase name="should round-trip to the same binary value" classname="com.github.traderjoe95.mls.protocol.message.Messages" time="0.001"/>
  <testcase name="should be decoded properly" classname="com.github.traderjoe95.mls.protocol.message.Messages" time="0.001"/>
  <testcase name="should round-trip to the same binary value" classname="com.github.traderjoe95.mls.protocol.message.Messages" time="0.0"/>
  <testcase name="should be decoded properly" classname="com.github.traderjoe95.mls.protocol.message.Messages" time="0.0"/>
  <testcase name="should round-trip to the same binary value" classname="com.github.traderjoe95.mls.protocol.message.Messages" time="0.0"/>
  <testcase name="should be decoded properly" classname="com.github.traderjoe95.mls.protocol.message.Messages" time="0.001"/>
  <testcase name="should round-trip to the same binary value" classname="com.github.traderjoe95.mls.protocol.message.Messages" time="0.0"/>
  <testcase name="should be decoded properly" classname="com.github.traderjoe95.mls.protocol.message.Messages" time="0.0"/>
  <testcase name="should round-trip to the same binary value" classname="com.github.traderjoe95.mls.protocol.message.Messages" time="0.0"/>
  <testcase name="should be decoded properly" classname="com.github.traderjoe95.mls.protocol.message.Messages" time="0.0"/>
  <testcase name="should round-trip to the same binary value" classname="com.github.traderjoe95.mls.protocol.message.Messages" time="0.0"/>
  <testcase name="should be decoded properly" classname="com.github.traderjoe95.mls.protocol.message.Messages" time="0.0"/>
  <testcase name="should round-trip to the same binary value" classname="com.github.traderjoe95.mls.protocol.message.Messages" time="0.0"/>
  <testcase name="should be decoded properly" classname="com.github.traderjoe95.mls.protocol.message.Messages" time="0.0"/>
  <testcase name="should round-trip to the same binary value" classname="com.github.traderjoe95.mls.protocol.message.Messages" time="0.0"/>
  <testcase name="should be decoded properly" classname="com.github.traderjoe95.mls.protocol.message.Messages" time="0.0"/>
  <testcase name="should round-trip to the same binary value" classname="com.github.traderjoe95.mls.protocol.message.Messages" time="0.0"/>
  <testcase name="should be decoded properly" classname="com.github.traderjoe95.mls.protocol.message.Messages" time="0.001"/>
  <testcase name="should round-trip to the same binary value" classname="com.github.traderjoe95.mls.protocol.message.Messages" time="0.0"/>
  <testcase name="should be decoded properly" classname="com.github.traderjoe95.mls.protocol.message.Messages" time="0.0"/>
  <testcase name="should round-trip to the same binary value" classname="com.github.traderjoe95.mls.protocol.message.Messages" time="0.001"/>
  <testcase name="should be decoded properly" classname="com.github.traderjoe95.mls.protocol.message.Messages" time="0.0"/>
  <testcase name="should round-trip to the same binary value" classname="com.github.traderjoe95.mls.protocol.message.Messages" time="0.001"/>
  <testcase name="should be decoded properly" classname="com.github.traderjoe95.mls.protocol.message.Messages" time="0.001"/>
  <testcase name="should round-trip to the same binary value" classname="com.github.traderjoe95.mls.protocol.message.Messages" time="0.0"/>
  <testcase name="should be decoded properly" classname="com.github.traderjoe95.mls.protocol.message.Messages" time="0.0"/>
  <testcase name="should round-trip to the same binary value" classname="com.github.traderjoe95.mls.protocol.message.Messages" time="0.001"/>
  <testcase name="should be decoded properly" classname="com.github.traderjoe95.mls.protocol.message.Messages" time="0.0"/>
  <testcase name="should round-trip to the same binary value" classname="com.github.traderjoe95.mls.protocol.message.Messages" time="0.0"/>
  <testcase name="should be decoded properly" classname="com.github.traderjoe95.mls.protocol.message.Messages" time="0.0"/>
  <testcase name="should round-trip to the same binary value" classname="com.github.traderjoe95.mls.protocol.message.Messages" time="0.0"/>
  <testcase name="should be decoded properly" classname="com.github.traderjoe95.mls.protocol.message.Messages" time="0.0"/>
  <testcase name="should round-trip to the same binary value" classname="com.github.traderjoe95.mls.protocol.message.Messages" time="0.0"/>
  <testcase name="should be decoded properly" classname="com.github.traderjoe95.mls.protocol.message.Messages" time="0.0"/>
  <testcase name="should round-trip to the same binary value" classname="com.github.traderjoe95.mls.protocol.message.Messages" time="0.0"/>
  <testcase name="should be decoded properly" classname="com.github.traderjoe95.mls.protocol.message.Messages" time="0.001"/>
  <testcase name="should round-trip to the same binary value" classname="com.github.traderjoe95.mls.protocol.message.Messages" time="0.0"/>
  <testcase name="should be decoded properly" classname="com.github.traderjoe95.mls.protocol.message.Messages" time="0.0"/>
  <testcase name="should round-trip to the same binary value" classname="com.github.traderjoe95.mls.protocol.message.Messages" time="0.0"/>
  <testcase name="should be decoded properly" classname="com.github.traderjoe95.mls.protocol.message.Messages" time="0.0"/>
  <testcase name="should round-trip to the same binary value" classname="com.github.traderjoe95.mls.protocol.message.Messages" time="0.0"/>
  <testcase name="should be decoded properly" classname="com.github.traderjoe95.mls.protocol.message.Messages" time="0.0"/>
  <testcase name="should round-trip to the same binary value" classname="com.github.traderjoe95.mls.protocol.message.Messages" time="0.001"/>
  <testcase name="should be decoded properly" classname="com.github.traderjoe95.mls.protocol.message.Messages" time="0.0"/>
  <testcase name="should round-trip to the same binary value" classname="com.github.traderjoe95.mls.protocol.message.Messages" time="0.0"/>
  <testcase name="should be decoded properly" classname="com.github.traderjoe95.mls.protocol.message.Messages" time="0.0"/>
  <testcase name="should round-trip to the same binary value" classname="com.github.traderjoe95.mls.protocol.message.Messages" time="0.0"/>
  <testcase name="should be decoded properly" classname="com.github.traderjoe95.mls.protocol.message.Messages" time="0.0"/>
  <testcase name="should round-trip to the same binary value" classname="com.github.traderjoe95.mls.protocol.message.Messages" time="0.0"/>
  <testcase name="should be decoded properly" classname="com.github.traderjoe95.mls.protocol.message.Messages" time="0.0"/>
  <testcase name="should round-trip to the same binary value" classname="com.github.traderjoe95.mls.protocol.message.Messages" time="0.001"/>
  <testcase name="should be decoded properly" classname="com.github.traderjoe95.mls.protocol.message.Messages" time="0.0"/>
  <testcase name="should round-trip to the same binary value" classname="com.github.traderjoe95.mls.protocol.message.Messages" time="0.001"/>
  <testcase name="should be decoded properly" classname="com.github.traderjoe95.mls.protocol.message.Messages" time="0.001"/>
  <testcase name="should round-trip to the same binary value" classname="com.github.traderjoe95.mls.protocol.message.Messages" time="0.0"/>
  <testcase name="should be decoded properly" classname="com.github.traderjoe95.mls.protocol.message.Messages" time="0.0"/>
  <testcase name="should round-trip to the same binary value" classname="com.github.traderjoe95.mls.protocol.message.Messages" time="0.0"/>
  <testcase name="should be decoded properly" classname="com.github.traderjoe95.mls.protocol.message.Messages" time="0.0"/>
  <testcase name="should round-trip to the same binary value" classname="com.github.traderjoe95.mls.protocol.message.Messages" time="0.0"/>
  <testcase name="should be decoded properly" classname="com.github.traderjoe95.mls.protocol.message.Messages" time="0.001"/>
  <testcase name="should round-trip to the same binary value" classname="com.github.traderjoe95.mls.protocol.message.Messages" time="0.0"/>
  <testcase name="should be decoded properly" classname="com.github.traderjoe95.mls.protocol.message.Messages" time="0.0"/>
  <testcase name="should round-trip to the same binary value" classname="com.github.traderjoe95.mls.protocol.message.Messages" time="0.0"/>
  <testcase name="should be decoded properly" classname="com.github.traderjoe95.mls.protocol.message.Messages" time="0.0"/>
  <testcase name="should round-trip to the same binary value" classname="com.github.traderjoe95.mls.protocol.message.Messages" time="0.0"/>
  <testcase name="should be decoded properly" classname="com.github.traderjoe95.mls.protocol.message.Messages" time="0.0"/>
  <testcase name="should round-trip to the same binary value" classname="com.github.traderjoe95.mls.protocol.message.Messages" time="0.0"/>
  <testcase name="should be decoded properly" classname="com.github.traderjoe95.mls.protocol.message.Messages" time="0.001"/>
  <testcase name="should round-trip to the same binary value" classname="com.github.traderjoe95.mls.protocol.message.Messages" time="0.0"/>
  <testcase name="should be decoded properly" classname="com.github.traderjoe95.mls.protocol.message.Messages" time="0.001"/>
  <testcase name="should round-trip to the same binary value" classname="com.github.traderjoe95.mls.protocol.message.Messages" time="0.0"/>
  <testcase name="should be decoded properly" classname="com.github.traderjoe95.mls.protocol.message.Messages" time="0.0"/>
  <testcase name="should round-trip to the same binary value" classname="com.github.traderjoe95.mls.protocol.message.Messages" time="0.0"/>
  <testcase name="should be decoded properly" classname="com.github.traderjoe95.mls.protocol.message.Messages" time="0.0"/>
  <testcase name="should round-trip to the same binary value" classname="com.github.traderjoe95.mls.protocol.message.Messages" time="0.0"/>
  <testcase name="should be decoded properly" classname="com.github.traderjoe95.mls.protocol.message.Messages" time="0.001"/>
  <testcase name="should round-trip to the same binary value" classname="com.github.traderjoe95.mls.protocol.message.Messages" time="0.0"/>
  <testcase name="should be decoded properly" classname="com.github.traderjoe95.mls.protocol.message.Messages" time="0.0"/>
  <testcase name="should round-trip to the same binary value" classname="com.github.traderjoe95.mls.protocol.message.Messages" time="0.0"/>
  <testcase name="should be decoded properly" classname="com.github.traderjoe95.mls.protocol.message.Messages" time="0.0"/>
  <testcase name="should round-trip to the same binary value" classname="com.github.traderjoe95.mls.protocol.message.Messages" time="0.0"/>
  <testcase name="should be decoded properly" classname="com.github.traderjoe95.mls.protocol.message.Messages" time="0.0"/>
  <testcase name="should round-trip to the same binary value" classname="com.github.traderjoe95.mls.protocol.message.Messages" time="0.0"/>
  <testcase name="should be decoded properly" classname="com.github.traderjoe95.mls.protocol.message.Messages" time="0.0"/>
  <testcase name="should round-trip to the same binary value" classname="com.github.traderjoe95.mls.protocol.message.Messages" time="0.0"/>
  <testcase name="should be decoded properly" classname="com.github.traderjoe95.mls.protocol.message.Messages" time="0.0"/>
  <testcase name="should round-trip to the same binary value" classname="com.github.traderjoe95.mls.protocol.message.Messages" time="0.001"/>
  <testcase name="should be decoded properly" classname="com.github.traderjoe95.mls.protocol.message.Messages" time="0.001"/>
  <testcase name="should round-trip to the same binary value" classname="com.github.traderjoe95.mls.protocol.message.Messages" time="0.0"/>
  <testcase name="should be decoded properly" classname="com.github.traderjoe95.mls.protocol.message.Messages" time="0.0"/>
  <testcase name="should round-trip to the same binary value" classname="com.github.traderjoe95.mls.protocol.message.Messages" time="0.0"/>
  <testcase name="should be decoded properly" classname="com.github.traderjoe95.mls.protocol.message.Messages" time="0.0"/>
  <testcase name="should round-trip to the same binary value" classname="com.github.traderjoe95.mls.protocol.message.Messages" time="0.001"/>
  <testcase name="should be decoded properly" classname="com.github.traderjoe95.mls.protocol.message.Messages" time="0.001"/>
  <testcase name="should round-trip to the same binary value" classname="com.github.traderjoe95.mls.protocol.message.Messages" time="0.0"/>
  <testcase name="should be decoded properly" classname="com.github.traderjoe95.mls.protocol.message.Messages" time="0.0"/>
  <testcase name="should round-trip to the same binary value" classname="com.github.traderjoe95.mls.protocol.message.Messages" time="0.0"/>
  <testcase name="should be decoded properly" classname="com.github.traderjoe95.mls.protocol.message.Messages" time="0.0"/>
  <testcase name="should round-trip to the same binary value" classname="com.github.traderjoe95.mls.protocol.message.Messages" time="0.0"/>
  <testcase name="should be decoded properly" classname="com.github.traderjoe95.mls.protocol.message.Messages" time="0.0"/>
  <testcase name="should round-trip to the same binary value" classname="com.github.traderjoe95.mls.protocol.message.Messages" time="0.0"/>
  <testcase name="should be decoded properly" classname="com.github.traderjoe95.mls.protocol.message.Messages" time="0.001"/>
  <testcase name="should round-trip to the same binary value" classname="com.github.traderjoe95.mls.protocol.message.Messages" time="0.0"/>
  <testcase name="should be decoded properly" classname="com.github.traderjoe95.mls.protocol.message.Messages" time="0.0"/>
  <testcase name="should round-trip to the same binary value" classname="com.github.traderjoe95.mls.protocol.message.Messages" time="0.0"/>
  <testcase name="should be decoded properly" classname="com.github.traderjoe95.mls.protocol.message.Messages" time="0.0"/>
  <testcase name="should round-trip to the same binary value" classname="com.github.traderjoe95.mls.protocol.message.Messages" time="0.001"/>
  <testcase name="should be decoded properly" classname="com.github.traderjoe95.mls.protocol.message.Messages" time="0.001"/>
  <testcase name="should round-trip to the same binary value" classname="com.github.traderjoe95.mls.protocol.message.Messages" time="0.0"/>
  <testcase name="should be decoded properly" classname="com.github.traderjoe95.mls.protocol.message.Messages" time="0.0"/>
  <testcase name="should round-trip to the same binary value" classname="com.github.traderjoe95.mls.protocol.message.Messages" time="0.0"/>
  <testcase name="should be decoded properly" classname="com.github.traderjoe95.mls.protocol.message.Messages" time="0.0"/>
  <testcase name="should round-trip to the same binary value" classname="com.github.traderjoe95.mls.protocol.message.Messages" time="0.0"/>
  <testcase name="should be decoded properly" classname="com.github.traderjoe95.mls.protocol.message.Messages" time="0.001"/>
  <testcase name="should round-trip to the same binary value" classname="com.github.traderjoe95.mls.protocol.message.Messages" time="0.0"/>
  <testcase name="should be decoded properly" classname="com.github.traderjoe95.mls.protocol.message.Messages" time="0.0"/>
  <testcase name="should round-trip to the same binary value" classname="com.github.traderjoe95.mls.protocol.message.Messages" time="0.0"/>
  <testcase name="should be decoded properly" classname="com.github.traderjoe95.mls.protocol.message.Messages" time="0.0"/>
  <testcase name="should round-trip to the same binary value" classname="com.github.traderjoe95.mls.protocol.message.Messages" time="0.001"/>
  <testcase name="should be decoded properly" classname="com.github.traderjoe95.mls.protocol.message.Messages" time="0.0"/>
  <testcase name="should round-trip to the same binary value" classname="com.github.traderjoe95.mls.protocol.message.Messages" time="0.001"/>
  <testcase name="should be decoded properly" classname="com.github.traderjoe95.mls.protocol.message.Messages" time="0.001"/>
  <testcase name="should round-trip to the same binary value" classname="com.github.traderjoe95.mls.protocol.message.Messages" time="0.0"/>
  <testcase name="should be decoded properly" classname="com.github.traderjoe95.mls.protocol.message.Messages" time="0.0"/>
  <testcase name="should round-trip to the same binary value" classname="com.github.traderjoe95.mls.protocol.message.Messages" time="0.0"/>
  <testcase name="should be decoded properly" classname="com.github.traderjoe95.mls.protocol.message.Messages" time="0.0"/>
  <testcase name="should round-trip to the same binary value" classname="com.github.traderjoe95.mls.protocol.message.Messages" time="0.0"/>
  <testcase name="should be decoded properly" classname="com.github.traderjoe95.mls.protocol.message.Messages" time="0.0"/>
  <testcase name="should round-trip to the same binary value" classname="com.github.traderjoe95.mls.protocol.message.Messages" time="0.0"/>
  <testcase name="should be decoded properly" classname="com.github.traderjoe95.mls.protocol.message.Messages" time="0.0"/>
  <testcase name="should round-trip to the same binary value" classname="com.github.traderjoe95.mls.protocol.message.Messages" time="0.0"/>
  <testcase name="should be decoded properly" classname="com.github.traderjoe95.mls.protocol.message.Messages" time="0.0"/>
  <testcase name="should round-trip to the same binary value" classname="com.github.traderjoe95.mls.protocol.message.Messages" time="0.0"/>
  <testcase name="should be decoded properly" classname="com.github.traderjoe95.mls.protocol.message.Messages" time="0.0"/>
  <testcase name="should round-trip to the same binary value" classname="com.github.traderjoe95.mls.protocol.message.Messages" time="0.001"/>
  <testcase name="should be decoded properly" classname="com.github.traderjoe95.mls.protocol.message.Messages" time="0.0"/>
  <testcase name="should round-trip to the same binary value" classname="com.github.traderjoe95.mls.protocol.message.Messages" time="0.0"/>
  <testcase name="should be decoded properly" classname="com.github.traderjoe95.mls.protocol.message.Messages" time="0.0"/>
  <testcase name="should round-trip to the same binary value" classname="com.github.traderjoe95.mls.protocol.message.Messages" time="0.001"/>
  <testcase name="should be decoded properly" classname="com.github.traderjoe95.mls.protocol.message.Messages" time="0.001"/>
  <testcase name="should round-trip to the same binary value" classname="com.github.traderjoe95.mls.protocol.message.Messages" time="0.0"/>
  <testcase name="should be decoded properly" classname="com.github.traderjoe95.mls.protocol.message.Messages" time="0.0"/>
  <testcase name="should round-trip to the same binary value" classname="com.github.traderjoe95.mls.protocol.message.Messages" time="0.0"/>
  <testcase name="should be decoded properly" classname="com.github.traderjoe95.mls.protocol.message.Messages" time="0.0"/>
  <testcase name="should round-trip to the same binary value" classname="com.github.traderjoe95.mls.protocol.message.Messages" time="0.0"/>
  <testcase name="should be decoded properly" classname="com.github.traderjoe95.mls.protocol.message.Messages" time="0.001"/>
  <testcase name="should round-trip to the same binary value" classname="com.github.traderjoe95.mls.protocol.message.Messages" time="0.0"/>
  <testcase name="should be decoded properly" classname="com.github.traderjoe95.mls.protocol.message.Messages" time="0.0"/>
  <testcase name="should round-trip to the same binary value" classname="com.github.traderjoe95.mls.protocol.message.Messages" time="0.0"/>
  <testcase name="should be decoded properly" classname="com.github.traderjoe95.mls.protocol.message.Messages" time="0.001"/>
  <testcase name="should round-trip to the same binary value" classname="com.github.traderjoe95.mls.protocol.message.Messages" time="0.0"/>
  <testcase name="should be decoded properly" classname="com.github.traderjoe95.mls.protocol.message.Messages" time="0.0"/>
  <testcase name="should round-trip to the same binary value" classname="com.github.traderjoe95.mls.protocol.message.Messages" time="0.0"/>
  <testcase name="should be decoded properly" classname="com.github.traderjoe95.mls.protocol.message.Messages" time="0.001"/>
  <testcase name="should round-trip to the same binary value" classname="com.github.traderjoe95.mls.protocol.message.Messages" time="0.0"/>
  <testcase name="should be decoded properly" classname="com.github.traderjoe95.mls.protocol.message.Messages" time="0.001"/>
  <testcase name="should round-trip to the same binary value" classname="com.github.traderjoe95.mls.protocol.message.Messages" time="0.001"/>
  <testcase name="should be decoded properly" classname="com.github.traderjoe95.mls.protocol.message.Messages" time="0.001"/>
  <testcase name="should round-trip to the same binary value" classname="com.github.traderjoe95.mls.protocol.message.Messages" time="0.0"/>
  <testcase name="should be decoded properly" classname="com.github.traderjoe95.mls.protocol.message.Messages" time="0.0"/>
  <testcase name="should round-trip to the same binary value" classname="com.github.traderjoe95.mls.protocol.message.Messages" time="0.0"/>
  <testcase name="should be decoded properly" classname="com.github.traderjoe95.mls.protocol.message.Messages" time="0.0"/>
  <testcase name="should round-trip to the same binary value" classname="com.github.traderjoe95.mls.protocol.message.Messages" time="0.0"/>
  <testcase name="should be decoded properly" classname="com.github.traderjoe95.mls.protocol.message.Messages" time="0.0"/>
  <testcase name="should round-trip to the same binary value" classname="com.github.traderjoe95.mls.protocol.message.Messages" time="0.001"/>
  <testcase name="should be decoded properly" classname="com.github.traderjoe95.mls.protocol.message.Messages" time="0.001"/>
  <testcase name="should round-trip to the same binary value" classname="com.github.traderjoe95.mls.protocol.message.Messages" time="0.0"/>
  <testcase name="should be decoded properly" classname="com.github.traderjoe95.mls.protocol.message.Messages" time="0.0"/>
  <testcase name="should round-trip to the same binary value" classname="com.github.traderjoe95.mls.protocol.message.Messages" time="0.0"/>
  <testcase name="should be decoded properly" classname="com.github.traderjoe95.mls.protocol.message.Messages" time="0.0"/>
  <testcase name="should round-trip to the same binary value" classname="com.github.traderjoe95.mls.protocol.message.Messages" time="0.0"/>
  <testcase name="should be decoded properly" classname="com.github.traderjoe95.mls.protocol.message.Messages" time="0.0"/>
  <testcase name="should round-trip to the same binary value" classname="com.github.traderjoe95.mls.protocol.message.Messages" time="0.0"/>
  <testcase name="should be decoded properly" classname="com.github.traderjoe95.mls.protocol.message.Messages" time="0.0"/>
  <testcase name="should round-trip to the same binary value" classname="com.github.traderjoe95.mls.protocol.message.Messages" time="0.0"/>
  <testcase name="should be decoded properly" classname="com.github.traderjoe95.mls.protocol.message.Messages" time="0.0"/>
  <testcase name="should round-trip to the same binary value" classname="com.github.traderjoe95.mls.protocol.message.Messages" time="0.0"/>
  <testcase name="should be decoded properly" classname="com.github.traderjoe95.mls.protocol.message.Messages" time="0.001"/>
  <testcase name="should round-trip to the same binary value" classname="com.github.traderjoe95.mls.protocol.message.Messages" time="0.001"/>
  <testcase name="should be decoded properly" classname="com.github.traderjoe95.mls.protocol.message.Messages" time="0.0"/>
  <testcase name="should round-trip to the same binary value" classname="com.github.traderjoe95.mls.protocol.message.Messages" time="0.001"/>
  <testcase name="should be decoded properly" classname="com.github.traderjoe95.mls.protocol.message.Messages" time="0.0"/>
  <testcase name="should round-trip to the same binary value" classname="com.github.traderjoe95.mls.protocol.message.Messages" time="0.0"/>
  <testcase name="should be decoded properly" classname="com.github.traderjoe95.mls.protocol.message.Messages" time="0.0"/>
  <testcase name="should round-trip to the same binary value" classname="com.github.traderjoe95.mls.protocol.message.Messages" time="0.0"/>
  <testcase name="should be decoded properly" classname="com.github.traderjoe95.mls.protocol.message.Messages" time="0.0"/>
  <testcase name="should round-trip to the same binary value" classname="com.github.traderjoe95.mls.protocol.message.Messages" time="0.0"/>
  <testcase name="should be decoded properly" classname="com.github.traderjoe95.mls.protocol.message.Messages" time="0.0"/>
  <testcase name="should round-trip to the same binary value" classname="com.github.traderjoe95.mls.protocol.message.Messages" time="0.0"/>
  <testcase name="should be decoded properly" classname="com.github.traderjoe95.mls.protocol.message.Messages" time="0.0"/>
  <testcase name="should round-trip to the same binary value" classname="com.github.traderjoe95.mls.protocol.message.Messages" time="0.001"/>
  <testcase name="should be decoded properly" classname="com.github.traderjoe95.mls.protocol.message.Messages" time="0.001"/>
  <testcase name="should round-trip to the same binary value" classname="com.github.traderjoe95.mls.protocol.message.Messages" time="0.0"/>
  <testcase name="should be decoded properly" classname="com.github.traderjoe95.mls.protocol.message.Messages" time="0.0"/>
  <testcase name="should round-trip to the same binary value" classname="com.github.traderjoe95.mls.protocol.message.Messages" time="0.0"/>
  <testcase name="should be decoded properly" classname="com.github.traderjoe95.mls.protocol.message.Messages" time="0.0"/>
  <testcase name="should round-trip to the same binary value" classname="com.github.traderjoe95.mls.protocol.message.Messages" time="0.0"/>
  <testcase name="should be decoded properly" classname="com.github.traderjoe95.mls.protocol.message.Messages" time="0.0"/>
  <testcase name="should round-trip to the same binary value" classname="com.github.traderjoe95.mls.protocol.message.Messages" time="0.0"/>
  <testcase name="should be decoded properly" classname="com.github.traderjoe95.mls.protocol.message.Messages" time="0.0"/>
  <testcase name="should round-trip to the same binary value" classname="com.github.traderjoe95.mls.protocol.message.Messages" time="0.0"/>
  <testcase name="should be decoded properly" classname="com.github.traderjoe95.mls.protocol.message.Messages" time="0.0"/>
  <testcase name="should round-trip to the same binary value" classname="com.github.traderjoe95.mls.protocol.message.Messages" time="0.0"/>
  <testcase name="should be decoded properly" classname="com.github.traderjoe95.mls.protocol.message.Messages" time="0.0"/>
  <testcase name="should round-trip to the same binary value" classname="com.github.traderjoe95.mls.protocol.message.Messages" time="0.001"/>
  <testcase name="should be decoded properly" classname="com.github.traderjoe95.mls.protocol.message.Messages" time="0.001"/>
  <testcase name="should round-trip to the same binary value" classname="com.github.traderjoe95.mls.protocol.message.Messages" time="0.0"/>
  <testcase name="should be decoded properly" classname="com.github.traderjoe95.mls.protocol.message.Messages" time="0.0"/>
  <testcase name="should round-trip to the same binary value" classname="com.github.traderjoe95.mls.protocol.message.Messages" time="0.0"/>
  <testcase name="should be decoded properly" classname="com.github.traderjoe95.mls.protocol.message.Messages" time="0.0"/>
  <testcase name="should round-trip to the same binary value" classname="com.github.traderjoe95.mls.protocol.message.Messages" time="0.0"/>
  <testcase name="should be decoded properly" classname="com.github.traderjoe95.mls.protocol.message.Messages" time="0.0"/>
  <testcase name="should round-trip to the same binary value" classname="com.github.traderjoe95.mls.protocol.message.Messages" time="0.001"/>
  <testcase name="should be decoded properly" classname="com.github.traderjoe95.mls.protocol.message.Messages" time="0.001"/>
  <testcase name="should round-trip to the same binary value" classname="com.github.traderjoe95.mls.protocol.message.Messages" time="0.0"/>
  <testcase name="should be decoded properly" classname="com.github.traderjoe95.mls.protocol.message.Messages" time="0.0"/>
  <testcase name="should round-trip to the same binary value" classname="com.github.traderjoe95.mls.protocol.message.Messages" time="0.0"/>
  <testcase name="should be decoded properly" classname="com.github.traderjoe95.mls.protocol.message.Messages" time="0.001"/>
  <testcase name="should round-trip to the same binary value" classname="com.github.traderjoe95.mls.protocol.message.Messages" time="0.0"/>
  <testcase name="should be decoded properly" classname="com.github.traderjoe95.mls.protocol.message.Messages" time="0.0"/>
  <testcase name="should round-trip to the same binary value" classname="com.github.traderjoe95.mls.protocol.message.Messages" time="0.0"/>
  <testcase name="should be decoded properly" classname="com.github.traderjoe95.mls.protocol.message.Messages" time="0.0"/>
  <testcase name="should round-trip to the same binary value" classname="com.github.traderjoe95.mls.protocol.message.Messages" time="0.0"/>
  <testcase name="should be decoded properly" classname="com.github.traderjoe95.mls.protocol.message.Messages" time="0.0"/>
  <testcase name="should round-trip to the same binary value" classname="com.github.traderjoe95.mls.protocol.message.Messages" time="0.0"/>
  <testcase name="should be decoded properly" classname="com.github.traderjoe95.mls.protocol.message.Messages" time="0.0"/>
  <testcase name="should round-trip to the same binary value" classname="com.github.traderjoe95.mls.protocol.message.Messages" time="0.0"/>
  <testcase name="should be decoded properly" classname="com.github.traderjoe95.mls.protocol.message.Messages" time="0.0"/>
  <testcase name="should round-trip to the same binary value" classname="com.github.traderjoe95.mls.protocol.message.Messages" time="0.0"/>
  <testcase name="should be decoded properly" classname="com.github.traderjoe95.mls.protocol.message.Messages" time="0.0"/>
  <testcase name="should round-trip to the same binary value" classname="com.github.traderjoe95.mls.protocol.message.Messages" time="0.0"/>
  <testcase name="should be decoded properly" classname="com.github.traderjoe95.mls.protocol.message.Messages" time="0.0"/>
  <testcase name="should round-trip to the same binary value" classname="com.github.traderjoe95.mls.protocol.message.Messages" time="0.001"/>
  <testcase name="should be decoded properly" classname="com.github.traderjoe95.mls.protocol.message.Messages" time="0.001"/>
  <testcase name="should round-trip to the same binary value" classname="com.github.traderjoe95.mls.protocol.message.Messages" time="0.001"/>
  <testcase name="should be decoded properly" classname="com.github.traderjoe95.mls.protocol.message.Messages" time="0.001"/>
  <testcase name="should round-trip to the same binary value" classname="com.github.traderjoe95.mls.protocol.message.Messages" time="0.0"/>
  <testcase name="should be decoded properly" classname="com.github.traderjoe95.mls.protocol.message.Messages" time="0.0"/>
  <testcase name="should round-trip to the same binary value" classname="com.github.traderjoe95.mls.protocol.message.Messages" time="0.0"/>
  <testcase name="should be decoded properly" classname="com.github.traderjoe95.mls.protocol.message.Messages" time="0.0"/>
  <testcase name="should round-trip to the same binary value" classname="com.github.traderjoe95.mls.protocol.message.Messages" time="0.001"/>
  <testcase name="should be decoded properly" classname="com.github.traderjoe95.mls.protocol.message.Messages" time="0.0"/>
  <testcase name="should round-trip to the same binary value" classname="com.github.traderjoe95.mls.protocol.message.Messages" time="0.0"/>
  <testcase name="should be decoded properly" classname="com.github.traderjoe95.mls.protocol.message.Messages" time="0.001"/>
  <testcase name="should round-trip to the same binary value" classname="com.github.traderjoe95.mls.protocol.message.Messages" time="0.001"/>
  <testcase name="should be decoded properly" classname="com.github.traderjoe95.mls.protocol.message.Messages" time="0.0"/>
  <testcase name="should round-trip to the same binary value" classname="com.github.traderjoe95.mls.protocol.message.Messages" time="0.0"/>
  <testcase name="should be decoded properly" classname="com.github.traderjoe95.mls.protocol.message.Messages" time="0.0"/>
  <testcase name="should round-trip to the same binary value" classname="com.github.traderjoe95.mls.protocol.message.Messages" time="0.0"/>
  <testcase name="should be decoded properly" classname="com.github.traderjoe95.mls.protocol.message.Messages" time="0.0"/>
  <testcase name="should round-trip to the same binary value" classname="com.github.traderjoe95.mls.protocol.message.Messages" time="0.0"/>
  <testcase name="should be decoded properly" classname="com.github.traderjoe95.mls.protocol.message.Messages" time="0.0"/>
  <testcase name="should round-trip to the same binary value" classname="com.github.traderjoe95.mls.protocol.message.Messages" time="0.0"/>
  <testcase name="should be decoded properly" classname="com.github.traderjoe95.mls.protocol.message.Messages" time="0.0"/>
  <testcase name="should round-trip to the same binary value" classname="com.github.traderjoe95.mls.protocol.message.Messages" time="0.0"/>
  <testcase name="should be decoded properly" classname="com.github.traderjoe95.mls.protocol.message.Messages" time="0.0"/>
  <testcase name="should round-trip to the same binary value" classname="com.github.traderjoe95.mls.protocol.message.Messages" time="0.0"/>
  <testcase name="should be decoded properly" classname="com.github.traderjoe95.mls.protocol.message.Messages" time="0.0"/>
  <testcase name="should round-trip to the same binary value" classname="com.github.traderjoe95.mls.protocol.message.Messages" time="0.0"/>
  <testcase name="should be decoded properly" classname="com.github.traderjoe95.mls.protocol.message.Messages" time="0.0"/>
  <testcase name="should round-trip to the same binary value" classname="com.github.traderjoe95.mls.protocol.message.Messages" time="0.0"/>
  <testcase name="should be decoded properly" classname="com.github.traderjoe95.mls.protocol.message.Messages" time="0.0"/>
  <testcase name="should round-trip to the same binary value" classname="com.github.traderjoe95.mls.protocol.message.Messages" time="0.0"/>
  <testcase name="should be decoded properly" classname="com.github.traderjoe95.mls.protocol.message.Messages" time="0.0"/>
  <testcase name="should round-trip to the same binary value" classname="com.github.traderjoe95.mls.protocol.message.Messages" time="0.0"/>
  <testcase name="should be decoded properly" classname="com.github.traderjoe95.mls.protocol.message.Messages" time="0.001"/>
  <testcase name="should round-trip to the same binary value" classname="com.github.traderjoe95.mls.protocol.message.Messages" time="0.0"/>
  <testcase name="should be decoded properly" classname="com.github.traderjoe95.mls.protocol.message.Messages" time="0.0"/>
  <testcase name="should round-trip to the same binary value" classname="com.github.traderjoe95.mls.protocol.message.Messages" time="0.001"/>
  <testcase name="should be decoded properly" classname="com.github.traderjoe95.mls.protocol.message.Messages" time="0.0"/>
  <testcase name="should round-trip to the same binary value" classname="com.github.traderjoe95.mls.protocol.message.Messages" time="0.001"/>
  <testcase name="should be decoded properly" classname="com.github.traderjoe95.mls.protocol.message.Messages" time="0.001"/>
  <testcase name="should round-trip to the same binary value" classname="com.github.traderjoe95.mls.protocol.message.Messages" time="0.0"/>
  <testcase name="should be decoded properly" classname="com.github.traderjoe95.mls.protocol.message.Messages" time="0.001"/>
  <testcase name="should round-trip to the same binary value" classname="com.github.traderjoe95.mls.protocol.message.Messages" time="0.001"/>
  <testcase name="should be decoded properly" classname="com.github.traderjoe95.mls.protocol.message.Messages" time="0.0"/>
  <testcase name="should round-trip to the same binary value" classname="com.github.traderjoe95.mls.protocol.message.Messages" time="0.001"/>
  <testcase name="should be decoded properly" classname="com.github.traderjoe95.mls.protocol.message.Messages" time="0.0"/>
  <testcase name="should round-trip to the same binary value" classname="com.github.traderjoe95.mls.protocol.message.Messages" time="0.001"/>
  <testcase name="should be decoded properly" classname="com.github.traderjoe95.mls.protocol.message.Messages" time="0.0"/>
  <testcase name="should round-trip to the same binary value" classname="com.github.traderjoe95.mls.protocol.message.Messages" time="0.0"/>
  <testcase name="should be decoded properly" classname="com.github.traderjoe95.mls.protocol.message.Messages" time="0.0"/>
  <testcase name="should round-trip to the same binary value" classname="com.github.traderjoe95.mls.protocol.message.Messages" time="0.0"/>
  <testcase name="should be decoded properly" classname="com.github.traderjoe95.mls.protocol.message.Messages" time="0.0"/>
  <testcase name="should round-trip to the same binary value" classname="com.github.traderjoe95.mls.protocol.message.Messages" time="0.001"/>
  <testcase name="should be decoded properly" classname="com.github.traderjoe95.mls.protocol.message.Messages" time="0.0"/>
  <testcase name="should round-trip to the same binary value" classname="com.github.traderjoe95.mls.protocol.message.Messages" time="0.001"/>
  <testcase name="should be decoded properly" classname="com.github.traderjoe95.mls.protocol.message.Messages" time="0.0"/>
  <testcase name="should round-trip to the same binary value" classname="com.github.traderjoe95.mls.protocol.message.Messages" time="0.001"/>
  <testcase name="should be decoded properly" classname="com.github.traderjoe95.mls.protocol.message.Messages" time="0.001"/>
  <testcase name="should round-trip to the same binary value" classname="com.github.traderjoe95.mls.protocol.message.Messages" time="0.0"/>
  <testcase name="should be decoded properly" classname="com.github.traderjoe95.mls.protocol.message.Messages" time="0.0"/>
  <testcase name="should round-trip to the same binary value" classname="com.github.traderjoe95.mls.protocol.message.Messages" time="0.0"/>
  <testcase name="should be decoded properly" classname="com.github.traderjoe95.mls.protocol.message.Messages" time="0.0"/>
  <testcase name="should round-trip to the same binary value" classname="com.github.traderjoe95.mls.protocol.message.Messages" time="0.001"/>
  <testcase name="should be decoded properly" classname="com.github.traderjoe95.mls.protocol.message.Messages" time="0.001"/>
  <testcase name="should round-trip to the same binary value" classname="com.github.traderjoe95.mls.protocol.message.Messages" time="0.0"/>
  <testcase name="should be decoded properly" classname="com.github.traderjoe95.mls.protocol.message.Messages" time="0.0"/>
  <testcase name="should round-trip to the same binary value" classname="com.github.traderjoe95.mls.protocol.message.Messages" time="0.0"/>
  <testcase name="should be decoded properly" classname="com.github.traderjoe95.mls.protocol.message.Messages" time="0.0"/>
  <testcase name="should round-trip to the same binary value" classname="com.github.traderjoe95.mls.protocol.message.Messages" time="0.0"/>
  <testcase name="should be decoded properly" classname="com.github.traderjoe95.mls.protocol.message.Messages" time="0.001"/>
  <testcase name="should round-trip to the same binary value" classname="com.github.traderjoe95.mls.protocol.message.Messages" time="0.0"/>
  <testcase name="should be decoded properly" classname="com.github.traderjoe95.mls.protocol.message.Messages" time="0.0"/>
  <testcase name="should round-trip to the same binary value" classname="com.github.traderjoe95.mls.protocol.message.Messages" time="0.0"/>
  <testcase name="should be decoded properly" classname="com.github.traderjoe95.mls.protocol.message.Messages" time="0.0"/>
  <testcase name="should round-trip to the same binary value" classname="com.github.traderjoe95.mls.protocol.message.Messages" time="0.0"/>
  <testcase name="should be decoded properly" classname="com.github.traderjoe95.mls.protocol.message.Messages" time="0.0"/>
  <testcase name="should round-trip to the same binary value" classname="com.github.traderjoe95.mls.protocol.message.Messages" time="0.0"/>
  <testcase name="should be decoded properly" classname="com.github.traderjoe95.mls.protocol.message.Messages" time="0.0"/>
  <testcase name="should round-trip to the same binary value" classname="com.github.traderjoe95.mls.protocol.message.Messages" time="0.0"/>
  <testcase name="should be decoded properly" classname="com.github.traderjoe95.mls.protocol.message.Messages" time="0.0"/>
  <testcase name="should round-trip to the same binary value" classname="com.github.traderjoe95.mls.protocol.message.Messages" time="0.0"/>
  <testcase name="should be decoded properly" classname="com.github.traderjoe95.mls.protocol.message.Messages" time="0.0"/>
  <testcase name="should round-trip to the same binary value" classname="com.github.traderjoe95.mls.protocol.message.Messages" time="0.0"/>
  <testcase name="should be decoded properly" classname="com.github.traderjoe95.mls.protocol.message.Messages" time="0.0"/>
  <testcase name="should round-trip to the same binary value" classname="com.github.traderjoe95.mls.protocol.message.Messages" time="0.0"/>
  <testcase name="should be decoded properly" classname="com.github.traderjoe95.mls.protocol.message.Messages" time="0.0"/>
  <testcase name="should round-trip to the same binary value" classname="com.github.traderjoe95.mls.protocol.message.Messages" time="0.0"/>
  <testcase name="should be decoded properly" classname="com.github.traderjoe95.mls.protocol.message.Messages" time="0.0"/>
  <testcase name="should round-trip to the same binary value" classname="com.github.traderjoe95.mls.protocol.message.Messages" time="0.0"/>
  <testcase name="should be decoded properly" classname="com.github.traderjoe95.mls.protocol.message.Messages" time="0.0"/>
  <testcase name="should round-trip to the same binary value" classname="com.github.traderjoe95.mls.protocol.message.Messages" time="0.0"/>
  <testcase name="should be decoded properly" classname="com.github.traderjoe95.mls.protocol.message.Messages" time="0.0"/>
  <testcase name="should round-trip to the same binary value" classname="com.github.traderjoe95.mls.protocol.message.Messages" time="0.001"/>
  <testcase name="should be decoded properly" classname="com.github.traderjoe95.mls.protocol.message.Messages" time="0.0"/>
  <testcase name="should round-trip to the same binary value" classname="com.github.traderjoe95.mls.protocol.message.Messages" time="0.0"/>
  <testcase name="should be decoded properly" classname="com.github.traderjoe95.mls.protocol.message.Messages" time="0.0"/>
  <testcase name="should round-trip to the same binary value" classname="com.github.traderjoe95.mls.protocol.message.Messages" time="0.0"/>
  <testcase name="should be decoded properly" classname="com.github.traderjoe95.mls.protocol.message.Messages" time="0.0"/>
  <testcase name="should round-trip to the same binary value" classname="com.github.traderjoe95.mls.protocol.message.Messages" time="0.001"/>
  <testcase name="should be decoded properly" classname="com.github.traderjoe95.mls.protocol.message.Messages" time="0.0"/>
  <testcase name="should round-trip to the same binary value" classname="com.github.traderjoe95.mls.protocol.message.Messages" time="0.0"/>
  <testcase name="should be decoded properly" classname="com.github.traderjoe95.mls.protocol.message.Messages" time="0.0"/>
  <testcase name="should round-trip to the same binary value" classname="com.github.traderjoe95.mls.protocol.message.Messages" time="0.001"/>
  <testcase name="should be decoded properly" classname="com.github.traderjoe95.mls.protocol.message.Messages" time="0.0"/>
  <testcase name="should round-trip to the same binary value" classname="com.github.traderjoe95.mls.protocol.message.Messages" time="0.0"/>
  <testcase name="should be decoded properly" classname="com.github.traderjoe95.mls.protocol.message.Messages" time="0.001"/>
  <testcase name="should round-trip to the same binary value" classname="com.github.traderjoe95.mls.protocol.message.Messages" time="0.001"/>
  <testcase name="should be decoded properly" classname="com.github.traderjoe95.mls.protocol.message.Messages" time="0.0"/>
  <testcase name="should round-trip to the same binary value" classname="com.github.traderjoe95.mls.protocol.message.Messages" time="0.0"/>
  <testcase name="should be decoded properly" classname="com.github.traderjoe95.mls.protocol.message.Messages" time="0.0"/>
  <testcase name="should round-trip to the same binary value" classname="com.github.traderjoe95.mls.protocol.message.Messages" time="0.0"/>
  <testcase name="should be decoded properly" classname="com.github.traderjoe95.mls.protocol.message.Messages" time="0.001"/>
  <testcase name="should round-trip to the same binary value" classname="com.github.traderjoe95.mls.protocol.message.Messages" time="0.0"/>
  <testcase name="should be decoded properly" classname="com.github.traderjoe95.mls.protocol.message.Messages" time="0.0"/>
  <testcase name="should round-trip to the same binary value" classname="com.github.traderjoe95.mls.protocol.message.Messages" time="0.0"/>
  <testcase name="should be decoded properly" classname="com.github.traderjoe95.mls.protocol.message.Messages" time="0.0"/>
  <testcase name="should round-trip to the same binary value" classname="com.github.traderjoe95.mls.protocol.message.Messages" time="0.001"/>
  <testcase name="should be decoded properly" classname="com.github.traderjoe95.mls.protocol.message.Messages" time="0.0"/>
  <testcase name="should round-trip to the same binary value" classname="com.github.traderjoe95.mls.protocol.message.Messages" time="0.0"/>
  <testcase name="should be decoded properly" classname="com.github.traderjoe95.mls.protocol.message.Messages" time="0.0"/>
  <testcase name="should round-trip to the same binary value" classname="com.github.traderjoe95.mls.protocol.message.Messages" time="0.001"/>
  <testcase name="should be decoded properly" classname="com.github.traderjoe95.mls.protocol.message.Messages" time="0.0"/>
  <testcase name="should round-trip to the same binary value" classname="com.github.traderjoe95.mls.protocol.message.Messages" time="0.0"/>
  <testcase name="should be decoded properly" classname="com.github.traderjoe95.mls.protocol.message.Messages" time="0.0"/>
  <testcase name="should round-trip to the same binary value" classname="com.github.traderjoe95.mls.protocol.message.Messages" time="0.0"/>
  <testcase name="should be decoded properly" classname="com.github.traderjoe95.mls.protocol.message.Messages" time="0.0"/>
  <testcase name="should round-trip to the same binary value" classname="com.github.traderjoe95.mls.protocol.message.Messages" time="0.0"/>
  <testcase name="should be decoded properly" classname="com.github.traderjoe95.mls.protocol.message.Messages" time="0.0"/>
  <testcase name="should round-trip to the same binary value" classname="com.github.traderjoe95.mls.protocol.message.Messages" time="0.0"/>
  <testcase name="should be decoded properly" classname="com.github.traderjoe95.mls.protocol.message.Messages" time="0.0"/>
  <testcase name="should round-trip to the same binary value" classname="com.github.traderjoe95.mls.protocol.message.Messages" time="0.001"/>
  <testcase name="should be decoded properly" classname="com.github.traderjoe95.mls.protocol.message.Messages" time="0.001"/>
  <testcase name="should round-trip to the same binary value" classname="com.github.traderjoe95.mls.protocol.message.Messages" time="0.0"/>
  <testcase name="should be decoded properly" classname="com.github.traderjoe95.mls.protocol.message.Messages" time="0.0"/>
  <testcase name="should round-trip to the same binary value" classname="com.github.traderjoe95.mls.protocol.message.Messages" time="0.0"/>
  <testcase name="should be decoded properly" classname="com.github.traderjoe95.mls.protocol.message.Messages" time="0.0"/>
  <testcase name="should round-trip to the same binary value" classname="com.github.traderjoe95.mls.protocol.message.Messages" time="0.0"/>
  <testcase name="should be decoded properly" classname="com.github.traderjoe95.mls.protocol.message.Messages" time="0.0"/>
  <testcase name="should round-trip to the same binary value" classname="com.github.traderjoe95.mls.protocol.message.Messages" time="0.0"/>
  <testcase name="should be decoded properly" classname="com.github.traderjoe95.mls.protocol.message.Messages" time="0.001"/>
  <testcase name="should round-trip to the same binary value" classname="com.github.traderjoe95.mls.protocol.message.Messages" time="0.0"/>
  <testcase name="should be decoded properly" classname="com.github.traderjoe95.mls.protocol.message.Messages" time="0.0"/>
  <testcase name="should round-trip to the same binary value" classname="com.github.traderjoe95.mls.protocol.message.Messages" time="0.001"/>
  <testcase name="should be decoded properly" classname="com.github.traderjoe95.mls.protocol.message.Messages" time="0.0"/>
  <testcase name="should round-trip to the same binary value" classname="com.github.traderjoe95.mls.protocol.message.Messages" time="0.0"/>
  <testcase name="should be decoded properly" classname="com.github.traderjoe95.mls.protocol.message.Messages" time="0.0"/>
  <testcase name="should round-trip to the same binary value" classname="com.github.traderjoe95.mls.protocol.message.Messages" time="0.0"/>
  <testcase name="should be decoded properly" classname="com.github.traderjoe95.mls.protocol.message.Messages" time="0.0"/>
  <testcase name="should round-trip to the same binary value" classname="com.github.traderjoe95.mls.protocol.message.Messages" time="0.0"/>
  <testcase name="should be decoded properly" classname="com.github.traderjoe95.mls.protocol.message.Messages" time="0.0"/>
  <testcase name="should round-trip to the same binary value" classname="com.github.traderjoe95.mls.protocol.message.Messages" time="0.0"/>
  <testcase name="should be decoded properly" classname="com.github.traderjoe95.mls.protocol.message.Messages" time="0.0"/>
  <testcase name="should round-trip to the same binary value" classname="com.github.traderjoe95.mls.protocol.message.Messages" time="0.001"/>
  <testcase name="should be decoded properly" classname="com.github.traderjoe95.mls.protocol.message.Messages" time="0.0"/>
  <testcase name="should round-trip to the same binary value" classname="com.github.traderjoe95.mls.protocol.message.Messages" time="0.0"/>
  <testcase name="should be decoded properly" classname="com.github.traderjoe95.mls.protocol.message.Messages" time="0.0"/>
  <testcase name="should round-trip to the same binary value" classname="com.github.traderjoe95.mls.protocol.message.Messages" time="0.0"/>
  <testcase name="should be decoded properly" classname="com.github.traderjoe95.mls.protocol.message.Messages" time="0.0"/>
  <testcase name="should round-trip to the same binary value" classname="com.github.traderjoe95.mls.protocol.message.Messages" time="0.0"/>
  <testcase name="should be decoded properly" classname="com.github.traderjoe95.mls.protocol.message.Messages" time="0.0"/>
  <testcase name="should round-trip to the same binary value" classname="com.github.traderjoe95.mls.protocol.message.Messages" time="0.0"/>
  <testcase name="should be decoded properly" classname="com.github.traderjoe95.mls.protocol.message.Messages" time="0.0"/>
  <testcase name="should round-trip to the same binary value" classname="com.github.traderjoe95.mls.protocol.message.Messages" time="0.001"/>
  <testcase name="should be decoded properly" classname="com.github.traderjoe95.mls.protocol.message.Messages" time="0.0"/>
  <testcase name="should round-trip to the same binary value" classname="com.github.traderjoe95.mls.protocol.message.Messages" time="0.001"/>
  <testcase name="should be decoded properly" classname="com.github.traderjoe95.mls.protocol.message.Messages" time="0.0"/>
  <testcase name="should round-trip to the same binary value" classname="com.github.traderjoe95.mls.protocol.message.Messages" time="0.0"/>
  <testcase name="should be decoded properly" classname="com.github.traderjoe95.mls.protocol.message.Messages" time="0.0"/>
  <testcase name="should round-trip to the same binary value" classname="com.github.traderjoe95.mls.protocol.message.Messages" time="0.001"/>
  <testcase name="should be decoded properly" classname="com.github.traderjoe95.mls.protocol.message.Messages" time="0.001"/>
  <testcase name="should round-trip to the same binary value" classname="com.github.traderjoe95.mls.protocol.message.Messages" time="0.0"/>
  <testcase name="should be decoded properly" classname="com.github.traderjoe95.mls.protocol.message.Messages" time="0.0"/>
  <testcase name="should round-trip to the same binary value" classname="com.github.traderjoe95.mls.protocol.message.Messages" time="0.0"/>
  <testcase name="should be decoded properly" classname="com.github.traderjoe95.mls.protocol.message.Messages" time="0.0"/>
  <testcase name="should round-trip to the same binary value" classname="com.github.traderjoe95.mls.protocol.message.Messages" time="0.0"/>
  <testcase name="should be decoded properly" classname="com.github.traderjoe95.mls.protocol.message.Messages" time="0.0"/>
  <testcase name="should round-trip to the same binary value" classname="com.github.traderjoe95.mls.protocol.message.Messages" time="0.0"/>
  <testcase name="should be decoded properly" classname="com.github.traderjoe95.mls.protocol.message.Messages" time="0.0"/>
  <testcase name="should round-trip to the same binary value" classname="com.github.traderjoe95.mls.protocol.message.Messages" time="0.001"/>
  <testcase name="should be decoded properly" classname="com.github.traderjoe95.mls.protocol.message.Messages" time="0.001"/>
  <testcase name="should round-trip to the same binary value" classname="com.github.traderjoe95.mls.protocol.message.Messages" time="0.0"/>
  <testcase name="should be decoded properly" classname="com.github.traderjoe95.mls.protocol.message.Messages" time="0.001"/>
  <testcase name="should round-trip to the same binary value" classname="com.github.traderjoe95.mls.protocol.message.Messages" time="0.0"/>
  <testcase name="should be decoded properly" classname="com.github.traderjoe95.mls.protocol.message.Messages" time="0.0"/>
  <testcase name="should round-trip to the same binary value" classname="com.github.traderjoe95.mls.protocol.message.Messages" time="0.0"/>
  <testcase name="should be decoded properly" classname="com.github.traderjoe95.mls.protocol.message.Messages" time="0.0"/>
  <testcase name="should round-trip to the same binary value" classname="com.github.traderjoe95.mls.protocol.message.Messages" time="0.0"/>
  <testcase name="should be decoded properly" classname="com.github.traderjoe95.mls.protocol.message.Messages" time="0.0"/>
  <testcase name="should round-trip to the same binary value" classname="com.github.traderjoe95.mls.protocol.message.Messages" time="0.0"/>
  <testcase name="should be decoded properly" classname="com.github.traderjoe95.mls.protocol.message.Messages" time="0.001"/>
  <testcase name="should round-trip to the same binary value" classname="com.github.traderjoe95.mls.protocol.message.Messages" time="0.001"/>
  <testcase name="should be decoded properly" classname="com.github.traderjoe95.mls.protocol.message.Messages" time="0.001"/>
  <testcase name="should round-trip to the same binary value" classname="com.github.traderjoe95.mls.protocol.message.Messages" time="0.0"/>
  <testcase name="should be decoded properly" classname="com.github.traderjoe95.mls.protocol.message.Messages" time="0.0"/>
  <testcase name="should round-trip to the same binary value" classname="com.github.traderjoe95.mls.protocol.message.Messages" time="0.0"/>
  <testcase name="should be decoded properly" classname="com.github.traderjoe95.mls.protocol.message.Messages" time="0.0"/>
  <testcase name="should round-trip to the same binary value" classname="com.github.traderjoe95.mls.protocol.message.Messages" time="0.0"/>
  <testcase name="should be decoded properly" classname="com.github.traderjoe95.mls.protocol.message.Messages" time="0.0"/>
  <testcase name="should round-trip to the same binary value" classname="com.github.traderjoe95.mls.protocol.message.Messages" time="0.0"/>
  <testcase name="should be decoded properly" classname="com.github.traderjoe95.mls.protocol.message.Messages" time="0.0"/>
  <testcase name="should round-trip to the same binary value" classname="com.github.traderjoe95.mls.protocol.message.Messages" time="0.0"/>
  <testcase name="should be decoded properly" classname="com.github.traderjoe95.mls.protocol.message.Messages" time="0.0"/>
  <testcase name="should round-trip to the same binary value" classname="com.github.traderjoe95.mls.protocol.message.Messages" time="0.0"/>
  <testcase name="should be decoded properly" classname="com.github.traderjoe95.mls.protocol.message.Messages" time="0.0"/>
  <testcase name="should round-trip to the same binary value" classname="com.github.traderjoe95.mls.protocol.message.Messages" time="0.0"/>
  <testcase name="should be decoded properly" classname="com.github.traderjoe95.mls.protocol.message.Messages" time="0.0"/>
  <testcase name="should round-trip to the same binary value" classname="com.github.traderjoe95.mls.protocol.message.Messages" time="0.0"/>
  <testcase name="should be decoded properly" classname="com.github.traderjoe95.mls.protocol.message.Messages" time="0.0"/>
  <testcase name="should round-trip to the same binary value" classname="com.github.traderjoe95.mls.protocol.message.Messages" time="0.0"/>
  <testcase name="should be decoded properly" classname="com.github.traderjoe95.mls.protocol.message.Messages" time="0.001"/>
  <testcase name="should round-trip to the same binary value" classname="com.github.traderjoe95.mls.protocol.message.Messages" time="0.001"/>
  <testcase name="should be decoded properly" classname="com.github.traderjoe95.mls.protocol.message.Messages" time="0.0"/>
  <testcase name="should round-trip to the same binary value" classname="com.github.traderjoe95.mls.protocol.message.Messages" time="0.001"/>
  <testcase name="should be decoded properly" classname="com.github.traderjoe95.mls.protocol.message.Messages" time="0.0"/>
  <testcase name="should round-trip to the same binary value" classname="com.github.traderjoe95.mls.protocol.message.Messages" time="0.0"/>
  <testcase name="should be decoded properly" classname="com.github.traderjoe95.mls.protocol.message.Messages" time="0.001"/>
  <testcase name="should round-trip to the same binary value" classname="com.github.traderjoe95.mls.protocol.message.Messages" time="0.0"/>
  <testcase name="should be decoded properly" classname="com.github.traderjoe95.mls.protocol.message.Messages" time="0.0"/>
  <testcase name="should round-trip to the same binary value" classname="com.github.traderjoe95.mls.protocol.message.Messages" time="0.0"/>
  <testcase name="should be decoded properly" classname="com.github.traderjoe95.mls.protocol.message.Messages" time="0.0"/>
  <testcase name="should round-trip to the same binary value" classname="com.github.traderjoe95.mls.protocol.message.Messages" time="0.0"/>
  <testcase name="should be decoded properly" classname="com.github.traderjoe95.mls.protocol.message.Messages" time="0.0"/>
  <testcase name="should round-trip to the same binary value" classname="com.github.traderjoe95.mls.protocol.message.Messages" time="0.0"/>
  <testcase name="should be decoded properly" classname="com.github.traderjoe95.mls.protocol.message.Messages" time="0.0"/>
  <testcase name="should round-trip to the same binary value" classname="com.github.traderjoe95.mls.protocol.message.Messages" time="0.0"/>
  <testcase name="should be decoded properly" classname="com.github.traderjoe95.mls.protocol.message.Messages" time="0.0"/>
  <testcase name="should round-trip to the same binary value" classname="com.github.traderjoe95.mls.protocol.message.Messages" time="0.001"/>
  <testcase name="should be decoded properly" classname="com.github.traderjoe95.mls.protocol.message.Messages" time="0.0"/>
  <testcase name="should round-trip to the same binary value" classname="com.github.traderjoe95.mls.protocol.message.Messages" time="0.0"/>
  <testcase name="should be decoded properly" classname="com.github.traderjoe95.mls.protocol.message.Messages" time="0.0"/>
  <testcase name="should round-trip to the same binary value" classname="com.github.traderjoe95.mls.protocol.message.Messages" time="0.0"/>
  <testcase name="should be decoded properly" classname="com.github.traderjoe95.mls.protocol.message.Messages" time="0.0"/>
  <testcase name="should round-trip to the same binary value" classname="com.github.traderjoe95.mls.protocol.message.Messages" time="0.0"/>
  <testcase name="should be decoded properly" classname="com.github.traderjoe95.mls.protocol.message.Messages" time="0.0"/>
  <testcase name="should round-trip to the same binary value" classname="com.github.traderjoe95.mls.protocol.message.Messages" time="0.0"/>
  <testcase name="should be decoded properly" classname="com.github.traderjoe95.mls.protocol.message.Messages" time="0.001"/>
  <testcase name="should round-trip to the same binary value" classname="com.github.traderjoe95.mls.protocol.message.Messages" time="0.001"/>
  <testcase name="should be decoded properly" classname="com.github.traderjoe95.mls.protocol.message.Messages" time="0.0"/>
  <testcase name="should round-trip to the same binary value" classname="com.github.traderjoe95.mls.protocol.message.Messages" time="0.0"/>
  <testcase name="should be decoded properly" classname="com.github.traderjoe95.mls.protocol.message.Messages" time="0.0"/>
  <testcase name="should round-trip to the same binary value" classname="com.github.traderjoe95.mls.protocol.message.Messages" time="0.0"/>
  <testcase name="should be decoded properly" classname="com.github.traderjoe95.mls.protocol.message.Messages" time="0.0"/>
  <testcase name="should round-trip to the same binary value" classname="com.github.traderjoe95.mls.protocol.message.Messages" time="0.0"/>
  <testcase name="should be decoded properly" classname="com.github.traderjoe95.mls.protocol.message.Messages" time="0.0"/>
  <testcase name="should round-trip to the same binary value" classname="com.github.traderjoe95.mls.protocol.message.Messages" time="0.0"/>
  <testcase name="should be decoded properly" classname="com.github.traderjoe95.mls.protocol.message.Messages" time="0.0"/>
  <testcase name="should round-trip to the same binary value" classname="com.github.traderjoe95.mls.protocol.message.Messages" time="0.0"/>
  <testcase name="should be decoded properly" classname="com.github.traderjoe95.mls.protocol.message.Messages" time="0.0"/>
  <testcase name="should round-trip to the same binary value" classname="com.github.traderjoe95.mls.protocol.message.Messages" time="0.0"/>
  <testcase name="should be decoded properly" classname="com.github.traderjoe95.mls.protocol.message.Messages" time="0.001"/>
  <testcase name="should round-trip to the same binary value" classname="com.github.traderjoe95.mls.protocol.message.Messages" time="0.001"/>
  <testcase name="should be decoded properly" classname="com.github.traderjoe95.mls.protocol.message.Messages" time="0.0"/>
  <testcase name="should round-trip to the same binary value" classname="com.github.traderjoe95.mls.protocol.message.Messages" time="0.001"/>
  <testcase name="should be decoded properly" classname="com.github.traderjoe95.mls.protocol.message.Messages" time="0.0"/>
  <testcase name="should round-trip to the same binary value" classname="com.github.traderjoe95.mls.protocol.message.Messages" time="0.0"/>
  <testcase name="should be decoded properly" classname="com.github.traderjoe95.mls.protocol.message.Messages" time="0.0"/>
  <testcase name="should round-trip to the same binary value" classname="com.github.traderjoe95.mls.protocol.message.Messages" time="0.0"/>
  <testcase name="should be decoded properly" classname="com.github.traderjoe95.mls.protocol.message.Messages" time="0.0"/>
  <testcase name="should round-trip to the same binary value" classname="com.github.traderjoe95.mls.protocol.message.Messages" time="0.0"/>
  <testcase name="should be decoded properly" classname="com.github.traderjoe95.mls.protocol.message.Messages" time="0.0"/>
  <testcase name="should round-trip to the same binary value" classname="com.github.traderjoe95.mls.protocol.message.Messages" time="0.0"/>
  <testcase name="should be decoded properly" classname="com.github.traderjoe95.mls.protocol.message.Messages" time="0.0"/>
  <testcase name="should round-trip to the same binary value" classname="com.github.traderjoe95.mls.protocol.message.Messages" time="0.0"/>
  <testcase name="should be decoded properly" classname="com.github.traderjoe95.mls.protocol.message.Messages" time="0.001"/>
  <testcase name="should round-trip to the same binary value" classname="com.github.traderjoe95.mls.protocol.message.Messages" time="0.0"/>
  <testcase name="should be decoded properly" classname="com.github.traderjoe95.mls.protocol.message.Messages" time="0.0"/>
  <testcase name="should round-trip to the same binary value" classname="com.github.traderjoe95.mls.protocol.message.Messages" time="0.0"/>
  <testcase name="should be decoded properly" classname="com.github.traderjoe95.mls.protocol.message.Messages" time="0.0"/>
  <testcase name="should round-trip to the same binary value" classname="com.github.traderjoe95.mls.protocol.message.Messages" time="0.0"/>
  <testcase name="should be decoded properly" classname="com.github.traderjoe95.mls.protocol.message.Messages" time="0.0"/>
  <testcase name="should round-trip to the same binary value" classname="com.github.traderjoe95.mls.protocol.message.Messages" time="0.001"/>
  <testcase name="should be decoded properly" classname="com.github.traderjoe95.mls.protocol.message.Messages" time="0.0"/>
  <testcase name="should round-trip to the same binary value" classname="com.github.traderjoe95.mls.protocol.message.Messages" time="0.0"/>
  <testcase name="should be decoded properly" classname="com.github.traderjoe95.mls.protocol.message.Messages" time="0.0"/>
  <testcase name="should round-trip to the same binary value" classname="com.github.traderjoe95.mls.protocol.message.Messages" time="0.0"/>
  <testcase name="should be decoded properly" classname="com.github.traderjoe95.mls.protocol.message.Messages" time="0.001"/>
  <testcase name="should round-trip to the same binary value" classname="com.github.traderjoe95.mls.protocol.message.Messages" time="0.0"/>
  <testcase name="should be decoded properly" classname="com.github.traderjoe95.mls.protocol.message.Messages" time="0.0"/>
  <testcase name="should round-trip to the same binary value" classname="com.github.traderjoe95.mls.protocol.message.Messages" time="0.0"/>
  <testcase name="should be decoded properly" classname="com.github.traderjoe95.mls.protocol.message.Messages" time="0.0"/>
  <testcase name="should round-trip to the same binary value" classname="com.github.traderjoe95.mls.protocol.message.Messages" time="0.0"/>
  <testcase name="should be decoded properly" classname="com.github.traderjoe95.mls.protocol.message.Messages" time="0.0"/>
  <testcase name="should round-trip to the same binary value" classname="com.github.traderjoe95.mls.protocol.message.Messages" time="0.0"/>
  <testcase name="should be decoded properly" classname="com.github.traderjoe95.mls.protocol.message.Messages" time="0.0"/>
  <testcase name="should round-trip to the same binary value" classname="com.github.traderjoe95.mls.protocol.message.Messages" time="0.0"/>
  <testcase name="should be decoded properly" classname="com.github.traderjoe95.mls.protocol.message.Messages" time="0.0"/>
  <testcase name="should round-trip to the same binary value" classname="com.github.traderjoe95.mls.protocol.message.Messages" time="0.0"/>
  <testcase name="should be decoded properly" classname="com.github.traderjoe95.mls.protocol.message.Messages" time="0.0"/>
  <testcase name="should round-trip to the same binary value" classname="com.github.traderjoe95.mls.protocol.message.Messages" time="0.0"/>
  <testcase name="should be decoded properly" classname="com.github.traderjoe95.mls.protocol.message.Messages" time="0.0"/>
  <testcase name="should round-trip to the same binary value" classname="com.github.traderjoe95.mls.protocol.message.Messages" time="0.0"/>
  <testcase name="should be decoded properly" classname="com.github.traderjoe95.mls.protocol.message.Messages" time="0.0"/>
  <testcase name="should round-trip to the same binary value" classname="com.github.traderjoe95.mls.protocol.message.Messages" time="0.0"/>
  <testcase name="should be decoded properly" classname="com.github.traderjoe95.mls.protocol.message.Messages" time="0.0"/>
  <testcase name="should round-trip to the same binary value" classname="com.github.traderjoe95.mls.protocol.message.Messages" time="0.0"/>
  <testcase name="should be decoded properly" classname="com.github.traderjoe95.mls.protocol.message.Messages" time="0.001"/>
  <testcase name="should round-trip to the same binary value" classname="com.github.traderjoe95.mls.protocol.message.Messages" time="0.0"/>
  <testcase name="should be decoded properly" classname="com.github.traderjoe95.mls.protocol.message.Messages" time="0.0"/>
  <testcase name="should round-trip to the same binary value" classname="com.github.traderjoe95.mls.protocol.message.Messages" time="0.0"/>
  <testcase name="should be decoded properly" classname="com.github.traderjoe95.mls.protocol.message.Messages" time="0.001"/>
  <testcase name="should round-trip to the same binary value" classname="com.github.traderjoe95.mls.protocol.message.Messages" time="0.0"/>
  <testcase name="should be decoded properly" classname="com.github.traderjoe95.mls.protocol.message.Messages" time="0.0"/>
  <testcase name="should round-trip to the same binary value" classname="com.github.traderjoe95.mls.protocol.message.Messages" time="0.0"/>
  <testcase name="should be decoded properly" classname="com.github.traderjoe95.mls.protocol.message.Messages" time="0.001"/>
  <testcase name="should round-trip to the same binary value" classname="com.github.traderjoe95.mls.protocol.message.Messages" time="0.001"/>
  <testcase name="should be decoded properly" classname="com.github.traderjoe95.mls.protocol.message.Messages" time="0.0"/>
  <testcase name="should round-trip to the same binary value" classname="com.github.traderjoe95.mls.protocol.message.Messages" time="0.001"/>
  <testcase name="should be decoded properly" classname="com.github.traderjoe95.mls.protocol.message.Messages" time="0.0"/>
  <testcase name="should round-trip to the same binary value" classname="com.github.traderjoe95.mls.protocol.message.Messages" time="0.0"/>
  <testcase name="should be decoded properly" classname="com.github.traderjoe95.mls.protocol.message.Messages" time="0.0"/>
  <testcase name="should round-trip to the same binary value" classname="com.github.traderjoe95.mls.protocol.message.Messages" time="0.0"/>
  <testcase name="should be decoded properly" classname="com.github.traderjoe95.mls.protocol.message.Messages" time="0.001"/>
  <testcase name="should round-trip to the same binary value" classname="com.github.traderjoe95.mls.protocol.message.Messages" time="0.001"/>
  <testcase name="should be decoded properly" classname="com.github.traderjoe95.mls.protocol.message.Messages" time="0.0"/>
  <testcase name="should round-trip to the same binary value" classname="com.github.traderjoe95.mls.protocol.message.Messages" time="0.0"/>
  <testcase name="should be decoded properly" classname="com.github.traderjoe95.mls.protocol.message.Messages" time="0.0"/>
  <testcase name="should round-trip to the same binary value" classname="com.github.traderjoe95.mls.protocol.message.Messages" time="0.0"/>
  <testcase name="should be decoded properly" classname="com.github.traderjoe95.mls.protocol.message.Messages" time="0.0"/>
  <testcase name="should round-trip to the same binary value" classname="com.github.traderjoe95.mls.protocol.message.Messages" time="0.0"/>
  <testcase name="should be decoded properly" classname="com.github.traderjoe95.mls.protocol.message.Messages" time="0.0"/>
  <testcase name="should round-trip to the same binary value" classname="com.github.traderjoe95.mls.protocol.message.Messages" time="0.0"/>
  <testcase name="should be decoded properly" classname="com.github.traderjoe95.mls.protocol.message.Messages" time="0.001"/>
  <testcase name="should round-trip to the same binary value" classname="com.github.traderjoe95.mls.protocol.message.Messages" time="0.0"/>
  <testcase name="should be decoded properly" classname="com.github.traderjoe95.mls.protocol.message.Messages" time="0.001"/>
  <testcase name="should round-trip to the same binary value" classname="com.github.traderjoe95.mls.protocol.message.Messages" time="0.0"/>
  <testcase name="should be decoded properly" classname="com.github.traderjoe95.mls.protocol.message.Messages" time="0.001"/>
  <testcase name="should round-trip to the same binary value" classname="com.github.traderjoe95.mls.protocol.message.Messages" time="0.0"/>
  <testcase name="should be decoded properly" classname="com.github.traderjoe95.mls.protocol.message.Messages" time="0.0"/>
  <testcase name="should round-trip to the same binary value" classname="com.github.traderjoe95.mls.protocol.message.Messages" time="0.0"/>
  <testcase name="should be decoded properly" classname="com.github.traderjoe95.mls.protocol.message.Messages" time="0.0"/>
  <testcase name="should round-trip to the same binary value" classname="com.github.traderjoe95.mls.protocol.message.Messages" time="0.0"/>
  <testcase name="should be decoded properly" classname="com.github.traderjoe95.mls.protocol.message.Messages" time="0.0"/>
  <testcase name="should round-trip to the same binary value" classname="com.github.traderjoe95.mls.protocol.message.Messages" time="0.0"/>
  <testcase name="should be decoded properly" classname="com.github.traderjoe95.mls.protocol.message.Messages" time="0.0"/>
  <testcase name="should round-trip to the same binary value" classname="com.github.traderjoe95.mls.protocol.message.Messages" time="0.0"/>
  <testcase name="should be decoded properly" classname="com.github.traderjoe95.mls.protocol.message.Messages" time="0.001"/>
  <testcase name="should round-trip to the same binary value" classname="com.github.traderjoe95.mls.protocol.message.Messages" time="0.001"/>
  <testcase name="should be decoded properly" classname="com.github.traderjoe95.mls.protocol.message.Messages" time="0.0"/>
  <testcase name="should round-trip to the same binary value" classname="com.github.traderjoe95.mls.protocol.message.Messages" time="0.001"/>
  <testcase name="should be decoded properly" classname="com.github.traderjoe95.mls.protocol.message.Messages" time="0.0"/>
  <testcase name="should round-trip to the same binary value" classname="com.github.traderjoe95.mls.protocol.message.Messages" time="0.001"/>
  <testcase name="should be decoded properly" classname="com.github.traderjoe95.mls.protocol.message.Messages" time="0.0"/>
  <testcase name="should round-trip to the same binary value" classname="com.github.traderjoe95.mls.protocol.message.Messages" time="0.0"/>
  <testcase name="should be decoded properly" classname="com.github.traderjoe95.mls.protocol.message.Messages" time="0.0"/>
  <testcase name="should round-trip to the same binary value" classname="com.github.traderjoe95.mls.protocol.message.Messages" time="0.0"/>
  <testcase name="should be decoded properly" classname="com.github.traderjoe95.mls.protocol.message.Messages" time="0.0"/>
  <testcase name="should round-trip to the same binary value" classname="com.github.traderjoe95.mls.protocol.message.Messages" time="0.0"/>
  <testcase name="should be decoded properly" classname="com.github.traderjoe95.mls.protocol.message.Messages" time="0.0"/>
  <testcase name="should round-trip to the same binary value" classname="com.github.traderjoe95.mls.protocol.message.Messages" time="0.0"/>
  <testcase name="should be decoded properly" classname="com.github.traderjoe95.mls.protocol.message.Messages" time="0.0"/>
  <testcase name="should round-trip to the same binary value" classname="com.github.traderjoe95.mls.protocol.message.Messages" time="0.0"/>
  <testcase name="should be decoded properly" classname="com.github.traderjoe95.mls.protocol.message.Messages" time="0.0"/>
  <testcase name="should round-trip to the same binary value" classname="com.github.traderjoe95.mls.protocol.message.Messages" time="0.0"/>
  <testcase name="should be decoded properly" classname="com.github.traderjoe95.mls.protocol.message.Messages" time="0.0"/>
  <testcase name="should round-trip to the same binary value" classname="com.github.traderjoe95.mls.protocol.message.Messages" time="0.0"/>
  <testcase name="should be decoded properly" classname="com.github.traderjoe95.mls.protocol.message.Messages" time="0.0"/>
  <testcase name="should round-trip to the same binary value" classname="com.github.traderjoe95.mls.protocol.message.Messages" time="0.001"/>
  <testcase name="should be decoded properly" classname="com.github.traderjoe95.mls.protocol.message.Messages" time="0.001"/>
  <testcase name="should round-trip to the same binary value" classname="com.github.traderjoe95.mls.protocol.message.Messages" time="0.0"/>
  <testcase name="should be decoded properly" classname="com.github.traderjoe95.mls.protocol.message.Messages" time="0.0"/>
  <testcase name="should round-trip to the same binary value" classname="com.github.traderjoe95.mls.protocol.message.Messages" time="0.0"/>
  <testcase name="should be decoded properly" classname="com.github.traderjoe95.mls.protocol.message.Messages" time="0.0"/>
  <testcase name="should round-trip to the same binary value" classname="com.github.traderjoe95.mls.protocol.message.Messages" time="0.001"/>
  <testcase name="should be decoded properly" classname="com.github.traderjoe95.mls.protocol.message.Messages" time="0.0"/>
  <testcase name="should round-trip to the same binary value" classname="com.github.traderjoe95.mls.protocol.message.Messages" time="0.0"/>
  <testcase name="should be decoded properly" classname="com.github.traderjoe95.mls.protocol.message.Messages" time="0.0"/>
  <testcase name="should round-trip to the same binary value" classname="com.github.traderjoe95.mls.protocol.message.Messages" time="0.001"/>
  <testcase name="should be decoded properly" classname="com.github.traderjoe95.mls.protocol.message.Messages" time="0.0"/>
  <testcase name="should round-trip to the same binary value" classname="com.github.traderjoe95.mls.protocol.message.Messages" time="0.0"/>
  <testcase name="should be decoded properly" classname="com.github.traderjoe95.mls.protocol.message.Messages" time="0.001"/>
  <testcase name="should round-trip to the same binary value" classname="com.github.traderjoe95.mls.protocol.message.Messages" time="0.0"/>
  <testcase name="should be decoded properly" classname="com.github.traderjoe95.mls.protocol.message.Messages" time="0.0"/>
  <testcase name="should round-trip to the same binary value" classname="com.github.traderjoe95.mls.protocol.message.Messages" time="0.0"/>
  <testcase name="should be decoded properly" classname="com.github.traderjoe95.mls.protocol.message.Messages" time="0.0"/>
  <testcase name="should round-trip to the same binary value" classname="com.github.traderjoe95.mls.protocol.message.Messages" time="0.001"/>
  <testcase name="should be decoded properly" classname="com.github.traderjoe95.mls.protocol.message.Messages" time="0.0"/>
  <testcase name="should round-trip to the same binary value" classname="com.github.traderjoe95.mls.protocol.message.Messages" time="0.0"/>
  <testcase name="should be decoded properly" classname="com.github.traderjoe95.mls.protocol.message.Messages" time="0.0"/>
  <testcase name="should round-trip to the same binary value" classname="com.github.traderjoe95.mls.protocol.message.Messages" time="0.0"/>
  <testcase name="should be decoded properly" classname="com.github.traderjoe95.mls.protocol.message.Messages" time="0.0"/>
  <testcase name="should round-trip to the same binary value" classname="com.github.traderjoe95.mls.protocol.message.Messages" time="0.0"/>
  <testcase name="should be decoded properly" classname="com.github.traderjoe95.mls.protocol.message.Messages" time="0.0"/>
  <testcase name="should round-trip to the same binary value" classname="com.github.traderjoe95.mls.protocol.message.Messages" time="0.0"/>
  <testcase name="should be decoded properly" classname="com.github.traderjoe95.mls.protocol.message.Messages" time="0.0"/>
  <testcase name="should round-trip to the same binary value" classname="com.github.traderjoe95.mls.protocol.message.Messages" time="0.0"/>
  <testcase name="should be decoded properly" classname="com.github.traderjoe95.mls.protocol.message.Messages" time="0.0"/>
  <testcase name="should round-trip to the same binary value" classname="com.github.traderjoe95.mls.protocol.message.Messages" time="0.0"/>
  <testcase name="should be decoded properly" classname="com.github.traderjoe95.mls.protocol.message.Messages" time="0.0"/>
  <testcase name="should round-trip to the same binary value" classname="com.github.traderjoe95.mls.protocol.message.Messages" time="0.0"/>
  <testcase name="should be decoded properly" classname="com.github.traderjoe95.mls.protocol.message.Messages" time="0.0"/>
  <testcase name="should round-trip to the same binary value" classname="com.github.traderjoe95.mls.protocol.message.Messages" time="0.0"/>
  <testcase name="should be decoded properly" classname="com.github.traderjoe95.mls.protocol.message.Messages" time="0.001"/>
  <testcase name="should round-trip to the same binary value" classname="com.github.traderjoe95.mls.protocol.message.Messages" time="0.0"/>
  <testcase name="should be decoded properly" classname="com.github.traderjoe95.mls.protocol.message.Messages" time="0.001"/>
  <testcase name="should round-trip to the same binary value" classname="com.github.traderjoe95.mls.protocol.message.Messages" time="0.0"/>
  <testcase name="should be decoded properly" classname="com.github.traderjoe95.mls.protocol.message.Messages" time="0.0"/>
  <testcase name="should round-trip to the same binary value" classname="com.github.traderjoe95.mls.protocol.message.Messages" time="0.0"/>
  <testcase name="should be decoded properly" classname="com.github.traderjoe95.mls.protocol.message.Messages" time="0.0"/>
  <testcase name="should round-trip to the same binary value" classname="com.github.traderjoe95.mls.protocol.message.Messages" time="0.0"/>
  <testcase name="should be decoded properly" classname="com.github.traderjoe95.mls.protocol.message.Messages" time="0.0"/>
  <testcase name="should round-trip to the same binary value" classname="com.github.traderjoe95.mls.protocol.message.Messages" time="0.001"/>
  <testcase name="should be decoded properly" classname="com.github.traderjoe95.mls.protocol.message.Messages" time="0.0"/>
  <testcase name="should round-trip to the same binary value" classname="com.github.traderjoe95.mls.protocol.message.Messages" time="0.001"/>
  <testcase name="should be decoded properly" classname="com.github.traderjoe95.mls.protocol.message.Messages" time="0.0"/>
  <testcase name="should round-trip to the same binary value" classname="com.github.traderjoe95.mls.protocol.message.Messages" time="0.0"/>
  <testcase name="should be decoded properly" classname="com.github.traderjoe95.mls.protocol.message.Messages" time="0.0"/>
  <testcase name="should round-trip to the same binary value" classname="com.github.traderjoe95.mls.protocol.message.Messages" time="0.0"/>
  <testcase name="should be decoded properly" classname="com.github.traderjoe95.mls.protocol.message.Messages" time="0.0"/>
  <testcase name="should round-trip to the same binary value" classname="com.github.traderjoe95.mls.protocol.message.Messages" time="0.0"/>
  <testcase name="should be decoded properly" classname="com.github.traderjoe95.mls.protocol.message.Messages" time="0.0"/>
  <testcase name="should round-trip to the same binary value" classname="com.github.traderjoe95.mls.protocol.message.Messages" time="0.0"/>
  <testcase name="should be decoded properly" classname="com.github.traderjoe95.mls.protocol.message.Messages" time="0.0"/>
  <testcase name="should round-trip to the same binary value" classname="com.github.traderjoe95.mls.protocol.message.Messages" time="0.0"/>
  <testcase name="should be decoded properly" classname="com.github.traderjoe95.mls.protocol.message.Messages" time="0.0"/>
  <testcase name="should round-trip to the same binary value" classname="com.github.traderjoe95.mls.protocol.message.Messages" time="0.0"/>
  <testcase name="should be decoded properly" classname="com.github.traderjoe95.mls.protocol.message.Messages" time="0.0"/>
  <testcase name="should round-trip to the same binary value" classname="com.github.traderjoe95.mls.protocol.message.Messages" time="0.0"/>
  <testcase name="should be decoded properly" classname="com.github.traderjoe95.mls.protocol.message.Messages" time="0.0"/>
  <testcase name="should round-trip to the same binary value" classname="com.github.traderjoe95.mls.protocol.message.Messages" time="0.001"/>
  <testcase name="should be decoded properly" classname="com.github.traderjoe95.mls.protocol.message.Messages" time="0.001"/>
  <testcase name="should round-trip to the same binary value" classname="com.github.traderjoe95.mls.protocol.message.Messages" time="0.0"/>
  <testcase name="should be decoded properly" classname="com.github.traderjoe95.mls.protocol.message.Messages" time="0.0"/>
  <testcase name="should round-trip to the same binary value" classname="com.github.traderjoe95.mls.protocol.message.Messages" time="0.0"/>
  <testcase name="should be decoded properly" classname="com.github.traderjoe95.mls.protocol.message.Messages" time="0.001"/>
  <testcase name="should round-trip to the same binary value" classname="com.github.traderjoe95.mls.protocol.message.Messages" time="0.0"/>
  <testcase name="should be decoded properly" classname="com.github.traderjoe95.mls.protocol.message.Messages" time="0.0"/>
  <testcase name="should round-trip to the same binary value" classname="com.github.traderjoe95.mls.protocol.message.Messages" time="0.001"/>
  <testcase name="should be decoded properly" classname="com.github.traderjoe95.mls.protocol.message.Messages" time="0.001"/>
  <testcase name="should round-trip to the same binary value" classname="com.github.traderjoe95.mls.protocol.message.Messages" time="0.0"/>
  <testcase name="should be decoded properly" classname="com.github.traderjoe95.mls.protocol.message.Messages" time="0.001"/>
  <testcase name="should round-trip to the same binary value" classname="com.github.traderjoe95.mls.protocol.message.Messages" time="0.0"/>
  <testcase name="should be decoded properly" classname="com.github.traderjoe95.mls.protocol.message.Messages" time="0.0"/>
  <testcase name="should round-trip to the same binary value" classname="com.github.traderjoe95.mls.protocol.message.Messages" time="0.0"/>
  <testcase name="should be decoded properly" classname="com.github.traderjoe95.mls.protocol.message.Messages" time="0.0"/>
  <testcase name="should round-trip to the same binary value" classname="com.github.traderjoe95.mls.protocol.message.Messages" time="0.001"/>
  <testcase name="should be decoded properly" classname="com.github.traderjoe95.mls.protocol.message.Messages" time="0.0"/>
  <testcase name="should round-trip to the same binary value" classname="com.github.traderjoe95.mls.protocol.message.Messages" time="0.0"/>
  <testcase name="should be decoded properly" classname="com.github.traderjoe95.mls.protocol.message.Messages" time="0.0"/>
  <testcase name="should round-trip to the same binary value" classname="com.github.traderjoe95.mls.protocol.message.Messages" time="0.0"/>
  <testcase name="should be decoded properly" classname="com.github.traderjoe95.mls.protocol.message.Messages" time="0.0"/>
  <testcase name="should round-trip to the same binary value" classname="com.github.traderjoe95.mls.protocol.message.Messages" time="0.0"/>
  <testcase name="should be decoded properly" classname="com.github.traderjoe95.mls.protocol.message.Messages" time="0.0"/>
  <testcase name="should round-trip to the same binary value" classname="com.github.traderjoe95.mls.protocol.message.Messages" time="0.001"/>
  <testcase name="should be decoded properly" classname="com.github.traderjoe95.mls.protocol.message.Messages" time="0.001"/>
  <testcase name="should round-trip to the same binary value" classname="com.github.traderjoe95.mls.protocol.message.Messages" time="0.0"/>
  <testcase name="should be decoded properly" classname="com.github.traderjoe95.mls.protocol.message.Messages" time="0.001"/>
  <testcase name="should round-trip to the same binary value" classname="com.github.traderjoe95.mls.protocol.message.Messages" time="0.0"/>
  <testcase name="should be decoded properly" classname="com.github.traderjoe95.mls.protocol.message.Messages" time="0.0"/>
  <testcase name="should round-trip to the same binary value" classname="com.github.traderjoe95.mls.protocol.message.Messages" time="0.0"/>
  <testcase name="should be decoded properly" classname="com.github.traderjoe95.mls.protocol.message.Messages" time="0.0"/>
  <testcase name="should round-trip to the same binary value" classname="com.github.traderjoe95.mls.protocol.message.Messages" time="0.0"/>
  <testcase name="should be decoded properly" classname="com.github.traderjoe95.mls.protocol.message.Messages" time="0.001"/>
  <testcase name="should round-trip to the same binary value" classname="com.github.traderjoe95.mls.protocol.message.Messages" time="0.0"/>
  <testcase name="should be decoded properly" classname="com.github.traderjoe95.mls.protocol.message.Messages" time="0.0"/>
  <testcase name="should round-trip to the same binary value" classname="com.github.traderjoe95.mls.protocol.message.Messages" time="0.0"/>
  <testcase name="should be decoded properly" classname="com.github.traderjoe95.mls.protocol.message.Messages" time="0.0"/>
  <testcase name="should round-trip to the same binary value" classname="com.github.traderjoe95.mls.protocol.message.Messages" time="0.0"/>
  <testcase name="should be decoded properly" classname="com.github.traderjoe95.mls.protocol.message.Messages" time="0.0"/>
  <testcase name="should round-trip to the same binary value" classname="com.github.traderjoe95.mls.protocol.message.Messages" time="0.0"/>
  <testcase name="should be decoded properly" classname="com.github.traderjoe95.mls.protocol.message.Messages" time="0.0"/>
  <testcase name="should round-trip to the same binary value" classname="com.github.traderjoe95.mls.protocol.message.Messages" time="0.0"/>
  <testcase name="should be decoded properly" classname="com.github.traderjoe95.mls.protocol.message.Messages" time="0.0"/>
  <testcase name="should round-trip to the same binary value" classname="com.github.traderjoe95.mls.protocol.message.Messages" time="0.0"/>
  <testcase name="should be decoded properly" classname="com.github.traderjoe95.mls.protocol.message.Messages" time="0.001"/>
  <testcase name="should round-trip to the same binary value" classname="com.github.traderjoe95.mls.protocol.message.Messages" time="0.0"/>
  <testcase name="should be decoded properly" classname="com.github.traderjoe95.mls.protocol.message.Messages" time="0.0"/>
  <testcase name="should round-trip to the same binary value" classname="com.github.traderjoe95.mls.protocol.message.Messages" time="0.0"/>
  <testcase name="should be decoded properly" classname="com.github.traderjoe95.mls.protocol.message.Messages" time="0.0"/>
  <testcase name="should round-trip to the same binary value" classname="com.github.traderjoe95.mls.protocol.message.Messages" time="0.0"/>
  <testcase name="should be decoded properly" classname="com.github.traderjoe95.mls.protocol.message.Messages" time="0.0"/>
  <testcase name="should round-trip to the same binary value" classname="com.github.traderjoe95.mls.protocol.message.Messages" time="0.0"/>
  <testcase name="should be decoded properly" classname="com.github.traderjoe95.mls.protocol.message.Messages" time="0.0"/>
  <testcase name="should round-trip to the same binary value" classname="com.github.traderjoe95.mls.protocol.message.Messages" time="0.0"/>
  <testcase name="should be decoded properly" classname="com.github.traderjoe95.mls.protocol.message.Messages" time="0.001"/>
  <testcase name="should round-trip to the same binary value" classname="com.github.traderjoe95.mls.protocol.message.Messages" time="0.0"/>
  <testcase name="should be decoded properly" classname="com.github.traderjoe95.mls.protocol.message.Messages" time="0.0"/>
  <testcase name="should round-trip to the same binary value" classname="com.github.traderjoe95.mls.protocol.message.Messages" time="0.0"/>
  <testcase name="should be decoded properly" classname="com.github.traderjoe95.mls.protocol.message.Messages" time="0.0"/>
  <testcase name="should round-trip to the same binary value" classname="com.github.traderjoe95.mls.protocol.message.Messages" time="0.0"/>
  <testcase name="should be decoded properly" classname="com.github.traderjoe95.mls.protocol.message.Messages" time="0.0"/>
  <testcase name="should round-trip to the same binary value" classname="com.github.traderjoe95.mls.protocol.message.Messages" time="0.0"/>
  <testcase name="should be decoded properly" classname="com.github.traderjoe95.mls.protocol.message.Messages" time="0.0"/>
  <testcase name="should round-trip to the same binary value" classname="com.github.traderjoe95.mls.protocol.message.Messages" time="0.0"/>
  <testcase name="should be decoded properly" classname="com.github.traderjoe95.mls.protocol.message.Messages" time="0.0"/>
  <testcase name="should round-trip to the same binary value" classname="com.github.traderjoe95.mls.protocol.message.Messages" time="0.0"/>
  <testcase name="should be decoded properly" classname="com.github.traderjoe95.mls.protocol.message.Messages" time="0.0"/>
  <testcase name="should round-trip to the same binary value" classname="com.github.traderjoe95.mls.protocol.message.Messages" time="0.0"/>
  <testcase name="should be decoded properly" classname="com.github.traderjoe95.mls.protocol.message.Messages" time="0.001"/>
  <testcase name="should round-trip to the same binary value" classname="com.github.traderjoe95.mls.protocol.message.Messages" time="0.0"/>
  <testcase name="should be decoded properly" classname="com.github.traderjoe95.mls.protocol.message.Messages" time="0.0"/>
  <testcase name="should round-trip to the same binary value" classname="com.github.traderjoe95.mls.protocol.message.Messages" time="0.0"/>
  <testcase name="should be decoded properly" classname="com.github.traderjoe95.mls.protocol.message.Messages" time="0.0"/>
  <testcase name="should round-trip to the same binary value" classname="com.github.traderjoe95.mls.protocol.message.Messages" time="0.0"/>
  <testcase name="should be decoded properly" classname="com.github.traderjoe95.mls.protocol.message.Messages" time="0.001"/>
  <testcase name="should round-trip to the same binary value" classname="com.github.traderjoe95.mls.protocol.message.Messages" time="0.0"/>
  <testcase name="should be decoded properly" classname="com.github.traderjoe95.mls.protocol.message.Messages" time="0.0"/>
  <testcase name="should round-trip to the same binary value" classname="com.github.traderjoe95.mls.protocol.message.Messages" time="0.0"/>
  <testcase name="should be decoded properly" classname="com.github.traderjoe95.mls.protocol.message.Messages" time="0.0"/>
  <testcase name="should round-trip to the same binary value" classname="com.github.traderjoe95.mls.protocol.message.Messages" time="0.0"/>
  <testcase name="should be decoded properly" classname="com.github.traderjoe95.mls.protocol.message.Messages" time="0.0"/>
  <testcase name="should round-trip to the same binary value" classname="com.github.traderjoe95.mls.protocol.message.Messages" time="0.0"/>
  <testcase name="should be decoded properly" classname="com.github.traderjoe95.mls.protocol.message.Messages" time="0.0"/>
  <testcase name="should round-trip to the same binary value" classname="com.github.traderjoe95.mls.protocol.message.Messages" time="0.0"/>
  <testcase name="should be decoded properly" classname="com.github.traderjoe95.mls.protocol.message.Messages" time="0.0"/>
  <testcase name="should round-trip to the same binary value" classname="com.github.traderjoe95.mls.protocol.message.Messages" time="0.001"/>
  <testcase name="should be decoded properly" classname="com.github.traderjoe95.mls.protocol.message.Messages" time="0.001"/>
  <testcase name="should round-trip to the same binary value" classname="com.github.traderjoe95.mls.protocol.message.Messages" time="0.0"/>
  <testcase name="should be decoded properly" classname="com.github.traderjoe95.mls.protocol.message.Messages" time="0.0"/>
  <testcase name="should round-trip to the same binary value" classname="com.github.traderjoe95.mls.protocol.message.Messages" time="0.0"/>
  <testcase name="should be decoded properly" classname="com.github.traderjoe95.mls.protocol.message.Messages" time="0.0"/>
  <testcase name="should round-trip to the same binary value" classname="com.github.traderjoe95.mls.protocol.message.Messages" time="0.001"/>
  <testcase name="should be decoded properly" classname="com.github.traderjoe95.mls.protocol.message.Messages" time="0.0"/>
  <testcase name="should round-trip to the same binary value" classname="com.github.traderjoe95.mls.protocol.message.Messages" time="0.0"/>
  <testcase name="should be decoded properly" classname="com.github.traderjoe95.mls.protocol.message.Messages" time="0.0"/>
  <testcase name="should round-trip to the same binary value" classname="com.github.traderjoe95.mls.protocol.message.Messages" time="0.0"/>
  <testcase name="should be decoded properly" classname="com.github.traderjoe95.mls.protocol.message.Messages" time="0.0"/>
  <testcase name="should round-trip to the same binary value" classname="com.github.traderjoe95.mls.protocol.message.Messages" time="0.0"/>
  <testcase name="should be decoded properly" classname="com.github.traderjoe95.mls.protocol.message.Messages" time="0.0"/>
  <testcase name="should round-trip to the same binary value" classname="com.github.traderjoe95.mls.protocol.message.Messages" time="0.001"/>
  <testcase name="should be decoded properly" classname="com.github.traderjoe95.mls.protocol.message.Messages" time="0.0"/>
  <testcase name="should round-trip to the same binary value" classname="com.github.traderjoe95.mls.protocol.message.Messages" time="0.0"/>
  <testcase name="should be decoded properly" classname="com.github.traderjoe95.mls.protocol.message.Messages" time="0.001"/>
  <testcase name="should round-trip to the same binary value" classname="com.github.traderjoe95.mls.protocol.message.Messages" time="0.0"/>
  <testcase name="should be decoded properly" classname="com.github.traderjoe95.mls.protocol.message.Messages" time="0.001"/>
  <testcase name="should round-trip to the same binary value" classname="com.github.traderjoe95.mls.protocol.message.Messages" time="0.0"/>
  <testcase name="should be decoded properly" classname="com.github.traderjoe95.mls.protocol.message.Messages" time="0.0"/>
  <testcase name="should round-trip to the same binary value" classname="com.github.traderjoe95.mls.protocol.message.Messages" time="0.0"/>
  <testcase name="should be decoded properly" classname="com.github.traderjoe95.mls.protocol.message.Messages" time="0.0"/>
  <testcase name="should round-trip to the same binary value" classname="com.github.traderjoe95.mls.protocol.message.Messages" time="0.001"/>
  <testcase name="should be decoded properly" classname="com.github.traderjoe95.mls.protocol.message.Messages" time="0.0"/>
  <testcase name="should round-trip to the same binary value" classname="com.github.traderjoe95.mls.protocol.message.Messages" time="0.0"/>
  <testcase name="should be decoded properly" classname="com.github.traderjoe95.mls.protocol.message.Messages" time="0.0"/>
  <testcase name="should round-trip to the same binary value" classname="com.github.traderjoe95.mls.protocol.message.Messages" time="0.001"/>
  <testcase name="should be decoded properly" classname="com.github.traderjoe95.mls.protocol.message.Messages" time="0.0"/>
  <testcase name="should round-trip to the same binary value" classname="com.github.traderjoe95.mls.protocol.message.Messages" time="0.0"/>
  <testcase name="should be decoded properly" classname="com.github.traderjoe95.mls.protocol.message.Messages" time="0.0"/>
  <testcase name="should round-trip to the same binary value" classname="com.github.traderjoe95.mls.protocol.message.Messages" time="0.0"/>
  <testcase name="should be decoded properly" classname="com.github.traderjoe95.mls.protocol.message.Messages" time="0.0"/>
  <testcase name="should round-trip to the same binary value" classname="com.github.traderjoe95.mls.protocol.message.Messages" time="0.0"/>
  <testcase name="should be decoded properly" classname="com.github.traderjoe95.mls.protocol.message.Messages" time="0.0"/>
  <testcase name="should round-trip to the same binary value" classname="com.github.traderjoe95.mls.protocol.message.Messages" time="0.0"/>
  <testcase name="should be decoded properly" classname="com.github.traderjoe95.mls.protocol.message.Messages" time="0.0"/>
  <testcase name="should round-trip to the same binary value" classname="com.github.traderjoe95.mls.protocol.message.Messages" time="0.0"/>
  <testcase name="should be decoded properly" classname="com.github.traderjoe95.mls.protocol.message.Messages" time="0.0"/>
  <testcase name="should round-trip to the same binary value" classname="com.github.traderjoe95.mls.protocol.message.Messages" time="0.0"/>
  <testcase name="should be decoded properly" classname="com.github.traderjoe95.mls.protocol.message.Messages" time="0.0"/>
  <testcase name="should round-trip to the same binary value" classname="com.github.traderjoe95.mls.protocol.message.Messages" time="0.0"/>
  <testcase name="should be decoded properly" classname="com.github.traderjoe95.mls.protocol.message.Messages" time="0.0"/>
  <testcase name="should round-trip to the same binary value" classname="com.github.traderjoe95.mls.protocol.message.Messages" time="0.0"/>
  <testcase name="should be decoded properly" classname="com.github.traderjoe95.mls.protocol.message.Messages" time="0.0"/>
  <testcase name="should round-trip to the same binary value" classname="com.github.traderjoe95.mls.protocol.message.Messages" time="0.0"/>
  <testcase name="should be decoded properly" classname="com.github.traderjoe95.mls.protocol.message.Messages" time="0.0"/>
  <testcase name="should round-trip to the same binary value" classname="com.github.traderjoe95.mls.protocol.message.Messages" time="0.001"/>
  <testcase name="should be decoded properly" classname="com.github.traderjoe95.mls.protocol.message.Messages" time="0.0"/>
  <testcase name="should round-trip to the same binary value" classname="com.github.traderjoe95.mls.protocol.message.Messages" time="0.0"/>
  <testcase name="should be decoded properly" classname="com.github.traderjoe95.mls.protocol.message.Messages" time="0.001"/>
  <testcase name="should round-trip to the same binary value" classname="com.github.traderjoe95.mls.protocol.message.Messages" time="0.0"/>
  <testcase name="should be decoded properly" classname="com.github.traderjoe95.mls.protocol.message.Messages" time="0.0"/>
  <testcase name="should round-trip to the same binary value" classname="com.github.traderjoe95.mls.protocol.message.Messages" time="0.0"/>
  <testcase name="should be decoded properly" classname="com.github.traderjoe95.mls.protocol.message.Messages" time="0.0"/>
  <testcase name="should round-trip to the same binary value" classname="com.github.traderjoe95.mls.protocol.message.Messages" time="0.0"/>
  <testcase name="should be decoded properly" classname="com.github.traderjoe95.mls.protocol.message.Messages" time="0.0"/>
  <testcase name="should round-trip to the same binary value" classname="com.github.traderjoe95.mls.protocol.message.Messages" time="0.0"/>
  <testcase name="should be decoded properly" classname="com.github.traderjoe95.mls.protocol.message.Messages" time="0.0"/>
  <testcase name="should round-trip to the same binary value" classname="com.github.traderjoe95.mls.protocol.message.Messages" time="0.0"/>
  <testcase name="should be decoded properly" classname="com.github.traderjoe95.mls.protocol.message.Messages" time="0.0"/>
  <testcase name="should round-trip to the same binary value" classname="com.github.traderjoe95.mls.protocol.message.Messages" time="0.0"/>
  <testcase name="should be decoded properly" classname="com.github.traderjoe95.mls.protocol.message.Messages" time="0.0"/>
  <testcase name="should round-trip to the same binary value" classname="com.github.traderjoe95.mls.protocol.message.Messages" time="0.0"/>
  <testcase name="should be decoded properly" classname="com.github.traderjoe95.mls.protocol.message.Messages" time="0.001"/>
  <testcase name="should round-trip to the same binary value" classname="com.github.traderjoe95.mls.protocol.message.Messages" time="0.0"/>
  <testcase name="should be decoded properly" classname="com.github.traderjoe95.mls.protocol.message.Messages" time="0.001"/>
  <testcase name="should round-trip to the same binary value" classname="com.github.traderjoe95.mls.protocol.message.Messages" time="0.0"/>
  <testcase name="should be decoded properly" classname="com.github.traderjoe95.mls.protocol.message.Messages" time="0.0"/>
  <testcase name="should round-trip to the same binary value" classname="com.github.traderjoe95.mls.protocol.message.Messages" time="0.0"/>
  <testcase name="should be decoded properly" classname="com.github.traderjoe95.mls.protocol.message.Messages" time="0.0"/>
  <testcase name="should round-trip to the same binary value" classname="com.github.traderjoe95.mls.protocol.message.Messages" time="0.0"/>
  <testcase name="should be decoded properly" classname="com.github.traderjoe95.mls.protocol.message.Messages" time="0.001"/>
  <testcase name="should round-trip to the same binary value" classname="com.github.traderjoe95.mls.protocol.message.Messages" time="0.0"/>
  <testcase name="should be decoded properly" classname="com.github.traderjoe95.mls.protocol.message.Messages" time="0.0"/>
  <testcase name="should round-trip to the same binary value" classname="com.github.traderjoe95.mls.protocol.message.Messages" time="0.0"/>
  <testcase name="should be decoded properly" classname="com.github.traderjoe95.mls.protocol.message.Messages" time="0.0"/>
  <testcase name="should round-trip to the same binary value" classname="com.github.traderjoe95.mls.protocol.message.Messages" time="0.0"/>
  <testcase name="should be decoded properly" classname="com.github.traderjoe95.mls.protocol.message.Messages" time="0.0"/>
  <testcase name="should round-trip to the same binary value" classname="com.github.traderjoe95.mls.protocol.message.Messages" time="0.0"/>
  <testcase name="should be decoded properly" classname="com.github.traderjoe95.mls.protocol.message.Messages" time="0.0"/>
  <testcase name="should round-trip to the same binary value" classname="com.github.traderjoe95.mls.protocol.message.Messages" time="0.001"/>
  <testcase name="should be decoded properly" classname="com.github.traderjoe95.mls.protocol.message.Messages" time="0.001"/>
  <testcase name="should round-trip to the same binary value" classname="com.github.traderjoe95.mls.protocol.message.Messages" time="0.0"/>
  <testcase name="should be decoded properly" classname="com.github.traderjoe95.mls.protocol.message.Messages" time="0.0"/>
  <testcase name="should round-trip to the same binary value" classname="com.github.traderjoe95.mls.protocol.message.Messages" time="0.0"/>
  <testcase name="should be decoded properly" classname="com.github.traderjoe95.mls.protocol.message.Messages" time="0.0"/>
  <testcase name="should round-trip to the same binary value" classname="com.github.traderjoe95.mls.protocol.message.Messages" time="0.0"/>
  <testcase name="should be decoded properly" classname="com.github.traderjoe95.mls.protocol.message.Messages" time="0.0"/>
  <testcase name="should round-trip to the same binary value" classname="com.github.traderjoe95.mls.protocol.message.Messages" time="0.0"/>
  <testcase name="should be decoded properly" classname="com.github.traderjoe95.mls.protocol.message.Messages" time="0.0"/>
  <testcase name="should round-trip to the same binary value" classname="com.github.traderjoe95.mls.protocol.message.Messages" time="0.0"/>
  <testcase name="should be decoded properly" classname="com.github.traderjoe95.mls.protocol.message.Messages" time="0.0"/>
  <testcase name="should round-trip to the same binary value" classname="com.github.traderjoe95.mls.protocol.message.Messages" time="0.0"/>
  <testcase name="should be decoded properly" classname="com.github.traderjoe95.mls.protocol.message.Messages" time="0.0"/>
  <testcase name="should round-trip to the same binary value" classname="com.github.traderjoe95.mls.protocol.message.Messages" time="0.0"/>
  <testcase name="should be decoded properly" classname="com.github.traderjoe95.mls.protocol.message.Messages" time="0.0"/>
  <testcase name="should round-trip to the same binary value" classname="com.github.traderjoe95.mls.protocol.message.Messages" time="0.0"/>
  <testcase name="should be decoded properly" classname="com.github.traderjoe95.mls.protocol.message.Messages" time="0.0"/>
  <testcase name="should round-trip to the same binary value" classname="com.github.traderjoe95.mls.protocol.message.Messages" time="0.0"/>
  <testcase name="should be decoded properly" classname="com.github.traderjoe95.mls.protocol.message.Messages" time="0.0"/>
  <testcase name="should round-trip to the same binary value" classname="com.github.traderjoe95.mls.protocol.message.Messages" time="0.0"/>
  <testcase name="should be decoded properly" classname="com.github.traderjoe95.mls.protocol.message.Messages" time="0.0"/>
  <testcase name="should round-trip to the same binary value" classname="com.github.traderjoe95.mls.protocol.message.Messages" time="0.0"/>
  <testcase name="should be decoded properly" classname="com.github.traderjoe95.mls.protocol.message.Messages" time="0.0"/>
  <testcase name="should round-trip to the same binary value" classname="com.github.traderjoe95.mls.protocol.message.Messages" time="0.001"/>
  <testcase name="should be decoded properly" classname="com.github.traderjoe95.mls.protocol.message.Messages" time="0.0"/>
  <testcase name="should round-trip to the same binary value" classname="com.github.traderjoe95.mls.protocol.message.Messages" time="0.0"/>
  <testcase name="should be decoded properly" classname="com.github.traderjoe95.mls.protocol.message.Messages" time="0.001"/>
  <testcase name="should round-trip to the same binary value" classname="com.github.traderjoe95.mls.protocol.message.Messages" time="0.001"/>
  <testcase name="should be decoded properly" classname="com.github.traderjoe95.mls.protocol.message.Messages" time="0.0"/>
  <testcase name="should round-trip to the same binary value" classname="com.github.traderjoe95.mls.protocol.message.Messages" time="0.0"/>
  <testcase name="should be decoded properly" classname="com.github.traderjoe95.mls.protocol.message.Messages" time="0.001"/>
  <testcase name="should round-trip to the same binary value" classname="com.github.traderjoe95.mls.protocol.message.Messages" time="0.001"/>
  <testcase name="should be decoded properly" classname="com.github.traderjoe95.mls.protocol.message.Messages" time="0.0"/>
  <testcase name="should round-trip to the same binary value" classname="com.github.traderjoe95.mls.protocol.message.Messages" time="0.0"/>
  <testcase name="should be decoded properly" classname="com.github.traderjoe95.mls.protocol.message.Messages" time="0.0"/>
  <testcase name="should round-trip to the same binary value" classname="com.github.traderjoe95.mls.protocol.message.Messages" time="0.001"/>
  <testcase name="should be decoded properly" classname="com.github.traderjoe95.mls.protocol.message.Messages" time="0.0"/>
  <testcase name="should round-trip to the same binary value" classname="com.github.traderjoe95.mls.protocol.message.Messages" time="0.0"/>
  <testcase name="should be decoded properly" classname="com.github.traderjoe95.mls.protocol.message.Messages" time="0.0"/>
  <testcase name="should round-trip to the same binary value" classname="com.github.traderjoe95.mls.protocol.message.Messages" time="0.0"/>
  <testcase name="should be decoded properly" classname="com.github.traderjoe95.mls.protocol.message.Messages" time="0.0"/>
  <testcase name="should round-trip to the same binary value" classname="com.github.traderjoe95.mls.protocol.message.Messages" time="0.0"/>
  <testcase name="should be decoded properly" classname="com.github.traderjoe95.mls.protocol.message.Messages" time="0.0"/>
  <testcase name="should round-trip to the same binary value" classname="com.github.traderjoe95.mls.protocol.message.Messages" time="0.0"/>
  <testcase name="should be decoded properly" classname="com.github.traderjoe95.mls.protocol.message.Messages" time="0.0"/>
  <testcase name="should round-trip to the same binary value" classname="com.github.traderjoe95.mls.protocol.message.Messages" time="0.001"/>
  <testcase name="should be decoded properly" classname="com.github.traderjoe95.mls.protocol.message.Messages" time="0.001"/>
  <testcase name="should round-trip to the same binary value" classname="com.github.traderjoe95.mls.protocol.message.Messages" time="0.0"/>
  <testcase name="should be decoded properly" classname="com.github.traderjoe95.mls.protocol.message.Messages" time="0.0"/>
  <testcase name="should round-trip to the same binary value" classname="com.github.traderjoe95.mls.protocol.message.Messages" time="0.0"/>
  <testcase name="should be decoded properly" classname="com.github.traderjoe95.mls.protocol.message.Messages" time="0.001"/>
  <testcase name="should round-trip to the same binary value" classname="com.github.traderjoe95.mls.protocol.message.Messages" time="0.0"/>
  <testcase name="should be decoded properly" classname="com.github.traderjoe95.mls.protocol.message.Messages" time="0.0"/>
  <testcase name="should round-trip to the same binary value" classname="com.github.traderjoe95.mls.protocol.message.Messages" time="0.0"/>
  <testcase name="should be decoded properly" classname="com.github.traderjoe95.mls.protocol.message.Messages" time="0.0"/>
  <testcase name="should round-trip to the same binary value" classname="com.github.traderjoe95.mls.protocol.message.Messages" time="0.0"/>
  <testcase name="should be decoded properly" classname="com.github.traderjoe95.mls.protocol.message.Messages" time="0.0"/>
  <testcase name="should round-trip to the same binary value" classname="com.github.traderjoe95.mls.protocol.message.Messages" time="0.0"/>
  <testcase name="should be decoded properly" classname="com.github.traderjoe95.mls.protocol.message.Messages" time="0.0"/>
  <testcase name="should round-trip to the same binary value" classname="com.github.traderjoe95.mls.protocol.message.Messages" time="0.0"/>
  <testcase name="should be decoded properly" classname="com.github.traderjoe95.mls.protocol.message.Messages" time="0.0"/>
  <testcase name="should round-trip to the same binary value" classname="com.github.traderjoe95.mls.protocol.message.Messages" time="0.001"/>
  <testcase name="should be decoded properly" classname="com.github.traderjoe95.mls.protocol.message.Messages" time="0.001"/>
  <testcase name="should round-trip to the same binary value" classname="com.github.traderjoe95.mls.protocol.message.Messages" time="0.0"/>
  <testcase name="should be decoded properly" classname="com.github.traderjoe95.mls.protocol.message.Messages" time="0.0"/>
  <testcase name="should round-trip to the same binary value" classname="com.github.traderjoe95.mls.protocol.message.Messages" time="0.0"/>
  <testcase name="should be decoded properly" classname="com.github.traderjoe95.mls.protocol.message.Messages" time="0.0"/>
  <testcase name="should round-trip to the same binary value" classname="com.github.traderjoe95.mls.protocol.message.Messages" time="0.0"/>
  <testcase name="should be decoded properly" classname="com.github.traderjoe95.mls.protocol.message.Messages" time="0.0"/>
  <testcase name="should round-trip to the same binary value" classname="com.github.traderjoe95.mls.protocol.message.Messages" time="0.0"/>
  <testcase name="should be decoded properly" classname="com.github.traderjoe95.mls.protocol.message.Messages" time="0.0"/>
  <testcase name="should round-trip to the same binary value" classname="com.github.traderjoe95.mls.protocol.message.Messages" time="0.0"/>
  <testcase name="should be decoded properly" classname="com.github.traderjoe95.mls.protocol.message.Messages" time="0.0"/>
  <testcase name="should round-trip to the same binary value" classname="com.github.traderjoe95.mls.protocol.message.Messages" time="0.0"/>
  <testcase name="should be decoded properly" classname="com.github.traderjoe95.mls.protocol.message.Messages" time="0.0"/>
  <testcase name="should round-trip to the same binary value" classname="com.github.traderjoe95.mls.protocol.message.Messages" time="0.0"/>
  <testcase name="should be decoded properly" classname="com.github.traderjoe95.mls.protocol.message.Messages" time="0.0"/>
  <testcase name="should round-trip to the same binary value" classname="com.github.traderjoe95.mls.protocol.message.Messages" time="0.0"/>
  <testcase name="should be decoded properly" classname="com.github.traderjoe95.mls.protocol.message.Messages" time="0.0"/>
  <testcase name="should round-trip to the same binary value" classname="com.github.traderjoe95.mls.protocol.message.Messages" time="0.0"/>
  <testcase name="should be decoded properly" classname="com.github.traderjoe95.mls.protocol.message.Messages" time="0.001"/>
  <testcase name="should round-trip to the same binary value" classname="com.github.traderjoe95.mls.protocol.message.Messages" time="0.0"/>
  <testcase name="should be decoded properly" classname="com.github.traderjoe95.mls.protocol.message.Messages" time="0.0"/>
  <testcase name="should round-trip to the same binary value" classname="com.github.traderjoe95.mls.protocol.message.Messages" time="0.0"/>
  <testcase name="should be decoded properly" classname="com.github.traderjoe95.mls.protocol.message.Messages" time="0.0"/>
  <testcase name="should round-trip to the same binary value" classname="com.github.traderjoe95.mls.protocol.message.Messages" time="0.0"/>
  <testcase name="should be decoded properly" classname="com.github.traderjoe95.mls.protocol.message.Messages" time="0.0"/>
  <testcase name="should round-trip to the same binary value" classname="com.github.traderjoe95.mls.protocol.message.Messages" time="0.0"/>
  <testcase name="should be decoded properly" classname="com.github.traderjoe95.mls.protocol.message.Messages" time="0.0"/>
  <testcase name="should round-trip to the same binary value" classname="com.github.traderjoe95.mls.protocol.message.Messages" time="0.0"/>
  <testcase name="should be decoded properly" classname="com.github.traderjoe95.mls.protocol.message.Messages" time="0.0"/>
  <testcase name="should round-trip to the same binary value" classname="com.github.traderjoe95.mls.protocol.message.Messages" time="0.0"/>
  <testcase name="should be decoded properly" classname="com.github.traderjoe95.mls.protocol.message.Messages" time="0.0"/>
  <testcase name="should round-trip to the same binary value" classname="com.github.traderjoe95.mls.protocol.message.Messages" time="0.001"/>
  <testcase name="should be decoded properly" classname="com.github.traderjoe95.mls.protocol.message.Messages" time="0.0"/>
  <testcase name="should round-trip to the same binary value" classname="com.github.traderjoe95.mls.protocol.message.Messages" time="0.0"/>
  <testcase name="should be decoded properly" classname="com.github.traderjoe95.mls.protocol.message.Messages" time="0.0"/>
  <testcase name="should round-trip to the same binary value" classname="com.github.traderjoe95.mls.protocol.message.Messages" time="0.0"/>
  <testcase name="should be decoded properly" classname="com.github.traderjoe95.mls.protocol.message.Messages" time="0.0"/>
  <testcase name="should round-trip to the same binary value" classname="com.github.traderjoe95.mls.protocol.message.Messages" time="0.0"/>
  <testcase name="should be decoded properly" classname="com.github.traderjoe95.mls.protocol.message.Messages" time="0.0"/>
  <testcase name="should round-trip to the same binary value" classname="com.github.traderjoe95.mls.protocol.message.Messages" time="0.001"/>
  <testcase name="should be decoded properly" classname="com.github.traderjoe95.mls.protocol.message.Messages" time="0.0"/>
  <testcase name="should round-trip to the same binary value" classname="com.github.traderjoe95.mls.protocol.message.Messages" time="0.0"/>
  <testcase name="should be decoded properly" classname="com.github.traderjoe95.mls.protocol.message.Messages" time="0.0"/>
  <testcase name="should round-trip to the same binary value" classname="com.github.traderjoe95.mls.protocol.message.Messages" time="0.0"/>
  <testcase name="should be decoded properly" classname="com.github.traderjoe95.mls.protocol.message.Messages" time="0.0"/>
  <testcase name="should round-trip to the same binary value" classname="com.github.traderjoe95.mls.protocol.message.Messages" time="0.001"/>
  <testcase name="should be decoded properly" classname="com.github.traderjoe95.mls.protocol.message.Messages" time="0.001"/>
  <testcase name="should round-trip to the same binary value" classname="com.github.traderjoe95.mls.protocol.message.Messages" time="0.0"/>
  <testcase name="should be decoded properly" classname="com.github.traderjoe95.mls.protocol.message.Messages" time="0.0"/>
  <testcase name="should round-trip to the same binary value" classname="com.github.traderjoe95.mls.protocol.message.Messages" time="0.0"/>
  <testcase name="should be decoded properly" classname="com.github.traderjoe95.mls.protocol.message.Messages" time="0.0"/>
  <testcase name="should round-trip to the same binary value" classname="com.github.traderjoe95.mls.protocol.message.Messages" time="0.0"/>
  <testcase name="should be decoded properly" classname="com.github.traderjoe95.mls.protocol.message.Messages" time="0.0"/>
  <testcase name="should round-trip to the same binary value" classname="com.github.traderjoe95.mls.protocol.message.Messages" time="0.0"/>
  <testcase name="should be decoded properly" classname="com.github.traderjoe95.mls.protocol.message.Messages" time="0.0"/>
  <testcase name="should round-trip to the same binary value" classname="com.github.traderjoe95.mls.protocol.message.Messages" time="0.0"/>
  <testcase name="should be decoded properly" classname="com.github.traderjoe95.mls.protocol.message.Messages" time="0.0"/>
  <testcase name="should round-trip to the same binary value" classname="com.github.traderjoe95.mls.protocol.message.Messages" time="0.0"/>
  <testcase name="should be decoded properly" classname="com.github.traderjoe95.mls.protocol.message.Messages" time="0.0"/>
  <testcase name="should round-trip to the same binary value" classname="com.github.traderjoe95.mls.protocol.message.Messages" time="0.001"/>
  <testcase name="should be decoded properly" classname="com.github.traderjoe95.mls.protocol.message.Messages" time="0.0"/>
  <testcase name="should round-trip to the same binary value" classname="com.github.traderjoe95.mls.protocol.message.Messages" time="0.0"/>
  <testcase name="should be decoded properly" classname="com.github.traderjoe95.mls.protocol.message.Messages" time="0.0"/>
  <testcase name="should round-trip to the same binary value" classname="com.github.traderjoe95.mls.protocol.message.Messages" time="0.0"/>
  <testcase name="should be decoded properly" classname="com.github.traderjoe95.mls.protocol.message.Messages" time="0.0"/>
  <testcase name="should round-trip to the same binary value" classname="com.github.traderjoe95.mls.protocol.message.Messages" time="0.0"/>
  <testcase name="should be decoded properly" classname="com.github.traderjoe95.mls.protocol.message.Messages" time="0.0"/>
  <testcase name="should round-trip to the same binary value" classname="com.github.traderjoe95.mls.protocol.message.Messages" time="0.0"/>
  <testcase name="should be decoded properly" classname="com.github.traderjoe95.mls.protocol.message.Messages" time="0.0"/>
  <testcase name="should round-trip to the same binary value" classname="com.github.traderjoe95.mls.protocol.message.Messages" time="0.001"/>
  <testcase name="should be decoded properly" classname="com.github.traderjoe95.mls.protocol.message.Messages" time="0.0"/>
  <testcase name="should round-trip to the same binary value" classname="com.github.traderjoe95.mls.protocol.message.Messages" time="0.0"/>
  <testcase name="should be decoded properly" classname="com.github.traderjoe95.mls.protocol.message.Messages" time="0.0"/>
  <testcase name="should round-trip to the same binary value" classname="com.github.traderjoe95.mls.protocol.message.Messages" time="0.0"/>
  <testcase name="should be decoded properly" classname="com.github.traderjoe95.mls.protocol.message.Messages" time="0.001"/>
  <testcase name="should round-trip to the same binary value" classname="com.github.traderjoe95.mls.protocol.message.Messages" time="0.001"/>
  <testcase name="should be decoded properly" classname="com.github.traderjoe95.mls.protocol.message.Messages" time="0.0"/>
  <testcase name="should round-trip to the same binary value" classname="com.github.traderjoe95.mls.protocol.message.Messages" time="0.0"/>
  <testcase name="should be decoded properly" classname="com.github.traderjoe95.mls.protocol.message.Messages" time="0.0"/>
  <testcase name="should round-trip to the same binary value" classname="com.github.traderjoe95.mls.protocol.message.Messages" time="0.0"/>
  <testcase name="should be decoded properly" classname="com.github.traderjoe95.mls.protocol.message.Messages" time="0.001"/>
  <testcase name="should round-trip to the same binary value" classname="com.github.traderjoe95.mls.protocol.message.Messages" time="0.0"/>
  <testcase name="should be decoded properly" classname="com.github.traderjoe95.mls.protocol.message.Messages" time="0.001"/>
  <testcase name="should round-trip to the same binary value" classname="com.github.traderjoe95.mls.protocol.message.Messages" time="0.001"/>
  <testcase name="should be decoded properly" classname="com.github.traderjoe95.mls.protocol.message.Messages" time="0.0"/>
  <testcase name="should round-trip to the same binary value" classname="com.github.traderjoe95.mls.protocol.message.Messages" time="0.0"/>
  <testcase name="should be decoded properly" classname="com.github.traderjoe95.mls.protocol.message.Messages" time="0.0"/>
  <testcase name="should round-trip to the same binary value" classname="com.github.traderjoe95.mls.protocol.message.Messages" time="0.0"/>
  <testcase name="should be decoded properly" classname="com.github.traderjoe95.mls.protocol.message.Messages" time="0.0"/>
  <testcase name="should round-trip to the same binary value" classname="com.github.traderjoe95.mls.protocol.message.Messages" time="0.0"/>
  <testcase name="should be decoded properly" classname="com.github.traderjoe95.mls.protocol.message.Messages" time="0.0"/>
  <testcase name="should round-trip to the same binary value" classname="com.github.traderjoe95.mls.protocol.message.Messages" time="0.0"/>
  <testcase name="should be decoded properly" classname="com.github.traderjoe95.mls.protocol.message.Messages" time="0.0"/>
  <testcase name="should round-trip to the same binary value" classname="com.github.traderjoe95.mls.protocol.message.Messages" time="0.0"/>
  <testcase name="should be decoded properly" classname="com.github.traderjoe95.mls.protocol.message.Messages" time="0.0"/>
  <testcase name="should round-trip to the same binary value" classname="com.github.traderjoe95.mls.protocol.message.Messages" time="0.001"/>
  <testcase name="should be decoded properly" classname="com.github.traderjoe95.mls.protocol.message.Messages" time="0.0"/>
  <testcase name="should round-trip to the same binary value" classname="com.github.traderjoe95.mls.protocol.message.Messages" time="0.0"/>
  <testcase name="should be decoded properly" classname="com.github.traderjoe95.mls.protocol.message.Messages" time="0.0"/>
  <testcase name="should round-trip to the same binary value" classname="com.github.traderjoe95.mls.protocol.message.Messages" time="0.001"/>
  <testcase name="should be decoded properly" classname="com.github.traderjoe95.mls.protocol.message.Messages" time="0.0"/>
  <testcase name="should round-trip to the same binary value" classname="com.github.traderjoe95.mls.protocol.message.Messages" time="0.0"/>
  <testcase name="should be decoded properly" classname="com.github.traderjoe95.mls.protocol.message.Messages" time="0.0"/>
  <testcase name="should round-trip to the same binary value" classname="com.github.traderjoe95.mls.protocol.message.Messages" time="0.0"/>
  <testcase name="should be decoded properly" classname="com.github.traderjoe95.mls.protocol.message.Messages" time="0.0"/>
  <testcase name="should round-trip to the same binary value" classname="com.github.traderjoe95.mls.protocol.message.Messages" time="0.0"/>
  <testcase name="should be decoded properly" classname="com.github.traderjoe95.mls.protocol.message.Messages" time="0.0"/>
  <testcase name="should round-trip to the same binary value" classname="com.github.traderjoe95.mls.protocol.message.Messages" time="0.001"/>
  <testcase name="should be decoded properly" classname="com.github.traderjoe95.mls.protocol.message.Messages" time="0.0"/>
  <testcase name="should round-trip to the same binary value" classname="com.github.traderjoe95.mls.protocol.message.Messages" time="0.0"/>
  <testcase name="should be decoded properly" classname="com.github.traderjoe95.mls.protocol.message.Messages" time="0.0"/>
  <testcase name="should round-trip to the same binary value" classname="com.github.traderjoe95.mls.protocol.message.Messages" time="0.0"/>
  <testcase name="should be decoded properly" classname="com.github.traderjoe95.mls.protocol.message.Messages" time="0.0"/>
  <testcase name="should round-trip to the same binary value" classname="com.github.traderjoe95.mls.protocol.message.Messages" time="0.0"/>
  <testcase name="should be decoded properly" classname="com.github.traderjoe95.mls.protocol.message.Messages" time="0.0"/>
  <testcase name="should round-trip to the same binary value" classname="com.github.traderjoe95.mls.protocol.message.Messages" time="0.0"/>
  <testcase name="should be decoded properly" classname="com.github.traderjoe95.mls.protocol.message.Messages" time="0.0"/>
  <testcase name="should round-trip to the same binary value" classname="com.github.traderjoe95.mls.protocol.message.Messages" time="0.001"/>
  <testcase name="should be decoded properly" classname="com.github.traderjoe95.mls.protocol.message.Messages" time="0.0"/>
  <testcase name="should round-trip to the same binary value" classname="com.github.traderjoe95.mls.protocol.message.Messages" time="0.0"/>
  <testcase name="should be decoded properly" classname="com.github.traderjoe95.mls.protocol.message.Messages" time="0.0"/>
  <testcase name="should round-trip to the same binary value" classname="com.github.traderjoe95.mls.protocol.message.Messages" time="0.0"/>
  <testcase name="should be decoded properly" classname="com.github.traderjoe95.mls.protocol.message.Messages" time="0.0"/>
  <testcase name="should round-trip to the same binary value" classname="com.github.traderjoe95.mls.protocol.message.Messages" time="0.0"/>
  <testcase name="should be decoded properly" classname="com.github.traderjoe95.mls.protocol.message.Messages" time="0.0"/>
  <testcase name="should round-trip to the same binary value" classname="com.github.traderjoe95.mls.protocol.message.Messages" time="0.0"/>
  <testcase name="should be decoded properly" classname="com.github.traderjoe95.mls.protocol.message.Messages" time="0.001"/>
  <testcase name="should round-trip to the same binary value" classname="com.github.traderjoe95.mls.protocol.message.Messages" time="0.0"/>
  <testcase name="should be decoded properly" classname="com.github.traderjoe95.mls.protocol.message.Messages" time="0.0"/>
  <testcase name="should round-trip to the same binary value" classname="com.github.traderjoe95.mls.protocol.message.Messages" time="0.0"/>
  <testcase name="should be decoded properly" classname="com.github.traderjoe95.mls.protocol.message.Messages" time="0.0"/>
  <testcase name="should round-trip to the same binary value" classname="com.github.traderjoe95.mls.protocol.message.Messages" time="0.0"/>
  <testcase name="should be decoded properly" classname="com.github.traderjoe95.mls.protocol.message.Messages" time="0.0"/>
  <testcase name="should round-trip to the same binary value" classname="com.github.traderjoe95.mls.protocol.message.Messages" time="0.0"/>
  <testcase name="should be decoded properly" classname="com.github.traderjoe95.mls.protocol.message.Messages" time="0.0"/>
  <testcase name="should round-trip to the same binary value" classname="com.github.traderjoe95.mls.protocol.message.Messages" time="0.001"/>
  <testcase name="should be decoded properly" classname="com.github.traderjoe95.mls.protocol.message.Messages" time="0.0"/>
  <testcase name="should round-trip to the same binary value" classname="com.github.traderjoe95.mls.protocol.message.Messages" time="0.0"/>
  <testcase name="should be decoded properly" classname="com.github.traderjoe95.mls.protocol.message.Messages" time="0.0"/>
  <testcase name="should round-trip to the same binary value" classname="com.github.traderjoe95.mls.protocol.message.Messages" time="0.001"/>
  <testcase name="should be decoded properly" classname="com.github.traderjoe95.mls.protocol.message.Messages" time="0.0"/>
  <testcase name="should round-trip to the same binary value" classname="com.github.traderjoe95.mls.protocol.message.Messages" time="0.0"/>
  <testcase name="should be decoded properly" classname="com.github.traderjoe95.mls.protocol.message.Messages" time="0.0"/>
  <testcase name="should round-trip to the same binary value" classname="com.github.traderjoe95.mls.protocol.message.Messages" time="0.001"/>
  <testcase name="should be decoded properly" classname="com.github.traderjoe95.mls.protocol.message.Messages" time="0.0"/>
  <testcase name="should round-trip to the same binary value" classname="com.github.traderjoe95.mls.protocol.message.Messages" time="0.0"/>
  <testcase name="should be decoded properly" classname="com.github.traderjoe95.mls.protocol.message.Messages" time="0.0"/>
  <testcase name="should round-trip to the same binary value" classname="com.github.traderjoe95.mls.protocol.message.Messages" time="0.0"/>
  <testcase name="should be decoded properly" classname="com.github.traderjoe95.mls.protocol.message.Messages" time="0.0"/>
  <testcase name="should round-trip to the same binary value" classname="com.github.traderjoe95.mls.protocol.message.Messages" time="0.0"/>
  <testcase name="should be decoded properly" classname="com.github.traderjoe95.mls.protocol.message.Messages" time="0.0"/>
  <testcase name="should round-trip to the same binary value" classname="com.github.traderjoe95.mls.protocol.message.Messages" time="0.0"/>
  <testcase name="should be decoded properly" classname="com.github.traderjoe95.mls.protocol.message.Messages" time="0.0"/>
  <testcase name="should round-trip to the same binary value" classname="com.github.traderjoe95.mls.protocol.message.Messages" time="0.001"/>
  <testcase name="should be decoded properly" classname="com.github.traderjoe95.mls.protocol.message.Messages" time="0.0"/>
  <testcase name="should round-trip to the same binary value" classname="com.github.traderjoe95.mls.protocol.message.Messages" time="0.0"/>
  <testcase name="should be decoded properly" classname="com.github.traderjoe95.mls.protocol.message.Messages" time="0.0"/>
  <testcase name="should round-trip to the same binary value" classname="com.github.traderjoe95.mls.protocol.message.Messages" time="0.001"/>
  <testcase name="should be decoded properly" classname="com.github.traderjoe95.mls.protocol.message.Messages" time="0.0"/>
  <testcase name="should round-trip to the same binary value" classname="com.github.traderjoe95.mls.protocol.message.Messages" time="0.0"/>
  <testcase name="should be decoded properly" classname="com.github.traderjoe95.mls.protocol.message.Messages" time="0.0"/>
  <testcase name="should round-trip to the same binary value" classname="com.github.traderjoe95.mls.protocol.message.Messages" time="0.0"/>
  <testcase name="should be decoded properly" classname="com.github.traderjoe95.mls.protocol.message.Messages" time="0.0"/>
  <testcase name="should round-trip to the same binary value" classname="com.github.traderjoe95.mls.protocol.message.Messages" time="0.0"/>
  <testcase name="should be decoded properly" classname="com.github.traderjoe95.mls.protocol.message.Messages" time="0.0"/>
  <testcase name="should round-trip to the same binary value" classname="com.github.traderjoe95.mls.protocol.message.Messages" time="0.0"/>
  <testcase name="should be decoded properly" classname="com.github.traderjoe95.mls.protocol.message.Messages" time="0.0"/>
  <testcase name="should round-trip to the same binary value" classname="com.github.traderjoe95.mls.protocol.message.Messages" time="0.0"/>
  <testcase name="should be decoded properly" classname="com.github.traderjoe95.mls.protocol.message.Messages" time="0.0"/>
  <testcase name="should round-trip to the same binary value" classname="com.github.traderjoe95.mls.protocol.message.Messages" time="0.0"/>
  <testcase name="should be decoded properly" classname="com.github.traderjoe95.mls.protocol.message.Messages" time="0.0"/>
  <testcase name="should round-trip to the same binary value" classname="com.github.traderjoe95.mls.protocol.message.Messages" time="0.0"/>
  <testcase name="should be decoded properly" classname="com.github.traderjoe95.mls.protocol.message.Messages" time="0.0"/>
  <testcase name="should round-trip to the same binary value" classname="com.github.traderjoe95.mls.protocol.message.Messages" time="0.0"/>
  <testcase name="should be decoded properly" classname="com.github.traderjoe95.mls.protocol.message.Messages" time="0.0"/>
  <testcase name="should round-trip to the same binary value" classname="com.github.traderjoe95.mls.protocol.message.Messages" time="0.0"/>
  <testcase name="should be decoded properly" classname="com.github.traderjoe95.mls.protocol.message.Messages" time="0.001"/>
  <testcase name="should round-trip to the same binary value" classname="com.github.traderjoe95.mls.protocol.message.Messages" time="0.0"/>
  <testcase name="should be decoded properly" classname="com.github.traderjoe95.mls.protocol.message.Messages" time="0.0"/>
  <testcase name="should round-trip to the same binary value" classname="com.github.traderjoe95.mls.protocol.message.Messages" time="0.0"/>
  <testcase name="should be decoded properly" classname="com.github.traderjoe95.mls.protocol.message.Messages" time="0.0"/>
  <testcase name="should round-trip to the same binary value" classname="com.github.traderjoe95.mls.protocol.message.Messages" time="0.0"/>
  <testcase name="should be decoded properly" classname="com.github.traderjoe95.mls.protocol.message.Messages" time="0.0"/>
  <testcase name="should round-trip to the same binary value" classname="com.github.traderjoe95.mls.protocol.message.Messages" time="0.0"/>
  <testcase name="should be decoded properly" classname="com.github.traderjoe95.mls.protocol.message.Messages" time="0.001"/>
  <testcase name="should round-trip to the same binary value" classname="com.github.traderjoe95.mls.protocol.message.Messages" time="0.0"/>
  <testcase name="should be decoded properly" classname="com.github.traderjoe95.mls.protocol.message.Messages" time="0.0"/>
  <testcase name="should round-trip to the same binary value" classname="com.github.traderjoe95.mls.protocol.message.Messages" time="0.0"/>
  <testcase name="should be decoded properly" classname="com.github.traderjoe95.mls.protocol.message.Messages" time="0.0"/>
  <testcase name="should round-trip to the same binary value" classname="com.github.traderjoe95.mls.protocol.message.Messages" time="0.0"/>
  <testcase name="should be decoded properly" classname="com.github.traderjoe95.mls.protocol.message.Messages" time="0.0"/>
  <testcase name="should round-trip to the same binary value" classname="com.github.traderjoe95.mls.protocol.message.Messages" time="0.0"/>
  <testcase name="should be decoded properly" classname="com.github.traderjoe95.mls.protocol.message.Messages" time="0.0"/>
  <testcase name="should round-trip to the same binary value" classname="com.github.traderjoe95.mls.protocol.message.Messages" time="0.0"/>
  <testcase name="should be decoded properly" classname="com.github.traderjoe95.mls.protocol.message.Messages" time="0.0"/>
  <testcase name="should round-trip to the same binary value" classname="com.github.traderjoe95.mls.protocol.message.Messages" time="0.0"/>
  <testcase name="should be decoded properly" classname="com.github.traderjoe95.mls.protocol.message.Messages" time="0.0"/>
  <testcase name="should round-trip to the same binary value" classname="com.github.traderjoe95.mls.protocol.message.Messages" time="0.0"/>
  <testcase name="should be decoded properly" classname="com.github.traderjoe95.mls.protocol.message.Messages" time="0.0"/>
  <testcase name="should round-trip to the same binary value" classname="com.github.traderjoe95.mls.protocol.message.Messages" time="0.0"/>
  <testcase name="should be decoded properly" classname="com.github.traderjoe95.mls.protocol.message.Messages" time="0.0"/>
  <testcase name="should round-trip to the same binary value" classname="com.github.traderjoe95.mls.protocol.message.Messages" time="0.0"/>
  <testcase name="should be decoded properly" classname="com.github.traderjoe95.mls.protocol.message.Messages" time="0.001"/>
  <testcase name="should round-trip to the same binary value" classname="com.github.traderjoe95.mls.protocol.message.Messages" time="0.0"/>
  <testcase name="should be decoded properly" classname="com.github.traderjoe95.mls.protocol.message.Messages" time="0.0"/>
  <testcase name="should round-trip to the same binary value" classname="com.github.traderjoe95.mls.protocol.message.Messages" time="0.0"/>
  <testcase name="should be decoded properly" classname="com.github.traderjoe95.mls.protocol.message.Messages" time="0.0"/>
  <testcase name="should round-trip to the same binary value" classname="com.github.traderjoe95.mls.protocol.message.Messages" time="0.0"/>
  <testcase name="should be decoded properly" classname="com.github.traderjoe95.mls.protocol.message.Messages" time="0.001"/>
  <testcase name="should round-trip to the same binary value" classname="com.github.traderjoe95.mls.protocol.message.Messages" time="0.001"/>
  <testcase name="should be decoded properly" classname="com.github.traderjoe95.mls.protocol.message.Messages" time="0.0"/>
  <testcase name="should round-trip to the same binary value" classname="com.github.traderjoe95.mls.protocol.message.Messages" time="0.0"/>
  <testcase name="should be decoded properly" classname="com.github.traderjoe95.mls.protocol.message.Messages" time="0.001"/>
  <testcase name="should round-trip to the same binary value" classname="com.github.traderjoe95.mls.protocol.message.Messages" time="0.0"/>
  <testcase name="should be decoded properly" classname="com.github.traderjoe95.mls.protocol.message.Messages" time="0.001"/>
  <testcase name="should round-trip to the same binary value" classname="com.github.traderjoe95.mls.protocol.message.Messages" time="0.0"/>
  <testcase name="should be decoded properly" classname="com.github.traderjoe95.mls.protocol.message.Messages" time="0.0"/>
  <testcase name="should round-trip to the same binary value" classname="com.github.traderjoe95.mls.protocol.message.Messages" time="0.0"/>
  <testcase name="should be decoded properly" classname="com.github.traderjoe95.mls.protocol.message.Messages" time="0.0"/>
  <testcase name="should round-trip to the same binary value" classname="com.github.traderjoe95.mls.protocol.message.Messages" time="0.001"/>
  <testcase name="should be decoded properly" classname="com.github.traderjoe95.mls.protocol.message.Messages" time="0.0"/>
  <testcase name="should round-trip to the same binary value" classname="com.github.traderjoe95.mls.protocol.message.Messages" time="0.0"/>
  <testcase name="should be decoded properly" classname="com.github.traderjoe95.mls.protocol.message.Messages" time="0.0"/>
  <testcase name="should round-trip to the same binary value" classname="com.github.traderjoe95.mls.protocol.message.Messages" time="0.0"/>
  <testcase name="should be decoded properly" classname="com.github.traderjoe95.mls.protocol.message.Messages" time="0.0"/>
  <testcase name="should round-trip to the same binary value" classname="com.github.traderjoe95.mls.protocol.message.Messages" time="0.0"/>
  <testcase name="should be decoded properly" classname="com.github.traderjoe95.mls.protocol.message.Messages" time="0.001"/>
  <testcase name="should round-trip to the same binary value" classname="com.github.traderjoe95.mls.protocol.message.Messages" time="0.001"/>
  <testcase name="should be decoded properly" classname="com.github.traderjoe95.mls.protocol.message.Messages" time="0.0"/>
  <testcase name="should round-trip to the same binary value" classname="com.github.traderjoe95.mls.protocol.message.Messages" time="0.001"/>
  <testcase name="should be decoded properly" classname="com.github.traderjoe95.mls.protocol.message.Messages" time="0.001"/>
  <testcase name="should round-trip to the same binary value" classname="com.github.traderjoe95.mls.protocol.message.Messages" time="0.0"/>
  <testcase name="should be decoded properly" classname="com.github.traderjoe95.mls.protocol.message.Messages" time="0.0"/>
  <testcase name="should round-trip to the same binary value" classname="com.github.traderjoe95.mls.protocol.message.Messages" time="0.001"/>
  <testcase name="should be decoded properly" classname="com.github.traderjoe95.mls.protocol.message.Messages" time="0.0"/>
  <testcase name="should round-trip to the same binary value" classname="com.github.traderjoe95.mls.protocol.message.Messages" time="0.0"/>
  <testcase name="should be decoded properly" classname="com.github.traderjoe95.mls.protocol.message.Messages" time="0.0"/>
  <testcase name="should round-trip to the same binary value" classname="com.github.traderjoe95.mls.protocol.message.Messages" time="0.0"/>
  <testcase name="should be decoded properly" classname="com.github.traderjoe95.mls.protocol.message.Messages" time="0.0"/>
  <testcase name="should round-trip to the same binary value" classname="com.github.traderjoe95.mls.protocol.message.Messages" time="0.0"/>
  <testcase name="should be decoded properly" classname="com.github.traderjoe95.mls.protocol.message.Messages" time="0.0"/>
  <testcase name="should round-trip to the same binary value" classname="com.github.traderjoe95.mls.protocol.message.Messages" time="0.0"/>
  <testcase name="should be decoded properly" classname="com.github.traderjoe95.mls.protocol.message.Messages" time="0.0"/>
  <testcase name="should round-trip to the same binary value" classname="com.github.traderjoe95.mls.protocol.message.Messages" time="0.0"/>
  <testcase name="should be decoded properly" classname="com.github.traderjoe95.mls.protocol.message.Messages" time="0.0"/>
  <testcase name="should round-trip to the same binary value" classname="com.github.traderjoe95.mls.protocol.message.Messages" time="0.0"/>
  <testcase name="should be decoded properly" classname="com.github.traderjoe95.mls.protocol.message.Messages" time="0.0"/>
  <testcase name="should round-trip to the same binary value" classname="com.github.traderjoe95.mls.protocol.message.Messages" time="0.0"/>
  <testcase name="should be decoded properly" classname="com.github.traderjoe95.mls.protocol.message.Messages" time="0.0"/>
  <testcase name="should round-trip to the same binary value" classname="com.github.traderjoe95.mls.protocol.message.Messages" time="0.0"/>
  <testcase name="should be decoded properly" classname="com.github.traderjoe95.mls.protocol.message.Messages" time="0.0"/>
  <testcase name="should round-trip to the same binary value" classname="com.github.traderjoe95.mls.protocol.message.Messages" time="0.0"/>
  <testcase name="should be decoded properly" classname="com.github.traderjoe95.mls.protocol.message.Messages" time="0.0"/>
  <testcase name="should round-trip to the same binary value" classname="com.github.traderjoe95.mls.protocol.message.Messages" time="0.0"/>
  <testcase name="should be decoded properly" classname="com.github.traderjoe95.mls.protocol.message.Messages" time="0.001"/>
  <testcase name="should round-trip to the same binary value" classname="com.github.traderjoe95.mls.protocol.message.Messages" time="0.0"/>
  <testcase name="should be decoded properly" classname="com.github.traderjoe95.mls.protocol.message.Messages" time="0.0"/>
  <testcase name="should round-trip to the same binary value" classname="com.github.traderjoe95.mls.protocol.message.Messages" time="0.0"/>
  <testcase name="should be decoded properly" classname="com.github.traderjoe95.mls.protocol.message.Messages" time="0.001"/>
  <testcase name="should round-trip to the same binary value" classname="com.github.traderjoe95.mls.protocol.message.Messages" time="0.0"/>
  <testcase name="should be decoded properly" classname="com.github.traderjoe95.mls.protocol.message.Messages" time="0.0"/>
  <testcase name="should round-trip to the same binary value" classname="com.github.traderjoe95.mls.protocol.message.Messages" time="0.0"/>
  <testcase name="should be decoded properly" classname="com.github.traderjoe95.mls.protocol.message.Messages" time="0.0"/>
  <testcase name="should round-trip to the same binary value" classname="com.github.traderjoe95.mls.protocol.message.Messages" time="0.0"/>
  <testcase name="should be decoded properly" classname="com.github.traderjoe95.mls.protocol.message.Messages" time="0.0"/>
  <testcase name="should round-trip to the same binary value" classname="com.github.traderjoe95.mls.protocol.message.Messages" time="0.001"/>
  <testcase name="should be decoded properly" classname="com.github.traderjoe95.mls.protocol.message.Messages" time="0.0"/>
  <testcase name="should round-trip to the same binary value" classname="com.github.traderjoe95.mls.protocol.message.Messages" time="0.0"/>
  <testcase name="should be decoded properly" classname="com.github.traderjoe95.mls.protocol.message.Messages" time="0.0"/>
  <testcase name="should round-trip to the same binary value" classname="com.github.traderjoe95.mls.protocol.message.Messages" time="0.0"/>
  <testcase name="should be decoded properly" classname="com.github.traderjoe95.mls.protocol.message.Messages" time="0.001"/>
  <testcase name="should round-trip to the same binary value" classname="com.github.traderjoe95.mls.protocol.message.Messages" time="0.0"/>
  <testcase name="should be decoded properly" classname="com.github.traderjoe95.mls.protocol.message.Messages" time="0.0"/>
  <testcase name="should round-trip to the same binary value" classname="com.github.traderjoe95.mls.protocol.message.Messages" time="0.0"/>
  <testcase name="should be decoded properly" classname="com.github.traderjoe95.mls.protocol.message.Messages" time="0.0"/>
  <testcase name="should round-trip to the same binary value" classname="com.github.traderjoe95.mls.protocol.message.Messages" time="0.0"/>
  <testcase name="should be decoded properly" classname="com.github.traderjoe95.mls.protocol.message.Messages" time="0.0"/>
  <testcase name="should round-trip to the same binary value" classname="com.github.traderjoe95.mls.protocol.message.Messages" time="0.0"/>
  <testcase name="should be decoded properly" classname="com.github.traderjoe95.mls.protocol.message.Messages" time="0.001"/>
  <testcase name="should round-trip to the same binary value" classname="com.github.traderjoe95.mls.protocol.message.Messages" time="0.0"/>
  <testcase name="should be decoded properly" classname="com.github.traderjoe95.mls.protocol.message.Messages" time="0.001"/>
  <testcase name="should round-trip to the same binary value" classname="com.github.traderjoe95.mls.protocol.message.Messages" time="0.001"/>
  <testcase name="should be decoded properly" classname="com.github.traderjoe95.mls.protocol.message.Messages" time="0.0"/>
  <testcase name="should round-trip to the same binary value" classname="com.github.traderjoe95.mls.protocol.message.Messages" time="0.0"/>
  <testcase name="should be decoded properly" classname="com.github.traderjoe95.mls.protocol.message.Messages" time="0.001"/>
  <testcase name="should round-trip to the same binary value" classname="com.github.traderjoe95.mls.protocol.message.Messages" time="0.0"/>
  <testcase name="should be decoded properly" classname="com.github.traderjoe95.mls.protocol.message.Messages" time="0.0"/>
  <testcase name="should round-trip to the same binary value" classname="com.github.traderjoe95.mls.protocol.message.Messages" time="0.0"/>
  <testcase name="should be decoded properly" classname="com.github.traderjoe95.mls.protocol.message.Messages" time="0.0"/>
  <testcase name="should round-trip to the same binary value" classname="com.github.traderjoe95.mls.protocol.message.Messages" time="0.0"/>
  <testcase name="should be decoded properly" classname="com.github.traderjoe95.mls.protocol.message.Messages" time="0.0"/>
  <testcase name="should round-trip to the same binary value" classname="com.github.traderjoe95.mls.protocol.message.Messages" time="0.0"/>
  <testcase name="should be decoded properly" classname="com.github.traderjoe95.mls.protocol.message.Messages" time="0.0"/>
  <testcase name="should round-trip to the same binary value" classname="com.github.traderjoe95.mls.protocol.message.Messages" time="0.0"/>
  <testcase name="should be decoded properly" classname="com.github.traderjoe95.mls.protocol.message.Messages" time="0.0"/>
  <testcase name="should round-trip to the same binary value" classname="com.github.traderjoe95.mls.protocol.message.Messages" time="0.0"/>
  <testcase name="should be decoded properly" classname="com.github.traderjoe95.mls.protocol.message.Messages" time="0.0"/>
  <testcase name="should round-trip to the same binary value" classname="com.github.traderjoe95.mls.protocol.message.Messages" time="0.0"/>
  <testcase name="should be decoded properly" classname="com.github.traderjoe95.mls.protocol.message.Messages" time="0.0"/>
  <testcase name="should round-trip to the same binary value" classname="com.github.traderjoe95.mls.protocol.message.Messages" time="0.0"/>
  <testcase name="should be decoded properly" classname="com.github.traderjoe95.mls.protocol.message.Messages" time="0.0"/>
  <testcase name="should round-trip to the same binary value" classname="com.github.traderjoe95.mls.protocol.message.Messages" time="0.0"/>
  <testcase name="should be decoded properly" classname="com.github.traderjoe95.mls.protocol.message.Messages" time="0.0"/>
  <testcase name="should round-trip to the same binary value" classname="com.github.traderjoe95.mls.protocol.message.Messages" time="0.0"/>
  <testcase name="should be decoded properly" classname="com.github.traderjoe95.mls.protocol.message.Messages" time="0.0"/>
  <testcase name="should round-trip to the same binary value" classname="com.github.traderjoe95.mls.protocol.message.Messages" time="0.0"/>
  <testcase name="should be decoded properly" classname="com.github.traderjoe95.mls.protocol.message.Messages" time="0.001"/>
  <testcase name="should round-trip to the same binary value" classname="com.github.traderjoe95.mls.protocol.message.Messages" time="0.0"/>
  <testcase name="should be decoded properly" classname="com.github.traderjoe95.mls.protocol.message.Messages" time="0.0"/>
  <testcase name="should round-trip to the same binary value" classname="com.github.traderjoe95.mls.protocol.message.Messages" time="0.0"/>
  <testcase name="should be decoded properly" classname="com.github.traderjoe95.mls.protocol.message.Messages" time="0.0"/>
  <testcase name="should round-trip to the same binary value" classname="com.github.traderjoe95.mls.protocol.message.Messages" time="0.001"/>
  <testcase name="should be decoded properly" classname="com.github.traderjoe95.mls.protocol.message.Messages" time="0.0"/>
  <testcase name="should round-trip to the same binary value" classname="com.github.traderjoe95.mls.protocol.message.Messages" time="0.0"/>
  <testcase name="should be decoded properly" classname="com.github.traderjoe95.mls.protocol.message.Messages" time="0.0"/>
  <testcase name="should round-trip to the same binary value" classname="com.github.traderjoe95.mls.protocol.message.Messages" time="0.0"/>
  <testcase name="should be decoded properly" classname="com.github.traderjoe95.mls.protocol.message.Messages" time="0.0"/>
  <testcase name="should round-trip to the same binary value" classname="com.github.traderjoe95.mls.protocol.message.Messages" time="0.0"/>
  <testcase name="should be decoded properly" classname="com.github.traderjoe95.mls.protocol.message.Messages" time="0.0"/>
  <testcase name="should round-trip to the same binary value" classname="com.github.traderjoe95.mls.protocol.message.Messages" time="0.0"/>
  <testcase name="should be decoded properly" classname="com.github.traderjoe95.mls.protocol.message.Messages" time="0.0"/>
  <testcase name="should round-trip to the same binary value" classname="com.github.traderjoe95.mls.protocol.message.Messages" time="0.0"/>
  <testcase name="should be decoded properly" classname="com.github.traderjoe95.mls.protocol.message.Messages" time="0.001"/>
  <testcase name="should round-trip to the same binary value" classname="com.github.traderjoe95.mls.protocol.message.Messages" time="0.0"/>
  <testcase name="should be decoded properly" classname="com.github.traderjoe95.mls.protocol.message.Messages" time="0.0"/>
  <testcase name="should round-trip to the same binary value" classname="com.github.traderjoe95.mls.protocol.message.Messages" time="0.0"/>
  <testcase name="should be decoded properly" classname="com.github.traderjoe95.mls.protocol.message.Messages" time="0.0"/>
  <testcase name="should round-trip to the same binary value" classname="com.github.traderjoe95.mls.protocol.message.Messages" time="0.0"/>
  <testcase name="should be decoded properly" classname="com.github.traderjoe95.mls.protocol.message.Messages" time="0.0"/>
  <testcase name="should round-trip to the same binary value" classname="com.github.traderjoe95.mls.protocol.message.Messages" time="0.0"/>
  <testcase name="should be decoded properly" classname="com.github.traderjoe95.mls.protocol.message.Messages" time="0.001"/>
  <testcase name="should round-trip to the same binary value" classname="com.github.traderjoe95.mls.protocol.message.Messages" time="0.001"/>
  <testcase name="should be decoded properly" classname="com.github.traderjoe95.mls.protocol.message.Messages" time="0.001"/>
  <testcase name="should round-trip to the same binary value" classname="com.github.traderjoe95.mls.protocol.message.Messages" time="0.0"/>
  <testcase name="should be decoded properly" classname="com.github.traderjoe95.mls.protocol.message.Messages" time="0.001"/>
  <testcase name="should round-trip to the same binary value" classname="com.github.traderjoe95.mls.protocol.message.Messages" time="0.0"/>
  <testcase name="should be decoded properly" classname="com.github.traderjoe95.mls.protocol.message.Messages" time="0.0"/>
  <testcase name="should round-trip to the same binary value" classname="com.github.traderjoe95.mls.protocol.message.Messages" time="0.0"/>
  <testcase name="should be decoded properly" classname="com.github.traderjoe95.mls.protocol.message.Messages" time="0.001"/>
  <testcase name="should round-trip to the same binary value" classname="com.github.traderjoe95.mls.protocol.message.Messages" time="0.0"/>
  <testcase name="should be decoded properly" classname="com.github.traderjoe95.mls.protocol.message.Messages" time="0.0"/>
  <testcase name="should round-trip to the same binary value" classname="com.github.traderjoe95.mls.protocol.message.Messages" time="0.001"/>
  <testcase name="should be decoded properly" classname="com.github.traderjoe95.mls.protocol.message.Messages" time="0.0"/>
  <testcase name="should round-trip to the same binary value" classname="com.github.traderjoe95.mls.protocol.message.Messages" time="0.0"/>
  <testcase name="should be decoded properly" classname="com.github.traderjoe95.mls.protocol.message.Messages" time="0.0"/>
  <testcase name="should round-trip to the same binary value" classname="com.github.traderjoe95.mls.protocol.message.Messages" time="0.001"/>
  <testcase name="should be decoded properly" classname="com.github.traderjoe95.mls.protocol.message.Messages" time="0.001"/>
  <testcase name="should round-trip to the same binary value" classname="com.github.traderjoe95.mls.protocol.message.Messages" time="0.0"/>
  <testcase name="should be decoded properly" classname="com.github.traderjoe95.mls.protocol.message.Messages" time="0.0"/>
  <testcase name="should round-trip to the same binary value" classname="com.github.traderjoe95.mls.protocol.message.Messages" time="0.0"/>
  <testcase name="should be decoded properly" classname="com.github.traderjoe95.mls.protocol.message.Messages" time="0.0"/>
  <testcase name="should round-trip to the same binary value" classname="com.github.traderjoe95.mls.protocol.message.Messages" time="0.0"/>
  <testcase name="should be decoded properly" classname="com.github.traderjoe95.mls.protocol.message.Messages" time="0.0"/>
  <testcase name="should round-trip to the same binary value" classname="com.github.traderjoe95.mls.protocol.message.Messages" time="0.0"/>
  <testcase name="should be decoded properly" classname="com.github.traderjoe95.mls.protocol.message.Messages" time="0.0"/>
  <testcase name="should round-trip to the same binary value" classname="com.github.traderjoe95.mls.protocol.message.Messages" time="0.0"/>
  <testcase name="should be decoded properly" classname="com.github.traderjoe95.mls.protocol.message.Messages" time="0.0"/>
  <testcase name="should round-trip to the same binary value" classname="com.github.traderjoe95.mls.protocol.message.Messages" time="0.0"/>
  <testcase name="should be decoded properly" classname="com.github.traderjoe95.mls.protocol.message.Messages" time="0.0"/>
  <testcase name="should round-trip to the same binary value" classname="com.github.traderjoe95.mls.protocol.message.Messages" time="0.0"/>
  <testcase name="should be decoded properly" classname="com.github.traderjoe95.mls.protocol.message.Messages" time="0.0"/>
  <testcase name="should round-trip to the same binary value" classname="com.github.traderjoe95.mls.protocol.message.Messages" time="0.0"/>
  <testcase name="should be decoded properly" classname="com.github.traderjoe95.mls.protocol.message.Messages" time="0.0"/>
  <testcase name="should round-trip to the same binary value" classname="com.github.traderjoe95.mls.protocol.message.Messages" time="0.0"/>
  <testcase name="should be decoded properly" classname="com.github.traderjoe95.mls.protocol.message.Messages" time="0.0"/>
  <testcase name="should round-trip to the same binary value" classname="com.github.traderjoe95.mls.protocol.message.Messages" time="0.0"/>
  <testcase name="should be decoded properly" classname="com.github.traderjoe95.mls.protocol.message.Messages" time="0.0"/>
  <testcase name="should round-trip to the same binary value" classname="com.github.traderjoe95.mls.protocol.message.Messages" time="0.0"/>
  <testcase name="should be decoded properly" classname="com.github.traderjoe95.mls.protocol.message.Messages" time="0.0"/>
  <testcase name="should round-trip to the same binary value" classname="com.github.traderjoe95.mls.protocol.message.Messages" time="0.001"/>
  <testcase name="should be decoded properly" classname="com.github.traderjoe95.mls.protocol.message.Messages" time="0.001"/>
  <testcase name="should round-trip to the same binary value" classname="com.github.traderjoe95.mls.protocol.message.Messages" time="0.0"/>
  <testcase name="should be decoded properly" classname="com.github.traderjoe95.mls.protocol.message.Messages" time="0.0"/>
  <testcase name="should round-trip to the same binary value" classname="com.github.traderjoe95.mls.protocol.message.Messages" time="0.0"/>
  <testcase name="should be decoded properly" classname="com.github.traderjoe95.mls.protocol.message.Messages" time="0.001"/>
  <testcase name="should round-trip to the same binary value" classname="com.github.traderjoe95.mls.protocol.message.Messages" time="0.0"/>
  <testcase name="should be decoded properly" classname="com.github.traderjoe95.mls.protocol.message.Messages" time="0.0"/>
  <testcase name="should round-trip to the same binary value" classname="com.github.traderjoe95.mls.protocol.message.Messages" time="0.0"/>
  <testcase name="should be decoded properly" classname="com.github.traderjoe95.mls.protocol.message.Messages" time="0.001"/>
  <testcase name="should round-trip to the same binary value" classname="com.github.traderjoe95.mls.protocol.message.Messages" time="0.0"/>
  <testcase name="should be decoded properly" classname="com.github.traderjoe95.mls.protocol.message.Messages" time="0.0"/>
  <testcase name="should round-trip to the same binary value" classname="com.github.traderjoe95.mls.protocol.message.Messages" time="0.0"/>
  <testcase name="should be decoded properly" classname="com.github.traderjoe95.mls.protocol.message.Messages" time="0.0"/>
  <testcase name="should round-trip to the same binary value" classname="com.github.traderjoe95.mls.protocol.message.Messages" time="0.0"/>
  <testcase name="should be decoded properly" classname="com.github.traderjoe95.mls.protocol.message.Messages" time="0.001"/>
  <testcase name="should round-trip to the same binary value" classname="com.github.traderjoe95.mls.protocol.message.Messages" time="0.0"/>
  <testcase name="should be decoded properly" classname="com.github.traderjoe95.mls.protocol.message.Messages" time="0.0"/>
  <testcase name="should round-trip to the same binary value" classname="com.github.traderjoe95.mls.protocol.message.Messages" time="0.0"/>
  <testcase name="should be decoded properly" classname="com.github.traderjoe95.mls.protocol.message.Messages" time="0.0"/>
  <testcase name="should round-trip to the same binary value" classname="com.github.traderjoe95.mls.protocol.message.Messages" time="0.0"/>
  <testcase name="should be decoded properly" classname="com.github.traderjoe95.mls.protocol.message.Messages" time="0.0"/>
  <testcase name="should round-trip to the same binary value" classname="com.github.traderjoe95.mls.protocol.message.Messages" time="0.001"/>
  <testcase name="should be decoded properly" classname="com.github.traderjoe95.mls.protocol.message.Messages" time="0.0"/>
  <testcase name="should round-trip to the same binary value" classname="com.github.traderjoe95.mls.protocol.message.Messages" time="0.0"/>
  <testcase name="should be decoded properly" classname="com.github.traderjoe95.mls.protocol.message.Messages" time="0.0"/>
  <testcase name="should round-trip to the same binary value" classname="com.github.traderjoe95.mls.protocol.message.Messages" time="0.0"/>
  <testcase name="should be decoded properly" classname="com.github.traderjoe95.mls.protocol.message.Messages" time="0.0"/>
  <testcase name="should round-trip to the same binary value" classname="com.github.traderjoe95.mls.protocol.message.Messages" time="0.0"/>
  <testcase name="should be decoded properly" classname="com.github.traderjoe95.mls.protocol.message.Messages" time="0.0"/>
  <testcase name="should round-trip to the same binary value" classname="com.github.traderjoe95.mls.protocol.message.Messages" time="0.0"/>
  <testcase name="should be decoded properly" classname="com.github.traderjoe95.mls.protocol.message.Messages" time="0.0"/>
  <testcase name="should round-trip to the same binary value" classname="com.github.traderjoe95.mls.protocol.message.Messages" time="0.0"/>
  <testcase name="should be decoded properly" classname="com.github.traderjoe95.mls.protocol.message.Messages" time="0.0"/>
  <testcase name="should round-trip to the same binary value" classname="com.github.traderjoe95.mls.protocol.message.Messages" time="0.0"/>
  <testcase name="should be decoded properly" classname="com.github.traderjoe95.mls.protocol.message.Messages" time="0.0"/>
  <testcase name="should round-trip to the same binary value" classname="com.github.traderjoe95.mls.protocol.message.Messages" time="0.0"/>
  <testcase name="should be decoded properly" classname="com.github.traderjoe95.mls.protocol.message.Messages" time="0.0"/>
  <testcase name="should round-trip to the same binary value" classname="com.github.traderjoe95.mls.protocol.message.Messages" time="0.0"/>
  <testcase name="should be decoded properly" classname="com.github.traderjoe95.mls.protocol.message.Messages" time="0.001"/>
  <testcase name="should round-trip to the same binary value" classname="com.github.traderjoe95.mls.protocol.message.Messages" time="0.001"/>
  <testcase name="should be decoded properly" classname="com.github.traderjoe95.mls.protocol.message.Messages" time="0.0"/>
  <testcase name="should round-trip to the same binary value" classname="com.github.traderjoe95.mls.protocol.message.Messages" time="0.0"/>
  <testcase name="should be decoded properly" classname="com.github.traderjoe95.mls.protocol.message.Messages" time="0.0"/>
  <testcase name="should round-trip to the same binary value" classname="com.github.traderjoe95.mls.protocol.message.Messages" time="0.0"/>
  <testcase name="should be decoded properly" classname="com.github.traderjoe95.mls.protocol.message.Messages" time="0.0"/>
  <testcase name="should round-trip to the same binary value" classname="com.github.traderjoe95.mls.protocol.message.Messages" time="0.0"/>
  <testcase name="should be decoded properly" classname="com.github.traderjoe95.mls.protocol.message.Messages" time="0.0"/>
  <testcase name="should round-trip to the same binary value" classname="com.github.traderjoe95.mls.protocol.message.Messages" time="0.001"/>
  <testcase name="should be decoded properly" classname="com.github.traderjoe95.mls.protocol.message.Messages" time="0.0"/>
  <testcase name="should round-trip to the same binary value" classname="com.github.traderjoe95.mls.protocol.message.Messages" time="0.001"/>
  <testcase name="should be decoded properly" classname="com.github.traderjoe95.mls.protocol.message.Messages" time="0.001"/>
  <testcase name="should round-trip to the same binary value" classname="com.github.traderjoe95.mls.protocol.message.Messages" time="0.0"/>
  <testcase name="should be decoded properly" classname="com.github.traderjoe95.mls.protocol.message.Messages" time="0.001"/>
  <testcase name="should round-trip to the same binary value" classname="com.github.traderjoe95.mls.protocol.message.Messages" time="0.0"/>
  <testcase name="should be decoded properly" classname="com.github.traderjoe95.mls.protocol.message.Messages" time="0.0"/>
  <testcase name="should round-trip to the same binary value" classname="com.github.traderjoe95.mls.protocol.message.Messages" time="0.0"/>
  <testcase name="should be decoded properly" classname="com.github.traderjoe95.mls.protocol.message.Messages" time="0.0"/>
  <testcase name="should round-trip to the same binary value" classname="com.github.traderjoe95.mls.protocol.message.Messages" time="0.0"/>
  <testcase name="should be decoded properly" classname="com.github.traderjoe95.mls.protocol.message.Messages" time="0.0"/>
  <testcase name="should round-trip to the same binary value" classname="com.github.traderjoe95.mls.protocol.message.Messages" time="0.0"/>
  <testcase name="should be decoded properly" classname="com.github.traderjoe95.mls.protocol.message.Messages" time="0.0"/>
  <testcase name="should round-trip to the same binary value" classname="com.github.traderjoe95.mls.protocol.message.Messages" time="0.0"/>
  <testcase name="should be decoded properly" classname="com.github.traderjoe95.mls.protocol.message.Messages" time="0.0"/>
  <testcase name="should round-trip to the same binary value" classname="com.github.traderjoe95.mls.protocol.message.Messages" time="0.0"/>
  <testcase name="should be decoded properly" classname="com.github.traderjoe95.mls.protocol.message.Messages" time="0.0"/>
  <testcase name="should round-trip to the same binary value" classname="com.github.traderjoe95.mls.protocol.message.Messages" time="0.0"/>
  <testcase name="should be decoded properly" classname="com.github.traderjoe95.mls.protocol.message.Messages" time="0.0"/>
  <testcase name="should round-trip to the same binary value" classname="com.github.traderjoe95.mls.protocol.message.Messages" time="0.001"/>
  <testcase name="should be decoded properly" classname="com.github.traderjoe95.mls.protocol.message.Messages" time="0.001"/>
  <testcase name="should round-trip to the same binary value" classname="com.github.traderjoe95.mls.protocol.message.Messages" time="0.0"/>
  <testcase name="should be decoded properly" classname="com.github.traderjoe95.mls.protocol.message.Messages" time="0.0"/>
  <testcase name="should round-trip to the same binary value" classname="com.github.traderjoe95.mls.protocol.message.Messages" time="0.0"/>
  <testcase name="should be decoded properly" classname="com.github.traderjoe95.mls.protocol.message.Messages" time="0.0"/>
  <testcase name="should round-trip to the same binary value" classname="com.github.traderjoe95.mls.protocol.message.Messages" time="0.001"/>
  <testcase name="should be decoded properly" classname="com.github.traderjoe95.mls.protocol.message.Messages" time="0.001"/>
  <testcase name="should round-trip to the same binary value" classname="com.github.traderjoe95.mls.protocol.message.Messages" time="0.0"/>
  <testcase name="should be decoded properly" classname="com.github.traderjoe95.mls.protocol.message.Messages" time="0.0"/>
  <testcase name="should round-trip to the same binary value" classname="com.github.traderjoe95.mls.protocol.message.Messages" time="0.0"/>
  <testcase name="should be decoded properly" classname="com.github.traderjoe95.mls.protocol.message.Messages" time="0.0"/>
  <testcase name="should round-trip to the same binary value" classname="com.github.traderjoe95.mls.protocol.message.Messages" time="0.0"/>
  <testcase name="should be decoded properly" classname="com.github.traderjoe95.mls.protocol.message.Messages" time="0.0"/>
  <testcase name="should round-trip to the same binary value" classname="com.github.traderjoe95.mls.protocol.message.Messages" time="0.001"/>
  <testcase name="should be decoded properly" classname="com.github.traderjoe95.mls.protocol.message.Messages" time="0.0"/>
  <testcase name="should round-trip to the same binary value" classname="com.github.traderjoe95.mls.protocol.message.Messages" time="0.0"/>
  <testcase name="should be decoded properly" classname="com.github.traderjoe95.mls.protocol.message.Messages" time="0.0"/>
  <testcase name="should round-trip to the same binary value" classname="com.github.traderjoe95.mls.protocol.message.Messages" time="0.0"/>
  <testcase name="should be decoded properly" classname="com.github.traderjoe95.mls.protocol.message.Messages" time="0.0"/>
  <testcase name="should round-trip to the same binary value" classname="com.github.traderjoe95.mls.protocol.message.Messages" time="0.001"/>
  <testcase name="should be decoded properly" classname="com.github.traderjoe95.mls.protocol.message.Messages" time="0.0"/>
  <testcase name="should round-trip to the same binary value" classname="com.github.traderjoe95.mls.protocol.message.Messages" time="0.0"/>
  <testcase name="should be decoded properly" classname="com.github.traderjoe95.mls.protocol.message.Messages" time="0.001"/>
  <testcase name="should round-trip to the same binary value" classname="com.github.traderjoe95.mls.protocol.message.Messages" time="0.0"/>
  <testcase name="should be decoded properly" classname="com.github.traderjoe95.mls.protocol.message.Messages" time="0.0"/>
  <testcase name="should round-trip to the same binary value" classname="com.github.traderjoe95.mls.protocol.message.Messages" time="0.0"/>
  <testcase name="should be decoded properly" classname="com.github.traderjoe95.mls.protocol.message.Messages" time="0.0"/>
  <testcase name="should round-trip to the same binary value" classname="com.github.traderjoe95.mls.protocol.message.Messages" time="0.0"/>
  <testcase name="should be decoded properly" classname="com.github.traderjoe95.mls.protocol.message.Messages" time="0.0"/>
  <testcase name="should round-trip to the same binary value" classname="com.github.traderjoe95.mls.protocol.message.Messages" time="0.0"/>
  <testcase name="should be decoded properly" classname="com.github.traderjoe95.mls.protocol.message.Messages" time="0.0"/>
  <testcase name="should round-trip to the same binary value" classname="com.github.traderjoe95.mls.protocol.message.Messages" time="0.0"/>
  <testcase name="should be decoded properly" classname="com.github.traderjoe95.mls.protocol.message.Messages" time="0.0"/>
  <testcase name="should round-trip to the same binary value" classname="com.github.traderjoe95.mls.protocol.message.Messages" time="0.0"/>
  <testcase name="should be decoded properly" classname="com.github.traderjoe95.mls.protocol.message.Messages" time="0.0"/>
  <testcase name="should round-trip to the same binary value" classname="com.github.traderjoe95.mls.protocol.message.Messages" time="0.0"/>
  <testcase name="should be decoded properly" classname="com.github.traderjoe95.mls.protocol.message.Messages" time="0.0"/>
  <testcase name="should round-trip to the same binary value" classname="com.github.traderjoe95.mls.protocol.message.Messages" time="0.001"/>
  <testcase name="should be decoded properly" classname="com.github.traderjoe95.mls.protocol.message.Messages" time="0.0"/>
  <testcase name="should round-trip to the same binary value" classname="com.github.traderjoe95.mls.protocol.message.Messages" time="0.0"/>
  <testcase name="should be decoded properly" classname="com.github.traderjoe95.mls.protocol.message.Messages" time="0.0"/>
  <testcase name="should round-trip to the same binary value" classname="com.github.traderjoe95.mls.protocol.message.Messages" time="0.0"/>
  <testcase name="should be decoded properly" classname="com.github.traderjoe95.mls.protocol.message.Messages" time="0.0"/>
  <testcase name="should round-trip to the same binary value" classname="com.github.traderjoe95.mls.protocol.message.Messages" time="0.001"/>
  <testcase name="should be decoded properly" classname="com.github.traderjoe95.mls.protocol.message.Messages" time="0.0"/>
  <testcase name="should round-trip to the same binary value" classname="com.github.traderjoe95.mls.protocol.message.Messages" time="0.0"/>
  <testcase name="should be decoded properly" classname="com.github.traderjoe95.mls.protocol.message.Messages" time="0.0"/>
  <testcase name="should round-trip to the same binary value" classname="com.github.traderjoe95.mls.protocol.message.Messages" time="0.0"/>
  <testcase name="should be decoded properly" classname="com.github.traderjoe95.mls.protocol.message.Messages" time="0.0"/>
  <testcase name="should round-trip to the same binary value" classname="com.github.traderjoe95.mls.protocol.message.Messages" time="0.0"/>
  <testcase name="should be decoded properly" classname="com.github.traderjoe95.mls.protocol.message.Messages" time="0.0"/>
  <testcase name="should round-trip to the same binary value" classname="com.github.traderjoe95.mls.protocol.message.Messages" time="0.0"/>
  <testcase name="should be decoded properly" classname="com.github.traderjoe95.mls.protocol.message.Messages" time="0.0"/>
  <testcase name="should round-trip to the same binary value" classname="com.github.traderjoe95.mls.protocol.message.Messages" time="0.0"/>
  <testcase name="should be decoded properly" classname="com.github.traderjoe95.mls.protocol.message.Messages" time="0.0"/>
  <testcase name="should round-trip to the same binary value" classname="com.github.traderjoe95.mls.protocol.message.Messages" time="0.0"/>
  <testcase name="should be decoded properly" classname="com.github.traderjoe95.mls.protocol.message.Messages" time="0.001"/>
  <testcase name="should round-trip to the same binary value" classname="com.github.traderjoe95.mls.protocol.message.Messages" time="0.0"/>
  <testcase name="should be decoded properly" classname="com.github.traderjoe95.mls.protocol.message.Messages" time="0.0"/>
  <testcase name="should round-trip to the same binary value" classname="com.github.traderjoe95.mls.protocol.message.Messages" time="0.001"/>
  <testcase name="should be decoded properly" classname="com.github.traderjoe95.mls.protocol.message.Messages" time="0.0"/>
  <testcase name="should round-trip to the same binary value" classname="com.github.traderjoe95.mls.protocol.message.Messages" time="0.0"/>
  <testcase name="should be decoded properly" classname="com.github.traderjoe95.mls.protocol.message.Messages" time="0.001"/>
  <testcase name="should round-trip to the same binary value" classname="com.github.traderjoe95.mls.protocol.message.Messages" time="0.0"/>
  <testcase name="should be decoded properly" classname="com.github.traderjoe95.mls.protocol.message.Messages" time="0.0"/>
  <testcase name="should round-trip to the same binary value" classname="com.github.traderjoe95.mls.protocol.message.Messages" time="0.0"/>
  <testcase name="should be decoded properly" classname="com.github.traderjoe95.mls.protocol.message.Messages" time="0.0"/>
  <testcase name="should round-trip to the same binary value" classname="com.github.traderjoe95.mls.protocol.message.Messages" time="0.001"/>
  <testcase name="should be decoded properly" classname="com.github.traderjoe95.mls.protocol.message.Messages" time="0.0"/>
  <testcase name="should round-trip to the same binary value" classname="com.github.traderjoe95.mls.protocol.message.Messages" time="0.0"/>
  <testcase name="should be decoded properly" classname="com.github.traderjoe95.mls.protocol.message.Messages" time="0.0"/>
  <testcase name="should round-trip to the same binary value" classname="com.github.traderjoe95.mls.protocol.message.Messages" time="0.0"/>
  <testcase name="should be decoded properly" classname="com.github.traderjoe95.mls.protocol.message.Messages" time="0.0"/>
  <testcase name="should round-trip to the same binary value" classname="com.github.traderjoe95.mls.protocol.message.Messages" time="0.0"/>
  <testcase name="should be decoded properly" classname="com.github.traderjoe95.mls.protocol.message.Messages" time="0.0"/>
  <testcase name="should round-trip to the same binary value" classname="com.github.traderjoe95.mls.protocol.message.Messages" time="0.01"/>
  <testcase name="should be decoded properly" classname="com.github.traderjoe95.mls.protocol.message.Messages" time="0.0"/>
  <testcase name="should round-trip to the same binary value" classname="com.github.traderjoe95.mls.protocol.message.Messages" time="0.0"/>
  <testcase name="should be decoded properly" classname="com.github.traderjoe95.mls.protocol.message.Messages" time="0.0"/>
  <testcase name="should round-trip to the same binary value" classname="com.github.traderjoe95.mls.protocol.message.Messages" time="0.0"/>
  <testcase name="should be decoded properly" classname="com.github.traderjoe95.mls.protocol.message.Messages" time="0.001"/>
  <testcase name="should round-trip to the same binary value" classname="com.github.traderjoe95.mls.protocol.message.Messages" time="0.001"/>
  <testcase name="should be decoded properly" classname="com.github.traderjoe95.mls.protocol.message.Messages" time="0.0"/>
  <testcase name="should round-trip to the same binary value" classname="com.github.traderjoe95.mls.protocol.message.Messages" time="0.0"/>
  <testcase name="should be decoded properly" classname="com.github.traderjoe95.mls.protocol.message.Messages" time="0.0"/>
  <testcase name="should round-trip to the same binary value" classname="com.github.traderjoe95.mls.protocol.message.Messages" time="0.001"/>
  <testcase name="should be decoded properly" classname="com.github.traderjoe95.mls.protocol.message.Messages" time="0.001"/>
  <testcase name="should round-trip to the same binary value" classname="com.github.traderjoe95.mls.protocol.message.Messages" time="0.0"/>
  <testcase name="should be decoded properly" classname="com.github.traderjoe95.mls.protocol.message.Messages" time="0.0"/>
  <testcase name="should round-trip to the same binary value" classname="com.github.traderjoe95.mls.protocol.message.Messages" time="0.0"/>
  <testcase name="should be decoded properly" classname="com.github.traderjoe95.mls.protocol.message.Messages" time="0.0"/>
  <testcase name="should round-trip to the same binary value" classname="com.github.traderjoe95.mls.protocol.message.Messages" time="0.0"/>
  <testcase name="should be decoded properly" classname="com.github.traderjoe95.mls.protocol.message.Messages" time="0.0"/>
  <testcase name="should round-trip to the same binary value" classname="com.github.traderjoe95.mls.protocol.message.Messages" time="0.0"/>
  <testcase name="should be decoded properly" classname="com.github.traderjoe95.mls.protocol.message.Messages" time="0.0"/>
  <testcase name="should round-trip to the same binary value" classname="com.github.traderjoe95.mls.protocol.message.Messages" time="0.0"/>
  <testcase name="should be decoded properly" classname="com.github.traderjoe95.mls.protocol.message.Messages" time="0.0"/>
  <testcase name="should round-trip to the same binary value" classname="com.github.traderjoe95.mls.protocol.message.Messages" time="0.0"/>
  <testcase name="should be decoded properly" classname="com.github.traderjoe95.mls.protocol.message.Messages" time="0.0"/>
  <testcase name="should round-trip to the same binary value" classname="com.github.traderjoe95.mls.protocol.message.Messages" time="0.0"/>
  <testcase name="should be decoded properly" classname="com.github.traderjoe95.mls.protocol.message.Messages" time="0.0"/>
  <testcase name="should round-trip to the same binary value" classname="com.github.traderjoe95.mls.protocol.message.Messages" time="0.0"/>
  <testcase name="should be decoded properly" classname="com.github.traderjoe95.mls.protocol.message.Messages" time="0.0"/>
  <testcase name="should round-trip to the same binary value" classname="com.github.traderjoe95.mls.protocol.message.Messages" time="0.0"/>
  <testcase name="should be decoded properly" classname="com.github.traderjoe95.mls.protocol.message.Messages" time="0.0"/>
  <testcase name="should round-trip to the same binary value" classname="com.github.traderjoe95.mls.protocol.message.Messages" time="0.0"/>
  <testcase name="should be decoded properly" classname="com.github.traderjoe95.mls.protocol.message.Messages" time="0.001"/>
  <testcase name="should round-trip to the same binary value" classname="com.github.traderjoe95.mls.protocol.message.Messages" time="0.0"/>
  <testcase name="should be decoded properly" classname="com.github.traderjoe95.mls.protocol.message.Messages" time="0.0"/>
  <testcase name="should round-trip to the same binary value" classname="com.github.traderjoe95.mls.protocol.message.Messages" time="0.0"/>
  <testcase name="should be decoded properly" classname="com.github.traderjoe95.mls.protocol.message.Messages" time="0.0"/>
  <testcase name="should round-trip to the same binary value" classname="com.github.traderjoe95.mls.protocol.message.Messages" time="0.0"/>
  <testcase name="should be decoded properly" classname="com.github.traderjoe95.mls.protocol.message.Messages" time="0.0"/>
  <testcase name="should round-trip to the same binary value" classname="com.github.traderjoe95.mls.protocol.message.Messages" time="0.0"/>
  <testcase name="should be decoded properly" classname="com.github.traderjoe95.mls.protocol.message.Messages" time="0.0"/>
  <testcase name="should round-trip to the same binary value" classname="com.github.traderjoe95.mls.protocol.message.Messages" time="0.0"/>
  <testcase name="should be decoded properly" classname="com.github.traderjoe95.mls.protocol.message.Messages" time="0.001"/>
  <testcase name="should round-trip to the same binary value" classname="com.github.traderjoe95.mls.protocol.message.Messages" time="0.0"/>
  <testcase name="should be decoded properly" classname="com.github.traderjoe95.mls.protocol.message.Messages" time="0.0"/>
  <testcase name="should round-trip to the same binary value" classname="com.github.traderjoe95.mls.protocol.message.Messages" time="0.0"/>
  <testcase name="should be decoded properly" classname="com.github.traderjoe95.mls.protocol.message.Messages" time="0.0"/>
  <testcase name="should round-trip to the same binary value" classname="com.github.traderjoe95.mls.protocol.message.Messages" time="0.001"/>
  <testcase name="should be decoded properly" classname="com.github.traderjoe95.mls.protocol.message.Messages" time="0.001"/>
  <testcase name="should round-trip to the same binary value" classname="com.github.traderjoe95.mls.protocol.message.Messages" time="0.0"/>
  <testcase name="should be decoded properly" classname="com.github.traderjoe95.mls.protocol.message.Messages" time="0.0"/>
  <testcase name="should round-trip to the same binary value" classname="com.github.traderjoe95.mls.protocol.message.Messages" time="0.0"/>
  <testcase name="should be decoded properly" classname="com.github.traderjoe95.mls.protocol.message.Messages" time="0.0"/>
  <testcase name="should round-trip to the same binary value" classname="com.github.traderjoe95.mls.protocol.message.Messages" time="0.0"/>
  <testcase name="should be decoded properly" classname="com.github.traderjoe95.mls.protocol.message.Messages" time="0.0"/>
  <testcase name="should round-trip to the same binary value" classname="com.github.traderjoe95.mls.protocol.message.Messages" time="0.0"/>
  <testcase name="should be decoded properly" classname="com.github.traderjoe95.mls.protocol.message.Messages" time="0.001"/>
  <testcase name="should round-trip to the same binary value" classname="com.github.traderjoe95.mls.protocol.message.Messages" time="0.0"/>
  <testcase name="should be decoded properly" classname="com.github.traderjoe95.mls.protocol.message.Messages" time="0.0"/>
  <testcase name="should round-trip to the same binary value" classname="com.github.traderjoe95.mls.protocol.message.Messages" time="0.001"/>
  <testcase name="should be decoded properly" classname="com.github.traderjoe95.mls.protocol.message.Messages" time="0.001"/>
  <testcase name="should round-trip to the same binary value" classname="com.github.traderjoe95.mls.protocol.message.Messages" time="0.0"/>
  <testcase name="should be decoded properly" classname="com.github.traderjoe95.mls.protocol.message.Messages" time="0.0"/>
  <testcase name="should round-trip to the same binary value" classname="com.github.traderjoe95.mls.protocol.message.Messages" time="0.0"/>
  <testcase name="should be decoded properly" classname="com.github.traderjoe95.mls.protocol.message.Messages" time="0.0"/>
  <testcase name="should round-trip to the same binary value" classname="com.github.traderjoe95.mls.protocol.message.Messages" time="0.0"/>
  <testcase name="should be decoded properly" classname="com.github.traderjoe95.mls.protocol.message.Messages" time="0.001"/>
  <testcase name="should round-trip to the same binary value" classname="com.github.traderjoe95.mls.protocol.message.Messages" time="0.001"/>
  <testcase name="should be decoded properly" classname="com.github.traderjoe95.mls.protocol.message.Messages" time="0.0"/>
  <testcase name="should round-trip to the same binary value" classname="com.github.traderjoe95.mls.protocol.message.Messages" time="0.0"/>
  <testcase name="should be decoded properly" classname="com.github.traderjoe95.mls.protocol.message.Messages" time="0.0"/>
  <testcase name="should round-trip to the same binary value" classname="com.github.traderjoe95.mls.protocol.message.Messages" time="0.0"/>
  <testcase name="should be decoded properly" classname="com.github.traderjoe95.mls.protocol.message.Messages" time="0.0"/>
  <testcase name="should round-trip to the same binary value" classname="com.github.traderjoe95.mls.protocol.message.Messages" time="0.0"/>
  <testcase name="should be decoded properly" classname="com.github.traderjoe95.mls.protocol.message.Messages" time="0.0"/>
  <testcase name="should round-trip to the same binary value" classname="com.github.traderjoe95.mls.protocol.message.Messages" time="0.0"/>
  <testcase name="should be decoded properly" classname="com.github.traderjoe95.mls.protocol.message.Messages" time="0.0"/>
  <testcase name="should round-trip to the same binary value" classname="com.github.traderjoe95.mls.protocol.message.Messages" time="0.0"/>
  <testcase name="should be decoded properly" classname="com.github.traderjoe95.mls.protocol.message.Messages" time="0.0"/>
  <testcase name="should round-trip to the same binary value" classname="com.github.traderjoe95.mls.protocol.message.Messages" time="0.0"/>
  <testcase name="should be decoded properly" classname="com.github.traderjoe95.mls.protocol.message.Messages" time="0.0"/>
  <testcase name="should round-trip to the same binary value" classname="com.github.traderjoe95.mls.protocol.message.Messages" time="0.0"/>
  <testcase name="should be decoded properly" classname="com.github.traderjoe95.mls.protocol.message.Messages" time="0.0"/>
  <testcase name="should round-trip to the same binary value" classname="com.github.traderjoe95.mls.protocol.message.Messages" time="0.0"/>
  <testcase name="should be decoded properly" classname="com.github.traderjoe95.mls.protocol.message.Messages" time="0.0"/>
  <testcase name="should round-trip to the same binary value" classname="com.github.traderjoe95.mls.protocol.message.Messages" time="0.001"/>
  <testcase name="should be decoded properly" classname="com.github.traderjoe95.mls.protocol.message.Messages" time="0.0"/>
  <testcase name="should round-trip to the same binary value" classname="com.github.traderjoe95.mls.protocol.message.Messages" time="0.0"/>
  <testcase name="should be decoded properly" classname="com.github.traderjoe95.mls.protocol.message.Messages" time="0.0"/>
  <testcase name="should round-trip to the same binary value" classname="com.github.traderjoe95.mls.protocol.message.Messages" time="0.0"/>
  <testcase name="should be decoded properly" classname="com.github.traderjoe95.mls.protocol.message.Messages" time="0.0"/>
  <testcase name="should round-trip to the same binary value" classname="com.github.traderjoe95.mls.protocol.message.Messages" time="0.001"/>
  <testcase name="should be decoded properly" classname="com.github.traderjoe95.mls.protocol.message.Messages" time="0.0"/>
  <testcase name="should round-trip to the same binary value" classname="com.github.traderjoe95.mls.protocol.message.Messages" time="0.0"/>
  <testcase name="should be decoded properly" classname="com.github.traderjoe95.mls.protocol.message.Messages" time="0.0"/>
  <testcase name="should round-trip to the same binary value" classname="com.github.traderjoe95.mls.protocol.message.Messages" time="0.0"/>
  <testcase name="should be decoded properly" classname="com.github.traderjoe95.mls.protocol.message.Messages" time="0.0"/>
  <testcase name="should round-trip to the same binary value" classname="com.github.traderjoe95.mls.protocol.message.Messages" time="0.001"/>
  <testcase name="should be decoded properly" classname="com.github.traderjoe95.mls.protocol.message.Messages" time="0.0"/>
  <testcase name="should round-trip to the same binary value" classname="com.github.traderjoe95.mls.protocol.message.Messages" time="0.0"/>
  <testcase name="should be decoded properly" classname="com.github.traderjoe95.mls.protocol.message.Messages" time="0.0"/>
  <testcase name="should round-trip to the same binary value" classname="com.github.traderjoe95.mls.protocol.message.Messages" time="0.0"/>
  <testcase name="should be decoded properly" classname="com.github.traderjoe95.mls.protocol.message.Messages" time="0.0"/>
  <testcase name="should round-trip to the same binary value" classname="com.github.traderjoe95.mls.protocol.message.Messages" time="0.001"/>
  <testcase name="should be decoded properly" classname="com.github.traderjoe95.mls.protocol.message.Messages" time="0.0"/>
  <testcase name="should round-trip to the same binary value" classname="com.github.traderjoe95.mls.protocol.message.Messages" time="0.0"/>
  <testcase name="should be decoded properly" classname="com.github.traderjoe95.mls.protocol.message.Messages" time="0.0"/>
  <testcase name="should round-trip to the same binary value" classname="com.github.traderjoe95.mls.protocol.message.Messages" time="0.0"/>
  <testcase name="should be decoded properly" classname="com.github.traderjoe95.mls.protocol.message.Messages" time="0.0"/>
  <testcase name="should round-trip to the same binary value" classname="com.github.traderjoe95.mls.protocol.message.Messages" time="0.0"/>
  <testcase name="should be decoded properly" classname="com.github.traderjoe95.mls.protocol.message.Messages" time="0.001"/>
  <testcase name="should round-trip to the same binary value" classname="com.github.traderjoe95.mls.protocol.message.Messages" time="0.0"/>
  <testcase name="should be decoded properly" classname="com.github.traderjoe95.mls.protocol.message.Messages" time="0.0"/>
  <testcase name="should round-trip to the same binary value" classname="com.github.traderjoe95.mls.protocol.message.Messages" time="0.001"/>
  <testcase name="should be decoded properly" classname="com.github.traderjoe95.mls.protocol.message.Messages" time="0.001"/>
  <testcase name="should round-trip to the same binary value" classname="com.github.traderjoe95.mls.protocol.message.Messages" time="0.001"/>
  <testcase name="should be decoded properly" classname="com.github.traderjoe95.mls.protocol.message.Messages" time="0.001"/>
  <testcase name="should round-trip to the same binary value" classname="com.github.traderjoe95.mls.protocol.message.Messages" time="0.0"/>
  <testcase name="should be decoded properly" classname="com.github.traderjoe95.mls.protocol.message.Messages" time="0.0"/>
  <testcase name="should round-trip to the same binary value" classname="com.github.traderjoe95.mls.protocol.message.Messages" time="0.0"/>
  <testcase name="should be decoded properly" classname="com.github.traderjoe95.mls.protocol.message.Messages" time="0.0"/>
  <testcase name="should round-trip to the same binary value" classname="com.github.traderjoe95.mls.protocol.message.Messages" time="0.0"/>
  <testcase name="should be decoded properly" classname="com.github.traderjoe95.mls.protocol.message.Messages" time="0.0"/>
  <testcase name="should round-trip to the same binary value" classname="com.github.traderjoe95.mls.protocol.message.Messages" time="0.001"/>
  <testcase name="should be decoded properly" classname="com.github.traderjoe95.mls.protocol.message.Messages" time="0.0"/>
  <testcase name="should round-trip to the same binary value" classname="com.github.traderjoe95.mls.protocol.message.Messages" time="0.0"/>
  <testcase name="should be decoded properly" classname="com.github.traderjoe95.mls.protocol.message.Messages" time="0.0"/>
  <testcase name="should round-trip to the same binary value" classname="com.github.traderjoe95.mls.protocol.message.Messages" time="0.0"/>
  <testcase name="should be decoded properly" classname="com.github.traderjoe95.mls.protocol.message.Messages" time="0.0"/>
  <testcase name="should round-trip to the same binary value" classname="com.github.traderjoe95.mls.protocol.message.Messages" time="0.0"/>
  <testcase name="should be decoded properly" classname="com.github.traderjoe95.mls.protocol.message.Messages" time="0.0"/>
  <testcase name="should round-trip to the same binary value" classname="com.github.traderjoe95.mls.protocol.message.Messages" time="0.0"/>
  <testcase name="should be decoded properly" classname="com.github.traderjoe95.mls.protocol.message.Messages" time="0.0"/>
  <testcase name="should round-trip to the same binary value" classname="com.github.traderjoe95.mls.protocol.message.Messages" time="0.0"/>
  <testcase name="should be decoded properly" classname="com.github.traderjoe95.mls.protocol.message.Messages" time="0.0"/>
  <testcase name="should round-trip to the same binary value" classname="com.github.traderjoe95.mls.protocol.message.Messages" time="0.0"/>
  <testcase name="should be decoded properly" classname="com.github.traderjoe95.mls.protocol.message.Messages" time="0.0"/>
  <testcase name="should round-trip to the same binary value" classname="com.github.traderjoe95.mls.protocol.message.Messages" time="0.0"/>
  <testcase name="should be decoded properly" classname="com.github.traderjoe95.mls.protocol.message.Messages" time="0.0"/>
  <testcase name="should round-trip to the same binary value" classname="com.github.traderjoe95.mls.protocol.message.Messages" time="0.0"/>
  <testcase name="should be decoded properly" classname="com.github.traderjoe95.mls.protocol.message.Messages" time="0.0"/>
  <testcase name="should round-trip to the same binary value" classname="com.github.traderjoe95.mls.protocol.message.Messages" time="0.001"/>
  <testcase name="should be decoded properly" classname="com.github.traderjoe95.mls.protocol.message.Messages" time="0.0"/>
  <testcase name="should round-trip to the same binary value" classname="com.github.traderjoe95.mls.protocol.message.Messages" time="0.0"/>
  <testcase name="should be decoded properly" classname="com.github.traderjoe95.mls.protocol.message.Messages" time="0.0"/>
  <testcase name="should round-trip to the same binary value" classname="com.github.traderjoe95.mls.protocol.message.Messages" time="0.0"/>
  <testcase name="should be decoded properly" classname="com.github.traderjoe95.mls.protocol.message.Messages" time="0.0"/>
  <testcase name="should round-trip to the same binary value" classname="com.github.traderjoe95.mls.protocol.message.Messages" time="0.0"/>
  <testcase name="should be decoded properly" classname="com.github.traderjoe95.mls.protocol.message.Messages" time="0.0"/>
  <testcase name="should round-trip to the same binary value" classname="com.github.traderjoe95.mls.protocol.message.Messages" time="0.001"/>
  <testcase name="should be decoded properly" classname="com.github.traderjoe95.mls.protocol.message.Messages" time="0.0"/>
  <testcase name="should round-trip to the same binary value" classname="com.github.traderjoe95.mls.protocol.message.Messages" time="0.0"/>
  <testcase name="should be decoded properly" classname="com.github.traderjoe95.mls.protocol.message.Messages" time="0.0"/>
  <testcase name="should round-trip to the same binary value" classname="com.github.traderjoe95.mls.protocol.message.Messages" time="0.0"/>
  <testcase name="should be decoded properly" classname="com.github.traderjoe95.mls.protocol.message.Messages" time="0.0"/>
  <testcase name="should round-trip to the same binary value" classname="com.github.traderjoe95.mls.protocol.message.Messages" time="0.0"/>
  <testcase name="should be decoded properly" classname="com.github.traderjoe95.mls.protocol.message.Messages" time="0.0"/>
  <testcase name="should round-trip to the same binary value" classname="com.github.traderjoe95.mls.protocol.message.Messages" time="0.0"/>
  <testcase name="should be decoded properly" classname="com.github.traderjoe95.mls.protocol.message.Messages" time="0.0"/>
  <testcase name="should round-trip to the same binary value" classname="com.github.traderjoe95.mls.protocol.message.Messages" time="0.0"/>
  <testcase name="should be decoded properly" classname="com.github.traderjoe95.mls.protocol.message.Messages" time="0.0"/>
  <testcase name="should round-trip to the same binary value" classname="com.github.traderjoe95.mls.protocol.message.Messages" time="0.0"/>
  <testcase name="should be decoded properly" classname="com.github.traderjoe95.mls.protocol.message.Messages" time="0.0"/>
  <testcase name="should round-trip to the same binary value" classname="com.github.traderjoe95.mls.protocol.message.Messages" time="0.001"/>
  <testcase name="should be decoded properly" classname="com.github.traderjoe95.mls.protocol.message.Messages" time="0.0"/>
  <testcase name="should round-trip to the same binary value" classname="com.github.traderjoe95.mls.protocol.message.Messages" time="0.0"/>
  <testcase name="should be decoded properly" classname="com.github.traderjoe95.mls.protocol.message.Messages" time="0.0"/>
  <testcase name="should round-trip to the same binary value" classname="com.github.traderjoe95.mls.protocol.message.Messages" time="0.0"/>
  <testcase name="should be decoded properly" classname="com.github.traderjoe95.mls.protocol.message.Messages" time="0.0"/>
  <testcase name="should round-trip to the same binary value" classname="com.github.traderjoe95.mls.protocol.message.Messages" time="0.0"/>
  <testcase name="should be decoded properly" classname="com.github.traderjoe95.mls.protocol.message.Messages" time="0.0"/>
  <testcase name="should round-trip to the same binary value" classname="com.github.traderjoe95.mls.protocol.message.Messages" time="0.0"/>
  <testcase name="should be decoded properly" classname="com.github.traderjoe95.mls.protocol.message.Messages" time="0.0"/>
  <testcase name="should round-trip to the same binary value" classname="com.github.traderjoe95.mls.protocol.message.Messages" time="0.0"/>
  <testcase name="should be decoded properly" classname="com.github.traderjoe95.mls.protocol.message.Messages" time="0.0"/>
  <testcase name="should round-trip to the same binary value" classname="com.github.traderjoe95.mls.protocol.message.Messages" time="0.0"/>
  <testcase name="should be decoded properly" classname="com.github.traderjoe95.mls.protocol.message.Messages" time="0.0"/>
  <testcase name="should round-trip to the same binary value" classname="com.github.traderjoe95.mls.protocol.message.Messages" time="0.0"/>
  <testcase name="should be decoded properly" classname="com.github.traderjoe95.mls.protocol.message.Messages" time="0.0"/>
  <testcase name="should round-trip to the same binary value" classname="com.github.traderjoe95.mls.protocol.message.Messages" time="0.001"/>
  <testcase name="should be decoded properly" classname="com.github.traderjoe95.mls.protocol.message.Messages" time="0.0"/>
  <testcase name="should round-trip to the same binary value" classname="com.github.traderjoe95.mls.protocol.message.Messages" time="0.0"/>
  <testcase name="should be decoded properly" classname="com.github.traderjoe95.mls.protocol.message.Messages" time="0.0"/>
  <testcase name="should round-trip to the same binary value" classname="com.github.traderjoe95.mls.protocol.message.Messages" time="0.0"/>
  <testcase name="should be decoded properly" classname="com.github.traderjoe95.mls.protocol.message.Messages" time="0.0"/>
  <testcase name="should round-trip to the same binary value" classname="com.github.traderjoe95.mls.protocol.message.Messages" time="0.0"/>
  <testcase name="should be decoded properly" classname="com.github.traderjoe95.mls.protocol.message.Messages" time="0.0"/>
  <testcase name="should round-trip to the same binary value" classname="com.github.traderjoe95.mls.protocol.message.Messages" time="0.0"/>
  <testcase name="should be decoded properly" classname="com.github.traderjoe95.mls.protocol.message.Messages" time="0.0"/>
  <testcase name="should round-trip to the same binary value" classname="com.github.traderjoe95.mls.protocol.message.Messages" time="0.0"/>
  <testcase name="should be decoded properly" classname="com.github.traderjoe95.mls.protocol.message.Messages" time="0.0"/>
  <testcase name="should round-trip to the same binary value" classname="com.github.traderjoe95.mls.protocol.message.Messages" time="0.0"/>
  <testcase name="should be decoded properly" classname="com.github.traderjoe95.mls.protocol.message.Messages" time="0.0"/>
  <testcase name="should round-trip to the same binary value" classname="com.github.traderjoe95.mls.protocol.message.Messages" time="0.001"/>
  <testcase name="should be decoded properly" classname="com.github.traderjoe95.mls.protocol.message.Messages" time="0.0"/>
  <testcase name="should round-trip to the same binary value" classname="com.github.traderjoe95.mls.protocol.message.Messages" time="0.0"/>
  <testcase name="should be decoded properly" classname="com.github.traderjoe95.mls.protocol.message.Messages" time="0.0"/>
  <testcase name="should round-trip to the same binary value" classname="com.github.traderjoe95.mls.protocol.message.Messages" time="0.0"/>
  <testcase name="should be decoded properly" classname="com.github.traderjoe95.mls.protocol.message.Messages" time="0.0"/>
  <testcase name="should round-trip to the same binary value" classname="com.github.traderjoe95.mls.protocol.message.Messages" time="0.0"/>
  <testcase name="should be decoded properly" classname="com.github.traderjoe95.mls.protocol.message.Messages" time="0.001"/>
  <testcase name="should round-trip to the same binary value" classname="com.github.traderjoe95.mls.protocol.message.Messages" time="0.0"/>
  <testcase name="should be decoded properly" classname="com.github.traderjoe95.mls.protocol.message.Messages" time="0.0"/>
  <testcase name="should round-trip to the same binary value" classname="com.github.traderjoe95.mls.protocol.message.Messages" time="0.001"/>
  <testcase name="should be decoded properly" classname="com.github.traderjoe95.mls.protocol.message.Messages" time="0.0"/>
  <testcase name="should round-trip to the same binary value" classname="com.github.traderjoe95.mls.protocol.message.Messages" time="0.0"/>
  <testcase name="should be decoded properly" classname="com.github.traderjoe95.mls.protocol.message.Messages" time="0.0"/>
  <testcase name="should round-trip to the same binary value" classname="com.github.traderjoe95.mls.protocol.message.Messages" time="0.0"/>
  <testcase name="should be decoded properly" classname="com.github.traderjoe95.mls.protocol.message.Messages" time="0.001"/>
  <testcase name="should round-trip to the same binary value" classname="com.github.traderjoe95.mls.protocol.message.Messages" time="0.0"/>
  <testcase name="should be decoded properly" classname="com.github.traderjoe95.mls.protocol.message.Messages" time="0.0"/>
  <testcase name="should round-trip to the same binary value" classname="com.github.traderjoe95.mls.protocol.message.Messages" time="0.0"/>
  <testcase name="should be decoded properly" classname="com.github.traderjoe95.mls.protocol.message.Messages" time="0.0"/>
  <testcase name="should round-trip to the same binary value" classname="com.github.traderjoe95.mls.protocol.message.Messages" time="0.0"/>
  <testcase name="should be decoded properly" classname="com.github.traderjoe95.mls.protocol.message.Messages" time="0.001"/>
  <testcase name="should round-trip to the same binary value" classname="com.github.traderjoe95.mls.protocol.message.Messages" time="0.001"/>
  <testcase name="should be decoded properly" classname="com.github.traderjoe95.mls.protocol.message.Messages" time="0.0"/>
  <testcase name="should round-trip to the same binary value" classname="com.github.traderjoe95.mls.protocol.message.Messages" time="0.001"/>
  <testcase name="should be decoded properly" classname="com.github.traderjoe95.mls.protocol.message.Messages" time="0.0"/>
  <testcase name="should round-trip to the same binary value" classname="com.github.traderjoe95.mls.protocol.message.Messages" time="0.0"/>
  <testcase name="should be decoded properly" classname="com.github.traderjoe95.mls.protocol.message.Messages" time="0.0"/>
  <testcase name="should round-trip to the same binary value" classname="com.github.traderjoe95.mls.protocol.message.Messages" time="0.0"/>
  <testcase name="should be decoded properly" classname="com.github.traderjoe95.mls.protocol.message.Messages" time="0.0"/>
  <testcase name="should round-trip to the same binary value" classname="com.github.traderjoe95.mls.protocol.message.Messages" time="0.0"/>
  <testcase name="should be decoded properly" classname="com.github.traderjoe95.mls.protocol.message.Messages" time="0.0"/>
  <testcase name="should round-trip to the same binary value" classname="com.github.traderjoe95.mls.protocol.message.Messages" time="0.0"/>
  <testcase name="should be decoded properly" classname="com.github.traderjoe95.mls.protocol.message.Messages" time="0.0"/>
  <testcase name="should round-trip to the same binary value" classname="com.github.traderjoe95.mls.protocol.message.Messages" time="0.0"/>
  <testcase name="should be decoded properly" classname="com.github.traderjoe95.mls.protocol.message.Messages" time="0.0"/>
  <testcase name="should round-trip to the same binary value" classname="com.github.traderjoe95.mls.protocol.message.Messages" time="0.001"/>
  <testcase name="should be decoded properly" classname="com.github.traderjoe95.mls.protocol.message.Messages" time="0.0"/>
  <testcase name="should round-trip to the same binary value" classname="com.github.traderjoe95.mls.protocol.message.Messages" time="0.0"/>
  <testcase name="should be decoded properly" classname="com.github.traderjoe95.mls.protocol.message.Messages" time="0.0"/>
  <testcase name="should round-trip to the same binary value" classname="com.github.traderjoe95.mls.protocol.message.Messages" time="0.0"/>
  <testcase name="should be decoded properly" classname="com.github.traderjoe95.mls.protocol.message.Messages" time="0.0"/>
  <testcase name="should round-trip to the same binary value" classname="com.github.traderjoe95.mls.protocol.message.Messages" time="0.0"/>
  <testcase name="should be decoded properly" classname="com.github.traderjoe95.mls.protocol.message.Messages" time="0.0"/>
  <testcase name="should round-trip to the same binary value" classname="com.github.traderjoe95.mls.protocol.message.Messages" time="0.001"/>
  <testcase name="should be decoded properly" classname="com.github.traderjoe95.mls.protocol.message.Messages" time="0.0"/>
  <testcase name="should round-trip to the same binary value" classname="com.github.traderjoe95.mls.protocol.message.Messages" time="0.0"/>
  <testcase name="should be decoded properly" classname="com.github.traderjoe95.mls.protocol.message.Messages" time="0.0"/>
  <testcase name="should round-trip to the same binary value" classname="com.github.traderjoe95.mls.protocol.message.Messages" time="0.0"/>
  <testcase name="should be decoded properly" classname="com.github.traderjoe95.mls.protocol.message.Messages" time="0.0"/>
  <testcase name="should round-trip to the same binary value" classname="com.github.traderjoe95.mls.protocol.message.Messages" time="0.0"/>
  <testcase name="should be decoded properly" classname="com.github.traderjoe95.mls.protocol.message.Messages" time="0.0"/>
  <testcase name="should round-trip to the same binary value" classname="com.github.traderjoe95.mls.protocol.message.Messages" time="0.001"/>
  <testcase name="should be decoded properly" classname="com.github.traderjoe95.mls.protocol.message.Messages" time="0.0"/>
  <testcase name="should round-trip to the same binary value" classname="com.github.traderjoe95.mls.protocol.message.Messages" time="0.0"/>
  <testcase name="should be decoded properly" classname="com.github.traderjoe95.mls.protocol.message.Messages" time="0.0"/>
  <testcase name="should round-trip to the same binary value" classname="com.github.traderjoe95.mls.protocol.message.Messages" time="0.0"/>
  <testcase name="should be decoded properly" classname="com.github.traderjoe95.mls.protocol.message.Messages" time="0.0"/>
  <testcase name="should round-trip to the same binary value" classname="com.github.traderjoe95.mls.protocol.message.Messages" time="0.0"/>
  <testcase name="should be decoded properly" classname="com.github.traderjoe95.mls.protocol.message.Messages" time="0.0"/>
  <testcase name="should round-trip to the same binary value" classname="com.github.traderjoe95.mls.protocol.message.Messages" time="0.001"/>
  <testcase name="should be decoded properly" classname="com.github.traderjoe95.mls.protocol.message.Messages" time="0.001"/>
  <testcase name="should round-trip to the same binary value" classname="com.github.traderjoe95.mls.protocol.message.Messages" time="0.0"/>
  <testcase name="should be decoded properly" classname="com.github.traderjoe95.mls.protocol.message.Messages" time="0.0"/>
  <testcase name="should round-trip to the same binary value" classname="com.github.traderjoe95.mls.protocol.message.Messages" time="0.0"/>
  <testcase name="should be decoded properly" classname="com.github.traderjoe95.mls.protocol.message.Messages" time="0.0"/>
  <testcase name="should round-trip to the same binary value" classname="com.github.traderjoe95.mls.protocol.message.Messages" time="0.0"/>
  <testcase name="should be decoded properly" classname="com.github.traderjoe95.mls.protocol.message.Messages" time="0.0"/>
  <testcase name="should round-trip to the same binary value" classname="com.github.traderjoe95.mls.protocol.message.Messages" time="0.001"/>
  <testcase name="should be decoded properly" classname="com.github.traderjoe95.mls.protocol.message.Messages" time="0.0"/>
  <testcase name="should round-trip to the same binary value" classname="com.github.traderjoe95.mls.protocol.message.Messages" time="0.0"/>
  <testcase name="should be decoded properly" classname="com.github.traderjoe95.mls.protocol.message.Messages" time="0.0"/>
  <testcase name="should round-trip to the same binary value" classname="com.github.traderjoe95.mls.protocol.message.Messages" time="0.0"/>
  <testcase name="should be decoded properly" classname="com.github.traderjoe95.mls.protocol.message.Messages" time="0.0"/>
  <testcase name="should round-trip to the same binary value" classname="com.github.traderjoe95.mls.protocol.message.Messages" time="0.0"/>
  <testcase name="should be decoded properly" classname="com.github.traderjoe95.mls.protocol.message.Messages" time="0.001"/>
  <testcase name="should round-trip to the same binary value" classname="com.github.traderjoe95.mls.protocol.message.Messages" time="0.0"/>
  <testcase name="should be decoded properly" classname="com.github.traderjoe95.mls.protocol.message.Messages" time="0.0"/>
  <testcase name="should round-trip to the same binary value" classname="com.github.traderjoe95.mls.protocol.message.Messages" time="0.001"/>
  <testcase name="should be decoded properly" classname="com.github.traderjoe95.mls.protocol.message.Messages" time="0.0"/>
  <testcase name="should round-trip to the same binary value" classname="com.github.traderjoe95.mls.protocol.message.Messages" time="0.0"/>
  <testcase name="should be decoded properly" classname="com.github.traderjoe95.mls.protocol.message.Messages" time="0.0"/>
  <testcase name="should round-trip to the same binary value" classname="com.github.traderjoe95.mls.protocol.message.Messages" time="0.001"/>
  <testcase name="should be decoded properly" classname="com.github.traderjoe95.mls.protocol.message.Messages" time="0.0"/>
  <testcase name="should round-trip to the same binary value" classname="com.github.traderjoe95.mls.protocol.message.Messages" time="0.0"/>
  <testcase name="should be decoded properly" classname="com.github.traderjoe95.mls.protocol.message.Messages" time="0.0"/>
  <testcase name="should round-trip to the same binary value" classname="com.github.traderjoe95.mls.protocol.message.Messages" time="0.0"/>
  <testcase name="should be decoded properly" classname="com.github.traderjoe95.mls.protocol.message.Messages" time="0.0"/>
  <testcase name="should round-trip to the same binary value" classname="com.github.traderjoe95.mls.protocol.message.Messages" time="0.0"/>
  <testcase name="should be decoded properly" classname="com.github.traderjoe95.mls.protocol.message.Messages" time="0.0"/>
  <testcase name="should round-trip to the same binary value" classname="com.github.traderjoe95.mls.protocol.message.Messages" time="0.0"/>
  <testcase name="should be decoded properly" classname="com.github.traderjoe95.mls.protocol.message.Messages" time="0.0"/>
  <testcase name="should round-trip to the same binary value" classname="com.github.traderjoe95.mls.protocol.message.Messages" time="0.0"/>
  <testcase name="should be decoded properly" classname="com.github.traderjoe95.mls.protocol.message.Messages" time="0.0"/>
  <testcase name="should round-trip to the same binary value" classname="com.github.traderjoe95.mls.protocol.message.Messages" time="0.0"/>
  <testcase name="should be decoded properly" classname="com.github.traderjoe95.mls.protocol.message.Messages" time="0.0"/>
  <testcase name="should round-trip to the same binary value" classname="com.github.traderjoe95.mls.protocol.message.Messages" time="0.001"/>
  <testcase name="should be decoded properly" classname="com.github.traderjoe95.mls.protocol.message.Messages" time="0.001"/>
  <testcase name="should round-trip to the same binary value" classname="com.github.traderjoe95.mls.protocol.message.Messages" time="0.0"/>
  <testcase name="should be decoded properly" classname="com.github.traderjoe95.mls.protocol.message.Messages" time="0.0"/>
  <testcase name="should round-trip to the same binary value" classname="com.github.traderjoe95.mls.protocol.message.Messages" time="0.0"/>
  <testcase name="should be decoded properly" classname="com.github.traderjoe95.mls.protocol.message.Messages" time="0.0"/>
  <testcase name="should round-trip to the same binary value" classname="com.github.traderjoe95.mls.protocol.message.Messages" time="0.0"/>
  <testcase name="should be decoded properly" classname="com.github.traderjoe95.mls.protocol.message.Messages" time="0.0"/>
  <testcase name="should round-trip to the same binary value" classname="com.github.traderjoe95.mls.protocol.message.Messages" time="0.0"/>
  <testcase name="should be decoded properly" classname="com.github.traderjoe95.mls.protocol.message.Messages" time="0.0"/>
  <testcase name="should round-trip to the same binary value" classname="com.github.traderjoe95.mls.protocol.message.Messages" time="0.0"/>
  <testcase name="should be decoded properly" classname="com.github.traderjoe95.mls.protocol.message.Messages" time="0.0"/>
  <testcase name="should round-trip to the same binary value" classname="com.github.traderjoe95.mls.protocol.message.Messages" time="0.0"/>
  <testcase name="should be decoded properly" classname="com.github.traderjoe95.mls.protocol.message.Messages" time="0.0"/>
  <testcase name="should round-trip to the same binary value" classname="com.github.traderjoe95.mls.protocol.message.Messages" time="0.001"/>
  <testcase name="should be decoded properly" classname="com.github.traderjoe95.mls.protocol.message.Messages" time="0.001"/>
  <testcase name="should round-trip to the same binary value" classname="com.github.traderjoe95.mls.protocol.message.Messages" time="0.0"/>
  <testcase name="should be decoded properly" classname="com.github.traderjoe95.mls.protocol.message.Messages" time="0.0"/>
  <testcase name="should round-trip to the same binary value" classname="com.github.traderjoe95.mls.protocol.message.Messages" time="0.0"/>
  <testcase name="should be decoded properly" classname="com.github.traderjoe95.mls.protocol.message.Messages" time="0.0"/>
  <testcase name="should round-trip to the same binary value" classname="com.github.traderjoe95.mls.protocol.message.Messages" time="0.0"/>
  <testcase name="should be decoded properly" classname="com.github.traderjoe95.mls.protocol.message.Messages" time="0.0"/>
  <testcase name="should round-trip to the same binary value" classname="com.github.traderjoe95.mls.protocol.message.Messages" time="0.0"/>
  <testcase name="should be decoded properly" classname="com.github.traderjoe95.mls.protocol.message.Messages" time="0.001"/>
  <testcase name="should round-trip to the same binary value" classname="com.github.traderjoe95.mls.protocol.message.Messages" time="0.0"/>
  <testcase name="should be decoded properly" classname="com.github.traderjoe95.mls.protocol.message.Messages" time="0.0"/>
  <testcase name="should round-trip to the same binary value" classname="com.github.traderjoe95.mls.protocol.message.Messages" time="0.0"/>
  <testcase name="should be decoded properly" classname="com.github.traderjoe95.mls.protocol.message.Messages" time="0.0"/>
  <testcase name="should round-trip to the same binary value" classname="com.github.traderjoe95.mls.protocol.message.Messages" time="0.0"/>
  <testcase name="should be decoded properly" classname="com.github.traderjoe95.mls.protocol.message.Messages" time="0.0"/>
  <testcase name="should round-trip to the same binary value" classname="com.github.traderjoe95.mls.protocol.message.Messages" time="0.0"/>
  <testcase name="should be decoded properly" classname="com.github.traderjoe95.mls.protocol.message.Messages" time="0.0"/>
  <testcase name="should round-trip to the same binary value" classname="com.github.traderjoe95.mls.protocol.message.Messages" time="0.0"/>
  <testcase name="should be decoded properly" classname="com.github.traderjoe95.mls.protocol.message.Messages" time="0.0"/>
  <testcase name="should round-trip to the same binary value" classname="com.github.traderjoe95.mls.protocol.message.Messages" time="0.0"/>
  <testcase name="should be decoded properly" classname="com.github.traderjoe95.mls.protocol.message.Messages" time="0.0"/>
  <testcase name="should round-trip to the same binary value" classname="com.github.traderjoe95.mls.protocol.message.Messages" time="0.0"/>
  <testcase name="should be decoded properly" classname="com.github.traderjoe95.mls.protocol.message.Messages" time="0.0"/>
  <testcase name="should round-trip to the same binary value" classname="com.github.traderjoe95.mls.protocol.message.Messages" time="0.0"/>
  <testcase name="should be decoded properly" classname="com.github.traderjoe95.mls.protocol.message.Messages" time="0.001"/>
  <testcase name="should round-trip to the same binary value" classname="com.github.traderjoe95.mls.protocol.message.Messages" time="0.001"/>
  <testcase name="should be decoded properly" classname="com.github.traderjoe95.mls.protocol.message.Messages" time="0.0"/>
  <testcase name="should round-trip to the same binary value" classname="com.github.traderjoe95.mls.protocol.message.Messages" time="0.0"/>
  <testcase name="should be decoded properly" classname="com.github.traderjoe95.mls.protocol.message.Messages" time="0.001"/>
  <testcase name="should round-trip to the same binary value" classname="com.github.traderjoe95.mls.protocol.message.Messages" time="0.001"/>
  <testcase name="should be decoded properly" classname="com.github.traderjoe95.mls.protocol.message.Messages" time="0.0"/>
  <testcase name="should round-trip to the same binary value" classname="com.github.traderjoe95.mls.protocol.message.Messages" time="0.0"/>
  <testcase name="should be decoded properly" classname="com.github.traderjoe95.mls.protocol.message.Messages" time="0.0"/>
  <testcase name="should round-trip to the same binary value" classname="com.github.traderjoe95.mls.protocol.message.Messages" time="0.0"/>
  <testcase name="should be decoded properly" classname="com.github.traderjoe95.mls.protocol.message.Messages" time="0.0"/>
  <testcase name="should round-trip to the same binary value" classname="com.github.traderjoe95.mls.protocol.message.Messages" time="0.0"/>
  <testcase name="should be decoded properly" classname="com.github.traderjoe95.mls.protocol.message.Messages" time="0.0"/>
  <testcase name="should round-trip to the same binary value" classname="com.github.traderjoe95.mls.protocol.message.Messages" time="0.001"/>
  <testcase name="should be decoded properly" classname="com.github.traderjoe95.mls.protocol.message.Messages" time="0.0"/>
  <testcase name="should round-trip to the same binary value" classname="com.github.traderjoe95.mls.protocol.message.Messages" time="0.0"/>
  <testcase name="should be decoded properly" classname="com.github.traderjoe95.mls.protocol.message.Messages" time="0.0"/>
  <testcase name="should round-trip to the same binary value" classname="com.github.traderjoe95.mls.protocol.message.Messages" time="0.0"/>
  <testcase name="should be decoded properly" classname="com.github.traderjoe95.mls.protocol.message.Messages" time="0.0"/>
  <testcase name="should round-trip to the same binary value" classname="com.github.traderjoe95.mls.protocol.message.Messages" time="0.001"/>
  <testcase name="should be decoded properly" classname="com.github.traderjoe95.mls.protocol.message.Messages" time="0.0"/>
  <testcase name="should round-trip to the same binary value" classname="com.github.traderjoe95.mls.protocol.message.Messages" time="0.0"/>
  <testcase name="should be decoded properly" classname="com.github.traderjoe95.mls.protocol.message.Messages" time="0.0"/>
  <testcase name="should round-trip to the same binary value" classname="com.github.traderjoe95.mls.protocol.message.Messages" time="0.0"/>
  <testcase name="should be decoded properly" classname="com.github.traderjoe95.mls.protocol.message.Messages" time="0.0"/>
  <testcase name="should round-trip to the same binary value" classname="com.github.traderjoe95.mls.protocol.message.Messages" time="0.0"/>
  <testcase name="should be decoded properly" classname="com.github.traderjoe95.mls.protocol.message.Messages" time="0.0"/>
  <testcase name="should round-trip to the same binary value" classname="com.github.traderjoe95.mls.protocol.message.Messages" time="0.0"/>
  <testcase name="should be decoded properly" classname="com.github.traderjoe95.mls.protocol.message.Messages" time="0.0"/>
  <testcase name="should round-trip to the same binary value" classname="com.github.traderjoe95.mls.protocol.message.Messages" time="0.0"/>
  <testcase name="should be decoded properly" classname="com.github.traderjoe95.mls.protocol.message.Messages" time="0.0"/>
  <testcase name="should round-trip to the same binary value" classname="com.github.traderjoe95.mls.protocol.message.Messages" time="0.001"/>
  <testcase name="should be decoded properly" classname="com.github.traderjoe95.mls.protocol.message.Messages" time="0.0"/>
  <testcase name="should round-trip to the same binary value" classname="com.github.traderjoe95.mls.protocol.message.Messages" time="0.0"/>
  <testcase name="should be decoded properly" classname="com.github.traderjoe95.mls.protocol.message.Messages" time="0.0"/>
  <testcase name="should round-trip to the same binary value" classname="com.github.traderjoe95.mls.protocol.message.Messages" time="0.0"/>
  <testcase name="should be decoded properly" classname="com.github.traderjoe95.mls.protocol.message.Messages" time="0.0"/>
  <testcase name="should round-trip to the same binary value" classname="com.github.traderjoe95.mls.protocol.message.Messages" time="0.0"/>
  <testcase name="should be decoded properly" classname="com.github.traderjoe95.mls.protocol.message.Messages" time="0.0"/>
  <testcase name="should round-trip to the same binary value" classname="com.github.traderjoe95.mls.protocol.message.Messages" time="0.0"/>
  <testcase name="should be decoded properly" classname="com.github.traderjoe95.mls.protocol.message.Messages" time="0.0"/>
  <testcase name="should round-trip to the same binary value" classname="com.github.traderjoe95.mls.protocol.message.Messages" time="0.0"/>
  <testcase name="should be decoded properly" classname="com.github.traderjoe95.mls.protocol.message.Messages" time="0.0"/>
  <testcase name="should round-trip to the same binary value" classname="com.github.traderjoe95.mls.protocol.message.Messages" time="0.0"/>
  <testcase name="should be decoded properly" classname="com.github.traderjoe95.mls.protocol.message.Messages" time="0.0"/>
  <testcase name="should round-trip to the same binary value" classname="com.github.traderjoe95.mls.protocol.message.Messages" time="0.0"/>
  <testcase name="should be decoded properly" classname="com.github.traderjoe95.mls.protocol.message.Messages" time="0.0"/>
  <testcase name="should round-trip to the same binary value" classname="com.github.traderjoe95.mls.protocol.message.Messages" time="0.0"/>
  <testcase name="should be decoded properly" classname="com.github.traderjoe95.mls.protocol.message.Messages" time="0.0"/>
  <testcase name="should round-trip to the same binary value" classname="com.github.traderjoe95.mls.protocol.message.Messages" time="0.0"/>
  <testcase name="should be decoded properly" classname="com.github.traderjoe95.mls.protocol.message.Messages" time="0.001"/>
  <testcase name="should round-trip to the same binary value" classname="com.github.traderjoe95.mls.protocol.message.Messages" time="0.0"/>
  <testcase name="should be decoded properly" classname="com.github.traderjoe95.mls.protocol.message.Messages" time="0.0"/>
  <testcase name="should round-trip to the same binary value" classname="com.github.traderjoe95.mls.protocol.message.Messages" time="0.0"/>
  <testcase name="should be decoded properly" classname="com.github.traderjoe95.mls.protocol.message.Messages" time="0.0"/>
  <testcase name="should round-trip to the same binary value" classname="com.github.traderjoe95.mls.protocol.message.Messages" time="0.001"/>
  <testcase name="should be decoded properly" classname="com.github.traderjoe95.mls.protocol.message.Messages" time="0.0"/>
  <testcase name="should round-trip to the same binary value" classname="com.github.traderjoe95.mls.protocol.message.Messages" time="0.0"/>
  <testcase name="should be decoded properly" classname="com.github.traderjoe95.mls.protocol.message.Messages" time="0.001"/>
  <testcase name="should round-trip to the same binary value" classname="com.github.traderjoe95.mls.protocol.message.Messages" time="0.0"/>
  <testcase name="should be decoded properly" classname="com.github.traderjoe95.mls.protocol.message.Messages" time="0.0"/>
  <testcase name="should round-trip to the same binary value" classname="com.github.traderjoe95.mls.protocol.message.Messages" time="0.0"/>
  <testcase name="should be decoded properly" classname="com.github.traderjoe95.mls.protocol.message.Messages" time="0.001"/>
  <testcase name="should round-trip to the same binary value" classname="com.github.traderjoe95.mls.protocol.message.Messages" time="0.0"/>
  <testcase name="should be decoded properly" classname="com.github.traderjoe95.mls.protocol.message.Messages" time="0.0"/>
  <testcase name="should round-trip to the same binary value" classname="com.github.traderjoe95.mls.protocol.message.Messages" time="0.0"/>
  <testcase name="should be decoded properly" classname="com.github.traderjoe95.mls.protocol.message.Messages" time="0.0"/>
  <testcase name="should round-trip to the same binary value" classname="com.github.traderjoe95.mls.protocol.message.Messages" time="0.001"/>
  <testcase name="should be decoded properly" classname="com.github.traderjoe95.mls.protocol.message.Messages" time="0.0"/>
  <testcase name="should round-trip to the same binary value" classname="com.github.traderjoe95.mls.protocol.message.Messages" time="0.0"/>
  <testcase name="should be decoded properly" classname="com.github.traderjoe95.mls.protocol.message.Messages" time="0.0"/>
  <testcase name="should round-trip to the same binary value" classname="com.github.traderjoe95.mls.protocol.message.Messages" time="0.0"/>
  <testcase name="should be decoded properly" classname="com.github.traderjoe95.mls.protocol.message.Messages" time="0.0"/>
  <testcase name="should round-trip to the same binary value" classname="com.github.traderjoe95.mls.protocol.message.Messages" time="0.001"/>
  <testcase name="should be decoded properly" classname="com.github.traderjoe95.mls.protocol.message.Messages" time="0.0"/>
  <testcase name="should round-trip to the same binary value" classname="com.github.traderjoe95.mls.protocol.message.Messages" time="0.0"/>
  <testcase name="should be decoded properly" classname="com.github.traderjoe95.mls.protocol.message.Messages" time="0.0"/>
  <testcase name="should round-trip to the same binary value" classname="com.github.traderjoe95.mls.protocol.message.Messages" time="0.0"/>
  <testcase name="should be decoded properly" classname="com.github.traderjoe95.mls.protocol.message.Messages" time="0.0"/>
  <testcase name="should round-trip to the same binary value" classname="com.github.traderjoe95.mls.protocol.message.Messages" time="0.0"/>
  <testcase name="should be decoded properly" classname="com.github.traderjoe95.mls.protocol.message.Messages" time="0.0"/>
  <testcase name="should round-trip to the same binary value" classname="com.github.traderjoe95.mls.protocol.message.Messages" time="0.0"/>
  <testcase name="should be decoded properly" classname="com.github.traderjoe95.mls.protocol.message.Messages" time="0.0"/>
  <testcase name="should round-trip to the same binary value" classname="com.github.traderjoe95.mls.protocol.message.Messages" time="0.0"/>
  <testcase name="should be decoded properly" classname="com.github.traderjoe95.mls.protocol.message.Messages" time="0.0"/>
  <testcase name="should round-trip to the same binary value" classname="com.github.traderjoe95.mls.protocol.message.Messages" time="0.0"/>
  <testcase name="should be decoded properly" classname="com.github.traderjoe95.mls.protocol.message.Messages" time="0.0"/>
  <testcase name="should round-trip to the same binary value" classname="com.github.traderjoe95.mls.protocol.message.Messages" time="0.0"/>
  <testcase name="should be decoded properly" classname="com.github.traderjoe95.mls.protocol.message.Messages" time="0.0"/>
  <testcase name="should round-trip to the same binary value" classname="com.github.traderjoe95.mls.protocol.message.Messages" time="0.0"/>
  <testcase name="should be decoded properly" classname="com.github.traderjoe95.mls.protocol.message.Messages" time="0.0"/>
  <testcase name="should round-trip to the same binary value" classname="com.github.traderjoe95.mls.protocol.message.Messages" time="0.0"/>
  <testcase name="should be decoded properly" classname="com.github.traderjoe95.mls.protocol.message.Messages" time="0.0"/>
  <testcase name="should round-trip to the same binary value" classname="com.github.traderjoe95.mls.protocol.message.Messages" time="0.0"/>
  <testcase name="should be decoded properly" classname="com.github.traderjoe95.mls.protocol.message.Messages" time="0.0"/>
  <testcase name="should round-trip to the same binary value" classname="com.github.traderjoe95.mls.protocol.message.Messages" time="0.0"/>
  <testcase name="should be decoded properly" classname="com.github.traderjoe95.mls.protocol.message.Messages" time="0.0"/>
  <testcase name="should round-trip to the same binary value" classname="com.github.traderjoe95.mls.protocol.message.Messages" time="0.001"/>
  <testcase name="should be decoded properly" classname="com.github.traderjoe95.mls.protocol.message.Messages" time="0.001"/>
  <testcase name="should round-trip to the same binary value" classname="com.github.traderjoe95.mls.protocol.message.Messages" time="0.0"/>
  <testcase name="should be decoded properly" classname="com.github.traderjoe95.mls.protocol.message.Messages" time="0.0"/>
  <testcase name="should round-trip to the same binary value" classname="com.github.traderjoe95.mls.protocol.message.Messages" time="0.001"/>
  <testcase name="should be decoded properly" classname="com.github.traderjoe95.mls.protocol.message.Messages" time="0.0"/>
  <testcase name="should round-trip to the same binary value" classname="com.github.traderjoe95.mls.protocol.message.Messages" time="0.0"/>
  <testcase name="should be decoded properly" classname="com.github.traderjoe95.mls.protocol.message.Messages" time="0.001"/>
  <testcase name="should round-trip to the same binary value" classname="com.github.traderjoe95.mls.protocol.message.Messages" time="0.0"/>
  <testcase name="should be decoded properly" classname="com.github.traderjoe95.mls.protocol.message.Messages" time="0.0"/>
  <testcase name="should round-trip to the same binary value" classname="com.github.traderjoe95.mls.protocol.message.Messages" time="0.0"/>
  <testcase name="should be decoded properly" classname="com.github.traderjoe95.mls.protocol.message.Messages" time="0.0"/>
  <testcase name="should round-trip to the same binary value" classname="com.github.traderjoe95.mls.protocol.message.Messages" time="0.0"/>
  <testcase name="should be decoded properly" classname="com.github.traderjoe95.mls.protocol.message.Messages" time="0.0"/>
  <testcase name="should round-trip to the same binary value" classname="com.github.traderjoe95.mls.protocol.message.Messages" time="0.001"/>
  <testcase name="should be decoded properly" classname="com.github.traderjoe95.mls.protocol.message.Messages" time="0.0"/>
  <testcase name="should round-trip to the same binary value" classname="com.github.traderjoe95.mls.protocol.message.Messages" time="0.0"/>
  <testcase name="should be decoded properly" classname="com.github.traderjoe95.mls.protocol.message.Messages" time="0.0"/>
  <testcase name="should round-trip to the same binary value" classname="com.github.traderjoe95.mls.protocol.message.Messages" time="0.0"/>
  <testcase name="should be decoded properly" classname="com.github.traderjoe95.mls.protocol.message.Messages" time="0.001"/>
  <testcase name="should round-trip to the same binary value" classname="com.github.traderjoe95.mls.protocol.message.Messages" time="0.0"/>
  <testcase name="should be decoded properly" classname="com.github.traderjoe95.mls.protocol.message.Messages" time="0.0"/>
  <testcase name="should round-trip to the same binary value" classname="com.github.traderjoe95.mls.protocol.message.Messages" time="0.0"/>
  <testcase name="should be decoded properly" classname="com.github.traderjoe95.mls.protocol.message.Messages" time="0.0"/>
  <testcase name="should round-trip to the same binary value" classname="com.github.traderjoe95.mls.protocol.message.Messages" time="0.0"/>
  <testcase name="should be decoded properly" classname="com.github.traderjoe95.mls.protocol.message.Messages" time="0.0"/>
  <testcase name="should round-trip to the same binary value" classname="com.github.traderjoe95.mls.protocol.message.Messages" time="0.0"/>
  <testcase name="should be decoded properly" classname="com.github.traderjoe95.mls.protocol.message.Messages" time="0.0"/>
  <testcase name="should round-trip to the same binary value" classname="com.github.traderjoe95.mls.protocol.message.Messages" time="0.001"/>
  <testcase name="should be decoded properly" classname="com.github.traderjoe95.mls.protocol.message.Messages" time="0.0"/>
  <testcase name="should round-trip to the same binary value" classname="com.github.traderjoe95.mls.protocol.message.Messages" time="0.0"/>
  <testcase name="should be decoded properly" classname="com.github.traderjoe95.mls.protocol.message.Messages" time="0.001"/>
  <testcase name="should round-trip to the same binary value" classname="com.github.traderjoe95.mls.protocol.message.Messages" time="0.0"/>
  <testcase name="should be decoded properly" classname="com.github.traderjoe95.mls.protocol.message.Messages" time="0.0"/>
  <testcase name="should round-trip to the same binary value" classname="com.github.traderjoe95.mls.protocol.message.Messages" time="0.0"/>
  <testcase name="should be decoded properly" classname="com.github.traderjoe95.mls.protocol.message.Messages" time="0.0"/>
  <testcase name="should round-trip to the same binary value" classname="com.github.traderjoe95.mls.protocol.message.Messages" time="0.001"/>
  <testcase name="should be decoded properly" classname="com.github.traderjoe95.mls.protocol.message.Messages" time="0.0"/>
  <testcase name="should round-trip to the same binary value" classname="com.github.traderjoe95.mls.protocol.message.Messages" time="0.0"/>
  <testcase name="should be decoded properly" classname="com.github.traderjoe95.mls.protocol.message.Messages" time="0.0"/>
  <testcase name="should round-trip to the same binary value" classname="com.github.traderjoe95.mls.protocol.message.Messages" time="0.0"/>
  <testcase name="should be decoded properly" classname="com.github.traderjoe95.mls.protocol.message.Messages" time="0.0"/>
  <testcase name="should round-trip to the same binary value" classname="com.github.traderjoe95.mls.protocol.message.Messages" time="0.0"/>
  <testcase name="should be decoded properly" classname="com.github.traderjoe95.mls.protocol.message.Messages" time="0.001"/>
  <testcase name="should round-trip to the same binary value" classname="com.github.traderjoe95.mls.protocol.message.Messages" time="0.0"/>
  <testcase name="should be decoded properly" classname="com.github.traderjoe95.mls.protocol.message.Messages" time="0.0"/>
  <testcase name="should round-trip to the same binary value" classname="com.github.traderjoe95.mls.protocol.message.Messages" time="0.0"/>
  <testcase name="should be decoded properly" classname="com.github.traderjoe95.mls.protocol.message.Messages" time="0.0"/>
  <testcase name="should round-trip to the same binary value" classname="com.github.traderjoe95.mls.protocol.message.Messages" time="0.0"/>
  <testcase name="should be decoded properly" classname="com.github.traderjoe95.mls.protocol.message.Messages" time="0.001"/>
  <testcase name="should round-trip to the same binary value" classname="com.github.traderjoe95.mls.protocol.message.Messages" time="0.0"/>
  <testcase name="should be decoded properly" classname="com.github.traderjoe95.mls.protocol.message.Messages" time="0.0"/>
  <testcase name="should round-trip to the same binary value" classname="com.github.traderjoe95.mls.protocol.message.Messages" time="0.0"/>
  <testcase name="should be decoded properly" classname="com.github.traderjoe95.mls.protocol.message.Messages" time="0.0"/>
  <testcase name="should round-trip to the same binary value" classname="com.github.traderjoe95.mls.protocol.message.Messages" time="0.0"/>
  <testcase name="should be decoded properly" classname="com.github.traderjoe95.mls.protocol.message.Messages" time="0.0"/>
  <testcase name="should round-trip to the same binary value" classname="com.github.traderjoe95.mls.protocol.message.Messages" time="0.0"/>
  <testcase name="should be decoded properly" classname="com.github.traderjoe95.mls.protocol.message.Messages" time="0.0"/>
  <testcase name="should round-trip to the same binary value" classname="com.github.traderjoe95.mls.protocol.message.Messages" time="0.0"/>
  <testcase name="should be decoded properly" classname="com.github.traderjoe95.mls.protocol.message.Messages" time="0.0"/>
  <testcase name="should round-trip to the same binary value" classname="com.github.traderjoe95.mls.protocol.message.Messages" time="0.0"/>
  <testcase name="should be decoded properly" classname="com.github.traderjoe95.mls.protocol.message.Messages" time="0.0"/>
  <testcase name="should round-trip to the same binary value" classname="com.github.traderjoe95.mls.protocol.message.Messages" time="0.0"/>
  <testcase name="should be decoded properly" classname="com.github.traderjoe95.mls.protocol.message.Messages" time="0.0"/>
  <testcase name="should round-trip to the same binary value" classname="com.github.traderjoe95.mls.protocol.message.Messages" time="0.0"/>
  <testcase name="should be decoded properly" classname="com.github.traderjoe95.mls.protocol.message.Messages" time="0.0"/>
  <testcase name="should round-trip to the same binary value" classname="com.github.traderjoe95.mls.protocol.message.Messages" time="0.0"/>
  <testcase name="should be decoded properly" classname="com.github.traderjoe95.mls.protocol.message.Messages" time="0.0"/>
  <testcase name="should round-trip to the same binary value" classname="com.github.traderjoe95.mls.protocol.message.Messages" time="0.0"/>
  <testcase name="should be decoded properly" classname="com.github.traderjoe95.mls.protocol.message.Messages" time="0.001"/>
  <testcase name="should round-trip to the same binary value" classname="com.github.traderjoe95.mls.protocol.message.Messages" time="0.0"/>
  <testcase name="should be decoded properly" classname="com.github.traderjoe95.mls.protocol.message.Messages" time="0.0"/>
  <testcase name="should round-trip to the same binary value" classname="com.github.traderjoe95.mls.protocol.message.Messages" time="0.0"/>
  <testcase name="should be decoded properly" classname="com.github.traderjoe95.mls.protocol.message.Messages" time="0.0"/>
  <testcase name="should round-trip to the same binary value" classname="com.github.traderjoe95.mls.protocol.message.Messages" time="0.0"/>
  <testcase name="should be decoded properly" classname="com.github.traderjoe95.mls.protocol.message.Messages" time="0.0"/>
  <testcase name="should round-trip to the same binary value" classname="com.github.traderjoe95.mls.protocol.message.Messages" time="0.0"/>
  <testcase name="should be decoded properly" classname="com.github.traderjoe95.mls.protocol.message.Messages" time="0.0"/>
  <testcase name="should round-trip to the same binary value" classname="com.github.traderjoe95.mls.protocol.message.Messages" time="0.001"/>
  <testcase name="should be decoded properly" classname="com.github.traderjoe95.mls.protocol.message.Messages" time="0.0"/>
  <testcase name="should round-trip to the same binary value" classname="com.github.traderjoe95.mls.protocol.message.Messages" time="0.0"/>
  <testcase name="should be decoded properly" classname="com.github.traderjoe95.mls.protocol.message.Messages" time="0.0"/>
  <testcase name="should round-trip to the same binary value" classname="com.github.traderjoe95.mls.protocol.message.Messages" time="0.0"/>
  <testcase name="should be decoded properly" classname="com.github.traderjoe95.mls.protocol.message.Messages" time="0.0"/>
  <testcase name="should round-trip to the same binary value" classname="com.github.traderjoe95.mls.protocol.message.Messages" time="0.0"/>
  <testcase name="should be decoded properly" classname="com.github.traderjoe95.mls.protocol.message.Messages" time="0.0"/>
  <testcase name="should round-trip to the same binary value" classname="com.github.traderjoe95.mls.protocol.message.Messages" time="0.0"/>
  <testcase name="should be decoded properly" classname="com.github.traderjoe95.mls.protocol.message.Messages" time="0.0"/>
  <testcase name="should round-trip to the same binary value" classname="com.github.traderjoe95.mls.protocol.message.Messages" time="0.0"/>
  <testcase name="should be decoded properly" classname="com.github.traderjoe95.mls.protocol.message.Messages" time="0.0"/>
  <testcase name="should round-trip to the same binary value" classname="com.github.traderjoe95.mls.protocol.message.Messages" time="0.0"/>
  <testcase name="should be decoded properly" classname="com.github.traderjoe95.mls.protocol.message.Messages" time="0.0"/>
  <testcase name="should round-trip to the same binary value" classname="com.github.traderjoe95.mls.protocol.message.Messages" time="0.0"/>
  <testcase name="should be decoded properly" classname="com.github.traderjoe95.mls.protocol.message.Messages" time="0.0"/>
  <testcase name="should round-trip to the same binary value" classname="com.github.traderjoe95.mls.protocol.message.Messages" time="0.001"/>
  <testcase name="should be decoded properly" classname="com.github.traderjoe95.mls.protocol.message.Messages" time="0.001"/>
  <testcase name="should round-trip to the same binary value" classname="com.github.traderjoe95.mls.protocol.message.Messages" time="0.0"/>
  <testcase name="should be decoded properly" classname="com.github.traderjoe95.mls.protocol.message.Messages" time="0.0"/>
  <testcase name="should round-trip to the same binary value" classname="com.github.traderjoe95.mls.protocol.message.Messages" time="0.0"/>
  <testcase name="should be decoded properly" classname="com.github.traderjoe95.mls.protocol.message.Messages" time="0.0"/>
  <testcase name="should round-trip to the same binary value" classname="com.github.traderjoe95.mls.protocol.message.Messages" time="0.001"/>
  <testcase name="should be decoded properly" classname="com.github.traderjoe95.mls.protocol.message.Messages" time="0.0"/>
  <testcase name="should round-trip to the same binary value" classname="com.github.traderjoe95.mls.protocol.message.Messages" time="0.0"/>
  <testcase name="should be decoded properly" classname="com.github.traderjoe95.mls.protocol.message.Messages" time="0.0"/>
  <testcase name="should round-trip to the same binary value" classname="com.github.traderjoe95.mls.protocol.message.Messages" time="0.0"/>
  <testcase name="should be decoded properly" classname="com.github.traderjoe95.mls.protocol.message.Messages" time="0.0"/>
  <testcase name="should round-trip to the same binary value" classname="com.github.traderjoe95.mls.protocol.message.Messages" time="0.0"/>
  <testcase name="should be decoded properly" classname="com.github.traderjoe95.mls.protocol.message.Messages" time="0.0"/>
  <testcase name="should round-trip to the same binary value" classname="com.github.traderjoe95.mls.protocol.message.Messages" time="0.001"/>
  <testcase name="should be decoded properly" classname="com.github.traderjoe95.mls.protocol.message.Messages" time="0.0"/>
  <testcase name="should round-trip to the same binary value" classname="com.github.traderjoe95.mls.protocol.message.Messages" time="0.0"/>
  <testcase name="should be decoded properly" classname="com.github.traderjoe95.mls.protocol.message.Messages" time="0.0"/>
  <testcase name="should round-trip to the same binary value" classname="com.github.traderjoe95.mls.protocol.message.Messages" time="0.0"/>
  <testcase name="should be decoded properly" classname="com.github.traderjoe95.mls.protocol.message.Messages" time="0.0"/>
  <testcase name="should round-trip to the same binary value" classname="com.github.traderjoe95.mls.protocol.message.Messages" time="0.0"/>
  <testcase name="should be decoded properly" classname="com.github.traderjoe95.mls.protocol.message.Messages" time="0.0"/>
  <testcase name="should round-trip to the same binary value" classname="com.github.traderjoe95.mls.protocol.message.Messages" time="0.001"/>
  <testcase name="should be decoded properly" classname="com.github.traderjoe95.mls.protocol.message.Messages" time="0.0"/>
  <testcase name="should round-trip to the same binary value" classname="com.github.traderjoe95.mls.protocol.message.Messages" time="0.0"/>
  <testcase name="should be decoded properly" classname="com.github.traderjoe95.mls.protocol.message.Messages" time="0.0"/>
  <testcase name="should round-trip to the same binary value" classname="com.github.traderjoe95.mls.protocol.message.Messages" time="0.0"/>
  <testcase name="should be decoded properly" classname="com.github.traderjoe95.mls.protocol.message.Messages" time="0.0"/>
  <testcase name="should round-trip to the same binary value" classname="com.github.traderjoe95.mls.protocol.message.Messages" time="0.001"/>
  <testcase name="should be decoded properly" classname="com.github.traderjoe95.mls.protocol.message.Messages" time="0.0"/>
  <testcase name="should round-trip to the same binary value" classname="com.github.traderjoe95.mls.protocol.message.Messages" time="0.0"/>
  <testcase name="should be decoded properly" classname="com.github.traderjoe95.mls.protocol.message.Messages" time="0.0"/>
  <testcase name="should round-trip to the same binary value" classname="com.github.traderjoe95.mls.protocol.message.Messages" time="0.0"/>
  <testcase name="should be decoded properly" classname="com.github.traderjoe95.mls.protocol.message.Messages" time="0.0"/>
  <testcase name="should round-trip to the same binary value" classname="com.github.traderjoe95.mls.protocol.message.Messages" time="0.001"/>
  <testcase name="should be decoded properly" classname="com.github.traderjoe95.mls.protocol.message.Messages" time="0.0"/>
  <testcase name="should round-trip to the same binary value" classname="com.github.traderjoe95.mls.protocol.message.Messages" time="0.001"/>
  <testcase name="should be decoded properly" classname="com.github.traderjoe95.mls.protocol.message.Messages" time="0.0"/>
  <testcase name="should round-trip to the same binary value" classname="com.github.traderjoe95.mls.protocol.message.Messages" time="0.0"/>
  <testcase name="should be decoded properly" classname="com.github.traderjoe95.mls.protocol.message.Messages" time="0.0"/>
  <testcase name="should round-trip to the same binary value" classname="com.github.traderjoe95.mls.protocol.message.Messages" time="0.0"/>
  <testcase name="should be decoded properly" classname="com.github.traderjoe95.mls.protocol.message.Messages" time="0.0"/>
  <testcase name="should round-trip to the same binary value" classname="com.github.traderjoe95.mls.protocol.message.Messages" time="0.0"/>
  <testcase name="should be decoded properly" classname="com.github.traderjoe95.mls.protocol.message.Messages" time="0.0"/>
  <testcase name="should round-trip to the same binary value" classname="com.github.traderjoe95.mls.protocol.message.Messages" time="0.0"/>
  <testcase name="should be decoded properly" classname="com.github.traderjoe95.mls.protocol.message.Messages" time="0.0"/>
  <testcase name="should round-trip to the same binary value" classname="com.github.traderjoe95.mls.protocol.message.Messages" time="0.0"/>
  <testcase name="should be decoded properly" classname="com.github.traderjoe95.mls.protocol.message.Messages" time="0.0"/>
  <testcase name="should round-trip to the same binary value" classname="com.github.traderjoe95.mls.protocol.message.Messages" time="0.0"/>
  <testcase name="should be decoded properly" classname="com.github.traderjoe95.mls.protocol.message.Messages" time="0.001"/>
  <testcase name="should round-trip to the same binary value" classname="com.github.traderjoe95.mls.protocol.message.Messages" time="0.0"/>
  <testcase name="should be decoded properly" classname="com.github.traderjoe95.mls.protocol.message.Messages" time="0.0"/>
  <testcase name="should round-trip to the same binary value" classname="com.github.traderjoe95.mls.protocol.message.Messages" time="0.0"/>
  <testcase name="should be decoded properly" classname="com.github.traderjoe95.mls.protocol.message.Messages" time="0.0"/>
  <testcase name="should round-trip to the same binary value" classname="com.github.traderjoe95.mls.protocol.message.Messages" time="0.0"/>
  <testcase name="should be decoded properly" classname="com.github.traderjoe95.mls.protocol.message.Messages" time="0.0"/>
  <testcase name="should round-trip to the same binary value" classname="com.github.traderjoe95.mls.protocol.message.Messages" time="0.0"/>
  <testcase name="should be decoded properly" classname="com.github.traderjoe95.mls.protocol.message.Messages" time="0.0"/>
  <testcase name="should round-trip to the same binary value" classname="com.github.traderjoe95.mls.protocol.message.Messages" time="0.0"/>
  <testcase name="should be decoded properly" classname="com.github.traderjoe95.mls.protocol.message.Messages" time="0.0"/>
  <testcase name="should round-trip to the same binary value" classname="com.github.traderjoe95.mls.protocol.message.Messages" time="0.0"/>
  <testcase name="should be decoded properly" classname="com.github.traderjoe95.mls.protocol.message.Messages" time="0.0"/>
  <testcase name="should round-trip to the same binary value" classname="com.github.traderjoe95.mls.protocol.message.Messages" time="0.001"/>
  <testcase name="should be decoded properly" classname="com.github.traderjoe95.mls.protocol.message.Messages" time="0.0"/>
  <testcase name="should round-trip to the same binary value" classname="com.github.traderjoe95.mls.protocol.message.Messages" time="0.0"/>
  <testcase name="should be decoded properly" classname="com.github.traderjoe95.mls.protocol.message.Messages" time="0.0"/>
  <testcase name="should round-trip to the same binary value" classname="com.github.traderjoe95.mls.protocol.message.Messages" time="0.0"/>
  <testcase name="should be decoded properly" classname="com.github.traderjoe95.mls.protocol.message.Messages" time="0.0"/>
  <testcase name="should round-trip to the same binary value" classname="com.github.traderjoe95.mls.protocol.message.Messages" time="0.0"/>
  <testcase name="should be decoded properly" classname="com.github.traderjoe95.mls.protocol.message.Messages" time="0.0"/>
  <testcase name="should round-trip to the same binary value" classname="com.github.traderjoe95.mls.protocol.message.Messages" time="0.0"/>
  <testcase name="should be decoded properly" classname="com.github.traderjoe95.mls.protocol.message.Messages" time="0.0"/>
  <testcase name="should round-trip to the same binary value" classname="com.github.traderjoe95.mls.protocol.message.Messages" time="0.001"/>
  <testcase name="should be decoded properly" classname="com.github.traderjoe95.mls.protocol.message.Messages" time="0.0"/>
  <testcase name="should round-trip to the same binary value" classname="com.github.traderjoe95.mls.protocol.message.Messages" time="0.0"/>
  <testcase name="should be decoded properly" classname="com.github.traderjoe95.mls.protocol.message.Messages" time="0.0"/>
  <testcase name="should round-trip to the same binary value" classname="com.github.traderjoe95.mls.protocol.message.Messages" time="0.0"/>
  <testcase name="should be decoded properly" classname="com.github.traderjoe95.mls.protocol.message.Messages" time="0.0"/>
  <testcase name="should round-trip to the same binary value" classname="com.github.traderjoe95.mls.protocol.message.Messages" time="0.0"/>
  <testcase name="should be decoded properly" classname="com.github.traderjoe95.mls.protocol.message.Messages" time="0.0"/>
  <testcase name="should round-trip to the same binary value" classname="com.github.traderjoe95.mls.protocol.message.Messages" time="0.0"/>
  <testcase name="should be decoded properly" classname="com.github.traderjoe95.mls.protocol.message.Messages" time="0.0"/>
  <testcase name="should round-trip to the same binary value" classname="com.github.traderjoe95.mls.protocol.message.Messages" time="0.0"/>
  <testcase name="should be decoded properly" classname="com.github.traderjoe95.mls.protocol.message.Messages" time="0.0"/>
  <testcase name="should round-trip to the same binary value" classname="com.github.traderjoe95.mls.protocol.message.Messages" time="0.001"/>
  <testcase name="should be decoded properly" classname="com.github.traderjoe95.mls.protocol.message.Messages" time="0.001"/>
  <testcase name="should round-trip to the same binary value" classname="com.github.traderjoe95.mls.protocol.message.Messages" time="0.0"/>
  <testcase name="should be decoded properly" classname="com.github.traderjoe95.mls.protocol.message.Messages" time="0.001"/>
  <testcase name="should round-trip to the same binary value" classname="com.github.traderjoe95.mls.protocol.message.Messages" time="0.0"/>
  <testcase name="should be decoded properly" classname="com.github.traderjoe95.mls.protocol.message.Messages" time="0.001"/>
  <testcase name="should round-trip to the same binary value" classname="com.github.traderjoe95.mls.protocol.message.Messages" time="0.0"/>
  <testcase name="should be decoded properly" classname="com.github.traderjoe95.mls.protocol.message.Messages" time="0.001"/>
  <testcase name="should round-trip to the same binary value" classname="com.github.traderjoe95.mls.protocol.message.Messages" time="0.0"/>
  <testcase name="should be decoded properly" classname="com.github.traderjoe95.mls.protocol.message.Messages" time="0.001"/>
  <testcase name="should round-trip to the same binary value" classname="com.github.traderjoe95.mls.protocol.message.Messages" time="0.0"/>
  <testcase name="should be decoded properly" classname="com.github.traderjoe95.mls.protocol.message.Messages" time="0.001"/>
  <testcase name="should round-trip to the same binary value" classname="com.github.traderjoe95.mls.protocol.message.Messages" time="0.0"/>
  <testcase name="should be decoded properly" classname="com.github.traderjoe95.mls.protocol.message.Messages" time="0.0"/>
  <testcase name="should round-trip to the same binary value" classname="com.github.traderjoe95.mls.protocol.message.Messages" time="0.0"/>
  <testcase name="should be decoded properly" classname="com.github.traderjoe95.mls.protocol.message.Messages" time="0.001"/>
  <testcase name="should round-trip to the same binary value" classname="com.github.traderjoe95.mls.protocol.message.Messages" time="0.0"/>
  <testcase name="should be decoded properly" classname="com.github.traderjoe95.mls.protocol.message.Messages" time="0.0"/>
  <testcase name="should round-trip to the same binary value" classname="com.github.traderjoe95.mls.protocol.message.Messages" time="0.0"/>
  <testcase name="should be decoded properly" classname="com.github.traderjoe95.mls.protocol.message.Messages" time="0.0"/>
  <testcase name="should round-trip to the same binary value" classname="com.github.traderjoe95.mls.protocol.message.Messages" time="0.0"/>
  <testcase name="should be decoded properly" classname="com.github.traderjoe95.mls.protocol.message.Messages" time="0.0"/>
  <testcase name="should round-trip to the same binary value" classname="com.github.traderjoe95.mls.protocol.message.Messages" time="0.0"/>
  <testcase name="should be decoded properly" classname="com.github.traderjoe95.mls.protocol.message.Messages" time="0.0"/>
  <testcase name="should round-trip to the same binary value" classname="com.github.traderjoe95.mls.protocol.message.Messages" time="0.0"/>
  <testcase name="should be decoded properly" classname="com.github.traderjoe95.mls.protocol.message.Messages" time="0.0"/>
  <testcase name="should round-trip to the same binary value" classname="com.github.traderjoe95.mls.protocol.message.Messages" time="0.0"/>
  <testcase name="should be decoded properly" classname="com.github.traderjoe95.mls.protocol.message.Messages" time="0.001"/>
  <testcase name="should round-trip to the same binary value" classname="com.github.traderjoe95.mls.protocol.message.Messages" time="0.0"/>
  <testcase name="should be decoded properly" classname="com.github.traderjoe95.mls.protocol.message.Messages" time="0.0"/>
  <testcase name="should round-trip to the same binary value" classname="com.github.traderjoe95.mls.protocol.message.Messages" time="0.0"/>
  <testcase name="should be decoded properly" classname="com.github.traderjoe95.mls.protocol.message.Messages" time="0.0"/>
  <testcase name="should round-trip to the same binary value" classname="com.github.traderjoe95.mls.protocol.message.Messages" time="0.0"/>
  <testcase name="should be decoded properly" classname="com.github.traderjoe95.mls.protocol.message.Messages" time="0.0"/>
  <testcase name="should round-trip to the same binary value" classname="com.github.traderjoe95.mls.protocol.message.Messages" time="0.0"/>
  <testcase name="should be decoded properly" classname="com.github.traderjoe95.mls.protocol.message.Messages" time="0.0"/>
  <testcase name="should round-trip to the same binary value" classname="com.github.traderjoe95.mls.protocol.message.Messages" time="0.0"/>
  <testcase name="should be decoded properly" classname="com.github.traderjoe95.mls.protocol.message.Messages" time="0.0"/>
  <testcase name="should round-trip to the same binary value" classname="com.github.traderjoe95.mls.protocol.message.Messages" time="0.0"/>
  <testcase name="should be decoded properly" classname="com.github.traderjoe95.mls.protocol.message.Messages" time="0.0"/>
  <testcase name="should round-trip to the same binary value" classname="com.github.traderjoe95.mls.protocol.message.Messages" time="0.0"/>
  <testcase name="should be decoded properly" classname="com.github.traderjoe95.mls.protocol.message.Messages" time="0.0"/>
  <testcase name="should round-trip to the same binary value" classname="com.github.traderjoe95.mls.protocol.message.Messages" time="0.0"/>
  <testcase name="should be decoded properly" classname="com.github.traderjoe95.mls.protocol.message.Messages" time="0.0"/>
  <testcase name="should round-trip to the same binary value" classname="com.github.traderjoe95.mls.protocol.message.Messages" time="0.0"/>
  <testcase name="should be decoded properly" classname="com.github.traderjoe95.mls.protocol.message.Messages" time="0.0"/>
  <testcase name="should round-trip to the same binary value" classname="com.github.traderjoe95.mls.protocol.message.Messages" time="0.0"/>
  <testcase name="should be decoded properly" classname="com.github.traderjoe95.mls.protocol.message.Messages" time="0.0"/>
  <testcase name="should round-trip to the same binary value" classname="com.github.traderjoe95.mls.protocol.message.Messages" time="0.0"/>
  <testcase name="should be decoded properly" classname="com.github.traderjoe95.mls.protocol.message.Messages" time="0.0"/>
  <testcase name="should round-trip to the same binary value" classname="com.github.traderjoe95.mls.protocol.message.Messages" time="0.0"/>
  <testcase name="should be decoded properly" classname="com.github.traderjoe95.mls.protocol.message.Messages" time="0.0"/>
  <testcase name="should round-trip to the same binary value" classname="com.github.traderjoe95.mls.protocol.message.Messages" time="0.0"/>
  <testcase name="should be decoded properly" classname="com.github.traderjoe95.mls.protocol.message.Messages" time="0.0"/>
  <testcase name="should round-trip to the same binary value" classname="com.github.traderjoe95.mls.protocol.message.Messages" time="0.001"/>
  <testcase name="should be decoded properly" classname="com.github.traderjoe95.mls.protocol.message.Messages" time="0.0"/>
  <testcase name="should round-trip to the same binary value" classname="com.github.traderjoe95.mls.protocol.message.Messages" time="0.0"/>
  <testcase name="should be decoded properly" classname="com.github.traderjoe95.mls.protocol.message.Messages" time="0.001"/>
  <testcase name="should round-trip to the same binary value" classname="com.github.traderjoe95.mls.protocol.message.Messages" time="0.0"/>
  <testcase name="should be decoded properly" classname="com.github.traderjoe95.mls.protocol.message.Messages" time="0.0"/>
  <testcase name="should round-trip to the same binary value" classname="com.github.traderjoe95.mls.protocol.message.Messages" time="0.001"/>
  <testcase name="should be decoded properly" classname="com.github.traderjoe95.mls.protocol.message.Messages" time="0.0"/>
  <testcase name="should round-trip to the same binary value" classname="com.github.traderjoe95.mls.protocol.message.Messages" time="0.0"/>
  <testcase name="should be decoded properly" classname="com.github.traderjoe95.mls.protocol.message.Messages" time="0.0"/>
  <testcase name="should round-trip to the same binary value" classname="com.github.traderjoe95.mls.protocol.message.Messages" time="0.0"/>
  <testcase name="should be decoded properly" classname="com.github.traderjoe95.mls.protocol.message.Messages" time="0.0"/>
  <testcase name="should round-trip to the same binary value" classname="com.github.traderjoe95.mls.protocol.message.Messages" time="0.0"/>
  <testcase name="should be decoded properly" classname="com.github.traderjoe95.mls.protocol.message.Messages" time="0.0"/>
  <testcase name="should round-trip to the same binary value" classname="com.github.traderjoe95.mls.protocol.message.Messages" time="0.0"/>
  <testcase name="should be decoded properly" classname="com.github.traderjoe95.mls.protocol.message.Messages" time="0.0"/>
  <testcase name="should round-trip to the same binary value" classname="com.github.traderjoe95.mls.protocol.message.Messages" time="0.0"/>
  <testcase name="should be decoded properly" classname="com.github.traderjoe95.mls.protocol.message.Messages" time="0.0"/>
  <testcase name="should round-trip to the same binary value" classname="com.github.traderjoe95.mls.protocol.message.Messages" time="0.0"/>
  <testcase name="should be decoded properly" classname="com.github.traderjoe95.mls.protocol.message.Messages" time="0.0"/>
  <testcase name="should round-trip to the same binary value" classname="com.github.traderjoe95.mls.protocol.message.Messages" time="0.0"/>
  <testcase name="should be decoded properly" classname="com.github.traderjoe95.mls.protocol.message.Messages" time="0.0"/>
  <testcase name="should round-trip to the same binary value" classname="com.github.traderjoe95.mls.protocol.message.Messages" time="0.0"/>
  <testcase name="should be decoded properly" classname="com.github.traderjoe95.mls.protocol.message.Messages" time="0.0"/>
  <testcase name="should round-trip to the same binary value" classname="com.github.traderjoe95.mls.protocol.message.Messages" time="0.0"/>
  <testcase name="should be decoded properly" classname="com.github.traderjoe95.mls.protocol.message.Messages" time="0.001"/>
  <testcase name="should round-trip to the same binary value" classname="com.github.traderjoe95.mls.protocol.message.Messages" time="0.0"/>
  <testcase name="should be decoded properly" classname="com.github.traderjoe95.mls.protocol.message.Messages" time="0.0"/>
  <testcase name="should round-trip to the same binary value" classname="com.github.traderjoe95.mls.protocol.message.Messages" time="0.001"/>
  <testcase name="should be decoded properly" classname="com.github.traderjoe95.mls.protocol.message.Messages" time="0.0"/>
  <testcase name="should round-trip to the same binary value" classname="com.github.traderjoe95.mls.protocol.message.Messages" time="0.0"/>
  <testcase name="should be decoded properly" classname="com.github.traderjoe95.mls.protocol.message.Messages" time="0.0"/>
  <testcase name="should round-trip to the same binary value" classname="com.github.traderjoe95.mls.protocol.message.Messages" time="0.001"/>
  <testcase name="should be decoded properly" classname="com.github.traderjoe95.mls.protocol.message.Messages" time="0.0"/>
  <testcase name="should round-trip to the same binary value" classname="com.github.traderjoe95.mls.protocol.message.Messages" time="0.0"/>
  <testcase name="should be decoded properly" classname="com.github.traderjoe95.mls.protocol.message.Messages" time="0.0"/>
  <testcase name="should round-trip to the same binary value" classname="com.github.traderjoe95.mls.protocol.message.Messages" time="0.001"/>
  <testcase name="should be decoded properly" classname="com.github.traderjoe95.mls.protocol.message.Messages" time="0.0"/>
  <testcase name="should round-trip to the same binary value" classname="com.github.traderjoe95.mls.protocol.message.Messages" time="0.001"/>
  <testcase name="should be decoded properly" classname="com.github.traderjoe95.mls.protocol.message.Messages" time="0.0"/>
  <testcase name="should round-trip to the same binary value" classname="com.github.traderjoe95.mls.protocol.message.Messages" time="0.001"/>
  <testcase name="should be decoded properly" classname="com.github.traderjoe95.mls.protocol.message.Messages" time="0.0"/>
  <testcase name="should round-trip to the same binary value" classname="com.github.traderjoe95.mls.protocol.message.Messages" time="0.0"/>
  <testcase name="should be decoded properly" classname="com.github.traderjoe95.mls.protocol.message.Messages" time="0.001"/>
  <testcase name="should round-trip to the same binary value" classname="com.github.traderjoe95.mls.protocol.message.Messages" time="0.0"/>
  <testcase name="should be decoded properly" classname="com.github.traderjoe95.mls.protocol.message.Messages" time="0.0"/>
  <testcase name="should round-trip to the same binary value" classname="com.github.traderjoe95.mls.protocol.message.Messages" time="0.0"/>
  <testcase name="should be decoded properly" classname="com.github.traderjoe95.mls.protocol.message.Messages" time="0.001"/>
  <testcase name="should round-trip to the same binary value" classname="com.github.traderjoe95.mls.protocol.message.Messages" time="0.0"/>
  <testcase name="should be decoded properly" classname="com.github.traderjoe95.mls.protocol.message.Messages" time="0.001"/>
  <testcase name="should round-trip to the same binary value" classname="com.github.traderjoe95.mls.protocol.message.Messages" time="0.001"/>
  <testcase name="should be decoded properly" classname="com.github.traderjoe95.mls.protocol.message.Messages" time="0.0"/>
  <testcase name="should round-trip to the same binary value" classname="com.github.traderjoe95.mls.protocol.message.Messages" time="0.001"/>
  <testcase name="should be decoded properly" classname="com.github.traderjoe95.mls.protocol.message.Messages" time="0.0"/>
  <testcase name="should round-trip to the same binary value" classname="com.github.traderjoe95.mls.protocol.message.Messages" time="0.0"/>
  <testcase name="should be decoded properly" classname="com.github.traderjoe95.mls.protocol.message.Messages" time="0.001"/>
  <testcase name="should round-trip to the same binary value" classname="com.github.traderjoe95.mls.protocol.message.Messages" time="0.0"/>
  <testcase name="should be decoded properly" classname="com.github.traderjoe95.mls.protocol.message.Messages" time="0.001"/>
  <testcase name="should round-trip to the same binary value" classname="com.github.traderjoe95.mls.protocol.message.Messages" time="0.0"/>
  <testcase name="should be decoded properly" classname="com.github.traderjoe95.mls.protocol.message.Messages" time="0.0"/>
  <testcase name="should round-trip to the same binary value" classname="com.github.traderjoe95.mls.protocol.message.Messages" time="0.001"/>
  <testcase name="should be decoded properly" classname="com.github.traderjoe95.mls.protocol.message.Messages" time="0.0"/>
  <testcase name="should round-trip to the same binary value" classname="com.github.traderjoe95.mls.protocol.message.Messages" time="0.0"/>
  <testcase name="should be decoded properly" classname="com.github.traderjoe95.mls.protocol.message.Messages" time="0.001"/>
  <testcase name="should round-trip to the same binary value" classname="com.github.traderjoe95.mls.protocol.message.Messages" time="0.001"/>
  <testcase name="should be decoded properly" classname="com.github.traderjoe95.mls.protocol.message.Messages" time="0.0"/>
  <testcase name="should round-trip to the same binary value" classname="com.github.traderjoe95.mls.protocol.message.Messages" time="0.0"/>
  <testcase name="should be decoded properly" classname="com.github.traderjoe95.mls.protocol.message.Messages" time="0.001"/>
  <testcase name="should round-trip to the same binary value" classname="com.github.traderjoe95.mls.protocol.message.Messages" time="0.001"/>
  <testcase name="should be decoded properly" classname="com.github.traderjoe95.mls.protocol.message.Messages" time="0.0"/>
  <testcase name="should round-trip to the same binary value" classname="com.github.traderjoe95.mls.protocol.message.Messages" time="0.0"/>
  <testcase name="should be decoded properly" classname="com.github.traderjoe95.mls.protocol.message.Messages" time="0.001"/>
  <testcase name="should round-trip to the same binary value" classname="com.github.traderjoe95.mls.protocol.message.Messages" time="0.0"/>
  <testcase name="should be decoded properly" classname="com.github.traderjoe95.mls.protocol.message.Messages" time="0.0"/>
  <testcase name="should round-trip to the same binary value" classname="com.github.traderjoe95.mls.protocol.message.Messages" time="0.0"/>
  <testcase name="should be decoded properly" classname="com.github.traderjoe95.mls.protocol.message.Messages" time="0.0"/>
  <testcase name="should round-trip to the same binary value" classname="com.github.traderjoe95.mls.protocol.message.Messages" time="0.0"/>
  <testcase name="should be decoded properly" classname="com.github.traderjoe95.mls.protocol.message.Messages" time="0.0"/>
  <testcase name="should round-trip to the same binary value" classname="com.github.traderjoe95.mls.protocol.message.Messages" time="0.0"/>
  <testcase name="should be decoded properly" classname="com.github.traderjoe95.mls.protocol.message.Messages" time="0.0"/>
  <testcase name="should round-trip to the same binary value" classname="com.github.traderjoe95.mls.protocol.message.Messages" time="0.001"/>
  <testcase name="should be decoded properly" classname="com.github.traderjoe95.mls.protocol.message.Messages" time="0.0"/>
  <testcase name="should round-trip to the same binary value" classname="com.github.traderjoe95.mls.protocol.message.Messages" time="0.001"/>
  <testcase name="should be decoded properly" classname="com.github.traderjoe95.mls.protocol.message.Messages" time="0.0"/>
  <testcase name="should round-trip to the same binary value" classname="com.github.traderjoe95.mls.protocol.message.Messages" time="0.0"/>
  <testcase name="should be decoded properly" classname="com.github.traderjoe95.mls.protocol.message.Messages" time="0.0"/>
  <testcase name="should round-trip to the same binary value" classname="com.github.traderjoe95.mls.protocol.message.Messages" time="0.0"/>
  <testcase name="should be decoded properly" classname="com.github.traderjoe95.mls.protocol.message.Messages" time="0.0"/>
  <testcase name="should round-trip to the same binary value" classname="com.github.traderjoe95.mls.protocol.message.Messages" time="0.0"/>
  <testcase name="should be decoded properly" classname="com.github.traderjoe95.mls.protocol.message.Messages" time="0.001"/>
  <testcase name="should round-trip to the same binary value" classname="com.github.traderjoe95.mls.protocol.message.Messages" time="0.001"/>
  <testcase name="should be decoded properly" classname="com.github.traderjoe95.mls.protocol.message.Messages" time="0.0"/>
  <testcase name="should round-trip to the same binary value" classname="com.github.traderjoe95.mls.protocol.message.Messages" time="0.001"/>
  <testcase name="should be decoded properly" classname="com.github.traderjoe95.mls.protocol.message.Messages" time="0.0"/>
  <testcase name="should round-trip to the same binary value" classname="com.github.traderjoe95.mls.protocol.message.Messages" time="0.0"/>
  <testcase name="should be decoded properly" classname="com.github.traderjoe95.mls.protocol.message.Messages" time="0.0"/>
  <testcase name="should round-trip to the same binary value" classname="com.github.traderjoe95.mls.protocol.message.Messages" time="0.0"/>
  <testcase name="should be decoded properly" classname="com.github.traderjoe95.mls.protocol.message.Messages" time="0.001"/>
  <testcase name="should round-trip to the same binary value" classname="com.github.traderjoe95.mls.protocol.message.Messages" time="0.0"/>
  <testcase name="should be decoded properly" classname="com.github.traderjoe95.mls.protocol.message.Messages" time="0.0"/>
  <testcase name="should round-trip to the same binary value" classname="com.github.traderjoe95.mls.protocol.message.Messages" time="0.0"/>
  <testcase name="should be decoded properly" classname="com.github.traderjoe95.mls.protocol.message.Messages" time="0.0"/>
  <testcase name="should round-trip to the same binary value" classname="com.github.traderjoe95.mls.protocol.message.Messages" time="0.0"/>
  <testcase name="should be decoded properly" classname="com.github.traderjoe95.mls.protocol.message.Messages" time="0.001"/>
  <testcase name="should round-trip to the same binary value" classname="com.github.traderjoe95.mls.protocol.message.Messages" time="0.0"/>
  <testcase name="should be decoded properly" classname="com.github.traderjoe95.mls.protocol.message.Messages" time="0.0"/>
  <testcase name="should round-trip to the same binary value" classname="com.github.traderjoe95.mls.protocol.message.Messages" time="0.001"/>
  <testcase name="should be decoded properly" classname="com.github.traderjoe95.mls.protocol.message.Messages" time="0.0"/>
  <testcase name="should round-trip to the same binary value" classname="com.github.traderjoe95.mls.protocol.message.Messages" time="0.001"/>
  <testcase name="should be decoded properly" classname="com.github.traderjoe95.mls.protocol.message.Messages" time="0.0"/>
  <testcase name="should round-trip to the same binary value" classname="com.github.traderjoe95.mls.protocol.message.Messages" time="0.0"/>
  <testcase name="should be decoded properly" classname="com.github.traderjoe95.mls.protocol.message.Messages" time="0.0"/>
  <testcase name="should round-trip to the same binary value" classname="com.github.traderjoe95.mls.protocol.message.Messages" time="0.0"/>
  <testcase name="should be decoded properly" classname="com.github.traderjoe95.mls.protocol.message.Messages" time="0.0"/>
  <testcase name="should round-trip to the same binary value" classname="com.github.traderjoe95.mls.protocol.message.Messages" time="0.0"/>
  <testcase name="should be decoded properly" classname="com.github.traderjoe95.mls.protocol.message.Messages" time="0.0"/>
  <testcase name="should round-trip to the same binary value" classname="com.github.traderjoe95.mls.protocol.message.Messages" time="0.001"/>
  <testcase name="should be decoded properly" classname="com.github.traderjoe95.mls.protocol.message.Messages" time="0.001"/>
  <testcase name="should round-trip to the same binary value" classname="com.github.traderjoe95.mls.protocol.message.Messages" time="0.0"/>
  <testcase name="should be decoded properly" classname="com.github.traderjoe95.mls.protocol.message.Messages" time="0.0"/>
  <testcase name="should round-trip to the same binary value" classname="com.github.traderjoe95.mls.protocol.message.Messages" time="0.0"/>
  <testcase name="should be decoded properly" classname="com.github.traderjoe95.mls.protocol.message.Messages" time="0.0"/>
  <testcase name="should round-trip to the same binary value" classname="com.github.traderjoe95.mls.protocol.message.Messages" time="0.0"/>
  <testcase name="should be decoded properly" classname="com.github.traderjoe95.mls.protocol.message.Messages" time="0.0"/>
  <testcase name="should round-trip to the same binary value" classname="com.github.traderjoe95.mls.protocol.message.Messages" time="0.0"/>
  <testcase name="should be decoded properly" classname="com.github.traderjoe95.mls.protocol.message.Messages" time="0.0"/>
  <testcase name="should round-trip to the same binary value" classname="com.github.traderjoe95.mls.protocol.message.Messages" time="0.0"/>
  <testcase name="should be decoded properly" classname="com.github.traderjoe95.mls.protocol.message.Messages" time="0.001"/>
  <testcase name="should round-trip to the same binary value" classname="com.github.traderjoe95.mls.protocol.message.Messages" time="0.0"/>
  <testcase name="should be decoded properly" classname="com.github.traderjoe95.mls.protocol.message.Messages" time="0.0"/>
  <testcase name="should round-trip to the same binary value" classname="com.github.traderjoe95.mls.protocol.message.Messages" time="0.0"/>
  <testcase name="should be decoded properly" classname="com.github.traderjoe95.mls.protocol.message.Messages" time="0.001"/>
  <testcase name="should round-trip to the same binary value" classname="com.github.traderjoe95.mls.protocol.message.Messages" time="0.001"/>
  <testcase name="should be decoded properly" classname="com.github.traderjoe95.mls.protocol.message.Messages" time="0.0"/>
  <testcase name="should round-trip to the same binary value" classname="com.github.traderjoe95.mls.protocol.message.Messages" time="0.0"/>
  <testcase name="should be decoded properly" classname="com.github.traderjoe95.mls.protocol.message.Messages" time="0.0"/>
  <testcase name="should round-trip to the same binary value" classname="com.github.traderjoe95.mls.protocol.message.Messages" time="0.0"/>
  <testcase name="should be decoded properly" classname="com.github.traderjoe95.mls.protocol.message.Messages" time="0.0"/>
  <testcase name="should round-trip to the same binary value" classname="com.github.traderjoe95.mls.protocol.message.Messages" time="0.0"/>
  <testcase name="should be decoded properly" classname="com.github.traderjoe95.mls.protocol.message.Messages" time="0.0"/>
  <testcase name="should round-trip to the same binary value" classname="com.github.traderjoe95.mls.protocol.message.Messages" time="0.0"/>
  <testcase name="should be decoded properly" classname="com.github.traderjoe95.mls.protocol.message.Messages" time="0.0"/>
  <testcase name="should round-trip to the same binary value" classname="com.github.traderjoe95.mls.protocol.message.Messages" time="0.001"/>
  <testcase name="should be decoded properly" classname="com.github.traderjoe95.mls.protocol.message.Messages" time="0.001"/>
  <testcase name="should round-trip to the same binary value" classname="com.github.traderjoe95.mls.protocol.message.Messages" time="0.0"/>
  <testcase name="should be decoded properly" classname="com.github.traderjoe95.mls.protocol.message.Messages" time="0.0"/>
  <testcase name="should round-trip to the same binary value" classname="com.github.traderjoe95.mls.protocol.message.Messages" time="0.0"/>
  <testcase name="should be decoded properly" classname="com.github.traderjoe95.mls.protocol.message.Messages" time="0.0"/>
  <testcase name="should round-trip to the same binary value" classname="com.github.traderjoe95.mls.protocol.message.Messages" time="0.001"/>
  <testcase name="should be decoded properly" classname="com.github.traderjoe95.mls.protocol.message.Messages" time="0.001"/>
  <testcase name="should round-trip to the same binary value" classname="com.github.traderjoe95.mls.protocol.message.Messages" time="0.0"/>
  <testcase name="should be decoded properly" classname="com.github.traderjoe95.mls.protocol.message.Messages" time="0.0"/>
  <testcase name="should round-trip to the same binary value" classname="com.github.traderjoe95.mls.protocol.message.Messages" time="0.0"/>
  <testcase name="should be decoded properly" classname="com.github.traderjoe95.mls.protocol.message.Messages" time="0.0"/>
  <testcase name="should round-trip to the same binary value" classname="com.github.traderjoe95.mls.protocol.message.Messages" time="0.0"/>
  <testcase name="should be decoded properly" classname="com.github.traderjoe95.mls.protocol.message.Messages" time="0.0"/>
  <testcase name="should round-trip to the same binary value" classname="com.github.traderjoe95.mls.protocol.message.Messages" time="0.001"/>
  <testcase name="should be decoded properly" classname="com.github.traderjoe95.mls.protocol.message.Messages" time="0.0"/>
  <testcase name="should round-trip to the same binary value" classname="com.github.traderjoe95.mls.protocol.message.Messages" time="0.0"/>
  <testcase name="should be decoded properly" classname="com.github.traderjoe95.mls.protocol.message.Messages" time="0.0"/>
  <testcase name="should round-trip to the same binary value" classname="com.github.traderjoe95.mls.protocol.message.Messages" time="0.0"/>
  <testcase name="should be decoded properly" classname="com.github.traderjoe95.mls.protocol.message.Messages" time="0.0"/>
  <testcase name="should round-trip to the same binary value" classname="com.github.traderjoe95.mls.protocol.message.Messages" time="0.0"/>
  <testcase name="should be decoded properly" classname="com.github.traderjoe95.mls.protocol.message.Messages" time="0.0"/>
  <testcase name="should round-trip to the same binary value" classname="com.github.traderjoe95.mls.protocol.message.Messages" time="0.0"/>
  <testcase name="should be decoded properly" classname="com.github.traderjoe95.mls.protocol.message.Messages" time="0.0"/>
  <testcase name="should round-trip to the same binary value" classname="com.github.traderjoe95.mls.protocol.message.Messages" time="0.0"/>
  <testcase name="should be decoded properly" classname="com.github.traderjoe95.mls.protocol.message.Messages" time="0.0"/>
  <testcase name="should round-trip to the same binary value" classname="com.github.traderjoe95.mls.protocol.message.Messages" time="0.0"/>
  <testcase name="should be decoded properly" classname="com.github.traderjoe95.mls.protocol.message.Messages" time="0.0"/>
  <testcase name="should round-trip to the same binary value" classname="com.github.traderjoe95.mls.protocol.message.Messages" time="0.0"/>
  <testcase name="should be decoded properly" classname="com.github.traderjoe95.mls.protocol.message.Messages" time="0.0"/>
  <testcase name="should round-trip to the same binary value" classname="com.github.traderjoe95.mls.protocol.message.Messages" time="0.0"/>
  <testcase name="should be decoded properly" classname="com.github.traderjoe95.mls.protocol.message.Messages" time="0.0"/>
  <testcase name="should round-trip to the same binary value" classname="com.github.traderjoe95.mls.protocol.message.Messages" time="0.0"/>
  <testcase name="should be decoded properly" classname="com.github.traderjoe95.mls.protocol.message.Messages" time="0.0"/>
  <testcase name="should round-trip to the same binary value" classname="com.github.traderjoe95.mls.protocol.message.Messages" time="0.001"/>
  <testcase name="should be decoded properly" classname="com.github.traderjoe95.mls.protocol.message.Messages" time="0.001"/>
  <testcase name="should round-trip to the same binary value" classname="com.github.traderjoe95.mls.protocol.message.Messages" time="0.0"/>
  <testcase name="should be decoded properly" classname="com.github.traderjoe95.mls.protocol.message.Messages" time="0.0"/>
  <testcase name="should round-trip to the same binary value" classname="com.github.traderjoe95.mls.protocol.message.Messages" time="0.0"/>
  <testcase name="should be decoded properly" classname="com.github.traderjoe95.mls.protocol.message.Messages" time="0.001"/>
  <testcase name="should round-trip to the same binary value" classname="com.github.traderjoe95.mls.protocol.message.Messages" time="0.0"/>
  <testcase name="should be decoded properly" classname="com.github.traderjoe95.mls.protocol.message.Messages" time="0.0"/>
  <testcase name="should round-trip to the same binary value" classname="com.github.traderjoe95.mls.protocol.message.Messages" time="0.0"/>
  <testcase name="should be decoded properly" classname="com.github.traderjoe95.mls.protocol.message.Messages" time="0.0"/>
  <testcase name="should round-trip to the same binary value" classname="com.github.traderjoe95.mls.protocol.message.Messages" time="0.001"/>
  <testcase name="should be decoded properly" classname="com.github.traderjoe95.mls.protocol.message.Messages" time="0.0"/>
  <testcase name="should round-trip to the same binary value" classname="com.github.traderjoe95.mls.protocol.message.Messages" time="0.0"/>
  <testcase name="should be decoded properly" classname="com.github.traderjoe95.mls.protocol.message.Messages" time="0.0"/>
  <testcase name="should round-trip to the same binary value" classname="com.github.traderjoe95.mls.protocol.message.Messages" time="0.0"/>
  <testcase name="should be decoded properly" classname="com.github.traderjoe95.mls.protocol.message.Messages" time="0.0"/>
  <testcase name="should round-trip to the same binary value" classname="com.github.traderjoe95.mls.protocol.message.Messages" time="0.0"/>
  <testcase name="should be decoded properly" classname="com.github.traderjoe95.mls.protocol.message.Messages" time="0.0"/>
  <testcase name="should round-trip to the same binary value" classname="com.github.traderjoe95.mls.protocol.message.Messages" time="0.0"/>
  <testcase name="should be decoded properly" classname="com.github.traderjoe95.mls.protocol.message.Messages" time="0.0"/>
  <testcase name="should round-trip to the same binary value" classname="com.github.traderjoe95.mls.protocol.message.Messages" time="0.0"/>
  <testcase name="should be decoded properly" classname="com.github.traderjoe95.mls.protocol.message.Messages" time="0.0"/>
  <testcase name="should round-trip to the same binary value" classname="com.github.traderjoe95.mls.protocol.message.Messages" time="0.0"/>
  <testcase name="should be decoded properly" classname="com.github.traderjoe95.mls.protocol.message.Messages" time="0.0"/>
  <testcase name="should round-trip to the same binary value" classname="com.github.traderjoe95.mls.protocol.message.Messages" time="0.001"/>
  <testcase name="should be decoded properly" classname="com.github.traderjoe95.mls.protocol.message.Messages" time="0.0"/>
  <testcase name="should round-trip to the same binary value" classname="com.github.traderjoe95.mls.protocol.message.Messages" time="0.0"/>
  <testcase name="should be decoded properly" classname="com.github.traderjoe95.mls.protocol.message.Messages" time="0.0"/>
  <testcase name="should round-trip to the same binary value" classname="com.github.traderjoe95.mls.protocol.message.Messages" time="0.0"/>
  <testcase name="should be decoded properly" classname="com.github.traderjoe95.mls.protocol.message.Messages" time="0.001"/>
  <testcase name="should round-trip to the same binary value" classname="com.github.traderjoe95.mls.protocol.message.Messages" time="0.0"/>
  <testcase name="should be decoded properly" classname="com.github.traderjoe95.mls.protocol.message.Messages" time="0.0"/>
  <testcase name="should round-trip to the same binary value" classname="com.github.traderjoe95.mls.protocol.message.Messages" time="0.0"/>
  <testcase name="should be decoded properly" classname="com.github.traderjoe95.mls.protocol.message.Messages" time="0.0"/>
  <testcase name="should round-trip to the same binary value" classname="com.github.traderjoe95.mls.protocol.message.Messages" time="0.0"/>
  <testcase name="should be decoded properly" classname="com.github.traderjoe95.mls.protocol.message.Messages" time="0.0"/>
  <testcase name="should round-trip to the same binary value" classname="com.github.traderjoe95.mls.protocol.message.Messages" time="0.001"/>
  <testcase name="should be decoded properly" classname="com.github.traderjoe95.mls.protocol.message.Messages" time="0.0"/>
  <testcase name="should round-trip to the same binary value" classname="com.github.traderjoe95.mls.protocol.message.Messages" time="0.0"/>
  <testcase name="should be decoded properly" classname="com.github.traderjoe95.mls.protocol.message.Messages" time="0.0"/>
  <testcase name="should round-trip to the same binary value" classname="com.github.traderjoe95.mls.protocol.message.Messages" time="0.0"/>
  <testcase name="should be decoded properly" classname="com.github.traderjoe95.mls.protocol.message.Messages" time="0.0"/>
  <testcase name="should round-trip to the same binary value" classname="com.github.traderjoe95.mls.protocol.message.Messages" time="0.001"/>
  <testcase name="should be decoded properly" classname="com.github.traderjoe95.mls.protocol.message.Messages" time="0.0"/>
  <testcase name="should round-trip to the same binary value" classname="com.github.traderjoe95.mls.protocol.message.Messages" time="0.0"/>
  <testcase name="should be decoded properly" classname="com.github.traderjoe95.mls.protocol.message.Messages" time="0.001"/>
  <testcase name="should round-trip to the same binary value" classname="com.github.traderjoe95.mls.protocol.message.Messages" time="0.0"/>
  <testcase name="should be decoded properly" classname="com.github.traderjoe95.mls.protocol.message.Messages" time="0.0"/>
  <testcase name="should round-trip to the same binary value" classname="com.github.traderjoe95.mls.protocol.message.Messages" time="0.0"/>
  <testcase name="should be decoded properly" classname="com.github.traderjoe95.mls.protocol.message.Messages" time="0.001"/>
  <testcase name="should round-trip to the same binary value" classname="com.github.traderjoe95.mls.protocol.message.Messages" time="0.0"/>
  <testcase name="should be decoded properly" classname="com.github.traderjoe95.mls.protocol.message.Messages" time="0.0"/>
  <testcase name="should round-trip to the same binary value" classname="com.github.traderjoe95.mls.protocol.message.Messages" time="0.0"/>
  <testcase name="should be decoded properly" classname="com.github.traderjoe95.mls.protocol.message.Messages" time="0.0"/>
  <testcase name="should round-trip to the same binary value" classname="com.github.traderjoe95.mls.protocol.message.Messages" time="0.0"/>
  <testcase name="should be decoded properly" classname="com.github.traderjoe95.mls.protocol.message.Messages" time="0.0"/>
  <testcase name="should round-trip to the same binary value" classname="com.github.traderjoe95.mls.protocol.message.Messages" time="0.0"/>
  <testcase name="should be decoded properly" classname="com.github.traderjoe95.mls.protocol.message.Messages" time="0.0"/>
  <testcase name="should round-trip to the same binary value" classname="com.github.traderjoe95.mls.protocol.message.Messages" time="0.0"/>
  <testcase name="should be decoded properly" classname="com.github.traderjoe95.mls.protocol.message.Messages" time="0.0"/>
  <testcase name="should round-trip to the same binary value" classname="com.github.traderjoe95.mls.protocol.message.Messages" time="0.0"/>
  <testcase name="should be decoded properly" classname="com.github.traderjoe95.mls.protocol.message.Messages" time="0.0"/>
  <testcase name="should round-trip to the same binary value" classname="com.github.traderjoe95.mls.protocol.message.Messages" time="0.0"/>
  <testcase name="should be decoded properly" classname="com.github.traderjoe95.mls.protocol.message.Messages" time="0.001"/>
  <testcase name="should round-trip to the same binary value" classname="com.github.traderjoe95.mls.protocol.message.Messages" time="0.0"/>
  <testcase name="should be decoded properly" classname="com.github.traderjoe95.mls.protocol.message.Messages" time="0.0"/>
  <testcase name="should round-trip to the same binary value" classname="com.github.traderjoe95.mls.protocol.message.Messages" time="0.001"/>
  <testcase name="should be decoded properly" classname="com.github.traderjoe95.mls.protocol.message.Messages" time="0.0"/>
  <testcase name="should round-trip to the same binary value" classname="com.github.traderjoe95.mls.protocol.message.Messages" time="0.0"/>
  <testcase name="should be decoded properly" classname="com.github.traderjoe95.mls.protocol.message.Messages" time="0.0"/>
  <testcase name="should round-trip to the same binary value" classname="com.github.traderjoe95.mls.protocol.message.Messages" time="0.0"/>
  <testcase name="should be decoded properly" classname="com.github.traderjoe95.mls.protocol.message.Messages" time="0.0"/>
  <testcase name="should round-trip to the same binary value" classname="com.github.traderjoe95.mls.protocol.message.Messages" time="0.0"/>
  <testcase name="should be decoded properly" classname="com.github.traderjoe95.mls.protocol.message.Messages" time="0.0"/>
  <testcase name="should round-trip to the same binary value" classname="com.github.traderjoe95.mls.protocol.message.Messages" time="0.0"/>
  <testcase name="should be decoded properly" classname="com.github.traderjoe95.mls.protocol.message.Messages" time="0.0"/>
  <testcase name="should round-trip to the same binary value" classname="com.github.traderjoe95.mls.protocol.message.Messages" time="0.001"/>
  <testcase name="should be decoded properly" classname="com.github.traderjoe95.mls.protocol.message.Messages" time="0.0"/>
  <testcase name="should round-trip to the same binary value" classname="com.github.traderjoe95.mls.protocol.message.Messages" time="0.0"/>
  <testcase name="should be decoded properly" classname="com.github.traderjoe95.mls.protocol.message.Messages" time="0.0"/>
  <testcase name="should round-trip to the same binary value" classname="com.github.traderjoe95.mls.protocol.message.Messages" time="0.0"/>
  <testcase name="should be decoded properly" classname="com.github.traderjoe95.mls.protocol.message.Messages" time="0.0"/>
  <testcase name="should round-trip to the same binary value" classname="com.github.traderjoe95.mls.protocol.message.Messages" time="0.001"/>
  <testcase name="should be decoded properly" classname="com.github.traderjoe95.mls.protocol.message.Messages" time="0.0"/>
  <testcase name="should round-trip to the same binary value" classname="com.github.traderjoe95.mls.protocol.message.Messages" time="0.0"/>
  <testcase name="should be decoded properly" classname="com.github.traderjoe95.mls.protocol.message.Messages" time="0.001"/>
  <testcase name="should round-trip to the same binary value" classname="com.github.traderjoe95.mls.protocol.message.Messages" time="0.0"/>
  <testcase name="should be decoded properly" classname="com.github.traderjoe95.mls.protocol.message.Messages" time="0.0"/>
  <testcase name="should round-trip to the same binary value" classname="com.github.traderjoe95.mls.protocol.message.Messages" time="0.0"/>
  <testcase name="should be decoded properly" classname="com.github.traderjoe95.mls.protocol.message.Messages" time="0.0"/>
  <testcase name="should round-trip to the same binary value" classname="com.github.traderjoe95.mls.protocol.message.Messages" time="0.0"/>
  <testcase name="should be decoded properly" classname="com.github.traderjoe95.mls.protocol.message.Messages" time="0.0"/>
  <testcase name="should round-trip to the same binary value" classname="com.github.traderjoe95.mls.protocol.message.Messages" time="0.0"/>
  <testcase name="should be decoded properly" classname="com.github.traderjoe95.mls.protocol.message.Messages" time="0.0"/>
  <testcase name="should round-trip to the same binary value" classname="com.github.traderjoe95.mls.protocol.message.Messages" time="0.0"/>
  <testcase name="should be decoded properly" classname="com.github.traderjoe95.mls.protocol.message.Messages" time="0.0"/>
  <testcase name="should round-trip to the same binary value" classname="com.github.traderjoe95.mls.protocol.message.Messages" time="0.0"/>
  <testcase name="should be decoded properly" classname="com.github.traderjoe95.mls.protocol.message.Messages" time="0.0"/>
  <testcase name="should round-trip to the same binary value" classname="com.github.traderjoe95.mls.protocol.message.Messages" time="0.0"/>
  <testcase name="should be decoded properly" classname="com.github.traderjoe95.mls.protocol.message.Messages" time="0.0"/>
  <testcase name="should round-trip to the same binary value" classname="com.github.traderjoe95.mls.protocol.message.Messages" time="0.0"/>
  <testcase name="should be decoded properly" classname="com.github.traderjoe95.mls.protocol.message.Messages" time="0.0"/>
  <testcase name="should round-trip to the same binary value" classname="com.github.traderjoe95.mls.protocol.message.Messages" time="0.0"/>
  <testcase name="should be decoded properly" classname="com.github.traderjoe95.mls.protocol.message.Messages" time="0.0"/>
  <testcase name="should round-trip to the same binary value" classname="com.github.traderjoe95.mls.protocol.message.Messages" time="0.0"/>
  <testcase name="should be decoded properly" classname="com.github.traderjoe95.mls.protocol.message.Messages" time="0.0"/>
  <testcase name="should round-trip to the same binary value" classname="com.github.traderjoe95.mls.protocol.message.Messages" time="0.001"/>
  <testcase name="should be decoded properly" classname="com.github.traderjoe95.mls.protocol.message.Messages" time="0.0"/>
  <testcase name="should round-trip to the same binary value" classname="com.github.traderjoe95.mls.protocol.message.Messages" time="0.001"/>
  <testcase name="should be decoded properly" classname="com.github.traderjoe95.mls.protocol.message.Messages" time="0.0"/>
  <testcase name="should round-trip to the same binary value" classname="com.github.traderjoe95.mls.protocol.message.Messages" time="0.0"/>
  <testcase name="should be decoded properly" classname="com.github.traderjoe95.mls.protocol.message.Messages" time="0.001"/>
  <testcase name="should round-trip to the same binary value" classname="com.github.traderjoe95.mls.protocol.message.Messages" time="0.0"/>
  <testcase name="should be decoded properly" classname="com.github.traderjoe95.mls.protocol.message.Messages" time="0.0"/>
  <testcase name="should round-trip to the same binary value" classname="com.github.traderjoe95.mls.protocol.message.Messages" time="0.0"/>
  <testcase name="should be decoded properly" classname="com.github.traderjoe95.mls.protocol.message.Messages" time="0.0"/>
  <testcase name="should round-trip to the same binary value" classname="com.github.traderjoe95.mls.protocol.message.Messages" time="0.0"/>
  <testcase name="should be decoded properly" classname="com.github.traderjoe95.mls.protocol.message.Messages" time="0.0"/>
  <testcase name="should round-trip to the same binary value" classname="com.github.traderjoe95.mls.protocol.message.Messages" time="0.0"/>
  <testcase name="should be decoded properly" classname="com.github.traderjoe95.mls.protocol.message.Messages" time="0.001"/>
  <testcase name="should round-trip to the same binary value" classname="com.github.traderjoe95.mls.protocol.message.Messages" time="0.0"/>
  <testcase name="should be decoded properly" classname="com.github.traderjoe95.mls.protocol.message.Messages" time="0.0"/>
  <testcase name="should round-trip to the same binary value" classname="com.github.traderjoe95.mls.protocol.message.Messages" time="0.0"/>
  <testcase name="should be decoded properly" classname="com.github.traderjoe95.mls.protocol.message.Messages" time="0.0"/>
  <testcase name="should round-trip to the same binary value" classname="com.github.traderjoe95.mls.protocol.message.Messages" time="0.0"/>
  <testcase name="should be decoded properly" classname="com.github.traderjoe95.mls.protocol.message.Messages" time="0.0"/>
  <testcase name="should round-trip to the same binary value" classname="com.github.traderjoe95.mls.protocol.message.Messages" time="0.0"/>
  <testcase name="should be decoded properly" classname="com.github.traderjoe95.mls.protocol.message.Messages" time="0.001"/>
  <testcase name="should round-trip to the same binary value" classname="com.github.traderjoe95.mls.protocol.message.Messages" time="0.0"/>
  <testcase name="should be decoded properly" classname="com.github.traderjoe95.mls.protocol.message.Messages" time="0.0"/>
  <testcase name="should round-trip to the same binary value" classname="com.github.traderjoe95.mls.protocol.message.Messages" time="0.0"/>
  <testcase name="should be decoded properly" classname="com.github.traderjoe95.mls.protocol.message.Messages" time="0.0"/>
  <testcase name="should round-trip to the same binary value" classname="com.github.traderjoe95.mls.protocol.message.Messages" time="0.0"/>
  <testcase name="should be decoded properly" classname="com.github.traderjoe95.mls.protocol.message.Messages" time="0.0"/>
  <testcase name="should round-trip to the same binary value" classname="com.github.traderjoe95.mls.protocol.message.Messages" time="0.0"/>
  <testcase name="should be decoded properly" classname="com.github.traderjoe95.mls.protocol.message.Messages" time="0.0"/>
  <testcase name="should round-trip to the same binary value" classname="com.github.traderjoe95.mls.protocol.message.Messages" time="0.001"/>
  <testcase name="should be decoded properly" classname="com.github.traderjoe95.mls.protocol.message.Messages" time="0.0"/>
  <testcase name="should round-trip to the same binary value" classname="com.github.traderjoe95.mls.protocol.message.Messages" time="0.0"/>
  <testcase name="should be decoded properly" classname="com.github.traderjoe95.mls.protocol.message.Messages" time="0.0"/>
  <testcase name="should round-trip to the same binary value" classname="com.github.traderjoe95.mls.protocol.message.Messages" time="0.0"/>
  <testcase name="should be decoded properly" classname="com.github.traderjoe95.mls.protocol.message.Messages" time="0.0"/>
  <testcase name="should round-trip to the same binary value" classname="com.github.traderjoe95.mls.protocol.message.Messages" time="0.0"/>
  <testcase name="should be decoded properly" classname="com.github.traderjoe95.mls.protocol.message.Messages" time="0.0"/>
  <testcase name="should round-trip to the same binary value" classname="com.github.traderjoe95.mls.protocol.message.Messages" time="0.0"/>
  <testcase name="should be decoded properly" classname="com.github.traderjoe95.mls.protocol.message.Messages" time="0.001"/>
  <testcase name="should round-trip to the same binary value" classname="com.github.traderjoe95.mls.protocol.message.Messages" time="0.0"/>
  <testcase name="should be decoded properly" classname="com.github.traderjoe95.mls.protocol.message.Messages" time="0.0"/>
  <testcase name="should round-trip to the same binary value" classname="com.github.traderjoe95.mls.protocol.message.Messages" time="0.0"/>
  <testcase name="should be decoded properly" classname="com.github.traderjoe95.mls.protocol.message.Messages" time="0.0"/>
  <testcase name="should round-trip to the same binary value" classname="com.github.traderjoe95.mls.protocol.message.Messages" time="0.001"/>
  <testcase name="should be decoded properly" classname="com.github.traderjoe95.mls.protocol.message.Messages" time="0.0"/>
  <testcase name="should round-trip to the same binary value" classname="com.github.traderjoe95.mls.protocol.message.Messages" time="0.0"/>
  <testcase name="should be decoded properly" classname="com.github.traderjoe95.mls.protocol.message.Messages" time="0.0"/>
  <testcase name="should round-trip to the same binary value" classname="com.github.traderjoe95.mls.protocol.message.Messages" time="0.0"/>
  <testcase name="should be decoded properly" classname="com.github.traderjoe95.mls.protocol.message.Messages" time="0.0"/>
  <testcase name="should round-trip to the same binary value" classname="com.github.traderjoe95.mls.protocol.message.Messages" time="0.0"/>
  <testcase name="should be decoded properly" classname="com.github.traderjoe95.mls.protocol.message.Messages" time="0.0"/>
  <testcase name="should round-trip to the same binary value" classname="com.github.traderjoe95.mls.protocol.message.Messages" time="0.0"/>
  <testcase name="should be decoded properly" classname="com.github.traderjoe95.mls.protocol.message.Messages" time="0.0"/>
  <testcase name="should round-trip to the same binary value" classname="com.github.traderjoe95.mls.protocol.message.Messages" time="0.0"/>
  <testcase name="should be decoded properly" classname="com.github.traderjoe95.mls.protocol.message.Messages" time="0.0"/>
  <testcase name="should round-trip to the same binary value" classname="com.github.traderjoe95.mls.protocol.message.Messages" time="0.001"/>
  <testcase name="should be decoded properly" classname="com.github.traderjoe95.mls.protocol.message.Messages" time="0.0"/>
  <testcase name="should round-trip to the same binary value" classname="com.github.traderjoe95.mls.protocol.message.Messages" time="0.0"/>
  <testcase name="should be decoded properly" classname="com.github.traderjoe95.mls.protocol.message.Messages" time="0.0"/>
  <testcase name="should round-trip to the same binary value" classname="com.github.traderjoe95.mls.protocol.message.Messages" time="0.0"/>
  <testcase name="should be decoded properly" classname="com.github.traderjoe95.mls.protocol.message.Messages" time="0.0"/>
  <testcase name="should round-trip to the same binary value" classname="com.github.traderjoe95.mls.protocol.message.Messages" time="0.0"/>
  <testcase name="should be decoded properly" classname="com.github.traderjoe95.mls.protocol.message.Messages" time="0.0"/>
  <testcase name="should round-trip to the same binary value" classname="com.github.traderjoe95.mls.protocol.message.Messages" time="0.0"/>
  <testcase name="should be decoded properly" classname="com.github.traderjoe95.mls.protocol.message.Messages" time="0.0"/>
  <testcase name="should round-trip to the same binary value" classname="com.github.traderjoe95.mls.protocol.message.Messages" time="0.0"/>
  <testcase name="should be decoded properly" classname="com.github.traderjoe95.mls.protocol.message.Messages" time="0.001"/>
  <testcase name="should round-trip to the same binary value" classname="com.github.traderjoe95.mls.protocol.message.Messages" time="0.0"/>
  <testcase name="should be decoded properly" classname="com.github.traderjoe95.mls.protocol.message.Messages" time="0.0"/>
  <testcase name="should round-trip to the same binary value" classname="com.github.traderjoe95.mls.protocol.message.Messages" time="0.0"/>
  <testcase name="should be decoded properly" classname="com.github.traderjoe95.mls.protocol.message.Messages" time="0.0"/>
  <testcase name="should round-trip to the same binary value" classname="com.github.traderjoe95.mls.protocol.message.Messages" time="0.0"/>
  <testcase name="should be decoded properly" classname="com.github.traderjoe95.mls.protocol.message.Messages" time="0.0"/>
  <testcase name="should round-trip to the same binary value" classname="com.github.traderjoe95.mls.protocol.message.Messages" time="0.001"/>
  <testcase name="should be decoded properly" classname="com.github.traderjoe95.mls.protocol.message.Messages" time="0.0"/>
  <testcase name="should round-trip to the same binary value" classname="com.github.traderjoe95.mls.protocol.message.Messages" time="0.0"/>
  <testcase name="should be decoded properly" classname="com.github.traderjoe95.mls.protocol.message.Messages" time="0.001"/>
  <testcase name="should round-trip to the same binary value" classname="com.github.traderjoe95.mls.protocol.message.Messages" time="0.0"/>
  <testcase name="should be decoded properly" classname="com.github.traderjoe95.mls.protocol.message.Messages" time="0.0"/>
  <testcase name="should round-trip to the same binary value" classname="com.github.traderjoe95.mls.protocol.message.Messages" time="0.0"/>
  <testcase name="should be decoded properly" classname="com.github.traderjoe95.mls.protocol.message.Messages" time="0.0"/>
  <testcase name="should round-trip to the same binary value" classname="com.github.traderjoe95.mls.protocol.message.Messages" time="0.0"/>
  <testcase name="should be decoded properly" classname="com.github.traderjoe95.mls.protocol.message.Messages" time="0.0"/>
  <testcase name="should round-trip to the same binary value" classname="com.github.traderjoe95.mls.protocol.message.Messages" time="0.001"/>
  <testcase name="should be decoded properly" classname="com.github.traderjoe95.mls.protocol.message.Messages" time="0.001"/>
  <testcase name="should round-trip to the same binary value" classname="com.github.traderjoe95.mls.protocol.message.Messages" time="0.001"/>
  <testcase name="should be decoded properly" classname="com.github.traderjoe95.mls.protocol.message.Messages" time="0.0"/>
  <testcase name="should round-trip to the same binary value" classname="com.github.traderjoe95.mls.protocol.message.Messages" time="0.0"/>
  <testcase name="should be decoded properly" classname="com.github.traderjoe95.mls.protocol.message.Messages" time="0.0"/>
  <testcase name="should round-trip to the same binary value" classname="com.github.traderjoe95.mls.protocol.message.Messages" time="0.0"/>
  <testcase name="should be decoded properly" classname="com.github.traderjoe95.mls.protocol.message.Messages" time="0.001"/>
  <testcase name="should round-trip to the same binary value" classname="com.github.traderjoe95.mls.protocol.message.Messages" time="0.001"/>
  <testcase name="should be decoded properly" classname="com.github.traderjoe95.mls.protocol.message.Messages" time="0.0"/>
  <testcase name="should round-trip to the same binary value" classname="com.github.traderjoe95.mls.protocol.message.Messages" time="0.0"/>
  <testcase name="should be decoded properly" classname="com.github.traderjoe95.mls.protocol.message.Messages" time="0.0"/>
  <testcase name="should round-trip to the same binary value" classname="com.github.traderjoe95.mls.protocol.message.Messages" time="0.0"/>
  <testcase name="should be decoded properly" classname="com.github.traderjoe95.mls.protocol.message.Messages" time="0.0"/>
  <testcase name="should round-trip to the same binary value" classname="com.github.traderjoe95.mls.protocol.message.Messages" time="0.0"/>
  <testcase name="should be decoded properly" classname="com.github.traderjoe95.mls.protocol.message.Messages" time="0.0"/>
  <testcase name="should round-trip to the same binary value" classname="com.github.traderjoe95.mls.protocol.message.Messages" time="0.0"/>
  <testcase name="should be decoded properly" classname="com.github.traderjoe95.mls.protocol.message.Messages" time="0.0"/>
  <testcase name="should round-trip to the same binary value" classname="com.github.traderjoe95.mls.protocol.message.Messages" time="0.0"/>
  <testcase name="should be decoded properly" classname="com.github.traderjoe95.mls.protocol.message.Messages" time="0.0"/>
  <testcase name="should round-trip to the same binary value" classname="com.github.traderjoe95.mls.protocol.message.Messages" time="0.0"/>
  <testcase name="should be decoded properly" classname="com.github.traderjoe95.mls.protocol.message.Messages" time="0.0"/>
  <testcase name="should round-trip to the same binary value" classname="com.github.traderjoe95.mls.protocol.message.Messages" time="0.0"/>
  <testcase name="should be decoded properly" classname="com.github.traderjoe95.mls.protocol.message.Messages" time="0.0"/>
  <testcase name="should round-trip to the same binary value" classname="com.github.traderjoe95.mls.protocol.message.Messages" time="0.0"/>
  <testcase name="should be decoded properly" classname="com.github.traderjoe95.mls.protocol.message.Messages" time="0.0"/>
  <testcase name="should round-trip to the same binary value" classname="com.github.traderjoe95.mls.protocol.message.Messages" time="0.0"/>
  <testcase name="should be decoded properly" classname="com.github.traderjoe95.mls.protocol.message.Messages" time="0.0"/>
  <testcase name="should round-trip to the same binary value" classname="com.github.traderjoe95.mls.protocol.message.Messages" time="0.001"/>
  <testcase name="should be decoded properly" classname="com.github.traderjoe95.mls.protocol.message.Messages" time="0.0"/>
  <testcase name="should round-trip to the same binary value" classname="com.github.traderjoe95.mls.protocol.message.Messages" time="0.0"/>
  <testcase name="should be decoded properly" classname="com.github.traderjoe95.mls.protocol.message.Messages" time="0.0"/>
  <testcase name="should round-trip to the same binary value" classname="com.github.traderjoe95.mls.protocol.message.Messages" time="0.0"/>
  <testcase name="should be decoded properly" classname="com.github.traderjoe95.mls.protocol.message.Messages" time="0.0"/>
  <testcase name="should round-trip to the same binary value" classname="com.github.traderjoe95.mls.protocol.message.Messages" time="0.0"/>
  <testcase name="should be decoded properly" classname="com.github.traderjoe95.mls.protocol.message.Messages" time="0.0"/>
  <testcase name="should round-trip to the same binary value" classname="com.github.traderjoe95.mls.protocol.message.Messages" time="0.0"/>
  <testcase name="should be decoded properly" classname="com.github.traderjoe95.mls.protocol.message.Messages" time="0.0"/>
  <testcase name="should round-trip to the same binary value" classname="com.github.traderjoe95.mls.protocol.message.Messages" time="0.0"/>
  <testcase name="should be decoded properly" classname="com.github.traderjoe95.mls.protocol.message.Messages" time="0.0"/>
  <testcase name="should round-trip to the same binary value" classname="com.github.traderjoe95.mls.protocol.message.Messages" time="0.0"/>
  <testcase name="should be decoded properly" classname="com.github.traderjoe95.mls.protocol.message.Messages" time="0.0"/>
  <testcase name="should round-trip to the same binary value" classname="com.github.traderjoe95.mls.protocol.message.Messages" time="0.0"/>
  <testcase name="should be decoded properly" classname="com.github.traderjoe95.mls.protocol.message.Messages" time="0.001"/>
  <testcase name="should round-trip to the same binary value" classname="com.github.traderjoe95.mls.protocol.message.Messages" time="0.0"/>
  <testcase name="should be decoded properly" classname="com.github.traderjoe95.mls.protocol.message.Messages" time="0.0"/>
  <testcase name="should round-trip to the same binary value" classname="com.github.traderjoe95.mls.protocol.message.Messages" time="0.0"/>
  <testcase name="should be decoded properly" classname="com.github.traderjoe95.mls.protocol.message.Messages" time="0.0"/>
  <testcase name="should round-trip to the same binary value" classname="com.github.traderjoe95.mls.protocol.message.Messages" time="0.001"/>
  <testcase name="should be decoded properly" classname="com.github.traderjoe95.mls.protocol.message.Messages" time="0.0"/>
  <testcase name="should round-trip to the same binary value" classname="com.github.traderjoe95.mls.protocol.message.Messages" time="0.0"/>
  <testcase name="should be decoded properly" classname="com.github.traderjoe95.mls.protocol.message.Messages" time="0.0"/>
  <testcase name="should round-trip to the same binary value" classname="com.github.traderjoe95.mls.protocol.message.Messages" time="0.0"/>
  <testcase name="should be decoded properly" classname="com.github.traderjoe95.mls.protocol.message.Messages" time="0.001"/>
  <testcase name="should round-trip to the same binary value" classname="com.github.traderjoe95.mls.protocol.message.Messages" time="0.0"/>
  <testcase name="should be decoded properly" classname="com.github.traderjoe95.mls.protocol.message.Messages" time="0.0"/>
  <testcase name="should round-trip to the same binary value" classname="com.github.traderjoe95.mls.protocol.message.Messages" time="0.0"/>
  <testcase name="should be decoded properly" classname="com.github.traderjoe95.mls.protocol.message.Messages" time="0.0"/>
  <testcase name="should round-trip to the same binary value" classname="com.github.traderjoe95.mls.protocol.message.Messages" time="0.0"/>
  <testcase name="should be decoded properly" classname="com.github.traderjoe95.mls.protocol.message.Messages" time="0.0"/>
  <testcase name="should round-trip to the same binary value" classname="com.github.traderjoe95.mls.protocol.message.Messages" time="0.0"/>
  <testcase name="should be decoded properly" classname="com.github.traderjoe95.mls.protocol.message.Messages" time="0.0"/>
  <testcase name="should round-trip to the same binary value" classname="com.github.traderjoe95.mls.protocol.message.Messages" time="0.001"/>
  <testcase name="should be decoded properly" classname="com.github.traderjoe95.mls.protocol.message.Messages" time="0.0"/>
  <testcase name="should round-trip to the same binary value" classname="com.github.traderjoe95.mls.protocol.message.Messages" time="0.0"/>
  <testcase name="should be decoded properly" classname="com.github.traderjoe95.mls.protocol.message.Messages" time="0.0"/>
  <testcase name="should round-trip to the same binary value" classname="com.github.traderjoe95.mls.protocol.message.Messages" time="0.0"/>
  <testcase name="should be decoded properly" classname="com.github.traderjoe95.mls.protocol.message.Messages" time="0.001"/>
  <testcase name="should round-trip to the same binary value" classname="com.github.traderjoe95.mls.protocol.message.Messages" time="0.0"/>
  <testcase name="should be decoded properly" classname="com.github.traderjoe95.mls.protocol.message.Messages" time="0.0"/>
  <testcase name="should round-trip to the same binary value" classname="com.github.traderjoe95.mls.protocol.message.Messages" time="0.0"/>
  <testcase name="should be decoded properly" classname="com.github.traderjoe95.mls.protocol.message.Messages" time="0.0"/>
  <testcase name="should round-trip to the same binary value" classname="com.github.traderjoe95.mls.protocol.message.Messages" time="0.0"/>
  <testcase name="should be decoded properly" classname="com.github.traderjoe95.mls.protocol.message.Messages" time="0.0"/>
  <testcase name="should round-trip to the same binary value" classname="com.github.traderjoe95.mls.protocol.message.Messages" time="0.001"/>
  <testcase name="should be decoded properly" classname="com.github.traderjoe95.mls.protocol.message.Messages" time="0.0"/>
  <testcase name="should round-trip to the same binary value" classname="com.github.traderjoe95.mls.protocol.message.Messages" time="0.0"/>
  <testcase name="should be decoded properly" classname="com.github.traderjoe95.mls.protocol.message.Messages" time="0.0"/>
  <testcase name="should round-trip to the same binary value" classname="com.github.traderjoe95.mls.protocol.message.Messages" time="0.0"/>
  <testcase name="should be decoded properly" classname="com.github.traderjoe95.mls.protocol.message.Messages" time="0.0"/>
  <testcase name="should round-trip to the same binary value" classname="com.github.traderjoe95.mls.protocol.message.Messages" time="0.001"/>
  <testcase name="should be decoded properly" classname="com.github.traderjoe95.mls.protocol.message.Messages" time="0.0"/>
  <testcase name="should round-trip to the same binary value" classname="com.github.traderjoe95.mls.protocol.message.Messages" time="0.0"/>
  <testcase name="should be decoded properly" classname="com.github.traderjoe95.mls.protocol.message.Messages" time="0.001"/>
  <testcase name="should round-trip to the same binary value" classname="com.github.traderjoe95.mls.protocol.message.Messages" time="0.0"/>
  <testcase name="should be decoded properly" classname="com.github.traderjoe95.mls.protocol.message.Messages" time="0.0"/>
  <testcase name="should round-trip to the same binary value" classname="com.github.traderjoe95.mls.protocol.message.Messages" time="0.0"/>
  <testcase name="should be decoded properly" classname="com.github.traderjoe95.mls.protocol.message.Messages" time="0.0"/>
  <testcase name="should round-trip to the same binary value" classname="com.github.traderjoe95.mls.protocol.message.Messages" time="0.0"/>
  <testcase name="should be decoded properly" classname="com.github.traderjoe95.mls.protocol.message.Messages" time="0.0"/>
  <testcase name="should round-trip to the same binary value" classname="com.github.traderjoe95.mls.protocol.message.Messages" time="0.0"/>
  <testcase name="should be decoded properly" classname="com.github.traderjoe95.mls.protocol.message.Messages" time="0.0"/>
  <testcase name="should round-trip to the same binary value" classname="com.github.traderjoe95.mls.protocol.message.Messages" time="0.0"/>
  <testcase name="should be decoded properly" classname="com.github.traderjoe95.mls.protocol.message.Messages" time="0.0"/>
  <testcase name="should round-trip to the same binary value" classname="com.github.traderjoe95.mls.protocol.message.Messages" time="0.001"/>
  <testcase name="should be decoded properly" classname="com.github.traderjoe95.mls.protocol.message.Messages" time="0.0"/>
  <testcase name="should round-trip to the same binary value" classname="com.github.traderjoe95.mls.protocol.message.Messages" time="0.0"/>
  <testcase name="should be decoded properly" classname="com.github.traderjoe95.mls.protocol.message.Messages" time="0.0"/>
  <testcase name="should round-trip to the same binary value" classname="com.github.traderjoe95.mls.protocol.message.Messages" time="0.0"/>
  <testcase name="should be decoded properly" classname="com.github.traderjoe95.mls.protocol.message.Messages" time="0.0"/>
  <testcase name="should round-trip to the same binary value" classname="com.github.traderjoe95.mls.protocol.message.Messages" time="0.0"/>
  <testcase name="should be decoded properly" classname="com.github.traderjoe95.mls.protocol.message.Messages" time="0.0"/>
  <testcase name="should round-trip to the same binary value" classname="com.github.traderjoe95.mls.protocol.message.Messages" time="0.0"/>
  <testcase name="should be decoded properly" classname="com.github.traderjoe95.mls.protocol.message.Messages" time="0.001"/>
  <testcase name="should round-trip to the same binary value" classname="com.github.traderjoe95.mls.protocol.message.Messages" time="0.0"/>
  <testcase name="should be decoded properly" classname="com.github.traderjoe95.mls.protocol.message.Messages" time="0.0"/>
  <testcase name="should round-trip to the same binary value" classname="com.github.traderjoe95.mls.protocol.message.Messages" time="0.0"/>
  <testcase name="should be decoded properly" classname="com.github.traderjoe95.mls.protocol.message.Messages" time="0.0"/>
  <testcase name="should round-trip to the same binary value" classname="com.github.traderjoe95.mls.protocol.message.Messages" time="0.0"/>
  <testcase name="should be decoded properly" classname="com.github.traderjoe95.mls.protocol.message.Messages" time="0.0"/>
  <testcase name="should round-trip to the same binary value" classname="com.github.traderjoe95.mls.protocol.message.Messages" time="0.0"/>
  <testcase name="should be decoded properly" classname="com.github.traderjoe95.mls.protocol.message.Messages" time="0.0"/>
  <testcase name="should round-trip to the same binary value" classname="com.github.traderjoe95.mls.protocol.message.Messages" time="0.0"/>
  <testcase name="should be decoded properly" classname="com.github.traderjoe95.mls.protocol.message.Messages" time="0.0"/>
  <testcase name="should round-trip to the same binary value" classname="com.github.traderjoe95.mls.protocol.message.Messages" time="0.0"/>
  <testcase name="should be decoded properly" classname="com.github.traderjoe95.mls.protocol.message.Messages" time="0.0"/>
  <testcase name="should round-trip to the same binary value" classname="com.github.traderjoe95.mls.protocol.message.Messages" time="0.0"/>
  <testcase name="should be decoded properly" classname="com.github.traderjoe95.mls.protocol.message.Messages" time="0.0"/>
  <testcase name="should round-trip to the same binary value" classname="com.github.traderjoe95.mls.protocol.message.Messages" time="0.0"/>
  <testcase name="should be decoded properly" classname="com.github.traderjoe95.mls.protocol.message.Messages" time="0.001"/>
  <testcase name="should round-trip to the same binary value" classname="com.github.traderjoe95.mls.protocol.message.Messages" time="0.0"/>
  <testcase name="should be decoded properly" classname="com.github.traderjoe95.mls.protocol.message.Messages" time="0.0"/>
  <testcase name="should round-trip to the same binary value" classname="com.github.traderjoe95.mls.protocol.message.Messages" time="0.0"/>
  <testcase name="should be decoded properly" classname="com.github.traderjoe95.mls.protocol.message.Messages" time="0.0"/>
  <testcase name="should round-trip to the same binary value" classname="com.github.traderjoe95.mls.protocol.message.Messages" time="0.0"/>
  <testcase name="should be decoded properly" classname="com.github.traderjoe95.mls.protocol.message.Messages" time="0.0"/>
  <testcase name="should round-trip to the same binary value" classname="com.github.traderjoe95.mls.protocol.message.Messages" time="0.0"/>
  <testcase name="should be decoded properly" classname="com.github.traderjoe95.mls.protocol.message.Messages" time="0.0"/>
  <testcase name="should round-trip to the same binary value" classname="com.github.traderjoe95.mls.protocol.message.Messages" time="0.0"/>
  <testcase name="should be decoded properly" classname="com.github.traderjoe95.mls.protocol.message.Messages" time="0.0"/>
  <testcase name="should round-trip to the same binary value" classname="com.github.traderjoe95.mls.protocol.message.Messages" time="0.0"/>
  <testcase name="should be decoded properly" classname="com.github.traderjoe95.mls.protocol.message.Messages" time="0.0"/>
  <testcase name="should round-trip to the same binary value" classname="com.github.traderjoe95.mls.protocol.message.Messages" time="0.0"/>
  <testcase name="should be decoded properly" classname="com.github.traderjoe95.mls.protocol.message.Messages" time="0.0"/>
  <testcase name="should round-trip to the same binary value" classname="com.github.traderjoe95.mls.protocol.message.Messages" time="0.0"/>
  <testcase name="should be decoded properly" classname="com.github.traderjoe95.mls.protocol.message.Messages" time="0.0"/>
  <testcase name="should round-trip to the same binary value" classname="com.github.traderjoe95.mls.protocol.message.Messages" time="0.0"/>
  <testcase name="should be decoded properly" classname="com.github.traderjoe95.mls.protocol.message.Messages" time="0.0"/>
  <testcase name="should round-trip to the same binary value" classname="com.github.traderjoe95.mls.protocol.message.Messages" time="0.0"/>
  <testcase name="should be decoded properly" classname="com.github.traderjoe95.mls.protocol.message.Messages" time="0.0"/>
  <testcase name="should round-trip to the same binary value" classname="com.github.traderjoe95.mls.protocol.message.Messages" time="0.0"/>
  <testcase name="should be decoded properly" classname="com.github.traderjoe95.mls.protocol.message.Messages" time="0.001"/>
  <testcase name="should round-trip to the same binary value" classname="com.github.traderjoe95.mls.protocol.message.Messages" time="0.0"/>
  <testcase name="should be decoded properly" classname="com.github.traderjoe95.mls.protocol.message.Messages" time="0.0"/>
  <testcase name="should round-trip to the same binary value" classname="com.github.traderjoe95.mls.protocol.message.Messages" time="0.0"/>
  <testcase name="should be decoded properly" classname="com.github.traderjoe95.mls.protocol.message.Messages" time="0.0"/>
  <testcase name="should round-trip to the same binary value" classname="com.github.traderjoe95.mls.protocol.message.Messages" time="0.0"/>
  <testcase name="should be decoded properly" classname="com.github.traderjoe95.mls.protocol.message.Messages" time="0.0"/>
  <testcase name="should round-trip to the same binary value" classname="com.github.traderjoe95.mls.protocol.message.Messages" time="0.0"/>
  <testcase name="should be decoded properly" classname="com.github.traderjoe95.mls.protocol.message.Messages" time="0.0"/>
  <testcase name="should round-trip to the same binary value" classname="com.github.traderjoe95.mls.protocol.message.Messages" time="0.001"/>
  <testcase name="should be decoded properly" classname="com.github.traderjoe95.mls.protocol.message.Messages" time="0.001"/>
  <testcase name="should round-trip to the same binary value" classname="com.github.traderjoe95.mls.protocol.message.Messages" time="0.0"/>
  <testcase name="should be decoded properly" classname="com.github.traderjoe95.mls.protocol.message.Messages" time="0.0"/>
  <testcase name="should round-trip to the same binary value" classname="com.github.traderjoe95.mls.protocol.message.Messages" time="0.0"/>
  <testcase name="should be decoded properly" classname="com.github.traderjoe95.mls.protocol.message.Messages" time="0.0"/>
  <testcase name="should round-trip to the same binary value" classname="com.github.traderjoe95.mls.protocol.message.Messages" time="0.0"/>
  <testcase name="should be decoded properly" classname="com.github.traderjoe95.mls.protocol.message.Messages" time="0.0"/>
  <testcase name="should round-trip to the same binary value" classname="com.github.traderjoe95.mls.protocol.message.Messages" time="0.001"/>
  <testcase name="should be decoded properly" classname="com.github.traderjoe95.mls.protocol.message.Messages" time="0.0"/>
  <testcase name="should round-trip to the same binary value" classname="com.github.traderjoe95.mls.protocol.message.Messages" time="0.0"/>
  <testcase name="should be decoded properly" classname="com.github.traderjoe95.mls.protocol.message.Messages" time="0.001"/>
  <testcase name="should round-trip to the same binary value" classname="com.github.traderjoe95.mls.protocol.message.Messages" time="0.0"/>
  <testcase name="should be decoded properly" classname="com.github.traderjoe95.mls.protocol.message.Messages" time="0.0"/>
  <testcase name="should round-trip to the same binary value" classname="com.github.traderjoe95.mls.protocol.message.Messages" time="0.0"/>
  <testcase name="should be decoded properly" classname="com.github.traderjoe95.mls.protocol.message.Messages" time="0.0"/>
  <testcase name="should round-trip to the same binary value" classname="com.github.traderjoe95.mls.protocol.message.Messages" time="0.0"/>
  <testcase name="should be decoded properly" classname="com.github.traderjoe95.mls.protocol.message.Messages" time="0.0"/>
  <testcase name="should round-trip to the same binary value" classname="com.github.traderjoe95.mls.protocol.message.Messages" time="0.0"/>
  <testcase name="should be decoded properly" classname="com.github.traderjoe95.mls.protocol.message.Messages" time="0.0"/>
  <testcase name="should round-trip to the same binary value" classname="com.github.traderjoe95.mls.protocol.message.Messages" time="0.001"/>
  <testcase name="should be decoded properly" classname="com.github.traderjoe95.mls.protocol.message.Messages" time="0.0"/>
  <testcase name="should round-trip to the same binary value" classname="com.github.traderjoe95.mls.protocol.message.Messages" time="0.0"/>
  <testcase name="should be decoded properly" classname="com.github.traderjoe95.mls.protocol.message.Messages" time="0.0"/>
  <testcase name="should round-trip to the same binary value" classname="com.github.traderjoe95.mls.protocol.message.Messages" time="0.0"/>
  <testcase name="should be decoded properly" classname="com.github.traderjoe95.mls.protocol.message.Messages" time="0.0"/>
  <testcase name="should round-trip to the same binary value" classname="com.github.traderjoe95.mls.protocol.message.Messages" time="0.0"/>
  <testcase name="should be decoded properly" classname="com.github.traderjoe95.mls.protocol.message.Messages" time="0.0"/>
  <testcase name="should round-trip to the same binary value" classname="com.github.traderjoe95.mls.protocol.message.Messages" time="0.0"/>
  <testcase name="should be decoded properly" classname="com.github.traderjoe95.mls.protocol.message.Messages" time="0.001"/>
  <testcase name="should round-trip to the same binary value" classname="com.github.traderjoe95.mls.protocol.message.Messages" time="0.0"/>
  <testcase name="should be decoded properly" classname="com.github.traderjoe95.mls.protocol.message.Messages" time="0.0"/>
  <testcase name="should round-trip to the same binary value" classname="com.github.traderjoe95.mls.protocol.message.Messages" time="0.0"/>
  <testcase name="should be decoded properly" classname="com.github.traderjoe95.mls.protocol.message.Messages" time="0.0"/>
  <testcase name="should round-trip to the same binary value" classname="com.github.traderjoe95.mls.protocol.message.Messages" time="0.0"/>
  <testcase name="should be decoded properly" classname="com.github.traderjoe95.mls.protocol.message.Messages" time="0.0"/>
  <testcase name="should round-trip to the same binary value" classname="com.github.traderjoe95.mls.protocol.message.Messages" time="0.0"/>
  <testcase name="should be decoded properly" classname="com.github.traderjoe95.mls.protocol.message.Messages" time="0.0"/>
  <testcase name="should round-trip to the same binary value" classname="com.github.traderjoe95.mls.protocol.message.Messages" time="0.0"/>
  <testcase name="should be decoded properly" classname="com.github.traderjoe95.mls.protocol.message.Messages" time="0.0"/>
  <testcase name="should round-trip to the same binary value" classname="com.github.traderjoe95.mls.protocol.message.Messages" time="0.0"/>
  <testcase name="should be decoded properly" classname="com.github.traderjoe95.mls.protocol.message.Messages" time="0.0"/>
  <testcase name="should round-trip to the same binary value" classname="com.github.traderjoe95.mls.protocol.message.Messages" time="0.0"/>
  <testcase name="should be decoded properly" classname="com.github.traderjoe95.mls.protocol.message.Messages" time="0.0"/>
  <testcase name="should round-trip to the same binary value" classname="com.github.traderjoe95.mls.protocol.message.Messages" time="0.0"/>
  <testcase name="should be decoded properly" classname="com.github.traderjoe95.mls.protocol.message.Messages" time="0.0"/>
  <testcase name="should round-trip to the same binary value" classname="com.github.traderjoe95.mls.protocol.message.Messages" time="0.0"/>
  <testcase name="should be decoded properly" classname="com.github.traderjoe95.mls.protocol.message.Messages" time="0.0"/>
  <testcase name="should round-trip to the same binary value" classname="com.github.traderjoe95.mls.protocol.message.Messages" time="0.0"/>
  <testcase name="should be decoded properly" classname="com.github.traderjoe95.mls.protocol.message.Messages" time="0.0"/>
  <testcase name="should round-trip to the same binary value" classname="com.github.traderjoe95.mls.protocol.message.Messages" time="0.0"/>
  <testcase name="should be decoded properly" classname="com.github.traderjoe95.mls.protocol.message.Messages" time="0.0"/>
  <testcase name="should round-trip to the same binary value" classname="com.github.traderjoe95.mls.protocol.message.Messages" time="0.0"/>
  <testcase name="should be decoded properly" classname="com.github.traderjoe95.mls.protocol.message.Messages" time="0.0"/>
  <testcase name="should round-trip to the same binary value" classname="com.github.traderjoe95.mls.protocol.message.Messages" time="0.0"/>
  <testcase name="should be decoded properly" classname="com.github.traderjoe95.mls.protocol.message.Messages" time="0.0"/>
  <testcase name="should round-trip to the same binary value" classname="com.github.traderjoe95.mls.protocol.message.Messages" time="0.001"/>
  <testcase name="should be decoded properly" classname="com.github.traderjoe95.mls.protocol.message.Messages" time="0.001"/>
  <testcase name="should round-trip to the same binary value" classname="com.github.traderjoe95.mls.protocol.message.Messages" time="0.0"/>
  <testcase name="should be decoded properly" classname="com.github.traderjoe95.mls.protocol.message.Messages" time="0.0"/>
  <testcase name="should round-trip to the same binary value" classname="com.github.traderjoe95.mls.protocol.message.Messages" time="0.001"/>
  <testcase name="should be decoded properly" classname="com.github.traderjoe95.mls.protocol.message.Messages" time="0.0"/>
  <testcase name="should round-trip to the same binary value" classname="com.github.traderjoe95.mls.protocol.message.Messages" time="0.0"/>
  <testcase name="should be decoded properly" classname="com.github.traderjoe95.mls.protocol.message.Messages" time="0.0"/>
  <testcase name="should round-trip to the same binary value" classname="com.github.traderjoe95.mls.protocol.message.Messages" time="0.0"/>
  <testcase name="should be decoded properly" classname="com.github.traderjoe95.mls.protocol.message.Messages" time="0.0"/>
  <testcase name="should round-trip to the same binary value" classname="com.github.traderjoe95.mls.protocol.message.Messages" time="0.0"/>
  <testcase name="should be decoded properly" classname="com.github.traderjoe95.mls.protocol.message.Messages" time="0.001"/>
  <testcase name="should round-trip to the same binary value" classname="com.github.traderjoe95.mls.protocol.message.Messages" time="0.0"/>
  <testcase name="should be decoded properly" classname="com.github.traderjoe95.mls.protocol.message.Messages" time="0.001"/>
  <testcase name="should round-trip to the same binary value" classname="com.github.traderjoe95.mls.protocol.message.Messages" time="0.0"/>
  <testcase name="should be decoded properly" classname="com.github.traderjoe95.mls.protocol.message.Messages" time="0.0"/>
  <testcase name="should round-trip to the same binary value" classname="com.github.traderjoe95.mls.protocol.message.Messages" time="0.0"/>
  <testcase name="should be decoded properly" classname="com.github.traderjoe95.mls.protocol.message.Messages" time="0.0"/>
  <testcase name="should round-trip to the same binary value" classname="com.github.traderjoe95.mls.protocol.message.Messages" time="0.0"/>
  <testcase name="should be decoded properly" classname="com.github.traderjoe95.mls.protocol.message.Messages" time="0.0"/>
  <testcase name="should round-trip to the same binary value" classname="com.github.traderjoe95.mls.protocol.message.Messages" time="0.0"/>
  <testcase name="should be decoded properly" classname="com.github.traderjoe95.mls.protocol.message.Messages" time="0.0"/>
  <testcase name="should round-trip to the same binary value" classname="com.github.traderjoe95.mls.protocol.message.Messages" time="0.0"/>
  <testcase name="should be decoded properly" classname="com.github.traderjoe95.mls.protocol.message.Messages" time="0.0"/>
  <testcase name="should round-trip to the same binary value" classname="com.github.traderjoe95.mls.protocol.message.Messages" time="0.0"/>
  <testcase name="should be decoded properly" classname="com.github.traderjoe95.mls.protocol.message.Messages" time="0.0"/>
  <testcase name="should round-trip to the same binary value" classname="com.github.traderjoe95.mls.protocol.message.Messages" time="0.0"/>
  <testcase name="should be decoded properly" classname="com.github.traderjoe95.mls.protocol.message.Messages" time="0.0"/>
  <testcase name="should round-trip to the same binary value" classname="com.github.traderjoe95.mls.protocol.message.Messages" time="0.0"/>
  <testcase name="should be decoded properly" classname="com.github.traderjoe95.mls.protocol.message.Messages" time="0.0"/>
  <testcase name="should round-trip to the same binary value" classname="com.github.traderjoe95.mls.protocol.message.Messages" time="0.0"/>
  <testcase name="should be decoded properly" classname="com.github.traderjoe95.mls.protocol.message.Messages" time="0.001"/>
  <testcase name="should round-trip to the same binary value" classname="com.github.traderjoe95.mls.protocol.message.Messages" time="0.0"/>
  <testcase name="should be decoded properly" classname="com.github.traderjoe95.mls.protocol.message.Messages" time="0.0"/>
  <testcase name="should round-trip to the same binary value" classname="com.github.traderjoe95.mls.protocol.message.Messages" time="0.0"/>
  <testcase name="should be decoded properly" classname="com.github.traderjoe95.mls.protocol.message.Messages" time="0.0"/>
  <testcase name="should round-trip to the same binary value" classname="com.github.traderjoe95.mls.protocol.message.Messages" time="0.0"/>
  <testcase name="should be decoded properly" classname="com.github.traderjoe95.mls.protocol.message.Messages" time="0.0"/>
  <testcase name="should round-trip to the same binary value" classname="com.github.traderjoe95.mls.protocol.message.Messages" time="0.0"/>
  <testcase name="should be decoded properly" classname="com.github.traderjoe95.mls.protocol.message.Messages" time="0.0"/>
  <testcase name="should round-trip to the same binary value" classname="com.github.traderjoe95.mls.protocol.message.Messages" time="0.0"/>
  <testcase name="should be decoded properly" classname="com.github.traderjoe95.mls.protocol.message.Messages" time="0.001"/>
  <testcase name="should round-trip to the same binary value" classname="com.github.traderjoe95.mls.protocol.message.Messages" time="0.0"/>
  <testcase name="should be decoded properly" classname="com.github.traderjoe95.mls.protocol.message.Messages" time="0.0"/>
  <testcase name="should round-trip to the same binary value" classname="com.github.traderjoe95.mls.protocol.message.Messages" time="0.0"/>
  <testcase name="should be decoded properly" classname="com.github.traderjoe95.mls.protocol.message.Messages" time="0.0"/>
  <testcase name="should round-trip to the same binary value" classname="com.github.traderjoe95.mls.protocol.message.Messages" time="0.0"/>
  <testcase name="should be decoded properly" classname="com.github.traderjoe95.mls.protocol.message.Messages" time="0.0"/>
  <testcase name="should round-trip to the same binary value" classname="com.github.traderjoe95.mls.protocol.message.Messages" time="0.0"/>
  <testcase name="should be decoded properly" classname="com.github.traderjoe95.mls.protocol.message.Messages" time="0.0"/>
  <testcase name="should round-trip to the same binary value" classname="com.github.traderjoe95.mls.protocol.message.Messages" time="0.0"/>
  <testcase name="should be decoded properly" classname="com.github.traderjoe95.mls.protocol.message.Messages" time="0.0"/>
  <testcase name="should round-trip to the same binary value" classname="com.github.traderjoe95.mls.protocol.message.Messages" time="0.0"/>
  <testcase name="should be decoded properly" classname="com.github.traderjoe95.mls.protocol.message.Messages" time="0.0"/>
  <testcase name="should round-trip to the same binary value" classname="com.github.traderjoe95.mls.protocol.message.Messages" time="0.0"/>
  <testcase name="should be decoded properly" classname="com.github.traderjoe95.mls.protocol.message.Messages" time="0.0"/>
  <testcase name="should round-trip to the same binary value" classname="com.github.traderjoe95.mls.protocol.message.Messages" time="0.0"/>
  <testcase name="should be decoded properly" classname="com.github.traderjoe95.mls.protocol.message.Messages" time="0.0"/>
  <testcase name="should round-trip to the same binary value" classname="com.github.traderjoe95.mls.protocol.message.Messages" time="0.001"/>
  <testcase name="should be decoded properly" classname="com.github.traderjoe95.mls.protocol.message.Messages" time="0.001"/>
  <testcase name="should round-trip to the same binary value" classname="com.github.traderjoe95.mls.protocol.message.Messages" time="0.0"/>
  <testcase name="should be decoded properly" classname="com.github.traderjoe95.mls.protocol.message.Messages" time="0.0"/>
  <testcase name="should round-trip to the same binary value" classname="com.github.traderjoe95.mls.protocol.message.Messages" time="0.0"/>
  <testcase name="should be decoded properly" classname="com.github.traderjoe95.mls.protocol.message.Messages" time="0.0"/>
  <testcase name="should round-trip to the same binary value" classname="com.github.traderjoe95.mls.protocol.message.Messages" time="0.0"/>
  <testcase name="should be decoded properly" classname="com.github.traderjoe95.mls.protocol.message.Messages" time="0.0"/>
  <testcase name="should round-trip to the same binary value" classname="com.github.traderjoe95.mls.protocol.message.Messages" time="0.0"/>
  <testcase name="should be decoded properly" classname="com.github.traderjoe95.mls.protocol.message.Messages" time="0.0"/>
  <testcase name="should round-trip to the same binary value" classname="com.github.traderjoe95.mls.protocol.message.Messages" time="0.001"/>
  <testcase name="should be decoded properly" classname="com.github.traderjoe95.mls.protocol.message.Messages" time="0.0"/>
  <testcase name="should round-trip to the same binary value" classname="com.github.traderjoe95.mls.protocol.message.Messages" time="0.0"/>
  <testcase name="should be decoded properly" classname="com.github.traderjoe95.mls.protocol.message.Messages" time="0.0"/>
  <testcase name="should round-trip to the same binary value" classname="com.github.traderjoe95.mls.protocol.message.Messages" time="0.0"/>
  <testcase name="should be decoded properly" classname="com.github.traderjoe95.mls.protocol.message.Messages" time="0.0"/>
  <testcase name="should round-trip to the same binary value" classname="com.github.traderjoe95.mls.protocol.message.Messages" time="0.0"/>
  <testcase name="should be decoded properly" classname="com.github.traderjoe95.mls.protocol.message.Messages" time="0.0"/>
  <testcase name="should round-trip to the same binary value" classname="com.github.traderjoe95.mls.protocol.message.Messages" time="0.0"/>
  <testcase name="should be decoded properly" classname="com.github.traderjoe95.mls.protocol.message.Messages" time="0.0"/>
  <testcase name="should round-trip to the same binary value" classname="com.github.traderjoe95.mls.protocol.message.Messages" time="0.001"/>
  <testcase name="should be decoded properly" classname="com.github.traderjoe95.mls.protocol.message.Messages" time="0.0"/>
  <testcase name="should round-trip to the same binary value" classname="com.github.traderjoe95.mls.protocol.message.Messages" time="0.0"/>
  <testcase name="should be decoded properly" classname="com.github.traderjoe95.mls.protocol.message.Messages" time="0.0"/>
  <testcase name="should round-trip to the same binary value" classname="com.github.traderjoe95.mls.protocol.message.Messages" time="0.0"/>
  <testcase name="should be decoded properly" classname="com.github.traderjoe95.mls.protocol.message.Messages" time="0.0"/>
  <testcase name="should round-trip to the same binary value" classname="com.github.traderjoe95.mls.protocol.message.Messages" time="0.0"/>
  <testcase name="should be decoded properly" classname="com.github.traderjoe95.mls.protocol.message.Messages" time="0.0"/>
  <testcase name="should round-trip to the same binary value" classname="com.github.traderjoe95.mls.protocol.message.Messages" time="0.001"/>
  <testcase name="should be decoded properly" classname="com.github.traderjoe95.mls.protocol.message.Messages" time="0.0"/>
  <testcase name="should round-trip to the same binary value" classname="com.github.traderjoe95.mls.protocol.message.Messages" time="0.001"/>
  <testcase name="should be decoded properly" classname="com.github.traderjoe95.mls.protocol.message.Messages" time="0.0"/>
  <testcase name="should round-trip to the same binary value" classname="com.github.traderjoe95.mls.protocol.message.Messages" time="0.0"/>
  <testcase name="should be decoded properly" classname="com.github.traderjoe95.mls.protocol.message.Messages" time="0.0"/>
  <testcase name="should round-trip to the same binary value" classname="com.github.traderjoe95.mls.protocol.message.Messages" time="0.0"/>
  <testcase name="should be decoded properly" classname="com.github.traderjoe95.mls.protocol.message.Messages" time="0.0"/>
  <testcase name="should round-trip to the same binary value" classname="com.github.traderjoe95.mls.protocol.message.Messages" time="0.0"/>
  <testcase name="should be decoded properly" classname="com.github.traderjoe95.mls.protocol.message.Messages" time="0.0"/>
  <testcase name="should round-trip to the same binary value" classname="com.github.traderjoe95.mls.protocol.message.Messages" time="0.0"/>
  <testcase name="should be decoded properly" classname="com.github.traderjoe95.mls.protocol.message.Messages" time="0.0"/>
  <testcase name="should round-trip to the same binary value" classname="com.github.traderjoe95.mls.protocol.message.Messages" time="0.0"/>
  <testcase name="should be decoded properly" classname="com.github.traderjoe95.mls.protocol.message.Messages" time="0.0"/>
  <testcase name="should round-trip to the same binary value" classname="com.github.traderjoe95.mls.protocol.message.Messages" time="0.0"/>
  <testcase name="should be decoded properly" classname="com.github.traderjoe95.mls.protocol.message.Messages" time="0.0"/>
  <testcase name="should round-trip to the same binary value" classname="com.github.traderjoe95.mls.protocol.message.Messages" time="0.0"/>
  <testcase name="should be decoded properly" classname="com.github.traderjoe95.mls.protocol.message.Messages" time="0.0"/>
  <testcase name="should round-trip to the same binary value" classname="com.github.traderjoe95.mls.protocol.message.Messages" time="0.0"/>
  <testcase name="should be decoded properly" classname="com.github.traderjoe95.mls.protocol.message.Messages" time="0.0"/>
  <testcase name="should round-trip to the same binary value" classname="com.github.traderjoe95.mls.protocol.message.Messages" time="0.0"/>
  <testcase name="should be decoded properly" classname="com.github.traderjoe95.mls.protocol.message.Messages" time="0.0"/>
  <testcase name="should round-trip to the same binary value" classname="com.github.traderjoe95.mls.protocol.message.Messages" time="0.001"/>
  <testcase name="should be decoded properly" classname="com.github.traderjoe95.mls.protocol.message.Messages" time="0.001"/>
  <testcase name="should round-trip to the same binary value" classname="com.github.traderjoe95.mls.protocol.message.Messages" time="0.0"/>
  <testcase name="should be decoded properly" classname="com.github.traderjoe95.mls.protocol.message.Messages" time="0.0"/>
  <testcase name="should round-trip to the same binary value" classname="com.github.traderjoe95.mls.protocol.message.Messages" time="0.0"/>
  <testcase name="should be decoded properly" classname="com.github.traderjoe95.mls.protocol.message.Messages" time="0.0"/>
  <testcase name="should round-trip to the same binary value" classname="com.github.traderjoe95.mls.protocol.message.Messages" time="0.0"/>
  <testcase name="should be decoded properly" classname="com.github.traderjoe95.mls.protocol.message.Messages" time="0.0"/>
  <testcase name="should round-trip to the same binary value" classname="com.github.traderjoe95.mls.protocol.message.Messages" time="0.0"/>
  <testcase name="should be decoded properly" classname="com.github.traderjoe95.mls.protocol.message.Messages" time="0.0"/>
  <testcase name="should round-trip to the same binary value" classname="com.github.traderjoe95.mls.protocol.message.Messages" time="0.001"/>
  <testcase name="should be decoded properly" classname="com.github.traderjoe95.mls.protocol.message.Messages" time="0.0"/>
  <testcase name="should round-trip to the same binary value" classname="com.github.traderjoe95.mls.protocol.message.Messages" time="0.0"/>
  <testcase name="should be decoded properly" classname="com.github.traderjoe95.mls.protocol.message.Messages" time="0.0"/>
  <testcase name="should round-trip to the same binary value" classname="com.github.traderjoe95.mls.protocol.message.Messages" time="0.0"/>
  <testcase name="should be decoded properly" classname="com.github.traderjoe95.mls.protocol.message.Messages" time="0.0"/>
  <testcase name="should round-trip to the same binary value" classname="com.github.traderjoe95.mls.protocol.message.Messages" time="0.0"/>
  <testcase name="should be decoded properly" classname="com.github.traderjoe95.mls.protocol.message.Messages" time="0.0"/>
  <testcase name="should round-trip to the same binary value" classname="com.github.traderjoe95.mls.protocol.message.Messages" time="0.0"/>
  <testcase name="should be decoded properly" classname="com.github.traderjoe95.mls.protocol.message.Messages" time="0.0"/>
  <testcase name="should round-trip to the same binary value" classname="com.github.traderjoe95.mls.protocol.message.Messages" time="0.0"/>
  <testcase name="should be decoded properly" classname="com.github.traderjoe95.mls.protocol.message.Messages" time="0.0"/>
  <testcase name="should round-trip to the same binary value" classname="com.github.traderjoe95.mls.protocol.message.Messages" time="0.0"/>
  <testcase name="should be decoded properly" classname="com.github.traderjoe95.mls.protocol.message.Messages" time="0.0"/>
  <testcase name="should round-trip to the same binary value" classname="com.github.traderjoe95.mls.protocol.message.Messages" time="0.001"/>
  <testcase name="should be decoded properly" classname="com.github.traderjoe95.mls.protocol.message.Messages" time="0.001"/>
  <testcase name="should round-trip to the same binary value" classname="com.github.traderjoe95.mls.protocol.message.Messages" time="0.001"/>
  <testcase name="should be decoded properly" classname="com.github.traderjoe95.mls.protocol.message.Messages" time="0.0"/>
  <testcase name="should round-trip to the same binary value" classname="com.github.traderjoe95.mls.protocol.message.Messages" time="0.0"/>
  <testcase name="should be decoded properly" classname="com.github.traderjoe95.mls.protocol.message.Messages" time="0.0"/>
  <testcase name="should round-trip to the same binary value" classname="com.github.traderjoe95.mls.protocol.message.Messages" time="0.0"/>
  <testcase name="should be decoded properly" classname="com.github.traderjoe95.mls.protocol.message.Messages" time="0.0"/>
  <testcase name="should round-trip to the same binary value" classname="com.github.traderjoe95.mls.protocol.message.Messages" time="0.0"/>
  <testcase name="should be decoded properly" classname="com.github.traderjoe95.mls.protocol.message.Messages" time="0.0"/>
  <testcase name="should round-trip to the same binary value" classname="com.github.traderjoe95.mls.protocol.message.Messages" time="0.0"/>
  <testcase name="should be decoded properly" classname="com.github.traderjoe95.mls.protocol.message.Messages" time="0.0"/>
  <testcase name="should round-trip to the same binary value" classname="com.github.traderjoe95.mls.protocol.message.Messages" time="0.0"/>
  <testcase name="should be decoded properly" classname="com.github.traderjoe95.mls.protocol.message.Messages" time="0.0"/>
  <testcase name="should round-trip to the same binary value" classname="com.github.traderjoe95.mls.protocol.message.Messages" time="0.0"/>
  <testcase name="should be decoded properly" classname="com.github.traderjoe95.mls.protocol.message.Messages" time="0.0"/>
  <testcase name="should round-trip to the same binary value" classname="com.github.traderjoe95.mls.protocol.message.Messages" time="0.0"/>
  <testcase name="should be decoded properly" classname="com.github.traderjoe95.mls.protocol.message.Messages" time="0.0"/>
  <testcase name="should round-trip to the same binary value" classname="com.github.traderjoe95.mls.protocol.message.Messages" time="0.001"/>
  <testcase name="should be decoded properly" classname="com.github.traderjoe95.mls.protocol.message.Messages" time="0.001"/>
  <testcase name="should round-trip to the same binary value" classname="com.github.traderjoe95.mls.protocol.message.Messages" time="0.0"/>
  <testcase name="should be decoded properly" classname="com.github.traderjoe95.mls.protocol.message.Messages" time="0.0"/>
  <testcase name="should round-trip to the same binary value" classname="com.github.traderjoe95.mls.protocol.message.Messages" time="0.001"/>
  <testcase name="should be decoded properly" classname="com.github.traderjoe95.mls.protocol.message.Messages" time="0.001"/>
  <testcase name="should round-trip to the same binary value" classname="com.github.traderjoe95.mls.protocol.message.Messages" time="0.0"/>
  <testcase name="should be decoded properly" classname="com.github.traderjoe95.mls.protocol.message.Messages" time="0.0"/>
  <testcase name="should round-trip to the same binary value" classname="com.github.traderjoe95.mls.protocol.message.Messages" time="0.001"/>
  <testcase name="should be decoded properly" classname="com.github.traderjoe95.mls.protocol.message.Messages" time="0.0"/>
  <testcase name="should round-trip to the same binary value" classname="com.github.traderjoe95.mls.protocol.message.Messages" time="0.0"/>
  <testcase name="should be decoded properly" classname="com.github.traderjoe95.mls.protocol.message.Messages" time="0.0"/>
  <testcase name="should round-trip to the same binary value" classname="com.github.traderjoe95.mls.protocol.message.Messages" time="0.0"/>
  <testcase name="should be decoded properly" classname="com.github.traderjoe95.mls.protocol.message.Messages" time="0.001"/>
  <testcase name="should round-trip to the same binary value" classname="com.github.traderjoe95.mls.protocol.message.Messages" time="0.0"/>
  <testcase name="should be decoded properly" classname="com.github.traderjoe95.mls.protocol.message.Messages" time="0.0"/>
  <testcase name="should round-trip to the same binary value" classname="com.github.traderjoe95.mls.protocol.message.Messages" time="0.0"/>
  <testcase name="should be decoded properly" classname="com.github.traderjoe95.mls.protocol.message.Messages" time="0.0"/>
  <testcase name="should round-trip to the same binary value" classname="com.github.traderjoe95.mls.protocol.message.Messages" time="0.0"/>
  <testcase name="should be decoded properly" classname="com.github.traderjoe95.mls.protocol.message.Messages" time="0.0"/>
  <testcase name="should round-trip to the same binary value" classname="com.github.traderjoe95.mls.protocol.message.Messages" time="0.0"/>
  <testcase name="should be decoded properly" classname="com.github.traderjoe95.mls.protocol.message.Messages" time="0.0"/>
  <testcase name="should round-trip to the same binary value" classname="com.github.traderjoe95.mls.protocol.message.Messages" time="0.0"/>
  <testcase name="should be decoded properly" classname="com.github.traderjoe95.mls.protocol.message.Messages" time="0.0"/>
  <testcase name="should round-trip to the same binary value" classname="com.github.traderjoe95.mls.protocol.message.Messages" time="0.0"/>
  <testcase name="should be decoded properly" classname="com.github.traderjoe95.mls.protocol.message.Messages" time="0.0"/>
  <testcase name="should round-trip to the same binary value" classname="com.github.traderjoe95.mls.protocol.message.Messages" time="0.0"/>
  <testcase name="should be decoded properly" classname="com.github.traderjoe95.mls.protocol.message.Messages" time="0.001"/>
  <testcase name="should round-trip to the same binary value" classname="com.github.traderjoe95.mls.protocol.message.Messages" time="0.0"/>
  <testcase name="should be decoded properly" classname="com.github.traderjoe95.mls.protocol.message.Messages" time="0.0"/>
  <testcase name="should round-trip to the same binary value" classname="com.github.traderjoe95.mls.protocol.message.Messages" time="0.0"/>
  <testcase name="should be decoded properly" classname="com.github.traderjoe95.mls.protocol.message.Messages" time="0.001"/>
  <testcase name="should round-trip to the same binary value" classname="com.github.traderjoe95.mls.protocol.message.Messages" time="0.0"/>
  <testcase name="should be decoded properly" classname="com.github.traderjoe95.mls.protocol.message.Messages" time="0.0"/>
  <testcase name="should round-trip to the same binary value" classname="com.github.traderjoe95.mls.protocol.message.Messages" time="0.0"/>
  <testcase name="should be decoded properly" classname="com.github.traderjoe95.mls.protocol.message.Messages" time="0.001"/>
  <testcase name="should round-trip to the same binary value" classname="com.github.traderjoe95.mls.protocol.message.Messages" time="0.001"/>
  <testcase name="should be decoded properly" classname="com.github.traderjoe95.mls.protocol.message.Messages" time="0.0"/>
  <testcase name="should round-trip to the same binary value" classname="com.github.traderjoe95.mls.protocol.message.Messages" time="0.0"/>
  <testcase name="should be decoded properly" classname="com.github.traderjoe95.mls.protocol.message.Messages" time="0.0"/>
  <testcase name="should round-trip to the same binary value" classname="com.github.traderjoe95.mls.protocol.message.Messages" time="0.0"/>
  <testcase name="should be decoded properly" classname="com.github.traderjoe95.mls.protocol.message.Messages" time="0.0"/>
  <testcase name="should round-trip to the same binary value" classname="com.github.traderjoe95.mls.protocol.message.Messages" time="0.0"/>
  <testcase name="should be decoded properly" classname="com.github.traderjoe95.mls.protocol.message.Messages" time="0.0"/>
  <testcase name="should round-trip to the same binary value" classname="com.github.traderjoe95.mls.protocol.message.Messages" time="0.0"/>
  <testcase name="should be decoded properly" classname="com.github.traderjoe95.mls.protocol.message.Messages" time="0.0"/>
  <testcase name="should round-trip to the same binary value" classname="com.github.traderjoe95.mls.protocol.message.Messages" time="0.0"/>
  <testcase name="should be decoded properly" classname="com.github.traderjoe95.mls.protocol.message.Messages" time="0.0"/>
  <testcase name="should round-trip to the same binary value" classname="com.github.traderjoe95.mls.protocol.message.Messages" time="0.0"/>
  <testcase name="should be decoded properly" classname="com.github.traderjoe95.mls.protocol.message.Messages" time="0.0"/>
  <testcase name="should round-trip to the same binary value" classname="com.github.traderjoe95.mls.protocol.message.Messages" time="0.0"/>
  <testcase name="should be decoded properly" classname="com.github.traderjoe95.mls.protocol.message.Messages" time="0.0"/>
  <testcase name="should round-trip to the same binary value" classname="com.github.traderjoe95.mls.protocol.message.Messages" time="0.0"/>
  <testcase name="should be decoded properly" classname="com.github.traderjoe95.mls.protocol.message.Messages" time="0.0"/>
  <testcase name="should round-trip to the same binary value" classname="com.github.traderjoe95.mls.protocol.message.Messages" time="0.0"/>
  <testcase name="should be decoded properly" classname="com.github.traderjoe95.mls.protocol.message.Messages" time="0.0"/>
  <testcase name="should round-trip to the same binary value" classname="com.github.traderjoe95.mls.protocol.message.Messages" time="0.0"/>
  <testcase name="should be decoded properly" classname="com.github.traderjoe95.mls.protocol.message.Messages" time="0.0"/>
  <testcase name="should round-trip to the same binary value" classname="com.github.traderjoe95.mls.protocol.message.Messages" time="0.0"/>
  <testcase name="should be decoded properly" classname="com.github.traderjoe95.mls.protocol.message.Messages" time="0.0"/>
  <testcase name="should round-trip to the same binary value" classname="com.github.traderjoe95.mls.protocol.message.Messages" time="0.001"/>
  <testcase name="should be decoded properly" classname="com.github.traderjoe95.mls.protocol.message.Messages" time="0.0"/>
  <testcase name="should round-trip to the same binary value" classname="com.github.traderjoe95.mls.protocol.message.Messages" time="0.001"/>
  <testcase name="should be decoded properly" classname="com.github.traderjoe95.mls.protocol.message.Messages" time="0.001"/>
  <testcase name="should round-trip to the same binary value" classname="com.github.traderjoe95.mls.protocol.message.Messages" time="0.0"/>
  <testcase name="should be decoded properly" classname="com.github.traderjoe95.mls.protocol.message.Messages" time="0.0"/>
  <testcase name="should round-trip to the same binary value" classname="com.github.traderjoe95.mls.protocol.message.Messages" time="0.0"/>
  <testcase name="should be decoded properly" classname="com.github.traderjoe95.mls.protocol.message.Messages" time="0.0"/>
  <testcase name="should round-trip to the same binary value" classname="com.github.traderjoe95.mls.protocol.message.Messages" time="0.0"/>
  <testcase name="should be decoded properly" classname="com.github.traderjoe95.mls.protocol.message.Messages" time="0.0"/>
  <testcase name="should round-trip to the same binary value" classname="com.github.traderjoe95.mls.protocol.message.Messages" time="0.0"/>
  <testcase name="should be decoded properly" classname="com.github.traderjoe95.mls.protocol.message.Messages" time="0.001"/>
  <testcase name="should round-trip to the same binary value" classname="com.github.traderjoe95.mls.protocol.message.Messages" time="0.0"/>
  <testcase name="should be decoded properly" classname="com.github.traderjoe95.mls.protocol.message.Messages" time="0.0"/>
  <testcase name="should round-trip to the same binary value" classname="com.github.traderjoe95.mls.protocol.message.Messages" time="0.001"/>
  <testcase name="should be decoded properly" classname="com.github.traderjoe95.mls.protocol.message.Messages" time="0.0"/>
  <testcase name="should round-trip to the same binary value" classname="com.github.traderjoe95.mls.protocol.message.Messages" time="0.0"/>
  <testcase name="should be decoded properly" classname="com.github.traderjoe95.mls.protocol.message.Messages" time="0.0"/>
  <testcase name="should round-trip to the same binary value" classname="com.github.traderjoe95.mls.protocol.message.Messages" time="0.0"/>
  <testcase name="should be decoded properly" classname="com.github.traderjoe95.mls.protocol.message.Messages" time="0.0"/>
  <testcase name="should round-trip to the same binary value" classname="com.github.traderjoe95.mls.protocol.message.Messages" time="0.0"/>
  <testcase name="should be decoded properly" classname="com.github.traderjoe95.mls.protocol.message.Messages" time="0.0"/>
  <testcase name="should round-trip to the same binary value" classname="com.github.traderjoe95.mls.protocol.message.Messages" time="0.0"/>
  <testcase name="should be decoded properly" classname="com.github.traderjoe95.mls.protocol.message.Messages" time="0.0"/>
  <testcase name="should round-trip to the same binary value" classname="com.github.traderjoe95.mls.protocol.message.Messages" time="0.0"/>
  <testcase name="should be decoded properly" classname="com.github.traderjoe95.mls.protocol.message.Messages" time="0.0"/>
  <testcase name="should round-trip to the same binary value" classname="com.github.traderjoe95.mls.protocol.message.Messages" time="0.0"/>
  <testcase name="should be decoded properly" classname="com.github.traderjoe95.mls.protocol.message.Messages" time="0.0"/>
  <testcase name="should round-trip to the same binary value" classname="com.github.traderjoe95.mls.protocol.message.Messages" time="0.0"/>
  <testcase name="should be decoded properly" classname="com.github.traderjoe95.mls.protocol.message.Messages" time="0.001"/>
  <testcase name="should round-trip to the same binary value" classname="com.github.traderjoe95.mls.protocol.message.Messages" time="0.001"/>
  <testcase name="should be decoded properly" classname="com.github.traderjoe95.mls.protocol.message.Messages" time="0.0"/>
  <testcase name="should round-trip to the same binary value" classname="com.github.traderjoe95.mls.protocol.message.Messages" time="0.0"/>
  <testcase name="should be decoded properly" classname="com.github.traderjoe95.mls.protocol.message.Messages" time="0.0"/>
  <testcase name="should round-trip to the same binary value" classname="com.github.traderjoe95.mls.protocol.message.Messages" time="0.0"/>
  <testcase name="should be decoded properly" classname="com.github.traderjoe95.mls.protocol.message.Messages" time="0.0"/>
  <testcase name="should round-trip to the same binary value" classname="com.github.traderjoe95.mls.protocol.message.Messages" time="0.001"/>
  <testcase name="should be decoded properly" classname="com.github.traderjoe95.mls.protocol.message.Messages" time="0.0"/>
  <testcase name="should round-trip to the same binary value" classname="com.github.traderjoe95.mls.protocol.message.Messages" time="0.0"/>
  <testcase name="should be decoded properly" classname="com.github.traderjoe95.mls.protocol.message.Messages" time="0.0"/>
  <testcase name="should round-trip to the same binary value" classname="com.github.traderjoe95.mls.protocol.message.Messages" time="0.0"/>
  <testcase name="should be decoded properly" classname="com.github.traderjoe95.mls.protocol.message.Messages" time="0.0"/>
  <testcase name="should round-trip to the same binary value" classname="com.github.traderjoe95.mls.protocol.message.Messages" time="0.0"/>
  <testcase name="should be decoded properly" classname="com.github.traderjoe95.mls.protocol.message.Messages" time="0.001"/>
  <testcase name="should round-trip to the same binary value" classname="com.github.traderjoe95.mls.protocol.message.Messages" time="0.0"/>
  <testcase name="should be decoded properly" classname="com.github.traderjoe95.mls.protocol.message.Messages" time="0.0"/>
  <testcase name="should round-trip to the same binary value" classname="com.github.traderjoe95.mls.protocol.message.Messages" time="0.0"/>
  <testcase name="should be decoded properly" classname="com.github.traderjoe95.mls.protocol.message.Messages" time="0.0"/>
  <testcase name="should round-trip to the same binary value" classname="com.github.traderjoe95.mls.protocol.message.Messages" time="0.0"/>
  <testcase name="should be decoded properly" classname="com.github.traderjoe95.mls.protocol.message.Messages" time="0.001"/>
  <testcase name="should round-trip to the same binary value" classname="com.github.traderjoe95.mls.protocol.message.Messages" time="0.001"/>
  <testcase name="should be decoded properly" classname="com.github.traderjoe95.mls.protocol.message.Messages" time="0.0"/>
  <testcase name="should round-trip to the same binary value" classname="com.github.traderjoe95.mls.protocol.message.Messages" time="0.0"/>
  <testcase name="should be decoded properly" classname="com.github.traderjoe95.mls.protocol.message.Messages" time="0.001"/>
  <testcase name="should round-trip to the same binary value" classname="com.github.traderjoe95.mls.protocol.message.Messages" time="0.001"/>
  <testcase name="should be decoded properly" classname="com.github.traderjoe95.mls.protocol.message.Messages" time="0.0"/>
  <testcase name="should round-trip to the same binary value" classname="com.github.traderjoe95.mls.protocol.message.Messages" time="0.0"/>
  <testcase name="should be decoded properly" classname="com.github.traderjoe95.mls.protocol.message.Messages" time="0.0"/>
  <testcase name="should round-trip to the same binary value" classname="com.github.traderjoe95.mls.protocol.message.Messages" time="0.0"/>
  <testcase name="should be decoded properly" classname="com.github.traderjoe95.mls.protocol.message.Messages" time="0.0"/>
  <testcase name="should round-trip to the same binary value" classname="com.github.traderjoe95.mls.protocol.message.Messages" time="0.001"/>
  <testcase name="should be decoded properly" classname="com.github.traderjoe95.mls.protocol.message.Messages" time="0.0"/>
  <testcase name="should round-trip to the same binary value" classname="com.github.traderjoe95.mls.protocol.message.Messages" time="0.0"/>
  <testcase name="should be decoded properly" classname="com.github.traderjoe95.mls.protocol.message.Messages" time="0.0"/>
  <testcase name="should round-trip to the same binary value" classname="com.github.traderjoe95.mls.protocol.message.Messages" time="0.0"/>
  <testcase name="should be decoded properly" classname="com.github.traderjoe95.mls.protocol.message.Messages" time="0.0"/>
  <testcase name="should round-trip to the same binary value" classname="com.github.traderjoe95.mls.protocol.message.Messages" time="0.0"/>
  <testcase name="should be decoded properly" classname="com.github.traderjoe95.mls.protocol.message.Messages" time="0.0"/>
  <testcase name="should round-trip to the same binary value" classname="com.github.traderjoe95.mls.protocol.message.Messages" time="0.0"/>
  <testcase name="should be decoded properly" classname="com.github.traderjoe95.mls.protocol.message.Messages" time="0.001"/>
  <testcase name="should round-trip to the same binary value" classname="com.github.traderjoe95.mls.protocol.message.Messages" time="0.0"/>
  <testcase name="should be decoded properly" classname="com.github.traderjoe95.mls.protocol.message.Messages" time="0.0"/>
  <testcase name="should round-trip to the same binary value" classname="com.github.traderjoe95.mls.protocol.message.Messages" time="0.0"/>
  <testcase name="should be decoded properly" classname="com.github.traderjoe95.mls.protocol.message.Messages" time="0.0"/>
  <testcase name="should round-trip to the same binary value" classname="com.github.traderjoe95.mls.protocol.message.Messages" time="0.001"/>
  <testcase name="should be decoded properly" classname="com.github.traderjoe95.mls.protocol.message.Messages" time="0.0"/>
  <testcase name="should round-trip to the same binary value" classname="com.github.traderjoe95.mls.protocol.message.Messages" time="0.001"/>
  <testcase name="should be decoded properly" classname="com.github.traderjoe95.mls.protocol.message.Messages" time="0.0"/>
  <testcase name="should round-trip to the same binary value" classname="com.github.traderjoe95.mls.protocol.message.Messages" time="0.0"/>
  <testcase name="should be decoded properly" classname="com.github.traderjoe95.mls.protocol.message.Messages" time="0.001"/>
  <testcase name="should round-trip to the same binary value" classname="com.github.traderjoe95.mls.protocol.message.Messages" time="0.001"/>
  <testcase name="should be decoded properly" classname="com.github.traderjoe95.mls.protocol.message.Messages" time="0.0"/>
  <testcase name="should round-trip to the same binary value" classname="com.github.traderjoe95.mls.protocol.message.Messages" time="0.007"/>
  <testcase name="should be decoded properly" classname="com.github.traderjoe95.mls.protocol.message.Messages" time="0.001"/>
  <testcase name="should round-trip to the same binary value" classname="com.github.traderjoe95.mls.protocol.message.Messages" time="0.001"/>
  <testcase name="should be decoded properly" classname="com.github.traderjoe95.mls.protocol.message.Messages" time="0.0"/>
  <testcase name="should round-trip to the same binary value" classname="com.github.traderjoe95.mls.protocol.message.Messages" time="0.0"/>
  <testcase name="should be decoded properly" classname="com.github.traderjoe95.mls.protocol.message.Messages" time="0.0"/>
  <testcase name="should round-trip to the same binary value" classname="com.github.traderjoe95.mls.protocol.message.Messages" time="0.0"/>
  <testcase name="should be decoded properly" classname="com.github.traderjoe95.mls.protocol.message.Messages" time="0.0"/>
  <testcase name="should round-trip to the same binary value" classname="com.github.traderjoe95.mls.protocol.message.Messages" time="0.0"/>
  <testcase name="should be decoded properly" classname="com.github.traderjoe95.mls.protocol.message.Messages" time="0.0"/>
  <testcase name="should round-trip to the same binary value" classname="com.github.traderjoe95.mls.protocol.message.Messages" time="0.0"/>
  <testcase name="should be decoded properly" classname="com.github.traderjoe95.mls.protocol.message.Messages" time="0.0"/>
  <testcase name="should round-trip to the same binary value" classname="com.github.traderjoe95.mls.protocol.message.Messages" time="0.0"/>
  <testcase name="should be decoded properly" classname="com.github.traderjoe95.mls.protocol.message.Messages" time="0.0"/>
  <testcase name="should round-trip to the same binary value" classname="com.github.traderjoe95.mls.protocol.message.Messages" time="0.0"/>
  <testcase name="should be decoded properly" classname="com.github.traderjoe95.mls.protocol.message.Messages" time="0.0"/>
  <testcase name="should round-trip to the same binary value" classname="com.github.traderjoe95.mls.protocol.message.Messages" time="0.0"/>
  <testcase name="should be decoded properly" classname="com.github.traderjoe95.mls.protocol.message.Messages" time="0.0"/>
  <testcase name="should round-trip to the same binary value" classname="com.github.traderjoe95.mls.protocol.message.Messages" time="0.0"/>
  <testcase name="should be decoded properly" classname="com.github.traderjoe95.mls.protocol.message.Messages" time="0.0"/>
  <testcase name="should round-trip to the same binary value" classname="com.github.traderjoe95.mls.protocol.message.Messages" time="0.0"/>
  <testcase name="should be decoded properly" classname="com.github.traderjoe95.mls.protocol.message.Messages" time="0.0"/>
  <testcase name="should round-trip to the same binary value" classname="com.github.traderjoe95.mls.protocol.message.Messages" time="0.0"/>
  <testcase name="should be decoded properly" classname="com.github.traderjoe95.mls.protocol.message.Messages" time="0.0"/>
  <testcase name="should round-trip to the same binary value" classname="com.github.traderjoe95.mls.protocol.message.Messages" time="0.001"/>
  <testcase name="should be decoded properly" classname="com.github.traderjoe95.mls.protocol.message.Messages" time="0.0"/>
  <testcase name="should round-trip to the same binary value" classname="com.github.traderjoe95.mls.protocol.message.Messages" time="0.001"/>
  <testcase name="should be decoded properly" classname="com.github.traderjoe95.mls.protocol.message.Messages" time="0.0"/>
  <testcase name="should round-trip to the same binary value" classname="com.github.traderjoe95.mls.protocol.message.Messages" time="0.0"/>
  <testcase name="should be decoded properly" classname="com.github.traderjoe95.mls.protocol.message.Messages" time="0.0"/>
  <testcase name="should round-trip to the same binary value" classname="com.github.traderjoe95.mls.protocol.message.Messages" time="0.0"/>
  <testcase name="should be decoded properly" classname="com.github.traderjoe95.mls.protocol.message.Messages" time="0.0"/>
  <testcase name="should round-trip to the same binary value" classname="com.github.traderjoe95.mls.protocol.message.Messages" time="0.0"/>
  <testcase name="should be decoded properly" classname="com.github.traderjoe95.mls.protocol.message.Messages" time="0.0"/>
  <testcase name="should round-trip to the same binary value" classname="com.github.traderjoe95.mls.protocol.message.Messages" time="0.0"/>
  <testcase name="should be decoded properly" classname="com.github.traderjoe95.mls.protocol.message.Messages" time="0.0"/>
  <testcase name="should round-trip to the same binary value" classname="com.github.traderjoe95.mls.protocol.message.Messages" time="0.0"/>
  <testcase name="should be decoded properly" classname="com.github.traderjoe95.mls.protocol.message.Messages" time="0.0"/>
  <testcase name="should round-trip to the same binary value" classname="com.github.traderjoe95.mls.protocol.message.Messages" time="0.0"/>
  <testcase name="should be decoded properly" classname="com.github.traderjoe95.mls.protocol.message.Messages" time="0.0"/>
  <testcase name="should round-trip to the same binary value" classname="com.github.traderjoe95.mls.protocol.message.Messages" time="0.001"/>
  <testcase name="should be decoded properly" classname="com.github.traderjoe95.mls.protocol.message.Messages" time="0.0"/>
  <testcase name="should round-trip to the same binary value" classname="com.github.traderjoe95.mls.protocol.message.Messages" time="0.0"/>
  <testcase name="should be decoded properly" classname="com.github.traderjoe95.mls.protocol.message.Messages" time="0.001"/>
  <testcase name="should round-trip to the same binary value" classname="com.github.traderjoe95.mls.protocol.message.Messages" time="0.0"/>
  <testcase name="should be decoded properly" classname="com.github.traderjoe95.mls.protocol.message.Messages" time="0.0"/>
  <testcase name="should round-trip to the same binary value" classname="com.github.traderjoe95.mls.protocol.message.Messages" time="0.0"/>
  <testcase name="should be decoded properly" classname="com.github.traderjoe95.mls.protocol.message.Messages" time="0.001"/>
  <testcase name="should round-trip to the same binary value" classname="com.github.traderjoe95.mls.protocol.message.Messages" time="0.0"/>
  <testcase name="should be decoded properly" classname="com.github.traderjoe95.mls.protocol.message.Messages" time="0.001"/>
  <testcase name="should round-trip to the same binary value" classname="com.github.traderjoe95.mls.protocol.message.Messages" time="0.0"/>
  <testcase name="should be decoded properly" classname="com.github.traderjoe95.mls.protocol.message.Messages" time="0.0"/>
  <testcase name="should round-trip to the same binary value" classname="com.github.traderjoe95.mls.protocol.message.Messages" time="0.0"/>
  <testcase name="should be decoded properly" classname="com.github.traderjoe95.mls.protocol.message.Messages" time="0.0"/>
  <testcase name="should round-trip to the same binary value" classname="com.github.traderjoe95.mls.protocol.message.Messages" time="0.0"/>
  <testcase name="should be decoded properly" classname="com.github.traderjoe95.mls.protocol.message.Messages" time="0.0"/>
  <testcase name="should round-trip to the same binary value" classname="com.github.traderjoe95.mls.protocol.message.Messages" time="0.0"/>
  <testcase name="should be decoded properly" classname="com.github.traderjoe95.mls.protocol.message.Messages" time="0.001"/>
  <testcase name="should round-trip to the same binary value" classname="com.github.traderjoe95.mls.protocol.message.Messages" time="0.001"/>
  <testcase name="should be decoded properly" classname="com.github.traderjoe95.mls.protocol.message.Messages" time="0.0"/>
  <testcase name="should round-trip to the same binary value" classname="com.github.traderjoe95.mls.protocol.message.Messages" time="0.001"/>
  <testcase name="should be decoded properly" classname="com.github.traderjoe95.mls.protocol.message.Messages" time="0.0"/>
  <testcase name="should round-trip to the same binary value" classname="com.github.traderjoe95.mls.protocol.message.Messages" time="0.0"/>
  <testcase name="should be decoded properly" classname="com.github.traderjoe95.mls.protocol.message.Messages" time="0.0"/>
  <testcase name="should round-trip to the same binary value" classname="com.github.traderjoe95.mls.protocol.message.Messages" time="0.001"/>
  <testcase name="should be decoded properly" classname="com.github.traderjoe95.mls.protocol.message.Messages" time="0.001"/>
  <testcase name="should round-trip to the same binary value" classname="com.github.traderjoe95.mls.protocol.message.Messages" time="0.0"/>
  <testcase name="should be decoded properly" classname="com.github.traderjoe95.mls.protocol.message.Messages" time="0.0"/>
  <testcase name="should round-trip to the same binary value" classname="com.github.traderjoe95.mls.protocol.message.Messages" time="0.001"/>
  <testcase name="should be decoded properly" classname="com.github.traderjoe95.mls.protocol.message.Messages" time="0.0"/>
  <testcase name="should round-trip to the same binary value" classname="com.github.traderjoe95.mls.protocol.message.Messages" time="0.0"/>
  <testcase name="should be decoded properly" classname="com.github.traderjoe95.mls.protocol.message.Messages" time="0.0"/>
  <testcase name="should round-trip to the same binary value" classname="com.github.traderjoe95.mls.protocol.message.Messages" time="0.0"/>
  <testcase name="should be decoded properly" classname="com.github.traderjoe95.mls.protocol.message.Messages" time="0.0"/>
  <testcase name="should round-trip to the same binary value" classname="com.github.traderjoe95.mls.protocol.message.Messages" time="0.0"/>
  <testcase name="should be decoded properly" classname="com.github.traderjoe95.mls.protocol.message.Messages" time="0.001"/>
  <testcase name="should round-trip to the same binary value" classname="com.github.traderjoe95.mls.protocol.message.Messages" time="0.0"/>
  <testcase name="should be decoded properly" classname="com.github.traderjoe95.mls.protocol.message.Messages" time="0.0"/>
  <testcase name="should round-trip to the same binary value" classname="com.github.traderjoe95.mls.protocol.message.Messages" time="0.0"/>
  <testcase name="should be decoded properly" classname="com.github.traderjoe95.mls.protocol.message.Messages" time="0.0"/>
  <testcase name="should round-trip to the same binary value" classname="com.github.traderjoe95.mls.protocol.message.Messages" time="0.0"/>
  <testcase name="should be decoded properly" classname="com.github.traderjoe95.mls.protocol.message.Messages" time="0.0"/>
  <testcase name="should round-trip to the same binary value" classname="com.github.traderjoe95.mls.protocol.message.Messages" time="0.0"/>
  <testcase name="should be decoded properly" classname="com.github.traderjoe95.mls.protocol.message.Messages" time="0.0"/>
  <testcase name="should round-trip to the same binary value" classname="com.github.traderjoe95.mls.protocol.message.Messages" time="0.001"/>
  <testcase name="should be decoded properly" classname="com.github.traderjoe95.mls.protocol.message.Messages" time="0.0"/>
  <testcase name="should round-trip to the same binary value" classname="com.github.traderjoe95.mls.protocol.message.Messages" time="0.0"/>
  <testcase name="should be decoded properly" classname="com.github.traderjoe95.mls.protocol.message.Messages" time="0.0"/>
  <testcase name="should round-trip to the same binary value" classname="com.github.traderjoe95.mls.protocol.message.Messages" time="0.0"/>
  <testcase name="should be decoded properly" classname="com.github.traderjoe95.mls.protocol.message.Messages" time="0.0"/>
  <testcase name="should round-trip to the same binary value" classname="com.github.traderjoe95.mls.protocol.message.Messages" time="0.0"/>
  <testcase name="should be decoded properly" classname="com.github.traderjoe95.mls.protocol.message.Messages" time="0.001"/>
  <testcase name="should round-trip to the same binary value" classname="com.github.traderjoe95.mls.protocol.message.Messages" time="0.0"/>
  <testcase name="should be decoded properly" classname="com.github.traderjoe95.mls.protocol.message.Messages" time="0.0"/>
  <testcase name="should round-trip to the same binary value" classname="com.github.traderjoe95.mls.protocol.message.Messages" time="0.0"/>
  <testcase name="should be decoded properly" classname="com.github.traderjoe95.mls.protocol.message.Messages" time="0.0"/>
  <testcase name="should round-trip to the same binary value" classname="com.github.traderjoe95.mls.protocol.message.Messages" time="0.0"/>
  <testcase name="should be decoded properly" classname="com.github.traderjoe95.mls.protocol.message.Messages" time="0.0"/>
  <testcase name="should round-trip to the same binary value" classname="com.github.traderjoe95.mls.protocol.message.Messages" time="0.0"/>
  <testcase name="should be decoded properly" classname="com.github.traderjoe95.mls.protocol.message.Messages" time="0.0"/>
  <testcase name="should round-trip to the same binary value" classname="com.github.traderjoe95.mls.protocol.message.Messages" time="0.0"/>
  <testcase name="should be decoded properly" classname="com.github.traderjoe95.mls.protocol.message.Messages" time="0.001"/>
  <testcase name="should round-trip to the same binary value" classname="com.github.traderjoe95.mls.protocol.message.Messages" time="0.0"/>
  <testcase name="should be decoded properly" classname="com.github.traderjoe95.mls.protocol.message.Messages" time="0.0"/>
  <testcase name="should round-trip to the same binary value" classname="com.github.traderjoe95.mls.protocol.message.Messages" time="0.0"/>
  <testcase name="should be decoded properly" classname="com.github.traderjoe95.mls.protocol.message.Messages" time="0.001"/>
  <testcase name="should round-trip to the same binary value" classname="com.github.traderjoe95.mls.protocol.message.Messages" time="0.0"/>
  <testcase name="should be decoded properly" classname="com.github.traderjoe95.mls.protocol.message.Messages" time="0.0"/>
  <testcase name="should round-trip to the same binary value" classname="com.github.traderjoe95.mls.protocol.message.Messages" time="0.001"/>
  <testcase name="should be decoded properly" classname="com.github.traderjoe95.mls.protocol.message.Messages" time="0.0"/>
  <testcase name="should round-trip to the same binary value" classname="com.github.traderjoe95.mls.protocol.message.Messages" time="0.0"/>
  <testcase name="should be decoded properly" classname="com.github.traderjoe95.mls.protocol.message.Messages" time="0.0"/>
  <testcase name="should round-trip to the same binary value" classname="com.github.traderjoe95.mls.protocol.message.Messages" time="0.0"/>
  <testcase name="should be decoded properly" classname="com.github.traderjoe95.mls.protocol.message.Messages" time="0.0"/>
  <testcase name="should round-trip to the same binary value" classname="com.github.traderjoe95.mls.protocol.message.Messages" time="0.0"/>
  <testcase name="should be decoded properly" classname="com.github.traderjoe95.mls.protocol.message.Messages" time="0.0"/>
  <testcase name="should round-trip to the same binary value" classname="com.github.traderjoe95.mls.protocol.message.Messages" time="0.0"/>
  <testcase name="should be decoded properly" classname="com.github.traderjoe95.mls.protocol.message.Messages" time="0.0"/>
  <testcase name="should round-trip to the same binary value" classname="com.github.traderjoe95.mls.protocol.message.Messages" time="0.0"/>
  <testcase name="should be decoded properly" classname="com.github.traderjoe95.mls.protocol.message.Messages" time="0.0"/>
  <testcase name="should round-trip to the same binary value" classname="com.github.traderjoe95.mls.protocol.message.Messages" time="0.0"/>
  <testcase name="should be decoded properly" classname="com.github.traderjoe95.mls.protocol.message.Messages" time="0.0"/>
  <testcase name="should round-trip to the same binary value" classname="com.github.traderjoe95.mls.protocol.message.Messages" time="0.0"/>
  <testcase name="should be decoded properly" classname="com.github.traderjoe95.mls.protocol.message.Messages" time="0.0"/>
  <testcase name="should round-trip to the same binary value" classname="com.github.traderjoe95.mls.protocol.message.Messages" time="0.0"/>
  <testcase name="should be decoded properly" classname="com.github.traderjoe95.mls.protocol.message.Messages" time="0.0"/>
  <testcase name="should round-trip to the same binary value" classname="com.github.traderjoe95.mls.protocol.message.Messages" time="0.0"/>
  <testcase name="should be decoded properly" classname="com.github.traderjoe95.mls.protocol.message.Messages" time="0.0"/>
  <testcase name="should round-trip to the same binary value" classname="com.github.traderjoe95.mls.protocol.message.Messages" time="0.001"/>
  <testcase name="should be decoded properly" classname="com.github.traderjoe95.mls.protocol.message.Messages" time="0.0"/>
  <testcase name="should round-trip to the same binary value" classname="com.github.traderjoe95.mls.protocol.message.Messages" time="0.0"/>
  <testcase name="should be decoded properly" classname="com.github.traderjoe95.mls.protocol.message.Messages" time="0.0"/>
  <testcase name="should round-trip to the same binary value" classname="com.github.traderjoe95.mls.protocol.message.Messages" time="0.0"/>
  <testcase name="should be decoded properly" classname="com.github.traderjoe95.mls.protocol.message.Messages" time="0.0"/>
  <testcase name="should round-trip to the same binary value" classname="com.github.traderjoe95.mls.protocol.message.Messages" time="0.0"/>
  <testcase name="should be decoded properly" classname="com.github.traderjoe95.mls.protocol.message.Messages" time="0.0"/>
  <testcase name="should round-trip to the same binary value" classname="com.github.traderjoe95.mls.protocol.message.Messages" time="0.0"/>
  <testcase name="should be decoded properly" classname="com.github.traderjoe95.mls.protocol.message.Messages" time="0.0"/>
  <testcase name="should round-trip to the same binary value" classname="com.github.traderjoe95.mls.protocol.message.Messages" time="0.0"/>
  <testcase name="should be decoded properly" classname="com.github.traderjoe95.mls.protocol.message.Messages" time="0.0"/>
  <testcase name="should round-trip to the same binary value" classname="com.github.traderjoe95.mls.protocol.message.Messages" time="0.0"/>
  <testcase name="should be decoded properly" classname="com.github.traderjoe95.mls.protocol.message.Messages" time="0.0"/>
  <testcase name="should round-trip to the same binary value" classname="com.github.traderjoe95.mls.protocol.message.Messages" time="0.001"/>
  <testcase name="should be decoded properly" classname="com.github.traderjoe95.mls.protocol.message.Messages" time="0.0"/>
  <testcase name="should round-trip to the same binary value" classname="com.github.traderjoe95.mls.protocol.message.Messages" time="0.0"/>
  <testcase name="should be decoded properly" classname="com.github.traderjoe95.mls.protocol.message.Messages" time="0.0"/>
  <testcase name="should round-trip to the same binary value" classname="com.github.traderjoe95.mls.protocol.message.Messages" time="0.0"/>
  <testcase name="should be decoded properly" classname="com.github.traderjoe95.mls.protocol.message.Messages" time="0.0"/>
  <testcase name="should round-trip to the same binary value" classname="com.github.traderjoe95.mls.protocol.message.Messages" time="0.0"/>
  <testcase name="should be decoded properly" classname="com.github.traderjoe95.mls.protocol.message.Messages" time="0.0"/>
  <testcase name="should round-trip to the same binary value" classname="com.github.traderjoe95.mls.protocol.message.Messages" time="0.0"/>
  <testcase name="should be decoded properly" classname="com.github.traderjoe95.mls.protocol.message.Messages" time="0.0"/>
  <testcase name="should round-trip to the same binary value" classname="com.github.traderjoe95.mls.protocol.message.Messages" time="0.0"/>
  <testcase name="should be decoded properly" classname="com.github.traderjoe95.mls.protocol.message.Messages" time="0.001"/>
  <testcase name="should round-trip to the same binary value" classname="com.github.traderjoe95.mls.protocol.message.Messages" time="0.0"/>
  <testcase name="should be decoded properly" classname="com.github.traderjoe95.mls.protocol.message.Messages" time="0.0"/>
  <testcase name="should round-trip to the same binary value" classname="com.github.traderjoe95.mls.protocol.message.Messages" time="0.0"/>
  <testcase name="should be decoded properly" classname="com.github.traderjoe95.mls.protocol.message.Messages" time="0.0"/>
  <testcase name="should round-trip to the same binary value" classname="com.github.traderjoe95.mls.protocol.message.Messages" time="0.0"/>
  <testcase name="should be decoded properly" classname="com.github.traderjoe95.mls.protocol.message.Messages" time="0.0"/>
  <testcase name="should round-trip to the same binary value" classname="com.github.traderjoe95.mls.protocol.message.Messages" time="0.001"/>
  <testcase name="should be decoded properly" classname="com.github.traderjoe95.mls.protocol.message.Messages" time="0.0"/>
  <testcase name="should round-trip to the same binary value" classname="com.github.traderjoe95.mls.protocol.message.Messages" time="0.0"/>
  <testcase name="should be decoded properly" classname="com.github.traderjoe95.mls.protocol.message.Messages" time="0.0"/>
  <testcase name="should round-trip to the same binary value" classname="com.github.traderjoe95.mls.protocol.message.Messages" time="0.0"/>
  <testcase name="should be decoded properly" classname="com.github.traderjoe95.mls.protocol.message.Messages" time="0.0"/>
  <testcase name="should round-trip to the same binary value" classname="com.github.traderjoe95.mls.protocol.message.Messages" time="0.0"/>
  <testcase name="should be decoded properly" classname="com.github.traderjoe95.mls.protocol.message.Messages" time="0.0"/>
  <testcase name="should round-trip to the same binary value" classname="com.github.traderjoe95.mls.protocol.message.Messages" time="0.0"/>
  <testcase name="should be decoded properly" classname="com.github.traderjoe95.mls.protocol.message.Messages" time="0.0"/>
  <testcase name="should round-trip to the same binary value" classname="com.github.traderjoe95.mls.protocol.message.Messages" time="0.001"/>
  <testcase name="should be decoded properly" classname="com.github.traderjoe95.mls.protocol.message.Messages" time="0.0"/>
  <testcase name="should round-trip to the same binary value" classname="com.github.traderjoe95.mls.protocol.message.Messages" time="0.001"/>
  <testcase name="should be decoded properly" classname="com.github.traderjoe95.mls.protocol.message.Messages" time="0.0"/>
  <testcase name="should round-trip to the same binary value" classname="com.github.traderjoe95.mls.protocol.message.Messages" time="0.0"/>
  <testcase name="should be decoded properly" classname="com.github.traderjoe95.mls.protocol.message.Messages" time="0.0"/>
  <testcase name="should round-trip to the same binary value" classname="com.github.traderjoe95.mls.protocol.message.Messages" time="0.0"/>
  <testcase name="should be decoded properly" classname="com.github.traderjoe95.mls.protocol.message.Messages" time="0.0"/>
  <testcase name="should round-trip to the same binary value" classname="com.github.traderjoe95.mls.protocol.message.Messages" time="0.001"/>
  <testcase name="should be decoded properly" classname="com.github.traderjoe95.mls.protocol.message.Messages" time="0.0"/>
  <testcase name="should round-trip to the same binary value" classname="com.github.traderjoe95.mls.protocol.message.Messages" time="0.001"/>
  <testcase name="should be decoded properly" classname="com.github.traderjoe95.mls.protocol.message.Messages" time="0.0"/>
  <testcase name="should round-trip to the same binary value" classname="com.github.traderjoe95.mls.protocol.message.Messages" time="0.001"/>
  <testcase name="should be decoded properly" classname="com.github.traderjoe95.mls.protocol.message.Messages" time="0.0"/>
  <testcase name="should round-trip to the same binary value" classname="com.github.traderjoe95.mls.protocol.message.Messages" time="0.0"/>
  <testcase name="should be decoded properly" classname="com.github.traderjoe95.mls.protocol.message.Messages" time="0.0"/>
  <testcase name="should round-trip to the same binary value" classname="com.github.traderjoe95.mls.protocol.message.Messages" time="0.0"/>
  <testcase name="should be decoded properly" classname="com.github.traderjoe95.mls.protocol.message.Messages" time="0.001"/>
  <testcase name="should round-trip to the same binary value" classname="com.github.traderjoe95.mls.protocol.message.Messages" time="0.0"/>
  <testcase name="should be decoded properly" classname="com.github.traderjoe95.mls.protocol.message.Messages" time="0.0"/>
  <testcase name="should round-trip to the same binary value" classname="com.github.traderjoe95.mls.protocol.message.Messages" time="0.0"/>
  <testcase name="should be decoded properly" classname="com.github.traderjoe95.mls.protocol.message.Messages" time="0.0"/>
  <testcase name="should round-trip to the same binary value" classname="com.github.traderjoe95.mls.protocol.message.Messages" time="0.0"/>
  <testcase name="should be decoded properly" classname="com.github.traderjoe95.mls.protocol.message.Messages" time="0.0"/>
  <testcase name="should round-trip to the same binary value" classname="com.github.traderjoe95.mls.protocol.message.Messages" time="0.001"/>
  <testcase name="should be decoded properly" classname="com.github.traderjoe95.mls.protocol.message.Messages" time="0.001"/>
  <testcase name="should round-trip to the same binary value" classname="com.github.traderjoe95.mls.protocol.message.Messages" time="0.0"/>
  <testcase name="should be decoded properly" classname="com.github.traderjoe95.mls.protocol.message.Messages" time="0.0"/>
  <testcase name="should round-trip to the same binary value" classname="com.github.traderjoe95.mls.protocol.message.Messages" time="0.0"/>
  <testcase name="should be decoded properly" classname="com.github.traderjoe95.mls.protocol.message.Messages" time="0.0"/>
  <testcase name="should round-trip to the same binary value" classname="com.github.traderjoe95.mls.protocol.message.Messages" time="0.0"/>
  <testcase name="should be decoded properly" classname="com.github.traderjoe95.mls.protocol.message.Messages" time="0.0"/>
  <testcase name="should round-trip to the same binary value" classname="com.github.traderjoe95.mls.protocol.message.Messages" time="0.0"/>
  <testcase name="should be decoded properly" classname="com.github.traderjoe95.mls.protocol.message.Messages" time="0.0"/>
  <testcase name="should round-trip to the same binary value" classname="com.github.traderjoe95.mls.protocol.message.Messages" time="0.0"/>
  <testcase name="should be decoded properly" classname="com.github.traderjoe95.mls.protocol.message.Messages" time="0.0"/>
  <testcase name="should round-trip to the same binary value" classname="com.github.traderjoe95.mls.protocol.message.Messages" time="0.0"/>
  <testcase name="should be decoded properly" classname="com.github.traderjoe95.mls.protocol.message.Messages" time="0.0"/>
  <testcase name="should round-trip to the same binary value" classname="com.github.traderjoe95.mls.protocol.message.Messages" time="0.0"/>
  <testcase name="should be decoded properly" classname="com.github.traderjoe95.mls.protocol.message.Messages" time="0.0"/>
  <testcase name="should round-trip to the same binary value" classname="com.github.traderjoe95.mls.protocol.message.Messages" time="0.0"/>
  <testcase name="should be decoded properly" classname="com.github.traderjoe95.mls.protocol.message.Messages" time="0.0"/>
  <testcase name="should round-trip to the same binary value" classname="com.github.traderjoe95.mls.protocol.message.Messages" time="0.0"/>
  <testcase name="should be decoded properly" classname="com.github.traderjoe95.mls.protocol.message.Messages" time="0.0"/>
  <testcase name="should round-trip to the same binary value" classname="com.github.traderjoe95.mls.protocol.message.Messages" time="0.0"/>
  <testcase name="should be decoded properly" classname="com.github.traderjoe95.mls.protocol.message.Messages" time="0.0"/>
  <testcase name="should round-trip to the same binary value" classname="com.github.traderjoe95.mls.protocol.message.Messages" time="0.0"/>
  <testcase name="should be decoded properly" classname="com.github.traderjoe95.mls.protocol.message.Messages" time="0.0"/>
  <testcase name="should round-trip to the same binary value" classname="com.github.traderjoe95.mls.protocol.message.Messages" time="0.001"/>
  <testcase name="should be decoded properly" classname="com.github.traderjoe95.mls.protocol.message.Messages" time="0.0"/>
  <testcase name="should round-trip to the same binary value" classname="com.github.traderjoe95.mls.protocol.message.Messages" time="0.0"/>
  <testcase name="should be decoded properly" classname="com.github.traderjoe95.mls.protocol.message.Messages" time="0.001"/>
  <testcase name="should round-trip to the same binary value" classname="com.github.traderjoe95.mls.protocol.message.Messages" time="0.0"/>
  <testcase name="should be decoded properly" classname="com.github.traderjoe95.mls.protocol.message.Messages" time="0.0"/>
  <testcase name="should round-trip to the same binary value" classname="com.github.traderjoe95.mls.protocol.message.Messages" time="0.0"/>
  <testcase name="should be decoded properly" classname="com.github.traderjoe95.mls.protocol.message.Messages" time="0.0"/>
  <testcase name="should round-trip to the same binary value" classname="com.github.traderjoe95.mls.protocol.message.Messages" time="0.0"/>
  <testcase name="should be decoded properly" classname="com.github.traderjoe95.mls.protocol.message.Messages" time="0.0"/>
  <testcase name="should round-trip to the same binary value" classname="com.github.traderjoe95.mls.protocol.message.Messages" time="0.0"/>
  <testcase name="should be decoded properly" classname="com.github.traderjoe95.mls.protocol.message.Messages" time="0.001"/>
  <testcase name="should round-trip to the same binary value" classname="com.github.traderjoe95.mls.protocol.message.Messages" time="0.0"/>
  <testcase name="should be decoded properly" classname="com.github.traderjoe95.mls.protocol.message.Messages" time="0.0"/>
  <testcase name="should round-trip to the same binary value" classname="com.github.traderjoe95.mls.protocol.message.Messages" time="0.0"/>
  <testcase name="should be decoded properly" classname="com.github.traderjoe95.mls.protocol.message.Messages" time="0.0"/>
  <testcase name="should round-trip to the same binary value" classname="com.github.traderjoe95.mls.protocol.message.Messages" time="0.0"/>
  <testcase name="should be decoded properly" classname="com.github.traderjoe95.mls.protocol.message.Messages" time="0.0"/>
  <testcase name="should round-trip to the same binary value" classname="com.github.traderjoe95.mls.protocol.message.Messages" time="0.0"/>
  <testcase name="should be decoded properly" classname="com.github.traderjoe95.mls.protocol.message.Messages" time="0.0"/>
  <testcase name="should round-trip to the same binary value" classname="com.github.traderjoe95.mls.protocol.message.Messages" time="0.0"/>
  <testcase name="should be decoded properly" classname="com.github.traderjoe95.mls.protocol.message.Messages" time="0.0"/>
  <testcase name="should round-trip to the same binary value" classname="com.github.traderjoe95.mls.protocol.message.Messages" time="0.0"/>
  <testcase name="should be decoded properly" classname="com.github.traderjoe95.mls.protocol.message.Messages" time="0.0"/>
  <testcase name="should round-trip to the same binary value" classname="com.github.traderjoe95.mls.protocol.message.Messages" time="0.001"/>
  <testcase name="should be decoded properly" classname="com.github.traderjoe95.mls.protocol.message.Messages" time="0.0"/>
  <testcase name="should round-trip to the same binary value" classname="com.github.traderjoe95.mls.protocol.message.Messages" time="0.0"/>
  <testcase name="should be decoded properly" classname="com.github.traderjoe95.mls.protocol.message.Messages" time="0.0"/>
  <testcase name="should round-trip to the same binary value" classname="com.github.traderjoe95.mls.protocol.message.Messages" time="0.0"/>
  <testcase name="should be decoded properly" classname="com.github.traderjoe95.mls.protocol.message.Messages" time="0.0"/>
  <testcase name="should round-trip to the same binary value" classname="com.github.traderjoe95.mls.protocol.message.Messages" time="0.0"/>
  <testcase name="should be decoded properly" classname="com.github.traderjoe95.mls.protocol.message.Messages" time="0.0"/>
  <testcase name="should round-trip to the same binary value" classname="com.github.traderjoe95.mls.protocol.message.Messages" time="0.0"/>
  <testcase name="should be decoded properly" classname="com.github.traderjoe95.mls.protocol.message.Messages" time="0.0"/>
  <testcase name="should round-trip to the same binary value" classname="com.github.traderjoe95.mls.protocol.message.Messages" time="0.0"/>
  <testcase name="should be decoded properly" classname="com.github.traderjoe95.mls.protocol.message.Messages" time="0.0"/>
  <testcase name="should round-trip to the same binary value" classname="com.github.traderjoe95.mls.protocol.message.Messages" time="0.0"/>
  <testcase name="should be decoded properly" classname="com.github.traderjoe95.mls.protocol.message.Messages" time="0.0"/>
  <testcase name="should round-trip to the same binary value" classname="com.github.traderjoe95.mls.protocol.message.Messages" time="0.0"/>
  <testcase name="should be decoded properly" classname="com.github.traderjoe95.mls.protocol.message.Messages" time="0.0"/>
  <testcase name="should round-trip to the same binary value" classname="com.github.traderjoe95.mls.protocol.message.Messages" time="0.0"/>
  <testcase name="should be decoded properly" classname="com.github.traderjoe95.mls.protocol.message.Messages" time="0.0"/>
  <testcase name="should round-trip to the same binary value" classname="com.github.traderjoe95.mls.protocol.message.Messages" time="0.0"/>
  <testcase name="should be decoded properly" classname="com.github.traderjoe95.mls.protocol.message.Messages" time="0.0"/>
  <testcase name="should round-trip to the same binary value" classname="com.github.traderjoe95.mls.protocol.message.Messages" time="0.0"/>
  <testcase name="should be decoded properly" classname="com.github.traderjoe95.mls.protocol.message.Messages" time="0.0"/>
  <testcase name="should round-trip to the same binary value" classname="com.github.traderjoe95.mls.protocol.message.Messages" time="0.0"/>
  <testcase name="should be decoded properly" classname="com.github.traderjoe95.mls.protocol.message.Messages" time="0.0"/>
  <testcase name="should round-trip to the same binary value" classname="com.github.traderjoe95.mls.protocol.message.Messages" time="0.001"/>
  <testcase name="should be decoded properly" classname="com.github.traderjoe95.mls.protocol.message.Messages" time="0.0"/>
  <testcase name="should round-trip to the same binary value" classname="com.github.traderjoe95.mls.protocol.message.Messages" time="0.0"/>
  <testcase name="should be decoded properly" classname="com.github.traderjoe95.mls.protocol.message.Messages" time="0.001"/>
  <testcase name="should round-trip to the same binary value" classname="com.github.traderjoe95.mls.protocol.message.Messages" time="0.0"/>
  <testcase name="should be decoded properly" classname="com.github.traderjoe95.mls.protocol.message.Messages" time="0.0"/>
  <testcase name="should round-trip to the same binary value" classname="com.github.traderjoe95.mls.protocol.message.Messages" time="0.0"/>
  <testcase name="should be decoded properly" classname="com.github.traderjoe95.mls.protocol.message.Messages" time="0.001"/>
  <testcase name="should round-trip to the same binary value" classname="com.github.traderjoe95.mls.protocol.message.Messages" time="0.0"/>
  <testcase name="should be decoded properly" classname="com.github.traderjoe95.mls.protocol.message.Messages" time="0.0"/>
  <testcase name="should round-trip to the same binary value" classname="com.github.traderjoe95.mls.protocol.message.Messages" time="0.001"/>
  <testcase name="should be decoded properly" classname="com.github.traderjoe95.mls.protocol.message.Messages" time="0.0"/>
  <testcase name="should round-trip to the same binary value" classname="com.github.traderjoe95.mls.protocol.message.Messages" time="0.0"/>
  <testcase name="should be decoded properly" classname="com.github.traderjoe95.mls.protocol.message.Messages" time="0.001"/>
  <testcase name="should round-trip to the same binary value" classname="com.github.traderjoe95.mls.protocol.message.Messages" time="0.0"/>
  <testcase name="should be decoded properly" classname="com.github.traderjoe95.mls.protocol.message.Messages" time="0.0"/>
  <testcase name="should round-trip to the same binary value" classname="com.github.traderjoe95.mls.protocol.message.Messages" time="0.0"/>
  <testcase name="should be decoded properly" classname="com.github.traderjoe95.mls.protocol.message.Messages" time="0.0"/>
  <testcase name="should round-trip to the same binary value" classname="com.github.traderjoe95.mls.protocol.message.Messages" time="0.001"/>
  <testcase name="should be decoded properly" classname="com.github.traderjoe95.mls.protocol.message.Messages" time="0.0"/>
  <testcase name="should round-trip to the same binary value" classname="com.github.traderjoe95.mls.protocol.message.Messages" time="0.0"/>
  <testcase name="should be decoded properly" classname="com.github.traderjoe95.mls.protocol.message.Messages" time="0.0"/>
  <testcase name="should round-trip to the same binary value" classname="com.github.traderjoe95.mls.protocol.message.Messages" time="0.0"/>
  <testcase name="should be decoded properly" classname="com.github.traderjoe95.mls.protocol.message.Messages" time="0.001"/>
  <testcase name="should round-trip to the same binary value" classname="com.github.traderjoe95.mls.protocol.message.Messages" time="0.0"/>
  <testcase name="should be decoded properly" classname="com.github.traderjoe95.mls.protocol.message.Messages" time="0.001"/>
  <testcase name="should round-trip to the same binary value" classname="com.github.traderjoe95.mls.protocol.message.Messages" time="0.0"/>
  <testcase name="should be decoded properly" classname="com.github.traderjoe95.mls.protocol.message.Messages" time="0.0"/>
  <testcase name="should round-trip to the same binary value" classname="com.github.traderjoe95.mls.protocol.message.Messages" time="0.0"/>
  <testcase name="should be decoded properly" classname="com.github.traderjoe95.mls.protocol.message.Messages" time="0.0"/>
  <testcase name="should round-trip to the same binary value" classname="com.github.traderjoe95.mls.protocol.message.Messages" time="0.0"/>
  <testcase name="should be decoded properly" classname="com.github.traderjoe95.mls.protocol.message.Messages" time="0.0"/>
  <testcase name="should round-trip to the same binary value" classname="com.github.traderjoe95.mls.protocol.message.Messages" time="0.0"/>
  <testcase name="should be decoded properly" classname="com.github.traderjoe95.mls.protocol.message.Messages" time="0.0"/>
  <testcase name="should round-trip to the same binary value" classname="com.github.traderjoe95.mls.protocol.message.Messages" time="0.0"/>
  <testcase name="should be decoded properly" classname="com.github.traderjoe95.mls.protocol.message.Messages" time="0.0"/>
  <testcase name="should round-trip to the same binary value" classname="com.github.traderjoe95.mls.protocol.message.Messages" time="0.0"/>
  <testcase name="should be decoded properly" classname="com.github.traderjoe95.mls.protocol.message.Messages" time="0.0"/>
  <testcase name="should round-trip to the same binary value" classname="com.github.traderjoe95.mls.protocol.message.Messages" time="0.0"/>
  <testcase name="should be decoded properly" classname="com.github.traderjoe95.mls.protocol.message.Messages" time="0.0"/>
  <testcase name="should round-trip to the same binary value" classname="com.github.traderjoe95.mls.protocol.message.Messages" time="0.0"/>
  <testcase name="should be decoded properly" classname="com.github.traderjoe95.mls.protocol.message.Messages" time="0.0"/>
  <testcase name="should round-trip to the same binary value" classname="com.github.traderjoe95.mls.protocol.message.Messages" time="0.0"/>
  <testcase name="should be decoded properly" classname="com.github.traderjoe95.mls.protocol.message.Messages" time="0.0"/>
  <testcase name="should round-trip to the same binary value" classname="com.github.traderjoe95.mls.protocol.message.Messages" time="0.0"/>
  <testcase name="should be decoded properly" classname="com.github.traderjoe95.mls.protocol.message.Messages" time="0.0"/>
  <testcase name="should round-trip to the same binary value" classname="com.github.traderjoe95.mls.protocol.message.Messages" time="0.001"/>
  <testcase name="should be decoded properly" classname="com.github.traderjoe95.mls.protocol.message.Messages" time="0.0"/>
  <testcase name="should round-trip to the same binary value" classname="com.github.traderjoe95.mls.protocol.message.Messages" time="0.0"/>
  <testcase name="should be decoded properly" classname="com.github.traderjoe95.mls.protocol.message.Messages" time="0.0"/>
  <testcase name="should round-trip to the same binary value" classname="com.github.traderjoe95.mls.protocol.message.Messages" time="0.0"/>
  <testcase name="should be decoded properly" classname="com.github.traderjoe95.mls.protocol.message.Messages" time="0.0"/>
  <testcase name="should round-trip to the same binary value" classname="com.github.traderjoe95.mls.protocol.message.Messages" time="0.0"/>
  <testcase name="should be decoded properly" classname="com.github.traderjoe95.mls.protocol.message.Messages" time="0.0"/>
  <testcase name="should round-trip to the same binary value" classname="com.github.traderjoe95.mls.protocol.message.Messages" time="0.0"/>
  <testcase name="should be decoded properly" classname="com.github.traderjoe95.mls.protocol.message.Messages" time="0.0"/>
  <testcase name="should round-trip to the same binary value" classname="com.github.traderjoe95.mls.protocol.message.Messages" time="0.001"/>
  <testcase name="should be decoded properly" classname="com.github.traderjoe95.mls.protocol.message.Messages" time="0.0"/>
  <testcase name="should round-trip to the same binary value" classname="com.github.traderjoe95.mls.protocol.message.Messages" time="0.0"/>
  <testcase name="should be decoded properly" classname="com.github.traderjoe95.mls.protocol.message.Messages" time="0.0"/>
  <testcase name="should round-trip to the same binary value" classname="com.github.traderjoe95.mls.protocol.message.Messages" time="0.0"/>
  <testcase name="should be decoded properly" classname="com.github.traderjoe95.mls.protocol.message.Messages" time="0.0"/>
  <testcase name="should round-trip to the same binary value" classname="com.github.traderjoe95.mls.protocol.message.Messages" time="0.0"/>
  <testcase name="should be decoded properly" classname="com.github.traderjoe95.mls.protocol.message.Messages" time="0.0"/>
  <testcase name="should round-trip to the same binary value" classname="com.github.traderjoe95.mls.protocol.message.Messages" time="0.0"/>
  <testcase name="should be decoded properly" classname="com.github.traderjoe95.mls.protocol.message.Messages" time="0.0"/>
  <testcase name="should round-trip to the same binary value" classname="com.github.traderjoe95.mls.protocol.message.Messages" time="0.0"/>
  <testcase name="should be decoded properly" classname="com.github.traderjoe95.mls.protocol.message.Messages" time="0.0"/>
  <testcase name="should round-trip to the same binary value" classname="com.github.traderjoe95.mls.protocol.message.Messages" time="0.0"/>
  <testcase name="should be decoded properly" classname="com.github.traderjoe95.mls.protocol.message.Messages" time="0.0"/>
  <testcase name="should round-trip to the same binary value" classname="com.github.traderjoe95.mls.protocol.message.Messages" time="0.0"/>
  <testcase name="should be decoded properly" classname="com.github.traderjoe95.mls.protocol.message.Messages" time="0.0"/>
  <testcase name="should round-trip to the same binary value" classname="com.github.traderjoe95.mls.protocol.message.Messages" time="0.0"/>
  <testcase name="should be decoded properly" classname="com.github.traderjoe95.mls.protocol.message.Messages" time="0.0"/>
  <testcase name="should round-trip to the same binary value" classname="com.github.traderjoe95.mls.protocol.message.Messages" time="0.0"/>
  <testcase name="should be decoded properly" classname="com.github.traderjoe95.mls.protocol.message.Messages" time="0.0"/>
  <testcase name="should round-trip to the same binary value" classname="com.github.traderjoe95.mls.protocol.message.Messages" time="0.001"/>
  <testcase name="should be decoded properly" classname="com.github.traderjoe95.mls.protocol.message.Messages" time="0.0"/>
  <testcase name="should round-trip to the same binary value" classname="com.github.traderjoe95.mls.protocol.message.Messages" time="0.0"/>
  <testcase name="should be decoded properly" classname="com.github.traderjoe95.mls.protocol.message.Messages" time="0.001"/>
  <testcase name="should round-trip to the same binary value" classname="com.github.traderjoe95.mls.protocol.message.Messages" time="0.0"/>
  <testcase name="should be decoded properly" classname="com.github.traderjoe95.mls.protocol.message.Messages" time="0.0"/>
  <testcase name="should round-trip to the same binary value" classname="com.github.traderjoe95.mls.protocol.message.Messages" time="0.001"/>
  <testcase name="should be decoded properly" classname="com.github.traderjoe95.mls.protocol.message.Messages" time="0.0"/>
  <testcase name="should round-trip to the same binary value" classname="com.github.traderjoe95.mls.protocol.message.Messages" time="0.0"/>
  <testcase name="should be decoded properly" classname="com.github.traderjoe95.mls.protocol.message.Messages" time="0.0"/>
  <testcase name="should round-trip to the same binary value" classname="com.github.traderjoe95.mls.protocol.message.Messages" time="0.0"/>
  <testcase name="should be decoded properly" classname="com.github.traderjoe95.mls.protocol.message.Messages" time="0.001"/>
  <testcase name="should round-trip to the same binary value" classname="com.github.traderjoe95.mls.protocol.message.Messages" time="0.0"/>
  <testcase name="should be decoded properly" classname="com.github.traderjoe95.mls.protocol.message.Messages" time="0.0"/>
  <testcase name="should round-trip to the same binary value" classname="com.github.traderjoe95.mls.protocol.message.Messages" time="0.0"/>
  <testcase name="should be decoded properly" classname="com.github.traderjoe95.mls.protocol.message.Messages" time="0.0"/>
  <testcase name="should round-trip to the same binary value" classname="com.github.traderjoe95.mls.protocol.message.Messages" time="0.0"/>
  <testcase name="should be decoded properly" classname="com.github.traderjoe95.mls.protocol.message.Messages" time="0.0"/>
  <testcase name="should round-trip to the same binary value" classname="com.github.traderjoe95.mls.protocol.message.Messages" time="0.0"/>
  <testcase name="should be decoded properly" classname="com.github.traderjoe95.mls.protocol.message.Messages" time="0.0"/>
  <testcase name="should round-trip to the same binary value" classname="com.github.traderjoe95.mls.protocol.message.Messages" time="0.001"/>
  <testcase name="should be decoded properly" classname="com.github.traderjoe95.mls.protocol.message.Messages" time="0.0"/>
  <testcase name="should round-trip to the same binary value" classname="com.github.traderjoe95.mls.protocol.message.Messages" time="0.0"/>
  <testcase name="should be decoded properly" classname="com.github.traderjoe95.mls.protocol.message.Messages" time="0.001"/>
  <testcase name="should round-trip to the same binary value" classname="com.github.traderjoe95.mls.protocol.message.Messages" time="0.0"/>
  <testcase name="should be decoded properly" classname="com.github.traderjoe95.mls.protocol.message.Messages" time="0.0"/>
  <testcase name="should round-trip to the same binary value" classname="com.github.traderjoe95.mls.protocol.message.Messages" time="0.0"/>
  <testcase name="should be decoded properly" classname="com.github.traderjoe95.mls.protocol.message.Messages" time="0.0"/>
  <testcase name="should round-trip to the same binary value" classname="com.github.traderjoe95.mls.protocol.message.Messages" time="0.0"/>
  <testcase name="should be decoded properly" classname="com.github.traderjoe95.mls.protocol.message.Messages" time="0.0"/>
  <testcase name="should round-trip to the same binary value" classname="com.github.traderjoe95.mls.protocol.message.Messages" time="0.001"/>
  <testcase name="should be decoded properly" classname="com.github.traderjoe95.mls.protocol.message.Messages" time="0.0"/>
  <testcase name="should round-trip to the same binary value" classname="com.github.traderjoe95.mls.protocol.message.Messages" time="0.0"/>
  <testcase name="should be decoded properly" classname="com.github.traderjoe95.mls.protocol.message.Messages" time="0.0"/>
  <testcase name="should round-trip to the same binary value" classname="com.github.traderjoe95.mls.protocol.message.Messages" time="0.0"/>
  <testcase name="should be decoded properly" classname="com.github.traderjoe95.mls.protocol.message.Messages" time="0.0"/>
  <testcase name="should round-trip to the same binary value" classname="com.github.traderjoe95.mls.protocol.message.Messages" time="0.0"/>
  <testcase name="should be decoded properly" classname="com.github.traderjoe95.mls.protocol.message.Messages" time="0.0"/>
  <testcase name="should round-trip to the same binary value" classname="com.github.traderjoe95.mls.protocol.message.Messages" time="0.0"/>
  <testcase name="should be decoded properly" classname="com.github.traderjoe95.mls.protocol.message.Messages" time="0.0"/>
  <testcase name="should round-trip to the same binary value" classname="com.github.traderjoe95.mls.protocol.message.Messages" time="0.0"/>
  <testcase name="should be decoded properly" classname="com.github.traderjoe95.mls.protocol.message.Messages" time="0.0"/>
  <testcase name="should round-trip to the same binary value" classname="com.github.traderjoe95.mls.protocol.message.Messages" time="0.0"/>
  <testcase name="should be decoded properly" classname="com.github.traderjoe95.mls.protocol.message.Messages" time="0.0"/>
  <testcase name="should round-trip to the same binary value" classname="com.github.traderjoe95.mls.protocol.message.Messages" time="0.0"/>
  <testcase name="should be decoded properly" classname="com.github.traderjoe95.mls.protocol.message.Messages" time="0.001"/>
  <testcase name="should round-trip to the same binary value" classname="com.github.traderjoe95.mls.protocol.message.Messages" time="0.0"/>
  <testcase name="should be decoded properly" classname="com.github.traderjoe95.mls.protocol.message.Messages" time="0.0"/>
  <testcase name="should round-trip to the same binary value" classname="com.github.traderjoe95.mls.protocol.message.Messages" time="0.0"/>
  <testcase name="should be decoded properly" classname="com.github.traderjoe95.mls.protocol.message.Messages" time="0.0"/>
  <testcase name="should round-trip to the same binary value" classname="com.github.traderjoe95.mls.protocol.message.Messages" time="0.0"/>
  <testcase name="should be decoded properly" classname="com.github.traderjoe95.mls.protocol.message.Messages" time="0.001"/>
  <testcase name="should round-trip to the same binary value" classname="com.github.traderjoe95.mls.protocol.message.Messages" time="0.0"/>
  <testcase name="should be decoded properly" classname="com.github.traderjoe95.mls.protocol.message.Messages" time="0.0"/>
  <testcase name="should round-trip to the same binary value" classname="com.github.traderjoe95.mls.protocol.message.Messages" time="0.001"/>
  <testcase name="should be decoded properly" classname="com.github.traderjoe95.mls.protocol.message.Messages" time="0.0"/>
  <testcase name="should round-trip to the same binary value" classname="com.github.traderjoe95.mls.protocol.message.Messages" time="0.0"/>
  <testcase name="should be decoded properly" classname="com.github.traderjoe95.mls.protocol.message.Messages" time="0.0"/>
  <testcase name="should round-trip to the same binary value" classname="com.github.traderjoe95.mls.protocol.message.Messages" time="0.0"/>
  <testcase name="should be decoded properly" classname="com.github.traderjoe95.mls.protocol.message.Messages" time="0.0"/>
  <testcase name="should round-trip to the same binary value" classname="com.github.traderjoe95.mls.protocol.message.Messages" time="0.0"/>
  <testcase name="should be decoded properly" classname="com.github.traderjoe95.mls.protocol.message.Messages" time="0.001"/>
  <testcase name="should round-trip to the same binary value" classname="com.github.traderjoe95.mls.protocol.message.Messages" time="0.0"/>
  <testcase name="should be decoded properly" classname="com.github.traderjoe95.mls.protocol.message.Messages" time="0.0"/>
  <testcase name="should round-trip to the same binary value" classname="com.github.traderjoe95.mls.protocol.message.Messages" time="0.0"/>
  <testcase name="should be decoded properly" classname="com.github.traderjoe95.mls.protocol.message.Messages" time="0.0"/>
  <testcase name="should round-trip to the same binary value" classname="com.github.traderjoe95.mls.protocol.message.Messages" time="0.0"/>
  <testcase name="should be decoded properly" classname="com.github.traderjoe95.mls.protocol.message.Messages" time="0.0"/>
  <testcase name="should round-trip to the same binary value" classname="com.github.traderjoe95.mls.protocol.message.Messages" time="0.0"/>
  <testcase name="should be decoded properly" classname="com.github.traderjoe95.mls.protocol.message.Messages" time="0.0"/>
  <testcase name="should round-trip to the same binary value" classname="com.github.traderjoe95.mls.protocol.message.Messages" time="0.001"/>
  <testcase name="should be decoded properly" classname="com.github.traderjoe95.mls.protocol.message.Messages" time="0.0"/>
  <testcase name="should round-trip to the same binary value" classname="com.github.traderjoe95.mls.protocol.message.Messages" time="0.0"/>
  <testcase name="should be decoded properly" classname="com.github.traderjoe95.mls.protocol.message.Messages" time="0.001"/>
  <testcase name="should round-trip to the same binary value" classname="com.github.traderjoe95.mls.protocol.message.Messages" time="0.0"/>
  <testcase name="should be decoded properly" classname="com.github.traderjoe95.mls.protocol.message.Messages" time="0.0"/>
  <testcase name="should round-trip to the same binary value" classname="com.github.traderjoe95.mls.protocol.message.Messages" time="0.0"/>
  <testcase name="should be decoded properly" classname="com.github.traderjoe95.mls.protocol.message.Messages" time="0.0"/>
  <testcase name="should round-trip to the same binary value" classname="com.github.traderjoe95.mls.protocol.message.Messages" time="0.0"/>
  <testcase name="should be decoded properly" classname="com.github.traderjoe95.mls.protocol.message.Messages" time="0.0"/>
  <testcase name="should round-trip to the same binary value" classname="com.github.traderjoe95.mls.protocol.message.Messages" time="0.0"/>
  <testcase name="should be decoded properly" classname="com.github.traderjoe95.mls.protocol.message.Messages" time="0.0"/>
  <testcase name="should round-trip to the same binary value" classname="com.github.traderjoe95.mls.protocol.message.Messages" time="0.001"/>
  <testcase name="should be decoded properly" classname="com.github.traderjoe95.mls.protocol.message.Messages" time="0.0"/>
  <testcase name="should round-trip to the same binary value" classname="com.github.traderjoe95.mls.protocol.message.Messages" time="0.0"/>
  <testcase name="should be decoded properly" classname="com.github.traderjoe95.mls.protocol.message.Messages" time="0.0"/>
  <testcase name="should round-trip to the same binary value" classname="com.github.traderjoe95.mls.protocol.message.Messages" time="0.0"/>
  <testcase name="should be decoded properly" classname="com.github.traderjoe95.mls.protocol.message.Messages" time="0.0"/>
  <testcase name="should round-trip to the same binary value" classname="com.github.traderjoe95.mls.protocol.message.Messages" time="0.0"/>
  <testcase name="should be decoded properly" classname="com.github.traderjoe95.mls.protocol.message.Messages" time="0.0"/>
  <testcase name="should round-trip to the same binary value" classname="com.github.traderjoe95.mls.protocol.message.Messages" time="0.0"/>
  <testcase name="should be decoded properly" classname="com.github.traderjoe95.mls.protocol.message.Messages" time="0.0"/>
  <testcase name="should round-trip to the same binary value" classname="com.github.traderjoe95.mls.protocol.message.Messages" time="0.0"/>
  <testcase name="should be decoded properly" classname="com.github.traderjoe95.mls.protocol.message.Messages" time="0.001"/>
  <testcase name="should round-trip to the same binary value" classname="com.github.traderjoe95.mls.protocol.message.Messages" time="0.0"/>
  <testcase name="should be decoded properly" classname="com.github.traderjoe95.mls.protocol.message.Messages" time="0.0"/>
  <testcase name="should round-trip to the same binary value" classname="com.github.traderjoe95.mls.protocol.message.Messages" time="0.0"/>
  <testcase name="should be decoded properly" classname="com.github.traderjoe95.mls.protocol.message.Messages" time="0.0"/>
  <testcase name="should round-trip to the same binary value" classname="com.github.traderjoe95.mls.protocol.message.Messages" time="0.0"/>
  <testcase name="should be decoded properly" classname="com.github.traderjoe95.mls.protocol.message.Messages" time="0.0"/>
  <testcase name="should round-trip to the same binary value" classname="com.github.traderjoe95.mls.protocol.message.Messages" time="0.0"/>
  <testcase name="should be decoded properly" classname="com.github.traderjoe95.mls.protocol.message.Messages" time="0.0"/>
  <testcase name="should round-trip to the same binary value" classname="com.github.traderjoe95.mls.protocol.message.Messages" time="0.0"/>
  <testcase name="should be decoded properly" classname="com.github.traderjoe95.mls.protocol.message.Messages" time="0.0"/>
  <testcase name="should round-trip to the same binary value" classname="com.github.traderjoe95.mls.protocol.message.Messages" time="0.001"/>
  <testcase name="should be decoded properly" classname="com.github.traderjoe95.mls.protocol.message.Messages" time="0.0"/>
  <testcase name="should round-trip to the same binary value" classname="com.github.traderjoe95.mls.protocol.message.Messages" time="0.0"/>
  <testcase name="should be decoded properly" classname="com.github.traderjoe95.mls.protocol.message.Messages" time="0.001"/>
  <testcase name="should round-trip to the same binary value" classname="com.github.traderjoe95.mls.protocol.message.Messages" time="0.0"/>
  <testcase name="should be decoded properly" classname="com.github.traderjoe95.mls.protocol.message.Messages" time="0.0"/>
  <testcase name="should round-trip to the same binary value" classname="com.github.traderjoe95.mls.protocol.message.Messages" time="0.0"/>
  <testcase name="should be decoded properly" classname="com.github.traderjoe95.mls.protocol.message.Messages" time="0.0"/>
  <testcase name="should round-trip to the same binary value" classname="com.github.traderjoe95.mls.protocol.message.Messages" time="0.001"/>
  <testcase name="should be decoded properly" classname="com.github.traderjoe95.mls.protocol.message.Messages" time="0.001"/>
  <testcase name="should round-trip to the same binary value" classname="com.github.traderjoe95.mls.protocol.message.Messages" time="0.0"/>
  <testcase name="should be decoded properly" classname="com.github.traderjoe95.mls.protocol.message.Messages" time="0.0"/>
  <testcase name="should round-trip to the same binary value" classname="com.github.traderjoe95.mls.protocol.message.Messages" time="0.0"/>
  <testcase name="should be decoded properly" classname="com.github.traderjoe95.mls.protocol.message.Messages" time="0.0"/>
  <testcase name="should round-trip to the same binary value" classname="com.github.traderjoe95.mls.protocol.message.Messages" time="0.0"/>
  <testcase name="should be decoded properly" classname="com.github.traderjoe95.mls.protocol.message.Messages" time="0.0"/>
  <testcase name="should round-trip to the same binary value" classname="com.github.traderjoe95.mls.protocol.message.Messages" time="0.0"/>
  <testcase name="should be decoded properly" classname="com.github.traderjoe95.mls.protocol.message.Messages" time="0.001"/>
  <testcase name="should round-trip to the same binary value" classname="com.github.traderjoe95.mls.protocol.message.Messages" time="0.0"/>
  <testcase name="should be decoded properly" classname="com.github.traderjoe95.mls.protocol.message.Messages" time="0.0"/>
  <testcase name="should round-trip to the same binary value" classname="com.github.traderjoe95.mls.protocol.message.Messages" time="0.0"/>
  <testcase name="should be decoded properly" classname="com.github.traderjoe95.mls.protocol.message.Messages" time="0.0"/>
  <testcase name="should round-trip to the same binary value" classname="com.github.traderjoe95.mls.protocol.message.Messages" time="0.001"/>
  <testcase name="should be decoded properly" classname="com.github.traderjoe95.mls.protocol.message.Messages" time="0.0"/>
  <testcase name="should round-trip to the same binary value" classname="com.github.traderjoe95.mls.protocol.message.Messages" time="0.0"/>
  <testcase name="should be decoded properly" classname="com.github.traderjoe95.mls.protocol.message.Messages" time="0.0"/>
  <testcase name="should round-trip to the same binary value" classname="com.github.traderjoe95.mls.protocol.message.Messages" time="0.0"/>
  <testcase name="should be decoded properly" classname="com.github.traderjoe95.mls.protocol.message.Messages" time="0.0"/>
  <testcase name="should round-trip to the same binary value" classname="com.github.traderjoe95.mls.protocol.message.Messages" time="0.0"/>
  <testcase name="should be decoded properly" classname="com.github.traderjoe95.mls.protocol.message.Messages" time="0.0"/>
  <testcase name="should round-trip to the same binary value" classname="com.github.traderjoe95.mls.protocol.message.Messages" time="0.001"/>
  <testcase name="should be decoded properly" classname="com.github.traderjoe95.mls.protocol.message.Messages" time="0.0"/>
  <testcase name="should round-trip to the same binary value" classname="com.github.traderjoe95.mls.protocol.message.Messages" time="0.0"/>
  <testcase name="should be decoded properly" classname="com.github.traderjoe95.mls.protocol.message.Messages" time="0.0"/>
  <testcase name="should round-trip to the same binary value" classname="com.github.traderjoe95.mls.protocol.message.Messages" time="0.0"/>
  <testcase name="should be decoded properly" classname="com.github.traderjoe95.mls.protocol.message.Messages" time="0.0"/>
  <testcase name="should round-trip to the same binary value" classname="com.github.traderjoe95.mls.protocol.message.Messages" time="0.0"/>
  <testcase name="should be decoded properly" classname="com.github.traderjoe95.mls.protocol.message.Messages" time="0.0"/>
  <testcase name="should round-trip to the same binary value" classname="com.github.traderjoe95.mls.protocol.message.Messages" time="0.0"/>
  <testcase name="should be decoded properly" classname="com.github.traderjoe95.mls.protocol.message.Messages" time="0.0"/>
  <testcase name="should round-trip to the same binary value" classname="com.github.traderjoe95.mls.protocol.message.Messages" time="0.0"/>
  <testcase name="should be decoded properly" classname="com.github.traderjoe95.mls.protocol.message.Messages" time="0.001"/>
  <testcase name="should round-trip to the same binary value" classname="com.github.traderjoe95.mls.protocol.message.Messages" time="0.0"/>
  <testcase name="should be decoded properly" classname="com.github.traderjoe95.mls.protocol.message.Messages" time="0.0"/>
  <testcase name="should round-trip to the same binary value" classname="com.github.traderjoe95.mls.protocol.message.Messages" time="0.0"/>
  <testcase name="should be decoded properly" classname="com.github.traderjoe95.mls.protocol.message.Messages" time="0.0"/>
  <testcase name="should round-trip to the same binary value" classname="com.github.traderjoe95.mls.protocol.message.Messages" time="0.0"/>
  <testcase name="should be decoded properly" classname="com.github.traderjoe95.mls.protocol.message.Messages" time="0.0"/>
  <testcase name="should round-trip to the same binary value" classname="com.github.traderjoe95.mls.protocol.message.Messages" time="0.0"/>
  <testcase name="should be decoded properly" classname="com.github.traderjoe95.mls.protocol.message.Messages" time="0.0"/>
  <testcase name="should round-trip to the same binary value" classname="com.github.traderjoe95.mls.protocol.message.Messages" time="0.0"/>
  <testcase name="should be decoded properly" classname="com.github.traderjoe95.mls.protocol.message.Messages" time="0.001"/>
  <testcase name="should round-trip to the same binary value" classname="com.github.traderjoe95.mls.protocol.message.Messages" time="0.0"/>
  <testcase name="should be decoded properly" classname="com.github.traderjoe95.mls.protocol.message.Messages" time="0.0"/>
  <testcase name="should round-trip to the same binary value" classname="com.github.traderjoe95.mls.protocol.message.Messages" time="0.0"/>
  <testcase name="should be decoded properly" classname="com.github.traderjoe95.mls.protocol.message.Messages" time="0.0"/>
  <testcase name="should round-trip to the same binary value" classname="com.github.traderjoe95.mls.protocol.message.Messages" time="0.0"/>
  <testcase name="should be decoded properly" classname="com.github.traderjoe95.mls.protocol.message.Messages" time="0.0"/>
  <testcase name="should round-trip to the same binary value" classname="com.github.traderjoe95.mls.protocol.message.Messages" time="0.0"/>
  <testcase name="should be decoded properly" classname="com.github.traderjoe95.mls.protocol.message.Messages" time="0.001"/>
  <testcase name="should round-trip to the same binary value" classname="com.github.traderjoe95.mls.protocol.message.Messages" time="0.0"/>
  <testcase name="should be decoded properly" classname="com.github.traderjoe95.mls.protocol.message.Messages" time="0.0"/>
  <testcase name="should round-trip to the same binary value" classname="com.github.traderjoe95.mls.protocol.message.Messages" time="0.0"/>
  <testcase name="should be decoded properly" classname="com.github.traderjoe95.mls.protocol.message.Messages" time="0.0"/>
  <testcase name="should round-trip to the same binary value" classname="com.github.traderjoe95.mls.protocol.message.Messages" time="0.0"/>
  <testcase name="should be decoded properly" classname="com.github.traderjoe95.mls.protocol.message.Messages" time="0.0"/>
  <testcase name="should round-trip to the same binary value" classname="com.github.traderjoe95.mls.protocol.message.Messages" time="0.001"/>
  <testcase name="should be decoded properly" classname="com.github.traderjoe95.mls.protocol.message.Messages" time="0.0"/>
  <testcase name="should round-trip to the same binary value" classname="com.github.traderjoe95.mls.protocol.message.Messages" time="0.0"/>
  <testcase name="should be decoded properly" classname="com.github.traderjoe95.mls.protocol.message.Messages" time="0.0"/>
  <testcase name="should round-trip to the same binary value" classname="com.github.traderjoe95.mls.protocol.message.Messages" time="0.0"/>
  <testcase name="should be decoded properly" classname="com.github.traderjoe95.mls.protocol.message.Messages" time="0.001"/>
  <testcase name="should round-trip to the same binary value" classname="com.github.traderjoe95.mls.protocol.message.Messages" time="0.0"/>
  <testcase name="should be decoded properly" classname="com.github.traderjoe95.mls.protocol.message.Messages" time="0.0"/>
  <testcase name="should round-trip to the same binary value" classname="com.github.traderjoe95.mls.protocol.message.Messages" time="0.0"/>
  <testcase name="should be decoded properly" classname="com.github.traderjoe95.mls.protocol.message.Messages" time="0.0"/>
  <testcase name="should round-trip to the same binary value" classname="com.github.traderjoe95.mls.protocol.message.Messages" time="0.0"/>
  <testcase name="should be decoded properly" classname="com.github.traderjoe95.mls.protocol.message.Messages" time="0.001"/>
  <testcase name="should round-trip to the same binary value" classname="com.github.traderjoe95.mls.protocol.message.Messages" time="0.0"/>
  <testcase name="should be decoded properly" classname="com.github.traderjoe95.mls.protocol.message.Messages" time="0.0"/>
  <testcase name="should round-trip to the same binary value" classname="com.github.traderjoe95.mls.protocol.message.Messages" time="0.001"/>
  <testcase name="should be decoded properly" classname="com.github.traderjoe95.mls.protocol.message.Messages" time="0.0"/>
  <testcase name="should round-trip to the same binary value" classname="com.github.traderjoe95.mls.protocol.message.Messages" time="0.0"/>
  <testcase name="should be decoded properly" classname="com.github.traderjoe95.mls.protocol.message.Messages" time="0.0"/>
  <testcase name="should round-trip to the same binary value" classname="com.github.traderjoe95.mls.protocol.message.Messages" time="0.0"/>
  <testcase name="should be decoded properly" classname="com.github.traderjoe95.mls.protocol.message.Messages" time="0.0"/>
  <testcase name="should round-trip to the same binary value" classname="com.github.traderjoe95.mls.protocol.message.Messages" time="0.001"/>
  <testcase name="should be decoded properly" classname="com.github.traderjoe95.mls.protocol.message.Messages" time="0.0"/>
  <testcase name="should round-trip to the same binary value" classname="com.github.traderjoe95.mls.protocol.message.Messages" time="0.0"/>
  <testcase name="should be decoded properly" classname="com.github.traderjoe95.mls.protocol.message.Messages" time="0.0"/>
  <testcase name="should round-trip to the same binary value" classname="com.github.traderjoe95.mls.protocol.message.Messages" time="0.0"/>
  <testcase name="should be decoded properly" classname="com.github.traderjoe95.mls.protocol.message.Messages" time="0.001"/>
  <testcase name="should round-trip to the same binary value" classname="com.github.traderjoe95.mls.protocol.message.Messages" time="0.0"/>
  <testcase name="should be decoded properly" classname="com.github.traderjoe95.mls.protocol.message.Messages" time="0.0"/>
  <testcase name="should round-trip to the same binary value" classname="com.github.traderjoe95.mls.protocol.message.Messages" time="0.001"/>
  <testcase name="should be decoded properly" classname="com.github.traderjoe95.mls.protocol.message.Messages" time="0.001"/>
  <testcase name="should round-trip to the same binary value" classname="com.github.traderjoe95.mls.protocol.message.Messages" time="0.0"/>
  <testcase name="should be decoded properly" classname="com.github.traderjoe95.mls.protocol.message.Messages" time="0.0"/>
  <testcase name="should round-trip to the same binary value" classname="com.github.traderjoe95.mls.protocol.message.Messages" time="0.0"/>
  <testcase name="should be decoded properly" classname="com.github.traderjoe95.mls.protocol.message.Messages" time="0.0"/>
  <testcase name="should round-trip to the same binary value" classname="com.github.traderjoe95.mls.protocol.message.Messages" time="0.001"/>
  <testcase name="should be decoded properly" classname="com.github.traderjoe95.mls.protocol.message.Messages" time="0.0"/>
  <testcase name="should round-trip to the same binary value" classname="com.github.traderjoe95.mls.protocol.message.Messages" time="0.0"/>
  <testcase name="should be decoded properly" classname="com.github.traderjoe95.mls.protocol.message.Messages" time="0.0"/>
  <testcase name="should round-trip to the same binary value" classname="com.github.traderjoe95.mls.protocol.message.Messages" time="0.0"/>
  <testcase name="should be decoded properly" classname="com.github.traderjoe95.mls.protocol.message.Messages" time="0.0"/>
  <testcase name="should round-trip to the same binary value" classname="com.github.traderjoe95.mls.protocol.message.Messages" time="0.0"/>
  <testcase name="should be decoded properly" classname="com.github.traderjoe95.mls.protocol.message.Messages" time="0.0"/>
  <testcase name="should round-trip to the same binary value" classname="com.github.traderjoe95.mls.protocol.message.Messages" time="0.0"/>
  <testcase name="should be decoded properly" classname="com.github.traderjoe95.mls.protocol.message.Messages" time="0.0"/>
  <testcase name="should round-trip to the same binary value" classname="com.github.traderjoe95.mls.protocol.message.Messages" time="0.0"/>
  <testcase name="should be decoded properly" classname="com.github.traderjoe95.mls.protocol.message.Messages" time="0.0"/>
  <testcase name="should round-trip to the same binary value" classname="com.github.traderjoe95.mls.protocol.message.Messages" time="0.0"/>
  <testcase name="should be decoded properly" classname="com.github.traderjoe95.mls.protocol.message.Messages" time="0.0"/>
  <testcase name="should round-trip to the same binary value" classname="com.github.traderjoe95.mls.protocol.message.Messages" time="0.001"/>
  <testcase name="should be decoded properly" classname="com.github.traderjoe95.mls.protocol.message.Messages" time="0.0"/>
  <testcase name="should round-trip to the same binary value" classname="com.github.traderjoe95.mls.protocol.message.Messages" time="0.0"/>
  <testcase name="should be decoded properly" classname="com.github.traderjoe95.mls.protocol.message.Messages" time="0.0"/>
  <testcase name="should round-trip to the same binary value" classname="com.github.traderjoe95.mls.protocol.message.Messages" time="0.0"/>
  <testcase name="should be decoded properly" classname="com.github.traderjoe95.mls.protocol.message.Messages" time="0.0"/>
  <testcase name="should round-trip to the same binary value" classname="com.github.traderjoe95.mls.protocol.message.Messages" time="0.001"/>
  <testcase name="should be decoded properly" classname="com.github.traderjoe95.mls.protocol.message.Messages" time="0.0"/>
  <testcase name="should round-trip to the same binary value" classname="com.github.traderjoe95.mls.protocol.message.Messages" time="0.0"/>
  <testcase name="should be decoded properly" classname="com.github.traderjoe95.mls.protocol.message.Messages" time="0.001"/>
  <testcase name="should round-trip to the same binary value" classname="com.github.traderjoe95.mls.protocol.message.Messages" time="0.001"/>
  <testcase name="should be decoded properly" classname="com.github.traderjoe95.mls.protocol.message.Messages" time="0.0"/>
  <testcase name="should round-trip to the same binary value" classname="com.github.traderjoe95.mls.protocol.message.Messages" time="0.001"/>
  <testcase name="should be decoded properly" classname="com.github.traderjoe95.mls.protocol.message.Messages" time="0.0"/>
  <testcase name="should round-trip to the same binary value" classname="com.github.traderjoe95.mls.protocol.message.Messages" time="0.0"/>
  <testcase name="should be decoded properly" classname="com.github.traderjoe95.mls.protocol.message.Messages" time="0.001"/>
  <testcase name="should round-trip to the same binary value" classname="com.github.traderjoe95.mls.protocol.message.Messages" time="0.0"/>
  <testcase name="should be decoded properly" classname="com.github.traderjoe95.mls.protocol.message.Messages" time="0.0"/>
  <testcase name="should round-trip to the same binary value" classname="com.github.traderjoe95.mls.protocol.message.Messages" time="0.0"/>
  <testcase name="should be decoded properly" classname="com.github.traderjoe95.mls.protocol.message.Messages" time="0.0"/>
  <testcase name="should round-trip to the same binary value" classname="com.github.traderjoe95.mls.protocol.message.Messages" time="0.0"/>
  <testcase name="should be decoded properly" classname="com.github.traderjoe95.mls.protocol.message.Messages" time="0.0"/>
  <testcase name="should round-trip to the same binary value" classname="com.github.traderjoe95.mls.protocol.message.Messages" time="0.001"/>
  <testcase name="should be decoded properly" classname="com.github.traderjoe95.mls.protocol.message.Messages" time="0.001"/>
  <testcase name="should round-trip to the same binary value" classname="com.github.traderjoe95.mls.protocol.message.Messages" time="0.0"/>
  <testcase name="should be decoded properly" classname="com.github.traderjoe95.mls.protocol.message.Messages" time="0.0"/>
  <testcase name="should round-trip to the same binary value" classname="com.github.traderjoe95.mls.protocol.message.Messages" time="0.0"/>
  <testcase name="should be decoded properly" classname="com.github.traderjoe95.mls.protocol.message.Messages" time="0.0"/>
  <testcase name="should round-trip to the same binary value" classname="com.github.traderjoe95.mls.protocol.message.Messages" time="0.0"/>
  <testcase name="should be decoded properly" classname="com.github.traderjoe95.mls.protocol.message.Messages" time="0.0"/>
  <testcase name="should round-trip to the same binary value" classname="com.github.traderjoe95.mls.protocol.message.Messages" time="0.0"/>
  <testcase name="should be decoded properly" classname="com.github.traderjoe95.mls.protocol.message.Messages" time="0.0"/>
  <testcase name="should round-trip to the same binary value" classname="com.github.traderjoe95.mls.protocol.message.Messages" time="0.0"/>
  <testcase name="should be decoded properly" classname="com.github.traderjoe95.mls.protocol.message.Messages" time="0.0"/>
  <testcase name="should round-trip to the same binary value" classname="com.github.traderjoe95.mls.protocol.message.Messages" time="0.0"/>
  <testcase name="should be decoded properly" classname="com.github.traderjoe95.mls.protocol.message.Messages" time="0.0"/>
  <testcase name="should round-trip to the same binary value" classname="com.github.traderjoe95.mls.protocol.message.Messages" time="0.001"/>
  <testcase name="should be decoded properly" classname="com.github.traderjoe95.mls.protocol.message.Messages" time="0.0"/>
  <testcase name="should round-trip to the same binary value" classname="com.github.traderjoe95.mls.protocol.message.Messages" time="0.0"/>
  <testcase name="should be decoded properly" classname="com.github.traderjoe95.mls.protocol.message.Messages" time="0.0"/>
  <testcase name="should round-trip to the same binary value" classname="com.github.traderjoe95.mls.protocol.message.Messages" time="0.0"/>
  <testcase name="should be decoded properly" classname="com.github.traderjoe95.mls.protocol.message.Messages" time="0.0"/>
  <testcase name="should round-trip to the same binary value" classname="com.github.traderjoe95.mls.protocol.message.Messages" time="0.0"/>
  <testcase name="should be decoded properly" classname="com.github.traderjoe95.mls.protocol.message.Messages" time="0.0"/>
  <testcase name="should round-trip to the same binary value" classname="com.github.traderjoe95.mls.protocol.message.Messages" time="0.0"/>
  <testcase name="should be decoded properly" classname="com.github.traderjoe95.mls.protocol.message.Messages" time="0.0"/>
  <testcase name="should round-trip to the same binary value" classname="com.github.traderjoe95.mls.protocol.message.Messages" time="0.0"/>
  <testcase name="should be decoded properly" classname="com.github.traderjoe95.mls.protocol.message.Messages" time="0.0"/>
  <testcase name="should round-trip to the same binary value" classname="com.github.traderjoe95.mls.protocol.message.Messages" time="0.0"/>
  <testcase name="should be decoded properly" classname="com.github.traderjoe95.mls.protocol.message.Messages" time="0.0"/>
  <testcase name="should round-trip to the same binary value" classname="com.github.traderjoe95.mls.protocol.message.Messages" time="0.0"/>
  <testcase name="should be decoded properly" classname="com.github.traderjoe95.mls.protocol.message.Messages" time="0.0"/>
  <testcase name="should round-trip to the same binary value" classname="com.github.traderjoe95.mls.protocol.message.Messages" time="0.001"/>
  <testcase name="should be decoded properly" classname="com.github.traderjoe95.mls.protocol.message.Messages" time="0.0"/>
  <testcase name="should round-trip to the same binary value" classname="com.github.traderjoe95.mls.protocol.message.Messages" time="0.0"/>
  <testcase name="should be decoded properly" classname="com.github.traderjoe95.mls.protocol.message.Messages" time="0.0"/>
  <testcase name="should round-trip to the same binary value" classname="com.github.traderjoe95.mls.protocol.message.Messages" time="0.0"/>
  <testcase name="should be decoded properly" classname="com.github.traderjoe95.mls.protocol.message.Messages" time="0.0"/>
  <testcase name="should round-trip to the same binary value" classname="com.github.traderjoe95.mls.protocol.message.Messages" time="0.0"/>
  <testcase name="should be decoded properly" classname="com.github.traderjoe95.mls.protocol.message.Messages" time="0.0"/>
  <testcase name="should round-trip to the same binary value" classname="com.github.traderjoe95.mls.protocol.message.Messages" time="0.0"/>
  <testcase name="should be decoded properly" classname="com.github.traderjoe95.mls.protocol.message.Messages" time="0.001"/>
  <testcase name="should round-trip to the same binary value" classname="com.github.traderjoe95.mls.protocol.message.Messages" time="0.0"/>
  <testcase name="should be decoded properly" classname="com.github.traderjoe95.mls.protocol.message.Messages" time="0.0"/>
  <testcase name="should round-trip to the same binary value" classname="com.github.traderjoe95.mls.protocol.message.Messages" time="0.0"/>
  <testcase name="should be decoded properly" classname="com.github.traderjoe95.mls.protocol.message.Messages" time="0.0"/>
  <testcase name="should round-trip to the same binary value" classname="com.github.traderjoe95.mls.protocol.message.Messages" time="0.0"/>
  <testcase name="should be decoded properly" classname="com.github.traderjoe95.mls.protocol.message.Messages" time="0.0"/>
  <testcase name="should round-trip to the same binary value" classname="com.github.traderjoe95.mls.protocol.message.Messages" time="0.0"/>
  <testcase name="should be decoded properly" classname="com.github.traderjoe95.mls.protocol.message.Messages" time="0.0"/>
  <testcase name="should round-trip to the same binary value" classname="com.github.traderjoe95.mls.protocol.message.Messages" time="0.001"/>
  <testcase name="should be decoded properly" classname="com.github.traderjoe95.mls.protocol.message.Messages" time="0.0"/>
  <testcase name="should round-trip to the same binary value" classname="com.github.traderjoe95.mls.protocol.message.Messages" time="0.0"/>
  <testcase name="should be decoded properly" classname="com.github.traderjoe95.mls.protocol.message.Messages" time="0.0"/>
  <testcase name="should round-trip to the same binary value" classname="com.github.traderjoe95.mls.protocol.message.Messages" time="0.0"/>
  <testcase name="should be decoded properly" classname="com.github.traderjoe95.mls.protocol.message.Messages" time="0.0"/>
  <testcase name="should round-trip to the same binary value" classname="com.github.traderjoe95.mls.protocol.message.Messages" time="0.0"/>
  <testcase name="should be decoded properly" classname="com.github.traderjoe95.mls.protocol.message.Messages" time="0.0"/>
  <testcase name="should round-trip to the same binary value" classname="com.github.traderjoe95.mls.protocol.message.Messages" time="0.001"/>
  <testcase name="should be decoded properly" classname="com.github.traderjoe95.mls.protocol.message.Messages" time="0.001"/>
  <testcase name="should round-trip to the same binary value" classname="com.github.traderjoe95.mls.protocol.message.Messages" time="0.0"/>
  <testcase name="should be decoded properly" classname="com.github.traderjoe95.mls.protocol.message.Messages" time="0.0"/>
  <testcase name="should round-trip to the same binary value" classname="com.github.traderjoe95.mls.protocol.message.Messages" time="0.0"/>
  <testcase name="should be decoded properly" classname="com.github.traderjoe95.mls.protocol.message.Messages" time="0.0"/>
  <testcase name="should round-trip to the same binary value" classname="com.github.traderjoe95.mls.protocol.message.Messages" time="0.0"/>
  <testcase name="should be decoded properly" classname="com.github.traderjoe95.mls.protocol.message.Messages" time="0.0"/>
  <testcase name="should round-trip to the same binary value" classname="com.github.traderjoe95.mls.protocol.message.Messages" time="0.0"/>
  <testcase name="should be decoded properly" classname="com.github.traderjoe95.mls.protocol.message.Messages" time="0.001"/>
  <testcase name="should round-trip to the same binary value" classname="com.github.traderjoe95.mls.protocol.message.Messages" time="0.0"/>
  <testcase name="should be decoded properly" classname="com.github.traderjoe95.mls.protocol.message.Messages" time="0.0"/>
  <testcase name="should round-trip to the same binary value" classname="com.github.traderjoe95.mls.protocol.message.Messages" time="0.0"/>
  <testcase name="should be decoded properly" classname="com.github.traderjoe95.mls.protocol.message.Messages" time="0.0"/>
  <testcase name="should round-trip to the same binary value" classname="com.github.traderjoe95.mls.protocol.message.Messages" time="0.001"/>
  <testcase name="should be decoded properly" classname="com.github.traderjoe95.mls.protocol.message.Messages" time="0.0"/>
  <testcase name="should round-trip to the same binary value" classname="com.github.traderjoe95.mls.protocol.message.Messages" time="0.0"/>
  <testcase name="should be decoded properly" classname="com.github.traderjoe95.mls.protocol.message.Messages" time="0.0"/>
  <testcase name="should round-trip to the same binary value" classname="com.github.traderjoe95.mls.protocol.message.Messages" time="0.0"/>
  <testcase name="should be decoded properly" classname="com.github.traderjoe95.mls.protocol.message.Messages" time="0.0"/>
  <testcase name="should round-trip to the same binary value" classname="com.github.traderjoe95.mls.protocol.message.Messages" time="0.0"/>
  <testcase name="should be decoded properly" classname="com.github.traderjoe95.mls.protocol.message.Messages" time="0.0"/>
  <testcase name="should round-trip to the same binary value" classname="com.github.traderjoe95.mls.protocol.message.Messages" time="0.0"/>
  <testcase name="should be decoded properly" classname="com.github.traderjoe95.mls.protocol.message.Messages" time="0.0"/>
  <testcase name="should round-trip to the same binary value" classname="com.github.traderjoe95.mls.protocol.message.Messages" time="0.0"/>
  <testcase name="should be decoded properly" classname="com.github.traderjoe95.mls.protocol.message.Messages" time="0.0"/>
  <testcase name="should round-trip to the same binary value" classname="com.github.traderjoe95.mls.protocol.message.Messages" time="0.0"/>
  <testcase name="should be decoded properly" classname="com.github.traderjoe95.mls.protocol.message.Messages" time="0.0"/>
  <testcase name="should round-trip to the same binary value" classname="com.github.traderjoe95.mls.protocol.message.Messages" time="0.001"/>
  <testcase name="should be decoded properly" classname="com.github.traderjoe95.mls.protocol.message.Messages" time="0.0"/>
  <testcase name="should round-trip to the same binary value" classname="com.github.traderjoe95.mls.protocol.message.Messages" time="0.0"/>
  <testcase name="should be decoded properly" classname="com.github.traderjoe95.mls.protocol.message.Messages" time="0.0"/>
  <testcase name="should round-trip to the same binary value" classname="com.github.traderjoe95.mls.protocol.message.Messages" time="0.0"/>
  <testcase name="should be decoded properly" classname="com.github.traderjoe95.mls.protocol.message.Messages" time="0.0"/>
  <testcase name="should round-trip to the same binary value" classname="com.github.traderjoe95.mls.protocol.message.Messages" time="0.0"/>
  <testcase name="should be decoded properly" classname="com.github.traderjoe95.mls.protocol.message.Messages" time="0.007"/>
  <testcase name="should round-trip to the same binary value" classname="com.github.traderjoe95.mls.protocol.message.Messages" time="0.001"/>
  <testcase name="should be decoded properly" classname="com.github.traderjoe95.mls.protocol.message.Messages" time="0.0"/>
  <testcase name="should round-trip to the same binary value" classname="com.github.traderjoe95.mls.protocol.message.Messages" time="0.0"/>
  <testcase name="should be decoded properly" classname="com.github.traderjoe95.mls.protocol.message.Messages" time="0.0"/>
  <testcase name="should round-trip to the same binary value" classname="com.github.traderjoe95.mls.protocol.message.Messages" time="0.0"/>
  <testcase name="should be decoded properly" classname="com.github.traderjoe95.mls.protocol.message.Messages" time="0.0"/>
  <testcase name="should round-trip to the same binary value" classname="com.github.traderjoe95.mls.protocol.message.Messages" time="0.0"/>
  <testcase name="should be decoded properly" classname="com.github.traderjoe95.mls.protocol.message.Messages" time="0.0"/>
  <testcase name="should round-trip to the same binary value" classname="com.github.traderjoe95.mls.protocol.message.Messages" time="0.0"/>
  <testcase name="should be decoded properly" classname="com.github.traderjoe95.mls.protocol.message.Messages" time="0.0"/>
  <testcase name="should round-trip to the same binary value" classname="com.github.traderjoe95.mls.protocol.message.Messages" time="0.0"/>
  <testcase name="should be decoded properly" classname="com.github.traderjoe95.mls.protocol.message.Messages" time="0.0"/>
  <testcase name="should round-trip to the same binary value" classname="com.github.traderjoe95.mls.protocol.message.Messages" time="0.0"/>
  <testcase name="should be decoded properly" classname="com.github.traderjoe95.mls.protocol.message.Messages" time="0.0"/>
  <testcase name="should round-trip to the same binary value" classname="com.github.traderjoe95.mls.protocol.message.Messages" time="0.0"/>
  <testcase name="should be decoded properly" classname="com.github.traderjoe95.mls.protocol.message.Messages" time="0.0"/>
  <testcase name="should round-trip to the same binary value" classname="com.github.traderjoe95.mls.protocol.message.Messages" time="0.0"/>
  <testcase name="should be decoded properly" classname="com.github.traderjoe95.mls.protocol.message.Messages" time="0.0"/>
  <testcase name="should round-trip to the same binary value" classname="com.github.traderjoe95.mls.protocol.message.Messages" time="0.0"/>
  <testcase name="should be decoded properly" classname="com.github.traderjoe95.mls.protocol.message.Messages" time="0.0"/>
  <testcase name="should round-trip to the same binary value" classname="com.github.traderjoe95.mls.protocol.message.Messages" time="0.0"/>
  <testcase name="should be decoded properly" classname="com.github.traderjoe95.mls.protocol.message.Messages" time="0.0"/>
  <testcase name="should round-trip to the same binary value" classname="com.github.traderjoe95.mls.protocol.message.Messages" time="0.0"/>
  <testcase name="should be decoded properly" classname="com.github.traderjoe95.mls.protocol.message.Messages" time="0.0"/>
  <testcase name="should round-trip to the same binary value" classname="com.github.traderjoe95.mls.protocol.message.Messages" time="0.0"/>
  <testcase name="should be decoded properly" classname="com.github.traderjoe95.mls.protocol.message.Messages" time="0.0"/>
  <testcase name="should round-trip to the same binary value" classname="com.github.traderjoe95.mls.protocol.message.Messages" time="0.0"/>
  <testcase name="should be decoded properly" classname="com.github.traderjoe95.mls.protocol.message.Messages" time="0.0"/>
  <testcase name="should round-trip to the same binary value" classname="com.github.traderjoe95.mls.protocol.message.Messages" time="0.0"/>
  <testcase name="should be decoded properly" classname="com.github.traderjoe95.mls.protocol.message.Messages" time="0.0"/>
  <testcase name="should round-trip to the same binary value" classname="com.github.traderjoe95.mls.protocol.message.Messages" time="0.0"/>
  <testcase name="should be decoded properly" classname="com.github.traderjoe95.mls.protocol.message.Messages" time="0.0"/>
  <testcase name="should round-trip to the same binary value" classname="com.github.traderjoe95.mls.protocol.message.Messages" time="0.0"/>
  <testcase name="should be decoded properly" classname="com.github.traderjoe95.mls.protocol.message.Messages" time="0.0"/>
  <testcase name="should round-trip to the same binary value" classname="com.github.traderjoe95.mls.protocol.message.Messages" time="0.0"/>
  <testcase name="should be decoded properly" classname="com.github.traderjoe95.mls.protocol.message.Messages" time="0.0"/>
  <testcase name="should round-trip to the same binary value" classname="com.github.traderjoe95.mls.protocol.message.Messages" time="0.0"/>
  <testcase name="should be decoded properly" classname="com.github.traderjoe95.mls.protocol.message.Messages" time="0.0"/>
  <testcase name="should round-trip to the same binary value" classname="com.github.traderjoe95.mls.protocol.message.Messages" time="0.0"/>
  <testcase name="should be decoded properly" classname="com.github.traderjoe95.mls.protocol.message.Messages" time="0.0"/>
  <testcase name="should round-trip to the same binary value" classname="com.github.traderjoe95.mls.protocol.message.Messages" time="0.0"/>
  <testcase name="should be decoded properly" classname="com.github.traderjoe95.mls.protocol.message.Messages" time="0.001"/>
  <testcase name="should round-trip to the same binary value" classname="com.github.traderjoe95.mls.protocol.message.Messages" time="0.001"/>
  <testcase name="should be decoded properly" classname="com.github.traderjoe95.mls.protocol.message.Messages" time="0.0"/>
  <testcase name="should round-trip to the same binary value" classname="com.github.traderjoe95.mls.protocol.message.Messages" time="0.001"/>
  <testcase name="should be decoded properly" classname="com.github.traderjoe95.mls.protocol.message.Messages" time="0.0"/>
  <testcase name="should round-trip to the same binary value" classname="com.github.traderjoe95.mls.protocol.message.Messages" time="0.001"/>
  <testcase name="should be decoded properly" classname="com.github.traderjoe95.mls.protocol.message.Messages" time="0.0"/>
  <testcase name="should round-trip to the same binary value" classname="com.github.traderjoe95.mls.protocol.message.Messages" time="0.001"/>
  <testcase name="should be decoded properly" classname="com.github.traderjoe95.mls.protocol.message.Messages" time="0.0"/>
  <testcase name="should round-trip to the same binary value" classname="com.github.traderjoe95.mls.protocol.message.Messages" time="0.0"/>
  <testcase name="should be decoded properly" classname="com.github.traderjoe95.mls.protocol.message.Messages" time="0.001"/>
  <testcase name="should round-trip to the same binary value" classname="com.github.traderjoe95.mls.protocol.message.Messages" time="0.001"/>
  <testcase name="should be decoded properly" classname="com.github.traderjoe95.mls.protocol.message.Messages" time="0.0"/>
  <testcase name="should round-trip to the same binary value" classname="com.github.traderjoe95.mls.protocol.message.Messages" time="0.0"/>
  <testcase name="should be decoded properly" classname="com.github.traderjoe95.mls.protocol.message.Messages" time="0.0"/>
  <testcase name="should round-trip to the same binary value" classname="com.github.traderjoe95.mls.protocol.message.Messages" time="0.0"/>
  <testcase name="should be decoded properly" classname="com.github.traderjoe95.mls.protocol.message.Messages" time="0.0"/>
  <testcase name="should round-trip to the same binary value" classname="com.github.traderjoe95.mls.protocol.message.Messages" time="0.0"/>
  <testcase name="should be decoded properly" classname="com.github.traderjoe95.mls.protocol.message.Messages" time="0.0"/>
  <testcase name="should round-trip to the same binary value" classname="com.github.traderjoe95.mls.protocol.message.Messages" time="0.0"/>
  <testcase name="should be decoded properly" classname="com.github.traderjoe95.mls.protocol.message.Messages" time="0.0"/>
  <testcase name="should round-trip to the same binary value" classname="com.github.traderjoe95.mls.protocol.message.Messages" time="0.0"/>
  <testcase name="should be decoded properly" classname="com.github.traderjoe95.mls.protocol.message.Messages" time="0.0"/>
  <testcase name="should round-trip to the same binary value" classname="com.github.traderjoe95.mls.protocol.message.Messages" time="0.0"/>
  <testcase name="should be decoded properly" classname="com.github.traderjoe95.mls.protocol.message.Messages" time="0.0"/>
  <testcase name="should round-trip to the same binary value" classname="com.github.traderjoe95.mls.protocol.message.Messages" time="0.0"/>
  <testcase name="should be decoded properly" classname="com.github.traderjoe95.mls.protocol.message.Messages" time="0.0"/>
  <testcase name="should round-trip to the same binary value" classname="com.github.traderjoe95.mls.protocol.message.Messages" time="0.001"/>
  <testcase name="should be decoded properly" classname="com.github.traderjoe95.mls.protocol.message.Messages" time="0.0"/>
  <testcase name="should round-trip to the same binary value" classname="com.github.traderjoe95.mls.protocol.message.Messages" time="0.0"/>
  <testcase name="should be decoded properly" classname="com.github.traderjoe95.mls.protocol.message.Messages" time="0.0"/>
  <testcase name="should round-trip to the same binary value" classname="com.github.traderjoe95.mls.protocol.message.Messages" time="0.0"/>
  <testcase name="should be decoded properly" classname="com.github.traderjoe95.mls.protocol.message.Messages" time="0.0"/>
  <testcase name="should round-trip to the same binary value" classname="com.github.traderjoe95.mls.protocol.message.Messages" time="0.0"/>
  <testcase name="should be decoded properly" classname="com.github.traderjoe95.mls.protocol.message.Messages" time="0.0"/>
  <testcase name="should round-trip to the same binary value" classname="com.github.traderjoe95.mls.protocol.message.Messages" time="0.0"/>
  <testcase name="should be decoded properly" classname="com.github.traderjoe95.mls.protocol.message.Messages" time="0.0"/>
  <testcase name="should round-trip to the same binary value" classname="com.github.traderjoe95.mls.protocol.message.Messages" time="0.0"/>
  <testcase name="should be decoded properly" classname="com.github.traderjoe95.mls.protocol.message.Messages" time="0.0"/>
  <testcase name="should round-trip to the same binary value" classname="com.github.traderjoe95.mls.protocol.message.Messages" time="0.0"/>
  <testcase name="should be decoded properly" classname="com.github.traderjoe95.mls.protocol.message.Messages" time="0.0"/>
  <testcase name="should round-trip to the same binary value" classname="com.github.traderjoe95.mls.protocol.message.Messages" time="0.001"/>
  <testcase name="should be decoded properly" classname="com.github.traderjoe95.mls.protocol.message.Messages" time="0.0"/>
  <testcase name="should round-trip to the same binary value" classname="com.github.traderjoe95.mls.protocol.message.Messages" time="0.0"/>
  <testcase name="should be decoded properly" classname="com.github.traderjoe95.mls.protocol.message.Messages" time="0.0"/>
  <testcase name="should round-trip to the same binary value" classname="com.github.traderjoe95.mls.protocol.message.Messages" time="0.0"/>
  <testcase name="should be decoded properly" classname="com.github.traderjoe95.mls.protocol.message.Messages" time="0.0"/>
  <testcase name="should round-trip to the same binary value" classname="com.github.traderjoe95.mls.protocol.message.Messages" time="0.0"/>
  <testcase name="should be decoded properly" classname="com.github.traderjoe95.mls.protocol.message.Messages" time="0.001"/>
  <testcase name="should round-trip to the same binary value" classname="com.github.traderjoe95.mls.protocol.message.Messages" time="0.0"/>
  <testcase name="should be decoded properly" classname="com.github.traderjoe95.mls.protocol.message.Messages" time="0.0"/>
  <testcase name="should round-trip to the same binary value" classname="com.github.traderjoe95.mls.protocol.message.Messages" time="0.0"/>
  <testcase name="should be decoded properly" classname="com.github.traderjoe95.mls.protocol.message.Messages" time="0.0"/>
  <testcase name="should round-trip to the same binary value" classname="com.github.traderjoe95.mls.protocol.message.Messages" time="0.0"/>
  <testcase name="should be decoded properly" classname="com.github.traderjoe95.mls.protocol.message.Messages" time="0.0"/>
  <testcase name="should round-trip to the same binary value" classname="com.github.traderjoe95.mls.protocol.message.Messages" time="0.0"/>
  <testcase name="should be decoded properly" classname="com.github.traderjoe95.mls.protocol.message.Messages" time="0.0"/>
  <testcase name="should round-trip to the same binary value" classname="com.github.traderjoe95.mls.protocol.message.Messages" time="0.0"/>
  <testcase name="should be decoded properly" classname="com.github.traderjoe95.mls.protocol.message.Messages" time="0.0"/>
  <testcase name="should round-trip to the same binary value" classname="com.github.traderjoe95.mls.protocol.message.Messages" time="0.0"/>
  <testcase name="should be decoded properly" classname="com.github.traderjoe95.mls.protocol.message.Messages" time="0.0"/>
  <testcase name="should round-trip to the same binary value" classname="com.github.traderjoe95.mls.protocol.message.Messages" time="0.0"/>
  <testcase name="should be decoded properly" classname="com.github.traderjoe95.mls.protocol.message.Messages" time="0.0"/>
  <testcase name="should round-trip to the same binary value" classname="com.github.traderjoe95.mls.protocol.message.Messages" time="0.0"/>
  <testcase name="should be decoded properly" classname="com.github.traderjoe95.mls.protocol.message.Messages" time="0.0"/>
  <testcase name="should round-trip to the same binary value" classname="com.github.traderjoe95.mls.protocol.message.Messages" time="0.0"/>
  <testcase name="should be decoded properly" classname="com.github.traderjoe95.mls.protocol.message.Messages" time="0.0"/>
  <testcase name="should round-trip to the same binary value" classname="com.github.traderjoe95.mls.protocol.message.Messages" time="0.0"/>
  <testcase name="should be decoded properly" classname="com.github.traderjoe95.mls.protocol.message.Messages" time="0.0"/>
  <testcase name="should round-trip to the same binary value" classname="com.github.traderjoe95.mls.protocol.message.Messages" time="0.0"/>
  <testcase name="should be decoded properly" classname="com.github.traderjoe95.mls.protocol.message.Messages" time="0.0"/>
  <testcase name="should round-trip to the same binary value" classname="com.github.traderjoe95.mls.protocol.message.Messages" time="0.0"/>
  <testcase name="should be decoded properly" classname="com.github.traderjoe95.mls.protocol.message.Messages" time="0.0"/>
  <testcase name="should round-trip to the same binary value" classname="com.github.traderjoe95.mls.protocol.message.Messages" time="0.0"/>
  <testcase name="should be decoded properly" classname="com.github.traderjoe95.mls.protocol.message.Messages" time="0.0"/>
  <testcase name="should round-trip to the same binary value" classname="com.github.traderjoe95.mls.protocol.message.Messages" time="0.0"/>
  <testcase name="should be decoded properly" classname="com.github.traderjoe95.mls.protocol.message.Messages" time="0.0"/>
  <testcase name="should round-trip to the same binary value" classname="com.github.traderjoe95.mls.protocol.message.Messages" time="0.0"/>
  <testcase name="should be decoded properly" classname="com.github.traderjoe95.mls.protocol.message.Messages" time="0.0"/>
  <testcase name="should round-trip to the same binary value" classname="com.github.traderjoe95.mls.protocol.message.Messages" time="0.001"/>
  <testcase name="should be decoded properly" classname="com.github.traderjoe95.mls.protocol.message.Messages" time="0.0"/>
  <testcase name="should round-trip to the same binary value" classname="com.github.traderjoe95.mls.protocol.message.Messages" time="0.0"/>
  <testcase name="should be decoded properly" classname="com.github.traderjoe95.mls.protocol.message.Messages" time="0.0"/>
  <testcase name="should round-trip to the same binary value" classname="com.github.traderjoe95.mls.protocol.message.Messages" time="0.0"/>
  <testcase name="should be decoded properly" classname="com.github.traderjoe95.mls.protocol.message.Messages" time="0.0"/>
  <testcase name="should round-trip to the same binary value" classname="com.github.traderjoe95.mls.protocol.message.Messages" time="0.0"/>
  <testcase name="should be decoded properly" classname="com.github.traderjoe95.mls.protocol.message.Messages" time="0.0"/>
  <testcase name="should round-trip to the same binary value" classname="com.github.traderjoe95.mls.protocol.message.Messages" time="0.0"/>
  <testcase name="should be decoded properly" classname="com.github.traderjoe95.mls.protocol.message.Messages" time="0.0"/>
  <testcase name="should round-trip to the same binary value" classname="com.github.traderjoe95.mls.protocol.message.Messages" time="0.001"/>
  <testcase name="should be decoded properly" classname="com.github.traderjoe95.mls.protocol.message.Messages" time="0.0"/>
  <testcase name="should round-trip to the same binary value" classname="com.github.traderjoe95.mls.protocol.message.Messages" time="0.0"/>
  <testcase name="should be decoded properly" classname="com.github.traderjoe95.mls.protocol.message.Messages" time="0.001"/>
  <testcase name="should round-trip to the same binary value" classname="com.github.traderjoe95.mls.protocol.message.Messages" time="0.0"/>
  <testcase name="should be decoded properly" classname="com.github.traderjoe95.mls.protocol.message.Messages" time="0.0"/>
  <testcase name="should round-trip to the same binary value" classname="com.github.traderjoe95.mls.protocol.message.Messages" time="0.0"/>
  <testcase name="should be decoded properly" classname="com.github.traderjoe95.mls.protocol.message.Messages" time="0.0"/>
  <testcase name="should round-trip to the same binary value" classname="com.github.traderjoe95.mls.protocol.message.Messages" time="0.0"/>
  <testcase name="should be decoded properly" classname="com.github.traderjoe95.mls.protocol.message.Messages" time="0.0"/>
  <testcase name="should round-trip to the same binary value" classname="com.github.traderjoe95.mls.protocol.message.Messages" time="0.0"/>
  <testcase name="should be decoded properly" classname="com.github.traderjoe95.mls.protocol.message.Messages" time="0.0"/>
  <testcase name="should round-trip to the same binary value" classname="com.github.traderjoe95.mls.protocol.message.Messages" time="0.0"/>
  <testcase name="should be decoded properly" classname="com.github.traderjoe95.mls.protocol.message.Messages" time="0.0"/>
  <testcase name="should round-trip to the same binary value" classname="com.github.traderjoe95.mls.protocol.message.Messages" time="0.0"/>
  <testcase name="should be decoded properly" classname="com.github.traderjoe95.mls.protocol.message.Messages" time="0.0"/>
  <testcase name="should round-trip to the same binary value" classname="com.github.traderjoe95.mls.protocol.message.Messages" time="0.0"/>
  <testcase name="should be decoded properly" classname="com.github.traderjoe95.mls.protocol.message.Messages" time="0.0"/>
  <testcase name="should round-trip to the same binary value" classname="com.github.traderjoe95.mls.protocol.message.Messages" time="0.0"/>
  <testcase name="should be decoded properly" classname="com.github.traderjoe95.mls.protocol.message.Messages" time="0.0"/>
  <testcase name="should round-trip to the same binary value" classname="com.github.traderjoe95.mls.protocol.message.Messages" time="0.0"/>
  <testcase name="should be decoded properly" classname="com.github.traderjoe95.mls.protocol.message.Messages" time="0.0"/>
  <testcase name="should round-trip to the same binary value" classname="com.github.traderjoe95.mls.protocol.message.Messages" time="0.001"/>
  <testcase name="should be decoded properly" classname="com.github.traderjoe95.mls.protocol.message.Messages" time="0.0"/>
  <testcase name="should round-trip to the same binary value" classname="com.github.traderjoe95.mls.protocol.message.Messages" time="0.001"/>
  <testcase name="should be decoded properly" classname="com.github.traderjoe95.mls.protocol.message.Messages" time="0.0"/>
  <testcase name="should round-trip to the same binary value" classname="com.github.traderjoe95.mls.protocol.message.Messages" time="0.0"/>
  <testcase name="should be decoded properly" classname="com.github.traderjoe95.mls.protocol.message.Messages" time="0.0"/>
  <testcase name="should round-trip to the same binary value" classname="com.github.traderjoe95.mls.protocol.message.Messages" time="0.0"/>
  <testcase name="should be decoded properly" classname="com.github.traderjoe95.mls.protocol.message.Messages" time="0.0"/>
  <testcase name="should round-trip to the same binary value" classname="com.github.traderjoe95.mls.protocol.message.Messages" time="0.0"/>
  <testcase name="should be decoded properly" classname="com.github.traderjoe95.mls.protocol.message.Messages" time="0.0"/>
  <testcase name="should round-trip to the same binary value" classname="com.github.traderjoe95.mls.protocol.message.Messages" time="0.0"/>
  <testcase name="should be decoded properly" classname="com.github.traderjoe95.mls.protocol.message.Messages" time="0.0"/>
  <testcase name="should round-trip to the same binary value" classname="com.github.traderjoe95.mls.protocol.message.Messages" time="0.0"/>
  <testcase name="should be decoded properly" classname="com.github.traderjoe95.mls.protocol.message.Messages" time="0.001"/>
  <testcase name="should round-trip to the same binary value" classname="com.github.traderjoe95.mls.protocol.message.Messages" time="0.0"/>
  <testcase name="should be decoded properly" classname="com.github.traderjoe95.mls.protocol.message.Messages" time="0.0"/>
  <testcase name="should round-trip to the same binary value" classname="com.github.traderjoe95.mls.protocol.message.Messages" time="0.0"/>
  <testcase name="should be decoded properly" classname="com.github.traderjoe95.mls.protocol.message.Messages" time="0.0"/>
  <testcase name="should round-trip to the same binary value" classname="com.github.traderjoe95.mls.protocol.message.Messages" time="0.0"/>
  <testcase name="should be decoded properly" classname="com.github.traderjoe95.mls.protocol.message.Messages" time="0.0"/>
  <testcase name="should round-trip to the same binary value" classname="com.github.traderjoe95.mls.protocol.message.Messages" time="0.0"/>
  <testcase name="should be decoded properly" classname="com.github.traderjoe95.mls.protocol.message.Messages" time="0.0"/>
  <testcase name="should round-trip to the same binary value" classname="com.github.traderjoe95.mls.protocol.message.Messages" time="0.0"/>
  <testcase name="should be decoded properly" classname="com.github.traderjoe95.mls.protocol.message.Messages" time="0.001"/>
  <testcase name="should round-trip to the same binary value" classname="com.github.traderjoe95.mls.protocol.message.Messages" time="0.0"/>
  <testcase name="should be decoded properly" classname="com.github.traderjoe95.mls.protocol.message.Messages" time="0.001"/>
  <testcase name="should round-trip to the same binary value" classname="com.github.traderjoe95.mls.protocol.message.Messages" time="0.001"/>
  <testcase name="should be decoded properly" classname="com.github.traderjoe95.mls.protocol.message.Messages" time="0.0"/>
  <testcase name="should round-trip to the same binary value" classname="com.github.traderjoe95.mls.protocol.message.Messages" time="0.0"/>
  <testcase name="should be decoded properly" classname="com.github.traderjoe95.mls.protocol.message.Messages" time="0.0"/>
  <testcase name="should round-trip to the same binary value" classname="com.github.traderjoe95.mls.protocol.message.Messages" time="0.0"/>
  <testcase name="should be decoded properly" classname="com.github.traderjoe95.mls.protocol.message.Messages" time="0.0"/>
  <testcase name="should round-trip to the same binary value" classname="com.github.traderjoe95.mls.protocol.message.Messages" time="0.0"/>
  <testcase name="should be decoded properly" classname="com.github.traderjoe95.mls.protocol.message.Messages" time="0.0"/>
  <testcase name="should round-trip to the same binary value" classname="com.github.traderjoe95.mls.protocol.message.Messages" time="0.001"/>
  <testcase name="should be decoded properly" classname="com.github.traderjoe95.mls.protocol.message.Messages" time="0.0"/>
  <testcase name="should round-trip to the same binary value" classname="com.github.traderjoe95.mls.protocol.message.Messages" time="0.0"/>
  <testcase name="should be decoded properly" classname="com.github.traderjoe95.mls.protocol.message.Messages" time="0.001"/>
  <testcase name="should round-trip to the same binary value" classname="com.github.traderjoe95.mls.protocol.message.Messages" time="0.0"/>
  <testcase name="should be decoded properly" classname="com.github.traderjoe95.mls.protocol.message.Messages" time="0.0"/>
  <testcase name="should round-trip to the same binary value" classname="com.github.traderjoe95.mls.protocol.message.Messages" time="0.001"/>
  <testcase name="should be decoded properly" classname="com.github.traderjoe95.mls.protocol.message.Messages" time="0.0"/>
  <testcase name="should round-trip to the same binary value" classname="com.github.traderjoe95.mls.protocol.message.Messages" time="0.0"/>
  <testcase name="should be decoded properly" classname="com.github.traderjoe95.mls.protocol.message.Messages" time="0.0"/>
  <testcase name="should round-trip to the same binary value" classname="com.github.traderjoe95.mls.protocol.message.Messages" time="0.0"/>
  <testcase name="should be decoded properly" classname="com.github.traderjoe95.mls.protocol.message.Messages" time="0.0"/>
  <testcase name="should round-trip to the same binary value" classname="com.github.traderjoe95.mls.protocol.message.Messages" time="0.0"/>
  <testcase name="should be decoded properly" classname="com.github.traderjoe95.mls.protocol.message.Messages" time="0.0"/>
  <testcase name="should round-trip to the same binary value" classname="com.github.traderjoe95.mls.protocol.message.Messages" time="0.0"/>
  <testcase name="should be decoded properly" classname="com.github.traderjoe95.mls.protocol.message.Messages" time="0.001"/>
  <testcase name="should round-trip to the same binary value" classname="com.github.traderjoe95.mls.protocol.message.Messages" time="0.0"/>
  <testcase name="should be decoded properly" classname="com.github.traderjoe95.mls.protocol.message.Messages" time="0.001"/>
  <testcase name="should round-trip to the same binary value" classname="com.github.traderjoe95.mls.protocol.message.Messages" time="0.0"/>
  <testcase name="should be decoded properly" classname="com.github.traderjoe95.mls.protocol.message.Messages" time="0.001"/>
  <testcase name="should round-trip to the same binary value" classname="com.github.traderjoe95.mls.protocol.message.Messages" time="0.0"/>
  <testcase name="should be decoded properly" classname="com.github.traderjoe95.mls.protocol.message.Messages" time="0.0"/>
  <testcase name="should round-trip to the same binary value" classname="com.github.traderjoe95.mls.protocol.message.Messages" time="0.0"/>
  <testcase name="should be decoded properly" classname="com.github.traderjoe95.mls.protocol.message.Messages" time="0.0"/>
  <testcase name="should round-trip to the same binary value" classname="com.github.traderjoe95.mls.protocol.message.Messages" time="0.001"/>
  <testcase name="should be decoded properly" classname="com.github.traderjoe95.mls.protocol.message.Messages" time="0.0"/>
  <testcase name="should round-trip to the same binary value" classname="com.github.traderjoe95.mls.protocol.message.Messages" time="0.0"/>
  <testcase name="should be decoded properly" classname="com.github.traderjoe95.mls.protocol.message.Messages" time="0.0"/>
  <testcase name="should round-trip to the same binary value" classname="com.github.traderjoe95.mls.protocol.message.Messages" time="0.0"/>
  <testcase name="should be decoded properly" classname="com.github.traderjoe95.mls.protocol.message.Messages" time="0.001"/>
  <testcase name="should round-trip to the same binary value" classname="com.github.traderjoe95.mls.protocol.message.Messages" time="0.0"/>
  <testcase name="should be decoded properly" classname="com.github.traderjoe95.mls.protocol.message.Messages" time="0.0"/>
  <testcase name="should round-trip to the same binary value" classname="com.github.traderjoe95.mls.protocol.message.Messages" time="0.0"/>
  <testcase name="should be decoded properly" classname="com.github.traderjoe95.mls.protocol.message.Messages" time="0.0"/>
  <testcase name="should round-trip to the same binary value" classname="com.github.traderjoe95.mls.protocol.message.Messages" time="0.0"/>
  <testcase name="should be decoded properly" classname="com.github.traderjoe95.mls.protocol.message.Messages" time="0.0"/>
  <testcase name="should round-trip to the same binary value" classname="com.github.traderjoe95.mls.protocol.message.Messages" time="0.0"/>
  <testcase name="should be decoded properly" classname="com.github.traderjoe95.mls.protocol.message.Messages" time="0.0"/>
  <testcase name="should round-trip to the same binary value" classname="com.github.traderjoe95.mls.protocol.message.Messages" time="0.0"/>
  <testcase name="should be decoded properly" classname="com.github.traderjoe95.mls.protocol.message.Messages" time="0.0"/>
  <testcase name="should round-trip to the same binary value" classname="com.github.traderjoe95.mls.protocol.message.Messages" time="0.0"/>
  <testcase name="should be decoded properly" classname="com.github.traderjoe95.mls.protocol.message.Messages" time="0.0"/>
  <testcase name="should round-trip to the same binary value" classname="com.github.traderjoe95.mls.protocol.message.Messages" time="0.0"/>
  <testcase name="should be decoded properly" classname="com.github.traderjoe95.mls.protocol.message.Messages" time="0.001"/>
  <testcase name="should round-trip to the same binary value" classname="com.github.traderjoe95.mls.protocol.message.Messages" time="0.0"/>
  <testcase name="should be decoded properly" classname="com.github.traderjoe95.mls.protocol.message.Messages" time="0.0"/>
  <testcase name="should round-trip to the same binary value" classname="com.github.traderjoe95.mls.protocol.message.Messages" time="0.0"/>
  <testcase name="should be decoded properly" classname="com.github.traderjoe95.mls.protocol.message.Messages" time="0.0"/>
  <testcase name="should round-trip to the same binary value" classname="com.github.traderjoe95.mls.protocol.message.Messages" time="0.001"/>
  <testcase name="should be decoded properly" classname="com.github.traderjoe95.mls.protocol.message.Messages" time="0.0"/>
  <testcase name="should round-trip to the same binary value" classname="com.github.traderjoe95.mls.protocol.message.Messages" time="0.0"/>
  <testcase name="should be decoded properly" classname="com.github.traderjoe95.mls.protocol.message.Messages" time="0.0"/>
  <testcase name="should round-trip to the same binary value" classname="com.github.traderjoe95.mls.protocol.message.Messages" time="0.0"/>
  <testcase name="should be decoded properly" classname="com.github.traderjoe95.mls.protocol.message.Messages" time="0.0"/>
  <testcase name="should round-trip to the same binary value" classname="com.github.traderjoe95.mls.protocol.message.Messages" time="0.0"/>
  <testcase name="should be decoded properly" classname="com.github.traderjoe95.mls.protocol.message.Messages" time="0.0"/>
  <testcase name="should round-trip to the same binary value" classname="com.github.traderjoe95.mls.protocol.message.Messages" time="0.0"/>
  <testcase name="should be decoded properly" classname="com.github.traderjoe95.mls.protocol.message.Messages" time="0.0"/>
  <testcase name="should round-trip to the same binary value" classname="com.github.traderjoe95.mls.protocol.message.Messages" time="0.001"/>
  <testcase name="should be decoded properly" classname="com.github.traderjoe95.mls.protocol.message.Messages" time="0.0"/>
  <testcase name="should round-trip to the same binary value" classname="com.github.traderjoe95.mls.protocol.message.Messages" time="0.0"/>
  <testcase name="should be decoded properly" classname="com.github.traderjoe95.mls.protocol.message.Messages" time="0.0"/>
  <testcase name="should round-trip to the same binary value" classname="com.github.traderjoe95.mls.protocol.message.Messages" time="0.0"/>
  <testcase name="should be decoded properly" classname="com.github.traderjoe95.mls.protocol.message.Messages" time="0.0"/>
  <testcase name="should round-trip to the same binary value" classname="com.github.traderjoe95.mls.protocol.message.Messages" time="0.0"/>
  <testcase name="should be decoded properly" classname="com.github.traderjoe95.mls.protocol.message.Messages" time="0.0"/>
  <testcase name="should round-trip to the same binary value" classname="com.github.traderjoe95.mls.protocol.message.Messages" time="0.0"/>
  <testcase name="should be decoded properly" classname="com.github.traderjoe95.mls.protocol.message.Messages" time="0.0"/>
  <testcase name="should round-trip to the same binary value" classname="com.github.traderjoe95.mls.protocol.message.Messages" time="0.0"/>
  <testcase name="should be decoded properly" classname="com.github.traderjoe95.mls.protocol.message.Messages" time="0.0"/>
  <testcase name="should round-trip to the same binary value" classname="com.github.traderjoe95.mls.protocol.message.Messages" time="0.001"/>
  <testcase name="should be decoded properly" classname="com.github.traderjoe95.mls.protocol.message.Messages" time="0.0"/>
  <testcase name="should round-trip to the same binary value" classname="com.github.traderjoe95.mls.protocol.message.Messages" time="0.0"/>
  <testcase name="should be decoded properly" classname="com.github.traderjoe95.mls.protocol.message.Messages" time="0.001"/>
  <testcase name="should round-trip to the same binary value" classname="com.github.traderjoe95.mls.protocol.message.Messages" time="0.0"/>
  <testcase name="should be decoded properly" classname="com.github.traderjoe95.mls.protocol.message.Messages" time="0.0"/>
  <testcase name="should round-trip to the same binary value" classname="com.github.traderjoe95.mls.protocol.message.Messages" time="0.001"/>
  <testcase name="should be decoded properly" classname="com.github.traderjoe95.mls.protocol.message.Messages" time="0.0"/>
  <testcase name="should round-trip to the same binary value" classname="com.github.traderjoe95.mls.protocol.message.Messages" time="0.0"/>
  <testcase name="should be decoded properly" classname="com.github.traderjoe95.mls.protocol.message.Messages" time="0.0"/>
  <testcase name="should round-trip to the same binary value" classname="com.github.traderjoe95.mls.protocol.message.Messages" time="0.001"/>
  <testcase name="should be decoded properly" classname="com.github.traderjoe95.mls.protocol.message.Messages" time="0.001"/>
  <testcase name="should round-trip to the same binary value" classname="com.github.traderjoe95.mls.protocol.message.Messages" time="0.0"/>
  <testcase name="should be decoded properly" classname="com.github.traderjoe95.mls.protocol.message.Messages" time="0.0"/>
  <testcase name="should round-trip to the same binary value" classname="com.github.traderjoe95.mls.protocol.message.Messages" time="0.001"/>
  <testcase name="should be decoded properly" classname="com.github.traderjoe95.mls.protocol.message.Messages" time="0.0"/>
  <testcase name="should round-trip to the same binary value" classname="com.github.traderjoe95.mls.protocol.message.Messages" time="0.0"/>
  <testcase name="should be decoded properly" classname="com.github.traderjoe95.mls.protocol.message.Messages" time="0.0"/>
  <testcase name="should round-trip to the same binary value" classname="com.github.traderjoe95.mls.protocol.message.Messages" time="0.0"/>
  <testcase name="should be decoded properly" classname="com.github.traderjoe95.mls.protocol.message.Messages" time="0.0"/>
  <testcase name="should round-trip to the same binary value" classname="com.github.traderjoe95.mls.protocol.message.Messages" time="0.0"/>
  <testcase name="should be decoded properly" classname="com.github.traderjoe95.mls.protocol.message.Messages" time="0.0"/>
  <testcase name="should round-trip to the same binary value" classname="com.github.traderjoe95.mls.protocol.message.Messages" time="0.0"/>
  <testcase name="should be decoded properly" classname="com.github.traderjoe95.mls.protocol.message.Messages" time="0.0"/>
  <testcase name="should round-trip to the same binary value" classname="com.github.traderjoe95.mls.protocol.message.Messages" time="0.0"/>
  <testcase name="should be decoded properly" classname="com.github.traderjoe95.mls.protocol.message.Messages" time="0.001"/>
  <testcase name="should round-trip to the same binary value" classname="com.github.traderjoe95.mls.protocol.message.Messages" time="0.0"/>
  <testcase name="should be decoded properly" classname="com.github.traderjoe95.mls.protocol.message.Messages" time="0.0"/>
  <testcase name="should round-trip to the same binary value" classname="com.github.traderjoe95.mls.protocol.message.Messages" time="0.0"/>
  <testcase name="should be decoded properly" classname="com.github.traderjoe95.mls.protocol.message.Messages" time="0.0"/>
  <testcase name="should round-trip to the same binary value" classname="com.github.traderjoe95.mls.protocol.message.Messages" time="0.0"/>
  <testcase name="should be decoded properly" classname="com.github.traderjoe95.mls.protocol.message.Messages" time="0.001"/>
  <testcase name="should round-trip to the same binary value" classname="com.github.traderjoe95.mls.protocol.message.Messages" time="0.0"/>
  <testcase name="should be decoded properly" classname="com.github.traderjoe95.mls.protocol.message.Messages" time="0.0"/>
  <testcase name="should round-trip to the same binary value" classname="com.github.traderjoe95.mls.protocol.message.Messages" time="0.0"/>
  <testcase name="should be decoded properly" classname="com.github.traderjoe95.mls.protocol.message.Messages" time="0.0"/>
  <testcase name="should round-trip to the same binary value" classname="com.github.traderjoe95.mls.protocol.message.Messages" time="0.0"/>
  <testcase name="should be decoded properly" classname="com.github.traderjoe95.mls.protocol.message.Messages" time="0.0"/>
  <testcase name="should round-trip to the same binary value" classname="com.github.traderjoe95.mls.protocol.message.Messages" time="0.0"/>
  <testcase name="should be decoded properly" classname="com.github.traderjoe95.mls.protocol.message.Messages" time="0.001"/>
  <testcase name="should round-trip to the same binary value" classname="com.github.traderjoe95.mls.protocol.message.Messages" time="0.0"/>
  <testcase name="should be decoded properly" classname="com.github.traderjoe95.mls.protocol.message.Messages" time="0.0"/>
  <testcase name="should round-trip to the same binary value" classname="com.github.traderjoe95.mls.protocol.message.Messages" time="0.0"/>
  <testcase name="should be decoded properly" classname="com.github.traderjoe95.mls.protocol.message.Messages" time="0.0"/>
  <testcase name="should round-trip to the same binary value" classname="com.github.traderjoe95.mls.protocol.message.Messages" time="0.0"/>
  <testcase name="should be decoded properly" classname="com.github.traderjoe95.mls.protocol.message.Messages" time="0.0"/>
  <testcase name="should round-trip to the same binary value" classname="com.github.traderjoe95.mls.protocol.message.Messages" time="0.0"/>
  <testcase name="should be decoded properly" classname="com.github.traderjoe95.mls.protocol.message.Messages" time="0.0"/>
  <testcase name="should round-trip to the same binary value" classname="com.github.traderjoe95.mls.protocol.message.Messages" time="0.0"/>
  <testcase name="should be decoded properly" classname="com.github.traderjoe95.mls.protocol.message.Messages" time="0.0"/>
  <testcase name="should round-trip to the same binary value" classname="com.github.traderjoe95.mls.protocol.message.Messages" time="0.0"/>
  <testcase name="should be decoded properly" classname="com.github.traderjoe95.mls.protocol.message.Messages" time="0.0"/>
  <testcase name="should round-trip to the same binary value" classname="com.github.traderjoe95.mls.protocol.message.Messages" time="0.001"/>
  <testcase name="should be decoded properly" classname="com.github.traderjoe95.mls.protocol.message.Messages" time="0.001"/>
  <testcase name="should round-trip to the same binary value" classname="com.github.traderjoe95.mls.protocol.message.Messages" time="0.0"/>
  <testcase name="should be decoded properly" classname="com.github.traderjoe95.mls.protocol.message.Messages" time="0.0"/>
  <testcase name="should round-trip to the same binary value" classname="com.github.traderjoe95.mls.protocol.message.Messages" time="0.0"/>
  <testcase name="should be decoded properly" classname="com.github.traderjoe95.mls.protocol.message.Messages" time="0.0"/>
  <testcase name="should round-trip to the same binary value" classname="com.github.traderjoe95.mls.protocol.message.Messages" time="0.0"/>
  <testcase name="should be decoded properly" classname="com.github.traderjoe95.mls.protocol.message.Messages" time="0.001"/>
  <testcase name="should round-trip to the same binary value" classname="com.github.traderjoe95.mls.protocol.message.Messages" time="0.001"/>
  <testcase name="should be decoded properly" classname="com.github.traderjoe95.mls.protocol.message.Messages" time="0.0"/>
  <testcase name="should round-trip to the same binary value" classname="com.github.traderjoe95.mls.protocol.message.Messages" time="0.0"/>
  <testcase name="should be decoded properly" classname="com.github.traderjoe95.mls.protocol.message.Messages" time="0.0"/>
  <testcase name="should round-trip to the same binary value" classname="com.github.traderjoe95.mls.protocol.message.Messages" time="0.0"/>
  <testcase name="should be decoded properly" classname="com.github.traderjoe95.mls.protocol.message.Messages" time="0.0"/>
  <testcase name="should round-trip to the same binary value" classname="com.github.traderjoe95.mls.protocol.message.Messages" time="0.0"/>
  <testcase name="should be decoded properly" classname="com.github.traderjoe95.mls.protocol.message.Messages" time="0.0"/>
  <testcase name="should round-trip to the same binary value" classname="com.github.traderjoe95.mls.protocol.message.Messages" time="0.0"/>
  <testcase name="should be decoded properly" classname="com.github.traderjoe95.mls.protocol.message.Messages" time="0.0"/>
  <testcase name="should round-trip to the same binary value" classname="com.github.traderjoe95.mls.protocol.message.Messages" time="0.0"/>
  <testcase name="should be decoded properly" classname="com.github.traderjoe95.mls.protocol.message.Messages" time="0.001"/>
  <testcase name="should round-trip to the same binary value" classname="com.github.traderjoe95.mls.protocol.message.Messages" time="0.0"/>
  <testcase name="should be decoded properly" classname="com.github.traderjoe95.mls.protocol.message.Messages" time="0.0"/>
  <testcase name="should round-trip to the same binary value" classname="com.github.traderjoe95.mls.protocol.message.Messages" time="0.0"/>
  <testcase name="should be decoded properly" classname="com.github.traderjoe95.mls.protocol.message.Messages" time="0.0"/>
  <testcase name="should round-trip to the same binary value" classname="com.github.traderjoe95.mls.protocol.message.Messages" time="0.0"/>
  <testcase name="should be decoded properly" classname="com.github.traderjoe95.mls.protocol.message.Messages" time="0.0"/>
  <testcase name="should round-trip to the same binary value" classname="com.github.traderjoe95.mls.protocol.message.Messages" time="0.0"/>
  <testcase name="should be decoded properly" classname="com.github.traderjoe95.mls.protocol.message.Messages" time="0.0"/>
  <testcase name="should round-trip to the same binary value" classname="com.github.traderjoe95.mls.protocol.message.Messages" time="0.0"/>
  <testcase name="should be decoded properly" classname="com.github.traderjoe95.mls.protocol.message.Messages" time="0.0"/>
  <testcase name="should round-trip to the same binary value" classname="com.github.traderjoe95.mls.protocol.message.Messages" time="0.0"/>
  <testcase name="should be decoded properly" classname="com.github.traderjoe95.mls.protocol.message.Messages" time="0.0"/>
  <testcase name="should round-trip to the same binary value" classname="com.github.traderjoe95.mls.protocol.message.Messages" time="0.0"/>
  <testcase name="should be decoded properly" classname="com.github.traderjoe95.mls.protocol.message.Messages" time="0.0"/>
  <testcase name="should round-trip to the same binary value" classname="com.github.traderjoe95.mls.protocol.message.Messages" time="0.0"/>
  <testcase name="should be decoded properly" classname="com.github.traderjoe95.mls.protocol.message.Messages" time="0.0"/>
  <testcase name="should round-trip to the same binary value" classname="com.github.traderjoe95.mls.protocol.message.Messages" time="0.0"/>
  <testcase name="should be decoded properly" classname="com.github.traderjoe95.mls.protocol.message.Messages" time="0.0"/>
  <testcase name="should round-trip to the same binary value" classname="com.github.traderjoe95.mls.protocol.message.Messages" time="0.0"/>
  <testcase name="should be decoded properly" classname="com.github.traderjoe95.mls.protocol.message.Messages" time="0.0"/>
  <testcase name="should round-trip to the same binary value" classname="com.github.traderjoe95.mls.protocol.message.Messages" time="0.0"/>
  <testcase name="should be decoded properly" classname="com.github.traderjoe95.mls.protocol.message.Messages" time="0.0"/>
  <testcase name="should round-trip to the same binary value" classname="com.github.traderjoe95.mls.protocol.message.Messages" time="0.0"/>
  <testcase name="should be decoded properly" classname="com.github.traderjoe95.mls.protocol.message.Messages" time="0.0"/>
  <testcase name="should round-trip to the same binary value" classname="com.github.traderjoe95.mls.protocol.message.Messages" time="0.0"/>
  <testcase name="should be decoded properly" classname="com.github.traderjoe95.mls.protocol.message.Messages" time="0.001"/>
  <testcase name="should round-trip to the same binary value" classname="com.github.traderjoe95.mls.protocol.message.Messages" time="0.0"/>
  <testcase name="should be decoded properly" classname="com.github.traderjoe95.mls.protocol.message.Messages" time="0.0"/>
  <testcase name="should round-trip to the same binary value" classname="com.github.traderjoe95.mls.protocol.message.Messages" time="0.0"/>
  <testcase name="should be decoded properly" classname="com.github.traderjoe95.mls.protocol.message.Messages" time="0.0"/>
  <testcase name="should round-trip to the same binary value" classname="com.github.traderjoe95.mls.protocol.message.Messages" time="0.001"/>
  <testcase name="should be decoded properly" classname="com.github.traderjoe95.mls.protocol.message.Messages" time="0.0"/>
  <testcase name="should round-trip to the same binary value" classname="com.github.traderjoe95.mls.protocol.message.Messages" time="0.0"/>
  <testcase name="should be decoded properly" classname="com.github.traderjoe95.mls.protocol.message.Messages" time="0.0"/>
  <testcase name="should round-trip to the same binary value" classname="com.github.traderjoe95.mls.protocol.message.Messages" time="0.0"/>
  <testcase name="should be decoded properly" classname="com.github.traderjoe95.mls.protocol.message.Messages" time="0.0"/>
  <testcase name="should round-trip to the same binary value" classname="com.github.traderjoe95.mls.protocol.message.Messages" time="0.0"/>
  <testcase name="should be decoded properly" classname="com.github.traderjoe95.mls.protocol.message.Messages" time="0.0"/>
  <testcase name="should round-trip to the same binary value" classname="com.github.traderjoe95.mls.protocol.message.Messages" time="0.0"/>
  <testcase name="should be decoded properly" classname="com.github.traderjoe95.mls.protocol.message.Messages" time="0.0"/>
  <testcase name="should round-trip to the same binary value" classname="com.github.traderjoe95.mls.protocol.message.Messages" time="0.0"/>
  <testcase name="should be decoded properly" classname="com.github.traderjoe95.mls.protocol.message.Messages" time="0.0"/>
  <testcase name="should round-trip to the same binary value" classname="com.github.traderjoe95.mls.protocol.message.Messages" time="0.0"/>
  <testcase name="should be decoded properly" classname="com.github.traderjoe95.mls.protocol.message.Messages" time="0.0"/>
  <testcase name="should round-trip to the same binary value" classname="com.github.traderjoe95.mls.protocol.message.Messages" time="0.0"/>
  <testcase name="should be decoded properly" classname="com.github.traderjoe95.mls.protocol.message.Messages" time="0.0"/>
  <testcase name="should round-trip to the same binary value" classname="com.github.traderjoe95.mls.protocol.message.Messages" time="0.0"/>
  <testcase name="should be decoded properly" classname="com.github.traderjoe95.mls.protocol.message.Messages" time="0.0"/>
  <testcase name="should round-trip to the same binary value" classname="com.github.traderjoe95.mls.protocol.message.Messages" time="0.0"/>
  <testcase name="should be decoded properly" classname="com.github.traderjoe95.mls.protocol.message.Messages" time="0.0"/>
  <testcase name="should round-trip to the same binary value" classname="com.github.traderjoe95.mls.protocol.message.Messages" time="0.0"/>
  <testcase name="should be decoded properly" classname="com.github.traderjoe95.mls.protocol.message.Messages" time="0.0"/>
  <testcase name="should round-trip to the same binary value" classname="com.github.traderjoe95.mls.protocol.message.Messages" time="0.0"/>
  <testcase name="should be decoded properly" classname="com.github.traderjoe95.mls.protocol.message.Messages" time="0.0"/>
  <testcase name="should round-trip to the same binary value" classname="com.github.traderjoe95.mls.protocol.message.Messages" time="0.0"/>
  <testcase name="should be decoded properly" classname="com.github.traderjoe95.mls.protocol.message.Messages" time="0.0"/>
  <testcase name="should round-trip to the same binary value" classname="com.github.traderjoe95.mls.protocol.message.Messages" time="0.0"/>
  <testcase name="should be decoded properly" classname="com.github.traderjoe95.mls.protocol.message.Messages" time="0.0"/>
  <testcase name="should round-trip to the same binary value" classname="com.github.traderjoe95.mls.protocol.message.Messages" time="0.0"/>
  <testcase name="should be decoded properly" classname="com.github.traderjoe95.mls.protocol.message.Messages" time="0.0"/>
  <testcase name="should round-trip to the same binary value" classname="com.github.traderjoe95.mls.protocol.message.Messages" time="0.0"/>
  <testcase name="should be decoded properly" classname="com.github.traderjoe95.mls.protocol.message.Messages" time="0.0"/>
  <testcase name="should round-trip to the same binary value" classname="com.github.traderjoe95.mls.protocol.message.Messages" time="0.001"/>
  <testcase name="should be decoded properly" classname="com.github.traderjoe95.mls.protocol.message.Messages" time="0.0"/>
  <testcase name="should round-trip to the same binary value" classname="com.github.traderjoe95.mls.protocol.message.Messages" time="0.0"/>
  <testcase name="should be decoded properly" classname="com.github.traderjoe95.mls.protocol.message.Messages" time="0.0"/>
  <testcase name="should round-trip to the same binary value" classname="com.github.traderjoe95.mls.protocol.message.Messages" time="0.0"/>
  <testcase name="should be decoded properly" classname="com.github.traderjoe95.mls.protocol.message.Messages" time="0.0"/>
  <testcase name="should round-trip to the same binary value" classname="com.github.traderjoe95.mls.protocol.message.Messages" time="0.001"/>
  <testcase name="should be decoded properly" classname="com.github.traderjoe95.mls.protocol.message.Messages" time="0.0"/>
  <testcase name="should round-trip to the same binary value" classname="com.github.traderjoe95.mls.protocol.message.Messages" time="0.0"/>
  <testcase name="should be decoded properly" classname="com.github.traderjoe95.mls.protocol.message.Messages" time="0.0"/>
  <testcase name="should round-trip to the same binary value" classname="com.github.traderjoe95.mls.protocol.message.Messages" time="0.0"/>
  <testcase name="should be decoded properly" classname="com.github.traderjoe95.mls.protocol.message.Messages" time="0.0"/>
  <testcase name="should round-trip to the same binary value" classname="com.github.traderjoe95.mls.protocol.message.Messages" time="0.0"/>
  <testcase name="should be decoded properly" classname="com.github.traderjoe95.mls.protocol.message.Messages" time="0.001"/>
  <testcase name="should round-trip to the same binary value" classname="com.github.traderjoe95.mls.protocol.message.Messages" time="0.0"/>
  <testcase name="should be decoded properly" classname="com.github.traderjoe95.mls.protocol.message.Messages" time="0.0"/>
  <testcase name="should round-trip to the same binary value" classname="com.github.traderjoe95.mls.protocol.message.Messages" time="0.0"/>
  <testcase name="should be decoded properly" classname="com.github.traderjoe95.mls.protocol.message.Messages" time="0.0"/>
  <testcase name="should round-trip to the same binary value" classname="com.github.traderjoe95.mls.protocol.message.Messages" time="0.0"/>
  <testcase name="should be decoded properly" classname="com.github.traderjoe95.mls.protocol.message.Messages" time="0.0"/>
  <testcase name="should round-trip to the same binary value" classname="com.github.traderjoe95.mls.protocol.message.Messages" time="0.0"/>
  <testcase name="should be decoded properly" classname="com.github.traderjoe95.mls.protocol.message.Messages" time="0.0"/>
  <testcase name="should round-trip to the same binary value" classname="com.github.traderjoe95.mls.protocol.message.Messages" time="0.001"/>
  <testcase name="should be decoded properly" classname="com.github.traderjoe95.mls.protocol.message.Messages" time="0.0"/>
  <testcase name="should round-trip to the same binary value" classname="com.github.traderjoe95.mls.protocol.message.Messages" time="0.001"/>
  <testcase name="should be decoded properly" classname="com.github.traderjoe95.mls.protocol.message.Messages" time="0.0"/>
  <testcase name="should round-trip to the same binary value" classname="com.github.traderjoe95.mls.protocol.message.Messages" time="0.0"/>
  <testcase name="should be decoded properly" classname="com.github.traderjoe95.mls.protocol.message.Messages" time="0.0"/>
  <testcase name="should round-trip to the same binary value" classname="com.github.traderjoe95.mls.protocol.message.Messages" time="0.0"/>
  <testcase name="should be decoded properly" classname="com.github.traderjoe95.mls.protocol.message.Messages" time="0.001"/>
  <testcase name="should round-trip to the same binary value" classname="com.github.traderjoe95.mls.protocol.message.Messages" time="0.0"/>
  <testcase name="should be decoded properly" classname="com.github.traderjoe95.mls.protocol.message.Messages" time="0.0"/>
  <testcase name="should round-trip to the same binary value" classname="com.github.traderjoe95.mls.protocol.message.Messages" time="0.0"/>
  <testcase name="should be decoded properly" classname="com.github.traderjoe95.mls.protocol.message.Messages" time="0.0"/>
  <testcase name="should round-trip to the same binary value" classname="com.github.traderjoe95.mls.protocol.message.Messages" time="0.0"/>
  <testcase name="should be decoded properly" classname="com.github.traderjoe95.mls.protocol.message.Messages" time="0.0"/>
  <testcase name="should round-trip to the same binary value" classname="com.github.traderjoe95.mls.protocol.message.Messages" time="0.0"/>
  <testcase name="should be decoded properly" classname="com.github.traderjoe95.mls.protocol.message.Messages" time="0.0"/>
  <testcase name="should round-trip to the same binary value" classname="com.github.traderjoe95.mls.protocol.message.Messages" time="0.0"/>
  <testcase name="should be decoded properly" classname="com.github.traderjoe95.mls.protocol.message.Messages" time="0.0"/>
  <testcase name="should round-trip to the same binary value" classname="com.github.traderjoe95.mls.protocol.message.Messages" time="0.0"/>
  <testcase name="should be decoded properly" classname="com.github.traderjoe95.mls.protocol.message.Messages" time="0.0"/>
  <testcase name="should round-trip to the same binary value" classname="com.github.traderjoe95.mls.protocol.message.Messages" time="0.001"/>
  <testcase name="should be decoded properly" classname="com.github.traderjoe95.mls.protocol.message.Messages" time="0.0"/>
  <testcase name="should round-trip to the same binary value" classname="com.github.traderjoe95.mls.protocol.message.Messages" time="0.001"/>
  <testcase name="should be decoded properly" classname="com.github.traderjoe95.mls.protocol.message.Messages" time="0.0"/>
  <testcase name="should round-trip to the same binary value" classname="com.github.traderjoe95.mls.protocol.message.Messages" time="0.001"/>
  <testcase name="should be decoded properly" classname="com.github.traderjoe95.mls.protocol.message.Messages" time="0.0"/>
  <testcase name="should round-trip to the same binary value" classname="com.github.traderjoe95.mls.protocol.message.Messages" time="0.001"/>
  <testcase name="should be decoded properly" classname="com.github.traderjoe95.mls.protocol.message.Messages" time="0.0"/>
  <testcase name="should round-trip to the same binary value" classname="com.github.traderjoe95.mls.protocol.message.Messages" time="0.0"/>
  <testcase name="should be decoded properly" classname="com.github.traderjoe95.mls.protocol.message.Messages" time="0.001"/>
  <testcase name="should round-trip to the same binary value" classname="com.github.traderjoe95.mls.protocol.message.Messages" time="0.001"/>
  <testcase name="should be decoded properly" classname="com.github.traderjoe95.mls.protocol.message.Messages" time="0.0"/>
  <testcase name="should round-trip to the same binary value" classname="com.github.traderjoe95.mls.protocol.message.Messages" time="0.0"/>
  <testcase name="should be decoded properly" classname="com.github.traderjoe95.mls.protocol.message.Messages" time="0.0"/>
  <testcase name="should round-trip to the same binary value" classname="com.github.traderjoe95.mls.protocol.message.Messages" time="0.0"/>
  <testcase name="should be decoded properly" classname="com.github.traderjoe95.mls.protocol.message.Messages" time="0.0"/>
  <testcase name="should round-trip to the same binary value" classname="com.github.traderjoe95.mls.protocol.message.Messages" time="0.0"/>
  <testcase name="should be decoded properly" classname="com.github.traderjoe95.mls.protocol.message.Messages" time="0.0"/>
  <testcase name="should round-trip to the same binary value" classname="com.github.traderjoe95.mls.protocol.message.Messages" time="0.0"/>
  <testcase name="should be decoded properly" classname="com.github.traderjoe95.mls.protocol.message.Messages" time="0.0"/>
  <testcase name="should round-trip to the same binary value" classname="com.github.traderjoe95.mls.protocol.message.Messages" time="0.0"/>
  <testcase name="should be decoded properly" classname="com.github.traderjoe95.mls.protocol.message.Messages" time="0.0"/>
  <testcase name="should round-trip to the same binary value" classname="com.github.traderjoe95.mls.protocol.message.Messages" time="0.0"/>
  <testcase name="should be decoded properly" classname="com.github.traderjoe95.mls.protocol.message.Messages" time="0.0"/>
  <testcase name="should round-trip to the same binary value" classname="com.github.traderjoe95.mls.protocol.message.Messages" time="0.0"/>
  <testcase name="should be decoded properly" classname="com.github.traderjoe95.mls.protocol.message.Messages" time="0.0"/>
  <testcase name="should round-trip to the same binary value" classname="com.github.traderjoe95.mls.protocol.message.Messages" time="0.0"/>
  <testcase name="should be decoded properly" classname="com.github.traderjoe95.mls.protocol.message.Messages" time="0.0"/>
  <testcase name="should round-trip to the same binary value" classname="com.github.traderjoe95.mls.protocol.message.Messages" time="0.0"/>
  <testcase name="should be decoded properly" classname="com.github.traderjoe95.mls.protocol.message.Messages" time="0.0"/>
  <testcase name="should round-trip to the same binary value" classname="com.github.traderjoe95.mls.protocol.message.Messages" time="0.0"/>
  <testcase name="should be decoded properly" classname="com.github.traderjoe95.mls.protocol.message.Messages" time="0.0"/>
  <testcase name="should round-trip to the same binary value" classname="com.github.traderjoe95.mls.protocol.message.Messages" time="0.001"/>
  <testcase name="should be decoded properly" classname="com.github.traderjoe95.mls.protocol.message.Messages" time="0.0"/>
  <testcase name="should round-trip to the same binary value" classname="com.github.traderjoe95.mls.protocol.message.Messages" time="0.0"/>
  <testcase name="should be decoded properly" classname="com.github.traderjoe95.mls.protocol.message.Messages" time="0.0"/>
  <testcase name="should round-trip to the same binary value" classname="com.github.traderjoe95.mls.protocol.message.Messages" time="0.001"/>
  <testcase name="should be decoded properly" classname="com.github.traderjoe95.mls.protocol.message.Messages" time="0.0"/>
  <testcase name="should round-trip to the same binary value" classname="com.github.traderjoe95.mls.protocol.message.Messages" time="0.0"/>
  <testcase name="should be decoded properly" classname="com.github.traderjoe95.mls.protocol.message.Messages" time="0.0"/>
  <testcase name="should round-trip to the same binary value" classname="com.github.traderjoe95.mls.protocol.message.Messages" time="0.0"/>
  <testcase name="should be decoded properly" classname="com.github.traderjoe95.mls.protocol.message.Messages" time="0.0"/>
  <testcase name="should round-trip to the same binary value" classname="com.github.traderjoe95.mls.protocol.message.Messages" time="0.0"/>
  <testcase name="should be decoded properly" classname="com.github.traderjoe95.mls.protocol.message.Messages" time="0.0"/>
  <testcase name="should round-trip to the same binary value" classname="com.github.traderjoe95.mls.protocol.message.Messages" time="0.0"/>
  <testcase name="should be decoded properly" classname="com.github.traderjoe95.mls.protocol.message.Messages" time="0.0"/>
  <testcase name="should round-trip to the same binary value" classname="com.github.traderjoe95.mls.protocol.message.Messages" time="0.0"/>
  <testcase name="should be decoded properly" classname="com.github.traderjoe95.mls.protocol.message.Messages" time="0.001"/>
  <testcase name="should round-trip to the same binary value" classname="com.github.traderjoe95.mls.protocol.message.Messages" time="0.0"/>
  <testcase name="should be decoded properly" classname="com.github.traderjoe95.mls.protocol.message.Messages" time="0.0"/>
  <testcase name="should round-trip to the same binary value" classname="com.github.traderjoe95.mls.protocol.message.Messages" time="0.0"/>
  <testcase name="should be decoded properly" classname="com.github.traderjoe95.mls.protocol.message.Messages" time="0.0"/>
  <testcase name="should round-trip to the same binary value" classname="com.github.traderjoe95.mls.protocol.message.Messages" time="0.0"/>
  <testcase name="should be decoded properly" classname="com.github.traderjoe95.mls.protocol.message.Messages" time="0.0"/>
  <testcase name="should round-trip to the same binary value" classname="com.github.traderjoe95.mls.protocol.message.Messages" time="0.0"/>
  <testcase name="should be decoded properly" classname="com.github.traderjoe95.mls.protocol.message.Messages" time="0.0"/>
  <testcase name="should round-trip to the same binary value" classname="com.github.traderjoe95.mls.protocol.message.Messages" time="0.0"/>
  <testcase name="should be decoded properly" classname="com.github.traderjoe95.mls.protocol.message.Messages" time="0.0"/>
  <testcase name="should round-trip to the same binary value" classname="com.github.traderjoe95.mls.protocol.message.Messages" time="0.0"/>
  <testcase name="should be decoded properly" classname="com.github.traderjoe95.mls.protocol.message.Messages" time="0.0"/>
  <testcase name="should round-trip to the same binary value" classname="com.github.traderjoe95.mls.protocol.message.Messages" time="0.001"/>
  <testcase name="should be decoded properly" classname="com.github.traderjoe95.mls.protocol.message.Messages" time="0.0"/>
  <testcase name="should round-trip to the same binary value" classname="com.github.traderjoe95.mls.protocol.message.Messages" time="0.0"/>
  <testcase name="should be decoded properly" classname="com.github.traderjoe95.mls.protocol.message.Messages" time="0.0"/>
  <testcase name="should round-trip to the same binary value" classname="com.github.traderjoe95.mls.protocol.message.Messages" time="0.001"/>
  <testcase name="should be decoded properly" classname="com.github.traderjoe95.mls.protocol.message.Messages" time="0.001"/>
  <testcase name="should round-trip to the same binary value" classname="com.github.traderjoe95.mls.protocol.message.Messages" time="0.0"/>
  <testcase name="should be decoded properly" classname="com.github.traderjoe95.mls.protocol.message.Messages" time="0.0"/>
  <testcase name="should round-trip to the same binary value" classname="com.github.traderjoe95.mls.protocol.message.Messages" time="0.0"/>
  <testcase name="should be decoded properly" classname="com.github.traderjoe95.mls.protocol.message.Messages" time="0.0"/>
  <testcase name="should round-trip to the same binary value" classname="com.github.traderjoe95.mls.protocol.message.Messages" time="0.001"/>
  <testcase name="should be decoded properly" classname="com.github.traderjoe95.mls.protocol.message.Messages" time="0.0"/>
  <testcase name="should round-trip to the same binary value" classname="com.github.traderjoe95.mls.protocol.message.Messages" time="0.001"/>
  <testcase name="should be decoded properly" classname="com.github.traderjoe95.mls.protocol.message.Messages" time="0.001"/>
  <testcase name="should round-trip to the same binary value" classname="com.github.traderjoe95.mls.protocol.message.Messages" time="0.0"/>
  <testcase name="should be decoded properly" classname="com.github.traderjoe95.mls.protocol.message.Messages" time="0.0"/>
  <testcase name="should round-trip to the same binary value" classname="com.github.traderjoe95.mls.protocol.message.Messages" time="0.0"/>
  <testcase name="should be decoded properly" classname="com.github.traderjoe95.mls.protocol.message.Messages" time="0.0"/>
  <testcase name="should round-trip to the same binary value" classname="com.github.traderjoe95.mls.protocol.message.Messages" time="0.001"/>
  <testcase name="should be decoded properly" classname="com.github.traderjoe95.mls.protocol.message.Messages" time="0.0"/>
  <testcase name="should round-trip to the same binary value" classname="com.github.traderjoe95.mls.protocol.message.Messages" time="0.0"/>
  <testcase name="should be decoded properly" classname="com.github.traderjoe95.mls.protocol.message.Messages" time="0.0"/>
  <testcase name="should round-trip to the same binary value" classname="com.github.traderjoe95.mls.protocol.message.Messages" time="0.0"/>
  <testcase name="should be decoded properly" classname="com.github.traderjoe95.mls.protocol.message.Messages" time="0.0"/>
  <testcase name="should round-trip to the same binary value" classname="com.github.traderjoe95.mls.protocol.message.Messages" time="0.0"/>
  <testcase name="should be decoded properly" classname="com.github.traderjoe95.mls.protocol.message.Messages" time="0.0"/>
  <testcase name="should round-trip to the same binary value" classname="com.github.traderjoe95.mls.protocol.message.Messages" time="0.0"/>
  <testcase name="should be decoded properly" classname="com.github.traderjoe95.mls.protocol.message.Messages" time="0.0"/>
  <testcase name="should round-trip to the same binary value" classname="com.github.traderjoe95.mls.protocol.message.Messages" time="0.001"/>
  <testcase name="should be decoded properly" classname="com.github.traderjoe95.mls.protocol.message.Messages" time="0.0"/>
  <testcase name="should round-trip to the same binary value" classname="com.github.traderjoe95.mls.protocol.message.Messages" time="0.0"/>
  <testcase name="should be decoded properly" classname="com.github.traderjoe95.mls.protocol.message.Messages" time="0.0"/>
  <testcase name="should round-trip to the same binary value" classname="com.github.traderjoe95.mls.protocol.message.Messages" time="0.0"/>
  <testcase name="should be decoded properly" classname="com.github.traderjoe95.mls.protocol.message.Messages" time="0.0"/>
  <testcase name="should round-trip to the same binary value" classname="com.github.traderjoe95.mls.protocol.message.Messages" time="0.0"/>
  <testcase name="should be decoded properly" classname="com.github.traderjoe95.mls.protocol.message.Messages" time="0.0"/>
  <testcase name="should round-trip to the same binary value" classname="com.github.traderjoe95.mls.protocol.message.Messages" time="0.0"/>
  <testcase name="should be decoded properly" classname="com.github.traderjoe95.mls.protocol.message.Messages" time="0.0"/>
  <testcase name="should round-trip to the same binary value" classname="com.github.traderjoe95.mls.protocol.message.Messages" time="0.0"/>
  <testcase name="should be decoded properly" classname="com.github.traderjoe95.mls.protocol.message.Messages" time="0.0"/>
  <testcase name="should round-trip to the same binary value" classname="com.github.traderjoe95.mls.protocol.message.Messages" time="0.0"/>
  <testcase name="should be decoded properly" classname="com.github.traderjoe95.mls.protocol.message.Messages" time="0.0"/>
  <testcase name="should round-trip to the same binary value" classname="com.github.traderjoe95.mls.protocol.message.Messages" time="0.0"/>
  <testcase name="should be decoded properly" classname="com.github.traderjoe95.mls.protocol.message.Messages" time="0.0"/>
  <testcase name="should round-trip to the same binary value" classname="com.github.traderjoe95.mls.protocol.message.Messages" time="0.0"/>
  <testcase name="should be decoded properly" classname="com.github.traderjoe95.mls.protocol.message.Messages" time="0.0"/>
  <testcase name="should round-trip to the same binary value" classname="com.github.traderjoe95.mls.protocol.message.Messages" time="0.0"/>
  <testcase name="should be decoded properly" classname="com.github.traderjoe95.mls.protocol.message.Messages" time="0.0"/>
  <testcase name="should round-trip to the same binary value" classname="com.github.traderjoe95.mls.protocol.message.Messages" time="0.0"/>
  <testcase name="should be decoded properly" classname="com.github.traderjoe95.mls.protocol.message.Messages" time="0.0"/>
  <testcase name="should round-trip to the same binary value" classname="com.github.traderjoe95.mls.protocol.message.Messages" time="0.001"/>
  <testcase name="should be decoded properly" classname="com.github.traderjoe95.mls.protocol.message.Messages" time="0.0"/>
  <testcase name="should round-trip to the same binary value" classname="com.github.traderjoe95.mls.protocol.message.Messages" time="0.0"/>
  <testcase name="should be decoded properly" classname="com.github.traderjoe95.mls.protocol.message.Messages" time="0.0"/>
  <testcase name="should round-trip to the same binary value" classname="com.github.traderjoe95.mls.protocol.message.Messages" time="0.0"/>
  <testcase name="should be decoded properly" classname="com.github.traderjoe95.mls.protocol.message.Messages" time="0.0"/>
  <testcase name="should round-trip to the same binary value" classname="com.github.traderjoe95.mls.protocol.message.Messages" time="0.0"/>
  <testcase name="should be decoded properly" classname="com.github.traderjoe95.mls.protocol.message.Messages" time="0.001"/>
  <testcase name="should round-trip to the same binary value" classname="com.github.traderjoe95.mls.protocol.message.Messages" time="0.0"/>
  <testcase name="should be decoded properly" classname="com.github.traderjoe95.mls.protocol.message.Messages" time="0.0"/>
  <testcase name="should round-trip to the same binary value" classname="com.github.traderjoe95.mls.protocol.message.Messages" time="0.0"/>
  <testcase name="should be decoded properly" classname="com.github.traderjoe95.mls.protocol.message.Messages" time="0.001"/>
  <testcase name="should round-trip to the same binary value" classname="com.github.traderjoe95.mls.protocol.message.Messages" time="0.0"/>
  <testcase name="should be decoded properly" classname="com.github.traderjoe95.mls.protocol.message.Messages" time="0.0"/>
  <testcase name="should round-trip to the same binary value" classname="com.github.traderjoe95.mls.protocol.message.Messages" time="0.0"/>
  <testcase name="should be decoded properly" classname="com.github.traderjoe95.mls.protocol.message.Messages" time="0.0"/>
  <testcase name="should round-trip to the same binary value" classname="com.github.traderjoe95.mls.protocol.message.Messages" time="0.0"/>
  <testcase name="should be decoded properly" classname="com.github.traderjoe95.mls.protocol.message.Messages" time="0.0"/>
  <testcase name="should round-trip to the same binary value" classname="com.github.traderjoe95.mls.protocol.message.Messages" time="0.0"/>
  <testcase name="should be decoded properly" classname="com.github.traderjoe95.mls.protocol.message.Messages" time="0.001"/>
  <testcase name="should round-trip to the same binary value" classname="com.github.traderjoe95.mls.protocol.message.Messages" time="0.0"/>
  <testcase name="should be decoded properly" classname="com.github.traderjoe95.mls.protocol.message.Messages" time="0.0"/>
  <testcase name="should round-trip to the same binary value" classname="com.github.traderjoe95.mls.protocol.message.Messages" time="0.0"/>
  <testcase name="should be decoded properly" classname="com.github.traderjoe95.mls.protocol.message.Messages" time="0.0"/>
  <testcase name="should round-trip to the same binary value" classname="com.github.traderjoe95.mls.protocol.message.Messages" time="0.0"/>
  <testcase name="should be decoded properly" classname="com.github.traderjoe95.mls.protocol.message.Messages" time="0.0"/>
  <testcase name="should round-trip to the same binary value" classname="com.github.traderjoe95.mls.protocol.message.Messages" time="0.0"/>
  <testcase name="should be decoded properly" classname="com.github.traderjoe95.mls.protocol.message.Messages" time="0.0"/>
  <testcase name="should round-trip to the same binary value" classname="com.github.traderjoe95.mls.protocol.message.Messages" time="0.001"/>
  <testcase name="should be decoded properly" classname="com.github.traderjoe95.mls.protocol.message.Messages" time="0.001"/>
  <testcase name="should round-trip to the same binary value" classname="com.github.traderjoe95.mls.protocol.message.Messages" time="0.0"/>
  <testcase name="should be decoded properly" classname="com.github.traderjoe95.mls.protocol.message.Messages" time="0.0"/>
  <testcase name="should round-trip to the same binary value" classname="com.github.traderjoe95.mls.protocol.message.Messages" time="0.0"/>
  <testcase name="should be decoded properly" classname="com.github.traderjoe95.mls.protocol.message.Messages" time="0.0"/>
  <testcase name="should round-trip to the same binary value" classname="com.github.traderjoe95.mls.protocol.message.Messages" time="0.001"/>
  <testcase name="should be decoded properly" classname="com.github.traderjoe95.mls.protocol.message.Messages" time="0.001"/>
  <testcase name="should round-trip to the same binary value" classname="com.github.traderjoe95.mls.protocol.message.Messages" time="0.0"/>
  <testcase name="should be decoded properly" classname="com.github.traderjoe95.mls.protocol.message.Messages" time="0.0"/>
  <testcase name="should round-trip to the same binary value" classname="com.github.traderjoe95.mls.protocol.message.Messages" time="0.0"/>
  <testcase name="should be decoded properly" classname="com.github.traderjoe95.mls.protocol.message.Messages" time="0.0"/>
  <testcase name="should round-trip to the same binary value" classname="com.github.traderjoe95.mls.protocol.message.Messages" time="0.0"/>
  <testcase name="should be decoded properly" classname="com.github.traderjoe95.mls.protocol.message.Messages" time="0.0"/>
  <testcase name="should round-trip to the same binary value" classname="com.github.traderjoe95.mls.protocol.message.Messages" time="0.0"/>
  <testcase name="should be decoded properly" classname="com.github.traderjoe95.mls.protocol.message.Messages" time="0.0"/>
  <testcase name="should round-trip to the same binary value" classname="com.github.traderjoe95.mls.protocol.message.Messages" time="0.0"/>
  <testcase name="should be decoded properly" classname="com.github.traderjoe95.mls.protocol.message.Messages" time="0.0"/>
  <testcase name="should round-trip to the same binary value" classname="com.github.traderjoe95.mls.protocol.message.Messages" time="0.0"/>
  <testcase name="should be decoded properly" classname="com.github.traderjoe95.mls.protocol.message.Messages" time="0.0"/>
  <testcase name="should round-trip to the same binary value" classname="com.github.traderjoe95.mls.protocol.message.Messages" time="0.0"/>
  <testcase name="should be decoded properly" classname="com.github.traderjoe95.mls.protocol.message.Messages" time="0.0"/>
  <testcase name="should round-trip to the same binary value" classname="com.github.traderjoe95.mls.protocol.message.Messages" time="0.0"/>
  <testcase name="should be decoded properly" classname="com.github.traderjoe95.mls.protocol.message.Messages" time="0.0"/>
  <testcase name="should round-trip to the same binary value" classname="com.github.traderjoe95.mls.protocol.message.Messages" time="0.0"/>
  <testcase name="should be decoded properly" classname="com.github.traderjoe95.mls.protocol.message.Messages" time="0.001"/>
  <testcase name="should round-trip to the same binary value" classname="com.github.traderjoe95.mls.protocol.message.Messages" time="0.0"/>
  <testcase name="should be decoded properly" classname="com.github.traderjoe95.mls.protocol.message.Messages" time="0.0"/>
  <testcase name="should round-trip to the same binary value" classname="com.github.traderjoe95.mls.protocol.message.Messages" time="0.001"/>
  <testcase name="should be decoded properly" classname="com.github.traderjoe95.mls.protocol.message.Messages" time="0.001"/>
  <testcase name="should round-trip to the same binary value" classname="com.github.traderjoe95.mls.protocol.message.Messages" time="0.0"/>
  <testcase name="should be decoded properly" classname="com.github.traderjoe95.mls.protocol.message.Messages" time="0.0"/>
  <testcase name="should round-trip to the same binary value" classname="com.github.traderjoe95.mls.protocol.message.Messages" time="0.0"/>
  <testcase name="should be decoded properly" classname="com.github.traderjoe95.mls.protocol.message.Messages" time="0.0"/>
  <testcase name="should round-trip to the same binary value" classname="com.github.traderjoe95.mls.protocol.message.Messages" time="0.0"/>
  <testcase name="should be decoded properly" classname="com.github.traderjoe95.mls.protocol.message.Messages" time="0.0"/>
  <testcase name="should round-trip to the same binary value" classname="com.github.traderjoe95.mls.protocol.message.Messages" time="0.0"/>
  <testcase name="should be decoded properly" classname="com.github.traderjoe95.mls.protocol.message.Messages" time="0.0"/>
  <testcase name="should round-trip to the same binary value" classname="com.github.traderjoe95.mls.protocol.message.Messages" time="0.0"/>
  <testcase name="should be decoded properly" classname="com.github.traderjoe95.mls.protocol.message.Messages" time="0.0"/>
  <testcase name="should round-trip to the same binary value" classname="com.github.traderjoe95.mls.protocol.message.Messages" time="0.0"/>
  <testcase name="should be decoded properly" classname="com.github.traderjoe95.mls.protocol.message.Messages" time="0.0"/>
  <testcase name="should round-trip to the same binary value" classname="com.github.traderjoe95.mls.protocol.message.Messages" time="0.0"/>
  <testcase name="should be decoded properly" classname="com.github.traderjoe95.mls.protocol.message.Messages" time="0.0"/>
  <testcase name="should round-trip to the same binary value" classname="com.github.traderjoe95.mls.protocol.message.Messages" time="0.001"/>
  <testcase name="should be decoded properly" classname="com.github.traderjoe95.mls.protocol.message.Messages" time="0.0"/>
  <testcase name="should round-trip to the same binary value" classname="com.github.traderjoe95.mls.protocol.message.Messages" time="0.0"/>
  <testcase name="should be decoded properly" classname="com.github.traderjoe95.mls.protocol.message.Messages" time="0.0"/>
  <testcase name="should round-trip to the same binary value" classname="com.github.traderjoe95.mls.protocol.message.Messages" time="0.0"/>
  <testcase name="should be decoded properly" classname="com.github.traderjoe95.mls.protocol.message.Messages" time="0.0"/>
  <testcase name="should round-trip to the same binary value" classname="com.github.traderjoe95.mls.protocol.message.Messages" time="0.0"/>
  <testcase name="should be decoded properly" classname="com.github.traderjoe95.mls.protocol.message.Messages" time="0.0"/>
  <testcase name="should round-trip to the same binary value" classname="com.github.traderjoe95.mls.protocol.message.Messages" time="0.0"/>
  <testcase name="should be decoded properly" classname="com.github.traderjoe95.mls.protocol.message.Messages" time="0.0"/>
  <testcase name="should round-trip to the same binary value" classname="com.github.traderjoe95.mls.protocol.message.Messages" time="0.0"/>
  <testcase name="should be decoded properly" classname="com.github.traderjoe95.mls.protocol.message.Messages" time="0.0"/>
  <testcase name="should round-trip to the same binary value" classname="com.github.traderjoe95.mls.protocol.message.Messages" time="0.0"/>
  <testcase name="should be decoded properly" classname="com.github.traderjoe95.mls.protocol.message.Messages" time="0.0"/>
  <testcase name="should round-trip to the same binary value" classname="com.github.traderjoe95.mls.protocol.message.Messages" time="0.0"/>
  <testcase name="should be decoded properly" classname="com.github.traderjoe95.mls.protocol.message.Messages" time="0.0"/>
  <testcase name="should round-trip to the same binary value" classname="com.github.traderjoe95.mls.protocol.message.Messages" time="0.0"/>
  <testcase name="should be decoded properly" classname="com.github.traderjoe95.mls.protocol.message.Messages" time="0.0"/>
  <testcase name="should round-trip to the same binary value" classname="com.github.traderjoe95.mls.protocol.message.Messages" time="0.0"/>
  <testcase name="should be decoded properly" classname="com.github.traderjoe95.mls.protocol.message.Messages" time="0.0"/>
  <testcase name="should round-trip to the same binary value" classname="com.github.traderjoe95.mls.protocol.message.Messages" time="0.0"/>
  <testcase name="should be decoded properly" classname="com.github.traderjoe95.mls.protocol.message.Messages" time="0.0"/>
  <testcase name="should round-trip to the same binary value" classname="com.github.traderjoe95.mls.protocol.message.Messages" time="0.001"/>
  <testcase name="should be decoded properly" classname="com.github.traderjoe95.mls.protocol.message.Messages" time="0.0"/>
  <testcase name="should round-trip to the same binary value" classname="com.github.traderjoe95.mls.protocol.message.Messages" time="0.0"/>
  <testcase name="should be decoded properly" classname="com.github.traderjoe95.mls.protocol.message.Messages" time="0.0"/>
  <testcase name="should round-trip to the same binary value" classname="com.github.traderjoe95.mls.protocol.message.Messages" time="0.0"/>
  <testcase name="should be decoded properly" classname="com.github.traderjoe95.mls.protocol.message.Messages" time="0.0"/>
  <testcase name="should round-trip to the same binary value" classname="com.github.traderjoe95.mls.protocol.message.Messages" time="0.001"/>
  <testcase name="should be decoded properly" classname="com.github.traderjoe95.mls.protocol.message.Messages" time="0.0"/>
  <testcase name="should round-trip to the same binary value" classname="com.github.traderjoe95.mls.protocol.message.Messages" time="0.0"/>
  <testcase name="should be decoded properly" classname="com.github.traderjoe95.mls.protocol.message.Messages" time="0.0"/>
  <testcase name="should round-trip to the same binary value" classname="com.github.traderjoe95.mls.protocol.message.Messages" time="0.0"/>
  <testcase name="should be decoded properly" classname="com.github.traderjoe95.mls.protocol.message.Messages" time="0.0"/>
  <testcase name="should round-trip to the same binary value" classname="com.github.traderjoe95.mls.protocol.message.Messages" time="0.0"/>
  <testcase name="should be decoded properly" classname="com.github.traderjoe95.mls.protocol.message.Messages" time="0.0"/>
  <testcase name="should round-trip to the same binary value" classname="com.github.traderjoe95.mls.protocol.message.Messages" time="0.0"/>
  <testcase name="should be decoded properly" classname="com.github.traderjoe95.mls.protocol.message.Messages" time="0.0"/>
  <testcase name="should round-trip to the same binary value" classname="com.github.traderjoe95.mls.protocol.message.Messages" time="0.0"/>
  <testcase name="should be decoded properly" classname="com.github.traderjoe95.mls.protocol.message.Messages" time="0.0"/>
  <testcase name="should round-trip to the same binary value" classname="com.github.traderjoe95.mls.protocol.message.Messages" time="0.0"/>
  <testcase name="should be decoded properly" classname="com.github.traderjoe95.mls.protocol.message.Messages" time="0.0"/>
  <testcase name="should round-trip to the same binary value" classname="com.github.traderjoe95.mls.protocol.message.Messages" time="0.0"/>
  <testcase name="should be decoded properly" classname="com.github.traderjoe95.mls.protocol.message.Messages" time="0.0"/>
  <testcase name="should round-trip to the same binary value" classname="com.github.traderjoe95.mls.protocol.message.Messages" time="0.0"/>
  <testcase name="should be decoded properly" classname="com.github.traderjoe95.mls.protocol.message.Messages" time="0.0"/>
  <testcase name="should round-trip to the same binary value" classname="com.github.traderjoe95.mls.protocol.message.Messages" time="0.001"/>
  <testcase name="should be decoded properly" classname="com.github.traderjoe95.mls.protocol.message.Messages" time="0.0"/>
  <testcase name="should round-trip to the same binary value" classname="com.github.traderjoe95.mls.protocol.message.Messages" time="0.0"/>
  <testcase name="should be decoded properly" classname="com.github.traderjoe95.mls.protocol.message.Messages" time="0.0"/>
  <testcase name="should round-trip to the same binary value" classname="com.github.traderjoe95.mls.protocol.message.Messages" time="0.0"/>
  <testcase name="should be decoded properly" classname="com.github.traderjoe95.mls.protocol.message.Messages" time="0.0"/>
  <testcase name="should round-trip to the same binary value" classname="com.github.traderjoe95.mls.protocol.message.Messages" time="0.0"/>
  <testcase name="should be decoded properly" classname="com.github.traderjoe95.mls.protocol.message.Messages" time="0.0"/>
  <testcase name="should round-trip to the same binary value" classname="com.github.traderjoe95.mls.protocol.message.Messages" time="0.0"/>
  <testcase name="should be decoded properly" classname="com.github.traderjoe95.mls.protocol.message.Messages" time="0.0"/>
  <testcase name="should round-trip to the same binary value" classname="com.github.traderjoe95.mls.protocol.message.Messages" time="0.0"/>
  <testcase name="should be decoded properly" classname="com.github.traderjoe95.mls.protocol.message.Messages" time="0.0"/>
  <testcase name="should round-trip to the same binary value" classname="com.github.traderjoe95.mls.protocol.message.Messages" time="0.0"/>
  <testcase name="should be decoded properly" classname="com.github.traderjoe95.mls.protocol.message.Messages" time="0.0"/>
  <testcase name="should round-trip to the same binary value" classname="com.github.traderjoe95.mls.protocol.message.Messages" time="0.0"/>
  <testcase name="should be decoded properly" classname="com.github.traderjoe95.mls.protocol.message.Messages" time="0.0"/>
  <testcase name="should round-trip to the same binary value" classname="com.github.traderjoe95.mls.protocol.message.Messages" time="0.0"/>
  <testcase name="should be decoded properly" classname="com.github.traderjoe95.mls.protocol.message.Messages" time="0.0"/>
  <testcase name="should round-trip to the same binary value" classname="com.github.traderjoe95.mls.protocol.message.Messages" time="0.0"/>
  <testcase name="should be decoded properly" classname="com.github.traderjoe95.mls.protocol.message.Messages" time="0.0"/>
  <testcase name="should round-trip to the same binary value" classname="com.github.traderjoe95.mls.protocol.message.Messages" time="0.0"/>
  <testcase name="should be decoded properly" classname="com.github.traderjoe95.mls.protocol.message.Messages" time="0.0"/>
  <testcase name="should round-trip to the same binary value" classname="com.github.traderjoe95.mls.protocol.message.Messages" time="0.0"/>
  <testcase name="should be decoded properly" classname="com.github.traderjoe95.mls.protocol.message.Messages" time="0.0"/>
  <testcase name="should round-trip to the same binary value" classname="com.github.traderjoe95.mls.protocol.message.Messages" time="0.0"/>
  <testcase name="should be decoded properly" classname="com.github.traderjoe95.mls.protocol.message.Messages" time="0.0"/>
  <testcase name="should round-trip to the same binary value" classname="com.github.traderjoe95.mls.protocol.message.Messages" time="0.0"/>
  <testcase name="should be decoded properly" classname="com.github.traderjoe95.mls.protocol.message.Messages" time="0.0"/>
  <testcase name="should round-trip to the same binary value" classname="com.github.traderjoe95.mls.protocol.message.Messages" time="0.0"/>
  <testcase name="should be decoded properly" classname="com.github.traderjoe95.mls.protocol.message.Messages" time="0.001"/>
  <testcase name="should round-trip to the same binary value" classname="com.github.traderjoe95.mls.protocol.message.Messages" time="0.0"/>
  <testcase name="should be decoded properly" classname="com.github.traderjoe95.mls.protocol.message.Messages" time="0.0"/>
  <testcase name="should round-trip to the same binary value" classname="com.github.traderjoe95.mls.protocol.message.Messages" time="0.0"/>
  <testcase name="should be decoded properly" classname="com.github.traderjoe95.mls.protocol.message.Messages" time="0.0"/>
  <testcase name="should round-trip to the same binary value" classname="com.github.traderjoe95.mls.protocol.message.Messages" time="0.0"/>
  <testcase name="should be decoded properly" classname="com.github.traderjoe95.mls.protocol.message.Messages" time="0.0"/>
  <testcase name="should round-trip to the same binary value" classname="com.github.traderjoe95.mls.protocol.message.Messages" time="0.001"/>
  <testcase name="should be decoded properly" classname="com.github.traderjoe95.mls.protocol.message.Messages" time="0.001"/>
  <testcase name="should round-trip to the same binary value" classname="com.github.traderjoe95.mls.protocol.message.Messages" time="0.0"/>
  <testcase name="should be decoded properly" classname="com.github.traderjoe95.mls.protocol.message.Messages" time="0.0"/>
  <testcase name="should round-trip to the same binary value" classname="com.github.traderjoe95.mls.protocol.message.Messages" time="0.0"/>
  <testcase name="should be decoded properly" classname="com.github.traderjoe95.mls.protocol.message.Messages" time="0.0"/>
  <testcase name="should round-trip to the same binary value" classname="com.github.traderjoe95.mls.protocol.message.Messages" time="0.001"/>
  <testcase name="should be decoded properly" classname="com.github.traderjoe95.mls.protocol.message.Messages" time="0.0"/>
  <testcase name="should round-trip to the same binary value" classname="com.github.traderjoe95.mls.protocol.message.Messages" time="0.0"/>
  <testcase name="should be decoded properly" classname="com.github.traderjoe95.mls.protocol.message.Messages" time="0.0"/>
  <testcase name="should round-trip to the same binary value" classname="com.github.traderjoe95.mls.protocol.message.Messages" time="0.001"/>
  <testcase name="should be decoded properly" classname="com.github.traderjoe95.mls.protocol.message.Messages" time="0.0"/>
  <testcase name="should round-trip to the same binary value" classname="com.github.traderjoe95.mls.protocol.message.Messages" time="0.0"/>
  <testcase name="should be decoded properly" classname="com.github.traderjoe95.mls.protocol.message.Messages" time="0.0"/>
  <testcase name="should round-trip to the same binary value" classname="com.github.traderjoe95.mls.protocol.message.Messages" time="0.0"/>
  <testcase name="should be decoded properly" classname="com.github.traderjoe95.mls.protocol.message.Messages" time="0.0"/>
  <testcase name="should round-trip to the same binary value" classname="com.github.traderjoe95.mls.protocol.message.Messages" time="0.0"/>
  <testcase name="should be decoded properly" classname="com.github.traderjoe95.mls.protocol.message.Messages" time="0.001"/>
  <testcase name="should round-trip to the same binary value" classname="com.github.traderjoe95.mls.protocol.message.Messages" time="0.0"/>
  <testcase name="should be decoded properly" classname="com.github.traderjoe95.mls.protocol.message.Messages" time="0.001"/>
  <testcase name="should round-trip to the same binary value" classname="com.github.traderjoe95.mls.protocol.message.Messages" time="0.0"/>
  <testcase name="should be decoded properly" classname="com.github.traderjoe95.mls.protocol.message.Messages" time="0.001"/>
  <testcase name="should round-trip to the same binary value" classname="com.github.traderjoe95.mls.protocol.message.Messages" time="0.0"/>
  <testcase name="should be decoded properly" classname="com.github.traderjoe95.mls.protocol.message.Messages" time="0.0"/>
  <testcase name="should round-trip to the same binary value" classname="com.github.traderjoe95.mls.protocol.message.Messages" time="0.0"/>
  <testcase name="should be decoded properly" classname="com.github.traderjoe95.mls.protocol.message.Messages" time="0.0"/>
  <testcase name="should round-trip to the same binary value" classname="com.github.traderjoe95.mls.protocol.message.Messages" time="0.0"/>
  <testcase name="should be decoded properly" classname="com.github.traderjoe95.mls.protocol.message.Messages" time="0.0"/>
  <testcase name="should round-trip to the same binary value" classname="com.github.traderjoe95.mls.protocol.message.Messages" time="0.0"/>
  <testcase name="should be decoded properly" classname="com.github.traderjoe95.mls.protocol.message.Messages" time="0.0"/>
  <testcase name="should round-trip to the same binary value" classname="com.github.traderjoe95.mls.protocol.message.Messages" time="0.0"/>
  <testcase name="should be decoded properly" classname="com.github.traderjoe95.mls.protocol.message.Messages" time="0.001"/>
  <testcase name="should round-trip to the same binary value" classname="com.github.traderjoe95.mls.protocol.message.Messages" time="0.0"/>
  <testcase name="should be decoded properly" classname="com.github.traderjoe95.mls.protocol.message.Messages" time="0.001"/>
  <testcase name="should round-trip to the same binary value" classname="com.github.traderjoe95.mls.protocol.message.Messages" time="0.0"/>
  <testcase name="should be decoded properly" classname="com.github.traderjoe95.mls.protocol.message.Messages" time="0.0"/>
  <testcase name="should round-trip to the same binary value" classname="com.github.traderjoe95.mls.protocol.message.Messages" time="0.0"/>
  <testcase name="should be decoded properly" classname="com.github.traderjoe95.mls.protocol.message.Messages" time="0.0"/>
  <testcase name="should round-trip to the same binary value" classname="com.github.traderjoe95.mls.protocol.message.Messages" time="0.0"/>
  <testcase name="should be decoded properly" classname="com.github.traderjoe95.mls.protocol.message.Messages" time="0.001"/>
  <testcase name="should round-trip to the same binary value" classname="com.github.traderjoe95.mls.protocol.message.Messages" time="0.0"/>
  <testcase name="should be decoded properly" classname="com.github.traderjoe95.mls.protocol.message.Messages" time="0.0"/>
  <testcase name="should round-trip to the same binary value" classname="com.github.traderjoe95.mls.protocol.message.Messages" time="0.0"/>
  <testcase name="should be decoded properly" classname="com.github.traderjoe95.mls.protocol.message.Messages" time="0.0"/>
  <testcase name="should round-trip to the same binary value" classname="com.github.traderjoe95.mls.protocol.message.Messages" time="0.0"/>
  <testcase name="should be decoded properly" classname="com.github.traderjoe95.mls.protocol.message.Messages" time="0.0"/>
  <testcase name="should round-trip to the same binary value" classname="com.github.traderjoe95.mls.protocol.message.Messages" time="0.0"/>
  <testcase name="should be decoded properly" classname="com.github.traderjoe95.mls.protocol.message.Messages" time="0.0"/>
  <testcase name="should round-trip to the same binary value" classname="com.github.traderjoe95.mls.protocol.message.Messages" time="0.0"/>
  <testcase name="should be decoded properly" classname="com.github.traderjoe95.mls.protocol.message.Messages" time="0.0"/>
  <testcase name="should round-trip to the same binary value" classname="com.github.traderjoe95.mls.protocol.message.Messages" time="0.0"/>
  <testcase name="should be decoded properly" classname="com.github.traderjoe95.mls.protocol.message.Messages" time="0.0"/>
  <testcase name="should round-trip to the same binary value" classname="com.github.traderjoe95.mls.protocol.message.Messages" time="0.0"/>
  <testcase name="should be decoded properly" classname="com.github.traderjoe95.mls.protocol.message.Messages" time="0.001"/>
  <testcase name="should round-trip to the same binary value" classname="com.github.traderjoe95.mls.protocol.message.Messages" time="0.0"/>
  <testcase name="should be decoded properly" classname="com.github.traderjoe95.mls.protocol.message.Messages" time="0.0"/>
  <testcase name="should round-trip to the same binary value" classname="com.github.traderjoe95.mls.protocol.message.Messages" time="0.0"/>
  <testcase name="should be decoded properly" classname="com.github.traderjoe95.mls.protocol.message.Messages" time="0.0"/>
  <testcase name="should round-trip to the same binary value" classname="com.github.traderjoe95.mls.protocol.message.Messages" time="0.001"/>
  <testcase name="should be decoded properly" classname="com.github.traderjoe95.mls.protocol.message.Messages" time="0.0"/>
  <testcase name="should round-trip to the same binary value" classname="com.github.traderjoe95.mls.protocol.message.Messages" time="0.0"/>
  <testcase name="should be decoded properly" classname="com.github.traderjoe95.mls.protocol.message.Messages" time="0.0"/>
  <testcase name="should round-trip to the same binary value" classname="com.github.traderjoe95.mls.protocol.message.Messages" time="0.0"/>
  <testcase name="should be decoded properly" classname="com.github.traderjoe95.mls.protocol.message.Messages" time="0.0"/>
  <testcase name="should round-trip to the same binary value" classname="com.github.traderjoe95.mls.protocol.message.Messages" time="0.0"/>
  <testcase name="should be decoded properly" classname="com.github.traderjoe95.mls.protocol.message.Messages" time="0.0"/>
  <testcase name="should round-trip to the same binary value" classname="com.github.traderjoe95.mls.protocol.message.Messages" time="0.0"/>
  <testcase name="should be decoded properly" classname="com.github.traderjoe95.mls.protocol.message.Messages" time="0.0"/>
  <testcase name="should round-trip to the same binary value" classname="com.github.traderjoe95.mls.protocol.message.Messages" time="0.0"/>
  <testcase name="should be decoded properly" classname="com.github.traderjoe95.mls.protocol.message.Messages" time="0.0"/>
  <testcase name="should round-trip to the same binary value" classname="com.github.traderjoe95.mls.protocol.message.Messages" time="0.0"/>
  <testcase name="should be decoded properly" classname="com.github.traderjoe95.mls.protocol.message.Messages" time="0.0"/>
  <testcase name="should round-trip to the same binary value" classname="com.github.traderjoe95.mls.protocol.message.Messages" time="0.0"/>
  <testcase name="should be decoded properly" classname="com.github.traderjoe95.mls.protocol.message.Messages" time="0.0"/>
  <testcase name="should round-trip to the same binary value" classname="com.github.traderjoe95.mls.protocol.message.Messages" time="0.0"/>
  <testcase name="should be decoded properly" classname="com.github.traderjoe95.mls.protocol.message.Messages" time="0.0"/>
  <testcase name="should round-trip to the same binary value" classname="com.github.traderjoe95.mls.protocol.message.Messages" time="0.0"/>
  <testcase name="should be decoded properly" classname="com.github.traderjoe95.mls.protocol.message.Messages" time="0.0"/>
  <testcase name="should round-trip to the same binary value" classname="com.github.traderjoe95.mls.protocol.message.Messages" time="0.0"/>
  <testcase name="should be decoded properly" classname="com.github.traderjoe95.mls.protocol.message.Messages" time="0.0"/>
  <testcase name="should round-trip to the same binary value" classname="com.github.traderjoe95.mls.protocol.message.Messages" time="0.001"/>
  <testcase name="should be decoded properly" classname="com.github.traderjoe95.mls.protocol.message.Messages" time="0.0"/>
  <testcase name="should round-trip to the same binary value" classname="com.github.traderjoe95.mls.protocol.message.Messages" time="0.001"/>
  <testcase name="should be decoded properly" classname="com.github.traderjoe95.mls.protocol.message.Messages" time="0.0"/>
  <testcase name="should round-trip to the same binary value" classname="com.github.traderjoe95.mls.protocol.message.Messages" time="0.0"/>
  <testcase name="should be decoded properly" classname="com.github.traderjoe95.mls.protocol.message.Messages" time="0.001"/>
  <testcase name="should round-trip to the same binary value" classname="com.github.traderjoe95.mls.protocol.message.Messages" time="0.0"/>
  <testcase name="should be decoded properly" classname="com.github.traderjoe95.mls.protocol.message.Messages" time="0.0"/>
  <testcase name="should round-trip to the same binary value" classname="com.github.traderjoe95.mls.protocol.message.Messages" time="0.001"/>
  <testcase name="should be decoded properly" classname="com.github.traderjoe95.mls.protocol.message.Messages" time="0.0"/>
  <testcase name="should round-trip to the same binary value" classname="com.github.traderjoe95.mls.protocol.message.Messages" time="0.001"/>
  <testcase name="should be decoded properly" classname="com.github.traderjoe95.mls.protocol.message.Messages" time="0.0"/>
  <testcase name="should round-trip to the same binary value" classname="com.github.traderjoe95.mls.protocol.message.Messages" time="0.001"/>
  <testcase name="should be decoded properly" classname="com.github.traderjoe95.mls.protocol.message.Messages" time="0.001"/>
  <testcase name="should round-trip to the same binary value" classname="com.github.traderjoe95.mls.protocol.message.Messages" time="0.0"/>
  <testcase name="should be decoded properly" classname="com.github.traderjoe95.mls.protocol.message.Messages" time="0.0"/>
  <testcase name="should round-trip to the same binary value" classname="com.github.traderjoe95.mls.protocol.message.Messages" time="0.0"/>
  <testcase name="should be decoded properly" classname="com.github.traderjoe95.mls.protocol.message.Messages" time="0.0"/>
  <testcase name="should round-trip to the same binary value" classname="com.github.traderjoe95.mls.protocol.message.Messages" time="0.0"/>
  <testcase name="should be decoded properly" classname="com.github.traderjoe95.mls.protocol.message.Messages" time="0.0"/>
  <testcase name="should round-trip to the same binary value" classname="com.github.traderjoe95.mls.protocol.message.Messages" time="0.0"/>
  <testcase name="should be decoded properly" classname="com.github.traderjoe95.mls.protocol.message.Messages" time="0.0"/>
  <testcase name="should round-trip to the same binary value" classname="com.github.traderjoe95.mls.protocol.message.Messages" time="0.0"/>
  <testcase name="should be decoded properly" classname="com.github.traderjoe95.mls.protocol.message.Messages" time="0.0"/>
  <testcase name="should round-trip to the same binary value" classname="com.github.traderjoe95.mls.protocol.message.Messages" time="0.0"/>
  <testcase name="should be decoded properly" classname="com.github.traderjoe95.mls.protocol.message.Messages" time="0.0"/>
  <testcase name="should round-trip to the same binary value" classname="com.github.traderjoe95.mls.protocol.message.Messages" time="0.001"/>
  <testcase name="should be decoded properly" classname="com.github.traderjoe95.mls.protocol.message.Messages" time="0.001"/>
  <testcase name="should round-trip to the same binary value" classname="com.github.traderjoe95.mls.protocol.message.Messages" time="0.0"/>
  <testcase name="should be decoded properly" classname="com.github.traderjoe95.mls.protocol.message.Messages" time="0.0"/>
  <testcase name="should round-trip to the same binary value" classname="com.github.traderjoe95.mls.protocol.message.Messages" time="0.0"/>
  <testcase name="should be decoded properly" classname="com.github.traderjoe95.mls.protocol.message.Messages" time="0.0"/>
  <testcase name="should round-trip to the same binary value" classname="com.github.traderjoe95.mls.protocol.message.Messages" time="0.0"/>
  <testcase name="should be decoded properly" classname="com.github.traderjoe95.mls.protocol.message.Messages" time="0.001"/>
  <testcase name="should round-trip to the same binary value" classname="com.github.traderjoe95.mls.protocol.message.Messages" time="0.0"/>
  <testcase name="should be decoded properly" classname="com.github.traderjoe95.mls.protocol.message.Messages" time="0.001"/>
  <testcase name="should round-trip to the same binary value" classname="com.github.traderjoe95.mls.protocol.message.Messages" time="0.0"/>
  <testcase name="should be decoded properly" classname="com.github.traderjoe95.mls.protocol.message.Messages" time="0.0"/>
  <testcase name="should round-trip to the same binary value" classname="com.github.traderjoe95.mls.protocol.message.Messages" time="0.0"/>
  <testcase name="should be decoded properly" classname="com.github.traderjoe95.mls.protocol.message.Messages" time="0.0"/>
  <testcase name="should round-trip to the same binary value" classname="com.github.traderjoe95.mls.protocol.message.Messages" time="0.0"/>
  <testcase name="should be decoded properly" classname="com.github.traderjoe95.mls.protocol.message.Messages" time="0.001"/>
  <testcase name="should round-trip to the same binary value" classname="com.github.traderjoe95.mls.protocol.message.Messages" time="0.0"/>
  <testcase name="should be decoded properly" classname="com.github.traderjoe95.mls.protocol.message.Messages" time="0.0"/>
  <testcase name="should round-trip to the same binary value" classname="com.github.traderjoe95.mls.protocol.message.Messages" time="0.0"/>
  <testcase name="should be decoded properly" classname="com.github.traderjoe95.mls.protocol.message.Messages" time="0.0"/>
  <testcase name="should round-trip to the same binary value" classname="com.github.traderjoe95.mls.protocol.message.Messages" time="0.001"/>
  <testcase name="should be decoded properly" classname="com.github.traderjoe95.mls.protocol.message.Messages" time="0.0"/>
  <testcase name="should round-trip to the same binary value" classname="com.github.traderjoe95.mls.protocol.message.Messages" time="0.0"/>
  <testcase name="should be decoded properly" classname="com.github.traderjoe95.mls.protocol.message.Messages" time="0.0"/>
  <testcase name="should round-trip to the same binary value" classname="com.github.traderjoe95.mls.protocol.message.Messages" time="0.0"/>
  <testcase name="should be decoded properly" classname="com.github.traderjoe95.mls.protocol.message.Messages" time="0.0"/>
  <testcase name="should round-trip to the same binary value" classname="com.github.traderjoe95.mls.protocol.message.Messages" time="0.0"/>
  <testcase name="should be decoded properly" classname="com.github.traderjoe95.mls.protocol.message.Messages" time="0.001"/>
  <testcase name="should round-trip to the same binary value" classname="com.github.traderjoe95.mls.protocol.message.Messages" time="0.0"/>
  <testcase name="should be decoded properly" classname="com.github.traderjoe95.mls.protocol.message.Messages" time="0.0"/>
  <testcase name="should round-trip to the same binary value" classname="com.github.traderjoe95.mls.protocol.message.Messages" time="0.0"/>
  <testcase name="should be decoded properly" classname="com.github.traderjoe95.mls.protocol.message.Messages" time="0.0"/>
  <testcase name="should round-trip to the same binary value" classname="com.github.traderjoe95.mls.protocol.message.Messages" time="0.0"/>
  <testcase name="should be decoded properly" classname="com.github.traderjoe95.mls.protocol.message.Messages" time="0.0"/>
  <testcase name="should round-trip to the same binary value" classname="com.github.traderjoe95.mls.protocol.message.Messages" time="0.0"/>
  <testcase name="should be decoded properly" classname="com.github.traderjoe95.mls.protocol.message.Messages" time="0.0"/>
  <testcase name="should round-trip to the same binary value" classname="com.github.traderjoe95.mls.protocol.message.Messages" time="0.0"/>
  <testcase name="should be decoded properly" classname="com.github.traderjoe95.mls.protocol.message.Messages" time="0.0"/>
  <testcase name="should round-trip to the same binary value" classname="com.github.traderjoe95.mls.protocol.message.Messages" time="0.0"/>
  <testcase name="should be decoded properly" classname="com.github.traderjoe95.mls.protocol.message.Messages" time="0.001"/>
  <testcase name="should round-trip to the same binary value" classname="com.github.traderjoe95.mls.protocol.message.Messages" time="0.0"/>
  <testcase name="should be decoded properly" classname="com.github.traderjoe95.mls.protocol.message.Messages" time="0.0"/>
  <testcase name="should round-trip to the same binary value" classname="com.github.traderjoe95.mls.protocol.message.Messages" time="0.0"/>
  <testcase name="should be decoded properly" classname="com.github.traderjoe95.mls.protocol.message.Messages" time="0.0"/>
  <testcase name="should round-trip to the same binary value" classname="com.github.traderjoe95.mls.protocol.message.Messages" time="0.0"/>
  <testcase name="should be decoded properly" classname="com.github.traderjoe95.mls.protocol.message.Messages" time="0.0"/>
  <testcase name="should round-trip to the same binary value" classname="com.github.traderjoe95.mls.protocol.message.Messages" time="0.0"/>
  <testcase name="should be decoded properly" classname="com.github.traderjoe95.mls.protocol.message.Messages" time="0.0"/>
  <testcase name="should round-trip to the same binary value" classname="com.github.traderjoe95.mls.protocol.message.Messages" time="0.0"/>
  <testcase name="should be decoded properly" classname="com.github.traderjoe95.mls.protocol.message.Messages" time="0.001"/>
  <testcase name="should round-trip to the same binary value" classname="com.github.traderjoe95.mls.protocol.message.Messages" time="0.0"/>
  <testcase name="should be decoded properly" classname="com.github.traderjoe95.mls.protocol.message.Messages" time="0.0"/>
  <testcase name="should round-trip to the same binary value" classname="com.github.traderjoe95.mls.protocol.message.Messages" time="0.001"/>
  <testcase name="should be decoded properly" classname="com.github.traderjoe95.mls.protocol.message.Messages" time="0.001"/>
  <testcase name="should round-trip to the same binary value" classname="com.github.traderjoe95.mls.protocol.message.Messages" time="0.0"/>
  <testcase name="should be decoded properly" classname="com.github.traderjoe95.mls.protocol.message.Messages" time="0.0"/>
  <testcase name="should round-trip to the same binary value" classname="com.github.traderjoe95.mls.protocol.message.Messages" time="0.0"/>
  <testcase name="should be decoded properly" classname="com.github.traderjoe95.mls.protocol.message.Messages" time="0.0"/>
  <testcase name="should round-trip to the same binary value" classname="com.github.traderjoe95.mls.protocol.message.Messages" time="0.0"/>
  <testcase name="should be decoded properly" classname="com.github.traderjoe95.mls.protocol.message.Messages" time="0.0"/>
  <testcase name="should round-trip to the same binary value" classname="com.github.traderjoe95.mls.protocol.message.Messages" time="0.0"/>
  <testcase name="should be decoded properly" classname="com.github.traderjoe95.mls.protocol.message.Messages" time="0.0"/>
  <testcase name="should round-trip to the same binary value" classname="com.github.traderjoe95.mls.protocol.message.Messages" time="0.0"/>
  <testcase name="should be decoded properly" classname="com.github.traderjoe95.mls.protocol.message.Messages" time="0.0"/>
  <testcase name="should round-trip to the same binary value" classname="com.github.traderjoe95.mls.protocol.message.Messages" time="0.0"/>
  <testcase name="should be decoded properly" classname="com.github.traderjoe95.mls.protocol.message.Messages" time="0.0"/>
  <testcase name="should round-trip to the same binary value" classname="com.github.traderjoe95.mls.protocol.message.Messages" time="0.0"/>
  <testcase name="should be decoded properly" classname="com.github.traderjoe95.mls.protocol.message.Messages" time="0.0"/>
  <testcase name="should round-trip to the same binary value" classname="com.github.traderjoe95.mls.protocol.message.Messages" time="0.0"/>
  <testcase name="should be decoded properly" classname="com.github.traderjoe95.mls.protocol.message.Messages" time="0.0"/>
  <testcase name="should round-trip to the same binary value" classname="com.github.traderjoe95.mls.protocol.message.Messages" time="0.0"/>
  <testcase name="should be decoded properly" classname="com.github.traderjoe95.mls.protocol.message.Messages" time="0.0"/>
  <testcase name="should round-trip to the same binary value" classname="com.github.traderjoe95.mls.protocol.message.Messages" time="0.001"/>
  <testcase name="should be decoded properly" classname="com.github.traderjoe95.mls.protocol.message.Messages" time="0.0"/>
  <testcase name="should round-trip to the same binary value" classname="com.github.traderjoe95.mls.protocol.message.Messages" time="0.0"/>
  <testcase name="should be decoded properly" classname="com.github.traderjoe95.mls.protocol.message.Messages" time="0.0"/>
  <testcase name="should round-trip to the same binary value" classname="com.github.traderjoe95.mls.protocol.message.Messages" time="0.0"/>
  <testcase name="should be decoded properly" classname="com.github.traderjoe95.mls.protocol.message.Messages" time="0.0"/>
  <testcase name="should round-trip to the same binary value" classname="com.github.traderjoe95.mls.protocol.message.Messages" time="0.0"/>
  <testcase name="should be decoded properly" classname="com.github.traderjoe95.mls.protocol.message.Messages" time="0.0"/>
  <testcase name="should round-trip to the same binary value" classname="com.github.traderjoe95.mls.protocol.message.Messages" time="0.0"/>
  <testcase name="should be decoded properly" classname="com.github.traderjoe95.mls.protocol.message.Messages" time="0.0"/>
  <testcase name="should round-trip to the same binary value" classname="com.github.traderjoe95.mls.protocol.message.Messages" time="0.0"/>
  <testcase name="should be decoded properly" classname="com.github.traderjoe95.mls.protocol.message.Messages" time="0.001"/>
  <testcase name="should round-trip to the same binary value" classname="com.github.traderjoe95.mls.protocol.message.Messages" time="0.0"/>
  <testcase name="should be decoded properly" classname="com.github.traderjoe95.mls.protocol.message.Messages" time="0.0"/>
  <testcase name="should round-trip to the same binary value" classname="com.github.traderjoe95.mls.protocol.message.Messages" time="0.0"/>
  <testcase name="should be decoded properly" classname="com.github.traderjoe95.mls.protocol.message.Messages" time="0.0"/>
  <testcase name="should round-trip to the same binary value" classname="com.github.traderjoe95.mls.protocol.message.Messages" time="0.001"/>
  <testcase name="should be decoded properly" classname="com.github.traderjoe95.mls.protocol.message.Messages" time="0.0"/>
  <testcase name="should round-trip to the same binary value" classname="com.github.traderjoe95.mls.protocol.message.Messages" time="0.0"/>
  <testcase name="should be decoded properly" classname="com.github.traderjoe95.mls.protocol.message.Messages" time="0.0"/>
  <testcase name="should round-trip to the same binary value" classname="com.github.traderjoe95.mls.protocol.message.Messages" time="0.0"/>
  <testcase name="should be decoded properly" classname="com.github.traderjoe95.mls.protocol.message.Messages" time="0.0"/>
  <testcase name="should round-trip to the same binary value" classname="com.github.traderjoe95.mls.protocol.message.Messages" time="0.0"/>
  <testcase name="should be decoded properly" classname="com.github.traderjoe95.mls.protocol.message.Messages" time="0.0"/>
  <testcase name="should round-trip to the same binary value" classname="com.github.traderjoe95.mls.protocol.message.Messages" time="0.0"/>
  <testcase name="should be decoded properly" classname="com.github.traderjoe95.mls.protocol.message.Messages" time="0.0"/>
  <testcase name="should round-trip to the same binary value" classname="com.github.traderjoe95.mls.protocol.message.Messages" time="0.0"/>
  <testcase name="should be decoded properly" classname="com.github.traderjoe95.mls.protocol.message.Messages" time="0.0"/>
  <testcase name="should round-trip to the same binary value" classname="com.github.traderjoe95.mls.protocol.message.Messages" time="0.0"/>
  <testcase name="should be decoded properly" classname="com.github.traderjoe95.mls.protocol.message.Messages" time="0.0"/>
  <testcase name="should round-trip to the same binary value" classname="com.github.traderjoe95.mls.protocol.message.Messages" time="0.0"/>
  <testcase name="should be decoded properly" classname="com.github.traderjoe95.mls.protocol.message.Messages" time="0.0"/>
  <testcase name="should round-trip to the same binary value" classname="com.github.traderjoe95.mls.protocol.message.Messages" time="0.0"/>
  <testcase name="should be decoded properly" classname="com.github.traderjoe95.mls.protocol.message.Messages" time="0.0"/>
  <testcase name="should round-trip to the same binary value" classname="com.github.traderjoe95.mls.protocol.message.Messages" time="0.0"/>
  <testcase name="should be decoded properly" classname="com.github.traderjoe95.mls.protocol.message.Messages" time="0.0"/>
  <testcase name="should round-trip to the same binary value" classname="com.github.traderjoe95.mls.protocol.message.Messages" time="0.0"/>
  <testcase name="should be decoded properly" classname="com.github.traderjoe95.mls.protocol.message.Messages" time="0.001"/>
  <testcase name="should round-trip to the same binary value" classname="com.github.traderjoe95.mls.protocol.message.Messages" time="0.001"/>
  <testcase name="should be decoded properly" classname="com.github.traderjoe95.mls.protocol.message.Messages" time="0.0"/>
  <testcase name="should round-trip to the same binary value" classname="com.github.traderjoe95.mls.protocol.message.Messages" time="0.001"/>
  <testcase name="should be decoded properly" classname="com.github.traderjoe95.mls.protocol.message.Messages" time="0.0"/>
  <testcase name="should round-trip to the same binary value" classname="com.github.traderjoe95.mls.protocol.message.Messages" time="0.001"/>
  <testcase name="should be decoded properly" classname="com.github.traderjoe95.mls.protocol.message.Messages" time="0.0"/>
  <testcase name="should round-trip to the same binary value" classname="com.github.traderjoe95.mls.protocol.message.Messages" time="0.001"/>
  <testcase name="should be decoded properly" classname="com.github.traderjoe95.mls.protocol.message.Messages" time="0.0"/>
  <testcase name="should round-trip to the same binary value" classname="com.github.traderjoe95.mls.protocol.message.Messages" time="0.001"/>
  <testcase name="should be decoded properly" classname="com.github.traderjoe95.mls.protocol.message.Messages" time="0.0"/>
  <testcase name="should round-trip to the same binary value" classname="com.github.traderjoe95.mls.protocol.message.Messages" time="0.0"/>
  <testcase name="should be decoded properly" classname="com.github.traderjoe95.mls.protocol.message.Messages" time="0.001"/>
  <testcase name="should round-trip to the same binary value" classname="com.github.traderjoe95.mls.protocol.message.Messages" time="0.0"/>
  <testcase name="should be decoded properly" classname="com.github.traderjoe95.mls.protocol.message.Messages" time="0.0"/>
  <testcase name="should round-trip to the same binary value" classname="com.github.traderjoe95.mls.protocol.message.Messages" time="0.0"/>
  <testcase name="should be decoded properly" classname="com.github.traderjoe95.mls.protocol.message.Messages" time="0.0"/>
  <testcase name="should round-trip to the same binary value" classname="com.github.traderjoe95.mls.protocol.message.Messages" time="0.0"/>
  <testcase name="should be decoded properly" classname="com.github.traderjoe95.mls.protocol.message.Messages" time="0.0"/>
  <testcase name="should round-trip to the same binary value" classname="com.github.traderjoe95.mls.protocol.message.Messages" time="0.0"/>
  <testcase name="should be decoded properly" classname="com.github.traderjoe95.mls.protocol.message.Messages" time="0.0"/>
  <testcase name="should round-trip to the same binary value" classname="com.github.traderjoe95.mls.protocol.message.Messages" time="0.0"/>
  <testcase name="should be decoded properly" classname="com.github.traderjoe95.mls.protocol.message.Messages" time="0.0"/>
  <testcase name="should round-trip to the same binary value" classname="com.github.traderjoe95.mls.protocol.message.Messages" time="0.0"/>
  <testcase name="should be decoded properly" classname="com.github.traderjoe95.mls.protocol.message.Messages" time="0.0"/>
  <testcase name="should round-trip to the same binary value" classname="com.github.traderjoe95.mls.protocol.message.Messages" time="0.001"/>
  <testcase name="should be decoded properly" classname="com.github.traderjoe95.mls.protocol.message.Messages" time="0.0"/>
  <testcase name="should round-trip to the same binary value" classname="com.github.traderjoe95.mls.protocol.message.Messages" time="0.0"/>
  <testcase name="should be decoded properly" classname="com.github.traderjoe95.mls.protocol.message.Messages" time="0.0"/>
  <testcase name="should round-trip to the same binary value" classname="com.github.traderjoe95.mls.protocol.message.Messages" time="0.0"/>
  <testcase name="should be decoded properly" classname="com.github.traderjoe95.mls.protocol.message.Messages" time="0.0"/>
  <testcase name="should round-trip to the same binary value" classname="com.github.traderjoe95.mls.protocol.message.Messages" time="0.0"/>
  <testcase name="should be decoded properly" classname="com.github.traderjoe95.mls.protocol.message.Messages" time="0.0"/>
  <testcase name="should round-trip to the same binary value" classname="com.github.traderjoe95.mls.protocol.message.Messages" time="0.001"/>
  <testcase name="should be decoded properly" classname="com.github.traderjoe95.mls.protocol.message.Messages" time="0.0"/>
  <testcase name="should round-trip to the same binary value" classname="com.github.traderjoe95.mls.protocol.message.Messages" time="0.0"/>
  <testcase name="should be decoded properly" classname="com.github.traderjoe95.mls.protocol.message.Messages" time="0.0"/>
  <testcase name="should round-trip to the same binary value" classname="com.github.traderjoe95.mls.protocol.message.Messages" time="0.0"/>
  <testcase name="should be decoded properly" classname="com.github.traderjoe95.mls.protocol.message.Messages" time="0.001"/>
  <testcase name="should round-trip to the same binary value" classname="com.github.traderjoe95.mls.protocol.message.Messages" time="0.0"/>
  <testcase name="should be decoded properly" classname="com.github.traderjoe95.mls.protocol.message.Messages" time="0.0"/>
  <testcase name="should round-trip to the same binary value" classname="com.github.traderjoe95.mls.protocol.message.Messages" time="0.001"/>
  <testcase name="should be decoded properly" classname="com.github.traderjoe95.mls.protocol.message.Messages" time="0.0"/>
  <testcase name="should round-trip to the same binary value" classname="com.github.traderjoe95.mls.protocol.message.Messages" time="0.0"/>
  <testcase name="should be decoded properly" classname="com.github.traderjoe95.mls.protocol.message.Messages" time="0.0"/>
  <testcase name="should round-trip to the same binary value" classname="com.github.traderjoe95.mls.protocol.message.Messages" time="0.0"/>
  <testcase name="should be decoded properly" classname="com.github.traderjoe95.mls.protocol.message.Messages" time="0.001"/>
  <testcase name="should round-trip to the same binary value" classname="com.github.traderjoe95.mls.protocol.message.Messages" time="0.0"/>
  <testcase name="should be decoded properly" classname="com.github.traderjoe95.mls.protocol.message.Messages" time="0.0"/>
  <testcase name="should round-trip to the same binary value" classname="com.github.traderjoe95.mls.protocol.message.Messages" time="0.0"/>
  <testcase name="should be decoded properly" classname="com.github.traderjoe95.mls.protocol.message.Messages" time="0.0"/>
  <testcase name="should round-trip to the same binary value" classname="com.github.traderjoe95.mls.protocol.message.Messages" time="0.001"/>
  <testcase name="should be decoded properly" classname="com.github.traderjoe95.mls.protocol.message.Messages" time="0.0"/>
  <testcase name="should round-trip to the same binary value" classname="com.github.traderjoe95.mls.protocol.message.Messages" time="0.0"/>
  <testcase name="should be decoded properly" classname="com.github.traderjoe95.mls.protocol.message.Messages" time="0.0"/>
  <testcase name="should round-trip to the same binary value" classname="com.github.traderjoe95.mls.protocol.message.Messages" time="0.001"/>
  <testcase name="should be decoded properly" classname="com.github.traderjoe95.mls.protocol.message.Messages" time="0.0"/>
  <testcase name="should round-trip to the same binary value" classname="com.github.traderjoe95.mls.protocol.message.Messages" time="0.001"/>
  <testcase name="should be decoded properly" classname="com.github.traderjoe95.mls.protocol.message.Messages" time="0.0"/>
  <testcase name="should round-trip to the same binary value" classname="com.github.traderjoe95.mls.protocol.message.Messages" time="0.0"/>
  <testcase name="should be decoded properly" classname="com.github.traderjoe95.mls.protocol.message.Messages" time="0.0"/>
  <testcase name="should round-trip to the same binary value" classname="com.github.traderjoe95.mls.protocol.message.Messages" time="0.0"/>
  <testcase name="should be decoded properly" classname="com.github.traderjoe95.mls.protocol.message.Messages" time="0.0"/>
  <testcase name="should round-trip to the same binary value" classname="com.github.traderjoe95.mls.protocol.message.Messages" time="0.0"/>
  <testcase name="should be decoded properly" classname="com.github.traderjoe95.mls.protocol.message.Messages" time="0.0"/>
  <testcase name="should round-trip to the same binary value" classname="com.github.traderjoe95.mls.protocol.message.Messages" time="0.0"/>
  <testcase name="should be decoded properly" classname="com.github.traderjoe95.mls.protocol.message.Messages" time="0.0"/>
  <testcase name="should round-trip to the same binary value" classname="com.github.traderjoe95.mls.protocol.message.Messages" time="0.0"/>
  <testcase name="should be decoded properly" classname="com.github.traderjoe95.mls.protocol.message.Messages" time="0.001"/>
  <testcase name="should round-trip to the same binary value" classname="com.github.traderjoe95.mls.protocol.message.Messages" time="0.0"/>
  <testcase name="should be decoded properly" classname="com.github.traderjoe95.mls.protocol.message.Messages" time="0.0"/>
  <testcase name="should round-trip to the same binary value" classname="com.github.traderjoe95.mls.protocol.message.Messages" time="0.0"/>
  <testcase name="should be decoded properly" classname="com.github.traderjoe95.mls.protocol.message.Messages" time="0.0"/>
  <testcase name="should round-trip to the same binary value" classname="com.github.traderjoe95.mls.protocol.message.Messages" time="0.0"/>
  <testcase name="should be decoded properly" classname="com.github.traderjoe95.mls.protocol.message.Messages" time="0.0"/>
  <testcase name="should round-trip to the same binary value" classname="com.github.traderjoe95.mls.protocol.message.Messages" time="0.0"/>
  <testcase name="should be decoded properly" classname="com.github.traderjoe95.mls.protocol.message.Messages" time="0.0"/>
  <testcase name="should round-trip to the same binary value" classname="com.github.traderjoe95.mls.protocol.message.Messages" time="0.001"/>
  <testcase name="should be decoded properly" classname="com.github.traderjoe95.mls.protocol.message.Messages" time="0.0"/>
  <testcase name="should round-trip to the same binary value" classname="com.github.traderjoe95.mls.protocol.message.Messages" time="0.0"/>
  <testcase name="should be decoded properly" classname="com.github.traderjoe95.mls.protocol.message.Messages" time="0.0"/>
  <testcase name="should round-trip to the same binary value" classname="com.github.traderjoe95.mls.protocol.message.Messages" time="0.0"/>
  <testcase name="should be decoded properly" classname="com.github.traderjoe95.mls.protocol.message.Messages" time="0.0"/>
  <testcase name="should round-trip to the same binary value" classname="com.github.traderjoe95.mls.protocol.message.Messages" time="0.0"/>
  <testcase name="should be decoded properly" classname="com.github.traderjoe95.mls.protocol.message.Messages" time="0.0"/>
  <testcase name="should round-trip to the same binary value" classname="com.github.traderjoe95.mls.protocol.message.Messages" time="0.001"/>
  <testcase name="should be decoded properly" classname="com.github.traderjoe95.mls.protocol.message.Messages" time="0.0"/>
  <testcase name="should round-trip to the same binary value" classname="com.github.traderjoe95.mls.protocol.message.Messages" time="0.0"/>
  <testcase name="should be decoded properly" classname="com.github.traderjoe95.mls.protocol.message.Messages" time="0.001"/>
  <testcase name="should round-trip to the same binary value" classname="com.github.traderjoe95.mls.protocol.message.Messages" time="0.0"/>
  <testcase name="should be decoded properly" classname="com.github.traderjoe95.mls.protocol.message.Messages" time="0.0"/>
  <testcase name="should round-trip to the same binary value" classname="com.github.traderjoe95.mls.protocol.message.Messages" time="0.0"/>
  <testcase name="should be decoded properly" classname="com.github.traderjoe95.mls.protocol.message.Messages" time="0.001"/>
  <testcase name="should round-trip to the same binary value" classname="com.github.traderjoe95.mls.protocol.message.Messages" time="0.0"/>
  <testcase name="should be decoded properly" classname="com.github.traderjoe95.mls.protocol.message.Messages" time="0.0"/>
  <testcase name="should round-trip to the same binary value" classname="com.github.traderjoe95.mls.protocol.message.Messages" time="0.0"/>
  <testcase name="should be decoded properly" classname="com.github.traderjoe95.mls.protocol.message.Messages" time="0.0"/>
  <testcase name="should round-trip to the same binary value" classname="com.github.traderjoe95.mls.protocol.message.Messages" time="0.0"/>
  <testcase name="should be decoded properly" classname="com.github.traderjoe95.mls.protocol.message.Messages" time="0.0"/>
  <testcase name="should round-trip to the same binary value" classname="com.github.traderjoe95.mls.protocol.message.Messages" time="0.0"/>
  <testcase name="should be decoded properly" classname="com.github.traderjoe95.mls.protocol.message.Messages" time="0.0"/>
  <testcase name="should round-trip to the same binary value" classname="com.github.traderjoe95.mls.protocol.message.Messages" time="0.0"/>
  <testcase name="should be decoded properly" classname="com.github.traderjoe95.mls.protocol.message.Messages" time="0.0"/>
  <testcase name="should round-trip to the same binary value" classname="com.github.traderjoe95.mls.protocol.message.Messages" time="0.001"/>
  <testcase name="should be decoded properly" classname="com.github.traderjoe95.mls.protocol.message.Messages" time="0.0"/>
  <testcase name="should round-trip to the same binary value" classname="com.github.traderjoe95.mls.protocol.message.Messages" time="0.0"/>
  <testcase name="should be decoded properly" classname="com.github.traderjoe95.mls.protocol.message.Messages" time="0.0"/>
  <testcase name="should round-trip to the same binary value" classname="com.github.traderjoe95.mls.protocol.message.Messages" time="0.0"/>
  <testcase name="should be decoded properly" classname="com.github.traderjoe95.mls.protocol.message.Messages" time="0.0"/>
  <testcase name="should round-trip to the same binary value" classname="com.github.traderjoe95.mls.protocol.message.Messages" time="0.0"/>
  <testcase name="should be decoded properly" classname="com.github.traderjoe95.mls.protocol.message.Messages" time="0.0"/>
  <testcase name="should round-trip to the same binary value" classname="com.github.traderjoe95.mls.protocol.message.Messages" time="0.0"/>
  <testcase name="should be decoded properly" classname="com.github.traderjoe95.mls.protocol.message.Messages" time="0.0"/>
  <testcase name="should round-trip to the same binary value" classname="com.github.traderjoe95.mls.protocol.message.Messages" time="0.0"/>
  <testcase name="should be decoded properly" classname="com.github.traderjoe95.mls.protocol.message.Messages" time="0.0"/>
  <testcase name="should round-trip to the same binary value" classname="com.github.traderjoe95.mls.protocol.message.Messages" time="0.0"/>
  <testcase name="should be decoded properly" classname="com.github.traderjoe95.mls.protocol.message.Messages" time="0.0"/>
  <testcase name="should round-trip to the same binary value" classname="com.github.traderjoe95.mls.protocol.message.Messages" time="0.0"/>
  <testcase name="should be decoded properly" classname="com.github.traderjoe95.mls.protocol.message.Messages" time="0.0"/>
  <testcase name="should round-trip to the same binary value" classname="com.github.traderjoe95.mls.protocol.message.Messages" time="0.0"/>
  <testcase name="should be decoded properly" classname="com.github.traderjoe95.mls.protocol.message.Messages" time="0.0"/>
  <testcase name="should round-trip to the same binary value" classname="com.github.traderjoe95.mls.protocol.message.Messages" time="0.001"/>
  <testcase name="should be decoded properly" classname="com.github.traderjoe95.mls.protocol.message.Messages" time="0.0"/>
  <testcase name="should round-trip to the same binary value" classname="com.github.traderjoe95.mls.protocol.message.Messages" time="0.0"/>
  <testcase name="should be decoded properly" classname="com.github.traderjoe95.mls.protocol.message.Messages" time="0.0"/>
  <testcase name="should round-trip to the same binary value" classname="com.github.traderjoe95.mls.protocol.message.Messages" time="0.0"/>
  <testcase name="should be decoded properly" classname="com.github.traderjoe95.mls.protocol.message.Messages" time="0.0"/>
  <testcase name="should round-trip to the same binary value" classname="com.github.traderjoe95.mls.protocol.message.Messages" time="0.001"/>
  <testcase name="should be decoded properly" classname="com.github.traderjoe95.mls.protocol.message.Messages" time="0.0"/>
  <testcase name="should round-trip to the same binary value" classname="com.github.traderjoe95.mls.protocol.message.Messages" time="0.0"/>
  <testcase name="should be decoded properly" classname="com.github.traderjoe95.mls.protocol.message.Messages" time="0.001"/>
  <testcase name="should round-trip to the same binary value" classname="com.github.traderjoe95.mls.protocol.message.Messages" time="0.001"/>
  <testcase name="should be decoded properly" classname="com.github.traderjoe95.mls.protocol.message.Messages" time="0.0"/>
  <testcase name="should round-trip to the same binary value" classname="com.github.traderjoe95.mls.protocol.message.Messages" time="0.0"/>
  <testcase name="should be decoded properly" classname="com.github.traderjoe95.mls.protocol.message.Messages" time="0.0"/>
  <testcase name="should round-trip to the same binary value" classname="com.github.traderjoe95.mls.protocol.message.Messages" time="0.0"/>
  <testcase name="should be decoded properly" classname="com.github.traderjoe95.mls.protocol.message.Messages" time="0.001"/>
  <testcase name="should round-trip to the same binary value" classname="com.github.traderjoe95.mls.protocol.message.Messages" time="0.001"/>
  <testcase name="should be decoded properly" classname="com.github.traderjoe95.mls.protocol.message.Messages" time="0.0"/>
  <testcase name="should round-trip to the same binary value" classname="com.github.traderjoe95.mls.protocol.message.Messages" time="0.0"/>
  <testcase name="should be decoded properly" classname="com.github.traderjoe95.mls.protocol.message.Messages" time="0.0"/>
  <testcase name="should round-trip to the same binary value" classname="com.github.traderjoe95.mls.protocol.message.Messages" time="0.0"/>
  <testcase name="should be decoded properly" classname="com.github.traderjoe95.mls.protocol.message.Messages" time="0.0"/>
  <testcase name="should round-trip to the same binary value" classname="com.github.traderjoe95.mls.protocol.message.Messages" time="0.0"/>
  <testcase name="should be decoded properly" classname="com.github.traderjoe95.mls.protocol.message.Messages" time="0.0"/>
  <testcase name="should round-trip to the same binary value" classname="com.github.traderjoe95.mls.protocol.message.Messages" time="0.0"/>
  <testcase name="should be decoded properly" classname="com.github.traderjoe95.mls.protocol.message.Messages" time="0.0"/>
  <testcase name="should round-trip to the same binary value" classname="com.github.traderjoe95.mls.protocol.message.Messages" time="0.0"/>
  <testcase name="should be decoded properly" classname="com.github.traderjoe95.mls.protocol.message.Messages" time="0.0"/>
  <testcase name="should round-trip to the same binary value" classname="com.github.traderjoe95.mls.protocol.message.Messages" time="0.0"/>
  <testcase name="should be decoded properly" classname="com.github.traderjoe95.mls.protocol.message.Messages" time="0.0"/>
  <testcase name="should round-trip to the same binary value" classname="com.github.traderjoe95.mls.protocol.message.Messages" time="0.0"/>
  <testcase name="should be decoded properly" classname="com.github.traderjoe95.mls.protocol.message.Messages" time="0.0"/>
  <testcase name="should round-trip to the same binary value" classname="com.github.traderjoe95.mls.protocol.message.Messages" time="0.0"/>
  <testcase name="should be decoded properly" classname="com.github.traderjoe95.mls.protocol.message.Messages" time="0.0"/>
  <testcase name="should round-trip to the same binary value" classname="com.github.traderjoe95.mls.protocol.message.Messages" time="0.001"/>
  <testcase name="should be decoded properly" classname="com.github.traderjoe95.mls.protocol.message.Messages" time="0.0"/>
  <testcase name="should round-trip to the same binary value" classname="com.github.traderjoe95.mls.protocol.message.Messages" time="0.0"/>
  <testcase name="should be decoded properly" classname="com.github.traderjoe95.mls.protocol.message.Messages" time="0.001"/>
  <testcase name="should round-trip to the same binary value" classname="com.github.traderjoe95.mls.protocol.message.Messages" time="0.0"/>
  <testcase name="should be decoded properly" classname="com.github.traderjoe95.mls.protocol.message.Messages" time="0.0"/>
  <testcase name="should round-trip to the same binary value" classname="com.github.traderjoe95.mls.protocol.message.Messages" time="0.0"/>
  <testcase name="should be decoded properly" classname="com.github.traderjoe95.mls.protocol.message.Messages" time="0.0"/>
  <testcase name="should round-trip to the same binary value" classname="com.github.traderjoe95.mls.protocol.message.Messages" time="0.0"/>
  <testcase name="should be decoded properly" classname="com.github.traderjoe95.mls.protocol.message.Messages" time="0.0"/>
  <testcase name="should round-trip to the same binary value" classname="com.github.traderjoe95.mls.protocol.message.Messages" time="0.0"/>
  <testcase name="should be decoded properly" classname="com.github.traderjoe95.mls.protocol.message.Messages" time="0.0"/>
  <testcase name="should round-trip to the same binary value" classname="com.github.traderjoe95.mls.protocol.message.Messages" time="0.0"/>
  <testcase name="should be decoded properly" classname="com.github.traderjoe95.mls.protocol.message.Messages" time="0.0"/>
  <testcase name="should round-trip to the same binary value" classname="com.github.traderjoe95.mls.protocol.message.Messages" time="0.0"/>
  <testcase name="should be decoded properly" classname="com.github.traderjoe95.mls.protocol.message.Messages" time="0.0"/>
  <testcase name="should round-trip to the same binary value" classname="com.github.traderjoe95.mls.protocol.message.Messages" time="0.0"/>
  <testcase name="should be decoded properly" classname="com.github.traderjoe95.mls.protocol.message.Messages" time="0.0"/>
  <testcase name="should round-trip to the same binary value" classname="com.github.traderjoe95.mls.protocol.message.Messages" time="0.001"/>
  <testcase name="should be decoded properly" classname="com.github.traderjoe95.mls.protocol.message.Messages" time="0.0"/>
  <testcase name="should round-trip to the same binary value" classname="com.github.traderjoe95.mls.protocol.message.Messages" time="0.0"/>
  <testcase name="should be decoded properly" classname="com.github.traderjoe95.mls.protocol.message.Messages" time="0.0"/>
  <testcase name="should round-trip to the same binary value" classname="com.github.traderjoe95.mls.protocol.message.Messages" time="0.0"/>
  <testcase name="should be decoded properly" classname="com.github.traderjoe95.mls.protocol.message.Messages" time="0.0"/>
  <testcase name="should round-trip to the same binary value" classname="com.github.traderjoe95.mls.protocol.message.Messages" time="0.0"/>
  <testcase name="should be decoded properly" classname="com.github.traderjoe95.mls.protocol.message.Messages" time="0.0"/>
  <testcase name="should round-trip to the same binary value" classname="com.github.traderjoe95.mls.protocol.message.Messages" time="0.0"/>
  <testcase name="should be decoded properly" classname="com.github.traderjoe95.mls.protocol.message.Messages" time="0.0"/>
  <testcase name="should round-trip to the same binary value" classname="com.github.traderjoe95.mls.protocol.message.Messages" time="0.001"/>
  <testcase name="should be decoded properly" classname="com.github.traderjoe95.mls.protocol.message.Messages" time="0.0"/>
  <testcase name="should round-trip to the same binary value" classname="com.github.traderjoe95.mls.protocol.message.Messages" time="0.0"/>
  <testcase name="should be decoded properly" classname="com.github.traderjoe95.mls.protocol.message.Messages" time="0.0"/>
  <testcase name="should round-trip to the same binary value" classname="com.github.traderjoe95.mls.protocol.message.Messages" time="0.0"/>
  <testcase name="should be decoded properly" classname="com.github.traderjoe95.mls.protocol.message.Messages" time="0.001"/>
  <testcase name="should round-trip to the same binary value" classname="com.github.traderjoe95.mls.protocol.message.Messages" time="0.0"/>
  <testcase name="should be decoded properly" classname="com.github.traderjoe95.mls.protocol.message.Messages" time="0.0"/>
  <testcase name="should round-trip to the same binary value" classname="com.github.traderjoe95.mls.protocol.message.Messages" time="0.0"/>
  <testcase name="should be decoded properly" classname="com.github.traderjoe95.mls.protocol.message.Messages" time="0.0"/>
  <testcase name="should round-trip to the same binary value" classname="com.github.traderjoe95.mls.protocol.message.Messages" time="0.0"/>
  <testcase name="should be decoded properly" classname="com.github.traderjoe95.mls.protocol.message.Messages" time="0.0"/>
  <testcase name="should round-trip to the same binary value" classname="com.github.traderjoe95.mls.protocol.message.Messages" time="0.001"/>
  <testcase name="should be decoded properly" classname="com.github.traderjoe95.mls.protocol.message.Messages" time="0.0"/>
  <testcase name="should round-trip to the same binary value" classname="com.github.traderjoe95.mls.protocol.message.Messages" time="0.0"/>
  <testcase name="should be decoded properly" classname="com.github.traderjoe95.mls.protocol.message.Messages" time="0.001"/>
  <testcase name="should round-trip to the same binary value" classname="com.github.traderjoe95.mls.protocol.message.Messages" time="0.0"/>
  <testcase name="should be decoded properly" classname="com.github.traderjoe95.mls.protocol.message.Messages" time="0.0"/>
  <testcase name="should round-trip to the same binary value" classname="com.github.traderjoe95.mls.protocol.message.Messages" time="0.0"/>
  <testcase name="should be decoded properly" classname="com.github.traderjoe95.mls.protocol.message.Messages" time="0.0"/>
  <testcase name="should round-trip to the same binary value" classname="com.github.traderjoe95.mls.protocol.message.Messages" time="0.001"/>
  <testcase name="should be decoded properly" classname="com.github.traderjoe95.mls.protocol.message.Messages" time="0.0"/>
  <testcase name="should round-trip to the same binary value" classname="com.github.traderjoe95.mls.protocol.message.Messages" time="0.0"/>
  <testcase name="should be decoded properly" classname="com.github.traderjoe95.mls.protocol.message.Messages" time="0.0"/>
  <testcase name="should round-trip to the same binary value" classname="com.github.traderjoe95.mls.protocol.message.Messages" time="0.0"/>
  <testcase name="should be decoded properly" classname="com.github.traderjoe95.mls.protocol.message.Messages" time="0.0"/>
  <testcase name="should round-trip to the same binary value" classname="com.github.traderjoe95.mls.protocol.message.Messages" time="0.0"/>
  <testcase name="should be decoded properly" classname="com.github.traderjoe95.mls.protocol.message.Messages" time="0.0"/>
  <testcase name="should round-trip to the same binary value" classname="com.github.traderjoe95.mls.protocol.message.Messages" time="0.0"/>
  <testcase name="should be decoded properly" classname="com.github.traderjoe95.mls.protocol.message.Messages" time="0.0"/>
  <testcase name="should round-trip to the same binary value" classname="com.github.traderjoe95.mls.protocol.message.Messages" time="0.001"/>
  <testcase name="should be decoded properly" classname="com.github.traderjoe95.mls.protocol.message.Messages" time="0.0"/>
  <testcase name="should round-trip to the same binary value" classname="com.github.traderjoe95.mls.protocol.message.Messages" time="0.0"/>
  <testcase name="should be decoded properly" classname="com.github.traderjoe95.mls.protocol.message.Messages" time="0.0"/>
  <testcase name="should round-trip to the same binary value" classname="com.github.traderjoe95.mls.protocol.message.Messages" time="0.0"/>
  <testcase name="should be decoded properly" classname="com.github.traderjoe95.mls.protocol.message.Messages" time="0.0"/>
  <testcase name="should round-trip to the same binary value" classname="com.github.traderjoe95.mls.protocol.message.Messages" time="0.0"/>
  <testcase name="should be decoded properly" classname="com.github.traderjoe95.mls.protocol.message.Messages" time="0.0"/>
  <testcase name="should round-trip to the same binary value" classname="com.github.traderjoe95.mls.protocol.message.Messages" time="0.0"/>
  <testcase name="should be decoded properly" classname="com.github.traderjoe95.mls.protocol.message.Messages" time="0.0"/>
  <testcase name="should round-trip to the same binary value" classname="com.github.traderjoe95.mls.protocol.message.Messages" time="0.001"/>
  <testcase name="should be decoded properly" classname="com.github.traderjoe95.mls.protocol.message.Messages" time="0.0"/>
  <testcase name="should round-trip to the same binary value" classname="com.github.traderjoe95.mls.protocol.message.Messages" time="0.0"/>
  <testcase name="should be decoded properly" classname="com.github.traderjoe95.mls.protocol.message.Messages" time="0.0"/>
  <testcase name="should round-trip to the same binary value" classname="com.github.traderjoe95.mls.protocol.message.Messages" time="0.0"/>
  <testcase name="should be decoded properly" classname="com.github.traderjoe95.mls.protocol.message.Messages" time="0.0"/>
  <testcase name="should round-trip to the same binary value" classname="com.github.traderjoe95.mls.protocol.message.Messages" time="0.001"/>
  <testcase name="should be decoded properly" classname="com.github.traderjoe95.mls.protocol.message.Messages" time="0.0"/>
  <testcase name="should round-trip to the same binary value" classname="com.github.traderjoe95.mls.protocol.message.Messages" time="0.0"/>
  <testcase name="should be decoded properly" classname="com.github.traderjoe95.mls.protocol.message.Messages" time="0.0"/>
  <testcase name="should round-trip to the same binary value" classname="com.github.traderjoe95.mls.protocol.message.Messages" time="0.001"/>
  <testcase name="should be decoded properly" classname="com.github.traderjoe95.mls.protocol.message.Messages" time="0.0"/>
  <testcase name="should round-trip to the same binary value" classname="com.github.traderjoe95.mls.protocol.message.Messages" time="0.0"/>
  <testcase name="should be decoded properly" classname="com.github.traderjoe95.mls.protocol.message.Messages" time="0.0"/>
  <testcase name="should round-trip to the same binary value" classname="com.github.traderjoe95.mls.protocol.message.Messages" time="0.0"/>
  <testcase name="should be decoded properly" classname="com.github.traderjoe95.mls.protocol.message.Messages" time="0.0"/>
  <testcase name="should round-trip to the same binary value" classname="com.github.traderjoe95.mls.protocol.message.Messages" time="0.001"/>
  <testcase name="should be decoded properly" classname="com.github.traderjoe95.mls.protocol.message.Messages" time="0.0"/>
  <testcase name="should round-trip to the same binary value" classname="com.github.traderjoe95.mls.protocol.message.Messages" time="0.0"/>
  <testcase name="should be decoded properly" classname="com.github.traderjoe95.mls.protocol.message.Messages" time="0.0"/>
  <testcase name="should round-trip to the same binary value" classname="com.github.traderjoe95.mls.protocol.message.Messages" time="0.0"/>
  <testcase name="should be decoded properly" classname="com.github.traderjoe95.mls.protocol.message.Messages" time="0.0"/>
  <testcase name="should round-trip to the same binary value" classname="com.github.traderjoe95.mls.protocol.message.Messages" time="0.0"/>
  <testcase name="should be decoded properly" classname="com.github.traderjoe95.mls.protocol.message.Messages" time="0.0"/>
  <testcase name="should round-trip to the same binary value" classname="com.github.traderjoe95.mls.protocol.message.Messages" time="0.0"/>
  <testcase name="should be decoded properly" classname="com.github.traderjoe95.mls.protocol.message.Messages" time="0.0"/>
  <testcase name="should round-trip to the same binary value" classname="com.github.traderjoe95.mls.protocol.message.Messages" time="0.001"/>
  <testcase name="should be decoded properly" classname="com.github.traderjoe95.mls.protocol.message.Messages" time="0.0"/>
  <testcase name="should round-trip to the same binary value" classname="com.github.traderjoe95.mls.protocol.message.Messages" time="0.0"/>
  <testcase name="should be decoded properly" classname="com.github.traderjoe95.mls.protocol.message.Messages" time="0.0"/>
  <testcase name="should round-trip to the same binary value" classname="com.github.traderjoe95.mls.protocol.message.Messages" time="0.0"/>
  <testcase name="should be decoded properly" classname="com.github.traderjoe95.mls.protocol.message.Messages" time="0.0"/>
  <testcase name="should round-trip to the same binary value" classname="com.github.traderjoe95.mls.protocol.message.Messages" time="0.0"/>
  <testcase name="should be decoded properly" classname="com.github.traderjoe95.mls.protocol.message.Messages" time="0.0"/>
  <testcase name="should round-trip to the same binary value" classname="com.github.traderjoe95.mls.protocol.message.Messages" time="0.0"/>
  <testcase name="should be decoded properly" classname="com.github.traderjoe95.mls.protocol.message.Messages" time="0.001"/>
  <testcase name="should round-trip to the same binary value" classname="com.github.traderjoe95.mls.protocol.message.Messages" time="0.0"/>
  <testcase name="should be decoded properly" classname="com.github.traderjoe95.mls.protocol.message.Messages" time="0.0"/>
  <testcase name="should round-trip to the same binary value" classname="com.github.traderjoe95.mls.protocol.message.Messages" time="0.0"/>
  <testcase name="should be decoded properly" classname="com.github.traderjoe95.mls.protocol.message.Messages" time="0.0"/>
  <testcase name="should round-trip to the same binary value" classname="com.github.traderjoe95.mls.protocol.message.Messages" time="0.0"/>
  <testcase name="should be decoded properly" classname="com.github.traderjoe95.mls.protocol.message.Messages" time="0.0"/>
  <testcase name="should round-trip to the same binary value" classname="com.github.traderjoe95.mls.protocol.message.Messages" time="0.001"/>
  <testcase name="should be decoded properly" classname="com.github.traderjoe95.mls.protocol.message.Messages" time="0.001"/>
  <testcase name="should round-trip to the same binary value" classname="com.github.traderjoe95.mls.protocol.message.Messages" time="0.0"/>
  <testcase name="should be decoded properly" classname="com.github.traderjoe95.mls.protocol.message.Messages" time="0.0"/>
  <testcase name="should round-trip to the same binary value" classname="com.github.traderjoe95.mls.protocol.message.Messages" time="0.0"/>
  <testcase name="should be decoded properly" classname="com.github.traderjoe95.mls.protocol.message.Messages" time="0.0"/>
  <testcase name="should round-trip to the same binary value" classname="com.github.traderjoe95.mls.protocol.message.Messages" time="0.0"/>
  <testcase name="should be decoded properly" classname="com.github.traderjoe95.mls.protocol.message.Messages" time="0.0"/>
  <testcase name="should round-trip to the same binary value" classname="com.github.traderjoe95.mls.protocol.message.Messages" time="0.0"/>
  <testcase name="should be decoded properly" classname="com.github.traderjoe95.mls.protocol.message.Messages" time="0.0"/>
  <testcase name="should round-trip to the same binary value" classname="com.github.traderjoe95.mls.protocol.message.Messages" time="0.001"/>
  <testcase name="should be decoded properly" classname="com.github.traderjoe95.mls.protocol.message.Messages" time="0.0"/>
  <testcase name="should round-trip to the same binary value" classname="com.github.traderjoe95.mls.protocol.message.Messages" time="0.0"/>
  <testcase name="should be decoded properly" classname="com.github.traderjoe95.mls.protocol.message.Messages" time="0.0"/>
  <testcase name="should round-trip to the same binary value" classname="com.github.traderjoe95.mls.protocol.message.Messages" time="0.0"/>
  <testcase name="should be decoded properly" classname="com.github.traderjoe95.mls.protocol.message.Messages" time="0.0"/>
  <testcase name="should round-trip to the same binary value" classname="com.github.traderjoe95.mls.protocol.message.Messages" time="0.0"/>
  <testcase name="should be decoded properly" classname="com.github.traderjoe95.mls.protocol.message.Messages" time="0.0"/>
  <testcase name="should round-trip to the same binary value" classname="com.github.traderjoe95.mls.protocol.message.Messages" time="0.0"/>
  <testcase name="should be decoded properly" classname="com.github.traderjoe95.mls.protocol.message.Messages" time="0.0"/>
  <testcase name="should round-trip to the same binary value" classname="com.github.traderjoe95.mls.protocol.message.Messages" time="0.0"/>
  <testcase name="should be decoded properly" classname="com.github.traderjoe95.mls.protocol.message.Messages" time="0.0"/>
  <testcase name="should round-trip to the same binary value" classname="com.github.traderjoe95.mls.protocol.message.Messages" time="0.0"/>
  <testcase name="should be decoded properly" classname="com.github.traderjoe95.mls.protocol.message.Messages" time="0.0"/>
  <testcase name="should round-trip to the same binary value" classname="com.github.traderjoe95.mls.protocol.message.Messages" time="0.0"/>
  <testcase name="should be decoded properly" classname="com.github.traderjoe95.mls.protocol.message.Messages" time="0.001"/>
  <testcase name="should round-trip to the same binary value" classname="com.github.traderjoe95.mls.protocol.message.Messages" time="0.001"/>
  <testcase name="should be decoded properly" classname="com.github.traderjoe95.mls.protocol.message.Messages" time="0.0"/>
  <testcase name="should round-trip to the same binary value" classname="com.github.traderjoe95.mls.protocol.message.Messages" time="0.0"/>
  <testcase name="should be decoded properly" classname="com.github.traderjoe95.mls.protocol.message.Messages" time="0.0"/>
  <testcase name="should round-trip to the same binary value" classname="com.github.traderjoe95.mls.protocol.message.Messages" time="0.0"/>
  <testcase name="should be decoded properly" classname="com.github.traderjoe95.mls.protocol.message.Messages" time="0.0"/>
  <testcase name="should round-trip to the same binary value" classname="com.github.traderjoe95.mls.protocol.message.Messages" time="0.0"/>
  <testcase name="should be decoded properly" classname="com.github.traderjoe95.mls.protocol.message.Messages" time="0.0"/>
  <testcase name="should round-trip to the same binary value" classname="com.github.traderjoe95.mls.protocol.message.Messages" time="0.0"/>
  <testcase name="should be decoded properly" classname="com.github.traderjoe95.mls.protocol.message.Messages" time="0.0"/>
  <testcase name="should round-trip to the same binary value" classname="com.github.traderjoe95.mls.protocol.message.Messages" time="0.0"/>
  <testcase name="should be decoded properly" classname="com.github.traderjoe95.mls.protocol.message.Messages" time="0.001"/>
  <testcase name="should round-trip to the same binary value" classname="com.github.traderjoe95.mls.protocol.message.Messages" time="0.0"/>
  <testcase name="should be decoded properly" classname="com.github.traderjoe95.mls.protocol.message.Messages" time="0.001"/>
  <testcase name="should round-trip to the same binary value" classname="com.github.traderjoe95.mls.protocol.message.Messages" time="0.0"/>
  <testcase name="should be decoded properly" classname="com.github.traderjoe95.mls.protocol.message.Messages" time="0.0"/>
  <testcase name="should round-trip to the same binary value" classname="com.github.traderjoe95.mls.protocol.message.Messages" time="0.0"/>
  <testcase name="should be decoded properly" classname="com.github.traderjoe95.mls.protocol.message.Messages" time="0.0"/>
  <testcase name="should round-trip to the same binary value" classname="com.github.traderjoe95.mls.protocol.message.Messages" time="0.0"/>
  <testcase name="should be decoded properly" classname="com.github.traderjoe95.mls.protocol.message.Messages" time="0.0"/>
  <testcase name="should round-trip to the same binary value" classname="com.github.traderjoe95.mls.protocol.message.Messages" time="0.0"/>
  <testcase name="should be decoded properly" classname="com.github.traderjoe95.mls.protocol.message.Messages" time="0.0"/>
  <testcase name="should round-trip to the same binary value" classname="com.github.traderjoe95.mls.protocol.message.Messages" time="0.0"/>
  <testcase name="should be decoded properly" classname="com.github.traderjoe95.mls.protocol.message.Messages" time="0.0"/>
  <testcase name="should round-trip to the same binary value" classname="com.github.traderjoe95.mls.protocol.message.Messages" time="0.0"/>
  <testcase name="should be decoded properly" classname="com.github.traderjoe95.mls.protocol.message.Messages" time="0.0"/>
  <testcase name="should round-trip to the same binary value" classname="com.github.traderjoe95.mls.protocol.message.Messages" time="0.0"/>
  <testcase name="should be decoded properly" classname="com.github.traderjoe95.mls.protocol.message.Messages" time="0.0"/>
  <testcase name="should round-trip to the same binary value" classname="com.github.traderjoe95.mls.protocol.message.Messages" time="0.0"/>
  <testcase name="should be decoded properly" classname="com.github.traderjoe95.mls.protocol.message.Messages" time="0.0"/>
  <testcase name="should round-trip to the same binary value" classname="com.github.traderjoe95.mls.protocol.message.Messages" time="0.0"/>
  <testcase name="should be decoded properly" classname="com.github.traderjoe95.mls.protocol.message.Messages" time="0.0"/>
  <testcase name="should round-trip to the same binary value" classname="com.github.traderjoe95.mls.protocol.message.Messages" time="0.0"/>
  <testcase name="should be decoded properly" classname="com.github.traderjoe95.mls.protocol.message.Messages" time="0.0"/>
  <testcase name="should round-trip to the same binary value" classname="com.github.traderjoe95.mls.protocol.message.Messages" time="0.0"/>
  <testcase name="should be decoded properly" classname="com.github.traderjoe95.mls.protocol.message.Messages" time="0.0"/>
  <testcase name="should round-trip to the same binary value" classname="com.github.traderjoe95.mls.protocol.message.Messages" time="0.001"/>
  <testcase name="should be decoded properly" classname="com.github.traderjoe95.mls.protocol.message.Messages" time="0.0"/>
  <testcase name="should round-trip to the same binary value" classname="com.github.traderjoe95.mls.protocol.message.Messages" time="0.0"/>
  <testcase name="should be decoded properly" classname="com.github.traderjoe95.mls.protocol.message.Messages" time="0.0"/>
  <testcase name="should round-trip to the same binary value" classname="com.github.traderjoe95.mls.protocol.message.Messages" time="0.001"/>
  <testcase name="should be decoded properly" classname="com.github.traderjoe95.mls.protocol.message.Messages" time="0.0"/>
  <testcase name="should round-trip to the same binary value" classname="com.github.traderjoe95.mls.protocol.message.Messages" time="0.0"/>
  <testcase name="should be decoded properly" classname="com.github.traderjoe95.mls.protocol.message.Messages" time="0.0"/>
  <testcase name="should round-trip to the same binary value" classname="com.github.traderjoe95.mls.protocol.message.Messages" time="0.0"/>
  <testcase name="should be decoded properly" classname="com.github.traderjoe95.mls.protocol.message.Messages" time="0.001"/>
  <testcase name="should round-trip to the same binary value" classname="com.github.traderjoe95.mls.protocol.message.Messages" time="0.0"/>
  <testcase name="should be decoded properly" classname="com.github.traderjoe95.mls.protocol.message.Messages" time="0.0"/>
  <testcase name="should round-trip to the same binary value" classname="com.github.traderjoe95.mls.protocol.message.Messages" time="0.0"/>
  <testcase name="should be decoded properly" classname="com.github.traderjoe95.mls.protocol.message.Messages" time="0.0"/>
  <testcase name="should round-trip to the same binary value" classname="com.github.traderjoe95.mls.protocol.message.Messages" time="0.0"/>
  <testcase name="should be decoded properly" classname="com.github.traderjoe95.mls.protocol.message.Messages" time="0.0"/>
  <testcase name="should round-trip to the same binary value" classname="com.github.traderjoe95.mls.protocol.message.Messages" time="0.0"/>
  <testcase name="should be decoded properly" classname="com.github.traderjoe95.mls.protocol.message.Messages" time="0.001"/>
  <testcase name="should round-trip to the same binary value" classname="com.github.traderjoe95.mls.protocol.message.Messages" time="0.0"/>
  <testcase name="should be decoded properly" classname="com.github.traderjoe95.mls.protocol.message.Messages" time="0.0"/>
  <testcase name="should round-trip to the same binary value" classname="com.github.traderjoe95.mls.protocol.message.Messages" time="0.001"/>
  <testcase name="should be decoded properly" classname="com.github.traderjoe95.mls.protocol.message.Messages" time="0.0"/>
  <testcase name="should round-trip to the same binary value" classname="com.github.traderjoe95.mls.protocol.message.Messages" time="0.0"/>
  <testcase name="should be decoded properly" classname="com.github.traderjoe95.mls.protocol.message.Messages" time="0.0"/>
  <testcase name="should round-trip to the same binary value" classname="com.github.traderjoe95.mls.protocol.message.Messages" time="0.0"/>
  <testcase name="should be decoded properly" classname="com.github.traderjoe95.mls.protocol.message.Messages" time="0.0"/>
  <testcase name="should round-trip to the same binary value" classname="com.github.traderjoe95.mls.protocol.message.Messages" time="0.0"/>
  <testcase name="should be decoded properly" classname="com.github.traderjoe95.mls.protocol.message.Messages" time="0.001"/>
  <testcase name="should round-trip to the same binary value" classname="com.github.traderjoe95.mls.protocol.message.Messages" time="0.0"/>
  <testcase name="should be decoded properly" classname="com.github.traderjoe95.mls.protocol.message.Messages" time="0.0"/>
  <testcase name="should round-trip to the same binary value" classname="com.github.traderjoe95.mls.protocol.message.Messages" time="0.0"/>
  <testcase name="should be decoded properly" classname="com.github.traderjoe95.mls.protocol.message.Messages" time="0.0"/>
  <testcase name="should round-trip to the same binary value" classname="com.github.traderjoe95.mls.protocol.message.Messages" time="0.0"/>
  <testcase name="should be decoded properly" classname="com.github.traderjoe95.mls.protocol.message.Messages" time="0.0"/>
  <testcase name="should round-trip to the same binary value" classname="com.github.traderjoe95.mls.protocol.message.Messages" time="0.0"/>
  <testcase name="should be decoded properly" classname="com.github.traderjoe95.mls.protocol.message.Messages" time="0.0"/>
  <testcase name="should round-trip to the same binary value" classname="com.github.traderjoe95.mls.protocol.message.Messages" time="0.0"/>
  <testcase name="should be decoded properly" classname="com.github.traderjoe95.mls.protocol.message.Messages" time="0.001"/>
  <testcase name="should round-trip to the same binary value" classname="com.github.traderjoe95.mls.protocol.message.Messages" time="0.0"/>
  <testcase name="should be decoded properly" classname="com.github.traderjoe95.mls.protocol.message.Messages" time="0.0"/>
  <testcase name="should round-trip to the same binary value" classname="com.github.traderjoe95.mls.protocol.message.Messages" time="0.001"/>
  <testcase name="should be decoded properly" classname="com.github.traderjoe95.mls.protocol.message.Messages" time="0.0"/>
  <testcase name="should round-trip to the same binary value" classname="com.github.traderjoe95.mls.protocol.message.Messages" time="0.0"/>
  <testcase name="should be decoded properly" classname="com.github.traderjoe95.mls.protocol.message.Messages" time="0.0"/>
  <testcase name="should round-trip to the same binary value" classname="com.github.traderjoe95.mls.protocol.message.Messages" time="0.001"/>
  <testcase name="should be decoded properly" classname="com.github.traderjoe95.mls.protocol.message.Messages" time="0.001"/>
  <testcase name="should round-trip to the same binary value" classname="com.github.traderjoe95.mls.protocol.message.Messages" time="0.0"/>
  <testcase name="should be decoded properly" classname="com.github.traderjoe95.mls.protocol.message.Messages" time="0.0"/>
  <testcase name="should round-trip to the same binary value" classname="com.github.traderjoe95.mls.protocol.message.Messages" time="0.0"/>
  <testcase name="should be decoded properly" classname="com.github.traderjoe95.mls.protocol.message.Messages" time="0.0"/>
  <testcase name="should round-trip to the same binary value" classname="com.github.traderjoe95.mls.protocol.message.Messages" time="0.0"/>
  <testcase name="should be decoded properly" classname="com.github.traderjoe95.mls.protocol.message.Messages" time="0.0"/>
  <testcase name="should round-trip to the same binary value" classname="com.github.traderjoe95.mls.protocol.message.Messages" time="0.001"/>
  <testcase name="should be decoded properly" classname="com.github.traderjoe95.mls.protocol.message.Messages" time="0.001"/>
  <testcase name="should round-trip to the same binary value" classname="com.github.traderjoe95.mls.protocol.message.Messages" time="0.0"/>
  <testcase name="should be decoded properly" classname="com.github.traderjoe95.mls.protocol.message.Messages" time="0.0"/>
  <testcase name="should round-trip to the same binary value" classname="com.github.traderjoe95.mls.protocol.message.Messages" time="0.0"/>
  <testcase name="should be decoded properly" classname="com.github.traderjoe95.mls.protocol.message.Messages" time="0.0"/>
  <testcase name="should round-trip to the same binary value" classname="com.github.traderjoe95.mls.protocol.message.Messages" time="0.0"/>
  <testcase name="should be decoded properly" classname="com.github.traderjoe95.mls.protocol.message.Messages" time="0.0"/>
  <testcase name="should round-trip to the same binary value" classname="com.github.traderjoe95.mls.protocol.message.Messages" time="0.001"/>
  <testcase name="should be decoded properly" classname="com.github.traderjoe95.mls.protocol.message.Messages" time="0.0"/>
  <testcase name="should round-trip to the same binary value" classname="com.github.traderjoe95.mls.protocol.message.Messages" time="0.0"/>
  <testcase name="should be decoded properly" classname="com.github.traderjoe95.mls.protocol.message.Messages" time="0.0"/>
  <testcase name="should round-trip to the same binary value" classname="com.github.traderjoe95.mls.protocol.message.Messages" time="0.0"/>
  <testcase name="should be decoded properly" classname="com.github.traderjoe95.mls.protocol.message.Messages" time="0.0"/>
  <testcase name="should round-trip to the same binary value" classname="com.github.traderjoe95.mls.protocol.message.Messages" time="0.001"/>
  <testcase name="should be decoded properly" classname="com.github.traderjoe95.mls.protocol.message.Messages" time="0.0"/>
  <testcase name="should round-trip to the same binary value" classname="com.github.traderjoe95.mls.protocol.message.Messages" time="0.0"/>
  <testcase name="should be decoded properly" classname="com.github.traderjoe95.mls.protocol.message.Messages" time="0.0"/>
  <testcase name="should round-trip to the same binary value" classname="com.github.traderjoe95.mls.protocol.message.Messages" time="0.0"/>
  <testcase name="should be decoded properly" classname="com.github.traderjoe95.mls.protocol.message.Messages" time="0.0"/>
  <testcase name="should round-trip to the same binary value" classname="com.github.traderjoe95.mls.protocol.message.Messages" time="0.0"/>
  <testcase name="should be decoded properly" classname="com.github.traderjoe95.mls.protocol.message.Messages" time="0.0"/>
  <testcase name="should round-trip to the same binary value" classname="com.github.traderjoe95.mls.protocol.message.Messages" time="0.0"/>
  <testcase name="should be decoded properly" classname="com.github.traderjoe95.mls.protocol.message.Messages" time="0.0"/>
  <testcase name="should round-trip to the same binary value" classname="com.github.traderjoe95.mls.protocol.message.Messages" time="0.0"/>
  <testcase name="should be decoded properly" classname="com.github.traderjoe95.mls.protocol.message.Messages" time="0.0"/>
  <testcase name="should round-trip to the same binary value" classname="com.github.traderjoe95.mls.protocol.message.Messages" time="0.001"/>
  <testcase name="should be decoded properly" classname="com.github.traderjoe95.mls.protocol.message.Messages" time="0.0"/>
  <testcase name="should round-trip to the same binary value" classname="com.github.traderjoe95.mls.protocol.message.Messages" time="0.0"/>
  <testcase name="should be decoded properly" classname="com.github.traderjoe95.mls.protocol.message.Messages" time="0.0"/>
  <testcase name="should round-trip to the same binary value" classname="com.github.traderjoe95.mls.protocol.message.Messages" time="0.0"/>
  <testcase name="should be decoded properly" classname="com.github.traderjoe95.mls.protocol.message.Messages" time="0.001"/>
  <testcase name="should round-trip to the same binary value" classname="com.github.traderjoe95.mls.protocol.message.Messages" time="0.0"/>
  <testcase name="should be decoded properly" classname="com.github.traderjoe95.mls.protocol.message.Messages" time="0.0"/>
  <testcase name="should round-trip to the same binary value" classname="com.github.traderjoe95.mls.protocol.message.Messages" time="0.001"/>
  <testcase name="should be decoded properly" classname="com.github.traderjoe95.mls.protocol.message.Messages" time="0.0"/>
  <testcase name="should round-trip to the same binary value" classname="com.github.traderjoe95.mls.protocol.message.Messages" time="0.0"/>
  <testcase name="should be decoded properly" classname="com.github.traderjoe95.mls.protocol.message.Messages" time="0.001"/>
  <testcase name="should round-trip to the same binary value" classname="com.github.traderjoe95.mls.protocol.message.Messages" time="0.0"/>
  <testcase name="should be decoded properly" classname="com.github.traderjoe95.mls.protocol.message.Messages" time="0.0"/>
  <testcase name="should round-trip to the same binary value" classname="com.github.traderjoe95.mls.protocol.message.Messages" time="0.0"/>
  <testcase name="should be decoded properly" classname="com.github.traderjoe95.mls.protocol.message.Messages" time="0.0"/>
  <testcase name="should round-trip to the same binary value" classname="com.github.traderjoe95.mls.protocol.message.Messages" time="0.0"/>
  <testcase name="should be decoded properly" classname="com.github.traderjoe95.mls.protocol.message.Messages" time="0.0"/>
  <testcase name="should round-trip to the same binary value" classname="com.github.traderjoe95.mls.protocol.message.Messages" time="0.001"/>
  <testcase name="should be decoded properly" classname="com.github.traderjoe95.mls.protocol.message.Messages" time="0.0"/>
  <testcase name="should round-trip to the same binary value" classname="com.github.traderjoe95.mls.protocol.message.Messages" time="0.0"/>
  <testcase name="should be decoded properly" classname="com.github.traderjoe95.mls.protocol.message.Messages" time="0.0"/>
  <testcase name="should round-trip to the same binary value" classname="com.github.traderjoe95.mls.protocol.message.Messages" time="0.0"/>
  <testcase name="should be decoded properly" classname="com.github.traderjoe95.mls.protocol.message.Messages" time="0.001"/>
  <testcase name="should round-trip to the same binary value" classname="com.github.traderjoe95.mls.protocol.message.Messages" time="0.0"/>
  <testcase name="should be decoded properly" classname="com.github.traderjoe95.mls.protocol.message.Messages" time="0.0"/>
  <testcase name="should round-trip to the same binary value" classname="com.github.traderjoe95.mls.protocol.message.Messages" time="0.0"/>
  <testcase name="should be decoded properly" classname="com.github.traderjoe95.mls.protocol.message.Messages" time="0.0"/>
  <testcase name="should round-trip to the same binary value" classname="com.github.traderjoe95.mls.protocol.message.Messages" time="0.0"/>
  <testcase name="should be decoded properly" classname="com.github.traderjoe95.mls.protocol.message.Messages" time="0.0"/>
  <testcase name="should round-trip to the same binary value" classname="com.github.traderjoe95.mls.protocol.message.Messages" time="0.0"/>
  <testcase name="should be decoded properly" classname="com.github.traderjoe95.mls.protocol.message.Messages" time="0.0"/>
  <testcase name="should round-trip to the same binary value" classname="com.github.traderjoe95.mls.protocol.message.Messages" time="0.0"/>
  <testcase name="should be decoded properly" classname="com.github.traderjoe95.mls.protocol.message.Messages" time="0.0"/>
  <testcase name="should round-trip to the same binary value" classname="com.github.traderjoe95.mls.protocol.message.Messages" time="0.0"/>
  <testcase name="should be decoded properly" classname="com.github.traderjoe95.mls.protocol.message.Messages" time="0.0"/>
  <testcase name="should round-trip to the same binary value" classname="com.github.traderjoe95.mls.protocol.message.Messages" time="0.001"/>
  <testcase name="should be decoded properly" classname="com.github.traderjoe95.mls.protocol.message.Messages" time="0.0"/>
  <testcase name="should round-trip to the same binary value" classname="com.github.traderjoe95.mls.protocol.message.Messages" time="0.0"/>
  <testcase name="should be decoded properly" classname="com.github.traderjoe95.mls.protocol.message.Messages" time="0.001"/>
  <testcase name="should round-trip to the same binary value" classname="com.github.traderjoe95.mls.protocol.message.Messages" time="0.0"/>
  <testcase name="should be decoded properly" classname="com.github.traderjoe95.mls.protocol.message.Messages" time="0.0"/>
  <testcase name="should round-trip to the same binary value" classname="com.github.traderjoe95.mls.protocol.message.Messages" time="0.0"/>
  <testcase name="should be decoded properly" classname="com.github.traderjoe95.mls.protocol.message.Messages" time="0.001"/>
  <testcase name="should round-trip to the same binary value" classname="com.github.traderjoe95.mls.protocol.message.Messages" time="0.0"/>
  <testcase name="should be decoded properly" classname="com.github.traderjoe95.mls.protocol.message.Messages" time="0.0"/>
  <testcase name="should round-trip to the same binary value" classname="com.github.traderjoe95.mls.protocol.message.Messages" time="0.0"/>
  <testcase name="should be decoded properly" classname="com.github.traderjoe95.mls.protocol.message.Messages" time="0.0"/>
  <testcase name="should round-trip to the same binary value" classname="com.github.traderjoe95.mls.protocol.message.Messages" time="0.0"/>
  <testcase name="should be decoded properly" classname="com.github.traderjoe95.mls.protocol.message.Messages" time="0.001"/>
  <testcase name="should round-trip to the same binary value" classname="com.github.traderjoe95.mls.protocol.message.Messages" time="0.0"/>
  <testcase name="should be decoded properly" classname="com.github.traderjoe95.mls.protocol.message.Messages" time="0.0"/>
  <testcase name="should round-trip to the same binary value" classname="com.github.traderjoe95.mls.protocol.message.Messages" time="0.0"/>
  <testcase name="should be decoded properly" classname="com.github.traderjoe95.mls.protocol.message.Messages" time="0.0"/>
  <testcase name="should round-trip to the same binary value" classname="com.github.traderjoe95.mls.protocol.message.Messages" time="0.0"/>
  <testcase name="should be decoded properly" classname="com.github.traderjoe95.mls.protocol.message.Messages" time="0.001"/>
  <testcase name="should round-trip to the same binary value" classname="com.github.traderjoe95.mls.protocol.message.Messages" time="0.0"/>
  <testcase name="should be decoded properly" classname="com.github.traderjoe95.mls.protocol.message.Messages" time="0.0"/>
  <testcase name="should round-trip to the same binary value" classname="com.github.traderjoe95.mls.protocol.message.Messages" time="0.0"/>
  <testcase name="should be decoded properly" classname="com.github.traderjoe95.mls.protocol.message.Messages" time="0.0"/>
  <testcase name="should round-trip to the same binary value" classname="com.github.traderjoe95.mls.protocol.message.Messages" time="0.0"/>
  <testcase name="should be decoded properly" classname="com.github.traderjoe95.mls.protocol.message.Messages" time="0.0"/>
  <testcase name="should round-trip to the same binary value" classname="com.github.traderjoe95.mls.protocol.message.Messages" time="0.0"/>
  <testcase name="should be decoded properly" classname="com.github.traderjoe95.mls.protocol.message.Messages" time="0.0"/>
  <testcase name="should round-trip to the same binary value" classname="com.github.traderjoe95.mls.protocol.message.Messages" time="0.0"/>
  <testcase name="should be decoded properly" classname="com.github.traderjoe95.mls.protocol.message.Messages" time="0.001"/>
  <testcase name="should round-trip to the same binary value" classname="com.github.traderjoe95.mls.protocol.message.Messages" time="0.0"/>
  <testcase name="should be decoded properly" classname="com.github.traderjoe95.mls.protocol.message.Messages" time="0.0"/>
  <testcase name="should round-trip to the same binary value" classname="com.github.traderjoe95.mls.protocol.message.Messages" time="0.0"/>
  <testcase name="should be decoded properly" classname="com.github.traderjoe95.mls.protocol.message.Messages" time="0.0"/>
  <testcase name="should round-trip to the same binary value" classname="com.github.traderjoe95.mls.protocol.message.Messages" time="0.0"/>
  <testcase name="should be decoded properly" classname="com.github.traderjoe95.mls.protocol.message.Messages" time="0.0"/>
  <testcase name="should round-trip to the same binary value" classname="com.github.traderjoe95.mls.protocol.message.Messages" time="0.0"/>
  <testcase name="should be decoded properly" classname="com.github.traderjoe95.mls.protocol.message.Messages" time="0.0"/>
  <testcase name="should round-trip to the same binary value" classname="com.github.traderjoe95.mls.protocol.message.Messages" time="0.0"/>
  <testcase name="should be decoded properly" classname="com.github.traderjoe95.mls.protocol.message.Messages" time="0.0"/>
  <testcase name="should round-trip to the same binary value" classname="com.github.traderjoe95.mls.protocol.message.Messages" time="0.0"/>
  <testcase name="should be decoded properly" classname="com.github.traderjoe95.mls.protocol.message.Messages" time="0.0"/>
  <testcase name="should round-trip to the same binary value" classname="com.github.traderjoe95.mls.protocol.message.Messages" time="0.0"/>
  <testcase name="should be decoded properly" classname="com.github.traderjoe95.mls.protocol.message.Messages" time="0.0"/>
  <testcase name="should round-trip to the same binary value" classname="com.github.traderjoe95.mls.protocol.message.Messages" time="0.0"/>
  <testcase name="should be decoded properly" classname="com.github.traderjoe95.mls.protocol.message.Messages" time="0.0"/>
  <testcase name="should round-trip to the same binary value" classname="com.github.traderjoe95.mls.protocol.message.Messages" time="0.0"/>
  <testcase name="should be decoded properly" classname="com.github.traderjoe95.mls.protocol.message.Messages" time="0.0"/>
  <testcase name="should round-trip to the same binary value" classname="com.github.traderjoe95.mls.protocol.message.Messages" time="0.001"/>
  <testcase name="should be decoded properly" classname="com.github.traderjoe95.mls.protocol.message.Messages" time="0.0"/>
  <testcase name="should round-trip to the same binary value" classname="com.github.traderjoe95.mls.protocol.message.Messages" time="0.0"/>
  <testcase name="should be decoded properly" classname="com.github.traderjoe95.mls.protocol.message.Messages" time="0.0"/>
  <testcase name="should round-trip to the same binary value" classname="com.github.traderjoe95.mls.protocol.message.Messages" time="0.001"/>
  <testcase name="should be decoded properly" classname="com.github.traderjoe95.mls.protocol.message.Messages" time="0.0"/>
  <testcase name="should round-trip to the same binary value" classname="com.github.traderjoe95.mls.protocol.message.Messages" time="0.001"/>
  <testcase name="should be decoded properly" classname="com.github.traderjoe95.mls.protocol.message.Messages" time="0.0"/>
  <testcase name="should round-trip to the same binary value" classname="com.github.traderjoe95.mls.protocol.message.Messages" time="0.0"/>
  <testcase name="should be decoded properly" classname="com.github.traderjoe95.mls.protocol.message.Messages" time="0.0"/>
  <testcase name="should round-trip to the same binary value" classname="com.github.traderjoe95.mls.protocol.message.Messages" time="0.001"/>
  <testcase name="should be decoded properly" classname="com.github.traderjoe95.mls.protocol.message.Messages" time="0.001"/>
  <testcase name="should round-trip to the same binary value" classname="com.github.traderjoe95.mls.protocol.message.Messages" time="0.001"/>
  <testcase name="should be decoded properly" classname="com.github.traderjoe95.mls.protocol.message.Messages" time="0.0"/>
  <testcase name="should round-trip to the same binary value" classname="com.github.traderjoe95.mls.protocol.message.Messages" time="0.0"/>
  <testcase name="should be decoded properly" classname="com.github.traderjoe95.mls.protocol.message.Messages" time="0.001"/>
  <testcase name="should round-trip to the same binary value" classname="com.github.traderjoe95.mls.protocol.message.Messages" time="0.0"/>
  <testcase name="should be decoded properly" classname="com.github.traderjoe95.mls.protocol.message.Messages" time="0.0"/>
  <testcase name="should round-trip to the same binary value" classname="com.github.traderjoe95.mls.protocol.message.Messages" time="0.0"/>
  <testcase name="should be decoded properly" classname="com.github.traderjoe95.mls.protocol.message.Messages" time="0.001"/>
  <testcase name="should round-trip to the same binary value" classname="com.github.traderjoe95.mls.protocol.message.Messages" time="0.0"/>
  <testcase name="should be decoded properly" classname="com.github.traderjoe95.mls.protocol.message.Messages" time="0.0"/>
  <testcase name="should round-trip to the same binary value" classname="com.github.traderjoe95.mls.protocol.message.Messages" time="0.001"/>
  <testcase name="should be decoded properly" classname="com.github.traderjoe95.mls.protocol.message.Messages" time="0.0"/>
  <testcase name="should round-trip to the same binary value" classname="com.github.traderjoe95.mls.protocol.message.Messages" time="0.0"/>
  <testcase name="should be decoded properly" classname="com.github.traderjoe95.mls.protocol.message.Messages" time="0.0"/>
  <testcase name="should round-trip to the same binary value" classname="com.github.traderjoe95.mls.protocol.message.Messages" time="0.0"/>
  <testcase name="should be decoded properly" classname="com.github.traderjoe95.mls.protocol.message.Messages" time="0.0"/>
  <testcase name="should round-trip to the same binary value" classname="com.github.traderjoe95.mls.protocol.message.Messages" time="0.0"/>
  <testcase name="should be decoded properly" classname="com.github.traderjoe95.mls.protocol.message.Messages" time="0.0"/>
  <testcase name="should round-trip to the same binary value" classname="com.github.traderjoe95.mls.protocol.message.Messages" time="0.0"/>
  <testcase name="should be decoded properly" classname="com.github.traderjoe95.mls.protocol.message.Messages" time="0.0"/>
  <testcase name="should round-trip to the same binary value" classname="com.github.traderjoe95.mls.protocol.message.Messages" time="0.0"/>
  <testcase name="should be decoded properly" classname="com.github.traderjoe95.mls.protocol.message.Messages" time="0.0"/>
  <testcase name="should round-trip to the same binary value" classname="com.github.traderjoe95.mls.protocol.message.Messages" time="0.001"/>
  <testcase name="should be decoded properly" classname="com.github.traderjoe95.mls.protocol.message.Messages" time="0.0"/>
  <testcase name="should round-trip to the same binary value" classname="com.github.traderjoe95.mls.protocol.message.Messages" time="0.0"/>
  <testcase name="should be decoded properly" classname="com.github.traderjoe95.mls.protocol.message.Messages" time="0.0"/>
  <testcase name="should round-trip to the same binary value" classname="com.github.traderjoe95.mls.protocol.message.Messages" time="0.001"/>
  <testcase name="should be decoded properly" classname="com.github.traderjoe95.mls.protocol.message.Messages" time="0.001"/>
  <testcase name="should round-trip to the same binary value" classname="com.github.traderjoe95.mls.protocol.message.Messages" time="0.0"/>
  <testcase name="should be decoded properly" classname="com.github.traderjoe95.mls.protocol.message.Messages" time="0.0"/>
  <testcase name="should round-trip to the same binary value" classname="com.github.traderjoe95.mls.protocol.message.Messages" time="0.0"/>
  <testcase name="should be decoded properly" classname="com.github.traderjoe95.mls.protocol.message.Messages" time="0.0"/>
  <testcase name="should round-trip to the same binary value" classname="com.github.traderjoe95.mls.protocol.message.Messages" time="0.0"/>
  <testcase name="should be decoded properly" classname="com.github.traderjoe95.mls.protocol.message.Messages" time="0.0"/>
  <testcase name="should round-trip to the same binary value" classname="com.github.traderjoe95.mls.protocol.message.Messages" time="0.0"/>
  <testcase name="should be decoded properly" classname="com.github.traderjoe95.mls.protocol.message.Messages" time="0.0"/>
  <testcase name="should round-trip to the same binary value" classname="com.github.traderjoe95.mls.protocol.message.Messages" time="0.001"/>
  <testcase name="should be decoded properly" classname="com.github.traderjoe95.mls.protocol.message.Messages" time="0.0"/>
  <testcase name="should round-trip to the same binary value" classname="com.github.traderjoe95.mls.protocol.message.Messages" time="0.0"/>
  <testcase name="should be decoded properly" classname="com.github.traderjoe95.mls.protocol.message.Messages" time="0.0"/>
  <testcase name="should round-trip to the same binary value" classname="com.github.traderjoe95.mls.protocol.message.Messages" time="0.0"/>
  <testcase name="should be decoded properly" classname="com.github.traderjoe95.mls.protocol.message.Messages" time="0.0"/>
  <testcase name="should round-trip to the same binary value" classname="com.github.traderjoe95.mls.protocol.message.Messages" time="0.0"/>
  <testcase name="should be decoded properly" classname="com.github.traderjoe95.mls.protocol.message.Messages" time="0.0"/>
  <testcase name="should round-trip to the same binary value" classname="com.github.traderjoe95.mls.protocol.message.Messages" time="0.001"/>
  <testcase name="should be decoded properly" classname="com.github.traderjoe95.mls.protocol.message.Messages" time="0.0"/>
  <testcase name="should round-trip to the same binary value" classname="com.github.traderjoe95.mls.protocol.message.Messages" time="0.0"/>
  <testcase name="should be decoded properly" classname="com.github.traderjoe95.mls.protocol.message.Messages" time="0.0"/>
  <testcase name="should round-trip to the same binary value" classname="com.github.traderjoe95.mls.protocol.message.Messages" time="0.001"/>
  <testcase name="should be decoded properly" classname="com.github.traderjoe95.mls.protocol.message.Messages" time="0.0"/>
  <testcase name="should round-trip to the same binary value" classname="com.github.traderjoe95.mls.protocol.message.Messages" time="0.0"/>
  <testcase name="should be decoded properly" classname="com.github.traderjoe95.mls.protocol.message.Messages" time="0.001"/>
  <testcase name="should round-trip to the same binary value" classname="com.github.traderjoe95.mls.protocol.message.Messages" time="0.0"/>
  <testcase name="should be decoded properly" classname="com.github.traderjoe95.mls.protocol.message.Messages" time="0.0"/>
  <testcase name="should round-trip to the same binary value" classname="com.github.traderjoe95.mls.protocol.message.Messages" time="0.001"/>
  <testcase name="should be decoded properly" classname="com.github.traderjoe95.mls.protocol.message.Messages" time="0.001"/>
  <testcase name="should round-trip to the same binary value" classname="com.github.traderjoe95.mls.protocol.message.Messages" time="0.0"/>
  <testcase name="should be decoded properly" classname="com.github.traderjoe95.mls.protocol.message.Messages" time="0.0"/>
  <testcase name="should round-trip to the same binary value" classname="com.github.traderjoe95.mls.protocol.message.Messages" time="0.001"/>
  <testcase name="should be decoded properly" classname="com.github.traderjoe95.mls.protocol.message.Messages" time="0.0"/>
  <testcase name="should round-trip to the same binary value" classname="com.github.traderjoe95.mls.protocol.message.Messages" time="0.001"/>
  <testcase name="should be decoded properly" classname="com.github.traderjoe95.mls.protocol.message.Messages" time="0.0"/>
  <testcase name="should round-trip to the same binary value" classname="com.github.traderjoe95.mls.protocol.message.Messages" time="0.0"/>
  <testcase name="should be decoded properly" classname="com.github.traderjoe95.mls.protocol.message.Messages" time="0.0"/>
  <testcase name="should round-trip to the same binary value" classname="com.github.traderjoe95.mls.protocol.message.Messages" time="0.0"/>
  <testcase name="should be decoded properly" classname="com.github.traderjoe95.mls.protocol.message.Messages" time="0.0"/>
  <testcase name="should round-trip to the same binary value" classname="com.github.traderjoe95.mls.protocol.message.Messages" time="0.0"/>
  <testcase name="should be decoded properly" classname="com.github.traderjoe95.mls.protocol.message.Messages" time="0.0"/>
  <testcase name="should round-trip to the same binary value" classname="com.github.traderjoe95.mls.protocol.message.Messages" time="0.0"/>
  <testcase name="should be decoded properly" classname="com.github.traderjoe95.mls.protocol.message.Messages" time="0.0"/>
  <testcase name="should round-trip to the same binary value" classname="com.github.traderjoe95.mls.protocol.message.Messages" time="0.0"/>
  <testcase name="should be decoded properly" classname="com.github.traderjoe95.mls.protocol.message.Messages" time="0.0"/>
  <testcase name="should round-trip to the same binary value" classname="com.github.traderjoe95.mls.protocol.message.Messages" time="0.0"/>
  <testcase name="should be decoded properly" classname="com.github.traderjoe95.mls.protocol.message.Messages" time="0.0"/>
  <testcase name="should round-trip to the same binary value" classname="com.github.traderjoe95.mls.protocol.message.Messages" time="0.0"/>
  <testcase name="should be decoded properly" classname="com.github.traderjoe95.mls.protocol.message.Messages" time="0.0"/>
  <testcase name="should round-trip to the same binary value" classname="com.github.traderjoe95.mls.protocol.message.Messages" time="0.0"/>
  <testcase name="should be decoded properly" classname="com.github.traderjoe95.mls.protocol.message.Messages" time="0.0"/>
  <testcase name="should round-trip to the same binary value" classname="com.github.traderjoe95.mls.protocol.message.Messages" time="0.0"/>
  <testcase name="should be decoded properly" classname="com.github.traderjoe95.mls.protocol.message.Messages" time="0.0"/>
  <testcase name="should round-trip to the same binary value" classname="com.github.traderjoe95.mls.protocol.message.Messages" time="0.0"/>
  <testcase name="should be decoded properly" classname="com.github.traderjoe95.mls.protocol.message.Messages" time="0.0"/>
  <testcase name="should round-trip to the same binary value" classname="com.github.traderjoe95.mls.protocol.message.Messages" time="0.0"/>
  <testcase name="should be decoded properly" classname="com.github.traderjoe95.mls.protocol.message.Messages" time="0.0"/>
  <testcase name="should round-trip to the same binary value" classname="com.github.traderjoe95.mls.protocol.message.Messages" time="0.0"/>
  <testcase name="should be decoded properly" classname="com.github.traderjoe95.mls.protocol.message.Messages" time="0.0"/>
  <testcase name="should round-trip to the same binary value" classname="com.github.traderjoe95.mls.protocol.message.Messages" time="0.0"/>
  <testcase name="should be decoded properly" classname="com.github.traderjoe95.mls.protocol.message.Messages" time="0.0"/>
  <testcase name="should round-trip to the same binary value" classname="com.github.traderjoe95.mls.protocol.message.Messages" time="0.001"/>
  <testcase name="should be decoded properly" classname="com.github.traderjoe95.mls.protocol.message.Messages" time="0.001"/>
  <testcase name="should round-trip to the same binary value" classname="com.github.traderjoe95.mls.protocol.message.Messages" time="0.0"/>
  <testcase name="should be decoded properly" classname="com.github.traderjoe95.mls.protocol.message.Messages" time="0.0"/>
  <testcase name="should round-trip to the same binary value" classname="com.github.traderjoe95.mls.protocol.message.Messages" time="0.0"/>
  <testcase name="should be decoded properly" classname="com.github.traderjoe95.mls.protocol.message.Messages" time="0.0"/>
  <testcase name="should round-trip to the same binary value" classname="com.github.traderjoe95.mls.protocol.message.Messages" time="0.0"/>
  <testcase name="should be decoded properly" classname="com.github.traderjoe95.mls.protocol.message.Messages" time="0.001"/>
  <testcase name="should round-trip to the same binary value" classname="com.github.traderjoe95.mls.protocol.message.Messages" time="0.0"/>
  <testcase name="should be decoded properly" classname="com.github.traderjoe95.mls.protocol.message.Messages" time="0.0"/>
  <testcase name="should round-trip to the same binary value" classname="com.github.traderjoe95.mls.protocol.message.Messages" time="0.0"/>
  <testcase name="should be decoded properly" classname="com.github.traderjoe95.mls.protocol.message.Messages" time="0.0"/>
  <testcase name="should round-trip to the same binary value" classname="com.github.traderjoe95.mls.protocol.message.Messages" time="0.001"/>
  <testcase name="should be decoded properly" classname="com.github.traderjoe95.mls.protocol.message.Messages" time="0.0"/>
  <testcase name="should round-trip to the same binary value" classname="com.github.traderjoe95.mls.protocol.message.Messages" time="0.0"/>
  <testcase name="should be decoded properly" classname="com.github.traderjoe95.mls.protocol.message.Messages" time="0.0"/>
  <testcase name="should round-trip to the same binary value" classname="com.github.traderjoe95.mls.protocol.message.Messages" time="0.0"/>
  <testcase name="should be decoded properly" classname="com.github.traderjoe95.mls.protocol.message.Messages" time="0.0"/>
  <testcase name="should round-trip to the same binary value" classname="com.github.traderjoe95.mls.protocol.message.Messages" time="0.0"/>
  <testcase name="should be decoded properly" classname="com.github.traderjoe95.mls.protocol.message.Messages" time="0.0"/>
  <testcase name="should round-trip to the same binary value" classname="com.github.traderjoe95.mls.protocol.message.Messages" time="0.0"/>
  <testcase name="should be decoded properly" classname="com.github.traderjoe95.mls.protocol.message.Messages" time="0.0"/>
  <testcase name="should round-trip to the same binary value" classname="com.github.traderjoe95.mls.protocol.message.Messages" time="0.0"/>
  <testcase name="should be decoded properly" classname="com.github.traderjoe95.mls.protocol.message.Messages" time="0.0"/>
  <testcase name="should round-trip to the same binary value" classname="com.github.traderjoe95.mls.protocol.message.Messages" time="0.001"/>
  <testcase name="should be decoded properly" classname="com.github.traderjoe95.mls.protocol.message.Messages" time="0.0"/>
  <testcase name="should round-trip to the same binary value" classname="com.github.traderjoe95.mls.protocol.message.Messages" time="0.0"/>
  <testcase name="should be decoded properly" classname="com.github.traderjoe95.mls.protocol.message.Messages" time="0.0"/>
  <testcase name="should round-trip to the same binary value" classname="com.github.traderjoe95.mls.protocol.message.Messages" time="0.0"/>
  <testcase name="should be decoded properly" classname="com.github.traderjoe95.mls.protocol.message.Messages" time="0.0"/>
  <testcase name="should round-trip to the same binary value" classname="com.github.traderjoe95.mls.protocol.message.Messages" time="0.0"/>
  <testcase name="should be decoded properly" classname="com.github.traderjoe95.mls.protocol.message.Messages" time="0.0"/>
  <testcase name="should round-trip to the same binary value" classname="com.github.traderjoe95.mls.protocol.message.Messages" time="0.0"/>
  <testcase name="should be decoded properly" classname="com.github.traderjoe95.mls.protocol.message.Messages" time="0.0"/>
  <testcase name="should round-trip to the same binary value" classname="com.github.traderjoe95.mls.protocol.message.Messages" time="0.0"/>
  <testcase name="should be decoded properly" classname="com.github.traderjoe95.mls.protocol.message.Messages" time="0.0"/>
  <testcase name="should round-trip to the same binary value" classname="com.github.traderjoe95.mls.protocol.message.Messages" time="0.0"/>
  <testcase name="should be decoded properly" classname="com.github.traderjoe95.mls.protocol.message.Messages" time="0.0"/>
  <testcase name="should round-trip to the same binary value" classname="com.github.traderjoe95.mls.protocol.message.Messages" time="0.0"/>
  <testcase name="should be decoded properly" classname="com.github.traderjoe95.mls.protocol.message.Messages" time="0.0"/>
  <testcase name="should round-trip to the same binary value" classname="com.github.traderjoe95.mls.protocol.message.Messages" time="0.001"/>
  <testcase name="should be decoded properly" classname="com.github.traderjoe95.mls.protocol.message.Messages" time="0.0"/>
  <testcase name="should round-trip to the same binary value" classname="com.github.traderjoe95.mls.protocol.message.Messages" time="0.0"/>
  <testcase name="should be decoded properly" classname="com.github.traderjoe95.mls.protocol.message.Messages" time="0.0"/>
  <testcase name="should round-trip to the same binary value" classname="com.github.traderjoe95.mls.protocol.message.Messages" time="0.0"/>
  <testcase name="should be decoded properly" classname="com.github.traderjoe95.mls.protocol.message.Messages" time="0.0"/>
  <testcase name="should round-trip to the same binary value" classname="com.github.traderjoe95.mls.protocol.message.Messages" time="0.0"/>
  <testcase name="should be decoded properly" classname="com.github.traderjoe95.mls.protocol.message.Messages" time="0.001"/>
  <testcase name="should round-trip to the same binary value" classname="com.github.traderjoe95.mls.protocol.message.Messages" time="0.0"/>
  <testcase name="should be decoded properly" classname="com.github.traderjoe95.mls.protocol.message.Messages" time="0.0"/>
  <testcase name="should round-trip to the same binary value" classname="com.github.traderjoe95.mls.protocol.message.Messages" time="0.0"/>
  <testcase name="should be decoded properly" classname="com.github.traderjoe95.mls.protocol.message.Messages" time="0.0"/>
  <testcase name="should round-trip to the same binary value" classname="com.github.traderjoe95.mls.protocol.message.Messages" time="0.0"/>
  <testcase name="should be decoded properly" classname="com.github.traderjoe95.mls.protocol.message.Messages" time="0.0"/>
  <testcase name="should round-trip to the same binary value" classname="com.github.traderjoe95.mls.protocol.message.Messages" time="0.0"/>
  <testcase name="should be decoded properly" classname="com.github.traderjoe95.mls.protocol.message.Messages" time="0.0"/>
  <testcase name="should round-trip to the same binary value" classname="com.github.traderjoe95.mls.protocol.message.Messages" time="0.0"/>
  <testcase name="should be decoded properly" classname="com.github.traderjoe95.mls.protocol.message.Messages" time="0.0"/>
  <testcase name="should round-trip to the same binary value" classname="com.github.traderjoe95.mls.protocol.message.Messages" time="0.0"/>
  <testcase name="should be decoded properly" classname="com.github.traderjoe95.mls.protocol.message.Messages" time="0.0"/>
  <testcase name="should round-trip to the same binary value" classname="com.github.traderjoe95.mls.protocol.message.Messages" time="0.0"/>
  <testcase name="should be decoded properly" classname="com.github.traderjoe95.mls.protocol.message.Messages" time="0.0"/>
  <testcase name="should round-trip to the same binary value" classname="com.github.traderjoe95.mls.protocol.message.Messages" time="0.0"/>
  <testcase name="should be decoded properly" classname="com.github.traderjoe95.mls.protocol.message.Messages" time="0.001"/>
  <testcase name="should round-trip to the same binary value" classname="com.github.traderjoe95.mls.protocol.message.Messages" time="0.0"/>
  <testcase name="should be decoded properly" classname="com.github.traderjoe95.mls.protocol.message.Messages" time="0.0"/>
  <testcase name="should round-trip to the same binary value" classname="com.github.traderjoe95.mls.protocol.message.Messages" time="0.0"/>
  <testcase name="should be decoded properly" classname="com.github.traderjoe95.mls.protocol.message.Messages" time="0.0"/>
  <testcase name="should round-trip to the same binary value" classname="com.github.traderjoe95.mls.protocol.message.Messages" time="0.0"/>
  <testcase name="should be decoded properly" classname="com.github.traderjoe95.mls.protocol.message.Messages" time="0.0"/>
  <testcase name="should round-trip to the same binary value" classname="com.github.traderjoe95.mls.protocol.message.Messages" time="0.0"/>
  <testcase name="should be decoded properly" classname="com.github.traderjoe95.mls.protocol.message.Messages" time="0.0"/>
  <testcase name="should round-trip to the same binary value" classname="com.github.traderjoe95.mls.protocol.message.Messages" time="0.0"/>
  <testcase name="should be decoded properly" classname="com.github.traderjoe95.mls.protocol.message.Messages" time="0.0"/>
  <testcase name="should round-trip to the same binary value" classname="com.github.traderjoe95.mls.protocol.message.Messages" time="0.0"/>
  <testcase name="should be decoded properly" classname="com.github.traderjoe95.mls.protocol.message.Messages" time="0.0"/>
  <testcase name="should round-trip to the same binary value" classname="com.github.traderjoe95.mls.protocol.message.Messages" time="0.0"/>
  <testcase name="should be decoded properly" classname="com.github.traderjoe95.mls.protocol.message.Messages" time="0.0"/>
  <testcase name="should round-trip to the same binary value" classname="com.github.traderjoe95.mls.protocol.message.Messages" time="0.0"/>
  <testcase name="should be decoded properly" classname="com.github.traderjoe95.mls.protocol.message.Messages" time="0.0"/>
  <testcase name="should round-trip to the same binary value" classname="com.github.traderjoe95.mls.protocol.message.Messages" time="0.001"/>
  <testcase name="should be decoded properly" classname="com.github.traderjoe95.mls.protocol.message.Messages" time="0.0"/>
  <testcase name="should round-trip to the same binary value" classname="com.github.traderjoe95.mls.protocol.message.Messages" time="0.0"/>
  <testcase name="should be decoded properly" classname="com.github.traderjoe95.mls.protocol.message.Messages" time="0.0"/>
  <testcase name="should round-trip to the same binary value" classname="com.github.traderjoe95.mls.protocol.message.Messages" time="0.0"/>
  <testcase name="should be decoded properly" classname="com.github.traderjoe95.mls.protocol.message.Messages" time="0.0"/>
  <testcase name="should round-trip to the same binary value" classname="com.github.traderjoe95.mls.protocol.message.Messages" time="0.001"/>
  <testcase name="should be decoded properly" classname="com.github.traderjoe95.mls.protocol.message.Messages" time="0.0"/>
  <testcase name="should round-trip to the same binary value" classname="com.github.traderjoe95.mls.protocol.message.Messages" time="0.0"/>
  <testcase name="should be decoded properly" classname="com.github.traderjoe95.mls.protocol.message.Messages" time="0.0"/>
  <testcase name="should round-trip to the same binary value" classname="com.github.traderjoe95.mls.protocol.message.Messages" time="0.0"/>
  <testcase name="should be decoded properly" classname="com.github.traderjoe95.mls.protocol.message.Messages" time="0.0"/>
  <testcase name="should round-trip to the same binary value" classname="com.github.traderjoe95.mls.protocol.message.Messages" time="0.0"/>
  <testcase name="should be decoded properly" classname="com.github.traderjoe95.mls.protocol.message.Messages" time="0.0"/>
  <testcase name="should round-trip to the same binary value" classname="com.github.traderjoe95.mls.protocol.message.Messages" time="0.0"/>
  <testcase name="should be decoded properly" classname="com.github.traderjoe95.mls.protocol.message.Messages" time="0.0"/>
  <testcase name="should round-trip to the same binary value" classname="com.github.traderjoe95.mls.protocol.message.Messages" time="0.0"/>
  <testcase name="should be decoded properly" classname="com.github.traderjoe95.mls.protocol.message.Messages" time="0.001"/>
  <testcase name="should round-trip to the same binary value" classname="com.github.traderjoe95.mls.protocol.message.Messages" time="0.0"/>
  <testcase name="should be decoded properly" classname="com.github.traderjoe95.mls.protocol.message.Messages" time="0.0"/>
  <testcase name="should round-trip to the same binary value" classname="com.github.traderjoe95.mls.protocol.message.Messages" time="0.0"/>
  <testcase name="should be decoded properly" classname="com.github.traderjoe95.mls.protocol.message.Messages" time="0.001"/>
  <testcase name="should round-trip to the same binary value" classname="com.github.traderjoe95.mls.protocol.message.Messages" time="0.0"/>
  <testcase name="should be decoded properly" classname="com.github.traderjoe95.mls.protocol.message.Messages" time="0.0"/>
  <testcase name="should round-trip to the same binary value" classname="com.github.traderjoe95.mls.protocol.message.Messages" time="0.0"/>
  <testcase name="should be decoded properly" classname="com.github.traderjoe95.mls.protocol.message.Messages" time="0.0"/>
  <testcase name="should round-trip to the same binary value" classname="com.github.traderjoe95.mls.protocol.message.Messages" time="0.0"/>
  <testcase name="should be decoded properly" classname="com.github.traderjoe95.mls.protocol.message.Messages" time="0.0"/>
  <testcase name="should round-trip to the same binary value" classname="com.github.traderjoe95.mls.protocol.message.Messages" time="0.0"/>
  <testcase name="should be decoded properly" classname="com.github.traderjoe95.mls.protocol.message.Messages" time="0.0"/>
  <testcase name="should round-trip to the same binary value" classname="com.github.traderjoe95.mls.protocol.message.Messages" time="0.0"/>
  <testcase name="should be decoded properly" classname="com.github.traderjoe95.mls.protocol.message.Messages" time="0.0"/>
  <testcase name="should round-trip to the same binary value" classname="com.github.traderjoe95.mls.protocol.message.Messages" time="0.0"/>
  <testcase name="should be decoded properly" classname="com.github.traderjoe95.mls.protocol.message.Messages" time="0.0"/>
  <testcase name="should round-trip to the same binary value" classname="com.github.traderjoe95.mls.protocol.message.Messages" time="0.001"/>
  <testcase name="should be decoded properly" classname="com.github.traderjoe95.mls.protocol.message.Messages" time="0.0"/>
  <testcase name="should round-trip to the same binary value" classname="com.github.traderjoe95.mls.protocol.message.Messages" time="0.001"/>
  <testcase name="should be decoded properly" classname="com.github.traderjoe95.mls.protocol.message.Messages" time="0.0"/>
  <testcase name="should round-trip to the same binary value" classname="com.github.traderjoe95.mls.protocol.message.Messages" time="0.0"/>
  <testcase name="should be decoded properly" classname="com.github.traderjoe95.mls.protocol.message.Messages" time="0.0"/>
  <testcase name="should round-trip to the same binary value" classname="com.github.traderjoe95.mls.protocol.message.Messages" time="0.0"/>
  <testcase name="should be decoded properly" classname="com.github.traderjoe95.mls.protocol.message.Messages" time="0.0"/>
  <testcase name="should round-trip to the same binary value" classname="com.github.traderjoe95.mls.protocol.message.Messages" time="0.0"/>
  <testcase name="should be decoded properly" classname="com.github.traderjoe95.mls.protocol.message.Messages" time="0.0"/>
  <testcase name="should round-trip to the same binary value" classname="com.github.traderjoe95.mls.protocol.message.Messages" time="0.0"/>
  <testcase name="should be decoded properly" classname="com.github.traderjoe95.mls.protocol.message.Messages" time="0.0"/>
  <testcase name="should round-trip to the same binary value" classname="com.github.traderjoe95.mls.protocol.message.Messages" time="0.0"/>
  <testcase name="should be decoded properly" classname="com.github.traderjoe95.mls.protocol.message.Messages" time="0.0"/>
  <testcase name="should round-trip to the same binary value" classname="com.github.traderjoe95.mls.protocol.message.Messages" time="0.0"/>
  <testcase name="should be decoded properly" classname="com.github.traderjoe95.mls.protocol.message.Messages" time="0.0"/>
  <testcase name="should round-trip to the same binary value" classname="com.github.traderjoe95.mls.protocol.message.Messages" time="0.0"/>
  <testcase name="should be decoded properly" classname="com.github.traderjoe95.mls.protocol.message.Messages" time="0.0"/>
  <testcase name="should round-trip to the same binary value" classname="com.github.traderjoe95.mls.protocol.message.Messages" time="0.0"/>
  <testcase name="should be decoded properly" classname="com.github.traderjoe95.mls.protocol.message.Messages" time="0.0"/>
  <testcase name="should round-trip to the same binary value" classname="com.github.traderjoe95.mls.protocol.message.Messages" time="0.001"/>
  <testcase name="should be decoded properly" classname="com.github.traderjoe95.mls.protocol.message.Messages" time="0.0"/>
  <testcase name="should round-trip to the same binary value" classname="com.github.traderjoe95.mls.protocol.message.Messages" time="0.0"/>
  <testcase name="should be decoded properly" classname="com.github.traderjoe95.mls.protocol.message.Messages" time="0.0"/>
  <testcase name="should round-trip to the same binary value" classname="com.github.traderjoe95.mls.protocol.message.Messages" time="0.0"/>
  <testcase name="should be decoded properly" classname="com.github.traderjoe95.mls.protocol.message.Messages" time="0.0"/>
  <testcase name="should round-trip to the same binary value" classname="com.github.traderjoe95.mls.protocol.message.Messages" time="0.0"/>
  <testcase name="should be decoded properly" classname="com.github.traderjoe95.mls.protocol.message.Messages" time="0.0"/>
  <testcase name="should round-trip to the same binary value" classname="com.github.traderjoe95.mls.protocol.message.Messages" time="0.001"/>
  <testcase name="should be decoded properly" classname="com.github.traderjoe95.mls.protocol.message.Messages" time="0.0"/>
  <testcase name="should round-trip to the same binary value" classname="com.github.traderjoe95.mls.protocol.message.Messages" time="0.0"/>
  <testcase name="should be decoded properly" classname="com.github.traderjoe95.mls.protocol.message.Messages" time="0.001"/>
  <testcase name="should round-trip to the same binary value" classname="com.github.traderjoe95.mls.protocol.message.Messages" time="0.001"/>
  <testcase name="should be decoded properly" classname="com.github.traderjoe95.mls.protocol.message.Messages" time="0.0"/>
  <testcase name="should round-trip to the same binary value" classname="com.github.traderjoe95.mls.protocol.message.Messages" time="0.0"/>
  <testcase name="should be decoded properly" classname="com.github.traderjoe95.mls.protocol.message.Messages" time="0.0"/>
  <testcase name="should round-trip to the same binary value" classname="com.github.traderjoe95.mls.protocol.message.Messages" time="0.0"/>
  <testcase name="should be decoded properly" classname="com.github.traderjoe95.mls.protocol.message.Messages" time="0.0"/>
  <testcase name="should round-trip to the same binary value" classname="com.github.traderjoe95.mls.protocol.message.Messages" time="0.0"/>
  <testcase name="should be decoded properly" classname="com.github.traderjoe95.mls.protocol.message.Messages" time="0.0"/>
  <testcase name="should round-trip to the same binary value" classname="com.github.traderjoe95.mls.protocol.message.Messages" time="0.0"/>
  <testcase name="should be decoded properly" classname="com.github.traderjoe95.mls.protocol.message.Messages" time="0.0"/>
  <testcase name="should round-trip to the same binary value" classname="com.github.traderjoe95.mls.protocol.message.Messages" time="0.0"/>
  <testcase name="should be decoded properly" classname="com.github.traderjoe95.mls.protocol.message.Messages" time="0.0"/>
  <testcase name="should round-trip to the same binary value" classname="com.github.traderjoe95.mls.protocol.message.Messages" time="0.001"/>
  <testcase name="should be decoded properly" classname="com.github.traderjoe95.mls.protocol.message.Messages" time="0.0"/>
  <testcase name="should round-trip to the same binary value" classname="com.github.traderjoe95.mls.protocol.message.Messages" time="0.0"/>
  <testcase name="should be decoded properly" classname="com.github.traderjoe95.mls.protocol.message.Messages" time="0.0"/>
  <testcase name="should round-trip to the same binary value" classname="com.github.traderjoe95.mls.protocol.message.Messages" time="0.0"/>
  <testcase name="should be decoded properly" classname="com.github.traderjoe95.mls.protocol.message.Messages" time="0.0"/>
  <testcase name="should round-trip to the same binary value" classname="com.github.traderjoe95.mls.protocol.message.Messages" time="0.0"/>
  <testcase name="should be decoded properly" classname="com.github.traderjoe95.mls.protocol.message.Messages" time="0.0"/>
  <testcase name="should round-trip to the same binary value" classname="com.github.traderjoe95.mls.protocol.message.Messages" time="0.0"/>
  <testcase name="should be decoded properly" classname="com.github.traderjoe95.mls.protocol.message.Messages" time="0.0"/>
  <testcase name="should round-trip to the same binary value" classname="com.github.traderjoe95.mls.protocol.message.Messages" time="0.0"/>
  <testcase name="should be decoded properly" classname="com.github.traderjoe95.mls.protocol.message.Messages" time="0.0"/>
  <testcase name="should round-trip to the same binary value" classname="com.github.traderjoe95.mls.protocol.message.Messages" time="0.0"/>
  <testcase name="should be decoded properly" classname="com.github.traderjoe95.mls.protocol.message.Messages" time="0.0"/>
  <testcase name="should round-trip to the same binary value" classname="com.github.traderjoe95.mls.protocol.message.Messages" time="0.0"/>
  <testcase name="should be decoded properly" classname="com.github.traderjoe95.mls.protocol.message.Messages" time="0.0"/>
  <testcase name="should round-trip to the same binary value" classname="com.github.traderjoe95.mls.protocol.message.Messages" time="0.0"/>
  <testcase name="should be decoded properly" classname="com.github.traderjoe95.mls.protocol.message.Messages" time="0.0"/>
  <testcase name="should round-trip to the same binary value" classname="com.github.traderjoe95.mls.protocol.message.Messages" time="0.0"/>
  <testcase name="should be decoded properly" classname="com.github.traderjoe95.mls.protocol.message.Messages" time="0.0"/>
  <testcase name="should round-trip to the same binary value" classname="com.github.traderjoe95.mls.protocol.message.Messages" time="0.0"/>
  <testcase name="should be decoded properly" classname="com.github.traderjoe95.mls.protocol.message.Messages" time="0.0"/>
  <testcase name="should round-trip to the same binary value" classname="com.github.traderjoe95.mls.protocol.message.Messages" time="0.0"/>
  <testcase name="should be decoded properly" classname="com.github.traderjoe95.mls.protocol.message.Messages" time="0.0"/>
  <testcase name="should round-trip to the same binary value" classname="com.github.traderjoe95.mls.protocol.message.Messages" time="0.0"/>
  <testcase name="should be decoded properly" classname="com.github.traderjoe95.mls.protocol.message.Messages" time="0.0"/>
  <testcase name="should round-trip to the same binary value" classname="com.github.traderjoe95.mls.protocol.message.Messages" time="0.0"/>
  <testcase name="should be decoded properly" classname="com.github.traderjoe95.mls.protocol.message.Messages" time="0.0"/>
  <testcase name="should round-trip to the same binary value" classname="com.github.traderjoe95.mls.protocol.message.Messages" time="0.0"/>
  <testcase name="should be decoded properly" classname="com.github.traderjoe95.mls.protocol.message.Messages" time="0.0"/>
  <testcase name="should round-trip to the same binary value" classname="com.github.traderjoe95.mls.protocol.message.Messages" time="0.0"/>
  <testcase name="should be decoded properly" classname="com.github.traderjoe95.mls.protocol.message.Messages" time="0.0"/>
  <testcase name="should round-trip to the same binary value" classname="com.github.traderjoe95.mls.protocol.message.Messages" time="0.0"/>
  <testcase name="should be decoded properly" classname="com.github.traderjoe95.mls.protocol.message.Messages" time="0.0"/>
  <testcase name="should round-trip to the same binary value" classname="com.github.traderjoe95.mls.protocol.message.Messages" time="0.0"/>
  <testcase name="should be decoded properly" classname="com.github.traderjoe95.mls.protocol.message.Messages" time="0.0"/>
  <testcase name="should round-trip to the same binary value" classname="com.github.traderjoe95.mls.protocol.message.Messages" time="0.0"/>
  <testcase name="should be decoded properly" classname="com.github.traderjoe95.mls.protocol.message.Messages" time="0.0"/>
  <testcase name="should round-trip to the same binary value" classname="com.github.traderjoe95.mls.protocol.message.Messages" time="0.001"/>
  <testcase name="should be decoded properly" classname="com.github.traderjoe95.mls.protocol.message.Messages" time="0.0"/>
  <testcase name="should round-trip to the same binary value" classname="com.github.traderjoe95.mls.protocol.message.Messages" time="0.0"/>
  <testcase name="should be decoded properly" classname="com.github.traderjoe95.mls.protocol.message.Messages" time="0.0"/>
  <testcase name="should round-trip to the same binary value" classname="com.github.traderjoe95.mls.protocol.message.Messages" time="0.0"/>
  <testcase name="should be decoded properly" classname="com.github.traderjoe95.mls.protocol.message.Messages" time="0.0"/>
  <testcase name="should round-trip to the same binary value" classname="com.github.traderjoe95.mls.protocol.message.Messages" time="0.001"/>
  <testcase name="should be decoded properly" classname="com.github.traderjoe95.mls.protocol.message.Messages" time="0.0"/>
  <testcase name="should round-trip to the same binary value" classname="com.github.traderjoe95.mls.protocol.message.Messages" time="0.0"/>
  <testcase name="should be decoded properly" classname="com.github.traderjoe95.mls.protocol.message.Messages" time="0.0"/>
  <testcase name="should round-trip to the same binary value" classname="com.github.traderjoe95.mls.protocol.message.Messages" time="0.0"/>
  <testcase name="should be decoded properly" classname="com.github.traderjoe95.mls.protocol.message.Messages" time="0.0"/>
  <testcase name="should round-trip to the same binary value" classname="com.github.traderjoe95.mls.protocol.message.Messages" time="0.0"/>
  <testcase name="should be decoded properly" classname="com.github.traderjoe95.mls.protocol.message.Messages" time="0.0"/>
  <testcase name="should round-trip to the same binary value" classname="com.github.traderjoe95.mls.protocol.message.Messages" time="0.0"/>
  <testcase name="should be decoded properly" classname="com.github.traderjoe95.mls.protocol.message.Messages" time="0.0"/>
  <testcase name="should round-trip to the same binary value" classname="com.github.traderjoe95.mls.protocol.message.Messages" time="0.0"/>
  <testcase name="should be decoded properly" classname="com.github.traderjoe95.mls.protocol.message.Messages" time="0.0"/>
  <testcase name="should round-trip to the same binary value" classname="com.github.traderjoe95.mls.protocol.message.Messages" time="0.0"/>
  <testcase name="should be decoded properly" classname="com.github.traderjoe95.mls.protocol.message.Messages" time="0.0"/>
  <testcase name="should round-trip to the same binary value" classname="com.github.traderjoe95.mls.protocol.message.Messages" time="0.0"/>
  <testcase name="should be decoded properly" classname="com.github.traderjoe95.mls.protocol.message.Messages" time="0.0"/>
  <testcase name="should round-trip to the same binary value" classname="com.github.traderjoe95.mls.protocol.message.Messages" time="0.0"/>
  <testcase name="should be decoded properly" classname="com.github.traderjoe95.mls.protocol.message.Messages" time="0.0"/>
  <testcase name="should round-trip to the same binary value" classname="com.github.traderjoe95.mls.protocol.message.Messages" time="0.0"/>
  <testcase name="should be decoded properly" classname="com.github.traderjoe95.mls.protocol.message.Messages" time="0.0"/>
  <testcase name="should round-trip to the same binary value" classname="com.github.traderjoe95.mls.protocol.message.Messages" time="0.001"/>
  <testcase name="should be decoded properly" classname="com.github.traderjoe95.mls.protocol.message.Messages" time="0.0"/>
  <testcase name="should round-trip to the same binary value" classname="com.github.traderjoe95.mls.protocol.message.Messages" time="0.0"/>
  <testcase name="should be decoded properly" classname="com.github.traderjoe95.mls.protocol.message.Messages" time="0.0"/>
  <testcase name="should round-trip to the same binary value" classname="com.github.traderjoe95.mls.protocol.message.Messages" time="0.001"/>
  <testcase name="should be decoded properly" classname="com.github.traderjoe95.mls.protocol.message.Messages" time="0.0"/>
  <testcase name="should round-trip to the same binary value" classname="com.github.traderjoe95.mls.protocol.message.Messages" time="0.0"/>
  <testcase name="should be decoded properly" classname="com.github.traderjoe95.mls.protocol.message.Messages" time="0.001"/>
  <testcase name="should round-trip to the same binary value" classname="com.github.traderjoe95.mls.protocol.message.Messages" time="0.0"/>
  <testcase name="should be decoded properly" classname="com.github.traderjoe95.mls.protocol.message.Messages" time="0.0"/>
  <testcase name="should round-trip to the same binary value" classname="com.github.traderjoe95.mls.protocol.message.Messages" time="0.0"/>
  <testcase name="should be decoded properly" classname="com.github.traderjoe95.mls.protocol.message.Messages" time="0.0"/>
  <testcase name="should round-trip to the same binary value" classname="com.github.traderjoe95.mls.protocol.message.Messages" time="0.0"/>
  <testcase name="should be decoded properly" classname="com.github.traderjoe95.mls.protocol.message.Messages" time="0.0"/>
  <testcase name="should round-trip to the same binary value" classname="com.github.traderjoe95.mls.protocol.message.Messages" time="0.0"/>
  <testcase name="should be decoded properly" classname="com.github.traderjoe95.mls.protocol.message.Messages" time="0.0"/>
  <testcase name="should round-trip to the same binary value" classname="com.github.traderjoe95.mls.protocol.message.Messages" time="0.0"/>
  <testcase name="should be decoded properly" classname="com.github.traderjoe95.mls.protocol.message.Messages" time="0.0"/>
  <testcase name="should round-trip to the same binary value" classname="com.github.traderjoe95.mls.protocol.message.Messages" time="0.0"/>
  <testcase name="should be decoded properly" classname="com.github.traderjoe95.mls.protocol.message.Messages" time="0.0"/>
  <testcase name="should round-trip to the same binary value" classname="com.github.traderjoe95.mls.protocol.message.Messages" time="0.0"/>
  <testcase name="should be decoded properly" classname="com.github.traderjoe95.mls.protocol.message.Messages" time="0.0"/>
  <testcase name="should round-trip to the same binary value" classname="com.github.traderjoe95.mls.protocol.message.Messages" time="0.0"/>
  <testcase name="should be decoded properly" classname="com.github.traderjoe95.mls.protocol.message.Messages" time="0.0"/>
  <testcase name="should round-trip to the same binary value" classname="com.github.traderjoe95.mls.protocol.message.Messages" time="0.0"/>
  <testcase name="should be decoded properly" classname="com.github.traderjoe95.mls.protocol.message.Messages" time="0.0"/>
  <testcase name="should round-trip to the same binary value" classname="com.github.traderjoe95.mls.protocol.message.Messages" time="0.001"/>
  <testcase name="should be decoded properly" classname="com.github.traderjoe95.mls.protocol.message.Messages" time="0.0"/>
  <testcase name="should round-trip to the same binary value" classname="com.github.traderjoe95.mls.protocol.message.Messages" time="0.0"/>
  <testcase name="should be decoded properly" classname="com.github.traderjoe95.mls.protocol.message.Messages" time="0.0"/>
  <testcase name="should round-trip to the same binary value" classname="com.github.traderjoe95.mls.protocol.message.Messages" time="0.0"/>
  <testcase name="should be decoded properly" classname="com.github.traderjoe95.mls.protocol.message.Messages" time="0.0"/>
  <testcase name="should round-trip to the same binary value" classname="com.github.traderjoe95.mls.protocol.message.Messages" time="0.0"/>
  <testcase name="should be decoded properly" classname="com.github.traderjoe95.mls.protocol.message.Messages" time="0.0"/>
  <testcase name="should round-trip to the same binary value" classname="com.github.traderjoe95.mls.protocol.message.Messages" time="0.0"/>
  <testcase name="should be decoded properly" classname="com.github.traderjoe95.mls.protocol.message.Messages" time="0.0"/>
  <testcase name="should round-trip to the same binary value" classname="com.github.traderjoe95.mls.protocol.message.Messages" time="0.0"/>
  <testcase name="should be decoded properly" classname="com.github.traderjoe95.mls.protocol.message.Messages" time="0.001"/>
  <testcase name="should round-trip to the same binary value" classname="com.github.traderjoe95.mls.protocol.message.Messages" time="0.0"/>
  <testcase name="should be decoded properly" classname="com.github.traderjoe95.mls.protocol.message.Messages" time="0.0"/>
  <testcase name="should round-trip to the same binary value" classname="com.github.traderjoe95.mls.protocol.message.Messages" time="0.0"/>
  <testcase name="should be decoded properly" classname="com.github.traderjoe95.mls.protocol.message.Messages" time="0.0"/>
  <testcase name="should round-trip to the same binary value" classname="com.github.traderjoe95.mls.protocol.message.Messages" time="0.0"/>
  <testcase name="should be decoded properly" classname="com.github.traderjoe95.mls.protocol.message.Messages" time="0.0"/>
  <testcase name="should round-trip to the same binary value" classname="com.github.traderjoe95.mls.protocol.message.Messages" time="0.0"/>
  <testcase name="should be decoded properly" classname="com.github.traderjoe95.mls.protocol.message.Messages" time="0.001"/>
  <testcase name="should round-trip to the same binary value" classname="com.github.traderjoe95.mls.protocol.message.Messages" time="0.0"/>
  <testcase name="should be decoded properly" classname="com.github.traderjoe95.mls.protocol.message.Messages" time="0.001"/>
  <testcase name="should round-trip to the same binary value" classname="com.github.traderjoe95.mls.protocol.message.Messages" time="0.0"/>
  <testcase name="should be decoded properly" classname="com.github.traderjoe95.mls.protocol.message.Messages" time="0.0"/>
  <testcase name="should round-trip to the same binary value" classname="com.github.traderjoe95.mls.protocol.message.Messages" time="0.0"/>
  <testcase name="should be decoded properly" classname="com.github.traderjoe95.mls.protocol.message.Messages" time="0.0"/>
  <testcase name="should round-trip to the same binary value" classname="com.github.traderjoe95.mls.protocol.message.Messages" time="0.0"/>
  <testcase name="should be decoded properly" classname="com.github.traderjoe95.mls.protocol.message.Messages" time="0.0"/>
  <testcase name="should round-trip to the same binary value" classname="com.github.traderjoe95.mls.protocol.message.Messages" time="0.0"/>
  <testcase name="should be decoded properly" classname="com.github.traderjoe95.mls.protocol.message.Messages" time="0.0"/>
  <testcase name="should round-trip to the same binary value" classname="com.github.traderjoe95.mls.protocol.message.Messages" time="0.0"/>
  <testcase name="should be decoded properly" classname="com.github.traderjoe95.mls.protocol.message.Messages" time="0.0"/>
  <testcase name="should round-trip to the same binary value" classname="com.github.traderjoe95.mls.protocol.message.Messages" time="0.001"/>
  <testcase name="should be decoded properly" classname="com.github.traderjoe95.mls.protocol.message.Messages" time="0.0"/>
  <testcase name="should round-trip to the same binary value" classname="com.github.traderjoe95.mls.protocol.message.Messages" time="0.0"/>
  <testcase name="should be decoded properly" classname="com.github.traderjoe95.mls.protocol.message.Messages" time="0.0"/>
  <testcase name="should round-trip to the same binary value" classname="com.github.traderjoe95.mls.protocol.message.Messages" time="0.0"/>
  <testcase name="should be decoded properly" classname="com.github.traderjoe95.mls.protocol.message.Messages" time="0.0"/>
  <testcase name="should round-trip to the same binary value" classname="com.github.traderjoe95.mls.protocol.message.Messages" time="0.0"/>
  <testcase name="should be decoded properly" classname="com.github.traderjoe95.mls.protocol.message.Messages" time="0.0"/>
  <testcase name="should round-trip to the same binary value" classname="com.github.traderjoe95.mls.protocol.message.Messages" time="0.0"/>
  <testcase name="should be decoded properly" classname="com.github.traderjoe95.mls.protocol.message.Messages" time="0.0"/>
  <testcase name="should round-trip to the same binary value" classname="com.github.traderjoe95.mls.protocol.message.Messages" time="0.0"/>
  <testcase name="should be decoded properly" classname="com.github.traderjoe95.mls.protocol.message.Messages" time="0.001"/>
  <testcase name="should round-trip to the same binary value" classname="com.github.traderjoe95.mls.protocol.message.Messages" time="0.0"/>
  <testcase name="should be decoded properly" classname="com.github.traderjoe95.mls.protocol.message.Messages" time="0.0"/>
  <testcase name="should round-trip to the same binary value" classname="com.github.traderjoe95.mls.protocol.message.Messages" time="0.0"/>
  <testcase name="should be decoded properly" classname="com.github.traderjoe95.mls.protocol.message.Messages" time="0.0"/>
  <testcase name="should round-trip to the same binary value" classname="com.github.traderjoe95.mls.protocol.message.Messages" time="0.0"/>
  <testcase name="should be decoded properly" classname="com.github.traderjoe95.mls.protocol.message.Messages" time="0.0"/>
  <testcase name="should round-trip to the same binary value" classname="com.github.traderjoe95.mls.protocol.message.Messages" time="0.0"/>
  <testcase name="should be decoded properly" classname="com.github.traderjoe95.mls.protocol.message.Messages" time="0.0"/>
  <testcase name="should round-trip to the same binary value" classname="com.github.traderjoe95.mls.protocol.message.Messages" time="0.0"/>
  <testcase name="should be decoded properly" classname="com.github.traderjoe95.mls.protocol.message.Messages" time="0.0"/>
  <testcase name="should round-trip to the same binary value" classname="com.github.traderjoe95.mls.protocol.message.Messages" time="0.001"/>
  <testcase name="should be decoded properly" classname="com.github.traderjoe95.mls.protocol.message.Messages" time="0.0"/>
  <testcase name="should round-trip to the same binary value" classname="com.github.traderjoe95.mls.protocol.message.Messages" time="0.0"/>
  <testcase name="should be decoded properly" classname="com.github.traderjoe95.mls.protocol.message.Messages" time="0.0"/>
  <testcase name="should round-trip to the same binary value" classname="com.github.traderjoe95.mls.protocol.message.Messages" time="0.0"/>
  <testcase name="should be decoded properly" classname="com.github.traderjoe95.mls.protocol.message.Messages" time="0.0"/>
  <testcase name="should round-trip to the same binary value" classname="com.github.traderjoe95.mls.protocol.message.Messages" time="0.0"/>
  <testcase name="should be decoded properly" classname="com.github.traderjoe95.mls.protocol.message.Messages" time="0.0"/>
  <testcase name="should round-trip to the same binary value" classname="com.github.traderjoe95.mls.protocol.message.Messages" time="0.0"/>
  <testcase name="should be decoded properly" classname="com.github.traderjoe95.mls.protocol.message.Messages" time="0.0"/>
  <testcase name="should round-trip to the same binary value" classname="com.github.traderjoe95.mls.protocol.message.Messages" time="0.0"/>
  <testcase name="should be decoded properly" classname="com.github.traderjoe95.mls.protocol.message.Messages" time="0.0"/>
  <testcase name="should round-trip to the same binary value" classname="com.github.traderjoe95.mls.protocol.message.Messages" time="0.0"/>
  <testcase name="should be decoded properly" classname="com.github.traderjoe95.mls.protocol.message.Messages" time="0.0"/>
  <testcase name="should round-trip to the same binary value" classname="com.github.traderjoe95.mls.protocol.message.Messages" time="0.0"/>
  <testcase name="should be decoded properly" classname="com.github.traderjoe95.mls.protocol.message.Messages" time="0.0"/>
  <testcase name="should round-trip to the same binary value" classname="com.github.traderjoe95.mls.protocol.message.Messages" time="0.001"/>
  <testcase name="should be decoded properly" classname="com.github.traderjoe95.mls.protocol.message.Messages" time="0.0"/>
  <testcase name="should round-trip to the same binary value" classname="com.github.traderjoe95.mls.protocol.message.Messages" time="0.0"/>
  <testcase name="should be decoded properly" classname="com.github.traderjoe95.mls.protocol.message.Messages" time="0.0"/>
  <testcase name="should round-trip to the same binary value" classname="com.github.traderjoe95.mls.protocol.message.Messages" time="0.0"/>
  <testcase name="should be decoded properly" classname="com.github.traderjoe95.mls.protocol.message.Messages" time="0.0"/>
  <testcase name="should round-trip to the same binary value" classname="com.github.traderjoe95.mls.protocol.message.Messages" time="0.001"/>
  <testcase name="should be decoded properly" classname="com.github.traderjoe95.mls.protocol.message.Messages" time="0.0"/>
  <testcase name="should round-trip to the same binary value" classname="com.github.traderjoe95.mls.protocol.message.Messages" time="0.0"/>
  <testcase name="should be decoded properly" classname="com.github.traderjoe95.mls.protocol.message.Messages" time="0.0"/>
  <testcase name="should round-trip to the same binary value" classname="com.github.traderjoe95.mls.protocol.message.Messages" time="0.0"/>
  <testcase name="should be decoded properly" classname="com.github.traderjoe95.mls.protocol.message.Messages" time="0.0"/>
  <testcase name="should round-trip to the same binary value" classname="com.github.traderjoe95.mls.protocol.message.Messages" time="0.0"/>
  <testcase name="should be decoded properly" classname="com.github.traderjoe95.mls.protocol.message.Messages" time="0.0"/>
  <testcase name="should round-trip to the same binary value" classname="com.github.traderjoe95.mls.protocol.message.Messages" time="0.0"/>
  <testcase name="should be decoded properly" classname="com.github.traderjoe95.mls.protocol.message.Messages" time="0.0"/>
  <testcase name="should round-trip to the same binary value" classname="com.github.traderjoe95.mls.protocol.message.Messages" time="0.0"/>
  <testcase name="should be decoded properly" classname="com.github.traderjoe95.mls.protocol.message.Messages" time="0.0"/>
  <testcase name="should round-trip to the same binary value" classname="com.github.traderjoe95.mls.protocol.message.Messages" time="0.0"/>
  <testcase name="should be decoded properly" classname="com.github.traderjoe95.mls.protocol.message.Messages" time="0.0"/>
  <testcase name="should round-trip to the same binary value" classname="com.github.traderjoe95.mls.protocol.message.Messages" time="0.0"/>
  <testcase name="should be decoded properly" classname="com.github.traderjoe95.mls.protocol.message.Messages" time="0.0"/>
  <testcase name="should round-trip to the same binary value" classname="com.github.traderjoe95.mls.protocol.message.Messages" time="0.0"/>
  <testcase name="should be decoded properly" classname="com.github.traderjoe95.mls.protocol.message.Messages" time="0.0"/>
  <testcase name="should round-trip to the same binary value" classname="com.github.traderjoe95.mls.protocol.message.Messages" time="0.0"/>
  <testcase name="should be decoded properly" classname="com.github.traderjoe95.mls.protocol.message.Messages" time="0.0"/>
  <testcase name="should round-trip to the same binary value" classname="com.github.traderjoe95.mls.protocol.message.Messages" time="0.0"/>
  <testcase name="should be decoded properly" classname="com.github.traderjoe95.mls.protocol.message.Messages" time="0.0"/>
  <testcase name="should round-trip to the same binary value" classname="com.github.traderjoe95.mls.protocol.message.Messages" time="0.0"/>
  <testcase name="should be decoded properly" classname="com.github.traderjoe95.mls.protocol.message.Messages" time="0.0"/>
  <testcase name="should round-trip to the same binary value" classname="com.github.traderjoe95.mls.protocol.message.Messages" time="0.0"/>
  <testcase name="should be decoded properly" classname="com.github.traderjoe95.mls.protocol.message.Messages" time="0.0"/>
  <testcase name="should round-trip to the same binary value" classname="com.github.traderjoe95.mls.protocol.message.Messages" time="0.0"/>
  <testcase name="should be decoded properly" classname="com.github.traderjoe95.mls.protocol.message.Messages" time="0.0"/>
  <testcase name="should round-trip to the same binary value" classname="com.github.traderjoe95.mls.protocol.message.Messages" time="0.001"/>
  <testcase name="should be decoded properly" classname="com.github.traderjoe95.mls.protocol.message.Messages" time="0.0"/>
  <testcase name="should round-trip to the same binary value" classname="com.github.traderjoe95.mls.protocol.message.Messages" time="0.001"/>
  <testcase name="should be decoded properly" classname="com.github.traderjoe95.mls.protocol.message.Messages" time="0.0"/>
  <testcase name="should round-trip to the same binary value" classname="com.github.traderjoe95.mls.protocol.message.Messages" time="0.001"/>
  <testcase name="should be decoded properly" classname="com.github.traderjoe95.mls.protocol.message.Messages" time="0.0"/>
  <testcase name="should round-trip to the same binary value" classname="com.github.traderjoe95.mls.protocol.message.Messages" time="0.001"/>
  <testcase name="should be decoded properly" classname="com.github.traderjoe95.mls.protocol.message.Messages" time="0.0"/>
  <testcase name="should round-trip to the same binary value" classname="com.github.traderjoe95.mls.protocol.message.Messages" time="0.001"/>
  <testcase name="should be decoded properly" classname="com.github.traderjoe95.mls.protocol.message.Messages" time="0.0"/>
  <testcase name="should round-trip to the same binary value" classname="com.github.traderjoe95.mls.protocol.message.Messages" time="0.0"/>
  <testcase name="should be decoded properly" classname="com.github.traderjoe95.mls.protocol.message.Messages" time="0.0"/>
  <testcase name="should round-trip to the same binary value" classname="com.github.traderjoe95.mls.protocol.message.Messages" time="0.0"/>
  <testcase name="should be decoded properly" classname="com.github.traderjoe95.mls.protocol.message.Messages" time="0.0"/>
  <testcase name="should round-trip to the same binary value" classname="com.github.traderjoe95.mls.protocol.message.Messages" time="0.0"/>
  <testcase name="should be decoded properly" classname="com.github.traderjoe95.mls.protocol.message.Messages" time="0.0"/>
  <testcase name="should round-trip to the same binary value" classname="com.github.traderjoe95.mls.protocol.message.Messages" time="0.0"/>
  <testcase name="should be decoded properly" classname="com.github.traderjoe95.mls.protocol.message.Messages" time="0.0"/>
  <testcase name="should round-trip to the same binary value" classname="com.github.traderjoe95.mls.protocol.message.Messages" time="0.0"/>
  <testcase name="should be decoded properly" classname="com.github.traderjoe95.mls.protocol.message.Messages" time="0.0"/>
  <testcase name="should round-trip to the same binary value" classname="com.github.traderjoe95.mls.protocol.message.Messages" time="0.0"/>
  <testcase name="should be decoded properly" classname="com.github.traderjoe95.mls.protocol.message.Messages" time="0.0"/>
  <testcase name="should round-trip to the same binary value" classname="com.github.traderjoe95.mls.protocol.message.Messages" time="0.0"/>
  <testcase name="should be decoded properly" classname="com.github.traderjoe95.mls.protocol.message.Messages" time="0.0"/>
  <testcase name="should round-trip to the same binary value" classname="com.github.traderjoe95.mls.protocol.message.Messages" time="0.0"/>
  <testcase name="should be decoded properly" classname="com.github.traderjoe95.mls.protocol.message.Messages" time="0.0"/>
  <testcase name="should round-trip to the same binary value" classname="com.github.traderjoe95.mls.protocol.message.Messages" time="0.0"/>
  <testcase name="should be decoded properly" classname="com.github.traderjoe95.mls.protocol.message.Messages" time="0.0"/>
  <testcase name="should round-trip to the same binary value" classname="com.github.traderjoe95.mls.protocol.message.Messages" time="0.0"/>
  <testcase name="should be decoded properly" classname="com.github.traderjoe95.mls.protocol.message.Messages" time="0.0"/>
  <testcase name="should round-trip to the same binary value" classname="com.github.traderjoe95.mls.protocol.message.Messages" time="0.001"/>
  <testcase name="should be decoded properly" classname="com.github.traderjoe95.mls.protocol.message.Messages" time="0.0"/>
  <testcase name="should round-trip to the same binary value" classname="com.github.traderjoe95.mls.protocol.message.Messages" time="0.0"/>
  <testcase name="should be decoded properly" classname="com.github.traderjoe95.mls.protocol.message.Messages" time="0.0"/>
  <testcase name="should round-trip to the same binary value" classname="com.github.traderjoe95.mls.protocol.message.Messages" time="0.0"/>
  <testcase name="should be decoded properly" classname="com.github.traderjoe95.mls.protocol.message.Messages" time="0.001"/>
  <testcase name="should round-trip to the same binary value" classname="com.github.traderjoe95.mls.protocol.message.Messages" time="0.0"/>
  <testcase name="should be decoded properly" classname="com.github.traderjoe95.mls.protocol.message.Messages" time="0.0"/>
  <testcase name="should round-trip to the same binary value" classname="com.github.traderjoe95.mls.protocol.message.Messages" time="0.0"/>
  <testcase name="should be decoded properly" classname="com.github.traderjoe95.mls.protocol.message.Messages" time="0.0"/>
  <testcase name="should round-trip to the same binary value" classname="com.github.traderjoe95.mls.protocol.message.Messages" time="0.0"/>
  <testcase name="should be decoded properly" classname="com.github.traderjoe95.mls.protocol.message.Messages" time="0.0"/>
  <testcase name="should round-trip to the same binary value" classname="com.github.traderjoe95.mls.protocol.message.Messages" time="0.001"/>
  <testcase name="should be decoded properly" classname="com.github.traderjoe95.mls.protocol.message.Messages" time="0.0"/>
  <testcase name="should round-trip to the same binary value" classname="com.github.traderjoe95.mls.protocol.message.Messages" time="0.001"/>
  <testcase name="should be decoded properly" classname="com.github.traderjoe95.mls.protocol.message.Messages" time="0.0"/>
  <testcase name="should round-trip to the same binary value" classname="com.github.traderjoe95.mls.protocol.message.Messages" time="0.0"/>
  <testcase name="should be decoded properly" classname="com.github.traderjoe95.mls.protocol.message.Messages" time="0.0"/>
  <testcase name="should round-trip to the same binary value" classname="com.github.traderjoe95.mls.protocol.message.Messages" time="0.0"/>
  <testcase name="should be decoded properly" classname="com.github.traderjoe95.mls.protocol.message.Messages" time="0.0"/>
  <testcase name="should round-trip to the same binary value" classname="com.github.traderjoe95.mls.protocol.message.Messages" time="0.0"/>
  <testcase name="should be decoded properly" classname="com.github.traderjoe95.mls.protocol.message.Messages" time="0.0"/>
  <testcase name="should round-trip to the same binary value" classname="com.github.traderjoe95.mls.protocol.message.Messages" time="0.001"/>
  <testcase name="should be decoded properly" classname="com.github.traderjoe95.mls.protocol.message.Messages" time="0.0"/>
  <testcase name="should round-trip to the same binary value" classname="com.github.traderjoe95.mls.protocol.message.Messages" time="0.0"/>
  <testcase name="should be decoded properly" classname="com.github.traderjoe95.mls.protocol.message.Messages" time="0.0"/>
  <testcase name="should round-trip to the same binary value" classname="com.github.traderjoe95.mls.protocol.message.Messages" time="0.0"/>
  <testcase name="should be decoded properly" classname="com.github.traderjoe95.mls.protocol.message.Messages" time="0.0"/>
  <testcase name="should round-trip to the same binary value" classname="com.github.traderjoe95.mls.protocol.message.Messages" time="0.0"/>
  <testcase name="should be decoded properly" classname="com.github.traderjoe95.mls.protocol.message.Messages" time="0.0"/>
  <testcase name="should round-trip to the same binary value" classname="com.github.traderjoe95.mls.protocol.message.Messages" time="0.0"/>
  <testcase name="should be decoded properly" classname="com.github.traderjoe95.mls.protocol.message.Messages" time="0.0"/>
  <testcase name="should round-trip to the same binary value" classname="com.github.traderjoe95.mls.protocol.message.Messages" time="0.0"/>
  <testcase name="should be decoded properly" classname="com.github.traderjoe95.mls.protocol.message.Messages" time="0.0"/>
  <testcase name="should round-trip to the same binary value" classname="com.github.traderjoe95.mls.protocol.message.Messages" time="0.0"/>
  <testcase name="should be decoded properly" classname="com.github.traderjoe95.mls.protocol.message.Messages" time="0.0"/>
  <testcase name="should round-trip to the same binary value" classname="com.github.traderjoe95.mls.protocol.message.Messages" time="0.0"/>
  <testcase name="should be decoded properly" classname="com.github.traderjoe95.mls.protocol.message.Messages" time="0.0"/>
  <testcase name="should round-trip to the same binary value" classname="com.github.traderjoe95.mls.protocol.message.Messages" time="0.0"/>
  <testcase name="should be decoded properly" classname="com.github.traderjoe95.mls.protocol.message.Messages" time="0.0"/>
  <testcase name="should round-trip to the same binary value" classname="com.github.traderjoe95.mls.protocol.message.Messages" time="0.0"/>
  <testcase name="should be decoded properly" classname="com.github.traderjoe95.mls.protocol.message.Messages" time="0.0"/>
  <testcase name="should round-trip to the same binary value" classname="com.github.traderjoe95.mls.protocol.message.Messages" time="0.0"/>
  <testcase name="should be decoded properly" classname="com.github.traderjoe95.mls.protocol.message.Messages" time="0.0"/>
  <testcase name="should round-trip to the same binary value" classname="com.github.traderjoe95.mls.protocol.message.Messages" time="0.0"/>
  <testcase name="should be decoded properly" classname="com.github.traderjoe95.mls.protocol.message.Messages" time="0.0"/>
  <testcase name="should round-trip to the same binary value" classname="com.github.traderjoe95.mls.protocol.message.Messages" time="0.0"/>
  <testcase name="should be decoded properly" classname="com.github.traderjoe95.mls.protocol.message.Messages" time="0.0"/>
  <testcase name="should round-trip to the same binary value" classname="com.github.traderjoe95.mls.protocol.message.Messages" time="0.0"/>
  <testcase name="should be decoded properly" classname="com.github.traderjoe95.mls.protocol.message.Messages" time="0.0"/>
  <testcase name="should round-trip to the same binary value" classname="com.github.traderjoe95.mls.protocol.message.Messages" time="0.0"/>
  <testcase name="should be decoded properly" classname="com.github.traderjoe95.mls.protocol.message.Messages" time="0.0"/>
  <testcase name="should round-trip to the same binary value" classname="com.github.traderjoe95.mls.protocol.message.Messages" time="0.0"/>
  <testcase name="should be decoded properly" classname="com.github.traderjoe95.mls.protocol.message.Messages" time="0.0"/>
  <testcase name="should round-trip to the same binary value" classname="com.github.traderjoe95.mls.protocol.message.Messages" time="0.0"/>
  <testcase name="should be decoded properly" classname="com.github.traderjoe95.mls.protocol.message.Messages" time="0.0"/>
  <testcase name="should round-trip to the same binary value" classname="com.github.traderjoe95.mls.protocol.message.Messages" time="0.001"/>
  <testcase name="should be decoded properly" classname="com.github.traderjoe95.mls.protocol.message.Messages" time="0.001"/>
  <testcase name="should round-trip to the same binary value" classname="com.github.traderjoe95.mls.protocol.message.Messages" time="0.0"/>
  <testcase name="should be decoded properly" classname="com.github.traderjoe95.mls.protocol.message.Messages" time="0.0"/>
  <testcase name="should round-trip to the same binary value" classname="com.github.traderjoe95.mls.protocol.message.Messages" time="0.0"/>
  <testcase name="should be decoded properly" classname="com.github.traderjoe95.mls.protocol.message.Messages" time="0.0"/>
  <testcase name="should round-trip to the same binary value" classname="com.github.traderjoe95.mls.protocol.message.Messages" time="0.0"/>
  <testcase name="should be decoded properly" classname="com.github.traderjoe95.mls.protocol.message.Messages" time="0.0"/>
  <testcase name="should round-trip to the same binary value" classname="com.github.traderjoe95.mls.protocol.message.Messages" time="0.0"/>
  <testcase name="should be decoded properly" classname="com.github.traderjoe95.mls.protocol.message.Messages" time="0.0"/>
  <testcase name="should round-trip to the same binary value" classname="com.github.traderjoe95.mls.protocol.message.Messages" time="0.001"/>
  <testcase name="should be decoded properly" classname="com.github.traderjoe95.mls.protocol.message.Messages" time="0.0"/>
  <testcase name="should round-trip to the same binary value" classname="com.github.traderjoe95.mls.protocol.message.Messages" time="0.0"/>
  <testcase name="should be decoded properly" classname="com.github.traderjoe95.mls.protocol.message.Messages" time="0.0"/>
  <testcase name="should round-trip to the same binary value" classname="com.github.traderjoe95.mls.protocol.message.Messages" time="0.0"/>
  <testcase name="should be decoded properly" classname="com.github.traderjoe95.mls.protocol.message.Messages" time="0.0"/>
  <testcase name="should round-trip to the same binary value" classname="com.github.traderjoe95.mls.protocol.message.Messages" time="0.001"/>
  <testcase name="should be decoded properly" classname="com.github.traderjoe95.mls.protocol.message.Messages" time="0.0"/>
  <testcase name="should round-trip to the same binary value" classname="com.github.traderjoe95.mls.protocol.message.Messages" time="0.0"/>
  <testcase name="should be decoded properly" classname="com.github.traderjoe95.mls.protocol.message.Messages" time="0.0"/>
  <testcase name="should round-trip to the same binary value" classname="com.github.traderjoe95.mls.protocol.message.Messages" time="0.0"/>
  <testcase name="should be decoded properly" classname="com.github.traderjoe95.mls.protocol.message.Messages" time="0.0"/>
  <testcase name="should round-trip to the same binary value" classname="com.github.traderjoe95.mls.protocol.message.Messages" time="0.0"/>
  <testcase name="should be decoded properly" classname="com.github.traderjoe95.mls.protocol.message.Messages" time="0.0"/>
  <testcase name="should round-trip to the same binary value" classname="com.github.traderjoe95.mls.protocol.message.Messages" time="0.0"/>
  <testcase name="should be decoded properly" classname="com.github.traderjoe95.mls.protocol.message.Messages" time="0.0"/>
  <testcase name="should round-trip to the same binary value" classname="com.github.traderjoe95.mls.protocol.message.Messages" time="0.0"/>
  <testcase name="should be decoded properly" classname="com.github.traderjoe95.mls.protocol.message.Messages" time="0.0"/>
  <testcase name="should round-trip to the same binary value" classname="com.github.traderjoe95.mls.protocol.message.Messages" time="0.0"/>
  <testcase name="should be decoded properly" classname="com.github.traderjoe95.mls.protocol.message.Messages" time="0.0"/>
  <testcase name="should round-trip to the same binary value" classname="com.github.traderjoe95.mls.protocol.message.Messages" time="0.0"/>
  <testcase name="should be decoded properly" classname="com.github.traderjoe95.mls.protocol.message.Messages" time="0.0"/>
  <testcase name="should round-trip to the same binary value" classname="com.github.traderjoe95.mls.protocol.message.Messages" time="0.0"/>
  <testcase name="should be decoded properly" classname="com.github.traderjoe95.mls.protocol.message.Messages" time="0.0"/>
  <testcase name="should round-trip to the same binary value" classname="com.github.traderjoe95.mls.protocol.message.Messages" time="0.001"/>
  <testcase name="should be decoded properly" classname="com.github.traderjoe95.mls.protocol.message.Messages" time="0.0"/>
  <testcase name="should round-trip to the same binary value" classname="com.github.traderjoe95.mls.protocol.message.Messages" time="0.0"/>
  <testcase name="should be decoded properly" classname="com.github.traderjoe95.mls.protocol.message.Messages" time="0.0"/>
  <testcase name="should round-trip to the same binary value" classname="com.github.traderjoe95.mls.protocol.message.Messages" time="0.0"/>
  <testcase name="should be decoded properly" classname="com.github.traderjoe95.mls.protocol.message.Messages" time="0.0"/>
  <testcase name="should round-trip to the same binary value" classname="com.github.traderjoe95.mls.protocol.message.Messages" time="0.0"/>
  <testcase name="should be decoded properly" classname="com.github.traderjoe95.mls.protocol.message.Messages" time="0.0"/>
  <testcase name="should round-trip to the same binary value" classname="com.github.traderjoe95.mls.protocol.message.Messages" time="0.0"/>
  <testcase name="should be decoded properly" classname="com.github.traderjoe95.mls.protocol.message.Messages" time="0.0"/>
  <testcase name="should round-trip to the same binary value" classname="com.github.traderjoe95.mls.protocol.message.Messages" time="0.0"/>
  <testcase name="should be decoded properly" classname="com.github.traderjoe95.mls.protocol.message.Messages" time="0.0"/>
  <testcase name="should round-trip to the same binary value" classname="com.github.traderjoe95.mls.protocol.message.Messages" time="0.0"/>
  <testcase name="should be decoded properly" classname="com.github.traderjoe95.mls.protocol.message.Messages" time="0.0"/>
  <testcase name="should round-trip to the same binary value" classname="com.github.traderjoe95.mls.protocol.message.Messages" time="0.0"/>
  <testcase name="should be decoded properly" classname="com.github.traderjoe95.mls.protocol.message.Messages" time="0.0"/>
  <testcase name="should round-trip to the same binary value" classname="com.github.traderjoe95.mls.protocol.message.Messages" time="0.0"/>
  <testcase name="should be decoded properly" classname="com.github.traderjoe95.mls.protocol.message.Messages" time="0.0"/>
  <testcase name="should round-trip to the same binary value" classname="com.github.traderjoe95.mls.protocol.message.Messages" time="0.0"/>
  <testcase name="should be decoded properly" classname="com.github.traderjoe95.mls.protocol.message.Messages" time="0.0"/>
  <testcase name="should round-trip to the same binary value" classname="com.github.traderjoe95.mls.protocol.message.Messages" time="0.0"/>
  <testcase name="should be decoded properly" classname="com.github.traderjoe95.mls.protocol.message.Messages" time="0.0"/>
  <testcase name="should round-trip to the same binary value" classname="com.github.traderjoe95.mls.protocol.message.Messages" time="0.0"/>
  <testcase name="should be decoded properly" classname="com.github.traderjoe95.mls.protocol.message.Messages" time="0.0"/>
  <testcase name="should round-trip to the same binary value" classname="com.github.traderjoe95.mls.protocol.message.Messages" time="0.0"/>
  <testcase name="should be decoded properly" classname="com.github.traderjoe95.mls.protocol.message.Messages" time="0.0"/>
  <testcase name="should round-trip to the same binary value" classname="com.github.traderjoe95.mls.protocol.message.Messages" time="0.001"/>
  <testcase name="should be decoded properly" classname="com.github.traderjoe95.mls.protocol.message.Messages" time="0.0"/>
  <testcase name="should round-trip to the same binary value" classname="com.github.traderjoe95.mls.protocol.message.Messages" time="0.001"/>
  <testcase name="should be decoded properly" classname="com.github.traderjoe95.mls.protocol.message.Messages" time="0.0"/>
  <testcase name="should round-trip to the same binary value" classname="com.github.traderjoe95.mls.protocol.message.Messages" time="0.0"/>
  <testcase name="should be decoded properly" classname="com.github.traderjoe95.mls.protocol.message.Messages" time="0.0"/>
  <testcase name="should round-trip to the same binary value" classname="com.github.traderjoe95.mls.protocol.message.Messages" time="0.0"/>
  <testcase name="should be decoded properly" classname="com.github.traderjoe95.mls.protocol.message.Messages" time="0.0"/>
  <testcase name="should round-trip to the same binary value" classname="com.github.traderjoe95.mls.protocol.message.Messages" time="0.0"/>
  <testcase name="should be decoded properly" classname="com.github.traderjoe95.mls.protocol.message.Messages" time="0.0"/>
  <testcase name="should round-trip to the same binary value" classname="com.github.traderjoe95.mls.protocol.message.Messages" time="0.0"/>
  <testcase name="should be decoded properly" classname="com.github.traderjoe95.mls.protocol.message.Messages" time="0.0"/>
  <testcase name="should round-trip to the same binary value" classname="com.github.traderjoe95.mls.protocol.message.Messages" time="0.0"/>
  <testcase name="should be decoded properly" classname="com.github.traderjoe95.mls.protocol.message.Messages" time="0.0"/>
  <testcase name="should round-trip to the same binary value" classname="com.github.traderjoe95.mls.protocol.message.Messages" time="0.001"/>
  <testcase name="should be decoded properly" classname="com.github.traderjoe95.mls.protocol.message.Messages" time="0.0"/>
  <testcase name="should round-trip to the same binary value" classname="com.github.traderjoe95.mls.protocol.message.Messages" time="0.0"/>
  <testcase name="should be decoded properly" classname="com.github.traderjoe95.mls.protocol.message.Messages" time="0.0"/>
  <testcase name="should round-trip to the same binary value" classname="com.github.traderjoe95.mls.protocol.message.Messages" time="0.0"/>
  <testcase name="should be decoded properly" classname="com.github.traderjoe95.mls.protocol.message.Messages" time="0.0"/>
  <testcase name="should round-trip to the same binary value" classname="com.github.traderjoe95.mls.protocol.message.Messages" time="0.0"/>
  <testcase name="should be decoded properly" classname="com.github.traderjoe95.mls.protocol.message.Messages" time="0.0"/>
  <testcase name="should round-trip to the same binary value" classname="com.github.traderjoe95.mls.protocol.message.Messages" time="0.0"/>
  <testcase name="should be decoded properly" classname="com.github.traderjoe95.mls.protocol.message.Messages" time="0.0"/>
  <testcase name="should round-trip to the same binary value" classname="com.github.traderjoe95.mls.protocol.message.Messages" time="0.0"/>
  <testcase name="should be decoded properly" classname="com.github.traderjoe95.mls.protocol.message.Messages" time="0.0"/>
  <testcase name="should round-trip to the same binary value" classname="com.github.traderjoe95.mls.protocol.message.Messages" time="0.0"/>
  <testcase name="should be decoded properly" classname="com.github.traderjoe95.mls.protocol.message.Messages" time="0.0"/>
  <testcase name="should round-trip to the same binary value" classname="com.github.traderjoe95.mls.protocol.message.Messages" time="0.0"/>
  <testcase name="should be decoded properly" classname="com.github.traderjoe95.mls.protocol.message.Messages" time="0.001"/>
  <testcase name="should round-trip to the same binary value" classname="com.github.traderjoe95.mls.protocol.message.Messages" time="0.0"/>
  <testcase name="should be decoded properly" classname="com.github.traderjoe95.mls.protocol.message.Messages" time="0.0"/>
  <testcase name="should round-trip to the same binary value" classname="com.github.traderjoe95.mls.protocol.message.Messages" time="0.0"/>
  <testcase name="should be decoded properly" classname="com.github.traderjoe95.mls.protocol.message.Messages" time="0.0"/>
  <testcase name="should round-trip to the same binary value" classname="com.github.traderjoe95.mls.protocol.message.Messages" time="0.0"/>
  <testcase name="should be decoded properly" classname="com.github.traderjoe95.mls.protocol.message.Messages" time="0.0"/>
  <testcase name="should round-trip to the same binary value" classname="com.github.traderjoe95.mls.protocol.message.Messages" time="0.0"/>
  <testcase name="should be decoded properly" classname="com.github.traderjoe95.mls.protocol.message.Messages" time="0.0"/>
  <testcase name="should round-trip to the same binary value" classname="com.github.traderjoe95.mls.protocol.message.Messages" time="0.0"/>
  <testcase name="should be decoded properly" classname="com.github.traderjoe95.mls.protocol.message.Messages" time="0.0"/>
  <testcase name="should round-trip to the same binary value" classname="com.github.traderjoe95.mls.protocol.message.Messages" time="0.0"/>
  <testcase name="should be decoded properly" classname="com.github.traderjoe95.mls.protocol.message.Messages" time="0.0"/>
  <testcase name="should round-trip to the same binary value" classname="com.github.traderjoe95.mls.protocol.message.Messages" time="0.0"/>
  <testcase name="should be decoded properly" classname="com.github.traderjoe95.mls.protocol.message.Messages" time="0.0"/>
  <testcase name="should round-trip to the same binary value" classname="com.github.traderjoe95.mls.protocol.message.Messages" time="0.0"/>
  <testcase name="should be decoded properly" classname="com.github.traderjoe95.mls.protocol.message.Messages" time="0.0"/>
  <testcase name="should round-trip to the same binary value" classname="com.github.traderjoe95.mls.protocol.message.Messages" time="0.0"/>
  <testcase name="should be decoded properly" classname="com.github.traderjoe95.mls.protocol.message.Messages" time="0.0"/>
  <testcase name="should round-trip to the same binary value" classname="com.github.traderjoe95.mls.protocol.message.Messages" time="0.0"/>
  <testcase name="should be decoded properly" classname="com.github.traderjoe95.mls.protocol.message.Messages" time="0.0"/>
  <testcase name="should round-trip to the same binary value" classname="com.github.traderjoe95.mls.protocol.message.Messages" time="0.0"/>
  <testcase name="should be decoded properly" classname="com.github.traderjoe95.mls.protocol.message.Messages" time="0.0"/>
  <testcase name="should round-trip to the same binary value" classname="com.github.traderjoe95.mls.protocol.message.Messages" time="0.0"/>
  <testcase name="should be decoded properly" classname="com.github.traderjoe95.mls.protocol.message.Messages" time="0.0"/>
  <testcase name="should round-trip to the same binary value" classname="com.github.traderjoe95.mls.protocol.message.Messages" time="0.001"/>
  <testcase name="should be decoded properly" classname="com.github.traderjoe95.mls.protocol.message.Messages" time="0.0"/>
  <testcase name="should round-trip to the same binary value" classname="com.github.traderjoe95.mls.protocol.message.Messages" time="0.0"/>
  <testcase name="should be decoded properly" classname="com.github.traderjoe95.mls.protocol.message.Messages" time="0.0"/>
  <testcase name="should round-trip to the same binary value" classname="com.github.traderjoe95.mls.protocol.message.Messages" time="0.0"/>
  <testcase name="should be decoded properly" classname="com.github.traderjoe95.mls.protocol.message.Messages" time="0.0"/>
  <testcase name="should round-trip to the same binary value" classname="com.github.traderjoe95.mls.protocol.message.Messages" time="0.0"/>
  <testcase name="should be decoded properly" classname="com.github.traderjoe95.mls.protocol.message.Messages" time="0.001"/>
  <testcase name="should round-trip to the same binary value" classname="com.github.traderjoe95.mls.protocol.message.Messages" time="0.0"/>
  <testcase name="should be decoded properly" classname="com.github.traderjoe95.mls.protocol.message.Messages" time="0.0"/>
  <testcase name="should round-trip to the same binary value" classname="com.github.traderjoe95.mls.protocol.message.Messages" time="0.0"/>
  <testcase name="should be decoded properly" classname="com.github.traderjoe95.mls.protocol.message.Messages" time="0.0"/>
  <testcase name="should round-trip to the same binary value" classname="com.github.traderjoe95.mls.protocol.message.Messages" time="0.0"/>
  <testcase name="should be decoded properly" classname="com.github.traderjoe95.mls.protocol.message.Messages" time="0.0"/>
  <testcase name="should round-trip to the same binary value" classname="com.github.traderjoe95.mls.protocol.message.Messages" time="0.0"/>
  <testcase name="should be decoded properly" classname="com.github.traderjoe95.mls.protocol.message.Messages" time="0.0"/>
  <testcase name="should round-trip to the same binary value" classname="com.github.traderjoe95.mls.protocol.message.Messages" time="0.0"/>
  <testcase name="should be decoded properly" classname="com.github.traderjoe95.mls.protocol.message.Messages" time="0.0"/>
  <testcase name="should round-trip to the same binary value" classname="com.github.traderjoe95.mls.protocol.message.Messages" time="0.0"/>
  <testcase name="should be decoded properly" classname="com.github.traderjoe95.mls.protocol.message.Messages" time="0.0"/>
  <testcase name="should round-trip to the same binary value" classname="com.github.traderjoe95.mls.protocol.message.Messages" time="0.0"/>
  <testcase name="should be decoded properly" classname="com.github.traderjoe95.mls.protocol.message.Messages" time="0.0"/>
  <testcase name="should round-trip to the same binary value" classname="com.github.traderjoe95.mls.protocol.message.Messages" time="0.0"/>
  <testcase name="should be decoded properly" classname="com.github.traderjoe95.mls.protocol.message.Messages" time="0.0"/>
  <testcase name="should round-trip to the same binary value" classname="com.github.traderjoe95.mls.protocol.message.Messages" time="0.0"/>
  <testcase name="should be decoded properly" classname="com.github.traderjoe95.mls.protocol.message.Messages" time="0.0"/>
  <testcase name="should round-trip to the same binary value" classname="com.github.traderjoe95.mls.protocol.message.Messages" time="0.0"/>
  <testcase name="should be decoded properly" classname="com.github.traderjoe95.mls.protocol.message.Messages" time="0.0"/>
  <testcase name="should round-trip to the same binary value" classname="com.github.traderjoe95.mls.protocol.message.Messages" time="0.0"/>
  <testcase name="should be decoded properly" classname="com.github.traderjoe95.mls.protocol.message.Messages" time="0.0"/>
  <testcase name="should round-trip to the same binary value" classname="com.github.traderjoe95.mls.protocol.message.Messages" time="0.001"/>
  <testcase name="should be decoded properly" classname="com.github.traderjoe95.mls.protocol.message.Messages" time="0.0"/>
  <testcase name="should round-trip to the same binary value" classname="com.github.traderjoe95.mls.protocol.message.Messages" time="0.001"/>
  <testcase name="should be decoded properly" classname="com.github.traderjoe95.mls.protocol.message.Messages" time="0.0"/>
  <testcase name="should round-trip to the same binary value" classname="com.github.traderjoe95.mls.protocol.message.Messages" time="0.001"/>
  <testcase name="should be decoded properly" classname="com.github.traderjoe95.mls.protocol.message.Messages" time="0.0"/>
  <testcase name="should round-trip to the same binary value" classname="com.github.traderjoe95.mls.protocol.message.Messages" time="0.001"/>
  <testcase name="should be decoded properly" classname="com.github.traderjoe95.mls.protocol.message.Messages" time="0.0"/>
  <testcase name="should round-trip to the same binary value" classname="com.github.traderjoe95.mls.protocol.message.Messages" time="0.001"/>
  <testcase name="should be decoded properly" classname="com.github.traderjoe95.mls.protocol.message.Messages" time="0.0"/>
  <testcase name="should round-trip to the same binary value" classname="com.github.traderjoe95.mls.protocol.message.Messages" time="0.0"/>
  <testcase name="should be decoded properly" classname="com.github.traderjoe95.mls.protocol.message.Messages" time="0.0"/>
  <testcase name="should round-trip to the same binary value" classname="com.github.traderjoe95.mls.protocol.message.Messages" time="0.0"/>
  <testcase name="should be decoded properly" classname="com.github.traderjoe95.mls.protocol.message.Messages" time="0.0"/>
  <testcase name="should round-trip to the same binary value" classname="com.github.traderjoe95.mls.protocol.message.Messages" time="0.0"/>
  <testcase name="should be decoded properly" classname="com.github.traderjoe95.mls.protocol.message.Messages" time="0.0"/>
  <testcase name="should round-trip to the same binary value" classname="com.github.traderjoe95.mls.protocol.message.Messages" time="0.0"/>
  <testcase name="should be decoded properly" classname="com.github.traderjoe95.mls.protocol.message.Messages" time="0.0"/>
  <testcase name="should round-trip to the same binary value" classname="com.github.traderjoe95.mls.protocol.message.Messages" time="0.0"/>
  <testcase name="should be decoded properly" classname="com.github.traderjoe95.mls.protocol.message.Messages" time="0.0"/>
  <testcase name="should round-trip to the same binary value" classname="com.github.traderjoe95.mls.protocol.message.Messages" time="0.0"/>
  <testcase name="should be decoded properly" classname="com.github.traderjoe95.mls.protocol.message.Messages" time="0.0"/>
  <testcase name="should round-trip to the same binary value" classname="com.github.traderjoe95.mls.protocol.message.Messages" time="0.0"/>
  <testcase name="should be decoded properly" classname="com.github.traderjoe95.mls.protocol.message.Messages" time="0.0"/>
  <testcase name="should round-trip to the same binary value" classname="com.github.traderjoe95.mls.protocol.message.Messages" time="0.0"/>
  <testcase name="should be decoded properly" classname="com.github.traderjoe95.mls.protocol.message.Messages" time="0.0"/>
  <testcase name="should round-trip to the same binary value" classname="com.github.traderjoe95.mls.protocol.message.Messages" time="0.0"/>
  <testcase name="should be decoded properly" classname="com.github.traderjoe95.mls.protocol.message.Messages" time="0.0"/>
  <testcase name="should round-trip to the same binary value" classname="com.github.traderjoe95.mls.protocol.message.Messages" time="0.0"/>
  <testcase name="should be decoded properly" classname="com.github.traderjoe95.mls.protocol.message.Messages" time="0.0"/>
  <testcase name="should round-trip to the same binary value" classname="com.github.traderjoe95.mls.protocol.message.Messages" time="0.0"/>
  <testcase name="should be decoded properly" classname="com.github.traderjoe95.mls.protocol.message.Messages" time="0.001"/>
  <testcase name="should round-trip to the same binary value" classname="com.github.traderjoe95.mls.protocol.message.Messages" time="0.0"/>
  <testcase name="should be decoded properly" classname="com.github.traderjoe95.mls.protocol.message.Messages" time="0.0"/>
  <testcase name="should round-trip to the same binary value" classname="com.github.traderjoe95.mls.protocol.message.Messages" time="0.001"/>
  <testcase name="should be decoded properly" classname="com.github.traderjoe95.mls.protocol.message.Messages" time="0.0"/>
  <testcase name="should round-trip to the same binary value" classname="com.github.traderjoe95.mls.protocol.message.Messages" time="0.0"/>
  <testcase name="should be decoded properly" classname="com.github.traderjoe95.mls.protocol.message.Messages" time="0.0"/>
  <testcase name="should round-trip to the same binary value" classname="com.github.traderjoe95.mls.protocol.message.Messages" time="0.0"/>
  <testcase name="should be decoded properly" classname="com.github.traderjoe95.mls.protocol.message.Messages" time="0.0"/>
  <testcase name="should round-trip to the same binary value" classname="com.github.traderjoe95.mls.protocol.message.Messages" time="0.0"/>
  <testcase name="should be decoded properly" classname="com.github.traderjoe95.mls.protocol.message.Messages" time="0.0"/>
  <testcase name="should round-trip to the same binary value" classname="com.github.traderjoe95.mls.protocol.message.Messages" time="0.0"/>
  <testcase name="should be decoded properly" classname="com.github.traderjoe95.mls.protocol.message.Messages" time="0.0"/>
  <testcase name="should round-trip to the same binary value" classname="com.github.traderjoe95.mls.protocol.message.Messages" time="0.0"/>
  <testcase name="should be decoded properly" classname="com.github.traderjoe95.mls.protocol.message.Messages" time="0.0"/>
  <testcase name="should round-trip to the same binary value" classname="com.github.traderjoe95.mls.protocol.message.Messages" time="0.0"/>
  <testcase name="should be decoded properly" classname="com.github.traderjoe95.mls.protocol.message.Messages" time="0.001"/>
  <testcase name="should round-trip to the same binary value" classname="com.github.traderjoe95.mls.protocol.message.Messages" time="0.0"/>
  <testcase name="should be decoded properly" classname="com.github.traderjoe95.mls.protocol.message.Messages" time="0.0"/>
  <testcase name="should round-trip to the same binary value" classname="com.github.traderjoe95.mls.protocol.message.Messages" time="0.0"/>
  <testcase name="should be decoded properly" classname="com.github.traderjoe95.mls.protocol.message.Messages" time="0.0"/>
  <testcase name="should round-trip to the same binary value" classname="com.github.traderjoe95.mls.protocol.message.Messages" time="0.0"/>
  <testcase name="should be decoded properly" classname="com.github.traderjoe95.mls.protocol.message.Messages" time="0.001"/>
  <testcase name="should round-trip to the same binary value" classname="com.github.traderjoe95.mls.protocol.message.Messages" time="0.0"/>
  <testcase name="should be decoded properly" classname="com.github.traderjoe95.mls.protocol.message.Messages" time="0.0"/>
  <testcase name="should round-trip to the same binary value" classname="com.github.traderjoe95.mls.protocol.message.Messages" time="0.0"/>
  <testcase name="should be decoded properly" classname="com.github.traderjoe95.mls.protocol.message.Messages" time="0.0"/>
  <testcase name="should round-trip to the same binary value" classname="com.github.traderjoe95.mls.protocol.message.Messages" time="0.0"/>
  <testcase name="should be decoded properly" classname="com.github.traderjoe95.mls.protocol.message.Messages" time="0.0"/>
  <testcase name="should round-trip to the same binary value" classname="com.github.traderjoe95.mls.protocol.message.Messages" time="0.001"/>
  <testcase name="should be decoded properly" classname="com.github.traderjoe95.mls.protocol.message.Messages" time="0.0"/>
  <testcase name="should round-trip to the same binary value" classname="com.github.traderjoe95.mls.protocol.message.Messages" time="0.0"/>
  <testcase name="should be decoded properly" classname="com.github.traderjoe95.mls.protocol.message.Messages" time="0.0"/>
  <testcase name="should round-trip to the same binary value" classname="com.github.traderjoe95.mls.protocol.message.Messages" time="0.0"/>
  <testcase name="should be decoded properly" classname="com.github.traderjoe95.mls.protocol.message.Messages" time="0.0"/>
  <testcase name="should round-trip to the same binary value" classname="com.github.traderjoe95.mls.protocol.message.Messages" time="0.0"/>
  <testcase name="should be decoded properly" classname="com.github.traderjoe95.mls.protocol.message.Messages" time="0.0"/>
  <testcase name="should round-trip to the same binary value" classname="com.github.traderjoe95.mls.protocol.message.Messages" time="0.0"/>
  <testcase name="should be decoded properly" classname="com.github.traderjoe95.mls.protocol.message.Messages" time="0.0"/>
  <testcase name="should round-trip to the same binary value" classname="com.github.traderjoe95.mls.protocol.message.Messages" time="0.0"/>
  <testcase name="should be decoded properly" classname="com.github.traderjoe95.mls.protocol.message.Messages" time="0.0"/>
  <testcase name="should round-trip to the same binary value" classname="com.github.traderjoe95.mls.protocol.message.Messages" time="0.0"/>
  <testcase name="should be decoded properly" classname="com.github.traderjoe95.mls.protocol.message.Messages" time="0.0"/>
  <testcase name="should round-trip to the same binary value" classname="com.github.traderjoe95.mls.protocol.message.Messages" time="0.0"/>
  <testcase name="should be decoded properly" classname="com.github.traderjoe95.mls.protocol.message.Messages" time="0.0"/>
  <testcase name="should round-trip to the same binary value" classname="com.github.traderjoe95.mls.protocol.message.Messages" time="0.001"/>
  <testcase name="should be decoded properly" classname="com.github.traderjoe95.mls.protocol.message.Messages" time="0.0"/>
  <testcase name="should round-trip to the same binary value" classname="com.github.traderjoe95.mls.protocol.message.Messages" time="0.0"/>
  <testcase name="should be decoded properly" classname="com.github.traderjoe95.mls.protocol.message.Messages" time="0.0"/>
  <testcase name="should round-trip to the same binary value" classname="com.github.traderjoe95.mls.protocol.message.Messages" time="0.0"/>
  <testcase name="should be decoded properly" classname="com.github.traderjoe95.mls.protocol.message.Messages" time="0.0"/>
  <testcase name="should round-trip to the same binary value" classname="com.github.traderjoe95.mls.protocol.message.Messages" time="0.0"/>
  <testcase name="should be decoded properly" classname="com.github.traderjoe95.mls.protocol.message.Messages" time="0.001"/>
  <testcase name="should round-trip to the same binary value" classname="com.github.traderjoe95.mls.protocol.message.Messages" time="0.0"/>
  <testcase name="should be decoded properly" classname="com.github.traderjoe95.mls.protocol.message.Messages" time="0.0"/>
  <testcase name="should round-trip to the same binary value" classname="com.github.traderjoe95.mls.protocol.message.Messages" time="0.001"/>
  <testcase name="should be decoded properly" classname="com.github.traderjoe95.mls.protocol.message.Messages" time="0.001"/>
  <testcase name="should round-trip to the same binary value" classname="com.github.traderjoe95.mls.protocol.message.Messages" time="0.0"/>
  <testcase name="should be decoded properly" classname="com.github.traderjoe95.mls.protocol.message.Messages" time="0.0"/>
  <testcase name="should round-trip to the same binary value" classname="com.github.traderjoe95.mls.protocol.message.Messages" time="0.001"/>
  <testcase name="should be decoded properly" classname="com.github.traderjoe95.mls.protocol.message.Messages" time="0.0"/>
  <testcase name="should round-trip to the same binary value" classname="com.github.traderjoe95.mls.protocol.message.Messages" time="0.0"/>
  <testcase name="should be decoded properly" classname="com.github.traderjoe95.mls.protocol.message.Messages" time="0.0"/>
  <testcase name="should round-trip to the same binary value" classname="com.github.traderjoe95.mls.protocol.message.Messages" time="0.0"/>
  <testcase name="should be decoded properly" classname="com.github.traderjoe95.mls.protocol.message.Messages" time="0.0"/>
  <testcase name="should round-trip to the same binary value" classname="com.github.traderjoe95.mls.protocol.message.Messages" time="0.0"/>
  <testcase name="should be decoded properly" classname="com.github.traderjoe95.mls.protocol.message.Messages" time="0.001"/>
  <testcase name="should round-trip to the same binary value" classname="com.github.traderjoe95.mls.protocol.message.Messages" time="0.0"/>
  <testcase name="should be decoded properly" classname="com.github.traderjoe95.mls.protocol.message.Messages" time="0.0"/>
  <testcase name="should round-trip to the same binary value" classname="com.github.traderjoe95.mls.protocol.message.Messages" time="0.0"/>
  <testcase name="should be decoded properly" classname="com.github.traderjoe95.mls.protocol.message.Messages" time="0.0"/>
  <testcase name="should round-trip to the same binary value" classname="com.github.traderjoe95.mls.protocol.message.Messages" time="0.001"/>
  <testcase name="should be decoded properly" classname="com.github.traderjoe95.mls.protocol.message.Messages" time="0.0"/>
  <testcase name="should round-trip to the same binary value" classname="com.github.traderjoe95.mls.protocol.message.Messages" time="0.0"/>
  <testcase name="should be decoded properly" classname="com.github.traderjoe95.mls.protocol.message.Messages" time="0.0"/>
  <testcase name="should round-trip to the same binary value" classname="com.github.traderjoe95.mls.protocol.message.Messages" time="0.0"/>
  <testcase name="should be decoded properly" classname="com.github.traderjoe95.mls.protocol.message.Messages" time="0.0"/>
  <testcase name="should round-trip to the same binary value" classname="com.github.traderjoe95.mls.protocol.message.Messages" time="0.0"/>
  <testcase name="should be decoded properly" classname="com.github.traderjoe95.mls.protocol.message.Messages" time="0.0"/>
  <testcase name="should round-trip to the same binary value" classname="com.github.traderjoe95.mls.protocol.message.Messages" time="0.0"/>
  <testcase name="should be decoded properly" classname="com.github.traderjoe95.mls.protocol.message.Messages" time="0.0"/>
  <testcase name="should round-trip to the same binary value" classname="com.github.traderjoe95.mls.protocol.message.Messages" time="0.0"/>
  <testcase name="should be decoded properly" classname="com.github.traderjoe95.mls.protocol.message.Messages" time="0.0"/>
  <testcase name="should round-trip to the same binary value" classname="com.github.traderjoe95.mls.protocol.message.Messages" time="0.0"/>
  <testcase name="should be decoded properly" classname="com.github.traderjoe95.mls.protocol.message.Messages" time="0.0"/>
  <testcase name="should round-trip to the same binary value" classname="com.github.traderjoe95.mls.protocol.message.Messages" time="0.0"/>
  <testcase name="should be decoded properly" classname="com.github.traderjoe95.mls.protocol.message.Messages" time="0.0"/>
  <testcase name="should round-trip to the same binary value" classname="com.github.traderjoe95.mls.protocol.message.Messages" time="0.0"/>
  <testcase name="should be decoded properly" classname="com.github.traderjoe95.mls.protocol.message.Messages" time="0.0"/>
  <testcase name="should round-trip to the same binary value" classname="com.github.traderjoe95.mls.protocol.message.Messages" time="0.001"/>
  <testcase name="should be decoded properly" classname="com.github.traderjoe95.mls.protocol.message.Messages" time="0.0"/>
  <testcase name="should round-trip to the same binary value" classname="com.github.traderjoe95.mls.protocol.message.Messages" time="0.0"/>
  <testcase name="should be decoded properly" classname="com.github.traderjoe95.mls.protocol.message.Messages" time="0.0"/>
  <testcase name="should round-trip to the same binary value" classname="com.github.traderjoe95.mls.protocol.message.Messages" time="0.001"/>
  <testcase name="should be decoded properly" classname="com.github.traderjoe95.mls.protocol.message.Messages" time="0.0"/>
  <testcase name="should round-trip to the same binary value" classname="com.github.traderjoe95.mls.protocol.message.Messages" time="0.0"/>
  <testcase name="should be decoded properly" classname="com.github.traderjoe95.mls.protocol.message.Messages" time="0.001"/>
  <testcase name="should round-trip to the same binary value" classname="com.github.traderjoe95.mls.protocol.message.Messages" time="0.001"/>
  <testcase name="should be decoded properly" classname="com.github.traderjoe95.mls.protocol.message.Messages" time="0.0"/>
  <testcase name="should round-trip to the same binary value" classname="com.github.traderjoe95.mls.protocol.message.Messages" time="0.0"/>
  <testcase name="should be decoded properly" classname="com.github.traderjoe95.mls.protocol.message.Messages" time="0.0"/>
  <testcase name="should round-trip to the same binary value" classname="com.github.traderjoe95.mls.protocol.message.Messages" time="0.0"/>
  <testcase name="should be decoded properly" classname="com.github.traderjoe95.mls.protocol.message.Messages" time="0.0"/>
  <testcase name="should round-trip to the same binary value" classname="com.github.traderjoe95.mls.protocol.message.Messages" time="0.0"/>
  <testcase name="should be decoded properly" classname="com.github.traderjoe95.mls.protocol.message.Messages" time="0.001"/>
  <testcase name="should round-trip to the same binary value" classname="com.github.traderjoe95.mls.protocol.message.Messages" time="0.0"/>
  <testcase name="should be decoded properly" classname="com.github.traderjoe95.mls.protocol.message.Messages" time="0.0"/>
  <testcase name="should round-trip to the same binary value" classname="com.github.traderjoe95.mls.protocol.message.Messages" time="0.0"/>
  <testcase name="should be decoded properly" classname="com.github.traderjoe95.mls.protocol.message.Messages" time="0.0"/>
  <testcase name="should round-trip to the same binary value" classname="com.github.traderjoe95.mls.protocol.message.Messages" time="0.0"/>
  <testcase name="should be decoded properly" classname="com.github.traderjoe95.mls.protocol.message.Messages" time="0.0"/>
  <testcase name="should round-trip to the same binary value" classname="com.github.traderjoe95.mls.protocol.message.Messages" time="0.0"/>
  <testcase name="should be decoded properly" classname="com.github.traderjoe95.mls.protocol.message.Messages" time="0.0"/>
  <testcase name="should round-trip to the same binary value" classname="com.github.traderjoe95.mls.protocol.message.Messages" time="0.0"/>
  <testcase name="should be decoded properly" classname="com.github.traderjoe95.mls.protocol.message.Messages" time="0.0"/>
  <testcase name="should round-trip to the same binary value" classname="com.github.traderjoe95.mls.protocol.message.Messages" time="0.0"/>
  <testcase name="should be decoded properly" classname="com.github.traderjoe95.mls.protocol.message.Messages" time="0.0"/>
  <testcase name="should round-trip to the same binary value" classname="com.github.traderjoe95.mls.protocol.message.Messages" time="0.0"/>
  <testcase name="should be decoded properly" classname="com.github.traderjoe95.mls.protocol.message.Messages" time="0.0"/>
  <testcase name="should round-trip to the same binary value" classname="com.github.traderjoe95.mls.protocol.message.Messages" time="0.0"/>
  <testcase name="should be decoded properly" classname="com.github.traderjoe95.mls.protocol.message.Messages" time="0.0"/>
  <testcase name="should round-trip to the same binary value" classname="com.github.traderjoe95.mls.protocol.message.Messages" time="0.001"/>
  <testcase name="should be decoded properly" classname="com.github.traderjoe95.mls.protocol.message.Messages" time="0.0"/>
  <testcase name="should round-trip to the same binary value" classname="com.github.traderjoe95.mls.protocol.message.Messages" time="0.0"/>
  <testcase name="should be decoded properly" classname="com.github.traderjoe95.mls.protocol.message.Messages" time="0.0"/>
  <testcase name="should round-trip to the same binary value" classname="com.github.traderjoe95.mls.protocol.message.Messages" time="0.0"/>
  <testcase name="should be decoded properly" classname="com.github.traderjoe95.mls.protocol.message.Messages" time="0.001"/>
  <testcase name="should round-trip to the same binary value" classname="com.github.traderjoe95.mls.protocol.message.Messages" time="0.0"/>
  <testcase name="should be decoded properly" classname="com.github.traderjoe95.mls.protocol.message.Messages" time="0.0"/>
  <testcase name="should round-trip to the same binary value" classname="com.github.traderjoe95.mls.protocol.message.Messages" time="0.0"/>
  <testcase name="should be decoded properly" classname="com.github.traderjoe95.mls.protocol.message.Messages" time="0.0"/>
  <testcase name="should round-trip to the same binary value" classname="com.github.traderjoe95.mls.protocol.message.Messages" time="0.0"/>
  <testcase name="should be decoded properly" classname="com.github.traderjoe95.mls.protocol.message.Messages" time="0.0"/>
  <testcase name="should round-trip to the same binary value" classname="com.github.traderjoe95.mls.protocol.message.Messages" time="0.0"/>
  <testcase name="should be decoded properly" classname="com.github.traderjoe95.mls.protocol.message.Messages" time="0.0"/>
  <testcase name="should round-trip to the same binary value" classname="com.github.traderjoe95.mls.protocol.message.Messages" time="0.0"/>
  <testcase name="should be decoded properly" classname="com.github.traderjoe95.mls.protocol.message.Messages" time="0.0"/>
  <testcase name="should round-trip to the same binary value" classname="com.github.traderjoe95.mls.protocol.message.Messages" time="0.0"/>
  <testcase name="should be decoded properly" classname="com.github.traderjoe95.mls.protocol.message.Messages" time="0.0"/>
  <testcase name="should round-trip to the same binary value" classname="com.github.traderjoe95.mls.protocol.message.Messages" time="0.0"/>
  <testcase name="should be decoded properly" classname="com.github.traderjoe95.mls.protocol.message.Messages" time="0.0"/>
  <testcase name="should round-trip to the same binary value" classname="com.github.traderjoe95.mls.protocol.message.Messages" time="0.0"/>
  <testcase name="should be decoded properly" classname="com.github.traderjoe95.mls.protocol.message.Messages" time="0.0"/>
  <testcase name="should round-trip to the same binary value" classname="com.github.traderjoe95.mls.protocol.message.Messages" time="0.0"/>
  <testcase name="should be decoded properly" classname="com.github.traderjoe95.mls.protocol.message.Messages" time="0.0"/>
  <testcase name="should round-trip to the same binary value" classname="com.github.traderjoe95.mls.protocol.message.Messages" time="0.0"/>
  <testcase name="should be decoded properly" classname="com.github.traderjoe95.mls.protocol.message.Messages" time="0.0"/>
  <testcase name="should round-trip to the same binary value" classname="com.github.traderjoe95.mls.protocol.message.Messages" time="0.0"/>
  <testcase name="should be decoded properly" classname="com.github.traderjoe95.mls.protocol.message.Messages" time="0.0"/>
  <testcase name="should round-trip to the same binary value" classname="com.github.traderjoe95.mls.protocol.message.Messages" time="0.0"/>
  <testcase name="should be decoded properly" classname="com.github.traderjoe95.mls.protocol.message.Messages" time="0.0"/>
  <testcase name="should round-trip to the same binary value" classname="com.github.traderjoe95.mls.protocol.message.Messages" time="0.001"/>
  <testcase name="should be decoded properly" classname="com.github.traderjoe95.mls.protocol.message.Messages" time="0.0"/>
  <testcase name="should round-trip to the same binary value" classname="com.github.traderjoe95.mls.protocol.message.Messages" time="0.0"/>
  <testcase name="should be decoded properly" classname="com.github.traderjoe95.mls.protocol.message.Messages" time="0.001"/>
  <testcase name="should round-trip to the same binary value" classname="com.github.traderjoe95.mls.protocol.message.Messages" time="0.0"/>
  <testcase name="should be decoded properly" classname="com.github.traderjoe95.mls.protocol.message.Messages" time="0.0"/>
  <testcase name="should round-trip to the same binary value" classname="com.github.traderjoe95.mls.protocol.message.Messages" time="0.0"/>
  <testcase name="should be decoded properly" classname="com.github.traderjoe95.mls.protocol.message.Messages" time="0.0"/>
  <testcase name="should round-trip to the same binary value" classname="com.github.traderjoe95.mls.protocol.message.Messages" time="0.0"/>
  <testcase name="should be decoded properly" classname="com.github.traderjoe95.mls.protocol.message.Messages" time="0.0"/>
  <testcase name="should round-trip to the same binary value" classname="com.github.traderjoe95.mls.protocol.message.Messages" time="0.0"/>
  <testcase name="should be decoded properly" classname="com.github.traderjoe95.mls.protocol.message.Messages" time="0.0"/>
  <testcase name="should round-trip to the same binary value" classname="com.github.traderjoe95.mls.protocol.message.Messages" time="0.0"/>
  <testcase name="should be decoded properly" classname="com.github.traderjoe95.mls.protocol.message.Messages" time="0.0"/>
  <testcase name="should round-trip to the same binary value" classname="com.github.traderjoe95.mls.protocol.message.Messages" time="0.0"/>
  <testcase name="should be decoded properly" classname="com.github.traderjoe95.mls.protocol.message.Messages" time="0.0"/>
  <testcase name="should round-trip to the same binary value" classname="com.github.traderjoe95.mls.protocol.message.Messages" time="0.0"/>
  <testcase name="should be decoded properly" classname="com.github.traderjoe95.mls.protocol.message.Messages" time="0.0"/>
  <testcase name="should round-trip to the same binary value" classname="com.github.traderjoe95.mls.protocol.message.Messages" time="0.0"/>
  <testcase name="should be decoded properly" classname="com.github.traderjoe95.mls.protocol.message.Messages" time="0.001"/>
  <testcase name="should round-trip to the same binary value" classname="com.github.traderjoe95.mls.protocol.message.Messages" time="0.0"/>
  <testcase name="should be decoded properly" classname="com.github.traderjoe95.mls.protocol.message.Messages" time="0.0"/>
  <testcase name="should round-trip to the same binary value" classname="com.github.traderjoe95.mls.protocol.message.Messages" time="0.0"/>
  <testcase name="should be decoded properly" classname="com.github.traderjoe95.mls.protocol.message.Messages" time="0.0"/>
  <testcase name="should round-trip to the same binary value" classname="com.github.traderjoe95.mls.protocol.message.Messages" time="0.0"/>
  <testcase name="should be decoded properly" classname="com.github.traderjoe95.mls.protocol.message.Messages" time="0.0"/>
  <testcase name="should round-trip to the same binary value" classname="com.github.traderjoe95.mls.protocol.message.Messages" time="0.0"/>
  <testcase name="should be decoded properly" classname="com.github.traderjoe95.mls.protocol.message.Messages" time="0.0"/>
  <testcase name="should round-trip to the same binary value" classname="com.github.traderjoe95.mls.protocol.message.Messages" time="0.0"/>
  <testcase name="should be decoded properly" classname="com.github.traderjoe95.mls.protocol.message.Messages" time="0.0"/>
  <testcase name="should round-trip to the same binary value" classname="com.github.traderjoe95.mls.protocol.message.Messages" time="0.0"/>
  <testcase name="should be decoded properly" classname="com.github.traderjoe95.mls.protocol.message.Messages" time="0.001"/>
  <testcase name="should round-trip to the same binary value" classname="com.github.traderjoe95.mls.protocol.message.Messages" time="0.0"/>
  <testcase name="should be decoded properly" classname="com.github.traderjoe95.mls.protocol.message.Messages" time="0.0"/>
  <testcase name="should round-trip to the same binary value" classname="com.github.traderjoe95.mls.protocol.message.Messages" time="0.0"/>
  <testcase name="should be decoded properly" classname="com.github.traderjoe95.mls.protocol.message.Messages" time="0.0"/>
  <testcase name="should round-trip to the same binary value" classname="com.github.traderjoe95.mls.protocol.message.Messages" time="0.0"/>
  <testcase name="should be decoded properly" classname="com.github.traderjoe95.mls.protocol.message.Messages" time="0.0"/>
  <testcase name="should round-trip to the same binary value" classname="com.github.traderjoe95.mls.protocol.message.Messages" time="0.0"/>
  <testcase name="should be decoded properly" classname="com.github.traderjoe95.mls.protocol.message.Messages" time="0.0"/>
  <testcase name="should round-trip to the same binary value" classname="com.github.traderjoe95.mls.protocol.message.Messages" time="0.0"/>
  <testcase name="should be decoded properly" classname="com.github.traderjoe95.mls.protocol.message.Messages" time="0.001"/>
  <testcase name="should round-trip to the same binary value" classname="com.github.traderjoe95.mls.protocol.message.Messages" time="0.0"/>
  <testcase name="should be decoded properly" classname="com.github.traderjoe95.mls.protocol.message.Messages" time="0.0"/>
  <testcase name="should round-trip to the same binary value" classname="com.github.traderjoe95.mls.protocol.message.Messages" time="0.0"/>
  <testcase name="should be decoded properly" classname="com.github.traderjoe95.mls.protocol.message.Messages" time="0.001"/>
  <testcase name="should round-trip to the same binary value" classname="com.github.traderjoe95.mls.protocol.message.Messages" time="0.0"/>
  <testcase name="should be decoded properly" classname="com.github.traderjoe95.mls.protocol.message.Messages" time="0.0"/>
  <testcase name="should round-trip to the same binary value" classname="com.github.traderjoe95.mls.protocol.message.Messages" time="0.0"/>
  <testcase name="should be decoded properly" classname="com.github.traderjoe95.mls.protocol.message.Messages" time="0.001"/>
  <testcase name="should round-trip to the same binary value" classname="com.github.traderjoe95.mls.protocol.message.Messages" time="0.0"/>
  <testcase name="should be decoded properly" classname="com.github.traderjoe95.mls.protocol.message.Messages" time="0.0"/>
  <testcase name="should round-trip to the same binary value" classname="com.github.traderjoe95.mls.protocol.message.Messages" time="0.0"/>
  <testcase name="should be decoded properly" classname="com.github.traderjoe95.mls.protocol.message.Messages" time="0.0"/>
  <testcase name="should round-trip to the same binary value" classname="com.github.traderjoe95.mls.protocol.message.Messages" time="0.0"/>
  <testcase name="should be decoded properly" classname="com.github.traderjoe95.mls.protocol.message.Messages" time="0.0"/>
  <testcase name="should round-trip to the same binary value" classname="com.github.traderjoe95.mls.protocol.message.Messages" time="0.0"/>
  <testcase name="should be decoded properly" classname="com.github.traderjoe95.mls.protocol.message.Messages" time="0.0"/>
  <testcase name="should round-trip to the same binary value" classname="com.github.traderjoe95.mls.protocol.message.Messages" time="0.0"/>
  <testcase name="should be decoded properly" classname="com.github.traderjoe95.mls.protocol.message.Messages" time="0.0"/>
  <testcase name="should round-trip to the same binary value" classname="com.github.traderjoe95.mls.protocol.message.Messages" time="0.001"/>
  <testcase name="should be decoded properly" classname="com.github.traderjoe95.mls.protocol.message.Messages" time="0.0"/>
  <testcase name="should round-trip to the same binary value" classname="com.github.traderjoe95.mls.protocol.message.Messages" time="0.001"/>
  <testcase name="should be decoded properly" classname="com.github.traderjoe95.mls.protocol.message.Messages" time="0.0"/>
  <testcase name="should round-trip to the same binary value" classname="com.github.traderjoe95.mls.protocol.message.Messages" time="0.0"/>
  <testcase name="should be decoded properly" classname="com.github.traderjoe95.mls.protocol.message.Messages" time="0.0"/>
  <testcase name="should round-trip to the same binary value" classname="com.github.traderjoe95.mls.protocol.message.Messages" time="0.0"/>
  <testcase name="should be decoded properly" classname="com.github.traderjoe95.mls.protocol.message.Messages" time="0.0"/>
  <testcase name="should round-trip to the same binary value" classname="com.github.traderjoe95.mls.protocol.message.Messages" time="0.0"/>
  <testcase name="should be decoded properly" classname="com.github.traderjoe95.mls.protocol.message.Messages" time="0.0"/>
  <testcase name="should round-trip to the same binary value" classname="com.github.traderjoe95.mls.protocol.message.Messages" time="0.0"/>
  <testcase name="should be decoded properly" classname="com.github.traderjoe95.mls.protocol.message.Messages" time="0.0"/>
  <testcase name="should round-trip to the same binary value" classname="com.github.traderjoe95.mls.protocol.message.Messages" time="0.0"/>
  <testcase name="should be decoded properly" classname="com.github.traderjoe95.mls.protocol.message.Messages" time="0.0"/>
  <testcase name="should round-trip to the same binary value" classname="com.github.traderjoe95.mls.protocol.message.Messages" time="0.0"/>
  <testcase name="should be decoded properly" classname="com.github.traderjoe95.mls.protocol.message.Messages" time="0.0"/>
  <testcase name="should round-trip to the same binary value" classname="com.github.traderjoe95.mls.protocol.message.Messages" time="0.001"/>
  <testcase name="should be decoded properly" classname="com.github.traderjoe95.mls.protocol.message.Messages" time="0.0"/>
  <testcase name="should round-trip to the same binary value" classname="com.github.traderjoe95.mls.protocol.message.Messages" time="0.001"/>
  <testcase name="should be decoded properly" classname="com.github.traderjoe95.mls.protocol.message.Messages" time="0.0"/>
  <testcase name="should round-trip to the same binary value" classname="com.github.traderjoe95.mls.protocol.message.Messages" time="0.0"/>
  <testcase name="should be decoded properly" classname="com.github.traderjoe95.mls.protocol.message.Messages" time="0.0"/>
  <testcase name="should round-trip to the same binary value" classname="com.github.traderjoe95.mls.protocol.message.Messages" time="0.0"/>
  <testcase name="should be decoded properly" classname="com.github.traderjoe95.mls.protocol.message.Messages" time="0.0"/>
  <testcase name="should round-trip to the same binary value" classname="com.github.traderjoe95.mls.protocol.message.Messages" time="0.0"/>
  <testcase name="should be decoded properly" classname="com.github.traderjoe95.mls.protocol.message.Messages" time="0.0"/>
  <testcase name="should round-trip to the same binary value" classname="com.github.traderjoe95.mls.protocol.message.Messages" time="0.0"/>
  <testcase name="should be decoded properly" classname="com.github.traderjoe95.mls.protocol.message.Messages" time="0.0"/>
  <testcase name="should round-trip to the same binary value" classname="com.github.traderjoe95.mls.protocol.message.Messages" time="0.0"/>
  <testcase name="should be decoded properly" classname="com.github.traderjoe95.mls.protocol.message.Messages" time="0.0"/>
  <testcase name="should round-trip to the same binary value" classname="com.github.traderjoe95.mls.protocol.message.Messages" time="0.0"/>
  <testcase name="should be decoded properly" classname="com.github.traderjoe95.mls.protocol.message.Messages" time="0.0"/>
  <testcase name="should round-trip to the same binary value" classname="com.github.traderjoe95.mls.protocol.message.Messages" time="0.0"/>
  <testcase name="should be decoded properly" classname="com.github.traderjoe95.mls.protocol.message.Messages" time="0.0"/>
  <testcase name="should round-trip to the same binary value" classname="com.github.traderjoe95.mls.protocol.message.Messages" time="0.0"/>
  <testcase name="should be decoded properly" classname="com.github.traderjoe95.mls.protocol.message.Messages" time="0.0"/>
  <testcase name="should round-trip to the same binary value" classname="com.github.traderjoe95.mls.protocol.message.Messages" time="0.0"/>
  <testcase name="should be decoded properly" classname="com.github.traderjoe95.mls.protocol.message.Messages" time="0.0"/>
  <testcase name="should round-trip to the same binary value" classname="com.github.traderjoe95.mls.protocol.message.Messages" time="0.0"/>
  <testcase name="should be decoded properly" classname="com.github.traderjoe95.mls.protocol.message.Messages" time="0.0"/>
  <testcase name="should round-trip to the same binary value" classname="com.github.traderjoe95.mls.protocol.message.Messages" time="0.0"/>
  <testcase name="should be decoded properly" classname="com.github.traderjoe95.mls.protocol.message.Messages" time="0.0"/>
  <testcase name="should round-trip to the same binary value" classname="com.github.traderjoe95.mls.protocol.message.Messages" time="0.0"/>
  <testcase name="should be decoded properly" classname="com.github.traderjoe95.mls.protocol.message.Messages" time="0.0"/>
  <testcase name="should round-trip to the same binary value" classname="com.github.traderjoe95.mls.protocol.message.Messages" time="0.0"/>
  <testcase name="should be decoded properly" classname="com.github.traderjoe95.mls.protocol.message.Messages" time="0.0"/>
  <testcase name="should round-trip to the same binary value" classname="com.github.traderjoe95.mls.protocol.message.Messages" time="0.001"/>
  <testcase name="should be decoded properly" classname="com.github.traderjoe95.mls.protocol.message.Messages" time="0.0"/>
  <testcase name="should round-trip to the same binary value" classname="com.github.traderjoe95.mls.protocol.message.Messages" time="0.0"/>
  <testcase name="should be decoded properly" classname="com.github.traderjoe95.mls.protocol.message.Messages" time="0.0"/>
  <testcase name="should round-trip to the same binary value" classname="com.github.traderjoe95.mls.protocol.message.Messages" time="0.0"/>
  <testcase name="should be decoded properly" classname="com.github.traderjoe95.mls.protocol.message.Messages" time="0.0"/>
  <testcase name="should round-trip to the same binary value" classname="com.github.traderjoe95.mls.protocol.message.Messages" time="0.0"/>
  <testcase name="should be decoded properly" classname="com.github.traderjoe95.mls.protocol.message.Messages" time="0.0"/>
  <testcase name="should round-trip to the same binary value" classname="com.github.traderjoe95.mls.protocol.message.Messages" time="0.0"/>
  <testcase name="should be decoded properly" classname="com.github.traderjoe95.mls.protocol.message.Messages" time="0.0"/>
  <testcase name="should round-trip to the same binary value" classname="com.github.traderjoe95.mls.protocol.message.Messages" time="0.0"/>
  <testcase name="should be decoded properly" classname="com.github.traderjoe95.mls.protocol.message.Messages" time="0.001"/>
  <testcase name="should round-trip to the same binary value" classname="com.github.traderjoe95.mls.protocol.message.Messages" time="0.0"/>
  <testcase name="should be decoded properly" classname="com.github.traderjoe95.mls.protocol.message.Messages" time="0.0"/>
  <testcase name="should round-trip to the same binary value" classname="com.github.traderjoe95.mls.protocol.message.Messages" time="0.0"/>
  <testcase name="should be decoded properly" classname="com.github.traderjoe95.mls.protocol.message.Messages" time="0.0"/>
  <testcase name="should round-trip to the same binary value" classname="com.github.traderjoe95.mls.protocol.message.Messages" time="0.0"/>
  <testcase name="should be decoded properly" classname="com.github.traderjoe95.mls.protocol.message.Messages" time="0.0"/>
  <testcase name="should round-trip to the same binary value" classname="com.github.traderjoe95.mls.protocol.message.Messages" time="0.0"/>
  <testcase name="should be decoded properly" classname="com.github.traderjoe95.mls.protocol.message.Messages" time="0.0"/>
  <testcase name="should round-trip to the same binary value" classname="com.github.traderjoe95.mls.protocol.message.Messages" time="0.0"/>
  <testcase name="should be decoded properly" classname="com.github.traderjoe95.mls.protocol.message.Messages" time="0.0"/>
  <testcase name="should round-trip to the same binary value" classname="com.github.traderjoe95.mls.protocol.message.Messages" time="0.001"/>
  <testcase name="should be decoded properly" classname="com.github.traderjoe95.mls.protocol.message.Messages" time="0.0"/>
  <testcase name="should round-trip to the same binary value" classname="com.github.traderjoe95.mls.protocol.message.Messages" time="0.0"/>
  <testcase name="should be decoded properly" classname="com.github.traderjoe95.mls.protocol.message.Messages" time="0.0"/>
  <testcase name="should round-trip to the same binary value" classname="com.github.traderjoe95.mls.protocol.message.Messages" time="0.0"/>
  <testcase name="should be decoded properly" classname="com.github.traderjoe95.mls.protocol.message.Messages" time="0.001"/>
  <testcase name="should round-trip to the same binary value" classname="com.github.traderjoe95.mls.protocol.message.Messages" time="0.0"/>
  <testcase name="should be decoded properly" classname="com.github.traderjoe95.mls.protocol.message.Messages" time="0.0"/>
  <testcase name="should round-trip to the same binary value" classname="com.github.traderjoe95.mls.protocol.message.Messages" time="0.0"/>
  <testcase name="should be decoded properly" classname="com.github.traderjoe95.mls.protocol.message.Messages" time="0.0"/>
  <testcase name="should round-trip to the same binary value" classname="com.github.traderjoe95.mls.protocol.message.Messages" time="0.0"/>
  <testcase name="should be decoded properly" classname="com.github.traderjoe95.mls.protocol.message.Messages" time="0.0"/>
  <testcase name="should round-trip to the same binary value" classname="com.github.traderjoe95.mls.protocol.message.Messages" time="0.0"/>
  <testcase name="should be decoded properly" classname="com.github.traderjoe95.mls.protocol.message.Messages" time="0.0"/>
  <testcase name="should round-trip to the same binary value" classname="com.github.traderjoe95.mls.protocol.message.Messages" time="0.0"/>
  <testcase name="should be decoded properly" classname="com.github.traderjoe95.mls.protocol.message.Messages" time="0.0"/>
  <testcase name="should round-trip to the same binary value" classname="com.github.traderjoe95.mls.protocol.message.Messages" time="0.0"/>
  <testcase name="should be decoded properly" classname="com.github.traderjoe95.mls.protocol.message.Messages" time="0.0"/>
  <testcase name="should round-trip to the same binary value" classname="com.github.traderjoe95.mls.protocol.message.Messages" time="0.0"/>
  <testcase name="should be decoded properly" classname="com.github.traderjoe95.mls.protocol.message.Messages" time="0.0"/>
  <testcase name="should round-trip to the same binary value" classname="com.github.traderjoe95.mls.protocol.message.Messages" time="0.0"/>
  <testcase name="should be decoded properly" classname="com.github.traderjoe95.mls.protocol.message.Messages" time="0.0"/>
  <testcase name="should round-trip to the same binary value" classname="com.github.traderjoe95.mls.protocol.message.Messages" time="0.0"/>
  <testcase name="should be decoded properly" classname="com.github.traderjoe95.mls.protocol.message.Messages" time="0.0"/>
  <testcase name="should round-trip to the same binary value" classname="com.github.traderjoe95.mls.protocol.message.Messages" time="0.0"/>
  <testcase name="should be decoded properly" classname="com.github.traderjoe95.mls.protocol.message.Messages" time="0.0"/>
  <testcase name="should round-trip to the same binary value" classname="com.github.traderjoe95.mls.protocol.message.Messages" time="0.001"/>
  <testcase name="should be decoded properly" classname="com.github.traderjoe95.mls.protocol.message.Messages" time="0.001"/>
  <testcase name="should round-trip to the same binary value" classname="com.github.traderjoe95.mls.protocol.message.Messages" time="0.0"/>
  <testcase name="should be decoded properly" classname="com.github.traderjoe95.mls.protocol.message.Messages" time="0.0"/>
  <testcase name="should round-trip to the same binary value" classname="com.github.traderjoe95.mls.protocol.message.Messages" time="0.0"/>
  <testcase name="should be decoded properly" classname="com.github.traderjoe95.mls.protocol.message.Messages" time="0.0"/>
  <testcase name="should round-trip to the same binary value" classname="com.github.traderjoe95.mls.protocol.message.Messages" time="0.0"/>
  <testcase name="should be decoded properly" classname="com.github.traderjoe95.mls.protocol.message.Messages" time="0.0"/>
  <testcase name="should round-trip to the same binary value" classname="com.github.traderjoe95.mls.protocol.message.Messages" time="0.001"/>
  <testcase name="should be decoded properly" classname="com.github.traderjoe95.mls.protocol.message.Messages" time="0.0"/>
  <testcase name="should round-trip to the same binary value" classname="com.github.traderjoe95.mls.protocol.message.Messages" time="0.001"/>
  <testcase name="should be decoded properly" classname="com.github.traderjoe95.mls.protocol.message.Messages" time="0.0"/>
  <testcase name="should round-trip to the same binary value" classname="com.github.traderjoe95.mls.protocol.message.Messages" time="0.0"/>
  <testcase name="should be decoded properly" classname="com.github.traderjoe95.mls.protocol.message.Messages" time="0.0"/>
  <testcase name="should round-trip to the same binary value" classname="com.github.traderjoe95.mls.protocol.message.Messages" time="0.001"/>
  <testcase name="should be decoded properly" classname="com.github.traderjoe95.mls.protocol.message.Messages" time="0.0"/>
  <testcase name="should round-trip to the same binary value" classname="com.github.traderjoe95.mls.protocol.message.Messages" time="0.0"/>
  <testcase name="should be decoded properly" classname="com.github.traderjoe95.mls.protocol.message.Messages" time="0.0"/>
  <testcase name="should round-trip to the same binary value" classname="com.github.traderjoe95.mls.protocol.message.Messages" time="0.0"/>
  <testcase name="should be decoded properly" classname="com.github.traderjoe95.mls.protocol.message.Messages" time="0.001"/>
  <testcase name="should round-trip to the same binary value" classname="com.github.traderjoe95.mls.protocol.message.Messages" time="0.0"/>
  <testcase name="should be decoded properly" classname="com.github.traderjoe95.mls.protocol.message.Messages" time="0.0"/>
  <testcase name="should round-trip to the same binary value" classname="com.github.traderjoe95.mls.protocol.message.Messages" time="0.0"/>
  <testcase name="should be decoded properly" classname="com.github.traderjoe95.mls.protocol.message.Messages" time="0.0"/>
  <testcase name="should round-trip to the same binary value" classname="com.github.traderjoe95.mls.protocol.message.Messages" time="0.0"/>
  <testcase name="should be decoded properly" classname="com.github.traderjoe95.mls.protocol.message.Messages" time="0.0"/>
  <testcase name="should round-trip to the same binary value" classname="com.github.traderjoe95.mls.protocol.message.Messages" time="0.0"/>
  <testcase name="should be decoded properly" classname="com.github.traderjoe95.mls.protocol.message.Messages" time="0.0"/>
  <testcase name="should round-trip to the same binary value" classname="com.github.traderjoe95.mls.protocol.message.Messages" time="0.001"/>
  <testcase name="should be decoded properly" classname="com.github.traderjoe95.mls.protocol.message.Messages" time="0.0"/>
  <testcase name="should round-trip to the same binary value" classname="com.github.traderjoe95.mls.protocol.message.Messages" time="0.0"/>
  <testcase name="should be decoded properly" classname="com.github.traderjoe95.mls.protocol.message.Messages" time="0.0"/>
  <testcase name="should round-trip to the same binary value" classname="com.github.traderjoe95.mls.protocol.message.Messages" time="0.0"/>
  <testcase name="should be decoded properly" classname="com.github.traderjoe95.mls.protocol.message.Messages" time="0.0"/>
  <testcase name="should round-trip to the same binary value" classname="com.github.traderjoe95.mls.protocol.message.Messages" time="0.0"/>
  <testcase name="should be decoded properly" classname="com.github.traderjoe95.mls.protocol.message.Messages" time="0.0"/>
  <testcase name="should round-trip to the same binary value" classname="com.github.traderjoe95.mls.protocol.message.Messages" time="0.0"/>
  <testcase name="should be decoded properly" classname="com.github.traderjoe95.mls.protocol.message.Messages" time="0.0"/>
  <testcase name="should round-trip to the same binary value" classname="com.github.traderjoe95.mls.protocol.message.Messages" time="0.0"/>
  <testcase name="should be decoded properly" classname="com.github.traderjoe95.mls.protocol.message.Messages" time="0.0"/>
  <testcase name="should round-trip to the same binary value" classname="com.github.traderjoe95.mls.protocol.message.Messages" time="0.0"/>
  <testcase name="should be decoded properly" classname="com.github.traderjoe95.mls.protocol.message.Messages" time="0.0"/>
  <testcase name="should round-trip to the same binary value" classname="com.github.traderjoe95.mls.protocol.message.Messages" time="0.0"/>
  <testcase name="should be decoded properly" classname="com.github.traderjoe95.mls.protocol.message.Messages" time="0.0"/>
  <testcase name="should round-trip to the same binary value" classname="com.github.traderjoe95.mls.protocol.message.Messages" time="0.0"/>
  <testcase name="should be decoded properly" classname="com.github.traderjoe95.mls.protocol.message.Messages" time="0.0"/>
  <testcase name="should round-trip to the same binary value" classname="com.github.traderjoe95.mls.protocol.message.Messages" time="0.0"/>
  <testcase name="should be decoded properly" classname="com.github.traderjoe95.mls.protocol.message.Messages" time="0.0"/>
  <testcase name="should round-trip to the same binary value" classname="com.github.traderjoe95.mls.protocol.message.Messages" time="0.0"/>
  <testcase name="should be decoded properly" classname="com.github.traderjoe95.mls.protocol.message.Messages" time="0.0"/>
  <testcase name="should round-trip to the same binary value" classname="com.github.traderjoe95.mls.protocol.message.Messages" time="0.0"/>
  <testcase name="should be decoded properly" classname="com.github.traderjoe95.mls.protocol.message.Messages" time="0.0"/>
  <testcase name="should round-trip to the same binary value" classname="com.github.traderjoe95.mls.protocol.message.Messages" time="0.0"/>
  <testcase name="should be decoded properly" classname="com.github.traderjoe95.mls.protocol.message.Messages" time="0.001"/>
  <testcase name="should round-trip to the same binary value" classname="com.github.traderjoe95.mls.protocol.message.Messages" time="0.0"/>
  <testcase name="should be decoded properly" classname="com.github.traderjoe95.mls.protocol.message.Messages" time="0.0"/>
  <testcase name="should round-trip to the same binary value" classname="com.github.traderjoe95.mls.protocol.message.Messages" time="0.0"/>
  <testcase name="should be decoded properly" classname="com.github.traderjoe95.mls.protocol.message.Messages" time="0.0"/>
  <testcase name="should round-trip to the same binary value" classname="com.github.traderjoe95.mls.protocol.message.Messages" time="0.0"/>
  <testcase name="should be decoded properly" classname="com.github.traderjoe95.mls.protocol.message.Messages" time="0.0"/>
  <testcase name="should round-trip to the same binary value" classname="com.github.traderjoe95.mls.protocol.message.Messages" time="0.0"/>
  <testcase name="should be decoded properly" classname="com.github.traderjoe95.mls.protocol.message.Messages" time="0.0"/>
  <testcase name="should round-trip to the same binary value" classname="com.github.traderjoe95.mls.protocol.message.Messages" time="0.0"/>
  <testcase name="should be decoded properly" classname="com.github.traderjoe95.mls.protocol.message.Messages" time="0.0"/>
  <testcase name="should round-trip to the same binary value" classname="com.github.traderjoe95.mls.protocol.message.Messages" time="0.0"/>
  <testcase name="should be decoded properly" classname="com.github.traderjoe95.mls.protocol.message.Messages" time="0.0"/>
  <testcase name="should round-trip to the same binary value" classname="com.github.traderjoe95.mls.protocol.message.Messages" time="0.0"/>
  <testcase name="should be decoded properly" classname="com.github.traderjoe95.mls.protocol.message.Messages" time="0.0"/>
  <testcase name="should round-trip to the same binary value" classname="com.github.traderjoe95.mls.protocol.message.Messages" time="0.0"/>
  <testcase name="should be decoded properly" classname="com.github.traderjoe95.mls.protocol.message.Messages" time="0.0"/>
  <testcase name="should round-trip to the same binary value" classname="com.github.traderjoe95.mls.protocol.message.Messages" time="0.0"/>
  <testcase name="should be decoded properly" classname="com.github.traderjoe95.mls.protocol.message.Messages" time="0.0"/>
  <testcase name="should round-trip to the same binary value" classname="com.github.traderjoe95.mls.protocol.message.Messages" time="0.0"/>
  <testcase name="should be decoded properly" classname="com.github.traderjoe95.mls.protocol.message.Messages" time="0.0"/>
  <testcase name="should round-trip to the same binary value" classname="com.github.traderjoe95.mls.protocol.message.Messages" time="0.0"/>
  <testcase name="should be decoded properly" classname="com.github.traderjoe95.mls.protocol.message.Messages" time="0.001"/>
  <testcase name="should round-trip to the same binary value" classname="com.github.traderjoe95.mls.protocol.message.Messages" time="0.0"/>
  <testcase name="should be decoded properly" classname="com.github.traderjoe95.mls.protocol.message.Messages" time="0.0"/>
  <testcase name="should round-trip to the same binary value" classname="com.github.traderjoe95.mls.protocol.message.Messages" time="0.0"/>
  <testcase name="should be decoded properly" classname="com.github.traderjoe95.mls.protocol.message.Messages" time="0.0"/>
  <testcase name="should round-trip to the same binary value" classname="com.github.traderjoe95.mls.protocol.message.Messages" time="0.0"/>
  <testcase name="should be decoded properly" classname="com.github.traderjoe95.mls.protocol.message.Messages" time="0.0"/>
  <testcase name="should round-trip to the same binary value" classname="com.github.traderjoe95.mls.protocol.message.Messages" time="0.0"/>
  <testcase name="should be decoded properly" classname="com.github.traderjoe95.mls.protocol.message.Messages" time="0.0"/>
  <testcase name="should round-trip to the same binary value" classname="com.github.traderjoe95.mls.protocol.message.Messages" time="0.0"/>
  <testcase name="should be decoded properly" classname="com.github.traderjoe95.mls.protocol.message.Messages" time="0.0"/>
  <testcase name="should round-trip to the same binary value" classname="com.github.traderjoe95.mls.protocol.message.Messages" time="0.0"/>
  <testcase name="should be decoded properly" classname="com.github.traderjoe95.mls.protocol.message.Messages" time="0.0"/>
  <testcase name="should round-trip to the same binary value" classname="com.github.traderjoe95.mls.protocol.message.Messages" time="0.0"/>
  <testcase name="should be decoded properly" classname="com.github.traderjoe95.mls.protocol.message.Messages" time="0.0"/>
  <testcase name="should round-trip to the same binary value" classname="com.github.traderjoe95.mls.protocol.message.Messages" time="0.0"/>
  <testcase name="should be decoded properly" classname="com.github.traderjoe95.mls.protocol.message.Messages" time="0.0"/>
  <testcase name="should round-trip to the same binary value" classname="com.github.traderjoe95.mls.protocol.message.Messages" time="0.001"/>
  <testcase name="should be decoded properly" classname="com.github.traderjoe95.mls.protocol.message.Messages" time="0.001"/>
  <testcase name="should round-trip to the same binary value" classname="com.github.traderjoe95.mls.protocol.message.Messages" time="0.0"/>
  <testcase name="should be decoded properly" classname="com.github.traderjoe95.mls.protocol.message.Messages" time="0.0"/>
  <testcase name="should round-trip to the same binary value" classname="com.github.traderjoe95.mls.protocol.message.Messages" time="0.0"/>
  <testcase name="should be decoded properly" classname="com.github.traderjoe95.mls.protocol.message.Messages" time="0.0"/>
  <testcase name="should round-trip to the same binary value" classname="com.github.traderjoe95.mls.protocol.message.Messages" time="0.0"/>
  <testcase name="should be decoded properly" classname="com.github.traderjoe95.mls.protocol.message.Messages" time="0.0"/>
  <testcase name="should round-trip to the same binary value" classname="com.github.traderjoe95.mls.protocol.message.Messages" time="0.0"/>
  <testcase name="should be decoded properly" classname="com.github.traderjoe95.mls.protocol.message.Messages" time="0.0"/>
  <testcase name="should round-trip to the same binary value" classname="com.github.traderjoe95.mls.protocol.message.Messages" time="0.001"/>
  <testcase name="should be decoded properly" classname="com.github.traderjoe95.mls.protocol.message.Messages" time="0.0"/>
  <testcase name="should round-trip to the same binary value" classname="com.github.traderjoe95.mls.protocol.message.Messages" time="0.0"/>
  <testcase name="should be decoded properly" classname="com.github.traderjoe95.mls.protocol.message.Messages" time="0.0"/>
  <testcase name="should round-trip to the same binary value" classname="com.github.traderjoe95.mls.protocol.message.Messages" time="0.0"/>
  <testcase name="should be decoded properly" classname="com.github.traderjoe95.mls.protocol.message.Messages" time="0.0"/>
  <testcase name="should round-trip to the same binary value" classname="com.github.traderjoe95.mls.protocol.message.Messages" time="0.0"/>
  <testcase name="should be decoded properly" classname="com.github.traderjoe95.mls.protocol.message.Messages" time="0.0"/>
  <testcase name="should round-trip to the same binary value" classname="com.github.traderjoe95.mls.protocol.message.Messages" time="0.0"/>
  <testcase name="should be decoded properly" classname="com.github.traderjoe95.mls.protocol.message.Messages" time="0.0"/>
  <testcase name="should round-trip to the same binary value" classname="com.github.traderjoe95.mls.protocol.message.Messages" time="0.0"/>
  <testcase name="should be decoded properly" classname="com.github.traderjoe95.mls.protocol.message.Messages" time="0.0"/>
  <testcase name="should round-trip to the same binary value" classname="com.github.traderjoe95.mls.protocol.message.Messages" time="0.0"/>
  <testcase name="should be decoded properly" classname="com.github.traderjoe95.mls.protocol.message.Messages" time="0.0"/>
  <testcase name="should round-trip to the same binary value" classname="com.github.traderjoe95.mls.protocol.message.Messages" time="0.0"/>
  <testcase name="should be decoded properly" classname="com.github.traderjoe95.mls.protocol.message.Messages" time="0.0"/>
  <testcase name="should round-trip to the same binary value" classname="com.github.traderjoe95.mls.protocol.message.Messages" time="0.0"/>
  <testcase name="should be decoded properly" classname="com.github.traderjoe95.mls.protocol.message.Messages" time="0.0"/>
  <testcase name="should round-trip to the same binary value" classname="com.github.traderjoe95.mls.protocol.message.Messages" time="0.0"/>
  <testcase name="should be decoded properly" classname="com.github.traderjoe95.mls.protocol.message.Messages" time="0.0"/>
  <testcase name="should round-trip to the same binary value" classname="com.github.traderjoe95.mls.protocol.message.Messages" time="0.0"/>
  <testcase name="should be decoded properly" classname="com.github.traderjoe95.mls.protocol.message.Messages" time="0.0"/>
  <testcase name="should round-trip to the same binary value" classname="com.github.traderjoe95.mls.protocol.message.Messages" time="0.0"/>
  <testcase name="should be decoded properly" classname="com.github.traderjoe95.mls.protocol.message.Messages" time="0.0"/>
  <testcase name="should round-trip to the same binary value" classname="com.github.traderjoe95.mls.protocol.message.Messages" time="0.0"/>
  <testcase name="should be decoded properly" classname="com.github.traderjoe95.mls.protocol.message.Messages" time="0.0"/>
  <testcase name="should round-trip to the same binary value" classname="com.github.traderjoe95.mls.protocol.message.Messages" time="0.001"/>
  <testcase name="should be decoded properly" classname="com.github.traderjoe95.mls.protocol.message.Messages" time="0.0"/>
  <testcase name="should round-trip to the same binary value" classname="com.github.traderjoe95.mls.protocol.message.Messages" time="0.0"/>
  <testcase name="should be decoded properly" classname="com.github.traderjoe95.mls.protocol.message.Messages" time="0.0"/>
  <testcase name="should round-trip to the same binary value" classname="com.github.traderjoe95.mls.protocol.message.Messages" time="0.0"/>
  <testcase name="should be decoded properly" classname="com.github.traderjoe95.mls.protocol.message.Messages" time="0.0"/>
  <testcase name="should round-trip to the same binary value" classname="com.github.traderjoe95.mls.protocol.message.Messages" time="0.0"/>
  <testcase name="should be decoded properly" classname="com.github.traderjoe95.mls.protocol.message.Messages" time="0.0"/>
  <testcase name="should round-trip to the same binary value" classname="com.github.traderjoe95.mls.protocol.message.Messages" time="0.0"/>
  <testcase name="should be decoded properly" classname="com.github.traderjoe95.mls.protocol.message.Messages" time="0.0"/>
  <testcase name="should round-trip to the same binary value" classname="com.github.traderjoe95.mls.protocol.message.Messages" time="0.001"/>
  <testcase name="should be decoded properly" classname="com.github.traderjoe95.mls.protocol.message.Messages" time="0.0"/>
  <testcase name="should round-trip to the same binary value" classname="com.github.traderjoe95.mls.protocol.message.Messages" time="0.0"/>
  <testcase name="should be decoded properly" classname="com.github.traderjoe95.mls.protocol.message.Messages" time="0.0"/>
  <testcase name="should round-trip to the same binary value" classname="com.github.traderjoe95.mls.protocol.message.Messages" time="0.0"/>
  <testcase name="should be decoded properly" classname="com.github.traderjoe95.mls.protocol.message.Messages" time="0.0"/>
  <testcase name="should round-trip to the same binary value" classname="com.github.traderjoe95.mls.protocol.message.Messages" time="0.001"/>
  <testcase name="should be decoded properly" classname="com.github.traderjoe95.mls.protocol.message.Messages" time="0.0"/>
  <testcase name="should round-trip to the same binary value" classname="com.github.traderjoe95.mls.protocol.message.Messages" time="0.0"/>
  <testcase name="should be decoded properly" classname="com.github.traderjoe95.mls.protocol.message.Messages" time="0.0"/>
  <testcase name="should round-trip to the same binary value" classname="com.github.traderjoe95.mls.protocol.message.Messages" time="0.0"/>
  <testcase name="should be decoded properly" classname="com.github.traderjoe95.mls.protocol.message.Messages" time="0.0"/>
  <testcase name="should round-trip to the same binary value" classname="com.github.traderjoe95.mls.protocol.message.Messages" time="0.0"/>
  <testcase name="should be decoded properly" classname="com.github.traderjoe95.mls.protocol.message.Messages" time="0.0"/>
  <testcase name="should round-trip to the same binary value" classname="com.github.traderjoe95.mls.protocol.message.Messages" time="0.0"/>
  <testcase name="should be decoded properly" classname="com.github.traderjoe95.mls.protocol.message.Messages" time="0.0"/>
  <testcase name="should round-trip to the same binary value" classname="com.github.traderjoe95.mls.protocol.message.Messages" time="0.0"/>
  <testcase name="should be decoded properly" classname="com.github.traderjoe95.mls.protocol.message.Messages" time="0.0"/>
  <testcase name="should round-trip to the same binary value" classname="com.github.traderjoe95.mls.protocol.message.Messages" time="0.0"/>
  <testcase name="should be decoded properly" classname="com.github.traderjoe95.mls.protocol.message.Messages" time="0.001"/>
  <testcase name="should round-trip to the same binary value" classname="com.github.traderjoe95.mls.protocol.message.Messages" time="0.0"/>
  <testcase name="should be decoded properly" classname="com.github.traderjoe95.mls.protocol.message.Messages" time="0.0"/>
  <testcase name="should round-trip to the same binary value" classname="com.github.traderjoe95.mls.protocol.message.Messages" time="0.0"/>
  <testcase name="should be decoded properly" classname="com.github.traderjoe95.mls.protocol.message.Messages" time="0.0"/>
  <testcase name="should round-trip to the same binary value" classname="com.github.traderjoe95.mls.protocol.message.Messages" time="0.0"/>
  <testcase name="should be decoded properly" classname="com.github.traderjoe95.mls.protocol.message.Messages" time="0.0"/>
  <testcase name="should round-trip to the same binary value" classname="com.github.traderjoe95.mls.protocol.message.Messages" time="0.0"/>
  <testcase name="should be decoded properly" classname="com.github.traderjoe95.mls.protocol.message.Messages" time="0.0"/>
  <testcase name="should round-trip to the same binary value" classname="com.github.traderjoe95.mls.protocol.message.Messages" time="0.0"/>
  <testcase name="should be decoded properly" classname="com.github.traderjoe95.mls.protocol.message.Messages" time="0.0"/>
  <testcase name="should round-trip to the same binary value" classname="com.github.traderjoe95.mls.protocol.message.Messages" time="0.0"/>
  <testcase name="should be decoded properly" classname="com.github.traderjoe95.mls.protocol.message.Messages" time="0.0"/>
  <testcase name="should round-trip to the same binary value" classname="com.github.traderjoe95.mls.protocol.message.Messages" time="0.0"/>
  <testcase name="should be decoded properly" classname="com.github.traderjoe95.mls.protocol.message.Messages" time="0.0"/>
  <testcase name="should round-trip to the same binary value" classname="com.github.traderjoe95.mls.protocol.message.Messages" time="0.0"/>
  <testcase name="should be decoded properly" classname="com.github.traderjoe95.mls.protocol.message.Messages" time="0.0"/>
  <testcase name="should round-trip to the same binary value" classname="com.github.traderjoe95.mls.protocol.message.Messages" time="0.0"/>
  <testcase name="should be decoded properly" classname="com.github.traderjoe95.mls.protocol.message.Messages" time="0.0"/>
  <testcase name="should round-trip to the same binary value" classname="com.github.traderjoe95.mls.protocol.message.Messages" time="0.0"/>
  <testcase name="should be decoded properly" classname="com.github.traderjoe95.mls.protocol.message.Messages" time="0.0"/>
  <testcase name="should round-trip to the same binary value" classname="com.github.traderjoe95.mls.protocol.message.Messages" time="0.0"/>
  <testcase name="should be decoded properly" classname="com.github.traderjoe95.mls.protocol.message.Messages" time="0.0"/>
  <testcase name="should round-trip to the same binary value" classname="com.github.traderjoe95.mls.protocol.message.Messages" time="0.0"/>
  <testcase name="should be decoded properly" classname="com.github.traderjoe95.mls.protocol.message.Messages" time="0.0"/>
  <testcase name="should round-trip to the same binary value" classname="com.github.traderjoe95.mls.protocol.message.Messages" time="0.001"/>
  <testcase name="should be decoded properly" classname="com.github.traderjoe95.mls.protocol.message.Messages" time="0.0"/>
  <testcase name="should round-trip to the same binary value" classname="com.github.traderjoe95.mls.protocol.message.Messages" time="0.0"/>
  <testcase name="should be decoded properly" classname="com.github.traderjoe95.mls.protocol.message.Messages" time="0.0"/>
  <testcase name="should round-trip to the same binary value" classname="com.github.traderjoe95.mls.protocol.message.Messages" time="0.0"/>
  <testcase name="should be decoded properly" classname="com.github.traderjoe95.mls.protocol.message.Messages" time="0.0"/>
  <testcase name="should round-trip to the same binary value" classname="com.github.traderjoe95.mls.protocol.message.Messages" time="0.0"/>
  <testcase name="should be decoded properly" classname="com.github.traderjoe95.mls.protocol.message.Messages" time="0.0"/>
  <testcase name="should round-trip to the same binary value" classname="com.github.traderjoe95.mls.protocol.message.Messages" time="0.0"/>
  <testcase name="should be decoded properly" classname="com.github.traderjoe95.mls.protocol.message.Messages" time="0.0"/>
  <testcase name="should round-trip to the same binary value" classname="com.github.traderjoe95.mls.protocol.message.Messages" time="0.0"/>
  <testcase name="should be decoded properly" classname="com.github.traderjoe95.mls.protocol.message.Messages" time="0.0"/>
  <testcase name="should round-trip to the same binary value" classname="com.github.traderjoe95.mls.protocol.message.Messages" time="0.0"/>
  <testcase name="should be decoded properly" classname="com.github.traderjoe95.mls.protocol.message.Messages" time="0.0"/>
  <testcase name="should round-trip to the same binary value" classname="com.github.traderjoe95.mls.protocol.message.Messages" time="0.0"/>
  <testcase name="should be decoded properly" classname="com.github.traderjoe95.mls.protocol.message.Messages" time="0.0"/>
  <testcase name="should round-trip to the same binary value" classname="com.github.traderjoe95.mls.protocol.message.Messages" time="0.0"/>
  <testcase name="should be decoded properly" classname="com.github.traderjoe95.mls.protocol.message.Messages" time="0.0"/>
  <testcase name="should round-trip to the same binary value" classname="com.github.traderjoe95.mls.protocol.message.Messages" time="0.0"/>
  <testcase name="should be decoded properly" classname="com.github.traderjoe95.mls.protocol.message.Messages" time="0.0"/>
  <testcase name="should round-trip to the same binary value" classname="com.github.traderjoe95.mls.protocol.message.Messages" time="0.0"/>
  <testcase name="should be decoded properly" classname="com.github.traderjoe95.mls.protocol.message.Messages" time="0.0"/>
  <testcase name="should round-trip to the same binary value" classname="com.github.traderjoe95.mls.protocol.message.Messages" time="0.001"/>
  <testcase name="should be decoded properly" classname="com.github.traderjoe95.mls.protocol.message.Messages" time="0.0"/>
  <testcase name="should round-trip to the same binary value" classname="com.github.traderjoe95.mls.protocol.message.Messages" time="0.0"/>
  <testcase name="should be decoded properly" classname="com.github.traderjoe95.mls.protocol.message.Messages" time="0.0"/>
  <testcase name="should round-trip to the same binary value" classname="com.github.traderjoe95.mls.protocol.message.Messages" time="0.0"/>
  <testcase name="should be decoded properly" classname="com.github.traderjoe95.mls.protocol.message.Messages" time="0.0"/>
  <testcase name="should round-trip to the same binary value" classname="com.github.traderjoe95.mls.protocol.message.Messages" time="0.0"/>
  <testcase name="should be decoded properly" classname="com.github.traderjoe95.mls.protocol.message.Messages" time="0.001"/>
  <testcase name="should round-trip to the same binary value" classname="com.github.traderjoe95.mls.protocol.message.Messages" time="0.0"/>
  <testcase name="should be decoded properly" classname="com.github.traderjoe95.mls.protocol.message.Messages" time="0.0"/>
  <testcase name="should round-trip to the same binary value" classname="com.github.traderjoe95.mls.protocol.message.Messages" time="0.0"/>
  <testcase name="should be decoded properly" classname="com.github.traderjoe95.mls.protocol.message.Messages" time="0.0"/>
  <testcase name="should round-trip to the same binary value" classname="com.github.traderjoe95.mls.protocol.message.Messages" time="0.0"/>
  <testcase name="should be decoded properly" classname="com.github.traderjoe95.mls.protocol.message.Messages" time="0.0"/>
  <testcase name="should round-trip to the same binary value" classname="com.github.traderjoe95.mls.protocol.message.Messages" time="0.0"/>
  <testcase name="should be decoded properly" classname="com.github.traderjoe95.mls.protocol.message.Messages" time="0.0"/>
  <testcase name="should round-trip to the same binary value" classname="com.github.traderjoe95.mls.protocol.message.Messages" time="0.0"/>
  <testcase name="should be decoded properly" classname="com.github.traderjoe95.mls.protocol.message.Messages" time="0.0"/>
  <testcase name="should round-trip to the same binary value" classname="com.github.traderjoe95.mls.protocol.message.Messages" time="0.0"/>
  <testcase name="should be decoded properly" classname="com.github.traderjoe95.mls.protocol.message.Messages" time="0.0"/>
  <testcase name="should round-trip to the same binary value" classname="com.github.traderjoe95.mls.protocol.message.Messages" time="0.0"/>
  <testcase name="should be decoded properly" classname="com.github.traderjoe95.mls.protocol.message.Messages" time="0.0"/>
  <testcase name="should round-trip to the same binary value" classname="com.github.traderjoe95.mls.protocol.message.Messages" time="0.0"/>
  <testcase name="should be decoded properly" classname="com.github.traderjoe95.mls.protocol.message.Messages" time="0.0"/>
  <testcase name="should round-trip to the same binary value" classname="com.github.traderjoe95.mls.protocol.message.Messages" time="0.0"/>
  <testcase name="should be decoded properly" classname="com.github.traderjoe95.mls.protocol.message.Messages" time="0.0"/>
  <testcase name="should round-trip to the same binary value" classname="com.github.traderjoe95.mls.protocol.message.Messages" time="0.001"/>
  <testcase name="should be decoded properly" classname="com.github.traderjoe95.mls.protocol.message.Messages" time="0.0"/>
  <testcase name="should round-trip to the same binary value" classname="com.github.traderjoe95.mls.protocol.message.Messages" time="0.001"/>
  <testcase name="should be decoded properly" classname="com.github.traderjoe95.mls.protocol.message.Messages" time="0.0"/>
  <testcase name="should round-trip to the same binary value" classname="com.github.traderjoe95.mls.protocol.message.Messages" time="0.001"/>
  <testcase name="should be decoded properly" classname="com.github.traderjoe95.mls.protocol.message.Messages" time="0.001"/>
  <testcase name="should round-trip to the same binary value" classname="com.github.traderjoe95.mls.protocol.message.Messages" time="0.0"/>
  <testcase name="should be decoded properly" classname="com.github.traderjoe95.mls.protocol.message.Messages" time="0.0"/>
  <testcase name="should round-trip to the same binary value" classname="com.github.traderjoe95.mls.protocol.message.Messages" time="0.0"/>
  <testcase name="should be decoded properly" classname="com.github.traderjoe95.mls.protocol.message.Messages" time="0.0"/>
  <testcase name="should round-trip to the same binary value" classname="com.github.traderjoe95.mls.protocol.message.Messages" time="0.0"/>
  <testcase name="should be decoded properly" classname="com.github.traderjoe95.mls.protocol.message.Messages" time="0.0"/>
  <testcase name="should round-trip to the same binary value" classname="com.github.traderjoe95.mls.protocol.message.Messages" time="0.0"/>
  <testcase name="should be decoded properly" classname="com.github.traderjoe95.mls.protocol.message.Messages" time="0.0"/>
  <testcase name="should round-trip to the same binary value" classname="com.github.traderjoe95.mls.protocol.message.Messages" time="0.0"/>
  <testcase name="should be decoded properly" classname="com.github.traderjoe95.mls.protocol.message.Messages" time="0.0"/>
  <testcase name="should round-trip to the same binary value" classname="com.github.traderjoe95.mls.protocol.message.Messages" time="0.0"/>
  <testcase name="should be decoded properly" classname="com.github.traderjoe95.mls.protocol.message.Messages" time="0.0"/>
  <testcase name="should round-trip to the same binary value" classname="com.github.traderjoe95.mls.protocol.message.Messages" time="0.001"/>
  <testcase name="should be decoded properly" classname="com.github.traderjoe95.mls.protocol.message.Messages" time="0.001"/>
  <testcase name="should round-trip to the same binary value" classname="com.github.traderjoe95.mls.protocol.message.Messages" time="0.0"/>
  <testcase name="should be decoded properly" classname="com.github.traderjoe95.mls.protocol.message.Messages" time="0.0"/>
  <testcase name="should round-trip to the same binary value" classname="com.github.traderjoe95.mls.protocol.message.Messages" time="0.0"/>
  <testcase name="should be decoded properly" classname="com.github.traderjoe95.mls.protocol.message.Messages" time="0.001"/>
  <testcase name="should round-trip to the same binary value" classname="com.github.traderjoe95.mls.protocol.message.Messages" time="0.0"/>
  <testcase name="should be decoded properly" classname="com.github.traderjoe95.mls.protocol.message.Messages" time="0.0"/>
  <testcase name="should round-trip to the same binary value" classname="com.github.traderjoe95.mls.protocol.message.Messages" time="0.0"/>
  <testcase name="should be decoded properly" classname="com.github.traderjoe95.mls.protocol.message.Messages" time="0.0"/>
  <testcase name="should round-trip to the same binary value" classname="com.github.traderjoe95.mls.protocol.message.Messages" time="0.0"/>
  <testcase name="should be decoded properly" classname="com.github.traderjoe95.mls.protocol.message.Messages" time="0.0"/>
  <testcase name="should round-trip to the same binary value" classname="com.github.traderjoe95.mls.protocol.message.Messages" time="0.0"/>
  <testcase name="should be decoded properly" classname="com.github.traderjoe95.mls.protocol.message.Messages" time="0.0"/>
  <testcase name="should round-trip to the same binary value" classname="com.github.traderjoe95.mls.protocol.message.Messages" time="0.001"/>
  <testcase name="should be decoded properly" classname="com.github.traderjoe95.mls.protocol.message.Messages" time="0.0"/>
  <testcase name="should round-trip to the same binary value" classname="com.github.traderjoe95.mls.protocol.message.Messages" time="0.0"/>
  <testcase name="should be decoded properly" classname="com.github.traderjoe95.mls.protocol.message.Messages" time="0.0"/>
  <testcase name="should round-trip to the same binary value" classname="com.github.traderjoe95.mls.protocol.message.Messages" time="0.0"/>
  <testcase name="should be decoded properly" classname="com.github.traderjoe95.mls.protocol.message.Messages" time="0.001"/>
  <testcase name="should round-trip to the same binary value" classname="com.github.traderjoe95.mls.protocol.message.Messages" time="0.0"/>
  <testcase name="should be decoded properly" classname="com.github.traderjoe95.mls.protocol.message.Messages" time="0.0"/>
  <testcase name="should round-trip to the same binary value" classname="com.github.traderjoe95.mls.protocol.message.Messages" time="0.0"/>
  <testcase name="should be decoded properly" classname="com.github.traderjoe95.mls.protocol.message.Messages" time="0.0"/>
  <testcase name="should round-trip to the same binary value" classname="com.github.traderjoe95.mls.protocol.message.Messages" time="0.0"/>
  <testcase name="should be decoded properly" classname="com.github.traderjoe95.mls.protocol.message.Messages" time="0.0"/>
  <testcase name="should round-trip to the same binary value" classname="com.github.traderjoe95.mls.protocol.message.Messages" time="0.001"/>
  <testcase name="should be decoded properly" classname="com.github.traderjoe95.mls.protocol.message.Messages" time="0.0"/>
  <testcase name="should round-trip to the same binary value" classname="com.github.traderjoe95.mls.protocol.message.Messages" time="0.0"/>
  <testcase name="should be decoded properly" classname="com.github.traderjoe95.mls.protocol.message.Messages" time="0.0"/>
  <testcase name="should round-trip to the same binary value" classname="com.github.traderjoe95.mls.protocol.message.Messages" time="0.0"/>
  <testcase name="should be decoded properly" classname="com.github.traderjoe95.mls.protocol.message.Messages" time="0.0"/>
  <testcase name="should round-trip to the same binary value" classname="com.github.traderjoe95.mls.protocol.message.Messages" time="0.0"/>
  <testcase name="should be decoded properly" classname="com.github.traderjoe95.mls.protocol.message.Messages" time="0.001"/>
  <testcase name="should round-trip to the same binary value" classname="com.github.traderjoe95.mls.protocol.message.Messages" time="0.0"/>
  <testcase name="should be decoded properly" classname="com.github.traderjoe95.mls.protocol.message.Messages" time="0.0"/>
  <testcase name="should round-trip to the same binary value" classname="com.github.traderjoe95.mls.protocol.message.Messages" time="0.0"/>
  <testcase name="should be decoded properly" classname="com.github.traderjoe95.mls.protocol.message.Messages" time="0.0"/>
  <testcase name="should round-trip to the same binary value" classname="com.github.traderjoe95.mls.protocol.message.Messages" time="0.0"/>
  <testcase name="should be decoded properly" classname="com.github.traderjoe95.mls.protocol.message.Messages" time="0.0"/>
  <testcase name="should round-trip to the same binary value" classname="com.github.traderjoe95.mls.protocol.message.Messages" time="0.0"/>
  <testcase name="should be decoded properly" classname="com.github.traderjoe95.mls.protocol.message.Messages" time="0.0"/>
  <testcase name="should round-trip to the same binary value" classname="com.github.traderjoe95.mls.protocol.message.Messages" time="0.0"/>
  <testcase name="should be decoded properly" classname="com.github.traderjoe95.mls.protocol.message.Messages" time="0.0"/>
  <testcase name="should round-trip to the same binary value" classname="com.github.traderjoe95.mls.protocol.message.Messages" time="0.0"/>
  <testcase name="should be decoded properly" classname="com.github.traderjoe95.mls.protocol.message.Messages" time="0.0"/>
  <testcase name="should round-trip to the same binary value" classname="com.github.traderjoe95.mls.protocol.message.Messages" time="0.0"/>
  <testcase name="should be decoded properly" classname="com.github.traderjoe95.mls.protocol.message.Messages" time="0.0"/>
  <testcase name="should round-trip to the same binary value" classname="com.github.traderjoe95.mls.protocol.message.Messages" time="0.001"/>
  <testcase name="should be decoded properly" classname="com.github.traderjoe95.mls.protocol.message.Messages" time="0.0"/>
  <testcase name="should round-trip to the same binary value" classname="com.github.traderjoe95.mls.protocol.message.Messages" time="0.0"/>
  <testcase name="should be decoded properly" classname="com.github.traderjoe95.mls.protocol.message.Messages" time="0.0"/>
  <testcase name="should round-trip to the same binary value" classname="com.github.traderjoe95.mls.protocol.message.Messages" time="0.0"/>
  <testcase name="should be decoded properly" classname="com.github.traderjoe95.mls.protocol.message.Messages" time="0.001"/>
  <testcase name="should round-trip to the same binary value" classname="com.github.traderjoe95.mls.protocol.message.Messages" time="0.0"/>
  <testcase name="should be decoded properly" classname="com.github.traderjoe95.mls.protocol.message.Messages" time="0.0"/>
  <testcase name="should round-trip to the same binary value" classname="com.github.traderjoe95.mls.protocol.message.Messages" time="0.0"/>
  <testcase name="should be decoded properly" classname="com.github.traderjoe95.mls.protocol.message.Messages" time="0.0"/>
  <testcase name="should round-trip to the same binary value" classname="com.github.traderjoe95.mls.protocol.message.Messages" time="0.0"/>
  <testcase name="should be decoded properly" classname="com.github.traderjoe95.mls.protocol.message.Messages" time="0.001"/>
  <testcase name="should round-trip to the same binary value" classname="com.github.traderjoe95.mls.protocol.message.Messages" time="0.0"/>
  <testcase name="should be decoded properly" classname="com.github.traderjoe95.mls.protocol.message.Messages" time="0.0"/>
  <testcase name="should round-trip to the same binary value" classname="com.github.traderjoe95.mls.protocol.message.Messages" time="0.0"/>
  <testcase name="should be decoded properly" classname="com.github.traderjoe95.mls.protocol.message.Messages" time="0.001"/>
  <testcase name="should round-trip to the same binary value" classname="com.github.traderjoe95.mls.protocol.message.Messages" time="0.0"/>
  <testcase name="should be decoded properly" classname="com.github.traderjoe95.mls.protocol.message.Messages" time="0.0"/>
  <testcase name="should round-trip to the same binary value" classname="com.github.traderjoe95.mls.protocol.message.Messages" time="0.0"/>
  <testcase name="should be decoded properly" classname="com.github.traderjoe95.mls.protocol.message.Messages" time="0.0"/>
  <testcase name="should round-trip to the same binary value" classname="com.github.traderjoe95.mls.protocol.message.Messages" time="0.0"/>
  <testcase name="should be decoded properly" classname="com.github.traderjoe95.mls.protocol.message.Messages" time="0.0"/>
  <testcase name="should round-trip to the same binary value" classname="com.github.traderjoe95.mls.protocol.message.Messages" time="0.0"/>
  <testcase name="should be decoded properly" classname="com.github.traderjoe95.mls.protocol.message.Messages" time="0.0"/>
  <testcase name="should round-trip to the same binary value" classname="com.github.traderjoe95.mls.protocol.message.Messages" time="0.0"/>
  <testcase name="should be decoded properly" classname="com.github.traderjoe95.mls.protocol.message.Messages" time="0.0"/>
  <testcase name="should round-trip to the same binary value" classname="com.github.traderjoe95.mls.protocol.message.Messages" time="0.0"/>
  <testcase name="should be decoded properly" classname="com.github.traderjoe95.mls.protocol.message.Messages" time="0.0"/>
  <testcase name="should round-trip to the same binary value" classname="com.github.traderjoe95.mls.protocol.message.Messages" time="0.001"/>
  <testcase name="should be decoded properly" classname="com.github.traderjoe95.mls.protocol.message.Messages" time="0.0"/>
  <testcase name="should round-trip to the same binary value" classname="com.github.traderjoe95.mls.protocol.message.Messages" time="0.001"/>
  <testcase name="should be decoded properly" classname="com.github.traderjoe95.mls.protocol.message.Messages" time="0.0"/>
  <testcase name="should round-trip to the same binary value" classname="com.github.traderjoe95.mls.protocol.message.Messages" time="0.001"/>
  <testcase name="should be decoded properly" classname="com.github.traderjoe95.mls.protocol.message.Messages" time="0.0"/>
  <testcase name="should round-trip to the same binary value" classname="com.github.traderjoe95.mls.protocol.message.Messages" time="0.001"/>
  <testcase name="should be decoded properly" classname="com.github.traderjoe95.mls.protocol.message.Messages" time="0.0"/>
  <testcase name="should round-trip to the same binary value" classname="com.github.traderjoe95.mls.protocol.message.Messages" time="0.0"/>
  <testcase name="should be decoded properly" classname="com.github.traderjoe95.mls.protocol.message.Messages" time="0.0"/>
  <testcase name="should round-trip to the same binary value" classname="com.github.traderjoe95.mls.protocol.message.Messages" time="0.0"/>
  <testcase name="should be decoded properly" classname="com.github.traderjoe95.mls.protocol.message.Messages" time="0.0"/>
  <testcase name="should round-trip to the same binary value" classname="com.github.traderjoe95.mls.protocol.message.Messages" time="0.001"/>
  <testcase name="should be decoded properly" classname="com.github.traderjoe95.mls.protocol.message.Messages" time="0.0"/>
  <testcase name="should round-trip to the same binary value" classname="com.github.traderjoe95.mls.protocol.message.Messages" time="0.0"/>
  <testcase name="should be decoded properly" classname="com.github.traderjoe95.mls.protocol.message.Messages" time="0.0"/>
  <testcase name="should round-trip to the same binary value" classname="com.github.traderjoe95.mls.protocol.message.Messages" time="0.0"/>
  <testcase name="should be decoded properly" classname="com.github.traderjoe95.mls.protocol.message.Messages" time="0.0"/>
  <testcase name="should round-trip to the same binary value" classname="com.github.traderjoe95.mls.protocol.message.Messages" time="0.0"/>
  <testcase name="should be decoded properly" classname="com.github.traderjoe95.mls.protocol.message.Messages" time="0.0"/>
  <testcase name="should round-trip to the same binary value" classname="com.github.traderjoe95.mls.protocol.message.Messages" time="0.0"/>
  <testcase name="should be decoded properly" classname="com.github.traderjoe95.mls.protocol.message.Messages" time="0.0"/>
  <testcase name="should round-trip to the same binary value" classname="com.github.traderjoe95.mls.protocol.message.Messages" time="0.001"/>
  <testcase name="should be decoded properly" classname="com.github.traderjoe95.mls.protocol.message.Messages" time="0.0"/>
  <testcase name="should round-trip to the same binary value" classname="com.github.traderjoe95.mls.protocol.message.Messages" time="0.0"/>
  <testcase name="should be decoded properly" classname="com.github.traderjoe95.mls.protocol.message.Messages" time="0.0"/>
  <testcase name="should round-trip to the same binary value" classname="com.github.traderjoe95.mls.protocol.message.Messages" time="0.0"/>
  <testcase name="should be decoded properly" classname="com.github.traderjoe95.mls.protocol.message.Messages" time="0.0"/>
  <testcase name="should round-trip to the same binary value" classname="com.github.traderjoe95.mls.protocol.message.Messages" time="0.0"/>
  <testcase name="should be decoded properly" classname="com.github.traderjoe95.mls.protocol.message.Messages" time="0.0"/>
  <testcase name="should round-trip to the same binary value" classname="com.github.traderjoe95.mls.protocol.message.Messages" time="0.0"/>
  <testcase name="should be decoded properly" classname="com.github.traderjoe95.mls.protocol.message.Messages" time="0.0"/>
  <testcase name="should round-trip to the same binary value" classname="com.github.traderjoe95.mls.protocol.message.Messages" time="0.0"/>
  <testcase name="should be decoded properly" classname="com.github.traderjoe95.mls.protocol.message.Messages" time="0.0"/>
  <testcase name="should round-trip to the same binary value" classname="com.github.traderjoe95.mls.protocol.message.Messages" time="0.0"/>
  <testcase name="should be decoded properly" classname="com.github.traderjoe95.mls.protocol.message.Messages" time="0.0"/>
  <testcase name="should round-trip to the same binary value" classname="com.github.traderjoe95.mls.protocol.message.Messages" time="0.001"/>
  <testcase name="should be decoded properly" classname="com.github.traderjoe95.mls.protocol.message.Messages" time="0.0"/>
  <testcase name="should round-trip to the same binary value" classname="com.github.traderjoe95.mls.protocol.message.Messages" time="0.0"/>
  <testcase name="should be decoded properly" classname="com.github.traderjoe95.mls.protocol.message.Messages" time="0.0"/>
  <testcase name="should round-trip to the same binary value" classname="com.github.traderjoe95.mls.protocol.message.Messages" time="0.0"/>
  <testcase name="should be decoded properly" classname="com.github.traderjoe95.mls.protocol.message.Messages" time="0.0"/>
  <testcase name="should round-trip to the same binary value" classname="com.github.traderjoe95.mls.protocol.message.Messages" time="0.0"/>
  <testcase name="should be decoded properly" classname="com.github.traderjoe95.mls.protocol.message.Messages" time="0.0"/>
  <testcase name="should round-trip to the same binary value" classname="com.github.traderjoe95.mls.protocol.message.Messages" time="0.0"/>
  <testcase name="should be decoded properly" classname="com.github.traderjoe95.mls.protocol.message.Messages" time="0.0"/>
  <testcase name="should round-trip to the same binary value" classname="com.github.traderjoe95.mls.protocol.message.Messages" time="0.0"/>
  <testcase name="should be decoded properly" classname="com.github.traderjoe95.mls.protocol.message.Messages" time="0.0"/>
  <testcase name="should round-trip to the same binary value" classname="com.github.traderjoe95.mls.protocol.message.Messages" time="0.0"/>
  <testcase name="should be decoded properly" classname="com.github.traderjoe95.mls.protocol.message.Messages" time="0.0"/>
  <testcase name="should round-trip to the same binary value" classname="com.github.traderjoe95.mls.protocol.message.Messages" time="0.0"/>
  <testcase name="should be decoded properly" classname="com.github.traderjoe95.mls.protocol.message.Messages" time="0.0"/>
  <testcase name="should round-trip to the same binary value" classname="com.github.traderjoe95.mls.protocol.message.Messages" time="0.0"/>
  <testcase name="should be decoded properly" classname="com.github.traderjoe95.mls.protocol.message.Messages" time="0.0"/>
  <testcase name="should round-trip to the same binary value" classname="com.github.traderjoe95.mls.protocol.message.Messages" time="0.0"/>
  <testcase name="should be decoded properly" classname="com.github.traderjoe95.mls.protocol.message.Messages" time="0.0"/>
  <testcase name="should round-trip to the same binary value" classname="com.github.traderjoe95.mls.protocol.message.Messages" time="0.0"/>
  <testcase name="should be decoded properly" classname="com.github.traderjoe95.mls.protocol.message.Messages" time="0.0"/>
  <testcase name="should round-trip to the same binary value" classname="com.github.traderjoe95.mls.protocol.message.Messages" time="0.001"/>
  <testcase name="should be decoded properly" classname="com.github.traderjoe95.mls.protocol.message.Messages" time="0.0"/>
  <testcase name="should round-trip to the same binary value" classname="com.github.traderjoe95.mls.protocol.message.Messages" time="0.0"/>
  <testcase name="should be decoded properly" classname="com.github.traderjoe95.mls.protocol.message.Messages" time="0.0"/>
  <testcase name="should round-trip to the same binary value" classname="com.github.traderjoe95.mls.protocol.message.Messages" time="0.001"/>
  <testcase name="should be decoded properly" classname="com.github.traderjoe95.mls.protocol.message.Messages" time="0.0"/>
  <testcase name="should round-trip to the same binary value" classname="com.github.traderjoe95.mls.protocol.message.Messages" time="0.0"/>
  <testcase name="should be decoded properly" classname="com.github.traderjoe95.mls.protocol.message.Messages" time="0.001"/>
  <testcase name="should round-trip to the same binary value" classname="com.github.traderjoe95.mls.protocol.message.Messages" time="0.0"/>
  <testcase name="should be decoded properly" classname="com.github.traderjoe95.mls.protocol.message.Messages" time="0.001"/>
  <testcase name="should round-trip to the same binary value" classname="com.github.traderjoe95.mls.protocol.message.Messages" time="0.0"/>
  <testcase name="should be decoded properly" classname="com.github.traderjoe95.mls.protocol.message.Messages" time="0.0"/>
  <testcase name="should round-trip to the same binary value" classname="com.github.traderjoe95.mls.protocol.message.Messages" time="0.001"/>
  <testcase name="should be decoded properly" classname="com.github.traderjoe95.mls.protocol.message.Messages" time="0.001"/>
  <testcase name="should round-trip to the same binary value" classname="com.github.traderjoe95.mls.protocol.message.Messages" time="0.0"/>
  <testcase name="should be decoded properly" classname="com.github.traderjoe95.mls.protocol.message.Messages" time="0.0"/>
  <testcase name="should round-trip to the same binary value" classname="com.github.traderjoe95.mls.protocol.message.Messages" time="0.001"/>
  <testcase name="should be decoded properly" classname="com.github.traderjoe95.mls.protocol.message.Messages" time="0.0"/>
  <testcase name="should round-trip to the same binary value" classname="com.github.traderjoe95.mls.protocol.message.Messages" time="0.0"/>
  <testcase name="should be decoded properly" classname="com.github.traderjoe95.mls.protocol.message.Messages" time="0.0"/>
  <testcase name="should round-trip to the same binary value" classname="com.github.traderjoe95.mls.protocol.message.Messages" time="0.0"/>
  <testcase name="should be decoded properly" classname="com.github.traderjoe95.mls.protocol.message.Messages" time="0.001"/>
  <testcase name="should round-trip to the same binary value" classname="com.github.traderjoe95.mls.protocol.message.Messages" time="0.0"/>
  <testcase name="should be decoded properly" classname="com.github.traderjoe95.mls.protocol.message.Messages" time="0.0"/>
  <testcase name="should round-trip to the same binary value" classname="com.github.traderjoe95.mls.protocol.message.Messages" time="0.001"/>
  <testcase name="should be decoded properly" classname="com.github.traderjoe95.mls.protocol.message.Messages" time="0.001"/>
  <testcase name="should round-trip to the same binary value" classname="com.github.traderjoe95.mls.protocol.message.Messages" time="0.0"/>
  <testcase name="should be decoded properly" classname="com.github.traderjoe95.mls.protocol.message.Messages" time="0.0"/>
  <testcase name="should round-trip to the same binary value" classname="com.github.traderjoe95.mls.protocol.message.Messages" time="0.0"/>
  <testcase name="should be decoded properly" classname="com.github.traderjoe95.mls.protocol.message.Messages" time="0.0"/>
  <testcase name="should round-trip to the same binary value" classname="com.github.traderjoe95.mls.protocol.message.Messages" time="0.001"/>
  <testcase name="should be decoded properly" classname="com.github.traderjoe95.mls.protocol.message.Messages" time="0.0"/>
  <testcase name="should round-trip to the same binary value" classname="com.github.traderjoe95.mls.protocol.message.Messages" time="0.001"/>
  <testcase name="should be decoded properly" classname="com.github.traderjoe95.mls.protocol.message.Messages" time="0.0"/>
  <testcase name="should round-trip to the same binary value" classname="com.github.traderjoe95.mls.protocol.message.Messages" time="0.001"/>
  <testcase name="should be decoded properly" classname="com.github.traderjoe95.mls.protocol.message.Messages" time="0.0"/>
  <testcase name="should round-trip to the same binary value" classname="com.github.traderjoe95.mls.protocol.message.Messages" time="0.0"/>
  <testcase name="should be decoded properly" classname="com.github.traderjoe95.mls.protocol.message.Messages" time="0.0"/>
  <testcase name="should round-trip to the same binary value" classname="com.github.traderjoe95.mls.protocol.message.Messages" time="0.0"/>
  <testcase name="should be decoded properly" classname="com.github.traderjoe95.mls.protocol.message.Messages" time="0.0"/>
  <testcase name="should round-trip to the same binary value" classname="com.github.traderjoe95.mls.protocol.message.Messages" time="0.0"/>
  <testcase name="should be decoded properly" classname="com.github.traderjoe95.mls.protocol.message.Messages" time="0.0"/>
  <testcase name="should round-trip to the same binary value" classname="com.github.traderjoe95.mls.protocol.message.Messages" time="0.0"/>
  <testcase name="should be decoded properly" classname="com.github.traderjoe95.mls.protocol.message.Messages" time="0.001"/>
  <testcase name="should round-trip to the same binary value" classname="com.github.traderjoe95.mls.protocol.message.Messages" time="0.0"/>
  <testcase name="should be decoded properly" classname="com.github.traderjoe95.mls.protocol.message.Messages" time="0.0"/>
  <testcase name="should round-trip to the same binary value" classname="com.github.traderjoe95.mls.protocol.message.Messages" time="0.0"/>
  <testcase name="should be decoded properly" classname="com.github.traderjoe95.mls.protocol.message.Messages" time="0.0"/>
  <testcase name="should round-trip to the same binary value" classname="com.github.traderjoe95.mls.protocol.message.Messages" time="0.0"/>
  <testcase name="should be decoded properly" classname="com.github.traderjoe95.mls.protocol.message.Messages" time="0.0"/>
  <testcase name="should round-trip to the same binary value" classname="com.github.traderjoe95.mls.protocol.message.Messages" time="0.0"/>
  <testcase name="should be decoded properly" classname="com.github.traderjoe95.mls.protocol.message.Messages" time="0.0"/>
  <testcase name="should round-trip to the same binary value" classname="com.github.traderjoe95.mls.protocol.message.Messages" time="0.0"/>
  <testcase name="should be decoded properly" classname="com.github.traderjoe95.mls.protocol.message.Messages" time="0.0"/>
  <testcase name="should round-trip to the same binary value" classname="com.github.traderjoe95.mls.protocol.message.Messages" time="0.0"/>
  <testcase name="should be decoded properly" classname="com.github.traderjoe95.mls.protocol.message.Messages" time="0.0"/>
  <testcase name="should round-trip to the same binary value" classname="com.github.traderjoe95.mls.protocol.message.Messages" time="0.0"/>
  <testcase name="should be decoded properly" classname="com.github.traderjoe95.mls.protocol.message.Messages" time="0.001"/>
  <testcase name="should round-trip to the same binary value" classname="com.github.traderjoe95.mls.protocol.message.Messages" time="0.0"/>
  <testcase name="should be decoded properly" classname="com.github.traderjoe95.mls.protocol.message.Messages" time="0.0"/>
  <testcase name="should round-trip to the same binary value" classname="com.github.traderjoe95.mls.protocol.message.Messages" time="0.0"/>
  <testcase name="should be decoded properly" classname="com.github.traderjoe95.mls.protocol.message.Messages" time="0.0"/>
  <testcase name="should round-trip to the same binary value" classname="com.github.traderjoe95.mls.protocol.message.Messages" time="0.0"/>
  <testcase name="should be decoded properly" classname="com.github.traderjoe95.mls.protocol.message.Messages" time="0.0"/>
  <testcase name="should round-trip to the same binary value" classname="com.github.traderjoe95.mls.protocol.message.Messages" time="0.0"/>
  <testcase name="should be decoded properly" classname="com.github.traderjoe95.mls.protocol.message.Messages" time="0.0"/>
  <testcase name="should round-trip to the same binary value" classname="com.github.traderjoe95.mls.protocol.message.Messages" time="0.001"/>
  <testcase name="should be decoded properly" classname="com.github.traderjoe95.mls.protocol.message.Messages" time="0.0"/>
  <testcase name="should round-trip to the same binary value" classname="com.github.traderjoe95.mls.protocol.message.Messages" time="0.001"/>
  <testcase name="should be decoded properly" classname="com.github.traderjoe95.mls.protocol.message.Messages" time="0.0"/>
  <testcase name="should round-trip to the same binary value" classname="com.github.traderjoe95.mls.protocol.message.Messages" time="0.0"/>
  <testcase name="should be decoded properly" classname="com.github.traderjoe95.mls.protocol.message.Messages" time="0.0"/>
  <testcase name="should round-trip to the same binary value" classname="com.github.traderjoe95.mls.protocol.message.Messages" time="0.0"/>
  <testcase name="should be decoded properly" classname="com.github.traderjoe95.mls.protocol.message.Messages" time="0.0"/>
  <testcase name="should round-trip to the same binary value" classname="com.github.traderjoe95.mls.protocol.message.Messages" time="0.001"/>
  <testcase name="should be decoded properly" classname="com.github.traderjoe95.mls.protocol.message.Messages" time="0.0"/>
  <testcase name="should round-trip to the same binary value" classname="com.github.traderjoe95.mls.protocol.message.Messages" time="0.0"/>
  <testcase name="should be decoded properly" classname="com.github.traderjoe95.mls.protocol.message.Messages" time="0.0"/>
  <testcase name="should round-trip to the same binary value" classname="com.github.traderjoe95.mls.protocol.message.Messages" time="0.0"/>
  <testcase name="should be decoded properly" classname="com.github.traderjoe95.mls.protocol.message.Messages" time="0.0"/>
  <testcase name="should round-trip to the same binary value" classname="com.github.traderjoe95.mls.protocol.message.Messages" time="0.0"/>
  <testcase name="should be decoded properly" classname="com.github.traderjoe95.mls.protocol.message.Messages" time="0.0"/>
  <testcase name="should round-trip to the same binary value" classname="com.github.traderjoe95.mls.protocol.message.Messages" time="0.0"/>
  <testcase name="should be decoded properly" classname="com.github.traderjoe95.mls.protocol.message.Messages" time="0.0"/>
  <testcase name="should round-trip to the same binary value" classname="com.github.traderjoe95.mls.protocol.message.Messages" time="0.001"/>
  <testcase name="should be decoded properly" classname="com.github.traderjoe95.mls.protocol.message.Messages" time="0.0"/>
  <testcase name="should round-trip to the same binary value" classname="com.github.traderjoe95.mls.protocol.message.Messages" time="0.0"/>
  <testcase name="should be decoded properly" classname="com.github.traderjoe95.mls.protocol.message.Messages" time="0.0"/>
  <testcase name="should round-trip to the same binary value" classname="com.github.traderjoe95.mls.protocol.message.Messages" time="0.0"/>
  <testcase name="should be decoded properly" classname="com.github.traderjoe95.mls.protocol.message.Messages" time="0.0"/>
  <testcase name="should round-trip to the same binary value" classname="com.github.traderjoe95.mls.protocol.message.Messages" time="0.0"/>
  <testcase name="should be decoded properly" classname="com.github.traderjoe95.mls.protocol.message.Messages" time="0.0"/>
  <testcase name="should round-trip to the same binary value" classname="com.github.traderjoe95.mls.protocol.message.Messages" time="0.0"/>
  <testcase name="should be decoded properly" classname="com.github.traderjoe95.mls.protocol.message.Messages" time="0.0"/>
  <testcase name="should round-trip to the same binary value" classname="com.github.traderjoe95.mls.protocol.message.Messages" time="0.0"/>
  <testcase name="should be decoded properly" classname="com.github.traderjoe95.mls.protocol.message.Messages" time="0.0"/>
  <testcase name="should round-trip to the same binary value" classname="com.github.traderjoe95.mls.protocol.message.Messages" time="0.0"/>
  <testcase name="should be decoded properly" classname="com.github.traderjoe95.mls.protocol.message.Messages" time="0.0"/>
  <testcase name="should round-trip to the same binary value" classname="com.github.traderjoe95.mls.protocol.message.Messages" time="0.0"/>
  <testcase name="should be decoded properly" classname="com.github.traderjoe95.mls.protocol.message.Messages" time="0.0"/>
  <testcase name="should round-trip to the same binary value" classname="com.github.traderjoe95.mls.protocol.message.Messages" time="0.0"/>
  <testcase name="should be decoded properly" classname="com.github.traderjoe95.mls.protocol.message.Messages" time="0.0"/>
  <testcase name="should round-trip to the same binary value" classname="com.github.traderjoe95.mls.protocol.message.Messages" time="0.0"/>
  <testcase name="should be decoded properly" classname="com.github.traderjoe95.mls.protocol.message.Messages" time="0.0"/>
  <testcase name="should round-trip to the same binary value" classname="com.github.traderjoe95.mls.protocol.message.Messages" time="0.0"/>
  <testcase name="should be decoded properly" classname="com.github.traderjoe95.mls.protocol.message.Messages" time="0.001"/>
  <testcase name="should round-trip to the same binary value" classname="com.github.traderjoe95.mls.protocol.message.Messages" time="0.0"/>
  <testcase name="should be decoded properly" classname="com.github.traderjoe95.mls.protocol.message.Messages" time="0.001"/>
  <testcase name="should round-trip to the same binary value" classname="com.github.traderjoe95.mls.protocol.message.Messages" time="0.0"/>
  <testcase name="should be decoded properly" classname="com.github.traderjoe95.mls.protocol.message.Messages" time="0.0"/>
  <testcase name="should round-trip to the same binary value" classname="com.github.traderjoe95.mls.protocol.message.Messages" time="0.0"/>
  <testcase name="should be decoded properly" classname="com.github.traderjoe95.mls.protocol.message.Messages" time="0.001"/>
  <testcase name="should round-trip to the same binary value" classname="com.github.traderjoe95.mls.protocol.message.Messages" time="0.0"/>
  <testcase name="should be decoded properly" classname="com.github.traderjoe95.mls.protocol.message.Messages" time="0.0"/>
  <testcase name="should round-trip to the same binary value" classname="com.github.traderjoe95.mls.protocol.message.Messages" time="0.0"/>
  <testcase name="should be decoded properly" classname="com.github.traderjoe95.mls.protocol.message.Messages" time="0.0"/>
  <testcase name="should round-trip to the same binary value" classname="com.github.traderjoe95.mls.protocol.message.Messages" time="0.0"/>
  <testcase name="should be decoded properly" classname="com.github.traderjoe95.mls.protocol.message.Messages" time="0.001"/>
  <testcase name="should round-trip to the same binary value" classname="com.github.traderjoe95.mls.protocol.message.Messages" time="0.0"/>
  <testcase name="should be decoded properly" classname="com.github.traderjoe95.mls.protocol.message.Messages" time="0.0"/>
  <testcase name="should round-trip to the same binary value" classname="com.github.traderjoe95.mls.protocol.message.Messages" time="0.001"/>
  <testcase name="should be decoded properly" classname="com.github.traderjoe95.mls.protocol.message.Messages" time="0.0"/>
  <testcase name="should round-trip to the same binary value" classname="com.github.traderjoe95.mls.protocol.message.Messages" time="0.0"/>
  <testcase name="should be decoded properly" classname="com.github.traderjoe95.mls.protocol.message.Messages" time="0.0"/>
  <testcase name="should round-trip to the same binary value" classname="com.github.traderjoe95.mls.protocol.message.Messages" time="0.0"/>
  <testcase name="should be decoded properly" classname="com.github.traderjoe95.mls.protocol.message.Messages" time="0.0"/>
  <testcase name="should round-trip to the same binary value" classname="com.github.traderjoe95.mls.protocol.message.Messages" time="0.0"/>
  <testcase name="should be decoded properly" classname="com.github.traderjoe95.mls.protocol.message.Messages" time="0.0"/>
  <testcase name="should round-trip to the same binary value" classname="com.github.traderjoe95.mls.protocol.message.Messages" time="0.0"/>
  <testcase name="should be decoded properly" classname="com.github.traderjoe95.mls.protocol.message.Messages" time="0.0"/>
  <testcase name="should round-trip to the same binary value" classname="com.github.traderjoe95.mls.protocol.message.Messages" time="0.0"/>
  <testcase name="should be decoded properly" classname="com.github.traderjoe95.mls.protocol.message.Messages" time="0.0"/>
  <testcase name="should round-trip to the same binary value" classname="com.github.traderjoe95.mls.protocol.message.Messages" time="0.0"/>
  <testcase name="should be decoded properly" classname="com.github.traderjoe95.mls.protocol.message.Messages" time="0.0"/>
  <testcase name="should round-trip to the same binary value" classname="com.github.traderjoe95.mls.protocol.message.Messages" time="0.0"/>
  <testcase name="should be decoded properly" classname="com.github.traderjoe95.mls.protocol.message.Messages" time="0.0"/>
  <testcase name="should round-trip to the same binary value" classname="com.github.traderjoe95.mls.protocol.message.Messages" time="0.0"/>
  <testcase name="should be decoded properly" classname="com.github.traderjoe95.mls.protocol.message.Messages" time="0.0"/>
  <testcase name="should round-trip to the same binary value" classname="com.github.traderjoe95.mls.protocol.message.Messages" time="0.0"/>
  <testcase name="should be decoded properly" classname="com.github.traderjoe95.mls.protocol.message.Messages" time="0.001"/>
  <testcase name="should round-trip to the same binary value" classname="com.github.traderjoe95.mls.protocol.message.Messages" time="0.0"/>
  <testcase name="should be decoded properly" classname="com.github.traderjoe95.mls.protocol.message.Messages" time="0.0"/>
  <testcase name="should round-trip to the same binary value" classname="com.github.traderjoe95.mls.protocol.message.Messages" time="0.0"/>
  <testcase name="should be decoded properly" classname="com.github.traderjoe95.mls.protocol.message.Messages" time="0.001"/>
  <testcase name="should round-trip to the same binary value" classname="com.github.traderjoe95.mls.protocol.message.Messages" time="0.0"/>
  <testcase name="should be decoded properly" classname="com.github.traderjoe95.mls.protocol.message.Messages" time="0.0"/>
  <testcase name="should round-trip to the same binary value" classname="com.github.traderjoe95.mls.protocol.message.Messages" time="0.0"/>
  <testcase name="should be decoded properly" classname="com.github.traderjoe95.mls.protocol.message.Messages" time="0.0"/>
  <testcase name="should round-trip to the same binary value" classname="com.github.traderjoe95.mls.protocol.message.Messages" time="0.0"/>
  <testcase name="should be decoded properly" classname="com.github.traderjoe95.mls.protocol.message.Messages" time="0.0"/>
  <testcase name="should round-trip to the same binary value" classname="com.github.traderjoe95.mls.protocol.message.Messages" time="0.0"/>
  <testcase name="should be decoded properly" classname="com.github.traderjoe95.mls.protocol.message.Messages" time="0.0"/>
  <testcase name="should round-trip to the same binary value" classname="com.github.traderjoe95.mls.protocol.message.Messages" time="0.0"/>
  <testcase name="should be decoded properly" classname="com.github.traderjoe95.mls.protocol.message.Messages" time="0.0"/>
  <testcase name="should round-trip to the same binary value" classname="com.github.traderjoe95.mls.protocol.message.Messages" time="0.0"/>
  <testcase name="should be decoded properly" classname="com.github.traderjoe95.mls.protocol.message.Messages" time="0.0"/>
  <testcase name="should round-trip to the same binary value" classname="com.github.traderjoe95.mls.protocol.message.Messages" time="0.0"/>
  <testcase name="should be decoded properly" classname="com.github.traderjoe95.mls.protocol.message.Messages" time="0.0"/>
  <testcase name="should round-trip to the same binary value" classname="com.github.traderjoe95.mls.protocol.message.Messages" time="0.0"/>
  <testcase name="should be decoded properly" classname="com.github.traderjoe95.mls.protocol.message.Messages" time="0.0"/>
  <testcase name="should round-trip to the same binary value" classname="com.github.traderjoe95.mls.protocol.message.Messages" time="0.0"/>
  <testcase name="should be decoded properly" classname="com.github.traderjoe95.mls.protocol.message.Messages" time="0.0"/>
  <testcase name="should round-trip to the same binary value" classname="com.github.traderjoe95.mls.protocol.message.Messages" time="0.0"/>
  <testcase name="should be decoded properly" classname="com.github.traderjoe95.mls.protocol.message.Messages" time="0.0"/>
  <testcase name="should round-trip to the same binary value" classname="com.github.traderjoe95.mls.protocol.message.Messages" time="0.001"/>
  <testcase name="should be decoded properly" classname="com.github.traderjoe95.mls.protocol.message.Messages" time="0.001"/>
  <testcase name="should round-trip to the same binary value" classname="com.github.traderjoe95.mls.protocol.message.Messages" time="0.0"/>
  <testcase name="should be decoded properly" classname="com.github.traderjoe95.mls.protocol.message.Messages" time="0.0"/>
  <testcase name="should round-trip to the same binary value" classname="com.github.traderjoe95.mls.protocol.message.Messages" time="0.0"/>
  <testcase name="should be decoded properly" classname="com.github.traderjoe95.mls.protocol.message.Messages" time="0.0"/>
  <testcase name="should round-trip to the same binary value" classname="com.github.traderjoe95.mls.protocol.message.Messages" time="0.0"/>
  <testcase name="should be decoded properly" classname="com.github.traderjoe95.mls.protocol.message.Messages" time="0.0"/>
  <testcase name="should round-trip to the same binary value" classname="com.github.traderjoe95.mls.protocol.message.Messages" time="0.0"/>
  <testcase name="should be decoded properly" classname="com.github.traderjoe95.mls.protocol.message.Messages" time="0.0"/>
  <testcase name="should round-trip to the same binary value" classname="com.github.traderjoe95.mls.protocol.message.Messages" time="0.0"/>
  <testcase name="should be decoded properly" classname="com.github.traderjoe95.mls.protocol.message.Messages" time="0.0"/>
  <testcase name="should round-trip to the same binary value" classname="com.github.traderjoe95.mls.protocol.message.Messages" time="0.0"/>
  <testcase name="should be decoded properly" classname="com.github.traderjoe95.mls.protocol.message.Messages" time="0.0"/>
  <testcase name="should round-trip to the same binary value" classname="com.github.traderjoe95.mls.protocol.message.Messages" time="0.0"/>
  <testcase name="should be decoded properly" classname="com.github.traderjoe95.mls.protocol.message.Messages" time="0.0"/>
  <testcase name="should round-trip to the same binary value" classname="com.github.traderjoe95.mls.protocol.message.Messages" time="0.0"/>
  <testcase name="should be decoded properly" classname="com.github.traderjoe95.mls.protocol.message.Messages" time="0.0"/>
  <testcase name="should round-trip to the same binary value" classname="com.github.traderjoe95.mls.protocol.message.Messages" time="0.0"/>
  <testcase name="should be decoded properly" classname="com.github.traderjoe95.mls.protocol.message.Messages" time="0.0"/>
  <testcase name="should round-trip to the same binary value" classname="com.github.traderjoe95.mls.protocol.message.Messages" time="0.0"/>
  <testcase name="should be decoded properly" classname="com.github.traderjoe95.mls.protocol.message.Messages" time="0.0"/>
  <testcase name="should round-trip to the same binary value" classname="com.github.traderjoe95.mls.protocol.message.Messages" time="0.0"/>
  <testcase name="should be decoded properly" classname="com.github.traderjoe95.mls.protocol.message.Messages" time="0.0"/>
  <testcase name="should round-trip to the same binary value" classname="com.github.traderjoe95.mls.protocol.message.Messages" time="0.0"/>
  <testcase name="should be decoded properly" classname="com.github.traderjoe95.mls.protocol.message.Messages" time="0.0"/>
  <testcase name="should round-trip to the same binary value" classname="com.github.traderjoe95.mls.protocol.message.Messages" time="0.0"/>
  <testcase name="should be decoded properly" classname="com.github.traderjoe95.mls.protocol.message.Messages" time="0.001"/>
  <testcase name="should round-trip to the same binary value" classname="com.github.traderjoe95.mls.protocol.message.Messages" time="0.0"/>
  <testcase name="should be decoded properly" classname="com.github.traderjoe95.mls.protocol.message.Messages" time="0.001"/>
  <testcase name="should round-trip to the same binary value" classname="com.github.traderjoe95.mls.protocol.message.Messages" time="0.0"/>
  <testcase name="should be decoded properly" classname="com.github.traderjoe95.mls.protocol.message.Messages" time="0.0"/>
  <testcase name="should round-trip to the same binary value" classname="com.github.traderjoe95.mls.protocol.message.Messages" time="0.0"/>
  <testcase name="should be decoded properly" classname="com.github.traderjoe95.mls.protocol.message.Messages" time="0.001"/>
  <testcase name="should round-trip to the same binary value" classname="com.github.traderjoe95.mls.protocol.message.Messages" time="0.0"/>
  <testcase name="should be decoded properly" classname="com.github.traderjoe95.mls.protocol.message.Messages" time="0.001"/>
  <testcase name="should round-trip to the same binary value" classname="com.github.traderjoe95.mls.protocol.message.Messages" time="0.0"/>
  <testcase name="should be decoded properly" classname="com.github.traderjoe95.mls.protocol.message.Messages" time="0.0"/>
  <testcase name="should round-trip to the same binary value" classname="com.github.traderjoe95.mls.protocol.message.Messages" time="0.0"/>
  <testcase name="should be decoded properly" classname="com.github.traderjoe95.mls.protocol.message.Messages" time="0.0"/>
  <testcase name="should round-trip to the same binary value" classname="com.github.traderjoe95.mls.protocol.message.Messages" time="0.0"/>
  <testcase name="should be decoded properly" classname="com.github.traderjoe95.mls.protocol.message.Messages" time="0.0"/>
  <testcase name="should round-trip to the same binary value" classname="com.github.traderjoe95.mls.protocol.message.Messages" time="0.0"/>
  <testcase name="should be decoded properly" classname="com.github.traderjoe95.mls.protocol.message.Messages" time="0.0"/>
  <testcase name="should round-trip to the same binary value" classname="com.github.traderjoe95.mls.protocol.message.Messages" time="0.0"/>
  <testcase name="should be decoded properly" classname="com.github.traderjoe95.mls.protocol.message.Messages" time="0.0"/>
  <testcase name="should round-trip to the same binary value" classname="com.github.traderjoe95.mls.protocol.message.Messages" time="0.0"/>
  <testcase name="should be decoded properly" classname="com.github.traderjoe95.mls.protocol.message.Messages" time="0.0"/>
  <testcase name="should round-trip to the same binary value" classname="com.github.traderjoe95.mls.protocol.message.Messages" time="0.0"/>
  <testcase name="should be decoded properly" classname="com.github.traderjoe95.mls.protocol.message.Messages" time="0.0"/>
  <testcase name="should round-trip to the same binary value" classname="com.github.traderjoe95.mls.protocol.message.Messages" time="0.001"/>
  <testcase name="should be decoded properly" classname="com.github.traderjoe95.mls.protocol.message.Messages" time="0.0"/>
  <testcase name="should round-trip to the same binary value" classname="com.github.traderjoe95.mls.protocol.message.Messages" time="0.0"/>
  <testcase name="should be decoded properly" classname="com.github.traderjoe95.mls.protocol.message.Messages" time="0.0"/>
  <testcase name="should round-trip to the same binary value" classname="com.github.traderjoe95.mls.protocol.message.Messages" time="0.0"/>
  <testcase name="should be decoded properly" classname="com.github.traderjoe95.mls.protocol.message.Messages" time="0.0"/>
  <testcase name="should round-trip to the same binary value" classname="com.github.traderjoe95.mls.protocol.message.Messages" time="0.0"/>
  <testcase name="should be decoded properly" classname="com.github.traderjoe95.mls.protocol.message.Messages" time="0.0"/>
  <testcase name="should round-trip to the same binary value" classname="com.github.traderjoe95.mls.protocol.message.Messages" time="0.001"/>
  <testcase name="should be decoded properly" classname="com.github.traderjoe95.mls.protocol.message.Messages" time="0.0"/>
  <testcase name="should round-trip to the same binary value" classname="com.github.traderjoe95.mls.protocol.message.Messages" time="0.0"/>
  <testcase name="should be decoded properly" classname="com.github.traderjoe95.mls.protocol.message.Messages" time="0.0"/>
  <testcase name="should round-trip to the same binary value" classname="com.github.traderjoe95.mls.protocol.message.Messages" time="0.0"/>
  <testcase name="should be decoded properly" classname="com.github.traderjoe95.mls.protocol.message.Messages" time="0.0"/>
  <testcase name="should round-trip to the same binary value" classname="com.github.traderjoe95.mls.protocol.message.Messages" time="0.0"/>
  <testcase name="should be decoded properly" classname="com.github.traderjoe95.mls.protocol.message.Messages" time="0.0"/>
  <testcase name="should round-trip to the same binary value" classname="com.github.traderjoe95.mls.protocol.message.Messages" time="0.0"/>
  <testcase name="should be decoded properly" classname="com.github.traderjoe95.mls.protocol.message.Messages" time="0.0"/>
  <testcase name="should round-trip to the same binary value" classname="com.github.traderjoe95.mls.protocol.message.Messages" time="0.0"/>
  <testcase name="should be decoded properly" classname="com.github.traderjoe95.mls.protocol.message.Messages" time="0.0"/>
  <testcase name="should round-trip to the same binary value" classname="com.github.traderjoe95.mls.protocol.message.Messages" time="0.001"/>
  <testcase name="should be decoded properly" classname="com.github.traderjoe95.mls.protocol.message.Messages" time="0.0"/>
  <testcase name="should round-trip to the same binary value" classname="com.github.traderjoe95.mls.protocol.message.Messages" time="0.0"/>
  <testcase name="should be decoded properly" classname="com.github.traderjoe95.mls.protocol.message.Messages" time="0.0"/>
  <testcase name="should round-trip to the same binary value" classname="com.github.traderjoe95.mls.protocol.message.Messages" time="0.0"/>
  <testcase name="should be decoded properly" classname="com.github.traderjoe95.mls.protocol.message.Messages" time="0.0"/>
  <testcase name="should round-trip to the same binary value" classname="com.github.traderjoe95.mls.protocol.message.Messages" time="0.0"/>
  <testcase name="should be decoded properly" classname="com.github.traderjoe95.mls.protocol.message.Messages" time="0.0"/>
  <testcase name="should round-trip to the same binary value" classname="com.github.traderjoe95.mls.protocol.message.Messages" time="0.0"/>
  <testcase name="should be decoded properly" classname="com.github.traderjoe95.mls.protocol.message.Messages" time="0.0"/>
  <testcase name="should round-trip to the same binary value" classname="com.github.traderjoe95.mls.protocol.message.Messages" time="0.001"/>
  <testcase name="should be decoded properly" classname="com.github.traderjoe95.mls.protocol.message.Messages" time="0.0"/>
  <testcase name="should round-trip to the same binary value" classname="com.github.traderjoe95.mls.protocol.message.Messages" time="0.0"/>
  <testcase name="should be decoded properly" classname="com.github.traderjoe95.mls.protocol.message.Messages" time="0.0"/>
  <testcase name="should round-trip to the same binary value" classname="com.github.traderjoe95.mls.protocol.message.Messages" time="0.0"/>
  <testcase name="should be decoded properly" classname="com.github.traderjoe95.mls.protocol.message.Messages" time="0.0"/>
  <testcase name="should round-trip to the same binary value" classname="com.github.traderjoe95.mls.protocol.message.Messages" time="0.0"/>
  <testcase name="should be decoded properly" classname="com.github.traderjoe95.mls.protocol.message.Messages" time="0.0"/>
  <testcase name="should round-trip to the same binary value" classname="com.github.traderjoe95.mls.protocol.message.Messages" time="0.0"/>
  <testcase name="should be decoded properly" classname="com.github.traderjoe95.mls.protocol.message.Messages" time="0.0"/>
  <testcase name="should round-trip to the same binary value" classname="com.github.traderjoe95.mls.protocol.message.Messages" time="0.0"/>
  <testcase name="should be decoded properly" classname="com.github.traderjoe95.mls.protocol.message.Messages" time="0.0"/>
  <testcase name="should round-trip to the same binary value" classname="com.github.traderjoe95.mls.protocol.message.Messages" time="0.0"/>
  <testcase name="should be decoded properly" classname="com.github.traderjoe95.mls.protocol.message.Messages" time="0.0"/>
  <testcase name="should round-trip to the same binary value" classname="com.github.traderjoe95.mls.protocol.message.Messages" time="0.001"/>
  <testcase name="should be decoded properly" classname="com.github.traderjoe95.mls.protocol.message.Messages" time="0.0"/>
  <testcase name="should round-trip to the same binary value" classname="com.github.traderjoe95.mls.protocol.message.Messages" time="0.0"/>
  <testcase name="should be decoded properly" classname="com.github.traderjoe95.mls.protocol.message.Messages" time="0.0"/>
  <testcase name="should round-trip to the same binary value" classname="com.github.traderjoe95.mls.protocol.message.Messages" time="0.0"/>
  <testcase name="should be decoded properly" classname="com.github.traderjoe95.mls.protocol.message.Messages" time="0.0"/>
  <testcase name="should round-trip to the same binary value" classname="com.github.traderjoe95.mls.protocol.message.Messages" time="0.0"/>
  <testcase name="should be decoded properly" classname="com.github.traderjoe95.mls.protocol.message.Messages" time="0.0"/>
  <testcase name="should round-trip to the same binary value" classname="com.github.traderjoe95.mls.protocol.message.Messages" time="0.001"/>
  <testcase name="should be decoded properly" classname="com.github.traderjoe95.mls.protocol.message.Messages" time="0.0"/>
  <testcase name="should round-trip to the same binary value" classname="com.github.traderjoe95.mls.protocol.message.Messages" time="0.0"/>
  <testcase name="should be decoded properly" classname="com.github.traderjoe95.mls.protocol.message.Messages" time="0.0"/>
  <testcase name="should round-trip to the same binary value" classname="com.github.traderjoe95.mls.protocol.message.Messages" time="0.0"/>
  <testcase name="should be decoded properly" classname="com.github.traderjoe95.mls.protocol.message.Messages" time="0.0"/>
  <testcase name="should round-trip to the same binary value" classname="com.github.traderjoe95.mls.protocol.message.Messages" time="0.0"/>
  <testcase name="should be decoded properly" classname="com.github.traderjoe95.mls.protocol.message.Messages" time="0.0"/>
  <testcase name="should round-trip to the same binary value" classname="com.github.traderjoe95.mls.protocol.message.Messages" time="0.0"/>
  <testcase name="should be decoded properly" classname="com.github.traderjoe95.mls.protocol.message.Messages" time="0.0"/>
  <testcase name="should round-trip to the same binary value" classname="com.github.traderjoe95.mls.protocol.message.Messages" time="0.0"/>
  <testcase name="should be decoded properly" classname="com.github.traderjoe95.mls.protocol.message.Messages" time="0.001"/>
  <testcase name="should round-trip to the same binary value" classname="com.github.traderjoe95.mls.protocol.message.Messages" time="0.0"/>
  <testcase name="should be decoded properly" classname="com.github.traderjoe95.mls.protocol.message.Messages" time="0.0"/>
  <testcase name="should round-trip to the same binary value" classname="com.github.traderjoe95.mls.protocol.message.Messages" time="0.0"/>
  <testcase name="should be decoded properly" classname="com.github.traderjoe95.mls.protocol.message.Messages" time="0.0"/>
  <testcase name="should round-trip to the same binary value" classname="com.github.traderjoe95.mls.protocol.message.Messages" time="0.0"/>
  <testcase name="should be decoded properly" classname="com.github.traderjoe95.mls.protocol.message.Messages" time="0.0"/>
  <testcase name="should round-trip to the same binary value" classname="com.github.traderjoe95.mls.protocol.message.Messages" time="0.0"/>
  <testcase name="should be decoded properly" classname="com.github.traderjoe95.mls.protocol.message.Messages" time="0.0"/>
  <testcase name="should round-trip to the same binary value" classname="com.github.traderjoe95.mls.protocol.message.Messages" time="0.0"/>
  <testcase name="should be decoded properly" classname="com.github.traderjoe95.mls.protocol.message.Messages" time="0.0"/>
  <testcase name="should round-trip to the same binary value" classname="com.github.traderjoe95.mls.protocol.message.Messages" time="0.0"/>
  <testcase name="should be decoded properly" classname="com.github.traderjoe95.mls.protocol.message.Messages" time="0.0"/>
  <testcase name="should round-trip to the same binary value" classname="com.github.traderjoe95.mls.protocol.message.Messages" time="0.0"/>
  <testcase name="should be decoded properly" classname="com.github.traderjoe95.mls.protocol.message.Messages" time="0.0"/>
  <testcase name="should round-trip to the same binary value" classname="com.github.traderjoe95.mls.protocol.message.Messages" time="0.0"/>
  <testcase name="should be decoded properly" classname="com.github.traderjoe95.mls.protocol.message.Messages" time="0.0"/>
  <testcase name="should round-trip to the same binary value" classname="com.github.traderjoe95.mls.protocol.message.Messages" time="0.0"/>
  <testcase name="should be decoded properly" classname="com.github.traderjoe95.mls.protocol.message.Messages" time="0.0"/>
  <testcase name="should round-trip to the same binary value" classname="com.github.traderjoe95.mls.protocol.message.Messages" time="0.0"/>
  <testcase name="should be decoded properly" classname="com.github.traderjoe95.mls.protocol.message.Messages" time="0.0"/>
  <testcase name="should round-trip to the same binary value" classname="com.github.traderjoe95.mls.protocol.message.Messages" time="0.001"/>
  <testcase name="should be decoded properly" classname="com.github.traderjoe95.mls.protocol.message.Messages" time="0.0"/>
  <testcase name="should round-trip to the same binary value" classname="com.github.traderjoe95.mls.protocol.message.Messages" time="0.0"/>
  <testcase name="should be decoded properly" classname="com.github.traderjoe95.mls.protocol.message.Messages" time="0.0"/>
  <testcase name="should round-trip to the same binary value" classname="com.github.traderjoe95.mls.protocol.message.Messages" time="0.0"/>
  <testcase name="should be decoded properly" classname="com.github.traderjoe95.mls.protocol.message.Messages" time="0.001"/>
  <testcase name="should round-trip to the same binary value" classname="com.github.traderjoe95.mls.protocol.message.Messages" time="0.0"/>
  <testcase name="should be decoded properly" classname="com.github.traderjoe95.mls.protocol.message.Messages" time="0.0"/>
  <testcase name="should round-trip to the same binary value" classname="com.github.traderjoe95.mls.protocol.message.Messages" time="0.001"/>
  <testcase name="should be decoded properly" classname="com.github.traderjoe95.mls.protocol.message.Messages" time="0.001"/>
  <testcase name="should round-trip to the same binary value" classname="com.github.traderjoe95.mls.protocol.message.Messages" time="0.0"/>
  <testcase name="should be decoded properly" classname="com.github.traderjoe95.mls.protocol.message.Messages" time="0.0"/>
  <testcase name="should round-trip to the same binary value" classname="com.github.traderjoe95.mls.protocol.message.Messages" time="0.0"/>
  <testcase name="should be decoded properly" classname="com.github.traderjoe95.mls.protocol.message.Messages" time="0.0"/>
  <testcase name="should round-trip to the same binary value" classname="com.github.traderjoe95.mls.protocol.message.Messages" time="0.0"/>
  <testcase name="should be decoded properly" classname="com.github.traderjoe95.mls.protocol.message.Messages" time="0.0"/>
  <testcase name="should round-trip to the same binary value" classname="com.github.traderjoe95.mls.protocol.message.Messages" time="0.0"/>
  <testcase name="should be decoded properly" classname="com.github.traderjoe95.mls.protocol.message.Messages" time="0.0"/>
  <testcase name="should round-trip to the same binary value" classname="com.github.traderjoe95.mls.protocol.message.Messages" time="0.0"/>
  <testcase name="should be decoded properly" classname="com.github.traderjoe95.mls.protocol.message.Messages" time="0.0"/>
  <testcase name="should round-trip to the same binary value" classname="com.github.traderjoe95.mls.protocol.message.Messages" time="0.0"/>
  <testcase name="should be decoded properly" classname="com.github.traderjoe95.mls.protocol.message.Messages" time="0.0"/>
  <testcase name="should round-trip to the same binary value" classname="com.github.traderjoe95.mls.protocol.message.Messages" time="0.001"/>
  <testcase name="should be decoded properly" classname="com.github.traderjoe95.mls.protocol.message.Messages" time="0.0"/>
  <testcase name="should round-trip to the same binary value" classname="com.github.traderjoe95.mls.protocol.message.Messages" time="0.0"/>
  <testcase name="should be decoded properly" classname="com.github.traderjoe95.mls.protocol.message.Messages" time="0.0"/>
  <testcase name="should round-trip to the same binary value" classname="com.github.traderjoe95.mls.protocol.message.Messages" time="0.001"/>
  <testcase name="should be decoded properly" classname="com.github.traderjoe95.mls.protocol.message.Messages" time="0.0"/>
  <testcase name="should round-trip to the same binary value" classname="com.github.traderjoe95.mls.protocol.message.Messages" time="0.0"/>
  <testcase name="should be decoded properly" classname="com.github.traderjoe95.mls.protocol.message.Messages" time="0.0"/>
  <testcase name="should round-trip to the same binary value" classname="com.github.traderjoe95.mls.protocol.message.Messages" time="0.0"/>
  <testcase name="should be decoded properly" classname="com.github.traderjoe95.mls.protocol.message.Messages" time="0.0"/>
  <testcase name="should round-trip to the same binary value" classname="com.github.traderjoe95.mls.protocol.message.Messages" time="0.0"/>
  <testcase name="should be decoded properly" classname="com.github.traderjoe95.mls.protocol.message.Messages" time="0.0"/>
  <testcase name="should round-trip to the same binary value" classname="com.github.traderjoe95.mls.protocol.message.Messages" time="0.0"/>
  <testcase name="should be decoded properly" classname="com.github.traderjoe95.mls.protocol.message.Messages" time="0.0"/>
  <testcase name="should round-trip to the same binary value" classname="com.github.traderjoe95.mls.protocol.message.Messages" time="0.0"/>
  <testcase name="should be decoded properly" classname="com.github.traderjoe95.mls.protocol.message.Messages" time="0.0"/>
  <testcase name="should round-trip to the same binary value" classname="com.github.traderjoe95.mls.protocol.message.Messages" time="0.0"/>
  <testcase name="should be decoded properly" classname="com.github.traderjoe95.mls.protocol.message.Messages" time="0.0"/>
  <testcase name="should round-trip to the same binary value" classname="com.github.traderjoe95.mls.protocol.message.Messages" time="0.0"/>
  <testcase name="should be decoded properly" classname="com.github.traderjoe95.mls.protocol.message.Messages" time="0.0"/>
  <testcase name="should round-trip to the same binary value" classname="com.github.traderjoe95.mls.protocol.message.Messages" time="0.0"/>
  <testcase name="should be decoded properly" classname="com.github.traderjoe95.mls.protocol.message.Messages" time="0.0"/>
  <testcase name="should round-trip to the same binary value" classname="com.github.traderjoe95.mls.protocol.message.Messages" time="0.0"/>
  <testcase name="should be decoded properly" classname="com.github.traderjoe95.mls.protocol.message.Messages" time="0.0"/>
  <testcase name="should round-trip to the same binary value" classname="com.github.traderjoe95.mls.protocol.message.Messages" time="0.0"/>
  <testcase name="should be decoded properly" classname="com.github.traderjoe95.mls.protocol.message.Messages" time="0.0"/>
  <testcase name="should round-trip to the same binary value" classname="com.github.traderjoe95.mls.protocol.message.Messages" time="0.0"/>
  <testcase name="should be decoded properly" classname="com.github.traderjoe95.mls.protocol.message.Messages" time="0.0"/>
  <testcase name="should round-trip to the same binary value" classname="com.github.traderjoe95.mls.protocol.message.Messages" time="0.001"/>
  <testcase name="should be decoded properly" classname="com.github.traderjoe95.mls.protocol.message.Messages" time="0.0"/>
  <testcase name="should round-trip to the same binary value" classname="com.github.traderjoe95.mls.protocol.message.Messages" time="0.0"/>
  <testcase name="should be decoded properly" classname="com.github.traderjoe95.mls.protocol.message.Messages" time="0.0"/>
  <testcase name="should round-trip to the same binary value" classname="com.github.traderjoe95.mls.protocol.message.Messages" time="0.0"/>
  <testcase name="should be decoded properly" classname="com.github.traderjoe95.mls.protocol.message.Messages" time="0.0"/>
  <testcase name="should round-trip to the same binary value" classname="com.github.traderjoe95.mls.protocol.message.Messages" time="0.0"/>
  <testcase name="should be decoded properly" classname="com.github.traderjoe95.mls.protocol.message.Messages" time="0.0"/>
  <testcase name="should round-trip to the same binary value" classname="com.github.traderjoe95.mls.protocol.message.Messages" time="0.0"/>
  <testcase name="should be decoded properly" classname="com.github.traderjoe95.mls.protocol.message.Messages" time="0.0"/>
  <testcase name="should round-trip to the same binary value" classname="com.github.traderjoe95.mls.protocol.message.Messages" time="0.0"/>
  <testcase name="should be decoded properly" classname="com.github.traderjoe95.mls.protocol.message.Messages" time="0.0"/>
  <testcase name="should round-trip to the same binary value" classname="com.github.traderjoe95.mls.protocol.message.Messages" time="0.0"/>
  <testcase name="should be decoded properly" classname="com.github.traderjoe95.mls.protocol.message.Messages" time="0.0"/>
  <testcase name="should round-trip to the same binary value" classname="com.github.traderjoe95.mls.protocol.message.Messages" time="0.001"/>
  <testcase name="should be decoded properly" classname="com.github.traderjoe95.mls.protocol.message.Messages" time="0.0"/>
  <testcase name="should round-trip to the same binary value" classname="com.github.traderjoe95.mls.protocol.message.Messages" time="0.0"/>
  <testcase name="should be decoded properly" classname="com.github.traderjoe95.mls.protocol.message.Messages" time="0.0"/>
  <testcase name="should round-trip to the same binary value" classname="com.github.traderjoe95.mls.protocol.message.Messages" time="0.0"/>
  <testcase name="should be decoded properly" classname="com.github.traderjoe95.mls.protocol.message.Messages" time="0.0"/>
  <testcase name="should round-trip to the same binary value" classname="com.github.traderjoe95.mls.protocol.message.Messages" time="0.0"/>
  <testcase name="should be decoded properly" classname="com.github.traderjoe95.mls.protocol.message.Messages" time="0.0"/>
  <testcase name="should round-trip to the same binary value" classname="com.github.traderjoe95.mls.protocol.message.Messages" time="0.0"/>
  <testcase name="should be decoded properly" classname="com.github.traderjoe95.mls.protocol.message.Messages" time="0.0"/>
  <testcase name="should round-trip to the same binary value" classname="com.github.traderjoe95.mls.protocol.message.Messages" time="0.0"/>
  <testcase name="should be decoded properly" classname="com.github.traderjoe95.mls.protocol.message.Messages" time="0.0"/>
  <testcase name="should round-trip to the same binary value" classname="com.github.traderjoe95.mls.protocol.message.Messages" time="0.001"/>
  <testcase name="should be decoded properly" classname="com.github.traderjoe95.mls.protocol.message.Messages" time="0.0"/>
  <testcase name="should round-trip to the same binary value" classname="com.github.traderjoe95.mls.protocol.message.Messages" time="0.0"/>
  <testcase name="should be decoded properly" classname="com.github.traderjoe95.mls.protocol.message.Messages" time="0.0"/>
  <testcase name="should round-trip to the same binary value" classname="com.github.traderjoe95.mls.protocol.message.Messages" time="0.0"/>
  <testcase name="should be decoded properly" classname="com.github.traderjoe95.mls.protocol.message.Messages" time="0.001"/>
  <testcase name="should round-trip to the same binary value" classname="com.github.traderjoe95.mls.protocol.message.Messages" time="0.0"/>
  <testcase name="should be decoded properly" classname="com.github.traderjoe95.mls.protocol.message.Messages" time="0.0"/>
  <testcase name="should round-trip to the same binary value" classname="com.github.traderjoe95.mls.protocol.message.Messages" time="0.0"/>
  <testcase name="should be decoded properly" classname="com.github.traderjoe95.mls.protocol.message.Messages" time="0.0"/>
  <testcase name="should round-trip to the same binary value" classname="com.github.traderjoe95.mls.protocol.message.Messages" time="0.0"/>
  <testcase name="should be decoded properly" classname="com.github.traderjoe95.mls.protocol.message.Messages" time="0.0"/>
  <testcase name="should round-trip to the same binary value" classname="com.github.traderjoe95.mls.protocol.message.Messages" time="0.0"/>
  <testcase name="should be decoded properly" classname="com.github.traderjoe95.mls.protocol.message.Messages" time="0.0"/>
  <testcase name="should round-trip to the same binary value" classname="com.github.traderjoe95.mls.protocol.message.Messages" time="0.0"/>
  <testcase name="should be decoded properly" classname="com.github.traderjoe95.mls.protocol.message.Messages" time="0.0"/>
  <testcase name="should round-trip to the same binary value" classname="com.github.traderjoe95.mls.protocol.message.Messages" time="0.0"/>
  <testcase name="should be decoded properly" classname="com.github.traderjoe95.mls.protocol.message.Messages" time="0.0"/>
  <testcase name="should round-trip to the same binary value" classname="com.github.traderjoe95.mls.protocol.message.Messages" time="0.0"/>
  <testcase name="should be decoded properly" classname="com.github.traderjoe95.mls.protocol.message.Messages" time="0.0"/>
  <testcase name="should round-trip to the same binary value" classname="com.github.traderjoe95.mls.protocol.message.Messages" time="0.0"/>
  <testcase name="should be decoded properly" classname="com.github.traderjoe95.mls.protocol.message.Messages" time="0.0"/>
  <testcase name="should round-trip to the same binary value" classname="com.github.traderjoe95.mls.protocol.message.Messages" time="0.0"/>
  <testcase name="should be decoded properly" classname="com.github.traderjoe95.mls.protocol.message.Messages" time="0.0"/>
  <testcase name="should round-trip to the same binary value" classname="com.github.traderjoe95.mls.protocol.message.Messages" time="0.0"/>
  <testcase name="should be decoded properly" classname="com.github.traderjoe95.mls.protocol.message.Messages" time="0.0"/>
  <testcase name="should round-trip to the same binary value" classname="com.github.traderjoe95.mls.protocol.message.Messages" time="0.0"/>
  <testcase name="should be decoded properly" classname="com.github.traderjoe95.mls.protocol.message.Messages" time="0.0"/>
  <testcase name="should round-trip to the same binary value" classname="com.github.traderjoe95.mls.protocol.message.Messages" time="0.0"/>
  <testcase name="should be decoded properly" classname="com.github.traderjoe95.mls.protocol.message.Messages" time="0.0"/>
  <testcase name="should round-trip to the same binary value" classname="com.github.traderjoe95.mls.protocol.message.Messages" time="0.0"/>
  <testcase name="should be decoded properly" classname="com.github.traderjoe95.mls.protocol.message.Messages" time="0.0"/>
  <testcase name="should round-trip to the same binary value" classname="com.github.traderjoe95.mls.protocol.message.Messages" time="0.0"/>
  <testcase name="should be decoded properly" classname="com.github.traderjoe95.mls.protocol.message.Messages" time="0.0"/>
  <testcase name="should round-trip to the same binary value" classname="com.github.traderjoe95.mls.protocol.message.Messages" time="0.0"/>
  <testcase name="should be decoded properly" classname="com.github.traderjoe95.mls.protocol.message.Messages" time="0.0"/>
  <testcase name="should round-trip to the same binary value" classname="com.github.traderjoe95.mls.protocol.message.Messages" time="0.001"/>
  <testcase name="should be decoded properly" classname="com.github.traderjoe95.mls.protocol.message.Messages" time="0.0"/>
  <testcase name="should round-trip to the same binary value" classname="com.github.traderjoe95.mls.protocol.message.Messages" time="0.0"/>
  <testcase name="should be decoded properly" classname="com.github.traderjoe95.mls.protocol.message.Messages" time="0.0"/>
  <testcase name="should round-trip to the same binary value" classname="com.github.traderjoe95.mls.protocol.message.Messages" time="0.0"/>
  <testcase name="should be decoded properly" classname="com.github.traderjoe95.mls.protocol.message.Messages" time="0.0"/>
  <testcase name="should round-trip to the same binary value" classname="com.github.traderjoe95.mls.protocol.message.Messages" time="0.001"/>
  <testcase name="should be decoded properly" classname="com.github.traderjoe95.mls.protocol.message.Messages" time="0.0"/>
  <testcase name="should round-trip to the same binary value" classname="com.github.traderjoe95.mls.protocol.message.Messages" time="0.0"/>
  <testcase name="should be decoded properly" classname="com.github.traderjoe95.mls.protocol.message.Messages" time="0.0"/>
  <testcase name="should round-trip to the same binary value" classname="com.github.traderjoe95.mls.protocol.message.Messages" time="0.0"/>
  <testcase name="should be decoded properly" classname="com.github.traderjoe95.mls.protocol.message.Messages" time="0.0"/>
  <testcase name="should round-trip to the same binary value" classname="com.github.traderjoe95.mls.protocol.message.Messages" time="0.0"/>
  <testcase name="should be decoded properly" classname="com.github.traderjoe95.mls.protocol.message.Messages" time="0.001"/>
  <testcase name="should round-trip to the same binary value" classname="com.github.traderjoe95.mls.protocol.message.Messages" time="0.0"/>
  <testcase name="should be decoded properly" classname="com.github.traderjoe95.mls.protocol.message.Messages" time="0.0"/>
  <testcase name="should round-trip to the same binary value" classname="com.github.traderjoe95.mls.protocol.message.Messages" time="0.001"/>
  <testcase name="should be decoded properly" classname="com.github.traderjoe95.mls.protocol.message.Messages" time="0.0"/>
  <testcase name="should round-trip to the same binary value" classname="com.github.traderjoe95.mls.protocol.message.Messages" time="0.0"/>
  <testcase name="should be decoded properly" classname="com.github.traderjoe95.mls.protocol.message.Messages" time="0.001"/>
  <testcase name="should round-trip to the same binary value" classname="com.github.traderjoe95.mls.protocol.message.Messages" time="0.001"/>
  <testcase name="should be decoded properly" classname="com.github.traderjoe95.mls.protocol.message.Messages" time="0.0"/>
  <testcase name="should round-trip to the same binary value" classname="com.github.traderjoe95.mls.protocol.message.Messages" time="0.0"/>
  <testcase name="should be decoded properly" classname="com.github.traderjoe95.mls.protocol.message.Messages" time="0.001"/>
  <testcase name="should round-trip to the same binary value" classname="com.github.traderjoe95.mls.protocol.message.Messages" time="0.0"/>
  <testcase name="should be decoded properly" classname="com.github.traderjoe95.mls.protocol.message.Messages" time="0.0"/>
  <testcase name="should round-trip to the same binary value" classname="com.github.traderjoe95.mls.protocol.message.Messages" time="0.0"/>
  <testcase name="should be decoded properly" classname="com.github.traderjoe95.mls.protocol.message.Messages" time="0.0"/>
  <testcase name="should round-trip to the same binary value" classname="com.github.traderjoe95.mls.protocol.message.Messages" time="0.0"/>
  <testcase name="should be decoded properly" classname="com.github.traderjoe95.mls.protocol.message.Messages" time="0.0"/>
  <testcase name="should round-trip to the same binary value" classname="com.github.traderjoe95.mls.protocol.message.Messages" time="0.0"/>
  <testcase name="should be decoded properly" classname="com.github.traderjoe95.mls.protocol.message.Messages" time="0.0"/>
  <testcase name="should round-trip to the same binary value" classname="com.github.traderjoe95.mls.protocol.message.Messages" time="0.0"/>
  <testcase name="should be decoded properly" classname="com.github.traderjoe95.mls.protocol.message.Messages" time="0.0"/>
  <testcase name="should round-trip to the same binary value" classname="com.github.traderjoe95.mls.protocol.message.Messages" time="0.0"/>
  <testcase name="should be decoded properly" classname="com.github.traderjoe95.mls.protocol.message.Messages" time="0.0"/>
  <testcase name="should round-trip to the same binary value" classname="com.github.traderjoe95.mls.protocol.message.Messages" time="0.001"/>
  <testcase name="should be decoded properly" classname="com.github.traderjoe95.mls.protocol.message.Messages" time="0.0"/>
  <testcase name="should round-trip to the same binary value" classname="com.github.traderjoe95.mls.protocol.message.Messages" time="0.0"/>
  <testcase name="should be decoded properly" classname="com.github.traderjoe95.mls.protocol.message.Messages" time="0.0"/>
  <testcase name="should round-trip to the same binary value" classname="com.github.traderjoe95.mls.protocol.message.Messages" time="0.0"/>
  <testcase name="should be decoded properly" classname="com.github.traderjoe95.mls.protocol.message.Messages" time="0.0"/>
  <testcase name="should round-trip to the same binary value" classname="com.github.traderjoe95.mls.protocol.message.Messages" time="0.001"/>
  <testcase name="should be decoded properly" classname="com.github.traderjoe95.mls.protocol.message.Messages" time="0.0"/>
  <testcase name="should round-trip to the same binary value" classname="com.github.traderjoe95.mls.protocol.message.Messages" time="0.001"/>
  <testcase name="should be decoded properly" classname="com.github.traderjoe95.mls.protocol.message.Messages" time="0.0"/>
  <testcase name="should round-trip to the same binary value" classname="com.github.traderjoe95.mls.protocol.message.Messages" time="0.0"/>
  <testcase name="should be decoded properly" classname="com.github.traderjoe95.mls.protocol.message.Messages" time="0.0"/>
  <testcase name="should round-trip to the same binary value" classname="com.github.traderjoe95.mls.protocol.message.Messages" time="0.0"/>
  <testcase name="should be decoded properly" classname="com.github.traderjoe95.mls.protocol.message.Messages" time="0.0"/>
  <testcase name="should round-trip to the same binary value" classname="com.github.traderjoe95.mls.protocol.message.Messages" time="0.0"/>
  <testcase name="should be decoded properly" classname="com.github.traderjoe95.mls.protocol.message.Messages" time="0.0"/>
  <testcase name="should round-trip to the same binary value" classname="com.github.traderjoe95.mls.protocol.message.Messages" time="0.0"/>
  <testcase name="should be decoded properly" classname="com.github.traderjoe95.mls.protocol.message.Messages" time="0.0"/>
  <testcase name="should round-trip to the same binary value" classname="com.github.traderjoe95.mls.protocol.message.Messages" time="0.0"/>
  <testcase name="should be decoded properly" classname="com.github.traderjoe95.mls.protocol.message.Messages" time="0.0"/>
  <testcase name="should round-trip to the same binary value" classname="com.github.traderjoe95.mls.protocol.message.Messages" time="0.001"/>
  <testcase name="should be decoded properly" classname="com.github.traderjoe95.mls.protocol.message.Messages" time="0.0"/>
  <testcase name="should round-trip to the same binary value" classname="com.github.traderjoe95.mls.protocol.message.Messages" time="0.0"/>
  <testcase name="should be decoded properly" classname="com.github.traderjoe95.mls.protocol.message.Messages" time="0.0"/>
  <testcase name="should round-trip to the same binary value" classname="com.github.traderjoe95.mls.protocol.message.Messages" time="0.0"/>
  <testcase name="should be decoded properly" classname="com.github.traderjoe95.mls.protocol.message.Messages" time="0.0"/>
  <testcase name="should round-trip to the same binary value" classname="com.github.traderjoe95.mls.protocol.message.Messages" time="0.0"/>
  <testcase name="should be decoded properly" classname="com.github.traderjoe95.mls.protocol.message.Messages" time="0.0"/>
  <testcase name="should round-trip to the same binary value" classname="com.github.traderjoe95.mls.protocol.message.Messages" time="0.001"/>
  <testcase name="should be decoded properly" classname="com.github.traderjoe95.mls.protocol.message.Messages" time="0.0"/>
  <testcase name="should round-trip to the same binary value" classname="com.github.traderjoe95.mls.protocol.message.Messages" time="0.0"/>
  <testcase name="should be decoded properly" classname="com.github.traderjoe95.mls.protocol.message.Messages" time="0.0"/>
  <testcase name="should round-trip to the same binary value" classname="com.github.traderjoe95.mls.protocol.message.Messages" time="0.001"/>
  <testcase name="should be decoded properly" classname="com.github.traderjoe95.mls.protocol.message.Messages" time="0.0"/>
  <testcase name="should round-trip to the same binary value" classname="com.github.traderjoe95.mls.protocol.message.Messages" time="0.0"/>
  <testcase name="should be decoded properly" classname="com.github.traderjoe95.mls.protocol.message.Messages" time="0.0"/>
  <testcase name="should round-trip to the same binary value" classname="com.github.traderjoe95.mls.protocol.message.Messages" time="0.0"/>
  <testcase name="should be decoded properly" classname="com.github.traderjoe95.mls.protocol.message.Messages" time="0.0"/>
  <testcase name="should round-trip to the same binary value" classname="com.github.traderjoe95.mls.protocol.message.Messages" time="0.0"/>
  <testcase name="should be decoded properly" classname="com.github.traderjoe95.mls.protocol.message.Messages" time="0.0"/>
  <testcase name="should round-trip to the same binary value" classname="com.github.traderjoe95.mls.protocol.message.Messages" time="0.0"/>
  <testcase name="should be decoded properly" classname="com.github.traderjoe95.mls.protocol.message.Messages" time="0.0"/>
  <testcase name="should round-trip to the same binary value" classname="com.github.traderjoe95.mls.protocol.message.Messages" time="0.0"/>
  <testcase name="should be decoded properly" classname="com.github.traderjoe95.mls.protocol.message.Messages" time="0.0"/>
  <testcase name="should round-trip to the same binary value" classname="com.github.traderjoe95.mls.protocol.message.Messages" time="0.0"/>
  <testcase name="should be decoded properly" classname="com.github.traderjoe95.mls.protocol.message.Messages" time="0.0"/>
  <testcase name="should round-trip to the same binary value" classname="com.github.traderjoe95.mls.protocol.message.Messages" time="0.0"/>
  <testcase name="should be decoded properly" classname="com.github.traderjoe95.mls.protocol.message.Messages" time="0.0"/>
  <testcase name="should round-trip to the same binary value" classname="com.github.traderjoe95.mls.protocol.message.Messages" time="0.0"/>
  <testcase name="should be decoded properly" classname="com.github.traderjoe95.mls.protocol.message.Messages" time="0.0"/>
  <testcase name="should round-trip to the same binary value" classname="com.github.traderjoe95.mls.protocol.message.Messages" time="0.001"/>
  <testcase name="should be decoded properly" classname="com.github.traderjoe95.mls.protocol.message.Messages" time="0.0"/>
  <testcase name="should round-trip to the same binary value" classname="com.github.traderjoe95.mls.protocol.message.Messages" time="0.0"/>
  <testcase name="should be decoded properly" classname="com.github.traderjoe95.mls.protocol.message.Messages" time="0.0"/>
  <testcase name="should round-trip to the same binary value" classname="com.github.traderjoe95.mls.protocol.message.Messages" time="0.001"/>
  <testcase name="should be decoded properly" classname="com.github.traderjoe95.mls.protocol.message.Messages" time="0.001"/>
  <testcase name="should round-trip to the same binary value" classname="com.github.traderjoe95.mls.protocol.message.Messages" time="0.0"/>
  <testcase name="should be decoded properly" classname="com.github.traderjoe95.mls.protocol.message.Messages" time="0.0"/>
  <testcase name="should round-trip to the same binary value" classname="com.github.traderjoe95.mls.protocol.message.Messages" time="0.0"/>
  <testcase name="should be decoded properly" classname="com.github.traderjoe95.mls.protocol.message.Messages" time="0.001"/>
  <testcase name="should round-trip to the same binary value" classname="com.github.traderjoe95.mls.protocol.message.Messages" time="0.0"/>
  <testcase name="should be decoded properly" classname="com.github.traderjoe95.mls.protocol.message.Messages" time="0.0"/>
  <testcase name="should round-trip to the same binary value" classname="com.github.traderjoe95.mls.protocol.message.Messages" time="0.0"/>
  <testcase name="should be decoded properly" classname="com.github.traderjoe95.mls.protocol.message.Messages" time="0.0"/>
  <testcase name="should round-trip to the same binary value" classname="com.github.traderjoe95.mls.protocol.message.Messages" time="0.0"/>
  <testcase name="should be decoded properly" classname="com.github.traderjoe95.mls.protocol.message.Messages" time="0.0"/>
  <testcase name="should round-trip to the same binary value" classname="com.github.traderjoe95.mls.protocol.message.Messages" time="0.0"/>
  <testcase name="should be decoded properly" classname="com.github.traderjoe95.mls.protocol.message.Messages" time="0.0"/>
  <testcase name="should round-trip to the same binary value" classname="com.github.traderjoe95.mls.protocol.message.Messages" time="0.001"/>
  <testcase name="should be decoded properly" classname="com.github.traderjoe95.mls.protocol.message.Messages" time="0.0"/>
  <testcase name="should round-trip to the same binary value" classname="com.github.traderjoe95.mls.protocol.message.Messages" time="0.0"/>
  <testcase name="should be decoded properly" classname="com.github.traderjoe95.mls.protocol.message.Messages" time="0.0"/>
  <testcase name="should round-trip to the same binary value" classname="com.github.traderjoe95.mls.protocol.message.Messages" time="0.0"/>
  <testcase name="should be decoded properly" classname="com.github.traderjoe95.mls.protocol.message.Messages" time="0.0"/>
  <testcase name="should round-trip to the same binary value" classname="com.github.traderjoe95.mls.protocol.message.Messages" time="0.0"/>
  <testcase name="should be decoded properly" classname="com.github.traderjoe95.mls.protocol.message.Messages" time="0.0"/>
  <testcase name="should round-trip to the same binary value" classname="com.github.traderjoe95.mls.protocol.message.Messages" time="0.0"/>
  <testcase name="should be decoded properly" classname="com.github.traderjoe95.mls.protocol.message.Messages" time="0.0"/>
  <testcase name="should round-trip to the same binary value" classname="com.github.traderjoe95.mls.protocol.message.Messages" time="0.001"/>
  <testcase name="should be decoded properly" classname="com.github.traderjoe95.mls.protocol.message.Messages" time="0.0"/>
  <testcase name="should round-trip to the same binary value" classname="com.github.traderjoe95.mls.protocol.message.Messages" time="0.0"/>
  <testcase name="should be decoded properly" classname="com.github.traderjoe95.mls.protocol.message.Messages" time="0.001"/>
  <testcase name="should round-trip to the same binary value" classname="com.github.traderjoe95.mls.protocol.message.Messages" time="0.001"/>
  <testcase name="should be decoded properly" classname="com.github.traderjoe95.mls.protocol.message.Messages" time="0.0"/>
  <testcase name="should round-trip to the same binary value" classname="com.github.traderjoe95.mls.protocol.message.Messages" time="0.0"/>
  <testcase name="should be decoded properly" classname="com.github.traderjoe95.mls.protocol.message.Messages" time="0.0"/>
  <testcase name="should round-trip to the same binary value" classname="com.github.traderjoe95.mls.protocol.message.Messages" time="0.0"/>
  <testcase name="should be decoded properly" classname="com.github.traderjoe95.mls.protocol.message.Messages" time="0.0"/>
  <testcase name="should round-trip to the same binary value" classname="com.github.traderjoe95.mls.protocol.message.Messages" time="0.0"/>
  <testcase name="should be decoded properly" classname="com.github.traderjoe95.mls.protocol.message.Messages" time="0.001"/>
  <testcase name="should round-trip to the same binary value" classname="com.github.traderjoe95.mls.protocol.message.Messages" time="0.0"/>
  <testcase name="should be decoded properly" classname="com.github.traderjoe95.mls.protocol.message.Messages" time="0.0"/>
  <testcase name="should round-trip to the same binary value" classname="com.github.traderjoe95.mls.protocol.message.Messages" time="0.0"/>
  <testcase name="should be decoded properly" classname="com.github.traderjoe95.mls.protocol.message.Messages" time="0.0"/>
  <testcase name="should round-trip to the same binary value" classname="com.github.traderjoe95.mls.protocol.message.Messages" time="0.001"/>
  <testcase name="should be decoded properly" classname="com.github.traderjoe95.mls.protocol.message.Messages" time="0.0"/>
  <testcase name="should round-trip to the same binary value" classname="com.github.traderjoe95.mls.protocol.message.Messages" time="0.0"/>
  <testcase name="should be decoded properly" classname="com.github.traderjoe95.mls.protocol.message.Messages" time="0.0"/>
  <testcase name="should round-trip to the same binary value" classname="com.github.traderjoe95.mls.protocol.message.Messages" time="0.001"/>
  <testcase name="should be decoded properly" classname="com.github.traderjoe95.mls.protocol.message.Messages" time="0.0"/>
  <testcase name="should round-trip to the same binary value" classname="com.github.traderjoe95.mls.protocol.message.Messages" time="0.0"/>
  <testcase name="should be decoded properly" classname="com.github.traderjoe95.mls.protocol.message.Messages" time="0.0"/>
  <testcase name="should round-trip to the same binary value" classname="com.github.traderjoe95.mls.protocol.message.Messages" time="0.0"/>
  <testcase name="should be decoded properly" classname="com.github.traderjoe95.mls.protocol.message.Messages" time="0.001"/>
  <testcase name="should round-trip to the same binary value" classname="com.github.traderjoe95.mls.protocol.message.Messages" time="0.0"/>
  <testcase name="should be decoded properly" classname="com.github.traderjoe95.mls.protocol.message.Messages" time="0.0"/>
  <testcase name="should round-trip to the same binary value" classname="com.github.traderjoe95.mls.protocol.message.Messages" time="0.0"/>
  <testcase name="should be decoded properly" classname="com.github.traderjoe95.mls.protocol.message.Messages" time="0.0"/>
  <testcase name="should round-trip to the same binary value" classname="com.github.traderjoe95.mls.protocol.message.Messages" time="0.0"/>
  <testcase name="should be decoded properly" classname="com.github.traderjoe95.mls.protocol.message.Messages" time="0.0"/>
  <testcase name="should round-trip to the same binary value" classname="com.github.traderjoe95.mls.protocol.message.Messages" time="0.0"/>
  <testcase name="should be decoded properly" classname="com.github.traderjoe95.mls.protocol.message.Messages" time="0.0"/>
  <testcase name="should round-trip to the same binary value" classname="com.github.traderjoe95.mls.protocol.message.Messages" time="0.001"/>
  <testcase name="should be decoded properly" classname="com.github.traderjoe95.mls.protocol.message.Messages" time="0.0"/>
  <testcase name="should round-trip to the same binary value" classname="com.github.traderjoe95.mls.protocol.message.Messages" time="0.0"/>
  <testcase name="should be decoded properly" classname="com.github.traderjoe95.mls.protocol.message.Messages" time="0.0"/>
  <testcase name="should round-trip to the same binary value" classname="com.github.traderjoe95.mls.protocol.message.Messages" time="0.0"/>
  <testcase name="should be decoded properly" classname="com.github.traderjoe95.mls.protocol.message.Messages" time="0.0"/>
  <testcase name="should round-trip to the same binary value" classname="com.github.traderjoe95.mls.protocol.message.Messages" time="0.0"/>
  <testcase name="should be decoded properly" classname="com.github.traderjoe95.mls.protocol.message.Messages" time="0.0"/>
  <testcase name="should round-trip to the same binary value" classname="com.github.traderjoe95.mls.protocol.message.Messages" time="0.0"/>
  <testcase name="should be decoded properly" classname="com.github.traderjoe95.mls.protocol.message.Messages" time="0.0"/>
  <testcase name="should round-trip to the same binary value" classname="com.github.traderjoe95.mls.protocol.message.Messages" time="0.0"/>
  <testcase name="should be decoded properly" classname="com.github.traderjoe95.mls.protocol.message.Messages" time="0.0"/>
  <testcase name="should round-trip to the same binary value" classname="com.github.traderjoe95.mls.protocol.message.Messages" time="0.0"/>
  <testcase name="should be decoded properly" classname="com.github.traderjoe95.mls.protocol.message.Messages" time="0.0"/>
  <testcase name="should round-trip to the same binary value" classname="com.github.traderjoe95.mls.protocol.message.Messages" time="0.001"/>
  <testcase name="should be decoded properly" classname="com.github.traderjoe95.mls.protocol.message.Messages" time="0.0"/>
  <testcase name="should round-trip to the same binary value" classname="com.github.traderjoe95.mls.protocol.message.Messages" time="0.0"/>
  <testcase name="should be decoded properly" classname="com.github.traderjoe95.mls.protocol.message.Messages" time="0.0"/>
  <testcase name="should round-trip to the same binary value" classname="com.github.traderjoe95.mls.protocol.message.Messages" time="0.0"/>
  <testcase name="should be decoded properly" classname="com.github.traderjoe95.mls.protocol.message.Messages" time="0.0"/>
  <testcase name="should round-trip to the same binary value" classname="com.github.traderjoe95.mls.protocol.message.Messages" time="0.0"/>
  <testcase name="should be decoded properly" classname="com.github.traderjoe95.mls.protocol.message.Messages" time="0.001"/>
  <testcase name="should round-trip to the same binary value" classname="com.github.traderjoe95.mls.protocol.message.Messages" time="0.0"/>
  <testcase name="should be decoded properly" classname="com.github.traderjoe95.mls.protocol.message.Messages" time="0.0"/>
  <testcase name="should round-trip to the same binary value" classname="com.github.traderjoe95.mls.protocol.message.Messages" time="0.0"/>
  <testcase name="should be decoded properly" classname="com.github.traderjoe95.mls.protocol.message.Messages" time="0.0"/>
  <testcase name="should round-trip to the same binary value" classname="com.github.traderjoe95.mls.protocol.message.Messages" time="0.001"/>
  <testcase name="should be decoded properly" classname="com.github.traderjoe95.mls.protocol.message.Messages" time="0.0"/>
  <testcase name="should round-trip to the same binary value" classname="com.github.traderjoe95.mls.protocol.message.Messages" time="0.0"/>
  <testcase name="should be decoded properly" classname="com.github.traderjoe95.mls.protocol.message.Messages" time="0.0"/>
  <testcase name="should round-trip to the same binary value" classname="com.github.traderjoe95.mls.protocol.message.Messages" time="0.0"/>
  <testcase name="should be decoded properly" classname="com.github.traderjoe95.mls.protocol.message.Messages" time="0.0"/>
  <testcase name="should round-trip to the same binary value" classname="com.github.traderjoe95.mls.protocol.message.Messages" time="0.0"/>
  <testcase name="should be decoded properly" classname="com.github.traderjoe95.mls.protocol.message.Messages" time="0.0"/>
  <testcase name="should round-trip to the same binary value" classname="com.github.traderjoe95.mls.protocol.message.Messages" time="0.0"/>
  <testcase name="should be decoded properly" classname="com.github.traderjoe95.mls.protocol.message.Messages" time="0.0"/>
  <testcase name="should round-trip to the same binary value" classname="com.github.traderjoe95.mls.protocol.message.Messages" time="0.0"/>
  <testcase name="should be decoded properly" classname="com.github.traderjoe95.mls.protocol.message.Messages" time="0.0"/>
  <testcase name="should round-trip to the same binary value" classname="com.github.traderjoe95.mls.protocol.message.Messages" time="0.0"/>
  <testcase name="should be decoded properly" classname="com.github.traderjoe95.mls.protocol.message.Messages" time="0.0"/>
  <testcase name="should round-trip to the same binary value" classname="com.github.traderjoe95.mls.protocol.message.Messages" time="0.0"/>
  <testcase name="should be decoded properly" classname="com.github.traderjoe95.mls.protocol.message.Messages" time="0.0"/>
  <testcase name="should round-trip to the same binary value" classname="com.github.traderjoe95.mls.protocol.message.Messages" time="0.0"/>
  <testcase name="should be decoded properly" classname="com.github.traderjoe95.mls.protocol.message.Messages" time="0.0"/>
  <testcase name="should round-trip to the same binary value" classname="com.github.traderjoe95.mls.protocol.message.Messages" time="0.0"/>
  <testcase name="should be decoded properly" classname="com.github.traderjoe95.mls.protocol.message.Messages" time="0.0"/>
  <testcase name="should round-trip to the same binary value" classname="com.github.traderjoe95.mls.protocol.message.Messages" time="0.0"/>
  <testcase name="should be decoded properly" classname="com.github.traderjoe95.mls.protocol.message.Messages" time="0.0"/>
  <testcase name="should round-trip to the same binary value" classname="com.github.traderjoe95.mls.protocol.message.Messages" time="0.001"/>
  <testcase name="should be decoded properly" classname="com.github.traderjoe95.mls.protocol.message.Messages" time="0.001"/>
  <testcase name="should round-trip to the same binary value" classname="com.github.traderjoe95.mls.protocol.message.Messages" time="0.0"/>
  <testcase name="should be decoded properly" classname="com.github.traderjoe95.mls.protocol.message.Messages" time="0.0"/>
  <testcase name="should round-trip to the same binary value" classname="com.github.traderjoe95.mls.protocol.message.Messages" time="0.0"/>
  <testcase name="should be decoded properly" classname="com.github.traderjoe95.mls.protocol.message.Messages" time="0.0"/>
  <testcase name="should round-trip to the same binary value" classname="com.github.traderjoe95.mls.protocol.message.Messages" time="0.001"/>
  <testcase name="should be decoded properly" classname="com.github.traderjoe95.mls.protocol.message.Messages" time="0.0"/>
  <testcase name="should round-trip to the same binary value" classname="com.github.traderjoe95.mls.protocol.message.Messages" time="0.001"/>
  <testcase name="should be decoded properly" classname="com.github.traderjoe95.mls.protocol.message.Messages" time="0.0"/>
  <testcase name="should round-trip to the same binary value" classname="com.github.traderjoe95.mls.protocol.message.Messages" time="0.001"/>
  <testcase name="should be decoded properly" classname="com.github.traderjoe95.mls.protocol.message.Messages" time="0.0"/>
  <testcase name="should round-trip to the same binary value" classname="com.github.traderjoe95.mls.protocol.message.Messages" time="0.001"/>
  <testcase name="should be decoded properly" classname="com.github.traderjoe95.mls.protocol.message.Messages" time="0.0"/>
  <testcase name="should round-trip to the same binary value" classname="com.github.traderjoe95.mls.protocol.message.Messages" time="0.001"/>
  <testcase name="should be decoded properly" classname="com.github.traderjoe95.mls.protocol.message.Messages" time="0.0"/>
  <testcase name="should round-trip to the same binary value" classname="com.github.traderjoe95.mls.protocol.message.Messages" time="0.0"/>
  <testcase name="should be decoded properly" classname="com.github.traderjoe95.mls.protocol.message.Messages" time="0.0"/>
  <testcase name="should round-trip to the same binary value" classname="com.github.traderjoe95.mls.protocol.message.Messages" time="0.0"/>
  <testcase name="should be decoded properly" classname="com.github.traderjoe95.mls.protocol.message.Messages" time="0.0"/>
  <testcase name="should round-trip to the same binary value" classname="com.github.traderjoe95.mls.protocol.message.Messages" time="0.0"/>
  <testcase name="should be decoded properly" classname="com.github.traderjoe95.mls.protocol.message.Messages" time="0.0"/>
  <testcase name="should round-trip to the same binary value" classname="com.github.traderjoe95.mls.protocol.message.Messages" time="0.0"/>
  <testcase name="should be decoded properly" classname="com.github.traderjoe95.mls.protocol.message.Messages" time="0.0"/>
  <testcase name="should round-trip to the same binary value" classname="com.github.traderjoe95.mls.protocol.message.Messages" time="0.0"/>
  <testcase name="should be decoded properly" classname="com.github.traderjoe95.mls.protocol.message.Messages" time="0.001"/>
  <testcase name="should round-trip to the same binary value" classname="com.github.traderjoe95.mls.protocol.message.Messages" time="0.0"/>
  <testcase name="should be decoded properly" classname="com.github.traderjoe95.mls.protocol.message.Messages" time="0.0"/>
  <testcase name="should round-trip to the same binary value" classname="com.github.traderjoe95.mls.protocol.message.Messages" time="0.0"/>
  <testcase name="should be decoded properly" classname="com.github.traderjoe95.mls.protocol.message.Messages" time="0.0"/>
  <testcase name="should round-trip to the same binary value" classname="com.github.traderjoe95.mls.protocol.message.Messages" time="0.001"/>
  <testcase name="should be decoded properly" classname="com.github.traderjoe95.mls.protocol.message.Messages" time="0.0"/>
  <testcase name="should round-trip to the same binary value" classname="com.github.traderjoe95.mls.protocol.message.Messages" time="0.0"/>
  <testcase name="should be decoded properly" classname="com.github.traderjoe95.mls.protocol.message.Messages" time="0.0"/>
  <testcase name="should round-trip to the same binary value" classname="com.github.traderjoe95.mls.protocol.message.Messages" time="0.0"/>
  <testcase name="should be decoded properly" classname="com.github.traderjoe95.mls.protocol.message.Messages" time="0.0"/>
  <testcase name="should round-trip to the same binary value" classname="com.github.traderjoe95.mls.protocol.message.Messages" time="0.001"/>
  <testcase name="should be decoded properly" classname="com.github.traderjoe95.mls.protocol.message.Messages" time="0.001"/>
  <testcase name="should round-trip to the same binary value" classname="com.github.traderjoe95.mls.protocol.message.Messages" time="0.0"/>
  <testcase name="should be decoded properly" classname="com.github.traderjoe95.mls.protocol.message.Messages" time="0.0"/>
  <testcase name="should round-trip to the same binary value" classname="com.github.traderjoe95.mls.protocol.message.Messages" time="0.0"/>
  <testcase name="should be decoded properly" classname="com.github.traderjoe95.mls.protocol.message.Messages" time="0.001"/>
  <testcase name="should round-trip to the same binary value" classname="com.github.traderjoe95.mls.protocol.message.Messages" time="0.0"/>
  <testcase name="should be decoded properly" classname="com.github.traderjoe95.mls.protocol.message.Messages" time="0.0"/>
  <testcase name="should round-trip to the same binary value" classname="com.github.traderjoe95.mls.protocol.message.Messages" time="0.0"/>
  <testcase name="should be decoded properly" classname="com.github.traderjoe95.mls.protocol.message.Messages" time="0.0"/>
  <testcase name="should round-trip to the same binary value" classname="com.github.traderjoe95.mls.protocol.message.Messages" time="0.0"/>
  <testcase name="should be decoded properly" classname="com.github.traderjoe95.mls.protocol.message.Messages" time="0.0"/>
  <testcase name="should round-trip to the same binary value" classname="com.github.traderjoe95.mls.protocol.message.Messages" time="0.0"/>
  <testcase name="should be decoded properly" classname="com.github.traderjoe95.mls.protocol.message.Messages" time="0.0"/>
  <testcase name="should round-trip to the same binary value" classname="com.github.traderjoe95.mls.protocol.message.Messages" time="0.0"/>
  <testcase name="should be decoded properly" classname="com.github.traderjoe95.mls.protocol.message.Messages" time="0.0"/>
  <testcase name="should round-trip to the same binary value" classname="com.github.traderjoe95.mls.protocol.message.Messages" time="0.0"/>
  <testcase name="should be decoded properly" classname="com.github.traderjoe95.mls.protocol.message.Messages" time="0.0"/>
  <testcase name="should round-trip to the same binary value" classname="com.github.traderjoe95.mls.protocol.message.Messages" time="0.0"/>
  <testcase name="should be decoded properly" classname="com.github.traderjoe95.mls.protocol.message.Messages" time="0.0"/>
  <testcase name="should round-trip to the same binary value" classname="com.github.traderjoe95.mls.protocol.message.Messages" time="0.0"/>
  <testcase name="should be decoded properly" classname="com.github.traderjoe95.mls.protocol.message.Messages" time="0.0"/>
  <testcase name="should round-trip to the same binary value" classname="com.github.traderjoe95.mls.protocol.message.Messages" time="0.0"/>
  <testcase name="should be decoded properly" classname="com.github.traderjoe95.mls.protocol.message.Messages" time="0.0"/>
  <testcase name="should round-trip to the same binary value" classname="com.github.traderjoe95.mls.protocol.message.Messages" time="0.0"/>
  <testcase name="should be decoded properly" classname="com.github.traderjoe95.mls.protocol.message.Messages" time="0.001"/>
  <testcase name="should round-trip to the same binary value" classname="com.github.traderjoe95.mls.protocol.message.Messages" time="0.0"/>
  <testcase name="should be decoded properly" classname="com.github.traderjoe95.mls.protocol.message.Messages" time="0.0"/>
  <testcase name="should round-trip to the same binary value" classname="com.github.traderjoe95.mls.protocol.message.Messages" time="0.0"/>
  <testcase name="should be decoded properly" classname="com.github.traderjoe95.mls.protocol.message.Messages" time="0.0"/>
  <testcase name="should round-trip to the same binary value" classname="com.github.traderjoe95.mls.protocol.message.Messages" time="0.001"/>
  <testcase name="should be decoded properly" classname="com.github.traderjoe95.mls.protocol.message.Messages" time="0.0"/>
  <testcase name="should round-trip to the same binary value" classname="com.github.traderjoe95.mls.protocol.message.Messages" time="0.0"/>
  <testcase name="should be decoded properly" classname="com.github.traderjoe95.mls.protocol.message.Messages" time="0.001"/>
  <testcase name="should round-trip to the same binary value" classname="com.github.traderjoe95.mls.protocol.message.Messages" time="0.0"/>
  <testcase name="should be decoded properly" classname="com.github.traderjoe95.mls.protocol.message.Messages" time="0.0"/>
  <testcase name="should round-trip to the same binary value" classname="com.github.traderjoe95.mls.protocol.message.Messages" time="0.0"/>
  <testcase name="should be decoded properly" classname="com.github.traderjoe95.mls.protocol.message.Messages" time="0.0"/>
  <testcase name="should round-trip to the same binary value" classname="com.github.traderjoe95.mls.protocol.message.Messages" time="0.0"/>
  <testcase name="should be decoded properly" classname="com.github.traderjoe95.mls.protocol.message.Messages" time="0.0"/>
  <testcase name="should round-trip to the same binary value" classname="com.github.traderjoe95.mls.protocol.message.Messages" time="0.0"/>
  <testcase name="should be decoded properly" classname="com.github.traderjoe95.mls.protocol.message.Messages" time="0.0"/>
  <testcase name="should round-trip to the same binary value" classname="com.github.traderjoe95.mls.protocol.message.Messages" time="0.001"/>
  <testcase name="should be decoded properly" classname="com.github.traderjoe95.mls.protocol.message.Messages" time="0.0"/>
  <testcase name="should round-trip to the same binary value" classname="com.github.traderjoe95.mls.protocol.message.Messages" time="0.0"/>
  <testcase name="should be decoded properly" classname="com.github.traderjoe95.mls.protocol.message.Messages" time="0.0"/>
  <testcase name="should round-trip to the same binary value" classname="com.github.traderjoe95.mls.protocol.message.Messages" time="0.0"/>
  <testcase name="should be decoded properly" classname="com.github.traderjoe95.mls.protocol.message.Messages" time="0.0"/>
  <testcase name="should round-trip to the same binary value" classname="com.github.traderjoe95.mls.protocol.message.Messages" time="0.001"/>
  <testcase name="should be decoded properly" classname="com.github.traderjoe95.mls.protocol.message.Messages" time="0.0"/>
  <testcase name="should round-trip to the same binary value" classname="com.github.traderjoe95.mls.protocol.message.Messages" time="0.0"/>
  <testcase name="should be decoded properly" classname="com.github.traderjoe95.mls.protocol.message.Messages" time="0.0"/>
  <testcase name="should round-trip to the same binary value" classname="com.github.traderjoe95.mls.protocol.message.Messages" time="0.0"/>
  <testcase name="should be decoded properly" classname="com.github.traderjoe95.mls.protocol.message.Messages" time="0.0"/>
  <testcase name="should round-trip to the same binary value" classname="com.github.traderjoe95.mls.protocol.message.Messages" time="0.0"/>
  <testcase name="should be decoded properly" classname="com.github.traderjoe95.mls.protocol.message.Messages" time="0.0"/>
  <testcase name="should round-trip to the same binary value" classname="com.github.traderjoe95.mls.protocol.message.Messages" time="0.0"/>
  <testcase name="should be decoded properly" classname="com.github.traderjoe95.mls.protocol.message.Messages" time="0.0"/>
  <testcase name="should round-trip to the same binary value" classname="com.github.traderjoe95.mls.protocol.message.Messages" time="0.0"/>
  <testcase name="should be decoded properly" classname="com.github.traderjoe95.mls.protocol.message.Messages" time="0.0"/>
  <testcase name="should round-trip to the same binary value" classname="com.github.traderjoe95.mls.protocol.message.Messages" time="0.0"/>
  <testcase name="should be decoded properly" classname="com.github.traderjoe95.mls.protocol.message.Messages" time="0.0"/>
  <testcase name="should round-trip to the same binary value" classname="com.github.traderjoe95.mls.protocol.message.Messages" time="0.0"/>
  <testcase name="should be decoded properly" classname="com.github.traderjoe95.mls.protocol.message.Messages" time="0.0"/>
  <testcase name="should round-trip to the same binary value" classname="com.github.traderjoe95.mls.protocol.message.Messages" time="0.0"/>
  <testcase name="should be decoded properly" classname="com.github.traderjoe95.mls.protocol.message.Messages" time="0.0"/>
  <testcase name="should round-trip to the same binary value" classname="com.github.traderjoe95.mls.protocol.message.Messages" time="0.0"/>
  <testcase name="should be decoded properly" classname="com.github.traderjoe95.mls.protocol.message.Messages" time="0.0"/>
  <testcase name="should round-trip to the same binary value" classname="com.github.traderjoe95.mls.protocol.message.Messages" time="0.0"/>
  <testcase name="should be decoded properly" classname="com.github.traderjoe95.mls.protocol.message.Messages" time="0.001"/>
  <testcase name="should round-trip to the same binary value" classname="com.github.traderjoe95.mls.protocol.message.Messages" time="0.001"/>
  <testcase name="should be decoded properly" classname="com.github.traderjoe95.mls.protocol.message.Messages" time="0.0"/>
  <testcase name="should round-trip to the same binary value" classname="com.github.traderjoe95.mls.protocol.message.Messages" time="0.0"/>
  <testcase name="should be decoded properly" classname="com.github.traderjoe95.mls.protocol.message.Messages" time="0.0"/>
  <testcase name="should round-trip to the same binary value" classname="com.github.traderjoe95.mls.protocol.message.Messages" time="0.0"/>
  <testcase name="should be decoded properly" classname="com.github.traderjoe95.mls.protocol.message.Messages" time="0.0"/>
  <testcase name="should round-trip to the same binary value" classname="com.github.traderjoe95.mls.protocol.message.Messages" time="0.001"/>
  <testcase name="should be decoded properly" classname="com.github.traderjoe95.mls.protocol.message.Messages" time="0.001"/>
  <testcase name="should round-trip to the same binary value" classname="com.github.traderjoe95.mls.protocol.message.Messages" time="0.0"/>
  <testcase name="should be decoded properly" classname="com.github.traderjoe95.mls.protocol.message.Messages" time="0.0"/>
  <testcase name="should round-trip to the same binary value" classname="com.github.traderjoe95.mls.protocol.message.Messages" time="0.0"/>
  <testcase name="should be decoded properly" classname="com.github.traderjoe95.mls.protocol.message.Messages" time="0.0"/>
  <testcase name="should round-trip to the same binary value" classname="com.github.traderjoe95.mls.protocol.message.Messages" time="0.0"/>
  <testcase name="should be decoded properly" classname="com.github.traderjoe95.mls.protocol.message.Messages" time="0.0"/>
  <testcase name="should round-trip to the same binary value" classname="com.github.traderjoe95.mls.protocol.message.Messages" time="0.0"/>
  <testcase name="should be decoded properly" classname="com.github.traderjoe95.mls.protocol.message.Messages" time="0.0"/>
  <testcase name="should round-trip to the same binary value" classname="com.github.traderjoe95.mls.protocol.message.Messages" time="0.0"/>
  <testcase name="should be decoded properly" classname="com.github.traderjoe95.mls.protocol.message.Messages" time="0.0"/>
  <testcase name="should round-trip to the same binary value" classname="com.github.traderjoe95.mls.protocol.message.Messages" time="0.0"/>
  <testcase name="should be decoded properly" classname="com.github.traderjoe95.mls.protocol.message.Messages" time="0.0"/>
  <testcase name="should round-trip to the same binary value" classname="com.github.traderjoe95.mls.protocol.message.Messages" time="0.0"/>
  <testcase name="should be decoded properly" classname="com.github.traderjoe95.mls.protocol.message.Messages" time="0.0"/>
  <testcase name="should round-trip to the same binary value" classname="com.github.traderjoe95.mls.protocol.message.Messages" time="0.001"/>
  <testcase name="should be decoded properly" classname="com.github.traderjoe95.mls.protocol.message.Messages" time="0.001"/>
  <testcase name="should round-trip to the same binary value" classname="com.github.traderjoe95.mls.protocol.message.Messages" time="0.001"/>
  <testcase name="should be decoded properly" classname="com.github.traderjoe95.mls.protocol.message.Messages" time="0.0"/>
  <testcase name="should round-trip to the same binary value" classname="com.github.traderjoe95.mls.protocol.message.Messages" time="0.0"/>
  <testcase name="should be decoded properly" classname="com.github.traderjoe95.mls.protocol.message.Messages" time="0.0"/>
  <testcase name="should round-trip to the same binary value" classname="com.github.traderjoe95.mls.protocol.message.Messages" time="0.0"/>
  <testcase name="should be decoded properly" classname="com.github.traderjoe95.mls.protocol.message.Messages" time="0.001"/>
  <testcase name="should round-trip to the same binary value" classname="com.github.traderjoe95.mls.protocol.message.Messages" time="0.0"/>
  <testcase name="should be decoded properly" classname="com.github.traderjoe95.mls.protocol.message.Messages" time="0.001"/>
  <testcase name="should round-trip to the same binary value" classname="com.github.traderjoe95.mls.protocol.message.Messages" time="0.001"/>
  <testcase name="should be decoded properly" classname="com.github.traderjoe95.mls.protocol.message.Messages" time="0.0"/>
  <testcase name="should round-trip to the same binary value" classname="com.github.traderjoe95.mls.protocol.message.Messages" time="0.001"/>
  <testcase name="should be decoded properly" classname="com.github.traderjoe95.mls.protocol.message.Messages" time="0.0"/>
  <testcase name="should round-trip to the same binary value" classname="com.github.traderjoe95.mls.protocol.message.Messages" time="0.0"/>
  <testcase name="should be decoded properly" classname="com.github.traderjoe95.mls.protocol.message.Messages" time="0.0"/>
  <testcase name="should round-trip to the same binary value" classname="com.github.traderjoe95.mls.protocol.message.Messages" time="0.001"/>
  <testcase name="should be decoded properly" classname="com.github.traderjoe95.mls.protocol.message.Messages" time="0.0"/>
  <testcase name="should round-trip to the same binary value" classname="com.github.traderjoe95.mls.protocol.message.Messages" time="0.001"/>
  <testcase name="should be decoded properly" classname="com.github.traderjoe95.mls.protocol.message.Messages" time="0.0"/>
  <testcase name="should round-trip to the same binary value" classname="com.github.traderjoe95.mls.protocol.message.Messages" time="0.0"/>
  <testcase name="should be decoded properly" classname="com.github.traderjoe95.mls.protocol.message.Messages" time="0.006"/>
  <testcase name="should round-trip to the same binary value" classname="com.github.traderjoe95.mls.protocol.message.Messages" time="0.0"/>
  <testcase name="should be decoded properly" classname="com.github.traderjoe95.mls.protocol.message.Messages" time="0.0"/>
  <testcase name="should round-trip to the same binary value" classname="com.github.traderjoe95.mls.protocol.message.Messages" time="0.0"/>
  <testcase name="should be decoded properly" classname="com.github.traderjoe95.mls.protocol.message.Messages" time="0.0"/>
  <testcase name="should round-trip to the same binary value" classname="com.github.traderjoe95.mls.protocol.message.Messages" time="0.0"/>
  <testcase name="should be decoded properly" classname="com.github.traderjoe95.mls.protocol.message.Messages" time="0.0"/>
  <testcase name="should round-trip to the same binary value" classname="com.github.traderjoe95.mls.protocol.message.Messages" time="0.0"/>
  <testcase name="should be decoded properly" classname="com.github.traderjoe95.mls.protocol.message.Messages" time="0.0"/>
  <testcase name="should round-trip to the same binary value" classname="com.github.traderjoe95.mls.protocol.message.Messages" time="0.0"/>
  <testcase name="should be decoded properly" classname="com.github.traderjoe95.mls.protocol.message.Messages" time="0.0"/>
  <testcase name="should round-trip to the same binary value" classname="com.github.traderjoe95.mls.protocol.message.Messages" time="0.0"/>
  <testcase name="should be decoded properly" classname="com.github.traderjoe95.mls.protocol.message.Messages" time="0.0"/>
  <testcase name="should round-trip to the same binary value" classname="com.github.traderjoe95.mls.protocol.message.Messages" time="0.0"/>
  <testcase name="should be decoded properly" classname="com.github.traderjoe95.mls.protocol.message.Messages" time="0.0"/>
  <testcase name="should round-trip to the same binary value" classname="com.github.traderjoe95.mls.protocol.message.Messages" time="0.0"/>
  <testcase name="should be decoded properly" classname="com.github.traderjoe95.mls.protocol.message.Messages" time="0.001"/>
  <testcase name="should round-trip to the same binary value" classname="com.github.traderjoe95.mls.protocol.message.Messages" time="0.0"/>
  <testcase name="should be decoded properly" classname="com.github.traderjoe95.mls.protocol.message.Messages" time="0.0"/>
  <testcase name="should round-trip to the same binary value" classname="com.github.traderjoe95.mls.protocol.message.Messages" time="0.0"/>
  <testcase name="should be decoded properly" classname="com.github.traderjoe95.mls.protocol.message.Messages" time="0.0"/>
  <testcase name="should round-trip to the same binary value" classname="com.github.traderjoe95.mls.protocol.message.Messages" time="0.0"/>
  <testcase name="should be decoded properly" classname="com.github.traderjoe95.mls.protocol.message.Messages" time="0.0"/>
  <testcase name="should round-trip to the same binary value" classname="com.github.traderjoe95.mls.protocol.message.Messages" time="0.0"/>
  <testcase name="should be decoded properly" classname="com.github.traderjoe95.mls.protocol.message.Messages" time="0.0"/>
  <testcase name="should round-trip to the same binary value" classname="com.github.traderjoe95.mls.protocol.message.Messages" time="0.0"/>
  <testcase name="should be decoded properly" classname="com.github.traderjoe95.mls.protocol.message.Messages" time="0.001"/>
  <testcase name="should round-trip to the same binary value" classname="com.github.traderjoe95.mls.protocol.message.Messages" time="0.0"/>
  <testcase name="should be decoded properly" classname="com.github.traderjoe95.mls.protocol.message.Messages" time="0.0"/>
  <testcase name="should round-trip to the same binary value" classname="com.github.traderjoe95.mls.protocol.message.Messages" time="0.001"/>
  <testcase name="should be decoded properly" classname="com.github.traderjoe95.mls.protocol.message.Messages" time="0.0"/>
  <testcase name="should round-trip to the same binary value" classname="com.github.traderjoe95.mls.protocol.message.Messages" time="0.0"/>
  <testcase name="should be decoded properly" classname="com.github.traderjoe95.mls.protocol.message.Messages" time="0.0"/>
  <testcase name="should round-trip to the same binary value" classname="com.github.traderjoe95.mls.protocol.message.Messages" time="0.0"/>
  <testcase name="should be decoded properly" classname="com.github.traderjoe95.mls.protocol.message.Messages" time="0.0"/>
  <testcase name="should round-trip to the same binary value" classname="com.github.traderjoe95.mls.protocol.message.Messages" time="0.0"/>
  <testcase name="should be decoded properly" classname="com.github.traderjoe95.mls.protocol.message.Messages" time="0.0"/>
  <testcase name="should round-trip to the same binary value" classname="com.github.traderjoe95.mls.protocol.message.Messages" time="0.0"/>
  <testcase name="should be decoded properly" classname="com.github.traderjoe95.mls.protocol.message.Messages" time="0.0"/>
  <testcase name="should round-trip to the same binary value" classname="com.github.traderjoe95.mls.protocol.message.Messages" time="0.001"/>
  <testcase name="should be decoded properly" classname="com.github.traderjoe95.mls.protocol.message.Messages" time="0.0"/>
  <testcase name="should round-trip to the same binary value" classname="com.github.traderjoe95.mls.protocol.message.Messages" time="0.0"/>
  <testcase name="should be decoded properly" classname="com.github.traderjoe95.mls.protocol.message.Messages" time="0.0"/>
  <testcase name="should round-trip to the same binary value" classname="com.github.traderjoe95.mls.protocol.message.Messages" time="0.0"/>
  <testcase name="should be decoded properly" classname="com.github.traderjoe95.mls.protocol.message.Messages" time="0.0"/>
  <testcase name="should round-trip to the same binary value" classname="com.github.traderjoe95.mls.protocol.message.Messages" time="0.0"/>
  <testcase name="should be decoded properly" classname="com.github.traderjoe95.mls.protocol.message.Messages" time="0.0"/>
  <testcase name="should round-trip to the same binary value" classname="com.github.traderjoe95.mls.protocol.message.Messages" time="0.0"/>
  <testcase name="should be decoded properly" classname="com.github.traderjoe95.mls.protocol.message.Messages" time="0.0"/>
  <testcase name="should round-trip to the same binary value" classname="com.github.traderjoe95.mls.protocol.message.Messages" time="0.0"/>
  <testcase name="should be decoded properly" classname="com.github.traderjoe95.mls.protocol.message.Messages" time="0.0"/>
  <testcase name="should round-trip to the same binary value" classname="com.github.traderjoe95.mls.protocol.message.Messages" time="0.0"/>
  <testcase name="should be decoded properly" classname="com.github.traderjoe95.mls.protocol.message.Messages" time="0.0"/>
  <testcase name="should round-trip to the same binary value" classname="com.github.traderjoe95.mls.protocol.message.Messages" time="0.0"/>
  <testcase name="should be decoded properly" classname="com.github.traderjoe95.mls.protocol.message.Messages" time="0.0"/>
  <testcase name="should round-trip to the same binary value" classname="com.github.traderjoe95.mls.protocol.message.Messages" time="0.001"/>
  <testcase name="should be decoded properly" classname="com.github.traderjoe95.mls.protocol.message.Messages" time="0.0"/>
  <testcase name="should round-trip to the same binary value" classname="com.github.traderjoe95.mls.protocol.message.Messages" time="0.0"/>
  <testcase name="should be decoded properly" classname="com.github.traderjoe95.mls.protocol.message.Messages" time="0.0"/>
  <testcase name="should round-trip to the same binary value" classname="com.github.traderjoe95.mls.protocol.message.Messages" time="0.001"/>
  <testcase name="should be decoded properly" classname="com.github.traderjoe95.mls.protocol.message.Messages" time="0.0"/>
  <testcase name="should round-trip to the same binary value" classname="com.github.traderjoe95.mls.protocol.message.Messages" time="0.0"/>
  <testcase name="should be decoded properly" classname="com.github.traderjoe95.mls.protocol.message.Messages" time="0.001"/>
  <testcase name="should round-trip to the same binary value" classname="com.github.traderjoe95.mls.protocol.message.Messages" time="0.0"/>
  <testcase name="should be decoded properly" classname="com.github.traderjoe95.mls.protocol.message.Messages" time="0.0"/>
  <testcase name="should round-trip to the same binary value" classname="com.github.traderjoe95.mls.protocol.message.Messages" time="0.0"/>
  <testcase name="should be decoded properly" classname="com.github.traderjoe95.mls.protocol.message.Messages" time="0.0"/>
  <testcase name="should round-trip to the same binary value" classname="com.github.traderjoe95.mls.protocol.message.Messages" time="0.0"/>
  <testcase name="should be decoded properly" classname="com.github.traderjoe95.mls.protocol.message.Messages" time="0.0"/>
  <testcase name="should round-trip to the same binary value" classname="com.github.traderjoe95.mls.protocol.message.Messages" time="0.0"/>
  <testcase name="should be decoded properly" classname="com.github.traderjoe95.mls.protocol.message.Messages" time="0.0"/>
  <testcase name="should round-trip to the same binary value" classname="com.github.traderjoe95.mls.protocol.message.Messages" time="0.0"/>
  <testcase name="should be decoded properly" classname="com.github.traderjoe95.mls.protocol.message.Messages" time="0.0"/>
  <testcase name="should round-trip to the same binary value" classname="com.github.traderjoe95.mls.protocol.message.Messages" time="0.001"/>
  <testcase name="should be decoded properly" classname="com.github.traderjoe95.mls.protocol.message.Messages" time="0.0"/>
  <testcase name="should round-trip to the same binary value" classname="com.github.traderjoe95.mls.protocol.message.Messages" time="0.0"/>
  <testcase name="should be decoded properly" classname="com.github.traderjoe95.mls.protocol.message.Messages" time="0.001"/>
  <testcase name="should round-trip to the same binary value" classname="com.github.traderjoe95.mls.protocol.message.Messages" time="0.0"/>
  <testcase name="should be decoded properly" classname="com.github.traderjoe95.mls.protocol.message.Messages" time="0.001"/>
  <testcase name="should round-trip to the same binary value" classname="com.github.traderjoe95.mls.protocol.message.Messages" time="0.0"/>
  <testcase name="should be decoded properly" classname="com.github.traderjoe95.mls.protocol.message.Messages" time="0.001"/>
  <testcase name="should round-trip to the same binary value" classname="com.github.traderjoe95.mls.protocol.message.Messages" time="0.0"/>
  <testcase name="should be decoded properly" classname="com.github.traderjoe95.mls.protocol.message.Messages" time="0.0"/>
  <testcase name="should round-trip to the same binary value" classname="com.github.traderjoe95.mls.protocol.message.Messages" time="0.0"/>
  <testcase name="should be decoded properly" classname="com.github.traderjoe95.mls.protocol.message.Messages" time="0.0"/>
  <testcase name="should round-trip to the same binary value" classname="com.github.traderjoe95.mls.protocol.message.Messages" time="0.001"/>
  <testcase name="should be decoded properly" classname="com.github.traderjoe95.mls.protocol.message.Messages" time="0.0"/>
  <testcase name="should round-trip to the same binary value" classname="com.github.traderjoe95.mls.protocol.message.Messages" time="0.0"/>
  <testcase name="should be decoded properly" classname="com.github.traderjoe95.mls.protocol.message.Messages" time="0.0"/>
  <testcase name="should round-trip to the same binary value" classname="com.github.traderjoe95.mls.protocol.message.Messages" time="0.0"/>
  <testcase name="should be decoded properly" classname="com.github.traderjoe95.mls.protocol.message.Messages" time="0.0"/>
  <testcase name="should round-trip to the same binary value" classname="com.github.traderjoe95.mls.protocol.message.Messages" time="0.0"/>
  <testcase name="should be decoded properly" classname="com.github.traderjoe95.mls.protocol.message.Messages" time="0.0"/>
  <testcase name="should round-trip to the same binary value" classname="com.github.traderjoe95.mls.protocol.message.Messages" time="0.0"/>
  <testcase name="should be decoded properly" classname="com.github.traderjoe95.mls.protocol.message.Messages" time="0.0"/>
  <testcase name="should round-trip to the same binary value" classname="com.github.traderjoe95.mls.protocol.message.Messages" time="0.0"/>
  <testcase name="should be decoded properly" classname="com.github.traderjoe95.mls.protocol.message.Messages" time="0.0"/>
  <testcase name="should round-trip to the same binary value" classname="com.github.traderjoe95.mls.protocol.message.Messages" time="0.0"/>
  <testcase name="should be decoded properly" classname="com.github.traderjoe95.mls.protocol.message.Messages" time="0.0"/>
  <testcase name="should round-trip to the same binary value" classname="com.github.traderjoe95.mls.protocol.message.Messages" time="0.0"/>
  <testcase name="should be decoded properly" classname="com.github.traderjoe95.mls.protocol.message.Messages" time="0.0"/>
  <testcase name="should round-trip to the same binary value" classname="com.github.traderjoe95.mls.protocol.message.Messages" time="0.0"/>
  <testcase name="should be decoded properly" classname="com.github.traderjoe95.mls.protocol.message.Messages" time="0.0"/>
  <testcase name="should round-trip to the same binary value" classname="com.github.traderjoe95.mls.protocol.message.Messages" time="0.0"/>
  <testcase name="should be decoded properly" classname="com.github.traderjoe95.mls.protocol.message.Messages" time="0.0"/>
  <testcase name="should round-trip to the same binary value" classname="com.github.traderjoe95.mls.protocol.message.Messages" time="0.0"/>
  <testcase name="should be decoded properly" classname="com.github.traderjoe95.mls.protocol.message.Messages" time="0.0"/>
  <testcase name="should round-trip to the same binary value" classname="com.github.traderjoe95.mls.protocol.message.Messages" time="0.0"/>
  <testcase name="should be decoded properly" classname="com.github.traderjoe95.mls.protocol.message.Messages" time="0.0"/>
  <testcase name="should round-trip to the same binary value" classname="com.github.traderjoe95.mls.protocol.message.Messages" time="0.0"/>
  <testcase name="should be decoded properly" classname="com.github.traderjoe95.mls.protocol.message.Messages" time="0.0"/>
  <testcase name="should round-trip to the same binary value" classname="com.github.traderjoe95.mls.protocol.message.Messages" time="0.0"/>
  <testcase name="should be decoded properly" classname="com.github.traderjoe95.mls.protocol.message.Messages" time="0.0"/>
  <testcase name="should round-trip to the same binary value" classname="com.github.traderjoe95.mls.protocol.message.Messages" time="0.0"/>
  <testcase name="should be decoded properly" classname="com.github.traderjoe95.mls.protocol.message.Messages" time="0.0"/>
  <testcase name="should round-trip to the same binary value" classname="com.github.traderjoe95.mls.protocol.message.Messages" time="0.0"/>
  <testcase name="should be decoded properly" classname="com.github.traderjoe95.mls.protocol.message.Messages" time="0.0"/>
  <testcase name="should round-trip to the same binary value" classname="com.github.traderjoe95.mls.protocol.message.Messages" time="0.001"/>
  <testcase name="should be decoded properly" classname="com.github.traderjoe95.mls.protocol.message.Messages" time="0.001"/>
  <testcase name="should round-trip to the same binary value" classname="com.github.traderjoe95.mls.protocol.message.Messages" time="0.001"/>
  <testcase name="should be decoded properly" classname="com.github.traderjoe95.mls.protocol.message.Messages" time="0.0"/>
  <testcase name="should round-trip to the same binary value" classname="com.github.traderjoe95.mls.protocol.message.Messages" time="0.0"/>
  <testcase name="should be decoded properly" classname="com.github.traderjoe95.mls.protocol.message.Messages" time="0.0"/>
  <testcase name="should round-trip to the same binary value" classname="com.github.traderjoe95.mls.protocol.message.Messages" time="0.0"/>
  <testcase name="should be decoded properly" classname="com.github.traderjoe95.mls.protocol.message.Messages" time="0.0"/>
  <testcase name="should round-trip to the same binary value" classname="com.github.traderjoe95.mls.protocol.message.Messages" time="0.0"/>
  <testcase name="should be decoded properly" classname="com.github.traderjoe95.mls.protocol.message.Messages" time="0.001"/>
  <testcase name="should round-trip to the same binary value" classname="com.github.traderjoe95.mls.protocol.message.Messages" time="0.0"/>
  <testcase name="should be decoded properly" classname="com.github.traderjoe95.mls.protocol.message.Messages" time="0.0"/>
  <testcase name="should round-trip to the same binary value" classname="com.github.traderjoe95.mls.protocol.message.Messages" time="0.0"/>
  <testcase name="should be decoded properly" classname="com.github.traderjoe95.mls.protocol.message.Messages" time="0.001"/>
  <testcase name="should round-trip to the same binary value" classname="com.github.traderjoe95.mls.protocol.message.Messages" time="0.0"/>
  <testcase name="should be decoded properly" classname="com.github.traderjoe95.mls.protocol.message.Messages" time="0.0"/>
  <testcase name="should round-trip to the same binary value" classname="com.github.traderjoe95.mls.protocol.message.Messages" time="0.001"/>
  <testcase name="should be decoded properly" classname="com.github.traderjoe95.mls.protocol.message.Messages" time="0.0"/>
  <testcase name="should round-trip to the same binary value" classname="com.github.traderjoe95.mls.protocol.message.Messages" time="0.0"/>
  <testcase name="should be decoded properly" classname="com.github.traderjoe95.mls.protocol.message.Messages" time="0.0"/>
  <testcase name="should round-trip to the same binary value" classname="com.github.traderjoe95.mls.protocol.message.Messages" time="0.0"/>
  <testcase name="should be decoded properly" classname="com.github.traderjoe95.mls.protocol.message.Messages" time="0.0"/>
  <testcase name="should round-trip to the same binary value" classname="com.github.traderjoe95.mls.protocol.message.Messages" time="0.0"/>
  <testcase name="should be decoded properly" classname="com.github.traderjoe95.mls.protocol.message.Messages" time="0.0"/>
  <testcase name="should round-trip to the same binary value" classname="com.github.traderjoe95.mls.protocol.message.Messages" time="0.0"/>
  <testcase name="should be decoded properly" classname="com.github.traderjoe95.mls.protocol.message.Messages" time="0.001"/>
  <testcase name="should round-trip to the same binary value" classname="com.github.traderjoe95.mls.protocol.message.Messages" time="0.0"/>
  <testcase name="should be decoded properly" classname="com.github.traderjoe95.mls.protocol.message.Messages" time="0.0"/>
  <testcase name="should round-trip to the same binary value" classname="com.github.traderjoe95.mls.protocol.message.Messages" time="0.001"/>
  <testcase name="should be decoded properly" classname="com.github.traderjoe95.mls.protocol.message.Messages" time="0.0"/>
  <testcase name="should round-trip to the same binary value" classname="com.github.traderjoe95.mls.protocol.message.Messages" time="0.0"/>
  <testcase name="should be decoded properly" classname="com.github.traderjoe95.mls.protocol.message.Messages" time="0.0"/>
  <testcase name="should round-trip to the same binary value" classname="com.github.traderjoe95.mls.protocol.message.Messages" time="0.0"/>
  <testcase name="should be decoded properly" classname="com.github.traderjoe95.mls.protocol.message.Messages" time="0.0"/>
  <testcase name="should round-trip to the same binary value" classname="com.github.traderjoe95.mls.protocol.message.Messages" time="0.0"/>
  <testcase name="should be decoded properly" classname="com.github.traderjoe95.mls.protocol.message.Messages" time="0.001"/>
  <testcase name="should round-trip to the same binary value" classname="com.github.traderjoe95.mls.protocol.message.Messages" time="0.0"/>
  <testcase name="should be decoded properly" classname="com.github.traderjoe95.mls.protocol.message.Messages" time="0.0"/>
  <testcase name="should round-trip to the same binary value" classname="com.github.traderjoe95.mls.protocol.message.Messages" time="0.0"/>
  <testcase name="should be decoded properly" classname="com.github.traderjoe95.mls.protocol.message.Messages" time="0.0"/>
  <testcase name="should round-trip to the same binary value" classname="com.github.traderjoe95.mls.protocol.message.Messages" time="0.0"/>
  <testcase name="should be decoded properly" classname="com.github.traderjoe95.mls.protocol.message.Messages" time="0.0"/>
  <testcase name="should round-trip to the same binary value" classname="com.github.traderjoe95.mls.protocol.message.Messages" time="0.0"/>
  <testcase name="should be decoded properly" classname="com.github.traderjoe95.mls.protocol.message.Messages" time="0.001"/>
  <testcase name="should round-trip to the same binary value" classname="com.github.traderjoe95.mls.protocol.message.Messages" time="0.0"/>
  <testcase name="should be decoded properly" classname="com.github.traderjoe95.mls.protocol.message.Messages" time="0.0"/>
  <testcase name="should round-trip to the same binary value" classname="com.github.traderjoe95.mls.protocol.message.Messages" time="0.0"/>
  <testcase name="should be decoded properly" classname="com.github.traderjoe95.mls.protocol.message.Messages" time="0.0"/>
  <testcase name="should round-trip to the same binary value" classname="com.github.traderjoe95.mls.protocol.message.Messages" time="0.0"/>
  <testcase name="should be decoded properly" classname="com.github.traderjoe95.mls.protocol.message.Messages" time="0.0"/>
  <testcase name="should round-trip to the same binary value" classname="com.github.traderjoe95.mls.protocol.message.Messages" time="0.0"/>
  <testcase name="should be decoded properly" classname="com.github.traderjoe95.mls.protocol.message.Messages" time="0.0"/>
  <testcase name="should round-trip to the same binary value" classname="com.github.traderjoe95.mls.protocol.message.Messages" time="0.0"/>
  <testcase name="should be decoded properly" classname="com.github.traderjoe95.mls.protocol.message.Messages" time="0.0"/>
  <testcase name="should round-trip to the same binary value" classname="com.github.traderjoe95.mls.protocol.message.Messages" time="0.0"/>
  <testcase name="should be decoded properly" classname="com.github.traderjoe95.mls.protocol.message.Messages" time="0.0"/>
  <testcase name="should round-trip to the same binary value" classname="com.github.traderjoe95.mls.protocol.message.Messages" time="0.0"/>
  <testcase name="should be decoded properly" classname="com.github.traderjoe95.mls.protocol.message.Messages" time="0.0"/>
  <testcase name="should round-trip to the same binary value" classname="com.github.traderjoe95.mls.protocol.message.Messages" time="0.0"/>
  <testcase name="should be decoded properly" classname="com.github.traderjoe95.mls.protocol.message.Messages" time="0.0"/>
  <testcase name="should round-trip to the same binary value" classname="com.github.traderjoe95.mls.protocol.message.Messages" time="0.0"/>
  <testcase name="should be decoded properly" classname="com.github.traderjoe95.mls.protocol.message.Messages" time="0.0"/>
  <testcase name="should round-trip to the same binary value" classname="com.github.traderjoe95.mls.protocol.message.Messages" time="0.0"/>
  <testcase name="should be decoded properly" classname="com.github.traderjoe95.mls.protocol.message.Messages" time="0.0"/>
  <testcase name="should round-trip to the same binary value" classname="com.github.traderjoe95.mls.protocol.message.Messages" time="0.0"/>
  <testcase name="should be decoded properly" classname="com.github.traderjoe95.mls.protocol.message.Messages" time="0.0"/>
  <testcase name="should round-trip to the same binary value" classname="com.github.traderjoe95.mls.protocol.message.Messages" time="0.0"/>
  <testcase name="should be decoded properly" classname="com.github.traderjoe95.mls.protocol.message.Messages" time="0.0"/>
  <testcase name="should round-trip to the same binary value" classname="com.github.traderjoe95.mls.protocol.message.Messages" time="0.0"/>
  <testcase name="should be decoded properly" classname="com.github.traderjoe95.mls.protocol.message.Messages" time="0.0"/>
  <testcase name="should round-trip to the same binary value" classname="com.github.traderjoe95.mls.protocol.message.Messages" time="0.0"/>
  <testcase name="should be decoded properly" classname="com.github.traderjoe95.mls.protocol.message.Messages" time="0.0"/>
  <testcase name="should round-trip to the same binary value" classname="com.github.traderjoe95.mls.protocol.message.Messages" time="0.0"/>
  <testcase name="should be decoded properly" classname="com.github.traderjoe95.mls.protocol.message.Messages" time="0.001"/>
  <testcase name="should round-trip to the same binary value" classname="com.github.traderjoe95.mls.protocol.message.Messages" time="0.0"/>
  <testcase name="should be decoded properly" classname="com.github.traderjoe95.mls.protocol.message.Messages" time="0.0"/>
  <testcase name="should round-trip to the same binary value" classname="com.github.traderjoe95.mls.protocol.message.Messages" time="0.0"/>
  <testcase name="should be decoded properly" classname="com.github.traderjoe95.mls.protocol.message.Messages" time="0.0"/>
  <testcase name="should round-trip to the same binary value" classname="com.github.traderjoe95.mls.protocol.message.Messages" time="0.0"/>
  <testcase name="should be decoded properly" classname="com.github.traderjoe95.mls.protocol.message.Messages" time="0.001"/>
  <testcase name="should round-trip to the same binary value" classname="com.github.traderjoe95.mls.protocol.message.Messages" time="0.0"/>
  <testcase name="should be decoded properly" classname="com.github.traderjoe95.mls.protocol.message.Messages" time="0.0"/>
  <testcase name="should round-trip to the same binary value" classname="com.github.traderjoe95.mls.protocol.message.Messages" time="0.0"/>
  <testcase name="should be decoded properly" classname="com.github.traderjoe95.mls.protocol.message.Messages" time="0.0"/>
  <testcase name="should round-trip to the same binary value" classname="com.github.traderjoe95.mls.protocol.message.Messages" time="0.0"/>
  <testcase name="should be decoded properly" classname="com.github.traderjoe95.mls.protocol.message.Messages" time="0.0"/>
  <testcase name="should round-trip to the same binary value" classname="com.github.traderjoe95.mls.protocol.message.Messages" time="0.0"/>
  <testcase name="should be decoded properly" classname="com.github.traderjoe95.mls.protocol.message.Messages" time="0.0"/>
  <testcase name="should round-trip to the same binary value" classname="com.github.traderjoe95.mls.protocol.message.Messages" time="0.0"/>
  <testcase name="should be decoded properly" classname="com.github.traderjoe95.mls.protocol.message.Messages" time="0.0"/>
  <testcase name="should round-trip to the same binary value" classname="com.github.traderjoe95.mls.protocol.message.Messages" time="0.0"/>
  <testcase name="should be decoded properly" classname="com.github.traderjoe95.mls.protocol.message.Messages" time="0.0"/>
  <testcase name="should round-trip to the same binary value" classname="com.github.traderjoe95.mls.protocol.message.Messages" time="0.0"/>
  <testcase name="should be decoded properly" classname="com.github.traderjoe95.mls.protocol.message.Messages" time="0.0"/>
  <testcase name="should round-trip to the same binary value" classname="com.github.traderjoe95.mls.protocol.message.Messages" time="0.0"/>
  <testcase name="should be decoded properly" classname="com.github.traderjoe95.mls.protocol.message.Messages" time="0.0"/>
  <testcase name="should round-trip to the same binary value" classname="com.github.traderjoe95.mls.protocol.message.Messages" time="0.0"/>
  <testcase name="should be decoded properly" classname="com.github.traderjoe95.mls.protocol.message.Messages" time="0.0"/>
  <testcase name="should round-trip to the same binary value" classname="com.github.traderjoe95.mls.protocol.message.Messages" time="0.0"/>
  <testcase name="should be decoded properly" classname="com.github.traderjoe95.mls.protocol.message.Messages" time="0.001"/>
  <testcase name="should round-trip to the same binary value" classname="com.github.traderjoe95.mls.protocol.message.Messages" time="0.0"/>
  <testcase name="should be decoded properly" classname="com.github.traderjoe95.mls.protocol.message.Messages" time="0.0"/>
  <testcase name="should round-trip to the same binary value" classname="com.github.traderjoe95.mls.protocol.message.Messages" time="0.001"/>
  <testcase name="should be decoded properly" classname="com.github.traderjoe95.mls.protocol.message.Messages" time="0.0"/>
  <testcase name="should round-trip to the same binary value" classname="com.github.traderjoe95.mls.protocol.message.Messages" time="0.0"/>
  <testcase name="should be decoded properly" classname="com.github.traderjoe95.mls.protocol.message.Messages" time="0.0"/>
  <testcase name="should round-trip to the same binary value" classname="com.github.traderjoe95.mls.protocol.message.Messages" time="0.0"/>
  <testcase name="should be decoded properly" classname="com.github.traderjoe95.mls.protocol.message.Messages" time="0.0"/>
  <testcase name="should round-trip to the same binary value" classname="com.github.traderjoe95.mls.protocol.message.Messages" time="0.0"/>
  <testcase name="should be decoded properly" classname="com.github.traderjoe95.mls.protocol.message.Messages" time="0.0"/>
  <testcase name="should round-trip to the same binary value" classname="com.github.traderjoe95.mls.protocol.message.Messages" time="0.0"/>
  <testcase name="should be decoded properly" classname="com.github.traderjoe95.mls.protocol.message.Messages" time="0.0"/>
  <testcase name="should round-trip to the same binary value" classname="com.github.traderjoe95.mls.protocol.message.Messages" time="0.0"/>
  <testcase name="should be decoded properly" classname="com.github.traderjoe95.mls.protocol.message.Messages" time="0.0"/>
  <testcase name="should round-trip to the same binary value" classname="com.github.traderjoe95.mls.protocol.message.Messages" time="0.0"/>
  <testcase name="should be decoded properly" classname="com.github.traderjoe95.mls.protocol.message.Messages" time="0.0"/>
  <testcase name="should round-trip to the same binary value" classname="com.github.traderjoe95.mls.protocol.message.Messages" time="0.0"/>
  <testcase name="should be decoded properly" classname="com.github.traderjoe95.mls.protocol.message.Messages" time="0.0"/>
  <testcase name="should round-trip to the same binary value" classname="com.github.traderjoe95.mls.protocol.message.Messages" time="0.0"/>
  <testcase name="should be decoded properly" classname="com.github.traderjoe95.mls.protocol.message.Messages" time="0.001"/>
  <testcase name="should round-trip to the same binary value" classname="com.github.traderjoe95.mls.protocol.message.Messages" time="0.0"/>
  <testcase name="should be decoded properly" classname="com.github.traderjoe95.mls.protocol.message.Messages" time="0.0"/>
  <testcase name="should round-trip to the same binary value" classname="com.github.traderjoe95.mls.protocol.message.Messages" time="0.0"/>
  <testcase name="should be decoded properly" classname="com.github.traderjoe95.mls.protocol.message.Messages" time="0.0"/>
  <testcase name="should round-trip to the same binary value" classname="com.github.traderjoe95.mls.protocol.message.Messages" time="0.0"/>
  <testcase name="should be decoded properly" classname="com.github.traderjoe95.mls.protocol.message.Messages" time="0.0"/>
  <testcase name="should round-trip to the same binary value" classname="com.github.traderjoe95.mls.protocol.message.Messages" time="0.0"/>
  <testcase name="should be decoded properly" classname="com.github.traderjoe95.mls.protocol.message.Messages" time="0.0"/>
  <testcase name="should round-trip to the same binary value" classname="com.github.traderjoe95.mls.protocol.message.Messages" time="0.0"/>
  <testcase name="should be decoded properly" classname="com.github.traderjoe95.mls.protocol.message.Messages" time="0.0"/>
  <testcase name="should round-trip to the same binary value" classname="com.github.traderjoe95.mls.protocol.message.Messages" time="0.001"/>
  <testcase name="should be decoded properly" classname="com.github.traderjoe95.mls.protocol.message.Messages" time="0.0"/>
  <testcase name="should round-trip to the same binary value" classname="com.github.traderjoe95.mls.protocol.message.Messages" time="0.001"/>
  <testcase name="should be decoded properly" classname="com.github.traderjoe95.mls.protocol.message.Messages" time="0.0"/>
  <testcase name="should round-trip to the same binary value" classname="com.github.traderjoe95.mls.protocol.message.Messages" time="0.0"/>
  <testcase name="should be decoded properly" classname="com.github.traderjoe95.mls.protocol.message.Messages" time="0.0"/>
  <testcase name="should round-trip to the same binary value" classname="com.github.traderjoe95.mls.protocol.message.Messages" time="0.0"/>
  <testcase name="should be decoded properly" classname="com.github.traderjoe95.mls.protocol.message.Messages" time="0.0"/>
  <testcase name="should round-trip to the same binary value" classname="com.github.traderjoe95.mls.protocol.message.Messages" time="0.0"/>
  <testcase name="should be decoded properly" classname="com.github.traderjoe95.mls.protocol.message.Messages" time="0.0"/>
  <testcase name="should round-trip to the same binary value" classname="com.github.traderjoe95.mls.protocol.message.Messages" time="0.0"/>
  <testcase name="should be decoded properly" classname="com.github.traderjoe95.mls.protocol.message.Messages" time="0.0"/>
  <testcase name="should round-trip to the same binary value" classname="com.github.traderjoe95.mls.protocol.message.Messages" time="0.001"/>
  <testcase name="should be decoded properly" classname="com.github.traderjoe95.mls.protocol.message.Messages" time="0.001"/>
  <testcase name="should round-trip to the same binary value" classname="com.github.traderjoe95.mls.protocol.message.Messages" time="0.0"/>
  <testcase name="should be decoded properly" classname="com.github.traderjoe95.mls.protocol.message.Messages" time="0.0"/>
  <testcase name="should round-trip to the same binary value" classname="com.github.traderjoe95.mls.protocol.message.Messages" time="0.0"/>
  <system-out><![CDATA[]]></system-out>
  <system-err><![CDATA[]]></system-err>
</testsuite>
