<?xml version="1.0" encoding="UTF-8"?>
<testsuite name="com.github.traderjoe95.mls.protocol.crypto.CryptoBasics" tests="56" skipped="0" failures="0" errors="0" timestamp="2024-03-25T12:31:22" hostname="ataleb-ThinkPad-X13-Gen-1" time="0.538">
  <properties/>
  <testcase name="should produce the expected results" classname="com.github.traderjoe95.mls.protocol.crypto.CryptoBasics" time="0.092"/>
  <testcase name="should produce the expected secret" classname="com.github.traderjoe95.mls.protocol.crypto.CryptoBasics" time="0.002"/>
  <testcase name="should produce the expected secret" classname="com.github.traderjoe95.mls.protocol.crypto.CryptoBasics" time="0.001"/>
  <testcase name="should produce the expected secret" classname="com.github.traderjoe95.mls.protocol.crypto.CryptoBasics" time="0.001"/>
  <testcase name="should be able to verify signatures" classname="com.github.traderjoe95.mls.protocol.crypto.CryptoBasics" time="0.008"/>
  <testcase name="should produce verifiable signatures" classname="com.github.traderjoe95.mls.protocol.crypto.CryptoBasics" time="0.004"/>
  <testcase name="should be able to decrypt ciphertexts" classname="com.github.traderjoe95.mls.protocol.crypto.CryptoBasics" time="0.003"/>
  <testcase name="should produce decryptable ciphertexts" classname="com.github.traderjoe95.mls.protocol.crypto.CryptoBasics" time="0.007"/>
  <testcase name="should produce the expected results" classname="com.github.traderjoe95.mls.protocol.crypto.CryptoBasics" time="0.001"/>
  <testcase name="should produce the expected secret" classname="com.github.traderjoe95.mls.protocol.crypto.CryptoBasics" time="0.001"/>
  <testcase name="should produce the expected secret" classname="com.github.traderjoe95.mls.protocol.crypto.CryptoBasics" time="0.001"/>
  <testcase name="should produce the expected secret" classname="com.github.traderjoe95.mls.protocol.crypto.CryptoBasics" time="0.001"/>
  <testcase name="should be able to verify signatures" classname="com.github.traderjoe95.mls.protocol.crypto.CryptoBasics" time="0.037"/>
  <testcase name="should produce verifiable signatures" classname="com.github.traderjoe95.mls.protocol.crypto.CryptoBasics" time="0.019"/>
  <testcase name="should be able to decrypt ciphertexts" classname="com.github.traderjoe95.mls.protocol.crypto.CryptoBasics" time="0.007"/>
  <testcase name="should produce decryptable ciphertexts" classname="com.github.traderjoe95.mls.protocol.crypto.CryptoBasics" time="0.015"/>
  <testcase name="should produce the expected results" classname="com.github.traderjoe95.mls.protocol.crypto.CryptoBasics" time="0.001"/>
  <testcase name="should produce the expected secret" classname="com.github.traderjoe95.mls.protocol.crypto.CryptoBasics" time="0.001"/>
  <testcase name="should produce the expected secret" classname="com.github.traderjoe95.mls.protocol.crypto.CryptoBasics" time="0.001"/>
  <testcase name="should produce the expected secret" classname="com.github.traderjoe95.mls.protocol.crypto.CryptoBasics" time="0.001"/>
  <testcase name="should be able to verify signatures" classname="com.github.traderjoe95.mls.protocol.crypto.CryptoBasics" time="0.002"/>
  <testcase name="should produce verifiable signatures" classname="com.github.traderjoe95.mls.protocol.crypto.CryptoBasics" time="0.002"/>
  <testcase name="should be able to decrypt ciphertexts" classname="com.github.traderjoe95.mls.protocol.crypto.CryptoBasics" time="0.003"/>
  <testcase name="should produce decryptable ciphertexts" classname="com.github.traderjoe95.mls.protocol.crypto.CryptoBasics" time="0.006"/>
  <testcase name="should produce the expected results" classname="com.github.traderjoe95.mls.protocol.crypto.CryptoBasics" time="0.001"/>
  <testcase name="should produce the expected secret" classname="com.github.traderjoe95.mls.protocol.crypto.CryptoBasics" time="0.001"/>
  <testcase name="should produce the expected secret" classname="com.github.traderjoe95.mls.protocol.crypto.CryptoBasics" time="0.001"/>
  <testcase name="should produce the expected secret" classname="com.github.traderjoe95.mls.protocol.crypto.CryptoBasics" time="0.0"/>
  <testcase name="should be able to verify signatures" classname="com.github.traderjoe95.mls.protocol.crypto.CryptoBasics" time="0.007"/>
  <testcase name="should produce verifiable signatures" classname="com.github.traderjoe95.mls.protocol.crypto.CryptoBasics" time="0.006"/>
  <testcase name="should be able to decrypt ciphertexts" classname="com.github.traderjoe95.mls.protocol.crypto.CryptoBasics" time="0.005"/>
  <testcase name="should produce decryptable ciphertexts" classname="com.github.traderjoe95.mls.protocol.crypto.CryptoBasics" time="0.008"/>
  <testcase name="should produce the expected results" classname="com.github.traderjoe95.mls.protocol.crypto.CryptoBasics" time="0.001"/>
  <testcase name="should produce the expected secret" classname="com.github.traderjoe95.mls.protocol.crypto.CryptoBasics" time="0.001"/>
  <testcase name="should produce the expected secret" classname="com.github.traderjoe95.mls.protocol.crypto.CryptoBasics" time="0.001"/>
  <testcase name="should produce the expected secret" classname="com.github.traderjoe95.mls.protocol.crypto.CryptoBasics" time="0.001"/>
  <testcase name="should be able to verify signatures" classname="com.github.traderjoe95.mls.protocol.crypto.CryptoBasics" time="0.016"/>
  <testcase name="should produce verifiable signatures" classname="com.github.traderjoe95.mls.protocol.crypto.CryptoBasics" time="0.019"/>
  <testcase name="should be able to decrypt ciphertexts" classname="com.github.traderjoe95.mls.protocol.crypto.CryptoBasics" time="0.013"/>
  <testcase name="should produce decryptable ciphertexts" classname="com.github.traderjoe95.mls.protocol.crypto.CryptoBasics" time="0.027"/>
  <testcase name="should produce the expected results" classname="com.github.traderjoe95.mls.protocol.crypto.CryptoBasics" time="0.001"/>
  <testcase name="should produce the expected secret" classname="com.github.traderjoe95.mls.protocol.crypto.CryptoBasics" time="0.001"/>
  <testcase name="should produce the expected secret" classname="com.github.traderjoe95.mls.protocol.crypto.CryptoBasics" time="0.001"/>
  <testcase name="should produce the expected secret" classname="com.github.traderjoe95.mls.protocol.crypto.CryptoBasics" time="0.001"/>
  <testcase name="should be able to verify signatures" classname="com.github.traderjoe95.mls.protocol.crypto.CryptoBasics" time="0.003"/>
  <testcase name="should produce verifiable signatures" classname="com.github.traderjoe95.mls.protocol.crypto.CryptoBasics" time="0.007"/>
  <testcase name="should be able to decrypt ciphertexts" classname="com.github.traderjoe95.mls.protocol.crypto.CryptoBasics" time="0.003"/>
  <testcase name="should produce decryptable ciphertexts" classname="com.github.traderjoe95.mls.protocol.crypto.CryptoBasics" time="0.008"/>
  <testcase name="should produce the expected results" classname="com.github.traderjoe95.mls.protocol.crypto.CryptoBasics" time="0.001"/>
  <testcase name="should produce the expected secret" classname="com.github.traderjoe95.mls.protocol.crypto.CryptoBasics" time="0.001"/>
  <testcase name="should produce the expected secret" classname="com.github.traderjoe95.mls.protocol.crypto.CryptoBasics" time="0.0"/>
  <testcase name="should produce the expected secret" classname="com.github.traderjoe95.mls.protocol.crypto.CryptoBasics" time="0.001"/>
  <testcase name="should be able to verify signatures" classname="com.github.traderjoe95.mls.protocol.crypto.CryptoBasics" time="0.011"/>
  <testcase name="should produce verifiable signatures" classname="com.github.traderjoe95.mls.protocol.crypto.CryptoBasics" time="0.016"/>
  <testcase name="should be able to decrypt ciphertexts" classname="com.github.traderjoe95.mls.protocol.crypto.CryptoBasics" time="0.011"/>
  <testcase name="should produce decryptable ciphertexts" classname="com.github.traderjoe95.mls.protocol.crypto.CryptoBasics" time="0.02"/>
  <system-out><![CDATA[]]></system-out>
  <system-err><![CDATA[]]></system-err>
</testsuite>
