<?xml version="1.0" encoding="UTF-8"?>
<testsuite name="com.github.traderjoe95.mls.protocol.group.TranscriptHashes" tests="42" skipped="0" failures="0" errors="0" timestamp="2024-03-25T12:31:35" hostname="ataleb-ThinkPad-X13-Gen-1" time="0.041">
  <properties/>
  <testcase name="should be able to verify a correct confirmation tag with a confirmation key of 26ae359a9a9760cd1066cae16f1456ea7eaf52bd85d5dba5bb15cca04a90c83f" classname="com.github.traderjoe95.mls.protocol.group.TranscriptHashes" time="0.002"/>
  <testcase name="should generate a correct confirmed transcript hash from the interim transcript hash 2597552c42df799cd70e99c77c4f80e834a9418096a0b2c7bc66afbc48eebaa6" classname="com.github.traderjoe95.mls.protocol.group.TranscriptHashes" time="0.001"/>
  <testcase name="should generate a correct interim transcript hash from the confirmation tag 3a1d8805d8390f441a622f81bcb7347be86db7cc491d0313163fa63c2f66aa92" classname="com.github.traderjoe95.mls.protocol.group.TranscriptHashes" time="0.0"/>
  <testcase name="should be able to verify a correct confirmation tag with a confirmation key of 88b8a4d79ee8e822c44f50d7f31922725ca3df103faacdd212baed2dc182ca62" classname="com.github.traderjoe95.mls.protocol.group.TranscriptHashes" time="0.001"/>
  <testcase name="should generate a correct confirmed transcript hash from the interim transcript hash 13e0b0e7d7804f851c52715d3d8e31eebd575714012f3d57c3c57333ef43ddb4" classname="com.github.traderjoe95.mls.protocol.group.TranscriptHashes" time="0.0"/>
  <testcase name="should generate a correct interim transcript hash from the confirmation tag 61a64a5c35197bee6800f1d1067cf1806cfcf519fee1b0e8e104486c36fc4a2d" classname="com.github.traderjoe95.mls.protocol.group.TranscriptHashes" time="0.0"/>
  <testcase name="should be able to verify a correct confirmation tag with a confirmation key of 6999e1655b7f4bdda3cf2991965d889a331b487526a9c99c19d1060e4d677996" classname="com.github.traderjoe95.mls.protocol.group.TranscriptHashes" time="0.0"/>
  <testcase name="should generate a correct confirmed transcript hash from the interim transcript hash de0a78a0008b6c5c921c910d68da44abe0e692e1eea7e9f8226219ca34560f0d" classname="com.github.traderjoe95.mls.protocol.group.TranscriptHashes" time="0.001"/>
  <testcase name="should generate a correct interim transcript hash from the confirmation tag fc804973ae28d04b9f3b71930414e29aa508f0711df720519f230e43a534b714" classname="com.github.traderjoe95.mls.protocol.group.TranscriptHashes" time="0.0"/>
  <testcase name="should be able to verify a correct confirmation tag with a confirmation key of ccf0bb13f2c8044101c0d0817c7e3a631feb31daafc45a9589c1626300a8e8fe" classname="com.github.traderjoe95.mls.protocol.group.TranscriptHashes" time="0.001"/>
  <testcase name="should generate a correct confirmed transcript hash from the interim transcript hash 6422afde43a87fd7a5dd336be45f88b4905f952c0cda4ed00e4f7b4fc292b267" classname="com.github.traderjoe95.mls.protocol.group.TranscriptHashes" time="0.0"/>
  <testcase name="should generate a correct interim transcript hash from the confirmation tag b526675c769c113136581b940cd748121355d2a4cdf7238045f0fd1a69b43509" classname="com.github.traderjoe95.mls.protocol.group.TranscriptHashes" time="0.0"/>
  <testcase name="should be able to verify a correct confirmation tag with a confirmation key of 45eb25e0f6024d7dca9a319bbb5d86d22d156613e6319507b54f4844f71bc858" classname="com.github.traderjoe95.mls.protocol.group.TranscriptHashes" time="0.0"/>
  <testcase name="should generate a correct confirmed transcript hash from the interim transcript hash 0a56a7ac12b2fdab74b9356d100f5458dbce550c1fe69d43283001496fd08901" classname="com.github.traderjoe95.mls.protocol.group.TranscriptHashes" time="0.0"/>
  <testcase name="should generate a correct interim transcript hash from the confirmation tag 43646bfab3e0513b627b89997a2c3192afec8c9b6e9ef839dbb5fc7c0b90c9cd" classname="com.github.traderjoe95.mls.protocol.group.TranscriptHashes" time="0.0"/>
  <testcase name="should be able to verify a correct confirmation tag with a confirmation key of 6f73a4eacc9f82ff919afd3d6ddbe0feb24f25badd39bcd94447f30bf6c1d296" classname="com.github.traderjoe95.mls.protocol.group.TranscriptHashes" time="0.0"/>
  <testcase name="should generate a correct confirmed transcript hash from the interim transcript hash 7189ac3c8ee8e63e01e0086b3b284e382c52db2c2de2120d66333a87e3c2a7fb" classname="com.github.traderjoe95.mls.protocol.group.TranscriptHashes" time="0.0"/>
  <testcase name="should generate a correct interim transcript hash from the confirmation tag 45fd7576efcd77a71ac6677d7d60a78a59349abdfa634aaebd2805dc3fa43374" classname="com.github.traderjoe95.mls.protocol.group.TranscriptHashes" time="0.0"/>
  <testcase name="should be able to verify a correct confirmation tag with a confirmation key of dba36f71716934f071b72fbe8d7a2cc226e3fc81490d88a9a0c91cffcc18667b4b97ecad4b2a0b3d85de08af0e1c1b152e9a60f45f6d3b8512b35949dc0cf9fe" classname="com.github.traderjoe95.mls.protocol.group.TranscriptHashes" time="0.0"/>
  <testcase name="should generate a correct confirmed transcript hash from the interim transcript hash 817d930807489c5338c69087bc43506f6a26b86ddb53635bb32b45a49a98e88959a35938262689f33ba673f902eeb7c59443565dac2cc9378bdb6e6e96432fda" classname="com.github.traderjoe95.mls.protocol.group.TranscriptHashes" time="0.0"/>
  <testcase name="should generate a correct interim transcript hash from the confirmation tag b2ce522a8d03bf5a3f3a0e6b3ec0a10f6d31fab3868e5aabff0f0fc75110d5fc8e5e89175a7443c9f4d0329c25147793a1aa857c055f137e1f79c75c9a6d04a2" classname="com.github.traderjoe95.mls.protocol.group.TranscriptHashes" time="0.0"/>
  <testcase name="should be able to verify a correct confirmation tag with a confirmation key of 7da5e857bd15be27e8402bddf7a0b0a017e93ae95d93fff9d6fc9a2beb27c427a0ede32c042d938c8d9bd78920df58b29857595f7dc7d1769a009960184efa84" classname="com.github.traderjoe95.mls.protocol.group.TranscriptHashes" time="0.0"/>
  <testcase name="should generate a correct confirmed transcript hash from the interim transcript hash 41cf1db3bb439937593660a8a690e4649f2fe2c8e13acf4e2fa6fae2c3b3d3eb1fde33e62842ca564d1edc797151be6dc7c939a5a79996c55d96be5c86b1f728" classname="com.github.traderjoe95.mls.protocol.group.TranscriptHashes" time="0.0"/>
  <testcase name="should generate a correct interim transcript hash from the confirmation tag 6373c71f023fb0cd95df53d5cb60127ff3aa457aa194b2e7a136ea0b937c002260a28957960211b5b85b8b75fadaa22d5616092f60a25ee7660787c0ed0f48ad" classname="com.github.traderjoe95.mls.protocol.group.TranscriptHashes" time="0.0"/>
  <testcase name="should be able to verify a correct confirmation tag with a confirmation key of 5517432725b5ced63b9426a6a8bf8d2fa418687900ca43d76a7703427d480af24e5ead9a0f1c1fdbd3771fdf4e1ed66ada5dab6ae243ea01472b6a8e83aaf733" classname="com.github.traderjoe95.mls.protocol.group.TranscriptHashes" time="0.0"/>
  <testcase name="should generate a correct confirmed transcript hash from the interim transcript hash 4367aba662819b19bbfe567492f5ff12dc5f06f773e06f66f08f031c3ca4198813ba7a72d4ce3163cf4cba131812ba0ea086be5ed52ac8c8d36e9d0e1a5bacc7" classname="com.github.traderjoe95.mls.protocol.group.TranscriptHashes" time="0.0"/>
  <testcase name="should generate a correct interim transcript hash from the confirmation tag e4a8d5aa4d9587d97b26065a434c13e6aa270c414d255c8729965f051bbb56d0e6da7541e90bafef69414a5f1ba58d065e1e6ac71a2d00ae0ad7fd7306946dbc" classname="com.github.traderjoe95.mls.protocol.group.TranscriptHashes" time="0.0"/>
  <testcase name="should be able to verify a correct confirmation tag with a confirmation key of 19a7977de4b428b376ae83619a3e15e611d7939a487ceabd1f924094e0c58ac5d7c5355d03616fe0076eeea5dfcf3b625bb8b4a7eebc4354a896e9167dd6189b" classname="com.github.traderjoe95.mls.protocol.group.TranscriptHashes" time="0.0"/>
  <testcase name="should generate a correct confirmed transcript hash from the interim transcript hash d677b850d195d818f8798b9ae99c46474256fa8e982512eca4f31a2caa42d30651926e46de998bf5b889fe885981944be7d68664220e27c37b9bea5afb96900d" classname="com.github.traderjoe95.mls.protocol.group.TranscriptHashes" time="0.0"/>
  <testcase name="should generate a correct interim transcript hash from the confirmation tag e2d4a5232e33de992eb881237f5ccc16c3efc7a7b94ef83d9e098021180398c6d678d4360faa0d82e4dbd243461ca2ce72cb6df68bc6b80a0bb510e385ca556f" classname="com.github.traderjoe95.mls.protocol.group.TranscriptHashes" time="0.0"/>
  <testcase name="should be able to verify a correct confirmation tag with a confirmation key of b3fbb1585bf63169bf62b481074e64e825443856e7d2fa9423e4904c3614320a311ba3f88324fd0dace96ab59ffca820787c74a800bcb4cc4ca414549ccd68c7" classname="com.github.traderjoe95.mls.protocol.group.TranscriptHashes" time="0.0"/>
  <testcase name="should generate a correct confirmed transcript hash from the interim transcript hash 33b97e89e3a6af01e6363be3ee5b65ed54ac6bf0e819575ce39d39dc8e84e4aefde0a43ae6317a56bf84d05a1ec87b775e91b68d2dcb5e6282b2bb03ff1b0554" classname="com.github.traderjoe95.mls.protocol.group.TranscriptHashes" time="0.0"/>
  <testcase name="should generate a correct interim transcript hash from the confirmation tag da60819cea3b7bf683767c2e9592ec3d6398c37d861728587ca6870c8e094b9aca370f87533e8ceee6d00929f507e4e5bcfd10bf7c60867be87c1055e5677ed2" classname="com.github.traderjoe95.mls.protocol.group.TranscriptHashes" time="0.0"/>
  <testcase name="should be able to verify a correct confirmation tag with a confirmation key of 1998cd4b4d4f47a270ccaaa983bee2822b9b74438072a9e3dc51ce3f6fe3b545d6df3fbbcb22ea87f08ca32ffde5f28280fc64b72fe5acd549777af268415992" classname="com.github.traderjoe95.mls.protocol.group.TranscriptHashes" time="0.001"/>
  <testcase name="should generate a correct confirmed transcript hash from the interim transcript hash 6dfded8ce7f48a37fefc13db937505c6a1f289c8568707806ae0fa7aaa1f6cfca5723ba1bfde2e5a7b68706c1fe4f49bf44ed1c2b938ca9916abbe4f35094541" classname="com.github.traderjoe95.mls.protocol.group.TranscriptHashes" time="0.0"/>
  <testcase name="should generate a correct interim transcript hash from the confirmation tag ada918b120e3dd40da5d33d875ba9359cd97ee58cb14f1bc1c5344dcb89df9047ce82ae519521bd6da2926c3ca939e997c282fcfcf989587cc6459036f272816" classname="com.github.traderjoe95.mls.protocol.group.TranscriptHashes" time="0.0"/>
  <testcase name="should be able to verify a correct confirmation tag with a confirmation key of 92c24eeb327550191152ee1a87fa7824e1bb293b57406c8b9b1897fb4a8dd00c23c03e8b37155a02bbf326161a374983" classname="com.github.traderjoe95.mls.protocol.group.TranscriptHashes" time="0.001"/>
  <testcase name="should generate a correct confirmed transcript hash from the interim transcript hash 7fdf11509f74014de36a3ba22db62e33845459da72c3e44f59674df36456e36a3d96473dd63318ca772a8eaada76808d" classname="com.github.traderjoe95.mls.protocol.group.TranscriptHashes" time="0.0"/>
  <testcase name="should generate a correct interim transcript hash from the confirmation tag 0ec2d58ef75efda6c2c7edd5f2e18d47da5d0a7e1d8afd4853664efdff16f1463a5dd4d4d3ae764bf6b908b488908883" classname="com.github.traderjoe95.mls.protocol.group.TranscriptHashes" time="0.0"/>
  <testcase name="should be able to verify a correct confirmation tag with a confirmation key of 6a416ef7eb2212a6a97a26a3c9ae6e98d3a8945e139f4b03332ebc9fa7df1ae2814593afb19a637cfd66b483b4ea41fb" classname="com.github.traderjoe95.mls.protocol.group.TranscriptHashes" time="0.0"/>
  <testcase name="should generate a correct confirmed transcript hash from the interim transcript hash 19cf1d9595243318f808ada8a88a481f275b24279d2e0e1f480ec1c90227854d341b80261680fe489a6c959a1bfb2ddf" classname="com.github.traderjoe95.mls.protocol.group.TranscriptHashes" time="0.0"/>
  <testcase name="should generate a correct interim transcript hash from the confirmation tag accd5bd00d6309415204be51617f3bc6eaf5ba514a9e823f6ef22ad2f9d11d78525e1f33d9cd0b1275bfdccc0df25abd" classname="com.github.traderjoe95.mls.protocol.group.TranscriptHashes" time="0.0"/>
  <system-out><![CDATA[]]></system-out>
  <system-err><![CDATA[]]></system-err>
</testsuite>
